<?xml version="1.0" encoding="UTF-8"?>
<testsuite xmlns:xsi="http://www.w3.org/2001/XMLSchema-instance" xsi:noNamespaceSchemaLocation="https://maven.apache.org/surefire/maven-surefire-plugin/xsd/surefire-test-report.xsd" name="org.apache.hadoop.ozone.client.rpc.TestBlockOutputStream" time="791.721" tests="6" errors="0" skipped="0" failures="4">
  <properties>
    <property name="awt.toolkit" value="sun.awt.X11.XToolkit"/>
    <property name="file.encoding.pkg" value="sun.io"/>
    <property name="java.specification.version" value="1.8"/>
    <property name="sun.cpu.isalist" value=""/>
    <property name="sun.jnu.encoding" value="UTF-8"/>
    <property name="java.class.path" value="/workdir/hadoop-ozone/integration-test/target/test-classes:/workdir/hadoop-ozone/integration-test/target/classes:/home/user/.m2/repository/org/apache/hadoop/hadoop-ozone-common/0.5.0-SNAPSHOT/hadoop-ozone-common-0.5.0-SNAPSHOT.jar:/home/user/.m2/repository/org/apache/commons/commons-compress/1.4.1/commons-compress-1.4.1.jar:/home/user/.m2/repository/org/tukaani/xz/1.0/xz-1.0.jar:/home/user/.m2/repository/org/apache/hadoop/hadoop-common/3.2.0/hadoop-common-3.2.0.jar:/home/user/.m2/repository/org/apache/hadoop/hadoop-hdfs/3.2.0/hadoop-hdfs-3.2.0.jar:/home/user/.m2/repository/org/apache/hadoop/hadoop-hdfs-client/3.2.0/hadoop-hdfs-client-3.2.0.jar:/home/user/.m2/repository/com/fasterxml/jackson/core/jackson-annotations/2.9.5/jackson-annotations-2.9.5.jar:/home/user/.m2/repository/org/apache/hadoop/hadoop-hdds-common/0.5.0-SNAPSHOT/hadoop-hdds-common-0.5.0-SNAPSHOT.jar:/home/user/.m2/repository/javax/annotation/javax.annotation-api/1.2/javax.annotation-api-1.2.jar:/home/user/.m2/repository/org/apache/ratis/ratis-server/0.4.0-78e95b9-SNAPSHOT/ratis-server-0.4.0-78e95b9-SNAPSHOT.jar:/home/user/.m2/repository/org/apache/ratis/ratis-thirdparty-misc/0.2.0/ratis-thirdparty-misc-0.2.0.jar:/home/user/.m2/repository/org/apache/ratis/ratis-proto/0.4.0-78e95b9-SNAPSHOT/ratis-proto-0.4.0-78e95b9-SNAPSHOT.jar:/home/user/.m2/repository/org/apache/ratis/ratis-common/0.4.0-78e95b9-SNAPSHOT/ratis-common-0.4.0-78e95b9-SNAPSHOT.jar:/home/user/.m2/repository/org/apache/ratis/ratis-client/0.4.0-78e95b9-SNAPSHOT/ratis-client-0.4.0-78e95b9-SNAPSHOT.jar:/home/user/.m2/repository/org/apache/ratis/ratis-metrics/0.4.0-78e95b9-SNAPSHOT/ratis-metrics-0.4.0-78e95b9-SNAPSHOT.jar:/home/user/.m2/repository/com/github/joshelser/dropwizard-metrics-hadoop-metrics2-reporter/0.1.2/dropwizard-metrics-hadoop-metrics2-reporter-0.1.2.jar:/home/user/.m2/repository/io/dropwizard/metrics/metrics-jvm/3.2.5/metrics-jvm-3.2.5.jar:/home/user/.m2/repository/io/dropwizard/metrics/metrics-ganglia/3.2.5/metrics-ganglia-3.2.5.jar:/home/user/.m2/repository/info/ganglia/gmetric4j/gmetric4j/1.0.7/gmetric4j-1.0.7.jar:/home/user/.m2/repository/org/apache/ratis/ratis-netty/0.4.0-78e95b9-SNAPSHOT/ratis-netty-0.4.0-78e95b9-SNAPSHOT.jar:/home/user/.m2/repository/org/apache/ratis/ratis-grpc/0.4.0-78e95b9-SNAPSHOT/ratis-grpc-0.4.0-78e95b9-SNAPSHOT.jar:/home/user/.m2/repository/org/rocksdb/rocksdbjni/6.0.1/rocksdbjni-6.0.1.jar:/home/user/.m2/repository/org/apache/logging/log4j/log4j-api/2.11.0/log4j-api-2.11.0.jar:/home/user/.m2/repository/org/apache/logging/log4j/log4j-core/2.11.0/log4j-core-2.11.0.jar:/home/user/.m2/repository/com/lmax/disruptor/3.4.2/disruptor-3.4.2.jar:/home/user/.m2/repository/org/apache/commons/commons-pool2/2.6.0/commons-pool2-2.6.0.jar:/home/user/.m2/repository/org/bouncycastle/bcpkix-jdk15on/1.60/bcpkix-jdk15on-1.60.jar:/home/user/.m2/repository/commons-validator/commons-validator/1.6/commons-validator-1.6.jar:/home/user/.m2/repository/commons-digester/commons-digester/1.8.1/commons-digester-1.8.1.jar:/home/user/.m2/repository/io/jaegertracing/jaeger-client/0.33.1/jaeger-client-0.33.1.jar:/home/user/.m2/repository/io/jaegertracing/jaeger-thrift/0.33.1/jaeger-thrift-0.33.1.jar:/home/user/.m2/repository/org/apache/thrift/libthrift/0.11.0/libthrift-0.11.0.jar:/home/user/.m2/repository/com/squareup/okhttp3/okhttp/3.9.0/okhttp-3.9.0.jar:/home/user/.m2/repository/com/squareup/okio/okio/1.13.0/okio-1.13.0.jar:/home/user/.m2/repository/io/jaegertracing/jaeger-core/0.33.1/jaeger-core-0.33.1.jar:/home/user/.m2/repository/io/jaegertracing/jaeger-tracerresolver/0.33.1/jaeger-tracerresolver-0.33.1.jar:/home/user/.m2/repository/io/opentracing/contrib/opentracing-tracerresolver/0.1.5/opentracing-tracerresolver-0.1.5.jar:/home/user/.m2/repository/io/opentracing/opentracing-util/0.31.0/opentracing-util-0.31.0.jar:/home/user/.m2/repository/io/opentracing/opentracing-api/0.31.0/opentracing-api-0.31.0.jar:/home/user/.m2/repository/io/opentracing/opentracing-noop/0.31.0/opentracing-noop-0.31.0.jar:/home/user/.m2/repository/org/apache/hadoop/hadoop-hdds-server-framework/0.5.0-SNAPSHOT/hadoop-hdds-server-framework-0.5.0-SNAPSHOT.jar:/home/user/.m2/repository/org/apache/hadoop/hadoop-hdds-container-service/0.5.0-SNAPSHOT/hadoop-hdds-container-service-0.5.0-SNAPSHOT.jar:/home/user/.m2/repository/org/apache/hadoop/hadoop-hdds-client/0.5.0-SNAPSHOT/hadoop-hdds-client-0.5.0-SNAPSHOT.jar:/home/user/.m2/repository/org/apache/hadoop/hadoop-hdds-tools/0.5.0-SNAPSHOT/hadoop-hdds-tools-0.5.0-SNAPSHOT.jar:/home/user/.m2/repository/org/apache/hadoop/hadoop-hdds-server-scm/0.5.0-SNAPSHOT/hadoop-hdds-server-scm-0.5.0-SNAPSHOT.jar:/home/user/.m2/repository/org/apache/hadoop/hadoop-hdds-docs/0.5.0-SNAPSHOT/hadoop-hdds-docs-0.5.0-SNAPSHOT.jar:/home/user/.m2/repository/io/dropwizard/metrics/metrics-core/3.2.4/metrics-core-3.2.4.jar:/home/user/.m2/repository/org/hamcrest/hamcrest-all/1.3/hamcrest-all-1.3.jar:/home/user/.m2/repository/org/bouncycastle/bcprov-jdk15on/1.60/bcprov-jdk15on-1.60.jar:/home/user/.m2/repository/info/picocli/picocli/3.9.6/picocli-3.9.6.jar:/home/user/.m2/repository/com/google/protobuf/protobuf-java/2.5.0/protobuf-java-2.5.0.jar:/home/user/.m2/repository/com/google/guava/guava/11.0.2/guava-11.0.2.jar:/home/user/.m2/repository/org/apache/hadoop/hadoop-ozone-ozone-manager/0.5.0-SNAPSHOT/hadoop-ozone-ozone-manager-0.5.0-SNAPSHOT.jar:/home/user/.m2/repository/org/apache/hadoop/hadoop-minikdc/3.2.0/hadoop-minikdc-3.2.0.jar:/home/user/.m2/repository/commons-io/commons-io/2.5/commons-io-2.5.jar:/home/user/.m2/repository/org/apache/kerby/kerb-simplekdc/1.0.1/kerb-simplekdc-1.0.1.jar:/home/user/.m2/repository/org/apache/kerby/kerb-client/1.0.1/kerb-client-1.0.1.jar:/home/user/.m2/repository/org/apache/kerby/kerby-config/1.0.1/kerby-config-1.0.1.jar:/home/user/.m2/repository/org/apache/kerby/kerb-core/1.0.1/kerb-core-1.0.1.jar:/home/user/.m2/repository/org/apache/kerby/kerby-pkix/1.0.1/kerby-pkix-1.0.1.jar:/home/user/.m2/repository/org/apache/kerby/kerby-asn1/1.0.1/kerby-asn1-1.0.1.jar:/home/user/.m2/repository/org/apache/kerby/kerby-util/1.0.1/kerby-util-1.0.1.jar:/home/user/.m2/repository/org/apache/kerby/kerb-common/1.0.1/kerb-common-1.0.1.jar:/home/user/.m2/repository/org/apache/kerby/kerb-crypto/1.0.1/kerb-crypto-1.0.1.jar:/home/user/.m2/repository/org/apache/kerby/kerb-util/1.0.1/kerb-util-1.0.1.jar:/home/user/.m2/repository/org/apache/kerby/token-provider/1.0.1/token-provider-1.0.1.jar:/home/user/.m2/repository/org/apache/kerby/kerb-admin/1.0.1/kerb-admin-1.0.1.jar:/home/user/.m2/repository/org/apache/kerby/kerb-server/1.0.1/kerb-server-1.0.1.jar:/home/user/.m2/repository/org/apache/kerby/kerb-identity/1.0.1/kerb-identity-1.0.1.jar:/home/user/.m2/repository/org/apache/kerby/kerby-xdr/1.0.1/kerby-xdr-1.0.1.jar:/home/user/.m2/repository/org/slf4j/slf4j-log4j12/1.7.25/slf4j-log4j12-1.7.25.jar:/home/user/.m2/repository/org/apache/hadoop/hadoop-ozone-s3gateway/0.5.0-SNAPSHOT/hadoop-ozone-s3gateway-0.5.0-SNAPSHOT.jar:/home/user/.m2/repository/org/jboss/weld/servlet/weld-servlet/2.4.7.Final/weld-servlet-2.4.7.Final.jar:/home/user/.m2/repository/org/glassfish/jersey/containers/jersey-container-servlet-core/2.27/jersey-container-servlet-core-2.27.jar:/home/user/.m2/repository/org/glassfish/hk2/external/javax.inject/2.5.0-b42/javax.inject-2.5.0-b42.jar:/home/user/.m2/repository/org/glassfish/jersey/core/jersey-common/2.27/jersey-common-2.27.jar:/home/user/.m2/repository/org/glassfish/hk2/osgi-resource-locator/1.0.1/osgi-resource-locator-1.0.1.jar:/home/user/.m2/repository/javax/ws/rs/javax.ws.rs-api/2.1/javax.ws.rs-api-2.1.jar:/home/user/.m2/repository/org/glassfish/jersey/ext/cdi/jersey-cdi1x/2.27/jersey-cdi1x-2.27.jar:/home/user/.m2/repository/org/glassfish/jersey/inject/jersey-hk2/2.27/jersey-hk2-2.27.jar:/home/user/.m2/repository/org/glassfish/hk2/hk2-locator/2.5.0-b42/hk2-locator-2.5.0-b42.jar:/home/user/.m2/repository/org/javassist/javassist/3.22.0-CR2/javassist-3.22.0-CR2.jar:/home/user/.m2/repository/org/glassfish/hk2/hk2-api/2.5.0/hk2-api-2.5.0.jar:/home/user/.m2/repository/org/glassfish/hk2/external/jakarta.inject/2.5.0/jakarta.inject-2.5.0.jar:/home/user/.m2/repository/org/glassfish/hk2/hk2-utils/2.5.0/hk2-utils-2.5.0.jar:/home/user/.m2/repository/jakarta/annotation/jakarta.annotation-api/1.3.4/jakarta.annotation-api-1.3.4.jar:/home/user/.m2/repository/org/glassfish/hk2/external/aopalliance-repackaged/2.5.0/aopalliance-repackaged-2.5.0.jar:/home/user/.m2/repository/com/fasterxml/jackson/dataformat/jackson-dataformat-xml/2.9.0/jackson-dataformat-xml-2.9.0.jar:/home/user/.m2/repository/com/fasterxml/jackson/core/jackson-core/2.9.5/jackson-core-2.9.5.jar:/home/user/.m2/repository/com/fasterxml/jackson/module/jackson-module-jaxb-annotations/2.9.5/jackson-module-jaxb-annotations-2.9.5.jar:/home/user/.m2/repository/javax/enterprise/cdi-api/1.2/cdi-api-1.2.jar:/home/user/.m2/repository/javax/el/javax.el-api/3.0.0/javax.el-api-3.0.0.jar:/home/user/.m2/repository/javax/interceptor/javax.interceptor-api/1.2/javax.interceptor-api-1.2.jar:/home/user/.m2/repository/javax/inject/javax.inject/1/javax.inject-1.jar:/home/user/.m2/repository/com/sun/xml/bind/jaxb-impl/2.3.0.1/jaxb-impl-2.3.0.1.jar:/home/user/.m2/repository/com/sun/xml/bind/jaxb-core/2.3.0.1/jaxb-core-2.3.0.1.jar:/home/user/.m2/repository/javax/xml/bind/jaxb-api/2.3.0/jaxb-api-2.3.0.jar:/home/user/.m2/repository/javax/activation/activation/1.1.1/activation-1.1.1.jar:/home/user/.m2/repository/org/apache/hadoop/hadoop-ozone-csi/0.5.0-SNAPSHOT/hadoop-ozone-csi-0.5.0-SNAPSHOT.jar:/home/user/.m2/repository/com/google/protobuf/protobuf-java-util/3.5.1/protobuf-java-util-3.5.1.jar:/home/user/.m2/repository/org/apache/hadoop/hadoop-hdds-config/0.5.0-SNAPSHOT/hadoop-hdds-config-0.5.0-SNAPSHOT.jar:/home/user/.m2/repository/io/grpc/grpc-netty/1.17.1/grpc-netty-1.17.1.jar:/home/user/.m2/repository/io/grpc/grpc-core/1.17.1/grpc-core-1.17.1.jar:/home/user/.m2/repository/io/grpc/grpc-context/1.17.1/grpc-context-1.17.1.jar:/home/user/.m2/repository/com/google/errorprone/error_prone_annotations/2.2.0/error_prone_annotations-2.2.0.jar:/home/user/.m2/repository/org/codehaus/mojo/animal-sniffer-annotations/1.17/animal-sniffer-annotations-1.17.jar:/home/user/.m2/repository/io/opencensus/opencensus-api/0.17.0/opencensus-api-0.17.0.jar:/home/user/.m2/repository/io/opencensus/opencensus-contrib-grpc-metrics/0.17.0/opencensus-contrib-grpc-metrics-0.17.0.jar:/home/user/.m2/repository/io/netty/netty-codec-http2/4.1.30.Final/netty-codec-http2-4.1.30.Final.jar:/home/user/.m2/repository/io/netty/netty-codec-http/4.1.30.Final/netty-codec-http-4.1.30.Final.jar:/home/user/.m2/repository/io/netty/netty-codec/4.1.30.Final/netty-codec-4.1.30.Final.jar:/home/user/.m2/repository/io/netty/netty-handler/4.1.30.Final/netty-handler-4.1.30.Final.jar:/home/user/.m2/repository/io/netty/netty-handler-proxy/4.1.30.Final/netty-handler-proxy-4.1.30.Final.jar:/home/user/.m2/repository/io/netty/netty-codec-socks/4.1.30.Final/netty-codec-socks-4.1.30.Final.jar:/home/user/.m2/repository/io/netty/netty-transport-native-epoll/4.1.30.Final/netty-transport-native-epoll-4.1.30.Final.jar:/home/user/.m2/repository/io/netty/netty-common/4.1.30.Final/netty-common-4.1.30.Final.jar:/home/user/.m2/repository/io/netty/netty-buffer/4.1.30.Final/netty-buffer-4.1.30.Final.jar:/home/user/.m2/repository/io/netty/netty-transport/4.1.30.Final/netty-transport-4.1.30.Final.jar:/home/user/.m2/repository/io/netty/netty-resolver/4.1.30.Final/netty-resolver-4.1.30.Final.jar:/home/user/.m2/repository/io/netty/netty-transport-native-unix-common/4.1.30.Final/netty-transport-native-unix-common-4.1.30.Final.jar:/home/user/.m2/repository/io/grpc/grpc-protobuf/1.17.1/grpc-protobuf-1.17.1.jar:/home/user/.m2/repository/com/google/api/grpc/proto-google-common-protos/1.0.0/proto-google-common-protos-1.0.0.jar:/home/user/.m2/repository/io/grpc/grpc-protobuf-lite/1.17.1/grpc-protobuf-lite-1.17.1.jar:/home/user/.m2/repository/io/grpc/grpc-stub/1.17.1/grpc-stub-1.17.1.jar:/home/user/.m2/repository/org/apache/hadoop/hadoop-ozone-recon/0.5.0-SNAPSHOT/hadoop-ozone-recon-0.5.0-SNAPSHOT.jar:/home/user/.m2/repository/org/apache/hadoop/hadoop-ozone-reconcodegen/0.5.0-SNAPSHOT/hadoop-ozone-reconcodegen-0.5.0-SNAPSHOT.jar:/home/user/.m2/repository/com/google/inject/extensions/guice-multibindings/4.0/guice-multibindings-4.0.jar:/home/user/.m2/repository/com/google/inject/guice/4.0/guice-4.0.jar:/home/user/.m2/repository/aopalliance/aopalliance/1.0/aopalliance-1.0.jar:/home/user/.m2/repository/com/google/inject/extensions/guice-servlet/4.0/guice-servlet-4.0.jar:/home/user/.m2/repository/org/glassfish/jersey/containers/jersey-container-servlet/2.27/jersey-container-servlet-2.27.jar:/home/user/.m2/repository/org/glassfish/hk2/guice-bridge/2.5.0/guice-bridge-2.5.0.jar:/home/user/.m2/repository/org/glassfish/jersey/core/jersey-server/2.27/jersey-server-2.27.jar:/home/user/.m2/repository/org/glassfish/jersey/core/jersey-client/2.27/jersey-client-2.27.jar:/home/user/.m2/repository/org/glassfish/jersey/media/jersey-media-jaxb/2.27/jersey-media-jaxb-2.27.jar:/home/user/.m2/repository/javax/validation/validation-api/1.1.0.Final/validation-api-1.1.0.Final.jar:/home/user/.m2/repository/org/glassfish/jersey/media/jersey-media-json-jackson/2.27/jersey-media-json-jackson-2.27.jar:/home/user/.m2/repository/org/glassfish/jersey/ext/jersey-entity-filtering/2.27/jersey-entity-filtering-2.27.jar:/home/user/.m2/repository/com/google/inject/extensions/guice-assistedinject/4.0/guice-assistedinject-4.0.jar:/home/user/.m2/repository/org/jooq/jooq/3.11.10/jooq-3.11.10.jar:/home/user/.m2/repository/org/jooq/jooq-meta/3.11.10/jooq-meta-3.11.10.jar:/home/user/.m2/repository/org/jooq/jooq-codegen/3.11.10/jooq-codegen-3.11.10.jar:/home/user/.m2/repository/com/jolbox/bonecp/0.8.0.RELEASE/bonecp-0.8.0.RELEASE.jar:/home/user/.m2/repository/org/xerial/sqlite-jdbc/3.25.2/sqlite-jdbc-3.25.2.jar:/home/user/.m2/repository/org/springframework/spring-jdbc/5.1.3.RELEASE/spring-jdbc-5.1.3.RELEASE.jar:/home/user/.m2/repository/org/springframework/spring-beans/5.1.3.RELEASE/spring-beans-5.1.3.RELEASE.jar:/home/user/.m2/repository/org/springframework/spring-core/5.1.3.RELEASE/spring-core-5.1.3.RELEASE.jar:/home/user/.m2/repository/org/springframework/spring-jcl/5.1.3.RELEASE/spring-jcl-5.1.3.RELEASE.jar:/home/user/.m2/repository/org/springframework/spring-tx/5.1.3.RELEASE/spring-tx-5.1.3.RELEASE.jar:/home/user/.m2/repository/org/apache/hadoop/hadoop-ozone-client/0.5.0-SNAPSHOT/hadoop-ozone-client-0.5.0-SNAPSHOT.jar:/home/user/.m2/repository/commons-lang/commons-lang/2.6/commons-lang-2.6.jar:/home/user/.m2/repository/org/apache/hadoop/hadoop-ozone-ozone-manager/0.5.0-SNAPSHOT/hadoop-ozone-ozone-manager-0.5.0-SNAPSHOT-tests.jar:/home/user/.m2/repository/junit/junit/4.11/junit-4.11.jar:/home/user/.m2/repository/org/hamcrest/hamcrest-core/1.3/hamcrest-core-1.3.jar:/home/user/.m2/repository/org/openjdk/jmh/jmh-core/1.19/jmh-core-1.19.jar:/home/user/.m2/repository/net/sf/jopt-simple/jopt-simple/4.6/jopt-simple-4.6.jar:/home/user/.m2/repository/org/apache/commons/commons-math3/3.1.1/commons-math3-3.1.1.jar:/home/user/.m2/repository/org/openjdk/jmh/jmh-generator-annprocess/1.19/jmh-generator-annprocess-1.19.jar:/home/user/.m2/repository/org/mockito/mockito-all/1.8.5/mockito-all-1.8.5.jar:/home/user/.m2/repository/org/apache/hadoop/hadoop-kms/3.2.0/hadoop-kms-3.2.0.jar:/home/user/.m2/repository/org/apache/hadoop/hadoop-auth/3.2.0/hadoop-auth-3.2.0.jar:/home/user/.m2/repository/com/nimbusds/nimbus-jose-jwt/4.41.1/nimbus-jose-jwt-4.41.1.jar:/home/user/.m2/repository/com/github/stephenc/jcip/jcip-annotations/1.0-1/jcip-annotations-1.0-1.jar:/home/user/.m2/repository/net/minidev/json-smart/2.3/json-smart-2.3.jar:/home/user/.m2/repository/net/minidev/accessors-smart/1.2/accessors-smart-1.2.jar:/home/user/.m2/repository/org/ow2/asm/asm/5.0.4/asm-5.0.4.jar:/home/user/.m2/repository/org/apache/curator/curator-framework/2.12.0/curator-framework-2.12.0.jar:/home/user/.m2/repository/com/sun/jersey/jersey-core/1.19/jersey-core-1.19.jar:/home/user/.m2/repository/javax/ws/rs/jsr311-api/1.1.1/jsr311-api-1.1.1.jar:/home/user/.m2/repository/com/sun/jersey/jersey-server/1.19/jersey-server-1.19.jar:/home/user/.m2/repository/javax/servlet/javax.servlet-api/3.1.0/javax.servlet-api-3.1.0.jar:/home/user/.m2/repository/org/eclipse/jetty/jetty-server/9.3.24.v20180605/jetty-server-9.3.24.v20180605.jar:/home/user/.m2/repository/org/eclipse/jetty/jetty-http/9.3.24.v20180605/jetty-http-9.3.24.v20180605.jar:/home/user/.m2/repository/org/eclipse/jetty/jetty-io/9.3.24.v20180605/jetty-io-9.3.24.v20180605.jar:/home/user/.m2/repository/org/eclipse/jetty/jetty-webapp/9.3.24.v20180605/jetty-webapp-9.3.24.v20180605.jar:/home/user/.m2/repository/org/eclipse/jetty/jetty-xml/9.3.24.v20180605/jetty-xml-9.3.24.v20180605.jar:/home/user/.m2/repository/log4j/log4j/1.2.17/log4j-1.2.17.jar:/home/user/.m2/repository/org/slf4j/slf4j-api/1.7.25/slf4j-api-1.7.25.jar:/home/user/.m2/repository/org/slf4j/jul-to-slf4j/1.7.25/jul-to-slf4j-1.7.25.jar:/home/user/.m2/repository/org/eclipse/jetty/jetty-util/9.3.24.v20180605/jetty-util-9.3.24.v20180605.jar:/home/user/.m2/repository/com/fasterxml/jackson/core/jackson-databind/2.9.5/jackson-databind-2.9.5.jar:/home/user/.m2/repository/org/apache/hadoop/hadoop-kms/3.2.0/hadoop-kms-3.2.0-tests.jar:/home/user/.m2/repository/org/apache/hadoop/hadoop-hdds-server-scm/0.5.0-SNAPSHOT/hadoop-hdds-server-scm-0.5.0-SNAPSHOT-tests.jar:/home/user/.m2/repository/org/apache/hadoop/hadoop-hdds-container-service/0.5.0-SNAPSHOT/hadoop-hdds-container-service-0.5.0-SNAPSHOT-tests.jar:/home/user/.m2/repository/org/yaml/snakeyaml/1.16/snakeyaml-1.16.jar:/home/user/.m2/repository/org/apache/hadoop/hadoop-common/3.2.0/hadoop-common-3.2.0-tests.jar:/home/user/.m2/repository/org/apache/hadoop/hadoop-annotations/3.2.0/hadoop-annotations-3.2.0.jar:/usr/lib/jvm/java-1.8-openjdk/jre/../lib/tools.jar:/home/user/.m2/repository/commons-cli/commons-cli/1.2/commons-cli-1.2.jar:/home/user/.m2/repository/org/apache/httpcomponents/httpclient/4.5.2/httpclient-4.5.2.jar:/home/user/.m2/repository/org/apache/httpcomponents/httpcore/4.4.4/httpcore-4.4.4.jar:/home/user/.m2/repository/commons-codec/commons-codec/1.11/commons-codec-1.11.jar:/home/user/.m2/repository/commons-net/commons-net/3.6/commons-net-3.6.jar:/home/user/.m2/repository/commons-collections/commons-collections/3.2.2/commons-collections-3.2.2.jar:/home/user/.m2/repository/org/eclipse/jetty/jetty-servlet/9.3.24.v20180605/jetty-servlet-9.3.24.v20180605.jar:/home/user/.m2/repository/org/eclipse/jetty/jetty-security/9.3.24.v20180605/jetty-security-9.3.24.v20180605.jar:/home/user/.m2/repository/javax/servlet/jsp/jsp-api/2.1/jsp-api-2.1.jar:/home/user/.m2/repository/com/sun/jersey/jersey-servlet/1.19/jersey-servlet-1.19.jar:/home/user/.m2/repository/com/sun/jersey/jersey-json/1.19/jersey-json-1.19.jar:/home/user/.m2/repository/org/codehaus/jettison/jettison/1.1/jettison-1.1.jar:/home/user/.m2/repository/org/codehaus/jackson/jackson-core-asl/1.9.13/jackson-core-asl-1.9.13.jar:/home/user/.m2/repository/org/codehaus/jackson/jackson-mapper-asl/1.9.13/jackson-mapper-asl-1.9.13.jar:/home/user/.m2/repository/org/codehaus/jackson/jackson-jaxrs/1.9.13/jackson-jaxrs-1.9.13.jar:/home/user/.m2/repository/org/codehaus/jackson/jackson-xc/1.9.13/jackson-xc-1.9.13.jar:/home/user/.m2/repository/commons-logging/commons-logging/1.1.3/commons-logging-1.1.3.jar:/home/user/.m2/repository/commons-beanutils/commons-beanutils/1.9.3/commons-beanutils-1.9.3.jar:/home/user/.m2/repository/org/apache/commons/commons-configuration2/2.1.1/commons-configuration2-2.1.1.jar:/home/user/.m2/repository/org/apache/commons/commons-lang3/3.7/commons-lang3-3.7.jar:/home/user/.m2/repository/org/apache/commons/commons-text/1.4/commons-text-1.4.jar:/home/user/.m2/repository/org/apache/avro/avro/1.7.7/avro-1.7.7.jar:/home/user/.m2/repository/com/thoughtworks/paranamer/paranamer/2.3/paranamer-2.3.jar:/home/user/.m2/repository/org/xerial/snappy/snappy-java/1.0.5/snappy-java-1.0.5.jar:/home/user/.m2/repository/com/google/re2j/re2j/1.1/re2j-1.1.jar:/home/user/.m2/repository/com/google/code/gson/gson/2.2.4/gson-2.2.4.jar:/home/user/.m2/repository/com/jcraft/jsch/0.1.54/jsch-0.1.54.jar:/home/user/.m2/repository/org/apache/curator/curator-client/2.12.0/curator-client-2.12.0.jar:/home/user/.m2/repository/org/apache/curator/curator-recipes/2.12.0/curator-recipes-2.12.0.jar:/home/user/.m2/repository/com/google/code/findbugs/jsr305/3.0.0/jsr305-3.0.0.jar:/home/user/.m2/repository/org/apache/htrace/htrace-core4/4.1.0-incubating/htrace-core4-4.1.0-incubating.jar:/home/user/.m2/repository/org/apache/zookeeper/zookeeper/3.4.13/zookeeper-3.4.13.jar:/home/user/.m2/repository/org/apache/yetus/audience-annotations/0.5.0/audience-annotations-0.5.0.jar:/home/user/.m2/repository/org/codehaus/woodstox/stax2-api/3.1.4/stax2-api-3.1.4.jar:/home/user/.m2/repository/com/fasterxml/woodstox/woodstox-core/5.0.3/woodstox-core-5.0.3.jar:/home/user/.m2/repository/dnsjava/dnsjava/2.1.7/dnsjava-2.1.7.jar:/home/user/.m2/repository/org/apache/hadoop/hadoop-hdfs/3.2.0/hadoop-hdfs-3.2.0-tests.jar:/home/user/.m2/repository/org/eclipse/jetty/jetty-util-ajax/9.3.24.v20180605/jetty-util-ajax-9.3.24.v20180605.jar:/home/user/.m2/repository/commons-daemon/commons-daemon/1.0.13/commons-daemon-1.0.13.jar:/home/user/.m2/repository/io/netty/netty/3.10.5.Final/netty-3.10.5.Final.jar:/home/user/.m2/repository/io/netty/netty-all/4.0.52.Final/netty-all-4.0.52.Final.jar:/home/user/.m2/repository/org/fusesource/leveldbjni/leveldbjni-all/1.8/leveldbjni-all-1.8.jar:"/>
    <property name="java.vm.vendor" value="IcedTea"/>
    <property name="sun.arch.data.model" value="64"/>
    <property name="test.build.dir" value="/workdir/hadoop-ozone/integration-test/target/test-dir"/>
    <property name="test.cache.data" value=""/>
    <property name="java.vendor.url" value="https://icedtea.classpath.org"/>
    <property name="user.timezone" value=""/>
    <property name="java.vm.specification.version" value="1.8"/>
    <property name="os.name" value="Linux"/>
    <property name="test.build.data" value="/workdir/hadoop-ozone/integration-test/target/test-dir"/>
    <property name="user.country" value="US"/>
    <property name="sun.java.launcher" value="SUN_STANDARD"/>
    <property name="sun.boot.library.path" value="/usr/lib/jvm/java-1.8-openjdk/jre/lib/amd64"/>
    <property name="sun.java.command" value="/workdir/hadoop-ozone/integration-test/target/surefire/surefirebooter8021330643596565032.jar /workdir/hadoop-ozone/integration-test/target/surefire 2019-09-12T05-13-24_692-jvmRun1 surefire6064601748889041698tmp surefire_396211227828656351588tmp"/>
    <property name="test" value="!TestMiniChaosOzoneCluster"/>
    <property name="surefire.test.class.path" value="/workdir/hadoop-ozone/integration-test/target/test-classes:/workdir/hadoop-ozone/integration-test/target/classes:/home/user/.m2/repository/org/apache/hadoop/hadoop-ozone-common/0.5.0-SNAPSHOT/hadoop-ozone-common-0.5.0-SNAPSHOT.jar:/home/user/.m2/repository/org/apache/commons/commons-compress/1.4.1/commons-compress-1.4.1.jar:/home/user/.m2/repository/org/tukaani/xz/1.0/xz-1.0.jar:/home/user/.m2/repository/org/apache/hadoop/hadoop-common/3.2.0/hadoop-common-3.2.0.jar:/home/user/.m2/repository/org/apache/hadoop/hadoop-hdfs/3.2.0/hadoop-hdfs-3.2.0.jar:/home/user/.m2/repository/org/apache/hadoop/hadoop-hdfs-client/3.2.0/hadoop-hdfs-client-3.2.0.jar:/home/user/.m2/repository/com/fasterxml/jackson/core/jackson-annotations/2.9.5/jackson-annotations-2.9.5.jar:/home/user/.m2/repository/org/apache/hadoop/hadoop-hdds-common/0.5.0-SNAPSHOT/hadoop-hdds-common-0.5.0-SNAPSHOT.jar:/home/user/.m2/repository/javax/annotation/javax.annotation-api/1.2/javax.annotation-api-1.2.jar:/home/user/.m2/repository/org/apache/ratis/ratis-server/0.4.0-78e95b9-SNAPSHOT/ratis-server-0.4.0-78e95b9-SNAPSHOT.jar:/home/user/.m2/repository/org/apache/ratis/ratis-thirdparty-misc/0.2.0/ratis-thirdparty-misc-0.2.0.jar:/home/user/.m2/repository/org/apache/ratis/ratis-proto/0.4.0-78e95b9-SNAPSHOT/ratis-proto-0.4.0-78e95b9-SNAPSHOT.jar:/home/user/.m2/repository/org/apache/ratis/ratis-common/0.4.0-78e95b9-SNAPSHOT/ratis-common-0.4.0-78e95b9-SNAPSHOT.jar:/home/user/.m2/repository/org/apache/ratis/ratis-client/0.4.0-78e95b9-SNAPSHOT/ratis-client-0.4.0-78e95b9-SNAPSHOT.jar:/home/user/.m2/repository/org/apache/ratis/ratis-metrics/0.4.0-78e95b9-SNAPSHOT/ratis-metrics-0.4.0-78e95b9-SNAPSHOT.jar:/home/user/.m2/repository/com/github/joshelser/dropwizard-metrics-hadoop-metrics2-reporter/0.1.2/dropwizard-metrics-hadoop-metrics2-reporter-0.1.2.jar:/home/user/.m2/repository/io/dropwizard/metrics/metrics-jvm/3.2.5/metrics-jvm-3.2.5.jar:/home/user/.m2/repository/io/dropwizard/metrics/metrics-ganglia/3.2.5/metrics-ganglia-3.2.5.jar:/home/user/.m2/repository/info/ganglia/gmetric4j/gmetric4j/1.0.7/gmetric4j-1.0.7.jar:/home/user/.m2/repository/org/apache/ratis/ratis-netty/0.4.0-78e95b9-SNAPSHOT/ratis-netty-0.4.0-78e95b9-SNAPSHOT.jar:/home/user/.m2/repository/org/apache/ratis/ratis-grpc/0.4.0-78e95b9-SNAPSHOT/ratis-grpc-0.4.0-78e95b9-SNAPSHOT.jar:/home/user/.m2/repository/org/rocksdb/rocksdbjni/6.0.1/rocksdbjni-6.0.1.jar:/home/user/.m2/repository/org/apache/logging/log4j/log4j-api/2.11.0/log4j-api-2.11.0.jar:/home/user/.m2/repository/org/apache/logging/log4j/log4j-core/2.11.0/log4j-core-2.11.0.jar:/home/user/.m2/repository/com/lmax/disruptor/3.4.2/disruptor-3.4.2.jar:/home/user/.m2/repository/org/apache/commons/commons-pool2/2.6.0/commons-pool2-2.6.0.jar:/home/user/.m2/repository/org/bouncycastle/bcpkix-jdk15on/1.60/bcpkix-jdk15on-1.60.jar:/home/user/.m2/repository/commons-validator/commons-validator/1.6/commons-validator-1.6.jar:/home/user/.m2/repository/commons-digester/commons-digester/1.8.1/commons-digester-1.8.1.jar:/home/user/.m2/repository/io/jaegertracing/jaeger-client/0.33.1/jaeger-client-0.33.1.jar:/home/user/.m2/repository/io/jaegertracing/jaeger-thrift/0.33.1/jaeger-thrift-0.33.1.jar:/home/user/.m2/repository/org/apache/thrift/libthrift/0.11.0/libthrift-0.11.0.jar:/home/user/.m2/repository/com/squareup/okhttp3/okhttp/3.9.0/okhttp-3.9.0.jar:/home/user/.m2/repository/com/squareup/okio/okio/1.13.0/okio-1.13.0.jar:/home/user/.m2/repository/io/jaegertracing/jaeger-core/0.33.1/jaeger-core-0.33.1.jar:/home/user/.m2/repository/io/jaegertracing/jaeger-tracerresolver/0.33.1/jaeger-tracerresolver-0.33.1.jar:/home/user/.m2/repository/io/opentracing/contrib/opentracing-tracerresolver/0.1.5/opentracing-tracerresolver-0.1.5.jar:/home/user/.m2/repository/io/opentracing/opentracing-util/0.31.0/opentracing-util-0.31.0.jar:/home/user/.m2/repository/io/opentracing/opentracing-api/0.31.0/opentracing-api-0.31.0.jar:/home/user/.m2/repository/io/opentracing/opentracing-noop/0.31.0/opentracing-noop-0.31.0.jar:/home/user/.m2/repository/org/apache/hadoop/hadoop-hdds-server-framework/0.5.0-SNAPSHOT/hadoop-hdds-server-framework-0.5.0-SNAPSHOT.jar:/home/user/.m2/repository/org/apache/hadoop/hadoop-hdds-container-service/0.5.0-SNAPSHOT/hadoop-hdds-container-service-0.5.0-SNAPSHOT.jar:/home/user/.m2/repository/org/apache/hadoop/hadoop-hdds-client/0.5.0-SNAPSHOT/hadoop-hdds-client-0.5.0-SNAPSHOT.jar:/home/user/.m2/repository/org/apache/hadoop/hadoop-hdds-tools/0.5.0-SNAPSHOT/hadoop-hdds-tools-0.5.0-SNAPSHOT.jar:/home/user/.m2/repository/org/apache/hadoop/hadoop-hdds-server-scm/0.5.0-SNAPSHOT/hadoop-hdds-server-scm-0.5.0-SNAPSHOT.jar:/home/user/.m2/repository/org/apache/hadoop/hadoop-hdds-docs/0.5.0-SNAPSHOT/hadoop-hdds-docs-0.5.0-SNAPSHOT.jar:/home/user/.m2/repository/io/dropwizard/metrics/metrics-core/3.2.4/metrics-core-3.2.4.jar:/home/user/.m2/repository/org/hamcrest/hamcrest-all/1.3/hamcrest-all-1.3.jar:/home/user/.m2/repository/org/bouncycastle/bcprov-jdk15on/1.60/bcprov-jdk15on-1.60.jar:/home/user/.m2/repository/info/picocli/picocli/3.9.6/picocli-3.9.6.jar:/home/user/.m2/repository/com/google/protobuf/protobuf-java/2.5.0/protobuf-java-2.5.0.jar:/home/user/.m2/repository/com/google/guava/guava/11.0.2/guava-11.0.2.jar:/home/user/.m2/repository/org/apache/hadoop/hadoop-ozone-ozone-manager/0.5.0-SNAPSHOT/hadoop-ozone-ozone-manager-0.5.0-SNAPSHOT.jar:/home/user/.m2/repository/org/apache/hadoop/hadoop-minikdc/3.2.0/hadoop-minikdc-3.2.0.jar:/home/user/.m2/repository/commons-io/commons-io/2.5/commons-io-2.5.jar:/home/user/.m2/repository/org/apache/kerby/kerb-simplekdc/1.0.1/kerb-simplekdc-1.0.1.jar:/home/user/.m2/repository/org/apache/kerby/kerb-client/1.0.1/kerb-client-1.0.1.jar:/home/user/.m2/repository/org/apache/kerby/kerby-config/1.0.1/kerby-config-1.0.1.jar:/home/user/.m2/repository/org/apache/kerby/kerb-core/1.0.1/kerb-core-1.0.1.jar:/home/user/.m2/repository/org/apache/kerby/kerby-pkix/1.0.1/kerby-pkix-1.0.1.jar:/home/user/.m2/repository/org/apache/kerby/kerby-asn1/1.0.1/kerby-asn1-1.0.1.jar:/home/user/.m2/repository/org/apache/kerby/kerby-util/1.0.1/kerby-util-1.0.1.jar:/home/user/.m2/repository/org/apache/kerby/kerb-common/1.0.1/kerb-common-1.0.1.jar:/home/user/.m2/repository/org/apache/kerby/kerb-crypto/1.0.1/kerb-crypto-1.0.1.jar:/home/user/.m2/repository/org/apache/kerby/kerb-util/1.0.1/kerb-util-1.0.1.jar:/home/user/.m2/repository/org/apache/kerby/token-provider/1.0.1/token-provider-1.0.1.jar:/home/user/.m2/repository/org/apache/kerby/kerb-admin/1.0.1/kerb-admin-1.0.1.jar:/home/user/.m2/repository/org/apache/kerby/kerb-server/1.0.1/kerb-server-1.0.1.jar:/home/user/.m2/repository/org/apache/kerby/kerb-identity/1.0.1/kerb-identity-1.0.1.jar:/home/user/.m2/repository/org/apache/kerby/kerby-xdr/1.0.1/kerby-xdr-1.0.1.jar:/home/user/.m2/repository/org/slf4j/slf4j-log4j12/1.7.25/slf4j-log4j12-1.7.25.jar:/home/user/.m2/repository/org/apache/hadoop/hadoop-ozone-s3gateway/0.5.0-SNAPSHOT/hadoop-ozone-s3gateway-0.5.0-SNAPSHOT.jar:/home/user/.m2/repository/org/jboss/weld/servlet/weld-servlet/2.4.7.Final/weld-servlet-2.4.7.Final.jar:/home/user/.m2/repository/org/glassfish/jersey/containers/jersey-container-servlet-core/2.27/jersey-container-servlet-core-2.27.jar:/home/user/.m2/repository/org/glassfish/hk2/external/javax.inject/2.5.0-b42/javax.inject-2.5.0-b42.jar:/home/user/.m2/repository/org/glassfish/jersey/core/jersey-common/2.27/jersey-common-2.27.jar:/home/user/.m2/repository/org/glassfish/hk2/osgi-resource-locator/1.0.1/osgi-resource-locator-1.0.1.jar:/home/user/.m2/repository/javax/ws/rs/javax.ws.rs-api/2.1/javax.ws.rs-api-2.1.jar:/home/user/.m2/repository/org/glassfish/jersey/ext/cdi/jersey-cdi1x/2.27/jersey-cdi1x-2.27.jar:/home/user/.m2/repository/org/glassfish/jersey/inject/jersey-hk2/2.27/jersey-hk2-2.27.jar:/home/user/.m2/repository/org/glassfish/hk2/hk2-locator/2.5.0-b42/hk2-locator-2.5.0-b42.jar:/home/user/.m2/repository/org/javassist/javassist/3.22.0-CR2/javassist-3.22.0-CR2.jar:/home/user/.m2/repository/org/glassfish/hk2/hk2-api/2.5.0/hk2-api-2.5.0.jar:/home/user/.m2/repository/org/glassfish/hk2/external/jakarta.inject/2.5.0/jakarta.inject-2.5.0.jar:/home/user/.m2/repository/org/glassfish/hk2/hk2-utils/2.5.0/hk2-utils-2.5.0.jar:/home/user/.m2/repository/jakarta/annotation/jakarta.annotation-api/1.3.4/jakarta.annotation-api-1.3.4.jar:/home/user/.m2/repository/org/glassfish/hk2/external/aopalliance-repackaged/2.5.0/aopalliance-repackaged-2.5.0.jar:/home/user/.m2/repository/com/fasterxml/jackson/dataformat/jackson-dataformat-xml/2.9.0/jackson-dataformat-xml-2.9.0.jar:/home/user/.m2/repository/com/fasterxml/jackson/core/jackson-core/2.9.5/jackson-core-2.9.5.jar:/home/user/.m2/repository/com/fasterxml/jackson/module/jackson-module-jaxb-annotations/2.9.5/jackson-module-jaxb-annotations-2.9.5.jar:/home/user/.m2/repository/javax/enterprise/cdi-api/1.2/cdi-api-1.2.jar:/home/user/.m2/repository/javax/el/javax.el-api/3.0.0/javax.el-api-3.0.0.jar:/home/user/.m2/repository/javax/interceptor/javax.interceptor-api/1.2/javax.interceptor-api-1.2.jar:/home/user/.m2/repository/javax/inject/javax.inject/1/javax.inject-1.jar:/home/user/.m2/repository/com/sun/xml/bind/jaxb-impl/2.3.0.1/jaxb-impl-2.3.0.1.jar:/home/user/.m2/repository/com/sun/xml/bind/jaxb-core/2.3.0.1/jaxb-core-2.3.0.1.jar:/home/user/.m2/repository/javax/xml/bind/jaxb-api/2.3.0/jaxb-api-2.3.0.jar:/home/user/.m2/repository/javax/activation/activation/1.1.1/activation-1.1.1.jar:/home/user/.m2/repository/org/apache/hadoop/hadoop-ozone-csi/0.5.0-SNAPSHOT/hadoop-ozone-csi-0.5.0-SNAPSHOT.jar:/home/user/.m2/repository/com/google/protobuf/protobuf-java-util/3.5.1/protobuf-java-util-3.5.1.jar:/home/user/.m2/repository/org/apache/hadoop/hadoop-hdds-config/0.5.0-SNAPSHOT/hadoop-hdds-config-0.5.0-SNAPSHOT.jar:/home/user/.m2/repository/io/grpc/grpc-netty/1.17.1/grpc-netty-1.17.1.jar:/home/user/.m2/repository/io/grpc/grpc-core/1.17.1/grpc-core-1.17.1.jar:/home/user/.m2/repository/io/grpc/grpc-context/1.17.1/grpc-context-1.17.1.jar:/home/user/.m2/repository/com/google/errorprone/error_prone_annotations/2.2.0/error_prone_annotations-2.2.0.jar:/home/user/.m2/repository/org/codehaus/mojo/animal-sniffer-annotations/1.17/animal-sniffer-annotations-1.17.jar:/home/user/.m2/repository/io/opencensus/opencensus-api/0.17.0/opencensus-api-0.17.0.jar:/home/user/.m2/repository/io/opencensus/opencensus-contrib-grpc-metrics/0.17.0/opencensus-contrib-grpc-metrics-0.17.0.jar:/home/user/.m2/repository/io/netty/netty-codec-http2/4.1.30.Final/netty-codec-http2-4.1.30.Final.jar:/home/user/.m2/repository/io/netty/netty-codec-http/4.1.30.Final/netty-codec-http-4.1.30.Final.jar:/home/user/.m2/repository/io/netty/netty-codec/4.1.30.Final/netty-codec-4.1.30.Final.jar:/home/user/.m2/repository/io/netty/netty-handler/4.1.30.Final/netty-handler-4.1.30.Final.jar:/home/user/.m2/repository/io/netty/netty-handler-proxy/4.1.30.Final/netty-handler-proxy-4.1.30.Final.jar:/home/user/.m2/repository/io/netty/netty-codec-socks/4.1.30.Final/netty-codec-socks-4.1.30.Final.jar:/home/user/.m2/repository/io/netty/netty-transport-native-epoll/4.1.30.Final/netty-transport-native-epoll-4.1.30.Final.jar:/home/user/.m2/repository/io/netty/netty-common/4.1.30.Final/netty-common-4.1.30.Final.jar:/home/user/.m2/repository/io/netty/netty-buffer/4.1.30.Final/netty-buffer-4.1.30.Final.jar:/home/user/.m2/repository/io/netty/netty-transport/4.1.30.Final/netty-transport-4.1.30.Final.jar:/home/user/.m2/repository/io/netty/netty-resolver/4.1.30.Final/netty-resolver-4.1.30.Final.jar:/home/user/.m2/repository/io/netty/netty-transport-native-unix-common/4.1.30.Final/netty-transport-native-unix-common-4.1.30.Final.jar:/home/user/.m2/repository/io/grpc/grpc-protobuf/1.17.1/grpc-protobuf-1.17.1.jar:/home/user/.m2/repository/com/google/api/grpc/proto-google-common-protos/1.0.0/proto-google-common-protos-1.0.0.jar:/home/user/.m2/repository/io/grpc/grpc-protobuf-lite/1.17.1/grpc-protobuf-lite-1.17.1.jar:/home/user/.m2/repository/io/grpc/grpc-stub/1.17.1/grpc-stub-1.17.1.jar:/home/user/.m2/repository/org/apache/hadoop/hadoop-ozone-recon/0.5.0-SNAPSHOT/hadoop-ozone-recon-0.5.0-SNAPSHOT.jar:/home/user/.m2/repository/org/apache/hadoop/hadoop-ozone-reconcodegen/0.5.0-SNAPSHOT/hadoop-ozone-reconcodegen-0.5.0-SNAPSHOT.jar:/home/user/.m2/repository/com/google/inject/extensions/guice-multibindings/4.0/guice-multibindings-4.0.jar:/home/user/.m2/repository/com/google/inject/guice/4.0/guice-4.0.jar:/home/user/.m2/repository/aopalliance/aopalliance/1.0/aopalliance-1.0.jar:/home/user/.m2/repository/com/google/inject/extensions/guice-servlet/4.0/guice-servlet-4.0.jar:/home/user/.m2/repository/org/glassfish/jersey/containers/jersey-container-servlet/2.27/jersey-container-servlet-2.27.jar:/home/user/.m2/repository/org/glassfish/hk2/guice-bridge/2.5.0/guice-bridge-2.5.0.jar:/home/user/.m2/repository/org/glassfish/jersey/core/jersey-server/2.27/jersey-server-2.27.jar:/home/user/.m2/repository/org/glassfish/jersey/core/jersey-client/2.27/jersey-client-2.27.jar:/home/user/.m2/repository/org/glassfish/jersey/media/jersey-media-jaxb/2.27/jersey-media-jaxb-2.27.jar:/home/user/.m2/repository/javax/validation/validation-api/1.1.0.Final/validation-api-1.1.0.Final.jar:/home/user/.m2/repository/org/glassfish/jersey/media/jersey-media-json-jackson/2.27/jersey-media-json-jackson-2.27.jar:/home/user/.m2/repository/org/glassfish/jersey/ext/jersey-entity-filtering/2.27/jersey-entity-filtering-2.27.jar:/home/user/.m2/repository/com/google/inject/extensions/guice-assistedinject/4.0/guice-assistedinject-4.0.jar:/home/user/.m2/repository/org/jooq/jooq/3.11.10/jooq-3.11.10.jar:/home/user/.m2/repository/org/jooq/jooq-meta/3.11.10/jooq-meta-3.11.10.jar:/home/user/.m2/repository/org/jooq/jooq-codegen/3.11.10/jooq-codegen-3.11.10.jar:/home/user/.m2/repository/com/jolbox/bonecp/0.8.0.RELEASE/bonecp-0.8.0.RELEASE.jar:/home/user/.m2/repository/org/xerial/sqlite-jdbc/3.25.2/sqlite-jdbc-3.25.2.jar:/home/user/.m2/repository/org/springframework/spring-jdbc/5.1.3.RELEASE/spring-jdbc-5.1.3.RELEASE.jar:/home/user/.m2/repository/org/springframework/spring-beans/5.1.3.RELEASE/spring-beans-5.1.3.RELEASE.jar:/home/user/.m2/repository/org/springframework/spring-core/5.1.3.RELEASE/spring-core-5.1.3.RELEASE.jar:/home/user/.m2/repository/org/springframework/spring-jcl/5.1.3.RELEASE/spring-jcl-5.1.3.RELEASE.jar:/home/user/.m2/repository/org/springframework/spring-tx/5.1.3.RELEASE/spring-tx-5.1.3.RELEASE.jar:/home/user/.m2/repository/org/apache/hadoop/hadoop-ozone-client/0.5.0-SNAPSHOT/hadoop-ozone-client-0.5.0-SNAPSHOT.jar:/home/user/.m2/repository/commons-lang/commons-lang/2.6/commons-lang-2.6.jar:/home/user/.m2/repository/org/apache/hadoop/hadoop-ozone-ozone-manager/0.5.0-SNAPSHOT/hadoop-ozone-ozone-manager-0.5.0-SNAPSHOT-tests.jar:/home/user/.m2/repository/junit/junit/4.11/junit-4.11.jar:/home/user/.m2/repository/org/hamcrest/hamcrest-core/1.3/hamcrest-core-1.3.jar:/home/user/.m2/repository/org/openjdk/jmh/jmh-core/1.19/jmh-core-1.19.jar:/home/user/.m2/repository/net/sf/jopt-simple/jopt-simple/4.6/jopt-simple-4.6.jar:/home/user/.m2/repository/org/apache/commons/commons-math3/3.1.1/commons-math3-3.1.1.jar:/home/user/.m2/repository/org/openjdk/jmh/jmh-generator-annprocess/1.19/jmh-generator-annprocess-1.19.jar:/home/user/.m2/repository/org/mockito/mockito-all/1.8.5/mockito-all-1.8.5.jar:/home/user/.m2/repository/org/apache/hadoop/hadoop-kms/3.2.0/hadoop-kms-3.2.0.jar:/home/user/.m2/repository/org/apache/hadoop/hadoop-auth/3.2.0/hadoop-auth-3.2.0.jar:/home/user/.m2/repository/com/nimbusds/nimbus-jose-jwt/4.41.1/nimbus-jose-jwt-4.41.1.jar:/home/user/.m2/repository/com/github/stephenc/jcip/jcip-annotations/1.0-1/jcip-annotations-1.0-1.jar:/home/user/.m2/repository/net/minidev/json-smart/2.3/json-smart-2.3.jar:/home/user/.m2/repository/net/minidev/accessors-smart/1.2/accessors-smart-1.2.jar:/home/user/.m2/repository/org/ow2/asm/asm/5.0.4/asm-5.0.4.jar:/home/user/.m2/repository/org/apache/curator/curator-framework/2.12.0/curator-framework-2.12.0.jar:/home/user/.m2/repository/com/sun/jersey/jersey-core/1.19/jersey-core-1.19.jar:/home/user/.m2/repository/javax/ws/rs/jsr311-api/1.1.1/jsr311-api-1.1.1.jar:/home/user/.m2/repository/com/sun/jersey/jersey-server/1.19/jersey-server-1.19.jar:/home/user/.m2/repository/javax/servlet/javax.servlet-api/3.1.0/javax.servlet-api-3.1.0.jar:/home/user/.m2/repository/org/eclipse/jetty/jetty-server/9.3.24.v20180605/jetty-server-9.3.24.v20180605.jar:/home/user/.m2/repository/org/eclipse/jetty/jetty-http/9.3.24.v20180605/jetty-http-9.3.24.v20180605.jar:/home/user/.m2/repository/org/eclipse/jetty/jetty-io/9.3.24.v20180605/jetty-io-9.3.24.v20180605.jar:/home/user/.m2/repository/org/eclipse/jetty/jetty-webapp/9.3.24.v20180605/jetty-webapp-9.3.24.v20180605.jar:/home/user/.m2/repository/org/eclipse/jetty/jetty-xml/9.3.24.v20180605/jetty-xml-9.3.24.v20180605.jar:/home/user/.m2/repository/log4j/log4j/1.2.17/log4j-1.2.17.jar:/home/user/.m2/repository/org/slf4j/slf4j-api/1.7.25/slf4j-api-1.7.25.jar:/home/user/.m2/repository/org/slf4j/jul-to-slf4j/1.7.25/jul-to-slf4j-1.7.25.jar:/home/user/.m2/repository/org/eclipse/jetty/jetty-util/9.3.24.v20180605/jetty-util-9.3.24.v20180605.jar:/home/user/.m2/repository/com/fasterxml/jackson/core/jackson-databind/2.9.5/jackson-databind-2.9.5.jar:/home/user/.m2/repository/org/apache/hadoop/hadoop-kms/3.2.0/hadoop-kms-3.2.0-tests.jar:/home/user/.m2/repository/org/apache/hadoop/hadoop-hdds-server-scm/0.5.0-SNAPSHOT/hadoop-hdds-server-scm-0.5.0-SNAPSHOT-tests.jar:/home/user/.m2/repository/org/apache/hadoop/hadoop-hdds-container-service/0.5.0-SNAPSHOT/hadoop-hdds-container-service-0.5.0-SNAPSHOT-tests.jar:/home/user/.m2/repository/org/yaml/snakeyaml/1.16/snakeyaml-1.16.jar:/home/user/.m2/repository/org/apache/hadoop/hadoop-common/3.2.0/hadoop-common-3.2.0-tests.jar:/home/user/.m2/repository/org/apache/hadoop/hadoop-annotations/3.2.0/hadoop-annotations-3.2.0.jar:/usr/lib/jvm/java-1.8-openjdk/jre/../lib/tools.jar:/home/user/.m2/repository/commons-cli/commons-cli/1.2/commons-cli-1.2.jar:/home/user/.m2/repository/org/apache/httpcomponents/httpclient/4.5.2/httpclient-4.5.2.jar:/home/user/.m2/repository/org/apache/httpcomponents/httpcore/4.4.4/httpcore-4.4.4.jar:/home/user/.m2/repository/commons-codec/commons-codec/1.11/commons-codec-1.11.jar:/home/user/.m2/repository/commons-net/commons-net/3.6/commons-net-3.6.jar:/home/user/.m2/repository/commons-collections/commons-collections/3.2.2/commons-collections-3.2.2.jar:/home/user/.m2/repository/org/eclipse/jetty/jetty-servlet/9.3.24.v20180605/jetty-servlet-9.3.24.v20180605.jar:/home/user/.m2/repository/org/eclipse/jetty/jetty-security/9.3.24.v20180605/jetty-security-9.3.24.v20180605.jar:/home/user/.m2/repository/javax/servlet/jsp/jsp-api/2.1/jsp-api-2.1.jar:/home/user/.m2/repository/com/sun/jersey/jersey-servlet/1.19/jersey-servlet-1.19.jar:/home/user/.m2/repository/com/sun/jersey/jersey-json/1.19/jersey-json-1.19.jar:/home/user/.m2/repository/org/codehaus/jettison/jettison/1.1/jettison-1.1.jar:/home/user/.m2/repository/org/codehaus/jackson/jackson-core-asl/1.9.13/jackson-core-asl-1.9.13.jar:/home/user/.m2/repository/org/codehaus/jackson/jackson-mapper-asl/1.9.13/jackson-mapper-asl-1.9.13.jar:/home/user/.m2/repository/org/codehaus/jackson/jackson-jaxrs/1.9.13/jackson-jaxrs-1.9.13.jar:/home/user/.m2/repository/org/codehaus/jackson/jackson-xc/1.9.13/jackson-xc-1.9.13.jar:/home/user/.m2/repository/commons-logging/commons-logging/1.1.3/commons-logging-1.1.3.jar:/home/user/.m2/repository/commons-beanutils/commons-beanutils/1.9.3/commons-beanutils-1.9.3.jar:/home/user/.m2/repository/org/apache/commons/commons-configuration2/2.1.1/commons-configuration2-2.1.1.jar:/home/user/.m2/repository/org/apache/commons/commons-lang3/3.7/commons-lang3-3.7.jar:/home/user/.m2/repository/org/apache/commons/commons-text/1.4/commons-text-1.4.jar:/home/user/.m2/repository/org/apache/avro/avro/1.7.7/avro-1.7.7.jar:/home/user/.m2/repository/com/thoughtworks/paranamer/paranamer/2.3/paranamer-2.3.jar:/home/user/.m2/repository/org/xerial/snappy/snappy-java/1.0.5/snappy-java-1.0.5.jar:/home/user/.m2/repository/com/google/re2j/re2j/1.1/re2j-1.1.jar:/home/user/.m2/repository/com/google/code/gson/gson/2.2.4/gson-2.2.4.jar:/home/user/.m2/repository/com/jcraft/jsch/0.1.54/jsch-0.1.54.jar:/home/user/.m2/repository/org/apache/curator/curator-client/2.12.0/curator-client-2.12.0.jar:/home/user/.m2/repository/org/apache/curator/curator-recipes/2.12.0/curator-recipes-2.12.0.jar:/home/user/.m2/repository/com/google/code/findbugs/jsr305/3.0.0/jsr305-3.0.0.jar:/home/user/.m2/repository/org/apache/htrace/htrace-core4/4.1.0-incubating/htrace-core4-4.1.0-incubating.jar:/home/user/.m2/repository/org/apache/zookeeper/zookeeper/3.4.13/zookeeper-3.4.13.jar:/home/user/.m2/repository/org/apache/yetus/audience-annotations/0.5.0/audience-annotations-0.5.0.jar:/home/user/.m2/repository/org/codehaus/woodstox/stax2-api/3.1.4/stax2-api-3.1.4.jar:/home/user/.m2/repository/com/fasterxml/woodstox/woodstox-core/5.0.3/woodstox-core-5.0.3.jar:/home/user/.m2/repository/dnsjava/dnsjava/2.1.7/dnsjava-2.1.7.jar:/home/user/.m2/repository/org/apache/hadoop/hadoop-hdfs/3.2.0/hadoop-hdfs-3.2.0-tests.jar:/home/user/.m2/repository/org/eclipse/jetty/jetty-util-ajax/9.3.24.v20180605/jetty-util-ajax-9.3.24.v20180605.jar:/home/user/.m2/repository/commons-daemon/commons-daemon/1.0.13/commons-daemon-1.0.13.jar:/home/user/.m2/repository/io/netty/netty/3.10.5.Final/netty-3.10.5.Final.jar:/home/user/.m2/repository/io/netty/netty-all/4.0.52.Final/netty-all-4.0.52.Final.jar:/home/user/.m2/repository/org/fusesource/leveldbjni/leveldbjni-all/1.8/leveldbjni-all-1.8.jar:"/>
    <property name="sun.cpu.endian" value="little"/>
    <property name="user.home" value="/home/user"/>
    <property name="user.language" value="en"/>
    <property name="java.specification.vendor" value="Oracle Corporation"/>
    <property name="java.home" value="/usr/lib/jvm/java-1.8-openjdk/jre"/>
    <property name="java.security.krb5.conf" value="/workdir/hadoop-ozone/integration-test/target/test-classes/krb5.conf"/>
    <property name="basedir" value="/workdir/hadoop-ozone/integration-test"/>
    <property name="file.separator" value="/"/>
    <property name="line.separator" value="&#10;"/>
    <property name="java.vm.specification.vendor" value="Oracle Corporation"/>
    <property name="java.specification.name" value="Java Platform API Specification"/>
    <property name="java.awt.graphicsenv" value="sun.awt.X11GraphicsEnvironment"/>
    <property name="surefire.real.class.path" value="/workdir/hadoop-ozone/integration-test/target/surefire/surefirebooter8021330643596565032.jar"/>
    <property name="hadoop.log.dir" value="/workdir/hadoop-ozone/integration-test/target/log"/>
    <property name="sun.boot.class.path" value="/usr/lib/jvm/java-1.8-openjdk/jre/lib/resources.jar:/usr/lib/jvm/java-1.8-openjdk/jre/lib/rt.jar:/usr/lib/jvm/java-1.8-openjdk/jre/lib/sunrsasign.jar:/usr/lib/jvm/java-1.8-openjdk/jre/lib/jsse.jar:/usr/lib/jvm/java-1.8-openjdk/jre/lib/jce.jar:/usr/lib/jvm/java-1.8-openjdk/jre/lib/charsets.jar:/usr/lib/jvm/java-1.8-openjdk/jre/lib/jfr.jar:/usr/lib/jvm/java-1.8-openjdk/jre/classes"/>
    <property name="sun.management.compiler" value="HotSpot 64-Bit Tiered Compilers"/>
    <property name="java.runtime.version" value="1.8.0_212-b04"/>
    <property name="java.net.preferIPv4Stack" value="true"/>
    <property name="user.name" value="jenkins1000"/>
    <property name="path.separator" value=":"/>
    <property name="java.security.egd" value="file:///dev/urandom"/>
    <property name="os.version" value="3.10.0-957.12.2.el7.x86_64"/>
    <property name="java.endorsed.dirs" value="/usr/lib/jvm/java-1.8-openjdk/jre/lib/endorsed"/>
    <property name="java.runtime.name" value="OpenJDK Runtime Environment"/>
    <property name="file.encoding" value="UTF-8"/>
    <property name="java.vm.name" value="OpenJDK 64-Bit Server VM"/>
    <property name="test.build.webapps" value=""/>
    <property name="localRepository" value="/home/user/.m2/repository"/>
    <property name="java.vendor.url.bug" value="https://icedtea.classpath.org/bugzilla"/>
    <property name="java.io.tmpdir" value="/tmp"/>
    <property name="require.test.libhadoop" value=""/>
    <property name="java.version" value="1.8.0_212"/>
    <property name="user.dir" value="/workdir/hadoop-ozone/integration-test"/>
    <property name="os.arch" value="amd64"/>
    <property name="java.vm.specification.name" value="Java Virtual Machine Specification"/>
    <property name="test.build.classes" value="/workdir/hadoop-ozone/integration-test/target/test-classes"/>
    <property name="java.awt.printerjob" value="sun.print.PSPrinterJob"/>
    <property name="sun.os.patch.level" value="unknown"/>
    <property name="hadoop.tmp.dir" value="/workdir/hadoop-ozone/integration-test/target/tmp"/>
    <property name="java.library.path" value="/usr/lib/jvm/java-1.8-openjdk/jre/lib/amd64/server:/usr/lib/jvm/java-1.8-openjdk/jre/lib/amd64:/usr/lib/jvm/java-1.8-openjdk/jre/../lib/amd64:/workdir/hadoop-ozone/integration-test/target/native/target/usr/local/lib:/workdir/hadoop-ozone/integration-test/../../hadoop-common-project/hadoop-common/target/native/target/usr/local/lib:/usr/java/packages/lib/amd64:/usr/lib64:/lib64:/lib:/usr/lib"/>
    <property name="java.vm.info" value="mixed mode"/>
    <property name="java.vendor" value="IcedTea"/>
    <property name="java.vm.version" value="25.212-b04"/>
    <property name="java.ext.dirs" value="/usr/lib/jvm/java-1.8-openjdk/jre/lib/ext:/usr/java/packages/lib/ext"/>
    <property name="sun.io.unicode.encoding" value="UnicodeLittle"/>
    <property name="java.class.version" value="52.0"/>
  </properties>
  <testcase name="testFlushChunk" classname="org.apache.hadoop.ozone.client.rpc.TestBlockOutputStream" time="5.499"/>
  <testcase name="testMultiChunkWrite2" classname="org.apache.hadoop.ozone.client.rpc.TestBlockOutputStream" time="187.723">
    <failure message="expected:&lt;5&gt; but was:&lt;8&gt;" type="java.lang.AssertionError"><![CDATA[java.lang.AssertionError: expected:<5> but was:<8>
	at org.junit.Assert.fail(Assert.java:88)
	at org.junit.Assert.failNotEquals(Assert.java:743)
	at org.junit.Assert.assertEquals(Assert.java:118)
	at org.junit.Assert.assertEquals(Assert.java:555)
	at org.junit.Assert.assertEquals(Assert.java:542)
	at org.apache.hadoop.ozone.client.rpc.TestBlockOutputStream.testMultiChunkWrite2(TestBlockOutputStream.java:466)
	at sun.reflect.NativeMethodAccessorImpl.invoke0(Native Method)
	at sun.reflect.NativeMethodAccessorImpl.invoke(NativeMethodAccessorImpl.java:62)
	at sun.reflect.DelegatingMethodAccessorImpl.invoke(DelegatingMethodAccessorImpl.java:43)
	at java.lang.reflect.Method.invoke(Method.java:498)
	at org.junit.runners.model.FrameworkMethod$1.runReflectiveCall(FrameworkMethod.java:47)
	at org.junit.internal.runners.model.ReflectiveCallable.run(ReflectiveCallable.java:12)
	at org.junit.runners.model.FrameworkMethod.invokeExplosively(FrameworkMethod.java:44)
	at org.junit.internal.runners.statements.InvokeMethod.evaluate(InvokeMethod.java:17)
	at org.junit.runners.ParentRunner.runLeaf(ParentRunner.java:271)
	at org.junit.runners.BlockJUnit4ClassRunner.runChild(BlockJUnit4ClassRunner.java:70)
	at org.junit.runners.BlockJUnit4ClassRunner.runChild(BlockJUnit4ClassRunner.java:50)
	at org.junit.runners.ParentRunner$3.run(ParentRunner.java:238)
	at org.junit.runners.ParentRunner$1.schedule(ParentRunner.java:63)
	at org.junit.runners.ParentRunner.runChildren(ParentRunner.java:236)
	at org.junit.runners.ParentRunner.access$000(ParentRunner.java:53)
	at org.junit.runners.ParentRunner$2.evaluate(ParentRunner.java:229)
	at org.junit.internal.runners.statements.RunBefores.evaluate(RunBefores.java:26)
	at org.junit.internal.runners.statements.RunAfters.evaluate(RunAfters.java:27)
	at org.junit.runners.ParentRunner.run(ParentRunner.java:309)
	at org.apache.maven.surefire.junit4.JUnit4Provider.execute(JUnit4Provider.java:365)
	at org.apache.maven.surefire.junit4.JUnit4Provider.executeWithRerun(JUnit4Provider.java:273)
	at org.apache.maven.surefire.junit4.JUnit4Provider.executeTestSet(JUnit4Provider.java:238)
	at org.apache.maven.surefire.junit4.JUnit4Provider.invoke(JUnit4Provider.java:159)
	at org.apache.maven.surefire.booter.ForkedBooter.invokeProviderInSameClassLoader(ForkedBooter.java:384)
	at org.apache.maven.surefire.booter.ForkedBooter.runSuitesInProcess(ForkedBooter.java:345)
	at org.apache.maven.surefire.booter.ForkedBooter.execute(ForkedBooter.java:126)
	at org.apache.maven.surefire.booter.ForkedBooter.main(ForkedBooter.java:418)
]]></failure>
    <system-out><![CDATA[2019-09-12 05:57:03,827 [java.util.concurrent.ThreadPoolExecutor$Worker@2f1eeb17[State = -1, empty queue]] WARN  server.GrpcLogAppender (GrpcLogAppender.java:timeoutAppendRequest(200)) - 8f5ab14e-21d2-479d-9d33-3cad9b590bd0@group-F6DBAA47753D->df009476-bbf0-43a2-af41-11b5052a445f-GrpcLogAppender: appendEntries Timeout, request=8f5ab14e-21d2-479d-9d33-3cad9b590bd0->df009476-bbf0-43a2-af41-11b5052a445f#8-t1, previous=(t:1, i:6), leaderCommit=6, initializing? false, entries: size=1, first=(t:1, i:7), STATEMACHINELOGENTRY, client-6E3585A561A4, cid=16
2019-09-12 05:57:03,827 [java.util.concurrent.ThreadPoolExecutor$Worker@eb5b01a[State = -1, empty queue]] WARN  server.GrpcLogAppender (GrpcLogAppender.java:timeoutAppendRequest(200)) - 8f5ab14e-21d2-479d-9d33-3cad9b590bd0@group-F6DBAA47753D->1f61edb1-ab55-473c-8774-d83fa3b21acc-GrpcLogAppender: appendEntries Timeout, request=8f5ab14e-21d2-479d-9d33-3cad9b590bd0->1f61edb1-ab55-473c-8774-d83fa3b21acc#8-t1, previous=(t:1, i:6), leaderCommit=6, initializing? false, entries: size=1, first=(t:1, i:7), STATEMACHINELOGENTRY, client-6E3585A561A4, cid=16
2019-09-12 05:57:03,832 [java.util.concurrent.ThreadPoolExecutor$Worker@2f1eeb17[State = -1, empty queue]] WARN  server.GrpcLogAppender (GrpcLogAppender.java:timeoutAppendRequest(200)) - 8f5ab14e-21d2-479d-9d33-3cad9b590bd0@group-F6DBAA47753D->df009476-bbf0-43a2-af41-11b5052a445f-GrpcLogAppender: appendEntries Timeout, request=8f5ab14e-21d2-479d-9d33-3cad9b590bd0->df009476-bbf0-43a2-af41-11b5052a445f#9-t1, previous=(t:1, i:7), leaderCommit=6, initializing? false, entries: size=1, first=(t:1, i:8), STATEMACHINELOGENTRY, client-6E3585A561A4, cid=17
2019-09-12 05:57:03,834 [java.util.concurrent.ThreadPoolExecutor$Worker@eb5b01a[State = -1, empty queue]] WARN  server.GrpcLogAppender (GrpcLogAppender.java:timeoutAppendRequest(200)) - 8f5ab14e-21d2-479d-9d33-3cad9b590bd0@group-F6DBAA47753D->1f61edb1-ab55-473c-8774-d83fa3b21acc-GrpcLogAppender: appendEntries Timeout, request=8f5ab14e-21d2-479d-9d33-3cad9b590bd0->1f61edb1-ab55-473c-8774-d83fa3b21acc#9-t1, previous=(t:1, i:7), leaderCommit=6, initializing? false, entries: size=1, first=(t:1, i:8), STATEMACHINELOGENTRY, client-6E3585A561A4, cid=17
2019-09-12 05:57:03,837 [java.util.concurrent.ThreadPoolExecutor$Worker@2f1eeb17[State = -1, empty queue]] WARN  server.GrpcLogAppender (GrpcLogAppender.java:timeoutAppendRequest(200)) - 8f5ab14e-21d2-479d-9d33-3cad9b590bd0@group-F6DBAA47753D->df009476-bbf0-43a2-af41-11b5052a445f-GrpcLogAppender: appendEntries Timeout, request=8f5ab14e-21d2-479d-9d33-3cad9b590bd0->df009476-bbf0-43a2-af41-11b5052a445f#10-t1, previous=(t:1, i:8), leaderCommit=6, initializing? false, entries: size=1, first=(t:1, i:9), STATEMACHINELOGENTRY, client-6E3585A561A4, cid=18
2019-09-12 05:57:03,839 [java.util.concurrent.ThreadPoolExecutor$Worker@eb5b01a[State = -1, empty queue]] WARN  server.GrpcLogAppender (GrpcLogAppender.java:timeoutAppendRequest(200)) - 8f5ab14e-21d2-479d-9d33-3cad9b590bd0@group-F6DBAA47753D->1f61edb1-ab55-473c-8774-d83fa3b21acc-GrpcLogAppender: appendEntries Timeout, request=8f5ab14e-21d2-479d-9d33-3cad9b590bd0->1f61edb1-ab55-473c-8774-d83fa3b21acc#10-t1, previous=(t:1, i:8), leaderCommit=6, initializing? false, entries: size=1, first=(t:1, i:9), STATEMACHINELOGENTRY, client-6E3585A561A4, cid=18
2019-09-12 05:57:03,841 [java.util.concurrent.ThreadPoolExecutor$Worker@2f1eeb17[State = -1, empty queue]] WARN  server.GrpcLogAppender (GrpcLogAppender.java:timeoutAppendRequest(200)) - 8f5ab14e-21d2-479d-9d33-3cad9b590bd0@group-F6DBAA47753D->df009476-bbf0-43a2-af41-11b5052a445f-GrpcLogAppender: appendEntries Timeout, request=8f5ab14e-21d2-479d-9d33-3cad9b590bd0->df009476-bbf0-43a2-af41-11b5052a445f#11-t1, previous=(t:1, i:9), leaderCommit=6, initializing? false, entries: size=1, first=(t:1, i:10), STATEMACHINELOGENTRY, client-6E3585A561A4, cid=19
2019-09-12 05:57:03,843 [java.util.concurrent.ThreadPoolExecutor$Worker@eb5b01a[State = -1, empty queue]] WARN  server.GrpcLogAppender (GrpcLogAppender.java:timeoutAppendRequest(200)) - 8f5ab14e-21d2-479d-9d33-3cad9b590bd0@group-F6DBAA47753D->1f61edb1-ab55-473c-8774-d83fa3b21acc-GrpcLogAppender: appendEntries Timeout, request=8f5ab14e-21d2-479d-9d33-3cad9b590bd0->1f61edb1-ab55-473c-8774-d83fa3b21acc#11-t1, previous=(t:1, i:9), leaderCommit=6, initializing? false, entries: size=1, first=(t:1, i:10), STATEMACHINELOGENTRY, client-6E3585A561A4, cid=19
2019-09-12 05:57:03,845 [java.util.concurrent.ThreadPoolExecutor$Worker@2f1eeb17[State = -1, empty queue]] WARN  server.GrpcLogAppender (GrpcLogAppender.java:timeoutAppendRequest(200)) - 8f5ab14e-21d2-479d-9d33-3cad9b590bd0@group-F6DBAA47753D->df009476-bbf0-43a2-af41-11b5052a445f-GrpcLogAppender: appendEntries Timeout, request=8f5ab14e-21d2-479d-9d33-3cad9b590bd0->df009476-bbf0-43a2-af41-11b5052a445f#12-t1, previous=(t:1, i:10), leaderCommit=6, initializing? false, entries: size=1, first=(t:1, i:11), STATEMACHINELOGENTRY, client-6E3585A561A4, cid=20
2019-09-12 05:57:03,847 [java.util.concurrent.ThreadPoolExecutor$Worker@eb5b01a[State = -1, empty queue]] WARN  server.GrpcLogAppender (GrpcLogAppender.java:timeoutAppendRequest(200)) - 8f5ab14e-21d2-479d-9d33-3cad9b590bd0@group-F6DBAA47753D->1f61edb1-ab55-473c-8774-d83fa3b21acc-GrpcLogAppender: appendEntries Timeout, request=8f5ab14e-21d2-479d-9d33-3cad9b590bd0->1f61edb1-ab55-473c-8774-d83fa3b21acc#12-t1, previous=(t:1, i:10), leaderCommit=6, initializing? false, entries: size=1, first=(t:1, i:11), STATEMACHINELOGENTRY, client-6E3585A561A4, cid=20
2019-09-12 05:57:05,896 [grpc-default-executor-3] INFO  client.GrpcClientProtocolClient (GrpcClientProtocolClient.java:onNext(264)) - client-6E3585A561A4->1f61edb1-ab55-473c-8774-d83fa3b21acc: receive RaftClientReply:client-6E3585A561A4->1f61edb1-ab55-473c-8774-d83fa3b21acc@group-F6DBAA47753D, cid=16, FAILED org.apache.ratis.protocol.NotLeaderException: Server 1f61edb1-ab55-473c-8774-d83fa3b21acc@group-F6DBAA47753D is not the leader 8f5ab14e-21d2-479d-9d33-3cad9b590bd0:192.168.34.52:37331, logIndex=0, commits[1f61edb1-ab55-473c-8774-d83fa3b21acc:c6, 8f5ab14e-21d2-479d-9d33-3cad9b590bd0:c6, df009476-bbf0-43a2-af41-11b5052a445f:c4]
2019-09-12 05:57:06,333 [java.util.concurrent.ThreadPoolExecutor$Worker@eb5b01a[State = -1, empty queue]] WARN  server.GrpcLogAppender (GrpcLogAppender.java:timeoutAppendRequest(200)) - 8f5ab14e-21d2-479d-9d33-3cad9b590bd0@group-F6DBAA47753D->1f61edb1-ab55-473c-8774-d83fa3b21acc-GrpcLogAppender: appendEntries Timeout, request=8f5ab14e-21d2-479d-9d33-3cad9b590bd0->1f61edb1-ab55-473c-8774-d83fa3b21acc#13-t1, previous=(t:1, i:11), leaderCommit=6, initializing? false, entries: <empty>
2019-09-12 05:57:06,333 [java.util.concurrent.ThreadPoolExecutor$Worker@2f1eeb17[State = -1, empty queue]] WARN  server.GrpcLogAppender (GrpcLogAppender.java:timeoutAppendRequest(200)) - 8f5ab14e-21d2-479d-9d33-3cad9b590bd0@group-F6DBAA47753D->df009476-bbf0-43a2-af41-11b5052a445f-GrpcLogAppender: appendEntries Timeout, request=8f5ab14e-21d2-479d-9d33-3cad9b590bd0->df009476-bbf0-43a2-af41-11b5052a445f#13-t1, previous=(t:1, i:11), leaderCommit=6, initializing? false, entries: <empty>
2019-09-12 05:57:08,834 [java.util.concurrent.ThreadPoolExecutor$Worker@eb5b01a[State = -1, empty queue]] WARN  server.GrpcLogAppender (GrpcLogAppender.java:timeoutAppendRequest(200)) - 8f5ab14e-21d2-479d-9d33-3cad9b590bd0@group-F6DBAA47753D->1f61edb1-ab55-473c-8774-d83fa3b21acc-GrpcLogAppender: appendEntries Timeout, request=8f5ab14e-21d2-479d-9d33-3cad9b590bd0->1f61edb1-ab55-473c-8774-d83fa3b21acc#14-t1, previous=(t:1, i:11), leaderCommit=6, initializing? false, entries: <empty>
2019-09-12 05:57:08,834 [java.util.concurrent.ThreadPoolExecutor$Worker@2f1eeb17[State = -1, empty queue]] WARN  server.GrpcLogAppender (GrpcLogAppender.java:timeoutAppendRequest(200)) - 8f5ab14e-21d2-479d-9d33-3cad9b590bd0@group-F6DBAA47753D->df009476-bbf0-43a2-af41-11b5052a445f-GrpcLogAppender: appendEntries Timeout, request=8f5ab14e-21d2-479d-9d33-3cad9b590bd0->df009476-bbf0-43a2-af41-11b5052a445f#14-t1, previous=(t:1, i:11), leaderCommit=6, initializing? false, entries: <empty>
2019-09-12 05:57:10,831 [1f61edb1-ab55-473c-8774-d83fa3b21acc@group-F6DBAA47753D-SegmentedRaftLogWorker] WARN  segmented.SegmentedRaftLogWorker (SegmentedRaftLogWorker.java:getFromFuture(90)) - Timeout 0/~
org.apache.ratis.protocol.TimeoutIOException: Timeout 10s: WriteLog:7: (t:1, i:7), STATEMACHINELOGENTRY, client-6E3585A561A4, cid=16-writeStateMachineData
	at org.apache.ratis.util.IOUtils.getFromFuture(IOUtils.java:87)
	at org.apache.ratis.server.raftlog.segmented.SegmentedRaftLogWorker$StateMachineDataPolicy.getFromFuture(SegmentedRaftLogWorker.java:87)
	at org.apache.ratis.server.raftlog.segmented.SegmentedRaftLogWorker$WriteLog.execute(SegmentedRaftLogWorker.java:477)
	at org.apache.ratis.server.raftlog.segmented.SegmentedRaftLogWorker.run(SegmentedRaftLogWorker.java:289)
	at java.lang.Thread.run(Thread.java:748)
Caused by: java.util.concurrent.TimeoutException
	at java.util.concurrent.CompletableFuture.timedGet(CompletableFuture.java:1771)
	at java.util.concurrent.CompletableFuture.get(CompletableFuture.java:1915)
	at org.apache.ratis.util.IOUtils.getFromFuture(IOUtils.java:79)
	... 4 more
2019-09-12 05:57:10,946 [df009476-bbf0-43a2-af41-11b5052a445f@group-F6DBAA47753D-SegmentedRaftLogWorker] WARN  segmented.SegmentedRaftLogWorker (SegmentedRaftLogWorker.java:getFromFuture(90)) - Timeout 0/~
org.apache.ratis.protocol.TimeoutIOException: Timeout 10s: WriteLog:8: (t:1, i:8), STATEMACHINELOGENTRY, client-6E3585A561A4, cid=17-writeStateMachineData
	at org.apache.ratis.util.IOUtils.getFromFuture(IOUtils.java:87)
	at org.apache.ratis.server.raftlog.segmented.SegmentedRaftLogWorker$StateMachineDataPolicy.getFromFuture(SegmentedRaftLogWorker.java:87)
	at org.apache.ratis.server.raftlog.segmented.SegmentedRaftLogWorker$WriteLog.execute(SegmentedRaftLogWorker.java:477)
	at org.apache.ratis.server.raftlog.segmented.SegmentedRaftLogWorker.run(SegmentedRaftLogWorker.java:289)
	at java.lang.Thread.run(Thread.java:748)
Caused by: java.util.concurrent.TimeoutException
	at java.util.concurrent.CompletableFuture.timedGet(CompletableFuture.java:1771)
	at java.util.concurrent.CompletableFuture.get(CompletableFuture.java:1915)
	at org.apache.ratis.util.IOUtils.getFromFuture(IOUtils.java:79)
	... 4 more
2019-09-12 05:57:10,958 [grpc-default-executor-1] INFO  client.GrpcClientProtocolClient (GrpcClientProtocolClient.java:onNext(264)) - client-6E3585A561A4->1f61edb1-ab55-473c-8774-d83fa3b21acc: receive RaftClientReply:client-6E3585A561A4->1f61edb1-ab55-473c-8774-d83fa3b21acc@group-F6DBAA47753D, cid=16, FAILED org.apache.ratis.protocol.NotLeaderException: Server 1f61edb1-ab55-473c-8774-d83fa3b21acc@group-F6DBAA47753D is not the leader 8f5ab14e-21d2-479d-9d33-3cad9b590bd0:192.168.34.52:37331, logIndex=0, commits[1f61edb1-ab55-473c-8774-d83fa3b21acc:c6, 8f5ab14e-21d2-479d-9d33-3cad9b590bd0:c6, df009476-bbf0-43a2-af41-11b5052a445f:c4]
2019-09-12 05:57:10,967 [8f5ab14e-21d2-479d-9d33-3cad9b590bd0@group-F6DBAA47753D-SegmentedRaftLogWorker] WARN  segmented.SegmentedRaftLogWorker (SegmentedRaftLogWorker.java:getFromFuture(90)) - Timeout 0/~
org.apache.ratis.protocol.TimeoutIOException: Timeout 10s: WriteLog:8: (t:1, i:8), STATEMACHINELOGENTRY, client-6E3585A561A4, cid=17-writeStateMachineData
	at org.apache.ratis.util.IOUtils.getFromFuture(IOUtils.java:87)
	at org.apache.ratis.server.raftlog.segmented.SegmentedRaftLogWorker$StateMachineDataPolicy.getFromFuture(SegmentedRaftLogWorker.java:87)
	at org.apache.ratis.server.raftlog.segmented.SegmentedRaftLogWorker$WriteLog.execute(SegmentedRaftLogWorker.java:477)
	at org.apache.ratis.server.raftlog.segmented.SegmentedRaftLogWorker.run(SegmentedRaftLogWorker.java:289)
	at java.lang.Thread.run(Thread.java:748)
Caused by: java.util.concurrent.TimeoutException
	at java.util.concurrent.CompletableFuture.timedGet(CompletableFuture.java:1771)
	at java.util.concurrent.CompletableFuture.get(CompletableFuture.java:1915)
	at org.apache.ratis.util.IOUtils.getFromFuture(IOUtils.java:79)
	... 4 more
2019-09-12 05:57:11,335 [java.util.concurrent.ThreadPoolExecutor$Worker@2f1eeb17[State = -1, empty queue]] WARN  server.GrpcLogAppender (GrpcLogAppender.java:timeoutAppendRequest(200)) - 8f5ab14e-21d2-479d-9d33-3cad9b590bd0@group-F6DBAA47753D->df009476-bbf0-43a2-af41-11b5052a445f-GrpcLogAppender: appendEntries Timeout, request=8f5ab14e-21d2-479d-9d33-3cad9b590bd0->df009476-bbf0-43a2-af41-11b5052a445f#15-t1, previous=(t:1, i:11), leaderCommit=6, initializing? false, entries: <empty>
2019-09-12 05:57:11,335 [java.util.concurrent.ThreadPoolExecutor$Worker@eb5b01a[State = -1, empty queue]] WARN  server.GrpcLogAppender (GrpcLogAppender.java:timeoutAppendRequest(200)) - 8f5ab14e-21d2-479d-9d33-3cad9b590bd0@group-F6DBAA47753D->1f61edb1-ab55-473c-8774-d83fa3b21acc-GrpcLogAppender: appendEntries Timeout, request=8f5ab14e-21d2-479d-9d33-3cad9b590bd0->1f61edb1-ab55-473c-8774-d83fa3b21acc#15-t1, previous=(t:1, i:11), leaderCommit=6, initializing? false, entries: <empty>
2019-09-12 05:57:13,836 [java.util.concurrent.ThreadPoolExecutor$Worker@eb5b01a[State = -1, empty queue]] WARN  server.GrpcLogAppender (GrpcLogAppender.java:timeoutAppendRequest(200)) - 8f5ab14e-21d2-479d-9d33-3cad9b590bd0@group-F6DBAA47753D->1f61edb1-ab55-473c-8774-d83fa3b21acc-GrpcLogAppender: appendEntries Timeout, request=8f5ab14e-21d2-479d-9d33-3cad9b590bd0->1f61edb1-ab55-473c-8774-d83fa3b21acc#16-t1, previous=(t:1, i:11), leaderCommit=6, initializing? false, entries: <empty>
2019-09-12 05:57:13,836 [java.util.concurrent.ThreadPoolExecutor$Worker@2f1eeb17[State = -1, empty queue]] WARN  server.GrpcLogAppender (GrpcLogAppender.java:timeoutAppendRequest(200)) - 8f5ab14e-21d2-479d-9d33-3cad9b590bd0@group-F6DBAA47753D->df009476-bbf0-43a2-af41-11b5052a445f-GrpcLogAppender: appendEntries Timeout, request=8f5ab14e-21d2-479d-9d33-3cad9b590bd0->df009476-bbf0-43a2-af41-11b5052a445f#16-t1, previous=(t:1, i:11), leaderCommit=6, initializing? false, entries: <empty>
2019-09-12 05:57:16,000 [grpc-default-executor-1] INFO  client.GrpcClientProtocolClient (GrpcClientProtocolClient.java:onNext(264)) - client-6E3585A561A4->1f61edb1-ab55-473c-8774-d83fa3b21acc: receive RaftClientReply:client-6E3585A561A4->1f61edb1-ab55-473c-8774-d83fa3b21acc@group-F6DBAA47753D, cid=16, FAILED org.apache.ratis.protocol.NotLeaderException: Server 1f61edb1-ab55-473c-8774-d83fa3b21acc@group-F6DBAA47753D is not the leader 8f5ab14e-21d2-479d-9d33-3cad9b590bd0:192.168.34.52:37331, logIndex=0, commits[1f61edb1-ab55-473c-8774-d83fa3b21acc:c6, 8f5ab14e-21d2-479d-9d33-3cad9b590bd0:c6, df009476-bbf0-43a2-af41-11b5052a445f:c4]
2019-09-12 05:57:16,337 [java.util.concurrent.ThreadPoolExecutor$Worker@eb5b01a[State = -1, empty queue]] WARN  server.GrpcLogAppender (GrpcLogAppender.java:timeoutAppendRequest(200)) - 8f5ab14e-21d2-479d-9d33-3cad9b590bd0@group-F6DBAA47753D->1f61edb1-ab55-473c-8774-d83fa3b21acc-GrpcLogAppender: appendEntries Timeout, request=8f5ab14e-21d2-479d-9d33-3cad9b590bd0->1f61edb1-ab55-473c-8774-d83fa3b21acc#17-t1, previous=(t:1, i:11), leaderCommit=6, initializing? false, entries: <empty>
2019-09-12 05:57:16,337 [java.util.concurrent.ThreadPoolExecutor$Worker@2f1eeb17[State = -1, empty queue]] WARN  server.GrpcLogAppender (GrpcLogAppender.java:timeoutAppendRequest(200)) - 8f5ab14e-21d2-479d-9d33-3cad9b590bd0@group-F6DBAA47753D->df009476-bbf0-43a2-af41-11b5052a445f-GrpcLogAppender: appendEntries Timeout, request=8f5ab14e-21d2-479d-9d33-3cad9b590bd0->df009476-bbf0-43a2-af41-11b5052a445f#17-t1, previous=(t:1, i:11), leaderCommit=6, initializing? false, entries: <empty>
2019-09-12 05:57:18,839 [java.util.concurrent.ThreadPoolExecutor$Worker@eb5b01a[State = -1, empty queue]] WARN  server.GrpcLogAppender (GrpcLogAppender.java:timeoutAppendRequest(200)) - 8f5ab14e-21d2-479d-9d33-3cad9b590bd0@group-F6DBAA47753D->1f61edb1-ab55-473c-8774-d83fa3b21acc-GrpcLogAppender: appendEntries Timeout, request=8f5ab14e-21d2-479d-9d33-3cad9b590bd0->1f61edb1-ab55-473c-8774-d83fa3b21acc#18-t1, previous=(t:1, i:11), leaderCommit=6, initializing? false, entries: <empty>
2019-09-12 05:57:18,841 [java.util.concurrent.ThreadPoolExecutor$Worker@2f1eeb17[State = -1, empty queue]] WARN  server.GrpcLogAppender (GrpcLogAppender.java:timeoutAppendRequest(200)) - 8f5ab14e-21d2-479d-9d33-3cad9b590bd0@group-F6DBAA47753D->df009476-bbf0-43a2-af41-11b5052a445f-GrpcLogAppender: appendEntries Timeout, request=8f5ab14e-21d2-479d-9d33-3cad9b590bd0->df009476-bbf0-43a2-af41-11b5052a445f#18-t1, previous=(t:1, i:11), leaderCommit=6, initializing? false, entries: <empty>
2019-09-12 05:57:20,834 [1f61edb1-ab55-473c-8774-d83fa3b21acc@group-F6DBAA47753D-SegmentedRaftLogWorker] WARN  segmented.SegmentedRaftLogWorker (SegmentedRaftLogWorker.java:getFromFuture(90)) - Timeout 1/~
org.apache.ratis.protocol.TimeoutIOException: Timeout 10s: WriteLog:7: (t:1, i:7), STATEMACHINELOGENTRY, client-6E3585A561A4, cid=16-writeStateMachineData
	at org.apache.ratis.util.IOUtils.getFromFuture(IOUtils.java:87)
	at org.apache.ratis.server.raftlog.segmented.SegmentedRaftLogWorker$StateMachineDataPolicy.getFromFuture(SegmentedRaftLogWorker.java:87)
	at org.apache.ratis.server.raftlog.segmented.SegmentedRaftLogWorker$WriteLog.execute(SegmentedRaftLogWorker.java:477)
	at org.apache.ratis.server.raftlog.segmented.SegmentedRaftLogWorker.run(SegmentedRaftLogWorker.java:289)
	at java.lang.Thread.run(Thread.java:748)
Caused by: java.util.concurrent.TimeoutException
	at java.util.concurrent.CompletableFuture.timedGet(CompletableFuture.java:1771)
	at java.util.concurrent.CompletableFuture.get(CompletableFuture.java:1915)
	at org.apache.ratis.util.IOUtils.getFromFuture(IOUtils.java:79)
	... 4 more
2019-09-12 05:57:20,946 [df009476-bbf0-43a2-af41-11b5052a445f@group-F6DBAA47753D-SegmentedRaftLogWorker] WARN  segmented.SegmentedRaftLogWorker (SegmentedRaftLogWorker.java:getFromFuture(90)) - Timeout 1/~
org.apache.ratis.protocol.TimeoutIOException: Timeout 10s: WriteLog:8: (t:1, i:8), STATEMACHINELOGENTRY, client-6E3585A561A4, cid=17-writeStateMachineData
	at org.apache.ratis.util.IOUtils.getFromFuture(IOUtils.java:87)
	at org.apache.ratis.server.raftlog.segmented.SegmentedRaftLogWorker$StateMachineDataPolicy.getFromFuture(SegmentedRaftLogWorker.java:87)
	at org.apache.ratis.server.raftlog.segmented.SegmentedRaftLogWorker$WriteLog.execute(SegmentedRaftLogWorker.java:477)
	at org.apache.ratis.server.raftlog.segmented.SegmentedRaftLogWorker.run(SegmentedRaftLogWorker.java:289)
	at java.lang.Thread.run(Thread.java:748)
Caused by: java.util.concurrent.TimeoutException
	at java.util.concurrent.CompletableFuture.timedGet(CompletableFuture.java:1771)
	at java.util.concurrent.CompletableFuture.get(CompletableFuture.java:1915)
	at org.apache.ratis.util.IOUtils.getFromFuture(IOUtils.java:79)
	... 4 more
2019-09-12 05:57:20,970 [8f5ab14e-21d2-479d-9d33-3cad9b590bd0@group-F6DBAA47753D-SegmentedRaftLogWorker] WARN  segmented.SegmentedRaftLogWorker (SegmentedRaftLogWorker.java:getFromFuture(90)) - Timeout 1/~
org.apache.ratis.protocol.TimeoutIOException: Timeout 10s: WriteLog:8: (t:1, i:8), STATEMACHINELOGENTRY, client-6E3585A561A4, cid=17-writeStateMachineData
	at org.apache.ratis.util.IOUtils.getFromFuture(IOUtils.java:87)
	at org.apache.ratis.server.raftlog.segmented.SegmentedRaftLogWorker$StateMachineDataPolicy.getFromFuture(SegmentedRaftLogWorker.java:87)
	at org.apache.ratis.server.raftlog.segmented.SegmentedRaftLogWorker$WriteLog.execute(SegmentedRaftLogWorker.java:477)
	at org.apache.ratis.server.raftlog.segmented.SegmentedRaftLogWorker.run(SegmentedRaftLogWorker.java:289)
	at java.lang.Thread.run(Thread.java:748)
Caused by: java.util.concurrent.TimeoutException
	at java.util.concurrent.CompletableFuture.timedGet(CompletableFuture.java:1771)
	at java.util.concurrent.CompletableFuture.get(CompletableFuture.java:1915)
	at org.apache.ratis.util.IOUtils.getFromFuture(IOUtils.java:79)
	... 4 more
2019-09-12 05:57:21,037 [grpc-default-executor-1] INFO  client.GrpcClientProtocolClient (GrpcClientProtocolClient.java:onNext(264)) - client-6E3585A561A4->1f61edb1-ab55-473c-8774-d83fa3b21acc: receive RaftClientReply:client-6E3585A561A4->1f61edb1-ab55-473c-8774-d83fa3b21acc@group-F6DBAA47753D, cid=16, FAILED org.apache.ratis.protocol.NotLeaderException: Server 1f61edb1-ab55-473c-8774-d83fa3b21acc@group-F6DBAA47753D is not the leader 8f5ab14e-21d2-479d-9d33-3cad9b590bd0:192.168.34.52:37331, logIndex=0, commits[1f61edb1-ab55-473c-8774-d83fa3b21acc:c6, 8f5ab14e-21d2-479d-9d33-3cad9b590bd0:c6, df009476-bbf0-43a2-af41-11b5052a445f:c4]
2019-09-12 05:57:21,340 [java.util.concurrent.ThreadPoolExecutor$Worker@2f1eeb17[State = -1, empty queue]] WARN  server.GrpcLogAppender (GrpcLogAppender.java:timeoutAppendRequest(200)) - 8f5ab14e-21d2-479d-9d33-3cad9b590bd0@group-F6DBAA47753D->df009476-bbf0-43a2-af41-11b5052a445f-GrpcLogAppender: appendEntries Timeout, request=8f5ab14e-21d2-479d-9d33-3cad9b590bd0->df009476-bbf0-43a2-af41-11b5052a445f#19-t1, previous=(t:1, i:11), leaderCommit=6, initializing? false, entries: <empty>
2019-09-12 05:57:21,340 [java.util.concurrent.ThreadPoolExecutor$Worker@eb5b01a[State = -1, empty queue]] WARN  server.GrpcLogAppender (GrpcLogAppender.java:timeoutAppendRequest(200)) - 8f5ab14e-21d2-479d-9d33-3cad9b590bd0@group-F6DBAA47753D->1f61edb1-ab55-473c-8774-d83fa3b21acc-GrpcLogAppender: appendEntries Timeout, request=8f5ab14e-21d2-479d-9d33-3cad9b590bd0->1f61edb1-ab55-473c-8774-d83fa3b21acc#19-t1, previous=(t:1, i:11), leaderCommit=6, initializing? false, entries: <empty>
2019-09-12 05:57:23,841 [java.util.concurrent.ThreadPoolExecutor$Worker@eb5b01a[State = -1, empty queue]] WARN  server.GrpcLogAppender (GrpcLogAppender.java:timeoutAppendRequest(200)) - 8f5ab14e-21d2-479d-9d33-3cad9b590bd0@group-F6DBAA47753D->1f61edb1-ab55-473c-8774-d83fa3b21acc-GrpcLogAppender: appendEntries Timeout, request=8f5ab14e-21d2-479d-9d33-3cad9b590bd0->1f61edb1-ab55-473c-8774-d83fa3b21acc#20-t1, previous=(t:1, i:11), leaderCommit=6, initializing? false, entries: <empty>
2019-09-12 05:57:23,841 [java.util.concurrent.ThreadPoolExecutor$Worker@2f1eeb17[State = -1, empty queue]] WARN  server.GrpcLogAppender (GrpcLogAppender.java:timeoutAppendRequest(200)) - 8f5ab14e-21d2-479d-9d33-3cad9b590bd0@group-F6DBAA47753D->df009476-bbf0-43a2-af41-11b5052a445f-GrpcLogAppender: appendEntries Timeout, request=8f5ab14e-21d2-479d-9d33-3cad9b590bd0->df009476-bbf0-43a2-af41-11b5052a445f#20-t1, previous=(t:1, i:11), leaderCommit=6, initializing? false, entries: <empty>
2019-09-12 05:57:26,094 [grpc-default-executor-3] INFO  client.GrpcClientProtocolClient (GrpcClientProtocolClient.java:onNext(264)) - client-6E3585A561A4->df009476-bbf0-43a2-af41-11b5052a445f: receive RaftClientReply:client-6E3585A561A4->df009476-bbf0-43a2-af41-11b5052a445f@group-F6DBAA47753D, cid=16, FAILED org.apache.ratis.protocol.NotLeaderException: Server df009476-bbf0-43a2-af41-11b5052a445f@group-F6DBAA47753D is not the leader 8f5ab14e-21d2-479d-9d33-3cad9b590bd0:192.168.34.52:37331, logIndex=0, commits[df009476-bbf0-43a2-af41-11b5052a445f:c6, 1f61edb1-ab55-473c-8774-d83fa3b21acc:c4, 8f5ab14e-21d2-479d-9d33-3cad9b590bd0:c6]
2019-09-12 05:57:26,341 [java.util.concurrent.ThreadPoolExecutor$Worker@2f1eeb17[State = -1, empty queue]] WARN  server.GrpcLogAppender (GrpcLogAppender.java:timeoutAppendRequest(200)) - 8f5ab14e-21d2-479d-9d33-3cad9b590bd0@group-F6DBAA47753D->df009476-bbf0-43a2-af41-11b5052a445f-GrpcLogAppender: appendEntries Timeout, request=8f5ab14e-21d2-479d-9d33-3cad9b590bd0->df009476-bbf0-43a2-af41-11b5052a445f#21-t1, previous=(t:1, i:11), leaderCommit=6, initializing? false, entries: <empty>
2019-09-12 05:57:26,341 [java.util.concurrent.ThreadPoolExecutor$Worker@eb5b01a[State = -1, empty queue]] WARN  server.GrpcLogAppender (GrpcLogAppender.java:timeoutAppendRequest(200)) - 8f5ab14e-21d2-479d-9d33-3cad9b590bd0@group-F6DBAA47753D->1f61edb1-ab55-473c-8774-d83fa3b21acc-GrpcLogAppender: appendEntries Timeout, request=8f5ab14e-21d2-479d-9d33-3cad9b590bd0->1f61edb1-ab55-473c-8774-d83fa3b21acc#21-t1, previous=(t:1, i:11), leaderCommit=6, initializing? false, entries: <empty>
2019-09-12 05:57:28,842 [java.util.concurrent.ThreadPoolExecutor$Worker@2f1eeb17[State = -1, empty queue]] WARN  server.GrpcLogAppender (GrpcLogAppender.java:timeoutAppendRequest(200)) - 8f5ab14e-21d2-479d-9d33-3cad9b590bd0@group-F6DBAA47753D->df009476-bbf0-43a2-af41-11b5052a445f-GrpcLogAppender: appendEntries Timeout, request=8f5ab14e-21d2-479d-9d33-3cad9b590bd0->df009476-bbf0-43a2-af41-11b5052a445f#22-t1, previous=(t:1, i:11), leaderCommit=6, initializing? false, entries: <empty>
2019-09-12 05:57:28,842 [java.util.concurrent.ThreadPoolExecutor$Worker@eb5b01a[State = -1, empty queue]] WARN  server.GrpcLogAppender (GrpcLogAppender.java:timeoutAppendRequest(200)) - 8f5ab14e-21d2-479d-9d33-3cad9b590bd0@group-F6DBAA47753D->1f61edb1-ab55-473c-8774-d83fa3b21acc-GrpcLogAppender: appendEntries Timeout, request=8f5ab14e-21d2-479d-9d33-3cad9b590bd0->1f61edb1-ab55-473c-8774-d83fa3b21acc#22-t1, previous=(t:1, i:11), leaderCommit=6, initializing? false, entries: <empty>
2019-09-12 05:57:30,836 [1f61edb1-ab55-473c-8774-d83fa3b21acc@group-F6DBAA47753D-SegmentedRaftLogWorker] WARN  segmented.SegmentedRaftLogWorker (SegmentedRaftLogWorker.java:getFromFuture(90)) - Timeout 2/~
org.apache.ratis.protocol.TimeoutIOException: Timeout 10s: WriteLog:7: (t:1, i:7), STATEMACHINELOGENTRY, client-6E3585A561A4, cid=16-writeStateMachineData
	at org.apache.ratis.util.IOUtils.getFromFuture(IOUtils.java:87)
	at org.apache.ratis.server.raftlog.segmented.SegmentedRaftLogWorker$StateMachineDataPolicy.getFromFuture(SegmentedRaftLogWorker.java:87)
	at org.apache.ratis.server.raftlog.segmented.SegmentedRaftLogWorker$WriteLog.execute(SegmentedRaftLogWorker.java:477)
	at org.apache.ratis.server.raftlog.segmented.SegmentedRaftLogWorker.run(SegmentedRaftLogWorker.java:289)
	at java.lang.Thread.run(Thread.java:748)
Caused by: java.util.concurrent.TimeoutException
	at java.util.concurrent.CompletableFuture.timedGet(CompletableFuture.java:1771)
	at java.util.concurrent.CompletableFuture.get(CompletableFuture.java:1915)
	at org.apache.ratis.util.IOUtils.getFromFuture(IOUtils.java:79)
	... 4 more
2019-09-12 05:57:30,947 [df009476-bbf0-43a2-af41-11b5052a445f@group-F6DBAA47753D-SegmentedRaftLogWorker] WARN  segmented.SegmentedRaftLogWorker (SegmentedRaftLogWorker.java:getFromFuture(90)) - Timeout 2/~
org.apache.ratis.protocol.TimeoutIOException: Timeout 10s: WriteLog:8: (t:1, i:8), STATEMACHINELOGENTRY, client-6E3585A561A4, cid=17-writeStateMachineData
	at org.apache.ratis.util.IOUtils.getFromFuture(IOUtils.java:87)
	at org.apache.ratis.server.raftlog.segmented.SegmentedRaftLogWorker$StateMachineDataPolicy.getFromFuture(SegmentedRaftLogWorker.java:87)
	at org.apache.ratis.server.raftlog.segmented.SegmentedRaftLogWorker$WriteLog.execute(SegmentedRaftLogWorker.java:477)
	at org.apache.ratis.server.raftlog.segmented.SegmentedRaftLogWorker.run(SegmentedRaftLogWorker.java:289)
	at java.lang.Thread.run(Thread.java:748)
Caused by: java.util.concurrent.TimeoutException
	at java.util.concurrent.CompletableFuture.timedGet(CompletableFuture.java:1771)
	at java.util.concurrent.CompletableFuture.get(CompletableFuture.java:1915)
	at org.apache.ratis.util.IOUtils.getFromFuture(IOUtils.java:79)
	... 4 more
2019-09-12 05:57:30,971 [8f5ab14e-21d2-479d-9d33-3cad9b590bd0@group-F6DBAA47753D-SegmentedRaftLogWorker] WARN  segmented.SegmentedRaftLogWorker (SegmentedRaftLogWorker.java:getFromFuture(90)) - Timeout 2/~
org.apache.ratis.protocol.TimeoutIOException: Timeout 10s: WriteLog:8: (t:1, i:8), STATEMACHINELOGENTRY, client-6E3585A561A4, cid=17-writeStateMachineData
	at org.apache.ratis.util.IOUtils.getFromFuture(IOUtils.java:87)
	at org.apache.ratis.server.raftlog.segmented.SegmentedRaftLogWorker$StateMachineDataPolicy.getFromFuture(SegmentedRaftLogWorker.java:87)
	at org.apache.ratis.server.raftlog.segmented.SegmentedRaftLogWorker$WriteLog.execute(SegmentedRaftLogWorker.java:477)
	at org.apache.ratis.server.raftlog.segmented.SegmentedRaftLogWorker.run(SegmentedRaftLogWorker.java:289)
	at java.lang.Thread.run(Thread.java:748)
Caused by: java.util.concurrent.TimeoutException
	at java.util.concurrent.CompletableFuture.timedGet(CompletableFuture.java:1771)
	at java.util.concurrent.CompletableFuture.get(CompletableFuture.java:1915)
	at org.apache.ratis.util.IOUtils.getFromFuture(IOUtils.java:79)
	... 4 more
2019-09-12 05:57:31,165 [grpc-default-executor-3] INFO  client.GrpcClientProtocolClient (GrpcClientProtocolClient.java:onNext(264)) - client-6E3585A561A4->df009476-bbf0-43a2-af41-11b5052a445f: receive RaftClientReply:client-6E3585A561A4->df009476-bbf0-43a2-af41-11b5052a445f@group-F6DBAA47753D, cid=16, FAILED org.apache.ratis.protocol.NotLeaderException: Server df009476-bbf0-43a2-af41-11b5052a445f@group-F6DBAA47753D is not the leader 8f5ab14e-21d2-479d-9d33-3cad9b590bd0:192.168.34.52:37331, logIndex=0, commits[df009476-bbf0-43a2-af41-11b5052a445f:c6, 1f61edb1-ab55-473c-8774-d83fa3b21acc:c4, 8f5ab14e-21d2-479d-9d33-3cad9b590bd0:c6]
2019-09-12 05:57:31,343 [java.util.concurrent.ThreadPoolExecutor$Worker@2f1eeb17[State = -1, empty queue]] WARN  server.GrpcLogAppender (GrpcLogAppender.java:timeoutAppendRequest(200)) - 8f5ab14e-21d2-479d-9d33-3cad9b590bd0@group-F6DBAA47753D->df009476-bbf0-43a2-af41-11b5052a445f-GrpcLogAppender: appendEntries Timeout, request=8f5ab14e-21d2-479d-9d33-3cad9b590bd0->df009476-bbf0-43a2-af41-11b5052a445f#23-t1, previous=(t:1, i:11), leaderCommit=6, initializing? false, entries: <empty>
2019-09-12 05:57:31,343 [java.util.concurrent.ThreadPoolExecutor$Worker@eb5b01a[State = -1, empty queue]] WARN  server.GrpcLogAppender (GrpcLogAppender.java:timeoutAppendRequest(200)) - 8f5ab14e-21d2-479d-9d33-3cad9b590bd0@group-F6DBAA47753D->1f61edb1-ab55-473c-8774-d83fa3b21acc-GrpcLogAppender: appendEntries Timeout, request=8f5ab14e-21d2-479d-9d33-3cad9b590bd0->1f61edb1-ab55-473c-8774-d83fa3b21acc#23-t1, previous=(t:1, i:11), leaderCommit=6, initializing? false, entries: <empty>
2019-09-12 05:57:33,844 [java.util.concurrent.ThreadPoolExecutor$Worker@2f1eeb17[State = -1, empty queue]] WARN  server.GrpcLogAppender (GrpcLogAppender.java:timeoutAppendRequest(200)) - 8f5ab14e-21d2-479d-9d33-3cad9b590bd0@group-F6DBAA47753D->df009476-bbf0-43a2-af41-11b5052a445f-GrpcLogAppender: appendEntries Timeout, request=8f5ab14e-21d2-479d-9d33-3cad9b590bd0->df009476-bbf0-43a2-af41-11b5052a445f#24-t1, previous=(t:1, i:11), leaderCommit=6, initializing? false, entries: <empty>
2019-09-12 05:57:33,844 [java.util.concurrent.ThreadPoolExecutor$Worker@eb5b01a[State = -1, empty queue]] WARN  server.GrpcLogAppender (GrpcLogAppender.java:timeoutAppendRequest(200)) - 8f5ab14e-21d2-479d-9d33-3cad9b590bd0@group-F6DBAA47753D->1f61edb1-ab55-473c-8774-d83fa3b21acc-GrpcLogAppender: appendEntries Timeout, request=8f5ab14e-21d2-479d-9d33-3cad9b590bd0->1f61edb1-ab55-473c-8774-d83fa3b21acc#24-t1, previous=(t:1, i:11), leaderCommit=6, initializing? false, entries: <empty>
2019-09-12 05:57:36,226 [grpc-default-executor-1] INFO  client.GrpcClientProtocolClient (GrpcClientProtocolClient.java:onNext(264)) - client-6E3585A561A4->1f61edb1-ab55-473c-8774-d83fa3b21acc: receive RaftClientReply:client-6E3585A561A4->1f61edb1-ab55-473c-8774-d83fa3b21acc@group-F6DBAA47753D, cid=16, FAILED org.apache.ratis.protocol.NotLeaderException: Server 1f61edb1-ab55-473c-8774-d83fa3b21acc@group-F6DBAA47753D is not the leader 8f5ab14e-21d2-479d-9d33-3cad9b590bd0:192.168.34.52:37331, logIndex=0, commits[1f61edb1-ab55-473c-8774-d83fa3b21acc:c6, 8f5ab14e-21d2-479d-9d33-3cad9b590bd0:c6, df009476-bbf0-43a2-af41-11b5052a445f:c4]
2019-09-12 05:57:36,344 [java.util.concurrent.ThreadPoolExecutor$Worker@eb5b01a[State = -1, empty queue]] WARN  server.GrpcLogAppender (GrpcLogAppender.java:timeoutAppendRequest(200)) - 8f5ab14e-21d2-479d-9d33-3cad9b590bd0@group-F6DBAA47753D->1f61edb1-ab55-473c-8774-d83fa3b21acc-GrpcLogAppender: appendEntries Timeout, request=8f5ab14e-21d2-479d-9d33-3cad9b590bd0->1f61edb1-ab55-473c-8774-d83fa3b21acc#25-t1, previous=(t:1, i:11), leaderCommit=6, initializing? false, entries: <empty>
2019-09-12 05:57:36,344 [java.util.concurrent.ThreadPoolExecutor$Worker@2f1eeb17[State = -1, empty queue]] WARN  server.GrpcLogAppender (GrpcLogAppender.java:timeoutAppendRequest(200)) - 8f5ab14e-21d2-479d-9d33-3cad9b590bd0@group-F6DBAA47753D->df009476-bbf0-43a2-af41-11b5052a445f-GrpcLogAppender: appendEntries Timeout, request=8f5ab14e-21d2-479d-9d33-3cad9b590bd0->df009476-bbf0-43a2-af41-11b5052a445f#25-t1, previous=(t:1, i:11), leaderCommit=6, initializing? false, entries: <empty>
2019-09-12 05:57:38,845 [java.util.concurrent.ThreadPoolExecutor$Worker@2f1eeb17[State = -1, empty queue]] WARN  server.GrpcLogAppender (GrpcLogAppender.java:timeoutAppendRequest(200)) - 8f5ab14e-21d2-479d-9d33-3cad9b590bd0@group-F6DBAA47753D->df009476-bbf0-43a2-af41-11b5052a445f-GrpcLogAppender: appendEntries Timeout, request=8f5ab14e-21d2-479d-9d33-3cad9b590bd0->df009476-bbf0-43a2-af41-11b5052a445f#26-t1, previous=(t:1, i:11), leaderCommit=6, initializing? false, entries: <empty>
2019-09-12 05:57:38,845 [java.util.concurrent.ThreadPoolExecutor$Worker@eb5b01a[State = -1, empty queue]] WARN  server.GrpcLogAppender (GrpcLogAppender.java:timeoutAppendRequest(200)) - 8f5ab14e-21d2-479d-9d33-3cad9b590bd0@group-F6DBAA47753D->1f61edb1-ab55-473c-8774-d83fa3b21acc-GrpcLogAppender: appendEntries Timeout, request=8f5ab14e-21d2-479d-9d33-3cad9b590bd0->1f61edb1-ab55-473c-8774-d83fa3b21acc#26-t1, previous=(t:1, i:11), leaderCommit=6, initializing? false, entries: <empty>
2019-09-12 05:57:40,838 [1f61edb1-ab55-473c-8774-d83fa3b21acc@group-F6DBAA47753D-SegmentedRaftLogWorker] WARN  segmented.SegmentedRaftLogWorker (SegmentedRaftLogWorker.java:getFromFuture(90)) - Timeout 3/~
org.apache.ratis.protocol.TimeoutIOException: Timeout 10s: WriteLog:7: (t:1, i:7), STATEMACHINELOGENTRY, client-6E3585A561A4, cid=16-writeStateMachineData
	at org.apache.ratis.util.IOUtils.getFromFuture(IOUtils.java:87)
	at org.apache.ratis.server.raftlog.segmented.SegmentedRaftLogWorker$StateMachineDataPolicy.getFromFuture(SegmentedRaftLogWorker.java:87)
	at org.apache.ratis.server.raftlog.segmented.SegmentedRaftLogWorker$WriteLog.execute(SegmentedRaftLogWorker.java:477)
	at org.apache.ratis.server.raftlog.segmented.SegmentedRaftLogWorker.run(SegmentedRaftLogWorker.java:289)
	at java.lang.Thread.run(Thread.java:748)
Caused by: java.util.concurrent.TimeoutException
	at java.util.concurrent.CompletableFuture.timedGet(CompletableFuture.java:1771)
	at java.util.concurrent.CompletableFuture.get(CompletableFuture.java:1915)
	at org.apache.ratis.util.IOUtils.getFromFuture(IOUtils.java:79)
	... 4 more
2019-09-12 05:57:40,948 [df009476-bbf0-43a2-af41-11b5052a445f@group-F6DBAA47753D-SegmentedRaftLogWorker] WARN  segmented.SegmentedRaftLogWorker (SegmentedRaftLogWorker.java:getFromFuture(90)) - Timeout 3/~
org.apache.ratis.protocol.TimeoutIOException: Timeout 10s: WriteLog:8: (t:1, i:8), STATEMACHINELOGENTRY, client-6E3585A561A4, cid=17-writeStateMachineData
	at org.apache.ratis.util.IOUtils.getFromFuture(IOUtils.java:87)
	at org.apache.ratis.server.raftlog.segmented.SegmentedRaftLogWorker$StateMachineDataPolicy.getFromFuture(SegmentedRaftLogWorker.java:87)
	at org.apache.ratis.server.raftlog.segmented.SegmentedRaftLogWorker$WriteLog.execute(SegmentedRaftLogWorker.java:477)
	at org.apache.ratis.server.raftlog.segmented.SegmentedRaftLogWorker.run(SegmentedRaftLogWorker.java:289)
	at java.lang.Thread.run(Thread.java:748)
Caused by: java.util.concurrent.TimeoutException
	at java.util.concurrent.CompletableFuture.timedGet(CompletableFuture.java:1771)
	at java.util.concurrent.CompletableFuture.get(CompletableFuture.java:1915)
	at org.apache.ratis.util.IOUtils.getFromFuture(IOUtils.java:79)
	... 4 more
2019-09-12 05:57:40,972 [8f5ab14e-21d2-479d-9d33-3cad9b590bd0@group-F6DBAA47753D-SegmentedRaftLogWorker] WARN  segmented.SegmentedRaftLogWorker (SegmentedRaftLogWorker.java:getFromFuture(90)) - Timeout 3/~
org.apache.ratis.protocol.TimeoutIOException: Timeout 10s: WriteLog:8: (t:1, i:8), STATEMACHINELOGENTRY, client-6E3585A561A4, cid=17-writeStateMachineData
	at org.apache.ratis.util.IOUtils.getFromFuture(IOUtils.java:87)
	at org.apache.ratis.server.raftlog.segmented.SegmentedRaftLogWorker$StateMachineDataPolicy.getFromFuture(SegmentedRaftLogWorker.java:87)
	at org.apache.ratis.server.raftlog.segmented.SegmentedRaftLogWorker$WriteLog.execute(SegmentedRaftLogWorker.java:477)
	at org.apache.ratis.server.raftlog.segmented.SegmentedRaftLogWorker.run(SegmentedRaftLogWorker.java:289)
	at java.lang.Thread.run(Thread.java:748)
Caused by: java.util.concurrent.TimeoutException
	at java.util.concurrent.CompletableFuture.timedGet(CompletableFuture.java:1771)
	at java.util.concurrent.CompletableFuture.get(CompletableFuture.java:1915)
	at org.apache.ratis.util.IOUtils.getFromFuture(IOUtils.java:79)
	... 4 more
2019-09-12 05:57:41,316 [grpc-default-executor-1] INFO  client.GrpcClientProtocolClient (GrpcClientProtocolClient.java:onNext(264)) - client-6E3585A561A4->1f61edb1-ab55-473c-8774-d83fa3b21acc: receive RaftClientReply:client-6E3585A561A4->1f61edb1-ab55-473c-8774-d83fa3b21acc@group-F6DBAA47753D, cid=16, FAILED org.apache.ratis.protocol.NotLeaderException: Server 1f61edb1-ab55-473c-8774-d83fa3b21acc@group-F6DBAA47753D is not the leader 8f5ab14e-21d2-479d-9d33-3cad9b590bd0:192.168.34.52:37331, logIndex=0, commits[1f61edb1-ab55-473c-8774-d83fa3b21acc:c6, 8f5ab14e-21d2-479d-9d33-3cad9b590bd0:c6, df009476-bbf0-43a2-af41-11b5052a445f:c4]
2019-09-12 05:57:41,346 [java.util.concurrent.ThreadPoolExecutor$Worker@eb5b01a[State = -1, empty queue]] WARN  server.GrpcLogAppender (GrpcLogAppender.java:timeoutAppendRequest(200)) - 8f5ab14e-21d2-479d-9d33-3cad9b590bd0@group-F6DBAA47753D->1f61edb1-ab55-473c-8774-d83fa3b21acc-GrpcLogAppender: appendEntries Timeout, request=8f5ab14e-21d2-479d-9d33-3cad9b590bd0->1f61edb1-ab55-473c-8774-d83fa3b21acc#27-t1, previous=(t:1, i:11), leaderCommit=6, initializing? false, entries: <empty>
2019-09-12 05:57:41,346 [java.util.concurrent.ThreadPoolExecutor$Worker@2f1eeb17[State = -1, empty queue]] WARN  server.GrpcLogAppender (GrpcLogAppender.java:timeoutAppendRequest(200)) - 8f5ab14e-21d2-479d-9d33-3cad9b590bd0@group-F6DBAA47753D->df009476-bbf0-43a2-af41-11b5052a445f-GrpcLogAppender: appendEntries Timeout, request=8f5ab14e-21d2-479d-9d33-3cad9b590bd0->df009476-bbf0-43a2-af41-11b5052a445f#27-t1, previous=(t:1, i:11), leaderCommit=6, initializing? false, entries: <empty>
2019-09-12 05:57:43,847 [java.util.concurrent.ThreadPoolExecutor$Worker@2f1eeb17[State = -1, empty queue]] WARN  server.GrpcLogAppender (GrpcLogAppender.java:timeoutAppendRequest(200)) - 8f5ab14e-21d2-479d-9d33-3cad9b590bd0@group-F6DBAA47753D->df009476-bbf0-43a2-af41-11b5052a445f-GrpcLogAppender: appendEntries Timeout, request=8f5ab14e-21d2-479d-9d33-3cad9b590bd0->df009476-bbf0-43a2-af41-11b5052a445f#28-t1, previous=(t:1, i:11), leaderCommit=6, initializing? false, entries: <empty>
2019-09-12 05:57:43,847 [java.util.concurrent.ThreadPoolExecutor$Worker@eb5b01a[State = -1, empty queue]] WARN  server.GrpcLogAppender (GrpcLogAppender.java:timeoutAppendRequest(200)) - 8f5ab14e-21d2-479d-9d33-3cad9b590bd0@group-F6DBAA47753D->1f61edb1-ab55-473c-8774-d83fa3b21acc-GrpcLogAppender: appendEntries Timeout, request=8f5ab14e-21d2-479d-9d33-3cad9b590bd0->1f61edb1-ab55-473c-8774-d83fa3b21acc#28-t1, previous=(t:1, i:11), leaderCommit=6, initializing? false, entries: <empty>
2019-09-12 05:57:46,348 [java.util.concurrent.ThreadPoolExecutor$Worker@2f1eeb17[State = -1, empty queue]] WARN  server.GrpcLogAppender (GrpcLogAppender.java:timeoutAppendRequest(200)) - 8f5ab14e-21d2-479d-9d33-3cad9b590bd0@group-F6DBAA47753D->df009476-bbf0-43a2-af41-11b5052a445f-GrpcLogAppender: appendEntries Timeout, request=8f5ab14e-21d2-479d-9d33-3cad9b590bd0->df009476-bbf0-43a2-af41-11b5052a445f#29-t1, previous=(t:1, i:11), leaderCommit=6, initializing? false, entries: <empty>
2019-09-12 05:57:46,348 [java.util.concurrent.ThreadPoolExecutor$Worker@eb5b01a[State = -1, empty queue]] WARN  server.GrpcLogAppender (GrpcLogAppender.java:timeoutAppendRequest(200)) - 8f5ab14e-21d2-479d-9d33-3cad9b590bd0@group-F6DBAA47753D->1f61edb1-ab55-473c-8774-d83fa3b21acc-GrpcLogAppender: appendEntries Timeout, request=8f5ab14e-21d2-479d-9d33-3cad9b590bd0->1f61edb1-ab55-473c-8774-d83fa3b21acc#29-t1, previous=(t:1, i:11), leaderCommit=6, initializing? false, entries: <empty>
2019-09-12 05:57:46,375 [grpc-default-executor-1] INFO  client.GrpcClientProtocolClient (GrpcClientProtocolClient.java:onNext(264)) - client-6E3585A561A4->df009476-bbf0-43a2-af41-11b5052a445f: receive RaftClientReply:client-6E3585A561A4->df009476-bbf0-43a2-af41-11b5052a445f@group-F6DBAA47753D, cid=16, FAILED org.apache.ratis.protocol.NotLeaderException: Server df009476-bbf0-43a2-af41-11b5052a445f@group-F6DBAA47753D is not the leader 8f5ab14e-21d2-479d-9d33-3cad9b590bd0:192.168.34.52:37331, logIndex=0, commits[df009476-bbf0-43a2-af41-11b5052a445f:c6, 1f61edb1-ab55-473c-8774-d83fa3b21acc:c4, 8f5ab14e-21d2-479d-9d33-3cad9b590bd0:c6]
2019-09-12 05:57:48,849 [java.util.concurrent.ThreadPoolExecutor$Worker@2f1eeb17[State = -1, empty queue]] WARN  server.GrpcLogAppender (GrpcLogAppender.java:timeoutAppendRequest(200)) - 8f5ab14e-21d2-479d-9d33-3cad9b590bd0@group-F6DBAA47753D->df009476-bbf0-43a2-af41-11b5052a445f-GrpcLogAppender: appendEntries Timeout, request=8f5ab14e-21d2-479d-9d33-3cad9b590bd0->df009476-bbf0-43a2-af41-11b5052a445f#30-t1, previous=(t:1, i:11), leaderCommit=6, initializing? false, entries: <empty>
2019-09-12 05:57:48,849 [java.util.concurrent.ThreadPoolExecutor$Worker@eb5b01a[State = -1, empty queue]] WARN  server.GrpcLogAppender (GrpcLogAppender.java:timeoutAppendRequest(200)) - 8f5ab14e-21d2-479d-9d33-3cad9b590bd0@group-F6DBAA47753D->1f61edb1-ab55-473c-8774-d83fa3b21acc-GrpcLogAppender: appendEntries Timeout, request=8f5ab14e-21d2-479d-9d33-3cad9b590bd0->1f61edb1-ab55-473c-8774-d83fa3b21acc#30-t1, previous=(t:1, i:11), leaderCommit=6, initializing? false, entries: <empty>
2019-09-12 05:57:50,840 [1f61edb1-ab55-473c-8774-d83fa3b21acc@group-F6DBAA47753D-SegmentedRaftLogWorker] WARN  segmented.SegmentedRaftLogWorker (SegmentedRaftLogWorker.java:getFromFuture(90)) - Timeout 4/~
org.apache.ratis.protocol.TimeoutIOException: Timeout 10s: WriteLog:7: (t:1, i:7), STATEMACHINELOGENTRY, client-6E3585A561A4, cid=16-writeStateMachineData
	at org.apache.ratis.util.IOUtils.getFromFuture(IOUtils.java:87)
	at org.apache.ratis.server.raftlog.segmented.SegmentedRaftLogWorker$StateMachineDataPolicy.getFromFuture(SegmentedRaftLogWorker.java:87)
	at org.apache.ratis.server.raftlog.segmented.SegmentedRaftLogWorker$WriteLog.execute(SegmentedRaftLogWorker.java:477)
	at org.apache.ratis.server.raftlog.segmented.SegmentedRaftLogWorker.run(SegmentedRaftLogWorker.java:289)
	at java.lang.Thread.run(Thread.java:748)
Caused by: java.util.concurrent.TimeoutException
	at java.util.concurrent.CompletableFuture.timedGet(CompletableFuture.java:1771)
	at java.util.concurrent.CompletableFuture.get(CompletableFuture.java:1915)
	at org.apache.ratis.util.IOUtils.getFromFuture(IOUtils.java:79)
	... 4 more
2019-09-12 05:57:50,949 [df009476-bbf0-43a2-af41-11b5052a445f@group-F6DBAA47753D-SegmentedRaftLogWorker] WARN  segmented.SegmentedRaftLogWorker (SegmentedRaftLogWorker.java:getFromFuture(90)) - Timeout 4/~
org.apache.ratis.protocol.TimeoutIOException: Timeout 10s: WriteLog:8: (t:1, i:8), STATEMACHINELOGENTRY, client-6E3585A561A4, cid=17-writeStateMachineData
	at org.apache.ratis.util.IOUtils.getFromFuture(IOUtils.java:87)
	at org.apache.ratis.server.raftlog.segmented.SegmentedRaftLogWorker$StateMachineDataPolicy.getFromFuture(SegmentedRaftLogWorker.java:87)
	at org.apache.ratis.server.raftlog.segmented.SegmentedRaftLogWorker$WriteLog.execute(SegmentedRaftLogWorker.java:477)
	at org.apache.ratis.server.raftlog.segmented.SegmentedRaftLogWorker.run(SegmentedRaftLogWorker.java:289)
	at java.lang.Thread.run(Thread.java:748)
Caused by: java.util.concurrent.TimeoutException
	at java.util.concurrent.CompletableFuture.timedGet(CompletableFuture.java:1771)
	at java.util.concurrent.CompletableFuture.get(CompletableFuture.java:1915)
	at org.apache.ratis.util.IOUtils.getFromFuture(IOUtils.java:79)
	... 4 more
2019-09-12 05:57:50,973 [8f5ab14e-21d2-479d-9d33-3cad9b590bd0@group-F6DBAA47753D-SegmentedRaftLogWorker] WARN  segmented.SegmentedRaftLogWorker (SegmentedRaftLogWorker.java:getFromFuture(90)) - Timeout 4/~
org.apache.ratis.protocol.TimeoutIOException: Timeout 10s: WriteLog:8: (t:1, i:8), STATEMACHINELOGENTRY, client-6E3585A561A4, cid=17-writeStateMachineData
	at org.apache.ratis.util.IOUtils.getFromFuture(IOUtils.java:87)
	at org.apache.ratis.server.raftlog.segmented.SegmentedRaftLogWorker$StateMachineDataPolicy.getFromFuture(SegmentedRaftLogWorker.java:87)
	at org.apache.ratis.server.raftlog.segmented.SegmentedRaftLogWorker$WriteLog.execute(SegmentedRaftLogWorker.java:477)
	at org.apache.ratis.server.raftlog.segmented.SegmentedRaftLogWorker.run(SegmentedRaftLogWorker.java:289)
	at java.lang.Thread.run(Thread.java:748)
Caused by: java.util.concurrent.TimeoutException
	at java.util.concurrent.CompletableFuture.timedGet(CompletableFuture.java:1771)
	at java.util.concurrent.CompletableFuture.get(CompletableFuture.java:1915)
	at org.apache.ratis.util.IOUtils.getFromFuture(IOUtils.java:79)
	... 4 more
2019-09-12 05:57:51,349 [java.util.concurrent.ThreadPoolExecutor$Worker@2f1eeb17[State = -1, empty queue]] WARN  server.GrpcLogAppender (GrpcLogAppender.java:timeoutAppendRequest(200)) - 8f5ab14e-21d2-479d-9d33-3cad9b590bd0@group-F6DBAA47753D->df009476-bbf0-43a2-af41-11b5052a445f-GrpcLogAppender: appendEntries Timeout, request=8f5ab14e-21d2-479d-9d33-3cad9b590bd0->df009476-bbf0-43a2-af41-11b5052a445f#31-t1, previous=(t:1, i:11), leaderCommit=6, initializing? false, entries: <empty>
2019-09-12 05:57:51,349 [java.util.concurrent.ThreadPoolExecutor$Worker@eb5b01a[State = -1, empty queue]] WARN  server.GrpcLogAppender (GrpcLogAppender.java:timeoutAppendRequest(200)) - 8f5ab14e-21d2-479d-9d33-3cad9b590bd0@group-F6DBAA47753D->1f61edb1-ab55-473c-8774-d83fa3b21acc-GrpcLogAppender: appendEntries Timeout, request=8f5ab14e-21d2-479d-9d33-3cad9b590bd0->1f61edb1-ab55-473c-8774-d83fa3b21acc#31-t1, previous=(t:1, i:11), leaderCommit=6, initializing? false, entries: <empty>
2019-09-12 05:57:51,422 [grpc-default-executor-1] INFO  client.GrpcClientProtocolClient (GrpcClientProtocolClient.java:onNext(264)) - client-6E3585A561A4->df009476-bbf0-43a2-af41-11b5052a445f: receive RaftClientReply:client-6E3585A561A4->df009476-bbf0-43a2-af41-11b5052a445f@group-F6DBAA47753D, cid=16, FAILED org.apache.ratis.protocol.NotLeaderException: Server df009476-bbf0-43a2-af41-11b5052a445f@group-F6DBAA47753D is not the leader 8f5ab14e-21d2-479d-9d33-3cad9b590bd0:192.168.34.52:37331, logIndex=0, commits[df009476-bbf0-43a2-af41-11b5052a445f:c6, 1f61edb1-ab55-473c-8774-d83fa3b21acc:c4, 8f5ab14e-21d2-479d-9d33-3cad9b590bd0:c6]
2019-09-12 05:57:53,850 [java.util.concurrent.ThreadPoolExecutor$Worker@2f1eeb17[State = -1, empty queue]] WARN  server.GrpcLogAppender (GrpcLogAppender.java:timeoutAppendRequest(200)) - 8f5ab14e-21d2-479d-9d33-3cad9b590bd0@group-F6DBAA47753D->df009476-bbf0-43a2-af41-11b5052a445f-GrpcLogAppender: appendEntries Timeout, request=8f5ab14e-21d2-479d-9d33-3cad9b590bd0->df009476-bbf0-43a2-af41-11b5052a445f#32-t1, previous=(t:1, i:11), leaderCommit=6, initializing? false, entries: <empty>
2019-09-12 05:57:53,850 [java.util.concurrent.ThreadPoolExecutor$Worker@eb5b01a[State = -1, empty queue]] WARN  server.GrpcLogAppender (GrpcLogAppender.java:timeoutAppendRequest(200)) - 8f5ab14e-21d2-479d-9d33-3cad9b590bd0@group-F6DBAA47753D->1f61edb1-ab55-473c-8774-d83fa3b21acc-GrpcLogAppender: appendEntries Timeout, request=8f5ab14e-21d2-479d-9d33-3cad9b590bd0->1f61edb1-ab55-473c-8774-d83fa3b21acc#32-t1, previous=(t:1, i:11), leaderCommit=6, initializing? false, entries: <empty>
2019-09-12 05:57:56,351 [java.util.concurrent.ThreadPoolExecutor$Worker@eb5b01a[State = -1, empty queue]] WARN  server.GrpcLogAppender (GrpcLogAppender.java:timeoutAppendRequest(200)) - 8f5ab14e-21d2-479d-9d33-3cad9b590bd0@group-F6DBAA47753D->1f61edb1-ab55-473c-8774-d83fa3b21acc-GrpcLogAppender: appendEntries Timeout, request=8f5ab14e-21d2-479d-9d33-3cad9b590bd0->1f61edb1-ab55-473c-8774-d83fa3b21acc#33-t1, previous=(t:1, i:11), leaderCommit=6, initializing? false, entries: <empty>
2019-09-12 05:57:56,351 [java.util.concurrent.ThreadPoolExecutor$Worker@2f1eeb17[State = -1, empty queue]] WARN  server.GrpcLogAppender (GrpcLogAppender.java:timeoutAppendRequest(200)) - 8f5ab14e-21d2-479d-9d33-3cad9b590bd0@group-F6DBAA47753D->df009476-bbf0-43a2-af41-11b5052a445f-GrpcLogAppender: appendEntries Timeout, request=8f5ab14e-21d2-479d-9d33-3cad9b590bd0->df009476-bbf0-43a2-af41-11b5052a445f#33-t1, previous=(t:1, i:11), leaderCommit=6, initializing? false, entries: <empty>
2019-09-12 05:57:56,488 [grpc-default-executor-3] INFO  client.GrpcClientProtocolClient (GrpcClientProtocolClient.java:onNext(264)) - client-6E3585A561A4->df009476-bbf0-43a2-af41-11b5052a445f: receive RaftClientReply:client-6E3585A561A4->df009476-bbf0-43a2-af41-11b5052a445f@group-F6DBAA47753D, cid=16, FAILED org.apache.ratis.protocol.NotLeaderException: Server df009476-bbf0-43a2-af41-11b5052a445f@group-F6DBAA47753D is not the leader 8f5ab14e-21d2-479d-9d33-3cad9b590bd0:192.168.34.52:37331, logIndex=0, commits[df009476-bbf0-43a2-af41-11b5052a445f:c6, 1f61edb1-ab55-473c-8774-d83fa3b21acc:c4, 8f5ab14e-21d2-479d-9d33-3cad9b590bd0:c6]
2019-09-12 05:57:58,852 [java.util.concurrent.ThreadPoolExecutor$Worker@eb5b01a[State = -1, empty queue]] WARN  server.GrpcLogAppender (GrpcLogAppender.java:timeoutAppendRequest(200)) - 8f5ab14e-21d2-479d-9d33-3cad9b590bd0@group-F6DBAA47753D->1f61edb1-ab55-473c-8774-d83fa3b21acc-GrpcLogAppender: appendEntries Timeout, request=8f5ab14e-21d2-479d-9d33-3cad9b590bd0->1f61edb1-ab55-473c-8774-d83fa3b21acc#34-t1, previous=(t:1, i:11), leaderCommit=6, initializing? false, entries: <empty>
2019-09-12 05:57:58,852 [java.util.concurrent.ThreadPoolExecutor$Worker@2f1eeb17[State = -1, empty queue]] WARN  server.GrpcLogAppender (GrpcLogAppender.java:timeoutAppendRequest(200)) - 8f5ab14e-21d2-479d-9d33-3cad9b590bd0@group-F6DBAA47753D->df009476-bbf0-43a2-af41-11b5052a445f-GrpcLogAppender: appendEntries Timeout, request=8f5ab14e-21d2-479d-9d33-3cad9b590bd0->df009476-bbf0-43a2-af41-11b5052a445f#34-t1, previous=(t:1, i:11), leaderCommit=6, initializing? false, entries: <empty>
2019-09-12 05:58:00,841 [1f61edb1-ab55-473c-8774-d83fa3b21acc@group-F6DBAA47753D-SegmentedRaftLogWorker] WARN  segmented.SegmentedRaftLogWorker (SegmentedRaftLogWorker.java:getFromFuture(90)) - Timeout 5/~
org.apache.ratis.protocol.TimeoutIOException: Timeout 10s: WriteLog:7: (t:1, i:7), STATEMACHINELOGENTRY, client-6E3585A561A4, cid=16-writeStateMachineData
	at org.apache.ratis.util.IOUtils.getFromFuture(IOUtils.java:87)
	at org.apache.ratis.server.raftlog.segmented.SegmentedRaftLogWorker$StateMachineDataPolicy.getFromFuture(SegmentedRaftLogWorker.java:87)
	at org.apache.ratis.server.raftlog.segmented.SegmentedRaftLogWorker$WriteLog.execute(SegmentedRaftLogWorker.java:477)
	at org.apache.ratis.server.raftlog.segmented.SegmentedRaftLogWorker.run(SegmentedRaftLogWorker.java:289)
	at java.lang.Thread.run(Thread.java:748)
Caused by: java.util.concurrent.TimeoutException
	at java.util.concurrent.CompletableFuture.timedGet(CompletableFuture.java:1771)
	at java.util.concurrent.CompletableFuture.get(CompletableFuture.java:1915)
	at org.apache.ratis.util.IOUtils.getFromFuture(IOUtils.java:79)
	... 4 more
2019-09-12 05:58:00,950 [df009476-bbf0-43a2-af41-11b5052a445f@group-F6DBAA47753D-SegmentedRaftLogWorker] WARN  segmented.SegmentedRaftLogWorker (SegmentedRaftLogWorker.java:getFromFuture(90)) - Timeout 5/~
org.apache.ratis.protocol.TimeoutIOException: Timeout 10s: WriteLog:8: (t:1, i:8), STATEMACHINELOGENTRY, client-6E3585A561A4, cid=17-writeStateMachineData
	at org.apache.ratis.util.IOUtils.getFromFuture(IOUtils.java:87)
	at org.apache.ratis.server.raftlog.segmented.SegmentedRaftLogWorker$StateMachineDataPolicy.getFromFuture(SegmentedRaftLogWorker.java:87)
	at org.apache.ratis.server.raftlog.segmented.SegmentedRaftLogWorker$WriteLog.execute(SegmentedRaftLogWorker.java:477)
	at org.apache.ratis.server.raftlog.segmented.SegmentedRaftLogWorker.run(SegmentedRaftLogWorker.java:289)
	at java.lang.Thread.run(Thread.java:748)
Caused by: java.util.concurrent.TimeoutException
	at java.util.concurrent.CompletableFuture.timedGet(CompletableFuture.java:1771)
	at java.util.concurrent.CompletableFuture.get(CompletableFuture.java:1915)
	at org.apache.ratis.util.IOUtils.getFromFuture(IOUtils.java:79)
	... 4 more
2019-09-12 05:58:00,974 [8f5ab14e-21d2-479d-9d33-3cad9b590bd0@group-F6DBAA47753D-SegmentedRaftLogWorker] WARN  segmented.SegmentedRaftLogWorker (SegmentedRaftLogWorker.java:getFromFuture(90)) - Timeout 5/~
org.apache.ratis.protocol.TimeoutIOException: Timeout 10s: WriteLog:8: (t:1, i:8), STATEMACHINELOGENTRY, client-6E3585A561A4, cid=17-writeStateMachineData
	at org.apache.ratis.util.IOUtils.getFromFuture(IOUtils.java:87)
	at org.apache.ratis.server.raftlog.segmented.SegmentedRaftLogWorker$StateMachineDataPolicy.getFromFuture(SegmentedRaftLogWorker.java:87)
	at org.apache.ratis.server.raftlog.segmented.SegmentedRaftLogWorker$WriteLog.execute(SegmentedRaftLogWorker.java:477)
	at org.apache.ratis.server.raftlog.segmented.SegmentedRaftLogWorker.run(SegmentedRaftLogWorker.java:289)
	at java.lang.Thread.run(Thread.java:748)
Caused by: java.util.concurrent.TimeoutException
	at java.util.concurrent.CompletableFuture.timedGet(CompletableFuture.java:1771)
	at java.util.concurrent.CompletableFuture.get(CompletableFuture.java:1915)
	at org.apache.ratis.util.IOUtils.getFromFuture(IOUtils.java:79)
	... 4 more
2019-09-12 05:58:01,354 [java.util.concurrent.ThreadPoolExecutor$Worker@eb5b01a[State = -1, empty queue]] WARN  server.GrpcLogAppender (GrpcLogAppender.java:timeoutAppendRequest(200)) - 8f5ab14e-21d2-479d-9d33-3cad9b590bd0@group-F6DBAA47753D->1f61edb1-ab55-473c-8774-d83fa3b21acc-GrpcLogAppender: appendEntries Timeout, request=8f5ab14e-21d2-479d-9d33-3cad9b590bd0->1f61edb1-ab55-473c-8774-d83fa3b21acc#35-t1, previous=(t:1, i:11), leaderCommit=6, initializing? false, entries: <empty>
2019-09-12 05:58:01,354 [java.util.concurrent.ThreadPoolExecutor$Worker@2f1eeb17[State = -1, empty queue]] WARN  server.GrpcLogAppender (GrpcLogAppender.java:timeoutAppendRequest(200)) - 8f5ab14e-21d2-479d-9d33-3cad9b590bd0@group-F6DBAA47753D->df009476-bbf0-43a2-af41-11b5052a445f-GrpcLogAppender: appendEntries Timeout, request=8f5ab14e-21d2-479d-9d33-3cad9b590bd0->df009476-bbf0-43a2-af41-11b5052a445f#35-t1, previous=(t:1, i:11), leaderCommit=6, initializing? false, entries: <empty>
2019-09-12 05:58:01,547 [grpc-default-executor-1] INFO  client.GrpcClientProtocolClient (GrpcClientProtocolClient.java:onNext(264)) - client-6E3585A561A4->1f61edb1-ab55-473c-8774-d83fa3b21acc: receive RaftClientReply:client-6E3585A561A4->1f61edb1-ab55-473c-8774-d83fa3b21acc@group-F6DBAA47753D, cid=16, FAILED org.apache.ratis.protocol.NotLeaderException: Server 1f61edb1-ab55-473c-8774-d83fa3b21acc@group-F6DBAA47753D is not the leader 8f5ab14e-21d2-479d-9d33-3cad9b590bd0:192.168.34.52:37331, logIndex=0, commits[1f61edb1-ab55-473c-8774-d83fa3b21acc:c6, 8f5ab14e-21d2-479d-9d33-3cad9b590bd0:c6, df009476-bbf0-43a2-af41-11b5052a445f:c4]
2019-09-12 05:58:03,854 [java.util.concurrent.ThreadPoolExecutor$Worker@2f1eeb17[State = -1, empty queue]] WARN  server.GrpcLogAppender (GrpcLogAppender.java:timeoutAppendRequest(200)) - 8f5ab14e-21d2-479d-9d33-3cad9b590bd0@group-F6DBAA47753D->df009476-bbf0-43a2-af41-11b5052a445f-GrpcLogAppender: appendEntries Timeout, request=8f5ab14e-21d2-479d-9d33-3cad9b590bd0->df009476-bbf0-43a2-af41-11b5052a445f#36-t1, previous=(t:1, i:11), leaderCommit=6, initializing? false, entries: <empty>
2019-09-12 05:58:03,854 [java.util.concurrent.ThreadPoolExecutor$Worker@eb5b01a[State = -1, empty queue]] WARN  server.GrpcLogAppender (GrpcLogAppender.java:timeoutAppendRequest(200)) - 8f5ab14e-21d2-479d-9d33-3cad9b590bd0@group-F6DBAA47753D->1f61edb1-ab55-473c-8774-d83fa3b21acc-GrpcLogAppender: appendEntries Timeout, request=8f5ab14e-21d2-479d-9d33-3cad9b590bd0->1f61edb1-ab55-473c-8774-d83fa3b21acc#36-t1, previous=(t:1, i:11), leaderCommit=6, initializing? false, entries: <empty>
2019-09-12 05:58:06,356 [java.util.concurrent.ThreadPoolExecutor$Worker@2f1eeb17[State = -1, empty queue]] WARN  server.GrpcLogAppender (GrpcLogAppender.java:timeoutAppendRequest(200)) - 8f5ab14e-21d2-479d-9d33-3cad9b590bd0@group-F6DBAA47753D->df009476-bbf0-43a2-af41-11b5052a445f-GrpcLogAppender: appendEntries Timeout, request=8f5ab14e-21d2-479d-9d33-3cad9b590bd0->df009476-bbf0-43a2-af41-11b5052a445f#37-t1, previous=(t:1, i:11), leaderCommit=6, initializing? false, entries: <empty>
2019-09-12 05:58:06,357 [java.util.concurrent.ThreadPoolExecutor$Worker@eb5b01a[State = -1, empty queue]] WARN  server.GrpcLogAppender (GrpcLogAppender.java:timeoutAppendRequest(200)) - 8f5ab14e-21d2-479d-9d33-3cad9b590bd0@group-F6DBAA47753D->1f61edb1-ab55-473c-8774-d83fa3b21acc-GrpcLogAppender: appendEntries Timeout, request=8f5ab14e-21d2-479d-9d33-3cad9b590bd0->1f61edb1-ab55-473c-8774-d83fa3b21acc#37-t1, previous=(t:1, i:11), leaderCommit=6, initializing? false, entries: <empty>
2019-09-12 05:58:06,603 [grpc-default-executor-3] INFO  client.GrpcClientProtocolClient (GrpcClientProtocolClient.java:onNext(264)) - client-6E3585A561A4->df009476-bbf0-43a2-af41-11b5052a445f: receive RaftClientReply:client-6E3585A561A4->df009476-bbf0-43a2-af41-11b5052a445f@group-F6DBAA47753D, cid=16, FAILED org.apache.ratis.protocol.NotLeaderException: Server df009476-bbf0-43a2-af41-11b5052a445f@group-F6DBAA47753D is not the leader 8f5ab14e-21d2-479d-9d33-3cad9b590bd0:192.168.34.52:37331, logIndex=0, commits[df009476-bbf0-43a2-af41-11b5052a445f:c6, 1f61edb1-ab55-473c-8774-d83fa3b21acc:c4, 8f5ab14e-21d2-479d-9d33-3cad9b590bd0:c6]
2019-09-12 05:58:08,857 [java.util.concurrent.ThreadPoolExecutor$Worker@2f1eeb17[State = -1, empty queue]] WARN  server.GrpcLogAppender (GrpcLogAppender.java:timeoutAppendRequest(200)) - 8f5ab14e-21d2-479d-9d33-3cad9b590bd0@group-F6DBAA47753D->df009476-bbf0-43a2-af41-11b5052a445f-GrpcLogAppender: appendEntries Timeout, request=8f5ab14e-21d2-479d-9d33-3cad9b590bd0->df009476-bbf0-43a2-af41-11b5052a445f#38-t1, previous=(t:1, i:11), leaderCommit=6, initializing? false, entries: <empty>
2019-09-12 05:58:08,857 [java.util.concurrent.ThreadPoolExecutor$Worker@eb5b01a[State = -1, empty queue]] WARN  server.GrpcLogAppender (GrpcLogAppender.java:timeoutAppendRequest(200)) - 8f5ab14e-21d2-479d-9d33-3cad9b590bd0@group-F6DBAA47753D->1f61edb1-ab55-473c-8774-d83fa3b21acc-GrpcLogAppender: appendEntries Timeout, request=8f5ab14e-21d2-479d-9d33-3cad9b590bd0->1f61edb1-ab55-473c-8774-d83fa3b21acc#38-t1, previous=(t:1, i:11), leaderCommit=6, initializing? false, entries: <empty>
2019-09-12 05:58:10,842 [1f61edb1-ab55-473c-8774-d83fa3b21acc@group-F6DBAA47753D-SegmentedRaftLogWorker] WARN  segmented.SegmentedRaftLogWorker (SegmentedRaftLogWorker.java:getFromFuture(90)) - Timeout 6/~
org.apache.ratis.protocol.TimeoutIOException: Timeout 10s: WriteLog:7: (t:1, i:7), STATEMACHINELOGENTRY, client-6E3585A561A4, cid=16-writeStateMachineData
	at org.apache.ratis.util.IOUtils.getFromFuture(IOUtils.java:87)
	at org.apache.ratis.server.raftlog.segmented.SegmentedRaftLogWorker$StateMachineDataPolicy.getFromFuture(SegmentedRaftLogWorker.java:87)
	at org.apache.ratis.server.raftlog.segmented.SegmentedRaftLogWorker$WriteLog.execute(SegmentedRaftLogWorker.java:477)
	at org.apache.ratis.server.raftlog.segmented.SegmentedRaftLogWorker.run(SegmentedRaftLogWorker.java:289)
	at java.lang.Thread.run(Thread.java:748)
Caused by: java.util.concurrent.TimeoutException
	at java.util.concurrent.CompletableFuture.timedGet(CompletableFuture.java:1771)
	at java.util.concurrent.CompletableFuture.get(CompletableFuture.java:1915)
	at org.apache.ratis.util.IOUtils.getFromFuture(IOUtils.java:79)
	... 4 more
2019-09-12 05:58:10,951 [df009476-bbf0-43a2-af41-11b5052a445f@group-F6DBAA47753D-SegmentedRaftLogWorker] WARN  segmented.SegmentedRaftLogWorker (SegmentedRaftLogWorker.java:getFromFuture(90)) - Timeout 6/~
org.apache.ratis.protocol.TimeoutIOException: Timeout 10s: WriteLog:8: (t:1, i:8), STATEMACHINELOGENTRY, client-6E3585A561A4, cid=17-writeStateMachineData
	at org.apache.ratis.util.IOUtils.getFromFuture(IOUtils.java:87)
	at org.apache.ratis.server.raftlog.segmented.SegmentedRaftLogWorker$StateMachineDataPolicy.getFromFuture(SegmentedRaftLogWorker.java:87)
	at org.apache.ratis.server.raftlog.segmented.SegmentedRaftLogWorker$WriteLog.execute(SegmentedRaftLogWorker.java:477)
	at org.apache.ratis.server.raftlog.segmented.SegmentedRaftLogWorker.run(SegmentedRaftLogWorker.java:289)
	at java.lang.Thread.run(Thread.java:748)
Caused by: java.util.concurrent.TimeoutException
	at java.util.concurrent.CompletableFuture.timedGet(CompletableFuture.java:1771)
	at java.util.concurrent.CompletableFuture.get(CompletableFuture.java:1915)
	at org.apache.ratis.util.IOUtils.getFromFuture(IOUtils.java:79)
	... 4 more
2019-09-12 05:58:10,977 [8f5ab14e-21d2-479d-9d33-3cad9b590bd0@group-F6DBAA47753D-SegmentedRaftLogWorker] WARN  segmented.SegmentedRaftLogWorker (SegmentedRaftLogWorker.java:getFromFuture(90)) - Timeout 6/~
org.apache.ratis.protocol.TimeoutIOException: Timeout 10s: WriteLog:8: (t:1, i:8), STATEMACHINELOGENTRY, client-6E3585A561A4, cid=17-writeStateMachineData
	at org.apache.ratis.util.IOUtils.getFromFuture(IOUtils.java:87)
	at org.apache.ratis.server.raftlog.segmented.SegmentedRaftLogWorker$StateMachineDataPolicy.getFromFuture(SegmentedRaftLogWorker.java:87)
	at org.apache.ratis.server.raftlog.segmented.SegmentedRaftLogWorker$WriteLog.execute(SegmentedRaftLogWorker.java:477)
	at org.apache.ratis.server.raftlog.segmented.SegmentedRaftLogWorker.run(SegmentedRaftLogWorker.java:289)
	at java.lang.Thread.run(Thread.java:748)
Caused by: java.util.concurrent.TimeoutException
	at java.util.concurrent.CompletableFuture.timedGet(CompletableFuture.java:1771)
	at java.util.concurrent.CompletableFuture.get(CompletableFuture.java:1915)
	at org.apache.ratis.util.IOUtils.getFromFuture(IOUtils.java:79)
	... 4 more
2019-09-12 05:58:11,358 [java.util.concurrent.ThreadPoolExecutor$Worker@2f1eeb17[State = -1, empty queue]] WARN  server.GrpcLogAppender (GrpcLogAppender.java:timeoutAppendRequest(200)) - 8f5ab14e-21d2-479d-9d33-3cad9b590bd0@group-F6DBAA47753D->df009476-bbf0-43a2-af41-11b5052a445f-GrpcLogAppender: appendEntries Timeout, request=8f5ab14e-21d2-479d-9d33-3cad9b590bd0->df009476-bbf0-43a2-af41-11b5052a445f#39-t1, previous=(t:1, i:11), leaderCommit=6, initializing? false, entries: <empty>
2019-09-12 05:58:11,358 [java.util.concurrent.ThreadPoolExecutor$Worker@eb5b01a[State = -1, empty queue]] WARN  server.GrpcLogAppender (GrpcLogAppender.java:timeoutAppendRequest(200)) - 8f5ab14e-21d2-479d-9d33-3cad9b590bd0@group-F6DBAA47753D->1f61edb1-ab55-473c-8774-d83fa3b21acc-GrpcLogAppender: appendEntries Timeout, request=8f5ab14e-21d2-479d-9d33-3cad9b590bd0->1f61edb1-ab55-473c-8774-d83fa3b21acc#39-t1, previous=(t:1, i:11), leaderCommit=6, initializing? false, entries: <empty>
2019-09-12 05:58:11,660 [grpc-default-executor-3] INFO  client.GrpcClientProtocolClient (GrpcClientProtocolClient.java:onNext(264)) - client-6E3585A561A4->df009476-bbf0-43a2-af41-11b5052a445f: receive RaftClientReply:client-6E3585A561A4->df009476-bbf0-43a2-af41-11b5052a445f@group-F6DBAA47753D, cid=16, FAILED org.apache.ratis.protocol.NotLeaderException: Server df009476-bbf0-43a2-af41-11b5052a445f@group-F6DBAA47753D is not the leader 8f5ab14e-21d2-479d-9d33-3cad9b590bd0:192.168.34.52:37331, logIndex=0, commits[df009476-bbf0-43a2-af41-11b5052a445f:c6, 1f61edb1-ab55-473c-8774-d83fa3b21acc:c4, 8f5ab14e-21d2-479d-9d33-3cad9b590bd0:c6]
2019-09-12 05:58:13,859 [java.util.concurrent.ThreadPoolExecutor$Worker@eb5b01a[State = -1, empty queue]] WARN  server.GrpcLogAppender (GrpcLogAppender.java:timeoutAppendRequest(200)) - 8f5ab14e-21d2-479d-9d33-3cad9b590bd0@group-F6DBAA47753D->1f61edb1-ab55-473c-8774-d83fa3b21acc-GrpcLogAppender: appendEntries Timeout, request=8f5ab14e-21d2-479d-9d33-3cad9b590bd0->1f61edb1-ab55-473c-8774-d83fa3b21acc#40-t1, previous=(t:1, i:11), leaderCommit=6, initializing? false, entries: <empty>
2019-09-12 05:58:13,859 [java.util.concurrent.ThreadPoolExecutor$Worker@2f1eeb17[State = -1, empty queue]] WARN  server.GrpcLogAppender (GrpcLogAppender.java:timeoutAppendRequest(200)) - 8f5ab14e-21d2-479d-9d33-3cad9b590bd0@group-F6DBAA47753D->df009476-bbf0-43a2-af41-11b5052a445f-GrpcLogAppender: appendEntries Timeout, request=8f5ab14e-21d2-479d-9d33-3cad9b590bd0->df009476-bbf0-43a2-af41-11b5052a445f#40-t1, previous=(t:1, i:11), leaderCommit=6, initializing? false, entries: <empty>
2019-09-12 05:58:16,359 [java.util.concurrent.ThreadPoolExecutor$Worker@2f1eeb17[State = -1, empty queue]] WARN  server.GrpcLogAppender (GrpcLogAppender.java:timeoutAppendRequest(200)) - 8f5ab14e-21d2-479d-9d33-3cad9b590bd0@group-F6DBAA47753D->df009476-bbf0-43a2-af41-11b5052a445f-GrpcLogAppender: appendEntries Timeout, request=8f5ab14e-21d2-479d-9d33-3cad9b590bd0->df009476-bbf0-43a2-af41-11b5052a445f#41-t1, previous=(t:1, i:11), leaderCommit=6, initializing? false, entries: <empty>
2019-09-12 05:58:16,359 [java.util.concurrent.ThreadPoolExecutor$Worker@eb5b01a[State = -1, empty queue]] WARN  server.GrpcLogAppender (GrpcLogAppender.java:timeoutAppendRequest(200)) - 8f5ab14e-21d2-479d-9d33-3cad9b590bd0@group-F6DBAA47753D->1f61edb1-ab55-473c-8774-d83fa3b21acc-GrpcLogAppender: appendEntries Timeout, request=8f5ab14e-21d2-479d-9d33-3cad9b590bd0->1f61edb1-ab55-473c-8774-d83fa3b21acc#41-t1, previous=(t:1, i:11), leaderCommit=6, initializing? false, entries: <empty>
2019-09-12 05:58:16,732 [grpc-default-executor-1] INFO  client.GrpcClientProtocolClient (GrpcClientProtocolClient.java:onNext(264)) - client-6E3585A561A4->df009476-bbf0-43a2-af41-11b5052a445f: receive RaftClientReply:client-6E3585A561A4->df009476-bbf0-43a2-af41-11b5052a445f@group-F6DBAA47753D, cid=16, FAILED org.apache.ratis.protocol.NotLeaderException: Server df009476-bbf0-43a2-af41-11b5052a445f@group-F6DBAA47753D is not the leader 8f5ab14e-21d2-479d-9d33-3cad9b590bd0:192.168.34.52:37331, logIndex=0, commits[df009476-bbf0-43a2-af41-11b5052a445f:c6, 1f61edb1-ab55-473c-8774-d83fa3b21acc:c4, 8f5ab14e-21d2-479d-9d33-3cad9b590bd0:c6]
2019-09-12 05:58:18,860 [java.util.concurrent.ThreadPoolExecutor$Worker@eb5b01a[State = -1, empty queue]] WARN  server.GrpcLogAppender (GrpcLogAppender.java:timeoutAppendRequest(200)) - 8f5ab14e-21d2-479d-9d33-3cad9b590bd0@group-F6DBAA47753D->1f61edb1-ab55-473c-8774-d83fa3b21acc-GrpcLogAppender: appendEntries Timeout, request=8f5ab14e-21d2-479d-9d33-3cad9b590bd0->1f61edb1-ab55-473c-8774-d83fa3b21acc#42-t1, previous=(t:1, i:11), leaderCommit=6, initializing? false, entries: <empty>
2019-09-12 05:58:18,860 [java.util.concurrent.ThreadPoolExecutor$Worker@2f1eeb17[State = -1, empty queue]] WARN  server.GrpcLogAppender (GrpcLogAppender.java:timeoutAppendRequest(200)) - 8f5ab14e-21d2-479d-9d33-3cad9b590bd0@group-F6DBAA47753D->df009476-bbf0-43a2-af41-11b5052a445f-GrpcLogAppender: appendEntries Timeout, request=8f5ab14e-21d2-479d-9d33-3cad9b590bd0->df009476-bbf0-43a2-af41-11b5052a445f#42-t1, previous=(t:1, i:11), leaderCommit=6, initializing? false, entries: <empty>
2019-09-12 05:58:20,844 [1f61edb1-ab55-473c-8774-d83fa3b21acc@group-F6DBAA47753D-SegmentedRaftLogWorker] WARN  segmented.SegmentedRaftLogWorker (SegmentedRaftLogWorker.java:getFromFuture(90)) - Timeout 7/~
org.apache.ratis.protocol.TimeoutIOException: Timeout 10s: WriteLog:7: (t:1, i:7), STATEMACHINELOGENTRY, client-6E3585A561A4, cid=16-writeStateMachineData
	at org.apache.ratis.util.IOUtils.getFromFuture(IOUtils.java:87)
	at org.apache.ratis.server.raftlog.segmented.SegmentedRaftLogWorker$StateMachineDataPolicy.getFromFuture(SegmentedRaftLogWorker.java:87)
	at org.apache.ratis.server.raftlog.segmented.SegmentedRaftLogWorker$WriteLog.execute(SegmentedRaftLogWorker.java:477)
	at org.apache.ratis.server.raftlog.segmented.SegmentedRaftLogWorker.run(SegmentedRaftLogWorker.java:289)
	at java.lang.Thread.run(Thread.java:748)
Caused by: java.util.concurrent.TimeoutException
	at java.util.concurrent.CompletableFuture.timedGet(CompletableFuture.java:1771)
	at java.util.concurrent.CompletableFuture.get(CompletableFuture.java:1915)
	at org.apache.ratis.util.IOUtils.getFromFuture(IOUtils.java:79)
	... 4 more
2019-09-12 05:58:20,977 [df009476-bbf0-43a2-af41-11b5052a445f@group-F6DBAA47753D-SegmentedRaftLogWorker] WARN  segmented.SegmentedRaftLogWorker (SegmentedRaftLogWorker.java:getFromFuture(90)) - Timeout 7/~
org.apache.ratis.protocol.TimeoutIOException: Timeout 10s: WriteLog:8: (t:1, i:8), STATEMACHINELOGENTRY, client-6E3585A561A4, cid=17-writeStateMachineData
	at org.apache.ratis.util.IOUtils.getFromFuture(IOUtils.java:87)
	at org.apache.ratis.server.raftlog.segmented.SegmentedRaftLogWorker$StateMachineDataPolicy.getFromFuture(SegmentedRaftLogWorker.java:87)
	at org.apache.ratis.server.raftlog.segmented.SegmentedRaftLogWorker$WriteLog.execute(SegmentedRaftLogWorker.java:477)
	at org.apache.ratis.server.raftlog.segmented.SegmentedRaftLogWorker.run(SegmentedRaftLogWorker.java:289)
	at java.lang.Thread.run(Thread.java:748)
Caused by: java.util.concurrent.TimeoutException
	at java.util.concurrent.CompletableFuture.timedGet(CompletableFuture.java:1771)
	at java.util.concurrent.CompletableFuture.get(CompletableFuture.java:1915)
	at org.apache.ratis.util.IOUtils.getFromFuture(IOUtils.java:79)
	... 4 more
2019-09-12 05:58:20,978 [8f5ab14e-21d2-479d-9d33-3cad9b590bd0@group-F6DBAA47753D-SegmentedRaftLogWorker] WARN  segmented.SegmentedRaftLogWorker (SegmentedRaftLogWorker.java:getFromFuture(90)) - Timeout 7/~
org.apache.ratis.protocol.TimeoutIOException: Timeout 10s: WriteLog:8: (t:1, i:8), STATEMACHINELOGENTRY, client-6E3585A561A4, cid=17-writeStateMachineData
	at org.apache.ratis.util.IOUtils.getFromFuture(IOUtils.java:87)
	at org.apache.ratis.server.raftlog.segmented.SegmentedRaftLogWorker$StateMachineDataPolicy.getFromFuture(SegmentedRaftLogWorker.java:87)
	at org.apache.ratis.server.raftlog.segmented.SegmentedRaftLogWorker$WriteLog.execute(SegmentedRaftLogWorker.java:477)
	at org.apache.ratis.server.raftlog.segmented.SegmentedRaftLogWorker.run(SegmentedRaftLogWorker.java:289)
	at java.lang.Thread.run(Thread.java:748)
Caused by: java.util.concurrent.TimeoutException
	at java.util.concurrent.CompletableFuture.timedGet(CompletableFuture.java:1771)
	at java.util.concurrent.CompletableFuture.get(CompletableFuture.java:1915)
	at org.apache.ratis.util.IOUtils.getFromFuture(IOUtils.java:79)
	... 4 more
2019-09-12 05:58:21,360 [java.util.concurrent.ThreadPoolExecutor$Worker@2f1eeb17[State = -1, empty queue]] WARN  server.GrpcLogAppender (GrpcLogAppender.java:timeoutAppendRequest(200)) - 8f5ab14e-21d2-479d-9d33-3cad9b590bd0@group-F6DBAA47753D->df009476-bbf0-43a2-af41-11b5052a445f-GrpcLogAppender: appendEntries Timeout, request=8f5ab14e-21d2-479d-9d33-3cad9b590bd0->df009476-bbf0-43a2-af41-11b5052a445f#43-t1, previous=(t:1, i:11), leaderCommit=6, initializing? false, entries: <empty>
2019-09-12 05:58:21,360 [java.util.concurrent.ThreadPoolExecutor$Worker@eb5b01a[State = -1, empty queue]] WARN  server.GrpcLogAppender (GrpcLogAppender.java:timeoutAppendRequest(200)) - 8f5ab14e-21d2-479d-9d33-3cad9b590bd0@group-F6DBAA47753D->1f61edb1-ab55-473c-8774-d83fa3b21acc-GrpcLogAppender: appendEntries Timeout, request=8f5ab14e-21d2-479d-9d33-3cad9b590bd0->1f61edb1-ab55-473c-8774-d83fa3b21acc#43-t1, previous=(t:1, i:11), leaderCommit=6, initializing? false, entries: <empty>
2019-09-12 05:58:21,787 [grpc-default-executor-1] INFO  client.GrpcClientProtocolClient (GrpcClientProtocolClient.java:onNext(264)) - client-6E3585A561A4->1f61edb1-ab55-473c-8774-d83fa3b21acc: receive RaftClientReply:client-6E3585A561A4->1f61edb1-ab55-473c-8774-d83fa3b21acc@group-F6DBAA47753D, cid=16, FAILED org.apache.ratis.protocol.NotLeaderException: Server 1f61edb1-ab55-473c-8774-d83fa3b21acc@group-F6DBAA47753D is not the leader 8f5ab14e-21d2-479d-9d33-3cad9b590bd0:192.168.34.52:37331, logIndex=0, commits[1f61edb1-ab55-473c-8774-d83fa3b21acc:c6, 8f5ab14e-21d2-479d-9d33-3cad9b590bd0:c6, df009476-bbf0-43a2-af41-11b5052a445f:c4]
2019-09-12 05:58:23,861 [java.util.concurrent.ThreadPoolExecutor$Worker@2f1eeb17[State = -1, empty queue]] WARN  server.GrpcLogAppender (GrpcLogAppender.java:timeoutAppendRequest(200)) - 8f5ab14e-21d2-479d-9d33-3cad9b590bd0@group-F6DBAA47753D->df009476-bbf0-43a2-af41-11b5052a445f-GrpcLogAppender: appendEntries Timeout, request=8f5ab14e-21d2-479d-9d33-3cad9b590bd0->df009476-bbf0-43a2-af41-11b5052a445f#44-t1, previous=(t:1, i:11), leaderCommit=6, initializing? false, entries: <empty>
2019-09-12 05:58:23,861 [java.util.concurrent.ThreadPoolExecutor$Worker@eb5b01a[State = -1, empty queue]] WARN  server.GrpcLogAppender (GrpcLogAppender.java:timeoutAppendRequest(200)) - 8f5ab14e-21d2-479d-9d33-3cad9b590bd0@group-F6DBAA47753D->1f61edb1-ab55-473c-8774-d83fa3b21acc-GrpcLogAppender: appendEntries Timeout, request=8f5ab14e-21d2-479d-9d33-3cad9b590bd0->1f61edb1-ab55-473c-8774-d83fa3b21acc#44-t1, previous=(t:1, i:11), leaderCommit=6, initializing? false, entries: <empty>
2019-09-12 05:58:26,361 [java.util.concurrent.ThreadPoolExecutor$Worker@2f1eeb17[State = -1, empty queue]] WARN  server.GrpcLogAppender (GrpcLogAppender.java:timeoutAppendRequest(200)) - 8f5ab14e-21d2-479d-9d33-3cad9b590bd0@group-F6DBAA47753D->df009476-bbf0-43a2-af41-11b5052a445f-GrpcLogAppender: appendEntries Timeout, request=8f5ab14e-21d2-479d-9d33-3cad9b590bd0->df009476-bbf0-43a2-af41-11b5052a445f#45-t1, previous=(t:1, i:11), leaderCommit=6, initializing? false, entries: <empty>
2019-09-12 05:58:26,361 [java.util.concurrent.ThreadPoolExecutor$Worker@eb5b01a[State = -1, empty queue]] WARN  server.GrpcLogAppender (GrpcLogAppender.java:timeoutAppendRequest(200)) - 8f5ab14e-21d2-479d-9d33-3cad9b590bd0@group-F6DBAA47753D->1f61edb1-ab55-473c-8774-d83fa3b21acc-GrpcLogAppender: appendEntries Timeout, request=8f5ab14e-21d2-479d-9d33-3cad9b590bd0->1f61edb1-ab55-473c-8774-d83fa3b21acc#45-t1, previous=(t:1, i:11), leaderCommit=6, initializing? false, entries: <empty>
2019-09-12 05:58:26,842 [grpc-default-executor-3] INFO  client.GrpcClientProtocolClient (GrpcClientProtocolClient.java:onNext(264)) - client-6E3585A561A4->1f61edb1-ab55-473c-8774-d83fa3b21acc: receive RaftClientReply:client-6E3585A561A4->1f61edb1-ab55-473c-8774-d83fa3b21acc@group-F6DBAA47753D, cid=16, FAILED org.apache.ratis.protocol.NotLeaderException: Server 1f61edb1-ab55-473c-8774-d83fa3b21acc@group-F6DBAA47753D is not the leader 8f5ab14e-21d2-479d-9d33-3cad9b590bd0:192.168.34.52:37331, logIndex=0, commits[1f61edb1-ab55-473c-8774-d83fa3b21acc:c6, 8f5ab14e-21d2-479d-9d33-3cad9b590bd0:c6, df009476-bbf0-43a2-af41-11b5052a445f:c4]
2019-09-12 05:58:28,862 [java.util.concurrent.ThreadPoolExecutor$Worker@2f1eeb17[State = -1, empty queue]] WARN  server.GrpcLogAppender (GrpcLogAppender.java:timeoutAppendRequest(200)) - 8f5ab14e-21d2-479d-9d33-3cad9b590bd0@group-F6DBAA47753D->df009476-bbf0-43a2-af41-11b5052a445f-GrpcLogAppender: appendEntries Timeout, request=8f5ab14e-21d2-479d-9d33-3cad9b590bd0->df009476-bbf0-43a2-af41-11b5052a445f#46-t1, previous=(t:1, i:11), leaderCommit=6, initializing? false, entries: <empty>
2019-09-12 05:58:28,862 [java.util.concurrent.ThreadPoolExecutor$Worker@eb5b01a[State = -1, empty queue]] WARN  server.GrpcLogAppender (GrpcLogAppender.java:timeoutAppendRequest(200)) - 8f5ab14e-21d2-479d-9d33-3cad9b590bd0@group-F6DBAA47753D->1f61edb1-ab55-473c-8774-d83fa3b21acc-GrpcLogAppender: appendEntries Timeout, request=8f5ab14e-21d2-479d-9d33-3cad9b590bd0->1f61edb1-ab55-473c-8774-d83fa3b21acc#46-t1, previous=(t:1, i:11), leaderCommit=6, initializing? false, entries: <empty>
2019-09-12 05:58:30,845 [1f61edb1-ab55-473c-8774-d83fa3b21acc@group-F6DBAA47753D-SegmentedRaftLogWorker] WARN  segmented.SegmentedRaftLogWorker (SegmentedRaftLogWorker.java:getFromFuture(90)) - Timeout 8/~
org.apache.ratis.protocol.TimeoutIOException: Timeout 10s: WriteLog:7: (t:1, i:7), STATEMACHINELOGENTRY, client-6E3585A561A4, cid=16-writeStateMachineData
	at org.apache.ratis.util.IOUtils.getFromFuture(IOUtils.java:87)
	at org.apache.ratis.server.raftlog.segmented.SegmentedRaftLogWorker$StateMachineDataPolicy.getFromFuture(SegmentedRaftLogWorker.java:87)
	at org.apache.ratis.server.raftlog.segmented.SegmentedRaftLogWorker$WriteLog.execute(SegmentedRaftLogWorker.java:477)
	at org.apache.ratis.server.raftlog.segmented.SegmentedRaftLogWorker.run(SegmentedRaftLogWorker.java:289)
	at java.lang.Thread.run(Thread.java:748)
Caused by: java.util.concurrent.TimeoutException
	at java.util.concurrent.CompletableFuture.timedGet(CompletableFuture.java:1771)
	at java.util.concurrent.CompletableFuture.get(CompletableFuture.java:1915)
	at org.apache.ratis.util.IOUtils.getFromFuture(IOUtils.java:79)
	... 4 more
2019-09-12 05:58:30,978 [df009476-bbf0-43a2-af41-11b5052a445f@group-F6DBAA47753D-SegmentedRaftLogWorker] WARN  segmented.SegmentedRaftLogWorker (SegmentedRaftLogWorker.java:getFromFuture(90)) - Timeout 8/~
org.apache.ratis.protocol.TimeoutIOException: Timeout 10s: WriteLog:8: (t:1, i:8), STATEMACHINELOGENTRY, client-6E3585A561A4, cid=17-writeStateMachineData
	at org.apache.ratis.util.IOUtils.getFromFuture(IOUtils.java:87)
	at org.apache.ratis.server.raftlog.segmented.SegmentedRaftLogWorker$StateMachineDataPolicy.getFromFuture(SegmentedRaftLogWorker.java:87)
	at org.apache.ratis.server.raftlog.segmented.SegmentedRaftLogWorker$WriteLog.execute(SegmentedRaftLogWorker.java:477)
	at org.apache.ratis.server.raftlog.segmented.SegmentedRaftLogWorker.run(SegmentedRaftLogWorker.java:289)
	at java.lang.Thread.run(Thread.java:748)
Caused by: java.util.concurrent.TimeoutException
	at java.util.concurrent.CompletableFuture.timedGet(CompletableFuture.java:1771)
	at java.util.concurrent.CompletableFuture.get(CompletableFuture.java:1915)
	at org.apache.ratis.util.IOUtils.getFromFuture(IOUtils.java:79)
	... 4 more
2019-09-12 05:58:30,979 [8f5ab14e-21d2-479d-9d33-3cad9b590bd0@group-F6DBAA47753D-SegmentedRaftLogWorker] WARN  segmented.SegmentedRaftLogWorker (SegmentedRaftLogWorker.java:getFromFuture(90)) - Timeout 8/~
org.apache.ratis.protocol.TimeoutIOException: Timeout 10s: WriteLog:8: (t:1, i:8), STATEMACHINELOGENTRY, client-6E3585A561A4, cid=17-writeStateMachineData
	at org.apache.ratis.util.IOUtils.getFromFuture(IOUtils.java:87)
	at org.apache.ratis.server.raftlog.segmented.SegmentedRaftLogWorker$StateMachineDataPolicy.getFromFuture(SegmentedRaftLogWorker.java:87)
	at org.apache.ratis.server.raftlog.segmented.SegmentedRaftLogWorker$WriteLog.execute(SegmentedRaftLogWorker.java:477)
	at org.apache.ratis.server.raftlog.segmented.SegmentedRaftLogWorker.run(SegmentedRaftLogWorker.java:289)
	at java.lang.Thread.run(Thread.java:748)
Caused by: java.util.concurrent.TimeoutException
	at java.util.concurrent.CompletableFuture.timedGet(CompletableFuture.java:1771)
	at java.util.concurrent.CompletableFuture.get(CompletableFuture.java:1915)
	at org.apache.ratis.util.IOUtils.getFromFuture(IOUtils.java:79)
	... 4 more
2019-09-12 05:58:31,362 [java.util.concurrent.ThreadPoolExecutor$Worker@2f1eeb17[State = -1, empty queue]] WARN  server.GrpcLogAppender (GrpcLogAppender.java:timeoutAppendRequest(200)) - 8f5ab14e-21d2-479d-9d33-3cad9b590bd0@group-F6DBAA47753D->df009476-bbf0-43a2-af41-11b5052a445f-GrpcLogAppender: appendEntries Timeout, request=8f5ab14e-21d2-479d-9d33-3cad9b590bd0->df009476-bbf0-43a2-af41-11b5052a445f#47-t1, previous=(t:1, i:11), leaderCommit=6, initializing? false, entries: <empty>
2019-09-12 05:58:31,362 [java.util.concurrent.ThreadPoolExecutor$Worker@eb5b01a[State = -1, empty queue]] WARN  server.GrpcLogAppender (GrpcLogAppender.java:timeoutAppendRequest(200)) - 8f5ab14e-21d2-479d-9d33-3cad9b590bd0@group-F6DBAA47753D->1f61edb1-ab55-473c-8774-d83fa3b21acc-GrpcLogAppender: appendEntries Timeout, request=8f5ab14e-21d2-479d-9d33-3cad9b590bd0->1f61edb1-ab55-473c-8774-d83fa3b21acc#47-t1, previous=(t:1, i:11), leaderCommit=6, initializing? false, entries: <empty>
2019-09-12 05:58:31,891 [grpc-default-executor-1] INFO  client.GrpcClientProtocolClient (GrpcClientProtocolClient.java:onNext(264)) - client-6E3585A561A4->df009476-bbf0-43a2-af41-11b5052a445f: receive RaftClientReply:client-6E3585A561A4->df009476-bbf0-43a2-af41-11b5052a445f@group-F6DBAA47753D, cid=16, FAILED org.apache.ratis.protocol.NotLeaderException: Server df009476-bbf0-43a2-af41-11b5052a445f@group-F6DBAA47753D is not the leader 8f5ab14e-21d2-479d-9d33-3cad9b590bd0:192.168.34.52:37331, logIndex=0, commits[df009476-bbf0-43a2-af41-11b5052a445f:c6, 1f61edb1-ab55-473c-8774-d83fa3b21acc:c4, 8f5ab14e-21d2-479d-9d33-3cad9b590bd0:c6]
2019-09-12 05:58:33,863 [java.util.concurrent.ThreadPoolExecutor$Worker@2f1eeb17[State = -1, empty queue]] WARN  server.GrpcLogAppender (GrpcLogAppender.java:timeoutAppendRequest(200)) - 8f5ab14e-21d2-479d-9d33-3cad9b590bd0@group-F6DBAA47753D->df009476-bbf0-43a2-af41-11b5052a445f-GrpcLogAppender: appendEntries Timeout, request=8f5ab14e-21d2-479d-9d33-3cad9b590bd0->df009476-bbf0-43a2-af41-11b5052a445f#48-t1, previous=(t:1, i:11), leaderCommit=6, initializing? false, entries: <empty>
2019-09-12 05:58:33,863 [java.util.concurrent.ThreadPoolExecutor$Worker@eb5b01a[State = -1, empty queue]] WARN  server.GrpcLogAppender (GrpcLogAppender.java:timeoutAppendRequest(200)) - 8f5ab14e-21d2-479d-9d33-3cad9b590bd0@group-F6DBAA47753D->1f61edb1-ab55-473c-8774-d83fa3b21acc-GrpcLogAppender: appendEntries Timeout, request=8f5ab14e-21d2-479d-9d33-3cad9b590bd0->1f61edb1-ab55-473c-8774-d83fa3b21acc#48-t1, previous=(t:1, i:11), leaderCommit=6, initializing? false, entries: <empty>
2019-09-12 05:58:36,363 [java.util.concurrent.ThreadPoolExecutor$Worker@2f1eeb17[State = -1, empty queue]] WARN  server.GrpcLogAppender (GrpcLogAppender.java:timeoutAppendRequest(200)) - 8f5ab14e-21d2-479d-9d33-3cad9b590bd0@group-F6DBAA47753D->df009476-bbf0-43a2-af41-11b5052a445f-GrpcLogAppender: appendEntries Timeout, request=8f5ab14e-21d2-479d-9d33-3cad9b590bd0->df009476-bbf0-43a2-af41-11b5052a445f#49-t1, previous=(t:1, i:11), leaderCommit=6, initializing? false, entries: <empty>
2019-09-12 05:58:36,363 [java.util.concurrent.ThreadPoolExecutor$Worker@eb5b01a[State = -1, empty queue]] WARN  server.GrpcLogAppender (GrpcLogAppender.java:timeoutAppendRequest(200)) - 8f5ab14e-21d2-479d-9d33-3cad9b590bd0@group-F6DBAA47753D->1f61edb1-ab55-473c-8774-d83fa3b21acc-GrpcLogAppender: appendEntries Timeout, request=8f5ab14e-21d2-479d-9d33-3cad9b590bd0->1f61edb1-ab55-473c-8774-d83fa3b21acc#49-t1, previous=(t:1, i:11), leaderCommit=6, initializing? false, entries: <empty>
2019-09-12 05:58:36,951 [grpc-default-executor-1] INFO  client.GrpcClientProtocolClient (GrpcClientProtocolClient.java:onNext(264)) - client-6E3585A561A4->1f61edb1-ab55-473c-8774-d83fa3b21acc: receive RaftClientReply:client-6E3585A561A4->1f61edb1-ab55-473c-8774-d83fa3b21acc@group-F6DBAA47753D, cid=16, FAILED org.apache.ratis.protocol.NotLeaderException: Server 1f61edb1-ab55-473c-8774-d83fa3b21acc@group-F6DBAA47753D is not the leader 8f5ab14e-21d2-479d-9d33-3cad9b590bd0:192.168.34.52:37331, logIndex=0, commits[1f61edb1-ab55-473c-8774-d83fa3b21acc:c6, 8f5ab14e-21d2-479d-9d33-3cad9b590bd0:c6, df009476-bbf0-43a2-af41-11b5052a445f:c4]
2019-09-12 05:58:38,864 [java.util.concurrent.ThreadPoolExecutor$Worker@eb5b01a[State = -1, empty queue]] WARN  server.GrpcLogAppender (GrpcLogAppender.java:timeoutAppendRequest(200)) - 8f5ab14e-21d2-479d-9d33-3cad9b590bd0@group-F6DBAA47753D->1f61edb1-ab55-473c-8774-d83fa3b21acc-GrpcLogAppender: appendEntries Timeout, request=8f5ab14e-21d2-479d-9d33-3cad9b590bd0->1f61edb1-ab55-473c-8774-d83fa3b21acc#50-t1, previous=(t:1, i:11), leaderCommit=6, initializing? false, entries: <empty>
2019-09-12 05:58:38,864 [java.util.concurrent.ThreadPoolExecutor$Worker@2f1eeb17[State = -1, empty queue]] WARN  server.GrpcLogAppender (GrpcLogAppender.java:timeoutAppendRequest(200)) - 8f5ab14e-21d2-479d-9d33-3cad9b590bd0@group-F6DBAA47753D->df009476-bbf0-43a2-af41-11b5052a445f-GrpcLogAppender: appendEntries Timeout, request=8f5ab14e-21d2-479d-9d33-3cad9b590bd0->df009476-bbf0-43a2-af41-11b5052a445f#50-t1, previous=(t:1, i:11), leaderCommit=6, initializing? false, entries: <empty>
2019-09-12 05:58:40,846 [1f61edb1-ab55-473c-8774-d83fa3b21acc@group-F6DBAA47753D-SegmentedRaftLogWorker] WARN  segmented.SegmentedRaftLogWorker (SegmentedRaftLogWorker.java:getFromFuture(90)) - Timeout 9/~
org.apache.ratis.protocol.TimeoutIOException: Timeout 10s: WriteLog:7: (t:1, i:7), STATEMACHINELOGENTRY, client-6E3585A561A4, cid=16-writeStateMachineData
	at org.apache.ratis.util.IOUtils.getFromFuture(IOUtils.java:87)
	at org.apache.ratis.server.raftlog.segmented.SegmentedRaftLogWorker$StateMachineDataPolicy.getFromFuture(SegmentedRaftLogWorker.java:87)
	at org.apache.ratis.server.raftlog.segmented.SegmentedRaftLogWorker$WriteLog.execute(SegmentedRaftLogWorker.java:477)
	at org.apache.ratis.server.raftlog.segmented.SegmentedRaftLogWorker.run(SegmentedRaftLogWorker.java:289)
	at java.lang.Thread.run(Thread.java:748)
Caused by: java.util.concurrent.TimeoutException
	at java.util.concurrent.CompletableFuture.timedGet(CompletableFuture.java:1771)
	at java.util.concurrent.CompletableFuture.get(CompletableFuture.java:1915)
	at org.apache.ratis.util.IOUtils.getFromFuture(IOUtils.java:79)
	... 4 more
2019-09-12 05:58:40,979 [df009476-bbf0-43a2-af41-11b5052a445f@group-F6DBAA47753D-SegmentedRaftLogWorker] WARN  segmented.SegmentedRaftLogWorker (SegmentedRaftLogWorker.java:getFromFuture(90)) - Timeout 9/~
org.apache.ratis.protocol.TimeoutIOException: Timeout 10s: WriteLog:8: (t:1, i:8), STATEMACHINELOGENTRY, client-6E3585A561A4, cid=17-writeStateMachineData
	at org.apache.ratis.util.IOUtils.getFromFuture(IOUtils.java:87)
	at org.apache.ratis.server.raftlog.segmented.SegmentedRaftLogWorker$StateMachineDataPolicy.getFromFuture(SegmentedRaftLogWorker.java:87)
	at org.apache.ratis.server.raftlog.segmented.SegmentedRaftLogWorker$WriteLog.execute(SegmentedRaftLogWorker.java:477)
	at org.apache.ratis.server.raftlog.segmented.SegmentedRaftLogWorker.run(SegmentedRaftLogWorker.java:289)
	at java.lang.Thread.run(Thread.java:748)
Caused by: java.util.concurrent.TimeoutException
	at java.util.concurrent.CompletableFuture.timedGet(CompletableFuture.java:1771)
	at java.util.concurrent.CompletableFuture.get(CompletableFuture.java:1915)
	at org.apache.ratis.util.IOUtils.getFromFuture(IOUtils.java:79)
	... 4 more
2019-09-12 05:58:40,987 [8f5ab14e-21d2-479d-9d33-3cad9b590bd0@group-F6DBAA47753D-SegmentedRaftLogWorker] WARN  segmented.SegmentedRaftLogWorker (SegmentedRaftLogWorker.java:getFromFuture(90)) - Timeout 9/~
org.apache.ratis.protocol.TimeoutIOException: Timeout 10s: WriteLog:8: (t:1, i:8), STATEMACHINELOGENTRY, client-6E3585A561A4, cid=17-writeStateMachineData
	at org.apache.ratis.util.IOUtils.getFromFuture(IOUtils.java:87)
	at org.apache.ratis.server.raftlog.segmented.SegmentedRaftLogWorker$StateMachineDataPolicy.getFromFuture(SegmentedRaftLogWorker.java:87)
	at org.apache.ratis.server.raftlog.segmented.SegmentedRaftLogWorker$WriteLog.execute(SegmentedRaftLogWorker.java:477)
	at org.apache.ratis.server.raftlog.segmented.SegmentedRaftLogWorker.run(SegmentedRaftLogWorker.java:289)
	at java.lang.Thread.run(Thread.java:748)
Caused by: java.util.concurrent.TimeoutException
	at java.util.concurrent.CompletableFuture.timedGet(CompletableFuture.java:1771)
	at java.util.concurrent.CompletableFuture.get(CompletableFuture.java:1915)
	at org.apache.ratis.util.IOUtils.getFromFuture(IOUtils.java:79)
	... 4 more
2019-09-12 05:58:41,364 [java.util.concurrent.ThreadPoolExecutor$Worker@2f1eeb17[State = -1, empty queue]] WARN  server.GrpcLogAppender (GrpcLogAppender.java:timeoutAppendRequest(200)) - 8f5ab14e-21d2-479d-9d33-3cad9b590bd0@group-F6DBAA47753D->df009476-bbf0-43a2-af41-11b5052a445f-GrpcLogAppender: appendEntries Timeout, request=8f5ab14e-21d2-479d-9d33-3cad9b590bd0->df009476-bbf0-43a2-af41-11b5052a445f#51-t1, previous=(t:1, i:11), leaderCommit=6, initializing? false, entries: <empty>
2019-09-12 05:58:41,364 [java.util.concurrent.ThreadPoolExecutor$Worker@eb5b01a[State = -1, empty queue]] WARN  server.GrpcLogAppender (GrpcLogAppender.java:timeoutAppendRequest(200)) - 8f5ab14e-21d2-479d-9d33-3cad9b590bd0@group-F6DBAA47753D->1f61edb1-ab55-473c-8774-d83fa3b21acc-GrpcLogAppender: appendEntries Timeout, request=8f5ab14e-21d2-479d-9d33-3cad9b590bd0->1f61edb1-ab55-473c-8774-d83fa3b21acc#51-t1, previous=(t:1, i:11), leaderCommit=6, initializing? false, entries: <empty>
2019-09-12 05:58:42,022 [grpc-default-executor-1] INFO  client.GrpcClientProtocolClient (GrpcClientProtocolClient.java:onNext(264)) - client-6E3585A561A4->1f61edb1-ab55-473c-8774-d83fa3b21acc: receive RaftClientReply:client-6E3585A561A4->1f61edb1-ab55-473c-8774-d83fa3b21acc@group-F6DBAA47753D, cid=16, FAILED org.apache.ratis.protocol.NotLeaderException: Server 1f61edb1-ab55-473c-8774-d83fa3b21acc@group-F6DBAA47753D is not the leader 8f5ab14e-21d2-479d-9d33-3cad9b590bd0:192.168.34.52:37331, logIndex=0, commits[1f61edb1-ab55-473c-8774-d83fa3b21acc:c6, 8f5ab14e-21d2-479d-9d33-3cad9b590bd0:c6, df009476-bbf0-43a2-af41-11b5052a445f:c4]
2019-09-12 05:58:43,865 [java.util.concurrent.ThreadPoolExecutor$Worker@2f1eeb17[State = -1, empty queue]] WARN  server.GrpcLogAppender (GrpcLogAppender.java:timeoutAppendRequest(200)) - 8f5ab14e-21d2-479d-9d33-3cad9b590bd0@group-F6DBAA47753D->df009476-bbf0-43a2-af41-11b5052a445f-GrpcLogAppender: appendEntries Timeout, request=8f5ab14e-21d2-479d-9d33-3cad9b590bd0->df009476-bbf0-43a2-af41-11b5052a445f#52-t1, previous=(t:1, i:11), leaderCommit=6, initializing? false, entries: <empty>
2019-09-12 05:58:43,865 [java.util.concurrent.ThreadPoolExecutor$Worker@eb5b01a[State = -1, empty queue]] WARN  server.GrpcLogAppender (GrpcLogAppender.java:timeoutAppendRequest(200)) - 8f5ab14e-21d2-479d-9d33-3cad9b590bd0@group-F6DBAA47753D->1f61edb1-ab55-473c-8774-d83fa3b21acc-GrpcLogAppender: appendEntries Timeout, request=8f5ab14e-21d2-479d-9d33-3cad9b590bd0->1f61edb1-ab55-473c-8774-d83fa3b21acc#52-t1, previous=(t:1, i:11), leaderCommit=6, initializing? false, entries: <empty>
2019-09-12 05:58:46,365 [java.util.concurrent.ThreadPoolExecutor$Worker@2f1eeb17[State = -1, empty queue]] WARN  server.GrpcLogAppender (GrpcLogAppender.java:timeoutAppendRequest(200)) - 8f5ab14e-21d2-479d-9d33-3cad9b590bd0@group-F6DBAA47753D->df009476-bbf0-43a2-af41-11b5052a445f-GrpcLogAppender: appendEntries Timeout, request=8f5ab14e-21d2-479d-9d33-3cad9b590bd0->df009476-bbf0-43a2-af41-11b5052a445f#53-t1, previous=(t:1, i:11), leaderCommit=6, initializing? false, entries: <empty>
2019-09-12 05:58:46,365 [java.util.concurrent.ThreadPoolExecutor$Worker@eb5b01a[State = -1, empty queue]] WARN  server.GrpcLogAppender (GrpcLogAppender.java:timeoutAppendRequest(200)) - 8f5ab14e-21d2-479d-9d33-3cad9b590bd0@group-F6DBAA47753D->1f61edb1-ab55-473c-8774-d83fa3b21acc-GrpcLogAppender: appendEntries Timeout, request=8f5ab14e-21d2-479d-9d33-3cad9b590bd0->1f61edb1-ab55-473c-8774-d83fa3b21acc#53-t1, previous=(t:1, i:11), leaderCommit=6, initializing? false, entries: <empty>
2019-09-12 05:58:47,075 [grpc-default-executor-3] INFO  client.GrpcClientProtocolClient (GrpcClientProtocolClient.java:onNext(264)) - client-6E3585A561A4->1f61edb1-ab55-473c-8774-d83fa3b21acc: receive RaftClientReply:client-6E3585A561A4->1f61edb1-ab55-473c-8774-d83fa3b21acc@group-F6DBAA47753D, cid=16, FAILED org.apache.ratis.protocol.NotLeaderException: Server 1f61edb1-ab55-473c-8774-d83fa3b21acc@group-F6DBAA47753D is not the leader 8f5ab14e-21d2-479d-9d33-3cad9b590bd0:192.168.34.52:37331, logIndex=0, commits[1f61edb1-ab55-473c-8774-d83fa3b21acc:c6, 8f5ab14e-21d2-479d-9d33-3cad9b590bd0:c6, df009476-bbf0-43a2-af41-11b5052a445f:c4]
2019-09-12 05:58:48,866 [java.util.concurrent.ThreadPoolExecutor$Worker@eb5b01a[State = -1, empty queue]] WARN  server.GrpcLogAppender (GrpcLogAppender.java:timeoutAppendRequest(200)) - 8f5ab14e-21d2-479d-9d33-3cad9b590bd0@group-F6DBAA47753D->1f61edb1-ab55-473c-8774-d83fa3b21acc-GrpcLogAppender: appendEntries Timeout, request=8f5ab14e-21d2-479d-9d33-3cad9b590bd0->1f61edb1-ab55-473c-8774-d83fa3b21acc#54-t1, previous=(t:1, i:11), leaderCommit=6, initializing? false, entries: <empty>
2019-09-12 05:58:48,866 [java.util.concurrent.ThreadPoolExecutor$Worker@2f1eeb17[State = -1, empty queue]] WARN  server.GrpcLogAppender (GrpcLogAppender.java:timeoutAppendRequest(200)) - 8f5ab14e-21d2-479d-9d33-3cad9b590bd0@group-F6DBAA47753D->df009476-bbf0-43a2-af41-11b5052a445f-GrpcLogAppender: appendEntries Timeout, request=8f5ab14e-21d2-479d-9d33-3cad9b590bd0->df009476-bbf0-43a2-af41-11b5052a445f#54-t1, previous=(t:1, i:11), leaderCommit=6, initializing? false, entries: <empty>
2019-09-12 05:58:50,846 [1f61edb1-ab55-473c-8774-d83fa3b21acc@group-F6DBAA47753D-SegmentedRaftLogWorker] WARN  segmented.SegmentedRaftLogWorker (SegmentedRaftLogWorker.java:getFromFuture(90)) - Timeout 10/~
org.apache.ratis.protocol.TimeoutIOException: Timeout 10s: WriteLog:7: (t:1, i:7), STATEMACHINELOGENTRY, client-6E3585A561A4, cid=16-writeStateMachineData
	at org.apache.ratis.util.IOUtils.getFromFuture(IOUtils.java:87)
	at org.apache.ratis.server.raftlog.segmented.SegmentedRaftLogWorker$StateMachineDataPolicy.getFromFuture(SegmentedRaftLogWorker.java:87)
	at org.apache.ratis.server.raftlog.segmented.SegmentedRaftLogWorker$WriteLog.execute(SegmentedRaftLogWorker.java:477)
	at org.apache.ratis.server.raftlog.segmented.SegmentedRaftLogWorker.run(SegmentedRaftLogWorker.java:289)
	at java.lang.Thread.run(Thread.java:748)
Caused by: java.util.concurrent.TimeoutException
	at java.util.concurrent.CompletableFuture.timedGet(CompletableFuture.java:1771)
	at java.util.concurrent.CompletableFuture.get(CompletableFuture.java:1915)
	at org.apache.ratis.util.IOUtils.getFromFuture(IOUtils.java:79)
	... 4 more
2019-09-12 05:58:50,988 [df009476-bbf0-43a2-af41-11b5052a445f@group-F6DBAA47753D-SegmentedRaftLogWorker] WARN  segmented.SegmentedRaftLogWorker (SegmentedRaftLogWorker.java:getFromFuture(90)) - Timeout 10/~
org.apache.ratis.protocol.TimeoutIOException: Timeout 10s: WriteLog:8: (t:1, i:8), STATEMACHINELOGENTRY, client-6E3585A561A4, cid=17-writeStateMachineData
	at org.apache.ratis.util.IOUtils.getFromFuture(IOUtils.java:87)
	at org.apache.ratis.server.raftlog.segmented.SegmentedRaftLogWorker$StateMachineDataPolicy.getFromFuture(SegmentedRaftLogWorker.java:87)
	at org.apache.ratis.server.raftlog.segmented.SegmentedRaftLogWorker$WriteLog.execute(SegmentedRaftLogWorker.java:477)
	at org.apache.ratis.server.raftlog.segmented.SegmentedRaftLogWorker.run(SegmentedRaftLogWorker.java:289)
	at java.lang.Thread.run(Thread.java:748)
Caused by: java.util.concurrent.TimeoutException
	at java.util.concurrent.CompletableFuture.timedGet(CompletableFuture.java:1771)
	at java.util.concurrent.CompletableFuture.get(CompletableFuture.java:1915)
	at org.apache.ratis.util.IOUtils.getFromFuture(IOUtils.java:79)
	... 4 more
2019-09-12 05:58:50,991 [8f5ab14e-21d2-479d-9d33-3cad9b590bd0@group-F6DBAA47753D-SegmentedRaftLogWorker] WARN  segmented.SegmentedRaftLogWorker (SegmentedRaftLogWorker.java:getFromFuture(90)) - Timeout 10/~
org.apache.ratis.protocol.TimeoutIOException: Timeout 10s: WriteLog:8: (t:1, i:8), STATEMACHINELOGENTRY, client-6E3585A561A4, cid=17-writeStateMachineData
	at org.apache.ratis.util.IOUtils.getFromFuture(IOUtils.java:87)
	at org.apache.ratis.server.raftlog.segmented.SegmentedRaftLogWorker$StateMachineDataPolicy.getFromFuture(SegmentedRaftLogWorker.java:87)
	at org.apache.ratis.server.raftlog.segmented.SegmentedRaftLogWorker$WriteLog.execute(SegmentedRaftLogWorker.java:477)
	at org.apache.ratis.server.raftlog.segmented.SegmentedRaftLogWorker.run(SegmentedRaftLogWorker.java:289)
	at java.lang.Thread.run(Thread.java:748)
Caused by: java.util.concurrent.TimeoutException
	at java.util.concurrent.CompletableFuture.timedGet(CompletableFuture.java:1771)
	at java.util.concurrent.CompletableFuture.get(CompletableFuture.java:1915)
	at org.apache.ratis.util.IOUtils.getFromFuture(IOUtils.java:79)
	... 4 more
2019-09-12 05:58:51,366 [java.util.concurrent.ThreadPoolExecutor$Worker@eb5b01a[State = -1, empty queue]] WARN  server.GrpcLogAppender (GrpcLogAppender.java:timeoutAppendRequest(200)) - 8f5ab14e-21d2-479d-9d33-3cad9b590bd0@group-F6DBAA47753D->1f61edb1-ab55-473c-8774-d83fa3b21acc-GrpcLogAppender: appendEntries Timeout, request=8f5ab14e-21d2-479d-9d33-3cad9b590bd0->1f61edb1-ab55-473c-8774-d83fa3b21acc#55-t1, previous=(t:1, i:11), leaderCommit=6, initializing? false, entries: <empty>
2019-09-12 05:58:51,366 [java.util.concurrent.ThreadPoolExecutor$Worker@2f1eeb17[State = -1, empty queue]] WARN  server.GrpcLogAppender (GrpcLogAppender.java:timeoutAppendRequest(200)) - 8f5ab14e-21d2-479d-9d33-3cad9b590bd0@group-F6DBAA47753D->df009476-bbf0-43a2-af41-11b5052a445f-GrpcLogAppender: appendEntries Timeout, request=8f5ab14e-21d2-479d-9d33-3cad9b590bd0->df009476-bbf0-43a2-af41-11b5052a445f#55-t1, previous=(t:1, i:11), leaderCommit=6, initializing? false, entries: <empty>
2019-09-12 05:58:52,119 [grpc-default-executor-1] INFO  client.GrpcClientProtocolClient (GrpcClientProtocolClient.java:onNext(264)) - client-6E3585A561A4->df009476-bbf0-43a2-af41-11b5052a445f: receive RaftClientReply:client-6E3585A561A4->df009476-bbf0-43a2-af41-11b5052a445f@group-F6DBAA47753D, cid=16, FAILED org.apache.ratis.protocol.NotLeaderException: Server df009476-bbf0-43a2-af41-11b5052a445f@group-F6DBAA47753D is not the leader 8f5ab14e-21d2-479d-9d33-3cad9b590bd0:192.168.34.52:37331, logIndex=0, commits[df009476-bbf0-43a2-af41-11b5052a445f:c6, 1f61edb1-ab55-473c-8774-d83fa3b21acc:c4, 8f5ab14e-21d2-479d-9d33-3cad9b590bd0:c6]
2019-09-12 05:58:53,867 [java.util.concurrent.ThreadPoolExecutor$Worker@2f1eeb17[State = -1, empty queue]] WARN  server.GrpcLogAppender (GrpcLogAppender.java:timeoutAppendRequest(200)) - 8f5ab14e-21d2-479d-9d33-3cad9b590bd0@group-F6DBAA47753D->df009476-bbf0-43a2-af41-11b5052a445f-GrpcLogAppender: appendEntries Timeout, request=8f5ab14e-21d2-479d-9d33-3cad9b590bd0->df009476-bbf0-43a2-af41-11b5052a445f#56-t1, previous=(t:1, i:11), leaderCommit=6, initializing? false, entries: <empty>
2019-09-12 05:58:53,867 [java.util.concurrent.ThreadPoolExecutor$Worker@eb5b01a[State = -1, empty queue]] WARN  server.GrpcLogAppender (GrpcLogAppender.java:timeoutAppendRequest(200)) - 8f5ab14e-21d2-479d-9d33-3cad9b590bd0@group-F6DBAA47753D->1f61edb1-ab55-473c-8774-d83fa3b21acc-GrpcLogAppender: appendEntries Timeout, request=8f5ab14e-21d2-479d-9d33-3cad9b590bd0->1f61edb1-ab55-473c-8774-d83fa3b21acc#56-t1, previous=(t:1, i:11), leaderCommit=6, initializing? false, entries: <empty>
2019-09-12 05:58:56,367 [java.util.concurrent.ThreadPoolExecutor$Worker@eb5b01a[State = -1, empty queue]] WARN  server.GrpcLogAppender (GrpcLogAppender.java:timeoutAppendRequest(200)) - 8f5ab14e-21d2-479d-9d33-3cad9b590bd0@group-F6DBAA47753D->1f61edb1-ab55-473c-8774-d83fa3b21acc-GrpcLogAppender: appendEntries Timeout, request=8f5ab14e-21d2-479d-9d33-3cad9b590bd0->1f61edb1-ab55-473c-8774-d83fa3b21acc#57-t1, previous=(t:1, i:11), leaderCommit=6, initializing? false, entries: <empty>
2019-09-12 05:58:56,367 [java.util.concurrent.ThreadPoolExecutor$Worker@2f1eeb17[State = -1, empty queue]] WARN  server.GrpcLogAppender (GrpcLogAppender.java:timeoutAppendRequest(200)) - 8f5ab14e-21d2-479d-9d33-3cad9b590bd0@group-F6DBAA47753D->df009476-bbf0-43a2-af41-11b5052a445f-GrpcLogAppender: appendEntries Timeout, request=8f5ab14e-21d2-479d-9d33-3cad9b590bd0->df009476-bbf0-43a2-af41-11b5052a445f#57-t1, previous=(t:1, i:11), leaderCommit=6, initializing? false, entries: <empty>
2019-09-12 05:58:57,194 [grpc-default-executor-3] INFO  client.GrpcClientProtocolClient (GrpcClientProtocolClient.java:onNext(264)) - client-6E3585A561A4->1f61edb1-ab55-473c-8774-d83fa3b21acc: receive RaftClientReply:client-6E3585A561A4->1f61edb1-ab55-473c-8774-d83fa3b21acc@group-F6DBAA47753D, cid=16, FAILED org.apache.ratis.protocol.NotLeaderException: Server 1f61edb1-ab55-473c-8774-d83fa3b21acc@group-F6DBAA47753D is not the leader 8f5ab14e-21d2-479d-9d33-3cad9b590bd0:192.168.34.52:37331, logIndex=0, commits[1f61edb1-ab55-473c-8774-d83fa3b21acc:c6, 8f5ab14e-21d2-479d-9d33-3cad9b590bd0:c6, df009476-bbf0-43a2-af41-11b5052a445f:c4]
2019-09-12 05:58:58,868 [java.util.concurrent.ThreadPoolExecutor$Worker@2f1eeb17[State = -1, empty queue]] WARN  server.GrpcLogAppender (GrpcLogAppender.java:timeoutAppendRequest(200)) - 8f5ab14e-21d2-479d-9d33-3cad9b590bd0@group-F6DBAA47753D->df009476-bbf0-43a2-af41-11b5052a445f-GrpcLogAppender: appendEntries Timeout, request=8f5ab14e-21d2-479d-9d33-3cad9b590bd0->df009476-bbf0-43a2-af41-11b5052a445f#58-t1, previous=(t:1, i:11), leaderCommit=6, initializing? false, entries: <empty>
2019-09-12 05:58:58,868 [java.util.concurrent.ThreadPoolExecutor$Worker@eb5b01a[State = -1, empty queue]] WARN  server.GrpcLogAppender (GrpcLogAppender.java:timeoutAppendRequest(200)) - 8f5ab14e-21d2-479d-9d33-3cad9b590bd0@group-F6DBAA47753D->1f61edb1-ab55-473c-8774-d83fa3b21acc-GrpcLogAppender: appendEntries Timeout, request=8f5ab14e-21d2-479d-9d33-3cad9b590bd0->1f61edb1-ab55-473c-8774-d83fa3b21acc#58-t1, previous=(t:1, i:11), leaderCommit=6, initializing? false, entries: <empty>
2019-09-12 05:59:00,848 [1f61edb1-ab55-473c-8774-d83fa3b21acc@group-F6DBAA47753D-SegmentedRaftLogWorker] WARN  segmented.SegmentedRaftLogWorker (SegmentedRaftLogWorker.java:getFromFuture(90)) - Timeout 11/~
org.apache.ratis.protocol.TimeoutIOException: Timeout 10s: WriteLog:7: (t:1, i:7), STATEMACHINELOGENTRY, client-6E3585A561A4, cid=16-writeStateMachineData
	at org.apache.ratis.util.IOUtils.getFromFuture(IOUtils.java:87)
	at org.apache.ratis.server.raftlog.segmented.SegmentedRaftLogWorker$StateMachineDataPolicy.getFromFuture(SegmentedRaftLogWorker.java:87)
	at org.apache.ratis.server.raftlog.segmented.SegmentedRaftLogWorker$WriteLog.execute(SegmentedRaftLogWorker.java:477)
	at org.apache.ratis.server.raftlog.segmented.SegmentedRaftLogWorker.run(SegmentedRaftLogWorker.java:289)
	at java.lang.Thread.run(Thread.java:748)
Caused by: java.util.concurrent.TimeoutException
	at java.util.concurrent.CompletableFuture.timedGet(CompletableFuture.java:1771)
	at java.util.concurrent.CompletableFuture.get(CompletableFuture.java:1915)
	at org.apache.ratis.util.IOUtils.getFromFuture(IOUtils.java:79)
	... 4 more
2019-09-12 05:59:00,908 [org.apache.ratis.server.impl.LogAppender$AppenderDaemon$$Lambda$547/1589537345@b7eed92] ERROR ratis.XceiverServerRatis (XceiverServerRatis.java:triggerPipelineClose(568)) - pipeline Action CLOSE  on pipeline PipelineID=a9bcf8c8-3c1e-40a0-bdf8-f6dbaa47753d.Reason : 8f5ab14e-21d2-479d-9d33-3cad9b590bd0 has not seen follower/s 1f61edb1-ab55-473c-8774-d83fa3b21acc for 120421ms df009476-bbf0-43a2-af41-11b5052a445f for 120424ms
2019-09-12 05:59:00,908 [org.apache.ratis.server.impl.LogAppender$AppenderDaemon$$Lambda$547/1589537345@6f142bfd] ERROR ratis.XceiverServerRatis (XceiverServerRatis.java:triggerPipelineClose(568)) - pipeline Action CLOSE  on pipeline PipelineID=a9bcf8c8-3c1e-40a0-bdf8-f6dbaa47753d.Reason : 8f5ab14e-21d2-479d-9d33-3cad9b590bd0 has not seen follower/s 1f61edb1-ab55-473c-8774-d83fa3b21acc for 120421ms df009476-bbf0-43a2-af41-11b5052a445f for 120424ms
2019-09-12 05:59:00,991 [EventQueue-PipelineActionsForPipelineActionHandler] ERROR pipeline.PipelineActionHandler (PipelineActionHandler.java:onMessage(60)) - Received pipeline action CLOSE for Pipeline[ Id: a9bcf8c8-3c1e-40a0-bdf8-f6dbaa47753d, Nodes: df009476-bbf0-43a2-af41-11b5052a445f{ip: 192.168.34.52, host: trunk-nightly-20190912-4gc2t-2068889165, networkLocation: /default-rack, certSerialId: null}8f5ab14e-21d2-479d-9d33-3cad9b590bd0{ip: 192.168.34.52, host: trunk-nightly-20190912-4gc2t-2068889165, networkLocation: /default-rack, certSerialId: null}1f61edb1-ab55-473c-8774-d83fa3b21acc{ip: 192.168.34.52, host: trunk-nightly-20190912-4gc2t-2068889165, networkLocation: /default-rack, certSerialId: null}, Type:RATIS, Factor:THREE, State:OPEN] from datanode 8f5ab14e-21d2-479d-9d33-3cad9b590bd0{ip: 192.168.34.52, host: trunk-nightly-20190912-4gc2t-2068889165, networkLocation: /default-rack, certSerialId: null}. Reason : 8f5ab14e-21d2-479d-9d33-3cad9b590bd0 has not seen follower/s 1f61edb1-ab55-473c-8774-d83fa3b21acc for 120421ms df009476-bbf0-43a2-af41-11b5052a445f for 120424ms
2019-09-12 05:59:00,992 [EventQueue-PipelineActionsForPipelineActionHandler] INFO  pipeline.SCMPipelineManager (SCMPipelineManager.java:finalizeAndDestroyPipeline(311)) - destroying pipeline:Pipeline[ Id: a9bcf8c8-3c1e-40a0-bdf8-f6dbaa47753d, Nodes: df009476-bbf0-43a2-af41-11b5052a445f{ip: 192.168.34.52, host: trunk-nightly-20190912-4gc2t-2068889165, networkLocation: /default-rack, certSerialId: null}8f5ab14e-21d2-479d-9d33-3cad9b590bd0{ip: 192.168.34.52, host: trunk-nightly-20190912-4gc2t-2068889165, networkLocation: /default-rack, certSerialId: null}1f61edb1-ab55-473c-8774-d83fa3b21acc{ip: 192.168.34.52, host: trunk-nightly-20190912-4gc2t-2068889165, networkLocation: /default-rack, certSerialId: null}, Type:RATIS, Factor:THREE, State:OPEN]
2019-09-12 05:59:00,992 [df009476-bbf0-43a2-af41-11b5052a445f@group-F6DBAA47753D-SegmentedRaftLogWorker] WARN  segmented.SegmentedRaftLogWorker (SegmentedRaftLogWorker.java:getFromFuture(90)) - Timeout 11/~
org.apache.ratis.protocol.TimeoutIOException: Timeout 10s: WriteLog:8: (t:1, i:8), STATEMACHINELOGENTRY, client-6E3585A561A4, cid=17-writeStateMachineData
	at org.apache.ratis.util.IOUtils.getFromFuture(IOUtils.java:87)
	at org.apache.ratis.server.raftlog.segmented.SegmentedRaftLogWorker$StateMachineDataPolicy.getFromFuture(SegmentedRaftLogWorker.java:87)
	at org.apache.ratis.server.raftlog.segmented.SegmentedRaftLogWorker$WriteLog.execute(SegmentedRaftLogWorker.java:477)
	at org.apache.ratis.server.raftlog.segmented.SegmentedRaftLogWorker.run(SegmentedRaftLogWorker.java:289)
	at java.lang.Thread.run(Thread.java:748)
Caused by: java.util.concurrent.TimeoutException
	at java.util.concurrent.CompletableFuture.timedGet(CompletableFuture.java:1771)
	at java.util.concurrent.CompletableFuture.get(CompletableFuture.java:1915)
	at org.apache.ratis.util.IOUtils.getFromFuture(IOUtils.java:79)
	... 4 more
2019-09-12 05:59:00,995 [8f5ab14e-21d2-479d-9d33-3cad9b590bd0@group-F6DBAA47753D-SegmentedRaftLogWorker] WARN  segmented.SegmentedRaftLogWorker (SegmentedRaftLogWorker.java:getFromFuture(90)) - Timeout 11/~
org.apache.ratis.protocol.TimeoutIOException: Timeout 10s: WriteLog:8: (t:1, i:8), STATEMACHINELOGENTRY, client-6E3585A561A4, cid=17-writeStateMachineData
	at org.apache.ratis.util.IOUtils.getFromFuture(IOUtils.java:87)
	at org.apache.ratis.server.raftlog.segmented.SegmentedRaftLogWorker$StateMachineDataPolicy.getFromFuture(SegmentedRaftLogWorker.java:87)
	at org.apache.ratis.server.raftlog.segmented.SegmentedRaftLogWorker$WriteLog.execute(SegmentedRaftLogWorker.java:477)
	at org.apache.ratis.server.raftlog.segmented.SegmentedRaftLogWorker.run(SegmentedRaftLogWorker.java:289)
	at java.lang.Thread.run(Thread.java:748)
Caused by: java.util.concurrent.TimeoutException
	at java.util.concurrent.CompletableFuture.timedGet(CompletableFuture.java:1771)
	at java.util.concurrent.CompletableFuture.get(CompletableFuture.java:1915)
	at org.apache.ratis.util.IOUtils.getFromFuture(IOUtils.java:79)
	... 4 more
2019-09-12 05:59:00,998 [EventQueue-PipelineActionsForPipelineActionHandler] INFO  pipeline.PipelineStateManager (PipelineStateManager.java:finalizePipeline(123)) - Pipeline Pipeline[ Id: a9bcf8c8-3c1e-40a0-bdf8-f6dbaa47753d, Nodes: df009476-bbf0-43a2-af41-11b5052a445f{ip: 192.168.34.52, host: trunk-nightly-20190912-4gc2t-2068889165, networkLocation: /default-rack, certSerialId: null}8f5ab14e-21d2-479d-9d33-3cad9b590bd0{ip: 192.168.34.52, host: trunk-nightly-20190912-4gc2t-2068889165, networkLocation: /default-rack, certSerialId: null}1f61edb1-ab55-473c-8774-d83fa3b21acc{ip: 192.168.34.52, host: trunk-nightly-20190912-4gc2t-2068889165, networkLocation: /default-rack, certSerialId: null}, Type:RATIS, Factor:THREE, State:CLOSED] moved to CLOSED state
2019-09-12 05:59:01,000 [EventQueue-CloseContainerForCloseContainerEventHandler] INFO  container.CloseContainerEventHandler (CloseContainerEventHandler.java:onMessage(61)) - Close container Event triggered for container : #1
2019-09-12 05:59:01,005 [EventQueue-CloseContainerForCloseContainerEventHandler] INFO  container.CloseContainerEventHandler (CloseContainerEventHandler.java:onMessage(61)) - Close container Event triggered for container : #2
2019-09-12 05:59:01,368 [java.util.concurrent.ThreadPoolExecutor$Worker@eb5b01a[State = -1, empty queue]] WARN  server.GrpcLogAppender (GrpcLogAppender.java:timeoutAppendRequest(200)) - 8f5ab14e-21d2-479d-9d33-3cad9b590bd0@group-F6DBAA47753D->1f61edb1-ab55-473c-8774-d83fa3b21acc-GrpcLogAppender: appendEntries Timeout, request=8f5ab14e-21d2-479d-9d33-3cad9b590bd0->1f61edb1-ab55-473c-8774-d83fa3b21acc#59-t1, previous=(t:1, i:11), leaderCommit=6, initializing? false, entries: <empty>
2019-09-12 05:59:01,368 [java.util.concurrent.ThreadPoolExecutor$Worker@2f1eeb17[State = -1, empty queue]] WARN  server.GrpcLogAppender (GrpcLogAppender.java:timeoutAppendRequest(200)) - 8f5ab14e-21d2-479d-9d33-3cad9b590bd0@group-F6DBAA47753D->df009476-bbf0-43a2-af41-11b5052a445f-GrpcLogAppender: appendEntries Timeout, request=8f5ab14e-21d2-479d-9d33-3cad9b590bd0->df009476-bbf0-43a2-af41-11b5052a445f#59-t1, previous=(t:1, i:11), leaderCommit=6, initializing? false, entries: <empty>
2019-09-12 05:59:02,248 [grpc-default-executor-1] INFO  client.GrpcClientProtocolClient (GrpcClientProtocolClient.java:onNext(264)) - client-6E3585A561A4->1f61edb1-ab55-473c-8774-d83fa3b21acc: receive RaftClientReply:client-6E3585A561A4->1f61edb1-ab55-473c-8774-d83fa3b21acc@group-F6DBAA47753D, cid=16, FAILED org.apache.ratis.protocol.NotLeaderException: Server 1f61edb1-ab55-473c-8774-d83fa3b21acc@group-F6DBAA47753D is not the leader 8f5ab14e-21d2-479d-9d33-3cad9b590bd0:192.168.34.52:37331, logIndex=0, commits[1f61edb1-ab55-473c-8774-d83fa3b21acc:c6, 8f5ab14e-21d2-479d-9d33-3cad9b590bd0:c6, df009476-bbf0-43a2-af41-11b5052a445f:c4]
2019-09-12 05:59:03,029 [org.apache.ratis.server.impl.LogAppender$AppenderDaemon$$Lambda$547/1589537345@b7eed92] ERROR ratis.XceiverServerRatis (XceiverServerRatis.java:triggerPipelineClose(568)) - pipeline Action CLOSE  on pipeline PipelineID=a9bcf8c8-3c1e-40a0-bdf8-f6dbaa47753d.Reason : 8f5ab14e-21d2-479d-9d33-3cad9b590bd0 has not seen follower/s 1f61edb1-ab55-473c-8774-d83fa3b21acc for 122560ms df009476-bbf0-43a2-af41-11b5052a445f for 122559ms
2019-09-12 05:59:03,029 [org.apache.ratis.server.impl.LogAppender$AppenderDaemon$$Lambda$547/1589537345@6f142bfd] ERROR ratis.XceiverServerRatis (XceiverServerRatis.java:triggerPipelineClose(568)) - pipeline Action CLOSE  on pipeline PipelineID=a9bcf8c8-3c1e-40a0-bdf8-f6dbaa47753d.Reason : 8f5ab14e-21d2-479d-9d33-3cad9b590bd0 has not seen follower/s 1f61edb1-ab55-473c-8774-d83fa3b21acc for 122560ms df009476-bbf0-43a2-af41-11b5052a445f for 122559ms
2019-09-12 05:59:03,868 [java.util.concurrent.ThreadPoolExecutor$Worker@eb5b01a[State = -1, empty queue]] WARN  server.GrpcLogAppender (GrpcLogAppender.java:timeoutAppendRequest(200)) - 8f5ab14e-21d2-479d-9d33-3cad9b590bd0@group-F6DBAA47753D->1f61edb1-ab55-473c-8774-d83fa3b21acc-GrpcLogAppender: appendEntries Timeout, request=8f5ab14e-21d2-479d-9d33-3cad9b590bd0->1f61edb1-ab55-473c-8774-d83fa3b21acc#60-t1, previous=(t:1, i:11), leaderCommit=6, initializing? false, entries: <empty>
2019-09-12 05:59:03,868 [java.util.concurrent.ThreadPoolExecutor$Worker@2f1eeb17[State = -1, empty queue]] WARN  server.GrpcLogAppender (GrpcLogAppender.java:timeoutAppendRequest(200)) - 8f5ab14e-21d2-479d-9d33-3cad9b590bd0@group-F6DBAA47753D->df009476-bbf0-43a2-af41-11b5052a445f-GrpcLogAppender: appendEntries Timeout, request=8f5ab14e-21d2-479d-9d33-3cad9b590bd0->df009476-bbf0-43a2-af41-11b5052a445f#60-t1, previous=(t:1, i:11), leaderCommit=6, initializing? false, entries: <empty>
2019-09-12 05:59:04,023 [EventQueue-PipelineActionsForPipelineActionHandler] ERROR pipeline.PipelineActionHandler (PipelineActionHandler.java:onMessage(60)) - Received pipeline action CLOSE for Pipeline[ Id: a9bcf8c8-3c1e-40a0-bdf8-f6dbaa47753d, Nodes: df009476-bbf0-43a2-af41-11b5052a445f{ip: 192.168.34.52, host: trunk-nightly-20190912-4gc2t-2068889165, networkLocation: /default-rack, certSerialId: null}8f5ab14e-21d2-479d-9d33-3cad9b590bd0{ip: 192.168.34.52, host: trunk-nightly-20190912-4gc2t-2068889165, networkLocation: /default-rack, certSerialId: null}1f61edb1-ab55-473c-8774-d83fa3b21acc{ip: 192.168.34.52, host: trunk-nightly-20190912-4gc2t-2068889165, networkLocation: /default-rack, certSerialId: null}, Type:RATIS, Factor:THREE, State:CLOSED] from datanode 8f5ab14e-21d2-479d-9d33-3cad9b590bd0{ip: 192.168.34.52, host: trunk-nightly-20190912-4gc2t-2068889165, networkLocation: /default-rack, certSerialId: null}. Reason : 8f5ab14e-21d2-479d-9d33-3cad9b590bd0 has not seen follower/s 1f61edb1-ab55-473c-8774-d83fa3b21acc for 122560ms df009476-bbf0-43a2-af41-11b5052a445f for 122559ms
2019-09-12 05:59:04,023 [EventQueue-PipelineActionsForPipelineActionHandler] INFO  pipeline.SCMPipelineManager (SCMPipelineManager.java:finalizeAndDestroyPipeline(311)) - destroying pipeline:Pipeline[ Id: a9bcf8c8-3c1e-40a0-bdf8-f6dbaa47753d, Nodes: df009476-bbf0-43a2-af41-11b5052a445f{ip: 192.168.34.52, host: trunk-nightly-20190912-4gc2t-2068889165, networkLocation: /default-rack, certSerialId: null}8f5ab14e-21d2-479d-9d33-3cad9b590bd0{ip: 192.168.34.52, host: trunk-nightly-20190912-4gc2t-2068889165, networkLocation: /default-rack, certSerialId: null}1f61edb1-ab55-473c-8774-d83fa3b21acc{ip: 192.168.34.52, host: trunk-nightly-20190912-4gc2t-2068889165, networkLocation: /default-rack, certSerialId: null}, Type:RATIS, Factor:THREE, State:CLOSED]
2019-09-12 05:59:05,530 [org.apache.ratis.server.impl.LogAppender$AppenderDaemon$$Lambda$547/1589537345@b7eed92] ERROR ratis.XceiverServerRatis (XceiverServerRatis.java:triggerPipelineClose(568)) - pipeline Action CLOSE  on pipeline PipelineID=a9bcf8c8-3c1e-40a0-bdf8-f6dbaa47753d.Reason : 8f5ab14e-21d2-479d-9d33-3cad9b590bd0 has not seen follower/s 1f61edb1-ab55-473c-8774-d83fa3b21acc for 125060ms df009476-bbf0-43a2-af41-11b5052a445f for 125060ms
2019-09-12 05:59:05,533 [org.apache.ratis.server.impl.LogAppender$AppenderDaemon$$Lambda$547/1589537345@6f142bfd] ERROR ratis.XceiverServerRatis (XceiverServerRatis.java:triggerPipelineClose(568)) - pipeline Action CLOSE  on pipeline PipelineID=a9bcf8c8-3c1e-40a0-bdf8-f6dbaa47753d.Reason : 8f5ab14e-21d2-479d-9d33-3cad9b590bd0 has not seen follower/s 1f61edb1-ab55-473c-8774-d83fa3b21acc for 125061ms df009476-bbf0-43a2-af41-11b5052a445f for 125060ms
2019-09-12 05:59:06,023 [EventQueue-PipelineActionsForPipelineActionHandler] ERROR pipeline.PipelineActionHandler (PipelineActionHandler.java:onMessage(60)) - Received pipeline action CLOSE for Pipeline[ Id: a9bcf8c8-3c1e-40a0-bdf8-f6dbaa47753d, Nodes: df009476-bbf0-43a2-af41-11b5052a445f{ip: 192.168.34.52, host: trunk-nightly-20190912-4gc2t-2068889165, networkLocation: /default-rack, certSerialId: null}8f5ab14e-21d2-479d-9d33-3cad9b590bd0{ip: 192.168.34.52, host: trunk-nightly-20190912-4gc2t-2068889165, networkLocation: /default-rack, certSerialId: null}1f61edb1-ab55-473c-8774-d83fa3b21acc{ip: 192.168.34.52, host: trunk-nightly-20190912-4gc2t-2068889165, networkLocation: /default-rack, certSerialId: null}, Type:RATIS, Factor:THREE, State:CLOSED] from datanode 8f5ab14e-21d2-479d-9d33-3cad9b590bd0{ip: 192.168.34.52, host: trunk-nightly-20190912-4gc2t-2068889165, networkLocation: /default-rack, certSerialId: null}. Reason : 8f5ab14e-21d2-479d-9d33-3cad9b590bd0 has not seen follower/s 1f61edb1-ab55-473c-8774-d83fa3b21acc for 125060ms df009476-bbf0-43a2-af41-11b5052a445f for 125060ms
2019-09-12 05:59:06,024 [EventQueue-PipelineActionsForPipelineActionHandler] INFO  pipeline.SCMPipelineManager (SCMPipelineManager.java:finalizeAndDestroyPipeline(311)) - destroying pipeline:Pipeline[ Id: a9bcf8c8-3c1e-40a0-bdf8-f6dbaa47753d, Nodes: df009476-bbf0-43a2-af41-11b5052a445f{ip: 192.168.34.52, host: trunk-nightly-20190912-4gc2t-2068889165, networkLocation: /default-rack, certSerialId: null}8f5ab14e-21d2-479d-9d33-3cad9b590bd0{ip: 192.168.34.52, host: trunk-nightly-20190912-4gc2t-2068889165, networkLocation: /default-rack, certSerialId: null}1f61edb1-ab55-473c-8774-d83fa3b21acc{ip: 192.168.34.52, host: trunk-nightly-20190912-4gc2t-2068889165, networkLocation: /default-rack, certSerialId: null}, Type:RATIS, Factor:THREE, State:CLOSED]
2019-09-12 05:59:06,029 [java.util.concurrent.ThreadPoolExecutor$Worker@eb5b01a[State = -1, empty queue]] WARN  server.GrpcLogAppender (GrpcLogAppender.java:timeoutAppendRequest(200)) - 8f5ab14e-21d2-479d-9d33-3cad9b590bd0@group-F6DBAA47753D->1f61edb1-ab55-473c-8774-d83fa3b21acc-GrpcLogAppender: appendEntries Timeout, request=8f5ab14e-21d2-479d-9d33-3cad9b590bd0->1f61edb1-ab55-473c-8774-d83fa3b21acc#61-t1, previous=(t:1, i:11), leaderCommit=6, initializing? false, entries: size=1, first=(t:1, i:12), STATEMACHINELOGENTRY, client-879BB67CAA13, cid=0
2019-09-12 05:59:06,029 [java.util.concurrent.ThreadPoolExecutor$Worker@2f1eeb17[State = -1, empty queue]] WARN  server.GrpcLogAppender (GrpcLogAppender.java:timeoutAppendRequest(200)) - 8f5ab14e-21d2-479d-9d33-3cad9b590bd0@group-F6DBAA47753D->df009476-bbf0-43a2-af41-11b5052a445f-GrpcLogAppender: appendEntries Timeout, request=8f5ab14e-21d2-479d-9d33-3cad9b590bd0->df009476-bbf0-43a2-af41-11b5052a445f#61-t1, previous=(t:1, i:11), leaderCommit=6, initializing? false, entries: size=1, first=(t:1, i:12), STATEMACHINELOGENTRY, client-879BB67CAA13, cid=0
2019-09-12 05:59:07,302 [grpc-default-executor-3] INFO  client.GrpcClientProtocolClient (GrpcClientProtocolClient.java:onNext(264)) - client-6E3585A561A4->1f61edb1-ab55-473c-8774-d83fa3b21acc: receive RaftClientReply:client-6E3585A561A4->1f61edb1-ab55-473c-8774-d83fa3b21acc@group-F6DBAA47753D, cid=16, FAILED org.apache.ratis.protocol.NotLeaderException: Server 1f61edb1-ab55-473c-8774-d83fa3b21acc@group-F6DBAA47753D is not the leader 8f5ab14e-21d2-479d-9d33-3cad9b590bd0:192.168.34.52:37331, logIndex=0, commits[1f61edb1-ab55-473c-8774-d83fa3b21acc:c6, 8f5ab14e-21d2-479d-9d33-3cad9b590bd0:c6, df009476-bbf0-43a2-af41-11b5052a445f:c4]
2019-09-12 05:59:08,031 [org.apache.ratis.server.impl.LogAppender$AppenderDaemon$$Lambda$547/1589537345@b7eed92] ERROR ratis.XceiverServerRatis (XceiverServerRatis.java:triggerPipelineClose(568)) - pipeline Action CLOSE  on pipeline PipelineID=a9bcf8c8-3c1e-40a0-bdf8-f6dbaa47753d.Reason : 8f5ab14e-21d2-479d-9d33-3cad9b590bd0 has not seen follower/s 1f61edb1-ab55-473c-8774-d83fa3b21acc for 127562ms df009476-bbf0-43a2-af41-11b5052a445f for 127561ms
2019-09-12 05:59:08,034 [org.apache.ratis.server.impl.LogAppender$AppenderDaemon$$Lambda$547/1589537345@6f142bfd] ERROR ratis.XceiverServerRatis (XceiverServerRatis.java:triggerPipelineClose(568)) - pipeline Action CLOSE  on pipeline PipelineID=a9bcf8c8-3c1e-40a0-bdf8-f6dbaa47753d.Reason : 8f5ab14e-21d2-479d-9d33-3cad9b590bd0 has not seen follower/s 1f61edb1-ab55-473c-8774-d83fa3b21acc for 127562ms df009476-bbf0-43a2-af41-11b5052a445f for 127561ms
2019-09-12 05:59:08,529 [java.util.concurrent.ThreadPoolExecutor$Worker@eb5b01a[State = -1, empty queue]] WARN  server.GrpcLogAppender (GrpcLogAppender.java:timeoutAppendRequest(200)) - 8f5ab14e-21d2-479d-9d33-3cad9b590bd0@group-F6DBAA47753D->1f61edb1-ab55-473c-8774-d83fa3b21acc-GrpcLogAppender: appendEntries Timeout, request=8f5ab14e-21d2-479d-9d33-3cad9b590bd0->1f61edb1-ab55-473c-8774-d83fa3b21acc#62-t1, previous=(t:1, i:12), leaderCommit=6, initializing? false, entries: <empty>
2019-09-12 05:59:08,530 [java.util.concurrent.ThreadPoolExecutor$Worker@2f1eeb17[State = -1, empty queue]] WARN  server.GrpcLogAppender (GrpcLogAppender.java:timeoutAppendRequest(200)) - 8f5ab14e-21d2-479d-9d33-3cad9b590bd0@group-F6DBAA47753D->df009476-bbf0-43a2-af41-11b5052a445f-GrpcLogAppender: appendEntries Timeout, request=8f5ab14e-21d2-479d-9d33-3cad9b590bd0->df009476-bbf0-43a2-af41-11b5052a445f#62-t1, previous=(t:1, i:12), leaderCommit=6, initializing? false, entries: <empty>
2019-09-12 05:59:09,023 [EventQueue-PipelineActionsForPipelineActionHandler] ERROR pipeline.PipelineActionHandler (PipelineActionHandler.java:onMessage(60)) - Received pipeline action CLOSE for Pipeline[ Id: a9bcf8c8-3c1e-40a0-bdf8-f6dbaa47753d, Nodes: df009476-bbf0-43a2-af41-11b5052a445f{ip: 192.168.34.52, host: trunk-nightly-20190912-4gc2t-2068889165, networkLocation: /default-rack, certSerialId: null}8f5ab14e-21d2-479d-9d33-3cad9b590bd0{ip: 192.168.34.52, host: trunk-nightly-20190912-4gc2t-2068889165, networkLocation: /default-rack, certSerialId: null}1f61edb1-ab55-473c-8774-d83fa3b21acc{ip: 192.168.34.52, host: trunk-nightly-20190912-4gc2t-2068889165, networkLocation: /default-rack, certSerialId: null}, Type:RATIS, Factor:THREE, State:CLOSED] from datanode 8f5ab14e-21d2-479d-9d33-3cad9b590bd0{ip: 192.168.34.52, host: trunk-nightly-20190912-4gc2t-2068889165, networkLocation: /default-rack, certSerialId: null}. Reason : 8f5ab14e-21d2-479d-9d33-3cad9b590bd0 has not seen follower/s 1f61edb1-ab55-473c-8774-d83fa3b21acc for 127562ms df009476-bbf0-43a2-af41-11b5052a445f for 127561ms
2019-09-12 05:59:09,023 [EventQueue-PipelineActionsForPipelineActionHandler] INFO  pipeline.SCMPipelineManager (SCMPipelineManager.java:finalizeAndDestroyPipeline(311)) - destroying pipeline:Pipeline[ Id: a9bcf8c8-3c1e-40a0-bdf8-f6dbaa47753d, Nodes: df009476-bbf0-43a2-af41-11b5052a445f{ip: 192.168.34.52, host: trunk-nightly-20190912-4gc2t-2068889165, networkLocation: /default-rack, certSerialId: null}8f5ab14e-21d2-479d-9d33-3cad9b590bd0{ip: 192.168.34.52, host: trunk-nightly-20190912-4gc2t-2068889165, networkLocation: /default-rack, certSerialId: null}1f61edb1-ab55-473c-8774-d83fa3b21acc{ip: 192.168.34.52, host: trunk-nightly-20190912-4gc2t-2068889165, networkLocation: /default-rack, certSerialId: null}, Type:RATIS, Factor:THREE, State:CLOSED]
2019-09-12 05:59:10,532 [org.apache.ratis.server.impl.LogAppender$AppenderDaemon$$Lambda$547/1589537345@b7eed92] ERROR ratis.XceiverServerRatis (XceiverServerRatis.java:triggerPipelineClose(568)) - pipeline Action CLOSE  on pipeline PipelineID=a9bcf8c8-3c1e-40a0-bdf8-f6dbaa47753d.Reason : 8f5ab14e-21d2-479d-9d33-3cad9b590bd0 has not seen follower/s 1f61edb1-ab55-473c-8774-d83fa3b21acc for 130062ms df009476-bbf0-43a2-af41-11b5052a445f for 130062ms
2019-09-12 05:59:10,535 [org.apache.ratis.server.impl.LogAppender$AppenderDaemon$$Lambda$547/1589537345@6f142bfd] ERROR ratis.XceiverServerRatis (XceiverServerRatis.java:triggerPipelineClose(568)) - pipeline Action CLOSE  on pipeline PipelineID=a9bcf8c8-3c1e-40a0-bdf8-f6dbaa47753d.Reason : 8f5ab14e-21d2-479d-9d33-3cad9b590bd0 has not seen follower/s 1f61edb1-ab55-473c-8774-d83fa3b21acc for 130066ms df009476-bbf0-43a2-af41-11b5052a445f for 130065ms
2019-09-12 05:59:10,849 [1f61edb1-ab55-473c-8774-d83fa3b21acc@group-F6DBAA47753D-SegmentedRaftLogWorker] WARN  segmented.SegmentedRaftLogWorker (SegmentedRaftLogWorker.java:getFromFuture(90)) - Timeout 12/~
org.apache.ratis.protocol.TimeoutIOException: Timeout 10s: WriteLog:7: (t:1, i:7), STATEMACHINELOGENTRY, client-6E3585A561A4, cid=16-writeStateMachineData
	at org.apache.ratis.util.IOUtils.getFromFuture(IOUtils.java:87)
	at org.apache.ratis.server.raftlog.segmented.SegmentedRaftLogWorker$StateMachineDataPolicy.getFromFuture(SegmentedRaftLogWorker.java:87)
	at org.apache.ratis.server.raftlog.segmented.SegmentedRaftLogWorker$WriteLog.execute(SegmentedRaftLogWorker.java:477)
	at org.apache.ratis.server.raftlog.segmented.SegmentedRaftLogWorker.run(SegmentedRaftLogWorker.java:289)
	at java.lang.Thread.run(Thread.java:748)
Caused by: java.util.concurrent.TimeoutException
	at java.util.concurrent.CompletableFuture.timedGet(CompletableFuture.java:1771)
	at java.util.concurrent.CompletableFuture.get(CompletableFuture.java:1915)
	at org.apache.ratis.util.IOUtils.getFromFuture(IOUtils.java:79)
	... 4 more
2019-09-12 05:59:10,996 [df009476-bbf0-43a2-af41-11b5052a445f@group-F6DBAA47753D-SegmentedRaftLogWorker] WARN  segmented.SegmentedRaftLogWorker (SegmentedRaftLogWorker.java:getFromFuture(90)) - Timeout 12/~
org.apache.ratis.protocol.TimeoutIOException: Timeout 10s: WriteLog:8: (t:1, i:8), STATEMACHINELOGENTRY, client-6E3585A561A4, cid=17-writeStateMachineData
	at org.apache.ratis.util.IOUtils.getFromFuture(IOUtils.java:87)
	at org.apache.ratis.server.raftlog.segmented.SegmentedRaftLogWorker$StateMachineDataPolicy.getFromFuture(SegmentedRaftLogWorker.java:87)
	at org.apache.ratis.server.raftlog.segmented.SegmentedRaftLogWorker$WriteLog.execute(SegmentedRaftLogWorker.java:477)
	at org.apache.ratis.server.raftlog.segmented.SegmentedRaftLogWorker.run(SegmentedRaftLogWorker.java:289)
	at java.lang.Thread.run(Thread.java:748)
Caused by: java.util.concurrent.TimeoutException
	at java.util.concurrent.CompletableFuture.timedGet(CompletableFuture.java:1771)
	at java.util.concurrent.CompletableFuture.get(CompletableFuture.java:1915)
	at org.apache.ratis.util.IOUtils.getFromFuture(IOUtils.java:79)
	... 4 more
2019-09-12 05:59:10,998 [8f5ab14e-21d2-479d-9d33-3cad9b590bd0@group-F6DBAA47753D-SegmentedRaftLogWorker] WARN  segmented.SegmentedRaftLogWorker (SegmentedRaftLogWorker.java:getFromFuture(90)) - Timeout 12/~
org.apache.ratis.protocol.TimeoutIOException: Timeout 10s: WriteLog:8: (t:1, i:8), STATEMACHINELOGENTRY, client-6E3585A561A4, cid=17-writeStateMachineData
	at org.apache.ratis.util.IOUtils.getFromFuture(IOUtils.java:87)
	at org.apache.ratis.server.raftlog.segmented.SegmentedRaftLogWorker$StateMachineDataPolicy.getFromFuture(SegmentedRaftLogWorker.java:87)
	at org.apache.ratis.server.raftlog.segmented.SegmentedRaftLogWorker$WriteLog.execute(SegmentedRaftLogWorker.java:477)
	at org.apache.ratis.server.raftlog.segmented.SegmentedRaftLogWorker.run(SegmentedRaftLogWorker.java:289)
	at java.lang.Thread.run(Thread.java:748)
Caused by: java.util.concurrent.TimeoutException
	at java.util.concurrent.CompletableFuture.timedGet(CompletableFuture.java:1771)
	at java.util.concurrent.CompletableFuture.get(CompletableFuture.java:1915)
	at org.apache.ratis.util.IOUtils.getFromFuture(IOUtils.java:79)
	... 4 more
2019-09-12 05:59:11,023 [EventQueue-PipelineActionsForPipelineActionHandler] ERROR pipeline.PipelineActionHandler (PipelineActionHandler.java:onMessage(60)) - Received pipeline action CLOSE for Pipeline[ Id: a9bcf8c8-3c1e-40a0-bdf8-f6dbaa47753d, Nodes: df009476-bbf0-43a2-af41-11b5052a445f{ip: 192.168.34.52, host: trunk-nightly-20190912-4gc2t-2068889165, networkLocation: /default-rack, certSerialId: null}8f5ab14e-21d2-479d-9d33-3cad9b590bd0{ip: 192.168.34.52, host: trunk-nightly-20190912-4gc2t-2068889165, networkLocation: /default-rack, certSerialId: null}1f61edb1-ab55-473c-8774-d83fa3b21acc{ip: 192.168.34.52, host: trunk-nightly-20190912-4gc2t-2068889165, networkLocation: /default-rack, certSerialId: null}, Type:RATIS, Factor:THREE, State:CLOSED] from datanode 8f5ab14e-21d2-479d-9d33-3cad9b590bd0{ip: 192.168.34.52, host: trunk-nightly-20190912-4gc2t-2068889165, networkLocation: /default-rack, certSerialId: null}. Reason : 8f5ab14e-21d2-479d-9d33-3cad9b590bd0 has not seen follower/s 1f61edb1-ab55-473c-8774-d83fa3b21acc for 130062ms df009476-bbf0-43a2-af41-11b5052a445f for 130062ms
2019-09-12 05:59:11,023 [EventQueue-PipelineActionsForPipelineActionHandler] INFO  pipeline.SCMPipelineManager (SCMPipelineManager.java:finalizeAndDestroyPipeline(311)) - destroying pipeline:Pipeline[ Id: a9bcf8c8-3c1e-40a0-bdf8-f6dbaa47753d, Nodes: df009476-bbf0-43a2-af41-11b5052a445f{ip: 192.168.34.52, host: trunk-nightly-20190912-4gc2t-2068889165, networkLocation: /default-rack, certSerialId: null}8f5ab14e-21d2-479d-9d33-3cad9b590bd0{ip: 192.168.34.52, host: trunk-nightly-20190912-4gc2t-2068889165, networkLocation: /default-rack, certSerialId: null}1f61edb1-ab55-473c-8774-d83fa3b21acc{ip: 192.168.34.52, host: trunk-nightly-20190912-4gc2t-2068889165, networkLocation: /default-rack, certSerialId: null}, Type:RATIS, Factor:THREE, State:CLOSED]
2019-09-12 05:59:11,031 [java.util.concurrent.ThreadPoolExecutor$Worker@eb5b01a[State = -1, empty queue]] WARN  server.GrpcLogAppender (GrpcLogAppender.java:timeoutAppendRequest(200)) - 8f5ab14e-21d2-479d-9d33-3cad9b590bd0@group-F6DBAA47753D->1f61edb1-ab55-473c-8774-d83fa3b21acc-GrpcLogAppender: appendEntries Timeout, request=8f5ab14e-21d2-479d-9d33-3cad9b590bd0->1f61edb1-ab55-473c-8774-d83fa3b21acc#63-t1, previous=(t:1, i:12), leaderCommit=6, initializing? false, entries: <empty>
2019-09-12 05:59:11,034 [java.util.concurrent.ThreadPoolExecutor$Worker@2f1eeb17[State = -1, empty queue]] WARN  server.GrpcLogAppender (GrpcLogAppender.java:timeoutAppendRequest(200)) - 8f5ab14e-21d2-479d-9d33-3cad9b590bd0@group-F6DBAA47753D->df009476-bbf0-43a2-af41-11b5052a445f-GrpcLogAppender: appendEntries Timeout, request=8f5ab14e-21d2-479d-9d33-3cad9b590bd0->df009476-bbf0-43a2-af41-11b5052a445f#63-t1, previous=(t:1, i:12), leaderCommit=6, initializing? false, entries: <empty>
2019-09-12 05:59:12,347 [grpc-default-executor-4] INFO  client.GrpcClientProtocolClient (GrpcClientProtocolClient.java:onNext(264)) - client-6E3585A561A4->1f61edb1-ab55-473c-8774-d83fa3b21acc: receive RaftClientReply:client-6E3585A561A4->1f61edb1-ab55-473c-8774-d83fa3b21acc@group-F6DBAA47753D, cid=16, FAILED org.apache.ratis.protocol.NotLeaderException: Server 1f61edb1-ab55-473c-8774-d83fa3b21acc@group-F6DBAA47753D is not the leader 8f5ab14e-21d2-479d-9d33-3cad9b590bd0:192.168.34.52:37331, logIndex=0, commits[1f61edb1-ab55-473c-8774-d83fa3b21acc:c6, 8f5ab14e-21d2-479d-9d33-3cad9b590bd0:c6, df009476-bbf0-43a2-af41-11b5052a445f:c4]
2019-09-12 05:59:13,033 [org.apache.ratis.server.impl.LogAppender$AppenderDaemon$$Lambda$547/1589537345@b7eed92] ERROR ratis.XceiverServerRatis (XceiverServerRatis.java:triggerPipelineClose(568)) - pipeline Action CLOSE  on pipeline PipelineID=a9bcf8c8-3c1e-40a0-bdf8-f6dbaa47753d.Reason : 8f5ab14e-21d2-479d-9d33-3cad9b590bd0 has not seen follower/s 1f61edb1-ab55-473c-8774-d83fa3b21acc for 132564ms df009476-bbf0-43a2-af41-11b5052a445f for 132563ms
2019-09-12 05:59:13,036 [org.apache.ratis.server.impl.LogAppender$AppenderDaemon$$Lambda$547/1589537345@6f142bfd] ERROR ratis.XceiverServerRatis (XceiverServerRatis.java:triggerPipelineClose(568)) - pipeline Action CLOSE  on pipeline PipelineID=a9bcf8c8-3c1e-40a0-bdf8-f6dbaa47753d.Reason : 8f5ab14e-21d2-479d-9d33-3cad9b590bd0 has not seen follower/s 1f61edb1-ab55-473c-8774-d83fa3b21acc for 132567ms df009476-bbf0-43a2-af41-11b5052a445f for 132566ms
2019-09-12 05:59:13,532 [java.util.concurrent.ThreadPoolExecutor$Worker@eb5b01a[State = -1, empty queue]] WARN  server.GrpcLogAppender (GrpcLogAppender.java:timeoutAppendRequest(200)) - 8f5ab14e-21d2-479d-9d33-3cad9b590bd0@group-F6DBAA47753D->1f61edb1-ab55-473c-8774-d83fa3b21acc-GrpcLogAppender: appendEntries Timeout, request=8f5ab14e-21d2-479d-9d33-3cad9b590bd0->1f61edb1-ab55-473c-8774-d83fa3b21acc#64-t1, previous=(t:1, i:12), leaderCommit=6, initializing? false, entries: <empty>
2019-09-12 05:59:13,535 [java.util.concurrent.ThreadPoolExecutor$Worker@2f1eeb17[State = -1, empty queue]] WARN  server.GrpcLogAppender (GrpcLogAppender.java:timeoutAppendRequest(200)) - 8f5ab14e-21d2-479d-9d33-3cad9b590bd0@group-F6DBAA47753D->df009476-bbf0-43a2-af41-11b5052a445f-GrpcLogAppender: appendEntries Timeout, request=8f5ab14e-21d2-479d-9d33-3cad9b590bd0->df009476-bbf0-43a2-af41-11b5052a445f#64-t1, previous=(t:1, i:12), leaderCommit=6, initializing? false, entries: <empty>
2019-09-12 05:59:14,023 [EventQueue-PipelineActionsForPipelineActionHandler] ERROR pipeline.PipelineActionHandler (PipelineActionHandler.java:onMessage(60)) - Received pipeline action CLOSE for Pipeline[ Id: a9bcf8c8-3c1e-40a0-bdf8-f6dbaa47753d, Nodes: df009476-bbf0-43a2-af41-11b5052a445f{ip: 192.168.34.52, host: trunk-nightly-20190912-4gc2t-2068889165, networkLocation: /default-rack, certSerialId: null}8f5ab14e-21d2-479d-9d33-3cad9b590bd0{ip: 192.168.34.52, host: trunk-nightly-20190912-4gc2t-2068889165, networkLocation: /default-rack, certSerialId: null}1f61edb1-ab55-473c-8774-d83fa3b21acc{ip: 192.168.34.52, host: trunk-nightly-20190912-4gc2t-2068889165, networkLocation: /default-rack, certSerialId: null}, Type:RATIS, Factor:THREE, State:CLOSED] from datanode 8f5ab14e-21d2-479d-9d33-3cad9b590bd0{ip: 192.168.34.52, host: trunk-nightly-20190912-4gc2t-2068889165, networkLocation: /default-rack, certSerialId: null}. Reason : 8f5ab14e-21d2-479d-9d33-3cad9b590bd0 has not seen follower/s 1f61edb1-ab55-473c-8774-d83fa3b21acc for 132564ms df009476-bbf0-43a2-af41-11b5052a445f for 132563ms
2019-09-12 05:59:14,024 [EventQueue-PipelineActionsForPipelineActionHandler] INFO  pipeline.SCMPipelineManager (SCMPipelineManager.java:finalizeAndDestroyPipeline(311)) - destroying pipeline:Pipeline[ Id: a9bcf8c8-3c1e-40a0-bdf8-f6dbaa47753d, Nodes: df009476-bbf0-43a2-af41-11b5052a445f{ip: 192.168.34.52, host: trunk-nightly-20190912-4gc2t-2068889165, networkLocation: /default-rack, certSerialId: null}8f5ab14e-21d2-479d-9d33-3cad9b590bd0{ip: 192.168.34.52, host: trunk-nightly-20190912-4gc2t-2068889165, networkLocation: /default-rack, certSerialId: null}1f61edb1-ab55-473c-8774-d83fa3b21acc{ip: 192.168.34.52, host: trunk-nightly-20190912-4gc2t-2068889165, networkLocation: /default-rack, certSerialId: null}, Type:RATIS, Factor:THREE, State:CLOSED]
2019-09-12 05:59:15,534 [org.apache.ratis.server.impl.LogAppender$AppenderDaemon$$Lambda$547/1589537345@b7eed92] ERROR ratis.XceiverServerRatis (XceiverServerRatis.java:triggerPipelineClose(568)) - pipeline Action CLOSE  on pipeline PipelineID=a9bcf8c8-3c1e-40a0-bdf8-f6dbaa47753d.Reason : 8f5ab14e-21d2-479d-9d33-3cad9b590bd0 has not seen follower/s 1f61edb1-ab55-473c-8774-d83fa3b21acc for 135065ms df009476-bbf0-43a2-af41-11b5052a445f for 135064ms
2019-09-12 05:59:15,537 [org.apache.ratis.server.impl.LogAppender$AppenderDaemon$$Lambda$547/1589537345@6f142bfd] ERROR ratis.XceiverServerRatis (XceiverServerRatis.java:triggerPipelineClose(568)) - pipeline Action CLOSE  on pipeline PipelineID=a9bcf8c8-3c1e-40a0-bdf8-f6dbaa47753d.Reason : 8f5ab14e-21d2-479d-9d33-3cad9b590bd0 has not seen follower/s 1f61edb1-ab55-473c-8774-d83fa3b21acc for 135068ms df009476-bbf0-43a2-af41-11b5052a445f for 135067ms
2019-09-12 05:59:16,025 [EventQueue-PipelineActionsForPipelineActionHandler] ERROR pipeline.PipelineActionHandler (PipelineActionHandler.java:onMessage(60)) - Received pipeline action CLOSE for Pipeline[ Id: a9bcf8c8-3c1e-40a0-bdf8-f6dbaa47753d, Nodes: df009476-bbf0-43a2-af41-11b5052a445f{ip: 192.168.34.52, host: trunk-nightly-20190912-4gc2t-2068889165, networkLocation: /default-rack, certSerialId: null}8f5ab14e-21d2-479d-9d33-3cad9b590bd0{ip: 192.168.34.52, host: trunk-nightly-20190912-4gc2t-2068889165, networkLocation: /default-rack, certSerialId: null}1f61edb1-ab55-473c-8774-d83fa3b21acc{ip: 192.168.34.52, host: trunk-nightly-20190912-4gc2t-2068889165, networkLocation: /default-rack, certSerialId: null}, Type:RATIS, Factor:THREE, State:CLOSED] from datanode 8f5ab14e-21d2-479d-9d33-3cad9b590bd0{ip: 192.168.34.52, host: trunk-nightly-20190912-4gc2t-2068889165, networkLocation: /default-rack, certSerialId: null}. Reason : 8f5ab14e-21d2-479d-9d33-3cad9b590bd0 has not seen follower/s 1f61edb1-ab55-473c-8774-d83fa3b21acc for 135065ms df009476-bbf0-43a2-af41-11b5052a445f for 135064ms
2019-09-12 05:59:16,026 [EventQueue-PipelineActionsForPipelineActionHandler] INFO  pipeline.SCMPipelineManager (SCMPipelineManager.java:finalizeAndDestroyPipeline(311)) - destroying pipeline:Pipeline[ Id: a9bcf8c8-3c1e-40a0-bdf8-f6dbaa47753d, Nodes: df009476-bbf0-43a2-af41-11b5052a445f{ip: 192.168.34.52, host: trunk-nightly-20190912-4gc2t-2068889165, networkLocation: /default-rack, certSerialId: null}8f5ab14e-21d2-479d-9d33-3cad9b590bd0{ip: 192.168.34.52, host: trunk-nightly-20190912-4gc2t-2068889165, networkLocation: /default-rack, certSerialId: null}1f61edb1-ab55-473c-8774-d83fa3b21acc{ip: 192.168.34.52, host: trunk-nightly-20190912-4gc2t-2068889165, networkLocation: /default-rack, certSerialId: null}, Type:RATIS, Factor:THREE, State:CLOSED]
2019-09-12 05:59:16,033 [java.util.concurrent.ThreadPoolExecutor$Worker@eb5b01a[State = -1, empty queue]] WARN  server.GrpcLogAppender (GrpcLogAppender.java:timeoutAppendRequest(200)) - 8f5ab14e-21d2-479d-9d33-3cad9b590bd0@group-F6DBAA47753D->1f61edb1-ab55-473c-8774-d83fa3b21acc-GrpcLogAppender: appendEntries Timeout, request=8f5ab14e-21d2-479d-9d33-3cad9b590bd0->1f61edb1-ab55-473c-8774-d83fa3b21acc#65-t1, previous=(t:1, i:12), leaderCommit=6, initializing? false, entries: <empty>
2019-09-12 05:59:16,036 [java.util.concurrent.ThreadPoolExecutor$Worker@2f1eeb17[State = -1, empty queue]] WARN  server.GrpcLogAppender (GrpcLogAppender.java:timeoutAppendRequest(200)) - 8f5ab14e-21d2-479d-9d33-3cad9b590bd0@group-F6DBAA47753D->df009476-bbf0-43a2-af41-11b5052a445f-GrpcLogAppender: appendEntries Timeout, request=8f5ab14e-21d2-479d-9d33-3cad9b590bd0->df009476-bbf0-43a2-af41-11b5052a445f#65-t1, previous=(t:1, i:12), leaderCommit=6, initializing? false, entries: <empty>
2019-09-12 05:59:17,406 [grpc-default-executor-4] INFO  client.GrpcClientProtocolClient (GrpcClientProtocolClient.java:onNext(264)) - client-6E3585A561A4->1f61edb1-ab55-473c-8774-d83fa3b21acc: receive RaftClientReply:client-6E3585A561A4->1f61edb1-ab55-473c-8774-d83fa3b21acc@group-F6DBAA47753D, cid=16, FAILED org.apache.ratis.protocol.NotLeaderException: Server 1f61edb1-ab55-473c-8774-d83fa3b21acc@group-F6DBAA47753D is not the leader 8f5ab14e-21d2-479d-9d33-3cad9b590bd0:192.168.34.52:37331, logIndex=0, commits[1f61edb1-ab55-473c-8774-d83fa3b21acc:c6, 8f5ab14e-21d2-479d-9d33-3cad9b590bd0:c6, df009476-bbf0-43a2-af41-11b5052a445f:c4]
2019-09-12 05:59:18,036 [org.apache.ratis.server.impl.LogAppender$AppenderDaemon$$Lambda$547/1589537345@b7eed92] ERROR ratis.XceiverServerRatis (XceiverServerRatis.java:triggerPipelineClose(568)) - pipeline Action CLOSE  on pipeline PipelineID=a9bcf8c8-3c1e-40a0-bdf8-f6dbaa47753d.Reason : 8f5ab14e-21d2-479d-9d33-3cad9b590bd0 has not seen follower/s 1f61edb1-ab55-473c-8774-d83fa3b21acc for 137567ms df009476-bbf0-43a2-af41-11b5052a445f for 137567ms
2019-09-12 05:59:18,038 [org.apache.ratis.server.impl.LogAppender$AppenderDaemon$$Lambda$547/1589537345@6f142bfd] ERROR ratis.XceiverServerRatis (XceiverServerRatis.java:triggerPipelineClose(568)) - pipeline Action CLOSE  on pipeline PipelineID=a9bcf8c8-3c1e-40a0-bdf8-f6dbaa47753d.Reason : 8f5ab14e-21d2-479d-9d33-3cad9b590bd0 has not seen follower/s 1f61edb1-ab55-473c-8774-d83fa3b21acc for 137569ms df009476-bbf0-43a2-af41-11b5052a445f for 137568ms
2019-09-12 05:59:18,534 [java.util.concurrent.ThreadPoolExecutor$Worker@eb5b01a[State = -1, empty queue]] WARN  server.GrpcLogAppender (GrpcLogAppender.java:timeoutAppendRequest(200)) - 8f5ab14e-21d2-479d-9d33-3cad9b590bd0@group-F6DBAA47753D->1f61edb1-ab55-473c-8774-d83fa3b21acc-GrpcLogAppender: appendEntries Timeout, request=8f5ab14e-21d2-479d-9d33-3cad9b590bd0->1f61edb1-ab55-473c-8774-d83fa3b21acc#66-t1, previous=(t:1, i:12), leaderCommit=6, initializing? false, entries: <empty>
2019-09-12 05:59:18,537 [java.util.concurrent.ThreadPoolExecutor$Worker@2f1eeb17[State = -1, empty queue]] WARN  server.GrpcLogAppender (GrpcLogAppender.java:timeoutAppendRequest(200)) - 8f5ab14e-21d2-479d-9d33-3cad9b590bd0@group-F6DBAA47753D->df009476-bbf0-43a2-af41-11b5052a445f-GrpcLogAppender: appendEntries Timeout, request=8f5ab14e-21d2-479d-9d33-3cad9b590bd0->df009476-bbf0-43a2-af41-11b5052a445f#66-t1, previous=(t:1, i:12), leaderCommit=6, initializing? false, entries: <empty>
2019-09-12 05:59:19,025 [EventQueue-PipelineActionsForPipelineActionHandler] ERROR pipeline.PipelineActionHandler (PipelineActionHandler.java:onMessage(60)) - Received pipeline action CLOSE for Pipeline[ Id: a9bcf8c8-3c1e-40a0-bdf8-f6dbaa47753d, Nodes: df009476-bbf0-43a2-af41-11b5052a445f{ip: 192.168.34.52, host: trunk-nightly-20190912-4gc2t-2068889165, networkLocation: /default-rack, certSerialId: null}8f5ab14e-21d2-479d-9d33-3cad9b590bd0{ip: 192.168.34.52, host: trunk-nightly-20190912-4gc2t-2068889165, networkLocation: /default-rack, certSerialId: null}1f61edb1-ab55-473c-8774-d83fa3b21acc{ip: 192.168.34.52, host: trunk-nightly-20190912-4gc2t-2068889165, networkLocation: /default-rack, certSerialId: null}, Type:RATIS, Factor:THREE, State:CLOSED] from datanode 8f5ab14e-21d2-479d-9d33-3cad9b590bd0{ip: 192.168.34.52, host: trunk-nightly-20190912-4gc2t-2068889165, networkLocation: /default-rack, certSerialId: null}. Reason : 8f5ab14e-21d2-479d-9d33-3cad9b590bd0 has not seen follower/s 1f61edb1-ab55-473c-8774-d83fa3b21acc for 137567ms df009476-bbf0-43a2-af41-11b5052a445f for 137567ms
2019-09-12 05:59:19,026 [EventQueue-PipelineActionsForPipelineActionHandler] INFO  pipeline.SCMPipelineManager (SCMPipelineManager.java:finalizeAndDestroyPipeline(311)) - destroying pipeline:Pipeline[ Id: a9bcf8c8-3c1e-40a0-bdf8-f6dbaa47753d, Nodes: df009476-bbf0-43a2-af41-11b5052a445f{ip: 192.168.34.52, host: trunk-nightly-20190912-4gc2t-2068889165, networkLocation: /default-rack, certSerialId: null}8f5ab14e-21d2-479d-9d33-3cad9b590bd0{ip: 192.168.34.52, host: trunk-nightly-20190912-4gc2t-2068889165, networkLocation: /default-rack, certSerialId: null}1f61edb1-ab55-473c-8774-d83fa3b21acc{ip: 192.168.34.52, host: trunk-nightly-20190912-4gc2t-2068889165, networkLocation: /default-rack, certSerialId: null}, Type:RATIS, Factor:THREE, State:CLOSED]
2019-09-12 05:59:20,537 [org.apache.ratis.server.impl.LogAppender$AppenderDaemon$$Lambda$547/1589537345@b7eed92] ERROR ratis.XceiverServerRatis (XceiverServerRatis.java:triggerPipelineClose(568)) - pipeline Action CLOSE  on pipeline PipelineID=a9bcf8c8-3c1e-40a0-bdf8-f6dbaa47753d.Reason : 8f5ab14e-21d2-479d-9d33-3cad9b590bd0 has not seen follower/s 1f61edb1-ab55-473c-8774-d83fa3b21acc for 140068ms df009476-bbf0-43a2-af41-11b5052a445f for 140068ms
2019-09-12 05:59:20,541 [org.apache.ratis.server.impl.LogAppender$AppenderDaemon$$Lambda$547/1589537345@6f142bfd] ERROR ratis.XceiverServerRatis (XceiverServerRatis.java:triggerPipelineClose(568)) - pipeline Action CLOSE  on pipeline PipelineID=a9bcf8c8-3c1e-40a0-bdf8-f6dbaa47753d.Reason : 8f5ab14e-21d2-479d-9d33-3cad9b590bd0 has not seen follower/s 1f61edb1-ab55-473c-8774-d83fa3b21acc for 140072ms df009476-bbf0-43a2-af41-11b5052a445f for 140071ms
2019-09-12 05:59:20,850 [1f61edb1-ab55-473c-8774-d83fa3b21acc@group-F6DBAA47753D-SegmentedRaftLogWorker] WARN  segmented.SegmentedRaftLogWorker (SegmentedRaftLogWorker.java:getFromFuture(90)) - Timeout 13/~
org.apache.ratis.protocol.TimeoutIOException: Timeout 10s: WriteLog:7: (t:1, i:7), STATEMACHINELOGENTRY, client-6E3585A561A4, cid=16-writeStateMachineData
	at org.apache.ratis.util.IOUtils.getFromFuture(IOUtils.java:87)
	at org.apache.ratis.server.raftlog.segmented.SegmentedRaftLogWorker$StateMachineDataPolicy.getFromFuture(SegmentedRaftLogWorker.java:87)
	at org.apache.ratis.server.raftlog.segmented.SegmentedRaftLogWorker$WriteLog.execute(SegmentedRaftLogWorker.java:477)
	at org.apache.ratis.server.raftlog.segmented.SegmentedRaftLogWorker.run(SegmentedRaftLogWorker.java:289)
	at java.lang.Thread.run(Thread.java:748)
Caused by: java.util.concurrent.TimeoutException
	at java.util.concurrent.CompletableFuture.timedGet(CompletableFuture.java:1771)
	at java.util.concurrent.CompletableFuture.get(CompletableFuture.java:1915)
	at org.apache.ratis.util.IOUtils.getFromFuture(IOUtils.java:79)
	... 4 more
2019-09-12 05:59:20,996 [df009476-bbf0-43a2-af41-11b5052a445f@group-F6DBAA47753D-SegmentedRaftLogWorker] WARN  segmented.SegmentedRaftLogWorker (SegmentedRaftLogWorker.java:getFromFuture(90)) - Timeout 13/~
org.apache.ratis.protocol.TimeoutIOException: Timeout 10s: WriteLog:8: (t:1, i:8), STATEMACHINELOGENTRY, client-6E3585A561A4, cid=17-writeStateMachineData
	at org.apache.ratis.util.IOUtils.getFromFuture(IOUtils.java:87)
	at org.apache.ratis.server.raftlog.segmented.SegmentedRaftLogWorker$StateMachineDataPolicy.getFromFuture(SegmentedRaftLogWorker.java:87)
	at org.apache.ratis.server.raftlog.segmented.SegmentedRaftLogWorker$WriteLog.execute(SegmentedRaftLogWorker.java:477)
	at org.apache.ratis.server.raftlog.segmented.SegmentedRaftLogWorker.run(SegmentedRaftLogWorker.java:289)
	at java.lang.Thread.run(Thread.java:748)
Caused by: java.util.concurrent.TimeoutException
	at java.util.concurrent.CompletableFuture.timedGet(CompletableFuture.java:1771)
	at java.util.concurrent.CompletableFuture.get(CompletableFuture.java:1915)
	at org.apache.ratis.util.IOUtils.getFromFuture(IOUtils.java:79)
	... 4 more
2019-09-12 05:59:20,999 [8f5ab14e-21d2-479d-9d33-3cad9b590bd0@group-F6DBAA47753D-SegmentedRaftLogWorker] WARN  segmented.SegmentedRaftLogWorker (SegmentedRaftLogWorker.java:getFromFuture(90)) - Timeout 13/~
org.apache.ratis.protocol.TimeoutIOException: Timeout 10s: WriteLog:8: (t:1, i:8), STATEMACHINELOGENTRY, client-6E3585A561A4, cid=17-writeStateMachineData
	at org.apache.ratis.util.IOUtils.getFromFuture(IOUtils.java:87)
	at org.apache.ratis.server.raftlog.segmented.SegmentedRaftLogWorker$StateMachineDataPolicy.getFromFuture(SegmentedRaftLogWorker.java:87)
	at org.apache.ratis.server.raftlog.segmented.SegmentedRaftLogWorker$WriteLog.execute(SegmentedRaftLogWorker.java:477)
	at org.apache.ratis.server.raftlog.segmented.SegmentedRaftLogWorker.run(SegmentedRaftLogWorker.java:289)
	at java.lang.Thread.run(Thread.java:748)
Caused by: java.util.concurrent.TimeoutException
	at java.util.concurrent.CompletableFuture.timedGet(CompletableFuture.java:1771)
	at java.util.concurrent.CompletableFuture.get(CompletableFuture.java:1915)
	at org.apache.ratis.util.IOUtils.getFromFuture(IOUtils.java:79)
	... 4 more
2019-09-12 05:59:21,026 [EventQueue-PipelineActionsForPipelineActionHandler] ERROR pipeline.PipelineActionHandler (PipelineActionHandler.java:onMessage(60)) - Received pipeline action CLOSE for Pipeline[ Id: a9bcf8c8-3c1e-40a0-bdf8-f6dbaa47753d, Nodes: df009476-bbf0-43a2-af41-11b5052a445f{ip: 192.168.34.52, host: trunk-nightly-20190912-4gc2t-2068889165, networkLocation: /default-rack, certSerialId: null}8f5ab14e-21d2-479d-9d33-3cad9b590bd0{ip: 192.168.34.52, host: trunk-nightly-20190912-4gc2t-2068889165, networkLocation: /default-rack, certSerialId: null}1f61edb1-ab55-473c-8774-d83fa3b21acc{ip: 192.168.34.52, host: trunk-nightly-20190912-4gc2t-2068889165, networkLocation: /default-rack, certSerialId: null}, Type:RATIS, Factor:THREE, State:CLOSED] from datanode 8f5ab14e-21d2-479d-9d33-3cad9b590bd0{ip: 192.168.34.52, host: trunk-nightly-20190912-4gc2t-2068889165, networkLocation: /default-rack, certSerialId: null}. Reason : 8f5ab14e-21d2-479d-9d33-3cad9b590bd0 has not seen follower/s 1f61edb1-ab55-473c-8774-d83fa3b21acc for 140068ms df009476-bbf0-43a2-af41-11b5052a445f for 140068ms
2019-09-12 05:59:21,026 [EventQueue-PipelineActionsForPipelineActionHandler] INFO  pipeline.SCMPipelineManager (SCMPipelineManager.java:finalizeAndDestroyPipeline(311)) - destroying pipeline:Pipeline[ Id: a9bcf8c8-3c1e-40a0-bdf8-f6dbaa47753d, Nodes: df009476-bbf0-43a2-af41-11b5052a445f{ip: 192.168.34.52, host: trunk-nightly-20190912-4gc2t-2068889165, networkLocation: /default-rack, certSerialId: null}8f5ab14e-21d2-479d-9d33-3cad9b590bd0{ip: 192.168.34.52, host: trunk-nightly-20190912-4gc2t-2068889165, networkLocation: /default-rack, certSerialId: null}1f61edb1-ab55-473c-8774-d83fa3b21acc{ip: 192.168.34.52, host: trunk-nightly-20190912-4gc2t-2068889165, networkLocation: /default-rack, certSerialId: null}, Type:RATIS, Factor:THREE, State:CLOSED]
2019-09-12 05:59:21,036 [java.util.concurrent.ThreadPoolExecutor$Worker@eb5b01a[State = -1, empty queue]] WARN  server.GrpcLogAppender (GrpcLogAppender.java:timeoutAppendRequest(200)) - 8f5ab14e-21d2-479d-9d33-3cad9b590bd0@group-F6DBAA47753D->1f61edb1-ab55-473c-8774-d83fa3b21acc-GrpcLogAppender: appendEntries Timeout, request=8f5ab14e-21d2-479d-9d33-3cad9b590bd0->1f61edb1-ab55-473c-8774-d83fa3b21acc#67-t1, previous=(t:1, i:12), leaderCommit=6, initializing? false, entries: <empty>
2019-09-12 05:59:21,038 [java.util.concurrent.ThreadPoolExecutor$Worker@2f1eeb17[State = -1, empty queue]] WARN  server.GrpcLogAppender (GrpcLogAppender.java:timeoutAppendRequest(200)) - 8f5ab14e-21d2-479d-9d33-3cad9b590bd0@group-F6DBAA47753D->df009476-bbf0-43a2-af41-11b5052a445f-GrpcLogAppender: appendEntries Timeout, request=8f5ab14e-21d2-479d-9d33-3cad9b590bd0->df009476-bbf0-43a2-af41-11b5052a445f#67-t1, previous=(t:1, i:12), leaderCommit=6, initializing? false, entries: <empty>
2019-09-12 05:59:22,456 [grpc-default-executor-4] INFO  client.GrpcClientProtocolClient (GrpcClientProtocolClient.java:onNext(264)) - client-6E3585A561A4->1f61edb1-ab55-473c-8774-d83fa3b21acc: receive RaftClientReply:client-6E3585A561A4->1f61edb1-ab55-473c-8774-d83fa3b21acc@group-F6DBAA47753D, cid=16, FAILED org.apache.ratis.protocol.NotLeaderException: Server 1f61edb1-ab55-473c-8774-d83fa3b21acc@group-F6DBAA47753D is not the leader 8f5ab14e-21d2-479d-9d33-3cad9b590bd0:192.168.34.52:37331, logIndex=0, commits[1f61edb1-ab55-473c-8774-d83fa3b21acc:c6, 8f5ab14e-21d2-479d-9d33-3cad9b590bd0:c6, df009476-bbf0-43a2-af41-11b5052a445f:c4]
2019-09-12 05:59:23,038 [org.apache.ratis.server.impl.LogAppender$AppenderDaemon$$Lambda$547/1589537345@b7eed92] ERROR ratis.XceiverServerRatis (XceiverServerRatis.java:triggerPipelineClose(568)) - pipeline Action CLOSE  on pipeline PipelineID=a9bcf8c8-3c1e-40a0-bdf8-f6dbaa47753d.Reason : 8f5ab14e-21d2-479d-9d33-3cad9b590bd0 has not seen follower/s 1f61edb1-ab55-473c-8774-d83fa3b21acc for 142569ms df009476-bbf0-43a2-af41-11b5052a445f for 142568ms
2019-09-12 05:59:23,042 [org.apache.ratis.server.impl.LogAppender$AppenderDaemon$$Lambda$547/1589537345@6f142bfd] ERROR ratis.XceiverServerRatis (XceiverServerRatis.java:triggerPipelineClose(568)) - pipeline Action CLOSE  on pipeline PipelineID=a9bcf8c8-3c1e-40a0-bdf8-f6dbaa47753d.Reason : 8f5ab14e-21d2-479d-9d33-3cad9b590bd0 has not seen follower/s 1f61edb1-ab55-473c-8774-d83fa3b21acc for 142573ms df009476-bbf0-43a2-af41-11b5052a445f for 142572ms
2019-09-12 05:59:23,537 [java.util.concurrent.ThreadPoolExecutor$Worker@eb5b01a[State = -1, empty queue]] WARN  server.GrpcLogAppender (GrpcLogAppender.java:timeoutAppendRequest(200)) - 8f5ab14e-21d2-479d-9d33-3cad9b590bd0@group-F6DBAA47753D->1f61edb1-ab55-473c-8774-d83fa3b21acc-GrpcLogAppender: appendEntries Timeout, request=8f5ab14e-21d2-479d-9d33-3cad9b590bd0->1f61edb1-ab55-473c-8774-d83fa3b21acc#68-t1, previous=(t:1, i:12), leaderCommit=6, initializing? false, entries: <empty>
2019-09-12 05:59:23,541 [java.util.concurrent.ThreadPoolExecutor$Worker@2f1eeb17[State = -1, empty queue]] WARN  server.GrpcLogAppender (GrpcLogAppender.java:timeoutAppendRequest(200)) - 8f5ab14e-21d2-479d-9d33-3cad9b590bd0@group-F6DBAA47753D->df009476-bbf0-43a2-af41-11b5052a445f-GrpcLogAppender: appendEntries Timeout, request=8f5ab14e-21d2-479d-9d33-3cad9b590bd0->df009476-bbf0-43a2-af41-11b5052a445f#68-t1, previous=(t:1, i:12), leaderCommit=6, initializing? false, entries: <empty>
2019-09-12 05:59:24,025 [EventQueue-PipelineActionsForPipelineActionHandler] ERROR pipeline.PipelineActionHandler (PipelineActionHandler.java:onMessage(60)) - Received pipeline action CLOSE for Pipeline[ Id: a9bcf8c8-3c1e-40a0-bdf8-f6dbaa47753d, Nodes: df009476-bbf0-43a2-af41-11b5052a445f{ip: 192.168.34.52, host: trunk-nightly-20190912-4gc2t-2068889165, networkLocation: /default-rack, certSerialId: null}8f5ab14e-21d2-479d-9d33-3cad9b590bd0{ip: 192.168.34.52, host: trunk-nightly-20190912-4gc2t-2068889165, networkLocation: /default-rack, certSerialId: null}1f61edb1-ab55-473c-8774-d83fa3b21acc{ip: 192.168.34.52, host: trunk-nightly-20190912-4gc2t-2068889165, networkLocation: /default-rack, certSerialId: null}, Type:RATIS, Factor:THREE, State:CLOSED] from datanode 8f5ab14e-21d2-479d-9d33-3cad9b590bd0{ip: 192.168.34.52, host: trunk-nightly-20190912-4gc2t-2068889165, networkLocation: /default-rack, certSerialId: null}. Reason : 8f5ab14e-21d2-479d-9d33-3cad9b590bd0 has not seen follower/s 1f61edb1-ab55-473c-8774-d83fa3b21acc for 142569ms df009476-bbf0-43a2-af41-11b5052a445f for 142568ms
2019-09-12 05:59:24,026 [EventQueue-PipelineActionsForPipelineActionHandler] INFO  pipeline.SCMPipelineManager (SCMPipelineManager.java:finalizeAndDestroyPipeline(311)) - destroying pipeline:Pipeline[ Id: a9bcf8c8-3c1e-40a0-bdf8-f6dbaa47753d, Nodes: df009476-bbf0-43a2-af41-11b5052a445f{ip: 192.168.34.52, host: trunk-nightly-20190912-4gc2t-2068889165, networkLocation: /default-rack, certSerialId: null}8f5ab14e-21d2-479d-9d33-3cad9b590bd0{ip: 192.168.34.52, host: trunk-nightly-20190912-4gc2t-2068889165, networkLocation: /default-rack, certSerialId: null}1f61edb1-ab55-473c-8774-d83fa3b21acc{ip: 192.168.34.52, host: trunk-nightly-20190912-4gc2t-2068889165, networkLocation: /default-rack, certSerialId: null}, Type:RATIS, Factor:THREE, State:CLOSED]
2019-09-12 05:59:25,539 [org.apache.ratis.server.impl.LogAppender$AppenderDaemon$$Lambda$547/1589537345@b7eed92] ERROR ratis.XceiverServerRatis (XceiverServerRatis.java:triggerPipelineClose(568)) - pipeline Action CLOSE  on pipeline PipelineID=a9bcf8c8-3c1e-40a0-bdf8-f6dbaa47753d.Reason : 8f5ab14e-21d2-479d-9d33-3cad9b590bd0 has not seen follower/s 1f61edb1-ab55-473c-8774-d83fa3b21acc for 145070ms df009476-bbf0-43a2-af41-11b5052a445f for 145069ms
2019-09-12 05:59:25,542 [org.apache.ratis.server.impl.LogAppender$AppenderDaemon$$Lambda$547/1589537345@6f142bfd] ERROR ratis.XceiverServerRatis (XceiverServerRatis.java:triggerPipelineClose(568)) - pipeline Action CLOSE  on pipeline PipelineID=a9bcf8c8-3c1e-40a0-bdf8-f6dbaa47753d.Reason : 8f5ab14e-21d2-479d-9d33-3cad9b590bd0 has not seen follower/s 1f61edb1-ab55-473c-8774-d83fa3b21acc for 145073ms df009476-bbf0-43a2-af41-11b5052a445f for 145073ms
2019-09-12 05:59:26,026 [EventQueue-PipelineActionsForPipelineActionHandler] ERROR pipeline.PipelineActionHandler (PipelineActionHandler.java:onMessage(60)) - Received pipeline action CLOSE for Pipeline[ Id: a9bcf8c8-3c1e-40a0-bdf8-f6dbaa47753d, Nodes: df009476-bbf0-43a2-af41-11b5052a445f{ip: 192.168.34.52, host: trunk-nightly-20190912-4gc2t-2068889165, networkLocation: /default-rack, certSerialId: null}8f5ab14e-21d2-479d-9d33-3cad9b590bd0{ip: 192.168.34.52, host: trunk-nightly-20190912-4gc2t-2068889165, networkLocation: /default-rack, certSerialId: null}1f61edb1-ab55-473c-8774-d83fa3b21acc{ip: 192.168.34.52, host: trunk-nightly-20190912-4gc2t-2068889165, networkLocation: /default-rack, certSerialId: null}, Type:RATIS, Factor:THREE, State:CLOSED] from datanode 8f5ab14e-21d2-479d-9d33-3cad9b590bd0{ip: 192.168.34.52, host: trunk-nightly-20190912-4gc2t-2068889165, networkLocation: /default-rack, certSerialId: null}. Reason : 8f5ab14e-21d2-479d-9d33-3cad9b590bd0 has not seen follower/s 1f61edb1-ab55-473c-8774-d83fa3b21acc for 145070ms df009476-bbf0-43a2-af41-11b5052a445f for 145069ms
2019-09-12 05:59:26,026 [EventQueue-PipelineActionsForPipelineActionHandler] INFO  pipeline.SCMPipelineManager (SCMPipelineManager.java:finalizeAndDestroyPipeline(311)) - destroying pipeline:Pipeline[ Id: a9bcf8c8-3c1e-40a0-bdf8-f6dbaa47753d, Nodes: df009476-bbf0-43a2-af41-11b5052a445f{ip: 192.168.34.52, host: trunk-nightly-20190912-4gc2t-2068889165, networkLocation: /default-rack, certSerialId: null}8f5ab14e-21d2-479d-9d33-3cad9b590bd0{ip: 192.168.34.52, host: trunk-nightly-20190912-4gc2t-2068889165, networkLocation: /default-rack, certSerialId: null}1f61edb1-ab55-473c-8774-d83fa3b21acc{ip: 192.168.34.52, host: trunk-nightly-20190912-4gc2t-2068889165, networkLocation: /default-rack, certSerialId: null}, Type:RATIS, Factor:THREE, State:CLOSED]
2019-09-12 05:59:26,038 [java.util.concurrent.ThreadPoolExecutor$Worker@eb5b01a[State = -1, empty queue]] WARN  server.GrpcLogAppender (GrpcLogAppender.java:timeoutAppendRequest(200)) - 8f5ab14e-21d2-479d-9d33-3cad9b590bd0@group-F6DBAA47753D->1f61edb1-ab55-473c-8774-d83fa3b21acc-GrpcLogAppender: appendEntries Timeout, request=8f5ab14e-21d2-479d-9d33-3cad9b590bd0->1f61edb1-ab55-473c-8774-d83fa3b21acc#69-t1, previous=(t:1, i:12), leaderCommit=6, initializing? false, entries: <empty>
2019-09-12 05:59:26,042 [java.util.concurrent.ThreadPoolExecutor$Worker@2f1eeb17[State = -1, empty queue]] WARN  server.GrpcLogAppender (GrpcLogAppender.java:timeoutAppendRequest(200)) - 8f5ab14e-21d2-479d-9d33-3cad9b590bd0@group-F6DBAA47753D->df009476-bbf0-43a2-af41-11b5052a445f-GrpcLogAppender: appendEntries Timeout, request=8f5ab14e-21d2-479d-9d33-3cad9b590bd0->df009476-bbf0-43a2-af41-11b5052a445f#69-t1, previous=(t:1, i:12), leaderCommit=6, initializing? false, entries: <empty>
2019-09-12 05:59:27,522 [grpc-default-executor-4] INFO  client.GrpcClientProtocolClient (GrpcClientProtocolClient.java:onNext(264)) - client-6E3585A561A4->df009476-bbf0-43a2-af41-11b5052a445f: receive RaftClientReply:client-6E3585A561A4->df009476-bbf0-43a2-af41-11b5052a445f@group-F6DBAA47753D, cid=16, FAILED org.apache.ratis.protocol.NotLeaderException: Server df009476-bbf0-43a2-af41-11b5052a445f@group-F6DBAA47753D is not the leader 8f5ab14e-21d2-479d-9d33-3cad9b590bd0:192.168.34.52:37331, logIndex=0, commits[df009476-bbf0-43a2-af41-11b5052a445f:c6, 1f61edb1-ab55-473c-8774-d83fa3b21acc:c4, 8f5ab14e-21d2-479d-9d33-3cad9b590bd0:c6]
2019-09-12 05:59:28,040 [org.apache.ratis.server.impl.LogAppender$AppenderDaemon$$Lambda$547/1589537345@b7eed92] ERROR ratis.XceiverServerRatis (XceiverServerRatis.java:triggerPipelineClose(568)) - pipeline Action CLOSE  on pipeline PipelineID=a9bcf8c8-3c1e-40a0-bdf8-f6dbaa47753d.Reason : 8f5ab14e-21d2-479d-9d33-3cad9b590bd0 has not seen follower/s 1f61edb1-ab55-473c-8774-d83fa3b21acc for 147571ms df009476-bbf0-43a2-af41-11b5052a445f for 147570ms
2019-09-12 05:59:28,043 [org.apache.ratis.server.impl.LogAppender$AppenderDaemon$$Lambda$547/1589537345@6f142bfd] ERROR ratis.XceiverServerRatis (XceiverServerRatis.java:triggerPipelineClose(568)) - pipeline Action CLOSE  on pipeline PipelineID=a9bcf8c8-3c1e-40a0-bdf8-f6dbaa47753d.Reason : 8f5ab14e-21d2-479d-9d33-3cad9b590bd0 has not seen follower/s 1f61edb1-ab55-473c-8774-d83fa3b21acc for 147574ms df009476-bbf0-43a2-af41-11b5052a445f for 147573ms
2019-09-12 05:59:28,539 [java.util.concurrent.ThreadPoolExecutor$Worker@eb5b01a[State = -1, empty queue]] WARN  server.GrpcLogAppender (GrpcLogAppender.java:timeoutAppendRequest(200)) - 8f5ab14e-21d2-479d-9d33-3cad9b590bd0@group-F6DBAA47753D->1f61edb1-ab55-473c-8774-d83fa3b21acc-GrpcLogAppender: appendEntries Timeout, request=8f5ab14e-21d2-479d-9d33-3cad9b590bd0->1f61edb1-ab55-473c-8774-d83fa3b21acc#70-t1, previous=(t:1, i:12), leaderCommit=6, initializing? false, entries: <empty>
2019-09-12 05:59:28,542 [java.util.concurrent.ThreadPoolExecutor$Worker@2f1eeb17[State = -1, empty queue]] WARN  server.GrpcLogAppender (GrpcLogAppender.java:timeoutAppendRequest(200)) - 8f5ab14e-21d2-479d-9d33-3cad9b590bd0@group-F6DBAA47753D->df009476-bbf0-43a2-af41-11b5052a445f-GrpcLogAppender: appendEntries Timeout, request=8f5ab14e-21d2-479d-9d33-3cad9b590bd0->df009476-bbf0-43a2-af41-11b5052a445f#70-t1, previous=(t:1, i:12), leaderCommit=6, initializing? false, entries: <empty>
2019-09-12 05:59:29,026 [EventQueue-PipelineActionsForPipelineActionHandler] ERROR pipeline.PipelineActionHandler (PipelineActionHandler.java:onMessage(60)) - Received pipeline action CLOSE for Pipeline[ Id: a9bcf8c8-3c1e-40a0-bdf8-f6dbaa47753d, Nodes: df009476-bbf0-43a2-af41-11b5052a445f{ip: 192.168.34.52, host: trunk-nightly-20190912-4gc2t-2068889165, networkLocation: /default-rack, certSerialId: null}8f5ab14e-21d2-479d-9d33-3cad9b590bd0{ip: 192.168.34.52, host: trunk-nightly-20190912-4gc2t-2068889165, networkLocation: /default-rack, certSerialId: null}1f61edb1-ab55-473c-8774-d83fa3b21acc{ip: 192.168.34.52, host: trunk-nightly-20190912-4gc2t-2068889165, networkLocation: /default-rack, certSerialId: null}, Type:RATIS, Factor:THREE, State:CLOSED] from datanode 8f5ab14e-21d2-479d-9d33-3cad9b590bd0{ip: 192.168.34.52, host: trunk-nightly-20190912-4gc2t-2068889165, networkLocation: /default-rack, certSerialId: null}. Reason : 8f5ab14e-21d2-479d-9d33-3cad9b590bd0 has not seen follower/s 1f61edb1-ab55-473c-8774-d83fa3b21acc for 147571ms df009476-bbf0-43a2-af41-11b5052a445f for 147570ms
2019-09-12 05:59:29,026 [EventQueue-PipelineActionsForPipelineActionHandler] INFO  pipeline.SCMPipelineManager (SCMPipelineManager.java:finalizeAndDestroyPipeline(311)) - destroying pipeline:Pipeline[ Id: a9bcf8c8-3c1e-40a0-bdf8-f6dbaa47753d, Nodes: df009476-bbf0-43a2-af41-11b5052a445f{ip: 192.168.34.52, host: trunk-nightly-20190912-4gc2t-2068889165, networkLocation: /default-rack, certSerialId: null}8f5ab14e-21d2-479d-9d33-3cad9b590bd0{ip: 192.168.34.52, host: trunk-nightly-20190912-4gc2t-2068889165, networkLocation: /default-rack, certSerialId: null}1f61edb1-ab55-473c-8774-d83fa3b21acc{ip: 192.168.34.52, host: trunk-nightly-20190912-4gc2t-2068889165, networkLocation: /default-rack, certSerialId: null}, Type:RATIS, Factor:THREE, State:CLOSED]
2019-09-12 05:59:30,541 [org.apache.ratis.server.impl.LogAppender$AppenderDaemon$$Lambda$547/1589537345@b7eed92] ERROR ratis.XceiverServerRatis (XceiverServerRatis.java:triggerPipelineClose(568)) - pipeline Action CLOSE  on pipeline PipelineID=a9bcf8c8-3c1e-40a0-bdf8-f6dbaa47753d.Reason : 8f5ab14e-21d2-479d-9d33-3cad9b590bd0 has not seen follower/s 1f61edb1-ab55-473c-8774-d83fa3b21acc for 150072ms df009476-bbf0-43a2-af41-11b5052a445f for 150071ms
2019-09-12 05:59:30,543 [org.apache.ratis.server.impl.LogAppender$AppenderDaemon$$Lambda$547/1589537345@6f142bfd] ERROR ratis.XceiverServerRatis (XceiverServerRatis.java:triggerPipelineClose(568)) - pipeline Action CLOSE  on pipeline PipelineID=a9bcf8c8-3c1e-40a0-bdf8-f6dbaa47753d.Reason : 8f5ab14e-21d2-479d-9d33-3cad9b590bd0 has not seen follower/s 1f61edb1-ab55-473c-8774-d83fa3b21acc for 150074ms df009476-bbf0-43a2-af41-11b5052a445f for 150074ms
2019-09-12 05:59:30,851 [1f61edb1-ab55-473c-8774-d83fa3b21acc@group-F6DBAA47753D-SegmentedRaftLogWorker] WARN  segmented.SegmentedRaftLogWorker (SegmentedRaftLogWorker.java:getFromFuture(90)) - Timeout 14/~
org.apache.ratis.protocol.TimeoutIOException: Timeout 10s: WriteLog:7: (t:1, i:7), STATEMACHINELOGENTRY, client-6E3585A561A4, cid=16-writeStateMachineData
	at org.apache.ratis.util.IOUtils.getFromFuture(IOUtils.java:87)
	at org.apache.ratis.server.raftlog.segmented.SegmentedRaftLogWorker$StateMachineDataPolicy.getFromFuture(SegmentedRaftLogWorker.java:87)
	at org.apache.ratis.server.raftlog.segmented.SegmentedRaftLogWorker$WriteLog.execute(SegmentedRaftLogWorker.java:477)
	at org.apache.ratis.server.raftlog.segmented.SegmentedRaftLogWorker.run(SegmentedRaftLogWorker.java:289)
	at java.lang.Thread.run(Thread.java:748)
Caused by: java.util.concurrent.TimeoutException
	at java.util.concurrent.CompletableFuture.timedGet(CompletableFuture.java:1771)
	at java.util.concurrent.CompletableFuture.get(CompletableFuture.java:1915)
	at org.apache.ratis.util.IOUtils.getFromFuture(IOUtils.java:79)
	... 4 more
2019-09-12 05:59:30,997 [df009476-bbf0-43a2-af41-11b5052a445f@group-F6DBAA47753D-SegmentedRaftLogWorker] WARN  segmented.SegmentedRaftLogWorker (SegmentedRaftLogWorker.java:getFromFuture(90)) - Timeout 14/~
org.apache.ratis.protocol.TimeoutIOException: Timeout 10s: WriteLog:8: (t:1, i:8), STATEMACHINELOGENTRY, client-6E3585A561A4, cid=17-writeStateMachineData
	at org.apache.ratis.util.IOUtils.getFromFuture(IOUtils.java:87)
	at org.apache.ratis.server.raftlog.segmented.SegmentedRaftLogWorker$StateMachineDataPolicy.getFromFuture(SegmentedRaftLogWorker.java:87)
	at org.apache.ratis.server.raftlog.segmented.SegmentedRaftLogWorker$WriteLog.execute(SegmentedRaftLogWorker.java:477)
	at org.apache.ratis.server.raftlog.segmented.SegmentedRaftLogWorker.run(SegmentedRaftLogWorker.java:289)
	at java.lang.Thread.run(Thread.java:748)
Caused by: java.util.concurrent.TimeoutException
	at java.util.concurrent.CompletableFuture.timedGet(CompletableFuture.java:1771)
	at java.util.concurrent.CompletableFuture.get(CompletableFuture.java:1915)
	at org.apache.ratis.util.IOUtils.getFromFuture(IOUtils.java:79)
	... 4 more
2019-09-12 05:59:31,000 [8f5ab14e-21d2-479d-9d33-3cad9b590bd0@group-F6DBAA47753D-SegmentedRaftLogWorker] WARN  segmented.SegmentedRaftLogWorker (SegmentedRaftLogWorker.java:getFromFuture(90)) - Timeout 14/~
org.apache.ratis.protocol.TimeoutIOException: Timeout 10s: WriteLog:8: (t:1, i:8), STATEMACHINELOGENTRY, client-6E3585A561A4, cid=17-writeStateMachineData
	at org.apache.ratis.util.IOUtils.getFromFuture(IOUtils.java:87)
	at org.apache.ratis.server.raftlog.segmented.SegmentedRaftLogWorker$StateMachineDataPolicy.getFromFuture(SegmentedRaftLogWorker.java:87)
	at org.apache.ratis.server.raftlog.segmented.SegmentedRaftLogWorker$WriteLog.execute(SegmentedRaftLogWorker.java:477)
	at org.apache.ratis.server.raftlog.segmented.SegmentedRaftLogWorker.run(SegmentedRaftLogWorker.java:289)
	at java.lang.Thread.run(Thread.java:748)
Caused by: java.util.concurrent.TimeoutException
	at java.util.concurrent.CompletableFuture.timedGet(CompletableFuture.java:1771)
	at java.util.concurrent.CompletableFuture.get(CompletableFuture.java:1915)
	at org.apache.ratis.util.IOUtils.getFromFuture(IOUtils.java:79)
	... 4 more
2019-09-12 05:59:31,026 [EventQueue-PipelineActionsForPipelineActionHandler] ERROR pipeline.PipelineActionHandler (PipelineActionHandler.java:onMessage(60)) - Received pipeline action CLOSE for Pipeline[ Id: a9bcf8c8-3c1e-40a0-bdf8-f6dbaa47753d, Nodes: df009476-bbf0-43a2-af41-11b5052a445f{ip: 192.168.34.52, host: trunk-nightly-20190912-4gc2t-2068889165, networkLocation: /default-rack, certSerialId: null}8f5ab14e-21d2-479d-9d33-3cad9b590bd0{ip: 192.168.34.52, host: trunk-nightly-20190912-4gc2t-2068889165, networkLocation: /default-rack, certSerialId: null}1f61edb1-ab55-473c-8774-d83fa3b21acc{ip: 192.168.34.52, host: trunk-nightly-20190912-4gc2t-2068889165, networkLocation: /default-rack, certSerialId: null}, Type:RATIS, Factor:THREE, State:CLOSED] from datanode 8f5ab14e-21d2-479d-9d33-3cad9b590bd0{ip: 192.168.34.52, host: trunk-nightly-20190912-4gc2t-2068889165, networkLocation: /default-rack, certSerialId: null}. Reason : 8f5ab14e-21d2-479d-9d33-3cad9b590bd0 has not seen follower/s 1f61edb1-ab55-473c-8774-d83fa3b21acc for 150072ms df009476-bbf0-43a2-af41-11b5052a445f for 150071ms
2019-09-12 05:59:31,026 [EventQueue-PipelineActionsForPipelineActionHandler] INFO  pipeline.SCMPipelineManager (SCMPipelineManager.java:finalizeAndDestroyPipeline(311)) - destroying pipeline:Pipeline[ Id: a9bcf8c8-3c1e-40a0-bdf8-f6dbaa47753d, Nodes: df009476-bbf0-43a2-af41-11b5052a445f{ip: 192.168.34.52, host: trunk-nightly-20190912-4gc2t-2068889165, networkLocation: /default-rack, certSerialId: null}8f5ab14e-21d2-479d-9d33-3cad9b590bd0{ip: 192.168.34.52, host: trunk-nightly-20190912-4gc2t-2068889165, networkLocation: /default-rack, certSerialId: null}1f61edb1-ab55-473c-8774-d83fa3b21acc{ip: 192.168.34.52, host: trunk-nightly-20190912-4gc2t-2068889165, networkLocation: /default-rack, certSerialId: null}, Type:RATIS, Factor:THREE, State:CLOSED]
2019-09-12 05:59:31,040 [java.util.concurrent.ThreadPoolExecutor$Worker@eb5b01a[State = -1, empty queue]] WARN  server.GrpcLogAppender (GrpcLogAppender.java:timeoutAppendRequest(200)) - 8f5ab14e-21d2-479d-9d33-3cad9b590bd0@group-F6DBAA47753D->1f61edb1-ab55-473c-8774-d83fa3b21acc-GrpcLogAppender: appendEntries Timeout, request=8f5ab14e-21d2-479d-9d33-3cad9b590bd0->1f61edb1-ab55-473c-8774-d83fa3b21acc#71-t1, previous=(t:1, i:12), leaderCommit=6, initializing? false, entries: <empty>
2019-09-12 05:59:31,043 [java.util.concurrent.ThreadPoolExecutor$Worker@2f1eeb17[State = -1, empty queue]] WARN  server.GrpcLogAppender (GrpcLogAppender.java:timeoutAppendRequest(200)) - 8f5ab14e-21d2-479d-9d33-3cad9b590bd0@group-F6DBAA47753D->df009476-bbf0-43a2-af41-11b5052a445f-GrpcLogAppender: appendEntries Timeout, request=8f5ab14e-21d2-479d-9d33-3cad9b590bd0->df009476-bbf0-43a2-af41-11b5052a445f#71-t1, previous=(t:1, i:12), leaderCommit=6, initializing? false, entries: <empty>
2019-09-12 05:59:32,569 [grpc-default-executor-4] INFO  client.GrpcClientProtocolClient (GrpcClientProtocolClient.java:onNext(264)) - client-6E3585A561A4->df009476-bbf0-43a2-af41-11b5052a445f: receive RaftClientReply:client-6E3585A561A4->df009476-bbf0-43a2-af41-11b5052a445f@group-F6DBAA47753D, cid=16, FAILED org.apache.ratis.protocol.NotLeaderException: Server df009476-bbf0-43a2-af41-11b5052a445f@group-F6DBAA47753D is not the leader 8f5ab14e-21d2-479d-9d33-3cad9b590bd0:192.168.34.52:37331, logIndex=0, commits[df009476-bbf0-43a2-af41-11b5052a445f:c6, 1f61edb1-ab55-473c-8774-d83fa3b21acc:c4, 8f5ab14e-21d2-479d-9d33-3cad9b590bd0:c6]
2019-09-12 05:59:33,042 [org.apache.ratis.server.impl.LogAppender$AppenderDaemon$$Lambda$547/1589537345@b7eed92] ERROR ratis.XceiverServerRatis (XceiverServerRatis.java:triggerPipelineClose(568)) - pipeline Action CLOSE  on pipeline PipelineID=a9bcf8c8-3c1e-40a0-bdf8-f6dbaa47753d.Reason : 8f5ab14e-21d2-479d-9d33-3cad9b590bd0 has not seen follower/s 1f61edb1-ab55-473c-8774-d83fa3b21acc for 152573ms df009476-bbf0-43a2-af41-11b5052a445f for 152572ms
2019-09-12 05:59:33,044 [org.apache.ratis.server.impl.LogAppender$AppenderDaemon$$Lambda$547/1589537345@6f142bfd] ERROR ratis.XceiverServerRatis (XceiverServerRatis.java:triggerPipelineClose(568)) - pipeline Action CLOSE  on pipeline PipelineID=a9bcf8c8-3c1e-40a0-bdf8-f6dbaa47753d.Reason : 8f5ab14e-21d2-479d-9d33-3cad9b590bd0 has not seen follower/s 1f61edb1-ab55-473c-8774-d83fa3b21acc for 152575ms df009476-bbf0-43a2-af41-11b5052a445f for 152574ms
2019-09-12 05:59:33,541 [java.util.concurrent.ThreadPoolExecutor$Worker@eb5b01a[State = -1, empty queue]] WARN  server.GrpcLogAppender (GrpcLogAppender.java:timeoutAppendRequest(200)) - 8f5ab14e-21d2-479d-9d33-3cad9b590bd0@group-F6DBAA47753D->1f61edb1-ab55-473c-8774-d83fa3b21acc-GrpcLogAppender: appendEntries Timeout, request=8f5ab14e-21d2-479d-9d33-3cad9b590bd0->1f61edb1-ab55-473c-8774-d83fa3b21acc#72-t1, previous=(t:1, i:12), leaderCommit=6, initializing? false, entries: <empty>
2019-09-12 05:59:33,543 [java.util.concurrent.ThreadPoolExecutor$Worker@2f1eeb17[State = -1, empty queue]] WARN  server.GrpcLogAppender (GrpcLogAppender.java:timeoutAppendRequest(200)) - 8f5ab14e-21d2-479d-9d33-3cad9b590bd0@group-F6DBAA47753D->df009476-bbf0-43a2-af41-11b5052a445f-GrpcLogAppender: appendEntries Timeout, request=8f5ab14e-21d2-479d-9d33-3cad9b590bd0->df009476-bbf0-43a2-af41-11b5052a445f#72-t1, previous=(t:1, i:12), leaderCommit=6, initializing? false, entries: <empty>
2019-09-12 05:59:34,027 [EventQueue-PipelineActionsForPipelineActionHandler] ERROR pipeline.PipelineActionHandler (PipelineActionHandler.java:onMessage(60)) - Received pipeline action CLOSE for Pipeline[ Id: a9bcf8c8-3c1e-40a0-bdf8-f6dbaa47753d, Nodes: df009476-bbf0-43a2-af41-11b5052a445f{ip: 192.168.34.52, host: trunk-nightly-20190912-4gc2t-2068889165, networkLocation: /default-rack, certSerialId: null}8f5ab14e-21d2-479d-9d33-3cad9b590bd0{ip: 192.168.34.52, host: trunk-nightly-20190912-4gc2t-2068889165, networkLocation: /default-rack, certSerialId: null}1f61edb1-ab55-473c-8774-d83fa3b21acc{ip: 192.168.34.52, host: trunk-nightly-20190912-4gc2t-2068889165, networkLocation: /default-rack, certSerialId: null}, Type:RATIS, Factor:THREE, State:CLOSED] from datanode 8f5ab14e-21d2-479d-9d33-3cad9b590bd0{ip: 192.168.34.52, host: trunk-nightly-20190912-4gc2t-2068889165, networkLocation: /default-rack, certSerialId: null}. Reason : 8f5ab14e-21d2-479d-9d33-3cad9b590bd0 has not seen follower/s 1f61edb1-ab55-473c-8774-d83fa3b21acc for 152573ms df009476-bbf0-43a2-af41-11b5052a445f for 152572ms
2019-09-12 05:59:34,028 [EventQueue-PipelineActionsForPipelineActionHandler] INFO  pipeline.SCMPipelineManager (SCMPipelineManager.java:finalizeAndDestroyPipeline(311)) - destroying pipeline:Pipeline[ Id: a9bcf8c8-3c1e-40a0-bdf8-f6dbaa47753d, Nodes: df009476-bbf0-43a2-af41-11b5052a445f{ip: 192.168.34.52, host: trunk-nightly-20190912-4gc2t-2068889165, networkLocation: /default-rack, certSerialId: null}8f5ab14e-21d2-479d-9d33-3cad9b590bd0{ip: 192.168.34.52, host: trunk-nightly-20190912-4gc2t-2068889165, networkLocation: /default-rack, certSerialId: null}1f61edb1-ab55-473c-8774-d83fa3b21acc{ip: 192.168.34.52, host: trunk-nightly-20190912-4gc2t-2068889165, networkLocation: /default-rack, certSerialId: null}, Type:RATIS, Factor:THREE, State:CLOSED]
2019-09-12 05:59:35,543 [org.apache.ratis.server.impl.LogAppender$AppenderDaemon$$Lambda$547/1589537345@b7eed92] ERROR ratis.XceiverServerRatis (XceiverServerRatis.java:triggerPipelineClose(568)) - pipeline Action CLOSE  on pipeline PipelineID=a9bcf8c8-3c1e-40a0-bdf8-f6dbaa47753d.Reason : 8f5ab14e-21d2-479d-9d33-3cad9b590bd0 has not seen follower/s 1f61edb1-ab55-473c-8774-d83fa3b21acc for 155074ms df009476-bbf0-43a2-af41-11b5052a445f for 155073ms
2019-09-12 05:59:35,545 [org.apache.ratis.server.impl.LogAppender$AppenderDaemon$$Lambda$547/1589537345@6f142bfd] ERROR ratis.XceiverServerRatis (XceiverServerRatis.java:triggerPipelineClose(568)) - pipeline Action CLOSE  on pipeline PipelineID=a9bcf8c8-3c1e-40a0-bdf8-f6dbaa47753d.Reason : 8f5ab14e-21d2-479d-9d33-3cad9b590bd0 has not seen follower/s 1f61edb1-ab55-473c-8774-d83fa3b21acc for 155076ms df009476-bbf0-43a2-af41-11b5052a445f for 155075ms
2019-09-12 05:59:36,027 [EventQueue-PipelineActionsForPipelineActionHandler] ERROR pipeline.PipelineActionHandler (PipelineActionHandler.java:onMessage(60)) - Received pipeline action CLOSE for Pipeline[ Id: a9bcf8c8-3c1e-40a0-bdf8-f6dbaa47753d, Nodes: df009476-bbf0-43a2-af41-11b5052a445f{ip: 192.168.34.52, host: trunk-nightly-20190912-4gc2t-2068889165, networkLocation: /default-rack, certSerialId: null}8f5ab14e-21d2-479d-9d33-3cad9b590bd0{ip: 192.168.34.52, host: trunk-nightly-20190912-4gc2t-2068889165, networkLocation: /default-rack, certSerialId: null}1f61edb1-ab55-473c-8774-d83fa3b21acc{ip: 192.168.34.52, host: trunk-nightly-20190912-4gc2t-2068889165, networkLocation: /default-rack, certSerialId: null}, Type:RATIS, Factor:THREE, State:CLOSED] from datanode 8f5ab14e-21d2-479d-9d33-3cad9b590bd0{ip: 192.168.34.52, host: trunk-nightly-20190912-4gc2t-2068889165, networkLocation: /default-rack, certSerialId: null}. Reason : 8f5ab14e-21d2-479d-9d33-3cad9b590bd0 has not seen follower/s 1f61edb1-ab55-473c-8774-d83fa3b21acc for 155074ms df009476-bbf0-43a2-af41-11b5052a445f for 155073ms
2019-09-12 05:59:36,028 [EventQueue-PipelineActionsForPipelineActionHandler] INFO  pipeline.SCMPipelineManager (SCMPipelineManager.java:finalizeAndDestroyPipeline(311)) - destroying pipeline:Pipeline[ Id: a9bcf8c8-3c1e-40a0-bdf8-f6dbaa47753d, Nodes: df009476-bbf0-43a2-af41-11b5052a445f{ip: 192.168.34.52, host: trunk-nightly-20190912-4gc2t-2068889165, networkLocation: /default-rack, certSerialId: null}8f5ab14e-21d2-479d-9d33-3cad9b590bd0{ip: 192.168.34.52, host: trunk-nightly-20190912-4gc2t-2068889165, networkLocation: /default-rack, certSerialId: null}1f61edb1-ab55-473c-8774-d83fa3b21acc{ip: 192.168.34.52, host: trunk-nightly-20190912-4gc2t-2068889165, networkLocation: /default-rack, certSerialId: null}, Type:RATIS, Factor:THREE, State:CLOSED]
2019-09-12 05:59:36,042 [java.util.concurrent.ThreadPoolExecutor$Worker@eb5b01a[State = -1, empty queue]] WARN  server.GrpcLogAppender (GrpcLogAppender.java:timeoutAppendRequest(200)) - 8f5ab14e-21d2-479d-9d33-3cad9b590bd0@group-F6DBAA47753D->1f61edb1-ab55-473c-8774-d83fa3b21acc-GrpcLogAppender: appendEntries Timeout, request=8f5ab14e-21d2-479d-9d33-3cad9b590bd0->1f61edb1-ab55-473c-8774-d83fa3b21acc#73-t1, previous=(t:1, i:12), leaderCommit=6, initializing? false, entries: <empty>
2019-09-12 05:59:36,044 [java.util.concurrent.ThreadPoolExecutor$Worker@2f1eeb17[State = -1, empty queue]] WARN  server.GrpcLogAppender (GrpcLogAppender.java:timeoutAppendRequest(200)) - 8f5ab14e-21d2-479d-9d33-3cad9b590bd0@group-F6DBAA47753D->df009476-bbf0-43a2-af41-11b5052a445f-GrpcLogAppender: appendEntries Timeout, request=8f5ab14e-21d2-479d-9d33-3cad9b590bd0->df009476-bbf0-43a2-af41-11b5052a445f#73-t1, previous=(t:1, i:12), leaderCommit=6, initializing? false, entries: <empty>
2019-09-12 05:59:37,618 [grpc-default-executor-4] INFO  client.GrpcClientProtocolClient (GrpcClientProtocolClient.java:onNext(264)) - client-6E3585A561A4->1f61edb1-ab55-473c-8774-d83fa3b21acc: receive RaftClientReply:client-6E3585A561A4->1f61edb1-ab55-473c-8774-d83fa3b21acc@group-F6DBAA47753D, cid=16, FAILED org.apache.ratis.protocol.NotLeaderException: Server 1f61edb1-ab55-473c-8774-d83fa3b21acc@group-F6DBAA47753D is not the leader 8f5ab14e-21d2-479d-9d33-3cad9b590bd0:192.168.34.52:37331, logIndex=0, commits[1f61edb1-ab55-473c-8774-d83fa3b21acc:c6, 8f5ab14e-21d2-479d-9d33-3cad9b590bd0:c6, df009476-bbf0-43a2-af41-11b5052a445f:c4]
2019-09-12 05:59:38,044 [org.apache.ratis.server.impl.LogAppender$AppenderDaemon$$Lambda$547/1589537345@b7eed92] ERROR ratis.XceiverServerRatis (XceiverServerRatis.java:triggerPipelineClose(568)) - pipeline Action CLOSE  on pipeline PipelineID=a9bcf8c8-3c1e-40a0-bdf8-f6dbaa47753d.Reason : 8f5ab14e-21d2-479d-9d33-3cad9b590bd0 has not seen follower/s 1f61edb1-ab55-473c-8774-d83fa3b21acc for 157575ms df009476-bbf0-43a2-af41-11b5052a445f for 157574ms
2019-09-12 05:59:38,046 [org.apache.ratis.server.impl.LogAppender$AppenderDaemon$$Lambda$547/1589537345@6f142bfd] ERROR ratis.XceiverServerRatis (XceiverServerRatis.java:triggerPipelineClose(568)) - pipeline Action CLOSE  on pipeline PipelineID=a9bcf8c8-3c1e-40a0-bdf8-f6dbaa47753d.Reason : 8f5ab14e-21d2-479d-9d33-3cad9b590bd0 has not seen follower/s 1f61edb1-ab55-473c-8774-d83fa3b21acc for 157577ms df009476-bbf0-43a2-af41-11b5052a445f for 157576ms
2019-09-12 05:59:38,543 [java.util.concurrent.ThreadPoolExecutor$Worker@eb5b01a[State = -1, empty queue]] WARN  server.GrpcLogAppender (GrpcLogAppender.java:timeoutAppendRequest(200)) - 8f5ab14e-21d2-479d-9d33-3cad9b590bd0@group-F6DBAA47753D->1f61edb1-ab55-473c-8774-d83fa3b21acc-GrpcLogAppender: appendEntries Timeout, request=8f5ab14e-21d2-479d-9d33-3cad9b590bd0->1f61edb1-ab55-473c-8774-d83fa3b21acc#74-t1, previous=(t:1, i:12), leaderCommit=6, initializing? false, entries: <empty>
2019-09-12 05:59:38,545 [java.util.concurrent.ThreadPoolExecutor$Worker@2f1eeb17[State = -1, empty queue]] WARN  server.GrpcLogAppender (GrpcLogAppender.java:timeoutAppendRequest(200)) - 8f5ab14e-21d2-479d-9d33-3cad9b590bd0@group-F6DBAA47753D->df009476-bbf0-43a2-af41-11b5052a445f-GrpcLogAppender: appendEntries Timeout, request=8f5ab14e-21d2-479d-9d33-3cad9b590bd0->df009476-bbf0-43a2-af41-11b5052a445f#74-t1, previous=(t:1, i:12), leaderCommit=6, initializing? false, entries: <empty>
2019-09-12 05:59:39,027 [EventQueue-PipelineActionsForPipelineActionHandler] ERROR pipeline.PipelineActionHandler (PipelineActionHandler.java:onMessage(60)) - Received pipeline action CLOSE for Pipeline[ Id: a9bcf8c8-3c1e-40a0-bdf8-f6dbaa47753d, Nodes: df009476-bbf0-43a2-af41-11b5052a445f{ip: 192.168.34.52, host: trunk-nightly-20190912-4gc2t-2068889165, networkLocation: /default-rack, certSerialId: null}8f5ab14e-21d2-479d-9d33-3cad9b590bd0{ip: 192.168.34.52, host: trunk-nightly-20190912-4gc2t-2068889165, networkLocation: /default-rack, certSerialId: null}1f61edb1-ab55-473c-8774-d83fa3b21acc{ip: 192.168.34.52, host: trunk-nightly-20190912-4gc2t-2068889165, networkLocation: /default-rack, certSerialId: null}, Type:RATIS, Factor:THREE, State:CLOSED] from datanode 8f5ab14e-21d2-479d-9d33-3cad9b590bd0{ip: 192.168.34.52, host: trunk-nightly-20190912-4gc2t-2068889165, networkLocation: /default-rack, certSerialId: null}. Reason : 8f5ab14e-21d2-479d-9d33-3cad9b590bd0 has not seen follower/s 1f61edb1-ab55-473c-8774-d83fa3b21acc for 157575ms df009476-bbf0-43a2-af41-11b5052a445f for 157574ms
2019-09-12 05:59:39,028 [EventQueue-PipelineActionsForPipelineActionHandler] INFO  pipeline.SCMPipelineManager (SCMPipelineManager.java:finalizeAndDestroyPipeline(311)) - destroying pipeline:Pipeline[ Id: a9bcf8c8-3c1e-40a0-bdf8-f6dbaa47753d, Nodes: df009476-bbf0-43a2-af41-11b5052a445f{ip: 192.168.34.52, host: trunk-nightly-20190912-4gc2t-2068889165, networkLocation: /default-rack, certSerialId: null}8f5ab14e-21d2-479d-9d33-3cad9b590bd0{ip: 192.168.34.52, host: trunk-nightly-20190912-4gc2t-2068889165, networkLocation: /default-rack, certSerialId: null}1f61edb1-ab55-473c-8774-d83fa3b21acc{ip: 192.168.34.52, host: trunk-nightly-20190912-4gc2t-2068889165, networkLocation: /default-rack, certSerialId: null}, Type:RATIS, Factor:THREE, State:CLOSED]
2019-09-12 05:59:40,545 [org.apache.ratis.server.impl.LogAppender$AppenderDaemon$$Lambda$547/1589537345@b7eed92] ERROR ratis.XceiverServerRatis (XceiverServerRatis.java:triggerPipelineClose(568)) - pipeline Action CLOSE  on pipeline PipelineID=a9bcf8c8-3c1e-40a0-bdf8-f6dbaa47753d.Reason : 8f5ab14e-21d2-479d-9d33-3cad9b590bd0 has not seen follower/s 1f61edb1-ab55-473c-8774-d83fa3b21acc for 160076ms df009476-bbf0-43a2-af41-11b5052a445f for 160075ms
2019-09-12 05:59:40,546 [org.apache.ratis.server.impl.LogAppender$AppenderDaemon$$Lambda$547/1589537345@6f142bfd] ERROR ratis.XceiverServerRatis (XceiverServerRatis.java:triggerPipelineClose(568)) - pipeline Action CLOSE  on pipeline PipelineID=a9bcf8c8-3c1e-40a0-bdf8-f6dbaa47753d.Reason : 8f5ab14e-21d2-479d-9d33-3cad9b590bd0 has not seen follower/s 1f61edb1-ab55-473c-8774-d83fa3b21acc for 160077ms df009476-bbf0-43a2-af41-11b5052a445f for 160077ms
2019-09-12 05:59:40,851 [1f61edb1-ab55-473c-8774-d83fa3b21acc@group-F6DBAA47753D-SegmentedRaftLogWorker] WARN  segmented.SegmentedRaftLogWorker (SegmentedRaftLogWorker.java:getFromFuture(90)) - Timeout 15/~
org.apache.ratis.protocol.TimeoutIOException: Timeout 10s: WriteLog:7: (t:1, i:7), STATEMACHINELOGENTRY, client-6E3585A561A4, cid=16-writeStateMachineData
	at org.apache.ratis.util.IOUtils.getFromFuture(IOUtils.java:87)
	at org.apache.ratis.server.raftlog.segmented.SegmentedRaftLogWorker$StateMachineDataPolicy.getFromFuture(SegmentedRaftLogWorker.java:87)
	at org.apache.ratis.server.raftlog.segmented.SegmentedRaftLogWorker$WriteLog.execute(SegmentedRaftLogWorker.java:477)
	at org.apache.ratis.server.raftlog.segmented.SegmentedRaftLogWorker.run(SegmentedRaftLogWorker.java:289)
	at java.lang.Thread.run(Thread.java:748)
Caused by: java.util.concurrent.TimeoutException
	at java.util.concurrent.CompletableFuture.timedGet(CompletableFuture.java:1771)
	at java.util.concurrent.CompletableFuture.get(CompletableFuture.java:1915)
	at org.apache.ratis.util.IOUtils.getFromFuture(IOUtils.java:79)
	... 4 more
2019-09-12 05:59:40,998 [df009476-bbf0-43a2-af41-11b5052a445f@group-F6DBAA47753D-SegmentedRaftLogWorker] WARN  segmented.SegmentedRaftLogWorker (SegmentedRaftLogWorker.java:getFromFuture(90)) - Timeout 15/~
org.apache.ratis.protocol.TimeoutIOException: Timeout 10s: WriteLog:8: (t:1, i:8), STATEMACHINELOGENTRY, client-6E3585A561A4, cid=17-writeStateMachineData
	at org.apache.ratis.util.IOUtils.getFromFuture(IOUtils.java:87)
	at org.apache.ratis.server.raftlog.segmented.SegmentedRaftLogWorker$StateMachineDataPolicy.getFromFuture(SegmentedRaftLogWorker.java:87)
	at org.apache.ratis.server.raftlog.segmented.SegmentedRaftLogWorker$WriteLog.execute(SegmentedRaftLogWorker.java:477)
	at org.apache.ratis.server.raftlog.segmented.SegmentedRaftLogWorker.run(SegmentedRaftLogWorker.java:289)
	at java.lang.Thread.run(Thread.java:748)
Caused by: java.util.concurrent.TimeoutException
	at java.util.concurrent.CompletableFuture.timedGet(CompletableFuture.java:1771)
	at java.util.concurrent.CompletableFuture.get(CompletableFuture.java:1915)
	at org.apache.ratis.util.IOUtils.getFromFuture(IOUtils.java:79)
	... 4 more
2019-09-12 05:59:41,022 [8f5ab14e-21d2-479d-9d33-3cad9b590bd0@group-F6DBAA47753D-SegmentedRaftLogWorker] WARN  segmented.SegmentedRaftLogWorker (SegmentedRaftLogWorker.java:getFromFuture(90)) - Timeout 15/~
org.apache.ratis.protocol.TimeoutIOException: Timeout 10s: WriteLog:8: (t:1, i:8), STATEMACHINELOGENTRY, client-6E3585A561A4, cid=17-writeStateMachineData
	at org.apache.ratis.util.IOUtils.getFromFuture(IOUtils.java:87)
	at org.apache.ratis.server.raftlog.segmented.SegmentedRaftLogWorker$StateMachineDataPolicy.getFromFuture(SegmentedRaftLogWorker.java:87)
	at org.apache.ratis.server.raftlog.segmented.SegmentedRaftLogWorker$WriteLog.execute(SegmentedRaftLogWorker.java:477)
	at org.apache.ratis.server.raftlog.segmented.SegmentedRaftLogWorker.run(SegmentedRaftLogWorker.java:289)
	at java.lang.Thread.run(Thread.java:748)
Caused by: java.util.concurrent.TimeoutException
	at java.util.concurrent.CompletableFuture.timedGet(CompletableFuture.java:1771)
	at java.util.concurrent.CompletableFuture.get(CompletableFuture.java:1915)
	at org.apache.ratis.util.IOUtils.getFromFuture(IOUtils.java:79)
	... 4 more
2019-09-12 05:59:41,028 [EventQueue-PipelineActionsForPipelineActionHandler] ERROR pipeline.PipelineActionHandler (PipelineActionHandler.java:onMessage(60)) - Received pipeline action CLOSE for Pipeline[ Id: a9bcf8c8-3c1e-40a0-bdf8-f6dbaa47753d, Nodes: df009476-bbf0-43a2-af41-11b5052a445f{ip: 192.168.34.52, host: trunk-nightly-20190912-4gc2t-2068889165, networkLocation: /default-rack, certSerialId: null}8f5ab14e-21d2-479d-9d33-3cad9b590bd0{ip: 192.168.34.52, host: trunk-nightly-20190912-4gc2t-2068889165, networkLocation: /default-rack, certSerialId: null}1f61edb1-ab55-473c-8774-d83fa3b21acc{ip: 192.168.34.52, host: trunk-nightly-20190912-4gc2t-2068889165, networkLocation: /default-rack, certSerialId: null}, Type:RATIS, Factor:THREE, State:CLOSED] from datanode 8f5ab14e-21d2-479d-9d33-3cad9b590bd0{ip: 192.168.34.52, host: trunk-nightly-20190912-4gc2t-2068889165, networkLocation: /default-rack, certSerialId: null}. Reason : 8f5ab14e-21d2-479d-9d33-3cad9b590bd0 has not seen follower/s 1f61edb1-ab55-473c-8774-d83fa3b21acc for 160076ms df009476-bbf0-43a2-af41-11b5052a445f for 160075ms
2019-09-12 05:59:41,028 [EventQueue-PipelineActionsForPipelineActionHandler] INFO  pipeline.SCMPipelineManager (SCMPipelineManager.java:finalizeAndDestroyPipeline(311)) - destroying pipeline:Pipeline[ Id: a9bcf8c8-3c1e-40a0-bdf8-f6dbaa47753d, Nodes: df009476-bbf0-43a2-af41-11b5052a445f{ip: 192.168.34.52, host: trunk-nightly-20190912-4gc2t-2068889165, networkLocation: /default-rack, certSerialId: null}8f5ab14e-21d2-479d-9d33-3cad9b590bd0{ip: 192.168.34.52, host: trunk-nightly-20190912-4gc2t-2068889165, networkLocation: /default-rack, certSerialId: null}1f61edb1-ab55-473c-8774-d83fa3b21acc{ip: 192.168.34.52, host: trunk-nightly-20190912-4gc2t-2068889165, networkLocation: /default-rack, certSerialId: null}, Type:RATIS, Factor:THREE, State:CLOSED]
2019-09-12 05:59:41,044 [java.util.concurrent.ThreadPoolExecutor$Worker@eb5b01a[State = -1, empty queue]] WARN  server.GrpcLogAppender (GrpcLogAppender.java:timeoutAppendRequest(200)) - 8f5ab14e-21d2-479d-9d33-3cad9b590bd0@group-F6DBAA47753D->1f61edb1-ab55-473c-8774-d83fa3b21acc-GrpcLogAppender: appendEntries Timeout, request=8f5ab14e-21d2-479d-9d33-3cad9b590bd0->1f61edb1-ab55-473c-8774-d83fa3b21acc#75-t1, previous=(t:1, i:12), leaderCommit=6, initializing? false, entries: <empty>
2019-09-12 05:59:41,046 [java.util.concurrent.ThreadPoolExecutor$Worker@2f1eeb17[State = -1, empty queue]] WARN  server.GrpcLogAppender (GrpcLogAppender.java:timeoutAppendRequest(200)) - 8f5ab14e-21d2-479d-9d33-3cad9b590bd0@group-F6DBAA47753D->df009476-bbf0-43a2-af41-11b5052a445f-GrpcLogAppender: appendEntries Timeout, request=8f5ab14e-21d2-479d-9d33-3cad9b590bd0->df009476-bbf0-43a2-af41-11b5052a445f#75-t1, previous=(t:1, i:12), leaderCommit=6, initializing? false, entries: <empty>
2019-09-12 05:59:42,671 [grpc-default-executor-4] INFO  client.GrpcClientProtocolClient (GrpcClientProtocolClient.java:onNext(264)) - client-6E3585A561A4->1f61edb1-ab55-473c-8774-d83fa3b21acc: receive RaftClientReply:client-6E3585A561A4->1f61edb1-ab55-473c-8774-d83fa3b21acc@group-F6DBAA47753D, cid=16, FAILED org.apache.ratis.protocol.NotLeaderException: Server 1f61edb1-ab55-473c-8774-d83fa3b21acc@group-F6DBAA47753D is not the leader 8f5ab14e-21d2-479d-9d33-3cad9b590bd0:192.168.34.52:37331, logIndex=0, commits[1f61edb1-ab55-473c-8774-d83fa3b21acc:c6, 8f5ab14e-21d2-479d-9d33-3cad9b590bd0:c6, df009476-bbf0-43a2-af41-11b5052a445f:c4]
2019-09-12 05:59:43,046 [org.apache.ratis.server.impl.LogAppender$AppenderDaemon$$Lambda$547/1589537345@b7eed92] ERROR ratis.XceiverServerRatis (XceiverServerRatis.java:triggerPipelineClose(568)) - pipeline Action CLOSE  on pipeline PipelineID=a9bcf8c8-3c1e-40a0-bdf8-f6dbaa47753d.Reason : 8f5ab14e-21d2-479d-9d33-3cad9b590bd0 has not seen follower/s 1f61edb1-ab55-473c-8774-d83fa3b21acc for 162577ms df009476-bbf0-43a2-af41-11b5052a445f for 162577ms
2019-09-12 05:59:43,047 [org.apache.ratis.server.impl.LogAppender$AppenderDaemon$$Lambda$547/1589537345@6f142bfd] ERROR ratis.XceiverServerRatis (XceiverServerRatis.java:triggerPipelineClose(568)) - pipeline Action CLOSE  on pipeline PipelineID=a9bcf8c8-3c1e-40a0-bdf8-f6dbaa47753d.Reason : 8f5ab14e-21d2-479d-9d33-3cad9b590bd0 has not seen follower/s 1f61edb1-ab55-473c-8774-d83fa3b21acc for 162578ms df009476-bbf0-43a2-af41-11b5052a445f for 162577ms
2019-09-12 05:59:43,545 [java.util.concurrent.ThreadPoolExecutor$Worker@eb5b01a[State = -1, empty queue]] WARN  server.GrpcLogAppender (GrpcLogAppender.java:timeoutAppendRequest(200)) - 8f5ab14e-21d2-479d-9d33-3cad9b590bd0@group-F6DBAA47753D->1f61edb1-ab55-473c-8774-d83fa3b21acc-GrpcLogAppender: appendEntries Timeout, request=8f5ab14e-21d2-479d-9d33-3cad9b590bd0->1f61edb1-ab55-473c-8774-d83fa3b21acc#76-t1, previous=(t:1, i:12), leaderCommit=6, initializing? false, entries: <empty>
2019-09-12 05:59:43,546 [java.util.concurrent.ThreadPoolExecutor$Worker@2f1eeb17[State = -1, empty queue]] WARN  server.GrpcLogAppender (GrpcLogAppender.java:timeoutAppendRequest(200)) - 8f5ab14e-21d2-479d-9d33-3cad9b590bd0@group-F6DBAA47753D->df009476-bbf0-43a2-af41-11b5052a445f-GrpcLogAppender: appendEntries Timeout, request=8f5ab14e-21d2-479d-9d33-3cad9b590bd0->df009476-bbf0-43a2-af41-11b5052a445f#76-t1, previous=(t:1, i:12), leaderCommit=6, initializing? false, entries: <empty>
2019-09-12 05:59:44,029 [EventQueue-PipelineActionsForPipelineActionHandler] ERROR pipeline.PipelineActionHandler (PipelineActionHandler.java:onMessage(60)) - Received pipeline action CLOSE for Pipeline[ Id: a9bcf8c8-3c1e-40a0-bdf8-f6dbaa47753d, Nodes: df009476-bbf0-43a2-af41-11b5052a445f{ip: 192.168.34.52, host: trunk-nightly-20190912-4gc2t-2068889165, networkLocation: /default-rack, certSerialId: null}8f5ab14e-21d2-479d-9d33-3cad9b590bd0{ip: 192.168.34.52, host: trunk-nightly-20190912-4gc2t-2068889165, networkLocation: /default-rack, certSerialId: null}1f61edb1-ab55-473c-8774-d83fa3b21acc{ip: 192.168.34.52, host: trunk-nightly-20190912-4gc2t-2068889165, networkLocation: /default-rack, certSerialId: null}, Type:RATIS, Factor:THREE, State:CLOSED] from datanode 8f5ab14e-21d2-479d-9d33-3cad9b590bd0{ip: 192.168.34.52, host: trunk-nightly-20190912-4gc2t-2068889165, networkLocation: /default-rack, certSerialId: null}. Reason : 8f5ab14e-21d2-479d-9d33-3cad9b590bd0 has not seen follower/s 1f61edb1-ab55-473c-8774-d83fa3b21acc for 162577ms df009476-bbf0-43a2-af41-11b5052a445f for 162577ms
2019-09-12 05:59:44,029 [EventQueue-PipelineActionsForPipelineActionHandler] INFO  pipeline.SCMPipelineManager (SCMPipelineManager.java:finalizeAndDestroyPipeline(311)) - destroying pipeline:Pipeline[ Id: a9bcf8c8-3c1e-40a0-bdf8-f6dbaa47753d, Nodes: df009476-bbf0-43a2-af41-11b5052a445f{ip: 192.168.34.52, host: trunk-nightly-20190912-4gc2t-2068889165, networkLocation: /default-rack, certSerialId: null}8f5ab14e-21d2-479d-9d33-3cad9b590bd0{ip: 192.168.34.52, host: trunk-nightly-20190912-4gc2t-2068889165, networkLocation: /default-rack, certSerialId: null}1f61edb1-ab55-473c-8774-d83fa3b21acc{ip: 192.168.34.52, host: trunk-nightly-20190912-4gc2t-2068889165, networkLocation: /default-rack, certSerialId: null}, Type:RATIS, Factor:THREE, State:CLOSED]
2019-09-12 05:59:45,547 [org.apache.ratis.server.impl.LogAppender$AppenderDaemon$$Lambda$547/1589537345@b7eed92] ERROR ratis.XceiverServerRatis (XceiverServerRatis.java:triggerPipelineClose(568)) - pipeline Action CLOSE  on pipeline PipelineID=a9bcf8c8-3c1e-40a0-bdf8-f6dbaa47753d.Reason : 8f5ab14e-21d2-479d-9d33-3cad9b590bd0 has not seen follower/s 1f61edb1-ab55-473c-8774-d83fa3b21acc for 165078ms df009476-bbf0-43a2-af41-11b5052a445f for 165078ms
2019-09-12 05:59:45,548 [org.apache.ratis.server.impl.LogAppender$AppenderDaemon$$Lambda$547/1589537345@6f142bfd] ERROR ratis.XceiverServerRatis (XceiverServerRatis.java:triggerPipelineClose(568)) - pipeline Action CLOSE  on pipeline PipelineID=a9bcf8c8-3c1e-40a0-bdf8-f6dbaa47753d.Reason : 8f5ab14e-21d2-479d-9d33-3cad9b590bd0 has not seen follower/s 1f61edb1-ab55-473c-8774-d83fa3b21acc for 165079ms df009476-bbf0-43a2-af41-11b5052a445f for 165078ms
2019-09-12 05:59:46,028 [EventQueue-PipelineActionsForPipelineActionHandler] ERROR pipeline.PipelineActionHandler (PipelineActionHandler.java:onMessage(60)) - Received pipeline action CLOSE for Pipeline[ Id: a9bcf8c8-3c1e-40a0-bdf8-f6dbaa47753d, Nodes: df009476-bbf0-43a2-af41-11b5052a445f{ip: 192.168.34.52, host: trunk-nightly-20190912-4gc2t-2068889165, networkLocation: /default-rack, certSerialId: null}8f5ab14e-21d2-479d-9d33-3cad9b590bd0{ip: 192.168.34.52, host: trunk-nightly-20190912-4gc2t-2068889165, networkLocation: /default-rack, certSerialId: null}1f61edb1-ab55-473c-8774-d83fa3b21acc{ip: 192.168.34.52, host: trunk-nightly-20190912-4gc2t-2068889165, networkLocation: /default-rack, certSerialId: null}, Type:RATIS, Factor:THREE, State:CLOSED] from datanode 8f5ab14e-21d2-479d-9d33-3cad9b590bd0{ip: 192.168.34.52, host: trunk-nightly-20190912-4gc2t-2068889165, networkLocation: /default-rack, certSerialId: null}. Reason : 8f5ab14e-21d2-479d-9d33-3cad9b590bd0 has not seen follower/s 1f61edb1-ab55-473c-8774-d83fa3b21acc for 165078ms df009476-bbf0-43a2-af41-11b5052a445f for 165078ms
2019-09-12 05:59:46,028 [EventQueue-PipelineActionsForPipelineActionHandler] INFO  pipeline.SCMPipelineManager (SCMPipelineManager.java:finalizeAndDestroyPipeline(311)) - destroying pipeline:Pipeline[ Id: a9bcf8c8-3c1e-40a0-bdf8-f6dbaa47753d, Nodes: df009476-bbf0-43a2-af41-11b5052a445f{ip: 192.168.34.52, host: trunk-nightly-20190912-4gc2t-2068889165, networkLocation: /default-rack, certSerialId: null}8f5ab14e-21d2-479d-9d33-3cad9b590bd0{ip: 192.168.34.52, host: trunk-nightly-20190912-4gc2t-2068889165, networkLocation: /default-rack, certSerialId: null}1f61edb1-ab55-473c-8774-d83fa3b21acc{ip: 192.168.34.52, host: trunk-nightly-20190912-4gc2t-2068889165, networkLocation: /default-rack, certSerialId: null}, Type:RATIS, Factor:THREE, State:CLOSED]
2019-09-12 05:59:46,046 [java.util.concurrent.ThreadPoolExecutor$Worker@eb5b01a[State = -1, empty queue]] WARN  server.GrpcLogAppender (GrpcLogAppender.java:timeoutAppendRequest(200)) - 8f5ab14e-21d2-479d-9d33-3cad9b590bd0@group-F6DBAA47753D->1f61edb1-ab55-473c-8774-d83fa3b21acc-GrpcLogAppender: appendEntries Timeout, request=8f5ab14e-21d2-479d-9d33-3cad9b590bd0->1f61edb1-ab55-473c-8774-d83fa3b21acc#77-t1, previous=(t:1, i:12), leaderCommit=6, initializing? false, entries: <empty>
2019-09-12 05:59:46,047 [java.util.concurrent.ThreadPoolExecutor$Worker@2f1eeb17[State = -1, empty queue]] WARN  server.GrpcLogAppender (GrpcLogAppender.java:timeoutAppendRequest(200)) - 8f5ab14e-21d2-479d-9d33-3cad9b590bd0@group-F6DBAA47753D->df009476-bbf0-43a2-af41-11b5052a445f-GrpcLogAppender: appendEntries Timeout, request=8f5ab14e-21d2-479d-9d33-3cad9b590bd0->df009476-bbf0-43a2-af41-11b5052a445f#77-t1, previous=(t:1, i:12), leaderCommit=6, initializing? false, entries: <empty>
2019-09-12 05:59:47,729 [grpc-default-executor-4] INFO  client.GrpcClientProtocolClient (GrpcClientProtocolClient.java:onNext(264)) - client-6E3585A561A4->df009476-bbf0-43a2-af41-11b5052a445f: receive RaftClientReply:client-6E3585A561A4->df009476-bbf0-43a2-af41-11b5052a445f@group-F6DBAA47753D, cid=16, FAILED org.apache.ratis.protocol.NotLeaderException: Server df009476-bbf0-43a2-af41-11b5052a445f@group-F6DBAA47753D is not the leader 8f5ab14e-21d2-479d-9d33-3cad9b590bd0:192.168.34.52:37331, logIndex=0, commits[df009476-bbf0-43a2-af41-11b5052a445f:c6, 1f61edb1-ab55-473c-8774-d83fa3b21acc:c4, 8f5ab14e-21d2-479d-9d33-3cad9b590bd0:c6]
2019-09-12 05:59:48,049 [org.apache.ratis.server.impl.LogAppender$AppenderDaemon$$Lambda$547/1589537345@6f142bfd] ERROR ratis.XceiverServerRatis (XceiverServerRatis.java:triggerPipelineClose(568)) - pipeline Action CLOSE  on pipeline PipelineID=a9bcf8c8-3c1e-40a0-bdf8-f6dbaa47753d.Reason : 8f5ab14e-21d2-479d-9d33-3cad9b590bd0 has not seen follower/s 1f61edb1-ab55-473c-8774-d83fa3b21acc for 167580ms df009476-bbf0-43a2-af41-11b5052a445f for 167579ms
2019-09-12 05:59:48,049 [org.apache.ratis.server.impl.LogAppender$AppenderDaemon$$Lambda$547/1589537345@b7eed92] ERROR ratis.XceiverServerRatis (XceiverServerRatis.java:triggerPipelineClose(568)) - pipeline Action CLOSE  on pipeline PipelineID=a9bcf8c8-3c1e-40a0-bdf8-f6dbaa47753d.Reason : 8f5ab14e-21d2-479d-9d33-3cad9b590bd0 has not seen follower/s 1f61edb1-ab55-473c-8774-d83fa3b21acc for 167580ms df009476-bbf0-43a2-af41-11b5052a445f for 167579ms
2019-09-12 05:59:48,547 [java.util.concurrent.ThreadPoolExecutor$Worker@eb5b01a[State = -1, empty queue]] WARN  server.GrpcLogAppender (GrpcLogAppender.java:timeoutAppendRequest(200)) - 8f5ab14e-21d2-479d-9d33-3cad9b590bd0@group-F6DBAA47753D->1f61edb1-ab55-473c-8774-d83fa3b21acc-GrpcLogAppender: appendEntries Timeout, request=8f5ab14e-21d2-479d-9d33-3cad9b590bd0->1f61edb1-ab55-473c-8774-d83fa3b21acc#78-t1, previous=(t:1, i:12), leaderCommit=6, initializing? false, entries: <empty>
2019-09-12 05:59:48,548 [java.util.concurrent.ThreadPoolExecutor$Worker@2f1eeb17[State = -1, empty queue]] WARN  server.GrpcLogAppender (GrpcLogAppender.java:timeoutAppendRequest(200)) - 8f5ab14e-21d2-479d-9d33-3cad9b590bd0@group-F6DBAA47753D->df009476-bbf0-43a2-af41-11b5052a445f-GrpcLogAppender: appendEntries Timeout, request=8f5ab14e-21d2-479d-9d33-3cad9b590bd0->df009476-bbf0-43a2-af41-11b5052a445f#78-t1, previous=(t:1, i:12), leaderCommit=6, initializing? false, entries: <empty>
2019-09-12 05:59:49,028 [EventQueue-PipelineActionsForPipelineActionHandler] ERROR pipeline.PipelineActionHandler (PipelineActionHandler.java:onMessage(60)) - Received pipeline action CLOSE for Pipeline[ Id: a9bcf8c8-3c1e-40a0-bdf8-f6dbaa47753d, Nodes: df009476-bbf0-43a2-af41-11b5052a445f{ip: 192.168.34.52, host: trunk-nightly-20190912-4gc2t-2068889165, networkLocation: /default-rack, certSerialId: null}8f5ab14e-21d2-479d-9d33-3cad9b590bd0{ip: 192.168.34.52, host: trunk-nightly-20190912-4gc2t-2068889165, networkLocation: /default-rack, certSerialId: null}1f61edb1-ab55-473c-8774-d83fa3b21acc{ip: 192.168.34.52, host: trunk-nightly-20190912-4gc2t-2068889165, networkLocation: /default-rack, certSerialId: null}, Type:RATIS, Factor:THREE, State:CLOSED] from datanode 8f5ab14e-21d2-479d-9d33-3cad9b590bd0{ip: 192.168.34.52, host: trunk-nightly-20190912-4gc2t-2068889165, networkLocation: /default-rack, certSerialId: null}. Reason : 8f5ab14e-21d2-479d-9d33-3cad9b590bd0 has not seen follower/s 1f61edb1-ab55-473c-8774-d83fa3b21acc for 167580ms df009476-bbf0-43a2-af41-11b5052a445f for 167579ms
2019-09-12 05:59:49,028 [EventQueue-PipelineActionsForPipelineActionHandler] INFO  pipeline.SCMPipelineManager (SCMPipelineManager.java:finalizeAndDestroyPipeline(311)) - destroying pipeline:Pipeline[ Id: a9bcf8c8-3c1e-40a0-bdf8-f6dbaa47753d, Nodes: df009476-bbf0-43a2-af41-11b5052a445f{ip: 192.168.34.52, host: trunk-nightly-20190912-4gc2t-2068889165, networkLocation: /default-rack, certSerialId: null}8f5ab14e-21d2-479d-9d33-3cad9b590bd0{ip: 192.168.34.52, host: trunk-nightly-20190912-4gc2t-2068889165, networkLocation: /default-rack, certSerialId: null}1f61edb1-ab55-473c-8774-d83fa3b21acc{ip: 192.168.34.52, host: trunk-nightly-20190912-4gc2t-2068889165, networkLocation: /default-rack, certSerialId: null}, Type:RATIS, Factor:THREE, State:CLOSED]
2019-09-12 05:59:50,549 [org.apache.ratis.server.impl.LogAppender$AppenderDaemon$$Lambda$547/1589537345@6f142bfd] ERROR ratis.XceiverServerRatis (XceiverServerRatis.java:triggerPipelineClose(568)) - pipeline Action CLOSE  on pipeline PipelineID=a9bcf8c8-3c1e-40a0-bdf8-f6dbaa47753d.Reason : 8f5ab14e-21d2-479d-9d33-3cad9b590bd0 has not seen follower/s 1f61edb1-ab55-473c-8774-d83fa3b21acc for 170080ms df009476-bbf0-43a2-af41-11b5052a445f for 170080ms
2019-09-12 05:59:50,550 [org.apache.ratis.server.impl.LogAppender$AppenderDaemon$$Lambda$547/1589537345@b7eed92] ERROR ratis.XceiverServerRatis (XceiverServerRatis.java:triggerPipelineClose(568)) - pipeline Action CLOSE  on pipeline PipelineID=a9bcf8c8-3c1e-40a0-bdf8-f6dbaa47753d.Reason : 8f5ab14e-21d2-479d-9d33-3cad9b590bd0 has not seen follower/s 1f61edb1-ab55-473c-8774-d83fa3b21acc for 170080ms df009476-bbf0-43a2-af41-11b5052a445f for 170080ms
2019-09-12 05:59:50,852 [1f61edb1-ab55-473c-8774-d83fa3b21acc@group-F6DBAA47753D-SegmentedRaftLogWorker] WARN  segmented.SegmentedRaftLogWorker (SegmentedRaftLogWorker.java:getFromFuture(90)) - Timeout 16/~
org.apache.ratis.protocol.TimeoutIOException: Timeout 10s: WriteLog:7: (t:1, i:7), STATEMACHINELOGENTRY, client-6E3585A561A4, cid=16-writeStateMachineData
	at org.apache.ratis.util.IOUtils.getFromFuture(IOUtils.java:87)
	at org.apache.ratis.server.raftlog.segmented.SegmentedRaftLogWorker$StateMachineDataPolicy.getFromFuture(SegmentedRaftLogWorker.java:87)
	at org.apache.ratis.server.raftlog.segmented.SegmentedRaftLogWorker$WriteLog.execute(SegmentedRaftLogWorker.java:477)
	at org.apache.ratis.server.raftlog.segmented.SegmentedRaftLogWorker.run(SegmentedRaftLogWorker.java:289)
	at java.lang.Thread.run(Thread.java:748)
Caused by: java.util.concurrent.TimeoutException
	at java.util.concurrent.CompletableFuture.timedGet(CompletableFuture.java:1771)
	at java.util.concurrent.CompletableFuture.get(CompletableFuture.java:1915)
	at org.apache.ratis.util.IOUtils.getFromFuture(IOUtils.java:79)
	... 4 more
2019-09-12 05:59:51,022 [df009476-bbf0-43a2-af41-11b5052a445f@group-F6DBAA47753D-SegmentedRaftLogWorker] WARN  segmented.SegmentedRaftLogWorker (SegmentedRaftLogWorker.java:getFromFuture(90)) - Timeout 16/~
org.apache.ratis.protocol.TimeoutIOException: Timeout 10s: WriteLog:8: (t:1, i:8), STATEMACHINELOGENTRY, client-6E3585A561A4, cid=17-writeStateMachineData
	at org.apache.ratis.util.IOUtils.getFromFuture(IOUtils.java:87)
	at org.apache.ratis.server.raftlog.segmented.SegmentedRaftLogWorker$StateMachineDataPolicy.getFromFuture(SegmentedRaftLogWorker.java:87)
	at org.apache.ratis.server.raftlog.segmented.SegmentedRaftLogWorker$WriteLog.execute(SegmentedRaftLogWorker.java:477)
	at org.apache.ratis.server.raftlog.segmented.SegmentedRaftLogWorker.run(SegmentedRaftLogWorker.java:289)
	at java.lang.Thread.run(Thread.java:748)
Caused by: java.util.concurrent.TimeoutException
	at java.util.concurrent.CompletableFuture.timedGet(CompletableFuture.java:1771)
	at java.util.concurrent.CompletableFuture.get(CompletableFuture.java:1915)
	at org.apache.ratis.util.IOUtils.getFromFuture(IOUtils.java:79)
	... 4 more
2019-09-12 05:59:51,023 [8f5ab14e-21d2-479d-9d33-3cad9b590bd0@group-F6DBAA47753D-SegmentedRaftLogWorker] WARN  segmented.SegmentedRaftLogWorker (SegmentedRaftLogWorker.java:getFromFuture(90)) - Timeout 16/~
org.apache.ratis.protocol.TimeoutIOException: Timeout 10s: WriteLog:8: (t:1, i:8), STATEMACHINELOGENTRY, client-6E3585A561A4, cid=17-writeStateMachineData
	at org.apache.ratis.util.IOUtils.getFromFuture(IOUtils.java:87)
	at org.apache.ratis.server.raftlog.segmented.SegmentedRaftLogWorker$StateMachineDataPolicy.getFromFuture(SegmentedRaftLogWorker.java:87)
	at org.apache.ratis.server.raftlog.segmented.SegmentedRaftLogWorker$WriteLog.execute(SegmentedRaftLogWorker.java:477)
	at org.apache.ratis.server.raftlog.segmented.SegmentedRaftLogWorker.run(SegmentedRaftLogWorker.java:289)
	at java.lang.Thread.run(Thread.java:748)
Caused by: java.util.concurrent.TimeoutException
	at java.util.concurrent.CompletableFuture.timedGet(CompletableFuture.java:1771)
	at java.util.concurrent.CompletableFuture.get(CompletableFuture.java:1915)
	at org.apache.ratis.util.IOUtils.getFromFuture(IOUtils.java:79)
	... 4 more
2019-09-12 05:59:51,027 [EventQueue-PipelineActionsForPipelineActionHandler] ERROR pipeline.PipelineActionHandler (PipelineActionHandler.java:onMessage(60)) - Received pipeline action CLOSE for Pipeline[ Id: a9bcf8c8-3c1e-40a0-bdf8-f6dbaa47753d, Nodes: df009476-bbf0-43a2-af41-11b5052a445f{ip: 192.168.34.52, host: trunk-nightly-20190912-4gc2t-2068889165, networkLocation: /default-rack, certSerialId: null}8f5ab14e-21d2-479d-9d33-3cad9b590bd0{ip: 192.168.34.52, host: trunk-nightly-20190912-4gc2t-2068889165, networkLocation: /default-rack, certSerialId: null}1f61edb1-ab55-473c-8774-d83fa3b21acc{ip: 192.168.34.52, host: trunk-nightly-20190912-4gc2t-2068889165, networkLocation: /default-rack, certSerialId: null}, Type:RATIS, Factor:THREE, State:CLOSED] from datanode 8f5ab14e-21d2-479d-9d33-3cad9b590bd0{ip: 192.168.34.52, host: trunk-nightly-20190912-4gc2t-2068889165, networkLocation: /default-rack, certSerialId: null}. Reason : 8f5ab14e-21d2-479d-9d33-3cad9b590bd0 has not seen follower/s 1f61edb1-ab55-473c-8774-d83fa3b21acc for 170080ms df009476-bbf0-43a2-af41-11b5052a445f for 170080ms
2019-09-12 05:59:51,028 [EventQueue-PipelineActionsForPipelineActionHandler] INFO  pipeline.SCMPipelineManager (SCMPipelineManager.java:finalizeAndDestroyPipeline(311)) - destroying pipeline:Pipeline[ Id: a9bcf8c8-3c1e-40a0-bdf8-f6dbaa47753d, Nodes: df009476-bbf0-43a2-af41-11b5052a445f{ip: 192.168.34.52, host: trunk-nightly-20190912-4gc2t-2068889165, networkLocation: /default-rack, certSerialId: null}8f5ab14e-21d2-479d-9d33-3cad9b590bd0{ip: 192.168.34.52, host: trunk-nightly-20190912-4gc2t-2068889165, networkLocation: /default-rack, certSerialId: null}1f61edb1-ab55-473c-8774-d83fa3b21acc{ip: 192.168.34.52, host: trunk-nightly-20190912-4gc2t-2068889165, networkLocation: /default-rack, certSerialId: null}, Type:RATIS, Factor:THREE, State:CLOSED]
2019-09-12 05:59:51,049 [java.util.concurrent.ThreadPoolExecutor$Worker@eb5b01a[State = -1, empty queue]] WARN  server.GrpcLogAppender (GrpcLogAppender.java:timeoutAppendRequest(200)) - 8f5ab14e-21d2-479d-9d33-3cad9b590bd0@group-F6DBAA47753D->1f61edb1-ab55-473c-8774-d83fa3b21acc-GrpcLogAppender: appendEntries Timeout, request=8f5ab14e-21d2-479d-9d33-3cad9b590bd0->1f61edb1-ab55-473c-8774-d83fa3b21acc#79-t1, previous=(t:1, i:12), leaderCommit=6, initializing? false, entries: <empty>
2019-09-12 05:59:51,049 [java.util.concurrent.ThreadPoolExecutor$Worker@2f1eeb17[State = -1, empty queue]] WARN  server.GrpcLogAppender (GrpcLogAppender.java:timeoutAppendRequest(200)) - 8f5ab14e-21d2-479d-9d33-3cad9b590bd0@group-F6DBAA47753D->df009476-bbf0-43a2-af41-11b5052a445f-GrpcLogAppender: appendEntries Timeout, request=8f5ab14e-21d2-479d-9d33-3cad9b590bd0->df009476-bbf0-43a2-af41-11b5052a445f#79-t1, previous=(t:1, i:12), leaderCommit=6, initializing? false, entries: <empty>
2019-09-12 05:59:52,772 [grpc-default-executor-4] INFO  client.GrpcClientProtocolClient (GrpcClientProtocolClient.java:onNext(264)) - client-6E3585A561A4->df009476-bbf0-43a2-af41-11b5052a445f: receive RaftClientReply:client-6E3585A561A4->df009476-bbf0-43a2-af41-11b5052a445f@group-F6DBAA47753D, cid=16, FAILED org.apache.ratis.protocol.NotLeaderException: Server df009476-bbf0-43a2-af41-11b5052a445f@group-F6DBAA47753D is not the leader 8f5ab14e-21d2-479d-9d33-3cad9b590bd0:192.168.34.52:37331, logIndex=0, commits[df009476-bbf0-43a2-af41-11b5052a445f:c6, 1f61edb1-ab55-473c-8774-d83fa3b21acc:c4, 8f5ab14e-21d2-479d-9d33-3cad9b590bd0:c6]
2019-09-12 05:59:53,051 [org.apache.ratis.server.impl.LogAppender$AppenderDaemon$$Lambda$547/1589537345@6f142bfd] ERROR ratis.XceiverServerRatis (XceiverServerRatis.java:triggerPipelineClose(568)) - pipeline Action CLOSE  on pipeline PipelineID=a9bcf8c8-3c1e-40a0-bdf8-f6dbaa47753d.Reason : 8f5ab14e-21d2-479d-9d33-3cad9b590bd0 has not seen follower/s 1f61edb1-ab55-473c-8774-d83fa3b21acc for 172581ms df009476-bbf0-43a2-af41-11b5052a445f for 172581ms
2019-09-12 05:59:53,051 [org.apache.ratis.server.impl.LogAppender$AppenderDaemon$$Lambda$547/1589537345@b7eed92] ERROR ratis.XceiverServerRatis (XceiverServerRatis.java:triggerPipelineClose(568)) - pipeline Action CLOSE  on pipeline PipelineID=a9bcf8c8-3c1e-40a0-bdf8-f6dbaa47753d.Reason : 8f5ab14e-21d2-479d-9d33-3cad9b590bd0 has not seen follower/s 1f61edb1-ab55-473c-8774-d83fa3b21acc for 172582ms df009476-bbf0-43a2-af41-11b5052a445f for 172581ms
2019-09-12 05:59:53,549 [java.util.concurrent.ThreadPoolExecutor$Worker@2f1eeb17[State = -1, empty queue]] WARN  server.GrpcLogAppender (GrpcLogAppender.java:timeoutAppendRequest(200)) - 8f5ab14e-21d2-479d-9d33-3cad9b590bd0@group-F6DBAA47753D->df009476-bbf0-43a2-af41-11b5052a445f-GrpcLogAppender: appendEntries Timeout, request=8f5ab14e-21d2-479d-9d33-3cad9b590bd0->df009476-bbf0-43a2-af41-11b5052a445f#80-t1, previous=(t:1, i:12), leaderCommit=6, initializing? false, entries: <empty>
2019-09-12 05:59:53,550 [java.util.concurrent.ThreadPoolExecutor$Worker@eb5b01a[State = -1, empty queue]] WARN  server.GrpcLogAppender (GrpcLogAppender.java:timeoutAppendRequest(200)) - 8f5ab14e-21d2-479d-9d33-3cad9b590bd0@group-F6DBAA47753D->1f61edb1-ab55-473c-8774-d83fa3b21acc-GrpcLogAppender: appendEntries Timeout, request=8f5ab14e-21d2-479d-9d33-3cad9b590bd0->1f61edb1-ab55-473c-8774-d83fa3b21acc#80-t1, previous=(t:1, i:12), leaderCommit=6, initializing? false, entries: <empty>
2019-09-12 05:59:54,028 [EventQueue-PipelineActionsForPipelineActionHandler] ERROR pipeline.PipelineActionHandler (PipelineActionHandler.java:onMessage(60)) - Received pipeline action CLOSE for Pipeline[ Id: a9bcf8c8-3c1e-40a0-bdf8-f6dbaa47753d, Nodes: df009476-bbf0-43a2-af41-11b5052a445f{ip: 192.168.34.52, host: trunk-nightly-20190912-4gc2t-2068889165, networkLocation: /default-rack, certSerialId: null}8f5ab14e-21d2-479d-9d33-3cad9b590bd0{ip: 192.168.34.52, host: trunk-nightly-20190912-4gc2t-2068889165, networkLocation: /default-rack, certSerialId: null}1f61edb1-ab55-473c-8774-d83fa3b21acc{ip: 192.168.34.52, host: trunk-nightly-20190912-4gc2t-2068889165, networkLocation: /default-rack, certSerialId: null}, Type:RATIS, Factor:THREE, State:CLOSED] from datanode 8f5ab14e-21d2-479d-9d33-3cad9b590bd0{ip: 192.168.34.52, host: trunk-nightly-20190912-4gc2t-2068889165, networkLocation: /default-rack, certSerialId: null}. Reason : 8f5ab14e-21d2-479d-9d33-3cad9b590bd0 has not seen follower/s 1f61edb1-ab55-473c-8774-d83fa3b21acc for 172581ms df009476-bbf0-43a2-af41-11b5052a445f for 172581ms
2019-09-12 05:59:54,029 [EventQueue-PipelineActionsForPipelineActionHandler] INFO  pipeline.SCMPipelineManager (SCMPipelineManager.java:finalizeAndDestroyPipeline(311)) - destroying pipeline:Pipeline[ Id: a9bcf8c8-3c1e-40a0-bdf8-f6dbaa47753d, Nodes: df009476-bbf0-43a2-af41-11b5052a445f{ip: 192.168.34.52, host: trunk-nightly-20190912-4gc2t-2068889165, networkLocation: /default-rack, certSerialId: null}8f5ab14e-21d2-479d-9d33-3cad9b590bd0{ip: 192.168.34.52, host: trunk-nightly-20190912-4gc2t-2068889165, networkLocation: /default-rack, certSerialId: null}1f61edb1-ab55-473c-8774-d83fa3b21acc{ip: 192.168.34.52, host: trunk-nightly-20190912-4gc2t-2068889165, networkLocation: /default-rack, certSerialId: null}, Type:RATIS, Factor:THREE, State:CLOSED]
2019-09-12 05:59:55,552 [org.apache.ratis.server.impl.LogAppender$AppenderDaemon$$Lambda$547/1589537345@b7eed92] ERROR ratis.XceiverServerRatis (XceiverServerRatis.java:triggerPipelineClose(568)) - pipeline Action CLOSE  on pipeline PipelineID=a9bcf8c8-3c1e-40a0-bdf8-f6dbaa47753d.Reason : 8f5ab14e-21d2-479d-9d33-3cad9b590bd0 has not seen follower/s 1f61edb1-ab55-473c-8774-d83fa3b21acc for 175083ms df009476-bbf0-43a2-af41-11b5052a445f for 175082ms
2019-09-12 05:59:55,552 [org.apache.ratis.server.impl.LogAppender$AppenderDaemon$$Lambda$547/1589537345@6f142bfd] ERROR ratis.XceiverServerRatis (XceiverServerRatis.java:triggerPipelineClose(568)) - pipeline Action CLOSE  on pipeline PipelineID=a9bcf8c8-3c1e-40a0-bdf8-f6dbaa47753d.Reason : 8f5ab14e-21d2-479d-9d33-3cad9b590bd0 has not seen follower/s 1f61edb1-ab55-473c-8774-d83fa3b21acc for 175083ms df009476-bbf0-43a2-af41-11b5052a445f for 175082ms
2019-09-12 05:59:56,029 [EventQueue-PipelineActionsForPipelineActionHandler] ERROR pipeline.PipelineActionHandler (PipelineActionHandler.java:onMessage(60)) - Received pipeline action CLOSE for Pipeline[ Id: a9bcf8c8-3c1e-40a0-bdf8-f6dbaa47753d, Nodes: df009476-bbf0-43a2-af41-11b5052a445f{ip: 192.168.34.52, host: trunk-nightly-20190912-4gc2t-2068889165, networkLocation: /default-rack, certSerialId: null}8f5ab14e-21d2-479d-9d33-3cad9b590bd0{ip: 192.168.34.52, host: trunk-nightly-20190912-4gc2t-2068889165, networkLocation: /default-rack, certSerialId: null}1f61edb1-ab55-473c-8774-d83fa3b21acc{ip: 192.168.34.52, host: trunk-nightly-20190912-4gc2t-2068889165, networkLocation: /default-rack, certSerialId: null}, Type:RATIS, Factor:THREE, State:CLOSED] from datanode 8f5ab14e-21d2-479d-9d33-3cad9b590bd0{ip: 192.168.34.52, host: trunk-nightly-20190912-4gc2t-2068889165, networkLocation: /default-rack, certSerialId: null}. Reason : 8f5ab14e-21d2-479d-9d33-3cad9b590bd0 has not seen follower/s 1f61edb1-ab55-473c-8774-d83fa3b21acc for 175083ms df009476-bbf0-43a2-af41-11b5052a445f for 175082ms
2019-09-12 05:59:56,029 [EventQueue-PipelineActionsForPipelineActionHandler] INFO  pipeline.SCMPipelineManager (SCMPipelineManager.java:finalizeAndDestroyPipeline(311)) - destroying pipeline:Pipeline[ Id: a9bcf8c8-3c1e-40a0-bdf8-f6dbaa47753d, Nodes: df009476-bbf0-43a2-af41-11b5052a445f{ip: 192.168.34.52, host: trunk-nightly-20190912-4gc2t-2068889165, networkLocation: /default-rack, certSerialId: null}8f5ab14e-21d2-479d-9d33-3cad9b590bd0{ip: 192.168.34.52, host: trunk-nightly-20190912-4gc2t-2068889165, networkLocation: /default-rack, certSerialId: null}1f61edb1-ab55-473c-8774-d83fa3b21acc{ip: 192.168.34.52, host: trunk-nightly-20190912-4gc2t-2068889165, networkLocation: /default-rack, certSerialId: null}, Type:RATIS, Factor:THREE, State:CLOSED]
2019-09-12 05:59:56,051 [java.util.concurrent.ThreadPoolExecutor$Worker@2f1eeb17[State = -1, empty queue]] WARN  server.GrpcLogAppender (GrpcLogAppender.java:timeoutAppendRequest(200)) - 8f5ab14e-21d2-479d-9d33-3cad9b590bd0@group-F6DBAA47753D->df009476-bbf0-43a2-af41-11b5052a445f-GrpcLogAppender: appendEntries Timeout, request=8f5ab14e-21d2-479d-9d33-3cad9b590bd0->df009476-bbf0-43a2-af41-11b5052a445f#81-t1, previous=(t:1, i:12), leaderCommit=6, initializing? false, entries: <empty>
2019-09-12 05:59:56,051 [java.util.concurrent.ThreadPoolExecutor$Worker@eb5b01a[State = -1, empty queue]] WARN  server.GrpcLogAppender (GrpcLogAppender.java:timeoutAppendRequest(200)) - 8f5ab14e-21d2-479d-9d33-3cad9b590bd0@group-F6DBAA47753D->1f61edb1-ab55-473c-8774-d83fa3b21acc-GrpcLogAppender: appendEntries Timeout, request=8f5ab14e-21d2-479d-9d33-3cad9b590bd0->1f61edb1-ab55-473c-8774-d83fa3b21acc#81-t1, previous=(t:1, i:12), leaderCommit=6, initializing? false, entries: <empty>
2019-09-12 05:59:57,838 [grpc-default-executor-3] INFO  client.GrpcClientProtocolClient (GrpcClientProtocolClient.java:onNext(264)) - client-6E3585A561A4->1f61edb1-ab55-473c-8774-d83fa3b21acc: receive RaftClientReply:client-6E3585A561A4->1f61edb1-ab55-473c-8774-d83fa3b21acc@group-F6DBAA47753D, cid=16, FAILED org.apache.ratis.protocol.NotLeaderException: Server 1f61edb1-ab55-473c-8774-d83fa3b21acc@group-F6DBAA47753D is not the leader 8f5ab14e-21d2-479d-9d33-3cad9b590bd0:192.168.34.52:37331, logIndex=0, commits[1f61edb1-ab55-473c-8774-d83fa3b21acc:c6, 8f5ab14e-21d2-479d-9d33-3cad9b590bd0:c6, df009476-bbf0-43a2-af41-11b5052a445f:c4]
2019-09-12 05:59:58,052 [org.apache.ratis.server.impl.LogAppender$AppenderDaemon$$Lambda$547/1589537345@6f142bfd] ERROR ratis.XceiverServerRatis (XceiverServerRatis.java:triggerPipelineClose(568)) - pipeline Action CLOSE  on pipeline PipelineID=a9bcf8c8-3c1e-40a0-bdf8-f6dbaa47753d.Reason : 8f5ab14e-21d2-479d-9d33-3cad9b590bd0 has not seen follower/s 1f61edb1-ab55-473c-8774-d83fa3b21acc for 177583ms df009476-bbf0-43a2-af41-11b5052a445f for 177583ms
2019-09-12 05:59:58,053 [org.apache.ratis.server.impl.LogAppender$AppenderDaemon$$Lambda$547/1589537345@b7eed92] ERROR ratis.XceiverServerRatis (XceiverServerRatis.java:triggerPipelineClose(568)) - pipeline Action CLOSE  on pipeline PipelineID=a9bcf8c8-3c1e-40a0-bdf8-f6dbaa47753d.Reason : 8f5ab14e-21d2-479d-9d33-3cad9b590bd0 has not seen follower/s 1f61edb1-ab55-473c-8774-d83fa3b21acc for 177584ms df009476-bbf0-43a2-af41-11b5052a445f for 177583ms
2019-09-12 05:59:58,552 [java.util.concurrent.ThreadPoolExecutor$Worker@2f1eeb17[State = -1, empty queue]] WARN  server.GrpcLogAppender (GrpcLogAppender.java:timeoutAppendRequest(200)) - 8f5ab14e-21d2-479d-9d33-3cad9b590bd0@group-F6DBAA47753D->df009476-bbf0-43a2-af41-11b5052a445f-GrpcLogAppender: appendEntries Timeout, request=8f5ab14e-21d2-479d-9d33-3cad9b590bd0->df009476-bbf0-43a2-af41-11b5052a445f#82-t1, previous=(t:1, i:12), leaderCommit=6, initializing? false, entries: <empty>
2019-09-12 05:59:58,552 [java.util.concurrent.ThreadPoolExecutor$Worker@eb5b01a[State = -1, empty queue]] WARN  server.GrpcLogAppender (GrpcLogAppender.java:timeoutAppendRequest(200)) - 8f5ab14e-21d2-479d-9d33-3cad9b590bd0@group-F6DBAA47753D->1f61edb1-ab55-473c-8774-d83fa3b21acc-GrpcLogAppender: appendEntries Timeout, request=8f5ab14e-21d2-479d-9d33-3cad9b590bd0->1f61edb1-ab55-473c-8774-d83fa3b21acc#82-t1, previous=(t:1, i:12), leaderCommit=6, initializing? false, entries: <empty>
2019-09-12 05:59:59,029 [EventQueue-PipelineActionsForPipelineActionHandler] ERROR pipeline.PipelineActionHandler (PipelineActionHandler.java:onMessage(60)) - Received pipeline action CLOSE for Pipeline[ Id: a9bcf8c8-3c1e-40a0-bdf8-f6dbaa47753d, Nodes: df009476-bbf0-43a2-af41-11b5052a445f{ip: 192.168.34.52, host: trunk-nightly-20190912-4gc2t-2068889165, networkLocation: /default-rack, certSerialId: null}8f5ab14e-21d2-479d-9d33-3cad9b590bd0{ip: 192.168.34.52, host: trunk-nightly-20190912-4gc2t-2068889165, networkLocation: /default-rack, certSerialId: null}1f61edb1-ab55-473c-8774-d83fa3b21acc{ip: 192.168.34.52, host: trunk-nightly-20190912-4gc2t-2068889165, networkLocation: /default-rack, certSerialId: null}, Type:RATIS, Factor:THREE, State:CLOSED] from datanode 8f5ab14e-21d2-479d-9d33-3cad9b590bd0{ip: 192.168.34.52, host: trunk-nightly-20190912-4gc2t-2068889165, networkLocation: /default-rack, certSerialId: null}. Reason : 8f5ab14e-21d2-479d-9d33-3cad9b590bd0 has not seen follower/s 1f61edb1-ab55-473c-8774-d83fa3b21acc for 177583ms df009476-bbf0-43a2-af41-11b5052a445f for 177583ms
2019-09-12 05:59:59,029 [EventQueue-PipelineActionsForPipelineActionHandler] INFO  pipeline.SCMPipelineManager (SCMPipelineManager.java:finalizeAndDestroyPipeline(311)) - destroying pipeline:Pipeline[ Id: a9bcf8c8-3c1e-40a0-bdf8-f6dbaa47753d, Nodes: df009476-bbf0-43a2-af41-11b5052a445f{ip: 192.168.34.52, host: trunk-nightly-20190912-4gc2t-2068889165, networkLocation: /default-rack, certSerialId: null}8f5ab14e-21d2-479d-9d33-3cad9b590bd0{ip: 192.168.34.52, host: trunk-nightly-20190912-4gc2t-2068889165, networkLocation: /default-rack, certSerialId: null}1f61edb1-ab55-473c-8774-d83fa3b21acc{ip: 192.168.34.52, host: trunk-nightly-20190912-4gc2t-2068889165, networkLocation: /default-rack, certSerialId: null}, Type:RATIS, Factor:THREE, State:CLOSED]
2019-09-12 06:00:00,554 [org.apache.ratis.server.impl.LogAppender$AppenderDaemon$$Lambda$547/1589537345@6f142bfd] ERROR ratis.XceiverServerRatis (XceiverServerRatis.java:triggerPipelineClose(568)) - pipeline Action CLOSE  on pipeline PipelineID=a9bcf8c8-3c1e-40a0-bdf8-f6dbaa47753d.Reason : 8f5ab14e-21d2-479d-9d33-3cad9b590bd0 has not seen follower/s 1f61edb1-ab55-473c-8774-d83fa3b21acc for 180084ms df009476-bbf0-43a2-af41-11b5052a445f for 180084ms
2019-09-12 06:00:00,554 [org.apache.ratis.server.impl.LogAppender$AppenderDaemon$$Lambda$547/1589537345@b7eed92] ERROR ratis.XceiverServerRatis (XceiverServerRatis.java:triggerPipelineClose(568)) - pipeline Action CLOSE  on pipeline PipelineID=a9bcf8c8-3c1e-40a0-bdf8-f6dbaa47753d.Reason : 8f5ab14e-21d2-479d-9d33-3cad9b590bd0 has not seen follower/s 1f61edb1-ab55-473c-8774-d83fa3b21acc for 180085ms df009476-bbf0-43a2-af41-11b5052a445f for 180084ms
2019-09-12 06:00:00,854 [1f61edb1-ab55-473c-8774-d83fa3b21acc@group-F6DBAA47753D-SegmentedRaftLogWorker] WARN  segmented.SegmentedRaftLogWorker (SegmentedRaftLogWorker.java:getFromFuture(90)) - Timeout 17/~
org.apache.ratis.protocol.TimeoutIOException: Timeout 10s: WriteLog:7: (t:1, i:7), STATEMACHINELOGENTRY, client-6E3585A561A4, cid=16-writeStateMachineData
	at org.apache.ratis.util.IOUtils.getFromFuture(IOUtils.java:87)
	at org.apache.ratis.server.raftlog.segmented.SegmentedRaftLogWorker$StateMachineDataPolicy.getFromFuture(SegmentedRaftLogWorker.java:87)
	at org.apache.ratis.server.raftlog.segmented.SegmentedRaftLogWorker$WriteLog.execute(SegmentedRaftLogWorker.java:477)
	at org.apache.ratis.server.raftlog.segmented.SegmentedRaftLogWorker.run(SegmentedRaftLogWorker.java:289)
	at java.lang.Thread.run(Thread.java:748)
Caused by: java.util.concurrent.TimeoutException
	at java.util.concurrent.CompletableFuture.timedGet(CompletableFuture.java:1771)
	at java.util.concurrent.CompletableFuture.get(CompletableFuture.java:1915)
	at org.apache.ratis.util.IOUtils.getFromFuture(IOUtils.java:79)
	... 4 more
2019-09-12 06:00:01,023 [df009476-bbf0-43a2-af41-11b5052a445f@group-F6DBAA47753D-SegmentedRaftLogWorker] WARN  segmented.SegmentedRaftLogWorker (SegmentedRaftLogWorker.java:getFromFuture(90)) - Timeout 17/~
org.apache.ratis.protocol.TimeoutIOException: Timeout 10s: WriteLog:8: (t:1, i:8), STATEMACHINELOGENTRY, client-6E3585A561A4, cid=17-writeStateMachineData
	at org.apache.ratis.util.IOUtils.getFromFuture(IOUtils.java:87)
	at org.apache.ratis.server.raftlog.segmented.SegmentedRaftLogWorker$StateMachineDataPolicy.getFromFuture(SegmentedRaftLogWorker.java:87)
	at org.apache.ratis.server.raftlog.segmented.SegmentedRaftLogWorker$WriteLog.execute(SegmentedRaftLogWorker.java:477)
	at org.apache.ratis.server.raftlog.segmented.SegmentedRaftLogWorker.run(SegmentedRaftLogWorker.java:289)
	at java.lang.Thread.run(Thread.java:748)
Caused by: java.util.concurrent.TimeoutException
	at java.util.concurrent.CompletableFuture.timedGet(CompletableFuture.java:1771)
	at java.util.concurrent.CompletableFuture.get(CompletableFuture.java:1915)
	at org.apache.ratis.util.IOUtils.getFromFuture(IOUtils.java:79)
	... 4 more
2019-09-12 06:00:01,024 [8f5ab14e-21d2-479d-9d33-3cad9b590bd0@group-F6DBAA47753D-SegmentedRaftLogWorker] WARN  segmented.SegmentedRaftLogWorker (SegmentedRaftLogWorker.java:getFromFuture(90)) - Timeout 17/~
org.apache.ratis.protocol.TimeoutIOException: Timeout 10s: WriteLog:8: (t:1, i:8), STATEMACHINELOGENTRY, client-6E3585A561A4, cid=17-writeStateMachineData
	at org.apache.ratis.util.IOUtils.getFromFuture(IOUtils.java:87)
	at org.apache.ratis.server.raftlog.segmented.SegmentedRaftLogWorker$StateMachineDataPolicy.getFromFuture(SegmentedRaftLogWorker.java:87)
	at org.apache.ratis.server.raftlog.segmented.SegmentedRaftLogWorker$WriteLog.execute(SegmentedRaftLogWorker.java:477)
	at org.apache.ratis.server.raftlog.segmented.SegmentedRaftLogWorker.run(SegmentedRaftLogWorker.java:289)
	at java.lang.Thread.run(Thread.java:748)
Caused by: java.util.concurrent.TimeoutException
	at java.util.concurrent.CompletableFuture.timedGet(CompletableFuture.java:1771)
	at java.util.concurrent.CompletableFuture.get(CompletableFuture.java:1915)
	at org.apache.ratis.util.IOUtils.getFromFuture(IOUtils.java:79)
	... 4 more
2019-09-12 06:00:01,029 [EventQueue-PipelineActionsForPipelineActionHandler] ERROR pipeline.PipelineActionHandler (PipelineActionHandler.java:onMessage(60)) - Received pipeline action CLOSE for Pipeline[ Id: a9bcf8c8-3c1e-40a0-bdf8-f6dbaa47753d, Nodes: df009476-bbf0-43a2-af41-11b5052a445f{ip: 192.168.34.52, host: trunk-nightly-20190912-4gc2t-2068889165, networkLocation: /default-rack, certSerialId: null}8f5ab14e-21d2-479d-9d33-3cad9b590bd0{ip: 192.168.34.52, host: trunk-nightly-20190912-4gc2t-2068889165, networkLocation: /default-rack, certSerialId: null}1f61edb1-ab55-473c-8774-d83fa3b21acc{ip: 192.168.34.52, host: trunk-nightly-20190912-4gc2t-2068889165, networkLocation: /default-rack, certSerialId: null}, Type:RATIS, Factor:THREE, State:CLOSED] from datanode 8f5ab14e-21d2-479d-9d33-3cad9b590bd0{ip: 192.168.34.52, host: trunk-nightly-20190912-4gc2t-2068889165, networkLocation: /default-rack, certSerialId: null}. Reason : 8f5ab14e-21d2-479d-9d33-3cad9b590bd0 has not seen follower/s 1f61edb1-ab55-473c-8774-d83fa3b21acc for 180084ms df009476-bbf0-43a2-af41-11b5052a445f for 180084ms
2019-09-12 06:00:01,029 [EventQueue-PipelineActionsForPipelineActionHandler] INFO  pipeline.SCMPipelineManager (SCMPipelineManager.java:finalizeAndDestroyPipeline(311)) - destroying pipeline:Pipeline[ Id: a9bcf8c8-3c1e-40a0-bdf8-f6dbaa47753d, Nodes: df009476-bbf0-43a2-af41-11b5052a445f{ip: 192.168.34.52, host: trunk-nightly-20190912-4gc2t-2068889165, networkLocation: /default-rack, certSerialId: null}8f5ab14e-21d2-479d-9d33-3cad9b590bd0{ip: 192.168.34.52, host: trunk-nightly-20190912-4gc2t-2068889165, networkLocation: /default-rack, certSerialId: null}1f61edb1-ab55-473c-8774-d83fa3b21acc{ip: 192.168.34.52, host: trunk-nightly-20190912-4gc2t-2068889165, networkLocation: /default-rack, certSerialId: null}, Type:RATIS, Factor:THREE, State:CLOSED]
2019-09-12 06:00:01,052 [java.util.concurrent.ThreadPoolExecutor$Worker@2f1eeb17[State = -1, empty queue]] WARN  server.GrpcLogAppender (GrpcLogAppender.java:timeoutAppendRequest(200)) - 8f5ab14e-21d2-479d-9d33-3cad9b590bd0@group-F6DBAA47753D->df009476-bbf0-43a2-af41-11b5052a445f-GrpcLogAppender: appendEntries Timeout, request=8f5ab14e-21d2-479d-9d33-3cad9b590bd0->df009476-bbf0-43a2-af41-11b5052a445f#83-t1, previous=(t:1, i:12), leaderCommit=6, initializing? false, entries: <empty>
2019-09-12 06:00:01,053 [java.util.concurrent.ThreadPoolExecutor$Worker@eb5b01a[State = -1, empty queue]] WARN  server.GrpcLogAppender (GrpcLogAppender.java:timeoutAppendRequest(200)) - 8f5ab14e-21d2-479d-9d33-3cad9b590bd0@group-F6DBAA47753D->1f61edb1-ab55-473c-8774-d83fa3b21acc-GrpcLogAppender: appendEntries Timeout, request=8f5ab14e-21d2-479d-9d33-3cad9b590bd0->1f61edb1-ab55-473c-8774-d83fa3b21acc#83-t1, previous=(t:1, i:12), leaderCommit=6, initializing? false, entries: <empty>
2019-09-12 06:00:02,895 [grpc-default-executor-1] INFO  client.GrpcClientProtocolClient (GrpcClientProtocolClient.java:onNext(264)) - client-6E3585A561A4->df009476-bbf0-43a2-af41-11b5052a445f: receive RaftClientReply:client-6E3585A561A4->df009476-bbf0-43a2-af41-11b5052a445f@group-F6DBAA47753D, cid=16, FAILED org.apache.ratis.protocol.NotLeaderException: Server df009476-bbf0-43a2-af41-11b5052a445f@group-F6DBAA47753D is not the leader 8f5ab14e-21d2-479d-9d33-3cad9b590bd0:192.168.34.52:37331, logIndex=0, commits[df009476-bbf0-43a2-af41-11b5052a445f:c6, 1f61edb1-ab55-473c-8774-d83fa3b21acc:c4, 8f5ab14e-21d2-479d-9d33-3cad9b590bd0:c6]
2019-09-12 06:00:03,055 [org.apache.ratis.server.impl.LogAppender$AppenderDaemon$$Lambda$547/1589537345@6f142bfd] ERROR ratis.XceiverServerRatis (XceiverServerRatis.java:triggerPipelineClose(568)) - pipeline Action CLOSE  on pipeline PipelineID=a9bcf8c8-3c1e-40a0-bdf8-f6dbaa47753d.Reason : 8f5ab14e-21d2-479d-9d33-3cad9b590bd0 has not seen follower/s 1f61edb1-ab55-473c-8774-d83fa3b21acc for 182586ms df009476-bbf0-43a2-af41-11b5052a445f for 182585ms
2019-09-12 06:00:03,055 [org.apache.ratis.server.impl.LogAppender$AppenderDaemon$$Lambda$547/1589537345@b7eed92] ERROR ratis.XceiverServerRatis (XceiverServerRatis.java:triggerPipelineClose(568)) - pipeline Action CLOSE  on pipeline PipelineID=a9bcf8c8-3c1e-40a0-bdf8-f6dbaa47753d.Reason : 8f5ab14e-21d2-479d-9d33-3cad9b590bd0 has not seen follower/s 1f61edb1-ab55-473c-8774-d83fa3b21acc for 182586ms df009476-bbf0-43a2-af41-11b5052a445f for 182585ms
2019-09-12 06:00:03,553 [java.util.concurrent.ThreadPoolExecutor$Worker@2f1eeb17[State = -1, empty queue]] WARN  server.GrpcLogAppender (GrpcLogAppender.java:timeoutAppendRequest(200)) - 8f5ab14e-21d2-479d-9d33-3cad9b590bd0@group-F6DBAA47753D->df009476-bbf0-43a2-af41-11b5052a445f-GrpcLogAppender: appendEntries Timeout, request=8f5ab14e-21d2-479d-9d33-3cad9b590bd0->df009476-bbf0-43a2-af41-11b5052a445f#84-t1, previous=(t:1, i:12), leaderCommit=6, initializing? false, entries: <empty>
2019-09-12 06:00:03,554 [java.util.concurrent.ThreadPoolExecutor$Worker@eb5b01a[State = -1, empty queue]] WARN  server.GrpcLogAppender (GrpcLogAppender.java:timeoutAppendRequest(200)) - 8f5ab14e-21d2-479d-9d33-3cad9b590bd0@group-F6DBAA47753D->1f61edb1-ab55-473c-8774-d83fa3b21acc-GrpcLogAppender: appendEntries Timeout, request=8f5ab14e-21d2-479d-9d33-3cad9b590bd0->1f61edb1-ab55-473c-8774-d83fa3b21acc#84-t1, previous=(t:1, i:12), leaderCommit=6, initializing? false, entries: <empty>
2019-09-12 06:00:04,031 [EventQueue-PipelineActionsForPipelineActionHandler] ERROR pipeline.PipelineActionHandler (PipelineActionHandler.java:onMessage(60)) - Received pipeline action CLOSE for Pipeline[ Id: a9bcf8c8-3c1e-40a0-bdf8-f6dbaa47753d, Nodes: df009476-bbf0-43a2-af41-11b5052a445f{ip: 192.168.34.52, host: trunk-nightly-20190912-4gc2t-2068889165, networkLocation: /default-rack, certSerialId: null}8f5ab14e-21d2-479d-9d33-3cad9b590bd0{ip: 192.168.34.52, host: trunk-nightly-20190912-4gc2t-2068889165, networkLocation: /default-rack, certSerialId: null}1f61edb1-ab55-473c-8774-d83fa3b21acc{ip: 192.168.34.52, host: trunk-nightly-20190912-4gc2t-2068889165, networkLocation: /default-rack, certSerialId: null}, Type:RATIS, Factor:THREE, State:CLOSED] from datanode 8f5ab14e-21d2-479d-9d33-3cad9b590bd0{ip: 192.168.34.52, host: trunk-nightly-20190912-4gc2t-2068889165, networkLocation: /default-rack, certSerialId: null}. Reason : 8f5ab14e-21d2-479d-9d33-3cad9b590bd0 has not seen follower/s 1f61edb1-ab55-473c-8774-d83fa3b21acc for 182586ms df009476-bbf0-43a2-af41-11b5052a445f for 182585ms
2019-09-12 06:00:04,032 [EventQueue-PipelineActionsForPipelineActionHandler] INFO  pipeline.SCMPipelineManager (SCMPipelineManager.java:finalizeAndDestroyPipeline(311)) - destroying pipeline:Pipeline[ Id: a9bcf8c8-3c1e-40a0-bdf8-f6dbaa47753d, Nodes: df009476-bbf0-43a2-af41-11b5052a445f{ip: 192.168.34.52, host: trunk-nightly-20190912-4gc2t-2068889165, networkLocation: /default-rack, certSerialId: null}8f5ab14e-21d2-479d-9d33-3cad9b590bd0{ip: 192.168.34.52, host: trunk-nightly-20190912-4gc2t-2068889165, networkLocation: /default-rack, certSerialId: null}1f61edb1-ab55-473c-8774-d83fa3b21acc{ip: 192.168.34.52, host: trunk-nightly-20190912-4gc2t-2068889165, networkLocation: /default-rack, certSerialId: null}, Type:RATIS, Factor:THREE, State:CLOSED]
2019-09-12 06:00:05,556 [org.apache.ratis.server.impl.LogAppender$AppenderDaemon$$Lambda$547/1589537345@b7eed92] ERROR ratis.XceiverServerRatis (XceiverServerRatis.java:triggerPipelineClose(568)) - pipeline Action CLOSE  on pipeline PipelineID=a9bcf8c8-3c1e-40a0-bdf8-f6dbaa47753d.Reason : 8f5ab14e-21d2-479d-9d33-3cad9b590bd0 has not seen follower/s 1f61edb1-ab55-473c-8774-d83fa3b21acc for 185087ms df009476-bbf0-43a2-af41-11b5052a445f for 185086ms
2019-09-12 06:00:05,556 [org.apache.ratis.server.impl.LogAppender$AppenderDaemon$$Lambda$547/1589537345@6f142bfd] ERROR ratis.XceiverServerRatis (XceiverServerRatis.java:triggerPipelineClose(568)) - pipeline Action CLOSE  on pipeline PipelineID=a9bcf8c8-3c1e-40a0-bdf8-f6dbaa47753d.Reason : 8f5ab14e-21d2-479d-9d33-3cad9b590bd0 has not seen follower/s 1f61edb1-ab55-473c-8774-d83fa3b21acc for 185087ms df009476-bbf0-43a2-af41-11b5052a445f for 185086ms
2019-09-12 06:00:06,031 [EventQueue-PipelineActionsForPipelineActionHandler] ERROR pipeline.PipelineActionHandler (PipelineActionHandler.java:onMessage(60)) - Received pipeline action CLOSE for Pipeline[ Id: a9bcf8c8-3c1e-40a0-bdf8-f6dbaa47753d, Nodes: df009476-bbf0-43a2-af41-11b5052a445f{ip: 192.168.34.52, host: trunk-nightly-20190912-4gc2t-2068889165, networkLocation: /default-rack, certSerialId: null}8f5ab14e-21d2-479d-9d33-3cad9b590bd0{ip: 192.168.34.52, host: trunk-nightly-20190912-4gc2t-2068889165, networkLocation: /default-rack, certSerialId: null}1f61edb1-ab55-473c-8774-d83fa3b21acc{ip: 192.168.34.52, host: trunk-nightly-20190912-4gc2t-2068889165, networkLocation: /default-rack, certSerialId: null}, Type:RATIS, Factor:THREE, State:CLOSED] from datanode 8f5ab14e-21d2-479d-9d33-3cad9b590bd0{ip: 192.168.34.52, host: trunk-nightly-20190912-4gc2t-2068889165, networkLocation: /default-rack, certSerialId: null}. Reason : 8f5ab14e-21d2-479d-9d33-3cad9b590bd0 has not seen follower/s 1f61edb1-ab55-473c-8774-d83fa3b21acc for 185087ms df009476-bbf0-43a2-af41-11b5052a445f for 185086ms
2019-09-12 06:00:06,031 [EventQueue-PipelineActionsForPipelineActionHandler] INFO  pipeline.SCMPipelineManager (SCMPipelineManager.java:finalizeAndDestroyPipeline(311)) - destroying pipeline:Pipeline[ Id: a9bcf8c8-3c1e-40a0-bdf8-f6dbaa47753d, Nodes: df009476-bbf0-43a2-af41-11b5052a445f{ip: 192.168.34.52, host: trunk-nightly-20190912-4gc2t-2068889165, networkLocation: /default-rack, certSerialId: null}8f5ab14e-21d2-479d-9d33-3cad9b590bd0{ip: 192.168.34.52, host: trunk-nightly-20190912-4gc2t-2068889165, networkLocation: /default-rack, certSerialId: null}1f61edb1-ab55-473c-8774-d83fa3b21acc{ip: 192.168.34.52, host: trunk-nightly-20190912-4gc2t-2068889165, networkLocation: /default-rack, certSerialId: null}, Type:RATIS, Factor:THREE, State:CLOSED]
2019-09-12 06:00:06,055 [java.util.concurrent.ThreadPoolExecutor$Worker@2f1eeb17[State = -1, empty queue]] WARN  server.GrpcLogAppender (GrpcLogAppender.java:timeoutAppendRequest(200)) - 8f5ab14e-21d2-479d-9d33-3cad9b590bd0@group-F6DBAA47753D->df009476-bbf0-43a2-af41-11b5052a445f-GrpcLogAppender: appendEntries Timeout, request=8f5ab14e-21d2-479d-9d33-3cad9b590bd0->df009476-bbf0-43a2-af41-11b5052a445f#85-t1, previous=(t:1, i:12), leaderCommit=6, initializing? false, entries: <empty>
2019-09-12 06:00:06,055 [java.util.concurrent.ThreadPoolExecutor$Worker@eb5b01a[State = -1, empty queue]] WARN  server.GrpcLogAppender (GrpcLogAppender.java:timeoutAppendRequest(200)) - 8f5ab14e-21d2-479d-9d33-3cad9b590bd0@group-F6DBAA47753D->1f61edb1-ab55-473c-8774-d83fa3b21acc-GrpcLogAppender: appendEntries Timeout, request=8f5ab14e-21d2-479d-9d33-3cad9b590bd0->1f61edb1-ab55-473c-8774-d83fa3b21acc#85-t1, previous=(t:1, i:12), leaderCommit=6, initializing? false, entries: <empty>
2019-09-12 06:00:07,024 [grpc-default-executor-3] INFO  impl.RaftServerProxy (RaftServerProxy.java:remove(95)) - df009476-bbf0-43a2-af41-11b5052a445f: remove  FOLLOWER df009476-bbf0-43a2-af41-11b5052a445f@group-F6DBAA47753D:t1, leader=8f5ab14e-21d2-479d-9d33-3cad9b590bd0, voted=8f5ab14e-21d2-479d-9d33-3cad9b590bd0, raftlog=df009476-bbf0-43a2-af41-11b5052a445f@group-F6DBAA47753D-SegmentedRaftLog:OPENED:c6,f6,i12, conf=0: [1f61edb1-ab55-473c-8774-d83fa3b21acc:192.168.34.52:34789, 8f5ab14e-21d2-479d-9d33-3cad9b590bd0:192.168.34.52:37331, df009476-bbf0-43a2-af41-11b5052a445f:192.168.34.52:35732], old=null RUNNING
2019-09-12 06:00:07,028 [grpc-default-executor-3] INFO  impl.RaftServerImpl (RaftServerImpl.java:lambda$shutdown$3(251)) - df009476-bbf0-43a2-af41-11b5052a445f@group-F6DBAA47753D: shutdown
2019-09-12 06:00:07,029 [grpc-default-executor-3] INFO  util.JmxRegister (JmxRegister.java:unregister(73)) - Successfully un-registered JMX Bean with object name Ratis:service=RaftServer,group=group-F6DBAA47753D,id=df009476-bbf0-43a2-af41-11b5052a445f
2019-09-12 06:00:07,030 [grpc-default-executor-3] INFO  impl.RoleInfo (RoleInfo.java:shutdownFollowerState(121)) - df009476-bbf0-43a2-af41-11b5052a445f: shutdown FollowerState
2019-09-12 06:00:07,030 [Thread-322] INFO  impl.FollowerState (FollowerState.java:run(115)) - df009476-bbf0-43a2-af41-11b5052a445f: FollowerState was interrupted: java.lang.InterruptedException: sleep interrupted
2019-09-12 06:00:07,030 [grpc-default-executor-3] INFO  impl.StateMachineUpdater (StateMachineUpdater.java:stopAndJoin(125)) - df009476-bbf0-43a2-af41-11b5052a445f@group-F6DBAA47753D-StateMachineUpdater: set stopIndex = 6
2019-09-12 06:00:07,033 [df009476-bbf0-43a2-af41-11b5052a445f@group-F6DBAA47753D-StateMachineUpdater] INFO  ratis.ContainerStateMachine (ContainerStateMachine.java:takeSnapshot(289)) - group-F6DBAA47753D: Taking a snapshot at:(t:1, i:4) file /workdir/hadoop-ozone/integration-test/target/test-dir/MiniOzoneClusterImpl-df7e887f-907b-44f9-9fab-c718128d2034/datanode-6/data/ratis/a9bcf8c8-3c1e-40a0-bdf8-f6dbaa47753d/sm/snapshot.1_4
2019-09-12 06:00:07,082 [df009476-bbf0-43a2-af41-11b5052a445f@group-F6DBAA47753D-StateMachineUpdater] INFO  ratis.ContainerStateMachine (ContainerStateMachine.java:takeSnapshot(300)) - group-F6DBAA47753D: Finished taking a snapshot at:(t:1, i:4) file:/workdir/hadoop-ozone/integration-test/target/test-dir/MiniOzoneClusterImpl-df7e887f-907b-44f9-9fab-c718128d2034/datanode-6/data/ratis/a9bcf8c8-3c1e-40a0-bdf8-f6dbaa47753d/sm/snapshot.1_4 time:50
2019-09-12 06:00:07,083 [df009476-bbf0-43a2-af41-11b5052a445f@group-F6DBAA47753D-StateMachineUpdater] INFO  impl.StateMachineUpdater (StateMachineUpdater.java:takeSnapshot(258)) - df009476-bbf0-43a2-af41-11b5052a445f@group-F6DBAA47753D-StateMachineUpdater: Took a snapshot at index 4
2019-09-12 06:00:07,085 [df009476-bbf0-43a2-af41-11b5052a445f@group-F6DBAA47753D-StateMachineUpdater] INFO  impl.StateMachineUpdater (StateMachineUpdater.java:lambda$new$0(83)) - df009476-bbf0-43a2-af41-11b5052a445f@group-F6DBAA47753D-StateMachineUpdater: snapshotIndex: updateIncreasingly -1 -> 4
2019-09-12 06:00:07,089 [df009476-bbf0-43a2-af41-11b5052a445f@group-F6DBAA47753D-StateMachineUpdater] INFO  ratis.ContainerStateMachine (ContainerStateMachine.java:takeSnapshot(289)) - group-F6DBAA47753D: Taking a snapshot at:(t:1, i:4) file /workdir/hadoop-ozone/integration-test/target/test-dir/MiniOzoneClusterImpl-df7e887f-907b-44f9-9fab-c718128d2034/datanode-6/data/ratis/a9bcf8c8-3c1e-40a0-bdf8-f6dbaa47753d/sm/snapshot.1_4
2019-09-12 06:00:07,102 [df009476-bbf0-43a2-af41-11b5052a445f@group-F6DBAA47753D-StateMachineUpdater] INFO  ratis.ContainerStateMachine (ContainerStateMachine.java:takeSnapshot(300)) - group-F6DBAA47753D: Finished taking a snapshot at:(t:1, i:4) file:/workdir/hadoop-ozone/integration-test/target/test-dir/MiniOzoneClusterImpl-df7e887f-907b-44f9-9fab-c718128d2034/datanode-6/data/ratis/a9bcf8c8-3c1e-40a0-bdf8-f6dbaa47753d/sm/snapshot.1_4 time:12
2019-09-12 06:00:07,102 [df009476-bbf0-43a2-af41-11b5052a445f@group-F6DBAA47753D-StateMachineUpdater] INFO  impl.StateMachineUpdater (StateMachineUpdater.java:takeSnapshot(258)) - df009476-bbf0-43a2-af41-11b5052a445f@group-F6DBAA47753D-StateMachineUpdater: Took a snapshot at index 4
2019-09-12 06:00:07,102 [df009476-bbf0-43a2-af41-11b5052a445f@group-F6DBAA47753D-StateMachineUpdater] INFO  impl.StateMachineUpdater (StateMachineUpdater.java:lambda$new$0(83)) - df009476-bbf0-43a2-af41-11b5052a445f@group-F6DBAA47753D-StateMachineUpdater: snapshotIndex: updateIncreasingly 4 -> 4
2019-09-12 06:00:07,103 [grpc-default-executor-3] INFO  impl.RaftServerImpl (ServerState.java:close(385)) - df009476-bbf0-43a2-af41-11b5052a445f@group-F6DBAA47753D: closes. applyIndex: 6
2019-09-12 06:00:07,120 [df009476-bbf0-43a2-af41-11b5052a445f@group-F6DBAA47753D-SegmentedRaftLogWorker] ERROR ratis.XceiverServerRatis (XceiverServerRatis.java:triggerPipelineClose(568)) - pipeline Action CLOSE  on pipeline PipelineID=a9bcf8c8-3c1e-40a0-bdf8-f6dbaa47753d.Reason : WriteLog:8: (t:1, i:8), STATEMACHINELOGENTRY, client-6E3585A561A4, cid=17-writeStateMachineData interrupted.
2019-09-12 06:00:07,126 [EventQueue-PipelineActionsForPipelineActionHandler] ERROR pipeline.PipelineActionHandler (PipelineActionHandler.java:onMessage(60)) - Received pipeline action CLOSE for Pipeline[ Id: a9bcf8c8-3c1e-40a0-bdf8-f6dbaa47753d, Nodes: df009476-bbf0-43a2-af41-11b5052a445f{ip: 192.168.34.52, host: trunk-nightly-20190912-4gc2t-2068889165, networkLocation: /default-rack, certSerialId: null}8f5ab14e-21d2-479d-9d33-3cad9b590bd0{ip: 192.168.34.52, host: trunk-nightly-20190912-4gc2t-2068889165, networkLocation: /default-rack, certSerialId: null}1f61edb1-ab55-473c-8774-d83fa3b21acc{ip: 192.168.34.52, host: trunk-nightly-20190912-4gc2t-2068889165, networkLocation: /default-rack, certSerialId: null}, Type:RATIS, Factor:THREE, State:CLOSED] from datanode df009476-bbf0-43a2-af41-11b5052a445f{ip: 192.168.34.52, host: trunk-nightly-20190912-4gc2t-2068889165, networkLocation: /default-rack, certSerialId: null}. Reason : WriteLog:8: (t:1, i:8), STATEMACHINELOGENTRY, client-6E3585A561A4, cid=17-writeStateMachineData interrupted.
2019-09-12 06:00:07,126 [EventQueue-PipelineActionsForPipelineActionHandler] INFO  pipeline.SCMPipelineManager (SCMPipelineManager.java:finalizeAndDestroyPipeline(311)) - destroying pipeline:Pipeline[ Id: a9bcf8c8-3c1e-40a0-bdf8-f6dbaa47753d, Nodes: df009476-bbf0-43a2-af41-11b5052a445f{ip: 192.168.34.52, host: trunk-nightly-20190912-4gc2t-2068889165, networkLocation: /default-rack, certSerialId: null}8f5ab14e-21d2-479d-9d33-3cad9b590bd0{ip: 192.168.34.52, host: trunk-nightly-20190912-4gc2t-2068889165, networkLocation: /default-rack, certSerialId: null}1f61edb1-ab55-473c-8774-d83fa3b21acc{ip: 192.168.34.52, host: trunk-nightly-20190912-4gc2t-2068889165, networkLocation: /default-rack, certSerialId: null}, Type:RATIS, Factor:THREE, State:CLOSED]
2019-09-12 06:00:07,137 [grpc-default-executor-3] INFO  segmented.SegmentedRaftLogWorker (SegmentedRaftLogWorker.java:close(228)) - df009476-bbf0-43a2-af41-11b5052a445f@group-F6DBAA47753D-SegmentedRaftLogWorker close()
2019-09-12 06:00:07,159 [grpc-default-executor-3] INFO  interfaces.Container (KeyValueContainer.java:flushAndSyncDB(386)) - Container 1 is synced with bcsId 4.
2019-09-12 06:00:07,160 [grpc-default-executor-3] INFO  interfaces.Container (KeyValueContainer.java:flushAndSyncDB(386)) - Container 1 is synced with bcsId 4.
2019-09-12 06:00:07,177 [EventQueue-IncrementalContainerReportForIncrementalContainerReportHandler] INFO  container.IncrementalContainerReportHandler (AbstractContainerReportHandler.java:updateContainerState(169)) - Moving container #1 to QUASI_CLOSED state, datanode df009476-bbf0-43a2-af41-11b5052a445f{ip: 192.168.34.52, host: trunk-nightly-20190912-4gc2t-2068889165, networkLocation: /default-rack, certSerialId: null} reported QUASI_CLOSED replica.
2019-09-12 06:00:07,264 [grpc-default-executor-3] INFO  interfaces.Container (KeyValueContainer.java:flushAndSyncDB(386)) - Container 2 is synced with bcsId 0.
2019-09-12 06:00:07,265 [grpc-default-executor-3] INFO  interfaces.Container (KeyValueContainer.java:flushAndSyncDB(386)) - Container 2 is synced with bcsId 0.
2019-09-12 06:00:07,272 [EventQueue-IncrementalContainerReportForIncrementalContainerReportHandler] INFO  container.IncrementalContainerReportHandler (AbstractContainerReportHandler.java:updateContainerState(169)) - Moving container #2 to QUASI_CLOSED state, datanode df009476-bbf0-43a2-af41-11b5052a445f{ip: 192.168.34.52, host: trunk-nightly-20190912-4gc2t-2068889165, networkLocation: /default-rack, certSerialId: null} reported QUASI_CLOSED replica.
2019-09-12 06:00:07,286 [grpc-default-executor-1] INFO  impl.RaftServerProxy (RaftServerProxy.java:remove(95)) - 8f5ab14e-21d2-479d-9d33-3cad9b590bd0: remove    LEADER 8f5ab14e-21d2-479d-9d33-3cad9b590bd0@group-F6DBAA47753D:t1, leader=8f5ab14e-21d2-479d-9d33-3cad9b590bd0, voted=8f5ab14e-21d2-479d-9d33-3cad9b590bd0, raftlog=8f5ab14e-21d2-479d-9d33-3cad9b590bd0@group-F6DBAA47753D-SegmentedRaftLog:OPENED:c6,f6,i12, conf=0: [1f61edb1-ab55-473c-8774-d83fa3b21acc:192.168.34.52:34789, 8f5ab14e-21d2-479d-9d33-3cad9b590bd0:192.168.34.52:37331, df009476-bbf0-43a2-af41-11b5052a445f:192.168.34.52:35732], old=null RUNNING
2019-09-12 06:00:07,286 [grpc-default-executor-1] INFO  impl.RaftServerImpl (RaftServerImpl.java:lambda$shutdown$3(251)) - 8f5ab14e-21d2-479d-9d33-3cad9b590bd0@group-F6DBAA47753D: shutdown
2019-09-12 06:00:07,287 [grpc-default-executor-1] INFO  util.JmxRegister (JmxRegister.java:unregister(73)) - Successfully un-registered JMX Bean with object name Ratis:service=RaftServer,group=group-F6DBAA47753D,id=8f5ab14e-21d2-479d-9d33-3cad9b590bd0
2019-09-12 06:00:07,287 [grpc-default-executor-1] INFO  impl.RoleInfo (RoleInfo.java:shutdownLeaderState(104)) - 8f5ab14e-21d2-479d-9d33-3cad9b590bd0: shutdown LeaderState
2019-09-12 06:00:07,292 [grpc-default-executor-1] INFO  impl.PendingRequests (PendingRequests.java:sendNotLeaderResponses(202)) - 8f5ab14e-21d2-479d-9d33-3cad9b590bd0-PendingRequests: sendNotLeaderResponses
2019-09-12 06:00:07,292 [org.apache.ratis.server.impl.LogAppender$AppenderDaemon$$Lambda$547/1589537345@b7eed92] WARN  server.GrpcLogAppender (GrpcLogAppender.java:mayWait(143)) - 8f5ab14e-21d2-479d-9d33-3cad9b590bd0@group-F6DBAA47753D->1f61edb1-ab55-473c-8774-d83fa3b21acc-GrpcLogAppender: Wait interrupted by java.lang.InterruptedException
2019-09-12 06:00:07,292 [org.apache.ratis.server.impl.LogAppender$AppenderDaemon$$Lambda$547/1589537345@6f142bfd] WARN  server.GrpcLogAppender (GrpcLogAppender.java:mayWait(143)) - 8f5ab14e-21d2-479d-9d33-3cad9b590bd0@group-F6DBAA47753D->df009476-bbf0-43a2-af41-11b5052a445f-GrpcLogAppender: Wait interrupted by java.lang.InterruptedException
2019-09-12 06:00:07,294 [grpc-default-executor-3] INFO  server.GrpcServerProtocolService (GrpcServerProtocolService.java:onCompleted(113)) - df009476-bbf0-43a2-af41-11b5052a445f: Completed APPEND_ENTRIES, lastRequest: 8f5ab14e-21d2-479d-9d33-3cad9b590bd0->df009476-bbf0-43a2-af41-11b5052a445f#86-t1, previous=(t:1, i:12), leaderCommit=6, initializing? false, entries: <empty>
2019-09-12 06:00:07,294 [grpc-default-executor-4] INFO  server.GrpcServerProtocolService (GrpcServerProtocolService.java:onCompleted(113)) - 1f61edb1-ab55-473c-8774-d83fa3b21acc: Completed APPEND_ENTRIES, lastRequest: 8f5ab14e-21d2-479d-9d33-3cad9b590bd0->1f61edb1-ab55-473c-8774-d83fa3b21acc#86-t1, previous=(t:1, i:12), leaderCommit=6, initializing? false, entries: <empty>
2019-09-12 06:00:07,296 [grpc-default-executor-3] INFO  server.GrpcLogAppender (GrpcLogAppender.java:onCompleted(293)) - 8f5ab14e-21d2-479d-9d33-3cad9b590bd0@group-F6DBAA47753D->1f61edb1-ab55-473c-8774-d83fa3b21acc-AppendLogResponseHandler: follower responses appendEntries COMPLETED
2019-09-12 06:00:07,296 [grpc-default-executor-4] INFO  server.GrpcLogAppender (GrpcLogAppender.java:onCompleted(293)) - 8f5ab14e-21d2-479d-9d33-3cad9b590bd0@group-F6DBAA47753D->df009476-bbf0-43a2-af41-11b5052a445f-AppendLogResponseHandler: follower responses appendEntries COMPLETED
2019-09-12 06:00:07,298 [grpc-default-executor-3] INFO  impl.FollowerInfo (FollowerInfo.java:lambda$new$0(51)) - 8f5ab14e-21d2-479d-9d33-3cad9b590bd0@group-F6DBAA47753D->1f61edb1-ab55-473c-8774-d83fa3b21acc: nextIndex: updateUnconditionally 13 -> 7
2019-09-12 06:00:07,298 [grpc-default-executor-4] INFO  impl.FollowerInfo (FollowerInfo.java:lambda$new$0(51)) - 8f5ab14e-21d2-479d-9d33-3cad9b590bd0@group-F6DBAA47753D->df009476-bbf0-43a2-af41-11b5052a445f: nextIndex: updateUnconditionally 13 -> 7
2019-09-12 06:00:07,304 [grpc-default-executor-1] INFO  impl.StateMachineUpdater (StateMachineUpdater.java:stopAndJoin(125)) - 8f5ab14e-21d2-479d-9d33-3cad9b590bd0@group-F6DBAA47753D-StateMachineUpdater: set stopIndex = 6
2019-09-12 06:00:07,304 [8f5ab14e-21d2-479d-9d33-3cad9b590bd0@group-F6DBAA47753D-StateMachineUpdater] INFO  ratis.ContainerStateMachine (ContainerStateMachine.java:takeSnapshot(289)) - group-F6DBAA47753D: Taking a snapshot at:(t:1, i:6) file /workdir/hadoop-ozone/integration-test/target/test-dir/MiniOzoneClusterImpl-df7e887f-907b-44f9-9fab-c718128d2034/datanode-1/data/ratis/a9bcf8c8-3c1e-40a0-bdf8-f6dbaa47753d/sm/snapshot.1_6
2019-09-12 06:00:07,309 [8f5ab14e-21d2-479d-9d33-3cad9b590bd0@group-F6DBAA47753D-StateMachineUpdater] INFO  ratis.ContainerStateMachine (ContainerStateMachine.java:takeSnapshot(300)) - group-F6DBAA47753D: Finished taking a snapshot at:(t:1, i:6) file:/workdir/hadoop-ozone/integration-test/target/test-dir/MiniOzoneClusterImpl-df7e887f-907b-44f9-9fab-c718128d2034/datanode-1/data/ratis/a9bcf8c8-3c1e-40a0-bdf8-f6dbaa47753d/sm/snapshot.1_6 time:4
2019-09-12 06:00:07,309 [8f5ab14e-21d2-479d-9d33-3cad9b590bd0@group-F6DBAA47753D-StateMachineUpdater] INFO  impl.StateMachineUpdater (StateMachineUpdater.java:takeSnapshot(258)) - 8f5ab14e-21d2-479d-9d33-3cad9b590bd0@group-F6DBAA47753D-StateMachineUpdater: Took a snapshot at index 6
2019-09-12 06:00:07,309 [8f5ab14e-21d2-479d-9d33-3cad9b590bd0@group-F6DBAA47753D-StateMachineUpdater] INFO  impl.StateMachineUpdater (StateMachineUpdater.java:lambda$new$0(83)) - 8f5ab14e-21d2-479d-9d33-3cad9b590bd0@group-F6DBAA47753D-StateMachineUpdater: snapshotIndex: updateIncreasingly -1 -> 6
2019-09-12 06:00:07,309 [grpc-default-executor-1] INFO  impl.RaftServerImpl (ServerState.java:close(385)) - 8f5ab14e-21d2-479d-9d33-3cad9b590bd0@group-F6DBAA47753D: closes. applyIndex: 6
2019-09-12 06:00:07,309 [8f5ab14e-21d2-479d-9d33-3cad9b590bd0@group-F6DBAA47753D-SegmentedRaftLogWorker] ERROR ratis.XceiverServerRatis (XceiverServerRatis.java:triggerPipelineClose(568)) - pipeline Action CLOSE  on pipeline PipelineID=a9bcf8c8-3c1e-40a0-bdf8-f6dbaa47753d.Reason : WriteLog:8: (t:1, i:8), STATEMACHINELOGENTRY, client-6E3585A561A4, cid=17-writeStateMachineData interrupted.
2019-09-12 06:00:07,310 [Command processor thread] ERROR commandhandler.CloseContainerCommandHandler (CloseContainerCommandHandler.java:handle(125)) - Can't close container #2
java.io.IOException: org.apache.ratis.protocol.GroupMismatchException: 8f5ab14e-21d2-479d-9d33-3cad9b590bd0: group-F6DBAA47753D not found.
	at org.apache.hadoop.ozone.container.common.transport.server.ratis.XceiverServerRatis.submitRequest(XceiverServerRatis.java:495)
	at org.apache.hadoop.ozone.container.common.statemachine.commandhandler.CloseContainerCommandHandler.handle(CloseContainerCommandHandler.java:102)
	at org.apache.hadoop.ozone.container.common.statemachine.commandhandler.CommandDispatcher.handle(CommandDispatcher.java:99)
	at org.apache.hadoop.ozone.container.common.statemachine.DatanodeStateMachine.lambda$initCommandHandlerThread$1(DatanodeStateMachine.java:432)
	at java.lang.Thread.run(Thread.java:748)
Caused by: java.util.concurrent.ExecutionException: org.apache.ratis.protocol.GroupMismatchException: 8f5ab14e-21d2-479d-9d33-3cad9b590bd0: group-F6DBAA47753D not found.
	at java.util.concurrent.CompletableFuture.reportGet(CompletableFuture.java:357)
	at java.util.concurrent.CompletableFuture.get(CompletableFuture.java:1895)
	at org.apache.hadoop.ozone.container.common.transport.server.ratis.XceiverServerRatis.submitRequest(XceiverServerRatis.java:493)
	... 4 more
Caused by: org.apache.ratis.protocol.GroupMismatchException: 8f5ab14e-21d2-479d-9d33-3cad9b590bd0: group-F6DBAA47753D not found.
	at org.apache.ratis.server.impl.RaftServerProxy$ImplMap.get(RaftServerProxy.java:122)
	at org.apache.ratis.server.impl.RaftServerProxy.getImplFuture(RaftServerProxy.java:269)
	at org.apache.ratis.server.impl.RaftServerProxy.submitRequest(RaftServerProxy.java:327)
	at org.apache.ratis.server.impl.RaftServerProxy.submitClientRequestAsync(RaftServerProxy.java:333)
	... 5 more
2019-09-12 06:00:07,311 [EventQueue-PipelineActionsForPipelineActionHandler] ERROR pipeline.PipelineActionHandler (PipelineActionHandler.java:onMessage(60)) - Received pipeline action CLOSE for Pipeline[ Id: a9bcf8c8-3c1e-40a0-bdf8-f6dbaa47753d, Nodes: df009476-bbf0-43a2-af41-11b5052a445f{ip: 192.168.34.52, host: trunk-nightly-20190912-4gc2t-2068889165, networkLocation: /default-rack, certSerialId: null}8f5ab14e-21d2-479d-9d33-3cad9b590bd0{ip: 192.168.34.52, host: trunk-nightly-20190912-4gc2t-2068889165, networkLocation: /default-rack, certSerialId: null}1f61edb1-ab55-473c-8774-d83fa3b21acc{ip: 192.168.34.52, host: trunk-nightly-20190912-4gc2t-2068889165, networkLocation: /default-rack, certSerialId: null}, Type:RATIS, Factor:THREE, State:CLOSED] from datanode 8f5ab14e-21d2-479d-9d33-3cad9b590bd0{ip: 192.168.34.52, host: trunk-nightly-20190912-4gc2t-2068889165, networkLocation: /default-rack, certSerialId: null}. Reason : WriteLog:8: (t:1, i:8), STATEMACHINELOGENTRY, client-6E3585A561A4, cid=17-writeStateMachineData interrupted.
2019-09-12 06:00:07,311 [EventQueue-PipelineActionsForPipelineActionHandler] INFO  pipeline.SCMPipelineManager (SCMPipelineManager.java:finalizeAndDestroyPipeline(311)) - destroying pipeline:Pipeline[ Id: a9bcf8c8-3c1e-40a0-bdf8-f6dbaa47753d, Nodes: df009476-bbf0-43a2-af41-11b5052a445f{ip: 192.168.34.52, host: trunk-nightly-20190912-4gc2t-2068889165, networkLocation: /default-rack, certSerialId: null}8f5ab14e-21d2-479d-9d33-3cad9b590bd0{ip: 192.168.34.52, host: trunk-nightly-20190912-4gc2t-2068889165, networkLocation: /default-rack, certSerialId: null}1f61edb1-ab55-473c-8774-d83fa3b21acc{ip: 192.168.34.52, host: trunk-nightly-20190912-4gc2t-2068889165, networkLocation: /default-rack, certSerialId: null}, Type:RATIS, Factor:THREE, State:CLOSED]
2019-09-12 06:00:07,325 [grpc-default-executor-1] INFO  segmented.SegmentedRaftLogWorker (SegmentedRaftLogWorker.java:close(228)) - 8f5ab14e-21d2-479d-9d33-3cad9b590bd0@group-F6DBAA47753D-SegmentedRaftLogWorker close()
2019-09-12 06:00:07,341 [grpc-default-executor-1] INFO  interfaces.Container (KeyValueContainer.java:flushAndSyncDB(386)) - Container 1 is synced with bcsId 4.
2019-09-12 06:00:07,344 [grpc-default-executor-1] INFO  interfaces.Container (KeyValueContainer.java:flushAndSyncDB(386)) - Container 1 is synced with bcsId 4.
2019-09-12 06:00:07,428 [grpc-default-executor-1] INFO  interfaces.Container (KeyValueContainer.java:flushAndSyncDB(386)) - Container 2 is synced with bcsId 0.
2019-09-12 06:00:07,428 [grpc-default-executor-1] INFO  interfaces.Container (KeyValueContainer.java:flushAndSyncDB(386)) - Container 2 is synced with bcsId 0.
2019-09-12 06:00:07,454 [grpc-default-executor-1] INFO  impl.RaftServerProxy (RaftServerProxy.java:remove(95)) - 1f61edb1-ab55-473c-8774-d83fa3b21acc: remove  FOLLOWER 1f61edb1-ab55-473c-8774-d83fa3b21acc@group-F6DBAA47753D:t1, leader=8f5ab14e-21d2-479d-9d33-3cad9b590bd0, voted=1f61edb1-ab55-473c-8774-d83fa3b21acc, raftlog=1f61edb1-ab55-473c-8774-d83fa3b21acc@group-F6DBAA47753D-SegmentedRaftLog:OPENED:c6,f6,i12, conf=0: [1f61edb1-ab55-473c-8774-d83fa3b21acc:192.168.34.52:34789, 8f5ab14e-21d2-479d-9d33-3cad9b590bd0:192.168.34.52:37331, df009476-bbf0-43a2-af41-11b5052a445f:192.168.34.52:35732], old=null RUNNING
2019-09-12 06:00:07,454 [grpc-default-executor-1] INFO  impl.RaftServerImpl (RaftServerImpl.java:lambda$shutdown$3(251)) - 1f61edb1-ab55-473c-8774-d83fa3b21acc@group-F6DBAA47753D: shutdown
2019-09-12 06:00:07,454 [grpc-default-executor-1] INFO  util.JmxRegister (JmxRegister.java:unregister(73)) - Successfully un-registered JMX Bean with object name Ratis:service=RaftServer,group=group-F6DBAA47753D,id=1f61edb1-ab55-473c-8774-d83fa3b21acc
2019-09-12 06:00:07,455 [grpc-default-executor-1] INFO  impl.RoleInfo (RoleInfo.java:shutdownFollowerState(121)) - 1f61edb1-ab55-473c-8774-d83fa3b21acc: shutdown FollowerState
2019-09-12 06:00:07,455 [grpc-default-executor-1] INFO  impl.StateMachineUpdater (StateMachineUpdater.java:stopAndJoin(125)) - 1f61edb1-ab55-473c-8774-d83fa3b21acc@group-F6DBAA47753D-StateMachineUpdater: set stopIndex = 6
2019-09-12 06:00:07,455 [1f61edb1-ab55-473c-8774-d83fa3b21acc@group-F6DBAA47753D-StateMachineUpdater] INFO  ratis.ContainerStateMachine (ContainerStateMachine.java:takeSnapshot(289)) - group-F6DBAA47753D: Taking a snapshot at:(t:1, i:4) file /workdir/hadoop-ozone/integration-test/target/test-dir/MiniOzoneClusterImpl-df7e887f-907b-44f9-9fab-c718128d2034/datanode-3/data/ratis/a9bcf8c8-3c1e-40a0-bdf8-f6dbaa47753d/sm/snapshot.1_4
2019-09-12 06:00:07,455 [Thread-323] INFO  impl.FollowerState (FollowerState.java:run(115)) - 1f61edb1-ab55-473c-8774-d83fa3b21acc: FollowerState was interrupted: java.lang.InterruptedException: sleep interrupted
2019-09-12 06:00:07,469 [1f61edb1-ab55-473c-8774-d83fa3b21acc@group-F6DBAA47753D-StateMachineUpdater] INFO  ratis.ContainerStateMachine (ContainerStateMachine.java:takeSnapshot(300)) - group-F6DBAA47753D: Finished taking a snapshot at:(t:1, i:4) file:/workdir/hadoop-ozone/integration-test/target/test-dir/MiniOzoneClusterImpl-df7e887f-907b-44f9-9fab-c718128d2034/datanode-3/data/ratis/a9bcf8c8-3c1e-40a0-bdf8-f6dbaa47753d/sm/snapshot.1_4 time:14
2019-09-12 06:00:07,469 [1f61edb1-ab55-473c-8774-d83fa3b21acc@group-F6DBAA47753D-StateMachineUpdater] INFO  impl.StateMachineUpdater (StateMachineUpdater.java:takeSnapshot(258)) - 1f61edb1-ab55-473c-8774-d83fa3b21acc@group-F6DBAA47753D-StateMachineUpdater: Took a snapshot at index 4
2019-09-12 06:00:07,469 [1f61edb1-ab55-473c-8774-d83fa3b21acc@group-F6DBAA47753D-StateMachineUpdater] INFO  impl.StateMachineUpdater (StateMachineUpdater.java:lambda$new$0(83)) - 1f61edb1-ab55-473c-8774-d83fa3b21acc@group-F6DBAA47753D-StateMachineUpdater: snapshotIndex: updateIncreasingly -1 -> 4
2019-09-12 06:00:07,469 [1f61edb1-ab55-473c-8774-d83fa3b21acc@group-F6DBAA47753D-StateMachineUpdater] INFO  ratis.ContainerStateMachine (ContainerStateMachine.java:takeSnapshot(289)) - group-F6DBAA47753D: Taking a snapshot at:(t:1, i:4) file /workdir/hadoop-ozone/integration-test/target/test-dir/MiniOzoneClusterImpl-df7e887f-907b-44f9-9fab-c718128d2034/datanode-3/data/ratis/a9bcf8c8-3c1e-40a0-bdf8-f6dbaa47753d/sm/snapshot.1_4
2019-09-12 06:00:07,481 [1f61edb1-ab55-473c-8774-d83fa3b21acc@group-F6DBAA47753D-StateMachineUpdater] INFO  ratis.ContainerStateMachine (ContainerStateMachine.java:takeSnapshot(300)) - group-F6DBAA47753D: Finished taking a snapshot at:(t:1, i:4) file:/workdir/hadoop-ozone/integration-test/target/test-dir/MiniOzoneClusterImpl-df7e887f-907b-44f9-9fab-c718128d2034/datanode-3/data/ratis/a9bcf8c8-3c1e-40a0-bdf8-f6dbaa47753d/sm/snapshot.1_4 time:12
2019-09-12 06:00:07,481 [1f61edb1-ab55-473c-8774-d83fa3b21acc@group-F6DBAA47753D-StateMachineUpdater] INFO  impl.StateMachineUpdater (StateMachineUpdater.java:takeSnapshot(258)) - 1f61edb1-ab55-473c-8774-d83fa3b21acc@group-F6DBAA47753D-StateMachineUpdater: Took a snapshot at index 4
2019-09-12 06:00:07,481 [1f61edb1-ab55-473c-8774-d83fa3b21acc@group-F6DBAA47753D-StateMachineUpdater] INFO  impl.StateMachineUpdater (StateMachineUpdater.java:lambda$new$0(83)) - 1f61edb1-ab55-473c-8774-d83fa3b21acc@group-F6DBAA47753D-StateMachineUpdater: snapshotIndex: updateIncreasingly 4 -> 4
2019-09-12 06:00:07,481 [grpc-default-executor-1] INFO  impl.RaftServerImpl (ServerState.java:close(385)) - 1f61edb1-ab55-473c-8774-d83fa3b21acc@group-F6DBAA47753D: closes. applyIndex: 6
2019-09-12 06:00:07,482 [1f61edb1-ab55-473c-8774-d83fa3b21acc@group-F6DBAA47753D-SegmentedRaftLogWorker] ERROR ratis.XceiverServerRatis (XceiverServerRatis.java:triggerPipelineClose(568)) - pipeline Action CLOSE  on pipeline PipelineID=a9bcf8c8-3c1e-40a0-bdf8-f6dbaa47753d.Reason : WriteLog:7: (t:1, i:7), STATEMACHINELOGENTRY, client-6E3585A561A4, cid=16-writeStateMachineData interrupted.
2019-09-12 06:00:07,485 [grpc-default-executor-1] INFO  segmented.SegmentedRaftLogWorker (SegmentedRaftLogWorker.java:close(228)) - 1f61edb1-ab55-473c-8774-d83fa3b21acc@group-F6DBAA47753D-SegmentedRaftLogWorker close()
2019-09-12 06:00:07,487 [EventQueue-PipelineActionsForPipelineActionHandler] ERROR pipeline.PipelineActionHandler (PipelineActionHandler.java:onMessage(60)) - Received pipeline action CLOSE for Pipeline[ Id: a9bcf8c8-3c1e-40a0-bdf8-f6dbaa47753d, Nodes: df009476-bbf0-43a2-af41-11b5052a445f{ip: 192.168.34.52, host: trunk-nightly-20190912-4gc2t-2068889165, networkLocation: /default-rack, certSerialId: null}8f5ab14e-21d2-479d-9d33-3cad9b590bd0{ip: 192.168.34.52, host: trunk-nightly-20190912-4gc2t-2068889165, networkLocation: /default-rack, certSerialId: null}1f61edb1-ab55-473c-8774-d83fa3b21acc{ip: 192.168.34.52, host: trunk-nightly-20190912-4gc2t-2068889165, networkLocation: /default-rack, certSerialId: null}, Type:RATIS, Factor:THREE, State:CLOSED] from datanode 1f61edb1-ab55-473c-8774-d83fa3b21acc{ip: 192.168.34.52, host: trunk-nightly-20190912-4gc2t-2068889165, networkLocation: /default-rack, certSerialId: null}. Reason : WriteLog:7: (t:1, i:7), STATEMACHINELOGENTRY, client-6E3585A561A4, cid=16-writeStateMachineData interrupted.
2019-09-12 06:00:07,488 [EventQueue-PipelineActionsForPipelineActionHandler] INFO  pipeline.SCMPipelineManager (SCMPipelineManager.java:finalizeAndDestroyPipeline(311)) - destroying pipeline:Pipeline[ Id: a9bcf8c8-3c1e-40a0-bdf8-f6dbaa47753d, Nodes: df009476-bbf0-43a2-af41-11b5052a445f{ip: 192.168.34.52, host: trunk-nightly-20190912-4gc2t-2068889165, networkLocation: /default-rack, certSerialId: null}8f5ab14e-21d2-479d-9d33-3cad9b590bd0{ip: 192.168.34.52, host: trunk-nightly-20190912-4gc2t-2068889165, networkLocation: /default-rack, certSerialId: null}1f61edb1-ab55-473c-8774-d83fa3b21acc{ip: 192.168.34.52, host: trunk-nightly-20190912-4gc2t-2068889165, networkLocation: /default-rack, certSerialId: null}, Type:RATIS, Factor:THREE, State:CLOSED]
2019-09-12 06:00:07,498 [grpc-default-executor-1] INFO  interfaces.Container (KeyValueContainer.java:flushAndSyncDB(386)) - Container 1 is synced with bcsId 4.
2019-09-12 06:00:07,499 [grpc-default-executor-1] INFO  interfaces.Container (KeyValueContainer.java:flushAndSyncDB(386)) - Container 1 is synced with bcsId 4.
2019-09-12 06:00:07,592 [grpc-default-executor-1] INFO  interfaces.Container (KeyValueContainer.java:flushAndSyncDB(386)) - Container 2 is synced with bcsId 0.
2019-09-12 06:00:07,592 [grpc-default-executor-1] INFO  interfaces.Container (KeyValueContainer.java:flushAndSyncDB(386)) - Container 2 is synced with bcsId 0.
2019-09-12 06:00:07,611 [RatisPipelineUtilsThread] INFO  pipeline.PipelineStateManager (PipelineStateManager.java:removePipeline(108)) - Pipeline Pipeline[ Id: a9bcf8c8-3c1e-40a0-bdf8-f6dbaa47753d, Nodes: df009476-bbf0-43a2-af41-11b5052a445f{ip: 192.168.34.52, host: trunk-nightly-20190912-4gc2t-2068889165, networkLocation: /default-rack, certSerialId: null}8f5ab14e-21d2-479d-9d33-3cad9b590bd0{ip: 192.168.34.52, host: trunk-nightly-20190912-4gc2t-2068889165, networkLocation: /default-rack, certSerialId: null}1f61edb1-ab55-473c-8774-d83fa3b21acc{ip: 192.168.34.52, host: trunk-nightly-20190912-4gc2t-2068889165, networkLocation: /default-rack, certSerialId: null}, Type:RATIS, Factor:THREE, State:CLOSED] removed from db
2019-09-12 06:00:07,631 [grpc-default-executor-3] INFO  impl.RaftServerProxy (RaftServerProxy.java:addNew(89)) - 8f5ab14e-21d2-479d-9d33-3cad9b590bd0: addNew group-9B69FF6C6692:[1f61edb1-ab55-473c-8774-d83fa3b21acc:192.168.34.52:34789, 8f5ab14e-21d2-479d-9d33-3cad9b590bd0:192.168.34.52:37331, df009476-bbf0-43a2-af41-11b5052a445f:192.168.34.52:35732] returns group-9B69FF6C6692:java.util.concurrent.CompletableFuture@361e1c10[Not completed]
2019-09-12 06:00:07,631 [grpc-default-executor-1] INFO  impl.RaftServerProxy (RaftServerProxy.java:addNew(89)) - df009476-bbf0-43a2-af41-11b5052a445f: addNew group-9B69FF6C6692:[1f61edb1-ab55-473c-8774-d83fa3b21acc:192.168.34.52:34789, 8f5ab14e-21d2-479d-9d33-3cad9b590bd0:192.168.34.52:37331, df009476-bbf0-43a2-af41-11b5052a445f:192.168.34.52:35732] returns group-9B69FF6C6692:java.util.concurrent.CompletableFuture@99d3c28[Not completed]
2019-09-12 06:00:07,631 [grpc-default-executor-4] INFO  impl.RaftServerProxy (RaftServerProxy.java:addNew(89)) - 1f61edb1-ab55-473c-8774-d83fa3b21acc: addNew group-9B69FF6C6692:[1f61edb1-ab55-473c-8774-d83fa3b21acc:192.168.34.52:34789, 8f5ab14e-21d2-479d-9d33-3cad9b590bd0:192.168.34.52:37331, df009476-bbf0-43a2-af41-11b5052a445f:192.168.34.52:35732] returns group-9B69FF6C6692:java.util.concurrent.CompletableFuture@35c7c264[Not completed]
2019-09-12 06:00:07,634 [pool-87-thread-1] INFO  impl.RaftServerImpl (RaftServerImpl.java:<init>(95)) - df009476-bbf0-43a2-af41-11b5052a445f: new RaftServerImpl for group-9B69FF6C6692:[1f61edb1-ab55-473c-8774-d83fa3b21acc:192.168.34.52:34789, 8f5ab14e-21d2-479d-9d33-3cad9b590bd0:192.168.34.52:37331, df009476-bbf0-43a2-af41-11b5052a445f:192.168.34.52:35732] with ContainerStateMachine:uninitialized
2019-09-12 06:00:07,634 [pool-87-thread-1] INFO  server.RaftServerConfigKeys (ConfUtils.java:logGet(43)) - raft.server.rpc.timeout.min = 5s (custom)
2019-09-12 06:00:07,634 [pool-87-thread-1] INFO  server.RaftServerConfigKeys (ConfUtils.java:logGet(43)) - raft.server.rpc.timeout.max = 5200ms (custom)
2019-09-12 06:00:07,634 [pool-87-thread-1] INFO  server.RaftServerConfigKeys (ConfUtils.java:logGet(43)) - raft.server.rpcslowness.timeout = 120s (custom)
2019-09-12 06:00:07,634 [pool-87-thread-1] INFO  server.RaftServerConfigKeys (ConfUtils.java:logGet(43)) - raft.server.sleep.deviation.threshold = 300 (default)
2019-09-12 06:00:07,635 [pool-87-thread-1] INFO  server.RaftServerConfigKeys (ConfUtils.java:logGet(43)) - raft.server.log.appender.install.snapshot.enabled = false (custom)
2019-09-12 06:00:07,635 [pool-57-thread-1] INFO  impl.RaftServerImpl (RaftServerImpl.java:<init>(95)) - 1f61edb1-ab55-473c-8774-d83fa3b21acc: new RaftServerImpl for group-9B69FF6C6692:[1f61edb1-ab55-473c-8774-d83fa3b21acc:192.168.34.52:34789, 8f5ab14e-21d2-479d-9d33-3cad9b590bd0:192.168.34.52:37331, df009476-bbf0-43a2-af41-11b5052a445f:192.168.34.52:35732] with ContainerStateMachine:uninitialized
2019-09-12 06:00:07,635 [pool-87-thread-1] INFO  impl.RaftServerImpl (ServerState.java:<init>(103)) - df009476-bbf0-43a2-af41-11b5052a445f@group-9B69FF6C6692: ConfigurationManager, init=-1: [1f61edb1-ab55-473c-8774-d83fa3b21acc:192.168.34.52:34789, 8f5ab14e-21d2-479d-9d33-3cad9b590bd0:192.168.34.52:37331, df009476-bbf0-43a2-af41-11b5052a445f:192.168.34.52:35732], old=null, confs=<EMPTY_MAP>
2019-09-12 06:00:07,635 [pool-57-thread-1] INFO  server.RaftServerConfigKeys (ConfUtils.java:logGet(43)) - raft.server.rpc.timeout.min = 5s (custom)
2019-09-12 06:00:07,635 [pool-57-thread-1] INFO  server.RaftServerConfigKeys (ConfUtils.java:logGet(43)) - raft.server.rpc.timeout.max = 5200ms (custom)
2019-09-12 06:00:07,635 [pool-87-thread-1] INFO  server.RaftServerConfigKeys (ConfUtils.java:logGet(43)) - raft.server.storage.dir = [/workdir/hadoop-ozone/integration-test/target/test-dir/MiniOzoneClusterImpl-df7e887f-907b-44f9-9fab-c718128d2034/datanode-6/data/ratis] (custom)
2019-09-12 06:00:07,635 [pool-57-thread-1] INFO  server.RaftServerConfigKeys (ConfUtils.java:logGet(43)) - raft.server.rpcslowness.timeout = 120s (custom)
2019-09-12 06:00:07,635 [pool-37-thread-1] INFO  impl.RaftServerImpl (RaftServerImpl.java:<init>(95)) - 8f5ab14e-21d2-479d-9d33-3cad9b590bd0: new RaftServerImpl for group-9B69FF6C6692:[1f61edb1-ab55-473c-8774-d83fa3b21acc:192.168.34.52:34789, 8f5ab14e-21d2-479d-9d33-3cad9b590bd0:192.168.34.52:37331, df009476-bbf0-43a2-af41-11b5052a445f:192.168.34.52:35732] with ContainerStateMachine:uninitialized
2019-09-12 06:00:07,636 [pool-57-thread-1] INFO  server.RaftServerConfigKeys (ConfUtils.java:logGet(43)) - raft.server.sleep.deviation.threshold = 300 (default)
2019-09-12 06:00:07,636 [pool-37-thread-1] INFO  server.RaftServerConfigKeys (ConfUtils.java:logGet(43)) - raft.server.rpc.timeout.min = 5s (custom)
2019-09-12 06:00:07,636 [pool-87-thread-1] INFO  storage.RaftStorageDirectory (RaftStorageDirectory.java:analyzeStorage(246)) - The storage directory /workdir/hadoop-ozone/integration-test/target/test-dir/MiniOzoneClusterImpl-df7e887f-907b-44f9-9fab-c718128d2034/datanode-6/data/ratis/a1966d09-9fc6-4852-85fa-9b69ff6c6692 does not exist. Creating ...
2019-09-12 06:00:07,636 [pool-37-thread-1] INFO  server.RaftServerConfigKeys (ConfUtils.java:logGet(43)) - raft.server.rpc.timeout.max = 5200ms (custom)
2019-09-12 06:00:07,636 [pool-57-thread-1] INFO  server.RaftServerConfigKeys (ConfUtils.java:logGet(43)) - raft.server.log.appender.install.snapshot.enabled = false (custom)
2019-09-12 06:00:07,636 [pool-37-thread-1] INFO  server.RaftServerConfigKeys (ConfUtils.java:logGet(43)) - raft.server.rpcslowness.timeout = 120s (custom)
2019-09-12 06:00:07,636 [pool-57-thread-1] INFO  impl.RaftServerImpl (ServerState.java:<init>(103)) - 1f61edb1-ab55-473c-8774-d83fa3b21acc@group-9B69FF6C6692: ConfigurationManager, init=-1: [1f61edb1-ab55-473c-8774-d83fa3b21acc:192.168.34.52:34789, 8f5ab14e-21d2-479d-9d33-3cad9b590bd0:192.168.34.52:37331, df009476-bbf0-43a2-af41-11b5052a445f:192.168.34.52:35732], old=null, confs=<EMPTY_MAP>
2019-09-12 06:00:07,636 [pool-37-thread-1] INFO  server.RaftServerConfigKeys (ConfUtils.java:logGet(43)) - raft.server.sleep.deviation.threshold = 300 (default)
2019-09-12 06:00:07,637 [pool-57-thread-1] INFO  server.RaftServerConfigKeys (ConfUtils.java:logGet(43)) - raft.server.storage.dir = [/workdir/hadoop-ozone/integration-test/target/test-dir/MiniOzoneClusterImpl-df7e887f-907b-44f9-9fab-c718128d2034/datanode-3/data/ratis] (custom)
2019-09-12 06:00:07,637 [pool-37-thread-1] INFO  server.RaftServerConfigKeys (ConfUtils.java:logGet(43)) - raft.server.log.appender.install.snapshot.enabled = false (custom)
2019-09-12 06:00:07,637 [pool-37-thread-1] INFO  impl.RaftServerImpl (ServerState.java:<init>(103)) - 8f5ab14e-21d2-479d-9d33-3cad9b590bd0@group-9B69FF6C6692: ConfigurationManager, init=-1: [1f61edb1-ab55-473c-8774-d83fa3b21acc:192.168.34.52:34789, 8f5ab14e-21d2-479d-9d33-3cad9b590bd0:192.168.34.52:37331, df009476-bbf0-43a2-af41-11b5052a445f:192.168.34.52:35732], old=null, confs=<EMPTY_MAP>
2019-09-12 06:00:07,637 [pool-57-thread-1] INFO  storage.RaftStorageDirectory (RaftStorageDirectory.java:analyzeStorage(246)) - The storage directory /workdir/hadoop-ozone/integration-test/target/test-dir/MiniOzoneClusterImpl-df7e887f-907b-44f9-9fab-c718128d2034/datanode-3/data/ratis/a1966d09-9fc6-4852-85fa-9b69ff6c6692 does not exist. Creating ...
2019-09-12 06:00:07,637 [pool-37-thread-1] INFO  server.RaftServerConfigKeys (ConfUtils.java:logGet(43)) - raft.server.storage.dir = [/workdir/hadoop-ozone/integration-test/target/test-dir/MiniOzoneClusterImpl-df7e887f-907b-44f9-9fab-c718128d2034/datanode-1/data/ratis] (custom)
2019-09-12 06:00:07,638 [pool-37-thread-1] INFO  storage.RaftStorageDirectory (RaftStorageDirectory.java:analyzeStorage(246)) - The storage directory /workdir/hadoop-ozone/integration-test/target/test-dir/MiniOzoneClusterImpl-df7e887f-907b-44f9-9fab-c718128d2034/datanode-1/data/ratis/a1966d09-9fc6-4852-85fa-9b69ff6c6692 does not exist. Creating ...
2019-09-12 06:00:07,663 [pool-57-thread-1] INFO  storage.RaftStorageDirectory (RaftStorageDirectory.java:tryLock(328)) - Lock on /workdir/hadoop-ozone/integration-test/target/test-dir/MiniOzoneClusterImpl-df7e887f-907b-44f9-9fab-c718128d2034/datanode-3/data/ratis/a1966d09-9fc6-4852-85fa-9b69ff6c6692/in_use.lock acquired by nodename 9960@trunk-nightly-20190912-4gc2t-2068889165
2019-09-12 06:00:07,663 [pool-37-thread-1] INFO  storage.RaftStorageDirectory (RaftStorageDirectory.java:tryLock(328)) - Lock on /workdir/hadoop-ozone/integration-test/target/test-dir/MiniOzoneClusterImpl-df7e887f-907b-44f9-9fab-c718128d2034/datanode-1/data/ratis/a1966d09-9fc6-4852-85fa-9b69ff6c6692/in_use.lock acquired by nodename 9960@trunk-nightly-20190912-4gc2t-2068889165
2019-09-12 06:00:07,663 [pool-87-thread-1] INFO  storage.RaftStorageDirectory (RaftStorageDirectory.java:tryLock(328)) - Lock on /workdir/hadoop-ozone/integration-test/target/test-dir/MiniOzoneClusterImpl-df7e887f-907b-44f9-9fab-c718128d2034/datanode-6/data/ratis/a1966d09-9fc6-4852-85fa-9b69ff6c6692/in_use.lock acquired by nodename 9960@trunk-nightly-20190912-4gc2t-2068889165
2019-09-12 06:00:07,688 [pool-87-thread-1] INFO  storage.RaftStorage (RaftStorage.java:format(72)) - Storage directory /workdir/hadoop-ozone/integration-test/target/test-dir/MiniOzoneClusterImpl-df7e887f-907b-44f9-9fab-c718128d2034/datanode-6/data/ratis/a1966d09-9fc6-4852-85fa-9b69ff6c6692 has been successfully formatted.
2019-09-12 06:00:07,688 [pool-57-thread-1] INFO  storage.RaftStorage (RaftStorage.java:format(72)) - Storage directory /workdir/hadoop-ozone/integration-test/target/test-dir/MiniOzoneClusterImpl-df7e887f-907b-44f9-9fab-c718128d2034/datanode-3/data/ratis/a1966d09-9fc6-4852-85fa-9b69ff6c6692 has been successfully formatted.
2019-09-12 06:00:07,688 [pool-37-thread-1] INFO  storage.RaftStorage (RaftStorage.java:format(72)) - Storage directory /workdir/hadoop-ozone/integration-test/target/test-dir/MiniOzoneClusterImpl-df7e887f-907b-44f9-9fab-c718128d2034/datanode-1/data/ratis/a1966d09-9fc6-4852-85fa-9b69ff6c6692 has been successfully formatted.
2019-09-12 06:00:07,689 [pool-57-thread-1] INFO  ratis.ContainerStateMachine (ContainerStateMachine.java:loadSnapshot(230)) - group-9B69FF6C6692: The snapshot info is null. Setting the last applied indexto:(t:0, i:~)
2019-09-12 06:00:07,689 [pool-37-thread-1] INFO  ratis.ContainerStateMachine (ContainerStateMachine.java:loadSnapshot(230)) - group-9B69FF6C6692: The snapshot info is null. Setting the last applied indexto:(t:0, i:~)
2019-09-12 06:00:07,689 [pool-87-thread-1] INFO  ratis.ContainerStateMachine (ContainerStateMachine.java:loadSnapshot(230)) - group-9B69FF6C6692: The snapshot info is null. Setting the last applied indexto:(t:0, i:~)
2019-09-12 06:00:07,689 [pool-37-thread-1] INFO  server.RaftServerConfigKeys (ConfUtils.java:logGet(43)) - raft.server.notification.no-leader.timeout = 120s (custom)
2019-09-12 06:00:07,689 [pool-57-thread-1] INFO  server.RaftServerConfigKeys (ConfUtils.java:logGet(43)) - raft.server.notification.no-leader.timeout = 120s (custom)
2019-09-12 06:00:07,689 [pool-37-thread-1] INFO  server.RaftServerConfigKeys (ConfUtils.java:logGet(43)) - raft.server.log.use.memory = false (default)
2019-09-12 06:00:07,689 [pool-87-thread-1] INFO  server.RaftServerConfigKeys (ConfUtils.java:logGet(43)) - raft.server.notification.no-leader.timeout = 120s (custom)
2019-09-12 06:00:07,690 [pool-37-thread-1] INFO  server.RaftServerConfigKeys (ConfUtils.java:logGet(43)) - raft.server.log.purge.gap = 1000000 (custom)
2019-09-12 06:00:07,690 [pool-57-thread-1] INFO  server.RaftServerConfigKeys (ConfUtils.java:logGet(43)) - raft.server.log.use.memory = false (default)
2019-09-12 06:00:07,690 [pool-37-thread-1] INFO  server.RaftServerConfigKeys (ConfUtils.java:logGet(43)) - raft.server.log.appender.buffer.byte-limit = 33554432 (custom)
2019-09-12 06:00:07,690 [pool-87-thread-1] INFO  server.RaftServerConfigKeys (ConfUtils.java:logGet(43)) - raft.server.log.use.memory = false (default)
2019-09-12 06:00:07,690 [pool-37-thread-1] INFO  server.RaftServerConfigKeys (ConfUtils.java:logGet(43)) - raft.server.log.segment.size.max = 1048576 (custom)
2019-09-12 06:00:07,690 [pool-57-thread-1] INFO  server.RaftServerConfigKeys (ConfUtils.java:logGet(43)) - raft.server.log.purge.gap = 1000000 (custom)
2019-09-12 06:00:07,691 [pool-37-thread-1] INFO  server.RaftServerConfigKeys (ConfUtils.java:logGet(43)) - raft.server.log.segment.cache.num.max = 2 (custom)
2019-09-12 06:00:07,691 [pool-87-thread-1] INFO  server.RaftServerConfigKeys (ConfUtils.java:logGet(43)) - raft.server.log.purge.gap = 1000000 (custom)
2019-09-12 06:00:07,691 [pool-37-thread-1] INFO  segmented.SegmentedRaftLogWorker (SegmentedRaftLogWorker.java:<init>(172)) - new 8f5ab14e-21d2-479d-9d33-3cad9b590bd0@group-9B69FF6C6692-SegmentedRaftLogWorker for RaftStorage:Storage Directory /workdir/hadoop-ozone/integration-test/target/test-dir/MiniOzoneClusterImpl-df7e887f-907b-44f9-9fab-c718128d2034/datanode-1/data/ratis/a1966d09-9fc6-4852-85fa-9b69ff6c6692
2019-09-12 06:00:07,691 [pool-57-thread-1] INFO  server.RaftServerConfigKeys (ConfUtils.java:logGet(43)) - raft.server.log.appender.buffer.byte-limit = 33554432 (custom)
2019-09-12 06:00:07,691 [pool-37-thread-1] INFO  server.RaftServerConfigKeys (ConfUtils.java:logGet(43)) - raft.server.log.queue.byte-limit = 2147483647 (custom)
2019-09-12 06:00:07,691 [pool-87-thread-1] INFO  server.RaftServerConfigKeys (ConfUtils.java:logGet(43)) - raft.server.log.appender.buffer.byte-limit = 33554432 (custom)
2019-09-12 06:00:07,692 [pool-37-thread-1] INFO  server.RaftServerConfigKeys (ConfUtils.java:logGet(43)) - raft.server.log.queue.element-limit = 1024 (custom)
2019-09-12 06:00:07,691 [pool-57-thread-1] INFO  server.RaftServerConfigKeys (ConfUtils.java:logGet(43)) - raft.server.log.segment.size.max = 1048576 (custom)
2019-09-12 06:00:07,692 [pool-37-thread-1] INFO  server.RaftServerConfigKeys (ConfUtils.java:logGet(43)) - raft.server.log.segment.size.max = 1048576 (custom)
2019-09-12 06:00:07,692 [pool-87-thread-1] INFO  server.RaftServerConfigKeys (ConfUtils.java:logGet(43)) - raft.server.log.segment.size.max = 1048576 (custom)
2019-09-12 06:00:07,692 [pool-37-thread-1] INFO  server.RaftServerConfigKeys (ConfUtils.java:logGet(43)) - raft.server.log.preallocated.size = 16384 (custom)
2019-09-12 06:00:07,692 [pool-57-thread-1] INFO  server.RaftServerConfigKeys (ConfUtils.java:logGet(43)) - raft.server.log.segment.cache.num.max = 2 (custom)
2019-09-12 06:00:07,692 [pool-37-thread-1] INFO  server.RaftServerConfigKeys (ConfUtils.java:logGet(43)) - raft.server.log.write.buffer.size = 33554432 (custom)
2019-09-12 06:00:07,692 [pool-87-thread-1] INFO  server.RaftServerConfigKeys (ConfUtils.java:logGet(43)) - raft.server.log.segment.cache.num.max = 2 (custom)
2019-09-12 06:00:07,693 [pool-37-thread-1] INFO  server.RaftServerConfigKeys (ConfUtils.java:logGet(43)) - raft.server.log.force.sync.num = 128 (default)
2019-09-12 06:00:07,693 [pool-57-thread-1] INFO  segmented.SegmentedRaftLogWorker (SegmentedRaftLogWorker.java:<init>(172)) - new 1f61edb1-ab55-473c-8774-d83fa3b21acc@group-9B69FF6C6692-SegmentedRaftLogWorker for RaftStorage:Storage Directory /workdir/hadoop-ozone/integration-test/target/test-dir/MiniOzoneClusterImpl-df7e887f-907b-44f9-9fab-c718128d2034/datanode-3/data/ratis/a1966d09-9fc6-4852-85fa-9b69ff6c6692
2019-09-12 06:00:07,693 [pool-37-thread-1] INFO  server.RaftServerConfigKeys (ConfUtils.java:logGet(43)) - raft.server.log.statemachine.data.sync = true (default)
2019-09-12 06:00:07,693 [pool-87-thread-1] INFO  segmented.SegmentedRaftLogWorker (SegmentedRaftLogWorker.java:<init>(172)) - new df009476-bbf0-43a2-af41-11b5052a445f@group-9B69FF6C6692-SegmentedRaftLogWorker for RaftStorage:Storage Directory /workdir/hadoop-ozone/integration-test/target/test-dir/MiniOzoneClusterImpl-df7e887f-907b-44f9-9fab-c718128d2034/datanode-6/data/ratis/a1966d09-9fc6-4852-85fa-9b69ff6c6692
2019-09-12 06:00:07,693 [pool-37-thread-1] INFO  server.RaftServerConfigKeys (ConfUtils.java:logGet(43)) - raft.server.log.statemachine.data.sync.timeout = 10s (default)
2019-09-12 06:00:07,693 [pool-57-thread-1] INFO  server.RaftServerConfigKeys (ConfUtils.java:logGet(43)) - raft.server.log.queue.byte-limit = 2147483647 (custom)
2019-09-12 06:00:07,694 [pool-37-thread-1] INFO  server.RaftServerConfigKeys (ConfUtils.java:logGet(43)) - raft.server.log.statemachine.data.sync.timeout.retry = -1 (default)
2019-09-12 06:00:07,694 [pool-87-thread-1] INFO  server.RaftServerConfigKeys (ConfUtils.java:logGet(43)) - raft.server.log.queue.byte-limit = 2147483647 (custom)
2019-09-12 06:00:07,694 [pool-37-thread-1] INFO  server.RaftServerConfigKeys (ConfUtils.java:logGet(43)) - raft.server.log.statemachine.data.caching.enabled = true (custom)
2019-09-12 06:00:07,694 [pool-57-thread-1] INFO  server.RaftServerConfigKeys (ConfUtils.java:logGet(43)) - raft.server.log.queue.element-limit = 1024 (custom)
2019-09-12 06:00:07,694 [pool-87-thread-1] INFO  server.RaftServerConfigKeys (ConfUtils.java:logGet(43)) - raft.server.log.queue.element-limit = 1024 (custom)
2019-09-12 06:00:07,694 [pool-37-thread-1] INFO  segmented.SegmentedRaftLogWorker (SegmentedRaftLogWorker.java:lambda$new$0(132)) - 8f5ab14e-21d2-479d-9d33-3cad9b590bd0@group-9B69FF6C6692-SegmentedRaftLogWorker: flushIndex: setUnconditionally 0 -> -1
2019-09-12 06:00:07,694 [pool-57-thread-1] INFO  server.RaftServerConfigKeys (ConfUtils.java:logGet(43)) - raft.server.log.segment.size.max = 1048576 (custom)
2019-09-12 06:00:07,695 [pool-87-thread-1] INFO  server.RaftServerConfigKeys (ConfUtils.java:logGet(43)) - raft.server.log.segment.size.max = 1048576 (custom)
2019-09-12 06:00:07,695 [pool-37-thread-1] INFO  server.RaftServerConfigKeys (ConfUtils.java:logGet(43)) - raft.server.snapshot.auto.trigger.enabled = true (custom)
2019-09-12 06:00:07,695 [pool-57-thread-1] INFO  server.RaftServerConfigKeys (ConfUtils.java:logGet(43)) - raft.server.log.preallocated.size = 16384 (custom)
2019-09-12 06:00:07,695 [pool-37-thread-1] INFO  server.RaftServerConfigKeys (ConfUtils.java:logGet(43)) - raft.server.snapshot.auto.trigger.threshold = 10000 (custom)
2019-09-12 06:00:07,695 [pool-87-thread-1] INFO  server.RaftServerConfigKeys (ConfUtils.java:logGet(43)) - raft.server.log.preallocated.size = 16384 (custom)
2019-09-12 06:00:07,696 [pool-37-thread-1] INFO  server.RaftServerConfigKeys (ConfUtils.java:logGet(43)) - raft.server.snapshot.retention.num.files = -1 (default)
2019-09-12 06:00:07,695 [pool-57-thread-1] INFO  server.RaftServerConfigKeys (ConfUtils.java:logGet(43)) - raft.server.log.write.buffer.size = 33554432 (custom)
2019-09-12 06:00:07,696 [pool-37-thread-1] INFO  server.RaftServerConfigKeys (ConfUtils.java:logGet(43)) - raft.server.retrycache.expirytime = 600000ms (custom)
2019-09-12 06:00:07,696 [pool-87-thread-1] INFO  server.RaftServerConfigKeys (ConfUtils.java:logGet(43)) - raft.server.log.write.buffer.size = 33554432 (custom)
2019-09-12 06:00:07,696 [pool-57-thread-1] INFO  server.RaftServerConfigKeys (ConfUtils.java:logGet(43)) - raft.server.log.force.sync.num = 128 (default)
2019-09-12 06:00:07,696 [pool-87-thread-1] INFO  server.RaftServerConfigKeys (ConfUtils.java:logGet(43)) - raft.server.log.force.sync.num = 128 (default)
2019-09-12 06:00:07,697 [pool-57-thread-1] INFO  server.RaftServerConfigKeys (ConfUtils.java:logGet(43)) - raft.server.log.statemachine.data.sync = true (default)
2019-09-12 06:00:07,697 [pool-87-thread-1] INFO  server.RaftServerConfigKeys (ConfUtils.java:logGet(43)) - raft.server.log.statemachine.data.sync = true (default)
2019-09-12 06:00:07,697 [pool-57-thread-1] INFO  server.RaftServerConfigKeys (ConfUtils.java:logGet(43)) - raft.server.log.statemachine.data.sync.timeout = 10s (default)
2019-09-12 06:00:07,697 [pool-87-thread-1] INFO  server.RaftServerConfigKeys (ConfUtils.java:logGet(43)) - raft.server.log.statemachine.data.sync.timeout = 10s (default)
2019-09-12 06:00:07,697 [pool-57-thread-1] INFO  server.RaftServerConfigKeys (ConfUtils.java:logGet(43)) - raft.server.log.statemachine.data.sync.timeout.retry = -1 (default)
2019-09-12 06:00:07,697 [pool-87-thread-1] INFO  server.RaftServerConfigKeys (ConfUtils.java:logGet(43)) - raft.server.log.statemachine.data.sync.timeout.retry = -1 (default)
2019-09-12 06:00:07,698 [pool-57-thread-1] INFO  server.RaftServerConfigKeys (ConfUtils.java:logGet(43)) - raft.server.log.statemachine.data.caching.enabled = true (custom)
2019-09-12 06:00:07,698 [pool-87-thread-1] INFO  server.RaftServerConfigKeys (ConfUtils.java:logGet(43)) - raft.server.log.statemachine.data.caching.enabled = true (custom)
2019-09-12 06:00:07,698 [pool-57-thread-1] INFO  segmented.SegmentedRaftLogWorker (SegmentedRaftLogWorker.java:lambda$new$0(132)) - 1f61edb1-ab55-473c-8774-d83fa3b21acc@group-9B69FF6C6692-SegmentedRaftLogWorker: flushIndex: setUnconditionally 0 -> -1
2019-09-12 06:00:07,698 [pool-87-thread-1] INFO  segmented.SegmentedRaftLogWorker (SegmentedRaftLogWorker.java:lambda$new$0(132)) - df009476-bbf0-43a2-af41-11b5052a445f@group-9B69FF6C6692-SegmentedRaftLogWorker: flushIndex: setUnconditionally 0 -> -1
2019-09-12 06:00:07,698 [pool-57-thread-1] INFO  server.RaftServerConfigKeys (ConfUtils.java:logGet(43)) - raft.server.snapshot.auto.trigger.enabled = true (custom)
2019-09-12 06:00:07,699 [pool-87-thread-1] INFO  server.RaftServerConfigKeys (ConfUtils.java:logGet(43)) - raft.server.snapshot.auto.trigger.enabled = true (custom)
2019-09-12 06:00:07,699 [pool-57-thread-1] INFO  server.RaftServerConfigKeys (ConfUtils.java:logGet(43)) - raft.server.snapshot.auto.trigger.threshold = 10000 (custom)
2019-09-12 06:00:07,699 [pool-87-thread-1] INFO  server.RaftServerConfigKeys (ConfUtils.java:logGet(43)) - raft.server.snapshot.auto.trigger.threshold = 10000 (custom)
2019-09-12 06:00:07,699 [pool-57-thread-1] INFO  server.RaftServerConfigKeys (ConfUtils.java:logGet(43)) - raft.server.snapshot.retention.num.files = -1 (default)
2019-09-12 06:00:07,699 [pool-87-thread-1] INFO  server.RaftServerConfigKeys (ConfUtils.java:logGet(43)) - raft.server.snapshot.retention.num.files = -1 (default)
2019-09-12 06:00:07,699 [pool-57-thread-1] INFO  server.RaftServerConfigKeys (ConfUtils.java:logGet(43)) - raft.server.retrycache.expirytime = 600000ms (custom)
2019-09-12 06:00:07,699 [pool-87-thread-1] INFO  server.RaftServerConfigKeys (ConfUtils.java:logGet(43)) - raft.server.retrycache.expirytime = 600000ms (custom)
2019-09-12 06:00:07,699 [pool-37-thread-1] INFO  impl.RaftServerImpl (RaftServerImpl.java:start(185)) - 8f5ab14e-21d2-479d-9d33-3cad9b590bd0@group-9B69FF6C6692: start as a follower, conf=-1: [1f61edb1-ab55-473c-8774-d83fa3b21acc:192.168.34.52:34789, 8f5ab14e-21d2-479d-9d33-3cad9b590bd0:192.168.34.52:37331, df009476-bbf0-43a2-af41-11b5052a445f:192.168.34.52:35732], old=null
2019-09-12 06:00:07,700 [pool-37-thread-1] INFO  impl.RaftServerImpl (RaftServerImpl.java:setRole(174)) - 8f5ab14e-21d2-479d-9d33-3cad9b590bd0@group-9B69FF6C6692: changes role from      null to FOLLOWER at term 0 for startAsFollower
2019-09-12 06:00:07,700 [pool-37-thread-1] INFO  impl.RoleInfo (RoleInfo.java:updateAndGet(143)) - 8f5ab14e-21d2-479d-9d33-3cad9b590bd0: start FollowerState
2019-09-12 06:00:07,701 [pool-37-thread-1] INFO  util.JmxRegister (JmxRegister.java:tryRegister(44)) - Successfully registered JMX Bean with object name Ratis:service=RaftServer,group=group-9B69FF6C6692,id=8f5ab14e-21d2-479d-9d33-3cad9b590bd0
2019-09-12 06:00:07,705 [pool-57-thread-1] INFO  impl.RaftServerImpl (RaftServerImpl.java:start(185)) - 1f61edb1-ab55-473c-8774-d83fa3b21acc@group-9B69FF6C6692: start as a follower, conf=-1: [1f61edb1-ab55-473c-8774-d83fa3b21acc:192.168.34.52:34789, 8f5ab14e-21d2-479d-9d33-3cad9b590bd0:192.168.34.52:37331, df009476-bbf0-43a2-af41-11b5052a445f:192.168.34.52:35732], old=null
2019-09-12 06:00:07,706 [pool-57-thread-1] INFO  impl.RaftServerImpl (RaftServerImpl.java:setRole(174)) - 1f61edb1-ab55-473c-8774-d83fa3b21acc@group-9B69FF6C6692: changes role from      null to FOLLOWER at term 0 for startAsFollower
2019-09-12 06:00:07,706 [pool-87-thread-1] INFO  impl.RaftServerImpl (RaftServerImpl.java:start(185)) - df009476-bbf0-43a2-af41-11b5052a445f@group-9B69FF6C6692: start as a follower, conf=-1: [1f61edb1-ab55-473c-8774-d83fa3b21acc:192.168.34.52:34789, 8f5ab14e-21d2-479d-9d33-3cad9b590bd0:192.168.34.52:37331, df009476-bbf0-43a2-af41-11b5052a445f:192.168.34.52:35732], old=null
2019-09-12 06:00:07,706 [pool-57-thread-1] INFO  impl.RoleInfo (RoleInfo.java:updateAndGet(143)) - 1f61edb1-ab55-473c-8774-d83fa3b21acc: start FollowerState
2019-09-12 06:00:07,706 [pool-87-thread-1] INFO  impl.RaftServerImpl (RaftServerImpl.java:setRole(174)) - df009476-bbf0-43a2-af41-11b5052a445f@group-9B69FF6C6692: changes role from      null to FOLLOWER at term 0 for startAsFollower
2019-09-12 06:00:07,706 [pool-87-thread-1] INFO  impl.RoleInfo (RoleInfo.java:updateAndGet(143)) - df009476-bbf0-43a2-af41-11b5052a445f: start FollowerState
2019-09-12 06:00:07,707 [pool-57-thread-1] INFO  util.JmxRegister (JmxRegister.java:tryRegister(44)) - Successfully registered JMX Bean with object name Ratis:service=RaftServer,group=group-9B69FF6C6692,id=1f61edb1-ab55-473c-8774-d83fa3b21acc
2019-09-12 06:00:07,707 [pool-87-thread-1] INFO  util.JmxRegister (JmxRegister.java:tryRegister(44)) - Successfully registered JMX Bean with object name Ratis:service=RaftServer,group=group-9B69FF6C6692,id=df009476-bbf0-43a2-af41-11b5052a445f
2019-09-12 06:00:07,714 [RatisPipelineUtilsThread] INFO  pipeline.PipelineStateManager (PipelineStateManager.java:addPipeline(56)) - Created pipeline Pipeline[ Id: a1966d09-9fc6-4852-85fa-9b69ff6c6692, Nodes: df009476-bbf0-43a2-af41-11b5052a445f{ip: 192.168.34.52, host: trunk-nightly-20190912-4gc2t-2068889165, networkLocation: /default-rack, certSerialId: null}8f5ab14e-21d2-479d-9d33-3cad9b590bd0{ip: 192.168.34.52, host: trunk-nightly-20190912-4gc2t-2068889165, networkLocation: /default-rack, certSerialId: null}1f61edb1-ab55-473c-8774-d83fa3b21acc{ip: 192.168.34.52, host: trunk-nightly-20190912-4gc2t-2068889165, networkLocation: /default-rack, certSerialId: null}, Type:RATIS, Factor:THREE, State:OPEN]
2019-09-12 06:00:07,998 [main] WARN  io.KeyOutputStream (KeyOutputStream.java:handleException(276)) - Encountered exception java.io.IOException: Unexpected Storage Container Exception: java.util.concurrent.CompletionException: java.util.concurrent.CompletionException: org.apache.ratis.protocol.GroupMismatchException: 1f61edb1-ab55-473c-8774-d83fa3b21acc: group-F6DBAA47753D not found. on the pipeline Pipeline[ Id: a9bcf8c8-3c1e-40a0-bdf8-f6dbaa47753d, Nodes: df009476-bbf0-43a2-af41-11b5052a445f{ip: 192.168.34.52, host: trunk-nightly-20190912-4gc2t-2068889165, networkLocation: /default-rack, certSerialId: null}8f5ab14e-21d2-479d-9d33-3cad9b590bd0{ip: 192.168.34.52, host: trunk-nightly-20190912-4gc2t-2068889165, networkLocation: /default-rack, certSerialId: null}1f61edb1-ab55-473c-8774-d83fa3b21acc{ip: 192.168.34.52, host: trunk-nightly-20190912-4gc2t-2068889165, networkLocation: /default-rack, certSerialId: null}, Type:RATIS, Factor:THREE, State:OPEN]. The last committed block length is 0, uncommitted data length is 250 retry count 0
2019-09-12 06:00:08,064 [grpc-default-executor-1] INFO  client.GrpcClientProtocolClient (GrpcClientProtocolClient.java:onNext(264)) - client-A49E3A1ED208->63029d58-985e-44b6-b8f1-28f19ea5ad76: receive RaftClientReply:client-A49E3A1ED208->63029d58-985e-44b6-b8f1-28f19ea5ad76@group-0077CE01DE48, cid=27, FAILED org.apache.ratis.protocol.NotLeaderException: Server 63029d58-985e-44b6-b8f1-28f19ea5ad76@group-0077CE01DE48 is not the leader 300524ac-6f40-4001-8852-e3bc017e7a2d:192.168.34.52:35783, logIndex=0, commits[63029d58-985e-44b6-b8f1-28f19ea5ad76:c0, 300524ac-6f40-4001-8852-e3bc017e7a2d:c0, e419d203-ae84-45b4-a349-326cccf7322d:c0]
2019-09-12 06:00:08,282 [grpc-default-executor-4] INFO  client.GrpcClientProtocolClient (GrpcClientProtocolClient.java:onNext(264)) - client-A49E3A1ED208->300524ac-6f40-4001-8852-e3bc017e7a2d: receive RaftClientReply:client-A49E3A1ED208->300524ac-6f40-4001-8852-e3bc017e7a2d@group-0077CE01DE48, cid=27, SUCCESS, logIndex=1, commits[300524ac-6f40-4001-8852-e3bc017e7a2d:c1, 63029d58-985e-44b6-b8f1-28f19ea5ad76:c0, e419d203-ae84-45b4-a349-326cccf7322d:c0]
2019-09-12 06:00:08,319 [grpc-default-executor-3] INFO  client.GrpcClientProtocolClient (GrpcClientProtocolClient.java:onNext(264)) - client-A49E3A1ED208->300524ac-6f40-4001-8852-e3bc017e7a2d: receive RaftClientReply:client-A49E3A1ED208->300524ac-6f40-4001-8852-e3bc017e7a2d@group-0077CE01DE48, cid=28, SUCCESS, logIndex=3, commits[300524ac-6f40-4001-8852-e3bc017e7a2d:c4, 63029d58-985e-44b6-b8f1-28f19ea5ad76:c1, e419d203-ae84-45b4-a349-326cccf7322d:c1]
2019-09-12 06:00:08,390 [grpc-default-executor-1] INFO  client.GrpcClientProtocolClient (GrpcClientProtocolClient.java:onNext(264)) - client-A49E3A1ED208->300524ac-6f40-4001-8852-e3bc017e7a2d: receive RaftClientReply:client-A49E3A1ED208->300524ac-6f40-4001-8852-e3bc017e7a2d@group-0077CE01DE48, cid=29, SUCCESS, logIndex=4, commits[300524ac-6f40-4001-8852-e3bc017e7a2d:c10, 63029d58-985e-44b6-b8f1-28f19ea5ad76:c6, e419d203-ae84-45b4-a349-326cccf7322d:c6]
2019-09-12 06:00:08,391 [grpc-default-executor-1] INFO  client.GrpcClientProtocolClient (GrpcClientProtocolClient.java:onNext(264)) - client-A49E3A1ED208->300524ac-6f40-4001-8852-e3bc017e7a2d: receive RaftClientReply:client-A49E3A1ED208->300524ac-6f40-4001-8852-e3bc017e7a2d@group-0077CE01DE48, cid=30, SUCCESS, logIndex=5, commits[300524ac-6f40-4001-8852-e3bc017e7a2d:c10, 63029d58-985e-44b6-b8f1-28f19ea5ad76:c6, e419d203-ae84-45b4-a349-326cccf7322d:c6]
2019-09-12 06:00:08,504 [grpc-default-executor-1] INFO  client.GrpcClientProtocolClient (GrpcClientProtocolClient.java:onNext(264)) - client-A49E3A1ED208->300524ac-6f40-4001-8852-e3bc017e7a2d: receive RaftClientReply:client-A49E3A1ED208->300524ac-6f40-4001-8852-e3bc017e7a2d@group-0077CE01DE48, cid=31, SUCCESS, logIndex=6, commits[300524ac-6f40-4001-8852-e3bc017e7a2d:c10, 63029d58-985e-44b6-b8f1-28f19ea5ad76:c6, e419d203-ae84-45b4-a349-326cccf7322d:c6]
]]></system-out>
  </testcase>
  <testcase name="testMultiChunkWrite" classname="org.apache.hadoop.ozone.client.rpc.TestBlockOutputStream" time="186.939">
    <failure message="expected:&lt;10&gt; but was:&lt;12&gt;" type="java.lang.AssertionError"><![CDATA[java.lang.AssertionError: expected:<10> but was:<12>
	at org.junit.Assert.fail(Assert.java:88)
	at org.junit.Assert.failNotEquals(Assert.java:743)
	at org.junit.Assert.assertEquals(Assert.java:118)
	at org.junit.Assert.assertEquals(Assert.java:555)
	at org.junit.Assert.assertEquals(Assert.java:542)
	at org.apache.hadoop.ozone.client.rpc.TestBlockOutputStream.testMultiChunkWrite(TestBlockOutputStream.java:364)
	at sun.reflect.NativeMethodAccessorImpl.invoke0(Native Method)
	at sun.reflect.NativeMethodAccessorImpl.invoke(NativeMethodAccessorImpl.java:62)
	at sun.reflect.DelegatingMethodAccessorImpl.invoke(DelegatingMethodAccessorImpl.java:43)
	at java.lang.reflect.Method.invoke(Method.java:498)
	at org.junit.runners.model.FrameworkMethod$1.runReflectiveCall(FrameworkMethod.java:47)
	at org.junit.internal.runners.model.ReflectiveCallable.run(ReflectiveCallable.java:12)
	at org.junit.runners.model.FrameworkMethod.invokeExplosively(FrameworkMethod.java:44)
	at org.junit.internal.runners.statements.InvokeMethod.evaluate(InvokeMethod.java:17)
	at org.junit.runners.ParentRunner.runLeaf(ParentRunner.java:271)
	at org.junit.runners.BlockJUnit4ClassRunner.runChild(BlockJUnit4ClassRunner.java:70)
	at org.junit.runners.BlockJUnit4ClassRunner.runChild(BlockJUnit4ClassRunner.java:50)
	at org.junit.runners.ParentRunner$3.run(ParentRunner.java:238)
	at org.junit.runners.ParentRunner$1.schedule(ParentRunner.java:63)
	at org.junit.runners.ParentRunner.runChildren(ParentRunner.java:236)
	at org.junit.runners.ParentRunner.access$000(ParentRunner.java:53)
	at org.junit.runners.ParentRunner$2.evaluate(ParentRunner.java:229)
	at org.junit.internal.runners.statements.RunBefores.evaluate(RunBefores.java:26)
	at org.junit.internal.runners.statements.RunAfters.evaluate(RunAfters.java:27)
	at org.junit.runners.ParentRunner.run(ParentRunner.java:309)
	at org.apache.maven.surefire.junit4.JUnit4Provider.execute(JUnit4Provider.java:365)
	at org.apache.maven.surefire.junit4.JUnit4Provider.executeWithRerun(JUnit4Provider.java:273)
	at org.apache.maven.surefire.junit4.JUnit4Provider.executeTestSet(JUnit4Provider.java:238)
	at org.apache.maven.surefire.junit4.JUnit4Provider.invoke(JUnit4Provider.java:159)
	at org.apache.maven.surefire.booter.ForkedBooter.invokeProviderInSameClassLoader(ForkedBooter.java:384)
	at org.apache.maven.surefire.booter.ForkedBooter.runSuitesInProcess(ForkedBooter.java:345)
	at org.apache.maven.surefire.booter.ForkedBooter.execute(ForkedBooter.java:126)
	at org.apache.maven.surefire.booter.ForkedBooter.main(ForkedBooter.java:418)
]]></failure>
    <system-out><![CDATA[2019-09-12 06:00:10,033 [grpc-default-executor-4] INFO  impl.RaftServerProxy (RaftServerProxy.java:remove(95)) - df009476-bbf0-43a2-af41-11b5052a445f: remove group-F6DBAA47753D:null
2019-09-12 06:00:10,042 [RatisPipelineUtilsThread] WARN  pipeline.RatisPipelineUtils (RatisPipelineUtils.java:destroyPipeline(66)) - Pipeline destroy failed for pipeline=PipelineID=a9bcf8c8-3c1e-40a0-bdf8-f6dbaa47753d dn=df009476-bbf0-43a2-af41-11b5052a445f{ip: 192.168.34.52, host: trunk-nightly-20190912-4gc2t-2068889165, networkLocation: /default-rack, certSerialId: null}
2019-09-12 06:00:10,050 [grpc-default-executor-4] INFO  impl.RaftServerProxy (RaftServerProxy.java:remove(95)) - 8f5ab14e-21d2-479d-9d33-3cad9b590bd0: remove group-F6DBAA47753D:null
2019-09-12 06:00:10,057 [RatisPipelineUtilsThread] WARN  pipeline.RatisPipelineUtils (RatisPipelineUtils.java:destroyPipeline(66)) - Pipeline destroy failed for pipeline=PipelineID=a9bcf8c8-3c1e-40a0-bdf8-f6dbaa47753d dn=8f5ab14e-21d2-479d-9d33-3cad9b590bd0{ip: 192.168.34.52, host: trunk-nightly-20190912-4gc2t-2068889165, networkLocation: /default-rack, certSerialId: null}
2019-09-12 06:00:10,070 [grpc-default-executor-4] INFO  impl.RaftServerProxy (RaftServerProxy.java:remove(95)) - 1f61edb1-ab55-473c-8774-d83fa3b21acc: remove group-F6DBAA47753D:null
2019-09-12 06:00:10,078 [RatisPipelineUtilsThread] WARN  pipeline.RatisPipelineUtils (RatisPipelineUtils.java:destroyPipeline(66)) - Pipeline destroy failed for pipeline=PipelineID=a9bcf8c8-3c1e-40a0-bdf8-f6dbaa47753d dn=1f61edb1-ab55-473c-8774-d83fa3b21acc{ip: 192.168.34.52, host: trunk-nightly-20190912-4gc2t-2068889165, networkLocation: /default-rack, certSerialId: null}
2019-09-12 06:00:10,078 [RatisPipelineUtilsThread] ERROR pipeline.SCMPipelineManager (Scheduler.java:lambda$schedule$1(70)) - Destroy pipeline failed for pipeline:Pipeline[ Id: a9bcf8c8-3c1e-40a0-bdf8-f6dbaa47753d, Nodes: df009476-bbf0-43a2-af41-11b5052a445f{ip: 192.168.34.52, host: trunk-nightly-20190912-4gc2t-2068889165, networkLocation: /default-rack, certSerialId: null}8f5ab14e-21d2-479d-9d33-3cad9b590bd0{ip: 192.168.34.52, host: trunk-nightly-20190912-4gc2t-2068889165, networkLocation: /default-rack, certSerialId: null}1f61edb1-ab55-473c-8774-d83fa3b21acc{ip: 192.168.34.52, host: trunk-nightly-20190912-4gc2t-2068889165, networkLocation: /default-rack, certSerialId: null}, Type:RATIS, Factor:THREE, State:CLOSED]
org.apache.hadoop.hdds.scm.pipeline.PipelineNotFoundException: PipelineID=a9bcf8c8-3c1e-40a0-bdf8-f6dbaa47753d not found
	at org.apache.hadoop.hdds.scm.pipeline.PipelineStateMap.getPipeline(PipelineStateMap.java:132)
	at org.apache.hadoop.hdds.scm.pipeline.PipelineStateMap.removePipeline(PipelineStateMap.java:322)
	at org.apache.hadoop.hdds.scm.pipeline.PipelineStateManager.removePipeline(PipelineStateManager.java:107)
	at org.apache.hadoop.hdds.scm.pipeline.SCMPipelineManager.removePipeline(SCMPipelineManager.java:423)
	at org.apache.hadoop.hdds.scm.pipeline.SCMPipelineManager.destroyPipeline(SCMPipelineManager.java:409)
	at org.apache.hadoop.hdds.scm.pipeline.SCMPipelineManager.lambda$finalizeAndDestroyPipeline$0(SCMPipelineManager.java:318)
	at org.apache.hadoop.utils.Scheduler.lambda$schedule$1(Scheduler.java:68)
	at java.util.concurrent.Executors$RunnableAdapter.call(Executors.java:511)
	at java.util.concurrent.FutureTask.run(FutureTask.java:266)
	at java.util.concurrent.ScheduledThreadPoolExecutor$ScheduledFutureTask.access$201(ScheduledThreadPoolExecutor.java:180)
	at java.util.concurrent.ScheduledThreadPoolExecutor$ScheduledFutureTask.run(ScheduledThreadPoolExecutor.java:293)
	at java.util.concurrent.ThreadPoolExecutor.runWorker(ThreadPoolExecutor.java:1149)
	at java.util.concurrent.ThreadPoolExecutor$Worker.run(ThreadPoolExecutor.java:624)
	at java.lang.Thread.run(Thread.java:748)
2019-09-12 06:00:11,549 [java.util.concurrent.ThreadPoolExecutor$Worker@31a3eae4[State = -1, empty queue]] WARN  server.GrpcLogAppender (GrpcLogAppender.java:timeoutAppendRequest(200)) - 300524ac-6f40-4001-8852-e3bc017e7a2d@group-0077CE01DE48->63029d58-985e-44b6-b8f1-28f19ea5ad76-GrpcLogAppender: appendEntries Timeout, request=300524ac-6f40-4001-8852-e3bc017e7a2d->63029d58-985e-44b6-b8f1-28f19ea5ad76#87-t1, previous=(t:1, i:10), leaderCommit=10, initializing? false, entries: size=1, first=(t:1, i:11), STATEMACHINELOGENTRY, client-A49E3A1ED208, cid=32
2019-09-12 06:00:11,549 [java.util.concurrent.ThreadPoolExecutor$Worker@44961301[State = -1, empty queue]] WARN  server.GrpcLogAppender (GrpcLogAppender.java:timeoutAppendRequest(200)) - 300524ac-6f40-4001-8852-e3bc017e7a2d@group-0077CE01DE48->e419d203-ae84-45b4-a349-326cccf7322d-GrpcLogAppender: appendEntries Timeout, request=300524ac-6f40-4001-8852-e3bc017e7a2d->e419d203-ae84-45b4-a349-326cccf7322d#87-t1, previous=(t:1, i:10), leaderCommit=10, initializing? false, entries: size=1, first=(t:1, i:11), STATEMACHINELOGENTRY, client-A49E3A1ED208, cid=32
2019-09-12 06:00:11,551 [java.util.concurrent.ThreadPoolExecutor$Worker@31a3eae4[State = -1, empty queue]] WARN  server.GrpcLogAppender (GrpcLogAppender.java:timeoutAppendRequest(200)) - 300524ac-6f40-4001-8852-e3bc017e7a2d@group-0077CE01DE48->63029d58-985e-44b6-b8f1-28f19ea5ad76-GrpcLogAppender: appendEntries Timeout, request=300524ac-6f40-4001-8852-e3bc017e7a2d->63029d58-985e-44b6-b8f1-28f19ea5ad76#88-t1, previous=(t:1, i:11), leaderCommit=10, initializing? false, entries: size=1, first=(t:1, i:12), STATEMACHINELOGENTRY, client-A49E3A1ED208, cid=33
2019-09-12 06:00:11,552 [java.util.concurrent.ThreadPoolExecutor$Worker@44961301[State = -1, empty queue]] WARN  server.GrpcLogAppender (GrpcLogAppender.java:timeoutAppendRequest(200)) - 300524ac-6f40-4001-8852-e3bc017e7a2d@group-0077CE01DE48->e419d203-ae84-45b4-a349-326cccf7322d-GrpcLogAppender: appendEntries Timeout, request=300524ac-6f40-4001-8852-e3bc017e7a2d->e419d203-ae84-45b4-a349-326cccf7322d#88-t1, previous=(t:1, i:11), leaderCommit=10, initializing? false, entries: size=1, first=(t:1, i:12), STATEMACHINELOGENTRY, client-A49E3A1ED208, cid=33
2019-09-12 06:00:11,552 [java.util.concurrent.ThreadPoolExecutor$Worker@31a3eae4[State = -1, empty queue]] WARN  server.GrpcLogAppender (GrpcLogAppender.java:timeoutAppendRequest(200)) - 300524ac-6f40-4001-8852-e3bc017e7a2d@group-0077CE01DE48->63029d58-985e-44b6-b8f1-28f19ea5ad76-GrpcLogAppender: appendEntries Timeout, request=300524ac-6f40-4001-8852-e3bc017e7a2d->63029d58-985e-44b6-b8f1-28f19ea5ad76#89-t1, previous=(t:1, i:12), leaderCommit=10, initializing? false, entries: size=1, first=(t:1, i:13), STATEMACHINELOGENTRY, client-A49E3A1ED208, cid=34
2019-09-12 06:00:11,552 [java.util.concurrent.ThreadPoolExecutor$Worker@44961301[State = -1, empty queue]] WARN  server.GrpcLogAppender (GrpcLogAppender.java:timeoutAppendRequest(200)) - 300524ac-6f40-4001-8852-e3bc017e7a2d@group-0077CE01DE48->e419d203-ae84-45b4-a349-326cccf7322d-GrpcLogAppender: appendEntries Timeout, request=300524ac-6f40-4001-8852-e3bc017e7a2d->e419d203-ae84-45b4-a349-326cccf7322d#89-t1, previous=(t:1, i:12), leaderCommit=10, initializing? false, entries: size=1, first=(t:1, i:13), STATEMACHINELOGENTRY, client-A49E3A1ED208, cid=34
2019-09-12 06:00:12,047 [grpc-default-executor-1] INFO  impl.RaftServerProxy (RaftServerProxy.java:remove(95)) - df009476-bbf0-43a2-af41-11b5052a445f: remove group-F6DBAA47753D:null
2019-09-12 06:00:12,061 [RatisPipelineUtilsThread] WARN  pipeline.RatisPipelineUtils (RatisPipelineUtils.java:destroyPipeline(66)) - Pipeline destroy failed for pipeline=PipelineID=a9bcf8c8-3c1e-40a0-bdf8-f6dbaa47753d dn=df009476-bbf0-43a2-af41-11b5052a445f{ip: 192.168.34.52, host: trunk-nightly-20190912-4gc2t-2068889165, networkLocation: /default-rack, certSerialId: null}
2019-09-12 06:00:12,069 [grpc-default-executor-1] INFO  impl.RaftServerProxy (RaftServerProxy.java:remove(95)) - 8f5ab14e-21d2-479d-9d33-3cad9b590bd0: remove group-F6DBAA47753D:null
2019-09-12 06:00:12,077 [RatisPipelineUtilsThread] WARN  pipeline.RatisPipelineUtils (RatisPipelineUtils.java:destroyPipeline(66)) - Pipeline destroy failed for pipeline=PipelineID=a9bcf8c8-3c1e-40a0-bdf8-f6dbaa47753d dn=8f5ab14e-21d2-479d-9d33-3cad9b590bd0{ip: 192.168.34.52, host: trunk-nightly-20190912-4gc2t-2068889165, networkLocation: /default-rack, certSerialId: null}
2019-09-12 06:00:12,084 [grpc-default-executor-1] INFO  impl.RaftServerProxy (RaftServerProxy.java:remove(95)) - 1f61edb1-ab55-473c-8774-d83fa3b21acc: remove group-F6DBAA47753D:null
2019-09-12 06:00:12,091 [RatisPipelineUtilsThread] WARN  pipeline.RatisPipelineUtils (RatisPipelineUtils.java:destroyPipeline(66)) - Pipeline destroy failed for pipeline=PipelineID=a9bcf8c8-3c1e-40a0-bdf8-f6dbaa47753d dn=1f61edb1-ab55-473c-8774-d83fa3b21acc{ip: 192.168.34.52, host: trunk-nightly-20190912-4gc2t-2068889165, networkLocation: /default-rack, certSerialId: null}
2019-09-12 06:00:12,092 [RatisPipelineUtilsThread] ERROR pipeline.SCMPipelineManager (Scheduler.java:lambda$schedule$1(70)) - Destroy pipeline failed for pipeline:Pipeline[ Id: a9bcf8c8-3c1e-40a0-bdf8-f6dbaa47753d, Nodes: df009476-bbf0-43a2-af41-11b5052a445f{ip: 192.168.34.52, host: trunk-nightly-20190912-4gc2t-2068889165, networkLocation: /default-rack, certSerialId: null}8f5ab14e-21d2-479d-9d33-3cad9b590bd0{ip: 192.168.34.52, host: trunk-nightly-20190912-4gc2t-2068889165, networkLocation: /default-rack, certSerialId: null}1f61edb1-ab55-473c-8774-d83fa3b21acc{ip: 192.168.34.52, host: trunk-nightly-20190912-4gc2t-2068889165, networkLocation: /default-rack, certSerialId: null}, Type:RATIS, Factor:THREE, State:CLOSED]
org.apache.hadoop.hdds.scm.pipeline.PipelineNotFoundException: PipelineID=a9bcf8c8-3c1e-40a0-bdf8-f6dbaa47753d not found
	at org.apache.hadoop.hdds.scm.pipeline.PipelineStateMap.getPipeline(PipelineStateMap.java:132)
	at org.apache.hadoop.hdds.scm.pipeline.PipelineStateMap.removePipeline(PipelineStateMap.java:322)
	at org.apache.hadoop.hdds.scm.pipeline.PipelineStateManager.removePipeline(PipelineStateManager.java:107)
	at org.apache.hadoop.hdds.scm.pipeline.SCMPipelineManager.removePipeline(SCMPipelineManager.java:423)
	at org.apache.hadoop.hdds.scm.pipeline.SCMPipelineManager.destroyPipeline(SCMPipelineManager.java:409)
	at org.apache.hadoop.hdds.scm.pipeline.SCMPipelineManager.lambda$finalizeAndDestroyPipeline$0(SCMPipelineManager.java:318)
	at org.apache.hadoop.utils.Scheduler.lambda$schedule$1(Scheduler.java:68)
	at java.util.concurrent.Executors$RunnableAdapter.call(Executors.java:511)
	at java.util.concurrent.FutureTask.run(FutureTask.java:266)
	at java.util.concurrent.ScheduledThreadPoolExecutor$ScheduledFutureTask.access$201(ScheduledThreadPoolExecutor.java:180)
	at java.util.concurrent.ScheduledThreadPoolExecutor$ScheduledFutureTask.run(ScheduledThreadPoolExecutor.java:293)
	at java.util.concurrent.ThreadPoolExecutor.runWorker(ThreadPoolExecutor.java:1149)
	at java.util.concurrent.ThreadPoolExecutor$Worker.run(ThreadPoolExecutor.java:624)
	at java.lang.Thread.run(Thread.java:748)
2019-09-12 06:00:12,801 [Thread-804] INFO  impl.FollowerState (FollowerState.java:run(106)) - df009476-bbf0-43a2-af41-11b5052a445f:group-9B69FF6C6692 changes to CANDIDATE, lastRpcTime:5094, electionTimeout:5094ms
2019-09-12 06:00:12,802 [Thread-804] INFO  impl.RoleInfo (RoleInfo.java:shutdownFollowerState(121)) - df009476-bbf0-43a2-af41-11b5052a445f: shutdown FollowerState
2019-09-12 06:00:12,802 [Thread-804] INFO  impl.RaftServerImpl (RaftServerImpl.java:setRole(174)) - df009476-bbf0-43a2-af41-11b5052a445f@group-9B69FF6C6692: changes role from  FOLLOWER to CANDIDATE at term 0 for changeToCandidate
2019-09-12 06:00:12,802 [Thread-804] INFO  impl.RoleInfo (RoleInfo.java:updateAndGet(143)) - df009476-bbf0-43a2-af41-11b5052a445f: start LeaderElection
2019-09-12 06:00:12,823 [df009476-bbf0-43a2-af41-11b5052a445f@group-9B69FF6C6692:LeaderElection12] INFO  impl.LeaderElection (LeaderElection.java:askForVotes(182)) - df009476-bbf0-43a2-af41-11b5052a445f@group-9B69FF6C6692:LeaderElection12: begin an election at term 1 for -1: [1f61edb1-ab55-473c-8774-d83fa3b21acc:192.168.34.52:34789, 8f5ab14e-21d2-479d-9d33-3cad9b590bd0:192.168.34.52:37331, df009476-bbf0-43a2-af41-11b5052a445f:192.168.34.52:35732], old=null
2019-09-12 06:00:12,834 [grpc-default-executor-4] INFO  impl.RaftServerImpl (RaftServerImpl.java:setRole(174)) - 8f5ab14e-21d2-479d-9d33-3cad9b590bd0@group-9B69FF6C6692: changes role from  FOLLOWER to FOLLOWER at term 1 for recognizeCandidate:df009476-bbf0-43a2-af41-11b5052a445f
2019-09-12 06:00:12,836 [grpc-default-executor-4] INFO  impl.RoleInfo (RoleInfo.java:shutdownFollowerState(121)) - 8f5ab14e-21d2-479d-9d33-3cad9b590bd0: shutdown FollowerState
2019-09-12 06:00:12,838 [grpc-default-executor-1] INFO  impl.RaftServerImpl (RaftServerImpl.java:setRole(174)) - 1f61edb1-ab55-473c-8774-d83fa3b21acc@group-9B69FF6C6692: changes role from  FOLLOWER to FOLLOWER at term 1 for recognizeCandidate:df009476-bbf0-43a2-af41-11b5052a445f
2019-09-12 06:00:12,838 [Thread-801] INFO  impl.FollowerState (FollowerState.java:run(115)) - 8f5ab14e-21d2-479d-9d33-3cad9b590bd0: FollowerState was interrupted: java.lang.InterruptedException: sleep interrupted
2019-09-12 06:00:12,838 [grpc-default-executor-4] INFO  impl.RoleInfo (RoleInfo.java:updateAndGet(143)) - 8f5ab14e-21d2-479d-9d33-3cad9b590bd0: start FollowerState
2019-09-12 06:00:12,839 [grpc-default-executor-1] INFO  impl.RoleInfo (RoleInfo.java:shutdownFollowerState(121)) - 1f61edb1-ab55-473c-8774-d83fa3b21acc: shutdown FollowerState
2019-09-12 06:00:12,843 [grpc-default-executor-1] INFO  impl.RoleInfo (RoleInfo.java:updateAndGet(143)) - 1f61edb1-ab55-473c-8774-d83fa3b21acc: start FollowerState
2019-09-12 06:00:12,874 [df009476-bbf0-43a2-af41-11b5052a445f@group-9B69FF6C6692:LeaderElection12] INFO  impl.LeaderElection (LeaderElection.java:logAndReturn(56)) - df009476-bbf0-43a2-af41-11b5052a445f@group-9B69FF6C6692:LeaderElection12: Election PASSED; received 1 response(s) [df009476-bbf0-43a2-af41-11b5052a445f<-8f5ab14e-21d2-479d-9d33-3cad9b590bd0#0:OK-t1] and 0 exception(s); df009476-bbf0-43a2-af41-11b5052a445f@group-9B69FF6C6692:t1, leader=null, voted=df009476-bbf0-43a2-af41-11b5052a445f, raftlog=df009476-bbf0-43a2-af41-11b5052a445f@group-9B69FF6C6692-SegmentedRaftLog:OPENED:c-1,f-1,i0, conf=-1: [1f61edb1-ab55-473c-8774-d83fa3b21acc:192.168.34.52:34789, 8f5ab14e-21d2-479d-9d33-3cad9b590bd0:192.168.34.52:37331, df009476-bbf0-43a2-af41-11b5052a445f:192.168.34.52:35732], old=null
2019-09-12 06:00:12,874 [df009476-bbf0-43a2-af41-11b5052a445f@group-9B69FF6C6692:LeaderElection12] INFO  impl.RoleInfo (RoleInfo.java:shutdownLeaderElection(134)) - df009476-bbf0-43a2-af41-11b5052a445f: shutdown LeaderElection
2019-09-12 06:00:12,876 [df009476-bbf0-43a2-af41-11b5052a445f@group-9B69FF6C6692:LeaderElection12] INFO  impl.RaftServerImpl (RaftServerImpl.java:setRole(174)) - df009476-bbf0-43a2-af41-11b5052a445f@group-9B69FF6C6692: changes role from CANDIDATE to LEADER at term 1 for changeToLeader
2019-09-12 06:00:12,877 [df009476-bbf0-43a2-af41-11b5052a445f@group-9B69FF6C6692:LeaderElection12] INFO  impl.RaftServerImpl (ServerState.java:setLeader(253)) - df009476-bbf0-43a2-af41-11b5052a445f@group-9B69FF6C6692: change Leader from null to df009476-bbf0-43a2-af41-11b5052a445f at term 1 for becomeLeader, leader elected after 5187ms
2019-09-12 06:00:12,877 [df009476-bbf0-43a2-af41-11b5052a445f@group-9B69FF6C6692:LeaderElection12] INFO  server.RaftServerConfigKeys (ConfUtils.java:logGet(43)) - raft.server.staging.catchup.gap = 1000 (default)
2019-09-12 06:00:12,877 [df009476-bbf0-43a2-af41-11b5052a445f@group-9B69FF6C6692:LeaderElection12] INFO  server.RaftServerConfigKeys (ConfUtils.java:logGet(43)) - raft.server.rpc.sleep.time = 25ms (default)
2019-09-12 06:00:12,877 [df009476-bbf0-43a2-af41-11b5052a445f@group-9B69FF6C6692:LeaderElection12] INFO  server.RaftServerConfigKeys (ConfUtils.java:logGet(43)) - raft.server.write.element-limit = 4096 (default)
2019-09-12 06:00:12,878 [df009476-bbf0-43a2-af41-11b5052a445f@group-9B69FF6C6692:LeaderElection12] INFO  server.RaftServerConfigKeys (ConfUtils.java:logGet(43)) - raft.server.watch.timeout = 10s (default)
2019-09-12 06:00:12,878 [df009476-bbf0-43a2-af41-11b5052a445f@group-9B69FF6C6692:LeaderElection12] INFO  server.RaftServerConfigKeys (ConfUtils.java:logGet(43)) - raft.server.watch.timeout.denomination = 1s (default)
2019-09-12 06:00:12,878 [df009476-bbf0-43a2-af41-11b5052a445f@group-9B69FF6C6692:LeaderElection12] INFO  server.RaftServerConfigKeys (ConfUtils.java:logGet(43)) - raft.server.watch.element-limit = 65536 (default)
2019-09-12 06:00:12,883 [df009476-bbf0-43a2-af41-11b5052a445f@group-9B69FF6C6692:LeaderElection12] INFO  server.RaftServerConfigKeys (ConfUtils.java:logGet(43)) - raft.server.log.appender.snapshot.chunk.size.max = 16MB (=16777216) (default)
2019-09-12 06:00:12,883 [df009476-bbf0-43a2-af41-11b5052a445f@group-9B69FF6C6692:LeaderElection12] INFO  server.RaftServerConfigKeys (ConfUtils.java:logGet(43)) - raft.server.log.appender.buffer.byte-limit = 33554432 (custom)
2019-09-12 06:00:12,883 [df009476-bbf0-43a2-af41-11b5052a445f@group-9B69FF6C6692:LeaderElection12] INFO  server.RaftServerConfigKeys (ConfUtils.java:logGet(43)) - raft.server.log.appender.buffer.element-limit = 1 (custom)
2019-09-12 06:00:12,884 [df009476-bbf0-43a2-af41-11b5052a445f@group-9B69FF6C6692:LeaderElection12] INFO  grpc.GrpcConfigKeys$Server (ConfUtils.java:logGet(43)) - raft.grpc.server.leader.outstanding.appends.max = 128 (default)
2019-09-12 06:00:12,884 [df009476-bbf0-43a2-af41-11b5052a445f@group-9B69FF6C6692:LeaderElection12] INFO  server.RaftServerConfigKeys (ConfUtils.java:logGet(43)) - raft.server.rpc.request.timeout = 3000ms (default)
2019-09-12 06:00:12,884 [df009476-bbf0-43a2-af41-11b5052a445f@group-9B69FF6C6692:LeaderElection12] INFO  server.RaftServerConfigKeys (ConfUtils.java:logGet(43)) - raft.server.log.appender.install.snapshot.enabled = false (custom)
2019-09-12 06:00:12,885 [df009476-bbf0-43a2-af41-11b5052a445f@group-9B69FF6C6692:LeaderElection12] INFO  server.RaftServerConfigKeys (ConfUtils.java:logGet(43)) - raft.server.log.appender.snapshot.chunk.size.max = 16MB (=16777216) (default)
2019-09-12 06:00:12,885 [df009476-bbf0-43a2-af41-11b5052a445f@group-9B69FF6C6692:LeaderElection12] INFO  server.RaftServerConfigKeys (ConfUtils.java:logGet(43)) - raft.server.log.appender.buffer.byte-limit = 33554432 (custom)
2019-09-12 06:00:12,885 [df009476-bbf0-43a2-af41-11b5052a445f@group-9B69FF6C6692:LeaderElection12] INFO  server.RaftServerConfigKeys (ConfUtils.java:logGet(43)) - raft.server.log.appender.buffer.element-limit = 1 (custom)
2019-09-12 06:00:12,885 [df009476-bbf0-43a2-af41-11b5052a445f@group-9B69FF6C6692:LeaderElection12] INFO  grpc.GrpcConfigKeys$Server (ConfUtils.java:logGet(43)) - raft.grpc.server.leader.outstanding.appends.max = 128 (default)
2019-09-12 06:00:12,886 [df009476-bbf0-43a2-af41-11b5052a445f@group-9B69FF6C6692:LeaderElection12] INFO  server.RaftServerConfigKeys (ConfUtils.java:logGet(43)) - raft.server.rpc.request.timeout = 3000ms (default)
2019-09-12 06:00:12,886 [df009476-bbf0-43a2-af41-11b5052a445f@group-9B69FF6C6692:LeaderElection12] INFO  server.RaftServerConfigKeys (ConfUtils.java:logGet(43)) - raft.server.log.appender.install.snapshot.enabled = false (custom)
2019-09-12 06:00:12,886 [df009476-bbf0-43a2-af41-11b5052a445f@group-9B69FF6C6692:LeaderElection12] INFO  impl.RoleInfo (RoleInfo.java:updateAndGet(143)) - df009476-bbf0-43a2-af41-11b5052a445f: start LeaderState
2019-09-12 06:00:12,887 [df009476-bbf0-43a2-af41-11b5052a445f@group-9B69FF6C6692:LeaderElection12] INFO  segmented.SegmentedRaftLogWorker (SegmentedRaftLogWorker.java:startLogSegment(380)) - df009476-bbf0-43a2-af41-11b5052a445f@group-9B69FF6C6692-SegmentedRaftLogWorker: Starting segment from index:0
2019-09-12 06:00:12,888 [df009476-bbf0-43a2-af41-11b5052a445f@group-9B69FF6C6692:LeaderElection12] INFO  impl.RaftServerImpl (ServerState.java:setRaftConf(354)) - df009476-bbf0-43a2-af41-11b5052a445f@group-9B69FF6C6692: set configuration 0: [1f61edb1-ab55-473c-8774-d83fa3b21acc:192.168.34.52:34789, 8f5ab14e-21d2-479d-9d33-3cad9b590bd0:192.168.34.52:37331, df009476-bbf0-43a2-af41-11b5052a445f:192.168.34.52:35732], old=null at 0
2019-09-12 06:00:12,926 [grpc-default-executor-1] INFO  impl.RaftServerImpl (ServerState.java:setLeader(253)) - 8f5ab14e-21d2-479d-9d33-3cad9b590bd0@group-9B69FF6C6692: change Leader from null to df009476-bbf0-43a2-af41-11b5052a445f at term 1 for appendEntries, leader elected after 5236ms
2019-09-12 06:00:12,926 [grpc-default-executor-4] INFO  impl.RaftServerImpl (ServerState.java:setLeader(253)) - 1f61edb1-ab55-473c-8774-d83fa3b21acc@group-9B69FF6C6692: change Leader from null to df009476-bbf0-43a2-af41-11b5052a445f at term 1 for appendEntries, leader elected after 5237ms
2019-09-12 06:00:12,929 [grpc-default-executor-4] INFO  impl.RaftServerImpl (ServerState.java:setRaftConf(354)) - 8f5ab14e-21d2-479d-9d33-3cad9b590bd0@group-9B69FF6C6692: set configuration 0: [1f61edb1-ab55-473c-8774-d83fa3b21acc:192.168.34.52:34789, 8f5ab14e-21d2-479d-9d33-3cad9b590bd0:192.168.34.52:37331, df009476-bbf0-43a2-af41-11b5052a445f:192.168.34.52:35732], old=null at 0
2019-09-12 06:00:12,929 [grpc-default-executor-1] INFO  impl.RaftServerImpl (ServerState.java:setRaftConf(354)) - 1f61edb1-ab55-473c-8774-d83fa3b21acc@group-9B69FF6C6692: set configuration 0: [1f61edb1-ab55-473c-8774-d83fa3b21acc:192.168.34.52:34789, 8f5ab14e-21d2-479d-9d33-3cad9b590bd0:192.168.34.52:37331, df009476-bbf0-43a2-af41-11b5052a445f:192.168.34.52:35732], old=null at 0
2019-09-12 06:00:12,929 [grpc-default-executor-4] INFO  segmented.SegmentedRaftLogWorker (SegmentedRaftLogWorker.java:startLogSegment(380)) - 8f5ab14e-21d2-479d-9d33-3cad9b590bd0@group-9B69FF6C6692-SegmentedRaftLogWorker: Starting segment from index:0
2019-09-12 06:00:12,930 [grpc-default-executor-1] INFO  segmented.SegmentedRaftLogWorker (SegmentedRaftLogWorker.java:startLogSegment(380)) - 1f61edb1-ab55-473c-8774-d83fa3b21acc@group-9B69FF6C6692-SegmentedRaftLogWorker: Starting segment from index:0
2019-09-12 06:00:12,934 [df009476-bbf0-43a2-af41-11b5052a445f@group-9B69FF6C6692-SegmentedRaftLogWorker] INFO  segmented.SegmentedRaftLogWorker (SegmentedRaftLogWorker.java:execute(569)) - df009476-bbf0-43a2-af41-11b5052a445f@group-9B69FF6C6692-SegmentedRaftLogWorker: created new log segment /workdir/hadoop-ozone/integration-test/target/test-dir/MiniOzoneClusterImpl-df7e887f-907b-44f9-9fab-c718128d2034/datanode-6/data/ratis/a1966d09-9fc6-4852-85fa-9b69ff6c6692/current/log_inprogress_0
2019-09-12 06:00:12,972 [8f5ab14e-21d2-479d-9d33-3cad9b590bd0@group-9B69FF6C6692-SegmentedRaftLogWorker] INFO  segmented.SegmentedRaftLogWorker (SegmentedRaftLogWorker.java:execute(569)) - 8f5ab14e-21d2-479d-9d33-3cad9b590bd0@group-9B69FF6C6692-SegmentedRaftLogWorker: created new log segment /workdir/hadoop-ozone/integration-test/target/test-dir/MiniOzoneClusterImpl-df7e887f-907b-44f9-9fab-c718128d2034/datanode-1/data/ratis/a1966d09-9fc6-4852-85fa-9b69ff6c6692/current/log_inprogress_0
2019-09-12 06:00:12,972 [1f61edb1-ab55-473c-8774-d83fa3b21acc@group-9B69FF6C6692-SegmentedRaftLogWorker] INFO  segmented.SegmentedRaftLogWorker (SegmentedRaftLogWorker.java:execute(569)) - 1f61edb1-ab55-473c-8774-d83fa3b21acc@group-9B69FF6C6692-SegmentedRaftLogWorker: created new log segment /workdir/hadoop-ozone/integration-test/target/test-dir/MiniOzoneClusterImpl-df7e887f-907b-44f9-9fab-c718128d2034/datanode-3/data/ratis/a1966d09-9fc6-4852-85fa-9b69ff6c6692/current/log_inprogress_0
2019-09-12 06:00:13,568 [grpc-default-executor-4] INFO  client.GrpcClientProtocolClient (GrpcClientProtocolClient.java:onNext(264)) - client-A49E3A1ED208->e419d203-ae84-45b4-a349-326cccf7322d: receive RaftClientReply:client-A49E3A1ED208->e419d203-ae84-45b4-a349-326cccf7322d@group-0077CE01DE48, cid=32, FAILED org.apache.ratis.protocol.NotLeaderException: Server e419d203-ae84-45b4-a349-326cccf7322d@group-0077CE01DE48 is not the leader 300524ac-6f40-4001-8852-e3bc017e7a2d:192.168.34.52:35783, logIndex=0, commits[e419d203-ae84-45b4-a349-326cccf7322d:c10, 63029d58-985e-44b6-b8f1-28f19ea5ad76:c6, 300524ac-6f40-4001-8852-e3bc017e7a2d:c10]
2019-09-12 06:00:14,053 [java.util.concurrent.ThreadPoolExecutor$Worker@31a3eae4[State = -1, empty queue]] WARN  server.GrpcLogAppender (GrpcLogAppender.java:timeoutAppendRequest(200)) - 300524ac-6f40-4001-8852-e3bc017e7a2d@group-0077CE01DE48->63029d58-985e-44b6-b8f1-28f19ea5ad76-GrpcLogAppender: appendEntries Timeout, request=300524ac-6f40-4001-8852-e3bc017e7a2d->63029d58-985e-44b6-b8f1-28f19ea5ad76#90-t1, previous=(t:1, i:13), leaderCommit=10, initializing? false, entries: <empty>
2019-09-12 06:00:14,053 [java.util.concurrent.ThreadPoolExecutor$Worker@44961301[State = -1, empty queue]] WARN  server.GrpcLogAppender (GrpcLogAppender.java:timeoutAppendRequest(200)) - 300524ac-6f40-4001-8852-e3bc017e7a2d@group-0077CE01DE48->e419d203-ae84-45b4-a349-326cccf7322d-GrpcLogAppender: appendEntries Timeout, request=300524ac-6f40-4001-8852-e3bc017e7a2d->e419d203-ae84-45b4-a349-326cccf7322d#90-t1, previous=(t:1, i:13), leaderCommit=10, initializing? false, entries: <empty>
2019-09-12 06:00:15,034 [grpc-default-executor-4] INFO  impl.RaftServerProxy (RaftServerProxy.java:remove(95)) - df009476-bbf0-43a2-af41-11b5052a445f: remove group-F6DBAA47753D:null
2019-09-12 06:00:15,043 [RatisPipelineUtilsThread] WARN  pipeline.RatisPipelineUtils (RatisPipelineUtils.java:destroyPipeline(66)) - Pipeline destroy failed for pipeline=PipelineID=a9bcf8c8-3c1e-40a0-bdf8-f6dbaa47753d dn=df009476-bbf0-43a2-af41-11b5052a445f{ip: 192.168.34.52, host: trunk-nightly-20190912-4gc2t-2068889165, networkLocation: /default-rack, certSerialId: null}
2019-09-12 06:00:15,051 [grpc-default-executor-4] INFO  impl.RaftServerProxy (RaftServerProxy.java:remove(95)) - 8f5ab14e-21d2-479d-9d33-3cad9b590bd0: remove group-F6DBAA47753D:null
2019-09-12 06:00:15,058 [RatisPipelineUtilsThread] WARN  pipeline.RatisPipelineUtils (RatisPipelineUtils.java:destroyPipeline(66)) - Pipeline destroy failed for pipeline=PipelineID=a9bcf8c8-3c1e-40a0-bdf8-f6dbaa47753d dn=8f5ab14e-21d2-479d-9d33-3cad9b590bd0{ip: 192.168.34.52, host: trunk-nightly-20190912-4gc2t-2068889165, networkLocation: /default-rack, certSerialId: null}
2019-09-12 06:00:15,067 [grpc-default-executor-4] INFO  impl.RaftServerProxy (RaftServerProxy.java:remove(95)) - 1f61edb1-ab55-473c-8774-d83fa3b21acc: remove group-F6DBAA47753D:null
2019-09-12 06:00:15,075 [RatisPipelineUtilsThread] WARN  pipeline.RatisPipelineUtils (RatisPipelineUtils.java:destroyPipeline(66)) - Pipeline destroy failed for pipeline=PipelineID=a9bcf8c8-3c1e-40a0-bdf8-f6dbaa47753d dn=1f61edb1-ab55-473c-8774-d83fa3b21acc{ip: 192.168.34.52, host: trunk-nightly-20190912-4gc2t-2068889165, networkLocation: /default-rack, certSerialId: null}
2019-09-12 06:00:15,076 [RatisPipelineUtilsThread] ERROR pipeline.SCMPipelineManager (Scheduler.java:lambda$schedule$1(70)) - Destroy pipeline failed for pipeline:Pipeline[ Id: a9bcf8c8-3c1e-40a0-bdf8-f6dbaa47753d, Nodes: df009476-bbf0-43a2-af41-11b5052a445f{ip: 192.168.34.52, host: trunk-nightly-20190912-4gc2t-2068889165, networkLocation: /default-rack, certSerialId: null}8f5ab14e-21d2-479d-9d33-3cad9b590bd0{ip: 192.168.34.52, host: trunk-nightly-20190912-4gc2t-2068889165, networkLocation: /default-rack, certSerialId: null}1f61edb1-ab55-473c-8774-d83fa3b21acc{ip: 192.168.34.52, host: trunk-nightly-20190912-4gc2t-2068889165, networkLocation: /default-rack, certSerialId: null}, Type:RATIS, Factor:THREE, State:CLOSED]
org.apache.hadoop.hdds.scm.pipeline.PipelineNotFoundException: PipelineID=a9bcf8c8-3c1e-40a0-bdf8-f6dbaa47753d not found
	at org.apache.hadoop.hdds.scm.pipeline.PipelineStateMap.getPipeline(PipelineStateMap.java:132)
	at org.apache.hadoop.hdds.scm.pipeline.PipelineStateMap.removePipeline(PipelineStateMap.java:322)
	at org.apache.hadoop.hdds.scm.pipeline.PipelineStateManager.removePipeline(PipelineStateManager.java:107)
	at org.apache.hadoop.hdds.scm.pipeline.SCMPipelineManager.removePipeline(SCMPipelineManager.java:423)
	at org.apache.hadoop.hdds.scm.pipeline.SCMPipelineManager.destroyPipeline(SCMPipelineManager.java:409)
	at org.apache.hadoop.hdds.scm.pipeline.SCMPipelineManager.lambda$finalizeAndDestroyPipeline$0(SCMPipelineManager.java:318)
	at org.apache.hadoop.utils.Scheduler.lambda$schedule$1(Scheduler.java:68)
	at java.util.concurrent.Executors$RunnableAdapter.call(Executors.java:511)
	at java.util.concurrent.FutureTask.run(FutureTask.java:266)
	at java.util.concurrent.ScheduledThreadPoolExecutor$ScheduledFutureTask.access$201(ScheduledThreadPoolExecutor.java:180)
	at java.util.concurrent.ScheduledThreadPoolExecutor$ScheduledFutureTask.run(ScheduledThreadPoolExecutor.java:293)
	at java.util.concurrent.ThreadPoolExecutor.runWorker(ThreadPoolExecutor.java:1149)
	at java.util.concurrent.ThreadPoolExecutor$Worker.run(ThreadPoolExecutor.java:624)
	at java.lang.Thread.run(Thread.java:748)
2019-09-12 06:00:16,553 [java.util.concurrent.ThreadPoolExecutor$Worker@44961301[State = -1, empty queue]] WARN  server.GrpcLogAppender (GrpcLogAppender.java:timeoutAppendRequest(200)) - 300524ac-6f40-4001-8852-e3bc017e7a2d@group-0077CE01DE48->e419d203-ae84-45b4-a349-326cccf7322d-GrpcLogAppender: appendEntries Timeout, request=300524ac-6f40-4001-8852-e3bc017e7a2d->e419d203-ae84-45b4-a349-326cccf7322d#91-t1, previous=(t:1, i:13), leaderCommit=10, initializing? false, entries: <empty>
2019-09-12 06:00:16,553 [java.util.concurrent.ThreadPoolExecutor$Worker@31a3eae4[State = -1, empty queue]] WARN  server.GrpcLogAppender (GrpcLogAppender.java:timeoutAppendRequest(200)) - 300524ac-6f40-4001-8852-e3bc017e7a2d@group-0077CE01DE48->63029d58-985e-44b6-b8f1-28f19ea5ad76-GrpcLogAppender: appendEntries Timeout, request=300524ac-6f40-4001-8852-e3bc017e7a2d->63029d58-985e-44b6-b8f1-28f19ea5ad76#91-t1, previous=(t:1, i:13), leaderCommit=10, initializing? false, entries: <empty>
2019-09-12 06:00:17,032 [grpc-default-executor-4] INFO  impl.RaftServerProxy (RaftServerProxy.java:remove(95)) - df009476-bbf0-43a2-af41-11b5052a445f: remove group-F6DBAA47753D:null
2019-09-12 06:00:17,039 [RatisPipelineUtilsThread] WARN  pipeline.RatisPipelineUtils (RatisPipelineUtils.java:destroyPipeline(66)) - Pipeline destroy failed for pipeline=PipelineID=a9bcf8c8-3c1e-40a0-bdf8-f6dbaa47753d dn=df009476-bbf0-43a2-af41-11b5052a445f{ip: 192.168.34.52, host: trunk-nightly-20190912-4gc2t-2068889165, networkLocation: /default-rack, certSerialId: null}
2019-09-12 06:00:17,045 [grpc-default-executor-4] INFO  impl.RaftServerProxy (RaftServerProxy.java:remove(95)) - 8f5ab14e-21d2-479d-9d33-3cad9b590bd0: remove group-F6DBAA47753D:null
2019-09-12 06:00:17,052 [RatisPipelineUtilsThread] WARN  pipeline.RatisPipelineUtils (RatisPipelineUtils.java:destroyPipeline(66)) - Pipeline destroy failed for pipeline=PipelineID=a9bcf8c8-3c1e-40a0-bdf8-f6dbaa47753d dn=8f5ab14e-21d2-479d-9d33-3cad9b590bd0{ip: 192.168.34.52, host: trunk-nightly-20190912-4gc2t-2068889165, networkLocation: /default-rack, certSerialId: null}
2019-09-12 06:00:17,059 [grpc-default-executor-4] INFO  impl.RaftServerProxy (RaftServerProxy.java:remove(95)) - 1f61edb1-ab55-473c-8774-d83fa3b21acc: remove group-F6DBAA47753D:null
2019-09-12 06:00:17,066 [RatisPipelineUtilsThread] WARN  pipeline.RatisPipelineUtils (RatisPipelineUtils.java:destroyPipeline(66)) - Pipeline destroy failed for pipeline=PipelineID=a9bcf8c8-3c1e-40a0-bdf8-f6dbaa47753d dn=1f61edb1-ab55-473c-8774-d83fa3b21acc{ip: 192.168.34.52, host: trunk-nightly-20190912-4gc2t-2068889165, networkLocation: /default-rack, certSerialId: null}
2019-09-12 06:00:17,066 [RatisPipelineUtilsThread] ERROR pipeline.SCMPipelineManager (Scheduler.java:lambda$schedule$1(70)) - Destroy pipeline failed for pipeline:Pipeline[ Id: a9bcf8c8-3c1e-40a0-bdf8-f6dbaa47753d, Nodes: df009476-bbf0-43a2-af41-11b5052a445f{ip: 192.168.34.52, host: trunk-nightly-20190912-4gc2t-2068889165, networkLocation: /default-rack, certSerialId: null}8f5ab14e-21d2-479d-9d33-3cad9b590bd0{ip: 192.168.34.52, host: trunk-nightly-20190912-4gc2t-2068889165, networkLocation: /default-rack, certSerialId: null}1f61edb1-ab55-473c-8774-d83fa3b21acc{ip: 192.168.34.52, host: trunk-nightly-20190912-4gc2t-2068889165, networkLocation: /default-rack, certSerialId: null}, Type:RATIS, Factor:THREE, State:CLOSED]
org.apache.hadoop.hdds.scm.pipeline.PipelineNotFoundException: PipelineID=a9bcf8c8-3c1e-40a0-bdf8-f6dbaa47753d not found
	at org.apache.hadoop.hdds.scm.pipeline.PipelineStateMap.getPipeline(PipelineStateMap.java:132)
	at org.apache.hadoop.hdds.scm.pipeline.PipelineStateMap.removePipeline(PipelineStateMap.java:322)
	at org.apache.hadoop.hdds.scm.pipeline.PipelineStateManager.removePipeline(PipelineStateManager.java:107)
	at org.apache.hadoop.hdds.scm.pipeline.SCMPipelineManager.removePipeline(SCMPipelineManager.java:423)
	at org.apache.hadoop.hdds.scm.pipeline.SCMPipelineManager.destroyPipeline(SCMPipelineManager.java:409)
	at org.apache.hadoop.hdds.scm.pipeline.SCMPipelineManager.lambda$finalizeAndDestroyPipeline$0(SCMPipelineManager.java:318)
	at org.apache.hadoop.utils.Scheduler.lambda$schedule$1(Scheduler.java:68)
	at java.util.concurrent.Executors$RunnableAdapter.call(Executors.java:511)
	at java.util.concurrent.FutureTask.run(FutureTask.java:266)
	at java.util.concurrent.ScheduledThreadPoolExecutor$ScheduledFutureTask.access$201(ScheduledThreadPoolExecutor.java:180)
	at java.util.concurrent.ScheduledThreadPoolExecutor$ScheduledFutureTask.run(ScheduledThreadPoolExecutor.java:293)
	at java.util.concurrent.ThreadPoolExecutor.runWorker(ThreadPoolExecutor.java:1149)
	at java.util.concurrent.ThreadPoolExecutor$Worker.run(ThreadPoolExecutor.java:624)
	at java.lang.Thread.run(Thread.java:748)
2019-09-12 06:00:18,551 [63029d58-985e-44b6-b8f1-28f19ea5ad76@group-0077CE01DE48-SegmentedRaftLogWorker] WARN  segmented.SegmentedRaftLogWorker (SegmentedRaftLogWorker.java:getFromFuture(90)) - Timeout 0/~
org.apache.ratis.protocol.TimeoutIOException: Timeout 10s: WriteLog:11: (t:1, i:11), STATEMACHINELOGENTRY, client-A49E3A1ED208, cid=32-writeStateMachineData
	at org.apache.ratis.util.IOUtils.getFromFuture(IOUtils.java:87)
	at org.apache.ratis.server.raftlog.segmented.SegmentedRaftLogWorker$StateMachineDataPolicy.getFromFuture(SegmentedRaftLogWorker.java:87)
	at org.apache.ratis.server.raftlog.segmented.SegmentedRaftLogWorker$WriteLog.execute(SegmentedRaftLogWorker.java:477)
	at org.apache.ratis.server.raftlog.segmented.SegmentedRaftLogWorker.run(SegmentedRaftLogWorker.java:289)
	at java.lang.Thread.run(Thread.java:748)
Caused by: java.util.concurrent.TimeoutException
	at java.util.concurrent.CompletableFuture.timedGet(CompletableFuture.java:1771)
	at java.util.concurrent.CompletableFuture.get(CompletableFuture.java:1915)
	at org.apache.ratis.util.IOUtils.getFromFuture(IOUtils.java:79)
	... 4 more
2019-09-12 06:00:18,552 [e419d203-ae84-45b4-a349-326cccf7322d@group-0077CE01DE48-SegmentedRaftLogWorker] WARN  segmented.SegmentedRaftLogWorker (SegmentedRaftLogWorker.java:getFromFuture(90)) - Timeout 0/~
org.apache.ratis.protocol.TimeoutIOException: Timeout 10s: WriteLog:11: (t:1, i:11), STATEMACHINELOGENTRY, client-A49E3A1ED208, cid=32-writeStateMachineData
	at org.apache.ratis.util.IOUtils.getFromFuture(IOUtils.java:87)
	at org.apache.ratis.server.raftlog.segmented.SegmentedRaftLogWorker$StateMachineDataPolicy.getFromFuture(SegmentedRaftLogWorker.java:87)
	at org.apache.ratis.server.raftlog.segmented.SegmentedRaftLogWorker$WriteLog.execute(SegmentedRaftLogWorker.java:477)
	at org.apache.ratis.server.raftlog.segmented.SegmentedRaftLogWorker.run(SegmentedRaftLogWorker.java:289)
	at java.lang.Thread.run(Thread.java:748)
Caused by: java.util.concurrent.TimeoutException
	at java.util.concurrent.CompletableFuture.timedGet(CompletableFuture.java:1771)
	at java.util.concurrent.CompletableFuture.get(CompletableFuture.java:1915)
	at org.apache.ratis.util.IOUtils.getFromFuture(IOUtils.java:79)
	... 4 more
2019-09-12 06:00:18,624 [grpc-default-executor-1] INFO  client.GrpcClientProtocolClient (GrpcClientProtocolClient.java:onNext(264)) - client-A49E3A1ED208->63029d58-985e-44b6-b8f1-28f19ea5ad76: receive RaftClientReply:client-A49E3A1ED208->63029d58-985e-44b6-b8f1-28f19ea5ad76@group-0077CE01DE48, cid=32, FAILED org.apache.ratis.protocol.NotLeaderException: Server 63029d58-985e-44b6-b8f1-28f19ea5ad76@group-0077CE01DE48 is not the leader 300524ac-6f40-4001-8852-e3bc017e7a2d:192.168.34.52:35783, logIndex=0, commits[63029d58-985e-44b6-b8f1-28f19ea5ad76:c10, 300524ac-6f40-4001-8852-e3bc017e7a2d:c10, e419d203-ae84-45b4-a349-326cccf7322d:c6]
2019-09-12 06:00:18,675 [300524ac-6f40-4001-8852-e3bc017e7a2d@group-0077CE01DE48-SegmentedRaftLogWorker] WARN  segmented.SegmentedRaftLogWorker (SegmentedRaftLogWorker.java:getFromFuture(90)) - Timeout 0/~
org.apache.ratis.protocol.TimeoutIOException: Timeout 10s: WriteLog:12: (t:1, i:12), STATEMACHINELOGENTRY, client-A49E3A1ED208, cid=33-writeStateMachineData
	at org.apache.ratis.util.IOUtils.getFromFuture(IOUtils.java:87)
	at org.apache.ratis.server.raftlog.segmented.SegmentedRaftLogWorker$StateMachineDataPolicy.getFromFuture(SegmentedRaftLogWorker.java:87)
	at org.apache.ratis.server.raftlog.segmented.SegmentedRaftLogWorker$WriteLog.execute(SegmentedRaftLogWorker.java:477)
	at org.apache.ratis.server.raftlog.segmented.SegmentedRaftLogWorker.run(SegmentedRaftLogWorker.java:289)
	at java.lang.Thread.run(Thread.java:748)
Caused by: java.util.concurrent.TimeoutException
	at java.util.concurrent.CompletableFuture.timedGet(CompletableFuture.java:1771)
	at java.util.concurrent.CompletableFuture.get(CompletableFuture.java:1915)
	at org.apache.ratis.util.IOUtils.getFromFuture(IOUtils.java:79)
	... 4 more
2019-09-12 06:00:19,054 [java.util.concurrent.ThreadPoolExecutor$Worker@44961301[State = -1, empty queue]] WARN  server.GrpcLogAppender (GrpcLogAppender.java:timeoutAppendRequest(200)) - 300524ac-6f40-4001-8852-e3bc017e7a2d@group-0077CE01DE48->e419d203-ae84-45b4-a349-326cccf7322d-GrpcLogAppender: appendEntries Timeout, request=300524ac-6f40-4001-8852-e3bc017e7a2d->e419d203-ae84-45b4-a349-326cccf7322d#92-t1, previous=(t:1, i:13), leaderCommit=10, initializing? false, entries: <empty>
2019-09-12 06:00:19,054 [java.util.concurrent.ThreadPoolExecutor$Worker@31a3eae4[State = -1, empty queue]] WARN  server.GrpcLogAppender (GrpcLogAppender.java:timeoutAppendRequest(200)) - 300524ac-6f40-4001-8852-e3bc017e7a2d@group-0077CE01DE48->63029d58-985e-44b6-b8f1-28f19ea5ad76-GrpcLogAppender: appendEntries Timeout, request=300524ac-6f40-4001-8852-e3bc017e7a2d->63029d58-985e-44b6-b8f1-28f19ea5ad76#92-t1, previous=(t:1, i:13), leaderCommit=10, initializing? false, entries: <empty>
2019-09-12 06:00:20,034 [grpc-default-executor-4] INFO  impl.RaftServerProxy (RaftServerProxy.java:remove(95)) - df009476-bbf0-43a2-af41-11b5052a445f: remove group-F6DBAA47753D:null
2019-09-12 06:00:20,042 [RatisPipelineUtilsThread] WARN  pipeline.RatisPipelineUtils (RatisPipelineUtils.java:destroyPipeline(66)) - Pipeline destroy failed for pipeline=PipelineID=a9bcf8c8-3c1e-40a0-bdf8-f6dbaa47753d dn=df009476-bbf0-43a2-af41-11b5052a445f{ip: 192.168.34.52, host: trunk-nightly-20190912-4gc2t-2068889165, networkLocation: /default-rack, certSerialId: null}
2019-09-12 06:00:20,049 [grpc-default-executor-4] INFO  impl.RaftServerProxy (RaftServerProxy.java:remove(95)) - 8f5ab14e-21d2-479d-9d33-3cad9b590bd0: remove group-F6DBAA47753D:null
2019-09-12 06:00:20,056 [RatisPipelineUtilsThread] WARN  pipeline.RatisPipelineUtils (RatisPipelineUtils.java:destroyPipeline(66)) - Pipeline destroy failed for pipeline=PipelineID=a9bcf8c8-3c1e-40a0-bdf8-f6dbaa47753d dn=8f5ab14e-21d2-479d-9d33-3cad9b590bd0{ip: 192.168.34.52, host: trunk-nightly-20190912-4gc2t-2068889165, networkLocation: /default-rack, certSerialId: null}
2019-09-12 06:00:20,062 [grpc-default-executor-4] INFO  impl.RaftServerProxy (RaftServerProxy.java:remove(95)) - 1f61edb1-ab55-473c-8774-d83fa3b21acc: remove group-F6DBAA47753D:null
2019-09-12 06:00:20,068 [RatisPipelineUtilsThread] WARN  pipeline.RatisPipelineUtils (RatisPipelineUtils.java:destroyPipeline(66)) - Pipeline destroy failed for pipeline=PipelineID=a9bcf8c8-3c1e-40a0-bdf8-f6dbaa47753d dn=1f61edb1-ab55-473c-8774-d83fa3b21acc{ip: 192.168.34.52, host: trunk-nightly-20190912-4gc2t-2068889165, networkLocation: /default-rack, certSerialId: null}
2019-09-12 06:00:20,069 [RatisPipelineUtilsThread] ERROR pipeline.SCMPipelineManager (Scheduler.java:lambda$schedule$1(70)) - Destroy pipeline failed for pipeline:Pipeline[ Id: a9bcf8c8-3c1e-40a0-bdf8-f6dbaa47753d, Nodes: df009476-bbf0-43a2-af41-11b5052a445f{ip: 192.168.34.52, host: trunk-nightly-20190912-4gc2t-2068889165, networkLocation: /default-rack, certSerialId: null}8f5ab14e-21d2-479d-9d33-3cad9b590bd0{ip: 192.168.34.52, host: trunk-nightly-20190912-4gc2t-2068889165, networkLocation: /default-rack, certSerialId: null}1f61edb1-ab55-473c-8774-d83fa3b21acc{ip: 192.168.34.52, host: trunk-nightly-20190912-4gc2t-2068889165, networkLocation: /default-rack, certSerialId: null}, Type:RATIS, Factor:THREE, State:CLOSED]
org.apache.hadoop.hdds.scm.pipeline.PipelineNotFoundException: PipelineID=a9bcf8c8-3c1e-40a0-bdf8-f6dbaa47753d not found
	at org.apache.hadoop.hdds.scm.pipeline.PipelineStateMap.getPipeline(PipelineStateMap.java:132)
	at org.apache.hadoop.hdds.scm.pipeline.PipelineStateMap.removePipeline(PipelineStateMap.java:322)
	at org.apache.hadoop.hdds.scm.pipeline.PipelineStateManager.removePipeline(PipelineStateManager.java:107)
	at org.apache.hadoop.hdds.scm.pipeline.SCMPipelineManager.removePipeline(SCMPipelineManager.java:423)
	at org.apache.hadoop.hdds.scm.pipeline.SCMPipelineManager.destroyPipeline(SCMPipelineManager.java:409)
	at org.apache.hadoop.hdds.scm.pipeline.SCMPipelineManager.lambda$finalizeAndDestroyPipeline$0(SCMPipelineManager.java:318)
	at org.apache.hadoop.utils.Scheduler.lambda$schedule$1(Scheduler.java:68)
	at java.util.concurrent.Executors$RunnableAdapter.call(Executors.java:511)
	at java.util.concurrent.FutureTask.run(FutureTask.java:266)
	at java.util.concurrent.ScheduledThreadPoolExecutor$ScheduledFutureTask.access$201(ScheduledThreadPoolExecutor.java:180)
	at java.util.concurrent.ScheduledThreadPoolExecutor$ScheduledFutureTask.run(ScheduledThreadPoolExecutor.java:293)
	at java.util.concurrent.ThreadPoolExecutor.runWorker(ThreadPoolExecutor.java:1149)
	at java.util.concurrent.ThreadPoolExecutor$Worker.run(ThreadPoolExecutor.java:624)
	at java.lang.Thread.run(Thread.java:748)
2019-09-12 06:00:21,555 [java.util.concurrent.ThreadPoolExecutor$Worker@31a3eae4[State = -1, empty queue]] WARN  server.GrpcLogAppender (GrpcLogAppender.java:timeoutAppendRequest(200)) - 300524ac-6f40-4001-8852-e3bc017e7a2d@group-0077CE01DE48->63029d58-985e-44b6-b8f1-28f19ea5ad76-GrpcLogAppender: appendEntries Timeout, request=300524ac-6f40-4001-8852-e3bc017e7a2d->63029d58-985e-44b6-b8f1-28f19ea5ad76#93-t1, previous=(t:1, i:13), leaderCommit=10, initializing? false, entries: <empty>
2019-09-12 06:00:21,555 [java.util.concurrent.ThreadPoolExecutor$Worker@44961301[State = -1, empty queue]] WARN  server.GrpcLogAppender (GrpcLogAppender.java:timeoutAppendRequest(200)) - 300524ac-6f40-4001-8852-e3bc017e7a2d@group-0077CE01DE48->e419d203-ae84-45b4-a349-326cccf7322d-GrpcLogAppender: appendEntries Timeout, request=300524ac-6f40-4001-8852-e3bc017e7a2d->e419d203-ae84-45b4-a349-326cccf7322d#93-t1, previous=(t:1, i:13), leaderCommit=10, initializing? false, entries: <empty>
2019-09-12 06:00:22,051 [grpc-default-executor-1] INFO  impl.RaftServerProxy (RaftServerProxy.java:remove(95)) - df009476-bbf0-43a2-af41-11b5052a445f: remove group-F6DBAA47753D:null
2019-09-12 06:00:22,060 [RatisPipelineUtilsThread] WARN  pipeline.RatisPipelineUtils (RatisPipelineUtils.java:destroyPipeline(66)) - Pipeline destroy failed for pipeline=PipelineID=a9bcf8c8-3c1e-40a0-bdf8-f6dbaa47753d dn=df009476-bbf0-43a2-af41-11b5052a445f{ip: 192.168.34.52, host: trunk-nightly-20190912-4gc2t-2068889165, networkLocation: /default-rack, certSerialId: null}
2019-09-12 06:00:22,065 [grpc-default-executor-1] INFO  impl.RaftServerProxy (RaftServerProxy.java:remove(95)) - 8f5ab14e-21d2-479d-9d33-3cad9b590bd0: remove group-F6DBAA47753D:null
2019-09-12 06:00:22,072 [RatisPipelineUtilsThread] WARN  pipeline.RatisPipelineUtils (RatisPipelineUtils.java:destroyPipeline(66)) - Pipeline destroy failed for pipeline=PipelineID=a9bcf8c8-3c1e-40a0-bdf8-f6dbaa47753d dn=8f5ab14e-21d2-479d-9d33-3cad9b590bd0{ip: 192.168.34.52, host: trunk-nightly-20190912-4gc2t-2068889165, networkLocation: /default-rack, certSerialId: null}
2019-09-12 06:00:22,076 [grpc-default-executor-1] INFO  impl.RaftServerProxy (RaftServerProxy.java:remove(95)) - 1f61edb1-ab55-473c-8774-d83fa3b21acc: remove group-F6DBAA47753D:null
2019-09-12 06:00:22,087 [RatisPipelineUtilsThread] WARN  pipeline.RatisPipelineUtils (RatisPipelineUtils.java:destroyPipeline(66)) - Pipeline destroy failed for pipeline=PipelineID=a9bcf8c8-3c1e-40a0-bdf8-f6dbaa47753d dn=1f61edb1-ab55-473c-8774-d83fa3b21acc{ip: 192.168.34.52, host: trunk-nightly-20190912-4gc2t-2068889165, networkLocation: /default-rack, certSerialId: null}
2019-09-12 06:00:22,087 [RatisPipelineUtilsThread] ERROR pipeline.SCMPipelineManager (Scheduler.java:lambda$schedule$1(70)) - Destroy pipeline failed for pipeline:Pipeline[ Id: a9bcf8c8-3c1e-40a0-bdf8-f6dbaa47753d, Nodes: df009476-bbf0-43a2-af41-11b5052a445f{ip: 192.168.34.52, host: trunk-nightly-20190912-4gc2t-2068889165, networkLocation: /default-rack, certSerialId: null}8f5ab14e-21d2-479d-9d33-3cad9b590bd0{ip: 192.168.34.52, host: trunk-nightly-20190912-4gc2t-2068889165, networkLocation: /default-rack, certSerialId: null}1f61edb1-ab55-473c-8774-d83fa3b21acc{ip: 192.168.34.52, host: trunk-nightly-20190912-4gc2t-2068889165, networkLocation: /default-rack, certSerialId: null}, Type:RATIS, Factor:THREE, State:CLOSED]
org.apache.hadoop.hdds.scm.pipeline.PipelineNotFoundException: PipelineID=a9bcf8c8-3c1e-40a0-bdf8-f6dbaa47753d not found
	at org.apache.hadoop.hdds.scm.pipeline.PipelineStateMap.getPipeline(PipelineStateMap.java:132)
	at org.apache.hadoop.hdds.scm.pipeline.PipelineStateMap.removePipeline(PipelineStateMap.java:322)
	at org.apache.hadoop.hdds.scm.pipeline.PipelineStateManager.removePipeline(PipelineStateManager.java:107)
	at org.apache.hadoop.hdds.scm.pipeline.SCMPipelineManager.removePipeline(SCMPipelineManager.java:423)
	at org.apache.hadoop.hdds.scm.pipeline.SCMPipelineManager.destroyPipeline(SCMPipelineManager.java:409)
	at org.apache.hadoop.hdds.scm.pipeline.SCMPipelineManager.lambda$finalizeAndDestroyPipeline$0(SCMPipelineManager.java:318)
	at org.apache.hadoop.utils.Scheduler.lambda$schedule$1(Scheduler.java:68)
	at java.util.concurrent.Executors$RunnableAdapter.call(Executors.java:511)
	at java.util.concurrent.FutureTask.run(FutureTask.java:266)
	at java.util.concurrent.ScheduledThreadPoolExecutor$ScheduledFutureTask.access$201(ScheduledThreadPoolExecutor.java:180)
	at java.util.concurrent.ScheduledThreadPoolExecutor$ScheduledFutureTask.run(ScheduledThreadPoolExecutor.java:293)
	at java.util.concurrent.ThreadPoolExecutor.runWorker(ThreadPoolExecutor.java:1149)
	at java.util.concurrent.ThreadPoolExecutor$Worker.run(ThreadPoolExecutor.java:624)
	at java.lang.Thread.run(Thread.java:748)
2019-09-12 06:00:23,680 [grpc-default-executor-1] INFO  client.GrpcClientProtocolClient (GrpcClientProtocolClient.java:onNext(264)) - client-A49E3A1ED208->e419d203-ae84-45b4-a349-326cccf7322d: receive RaftClientReply:client-A49E3A1ED208->e419d203-ae84-45b4-a349-326cccf7322d@group-0077CE01DE48, cid=32, FAILED org.apache.ratis.protocol.NotLeaderException: Server e419d203-ae84-45b4-a349-326cccf7322d@group-0077CE01DE48 is not the leader 300524ac-6f40-4001-8852-e3bc017e7a2d:192.168.34.52:35783, logIndex=0, commits[e419d203-ae84-45b4-a349-326cccf7322d:c10, 63029d58-985e-44b6-b8f1-28f19ea5ad76:c6, 300524ac-6f40-4001-8852-e3bc017e7a2d:c10]
2019-09-12 06:00:24,055 [java.util.concurrent.ThreadPoolExecutor$Worker@31a3eae4[State = -1, empty queue]] WARN  server.GrpcLogAppender (GrpcLogAppender.java:timeoutAppendRequest(200)) - 300524ac-6f40-4001-8852-e3bc017e7a2d@group-0077CE01DE48->63029d58-985e-44b6-b8f1-28f19ea5ad76-GrpcLogAppender: appendEntries Timeout, request=300524ac-6f40-4001-8852-e3bc017e7a2d->63029d58-985e-44b6-b8f1-28f19ea5ad76#94-t1, previous=(t:1, i:13), leaderCommit=10, initializing? false, entries: <empty>
2019-09-12 06:00:24,055 [java.util.concurrent.ThreadPoolExecutor$Worker@44961301[State = -1, empty queue]] WARN  server.GrpcLogAppender (GrpcLogAppender.java:timeoutAppendRequest(200)) - 300524ac-6f40-4001-8852-e3bc017e7a2d@group-0077CE01DE48->e419d203-ae84-45b4-a349-326cccf7322d-GrpcLogAppender: appendEntries Timeout, request=300524ac-6f40-4001-8852-e3bc017e7a2d->e419d203-ae84-45b4-a349-326cccf7322d#94-t1, previous=(t:1, i:13), leaderCommit=10, initializing? false, entries: <empty>
2019-09-12 06:00:25,033 [grpc-default-executor-4] INFO  impl.RaftServerProxy (RaftServerProxy.java:remove(95)) - df009476-bbf0-43a2-af41-11b5052a445f: remove group-F6DBAA47753D:null
2019-09-12 06:00:25,045 [RatisPipelineUtilsThread] WARN  pipeline.RatisPipelineUtils (RatisPipelineUtils.java:destroyPipeline(66)) - Pipeline destroy failed for pipeline=PipelineID=a9bcf8c8-3c1e-40a0-bdf8-f6dbaa47753d dn=df009476-bbf0-43a2-af41-11b5052a445f{ip: 192.168.34.52, host: trunk-nightly-20190912-4gc2t-2068889165, networkLocation: /default-rack, certSerialId: null}
2019-09-12 06:00:25,049 [grpc-default-executor-4] INFO  impl.RaftServerProxy (RaftServerProxy.java:remove(95)) - 8f5ab14e-21d2-479d-9d33-3cad9b590bd0: remove group-F6DBAA47753D:null
2019-09-12 06:00:25,055 [RatisPipelineUtilsThread] WARN  pipeline.RatisPipelineUtils (RatisPipelineUtils.java:destroyPipeline(66)) - Pipeline destroy failed for pipeline=PipelineID=a9bcf8c8-3c1e-40a0-bdf8-f6dbaa47753d dn=8f5ab14e-21d2-479d-9d33-3cad9b590bd0{ip: 192.168.34.52, host: trunk-nightly-20190912-4gc2t-2068889165, networkLocation: /default-rack, certSerialId: null}
2019-09-12 06:00:25,058 [grpc-default-executor-4] INFO  impl.RaftServerProxy (RaftServerProxy.java:remove(95)) - 1f61edb1-ab55-473c-8774-d83fa3b21acc: remove group-F6DBAA47753D:null
2019-09-12 06:00:25,064 [RatisPipelineUtilsThread] WARN  pipeline.RatisPipelineUtils (RatisPipelineUtils.java:destroyPipeline(66)) - Pipeline destroy failed for pipeline=PipelineID=a9bcf8c8-3c1e-40a0-bdf8-f6dbaa47753d dn=1f61edb1-ab55-473c-8774-d83fa3b21acc{ip: 192.168.34.52, host: trunk-nightly-20190912-4gc2t-2068889165, networkLocation: /default-rack, certSerialId: null}
2019-09-12 06:00:25,065 [RatisPipelineUtilsThread] ERROR pipeline.SCMPipelineManager (Scheduler.java:lambda$schedule$1(70)) - Destroy pipeline failed for pipeline:Pipeline[ Id: a9bcf8c8-3c1e-40a0-bdf8-f6dbaa47753d, Nodes: df009476-bbf0-43a2-af41-11b5052a445f{ip: 192.168.34.52, host: trunk-nightly-20190912-4gc2t-2068889165, networkLocation: /default-rack, certSerialId: null}8f5ab14e-21d2-479d-9d33-3cad9b590bd0{ip: 192.168.34.52, host: trunk-nightly-20190912-4gc2t-2068889165, networkLocation: /default-rack, certSerialId: null}1f61edb1-ab55-473c-8774-d83fa3b21acc{ip: 192.168.34.52, host: trunk-nightly-20190912-4gc2t-2068889165, networkLocation: /default-rack, certSerialId: null}, Type:RATIS, Factor:THREE, State:CLOSED]
org.apache.hadoop.hdds.scm.pipeline.PipelineNotFoundException: PipelineID=a9bcf8c8-3c1e-40a0-bdf8-f6dbaa47753d not found
	at org.apache.hadoop.hdds.scm.pipeline.PipelineStateMap.getPipeline(PipelineStateMap.java:132)
	at org.apache.hadoop.hdds.scm.pipeline.PipelineStateMap.removePipeline(PipelineStateMap.java:322)
	at org.apache.hadoop.hdds.scm.pipeline.PipelineStateManager.removePipeline(PipelineStateManager.java:107)
	at org.apache.hadoop.hdds.scm.pipeline.SCMPipelineManager.removePipeline(SCMPipelineManager.java:423)
	at org.apache.hadoop.hdds.scm.pipeline.SCMPipelineManager.destroyPipeline(SCMPipelineManager.java:409)
	at org.apache.hadoop.hdds.scm.pipeline.SCMPipelineManager.lambda$finalizeAndDestroyPipeline$0(SCMPipelineManager.java:318)
	at org.apache.hadoop.utils.Scheduler.lambda$schedule$1(Scheduler.java:68)
	at java.util.concurrent.Executors$RunnableAdapter.call(Executors.java:511)
	at java.util.concurrent.FutureTask.run(FutureTask.java:266)
	at java.util.concurrent.ScheduledThreadPoolExecutor$ScheduledFutureTask.access$201(ScheduledThreadPoolExecutor.java:180)
	at java.util.concurrent.ScheduledThreadPoolExecutor$ScheduledFutureTask.run(ScheduledThreadPoolExecutor.java:293)
	at java.util.concurrent.ThreadPoolExecutor.runWorker(ThreadPoolExecutor.java:1149)
	at java.util.concurrent.ThreadPoolExecutor$Worker.run(ThreadPoolExecutor.java:624)
	at java.lang.Thread.run(Thread.java:748)
2019-09-12 06:00:26,556 [java.util.concurrent.ThreadPoolExecutor$Worker@31a3eae4[State = -1, empty queue]] WARN  server.GrpcLogAppender (GrpcLogAppender.java:timeoutAppendRequest(200)) - 300524ac-6f40-4001-8852-e3bc017e7a2d@group-0077CE01DE48->63029d58-985e-44b6-b8f1-28f19ea5ad76-GrpcLogAppender: appendEntries Timeout, request=300524ac-6f40-4001-8852-e3bc017e7a2d->63029d58-985e-44b6-b8f1-28f19ea5ad76#95-t1, previous=(t:1, i:13), leaderCommit=10, initializing? false, entries: <empty>
2019-09-12 06:00:26,557 [java.util.concurrent.ThreadPoolExecutor$Worker@44961301[State = -1, empty queue]] WARN  server.GrpcLogAppender (GrpcLogAppender.java:timeoutAppendRequest(200)) - 300524ac-6f40-4001-8852-e3bc017e7a2d@group-0077CE01DE48->e419d203-ae84-45b4-a349-326cccf7322d-GrpcLogAppender: appendEntries Timeout, request=300524ac-6f40-4001-8852-e3bc017e7a2d->e419d203-ae84-45b4-a349-326cccf7322d#95-t1, previous=(t:1, i:13), leaderCommit=10, initializing? false, entries: <empty>
2019-09-12 06:00:27,036 [grpc-default-executor-4] INFO  impl.RaftServerProxy (RaftServerProxy.java:remove(95)) - df009476-bbf0-43a2-af41-11b5052a445f: remove group-F6DBAA47753D:null
2019-09-12 06:00:27,045 [RatisPipelineUtilsThread] WARN  pipeline.RatisPipelineUtils (RatisPipelineUtils.java:destroyPipeline(66)) - Pipeline destroy failed for pipeline=PipelineID=a9bcf8c8-3c1e-40a0-bdf8-f6dbaa47753d dn=df009476-bbf0-43a2-af41-11b5052a445f{ip: 192.168.34.52, host: trunk-nightly-20190912-4gc2t-2068889165, networkLocation: /default-rack, certSerialId: null}
2019-09-12 06:00:27,048 [grpc-default-executor-4] INFO  impl.RaftServerProxy (RaftServerProxy.java:remove(95)) - 8f5ab14e-21d2-479d-9d33-3cad9b590bd0: remove group-F6DBAA47753D:null
2019-09-12 06:00:27,054 [RatisPipelineUtilsThread] WARN  pipeline.RatisPipelineUtils (RatisPipelineUtils.java:destroyPipeline(66)) - Pipeline destroy failed for pipeline=PipelineID=a9bcf8c8-3c1e-40a0-bdf8-f6dbaa47753d dn=8f5ab14e-21d2-479d-9d33-3cad9b590bd0{ip: 192.168.34.52, host: trunk-nightly-20190912-4gc2t-2068889165, networkLocation: /default-rack, certSerialId: null}
2019-09-12 06:00:27,057 [grpc-default-executor-4] INFO  impl.RaftServerProxy (RaftServerProxy.java:remove(95)) - 1f61edb1-ab55-473c-8774-d83fa3b21acc: remove group-F6DBAA47753D:null
2019-09-12 06:00:27,063 [RatisPipelineUtilsThread] WARN  pipeline.RatisPipelineUtils (RatisPipelineUtils.java:destroyPipeline(66)) - Pipeline destroy failed for pipeline=PipelineID=a9bcf8c8-3c1e-40a0-bdf8-f6dbaa47753d dn=1f61edb1-ab55-473c-8774-d83fa3b21acc{ip: 192.168.34.52, host: trunk-nightly-20190912-4gc2t-2068889165, networkLocation: /default-rack, certSerialId: null}
2019-09-12 06:00:27,063 [RatisPipelineUtilsThread] ERROR pipeline.SCMPipelineManager (Scheduler.java:lambda$schedule$1(70)) - Destroy pipeline failed for pipeline:Pipeline[ Id: a9bcf8c8-3c1e-40a0-bdf8-f6dbaa47753d, Nodes: df009476-bbf0-43a2-af41-11b5052a445f{ip: 192.168.34.52, host: trunk-nightly-20190912-4gc2t-2068889165, networkLocation: /default-rack, certSerialId: null}8f5ab14e-21d2-479d-9d33-3cad9b590bd0{ip: 192.168.34.52, host: trunk-nightly-20190912-4gc2t-2068889165, networkLocation: /default-rack, certSerialId: null}1f61edb1-ab55-473c-8774-d83fa3b21acc{ip: 192.168.34.52, host: trunk-nightly-20190912-4gc2t-2068889165, networkLocation: /default-rack, certSerialId: null}, Type:RATIS, Factor:THREE, State:CLOSED]
org.apache.hadoop.hdds.scm.pipeline.PipelineNotFoundException: PipelineID=a9bcf8c8-3c1e-40a0-bdf8-f6dbaa47753d not found
	at org.apache.hadoop.hdds.scm.pipeline.PipelineStateMap.getPipeline(PipelineStateMap.java:132)
	at org.apache.hadoop.hdds.scm.pipeline.PipelineStateMap.removePipeline(PipelineStateMap.java:322)
	at org.apache.hadoop.hdds.scm.pipeline.PipelineStateManager.removePipeline(PipelineStateManager.java:107)
	at org.apache.hadoop.hdds.scm.pipeline.SCMPipelineManager.removePipeline(SCMPipelineManager.java:423)
	at org.apache.hadoop.hdds.scm.pipeline.SCMPipelineManager.destroyPipeline(SCMPipelineManager.java:409)
	at org.apache.hadoop.hdds.scm.pipeline.SCMPipelineManager.lambda$finalizeAndDestroyPipeline$0(SCMPipelineManager.java:318)
	at org.apache.hadoop.utils.Scheduler.lambda$schedule$1(Scheduler.java:68)
	at java.util.concurrent.Executors$RunnableAdapter.call(Executors.java:511)
	at java.util.concurrent.FutureTask.run(FutureTask.java:266)
	at java.util.concurrent.ScheduledThreadPoolExecutor$ScheduledFutureTask.access$201(ScheduledThreadPoolExecutor.java:180)
	at java.util.concurrent.ScheduledThreadPoolExecutor$ScheduledFutureTask.run(ScheduledThreadPoolExecutor.java:293)
	at java.util.concurrent.ThreadPoolExecutor.runWorker(ThreadPoolExecutor.java:1149)
	at java.util.concurrent.ThreadPoolExecutor$Worker.run(ThreadPoolExecutor.java:624)
	at java.lang.Thread.run(Thread.java:748)
2019-09-12 06:00:28,552 [63029d58-985e-44b6-b8f1-28f19ea5ad76@group-0077CE01DE48-SegmentedRaftLogWorker] WARN  segmented.SegmentedRaftLogWorker (SegmentedRaftLogWorker.java:getFromFuture(90)) - Timeout 1/~
org.apache.ratis.protocol.TimeoutIOException: Timeout 10s: WriteLog:11: (t:1, i:11), STATEMACHINELOGENTRY, client-A49E3A1ED208, cid=32-writeStateMachineData
	at org.apache.ratis.util.IOUtils.getFromFuture(IOUtils.java:87)
	at org.apache.ratis.server.raftlog.segmented.SegmentedRaftLogWorker$StateMachineDataPolicy.getFromFuture(SegmentedRaftLogWorker.java:87)
	at org.apache.ratis.server.raftlog.segmented.SegmentedRaftLogWorker$WriteLog.execute(SegmentedRaftLogWorker.java:477)
	at org.apache.ratis.server.raftlog.segmented.SegmentedRaftLogWorker.run(SegmentedRaftLogWorker.java:289)
	at java.lang.Thread.run(Thread.java:748)
Caused by: java.util.concurrent.TimeoutException
	at java.util.concurrent.CompletableFuture.timedGet(CompletableFuture.java:1771)
	at java.util.concurrent.CompletableFuture.get(CompletableFuture.java:1915)
	at org.apache.ratis.util.IOUtils.getFromFuture(IOUtils.java:79)
	... 4 more
2019-09-12 06:00:28,553 [e419d203-ae84-45b4-a349-326cccf7322d@group-0077CE01DE48-SegmentedRaftLogWorker] WARN  segmented.SegmentedRaftLogWorker (SegmentedRaftLogWorker.java:getFromFuture(90)) - Timeout 1/~
org.apache.ratis.protocol.TimeoutIOException: Timeout 10s: WriteLog:11: (t:1, i:11), STATEMACHINELOGENTRY, client-A49E3A1ED208, cid=32-writeStateMachineData
	at org.apache.ratis.util.IOUtils.getFromFuture(IOUtils.java:87)
	at org.apache.ratis.server.raftlog.segmented.SegmentedRaftLogWorker$StateMachineDataPolicy.getFromFuture(SegmentedRaftLogWorker.java:87)
	at org.apache.ratis.server.raftlog.segmented.SegmentedRaftLogWorker$WriteLog.execute(SegmentedRaftLogWorker.java:477)
	at org.apache.ratis.server.raftlog.segmented.SegmentedRaftLogWorker.run(SegmentedRaftLogWorker.java:289)
	at java.lang.Thread.run(Thread.java:748)
Caused by: java.util.concurrent.TimeoutException
	at java.util.concurrent.CompletableFuture.timedGet(CompletableFuture.java:1771)
	at java.util.concurrent.CompletableFuture.get(CompletableFuture.java:1915)
	at org.apache.ratis.util.IOUtils.getFromFuture(IOUtils.java:79)
	... 4 more
2019-09-12 06:00:28,677 [300524ac-6f40-4001-8852-e3bc017e7a2d@group-0077CE01DE48-SegmentedRaftLogWorker] WARN  segmented.SegmentedRaftLogWorker (SegmentedRaftLogWorker.java:getFromFuture(90)) - Timeout 1/~
org.apache.ratis.protocol.TimeoutIOException: Timeout 10s: WriteLog:12: (t:1, i:12), STATEMACHINELOGENTRY, client-A49E3A1ED208, cid=33-writeStateMachineData
	at org.apache.ratis.util.IOUtils.getFromFuture(IOUtils.java:87)
	at org.apache.ratis.server.raftlog.segmented.SegmentedRaftLogWorker$StateMachineDataPolicy.getFromFuture(SegmentedRaftLogWorker.java:87)
	at org.apache.ratis.server.raftlog.segmented.SegmentedRaftLogWorker$WriteLog.execute(SegmentedRaftLogWorker.java:477)
	at org.apache.ratis.server.raftlog.segmented.SegmentedRaftLogWorker.run(SegmentedRaftLogWorker.java:289)
	at java.lang.Thread.run(Thread.java:748)
Caused by: java.util.concurrent.TimeoutException
	at java.util.concurrent.CompletableFuture.timedGet(CompletableFuture.java:1771)
	at java.util.concurrent.CompletableFuture.get(CompletableFuture.java:1915)
	at org.apache.ratis.util.IOUtils.getFromFuture(IOUtils.java:79)
	... 4 more
2019-09-12 06:00:28,725 [grpc-default-executor-4] INFO  client.GrpcClientProtocolClient (GrpcClientProtocolClient.java:onNext(264)) - client-A49E3A1ED208->63029d58-985e-44b6-b8f1-28f19ea5ad76: receive RaftClientReply:client-A49E3A1ED208->63029d58-985e-44b6-b8f1-28f19ea5ad76@group-0077CE01DE48, cid=32, FAILED org.apache.ratis.protocol.NotLeaderException: Server 63029d58-985e-44b6-b8f1-28f19ea5ad76@group-0077CE01DE48 is not the leader 300524ac-6f40-4001-8852-e3bc017e7a2d:192.168.34.52:35783, logIndex=0, commits[63029d58-985e-44b6-b8f1-28f19ea5ad76:c10, 300524ac-6f40-4001-8852-e3bc017e7a2d:c10, e419d203-ae84-45b4-a349-326cccf7322d:c6]
2019-09-12 06:00:29,056 [java.util.concurrent.ThreadPoolExecutor$Worker@31a3eae4[State = -1, empty queue]] WARN  server.GrpcLogAppender (GrpcLogAppender.java:timeoutAppendRequest(200)) - 300524ac-6f40-4001-8852-e3bc017e7a2d@group-0077CE01DE48->63029d58-985e-44b6-b8f1-28f19ea5ad76-GrpcLogAppender: appendEntries Timeout, request=300524ac-6f40-4001-8852-e3bc017e7a2d->63029d58-985e-44b6-b8f1-28f19ea5ad76#96-t1, previous=(t:1, i:13), leaderCommit=10, initializing? false, entries: <empty>
2019-09-12 06:00:29,056 [java.util.concurrent.ThreadPoolExecutor$Worker@44961301[State = -1, empty queue]] WARN  server.GrpcLogAppender (GrpcLogAppender.java:timeoutAppendRequest(200)) - 300524ac-6f40-4001-8852-e3bc017e7a2d@group-0077CE01DE48->e419d203-ae84-45b4-a349-326cccf7322d-GrpcLogAppender: appendEntries Timeout, request=300524ac-6f40-4001-8852-e3bc017e7a2d->e419d203-ae84-45b4-a349-326cccf7322d#96-t1, previous=(t:1, i:13), leaderCommit=10, initializing? false, entries: <empty>
2019-09-12 06:00:30,029 [grpc-default-executor-1] INFO  impl.RaftServerProxy (RaftServerProxy.java:remove(95)) - df009476-bbf0-43a2-af41-11b5052a445f: remove group-F6DBAA47753D:null
2019-09-12 06:00:30,035 [RatisPipelineUtilsThread] WARN  pipeline.RatisPipelineUtils (RatisPipelineUtils.java:destroyPipeline(66)) - Pipeline destroy failed for pipeline=PipelineID=a9bcf8c8-3c1e-40a0-bdf8-f6dbaa47753d dn=df009476-bbf0-43a2-af41-11b5052a445f{ip: 192.168.34.52, host: trunk-nightly-20190912-4gc2t-2068889165, networkLocation: /default-rack, certSerialId: null}
2019-09-12 06:00:30,037 [grpc-default-executor-1] INFO  impl.RaftServerProxy (RaftServerProxy.java:remove(95)) - 8f5ab14e-21d2-479d-9d33-3cad9b590bd0: remove group-F6DBAA47753D:null
2019-09-12 06:00:30,042 [RatisPipelineUtilsThread] WARN  pipeline.RatisPipelineUtils (RatisPipelineUtils.java:destroyPipeline(66)) - Pipeline destroy failed for pipeline=PipelineID=a9bcf8c8-3c1e-40a0-bdf8-f6dbaa47753d dn=8f5ab14e-21d2-479d-9d33-3cad9b590bd0{ip: 192.168.34.52, host: trunk-nightly-20190912-4gc2t-2068889165, networkLocation: /default-rack, certSerialId: null}
2019-09-12 06:00:30,044 [grpc-default-executor-1] INFO  impl.RaftServerProxy (RaftServerProxy.java:remove(95)) - 1f61edb1-ab55-473c-8774-d83fa3b21acc: remove group-F6DBAA47753D:null
2019-09-12 06:00:30,048 [RatisPipelineUtilsThread] WARN  pipeline.RatisPipelineUtils (RatisPipelineUtils.java:destroyPipeline(66)) - Pipeline destroy failed for pipeline=PipelineID=a9bcf8c8-3c1e-40a0-bdf8-f6dbaa47753d dn=1f61edb1-ab55-473c-8774-d83fa3b21acc{ip: 192.168.34.52, host: trunk-nightly-20190912-4gc2t-2068889165, networkLocation: /default-rack, certSerialId: null}
2019-09-12 06:00:30,048 [RatisPipelineUtilsThread] ERROR pipeline.SCMPipelineManager (Scheduler.java:lambda$schedule$1(70)) - Destroy pipeline failed for pipeline:Pipeline[ Id: a9bcf8c8-3c1e-40a0-bdf8-f6dbaa47753d, Nodes: df009476-bbf0-43a2-af41-11b5052a445f{ip: 192.168.34.52, host: trunk-nightly-20190912-4gc2t-2068889165, networkLocation: /default-rack, certSerialId: null}8f5ab14e-21d2-479d-9d33-3cad9b590bd0{ip: 192.168.34.52, host: trunk-nightly-20190912-4gc2t-2068889165, networkLocation: /default-rack, certSerialId: null}1f61edb1-ab55-473c-8774-d83fa3b21acc{ip: 192.168.34.52, host: trunk-nightly-20190912-4gc2t-2068889165, networkLocation: /default-rack, certSerialId: null}, Type:RATIS, Factor:THREE, State:CLOSED]
org.apache.hadoop.hdds.scm.pipeline.PipelineNotFoundException: PipelineID=a9bcf8c8-3c1e-40a0-bdf8-f6dbaa47753d not found
	at org.apache.hadoop.hdds.scm.pipeline.PipelineStateMap.getPipeline(PipelineStateMap.java:132)
	at org.apache.hadoop.hdds.scm.pipeline.PipelineStateMap.removePipeline(PipelineStateMap.java:322)
	at org.apache.hadoop.hdds.scm.pipeline.PipelineStateManager.removePipeline(PipelineStateManager.java:107)
	at org.apache.hadoop.hdds.scm.pipeline.SCMPipelineManager.removePipeline(SCMPipelineManager.java:423)
	at org.apache.hadoop.hdds.scm.pipeline.SCMPipelineManager.destroyPipeline(SCMPipelineManager.java:409)
	at org.apache.hadoop.hdds.scm.pipeline.SCMPipelineManager.lambda$finalizeAndDestroyPipeline$0(SCMPipelineManager.java:318)
	at org.apache.hadoop.utils.Scheduler.lambda$schedule$1(Scheduler.java:68)
	at java.util.concurrent.Executors$RunnableAdapter.call(Executors.java:511)
	at java.util.concurrent.FutureTask.run(FutureTask.java:266)
	at java.util.concurrent.ScheduledThreadPoolExecutor$ScheduledFutureTask.access$201(ScheduledThreadPoolExecutor.java:180)
	at java.util.concurrent.ScheduledThreadPoolExecutor$ScheduledFutureTask.run(ScheduledThreadPoolExecutor.java:293)
	at java.util.concurrent.ThreadPoolExecutor.runWorker(ThreadPoolExecutor.java:1149)
	at java.util.concurrent.ThreadPoolExecutor$Worker.run(ThreadPoolExecutor.java:624)
	at java.lang.Thread.run(Thread.java:748)
2019-09-12 06:00:31,557 [java.util.concurrent.ThreadPoolExecutor$Worker@44961301[State = -1, empty queue]] WARN  server.GrpcLogAppender (GrpcLogAppender.java:timeoutAppendRequest(200)) - 300524ac-6f40-4001-8852-e3bc017e7a2d@group-0077CE01DE48->e419d203-ae84-45b4-a349-326cccf7322d-GrpcLogAppender: appendEntries Timeout, request=300524ac-6f40-4001-8852-e3bc017e7a2d->e419d203-ae84-45b4-a349-326cccf7322d#97-t1, previous=(t:1, i:13), leaderCommit=10, initializing? false, entries: <empty>
2019-09-12 06:00:31,557 [java.util.concurrent.ThreadPoolExecutor$Worker@31a3eae4[State = -1, empty queue]] WARN  server.GrpcLogAppender (GrpcLogAppender.java:timeoutAppendRequest(200)) - 300524ac-6f40-4001-8852-e3bc017e7a2d@group-0077CE01DE48->63029d58-985e-44b6-b8f1-28f19ea5ad76-GrpcLogAppender: appendEntries Timeout, request=300524ac-6f40-4001-8852-e3bc017e7a2d->63029d58-985e-44b6-b8f1-28f19ea5ad76#97-t1, previous=(t:1, i:13), leaderCommit=10, initializing? false, entries: <empty>
2019-09-12 06:00:32,038 [grpc-default-executor-1] INFO  impl.RaftServerProxy (RaftServerProxy.java:remove(95)) - df009476-bbf0-43a2-af41-11b5052a445f: remove group-F6DBAA47753D:null
2019-09-12 06:00:32,045 [RatisPipelineUtilsThread] WARN  pipeline.RatisPipelineUtils (RatisPipelineUtils.java:destroyPipeline(66)) - Pipeline destroy failed for pipeline=PipelineID=a9bcf8c8-3c1e-40a0-bdf8-f6dbaa47753d dn=df009476-bbf0-43a2-af41-11b5052a445f{ip: 192.168.34.52, host: trunk-nightly-20190912-4gc2t-2068889165, networkLocation: /default-rack, certSerialId: null}
2019-09-12 06:00:32,049 [grpc-default-executor-1] INFO  impl.RaftServerProxy (RaftServerProxy.java:remove(95)) - 8f5ab14e-21d2-479d-9d33-3cad9b590bd0: remove group-F6DBAA47753D:null
2019-09-12 06:00:32,055 [RatisPipelineUtilsThread] WARN  pipeline.RatisPipelineUtils (RatisPipelineUtils.java:destroyPipeline(66)) - Pipeline destroy failed for pipeline=PipelineID=a9bcf8c8-3c1e-40a0-bdf8-f6dbaa47753d dn=8f5ab14e-21d2-479d-9d33-3cad9b590bd0{ip: 192.168.34.52, host: trunk-nightly-20190912-4gc2t-2068889165, networkLocation: /default-rack, certSerialId: null}
2019-09-12 06:00:32,058 [grpc-default-executor-1] INFO  impl.RaftServerProxy (RaftServerProxy.java:remove(95)) - 1f61edb1-ab55-473c-8774-d83fa3b21acc: remove group-F6DBAA47753D:null
2019-09-12 06:00:32,063 [RatisPipelineUtilsThread] WARN  pipeline.RatisPipelineUtils (RatisPipelineUtils.java:destroyPipeline(66)) - Pipeline destroy failed for pipeline=PipelineID=a9bcf8c8-3c1e-40a0-bdf8-f6dbaa47753d dn=1f61edb1-ab55-473c-8774-d83fa3b21acc{ip: 192.168.34.52, host: trunk-nightly-20190912-4gc2t-2068889165, networkLocation: /default-rack, certSerialId: null}
2019-09-12 06:00:32,064 [RatisPipelineUtilsThread] ERROR pipeline.SCMPipelineManager (Scheduler.java:lambda$schedule$1(70)) - Destroy pipeline failed for pipeline:Pipeline[ Id: a9bcf8c8-3c1e-40a0-bdf8-f6dbaa47753d, Nodes: df009476-bbf0-43a2-af41-11b5052a445f{ip: 192.168.34.52, host: trunk-nightly-20190912-4gc2t-2068889165, networkLocation: /default-rack, certSerialId: null}8f5ab14e-21d2-479d-9d33-3cad9b590bd0{ip: 192.168.34.52, host: trunk-nightly-20190912-4gc2t-2068889165, networkLocation: /default-rack, certSerialId: null}1f61edb1-ab55-473c-8774-d83fa3b21acc{ip: 192.168.34.52, host: trunk-nightly-20190912-4gc2t-2068889165, networkLocation: /default-rack, certSerialId: null}, Type:RATIS, Factor:THREE, State:CLOSED]
org.apache.hadoop.hdds.scm.pipeline.PipelineNotFoundException: PipelineID=a9bcf8c8-3c1e-40a0-bdf8-f6dbaa47753d not found
	at org.apache.hadoop.hdds.scm.pipeline.PipelineStateMap.getPipeline(PipelineStateMap.java:132)
	at org.apache.hadoop.hdds.scm.pipeline.PipelineStateMap.removePipeline(PipelineStateMap.java:322)
	at org.apache.hadoop.hdds.scm.pipeline.PipelineStateManager.removePipeline(PipelineStateManager.java:107)
	at org.apache.hadoop.hdds.scm.pipeline.SCMPipelineManager.removePipeline(SCMPipelineManager.java:423)
	at org.apache.hadoop.hdds.scm.pipeline.SCMPipelineManager.destroyPipeline(SCMPipelineManager.java:409)
	at org.apache.hadoop.hdds.scm.pipeline.SCMPipelineManager.lambda$finalizeAndDestroyPipeline$0(SCMPipelineManager.java:318)
	at org.apache.hadoop.utils.Scheduler.lambda$schedule$1(Scheduler.java:68)
	at java.util.concurrent.Executors$RunnableAdapter.call(Executors.java:511)
	at java.util.concurrent.FutureTask.run(FutureTask.java:266)
	at java.util.concurrent.ScheduledThreadPoolExecutor$ScheduledFutureTask.access$201(ScheduledThreadPoolExecutor.java:180)
	at java.util.concurrent.ScheduledThreadPoolExecutor$ScheduledFutureTask.run(ScheduledThreadPoolExecutor.java:293)
	at java.util.concurrent.ThreadPoolExecutor.runWorker(ThreadPoolExecutor.java:1149)
	at java.util.concurrent.ThreadPoolExecutor$Worker.run(ThreadPoolExecutor.java:624)
	at java.lang.Thread.run(Thread.java:748)
2019-09-12 06:00:33,759 [grpc-default-executor-1] INFO  client.GrpcClientProtocolClient (GrpcClientProtocolClient.java:onNext(264)) - client-A49E3A1ED208->e419d203-ae84-45b4-a349-326cccf7322d: receive RaftClientReply:client-A49E3A1ED208->e419d203-ae84-45b4-a349-326cccf7322d@group-0077CE01DE48, cid=32, FAILED org.apache.ratis.protocol.NotLeaderException: Server e419d203-ae84-45b4-a349-326cccf7322d@group-0077CE01DE48 is not the leader 300524ac-6f40-4001-8852-e3bc017e7a2d:192.168.34.52:35783, logIndex=0, commits[e419d203-ae84-45b4-a349-326cccf7322d:c10, 63029d58-985e-44b6-b8f1-28f19ea5ad76:c6, 300524ac-6f40-4001-8852-e3bc017e7a2d:c10]
2019-09-12 06:00:34,061 [java.util.concurrent.ThreadPoolExecutor$Worker@44961301[State = -1, empty queue]] WARN  server.GrpcLogAppender (GrpcLogAppender.java:timeoutAppendRequest(200)) - 300524ac-6f40-4001-8852-e3bc017e7a2d@group-0077CE01DE48->e419d203-ae84-45b4-a349-326cccf7322d-GrpcLogAppender: appendEntries Timeout, request=300524ac-6f40-4001-8852-e3bc017e7a2d->e419d203-ae84-45b4-a349-326cccf7322d#98-t1, previous=(t:1, i:13), leaderCommit=10, initializing? false, entries: <empty>
2019-09-12 06:00:34,061 [java.util.concurrent.ThreadPoolExecutor$Worker@31a3eae4[State = -1, empty queue]] WARN  server.GrpcLogAppender (GrpcLogAppender.java:timeoutAppendRequest(200)) - 300524ac-6f40-4001-8852-e3bc017e7a2d@group-0077CE01DE48->63029d58-985e-44b6-b8f1-28f19ea5ad76-GrpcLogAppender: appendEntries Timeout, request=300524ac-6f40-4001-8852-e3bc017e7a2d->63029d58-985e-44b6-b8f1-28f19ea5ad76#98-t1, previous=(t:1, i:13), leaderCommit=10, initializing? false, entries: <empty>
2019-09-12 06:00:35,032 [grpc-default-executor-1] INFO  impl.RaftServerProxy (RaftServerProxy.java:remove(95)) - df009476-bbf0-43a2-af41-11b5052a445f: remove group-F6DBAA47753D:null
2019-09-12 06:00:35,038 [RatisPipelineUtilsThread] WARN  pipeline.RatisPipelineUtils (RatisPipelineUtils.java:destroyPipeline(66)) - Pipeline destroy failed for pipeline=PipelineID=a9bcf8c8-3c1e-40a0-bdf8-f6dbaa47753d dn=df009476-bbf0-43a2-af41-11b5052a445f{ip: 192.168.34.52, host: trunk-nightly-20190912-4gc2t-2068889165, networkLocation: /default-rack, certSerialId: null}
2019-09-12 06:00:35,042 [grpc-default-executor-1] INFO  impl.RaftServerProxy (RaftServerProxy.java:remove(95)) - 8f5ab14e-21d2-479d-9d33-3cad9b590bd0: remove group-F6DBAA47753D:null
2019-09-12 06:00:35,048 [RatisPipelineUtilsThread] WARN  pipeline.RatisPipelineUtils (RatisPipelineUtils.java:destroyPipeline(66)) - Pipeline destroy failed for pipeline=PipelineID=a9bcf8c8-3c1e-40a0-bdf8-f6dbaa47753d dn=8f5ab14e-21d2-479d-9d33-3cad9b590bd0{ip: 192.168.34.52, host: trunk-nightly-20190912-4gc2t-2068889165, networkLocation: /default-rack, certSerialId: null}
2019-09-12 06:00:35,051 [grpc-default-executor-1] INFO  impl.RaftServerProxy (RaftServerProxy.java:remove(95)) - 1f61edb1-ab55-473c-8774-d83fa3b21acc: remove group-F6DBAA47753D:null
2019-09-12 06:00:35,056 [RatisPipelineUtilsThread] WARN  pipeline.RatisPipelineUtils (RatisPipelineUtils.java:destroyPipeline(66)) - Pipeline destroy failed for pipeline=PipelineID=a9bcf8c8-3c1e-40a0-bdf8-f6dbaa47753d dn=1f61edb1-ab55-473c-8774-d83fa3b21acc{ip: 192.168.34.52, host: trunk-nightly-20190912-4gc2t-2068889165, networkLocation: /default-rack, certSerialId: null}
2019-09-12 06:00:35,056 [RatisPipelineUtilsThread] ERROR pipeline.SCMPipelineManager (Scheduler.java:lambda$schedule$1(70)) - Destroy pipeline failed for pipeline:Pipeline[ Id: a9bcf8c8-3c1e-40a0-bdf8-f6dbaa47753d, Nodes: df009476-bbf0-43a2-af41-11b5052a445f{ip: 192.168.34.52, host: trunk-nightly-20190912-4gc2t-2068889165, networkLocation: /default-rack, certSerialId: null}8f5ab14e-21d2-479d-9d33-3cad9b590bd0{ip: 192.168.34.52, host: trunk-nightly-20190912-4gc2t-2068889165, networkLocation: /default-rack, certSerialId: null}1f61edb1-ab55-473c-8774-d83fa3b21acc{ip: 192.168.34.52, host: trunk-nightly-20190912-4gc2t-2068889165, networkLocation: /default-rack, certSerialId: null}, Type:RATIS, Factor:THREE, State:CLOSED]
org.apache.hadoop.hdds.scm.pipeline.PipelineNotFoundException: PipelineID=a9bcf8c8-3c1e-40a0-bdf8-f6dbaa47753d not found
	at org.apache.hadoop.hdds.scm.pipeline.PipelineStateMap.getPipeline(PipelineStateMap.java:132)
	at org.apache.hadoop.hdds.scm.pipeline.PipelineStateMap.removePipeline(PipelineStateMap.java:322)
	at org.apache.hadoop.hdds.scm.pipeline.PipelineStateManager.removePipeline(PipelineStateManager.java:107)
	at org.apache.hadoop.hdds.scm.pipeline.SCMPipelineManager.removePipeline(SCMPipelineManager.java:423)
	at org.apache.hadoop.hdds.scm.pipeline.SCMPipelineManager.destroyPipeline(SCMPipelineManager.java:409)
	at org.apache.hadoop.hdds.scm.pipeline.SCMPipelineManager.lambda$finalizeAndDestroyPipeline$0(SCMPipelineManager.java:318)
	at org.apache.hadoop.utils.Scheduler.lambda$schedule$1(Scheduler.java:68)
	at java.util.concurrent.Executors$RunnableAdapter.call(Executors.java:511)
	at java.util.concurrent.FutureTask.run(FutureTask.java:266)
	at java.util.concurrent.ScheduledThreadPoolExecutor$ScheduledFutureTask.access$201(ScheduledThreadPoolExecutor.java:180)
	at java.util.concurrent.ScheduledThreadPoolExecutor$ScheduledFutureTask.run(ScheduledThreadPoolExecutor.java:293)
	at java.util.concurrent.ThreadPoolExecutor.runWorker(ThreadPoolExecutor.java:1149)
	at java.util.concurrent.ThreadPoolExecutor$Worker.run(ThreadPoolExecutor.java:624)
	at java.lang.Thread.run(Thread.java:748)
2019-09-12 06:00:36,561 [java.util.concurrent.ThreadPoolExecutor$Worker@44961301[State = -1, empty queue]] WARN  server.GrpcLogAppender (GrpcLogAppender.java:timeoutAppendRequest(200)) - 300524ac-6f40-4001-8852-e3bc017e7a2d@group-0077CE01DE48->e419d203-ae84-45b4-a349-326cccf7322d-GrpcLogAppender: appendEntries Timeout, request=300524ac-6f40-4001-8852-e3bc017e7a2d->e419d203-ae84-45b4-a349-326cccf7322d#99-t1, previous=(t:1, i:13), leaderCommit=10, initializing? false, entries: <empty>
2019-09-12 06:00:36,561 [java.util.concurrent.ThreadPoolExecutor$Worker@31a3eae4[State = -1, empty queue]] WARN  server.GrpcLogAppender (GrpcLogAppender.java:timeoutAppendRequest(200)) - 300524ac-6f40-4001-8852-e3bc017e7a2d@group-0077CE01DE48->63029d58-985e-44b6-b8f1-28f19ea5ad76-GrpcLogAppender: appendEntries Timeout, request=300524ac-6f40-4001-8852-e3bc017e7a2d->63029d58-985e-44b6-b8f1-28f19ea5ad76#99-t1, previous=(t:1, i:13), leaderCommit=10, initializing? false, entries: <empty>
2019-09-12 06:00:37,031 [grpc-default-executor-4] INFO  impl.RaftServerProxy (RaftServerProxy.java:remove(95)) - df009476-bbf0-43a2-af41-11b5052a445f: remove group-F6DBAA47753D:null
2019-09-12 06:00:37,037 [RatisPipelineUtilsThread] WARN  pipeline.RatisPipelineUtils (RatisPipelineUtils.java:destroyPipeline(66)) - Pipeline destroy failed for pipeline=PipelineID=a9bcf8c8-3c1e-40a0-bdf8-f6dbaa47753d dn=df009476-bbf0-43a2-af41-11b5052a445f{ip: 192.168.34.52, host: trunk-nightly-20190912-4gc2t-2068889165, networkLocation: /default-rack, certSerialId: null}
2019-09-12 06:00:37,040 [grpc-default-executor-4] INFO  impl.RaftServerProxy (RaftServerProxy.java:remove(95)) - 8f5ab14e-21d2-479d-9d33-3cad9b590bd0: remove group-F6DBAA47753D:null
2019-09-12 06:00:37,044 [RatisPipelineUtilsThread] WARN  pipeline.RatisPipelineUtils (RatisPipelineUtils.java:destroyPipeline(66)) - Pipeline destroy failed for pipeline=PipelineID=a9bcf8c8-3c1e-40a0-bdf8-f6dbaa47753d dn=8f5ab14e-21d2-479d-9d33-3cad9b590bd0{ip: 192.168.34.52, host: trunk-nightly-20190912-4gc2t-2068889165, networkLocation: /default-rack, certSerialId: null}
2019-09-12 06:00:37,046 [grpc-default-executor-4] INFO  impl.RaftServerProxy (RaftServerProxy.java:remove(95)) - 1f61edb1-ab55-473c-8774-d83fa3b21acc: remove group-F6DBAA47753D:null
2019-09-12 06:00:37,051 [RatisPipelineUtilsThread] WARN  pipeline.RatisPipelineUtils (RatisPipelineUtils.java:destroyPipeline(66)) - Pipeline destroy failed for pipeline=PipelineID=a9bcf8c8-3c1e-40a0-bdf8-f6dbaa47753d dn=1f61edb1-ab55-473c-8774-d83fa3b21acc{ip: 192.168.34.52, host: trunk-nightly-20190912-4gc2t-2068889165, networkLocation: /default-rack, certSerialId: null}
2019-09-12 06:00:37,051 [RatisPipelineUtilsThread] ERROR pipeline.SCMPipelineManager (Scheduler.java:lambda$schedule$1(70)) - Destroy pipeline failed for pipeline:Pipeline[ Id: a9bcf8c8-3c1e-40a0-bdf8-f6dbaa47753d, Nodes: df009476-bbf0-43a2-af41-11b5052a445f{ip: 192.168.34.52, host: trunk-nightly-20190912-4gc2t-2068889165, networkLocation: /default-rack, certSerialId: null}8f5ab14e-21d2-479d-9d33-3cad9b590bd0{ip: 192.168.34.52, host: trunk-nightly-20190912-4gc2t-2068889165, networkLocation: /default-rack, certSerialId: null}1f61edb1-ab55-473c-8774-d83fa3b21acc{ip: 192.168.34.52, host: trunk-nightly-20190912-4gc2t-2068889165, networkLocation: /default-rack, certSerialId: null}, Type:RATIS, Factor:THREE, State:CLOSED]
org.apache.hadoop.hdds.scm.pipeline.PipelineNotFoundException: PipelineID=a9bcf8c8-3c1e-40a0-bdf8-f6dbaa47753d not found
	at org.apache.hadoop.hdds.scm.pipeline.PipelineStateMap.getPipeline(PipelineStateMap.java:132)
	at org.apache.hadoop.hdds.scm.pipeline.PipelineStateMap.removePipeline(PipelineStateMap.java:322)
	at org.apache.hadoop.hdds.scm.pipeline.PipelineStateManager.removePipeline(PipelineStateManager.java:107)
	at org.apache.hadoop.hdds.scm.pipeline.SCMPipelineManager.removePipeline(SCMPipelineManager.java:423)
	at org.apache.hadoop.hdds.scm.pipeline.SCMPipelineManager.destroyPipeline(SCMPipelineManager.java:409)
	at org.apache.hadoop.hdds.scm.pipeline.SCMPipelineManager.lambda$finalizeAndDestroyPipeline$0(SCMPipelineManager.java:318)
	at org.apache.hadoop.utils.Scheduler.lambda$schedule$1(Scheduler.java:68)
	at java.util.concurrent.Executors$RunnableAdapter.call(Executors.java:511)
	at java.util.concurrent.FutureTask.run(FutureTask.java:266)
	at java.util.concurrent.ScheduledThreadPoolExecutor$ScheduledFutureTask.access$201(ScheduledThreadPoolExecutor.java:180)
	at java.util.concurrent.ScheduledThreadPoolExecutor$ScheduledFutureTask.run(ScheduledThreadPoolExecutor.java:293)
	at java.util.concurrent.ThreadPoolExecutor.runWorker(ThreadPoolExecutor.java:1149)
	at java.util.concurrent.ThreadPoolExecutor$Worker.run(ThreadPoolExecutor.java:624)
	at java.lang.Thread.run(Thread.java:748)
2019-09-12 06:00:38,553 [63029d58-985e-44b6-b8f1-28f19ea5ad76@group-0077CE01DE48-SegmentedRaftLogWorker] WARN  segmented.SegmentedRaftLogWorker (SegmentedRaftLogWorker.java:getFromFuture(90)) - Timeout 2/~
org.apache.ratis.protocol.TimeoutIOException: Timeout 10s: WriteLog:11: (t:1, i:11), STATEMACHINELOGENTRY, client-A49E3A1ED208, cid=32-writeStateMachineData
	at org.apache.ratis.util.IOUtils.getFromFuture(IOUtils.java:87)
	at org.apache.ratis.server.raftlog.segmented.SegmentedRaftLogWorker$StateMachineDataPolicy.getFromFuture(SegmentedRaftLogWorker.java:87)
	at org.apache.ratis.server.raftlog.segmented.SegmentedRaftLogWorker$WriteLog.execute(SegmentedRaftLogWorker.java:477)
	at org.apache.ratis.server.raftlog.segmented.SegmentedRaftLogWorker.run(SegmentedRaftLogWorker.java:289)
	at java.lang.Thread.run(Thread.java:748)
Caused by: java.util.concurrent.TimeoutException
	at java.util.concurrent.CompletableFuture.timedGet(CompletableFuture.java:1771)
	at java.util.concurrent.CompletableFuture.get(CompletableFuture.java:1915)
	at org.apache.ratis.util.IOUtils.getFromFuture(IOUtils.java:79)
	... 4 more
2019-09-12 06:00:38,554 [e419d203-ae84-45b4-a349-326cccf7322d@group-0077CE01DE48-SegmentedRaftLogWorker] WARN  segmented.SegmentedRaftLogWorker (SegmentedRaftLogWorker.java:getFromFuture(90)) - Timeout 2/~
org.apache.ratis.protocol.TimeoutIOException: Timeout 10s: WriteLog:11: (t:1, i:11), STATEMACHINELOGENTRY, client-A49E3A1ED208, cid=32-writeStateMachineData
	at org.apache.ratis.util.IOUtils.getFromFuture(IOUtils.java:87)
	at org.apache.ratis.server.raftlog.segmented.SegmentedRaftLogWorker$StateMachineDataPolicy.getFromFuture(SegmentedRaftLogWorker.java:87)
	at org.apache.ratis.server.raftlog.segmented.SegmentedRaftLogWorker$WriteLog.execute(SegmentedRaftLogWorker.java:477)
	at org.apache.ratis.server.raftlog.segmented.SegmentedRaftLogWorker.run(SegmentedRaftLogWorker.java:289)
	at java.lang.Thread.run(Thread.java:748)
Caused by: java.util.concurrent.TimeoutException
	at java.util.concurrent.CompletableFuture.timedGet(CompletableFuture.java:1771)
	at java.util.concurrent.CompletableFuture.get(CompletableFuture.java:1915)
	at org.apache.ratis.util.IOUtils.getFromFuture(IOUtils.java:79)
	... 4 more
2019-09-12 06:00:38,678 [300524ac-6f40-4001-8852-e3bc017e7a2d@group-0077CE01DE48-SegmentedRaftLogWorker] WARN  segmented.SegmentedRaftLogWorker (SegmentedRaftLogWorker.java:getFromFuture(90)) - Timeout 2/~
org.apache.ratis.protocol.TimeoutIOException: Timeout 10s: WriteLog:12: (t:1, i:12), STATEMACHINELOGENTRY, client-A49E3A1ED208, cid=33-writeStateMachineData
	at org.apache.ratis.util.IOUtils.getFromFuture(IOUtils.java:87)
	at org.apache.ratis.server.raftlog.segmented.SegmentedRaftLogWorker$StateMachineDataPolicy.getFromFuture(SegmentedRaftLogWorker.java:87)
	at org.apache.ratis.server.raftlog.segmented.SegmentedRaftLogWorker$WriteLog.execute(SegmentedRaftLogWorker.java:477)
	at org.apache.ratis.server.raftlog.segmented.SegmentedRaftLogWorker.run(SegmentedRaftLogWorker.java:289)
	at java.lang.Thread.run(Thread.java:748)
Caused by: java.util.concurrent.TimeoutException
	at java.util.concurrent.CompletableFuture.timedGet(CompletableFuture.java:1771)
	at java.util.concurrent.CompletableFuture.get(CompletableFuture.java:1915)
	at org.apache.ratis.util.IOUtils.getFromFuture(IOUtils.java:79)
	... 4 more
2019-09-12 06:00:38,795 [grpc-default-executor-1] INFO  client.GrpcClientProtocolClient (GrpcClientProtocolClient.java:onNext(264)) - client-A49E3A1ED208->63029d58-985e-44b6-b8f1-28f19ea5ad76: receive RaftClientReply:client-A49E3A1ED208->63029d58-985e-44b6-b8f1-28f19ea5ad76@group-0077CE01DE48, cid=32, FAILED org.apache.ratis.protocol.NotLeaderException: Server 63029d58-985e-44b6-b8f1-28f19ea5ad76@group-0077CE01DE48 is not the leader 300524ac-6f40-4001-8852-e3bc017e7a2d:192.168.34.52:35783, logIndex=0, commits[63029d58-985e-44b6-b8f1-28f19ea5ad76:c10, 300524ac-6f40-4001-8852-e3bc017e7a2d:c10, e419d203-ae84-45b4-a349-326cccf7322d:c6]
2019-09-12 06:00:39,062 [java.util.concurrent.ThreadPoolExecutor$Worker@31a3eae4[State = -1, empty queue]] WARN  server.GrpcLogAppender (GrpcLogAppender.java:timeoutAppendRequest(200)) - 300524ac-6f40-4001-8852-e3bc017e7a2d@group-0077CE01DE48->63029d58-985e-44b6-b8f1-28f19ea5ad76-GrpcLogAppender: appendEntries Timeout, request=300524ac-6f40-4001-8852-e3bc017e7a2d->63029d58-985e-44b6-b8f1-28f19ea5ad76#100-t1, previous=(t:1, i:13), leaderCommit=10, initializing? false, entries: <empty>
2019-09-12 06:00:39,062 [java.util.concurrent.ThreadPoolExecutor$Worker@44961301[State = -1, empty queue]] WARN  server.GrpcLogAppender (GrpcLogAppender.java:timeoutAppendRequest(200)) - 300524ac-6f40-4001-8852-e3bc017e7a2d@group-0077CE01DE48->e419d203-ae84-45b4-a349-326cccf7322d-GrpcLogAppender: appendEntries Timeout, request=300524ac-6f40-4001-8852-e3bc017e7a2d->e419d203-ae84-45b4-a349-326cccf7322d#100-t1, previous=(t:1, i:13), leaderCommit=10, initializing? false, entries: <empty>
2019-09-12 06:00:40,033 [grpc-default-executor-1] INFO  impl.RaftServerProxy (RaftServerProxy.java:remove(95)) - df009476-bbf0-43a2-af41-11b5052a445f: remove group-F6DBAA47753D:null
2019-09-12 06:00:40,041 [RatisPipelineUtilsThread] WARN  pipeline.RatisPipelineUtils (RatisPipelineUtils.java:destroyPipeline(66)) - Pipeline destroy failed for pipeline=PipelineID=a9bcf8c8-3c1e-40a0-bdf8-f6dbaa47753d dn=df009476-bbf0-43a2-af41-11b5052a445f{ip: 192.168.34.52, host: trunk-nightly-20190912-4gc2t-2068889165, networkLocation: /default-rack, certSerialId: null}
2019-09-12 06:00:40,045 [grpc-default-executor-1] INFO  impl.RaftServerProxy (RaftServerProxy.java:remove(95)) - 8f5ab14e-21d2-479d-9d33-3cad9b590bd0: remove group-F6DBAA47753D:null
2019-09-12 06:00:40,061 [RatisPipelineUtilsThread] WARN  pipeline.RatisPipelineUtils (RatisPipelineUtils.java:destroyPipeline(66)) - Pipeline destroy failed for pipeline=PipelineID=a9bcf8c8-3c1e-40a0-bdf8-f6dbaa47753d dn=8f5ab14e-21d2-479d-9d33-3cad9b590bd0{ip: 192.168.34.52, host: trunk-nightly-20190912-4gc2t-2068889165, networkLocation: /default-rack, certSerialId: null}
2019-09-12 06:00:40,065 [grpc-default-executor-1] INFO  impl.RaftServerProxy (RaftServerProxy.java:remove(95)) - 1f61edb1-ab55-473c-8774-d83fa3b21acc: remove group-F6DBAA47753D:null
2019-09-12 06:00:40,068 [RatisPipelineUtilsThread] WARN  pipeline.RatisPipelineUtils (RatisPipelineUtils.java:destroyPipeline(66)) - Pipeline destroy failed for pipeline=PipelineID=a9bcf8c8-3c1e-40a0-bdf8-f6dbaa47753d dn=1f61edb1-ab55-473c-8774-d83fa3b21acc{ip: 192.168.34.52, host: trunk-nightly-20190912-4gc2t-2068889165, networkLocation: /default-rack, certSerialId: null}
2019-09-12 06:00:40,068 [RatisPipelineUtilsThread] ERROR pipeline.SCMPipelineManager (Scheduler.java:lambda$schedule$1(70)) - Destroy pipeline failed for pipeline:Pipeline[ Id: a9bcf8c8-3c1e-40a0-bdf8-f6dbaa47753d, Nodes: df009476-bbf0-43a2-af41-11b5052a445f{ip: 192.168.34.52, host: trunk-nightly-20190912-4gc2t-2068889165, networkLocation: /default-rack, certSerialId: null}8f5ab14e-21d2-479d-9d33-3cad9b590bd0{ip: 192.168.34.52, host: trunk-nightly-20190912-4gc2t-2068889165, networkLocation: /default-rack, certSerialId: null}1f61edb1-ab55-473c-8774-d83fa3b21acc{ip: 192.168.34.52, host: trunk-nightly-20190912-4gc2t-2068889165, networkLocation: /default-rack, certSerialId: null}, Type:RATIS, Factor:THREE, State:CLOSED]
org.apache.hadoop.hdds.scm.pipeline.PipelineNotFoundException: PipelineID=a9bcf8c8-3c1e-40a0-bdf8-f6dbaa47753d not found
	at org.apache.hadoop.hdds.scm.pipeline.PipelineStateMap.getPipeline(PipelineStateMap.java:132)
	at org.apache.hadoop.hdds.scm.pipeline.PipelineStateMap.removePipeline(PipelineStateMap.java:322)
	at org.apache.hadoop.hdds.scm.pipeline.PipelineStateManager.removePipeline(PipelineStateManager.java:107)
	at org.apache.hadoop.hdds.scm.pipeline.SCMPipelineManager.removePipeline(SCMPipelineManager.java:423)
	at org.apache.hadoop.hdds.scm.pipeline.SCMPipelineManager.destroyPipeline(SCMPipelineManager.java:409)
	at org.apache.hadoop.hdds.scm.pipeline.SCMPipelineManager.lambda$finalizeAndDestroyPipeline$0(SCMPipelineManager.java:318)
	at org.apache.hadoop.utils.Scheduler.lambda$schedule$1(Scheduler.java:68)
	at java.util.concurrent.Executors$RunnableAdapter.call(Executors.java:511)
	at java.util.concurrent.FutureTask.run(FutureTask.java:266)
	at java.util.concurrent.ScheduledThreadPoolExecutor$ScheduledFutureTask.access$201(ScheduledThreadPoolExecutor.java:180)
	at java.util.concurrent.ScheduledThreadPoolExecutor$ScheduledFutureTask.run(ScheduledThreadPoolExecutor.java:293)
	at java.util.concurrent.ThreadPoolExecutor.runWorker(ThreadPoolExecutor.java:1149)
	at java.util.concurrent.ThreadPoolExecutor$Worker.run(ThreadPoolExecutor.java:624)
	at java.lang.Thread.run(Thread.java:748)
2019-09-12 06:00:41,563 [java.util.concurrent.ThreadPoolExecutor$Worker@31a3eae4[State = -1, empty queue]] WARN  server.GrpcLogAppender (GrpcLogAppender.java:timeoutAppendRequest(200)) - 300524ac-6f40-4001-8852-e3bc017e7a2d@group-0077CE01DE48->63029d58-985e-44b6-b8f1-28f19ea5ad76-GrpcLogAppender: appendEntries Timeout, request=300524ac-6f40-4001-8852-e3bc017e7a2d->63029d58-985e-44b6-b8f1-28f19ea5ad76#101-t1, previous=(t:1, i:13), leaderCommit=10, initializing? false, entries: <empty>
2019-09-12 06:00:41,563 [java.util.concurrent.ThreadPoolExecutor$Worker@44961301[State = -1, empty queue]] WARN  server.GrpcLogAppender (GrpcLogAppender.java:timeoutAppendRequest(200)) - 300524ac-6f40-4001-8852-e3bc017e7a2d@group-0077CE01DE48->e419d203-ae84-45b4-a349-326cccf7322d-GrpcLogAppender: appendEntries Timeout, request=300524ac-6f40-4001-8852-e3bc017e7a2d->e419d203-ae84-45b4-a349-326cccf7322d#101-t1, previous=(t:1, i:13), leaderCommit=10, initializing? false, entries: <empty>
2019-09-12 06:00:42,035 [grpc-default-executor-1] INFO  impl.RaftServerProxy (RaftServerProxy.java:remove(95)) - df009476-bbf0-43a2-af41-11b5052a445f: remove group-F6DBAA47753D:null
2019-09-12 06:00:42,039 [RatisPipelineUtilsThread] WARN  pipeline.RatisPipelineUtils (RatisPipelineUtils.java:destroyPipeline(66)) - Pipeline destroy failed for pipeline=PipelineID=a9bcf8c8-3c1e-40a0-bdf8-f6dbaa47753d dn=df009476-bbf0-43a2-af41-11b5052a445f{ip: 192.168.34.52, host: trunk-nightly-20190912-4gc2t-2068889165, networkLocation: /default-rack, certSerialId: null}
2019-09-12 06:00:42,041 [grpc-default-executor-1] INFO  impl.RaftServerProxy (RaftServerProxy.java:remove(95)) - 8f5ab14e-21d2-479d-9d33-3cad9b590bd0: remove group-F6DBAA47753D:null
2019-09-12 06:00:42,044 [RatisPipelineUtilsThread] WARN  pipeline.RatisPipelineUtils (RatisPipelineUtils.java:destroyPipeline(66)) - Pipeline destroy failed for pipeline=PipelineID=a9bcf8c8-3c1e-40a0-bdf8-f6dbaa47753d dn=8f5ab14e-21d2-479d-9d33-3cad9b590bd0{ip: 192.168.34.52, host: trunk-nightly-20190912-4gc2t-2068889165, networkLocation: /default-rack, certSerialId: null}
2019-09-12 06:00:42,047 [grpc-default-executor-1] INFO  impl.RaftServerProxy (RaftServerProxy.java:remove(95)) - 1f61edb1-ab55-473c-8774-d83fa3b21acc: remove group-F6DBAA47753D:null
2019-09-12 06:00:42,049 [RatisPipelineUtilsThread] WARN  pipeline.RatisPipelineUtils (RatisPipelineUtils.java:destroyPipeline(66)) - Pipeline destroy failed for pipeline=PipelineID=a9bcf8c8-3c1e-40a0-bdf8-f6dbaa47753d dn=1f61edb1-ab55-473c-8774-d83fa3b21acc{ip: 192.168.34.52, host: trunk-nightly-20190912-4gc2t-2068889165, networkLocation: /default-rack, certSerialId: null}
2019-09-12 06:00:42,050 [RatisPipelineUtilsThread] ERROR pipeline.SCMPipelineManager (Scheduler.java:lambda$schedule$1(70)) - Destroy pipeline failed for pipeline:Pipeline[ Id: a9bcf8c8-3c1e-40a0-bdf8-f6dbaa47753d, Nodes: df009476-bbf0-43a2-af41-11b5052a445f{ip: 192.168.34.52, host: trunk-nightly-20190912-4gc2t-2068889165, networkLocation: /default-rack, certSerialId: null}8f5ab14e-21d2-479d-9d33-3cad9b590bd0{ip: 192.168.34.52, host: trunk-nightly-20190912-4gc2t-2068889165, networkLocation: /default-rack, certSerialId: null}1f61edb1-ab55-473c-8774-d83fa3b21acc{ip: 192.168.34.52, host: trunk-nightly-20190912-4gc2t-2068889165, networkLocation: /default-rack, certSerialId: null}, Type:RATIS, Factor:THREE, State:CLOSED]
org.apache.hadoop.hdds.scm.pipeline.PipelineNotFoundException: PipelineID=a9bcf8c8-3c1e-40a0-bdf8-f6dbaa47753d not found
	at org.apache.hadoop.hdds.scm.pipeline.PipelineStateMap.getPipeline(PipelineStateMap.java:132)
	at org.apache.hadoop.hdds.scm.pipeline.PipelineStateMap.removePipeline(PipelineStateMap.java:322)
	at org.apache.hadoop.hdds.scm.pipeline.PipelineStateManager.removePipeline(PipelineStateManager.java:107)
	at org.apache.hadoop.hdds.scm.pipeline.SCMPipelineManager.removePipeline(SCMPipelineManager.java:423)
	at org.apache.hadoop.hdds.scm.pipeline.SCMPipelineManager.destroyPipeline(SCMPipelineManager.java:409)
	at org.apache.hadoop.hdds.scm.pipeline.SCMPipelineManager.lambda$finalizeAndDestroyPipeline$0(SCMPipelineManager.java:318)
	at org.apache.hadoop.utils.Scheduler.lambda$schedule$1(Scheduler.java:68)
	at java.util.concurrent.Executors$RunnableAdapter.call(Executors.java:511)
	at java.util.concurrent.FutureTask.run(FutureTask.java:266)
	at java.util.concurrent.ScheduledThreadPoolExecutor$ScheduledFutureTask.access$201(ScheduledThreadPoolExecutor.java:180)
	at java.util.concurrent.ScheduledThreadPoolExecutor$ScheduledFutureTask.run(ScheduledThreadPoolExecutor.java:293)
	at java.util.concurrent.ThreadPoolExecutor.runWorker(ThreadPoolExecutor.java:1149)
	at java.util.concurrent.ThreadPoolExecutor$Worker.run(ThreadPoolExecutor.java:624)
	at java.lang.Thread.run(Thread.java:748)
2019-09-12 06:00:43,847 [grpc-default-executor-4] INFO  client.GrpcClientProtocolClient (GrpcClientProtocolClient.java:onNext(264)) - client-A49E3A1ED208->63029d58-985e-44b6-b8f1-28f19ea5ad76: receive RaftClientReply:client-A49E3A1ED208->63029d58-985e-44b6-b8f1-28f19ea5ad76@group-0077CE01DE48, cid=32, FAILED org.apache.ratis.protocol.NotLeaderException: Server 63029d58-985e-44b6-b8f1-28f19ea5ad76@group-0077CE01DE48 is not the leader 300524ac-6f40-4001-8852-e3bc017e7a2d:192.168.34.52:35783, logIndex=0, commits[63029d58-985e-44b6-b8f1-28f19ea5ad76:c10, 300524ac-6f40-4001-8852-e3bc017e7a2d:c10, e419d203-ae84-45b4-a349-326cccf7322d:c6]
2019-09-12 06:00:44,065 [java.util.concurrent.ThreadPoolExecutor$Worker@44961301[State = -1, empty queue]] WARN  server.GrpcLogAppender (GrpcLogAppender.java:timeoutAppendRequest(200)) - 300524ac-6f40-4001-8852-e3bc017e7a2d@group-0077CE01DE48->e419d203-ae84-45b4-a349-326cccf7322d-GrpcLogAppender: appendEntries Timeout, request=300524ac-6f40-4001-8852-e3bc017e7a2d->e419d203-ae84-45b4-a349-326cccf7322d#102-t1, previous=(t:1, i:13), leaderCommit=10, initializing? false, entries: <empty>
2019-09-12 06:00:44,065 [java.util.concurrent.ThreadPoolExecutor$Worker@31a3eae4[State = -1, empty queue]] WARN  server.GrpcLogAppender (GrpcLogAppender.java:timeoutAppendRequest(200)) - 300524ac-6f40-4001-8852-e3bc017e7a2d@group-0077CE01DE48->63029d58-985e-44b6-b8f1-28f19ea5ad76-GrpcLogAppender: appendEntries Timeout, request=300524ac-6f40-4001-8852-e3bc017e7a2d->63029d58-985e-44b6-b8f1-28f19ea5ad76#102-t1, previous=(t:1, i:13), leaderCommit=10, initializing? false, entries: <empty>
2019-09-12 06:00:45,033 [grpc-default-executor-4] INFO  impl.RaftServerProxy (RaftServerProxy.java:remove(95)) - df009476-bbf0-43a2-af41-11b5052a445f: remove group-F6DBAA47753D:null
2019-09-12 06:00:45,037 [RatisPipelineUtilsThread] WARN  pipeline.RatisPipelineUtils (RatisPipelineUtils.java:destroyPipeline(66)) - Pipeline destroy failed for pipeline=PipelineID=a9bcf8c8-3c1e-40a0-bdf8-f6dbaa47753d dn=df009476-bbf0-43a2-af41-11b5052a445f{ip: 192.168.34.52, host: trunk-nightly-20190912-4gc2t-2068889165, networkLocation: /default-rack, certSerialId: null}
2019-09-12 06:00:45,040 [grpc-default-executor-4] INFO  impl.RaftServerProxy (RaftServerProxy.java:remove(95)) - 8f5ab14e-21d2-479d-9d33-3cad9b590bd0: remove group-F6DBAA47753D:null
2019-09-12 06:00:45,043 [RatisPipelineUtilsThread] WARN  pipeline.RatisPipelineUtils (RatisPipelineUtils.java:destroyPipeline(66)) - Pipeline destroy failed for pipeline=PipelineID=a9bcf8c8-3c1e-40a0-bdf8-f6dbaa47753d dn=8f5ab14e-21d2-479d-9d33-3cad9b590bd0{ip: 192.168.34.52, host: trunk-nightly-20190912-4gc2t-2068889165, networkLocation: /default-rack, certSerialId: null}
2019-09-12 06:00:45,046 [grpc-default-executor-4] INFO  impl.RaftServerProxy (RaftServerProxy.java:remove(95)) - 1f61edb1-ab55-473c-8774-d83fa3b21acc: remove group-F6DBAA47753D:null
2019-09-12 06:00:45,048 [RatisPipelineUtilsThread] WARN  pipeline.RatisPipelineUtils (RatisPipelineUtils.java:destroyPipeline(66)) - Pipeline destroy failed for pipeline=PipelineID=a9bcf8c8-3c1e-40a0-bdf8-f6dbaa47753d dn=1f61edb1-ab55-473c-8774-d83fa3b21acc{ip: 192.168.34.52, host: trunk-nightly-20190912-4gc2t-2068889165, networkLocation: /default-rack, certSerialId: null}
2019-09-12 06:00:45,049 [RatisPipelineUtilsThread] ERROR pipeline.SCMPipelineManager (Scheduler.java:lambda$schedule$1(70)) - Destroy pipeline failed for pipeline:Pipeline[ Id: a9bcf8c8-3c1e-40a0-bdf8-f6dbaa47753d, Nodes: df009476-bbf0-43a2-af41-11b5052a445f{ip: 192.168.34.52, host: trunk-nightly-20190912-4gc2t-2068889165, networkLocation: /default-rack, certSerialId: null}8f5ab14e-21d2-479d-9d33-3cad9b590bd0{ip: 192.168.34.52, host: trunk-nightly-20190912-4gc2t-2068889165, networkLocation: /default-rack, certSerialId: null}1f61edb1-ab55-473c-8774-d83fa3b21acc{ip: 192.168.34.52, host: trunk-nightly-20190912-4gc2t-2068889165, networkLocation: /default-rack, certSerialId: null}, Type:RATIS, Factor:THREE, State:CLOSED]
org.apache.hadoop.hdds.scm.pipeline.PipelineNotFoundException: PipelineID=a9bcf8c8-3c1e-40a0-bdf8-f6dbaa47753d not found
	at org.apache.hadoop.hdds.scm.pipeline.PipelineStateMap.getPipeline(PipelineStateMap.java:132)
	at org.apache.hadoop.hdds.scm.pipeline.PipelineStateMap.removePipeline(PipelineStateMap.java:322)
	at org.apache.hadoop.hdds.scm.pipeline.PipelineStateManager.removePipeline(PipelineStateManager.java:107)
	at org.apache.hadoop.hdds.scm.pipeline.SCMPipelineManager.removePipeline(SCMPipelineManager.java:423)
	at org.apache.hadoop.hdds.scm.pipeline.SCMPipelineManager.destroyPipeline(SCMPipelineManager.java:409)
	at org.apache.hadoop.hdds.scm.pipeline.SCMPipelineManager.lambda$finalizeAndDestroyPipeline$0(SCMPipelineManager.java:318)
	at org.apache.hadoop.utils.Scheduler.lambda$schedule$1(Scheduler.java:68)
	at java.util.concurrent.Executors$RunnableAdapter.call(Executors.java:511)
	at java.util.concurrent.FutureTask.run(FutureTask.java:266)
	at java.util.concurrent.ScheduledThreadPoolExecutor$ScheduledFutureTask.access$201(ScheduledThreadPoolExecutor.java:180)
	at java.util.concurrent.ScheduledThreadPoolExecutor$ScheduledFutureTask.run(ScheduledThreadPoolExecutor.java:293)
	at java.util.concurrent.ThreadPoolExecutor.runWorker(ThreadPoolExecutor.java:1149)
	at java.util.concurrent.ThreadPoolExecutor$Worker.run(ThreadPoolExecutor.java:624)
	at java.lang.Thread.run(Thread.java:748)
2019-09-12 06:00:46,565 [java.util.concurrent.ThreadPoolExecutor$Worker@31a3eae4[State = -1, empty queue]] WARN  server.GrpcLogAppender (GrpcLogAppender.java:timeoutAppendRequest(200)) - 300524ac-6f40-4001-8852-e3bc017e7a2d@group-0077CE01DE48->63029d58-985e-44b6-b8f1-28f19ea5ad76-GrpcLogAppender: appendEntries Timeout, request=300524ac-6f40-4001-8852-e3bc017e7a2d->63029d58-985e-44b6-b8f1-28f19ea5ad76#103-t1, previous=(t:1, i:13), leaderCommit=10, initializing? false, entries: <empty>
2019-09-12 06:00:46,566 [java.util.concurrent.ThreadPoolExecutor$Worker@44961301[State = -1, empty queue]] WARN  server.GrpcLogAppender (GrpcLogAppender.java:timeoutAppendRequest(200)) - 300524ac-6f40-4001-8852-e3bc017e7a2d@group-0077CE01DE48->e419d203-ae84-45b4-a349-326cccf7322d-GrpcLogAppender: appendEntries Timeout, request=300524ac-6f40-4001-8852-e3bc017e7a2d->e419d203-ae84-45b4-a349-326cccf7322d#103-t1, previous=(t:1, i:13), leaderCommit=10, initializing? false, entries: <empty>
2019-09-12 06:00:47,037 [grpc-default-executor-1] INFO  impl.RaftServerProxy (RaftServerProxy.java:remove(95)) - df009476-bbf0-43a2-af41-11b5052a445f: remove group-F6DBAA47753D:null
2019-09-12 06:00:47,041 [RatisPipelineUtilsThread] WARN  pipeline.RatisPipelineUtils (RatisPipelineUtils.java:destroyPipeline(66)) - Pipeline destroy failed for pipeline=PipelineID=a9bcf8c8-3c1e-40a0-bdf8-f6dbaa47753d dn=df009476-bbf0-43a2-af41-11b5052a445f{ip: 192.168.34.52, host: trunk-nightly-20190912-4gc2t-2068889165, networkLocation: /default-rack, certSerialId: null}
2019-09-12 06:00:47,045 [grpc-default-executor-1] INFO  impl.RaftServerProxy (RaftServerProxy.java:remove(95)) - 8f5ab14e-21d2-479d-9d33-3cad9b590bd0: remove group-F6DBAA47753D:null
2019-09-12 06:00:47,047 [RatisPipelineUtilsThread] WARN  pipeline.RatisPipelineUtils (RatisPipelineUtils.java:destroyPipeline(66)) - Pipeline destroy failed for pipeline=PipelineID=a9bcf8c8-3c1e-40a0-bdf8-f6dbaa47753d dn=8f5ab14e-21d2-479d-9d33-3cad9b590bd0{ip: 192.168.34.52, host: trunk-nightly-20190912-4gc2t-2068889165, networkLocation: /default-rack, certSerialId: null}
2019-09-12 06:00:47,050 [grpc-default-executor-1] INFO  impl.RaftServerProxy (RaftServerProxy.java:remove(95)) - 1f61edb1-ab55-473c-8774-d83fa3b21acc: remove group-F6DBAA47753D:null
2019-09-12 06:00:47,052 [RatisPipelineUtilsThread] WARN  pipeline.RatisPipelineUtils (RatisPipelineUtils.java:destroyPipeline(66)) - Pipeline destroy failed for pipeline=PipelineID=a9bcf8c8-3c1e-40a0-bdf8-f6dbaa47753d dn=1f61edb1-ab55-473c-8774-d83fa3b21acc{ip: 192.168.34.52, host: trunk-nightly-20190912-4gc2t-2068889165, networkLocation: /default-rack, certSerialId: null}
2019-09-12 06:00:47,052 [RatisPipelineUtilsThread] ERROR pipeline.SCMPipelineManager (Scheduler.java:lambda$schedule$1(70)) - Destroy pipeline failed for pipeline:Pipeline[ Id: a9bcf8c8-3c1e-40a0-bdf8-f6dbaa47753d, Nodes: df009476-bbf0-43a2-af41-11b5052a445f{ip: 192.168.34.52, host: trunk-nightly-20190912-4gc2t-2068889165, networkLocation: /default-rack, certSerialId: null}8f5ab14e-21d2-479d-9d33-3cad9b590bd0{ip: 192.168.34.52, host: trunk-nightly-20190912-4gc2t-2068889165, networkLocation: /default-rack, certSerialId: null}1f61edb1-ab55-473c-8774-d83fa3b21acc{ip: 192.168.34.52, host: trunk-nightly-20190912-4gc2t-2068889165, networkLocation: /default-rack, certSerialId: null}, Type:RATIS, Factor:THREE, State:CLOSED]
org.apache.hadoop.hdds.scm.pipeline.PipelineNotFoundException: PipelineID=a9bcf8c8-3c1e-40a0-bdf8-f6dbaa47753d not found
	at org.apache.hadoop.hdds.scm.pipeline.PipelineStateMap.getPipeline(PipelineStateMap.java:132)
	at org.apache.hadoop.hdds.scm.pipeline.PipelineStateMap.removePipeline(PipelineStateMap.java:322)
	at org.apache.hadoop.hdds.scm.pipeline.PipelineStateManager.removePipeline(PipelineStateManager.java:107)
	at org.apache.hadoop.hdds.scm.pipeline.SCMPipelineManager.removePipeline(SCMPipelineManager.java:423)
	at org.apache.hadoop.hdds.scm.pipeline.SCMPipelineManager.destroyPipeline(SCMPipelineManager.java:409)
	at org.apache.hadoop.hdds.scm.pipeline.SCMPipelineManager.lambda$finalizeAndDestroyPipeline$0(SCMPipelineManager.java:318)
	at org.apache.hadoop.utils.Scheduler.lambda$schedule$1(Scheduler.java:68)
	at java.util.concurrent.Executors$RunnableAdapter.call(Executors.java:511)
	at java.util.concurrent.FutureTask.run(FutureTask.java:266)
	at java.util.concurrent.ScheduledThreadPoolExecutor$ScheduledFutureTask.access$201(ScheduledThreadPoolExecutor.java:180)
	at java.util.concurrent.ScheduledThreadPoolExecutor$ScheduledFutureTask.run(ScheduledThreadPoolExecutor.java:293)
	at java.util.concurrent.ThreadPoolExecutor.runWorker(ThreadPoolExecutor.java:1149)
	at java.util.concurrent.ThreadPoolExecutor$Worker.run(ThreadPoolExecutor.java:624)
	at java.lang.Thread.run(Thread.java:748)
2019-09-12 06:00:48,554 [63029d58-985e-44b6-b8f1-28f19ea5ad76@group-0077CE01DE48-SegmentedRaftLogWorker] WARN  segmented.SegmentedRaftLogWorker (SegmentedRaftLogWorker.java:getFromFuture(90)) - Timeout 3/~
org.apache.ratis.protocol.TimeoutIOException: Timeout 10s: WriteLog:11: (t:1, i:11), STATEMACHINELOGENTRY, client-A49E3A1ED208, cid=32-writeStateMachineData
	at org.apache.ratis.util.IOUtils.getFromFuture(IOUtils.java:87)
	at org.apache.ratis.server.raftlog.segmented.SegmentedRaftLogWorker$StateMachineDataPolicy.getFromFuture(SegmentedRaftLogWorker.java:87)
	at org.apache.ratis.server.raftlog.segmented.SegmentedRaftLogWorker$WriteLog.execute(SegmentedRaftLogWorker.java:477)
	at org.apache.ratis.server.raftlog.segmented.SegmentedRaftLogWorker.run(SegmentedRaftLogWorker.java:289)
	at java.lang.Thread.run(Thread.java:748)
Caused by: java.util.concurrent.TimeoutException
	at java.util.concurrent.CompletableFuture.timedGet(CompletableFuture.java:1771)
	at java.util.concurrent.CompletableFuture.get(CompletableFuture.java:1915)
	at org.apache.ratis.util.IOUtils.getFromFuture(IOUtils.java:79)
	... 4 more
2019-09-12 06:00:48,554 [e419d203-ae84-45b4-a349-326cccf7322d@group-0077CE01DE48-SegmentedRaftLogWorker] WARN  segmented.SegmentedRaftLogWorker (SegmentedRaftLogWorker.java:getFromFuture(90)) - Timeout 3/~
org.apache.ratis.protocol.TimeoutIOException: Timeout 10s: WriteLog:11: (t:1, i:11), STATEMACHINELOGENTRY, client-A49E3A1ED208, cid=32-writeStateMachineData
	at org.apache.ratis.util.IOUtils.getFromFuture(IOUtils.java:87)
	at org.apache.ratis.server.raftlog.segmented.SegmentedRaftLogWorker$StateMachineDataPolicy.getFromFuture(SegmentedRaftLogWorker.java:87)
	at org.apache.ratis.server.raftlog.segmented.SegmentedRaftLogWorker$WriteLog.execute(SegmentedRaftLogWorker.java:477)
	at org.apache.ratis.server.raftlog.segmented.SegmentedRaftLogWorker.run(SegmentedRaftLogWorker.java:289)
	at java.lang.Thread.run(Thread.java:748)
Caused by: java.util.concurrent.TimeoutException
	at java.util.concurrent.CompletableFuture.timedGet(CompletableFuture.java:1771)
	at java.util.concurrent.CompletableFuture.get(CompletableFuture.java:1915)
	at org.apache.ratis.util.IOUtils.getFromFuture(IOUtils.java:79)
	... 4 more
2019-09-12 06:00:48,679 [300524ac-6f40-4001-8852-e3bc017e7a2d@group-0077CE01DE48-SegmentedRaftLogWorker] WARN  segmented.SegmentedRaftLogWorker (SegmentedRaftLogWorker.java:getFromFuture(90)) - Timeout 3/~
org.apache.ratis.protocol.TimeoutIOException: Timeout 10s: WriteLog:12: (t:1, i:12), STATEMACHINELOGENTRY, client-A49E3A1ED208, cid=33-writeStateMachineData
	at org.apache.ratis.util.IOUtils.getFromFuture(IOUtils.java:87)
	at org.apache.ratis.server.raftlog.segmented.SegmentedRaftLogWorker$StateMachineDataPolicy.getFromFuture(SegmentedRaftLogWorker.java:87)
	at org.apache.ratis.server.raftlog.segmented.SegmentedRaftLogWorker$WriteLog.execute(SegmentedRaftLogWorker.java:477)
	at org.apache.ratis.server.raftlog.segmented.SegmentedRaftLogWorker.run(SegmentedRaftLogWorker.java:289)
	at java.lang.Thread.run(Thread.java:748)
Caused by: java.util.concurrent.TimeoutException
	at java.util.concurrent.CompletableFuture.timedGet(CompletableFuture.java:1771)
	at java.util.concurrent.CompletableFuture.get(CompletableFuture.java:1915)
	at org.apache.ratis.util.IOUtils.getFromFuture(IOUtils.java:79)
	... 4 more
2019-09-12 06:00:48,901 [grpc-default-executor-1] INFO  client.GrpcClientProtocolClient (GrpcClientProtocolClient.java:onNext(264)) - client-A49E3A1ED208->63029d58-985e-44b6-b8f1-28f19ea5ad76: receive RaftClientReply:client-A49E3A1ED208->63029d58-985e-44b6-b8f1-28f19ea5ad76@group-0077CE01DE48, cid=32, FAILED org.apache.ratis.protocol.NotLeaderException: Server 63029d58-985e-44b6-b8f1-28f19ea5ad76@group-0077CE01DE48 is not the leader 300524ac-6f40-4001-8852-e3bc017e7a2d:192.168.34.52:35783, logIndex=0, commits[63029d58-985e-44b6-b8f1-28f19ea5ad76:c10, 300524ac-6f40-4001-8852-e3bc017e7a2d:c10, e419d203-ae84-45b4-a349-326cccf7322d:c6]
2019-09-12 06:00:49,066 [java.util.concurrent.ThreadPoolExecutor$Worker@31a3eae4[State = -1, empty queue]] WARN  server.GrpcLogAppender (GrpcLogAppender.java:timeoutAppendRequest(200)) - 300524ac-6f40-4001-8852-e3bc017e7a2d@group-0077CE01DE48->63029d58-985e-44b6-b8f1-28f19ea5ad76-GrpcLogAppender: appendEntries Timeout, request=300524ac-6f40-4001-8852-e3bc017e7a2d->63029d58-985e-44b6-b8f1-28f19ea5ad76#104-t1, previous=(t:1, i:13), leaderCommit=10, initializing? false, entries: <empty>
2019-09-12 06:00:49,066 [java.util.concurrent.ThreadPoolExecutor$Worker@44961301[State = -1, empty queue]] WARN  server.GrpcLogAppender (GrpcLogAppender.java:timeoutAppendRequest(200)) - 300524ac-6f40-4001-8852-e3bc017e7a2d@group-0077CE01DE48->e419d203-ae84-45b4-a349-326cccf7322d-GrpcLogAppender: appendEntries Timeout, request=300524ac-6f40-4001-8852-e3bc017e7a2d->e419d203-ae84-45b4-a349-326cccf7322d#104-t1, previous=(t:1, i:13), leaderCommit=10, initializing? false, entries: <empty>
2019-09-12 06:00:50,034 [grpc-default-executor-4] INFO  impl.RaftServerProxy (RaftServerProxy.java:remove(95)) - df009476-bbf0-43a2-af41-11b5052a445f: remove group-F6DBAA47753D:null
2019-09-12 06:00:50,036 [RatisPipelineUtilsThread] WARN  pipeline.RatisPipelineUtils (RatisPipelineUtils.java:destroyPipeline(66)) - Pipeline destroy failed for pipeline=PipelineID=a9bcf8c8-3c1e-40a0-bdf8-f6dbaa47753d dn=df009476-bbf0-43a2-af41-11b5052a445f{ip: 192.168.34.52, host: trunk-nightly-20190912-4gc2t-2068889165, networkLocation: /default-rack, certSerialId: null}
2019-09-12 06:00:50,039 [grpc-default-executor-4] INFO  impl.RaftServerProxy (RaftServerProxy.java:remove(95)) - 8f5ab14e-21d2-479d-9d33-3cad9b590bd0: remove group-F6DBAA47753D:null
2019-09-12 06:00:50,041 [RatisPipelineUtilsThread] WARN  pipeline.RatisPipelineUtils (RatisPipelineUtils.java:destroyPipeline(66)) - Pipeline destroy failed for pipeline=PipelineID=a9bcf8c8-3c1e-40a0-bdf8-f6dbaa47753d dn=8f5ab14e-21d2-479d-9d33-3cad9b590bd0{ip: 192.168.34.52, host: trunk-nightly-20190912-4gc2t-2068889165, networkLocation: /default-rack, certSerialId: null}
2019-09-12 06:00:50,044 [grpc-default-executor-4] INFO  impl.RaftServerProxy (RaftServerProxy.java:remove(95)) - 1f61edb1-ab55-473c-8774-d83fa3b21acc: remove group-F6DBAA47753D:null
2019-09-12 06:00:50,046 [RatisPipelineUtilsThread] WARN  pipeline.RatisPipelineUtils (RatisPipelineUtils.java:destroyPipeline(66)) - Pipeline destroy failed for pipeline=PipelineID=a9bcf8c8-3c1e-40a0-bdf8-f6dbaa47753d dn=1f61edb1-ab55-473c-8774-d83fa3b21acc{ip: 192.168.34.52, host: trunk-nightly-20190912-4gc2t-2068889165, networkLocation: /default-rack, certSerialId: null}
2019-09-12 06:00:50,046 [RatisPipelineUtilsThread] ERROR pipeline.SCMPipelineManager (Scheduler.java:lambda$schedule$1(70)) - Destroy pipeline failed for pipeline:Pipeline[ Id: a9bcf8c8-3c1e-40a0-bdf8-f6dbaa47753d, Nodes: df009476-bbf0-43a2-af41-11b5052a445f{ip: 192.168.34.52, host: trunk-nightly-20190912-4gc2t-2068889165, networkLocation: /default-rack, certSerialId: null}8f5ab14e-21d2-479d-9d33-3cad9b590bd0{ip: 192.168.34.52, host: trunk-nightly-20190912-4gc2t-2068889165, networkLocation: /default-rack, certSerialId: null}1f61edb1-ab55-473c-8774-d83fa3b21acc{ip: 192.168.34.52, host: trunk-nightly-20190912-4gc2t-2068889165, networkLocation: /default-rack, certSerialId: null}, Type:RATIS, Factor:THREE, State:CLOSED]
org.apache.hadoop.hdds.scm.pipeline.PipelineNotFoundException: PipelineID=a9bcf8c8-3c1e-40a0-bdf8-f6dbaa47753d not found
	at org.apache.hadoop.hdds.scm.pipeline.PipelineStateMap.getPipeline(PipelineStateMap.java:132)
	at org.apache.hadoop.hdds.scm.pipeline.PipelineStateMap.removePipeline(PipelineStateMap.java:322)
	at org.apache.hadoop.hdds.scm.pipeline.PipelineStateManager.removePipeline(PipelineStateManager.java:107)
	at org.apache.hadoop.hdds.scm.pipeline.SCMPipelineManager.removePipeline(SCMPipelineManager.java:423)
	at org.apache.hadoop.hdds.scm.pipeline.SCMPipelineManager.destroyPipeline(SCMPipelineManager.java:409)
	at org.apache.hadoop.hdds.scm.pipeline.SCMPipelineManager.lambda$finalizeAndDestroyPipeline$0(SCMPipelineManager.java:318)
	at org.apache.hadoop.utils.Scheduler.lambda$schedule$1(Scheduler.java:68)
	at java.util.concurrent.Executors$RunnableAdapter.call(Executors.java:511)
	at java.util.concurrent.FutureTask.run(FutureTask.java:266)
	at java.util.concurrent.ScheduledThreadPoolExecutor$ScheduledFutureTask.access$201(ScheduledThreadPoolExecutor.java:180)
	at java.util.concurrent.ScheduledThreadPoolExecutor$ScheduledFutureTask.run(ScheduledThreadPoolExecutor.java:293)
	at java.util.concurrent.ThreadPoolExecutor.runWorker(ThreadPoolExecutor.java:1149)
	at java.util.concurrent.ThreadPoolExecutor$Worker.run(ThreadPoolExecutor.java:624)
	at java.lang.Thread.run(Thread.java:748)
2019-09-12 06:00:51,567 [java.util.concurrent.ThreadPoolExecutor$Worker@44961301[State = -1, empty queue]] WARN  server.GrpcLogAppender (GrpcLogAppender.java:timeoutAppendRequest(200)) - 300524ac-6f40-4001-8852-e3bc017e7a2d@group-0077CE01DE48->e419d203-ae84-45b4-a349-326cccf7322d-GrpcLogAppender: appendEntries Timeout, request=300524ac-6f40-4001-8852-e3bc017e7a2d->e419d203-ae84-45b4-a349-326cccf7322d#105-t1, previous=(t:1, i:13), leaderCommit=10, initializing? false, entries: <empty>
2019-09-12 06:00:51,567 [java.util.concurrent.ThreadPoolExecutor$Worker@31a3eae4[State = -1, empty queue]] WARN  server.GrpcLogAppender (GrpcLogAppender.java:timeoutAppendRequest(200)) - 300524ac-6f40-4001-8852-e3bc017e7a2d@group-0077CE01DE48->63029d58-985e-44b6-b8f1-28f19ea5ad76-GrpcLogAppender: appendEntries Timeout, request=300524ac-6f40-4001-8852-e3bc017e7a2d->63029d58-985e-44b6-b8f1-28f19ea5ad76#105-t1, previous=(t:1, i:13), leaderCommit=10, initializing? false, entries: <empty>
2019-09-12 06:00:52,033 [grpc-default-executor-1] INFO  impl.RaftServerProxy (RaftServerProxy.java:remove(95)) - df009476-bbf0-43a2-af41-11b5052a445f: remove group-F6DBAA47753D:null
2019-09-12 06:00:52,036 [RatisPipelineUtilsThread] WARN  pipeline.RatisPipelineUtils (RatisPipelineUtils.java:destroyPipeline(66)) - Pipeline destroy failed for pipeline=PipelineID=a9bcf8c8-3c1e-40a0-bdf8-f6dbaa47753d dn=df009476-bbf0-43a2-af41-11b5052a445f{ip: 192.168.34.52, host: trunk-nightly-20190912-4gc2t-2068889165, networkLocation: /default-rack, certSerialId: null}
2019-09-12 06:00:52,039 [grpc-default-executor-1] INFO  impl.RaftServerProxy (RaftServerProxy.java:remove(95)) - 8f5ab14e-21d2-479d-9d33-3cad9b590bd0: remove group-F6DBAA47753D:null
2019-09-12 06:00:52,041 [RatisPipelineUtilsThread] WARN  pipeline.RatisPipelineUtils (RatisPipelineUtils.java:destroyPipeline(66)) - Pipeline destroy failed for pipeline=PipelineID=a9bcf8c8-3c1e-40a0-bdf8-f6dbaa47753d dn=8f5ab14e-21d2-479d-9d33-3cad9b590bd0{ip: 192.168.34.52, host: trunk-nightly-20190912-4gc2t-2068889165, networkLocation: /default-rack, certSerialId: null}
2019-09-12 06:00:52,044 [grpc-default-executor-1] INFO  impl.RaftServerProxy (RaftServerProxy.java:remove(95)) - 1f61edb1-ab55-473c-8774-d83fa3b21acc: remove group-F6DBAA47753D:null
2019-09-12 06:00:52,046 [RatisPipelineUtilsThread] WARN  pipeline.RatisPipelineUtils (RatisPipelineUtils.java:destroyPipeline(66)) - Pipeline destroy failed for pipeline=PipelineID=a9bcf8c8-3c1e-40a0-bdf8-f6dbaa47753d dn=1f61edb1-ab55-473c-8774-d83fa3b21acc{ip: 192.168.34.52, host: trunk-nightly-20190912-4gc2t-2068889165, networkLocation: /default-rack, certSerialId: null}
2019-09-12 06:00:52,047 [RatisPipelineUtilsThread] ERROR pipeline.SCMPipelineManager (Scheduler.java:lambda$schedule$1(70)) - Destroy pipeline failed for pipeline:Pipeline[ Id: a9bcf8c8-3c1e-40a0-bdf8-f6dbaa47753d, Nodes: df009476-bbf0-43a2-af41-11b5052a445f{ip: 192.168.34.52, host: trunk-nightly-20190912-4gc2t-2068889165, networkLocation: /default-rack, certSerialId: null}8f5ab14e-21d2-479d-9d33-3cad9b590bd0{ip: 192.168.34.52, host: trunk-nightly-20190912-4gc2t-2068889165, networkLocation: /default-rack, certSerialId: null}1f61edb1-ab55-473c-8774-d83fa3b21acc{ip: 192.168.34.52, host: trunk-nightly-20190912-4gc2t-2068889165, networkLocation: /default-rack, certSerialId: null}, Type:RATIS, Factor:THREE, State:CLOSED]
org.apache.hadoop.hdds.scm.pipeline.PipelineNotFoundException: PipelineID=a9bcf8c8-3c1e-40a0-bdf8-f6dbaa47753d not found
	at org.apache.hadoop.hdds.scm.pipeline.PipelineStateMap.getPipeline(PipelineStateMap.java:132)
	at org.apache.hadoop.hdds.scm.pipeline.PipelineStateMap.removePipeline(PipelineStateMap.java:322)
	at org.apache.hadoop.hdds.scm.pipeline.PipelineStateManager.removePipeline(PipelineStateManager.java:107)
	at org.apache.hadoop.hdds.scm.pipeline.SCMPipelineManager.removePipeline(SCMPipelineManager.java:423)
	at org.apache.hadoop.hdds.scm.pipeline.SCMPipelineManager.destroyPipeline(SCMPipelineManager.java:409)
	at org.apache.hadoop.hdds.scm.pipeline.SCMPipelineManager.lambda$finalizeAndDestroyPipeline$0(SCMPipelineManager.java:318)
	at org.apache.hadoop.utils.Scheduler.lambda$schedule$1(Scheduler.java:68)
	at java.util.concurrent.Executors$RunnableAdapter.call(Executors.java:511)
	at java.util.concurrent.FutureTask.run(FutureTask.java:266)
	at java.util.concurrent.ScheduledThreadPoolExecutor$ScheduledFutureTask.access$201(ScheduledThreadPoolExecutor.java:180)
	at java.util.concurrent.ScheduledThreadPoolExecutor$ScheduledFutureTask.run(ScheduledThreadPoolExecutor.java:293)
	at java.util.concurrent.ThreadPoolExecutor.runWorker(ThreadPoolExecutor.java:1149)
	at java.util.concurrent.ThreadPoolExecutor$Worker.run(ThreadPoolExecutor.java:624)
	at java.lang.Thread.run(Thread.java:748)
2019-09-12 06:00:53,937 [grpc-default-executor-4] INFO  client.GrpcClientProtocolClient (GrpcClientProtocolClient.java:onNext(264)) - client-A49E3A1ED208->63029d58-985e-44b6-b8f1-28f19ea5ad76: receive RaftClientReply:client-A49E3A1ED208->63029d58-985e-44b6-b8f1-28f19ea5ad76@group-0077CE01DE48, cid=32, FAILED org.apache.ratis.protocol.NotLeaderException: Server 63029d58-985e-44b6-b8f1-28f19ea5ad76@group-0077CE01DE48 is not the leader 300524ac-6f40-4001-8852-e3bc017e7a2d:192.168.34.52:35783, logIndex=0, commits[63029d58-985e-44b6-b8f1-28f19ea5ad76:c10, 300524ac-6f40-4001-8852-e3bc017e7a2d:c10, e419d203-ae84-45b4-a349-326cccf7322d:c6]
2019-09-12 06:00:54,067 [java.util.concurrent.ThreadPoolExecutor$Worker@31a3eae4[State = -1, empty queue]] WARN  server.GrpcLogAppender (GrpcLogAppender.java:timeoutAppendRequest(200)) - 300524ac-6f40-4001-8852-e3bc017e7a2d@group-0077CE01DE48->63029d58-985e-44b6-b8f1-28f19ea5ad76-GrpcLogAppender: appendEntries Timeout, request=300524ac-6f40-4001-8852-e3bc017e7a2d->63029d58-985e-44b6-b8f1-28f19ea5ad76#106-t1, previous=(t:1, i:13), leaderCommit=10, initializing? false, entries: <empty>
2019-09-12 06:00:54,067 [java.util.concurrent.ThreadPoolExecutor$Worker@44961301[State = -1, empty queue]] WARN  server.GrpcLogAppender (GrpcLogAppender.java:timeoutAppendRequest(200)) - 300524ac-6f40-4001-8852-e3bc017e7a2d@group-0077CE01DE48->e419d203-ae84-45b4-a349-326cccf7322d-GrpcLogAppender: appendEntries Timeout, request=300524ac-6f40-4001-8852-e3bc017e7a2d->e419d203-ae84-45b4-a349-326cccf7322d#106-t1, previous=(t:1, i:13), leaderCommit=10, initializing? false, entries: <empty>
2019-09-12 06:00:55,033 [grpc-default-executor-1] INFO  impl.RaftServerProxy (RaftServerProxy.java:remove(95)) - df009476-bbf0-43a2-af41-11b5052a445f: remove group-F6DBAA47753D:null
2019-09-12 06:00:55,036 [RatisPipelineUtilsThread] WARN  pipeline.RatisPipelineUtils (RatisPipelineUtils.java:destroyPipeline(66)) - Pipeline destroy failed for pipeline=PipelineID=a9bcf8c8-3c1e-40a0-bdf8-f6dbaa47753d dn=df009476-bbf0-43a2-af41-11b5052a445f{ip: 192.168.34.52, host: trunk-nightly-20190912-4gc2t-2068889165, networkLocation: /default-rack, certSerialId: null}
2019-09-12 06:00:55,041 [grpc-default-executor-1] INFO  impl.RaftServerProxy (RaftServerProxy.java:remove(95)) - 8f5ab14e-21d2-479d-9d33-3cad9b590bd0: remove group-F6DBAA47753D:null
2019-09-12 06:00:55,043 [RatisPipelineUtilsThread] WARN  pipeline.RatisPipelineUtils (RatisPipelineUtils.java:destroyPipeline(66)) - Pipeline destroy failed for pipeline=PipelineID=a9bcf8c8-3c1e-40a0-bdf8-f6dbaa47753d dn=8f5ab14e-21d2-479d-9d33-3cad9b590bd0{ip: 192.168.34.52, host: trunk-nightly-20190912-4gc2t-2068889165, networkLocation: /default-rack, certSerialId: null}
2019-09-12 06:00:55,047 [grpc-default-executor-1] INFO  impl.RaftServerProxy (RaftServerProxy.java:remove(95)) - 1f61edb1-ab55-473c-8774-d83fa3b21acc: remove group-F6DBAA47753D:null
2019-09-12 06:00:55,050 [RatisPipelineUtilsThread] WARN  pipeline.RatisPipelineUtils (RatisPipelineUtils.java:destroyPipeline(66)) - Pipeline destroy failed for pipeline=PipelineID=a9bcf8c8-3c1e-40a0-bdf8-f6dbaa47753d dn=1f61edb1-ab55-473c-8774-d83fa3b21acc{ip: 192.168.34.52, host: trunk-nightly-20190912-4gc2t-2068889165, networkLocation: /default-rack, certSerialId: null}
2019-09-12 06:00:55,050 [RatisPipelineUtilsThread] ERROR pipeline.SCMPipelineManager (Scheduler.java:lambda$schedule$1(70)) - Destroy pipeline failed for pipeline:Pipeline[ Id: a9bcf8c8-3c1e-40a0-bdf8-f6dbaa47753d, Nodes: df009476-bbf0-43a2-af41-11b5052a445f{ip: 192.168.34.52, host: trunk-nightly-20190912-4gc2t-2068889165, networkLocation: /default-rack, certSerialId: null}8f5ab14e-21d2-479d-9d33-3cad9b590bd0{ip: 192.168.34.52, host: trunk-nightly-20190912-4gc2t-2068889165, networkLocation: /default-rack, certSerialId: null}1f61edb1-ab55-473c-8774-d83fa3b21acc{ip: 192.168.34.52, host: trunk-nightly-20190912-4gc2t-2068889165, networkLocation: /default-rack, certSerialId: null}, Type:RATIS, Factor:THREE, State:CLOSED]
org.apache.hadoop.hdds.scm.pipeline.PipelineNotFoundException: PipelineID=a9bcf8c8-3c1e-40a0-bdf8-f6dbaa47753d not found
	at org.apache.hadoop.hdds.scm.pipeline.PipelineStateMap.getPipeline(PipelineStateMap.java:132)
	at org.apache.hadoop.hdds.scm.pipeline.PipelineStateMap.removePipeline(PipelineStateMap.java:322)
	at org.apache.hadoop.hdds.scm.pipeline.PipelineStateManager.removePipeline(PipelineStateManager.java:107)
	at org.apache.hadoop.hdds.scm.pipeline.SCMPipelineManager.removePipeline(SCMPipelineManager.java:423)
	at org.apache.hadoop.hdds.scm.pipeline.SCMPipelineManager.destroyPipeline(SCMPipelineManager.java:409)
	at org.apache.hadoop.hdds.scm.pipeline.SCMPipelineManager.lambda$finalizeAndDestroyPipeline$0(SCMPipelineManager.java:318)
	at org.apache.hadoop.utils.Scheduler.lambda$schedule$1(Scheduler.java:68)
	at java.util.concurrent.Executors$RunnableAdapter.call(Executors.java:511)
	at java.util.concurrent.FutureTask.run(FutureTask.java:266)
	at java.util.concurrent.ScheduledThreadPoolExecutor$ScheduledFutureTask.access$201(ScheduledThreadPoolExecutor.java:180)
	at java.util.concurrent.ScheduledThreadPoolExecutor$ScheduledFutureTask.run(ScheduledThreadPoolExecutor.java:293)
	at java.util.concurrent.ThreadPoolExecutor.runWorker(ThreadPoolExecutor.java:1149)
	at java.util.concurrent.ThreadPoolExecutor$Worker.run(ThreadPoolExecutor.java:624)
	at java.lang.Thread.run(Thread.java:748)
2019-09-12 06:00:56,567 [java.util.concurrent.ThreadPoolExecutor$Worker@31a3eae4[State = -1, empty queue]] WARN  server.GrpcLogAppender (GrpcLogAppender.java:timeoutAppendRequest(200)) - 300524ac-6f40-4001-8852-e3bc017e7a2d@group-0077CE01DE48->63029d58-985e-44b6-b8f1-28f19ea5ad76-GrpcLogAppender: appendEntries Timeout, request=300524ac-6f40-4001-8852-e3bc017e7a2d->63029d58-985e-44b6-b8f1-28f19ea5ad76#107-t1, previous=(t:1, i:13), leaderCommit=10, initializing? false, entries: <empty>
2019-09-12 06:00:56,567 [java.util.concurrent.ThreadPoolExecutor$Worker@44961301[State = -1, empty queue]] WARN  server.GrpcLogAppender (GrpcLogAppender.java:timeoutAppendRequest(200)) - 300524ac-6f40-4001-8852-e3bc017e7a2d@group-0077CE01DE48->e419d203-ae84-45b4-a349-326cccf7322d-GrpcLogAppender: appendEntries Timeout, request=300524ac-6f40-4001-8852-e3bc017e7a2d->e419d203-ae84-45b4-a349-326cccf7322d#107-t1, previous=(t:1, i:13), leaderCommit=10, initializing? false, entries: <empty>
2019-09-12 06:00:57,033 [grpc-default-executor-1] INFO  impl.RaftServerProxy (RaftServerProxy.java:remove(95)) - df009476-bbf0-43a2-af41-11b5052a445f: remove group-F6DBAA47753D:null
2019-09-12 06:00:57,036 [RatisPipelineUtilsThread] WARN  pipeline.RatisPipelineUtils (RatisPipelineUtils.java:destroyPipeline(66)) - Pipeline destroy failed for pipeline=PipelineID=a9bcf8c8-3c1e-40a0-bdf8-f6dbaa47753d dn=df009476-bbf0-43a2-af41-11b5052a445f{ip: 192.168.34.52, host: trunk-nightly-20190912-4gc2t-2068889165, networkLocation: /default-rack, certSerialId: null}
2019-09-12 06:00:57,039 [grpc-default-executor-1] INFO  impl.RaftServerProxy (RaftServerProxy.java:remove(95)) - 8f5ab14e-21d2-479d-9d33-3cad9b590bd0: remove group-F6DBAA47753D:null
2019-09-12 06:00:57,041 [RatisPipelineUtilsThread] WARN  pipeline.RatisPipelineUtils (RatisPipelineUtils.java:destroyPipeline(66)) - Pipeline destroy failed for pipeline=PipelineID=a9bcf8c8-3c1e-40a0-bdf8-f6dbaa47753d dn=8f5ab14e-21d2-479d-9d33-3cad9b590bd0{ip: 192.168.34.52, host: trunk-nightly-20190912-4gc2t-2068889165, networkLocation: /default-rack, certSerialId: null}
2019-09-12 06:00:57,044 [grpc-default-executor-1] INFO  impl.RaftServerProxy (RaftServerProxy.java:remove(95)) - 1f61edb1-ab55-473c-8774-d83fa3b21acc: remove group-F6DBAA47753D:null
2019-09-12 06:00:57,047 [RatisPipelineUtilsThread] WARN  pipeline.RatisPipelineUtils (RatisPipelineUtils.java:destroyPipeline(66)) - Pipeline destroy failed for pipeline=PipelineID=a9bcf8c8-3c1e-40a0-bdf8-f6dbaa47753d dn=1f61edb1-ab55-473c-8774-d83fa3b21acc{ip: 192.168.34.52, host: trunk-nightly-20190912-4gc2t-2068889165, networkLocation: /default-rack, certSerialId: null}
2019-09-12 06:00:57,047 [RatisPipelineUtilsThread] ERROR pipeline.SCMPipelineManager (Scheduler.java:lambda$schedule$1(70)) - Destroy pipeline failed for pipeline:Pipeline[ Id: a9bcf8c8-3c1e-40a0-bdf8-f6dbaa47753d, Nodes: df009476-bbf0-43a2-af41-11b5052a445f{ip: 192.168.34.52, host: trunk-nightly-20190912-4gc2t-2068889165, networkLocation: /default-rack, certSerialId: null}8f5ab14e-21d2-479d-9d33-3cad9b590bd0{ip: 192.168.34.52, host: trunk-nightly-20190912-4gc2t-2068889165, networkLocation: /default-rack, certSerialId: null}1f61edb1-ab55-473c-8774-d83fa3b21acc{ip: 192.168.34.52, host: trunk-nightly-20190912-4gc2t-2068889165, networkLocation: /default-rack, certSerialId: null}, Type:RATIS, Factor:THREE, State:CLOSED]
org.apache.hadoop.hdds.scm.pipeline.PipelineNotFoundException: PipelineID=a9bcf8c8-3c1e-40a0-bdf8-f6dbaa47753d not found
	at org.apache.hadoop.hdds.scm.pipeline.PipelineStateMap.getPipeline(PipelineStateMap.java:132)
	at org.apache.hadoop.hdds.scm.pipeline.PipelineStateMap.removePipeline(PipelineStateMap.java:322)
	at org.apache.hadoop.hdds.scm.pipeline.PipelineStateManager.removePipeline(PipelineStateManager.java:107)
	at org.apache.hadoop.hdds.scm.pipeline.SCMPipelineManager.removePipeline(SCMPipelineManager.java:423)
	at org.apache.hadoop.hdds.scm.pipeline.SCMPipelineManager.destroyPipeline(SCMPipelineManager.java:409)
	at org.apache.hadoop.hdds.scm.pipeline.SCMPipelineManager.lambda$finalizeAndDestroyPipeline$0(SCMPipelineManager.java:318)
	at org.apache.hadoop.utils.Scheduler.lambda$schedule$1(Scheduler.java:68)
	at java.util.concurrent.Executors$RunnableAdapter.call(Executors.java:511)
	at java.util.concurrent.FutureTask.run(FutureTask.java:266)
	at java.util.concurrent.ScheduledThreadPoolExecutor$ScheduledFutureTask.access$201(ScheduledThreadPoolExecutor.java:180)
	at java.util.concurrent.ScheduledThreadPoolExecutor$ScheduledFutureTask.run(ScheduledThreadPoolExecutor.java:293)
	at java.util.concurrent.ThreadPoolExecutor.runWorker(ThreadPoolExecutor.java:1149)
	at java.util.concurrent.ThreadPoolExecutor$Worker.run(ThreadPoolExecutor.java:624)
	at java.lang.Thread.run(Thread.java:748)
2019-09-12 06:00:58,555 [63029d58-985e-44b6-b8f1-28f19ea5ad76@group-0077CE01DE48-SegmentedRaftLogWorker] WARN  segmented.SegmentedRaftLogWorker (SegmentedRaftLogWorker.java:getFromFuture(90)) - Timeout 4/~
org.apache.ratis.protocol.TimeoutIOException: Timeout 10s: WriteLog:11: (t:1, i:11), STATEMACHINELOGENTRY, client-A49E3A1ED208, cid=32-writeStateMachineData
	at org.apache.ratis.util.IOUtils.getFromFuture(IOUtils.java:87)
	at org.apache.ratis.server.raftlog.segmented.SegmentedRaftLogWorker$StateMachineDataPolicy.getFromFuture(SegmentedRaftLogWorker.java:87)
	at org.apache.ratis.server.raftlog.segmented.SegmentedRaftLogWorker$WriteLog.execute(SegmentedRaftLogWorker.java:477)
	at org.apache.ratis.server.raftlog.segmented.SegmentedRaftLogWorker.run(SegmentedRaftLogWorker.java:289)
	at java.lang.Thread.run(Thread.java:748)
Caused by: java.util.concurrent.TimeoutException
	at java.util.concurrent.CompletableFuture.timedGet(CompletableFuture.java:1771)
	at java.util.concurrent.CompletableFuture.get(CompletableFuture.java:1915)
	at org.apache.ratis.util.IOUtils.getFromFuture(IOUtils.java:79)
	... 4 more
2019-09-12 06:00:58,555 [e419d203-ae84-45b4-a349-326cccf7322d@group-0077CE01DE48-SegmentedRaftLogWorker] WARN  segmented.SegmentedRaftLogWorker (SegmentedRaftLogWorker.java:getFromFuture(90)) - Timeout 4/~
org.apache.ratis.protocol.TimeoutIOException: Timeout 10s: WriteLog:11: (t:1, i:11), STATEMACHINELOGENTRY, client-A49E3A1ED208, cid=32-writeStateMachineData
	at org.apache.ratis.util.IOUtils.getFromFuture(IOUtils.java:87)
	at org.apache.ratis.server.raftlog.segmented.SegmentedRaftLogWorker$StateMachineDataPolicy.getFromFuture(SegmentedRaftLogWorker.java:87)
	at org.apache.ratis.server.raftlog.segmented.SegmentedRaftLogWorker$WriteLog.execute(SegmentedRaftLogWorker.java:477)
	at org.apache.ratis.server.raftlog.segmented.SegmentedRaftLogWorker.run(SegmentedRaftLogWorker.java:289)
	at java.lang.Thread.run(Thread.java:748)
Caused by: java.util.concurrent.TimeoutException
	at java.util.concurrent.CompletableFuture.timedGet(CompletableFuture.java:1771)
	at java.util.concurrent.CompletableFuture.get(CompletableFuture.java:1915)
	at org.apache.ratis.util.IOUtils.getFromFuture(IOUtils.java:79)
	... 4 more
2019-09-12 06:00:58,679 [300524ac-6f40-4001-8852-e3bc017e7a2d@group-0077CE01DE48-SegmentedRaftLogWorker] WARN  segmented.SegmentedRaftLogWorker (SegmentedRaftLogWorker.java:getFromFuture(90)) - Timeout 4/~
org.apache.ratis.protocol.TimeoutIOException: Timeout 10s: WriteLog:12: (t:1, i:12), STATEMACHINELOGENTRY, client-A49E3A1ED208, cid=33-writeStateMachineData
	at org.apache.ratis.util.IOUtils.getFromFuture(IOUtils.java:87)
	at org.apache.ratis.server.raftlog.segmented.SegmentedRaftLogWorker$StateMachineDataPolicy.getFromFuture(SegmentedRaftLogWorker.java:87)
	at org.apache.ratis.server.raftlog.segmented.SegmentedRaftLogWorker$WriteLog.execute(SegmentedRaftLogWorker.java:477)
	at org.apache.ratis.server.raftlog.segmented.SegmentedRaftLogWorker.run(SegmentedRaftLogWorker.java:289)
	at java.lang.Thread.run(Thread.java:748)
Caused by: java.util.concurrent.TimeoutException
	at java.util.concurrent.CompletableFuture.timedGet(CompletableFuture.java:1771)
	at java.util.concurrent.CompletableFuture.get(CompletableFuture.java:1915)
	at org.apache.ratis.util.IOUtils.getFromFuture(IOUtils.java:79)
	... 4 more
2019-09-12 06:00:58,981 [grpc-default-executor-1] INFO  client.GrpcClientProtocolClient (GrpcClientProtocolClient.java:onNext(264)) - client-A49E3A1ED208->63029d58-985e-44b6-b8f1-28f19ea5ad76: receive RaftClientReply:client-A49E3A1ED208->63029d58-985e-44b6-b8f1-28f19ea5ad76@group-0077CE01DE48, cid=32, FAILED org.apache.ratis.protocol.NotLeaderException: Server 63029d58-985e-44b6-b8f1-28f19ea5ad76@group-0077CE01DE48 is not the leader 300524ac-6f40-4001-8852-e3bc017e7a2d:192.168.34.52:35783, logIndex=0, commits[63029d58-985e-44b6-b8f1-28f19ea5ad76:c10, 300524ac-6f40-4001-8852-e3bc017e7a2d:c10, e419d203-ae84-45b4-a349-326cccf7322d:c6]
2019-09-12 06:00:59,068 [java.util.concurrent.ThreadPoolExecutor$Worker@31a3eae4[State = -1, empty queue]] WARN  server.GrpcLogAppender (GrpcLogAppender.java:timeoutAppendRequest(200)) - 300524ac-6f40-4001-8852-e3bc017e7a2d@group-0077CE01DE48->63029d58-985e-44b6-b8f1-28f19ea5ad76-GrpcLogAppender: appendEntries Timeout, request=300524ac-6f40-4001-8852-e3bc017e7a2d->63029d58-985e-44b6-b8f1-28f19ea5ad76#108-t1, previous=(t:1, i:13), leaderCommit=10, initializing? false, entries: <empty>
2019-09-12 06:00:59,068 [java.util.concurrent.ThreadPoolExecutor$Worker@44961301[State = -1, empty queue]] WARN  server.GrpcLogAppender (GrpcLogAppender.java:timeoutAppendRequest(200)) - 300524ac-6f40-4001-8852-e3bc017e7a2d@group-0077CE01DE48->e419d203-ae84-45b4-a349-326cccf7322d-GrpcLogAppender: appendEntries Timeout, request=300524ac-6f40-4001-8852-e3bc017e7a2d->e419d203-ae84-45b4-a349-326cccf7322d#108-t1, previous=(t:1, i:13), leaderCommit=10, initializing? false, entries: <empty>
2019-09-12 06:01:00,034 [grpc-default-executor-4] INFO  impl.RaftServerProxy (RaftServerProxy.java:remove(95)) - df009476-bbf0-43a2-af41-11b5052a445f: remove group-F6DBAA47753D:null
2019-09-12 06:01:00,038 [RatisPipelineUtilsThread] WARN  pipeline.RatisPipelineUtils (RatisPipelineUtils.java:destroyPipeline(66)) - Pipeline destroy failed for pipeline=PipelineID=a9bcf8c8-3c1e-40a0-bdf8-f6dbaa47753d dn=df009476-bbf0-43a2-af41-11b5052a445f{ip: 192.168.34.52, host: trunk-nightly-20190912-4gc2t-2068889165, networkLocation: /default-rack, certSerialId: null}
2019-09-12 06:01:00,041 [grpc-default-executor-4] INFO  impl.RaftServerProxy (RaftServerProxy.java:remove(95)) - 8f5ab14e-21d2-479d-9d33-3cad9b590bd0: remove group-F6DBAA47753D:null
2019-09-12 06:01:00,044 [RatisPipelineUtilsThread] WARN  pipeline.RatisPipelineUtils (RatisPipelineUtils.java:destroyPipeline(66)) - Pipeline destroy failed for pipeline=PipelineID=a9bcf8c8-3c1e-40a0-bdf8-f6dbaa47753d dn=8f5ab14e-21d2-479d-9d33-3cad9b590bd0{ip: 192.168.34.52, host: trunk-nightly-20190912-4gc2t-2068889165, networkLocation: /default-rack, certSerialId: null}
2019-09-12 06:01:00,047 [grpc-default-executor-4] INFO  impl.RaftServerProxy (RaftServerProxy.java:remove(95)) - 1f61edb1-ab55-473c-8774-d83fa3b21acc: remove group-F6DBAA47753D:null
2019-09-12 06:01:00,050 [RatisPipelineUtilsThread] WARN  pipeline.RatisPipelineUtils (RatisPipelineUtils.java:destroyPipeline(66)) - Pipeline destroy failed for pipeline=PipelineID=a9bcf8c8-3c1e-40a0-bdf8-f6dbaa47753d dn=1f61edb1-ab55-473c-8774-d83fa3b21acc{ip: 192.168.34.52, host: trunk-nightly-20190912-4gc2t-2068889165, networkLocation: /default-rack, certSerialId: null}
2019-09-12 06:01:00,051 [RatisPipelineUtilsThread] ERROR pipeline.SCMPipelineManager (Scheduler.java:lambda$schedule$1(70)) - Destroy pipeline failed for pipeline:Pipeline[ Id: a9bcf8c8-3c1e-40a0-bdf8-f6dbaa47753d, Nodes: df009476-bbf0-43a2-af41-11b5052a445f{ip: 192.168.34.52, host: trunk-nightly-20190912-4gc2t-2068889165, networkLocation: /default-rack, certSerialId: null}8f5ab14e-21d2-479d-9d33-3cad9b590bd0{ip: 192.168.34.52, host: trunk-nightly-20190912-4gc2t-2068889165, networkLocation: /default-rack, certSerialId: null}1f61edb1-ab55-473c-8774-d83fa3b21acc{ip: 192.168.34.52, host: trunk-nightly-20190912-4gc2t-2068889165, networkLocation: /default-rack, certSerialId: null}, Type:RATIS, Factor:THREE, State:CLOSED]
org.apache.hadoop.hdds.scm.pipeline.PipelineNotFoundException: PipelineID=a9bcf8c8-3c1e-40a0-bdf8-f6dbaa47753d not found
	at org.apache.hadoop.hdds.scm.pipeline.PipelineStateMap.getPipeline(PipelineStateMap.java:132)
	at org.apache.hadoop.hdds.scm.pipeline.PipelineStateMap.removePipeline(PipelineStateMap.java:322)
	at org.apache.hadoop.hdds.scm.pipeline.PipelineStateManager.removePipeline(PipelineStateManager.java:107)
	at org.apache.hadoop.hdds.scm.pipeline.SCMPipelineManager.removePipeline(SCMPipelineManager.java:423)
	at org.apache.hadoop.hdds.scm.pipeline.SCMPipelineManager.destroyPipeline(SCMPipelineManager.java:409)
	at org.apache.hadoop.hdds.scm.pipeline.SCMPipelineManager.lambda$finalizeAndDestroyPipeline$0(SCMPipelineManager.java:318)
	at org.apache.hadoop.utils.Scheduler.lambda$schedule$1(Scheduler.java:68)
	at java.util.concurrent.Executors$RunnableAdapter.call(Executors.java:511)
	at java.util.concurrent.FutureTask.run(FutureTask.java:266)
	at java.util.concurrent.ScheduledThreadPoolExecutor$ScheduledFutureTask.access$201(ScheduledThreadPoolExecutor.java:180)
	at java.util.concurrent.ScheduledThreadPoolExecutor$ScheduledFutureTask.run(ScheduledThreadPoolExecutor.java:293)
	at java.util.concurrent.ThreadPoolExecutor.runWorker(ThreadPoolExecutor.java:1149)
	at java.util.concurrent.ThreadPoolExecutor$Worker.run(ThreadPoolExecutor.java:624)
	at java.lang.Thread.run(Thread.java:748)
2019-09-12 06:01:01,568 [java.util.concurrent.ThreadPoolExecutor$Worker@44961301[State = -1, empty queue]] WARN  server.GrpcLogAppender (GrpcLogAppender.java:timeoutAppendRequest(200)) - 300524ac-6f40-4001-8852-e3bc017e7a2d@group-0077CE01DE48->e419d203-ae84-45b4-a349-326cccf7322d-GrpcLogAppender: appendEntries Timeout, request=300524ac-6f40-4001-8852-e3bc017e7a2d->e419d203-ae84-45b4-a349-326cccf7322d#109-t1, previous=(t:1, i:13), leaderCommit=10, initializing? false, entries: <empty>
2019-09-12 06:01:01,568 [java.util.concurrent.ThreadPoolExecutor$Worker@31a3eae4[State = -1, empty queue]] WARN  server.GrpcLogAppender (GrpcLogAppender.java:timeoutAppendRequest(200)) - 300524ac-6f40-4001-8852-e3bc017e7a2d@group-0077CE01DE48->63029d58-985e-44b6-b8f1-28f19ea5ad76-GrpcLogAppender: appendEntries Timeout, request=300524ac-6f40-4001-8852-e3bc017e7a2d->63029d58-985e-44b6-b8f1-28f19ea5ad76#109-t1, previous=(t:1, i:13), leaderCommit=10, initializing? false, entries: <empty>
2019-09-12 06:01:02,038 [grpc-default-executor-4] INFO  impl.RaftServerProxy (RaftServerProxy.java:remove(95)) - df009476-bbf0-43a2-af41-11b5052a445f: remove group-F6DBAA47753D:null
2019-09-12 06:01:02,041 [RatisPipelineUtilsThread] WARN  pipeline.RatisPipelineUtils (RatisPipelineUtils.java:destroyPipeline(66)) - Pipeline destroy failed for pipeline=PipelineID=a9bcf8c8-3c1e-40a0-bdf8-f6dbaa47753d dn=df009476-bbf0-43a2-af41-11b5052a445f{ip: 192.168.34.52, host: trunk-nightly-20190912-4gc2t-2068889165, networkLocation: /default-rack, certSerialId: null}
2019-09-12 06:01:02,044 [grpc-default-executor-4] INFO  impl.RaftServerProxy (RaftServerProxy.java:remove(95)) - 8f5ab14e-21d2-479d-9d33-3cad9b590bd0: remove group-F6DBAA47753D:null
2019-09-12 06:01:02,047 [RatisPipelineUtilsThread] WARN  pipeline.RatisPipelineUtils (RatisPipelineUtils.java:destroyPipeline(66)) - Pipeline destroy failed for pipeline=PipelineID=a9bcf8c8-3c1e-40a0-bdf8-f6dbaa47753d dn=8f5ab14e-21d2-479d-9d33-3cad9b590bd0{ip: 192.168.34.52, host: trunk-nightly-20190912-4gc2t-2068889165, networkLocation: /default-rack, certSerialId: null}
2019-09-12 06:01:02,049 [grpc-default-executor-4] INFO  impl.RaftServerProxy (RaftServerProxy.java:remove(95)) - 1f61edb1-ab55-473c-8774-d83fa3b21acc: remove group-F6DBAA47753D:null
2019-09-12 06:01:02,052 [RatisPipelineUtilsThread] WARN  pipeline.RatisPipelineUtils (RatisPipelineUtils.java:destroyPipeline(66)) - Pipeline destroy failed for pipeline=PipelineID=a9bcf8c8-3c1e-40a0-bdf8-f6dbaa47753d dn=1f61edb1-ab55-473c-8774-d83fa3b21acc{ip: 192.168.34.52, host: trunk-nightly-20190912-4gc2t-2068889165, networkLocation: /default-rack, certSerialId: null}
2019-09-12 06:01:02,052 [RatisPipelineUtilsThread] ERROR pipeline.SCMPipelineManager (Scheduler.java:lambda$schedule$1(70)) - Destroy pipeline failed for pipeline:Pipeline[ Id: a9bcf8c8-3c1e-40a0-bdf8-f6dbaa47753d, Nodes: df009476-bbf0-43a2-af41-11b5052a445f{ip: 192.168.34.52, host: trunk-nightly-20190912-4gc2t-2068889165, networkLocation: /default-rack, certSerialId: null}8f5ab14e-21d2-479d-9d33-3cad9b590bd0{ip: 192.168.34.52, host: trunk-nightly-20190912-4gc2t-2068889165, networkLocation: /default-rack, certSerialId: null}1f61edb1-ab55-473c-8774-d83fa3b21acc{ip: 192.168.34.52, host: trunk-nightly-20190912-4gc2t-2068889165, networkLocation: /default-rack, certSerialId: null}, Type:RATIS, Factor:THREE, State:CLOSED]
org.apache.hadoop.hdds.scm.pipeline.PipelineNotFoundException: PipelineID=a9bcf8c8-3c1e-40a0-bdf8-f6dbaa47753d not found
	at org.apache.hadoop.hdds.scm.pipeline.PipelineStateMap.getPipeline(PipelineStateMap.java:132)
	at org.apache.hadoop.hdds.scm.pipeline.PipelineStateMap.removePipeline(PipelineStateMap.java:322)
	at org.apache.hadoop.hdds.scm.pipeline.PipelineStateManager.removePipeline(PipelineStateManager.java:107)
	at org.apache.hadoop.hdds.scm.pipeline.SCMPipelineManager.removePipeline(SCMPipelineManager.java:423)
	at org.apache.hadoop.hdds.scm.pipeline.SCMPipelineManager.destroyPipeline(SCMPipelineManager.java:409)
	at org.apache.hadoop.hdds.scm.pipeline.SCMPipelineManager.lambda$finalizeAndDestroyPipeline$0(SCMPipelineManager.java:318)
	at org.apache.hadoop.utils.Scheduler.lambda$schedule$1(Scheduler.java:68)
	at java.util.concurrent.Executors$RunnableAdapter.call(Executors.java:511)
	at java.util.concurrent.FutureTask.run(FutureTask.java:266)
	at java.util.concurrent.ScheduledThreadPoolExecutor$ScheduledFutureTask.access$201(ScheduledThreadPoolExecutor.java:180)
	at java.util.concurrent.ScheduledThreadPoolExecutor$ScheduledFutureTask.run(ScheduledThreadPoolExecutor.java:293)
	at java.util.concurrent.ThreadPoolExecutor.runWorker(ThreadPoolExecutor.java:1149)
	at java.util.concurrent.ThreadPoolExecutor$Worker.run(ThreadPoolExecutor.java:624)
	at java.lang.Thread.run(Thread.java:748)
2019-09-12 06:01:04,022 [grpc-default-executor-1] INFO  client.GrpcClientProtocolClient (GrpcClientProtocolClient.java:onNext(264)) - client-A49E3A1ED208->e419d203-ae84-45b4-a349-326cccf7322d: receive RaftClientReply:client-A49E3A1ED208->e419d203-ae84-45b4-a349-326cccf7322d@group-0077CE01DE48, cid=32, FAILED org.apache.ratis.protocol.NotLeaderException: Server e419d203-ae84-45b4-a349-326cccf7322d@group-0077CE01DE48 is not the leader 300524ac-6f40-4001-8852-e3bc017e7a2d:192.168.34.52:35783, logIndex=0, commits[e419d203-ae84-45b4-a349-326cccf7322d:c10, 63029d58-985e-44b6-b8f1-28f19ea5ad76:c6, 300524ac-6f40-4001-8852-e3bc017e7a2d:c10]
2019-09-12 06:01:04,069 [java.util.concurrent.ThreadPoolExecutor$Worker@31a3eae4[State = -1, empty queue]] WARN  server.GrpcLogAppender (GrpcLogAppender.java:timeoutAppendRequest(200)) - 300524ac-6f40-4001-8852-e3bc017e7a2d@group-0077CE01DE48->63029d58-985e-44b6-b8f1-28f19ea5ad76-GrpcLogAppender: appendEntries Timeout, request=300524ac-6f40-4001-8852-e3bc017e7a2d->63029d58-985e-44b6-b8f1-28f19ea5ad76#110-t1, previous=(t:1, i:13), leaderCommit=10, initializing? false, entries: <empty>
2019-09-12 06:01:04,069 [java.util.concurrent.ThreadPoolExecutor$Worker@44961301[State = -1, empty queue]] WARN  server.GrpcLogAppender (GrpcLogAppender.java:timeoutAppendRequest(200)) - 300524ac-6f40-4001-8852-e3bc017e7a2d@group-0077CE01DE48->e419d203-ae84-45b4-a349-326cccf7322d-GrpcLogAppender: appendEntries Timeout, request=300524ac-6f40-4001-8852-e3bc017e7a2d->e419d203-ae84-45b4-a349-326cccf7322d#110-t1, previous=(t:1, i:13), leaderCommit=10, initializing? false, entries: <empty>
2019-09-12 06:01:05,036 [grpc-default-executor-1] INFO  impl.RaftServerProxy (RaftServerProxy.java:remove(95)) - df009476-bbf0-43a2-af41-11b5052a445f: remove group-F6DBAA47753D:null
2019-09-12 06:01:05,038 [RatisPipelineUtilsThread] WARN  pipeline.RatisPipelineUtils (RatisPipelineUtils.java:destroyPipeline(66)) - Pipeline destroy failed for pipeline=PipelineID=a9bcf8c8-3c1e-40a0-bdf8-f6dbaa47753d dn=df009476-bbf0-43a2-af41-11b5052a445f{ip: 192.168.34.52, host: trunk-nightly-20190912-4gc2t-2068889165, networkLocation: /default-rack, certSerialId: null}
2019-09-12 06:01:05,041 [grpc-default-executor-1] INFO  impl.RaftServerProxy (RaftServerProxy.java:remove(95)) - 8f5ab14e-21d2-479d-9d33-3cad9b590bd0: remove group-F6DBAA47753D:null
2019-09-12 06:01:05,043 [RatisPipelineUtilsThread] WARN  pipeline.RatisPipelineUtils (RatisPipelineUtils.java:destroyPipeline(66)) - Pipeline destroy failed for pipeline=PipelineID=a9bcf8c8-3c1e-40a0-bdf8-f6dbaa47753d dn=8f5ab14e-21d2-479d-9d33-3cad9b590bd0{ip: 192.168.34.52, host: trunk-nightly-20190912-4gc2t-2068889165, networkLocation: /default-rack, certSerialId: null}
2019-09-12 06:01:05,046 [grpc-default-executor-1] INFO  impl.RaftServerProxy (RaftServerProxy.java:remove(95)) - 1f61edb1-ab55-473c-8774-d83fa3b21acc: remove group-F6DBAA47753D:null
2019-09-12 06:01:05,048 [RatisPipelineUtilsThread] WARN  pipeline.RatisPipelineUtils (RatisPipelineUtils.java:destroyPipeline(66)) - Pipeline destroy failed for pipeline=PipelineID=a9bcf8c8-3c1e-40a0-bdf8-f6dbaa47753d dn=1f61edb1-ab55-473c-8774-d83fa3b21acc{ip: 192.168.34.52, host: trunk-nightly-20190912-4gc2t-2068889165, networkLocation: /default-rack, certSerialId: null}
2019-09-12 06:01:05,048 [RatisPipelineUtilsThread] ERROR pipeline.SCMPipelineManager (Scheduler.java:lambda$schedule$1(70)) - Destroy pipeline failed for pipeline:Pipeline[ Id: a9bcf8c8-3c1e-40a0-bdf8-f6dbaa47753d, Nodes: df009476-bbf0-43a2-af41-11b5052a445f{ip: 192.168.34.52, host: trunk-nightly-20190912-4gc2t-2068889165, networkLocation: /default-rack, certSerialId: null}8f5ab14e-21d2-479d-9d33-3cad9b590bd0{ip: 192.168.34.52, host: trunk-nightly-20190912-4gc2t-2068889165, networkLocation: /default-rack, certSerialId: null}1f61edb1-ab55-473c-8774-d83fa3b21acc{ip: 192.168.34.52, host: trunk-nightly-20190912-4gc2t-2068889165, networkLocation: /default-rack, certSerialId: null}, Type:RATIS, Factor:THREE, State:CLOSED]
org.apache.hadoop.hdds.scm.pipeline.PipelineNotFoundException: PipelineID=a9bcf8c8-3c1e-40a0-bdf8-f6dbaa47753d not found
	at org.apache.hadoop.hdds.scm.pipeline.PipelineStateMap.getPipeline(PipelineStateMap.java:132)
	at org.apache.hadoop.hdds.scm.pipeline.PipelineStateMap.removePipeline(PipelineStateMap.java:322)
	at org.apache.hadoop.hdds.scm.pipeline.PipelineStateManager.removePipeline(PipelineStateManager.java:107)
	at org.apache.hadoop.hdds.scm.pipeline.SCMPipelineManager.removePipeline(SCMPipelineManager.java:423)
	at org.apache.hadoop.hdds.scm.pipeline.SCMPipelineManager.destroyPipeline(SCMPipelineManager.java:409)
	at org.apache.hadoop.hdds.scm.pipeline.SCMPipelineManager.lambda$finalizeAndDestroyPipeline$0(SCMPipelineManager.java:318)
	at org.apache.hadoop.utils.Scheduler.lambda$schedule$1(Scheduler.java:68)
	at java.util.concurrent.Executors$RunnableAdapter.call(Executors.java:511)
	at java.util.concurrent.FutureTask.run(FutureTask.java:266)
	at java.util.concurrent.ScheduledThreadPoolExecutor$ScheduledFutureTask.access$201(ScheduledThreadPoolExecutor.java:180)
	at java.util.concurrent.ScheduledThreadPoolExecutor$ScheduledFutureTask.run(ScheduledThreadPoolExecutor.java:293)
	at java.util.concurrent.ThreadPoolExecutor.runWorker(ThreadPoolExecutor.java:1149)
	at java.util.concurrent.ThreadPoolExecutor$Worker.run(ThreadPoolExecutor.java:624)
	at java.lang.Thread.run(Thread.java:748)
2019-09-12 06:01:06,569 [java.util.concurrent.ThreadPoolExecutor$Worker@31a3eae4[State = -1, empty queue]] WARN  server.GrpcLogAppender (GrpcLogAppender.java:timeoutAppendRequest(200)) - 300524ac-6f40-4001-8852-e3bc017e7a2d@group-0077CE01DE48->63029d58-985e-44b6-b8f1-28f19ea5ad76-GrpcLogAppender: appendEntries Timeout, request=300524ac-6f40-4001-8852-e3bc017e7a2d->63029d58-985e-44b6-b8f1-28f19ea5ad76#111-t1, previous=(t:1, i:13), leaderCommit=10, initializing? false, entries: <empty>
2019-09-12 06:01:06,569 [java.util.concurrent.ThreadPoolExecutor$Worker@44961301[State = -1, empty queue]] WARN  server.GrpcLogAppender (GrpcLogAppender.java:timeoutAppendRequest(200)) - 300524ac-6f40-4001-8852-e3bc017e7a2d@group-0077CE01DE48->e419d203-ae84-45b4-a349-326cccf7322d-GrpcLogAppender: appendEntries Timeout, request=300524ac-6f40-4001-8852-e3bc017e7a2d->e419d203-ae84-45b4-a349-326cccf7322d#111-t1, previous=(t:1, i:13), leaderCommit=10, initializing? false, entries: <empty>
2019-09-12 06:01:07,048 [grpc-default-executor-4] INFO  impl.RaftServerProxy (RaftServerProxy.java:remove(95)) - df009476-bbf0-43a2-af41-11b5052a445f: remove group-F6DBAA47753D:null
2019-09-12 06:01:07,051 [RatisPipelineUtilsThread] WARN  pipeline.RatisPipelineUtils (RatisPipelineUtils.java:destroyPipeline(66)) - Pipeline destroy failed for pipeline=PipelineID=a9bcf8c8-3c1e-40a0-bdf8-f6dbaa47753d dn=df009476-bbf0-43a2-af41-11b5052a445f{ip: 192.168.34.52, host: trunk-nightly-20190912-4gc2t-2068889165, networkLocation: /default-rack, certSerialId: null}
2019-09-12 06:01:07,054 [grpc-default-executor-4] INFO  impl.RaftServerProxy (RaftServerProxy.java:remove(95)) - 8f5ab14e-21d2-479d-9d33-3cad9b590bd0: remove group-F6DBAA47753D:null
2019-09-12 06:01:07,056 [RatisPipelineUtilsThread] WARN  pipeline.RatisPipelineUtils (RatisPipelineUtils.java:destroyPipeline(66)) - Pipeline destroy failed for pipeline=PipelineID=a9bcf8c8-3c1e-40a0-bdf8-f6dbaa47753d dn=8f5ab14e-21d2-479d-9d33-3cad9b590bd0{ip: 192.168.34.52, host: trunk-nightly-20190912-4gc2t-2068889165, networkLocation: /default-rack, certSerialId: null}
2019-09-12 06:01:07,059 [grpc-default-executor-4] INFO  impl.RaftServerProxy (RaftServerProxy.java:remove(95)) - 1f61edb1-ab55-473c-8774-d83fa3b21acc: remove group-F6DBAA47753D:null
2019-09-12 06:01:07,061 [RatisPipelineUtilsThread] WARN  pipeline.RatisPipelineUtils (RatisPipelineUtils.java:destroyPipeline(66)) - Pipeline destroy failed for pipeline=PipelineID=a9bcf8c8-3c1e-40a0-bdf8-f6dbaa47753d dn=1f61edb1-ab55-473c-8774-d83fa3b21acc{ip: 192.168.34.52, host: trunk-nightly-20190912-4gc2t-2068889165, networkLocation: /default-rack, certSerialId: null}
2019-09-12 06:01:07,062 [RatisPipelineUtilsThread] ERROR pipeline.SCMPipelineManager (Scheduler.java:lambda$schedule$1(70)) - Destroy pipeline failed for pipeline:Pipeline[ Id: a9bcf8c8-3c1e-40a0-bdf8-f6dbaa47753d, Nodes: df009476-bbf0-43a2-af41-11b5052a445f{ip: 192.168.34.52, host: trunk-nightly-20190912-4gc2t-2068889165, networkLocation: /default-rack, certSerialId: null}8f5ab14e-21d2-479d-9d33-3cad9b590bd0{ip: 192.168.34.52, host: trunk-nightly-20190912-4gc2t-2068889165, networkLocation: /default-rack, certSerialId: null}1f61edb1-ab55-473c-8774-d83fa3b21acc{ip: 192.168.34.52, host: trunk-nightly-20190912-4gc2t-2068889165, networkLocation: /default-rack, certSerialId: null}, Type:RATIS, Factor:THREE, State:CLOSED]
org.apache.hadoop.hdds.scm.pipeline.PipelineNotFoundException: PipelineID=a9bcf8c8-3c1e-40a0-bdf8-f6dbaa47753d not found
	at org.apache.hadoop.hdds.scm.pipeline.PipelineStateMap.getPipeline(PipelineStateMap.java:132)
	at org.apache.hadoop.hdds.scm.pipeline.PipelineStateMap.removePipeline(PipelineStateMap.java:322)
	at org.apache.hadoop.hdds.scm.pipeline.PipelineStateManager.removePipeline(PipelineStateManager.java:107)
	at org.apache.hadoop.hdds.scm.pipeline.SCMPipelineManager.removePipeline(SCMPipelineManager.java:423)
	at org.apache.hadoop.hdds.scm.pipeline.SCMPipelineManager.destroyPipeline(SCMPipelineManager.java:409)
	at org.apache.hadoop.hdds.scm.pipeline.SCMPipelineManager.lambda$finalizeAndDestroyPipeline$0(SCMPipelineManager.java:318)
	at org.apache.hadoop.utils.Scheduler.lambda$schedule$1(Scheduler.java:68)
	at java.util.concurrent.Executors$RunnableAdapter.call(Executors.java:511)
	at java.util.concurrent.FutureTask.run(FutureTask.java:266)
	at java.util.concurrent.ScheduledThreadPoolExecutor$ScheduledFutureTask.access$201(ScheduledThreadPoolExecutor.java:180)
	at java.util.concurrent.ScheduledThreadPoolExecutor$ScheduledFutureTask.run(ScheduledThreadPoolExecutor.java:293)
	at java.util.concurrent.ThreadPoolExecutor.runWorker(ThreadPoolExecutor.java:1149)
	at java.util.concurrent.ThreadPoolExecutor$Worker.run(ThreadPoolExecutor.java:624)
	at java.lang.Thread.run(Thread.java:748)
2019-09-12 06:01:08,557 [63029d58-985e-44b6-b8f1-28f19ea5ad76@group-0077CE01DE48-SegmentedRaftLogWorker] WARN  segmented.SegmentedRaftLogWorker (SegmentedRaftLogWorker.java:getFromFuture(90)) - Timeout 5/~
org.apache.ratis.protocol.TimeoutIOException: Timeout 10s: WriteLog:11: (t:1, i:11), STATEMACHINELOGENTRY, client-A49E3A1ED208, cid=32-writeStateMachineData
	at org.apache.ratis.util.IOUtils.getFromFuture(IOUtils.java:87)
	at org.apache.ratis.server.raftlog.segmented.SegmentedRaftLogWorker$StateMachineDataPolicy.getFromFuture(SegmentedRaftLogWorker.java:87)
	at org.apache.ratis.server.raftlog.segmented.SegmentedRaftLogWorker$WriteLog.execute(SegmentedRaftLogWorker.java:477)
	at org.apache.ratis.server.raftlog.segmented.SegmentedRaftLogWorker.run(SegmentedRaftLogWorker.java:289)
	at java.lang.Thread.run(Thread.java:748)
Caused by: java.util.concurrent.TimeoutException
	at java.util.concurrent.CompletableFuture.timedGet(CompletableFuture.java:1771)
	at java.util.concurrent.CompletableFuture.get(CompletableFuture.java:1915)
	at org.apache.ratis.util.IOUtils.getFromFuture(IOUtils.java:79)
	... 4 more
2019-09-12 06:01:08,557 [e419d203-ae84-45b4-a349-326cccf7322d@group-0077CE01DE48-SegmentedRaftLogWorker] WARN  segmented.SegmentedRaftLogWorker (SegmentedRaftLogWorker.java:getFromFuture(90)) - Timeout 5/~
org.apache.ratis.protocol.TimeoutIOException: Timeout 10s: WriteLog:11: (t:1, i:11), STATEMACHINELOGENTRY, client-A49E3A1ED208, cid=32-writeStateMachineData
	at org.apache.ratis.util.IOUtils.getFromFuture(IOUtils.java:87)
	at org.apache.ratis.server.raftlog.segmented.SegmentedRaftLogWorker$StateMachineDataPolicy.getFromFuture(SegmentedRaftLogWorker.java:87)
	at org.apache.ratis.server.raftlog.segmented.SegmentedRaftLogWorker$WriteLog.execute(SegmentedRaftLogWorker.java:477)
	at org.apache.ratis.server.raftlog.segmented.SegmentedRaftLogWorker.run(SegmentedRaftLogWorker.java:289)
	at java.lang.Thread.run(Thread.java:748)
Caused by: java.util.concurrent.TimeoutException
	at java.util.concurrent.CompletableFuture.timedGet(CompletableFuture.java:1771)
	at java.util.concurrent.CompletableFuture.get(CompletableFuture.java:1915)
	at org.apache.ratis.util.IOUtils.getFromFuture(IOUtils.java:79)
	... 4 more
2019-09-12 06:01:08,680 [300524ac-6f40-4001-8852-e3bc017e7a2d@group-0077CE01DE48-SegmentedRaftLogWorker] WARN  segmented.SegmentedRaftLogWorker (SegmentedRaftLogWorker.java:getFromFuture(90)) - Timeout 5/~
org.apache.ratis.protocol.TimeoutIOException: Timeout 10s: WriteLog:12: (t:1, i:12), STATEMACHINELOGENTRY, client-A49E3A1ED208, cid=33-writeStateMachineData
	at org.apache.ratis.util.IOUtils.getFromFuture(IOUtils.java:87)
	at org.apache.ratis.server.raftlog.segmented.SegmentedRaftLogWorker$StateMachineDataPolicy.getFromFuture(SegmentedRaftLogWorker.java:87)
	at org.apache.ratis.server.raftlog.segmented.SegmentedRaftLogWorker$WriteLog.execute(SegmentedRaftLogWorker.java:477)
	at org.apache.ratis.server.raftlog.segmented.SegmentedRaftLogWorker.run(SegmentedRaftLogWorker.java:289)
	at java.lang.Thread.run(Thread.java:748)
Caused by: java.util.concurrent.TimeoutException
	at java.util.concurrent.CompletableFuture.timedGet(CompletableFuture.java:1771)
	at java.util.concurrent.CompletableFuture.get(CompletableFuture.java:1915)
	at org.apache.ratis.util.IOUtils.getFromFuture(IOUtils.java:79)
	... 4 more
2019-09-12 06:01:09,065 [grpc-default-executor-3] INFO  client.GrpcClientProtocolClient (GrpcClientProtocolClient.java:onNext(264)) - client-A49E3A1ED208->e419d203-ae84-45b4-a349-326cccf7322d: receive RaftClientReply:client-A49E3A1ED208->e419d203-ae84-45b4-a349-326cccf7322d@group-0077CE01DE48, cid=32, FAILED org.apache.ratis.protocol.NotLeaderException: Server e419d203-ae84-45b4-a349-326cccf7322d@group-0077CE01DE48 is not the leader 300524ac-6f40-4001-8852-e3bc017e7a2d:192.168.34.52:35783, logIndex=0, commits[e419d203-ae84-45b4-a349-326cccf7322d:c10, 63029d58-985e-44b6-b8f1-28f19ea5ad76:c6, 300524ac-6f40-4001-8852-e3bc017e7a2d:c10]
2019-09-12 06:01:09,073 [java.util.concurrent.ThreadPoolExecutor$Worker@44961301[State = -1, empty queue]] WARN  server.GrpcLogAppender (GrpcLogAppender.java:timeoutAppendRequest(200)) - 300524ac-6f40-4001-8852-e3bc017e7a2d@group-0077CE01DE48->e419d203-ae84-45b4-a349-326cccf7322d-GrpcLogAppender: appendEntries Timeout, request=300524ac-6f40-4001-8852-e3bc017e7a2d->e419d203-ae84-45b4-a349-326cccf7322d#112-t1, previous=(t:1, i:13), leaderCommit=10, initializing? false, entries: <empty>
2019-09-12 06:01:09,073 [java.util.concurrent.ThreadPoolExecutor$Worker@31a3eae4[State = -1, empty queue]] WARN  server.GrpcLogAppender (GrpcLogAppender.java:timeoutAppendRequest(200)) - 300524ac-6f40-4001-8852-e3bc017e7a2d@group-0077CE01DE48->63029d58-985e-44b6-b8f1-28f19ea5ad76-GrpcLogAppender: appendEntries Timeout, request=300524ac-6f40-4001-8852-e3bc017e7a2d->63029d58-985e-44b6-b8f1-28f19ea5ad76#112-t1, previous=(t:1, i:13), leaderCommit=10, initializing? false, entries: <empty>
2019-09-12 06:01:10,036 [grpc-default-executor-4] INFO  impl.RaftServerProxy (RaftServerProxy.java:remove(95)) - df009476-bbf0-43a2-af41-11b5052a445f: remove group-F6DBAA47753D:null
2019-09-12 06:01:10,039 [RatisPipelineUtilsThread] WARN  pipeline.RatisPipelineUtils (RatisPipelineUtils.java:destroyPipeline(66)) - Pipeline destroy failed for pipeline=PipelineID=a9bcf8c8-3c1e-40a0-bdf8-f6dbaa47753d dn=df009476-bbf0-43a2-af41-11b5052a445f{ip: 192.168.34.52, host: trunk-nightly-20190912-4gc2t-2068889165, networkLocation: /default-rack, certSerialId: null}
2019-09-12 06:01:10,042 [grpc-default-executor-4] INFO  impl.RaftServerProxy (RaftServerProxy.java:remove(95)) - 8f5ab14e-21d2-479d-9d33-3cad9b590bd0: remove group-F6DBAA47753D:null
2019-09-12 06:01:10,044 [RatisPipelineUtilsThread] WARN  pipeline.RatisPipelineUtils (RatisPipelineUtils.java:destroyPipeline(66)) - Pipeline destroy failed for pipeline=PipelineID=a9bcf8c8-3c1e-40a0-bdf8-f6dbaa47753d dn=8f5ab14e-21d2-479d-9d33-3cad9b590bd0{ip: 192.168.34.52, host: trunk-nightly-20190912-4gc2t-2068889165, networkLocation: /default-rack, certSerialId: null}
2019-09-12 06:01:10,047 [grpc-default-executor-4] INFO  impl.RaftServerProxy (RaftServerProxy.java:remove(95)) - 1f61edb1-ab55-473c-8774-d83fa3b21acc: remove group-F6DBAA47753D:null
2019-09-12 06:01:10,049 [RatisPipelineUtilsThread] WARN  pipeline.RatisPipelineUtils (RatisPipelineUtils.java:destroyPipeline(66)) - Pipeline destroy failed for pipeline=PipelineID=a9bcf8c8-3c1e-40a0-bdf8-f6dbaa47753d dn=1f61edb1-ab55-473c-8774-d83fa3b21acc{ip: 192.168.34.52, host: trunk-nightly-20190912-4gc2t-2068889165, networkLocation: /default-rack, certSerialId: null}
2019-09-12 06:01:10,050 [RatisPipelineUtilsThread] ERROR pipeline.SCMPipelineManager (Scheduler.java:lambda$schedule$1(70)) - Destroy pipeline failed for pipeline:Pipeline[ Id: a9bcf8c8-3c1e-40a0-bdf8-f6dbaa47753d, Nodes: df009476-bbf0-43a2-af41-11b5052a445f{ip: 192.168.34.52, host: trunk-nightly-20190912-4gc2t-2068889165, networkLocation: /default-rack, certSerialId: null}8f5ab14e-21d2-479d-9d33-3cad9b590bd0{ip: 192.168.34.52, host: trunk-nightly-20190912-4gc2t-2068889165, networkLocation: /default-rack, certSerialId: null}1f61edb1-ab55-473c-8774-d83fa3b21acc{ip: 192.168.34.52, host: trunk-nightly-20190912-4gc2t-2068889165, networkLocation: /default-rack, certSerialId: null}, Type:RATIS, Factor:THREE, State:CLOSED]
org.apache.hadoop.hdds.scm.pipeline.PipelineNotFoundException: PipelineID=a9bcf8c8-3c1e-40a0-bdf8-f6dbaa47753d not found
	at org.apache.hadoop.hdds.scm.pipeline.PipelineStateMap.getPipeline(PipelineStateMap.java:132)
	at org.apache.hadoop.hdds.scm.pipeline.PipelineStateMap.removePipeline(PipelineStateMap.java:322)
	at org.apache.hadoop.hdds.scm.pipeline.PipelineStateManager.removePipeline(PipelineStateManager.java:107)
	at org.apache.hadoop.hdds.scm.pipeline.SCMPipelineManager.removePipeline(SCMPipelineManager.java:423)
	at org.apache.hadoop.hdds.scm.pipeline.SCMPipelineManager.destroyPipeline(SCMPipelineManager.java:409)
	at org.apache.hadoop.hdds.scm.pipeline.SCMPipelineManager.lambda$finalizeAndDestroyPipeline$0(SCMPipelineManager.java:318)
	at org.apache.hadoop.utils.Scheduler.lambda$schedule$1(Scheduler.java:68)
	at java.util.concurrent.Executors$RunnableAdapter.call(Executors.java:511)
	at java.util.concurrent.FutureTask.run(FutureTask.java:266)
	at java.util.concurrent.ScheduledThreadPoolExecutor$ScheduledFutureTask.access$201(ScheduledThreadPoolExecutor.java:180)
	at java.util.concurrent.ScheduledThreadPoolExecutor$ScheduledFutureTask.run(ScheduledThreadPoolExecutor.java:293)
	at java.util.concurrent.ThreadPoolExecutor.runWorker(ThreadPoolExecutor.java:1149)
	at java.util.concurrent.ThreadPoolExecutor$Worker.run(ThreadPoolExecutor.java:624)
	at java.lang.Thread.run(Thread.java:748)
2019-09-12 06:01:11,570 [java.util.concurrent.ThreadPoolExecutor$Worker@31a3eae4[State = -1, empty queue]] WARN  server.GrpcLogAppender (GrpcLogAppender.java:timeoutAppendRequest(200)) - 300524ac-6f40-4001-8852-e3bc017e7a2d@group-0077CE01DE48->63029d58-985e-44b6-b8f1-28f19ea5ad76-GrpcLogAppender: appendEntries Timeout, request=300524ac-6f40-4001-8852-e3bc017e7a2d->63029d58-985e-44b6-b8f1-28f19ea5ad76#113-t1, previous=(t:1, i:13), leaderCommit=10, initializing? false, entries: <empty>
2019-09-12 06:01:11,570 [java.util.concurrent.ThreadPoolExecutor$Worker@44961301[State = -1, empty queue]] WARN  server.GrpcLogAppender (GrpcLogAppender.java:timeoutAppendRequest(200)) - 300524ac-6f40-4001-8852-e3bc017e7a2d@group-0077CE01DE48->e419d203-ae84-45b4-a349-326cccf7322d-GrpcLogAppender: appendEntries Timeout, request=300524ac-6f40-4001-8852-e3bc017e7a2d->e419d203-ae84-45b4-a349-326cccf7322d#113-t1, previous=(t:1, i:13), leaderCommit=10, initializing? false, entries: <empty>
2019-09-12 06:01:12,038 [grpc-default-executor-3] INFO  impl.RaftServerProxy (RaftServerProxy.java:remove(95)) - df009476-bbf0-43a2-af41-11b5052a445f: remove group-F6DBAA47753D:null
2019-09-12 06:01:12,042 [RatisPipelineUtilsThread] WARN  pipeline.RatisPipelineUtils (RatisPipelineUtils.java:destroyPipeline(66)) - Pipeline destroy failed for pipeline=PipelineID=a9bcf8c8-3c1e-40a0-bdf8-f6dbaa47753d dn=df009476-bbf0-43a2-af41-11b5052a445f{ip: 192.168.34.52, host: trunk-nightly-20190912-4gc2t-2068889165, networkLocation: /default-rack, certSerialId: null}
2019-09-12 06:01:12,046 [grpc-default-executor-3] INFO  impl.RaftServerProxy (RaftServerProxy.java:remove(95)) - 8f5ab14e-21d2-479d-9d33-3cad9b590bd0: remove group-F6DBAA47753D:null
2019-09-12 06:01:12,049 [RatisPipelineUtilsThread] WARN  pipeline.RatisPipelineUtils (RatisPipelineUtils.java:destroyPipeline(66)) - Pipeline destroy failed for pipeline=PipelineID=a9bcf8c8-3c1e-40a0-bdf8-f6dbaa47753d dn=8f5ab14e-21d2-479d-9d33-3cad9b590bd0{ip: 192.168.34.52, host: trunk-nightly-20190912-4gc2t-2068889165, networkLocation: /default-rack, certSerialId: null}
2019-09-12 06:01:12,052 [grpc-default-executor-3] INFO  impl.RaftServerProxy (RaftServerProxy.java:remove(95)) - 1f61edb1-ab55-473c-8774-d83fa3b21acc: remove group-F6DBAA47753D:null
2019-09-12 06:01:12,055 [RatisPipelineUtilsThread] WARN  pipeline.RatisPipelineUtils (RatisPipelineUtils.java:destroyPipeline(66)) - Pipeline destroy failed for pipeline=PipelineID=a9bcf8c8-3c1e-40a0-bdf8-f6dbaa47753d dn=1f61edb1-ab55-473c-8774-d83fa3b21acc{ip: 192.168.34.52, host: trunk-nightly-20190912-4gc2t-2068889165, networkLocation: /default-rack, certSerialId: null}
2019-09-12 06:01:12,055 [RatisPipelineUtilsThread] ERROR pipeline.SCMPipelineManager (Scheduler.java:lambda$schedule$1(70)) - Destroy pipeline failed for pipeline:Pipeline[ Id: a9bcf8c8-3c1e-40a0-bdf8-f6dbaa47753d, Nodes: df009476-bbf0-43a2-af41-11b5052a445f{ip: 192.168.34.52, host: trunk-nightly-20190912-4gc2t-2068889165, networkLocation: /default-rack, certSerialId: null}8f5ab14e-21d2-479d-9d33-3cad9b590bd0{ip: 192.168.34.52, host: trunk-nightly-20190912-4gc2t-2068889165, networkLocation: /default-rack, certSerialId: null}1f61edb1-ab55-473c-8774-d83fa3b21acc{ip: 192.168.34.52, host: trunk-nightly-20190912-4gc2t-2068889165, networkLocation: /default-rack, certSerialId: null}, Type:RATIS, Factor:THREE, State:CLOSED]
org.apache.hadoop.hdds.scm.pipeline.PipelineNotFoundException: PipelineID=a9bcf8c8-3c1e-40a0-bdf8-f6dbaa47753d not found
	at org.apache.hadoop.hdds.scm.pipeline.PipelineStateMap.getPipeline(PipelineStateMap.java:132)
	at org.apache.hadoop.hdds.scm.pipeline.PipelineStateMap.removePipeline(PipelineStateMap.java:322)
	at org.apache.hadoop.hdds.scm.pipeline.PipelineStateManager.removePipeline(PipelineStateManager.java:107)
	at org.apache.hadoop.hdds.scm.pipeline.SCMPipelineManager.removePipeline(SCMPipelineManager.java:423)
	at org.apache.hadoop.hdds.scm.pipeline.SCMPipelineManager.destroyPipeline(SCMPipelineManager.java:409)
	at org.apache.hadoop.hdds.scm.pipeline.SCMPipelineManager.lambda$finalizeAndDestroyPipeline$0(SCMPipelineManager.java:318)
	at org.apache.hadoop.utils.Scheduler.lambda$schedule$1(Scheduler.java:68)
	at java.util.concurrent.Executors$RunnableAdapter.call(Executors.java:511)
	at java.util.concurrent.FutureTask.run(FutureTask.java:266)
	at java.util.concurrent.ScheduledThreadPoolExecutor$ScheduledFutureTask.access$201(ScheduledThreadPoolExecutor.java:180)
	at java.util.concurrent.ScheduledThreadPoolExecutor$ScheduledFutureTask.run(ScheduledThreadPoolExecutor.java:293)
	at java.util.concurrent.ThreadPoolExecutor.runWorker(ThreadPoolExecutor.java:1149)
	at java.util.concurrent.ThreadPoolExecutor$Worker.run(ThreadPoolExecutor.java:624)
	at java.lang.Thread.run(Thread.java:748)
2019-09-12 06:01:13,131 [grpc-default-executor-4] INFO  impl.RaftServerProxy (RaftServerProxy.java:remove(95)) - df009476-bbf0-43a2-af41-11b5052a445f: remove group-F6DBAA47753D:null
2019-09-12 06:01:13,134 [RatisPipelineUtilsThread] WARN  pipeline.RatisPipelineUtils (RatisPipelineUtils.java:destroyPipeline(66)) - Pipeline destroy failed for pipeline=PipelineID=a9bcf8c8-3c1e-40a0-bdf8-f6dbaa47753d dn=df009476-bbf0-43a2-af41-11b5052a445f{ip: 192.168.34.52, host: trunk-nightly-20190912-4gc2t-2068889165, networkLocation: /default-rack, certSerialId: null}
2019-09-12 06:01:13,137 [grpc-default-executor-4] INFO  impl.RaftServerProxy (RaftServerProxy.java:remove(95)) - 8f5ab14e-21d2-479d-9d33-3cad9b590bd0: remove group-F6DBAA47753D:null
2019-09-12 06:01:13,141 [RatisPipelineUtilsThread] WARN  pipeline.RatisPipelineUtils (RatisPipelineUtils.java:destroyPipeline(66)) - Pipeline destroy failed for pipeline=PipelineID=a9bcf8c8-3c1e-40a0-bdf8-f6dbaa47753d dn=8f5ab14e-21d2-479d-9d33-3cad9b590bd0{ip: 192.168.34.52, host: trunk-nightly-20190912-4gc2t-2068889165, networkLocation: /default-rack, certSerialId: null}
2019-09-12 06:01:13,148 [grpc-default-executor-4] INFO  impl.RaftServerProxy (RaftServerProxy.java:remove(95)) - 1f61edb1-ab55-473c-8774-d83fa3b21acc: remove group-F6DBAA47753D:null
2019-09-12 06:01:13,152 [RatisPipelineUtilsThread] WARN  pipeline.RatisPipelineUtils (RatisPipelineUtils.java:destroyPipeline(66)) - Pipeline destroy failed for pipeline=PipelineID=a9bcf8c8-3c1e-40a0-bdf8-f6dbaa47753d dn=1f61edb1-ab55-473c-8774-d83fa3b21acc{ip: 192.168.34.52, host: trunk-nightly-20190912-4gc2t-2068889165, networkLocation: /default-rack, certSerialId: null}
2019-09-12 06:01:13,156 [RatisPipelineUtilsThread] ERROR pipeline.SCMPipelineManager (Scheduler.java:lambda$schedule$1(70)) - Destroy pipeline failed for pipeline:Pipeline[ Id: a9bcf8c8-3c1e-40a0-bdf8-f6dbaa47753d, Nodes: df009476-bbf0-43a2-af41-11b5052a445f{ip: 192.168.34.52, host: trunk-nightly-20190912-4gc2t-2068889165, networkLocation: /default-rack, certSerialId: null}8f5ab14e-21d2-479d-9d33-3cad9b590bd0{ip: 192.168.34.52, host: trunk-nightly-20190912-4gc2t-2068889165, networkLocation: /default-rack, certSerialId: null}1f61edb1-ab55-473c-8774-d83fa3b21acc{ip: 192.168.34.52, host: trunk-nightly-20190912-4gc2t-2068889165, networkLocation: /default-rack, certSerialId: null}, Type:RATIS, Factor:THREE, State:CLOSED]
org.apache.hadoop.hdds.scm.pipeline.PipelineNotFoundException: PipelineID=a9bcf8c8-3c1e-40a0-bdf8-f6dbaa47753d not found
	at org.apache.hadoop.hdds.scm.pipeline.PipelineStateMap.getPipeline(PipelineStateMap.java:132)
	at org.apache.hadoop.hdds.scm.pipeline.PipelineStateMap.removePipeline(PipelineStateMap.java:322)
	at org.apache.hadoop.hdds.scm.pipeline.PipelineStateManager.removePipeline(PipelineStateManager.java:107)
	at org.apache.hadoop.hdds.scm.pipeline.SCMPipelineManager.removePipeline(SCMPipelineManager.java:423)
	at org.apache.hadoop.hdds.scm.pipeline.SCMPipelineManager.destroyPipeline(SCMPipelineManager.java:409)
	at org.apache.hadoop.hdds.scm.pipeline.SCMPipelineManager.lambda$finalizeAndDestroyPipeline$0(SCMPipelineManager.java:318)
	at org.apache.hadoop.utils.Scheduler.lambda$schedule$1(Scheduler.java:68)
	at java.util.concurrent.Executors$RunnableAdapter.call(Executors.java:511)
	at java.util.concurrent.FutureTask.run(FutureTask.java:266)
	at java.util.concurrent.ScheduledThreadPoolExecutor$ScheduledFutureTask.access$201(ScheduledThreadPoolExecutor.java:180)
	at java.util.concurrent.ScheduledThreadPoolExecutor$ScheduledFutureTask.run(ScheduledThreadPoolExecutor.java:293)
	at java.util.concurrent.ThreadPoolExecutor.runWorker(ThreadPoolExecutor.java:1149)
	at java.util.concurrent.ThreadPoolExecutor$Worker.run(ThreadPoolExecutor.java:624)
	at java.lang.Thread.run(Thread.java:748)
2019-09-12 06:01:13,315 [grpc-default-executor-4] INFO  impl.RaftServerProxy (RaftServerProxy.java:remove(95)) - df009476-bbf0-43a2-af41-11b5052a445f: remove group-F6DBAA47753D:null
2019-09-12 06:01:13,318 [RatisPipelineUtilsThread] WARN  pipeline.RatisPipelineUtils (RatisPipelineUtils.java:destroyPipeline(66)) - Pipeline destroy failed for pipeline=PipelineID=a9bcf8c8-3c1e-40a0-bdf8-f6dbaa47753d dn=df009476-bbf0-43a2-af41-11b5052a445f{ip: 192.168.34.52, host: trunk-nightly-20190912-4gc2t-2068889165, networkLocation: /default-rack, certSerialId: null}
2019-09-12 06:01:13,321 [grpc-default-executor-4] INFO  impl.RaftServerProxy (RaftServerProxy.java:remove(95)) - 8f5ab14e-21d2-479d-9d33-3cad9b590bd0: remove group-F6DBAA47753D:null
2019-09-12 06:01:13,324 [RatisPipelineUtilsThread] WARN  pipeline.RatisPipelineUtils (RatisPipelineUtils.java:destroyPipeline(66)) - Pipeline destroy failed for pipeline=PipelineID=a9bcf8c8-3c1e-40a0-bdf8-f6dbaa47753d dn=8f5ab14e-21d2-479d-9d33-3cad9b590bd0{ip: 192.168.34.52, host: trunk-nightly-20190912-4gc2t-2068889165, networkLocation: /default-rack, certSerialId: null}
2019-09-12 06:01:13,326 [grpc-default-executor-4] INFO  impl.RaftServerProxy (RaftServerProxy.java:remove(95)) - 1f61edb1-ab55-473c-8774-d83fa3b21acc: remove group-F6DBAA47753D:null
2019-09-12 06:01:13,329 [RatisPipelineUtilsThread] WARN  pipeline.RatisPipelineUtils (RatisPipelineUtils.java:destroyPipeline(66)) - Pipeline destroy failed for pipeline=PipelineID=a9bcf8c8-3c1e-40a0-bdf8-f6dbaa47753d dn=1f61edb1-ab55-473c-8774-d83fa3b21acc{ip: 192.168.34.52, host: trunk-nightly-20190912-4gc2t-2068889165, networkLocation: /default-rack, certSerialId: null}
2019-09-12 06:01:13,329 [RatisPipelineUtilsThread] ERROR pipeline.SCMPipelineManager (Scheduler.java:lambda$schedule$1(70)) - Destroy pipeline failed for pipeline:Pipeline[ Id: a9bcf8c8-3c1e-40a0-bdf8-f6dbaa47753d, Nodes: df009476-bbf0-43a2-af41-11b5052a445f{ip: 192.168.34.52, host: trunk-nightly-20190912-4gc2t-2068889165, networkLocation: /default-rack, certSerialId: null}8f5ab14e-21d2-479d-9d33-3cad9b590bd0{ip: 192.168.34.52, host: trunk-nightly-20190912-4gc2t-2068889165, networkLocation: /default-rack, certSerialId: null}1f61edb1-ab55-473c-8774-d83fa3b21acc{ip: 192.168.34.52, host: trunk-nightly-20190912-4gc2t-2068889165, networkLocation: /default-rack, certSerialId: null}, Type:RATIS, Factor:THREE, State:CLOSED]
org.apache.hadoop.hdds.scm.pipeline.PipelineNotFoundException: PipelineID=a9bcf8c8-3c1e-40a0-bdf8-f6dbaa47753d not found
	at org.apache.hadoop.hdds.scm.pipeline.PipelineStateMap.getPipeline(PipelineStateMap.java:132)
	at org.apache.hadoop.hdds.scm.pipeline.PipelineStateMap.removePipeline(PipelineStateMap.java:322)
	at org.apache.hadoop.hdds.scm.pipeline.PipelineStateManager.removePipeline(PipelineStateManager.java:107)
	at org.apache.hadoop.hdds.scm.pipeline.SCMPipelineManager.removePipeline(SCMPipelineManager.java:423)
	at org.apache.hadoop.hdds.scm.pipeline.SCMPipelineManager.destroyPipeline(SCMPipelineManager.java:409)
	at org.apache.hadoop.hdds.scm.pipeline.SCMPipelineManager.lambda$finalizeAndDestroyPipeline$0(SCMPipelineManager.java:318)
	at org.apache.hadoop.utils.Scheduler.lambda$schedule$1(Scheduler.java:68)
	at java.util.concurrent.Executors$RunnableAdapter.call(Executors.java:511)
	at java.util.concurrent.FutureTask.run(FutureTask.java:266)
	at java.util.concurrent.ScheduledThreadPoolExecutor$ScheduledFutureTask.access$201(ScheduledThreadPoolExecutor.java:180)
	at java.util.concurrent.ScheduledThreadPoolExecutor$ScheduledFutureTask.run(ScheduledThreadPoolExecutor.java:293)
	at java.util.concurrent.ThreadPoolExecutor.runWorker(ThreadPoolExecutor.java:1149)
	at java.util.concurrent.ThreadPoolExecutor$Worker.run(ThreadPoolExecutor.java:624)
	at java.lang.Thread.run(Thread.java:748)
2019-09-12 06:01:13,492 [grpc-default-executor-4] INFO  impl.RaftServerProxy (RaftServerProxy.java:remove(95)) - df009476-bbf0-43a2-af41-11b5052a445f: remove group-F6DBAA47753D:null
2019-09-12 06:01:13,495 [RatisPipelineUtilsThread] WARN  pipeline.RatisPipelineUtils (RatisPipelineUtils.java:destroyPipeline(66)) - Pipeline destroy failed for pipeline=PipelineID=a9bcf8c8-3c1e-40a0-bdf8-f6dbaa47753d dn=df009476-bbf0-43a2-af41-11b5052a445f{ip: 192.168.34.52, host: trunk-nightly-20190912-4gc2t-2068889165, networkLocation: /default-rack, certSerialId: null}
2019-09-12 06:01:13,498 [grpc-default-executor-4] INFO  impl.RaftServerProxy (RaftServerProxy.java:remove(95)) - 8f5ab14e-21d2-479d-9d33-3cad9b590bd0: remove group-F6DBAA47753D:null
2019-09-12 06:01:13,501 [RatisPipelineUtilsThread] WARN  pipeline.RatisPipelineUtils (RatisPipelineUtils.java:destroyPipeline(66)) - Pipeline destroy failed for pipeline=PipelineID=a9bcf8c8-3c1e-40a0-bdf8-f6dbaa47753d dn=8f5ab14e-21d2-479d-9d33-3cad9b590bd0{ip: 192.168.34.52, host: trunk-nightly-20190912-4gc2t-2068889165, networkLocation: /default-rack, certSerialId: null}
2019-09-12 06:01:13,504 [grpc-default-executor-4] INFO  impl.RaftServerProxy (RaftServerProxy.java:remove(95)) - 1f61edb1-ab55-473c-8774-d83fa3b21acc: remove group-F6DBAA47753D:null
2019-09-12 06:01:13,507 [RatisPipelineUtilsThread] WARN  pipeline.RatisPipelineUtils (RatisPipelineUtils.java:destroyPipeline(66)) - Pipeline destroy failed for pipeline=PipelineID=a9bcf8c8-3c1e-40a0-bdf8-f6dbaa47753d dn=1f61edb1-ab55-473c-8774-d83fa3b21acc{ip: 192.168.34.52, host: trunk-nightly-20190912-4gc2t-2068889165, networkLocation: /default-rack, certSerialId: null}
2019-09-12 06:01:13,507 [RatisPipelineUtilsThread] ERROR pipeline.SCMPipelineManager (Scheduler.java:lambda$schedule$1(70)) - Destroy pipeline failed for pipeline:Pipeline[ Id: a9bcf8c8-3c1e-40a0-bdf8-f6dbaa47753d, Nodes: df009476-bbf0-43a2-af41-11b5052a445f{ip: 192.168.34.52, host: trunk-nightly-20190912-4gc2t-2068889165, networkLocation: /default-rack, certSerialId: null}8f5ab14e-21d2-479d-9d33-3cad9b590bd0{ip: 192.168.34.52, host: trunk-nightly-20190912-4gc2t-2068889165, networkLocation: /default-rack, certSerialId: null}1f61edb1-ab55-473c-8774-d83fa3b21acc{ip: 192.168.34.52, host: trunk-nightly-20190912-4gc2t-2068889165, networkLocation: /default-rack, certSerialId: null}, Type:RATIS, Factor:THREE, State:CLOSED]
org.apache.hadoop.hdds.scm.pipeline.PipelineNotFoundException: PipelineID=a9bcf8c8-3c1e-40a0-bdf8-f6dbaa47753d not found
	at org.apache.hadoop.hdds.scm.pipeline.PipelineStateMap.getPipeline(PipelineStateMap.java:132)
	at org.apache.hadoop.hdds.scm.pipeline.PipelineStateMap.removePipeline(PipelineStateMap.java:322)
	at org.apache.hadoop.hdds.scm.pipeline.PipelineStateManager.removePipeline(PipelineStateManager.java:107)
	at org.apache.hadoop.hdds.scm.pipeline.SCMPipelineManager.removePipeline(SCMPipelineManager.java:423)
	at org.apache.hadoop.hdds.scm.pipeline.SCMPipelineManager.destroyPipeline(SCMPipelineManager.java:409)
	at org.apache.hadoop.hdds.scm.pipeline.SCMPipelineManager.lambda$finalizeAndDestroyPipeline$0(SCMPipelineManager.java:318)
	at org.apache.hadoop.utils.Scheduler.lambda$schedule$1(Scheduler.java:68)
	at java.util.concurrent.Executors$RunnableAdapter.call(Executors.java:511)
	at java.util.concurrent.FutureTask.run(FutureTask.java:266)
	at java.util.concurrent.ScheduledThreadPoolExecutor$ScheduledFutureTask.access$201(ScheduledThreadPoolExecutor.java:180)
	at java.util.concurrent.ScheduledThreadPoolExecutor$ScheduledFutureTask.run(ScheduledThreadPoolExecutor.java:293)
	at java.util.concurrent.ThreadPoolExecutor.runWorker(ThreadPoolExecutor.java:1149)
	at java.util.concurrent.ThreadPoolExecutor$Worker.run(ThreadPoolExecutor.java:624)
	at java.lang.Thread.run(Thread.java:748)
2019-09-12 06:01:14,070 [java.util.concurrent.ThreadPoolExecutor$Worker@44961301[State = -1, empty queue]] WARN  server.GrpcLogAppender (GrpcLogAppender.java:timeoutAppendRequest(200)) - 300524ac-6f40-4001-8852-e3bc017e7a2d@group-0077CE01DE48->e419d203-ae84-45b4-a349-326cccf7322d-GrpcLogAppender: appendEntries Timeout, request=300524ac-6f40-4001-8852-e3bc017e7a2d->e419d203-ae84-45b4-a349-326cccf7322d#114-t1, previous=(t:1, i:13), leaderCommit=10, initializing? false, entries: <empty>
2019-09-12 06:01:14,070 [java.util.concurrent.ThreadPoolExecutor$Worker@31a3eae4[State = -1, empty queue]] WARN  server.GrpcLogAppender (GrpcLogAppender.java:timeoutAppendRequest(200)) - 300524ac-6f40-4001-8852-e3bc017e7a2d@group-0077CE01DE48->63029d58-985e-44b6-b8f1-28f19ea5ad76-GrpcLogAppender: appendEntries Timeout, request=300524ac-6f40-4001-8852-e3bc017e7a2d->63029d58-985e-44b6-b8f1-28f19ea5ad76#114-t1, previous=(t:1, i:13), leaderCommit=10, initializing? false, entries: <empty>
2019-09-12 06:01:14,106 [grpc-default-executor-3] INFO  client.GrpcClientProtocolClient (GrpcClientProtocolClient.java:onNext(264)) - client-A49E3A1ED208->63029d58-985e-44b6-b8f1-28f19ea5ad76: receive RaftClientReply:client-A49E3A1ED208->63029d58-985e-44b6-b8f1-28f19ea5ad76@group-0077CE01DE48, cid=32, FAILED org.apache.ratis.protocol.NotLeaderException: Server 63029d58-985e-44b6-b8f1-28f19ea5ad76@group-0077CE01DE48 is not the leader 300524ac-6f40-4001-8852-e3bc017e7a2d:192.168.34.52:35783, logIndex=0, commits[63029d58-985e-44b6-b8f1-28f19ea5ad76:c10, 300524ac-6f40-4001-8852-e3bc017e7a2d:c10, e419d203-ae84-45b4-a349-326cccf7322d:c6]
2019-09-12 06:01:16,571 [java.util.concurrent.ThreadPoolExecutor$Worker@31a3eae4[State = -1, empty queue]] WARN  server.GrpcLogAppender (GrpcLogAppender.java:timeoutAppendRequest(200)) - 300524ac-6f40-4001-8852-e3bc017e7a2d@group-0077CE01DE48->63029d58-985e-44b6-b8f1-28f19ea5ad76-GrpcLogAppender: appendEntries Timeout, request=300524ac-6f40-4001-8852-e3bc017e7a2d->63029d58-985e-44b6-b8f1-28f19ea5ad76#115-t1, previous=(t:1, i:13), leaderCommit=10, initializing? false, entries: <empty>
2019-09-12 06:01:16,571 [java.util.concurrent.ThreadPoolExecutor$Worker@44961301[State = -1, empty queue]] WARN  server.GrpcLogAppender (GrpcLogAppender.java:timeoutAppendRequest(200)) - 300524ac-6f40-4001-8852-e3bc017e7a2d@group-0077CE01DE48->e419d203-ae84-45b4-a349-326cccf7322d-GrpcLogAppender: appendEntries Timeout, request=300524ac-6f40-4001-8852-e3bc017e7a2d->e419d203-ae84-45b4-a349-326cccf7322d#115-t1, previous=(t:1, i:13), leaderCommit=10, initializing? false, entries: <empty>
2019-09-12 06:01:18,558 [63029d58-985e-44b6-b8f1-28f19ea5ad76@group-0077CE01DE48-SegmentedRaftLogWorker] WARN  segmented.SegmentedRaftLogWorker (SegmentedRaftLogWorker.java:getFromFuture(90)) - Timeout 6/~
org.apache.ratis.protocol.TimeoutIOException: Timeout 10s: WriteLog:11: (t:1, i:11), STATEMACHINELOGENTRY, client-A49E3A1ED208, cid=32-writeStateMachineData
	at org.apache.ratis.util.IOUtils.getFromFuture(IOUtils.java:87)
	at org.apache.ratis.server.raftlog.segmented.SegmentedRaftLogWorker$StateMachineDataPolicy.getFromFuture(SegmentedRaftLogWorker.java:87)
	at org.apache.ratis.server.raftlog.segmented.SegmentedRaftLogWorker$WriteLog.execute(SegmentedRaftLogWorker.java:477)
	at org.apache.ratis.server.raftlog.segmented.SegmentedRaftLogWorker.run(SegmentedRaftLogWorker.java:289)
	at java.lang.Thread.run(Thread.java:748)
Caused by: java.util.concurrent.TimeoutException
	at java.util.concurrent.CompletableFuture.timedGet(CompletableFuture.java:1771)
	at java.util.concurrent.CompletableFuture.get(CompletableFuture.java:1915)
	at org.apache.ratis.util.IOUtils.getFromFuture(IOUtils.java:79)
	... 4 more
2019-09-12 06:01:18,558 [e419d203-ae84-45b4-a349-326cccf7322d@group-0077CE01DE48-SegmentedRaftLogWorker] WARN  segmented.SegmentedRaftLogWorker (SegmentedRaftLogWorker.java:getFromFuture(90)) - Timeout 6/~
org.apache.ratis.protocol.TimeoutIOException: Timeout 10s: WriteLog:11: (t:1, i:11), STATEMACHINELOGENTRY, client-A49E3A1ED208, cid=32-writeStateMachineData
	at org.apache.ratis.util.IOUtils.getFromFuture(IOUtils.java:87)
	at org.apache.ratis.server.raftlog.segmented.SegmentedRaftLogWorker$StateMachineDataPolicy.getFromFuture(SegmentedRaftLogWorker.java:87)
	at org.apache.ratis.server.raftlog.segmented.SegmentedRaftLogWorker$WriteLog.execute(SegmentedRaftLogWorker.java:477)
	at org.apache.ratis.server.raftlog.segmented.SegmentedRaftLogWorker.run(SegmentedRaftLogWorker.java:289)
	at java.lang.Thread.run(Thread.java:748)
Caused by: java.util.concurrent.TimeoutException
	at java.util.concurrent.CompletableFuture.timedGet(CompletableFuture.java:1771)
	at java.util.concurrent.CompletableFuture.get(CompletableFuture.java:1915)
	at org.apache.ratis.util.IOUtils.getFromFuture(IOUtils.java:79)
	... 4 more
2019-09-12 06:01:18,681 [300524ac-6f40-4001-8852-e3bc017e7a2d@group-0077CE01DE48-SegmentedRaftLogWorker] WARN  segmented.SegmentedRaftLogWorker (SegmentedRaftLogWorker.java:getFromFuture(90)) - Timeout 6/~
org.apache.ratis.protocol.TimeoutIOException: Timeout 10s: WriteLog:12: (t:1, i:12), STATEMACHINELOGENTRY, client-A49E3A1ED208, cid=33-writeStateMachineData
	at org.apache.ratis.util.IOUtils.getFromFuture(IOUtils.java:87)
	at org.apache.ratis.server.raftlog.segmented.SegmentedRaftLogWorker$StateMachineDataPolicy.getFromFuture(SegmentedRaftLogWorker.java:87)
	at org.apache.ratis.server.raftlog.segmented.SegmentedRaftLogWorker$WriteLog.execute(SegmentedRaftLogWorker.java:477)
	at org.apache.ratis.server.raftlog.segmented.SegmentedRaftLogWorker.run(SegmentedRaftLogWorker.java:289)
	at java.lang.Thread.run(Thread.java:748)
Caused by: java.util.concurrent.TimeoutException
	at java.util.concurrent.CompletableFuture.timedGet(CompletableFuture.java:1771)
	at java.util.concurrent.CompletableFuture.get(CompletableFuture.java:1915)
	at org.apache.ratis.util.IOUtils.getFromFuture(IOUtils.java:79)
	... 4 more
2019-09-12 06:01:19,071 [java.util.concurrent.ThreadPoolExecutor$Worker@31a3eae4[State = -1, empty queue]] WARN  server.GrpcLogAppender (GrpcLogAppender.java:timeoutAppendRequest(200)) - 300524ac-6f40-4001-8852-e3bc017e7a2d@group-0077CE01DE48->63029d58-985e-44b6-b8f1-28f19ea5ad76-GrpcLogAppender: appendEntries Timeout, request=300524ac-6f40-4001-8852-e3bc017e7a2d->63029d58-985e-44b6-b8f1-28f19ea5ad76#116-t1, previous=(t:1, i:13), leaderCommit=10, initializing? false, entries: <empty>
2019-09-12 06:01:19,071 [java.util.concurrent.ThreadPoolExecutor$Worker@44961301[State = -1, empty queue]] WARN  server.GrpcLogAppender (GrpcLogAppender.java:timeoutAppendRequest(200)) - 300524ac-6f40-4001-8852-e3bc017e7a2d@group-0077CE01DE48->e419d203-ae84-45b4-a349-326cccf7322d-GrpcLogAppender: appendEntries Timeout, request=300524ac-6f40-4001-8852-e3bc017e7a2d->e419d203-ae84-45b4-a349-326cccf7322d#116-t1, previous=(t:1, i:13), leaderCommit=10, initializing? false, entries: <empty>
2019-09-12 06:01:19,142 [grpc-default-executor-3] INFO  client.GrpcClientProtocolClient (GrpcClientProtocolClient.java:onNext(264)) - client-A49E3A1ED208->e419d203-ae84-45b4-a349-326cccf7322d: receive RaftClientReply:client-A49E3A1ED208->e419d203-ae84-45b4-a349-326cccf7322d@group-0077CE01DE48, cid=32, FAILED org.apache.ratis.protocol.NotLeaderException: Server e419d203-ae84-45b4-a349-326cccf7322d@group-0077CE01DE48 is not the leader 300524ac-6f40-4001-8852-e3bc017e7a2d:192.168.34.52:35783, logIndex=0, commits[e419d203-ae84-45b4-a349-326cccf7322d:c10, 63029d58-985e-44b6-b8f1-28f19ea5ad76:c6, 300524ac-6f40-4001-8852-e3bc017e7a2d:c10]
2019-09-12 06:01:21,580 [java.util.concurrent.ThreadPoolExecutor$Worker@31a3eae4[State = -1, empty queue]] WARN  server.GrpcLogAppender (GrpcLogAppender.java:timeoutAppendRequest(200)) - 300524ac-6f40-4001-8852-e3bc017e7a2d@group-0077CE01DE48->63029d58-985e-44b6-b8f1-28f19ea5ad76-GrpcLogAppender: appendEntries Timeout, request=300524ac-6f40-4001-8852-e3bc017e7a2d->63029d58-985e-44b6-b8f1-28f19ea5ad76#117-t1, previous=(t:1, i:13), leaderCommit=10, initializing? false, entries: <empty>
2019-09-12 06:01:21,580 [java.util.concurrent.ThreadPoolExecutor$Worker@44961301[State = -1, empty queue]] WARN  server.GrpcLogAppender (GrpcLogAppender.java:timeoutAppendRequest(200)) - 300524ac-6f40-4001-8852-e3bc017e7a2d@group-0077CE01DE48->e419d203-ae84-45b4-a349-326cccf7322d-GrpcLogAppender: appendEntries Timeout, request=300524ac-6f40-4001-8852-e3bc017e7a2d->e419d203-ae84-45b4-a349-326cccf7322d#117-t1, previous=(t:1, i:13), leaderCommit=10, initializing? false, entries: <empty>
2019-09-12 06:01:24,080 [java.util.concurrent.ThreadPoolExecutor$Worker@44961301[State = -1, empty queue]] WARN  server.GrpcLogAppender (GrpcLogAppender.java:timeoutAppendRequest(200)) - 300524ac-6f40-4001-8852-e3bc017e7a2d@group-0077CE01DE48->e419d203-ae84-45b4-a349-326cccf7322d-GrpcLogAppender: appendEntries Timeout, request=300524ac-6f40-4001-8852-e3bc017e7a2d->e419d203-ae84-45b4-a349-326cccf7322d#118-t1, previous=(t:1, i:13), leaderCommit=10, initializing? false, entries: <empty>
2019-09-12 06:01:24,080 [java.util.concurrent.ThreadPoolExecutor$Worker@31a3eae4[State = -1, empty queue]] WARN  server.GrpcLogAppender (GrpcLogAppender.java:timeoutAppendRequest(200)) - 300524ac-6f40-4001-8852-e3bc017e7a2d@group-0077CE01DE48->63029d58-985e-44b6-b8f1-28f19ea5ad76-GrpcLogAppender: appendEntries Timeout, request=300524ac-6f40-4001-8852-e3bc017e7a2d->63029d58-985e-44b6-b8f1-28f19ea5ad76#118-t1, previous=(t:1, i:13), leaderCommit=10, initializing? false, entries: <empty>
2019-09-12 06:01:24,199 [grpc-default-executor-3] INFO  client.GrpcClientProtocolClient (GrpcClientProtocolClient.java:onNext(264)) - client-A49E3A1ED208->e419d203-ae84-45b4-a349-326cccf7322d: receive RaftClientReply:client-A49E3A1ED208->e419d203-ae84-45b4-a349-326cccf7322d@group-0077CE01DE48, cid=32, FAILED org.apache.ratis.protocol.NotLeaderException: Server e419d203-ae84-45b4-a349-326cccf7322d@group-0077CE01DE48 is not the leader 300524ac-6f40-4001-8852-e3bc017e7a2d:192.168.34.52:35783, logIndex=0, commits[e419d203-ae84-45b4-a349-326cccf7322d:c10, 63029d58-985e-44b6-b8f1-28f19ea5ad76:c6, 300524ac-6f40-4001-8852-e3bc017e7a2d:c10]
2019-09-12 06:01:26,580 [java.util.concurrent.ThreadPoolExecutor$Worker@31a3eae4[State = -1, empty queue]] WARN  server.GrpcLogAppender (GrpcLogAppender.java:timeoutAppendRequest(200)) - 300524ac-6f40-4001-8852-e3bc017e7a2d@group-0077CE01DE48->63029d58-985e-44b6-b8f1-28f19ea5ad76-GrpcLogAppender: appendEntries Timeout, request=300524ac-6f40-4001-8852-e3bc017e7a2d->63029d58-985e-44b6-b8f1-28f19ea5ad76#119-t1, previous=(t:1, i:13), leaderCommit=10, initializing? false, entries: <empty>
2019-09-12 06:01:26,580 [java.util.concurrent.ThreadPoolExecutor$Worker@44961301[State = -1, empty queue]] WARN  server.GrpcLogAppender (GrpcLogAppender.java:timeoutAppendRequest(200)) - 300524ac-6f40-4001-8852-e3bc017e7a2d@group-0077CE01DE48->e419d203-ae84-45b4-a349-326cccf7322d-GrpcLogAppender: appendEntries Timeout, request=300524ac-6f40-4001-8852-e3bc017e7a2d->e419d203-ae84-45b4-a349-326cccf7322d#119-t1, previous=(t:1, i:13), leaderCommit=10, initializing? false, entries: <empty>
2019-09-12 06:01:28,559 [63029d58-985e-44b6-b8f1-28f19ea5ad76@group-0077CE01DE48-SegmentedRaftLogWorker] WARN  segmented.SegmentedRaftLogWorker (SegmentedRaftLogWorker.java:getFromFuture(90)) - Timeout 7/~
org.apache.ratis.protocol.TimeoutIOException: Timeout 10s: WriteLog:11: (t:1, i:11), STATEMACHINELOGENTRY, client-A49E3A1ED208, cid=32-writeStateMachineData
	at org.apache.ratis.util.IOUtils.getFromFuture(IOUtils.java:87)
	at org.apache.ratis.server.raftlog.segmented.SegmentedRaftLogWorker$StateMachineDataPolicy.getFromFuture(SegmentedRaftLogWorker.java:87)
	at org.apache.ratis.server.raftlog.segmented.SegmentedRaftLogWorker$WriteLog.execute(SegmentedRaftLogWorker.java:477)
	at org.apache.ratis.server.raftlog.segmented.SegmentedRaftLogWorker.run(SegmentedRaftLogWorker.java:289)
	at java.lang.Thread.run(Thread.java:748)
Caused by: java.util.concurrent.TimeoutException
	at java.util.concurrent.CompletableFuture.timedGet(CompletableFuture.java:1771)
	at java.util.concurrent.CompletableFuture.get(CompletableFuture.java:1915)
	at org.apache.ratis.util.IOUtils.getFromFuture(IOUtils.java:79)
	... 4 more
2019-09-12 06:01:28,580 [e419d203-ae84-45b4-a349-326cccf7322d@group-0077CE01DE48-SegmentedRaftLogWorker] WARN  segmented.SegmentedRaftLogWorker (SegmentedRaftLogWorker.java:getFromFuture(90)) - Timeout 7/~
org.apache.ratis.protocol.TimeoutIOException: Timeout 10s: WriteLog:11: (t:1, i:11), STATEMACHINELOGENTRY, client-A49E3A1ED208, cid=32-writeStateMachineData
	at org.apache.ratis.util.IOUtils.getFromFuture(IOUtils.java:87)
	at org.apache.ratis.server.raftlog.segmented.SegmentedRaftLogWorker$StateMachineDataPolicy.getFromFuture(SegmentedRaftLogWorker.java:87)
	at org.apache.ratis.server.raftlog.segmented.SegmentedRaftLogWorker$WriteLog.execute(SegmentedRaftLogWorker.java:477)
	at org.apache.ratis.server.raftlog.segmented.SegmentedRaftLogWorker.run(SegmentedRaftLogWorker.java:289)
	at java.lang.Thread.run(Thread.java:748)
Caused by: java.util.concurrent.TimeoutException
	at java.util.concurrent.CompletableFuture.timedGet(CompletableFuture.java:1771)
	at java.util.concurrent.CompletableFuture.get(CompletableFuture.java:1915)
	at org.apache.ratis.util.IOUtils.getFromFuture(IOUtils.java:79)
	... 4 more
2019-09-12 06:01:28,682 [300524ac-6f40-4001-8852-e3bc017e7a2d@group-0077CE01DE48-SegmentedRaftLogWorker] WARN  segmented.SegmentedRaftLogWorker (SegmentedRaftLogWorker.java:getFromFuture(90)) - Timeout 7/~
org.apache.ratis.protocol.TimeoutIOException: Timeout 10s: WriteLog:12: (t:1, i:12), STATEMACHINELOGENTRY, client-A49E3A1ED208, cid=33-writeStateMachineData
	at org.apache.ratis.util.IOUtils.getFromFuture(IOUtils.java:87)
	at org.apache.ratis.server.raftlog.segmented.SegmentedRaftLogWorker$StateMachineDataPolicy.getFromFuture(SegmentedRaftLogWorker.java:87)
	at org.apache.ratis.server.raftlog.segmented.SegmentedRaftLogWorker$WriteLog.execute(SegmentedRaftLogWorker.java:477)
	at org.apache.ratis.server.raftlog.segmented.SegmentedRaftLogWorker.run(SegmentedRaftLogWorker.java:289)
	at java.lang.Thread.run(Thread.java:748)
Caused by: java.util.concurrent.TimeoutException
	at java.util.concurrent.CompletableFuture.timedGet(CompletableFuture.java:1771)
	at java.util.concurrent.CompletableFuture.get(CompletableFuture.java:1915)
	at org.apache.ratis.util.IOUtils.getFromFuture(IOUtils.java:79)
	... 4 more
2019-09-12 06:01:29,081 [java.util.concurrent.ThreadPoolExecutor$Worker@44961301[State = -1, empty queue]] WARN  server.GrpcLogAppender (GrpcLogAppender.java:timeoutAppendRequest(200)) - 300524ac-6f40-4001-8852-e3bc017e7a2d@group-0077CE01DE48->e419d203-ae84-45b4-a349-326cccf7322d-GrpcLogAppender: appendEntries Timeout, request=300524ac-6f40-4001-8852-e3bc017e7a2d->e419d203-ae84-45b4-a349-326cccf7322d#120-t1, previous=(t:1, i:13), leaderCommit=10, initializing? false, entries: <empty>
2019-09-12 06:01:29,081 [java.util.concurrent.ThreadPoolExecutor$Worker@31a3eae4[State = -1, empty queue]] WARN  server.GrpcLogAppender (GrpcLogAppender.java:timeoutAppendRequest(200)) - 300524ac-6f40-4001-8852-e3bc017e7a2d@group-0077CE01DE48->63029d58-985e-44b6-b8f1-28f19ea5ad76-GrpcLogAppender: appendEntries Timeout, request=300524ac-6f40-4001-8852-e3bc017e7a2d->63029d58-985e-44b6-b8f1-28f19ea5ad76#120-t1, previous=(t:1, i:13), leaderCommit=10, initializing? false, entries: <empty>
2019-09-12 06:01:29,238 [grpc-default-executor-3] INFO  client.GrpcClientProtocolClient (GrpcClientProtocolClient.java:onNext(264)) - client-A49E3A1ED208->63029d58-985e-44b6-b8f1-28f19ea5ad76: receive RaftClientReply:client-A49E3A1ED208->63029d58-985e-44b6-b8f1-28f19ea5ad76@group-0077CE01DE48, cid=32, FAILED org.apache.ratis.protocol.NotLeaderException: Server 63029d58-985e-44b6-b8f1-28f19ea5ad76@group-0077CE01DE48 is not the leader 300524ac-6f40-4001-8852-e3bc017e7a2d:192.168.34.52:35783, logIndex=0, commits[63029d58-985e-44b6-b8f1-28f19ea5ad76:c10, 300524ac-6f40-4001-8852-e3bc017e7a2d:c10, e419d203-ae84-45b4-a349-326cccf7322d:c6]
2019-09-12 06:01:31,582 [java.util.concurrent.ThreadPoolExecutor$Worker@31a3eae4[State = -1, empty queue]] WARN  server.GrpcLogAppender (GrpcLogAppender.java:timeoutAppendRequest(200)) - 300524ac-6f40-4001-8852-e3bc017e7a2d@group-0077CE01DE48->63029d58-985e-44b6-b8f1-28f19ea5ad76-GrpcLogAppender: appendEntries Timeout, request=300524ac-6f40-4001-8852-e3bc017e7a2d->63029d58-985e-44b6-b8f1-28f19ea5ad76#121-t1, previous=(t:1, i:13), leaderCommit=10, initializing? false, entries: <empty>
2019-09-12 06:01:31,582 [java.util.concurrent.ThreadPoolExecutor$Worker@44961301[State = -1, empty queue]] WARN  server.GrpcLogAppender (GrpcLogAppender.java:timeoutAppendRequest(200)) - 300524ac-6f40-4001-8852-e3bc017e7a2d@group-0077CE01DE48->e419d203-ae84-45b4-a349-326cccf7322d-GrpcLogAppender: appendEntries Timeout, request=300524ac-6f40-4001-8852-e3bc017e7a2d->e419d203-ae84-45b4-a349-326cccf7322d#121-t1, previous=(t:1, i:13), leaderCommit=10, initializing? false, entries: <empty>
2019-09-12 06:01:34,082 [java.util.concurrent.ThreadPoolExecutor$Worker@31a3eae4[State = -1, empty queue]] WARN  server.GrpcLogAppender (GrpcLogAppender.java:timeoutAppendRequest(200)) - 300524ac-6f40-4001-8852-e3bc017e7a2d@group-0077CE01DE48->63029d58-985e-44b6-b8f1-28f19ea5ad76-GrpcLogAppender: appendEntries Timeout, request=300524ac-6f40-4001-8852-e3bc017e7a2d->63029d58-985e-44b6-b8f1-28f19ea5ad76#122-t1, previous=(t:1, i:13), leaderCommit=10, initializing? false, entries: <empty>
2019-09-12 06:01:34,082 [java.util.concurrent.ThreadPoolExecutor$Worker@44961301[State = -1, empty queue]] WARN  server.GrpcLogAppender (GrpcLogAppender.java:timeoutAppendRequest(200)) - 300524ac-6f40-4001-8852-e3bc017e7a2d@group-0077CE01DE48->e419d203-ae84-45b4-a349-326cccf7322d-GrpcLogAppender: appendEntries Timeout, request=300524ac-6f40-4001-8852-e3bc017e7a2d->e419d203-ae84-45b4-a349-326cccf7322d#122-t1, previous=(t:1, i:13), leaderCommit=10, initializing? false, entries: <empty>
2019-09-12 06:01:34,284 [grpc-default-executor-1] INFO  client.GrpcClientProtocolClient (GrpcClientProtocolClient.java:onNext(264)) - client-A49E3A1ED208->63029d58-985e-44b6-b8f1-28f19ea5ad76: receive RaftClientReply:client-A49E3A1ED208->63029d58-985e-44b6-b8f1-28f19ea5ad76@group-0077CE01DE48, cid=32, FAILED org.apache.ratis.protocol.NotLeaderException: Server 63029d58-985e-44b6-b8f1-28f19ea5ad76@group-0077CE01DE48 is not the leader 300524ac-6f40-4001-8852-e3bc017e7a2d:192.168.34.52:35783, logIndex=0, commits[63029d58-985e-44b6-b8f1-28f19ea5ad76:c10, 300524ac-6f40-4001-8852-e3bc017e7a2d:c10, e419d203-ae84-45b4-a349-326cccf7322d:c6]
2019-09-12 06:01:36,582 [java.util.concurrent.ThreadPoolExecutor$Worker@44961301[State = -1, empty queue]] WARN  server.GrpcLogAppender (GrpcLogAppender.java:timeoutAppendRequest(200)) - 300524ac-6f40-4001-8852-e3bc017e7a2d@group-0077CE01DE48->e419d203-ae84-45b4-a349-326cccf7322d-GrpcLogAppender: appendEntries Timeout, request=300524ac-6f40-4001-8852-e3bc017e7a2d->e419d203-ae84-45b4-a349-326cccf7322d#123-t1, previous=(t:1, i:13), leaderCommit=10, initializing? false, entries: <empty>
2019-09-12 06:01:36,582 [java.util.concurrent.ThreadPoolExecutor$Worker@31a3eae4[State = -1, empty queue]] WARN  server.GrpcLogAppender (GrpcLogAppender.java:timeoutAppendRequest(200)) - 300524ac-6f40-4001-8852-e3bc017e7a2d@group-0077CE01DE48->63029d58-985e-44b6-b8f1-28f19ea5ad76-GrpcLogAppender: appendEntries Timeout, request=300524ac-6f40-4001-8852-e3bc017e7a2d->63029d58-985e-44b6-b8f1-28f19ea5ad76#123-t1, previous=(t:1, i:13), leaderCommit=10, initializing? false, entries: <empty>
2019-09-12 06:01:38,561 [63029d58-985e-44b6-b8f1-28f19ea5ad76@group-0077CE01DE48-SegmentedRaftLogWorker] WARN  segmented.SegmentedRaftLogWorker (SegmentedRaftLogWorker.java:getFromFuture(90)) - Timeout 8/~
org.apache.ratis.protocol.TimeoutIOException: Timeout 10s: WriteLog:11: (t:1, i:11), STATEMACHINELOGENTRY, client-A49E3A1ED208, cid=32-writeStateMachineData
	at org.apache.ratis.util.IOUtils.getFromFuture(IOUtils.java:87)
	at org.apache.ratis.server.raftlog.segmented.SegmentedRaftLogWorker$StateMachineDataPolicy.getFromFuture(SegmentedRaftLogWorker.java:87)
	at org.apache.ratis.server.raftlog.segmented.SegmentedRaftLogWorker$WriteLog.execute(SegmentedRaftLogWorker.java:477)
	at org.apache.ratis.server.raftlog.segmented.SegmentedRaftLogWorker.run(SegmentedRaftLogWorker.java:289)
	at java.lang.Thread.run(Thread.java:748)
Caused by: java.util.concurrent.TimeoutException
	at java.util.concurrent.CompletableFuture.timedGet(CompletableFuture.java:1771)
	at java.util.concurrent.CompletableFuture.get(CompletableFuture.java:1915)
	at org.apache.ratis.util.IOUtils.getFromFuture(IOUtils.java:79)
	... 4 more
2019-09-12 06:01:38,580 [e419d203-ae84-45b4-a349-326cccf7322d@group-0077CE01DE48-SegmentedRaftLogWorker] WARN  segmented.SegmentedRaftLogWorker (SegmentedRaftLogWorker.java:getFromFuture(90)) - Timeout 8/~
org.apache.ratis.protocol.TimeoutIOException: Timeout 10s: WriteLog:11: (t:1, i:11), STATEMACHINELOGENTRY, client-A49E3A1ED208, cid=32-writeStateMachineData
	at org.apache.ratis.util.IOUtils.getFromFuture(IOUtils.java:87)
	at org.apache.ratis.server.raftlog.segmented.SegmentedRaftLogWorker$StateMachineDataPolicy.getFromFuture(SegmentedRaftLogWorker.java:87)
	at org.apache.ratis.server.raftlog.segmented.SegmentedRaftLogWorker$WriteLog.execute(SegmentedRaftLogWorker.java:477)
	at org.apache.ratis.server.raftlog.segmented.SegmentedRaftLogWorker.run(SegmentedRaftLogWorker.java:289)
	at java.lang.Thread.run(Thread.java:748)
Caused by: java.util.concurrent.TimeoutException
	at java.util.concurrent.CompletableFuture.timedGet(CompletableFuture.java:1771)
	at java.util.concurrent.CompletableFuture.get(CompletableFuture.java:1915)
	at org.apache.ratis.util.IOUtils.getFromFuture(IOUtils.java:79)
	... 4 more
2019-09-12 06:01:38,682 [300524ac-6f40-4001-8852-e3bc017e7a2d@group-0077CE01DE48-SegmentedRaftLogWorker] WARN  segmented.SegmentedRaftLogWorker (SegmentedRaftLogWorker.java:getFromFuture(90)) - Timeout 8/~
org.apache.ratis.protocol.TimeoutIOException: Timeout 10s: WriteLog:12: (t:1, i:12), STATEMACHINELOGENTRY, client-A49E3A1ED208, cid=33-writeStateMachineData
	at org.apache.ratis.util.IOUtils.getFromFuture(IOUtils.java:87)
	at org.apache.ratis.server.raftlog.segmented.SegmentedRaftLogWorker$StateMachineDataPolicy.getFromFuture(SegmentedRaftLogWorker.java:87)
	at org.apache.ratis.server.raftlog.segmented.SegmentedRaftLogWorker$WriteLog.execute(SegmentedRaftLogWorker.java:477)
	at org.apache.ratis.server.raftlog.segmented.SegmentedRaftLogWorker.run(SegmentedRaftLogWorker.java:289)
	at java.lang.Thread.run(Thread.java:748)
Caused by: java.util.concurrent.TimeoutException
	at java.util.concurrent.CompletableFuture.timedGet(CompletableFuture.java:1771)
	at java.util.concurrent.CompletableFuture.get(CompletableFuture.java:1915)
	at org.apache.ratis.util.IOUtils.getFromFuture(IOUtils.java:79)
	... 4 more
2019-09-12 06:01:39,084 [java.util.concurrent.ThreadPoolExecutor$Worker@44961301[State = -1, empty queue]] WARN  server.GrpcLogAppender (GrpcLogAppender.java:timeoutAppendRequest(200)) - 300524ac-6f40-4001-8852-e3bc017e7a2d@group-0077CE01DE48->e419d203-ae84-45b4-a349-326cccf7322d-GrpcLogAppender: appendEntries Timeout, request=300524ac-6f40-4001-8852-e3bc017e7a2d->e419d203-ae84-45b4-a349-326cccf7322d#124-t1, previous=(t:1, i:13), leaderCommit=10, initializing? false, entries: <empty>
2019-09-12 06:01:39,084 [java.util.concurrent.ThreadPoolExecutor$Worker@31a3eae4[State = -1, empty queue]] WARN  server.GrpcLogAppender (GrpcLogAppender.java:timeoutAppendRequest(200)) - 300524ac-6f40-4001-8852-e3bc017e7a2d@group-0077CE01DE48->63029d58-985e-44b6-b8f1-28f19ea5ad76-GrpcLogAppender: appendEntries Timeout, request=300524ac-6f40-4001-8852-e3bc017e7a2d->63029d58-985e-44b6-b8f1-28f19ea5ad76#124-t1, previous=(t:1, i:13), leaderCommit=10, initializing? false, entries: <empty>
2019-09-12 06:01:39,339 [grpc-default-executor-3] INFO  client.GrpcClientProtocolClient (GrpcClientProtocolClient.java:onNext(264)) - client-A49E3A1ED208->63029d58-985e-44b6-b8f1-28f19ea5ad76: receive RaftClientReply:client-A49E3A1ED208->63029d58-985e-44b6-b8f1-28f19ea5ad76@group-0077CE01DE48, cid=32, FAILED org.apache.ratis.protocol.NotLeaderException: Server 63029d58-985e-44b6-b8f1-28f19ea5ad76@group-0077CE01DE48 is not the leader 300524ac-6f40-4001-8852-e3bc017e7a2d:192.168.34.52:35783, logIndex=0, commits[63029d58-985e-44b6-b8f1-28f19ea5ad76:c10, 300524ac-6f40-4001-8852-e3bc017e7a2d:c10, e419d203-ae84-45b4-a349-326cccf7322d:c6]
2019-09-12 06:01:41,584 [java.util.concurrent.ThreadPoolExecutor$Worker@31a3eae4[State = -1, empty queue]] WARN  server.GrpcLogAppender (GrpcLogAppender.java:timeoutAppendRequest(200)) - 300524ac-6f40-4001-8852-e3bc017e7a2d@group-0077CE01DE48->63029d58-985e-44b6-b8f1-28f19ea5ad76-GrpcLogAppender: appendEntries Timeout, request=300524ac-6f40-4001-8852-e3bc017e7a2d->63029d58-985e-44b6-b8f1-28f19ea5ad76#125-t1, previous=(t:1, i:13), leaderCommit=10, initializing? false, entries: <empty>
2019-09-12 06:01:41,584 [java.util.concurrent.ThreadPoolExecutor$Worker@44961301[State = -1, empty queue]] WARN  server.GrpcLogAppender (GrpcLogAppender.java:timeoutAppendRequest(200)) - 300524ac-6f40-4001-8852-e3bc017e7a2d@group-0077CE01DE48->e419d203-ae84-45b4-a349-326cccf7322d-GrpcLogAppender: appendEntries Timeout, request=300524ac-6f40-4001-8852-e3bc017e7a2d->e419d203-ae84-45b4-a349-326cccf7322d#125-t1, previous=(t:1, i:13), leaderCommit=10, initializing? false, entries: <empty>
2019-09-12 06:01:44,085 [java.util.concurrent.ThreadPoolExecutor$Worker@31a3eae4[State = -1, empty queue]] WARN  server.GrpcLogAppender (GrpcLogAppender.java:timeoutAppendRequest(200)) - 300524ac-6f40-4001-8852-e3bc017e7a2d@group-0077CE01DE48->63029d58-985e-44b6-b8f1-28f19ea5ad76-GrpcLogAppender: appendEntries Timeout, request=300524ac-6f40-4001-8852-e3bc017e7a2d->63029d58-985e-44b6-b8f1-28f19ea5ad76#126-t1, previous=(t:1, i:13), leaderCommit=10, initializing? false, entries: <empty>
2019-09-12 06:01:44,085 [java.util.concurrent.ThreadPoolExecutor$Worker@44961301[State = -1, empty queue]] WARN  server.GrpcLogAppender (GrpcLogAppender.java:timeoutAppendRequest(200)) - 300524ac-6f40-4001-8852-e3bc017e7a2d@group-0077CE01DE48->e419d203-ae84-45b4-a349-326cccf7322d-GrpcLogAppender: appendEntries Timeout, request=300524ac-6f40-4001-8852-e3bc017e7a2d->e419d203-ae84-45b4-a349-326cccf7322d#126-t1, previous=(t:1, i:13), leaderCommit=10, initializing? false, entries: <empty>
2019-09-12 06:01:44,378 [grpc-default-executor-3] INFO  client.GrpcClientProtocolClient (GrpcClientProtocolClient.java:onNext(264)) - client-A49E3A1ED208->e419d203-ae84-45b4-a349-326cccf7322d: receive RaftClientReply:client-A49E3A1ED208->e419d203-ae84-45b4-a349-326cccf7322d@group-0077CE01DE48, cid=32, FAILED org.apache.ratis.protocol.NotLeaderException: Server e419d203-ae84-45b4-a349-326cccf7322d@group-0077CE01DE48 is not the leader 300524ac-6f40-4001-8852-e3bc017e7a2d:192.168.34.52:35783, logIndex=0, commits[e419d203-ae84-45b4-a349-326cccf7322d:c10, 63029d58-985e-44b6-b8f1-28f19ea5ad76:c6, 300524ac-6f40-4001-8852-e3bc017e7a2d:c10]
2019-09-12 06:01:46,586 [java.util.concurrent.ThreadPoolExecutor$Worker@31a3eae4[State = -1, empty queue]] WARN  server.GrpcLogAppender (GrpcLogAppender.java:timeoutAppendRequest(200)) - 300524ac-6f40-4001-8852-e3bc017e7a2d@group-0077CE01DE48->63029d58-985e-44b6-b8f1-28f19ea5ad76-GrpcLogAppender: appendEntries Timeout, request=300524ac-6f40-4001-8852-e3bc017e7a2d->63029d58-985e-44b6-b8f1-28f19ea5ad76#127-t1, previous=(t:1, i:13), leaderCommit=10, initializing? false, entries: <empty>
2019-09-12 06:01:46,586 [java.util.concurrent.ThreadPoolExecutor$Worker@44961301[State = -1, empty queue]] WARN  server.GrpcLogAppender (GrpcLogAppender.java:timeoutAppendRequest(200)) - 300524ac-6f40-4001-8852-e3bc017e7a2d@group-0077CE01DE48->e419d203-ae84-45b4-a349-326cccf7322d-GrpcLogAppender: appendEntries Timeout, request=300524ac-6f40-4001-8852-e3bc017e7a2d->e419d203-ae84-45b4-a349-326cccf7322d#127-t1, previous=(t:1, i:13), leaderCommit=10, initializing? false, entries: <empty>
2019-09-12 06:01:48,562 [63029d58-985e-44b6-b8f1-28f19ea5ad76@group-0077CE01DE48-SegmentedRaftLogWorker] WARN  segmented.SegmentedRaftLogWorker (SegmentedRaftLogWorker.java:getFromFuture(90)) - Timeout 9/~
org.apache.ratis.protocol.TimeoutIOException: Timeout 10s: WriteLog:11: (t:1, i:11), STATEMACHINELOGENTRY, client-A49E3A1ED208, cid=32-writeStateMachineData
	at org.apache.ratis.util.IOUtils.getFromFuture(IOUtils.java:87)
	at org.apache.ratis.server.raftlog.segmented.SegmentedRaftLogWorker$StateMachineDataPolicy.getFromFuture(SegmentedRaftLogWorker.java:87)
	at org.apache.ratis.server.raftlog.segmented.SegmentedRaftLogWorker$WriteLog.execute(SegmentedRaftLogWorker.java:477)
	at org.apache.ratis.server.raftlog.segmented.SegmentedRaftLogWorker.run(SegmentedRaftLogWorker.java:289)
	at java.lang.Thread.run(Thread.java:748)
Caused by: java.util.concurrent.TimeoutException
	at java.util.concurrent.CompletableFuture.timedGet(CompletableFuture.java:1771)
	at java.util.concurrent.CompletableFuture.get(CompletableFuture.java:1915)
	at org.apache.ratis.util.IOUtils.getFromFuture(IOUtils.java:79)
	... 4 more
2019-09-12 06:01:48,581 [e419d203-ae84-45b4-a349-326cccf7322d@group-0077CE01DE48-SegmentedRaftLogWorker] WARN  segmented.SegmentedRaftLogWorker (SegmentedRaftLogWorker.java:getFromFuture(90)) - Timeout 9/~
org.apache.ratis.protocol.TimeoutIOException: Timeout 10s: WriteLog:11: (t:1, i:11), STATEMACHINELOGENTRY, client-A49E3A1ED208, cid=32-writeStateMachineData
	at org.apache.ratis.util.IOUtils.getFromFuture(IOUtils.java:87)
	at org.apache.ratis.server.raftlog.segmented.SegmentedRaftLogWorker$StateMachineDataPolicy.getFromFuture(SegmentedRaftLogWorker.java:87)
	at org.apache.ratis.server.raftlog.segmented.SegmentedRaftLogWorker$WriteLog.execute(SegmentedRaftLogWorker.java:477)
	at org.apache.ratis.server.raftlog.segmented.SegmentedRaftLogWorker.run(SegmentedRaftLogWorker.java:289)
	at java.lang.Thread.run(Thread.java:748)
Caused by: java.util.concurrent.TimeoutException
	at java.util.concurrent.CompletableFuture.timedGet(CompletableFuture.java:1771)
	at java.util.concurrent.CompletableFuture.get(CompletableFuture.java:1915)
	at org.apache.ratis.util.IOUtils.getFromFuture(IOUtils.java:79)
	... 4 more
2019-09-12 06:01:48,683 [300524ac-6f40-4001-8852-e3bc017e7a2d@group-0077CE01DE48-SegmentedRaftLogWorker] WARN  segmented.SegmentedRaftLogWorker (SegmentedRaftLogWorker.java:getFromFuture(90)) - Timeout 9/~
org.apache.ratis.protocol.TimeoutIOException: Timeout 10s: WriteLog:12: (t:1, i:12), STATEMACHINELOGENTRY, client-A49E3A1ED208, cid=33-writeStateMachineData
	at org.apache.ratis.util.IOUtils.getFromFuture(IOUtils.java:87)
	at org.apache.ratis.server.raftlog.segmented.SegmentedRaftLogWorker$StateMachineDataPolicy.getFromFuture(SegmentedRaftLogWorker.java:87)
	at org.apache.ratis.server.raftlog.segmented.SegmentedRaftLogWorker$WriteLog.execute(SegmentedRaftLogWorker.java:477)
	at org.apache.ratis.server.raftlog.segmented.SegmentedRaftLogWorker.run(SegmentedRaftLogWorker.java:289)
	at java.lang.Thread.run(Thread.java:748)
Caused by: java.util.concurrent.TimeoutException
	at java.util.concurrent.CompletableFuture.timedGet(CompletableFuture.java:1771)
	at java.util.concurrent.CompletableFuture.get(CompletableFuture.java:1915)
	at org.apache.ratis.util.IOUtils.getFromFuture(IOUtils.java:79)
	... 4 more
2019-09-12 06:01:49,086 [java.util.concurrent.ThreadPoolExecutor$Worker@44961301[State = -1, empty queue]] WARN  server.GrpcLogAppender (GrpcLogAppender.java:timeoutAppendRequest(200)) - 300524ac-6f40-4001-8852-e3bc017e7a2d@group-0077CE01DE48->e419d203-ae84-45b4-a349-326cccf7322d-GrpcLogAppender: appendEntries Timeout, request=300524ac-6f40-4001-8852-e3bc017e7a2d->e419d203-ae84-45b4-a349-326cccf7322d#128-t1, previous=(t:1, i:13), leaderCommit=10, initializing? false, entries: <empty>
2019-09-12 06:01:49,086 [java.util.concurrent.ThreadPoolExecutor$Worker@31a3eae4[State = -1, empty queue]] WARN  server.GrpcLogAppender (GrpcLogAppender.java:timeoutAppendRequest(200)) - 300524ac-6f40-4001-8852-e3bc017e7a2d@group-0077CE01DE48->63029d58-985e-44b6-b8f1-28f19ea5ad76-GrpcLogAppender: appendEntries Timeout, request=300524ac-6f40-4001-8852-e3bc017e7a2d->63029d58-985e-44b6-b8f1-28f19ea5ad76#128-t1, previous=(t:1, i:13), leaderCommit=10, initializing? false, entries: <empty>
2019-09-12 06:01:49,425 [grpc-default-executor-3] INFO  client.GrpcClientProtocolClient (GrpcClientProtocolClient.java:onNext(264)) - client-A49E3A1ED208->e419d203-ae84-45b4-a349-326cccf7322d: receive RaftClientReply:client-A49E3A1ED208->e419d203-ae84-45b4-a349-326cccf7322d@group-0077CE01DE48, cid=32, FAILED org.apache.ratis.protocol.NotLeaderException: Server e419d203-ae84-45b4-a349-326cccf7322d@group-0077CE01DE48 is not the leader 300524ac-6f40-4001-8852-e3bc017e7a2d:192.168.34.52:35783, logIndex=0, commits[e419d203-ae84-45b4-a349-326cccf7322d:c10, 63029d58-985e-44b6-b8f1-28f19ea5ad76:c6, 300524ac-6f40-4001-8852-e3bc017e7a2d:c10]
2019-09-12 06:01:51,586 [java.util.concurrent.ThreadPoolExecutor$Worker@31a3eae4[State = -1, empty queue]] WARN  server.GrpcLogAppender (GrpcLogAppender.java:timeoutAppendRequest(200)) - 300524ac-6f40-4001-8852-e3bc017e7a2d@group-0077CE01DE48->63029d58-985e-44b6-b8f1-28f19ea5ad76-GrpcLogAppender: appendEntries Timeout, request=300524ac-6f40-4001-8852-e3bc017e7a2d->63029d58-985e-44b6-b8f1-28f19ea5ad76#129-t1, previous=(t:1, i:13), leaderCommit=10, initializing? false, entries: <empty>
2019-09-12 06:01:51,586 [java.util.concurrent.ThreadPoolExecutor$Worker@44961301[State = -1, empty queue]] WARN  server.GrpcLogAppender (GrpcLogAppender.java:timeoutAppendRequest(200)) - 300524ac-6f40-4001-8852-e3bc017e7a2d@group-0077CE01DE48->e419d203-ae84-45b4-a349-326cccf7322d-GrpcLogAppender: appendEntries Timeout, request=300524ac-6f40-4001-8852-e3bc017e7a2d->e419d203-ae84-45b4-a349-326cccf7322d#129-t1, previous=(t:1, i:13), leaderCommit=10, initializing? false, entries: <empty>
2019-09-12 06:01:54,087 [java.util.concurrent.ThreadPoolExecutor$Worker@31a3eae4[State = -1, empty queue]] WARN  server.GrpcLogAppender (GrpcLogAppender.java:timeoutAppendRequest(200)) - 300524ac-6f40-4001-8852-e3bc017e7a2d@group-0077CE01DE48->63029d58-985e-44b6-b8f1-28f19ea5ad76-GrpcLogAppender: appendEntries Timeout, request=300524ac-6f40-4001-8852-e3bc017e7a2d->63029d58-985e-44b6-b8f1-28f19ea5ad76#130-t1, previous=(t:1, i:13), leaderCommit=10, initializing? false, entries: <empty>
2019-09-12 06:01:54,087 [java.util.concurrent.ThreadPoolExecutor$Worker@44961301[State = -1, empty queue]] WARN  server.GrpcLogAppender (GrpcLogAppender.java:timeoutAppendRequest(200)) - 300524ac-6f40-4001-8852-e3bc017e7a2d@group-0077CE01DE48->e419d203-ae84-45b4-a349-326cccf7322d-GrpcLogAppender: appendEntries Timeout, request=300524ac-6f40-4001-8852-e3bc017e7a2d->e419d203-ae84-45b4-a349-326cccf7322d#130-t1, previous=(t:1, i:13), leaderCommit=10, initializing? false, entries: <empty>
2019-09-12 06:01:54,466 [grpc-default-executor-4] INFO  client.GrpcClientProtocolClient (GrpcClientProtocolClient.java:onNext(264)) - client-A49E3A1ED208->63029d58-985e-44b6-b8f1-28f19ea5ad76: receive RaftClientReply:client-A49E3A1ED208->63029d58-985e-44b6-b8f1-28f19ea5ad76@group-0077CE01DE48, cid=32, FAILED org.apache.ratis.protocol.NotLeaderException: Server 63029d58-985e-44b6-b8f1-28f19ea5ad76@group-0077CE01DE48 is not the leader 300524ac-6f40-4001-8852-e3bc017e7a2d:192.168.34.52:35783, logIndex=0, commits[63029d58-985e-44b6-b8f1-28f19ea5ad76:c10, 300524ac-6f40-4001-8852-e3bc017e7a2d:c10, e419d203-ae84-45b4-a349-326cccf7322d:c6]
2019-09-12 06:01:56,175 [ReplicationMonitor] INFO  container.ReplicationManager (ReplicationManager.java:forceCloseContainer(464)) - Force closing container #1 with BCSID 4, which is in QUASI_CLOSED state.
2019-09-12 06:01:56,177 [ReplicationMonitor] INFO  container.ReplicationManager (ReplicationManager.java:sendCloseCommand(659)) - Sending close container command for container #1 to datanode 8f5ab14e-21d2-479d-9d33-3cad9b590bd0{ip: 192.168.34.52, host: trunk-nightly-20190912-4gc2t-2068889165, networkLocation: /default-rack, certSerialId: null}.
2019-09-12 06:01:56,183 [ReplicationMonitor] INFO  container.ReplicationManager (ReplicationManager.java:sendCloseCommand(659)) - Sending close container command for container #1 to datanode 1f61edb1-ab55-473c-8774-d83fa3b21acc{ip: 192.168.34.52, host: trunk-nightly-20190912-4gc2t-2068889165, networkLocation: /default-rack, certSerialId: null}.
2019-09-12 06:01:56,184 [ReplicationMonitor] INFO  container.ReplicationManager (ReplicationManager.java:sendCloseCommand(659)) - Sending close container command for container #1 to datanode df009476-bbf0-43a2-af41-11b5052a445f{ip: 192.168.34.52, host: trunk-nightly-20190912-4gc2t-2068889165, networkLocation: /default-rack, certSerialId: null}.
2019-09-12 06:01:56,184 [ReplicationMonitor] INFO  container.ReplicationManager (ReplicationManager.java:forceCloseContainer(464)) - Force closing container #2 with BCSID 0, which is in QUASI_CLOSED state.
2019-09-12 06:01:56,184 [ReplicationMonitor] INFO  container.ReplicationManager (ReplicationManager.java:sendCloseCommand(659)) - Sending close container command for container #2 to datanode df009476-bbf0-43a2-af41-11b5052a445f{ip: 192.168.34.52, host: trunk-nightly-20190912-4gc2t-2068889165, networkLocation: /default-rack, certSerialId: null}.
2019-09-12 06:01:56,184 [ReplicationMonitor] INFO  container.ReplicationManager (ReplicationManager.java:sendCloseCommand(659)) - Sending close container command for container #2 to datanode 8f5ab14e-21d2-479d-9d33-3cad9b590bd0{ip: 192.168.34.52, host: trunk-nightly-20190912-4gc2t-2068889165, networkLocation: /default-rack, certSerialId: null}.
2019-09-12 06:01:56,184 [ReplicationMonitor] INFO  container.ReplicationManager (ReplicationManager.java:sendCloseCommand(659)) - Sending close container command for container #2 to datanode 1f61edb1-ab55-473c-8774-d83fa3b21acc{ip: 192.168.34.52, host: trunk-nightly-20190912-4gc2t-2068889165, networkLocation: /default-rack, certSerialId: null}.
2019-09-12 06:01:56,185 [ReplicationMonitor] INFO  container.ReplicationManager (ReplicationManager.java:run(225)) - Replication Monitor Thread took 14 milliseconds for processing 4 containers.
2019-09-12 06:01:56,587 [java.util.concurrent.ThreadPoolExecutor$Worker@31a3eae4[State = -1, empty queue]] WARN  server.GrpcLogAppender (GrpcLogAppender.java:timeoutAppendRequest(200)) - 300524ac-6f40-4001-8852-e3bc017e7a2d@group-0077CE01DE48->63029d58-985e-44b6-b8f1-28f19ea5ad76-GrpcLogAppender: appendEntries Timeout, request=300524ac-6f40-4001-8852-e3bc017e7a2d->63029d58-985e-44b6-b8f1-28f19ea5ad76#131-t1, previous=(t:1, i:13), leaderCommit=10, initializing? false, entries: <empty>
2019-09-12 06:01:56,587 [java.util.concurrent.ThreadPoolExecutor$Worker@44961301[State = -1, empty queue]] WARN  server.GrpcLogAppender (GrpcLogAppender.java:timeoutAppendRequest(200)) - 300524ac-6f40-4001-8852-e3bc017e7a2d@group-0077CE01DE48->e419d203-ae84-45b4-a349-326cccf7322d-GrpcLogAppender: appendEntries Timeout, request=300524ac-6f40-4001-8852-e3bc017e7a2d->e419d203-ae84-45b4-a349-326cccf7322d#131-t1, previous=(t:1, i:13), leaderCommit=10, initializing? false, entries: <empty>
2019-09-12 06:01:57,285 [Command processor thread] INFO  interfaces.Container (KeyValueContainer.java:flushAndSyncDB(386)) - Container 1 is synced with bcsId 4.
2019-09-12 06:01:57,285 [Command processor thread] INFO  interfaces.Container (KeyValueContainer.java:flushAndSyncDB(386)) - Container 1 is synced with bcsId 4.
2019-09-12 06:01:57,303 [Command processor thread] INFO  interfaces.Container (KeyValueContainer.java:close(335)) - Container 1 is closed with bcsId 4.
2019-09-12 06:01:57,303 [Command processor thread] INFO  interfaces.Container (KeyValueContainer.java:flushAndSyncDB(386)) - Container 2 is synced with bcsId 0.
2019-09-12 06:01:57,303 [Command processor thread] INFO  interfaces.Container (KeyValueContainer.java:flushAndSyncDB(386)) - Container 2 is synced with bcsId 0.
2019-09-12 06:01:57,304 [EventQueue-IncrementalContainerReportForIncrementalContainerReportHandler] INFO  container.IncrementalContainerReportHandler (AbstractContainerReportHandler.java:updateContainerState(202)) - Moving container #1 to CLOSED state, datanode df009476-bbf0-43a2-af41-11b5052a445f{ip: 192.168.34.52, host: trunk-nightly-20190912-4gc2t-2068889165, networkLocation: /default-rack, certSerialId: null} reported CLOSED replica.
2019-09-12 06:01:57,318 [Command processor thread] INFO  interfaces.Container (KeyValueContainer.java:close(335)) - Container 2 is closed with bcsId 0.
2019-09-12 06:01:57,319 [EventQueue-IncrementalContainerReportForIncrementalContainerReportHandler] INFO  container.IncrementalContainerReportHandler (AbstractContainerReportHandler.java:updateContainerState(202)) - Moving container #2 to CLOSED state, datanode df009476-bbf0-43a2-af41-11b5052a445f{ip: 192.168.34.52, host: trunk-nightly-20190912-4gc2t-2068889165, networkLocation: /default-rack, certSerialId: null} reported CLOSED replica.
2019-09-12 06:01:57,618 [Command processor thread] INFO  interfaces.Container (KeyValueContainer.java:flushAndSyncDB(386)) - Container 1 is synced with bcsId 4.
2019-09-12 06:01:57,618 [Command processor thread] INFO  interfaces.Container (KeyValueContainer.java:flushAndSyncDB(386)) - Container 1 is synced with bcsId 4.
2019-09-12 06:01:57,647 [Command processor thread] INFO  interfaces.Container (KeyValueContainer.java:close(335)) - Container 1 is closed with bcsId 4.
2019-09-12 06:01:57,648 [Command processor thread] INFO  interfaces.Container (KeyValueContainer.java:flushAndSyncDB(386)) - Container 2 is synced with bcsId 0.
2019-09-12 06:01:57,648 [Command processor thread] INFO  interfaces.Container (KeyValueContainer.java:flushAndSyncDB(386)) - Container 2 is synced with bcsId 0.
2019-09-12 06:01:57,663 [Command processor thread] INFO  interfaces.Container (KeyValueContainer.java:close(335)) - Container 2 is closed with bcsId 0.
2019-09-12 06:01:58,453 [Command processor thread] INFO  interfaces.Container (KeyValueContainer.java:flushAndSyncDB(386)) - Container 1 is synced with bcsId 4.
2019-09-12 06:01:58,453 [Command processor thread] INFO  interfaces.Container (KeyValueContainer.java:flushAndSyncDB(386)) - Container 1 is synced with bcsId 4.
2019-09-12 06:01:58,485 [Command processor thread] INFO  interfaces.Container (KeyValueContainer.java:close(335)) - Container 1 is closed with bcsId 4.
2019-09-12 06:01:58,485 [Command processor thread] INFO  interfaces.Container (KeyValueContainer.java:flushAndSyncDB(386)) - Container 2 is synced with bcsId 0.
2019-09-12 06:01:58,485 [Command processor thread] INFO  interfaces.Container (KeyValueContainer.java:flushAndSyncDB(386)) - Container 2 is synced with bcsId 0.
2019-09-12 06:01:58,502 [Command processor thread] INFO  interfaces.Container (KeyValueContainer.java:close(335)) - Container 2 is closed with bcsId 0.
2019-09-12 06:01:58,563 [63029d58-985e-44b6-b8f1-28f19ea5ad76@group-0077CE01DE48-SegmentedRaftLogWorker] WARN  segmented.SegmentedRaftLogWorker (SegmentedRaftLogWorker.java:getFromFuture(90)) - Timeout 10/~
org.apache.ratis.protocol.TimeoutIOException: Timeout 10s: WriteLog:11: (t:1, i:11), STATEMACHINELOGENTRY, client-A49E3A1ED208, cid=32-writeStateMachineData
	at org.apache.ratis.util.IOUtils.getFromFuture(IOUtils.java:87)
	at org.apache.ratis.server.raftlog.segmented.SegmentedRaftLogWorker$StateMachineDataPolicy.getFromFuture(SegmentedRaftLogWorker.java:87)
	at org.apache.ratis.server.raftlog.segmented.SegmentedRaftLogWorker$WriteLog.execute(SegmentedRaftLogWorker.java:477)
	at org.apache.ratis.server.raftlog.segmented.SegmentedRaftLogWorker.run(SegmentedRaftLogWorker.java:289)
	at java.lang.Thread.run(Thread.java:748)
Caused by: java.util.concurrent.TimeoutException
	at java.util.concurrent.CompletableFuture.timedGet(CompletableFuture.java:1771)
	at java.util.concurrent.CompletableFuture.get(CompletableFuture.java:1915)
	at org.apache.ratis.util.IOUtils.getFromFuture(IOUtils.java:79)
	... 4 more
2019-09-12 06:01:58,582 [e419d203-ae84-45b4-a349-326cccf7322d@group-0077CE01DE48-SegmentedRaftLogWorker] WARN  segmented.SegmentedRaftLogWorker (SegmentedRaftLogWorker.java:getFromFuture(90)) - Timeout 10/~
org.apache.ratis.protocol.TimeoutIOException: Timeout 10s: WriteLog:11: (t:1, i:11), STATEMACHINELOGENTRY, client-A49E3A1ED208, cid=32-writeStateMachineData
	at org.apache.ratis.util.IOUtils.getFromFuture(IOUtils.java:87)
	at org.apache.ratis.server.raftlog.segmented.SegmentedRaftLogWorker$StateMachineDataPolicy.getFromFuture(SegmentedRaftLogWorker.java:87)
	at org.apache.ratis.server.raftlog.segmented.SegmentedRaftLogWorker$WriteLog.execute(SegmentedRaftLogWorker.java:477)
	at org.apache.ratis.server.raftlog.segmented.SegmentedRaftLogWorker.run(SegmentedRaftLogWorker.java:289)
	at java.lang.Thread.run(Thread.java:748)
Caused by: java.util.concurrent.TimeoutException
	at java.util.concurrent.CompletableFuture.timedGet(CompletableFuture.java:1771)
	at java.util.concurrent.CompletableFuture.get(CompletableFuture.java:1915)
	at org.apache.ratis.util.IOUtils.getFromFuture(IOUtils.java:79)
	... 4 more
2019-09-12 06:01:58,684 [300524ac-6f40-4001-8852-e3bc017e7a2d@group-0077CE01DE48-SegmentedRaftLogWorker] WARN  segmented.SegmentedRaftLogWorker (SegmentedRaftLogWorker.java:getFromFuture(90)) - Timeout 10/~
org.apache.ratis.protocol.TimeoutIOException: Timeout 10s: WriteLog:12: (t:1, i:12), STATEMACHINELOGENTRY, client-A49E3A1ED208, cid=33-writeStateMachineData
	at org.apache.ratis.util.IOUtils.getFromFuture(IOUtils.java:87)
	at org.apache.ratis.server.raftlog.segmented.SegmentedRaftLogWorker$StateMachineDataPolicy.getFromFuture(SegmentedRaftLogWorker.java:87)
	at org.apache.ratis.server.raftlog.segmented.SegmentedRaftLogWorker$WriteLog.execute(SegmentedRaftLogWorker.java:477)
	at org.apache.ratis.server.raftlog.segmented.SegmentedRaftLogWorker.run(SegmentedRaftLogWorker.java:289)
	at java.lang.Thread.run(Thread.java:748)
Caused by: java.util.concurrent.TimeoutException
	at java.util.concurrent.CompletableFuture.timedGet(CompletableFuture.java:1771)
	at java.util.concurrent.CompletableFuture.get(CompletableFuture.java:1915)
	at org.apache.ratis.util.IOUtils.getFromFuture(IOUtils.java:79)
	... 4 more
2019-09-12 06:01:59,088 [java.util.concurrent.ThreadPoolExecutor$Worker@31a3eae4[State = -1, empty queue]] WARN  server.GrpcLogAppender (GrpcLogAppender.java:timeoutAppendRequest(200)) - 300524ac-6f40-4001-8852-e3bc017e7a2d@group-0077CE01DE48->63029d58-985e-44b6-b8f1-28f19ea5ad76-GrpcLogAppender: appendEntries Timeout, request=300524ac-6f40-4001-8852-e3bc017e7a2d->63029d58-985e-44b6-b8f1-28f19ea5ad76#132-t1, previous=(t:1, i:13), leaderCommit=10, initializing? false, entries: <empty>
2019-09-12 06:01:59,088 [java.util.concurrent.ThreadPoolExecutor$Worker@44961301[State = -1, empty queue]] WARN  server.GrpcLogAppender (GrpcLogAppender.java:timeoutAppendRequest(200)) - 300524ac-6f40-4001-8852-e3bc017e7a2d@group-0077CE01DE48->e419d203-ae84-45b4-a349-326cccf7322d-GrpcLogAppender: appendEntries Timeout, request=300524ac-6f40-4001-8852-e3bc017e7a2d->e419d203-ae84-45b4-a349-326cccf7322d#132-t1, previous=(t:1, i:13), leaderCommit=10, initializing? false, entries: <empty>
2019-09-12 06:01:59,510 [grpc-default-executor-1] INFO  client.GrpcClientProtocolClient (GrpcClientProtocolClient.java:onNext(264)) - client-A49E3A1ED208->63029d58-985e-44b6-b8f1-28f19ea5ad76: receive RaftClientReply:client-A49E3A1ED208->63029d58-985e-44b6-b8f1-28f19ea5ad76@group-0077CE01DE48, cid=32, FAILED org.apache.ratis.protocol.NotLeaderException: Server 63029d58-985e-44b6-b8f1-28f19ea5ad76@group-0077CE01DE48 is not the leader 300524ac-6f40-4001-8852-e3bc017e7a2d:192.168.34.52:35783, logIndex=0, commits[63029d58-985e-44b6-b8f1-28f19ea5ad76:c10, 300524ac-6f40-4001-8852-e3bc017e7a2d:c10, e419d203-ae84-45b4-a349-326cccf7322d:c6]
2019-09-12 06:02:01,588 [java.util.concurrent.ThreadPoolExecutor$Worker@44961301[State = -1, empty queue]] WARN  server.GrpcLogAppender (GrpcLogAppender.java:timeoutAppendRequest(200)) - 300524ac-6f40-4001-8852-e3bc017e7a2d@group-0077CE01DE48->e419d203-ae84-45b4-a349-326cccf7322d-GrpcLogAppender: appendEntries Timeout, request=300524ac-6f40-4001-8852-e3bc017e7a2d->e419d203-ae84-45b4-a349-326cccf7322d#133-t1, previous=(t:1, i:13), leaderCommit=10, initializing? false, entries: <empty>
2019-09-12 06:02:01,588 [java.util.concurrent.ThreadPoolExecutor$Worker@31a3eae4[State = -1, empty queue]] WARN  server.GrpcLogAppender (GrpcLogAppender.java:timeoutAppendRequest(200)) - 300524ac-6f40-4001-8852-e3bc017e7a2d@group-0077CE01DE48->63029d58-985e-44b6-b8f1-28f19ea5ad76-GrpcLogAppender: appendEntries Timeout, request=300524ac-6f40-4001-8852-e3bc017e7a2d->63029d58-985e-44b6-b8f1-28f19ea5ad76#133-t1, previous=(t:1, i:13), leaderCommit=10, initializing? false, entries: <empty>
2019-09-12 06:02:04,088 [java.util.concurrent.ThreadPoolExecutor$Worker@44961301[State = -1, empty queue]] WARN  server.GrpcLogAppender (GrpcLogAppender.java:timeoutAppendRequest(200)) - 300524ac-6f40-4001-8852-e3bc017e7a2d@group-0077CE01DE48->e419d203-ae84-45b4-a349-326cccf7322d-GrpcLogAppender: appendEntries Timeout, request=300524ac-6f40-4001-8852-e3bc017e7a2d->e419d203-ae84-45b4-a349-326cccf7322d#134-t1, previous=(t:1, i:13), leaderCommit=10, initializing? false, entries: <empty>
2019-09-12 06:02:04,088 [java.util.concurrent.ThreadPoolExecutor$Worker@31a3eae4[State = -1, empty queue]] WARN  server.GrpcLogAppender (GrpcLogAppender.java:timeoutAppendRequest(200)) - 300524ac-6f40-4001-8852-e3bc017e7a2d@group-0077CE01DE48->63029d58-985e-44b6-b8f1-28f19ea5ad76-GrpcLogAppender: appendEntries Timeout, request=300524ac-6f40-4001-8852-e3bc017e7a2d->63029d58-985e-44b6-b8f1-28f19ea5ad76#134-t1, previous=(t:1, i:13), leaderCommit=10, initializing? false, entries: <empty>
2019-09-12 06:02:04,547 [grpc-default-executor-3] INFO  client.GrpcClientProtocolClient (GrpcClientProtocolClient.java:onNext(264)) - client-A49E3A1ED208->e419d203-ae84-45b4-a349-326cccf7322d: receive RaftClientReply:client-A49E3A1ED208->e419d203-ae84-45b4-a349-326cccf7322d@group-0077CE01DE48, cid=32, FAILED org.apache.ratis.protocol.NotLeaderException: Server e419d203-ae84-45b4-a349-326cccf7322d@group-0077CE01DE48 is not the leader 300524ac-6f40-4001-8852-e3bc017e7a2d:192.168.34.52:35783, logIndex=0, commits[e419d203-ae84-45b4-a349-326cccf7322d:c10, 63029d58-985e-44b6-b8f1-28f19ea5ad76:c6, 300524ac-6f40-4001-8852-e3bc017e7a2d:c10]
2019-09-12 06:02:06,589 [java.util.concurrent.ThreadPoolExecutor$Worker@31a3eae4[State = -1, empty queue]] WARN  server.GrpcLogAppender (GrpcLogAppender.java:timeoutAppendRequest(200)) - 300524ac-6f40-4001-8852-e3bc017e7a2d@group-0077CE01DE48->63029d58-985e-44b6-b8f1-28f19ea5ad76-GrpcLogAppender: appendEntries Timeout, request=300524ac-6f40-4001-8852-e3bc017e7a2d->63029d58-985e-44b6-b8f1-28f19ea5ad76#135-t1, previous=(t:1, i:13), leaderCommit=10, initializing? false, entries: <empty>
2019-09-12 06:02:06,589 [java.util.concurrent.ThreadPoolExecutor$Worker@44961301[State = -1, empty queue]] WARN  server.GrpcLogAppender (GrpcLogAppender.java:timeoutAppendRequest(200)) - 300524ac-6f40-4001-8852-e3bc017e7a2d@group-0077CE01DE48->e419d203-ae84-45b4-a349-326cccf7322d-GrpcLogAppender: appendEntries Timeout, request=300524ac-6f40-4001-8852-e3bc017e7a2d->e419d203-ae84-45b4-a349-326cccf7322d#135-t1, previous=(t:1, i:13), leaderCommit=10, initializing? false, entries: <empty>
2019-09-12 06:02:08,564 [63029d58-985e-44b6-b8f1-28f19ea5ad76@group-0077CE01DE48-SegmentedRaftLogWorker] WARN  segmented.SegmentedRaftLogWorker (SegmentedRaftLogWorker.java:getFromFuture(90)) - Timeout 11/~
org.apache.ratis.protocol.TimeoutIOException: Timeout 10s: WriteLog:11: (t:1, i:11), STATEMACHINELOGENTRY, client-A49E3A1ED208, cid=32-writeStateMachineData
	at org.apache.ratis.util.IOUtils.getFromFuture(IOUtils.java:87)
	at org.apache.ratis.server.raftlog.segmented.SegmentedRaftLogWorker$StateMachineDataPolicy.getFromFuture(SegmentedRaftLogWorker.java:87)
	at org.apache.ratis.server.raftlog.segmented.SegmentedRaftLogWorker$WriteLog.execute(SegmentedRaftLogWorker.java:477)
	at org.apache.ratis.server.raftlog.segmented.SegmentedRaftLogWorker.run(SegmentedRaftLogWorker.java:289)
	at java.lang.Thread.run(Thread.java:748)
Caused by: java.util.concurrent.TimeoutException
	at java.util.concurrent.CompletableFuture.timedGet(CompletableFuture.java:1771)
	at java.util.concurrent.CompletableFuture.get(CompletableFuture.java:1915)
	at org.apache.ratis.util.IOUtils.getFromFuture(IOUtils.java:79)
	... 4 more
2019-09-12 06:02:08,582 [e419d203-ae84-45b4-a349-326cccf7322d@group-0077CE01DE48-SegmentedRaftLogWorker] WARN  segmented.SegmentedRaftLogWorker (SegmentedRaftLogWorker.java:getFromFuture(90)) - Timeout 11/~
org.apache.ratis.protocol.TimeoutIOException: Timeout 10s: WriteLog:11: (t:1, i:11), STATEMACHINELOGENTRY, client-A49E3A1ED208, cid=32-writeStateMachineData
	at org.apache.ratis.util.IOUtils.getFromFuture(IOUtils.java:87)
	at org.apache.ratis.server.raftlog.segmented.SegmentedRaftLogWorker$StateMachineDataPolicy.getFromFuture(SegmentedRaftLogWorker.java:87)
	at org.apache.ratis.server.raftlog.segmented.SegmentedRaftLogWorker$WriteLog.execute(SegmentedRaftLogWorker.java:477)
	at org.apache.ratis.server.raftlog.segmented.SegmentedRaftLogWorker.run(SegmentedRaftLogWorker.java:289)
	at java.lang.Thread.run(Thread.java:748)
Caused by: java.util.concurrent.TimeoutException
	at java.util.concurrent.CompletableFuture.timedGet(CompletableFuture.java:1771)
	at java.util.concurrent.CompletableFuture.get(CompletableFuture.java:1915)
	at org.apache.ratis.util.IOUtils.getFromFuture(IOUtils.java:79)
	... 4 more
2019-09-12 06:02:08,591 [org.apache.ratis.server.impl.LogAppender$AppenderDaemon$$Lambda$547/1589537345@57e996e8] ERROR ratis.XceiverServerRatis (XceiverServerRatis.java:triggerPipelineClose(568)) - pipeline Action CLOSE  on pipeline PipelineID=0700555e-d407-47f7-9b9f-0077ce01de48.Reason : 300524ac-6f40-4001-8852-e3bc017e7a2d has not seen follower/s 63029d58-985e-44b6-b8f1-28f19ea5ad76 for 120252ms e419d203-ae84-45b4-a349-326cccf7322d for 120252ms
2019-09-12 06:02:08,591 [org.apache.ratis.server.impl.LogAppender$AppenderDaemon$$Lambda$547/1589537345@35f95088] ERROR ratis.XceiverServerRatis (XceiverServerRatis.java:triggerPipelineClose(568)) - pipeline Action CLOSE  on pipeline PipelineID=0700555e-d407-47f7-9b9f-0077ce01de48.Reason : 300524ac-6f40-4001-8852-e3bc017e7a2d has not seen follower/s 63029d58-985e-44b6-b8f1-28f19ea5ad76 for 120252ms e419d203-ae84-45b4-a349-326cccf7322d for 120252ms
2019-09-12 06:02:08,685 [300524ac-6f40-4001-8852-e3bc017e7a2d@group-0077CE01DE48-SegmentedRaftLogWorker] WARN  segmented.SegmentedRaftLogWorker (SegmentedRaftLogWorker.java:getFromFuture(90)) - Timeout 11/~
org.apache.ratis.protocol.TimeoutIOException: Timeout 10s: WriteLog:12: (t:1, i:12), STATEMACHINELOGENTRY, client-A49E3A1ED208, cid=33-writeStateMachineData
	at org.apache.ratis.util.IOUtils.getFromFuture(IOUtils.java:87)
	at org.apache.ratis.server.raftlog.segmented.SegmentedRaftLogWorker$StateMachineDataPolicy.getFromFuture(SegmentedRaftLogWorker.java:87)
	at org.apache.ratis.server.raftlog.segmented.SegmentedRaftLogWorker$WriteLog.execute(SegmentedRaftLogWorker.java:477)
	at org.apache.ratis.server.raftlog.segmented.SegmentedRaftLogWorker.run(SegmentedRaftLogWorker.java:289)
	at java.lang.Thread.run(Thread.java:748)
Caused by: java.util.concurrent.TimeoutException
	at java.util.concurrent.CompletableFuture.timedGet(CompletableFuture.java:1771)
	at java.util.concurrent.CompletableFuture.get(CompletableFuture.java:1915)
	at org.apache.ratis.util.IOUtils.getFromFuture(IOUtils.java:79)
	... 4 more
2019-09-12 06:02:08,687 [EventQueue-PipelineActionsForPipelineActionHandler] ERROR pipeline.PipelineActionHandler (PipelineActionHandler.java:onMessage(60)) - Received pipeline action CLOSE for Pipeline[ Id: 0700555e-d407-47f7-9b9f-0077ce01de48, Nodes: 63029d58-985e-44b6-b8f1-28f19ea5ad76{ip: 192.168.34.52, host: trunk-nightly-20190912-4gc2t-2068889165, networkLocation: /default-rack, certSerialId: null}e419d203-ae84-45b4-a349-326cccf7322d{ip: 192.168.34.52, host: trunk-nightly-20190912-4gc2t-2068889165, networkLocation: /default-rack, certSerialId: null}300524ac-6f40-4001-8852-e3bc017e7a2d{ip: 192.168.34.52, host: trunk-nightly-20190912-4gc2t-2068889165, networkLocation: /default-rack, certSerialId: null}, Type:RATIS, Factor:THREE, State:OPEN] from datanode 300524ac-6f40-4001-8852-e3bc017e7a2d{ip: 192.168.34.52, host: trunk-nightly-20190912-4gc2t-2068889165, networkLocation: /default-rack, certSerialId: null}. Reason : 300524ac-6f40-4001-8852-e3bc017e7a2d has not seen follower/s 63029d58-985e-44b6-b8f1-28f19ea5ad76 for 120252ms e419d203-ae84-45b4-a349-326cccf7322d for 120252ms
2019-09-12 06:02:08,688 [EventQueue-PipelineActionsForPipelineActionHandler] INFO  pipeline.SCMPipelineManager (SCMPipelineManager.java:finalizeAndDestroyPipeline(311)) - destroying pipeline:Pipeline[ Id: 0700555e-d407-47f7-9b9f-0077ce01de48, Nodes: 63029d58-985e-44b6-b8f1-28f19ea5ad76{ip: 192.168.34.52, host: trunk-nightly-20190912-4gc2t-2068889165, networkLocation: /default-rack, certSerialId: null}e419d203-ae84-45b4-a349-326cccf7322d{ip: 192.168.34.52, host: trunk-nightly-20190912-4gc2t-2068889165, networkLocation: /default-rack, certSerialId: null}300524ac-6f40-4001-8852-e3bc017e7a2d{ip: 192.168.34.52, host: trunk-nightly-20190912-4gc2t-2068889165, networkLocation: /default-rack, certSerialId: null}, Type:RATIS, Factor:THREE, State:OPEN]
2019-09-12 06:02:08,688 [EventQueue-PipelineActionsForPipelineActionHandler] INFO  pipeline.PipelineStateManager (PipelineStateManager.java:finalizePipeline(123)) - Pipeline Pipeline[ Id: 0700555e-d407-47f7-9b9f-0077ce01de48, Nodes: 63029d58-985e-44b6-b8f1-28f19ea5ad76{ip: 192.168.34.52, host: trunk-nightly-20190912-4gc2t-2068889165, networkLocation: /default-rack, certSerialId: null}e419d203-ae84-45b4-a349-326cccf7322d{ip: 192.168.34.52, host: trunk-nightly-20190912-4gc2t-2068889165, networkLocation: /default-rack, certSerialId: null}300524ac-6f40-4001-8852-e3bc017e7a2d{ip: 192.168.34.52, host: trunk-nightly-20190912-4gc2t-2068889165, networkLocation: /default-rack, certSerialId: null}, Type:RATIS, Factor:THREE, State:CLOSED] moved to CLOSED state
2019-09-12 06:02:08,688 [EventQueue-CloseContainerForCloseContainerEventHandler] INFO  container.CloseContainerEventHandler (CloseContainerEventHandler.java:onMessage(61)) - Close container Event triggered for container : #3
2019-09-12 06:02:08,689 [EventQueue-CloseContainerForCloseContainerEventHandler] INFO  container.CloseContainerEventHandler (CloseContainerEventHandler.java:onMessage(61)) - Close container Event triggered for container : #4
2019-09-12 06:02:09,089 [java.util.concurrent.ThreadPoolExecutor$Worker@44961301[State = -1, empty queue]] WARN  server.GrpcLogAppender (GrpcLogAppender.java:timeoutAppendRequest(200)) - 300524ac-6f40-4001-8852-e3bc017e7a2d@group-0077CE01DE48->e419d203-ae84-45b4-a349-326cccf7322d-GrpcLogAppender: appendEntries Timeout, request=300524ac-6f40-4001-8852-e3bc017e7a2d->e419d203-ae84-45b4-a349-326cccf7322d#136-t1, previous=(t:1, i:13), leaderCommit=10, initializing? false, entries: <empty>
2019-09-12 06:02:09,089 [java.util.concurrent.ThreadPoolExecutor$Worker@31a3eae4[State = -1, empty queue]] WARN  server.GrpcLogAppender (GrpcLogAppender.java:timeoutAppendRequest(200)) - 300524ac-6f40-4001-8852-e3bc017e7a2d@group-0077CE01DE48->63029d58-985e-44b6-b8f1-28f19ea5ad76-GrpcLogAppender: appendEntries Timeout, request=300524ac-6f40-4001-8852-e3bc017e7a2d->63029d58-985e-44b6-b8f1-28f19ea5ad76#136-t1, previous=(t:1, i:13), leaderCommit=10, initializing? false, entries: <empty>
2019-09-12 06:02:09,581 [grpc-default-executor-3] INFO  client.GrpcClientProtocolClient (GrpcClientProtocolClient.java:onNext(264)) - client-A49E3A1ED208->e419d203-ae84-45b4-a349-326cccf7322d: receive RaftClientReply:client-A49E3A1ED208->e419d203-ae84-45b4-a349-326cccf7322d@group-0077CE01DE48, cid=32, FAILED org.apache.ratis.protocol.NotLeaderException: Server e419d203-ae84-45b4-a349-326cccf7322d@group-0077CE01DE48 is not the leader 300524ac-6f40-4001-8852-e3bc017e7a2d:192.168.34.52:35783, logIndex=0, commits[e419d203-ae84-45b4-a349-326cccf7322d:c10, 63029d58-985e-44b6-b8f1-28f19ea5ad76:c6, 300524ac-6f40-4001-8852-e3bc017e7a2d:c10]
2019-09-12 06:02:10,694 [org.apache.ratis.server.impl.LogAppender$AppenderDaemon$$Lambda$547/1589537345@35f95088] ERROR ratis.XceiverServerRatis (XceiverServerRatis.java:triggerPipelineClose(568)) - pipeline Action CLOSE  on pipeline PipelineID=0700555e-d407-47f7-9b9f-0077ce01de48.Reason : 300524ac-6f40-4001-8852-e3bc017e7a2d has not seen follower/s 63029d58-985e-44b6-b8f1-28f19ea5ad76 for 122356ms e419d203-ae84-45b4-a349-326cccf7322d for 122356ms
2019-09-12 06:02:10,694 [org.apache.ratis.server.impl.LogAppender$AppenderDaemon$$Lambda$547/1589537345@57e996e8] ERROR ratis.XceiverServerRatis (XceiverServerRatis.java:triggerPipelineClose(568)) - pipeline Action CLOSE  on pipeline PipelineID=0700555e-d407-47f7-9b9f-0077ce01de48.Reason : 300524ac-6f40-4001-8852-e3bc017e7a2d has not seen follower/s 63029d58-985e-44b6-b8f1-28f19ea5ad76 for 122356ms e419d203-ae84-45b4-a349-326cccf7322d for 122356ms
2019-09-12 06:02:11,589 [java.util.concurrent.ThreadPoolExecutor$Worker@44961301[State = -1, empty queue]] WARN  server.GrpcLogAppender (GrpcLogAppender.java:timeoutAppendRequest(200)) - 300524ac-6f40-4001-8852-e3bc017e7a2d@group-0077CE01DE48->e419d203-ae84-45b4-a349-326cccf7322d-GrpcLogAppender: appendEntries Timeout, request=300524ac-6f40-4001-8852-e3bc017e7a2d->e419d203-ae84-45b4-a349-326cccf7322d#137-t1, previous=(t:1, i:13), leaderCommit=10, initializing? false, entries: <empty>
2019-09-12 06:02:11,589 [java.util.concurrent.ThreadPoolExecutor$Worker@31a3eae4[State = -1, empty queue]] WARN  server.GrpcLogAppender (GrpcLogAppender.java:timeoutAppendRequest(200)) - 300524ac-6f40-4001-8852-e3bc017e7a2d@group-0077CE01DE48->63029d58-985e-44b6-b8f1-28f19ea5ad76-GrpcLogAppender: appendEntries Timeout, request=300524ac-6f40-4001-8852-e3bc017e7a2d->63029d58-985e-44b6-b8f1-28f19ea5ad76#137-t1, previous=(t:1, i:13), leaderCommit=10, initializing? false, entries: <empty>
2019-09-12 06:02:11,692 [EventQueue-PipelineActionsForPipelineActionHandler] ERROR pipeline.PipelineActionHandler (PipelineActionHandler.java:onMessage(60)) - Received pipeline action CLOSE for Pipeline[ Id: 0700555e-d407-47f7-9b9f-0077ce01de48, Nodes: 63029d58-985e-44b6-b8f1-28f19ea5ad76{ip: 192.168.34.52, host: trunk-nightly-20190912-4gc2t-2068889165, networkLocation: /default-rack, certSerialId: null}e419d203-ae84-45b4-a349-326cccf7322d{ip: 192.168.34.52, host: trunk-nightly-20190912-4gc2t-2068889165, networkLocation: /default-rack, certSerialId: null}300524ac-6f40-4001-8852-e3bc017e7a2d{ip: 192.168.34.52, host: trunk-nightly-20190912-4gc2t-2068889165, networkLocation: /default-rack, certSerialId: null}, Type:RATIS, Factor:THREE, State:CLOSED] from datanode 300524ac-6f40-4001-8852-e3bc017e7a2d{ip: 192.168.34.52, host: trunk-nightly-20190912-4gc2t-2068889165, networkLocation: /default-rack, certSerialId: null}. Reason : 300524ac-6f40-4001-8852-e3bc017e7a2d has not seen follower/s 63029d58-985e-44b6-b8f1-28f19ea5ad76 for 122356ms e419d203-ae84-45b4-a349-326cccf7322d for 122356ms
2019-09-12 06:02:11,693 [EventQueue-PipelineActionsForPipelineActionHandler] INFO  pipeline.SCMPipelineManager (SCMPipelineManager.java:finalizeAndDestroyPipeline(311)) - destroying pipeline:Pipeline[ Id: 0700555e-d407-47f7-9b9f-0077ce01de48, Nodes: 63029d58-985e-44b6-b8f1-28f19ea5ad76{ip: 192.168.34.52, host: trunk-nightly-20190912-4gc2t-2068889165, networkLocation: /default-rack, certSerialId: null}e419d203-ae84-45b4-a349-326cccf7322d{ip: 192.168.34.52, host: trunk-nightly-20190912-4gc2t-2068889165, networkLocation: /default-rack, certSerialId: null}300524ac-6f40-4001-8852-e3bc017e7a2d{ip: 192.168.34.52, host: trunk-nightly-20190912-4gc2t-2068889165, networkLocation: /default-rack, certSerialId: null}, Type:RATIS, Factor:THREE, State:CLOSED]
2019-09-12 06:02:13,195 [org.apache.ratis.server.impl.LogAppender$AppenderDaemon$$Lambda$547/1589537345@35f95088] ERROR ratis.XceiverServerRatis (XceiverServerRatis.java:triggerPipelineClose(568)) - pipeline Action CLOSE  on pipeline PipelineID=0700555e-d407-47f7-9b9f-0077ce01de48.Reason : 300524ac-6f40-4001-8852-e3bc017e7a2d has not seen follower/s 63029d58-985e-44b6-b8f1-28f19ea5ad76 for 124857ms e419d203-ae84-45b4-a349-326cccf7322d for 124857ms
2019-09-12 06:02:13,195 [org.apache.ratis.server.impl.LogAppender$AppenderDaemon$$Lambda$547/1589537345@57e996e8] ERROR ratis.XceiverServerRatis (XceiverServerRatis.java:triggerPipelineClose(568)) - pipeline Action CLOSE  on pipeline PipelineID=0700555e-d407-47f7-9b9f-0077ce01de48.Reason : 300524ac-6f40-4001-8852-e3bc017e7a2d has not seen follower/s 63029d58-985e-44b6-b8f1-28f19ea5ad76 for 124857ms e419d203-ae84-45b4-a349-326cccf7322d for 124857ms
2019-09-12 06:02:13,693 [EventQueue-PipelineActionsForPipelineActionHandler] ERROR pipeline.PipelineActionHandler (PipelineActionHandler.java:onMessage(60)) - Received pipeline action CLOSE for Pipeline[ Id: 0700555e-d407-47f7-9b9f-0077ce01de48, Nodes: 63029d58-985e-44b6-b8f1-28f19ea5ad76{ip: 192.168.34.52, host: trunk-nightly-20190912-4gc2t-2068889165, networkLocation: /default-rack, certSerialId: null}e419d203-ae84-45b4-a349-326cccf7322d{ip: 192.168.34.52, host: trunk-nightly-20190912-4gc2t-2068889165, networkLocation: /default-rack, certSerialId: null}300524ac-6f40-4001-8852-e3bc017e7a2d{ip: 192.168.34.52, host: trunk-nightly-20190912-4gc2t-2068889165, networkLocation: /default-rack, certSerialId: null}, Type:RATIS, Factor:THREE, State:CLOSED] from datanode 300524ac-6f40-4001-8852-e3bc017e7a2d{ip: 192.168.34.52, host: trunk-nightly-20190912-4gc2t-2068889165, networkLocation: /default-rack, certSerialId: null}. Reason : 300524ac-6f40-4001-8852-e3bc017e7a2d has not seen follower/s 63029d58-985e-44b6-b8f1-28f19ea5ad76 for 124857ms e419d203-ae84-45b4-a349-326cccf7322d for 124857ms
2019-09-12 06:02:13,693 [EventQueue-PipelineActionsForPipelineActionHandler] INFO  pipeline.SCMPipelineManager (SCMPipelineManager.java:finalizeAndDestroyPipeline(311)) - destroying pipeline:Pipeline[ Id: 0700555e-d407-47f7-9b9f-0077ce01de48, Nodes: 63029d58-985e-44b6-b8f1-28f19ea5ad76{ip: 192.168.34.52, host: trunk-nightly-20190912-4gc2t-2068889165, networkLocation: /default-rack, certSerialId: null}e419d203-ae84-45b4-a349-326cccf7322d{ip: 192.168.34.52, host: trunk-nightly-20190912-4gc2t-2068889165, networkLocation: /default-rack, certSerialId: null}300524ac-6f40-4001-8852-e3bc017e7a2d{ip: 192.168.34.52, host: trunk-nightly-20190912-4gc2t-2068889165, networkLocation: /default-rack, certSerialId: null}, Type:RATIS, Factor:THREE, State:CLOSED]
2019-09-12 06:02:13,694 [java.util.concurrent.ThreadPoolExecutor$Worker@31a3eae4[State = -1, empty queue]] WARN  server.GrpcLogAppender (GrpcLogAppender.java:timeoutAppendRequest(200)) - 300524ac-6f40-4001-8852-e3bc017e7a2d@group-0077CE01DE48->63029d58-985e-44b6-b8f1-28f19ea5ad76-GrpcLogAppender: appendEntries Timeout, request=300524ac-6f40-4001-8852-e3bc017e7a2d->63029d58-985e-44b6-b8f1-28f19ea5ad76#138-t1, previous=(t:1, i:13), leaderCommit=10, initializing? false, entries: size=1, first=(t:1, i:14), STATEMACHINELOGENTRY, client-8CD109823E47, cid=7
2019-09-12 06:02:13,694 [java.util.concurrent.ThreadPoolExecutor$Worker@44961301[State = -1, empty queue]] WARN  server.GrpcLogAppender (GrpcLogAppender.java:timeoutAppendRequest(200)) - 300524ac-6f40-4001-8852-e3bc017e7a2d@group-0077CE01DE48->e419d203-ae84-45b4-a349-326cccf7322d-GrpcLogAppender: appendEntries Timeout, request=300524ac-6f40-4001-8852-e3bc017e7a2d->e419d203-ae84-45b4-a349-326cccf7322d#138-t1, previous=(t:1, i:13), leaderCommit=10, initializing? false, entries: size=1, first=(t:1, i:14), STATEMACHINELOGENTRY, client-8CD109823E47, cid=7
2019-09-12 06:02:14,629 [grpc-default-executor-3] INFO  client.GrpcClientProtocolClient (GrpcClientProtocolClient.java:onNext(264)) - client-A49E3A1ED208->63029d58-985e-44b6-b8f1-28f19ea5ad76: receive RaftClientReply:client-A49E3A1ED208->63029d58-985e-44b6-b8f1-28f19ea5ad76@group-0077CE01DE48, cid=32, FAILED org.apache.ratis.protocol.NotLeaderException: Server 63029d58-985e-44b6-b8f1-28f19ea5ad76@group-0077CE01DE48 is not the leader 300524ac-6f40-4001-8852-e3bc017e7a2d:192.168.34.52:35783, logIndex=0, commits[63029d58-985e-44b6-b8f1-28f19ea5ad76:c10, 300524ac-6f40-4001-8852-e3bc017e7a2d:c10, e419d203-ae84-45b4-a349-326cccf7322d:c6]
2019-09-12 06:02:15,695 [org.apache.ratis.server.impl.LogAppender$AppenderDaemon$$Lambda$547/1589537345@35f95088] ERROR ratis.XceiverServerRatis (XceiverServerRatis.java:triggerPipelineClose(568)) - pipeline Action CLOSE  on pipeline PipelineID=0700555e-d407-47f7-9b9f-0077ce01de48.Reason : 300524ac-6f40-4001-8852-e3bc017e7a2d has not seen follower/s 63029d58-985e-44b6-b8f1-28f19ea5ad76 for 127358ms e419d203-ae84-45b4-a349-326cccf7322d for 127358ms
2019-09-12 06:02:15,695 [org.apache.ratis.server.impl.LogAppender$AppenderDaemon$$Lambda$547/1589537345@57e996e8] ERROR ratis.XceiverServerRatis (XceiverServerRatis.java:triggerPipelineClose(568)) - pipeline Action CLOSE  on pipeline PipelineID=0700555e-d407-47f7-9b9f-0077ce01de48.Reason : 300524ac-6f40-4001-8852-e3bc017e7a2d has not seen follower/s 63029d58-985e-44b6-b8f1-28f19ea5ad76 for 127358ms e419d203-ae84-45b4-a349-326cccf7322d for 127358ms
2019-09-12 06:02:16,195 [java.util.concurrent.ThreadPoolExecutor$Worker@44961301[State = -1, empty queue]] WARN  server.GrpcLogAppender (GrpcLogAppender.java:timeoutAppendRequest(200)) - 300524ac-6f40-4001-8852-e3bc017e7a2d@group-0077CE01DE48->e419d203-ae84-45b4-a349-326cccf7322d-GrpcLogAppender: appendEntries Timeout, request=300524ac-6f40-4001-8852-e3bc017e7a2d->e419d203-ae84-45b4-a349-326cccf7322d#139-t1, previous=(t:1, i:14), leaderCommit=10, initializing? false, entries: <empty>
2019-09-12 06:02:16,195 [java.util.concurrent.ThreadPoolExecutor$Worker@31a3eae4[State = -1, empty queue]] WARN  server.GrpcLogAppender (GrpcLogAppender.java:timeoutAppendRequest(200)) - 300524ac-6f40-4001-8852-e3bc017e7a2d@group-0077CE01DE48->63029d58-985e-44b6-b8f1-28f19ea5ad76-GrpcLogAppender: appendEntries Timeout, request=300524ac-6f40-4001-8852-e3bc017e7a2d->63029d58-985e-44b6-b8f1-28f19ea5ad76#139-t1, previous=(t:1, i:14), leaderCommit=10, initializing? false, entries: <empty>
2019-09-12 06:02:16,693 [EventQueue-PipelineActionsForPipelineActionHandler] ERROR pipeline.PipelineActionHandler (PipelineActionHandler.java:onMessage(60)) - Received pipeline action CLOSE for Pipeline[ Id: 0700555e-d407-47f7-9b9f-0077ce01de48, Nodes: 63029d58-985e-44b6-b8f1-28f19ea5ad76{ip: 192.168.34.52, host: trunk-nightly-20190912-4gc2t-2068889165, networkLocation: /default-rack, certSerialId: null}e419d203-ae84-45b4-a349-326cccf7322d{ip: 192.168.34.52, host: trunk-nightly-20190912-4gc2t-2068889165, networkLocation: /default-rack, certSerialId: null}300524ac-6f40-4001-8852-e3bc017e7a2d{ip: 192.168.34.52, host: trunk-nightly-20190912-4gc2t-2068889165, networkLocation: /default-rack, certSerialId: null}, Type:RATIS, Factor:THREE, State:CLOSED] from datanode 300524ac-6f40-4001-8852-e3bc017e7a2d{ip: 192.168.34.52, host: trunk-nightly-20190912-4gc2t-2068889165, networkLocation: /default-rack, certSerialId: null}. Reason : 300524ac-6f40-4001-8852-e3bc017e7a2d has not seen follower/s 63029d58-985e-44b6-b8f1-28f19ea5ad76 for 127358ms e419d203-ae84-45b4-a349-326cccf7322d for 127358ms
2019-09-12 06:02:16,693 [EventQueue-PipelineActionsForPipelineActionHandler] INFO  pipeline.SCMPipelineManager (SCMPipelineManager.java:finalizeAndDestroyPipeline(311)) - destroying pipeline:Pipeline[ Id: 0700555e-d407-47f7-9b9f-0077ce01de48, Nodes: 63029d58-985e-44b6-b8f1-28f19ea5ad76{ip: 192.168.34.52, host: trunk-nightly-20190912-4gc2t-2068889165, networkLocation: /default-rack, certSerialId: null}e419d203-ae84-45b4-a349-326cccf7322d{ip: 192.168.34.52, host: trunk-nightly-20190912-4gc2t-2068889165, networkLocation: /default-rack, certSerialId: null}300524ac-6f40-4001-8852-e3bc017e7a2d{ip: 192.168.34.52, host: trunk-nightly-20190912-4gc2t-2068889165, networkLocation: /default-rack, certSerialId: null}, Type:RATIS, Factor:THREE, State:CLOSED]
2019-09-12 06:02:18,196 [org.apache.ratis.server.impl.LogAppender$AppenderDaemon$$Lambda$547/1589537345@35f95088] ERROR ratis.XceiverServerRatis (XceiverServerRatis.java:triggerPipelineClose(568)) - pipeline Action CLOSE  on pipeline PipelineID=0700555e-d407-47f7-9b9f-0077ce01de48.Reason : 300524ac-6f40-4001-8852-e3bc017e7a2d has not seen follower/s 63029d58-985e-44b6-b8f1-28f19ea5ad76 for 129858ms e419d203-ae84-45b4-a349-326cccf7322d for 129858ms
2019-09-12 06:02:18,196 [org.apache.ratis.server.impl.LogAppender$AppenderDaemon$$Lambda$547/1589537345@57e996e8] ERROR ratis.XceiverServerRatis (XceiverServerRatis.java:triggerPipelineClose(568)) - pipeline Action CLOSE  on pipeline PipelineID=0700555e-d407-47f7-9b9f-0077ce01de48.Reason : 300524ac-6f40-4001-8852-e3bc017e7a2d has not seen follower/s 63029d58-985e-44b6-b8f1-28f19ea5ad76 for 129858ms e419d203-ae84-45b4-a349-326cccf7322d for 129858ms
2019-09-12 06:02:18,571 [63029d58-985e-44b6-b8f1-28f19ea5ad76@group-0077CE01DE48-SegmentedRaftLogWorker] WARN  segmented.SegmentedRaftLogWorker (SegmentedRaftLogWorker.java:getFromFuture(90)) - Timeout 12/~
org.apache.ratis.protocol.TimeoutIOException: Timeout 10s: WriteLog:11: (t:1, i:11), STATEMACHINELOGENTRY, client-A49E3A1ED208, cid=32-writeStateMachineData
	at org.apache.ratis.util.IOUtils.getFromFuture(IOUtils.java:87)
	at org.apache.ratis.server.raftlog.segmented.SegmentedRaftLogWorker$StateMachineDataPolicy.getFromFuture(SegmentedRaftLogWorker.java:87)
	at org.apache.ratis.server.raftlog.segmented.SegmentedRaftLogWorker$WriteLog.execute(SegmentedRaftLogWorker.java:477)
	at org.apache.ratis.server.raftlog.segmented.SegmentedRaftLogWorker.run(SegmentedRaftLogWorker.java:289)
	at java.lang.Thread.run(Thread.java:748)
Caused by: java.util.concurrent.TimeoutException
	at java.util.concurrent.CompletableFuture.timedGet(CompletableFuture.java:1771)
	at java.util.concurrent.CompletableFuture.get(CompletableFuture.java:1915)
	at org.apache.ratis.util.IOUtils.getFromFuture(IOUtils.java:79)
	... 4 more
2019-09-12 06:02:18,583 [e419d203-ae84-45b4-a349-326cccf7322d@group-0077CE01DE48-SegmentedRaftLogWorker] WARN  segmented.SegmentedRaftLogWorker (SegmentedRaftLogWorker.java:getFromFuture(90)) - Timeout 12/~
org.apache.ratis.protocol.TimeoutIOException: Timeout 10s: WriteLog:11: (t:1, i:11), STATEMACHINELOGENTRY, client-A49E3A1ED208, cid=32-writeStateMachineData
	at org.apache.ratis.util.IOUtils.getFromFuture(IOUtils.java:87)
	at org.apache.ratis.server.raftlog.segmented.SegmentedRaftLogWorker$StateMachineDataPolicy.getFromFuture(SegmentedRaftLogWorker.java:87)
	at org.apache.ratis.server.raftlog.segmented.SegmentedRaftLogWorker$WriteLog.execute(SegmentedRaftLogWorker.java:477)
	at org.apache.ratis.server.raftlog.segmented.SegmentedRaftLogWorker.run(SegmentedRaftLogWorker.java:289)
	at java.lang.Thread.run(Thread.java:748)
Caused by: java.util.concurrent.TimeoutException
	at java.util.concurrent.CompletableFuture.timedGet(CompletableFuture.java:1771)
	at java.util.concurrent.CompletableFuture.get(CompletableFuture.java:1915)
	at org.apache.ratis.util.IOUtils.getFromFuture(IOUtils.java:79)
	... 4 more
2019-09-12 06:02:18,685 [300524ac-6f40-4001-8852-e3bc017e7a2d@group-0077CE01DE48-SegmentedRaftLogWorker] WARN  segmented.SegmentedRaftLogWorker (SegmentedRaftLogWorker.java:getFromFuture(90)) - Timeout 12/~
org.apache.ratis.protocol.TimeoutIOException: Timeout 10s: WriteLog:12: (t:1, i:12), STATEMACHINELOGENTRY, client-A49E3A1ED208, cid=33-writeStateMachineData
	at org.apache.ratis.util.IOUtils.getFromFuture(IOUtils.java:87)
	at org.apache.ratis.server.raftlog.segmented.SegmentedRaftLogWorker$StateMachineDataPolicy.getFromFuture(SegmentedRaftLogWorker.java:87)
	at org.apache.ratis.server.raftlog.segmented.SegmentedRaftLogWorker$WriteLog.execute(SegmentedRaftLogWorker.java:477)
	at org.apache.ratis.server.raftlog.segmented.SegmentedRaftLogWorker.run(SegmentedRaftLogWorker.java:289)
	at java.lang.Thread.run(Thread.java:748)
Caused by: java.util.concurrent.TimeoutException
	at java.util.concurrent.CompletableFuture.timedGet(CompletableFuture.java:1771)
	at java.util.concurrent.CompletableFuture.get(CompletableFuture.java:1915)
	at org.apache.ratis.util.IOUtils.getFromFuture(IOUtils.java:79)
	... 4 more
2019-09-12 06:02:18,693 [EventQueue-PipelineActionsForPipelineActionHandler] ERROR pipeline.PipelineActionHandler (PipelineActionHandler.java:onMessage(60)) - Received pipeline action CLOSE for Pipeline[ Id: 0700555e-d407-47f7-9b9f-0077ce01de48, Nodes: 63029d58-985e-44b6-b8f1-28f19ea5ad76{ip: 192.168.34.52, host: trunk-nightly-20190912-4gc2t-2068889165, networkLocation: /default-rack, certSerialId: null}e419d203-ae84-45b4-a349-326cccf7322d{ip: 192.168.34.52, host: trunk-nightly-20190912-4gc2t-2068889165, networkLocation: /default-rack, certSerialId: null}300524ac-6f40-4001-8852-e3bc017e7a2d{ip: 192.168.34.52, host: trunk-nightly-20190912-4gc2t-2068889165, networkLocation: /default-rack, certSerialId: null}, Type:RATIS, Factor:THREE, State:CLOSED] from datanode 300524ac-6f40-4001-8852-e3bc017e7a2d{ip: 192.168.34.52, host: trunk-nightly-20190912-4gc2t-2068889165, networkLocation: /default-rack, certSerialId: null}. Reason : 300524ac-6f40-4001-8852-e3bc017e7a2d has not seen follower/s 63029d58-985e-44b6-b8f1-28f19ea5ad76 for 129858ms e419d203-ae84-45b4-a349-326cccf7322d for 129858ms
2019-09-12 06:02:18,693 [EventQueue-PipelineActionsForPipelineActionHandler] INFO  pipeline.SCMPipelineManager (SCMPipelineManager.java:finalizeAndDestroyPipeline(311)) - destroying pipeline:Pipeline[ Id: 0700555e-d407-47f7-9b9f-0077ce01de48, Nodes: 63029d58-985e-44b6-b8f1-28f19ea5ad76{ip: 192.168.34.52, host: trunk-nightly-20190912-4gc2t-2068889165, networkLocation: /default-rack, certSerialId: null}e419d203-ae84-45b4-a349-326cccf7322d{ip: 192.168.34.52, host: trunk-nightly-20190912-4gc2t-2068889165, networkLocation: /default-rack, certSerialId: null}300524ac-6f40-4001-8852-e3bc017e7a2d{ip: 192.168.34.52, host: trunk-nightly-20190912-4gc2t-2068889165, networkLocation: /default-rack, certSerialId: null}, Type:RATIS, Factor:THREE, State:CLOSED]
2019-09-12 06:02:18,695 [java.util.concurrent.ThreadPoolExecutor$Worker@44961301[State = -1, empty queue]] WARN  server.GrpcLogAppender (GrpcLogAppender.java:timeoutAppendRequest(200)) - 300524ac-6f40-4001-8852-e3bc017e7a2d@group-0077CE01DE48->e419d203-ae84-45b4-a349-326cccf7322d-GrpcLogAppender: appendEntries Timeout, request=300524ac-6f40-4001-8852-e3bc017e7a2d->e419d203-ae84-45b4-a349-326cccf7322d#140-t1, previous=(t:1, i:14), leaderCommit=10, initializing? false, entries: <empty>
2019-09-12 06:02:18,695 [java.util.concurrent.ThreadPoolExecutor$Worker@31a3eae4[State = -1, empty queue]] WARN  server.GrpcLogAppender (GrpcLogAppender.java:timeoutAppendRequest(200)) - 300524ac-6f40-4001-8852-e3bc017e7a2d@group-0077CE01DE48->63029d58-985e-44b6-b8f1-28f19ea5ad76-GrpcLogAppender: appendEntries Timeout, request=300524ac-6f40-4001-8852-e3bc017e7a2d->63029d58-985e-44b6-b8f1-28f19ea5ad76#140-t1, previous=(t:1, i:14), leaderCommit=10, initializing? false, entries: <empty>
2019-09-12 06:02:19,666 [grpc-default-executor-4] INFO  client.GrpcClientProtocolClient (GrpcClientProtocolClient.java:onNext(264)) - client-A49E3A1ED208->e419d203-ae84-45b4-a349-326cccf7322d: receive RaftClientReply:client-A49E3A1ED208->e419d203-ae84-45b4-a349-326cccf7322d@group-0077CE01DE48, cid=32, FAILED org.apache.ratis.protocol.NotLeaderException: Server e419d203-ae84-45b4-a349-326cccf7322d@group-0077CE01DE48 is not the leader 300524ac-6f40-4001-8852-e3bc017e7a2d:192.168.34.52:35783, logIndex=0, commits[e419d203-ae84-45b4-a349-326cccf7322d:c10, 63029d58-985e-44b6-b8f1-28f19ea5ad76:c6, 300524ac-6f40-4001-8852-e3bc017e7a2d:c10]
2019-09-12 06:02:20,697 [org.apache.ratis.server.impl.LogAppender$AppenderDaemon$$Lambda$547/1589537345@35f95088] ERROR ratis.XceiverServerRatis (XceiverServerRatis.java:triggerPipelineClose(568)) - pipeline Action CLOSE  on pipeline PipelineID=0700555e-d407-47f7-9b9f-0077ce01de48.Reason : 300524ac-6f40-4001-8852-e3bc017e7a2d has not seen follower/s 63029d58-985e-44b6-b8f1-28f19ea5ad76 for 132359ms e419d203-ae84-45b4-a349-326cccf7322d for 132359ms
2019-09-12 06:02:20,697 [org.apache.ratis.server.impl.LogAppender$AppenderDaemon$$Lambda$547/1589537345@57e996e8] ERROR ratis.XceiverServerRatis (XceiverServerRatis.java:triggerPipelineClose(568)) - pipeline Action CLOSE  on pipeline PipelineID=0700555e-d407-47f7-9b9f-0077ce01de48.Reason : 300524ac-6f40-4001-8852-e3bc017e7a2d has not seen follower/s 63029d58-985e-44b6-b8f1-28f19ea5ad76 for 132359ms e419d203-ae84-45b4-a349-326cccf7322d for 132359ms
2019-09-12 06:02:21,196 [java.util.concurrent.ThreadPoolExecutor$Worker@44961301[State = -1, empty queue]] WARN  server.GrpcLogAppender (GrpcLogAppender.java:timeoutAppendRequest(200)) - 300524ac-6f40-4001-8852-e3bc017e7a2d@group-0077CE01DE48->e419d203-ae84-45b4-a349-326cccf7322d-GrpcLogAppender: appendEntries Timeout, request=300524ac-6f40-4001-8852-e3bc017e7a2d->e419d203-ae84-45b4-a349-326cccf7322d#141-t1, previous=(t:1, i:14), leaderCommit=10, initializing? false, entries: <empty>
2019-09-12 06:02:21,196 [java.util.concurrent.ThreadPoolExecutor$Worker@31a3eae4[State = -1, empty queue]] WARN  server.GrpcLogAppender (GrpcLogAppender.java:timeoutAppendRequest(200)) - 300524ac-6f40-4001-8852-e3bc017e7a2d@group-0077CE01DE48->63029d58-985e-44b6-b8f1-28f19ea5ad76-GrpcLogAppender: appendEntries Timeout, request=300524ac-6f40-4001-8852-e3bc017e7a2d->63029d58-985e-44b6-b8f1-28f19ea5ad76#141-t1, previous=(t:1, i:14), leaderCommit=10, initializing? false, entries: <empty>
2019-09-12 06:02:21,694 [EventQueue-PipelineActionsForPipelineActionHandler] ERROR pipeline.PipelineActionHandler (PipelineActionHandler.java:onMessage(60)) - Received pipeline action CLOSE for Pipeline[ Id: 0700555e-d407-47f7-9b9f-0077ce01de48, Nodes: 63029d58-985e-44b6-b8f1-28f19ea5ad76{ip: 192.168.34.52, host: trunk-nightly-20190912-4gc2t-2068889165, networkLocation: /default-rack, certSerialId: null}e419d203-ae84-45b4-a349-326cccf7322d{ip: 192.168.34.52, host: trunk-nightly-20190912-4gc2t-2068889165, networkLocation: /default-rack, certSerialId: null}300524ac-6f40-4001-8852-e3bc017e7a2d{ip: 192.168.34.52, host: trunk-nightly-20190912-4gc2t-2068889165, networkLocation: /default-rack, certSerialId: null}, Type:RATIS, Factor:THREE, State:CLOSED] from datanode 300524ac-6f40-4001-8852-e3bc017e7a2d{ip: 192.168.34.52, host: trunk-nightly-20190912-4gc2t-2068889165, networkLocation: /default-rack, certSerialId: null}. Reason : 300524ac-6f40-4001-8852-e3bc017e7a2d has not seen follower/s 63029d58-985e-44b6-b8f1-28f19ea5ad76 for 132359ms e419d203-ae84-45b4-a349-326cccf7322d for 132359ms
2019-09-12 06:02:21,694 [EventQueue-PipelineActionsForPipelineActionHandler] INFO  pipeline.SCMPipelineManager (SCMPipelineManager.java:finalizeAndDestroyPipeline(311)) - destroying pipeline:Pipeline[ Id: 0700555e-d407-47f7-9b9f-0077ce01de48, Nodes: 63029d58-985e-44b6-b8f1-28f19ea5ad76{ip: 192.168.34.52, host: trunk-nightly-20190912-4gc2t-2068889165, networkLocation: /default-rack, certSerialId: null}e419d203-ae84-45b4-a349-326cccf7322d{ip: 192.168.34.52, host: trunk-nightly-20190912-4gc2t-2068889165, networkLocation: /default-rack, certSerialId: null}300524ac-6f40-4001-8852-e3bc017e7a2d{ip: 192.168.34.52, host: trunk-nightly-20190912-4gc2t-2068889165, networkLocation: /default-rack, certSerialId: null}, Type:RATIS, Factor:THREE, State:CLOSED]
2019-09-12 06:02:23,197 [org.apache.ratis.server.impl.LogAppender$AppenderDaemon$$Lambda$547/1589537345@35f95088] ERROR ratis.XceiverServerRatis (XceiverServerRatis.java:triggerPipelineClose(568)) - pipeline Action CLOSE  on pipeline PipelineID=0700555e-d407-47f7-9b9f-0077ce01de48.Reason : 300524ac-6f40-4001-8852-e3bc017e7a2d has not seen follower/s 63029d58-985e-44b6-b8f1-28f19ea5ad76 for 134860ms e419d203-ae84-45b4-a349-326cccf7322d for 134860ms
2019-09-12 06:02:23,197 [org.apache.ratis.server.impl.LogAppender$AppenderDaemon$$Lambda$547/1589537345@57e996e8] ERROR ratis.XceiverServerRatis (XceiverServerRatis.java:triggerPipelineClose(568)) - pipeline Action CLOSE  on pipeline PipelineID=0700555e-d407-47f7-9b9f-0077ce01de48.Reason : 300524ac-6f40-4001-8852-e3bc017e7a2d has not seen follower/s 63029d58-985e-44b6-b8f1-28f19ea5ad76 for 134860ms e419d203-ae84-45b4-a349-326cccf7322d for 134860ms
2019-09-12 06:02:23,699 [java.util.concurrent.ThreadPoolExecutor$Worker@31a3eae4[State = -1, empty queue]] WARN  server.GrpcLogAppender (GrpcLogAppender.java:timeoutAppendRequest(200)) - 300524ac-6f40-4001-8852-e3bc017e7a2d@group-0077CE01DE48->63029d58-985e-44b6-b8f1-28f19ea5ad76-GrpcLogAppender: appendEntries Timeout, request=300524ac-6f40-4001-8852-e3bc017e7a2d->63029d58-985e-44b6-b8f1-28f19ea5ad76#142-t1, previous=(t:1, i:14), leaderCommit=10, initializing? false, entries: <empty>
2019-09-12 06:02:23,699 [java.util.concurrent.ThreadPoolExecutor$Worker@44961301[State = -1, empty queue]] WARN  server.GrpcLogAppender (GrpcLogAppender.java:timeoutAppendRequest(200)) - 300524ac-6f40-4001-8852-e3bc017e7a2d@group-0077CE01DE48->e419d203-ae84-45b4-a349-326cccf7322d-GrpcLogAppender: appendEntries Timeout, request=300524ac-6f40-4001-8852-e3bc017e7a2d->e419d203-ae84-45b4-a349-326cccf7322d#142-t1, previous=(t:1, i:14), leaderCommit=10, initializing? false, entries: <empty>
2019-09-12 06:02:23,700 [EventQueue-PipelineActionsForPipelineActionHandler] ERROR pipeline.PipelineActionHandler (PipelineActionHandler.java:onMessage(60)) - Received pipeline action CLOSE for Pipeline[ Id: 0700555e-d407-47f7-9b9f-0077ce01de48, Nodes: 63029d58-985e-44b6-b8f1-28f19ea5ad76{ip: 192.168.34.52, host: trunk-nightly-20190912-4gc2t-2068889165, networkLocation: /default-rack, certSerialId: null}e419d203-ae84-45b4-a349-326cccf7322d{ip: 192.168.34.52, host: trunk-nightly-20190912-4gc2t-2068889165, networkLocation: /default-rack, certSerialId: null}300524ac-6f40-4001-8852-e3bc017e7a2d{ip: 192.168.34.52, host: trunk-nightly-20190912-4gc2t-2068889165, networkLocation: /default-rack, certSerialId: null}, Type:RATIS, Factor:THREE, State:CLOSED] from datanode 300524ac-6f40-4001-8852-e3bc017e7a2d{ip: 192.168.34.52, host: trunk-nightly-20190912-4gc2t-2068889165, networkLocation: /default-rack, certSerialId: null}. Reason : 300524ac-6f40-4001-8852-e3bc017e7a2d has not seen follower/s 63029d58-985e-44b6-b8f1-28f19ea5ad76 for 134860ms e419d203-ae84-45b4-a349-326cccf7322d for 134860ms
2019-09-12 06:02:23,700 [EventQueue-PipelineActionsForPipelineActionHandler] INFO  pipeline.SCMPipelineManager (SCMPipelineManager.java:finalizeAndDestroyPipeline(311)) - destroying pipeline:Pipeline[ Id: 0700555e-d407-47f7-9b9f-0077ce01de48, Nodes: 63029d58-985e-44b6-b8f1-28f19ea5ad76{ip: 192.168.34.52, host: trunk-nightly-20190912-4gc2t-2068889165, networkLocation: /default-rack, certSerialId: null}e419d203-ae84-45b4-a349-326cccf7322d{ip: 192.168.34.52, host: trunk-nightly-20190912-4gc2t-2068889165, networkLocation: /default-rack, certSerialId: null}300524ac-6f40-4001-8852-e3bc017e7a2d{ip: 192.168.34.52, host: trunk-nightly-20190912-4gc2t-2068889165, networkLocation: /default-rack, certSerialId: null}, Type:RATIS, Factor:THREE, State:CLOSED]
2019-09-12 06:02:24,715 [grpc-default-executor-3] INFO  client.GrpcClientProtocolClient (GrpcClientProtocolClient.java:onNext(264)) - client-A49E3A1ED208->63029d58-985e-44b6-b8f1-28f19ea5ad76: receive RaftClientReply:client-A49E3A1ED208->63029d58-985e-44b6-b8f1-28f19ea5ad76@group-0077CE01DE48, cid=32, FAILED org.apache.ratis.protocol.NotLeaderException: Server 63029d58-985e-44b6-b8f1-28f19ea5ad76@group-0077CE01DE48 is not the leader 300524ac-6f40-4001-8852-e3bc017e7a2d:192.168.34.52:35783, logIndex=0, commits[63029d58-985e-44b6-b8f1-28f19ea5ad76:c10, 300524ac-6f40-4001-8852-e3bc017e7a2d:c10, e419d203-ae84-45b4-a349-326cccf7322d:c6]
2019-09-12 06:02:25,698 [org.apache.ratis.server.impl.LogAppender$AppenderDaemon$$Lambda$547/1589537345@35f95088] ERROR ratis.XceiverServerRatis (XceiverServerRatis.java:triggerPipelineClose(568)) - pipeline Action CLOSE  on pipeline PipelineID=0700555e-d407-47f7-9b9f-0077ce01de48.Reason : 300524ac-6f40-4001-8852-e3bc017e7a2d has not seen follower/s 63029d58-985e-44b6-b8f1-28f19ea5ad76 for 137360ms e419d203-ae84-45b4-a349-326cccf7322d for 137360ms
2019-09-12 06:02:25,698 [org.apache.ratis.server.impl.LogAppender$AppenderDaemon$$Lambda$547/1589537345@57e996e8] ERROR ratis.XceiverServerRatis (XceiverServerRatis.java:triggerPipelineClose(568)) - pipeline Action CLOSE  on pipeline PipelineID=0700555e-d407-47f7-9b9f-0077ce01de48.Reason : 300524ac-6f40-4001-8852-e3bc017e7a2d has not seen follower/s 63029d58-985e-44b6-b8f1-28f19ea5ad76 for 137361ms e419d203-ae84-45b4-a349-326cccf7322d for 137361ms
2019-09-12 06:02:25,700 [EventQueue-PipelineActionsForPipelineActionHandler] ERROR pipeline.PipelineActionHandler (PipelineActionHandler.java:onMessage(60)) - Received pipeline action CLOSE for Pipeline[ Id: 0700555e-d407-47f7-9b9f-0077ce01de48, Nodes: 63029d58-985e-44b6-b8f1-28f19ea5ad76{ip: 192.168.34.52, host: trunk-nightly-20190912-4gc2t-2068889165, networkLocation: /default-rack, certSerialId: null}e419d203-ae84-45b4-a349-326cccf7322d{ip: 192.168.34.52, host: trunk-nightly-20190912-4gc2t-2068889165, networkLocation: /default-rack, certSerialId: null}300524ac-6f40-4001-8852-e3bc017e7a2d{ip: 192.168.34.52, host: trunk-nightly-20190912-4gc2t-2068889165, networkLocation: /default-rack, certSerialId: null}, Type:RATIS, Factor:THREE, State:CLOSED] from datanode 300524ac-6f40-4001-8852-e3bc017e7a2d{ip: 192.168.34.52, host: trunk-nightly-20190912-4gc2t-2068889165, networkLocation: /default-rack, certSerialId: null}. Reason : 300524ac-6f40-4001-8852-e3bc017e7a2d has not seen follower/s 63029d58-985e-44b6-b8f1-28f19ea5ad76 for 137360ms e419d203-ae84-45b4-a349-326cccf7322d for 137360ms
2019-09-12 06:02:25,700 [EventQueue-PipelineActionsForPipelineActionHandler] INFO  pipeline.SCMPipelineManager (SCMPipelineManager.java:finalizeAndDestroyPipeline(311)) - destroying pipeline:Pipeline[ Id: 0700555e-d407-47f7-9b9f-0077ce01de48, Nodes: 63029d58-985e-44b6-b8f1-28f19ea5ad76{ip: 192.168.34.52, host: trunk-nightly-20190912-4gc2t-2068889165, networkLocation: /default-rack, certSerialId: null}e419d203-ae84-45b4-a349-326cccf7322d{ip: 192.168.34.52, host: trunk-nightly-20190912-4gc2t-2068889165, networkLocation: /default-rack, certSerialId: null}300524ac-6f40-4001-8852-e3bc017e7a2d{ip: 192.168.34.52, host: trunk-nightly-20190912-4gc2t-2068889165, networkLocation: /default-rack, certSerialId: null}, Type:RATIS, Factor:THREE, State:CLOSED]
2019-09-12 06:02:26,197 [java.util.concurrent.ThreadPoolExecutor$Worker@44961301[State = -1, empty queue]] WARN  server.GrpcLogAppender (GrpcLogAppender.java:timeoutAppendRequest(200)) - 300524ac-6f40-4001-8852-e3bc017e7a2d@group-0077CE01DE48->e419d203-ae84-45b4-a349-326cccf7322d-GrpcLogAppender: appendEntries Timeout, request=300524ac-6f40-4001-8852-e3bc017e7a2d->e419d203-ae84-45b4-a349-326cccf7322d#143-t1, previous=(t:1, i:14), leaderCommit=10, initializing? false, entries: <empty>
2019-09-12 06:02:26,197 [java.util.concurrent.ThreadPoolExecutor$Worker@31a3eae4[State = -1, empty queue]] WARN  server.GrpcLogAppender (GrpcLogAppender.java:timeoutAppendRequest(200)) - 300524ac-6f40-4001-8852-e3bc017e7a2d@group-0077CE01DE48->63029d58-985e-44b6-b8f1-28f19ea5ad76-GrpcLogAppender: appendEntries Timeout, request=300524ac-6f40-4001-8852-e3bc017e7a2d->63029d58-985e-44b6-b8f1-28f19ea5ad76#143-t1, previous=(t:1, i:14), leaderCommit=10, initializing? false, entries: <empty>
2019-09-12 06:02:28,199 [org.apache.ratis.server.impl.LogAppender$AppenderDaemon$$Lambda$547/1589537345@35f95088] ERROR ratis.XceiverServerRatis (XceiverServerRatis.java:triggerPipelineClose(568)) - pipeline Action CLOSE  on pipeline PipelineID=0700555e-d407-47f7-9b9f-0077ce01de48.Reason : 300524ac-6f40-4001-8852-e3bc017e7a2d has not seen follower/s 63029d58-985e-44b6-b8f1-28f19ea5ad76 for 139861ms e419d203-ae84-45b4-a349-326cccf7322d for 139861ms
2019-09-12 06:02:28,199 [org.apache.ratis.server.impl.LogAppender$AppenderDaemon$$Lambda$547/1589537345@57e996e8] ERROR ratis.XceiverServerRatis (XceiverServerRatis.java:triggerPipelineClose(568)) - pipeline Action CLOSE  on pipeline PipelineID=0700555e-d407-47f7-9b9f-0077ce01de48.Reason : 300524ac-6f40-4001-8852-e3bc017e7a2d has not seen follower/s 63029d58-985e-44b6-b8f1-28f19ea5ad76 for 139861ms e419d203-ae84-45b4-a349-326cccf7322d for 139861ms
2019-09-12 06:02:28,572 [63029d58-985e-44b6-b8f1-28f19ea5ad76@group-0077CE01DE48-SegmentedRaftLogWorker] WARN  segmented.SegmentedRaftLogWorker (SegmentedRaftLogWorker.java:getFromFuture(90)) - Timeout 13/~
org.apache.ratis.protocol.TimeoutIOException: Timeout 10s: WriteLog:11: (t:1, i:11), STATEMACHINELOGENTRY, client-A49E3A1ED208, cid=32-writeStateMachineData
	at org.apache.ratis.util.IOUtils.getFromFuture(IOUtils.java:87)
	at org.apache.ratis.server.raftlog.segmented.SegmentedRaftLogWorker$StateMachineDataPolicy.getFromFuture(SegmentedRaftLogWorker.java:87)
	at org.apache.ratis.server.raftlog.segmented.SegmentedRaftLogWorker$WriteLog.execute(SegmentedRaftLogWorker.java:477)
	at org.apache.ratis.server.raftlog.segmented.SegmentedRaftLogWorker.run(SegmentedRaftLogWorker.java:289)
	at java.lang.Thread.run(Thread.java:748)
Caused by: java.util.concurrent.TimeoutException
	at java.util.concurrent.CompletableFuture.timedGet(CompletableFuture.java:1771)
	at java.util.concurrent.CompletableFuture.get(CompletableFuture.java:1915)
	at org.apache.ratis.util.IOUtils.getFromFuture(IOUtils.java:79)
	... 4 more
2019-09-12 06:02:28,583 [e419d203-ae84-45b4-a349-326cccf7322d@group-0077CE01DE48-SegmentedRaftLogWorker] WARN  segmented.SegmentedRaftLogWorker (SegmentedRaftLogWorker.java:getFromFuture(90)) - Timeout 13/~
org.apache.ratis.protocol.TimeoutIOException: Timeout 10s: WriteLog:11: (t:1, i:11), STATEMACHINELOGENTRY, client-A49E3A1ED208, cid=32-writeStateMachineData
	at org.apache.ratis.util.IOUtils.getFromFuture(IOUtils.java:87)
	at org.apache.ratis.server.raftlog.segmented.SegmentedRaftLogWorker$StateMachineDataPolicy.getFromFuture(SegmentedRaftLogWorker.java:87)
	at org.apache.ratis.server.raftlog.segmented.SegmentedRaftLogWorker$WriteLog.execute(SegmentedRaftLogWorker.java:477)
	at org.apache.ratis.server.raftlog.segmented.SegmentedRaftLogWorker.run(SegmentedRaftLogWorker.java:289)
	at java.lang.Thread.run(Thread.java:748)
Caused by: java.util.concurrent.TimeoutException
	at java.util.concurrent.CompletableFuture.timedGet(CompletableFuture.java:1771)
	at java.util.concurrent.CompletableFuture.get(CompletableFuture.java:1915)
	at org.apache.ratis.util.IOUtils.getFromFuture(IOUtils.java:79)
	... 4 more
2019-09-12 06:02:28,686 [300524ac-6f40-4001-8852-e3bc017e7a2d@group-0077CE01DE48-SegmentedRaftLogWorker] WARN  segmented.SegmentedRaftLogWorker (SegmentedRaftLogWorker.java:getFromFuture(90)) - Timeout 13/~
org.apache.ratis.protocol.TimeoutIOException: Timeout 10s: WriteLog:12: (t:1, i:12), STATEMACHINELOGENTRY, client-A49E3A1ED208, cid=33-writeStateMachineData
	at org.apache.ratis.util.IOUtils.getFromFuture(IOUtils.java:87)
	at org.apache.ratis.server.raftlog.segmented.SegmentedRaftLogWorker$StateMachineDataPolicy.getFromFuture(SegmentedRaftLogWorker.java:87)
	at org.apache.ratis.server.raftlog.segmented.SegmentedRaftLogWorker$WriteLog.execute(SegmentedRaftLogWorker.java:477)
	at org.apache.ratis.server.raftlog.segmented.SegmentedRaftLogWorker.run(SegmentedRaftLogWorker.java:289)
	at java.lang.Thread.run(Thread.java:748)
Caused by: java.util.concurrent.TimeoutException
	at java.util.concurrent.CompletableFuture.timedGet(CompletableFuture.java:1771)
	at java.util.concurrent.CompletableFuture.get(CompletableFuture.java:1915)
	at org.apache.ratis.util.IOUtils.getFromFuture(IOUtils.java:79)
	... 4 more
2019-09-12 06:02:28,698 [java.util.concurrent.ThreadPoolExecutor$Worker@44961301[State = -1, empty queue]] WARN  server.GrpcLogAppender (GrpcLogAppender.java:timeoutAppendRequest(200)) - 300524ac-6f40-4001-8852-e3bc017e7a2d@group-0077CE01DE48->e419d203-ae84-45b4-a349-326cccf7322d-GrpcLogAppender: appendEntries Timeout, request=300524ac-6f40-4001-8852-e3bc017e7a2d->e419d203-ae84-45b4-a349-326cccf7322d#144-t1, previous=(t:1, i:14), leaderCommit=10, initializing? false, entries: <empty>
2019-09-12 06:02:28,698 [java.util.concurrent.ThreadPoolExecutor$Worker@31a3eae4[State = -1, empty queue]] WARN  server.GrpcLogAppender (GrpcLogAppender.java:timeoutAppendRequest(200)) - 300524ac-6f40-4001-8852-e3bc017e7a2d@group-0077CE01DE48->63029d58-985e-44b6-b8f1-28f19ea5ad76-GrpcLogAppender: appendEntries Timeout, request=300524ac-6f40-4001-8852-e3bc017e7a2d->63029d58-985e-44b6-b8f1-28f19ea5ad76#144-t1, previous=(t:1, i:14), leaderCommit=10, initializing? false, entries: <empty>
2019-09-12 06:02:28,699 [EventQueue-PipelineActionsForPipelineActionHandler] ERROR pipeline.PipelineActionHandler (PipelineActionHandler.java:onMessage(60)) - Received pipeline action CLOSE for Pipeline[ Id: 0700555e-d407-47f7-9b9f-0077ce01de48, Nodes: 63029d58-985e-44b6-b8f1-28f19ea5ad76{ip: 192.168.34.52, host: trunk-nightly-20190912-4gc2t-2068889165, networkLocation: /default-rack, certSerialId: null}e419d203-ae84-45b4-a349-326cccf7322d{ip: 192.168.34.52, host: trunk-nightly-20190912-4gc2t-2068889165, networkLocation: /default-rack, certSerialId: null}300524ac-6f40-4001-8852-e3bc017e7a2d{ip: 192.168.34.52, host: trunk-nightly-20190912-4gc2t-2068889165, networkLocation: /default-rack, certSerialId: null}, Type:RATIS, Factor:THREE, State:CLOSED] from datanode 300524ac-6f40-4001-8852-e3bc017e7a2d{ip: 192.168.34.52, host: trunk-nightly-20190912-4gc2t-2068889165, networkLocation: /default-rack, certSerialId: null}. Reason : 300524ac-6f40-4001-8852-e3bc017e7a2d has not seen follower/s 63029d58-985e-44b6-b8f1-28f19ea5ad76 for 139861ms e419d203-ae84-45b4-a349-326cccf7322d for 139861ms
2019-09-12 06:02:28,699 [EventQueue-PipelineActionsForPipelineActionHandler] INFO  pipeline.SCMPipelineManager (SCMPipelineManager.java:finalizeAndDestroyPipeline(311)) - destroying pipeline:Pipeline[ Id: 0700555e-d407-47f7-9b9f-0077ce01de48, Nodes: 63029d58-985e-44b6-b8f1-28f19ea5ad76{ip: 192.168.34.52, host: trunk-nightly-20190912-4gc2t-2068889165, networkLocation: /default-rack, certSerialId: null}e419d203-ae84-45b4-a349-326cccf7322d{ip: 192.168.34.52, host: trunk-nightly-20190912-4gc2t-2068889165, networkLocation: /default-rack, certSerialId: null}300524ac-6f40-4001-8852-e3bc017e7a2d{ip: 192.168.34.52, host: trunk-nightly-20190912-4gc2t-2068889165, networkLocation: /default-rack, certSerialId: null}, Type:RATIS, Factor:THREE, State:CLOSED]
2019-09-12 06:02:29,755 [grpc-default-executor-3] INFO  client.GrpcClientProtocolClient (GrpcClientProtocolClient.java:onNext(264)) - client-A49E3A1ED208->e419d203-ae84-45b4-a349-326cccf7322d: receive RaftClientReply:client-A49E3A1ED208->e419d203-ae84-45b4-a349-326cccf7322d@group-0077CE01DE48, cid=32, FAILED org.apache.ratis.protocol.NotLeaderException: Server e419d203-ae84-45b4-a349-326cccf7322d@group-0077CE01DE48 is not the leader 300524ac-6f40-4001-8852-e3bc017e7a2d:192.168.34.52:35783, logIndex=0, commits[e419d203-ae84-45b4-a349-326cccf7322d:c10, 63029d58-985e-44b6-b8f1-28f19ea5ad76:c6, 300524ac-6f40-4001-8852-e3bc017e7a2d:c10]
2019-09-12 06:02:30,699 [org.apache.ratis.server.impl.LogAppender$AppenderDaemon$$Lambda$547/1589537345@35f95088] ERROR ratis.XceiverServerRatis (XceiverServerRatis.java:triggerPipelineClose(568)) - pipeline Action CLOSE  on pipeline PipelineID=0700555e-d407-47f7-9b9f-0077ce01de48.Reason : 300524ac-6f40-4001-8852-e3bc017e7a2d has not seen follower/s 63029d58-985e-44b6-b8f1-28f19ea5ad76 for 142362ms e419d203-ae84-45b4-a349-326cccf7322d for 142362ms
2019-09-12 06:02:30,700 [org.apache.ratis.server.impl.LogAppender$AppenderDaemon$$Lambda$547/1589537345@57e996e8] ERROR ratis.XceiverServerRatis (XceiverServerRatis.java:triggerPipelineClose(568)) - pipeline Action CLOSE  on pipeline PipelineID=0700555e-d407-47f7-9b9f-0077ce01de48.Reason : 300524ac-6f40-4001-8852-e3bc017e7a2d has not seen follower/s 63029d58-985e-44b6-b8f1-28f19ea5ad76 for 142362ms e419d203-ae84-45b4-a349-326cccf7322d for 142362ms
2019-09-12 06:02:31,199 [java.util.concurrent.ThreadPoolExecutor$Worker@44961301[State = -1, empty queue]] WARN  server.GrpcLogAppender (GrpcLogAppender.java:timeoutAppendRequest(200)) - 300524ac-6f40-4001-8852-e3bc017e7a2d@group-0077CE01DE48->e419d203-ae84-45b4-a349-326cccf7322d-GrpcLogAppender: appendEntries Timeout, request=300524ac-6f40-4001-8852-e3bc017e7a2d->e419d203-ae84-45b4-a349-326cccf7322d#145-t1, previous=(t:1, i:14), leaderCommit=10, initializing? false, entries: <empty>
2019-09-12 06:02:31,199 [java.util.concurrent.ThreadPoolExecutor$Worker@31a3eae4[State = -1, empty queue]] WARN  server.GrpcLogAppender (GrpcLogAppender.java:timeoutAppendRequest(200)) - 300524ac-6f40-4001-8852-e3bc017e7a2d@group-0077CE01DE48->63029d58-985e-44b6-b8f1-28f19ea5ad76-GrpcLogAppender: appendEntries Timeout, request=300524ac-6f40-4001-8852-e3bc017e7a2d->63029d58-985e-44b6-b8f1-28f19ea5ad76#145-t1, previous=(t:1, i:14), leaderCommit=10, initializing? false, entries: <empty>
2019-09-12 06:02:31,701 [EventQueue-PipelineActionsForPipelineActionHandler] ERROR pipeline.PipelineActionHandler (PipelineActionHandler.java:onMessage(60)) - Received pipeline action CLOSE for Pipeline[ Id: 0700555e-d407-47f7-9b9f-0077ce01de48, Nodes: 63029d58-985e-44b6-b8f1-28f19ea5ad76{ip: 192.168.34.52, host: trunk-nightly-20190912-4gc2t-2068889165, networkLocation: /default-rack, certSerialId: null}e419d203-ae84-45b4-a349-326cccf7322d{ip: 192.168.34.52, host: trunk-nightly-20190912-4gc2t-2068889165, networkLocation: /default-rack, certSerialId: null}300524ac-6f40-4001-8852-e3bc017e7a2d{ip: 192.168.34.52, host: trunk-nightly-20190912-4gc2t-2068889165, networkLocation: /default-rack, certSerialId: null}, Type:RATIS, Factor:THREE, State:CLOSED] from datanode 300524ac-6f40-4001-8852-e3bc017e7a2d{ip: 192.168.34.52, host: trunk-nightly-20190912-4gc2t-2068889165, networkLocation: /default-rack, certSerialId: null}. Reason : 300524ac-6f40-4001-8852-e3bc017e7a2d has not seen follower/s 63029d58-985e-44b6-b8f1-28f19ea5ad76 for 142362ms e419d203-ae84-45b4-a349-326cccf7322d for 142362ms
2019-09-12 06:02:31,701 [EventQueue-PipelineActionsForPipelineActionHandler] INFO  pipeline.SCMPipelineManager (SCMPipelineManager.java:finalizeAndDestroyPipeline(311)) - destroying pipeline:Pipeline[ Id: 0700555e-d407-47f7-9b9f-0077ce01de48, Nodes: 63029d58-985e-44b6-b8f1-28f19ea5ad76{ip: 192.168.34.52, host: trunk-nightly-20190912-4gc2t-2068889165, networkLocation: /default-rack, certSerialId: null}e419d203-ae84-45b4-a349-326cccf7322d{ip: 192.168.34.52, host: trunk-nightly-20190912-4gc2t-2068889165, networkLocation: /default-rack, certSerialId: null}300524ac-6f40-4001-8852-e3bc017e7a2d{ip: 192.168.34.52, host: trunk-nightly-20190912-4gc2t-2068889165, networkLocation: /default-rack, certSerialId: null}, Type:RATIS, Factor:THREE, State:CLOSED]
2019-09-12 06:02:33,200 [org.apache.ratis.server.impl.LogAppender$AppenderDaemon$$Lambda$547/1589537345@35f95088] ERROR ratis.XceiverServerRatis (XceiverServerRatis.java:triggerPipelineClose(568)) - pipeline Action CLOSE  on pipeline PipelineID=0700555e-d407-47f7-9b9f-0077ce01de48.Reason : 300524ac-6f40-4001-8852-e3bc017e7a2d has not seen follower/s 63029d58-985e-44b6-b8f1-28f19ea5ad76 for 144863ms e419d203-ae84-45b4-a349-326cccf7322d for 144863ms
2019-09-12 06:02:33,200 [org.apache.ratis.server.impl.LogAppender$AppenderDaemon$$Lambda$547/1589537345@57e996e8] ERROR ratis.XceiverServerRatis (XceiverServerRatis.java:triggerPipelineClose(568)) - pipeline Action CLOSE  on pipeline PipelineID=0700555e-d407-47f7-9b9f-0077ce01de48.Reason : 300524ac-6f40-4001-8852-e3bc017e7a2d has not seen follower/s 63029d58-985e-44b6-b8f1-28f19ea5ad76 for 144863ms e419d203-ae84-45b4-a349-326cccf7322d for 144863ms
2019-09-12 06:02:33,699 [java.util.concurrent.ThreadPoolExecutor$Worker@44961301[State = -1, empty queue]] WARN  server.GrpcLogAppender (GrpcLogAppender.java:timeoutAppendRequest(200)) - 300524ac-6f40-4001-8852-e3bc017e7a2d@group-0077CE01DE48->e419d203-ae84-45b4-a349-326cccf7322d-GrpcLogAppender: appendEntries Timeout, request=300524ac-6f40-4001-8852-e3bc017e7a2d->e419d203-ae84-45b4-a349-326cccf7322d#146-t1, previous=(t:1, i:14), leaderCommit=10, initializing? false, entries: <empty>
2019-09-12 06:02:33,700 [java.util.concurrent.ThreadPoolExecutor$Worker@31a3eae4[State = -1, empty queue]] WARN  server.GrpcLogAppender (GrpcLogAppender.java:timeoutAppendRequest(200)) - 300524ac-6f40-4001-8852-e3bc017e7a2d@group-0077CE01DE48->63029d58-985e-44b6-b8f1-28f19ea5ad76-GrpcLogAppender: appendEntries Timeout, request=300524ac-6f40-4001-8852-e3bc017e7a2d->63029d58-985e-44b6-b8f1-28f19ea5ad76#146-t1, previous=(t:1, i:14), leaderCommit=10, initializing? false, entries: <empty>
2019-09-12 06:02:33,701 [EventQueue-PipelineActionsForPipelineActionHandler] ERROR pipeline.PipelineActionHandler (PipelineActionHandler.java:onMessage(60)) - Received pipeline action CLOSE for Pipeline[ Id: 0700555e-d407-47f7-9b9f-0077ce01de48, Nodes: 63029d58-985e-44b6-b8f1-28f19ea5ad76{ip: 192.168.34.52, host: trunk-nightly-20190912-4gc2t-2068889165, networkLocation: /default-rack, certSerialId: null}e419d203-ae84-45b4-a349-326cccf7322d{ip: 192.168.34.52, host: trunk-nightly-20190912-4gc2t-2068889165, networkLocation: /default-rack, certSerialId: null}300524ac-6f40-4001-8852-e3bc017e7a2d{ip: 192.168.34.52, host: trunk-nightly-20190912-4gc2t-2068889165, networkLocation: /default-rack, certSerialId: null}, Type:RATIS, Factor:THREE, State:CLOSED] from datanode 300524ac-6f40-4001-8852-e3bc017e7a2d{ip: 192.168.34.52, host: trunk-nightly-20190912-4gc2t-2068889165, networkLocation: /default-rack, certSerialId: null}. Reason : 300524ac-6f40-4001-8852-e3bc017e7a2d has not seen follower/s 63029d58-985e-44b6-b8f1-28f19ea5ad76 for 144863ms e419d203-ae84-45b4-a349-326cccf7322d for 144863ms
2019-09-12 06:02:33,701 [EventQueue-PipelineActionsForPipelineActionHandler] INFO  pipeline.SCMPipelineManager (SCMPipelineManager.java:finalizeAndDestroyPipeline(311)) - destroying pipeline:Pipeline[ Id: 0700555e-d407-47f7-9b9f-0077ce01de48, Nodes: 63029d58-985e-44b6-b8f1-28f19ea5ad76{ip: 192.168.34.52, host: trunk-nightly-20190912-4gc2t-2068889165, networkLocation: /default-rack, certSerialId: null}e419d203-ae84-45b4-a349-326cccf7322d{ip: 192.168.34.52, host: trunk-nightly-20190912-4gc2t-2068889165, networkLocation: /default-rack, certSerialId: null}300524ac-6f40-4001-8852-e3bc017e7a2d{ip: 192.168.34.52, host: trunk-nightly-20190912-4gc2t-2068889165, networkLocation: /default-rack, certSerialId: null}, Type:RATIS, Factor:THREE, State:CLOSED]
2019-09-12 06:02:34,811 [grpc-default-executor-3] INFO  client.GrpcClientProtocolClient (GrpcClientProtocolClient.java:onNext(264)) - client-A49E3A1ED208->63029d58-985e-44b6-b8f1-28f19ea5ad76: receive RaftClientReply:client-A49E3A1ED208->63029d58-985e-44b6-b8f1-28f19ea5ad76@group-0077CE01DE48, cid=32, FAILED org.apache.ratis.protocol.NotLeaderException: Server 63029d58-985e-44b6-b8f1-28f19ea5ad76@group-0077CE01DE48 is not the leader 300524ac-6f40-4001-8852-e3bc017e7a2d:192.168.34.52:35783, logIndex=0, commits[63029d58-985e-44b6-b8f1-28f19ea5ad76:c10, 300524ac-6f40-4001-8852-e3bc017e7a2d:c10, e419d203-ae84-45b4-a349-326cccf7322d:c6]
2019-09-12 06:02:35,701 [org.apache.ratis.server.impl.LogAppender$AppenderDaemon$$Lambda$547/1589537345@35f95088] ERROR ratis.XceiverServerRatis (XceiverServerRatis.java:triggerPipelineClose(568)) - pipeline Action CLOSE  on pipeline PipelineID=0700555e-d407-47f7-9b9f-0077ce01de48.Reason : 300524ac-6f40-4001-8852-e3bc017e7a2d has not seen follower/s 63029d58-985e-44b6-b8f1-28f19ea5ad76 for 147363ms e419d203-ae84-45b4-a349-326cccf7322d for 147363ms
2019-09-12 06:02:35,701 [org.apache.ratis.server.impl.LogAppender$AppenderDaemon$$Lambda$547/1589537345@57e996e8] ERROR ratis.XceiverServerRatis (XceiverServerRatis.java:triggerPipelineClose(568)) - pipeline Action CLOSE  on pipeline PipelineID=0700555e-d407-47f7-9b9f-0077ce01de48.Reason : 300524ac-6f40-4001-8852-e3bc017e7a2d has not seen follower/s 63029d58-985e-44b6-b8f1-28f19ea5ad76 for 147364ms e419d203-ae84-45b4-a349-326cccf7322d for 147364ms
2019-09-12 06:02:36,200 [java.util.concurrent.ThreadPoolExecutor$Worker@44961301[State = -1, empty queue]] WARN  server.GrpcLogAppender (GrpcLogAppender.java:timeoutAppendRequest(200)) - 300524ac-6f40-4001-8852-e3bc017e7a2d@group-0077CE01DE48->e419d203-ae84-45b4-a349-326cccf7322d-GrpcLogAppender: appendEntries Timeout, request=300524ac-6f40-4001-8852-e3bc017e7a2d->e419d203-ae84-45b4-a349-326cccf7322d#147-t1, previous=(t:1, i:14), leaderCommit=10, initializing? false, entries: <empty>
2019-09-12 06:02:36,200 [java.util.concurrent.ThreadPoolExecutor$Worker@31a3eae4[State = -1, empty queue]] WARN  server.GrpcLogAppender (GrpcLogAppender.java:timeoutAppendRequest(200)) - 300524ac-6f40-4001-8852-e3bc017e7a2d@group-0077CE01DE48->63029d58-985e-44b6-b8f1-28f19ea5ad76-GrpcLogAppender: appendEntries Timeout, request=300524ac-6f40-4001-8852-e3bc017e7a2d->63029d58-985e-44b6-b8f1-28f19ea5ad76#147-t1, previous=(t:1, i:14), leaderCommit=10, initializing? false, entries: <empty>
2019-09-12 06:02:36,701 [EventQueue-PipelineActionsForPipelineActionHandler] ERROR pipeline.PipelineActionHandler (PipelineActionHandler.java:onMessage(60)) - Received pipeline action CLOSE for Pipeline[ Id: 0700555e-d407-47f7-9b9f-0077ce01de48, Nodes: 63029d58-985e-44b6-b8f1-28f19ea5ad76{ip: 192.168.34.52, host: trunk-nightly-20190912-4gc2t-2068889165, networkLocation: /default-rack, certSerialId: null}e419d203-ae84-45b4-a349-326cccf7322d{ip: 192.168.34.52, host: trunk-nightly-20190912-4gc2t-2068889165, networkLocation: /default-rack, certSerialId: null}300524ac-6f40-4001-8852-e3bc017e7a2d{ip: 192.168.34.52, host: trunk-nightly-20190912-4gc2t-2068889165, networkLocation: /default-rack, certSerialId: null}, Type:RATIS, Factor:THREE, State:CLOSED] from datanode 300524ac-6f40-4001-8852-e3bc017e7a2d{ip: 192.168.34.52, host: trunk-nightly-20190912-4gc2t-2068889165, networkLocation: /default-rack, certSerialId: null}. Reason : 300524ac-6f40-4001-8852-e3bc017e7a2d has not seen follower/s 63029d58-985e-44b6-b8f1-28f19ea5ad76 for 147363ms e419d203-ae84-45b4-a349-326cccf7322d for 147363ms
2019-09-12 06:02:36,701 [EventQueue-PipelineActionsForPipelineActionHandler] INFO  pipeline.SCMPipelineManager (SCMPipelineManager.java:finalizeAndDestroyPipeline(311)) - destroying pipeline:Pipeline[ Id: 0700555e-d407-47f7-9b9f-0077ce01de48, Nodes: 63029d58-985e-44b6-b8f1-28f19ea5ad76{ip: 192.168.34.52, host: trunk-nightly-20190912-4gc2t-2068889165, networkLocation: /default-rack, certSerialId: null}e419d203-ae84-45b4-a349-326cccf7322d{ip: 192.168.34.52, host: trunk-nightly-20190912-4gc2t-2068889165, networkLocation: /default-rack, certSerialId: null}300524ac-6f40-4001-8852-e3bc017e7a2d{ip: 192.168.34.52, host: trunk-nightly-20190912-4gc2t-2068889165, networkLocation: /default-rack, certSerialId: null}, Type:RATIS, Factor:THREE, State:CLOSED]
2019-09-12 06:02:38,202 [org.apache.ratis.server.impl.LogAppender$AppenderDaemon$$Lambda$547/1589537345@35f95088] ERROR ratis.XceiverServerRatis (XceiverServerRatis.java:triggerPipelineClose(568)) - pipeline Action CLOSE  on pipeline PipelineID=0700555e-d407-47f7-9b9f-0077ce01de48.Reason : 300524ac-6f40-4001-8852-e3bc017e7a2d has not seen follower/s 63029d58-985e-44b6-b8f1-28f19ea5ad76 for 149864ms e419d203-ae84-45b4-a349-326cccf7322d for 149864ms
2019-09-12 06:02:38,202 [org.apache.ratis.server.impl.LogAppender$AppenderDaemon$$Lambda$547/1589537345@57e996e8] ERROR ratis.XceiverServerRatis (XceiverServerRatis.java:triggerPipelineClose(568)) - pipeline Action CLOSE  on pipeline PipelineID=0700555e-d407-47f7-9b9f-0077ce01de48.Reason : 300524ac-6f40-4001-8852-e3bc017e7a2d has not seen follower/s 63029d58-985e-44b6-b8f1-28f19ea5ad76 for 149864ms e419d203-ae84-45b4-a349-326cccf7322d for 149864ms
2019-09-12 06:02:38,572 [63029d58-985e-44b6-b8f1-28f19ea5ad76@group-0077CE01DE48-SegmentedRaftLogWorker] WARN  segmented.SegmentedRaftLogWorker (SegmentedRaftLogWorker.java:getFromFuture(90)) - Timeout 14/~
org.apache.ratis.protocol.TimeoutIOException: Timeout 10s: WriteLog:11: (t:1, i:11), STATEMACHINELOGENTRY, client-A49E3A1ED208, cid=32-writeStateMachineData
	at org.apache.ratis.util.IOUtils.getFromFuture(IOUtils.java:87)
	at org.apache.ratis.server.raftlog.segmented.SegmentedRaftLogWorker$StateMachineDataPolicy.getFromFuture(SegmentedRaftLogWorker.java:87)
	at org.apache.ratis.server.raftlog.segmented.SegmentedRaftLogWorker$WriteLog.execute(SegmentedRaftLogWorker.java:477)
	at org.apache.ratis.server.raftlog.segmented.SegmentedRaftLogWorker.run(SegmentedRaftLogWorker.java:289)
	at java.lang.Thread.run(Thread.java:748)
Caused by: java.util.concurrent.TimeoutException
	at java.util.concurrent.CompletableFuture.timedGet(CompletableFuture.java:1771)
	at java.util.concurrent.CompletableFuture.get(CompletableFuture.java:1915)
	at org.apache.ratis.util.IOUtils.getFromFuture(IOUtils.java:79)
	... 4 more
2019-09-12 06:02:38,584 [e419d203-ae84-45b4-a349-326cccf7322d@group-0077CE01DE48-SegmentedRaftLogWorker] WARN  segmented.SegmentedRaftLogWorker (SegmentedRaftLogWorker.java:getFromFuture(90)) - Timeout 14/~
org.apache.ratis.protocol.TimeoutIOException: Timeout 10s: WriteLog:11: (t:1, i:11), STATEMACHINELOGENTRY, client-A49E3A1ED208, cid=32-writeStateMachineData
	at org.apache.ratis.util.IOUtils.getFromFuture(IOUtils.java:87)
	at org.apache.ratis.server.raftlog.segmented.SegmentedRaftLogWorker$StateMachineDataPolicy.getFromFuture(SegmentedRaftLogWorker.java:87)
	at org.apache.ratis.server.raftlog.segmented.SegmentedRaftLogWorker$WriteLog.execute(SegmentedRaftLogWorker.java:477)
	at org.apache.ratis.server.raftlog.segmented.SegmentedRaftLogWorker.run(SegmentedRaftLogWorker.java:289)
	at java.lang.Thread.run(Thread.java:748)
Caused by: java.util.concurrent.TimeoutException
	at java.util.concurrent.CompletableFuture.timedGet(CompletableFuture.java:1771)
	at java.util.concurrent.CompletableFuture.get(CompletableFuture.java:1915)
	at org.apache.ratis.util.IOUtils.getFromFuture(IOUtils.java:79)
	... 4 more
2019-09-12 06:02:38,686 [300524ac-6f40-4001-8852-e3bc017e7a2d@group-0077CE01DE48-SegmentedRaftLogWorker] WARN  segmented.SegmentedRaftLogWorker (SegmentedRaftLogWorker.java:getFromFuture(90)) - Timeout 14/~
org.apache.ratis.protocol.TimeoutIOException: Timeout 10s: WriteLog:12: (t:1, i:12), STATEMACHINELOGENTRY, client-A49E3A1ED208, cid=33-writeStateMachineData
	at org.apache.ratis.util.IOUtils.getFromFuture(IOUtils.java:87)
	at org.apache.ratis.server.raftlog.segmented.SegmentedRaftLogWorker$StateMachineDataPolicy.getFromFuture(SegmentedRaftLogWorker.java:87)
	at org.apache.ratis.server.raftlog.segmented.SegmentedRaftLogWorker$WriteLog.execute(SegmentedRaftLogWorker.java:477)
	at org.apache.ratis.server.raftlog.segmented.SegmentedRaftLogWorker.run(SegmentedRaftLogWorker.java:289)
	at java.lang.Thread.run(Thread.java:748)
Caused by: java.util.concurrent.TimeoutException
	at java.util.concurrent.CompletableFuture.timedGet(CompletableFuture.java:1771)
	at java.util.concurrent.CompletableFuture.get(CompletableFuture.java:1915)
	at org.apache.ratis.util.IOUtils.getFromFuture(IOUtils.java:79)
	... 4 more
2019-09-12 06:02:38,701 [EventQueue-PipelineActionsForPipelineActionHandler] ERROR pipeline.PipelineActionHandler (PipelineActionHandler.java:onMessage(60)) - Received pipeline action CLOSE for Pipeline[ Id: 0700555e-d407-47f7-9b9f-0077ce01de48, Nodes: 63029d58-985e-44b6-b8f1-28f19ea5ad76{ip: 192.168.34.52, host: trunk-nightly-20190912-4gc2t-2068889165, networkLocation: /default-rack, certSerialId: null}e419d203-ae84-45b4-a349-326cccf7322d{ip: 192.168.34.52, host: trunk-nightly-20190912-4gc2t-2068889165, networkLocation: /default-rack, certSerialId: null}300524ac-6f40-4001-8852-e3bc017e7a2d{ip: 192.168.34.52, host: trunk-nightly-20190912-4gc2t-2068889165, networkLocation: /default-rack, certSerialId: null}, Type:RATIS, Factor:THREE, State:CLOSED] from datanode 300524ac-6f40-4001-8852-e3bc017e7a2d{ip: 192.168.34.52, host: trunk-nightly-20190912-4gc2t-2068889165, networkLocation: /default-rack, certSerialId: null}. Reason : 300524ac-6f40-4001-8852-e3bc017e7a2d has not seen follower/s 63029d58-985e-44b6-b8f1-28f19ea5ad76 for 149864ms e419d203-ae84-45b4-a349-326cccf7322d for 149864ms
2019-09-12 06:02:38,701 [EventQueue-PipelineActionsForPipelineActionHandler] INFO  pipeline.SCMPipelineManager (SCMPipelineManager.java:finalizeAndDestroyPipeline(311)) - destroying pipeline:Pipeline[ Id: 0700555e-d407-47f7-9b9f-0077ce01de48, Nodes: 63029d58-985e-44b6-b8f1-28f19ea5ad76{ip: 192.168.34.52, host: trunk-nightly-20190912-4gc2t-2068889165, networkLocation: /default-rack, certSerialId: null}e419d203-ae84-45b4-a349-326cccf7322d{ip: 192.168.34.52, host: trunk-nightly-20190912-4gc2t-2068889165, networkLocation: /default-rack, certSerialId: null}300524ac-6f40-4001-8852-e3bc017e7a2d{ip: 192.168.34.52, host: trunk-nightly-20190912-4gc2t-2068889165, networkLocation: /default-rack, certSerialId: null}, Type:RATIS, Factor:THREE, State:CLOSED]
2019-09-12 06:02:38,701 [java.util.concurrent.ThreadPoolExecutor$Worker@44961301[State = -1, empty queue]] WARN  server.GrpcLogAppender (GrpcLogAppender.java:timeoutAppendRequest(200)) - 300524ac-6f40-4001-8852-e3bc017e7a2d@group-0077CE01DE48->e419d203-ae84-45b4-a349-326cccf7322d-GrpcLogAppender: appendEntries Timeout, request=300524ac-6f40-4001-8852-e3bc017e7a2d->e419d203-ae84-45b4-a349-326cccf7322d#148-t1, previous=(t:1, i:14), leaderCommit=10, initializing? false, entries: <empty>
2019-09-12 06:02:38,701 [java.util.concurrent.ThreadPoolExecutor$Worker@31a3eae4[State = -1, empty queue]] WARN  server.GrpcLogAppender (GrpcLogAppender.java:timeoutAppendRequest(200)) - 300524ac-6f40-4001-8852-e3bc017e7a2d@group-0077CE01DE48->63029d58-985e-44b6-b8f1-28f19ea5ad76-GrpcLogAppender: appendEntries Timeout, request=300524ac-6f40-4001-8852-e3bc017e7a2d->63029d58-985e-44b6-b8f1-28f19ea5ad76#148-t1, previous=(t:1, i:14), leaderCommit=10, initializing? false, entries: <empty>
2019-09-12 06:02:39,850 [grpc-default-executor-3] INFO  client.GrpcClientProtocolClient (GrpcClientProtocolClient.java:onNext(264)) - client-A49E3A1ED208->e419d203-ae84-45b4-a349-326cccf7322d: receive RaftClientReply:client-A49E3A1ED208->e419d203-ae84-45b4-a349-326cccf7322d@group-0077CE01DE48, cid=32, FAILED org.apache.ratis.protocol.NotLeaderException: Server e419d203-ae84-45b4-a349-326cccf7322d@group-0077CE01DE48 is not the leader 300524ac-6f40-4001-8852-e3bc017e7a2d:192.168.34.52:35783, logIndex=0, commits[e419d203-ae84-45b4-a349-326cccf7322d:c10, 63029d58-985e-44b6-b8f1-28f19ea5ad76:c6, 300524ac-6f40-4001-8852-e3bc017e7a2d:c10]
2019-09-12 06:02:40,703 [org.apache.ratis.server.impl.LogAppender$AppenderDaemon$$Lambda$547/1589537345@35f95088] ERROR ratis.XceiverServerRatis (XceiverServerRatis.java:triggerPipelineClose(568)) - pipeline Action CLOSE  on pipeline PipelineID=0700555e-d407-47f7-9b9f-0077ce01de48.Reason : 300524ac-6f40-4001-8852-e3bc017e7a2d has not seen follower/s 63029d58-985e-44b6-b8f1-28f19ea5ad76 for 152365ms e419d203-ae84-45b4-a349-326cccf7322d for 152365ms
2019-09-12 06:02:40,703 [org.apache.ratis.server.impl.LogAppender$AppenderDaemon$$Lambda$547/1589537345@57e996e8] ERROR ratis.XceiverServerRatis (XceiverServerRatis.java:triggerPipelineClose(568)) - pipeline Action CLOSE  on pipeline PipelineID=0700555e-d407-47f7-9b9f-0077ce01de48.Reason : 300524ac-6f40-4001-8852-e3bc017e7a2d has not seen follower/s 63029d58-985e-44b6-b8f1-28f19ea5ad76 for 152365ms e419d203-ae84-45b4-a349-326cccf7322d for 152365ms
2019-09-12 06:02:41,202 [java.util.concurrent.ThreadPoolExecutor$Worker@44961301[State = -1, empty queue]] WARN  server.GrpcLogAppender (GrpcLogAppender.java:timeoutAppendRequest(200)) - 300524ac-6f40-4001-8852-e3bc017e7a2d@group-0077CE01DE48->e419d203-ae84-45b4-a349-326cccf7322d-GrpcLogAppender: appendEntries Timeout, request=300524ac-6f40-4001-8852-e3bc017e7a2d->e419d203-ae84-45b4-a349-326cccf7322d#149-t1, previous=(t:1, i:14), leaderCommit=10, initializing? false, entries: <empty>
2019-09-12 06:02:41,202 [java.util.concurrent.ThreadPoolExecutor$Worker@31a3eae4[State = -1, empty queue]] WARN  server.GrpcLogAppender (GrpcLogAppender.java:timeoutAppendRequest(200)) - 300524ac-6f40-4001-8852-e3bc017e7a2d@group-0077CE01DE48->63029d58-985e-44b6-b8f1-28f19ea5ad76-GrpcLogAppender: appendEntries Timeout, request=300524ac-6f40-4001-8852-e3bc017e7a2d->63029d58-985e-44b6-b8f1-28f19ea5ad76#149-t1, previous=(t:1, i:14), leaderCommit=10, initializing? false, entries: <empty>
2019-09-12 06:02:41,701 [EventQueue-PipelineActionsForPipelineActionHandler] ERROR pipeline.PipelineActionHandler (PipelineActionHandler.java:onMessage(60)) - Received pipeline action CLOSE for Pipeline[ Id: 0700555e-d407-47f7-9b9f-0077ce01de48, Nodes: 63029d58-985e-44b6-b8f1-28f19ea5ad76{ip: 192.168.34.52, host: trunk-nightly-20190912-4gc2t-2068889165, networkLocation: /default-rack, certSerialId: null}e419d203-ae84-45b4-a349-326cccf7322d{ip: 192.168.34.52, host: trunk-nightly-20190912-4gc2t-2068889165, networkLocation: /default-rack, certSerialId: null}300524ac-6f40-4001-8852-e3bc017e7a2d{ip: 192.168.34.52, host: trunk-nightly-20190912-4gc2t-2068889165, networkLocation: /default-rack, certSerialId: null}, Type:RATIS, Factor:THREE, State:CLOSED] from datanode 300524ac-6f40-4001-8852-e3bc017e7a2d{ip: 192.168.34.52, host: trunk-nightly-20190912-4gc2t-2068889165, networkLocation: /default-rack, certSerialId: null}. Reason : 300524ac-6f40-4001-8852-e3bc017e7a2d has not seen follower/s 63029d58-985e-44b6-b8f1-28f19ea5ad76 for 152365ms e419d203-ae84-45b4-a349-326cccf7322d for 152365ms
2019-09-12 06:02:41,701 [EventQueue-PipelineActionsForPipelineActionHandler] INFO  pipeline.SCMPipelineManager (SCMPipelineManager.java:finalizeAndDestroyPipeline(311)) - destroying pipeline:Pipeline[ Id: 0700555e-d407-47f7-9b9f-0077ce01de48, Nodes: 63029d58-985e-44b6-b8f1-28f19ea5ad76{ip: 192.168.34.52, host: trunk-nightly-20190912-4gc2t-2068889165, networkLocation: /default-rack, certSerialId: null}e419d203-ae84-45b4-a349-326cccf7322d{ip: 192.168.34.52, host: trunk-nightly-20190912-4gc2t-2068889165, networkLocation: /default-rack, certSerialId: null}300524ac-6f40-4001-8852-e3bc017e7a2d{ip: 192.168.34.52, host: trunk-nightly-20190912-4gc2t-2068889165, networkLocation: /default-rack, certSerialId: null}, Type:RATIS, Factor:THREE, State:CLOSED]
2019-09-12 06:02:43,204 [org.apache.ratis.server.impl.LogAppender$AppenderDaemon$$Lambda$547/1589537345@35f95088] ERROR ratis.XceiverServerRatis (XceiverServerRatis.java:triggerPipelineClose(568)) - pipeline Action CLOSE  on pipeline PipelineID=0700555e-d407-47f7-9b9f-0077ce01de48.Reason : 300524ac-6f40-4001-8852-e3bc017e7a2d has not seen follower/s 63029d58-985e-44b6-b8f1-28f19ea5ad76 for 154866ms e419d203-ae84-45b4-a349-326cccf7322d for 154866ms
2019-09-12 06:02:43,204 [org.apache.ratis.server.impl.LogAppender$AppenderDaemon$$Lambda$547/1589537345@57e996e8] ERROR ratis.XceiverServerRatis (XceiverServerRatis.java:triggerPipelineClose(568)) - pipeline Action CLOSE  on pipeline PipelineID=0700555e-d407-47f7-9b9f-0077ce01de48.Reason : 300524ac-6f40-4001-8852-e3bc017e7a2d has not seen follower/s 63029d58-985e-44b6-b8f1-28f19ea5ad76 for 154866ms e419d203-ae84-45b4-a349-326cccf7322d for 154866ms
2019-09-12 06:02:43,701 [EventQueue-PipelineActionsForPipelineActionHandler] ERROR pipeline.PipelineActionHandler (PipelineActionHandler.java:onMessage(60)) - Received pipeline action CLOSE for Pipeline[ Id: 0700555e-d407-47f7-9b9f-0077ce01de48, Nodes: 63029d58-985e-44b6-b8f1-28f19ea5ad76{ip: 192.168.34.52, host: trunk-nightly-20190912-4gc2t-2068889165, networkLocation: /default-rack, certSerialId: null}e419d203-ae84-45b4-a349-326cccf7322d{ip: 192.168.34.52, host: trunk-nightly-20190912-4gc2t-2068889165, networkLocation: /default-rack, certSerialId: null}300524ac-6f40-4001-8852-e3bc017e7a2d{ip: 192.168.34.52, host: trunk-nightly-20190912-4gc2t-2068889165, networkLocation: /default-rack, certSerialId: null}, Type:RATIS, Factor:THREE, State:CLOSED] from datanode 300524ac-6f40-4001-8852-e3bc017e7a2d{ip: 192.168.34.52, host: trunk-nightly-20190912-4gc2t-2068889165, networkLocation: /default-rack, certSerialId: null}. Reason : 300524ac-6f40-4001-8852-e3bc017e7a2d has not seen follower/s 63029d58-985e-44b6-b8f1-28f19ea5ad76 for 154866ms e419d203-ae84-45b4-a349-326cccf7322d for 154866ms
2019-09-12 06:02:43,702 [EventQueue-PipelineActionsForPipelineActionHandler] INFO  pipeline.SCMPipelineManager (SCMPipelineManager.java:finalizeAndDestroyPipeline(311)) - destroying pipeline:Pipeline[ Id: 0700555e-d407-47f7-9b9f-0077ce01de48, Nodes: 63029d58-985e-44b6-b8f1-28f19ea5ad76{ip: 192.168.34.52, host: trunk-nightly-20190912-4gc2t-2068889165, networkLocation: /default-rack, certSerialId: null}e419d203-ae84-45b4-a349-326cccf7322d{ip: 192.168.34.52, host: trunk-nightly-20190912-4gc2t-2068889165, networkLocation: /default-rack, certSerialId: null}300524ac-6f40-4001-8852-e3bc017e7a2d{ip: 192.168.34.52, host: trunk-nightly-20190912-4gc2t-2068889165, networkLocation: /default-rack, certSerialId: null}, Type:RATIS, Factor:THREE, State:CLOSED]
2019-09-12 06:02:43,703 [java.util.concurrent.ThreadPoolExecutor$Worker@44961301[State = -1, empty queue]] WARN  server.GrpcLogAppender (GrpcLogAppender.java:timeoutAppendRequest(200)) - 300524ac-6f40-4001-8852-e3bc017e7a2d@group-0077CE01DE48->e419d203-ae84-45b4-a349-326cccf7322d-GrpcLogAppender: appendEntries Timeout, request=300524ac-6f40-4001-8852-e3bc017e7a2d->e419d203-ae84-45b4-a349-326cccf7322d#150-t1, previous=(t:1, i:14), leaderCommit=10, initializing? false, entries: <empty>
2019-09-12 06:02:43,703 [java.util.concurrent.ThreadPoolExecutor$Worker@31a3eae4[State = -1, empty queue]] WARN  server.GrpcLogAppender (GrpcLogAppender.java:timeoutAppendRequest(200)) - 300524ac-6f40-4001-8852-e3bc017e7a2d@group-0077CE01DE48->63029d58-985e-44b6-b8f1-28f19ea5ad76-GrpcLogAppender: appendEntries Timeout, request=300524ac-6f40-4001-8852-e3bc017e7a2d->63029d58-985e-44b6-b8f1-28f19ea5ad76#150-t1, previous=(t:1, i:14), leaderCommit=10, initializing? false, entries: <empty>
2019-09-12 06:02:44,911 [grpc-default-executor-3] INFO  client.GrpcClientProtocolClient (GrpcClientProtocolClient.java:onNext(264)) - client-A49E3A1ED208->e419d203-ae84-45b4-a349-326cccf7322d: receive RaftClientReply:client-A49E3A1ED208->e419d203-ae84-45b4-a349-326cccf7322d@group-0077CE01DE48, cid=32, FAILED org.apache.ratis.protocol.NotLeaderException: Server e419d203-ae84-45b4-a349-326cccf7322d@group-0077CE01DE48 is not the leader 300524ac-6f40-4001-8852-e3bc017e7a2d:192.168.34.52:35783, logIndex=0, commits[e419d203-ae84-45b4-a349-326cccf7322d:c10, 63029d58-985e-44b6-b8f1-28f19ea5ad76:c6, 300524ac-6f40-4001-8852-e3bc017e7a2d:c10]
2019-09-12 06:02:45,705 [org.apache.ratis.server.impl.LogAppender$AppenderDaemon$$Lambda$547/1589537345@57e996e8] ERROR ratis.XceiverServerRatis (XceiverServerRatis.java:triggerPipelineClose(568)) - pipeline Action CLOSE  on pipeline PipelineID=0700555e-d407-47f7-9b9f-0077ce01de48.Reason : 300524ac-6f40-4001-8852-e3bc017e7a2d has not seen follower/s 63029d58-985e-44b6-b8f1-28f19ea5ad76 for 157367ms e419d203-ae84-45b4-a349-326cccf7322d for 157367ms
2019-09-12 06:02:45,705 [org.apache.ratis.server.impl.LogAppender$AppenderDaemon$$Lambda$547/1589537345@35f95088] ERROR ratis.XceiverServerRatis (XceiverServerRatis.java:triggerPipelineClose(568)) - pipeline Action CLOSE  on pipeline PipelineID=0700555e-d407-47f7-9b9f-0077ce01de48.Reason : 300524ac-6f40-4001-8852-e3bc017e7a2d has not seen follower/s 63029d58-985e-44b6-b8f1-28f19ea5ad76 for 157367ms e419d203-ae84-45b4-a349-326cccf7322d for 157367ms
2019-09-12 06:02:46,204 [java.util.concurrent.ThreadPoolExecutor$Worker@31a3eae4[State = -1, empty queue]] WARN  server.GrpcLogAppender (GrpcLogAppender.java:timeoutAppendRequest(200)) - 300524ac-6f40-4001-8852-e3bc017e7a2d@group-0077CE01DE48->63029d58-985e-44b6-b8f1-28f19ea5ad76-GrpcLogAppender: appendEntries Timeout, request=300524ac-6f40-4001-8852-e3bc017e7a2d->63029d58-985e-44b6-b8f1-28f19ea5ad76#151-t1, previous=(t:1, i:14), leaderCommit=10, initializing? false, entries: <empty>
2019-09-12 06:02:46,204 [java.util.concurrent.ThreadPoolExecutor$Worker@44961301[State = -1, empty queue]] WARN  server.GrpcLogAppender (GrpcLogAppender.java:timeoutAppendRequest(200)) - 300524ac-6f40-4001-8852-e3bc017e7a2d@group-0077CE01DE48->e419d203-ae84-45b4-a349-326cccf7322d-GrpcLogAppender: appendEntries Timeout, request=300524ac-6f40-4001-8852-e3bc017e7a2d->e419d203-ae84-45b4-a349-326cccf7322d#151-t1, previous=(t:1, i:14), leaderCommit=10, initializing? false, entries: <empty>
2019-09-12 06:02:46,701 [EventQueue-PipelineActionsForPipelineActionHandler] ERROR pipeline.PipelineActionHandler (PipelineActionHandler.java:onMessage(60)) - Received pipeline action CLOSE for Pipeline[ Id: 0700555e-d407-47f7-9b9f-0077ce01de48, Nodes: 63029d58-985e-44b6-b8f1-28f19ea5ad76{ip: 192.168.34.52, host: trunk-nightly-20190912-4gc2t-2068889165, networkLocation: /default-rack, certSerialId: null}e419d203-ae84-45b4-a349-326cccf7322d{ip: 192.168.34.52, host: trunk-nightly-20190912-4gc2t-2068889165, networkLocation: /default-rack, certSerialId: null}300524ac-6f40-4001-8852-e3bc017e7a2d{ip: 192.168.34.52, host: trunk-nightly-20190912-4gc2t-2068889165, networkLocation: /default-rack, certSerialId: null}, Type:RATIS, Factor:THREE, State:CLOSED] from datanode 300524ac-6f40-4001-8852-e3bc017e7a2d{ip: 192.168.34.52, host: trunk-nightly-20190912-4gc2t-2068889165, networkLocation: /default-rack, certSerialId: null}. Reason : 300524ac-6f40-4001-8852-e3bc017e7a2d has not seen follower/s 63029d58-985e-44b6-b8f1-28f19ea5ad76 for 157367ms e419d203-ae84-45b4-a349-326cccf7322d for 157367ms
2019-09-12 06:02:46,701 [EventQueue-PipelineActionsForPipelineActionHandler] INFO  pipeline.SCMPipelineManager (SCMPipelineManager.java:finalizeAndDestroyPipeline(311)) - destroying pipeline:Pipeline[ Id: 0700555e-d407-47f7-9b9f-0077ce01de48, Nodes: 63029d58-985e-44b6-b8f1-28f19ea5ad76{ip: 192.168.34.52, host: trunk-nightly-20190912-4gc2t-2068889165, networkLocation: /default-rack, certSerialId: null}e419d203-ae84-45b4-a349-326cccf7322d{ip: 192.168.34.52, host: trunk-nightly-20190912-4gc2t-2068889165, networkLocation: /default-rack, certSerialId: null}300524ac-6f40-4001-8852-e3bc017e7a2d{ip: 192.168.34.52, host: trunk-nightly-20190912-4gc2t-2068889165, networkLocation: /default-rack, certSerialId: null}, Type:RATIS, Factor:THREE, State:CLOSED]
2019-09-12 06:02:48,206 [org.apache.ratis.server.impl.LogAppender$AppenderDaemon$$Lambda$547/1589537345@57e996e8] ERROR ratis.XceiverServerRatis (XceiverServerRatis.java:triggerPipelineClose(568)) - pipeline Action CLOSE  on pipeline PipelineID=0700555e-d407-47f7-9b9f-0077ce01de48.Reason : 300524ac-6f40-4001-8852-e3bc017e7a2d has not seen follower/s 63029d58-985e-44b6-b8f1-28f19ea5ad76 for 159868ms e419d203-ae84-45b4-a349-326cccf7322d for 159868ms
2019-09-12 06:02:48,206 [org.apache.ratis.server.impl.LogAppender$AppenderDaemon$$Lambda$547/1589537345@35f95088] ERROR ratis.XceiverServerRatis (XceiverServerRatis.java:triggerPipelineClose(568)) - pipeline Action CLOSE  on pipeline PipelineID=0700555e-d407-47f7-9b9f-0077ce01de48.Reason : 300524ac-6f40-4001-8852-e3bc017e7a2d has not seen follower/s 63029d58-985e-44b6-b8f1-28f19ea5ad76 for 159868ms e419d203-ae84-45b4-a349-326cccf7322d for 159868ms
2019-09-12 06:02:48,573 [63029d58-985e-44b6-b8f1-28f19ea5ad76@group-0077CE01DE48-SegmentedRaftLogWorker] WARN  segmented.SegmentedRaftLogWorker (SegmentedRaftLogWorker.java:getFromFuture(90)) - Timeout 15/~
org.apache.ratis.protocol.TimeoutIOException: Timeout 10s: WriteLog:11: (t:1, i:11), STATEMACHINELOGENTRY, client-A49E3A1ED208, cid=32-writeStateMachineData
	at org.apache.ratis.util.IOUtils.getFromFuture(IOUtils.java:87)
	at org.apache.ratis.server.raftlog.segmented.SegmentedRaftLogWorker$StateMachineDataPolicy.getFromFuture(SegmentedRaftLogWorker.java:87)
	at org.apache.ratis.server.raftlog.segmented.SegmentedRaftLogWorker$WriteLog.execute(SegmentedRaftLogWorker.java:477)
	at org.apache.ratis.server.raftlog.segmented.SegmentedRaftLogWorker.run(SegmentedRaftLogWorker.java:289)
	at java.lang.Thread.run(Thread.java:748)
Caused by: java.util.concurrent.TimeoutException
	at java.util.concurrent.CompletableFuture.timedGet(CompletableFuture.java:1771)
	at java.util.concurrent.CompletableFuture.get(CompletableFuture.java:1915)
	at org.apache.ratis.util.IOUtils.getFromFuture(IOUtils.java:79)
	... 4 more
2019-09-12 06:02:48,585 [e419d203-ae84-45b4-a349-326cccf7322d@group-0077CE01DE48-SegmentedRaftLogWorker] WARN  segmented.SegmentedRaftLogWorker (SegmentedRaftLogWorker.java:getFromFuture(90)) - Timeout 15/~
org.apache.ratis.protocol.TimeoutIOException: Timeout 10s: WriteLog:11: (t:1, i:11), STATEMACHINELOGENTRY, client-A49E3A1ED208, cid=32-writeStateMachineData
	at org.apache.ratis.util.IOUtils.getFromFuture(IOUtils.java:87)
	at org.apache.ratis.server.raftlog.segmented.SegmentedRaftLogWorker$StateMachineDataPolicy.getFromFuture(SegmentedRaftLogWorker.java:87)
	at org.apache.ratis.server.raftlog.segmented.SegmentedRaftLogWorker$WriteLog.execute(SegmentedRaftLogWorker.java:477)
	at org.apache.ratis.server.raftlog.segmented.SegmentedRaftLogWorker.run(SegmentedRaftLogWorker.java:289)
	at java.lang.Thread.run(Thread.java:748)
Caused by: java.util.concurrent.TimeoutException
	at java.util.concurrent.CompletableFuture.timedGet(CompletableFuture.java:1771)
	at java.util.concurrent.CompletableFuture.get(CompletableFuture.java:1915)
	at org.apache.ratis.util.IOUtils.getFromFuture(IOUtils.java:79)
	... 4 more
2019-09-12 06:02:48,687 [300524ac-6f40-4001-8852-e3bc017e7a2d@group-0077CE01DE48-SegmentedRaftLogWorker] WARN  segmented.SegmentedRaftLogWorker (SegmentedRaftLogWorker.java:getFromFuture(90)) - Timeout 15/~
org.apache.ratis.protocol.TimeoutIOException: Timeout 10s: WriteLog:12: (t:1, i:12), STATEMACHINELOGENTRY, client-A49E3A1ED208, cid=33-writeStateMachineData
	at org.apache.ratis.util.IOUtils.getFromFuture(IOUtils.java:87)
	at org.apache.ratis.server.raftlog.segmented.SegmentedRaftLogWorker$StateMachineDataPolicy.getFromFuture(SegmentedRaftLogWorker.java:87)
	at org.apache.ratis.server.raftlog.segmented.SegmentedRaftLogWorker$WriteLog.execute(SegmentedRaftLogWorker.java:477)
	at org.apache.ratis.server.raftlog.segmented.SegmentedRaftLogWorker.run(SegmentedRaftLogWorker.java:289)
	at java.lang.Thread.run(Thread.java:748)
Caused by: java.util.concurrent.TimeoutException
	at java.util.concurrent.CompletableFuture.timedGet(CompletableFuture.java:1771)
	at java.util.concurrent.CompletableFuture.get(CompletableFuture.java:1915)
	at org.apache.ratis.util.IOUtils.getFromFuture(IOUtils.java:79)
	... 4 more
2019-09-12 06:02:48,700 [EventQueue-PipelineActionsForPipelineActionHandler] ERROR pipeline.PipelineActionHandler (PipelineActionHandler.java:onMessage(60)) - Received pipeline action CLOSE for Pipeline[ Id: 0700555e-d407-47f7-9b9f-0077ce01de48, Nodes: 63029d58-985e-44b6-b8f1-28f19ea5ad76{ip: 192.168.34.52, host: trunk-nightly-20190912-4gc2t-2068889165, networkLocation: /default-rack, certSerialId: null}e419d203-ae84-45b4-a349-326cccf7322d{ip: 192.168.34.52, host: trunk-nightly-20190912-4gc2t-2068889165, networkLocation: /default-rack, certSerialId: null}300524ac-6f40-4001-8852-e3bc017e7a2d{ip: 192.168.34.52, host: trunk-nightly-20190912-4gc2t-2068889165, networkLocation: /default-rack, certSerialId: null}, Type:RATIS, Factor:THREE, State:CLOSED] from datanode 300524ac-6f40-4001-8852-e3bc017e7a2d{ip: 192.168.34.52, host: trunk-nightly-20190912-4gc2t-2068889165, networkLocation: /default-rack, certSerialId: null}. Reason : 300524ac-6f40-4001-8852-e3bc017e7a2d has not seen follower/s 63029d58-985e-44b6-b8f1-28f19ea5ad76 for 159868ms e419d203-ae84-45b4-a349-326cccf7322d for 159868ms
2019-09-12 06:02:48,701 [EventQueue-PipelineActionsForPipelineActionHandler] INFO  pipeline.SCMPipelineManager (SCMPipelineManager.java:finalizeAndDestroyPipeline(311)) - destroying pipeline:Pipeline[ Id: 0700555e-d407-47f7-9b9f-0077ce01de48, Nodes: 63029d58-985e-44b6-b8f1-28f19ea5ad76{ip: 192.168.34.52, host: trunk-nightly-20190912-4gc2t-2068889165, networkLocation: /default-rack, certSerialId: null}e419d203-ae84-45b4-a349-326cccf7322d{ip: 192.168.34.52, host: trunk-nightly-20190912-4gc2t-2068889165, networkLocation: /default-rack, certSerialId: null}300524ac-6f40-4001-8852-e3bc017e7a2d{ip: 192.168.34.52, host: trunk-nightly-20190912-4gc2t-2068889165, networkLocation: /default-rack, certSerialId: null}, Type:RATIS, Factor:THREE, State:CLOSED]
2019-09-12 06:02:48,704 [java.util.concurrent.ThreadPoolExecutor$Worker@44961301[State = -1, empty queue]] WARN  server.GrpcLogAppender (GrpcLogAppender.java:timeoutAppendRequest(200)) - 300524ac-6f40-4001-8852-e3bc017e7a2d@group-0077CE01DE48->e419d203-ae84-45b4-a349-326cccf7322d-GrpcLogAppender: appendEntries Timeout, request=300524ac-6f40-4001-8852-e3bc017e7a2d->e419d203-ae84-45b4-a349-326cccf7322d#152-t1, previous=(t:1, i:14), leaderCommit=10, initializing? false, entries: <empty>
2019-09-12 06:02:48,704 [java.util.concurrent.ThreadPoolExecutor$Worker@31a3eae4[State = -1, empty queue]] WARN  server.GrpcLogAppender (GrpcLogAppender.java:timeoutAppendRequest(200)) - 300524ac-6f40-4001-8852-e3bc017e7a2d@group-0077CE01DE48->63029d58-985e-44b6-b8f1-28f19ea5ad76-GrpcLogAppender: appendEntries Timeout, request=300524ac-6f40-4001-8852-e3bc017e7a2d->63029d58-985e-44b6-b8f1-28f19ea5ad76#152-t1, previous=(t:1, i:14), leaderCommit=10, initializing? false, entries: <empty>
2019-09-12 06:02:49,956 [grpc-default-executor-1] INFO  client.GrpcClientProtocolClient (GrpcClientProtocolClient.java:onNext(264)) - client-A49E3A1ED208->63029d58-985e-44b6-b8f1-28f19ea5ad76: receive RaftClientReply:client-A49E3A1ED208->63029d58-985e-44b6-b8f1-28f19ea5ad76@group-0077CE01DE48, cid=32, FAILED org.apache.ratis.protocol.NotLeaderException: Server 63029d58-985e-44b6-b8f1-28f19ea5ad76@group-0077CE01DE48 is not the leader 300524ac-6f40-4001-8852-e3bc017e7a2d:192.168.34.52:35783, logIndex=0, commits[63029d58-985e-44b6-b8f1-28f19ea5ad76:c10, 300524ac-6f40-4001-8852-e3bc017e7a2d:c10, e419d203-ae84-45b4-a349-326cccf7322d:c6]
2019-09-12 06:02:50,706 [org.apache.ratis.server.impl.LogAppender$AppenderDaemon$$Lambda$547/1589537345@57e996e8] ERROR ratis.XceiverServerRatis (XceiverServerRatis.java:triggerPipelineClose(568)) - pipeline Action CLOSE  on pipeline PipelineID=0700555e-d407-47f7-9b9f-0077ce01de48.Reason : 300524ac-6f40-4001-8852-e3bc017e7a2d has not seen follower/s 63029d58-985e-44b6-b8f1-28f19ea5ad76 for 162368ms e419d203-ae84-45b4-a349-326cccf7322d for 162368ms
2019-09-12 06:02:50,706 [org.apache.ratis.server.impl.LogAppender$AppenderDaemon$$Lambda$547/1589537345@35f95088] ERROR ratis.XceiverServerRatis (XceiverServerRatis.java:triggerPipelineClose(568)) - pipeline Action CLOSE  on pipeline PipelineID=0700555e-d407-47f7-9b9f-0077ce01de48.Reason : 300524ac-6f40-4001-8852-e3bc017e7a2d has not seen follower/s 63029d58-985e-44b6-b8f1-28f19ea5ad76 for 162369ms e419d203-ae84-45b4-a349-326cccf7322d for 162369ms
2019-09-12 06:02:51,205 [java.util.concurrent.ThreadPoolExecutor$Worker@31a3eae4[State = -1, empty queue]] WARN  server.GrpcLogAppender (GrpcLogAppender.java:timeoutAppendRequest(200)) - 300524ac-6f40-4001-8852-e3bc017e7a2d@group-0077CE01DE48->63029d58-985e-44b6-b8f1-28f19ea5ad76-GrpcLogAppender: appendEntries Timeout, request=300524ac-6f40-4001-8852-e3bc017e7a2d->63029d58-985e-44b6-b8f1-28f19ea5ad76#153-t1, previous=(t:1, i:14), leaderCommit=10, initializing? false, entries: <empty>
2019-09-12 06:02:51,205 [java.util.concurrent.ThreadPoolExecutor$Worker@44961301[State = -1, empty queue]] WARN  server.GrpcLogAppender (GrpcLogAppender.java:timeoutAppendRequest(200)) - 300524ac-6f40-4001-8852-e3bc017e7a2d@group-0077CE01DE48->e419d203-ae84-45b4-a349-326cccf7322d-GrpcLogAppender: appendEntries Timeout, request=300524ac-6f40-4001-8852-e3bc017e7a2d->e419d203-ae84-45b4-a349-326cccf7322d#153-t1, previous=(t:1, i:14), leaderCommit=10, initializing? false, entries: <empty>
2019-09-12 06:02:51,701 [EventQueue-PipelineActionsForPipelineActionHandler] ERROR pipeline.PipelineActionHandler (PipelineActionHandler.java:onMessage(60)) - Received pipeline action CLOSE for Pipeline[ Id: 0700555e-d407-47f7-9b9f-0077ce01de48, Nodes: 63029d58-985e-44b6-b8f1-28f19ea5ad76{ip: 192.168.34.52, host: trunk-nightly-20190912-4gc2t-2068889165, networkLocation: /default-rack, certSerialId: null}e419d203-ae84-45b4-a349-326cccf7322d{ip: 192.168.34.52, host: trunk-nightly-20190912-4gc2t-2068889165, networkLocation: /default-rack, certSerialId: null}300524ac-6f40-4001-8852-e3bc017e7a2d{ip: 192.168.34.52, host: trunk-nightly-20190912-4gc2t-2068889165, networkLocation: /default-rack, certSerialId: null}, Type:RATIS, Factor:THREE, State:CLOSED] from datanode 300524ac-6f40-4001-8852-e3bc017e7a2d{ip: 192.168.34.52, host: trunk-nightly-20190912-4gc2t-2068889165, networkLocation: /default-rack, certSerialId: null}. Reason : 300524ac-6f40-4001-8852-e3bc017e7a2d has not seen follower/s 63029d58-985e-44b6-b8f1-28f19ea5ad76 for 162368ms e419d203-ae84-45b4-a349-326cccf7322d for 162368ms
2019-09-12 06:02:51,701 [EventQueue-PipelineActionsForPipelineActionHandler] INFO  pipeline.SCMPipelineManager (SCMPipelineManager.java:finalizeAndDestroyPipeline(311)) - destroying pipeline:Pipeline[ Id: 0700555e-d407-47f7-9b9f-0077ce01de48, Nodes: 63029d58-985e-44b6-b8f1-28f19ea5ad76{ip: 192.168.34.52, host: trunk-nightly-20190912-4gc2t-2068889165, networkLocation: /default-rack, certSerialId: null}e419d203-ae84-45b4-a349-326cccf7322d{ip: 192.168.34.52, host: trunk-nightly-20190912-4gc2t-2068889165, networkLocation: /default-rack, certSerialId: null}300524ac-6f40-4001-8852-e3bc017e7a2d{ip: 192.168.34.52, host: trunk-nightly-20190912-4gc2t-2068889165, networkLocation: /default-rack, certSerialId: null}, Type:RATIS, Factor:THREE, State:CLOSED]
2019-09-12 06:02:53,207 [org.apache.ratis.server.impl.LogAppender$AppenderDaemon$$Lambda$547/1589537345@35f95088] ERROR ratis.XceiverServerRatis (XceiverServerRatis.java:triggerPipelineClose(568)) - pipeline Action CLOSE  on pipeline PipelineID=0700555e-d407-47f7-9b9f-0077ce01de48.Reason : 300524ac-6f40-4001-8852-e3bc017e7a2d has not seen follower/s 63029d58-985e-44b6-b8f1-28f19ea5ad76 for 164869ms e419d203-ae84-45b4-a349-326cccf7322d for 164870ms
2019-09-12 06:02:53,207 [org.apache.ratis.server.impl.LogAppender$AppenderDaemon$$Lambda$547/1589537345@57e996e8] ERROR ratis.XceiverServerRatis (XceiverServerRatis.java:triggerPipelineClose(568)) - pipeline Action CLOSE  on pipeline PipelineID=0700555e-d407-47f7-9b9f-0077ce01de48.Reason : 300524ac-6f40-4001-8852-e3bc017e7a2d has not seen follower/s 63029d58-985e-44b6-b8f1-28f19ea5ad76 for 164869ms e419d203-ae84-45b4-a349-326cccf7322d for 164870ms
2019-09-12 06:02:53,702 [EventQueue-PipelineActionsForPipelineActionHandler] ERROR pipeline.PipelineActionHandler (PipelineActionHandler.java:onMessage(60)) - Received pipeline action CLOSE for Pipeline[ Id: 0700555e-d407-47f7-9b9f-0077ce01de48, Nodes: 63029d58-985e-44b6-b8f1-28f19ea5ad76{ip: 192.168.34.52, host: trunk-nightly-20190912-4gc2t-2068889165, networkLocation: /default-rack, certSerialId: null}e419d203-ae84-45b4-a349-326cccf7322d{ip: 192.168.34.52, host: trunk-nightly-20190912-4gc2t-2068889165, networkLocation: /default-rack, certSerialId: null}300524ac-6f40-4001-8852-e3bc017e7a2d{ip: 192.168.34.52, host: trunk-nightly-20190912-4gc2t-2068889165, networkLocation: /default-rack, certSerialId: null}, Type:RATIS, Factor:THREE, State:CLOSED] from datanode 300524ac-6f40-4001-8852-e3bc017e7a2d{ip: 192.168.34.52, host: trunk-nightly-20190912-4gc2t-2068889165, networkLocation: /default-rack, certSerialId: null}. Reason : 300524ac-6f40-4001-8852-e3bc017e7a2d has not seen follower/s 63029d58-985e-44b6-b8f1-28f19ea5ad76 for 164869ms e419d203-ae84-45b4-a349-326cccf7322d for 164870ms
2019-09-12 06:02:53,702 [EventQueue-PipelineActionsForPipelineActionHandler] INFO  pipeline.SCMPipelineManager (SCMPipelineManager.java:finalizeAndDestroyPipeline(311)) - destroying pipeline:Pipeline[ Id: 0700555e-d407-47f7-9b9f-0077ce01de48, Nodes: 63029d58-985e-44b6-b8f1-28f19ea5ad76{ip: 192.168.34.52, host: trunk-nightly-20190912-4gc2t-2068889165, networkLocation: /default-rack, certSerialId: null}e419d203-ae84-45b4-a349-326cccf7322d{ip: 192.168.34.52, host: trunk-nightly-20190912-4gc2t-2068889165, networkLocation: /default-rack, certSerialId: null}300524ac-6f40-4001-8852-e3bc017e7a2d{ip: 192.168.34.52, host: trunk-nightly-20190912-4gc2t-2068889165, networkLocation: /default-rack, certSerialId: null}, Type:RATIS, Factor:THREE, State:CLOSED]
2019-09-12 06:02:53,706 [java.util.concurrent.ThreadPoolExecutor$Worker@31a3eae4[State = -1, empty queue]] WARN  server.GrpcLogAppender (GrpcLogAppender.java:timeoutAppendRequest(200)) - 300524ac-6f40-4001-8852-e3bc017e7a2d@group-0077CE01DE48->63029d58-985e-44b6-b8f1-28f19ea5ad76-GrpcLogAppender: appendEntries Timeout, request=300524ac-6f40-4001-8852-e3bc017e7a2d->63029d58-985e-44b6-b8f1-28f19ea5ad76#154-t1, previous=(t:1, i:14), leaderCommit=10, initializing? false, entries: <empty>
2019-09-12 06:02:53,706 [java.util.concurrent.ThreadPoolExecutor$Worker@44961301[State = -1, empty queue]] WARN  server.GrpcLogAppender (GrpcLogAppender.java:timeoutAppendRequest(200)) - 300524ac-6f40-4001-8852-e3bc017e7a2d@group-0077CE01DE48->e419d203-ae84-45b4-a349-326cccf7322d-GrpcLogAppender: appendEntries Timeout, request=300524ac-6f40-4001-8852-e3bc017e7a2d->e419d203-ae84-45b4-a349-326cccf7322d#154-t1, previous=(t:1, i:14), leaderCommit=10, initializing? false, entries: <empty>
2019-09-12 06:02:54,754 [grpc-default-executor-1] INFO  impl.RaftServerProxy (RaftServerProxy.java:addNew(89)) - 63029d58-985e-44b6-b8f1-28f19ea5ad76: addNew group-AC406AFA1D55:[63029d58-985e-44b6-b8f1-28f19ea5ad76:192.168.34.52:43376, 300524ac-6f40-4001-8852-e3bc017e7a2d:192.168.34.52:35783, e419d203-ae84-45b4-a349-326cccf7322d:192.168.34.52:35999] returns group-AC406AFA1D55:java.util.concurrent.CompletableFuture@1cd82291[Not completed]
2019-09-12 06:02:54,754 [grpc-default-executor-4] INFO  impl.RaftServerProxy (RaftServerProxy.java:addNew(89)) - 300524ac-6f40-4001-8852-e3bc017e7a2d: addNew group-AC406AFA1D55:[63029d58-985e-44b6-b8f1-28f19ea5ad76:192.168.34.52:43376, 300524ac-6f40-4001-8852-e3bc017e7a2d:192.168.34.52:35783, e419d203-ae84-45b4-a349-326cccf7322d:192.168.34.52:35999] returns group-AC406AFA1D55:java.util.concurrent.CompletableFuture@2ade8f71[Not completed]
2019-09-12 06:02:54,754 [grpc-default-executor-3] INFO  impl.RaftServerProxy (RaftServerProxy.java:addNew(89)) - e419d203-ae84-45b4-a349-326cccf7322d: addNew group-AC406AFA1D55:[63029d58-985e-44b6-b8f1-28f19ea5ad76:192.168.34.52:43376, 300524ac-6f40-4001-8852-e3bc017e7a2d:192.168.34.52:35783, e419d203-ae84-45b4-a349-326cccf7322d:192.168.34.52:35999] returns group-AC406AFA1D55:java.util.concurrent.CompletableFuture@3ec3618[Not completed]
2019-09-12 06:02:54,756 [pool-67-thread-1] INFO  impl.RaftServerImpl (RaftServerImpl.java:<init>(95)) - 63029d58-985e-44b6-b8f1-28f19ea5ad76: new RaftServerImpl for group-AC406AFA1D55:[63029d58-985e-44b6-b8f1-28f19ea5ad76:192.168.34.52:43376, 300524ac-6f40-4001-8852-e3bc017e7a2d:192.168.34.52:35783, e419d203-ae84-45b4-a349-326cccf7322d:192.168.34.52:35999] with ContainerStateMachine:uninitialized
2019-09-12 06:02:54,756 [pool-67-thread-1] INFO  server.RaftServerConfigKeys (ConfUtils.java:logGet(43)) - raft.server.rpc.timeout.min = 5s (custom)
2019-09-12 06:02:54,756 [pool-67-thread-1] INFO  server.RaftServerConfigKeys (ConfUtils.java:logGet(43)) - raft.server.rpc.timeout.max = 5200ms (custom)
2019-09-12 06:02:54,756 [pool-67-thread-1] INFO  server.RaftServerConfigKeys (ConfUtils.java:logGet(43)) - raft.server.rpcslowness.timeout = 120s (custom)
2019-09-12 06:02:54,756 [pool-27-thread-1] INFO  impl.RaftServerImpl (RaftServerImpl.java:<init>(95)) - e419d203-ae84-45b4-a349-326cccf7322d: new RaftServerImpl for group-AC406AFA1D55:[63029d58-985e-44b6-b8f1-28f19ea5ad76:192.168.34.52:43376, 300524ac-6f40-4001-8852-e3bc017e7a2d:192.168.34.52:35783, e419d203-ae84-45b4-a349-326cccf7322d:192.168.34.52:35999] with ContainerStateMachine:uninitialized
2019-09-12 06:02:54,756 [pool-67-thread-1] INFO  server.RaftServerConfigKeys (ConfUtils.java:logGet(43)) - raft.server.sleep.deviation.threshold = 300 (default)
2019-09-12 06:02:54,756 [pool-27-thread-1] INFO  server.RaftServerConfigKeys (ConfUtils.java:logGet(43)) - raft.server.rpc.timeout.min = 5s (custom)
2019-09-12 06:02:54,756 [pool-67-thread-1] INFO  server.RaftServerConfigKeys (ConfUtils.java:logGet(43)) - raft.server.log.appender.install.snapshot.enabled = false (custom)
2019-09-12 06:02:54,756 [pool-27-thread-1] INFO  server.RaftServerConfigKeys (ConfUtils.java:logGet(43)) - raft.server.rpc.timeout.max = 5200ms (custom)
2019-09-12 06:02:54,757 [pool-67-thread-1] INFO  impl.RaftServerImpl (ServerState.java:<init>(103)) - 63029d58-985e-44b6-b8f1-28f19ea5ad76@group-AC406AFA1D55: ConfigurationManager, init=-1: [63029d58-985e-44b6-b8f1-28f19ea5ad76:192.168.34.52:43376, 300524ac-6f40-4001-8852-e3bc017e7a2d:192.168.34.52:35783, e419d203-ae84-45b4-a349-326cccf7322d:192.168.34.52:35999], old=null, confs=<EMPTY_MAP>
2019-09-12 06:02:54,757 [pool-27-thread-1] INFO  server.RaftServerConfigKeys (ConfUtils.java:logGet(43)) - raft.server.rpcslowness.timeout = 120s (custom)
2019-09-12 06:02:54,757 [pool-27-thread-1] INFO  server.RaftServerConfigKeys (ConfUtils.java:logGet(43)) - raft.server.sleep.deviation.threshold = 300 (default)
2019-09-12 06:02:54,757 [pool-67-thread-1] INFO  server.RaftServerConfigKeys (ConfUtils.java:logGet(43)) - raft.server.storage.dir = [/workdir/hadoop-ozone/integration-test/target/test-dir/MiniOzoneClusterImpl-df7e887f-907b-44f9-9fab-c718128d2034/datanode-4/data/ratis] (custom)
2019-09-12 06:02:54,757 [pool-77-thread-1] INFO  impl.RaftServerImpl (RaftServerImpl.java:<init>(95)) - 300524ac-6f40-4001-8852-e3bc017e7a2d: new RaftServerImpl for group-AC406AFA1D55:[63029d58-985e-44b6-b8f1-28f19ea5ad76:192.168.34.52:43376, 300524ac-6f40-4001-8852-e3bc017e7a2d:192.168.34.52:35783, e419d203-ae84-45b4-a349-326cccf7322d:192.168.34.52:35999] with ContainerStateMachine:uninitialized
2019-09-12 06:02:54,757 [pool-27-thread-1] INFO  server.RaftServerConfigKeys (ConfUtils.java:logGet(43)) - raft.server.log.appender.install.snapshot.enabled = false (custom)
2019-09-12 06:02:54,757 [pool-77-thread-1] INFO  server.RaftServerConfigKeys (ConfUtils.java:logGet(43)) - raft.server.rpc.timeout.min = 5s (custom)
2019-09-12 06:02:54,757 [pool-27-thread-1] INFO  impl.RaftServerImpl (ServerState.java:<init>(103)) - e419d203-ae84-45b4-a349-326cccf7322d@group-AC406AFA1D55: ConfigurationManager, init=-1: [63029d58-985e-44b6-b8f1-28f19ea5ad76:192.168.34.52:43376, 300524ac-6f40-4001-8852-e3bc017e7a2d:192.168.34.52:35783, e419d203-ae84-45b4-a349-326cccf7322d:192.168.34.52:35999], old=null, confs=<EMPTY_MAP>
2019-09-12 06:02:54,757 [pool-67-thread-1] INFO  storage.RaftStorageDirectory (RaftStorageDirectory.java:analyzeStorage(246)) - The storage directory /workdir/hadoop-ozone/integration-test/target/test-dir/MiniOzoneClusterImpl-df7e887f-907b-44f9-9fab-c718128d2034/datanode-4/data/ratis/b4a944af-cbb9-4f34-adc2-ac406afa1d55 does not exist. Creating ...
2019-09-12 06:02:54,758 [pool-27-thread-1] INFO  server.RaftServerConfigKeys (ConfUtils.java:logGet(43)) - raft.server.storage.dir = [/workdir/hadoop-ozone/integration-test/target/test-dir/MiniOzoneClusterImpl-df7e887f-907b-44f9-9fab-c718128d2034/datanode-0/data/ratis] (custom)
2019-09-12 06:02:54,757 [pool-77-thread-1] INFO  server.RaftServerConfigKeys (ConfUtils.java:logGet(43)) - raft.server.rpc.timeout.max = 5200ms (custom)
2019-09-12 06:02:54,758 [pool-77-thread-1] INFO  server.RaftServerConfigKeys (ConfUtils.java:logGet(43)) - raft.server.rpcslowness.timeout = 120s (custom)
2019-09-12 06:02:54,758 [pool-27-thread-1] INFO  storage.RaftStorageDirectory (RaftStorageDirectory.java:analyzeStorage(246)) - The storage directory /workdir/hadoop-ozone/integration-test/target/test-dir/MiniOzoneClusterImpl-df7e887f-907b-44f9-9fab-c718128d2034/datanode-0/data/ratis/b4a944af-cbb9-4f34-adc2-ac406afa1d55 does not exist. Creating ...
2019-09-12 06:02:54,758 [pool-77-thread-1] INFO  server.RaftServerConfigKeys (ConfUtils.java:logGet(43)) - raft.server.sleep.deviation.threshold = 300 (default)
2019-09-12 06:02:54,758 [pool-77-thread-1] INFO  server.RaftServerConfigKeys (ConfUtils.java:logGet(43)) - raft.server.log.appender.install.snapshot.enabled = false (custom)
2019-09-12 06:02:54,758 [pool-77-thread-1] INFO  impl.RaftServerImpl (ServerState.java:<init>(103)) - 300524ac-6f40-4001-8852-e3bc017e7a2d@group-AC406AFA1D55: ConfigurationManager, init=-1: [63029d58-985e-44b6-b8f1-28f19ea5ad76:192.168.34.52:43376, 300524ac-6f40-4001-8852-e3bc017e7a2d:192.168.34.52:35783, e419d203-ae84-45b4-a349-326cccf7322d:192.168.34.52:35999], old=null, confs=<EMPTY_MAP>
2019-09-12 06:02:54,759 [pool-77-thread-1] INFO  server.RaftServerConfigKeys (ConfUtils.java:logGet(43)) - raft.server.storage.dir = [/workdir/hadoop-ozone/integration-test/target/test-dir/MiniOzoneClusterImpl-df7e887f-907b-44f9-9fab-c718128d2034/datanode-5/data/ratis] (custom)
2019-09-12 06:02:54,759 [pool-77-thread-1] INFO  storage.RaftStorageDirectory (RaftStorageDirectory.java:analyzeStorage(246)) - The storage directory /workdir/hadoop-ozone/integration-test/target/test-dir/MiniOzoneClusterImpl-df7e887f-907b-44f9-9fab-c718128d2034/datanode-5/data/ratis/b4a944af-cbb9-4f34-adc2-ac406afa1d55 does not exist. Creating ...
2019-09-12 06:02:54,772 [pool-27-thread-1] INFO  storage.RaftStorageDirectory (RaftStorageDirectory.java:tryLock(328)) - Lock on /workdir/hadoop-ozone/integration-test/target/test-dir/MiniOzoneClusterImpl-df7e887f-907b-44f9-9fab-c718128d2034/datanode-0/data/ratis/b4a944af-cbb9-4f34-adc2-ac406afa1d55/in_use.lock acquired by nodename 9960@trunk-nightly-20190912-4gc2t-2068889165
2019-09-12 06:02:54,772 [pool-77-thread-1] INFO  storage.RaftStorageDirectory (RaftStorageDirectory.java:tryLock(328)) - Lock on /workdir/hadoop-ozone/integration-test/target/test-dir/MiniOzoneClusterImpl-df7e887f-907b-44f9-9fab-c718128d2034/datanode-5/data/ratis/b4a944af-cbb9-4f34-adc2-ac406afa1d55/in_use.lock acquired by nodename 9960@trunk-nightly-20190912-4gc2t-2068889165
2019-09-12 06:02:54,772 [pool-67-thread-1] INFO  storage.RaftStorageDirectory (RaftStorageDirectory.java:tryLock(328)) - Lock on /workdir/hadoop-ozone/integration-test/target/test-dir/MiniOzoneClusterImpl-df7e887f-907b-44f9-9fab-c718128d2034/datanode-4/data/ratis/b4a944af-cbb9-4f34-adc2-ac406afa1d55/in_use.lock acquired by nodename 9960@trunk-nightly-20190912-4gc2t-2068889165
2019-09-12 06:02:54,786 [pool-67-thread-1] INFO  storage.RaftStorage (RaftStorage.java:format(72)) - Storage directory /workdir/hadoop-ozone/integration-test/target/test-dir/MiniOzoneClusterImpl-df7e887f-907b-44f9-9fab-c718128d2034/datanode-4/data/ratis/b4a944af-cbb9-4f34-adc2-ac406afa1d55 has been successfully formatted.
2019-09-12 06:02:54,786 [pool-27-thread-1] INFO  storage.RaftStorage (RaftStorage.java:format(72)) - Storage directory /workdir/hadoop-ozone/integration-test/target/test-dir/MiniOzoneClusterImpl-df7e887f-907b-44f9-9fab-c718128d2034/datanode-0/data/ratis/b4a944af-cbb9-4f34-adc2-ac406afa1d55 has been successfully formatted.
2019-09-12 06:02:54,786 [pool-67-thread-1] INFO  ratis.ContainerStateMachine (ContainerStateMachine.java:loadSnapshot(230)) - group-AC406AFA1D55: The snapshot info is null. Setting the last applied indexto:(t:0, i:~)
2019-09-12 06:02:54,786 [pool-77-thread-1] INFO  storage.RaftStorage (RaftStorage.java:format(72)) - Storage directory /workdir/hadoop-ozone/integration-test/target/test-dir/MiniOzoneClusterImpl-df7e887f-907b-44f9-9fab-c718128d2034/datanode-5/data/ratis/b4a944af-cbb9-4f34-adc2-ac406afa1d55 has been successfully formatted.
2019-09-12 06:02:54,786 [pool-67-thread-1] INFO  server.RaftServerConfigKeys (ConfUtils.java:logGet(43)) - raft.server.notification.no-leader.timeout = 120s (custom)
2019-09-12 06:02:54,786 [pool-27-thread-1] INFO  ratis.ContainerStateMachine (ContainerStateMachine.java:loadSnapshot(230)) - group-AC406AFA1D55: The snapshot info is null. Setting the last applied indexto:(t:0, i:~)
2019-09-12 06:02:54,786 [pool-67-thread-1] INFO  server.RaftServerConfigKeys (ConfUtils.java:logGet(43)) - raft.server.log.use.memory = false (default)
2019-09-12 06:02:54,786 [pool-77-thread-1] INFO  ratis.ContainerStateMachine (ContainerStateMachine.java:loadSnapshot(230)) - group-AC406AFA1D55: The snapshot info is null. Setting the last applied indexto:(t:0, i:~)
2019-09-12 06:02:54,786 [pool-67-thread-1] INFO  server.RaftServerConfigKeys (ConfUtils.java:logGet(43)) - raft.server.log.purge.gap = 1000000 (custom)
2019-09-12 06:02:54,786 [pool-27-thread-1] INFO  server.RaftServerConfigKeys (ConfUtils.java:logGet(43)) - raft.server.notification.no-leader.timeout = 120s (custom)
2019-09-12 06:02:54,787 [pool-67-thread-1] INFO  server.RaftServerConfigKeys (ConfUtils.java:logGet(43)) - raft.server.log.appender.buffer.byte-limit = 33554432 (custom)
2019-09-12 06:02:54,786 [pool-77-thread-1] INFO  server.RaftServerConfigKeys (ConfUtils.java:logGet(43)) - raft.server.notification.no-leader.timeout = 120s (custom)
2019-09-12 06:02:54,787 [pool-67-thread-1] INFO  server.RaftServerConfigKeys (ConfUtils.java:logGet(43)) - raft.server.log.segment.size.max = 1048576 (custom)
2019-09-12 06:02:54,787 [pool-27-thread-1] INFO  server.RaftServerConfigKeys (ConfUtils.java:logGet(43)) - raft.server.log.use.memory = false (default)
2019-09-12 06:02:54,787 [pool-67-thread-1] INFO  server.RaftServerConfigKeys (ConfUtils.java:logGet(43)) - raft.server.log.segment.cache.num.max = 2 (custom)
2019-09-12 06:02:54,787 [pool-77-thread-1] INFO  server.RaftServerConfigKeys (ConfUtils.java:logGet(43)) - raft.server.log.use.memory = false (default)
2019-09-12 06:02:54,787 [pool-67-thread-1] INFO  segmented.SegmentedRaftLogWorker (SegmentedRaftLogWorker.java:<init>(172)) - new 63029d58-985e-44b6-b8f1-28f19ea5ad76@group-AC406AFA1D55-SegmentedRaftLogWorker for RaftStorage:Storage Directory /workdir/hadoop-ozone/integration-test/target/test-dir/MiniOzoneClusterImpl-df7e887f-907b-44f9-9fab-c718128d2034/datanode-4/data/ratis/b4a944af-cbb9-4f34-adc2-ac406afa1d55
2019-09-12 06:02:54,787 [pool-27-thread-1] INFO  server.RaftServerConfigKeys (ConfUtils.java:logGet(43)) - raft.server.log.purge.gap = 1000000 (custom)
2019-09-12 06:02:54,787 [pool-67-thread-1] INFO  server.RaftServerConfigKeys (ConfUtils.java:logGet(43)) - raft.server.log.queue.byte-limit = 2147483647 (custom)
2019-09-12 06:02:54,787 [pool-77-thread-1] INFO  server.RaftServerConfigKeys (ConfUtils.java:logGet(43)) - raft.server.log.purge.gap = 1000000 (custom)
2019-09-12 06:02:54,788 [pool-67-thread-1] INFO  server.RaftServerConfigKeys (ConfUtils.java:logGet(43)) - raft.server.log.queue.element-limit = 1024 (custom)
2019-09-12 06:02:54,788 [pool-27-thread-1] INFO  server.RaftServerConfigKeys (ConfUtils.java:logGet(43)) - raft.server.log.appender.buffer.byte-limit = 33554432 (custom)
2019-09-12 06:02:54,788 [pool-67-thread-1] INFO  server.RaftServerConfigKeys (ConfUtils.java:logGet(43)) - raft.server.log.segment.size.max = 1048576 (custom)
2019-09-12 06:02:54,788 [pool-77-thread-1] INFO  server.RaftServerConfigKeys (ConfUtils.java:logGet(43)) - raft.server.log.appender.buffer.byte-limit = 33554432 (custom)
2019-09-12 06:02:54,788 [pool-67-thread-1] INFO  server.RaftServerConfigKeys (ConfUtils.java:logGet(43)) - raft.server.log.preallocated.size = 16384 (custom)
2019-09-12 06:02:54,788 [pool-27-thread-1] INFO  server.RaftServerConfigKeys (ConfUtils.java:logGet(43)) - raft.server.log.segment.size.max = 1048576 (custom)
2019-09-12 06:02:54,788 [pool-67-thread-1] INFO  server.RaftServerConfigKeys (ConfUtils.java:logGet(43)) - raft.server.log.write.buffer.size = 33554432 (custom)
2019-09-12 06:02:54,788 [pool-77-thread-1] INFO  server.RaftServerConfigKeys (ConfUtils.java:logGet(43)) - raft.server.log.segment.size.max = 1048576 (custom)
2019-09-12 06:02:54,789 [pool-67-thread-1] INFO  server.RaftServerConfigKeys (ConfUtils.java:logGet(43)) - raft.server.log.force.sync.num = 128 (default)
2019-09-12 06:02:54,789 [pool-27-thread-1] INFO  server.RaftServerConfigKeys (ConfUtils.java:logGet(43)) - raft.server.log.segment.cache.num.max = 2 (custom)
2019-09-12 06:02:54,789 [pool-67-thread-1] INFO  server.RaftServerConfigKeys (ConfUtils.java:logGet(43)) - raft.server.log.statemachine.data.sync = true (default)
2019-09-12 06:02:54,789 [pool-77-thread-1] INFO  server.RaftServerConfigKeys (ConfUtils.java:logGet(43)) - raft.server.log.segment.cache.num.max = 2 (custom)
2019-09-12 06:02:54,789 [pool-67-thread-1] INFO  server.RaftServerConfigKeys (ConfUtils.java:logGet(43)) - raft.server.log.statemachine.data.sync.timeout = 10s (default)
2019-09-12 06:02:54,789 [pool-27-thread-1] INFO  segmented.SegmentedRaftLogWorker (SegmentedRaftLogWorker.java:<init>(172)) - new e419d203-ae84-45b4-a349-326cccf7322d@group-AC406AFA1D55-SegmentedRaftLogWorker for RaftStorage:Storage Directory /workdir/hadoop-ozone/integration-test/target/test-dir/MiniOzoneClusterImpl-df7e887f-907b-44f9-9fab-c718128d2034/datanode-0/data/ratis/b4a944af-cbb9-4f34-adc2-ac406afa1d55
2019-09-12 06:02:54,789 [pool-67-thread-1] INFO  server.RaftServerConfigKeys (ConfUtils.java:logGet(43)) - raft.server.log.statemachine.data.sync.timeout.retry = -1 (default)
2019-09-12 06:02:54,789 [pool-77-thread-1] INFO  segmented.SegmentedRaftLogWorker (SegmentedRaftLogWorker.java:<init>(172)) - new 300524ac-6f40-4001-8852-e3bc017e7a2d@group-AC406AFA1D55-SegmentedRaftLogWorker for RaftStorage:Storage Directory /workdir/hadoop-ozone/integration-test/target/test-dir/MiniOzoneClusterImpl-df7e887f-907b-44f9-9fab-c718128d2034/datanode-5/data/ratis/b4a944af-cbb9-4f34-adc2-ac406afa1d55
2019-09-12 06:02:54,790 [pool-67-thread-1] INFO  server.RaftServerConfigKeys (ConfUtils.java:logGet(43)) - raft.server.log.statemachine.data.caching.enabled = true (custom)
2019-09-12 06:02:54,790 [pool-27-thread-1] INFO  server.RaftServerConfigKeys (ConfUtils.java:logGet(43)) - raft.server.log.queue.byte-limit = 2147483647 (custom)
2019-09-12 06:02:54,790 [pool-67-thread-1] INFO  segmented.SegmentedRaftLogWorker (SegmentedRaftLogWorker.java:lambda$new$0(132)) - 63029d58-985e-44b6-b8f1-28f19ea5ad76@group-AC406AFA1D55-SegmentedRaftLogWorker: flushIndex: setUnconditionally 0 -> -1
2019-09-12 06:02:54,790 [pool-77-thread-1] INFO  server.RaftServerConfigKeys (ConfUtils.java:logGet(43)) - raft.server.log.queue.byte-limit = 2147483647 (custom)
2019-09-12 06:02:54,790 [pool-27-thread-1] INFO  server.RaftServerConfigKeys (ConfUtils.java:logGet(43)) - raft.server.log.queue.element-limit = 1024 (custom)
2019-09-12 06:02:54,790 [pool-67-thread-1] INFO  server.RaftServerConfigKeys (ConfUtils.java:logGet(43)) - raft.server.snapshot.auto.trigger.enabled = true (custom)
2019-09-12 06:02:54,790 [pool-77-thread-1] INFO  server.RaftServerConfigKeys (ConfUtils.java:logGet(43)) - raft.server.log.queue.element-limit = 1024 (custom)
2019-09-12 06:02:54,790 [pool-67-thread-1] INFO  server.RaftServerConfigKeys (ConfUtils.java:logGet(43)) - raft.server.snapshot.auto.trigger.threshold = 10000 (custom)
2019-09-12 06:02:54,790 [pool-27-thread-1] INFO  server.RaftServerConfigKeys (ConfUtils.java:logGet(43)) - raft.server.log.segment.size.max = 1048576 (custom)
2019-09-12 06:02:54,791 [pool-67-thread-1] INFO  server.RaftServerConfigKeys (ConfUtils.java:logGet(43)) - raft.server.snapshot.retention.num.files = -1 (default)
2019-09-12 06:02:54,790 [pool-77-thread-1] INFO  server.RaftServerConfigKeys (ConfUtils.java:logGet(43)) - raft.server.log.segment.size.max = 1048576 (custom)
2019-09-12 06:02:54,791 [pool-67-thread-1] INFO  server.RaftServerConfigKeys (ConfUtils.java:logGet(43)) - raft.server.retrycache.expirytime = 600000ms (custom)
2019-09-12 06:02:54,791 [pool-27-thread-1] INFO  server.RaftServerConfigKeys (ConfUtils.java:logGet(43)) - raft.server.log.preallocated.size = 16384 (custom)
2019-09-12 06:02:54,791 [pool-77-thread-1] INFO  server.RaftServerConfigKeys (ConfUtils.java:logGet(43)) - raft.server.log.preallocated.size = 16384 (custom)
2019-09-12 06:02:54,791 [pool-27-thread-1] INFO  server.RaftServerConfigKeys (ConfUtils.java:logGet(43)) - raft.server.log.write.buffer.size = 33554432 (custom)
2019-09-12 06:02:54,791 [pool-77-thread-1] INFO  server.RaftServerConfigKeys (ConfUtils.java:logGet(43)) - raft.server.log.write.buffer.size = 33554432 (custom)
2019-09-12 06:02:54,791 [pool-27-thread-1] INFO  server.RaftServerConfigKeys (ConfUtils.java:logGet(43)) - raft.server.log.force.sync.num = 128 (default)
2019-09-12 06:02:54,791 [pool-77-thread-1] INFO  server.RaftServerConfigKeys (ConfUtils.java:logGet(43)) - raft.server.log.force.sync.num = 128 (default)
2019-09-12 06:02:54,791 [pool-27-thread-1] INFO  server.RaftServerConfigKeys (ConfUtils.java:logGet(43)) - raft.server.log.statemachine.data.sync = true (default)
2019-09-12 06:02:54,792 [pool-77-thread-1] INFO  server.RaftServerConfigKeys (ConfUtils.java:logGet(43)) - raft.server.log.statemachine.data.sync = true (default)
2019-09-12 06:02:54,792 [pool-27-thread-1] INFO  server.RaftServerConfigKeys (ConfUtils.java:logGet(43)) - raft.server.log.statemachine.data.sync.timeout = 10s (default)
2019-09-12 06:02:54,792 [pool-77-thread-1] INFO  server.RaftServerConfigKeys (ConfUtils.java:logGet(43)) - raft.server.log.statemachine.data.sync.timeout = 10s (default)
2019-09-12 06:02:54,792 [pool-27-thread-1] INFO  server.RaftServerConfigKeys (ConfUtils.java:logGet(43)) - raft.server.log.statemachine.data.sync.timeout.retry = -1 (default)
2019-09-12 06:02:54,792 [pool-77-thread-1] INFO  server.RaftServerConfigKeys (ConfUtils.java:logGet(43)) - raft.server.log.statemachine.data.sync.timeout.retry = -1 (default)
2019-09-12 06:02:54,792 [pool-27-thread-1] INFO  server.RaftServerConfigKeys (ConfUtils.java:logGet(43)) - raft.server.log.statemachine.data.caching.enabled = true (custom)
2019-09-12 06:02:54,792 [pool-77-thread-1] INFO  server.RaftServerConfigKeys (ConfUtils.java:logGet(43)) - raft.server.log.statemachine.data.caching.enabled = true (custom)
2019-09-12 06:02:54,793 [pool-27-thread-1] INFO  segmented.SegmentedRaftLogWorker (SegmentedRaftLogWorker.java:lambda$new$0(132)) - e419d203-ae84-45b4-a349-326cccf7322d@group-AC406AFA1D55-SegmentedRaftLogWorker: flushIndex: setUnconditionally 0 -> -1
2019-09-12 06:02:54,793 [pool-77-thread-1] INFO  segmented.SegmentedRaftLogWorker (SegmentedRaftLogWorker.java:lambda$new$0(132)) - 300524ac-6f40-4001-8852-e3bc017e7a2d@group-AC406AFA1D55-SegmentedRaftLogWorker: flushIndex: setUnconditionally 0 -> -1
2019-09-12 06:02:54,793 [pool-27-thread-1] INFO  server.RaftServerConfigKeys (ConfUtils.java:logGet(43)) - raft.server.snapshot.auto.trigger.enabled = true (custom)
2019-09-12 06:02:54,793 [pool-27-thread-1] INFO  server.RaftServerConfigKeys (ConfUtils.java:logGet(43)) - raft.server.snapshot.auto.trigger.threshold = 10000 (custom)
2019-09-12 06:02:54,793 [pool-77-thread-1] INFO  server.RaftServerConfigKeys (ConfUtils.java:logGet(43)) - raft.server.snapshot.auto.trigger.enabled = true (custom)
2019-09-12 06:02:54,793 [pool-27-thread-1] INFO  server.RaftServerConfigKeys (ConfUtils.java:logGet(43)) - raft.server.snapshot.retention.num.files = -1 (default)
2019-09-12 06:02:54,793 [pool-77-thread-1] INFO  server.RaftServerConfigKeys (ConfUtils.java:logGet(43)) - raft.server.snapshot.auto.trigger.threshold = 10000 (custom)
2019-09-12 06:02:54,793 [pool-27-thread-1] INFO  server.RaftServerConfigKeys (ConfUtils.java:logGet(43)) - raft.server.retrycache.expirytime = 600000ms (custom)
2019-09-12 06:02:54,793 [pool-77-thread-1] INFO  server.RaftServerConfigKeys (ConfUtils.java:logGet(43)) - raft.server.snapshot.retention.num.files = -1 (default)
2019-09-12 06:02:54,794 [pool-67-thread-1] INFO  impl.RaftServerImpl (RaftServerImpl.java:start(185)) - 63029d58-985e-44b6-b8f1-28f19ea5ad76@group-AC406AFA1D55: start as a follower, conf=-1: [63029d58-985e-44b6-b8f1-28f19ea5ad76:192.168.34.52:43376, 300524ac-6f40-4001-8852-e3bc017e7a2d:192.168.34.52:35783, e419d203-ae84-45b4-a349-326cccf7322d:192.168.34.52:35999], old=null
2019-09-12 06:02:54,794 [pool-77-thread-1] INFO  server.RaftServerConfigKeys (ConfUtils.java:logGet(43)) - raft.server.retrycache.expirytime = 600000ms (custom)
2019-09-12 06:02:54,794 [pool-67-thread-1] INFO  impl.RaftServerImpl (RaftServerImpl.java:setRole(174)) - 63029d58-985e-44b6-b8f1-28f19ea5ad76@group-AC406AFA1D55: changes role from      null to FOLLOWER at term 0 for startAsFollower
2019-09-12 06:02:54,794 [pool-67-thread-1] INFO  impl.RoleInfo (RoleInfo.java:updateAndGet(143)) - 63029d58-985e-44b6-b8f1-28f19ea5ad76: start FollowerState
2019-09-12 06:02:54,795 [pool-67-thread-1] INFO  util.JmxRegister (JmxRegister.java:tryRegister(44)) - Successfully registered JMX Bean with object name Ratis:service=RaftServer,group=group-AC406AFA1D55,id=63029d58-985e-44b6-b8f1-28f19ea5ad76
2019-09-12 06:02:54,796 [pool-27-thread-1] INFO  impl.RaftServerImpl (RaftServerImpl.java:start(185)) - e419d203-ae84-45b4-a349-326cccf7322d@group-AC406AFA1D55: start as a follower, conf=-1: [63029d58-985e-44b6-b8f1-28f19ea5ad76:192.168.34.52:43376, 300524ac-6f40-4001-8852-e3bc017e7a2d:192.168.34.52:35783, e419d203-ae84-45b4-a349-326cccf7322d:192.168.34.52:35999], old=null
2019-09-12 06:02:54,796 [pool-27-thread-1] INFO  impl.RaftServerImpl (RaftServerImpl.java:setRole(174)) - e419d203-ae84-45b4-a349-326cccf7322d@group-AC406AFA1D55: changes role from      null to FOLLOWER at term 0 for startAsFollower
2019-09-12 06:02:54,796 [pool-77-thread-1] INFO  impl.RaftServerImpl (RaftServerImpl.java:start(185)) - 300524ac-6f40-4001-8852-e3bc017e7a2d@group-AC406AFA1D55: start as a follower, conf=-1: [63029d58-985e-44b6-b8f1-28f19ea5ad76:192.168.34.52:43376, 300524ac-6f40-4001-8852-e3bc017e7a2d:192.168.34.52:35783, e419d203-ae84-45b4-a349-326cccf7322d:192.168.34.52:35999], old=null
2019-09-12 06:02:54,796 [pool-27-thread-1] INFO  impl.RoleInfo (RoleInfo.java:updateAndGet(143)) - e419d203-ae84-45b4-a349-326cccf7322d: start FollowerState
2019-09-12 06:02:54,796 [pool-77-thread-1] INFO  impl.RaftServerImpl (RaftServerImpl.java:setRole(174)) - 300524ac-6f40-4001-8852-e3bc017e7a2d@group-AC406AFA1D55: changes role from      null to FOLLOWER at term 0 for startAsFollower
2019-09-12 06:02:54,797 [pool-77-thread-1] INFO  impl.RoleInfo (RoleInfo.java:updateAndGet(143)) - 300524ac-6f40-4001-8852-e3bc017e7a2d: start FollowerState
2019-09-12 06:02:54,797 [pool-27-thread-1] INFO  util.JmxRegister (JmxRegister.java:tryRegister(44)) - Successfully registered JMX Bean with object name Ratis:service=RaftServer,group=group-AC406AFA1D55,id=e419d203-ae84-45b4-a349-326cccf7322d
2019-09-12 06:02:54,797 [pool-77-thread-1] INFO  util.JmxRegister (JmxRegister.java:tryRegister(44)) - Successfully registered JMX Bean with object name Ratis:service=RaftServer,group=group-AC406AFA1D55,id=300524ac-6f40-4001-8852-e3bc017e7a2d
2019-09-12 06:02:54,799 [RatisPipelineUtilsThread] INFO  pipeline.PipelineStateManager (PipelineStateManager.java:addPipeline(56)) - Created pipeline Pipeline[ Id: b4a944af-cbb9-4f34-adc2-ac406afa1d55, Nodes: 63029d58-985e-44b6-b8f1-28f19ea5ad76{ip: 192.168.34.52, host: trunk-nightly-20190912-4gc2t-2068889165, networkLocation: /default-rack, certSerialId: null}e419d203-ae84-45b4-a349-326cccf7322d{ip: 192.168.34.52, host: trunk-nightly-20190912-4gc2t-2068889165, networkLocation: /default-rack, certSerialId: null}300524ac-6f40-4001-8852-e3bc017e7a2d{ip: 192.168.34.52, host: trunk-nightly-20190912-4gc2t-2068889165, networkLocation: /default-rack, certSerialId: null}, Type:RATIS, Factor:THREE, State:OPEN]
2019-09-12 06:02:54,991 [grpc-default-executor-3] INFO  client.GrpcClientProtocolClient (GrpcClientProtocolClient.java:onNext(264)) - client-A49E3A1ED208->63029d58-985e-44b6-b8f1-28f19ea5ad76: receive RaftClientReply:client-A49E3A1ED208->63029d58-985e-44b6-b8f1-28f19ea5ad76@group-0077CE01DE48, cid=32, FAILED org.apache.ratis.protocol.NotLeaderException: Server 63029d58-985e-44b6-b8f1-28f19ea5ad76@group-0077CE01DE48 is not the leader 300524ac-6f40-4001-8852-e3bc017e7a2d:192.168.34.52:35783, logIndex=0, commits[63029d58-985e-44b6-b8f1-28f19ea5ad76:c10, 300524ac-6f40-4001-8852-e3bc017e7a2d:c10, e419d203-ae84-45b4-a349-326cccf7322d:c6]
2019-09-12 06:02:55,708 [org.apache.ratis.server.impl.LogAppender$AppenderDaemon$$Lambda$547/1589537345@35f95088] ERROR ratis.XceiverServerRatis (XceiverServerRatis.java:triggerPipelineClose(568)) - pipeline Action CLOSE  on pipeline PipelineID=0700555e-d407-47f7-9b9f-0077ce01de48.Reason : 300524ac-6f40-4001-8852-e3bc017e7a2d has not seen follower/s 63029d58-985e-44b6-b8f1-28f19ea5ad76 for 167370ms e419d203-ae84-45b4-a349-326cccf7322d for 167370ms
2019-09-12 06:02:55,708 [org.apache.ratis.server.impl.LogAppender$AppenderDaemon$$Lambda$547/1589537345@57e996e8] ERROR ratis.XceiverServerRatis (XceiverServerRatis.java:triggerPipelineClose(568)) - pipeline Action CLOSE  on pipeline PipelineID=0700555e-d407-47f7-9b9f-0077ce01de48.Reason : 300524ac-6f40-4001-8852-e3bc017e7a2d has not seen follower/s 63029d58-985e-44b6-b8f1-28f19ea5ad76 for 167370ms e419d203-ae84-45b4-a349-326cccf7322d for 167370ms
2019-09-12 06:02:56,207 [java.util.concurrent.ThreadPoolExecutor$Worker@31a3eae4[State = -1, empty queue]] WARN  server.GrpcLogAppender (GrpcLogAppender.java:timeoutAppendRequest(200)) - 300524ac-6f40-4001-8852-e3bc017e7a2d@group-0077CE01DE48->63029d58-985e-44b6-b8f1-28f19ea5ad76-GrpcLogAppender: appendEntries Timeout, request=300524ac-6f40-4001-8852-e3bc017e7a2d->63029d58-985e-44b6-b8f1-28f19ea5ad76#155-t1, previous=(t:1, i:14), leaderCommit=10, initializing? false, entries: <empty>
2019-09-12 06:02:56,207 [java.util.concurrent.ThreadPoolExecutor$Worker@44961301[State = -1, empty queue]] WARN  server.GrpcLogAppender (GrpcLogAppender.java:timeoutAppendRequest(200)) - 300524ac-6f40-4001-8852-e3bc017e7a2d@group-0077CE01DE48->e419d203-ae84-45b4-a349-326cccf7322d-GrpcLogAppender: appendEntries Timeout, request=300524ac-6f40-4001-8852-e3bc017e7a2d->e419d203-ae84-45b4-a349-326cccf7322d#155-t1, previous=(t:1, i:14), leaderCommit=10, initializing? false, entries: <empty>
2019-09-12 06:02:56,701 [EventQueue-PipelineActionsForPipelineActionHandler] ERROR pipeline.PipelineActionHandler (PipelineActionHandler.java:onMessage(60)) - Received pipeline action CLOSE for Pipeline[ Id: 0700555e-d407-47f7-9b9f-0077ce01de48, Nodes: 63029d58-985e-44b6-b8f1-28f19ea5ad76{ip: 192.168.34.52, host: trunk-nightly-20190912-4gc2t-2068889165, networkLocation: /default-rack, certSerialId: null}e419d203-ae84-45b4-a349-326cccf7322d{ip: 192.168.34.52, host: trunk-nightly-20190912-4gc2t-2068889165, networkLocation: /default-rack, certSerialId: null}300524ac-6f40-4001-8852-e3bc017e7a2d{ip: 192.168.34.52, host: trunk-nightly-20190912-4gc2t-2068889165, networkLocation: /default-rack, certSerialId: null}, Type:RATIS, Factor:THREE, State:CLOSED] from datanode 300524ac-6f40-4001-8852-e3bc017e7a2d{ip: 192.168.34.52, host: trunk-nightly-20190912-4gc2t-2068889165, networkLocation: /default-rack, certSerialId: null}. Reason : 300524ac-6f40-4001-8852-e3bc017e7a2d has not seen follower/s 63029d58-985e-44b6-b8f1-28f19ea5ad76 for 167370ms e419d203-ae84-45b4-a349-326cccf7322d for 167370ms
2019-09-12 06:02:56,702 [EventQueue-PipelineActionsForPipelineActionHandler] INFO  pipeline.SCMPipelineManager (SCMPipelineManager.java:finalizeAndDestroyPipeline(311)) - destroying pipeline:Pipeline[ Id: 0700555e-d407-47f7-9b9f-0077ce01de48, Nodes: 63029d58-985e-44b6-b8f1-28f19ea5ad76{ip: 192.168.34.52, host: trunk-nightly-20190912-4gc2t-2068889165, networkLocation: /default-rack, certSerialId: null}e419d203-ae84-45b4-a349-326cccf7322d{ip: 192.168.34.52, host: trunk-nightly-20190912-4gc2t-2068889165, networkLocation: /default-rack, certSerialId: null}300524ac-6f40-4001-8852-e3bc017e7a2d{ip: 192.168.34.52, host: trunk-nightly-20190912-4gc2t-2068889165, networkLocation: /default-rack, certSerialId: null}, Type:RATIS, Factor:THREE, State:CLOSED]
2019-09-12 06:02:58,209 [org.apache.ratis.server.impl.LogAppender$AppenderDaemon$$Lambda$547/1589537345@35f95088] ERROR ratis.XceiverServerRatis (XceiverServerRatis.java:triggerPipelineClose(568)) - pipeline Action CLOSE  on pipeline PipelineID=0700555e-d407-47f7-9b9f-0077ce01de48.Reason : 300524ac-6f40-4001-8852-e3bc017e7a2d has not seen follower/s 63029d58-985e-44b6-b8f1-28f19ea5ad76 for 169871ms e419d203-ae84-45b4-a349-326cccf7322d for 169871ms
2019-09-12 06:02:58,209 [org.apache.ratis.server.impl.LogAppender$AppenderDaemon$$Lambda$547/1589537345@57e996e8] ERROR ratis.XceiverServerRatis (XceiverServerRatis.java:triggerPipelineClose(568)) - pipeline Action CLOSE  on pipeline PipelineID=0700555e-d407-47f7-9b9f-0077ce01de48.Reason : 300524ac-6f40-4001-8852-e3bc017e7a2d has not seen follower/s 63029d58-985e-44b6-b8f1-28f19ea5ad76 for 169871ms e419d203-ae84-45b4-a349-326cccf7322d for 169871ms
2019-09-12 06:02:58,574 [63029d58-985e-44b6-b8f1-28f19ea5ad76@group-0077CE01DE48-SegmentedRaftLogWorker] WARN  segmented.SegmentedRaftLogWorker (SegmentedRaftLogWorker.java:getFromFuture(90)) - Timeout 16/~
org.apache.ratis.protocol.TimeoutIOException: Timeout 10s: WriteLog:11: (t:1, i:11), STATEMACHINELOGENTRY, client-A49E3A1ED208, cid=32-writeStateMachineData
	at org.apache.ratis.util.IOUtils.getFromFuture(IOUtils.java:87)
	at org.apache.ratis.server.raftlog.segmented.SegmentedRaftLogWorker$StateMachineDataPolicy.getFromFuture(SegmentedRaftLogWorker.java:87)
	at org.apache.ratis.server.raftlog.segmented.SegmentedRaftLogWorker$WriteLog.execute(SegmentedRaftLogWorker.java:477)
	at org.apache.ratis.server.raftlog.segmented.SegmentedRaftLogWorker.run(SegmentedRaftLogWorker.java:289)
	at java.lang.Thread.run(Thread.java:748)
Caused by: java.util.concurrent.TimeoutException
	at java.util.concurrent.CompletableFuture.timedGet(CompletableFuture.java:1771)
	at java.util.concurrent.CompletableFuture.get(CompletableFuture.java:1915)
	at org.apache.ratis.util.IOUtils.getFromFuture(IOUtils.java:79)
	... 4 more
2019-09-12 06:02:58,608 [e419d203-ae84-45b4-a349-326cccf7322d@group-0077CE01DE48-SegmentedRaftLogWorker] WARN  segmented.SegmentedRaftLogWorker (SegmentedRaftLogWorker.java:getFromFuture(90)) - Timeout 16/~
org.apache.ratis.protocol.TimeoutIOException: Timeout 10s: WriteLog:11: (t:1, i:11), STATEMACHINELOGENTRY, client-A49E3A1ED208, cid=32-writeStateMachineData
	at org.apache.ratis.util.IOUtils.getFromFuture(IOUtils.java:87)
	at org.apache.ratis.server.raftlog.segmented.SegmentedRaftLogWorker$StateMachineDataPolicy.getFromFuture(SegmentedRaftLogWorker.java:87)
	at org.apache.ratis.server.raftlog.segmented.SegmentedRaftLogWorker$WriteLog.execute(SegmentedRaftLogWorker.java:477)
	at org.apache.ratis.server.raftlog.segmented.SegmentedRaftLogWorker.run(SegmentedRaftLogWorker.java:289)
	at java.lang.Thread.run(Thread.java:748)
Caused by: java.util.concurrent.TimeoutException
	at java.util.concurrent.CompletableFuture.timedGet(CompletableFuture.java:1771)
	at java.util.concurrent.CompletableFuture.get(CompletableFuture.java:1915)
	at org.apache.ratis.util.IOUtils.getFromFuture(IOUtils.java:79)
	... 4 more
2019-09-12 06:02:58,688 [300524ac-6f40-4001-8852-e3bc017e7a2d@group-0077CE01DE48-SegmentedRaftLogWorker] WARN  segmented.SegmentedRaftLogWorker (SegmentedRaftLogWorker.java:getFromFuture(90)) - Timeout 16/~
org.apache.ratis.protocol.TimeoutIOException: Timeout 10s: WriteLog:12: (t:1, i:12), STATEMACHINELOGENTRY, client-A49E3A1ED208, cid=33-writeStateMachineData
	at org.apache.ratis.util.IOUtils.getFromFuture(IOUtils.java:87)
	at org.apache.ratis.server.raftlog.segmented.SegmentedRaftLogWorker$StateMachineDataPolicy.getFromFuture(SegmentedRaftLogWorker.java:87)
	at org.apache.ratis.server.raftlog.segmented.SegmentedRaftLogWorker$WriteLog.execute(SegmentedRaftLogWorker.java:477)
	at org.apache.ratis.server.raftlog.segmented.SegmentedRaftLogWorker.run(SegmentedRaftLogWorker.java:289)
	at java.lang.Thread.run(Thread.java:748)
Caused by: java.util.concurrent.TimeoutException
	at java.util.concurrent.CompletableFuture.timedGet(CompletableFuture.java:1771)
	at java.util.concurrent.CompletableFuture.get(CompletableFuture.java:1915)
	at org.apache.ratis.util.IOUtils.getFromFuture(IOUtils.java:79)
	... 4 more
2019-09-12 06:02:58,702 [EventQueue-PipelineActionsForPipelineActionHandler] ERROR pipeline.PipelineActionHandler (PipelineActionHandler.java:onMessage(60)) - Received pipeline action CLOSE for Pipeline[ Id: 0700555e-d407-47f7-9b9f-0077ce01de48, Nodes: 63029d58-985e-44b6-b8f1-28f19ea5ad76{ip: 192.168.34.52, host: trunk-nightly-20190912-4gc2t-2068889165, networkLocation: /default-rack, certSerialId: null}e419d203-ae84-45b4-a349-326cccf7322d{ip: 192.168.34.52, host: trunk-nightly-20190912-4gc2t-2068889165, networkLocation: /default-rack, certSerialId: null}300524ac-6f40-4001-8852-e3bc017e7a2d{ip: 192.168.34.52, host: trunk-nightly-20190912-4gc2t-2068889165, networkLocation: /default-rack, certSerialId: null}, Type:RATIS, Factor:THREE, State:CLOSED] from datanode 300524ac-6f40-4001-8852-e3bc017e7a2d{ip: 192.168.34.52, host: trunk-nightly-20190912-4gc2t-2068889165, networkLocation: /default-rack, certSerialId: null}. Reason : 300524ac-6f40-4001-8852-e3bc017e7a2d has not seen follower/s 63029d58-985e-44b6-b8f1-28f19ea5ad76 for 169871ms e419d203-ae84-45b4-a349-326cccf7322d for 169871ms
2019-09-12 06:02:58,702 [EventQueue-PipelineActionsForPipelineActionHandler] INFO  pipeline.SCMPipelineManager (SCMPipelineManager.java:finalizeAndDestroyPipeline(311)) - destroying pipeline:Pipeline[ Id: 0700555e-d407-47f7-9b9f-0077ce01de48, Nodes: 63029d58-985e-44b6-b8f1-28f19ea5ad76{ip: 192.168.34.52, host: trunk-nightly-20190912-4gc2t-2068889165, networkLocation: /default-rack, certSerialId: null}e419d203-ae84-45b4-a349-326cccf7322d{ip: 192.168.34.52, host: trunk-nightly-20190912-4gc2t-2068889165, networkLocation: /default-rack, certSerialId: null}300524ac-6f40-4001-8852-e3bc017e7a2d{ip: 192.168.34.52, host: trunk-nightly-20190912-4gc2t-2068889165, networkLocation: /default-rack, certSerialId: null}, Type:RATIS, Factor:THREE, State:CLOSED]
2019-09-12 06:02:58,708 [java.util.concurrent.ThreadPoolExecutor$Worker@44961301[State = -1, empty queue]] WARN  server.GrpcLogAppender (GrpcLogAppender.java:timeoutAppendRequest(200)) - 300524ac-6f40-4001-8852-e3bc017e7a2d@group-0077CE01DE48->e419d203-ae84-45b4-a349-326cccf7322d-GrpcLogAppender: appendEntries Timeout, request=300524ac-6f40-4001-8852-e3bc017e7a2d->e419d203-ae84-45b4-a349-326cccf7322d#156-t1, previous=(t:1, i:14), leaderCommit=10, initializing? false, entries: <empty>
2019-09-12 06:02:58,708 [java.util.concurrent.ThreadPoolExecutor$Worker@31a3eae4[State = -1, empty queue]] WARN  server.GrpcLogAppender (GrpcLogAppender.java:timeoutAppendRequest(200)) - 300524ac-6f40-4001-8852-e3bc017e7a2d@group-0077CE01DE48->63029d58-985e-44b6-b8f1-28f19ea5ad76-GrpcLogAppender: appendEntries Timeout, request=300524ac-6f40-4001-8852-e3bc017e7a2d->63029d58-985e-44b6-b8f1-28f19ea5ad76#156-t1, previous=(t:1, i:14), leaderCommit=10, initializing? false, entries: <empty>
2019-09-12 06:02:59,827 [Thread-1326] INFO  impl.FollowerState (FollowerState.java:run(106)) - 300524ac-6f40-4001-8852-e3bc017e7a2d:group-AC406AFA1D55 changes to CANDIDATE, lastRpcTime:5030, electionTimeout:5030ms
2019-09-12 06:02:59,828 [Thread-1326] INFO  impl.RoleInfo (RoleInfo.java:shutdownFollowerState(121)) - 300524ac-6f40-4001-8852-e3bc017e7a2d: shutdown FollowerState
2019-09-12 06:02:59,828 [Thread-1326] INFO  impl.RaftServerImpl (RaftServerImpl.java:setRole(174)) - 300524ac-6f40-4001-8852-e3bc017e7a2d@group-AC406AFA1D55: changes role from  FOLLOWER to CANDIDATE at term 0 for changeToCandidate
2019-09-12 06:02:59,829 [Thread-1326] INFO  impl.RoleInfo (RoleInfo.java:updateAndGet(143)) - 300524ac-6f40-4001-8852-e3bc017e7a2d: start LeaderElection
2019-09-12 06:02:59,841 [Thread-1323] INFO  impl.FollowerState (FollowerState.java:run(106)) - 63029d58-985e-44b6-b8f1-28f19ea5ad76:group-AC406AFA1D55 changes to CANDIDATE, lastRpcTime:5046, electionTimeout:5046ms
2019-09-12 06:02:59,841 [Thread-1323] INFO  impl.RoleInfo (RoleInfo.java:shutdownFollowerState(121)) - 63029d58-985e-44b6-b8f1-28f19ea5ad76: shutdown FollowerState
2019-09-12 06:02:59,841 [Thread-1323] INFO  impl.RaftServerImpl (RaftServerImpl.java:setRole(174)) - 63029d58-985e-44b6-b8f1-28f19ea5ad76@group-AC406AFA1D55: changes role from  FOLLOWER to CANDIDATE at term 0 for changeToCandidate
2019-09-12 06:02:59,841 [Thread-1323] INFO  impl.RoleInfo (RoleInfo.java:updateAndGet(143)) - 63029d58-985e-44b6-b8f1-28f19ea5ad76: start LeaderElection
2019-09-12 06:02:59,860 [300524ac-6f40-4001-8852-e3bc017e7a2d@group-AC406AFA1D55:LeaderElection13] INFO  impl.LeaderElection (LeaderElection.java:askForVotes(182)) - 300524ac-6f40-4001-8852-e3bc017e7a2d@group-AC406AFA1D55:LeaderElection13: begin an election at term 1 for -1: [63029d58-985e-44b6-b8f1-28f19ea5ad76:192.168.34.52:43376, 300524ac-6f40-4001-8852-e3bc017e7a2d:192.168.34.52:35783, e419d203-ae84-45b4-a349-326cccf7322d:192.168.34.52:35999], old=null
2019-09-12 06:02:59,866 [grpc-default-executor-3] INFO  impl.RaftServerImpl (RaftServerImpl.java:setRole(174)) - e419d203-ae84-45b4-a349-326cccf7322d@group-AC406AFA1D55: changes role from  FOLLOWER to FOLLOWER at term 1 for recognizeCandidate:300524ac-6f40-4001-8852-e3bc017e7a2d
2019-09-12 06:02:59,866 [grpc-default-executor-3] INFO  impl.RoleInfo (RoleInfo.java:shutdownFollowerState(121)) - e419d203-ae84-45b4-a349-326cccf7322d: shutdown FollowerState
2019-09-12 06:02:59,866 [grpc-default-executor-3] INFO  impl.RoleInfo (RoleInfo.java:updateAndGet(143)) - e419d203-ae84-45b4-a349-326cccf7322d: start FollowerState
2019-09-12 06:02:59,866 [Thread-1325] INFO  impl.FollowerState (FollowerState.java:run(115)) - e419d203-ae84-45b4-a349-326cccf7322d: FollowerState was interrupted: java.lang.InterruptedException: sleep interrupted
2019-09-12 06:02:59,874 [63029d58-985e-44b6-b8f1-28f19ea5ad76@group-AC406AFA1D55:LeaderElection14] INFO  impl.LeaderElection (LeaderElection.java:askForVotes(182)) - 63029d58-985e-44b6-b8f1-28f19ea5ad76@group-AC406AFA1D55:LeaderElection14: begin an election at term 1 for -1: [63029d58-985e-44b6-b8f1-28f19ea5ad76:192.168.34.52:43376, 300524ac-6f40-4001-8852-e3bc017e7a2d:192.168.34.52:35783, e419d203-ae84-45b4-a349-326cccf7322d:192.168.34.52:35999], old=null
2019-09-12 06:02:59,875 [300524ac-6f40-4001-8852-e3bc017e7a2d@group-AC406AFA1D55:LeaderElection13] INFO  impl.LeaderElection (LeaderElection.java:logAndReturn(56)) - 300524ac-6f40-4001-8852-e3bc017e7a2d@group-AC406AFA1D55:LeaderElection13: Election PASSED; received 2 response(s) [300524ac-6f40-4001-8852-e3bc017e7a2d<-63029d58-985e-44b6-b8f1-28f19ea5ad76#0:FAIL-t1, 300524ac-6f40-4001-8852-e3bc017e7a2d<-e419d203-ae84-45b4-a349-326cccf7322d#0:OK-t1] and 0 exception(s); 300524ac-6f40-4001-8852-e3bc017e7a2d@group-AC406AFA1D55:t1, leader=null, voted=300524ac-6f40-4001-8852-e3bc017e7a2d, raftlog=300524ac-6f40-4001-8852-e3bc017e7a2d@group-AC406AFA1D55-SegmentedRaftLog:OPENED:c-1,f-1,i0, conf=-1: [63029d58-985e-44b6-b8f1-28f19ea5ad76:192.168.34.52:43376, 300524ac-6f40-4001-8852-e3bc017e7a2d:192.168.34.52:35783, e419d203-ae84-45b4-a349-326cccf7322d:192.168.34.52:35999], old=null
2019-09-12 06:02:59,875 [300524ac-6f40-4001-8852-e3bc017e7a2d@group-AC406AFA1D55:LeaderElection13] INFO  impl.RoleInfo (RoleInfo.java:shutdownLeaderElection(134)) - 300524ac-6f40-4001-8852-e3bc017e7a2d: shutdown LeaderElection
2019-09-12 06:02:59,876 [300524ac-6f40-4001-8852-e3bc017e7a2d@group-AC406AFA1D55:LeaderElection13] INFO  impl.RaftServerImpl (RaftServerImpl.java:setRole(174)) - 300524ac-6f40-4001-8852-e3bc017e7a2d@group-AC406AFA1D55: changes role from CANDIDATE to LEADER at term 1 for changeToLeader
2019-09-12 06:02:59,878 [300524ac-6f40-4001-8852-e3bc017e7a2d@group-AC406AFA1D55:LeaderElection13] INFO  impl.RaftServerImpl (ServerState.java:setLeader(253)) - 300524ac-6f40-4001-8852-e3bc017e7a2d@group-AC406AFA1D55: change Leader from null to 300524ac-6f40-4001-8852-e3bc017e7a2d at term 1 for becomeLeader, leader elected after 5091ms
2019-09-12 06:02:59,878 [300524ac-6f40-4001-8852-e3bc017e7a2d@group-AC406AFA1D55:LeaderElection13] INFO  server.RaftServerConfigKeys (ConfUtils.java:logGet(43)) - raft.server.staging.catchup.gap = 1000 (default)
2019-09-12 06:02:59,878 [300524ac-6f40-4001-8852-e3bc017e7a2d@group-AC406AFA1D55:LeaderElection13] INFO  server.RaftServerConfigKeys (ConfUtils.java:logGet(43)) - raft.server.rpc.sleep.time = 25ms (default)
2019-09-12 06:02:59,879 [300524ac-6f40-4001-8852-e3bc017e7a2d@group-AC406AFA1D55:LeaderElection13] INFO  server.RaftServerConfigKeys (ConfUtils.java:logGet(43)) - raft.server.write.element-limit = 4096 (default)
2019-09-12 06:02:59,879 [300524ac-6f40-4001-8852-e3bc017e7a2d@group-AC406AFA1D55:LeaderElection13] INFO  server.RaftServerConfigKeys (ConfUtils.java:logGet(43)) - raft.server.watch.timeout = 10s (default)
2019-09-12 06:02:59,879 [300524ac-6f40-4001-8852-e3bc017e7a2d@group-AC406AFA1D55:LeaderElection13] INFO  server.RaftServerConfigKeys (ConfUtils.java:logGet(43)) - raft.server.watch.timeout.denomination = 1s (default)
2019-09-12 06:02:59,879 [300524ac-6f40-4001-8852-e3bc017e7a2d@group-AC406AFA1D55:LeaderElection13] INFO  server.RaftServerConfigKeys (ConfUtils.java:logGet(43)) - raft.server.watch.element-limit = 65536 (default)
2019-09-12 06:02:59,884 [300524ac-6f40-4001-8852-e3bc017e7a2d@group-AC406AFA1D55:LeaderElection13] INFO  server.RaftServerConfigKeys (ConfUtils.java:logGet(43)) - raft.server.log.appender.snapshot.chunk.size.max = 16MB (=16777216) (default)
2019-09-12 06:02:59,884 [300524ac-6f40-4001-8852-e3bc017e7a2d@group-AC406AFA1D55:LeaderElection13] INFO  server.RaftServerConfigKeys (ConfUtils.java:logGet(43)) - raft.server.log.appender.buffer.byte-limit = 33554432 (custom)
2019-09-12 06:02:59,884 [300524ac-6f40-4001-8852-e3bc017e7a2d@group-AC406AFA1D55:LeaderElection13] INFO  server.RaftServerConfigKeys (ConfUtils.java:logGet(43)) - raft.server.log.appender.buffer.element-limit = 1 (custom)
2019-09-12 06:02:59,884 [300524ac-6f40-4001-8852-e3bc017e7a2d@group-AC406AFA1D55:LeaderElection13] INFO  grpc.GrpcConfigKeys$Server (ConfUtils.java:logGet(43)) - raft.grpc.server.leader.outstanding.appends.max = 128 (default)
2019-09-12 06:02:59,885 [300524ac-6f40-4001-8852-e3bc017e7a2d@group-AC406AFA1D55:LeaderElection13] INFO  server.RaftServerConfigKeys (ConfUtils.java:logGet(43)) - raft.server.rpc.request.timeout = 3000ms (default)
2019-09-12 06:02:59,885 [300524ac-6f40-4001-8852-e3bc017e7a2d@group-AC406AFA1D55:LeaderElection13] INFO  server.RaftServerConfigKeys (ConfUtils.java:logGet(43)) - raft.server.log.appender.install.snapshot.enabled = false (custom)
2019-09-12 06:02:59,885 [300524ac-6f40-4001-8852-e3bc017e7a2d@group-AC406AFA1D55:LeaderElection13] INFO  server.RaftServerConfigKeys (ConfUtils.java:logGet(43)) - raft.server.log.appender.snapshot.chunk.size.max = 16MB (=16777216) (default)
2019-09-12 06:02:59,885 [300524ac-6f40-4001-8852-e3bc017e7a2d@group-AC406AFA1D55:LeaderElection13] INFO  server.RaftServerConfigKeys (ConfUtils.java:logGet(43)) - raft.server.log.appender.buffer.byte-limit = 33554432 (custom)
2019-09-12 06:02:59,885 [300524ac-6f40-4001-8852-e3bc017e7a2d@group-AC406AFA1D55:LeaderElection13] INFO  server.RaftServerConfigKeys (ConfUtils.java:logGet(43)) - raft.server.log.appender.buffer.element-limit = 1 (custom)
2019-09-12 06:02:59,886 [300524ac-6f40-4001-8852-e3bc017e7a2d@group-AC406AFA1D55:LeaderElection13] INFO  grpc.GrpcConfigKeys$Server (ConfUtils.java:logGet(43)) - raft.grpc.server.leader.outstanding.appends.max = 128 (default)
2019-09-12 06:02:59,886 [300524ac-6f40-4001-8852-e3bc017e7a2d@group-AC406AFA1D55:LeaderElection13] INFO  server.RaftServerConfigKeys (ConfUtils.java:logGet(43)) - raft.server.rpc.request.timeout = 3000ms (default)
2019-09-12 06:02:59,886 [300524ac-6f40-4001-8852-e3bc017e7a2d@group-AC406AFA1D55:LeaderElection13] INFO  server.RaftServerConfigKeys (ConfUtils.java:logGet(43)) - raft.server.log.appender.install.snapshot.enabled = false (custom)
2019-09-12 06:02:59,886 [300524ac-6f40-4001-8852-e3bc017e7a2d@group-AC406AFA1D55:LeaderElection13] INFO  impl.RoleInfo (RoleInfo.java:updateAndGet(143)) - 300524ac-6f40-4001-8852-e3bc017e7a2d: start LeaderState
2019-09-12 06:02:59,887 [300524ac-6f40-4001-8852-e3bc017e7a2d@group-AC406AFA1D55:LeaderElection13] INFO  segmented.SegmentedRaftLogWorker (SegmentedRaftLogWorker.java:startLogSegment(380)) - 300524ac-6f40-4001-8852-e3bc017e7a2d@group-AC406AFA1D55-SegmentedRaftLogWorker: Starting segment from index:0
2019-09-12 06:02:59,888 [300524ac-6f40-4001-8852-e3bc017e7a2d@group-AC406AFA1D55:LeaderElection13] INFO  impl.RaftServerImpl (ServerState.java:setRaftConf(354)) - 300524ac-6f40-4001-8852-e3bc017e7a2d@group-AC406AFA1D55: set configuration 0: [63029d58-985e-44b6-b8f1-28f19ea5ad76:192.168.34.52:43376, 300524ac-6f40-4001-8852-e3bc017e7a2d:192.168.34.52:35783, e419d203-ae84-45b4-a349-326cccf7322d:192.168.34.52:35999], old=null at 0
2019-09-12 06:02:59,925 [grpc-default-executor-4] INFO  impl.RaftServerImpl (RaftServerImpl.java:requestVote(758)) - 300524ac-6f40-4001-8852-e3bc017e7a2d@group-AC406AFA1D55-   LEADER: Withhold vote from candidate 63029d58-985e-44b6-b8f1-28f19ea5ad76 with term 1. State: leader=300524ac-6f40-4001-8852-e3bc017e7a2d, term=1, lastRpcElapsed=null
2019-09-12 06:02:59,926 [grpc-default-executor-1] INFO  impl.RaftServerImpl (RaftServerImpl.java:setRole(174)) - 63029d58-985e-44b6-b8f1-28f19ea5ad76@group-AC406AFA1D55: changes role from CANDIDATE to FOLLOWER at term 1 for appendEntries
2019-09-12 06:02:59,929 [63029d58-985e-44b6-b8f1-28f19ea5ad76@group-AC406AFA1D55:LeaderElection14] INFO  impl.LeaderElection (LeaderElection.java:logAndReturn(56)) - 63029d58-985e-44b6-b8f1-28f19ea5ad76@group-AC406AFA1D55:LeaderElection14: Election REJECTED; received 2 response(s) [63029d58-985e-44b6-b8f1-28f19ea5ad76<-300524ac-6f40-4001-8852-e3bc017e7a2d#0:FAIL-t1, 63029d58-985e-44b6-b8f1-28f19ea5ad76<-e419d203-ae84-45b4-a349-326cccf7322d#0:FAIL-t1] and 0 exception(s); 63029d58-985e-44b6-b8f1-28f19ea5ad76@group-AC406AFA1D55:t1, leader=null, voted=63029d58-985e-44b6-b8f1-28f19ea5ad76, raftlog=63029d58-985e-44b6-b8f1-28f19ea5ad76@group-AC406AFA1D55-SegmentedRaftLog:OPENED:c-1,f-1,i0, conf=-1: [63029d58-985e-44b6-b8f1-28f19ea5ad76:192.168.34.52:43376, 300524ac-6f40-4001-8852-e3bc017e7a2d:192.168.34.52:35783, e419d203-ae84-45b4-a349-326cccf7322d:192.168.34.52:35999], old=null
2019-09-12 06:02:59,929 [grpc-default-executor-1] INFO  impl.RoleInfo (RoleInfo.java:shutdownLeaderElection(134)) - 63029d58-985e-44b6-b8f1-28f19ea5ad76: shutdown LeaderElection
2019-09-12 06:02:59,929 [grpc-default-executor-4] INFO  impl.RaftServerImpl (ServerState.java:setLeader(253)) - e419d203-ae84-45b4-a349-326cccf7322d@group-AC406AFA1D55: change Leader from null to 300524ac-6f40-4001-8852-e3bc017e7a2d at term 1 for appendEntries, leader elected after 5142ms
2019-09-12 06:02:59,932 [grpc-default-executor-1] INFO  impl.RoleInfo (RoleInfo.java:updateAndGet(143)) - 63029d58-985e-44b6-b8f1-28f19ea5ad76: start FollowerState
2019-09-12 06:02:59,932 [grpc-default-executor-1] INFO  impl.RaftServerImpl (ServerState.java:setLeader(253)) - 63029d58-985e-44b6-b8f1-28f19ea5ad76@group-AC406AFA1D55: change Leader from null to 300524ac-6f40-4001-8852-e3bc017e7a2d at term 1 for appendEntries, leader elected after 5146ms
2019-09-12 06:02:59,936 [grpc-default-executor-1] INFO  impl.RaftServerImpl (ServerState.java:setRaftConf(354)) - e419d203-ae84-45b4-a349-326cccf7322d@group-AC406AFA1D55: set configuration 0: [63029d58-985e-44b6-b8f1-28f19ea5ad76:192.168.34.52:43376, 300524ac-6f40-4001-8852-e3bc017e7a2d:192.168.34.52:35783, e419d203-ae84-45b4-a349-326cccf7322d:192.168.34.52:35999], old=null at 0
2019-09-12 06:02:59,936 [grpc-default-executor-4] INFO  impl.RaftServerImpl (ServerState.java:setRaftConf(354)) - 63029d58-985e-44b6-b8f1-28f19ea5ad76@group-AC406AFA1D55: set configuration 0: [63029d58-985e-44b6-b8f1-28f19ea5ad76:192.168.34.52:43376, 300524ac-6f40-4001-8852-e3bc017e7a2d:192.168.34.52:35783, e419d203-ae84-45b4-a349-326cccf7322d:192.168.34.52:35999], old=null at 0
2019-09-12 06:02:59,936 [grpc-default-executor-1] INFO  segmented.SegmentedRaftLogWorker (SegmentedRaftLogWorker.java:startLogSegment(380)) - e419d203-ae84-45b4-a349-326cccf7322d@group-AC406AFA1D55-SegmentedRaftLogWorker: Starting segment from index:0
2019-09-12 06:02:59,936 [grpc-default-executor-4] INFO  segmented.SegmentedRaftLogWorker (SegmentedRaftLogWorker.java:startLogSegment(380)) - 63029d58-985e-44b6-b8f1-28f19ea5ad76@group-AC406AFA1D55-SegmentedRaftLogWorker: Starting segment from index:0
2019-09-12 06:02:59,938 [300524ac-6f40-4001-8852-e3bc017e7a2d@group-AC406AFA1D55-SegmentedRaftLogWorker] INFO  segmented.SegmentedRaftLogWorker (SegmentedRaftLogWorker.java:execute(569)) - 300524ac-6f40-4001-8852-e3bc017e7a2d@group-AC406AFA1D55-SegmentedRaftLogWorker: created new log segment /workdir/hadoop-ozone/integration-test/target/test-dir/MiniOzoneClusterImpl-df7e887f-907b-44f9-9fab-c718128d2034/datanode-5/data/ratis/b4a944af-cbb9-4f34-adc2-ac406afa1d55/current/log_inprogress_0
2019-09-12 06:02:59,977 [e419d203-ae84-45b4-a349-326cccf7322d@group-AC406AFA1D55-SegmentedRaftLogWorker] INFO  segmented.SegmentedRaftLogWorker (SegmentedRaftLogWorker.java:execute(569)) - e419d203-ae84-45b4-a349-326cccf7322d@group-AC406AFA1D55-SegmentedRaftLogWorker: created new log segment /workdir/hadoop-ozone/integration-test/target/test-dir/MiniOzoneClusterImpl-df7e887f-907b-44f9-9fab-c718128d2034/datanode-0/data/ratis/b4a944af-cbb9-4f34-adc2-ac406afa1d55/current/log_inprogress_0
2019-09-12 06:02:59,977 [63029d58-985e-44b6-b8f1-28f19ea5ad76@group-AC406AFA1D55-SegmentedRaftLogWorker] INFO  segmented.SegmentedRaftLogWorker (SegmentedRaftLogWorker.java:execute(569)) - 63029d58-985e-44b6-b8f1-28f19ea5ad76@group-AC406AFA1D55-SegmentedRaftLogWorker: created new log segment /workdir/hadoop-ozone/integration-test/target/test-dir/MiniOzoneClusterImpl-df7e887f-907b-44f9-9fab-c718128d2034/datanode-4/data/ratis/b4a944af-cbb9-4f34-adc2-ac406afa1d55/current/log_inprogress_0
2019-09-12 06:03:00,032 [grpc-default-executor-4] INFO  client.GrpcClientProtocolClient (GrpcClientProtocolClient.java:onNext(264)) - client-A49E3A1ED208->63029d58-985e-44b6-b8f1-28f19ea5ad76: receive RaftClientReply:client-A49E3A1ED208->63029d58-985e-44b6-b8f1-28f19ea5ad76@group-0077CE01DE48, cid=32, FAILED org.apache.ratis.protocol.NotLeaderException: Server 63029d58-985e-44b6-b8f1-28f19ea5ad76@group-0077CE01DE48 is not the leader 300524ac-6f40-4001-8852-e3bc017e7a2d:192.168.34.52:35783, logIndex=0, commits[63029d58-985e-44b6-b8f1-28f19ea5ad76:c10, 300524ac-6f40-4001-8852-e3bc017e7a2d:c10, e419d203-ae84-45b4-a349-326cccf7322d:c6]
2019-09-12 06:03:00,709 [org.apache.ratis.server.impl.LogAppender$AppenderDaemon$$Lambda$547/1589537345@35f95088] ERROR ratis.XceiverServerRatis (XceiverServerRatis.java:triggerPipelineClose(568)) - pipeline Action CLOSE  on pipeline PipelineID=0700555e-d407-47f7-9b9f-0077ce01de48.Reason : 300524ac-6f40-4001-8852-e3bc017e7a2d has not seen follower/s 63029d58-985e-44b6-b8f1-28f19ea5ad76 for 172371ms e419d203-ae84-45b4-a349-326cccf7322d for 172371ms
2019-09-12 06:03:00,709 [org.apache.ratis.server.impl.LogAppender$AppenderDaemon$$Lambda$547/1589537345@57e996e8] ERROR ratis.XceiverServerRatis (XceiverServerRatis.java:triggerPipelineClose(568)) - pipeline Action CLOSE  on pipeline PipelineID=0700555e-d407-47f7-9b9f-0077ce01de48.Reason : 300524ac-6f40-4001-8852-e3bc017e7a2d has not seen follower/s 63029d58-985e-44b6-b8f1-28f19ea5ad76 for 172371ms e419d203-ae84-45b4-a349-326cccf7322d for 172372ms
2019-09-12 06:03:01,208 [java.util.concurrent.ThreadPoolExecutor$Worker@44961301[State = -1, empty queue]] WARN  server.GrpcLogAppender (GrpcLogAppender.java:timeoutAppendRequest(200)) - 300524ac-6f40-4001-8852-e3bc017e7a2d@group-0077CE01DE48->e419d203-ae84-45b4-a349-326cccf7322d-GrpcLogAppender: appendEntries Timeout, request=300524ac-6f40-4001-8852-e3bc017e7a2d->e419d203-ae84-45b4-a349-326cccf7322d#157-t1, previous=(t:1, i:14), leaderCommit=10, initializing? false, entries: <empty>
2019-09-12 06:03:01,209 [java.util.concurrent.ThreadPoolExecutor$Worker@31a3eae4[State = -1, empty queue]] WARN  server.GrpcLogAppender (GrpcLogAppender.java:timeoutAppendRequest(200)) - 300524ac-6f40-4001-8852-e3bc017e7a2d@group-0077CE01DE48->63029d58-985e-44b6-b8f1-28f19ea5ad76-GrpcLogAppender: appendEntries Timeout, request=300524ac-6f40-4001-8852-e3bc017e7a2d->63029d58-985e-44b6-b8f1-28f19ea5ad76#157-t1, previous=(t:1, i:14), leaderCommit=10, initializing? false, entries: <empty>
2019-09-12 06:03:01,702 [EventQueue-PipelineActionsForPipelineActionHandler] ERROR pipeline.PipelineActionHandler (PipelineActionHandler.java:onMessage(60)) - Received pipeline action CLOSE for Pipeline[ Id: 0700555e-d407-47f7-9b9f-0077ce01de48, Nodes: 63029d58-985e-44b6-b8f1-28f19ea5ad76{ip: 192.168.34.52, host: trunk-nightly-20190912-4gc2t-2068889165, networkLocation: /default-rack, certSerialId: null}e419d203-ae84-45b4-a349-326cccf7322d{ip: 192.168.34.52, host: trunk-nightly-20190912-4gc2t-2068889165, networkLocation: /default-rack, certSerialId: null}300524ac-6f40-4001-8852-e3bc017e7a2d{ip: 192.168.34.52, host: trunk-nightly-20190912-4gc2t-2068889165, networkLocation: /default-rack, certSerialId: null}, Type:RATIS, Factor:THREE, State:CLOSED] from datanode 300524ac-6f40-4001-8852-e3bc017e7a2d{ip: 192.168.34.52, host: trunk-nightly-20190912-4gc2t-2068889165, networkLocation: /default-rack, certSerialId: null}. Reason : 300524ac-6f40-4001-8852-e3bc017e7a2d has not seen follower/s 63029d58-985e-44b6-b8f1-28f19ea5ad76 for 172371ms e419d203-ae84-45b4-a349-326cccf7322d for 172371ms
2019-09-12 06:03:01,702 [EventQueue-PipelineActionsForPipelineActionHandler] INFO  pipeline.SCMPipelineManager (SCMPipelineManager.java:finalizeAndDestroyPipeline(311)) - destroying pipeline:Pipeline[ Id: 0700555e-d407-47f7-9b9f-0077ce01de48, Nodes: 63029d58-985e-44b6-b8f1-28f19ea5ad76{ip: 192.168.34.52, host: trunk-nightly-20190912-4gc2t-2068889165, networkLocation: /default-rack, certSerialId: null}e419d203-ae84-45b4-a349-326cccf7322d{ip: 192.168.34.52, host: trunk-nightly-20190912-4gc2t-2068889165, networkLocation: /default-rack, certSerialId: null}300524ac-6f40-4001-8852-e3bc017e7a2d{ip: 192.168.34.52, host: trunk-nightly-20190912-4gc2t-2068889165, networkLocation: /default-rack, certSerialId: null}, Type:RATIS, Factor:THREE, State:CLOSED]
2019-09-12 06:03:03,210 [org.apache.ratis.server.impl.LogAppender$AppenderDaemon$$Lambda$547/1589537345@57e996e8] ERROR ratis.XceiverServerRatis (XceiverServerRatis.java:triggerPipelineClose(568)) - pipeline Action CLOSE  on pipeline PipelineID=0700555e-d407-47f7-9b9f-0077ce01de48.Reason : 300524ac-6f40-4001-8852-e3bc017e7a2d has not seen follower/s 63029d58-985e-44b6-b8f1-28f19ea5ad76 for 174872ms e419d203-ae84-45b4-a349-326cccf7322d for 174873ms
2019-09-12 06:03:03,210 [org.apache.ratis.server.impl.LogAppender$AppenderDaemon$$Lambda$547/1589537345@35f95088] ERROR ratis.XceiverServerRatis (XceiverServerRatis.java:triggerPipelineClose(568)) - pipeline Action CLOSE  on pipeline PipelineID=0700555e-d407-47f7-9b9f-0077ce01de48.Reason : 300524ac-6f40-4001-8852-e3bc017e7a2d has not seen follower/s 63029d58-985e-44b6-b8f1-28f19ea5ad76 for 174872ms e419d203-ae84-45b4-a349-326cccf7322d for 174872ms
2019-09-12 06:03:03,702 [EventQueue-PipelineActionsForPipelineActionHandler] ERROR pipeline.PipelineActionHandler (PipelineActionHandler.java:onMessage(60)) - Received pipeline action CLOSE for Pipeline[ Id: 0700555e-d407-47f7-9b9f-0077ce01de48, Nodes: 63029d58-985e-44b6-b8f1-28f19ea5ad76{ip: 192.168.34.52, host: trunk-nightly-20190912-4gc2t-2068889165, networkLocation: /default-rack, certSerialId: null}e419d203-ae84-45b4-a349-326cccf7322d{ip: 192.168.34.52, host: trunk-nightly-20190912-4gc2t-2068889165, networkLocation: /default-rack, certSerialId: null}300524ac-6f40-4001-8852-e3bc017e7a2d{ip: 192.168.34.52, host: trunk-nightly-20190912-4gc2t-2068889165, networkLocation: /default-rack, certSerialId: null}, Type:RATIS, Factor:THREE, State:CLOSED] from datanode 300524ac-6f40-4001-8852-e3bc017e7a2d{ip: 192.168.34.52, host: trunk-nightly-20190912-4gc2t-2068889165, networkLocation: /default-rack, certSerialId: null}. Reason : 300524ac-6f40-4001-8852-e3bc017e7a2d has not seen follower/s 63029d58-985e-44b6-b8f1-28f19ea5ad76 for 174872ms e419d203-ae84-45b4-a349-326cccf7322d for 174873ms
2019-09-12 06:03:03,702 [EventQueue-PipelineActionsForPipelineActionHandler] INFO  pipeline.SCMPipelineManager (SCMPipelineManager.java:finalizeAndDestroyPipeline(311)) - destroying pipeline:Pipeline[ Id: 0700555e-d407-47f7-9b9f-0077ce01de48, Nodes: 63029d58-985e-44b6-b8f1-28f19ea5ad76{ip: 192.168.34.52, host: trunk-nightly-20190912-4gc2t-2068889165, networkLocation: /default-rack, certSerialId: null}e419d203-ae84-45b4-a349-326cccf7322d{ip: 192.168.34.52, host: trunk-nightly-20190912-4gc2t-2068889165, networkLocation: /default-rack, certSerialId: null}300524ac-6f40-4001-8852-e3bc017e7a2d{ip: 192.168.34.52, host: trunk-nightly-20190912-4gc2t-2068889165, networkLocation: /default-rack, certSerialId: null}, Type:RATIS, Factor:THREE, State:CLOSED]
2019-09-12 06:03:03,709 [java.util.concurrent.ThreadPoolExecutor$Worker@44961301[State = -1, empty queue]] WARN  server.GrpcLogAppender (GrpcLogAppender.java:timeoutAppendRequest(200)) - 300524ac-6f40-4001-8852-e3bc017e7a2d@group-0077CE01DE48->e419d203-ae84-45b4-a349-326cccf7322d-GrpcLogAppender: appendEntries Timeout, request=300524ac-6f40-4001-8852-e3bc017e7a2d->e419d203-ae84-45b4-a349-326cccf7322d#158-t1, previous=(t:1, i:14), leaderCommit=10, initializing? false, entries: <empty>
2019-09-12 06:03:03,709 [java.util.concurrent.ThreadPoolExecutor$Worker@31a3eae4[State = -1, empty queue]] WARN  server.GrpcLogAppender (GrpcLogAppender.java:timeoutAppendRequest(200)) - 300524ac-6f40-4001-8852-e3bc017e7a2d@group-0077CE01DE48->63029d58-985e-44b6-b8f1-28f19ea5ad76-GrpcLogAppender: appendEntries Timeout, request=300524ac-6f40-4001-8852-e3bc017e7a2d->63029d58-985e-44b6-b8f1-28f19ea5ad76#158-t1, previous=(t:1, i:14), leaderCommit=10, initializing? false, entries: <empty>
2019-09-12 06:03:05,073 [grpc-default-executor-1] INFO  client.GrpcClientProtocolClient (GrpcClientProtocolClient.java:onNext(264)) - client-A49E3A1ED208->63029d58-985e-44b6-b8f1-28f19ea5ad76: receive RaftClientReply:client-A49E3A1ED208->63029d58-985e-44b6-b8f1-28f19ea5ad76@group-0077CE01DE48, cid=32, FAILED org.apache.ratis.protocol.NotLeaderException: Server 63029d58-985e-44b6-b8f1-28f19ea5ad76@group-0077CE01DE48 is not the leader 300524ac-6f40-4001-8852-e3bc017e7a2d:192.168.34.52:35783, logIndex=0, commits[63029d58-985e-44b6-b8f1-28f19ea5ad76:c10, 300524ac-6f40-4001-8852-e3bc017e7a2d:c10, e419d203-ae84-45b4-a349-326cccf7322d:c6]
2019-09-12 06:03:05,711 [org.apache.ratis.server.impl.LogAppender$AppenderDaemon$$Lambda$547/1589537345@57e996e8] ERROR ratis.XceiverServerRatis (XceiverServerRatis.java:triggerPipelineClose(568)) - pipeline Action CLOSE  on pipeline PipelineID=0700555e-d407-47f7-9b9f-0077ce01de48.Reason : 300524ac-6f40-4001-8852-e3bc017e7a2d has not seen follower/s 63029d58-985e-44b6-b8f1-28f19ea5ad76 for 177373ms e419d203-ae84-45b4-a349-326cccf7322d for 177373ms
2019-09-12 06:03:05,711 [org.apache.ratis.server.impl.LogAppender$AppenderDaemon$$Lambda$547/1589537345@35f95088] ERROR ratis.XceiverServerRatis (XceiverServerRatis.java:triggerPipelineClose(568)) - pipeline Action CLOSE  on pipeline PipelineID=0700555e-d407-47f7-9b9f-0077ce01de48.Reason : 300524ac-6f40-4001-8852-e3bc017e7a2d has not seen follower/s 63029d58-985e-44b6-b8f1-28f19ea5ad76 for 177373ms e419d203-ae84-45b4-a349-326cccf7322d for 177373ms
2019-09-12 06:03:06,210 [java.util.concurrent.ThreadPoolExecutor$Worker@44961301[State = -1, empty queue]] WARN  server.GrpcLogAppender (GrpcLogAppender.java:timeoutAppendRequest(200)) - 300524ac-6f40-4001-8852-e3bc017e7a2d@group-0077CE01DE48->e419d203-ae84-45b4-a349-326cccf7322d-GrpcLogAppender: appendEntries Timeout, request=300524ac-6f40-4001-8852-e3bc017e7a2d->e419d203-ae84-45b4-a349-326cccf7322d#159-t1, previous=(t:1, i:14), leaderCommit=10, initializing? false, entries: <empty>
2019-09-12 06:03:06,210 [java.util.concurrent.ThreadPoolExecutor$Worker@31a3eae4[State = -1, empty queue]] WARN  server.GrpcLogAppender (GrpcLogAppender.java:timeoutAppendRequest(200)) - 300524ac-6f40-4001-8852-e3bc017e7a2d@group-0077CE01DE48->63029d58-985e-44b6-b8f1-28f19ea5ad76-GrpcLogAppender: appendEntries Timeout, request=300524ac-6f40-4001-8852-e3bc017e7a2d->63029d58-985e-44b6-b8f1-28f19ea5ad76#159-t1, previous=(t:1, i:14), leaderCommit=10, initializing? false, entries: <empty>
2019-09-12 06:03:06,701 [EventQueue-PipelineActionsForPipelineActionHandler] ERROR pipeline.PipelineActionHandler (PipelineActionHandler.java:onMessage(60)) - Received pipeline action CLOSE for Pipeline[ Id: 0700555e-d407-47f7-9b9f-0077ce01de48, Nodes: 63029d58-985e-44b6-b8f1-28f19ea5ad76{ip: 192.168.34.52, host: trunk-nightly-20190912-4gc2t-2068889165, networkLocation: /default-rack, certSerialId: null}e419d203-ae84-45b4-a349-326cccf7322d{ip: 192.168.34.52, host: trunk-nightly-20190912-4gc2t-2068889165, networkLocation: /default-rack, certSerialId: null}300524ac-6f40-4001-8852-e3bc017e7a2d{ip: 192.168.34.52, host: trunk-nightly-20190912-4gc2t-2068889165, networkLocation: /default-rack, certSerialId: null}, Type:RATIS, Factor:THREE, State:CLOSED] from datanode 300524ac-6f40-4001-8852-e3bc017e7a2d{ip: 192.168.34.52, host: trunk-nightly-20190912-4gc2t-2068889165, networkLocation: /default-rack, certSerialId: null}. Reason : 300524ac-6f40-4001-8852-e3bc017e7a2d has not seen follower/s 63029d58-985e-44b6-b8f1-28f19ea5ad76 for 177373ms e419d203-ae84-45b4-a349-326cccf7322d for 177373ms
2019-09-12 06:03:06,702 [EventQueue-PipelineActionsForPipelineActionHandler] INFO  pipeline.SCMPipelineManager (SCMPipelineManager.java:finalizeAndDestroyPipeline(311)) - destroying pipeline:Pipeline[ Id: 0700555e-d407-47f7-9b9f-0077ce01de48, Nodes: 63029d58-985e-44b6-b8f1-28f19ea5ad76{ip: 192.168.34.52, host: trunk-nightly-20190912-4gc2t-2068889165, networkLocation: /default-rack, certSerialId: null}e419d203-ae84-45b4-a349-326cccf7322d{ip: 192.168.34.52, host: trunk-nightly-20190912-4gc2t-2068889165, networkLocation: /default-rack, certSerialId: null}300524ac-6f40-4001-8852-e3bc017e7a2d{ip: 192.168.34.52, host: trunk-nightly-20190912-4gc2t-2068889165, networkLocation: /default-rack, certSerialId: null}, Type:RATIS, Factor:THREE, State:CLOSED]
2019-09-12 06:03:08,212 [org.apache.ratis.server.impl.LogAppender$AppenderDaemon$$Lambda$547/1589537345@57e996e8] ERROR ratis.XceiverServerRatis (XceiverServerRatis.java:triggerPipelineClose(568)) - pipeline Action CLOSE  on pipeline PipelineID=0700555e-d407-47f7-9b9f-0077ce01de48.Reason : 300524ac-6f40-4001-8852-e3bc017e7a2d has not seen follower/s 63029d58-985e-44b6-b8f1-28f19ea5ad76 for 179874ms e419d203-ae84-45b4-a349-326cccf7322d for 179874ms
2019-09-12 06:03:08,212 [org.apache.ratis.server.impl.LogAppender$AppenderDaemon$$Lambda$547/1589537345@35f95088] ERROR ratis.XceiverServerRatis (XceiverServerRatis.java:triggerPipelineClose(568)) - pipeline Action CLOSE  on pipeline PipelineID=0700555e-d407-47f7-9b9f-0077ce01de48.Reason : 300524ac-6f40-4001-8852-e3bc017e7a2d has not seen follower/s 63029d58-985e-44b6-b8f1-28f19ea5ad76 for 179874ms e419d203-ae84-45b4-a349-326cccf7322d for 179874ms
2019-09-12 06:03:08,576 [63029d58-985e-44b6-b8f1-28f19ea5ad76@group-0077CE01DE48-SegmentedRaftLogWorker] WARN  segmented.SegmentedRaftLogWorker (SegmentedRaftLogWorker.java:getFromFuture(90)) - Timeout 17/~
org.apache.ratis.protocol.TimeoutIOException: Timeout 10s: WriteLog:11: (t:1, i:11), STATEMACHINELOGENTRY, client-A49E3A1ED208, cid=32-writeStateMachineData
	at org.apache.ratis.util.IOUtils.getFromFuture(IOUtils.java:87)
	at org.apache.ratis.server.raftlog.segmented.SegmentedRaftLogWorker$StateMachineDataPolicy.getFromFuture(SegmentedRaftLogWorker.java:87)
	at org.apache.ratis.server.raftlog.segmented.SegmentedRaftLogWorker$WriteLog.execute(SegmentedRaftLogWorker.java:477)
	at org.apache.ratis.server.raftlog.segmented.SegmentedRaftLogWorker.run(SegmentedRaftLogWorker.java:289)
	at java.lang.Thread.run(Thread.java:748)
Caused by: java.util.concurrent.TimeoutException
	at java.util.concurrent.CompletableFuture.timedGet(CompletableFuture.java:1771)
	at java.util.concurrent.CompletableFuture.get(CompletableFuture.java:1915)
	at org.apache.ratis.util.IOUtils.getFromFuture(IOUtils.java:79)
	... 4 more
2019-09-12 06:03:08,609 [e419d203-ae84-45b4-a349-326cccf7322d@group-0077CE01DE48-SegmentedRaftLogWorker] WARN  segmented.SegmentedRaftLogWorker (SegmentedRaftLogWorker.java:getFromFuture(90)) - Timeout 17/~
org.apache.ratis.protocol.TimeoutIOException: Timeout 10s: WriteLog:11: (t:1, i:11), STATEMACHINELOGENTRY, client-A49E3A1ED208, cid=32-writeStateMachineData
	at org.apache.ratis.util.IOUtils.getFromFuture(IOUtils.java:87)
	at org.apache.ratis.server.raftlog.segmented.SegmentedRaftLogWorker$StateMachineDataPolicy.getFromFuture(SegmentedRaftLogWorker.java:87)
	at org.apache.ratis.server.raftlog.segmented.SegmentedRaftLogWorker$WriteLog.execute(SegmentedRaftLogWorker.java:477)
	at org.apache.ratis.server.raftlog.segmented.SegmentedRaftLogWorker.run(SegmentedRaftLogWorker.java:289)
	at java.lang.Thread.run(Thread.java:748)
Caused by: java.util.concurrent.TimeoutException
	at java.util.concurrent.CompletableFuture.timedGet(CompletableFuture.java:1771)
	at java.util.concurrent.CompletableFuture.get(CompletableFuture.java:1915)
	at org.apache.ratis.util.IOUtils.getFromFuture(IOUtils.java:79)
	... 4 more
2019-09-12 06:03:08,689 [300524ac-6f40-4001-8852-e3bc017e7a2d@group-0077CE01DE48-SegmentedRaftLogWorker] WARN  segmented.SegmentedRaftLogWorker (SegmentedRaftLogWorker.java:getFromFuture(90)) - Timeout 17/~
org.apache.ratis.protocol.TimeoutIOException: Timeout 10s: WriteLog:12: (t:1, i:12), STATEMACHINELOGENTRY, client-A49E3A1ED208, cid=33-writeStateMachineData
	at org.apache.ratis.util.IOUtils.getFromFuture(IOUtils.java:87)
	at org.apache.ratis.server.raftlog.segmented.SegmentedRaftLogWorker$StateMachineDataPolicy.getFromFuture(SegmentedRaftLogWorker.java:87)
	at org.apache.ratis.server.raftlog.segmented.SegmentedRaftLogWorker$WriteLog.execute(SegmentedRaftLogWorker.java:477)
	at org.apache.ratis.server.raftlog.segmented.SegmentedRaftLogWorker.run(SegmentedRaftLogWorker.java:289)
	at java.lang.Thread.run(Thread.java:748)
Caused by: java.util.concurrent.TimeoutException
	at java.util.concurrent.CompletableFuture.timedGet(CompletableFuture.java:1771)
	at java.util.concurrent.CompletableFuture.get(CompletableFuture.java:1915)
	at org.apache.ratis.util.IOUtils.getFromFuture(IOUtils.java:79)
	... 4 more
2019-09-12 06:03:08,702 [EventQueue-PipelineActionsForPipelineActionHandler] ERROR pipeline.PipelineActionHandler (PipelineActionHandler.java:onMessage(60)) - Received pipeline action CLOSE for Pipeline[ Id: 0700555e-d407-47f7-9b9f-0077ce01de48, Nodes: 63029d58-985e-44b6-b8f1-28f19ea5ad76{ip: 192.168.34.52, host: trunk-nightly-20190912-4gc2t-2068889165, networkLocation: /default-rack, certSerialId: null}e419d203-ae84-45b4-a349-326cccf7322d{ip: 192.168.34.52, host: trunk-nightly-20190912-4gc2t-2068889165, networkLocation: /default-rack, certSerialId: null}300524ac-6f40-4001-8852-e3bc017e7a2d{ip: 192.168.34.52, host: trunk-nightly-20190912-4gc2t-2068889165, networkLocation: /default-rack, certSerialId: null}, Type:RATIS, Factor:THREE, State:CLOSED] from datanode 300524ac-6f40-4001-8852-e3bc017e7a2d{ip: 192.168.34.52, host: trunk-nightly-20190912-4gc2t-2068889165, networkLocation: /default-rack, certSerialId: null}. Reason : 300524ac-6f40-4001-8852-e3bc017e7a2d has not seen follower/s 63029d58-985e-44b6-b8f1-28f19ea5ad76 for 179874ms e419d203-ae84-45b4-a349-326cccf7322d for 179874ms
2019-09-12 06:03:08,702 [EventQueue-PipelineActionsForPipelineActionHandler] INFO  pipeline.SCMPipelineManager (SCMPipelineManager.java:finalizeAndDestroyPipeline(311)) - destroying pipeline:Pipeline[ Id: 0700555e-d407-47f7-9b9f-0077ce01de48, Nodes: 63029d58-985e-44b6-b8f1-28f19ea5ad76{ip: 192.168.34.52, host: trunk-nightly-20190912-4gc2t-2068889165, networkLocation: /default-rack, certSerialId: null}e419d203-ae84-45b4-a349-326cccf7322d{ip: 192.168.34.52, host: trunk-nightly-20190912-4gc2t-2068889165, networkLocation: /default-rack, certSerialId: null}300524ac-6f40-4001-8852-e3bc017e7a2d{ip: 192.168.34.52, host: trunk-nightly-20190912-4gc2t-2068889165, networkLocation: /default-rack, certSerialId: null}, Type:RATIS, Factor:THREE, State:CLOSED]
2019-09-12 06:03:08,711 [java.util.concurrent.ThreadPoolExecutor$Worker@31a3eae4[State = -1, empty queue]] WARN  server.GrpcLogAppender (GrpcLogAppender.java:timeoutAppendRequest(200)) - 300524ac-6f40-4001-8852-e3bc017e7a2d@group-0077CE01DE48->63029d58-985e-44b6-b8f1-28f19ea5ad76-GrpcLogAppender: appendEntries Timeout, request=300524ac-6f40-4001-8852-e3bc017e7a2d->63029d58-985e-44b6-b8f1-28f19ea5ad76#160-t1, previous=(t:1, i:14), leaderCommit=10, initializing? false, entries: <empty>
2019-09-12 06:03:08,711 [java.util.concurrent.ThreadPoolExecutor$Worker@44961301[State = -1, empty queue]] WARN  server.GrpcLogAppender (GrpcLogAppender.java:timeoutAppendRequest(200)) - 300524ac-6f40-4001-8852-e3bc017e7a2d@group-0077CE01DE48->e419d203-ae84-45b4-a349-326cccf7322d-GrpcLogAppender: appendEntries Timeout, request=300524ac-6f40-4001-8852-e3bc017e7a2d->e419d203-ae84-45b4-a349-326cccf7322d#160-t1, previous=(t:1, i:14), leaderCommit=10, initializing? false, entries: <empty>
2019-09-12 06:03:10,115 [grpc-default-executor-1] INFO  client.GrpcClientProtocolClient (GrpcClientProtocolClient.java:onNext(264)) - client-A49E3A1ED208->e419d203-ae84-45b4-a349-326cccf7322d: receive RaftClientReply:client-A49E3A1ED208->e419d203-ae84-45b4-a349-326cccf7322d@group-0077CE01DE48, cid=32, FAILED org.apache.ratis.protocol.NotLeaderException: Server e419d203-ae84-45b4-a349-326cccf7322d@group-0077CE01DE48 is not the leader 300524ac-6f40-4001-8852-e3bc017e7a2d:192.168.34.52:35783, logIndex=0, commits[e419d203-ae84-45b4-a349-326cccf7322d:c10, 63029d58-985e-44b6-b8f1-28f19ea5ad76:c6, 300524ac-6f40-4001-8852-e3bc017e7a2d:c10]
2019-09-12 06:03:10,712 [org.apache.ratis.server.impl.LogAppender$AppenderDaemon$$Lambda$547/1589537345@57e996e8] ERROR ratis.XceiverServerRatis (XceiverServerRatis.java:triggerPipelineClose(568)) - pipeline Action CLOSE  on pipeline PipelineID=0700555e-d407-47f7-9b9f-0077ce01de48.Reason : 300524ac-6f40-4001-8852-e3bc017e7a2d has not seen follower/s 63029d58-985e-44b6-b8f1-28f19ea5ad76 for 182374ms e419d203-ae84-45b4-a349-326cccf7322d for 182374ms
2019-09-12 06:03:10,712 [org.apache.ratis.server.impl.LogAppender$AppenderDaemon$$Lambda$547/1589537345@35f95088] ERROR ratis.XceiverServerRatis (XceiverServerRatis.java:triggerPipelineClose(568)) - pipeline Action CLOSE  on pipeline PipelineID=0700555e-d407-47f7-9b9f-0077ce01de48.Reason : 300524ac-6f40-4001-8852-e3bc017e7a2d has not seen follower/s 63029d58-985e-44b6-b8f1-28f19ea5ad76 for 182374ms e419d203-ae84-45b4-a349-326cccf7322d for 182374ms
2019-09-12 06:03:11,211 [java.util.concurrent.ThreadPoolExecutor$Worker@31a3eae4[State = -1, empty queue]] WARN  server.GrpcLogAppender (GrpcLogAppender.java:timeoutAppendRequest(200)) - 300524ac-6f40-4001-8852-e3bc017e7a2d@group-0077CE01DE48->63029d58-985e-44b6-b8f1-28f19ea5ad76-GrpcLogAppender: appendEntries Timeout, request=300524ac-6f40-4001-8852-e3bc017e7a2d->63029d58-985e-44b6-b8f1-28f19ea5ad76#161-t1, previous=(t:1, i:14), leaderCommit=10, initializing? false, entries: <empty>
2019-09-12 06:03:11,211 [java.util.concurrent.ThreadPoolExecutor$Worker@44961301[State = -1, empty queue]] WARN  server.GrpcLogAppender (GrpcLogAppender.java:timeoutAppendRequest(200)) - 300524ac-6f40-4001-8852-e3bc017e7a2d@group-0077CE01DE48->e419d203-ae84-45b4-a349-326cccf7322d-GrpcLogAppender: appendEntries Timeout, request=300524ac-6f40-4001-8852-e3bc017e7a2d->e419d203-ae84-45b4-a349-326cccf7322d#161-t1, previous=(t:1, i:14), leaderCommit=10, initializing? false, entries: <empty>
2019-09-12 06:03:11,702 [EventQueue-PipelineActionsForPipelineActionHandler] ERROR pipeline.PipelineActionHandler (PipelineActionHandler.java:onMessage(60)) - Received pipeline action CLOSE for Pipeline[ Id: 0700555e-d407-47f7-9b9f-0077ce01de48, Nodes: 63029d58-985e-44b6-b8f1-28f19ea5ad76{ip: 192.168.34.52, host: trunk-nightly-20190912-4gc2t-2068889165, networkLocation: /default-rack, certSerialId: null}e419d203-ae84-45b4-a349-326cccf7322d{ip: 192.168.34.52, host: trunk-nightly-20190912-4gc2t-2068889165, networkLocation: /default-rack, certSerialId: null}300524ac-6f40-4001-8852-e3bc017e7a2d{ip: 192.168.34.52, host: trunk-nightly-20190912-4gc2t-2068889165, networkLocation: /default-rack, certSerialId: null}, Type:RATIS, Factor:THREE, State:CLOSED] from datanode 300524ac-6f40-4001-8852-e3bc017e7a2d{ip: 192.168.34.52, host: trunk-nightly-20190912-4gc2t-2068889165, networkLocation: /default-rack, certSerialId: null}. Reason : 300524ac-6f40-4001-8852-e3bc017e7a2d has not seen follower/s 63029d58-985e-44b6-b8f1-28f19ea5ad76 for 182374ms e419d203-ae84-45b4-a349-326cccf7322d for 182374ms
2019-09-12 06:03:11,702 [EventQueue-PipelineActionsForPipelineActionHandler] INFO  pipeline.SCMPipelineManager (SCMPipelineManager.java:finalizeAndDestroyPipeline(311)) - destroying pipeline:Pipeline[ Id: 0700555e-d407-47f7-9b9f-0077ce01de48, Nodes: 63029d58-985e-44b6-b8f1-28f19ea5ad76{ip: 192.168.34.52, host: trunk-nightly-20190912-4gc2t-2068889165, networkLocation: /default-rack, certSerialId: null}e419d203-ae84-45b4-a349-326cccf7322d{ip: 192.168.34.52, host: trunk-nightly-20190912-4gc2t-2068889165, networkLocation: /default-rack, certSerialId: null}300524ac-6f40-4001-8852-e3bc017e7a2d{ip: 192.168.34.52, host: trunk-nightly-20190912-4gc2t-2068889165, networkLocation: /default-rack, certSerialId: null}, Type:RATIS, Factor:THREE, State:CLOSED]
2019-09-12 06:03:13,213 [org.apache.ratis.server.impl.LogAppender$AppenderDaemon$$Lambda$547/1589537345@57e996e8] ERROR ratis.XceiverServerRatis (XceiverServerRatis.java:triggerPipelineClose(568)) - pipeline Action CLOSE  on pipeline PipelineID=0700555e-d407-47f7-9b9f-0077ce01de48.Reason : 300524ac-6f40-4001-8852-e3bc017e7a2d has not seen follower/s 63029d58-985e-44b6-b8f1-28f19ea5ad76 for 184875ms e419d203-ae84-45b4-a349-326cccf7322d for 184875ms
2019-09-12 06:03:13,213 [org.apache.ratis.server.impl.LogAppender$AppenderDaemon$$Lambda$547/1589537345@35f95088] ERROR ratis.XceiverServerRatis (XceiverServerRatis.java:triggerPipelineClose(568)) - pipeline Action CLOSE  on pipeline PipelineID=0700555e-d407-47f7-9b9f-0077ce01de48.Reason : 300524ac-6f40-4001-8852-e3bc017e7a2d has not seen follower/s 63029d58-985e-44b6-b8f1-28f19ea5ad76 for 184875ms e419d203-ae84-45b4-a349-326cccf7322d for 184875ms
2019-09-12 06:03:13,702 [EventQueue-PipelineActionsForPipelineActionHandler] ERROR pipeline.PipelineActionHandler (PipelineActionHandler.java:onMessage(60)) - Received pipeline action CLOSE for Pipeline[ Id: 0700555e-d407-47f7-9b9f-0077ce01de48, Nodes: 63029d58-985e-44b6-b8f1-28f19ea5ad76{ip: 192.168.34.52, host: trunk-nightly-20190912-4gc2t-2068889165, networkLocation: /default-rack, certSerialId: null}e419d203-ae84-45b4-a349-326cccf7322d{ip: 192.168.34.52, host: trunk-nightly-20190912-4gc2t-2068889165, networkLocation: /default-rack, certSerialId: null}300524ac-6f40-4001-8852-e3bc017e7a2d{ip: 192.168.34.52, host: trunk-nightly-20190912-4gc2t-2068889165, networkLocation: /default-rack, certSerialId: null}, Type:RATIS, Factor:THREE, State:CLOSED] from datanode 300524ac-6f40-4001-8852-e3bc017e7a2d{ip: 192.168.34.52, host: trunk-nightly-20190912-4gc2t-2068889165, networkLocation: /default-rack, certSerialId: null}. Reason : 300524ac-6f40-4001-8852-e3bc017e7a2d has not seen follower/s 63029d58-985e-44b6-b8f1-28f19ea5ad76 for 184875ms e419d203-ae84-45b4-a349-326cccf7322d for 184875ms
2019-09-12 06:03:13,702 [EventQueue-PipelineActionsForPipelineActionHandler] INFO  pipeline.SCMPipelineManager (SCMPipelineManager.java:finalizeAndDestroyPipeline(311)) - destroying pipeline:Pipeline[ Id: 0700555e-d407-47f7-9b9f-0077ce01de48, Nodes: 63029d58-985e-44b6-b8f1-28f19ea5ad76{ip: 192.168.34.52, host: trunk-nightly-20190912-4gc2t-2068889165, networkLocation: /default-rack, certSerialId: null}e419d203-ae84-45b4-a349-326cccf7322d{ip: 192.168.34.52, host: trunk-nightly-20190912-4gc2t-2068889165, networkLocation: /default-rack, certSerialId: null}300524ac-6f40-4001-8852-e3bc017e7a2d{ip: 192.168.34.52, host: trunk-nightly-20190912-4gc2t-2068889165, networkLocation: /default-rack, certSerialId: null}, Type:RATIS, Factor:THREE, State:CLOSED]
2019-09-12 06:03:13,712 [java.util.concurrent.ThreadPoolExecutor$Worker@31a3eae4[State = -1, empty queue]] WARN  server.GrpcLogAppender (GrpcLogAppender.java:timeoutAppendRequest(200)) - 300524ac-6f40-4001-8852-e3bc017e7a2d@group-0077CE01DE48->63029d58-985e-44b6-b8f1-28f19ea5ad76-GrpcLogAppender: appendEntries Timeout, request=300524ac-6f40-4001-8852-e3bc017e7a2d->63029d58-985e-44b6-b8f1-28f19ea5ad76#162-t1, previous=(t:1, i:14), leaderCommit=10, initializing? false, entries: <empty>
2019-09-12 06:03:13,712 [java.util.concurrent.ThreadPoolExecutor$Worker@44961301[State = -1, empty queue]] WARN  server.GrpcLogAppender (GrpcLogAppender.java:timeoutAppendRequest(200)) - 300524ac-6f40-4001-8852-e3bc017e7a2d@group-0077CE01DE48->e419d203-ae84-45b4-a349-326cccf7322d-GrpcLogAppender: appendEntries Timeout, request=300524ac-6f40-4001-8852-e3bc017e7a2d->e419d203-ae84-45b4-a349-326cccf7322d#162-t1, previous=(t:1, i:14), leaderCommit=10, initializing? false, entries: <empty>
2019-09-12 06:03:14,696 [grpc-default-executor-1] INFO  impl.RaftServerProxy (RaftServerProxy.java:remove(95)) - 63029d58-985e-44b6-b8f1-28f19ea5ad76: remove  FOLLOWER 63029d58-985e-44b6-b8f1-28f19ea5ad76@group-0077CE01DE48:t1, leader=300524ac-6f40-4001-8852-e3bc017e7a2d, voted=63029d58-985e-44b6-b8f1-28f19ea5ad76, raftlog=63029d58-985e-44b6-b8f1-28f19ea5ad76@group-0077CE01DE48-SegmentedRaftLog:OPENED:c10,f10,i14, conf=0: [63029d58-985e-44b6-b8f1-28f19ea5ad76:192.168.34.52:43376, 300524ac-6f40-4001-8852-e3bc017e7a2d:192.168.34.52:35783, e419d203-ae84-45b4-a349-326cccf7322d:192.168.34.52:35999], old=null RUNNING
2019-09-12 06:03:14,696 [grpc-default-executor-1] INFO  impl.RaftServerImpl (RaftServerImpl.java:lambda$shutdown$3(251)) - 63029d58-985e-44b6-b8f1-28f19ea5ad76@group-0077CE01DE48: shutdown
2019-09-12 06:03:14,697 [grpc-default-executor-1] INFO  util.JmxRegister (JmxRegister.java:unregister(73)) - Successfully un-registered JMX Bean with object name Ratis:service=RaftServer,group=group-0077CE01DE48,id=63029d58-985e-44b6-b8f1-28f19ea5ad76
2019-09-12 06:03:14,697 [grpc-default-executor-1] INFO  impl.RoleInfo (RoleInfo.java:shutdownFollowerState(121)) - 63029d58-985e-44b6-b8f1-28f19ea5ad76: shutdown FollowerState
2019-09-12 06:03:14,697 [grpc-default-executor-1] INFO  impl.StateMachineUpdater (StateMachineUpdater.java:stopAndJoin(125)) - 63029d58-985e-44b6-b8f1-28f19ea5ad76@group-0077CE01DE48-StateMachineUpdater: set stopIndex = 10
2019-09-12 06:03:14,698 [Thread-314] INFO  impl.FollowerState (FollowerState.java:run(115)) - 63029d58-985e-44b6-b8f1-28f19ea5ad76: FollowerState was interrupted: java.lang.InterruptedException: sleep interrupted
2019-09-12 06:03:14,698 [63029d58-985e-44b6-b8f1-28f19ea5ad76@group-0077CE01DE48-StateMachineUpdater] INFO  ratis.ContainerStateMachine (ContainerStateMachine.java:takeSnapshot(289)) - group-0077CE01DE48: Taking a snapshot at:(t:1, i:6) file /workdir/hadoop-ozone/integration-test/target/test-dir/MiniOzoneClusterImpl-df7e887f-907b-44f9-9fab-c718128d2034/datanode-4/data/ratis/0700555e-d407-47f7-9b9f-0077ce01de48/sm/snapshot.1_6
2019-09-12 06:03:14,712 [63029d58-985e-44b6-b8f1-28f19ea5ad76@group-0077CE01DE48-StateMachineUpdater] INFO  ratis.ContainerStateMachine (ContainerStateMachine.java:takeSnapshot(300)) - group-0077CE01DE48: Finished taking a snapshot at:(t:1, i:6) file:/workdir/hadoop-ozone/integration-test/target/test-dir/MiniOzoneClusterImpl-df7e887f-907b-44f9-9fab-c718128d2034/datanode-4/data/ratis/0700555e-d407-47f7-9b9f-0077ce01de48/sm/snapshot.1_6 time:14
2019-09-12 06:03:14,712 [63029d58-985e-44b6-b8f1-28f19ea5ad76@group-0077CE01DE48-StateMachineUpdater] INFO  impl.StateMachineUpdater (StateMachineUpdater.java:takeSnapshot(258)) - 63029d58-985e-44b6-b8f1-28f19ea5ad76@group-0077CE01DE48-StateMachineUpdater: Took a snapshot at index 6
2019-09-12 06:03:14,712 [63029d58-985e-44b6-b8f1-28f19ea5ad76@group-0077CE01DE48-StateMachineUpdater] INFO  impl.StateMachineUpdater (StateMachineUpdater.java:lambda$new$0(83)) - 63029d58-985e-44b6-b8f1-28f19ea5ad76@group-0077CE01DE48-StateMachineUpdater: snapshotIndex: updateIncreasingly -1 -> 6
2019-09-12 06:03:14,712 [63029d58-985e-44b6-b8f1-28f19ea5ad76@group-0077CE01DE48-StateMachineUpdater] INFO  ratis.ContainerStateMachine (ContainerStateMachine.java:takeSnapshot(289)) - group-0077CE01DE48: Taking a snapshot at:(t:1, i:6) file /workdir/hadoop-ozone/integration-test/target/test-dir/MiniOzoneClusterImpl-df7e887f-907b-44f9-9fab-c718128d2034/datanode-4/data/ratis/0700555e-d407-47f7-9b9f-0077ce01de48/sm/snapshot.1_6
2019-09-12 06:03:14,724 [63029d58-985e-44b6-b8f1-28f19ea5ad76@group-0077CE01DE48-StateMachineUpdater] INFO  ratis.ContainerStateMachine (ContainerStateMachine.java:takeSnapshot(300)) - group-0077CE01DE48: Finished taking a snapshot at:(t:1, i:6) file:/workdir/hadoop-ozone/integration-test/target/test-dir/MiniOzoneClusterImpl-df7e887f-907b-44f9-9fab-c718128d2034/datanode-4/data/ratis/0700555e-d407-47f7-9b9f-0077ce01de48/sm/snapshot.1_6 time:12
2019-09-12 06:03:14,724 [63029d58-985e-44b6-b8f1-28f19ea5ad76@group-0077CE01DE48-StateMachineUpdater] INFO  impl.StateMachineUpdater (StateMachineUpdater.java:takeSnapshot(258)) - 63029d58-985e-44b6-b8f1-28f19ea5ad76@group-0077CE01DE48-StateMachineUpdater: Took a snapshot at index 6
2019-09-12 06:03:14,724 [63029d58-985e-44b6-b8f1-28f19ea5ad76@group-0077CE01DE48-StateMachineUpdater] INFO  impl.StateMachineUpdater (StateMachineUpdater.java:lambda$new$0(83)) - 63029d58-985e-44b6-b8f1-28f19ea5ad76@group-0077CE01DE48-StateMachineUpdater: snapshotIndex: updateIncreasingly 6 -> 6
2019-09-12 06:03:14,725 [grpc-default-executor-1] INFO  impl.RaftServerImpl (ServerState.java:close(385)) - 63029d58-985e-44b6-b8f1-28f19ea5ad76@group-0077CE01DE48: closes. applyIndex: 10
2019-09-12 06:03:14,729 [63029d58-985e-44b6-b8f1-28f19ea5ad76@group-0077CE01DE48-SegmentedRaftLogWorker] ERROR ratis.XceiverServerRatis (XceiverServerRatis.java:triggerPipelineClose(568)) - pipeline Action CLOSE  on pipeline PipelineID=0700555e-d407-47f7-9b9f-0077ce01de48.Reason : WriteLog:11: (t:1, i:11), STATEMACHINELOGENTRY, client-A49E3A1ED208, cid=32-writeStateMachineData interrupted.
2019-09-12 06:03:14,732 [grpc-default-executor-1] INFO  segmented.SegmentedRaftLogWorker (SegmentedRaftLogWorker.java:close(228)) - 63029d58-985e-44b6-b8f1-28f19ea5ad76@group-0077CE01DE48-SegmentedRaftLogWorker close()
2019-09-12 06:03:14,732 [EventQueue-PipelineActionsForPipelineActionHandler] ERROR pipeline.PipelineActionHandler (PipelineActionHandler.java:onMessage(60)) - Received pipeline action CLOSE for Pipeline[ Id: 0700555e-d407-47f7-9b9f-0077ce01de48, Nodes: 63029d58-985e-44b6-b8f1-28f19ea5ad76{ip: 192.168.34.52, host: trunk-nightly-20190912-4gc2t-2068889165, networkLocation: /default-rack, certSerialId: null}e419d203-ae84-45b4-a349-326cccf7322d{ip: 192.168.34.52, host: trunk-nightly-20190912-4gc2t-2068889165, networkLocation: /default-rack, certSerialId: null}300524ac-6f40-4001-8852-e3bc017e7a2d{ip: 192.168.34.52, host: trunk-nightly-20190912-4gc2t-2068889165, networkLocation: /default-rack, certSerialId: null}, Type:RATIS, Factor:THREE, State:CLOSED] from datanode 63029d58-985e-44b6-b8f1-28f19ea5ad76{ip: 192.168.34.52, host: trunk-nightly-20190912-4gc2t-2068889165, networkLocation: /default-rack, certSerialId: null}. Reason : WriteLog:11: (t:1, i:11), STATEMACHINELOGENTRY, client-A49E3A1ED208, cid=32-writeStateMachineData interrupted.
2019-09-12 06:03:14,737 [EventQueue-PipelineActionsForPipelineActionHandler] INFO  pipeline.SCMPipelineManager (SCMPipelineManager.java:finalizeAndDestroyPipeline(311)) - destroying pipeline:Pipeline[ Id: 0700555e-d407-47f7-9b9f-0077ce01de48, Nodes: 63029d58-985e-44b6-b8f1-28f19ea5ad76{ip: 192.168.34.52, host: trunk-nightly-20190912-4gc2t-2068889165, networkLocation: /default-rack, certSerialId: null}e419d203-ae84-45b4-a349-326cccf7322d{ip: 192.168.34.52, host: trunk-nightly-20190912-4gc2t-2068889165, networkLocation: /default-rack, certSerialId: null}300524ac-6f40-4001-8852-e3bc017e7a2d{ip: 192.168.34.52, host: trunk-nightly-20190912-4gc2t-2068889165, networkLocation: /default-rack, certSerialId: null}, Type:RATIS, Factor:THREE, State:CLOSED]
2019-09-12 06:03:14,749 [grpc-default-executor-1] INFO  interfaces.Container (KeyValueContainer.java:flushAndSyncDB(386)) - Container 3 is synced with bcsId 6.
2019-09-12 06:03:14,749 [grpc-default-executor-1] INFO  interfaces.Container (KeyValueContainer.java:flushAndSyncDB(386)) - Container 3 is synced with bcsId 6.
2019-09-12 06:03:14,765 [EventQueue-IncrementalContainerReportForIncrementalContainerReportHandler] INFO  container.IncrementalContainerReportHandler (AbstractContainerReportHandler.java:updateContainerState(169)) - Moving container #3 to QUASI_CLOSED state, datanode 63029d58-985e-44b6-b8f1-28f19ea5ad76{ip: 192.168.34.52, host: trunk-nightly-20190912-4gc2t-2068889165, networkLocation: /default-rack, certSerialId: null} reported QUASI_CLOSED replica.
2019-09-12 06:03:14,821 [grpc-default-executor-1] INFO  interfaces.Container (KeyValueContainer.java:flushAndSyncDB(386)) - Container 4 is synced with bcsId 0.
2019-09-12 06:03:14,821 [grpc-default-executor-1] INFO  interfaces.Container (KeyValueContainer.java:flushAndSyncDB(386)) - Container 4 is synced with bcsId 0.
2019-09-12 06:03:14,836 [EventQueue-IncrementalContainerReportForIncrementalContainerReportHandler] INFO  container.IncrementalContainerReportHandler (AbstractContainerReportHandler.java:updateContainerState(169)) - Moving container #4 to QUASI_CLOSED state, datanode 63029d58-985e-44b6-b8f1-28f19ea5ad76{ip: 192.168.34.52, host: trunk-nightly-20190912-4gc2t-2068889165, networkLocation: /default-rack, certSerialId: null} reported QUASI_CLOSED replica.
2019-09-12 06:03:14,841 [grpc-default-executor-1] INFO  impl.RaftServerProxy (RaftServerProxy.java:remove(95)) - e419d203-ae84-45b4-a349-326cccf7322d: remove  FOLLOWER e419d203-ae84-45b4-a349-326cccf7322d@group-0077CE01DE48:t1, leader=300524ac-6f40-4001-8852-e3bc017e7a2d, voted=300524ac-6f40-4001-8852-e3bc017e7a2d, raftlog=e419d203-ae84-45b4-a349-326cccf7322d@group-0077CE01DE48-SegmentedRaftLog:OPENED:c10,f10,i14, conf=0: [63029d58-985e-44b6-b8f1-28f19ea5ad76:192.168.34.52:43376, 300524ac-6f40-4001-8852-e3bc017e7a2d:192.168.34.52:35783, e419d203-ae84-45b4-a349-326cccf7322d:192.168.34.52:35999], old=null RUNNING
2019-09-12 06:03:14,841 [grpc-default-executor-1] INFO  impl.RaftServerImpl (RaftServerImpl.java:lambda$shutdown$3(251)) - e419d203-ae84-45b4-a349-326cccf7322d@group-0077CE01DE48: shutdown
2019-09-12 06:03:14,841 [grpc-default-executor-1] INFO  util.JmxRegister (JmxRegister.java:unregister(73)) - Successfully un-registered JMX Bean with object name Ratis:service=RaftServer,group=group-0077CE01DE48,id=e419d203-ae84-45b4-a349-326cccf7322d
2019-09-12 06:03:14,842 [grpc-default-executor-1] INFO  impl.RoleInfo (RoleInfo.java:shutdownFollowerState(121)) - e419d203-ae84-45b4-a349-326cccf7322d: shutdown FollowerState
2019-09-12 06:03:14,842 [grpc-default-executor-1] INFO  impl.StateMachineUpdater (StateMachineUpdater.java:stopAndJoin(125)) - e419d203-ae84-45b4-a349-326cccf7322d@group-0077CE01DE48-StateMachineUpdater: set stopIndex = 10
2019-09-12 06:03:14,842 [Thread-311] INFO  impl.FollowerState (FollowerState.java:run(115)) - e419d203-ae84-45b4-a349-326cccf7322d: FollowerState was interrupted: java.lang.InterruptedException: sleep interrupted
2019-09-12 06:03:14,842 [e419d203-ae84-45b4-a349-326cccf7322d@group-0077CE01DE48-StateMachineUpdater] INFO  ratis.ContainerStateMachine (ContainerStateMachine.java:takeSnapshot(289)) - group-0077CE01DE48: Taking a snapshot at:(t:1, i:6) file /workdir/hadoop-ozone/integration-test/target/test-dir/MiniOzoneClusterImpl-df7e887f-907b-44f9-9fab-c718128d2034/datanode-0/data/ratis/0700555e-d407-47f7-9b9f-0077ce01de48/sm/snapshot.1_6
2019-09-12 06:03:14,855 [e419d203-ae84-45b4-a349-326cccf7322d@group-0077CE01DE48-StateMachineUpdater] INFO  ratis.ContainerStateMachine (ContainerStateMachine.java:takeSnapshot(300)) - group-0077CE01DE48: Finished taking a snapshot at:(t:1, i:6) file:/workdir/hadoop-ozone/integration-test/target/test-dir/MiniOzoneClusterImpl-df7e887f-907b-44f9-9fab-c718128d2034/datanode-0/data/ratis/0700555e-d407-47f7-9b9f-0077ce01de48/sm/snapshot.1_6 time:13
2019-09-12 06:03:14,855 [e419d203-ae84-45b4-a349-326cccf7322d@group-0077CE01DE48-StateMachineUpdater] INFO  impl.StateMachineUpdater (StateMachineUpdater.java:takeSnapshot(258)) - e419d203-ae84-45b4-a349-326cccf7322d@group-0077CE01DE48-StateMachineUpdater: Took a snapshot at index 6
2019-09-12 06:03:14,855 [e419d203-ae84-45b4-a349-326cccf7322d@group-0077CE01DE48-StateMachineUpdater] INFO  impl.StateMachineUpdater (StateMachineUpdater.java:lambda$new$0(83)) - e419d203-ae84-45b4-a349-326cccf7322d@group-0077CE01DE48-StateMachineUpdater: snapshotIndex: updateIncreasingly -1 -> 6
2019-09-12 06:03:14,856 [e419d203-ae84-45b4-a349-326cccf7322d@group-0077CE01DE48-StateMachineUpdater] INFO  ratis.ContainerStateMachine (ContainerStateMachine.java:takeSnapshot(289)) - group-0077CE01DE48: Taking a snapshot at:(t:1, i:6) file /workdir/hadoop-ozone/integration-test/target/test-dir/MiniOzoneClusterImpl-df7e887f-907b-44f9-9fab-c718128d2034/datanode-0/data/ratis/0700555e-d407-47f7-9b9f-0077ce01de48/sm/snapshot.1_6
2019-09-12 06:03:14,866 [e419d203-ae84-45b4-a349-326cccf7322d@group-0077CE01DE48-StateMachineUpdater] INFO  ratis.ContainerStateMachine (ContainerStateMachine.java:takeSnapshot(300)) - group-0077CE01DE48: Finished taking a snapshot at:(t:1, i:6) file:/workdir/hadoop-ozone/integration-test/target/test-dir/MiniOzoneClusterImpl-df7e887f-907b-44f9-9fab-c718128d2034/datanode-0/data/ratis/0700555e-d407-47f7-9b9f-0077ce01de48/sm/snapshot.1_6 time:11
2019-09-12 06:03:14,866 [e419d203-ae84-45b4-a349-326cccf7322d@group-0077CE01DE48-StateMachineUpdater] INFO  impl.StateMachineUpdater (StateMachineUpdater.java:takeSnapshot(258)) - e419d203-ae84-45b4-a349-326cccf7322d@group-0077CE01DE48-StateMachineUpdater: Took a snapshot at index 6
2019-09-12 06:03:14,866 [e419d203-ae84-45b4-a349-326cccf7322d@group-0077CE01DE48-StateMachineUpdater] INFO  impl.StateMachineUpdater (StateMachineUpdater.java:lambda$new$0(83)) - e419d203-ae84-45b4-a349-326cccf7322d@group-0077CE01DE48-StateMachineUpdater: snapshotIndex: updateIncreasingly 6 -> 6
2019-09-12 06:03:14,867 [grpc-default-executor-1] INFO  impl.RaftServerImpl (ServerState.java:close(385)) - e419d203-ae84-45b4-a349-326cccf7322d@group-0077CE01DE48: closes. applyIndex: 10
2019-09-12 06:03:14,870 [e419d203-ae84-45b4-a349-326cccf7322d@group-0077CE01DE48-SegmentedRaftLogWorker] ERROR ratis.XceiverServerRatis (XceiverServerRatis.java:triggerPipelineClose(568)) - pipeline Action CLOSE  on pipeline PipelineID=0700555e-d407-47f7-9b9f-0077ce01de48.Reason : WriteLog:11: (t:1, i:11), STATEMACHINELOGENTRY, client-A49E3A1ED208, cid=32-writeStateMachineData interrupted.
2019-09-12 06:03:14,872 [grpc-default-executor-1] INFO  segmented.SegmentedRaftLogWorker (SegmentedRaftLogWorker.java:close(228)) - e419d203-ae84-45b4-a349-326cccf7322d@group-0077CE01DE48-SegmentedRaftLogWorker close()
2019-09-12 06:03:14,874 [EventQueue-PipelineActionsForPipelineActionHandler] ERROR pipeline.PipelineActionHandler (PipelineActionHandler.java:onMessage(60)) - Received pipeline action CLOSE for Pipeline[ Id: 0700555e-d407-47f7-9b9f-0077ce01de48, Nodes: 63029d58-985e-44b6-b8f1-28f19ea5ad76{ip: 192.168.34.52, host: trunk-nightly-20190912-4gc2t-2068889165, networkLocation: /default-rack, certSerialId: null}e419d203-ae84-45b4-a349-326cccf7322d{ip: 192.168.34.52, host: trunk-nightly-20190912-4gc2t-2068889165, networkLocation: /default-rack, certSerialId: null}300524ac-6f40-4001-8852-e3bc017e7a2d{ip: 192.168.34.52, host: trunk-nightly-20190912-4gc2t-2068889165, networkLocation: /default-rack, certSerialId: null}, Type:RATIS, Factor:THREE, State:CLOSED] from datanode e419d203-ae84-45b4-a349-326cccf7322d{ip: 192.168.34.52, host: trunk-nightly-20190912-4gc2t-2068889165, networkLocation: /default-rack, certSerialId: null}. Reason : WriteLog:11: (t:1, i:11), STATEMACHINELOGENTRY, client-A49E3A1ED208, cid=32-writeStateMachineData interrupted.
2019-09-12 06:03:14,875 [EventQueue-PipelineActionsForPipelineActionHandler] INFO  pipeline.SCMPipelineManager (SCMPipelineManager.java:finalizeAndDestroyPipeline(311)) - destroying pipeline:Pipeline[ Id: 0700555e-d407-47f7-9b9f-0077ce01de48, Nodes: 63029d58-985e-44b6-b8f1-28f19ea5ad76{ip: 192.168.34.52, host: trunk-nightly-20190912-4gc2t-2068889165, networkLocation: /default-rack, certSerialId: null}e419d203-ae84-45b4-a349-326cccf7322d{ip: 192.168.34.52, host: trunk-nightly-20190912-4gc2t-2068889165, networkLocation: /default-rack, certSerialId: null}300524ac-6f40-4001-8852-e3bc017e7a2d{ip: 192.168.34.52, host: trunk-nightly-20190912-4gc2t-2068889165, networkLocation: /default-rack, certSerialId: null}, Type:RATIS, Factor:THREE, State:CLOSED]
2019-09-12 06:03:14,886 [grpc-default-executor-1] INFO  interfaces.Container (KeyValueContainer.java:flushAndSyncDB(386)) - Container 3 is synced with bcsId 6.
2019-09-12 06:03:14,886 [grpc-default-executor-1] INFO  interfaces.Container (KeyValueContainer.java:flushAndSyncDB(386)) - Container 3 is synced with bcsId 6.
2019-09-12 06:03:14,931 [grpc-default-executor-1] INFO  interfaces.Container (KeyValueContainer.java:flushAndSyncDB(386)) - Container 4 is synced with bcsId 0.
2019-09-12 06:03:14,931 [grpc-default-executor-1] INFO  interfaces.Container (KeyValueContainer.java:flushAndSyncDB(386)) - Container 4 is synced with bcsId 0.
2019-09-12 06:03:14,949 [grpc-default-executor-1] INFO  impl.RaftServerProxy (RaftServerProxy.java:remove(95)) - 300524ac-6f40-4001-8852-e3bc017e7a2d: remove    LEADER 300524ac-6f40-4001-8852-e3bc017e7a2d@group-0077CE01DE48:t1, leader=300524ac-6f40-4001-8852-e3bc017e7a2d, voted=300524ac-6f40-4001-8852-e3bc017e7a2d, raftlog=300524ac-6f40-4001-8852-e3bc017e7a2d@group-0077CE01DE48-SegmentedRaftLog:OPENED:c10,f10,i14, conf=0: [63029d58-985e-44b6-b8f1-28f19ea5ad76:192.168.34.52:43376, 300524ac-6f40-4001-8852-e3bc017e7a2d:192.168.34.52:35783, e419d203-ae84-45b4-a349-326cccf7322d:192.168.34.52:35999], old=null RUNNING
2019-09-12 06:03:14,949 [grpc-default-executor-1] INFO  impl.RaftServerImpl (RaftServerImpl.java:lambda$shutdown$3(251)) - 300524ac-6f40-4001-8852-e3bc017e7a2d@group-0077CE01DE48: shutdown
2019-09-12 06:03:14,949 [grpc-default-executor-1] INFO  util.JmxRegister (JmxRegister.java:unregister(73)) - Successfully un-registered JMX Bean with object name Ratis:service=RaftServer,group=group-0077CE01DE48,id=300524ac-6f40-4001-8852-e3bc017e7a2d
2019-09-12 06:03:14,949 [grpc-default-executor-1] INFO  impl.RoleInfo (RoleInfo.java:shutdownLeaderState(104)) - 300524ac-6f40-4001-8852-e3bc017e7a2d: shutdown LeaderState
2019-09-12 06:03:14,954 [grpc-default-executor-1] INFO  impl.PendingRequests (PendingRequests.java:sendNotLeaderResponses(202)) - 300524ac-6f40-4001-8852-e3bc017e7a2d-PendingRequests: sendNotLeaderResponses
2019-09-12 06:03:14,954 [org.apache.ratis.server.impl.LogAppender$AppenderDaemon$$Lambda$547/1589537345@57e996e8] WARN  server.GrpcLogAppender (GrpcLogAppender.java:mayWait(143)) - 300524ac-6f40-4001-8852-e3bc017e7a2d@group-0077CE01DE48->63029d58-985e-44b6-b8f1-28f19ea5ad76-GrpcLogAppender: Wait interrupted by java.lang.InterruptedException
2019-09-12 06:03:14,954 [org.apache.ratis.server.impl.LogAppender$AppenderDaemon$$Lambda$547/1589537345@35f95088] WARN  server.GrpcLogAppender (GrpcLogAppender.java:mayWait(143)) - 300524ac-6f40-4001-8852-e3bc017e7a2d@group-0077CE01DE48->e419d203-ae84-45b4-a349-326cccf7322d-GrpcLogAppender: Wait interrupted by java.lang.InterruptedException
2019-09-12 06:03:14,954 [grpc-default-executor-3] INFO  server.GrpcServerProtocolService (GrpcServerProtocolService.java:onCompleted(113)) - 63029d58-985e-44b6-b8f1-28f19ea5ad76: Completed APPEND_ENTRIES, lastRequest: 300524ac-6f40-4001-8852-e3bc017e7a2d->63029d58-985e-44b6-b8f1-28f19ea5ad76#163-t1, previous=(t:1, i:14), leaderCommit=10, initializing? false, entries: <empty>
2019-09-12 06:03:14,955 [grpc-default-executor-4] INFO  server.GrpcServerProtocolService (GrpcServerProtocolService.java:onCompleted(113)) - e419d203-ae84-45b4-a349-326cccf7322d: Completed APPEND_ENTRIES, lastRequest: 300524ac-6f40-4001-8852-e3bc017e7a2d->e419d203-ae84-45b4-a349-326cccf7322d#163-t1, previous=(t:1, i:14), leaderCommit=10, initializing? false, entries: <empty>
2019-09-12 06:03:14,958 [300524ac-6f40-4001-8852-e3bc017e7a2d@group-0077CE01DE48-StateMachineUpdater] INFO  ratis.ContainerStateMachine (ContainerStateMachine.java:takeSnapshot(289)) - group-0077CE01DE48: Taking a snapshot at:(t:1, i:10) file /workdir/hadoop-ozone/integration-test/target/test-dir/MiniOzoneClusterImpl-df7e887f-907b-44f9-9fab-c718128d2034/datanode-5/data/ratis/0700555e-d407-47f7-9b9f-0077ce01de48/sm/snapshot.1_10
2019-09-12 06:03:14,958 [grpc-default-executor-4] INFO  server.GrpcLogAppender (GrpcLogAppender.java:onCompleted(293)) - 300524ac-6f40-4001-8852-e3bc017e7a2d@group-0077CE01DE48->63029d58-985e-44b6-b8f1-28f19ea5ad76-AppendLogResponseHandler: follower responses appendEntries COMPLETED
2019-09-12 06:03:14,958 [grpc-default-executor-1] INFO  impl.StateMachineUpdater (StateMachineUpdater.java:stopAndJoin(125)) - 300524ac-6f40-4001-8852-e3bc017e7a2d@group-0077CE01DE48-StateMachineUpdater: set stopIndex = 10
2019-09-12 06:03:14,958 [grpc-default-executor-3] INFO  server.GrpcLogAppender (GrpcLogAppender.java:onCompleted(293)) - 300524ac-6f40-4001-8852-e3bc017e7a2d@group-0077CE01DE48->e419d203-ae84-45b4-a349-326cccf7322d-AppendLogResponseHandler: follower responses appendEntries COMPLETED
2019-09-12 06:03:14,959 [grpc-default-executor-4] INFO  impl.FollowerInfo (FollowerInfo.java:lambda$new$0(51)) - 300524ac-6f40-4001-8852-e3bc017e7a2d@group-0077CE01DE48->63029d58-985e-44b6-b8f1-28f19ea5ad76: nextIndex: updateUnconditionally 15 -> 11
2019-09-12 06:03:14,959 [grpc-default-executor-3] INFO  impl.FollowerInfo (FollowerInfo.java:lambda$new$0(51)) - 300524ac-6f40-4001-8852-e3bc017e7a2d@group-0077CE01DE48->e419d203-ae84-45b4-a349-326cccf7322d: nextIndex: updateUnconditionally 15 -> 11
2019-09-12 06:03:14,960 [grpc-default-executor-4] WARN  server.GrpcLogAppender (LogUtils.java:warn(134)) - 300524ac-6f40-4001-8852-e3bc017e7a2d@group-AC406AFA1D55->e419d203-ae84-45b4-a349-326cccf7322d-AppendLogResponseHandler: Failed appendEntries: org.apache.ratis.thirdparty.io.grpc.StatusRuntimeException: UNAVAILABLE: Channel shutdownNow invoked
2019-09-12 06:03:14,960 [grpc-default-executor-6] WARN  server.GrpcLogAppender (LogUtils.java:warn(134)) - 300524ac-6f40-4001-8852-e3bc017e7a2d@group-AC406AFA1D55->63029d58-985e-44b6-b8f1-28f19ea5ad76-AppendLogResponseHandler: Failed appendEntries: org.apache.ratis.thirdparty.io.grpc.StatusRuntimeException: UNAVAILABLE: Channel shutdownNow invoked
2019-09-12 06:03:14,961 [grpc-default-executor-4] INFO  impl.FollowerInfo (FollowerInfo.java:lambda$new$0(51)) - 300524ac-6f40-4001-8852-e3bc017e7a2d@group-AC406AFA1D55->e419d203-ae84-45b4-a349-326cccf7322d: nextIndex: updateUnconditionally 1 -> 0
2019-09-12 06:03:14,961 [grpc-default-executor-6] INFO  impl.FollowerInfo (FollowerInfo.java:lambda$new$0(51)) - 300524ac-6f40-4001-8852-e3bc017e7a2d@group-AC406AFA1D55->63029d58-985e-44b6-b8f1-28f19ea5ad76: nextIndex: updateUnconditionally 1 -> 0
2019-09-12 06:03:14,962 [grpc-default-executor-3] WARN  server.GrpcServerProtocolService (LogUtils.java:warn(134)) - 63029d58-985e-44b6-b8f1-28f19ea5ad76: installSnapshot onError, lastRequest: 300524ac-6f40-4001-8852-e3bc017e7a2d->63029d58-985e-44b6-b8f1-28f19ea5ad76#6-t1, previous=(t:1, i:0), leaderCommit=0, initializing? false, entries: <empty>: org.apache.ratis.thirdparty.io.grpc.StatusRuntimeException: CANCELLED: cancelled before receiving half close
2019-09-12 06:03:14,962 [grpc-default-executor-7] WARN  server.GrpcServerProtocolService (LogUtils.java:warn(134)) - e419d203-ae84-45b4-a349-326cccf7322d: installSnapshot onError, lastRequest: 300524ac-6f40-4001-8852-e3bc017e7a2d->e419d203-ae84-45b4-a349-326cccf7322d#6-t1, previous=(t:1, i:0), leaderCommit=0, initializing? false, entries: <empty>: org.apache.ratis.thirdparty.io.grpc.StatusRuntimeException: CANCELLED: cancelled before receiving half close
2019-09-12 06:03:14,963 [300524ac-6f40-4001-8852-e3bc017e7a2d@group-0077CE01DE48-StateMachineUpdater] INFO  ratis.ContainerStateMachine (ContainerStateMachine.java:takeSnapshot(300)) - group-0077CE01DE48: Finished taking a snapshot at:(t:1, i:10) file:/workdir/hadoop-ozone/integration-test/target/test-dir/MiniOzoneClusterImpl-df7e887f-907b-44f9-9fab-c718128d2034/datanode-5/data/ratis/0700555e-d407-47f7-9b9f-0077ce01de48/sm/snapshot.1_10 time:5
2019-09-12 06:03:14,963 [300524ac-6f40-4001-8852-e3bc017e7a2d@group-0077CE01DE48-StateMachineUpdater] INFO  impl.StateMachineUpdater (StateMachineUpdater.java:takeSnapshot(258)) - 300524ac-6f40-4001-8852-e3bc017e7a2d@group-0077CE01DE48-StateMachineUpdater: Took a snapshot at index 10
2019-09-12 06:03:14,963 [300524ac-6f40-4001-8852-e3bc017e7a2d@group-0077CE01DE48-StateMachineUpdater] INFO  impl.StateMachineUpdater (StateMachineUpdater.java:lambda$new$0(83)) - 300524ac-6f40-4001-8852-e3bc017e7a2d@group-0077CE01DE48-StateMachineUpdater: snapshotIndex: updateIncreasingly -1 -> 10
2019-09-12 06:03:14,963 [grpc-default-executor-1] INFO  impl.RaftServerImpl (ServerState.java:close(385)) - 300524ac-6f40-4001-8852-e3bc017e7a2d@group-0077CE01DE48: closes. applyIndex: 10
2019-09-12 06:03:14,966 [300524ac-6f40-4001-8852-e3bc017e7a2d@group-0077CE01DE48-SegmentedRaftLogWorker] ERROR ratis.XceiverServerRatis (XceiverServerRatis.java:triggerPipelineClose(568)) - pipeline Action CLOSE  on pipeline PipelineID=0700555e-d407-47f7-9b9f-0077ce01de48.Reason : WriteLog:12: (t:1, i:12), STATEMACHINELOGENTRY, client-A49E3A1ED208, cid=33-writeStateMachineData interrupted.
2019-09-12 06:03:14,966 [Command processor thread] ERROR commandhandler.CloseContainerCommandHandler (CloseContainerCommandHandler.java:handle(125)) - Can't close container #4
java.io.IOException: org.apache.ratis.protocol.GroupMismatchException: 300524ac-6f40-4001-8852-e3bc017e7a2d: group-0077CE01DE48 not found.
	at org.apache.hadoop.ozone.container.common.transport.server.ratis.XceiverServerRatis.submitRequest(XceiverServerRatis.java:495)
	at org.apache.hadoop.ozone.container.common.statemachine.commandhandler.CloseContainerCommandHandler.handle(CloseContainerCommandHandler.java:102)
	at org.apache.hadoop.ozone.container.common.statemachine.commandhandler.CommandDispatcher.handle(CommandDispatcher.java:99)
	at org.apache.hadoop.ozone.container.common.statemachine.DatanodeStateMachine.lambda$initCommandHandlerThread$1(DatanodeStateMachine.java:432)
	at java.lang.Thread.run(Thread.java:748)
Caused by: java.util.concurrent.ExecutionException: org.apache.ratis.protocol.GroupMismatchException: 300524ac-6f40-4001-8852-e3bc017e7a2d: group-0077CE01DE48 not found.
	at java.util.concurrent.CompletableFuture.reportGet(CompletableFuture.java:357)
	at java.util.concurrent.CompletableFuture.get(CompletableFuture.java:1895)
	at org.apache.hadoop.ozone.container.common.transport.server.ratis.XceiverServerRatis.submitRequest(XceiverServerRatis.java:493)
	... 4 more
Caused by: org.apache.ratis.protocol.GroupMismatchException: 300524ac-6f40-4001-8852-e3bc017e7a2d: group-0077CE01DE48 not found.
	at org.apache.ratis.server.impl.RaftServerProxy$ImplMap.get(RaftServerProxy.java:122)
	at org.apache.ratis.server.impl.RaftServerProxy.getImplFuture(RaftServerProxy.java:269)
	at org.apache.ratis.server.impl.RaftServerProxy.submitRequest(RaftServerProxy.java:327)
	at org.apache.ratis.server.impl.RaftServerProxy.submitClientRequestAsync(RaftServerProxy.java:333)
	... 5 more
2019-09-12 06:03:14,972 [EventQueue-PipelineActionsForPipelineActionHandler] ERROR pipeline.PipelineActionHandler (PipelineActionHandler.java:onMessage(60)) - Received pipeline action CLOSE for Pipeline[ Id: 0700555e-d407-47f7-9b9f-0077ce01de48, Nodes: 63029d58-985e-44b6-b8f1-28f19ea5ad76{ip: 192.168.34.52, host: trunk-nightly-20190912-4gc2t-2068889165, networkLocation: /default-rack, certSerialId: null}e419d203-ae84-45b4-a349-326cccf7322d{ip: 192.168.34.52, host: trunk-nightly-20190912-4gc2t-2068889165, networkLocation: /default-rack, certSerialId: null}300524ac-6f40-4001-8852-e3bc017e7a2d{ip: 192.168.34.52, host: trunk-nightly-20190912-4gc2t-2068889165, networkLocation: /default-rack, certSerialId: null}, Type:RATIS, Factor:THREE, State:CLOSED] from datanode 300524ac-6f40-4001-8852-e3bc017e7a2d{ip: 192.168.34.52, host: trunk-nightly-20190912-4gc2t-2068889165, networkLocation: /default-rack, certSerialId: null}. Reason : WriteLog:12: (t:1, i:12), STATEMACHINELOGENTRY, client-A49E3A1ED208, cid=33-writeStateMachineData interrupted.
2019-09-12 06:03:14,972 [EventQueue-PipelineActionsForPipelineActionHandler] INFO  pipeline.SCMPipelineManager (SCMPipelineManager.java:finalizeAndDestroyPipeline(311)) - destroying pipeline:Pipeline[ Id: 0700555e-d407-47f7-9b9f-0077ce01de48, Nodes: 63029d58-985e-44b6-b8f1-28f19ea5ad76{ip: 192.168.34.52, host: trunk-nightly-20190912-4gc2t-2068889165, networkLocation: /default-rack, certSerialId: null}e419d203-ae84-45b4-a349-326cccf7322d{ip: 192.168.34.52, host: trunk-nightly-20190912-4gc2t-2068889165, networkLocation: /default-rack, certSerialId: null}300524ac-6f40-4001-8852-e3bc017e7a2d{ip: 192.168.34.52, host: trunk-nightly-20190912-4gc2t-2068889165, networkLocation: /default-rack, certSerialId: null}, Type:RATIS, Factor:THREE, State:CLOSED]
2019-09-12 06:03:14,986 [grpc-default-executor-1] INFO  segmented.SegmentedRaftLogWorker (SegmentedRaftLogWorker.java:close(228)) - 300524ac-6f40-4001-8852-e3bc017e7a2d@group-0077CE01DE48-SegmentedRaftLogWorker close()
2019-09-12 06:03:14,995 [grpc-default-executor-1] INFO  interfaces.Container (KeyValueContainer.java:flushAndSyncDB(386)) - Container 3 is synced with bcsId 6.
2019-09-12 06:03:14,995 [grpc-default-executor-1] INFO  interfaces.Container (KeyValueContainer.java:flushAndSyncDB(386)) - Container 3 is synced with bcsId 6.
2019-09-12 06:03:15,015 [grpc-default-executor-7] INFO  impl.RaftServerImpl (ServerState.java:setRaftConf(354)) - e419d203-ae84-45b4-a349-326cccf7322d@group-AC406AFA1D55: set configuration 0: [63029d58-985e-44b6-b8f1-28f19ea5ad76:192.168.34.52:43376, 300524ac-6f40-4001-8852-e3bc017e7a2d:192.168.34.52:35783, e419d203-ae84-45b4-a349-326cccf7322d:192.168.34.52:35999], old=null at 0
2019-09-12 06:03:15,015 [grpc-default-executor-3] INFO  impl.RaftServerImpl (ServerState.java:setRaftConf(354)) - 63029d58-985e-44b6-b8f1-28f19ea5ad76@group-AC406AFA1D55: set configuration 0: [63029d58-985e-44b6-b8f1-28f19ea5ad76:192.168.34.52:43376, 300524ac-6f40-4001-8852-e3bc017e7a2d:192.168.34.52:35783, e419d203-ae84-45b4-a349-326cccf7322d:192.168.34.52:35999], old=null at 0
2019-09-12 06:03:15,079 [grpc-default-executor-1] INFO  interfaces.Container (KeyValueContainer.java:flushAndSyncDB(386)) - Container 4 is synced with bcsId 0.
2019-09-12 06:03:15,079 [grpc-default-executor-1] INFO  interfaces.Container (KeyValueContainer.java:flushAndSyncDB(386)) - Container 4 is synced with bcsId 0.
2019-09-12 06:03:15,095 [RatisPipelineUtilsThread] INFO  pipeline.PipelineStateManager (PipelineStateManager.java:removePipeline(108)) - Pipeline Pipeline[ Id: 0700555e-d407-47f7-9b9f-0077ce01de48, Nodes: 63029d58-985e-44b6-b8f1-28f19ea5ad76{ip: 192.168.34.52, host: trunk-nightly-20190912-4gc2t-2068889165, networkLocation: /default-rack, certSerialId: null}e419d203-ae84-45b4-a349-326cccf7322d{ip: 192.168.34.52, host: trunk-nightly-20190912-4gc2t-2068889165, networkLocation: /default-rack, certSerialId: null}300524ac-6f40-4001-8852-e3bc017e7a2d{ip: 192.168.34.52, host: trunk-nightly-20190912-4gc2t-2068889165, networkLocation: /default-rack, certSerialId: null}, Type:RATIS, Factor:THREE, State:CLOSED] removed from db
2019-09-12 06:03:15,157 [main] WARN  io.KeyOutputStream (KeyOutputStream.java:handleException(276)) - Encountered exception java.io.IOException: Unexpected Storage Container Exception: java.util.concurrent.CompletionException: java.util.concurrent.CompletionException: org.apache.ratis.protocol.GroupMismatchException: 63029d58-985e-44b6-b8f1-28f19ea5ad76: group-0077CE01DE48 not found. on the pipeline Pipeline[ Id: 0700555e-d407-47f7-9b9f-0077ce01de48, Nodes: 63029d58-985e-44b6-b8f1-28f19ea5ad76{ip: 192.168.34.52, host: trunk-nightly-20190912-4gc2t-2068889165, networkLocation: /default-rack, certSerialId: null}e419d203-ae84-45b4-a349-326cccf7322d{ip: 192.168.34.52, host: trunk-nightly-20190912-4gc2t-2068889165, networkLocation: /default-rack, certSerialId: null}300524ac-6f40-4001-8852-e3bc017e7a2d{ip: 192.168.34.52, host: trunk-nightly-20190912-4gc2t-2068889165, networkLocation: /default-rack, certSerialId: null}, Type:RATIS, Factor:THREE, State:OPEN]. The last committed block length is 0, uncommitted data length is 150 retry count 0
2019-09-12 06:03:15,190 [grpc-default-executor-1] INFO  client.GrpcClientProtocolClient (GrpcClientProtocolClient.java:onNext(264)) - client-A62FE20F707D->63029d58-985e-44b6-b8f1-28f19ea5ad76: receive RaftClientReply:client-A62FE20F707D->63029d58-985e-44b6-b8f1-28f19ea5ad76@group-AC406AFA1D55, cid=128, FAILED org.apache.ratis.protocol.NotLeaderException: Server 63029d58-985e-44b6-b8f1-28f19ea5ad76@group-AC406AFA1D55 is not the leader 300524ac-6f40-4001-8852-e3bc017e7a2d:192.168.34.52:35783, logIndex=0, commits[63029d58-985e-44b6-b8f1-28f19ea5ad76:c0, 300524ac-6f40-4001-8852-e3bc017e7a2d:c0, e419d203-ae84-45b4-a349-326cccf7322d:c0]
2019-09-12 06:03:15,358 [grpc-default-executor-3] INFO  client.GrpcClientProtocolClient (GrpcClientProtocolClient.java:onNext(264)) - client-A62FE20F707D->300524ac-6f40-4001-8852-e3bc017e7a2d: receive RaftClientReply:client-A62FE20F707D->300524ac-6f40-4001-8852-e3bc017e7a2d@group-AC406AFA1D55, cid=128, SUCCESS, logIndex=1, commits[300524ac-6f40-4001-8852-e3bc017e7a2d:c1, 63029d58-985e-44b6-b8f1-28f19ea5ad76:c0, e419d203-ae84-45b4-a349-326cccf7322d:c0]
2019-09-12 06:03:15,386 [grpc-default-executor-7] INFO  client.GrpcClientProtocolClient (GrpcClientProtocolClient.java:onNext(264)) - client-A62FE20F707D->300524ac-6f40-4001-8852-e3bc017e7a2d: receive RaftClientReply:client-A62FE20F707D->300524ac-6f40-4001-8852-e3bc017e7a2d@group-AC406AFA1D55, cid=129, SUCCESS, logIndex=3, commits[300524ac-6f40-4001-8852-e3bc017e7a2d:c3, 63029d58-985e-44b6-b8f1-28f19ea5ad76:c1, e419d203-ae84-45b4-a349-326cccf7322d:c1]
2019-09-12 06:03:15,466 [grpc-default-executor-7] INFO  client.GrpcClientProtocolClient (GrpcClientProtocolClient.java:onNext(264)) - client-A62FE20F707D->300524ac-6f40-4001-8852-e3bc017e7a2d: receive RaftClientReply:client-A62FE20F707D->300524ac-6f40-4001-8852-e3bc017e7a2d@group-AC406AFA1D55, cid=130, SUCCESS, logIndex=4, commits[300524ac-6f40-4001-8852-e3bc017e7a2d:c6, 63029d58-985e-44b6-b8f1-28f19ea5ad76:c4, e419d203-ae84-45b4-a349-326cccf7322d:c4]
]]></system-out>
    <system-err><![CDATA[Sep 12, 2019 6:03:14 AM org.apache.ratis.thirdparty.io.grpc.internal.SerializingExecutor run
SEVERE: Exception while executing runnable org.apache.ratis.thirdparty.io.grpc.internal.ServerImpl$JumpToApplicationThreadServerStreamListener$1Closed@133c3f68
org.apache.ratis.thirdparty.io.grpc.StatusRuntimeException: CANCELLED: call already cancelled
	at org.apache.ratis.thirdparty.io.grpc.Status.asRuntimeException(Status.java:517)
	at org.apache.ratis.thirdparty.io.grpc.stub.ServerCalls$ServerCallStreamObserverImpl.onCompleted(ServerCalls.java:356)
	at org.apache.ratis.grpc.server.GrpcServerProtocolService$ServerRequestStreamObserver.onError(GrpcServerProtocolService.java:121)
	at org.apache.ratis.thirdparty.io.grpc.stub.ServerCalls$StreamingServerCallHandler$StreamingServerCallListener.onCancel(ServerCalls.java:269)
	at org.apache.ratis.thirdparty.io.grpc.internal.ServerCallImpl$ServerStreamListenerImpl.closed(ServerCallImpl.java:293)
	at org.apache.ratis.thirdparty.io.grpc.internal.ServerImpl$JumpToApplicationThreadServerStreamListener$1Closed.runInContext(ServerImpl.java:741)
	at org.apache.ratis.thirdparty.io.grpc.internal.ContextRunnable.run(ContextRunnable.java:37)
	at org.apache.ratis.thirdparty.io.grpc.internal.SerializingExecutor.run(SerializingExecutor.java:123)
	at java.util.concurrent.ThreadPoolExecutor.runWorker(ThreadPoolExecutor.java:1149)
	at java.util.concurrent.ThreadPoolExecutor$Worker.run(ThreadPoolExecutor.java:624)
	at java.lang.Thread.run(Thread.java:748)

Sep 12, 2019 6:03:14 AM org.apache.ratis.thirdparty.io.grpc.internal.SerializingExecutor run
SEVERE: Exception while executing runnable org.apache.ratis.thirdparty.io.grpc.internal.ServerImpl$JumpToApplicationThreadServerStreamListener$1Closed@775b5f91
org.apache.ratis.thirdparty.io.grpc.StatusRuntimeException: CANCELLED: call already cancelled
	at org.apache.ratis.thirdparty.io.grpc.Status.asRuntimeException(Status.java:517)
	at org.apache.ratis.thirdparty.io.grpc.stub.ServerCalls$ServerCallStreamObserverImpl.onCompleted(ServerCalls.java:356)
	at org.apache.ratis.grpc.server.GrpcServerProtocolService$ServerRequestStreamObserver.onError(GrpcServerProtocolService.java:121)
	at org.apache.ratis.thirdparty.io.grpc.stub.ServerCalls$StreamingServerCallHandler$StreamingServerCallListener.onCancel(ServerCalls.java:269)
	at org.apache.ratis.thirdparty.io.grpc.internal.ServerCallImpl$ServerStreamListenerImpl.closed(ServerCallImpl.java:293)
	at org.apache.ratis.thirdparty.io.grpc.internal.ServerImpl$JumpToApplicationThreadServerStreamListener$1Closed.runInContext(ServerImpl.java:741)
	at org.apache.ratis.thirdparty.io.grpc.internal.ContextRunnable.run(ContextRunnable.java:37)
	at org.apache.ratis.thirdparty.io.grpc.internal.SerializingExecutor.run(SerializingExecutor.java:123)
	at java.util.concurrent.ThreadPoolExecutor.runWorker(ThreadPoolExecutor.java:1149)
	at java.util.concurrent.ThreadPoolExecutor$Worker.run(ThreadPoolExecutor.java:624)
	at java.lang.Thread.run(Thread.java:748)

]]></system-err>
  </testcase>
  <testcase name="testFullBufferCondition" classname="org.apache.hadoop.ozone.client.rpc.TestBlockOutputStream" time="187.351">
    <failure type="java.lang.AssertionError">java.lang.AssertionError
	at org.junit.Assert.fail(Assert.java:86)
	at org.junit.Assert.assertTrue(Assert.java:41)
	at org.junit.Assert.assertTrue(Assert.java:52)
	at org.apache.hadoop.ozone.client.rpc.TestBlockOutputStream.testFullBufferCondition(TestBlockOutputStream.java:515)
	at sun.reflect.NativeMethodAccessorImpl.invoke0(Native Method)
	at sun.reflect.NativeMethodAccessorImpl.invoke(NativeMethodAccessorImpl.java:62)
	at sun.reflect.DelegatingMethodAccessorImpl.invoke(DelegatingMethodAccessorImpl.java:43)
	at java.lang.reflect.Method.invoke(Method.java:498)
	at org.junit.runners.model.FrameworkMethod$1.runReflectiveCall(FrameworkMethod.java:47)
	at org.junit.internal.runners.model.ReflectiveCallable.run(ReflectiveCallable.java:12)
	at org.junit.runners.model.FrameworkMethod.invokeExplosively(FrameworkMethod.java:44)
	at org.junit.internal.runners.statements.InvokeMethod.evaluate(InvokeMethod.java:17)
	at org.junit.runners.ParentRunner.runLeaf(ParentRunner.java:271)
	at org.junit.runners.BlockJUnit4ClassRunner.runChild(BlockJUnit4ClassRunner.java:70)
	at org.junit.runners.BlockJUnit4ClassRunner.runChild(BlockJUnit4ClassRunner.java:50)
	at org.junit.runners.ParentRunner$3.run(ParentRunner.java:238)
	at org.junit.runners.ParentRunner$1.schedule(ParentRunner.java:63)
	at org.junit.runners.ParentRunner.runChildren(ParentRunner.java:236)
	at org.junit.runners.ParentRunner.access$000(ParentRunner.java:53)
	at org.junit.runners.ParentRunner$2.evaluate(ParentRunner.java:229)
	at org.junit.internal.runners.statements.RunBefores.evaluate(RunBefores.java:26)
	at org.junit.internal.runners.statements.RunAfters.evaluate(RunAfters.java:27)
	at org.junit.runners.ParentRunner.run(ParentRunner.java:309)
	at org.apache.maven.surefire.junit4.JUnit4Provider.execute(JUnit4Provider.java:365)
	at org.apache.maven.surefire.junit4.JUnit4Provider.executeWithRerun(JUnit4Provider.java:273)
	at org.apache.maven.surefire.junit4.JUnit4Provider.executeTestSet(JUnit4Provider.java:238)
	at org.apache.maven.surefire.junit4.JUnit4Provider.invoke(JUnit4Provider.java:159)
	at org.apache.maven.surefire.booter.ForkedBooter.invokeProviderInSameClassLoader(ForkedBooter.java:384)
	at org.apache.maven.surefire.booter.ForkedBooter.runSuitesInProcess(ForkedBooter.java:345)
	at org.apache.maven.surefire.booter.ForkedBooter.execute(ForkedBooter.java:126)
	at org.apache.maven.surefire.booter.ForkedBooter.main(ForkedBooter.java:418)
</failure>
    <system-out><![CDATA[2019-09-12 06:03:17,698 [grpc-default-executor-3] INFO  impl.RaftServerProxy (RaftServerProxy.java:remove(95)) - 63029d58-985e-44b6-b8f1-28f19ea5ad76: remove group-0077CE01DE48:null
2019-09-12 06:03:17,702 [RatisPipelineUtilsThread] WARN  pipeline.RatisPipelineUtils (RatisPipelineUtils.java:destroyPipeline(66)) - Pipeline destroy failed for pipeline=PipelineID=0700555e-d407-47f7-9b9f-0077ce01de48 dn=63029d58-985e-44b6-b8f1-28f19ea5ad76{ip: 192.168.34.52, host: trunk-nightly-20190912-4gc2t-2068889165, networkLocation: /default-rack, certSerialId: null}
2019-09-12 06:03:17,705 [grpc-default-executor-3] INFO  impl.RaftServerProxy (RaftServerProxy.java:remove(95)) - e419d203-ae84-45b4-a349-326cccf7322d: remove group-0077CE01DE48:null
2019-09-12 06:03:17,707 [RatisPipelineUtilsThread] WARN  pipeline.RatisPipelineUtils (RatisPipelineUtils.java:destroyPipeline(66)) - Pipeline destroy failed for pipeline=PipelineID=0700555e-d407-47f7-9b9f-0077ce01de48 dn=e419d203-ae84-45b4-a349-326cccf7322d{ip: 192.168.34.52, host: trunk-nightly-20190912-4gc2t-2068889165, networkLocation: /default-rack, certSerialId: null}
2019-09-12 06:03:17,710 [grpc-default-executor-3] INFO  impl.RaftServerProxy (RaftServerProxy.java:remove(95)) - 300524ac-6f40-4001-8852-e3bc017e7a2d: remove group-0077CE01DE48:null
2019-09-12 06:03:17,712 [RatisPipelineUtilsThread] WARN  pipeline.RatisPipelineUtils (RatisPipelineUtils.java:destroyPipeline(66)) - Pipeline destroy failed for pipeline=PipelineID=0700555e-d407-47f7-9b9f-0077ce01de48 dn=300524ac-6f40-4001-8852-e3bc017e7a2d{ip: 192.168.34.52, host: trunk-nightly-20190912-4gc2t-2068889165, networkLocation: /default-rack, certSerialId: null}
2019-09-12 06:03:17,712 [RatisPipelineUtilsThread] ERROR pipeline.SCMPipelineManager (Scheduler.java:lambda$schedule$1(70)) - Destroy pipeline failed for pipeline:Pipeline[ Id: 0700555e-d407-47f7-9b9f-0077ce01de48, Nodes: 63029d58-985e-44b6-b8f1-28f19ea5ad76{ip: 192.168.34.52, host: trunk-nightly-20190912-4gc2t-2068889165, networkLocation: /default-rack, certSerialId: null}e419d203-ae84-45b4-a349-326cccf7322d{ip: 192.168.34.52, host: trunk-nightly-20190912-4gc2t-2068889165, networkLocation: /default-rack, certSerialId: null}300524ac-6f40-4001-8852-e3bc017e7a2d{ip: 192.168.34.52, host: trunk-nightly-20190912-4gc2t-2068889165, networkLocation: /default-rack, certSerialId: null}, Type:RATIS, Factor:THREE, State:CLOSED]
org.apache.hadoop.hdds.scm.pipeline.PipelineNotFoundException: PipelineID=0700555e-d407-47f7-9b9f-0077ce01de48 not found
	at org.apache.hadoop.hdds.scm.pipeline.PipelineStateMap.getPipeline(PipelineStateMap.java:132)
	at org.apache.hadoop.hdds.scm.pipeline.PipelineStateMap.removePipeline(PipelineStateMap.java:322)
	at org.apache.hadoop.hdds.scm.pipeline.PipelineStateManager.removePipeline(PipelineStateManager.java:107)
	at org.apache.hadoop.hdds.scm.pipeline.SCMPipelineManager.removePipeline(SCMPipelineManager.java:423)
	at org.apache.hadoop.hdds.scm.pipeline.SCMPipelineManager.destroyPipeline(SCMPipelineManager.java:409)
	at org.apache.hadoop.hdds.scm.pipeline.SCMPipelineManager.lambda$finalizeAndDestroyPipeline$0(SCMPipelineManager.java:318)
	at org.apache.hadoop.utils.Scheduler.lambda$schedule$1(Scheduler.java:68)
	at java.util.concurrent.Executors$RunnableAdapter.call(Executors.java:511)
	at java.util.concurrent.FutureTask.run(FutureTask.java:266)
	at java.util.concurrent.ScheduledThreadPoolExecutor$ScheduledFutureTask.access$201(ScheduledThreadPoolExecutor.java:180)
	at java.util.concurrent.ScheduledThreadPoolExecutor$ScheduledFutureTask.run(ScheduledThreadPoolExecutor.java:293)
	at java.util.concurrent.ThreadPoolExecutor.runWorker(ThreadPoolExecutor.java:1149)
	at java.util.concurrent.ThreadPoolExecutor$Worker.run(ThreadPoolExecutor.java:624)
	at java.lang.Thread.run(Thread.java:748)
2019-09-12 06:03:18,506 [java.util.concurrent.ThreadPoolExecutor$Worker@3e4969f5[State = -1, empty queue]] WARN  server.GrpcLogAppender (GrpcLogAppender.java:timeoutAppendRequest(200)) - 300524ac-6f40-4001-8852-e3bc017e7a2d@group-AC406AFA1D55->e419d203-ae84-45b4-a349-326cccf7322d-GrpcLogAppender: appendEntries Timeout, request=300524ac-6f40-4001-8852-e3bc017e7a2d->e419d203-ae84-45b4-a349-326cccf7322d#15-t1, previous=(t:1, i:6), leaderCommit=6, initializing? false, entries: size=1, first=(t:1, i:7), STATEMACHINELOGENTRY, client-A62FE20F707D, cid=131
2019-09-12 06:03:18,506 [java.util.concurrent.ThreadPoolExecutor$Worker@13edb407[State = -1, empty queue]] WARN  server.GrpcLogAppender (GrpcLogAppender.java:timeoutAppendRequest(200)) - 300524ac-6f40-4001-8852-e3bc017e7a2d@group-AC406AFA1D55->63029d58-985e-44b6-b8f1-28f19ea5ad76-GrpcLogAppender: appendEntries Timeout, request=300524ac-6f40-4001-8852-e3bc017e7a2d->63029d58-985e-44b6-b8f1-28f19ea5ad76#15-t1, previous=(t:1, i:6), leaderCommit=6, initializing? false, entries: size=1, first=(t:1, i:7), STATEMACHINELOGENTRY, client-A62FE20F707D, cid=131
2019-09-12 06:03:18,507 [java.util.concurrent.ThreadPoolExecutor$Worker@3e4969f5[State = -1, empty queue]] WARN  server.GrpcLogAppender (GrpcLogAppender.java:timeoutAppendRequest(200)) - 300524ac-6f40-4001-8852-e3bc017e7a2d@group-AC406AFA1D55->e419d203-ae84-45b4-a349-326cccf7322d-GrpcLogAppender: appendEntries Timeout, request=300524ac-6f40-4001-8852-e3bc017e7a2d->e419d203-ae84-45b4-a349-326cccf7322d#16-t1, previous=(t:1, i:7), leaderCommit=6, initializing? false, entries: size=1, first=(t:1, i:8), STATEMACHINELOGENTRY, client-A62FE20F707D, cid=132
2019-09-12 06:03:18,507 [java.util.concurrent.ThreadPoolExecutor$Worker@13edb407[State = -1, empty queue]] WARN  server.GrpcLogAppender (GrpcLogAppender.java:timeoutAppendRequest(200)) - 300524ac-6f40-4001-8852-e3bc017e7a2d@group-AC406AFA1D55->63029d58-985e-44b6-b8f1-28f19ea5ad76-GrpcLogAppender: appendEntries Timeout, request=300524ac-6f40-4001-8852-e3bc017e7a2d->63029d58-985e-44b6-b8f1-28f19ea5ad76#16-t1, previous=(t:1, i:7), leaderCommit=6, initializing? false, entries: size=1, first=(t:1, i:8), STATEMACHINELOGENTRY, client-A62FE20F707D, cid=132
2019-09-12 06:03:18,507 [java.util.concurrent.ThreadPoolExecutor$Worker@3e4969f5[State = -1, empty queue]] WARN  server.GrpcLogAppender (GrpcLogAppender.java:timeoutAppendRequest(200)) - 300524ac-6f40-4001-8852-e3bc017e7a2d@group-AC406AFA1D55->e419d203-ae84-45b4-a349-326cccf7322d-GrpcLogAppender: appendEntries Timeout, request=300524ac-6f40-4001-8852-e3bc017e7a2d->e419d203-ae84-45b4-a349-326cccf7322d#17-t1, previous=(t:1, i:8), leaderCommit=6, initializing? false, entries: size=1, first=(t:1, i:9), STATEMACHINELOGENTRY, client-A62FE20F707D, cid=133
2019-09-12 06:03:18,507 [java.util.concurrent.ThreadPoolExecutor$Worker@13edb407[State = -1, empty queue]] WARN  server.GrpcLogAppender (GrpcLogAppender.java:timeoutAppendRequest(200)) - 300524ac-6f40-4001-8852-e3bc017e7a2d@group-AC406AFA1D55->63029d58-985e-44b6-b8f1-28f19ea5ad76-GrpcLogAppender: appendEntries Timeout, request=300524ac-6f40-4001-8852-e3bc017e7a2d->63029d58-985e-44b6-b8f1-28f19ea5ad76#17-t1, previous=(t:1, i:8), leaderCommit=6, initializing? false, entries: size=1, first=(t:1, i:9), STATEMACHINELOGENTRY, client-A62FE20F707D, cid=133
2019-09-12 06:03:18,508 [java.util.concurrent.ThreadPoolExecutor$Worker@3e4969f5[State = -1, empty queue]] WARN  server.GrpcLogAppender (GrpcLogAppender.java:timeoutAppendRequest(200)) - 300524ac-6f40-4001-8852-e3bc017e7a2d@group-AC406AFA1D55->e419d203-ae84-45b4-a349-326cccf7322d-GrpcLogAppender: appendEntries Timeout, request=300524ac-6f40-4001-8852-e3bc017e7a2d->e419d203-ae84-45b4-a349-326cccf7322d#18-t1, previous=(t:1, i:9), leaderCommit=6, initializing? false, entries: size=1, first=(t:1, i:10), STATEMACHINELOGENTRY, client-A62FE20F707D, cid=134
2019-09-12 06:03:18,509 [java.util.concurrent.ThreadPoolExecutor$Worker@13edb407[State = -1, empty queue]] WARN  server.GrpcLogAppender (GrpcLogAppender.java:timeoutAppendRequest(200)) - 300524ac-6f40-4001-8852-e3bc017e7a2d@group-AC406AFA1D55->63029d58-985e-44b6-b8f1-28f19ea5ad76-GrpcLogAppender: appendEntries Timeout, request=300524ac-6f40-4001-8852-e3bc017e7a2d->63029d58-985e-44b6-b8f1-28f19ea5ad76#18-t1, previous=(t:1, i:9), leaderCommit=6, initializing? false, entries: size=1, first=(t:1, i:10), STATEMACHINELOGENTRY, client-A62FE20F707D, cid=134
2019-09-12 06:03:18,509 [java.util.concurrent.ThreadPoolExecutor$Worker@3e4969f5[State = -1, empty queue]] WARN  server.GrpcLogAppender (GrpcLogAppender.java:timeoutAppendRequest(200)) - 300524ac-6f40-4001-8852-e3bc017e7a2d@group-AC406AFA1D55->e419d203-ae84-45b4-a349-326cccf7322d-GrpcLogAppender: appendEntries Timeout, request=300524ac-6f40-4001-8852-e3bc017e7a2d->e419d203-ae84-45b4-a349-326cccf7322d#19-t1, previous=(t:1, i:10), leaderCommit=6, initializing? false, entries: size=1, first=(t:1, i:11), STATEMACHINELOGENTRY, client-A62FE20F707D, cid=135
2019-09-12 06:03:18,509 [java.util.concurrent.ThreadPoolExecutor$Worker@13edb407[State = -1, empty queue]] WARN  server.GrpcLogAppender (GrpcLogAppender.java:timeoutAppendRequest(200)) - 300524ac-6f40-4001-8852-e3bc017e7a2d@group-AC406AFA1D55->63029d58-985e-44b6-b8f1-28f19ea5ad76-GrpcLogAppender: appendEntries Timeout, request=300524ac-6f40-4001-8852-e3bc017e7a2d->63029d58-985e-44b6-b8f1-28f19ea5ad76#19-t1, previous=(t:1, i:10), leaderCommit=6, initializing? false, entries: size=1, first=(t:1, i:11), STATEMACHINELOGENTRY, client-A62FE20F707D, cid=135
2019-09-12 06:03:18,509 [java.util.concurrent.ThreadPoolExecutor$Worker@3e4969f5[State = -1, empty queue]] WARN  server.GrpcLogAppender (GrpcLogAppender.java:timeoutAppendRequest(200)) - 300524ac-6f40-4001-8852-e3bc017e7a2d@group-AC406AFA1D55->e419d203-ae84-45b4-a349-326cccf7322d-GrpcLogAppender: appendEntries Timeout, request=300524ac-6f40-4001-8852-e3bc017e7a2d->e419d203-ae84-45b4-a349-326cccf7322d#20-t1, previous=(t:1, i:11), leaderCommit=6, initializing? false, entries: size=1, first=(t:1, i:12), STATEMACHINELOGENTRY, client-A62FE20F707D, cid=136
2019-09-12 06:03:18,510 [java.util.concurrent.ThreadPoolExecutor$Worker@13edb407[State = -1, empty queue]] WARN  server.GrpcLogAppender (GrpcLogAppender.java:timeoutAppendRequest(200)) - 300524ac-6f40-4001-8852-e3bc017e7a2d@group-AC406AFA1D55->63029d58-985e-44b6-b8f1-28f19ea5ad76-GrpcLogAppender: appendEntries Timeout, request=300524ac-6f40-4001-8852-e3bc017e7a2d->63029d58-985e-44b6-b8f1-28f19ea5ad76#20-t1, previous=(t:1, i:11), leaderCommit=6, initializing? false, entries: size=1, first=(t:1, i:12), STATEMACHINELOGENTRY, client-A62FE20F707D, cid=136
2019-09-12 06:03:19,700 [grpc-default-executor-1] INFO  impl.RaftServerProxy (RaftServerProxy.java:remove(95)) - 63029d58-985e-44b6-b8f1-28f19ea5ad76: remove group-0077CE01DE48:null
2019-09-12 06:03:19,704 [RatisPipelineUtilsThread] WARN  pipeline.RatisPipelineUtils (RatisPipelineUtils.java:destroyPipeline(66)) - Pipeline destroy failed for pipeline=PipelineID=0700555e-d407-47f7-9b9f-0077ce01de48 dn=63029d58-985e-44b6-b8f1-28f19ea5ad76{ip: 192.168.34.52, host: trunk-nightly-20190912-4gc2t-2068889165, networkLocation: /default-rack, certSerialId: null}
2019-09-12 06:03:19,706 [grpc-default-executor-1] INFO  impl.RaftServerProxy (RaftServerProxy.java:remove(95)) - e419d203-ae84-45b4-a349-326cccf7322d: remove group-0077CE01DE48:null
2019-09-12 06:03:19,708 [RatisPipelineUtilsThread] WARN  pipeline.RatisPipelineUtils (RatisPipelineUtils.java:destroyPipeline(66)) - Pipeline destroy failed for pipeline=PipelineID=0700555e-d407-47f7-9b9f-0077ce01de48 dn=e419d203-ae84-45b4-a349-326cccf7322d{ip: 192.168.34.52, host: trunk-nightly-20190912-4gc2t-2068889165, networkLocation: /default-rack, certSerialId: null}
2019-09-12 06:03:19,711 [grpc-default-executor-1] INFO  impl.RaftServerProxy (RaftServerProxy.java:remove(95)) - 300524ac-6f40-4001-8852-e3bc017e7a2d: remove group-0077CE01DE48:null
2019-09-12 06:03:19,713 [RatisPipelineUtilsThread] WARN  pipeline.RatisPipelineUtils (RatisPipelineUtils.java:destroyPipeline(66)) - Pipeline destroy failed for pipeline=PipelineID=0700555e-d407-47f7-9b9f-0077ce01de48 dn=300524ac-6f40-4001-8852-e3bc017e7a2d{ip: 192.168.34.52, host: trunk-nightly-20190912-4gc2t-2068889165, networkLocation: /default-rack, certSerialId: null}
2019-09-12 06:03:19,713 [RatisPipelineUtilsThread] ERROR pipeline.SCMPipelineManager (Scheduler.java:lambda$schedule$1(70)) - Destroy pipeline failed for pipeline:Pipeline[ Id: 0700555e-d407-47f7-9b9f-0077ce01de48, Nodes: 63029d58-985e-44b6-b8f1-28f19ea5ad76{ip: 192.168.34.52, host: trunk-nightly-20190912-4gc2t-2068889165, networkLocation: /default-rack, certSerialId: null}e419d203-ae84-45b4-a349-326cccf7322d{ip: 192.168.34.52, host: trunk-nightly-20190912-4gc2t-2068889165, networkLocation: /default-rack, certSerialId: null}300524ac-6f40-4001-8852-e3bc017e7a2d{ip: 192.168.34.52, host: trunk-nightly-20190912-4gc2t-2068889165, networkLocation: /default-rack, certSerialId: null}, Type:RATIS, Factor:THREE, State:CLOSED]
org.apache.hadoop.hdds.scm.pipeline.PipelineNotFoundException: PipelineID=0700555e-d407-47f7-9b9f-0077ce01de48 not found
	at org.apache.hadoop.hdds.scm.pipeline.PipelineStateMap.getPipeline(PipelineStateMap.java:132)
	at org.apache.hadoop.hdds.scm.pipeline.PipelineStateMap.removePipeline(PipelineStateMap.java:322)
	at org.apache.hadoop.hdds.scm.pipeline.PipelineStateManager.removePipeline(PipelineStateManager.java:107)
	at org.apache.hadoop.hdds.scm.pipeline.SCMPipelineManager.removePipeline(SCMPipelineManager.java:423)
	at org.apache.hadoop.hdds.scm.pipeline.SCMPipelineManager.destroyPipeline(SCMPipelineManager.java:409)
	at org.apache.hadoop.hdds.scm.pipeline.SCMPipelineManager.lambda$finalizeAndDestroyPipeline$0(SCMPipelineManager.java:318)
	at org.apache.hadoop.utils.Scheduler.lambda$schedule$1(Scheduler.java:68)
	at java.util.concurrent.Executors$RunnableAdapter.call(Executors.java:511)
	at java.util.concurrent.FutureTask.run(FutureTask.java:266)
	at java.util.concurrent.ScheduledThreadPoolExecutor$ScheduledFutureTask.access$201(ScheduledThreadPoolExecutor.java:180)
	at java.util.concurrent.ScheduledThreadPoolExecutor$ScheduledFutureTask.run(ScheduledThreadPoolExecutor.java:293)
	at java.util.concurrent.ThreadPoolExecutor.runWorker(ThreadPoolExecutor.java:1149)
	at java.util.concurrent.ThreadPoolExecutor$Worker.run(ThreadPoolExecutor.java:624)
	at java.lang.Thread.run(Thread.java:748)
2019-09-12 06:03:20,537 [grpc-default-executor-3] INFO  client.GrpcClientProtocolClient (GrpcClientProtocolClient.java:onNext(264)) - client-A62FE20F707D->63029d58-985e-44b6-b8f1-28f19ea5ad76: receive RaftClientReply:client-A62FE20F707D->63029d58-985e-44b6-b8f1-28f19ea5ad76@group-AC406AFA1D55, cid=131, FAILED org.apache.ratis.protocol.NotLeaderException: Server 63029d58-985e-44b6-b8f1-28f19ea5ad76@group-AC406AFA1D55 is not the leader 300524ac-6f40-4001-8852-e3bc017e7a2d:192.168.34.52:35783, logIndex=0, commits[63029d58-985e-44b6-b8f1-28f19ea5ad76:c6, 300524ac-6f40-4001-8852-e3bc017e7a2d:c6, e419d203-ae84-45b4-a349-326cccf7322d:c4]
2019-09-12 06:03:21,010 [java.util.concurrent.ThreadPoolExecutor$Worker@3e4969f5[State = -1, empty queue]] WARN  server.GrpcLogAppender (GrpcLogAppender.java:timeoutAppendRequest(200)) - 300524ac-6f40-4001-8852-e3bc017e7a2d@group-AC406AFA1D55->e419d203-ae84-45b4-a349-326cccf7322d-GrpcLogAppender: appendEntries Timeout, request=300524ac-6f40-4001-8852-e3bc017e7a2d->e419d203-ae84-45b4-a349-326cccf7322d#21-t1, previous=(t:1, i:12), leaderCommit=6, initializing? false, entries: <empty>
2019-09-12 06:03:21,010 [java.util.concurrent.ThreadPoolExecutor$Worker@13edb407[State = -1, empty queue]] WARN  server.GrpcLogAppender (GrpcLogAppender.java:timeoutAppendRequest(200)) - 300524ac-6f40-4001-8852-e3bc017e7a2d@group-AC406AFA1D55->63029d58-985e-44b6-b8f1-28f19ea5ad76-GrpcLogAppender: appendEntries Timeout, request=300524ac-6f40-4001-8852-e3bc017e7a2d->63029d58-985e-44b6-b8f1-28f19ea5ad76#21-t1, previous=(t:1, i:12), leaderCommit=6, initializing? false, entries: <empty>
2019-09-12 06:03:22,702 [grpc-default-executor-1] INFO  impl.RaftServerProxy (RaftServerProxy.java:remove(95)) - 63029d58-985e-44b6-b8f1-28f19ea5ad76: remove group-0077CE01DE48:null
2019-09-12 06:03:22,706 [RatisPipelineUtilsThread] WARN  pipeline.RatisPipelineUtils (RatisPipelineUtils.java:destroyPipeline(66)) - Pipeline destroy failed for pipeline=PipelineID=0700555e-d407-47f7-9b9f-0077ce01de48 dn=63029d58-985e-44b6-b8f1-28f19ea5ad76{ip: 192.168.34.52, host: trunk-nightly-20190912-4gc2t-2068889165, networkLocation: /default-rack, certSerialId: null}
2019-09-12 06:03:22,708 [grpc-default-executor-1] INFO  impl.RaftServerProxy (RaftServerProxy.java:remove(95)) - e419d203-ae84-45b4-a349-326cccf7322d: remove group-0077CE01DE48:null
2019-09-12 06:03:22,710 [RatisPipelineUtilsThread] WARN  pipeline.RatisPipelineUtils (RatisPipelineUtils.java:destroyPipeline(66)) - Pipeline destroy failed for pipeline=PipelineID=0700555e-d407-47f7-9b9f-0077ce01de48 dn=e419d203-ae84-45b4-a349-326cccf7322d{ip: 192.168.34.52, host: trunk-nightly-20190912-4gc2t-2068889165, networkLocation: /default-rack, certSerialId: null}
2019-09-12 06:03:22,713 [grpc-default-executor-1] INFO  impl.RaftServerProxy (RaftServerProxy.java:remove(95)) - 300524ac-6f40-4001-8852-e3bc017e7a2d: remove group-0077CE01DE48:null
2019-09-12 06:03:22,715 [RatisPipelineUtilsThread] WARN  pipeline.RatisPipelineUtils (RatisPipelineUtils.java:destroyPipeline(66)) - Pipeline destroy failed for pipeline=PipelineID=0700555e-d407-47f7-9b9f-0077ce01de48 dn=300524ac-6f40-4001-8852-e3bc017e7a2d{ip: 192.168.34.52, host: trunk-nightly-20190912-4gc2t-2068889165, networkLocation: /default-rack, certSerialId: null}
2019-09-12 06:03:22,715 [RatisPipelineUtilsThread] ERROR pipeline.SCMPipelineManager (Scheduler.java:lambda$schedule$1(70)) - Destroy pipeline failed for pipeline:Pipeline[ Id: 0700555e-d407-47f7-9b9f-0077ce01de48, Nodes: 63029d58-985e-44b6-b8f1-28f19ea5ad76{ip: 192.168.34.52, host: trunk-nightly-20190912-4gc2t-2068889165, networkLocation: /default-rack, certSerialId: null}e419d203-ae84-45b4-a349-326cccf7322d{ip: 192.168.34.52, host: trunk-nightly-20190912-4gc2t-2068889165, networkLocation: /default-rack, certSerialId: null}300524ac-6f40-4001-8852-e3bc017e7a2d{ip: 192.168.34.52, host: trunk-nightly-20190912-4gc2t-2068889165, networkLocation: /default-rack, certSerialId: null}, Type:RATIS, Factor:THREE, State:CLOSED]
org.apache.hadoop.hdds.scm.pipeline.PipelineNotFoundException: PipelineID=0700555e-d407-47f7-9b9f-0077ce01de48 not found
	at org.apache.hadoop.hdds.scm.pipeline.PipelineStateMap.getPipeline(PipelineStateMap.java:132)
	at org.apache.hadoop.hdds.scm.pipeline.PipelineStateMap.removePipeline(PipelineStateMap.java:322)
	at org.apache.hadoop.hdds.scm.pipeline.PipelineStateManager.removePipeline(PipelineStateManager.java:107)
	at org.apache.hadoop.hdds.scm.pipeline.SCMPipelineManager.removePipeline(SCMPipelineManager.java:423)
	at org.apache.hadoop.hdds.scm.pipeline.SCMPipelineManager.destroyPipeline(SCMPipelineManager.java:409)
	at org.apache.hadoop.hdds.scm.pipeline.SCMPipelineManager.lambda$finalizeAndDestroyPipeline$0(SCMPipelineManager.java:318)
	at org.apache.hadoop.utils.Scheduler.lambda$schedule$1(Scheduler.java:68)
	at java.util.concurrent.Executors$RunnableAdapter.call(Executors.java:511)
	at java.util.concurrent.FutureTask.run(FutureTask.java:266)
	at java.util.concurrent.ScheduledThreadPoolExecutor$ScheduledFutureTask.access$201(ScheduledThreadPoolExecutor.java:180)
	at java.util.concurrent.ScheduledThreadPoolExecutor$ScheduledFutureTask.run(ScheduledThreadPoolExecutor.java:293)
	at java.util.concurrent.ThreadPoolExecutor.runWorker(ThreadPoolExecutor.java:1149)
	at java.util.concurrent.ThreadPoolExecutor$Worker.run(ThreadPoolExecutor.java:624)
	at java.lang.Thread.run(Thread.java:748)
2019-09-12 06:03:23,511 [java.util.concurrent.ThreadPoolExecutor$Worker@13edb407[State = -1, empty queue]] WARN  server.GrpcLogAppender (GrpcLogAppender.java:timeoutAppendRequest(200)) - 300524ac-6f40-4001-8852-e3bc017e7a2d@group-AC406AFA1D55->63029d58-985e-44b6-b8f1-28f19ea5ad76-GrpcLogAppender: appendEntries Timeout, request=300524ac-6f40-4001-8852-e3bc017e7a2d->63029d58-985e-44b6-b8f1-28f19ea5ad76#22-t1, previous=(t:1, i:12), leaderCommit=6, initializing? false, entries: <empty>
2019-09-12 06:03:23,511 [java.util.concurrent.ThreadPoolExecutor$Worker@3e4969f5[State = -1, empty queue]] WARN  server.GrpcLogAppender (GrpcLogAppender.java:timeoutAppendRequest(200)) - 300524ac-6f40-4001-8852-e3bc017e7a2d@group-AC406AFA1D55->e419d203-ae84-45b4-a349-326cccf7322d-GrpcLogAppender: appendEntries Timeout, request=300524ac-6f40-4001-8852-e3bc017e7a2d->e419d203-ae84-45b4-a349-326cccf7322d#22-t1, previous=(t:1, i:12), leaderCommit=6, initializing? false, entries: <empty>
2019-09-12 06:03:24,701 [grpc-default-executor-1] INFO  impl.RaftServerProxy (RaftServerProxy.java:remove(95)) - 63029d58-985e-44b6-b8f1-28f19ea5ad76: remove group-0077CE01DE48:null
2019-09-12 06:03:24,705 [RatisPipelineUtilsThread] WARN  pipeline.RatisPipelineUtils (RatisPipelineUtils.java:destroyPipeline(66)) - Pipeline destroy failed for pipeline=PipelineID=0700555e-d407-47f7-9b9f-0077ce01de48 dn=63029d58-985e-44b6-b8f1-28f19ea5ad76{ip: 192.168.34.52, host: trunk-nightly-20190912-4gc2t-2068889165, networkLocation: /default-rack, certSerialId: null}
2019-09-12 06:03:24,708 [grpc-default-executor-1] INFO  impl.RaftServerProxy (RaftServerProxy.java:remove(95)) - e419d203-ae84-45b4-a349-326cccf7322d: remove group-0077CE01DE48:null
2019-09-12 06:03:24,710 [RatisPipelineUtilsThread] WARN  pipeline.RatisPipelineUtils (RatisPipelineUtils.java:destroyPipeline(66)) - Pipeline destroy failed for pipeline=PipelineID=0700555e-d407-47f7-9b9f-0077ce01de48 dn=e419d203-ae84-45b4-a349-326cccf7322d{ip: 192.168.34.52, host: trunk-nightly-20190912-4gc2t-2068889165, networkLocation: /default-rack, certSerialId: null}
2019-09-12 06:03:24,714 [grpc-default-executor-1] INFO  impl.RaftServerProxy (RaftServerProxy.java:remove(95)) - 300524ac-6f40-4001-8852-e3bc017e7a2d: remove group-0077CE01DE48:null
2019-09-12 06:03:24,716 [RatisPipelineUtilsThread] WARN  pipeline.RatisPipelineUtils (RatisPipelineUtils.java:destroyPipeline(66)) - Pipeline destroy failed for pipeline=PipelineID=0700555e-d407-47f7-9b9f-0077ce01de48 dn=300524ac-6f40-4001-8852-e3bc017e7a2d{ip: 192.168.34.52, host: trunk-nightly-20190912-4gc2t-2068889165, networkLocation: /default-rack, certSerialId: null}
2019-09-12 06:03:24,717 [RatisPipelineUtilsThread] ERROR pipeline.SCMPipelineManager (Scheduler.java:lambda$schedule$1(70)) - Destroy pipeline failed for pipeline:Pipeline[ Id: 0700555e-d407-47f7-9b9f-0077ce01de48, Nodes: 63029d58-985e-44b6-b8f1-28f19ea5ad76{ip: 192.168.34.52, host: trunk-nightly-20190912-4gc2t-2068889165, networkLocation: /default-rack, certSerialId: null}e419d203-ae84-45b4-a349-326cccf7322d{ip: 192.168.34.52, host: trunk-nightly-20190912-4gc2t-2068889165, networkLocation: /default-rack, certSerialId: null}300524ac-6f40-4001-8852-e3bc017e7a2d{ip: 192.168.34.52, host: trunk-nightly-20190912-4gc2t-2068889165, networkLocation: /default-rack, certSerialId: null}, Type:RATIS, Factor:THREE, State:CLOSED]
org.apache.hadoop.hdds.scm.pipeline.PipelineNotFoundException: PipelineID=0700555e-d407-47f7-9b9f-0077ce01de48 not found
	at org.apache.hadoop.hdds.scm.pipeline.PipelineStateMap.getPipeline(PipelineStateMap.java:132)
	at org.apache.hadoop.hdds.scm.pipeline.PipelineStateMap.removePipeline(PipelineStateMap.java:322)
	at org.apache.hadoop.hdds.scm.pipeline.PipelineStateManager.removePipeline(PipelineStateManager.java:107)
	at org.apache.hadoop.hdds.scm.pipeline.SCMPipelineManager.removePipeline(SCMPipelineManager.java:423)
	at org.apache.hadoop.hdds.scm.pipeline.SCMPipelineManager.destroyPipeline(SCMPipelineManager.java:409)
	at org.apache.hadoop.hdds.scm.pipeline.SCMPipelineManager.lambda$finalizeAndDestroyPipeline$0(SCMPipelineManager.java:318)
	at org.apache.hadoop.utils.Scheduler.lambda$schedule$1(Scheduler.java:68)
	at java.util.concurrent.Executors$RunnableAdapter.call(Executors.java:511)
	at java.util.concurrent.FutureTask.run(FutureTask.java:266)
	at java.util.concurrent.ScheduledThreadPoolExecutor$ScheduledFutureTask.access$201(ScheduledThreadPoolExecutor.java:180)
	at java.util.concurrent.ScheduledThreadPoolExecutor$ScheduledFutureTask.run(ScheduledThreadPoolExecutor.java:293)
	at java.util.concurrent.ThreadPoolExecutor.runWorker(ThreadPoolExecutor.java:1149)
	at java.util.concurrent.ThreadPoolExecutor$Worker.run(ThreadPoolExecutor.java:624)
	at java.lang.Thread.run(Thread.java:748)
2019-09-12 06:03:25,505 [300524ac-6f40-4001-8852-e3bc017e7a2d@group-AC406AFA1D55-SegmentedRaftLogWorker] WARN  segmented.SegmentedRaftLogWorker (SegmentedRaftLogWorker.java:getFromFuture(90)) - Timeout 0/~
org.apache.ratis.protocol.TimeoutIOException: Timeout 10s: WriteLog:7: (t:1, i:7), STATEMACHINELOGENTRY, client-A62FE20F707D, cid=131-writeStateMachineData
	at org.apache.ratis.util.IOUtils.getFromFuture(IOUtils.java:87)
	at org.apache.ratis.server.raftlog.segmented.SegmentedRaftLogWorker$StateMachineDataPolicy.getFromFuture(SegmentedRaftLogWorker.java:87)
	at org.apache.ratis.server.raftlog.segmented.SegmentedRaftLogWorker$WriteLog.execute(SegmentedRaftLogWorker.java:477)
	at org.apache.ratis.server.raftlog.segmented.SegmentedRaftLogWorker.run(SegmentedRaftLogWorker.java:289)
	at java.lang.Thread.run(Thread.java:748)
Caused by: java.util.concurrent.TimeoutException
	at java.util.concurrent.CompletableFuture.timedGet(CompletableFuture.java:1771)
	at java.util.concurrent.CompletableFuture.get(CompletableFuture.java:1915)
	at org.apache.ratis.util.IOUtils.getFromFuture(IOUtils.java:79)
	... 4 more
2019-09-12 06:03:25,506 [63029d58-985e-44b6-b8f1-28f19ea5ad76@group-AC406AFA1D55-SegmentedRaftLogWorker] WARN  segmented.SegmentedRaftLogWorker (SegmentedRaftLogWorker.java:getFromFuture(90)) - Timeout 0/~
org.apache.ratis.protocol.TimeoutIOException: Timeout 10s: WriteLog:7: (t:1, i:7), STATEMACHINELOGENTRY, client-A62FE20F707D, cid=131-writeStateMachineData
	at org.apache.ratis.util.IOUtils.getFromFuture(IOUtils.java:87)
	at org.apache.ratis.server.raftlog.segmented.SegmentedRaftLogWorker$StateMachineDataPolicy.getFromFuture(SegmentedRaftLogWorker.java:87)
	at org.apache.ratis.server.raftlog.segmented.SegmentedRaftLogWorker$WriteLog.execute(SegmentedRaftLogWorker.java:477)
	at org.apache.ratis.server.raftlog.segmented.SegmentedRaftLogWorker.run(SegmentedRaftLogWorker.java:289)
	at java.lang.Thread.run(Thread.java:748)
Caused by: java.util.concurrent.TimeoutException
	at java.util.concurrent.CompletableFuture.timedGet(CompletableFuture.java:1771)
	at java.util.concurrent.CompletableFuture.get(CompletableFuture.java:1915)
	at org.apache.ratis.util.IOUtils.getFromFuture(IOUtils.java:79)
	... 4 more
2019-09-12 06:03:25,506 [e419d203-ae84-45b4-a349-326cccf7322d@group-AC406AFA1D55-SegmentedRaftLogWorker] WARN  segmented.SegmentedRaftLogWorker (SegmentedRaftLogWorker.java:getFromFuture(90)) - Timeout 0/~
org.apache.ratis.protocol.TimeoutIOException: Timeout 10s: WriteLog:7: (t:1, i:7), STATEMACHINELOGENTRY, client-A62FE20F707D, cid=131-writeStateMachineData
	at org.apache.ratis.util.IOUtils.getFromFuture(IOUtils.java:87)
	at org.apache.ratis.server.raftlog.segmented.SegmentedRaftLogWorker$StateMachineDataPolicy.getFromFuture(SegmentedRaftLogWorker.java:87)
	at org.apache.ratis.server.raftlog.segmented.SegmentedRaftLogWorker$WriteLog.execute(SegmentedRaftLogWorker.java:477)
	at org.apache.ratis.server.raftlog.segmented.SegmentedRaftLogWorker.run(SegmentedRaftLogWorker.java:289)
	at java.lang.Thread.run(Thread.java:748)
Caused by: java.util.concurrent.TimeoutException
	at java.util.concurrent.CompletableFuture.timedGet(CompletableFuture.java:1771)
	at java.util.concurrent.CompletableFuture.get(CompletableFuture.java:1915)
	at org.apache.ratis.util.IOUtils.getFromFuture(IOUtils.java:79)
	... 4 more
2019-09-12 06:03:25,578 [grpc-default-executor-3] INFO  client.GrpcClientProtocolClient (GrpcClientProtocolClient.java:onNext(264)) - client-A62FE20F707D->63029d58-985e-44b6-b8f1-28f19ea5ad76: receive RaftClientReply:client-A62FE20F707D->63029d58-985e-44b6-b8f1-28f19ea5ad76@group-AC406AFA1D55, cid=131, FAILED org.apache.ratis.protocol.NotLeaderException: Server 63029d58-985e-44b6-b8f1-28f19ea5ad76@group-AC406AFA1D55 is not the leader 300524ac-6f40-4001-8852-e3bc017e7a2d:192.168.34.52:35783, logIndex=0, commits[63029d58-985e-44b6-b8f1-28f19ea5ad76:c6, 300524ac-6f40-4001-8852-e3bc017e7a2d:c6, e419d203-ae84-45b4-a349-326cccf7322d:c4]
2019-09-12 06:03:26,011 [java.util.concurrent.ThreadPoolExecutor$Worker@3e4969f5[State = -1, empty queue]] WARN  server.GrpcLogAppender (GrpcLogAppender.java:timeoutAppendRequest(200)) - 300524ac-6f40-4001-8852-e3bc017e7a2d@group-AC406AFA1D55->e419d203-ae84-45b4-a349-326cccf7322d-GrpcLogAppender: appendEntries Timeout, request=300524ac-6f40-4001-8852-e3bc017e7a2d->e419d203-ae84-45b4-a349-326cccf7322d#23-t1, previous=(t:1, i:12), leaderCommit=6, initializing? false, entries: <empty>
2019-09-12 06:03:26,011 [java.util.concurrent.ThreadPoolExecutor$Worker@13edb407[State = -1, empty queue]] WARN  server.GrpcLogAppender (GrpcLogAppender.java:timeoutAppendRequest(200)) - 300524ac-6f40-4001-8852-e3bc017e7a2d@group-AC406AFA1D55->63029d58-985e-44b6-b8f1-28f19ea5ad76-GrpcLogAppender: appendEntries Timeout, request=300524ac-6f40-4001-8852-e3bc017e7a2d->63029d58-985e-44b6-b8f1-28f19ea5ad76#23-t1, previous=(t:1, i:12), leaderCommit=6, initializing? false, entries: <empty>
2019-09-12 06:03:27,703 [grpc-default-executor-7] INFO  impl.RaftServerProxy (RaftServerProxy.java:remove(95)) - 63029d58-985e-44b6-b8f1-28f19ea5ad76: remove group-0077CE01DE48:null
2019-09-12 06:03:27,707 [RatisPipelineUtilsThread] WARN  pipeline.RatisPipelineUtils (RatisPipelineUtils.java:destroyPipeline(66)) - Pipeline destroy failed for pipeline=PipelineID=0700555e-d407-47f7-9b9f-0077ce01de48 dn=63029d58-985e-44b6-b8f1-28f19ea5ad76{ip: 192.168.34.52, host: trunk-nightly-20190912-4gc2t-2068889165, networkLocation: /default-rack, certSerialId: null}
2019-09-12 06:03:27,710 [grpc-default-executor-7] INFO  impl.RaftServerProxy (RaftServerProxy.java:remove(95)) - e419d203-ae84-45b4-a349-326cccf7322d: remove group-0077CE01DE48:null
2019-09-12 06:03:27,713 [RatisPipelineUtilsThread] WARN  pipeline.RatisPipelineUtils (RatisPipelineUtils.java:destroyPipeline(66)) - Pipeline destroy failed for pipeline=PipelineID=0700555e-d407-47f7-9b9f-0077ce01de48 dn=e419d203-ae84-45b4-a349-326cccf7322d{ip: 192.168.34.52, host: trunk-nightly-20190912-4gc2t-2068889165, networkLocation: /default-rack, certSerialId: null}
2019-09-12 06:03:27,716 [grpc-default-executor-7] INFO  impl.RaftServerProxy (RaftServerProxy.java:remove(95)) - 300524ac-6f40-4001-8852-e3bc017e7a2d: remove group-0077CE01DE48:null
2019-09-12 06:03:27,718 [RatisPipelineUtilsThread] WARN  pipeline.RatisPipelineUtils (RatisPipelineUtils.java:destroyPipeline(66)) - Pipeline destroy failed for pipeline=PipelineID=0700555e-d407-47f7-9b9f-0077ce01de48 dn=300524ac-6f40-4001-8852-e3bc017e7a2d{ip: 192.168.34.52, host: trunk-nightly-20190912-4gc2t-2068889165, networkLocation: /default-rack, certSerialId: null}
2019-09-12 06:03:27,718 [RatisPipelineUtilsThread] ERROR pipeline.SCMPipelineManager (Scheduler.java:lambda$schedule$1(70)) - Destroy pipeline failed for pipeline:Pipeline[ Id: 0700555e-d407-47f7-9b9f-0077ce01de48, Nodes: 63029d58-985e-44b6-b8f1-28f19ea5ad76{ip: 192.168.34.52, host: trunk-nightly-20190912-4gc2t-2068889165, networkLocation: /default-rack, certSerialId: null}e419d203-ae84-45b4-a349-326cccf7322d{ip: 192.168.34.52, host: trunk-nightly-20190912-4gc2t-2068889165, networkLocation: /default-rack, certSerialId: null}300524ac-6f40-4001-8852-e3bc017e7a2d{ip: 192.168.34.52, host: trunk-nightly-20190912-4gc2t-2068889165, networkLocation: /default-rack, certSerialId: null}, Type:RATIS, Factor:THREE, State:CLOSED]
org.apache.hadoop.hdds.scm.pipeline.PipelineNotFoundException: PipelineID=0700555e-d407-47f7-9b9f-0077ce01de48 not found
	at org.apache.hadoop.hdds.scm.pipeline.PipelineStateMap.getPipeline(PipelineStateMap.java:132)
	at org.apache.hadoop.hdds.scm.pipeline.PipelineStateMap.removePipeline(PipelineStateMap.java:322)
	at org.apache.hadoop.hdds.scm.pipeline.PipelineStateManager.removePipeline(PipelineStateManager.java:107)
	at org.apache.hadoop.hdds.scm.pipeline.SCMPipelineManager.removePipeline(SCMPipelineManager.java:423)
	at org.apache.hadoop.hdds.scm.pipeline.SCMPipelineManager.destroyPipeline(SCMPipelineManager.java:409)
	at org.apache.hadoop.hdds.scm.pipeline.SCMPipelineManager.lambda$finalizeAndDestroyPipeline$0(SCMPipelineManager.java:318)
	at org.apache.hadoop.utils.Scheduler.lambda$schedule$1(Scheduler.java:68)
	at java.util.concurrent.Executors$RunnableAdapter.call(Executors.java:511)
	at java.util.concurrent.FutureTask.run(FutureTask.java:266)
	at java.util.concurrent.ScheduledThreadPoolExecutor$ScheduledFutureTask.access$201(ScheduledThreadPoolExecutor.java:180)
	at java.util.concurrent.ScheduledThreadPoolExecutor$ScheduledFutureTask.run(ScheduledThreadPoolExecutor.java:293)
	at java.util.concurrent.ThreadPoolExecutor.runWorker(ThreadPoolExecutor.java:1149)
	at java.util.concurrent.ThreadPoolExecutor$Worker.run(ThreadPoolExecutor.java:624)
	at java.lang.Thread.run(Thread.java:748)
2019-09-12 06:03:28,512 [java.util.concurrent.ThreadPoolExecutor$Worker@3e4969f5[State = -1, empty queue]] WARN  server.GrpcLogAppender (GrpcLogAppender.java:timeoutAppendRequest(200)) - 300524ac-6f40-4001-8852-e3bc017e7a2d@group-AC406AFA1D55->e419d203-ae84-45b4-a349-326cccf7322d-GrpcLogAppender: appendEntries Timeout, request=300524ac-6f40-4001-8852-e3bc017e7a2d->e419d203-ae84-45b4-a349-326cccf7322d#24-t1, previous=(t:1, i:12), leaderCommit=6, initializing? false, entries: <empty>
2019-09-12 06:03:28,512 [java.util.concurrent.ThreadPoolExecutor$Worker@13edb407[State = -1, empty queue]] WARN  server.GrpcLogAppender (GrpcLogAppender.java:timeoutAppendRequest(200)) - 300524ac-6f40-4001-8852-e3bc017e7a2d@group-AC406AFA1D55->63029d58-985e-44b6-b8f1-28f19ea5ad76-GrpcLogAppender: appendEntries Timeout, request=300524ac-6f40-4001-8852-e3bc017e7a2d->63029d58-985e-44b6-b8f1-28f19ea5ad76#24-t1, previous=(t:1, i:12), leaderCommit=6, initializing? false, entries: <empty>
2019-09-12 06:03:29,707 [grpc-default-executor-3] INFO  impl.RaftServerProxy (RaftServerProxy.java:remove(95)) - 63029d58-985e-44b6-b8f1-28f19ea5ad76: remove group-0077CE01DE48:null
2019-09-12 06:03:29,710 [RatisPipelineUtilsThread] WARN  pipeline.RatisPipelineUtils (RatisPipelineUtils.java:destroyPipeline(66)) - Pipeline destroy failed for pipeline=PipelineID=0700555e-d407-47f7-9b9f-0077ce01de48 dn=63029d58-985e-44b6-b8f1-28f19ea5ad76{ip: 192.168.34.52, host: trunk-nightly-20190912-4gc2t-2068889165, networkLocation: /default-rack, certSerialId: null}
2019-09-12 06:03:29,713 [grpc-default-executor-3] INFO  impl.RaftServerProxy (RaftServerProxy.java:remove(95)) - e419d203-ae84-45b4-a349-326cccf7322d: remove group-0077CE01DE48:null
2019-09-12 06:03:29,715 [RatisPipelineUtilsThread] WARN  pipeline.RatisPipelineUtils (RatisPipelineUtils.java:destroyPipeline(66)) - Pipeline destroy failed for pipeline=PipelineID=0700555e-d407-47f7-9b9f-0077ce01de48 dn=e419d203-ae84-45b4-a349-326cccf7322d{ip: 192.168.34.52, host: trunk-nightly-20190912-4gc2t-2068889165, networkLocation: /default-rack, certSerialId: null}
2019-09-12 06:03:29,718 [grpc-default-executor-3] INFO  impl.RaftServerProxy (RaftServerProxy.java:remove(95)) - 300524ac-6f40-4001-8852-e3bc017e7a2d: remove group-0077CE01DE48:null
2019-09-12 06:03:29,720 [RatisPipelineUtilsThread] WARN  pipeline.RatisPipelineUtils (RatisPipelineUtils.java:destroyPipeline(66)) - Pipeline destroy failed for pipeline=PipelineID=0700555e-d407-47f7-9b9f-0077ce01de48 dn=300524ac-6f40-4001-8852-e3bc017e7a2d{ip: 192.168.34.52, host: trunk-nightly-20190912-4gc2t-2068889165, networkLocation: /default-rack, certSerialId: null}
2019-09-12 06:03:29,720 [RatisPipelineUtilsThread] ERROR pipeline.SCMPipelineManager (Scheduler.java:lambda$schedule$1(70)) - Destroy pipeline failed for pipeline:Pipeline[ Id: 0700555e-d407-47f7-9b9f-0077ce01de48, Nodes: 63029d58-985e-44b6-b8f1-28f19ea5ad76{ip: 192.168.34.52, host: trunk-nightly-20190912-4gc2t-2068889165, networkLocation: /default-rack, certSerialId: null}e419d203-ae84-45b4-a349-326cccf7322d{ip: 192.168.34.52, host: trunk-nightly-20190912-4gc2t-2068889165, networkLocation: /default-rack, certSerialId: null}300524ac-6f40-4001-8852-e3bc017e7a2d{ip: 192.168.34.52, host: trunk-nightly-20190912-4gc2t-2068889165, networkLocation: /default-rack, certSerialId: null}, Type:RATIS, Factor:THREE, State:CLOSED]
org.apache.hadoop.hdds.scm.pipeline.PipelineNotFoundException: PipelineID=0700555e-d407-47f7-9b9f-0077ce01de48 not found
	at org.apache.hadoop.hdds.scm.pipeline.PipelineStateMap.getPipeline(PipelineStateMap.java:132)
	at org.apache.hadoop.hdds.scm.pipeline.PipelineStateMap.removePipeline(PipelineStateMap.java:322)
	at org.apache.hadoop.hdds.scm.pipeline.PipelineStateManager.removePipeline(PipelineStateManager.java:107)
	at org.apache.hadoop.hdds.scm.pipeline.SCMPipelineManager.removePipeline(SCMPipelineManager.java:423)
	at org.apache.hadoop.hdds.scm.pipeline.SCMPipelineManager.destroyPipeline(SCMPipelineManager.java:409)
	at org.apache.hadoop.hdds.scm.pipeline.SCMPipelineManager.lambda$finalizeAndDestroyPipeline$0(SCMPipelineManager.java:318)
	at org.apache.hadoop.utils.Scheduler.lambda$schedule$1(Scheduler.java:68)
	at java.util.concurrent.Executors$RunnableAdapter.call(Executors.java:511)
	at java.util.concurrent.FutureTask.run(FutureTask.java:266)
	at java.util.concurrent.ScheduledThreadPoolExecutor$ScheduledFutureTask.access$201(ScheduledThreadPoolExecutor.java:180)
	at java.util.concurrent.ScheduledThreadPoolExecutor$ScheduledFutureTask.run(ScheduledThreadPoolExecutor.java:293)
	at java.util.concurrent.ThreadPoolExecutor.runWorker(ThreadPoolExecutor.java:1149)
	at java.util.concurrent.ThreadPoolExecutor$Worker.run(ThreadPoolExecutor.java:624)
	at java.lang.Thread.run(Thread.java:748)
2019-09-12 06:03:30,610 [grpc-default-executor-7] INFO  client.GrpcClientProtocolClient (GrpcClientProtocolClient.java:onNext(264)) - client-A62FE20F707D->63029d58-985e-44b6-b8f1-28f19ea5ad76: receive RaftClientReply:client-A62FE20F707D->63029d58-985e-44b6-b8f1-28f19ea5ad76@group-AC406AFA1D55, cid=131, FAILED org.apache.ratis.protocol.NotLeaderException: Server 63029d58-985e-44b6-b8f1-28f19ea5ad76@group-AC406AFA1D55 is not the leader 300524ac-6f40-4001-8852-e3bc017e7a2d:192.168.34.52:35783, logIndex=0, commits[63029d58-985e-44b6-b8f1-28f19ea5ad76:c6, 300524ac-6f40-4001-8852-e3bc017e7a2d:c6, e419d203-ae84-45b4-a349-326cccf7322d:c4]
2019-09-12 06:03:31,013 [java.util.concurrent.ThreadPoolExecutor$Worker@3e4969f5[State = -1, empty queue]] WARN  server.GrpcLogAppender (GrpcLogAppender.java:timeoutAppendRequest(200)) - 300524ac-6f40-4001-8852-e3bc017e7a2d@group-AC406AFA1D55->e419d203-ae84-45b4-a349-326cccf7322d-GrpcLogAppender: appendEntries Timeout, request=300524ac-6f40-4001-8852-e3bc017e7a2d->e419d203-ae84-45b4-a349-326cccf7322d#25-t1, previous=(t:1, i:12), leaderCommit=6, initializing? false, entries: <empty>
2019-09-12 06:03:31,013 [java.util.concurrent.ThreadPoolExecutor$Worker@13edb407[State = -1, empty queue]] WARN  server.GrpcLogAppender (GrpcLogAppender.java:timeoutAppendRequest(200)) - 300524ac-6f40-4001-8852-e3bc017e7a2d@group-AC406AFA1D55->63029d58-985e-44b6-b8f1-28f19ea5ad76-GrpcLogAppender: appendEntries Timeout, request=300524ac-6f40-4001-8852-e3bc017e7a2d->63029d58-985e-44b6-b8f1-28f19ea5ad76#25-t1, previous=(t:1, i:12), leaderCommit=6, initializing? false, entries: <empty>
2019-09-12 06:03:31,704 [grpc-default-executor-7] INFO  impl.RaftServerProxy (RaftServerProxy.java:remove(95)) - 63029d58-985e-44b6-b8f1-28f19ea5ad76: remove group-0077CE01DE48:null
2019-09-12 06:03:31,707 [RatisPipelineUtilsThread] WARN  pipeline.RatisPipelineUtils (RatisPipelineUtils.java:destroyPipeline(66)) - Pipeline destroy failed for pipeline=PipelineID=0700555e-d407-47f7-9b9f-0077ce01de48 dn=63029d58-985e-44b6-b8f1-28f19ea5ad76{ip: 192.168.34.52, host: trunk-nightly-20190912-4gc2t-2068889165, networkLocation: /default-rack, certSerialId: null}
2019-09-12 06:03:31,710 [grpc-default-executor-7] INFO  impl.RaftServerProxy (RaftServerProxy.java:remove(95)) - e419d203-ae84-45b4-a349-326cccf7322d: remove group-0077CE01DE48:null
2019-09-12 06:03:31,712 [RatisPipelineUtilsThread] WARN  pipeline.RatisPipelineUtils (RatisPipelineUtils.java:destroyPipeline(66)) - Pipeline destroy failed for pipeline=PipelineID=0700555e-d407-47f7-9b9f-0077ce01de48 dn=e419d203-ae84-45b4-a349-326cccf7322d{ip: 192.168.34.52, host: trunk-nightly-20190912-4gc2t-2068889165, networkLocation: /default-rack, certSerialId: null}
2019-09-12 06:03:31,715 [grpc-default-executor-7] INFO  impl.RaftServerProxy (RaftServerProxy.java:remove(95)) - 300524ac-6f40-4001-8852-e3bc017e7a2d: remove group-0077CE01DE48:null
2019-09-12 06:03:31,718 [RatisPipelineUtilsThread] WARN  pipeline.RatisPipelineUtils (RatisPipelineUtils.java:destroyPipeline(66)) - Pipeline destroy failed for pipeline=PipelineID=0700555e-d407-47f7-9b9f-0077ce01de48 dn=300524ac-6f40-4001-8852-e3bc017e7a2d{ip: 192.168.34.52, host: trunk-nightly-20190912-4gc2t-2068889165, networkLocation: /default-rack, certSerialId: null}
2019-09-12 06:03:31,718 [RatisPipelineUtilsThread] ERROR pipeline.SCMPipelineManager (Scheduler.java:lambda$schedule$1(70)) - Destroy pipeline failed for pipeline:Pipeline[ Id: 0700555e-d407-47f7-9b9f-0077ce01de48, Nodes: 63029d58-985e-44b6-b8f1-28f19ea5ad76{ip: 192.168.34.52, host: trunk-nightly-20190912-4gc2t-2068889165, networkLocation: /default-rack, certSerialId: null}e419d203-ae84-45b4-a349-326cccf7322d{ip: 192.168.34.52, host: trunk-nightly-20190912-4gc2t-2068889165, networkLocation: /default-rack, certSerialId: null}300524ac-6f40-4001-8852-e3bc017e7a2d{ip: 192.168.34.52, host: trunk-nightly-20190912-4gc2t-2068889165, networkLocation: /default-rack, certSerialId: null}, Type:RATIS, Factor:THREE, State:CLOSED]
org.apache.hadoop.hdds.scm.pipeline.PipelineNotFoundException: PipelineID=0700555e-d407-47f7-9b9f-0077ce01de48 not found
	at org.apache.hadoop.hdds.scm.pipeline.PipelineStateMap.getPipeline(PipelineStateMap.java:132)
	at org.apache.hadoop.hdds.scm.pipeline.PipelineStateMap.removePipeline(PipelineStateMap.java:322)
	at org.apache.hadoop.hdds.scm.pipeline.PipelineStateManager.removePipeline(PipelineStateManager.java:107)
	at org.apache.hadoop.hdds.scm.pipeline.SCMPipelineManager.removePipeline(SCMPipelineManager.java:423)
	at org.apache.hadoop.hdds.scm.pipeline.SCMPipelineManager.destroyPipeline(SCMPipelineManager.java:409)
	at org.apache.hadoop.hdds.scm.pipeline.SCMPipelineManager.lambda$finalizeAndDestroyPipeline$0(SCMPipelineManager.java:318)
	at org.apache.hadoop.utils.Scheduler.lambda$schedule$1(Scheduler.java:68)
	at java.util.concurrent.Executors$RunnableAdapter.call(Executors.java:511)
	at java.util.concurrent.FutureTask.run(FutureTask.java:266)
	at java.util.concurrent.ScheduledThreadPoolExecutor$ScheduledFutureTask.access$201(ScheduledThreadPoolExecutor.java:180)
	at java.util.concurrent.ScheduledThreadPoolExecutor$ScheduledFutureTask.run(ScheduledThreadPoolExecutor.java:293)
	at java.util.concurrent.ThreadPoolExecutor.runWorker(ThreadPoolExecutor.java:1149)
	at java.util.concurrent.ThreadPoolExecutor$Worker.run(ThreadPoolExecutor.java:624)
	at java.lang.Thread.run(Thread.java:748)
2019-09-12 06:03:33,513 [java.util.concurrent.ThreadPoolExecutor$Worker@3e4969f5[State = -1, empty queue]] WARN  server.GrpcLogAppender (GrpcLogAppender.java:timeoutAppendRequest(200)) - 300524ac-6f40-4001-8852-e3bc017e7a2d@group-AC406AFA1D55->e419d203-ae84-45b4-a349-326cccf7322d-GrpcLogAppender: appendEntries Timeout, request=300524ac-6f40-4001-8852-e3bc017e7a2d->e419d203-ae84-45b4-a349-326cccf7322d#26-t1, previous=(t:1, i:12), leaderCommit=6, initializing? false, entries: <empty>
2019-09-12 06:03:33,514 [java.util.concurrent.ThreadPoolExecutor$Worker@13edb407[State = -1, empty queue]] WARN  server.GrpcLogAppender (GrpcLogAppender.java:timeoutAppendRequest(200)) - 300524ac-6f40-4001-8852-e3bc017e7a2d@group-AC406AFA1D55->63029d58-985e-44b6-b8f1-28f19ea5ad76-GrpcLogAppender: appendEntries Timeout, request=300524ac-6f40-4001-8852-e3bc017e7a2d->63029d58-985e-44b6-b8f1-28f19ea5ad76#26-t1, previous=(t:1, i:12), leaderCommit=6, initializing? false, entries: <empty>
2019-09-12 06:03:34,705 [grpc-default-executor-7] INFO  impl.RaftServerProxy (RaftServerProxy.java:remove(95)) - 63029d58-985e-44b6-b8f1-28f19ea5ad76: remove group-0077CE01DE48:null
2019-09-12 06:03:34,708 [RatisPipelineUtilsThread] WARN  pipeline.RatisPipelineUtils (RatisPipelineUtils.java:destroyPipeline(66)) - Pipeline destroy failed for pipeline=PipelineID=0700555e-d407-47f7-9b9f-0077ce01de48 dn=63029d58-985e-44b6-b8f1-28f19ea5ad76{ip: 192.168.34.52, host: trunk-nightly-20190912-4gc2t-2068889165, networkLocation: /default-rack, certSerialId: null}
2019-09-12 06:03:34,711 [grpc-default-executor-7] INFO  impl.RaftServerProxy (RaftServerProxy.java:remove(95)) - e419d203-ae84-45b4-a349-326cccf7322d: remove group-0077CE01DE48:null
2019-09-12 06:03:34,713 [RatisPipelineUtilsThread] WARN  pipeline.RatisPipelineUtils (RatisPipelineUtils.java:destroyPipeline(66)) - Pipeline destroy failed for pipeline=PipelineID=0700555e-d407-47f7-9b9f-0077ce01de48 dn=e419d203-ae84-45b4-a349-326cccf7322d{ip: 192.168.34.52, host: trunk-nightly-20190912-4gc2t-2068889165, networkLocation: /default-rack, certSerialId: null}
2019-09-12 06:03:34,717 [grpc-default-executor-7] INFO  impl.RaftServerProxy (RaftServerProxy.java:remove(95)) - 300524ac-6f40-4001-8852-e3bc017e7a2d: remove group-0077CE01DE48:null
2019-09-12 06:03:34,719 [RatisPipelineUtilsThread] WARN  pipeline.RatisPipelineUtils (RatisPipelineUtils.java:destroyPipeline(66)) - Pipeline destroy failed for pipeline=PipelineID=0700555e-d407-47f7-9b9f-0077ce01de48 dn=300524ac-6f40-4001-8852-e3bc017e7a2d{ip: 192.168.34.52, host: trunk-nightly-20190912-4gc2t-2068889165, networkLocation: /default-rack, certSerialId: null}
2019-09-12 06:03:34,719 [RatisPipelineUtilsThread] ERROR pipeline.SCMPipelineManager (Scheduler.java:lambda$schedule$1(70)) - Destroy pipeline failed for pipeline:Pipeline[ Id: 0700555e-d407-47f7-9b9f-0077ce01de48, Nodes: 63029d58-985e-44b6-b8f1-28f19ea5ad76{ip: 192.168.34.52, host: trunk-nightly-20190912-4gc2t-2068889165, networkLocation: /default-rack, certSerialId: null}e419d203-ae84-45b4-a349-326cccf7322d{ip: 192.168.34.52, host: trunk-nightly-20190912-4gc2t-2068889165, networkLocation: /default-rack, certSerialId: null}300524ac-6f40-4001-8852-e3bc017e7a2d{ip: 192.168.34.52, host: trunk-nightly-20190912-4gc2t-2068889165, networkLocation: /default-rack, certSerialId: null}, Type:RATIS, Factor:THREE, State:CLOSED]
org.apache.hadoop.hdds.scm.pipeline.PipelineNotFoundException: PipelineID=0700555e-d407-47f7-9b9f-0077ce01de48 not found
	at org.apache.hadoop.hdds.scm.pipeline.PipelineStateMap.getPipeline(PipelineStateMap.java:132)
	at org.apache.hadoop.hdds.scm.pipeline.PipelineStateMap.removePipeline(PipelineStateMap.java:322)
	at org.apache.hadoop.hdds.scm.pipeline.PipelineStateManager.removePipeline(PipelineStateManager.java:107)
	at org.apache.hadoop.hdds.scm.pipeline.SCMPipelineManager.removePipeline(SCMPipelineManager.java:423)
	at org.apache.hadoop.hdds.scm.pipeline.SCMPipelineManager.destroyPipeline(SCMPipelineManager.java:409)
	at org.apache.hadoop.hdds.scm.pipeline.SCMPipelineManager.lambda$finalizeAndDestroyPipeline$0(SCMPipelineManager.java:318)
	at org.apache.hadoop.utils.Scheduler.lambda$schedule$1(Scheduler.java:68)
	at java.util.concurrent.Executors$RunnableAdapter.call(Executors.java:511)
	at java.util.concurrent.FutureTask.run(FutureTask.java:266)
	at java.util.concurrent.ScheduledThreadPoolExecutor$ScheduledFutureTask.access$201(ScheduledThreadPoolExecutor.java:180)
	at java.util.concurrent.ScheduledThreadPoolExecutor$ScheduledFutureTask.run(ScheduledThreadPoolExecutor.java:293)
	at java.util.concurrent.ThreadPoolExecutor.runWorker(ThreadPoolExecutor.java:1149)
	at java.util.concurrent.ThreadPoolExecutor$Worker.run(ThreadPoolExecutor.java:624)
	at java.lang.Thread.run(Thread.java:748)
2019-09-12 06:03:35,506 [300524ac-6f40-4001-8852-e3bc017e7a2d@group-AC406AFA1D55-SegmentedRaftLogWorker] WARN  segmented.SegmentedRaftLogWorker (SegmentedRaftLogWorker.java:getFromFuture(90)) - Timeout 1/~
org.apache.ratis.protocol.TimeoutIOException: Timeout 10s: WriteLog:7: (t:1, i:7), STATEMACHINELOGENTRY, client-A62FE20F707D, cid=131-writeStateMachineData
	at org.apache.ratis.util.IOUtils.getFromFuture(IOUtils.java:87)
	at org.apache.ratis.server.raftlog.segmented.SegmentedRaftLogWorker$StateMachineDataPolicy.getFromFuture(SegmentedRaftLogWorker.java:87)
	at org.apache.ratis.server.raftlog.segmented.SegmentedRaftLogWorker$WriteLog.execute(SegmentedRaftLogWorker.java:477)
	at org.apache.ratis.server.raftlog.segmented.SegmentedRaftLogWorker.run(SegmentedRaftLogWorker.java:289)
	at java.lang.Thread.run(Thread.java:748)
Caused by: java.util.concurrent.TimeoutException
	at java.util.concurrent.CompletableFuture.timedGet(CompletableFuture.java:1771)
	at java.util.concurrent.CompletableFuture.get(CompletableFuture.java:1915)
	at org.apache.ratis.util.IOUtils.getFromFuture(IOUtils.java:79)
	... 4 more
2019-09-12 06:03:35,507 [63029d58-985e-44b6-b8f1-28f19ea5ad76@group-AC406AFA1D55-SegmentedRaftLogWorker] WARN  segmented.SegmentedRaftLogWorker (SegmentedRaftLogWorker.java:getFromFuture(90)) - Timeout 1/~
org.apache.ratis.protocol.TimeoutIOException: Timeout 10s: WriteLog:7: (t:1, i:7), STATEMACHINELOGENTRY, client-A62FE20F707D, cid=131-writeStateMachineData
	at org.apache.ratis.util.IOUtils.getFromFuture(IOUtils.java:87)
	at org.apache.ratis.server.raftlog.segmented.SegmentedRaftLogWorker$StateMachineDataPolicy.getFromFuture(SegmentedRaftLogWorker.java:87)
	at org.apache.ratis.server.raftlog.segmented.SegmentedRaftLogWorker$WriteLog.execute(SegmentedRaftLogWorker.java:477)
	at org.apache.ratis.server.raftlog.segmented.SegmentedRaftLogWorker.run(SegmentedRaftLogWorker.java:289)
	at java.lang.Thread.run(Thread.java:748)
Caused by: java.util.concurrent.TimeoutException
	at java.util.concurrent.CompletableFuture.timedGet(CompletableFuture.java:1771)
	at java.util.concurrent.CompletableFuture.get(CompletableFuture.java:1915)
	at org.apache.ratis.util.IOUtils.getFromFuture(IOUtils.java:79)
	... 4 more
2019-09-12 06:03:35,507 [e419d203-ae84-45b4-a349-326cccf7322d@group-AC406AFA1D55-SegmentedRaftLogWorker] WARN  segmented.SegmentedRaftLogWorker (SegmentedRaftLogWorker.java:getFromFuture(90)) - Timeout 1/~
org.apache.ratis.protocol.TimeoutIOException: Timeout 10s: WriteLog:7: (t:1, i:7), STATEMACHINELOGENTRY, client-A62FE20F707D, cid=131-writeStateMachineData
	at org.apache.ratis.util.IOUtils.getFromFuture(IOUtils.java:87)
	at org.apache.ratis.server.raftlog.segmented.SegmentedRaftLogWorker$StateMachineDataPolicy.getFromFuture(SegmentedRaftLogWorker.java:87)
	at org.apache.ratis.server.raftlog.segmented.SegmentedRaftLogWorker$WriteLog.execute(SegmentedRaftLogWorker.java:477)
	at org.apache.ratis.server.raftlog.segmented.SegmentedRaftLogWorker.run(SegmentedRaftLogWorker.java:289)
	at java.lang.Thread.run(Thread.java:748)
Caused by: java.util.concurrent.TimeoutException
	at java.util.concurrent.CompletableFuture.timedGet(CompletableFuture.java:1771)
	at java.util.concurrent.CompletableFuture.get(CompletableFuture.java:1915)
	at org.apache.ratis.util.IOUtils.getFromFuture(IOUtils.java:79)
	... 4 more
2019-09-12 06:03:35,647 [grpc-default-executor-7] INFO  client.GrpcClientProtocolClient (GrpcClientProtocolClient.java:onNext(264)) - client-A62FE20F707D->e419d203-ae84-45b4-a349-326cccf7322d: receive RaftClientReply:client-A62FE20F707D->e419d203-ae84-45b4-a349-326cccf7322d@group-AC406AFA1D55, cid=131, FAILED org.apache.ratis.protocol.NotLeaderException: Server e419d203-ae84-45b4-a349-326cccf7322d@group-AC406AFA1D55 is not the leader 300524ac-6f40-4001-8852-e3bc017e7a2d:192.168.34.52:35783, logIndex=0, commits[e419d203-ae84-45b4-a349-326cccf7322d:c6, 63029d58-985e-44b6-b8f1-28f19ea5ad76:c4, 300524ac-6f40-4001-8852-e3bc017e7a2d:c6]
2019-09-12 06:03:36,014 [java.util.concurrent.ThreadPoolExecutor$Worker@3e4969f5[State = -1, empty queue]] WARN  server.GrpcLogAppender (GrpcLogAppender.java:timeoutAppendRequest(200)) - 300524ac-6f40-4001-8852-e3bc017e7a2d@group-AC406AFA1D55->e419d203-ae84-45b4-a349-326cccf7322d-GrpcLogAppender: appendEntries Timeout, request=300524ac-6f40-4001-8852-e3bc017e7a2d->e419d203-ae84-45b4-a349-326cccf7322d#27-t1, previous=(t:1, i:12), leaderCommit=6, initializing? false, entries: <empty>
2019-09-12 06:03:36,014 [java.util.concurrent.ThreadPoolExecutor$Worker@13edb407[State = -1, empty queue]] WARN  server.GrpcLogAppender (GrpcLogAppender.java:timeoutAppendRequest(200)) - 300524ac-6f40-4001-8852-e3bc017e7a2d@group-AC406AFA1D55->63029d58-985e-44b6-b8f1-28f19ea5ad76-GrpcLogAppender: appendEntries Timeout, request=300524ac-6f40-4001-8852-e3bc017e7a2d->63029d58-985e-44b6-b8f1-28f19ea5ad76#27-t1, previous=(t:1, i:12), leaderCommit=6, initializing? false, entries: <empty>
2019-09-12 06:03:37,705 [grpc-default-executor-1] INFO  impl.RaftServerProxy (RaftServerProxy.java:remove(95)) - 63029d58-985e-44b6-b8f1-28f19ea5ad76: remove group-0077CE01DE48:null
2019-09-12 06:03:37,708 [RatisPipelineUtilsThread] WARN  pipeline.RatisPipelineUtils (RatisPipelineUtils.java:destroyPipeline(66)) - Pipeline destroy failed for pipeline=PipelineID=0700555e-d407-47f7-9b9f-0077ce01de48 dn=63029d58-985e-44b6-b8f1-28f19ea5ad76{ip: 192.168.34.52, host: trunk-nightly-20190912-4gc2t-2068889165, networkLocation: /default-rack, certSerialId: null}
2019-09-12 06:03:37,711 [grpc-default-executor-1] INFO  impl.RaftServerProxy (RaftServerProxy.java:remove(95)) - e419d203-ae84-45b4-a349-326cccf7322d: remove group-0077CE01DE48:null
2019-09-12 06:03:37,713 [RatisPipelineUtilsThread] WARN  pipeline.RatisPipelineUtils (RatisPipelineUtils.java:destroyPipeline(66)) - Pipeline destroy failed for pipeline=PipelineID=0700555e-d407-47f7-9b9f-0077ce01de48 dn=e419d203-ae84-45b4-a349-326cccf7322d{ip: 192.168.34.52, host: trunk-nightly-20190912-4gc2t-2068889165, networkLocation: /default-rack, certSerialId: null}
2019-09-12 06:03:37,715 [grpc-default-executor-1] INFO  impl.RaftServerProxy (RaftServerProxy.java:remove(95)) - 300524ac-6f40-4001-8852-e3bc017e7a2d: remove group-0077CE01DE48:null
2019-09-12 06:03:37,717 [RatisPipelineUtilsThread] WARN  pipeline.RatisPipelineUtils (RatisPipelineUtils.java:destroyPipeline(66)) - Pipeline destroy failed for pipeline=PipelineID=0700555e-d407-47f7-9b9f-0077ce01de48 dn=300524ac-6f40-4001-8852-e3bc017e7a2d{ip: 192.168.34.52, host: trunk-nightly-20190912-4gc2t-2068889165, networkLocation: /default-rack, certSerialId: null}
2019-09-12 06:03:37,717 [RatisPipelineUtilsThread] ERROR pipeline.SCMPipelineManager (Scheduler.java:lambda$schedule$1(70)) - Destroy pipeline failed for pipeline:Pipeline[ Id: 0700555e-d407-47f7-9b9f-0077ce01de48, Nodes: 63029d58-985e-44b6-b8f1-28f19ea5ad76{ip: 192.168.34.52, host: trunk-nightly-20190912-4gc2t-2068889165, networkLocation: /default-rack, certSerialId: null}e419d203-ae84-45b4-a349-326cccf7322d{ip: 192.168.34.52, host: trunk-nightly-20190912-4gc2t-2068889165, networkLocation: /default-rack, certSerialId: null}300524ac-6f40-4001-8852-e3bc017e7a2d{ip: 192.168.34.52, host: trunk-nightly-20190912-4gc2t-2068889165, networkLocation: /default-rack, certSerialId: null}, Type:RATIS, Factor:THREE, State:CLOSED]
org.apache.hadoop.hdds.scm.pipeline.PipelineNotFoundException: PipelineID=0700555e-d407-47f7-9b9f-0077ce01de48 not found
	at org.apache.hadoop.hdds.scm.pipeline.PipelineStateMap.getPipeline(PipelineStateMap.java:132)
	at org.apache.hadoop.hdds.scm.pipeline.PipelineStateMap.removePipeline(PipelineStateMap.java:322)
	at org.apache.hadoop.hdds.scm.pipeline.PipelineStateManager.removePipeline(PipelineStateManager.java:107)
	at org.apache.hadoop.hdds.scm.pipeline.SCMPipelineManager.removePipeline(SCMPipelineManager.java:423)
	at org.apache.hadoop.hdds.scm.pipeline.SCMPipelineManager.destroyPipeline(SCMPipelineManager.java:409)
	at org.apache.hadoop.hdds.scm.pipeline.SCMPipelineManager.lambda$finalizeAndDestroyPipeline$0(SCMPipelineManager.java:318)
	at org.apache.hadoop.utils.Scheduler.lambda$schedule$1(Scheduler.java:68)
	at java.util.concurrent.Executors$RunnableAdapter.call(Executors.java:511)
	at java.util.concurrent.FutureTask.run(FutureTask.java:266)
	at java.util.concurrent.ScheduledThreadPoolExecutor$ScheduledFutureTask.access$201(ScheduledThreadPoolExecutor.java:180)
	at java.util.concurrent.ScheduledThreadPoolExecutor$ScheduledFutureTask.run(ScheduledThreadPoolExecutor.java:293)
	at java.util.concurrent.ThreadPoolExecutor.runWorker(ThreadPoolExecutor.java:1149)
	at java.util.concurrent.ThreadPoolExecutor$Worker.run(ThreadPoolExecutor.java:624)
	at java.lang.Thread.run(Thread.java:748)
2019-09-12 06:03:38,514 [java.util.concurrent.ThreadPoolExecutor$Worker@13edb407[State = -1, empty queue]] WARN  server.GrpcLogAppender (GrpcLogAppender.java:timeoutAppendRequest(200)) - 300524ac-6f40-4001-8852-e3bc017e7a2d@group-AC406AFA1D55->63029d58-985e-44b6-b8f1-28f19ea5ad76-GrpcLogAppender: appendEntries Timeout, request=300524ac-6f40-4001-8852-e3bc017e7a2d->63029d58-985e-44b6-b8f1-28f19ea5ad76#28-t1, previous=(t:1, i:12), leaderCommit=6, initializing? false, entries: <empty>
2019-09-12 06:03:38,514 [java.util.concurrent.ThreadPoolExecutor$Worker@3e4969f5[State = -1, empty queue]] WARN  server.GrpcLogAppender (GrpcLogAppender.java:timeoutAppendRequest(200)) - 300524ac-6f40-4001-8852-e3bc017e7a2d@group-AC406AFA1D55->e419d203-ae84-45b4-a349-326cccf7322d-GrpcLogAppender: appendEntries Timeout, request=300524ac-6f40-4001-8852-e3bc017e7a2d->e419d203-ae84-45b4-a349-326cccf7322d#28-t1, previous=(t:1, i:12), leaderCommit=6, initializing? false, entries: <empty>
2019-09-12 06:03:39,705 [grpc-default-executor-3] INFO  impl.RaftServerProxy (RaftServerProxy.java:remove(95)) - 63029d58-985e-44b6-b8f1-28f19ea5ad76: remove group-0077CE01DE48:null
2019-09-12 06:03:39,707 [RatisPipelineUtilsThread] WARN  pipeline.RatisPipelineUtils (RatisPipelineUtils.java:destroyPipeline(66)) - Pipeline destroy failed for pipeline=PipelineID=0700555e-d407-47f7-9b9f-0077ce01de48 dn=63029d58-985e-44b6-b8f1-28f19ea5ad76{ip: 192.168.34.52, host: trunk-nightly-20190912-4gc2t-2068889165, networkLocation: /default-rack, certSerialId: null}
2019-09-12 06:03:39,709 [grpc-default-executor-3] INFO  impl.RaftServerProxy (RaftServerProxy.java:remove(95)) - e419d203-ae84-45b4-a349-326cccf7322d: remove group-0077CE01DE48:null
2019-09-12 06:03:39,710 [RatisPipelineUtilsThread] WARN  pipeline.RatisPipelineUtils (RatisPipelineUtils.java:destroyPipeline(66)) - Pipeline destroy failed for pipeline=PipelineID=0700555e-d407-47f7-9b9f-0077ce01de48 dn=e419d203-ae84-45b4-a349-326cccf7322d{ip: 192.168.34.52, host: trunk-nightly-20190912-4gc2t-2068889165, networkLocation: /default-rack, certSerialId: null}
2019-09-12 06:03:39,713 [grpc-default-executor-3] INFO  impl.RaftServerProxy (RaftServerProxy.java:remove(95)) - 300524ac-6f40-4001-8852-e3bc017e7a2d: remove group-0077CE01DE48:null
2019-09-12 06:03:39,714 [RatisPipelineUtilsThread] WARN  pipeline.RatisPipelineUtils (RatisPipelineUtils.java:destroyPipeline(66)) - Pipeline destroy failed for pipeline=PipelineID=0700555e-d407-47f7-9b9f-0077ce01de48 dn=300524ac-6f40-4001-8852-e3bc017e7a2d{ip: 192.168.34.52, host: trunk-nightly-20190912-4gc2t-2068889165, networkLocation: /default-rack, certSerialId: null}
2019-09-12 06:03:39,715 [RatisPipelineUtilsThread] ERROR pipeline.SCMPipelineManager (Scheduler.java:lambda$schedule$1(70)) - Destroy pipeline failed for pipeline:Pipeline[ Id: 0700555e-d407-47f7-9b9f-0077ce01de48, Nodes: 63029d58-985e-44b6-b8f1-28f19ea5ad76{ip: 192.168.34.52, host: trunk-nightly-20190912-4gc2t-2068889165, networkLocation: /default-rack, certSerialId: null}e419d203-ae84-45b4-a349-326cccf7322d{ip: 192.168.34.52, host: trunk-nightly-20190912-4gc2t-2068889165, networkLocation: /default-rack, certSerialId: null}300524ac-6f40-4001-8852-e3bc017e7a2d{ip: 192.168.34.52, host: trunk-nightly-20190912-4gc2t-2068889165, networkLocation: /default-rack, certSerialId: null}, Type:RATIS, Factor:THREE, State:CLOSED]
org.apache.hadoop.hdds.scm.pipeline.PipelineNotFoundException: PipelineID=0700555e-d407-47f7-9b9f-0077ce01de48 not found
	at org.apache.hadoop.hdds.scm.pipeline.PipelineStateMap.getPipeline(PipelineStateMap.java:132)
	at org.apache.hadoop.hdds.scm.pipeline.PipelineStateMap.removePipeline(PipelineStateMap.java:322)
	at org.apache.hadoop.hdds.scm.pipeline.PipelineStateManager.removePipeline(PipelineStateManager.java:107)
	at org.apache.hadoop.hdds.scm.pipeline.SCMPipelineManager.removePipeline(SCMPipelineManager.java:423)
	at org.apache.hadoop.hdds.scm.pipeline.SCMPipelineManager.destroyPipeline(SCMPipelineManager.java:409)
	at org.apache.hadoop.hdds.scm.pipeline.SCMPipelineManager.lambda$finalizeAndDestroyPipeline$0(SCMPipelineManager.java:318)
	at org.apache.hadoop.utils.Scheduler.lambda$schedule$1(Scheduler.java:68)
	at java.util.concurrent.Executors$RunnableAdapter.call(Executors.java:511)
	at java.util.concurrent.FutureTask.run(FutureTask.java:266)
	at java.util.concurrent.ScheduledThreadPoolExecutor$ScheduledFutureTask.access$201(ScheduledThreadPoolExecutor.java:180)
	at java.util.concurrent.ScheduledThreadPoolExecutor$ScheduledFutureTask.run(ScheduledThreadPoolExecutor.java:293)
	at java.util.concurrent.ThreadPoolExecutor.runWorker(ThreadPoolExecutor.java:1149)
	at java.util.concurrent.ThreadPoolExecutor$Worker.run(ThreadPoolExecutor.java:624)
	at java.lang.Thread.run(Thread.java:748)
2019-09-12 06:03:40,688 [grpc-default-executor-1] INFO  client.GrpcClientProtocolClient (GrpcClientProtocolClient.java:onNext(264)) - client-A62FE20F707D->e419d203-ae84-45b4-a349-326cccf7322d: receive RaftClientReply:client-A62FE20F707D->e419d203-ae84-45b4-a349-326cccf7322d@group-AC406AFA1D55, cid=131, FAILED org.apache.ratis.protocol.NotLeaderException: Server e419d203-ae84-45b4-a349-326cccf7322d@group-AC406AFA1D55 is not the leader 300524ac-6f40-4001-8852-e3bc017e7a2d:192.168.34.52:35783, logIndex=0, commits[e419d203-ae84-45b4-a349-326cccf7322d:c6, 63029d58-985e-44b6-b8f1-28f19ea5ad76:c4, 300524ac-6f40-4001-8852-e3bc017e7a2d:c6]
2019-09-12 06:03:41,015 [java.util.concurrent.ThreadPoolExecutor$Worker@13edb407[State = -1, empty queue]] WARN  server.GrpcLogAppender (GrpcLogAppender.java:timeoutAppendRequest(200)) - 300524ac-6f40-4001-8852-e3bc017e7a2d@group-AC406AFA1D55->63029d58-985e-44b6-b8f1-28f19ea5ad76-GrpcLogAppender: appendEntries Timeout, request=300524ac-6f40-4001-8852-e3bc017e7a2d->63029d58-985e-44b6-b8f1-28f19ea5ad76#29-t1, previous=(t:1, i:12), leaderCommit=6, initializing? false, entries: <empty>
2019-09-12 06:03:41,015 [java.util.concurrent.ThreadPoolExecutor$Worker@3e4969f5[State = -1, empty queue]] WARN  server.GrpcLogAppender (GrpcLogAppender.java:timeoutAppendRequest(200)) - 300524ac-6f40-4001-8852-e3bc017e7a2d@group-AC406AFA1D55->e419d203-ae84-45b4-a349-326cccf7322d-GrpcLogAppender: appendEntries Timeout, request=300524ac-6f40-4001-8852-e3bc017e7a2d->e419d203-ae84-45b4-a349-326cccf7322d#29-t1, previous=(t:1, i:12), leaderCommit=6, initializing? false, entries: <empty>
2019-09-12 06:03:42,710 [grpc-default-executor-1] INFO  impl.RaftServerProxy (RaftServerProxy.java:remove(95)) - 63029d58-985e-44b6-b8f1-28f19ea5ad76: remove group-0077CE01DE48:null
2019-09-12 06:03:42,713 [RatisPipelineUtilsThread] WARN  pipeline.RatisPipelineUtils (RatisPipelineUtils.java:destroyPipeline(66)) - Pipeline destroy failed for pipeline=PipelineID=0700555e-d407-47f7-9b9f-0077ce01de48 dn=63029d58-985e-44b6-b8f1-28f19ea5ad76{ip: 192.168.34.52, host: trunk-nightly-20190912-4gc2t-2068889165, networkLocation: /default-rack, certSerialId: null}
2019-09-12 06:03:42,715 [grpc-default-executor-1] INFO  impl.RaftServerProxy (RaftServerProxy.java:remove(95)) - e419d203-ae84-45b4-a349-326cccf7322d: remove group-0077CE01DE48:null
2019-09-12 06:03:42,717 [RatisPipelineUtilsThread] WARN  pipeline.RatisPipelineUtils (RatisPipelineUtils.java:destroyPipeline(66)) - Pipeline destroy failed for pipeline=PipelineID=0700555e-d407-47f7-9b9f-0077ce01de48 dn=e419d203-ae84-45b4-a349-326cccf7322d{ip: 192.168.34.52, host: trunk-nightly-20190912-4gc2t-2068889165, networkLocation: /default-rack, certSerialId: null}
2019-09-12 06:03:42,720 [grpc-default-executor-1] INFO  impl.RaftServerProxy (RaftServerProxy.java:remove(95)) - 300524ac-6f40-4001-8852-e3bc017e7a2d: remove group-0077CE01DE48:null
2019-09-12 06:03:42,722 [RatisPipelineUtilsThread] WARN  pipeline.RatisPipelineUtils (RatisPipelineUtils.java:destroyPipeline(66)) - Pipeline destroy failed for pipeline=PipelineID=0700555e-d407-47f7-9b9f-0077ce01de48 dn=300524ac-6f40-4001-8852-e3bc017e7a2d{ip: 192.168.34.52, host: trunk-nightly-20190912-4gc2t-2068889165, networkLocation: /default-rack, certSerialId: null}
2019-09-12 06:03:42,722 [RatisPipelineUtilsThread] ERROR pipeline.SCMPipelineManager (Scheduler.java:lambda$schedule$1(70)) - Destroy pipeline failed for pipeline:Pipeline[ Id: 0700555e-d407-47f7-9b9f-0077ce01de48, Nodes: 63029d58-985e-44b6-b8f1-28f19ea5ad76{ip: 192.168.34.52, host: trunk-nightly-20190912-4gc2t-2068889165, networkLocation: /default-rack, certSerialId: null}e419d203-ae84-45b4-a349-326cccf7322d{ip: 192.168.34.52, host: trunk-nightly-20190912-4gc2t-2068889165, networkLocation: /default-rack, certSerialId: null}300524ac-6f40-4001-8852-e3bc017e7a2d{ip: 192.168.34.52, host: trunk-nightly-20190912-4gc2t-2068889165, networkLocation: /default-rack, certSerialId: null}, Type:RATIS, Factor:THREE, State:CLOSED]
org.apache.hadoop.hdds.scm.pipeline.PipelineNotFoundException: PipelineID=0700555e-d407-47f7-9b9f-0077ce01de48 not found
	at org.apache.hadoop.hdds.scm.pipeline.PipelineStateMap.getPipeline(PipelineStateMap.java:132)
	at org.apache.hadoop.hdds.scm.pipeline.PipelineStateMap.removePipeline(PipelineStateMap.java:322)
	at org.apache.hadoop.hdds.scm.pipeline.PipelineStateManager.removePipeline(PipelineStateManager.java:107)
	at org.apache.hadoop.hdds.scm.pipeline.SCMPipelineManager.removePipeline(SCMPipelineManager.java:423)
	at org.apache.hadoop.hdds.scm.pipeline.SCMPipelineManager.destroyPipeline(SCMPipelineManager.java:409)
	at org.apache.hadoop.hdds.scm.pipeline.SCMPipelineManager.lambda$finalizeAndDestroyPipeline$0(SCMPipelineManager.java:318)
	at org.apache.hadoop.utils.Scheduler.lambda$schedule$1(Scheduler.java:68)
	at java.util.concurrent.Executors$RunnableAdapter.call(Executors.java:511)
	at java.util.concurrent.FutureTask.run(FutureTask.java:266)
	at java.util.concurrent.ScheduledThreadPoolExecutor$ScheduledFutureTask.access$201(ScheduledThreadPoolExecutor.java:180)
	at java.util.concurrent.ScheduledThreadPoolExecutor$ScheduledFutureTask.run(ScheduledThreadPoolExecutor.java:293)
	at java.util.concurrent.ThreadPoolExecutor.runWorker(ThreadPoolExecutor.java:1149)
	at java.util.concurrent.ThreadPoolExecutor$Worker.run(ThreadPoolExecutor.java:624)
	at java.lang.Thread.run(Thread.java:748)
2019-09-12 06:03:43,515 [java.util.concurrent.ThreadPoolExecutor$Worker@13edb407[State = -1, empty queue]] WARN  server.GrpcLogAppender (GrpcLogAppender.java:timeoutAppendRequest(200)) - 300524ac-6f40-4001-8852-e3bc017e7a2d@group-AC406AFA1D55->63029d58-985e-44b6-b8f1-28f19ea5ad76-GrpcLogAppender: appendEntries Timeout, request=300524ac-6f40-4001-8852-e3bc017e7a2d->63029d58-985e-44b6-b8f1-28f19ea5ad76#30-t1, previous=(t:1, i:12), leaderCommit=6, initializing? false, entries: <empty>
2019-09-12 06:03:43,515 [java.util.concurrent.ThreadPoolExecutor$Worker@3e4969f5[State = -1, empty queue]] WARN  server.GrpcLogAppender (GrpcLogAppender.java:timeoutAppendRequest(200)) - 300524ac-6f40-4001-8852-e3bc017e7a2d@group-AC406AFA1D55->e419d203-ae84-45b4-a349-326cccf7322d-GrpcLogAppender: appendEntries Timeout, request=300524ac-6f40-4001-8852-e3bc017e7a2d->e419d203-ae84-45b4-a349-326cccf7322d#30-t1, previous=(t:1, i:12), leaderCommit=6, initializing? false, entries: <empty>
2019-09-12 06:03:44,729 [grpc-default-executor-3] INFO  impl.RaftServerProxy (RaftServerProxy.java:remove(95)) - 63029d58-985e-44b6-b8f1-28f19ea5ad76: remove group-0077CE01DE48:null
2019-09-12 06:03:44,731 [RatisPipelineUtilsThread] WARN  pipeline.RatisPipelineUtils (RatisPipelineUtils.java:destroyPipeline(66)) - Pipeline destroy failed for pipeline=PipelineID=0700555e-d407-47f7-9b9f-0077ce01de48 dn=63029d58-985e-44b6-b8f1-28f19ea5ad76{ip: 192.168.34.52, host: trunk-nightly-20190912-4gc2t-2068889165, networkLocation: /default-rack, certSerialId: null}
2019-09-12 06:03:44,734 [grpc-default-executor-3] INFO  impl.RaftServerProxy (RaftServerProxy.java:remove(95)) - e419d203-ae84-45b4-a349-326cccf7322d: remove group-0077CE01DE48:null
2019-09-12 06:03:44,736 [RatisPipelineUtilsThread] WARN  pipeline.RatisPipelineUtils (RatisPipelineUtils.java:destroyPipeline(66)) - Pipeline destroy failed for pipeline=PipelineID=0700555e-d407-47f7-9b9f-0077ce01de48 dn=e419d203-ae84-45b4-a349-326cccf7322d{ip: 192.168.34.52, host: trunk-nightly-20190912-4gc2t-2068889165, networkLocation: /default-rack, certSerialId: null}
2019-09-12 06:03:44,738 [grpc-default-executor-3] INFO  impl.RaftServerProxy (RaftServerProxy.java:remove(95)) - 300524ac-6f40-4001-8852-e3bc017e7a2d: remove group-0077CE01DE48:null
2019-09-12 06:03:44,739 [RatisPipelineUtilsThread] WARN  pipeline.RatisPipelineUtils (RatisPipelineUtils.java:destroyPipeline(66)) - Pipeline destroy failed for pipeline=PipelineID=0700555e-d407-47f7-9b9f-0077ce01de48 dn=300524ac-6f40-4001-8852-e3bc017e7a2d{ip: 192.168.34.52, host: trunk-nightly-20190912-4gc2t-2068889165, networkLocation: /default-rack, certSerialId: null}
2019-09-12 06:03:44,743 [RatisPipelineUtilsThread] ERROR pipeline.SCMPipelineManager (Scheduler.java:lambda$schedule$1(70)) - Destroy pipeline failed for pipeline:Pipeline[ Id: 0700555e-d407-47f7-9b9f-0077ce01de48, Nodes: 63029d58-985e-44b6-b8f1-28f19ea5ad76{ip: 192.168.34.52, host: trunk-nightly-20190912-4gc2t-2068889165, networkLocation: /default-rack, certSerialId: null}e419d203-ae84-45b4-a349-326cccf7322d{ip: 192.168.34.52, host: trunk-nightly-20190912-4gc2t-2068889165, networkLocation: /default-rack, certSerialId: null}300524ac-6f40-4001-8852-e3bc017e7a2d{ip: 192.168.34.52, host: trunk-nightly-20190912-4gc2t-2068889165, networkLocation: /default-rack, certSerialId: null}, Type:RATIS, Factor:THREE, State:CLOSED]
org.apache.hadoop.hdds.scm.pipeline.PipelineNotFoundException: PipelineID=0700555e-d407-47f7-9b9f-0077ce01de48 not found
	at org.apache.hadoop.hdds.scm.pipeline.PipelineStateMap.getPipeline(PipelineStateMap.java:132)
	at org.apache.hadoop.hdds.scm.pipeline.PipelineStateMap.removePipeline(PipelineStateMap.java:322)
	at org.apache.hadoop.hdds.scm.pipeline.PipelineStateManager.removePipeline(PipelineStateManager.java:107)
	at org.apache.hadoop.hdds.scm.pipeline.SCMPipelineManager.removePipeline(SCMPipelineManager.java:423)
	at org.apache.hadoop.hdds.scm.pipeline.SCMPipelineManager.destroyPipeline(SCMPipelineManager.java:409)
	at org.apache.hadoop.hdds.scm.pipeline.SCMPipelineManager.lambda$finalizeAndDestroyPipeline$0(SCMPipelineManager.java:318)
	at org.apache.hadoop.utils.Scheduler.lambda$schedule$1(Scheduler.java:68)
	at java.util.concurrent.Executors$RunnableAdapter.call(Executors.java:511)
	at java.util.concurrent.FutureTask.run(FutureTask.java:266)
	at java.util.concurrent.ScheduledThreadPoolExecutor$ScheduledFutureTask.access$201(ScheduledThreadPoolExecutor.java:180)
	at java.util.concurrent.ScheduledThreadPoolExecutor$ScheduledFutureTask.run(ScheduledThreadPoolExecutor.java:293)
	at java.util.concurrent.ThreadPoolExecutor.runWorker(ThreadPoolExecutor.java:1149)
	at java.util.concurrent.ThreadPoolExecutor$Worker.run(ThreadPoolExecutor.java:624)
	at java.lang.Thread.run(Thread.java:748)
2019-09-12 06:03:45,507 [300524ac-6f40-4001-8852-e3bc017e7a2d@group-AC406AFA1D55-SegmentedRaftLogWorker] WARN  segmented.SegmentedRaftLogWorker (SegmentedRaftLogWorker.java:getFromFuture(90)) - Timeout 2/~
org.apache.ratis.protocol.TimeoutIOException: Timeout 10s: WriteLog:7: (t:1, i:7), STATEMACHINELOGENTRY, client-A62FE20F707D, cid=131-writeStateMachineData
	at org.apache.ratis.util.IOUtils.getFromFuture(IOUtils.java:87)
	at org.apache.ratis.server.raftlog.segmented.SegmentedRaftLogWorker$StateMachineDataPolicy.getFromFuture(SegmentedRaftLogWorker.java:87)
	at org.apache.ratis.server.raftlog.segmented.SegmentedRaftLogWorker$WriteLog.execute(SegmentedRaftLogWorker.java:477)
	at org.apache.ratis.server.raftlog.segmented.SegmentedRaftLogWorker.run(SegmentedRaftLogWorker.java:289)
	at java.lang.Thread.run(Thread.java:748)
Caused by: java.util.concurrent.TimeoutException
	at java.util.concurrent.CompletableFuture.timedGet(CompletableFuture.java:1771)
	at java.util.concurrent.CompletableFuture.get(CompletableFuture.java:1915)
	at org.apache.ratis.util.IOUtils.getFromFuture(IOUtils.java:79)
	... 4 more
2019-09-12 06:03:45,508 [e419d203-ae84-45b4-a349-326cccf7322d@group-AC406AFA1D55-SegmentedRaftLogWorker] WARN  segmented.SegmentedRaftLogWorker (SegmentedRaftLogWorker.java:getFromFuture(90)) - Timeout 2/~
org.apache.ratis.protocol.TimeoutIOException: Timeout 10s: WriteLog:7: (t:1, i:7), STATEMACHINELOGENTRY, client-A62FE20F707D, cid=131-writeStateMachineData
	at org.apache.ratis.util.IOUtils.getFromFuture(IOUtils.java:87)
	at org.apache.ratis.server.raftlog.segmented.SegmentedRaftLogWorker$StateMachineDataPolicy.getFromFuture(SegmentedRaftLogWorker.java:87)
	at org.apache.ratis.server.raftlog.segmented.SegmentedRaftLogWorker$WriteLog.execute(SegmentedRaftLogWorker.java:477)
	at org.apache.ratis.server.raftlog.segmented.SegmentedRaftLogWorker.run(SegmentedRaftLogWorker.java:289)
	at java.lang.Thread.run(Thread.java:748)
Caused by: java.util.concurrent.TimeoutException
	at java.util.concurrent.CompletableFuture.timedGet(CompletableFuture.java:1771)
	at java.util.concurrent.CompletableFuture.get(CompletableFuture.java:1915)
	at org.apache.ratis.util.IOUtils.getFromFuture(IOUtils.java:79)
	... 4 more
2019-09-12 06:03:45,508 [63029d58-985e-44b6-b8f1-28f19ea5ad76@group-AC406AFA1D55-SegmentedRaftLogWorker] WARN  segmented.SegmentedRaftLogWorker (SegmentedRaftLogWorker.java:getFromFuture(90)) - Timeout 2/~
org.apache.ratis.protocol.TimeoutIOException: Timeout 10s: WriteLog:7: (t:1, i:7), STATEMACHINELOGENTRY, client-A62FE20F707D, cid=131-writeStateMachineData
	at org.apache.ratis.util.IOUtils.getFromFuture(IOUtils.java:87)
	at org.apache.ratis.server.raftlog.segmented.SegmentedRaftLogWorker$StateMachineDataPolicy.getFromFuture(SegmentedRaftLogWorker.java:87)
	at org.apache.ratis.server.raftlog.segmented.SegmentedRaftLogWorker$WriteLog.execute(SegmentedRaftLogWorker.java:477)
	at org.apache.ratis.server.raftlog.segmented.SegmentedRaftLogWorker.run(SegmentedRaftLogWorker.java:289)
	at java.lang.Thread.run(Thread.java:748)
Caused by: java.util.concurrent.TimeoutException
	at java.util.concurrent.CompletableFuture.timedGet(CompletableFuture.java:1771)
	at java.util.concurrent.CompletableFuture.get(CompletableFuture.java:1915)
	at org.apache.ratis.util.IOUtils.getFromFuture(IOUtils.java:79)
	... 4 more
2019-09-12 06:03:45,737 [grpc-default-executor-3] INFO  client.GrpcClientProtocolClient (GrpcClientProtocolClient.java:onNext(264)) - client-A62FE20F707D->63029d58-985e-44b6-b8f1-28f19ea5ad76: receive RaftClientReply:client-A62FE20F707D->63029d58-985e-44b6-b8f1-28f19ea5ad76@group-AC406AFA1D55, cid=131, FAILED org.apache.ratis.protocol.NotLeaderException: Server 63029d58-985e-44b6-b8f1-28f19ea5ad76@group-AC406AFA1D55 is not the leader 300524ac-6f40-4001-8852-e3bc017e7a2d:192.168.34.52:35783, logIndex=0, commits[63029d58-985e-44b6-b8f1-28f19ea5ad76:c6, 300524ac-6f40-4001-8852-e3bc017e7a2d:c6, e419d203-ae84-45b4-a349-326cccf7322d:c4]
2019-09-12 06:03:46,015 [java.util.concurrent.ThreadPoolExecutor$Worker@3e4969f5[State = -1, empty queue]] WARN  server.GrpcLogAppender (GrpcLogAppender.java:timeoutAppendRequest(200)) - 300524ac-6f40-4001-8852-e3bc017e7a2d@group-AC406AFA1D55->e419d203-ae84-45b4-a349-326cccf7322d-GrpcLogAppender: appendEntries Timeout, request=300524ac-6f40-4001-8852-e3bc017e7a2d->e419d203-ae84-45b4-a349-326cccf7322d#31-t1, previous=(t:1, i:12), leaderCommit=6, initializing? false, entries: <empty>
2019-09-12 06:03:46,015 [java.util.concurrent.ThreadPoolExecutor$Worker@13edb407[State = -1, empty queue]] WARN  server.GrpcLogAppender (GrpcLogAppender.java:timeoutAppendRequest(200)) - 300524ac-6f40-4001-8852-e3bc017e7a2d@group-AC406AFA1D55->63029d58-985e-44b6-b8f1-28f19ea5ad76-GrpcLogAppender: appendEntries Timeout, request=300524ac-6f40-4001-8852-e3bc017e7a2d->63029d58-985e-44b6-b8f1-28f19ea5ad76#31-t1, previous=(t:1, i:12), leaderCommit=6, initializing? false, entries: <empty>
2019-09-12 06:03:47,710 [grpc-default-executor-1] INFO  impl.RaftServerProxy (RaftServerProxy.java:remove(95)) - 63029d58-985e-44b6-b8f1-28f19ea5ad76: remove group-0077CE01DE48:null
2019-09-12 06:03:47,713 [RatisPipelineUtilsThread] WARN  pipeline.RatisPipelineUtils (RatisPipelineUtils.java:destroyPipeline(66)) - Pipeline destroy failed for pipeline=PipelineID=0700555e-d407-47f7-9b9f-0077ce01de48 dn=63029d58-985e-44b6-b8f1-28f19ea5ad76{ip: 192.168.34.52, host: trunk-nightly-20190912-4gc2t-2068889165, networkLocation: /default-rack, certSerialId: null}
2019-09-12 06:03:47,716 [grpc-default-executor-1] INFO  impl.RaftServerProxy (RaftServerProxy.java:remove(95)) - e419d203-ae84-45b4-a349-326cccf7322d: remove group-0077CE01DE48:null
2019-09-12 06:03:47,717 [RatisPipelineUtilsThread] WARN  pipeline.RatisPipelineUtils (RatisPipelineUtils.java:destroyPipeline(66)) - Pipeline destroy failed for pipeline=PipelineID=0700555e-d407-47f7-9b9f-0077ce01de48 dn=e419d203-ae84-45b4-a349-326cccf7322d{ip: 192.168.34.52, host: trunk-nightly-20190912-4gc2t-2068889165, networkLocation: /default-rack, certSerialId: null}
2019-09-12 06:03:47,719 [grpc-default-executor-1] INFO  impl.RaftServerProxy (RaftServerProxy.java:remove(95)) - 300524ac-6f40-4001-8852-e3bc017e7a2d: remove group-0077CE01DE48:null
2019-09-12 06:03:47,721 [RatisPipelineUtilsThread] WARN  pipeline.RatisPipelineUtils (RatisPipelineUtils.java:destroyPipeline(66)) - Pipeline destroy failed for pipeline=PipelineID=0700555e-d407-47f7-9b9f-0077ce01de48 dn=300524ac-6f40-4001-8852-e3bc017e7a2d{ip: 192.168.34.52, host: trunk-nightly-20190912-4gc2t-2068889165, networkLocation: /default-rack, certSerialId: null}
2019-09-12 06:03:47,721 [RatisPipelineUtilsThread] ERROR pipeline.SCMPipelineManager (Scheduler.java:lambda$schedule$1(70)) - Destroy pipeline failed for pipeline:Pipeline[ Id: 0700555e-d407-47f7-9b9f-0077ce01de48, Nodes: 63029d58-985e-44b6-b8f1-28f19ea5ad76{ip: 192.168.34.52, host: trunk-nightly-20190912-4gc2t-2068889165, networkLocation: /default-rack, certSerialId: null}e419d203-ae84-45b4-a349-326cccf7322d{ip: 192.168.34.52, host: trunk-nightly-20190912-4gc2t-2068889165, networkLocation: /default-rack, certSerialId: null}300524ac-6f40-4001-8852-e3bc017e7a2d{ip: 192.168.34.52, host: trunk-nightly-20190912-4gc2t-2068889165, networkLocation: /default-rack, certSerialId: null}, Type:RATIS, Factor:THREE, State:CLOSED]
org.apache.hadoop.hdds.scm.pipeline.PipelineNotFoundException: PipelineID=0700555e-d407-47f7-9b9f-0077ce01de48 not found
	at org.apache.hadoop.hdds.scm.pipeline.PipelineStateMap.getPipeline(PipelineStateMap.java:132)
	at org.apache.hadoop.hdds.scm.pipeline.PipelineStateMap.removePipeline(PipelineStateMap.java:322)
	at org.apache.hadoop.hdds.scm.pipeline.PipelineStateManager.removePipeline(PipelineStateManager.java:107)
	at org.apache.hadoop.hdds.scm.pipeline.SCMPipelineManager.removePipeline(SCMPipelineManager.java:423)
	at org.apache.hadoop.hdds.scm.pipeline.SCMPipelineManager.destroyPipeline(SCMPipelineManager.java:409)
	at org.apache.hadoop.hdds.scm.pipeline.SCMPipelineManager.lambda$finalizeAndDestroyPipeline$0(SCMPipelineManager.java:318)
	at org.apache.hadoop.utils.Scheduler.lambda$schedule$1(Scheduler.java:68)
	at java.util.concurrent.Executors$RunnableAdapter.call(Executors.java:511)
	at java.util.concurrent.FutureTask.run(FutureTask.java:266)
	at java.util.concurrent.ScheduledThreadPoolExecutor$ScheduledFutureTask.access$201(ScheduledThreadPoolExecutor.java:180)
	at java.util.concurrent.ScheduledThreadPoolExecutor$ScheduledFutureTask.run(ScheduledThreadPoolExecutor.java:293)
	at java.util.concurrent.ThreadPoolExecutor.runWorker(ThreadPoolExecutor.java:1149)
	at java.util.concurrent.ThreadPoolExecutor$Worker.run(ThreadPoolExecutor.java:624)
	at java.lang.Thread.run(Thread.java:748)
2019-09-12 06:03:48,516 [java.util.concurrent.ThreadPoolExecutor$Worker@13edb407[State = -1, empty queue]] WARN  server.GrpcLogAppender (GrpcLogAppender.java:timeoutAppendRequest(200)) - 300524ac-6f40-4001-8852-e3bc017e7a2d@group-AC406AFA1D55->63029d58-985e-44b6-b8f1-28f19ea5ad76-GrpcLogAppender: appendEntries Timeout, request=300524ac-6f40-4001-8852-e3bc017e7a2d->63029d58-985e-44b6-b8f1-28f19ea5ad76#32-t1, previous=(t:1, i:12), leaderCommit=6, initializing? false, entries: <empty>
2019-09-12 06:03:48,516 [java.util.concurrent.ThreadPoolExecutor$Worker@3e4969f5[State = -1, empty queue]] WARN  server.GrpcLogAppender (GrpcLogAppender.java:timeoutAppendRequest(200)) - 300524ac-6f40-4001-8852-e3bc017e7a2d@group-AC406AFA1D55->e419d203-ae84-45b4-a349-326cccf7322d-GrpcLogAppender: appendEntries Timeout, request=300524ac-6f40-4001-8852-e3bc017e7a2d->e419d203-ae84-45b4-a349-326cccf7322d#32-t1, previous=(t:1, i:12), leaderCommit=6, initializing? false, entries: <empty>
2019-09-12 06:03:49,710 [grpc-default-executor-3] INFO  impl.RaftServerProxy (RaftServerProxy.java:remove(95)) - 63029d58-985e-44b6-b8f1-28f19ea5ad76: remove group-0077CE01DE48:null
2019-09-12 06:03:49,714 [RatisPipelineUtilsThread] WARN  pipeline.RatisPipelineUtils (RatisPipelineUtils.java:destroyPipeline(66)) - Pipeline destroy failed for pipeline=PipelineID=0700555e-d407-47f7-9b9f-0077ce01de48 dn=63029d58-985e-44b6-b8f1-28f19ea5ad76{ip: 192.168.34.52, host: trunk-nightly-20190912-4gc2t-2068889165, networkLocation: /default-rack, certSerialId: null}
2019-09-12 06:03:49,718 [grpc-default-executor-3] INFO  impl.RaftServerProxy (RaftServerProxy.java:remove(95)) - e419d203-ae84-45b4-a349-326cccf7322d: remove group-0077CE01DE48:null
2019-09-12 06:03:49,723 [RatisPipelineUtilsThread] WARN  pipeline.RatisPipelineUtils (RatisPipelineUtils.java:destroyPipeline(66)) - Pipeline destroy failed for pipeline=PipelineID=0700555e-d407-47f7-9b9f-0077ce01de48 dn=e419d203-ae84-45b4-a349-326cccf7322d{ip: 192.168.34.52, host: trunk-nightly-20190912-4gc2t-2068889165, networkLocation: /default-rack, certSerialId: null}
2019-09-12 06:03:49,727 [grpc-default-executor-3] INFO  impl.RaftServerProxy (RaftServerProxy.java:remove(95)) - 300524ac-6f40-4001-8852-e3bc017e7a2d: remove group-0077CE01DE48:null
2019-09-12 06:03:49,729 [RatisPipelineUtilsThread] WARN  pipeline.RatisPipelineUtils (RatisPipelineUtils.java:destroyPipeline(66)) - Pipeline destroy failed for pipeline=PipelineID=0700555e-d407-47f7-9b9f-0077ce01de48 dn=300524ac-6f40-4001-8852-e3bc017e7a2d{ip: 192.168.34.52, host: trunk-nightly-20190912-4gc2t-2068889165, networkLocation: /default-rack, certSerialId: null}
2019-09-12 06:03:49,730 [RatisPipelineUtilsThread] ERROR pipeline.SCMPipelineManager (Scheduler.java:lambda$schedule$1(70)) - Destroy pipeline failed for pipeline:Pipeline[ Id: 0700555e-d407-47f7-9b9f-0077ce01de48, Nodes: 63029d58-985e-44b6-b8f1-28f19ea5ad76{ip: 192.168.34.52, host: trunk-nightly-20190912-4gc2t-2068889165, networkLocation: /default-rack, certSerialId: null}e419d203-ae84-45b4-a349-326cccf7322d{ip: 192.168.34.52, host: trunk-nightly-20190912-4gc2t-2068889165, networkLocation: /default-rack, certSerialId: null}300524ac-6f40-4001-8852-e3bc017e7a2d{ip: 192.168.34.52, host: trunk-nightly-20190912-4gc2t-2068889165, networkLocation: /default-rack, certSerialId: null}, Type:RATIS, Factor:THREE, State:CLOSED]
org.apache.hadoop.hdds.scm.pipeline.PipelineNotFoundException: PipelineID=0700555e-d407-47f7-9b9f-0077ce01de48 not found
	at org.apache.hadoop.hdds.scm.pipeline.PipelineStateMap.getPipeline(PipelineStateMap.java:132)
	at org.apache.hadoop.hdds.scm.pipeline.PipelineStateMap.removePipeline(PipelineStateMap.java:322)
	at org.apache.hadoop.hdds.scm.pipeline.PipelineStateManager.removePipeline(PipelineStateManager.java:107)
	at org.apache.hadoop.hdds.scm.pipeline.SCMPipelineManager.removePipeline(SCMPipelineManager.java:423)
	at org.apache.hadoop.hdds.scm.pipeline.SCMPipelineManager.destroyPipeline(SCMPipelineManager.java:409)
	at org.apache.hadoop.hdds.scm.pipeline.SCMPipelineManager.lambda$finalizeAndDestroyPipeline$0(SCMPipelineManager.java:318)
	at org.apache.hadoop.utils.Scheduler.lambda$schedule$1(Scheduler.java:68)
	at java.util.concurrent.Executors$RunnableAdapter.call(Executors.java:511)
	at java.util.concurrent.FutureTask.run(FutureTask.java:266)
	at java.util.concurrent.ScheduledThreadPoolExecutor$ScheduledFutureTask.access$201(ScheduledThreadPoolExecutor.java:180)
	at java.util.concurrent.ScheduledThreadPoolExecutor$ScheduledFutureTask.run(ScheduledThreadPoolExecutor.java:293)
	at java.util.concurrent.ThreadPoolExecutor.runWorker(ThreadPoolExecutor.java:1149)
	at java.util.concurrent.ThreadPoolExecutor$Worker.run(ThreadPoolExecutor.java:624)
	at java.lang.Thread.run(Thread.java:748)
2019-09-12 06:03:50,788 [grpc-default-executor-3] INFO  client.GrpcClientProtocolClient (GrpcClientProtocolClient.java:onNext(264)) - client-A62FE20F707D->e419d203-ae84-45b4-a349-326cccf7322d: receive RaftClientReply:client-A62FE20F707D->e419d203-ae84-45b4-a349-326cccf7322d@group-AC406AFA1D55, cid=131, FAILED org.apache.ratis.protocol.NotLeaderException: Server e419d203-ae84-45b4-a349-326cccf7322d@group-AC406AFA1D55 is not the leader 300524ac-6f40-4001-8852-e3bc017e7a2d:192.168.34.52:35783, logIndex=0, commits[e419d203-ae84-45b4-a349-326cccf7322d:c6, 63029d58-985e-44b6-b8f1-28f19ea5ad76:c4, 300524ac-6f40-4001-8852-e3bc017e7a2d:c6]
2019-09-12 06:03:51,016 [java.util.concurrent.ThreadPoolExecutor$Worker@3e4969f5[State = -1, empty queue]] WARN  server.GrpcLogAppender (GrpcLogAppender.java:timeoutAppendRequest(200)) - 300524ac-6f40-4001-8852-e3bc017e7a2d@group-AC406AFA1D55->e419d203-ae84-45b4-a349-326cccf7322d-GrpcLogAppender: appendEntries Timeout, request=300524ac-6f40-4001-8852-e3bc017e7a2d->e419d203-ae84-45b4-a349-326cccf7322d#33-t1, previous=(t:1, i:12), leaderCommit=6, initializing? false, entries: <empty>
2019-09-12 06:03:51,016 [java.util.concurrent.ThreadPoolExecutor$Worker@13edb407[State = -1, empty queue]] WARN  server.GrpcLogAppender (GrpcLogAppender.java:timeoutAppendRequest(200)) - 300524ac-6f40-4001-8852-e3bc017e7a2d@group-AC406AFA1D55->63029d58-985e-44b6-b8f1-28f19ea5ad76-GrpcLogAppender: appendEntries Timeout, request=300524ac-6f40-4001-8852-e3bc017e7a2d->63029d58-985e-44b6-b8f1-28f19ea5ad76#33-t1, previous=(t:1, i:12), leaderCommit=6, initializing? false, entries: <empty>
2019-09-12 06:03:52,705 [grpc-default-executor-1] INFO  impl.RaftServerProxy (RaftServerProxy.java:remove(95)) - 63029d58-985e-44b6-b8f1-28f19ea5ad76: remove group-0077CE01DE48:null
2019-09-12 06:03:52,707 [RatisPipelineUtilsThread] WARN  pipeline.RatisPipelineUtils (RatisPipelineUtils.java:destroyPipeline(66)) - Pipeline destroy failed for pipeline=PipelineID=0700555e-d407-47f7-9b9f-0077ce01de48 dn=63029d58-985e-44b6-b8f1-28f19ea5ad76{ip: 192.168.34.52, host: trunk-nightly-20190912-4gc2t-2068889165, networkLocation: /default-rack, certSerialId: null}
2019-09-12 06:03:52,709 [grpc-default-executor-1] INFO  impl.RaftServerProxy (RaftServerProxy.java:remove(95)) - e419d203-ae84-45b4-a349-326cccf7322d: remove group-0077CE01DE48:null
2019-09-12 06:03:52,710 [RatisPipelineUtilsThread] WARN  pipeline.RatisPipelineUtils (RatisPipelineUtils.java:destroyPipeline(66)) - Pipeline destroy failed for pipeline=PipelineID=0700555e-d407-47f7-9b9f-0077ce01de48 dn=e419d203-ae84-45b4-a349-326cccf7322d{ip: 192.168.34.52, host: trunk-nightly-20190912-4gc2t-2068889165, networkLocation: /default-rack, certSerialId: null}
2019-09-12 06:03:52,712 [grpc-default-executor-1] INFO  impl.RaftServerProxy (RaftServerProxy.java:remove(95)) - 300524ac-6f40-4001-8852-e3bc017e7a2d: remove group-0077CE01DE48:null
2019-09-12 06:03:52,714 [RatisPipelineUtilsThread] WARN  pipeline.RatisPipelineUtils (RatisPipelineUtils.java:destroyPipeline(66)) - Pipeline destroy failed for pipeline=PipelineID=0700555e-d407-47f7-9b9f-0077ce01de48 dn=300524ac-6f40-4001-8852-e3bc017e7a2d{ip: 192.168.34.52, host: trunk-nightly-20190912-4gc2t-2068889165, networkLocation: /default-rack, certSerialId: null}
2019-09-12 06:03:52,714 [RatisPipelineUtilsThread] ERROR pipeline.SCMPipelineManager (Scheduler.java:lambda$schedule$1(70)) - Destroy pipeline failed for pipeline:Pipeline[ Id: 0700555e-d407-47f7-9b9f-0077ce01de48, Nodes: 63029d58-985e-44b6-b8f1-28f19ea5ad76{ip: 192.168.34.52, host: trunk-nightly-20190912-4gc2t-2068889165, networkLocation: /default-rack, certSerialId: null}e419d203-ae84-45b4-a349-326cccf7322d{ip: 192.168.34.52, host: trunk-nightly-20190912-4gc2t-2068889165, networkLocation: /default-rack, certSerialId: null}300524ac-6f40-4001-8852-e3bc017e7a2d{ip: 192.168.34.52, host: trunk-nightly-20190912-4gc2t-2068889165, networkLocation: /default-rack, certSerialId: null}, Type:RATIS, Factor:THREE, State:CLOSED]
org.apache.hadoop.hdds.scm.pipeline.PipelineNotFoundException: PipelineID=0700555e-d407-47f7-9b9f-0077ce01de48 not found
	at org.apache.hadoop.hdds.scm.pipeline.PipelineStateMap.getPipeline(PipelineStateMap.java:132)
	at org.apache.hadoop.hdds.scm.pipeline.PipelineStateMap.removePipeline(PipelineStateMap.java:322)
	at org.apache.hadoop.hdds.scm.pipeline.PipelineStateManager.removePipeline(PipelineStateManager.java:107)
	at org.apache.hadoop.hdds.scm.pipeline.SCMPipelineManager.removePipeline(SCMPipelineManager.java:423)
	at org.apache.hadoop.hdds.scm.pipeline.SCMPipelineManager.destroyPipeline(SCMPipelineManager.java:409)
	at org.apache.hadoop.hdds.scm.pipeline.SCMPipelineManager.lambda$finalizeAndDestroyPipeline$0(SCMPipelineManager.java:318)
	at org.apache.hadoop.utils.Scheduler.lambda$schedule$1(Scheduler.java:68)
	at java.util.concurrent.Executors$RunnableAdapter.call(Executors.java:511)
	at java.util.concurrent.FutureTask.run(FutureTask.java:266)
	at java.util.concurrent.ScheduledThreadPoolExecutor$ScheduledFutureTask.access$201(ScheduledThreadPoolExecutor.java:180)
	at java.util.concurrent.ScheduledThreadPoolExecutor$ScheduledFutureTask.run(ScheduledThreadPoolExecutor.java:293)
	at java.util.concurrent.ThreadPoolExecutor.runWorker(ThreadPoolExecutor.java:1149)
	at java.util.concurrent.ThreadPoolExecutor$Worker.run(ThreadPoolExecutor.java:624)
	at java.lang.Thread.run(Thread.java:748)
2019-09-12 06:03:53,517 [java.util.concurrent.ThreadPoolExecutor$Worker@13edb407[State = -1, empty queue]] WARN  server.GrpcLogAppender (GrpcLogAppender.java:timeoutAppendRequest(200)) - 300524ac-6f40-4001-8852-e3bc017e7a2d@group-AC406AFA1D55->63029d58-985e-44b6-b8f1-28f19ea5ad76-GrpcLogAppender: appendEntries Timeout, request=300524ac-6f40-4001-8852-e3bc017e7a2d->63029d58-985e-44b6-b8f1-28f19ea5ad76#34-t1, previous=(t:1, i:12), leaderCommit=6, initializing? false, entries: <empty>
2019-09-12 06:03:53,517 [java.util.concurrent.ThreadPoolExecutor$Worker@3e4969f5[State = -1, empty queue]] WARN  server.GrpcLogAppender (GrpcLogAppender.java:timeoutAppendRequest(200)) - 300524ac-6f40-4001-8852-e3bc017e7a2d@group-AC406AFA1D55->e419d203-ae84-45b4-a349-326cccf7322d-GrpcLogAppender: appendEntries Timeout, request=300524ac-6f40-4001-8852-e3bc017e7a2d->e419d203-ae84-45b4-a349-326cccf7322d#34-t1, previous=(t:1, i:12), leaderCommit=6, initializing? false, entries: <empty>
2019-09-12 06:03:54,704 [grpc-default-executor-1] INFO  impl.RaftServerProxy (RaftServerProxy.java:remove(95)) - 63029d58-985e-44b6-b8f1-28f19ea5ad76: remove group-0077CE01DE48:null
2019-09-12 06:03:54,707 [RatisPipelineUtilsThread] WARN  pipeline.RatisPipelineUtils (RatisPipelineUtils.java:destroyPipeline(66)) - Pipeline destroy failed for pipeline=PipelineID=0700555e-d407-47f7-9b9f-0077ce01de48 dn=63029d58-985e-44b6-b8f1-28f19ea5ad76{ip: 192.168.34.52, host: trunk-nightly-20190912-4gc2t-2068889165, networkLocation: /default-rack, certSerialId: null}
2019-09-12 06:03:54,709 [grpc-default-executor-1] INFO  impl.RaftServerProxy (RaftServerProxy.java:remove(95)) - e419d203-ae84-45b4-a349-326cccf7322d: remove group-0077CE01DE48:null
2019-09-12 06:03:54,710 [RatisPipelineUtilsThread] WARN  pipeline.RatisPipelineUtils (RatisPipelineUtils.java:destroyPipeline(66)) - Pipeline destroy failed for pipeline=PipelineID=0700555e-d407-47f7-9b9f-0077ce01de48 dn=e419d203-ae84-45b4-a349-326cccf7322d{ip: 192.168.34.52, host: trunk-nightly-20190912-4gc2t-2068889165, networkLocation: /default-rack, certSerialId: null}
2019-09-12 06:03:54,712 [grpc-default-executor-1] INFO  impl.RaftServerProxy (RaftServerProxy.java:remove(95)) - 300524ac-6f40-4001-8852-e3bc017e7a2d: remove group-0077CE01DE48:null
2019-09-12 06:03:54,714 [RatisPipelineUtilsThread] WARN  pipeline.RatisPipelineUtils (RatisPipelineUtils.java:destroyPipeline(66)) - Pipeline destroy failed for pipeline=PipelineID=0700555e-d407-47f7-9b9f-0077ce01de48 dn=300524ac-6f40-4001-8852-e3bc017e7a2d{ip: 192.168.34.52, host: trunk-nightly-20190912-4gc2t-2068889165, networkLocation: /default-rack, certSerialId: null}
2019-09-12 06:03:54,714 [RatisPipelineUtilsThread] ERROR pipeline.SCMPipelineManager (Scheduler.java:lambda$schedule$1(70)) - Destroy pipeline failed for pipeline:Pipeline[ Id: 0700555e-d407-47f7-9b9f-0077ce01de48, Nodes: 63029d58-985e-44b6-b8f1-28f19ea5ad76{ip: 192.168.34.52, host: trunk-nightly-20190912-4gc2t-2068889165, networkLocation: /default-rack, certSerialId: null}e419d203-ae84-45b4-a349-326cccf7322d{ip: 192.168.34.52, host: trunk-nightly-20190912-4gc2t-2068889165, networkLocation: /default-rack, certSerialId: null}300524ac-6f40-4001-8852-e3bc017e7a2d{ip: 192.168.34.52, host: trunk-nightly-20190912-4gc2t-2068889165, networkLocation: /default-rack, certSerialId: null}, Type:RATIS, Factor:THREE, State:CLOSED]
org.apache.hadoop.hdds.scm.pipeline.PipelineNotFoundException: PipelineID=0700555e-d407-47f7-9b9f-0077ce01de48 not found
	at org.apache.hadoop.hdds.scm.pipeline.PipelineStateMap.getPipeline(PipelineStateMap.java:132)
	at org.apache.hadoop.hdds.scm.pipeline.PipelineStateMap.removePipeline(PipelineStateMap.java:322)
	at org.apache.hadoop.hdds.scm.pipeline.PipelineStateManager.removePipeline(PipelineStateManager.java:107)
	at org.apache.hadoop.hdds.scm.pipeline.SCMPipelineManager.removePipeline(SCMPipelineManager.java:423)
	at org.apache.hadoop.hdds.scm.pipeline.SCMPipelineManager.destroyPipeline(SCMPipelineManager.java:409)
	at org.apache.hadoop.hdds.scm.pipeline.SCMPipelineManager.lambda$finalizeAndDestroyPipeline$0(SCMPipelineManager.java:318)
	at org.apache.hadoop.utils.Scheduler.lambda$schedule$1(Scheduler.java:68)
	at java.util.concurrent.Executors$RunnableAdapter.call(Executors.java:511)
	at java.util.concurrent.FutureTask.run(FutureTask.java:266)
	at java.util.concurrent.ScheduledThreadPoolExecutor$ScheduledFutureTask.access$201(ScheduledThreadPoolExecutor.java:180)
	at java.util.concurrent.ScheduledThreadPoolExecutor$ScheduledFutureTask.run(ScheduledThreadPoolExecutor.java:293)
	at java.util.concurrent.ThreadPoolExecutor.runWorker(ThreadPoolExecutor.java:1149)
	at java.util.concurrent.ThreadPoolExecutor$Worker.run(ThreadPoolExecutor.java:624)
	at java.lang.Thread.run(Thread.java:748)
2019-09-12 06:03:55,508 [300524ac-6f40-4001-8852-e3bc017e7a2d@group-AC406AFA1D55-SegmentedRaftLogWorker] WARN  segmented.SegmentedRaftLogWorker (SegmentedRaftLogWorker.java:getFromFuture(90)) - Timeout 3/~
org.apache.ratis.protocol.TimeoutIOException: Timeout 10s: WriteLog:7: (t:1, i:7), STATEMACHINELOGENTRY, client-A62FE20F707D, cid=131-writeStateMachineData
	at org.apache.ratis.util.IOUtils.getFromFuture(IOUtils.java:87)
	at org.apache.ratis.server.raftlog.segmented.SegmentedRaftLogWorker$StateMachineDataPolicy.getFromFuture(SegmentedRaftLogWorker.java:87)
	at org.apache.ratis.server.raftlog.segmented.SegmentedRaftLogWorker$WriteLog.execute(SegmentedRaftLogWorker.java:477)
	at org.apache.ratis.server.raftlog.segmented.SegmentedRaftLogWorker.run(SegmentedRaftLogWorker.java:289)
	at java.lang.Thread.run(Thread.java:748)
Caused by: java.util.concurrent.TimeoutException
	at java.util.concurrent.CompletableFuture.timedGet(CompletableFuture.java:1771)
	at java.util.concurrent.CompletableFuture.get(CompletableFuture.java:1915)
	at org.apache.ratis.util.IOUtils.getFromFuture(IOUtils.java:79)
	... 4 more
2019-09-12 06:03:55,508 [e419d203-ae84-45b4-a349-326cccf7322d@group-AC406AFA1D55-SegmentedRaftLogWorker] WARN  segmented.SegmentedRaftLogWorker (SegmentedRaftLogWorker.java:getFromFuture(90)) - Timeout 3/~
org.apache.ratis.protocol.TimeoutIOException: Timeout 10s: WriteLog:7: (t:1, i:7), STATEMACHINELOGENTRY, client-A62FE20F707D, cid=131-writeStateMachineData
	at org.apache.ratis.util.IOUtils.getFromFuture(IOUtils.java:87)
	at org.apache.ratis.server.raftlog.segmented.SegmentedRaftLogWorker$StateMachineDataPolicy.getFromFuture(SegmentedRaftLogWorker.java:87)
	at org.apache.ratis.server.raftlog.segmented.SegmentedRaftLogWorker$WriteLog.execute(SegmentedRaftLogWorker.java:477)
	at org.apache.ratis.server.raftlog.segmented.SegmentedRaftLogWorker.run(SegmentedRaftLogWorker.java:289)
	at java.lang.Thread.run(Thread.java:748)
Caused by: java.util.concurrent.TimeoutException
	at java.util.concurrent.CompletableFuture.timedGet(CompletableFuture.java:1771)
	at java.util.concurrent.CompletableFuture.get(CompletableFuture.java:1915)
	at org.apache.ratis.util.IOUtils.getFromFuture(IOUtils.java:79)
	... 4 more
2019-09-12 06:03:55,509 [63029d58-985e-44b6-b8f1-28f19ea5ad76@group-AC406AFA1D55-SegmentedRaftLogWorker] WARN  segmented.SegmentedRaftLogWorker (SegmentedRaftLogWorker.java:getFromFuture(90)) - Timeout 3/~
org.apache.ratis.protocol.TimeoutIOException: Timeout 10s: WriteLog:7: (t:1, i:7), STATEMACHINELOGENTRY, client-A62FE20F707D, cid=131-writeStateMachineData
	at org.apache.ratis.util.IOUtils.getFromFuture(IOUtils.java:87)
	at org.apache.ratis.server.raftlog.segmented.SegmentedRaftLogWorker$StateMachineDataPolicy.getFromFuture(SegmentedRaftLogWorker.java:87)
	at org.apache.ratis.server.raftlog.segmented.SegmentedRaftLogWorker$WriteLog.execute(SegmentedRaftLogWorker.java:477)
	at org.apache.ratis.server.raftlog.segmented.SegmentedRaftLogWorker.run(SegmentedRaftLogWorker.java:289)
	at java.lang.Thread.run(Thread.java:748)
Caused by: java.util.concurrent.TimeoutException
	at java.util.concurrent.CompletableFuture.timedGet(CompletableFuture.java:1771)
	at java.util.concurrent.CompletableFuture.get(CompletableFuture.java:1915)
	at org.apache.ratis.util.IOUtils.getFromFuture(IOUtils.java:79)
	... 4 more
2019-09-12 06:03:55,821 [grpc-default-executor-7] INFO  client.GrpcClientProtocolClient (GrpcClientProtocolClient.java:onNext(264)) - client-A62FE20F707D->e419d203-ae84-45b4-a349-326cccf7322d: receive RaftClientReply:client-A62FE20F707D->e419d203-ae84-45b4-a349-326cccf7322d@group-AC406AFA1D55, cid=131, FAILED org.apache.ratis.protocol.NotLeaderException: Server e419d203-ae84-45b4-a349-326cccf7322d@group-AC406AFA1D55 is not the leader 300524ac-6f40-4001-8852-e3bc017e7a2d:192.168.34.52:35783, logIndex=0, commits[e419d203-ae84-45b4-a349-326cccf7322d:c6, 63029d58-985e-44b6-b8f1-28f19ea5ad76:c4, 300524ac-6f40-4001-8852-e3bc017e7a2d:c6]
2019-09-12 06:03:56,017 [java.util.concurrent.ThreadPoolExecutor$Worker@13edb407[State = -1, empty queue]] WARN  server.GrpcLogAppender (GrpcLogAppender.java:timeoutAppendRequest(200)) - 300524ac-6f40-4001-8852-e3bc017e7a2d@group-AC406AFA1D55->63029d58-985e-44b6-b8f1-28f19ea5ad76-GrpcLogAppender: appendEntries Timeout, request=300524ac-6f40-4001-8852-e3bc017e7a2d->63029d58-985e-44b6-b8f1-28f19ea5ad76#35-t1, previous=(t:1, i:12), leaderCommit=6, initializing? false, entries: <empty>
2019-09-12 06:03:56,017 [java.util.concurrent.ThreadPoolExecutor$Worker@3e4969f5[State = -1, empty queue]] WARN  server.GrpcLogAppender (GrpcLogAppender.java:timeoutAppendRequest(200)) - 300524ac-6f40-4001-8852-e3bc017e7a2d@group-AC406AFA1D55->e419d203-ae84-45b4-a349-326cccf7322d-GrpcLogAppender: appendEntries Timeout, request=300524ac-6f40-4001-8852-e3bc017e7a2d->e419d203-ae84-45b4-a349-326cccf7322d#35-t1, previous=(t:1, i:12), leaderCommit=6, initializing? false, entries: <empty>
2019-09-12 06:03:57,705 [grpc-default-executor-1] INFO  impl.RaftServerProxy (RaftServerProxy.java:remove(95)) - 63029d58-985e-44b6-b8f1-28f19ea5ad76: remove group-0077CE01DE48:null
2019-09-12 06:03:57,708 [RatisPipelineUtilsThread] WARN  pipeline.RatisPipelineUtils (RatisPipelineUtils.java:destroyPipeline(66)) - Pipeline destroy failed for pipeline=PipelineID=0700555e-d407-47f7-9b9f-0077ce01de48 dn=63029d58-985e-44b6-b8f1-28f19ea5ad76{ip: 192.168.34.52, host: trunk-nightly-20190912-4gc2t-2068889165, networkLocation: /default-rack, certSerialId: null}
2019-09-12 06:03:57,710 [grpc-default-executor-1] INFO  impl.RaftServerProxy (RaftServerProxy.java:remove(95)) - e419d203-ae84-45b4-a349-326cccf7322d: remove group-0077CE01DE48:null
2019-09-12 06:03:57,713 [RatisPipelineUtilsThread] WARN  pipeline.RatisPipelineUtils (RatisPipelineUtils.java:destroyPipeline(66)) - Pipeline destroy failed for pipeline=PipelineID=0700555e-d407-47f7-9b9f-0077ce01de48 dn=e419d203-ae84-45b4-a349-326cccf7322d{ip: 192.168.34.52, host: trunk-nightly-20190912-4gc2t-2068889165, networkLocation: /default-rack, certSerialId: null}
2019-09-12 06:03:57,715 [grpc-default-executor-1] INFO  impl.RaftServerProxy (RaftServerProxy.java:remove(95)) - 300524ac-6f40-4001-8852-e3bc017e7a2d: remove group-0077CE01DE48:null
2019-09-12 06:03:57,717 [RatisPipelineUtilsThread] WARN  pipeline.RatisPipelineUtils (RatisPipelineUtils.java:destroyPipeline(66)) - Pipeline destroy failed for pipeline=PipelineID=0700555e-d407-47f7-9b9f-0077ce01de48 dn=300524ac-6f40-4001-8852-e3bc017e7a2d{ip: 192.168.34.52, host: trunk-nightly-20190912-4gc2t-2068889165, networkLocation: /default-rack, certSerialId: null}
2019-09-12 06:03:57,717 [RatisPipelineUtilsThread] ERROR pipeline.SCMPipelineManager (Scheduler.java:lambda$schedule$1(70)) - Destroy pipeline failed for pipeline:Pipeline[ Id: 0700555e-d407-47f7-9b9f-0077ce01de48, Nodes: 63029d58-985e-44b6-b8f1-28f19ea5ad76{ip: 192.168.34.52, host: trunk-nightly-20190912-4gc2t-2068889165, networkLocation: /default-rack, certSerialId: null}e419d203-ae84-45b4-a349-326cccf7322d{ip: 192.168.34.52, host: trunk-nightly-20190912-4gc2t-2068889165, networkLocation: /default-rack, certSerialId: null}300524ac-6f40-4001-8852-e3bc017e7a2d{ip: 192.168.34.52, host: trunk-nightly-20190912-4gc2t-2068889165, networkLocation: /default-rack, certSerialId: null}, Type:RATIS, Factor:THREE, State:CLOSED]
org.apache.hadoop.hdds.scm.pipeline.PipelineNotFoundException: PipelineID=0700555e-d407-47f7-9b9f-0077ce01de48 not found
	at org.apache.hadoop.hdds.scm.pipeline.PipelineStateMap.getPipeline(PipelineStateMap.java:132)
	at org.apache.hadoop.hdds.scm.pipeline.PipelineStateMap.removePipeline(PipelineStateMap.java:322)
	at org.apache.hadoop.hdds.scm.pipeline.PipelineStateManager.removePipeline(PipelineStateManager.java:107)
	at org.apache.hadoop.hdds.scm.pipeline.SCMPipelineManager.removePipeline(SCMPipelineManager.java:423)
	at org.apache.hadoop.hdds.scm.pipeline.SCMPipelineManager.destroyPipeline(SCMPipelineManager.java:409)
	at org.apache.hadoop.hdds.scm.pipeline.SCMPipelineManager.lambda$finalizeAndDestroyPipeline$0(SCMPipelineManager.java:318)
	at org.apache.hadoop.utils.Scheduler.lambda$schedule$1(Scheduler.java:68)
	at java.util.concurrent.Executors$RunnableAdapter.call(Executors.java:511)
	at java.util.concurrent.FutureTask.run(FutureTask.java:266)
	at java.util.concurrent.ScheduledThreadPoolExecutor$ScheduledFutureTask.access$201(ScheduledThreadPoolExecutor.java:180)
	at java.util.concurrent.ScheduledThreadPoolExecutor$ScheduledFutureTask.run(ScheduledThreadPoolExecutor.java:293)
	at java.util.concurrent.ThreadPoolExecutor.runWorker(ThreadPoolExecutor.java:1149)
	at java.util.concurrent.ThreadPoolExecutor$Worker.run(ThreadPoolExecutor.java:624)
	at java.lang.Thread.run(Thread.java:748)
2019-09-12 06:03:58,517 [java.util.concurrent.ThreadPoolExecutor$Worker@13edb407[State = -1, empty queue]] WARN  server.GrpcLogAppender (GrpcLogAppender.java:timeoutAppendRequest(200)) - 300524ac-6f40-4001-8852-e3bc017e7a2d@group-AC406AFA1D55->63029d58-985e-44b6-b8f1-28f19ea5ad76-GrpcLogAppender: appendEntries Timeout, request=300524ac-6f40-4001-8852-e3bc017e7a2d->63029d58-985e-44b6-b8f1-28f19ea5ad76#36-t1, previous=(t:1, i:12), leaderCommit=6, initializing? false, entries: <empty>
2019-09-12 06:03:58,517 [java.util.concurrent.ThreadPoolExecutor$Worker@3e4969f5[State = -1, empty queue]] WARN  server.GrpcLogAppender (GrpcLogAppender.java:timeoutAppendRequest(200)) - 300524ac-6f40-4001-8852-e3bc017e7a2d@group-AC406AFA1D55->e419d203-ae84-45b4-a349-326cccf7322d-GrpcLogAppender: appendEntries Timeout, request=300524ac-6f40-4001-8852-e3bc017e7a2d->e419d203-ae84-45b4-a349-326cccf7322d#36-t1, previous=(t:1, i:12), leaderCommit=6, initializing? false, entries: <empty>
2019-09-12 06:03:59,707 [grpc-default-executor-3] INFO  impl.RaftServerProxy (RaftServerProxy.java:remove(95)) - 63029d58-985e-44b6-b8f1-28f19ea5ad76: remove group-0077CE01DE48:null
2019-09-12 06:03:59,710 [RatisPipelineUtilsThread] WARN  pipeline.RatisPipelineUtils (RatisPipelineUtils.java:destroyPipeline(66)) - Pipeline destroy failed for pipeline=PipelineID=0700555e-d407-47f7-9b9f-0077ce01de48 dn=63029d58-985e-44b6-b8f1-28f19ea5ad76{ip: 192.168.34.52, host: trunk-nightly-20190912-4gc2t-2068889165, networkLocation: /default-rack, certSerialId: null}
2019-09-12 06:03:59,713 [grpc-default-executor-3] INFO  impl.RaftServerProxy (RaftServerProxy.java:remove(95)) - e419d203-ae84-45b4-a349-326cccf7322d: remove group-0077CE01DE48:null
2019-09-12 06:03:59,715 [RatisPipelineUtilsThread] WARN  pipeline.RatisPipelineUtils (RatisPipelineUtils.java:destroyPipeline(66)) - Pipeline destroy failed for pipeline=PipelineID=0700555e-d407-47f7-9b9f-0077ce01de48 dn=e419d203-ae84-45b4-a349-326cccf7322d{ip: 192.168.34.52, host: trunk-nightly-20190912-4gc2t-2068889165, networkLocation: /default-rack, certSerialId: null}
2019-09-12 06:03:59,717 [grpc-default-executor-3] INFO  impl.RaftServerProxy (RaftServerProxy.java:remove(95)) - 300524ac-6f40-4001-8852-e3bc017e7a2d: remove group-0077CE01DE48:null
2019-09-12 06:03:59,719 [RatisPipelineUtilsThread] WARN  pipeline.RatisPipelineUtils (RatisPipelineUtils.java:destroyPipeline(66)) - Pipeline destroy failed for pipeline=PipelineID=0700555e-d407-47f7-9b9f-0077ce01de48 dn=300524ac-6f40-4001-8852-e3bc017e7a2d{ip: 192.168.34.52, host: trunk-nightly-20190912-4gc2t-2068889165, networkLocation: /default-rack, certSerialId: null}
2019-09-12 06:03:59,720 [RatisPipelineUtilsThread] ERROR pipeline.SCMPipelineManager (Scheduler.java:lambda$schedule$1(70)) - Destroy pipeline failed for pipeline:Pipeline[ Id: 0700555e-d407-47f7-9b9f-0077ce01de48, Nodes: 63029d58-985e-44b6-b8f1-28f19ea5ad76{ip: 192.168.34.52, host: trunk-nightly-20190912-4gc2t-2068889165, networkLocation: /default-rack, certSerialId: null}e419d203-ae84-45b4-a349-326cccf7322d{ip: 192.168.34.52, host: trunk-nightly-20190912-4gc2t-2068889165, networkLocation: /default-rack, certSerialId: null}300524ac-6f40-4001-8852-e3bc017e7a2d{ip: 192.168.34.52, host: trunk-nightly-20190912-4gc2t-2068889165, networkLocation: /default-rack, certSerialId: null}, Type:RATIS, Factor:THREE, State:CLOSED]
org.apache.hadoop.hdds.scm.pipeline.PipelineNotFoundException: PipelineID=0700555e-d407-47f7-9b9f-0077ce01de48 not found
	at org.apache.hadoop.hdds.scm.pipeline.PipelineStateMap.getPipeline(PipelineStateMap.java:132)
	at org.apache.hadoop.hdds.scm.pipeline.PipelineStateMap.removePipeline(PipelineStateMap.java:322)
	at org.apache.hadoop.hdds.scm.pipeline.PipelineStateManager.removePipeline(PipelineStateManager.java:107)
	at org.apache.hadoop.hdds.scm.pipeline.SCMPipelineManager.removePipeline(SCMPipelineManager.java:423)
	at org.apache.hadoop.hdds.scm.pipeline.SCMPipelineManager.destroyPipeline(SCMPipelineManager.java:409)
	at org.apache.hadoop.hdds.scm.pipeline.SCMPipelineManager.lambda$finalizeAndDestroyPipeline$0(SCMPipelineManager.java:318)
	at org.apache.hadoop.utils.Scheduler.lambda$schedule$1(Scheduler.java:68)
	at java.util.concurrent.Executors$RunnableAdapter.call(Executors.java:511)
	at java.util.concurrent.FutureTask.run(FutureTask.java:266)
	at java.util.concurrent.ScheduledThreadPoolExecutor$ScheduledFutureTask.access$201(ScheduledThreadPoolExecutor.java:180)
	at java.util.concurrent.ScheduledThreadPoolExecutor$ScheduledFutureTask.run(ScheduledThreadPoolExecutor.java:293)
	at java.util.concurrent.ThreadPoolExecutor.runWorker(ThreadPoolExecutor.java:1149)
	at java.util.concurrent.ThreadPoolExecutor$Worker.run(ThreadPoolExecutor.java:624)
	at java.lang.Thread.run(Thread.java:748)
2019-09-12 06:04:00,846 [grpc-default-executor-1] INFO  client.GrpcClientProtocolClient (GrpcClientProtocolClient.java:onNext(264)) - client-A62FE20F707D->e419d203-ae84-45b4-a349-326cccf7322d: receive RaftClientReply:client-A62FE20F707D->e419d203-ae84-45b4-a349-326cccf7322d@group-AC406AFA1D55, cid=131, FAILED org.apache.ratis.protocol.NotLeaderException: Server e419d203-ae84-45b4-a349-326cccf7322d@group-AC406AFA1D55 is not the leader 300524ac-6f40-4001-8852-e3bc017e7a2d:192.168.34.52:35783, logIndex=0, commits[e419d203-ae84-45b4-a349-326cccf7322d:c6, 63029d58-985e-44b6-b8f1-28f19ea5ad76:c4, 300524ac-6f40-4001-8852-e3bc017e7a2d:c6]
2019-09-12 06:04:01,018 [java.util.concurrent.ThreadPoolExecutor$Worker@3e4969f5[State = -1, empty queue]] WARN  server.GrpcLogAppender (GrpcLogAppender.java:timeoutAppendRequest(200)) - 300524ac-6f40-4001-8852-e3bc017e7a2d@group-AC406AFA1D55->e419d203-ae84-45b4-a349-326cccf7322d-GrpcLogAppender: appendEntries Timeout, request=300524ac-6f40-4001-8852-e3bc017e7a2d->e419d203-ae84-45b4-a349-326cccf7322d#37-t1, previous=(t:1, i:12), leaderCommit=6, initializing? false, entries: <empty>
2019-09-12 06:04:01,018 [java.util.concurrent.ThreadPoolExecutor$Worker@13edb407[State = -1, empty queue]] WARN  server.GrpcLogAppender (GrpcLogAppender.java:timeoutAppendRequest(200)) - 300524ac-6f40-4001-8852-e3bc017e7a2d@group-AC406AFA1D55->63029d58-985e-44b6-b8f1-28f19ea5ad76-GrpcLogAppender: appendEntries Timeout, request=300524ac-6f40-4001-8852-e3bc017e7a2d->63029d58-985e-44b6-b8f1-28f19ea5ad76#37-t1, previous=(t:1, i:12), leaderCommit=6, initializing? false, entries: <empty>
2019-09-12 06:04:02,708 [grpc-default-executor-1] INFO  impl.RaftServerProxy (RaftServerProxy.java:remove(95)) - 63029d58-985e-44b6-b8f1-28f19ea5ad76: remove group-0077CE01DE48:null
2019-09-12 06:04:02,712 [RatisPipelineUtilsThread] WARN  pipeline.RatisPipelineUtils (RatisPipelineUtils.java:destroyPipeline(66)) - Pipeline destroy failed for pipeline=PipelineID=0700555e-d407-47f7-9b9f-0077ce01de48 dn=63029d58-985e-44b6-b8f1-28f19ea5ad76{ip: 192.168.34.52, host: trunk-nightly-20190912-4gc2t-2068889165, networkLocation: /default-rack, certSerialId: null}
2019-09-12 06:04:02,714 [grpc-default-executor-1] INFO  impl.RaftServerProxy (RaftServerProxy.java:remove(95)) - e419d203-ae84-45b4-a349-326cccf7322d: remove group-0077CE01DE48:null
2019-09-12 06:04:02,716 [RatisPipelineUtilsThread] WARN  pipeline.RatisPipelineUtils (RatisPipelineUtils.java:destroyPipeline(66)) - Pipeline destroy failed for pipeline=PipelineID=0700555e-d407-47f7-9b9f-0077ce01de48 dn=e419d203-ae84-45b4-a349-326cccf7322d{ip: 192.168.34.52, host: trunk-nightly-20190912-4gc2t-2068889165, networkLocation: /default-rack, certSerialId: null}
2019-09-12 06:04:02,719 [grpc-default-executor-1] INFO  impl.RaftServerProxy (RaftServerProxy.java:remove(95)) - 300524ac-6f40-4001-8852-e3bc017e7a2d: remove group-0077CE01DE48:null
2019-09-12 06:04:02,721 [RatisPipelineUtilsThread] WARN  pipeline.RatisPipelineUtils (RatisPipelineUtils.java:destroyPipeline(66)) - Pipeline destroy failed for pipeline=PipelineID=0700555e-d407-47f7-9b9f-0077ce01de48 dn=300524ac-6f40-4001-8852-e3bc017e7a2d{ip: 192.168.34.52, host: trunk-nightly-20190912-4gc2t-2068889165, networkLocation: /default-rack, certSerialId: null}
2019-09-12 06:04:02,721 [RatisPipelineUtilsThread] ERROR pipeline.SCMPipelineManager (Scheduler.java:lambda$schedule$1(70)) - Destroy pipeline failed for pipeline:Pipeline[ Id: 0700555e-d407-47f7-9b9f-0077ce01de48, Nodes: 63029d58-985e-44b6-b8f1-28f19ea5ad76{ip: 192.168.34.52, host: trunk-nightly-20190912-4gc2t-2068889165, networkLocation: /default-rack, certSerialId: null}e419d203-ae84-45b4-a349-326cccf7322d{ip: 192.168.34.52, host: trunk-nightly-20190912-4gc2t-2068889165, networkLocation: /default-rack, certSerialId: null}300524ac-6f40-4001-8852-e3bc017e7a2d{ip: 192.168.34.52, host: trunk-nightly-20190912-4gc2t-2068889165, networkLocation: /default-rack, certSerialId: null}, Type:RATIS, Factor:THREE, State:CLOSED]
org.apache.hadoop.hdds.scm.pipeline.PipelineNotFoundException: PipelineID=0700555e-d407-47f7-9b9f-0077ce01de48 not found
	at org.apache.hadoop.hdds.scm.pipeline.PipelineStateMap.getPipeline(PipelineStateMap.java:132)
	at org.apache.hadoop.hdds.scm.pipeline.PipelineStateMap.removePipeline(PipelineStateMap.java:322)
	at org.apache.hadoop.hdds.scm.pipeline.PipelineStateManager.removePipeline(PipelineStateManager.java:107)
	at org.apache.hadoop.hdds.scm.pipeline.SCMPipelineManager.removePipeline(SCMPipelineManager.java:423)
	at org.apache.hadoop.hdds.scm.pipeline.SCMPipelineManager.destroyPipeline(SCMPipelineManager.java:409)
	at org.apache.hadoop.hdds.scm.pipeline.SCMPipelineManager.lambda$finalizeAndDestroyPipeline$0(SCMPipelineManager.java:318)
	at org.apache.hadoop.utils.Scheduler.lambda$schedule$1(Scheduler.java:68)
	at java.util.concurrent.Executors$RunnableAdapter.call(Executors.java:511)
	at java.util.concurrent.FutureTask.run(FutureTask.java:266)
	at java.util.concurrent.ScheduledThreadPoolExecutor$ScheduledFutureTask.access$201(ScheduledThreadPoolExecutor.java:180)
	at java.util.concurrent.ScheduledThreadPoolExecutor$ScheduledFutureTask.run(ScheduledThreadPoolExecutor.java:293)
	at java.util.concurrent.ThreadPoolExecutor.runWorker(ThreadPoolExecutor.java:1149)
	at java.util.concurrent.ThreadPoolExecutor$Worker.run(ThreadPoolExecutor.java:624)
	at java.lang.Thread.run(Thread.java:748)
2019-09-12 06:04:03,518 [java.util.concurrent.ThreadPoolExecutor$Worker@13edb407[State = -1, empty queue]] WARN  server.GrpcLogAppender (GrpcLogAppender.java:timeoutAppendRequest(200)) - 300524ac-6f40-4001-8852-e3bc017e7a2d@group-AC406AFA1D55->63029d58-985e-44b6-b8f1-28f19ea5ad76-GrpcLogAppender: appendEntries Timeout, request=300524ac-6f40-4001-8852-e3bc017e7a2d->63029d58-985e-44b6-b8f1-28f19ea5ad76#38-t1, previous=(t:1, i:12), leaderCommit=6, initializing? false, entries: <empty>
2019-09-12 06:04:03,518 [java.util.concurrent.ThreadPoolExecutor$Worker@3e4969f5[State = -1, empty queue]] WARN  server.GrpcLogAppender (GrpcLogAppender.java:timeoutAppendRequest(200)) - 300524ac-6f40-4001-8852-e3bc017e7a2d@group-AC406AFA1D55->e419d203-ae84-45b4-a349-326cccf7322d-GrpcLogAppender: appendEntries Timeout, request=300524ac-6f40-4001-8852-e3bc017e7a2d->e419d203-ae84-45b4-a349-326cccf7322d#38-t1, previous=(t:1, i:12), leaderCommit=6, initializing? false, entries: <empty>
2019-09-12 06:04:04,706 [grpc-default-executor-1] INFO  impl.RaftServerProxy (RaftServerProxy.java:remove(95)) - 63029d58-985e-44b6-b8f1-28f19ea5ad76: remove group-0077CE01DE48:null
2019-09-12 06:04:04,708 [RatisPipelineUtilsThread] WARN  pipeline.RatisPipelineUtils (RatisPipelineUtils.java:destroyPipeline(66)) - Pipeline destroy failed for pipeline=PipelineID=0700555e-d407-47f7-9b9f-0077ce01de48 dn=63029d58-985e-44b6-b8f1-28f19ea5ad76{ip: 192.168.34.52, host: trunk-nightly-20190912-4gc2t-2068889165, networkLocation: /default-rack, certSerialId: null}
2019-09-12 06:04:04,711 [grpc-default-executor-1] INFO  impl.RaftServerProxy (RaftServerProxy.java:remove(95)) - e419d203-ae84-45b4-a349-326cccf7322d: remove group-0077CE01DE48:null
2019-09-12 06:04:04,712 [RatisPipelineUtilsThread] WARN  pipeline.RatisPipelineUtils (RatisPipelineUtils.java:destroyPipeline(66)) - Pipeline destroy failed for pipeline=PipelineID=0700555e-d407-47f7-9b9f-0077ce01de48 dn=e419d203-ae84-45b4-a349-326cccf7322d{ip: 192.168.34.52, host: trunk-nightly-20190912-4gc2t-2068889165, networkLocation: /default-rack, certSerialId: null}
2019-09-12 06:04:04,714 [grpc-default-executor-1] INFO  impl.RaftServerProxy (RaftServerProxy.java:remove(95)) - 300524ac-6f40-4001-8852-e3bc017e7a2d: remove group-0077CE01DE48:null
2019-09-12 06:04:04,716 [RatisPipelineUtilsThread] WARN  pipeline.RatisPipelineUtils (RatisPipelineUtils.java:destroyPipeline(66)) - Pipeline destroy failed for pipeline=PipelineID=0700555e-d407-47f7-9b9f-0077ce01de48 dn=300524ac-6f40-4001-8852-e3bc017e7a2d{ip: 192.168.34.52, host: trunk-nightly-20190912-4gc2t-2068889165, networkLocation: /default-rack, certSerialId: null}
2019-09-12 06:04:04,716 [RatisPipelineUtilsThread] ERROR pipeline.SCMPipelineManager (Scheduler.java:lambda$schedule$1(70)) - Destroy pipeline failed for pipeline:Pipeline[ Id: 0700555e-d407-47f7-9b9f-0077ce01de48, Nodes: 63029d58-985e-44b6-b8f1-28f19ea5ad76{ip: 192.168.34.52, host: trunk-nightly-20190912-4gc2t-2068889165, networkLocation: /default-rack, certSerialId: null}e419d203-ae84-45b4-a349-326cccf7322d{ip: 192.168.34.52, host: trunk-nightly-20190912-4gc2t-2068889165, networkLocation: /default-rack, certSerialId: null}300524ac-6f40-4001-8852-e3bc017e7a2d{ip: 192.168.34.52, host: trunk-nightly-20190912-4gc2t-2068889165, networkLocation: /default-rack, certSerialId: null}, Type:RATIS, Factor:THREE, State:CLOSED]
org.apache.hadoop.hdds.scm.pipeline.PipelineNotFoundException: PipelineID=0700555e-d407-47f7-9b9f-0077ce01de48 not found
	at org.apache.hadoop.hdds.scm.pipeline.PipelineStateMap.getPipeline(PipelineStateMap.java:132)
	at org.apache.hadoop.hdds.scm.pipeline.PipelineStateMap.removePipeline(PipelineStateMap.java:322)
	at org.apache.hadoop.hdds.scm.pipeline.PipelineStateManager.removePipeline(PipelineStateManager.java:107)
	at org.apache.hadoop.hdds.scm.pipeline.SCMPipelineManager.removePipeline(SCMPipelineManager.java:423)
	at org.apache.hadoop.hdds.scm.pipeline.SCMPipelineManager.destroyPipeline(SCMPipelineManager.java:409)
	at org.apache.hadoop.hdds.scm.pipeline.SCMPipelineManager.lambda$finalizeAndDestroyPipeline$0(SCMPipelineManager.java:318)
	at org.apache.hadoop.utils.Scheduler.lambda$schedule$1(Scheduler.java:68)
	at java.util.concurrent.Executors$RunnableAdapter.call(Executors.java:511)
	at java.util.concurrent.FutureTask.run(FutureTask.java:266)
	at java.util.concurrent.ScheduledThreadPoolExecutor$ScheduledFutureTask.access$201(ScheduledThreadPoolExecutor.java:180)
	at java.util.concurrent.ScheduledThreadPoolExecutor$ScheduledFutureTask.run(ScheduledThreadPoolExecutor.java:293)
	at java.util.concurrent.ThreadPoolExecutor.runWorker(ThreadPoolExecutor.java:1149)
	at java.util.concurrent.ThreadPoolExecutor$Worker.run(ThreadPoolExecutor.java:624)
	at java.lang.Thread.run(Thread.java:748)
2019-09-12 06:04:05,509 [300524ac-6f40-4001-8852-e3bc017e7a2d@group-AC406AFA1D55-SegmentedRaftLogWorker] WARN  segmented.SegmentedRaftLogWorker (SegmentedRaftLogWorker.java:getFromFuture(90)) - Timeout 4/~
org.apache.ratis.protocol.TimeoutIOException: Timeout 10s: WriteLog:7: (t:1, i:7), STATEMACHINELOGENTRY, client-A62FE20F707D, cid=131-writeStateMachineData
	at org.apache.ratis.util.IOUtils.getFromFuture(IOUtils.java:87)
	at org.apache.ratis.server.raftlog.segmented.SegmentedRaftLogWorker$StateMachineDataPolicy.getFromFuture(SegmentedRaftLogWorker.java:87)
	at org.apache.ratis.server.raftlog.segmented.SegmentedRaftLogWorker$WriteLog.execute(SegmentedRaftLogWorker.java:477)
	at org.apache.ratis.server.raftlog.segmented.SegmentedRaftLogWorker.run(SegmentedRaftLogWorker.java:289)
	at java.lang.Thread.run(Thread.java:748)
Caused by: java.util.concurrent.TimeoutException
	at java.util.concurrent.CompletableFuture.timedGet(CompletableFuture.java:1771)
	at java.util.concurrent.CompletableFuture.get(CompletableFuture.java:1915)
	at org.apache.ratis.util.IOUtils.getFromFuture(IOUtils.java:79)
	... 4 more
2019-09-12 06:04:05,510 [63029d58-985e-44b6-b8f1-28f19ea5ad76@group-AC406AFA1D55-SegmentedRaftLogWorker] WARN  segmented.SegmentedRaftLogWorker (SegmentedRaftLogWorker.java:getFromFuture(90)) - Timeout 4/~
org.apache.ratis.protocol.TimeoutIOException: Timeout 10s: WriteLog:7: (t:1, i:7), STATEMACHINELOGENTRY, client-A62FE20F707D, cid=131-writeStateMachineData
	at org.apache.ratis.util.IOUtils.getFromFuture(IOUtils.java:87)
	at org.apache.ratis.server.raftlog.segmented.SegmentedRaftLogWorker$StateMachineDataPolicy.getFromFuture(SegmentedRaftLogWorker.java:87)
	at org.apache.ratis.server.raftlog.segmented.SegmentedRaftLogWorker$WriteLog.execute(SegmentedRaftLogWorker.java:477)
	at org.apache.ratis.server.raftlog.segmented.SegmentedRaftLogWorker.run(SegmentedRaftLogWorker.java:289)
	at java.lang.Thread.run(Thread.java:748)
Caused by: java.util.concurrent.TimeoutException
	at java.util.concurrent.CompletableFuture.timedGet(CompletableFuture.java:1771)
	at java.util.concurrent.CompletableFuture.get(CompletableFuture.java:1915)
	at org.apache.ratis.util.IOUtils.getFromFuture(IOUtils.java:79)
	... 4 more
2019-09-12 06:04:05,509 [e419d203-ae84-45b4-a349-326cccf7322d@group-AC406AFA1D55-SegmentedRaftLogWorker] WARN  segmented.SegmentedRaftLogWorker (SegmentedRaftLogWorker.java:getFromFuture(90)) - Timeout 4/~
org.apache.ratis.protocol.TimeoutIOException: Timeout 10s: WriteLog:7: (t:1, i:7), STATEMACHINELOGENTRY, client-A62FE20F707D, cid=131-writeStateMachineData
	at org.apache.ratis.util.IOUtils.getFromFuture(IOUtils.java:87)
	at org.apache.ratis.server.raftlog.segmented.SegmentedRaftLogWorker$StateMachineDataPolicy.getFromFuture(SegmentedRaftLogWorker.java:87)
	at org.apache.ratis.server.raftlog.segmented.SegmentedRaftLogWorker$WriteLog.execute(SegmentedRaftLogWorker.java:477)
	at org.apache.ratis.server.raftlog.segmented.SegmentedRaftLogWorker.run(SegmentedRaftLogWorker.java:289)
	at java.lang.Thread.run(Thread.java:748)
Caused by: java.util.concurrent.TimeoutException
	at java.util.concurrent.CompletableFuture.timedGet(CompletableFuture.java:1771)
	at java.util.concurrent.CompletableFuture.get(CompletableFuture.java:1915)
	at org.apache.ratis.util.IOUtils.getFromFuture(IOUtils.java:79)
	... 4 more
2019-09-12 06:04:05,880 [grpc-default-executor-7] INFO  client.GrpcClientProtocolClient (GrpcClientProtocolClient.java:onNext(264)) - client-A62FE20F707D->63029d58-985e-44b6-b8f1-28f19ea5ad76: receive RaftClientReply:client-A62FE20F707D->63029d58-985e-44b6-b8f1-28f19ea5ad76@group-AC406AFA1D55, cid=131, FAILED org.apache.ratis.protocol.NotLeaderException: Server 63029d58-985e-44b6-b8f1-28f19ea5ad76@group-AC406AFA1D55 is not the leader 300524ac-6f40-4001-8852-e3bc017e7a2d:192.168.34.52:35783, logIndex=0, commits[63029d58-985e-44b6-b8f1-28f19ea5ad76:c6, 300524ac-6f40-4001-8852-e3bc017e7a2d:c6, e419d203-ae84-45b4-a349-326cccf7322d:c4]
2019-09-12 06:04:06,018 [java.util.concurrent.ThreadPoolExecutor$Worker@3e4969f5[State = -1, empty queue]] WARN  server.GrpcLogAppender (GrpcLogAppender.java:timeoutAppendRequest(200)) - 300524ac-6f40-4001-8852-e3bc017e7a2d@group-AC406AFA1D55->e419d203-ae84-45b4-a349-326cccf7322d-GrpcLogAppender: appendEntries Timeout, request=300524ac-6f40-4001-8852-e3bc017e7a2d->e419d203-ae84-45b4-a349-326cccf7322d#39-t1, previous=(t:1, i:12), leaderCommit=6, initializing? false, entries: <empty>
2019-09-12 06:04:06,018 [java.util.concurrent.ThreadPoolExecutor$Worker@13edb407[State = -1, empty queue]] WARN  server.GrpcLogAppender (GrpcLogAppender.java:timeoutAppendRequest(200)) - 300524ac-6f40-4001-8852-e3bc017e7a2d@group-AC406AFA1D55->63029d58-985e-44b6-b8f1-28f19ea5ad76-GrpcLogAppender: appendEntries Timeout, request=300524ac-6f40-4001-8852-e3bc017e7a2d->63029d58-985e-44b6-b8f1-28f19ea5ad76#39-t1, previous=(t:1, i:12), leaderCommit=6, initializing? false, entries: <empty>
2019-09-12 06:04:07,707 [grpc-default-executor-1] INFO  impl.RaftServerProxy (RaftServerProxy.java:remove(95)) - 63029d58-985e-44b6-b8f1-28f19ea5ad76: remove group-0077CE01DE48:null
2019-09-12 06:04:07,710 [RatisPipelineUtilsThread] WARN  pipeline.RatisPipelineUtils (RatisPipelineUtils.java:destroyPipeline(66)) - Pipeline destroy failed for pipeline=PipelineID=0700555e-d407-47f7-9b9f-0077ce01de48 dn=63029d58-985e-44b6-b8f1-28f19ea5ad76{ip: 192.168.34.52, host: trunk-nightly-20190912-4gc2t-2068889165, networkLocation: /default-rack, certSerialId: null}
2019-09-12 06:04:07,713 [grpc-default-executor-1] INFO  impl.RaftServerProxy (RaftServerProxy.java:remove(95)) - e419d203-ae84-45b4-a349-326cccf7322d: remove group-0077CE01DE48:null
2019-09-12 06:04:07,715 [RatisPipelineUtilsThread] WARN  pipeline.RatisPipelineUtils (RatisPipelineUtils.java:destroyPipeline(66)) - Pipeline destroy failed for pipeline=PipelineID=0700555e-d407-47f7-9b9f-0077ce01de48 dn=e419d203-ae84-45b4-a349-326cccf7322d{ip: 192.168.34.52, host: trunk-nightly-20190912-4gc2t-2068889165, networkLocation: /default-rack, certSerialId: null}
2019-09-12 06:04:07,718 [grpc-default-executor-1] INFO  impl.RaftServerProxy (RaftServerProxy.java:remove(95)) - 300524ac-6f40-4001-8852-e3bc017e7a2d: remove group-0077CE01DE48:null
2019-09-12 06:04:07,720 [RatisPipelineUtilsThread] WARN  pipeline.RatisPipelineUtils (RatisPipelineUtils.java:destroyPipeline(66)) - Pipeline destroy failed for pipeline=PipelineID=0700555e-d407-47f7-9b9f-0077ce01de48 dn=300524ac-6f40-4001-8852-e3bc017e7a2d{ip: 192.168.34.52, host: trunk-nightly-20190912-4gc2t-2068889165, networkLocation: /default-rack, certSerialId: null}
2019-09-12 06:04:07,721 [RatisPipelineUtilsThread] ERROR pipeline.SCMPipelineManager (Scheduler.java:lambda$schedule$1(70)) - Destroy pipeline failed for pipeline:Pipeline[ Id: 0700555e-d407-47f7-9b9f-0077ce01de48, Nodes: 63029d58-985e-44b6-b8f1-28f19ea5ad76{ip: 192.168.34.52, host: trunk-nightly-20190912-4gc2t-2068889165, networkLocation: /default-rack, certSerialId: null}e419d203-ae84-45b4-a349-326cccf7322d{ip: 192.168.34.52, host: trunk-nightly-20190912-4gc2t-2068889165, networkLocation: /default-rack, certSerialId: null}300524ac-6f40-4001-8852-e3bc017e7a2d{ip: 192.168.34.52, host: trunk-nightly-20190912-4gc2t-2068889165, networkLocation: /default-rack, certSerialId: null}, Type:RATIS, Factor:THREE, State:CLOSED]
org.apache.hadoop.hdds.scm.pipeline.PipelineNotFoundException: PipelineID=0700555e-d407-47f7-9b9f-0077ce01de48 not found
	at org.apache.hadoop.hdds.scm.pipeline.PipelineStateMap.getPipeline(PipelineStateMap.java:132)
	at org.apache.hadoop.hdds.scm.pipeline.PipelineStateMap.removePipeline(PipelineStateMap.java:322)
	at org.apache.hadoop.hdds.scm.pipeline.PipelineStateManager.removePipeline(PipelineStateManager.java:107)
	at org.apache.hadoop.hdds.scm.pipeline.SCMPipelineManager.removePipeline(SCMPipelineManager.java:423)
	at org.apache.hadoop.hdds.scm.pipeline.SCMPipelineManager.destroyPipeline(SCMPipelineManager.java:409)
	at org.apache.hadoop.hdds.scm.pipeline.SCMPipelineManager.lambda$finalizeAndDestroyPipeline$0(SCMPipelineManager.java:318)
	at org.apache.hadoop.utils.Scheduler.lambda$schedule$1(Scheduler.java:68)
	at java.util.concurrent.Executors$RunnableAdapter.call(Executors.java:511)
	at java.util.concurrent.FutureTask.run(FutureTask.java:266)
	at java.util.concurrent.ScheduledThreadPoolExecutor$ScheduledFutureTask.access$201(ScheduledThreadPoolExecutor.java:180)
	at java.util.concurrent.ScheduledThreadPoolExecutor$ScheduledFutureTask.run(ScheduledThreadPoolExecutor.java:293)
	at java.util.concurrent.ThreadPoolExecutor.runWorker(ThreadPoolExecutor.java:1149)
	at java.util.concurrent.ThreadPoolExecutor$Worker.run(ThreadPoolExecutor.java:624)
	at java.lang.Thread.run(Thread.java:748)
2019-09-12 06:04:08,519 [java.util.concurrent.ThreadPoolExecutor$Worker@13edb407[State = -1, empty queue]] WARN  server.GrpcLogAppender (GrpcLogAppender.java:timeoutAppendRequest(200)) - 300524ac-6f40-4001-8852-e3bc017e7a2d@group-AC406AFA1D55->63029d58-985e-44b6-b8f1-28f19ea5ad76-GrpcLogAppender: appendEntries Timeout, request=300524ac-6f40-4001-8852-e3bc017e7a2d->63029d58-985e-44b6-b8f1-28f19ea5ad76#40-t1, previous=(t:1, i:12), leaderCommit=6, initializing? false, entries: <empty>
2019-09-12 06:04:08,519 [java.util.concurrent.ThreadPoolExecutor$Worker@3e4969f5[State = -1, empty queue]] WARN  server.GrpcLogAppender (GrpcLogAppender.java:timeoutAppendRequest(200)) - 300524ac-6f40-4001-8852-e3bc017e7a2d@group-AC406AFA1D55->e419d203-ae84-45b4-a349-326cccf7322d-GrpcLogAppender: appendEntries Timeout, request=300524ac-6f40-4001-8852-e3bc017e7a2d->e419d203-ae84-45b4-a349-326cccf7322d#40-t1, previous=(t:1, i:12), leaderCommit=6, initializing? false, entries: <empty>
2019-09-12 06:04:09,706 [grpc-default-executor-3] INFO  impl.RaftServerProxy (RaftServerProxy.java:remove(95)) - 63029d58-985e-44b6-b8f1-28f19ea5ad76: remove group-0077CE01DE48:null
2019-09-12 06:04:09,708 [RatisPipelineUtilsThread] WARN  pipeline.RatisPipelineUtils (RatisPipelineUtils.java:destroyPipeline(66)) - Pipeline destroy failed for pipeline=PipelineID=0700555e-d407-47f7-9b9f-0077ce01de48 dn=63029d58-985e-44b6-b8f1-28f19ea5ad76{ip: 192.168.34.52, host: trunk-nightly-20190912-4gc2t-2068889165, networkLocation: /default-rack, certSerialId: null}
2019-09-12 06:04:09,710 [grpc-default-executor-3] INFO  impl.RaftServerProxy (RaftServerProxy.java:remove(95)) - e419d203-ae84-45b4-a349-326cccf7322d: remove group-0077CE01DE48:null
2019-09-12 06:04:09,712 [RatisPipelineUtilsThread] WARN  pipeline.RatisPipelineUtils (RatisPipelineUtils.java:destroyPipeline(66)) - Pipeline destroy failed for pipeline=PipelineID=0700555e-d407-47f7-9b9f-0077ce01de48 dn=e419d203-ae84-45b4-a349-326cccf7322d{ip: 192.168.34.52, host: trunk-nightly-20190912-4gc2t-2068889165, networkLocation: /default-rack, certSerialId: null}
2019-09-12 06:04:09,715 [grpc-default-executor-3] INFO  impl.RaftServerProxy (RaftServerProxy.java:remove(95)) - 300524ac-6f40-4001-8852-e3bc017e7a2d: remove group-0077CE01DE48:null
2019-09-12 06:04:09,716 [RatisPipelineUtilsThread] WARN  pipeline.RatisPipelineUtils (RatisPipelineUtils.java:destroyPipeline(66)) - Pipeline destroy failed for pipeline=PipelineID=0700555e-d407-47f7-9b9f-0077ce01de48 dn=300524ac-6f40-4001-8852-e3bc017e7a2d{ip: 192.168.34.52, host: trunk-nightly-20190912-4gc2t-2068889165, networkLocation: /default-rack, certSerialId: null}
2019-09-12 06:04:09,717 [RatisPipelineUtilsThread] ERROR pipeline.SCMPipelineManager (Scheduler.java:lambda$schedule$1(70)) - Destroy pipeline failed for pipeline:Pipeline[ Id: 0700555e-d407-47f7-9b9f-0077ce01de48, Nodes: 63029d58-985e-44b6-b8f1-28f19ea5ad76{ip: 192.168.34.52, host: trunk-nightly-20190912-4gc2t-2068889165, networkLocation: /default-rack, certSerialId: null}e419d203-ae84-45b4-a349-326cccf7322d{ip: 192.168.34.52, host: trunk-nightly-20190912-4gc2t-2068889165, networkLocation: /default-rack, certSerialId: null}300524ac-6f40-4001-8852-e3bc017e7a2d{ip: 192.168.34.52, host: trunk-nightly-20190912-4gc2t-2068889165, networkLocation: /default-rack, certSerialId: null}, Type:RATIS, Factor:THREE, State:CLOSED]
org.apache.hadoop.hdds.scm.pipeline.PipelineNotFoundException: PipelineID=0700555e-d407-47f7-9b9f-0077ce01de48 not found
	at org.apache.hadoop.hdds.scm.pipeline.PipelineStateMap.getPipeline(PipelineStateMap.java:132)
	at org.apache.hadoop.hdds.scm.pipeline.PipelineStateMap.removePipeline(PipelineStateMap.java:322)
	at org.apache.hadoop.hdds.scm.pipeline.PipelineStateManager.removePipeline(PipelineStateManager.java:107)
	at org.apache.hadoop.hdds.scm.pipeline.SCMPipelineManager.removePipeline(SCMPipelineManager.java:423)
	at org.apache.hadoop.hdds.scm.pipeline.SCMPipelineManager.destroyPipeline(SCMPipelineManager.java:409)
	at org.apache.hadoop.hdds.scm.pipeline.SCMPipelineManager.lambda$finalizeAndDestroyPipeline$0(SCMPipelineManager.java:318)
	at org.apache.hadoop.utils.Scheduler.lambda$schedule$1(Scheduler.java:68)
	at java.util.concurrent.Executors$RunnableAdapter.call(Executors.java:511)
	at java.util.concurrent.FutureTask.run(FutureTask.java:266)
	at java.util.concurrent.ScheduledThreadPoolExecutor$ScheduledFutureTask.access$201(ScheduledThreadPoolExecutor.java:180)
	at java.util.concurrent.ScheduledThreadPoolExecutor$ScheduledFutureTask.run(ScheduledThreadPoolExecutor.java:293)
	at java.util.concurrent.ThreadPoolExecutor.runWorker(ThreadPoolExecutor.java:1149)
	at java.util.concurrent.ThreadPoolExecutor$Worker.run(ThreadPoolExecutor.java:624)
	at java.lang.Thread.run(Thread.java:748)
2019-09-12 06:04:10,924 [grpc-default-executor-1] INFO  client.GrpcClientProtocolClient (GrpcClientProtocolClient.java:onNext(264)) - client-A62FE20F707D->63029d58-985e-44b6-b8f1-28f19ea5ad76: receive RaftClientReply:client-A62FE20F707D->63029d58-985e-44b6-b8f1-28f19ea5ad76@group-AC406AFA1D55, cid=131, FAILED org.apache.ratis.protocol.NotLeaderException: Server 63029d58-985e-44b6-b8f1-28f19ea5ad76@group-AC406AFA1D55 is not the leader 300524ac-6f40-4001-8852-e3bc017e7a2d:192.168.34.52:35783, logIndex=0, commits[63029d58-985e-44b6-b8f1-28f19ea5ad76:c6, 300524ac-6f40-4001-8852-e3bc017e7a2d:c6, e419d203-ae84-45b4-a349-326cccf7322d:c4]
2019-09-12 06:04:11,019 [java.util.concurrent.ThreadPoolExecutor$Worker@13edb407[State = -1, empty queue]] WARN  server.GrpcLogAppender (GrpcLogAppender.java:timeoutAppendRequest(200)) - 300524ac-6f40-4001-8852-e3bc017e7a2d@group-AC406AFA1D55->63029d58-985e-44b6-b8f1-28f19ea5ad76-GrpcLogAppender: appendEntries Timeout, request=300524ac-6f40-4001-8852-e3bc017e7a2d->63029d58-985e-44b6-b8f1-28f19ea5ad76#41-t1, previous=(t:1, i:12), leaderCommit=6, initializing? false, entries: <empty>
2019-09-12 06:04:11,019 [java.util.concurrent.ThreadPoolExecutor$Worker@3e4969f5[State = -1, empty queue]] WARN  server.GrpcLogAppender (GrpcLogAppender.java:timeoutAppendRequest(200)) - 300524ac-6f40-4001-8852-e3bc017e7a2d@group-AC406AFA1D55->e419d203-ae84-45b4-a349-326cccf7322d-GrpcLogAppender: appendEntries Timeout, request=300524ac-6f40-4001-8852-e3bc017e7a2d->e419d203-ae84-45b4-a349-326cccf7322d#41-t1, previous=(t:1, i:12), leaderCommit=6, initializing? false, entries: <empty>
2019-09-12 06:04:12,708 [grpc-default-executor-1] INFO  impl.RaftServerProxy (RaftServerProxy.java:remove(95)) - 63029d58-985e-44b6-b8f1-28f19ea5ad76: remove group-0077CE01DE48:null
2019-09-12 06:04:12,711 [RatisPipelineUtilsThread] WARN  pipeline.RatisPipelineUtils (RatisPipelineUtils.java:destroyPipeline(66)) - Pipeline destroy failed for pipeline=PipelineID=0700555e-d407-47f7-9b9f-0077ce01de48 dn=63029d58-985e-44b6-b8f1-28f19ea5ad76{ip: 192.168.34.52, host: trunk-nightly-20190912-4gc2t-2068889165, networkLocation: /default-rack, certSerialId: null}
2019-09-12 06:04:12,714 [grpc-default-executor-1] INFO  impl.RaftServerProxy (RaftServerProxy.java:remove(95)) - e419d203-ae84-45b4-a349-326cccf7322d: remove group-0077CE01DE48:null
2019-09-12 06:04:12,716 [RatisPipelineUtilsThread] WARN  pipeline.RatisPipelineUtils (RatisPipelineUtils.java:destroyPipeline(66)) - Pipeline destroy failed for pipeline=PipelineID=0700555e-d407-47f7-9b9f-0077ce01de48 dn=e419d203-ae84-45b4-a349-326cccf7322d{ip: 192.168.34.52, host: trunk-nightly-20190912-4gc2t-2068889165, networkLocation: /default-rack, certSerialId: null}
2019-09-12 06:04:12,719 [grpc-default-executor-1] INFO  impl.RaftServerProxy (RaftServerProxy.java:remove(95)) - 300524ac-6f40-4001-8852-e3bc017e7a2d: remove group-0077CE01DE48:null
2019-09-12 06:04:12,721 [RatisPipelineUtilsThread] WARN  pipeline.RatisPipelineUtils (RatisPipelineUtils.java:destroyPipeline(66)) - Pipeline destroy failed for pipeline=PipelineID=0700555e-d407-47f7-9b9f-0077ce01de48 dn=300524ac-6f40-4001-8852-e3bc017e7a2d{ip: 192.168.34.52, host: trunk-nightly-20190912-4gc2t-2068889165, networkLocation: /default-rack, certSerialId: null}
2019-09-12 06:04:12,722 [RatisPipelineUtilsThread] ERROR pipeline.SCMPipelineManager (Scheduler.java:lambda$schedule$1(70)) - Destroy pipeline failed for pipeline:Pipeline[ Id: 0700555e-d407-47f7-9b9f-0077ce01de48, Nodes: 63029d58-985e-44b6-b8f1-28f19ea5ad76{ip: 192.168.34.52, host: trunk-nightly-20190912-4gc2t-2068889165, networkLocation: /default-rack, certSerialId: null}e419d203-ae84-45b4-a349-326cccf7322d{ip: 192.168.34.52, host: trunk-nightly-20190912-4gc2t-2068889165, networkLocation: /default-rack, certSerialId: null}300524ac-6f40-4001-8852-e3bc017e7a2d{ip: 192.168.34.52, host: trunk-nightly-20190912-4gc2t-2068889165, networkLocation: /default-rack, certSerialId: null}, Type:RATIS, Factor:THREE, State:CLOSED]
org.apache.hadoop.hdds.scm.pipeline.PipelineNotFoundException: PipelineID=0700555e-d407-47f7-9b9f-0077ce01de48 not found
	at org.apache.hadoop.hdds.scm.pipeline.PipelineStateMap.getPipeline(PipelineStateMap.java:132)
	at org.apache.hadoop.hdds.scm.pipeline.PipelineStateMap.removePipeline(PipelineStateMap.java:322)
	at org.apache.hadoop.hdds.scm.pipeline.PipelineStateManager.removePipeline(PipelineStateManager.java:107)
	at org.apache.hadoop.hdds.scm.pipeline.SCMPipelineManager.removePipeline(SCMPipelineManager.java:423)
	at org.apache.hadoop.hdds.scm.pipeline.SCMPipelineManager.destroyPipeline(SCMPipelineManager.java:409)
	at org.apache.hadoop.hdds.scm.pipeline.SCMPipelineManager.lambda$finalizeAndDestroyPipeline$0(SCMPipelineManager.java:318)
	at org.apache.hadoop.utils.Scheduler.lambda$schedule$1(Scheduler.java:68)
	at java.util.concurrent.Executors$RunnableAdapter.call(Executors.java:511)
	at java.util.concurrent.FutureTask.run(FutureTask.java:266)
	at java.util.concurrent.ScheduledThreadPoolExecutor$ScheduledFutureTask.access$201(ScheduledThreadPoolExecutor.java:180)
	at java.util.concurrent.ScheduledThreadPoolExecutor$ScheduledFutureTask.run(ScheduledThreadPoolExecutor.java:293)
	at java.util.concurrent.ThreadPoolExecutor.runWorker(ThreadPoolExecutor.java:1149)
	at java.util.concurrent.ThreadPoolExecutor$Worker.run(ThreadPoolExecutor.java:624)
	at java.lang.Thread.run(Thread.java:748)
2019-09-12 06:04:13,519 [java.util.concurrent.ThreadPoolExecutor$Worker@13edb407[State = -1, empty queue]] WARN  server.GrpcLogAppender (GrpcLogAppender.java:timeoutAppendRequest(200)) - 300524ac-6f40-4001-8852-e3bc017e7a2d@group-AC406AFA1D55->63029d58-985e-44b6-b8f1-28f19ea5ad76-GrpcLogAppender: appendEntries Timeout, request=300524ac-6f40-4001-8852-e3bc017e7a2d->63029d58-985e-44b6-b8f1-28f19ea5ad76#42-t1, previous=(t:1, i:12), leaderCommit=6, initializing? false, entries: <empty>
2019-09-12 06:04:13,519 [java.util.concurrent.ThreadPoolExecutor$Worker@3e4969f5[State = -1, empty queue]] WARN  server.GrpcLogAppender (GrpcLogAppender.java:timeoutAppendRequest(200)) - 300524ac-6f40-4001-8852-e3bc017e7a2d@group-AC406AFA1D55->e419d203-ae84-45b4-a349-326cccf7322d-GrpcLogAppender: appendEntries Timeout, request=300524ac-6f40-4001-8852-e3bc017e7a2d->e419d203-ae84-45b4-a349-326cccf7322d#42-t1, previous=(t:1, i:12), leaderCommit=6, initializing? false, entries: <empty>
2019-09-12 06:04:14,710 [grpc-default-executor-3] INFO  impl.RaftServerProxy (RaftServerProxy.java:remove(95)) - 63029d58-985e-44b6-b8f1-28f19ea5ad76: remove group-0077CE01DE48:null
2019-09-12 06:04:14,713 [RatisPipelineUtilsThread] WARN  pipeline.RatisPipelineUtils (RatisPipelineUtils.java:destroyPipeline(66)) - Pipeline destroy failed for pipeline=PipelineID=0700555e-d407-47f7-9b9f-0077ce01de48 dn=63029d58-985e-44b6-b8f1-28f19ea5ad76{ip: 192.168.34.52, host: trunk-nightly-20190912-4gc2t-2068889165, networkLocation: /default-rack, certSerialId: null}
2019-09-12 06:04:14,716 [grpc-default-executor-3] INFO  impl.RaftServerProxy (RaftServerProxy.java:remove(95)) - e419d203-ae84-45b4-a349-326cccf7322d: remove group-0077CE01DE48:null
2019-09-12 06:04:14,718 [RatisPipelineUtilsThread] WARN  pipeline.RatisPipelineUtils (RatisPipelineUtils.java:destroyPipeline(66)) - Pipeline destroy failed for pipeline=PipelineID=0700555e-d407-47f7-9b9f-0077ce01de48 dn=e419d203-ae84-45b4-a349-326cccf7322d{ip: 192.168.34.52, host: trunk-nightly-20190912-4gc2t-2068889165, networkLocation: /default-rack, certSerialId: null}
2019-09-12 06:04:14,721 [grpc-default-executor-3] INFO  impl.RaftServerProxy (RaftServerProxy.java:remove(95)) - 300524ac-6f40-4001-8852-e3bc017e7a2d: remove group-0077CE01DE48:null
2019-09-12 06:04:14,723 [RatisPipelineUtilsThread] WARN  pipeline.RatisPipelineUtils (RatisPipelineUtils.java:destroyPipeline(66)) - Pipeline destroy failed for pipeline=PipelineID=0700555e-d407-47f7-9b9f-0077ce01de48 dn=300524ac-6f40-4001-8852-e3bc017e7a2d{ip: 192.168.34.52, host: trunk-nightly-20190912-4gc2t-2068889165, networkLocation: /default-rack, certSerialId: null}
2019-09-12 06:04:14,723 [RatisPipelineUtilsThread] ERROR pipeline.SCMPipelineManager (Scheduler.java:lambda$schedule$1(70)) - Destroy pipeline failed for pipeline:Pipeline[ Id: 0700555e-d407-47f7-9b9f-0077ce01de48, Nodes: 63029d58-985e-44b6-b8f1-28f19ea5ad76{ip: 192.168.34.52, host: trunk-nightly-20190912-4gc2t-2068889165, networkLocation: /default-rack, certSerialId: null}e419d203-ae84-45b4-a349-326cccf7322d{ip: 192.168.34.52, host: trunk-nightly-20190912-4gc2t-2068889165, networkLocation: /default-rack, certSerialId: null}300524ac-6f40-4001-8852-e3bc017e7a2d{ip: 192.168.34.52, host: trunk-nightly-20190912-4gc2t-2068889165, networkLocation: /default-rack, certSerialId: null}, Type:RATIS, Factor:THREE, State:CLOSED]
org.apache.hadoop.hdds.scm.pipeline.PipelineNotFoundException: PipelineID=0700555e-d407-47f7-9b9f-0077ce01de48 not found
	at org.apache.hadoop.hdds.scm.pipeline.PipelineStateMap.getPipeline(PipelineStateMap.java:132)
	at org.apache.hadoop.hdds.scm.pipeline.PipelineStateMap.removePipeline(PipelineStateMap.java:322)
	at org.apache.hadoop.hdds.scm.pipeline.PipelineStateManager.removePipeline(PipelineStateManager.java:107)
	at org.apache.hadoop.hdds.scm.pipeline.SCMPipelineManager.removePipeline(SCMPipelineManager.java:423)
	at org.apache.hadoop.hdds.scm.pipeline.SCMPipelineManager.destroyPipeline(SCMPipelineManager.java:409)
	at org.apache.hadoop.hdds.scm.pipeline.SCMPipelineManager.lambda$finalizeAndDestroyPipeline$0(SCMPipelineManager.java:318)
	at org.apache.hadoop.utils.Scheduler.lambda$schedule$1(Scheduler.java:68)
	at java.util.concurrent.Executors$RunnableAdapter.call(Executors.java:511)
	at java.util.concurrent.FutureTask.run(FutureTask.java:266)
	at java.util.concurrent.ScheduledThreadPoolExecutor$ScheduledFutureTask.access$201(ScheduledThreadPoolExecutor.java:180)
	at java.util.concurrent.ScheduledThreadPoolExecutor$ScheduledFutureTask.run(ScheduledThreadPoolExecutor.java:293)
	at java.util.concurrent.ThreadPoolExecutor.runWorker(ThreadPoolExecutor.java:1149)
	at java.util.concurrent.ThreadPoolExecutor$Worker.run(ThreadPoolExecutor.java:624)
	at java.lang.Thread.run(Thread.java:748)
2019-09-12 06:04:15,510 [300524ac-6f40-4001-8852-e3bc017e7a2d@group-AC406AFA1D55-SegmentedRaftLogWorker] WARN  segmented.SegmentedRaftLogWorker (SegmentedRaftLogWorker.java:getFromFuture(90)) - Timeout 5/~
org.apache.ratis.protocol.TimeoutIOException: Timeout 10s: WriteLog:7: (t:1, i:7), STATEMACHINELOGENTRY, client-A62FE20F707D, cid=131-writeStateMachineData
	at org.apache.ratis.util.IOUtils.getFromFuture(IOUtils.java:87)
	at org.apache.ratis.server.raftlog.segmented.SegmentedRaftLogWorker$StateMachineDataPolicy.getFromFuture(SegmentedRaftLogWorker.java:87)
	at org.apache.ratis.server.raftlog.segmented.SegmentedRaftLogWorker$WriteLog.execute(SegmentedRaftLogWorker.java:477)
	at org.apache.ratis.server.raftlog.segmented.SegmentedRaftLogWorker.run(SegmentedRaftLogWorker.java:289)
	at java.lang.Thread.run(Thread.java:748)
Caused by: java.util.concurrent.TimeoutException
	at java.util.concurrent.CompletableFuture.timedGet(CompletableFuture.java:1771)
	at java.util.concurrent.CompletableFuture.get(CompletableFuture.java:1915)
	at org.apache.ratis.util.IOUtils.getFromFuture(IOUtils.java:79)
	... 4 more
2019-09-12 06:04:15,511 [63029d58-985e-44b6-b8f1-28f19ea5ad76@group-AC406AFA1D55-SegmentedRaftLogWorker] WARN  segmented.SegmentedRaftLogWorker (SegmentedRaftLogWorker.java:getFromFuture(90)) - Timeout 5/~
org.apache.ratis.protocol.TimeoutIOException: Timeout 10s: WriteLog:7: (t:1, i:7), STATEMACHINELOGENTRY, client-A62FE20F707D, cid=131-writeStateMachineData
	at org.apache.ratis.util.IOUtils.getFromFuture(IOUtils.java:87)
	at org.apache.ratis.server.raftlog.segmented.SegmentedRaftLogWorker$StateMachineDataPolicy.getFromFuture(SegmentedRaftLogWorker.java:87)
	at org.apache.ratis.server.raftlog.segmented.SegmentedRaftLogWorker$WriteLog.execute(SegmentedRaftLogWorker.java:477)
	at org.apache.ratis.server.raftlog.segmented.SegmentedRaftLogWorker.run(SegmentedRaftLogWorker.java:289)
	at java.lang.Thread.run(Thread.java:748)
Caused by: java.util.concurrent.TimeoutException
	at java.util.concurrent.CompletableFuture.timedGet(CompletableFuture.java:1771)
	at java.util.concurrent.CompletableFuture.get(CompletableFuture.java:1915)
	at org.apache.ratis.util.IOUtils.getFromFuture(IOUtils.java:79)
	... 4 more
2019-09-12 06:04:15,511 [e419d203-ae84-45b4-a349-326cccf7322d@group-AC406AFA1D55-SegmentedRaftLogWorker] WARN  segmented.SegmentedRaftLogWorker (SegmentedRaftLogWorker.java:getFromFuture(90)) - Timeout 5/~
org.apache.ratis.protocol.TimeoutIOException: Timeout 10s: WriteLog:7: (t:1, i:7), STATEMACHINELOGENTRY, client-A62FE20F707D, cid=131-writeStateMachineData
	at org.apache.ratis.util.IOUtils.getFromFuture(IOUtils.java:87)
	at org.apache.ratis.server.raftlog.segmented.SegmentedRaftLogWorker$StateMachineDataPolicy.getFromFuture(SegmentedRaftLogWorker.java:87)
	at org.apache.ratis.server.raftlog.segmented.SegmentedRaftLogWorker$WriteLog.execute(SegmentedRaftLogWorker.java:477)
	at org.apache.ratis.server.raftlog.segmented.SegmentedRaftLogWorker.run(SegmentedRaftLogWorker.java:289)
	at java.lang.Thread.run(Thread.java:748)
Caused by: java.util.concurrent.TimeoutException
	at java.util.concurrent.CompletableFuture.timedGet(CompletableFuture.java:1771)
	at java.util.concurrent.CompletableFuture.get(CompletableFuture.java:1915)
	at org.apache.ratis.util.IOUtils.getFromFuture(IOUtils.java:79)
	... 4 more
2019-09-12 06:04:15,964 [grpc-default-executor-1] INFO  client.GrpcClientProtocolClient (GrpcClientProtocolClient.java:onNext(264)) - client-A62FE20F707D->63029d58-985e-44b6-b8f1-28f19ea5ad76: receive RaftClientReply:client-A62FE20F707D->63029d58-985e-44b6-b8f1-28f19ea5ad76@group-AC406AFA1D55, cid=131, FAILED org.apache.ratis.protocol.NotLeaderException: Server 63029d58-985e-44b6-b8f1-28f19ea5ad76@group-AC406AFA1D55 is not the leader 300524ac-6f40-4001-8852-e3bc017e7a2d:192.168.34.52:35783, logIndex=0, commits[63029d58-985e-44b6-b8f1-28f19ea5ad76:c6, 300524ac-6f40-4001-8852-e3bc017e7a2d:c6, e419d203-ae84-45b4-a349-326cccf7322d:c4]
2019-09-12 06:04:16,020 [java.util.concurrent.ThreadPoolExecutor$Worker@13edb407[State = -1, empty queue]] WARN  server.GrpcLogAppender (GrpcLogAppender.java:timeoutAppendRequest(200)) - 300524ac-6f40-4001-8852-e3bc017e7a2d@group-AC406AFA1D55->63029d58-985e-44b6-b8f1-28f19ea5ad76-GrpcLogAppender: appendEntries Timeout, request=300524ac-6f40-4001-8852-e3bc017e7a2d->63029d58-985e-44b6-b8f1-28f19ea5ad76#43-t1, previous=(t:1, i:12), leaderCommit=6, initializing? false, entries: <empty>
2019-09-12 06:04:16,020 [java.util.concurrent.ThreadPoolExecutor$Worker@3e4969f5[State = -1, empty queue]] WARN  server.GrpcLogAppender (GrpcLogAppender.java:timeoutAppendRequest(200)) - 300524ac-6f40-4001-8852-e3bc017e7a2d@group-AC406AFA1D55->e419d203-ae84-45b4-a349-326cccf7322d-GrpcLogAppender: appendEntries Timeout, request=300524ac-6f40-4001-8852-e3bc017e7a2d->e419d203-ae84-45b4-a349-326cccf7322d#43-t1, previous=(t:1, i:12), leaderCommit=6, initializing? false, entries: <empty>
2019-09-12 06:04:17,706 [grpc-default-executor-1] INFO  impl.RaftServerProxy (RaftServerProxy.java:remove(95)) - 63029d58-985e-44b6-b8f1-28f19ea5ad76: remove group-0077CE01DE48:null
2019-09-12 06:04:17,709 [RatisPipelineUtilsThread] WARN  pipeline.RatisPipelineUtils (RatisPipelineUtils.java:destroyPipeline(66)) - Pipeline destroy failed for pipeline=PipelineID=0700555e-d407-47f7-9b9f-0077ce01de48 dn=63029d58-985e-44b6-b8f1-28f19ea5ad76{ip: 192.168.34.52, host: trunk-nightly-20190912-4gc2t-2068889165, networkLocation: /default-rack, certSerialId: null}
2019-09-12 06:04:17,711 [grpc-default-executor-1] INFO  impl.RaftServerProxy (RaftServerProxy.java:remove(95)) - e419d203-ae84-45b4-a349-326cccf7322d: remove group-0077CE01DE48:null
2019-09-12 06:04:17,713 [RatisPipelineUtilsThread] WARN  pipeline.RatisPipelineUtils (RatisPipelineUtils.java:destroyPipeline(66)) - Pipeline destroy failed for pipeline=PipelineID=0700555e-d407-47f7-9b9f-0077ce01de48 dn=e419d203-ae84-45b4-a349-326cccf7322d{ip: 192.168.34.52, host: trunk-nightly-20190912-4gc2t-2068889165, networkLocation: /default-rack, certSerialId: null}
2019-09-12 06:04:17,716 [grpc-default-executor-1] INFO  impl.RaftServerProxy (RaftServerProxy.java:remove(95)) - 300524ac-6f40-4001-8852-e3bc017e7a2d: remove group-0077CE01DE48:null
2019-09-12 06:04:17,718 [RatisPipelineUtilsThread] WARN  pipeline.RatisPipelineUtils (RatisPipelineUtils.java:destroyPipeline(66)) - Pipeline destroy failed for pipeline=PipelineID=0700555e-d407-47f7-9b9f-0077ce01de48 dn=300524ac-6f40-4001-8852-e3bc017e7a2d{ip: 192.168.34.52, host: trunk-nightly-20190912-4gc2t-2068889165, networkLocation: /default-rack, certSerialId: null}
2019-09-12 06:04:17,719 [RatisPipelineUtilsThread] ERROR pipeline.SCMPipelineManager (Scheduler.java:lambda$schedule$1(70)) - Destroy pipeline failed for pipeline:Pipeline[ Id: 0700555e-d407-47f7-9b9f-0077ce01de48, Nodes: 63029d58-985e-44b6-b8f1-28f19ea5ad76{ip: 192.168.34.52, host: trunk-nightly-20190912-4gc2t-2068889165, networkLocation: /default-rack, certSerialId: null}e419d203-ae84-45b4-a349-326cccf7322d{ip: 192.168.34.52, host: trunk-nightly-20190912-4gc2t-2068889165, networkLocation: /default-rack, certSerialId: null}300524ac-6f40-4001-8852-e3bc017e7a2d{ip: 192.168.34.52, host: trunk-nightly-20190912-4gc2t-2068889165, networkLocation: /default-rack, certSerialId: null}, Type:RATIS, Factor:THREE, State:CLOSED]
org.apache.hadoop.hdds.scm.pipeline.PipelineNotFoundException: PipelineID=0700555e-d407-47f7-9b9f-0077ce01de48 not found
	at org.apache.hadoop.hdds.scm.pipeline.PipelineStateMap.getPipeline(PipelineStateMap.java:132)
	at org.apache.hadoop.hdds.scm.pipeline.PipelineStateMap.removePipeline(PipelineStateMap.java:322)
	at org.apache.hadoop.hdds.scm.pipeline.PipelineStateManager.removePipeline(PipelineStateManager.java:107)
	at org.apache.hadoop.hdds.scm.pipeline.SCMPipelineManager.removePipeline(SCMPipelineManager.java:423)
	at org.apache.hadoop.hdds.scm.pipeline.SCMPipelineManager.destroyPipeline(SCMPipelineManager.java:409)
	at org.apache.hadoop.hdds.scm.pipeline.SCMPipelineManager.lambda$finalizeAndDestroyPipeline$0(SCMPipelineManager.java:318)
	at org.apache.hadoop.utils.Scheduler.lambda$schedule$1(Scheduler.java:68)
	at java.util.concurrent.Executors$RunnableAdapter.call(Executors.java:511)
	at java.util.concurrent.FutureTask.run(FutureTask.java:266)
	at java.util.concurrent.ScheduledThreadPoolExecutor$ScheduledFutureTask.access$201(ScheduledThreadPoolExecutor.java:180)
	at java.util.concurrent.ScheduledThreadPoolExecutor$ScheduledFutureTask.run(ScheduledThreadPoolExecutor.java:293)
	at java.util.concurrent.ThreadPoolExecutor.runWorker(ThreadPoolExecutor.java:1149)
	at java.util.concurrent.ThreadPoolExecutor$Worker.run(ThreadPoolExecutor.java:624)
	at java.lang.Thread.run(Thread.java:748)
2019-09-12 06:04:18,520 [java.util.concurrent.ThreadPoolExecutor$Worker@3e4969f5[State = -1, empty queue]] WARN  server.GrpcLogAppender (GrpcLogAppender.java:timeoutAppendRequest(200)) - 300524ac-6f40-4001-8852-e3bc017e7a2d@group-AC406AFA1D55->e419d203-ae84-45b4-a349-326cccf7322d-GrpcLogAppender: appendEntries Timeout, request=300524ac-6f40-4001-8852-e3bc017e7a2d->e419d203-ae84-45b4-a349-326cccf7322d#44-t1, previous=(t:1, i:12), leaderCommit=6, initializing? false, entries: <empty>
2019-09-12 06:04:18,520 [java.util.concurrent.ThreadPoolExecutor$Worker@13edb407[State = -1, empty queue]] WARN  server.GrpcLogAppender (GrpcLogAppender.java:timeoutAppendRequest(200)) - 300524ac-6f40-4001-8852-e3bc017e7a2d@group-AC406AFA1D55->63029d58-985e-44b6-b8f1-28f19ea5ad76-GrpcLogAppender: appendEntries Timeout, request=300524ac-6f40-4001-8852-e3bc017e7a2d->63029d58-985e-44b6-b8f1-28f19ea5ad76#44-t1, previous=(t:1, i:12), leaderCommit=6, initializing? false, entries: <empty>
2019-09-12 06:04:19,706 [grpc-default-executor-3] INFO  impl.RaftServerProxy (RaftServerProxy.java:remove(95)) - 63029d58-985e-44b6-b8f1-28f19ea5ad76: remove group-0077CE01DE48:null
2019-09-12 06:04:19,709 [RatisPipelineUtilsThread] WARN  pipeline.RatisPipelineUtils (RatisPipelineUtils.java:destroyPipeline(66)) - Pipeline destroy failed for pipeline=PipelineID=0700555e-d407-47f7-9b9f-0077ce01de48 dn=63029d58-985e-44b6-b8f1-28f19ea5ad76{ip: 192.168.34.52, host: trunk-nightly-20190912-4gc2t-2068889165, networkLocation: /default-rack, certSerialId: null}
2019-09-12 06:04:19,711 [grpc-default-executor-3] INFO  impl.RaftServerProxy (RaftServerProxy.java:remove(95)) - e419d203-ae84-45b4-a349-326cccf7322d: remove group-0077CE01DE48:null
2019-09-12 06:04:19,713 [RatisPipelineUtilsThread] WARN  pipeline.RatisPipelineUtils (RatisPipelineUtils.java:destroyPipeline(66)) - Pipeline destroy failed for pipeline=PipelineID=0700555e-d407-47f7-9b9f-0077ce01de48 dn=e419d203-ae84-45b4-a349-326cccf7322d{ip: 192.168.34.52, host: trunk-nightly-20190912-4gc2t-2068889165, networkLocation: /default-rack, certSerialId: null}
2019-09-12 06:04:19,716 [grpc-default-executor-3] INFO  impl.RaftServerProxy (RaftServerProxy.java:remove(95)) - 300524ac-6f40-4001-8852-e3bc017e7a2d: remove group-0077CE01DE48:null
2019-09-12 06:04:19,718 [RatisPipelineUtilsThread] WARN  pipeline.RatisPipelineUtils (RatisPipelineUtils.java:destroyPipeline(66)) - Pipeline destroy failed for pipeline=PipelineID=0700555e-d407-47f7-9b9f-0077ce01de48 dn=300524ac-6f40-4001-8852-e3bc017e7a2d{ip: 192.168.34.52, host: trunk-nightly-20190912-4gc2t-2068889165, networkLocation: /default-rack, certSerialId: null}
2019-09-12 06:04:19,718 [RatisPipelineUtilsThread] ERROR pipeline.SCMPipelineManager (Scheduler.java:lambda$schedule$1(70)) - Destroy pipeline failed for pipeline:Pipeline[ Id: 0700555e-d407-47f7-9b9f-0077ce01de48, Nodes: 63029d58-985e-44b6-b8f1-28f19ea5ad76{ip: 192.168.34.52, host: trunk-nightly-20190912-4gc2t-2068889165, networkLocation: /default-rack, certSerialId: null}e419d203-ae84-45b4-a349-326cccf7322d{ip: 192.168.34.52, host: trunk-nightly-20190912-4gc2t-2068889165, networkLocation: /default-rack, certSerialId: null}300524ac-6f40-4001-8852-e3bc017e7a2d{ip: 192.168.34.52, host: trunk-nightly-20190912-4gc2t-2068889165, networkLocation: /default-rack, certSerialId: null}, Type:RATIS, Factor:THREE, State:CLOSED]
org.apache.hadoop.hdds.scm.pipeline.PipelineNotFoundException: PipelineID=0700555e-d407-47f7-9b9f-0077ce01de48 not found
	at org.apache.hadoop.hdds.scm.pipeline.PipelineStateMap.getPipeline(PipelineStateMap.java:132)
	at org.apache.hadoop.hdds.scm.pipeline.PipelineStateMap.removePipeline(PipelineStateMap.java:322)
	at org.apache.hadoop.hdds.scm.pipeline.PipelineStateManager.removePipeline(PipelineStateManager.java:107)
	at org.apache.hadoop.hdds.scm.pipeline.SCMPipelineManager.removePipeline(SCMPipelineManager.java:423)
	at org.apache.hadoop.hdds.scm.pipeline.SCMPipelineManager.destroyPipeline(SCMPipelineManager.java:409)
	at org.apache.hadoop.hdds.scm.pipeline.SCMPipelineManager.lambda$finalizeAndDestroyPipeline$0(SCMPipelineManager.java:318)
	at org.apache.hadoop.utils.Scheduler.lambda$schedule$1(Scheduler.java:68)
	at java.util.concurrent.Executors$RunnableAdapter.call(Executors.java:511)
	at java.util.concurrent.FutureTask.run(FutureTask.java:266)
	at java.util.concurrent.ScheduledThreadPoolExecutor$ScheduledFutureTask.access$201(ScheduledThreadPoolExecutor.java:180)
	at java.util.concurrent.ScheduledThreadPoolExecutor$ScheduledFutureTask.run(ScheduledThreadPoolExecutor.java:293)
	at java.util.concurrent.ThreadPoolExecutor.runWorker(ThreadPoolExecutor.java:1149)
	at java.util.concurrent.ThreadPoolExecutor$Worker.run(ThreadPoolExecutor.java:624)
	at java.lang.Thread.run(Thread.java:748)
2019-09-12 06:04:20,744 [grpc-default-executor-3] INFO  impl.RaftServerProxy (RaftServerProxy.java:remove(95)) - 63029d58-985e-44b6-b8f1-28f19ea5ad76: remove group-0077CE01DE48:null
2019-09-12 06:04:20,747 [RatisPipelineUtilsThread] WARN  pipeline.RatisPipelineUtils (RatisPipelineUtils.java:destroyPipeline(66)) - Pipeline destroy failed for pipeline=PipelineID=0700555e-d407-47f7-9b9f-0077ce01de48 dn=63029d58-985e-44b6-b8f1-28f19ea5ad76{ip: 192.168.34.52, host: trunk-nightly-20190912-4gc2t-2068889165, networkLocation: /default-rack, certSerialId: null}
2019-09-12 06:04:20,750 [grpc-default-executor-3] INFO  impl.RaftServerProxy (RaftServerProxy.java:remove(95)) - e419d203-ae84-45b4-a349-326cccf7322d: remove group-0077CE01DE48:null
2019-09-12 06:04:20,752 [RatisPipelineUtilsThread] WARN  pipeline.RatisPipelineUtils (RatisPipelineUtils.java:destroyPipeline(66)) - Pipeline destroy failed for pipeline=PipelineID=0700555e-d407-47f7-9b9f-0077ce01de48 dn=e419d203-ae84-45b4-a349-326cccf7322d{ip: 192.168.34.52, host: trunk-nightly-20190912-4gc2t-2068889165, networkLocation: /default-rack, certSerialId: null}
2019-09-12 06:04:20,755 [grpc-default-executor-1] INFO  impl.RaftServerProxy (RaftServerProxy.java:remove(95)) - 300524ac-6f40-4001-8852-e3bc017e7a2d: remove group-0077CE01DE48:null
2019-09-12 06:04:20,758 [RatisPipelineUtilsThread] WARN  pipeline.RatisPipelineUtils (RatisPipelineUtils.java:destroyPipeline(66)) - Pipeline destroy failed for pipeline=PipelineID=0700555e-d407-47f7-9b9f-0077ce01de48 dn=300524ac-6f40-4001-8852-e3bc017e7a2d{ip: 192.168.34.52, host: trunk-nightly-20190912-4gc2t-2068889165, networkLocation: /default-rack, certSerialId: null}
2019-09-12 06:04:20,758 [RatisPipelineUtilsThread] ERROR pipeline.SCMPipelineManager (Scheduler.java:lambda$schedule$1(70)) - Destroy pipeline failed for pipeline:Pipeline[ Id: 0700555e-d407-47f7-9b9f-0077ce01de48, Nodes: 63029d58-985e-44b6-b8f1-28f19ea5ad76{ip: 192.168.34.52, host: trunk-nightly-20190912-4gc2t-2068889165, networkLocation: /default-rack, certSerialId: null}e419d203-ae84-45b4-a349-326cccf7322d{ip: 192.168.34.52, host: trunk-nightly-20190912-4gc2t-2068889165, networkLocation: /default-rack, certSerialId: null}300524ac-6f40-4001-8852-e3bc017e7a2d{ip: 192.168.34.52, host: trunk-nightly-20190912-4gc2t-2068889165, networkLocation: /default-rack, certSerialId: null}, Type:RATIS, Factor:THREE, State:CLOSED]
org.apache.hadoop.hdds.scm.pipeline.PipelineNotFoundException: PipelineID=0700555e-d407-47f7-9b9f-0077ce01de48 not found
	at org.apache.hadoop.hdds.scm.pipeline.PipelineStateMap.getPipeline(PipelineStateMap.java:132)
	at org.apache.hadoop.hdds.scm.pipeline.PipelineStateMap.removePipeline(PipelineStateMap.java:322)
	at org.apache.hadoop.hdds.scm.pipeline.PipelineStateManager.removePipeline(PipelineStateManager.java:107)
	at org.apache.hadoop.hdds.scm.pipeline.SCMPipelineManager.removePipeline(SCMPipelineManager.java:423)
	at org.apache.hadoop.hdds.scm.pipeline.SCMPipelineManager.destroyPipeline(SCMPipelineManager.java:409)
	at org.apache.hadoop.hdds.scm.pipeline.SCMPipelineManager.lambda$finalizeAndDestroyPipeline$0(SCMPipelineManager.java:318)
	at org.apache.hadoop.utils.Scheduler.lambda$schedule$1(Scheduler.java:68)
	at java.util.concurrent.Executors$RunnableAdapter.call(Executors.java:511)
	at java.util.concurrent.FutureTask.run(FutureTask.java:266)
	at java.util.concurrent.ScheduledThreadPoolExecutor$ScheduledFutureTask.access$201(ScheduledThreadPoolExecutor.java:180)
	at java.util.concurrent.ScheduledThreadPoolExecutor$ScheduledFutureTask.run(ScheduledThreadPoolExecutor.java:293)
	at java.util.concurrent.ThreadPoolExecutor.runWorker(ThreadPoolExecutor.java:1149)
	at java.util.concurrent.ThreadPoolExecutor$Worker.run(ThreadPoolExecutor.java:624)
	at java.lang.Thread.run(Thread.java:748)
2019-09-12 06:04:20,879 [grpc-default-executor-1] INFO  impl.RaftServerProxy (RaftServerProxy.java:remove(95)) - 63029d58-985e-44b6-b8f1-28f19ea5ad76: remove group-0077CE01DE48:null
2019-09-12 06:04:20,881 [RatisPipelineUtilsThread] WARN  pipeline.RatisPipelineUtils (RatisPipelineUtils.java:destroyPipeline(66)) - Pipeline destroy failed for pipeline=PipelineID=0700555e-d407-47f7-9b9f-0077ce01de48 dn=63029d58-985e-44b6-b8f1-28f19ea5ad76{ip: 192.168.34.52, host: trunk-nightly-20190912-4gc2t-2068889165, networkLocation: /default-rack, certSerialId: null}
2019-09-12 06:04:20,884 [grpc-default-executor-1] INFO  impl.RaftServerProxy (RaftServerProxy.java:remove(95)) - e419d203-ae84-45b4-a349-326cccf7322d: remove group-0077CE01DE48:null
2019-09-12 06:04:20,886 [RatisPipelineUtilsThread] WARN  pipeline.RatisPipelineUtils (RatisPipelineUtils.java:destroyPipeline(66)) - Pipeline destroy failed for pipeline=PipelineID=0700555e-d407-47f7-9b9f-0077ce01de48 dn=e419d203-ae84-45b4-a349-326cccf7322d{ip: 192.168.34.52, host: trunk-nightly-20190912-4gc2t-2068889165, networkLocation: /default-rack, certSerialId: null}
2019-09-12 06:04:20,889 [grpc-default-executor-1] INFO  impl.RaftServerProxy (RaftServerProxy.java:remove(95)) - 300524ac-6f40-4001-8852-e3bc017e7a2d: remove group-0077CE01DE48:null
2019-09-12 06:04:20,891 [RatisPipelineUtilsThread] WARN  pipeline.RatisPipelineUtils (RatisPipelineUtils.java:destroyPipeline(66)) - Pipeline destroy failed for pipeline=PipelineID=0700555e-d407-47f7-9b9f-0077ce01de48 dn=300524ac-6f40-4001-8852-e3bc017e7a2d{ip: 192.168.34.52, host: trunk-nightly-20190912-4gc2t-2068889165, networkLocation: /default-rack, certSerialId: null}
2019-09-12 06:04:20,892 [RatisPipelineUtilsThread] ERROR pipeline.SCMPipelineManager (Scheduler.java:lambda$schedule$1(70)) - Destroy pipeline failed for pipeline:Pipeline[ Id: 0700555e-d407-47f7-9b9f-0077ce01de48, Nodes: 63029d58-985e-44b6-b8f1-28f19ea5ad76{ip: 192.168.34.52, host: trunk-nightly-20190912-4gc2t-2068889165, networkLocation: /default-rack, certSerialId: null}e419d203-ae84-45b4-a349-326cccf7322d{ip: 192.168.34.52, host: trunk-nightly-20190912-4gc2t-2068889165, networkLocation: /default-rack, certSerialId: null}300524ac-6f40-4001-8852-e3bc017e7a2d{ip: 192.168.34.52, host: trunk-nightly-20190912-4gc2t-2068889165, networkLocation: /default-rack, certSerialId: null}, Type:RATIS, Factor:THREE, State:CLOSED]
org.apache.hadoop.hdds.scm.pipeline.PipelineNotFoundException: PipelineID=0700555e-d407-47f7-9b9f-0077ce01de48 not found
	at org.apache.hadoop.hdds.scm.pipeline.PipelineStateMap.getPipeline(PipelineStateMap.java:132)
	at org.apache.hadoop.hdds.scm.pipeline.PipelineStateMap.removePipeline(PipelineStateMap.java:322)
	at org.apache.hadoop.hdds.scm.pipeline.PipelineStateManager.removePipeline(PipelineStateManager.java:107)
	at org.apache.hadoop.hdds.scm.pipeline.SCMPipelineManager.removePipeline(SCMPipelineManager.java:423)
	at org.apache.hadoop.hdds.scm.pipeline.SCMPipelineManager.destroyPipeline(SCMPipelineManager.java:409)
	at org.apache.hadoop.hdds.scm.pipeline.SCMPipelineManager.lambda$finalizeAndDestroyPipeline$0(SCMPipelineManager.java:318)
	at org.apache.hadoop.utils.Scheduler.lambda$schedule$1(Scheduler.java:68)
	at java.util.concurrent.Executors$RunnableAdapter.call(Executors.java:511)
	at java.util.concurrent.FutureTask.run(FutureTask.java:266)
	at java.util.concurrent.ScheduledThreadPoolExecutor$ScheduledFutureTask.access$201(ScheduledThreadPoolExecutor.java:180)
	at java.util.concurrent.ScheduledThreadPoolExecutor$ScheduledFutureTask.run(ScheduledThreadPoolExecutor.java:293)
	at java.util.concurrent.ThreadPoolExecutor.runWorker(ThreadPoolExecutor.java:1149)
	at java.util.concurrent.ThreadPoolExecutor$Worker.run(ThreadPoolExecutor.java:624)
	at java.lang.Thread.run(Thread.java:748)
2019-09-12 06:04:20,976 [grpc-default-executor-1] INFO  impl.RaftServerProxy (RaftServerProxy.java:remove(95)) - 63029d58-985e-44b6-b8f1-28f19ea5ad76: remove group-0077CE01DE48:null
2019-09-12 06:04:20,978 [RatisPipelineUtilsThread] WARN  pipeline.RatisPipelineUtils (RatisPipelineUtils.java:destroyPipeline(66)) - Pipeline destroy failed for pipeline=PipelineID=0700555e-d407-47f7-9b9f-0077ce01de48 dn=63029d58-985e-44b6-b8f1-28f19ea5ad76{ip: 192.168.34.52, host: trunk-nightly-20190912-4gc2t-2068889165, networkLocation: /default-rack, certSerialId: null}
2019-09-12 06:04:20,980 [grpc-default-executor-1] INFO  impl.RaftServerProxy (RaftServerProxy.java:remove(95)) - e419d203-ae84-45b4-a349-326cccf7322d: remove group-0077CE01DE48:null
2019-09-12 06:04:20,982 [RatisPipelineUtilsThread] WARN  pipeline.RatisPipelineUtils (RatisPipelineUtils.java:destroyPipeline(66)) - Pipeline destroy failed for pipeline=PipelineID=0700555e-d407-47f7-9b9f-0077ce01de48 dn=e419d203-ae84-45b4-a349-326cccf7322d{ip: 192.168.34.52, host: trunk-nightly-20190912-4gc2t-2068889165, networkLocation: /default-rack, certSerialId: null}
2019-09-12 06:04:20,985 [grpc-default-executor-1] INFO  impl.RaftServerProxy (RaftServerProxy.java:remove(95)) - 300524ac-6f40-4001-8852-e3bc017e7a2d: remove group-0077CE01DE48:null
2019-09-12 06:04:20,987 [RatisPipelineUtilsThread] WARN  pipeline.RatisPipelineUtils (RatisPipelineUtils.java:destroyPipeline(66)) - Pipeline destroy failed for pipeline=PipelineID=0700555e-d407-47f7-9b9f-0077ce01de48 dn=300524ac-6f40-4001-8852-e3bc017e7a2d{ip: 192.168.34.52, host: trunk-nightly-20190912-4gc2t-2068889165, networkLocation: /default-rack, certSerialId: null}
2019-09-12 06:04:20,987 [RatisPipelineUtilsThread] ERROR pipeline.SCMPipelineManager (Scheduler.java:lambda$schedule$1(70)) - Destroy pipeline failed for pipeline:Pipeline[ Id: 0700555e-d407-47f7-9b9f-0077ce01de48, Nodes: 63029d58-985e-44b6-b8f1-28f19ea5ad76{ip: 192.168.34.52, host: trunk-nightly-20190912-4gc2t-2068889165, networkLocation: /default-rack, certSerialId: null}e419d203-ae84-45b4-a349-326cccf7322d{ip: 192.168.34.52, host: trunk-nightly-20190912-4gc2t-2068889165, networkLocation: /default-rack, certSerialId: null}300524ac-6f40-4001-8852-e3bc017e7a2d{ip: 192.168.34.52, host: trunk-nightly-20190912-4gc2t-2068889165, networkLocation: /default-rack, certSerialId: null}, Type:RATIS, Factor:THREE, State:CLOSED]
org.apache.hadoop.hdds.scm.pipeline.PipelineNotFoundException: PipelineID=0700555e-d407-47f7-9b9f-0077ce01de48 not found
	at org.apache.hadoop.hdds.scm.pipeline.PipelineStateMap.getPipeline(PipelineStateMap.java:132)
	at org.apache.hadoop.hdds.scm.pipeline.PipelineStateMap.removePipeline(PipelineStateMap.java:322)
	at org.apache.hadoop.hdds.scm.pipeline.PipelineStateManager.removePipeline(PipelineStateManager.java:107)
	at org.apache.hadoop.hdds.scm.pipeline.SCMPipelineManager.removePipeline(SCMPipelineManager.java:423)
	at org.apache.hadoop.hdds.scm.pipeline.SCMPipelineManager.destroyPipeline(SCMPipelineManager.java:409)
	at org.apache.hadoop.hdds.scm.pipeline.SCMPipelineManager.lambda$finalizeAndDestroyPipeline$0(SCMPipelineManager.java:318)
	at org.apache.hadoop.utils.Scheduler.lambda$schedule$1(Scheduler.java:68)
	at java.util.concurrent.Executors$RunnableAdapter.call(Executors.java:511)
	at java.util.concurrent.FutureTask.run(FutureTask.java:266)
	at java.util.concurrent.ScheduledThreadPoolExecutor$ScheduledFutureTask.access$201(ScheduledThreadPoolExecutor.java:180)
	at java.util.concurrent.ScheduledThreadPoolExecutor$ScheduledFutureTask.run(ScheduledThreadPoolExecutor.java:293)
	at java.util.concurrent.ThreadPoolExecutor.runWorker(ThreadPoolExecutor.java:1149)
	at java.util.concurrent.ThreadPoolExecutor$Worker.run(ThreadPoolExecutor.java:624)
	at java.lang.Thread.run(Thread.java:748)
2019-09-12 06:04:21,008 [grpc-default-executor-1] INFO  client.GrpcClientProtocolClient (GrpcClientProtocolClient.java:onNext(264)) - client-A62FE20F707D->63029d58-985e-44b6-b8f1-28f19ea5ad76: receive RaftClientReply:client-A62FE20F707D->63029d58-985e-44b6-b8f1-28f19ea5ad76@group-AC406AFA1D55, cid=131, FAILED org.apache.ratis.protocol.NotLeaderException: Server 63029d58-985e-44b6-b8f1-28f19ea5ad76@group-AC406AFA1D55 is not the leader 300524ac-6f40-4001-8852-e3bc017e7a2d:192.168.34.52:35783, logIndex=0, commits[63029d58-985e-44b6-b8f1-28f19ea5ad76:c6, 300524ac-6f40-4001-8852-e3bc017e7a2d:c6, e419d203-ae84-45b4-a349-326cccf7322d:c4]
2019-09-12 06:04:21,022 [java.util.concurrent.ThreadPoolExecutor$Worker@13edb407[State = -1, empty queue]] WARN  server.GrpcLogAppender (GrpcLogAppender.java:timeoutAppendRequest(200)) - 300524ac-6f40-4001-8852-e3bc017e7a2d@group-AC406AFA1D55->63029d58-985e-44b6-b8f1-28f19ea5ad76-GrpcLogAppender: appendEntries Timeout, request=300524ac-6f40-4001-8852-e3bc017e7a2d->63029d58-985e-44b6-b8f1-28f19ea5ad76#45-t1, previous=(t:1, i:12), leaderCommit=6, initializing? false, entries: <empty>
2019-09-12 06:04:21,022 [java.util.concurrent.ThreadPoolExecutor$Worker@3e4969f5[State = -1, empty queue]] WARN  server.GrpcLogAppender (GrpcLogAppender.java:timeoutAppendRequest(200)) - 300524ac-6f40-4001-8852-e3bc017e7a2d@group-AC406AFA1D55->e419d203-ae84-45b4-a349-326cccf7322d-GrpcLogAppender: appendEntries Timeout, request=300524ac-6f40-4001-8852-e3bc017e7a2d->e419d203-ae84-45b4-a349-326cccf7322d#45-t1, previous=(t:1, i:12), leaderCommit=6, initializing? false, entries: <empty>
2019-09-12 06:04:23,521 [java.util.concurrent.ThreadPoolExecutor$Worker@13edb407[State = -1, empty queue]] WARN  server.GrpcLogAppender (GrpcLogAppender.java:timeoutAppendRequest(200)) - 300524ac-6f40-4001-8852-e3bc017e7a2d@group-AC406AFA1D55->63029d58-985e-44b6-b8f1-28f19ea5ad76-GrpcLogAppender: appendEntries Timeout, request=300524ac-6f40-4001-8852-e3bc017e7a2d->63029d58-985e-44b6-b8f1-28f19ea5ad76#46-t1, previous=(t:1, i:12), leaderCommit=6, initializing? false, entries: <empty>
2019-09-12 06:04:23,521 [java.util.concurrent.ThreadPoolExecutor$Worker@3e4969f5[State = -1, empty queue]] WARN  server.GrpcLogAppender (GrpcLogAppender.java:timeoutAppendRequest(200)) - 300524ac-6f40-4001-8852-e3bc017e7a2d@group-AC406AFA1D55->e419d203-ae84-45b4-a349-326cccf7322d-GrpcLogAppender: appendEntries Timeout, request=300524ac-6f40-4001-8852-e3bc017e7a2d->e419d203-ae84-45b4-a349-326cccf7322d#46-t1, previous=(t:1, i:12), leaderCommit=6, initializing? false, entries: <empty>
2019-09-12 06:04:25,512 [300524ac-6f40-4001-8852-e3bc017e7a2d@group-AC406AFA1D55-SegmentedRaftLogWorker] WARN  segmented.SegmentedRaftLogWorker (SegmentedRaftLogWorker.java:getFromFuture(90)) - Timeout 6/~
org.apache.ratis.protocol.TimeoutIOException: Timeout 10s: WriteLog:7: (t:1, i:7), STATEMACHINELOGENTRY, client-A62FE20F707D, cid=131-writeStateMachineData
	at org.apache.ratis.util.IOUtils.getFromFuture(IOUtils.java:87)
	at org.apache.ratis.server.raftlog.segmented.SegmentedRaftLogWorker$StateMachineDataPolicy.getFromFuture(SegmentedRaftLogWorker.java:87)
	at org.apache.ratis.server.raftlog.segmented.SegmentedRaftLogWorker$WriteLog.execute(SegmentedRaftLogWorker.java:477)
	at org.apache.ratis.server.raftlog.segmented.SegmentedRaftLogWorker.run(SegmentedRaftLogWorker.java:289)
	at java.lang.Thread.run(Thread.java:748)
Caused by: java.util.concurrent.TimeoutException
	at java.util.concurrent.CompletableFuture.timedGet(CompletableFuture.java:1771)
	at java.util.concurrent.CompletableFuture.get(CompletableFuture.java:1915)
	at org.apache.ratis.util.IOUtils.getFromFuture(IOUtils.java:79)
	... 4 more
2019-09-12 06:04:25,512 [e419d203-ae84-45b4-a349-326cccf7322d@group-AC406AFA1D55-SegmentedRaftLogWorker] WARN  segmented.SegmentedRaftLogWorker (SegmentedRaftLogWorker.java:getFromFuture(90)) - Timeout 6/~
org.apache.ratis.protocol.TimeoutIOException: Timeout 10s: WriteLog:7: (t:1, i:7), STATEMACHINELOGENTRY, client-A62FE20F707D, cid=131-writeStateMachineData
	at org.apache.ratis.util.IOUtils.getFromFuture(IOUtils.java:87)
	at org.apache.ratis.server.raftlog.segmented.SegmentedRaftLogWorker$StateMachineDataPolicy.getFromFuture(SegmentedRaftLogWorker.java:87)
	at org.apache.ratis.server.raftlog.segmented.SegmentedRaftLogWorker$WriteLog.execute(SegmentedRaftLogWorker.java:477)
	at org.apache.ratis.server.raftlog.segmented.SegmentedRaftLogWorker.run(SegmentedRaftLogWorker.java:289)
	at java.lang.Thread.run(Thread.java:748)
Caused by: java.util.concurrent.TimeoutException
	at java.util.concurrent.CompletableFuture.timedGet(CompletableFuture.java:1771)
	at java.util.concurrent.CompletableFuture.get(CompletableFuture.java:1915)
	at org.apache.ratis.util.IOUtils.getFromFuture(IOUtils.java:79)
	... 4 more
2019-09-12 06:04:25,512 [63029d58-985e-44b6-b8f1-28f19ea5ad76@group-AC406AFA1D55-SegmentedRaftLogWorker] WARN  segmented.SegmentedRaftLogWorker (SegmentedRaftLogWorker.java:getFromFuture(90)) - Timeout 6/~
org.apache.ratis.protocol.TimeoutIOException: Timeout 10s: WriteLog:7: (t:1, i:7), STATEMACHINELOGENTRY, client-A62FE20F707D, cid=131-writeStateMachineData
	at org.apache.ratis.util.IOUtils.getFromFuture(IOUtils.java:87)
	at org.apache.ratis.server.raftlog.segmented.SegmentedRaftLogWorker$StateMachineDataPolicy.getFromFuture(SegmentedRaftLogWorker.java:87)
	at org.apache.ratis.server.raftlog.segmented.SegmentedRaftLogWorker$WriteLog.execute(SegmentedRaftLogWorker.java:477)
	at org.apache.ratis.server.raftlog.segmented.SegmentedRaftLogWorker.run(SegmentedRaftLogWorker.java:289)
	at java.lang.Thread.run(Thread.java:748)
Caused by: java.util.concurrent.TimeoutException
	at java.util.concurrent.CompletableFuture.timedGet(CompletableFuture.java:1771)
	at java.util.concurrent.CompletableFuture.get(CompletableFuture.java:1915)
	at org.apache.ratis.util.IOUtils.getFromFuture(IOUtils.java:79)
	... 4 more
2019-09-12 06:04:26,022 [java.util.concurrent.ThreadPoolExecutor$Worker@13edb407[State = -1, empty queue]] WARN  server.GrpcLogAppender (GrpcLogAppender.java:timeoutAppendRequest(200)) - 300524ac-6f40-4001-8852-e3bc017e7a2d@group-AC406AFA1D55->63029d58-985e-44b6-b8f1-28f19ea5ad76-GrpcLogAppender: appendEntries Timeout, request=300524ac-6f40-4001-8852-e3bc017e7a2d->63029d58-985e-44b6-b8f1-28f19ea5ad76#47-t1, previous=(t:1, i:12), leaderCommit=6, initializing? false, entries: <empty>
2019-09-12 06:04:26,022 [java.util.concurrent.ThreadPoolExecutor$Worker@3e4969f5[State = -1, empty queue]] WARN  server.GrpcLogAppender (GrpcLogAppender.java:timeoutAppendRequest(200)) - 300524ac-6f40-4001-8852-e3bc017e7a2d@group-AC406AFA1D55->e419d203-ae84-45b4-a349-326cccf7322d-GrpcLogAppender: appendEntries Timeout, request=300524ac-6f40-4001-8852-e3bc017e7a2d->e419d203-ae84-45b4-a349-326cccf7322d#47-t1, previous=(t:1, i:12), leaderCommit=6, initializing? false, entries: <empty>
2019-09-12 06:04:26,051 [grpc-default-executor-1] INFO  client.GrpcClientProtocolClient (GrpcClientProtocolClient.java:onNext(264)) - client-A62FE20F707D->e419d203-ae84-45b4-a349-326cccf7322d: receive RaftClientReply:client-A62FE20F707D->e419d203-ae84-45b4-a349-326cccf7322d@group-AC406AFA1D55, cid=131, FAILED org.apache.ratis.protocol.NotLeaderException: Server e419d203-ae84-45b4-a349-326cccf7322d@group-AC406AFA1D55 is not the leader 300524ac-6f40-4001-8852-e3bc017e7a2d:192.168.34.52:35783, logIndex=0, commits[e419d203-ae84-45b4-a349-326cccf7322d:c6, 63029d58-985e-44b6-b8f1-28f19ea5ad76:c4, 300524ac-6f40-4001-8852-e3bc017e7a2d:c6]
2019-09-12 06:04:28,540 [java.util.concurrent.ThreadPoolExecutor$Worker@13edb407[State = -1, empty queue]] WARN  server.GrpcLogAppender (GrpcLogAppender.java:timeoutAppendRequest(200)) - 300524ac-6f40-4001-8852-e3bc017e7a2d@group-AC406AFA1D55->63029d58-985e-44b6-b8f1-28f19ea5ad76-GrpcLogAppender: appendEntries Timeout, request=300524ac-6f40-4001-8852-e3bc017e7a2d->63029d58-985e-44b6-b8f1-28f19ea5ad76#48-t1, previous=(t:1, i:12), leaderCommit=6, initializing? false, entries: <empty>
2019-09-12 06:04:28,540 [java.util.concurrent.ThreadPoolExecutor$Worker@3e4969f5[State = -1, empty queue]] WARN  server.GrpcLogAppender (GrpcLogAppender.java:timeoutAppendRequest(200)) - 300524ac-6f40-4001-8852-e3bc017e7a2d@group-AC406AFA1D55->e419d203-ae84-45b4-a349-326cccf7322d-GrpcLogAppender: appendEntries Timeout, request=300524ac-6f40-4001-8852-e3bc017e7a2d->e419d203-ae84-45b4-a349-326cccf7322d#48-t1, previous=(t:1, i:12), leaderCommit=6, initializing? false, entries: <empty>
2019-09-12 06:04:31,041 [java.util.concurrent.ThreadPoolExecutor$Worker@3e4969f5[State = -1, empty queue]] WARN  server.GrpcLogAppender (GrpcLogAppender.java:timeoutAppendRequest(200)) - 300524ac-6f40-4001-8852-e3bc017e7a2d@group-AC406AFA1D55->e419d203-ae84-45b4-a349-326cccf7322d-GrpcLogAppender: appendEntries Timeout, request=300524ac-6f40-4001-8852-e3bc017e7a2d->e419d203-ae84-45b4-a349-326cccf7322d#49-t1, previous=(t:1, i:12), leaderCommit=6, initializing? false, entries: <empty>
2019-09-12 06:04:31,041 [java.util.concurrent.ThreadPoolExecutor$Worker@13edb407[State = -1, empty queue]] WARN  server.GrpcLogAppender (GrpcLogAppender.java:timeoutAppendRequest(200)) - 300524ac-6f40-4001-8852-e3bc017e7a2d@group-AC406AFA1D55->63029d58-985e-44b6-b8f1-28f19ea5ad76-GrpcLogAppender: appendEntries Timeout, request=300524ac-6f40-4001-8852-e3bc017e7a2d->63029d58-985e-44b6-b8f1-28f19ea5ad76#49-t1, previous=(t:1, i:12), leaderCommit=6, initializing? false, entries: <empty>
2019-09-12 06:04:31,104 [grpc-default-executor-1] INFO  client.GrpcClientProtocolClient (GrpcClientProtocolClient.java:onNext(264)) - client-A62FE20F707D->63029d58-985e-44b6-b8f1-28f19ea5ad76: receive RaftClientReply:client-A62FE20F707D->63029d58-985e-44b6-b8f1-28f19ea5ad76@group-AC406AFA1D55, cid=131, FAILED org.apache.ratis.protocol.NotLeaderException: Server 63029d58-985e-44b6-b8f1-28f19ea5ad76@group-AC406AFA1D55 is not the leader 300524ac-6f40-4001-8852-e3bc017e7a2d:192.168.34.52:35783, logIndex=0, commits[63029d58-985e-44b6-b8f1-28f19ea5ad76:c6, 300524ac-6f40-4001-8852-e3bc017e7a2d:c6, e419d203-ae84-45b4-a349-326cccf7322d:c4]
2019-09-12 06:04:33,542 [java.util.concurrent.ThreadPoolExecutor$Worker@13edb407[State = -1, empty queue]] WARN  server.GrpcLogAppender (GrpcLogAppender.java:timeoutAppendRequest(200)) - 300524ac-6f40-4001-8852-e3bc017e7a2d@group-AC406AFA1D55->63029d58-985e-44b6-b8f1-28f19ea5ad76-GrpcLogAppender: appendEntries Timeout, request=300524ac-6f40-4001-8852-e3bc017e7a2d->63029d58-985e-44b6-b8f1-28f19ea5ad76#50-t1, previous=(t:1, i:12), leaderCommit=6, initializing? false, entries: <empty>
2019-09-12 06:04:33,542 [java.util.concurrent.ThreadPoolExecutor$Worker@3e4969f5[State = -1, empty queue]] WARN  server.GrpcLogAppender (GrpcLogAppender.java:timeoutAppendRequest(200)) - 300524ac-6f40-4001-8852-e3bc017e7a2d@group-AC406AFA1D55->e419d203-ae84-45b4-a349-326cccf7322d-GrpcLogAppender: appendEntries Timeout, request=300524ac-6f40-4001-8852-e3bc017e7a2d->e419d203-ae84-45b4-a349-326cccf7322d#50-t1, previous=(t:1, i:12), leaderCommit=6, initializing? false, entries: <empty>
2019-09-12 06:04:35,513 [300524ac-6f40-4001-8852-e3bc017e7a2d@group-AC406AFA1D55-SegmentedRaftLogWorker] WARN  segmented.SegmentedRaftLogWorker (SegmentedRaftLogWorker.java:getFromFuture(90)) - Timeout 7/~
org.apache.ratis.protocol.TimeoutIOException: Timeout 10s: WriteLog:7: (t:1, i:7), STATEMACHINELOGENTRY, client-A62FE20F707D, cid=131-writeStateMachineData
	at org.apache.ratis.util.IOUtils.getFromFuture(IOUtils.java:87)
	at org.apache.ratis.server.raftlog.segmented.SegmentedRaftLogWorker$StateMachineDataPolicy.getFromFuture(SegmentedRaftLogWorker.java:87)
	at org.apache.ratis.server.raftlog.segmented.SegmentedRaftLogWorker$WriteLog.execute(SegmentedRaftLogWorker.java:477)
	at org.apache.ratis.server.raftlog.segmented.SegmentedRaftLogWorker.run(SegmentedRaftLogWorker.java:289)
	at java.lang.Thread.run(Thread.java:748)
Caused by: java.util.concurrent.TimeoutException
	at java.util.concurrent.CompletableFuture.timedGet(CompletableFuture.java:1771)
	at java.util.concurrent.CompletableFuture.get(CompletableFuture.java:1915)
	at org.apache.ratis.util.IOUtils.getFromFuture(IOUtils.java:79)
	... 4 more
2019-09-12 06:04:35,540 [e419d203-ae84-45b4-a349-326cccf7322d@group-AC406AFA1D55-SegmentedRaftLogWorker] WARN  segmented.SegmentedRaftLogWorker (SegmentedRaftLogWorker.java:getFromFuture(90)) - Timeout 7/~
org.apache.ratis.protocol.TimeoutIOException: Timeout 10s: WriteLog:7: (t:1, i:7), STATEMACHINELOGENTRY, client-A62FE20F707D, cid=131-writeStateMachineData
	at org.apache.ratis.util.IOUtils.getFromFuture(IOUtils.java:87)
	at org.apache.ratis.server.raftlog.segmented.SegmentedRaftLogWorker$StateMachineDataPolicy.getFromFuture(SegmentedRaftLogWorker.java:87)
	at org.apache.ratis.server.raftlog.segmented.SegmentedRaftLogWorker$WriteLog.execute(SegmentedRaftLogWorker.java:477)
	at org.apache.ratis.server.raftlog.segmented.SegmentedRaftLogWorker.run(SegmentedRaftLogWorker.java:289)
	at java.lang.Thread.run(Thread.java:748)
Caused by: java.util.concurrent.TimeoutException
	at java.util.concurrent.CompletableFuture.timedGet(CompletableFuture.java:1771)
	at java.util.concurrent.CompletableFuture.get(CompletableFuture.java:1915)
	at org.apache.ratis.util.IOUtils.getFromFuture(IOUtils.java:79)
	... 4 more
2019-09-12 06:04:35,540 [63029d58-985e-44b6-b8f1-28f19ea5ad76@group-AC406AFA1D55-SegmentedRaftLogWorker] WARN  segmented.SegmentedRaftLogWorker (SegmentedRaftLogWorker.java:getFromFuture(90)) - Timeout 7/~
org.apache.ratis.protocol.TimeoutIOException: Timeout 10s: WriteLog:7: (t:1, i:7), STATEMACHINELOGENTRY, client-A62FE20F707D, cid=131-writeStateMachineData
	at org.apache.ratis.util.IOUtils.getFromFuture(IOUtils.java:87)
	at org.apache.ratis.server.raftlog.segmented.SegmentedRaftLogWorker$StateMachineDataPolicy.getFromFuture(SegmentedRaftLogWorker.java:87)
	at org.apache.ratis.server.raftlog.segmented.SegmentedRaftLogWorker$WriteLog.execute(SegmentedRaftLogWorker.java:477)
	at org.apache.ratis.server.raftlog.segmented.SegmentedRaftLogWorker.run(SegmentedRaftLogWorker.java:289)
	at java.lang.Thread.run(Thread.java:748)
Caused by: java.util.concurrent.TimeoutException
	at java.util.concurrent.CompletableFuture.timedGet(CompletableFuture.java:1771)
	at java.util.concurrent.CompletableFuture.get(CompletableFuture.java:1915)
	at org.apache.ratis.util.IOUtils.getFromFuture(IOUtils.java:79)
	... 4 more
2019-09-12 06:04:36,043 [java.util.concurrent.ThreadPoolExecutor$Worker@13edb407[State = -1, empty queue]] WARN  server.GrpcLogAppender (GrpcLogAppender.java:timeoutAppendRequest(200)) - 300524ac-6f40-4001-8852-e3bc017e7a2d@group-AC406AFA1D55->63029d58-985e-44b6-b8f1-28f19ea5ad76-GrpcLogAppender: appendEntries Timeout, request=300524ac-6f40-4001-8852-e3bc017e7a2d->63029d58-985e-44b6-b8f1-28f19ea5ad76#51-t1, previous=(t:1, i:12), leaderCommit=6, initializing? false, entries: <empty>
2019-09-12 06:04:36,043 [java.util.concurrent.ThreadPoolExecutor$Worker@3e4969f5[State = -1, empty queue]] WARN  server.GrpcLogAppender (GrpcLogAppender.java:timeoutAppendRequest(200)) - 300524ac-6f40-4001-8852-e3bc017e7a2d@group-AC406AFA1D55->e419d203-ae84-45b4-a349-326cccf7322d-GrpcLogAppender: appendEntries Timeout, request=300524ac-6f40-4001-8852-e3bc017e7a2d->e419d203-ae84-45b4-a349-326cccf7322d#51-t1, previous=(t:1, i:12), leaderCommit=6, initializing? false, entries: <empty>
2019-09-12 06:04:36,152 [grpc-default-executor-7] INFO  client.GrpcClientProtocolClient (GrpcClientProtocolClient.java:onNext(264)) - client-A62FE20F707D->63029d58-985e-44b6-b8f1-28f19ea5ad76: receive RaftClientReply:client-A62FE20F707D->63029d58-985e-44b6-b8f1-28f19ea5ad76@group-AC406AFA1D55, cid=131, FAILED org.apache.ratis.protocol.NotLeaderException: Server 63029d58-985e-44b6-b8f1-28f19ea5ad76@group-AC406AFA1D55 is not the leader 300524ac-6f40-4001-8852-e3bc017e7a2d:192.168.34.52:35783, logIndex=0, commits[63029d58-985e-44b6-b8f1-28f19ea5ad76:c6, 300524ac-6f40-4001-8852-e3bc017e7a2d:c6, e419d203-ae84-45b4-a349-326cccf7322d:c4]
2019-09-12 06:04:38,543 [java.util.concurrent.ThreadPoolExecutor$Worker@13edb407[State = -1, empty queue]] WARN  server.GrpcLogAppender (GrpcLogAppender.java:timeoutAppendRequest(200)) - 300524ac-6f40-4001-8852-e3bc017e7a2d@group-AC406AFA1D55->63029d58-985e-44b6-b8f1-28f19ea5ad76-GrpcLogAppender: appendEntries Timeout, request=300524ac-6f40-4001-8852-e3bc017e7a2d->63029d58-985e-44b6-b8f1-28f19ea5ad76#52-t1, previous=(t:1, i:12), leaderCommit=6, initializing? false, entries: <empty>
2019-09-12 06:04:38,543 [java.util.concurrent.ThreadPoolExecutor$Worker@3e4969f5[State = -1, empty queue]] WARN  server.GrpcLogAppender (GrpcLogAppender.java:timeoutAppendRequest(200)) - 300524ac-6f40-4001-8852-e3bc017e7a2d@group-AC406AFA1D55->e419d203-ae84-45b4-a349-326cccf7322d-GrpcLogAppender: appendEntries Timeout, request=300524ac-6f40-4001-8852-e3bc017e7a2d->e419d203-ae84-45b4-a349-326cccf7322d#52-t1, previous=(t:1, i:12), leaderCommit=6, initializing? false, entries: <empty>
2019-09-12 06:04:41,045 [java.util.concurrent.ThreadPoolExecutor$Worker@13edb407[State = -1, empty queue]] WARN  server.GrpcLogAppender (GrpcLogAppender.java:timeoutAppendRequest(200)) - 300524ac-6f40-4001-8852-e3bc017e7a2d@group-AC406AFA1D55->63029d58-985e-44b6-b8f1-28f19ea5ad76-GrpcLogAppender: appendEntries Timeout, request=300524ac-6f40-4001-8852-e3bc017e7a2d->63029d58-985e-44b6-b8f1-28f19ea5ad76#53-t1, previous=(t:1, i:12), leaderCommit=6, initializing? false, entries: <empty>
2019-09-12 06:04:41,045 [java.util.concurrent.ThreadPoolExecutor$Worker@3e4969f5[State = -1, empty queue]] WARN  server.GrpcLogAppender (GrpcLogAppender.java:timeoutAppendRequest(200)) - 300524ac-6f40-4001-8852-e3bc017e7a2d@group-AC406AFA1D55->e419d203-ae84-45b4-a349-326cccf7322d-GrpcLogAppender: appendEntries Timeout, request=300524ac-6f40-4001-8852-e3bc017e7a2d->e419d203-ae84-45b4-a349-326cccf7322d#53-t1, previous=(t:1, i:12), leaderCommit=6, initializing? false, entries: <empty>
2019-09-12 06:04:41,233 [grpc-default-executor-7] INFO  client.GrpcClientProtocolClient (GrpcClientProtocolClient.java:onNext(264)) - client-A62FE20F707D->e419d203-ae84-45b4-a349-326cccf7322d: receive RaftClientReply:client-A62FE20F707D->e419d203-ae84-45b4-a349-326cccf7322d@group-AC406AFA1D55, cid=131, FAILED org.apache.ratis.protocol.NotLeaderException: Server e419d203-ae84-45b4-a349-326cccf7322d@group-AC406AFA1D55 is not the leader 300524ac-6f40-4001-8852-e3bc017e7a2d:192.168.34.52:35783, logIndex=0, commits[e419d203-ae84-45b4-a349-326cccf7322d:c6, 63029d58-985e-44b6-b8f1-28f19ea5ad76:c4, 300524ac-6f40-4001-8852-e3bc017e7a2d:c6]
2019-09-12 06:04:43,545 [java.util.concurrent.ThreadPoolExecutor$Worker@3e4969f5[State = -1, empty queue]] WARN  server.GrpcLogAppender (GrpcLogAppender.java:timeoutAppendRequest(200)) - 300524ac-6f40-4001-8852-e3bc017e7a2d@group-AC406AFA1D55->e419d203-ae84-45b4-a349-326cccf7322d-GrpcLogAppender: appendEntries Timeout, request=300524ac-6f40-4001-8852-e3bc017e7a2d->e419d203-ae84-45b4-a349-326cccf7322d#54-t1, previous=(t:1, i:12), leaderCommit=6, initializing? false, entries: <empty>
2019-09-12 06:04:43,545 [java.util.concurrent.ThreadPoolExecutor$Worker@13edb407[State = -1, empty queue]] WARN  server.GrpcLogAppender (GrpcLogAppender.java:timeoutAppendRequest(200)) - 300524ac-6f40-4001-8852-e3bc017e7a2d@group-AC406AFA1D55->63029d58-985e-44b6-b8f1-28f19ea5ad76-GrpcLogAppender: appendEntries Timeout, request=300524ac-6f40-4001-8852-e3bc017e7a2d->63029d58-985e-44b6-b8f1-28f19ea5ad76#54-t1, previous=(t:1, i:12), leaderCommit=6, initializing? false, entries: <empty>
2019-09-12 06:04:45,514 [300524ac-6f40-4001-8852-e3bc017e7a2d@group-AC406AFA1D55-SegmentedRaftLogWorker] WARN  segmented.SegmentedRaftLogWorker (SegmentedRaftLogWorker.java:getFromFuture(90)) - Timeout 8/~
org.apache.ratis.protocol.TimeoutIOException: Timeout 10s: WriteLog:7: (t:1, i:7), STATEMACHINELOGENTRY, client-A62FE20F707D, cid=131-writeStateMachineData
	at org.apache.ratis.util.IOUtils.getFromFuture(IOUtils.java:87)
	at org.apache.ratis.server.raftlog.segmented.SegmentedRaftLogWorker$StateMachineDataPolicy.getFromFuture(SegmentedRaftLogWorker.java:87)
	at org.apache.ratis.server.raftlog.segmented.SegmentedRaftLogWorker$WriteLog.execute(SegmentedRaftLogWorker.java:477)
	at org.apache.ratis.server.raftlog.segmented.SegmentedRaftLogWorker.run(SegmentedRaftLogWorker.java:289)
	at java.lang.Thread.run(Thread.java:748)
Caused by: java.util.concurrent.TimeoutException
	at java.util.concurrent.CompletableFuture.timedGet(CompletableFuture.java:1771)
	at java.util.concurrent.CompletableFuture.get(CompletableFuture.java:1915)
	at org.apache.ratis.util.IOUtils.getFromFuture(IOUtils.java:79)
	... 4 more
2019-09-12 06:04:45,540 [e419d203-ae84-45b4-a349-326cccf7322d@group-AC406AFA1D55-SegmentedRaftLogWorker] WARN  segmented.SegmentedRaftLogWorker (SegmentedRaftLogWorker.java:getFromFuture(90)) - Timeout 8/~
org.apache.ratis.protocol.TimeoutIOException: Timeout 10s: WriteLog:7: (t:1, i:7), STATEMACHINELOGENTRY, client-A62FE20F707D, cid=131-writeStateMachineData
	at org.apache.ratis.util.IOUtils.getFromFuture(IOUtils.java:87)
	at org.apache.ratis.server.raftlog.segmented.SegmentedRaftLogWorker$StateMachineDataPolicy.getFromFuture(SegmentedRaftLogWorker.java:87)
	at org.apache.ratis.server.raftlog.segmented.SegmentedRaftLogWorker$WriteLog.execute(SegmentedRaftLogWorker.java:477)
	at org.apache.ratis.server.raftlog.segmented.SegmentedRaftLogWorker.run(SegmentedRaftLogWorker.java:289)
	at java.lang.Thread.run(Thread.java:748)
Caused by: java.util.concurrent.TimeoutException
	at java.util.concurrent.CompletableFuture.timedGet(CompletableFuture.java:1771)
	at java.util.concurrent.CompletableFuture.get(CompletableFuture.java:1915)
	at org.apache.ratis.util.IOUtils.getFromFuture(IOUtils.java:79)
	... 4 more
2019-09-12 06:04:45,541 [63029d58-985e-44b6-b8f1-28f19ea5ad76@group-AC406AFA1D55-SegmentedRaftLogWorker] WARN  segmented.SegmentedRaftLogWorker (SegmentedRaftLogWorker.java:getFromFuture(90)) - Timeout 8/~
org.apache.ratis.protocol.TimeoutIOException: Timeout 10s: WriteLog:7: (t:1, i:7), STATEMACHINELOGENTRY, client-A62FE20F707D, cid=131-writeStateMachineData
	at org.apache.ratis.util.IOUtils.getFromFuture(IOUtils.java:87)
	at org.apache.ratis.server.raftlog.segmented.SegmentedRaftLogWorker$StateMachineDataPolicy.getFromFuture(SegmentedRaftLogWorker.java:87)
	at org.apache.ratis.server.raftlog.segmented.SegmentedRaftLogWorker$WriteLog.execute(SegmentedRaftLogWorker.java:477)
	at org.apache.ratis.server.raftlog.segmented.SegmentedRaftLogWorker.run(SegmentedRaftLogWorker.java:289)
	at java.lang.Thread.run(Thread.java:748)
Caused by: java.util.concurrent.TimeoutException
	at java.util.concurrent.CompletableFuture.timedGet(CompletableFuture.java:1771)
	at java.util.concurrent.CompletableFuture.get(CompletableFuture.java:1915)
	at org.apache.ratis.util.IOUtils.getFromFuture(IOUtils.java:79)
	... 4 more
2019-09-12 06:04:46,046 [java.util.concurrent.ThreadPoolExecutor$Worker@3e4969f5[State = -1, empty queue]] WARN  server.GrpcLogAppender (GrpcLogAppender.java:timeoutAppendRequest(200)) - 300524ac-6f40-4001-8852-e3bc017e7a2d@group-AC406AFA1D55->e419d203-ae84-45b4-a349-326cccf7322d-GrpcLogAppender: appendEntries Timeout, request=300524ac-6f40-4001-8852-e3bc017e7a2d->e419d203-ae84-45b4-a349-326cccf7322d#55-t1, previous=(t:1, i:12), leaderCommit=6, initializing? false, entries: <empty>
2019-09-12 06:04:46,046 [java.util.concurrent.ThreadPoolExecutor$Worker@13edb407[State = -1, empty queue]] WARN  server.GrpcLogAppender (GrpcLogAppender.java:timeoutAppendRequest(200)) - 300524ac-6f40-4001-8852-e3bc017e7a2d@group-AC406AFA1D55->63029d58-985e-44b6-b8f1-28f19ea5ad76-GrpcLogAppender: appendEntries Timeout, request=300524ac-6f40-4001-8852-e3bc017e7a2d->63029d58-985e-44b6-b8f1-28f19ea5ad76#55-t1, previous=(t:1, i:12), leaderCommit=6, initializing? false, entries: <empty>
2019-09-12 06:04:46,415 [grpc-default-executor-7] INFO  client.GrpcClientProtocolClient (GrpcClientProtocolClient.java:onNext(264)) - client-A62FE20F707D->63029d58-985e-44b6-b8f1-28f19ea5ad76: receive RaftClientReply:client-A62FE20F707D->63029d58-985e-44b6-b8f1-28f19ea5ad76@group-AC406AFA1D55, cid=131, FAILED org.apache.ratis.protocol.NotLeaderException: Server 63029d58-985e-44b6-b8f1-28f19ea5ad76@group-AC406AFA1D55 is not the leader 300524ac-6f40-4001-8852-e3bc017e7a2d:192.168.34.52:35783, logIndex=0, commits[63029d58-985e-44b6-b8f1-28f19ea5ad76:c6, 300524ac-6f40-4001-8852-e3bc017e7a2d:c6, e419d203-ae84-45b4-a349-326cccf7322d:c4]
2019-09-12 06:04:48,547 [java.util.concurrent.ThreadPoolExecutor$Worker@13edb407[State = -1, empty queue]] WARN  server.GrpcLogAppender (GrpcLogAppender.java:timeoutAppendRequest(200)) - 300524ac-6f40-4001-8852-e3bc017e7a2d@group-AC406AFA1D55->63029d58-985e-44b6-b8f1-28f19ea5ad76-GrpcLogAppender: appendEntries Timeout, request=300524ac-6f40-4001-8852-e3bc017e7a2d->63029d58-985e-44b6-b8f1-28f19ea5ad76#56-t1, previous=(t:1, i:12), leaderCommit=6, initializing? false, entries: <empty>
2019-09-12 06:04:48,547 [java.util.concurrent.ThreadPoolExecutor$Worker@3e4969f5[State = -1, empty queue]] WARN  server.GrpcLogAppender (GrpcLogAppender.java:timeoutAppendRequest(200)) - 300524ac-6f40-4001-8852-e3bc017e7a2d@group-AC406AFA1D55->e419d203-ae84-45b4-a349-326cccf7322d-GrpcLogAppender: appendEntries Timeout, request=300524ac-6f40-4001-8852-e3bc017e7a2d->e419d203-ae84-45b4-a349-326cccf7322d#56-t1, previous=(t:1, i:12), leaderCommit=6, initializing? false, entries: <empty>
2019-09-12 06:04:51,047 [java.util.concurrent.ThreadPoolExecutor$Worker@3e4969f5[State = -1, empty queue]] WARN  server.GrpcLogAppender (GrpcLogAppender.java:timeoutAppendRequest(200)) - 300524ac-6f40-4001-8852-e3bc017e7a2d@group-AC406AFA1D55->e419d203-ae84-45b4-a349-326cccf7322d-GrpcLogAppender: appendEntries Timeout, request=300524ac-6f40-4001-8852-e3bc017e7a2d->e419d203-ae84-45b4-a349-326cccf7322d#57-t1, previous=(t:1, i:12), leaderCommit=6, initializing? false, entries: <empty>
2019-09-12 06:04:51,047 [java.util.concurrent.ThreadPoolExecutor$Worker@13edb407[State = -1, empty queue]] WARN  server.GrpcLogAppender (GrpcLogAppender.java:timeoutAppendRequest(200)) - 300524ac-6f40-4001-8852-e3bc017e7a2d@group-AC406AFA1D55->63029d58-985e-44b6-b8f1-28f19ea5ad76-GrpcLogAppender: appendEntries Timeout, request=300524ac-6f40-4001-8852-e3bc017e7a2d->63029d58-985e-44b6-b8f1-28f19ea5ad76#57-t1, previous=(t:1, i:12), leaderCommit=6, initializing? false, entries: <empty>
2019-09-12 06:04:51,477 [grpc-default-executor-1] INFO  client.GrpcClientProtocolClient (GrpcClientProtocolClient.java:onNext(264)) - client-A62FE20F707D->e419d203-ae84-45b4-a349-326cccf7322d: receive RaftClientReply:client-A62FE20F707D->e419d203-ae84-45b4-a349-326cccf7322d@group-AC406AFA1D55, cid=131, FAILED org.apache.ratis.protocol.NotLeaderException: Server e419d203-ae84-45b4-a349-326cccf7322d@group-AC406AFA1D55 is not the leader 300524ac-6f40-4001-8852-e3bc017e7a2d:192.168.34.52:35783, logIndex=0, commits[e419d203-ae84-45b4-a349-326cccf7322d:c6, 63029d58-985e-44b6-b8f1-28f19ea5ad76:c4, 300524ac-6f40-4001-8852-e3bc017e7a2d:c6]
2019-09-12 06:04:53,548 [java.util.concurrent.ThreadPoolExecutor$Worker@3e4969f5[State = -1, empty queue]] WARN  server.GrpcLogAppender (GrpcLogAppender.java:timeoutAppendRequest(200)) - 300524ac-6f40-4001-8852-e3bc017e7a2d@group-AC406AFA1D55->e419d203-ae84-45b4-a349-326cccf7322d-GrpcLogAppender: appendEntries Timeout, request=300524ac-6f40-4001-8852-e3bc017e7a2d->e419d203-ae84-45b4-a349-326cccf7322d#58-t1, previous=(t:1, i:12), leaderCommit=6, initializing? false, entries: <empty>
2019-09-12 06:04:53,548 [java.util.concurrent.ThreadPoolExecutor$Worker@13edb407[State = -1, empty queue]] WARN  server.GrpcLogAppender (GrpcLogAppender.java:timeoutAppendRequest(200)) - 300524ac-6f40-4001-8852-e3bc017e7a2d@group-AC406AFA1D55->63029d58-985e-44b6-b8f1-28f19ea5ad76-GrpcLogAppender: appendEntries Timeout, request=300524ac-6f40-4001-8852-e3bc017e7a2d->63029d58-985e-44b6-b8f1-28f19ea5ad76#58-t1, previous=(t:1, i:12), leaderCommit=6, initializing? false, entries: <empty>
2019-09-12 06:04:55,515 [300524ac-6f40-4001-8852-e3bc017e7a2d@group-AC406AFA1D55-SegmentedRaftLogWorker] WARN  segmented.SegmentedRaftLogWorker (SegmentedRaftLogWorker.java:getFromFuture(90)) - Timeout 9/~
org.apache.ratis.protocol.TimeoutIOException: Timeout 10s: WriteLog:7: (t:1, i:7), STATEMACHINELOGENTRY, client-A62FE20F707D, cid=131-writeStateMachineData
	at org.apache.ratis.util.IOUtils.getFromFuture(IOUtils.java:87)
	at org.apache.ratis.server.raftlog.segmented.SegmentedRaftLogWorker$StateMachineDataPolicy.getFromFuture(SegmentedRaftLogWorker.java:87)
	at org.apache.ratis.server.raftlog.segmented.SegmentedRaftLogWorker$WriteLog.execute(SegmentedRaftLogWorker.java:477)
	at org.apache.ratis.server.raftlog.segmented.SegmentedRaftLogWorker.run(SegmentedRaftLogWorker.java:289)
	at java.lang.Thread.run(Thread.java:748)
Caused by: java.util.concurrent.TimeoutException
	at java.util.concurrent.CompletableFuture.timedGet(CompletableFuture.java:1771)
	at java.util.concurrent.CompletableFuture.get(CompletableFuture.java:1915)
	at org.apache.ratis.util.IOUtils.getFromFuture(IOUtils.java:79)
	... 4 more
2019-09-12 06:04:55,541 [e419d203-ae84-45b4-a349-326cccf7322d@group-AC406AFA1D55-SegmentedRaftLogWorker] WARN  segmented.SegmentedRaftLogWorker (SegmentedRaftLogWorker.java:getFromFuture(90)) - Timeout 9/~
org.apache.ratis.protocol.TimeoutIOException: Timeout 10s: WriteLog:7: (t:1, i:7), STATEMACHINELOGENTRY, client-A62FE20F707D, cid=131-writeStateMachineData
	at org.apache.ratis.util.IOUtils.getFromFuture(IOUtils.java:87)
	at org.apache.ratis.server.raftlog.segmented.SegmentedRaftLogWorker$StateMachineDataPolicy.getFromFuture(SegmentedRaftLogWorker.java:87)
	at org.apache.ratis.server.raftlog.segmented.SegmentedRaftLogWorker$WriteLog.execute(SegmentedRaftLogWorker.java:477)
	at org.apache.ratis.server.raftlog.segmented.SegmentedRaftLogWorker.run(SegmentedRaftLogWorker.java:289)
	at java.lang.Thread.run(Thread.java:748)
Caused by: java.util.concurrent.TimeoutException
	at java.util.concurrent.CompletableFuture.timedGet(CompletableFuture.java:1771)
	at java.util.concurrent.CompletableFuture.get(CompletableFuture.java:1915)
	at org.apache.ratis.util.IOUtils.getFromFuture(IOUtils.java:79)
	... 4 more
2019-09-12 06:04:55,541 [63029d58-985e-44b6-b8f1-28f19ea5ad76@group-AC406AFA1D55-SegmentedRaftLogWorker] WARN  segmented.SegmentedRaftLogWorker (SegmentedRaftLogWorker.java:getFromFuture(90)) - Timeout 9/~
org.apache.ratis.protocol.TimeoutIOException: Timeout 10s: WriteLog:7: (t:1, i:7), STATEMACHINELOGENTRY, client-A62FE20F707D, cid=131-writeStateMachineData
	at org.apache.ratis.util.IOUtils.getFromFuture(IOUtils.java:87)
	at org.apache.ratis.server.raftlog.segmented.SegmentedRaftLogWorker$StateMachineDataPolicy.getFromFuture(SegmentedRaftLogWorker.java:87)
	at org.apache.ratis.server.raftlog.segmented.SegmentedRaftLogWorker$WriteLog.execute(SegmentedRaftLogWorker.java:477)
	at org.apache.ratis.server.raftlog.segmented.SegmentedRaftLogWorker.run(SegmentedRaftLogWorker.java:289)
	at java.lang.Thread.run(Thread.java:748)
Caused by: java.util.concurrent.TimeoutException
	at java.util.concurrent.CompletableFuture.timedGet(CompletableFuture.java:1771)
	at java.util.concurrent.CompletableFuture.get(CompletableFuture.java:1915)
	at org.apache.ratis.util.IOUtils.getFromFuture(IOUtils.java:79)
	... 4 more
2019-09-12 06:04:56,048 [java.util.concurrent.ThreadPoolExecutor$Worker@13edb407[State = -1, empty queue]] WARN  server.GrpcLogAppender (GrpcLogAppender.java:timeoutAppendRequest(200)) - 300524ac-6f40-4001-8852-e3bc017e7a2d@group-AC406AFA1D55->63029d58-985e-44b6-b8f1-28f19ea5ad76-GrpcLogAppender: appendEntries Timeout, request=300524ac-6f40-4001-8852-e3bc017e7a2d->63029d58-985e-44b6-b8f1-28f19ea5ad76#59-t1, previous=(t:1, i:12), leaderCommit=6, initializing? false, entries: <empty>
2019-09-12 06:04:56,048 [java.util.concurrent.ThreadPoolExecutor$Worker@3e4969f5[State = -1, empty queue]] WARN  server.GrpcLogAppender (GrpcLogAppender.java:timeoutAppendRequest(200)) - 300524ac-6f40-4001-8852-e3bc017e7a2d@group-AC406AFA1D55->e419d203-ae84-45b4-a349-326cccf7322d-GrpcLogAppender: appendEntries Timeout, request=300524ac-6f40-4001-8852-e3bc017e7a2d->e419d203-ae84-45b4-a349-326cccf7322d#59-t1, previous=(t:1, i:12), leaderCommit=6, initializing? false, entries: <empty>
2019-09-12 06:04:56,521 [grpc-default-executor-1] INFO  client.GrpcClientProtocolClient (GrpcClientProtocolClient.java:onNext(264)) - client-A62FE20F707D->63029d58-985e-44b6-b8f1-28f19ea5ad76: receive RaftClientReply:client-A62FE20F707D->63029d58-985e-44b6-b8f1-28f19ea5ad76@group-AC406AFA1D55, cid=131, FAILED org.apache.ratis.protocol.NotLeaderException: Server 63029d58-985e-44b6-b8f1-28f19ea5ad76@group-AC406AFA1D55 is not the leader 300524ac-6f40-4001-8852-e3bc017e7a2d:192.168.34.52:35783, logIndex=0, commits[63029d58-985e-44b6-b8f1-28f19ea5ad76:c6, 300524ac-6f40-4001-8852-e3bc017e7a2d:c6, e419d203-ae84-45b4-a349-326cccf7322d:c4]
2019-09-12 06:04:58,548 [java.util.concurrent.ThreadPoolExecutor$Worker@3e4969f5[State = -1, empty queue]] WARN  server.GrpcLogAppender (GrpcLogAppender.java:timeoutAppendRequest(200)) - 300524ac-6f40-4001-8852-e3bc017e7a2d@group-AC406AFA1D55->e419d203-ae84-45b4-a349-326cccf7322d-GrpcLogAppender: appendEntries Timeout, request=300524ac-6f40-4001-8852-e3bc017e7a2d->e419d203-ae84-45b4-a349-326cccf7322d#60-t1, previous=(t:1, i:12), leaderCommit=6, initializing? false, entries: <empty>
2019-09-12 06:04:58,548 [java.util.concurrent.ThreadPoolExecutor$Worker@13edb407[State = -1, empty queue]] WARN  server.GrpcLogAppender (GrpcLogAppender.java:timeoutAppendRequest(200)) - 300524ac-6f40-4001-8852-e3bc017e7a2d@group-AC406AFA1D55->63029d58-985e-44b6-b8f1-28f19ea5ad76-GrpcLogAppender: appendEntries Timeout, request=300524ac-6f40-4001-8852-e3bc017e7a2d->63029d58-985e-44b6-b8f1-28f19ea5ad76#60-t1, previous=(t:1, i:12), leaderCommit=6, initializing? false, entries: <empty>
2019-09-12 06:05:01,049 [java.util.concurrent.ThreadPoolExecutor$Worker@3e4969f5[State = -1, empty queue]] WARN  server.GrpcLogAppender (GrpcLogAppender.java:timeoutAppendRequest(200)) - 300524ac-6f40-4001-8852-e3bc017e7a2d@group-AC406AFA1D55->e419d203-ae84-45b4-a349-326cccf7322d-GrpcLogAppender: appendEntries Timeout, request=300524ac-6f40-4001-8852-e3bc017e7a2d->e419d203-ae84-45b4-a349-326cccf7322d#61-t1, previous=(t:1, i:12), leaderCommit=6, initializing? false, entries: <empty>
2019-09-12 06:05:01,049 [java.util.concurrent.ThreadPoolExecutor$Worker@13edb407[State = -1, empty queue]] WARN  server.GrpcLogAppender (GrpcLogAppender.java:timeoutAppendRequest(200)) - 300524ac-6f40-4001-8852-e3bc017e7a2d@group-AC406AFA1D55->63029d58-985e-44b6-b8f1-28f19ea5ad76-GrpcLogAppender: appendEntries Timeout, request=300524ac-6f40-4001-8852-e3bc017e7a2d->63029d58-985e-44b6-b8f1-28f19ea5ad76#61-t1, previous=(t:1, i:12), leaderCommit=6, initializing? false, entries: <empty>
2019-09-12 06:05:01,597 [grpc-default-executor-1] INFO  client.GrpcClientProtocolClient (GrpcClientProtocolClient.java:onNext(264)) - client-A62FE20F707D->63029d58-985e-44b6-b8f1-28f19ea5ad76: receive RaftClientReply:client-A62FE20F707D->63029d58-985e-44b6-b8f1-28f19ea5ad76@group-AC406AFA1D55, cid=131, FAILED org.apache.ratis.protocol.NotLeaderException: Server 63029d58-985e-44b6-b8f1-28f19ea5ad76@group-AC406AFA1D55 is not the leader 300524ac-6f40-4001-8852-e3bc017e7a2d:192.168.34.52:35783, logIndex=0, commits[63029d58-985e-44b6-b8f1-28f19ea5ad76:c6, 300524ac-6f40-4001-8852-e3bc017e7a2d:c6, e419d203-ae84-45b4-a349-326cccf7322d:c4]
2019-09-12 06:05:03,554 [java.util.concurrent.ThreadPoolExecutor$Worker@13edb407[State = -1, empty queue]] WARN  server.GrpcLogAppender (GrpcLogAppender.java:timeoutAppendRequest(200)) - 300524ac-6f40-4001-8852-e3bc017e7a2d@group-AC406AFA1D55->63029d58-985e-44b6-b8f1-28f19ea5ad76-GrpcLogAppender: appendEntries Timeout, request=300524ac-6f40-4001-8852-e3bc017e7a2d->63029d58-985e-44b6-b8f1-28f19ea5ad76#62-t1, previous=(t:1, i:12), leaderCommit=6, initializing? false, entries: <empty>
2019-09-12 06:05:03,554 [java.util.concurrent.ThreadPoolExecutor$Worker@3e4969f5[State = -1, empty queue]] WARN  server.GrpcLogAppender (GrpcLogAppender.java:timeoutAppendRequest(200)) - 300524ac-6f40-4001-8852-e3bc017e7a2d@group-AC406AFA1D55->e419d203-ae84-45b4-a349-326cccf7322d-GrpcLogAppender: appendEntries Timeout, request=300524ac-6f40-4001-8852-e3bc017e7a2d->e419d203-ae84-45b4-a349-326cccf7322d#62-t1, previous=(t:1, i:12), leaderCommit=6, initializing? false, entries: <empty>
2019-09-12 06:05:05,516 [300524ac-6f40-4001-8852-e3bc017e7a2d@group-AC406AFA1D55-SegmentedRaftLogWorker] WARN  segmented.SegmentedRaftLogWorker (SegmentedRaftLogWorker.java:getFromFuture(90)) - Timeout 10/~
org.apache.ratis.protocol.TimeoutIOException: Timeout 10s: WriteLog:7: (t:1, i:7), STATEMACHINELOGENTRY, client-A62FE20F707D, cid=131-writeStateMachineData
	at org.apache.ratis.util.IOUtils.getFromFuture(IOUtils.java:87)
	at org.apache.ratis.server.raftlog.segmented.SegmentedRaftLogWorker$StateMachineDataPolicy.getFromFuture(SegmentedRaftLogWorker.java:87)
	at org.apache.ratis.server.raftlog.segmented.SegmentedRaftLogWorker$WriteLog.execute(SegmentedRaftLogWorker.java:477)
	at org.apache.ratis.server.raftlog.segmented.SegmentedRaftLogWorker.run(SegmentedRaftLogWorker.java:289)
	at java.lang.Thread.run(Thread.java:748)
Caused by: java.util.concurrent.TimeoutException
	at java.util.concurrent.CompletableFuture.timedGet(CompletableFuture.java:1771)
	at java.util.concurrent.CompletableFuture.get(CompletableFuture.java:1915)
	at org.apache.ratis.util.IOUtils.getFromFuture(IOUtils.java:79)
	... 4 more
2019-09-12 06:05:05,541 [e419d203-ae84-45b4-a349-326cccf7322d@group-AC406AFA1D55-SegmentedRaftLogWorker] WARN  segmented.SegmentedRaftLogWorker (SegmentedRaftLogWorker.java:getFromFuture(90)) - Timeout 10/~
org.apache.ratis.protocol.TimeoutIOException: Timeout 10s: WriteLog:7: (t:1, i:7), STATEMACHINELOGENTRY, client-A62FE20F707D, cid=131-writeStateMachineData
	at org.apache.ratis.util.IOUtils.getFromFuture(IOUtils.java:87)
	at org.apache.ratis.server.raftlog.segmented.SegmentedRaftLogWorker$StateMachineDataPolicy.getFromFuture(SegmentedRaftLogWorker.java:87)
	at org.apache.ratis.server.raftlog.segmented.SegmentedRaftLogWorker$WriteLog.execute(SegmentedRaftLogWorker.java:477)
	at org.apache.ratis.server.raftlog.segmented.SegmentedRaftLogWorker.run(SegmentedRaftLogWorker.java:289)
	at java.lang.Thread.run(Thread.java:748)
Caused by: java.util.concurrent.TimeoutException
	at java.util.concurrent.CompletableFuture.timedGet(CompletableFuture.java:1771)
	at java.util.concurrent.CompletableFuture.get(CompletableFuture.java:1915)
	at org.apache.ratis.util.IOUtils.getFromFuture(IOUtils.java:79)
	... 4 more
2019-09-12 06:05:05,542 [63029d58-985e-44b6-b8f1-28f19ea5ad76@group-AC406AFA1D55-SegmentedRaftLogWorker] WARN  segmented.SegmentedRaftLogWorker (SegmentedRaftLogWorker.java:getFromFuture(90)) - Timeout 10/~
org.apache.ratis.protocol.TimeoutIOException: Timeout 10s: WriteLog:7: (t:1, i:7), STATEMACHINELOGENTRY, client-A62FE20F707D, cid=131-writeStateMachineData
	at org.apache.ratis.util.IOUtils.getFromFuture(IOUtils.java:87)
	at org.apache.ratis.server.raftlog.segmented.SegmentedRaftLogWorker$StateMachineDataPolicy.getFromFuture(SegmentedRaftLogWorker.java:87)
	at org.apache.ratis.server.raftlog.segmented.SegmentedRaftLogWorker$WriteLog.execute(SegmentedRaftLogWorker.java:477)
	at org.apache.ratis.server.raftlog.segmented.SegmentedRaftLogWorker.run(SegmentedRaftLogWorker.java:289)
	at java.lang.Thread.run(Thread.java:748)
Caused by: java.util.concurrent.TimeoutException
	at java.util.concurrent.CompletableFuture.timedGet(CompletableFuture.java:1771)
	at java.util.concurrent.CompletableFuture.get(CompletableFuture.java:1915)
	at org.apache.ratis.util.IOUtils.getFromFuture(IOUtils.java:79)
	... 4 more
2019-09-12 06:05:06,054 [java.util.concurrent.ThreadPoolExecutor$Worker@13edb407[State = -1, empty queue]] WARN  server.GrpcLogAppender (GrpcLogAppender.java:timeoutAppendRequest(200)) - 300524ac-6f40-4001-8852-e3bc017e7a2d@group-AC406AFA1D55->63029d58-985e-44b6-b8f1-28f19ea5ad76-GrpcLogAppender: appendEntries Timeout, request=300524ac-6f40-4001-8852-e3bc017e7a2d->63029d58-985e-44b6-b8f1-28f19ea5ad76#63-t1, previous=(t:1, i:12), leaderCommit=6, initializing? false, entries: <empty>
2019-09-12 06:05:06,054 [java.util.concurrent.ThreadPoolExecutor$Worker@3e4969f5[State = -1, empty queue]] WARN  server.GrpcLogAppender (GrpcLogAppender.java:timeoutAppendRequest(200)) - 300524ac-6f40-4001-8852-e3bc017e7a2d@group-AC406AFA1D55->e419d203-ae84-45b4-a349-326cccf7322d-GrpcLogAppender: appendEntries Timeout, request=300524ac-6f40-4001-8852-e3bc017e7a2d->e419d203-ae84-45b4-a349-326cccf7322d#63-t1, previous=(t:1, i:12), leaderCommit=6, initializing? false, entries: <empty>
2019-09-12 06:05:06,650 [grpc-default-executor-1] INFO  client.GrpcClientProtocolClient (GrpcClientProtocolClient.java:onNext(264)) - client-A62FE20F707D->e419d203-ae84-45b4-a349-326cccf7322d: receive RaftClientReply:client-A62FE20F707D->e419d203-ae84-45b4-a349-326cccf7322d@group-AC406AFA1D55, cid=131, FAILED org.apache.ratis.protocol.NotLeaderException: Server e419d203-ae84-45b4-a349-326cccf7322d@group-AC406AFA1D55 is not the leader 300524ac-6f40-4001-8852-e3bc017e7a2d:192.168.34.52:35783, logIndex=0, commits[e419d203-ae84-45b4-a349-326cccf7322d:c6, 63029d58-985e-44b6-b8f1-28f19ea5ad76:c4, 300524ac-6f40-4001-8852-e3bc017e7a2d:c6]
2019-09-12 06:05:08,555 [java.util.concurrent.ThreadPoolExecutor$Worker@13edb407[State = -1, empty queue]] WARN  server.GrpcLogAppender (GrpcLogAppender.java:timeoutAppendRequest(200)) - 300524ac-6f40-4001-8852-e3bc017e7a2d@group-AC406AFA1D55->63029d58-985e-44b6-b8f1-28f19ea5ad76-GrpcLogAppender: appendEntries Timeout, request=300524ac-6f40-4001-8852-e3bc017e7a2d->63029d58-985e-44b6-b8f1-28f19ea5ad76#64-t1, previous=(t:1, i:12), leaderCommit=6, initializing? false, entries: <empty>
2019-09-12 06:05:08,555 [java.util.concurrent.ThreadPoolExecutor$Worker@3e4969f5[State = -1, empty queue]] WARN  server.GrpcLogAppender (GrpcLogAppender.java:timeoutAppendRequest(200)) - 300524ac-6f40-4001-8852-e3bc017e7a2d@group-AC406AFA1D55->e419d203-ae84-45b4-a349-326cccf7322d-GrpcLogAppender: appendEntries Timeout, request=300524ac-6f40-4001-8852-e3bc017e7a2d->e419d203-ae84-45b4-a349-326cccf7322d#64-t1, previous=(t:1, i:12), leaderCommit=6, initializing? false, entries: <empty>
2019-09-12 06:05:11,055 [java.util.concurrent.ThreadPoolExecutor$Worker@13edb407[State = -1, empty queue]] WARN  server.GrpcLogAppender (GrpcLogAppender.java:timeoutAppendRequest(200)) - 300524ac-6f40-4001-8852-e3bc017e7a2d@group-AC406AFA1D55->63029d58-985e-44b6-b8f1-28f19ea5ad76-GrpcLogAppender: appendEntries Timeout, request=300524ac-6f40-4001-8852-e3bc017e7a2d->63029d58-985e-44b6-b8f1-28f19ea5ad76#65-t1, previous=(t:1, i:12), leaderCommit=6, initializing? false, entries: <empty>
2019-09-12 06:05:11,055 [java.util.concurrent.ThreadPoolExecutor$Worker@3e4969f5[State = -1, empty queue]] WARN  server.GrpcLogAppender (GrpcLogAppender.java:timeoutAppendRequest(200)) - 300524ac-6f40-4001-8852-e3bc017e7a2d@group-AC406AFA1D55->e419d203-ae84-45b4-a349-326cccf7322d-GrpcLogAppender: appendEntries Timeout, request=300524ac-6f40-4001-8852-e3bc017e7a2d->e419d203-ae84-45b4-a349-326cccf7322d#65-t1, previous=(t:1, i:12), leaderCommit=6, initializing? false, entries: <empty>
2019-09-12 06:05:11,713 [grpc-default-executor-7] INFO  client.GrpcClientProtocolClient (GrpcClientProtocolClient.java:onNext(264)) - client-A62FE20F707D->e419d203-ae84-45b4-a349-326cccf7322d: receive RaftClientReply:client-A62FE20F707D->e419d203-ae84-45b4-a349-326cccf7322d@group-AC406AFA1D55, cid=131, FAILED org.apache.ratis.protocol.NotLeaderException: Server e419d203-ae84-45b4-a349-326cccf7322d@group-AC406AFA1D55 is not the leader 300524ac-6f40-4001-8852-e3bc017e7a2d:192.168.34.52:35783, logIndex=0, commits[e419d203-ae84-45b4-a349-326cccf7322d:c6, 63029d58-985e-44b6-b8f1-28f19ea5ad76:c4, 300524ac-6f40-4001-8852-e3bc017e7a2d:c6]
2019-09-12 06:05:13,556 [java.util.concurrent.ThreadPoolExecutor$Worker@3e4969f5[State = -1, empty queue]] WARN  server.GrpcLogAppender (GrpcLogAppender.java:timeoutAppendRequest(200)) - 300524ac-6f40-4001-8852-e3bc017e7a2d@group-AC406AFA1D55->e419d203-ae84-45b4-a349-326cccf7322d-GrpcLogAppender: appendEntries Timeout, request=300524ac-6f40-4001-8852-e3bc017e7a2d->e419d203-ae84-45b4-a349-326cccf7322d#66-t1, previous=(t:1, i:12), leaderCommit=6, initializing? false, entries: <empty>
2019-09-12 06:05:13,556 [java.util.concurrent.ThreadPoolExecutor$Worker@13edb407[State = -1, empty queue]] WARN  server.GrpcLogAppender (GrpcLogAppender.java:timeoutAppendRequest(200)) - 300524ac-6f40-4001-8852-e3bc017e7a2d@group-AC406AFA1D55->63029d58-985e-44b6-b8f1-28f19ea5ad76-GrpcLogAppender: appendEntries Timeout, request=300524ac-6f40-4001-8852-e3bc017e7a2d->63029d58-985e-44b6-b8f1-28f19ea5ad76#66-t1, previous=(t:1, i:12), leaderCommit=6, initializing? false, entries: <empty>
2019-09-12 06:05:15,518 [300524ac-6f40-4001-8852-e3bc017e7a2d@group-AC406AFA1D55-SegmentedRaftLogWorker] WARN  segmented.SegmentedRaftLogWorker (SegmentedRaftLogWorker.java:getFromFuture(90)) - Timeout 11/~
org.apache.ratis.protocol.TimeoutIOException: Timeout 10s: WriteLog:7: (t:1, i:7), STATEMACHINELOGENTRY, client-A62FE20F707D, cid=131-writeStateMachineData
	at org.apache.ratis.util.IOUtils.getFromFuture(IOUtils.java:87)
	at org.apache.ratis.server.raftlog.segmented.SegmentedRaftLogWorker$StateMachineDataPolicy.getFromFuture(SegmentedRaftLogWorker.java:87)
	at org.apache.ratis.server.raftlog.segmented.SegmentedRaftLogWorker$WriteLog.execute(SegmentedRaftLogWorker.java:477)
	at org.apache.ratis.server.raftlog.segmented.SegmentedRaftLogWorker.run(SegmentedRaftLogWorker.java:289)
	at java.lang.Thread.run(Thread.java:748)
Caused by: java.util.concurrent.TimeoutException
	at java.util.concurrent.CompletableFuture.timedGet(CompletableFuture.java:1771)
	at java.util.concurrent.CompletableFuture.get(CompletableFuture.java:1915)
	at org.apache.ratis.util.IOUtils.getFromFuture(IOUtils.java:79)
	... 4 more
2019-09-12 06:05:15,542 [e419d203-ae84-45b4-a349-326cccf7322d@group-AC406AFA1D55-SegmentedRaftLogWorker] WARN  segmented.SegmentedRaftLogWorker (SegmentedRaftLogWorker.java:getFromFuture(90)) - Timeout 11/~
org.apache.ratis.protocol.TimeoutIOException: Timeout 10s: WriteLog:7: (t:1, i:7), STATEMACHINELOGENTRY, client-A62FE20F707D, cid=131-writeStateMachineData
	at org.apache.ratis.util.IOUtils.getFromFuture(IOUtils.java:87)
	at org.apache.ratis.server.raftlog.segmented.SegmentedRaftLogWorker$StateMachineDataPolicy.getFromFuture(SegmentedRaftLogWorker.java:87)
	at org.apache.ratis.server.raftlog.segmented.SegmentedRaftLogWorker$WriteLog.execute(SegmentedRaftLogWorker.java:477)
	at org.apache.ratis.server.raftlog.segmented.SegmentedRaftLogWorker.run(SegmentedRaftLogWorker.java:289)
	at java.lang.Thread.run(Thread.java:748)
Caused by: java.util.concurrent.TimeoutException
	at java.util.concurrent.CompletableFuture.timedGet(CompletableFuture.java:1771)
	at java.util.concurrent.CompletableFuture.get(CompletableFuture.java:1915)
	at org.apache.ratis.util.IOUtils.getFromFuture(IOUtils.java:79)
	... 4 more
2019-09-12 06:05:15,543 [63029d58-985e-44b6-b8f1-28f19ea5ad76@group-AC406AFA1D55-SegmentedRaftLogWorker] WARN  segmented.SegmentedRaftLogWorker (SegmentedRaftLogWorker.java:getFromFuture(90)) - Timeout 11/~
org.apache.ratis.protocol.TimeoutIOException: Timeout 10s: WriteLog:7: (t:1, i:7), STATEMACHINELOGENTRY, client-A62FE20F707D, cid=131-writeStateMachineData
	at org.apache.ratis.util.IOUtils.getFromFuture(IOUtils.java:87)
	at org.apache.ratis.server.raftlog.segmented.SegmentedRaftLogWorker$StateMachineDataPolicy.getFromFuture(SegmentedRaftLogWorker.java:87)
	at org.apache.ratis.server.raftlog.segmented.SegmentedRaftLogWorker$WriteLog.execute(SegmentedRaftLogWorker.java:477)
	at org.apache.ratis.server.raftlog.segmented.SegmentedRaftLogWorker.run(SegmentedRaftLogWorker.java:289)
	at java.lang.Thread.run(Thread.java:748)
Caused by: java.util.concurrent.TimeoutException
	at java.util.concurrent.CompletableFuture.timedGet(CompletableFuture.java:1771)
	at java.util.concurrent.CompletableFuture.get(CompletableFuture.java:1915)
	at org.apache.ratis.util.IOUtils.getFromFuture(IOUtils.java:79)
	... 4 more
2019-09-12 06:05:15,558 [org.apache.ratis.server.impl.LogAppender$AppenderDaemon$$Lambda$547/1589537345@524f13b5] ERROR ratis.XceiverServerRatis (XceiverServerRatis.java:triggerPipelineClose(568)) - pipeline Action CLOSE  on pipeline PipelineID=b4a944af-cbb9-4f34-adc2-ac406afa1d55.Reason : 300524ac-6f40-4001-8852-e3bc017e7a2d has not seen follower/s 63029d58-985e-44b6-b8f1-28f19ea5ad76 for 120159ms e419d203-ae84-45b4-a349-326cccf7322d for 120159ms
2019-09-12 06:05:15,558 [org.apache.ratis.server.impl.LogAppender$AppenderDaemon$$Lambda$547/1589537345@6a394145] ERROR ratis.XceiverServerRatis (XceiverServerRatis.java:triggerPipelineClose(568)) - pipeline Action CLOSE  on pipeline PipelineID=b4a944af-cbb9-4f34-adc2-ac406afa1d55.Reason : 300524ac-6f40-4001-8852-e3bc017e7a2d has not seen follower/s 63029d58-985e-44b6-b8f1-28f19ea5ad76 for 120159ms e419d203-ae84-45b4-a349-326cccf7322d for 120159ms
2019-09-12 06:05:15,624 [EventQueue-PipelineActionsForPipelineActionHandler] ERROR pipeline.PipelineActionHandler (PipelineActionHandler.java:onMessage(60)) - Received pipeline action CLOSE for Pipeline[ Id: b4a944af-cbb9-4f34-adc2-ac406afa1d55, Nodes: 63029d58-985e-44b6-b8f1-28f19ea5ad76{ip: 192.168.34.52, host: trunk-nightly-20190912-4gc2t-2068889165, networkLocation: /default-rack, certSerialId: null}e419d203-ae84-45b4-a349-326cccf7322d{ip: 192.168.34.52, host: trunk-nightly-20190912-4gc2t-2068889165, networkLocation: /default-rack, certSerialId: null}300524ac-6f40-4001-8852-e3bc017e7a2d{ip: 192.168.34.52, host: trunk-nightly-20190912-4gc2t-2068889165, networkLocation: /default-rack, certSerialId: null}, Type:RATIS, Factor:THREE, State:OPEN] from datanode 300524ac-6f40-4001-8852-e3bc017e7a2d{ip: 192.168.34.52, host: trunk-nightly-20190912-4gc2t-2068889165, networkLocation: /default-rack, certSerialId: null}. Reason : 300524ac-6f40-4001-8852-e3bc017e7a2d has not seen follower/s 63029d58-985e-44b6-b8f1-28f19ea5ad76 for 120159ms e419d203-ae84-45b4-a349-326cccf7322d for 120159ms
2019-09-12 06:05:15,625 [EventQueue-PipelineActionsForPipelineActionHandler] INFO  pipeline.SCMPipelineManager (SCMPipelineManager.java:finalizeAndDestroyPipeline(311)) - destroying pipeline:Pipeline[ Id: b4a944af-cbb9-4f34-adc2-ac406afa1d55, Nodes: 63029d58-985e-44b6-b8f1-28f19ea5ad76{ip: 192.168.34.52, host: trunk-nightly-20190912-4gc2t-2068889165, networkLocation: /default-rack, certSerialId: null}e419d203-ae84-45b4-a349-326cccf7322d{ip: 192.168.34.52, host: trunk-nightly-20190912-4gc2t-2068889165, networkLocation: /default-rack, certSerialId: null}300524ac-6f40-4001-8852-e3bc017e7a2d{ip: 192.168.34.52, host: trunk-nightly-20190912-4gc2t-2068889165, networkLocation: /default-rack, certSerialId: null}, Type:RATIS, Factor:THREE, State:OPEN]
2019-09-12 06:05:15,625 [EventQueue-PipelineActionsForPipelineActionHandler] INFO  pipeline.PipelineStateManager (PipelineStateManager.java:finalizePipeline(123)) - Pipeline Pipeline[ Id: b4a944af-cbb9-4f34-adc2-ac406afa1d55, Nodes: 63029d58-985e-44b6-b8f1-28f19ea5ad76{ip: 192.168.34.52, host: trunk-nightly-20190912-4gc2t-2068889165, networkLocation: /default-rack, certSerialId: null}e419d203-ae84-45b4-a349-326cccf7322d{ip: 192.168.34.52, host: trunk-nightly-20190912-4gc2t-2068889165, networkLocation: /default-rack, certSerialId: null}300524ac-6f40-4001-8852-e3bc017e7a2d{ip: 192.168.34.52, host: trunk-nightly-20190912-4gc2t-2068889165, networkLocation: /default-rack, certSerialId: null}, Type:RATIS, Factor:THREE, State:CLOSED] moved to CLOSED state
2019-09-12 06:05:15,625 [EventQueue-CloseContainerForCloseContainerEventHandler] INFO  container.CloseContainerEventHandler (CloseContainerEventHandler.java:onMessage(61)) - Close container Event triggered for container : #5
2019-09-12 06:05:15,626 [EventQueue-CloseContainerForCloseContainerEventHandler] INFO  container.CloseContainerEventHandler (CloseContainerEventHandler.java:onMessage(61)) - Close container Event triggered for container : #6
2019-09-12 06:05:16,057 [java.util.concurrent.ThreadPoolExecutor$Worker@3e4969f5[State = -1, empty queue]] WARN  server.GrpcLogAppender (GrpcLogAppender.java:timeoutAppendRequest(200)) - 300524ac-6f40-4001-8852-e3bc017e7a2d@group-AC406AFA1D55->e419d203-ae84-45b4-a349-326cccf7322d-GrpcLogAppender: appendEntries Timeout, request=300524ac-6f40-4001-8852-e3bc017e7a2d->e419d203-ae84-45b4-a349-326cccf7322d#67-t1, previous=(t:1, i:12), leaderCommit=6, initializing? false, entries: <empty>
2019-09-12 06:05:16,057 [java.util.concurrent.ThreadPoolExecutor$Worker@13edb407[State = -1, empty queue]] WARN  server.GrpcLogAppender (GrpcLogAppender.java:timeoutAppendRequest(200)) - 300524ac-6f40-4001-8852-e3bc017e7a2d@group-AC406AFA1D55->63029d58-985e-44b6-b8f1-28f19ea5ad76-GrpcLogAppender: appendEntries Timeout, request=300524ac-6f40-4001-8852-e3bc017e7a2d->63029d58-985e-44b6-b8f1-28f19ea5ad76#67-t1, previous=(t:1, i:12), leaderCommit=6, initializing? false, entries: <empty>
2019-09-12 06:05:16,773 [grpc-default-executor-7] INFO  client.GrpcClientProtocolClient (GrpcClientProtocolClient.java:onNext(264)) - client-A62FE20F707D->63029d58-985e-44b6-b8f1-28f19ea5ad76: receive RaftClientReply:client-A62FE20F707D->63029d58-985e-44b6-b8f1-28f19ea5ad76@group-AC406AFA1D55, cid=131, FAILED org.apache.ratis.protocol.NotLeaderException: Server 63029d58-985e-44b6-b8f1-28f19ea5ad76@group-AC406AFA1D55 is not the leader 300524ac-6f40-4001-8852-e3bc017e7a2d:192.168.34.52:35783, logIndex=0, commits[63029d58-985e-44b6-b8f1-28f19ea5ad76:c6, 300524ac-6f40-4001-8852-e3bc017e7a2d:c6, e419d203-ae84-45b4-a349-326cccf7322d:c4]
2019-09-12 06:05:17,642 [org.apache.ratis.server.impl.LogAppender$AppenderDaemon$$Lambda$547/1589537345@524f13b5] ERROR ratis.XceiverServerRatis (XceiverServerRatis.java:triggerPipelineClose(568)) - pipeline Action CLOSE  on pipeline PipelineID=b4a944af-cbb9-4f34-adc2-ac406afa1d55.Reason : 300524ac-6f40-4001-8852-e3bc017e7a2d has not seen follower/s 63029d58-985e-44b6-b8f1-28f19ea5ad76 for 122244ms e419d203-ae84-45b4-a349-326cccf7322d for 122244ms
2019-09-12 06:05:17,642 [org.apache.ratis.server.impl.LogAppender$AppenderDaemon$$Lambda$547/1589537345@6a394145] ERROR ratis.XceiverServerRatis (XceiverServerRatis.java:triggerPipelineClose(568)) - pipeline Action CLOSE  on pipeline PipelineID=b4a944af-cbb9-4f34-adc2-ac406afa1d55.Reason : 300524ac-6f40-4001-8852-e3bc017e7a2d has not seen follower/s 63029d58-985e-44b6-b8f1-28f19ea5ad76 for 122244ms e419d203-ae84-45b4-a349-326cccf7322d for 122244ms
2019-09-12 06:05:18,558 [java.util.concurrent.ThreadPoolExecutor$Worker@13edb407[State = -1, empty queue]] WARN  server.GrpcLogAppender (GrpcLogAppender.java:timeoutAppendRequest(200)) - 300524ac-6f40-4001-8852-e3bc017e7a2d@group-AC406AFA1D55->63029d58-985e-44b6-b8f1-28f19ea5ad76-GrpcLogAppender: appendEntries Timeout, request=300524ac-6f40-4001-8852-e3bc017e7a2d->63029d58-985e-44b6-b8f1-28f19ea5ad76#68-t1, previous=(t:1, i:12), leaderCommit=6, initializing? false, entries: <empty>
2019-09-12 06:05:18,558 [java.util.concurrent.ThreadPoolExecutor$Worker@3e4969f5[State = -1, empty queue]] WARN  server.GrpcLogAppender (GrpcLogAppender.java:timeoutAppendRequest(200)) - 300524ac-6f40-4001-8852-e3bc017e7a2d@group-AC406AFA1D55->e419d203-ae84-45b4-a349-326cccf7322d-GrpcLogAppender: appendEntries Timeout, request=300524ac-6f40-4001-8852-e3bc017e7a2d->e419d203-ae84-45b4-a349-326cccf7322d#68-t1, previous=(t:1, i:12), leaderCommit=6, initializing? false, entries: <empty>
2019-09-12 06:05:18,641 [EventQueue-PipelineActionsForPipelineActionHandler] ERROR pipeline.PipelineActionHandler (PipelineActionHandler.java:onMessage(60)) - Received pipeline action CLOSE for Pipeline[ Id: b4a944af-cbb9-4f34-adc2-ac406afa1d55, Nodes: 63029d58-985e-44b6-b8f1-28f19ea5ad76{ip: 192.168.34.52, host: trunk-nightly-20190912-4gc2t-2068889165, networkLocation: /default-rack, certSerialId: null}e419d203-ae84-45b4-a349-326cccf7322d{ip: 192.168.34.52, host: trunk-nightly-20190912-4gc2t-2068889165, networkLocation: /default-rack, certSerialId: null}300524ac-6f40-4001-8852-e3bc017e7a2d{ip: 192.168.34.52, host: trunk-nightly-20190912-4gc2t-2068889165, networkLocation: /default-rack, certSerialId: null}, Type:RATIS, Factor:THREE, State:CLOSED] from datanode 300524ac-6f40-4001-8852-e3bc017e7a2d{ip: 192.168.34.52, host: trunk-nightly-20190912-4gc2t-2068889165, networkLocation: /default-rack, certSerialId: null}. Reason : 300524ac-6f40-4001-8852-e3bc017e7a2d has not seen follower/s 63029d58-985e-44b6-b8f1-28f19ea5ad76 for 122244ms e419d203-ae84-45b4-a349-326cccf7322d for 122244ms
2019-09-12 06:05:18,642 [EventQueue-PipelineActionsForPipelineActionHandler] INFO  pipeline.SCMPipelineManager (SCMPipelineManager.java:finalizeAndDestroyPipeline(311)) - destroying pipeline:Pipeline[ Id: b4a944af-cbb9-4f34-adc2-ac406afa1d55, Nodes: 63029d58-985e-44b6-b8f1-28f19ea5ad76{ip: 192.168.34.52, host: trunk-nightly-20190912-4gc2t-2068889165, networkLocation: /default-rack, certSerialId: null}e419d203-ae84-45b4-a349-326cccf7322d{ip: 192.168.34.52, host: trunk-nightly-20190912-4gc2t-2068889165, networkLocation: /default-rack, certSerialId: null}300524ac-6f40-4001-8852-e3bc017e7a2d{ip: 192.168.34.52, host: trunk-nightly-20190912-4gc2t-2068889165, networkLocation: /default-rack, certSerialId: null}, Type:RATIS, Factor:THREE, State:CLOSED]
2019-09-12 06:05:20,144 [org.apache.ratis.server.impl.LogAppender$AppenderDaemon$$Lambda$547/1589537345@524f13b5] ERROR ratis.XceiverServerRatis (XceiverServerRatis.java:triggerPipelineClose(568)) - pipeline Action CLOSE  on pipeline PipelineID=b4a944af-cbb9-4f34-adc2-ac406afa1d55.Reason : 300524ac-6f40-4001-8852-e3bc017e7a2d has not seen follower/s 63029d58-985e-44b6-b8f1-28f19ea5ad76 for 124745ms e419d203-ae84-45b4-a349-326cccf7322d for 124746ms
2019-09-12 06:05:20,144 [org.apache.ratis.server.impl.LogAppender$AppenderDaemon$$Lambda$547/1589537345@6a394145] ERROR ratis.XceiverServerRatis (XceiverServerRatis.java:triggerPipelineClose(568)) - pipeline Action CLOSE  on pipeline PipelineID=b4a944af-cbb9-4f34-adc2-ac406afa1d55.Reason : 300524ac-6f40-4001-8852-e3bc017e7a2d has not seen follower/s 63029d58-985e-44b6-b8f1-28f19ea5ad76 for 124745ms e419d203-ae84-45b4-a349-326cccf7322d for 124746ms
2019-09-12 06:05:20,642 [EventQueue-PipelineActionsForPipelineActionHandler] ERROR pipeline.PipelineActionHandler (PipelineActionHandler.java:onMessage(60)) - Received pipeline action CLOSE for Pipeline[ Id: b4a944af-cbb9-4f34-adc2-ac406afa1d55, Nodes: 63029d58-985e-44b6-b8f1-28f19ea5ad76{ip: 192.168.34.52, host: trunk-nightly-20190912-4gc2t-2068889165, networkLocation: /default-rack, certSerialId: null}e419d203-ae84-45b4-a349-326cccf7322d{ip: 192.168.34.52, host: trunk-nightly-20190912-4gc2t-2068889165, networkLocation: /default-rack, certSerialId: null}300524ac-6f40-4001-8852-e3bc017e7a2d{ip: 192.168.34.52, host: trunk-nightly-20190912-4gc2t-2068889165, networkLocation: /default-rack, certSerialId: null}, Type:RATIS, Factor:THREE, State:CLOSED] from datanode 300524ac-6f40-4001-8852-e3bc017e7a2d{ip: 192.168.34.52, host: trunk-nightly-20190912-4gc2t-2068889165, networkLocation: /default-rack, certSerialId: null}. Reason : 300524ac-6f40-4001-8852-e3bc017e7a2d has not seen follower/s 63029d58-985e-44b6-b8f1-28f19ea5ad76 for 124745ms e419d203-ae84-45b4-a349-326cccf7322d for 124746ms
2019-09-12 06:05:20,642 [EventQueue-PipelineActionsForPipelineActionHandler] INFO  pipeline.SCMPipelineManager (SCMPipelineManager.java:finalizeAndDestroyPipeline(311)) - destroying pipeline:Pipeline[ Id: b4a944af-cbb9-4f34-adc2-ac406afa1d55, Nodes: 63029d58-985e-44b6-b8f1-28f19ea5ad76{ip: 192.168.34.52, host: trunk-nightly-20190912-4gc2t-2068889165, networkLocation: /default-rack, certSerialId: null}e419d203-ae84-45b4-a349-326cccf7322d{ip: 192.168.34.52, host: trunk-nightly-20190912-4gc2t-2068889165, networkLocation: /default-rack, certSerialId: null}300524ac-6f40-4001-8852-e3bc017e7a2d{ip: 192.168.34.52, host: trunk-nightly-20190912-4gc2t-2068889165, networkLocation: /default-rack, certSerialId: null}, Type:RATIS, Factor:THREE, State:CLOSED]
2019-09-12 06:05:20,643 [java.util.concurrent.ThreadPoolExecutor$Worker@13edb407[State = -1, empty queue]] WARN  server.GrpcLogAppender (GrpcLogAppender.java:timeoutAppendRequest(200)) - 300524ac-6f40-4001-8852-e3bc017e7a2d@group-AC406AFA1D55->63029d58-985e-44b6-b8f1-28f19ea5ad76-GrpcLogAppender: appendEntries Timeout, request=300524ac-6f40-4001-8852-e3bc017e7a2d->63029d58-985e-44b6-b8f1-28f19ea5ad76#69-t1, previous=(t:1, i:12), leaderCommit=6, initializing? false, entries: size=1, first=(t:1, i:13), STATEMACHINELOGENTRY, client-8CD109823E47, cid=12
2019-09-12 06:05:20,643 [java.util.concurrent.ThreadPoolExecutor$Worker@3e4969f5[State = -1, empty queue]] WARN  server.GrpcLogAppender (GrpcLogAppender.java:timeoutAppendRequest(200)) - 300524ac-6f40-4001-8852-e3bc017e7a2d@group-AC406AFA1D55->e419d203-ae84-45b4-a349-326cccf7322d-GrpcLogAppender: appendEntries Timeout, request=300524ac-6f40-4001-8852-e3bc017e7a2d->e419d203-ae84-45b4-a349-326cccf7322d#69-t1, previous=(t:1, i:12), leaderCommit=6, initializing? false, entries: size=1, first=(t:1, i:13), STATEMACHINELOGENTRY, client-8CD109823E47, cid=12
2019-09-12 06:05:21,817 [grpc-default-executor-1] INFO  client.GrpcClientProtocolClient (GrpcClientProtocolClient.java:onNext(264)) - client-A62FE20F707D->e419d203-ae84-45b4-a349-326cccf7322d: receive RaftClientReply:client-A62FE20F707D->e419d203-ae84-45b4-a349-326cccf7322d@group-AC406AFA1D55, cid=131, FAILED org.apache.ratis.protocol.NotLeaderException: Server e419d203-ae84-45b4-a349-326cccf7322d@group-AC406AFA1D55 is not the leader 300524ac-6f40-4001-8852-e3bc017e7a2d:192.168.34.52:35783, logIndex=0, commits[e419d203-ae84-45b4-a349-326cccf7322d:c6, 63029d58-985e-44b6-b8f1-28f19ea5ad76:c4, 300524ac-6f40-4001-8852-e3bc017e7a2d:c6]
2019-09-12 06:05:22,644 [org.apache.ratis.server.impl.LogAppender$AppenderDaemon$$Lambda$547/1589537345@6a394145] ERROR ratis.XceiverServerRatis (XceiverServerRatis.java:triggerPipelineClose(568)) - pipeline Action CLOSE  on pipeline PipelineID=b4a944af-cbb9-4f34-adc2-ac406afa1d55.Reason : 300524ac-6f40-4001-8852-e3bc017e7a2d has not seen follower/s 63029d58-985e-44b6-b8f1-28f19ea5ad76 for 127246ms e419d203-ae84-45b4-a349-326cccf7322d for 127246ms
2019-09-12 06:05:22,645 [org.apache.ratis.server.impl.LogAppender$AppenderDaemon$$Lambda$547/1589537345@524f13b5] ERROR ratis.XceiverServerRatis (XceiverServerRatis.java:triggerPipelineClose(568)) - pipeline Action CLOSE  on pipeline PipelineID=b4a944af-cbb9-4f34-adc2-ac406afa1d55.Reason : 300524ac-6f40-4001-8852-e3bc017e7a2d has not seen follower/s 63029d58-985e-44b6-b8f1-28f19ea5ad76 for 127246ms e419d203-ae84-45b4-a349-326cccf7322d for 127246ms
2019-09-12 06:05:23,144 [java.util.concurrent.ThreadPoolExecutor$Worker@13edb407[State = -1, empty queue]] WARN  server.GrpcLogAppender (GrpcLogAppender.java:timeoutAppendRequest(200)) - 300524ac-6f40-4001-8852-e3bc017e7a2d@group-AC406AFA1D55->63029d58-985e-44b6-b8f1-28f19ea5ad76-GrpcLogAppender: appendEntries Timeout, request=300524ac-6f40-4001-8852-e3bc017e7a2d->63029d58-985e-44b6-b8f1-28f19ea5ad76#70-t1, previous=(t:1, i:13), leaderCommit=6, initializing? false, entries: <empty>
2019-09-12 06:05:23,144 [java.util.concurrent.ThreadPoolExecutor$Worker@3e4969f5[State = -1, empty queue]] WARN  server.GrpcLogAppender (GrpcLogAppender.java:timeoutAppendRequest(200)) - 300524ac-6f40-4001-8852-e3bc017e7a2d@group-AC406AFA1D55->e419d203-ae84-45b4-a349-326cccf7322d-GrpcLogAppender: appendEntries Timeout, request=300524ac-6f40-4001-8852-e3bc017e7a2d->e419d203-ae84-45b4-a349-326cccf7322d#70-t1, previous=(t:1, i:13), leaderCommit=6, initializing? false, entries: <empty>
2019-09-12 06:05:23,642 [EventQueue-PipelineActionsForPipelineActionHandler] ERROR pipeline.PipelineActionHandler (PipelineActionHandler.java:onMessage(60)) - Received pipeline action CLOSE for Pipeline[ Id: b4a944af-cbb9-4f34-adc2-ac406afa1d55, Nodes: 63029d58-985e-44b6-b8f1-28f19ea5ad76{ip: 192.168.34.52, host: trunk-nightly-20190912-4gc2t-2068889165, networkLocation: /default-rack, certSerialId: null}e419d203-ae84-45b4-a349-326cccf7322d{ip: 192.168.34.52, host: trunk-nightly-20190912-4gc2t-2068889165, networkLocation: /default-rack, certSerialId: null}300524ac-6f40-4001-8852-e3bc017e7a2d{ip: 192.168.34.52, host: trunk-nightly-20190912-4gc2t-2068889165, networkLocation: /default-rack, certSerialId: null}, Type:RATIS, Factor:THREE, State:CLOSED] from datanode 300524ac-6f40-4001-8852-e3bc017e7a2d{ip: 192.168.34.52, host: trunk-nightly-20190912-4gc2t-2068889165, networkLocation: /default-rack, certSerialId: null}. Reason : 300524ac-6f40-4001-8852-e3bc017e7a2d has not seen follower/s 63029d58-985e-44b6-b8f1-28f19ea5ad76 for 127246ms e419d203-ae84-45b4-a349-326cccf7322d for 127246ms
2019-09-12 06:05:23,642 [EventQueue-PipelineActionsForPipelineActionHandler] INFO  pipeline.SCMPipelineManager (SCMPipelineManager.java:finalizeAndDestroyPipeline(311)) - destroying pipeline:Pipeline[ Id: b4a944af-cbb9-4f34-adc2-ac406afa1d55, Nodes: 63029d58-985e-44b6-b8f1-28f19ea5ad76{ip: 192.168.34.52, host: trunk-nightly-20190912-4gc2t-2068889165, networkLocation: /default-rack, certSerialId: null}e419d203-ae84-45b4-a349-326cccf7322d{ip: 192.168.34.52, host: trunk-nightly-20190912-4gc2t-2068889165, networkLocation: /default-rack, certSerialId: null}300524ac-6f40-4001-8852-e3bc017e7a2d{ip: 192.168.34.52, host: trunk-nightly-20190912-4gc2t-2068889165, networkLocation: /default-rack, certSerialId: null}, Type:RATIS, Factor:THREE, State:CLOSED]
2019-09-12 06:05:25,146 [org.apache.ratis.server.impl.LogAppender$AppenderDaemon$$Lambda$547/1589537345@524f13b5] ERROR ratis.XceiverServerRatis (XceiverServerRatis.java:triggerPipelineClose(568)) - pipeline Action CLOSE  on pipeline PipelineID=b4a944af-cbb9-4f34-adc2-ac406afa1d55.Reason : 300524ac-6f40-4001-8852-e3bc017e7a2d has not seen follower/s 63029d58-985e-44b6-b8f1-28f19ea5ad76 for 129747ms e419d203-ae84-45b4-a349-326cccf7322d for 129747ms
2019-09-12 06:05:25,146 [org.apache.ratis.server.impl.LogAppender$AppenderDaemon$$Lambda$547/1589537345@6a394145] ERROR ratis.XceiverServerRatis (XceiverServerRatis.java:triggerPipelineClose(568)) - pipeline Action CLOSE  on pipeline PipelineID=b4a944af-cbb9-4f34-adc2-ac406afa1d55.Reason : 300524ac-6f40-4001-8852-e3bc017e7a2d has not seen follower/s 63029d58-985e-44b6-b8f1-28f19ea5ad76 for 129747ms e419d203-ae84-45b4-a349-326cccf7322d for 129747ms
2019-09-12 06:05:25,520 [300524ac-6f40-4001-8852-e3bc017e7a2d@group-AC406AFA1D55-SegmentedRaftLogWorker] WARN  segmented.SegmentedRaftLogWorker (SegmentedRaftLogWorker.java:getFromFuture(90)) - Timeout 12/~
org.apache.ratis.protocol.TimeoutIOException: Timeout 10s: WriteLog:7: (t:1, i:7), STATEMACHINELOGENTRY, client-A62FE20F707D, cid=131-writeStateMachineData
	at org.apache.ratis.util.IOUtils.getFromFuture(IOUtils.java:87)
	at org.apache.ratis.server.raftlog.segmented.SegmentedRaftLogWorker$StateMachineDataPolicy.getFromFuture(SegmentedRaftLogWorker.java:87)
	at org.apache.ratis.server.raftlog.segmented.SegmentedRaftLogWorker$WriteLog.execute(SegmentedRaftLogWorker.java:477)
	at org.apache.ratis.server.raftlog.segmented.SegmentedRaftLogWorker.run(SegmentedRaftLogWorker.java:289)
	at java.lang.Thread.run(Thread.java:748)
Caused by: java.util.concurrent.TimeoutException
	at java.util.concurrent.CompletableFuture.timedGet(CompletableFuture.java:1771)
	at java.util.concurrent.CompletableFuture.get(CompletableFuture.java:1915)
	at org.apache.ratis.util.IOUtils.getFromFuture(IOUtils.java:79)
	... 4 more
2019-09-12 06:05:25,543 [e419d203-ae84-45b4-a349-326cccf7322d@group-AC406AFA1D55-SegmentedRaftLogWorker] WARN  segmented.SegmentedRaftLogWorker (SegmentedRaftLogWorker.java:getFromFuture(90)) - Timeout 12/~
org.apache.ratis.protocol.TimeoutIOException: Timeout 10s: WriteLog:7: (t:1, i:7), STATEMACHINELOGENTRY, client-A62FE20F707D, cid=131-writeStateMachineData
	at org.apache.ratis.util.IOUtils.getFromFuture(IOUtils.java:87)
	at org.apache.ratis.server.raftlog.segmented.SegmentedRaftLogWorker$StateMachineDataPolicy.getFromFuture(SegmentedRaftLogWorker.java:87)
	at org.apache.ratis.server.raftlog.segmented.SegmentedRaftLogWorker$WriteLog.execute(SegmentedRaftLogWorker.java:477)
	at org.apache.ratis.server.raftlog.segmented.SegmentedRaftLogWorker.run(SegmentedRaftLogWorker.java:289)
	at java.lang.Thread.run(Thread.java:748)
Caused by: java.util.concurrent.TimeoutException
	at java.util.concurrent.CompletableFuture.timedGet(CompletableFuture.java:1771)
	at java.util.concurrent.CompletableFuture.get(CompletableFuture.java:1915)
	at org.apache.ratis.util.IOUtils.getFromFuture(IOUtils.java:79)
	... 4 more
2019-09-12 06:05:25,543 [63029d58-985e-44b6-b8f1-28f19ea5ad76@group-AC406AFA1D55-SegmentedRaftLogWorker] WARN  segmented.SegmentedRaftLogWorker (SegmentedRaftLogWorker.java:getFromFuture(90)) - Timeout 12/~
org.apache.ratis.protocol.TimeoutIOException: Timeout 10s: WriteLog:7: (t:1, i:7), STATEMACHINELOGENTRY, client-A62FE20F707D, cid=131-writeStateMachineData
	at org.apache.ratis.util.IOUtils.getFromFuture(IOUtils.java:87)
	at org.apache.ratis.server.raftlog.segmented.SegmentedRaftLogWorker$StateMachineDataPolicy.getFromFuture(SegmentedRaftLogWorker.java:87)
	at org.apache.ratis.server.raftlog.segmented.SegmentedRaftLogWorker$WriteLog.execute(SegmentedRaftLogWorker.java:477)
	at org.apache.ratis.server.raftlog.segmented.SegmentedRaftLogWorker.run(SegmentedRaftLogWorker.java:289)
	at java.lang.Thread.run(Thread.java:748)
Caused by: java.util.concurrent.TimeoutException
	at java.util.concurrent.CompletableFuture.timedGet(CompletableFuture.java:1771)
	at java.util.concurrent.CompletableFuture.get(CompletableFuture.java:1915)
	at org.apache.ratis.util.IOUtils.getFromFuture(IOUtils.java:79)
	... 4 more
2019-09-12 06:05:25,642 [EventQueue-PipelineActionsForPipelineActionHandler] ERROR pipeline.PipelineActionHandler (PipelineActionHandler.java:onMessage(60)) - Received pipeline action CLOSE for Pipeline[ Id: b4a944af-cbb9-4f34-adc2-ac406afa1d55, Nodes: 63029d58-985e-44b6-b8f1-28f19ea5ad76{ip: 192.168.34.52, host: trunk-nightly-20190912-4gc2t-2068889165, networkLocation: /default-rack, certSerialId: null}e419d203-ae84-45b4-a349-326cccf7322d{ip: 192.168.34.52, host: trunk-nightly-20190912-4gc2t-2068889165, networkLocation: /default-rack, certSerialId: null}300524ac-6f40-4001-8852-e3bc017e7a2d{ip: 192.168.34.52, host: trunk-nightly-20190912-4gc2t-2068889165, networkLocation: /default-rack, certSerialId: null}, Type:RATIS, Factor:THREE, State:CLOSED] from datanode 300524ac-6f40-4001-8852-e3bc017e7a2d{ip: 192.168.34.52, host: trunk-nightly-20190912-4gc2t-2068889165, networkLocation: /default-rack, certSerialId: null}. Reason : 300524ac-6f40-4001-8852-e3bc017e7a2d has not seen follower/s 63029d58-985e-44b6-b8f1-28f19ea5ad76 for 129747ms e419d203-ae84-45b4-a349-326cccf7322d for 129747ms
2019-09-12 06:05:25,642 [EventQueue-PipelineActionsForPipelineActionHandler] INFO  pipeline.SCMPipelineManager (SCMPipelineManager.java:finalizeAndDestroyPipeline(311)) - destroying pipeline:Pipeline[ Id: b4a944af-cbb9-4f34-adc2-ac406afa1d55, Nodes: 63029d58-985e-44b6-b8f1-28f19ea5ad76{ip: 192.168.34.52, host: trunk-nightly-20190912-4gc2t-2068889165, networkLocation: /default-rack, certSerialId: null}e419d203-ae84-45b4-a349-326cccf7322d{ip: 192.168.34.52, host: trunk-nightly-20190912-4gc2t-2068889165, networkLocation: /default-rack, certSerialId: null}300524ac-6f40-4001-8852-e3bc017e7a2d{ip: 192.168.34.52, host: trunk-nightly-20190912-4gc2t-2068889165, networkLocation: /default-rack, certSerialId: null}, Type:RATIS, Factor:THREE, State:CLOSED]
2019-09-12 06:05:25,644 [java.util.concurrent.ThreadPoolExecutor$Worker@13edb407[State = -1, empty queue]] WARN  server.GrpcLogAppender (GrpcLogAppender.java:timeoutAppendRequest(200)) - 300524ac-6f40-4001-8852-e3bc017e7a2d@group-AC406AFA1D55->63029d58-985e-44b6-b8f1-28f19ea5ad76-GrpcLogAppender: appendEntries Timeout, request=300524ac-6f40-4001-8852-e3bc017e7a2d->63029d58-985e-44b6-b8f1-28f19ea5ad76#71-t1, previous=(t:1, i:13), leaderCommit=6, initializing? false, entries: <empty>
2019-09-12 06:05:25,645 [java.util.concurrent.ThreadPoolExecutor$Worker@3e4969f5[State = -1, empty queue]] WARN  server.GrpcLogAppender (GrpcLogAppender.java:timeoutAppendRequest(200)) - 300524ac-6f40-4001-8852-e3bc017e7a2d@group-AC406AFA1D55->e419d203-ae84-45b4-a349-326cccf7322d-GrpcLogAppender: appendEntries Timeout, request=300524ac-6f40-4001-8852-e3bc017e7a2d->e419d203-ae84-45b4-a349-326cccf7322d#71-t1, previous=(t:1, i:13), leaderCommit=6, initializing? false, entries: <empty>
2019-09-12 06:05:26,860 [grpc-default-executor-3] INFO  client.GrpcClientProtocolClient (GrpcClientProtocolClient.java:onNext(264)) - client-A62FE20F707D->e419d203-ae84-45b4-a349-326cccf7322d: receive RaftClientReply:client-A62FE20F707D->e419d203-ae84-45b4-a349-326cccf7322d@group-AC406AFA1D55, cid=131, FAILED org.apache.ratis.protocol.NotLeaderException: Server e419d203-ae84-45b4-a349-326cccf7322d@group-AC406AFA1D55 is not the leader 300524ac-6f40-4001-8852-e3bc017e7a2d:192.168.34.52:35783, logIndex=0, commits[e419d203-ae84-45b4-a349-326cccf7322d:c6, 63029d58-985e-44b6-b8f1-28f19ea5ad76:c4, 300524ac-6f40-4001-8852-e3bc017e7a2d:c6]
2019-09-12 06:05:27,647 [org.apache.ratis.server.impl.LogAppender$AppenderDaemon$$Lambda$547/1589537345@6a394145] ERROR ratis.XceiverServerRatis (XceiverServerRatis.java:triggerPipelineClose(568)) - pipeline Action CLOSE  on pipeline PipelineID=b4a944af-cbb9-4f34-adc2-ac406afa1d55.Reason : 300524ac-6f40-4001-8852-e3bc017e7a2d has not seen follower/s 63029d58-985e-44b6-b8f1-28f19ea5ad76 for 132248ms e419d203-ae84-45b4-a349-326cccf7322d for 132248ms
2019-09-12 06:05:27,647 [org.apache.ratis.server.impl.LogAppender$AppenderDaemon$$Lambda$547/1589537345@524f13b5] ERROR ratis.XceiverServerRatis (XceiverServerRatis.java:triggerPipelineClose(568)) - pipeline Action CLOSE  on pipeline PipelineID=b4a944af-cbb9-4f34-adc2-ac406afa1d55.Reason : 300524ac-6f40-4001-8852-e3bc017e7a2d has not seen follower/s 63029d58-985e-44b6-b8f1-28f19ea5ad76 for 132248ms e419d203-ae84-45b4-a349-326cccf7322d for 132248ms
2019-09-12 06:05:28,145 [java.util.concurrent.ThreadPoolExecutor$Worker@13edb407[State = -1, empty queue]] WARN  server.GrpcLogAppender (GrpcLogAppender.java:timeoutAppendRequest(200)) - 300524ac-6f40-4001-8852-e3bc017e7a2d@group-AC406AFA1D55->63029d58-985e-44b6-b8f1-28f19ea5ad76-GrpcLogAppender: appendEntries Timeout, request=300524ac-6f40-4001-8852-e3bc017e7a2d->63029d58-985e-44b6-b8f1-28f19ea5ad76#72-t1, previous=(t:1, i:13), leaderCommit=6, initializing? false, entries: <empty>
2019-09-12 06:05:28,145 [java.util.concurrent.ThreadPoolExecutor$Worker@3e4969f5[State = -1, empty queue]] WARN  server.GrpcLogAppender (GrpcLogAppender.java:timeoutAppendRequest(200)) - 300524ac-6f40-4001-8852-e3bc017e7a2d@group-AC406AFA1D55->e419d203-ae84-45b4-a349-326cccf7322d-GrpcLogAppender: appendEntries Timeout, request=300524ac-6f40-4001-8852-e3bc017e7a2d->e419d203-ae84-45b4-a349-326cccf7322d#72-t1, previous=(t:1, i:13), leaderCommit=6, initializing? false, entries: <empty>
2019-09-12 06:05:28,642 [EventQueue-PipelineActionsForPipelineActionHandler] ERROR pipeline.PipelineActionHandler (PipelineActionHandler.java:onMessage(60)) - Received pipeline action CLOSE for Pipeline[ Id: b4a944af-cbb9-4f34-adc2-ac406afa1d55, Nodes: 63029d58-985e-44b6-b8f1-28f19ea5ad76{ip: 192.168.34.52, host: trunk-nightly-20190912-4gc2t-2068889165, networkLocation: /default-rack, certSerialId: null}e419d203-ae84-45b4-a349-326cccf7322d{ip: 192.168.34.52, host: trunk-nightly-20190912-4gc2t-2068889165, networkLocation: /default-rack, certSerialId: null}300524ac-6f40-4001-8852-e3bc017e7a2d{ip: 192.168.34.52, host: trunk-nightly-20190912-4gc2t-2068889165, networkLocation: /default-rack, certSerialId: null}, Type:RATIS, Factor:THREE, State:CLOSED] from datanode 300524ac-6f40-4001-8852-e3bc017e7a2d{ip: 192.168.34.52, host: trunk-nightly-20190912-4gc2t-2068889165, networkLocation: /default-rack, certSerialId: null}. Reason : 300524ac-6f40-4001-8852-e3bc017e7a2d has not seen follower/s 63029d58-985e-44b6-b8f1-28f19ea5ad76 for 132248ms e419d203-ae84-45b4-a349-326cccf7322d for 132248ms
2019-09-12 06:05:28,643 [EventQueue-PipelineActionsForPipelineActionHandler] INFO  pipeline.SCMPipelineManager (SCMPipelineManager.java:finalizeAndDestroyPipeline(311)) - destroying pipeline:Pipeline[ Id: b4a944af-cbb9-4f34-adc2-ac406afa1d55, Nodes: 63029d58-985e-44b6-b8f1-28f19ea5ad76{ip: 192.168.34.52, host: trunk-nightly-20190912-4gc2t-2068889165, networkLocation: /default-rack, certSerialId: null}e419d203-ae84-45b4-a349-326cccf7322d{ip: 192.168.34.52, host: trunk-nightly-20190912-4gc2t-2068889165, networkLocation: /default-rack, certSerialId: null}300524ac-6f40-4001-8852-e3bc017e7a2d{ip: 192.168.34.52, host: trunk-nightly-20190912-4gc2t-2068889165, networkLocation: /default-rack, certSerialId: null}, Type:RATIS, Factor:THREE, State:CLOSED]
2019-09-12 06:05:30,148 [org.apache.ratis.server.impl.LogAppender$AppenderDaemon$$Lambda$547/1589537345@6a394145] ERROR ratis.XceiverServerRatis (XceiverServerRatis.java:triggerPipelineClose(568)) - pipeline Action CLOSE  on pipeline PipelineID=b4a944af-cbb9-4f34-adc2-ac406afa1d55.Reason : 300524ac-6f40-4001-8852-e3bc017e7a2d has not seen follower/s 63029d58-985e-44b6-b8f1-28f19ea5ad76 for 134749ms e419d203-ae84-45b4-a349-326cccf7322d for 134750ms
2019-09-12 06:05:30,148 [org.apache.ratis.server.impl.LogAppender$AppenderDaemon$$Lambda$547/1589537345@524f13b5] ERROR ratis.XceiverServerRatis (XceiverServerRatis.java:triggerPipelineClose(568)) - pipeline Action CLOSE  on pipeline PipelineID=b4a944af-cbb9-4f34-adc2-ac406afa1d55.Reason : 300524ac-6f40-4001-8852-e3bc017e7a2d has not seen follower/s 63029d58-985e-44b6-b8f1-28f19ea5ad76 for 134749ms e419d203-ae84-45b4-a349-326cccf7322d for 134750ms
2019-09-12 06:05:30,642 [EventQueue-PipelineActionsForPipelineActionHandler] ERROR pipeline.PipelineActionHandler (PipelineActionHandler.java:onMessage(60)) - Received pipeline action CLOSE for Pipeline[ Id: b4a944af-cbb9-4f34-adc2-ac406afa1d55, Nodes: 63029d58-985e-44b6-b8f1-28f19ea5ad76{ip: 192.168.34.52, host: trunk-nightly-20190912-4gc2t-2068889165, networkLocation: /default-rack, certSerialId: null}e419d203-ae84-45b4-a349-326cccf7322d{ip: 192.168.34.52, host: trunk-nightly-20190912-4gc2t-2068889165, networkLocation: /default-rack, certSerialId: null}300524ac-6f40-4001-8852-e3bc017e7a2d{ip: 192.168.34.52, host: trunk-nightly-20190912-4gc2t-2068889165, networkLocation: /default-rack, certSerialId: null}, Type:RATIS, Factor:THREE, State:CLOSED] from datanode 300524ac-6f40-4001-8852-e3bc017e7a2d{ip: 192.168.34.52, host: trunk-nightly-20190912-4gc2t-2068889165, networkLocation: /default-rack, certSerialId: null}. Reason : 300524ac-6f40-4001-8852-e3bc017e7a2d has not seen follower/s 63029d58-985e-44b6-b8f1-28f19ea5ad76 for 134749ms e419d203-ae84-45b4-a349-326cccf7322d for 134750ms
2019-09-12 06:05:30,643 [EventQueue-PipelineActionsForPipelineActionHandler] INFO  pipeline.SCMPipelineManager (SCMPipelineManager.java:finalizeAndDestroyPipeline(311)) - destroying pipeline:Pipeline[ Id: b4a944af-cbb9-4f34-adc2-ac406afa1d55, Nodes: 63029d58-985e-44b6-b8f1-28f19ea5ad76{ip: 192.168.34.52, host: trunk-nightly-20190912-4gc2t-2068889165, networkLocation: /default-rack, certSerialId: null}e419d203-ae84-45b4-a349-326cccf7322d{ip: 192.168.34.52, host: trunk-nightly-20190912-4gc2t-2068889165, networkLocation: /default-rack, certSerialId: null}300524ac-6f40-4001-8852-e3bc017e7a2d{ip: 192.168.34.52, host: trunk-nightly-20190912-4gc2t-2068889165, networkLocation: /default-rack, certSerialId: null}, Type:RATIS, Factor:THREE, State:CLOSED]
2019-09-12 06:05:30,647 [java.util.concurrent.ThreadPoolExecutor$Worker@3e4969f5[State = -1, empty queue]] WARN  server.GrpcLogAppender (GrpcLogAppender.java:timeoutAppendRequest(200)) - 300524ac-6f40-4001-8852-e3bc017e7a2d@group-AC406AFA1D55->e419d203-ae84-45b4-a349-326cccf7322d-GrpcLogAppender: appendEntries Timeout, request=300524ac-6f40-4001-8852-e3bc017e7a2d->e419d203-ae84-45b4-a349-326cccf7322d#73-t1, previous=(t:1, i:13), leaderCommit=6, initializing? false, entries: <empty>
2019-09-12 06:05:30,647 [java.util.concurrent.ThreadPoolExecutor$Worker@13edb407[State = -1, empty queue]] WARN  server.GrpcLogAppender (GrpcLogAppender.java:timeoutAppendRequest(200)) - 300524ac-6f40-4001-8852-e3bc017e7a2d@group-AC406AFA1D55->63029d58-985e-44b6-b8f1-28f19ea5ad76-GrpcLogAppender: appendEntries Timeout, request=300524ac-6f40-4001-8852-e3bc017e7a2d->63029d58-985e-44b6-b8f1-28f19ea5ad76#73-t1, previous=(t:1, i:13), leaderCommit=6, initializing? false, entries: <empty>
2019-09-12 06:05:31,901 [grpc-default-executor-1] INFO  client.GrpcClientProtocolClient (GrpcClientProtocolClient.java:onNext(264)) - client-A62FE20F707D->e419d203-ae84-45b4-a349-326cccf7322d: receive RaftClientReply:client-A62FE20F707D->e419d203-ae84-45b4-a349-326cccf7322d@group-AC406AFA1D55, cid=131, FAILED org.apache.ratis.protocol.NotLeaderException: Server e419d203-ae84-45b4-a349-326cccf7322d@group-AC406AFA1D55 is not the leader 300524ac-6f40-4001-8852-e3bc017e7a2d:192.168.34.52:35783, logIndex=0, commits[e419d203-ae84-45b4-a349-326cccf7322d:c6, 63029d58-985e-44b6-b8f1-28f19ea5ad76:c4, 300524ac-6f40-4001-8852-e3bc017e7a2d:c6]
2019-09-12 06:05:32,648 [org.apache.ratis.server.impl.LogAppender$AppenderDaemon$$Lambda$547/1589537345@524f13b5] ERROR ratis.XceiverServerRatis (XceiverServerRatis.java:triggerPipelineClose(568)) - pipeline Action CLOSE  on pipeline PipelineID=b4a944af-cbb9-4f34-adc2-ac406afa1d55.Reason : 300524ac-6f40-4001-8852-e3bc017e7a2d has not seen follower/s 63029d58-985e-44b6-b8f1-28f19ea5ad76 for 137250ms e419d203-ae84-45b4-a349-326cccf7322d for 137250ms
2019-09-12 06:05:32,649 [org.apache.ratis.server.impl.LogAppender$AppenderDaemon$$Lambda$547/1589537345@6a394145] ERROR ratis.XceiverServerRatis (XceiverServerRatis.java:triggerPipelineClose(568)) - pipeline Action CLOSE  on pipeline PipelineID=b4a944af-cbb9-4f34-adc2-ac406afa1d55.Reason : 300524ac-6f40-4001-8852-e3bc017e7a2d has not seen follower/s 63029d58-985e-44b6-b8f1-28f19ea5ad76 for 137251ms e419d203-ae84-45b4-a349-326cccf7322d for 137251ms
2019-09-12 06:05:33,148 [java.util.concurrent.ThreadPoolExecutor$Worker@3e4969f5[State = -1, empty queue]] WARN  server.GrpcLogAppender (GrpcLogAppender.java:timeoutAppendRequest(200)) - 300524ac-6f40-4001-8852-e3bc017e7a2d@group-AC406AFA1D55->e419d203-ae84-45b4-a349-326cccf7322d-GrpcLogAppender: appendEntries Timeout, request=300524ac-6f40-4001-8852-e3bc017e7a2d->e419d203-ae84-45b4-a349-326cccf7322d#74-t1, previous=(t:1, i:13), leaderCommit=6, initializing? false, entries: <empty>
2019-09-12 06:05:33,148 [java.util.concurrent.ThreadPoolExecutor$Worker@13edb407[State = -1, empty queue]] WARN  server.GrpcLogAppender (GrpcLogAppender.java:timeoutAppendRequest(200)) - 300524ac-6f40-4001-8852-e3bc017e7a2d@group-AC406AFA1D55->63029d58-985e-44b6-b8f1-28f19ea5ad76-GrpcLogAppender: appendEntries Timeout, request=300524ac-6f40-4001-8852-e3bc017e7a2d->63029d58-985e-44b6-b8f1-28f19ea5ad76#74-t1, previous=(t:1, i:13), leaderCommit=6, initializing? false, entries: <empty>
2019-09-12 06:05:33,642 [EventQueue-PipelineActionsForPipelineActionHandler] ERROR pipeline.PipelineActionHandler (PipelineActionHandler.java:onMessage(60)) - Received pipeline action CLOSE for Pipeline[ Id: b4a944af-cbb9-4f34-adc2-ac406afa1d55, Nodes: 63029d58-985e-44b6-b8f1-28f19ea5ad76{ip: 192.168.34.52, host: trunk-nightly-20190912-4gc2t-2068889165, networkLocation: /default-rack, certSerialId: null}e419d203-ae84-45b4-a349-326cccf7322d{ip: 192.168.34.52, host: trunk-nightly-20190912-4gc2t-2068889165, networkLocation: /default-rack, certSerialId: null}300524ac-6f40-4001-8852-e3bc017e7a2d{ip: 192.168.34.52, host: trunk-nightly-20190912-4gc2t-2068889165, networkLocation: /default-rack, certSerialId: null}, Type:RATIS, Factor:THREE, State:CLOSED] from datanode 300524ac-6f40-4001-8852-e3bc017e7a2d{ip: 192.168.34.52, host: trunk-nightly-20190912-4gc2t-2068889165, networkLocation: /default-rack, certSerialId: null}. Reason : 300524ac-6f40-4001-8852-e3bc017e7a2d has not seen follower/s 63029d58-985e-44b6-b8f1-28f19ea5ad76 for 137250ms e419d203-ae84-45b4-a349-326cccf7322d for 137250ms
2019-09-12 06:05:33,643 [EventQueue-PipelineActionsForPipelineActionHandler] INFO  pipeline.SCMPipelineManager (SCMPipelineManager.java:finalizeAndDestroyPipeline(311)) - destroying pipeline:Pipeline[ Id: b4a944af-cbb9-4f34-adc2-ac406afa1d55, Nodes: 63029d58-985e-44b6-b8f1-28f19ea5ad76{ip: 192.168.34.52, host: trunk-nightly-20190912-4gc2t-2068889165, networkLocation: /default-rack, certSerialId: null}e419d203-ae84-45b4-a349-326cccf7322d{ip: 192.168.34.52, host: trunk-nightly-20190912-4gc2t-2068889165, networkLocation: /default-rack, certSerialId: null}300524ac-6f40-4001-8852-e3bc017e7a2d{ip: 192.168.34.52, host: trunk-nightly-20190912-4gc2t-2068889165, networkLocation: /default-rack, certSerialId: null}, Type:RATIS, Factor:THREE, State:CLOSED]
2019-09-12 06:05:35,150 [org.apache.ratis.server.impl.LogAppender$AppenderDaemon$$Lambda$547/1589537345@524f13b5] ERROR ratis.XceiverServerRatis (XceiverServerRatis.java:triggerPipelineClose(568)) - pipeline Action CLOSE  on pipeline PipelineID=b4a944af-cbb9-4f34-adc2-ac406afa1d55.Reason : 300524ac-6f40-4001-8852-e3bc017e7a2d has not seen follower/s 63029d58-985e-44b6-b8f1-28f19ea5ad76 for 139751ms e419d203-ae84-45b4-a349-326cccf7322d for 139752ms
2019-09-12 06:05:35,150 [org.apache.ratis.server.impl.LogAppender$AppenderDaemon$$Lambda$547/1589537345@6a394145] ERROR ratis.XceiverServerRatis (XceiverServerRatis.java:triggerPipelineClose(568)) - pipeline Action CLOSE  on pipeline PipelineID=b4a944af-cbb9-4f34-adc2-ac406afa1d55.Reason : 300524ac-6f40-4001-8852-e3bc017e7a2d has not seen follower/s 63029d58-985e-44b6-b8f1-28f19ea5ad76 for 139751ms e419d203-ae84-45b4-a349-326cccf7322d for 139752ms
2019-09-12 06:05:35,521 [300524ac-6f40-4001-8852-e3bc017e7a2d@group-AC406AFA1D55-SegmentedRaftLogWorker] WARN  segmented.SegmentedRaftLogWorker (SegmentedRaftLogWorker.java:getFromFuture(90)) - Timeout 13/~
org.apache.ratis.protocol.TimeoutIOException: Timeout 10s: WriteLog:7: (t:1, i:7), STATEMACHINELOGENTRY, client-A62FE20F707D, cid=131-writeStateMachineData
	at org.apache.ratis.util.IOUtils.getFromFuture(IOUtils.java:87)
	at org.apache.ratis.server.raftlog.segmented.SegmentedRaftLogWorker$StateMachineDataPolicy.getFromFuture(SegmentedRaftLogWorker.java:87)
	at org.apache.ratis.server.raftlog.segmented.SegmentedRaftLogWorker$WriteLog.execute(SegmentedRaftLogWorker.java:477)
	at org.apache.ratis.server.raftlog.segmented.SegmentedRaftLogWorker.run(SegmentedRaftLogWorker.java:289)
	at java.lang.Thread.run(Thread.java:748)
Caused by: java.util.concurrent.TimeoutException
	at java.util.concurrent.CompletableFuture.timedGet(CompletableFuture.java:1771)
	at java.util.concurrent.CompletableFuture.get(CompletableFuture.java:1915)
	at org.apache.ratis.util.IOUtils.getFromFuture(IOUtils.java:79)
	... 4 more
2019-09-12 06:05:35,544 [e419d203-ae84-45b4-a349-326cccf7322d@group-AC406AFA1D55-SegmentedRaftLogWorker] WARN  segmented.SegmentedRaftLogWorker (SegmentedRaftLogWorker.java:getFromFuture(90)) - Timeout 13/~
org.apache.ratis.protocol.TimeoutIOException: Timeout 10s: WriteLog:7: (t:1, i:7), STATEMACHINELOGENTRY, client-A62FE20F707D, cid=131-writeStateMachineData
	at org.apache.ratis.util.IOUtils.getFromFuture(IOUtils.java:87)
	at org.apache.ratis.server.raftlog.segmented.SegmentedRaftLogWorker$StateMachineDataPolicy.getFromFuture(SegmentedRaftLogWorker.java:87)
	at org.apache.ratis.server.raftlog.segmented.SegmentedRaftLogWorker$WriteLog.execute(SegmentedRaftLogWorker.java:477)
	at org.apache.ratis.server.raftlog.segmented.SegmentedRaftLogWorker.run(SegmentedRaftLogWorker.java:289)
	at java.lang.Thread.run(Thread.java:748)
Caused by: java.util.concurrent.TimeoutException
	at java.util.concurrent.CompletableFuture.timedGet(CompletableFuture.java:1771)
	at java.util.concurrent.CompletableFuture.get(CompletableFuture.java:1915)
	at org.apache.ratis.util.IOUtils.getFromFuture(IOUtils.java:79)
	... 4 more
2019-09-12 06:05:35,544 [63029d58-985e-44b6-b8f1-28f19ea5ad76@group-AC406AFA1D55-SegmentedRaftLogWorker] WARN  segmented.SegmentedRaftLogWorker (SegmentedRaftLogWorker.java:getFromFuture(90)) - Timeout 13/~
org.apache.ratis.protocol.TimeoutIOException: Timeout 10s: WriteLog:7: (t:1, i:7), STATEMACHINELOGENTRY, client-A62FE20F707D, cid=131-writeStateMachineData
	at org.apache.ratis.util.IOUtils.getFromFuture(IOUtils.java:87)
	at org.apache.ratis.server.raftlog.segmented.SegmentedRaftLogWorker$StateMachineDataPolicy.getFromFuture(SegmentedRaftLogWorker.java:87)
	at org.apache.ratis.server.raftlog.segmented.SegmentedRaftLogWorker$WriteLog.execute(SegmentedRaftLogWorker.java:477)
	at org.apache.ratis.server.raftlog.segmented.SegmentedRaftLogWorker.run(SegmentedRaftLogWorker.java:289)
	at java.lang.Thread.run(Thread.java:748)
Caused by: java.util.concurrent.TimeoutException
	at java.util.concurrent.CompletableFuture.timedGet(CompletableFuture.java:1771)
	at java.util.concurrent.CompletableFuture.get(CompletableFuture.java:1915)
	at org.apache.ratis.util.IOUtils.getFromFuture(IOUtils.java:79)
	... 4 more
2019-09-12 06:05:35,643 [EventQueue-PipelineActionsForPipelineActionHandler] ERROR pipeline.PipelineActionHandler (PipelineActionHandler.java:onMessage(60)) - Received pipeline action CLOSE for Pipeline[ Id: b4a944af-cbb9-4f34-adc2-ac406afa1d55, Nodes: 63029d58-985e-44b6-b8f1-28f19ea5ad76{ip: 192.168.34.52, host: trunk-nightly-20190912-4gc2t-2068889165, networkLocation: /default-rack, certSerialId: null}e419d203-ae84-45b4-a349-326cccf7322d{ip: 192.168.34.52, host: trunk-nightly-20190912-4gc2t-2068889165, networkLocation: /default-rack, certSerialId: null}300524ac-6f40-4001-8852-e3bc017e7a2d{ip: 192.168.34.52, host: trunk-nightly-20190912-4gc2t-2068889165, networkLocation: /default-rack, certSerialId: null}, Type:RATIS, Factor:THREE, State:CLOSED] from datanode 300524ac-6f40-4001-8852-e3bc017e7a2d{ip: 192.168.34.52, host: trunk-nightly-20190912-4gc2t-2068889165, networkLocation: /default-rack, certSerialId: null}. Reason : 300524ac-6f40-4001-8852-e3bc017e7a2d has not seen follower/s 63029d58-985e-44b6-b8f1-28f19ea5ad76 for 139751ms e419d203-ae84-45b4-a349-326cccf7322d for 139752ms
2019-09-12 06:05:35,644 [EventQueue-PipelineActionsForPipelineActionHandler] INFO  pipeline.SCMPipelineManager (SCMPipelineManager.java:finalizeAndDestroyPipeline(311)) - destroying pipeline:Pipeline[ Id: b4a944af-cbb9-4f34-adc2-ac406afa1d55, Nodes: 63029d58-985e-44b6-b8f1-28f19ea5ad76{ip: 192.168.34.52, host: trunk-nightly-20190912-4gc2t-2068889165, networkLocation: /default-rack, certSerialId: null}e419d203-ae84-45b4-a349-326cccf7322d{ip: 192.168.34.52, host: trunk-nightly-20190912-4gc2t-2068889165, networkLocation: /default-rack, certSerialId: null}300524ac-6f40-4001-8852-e3bc017e7a2d{ip: 192.168.34.52, host: trunk-nightly-20190912-4gc2t-2068889165, networkLocation: /default-rack, certSerialId: null}, Type:RATIS, Factor:THREE, State:CLOSED]
2019-09-12 06:05:35,648 [java.util.concurrent.ThreadPoolExecutor$Worker@3e4969f5[State = -1, empty queue]] WARN  server.GrpcLogAppender (GrpcLogAppender.java:timeoutAppendRequest(200)) - 300524ac-6f40-4001-8852-e3bc017e7a2d@group-AC406AFA1D55->e419d203-ae84-45b4-a349-326cccf7322d-GrpcLogAppender: appendEntries Timeout, request=300524ac-6f40-4001-8852-e3bc017e7a2d->e419d203-ae84-45b4-a349-326cccf7322d#75-t1, previous=(t:1, i:13), leaderCommit=6, initializing? false, entries: <empty>
2019-09-12 06:05:35,649 [java.util.concurrent.ThreadPoolExecutor$Worker@13edb407[State = -1, empty queue]] WARN  server.GrpcLogAppender (GrpcLogAppender.java:timeoutAppendRequest(200)) - 300524ac-6f40-4001-8852-e3bc017e7a2d@group-AC406AFA1D55->63029d58-985e-44b6-b8f1-28f19ea5ad76-GrpcLogAppender: appendEntries Timeout, request=300524ac-6f40-4001-8852-e3bc017e7a2d->63029d58-985e-44b6-b8f1-28f19ea5ad76#75-t1, previous=(t:1, i:13), leaderCommit=6, initializing? false, entries: <empty>
2019-09-12 06:05:36,943 [grpc-default-executor-3] INFO  client.GrpcClientProtocolClient (GrpcClientProtocolClient.java:onNext(264)) - client-A62FE20F707D->e419d203-ae84-45b4-a349-326cccf7322d: receive RaftClientReply:client-A62FE20F707D->e419d203-ae84-45b4-a349-326cccf7322d@group-AC406AFA1D55, cid=131, FAILED org.apache.ratis.protocol.NotLeaderException: Server e419d203-ae84-45b4-a349-326cccf7322d@group-AC406AFA1D55 is not the leader 300524ac-6f40-4001-8852-e3bc017e7a2d:192.168.34.52:35783, logIndex=0, commits[e419d203-ae84-45b4-a349-326cccf7322d:c6, 63029d58-985e-44b6-b8f1-28f19ea5ad76:c4, 300524ac-6f40-4001-8852-e3bc017e7a2d:c6]
2019-09-12 06:05:37,650 [org.apache.ratis.server.impl.LogAppender$AppenderDaemon$$Lambda$547/1589537345@6a394145] ERROR ratis.XceiverServerRatis (XceiverServerRatis.java:triggerPipelineClose(568)) - pipeline Action CLOSE  on pipeline PipelineID=b4a944af-cbb9-4f34-adc2-ac406afa1d55.Reason : 300524ac-6f40-4001-8852-e3bc017e7a2d has not seen follower/s 63029d58-985e-44b6-b8f1-28f19ea5ad76 for 142252ms e419d203-ae84-45b4-a349-326cccf7322d for 142252ms
2019-09-12 06:05:37,651 [org.apache.ratis.server.impl.LogAppender$AppenderDaemon$$Lambda$547/1589537345@524f13b5] ERROR ratis.XceiverServerRatis (XceiverServerRatis.java:triggerPipelineClose(568)) - pipeline Action CLOSE  on pipeline PipelineID=b4a944af-cbb9-4f34-adc2-ac406afa1d55.Reason : 300524ac-6f40-4001-8852-e3bc017e7a2d has not seen follower/s 63029d58-985e-44b6-b8f1-28f19ea5ad76 for 142253ms e419d203-ae84-45b4-a349-326cccf7322d for 142253ms
2019-09-12 06:05:38,150 [java.util.concurrent.ThreadPoolExecutor$Worker@3e4969f5[State = -1, empty queue]] WARN  server.GrpcLogAppender (GrpcLogAppender.java:timeoutAppendRequest(200)) - 300524ac-6f40-4001-8852-e3bc017e7a2d@group-AC406AFA1D55->e419d203-ae84-45b4-a349-326cccf7322d-GrpcLogAppender: appendEntries Timeout, request=300524ac-6f40-4001-8852-e3bc017e7a2d->e419d203-ae84-45b4-a349-326cccf7322d#76-t1, previous=(t:1, i:13), leaderCommit=6, initializing? false, entries: <empty>
2019-09-12 06:05:38,150 [java.util.concurrent.ThreadPoolExecutor$Worker@13edb407[State = -1, empty queue]] WARN  server.GrpcLogAppender (GrpcLogAppender.java:timeoutAppendRequest(200)) - 300524ac-6f40-4001-8852-e3bc017e7a2d@group-AC406AFA1D55->63029d58-985e-44b6-b8f1-28f19ea5ad76-GrpcLogAppender: appendEntries Timeout, request=300524ac-6f40-4001-8852-e3bc017e7a2d->63029d58-985e-44b6-b8f1-28f19ea5ad76#76-t1, previous=(t:1, i:13), leaderCommit=6, initializing? false, entries: <empty>
2019-09-12 06:05:38,647 [EventQueue-PipelineActionsForPipelineActionHandler] ERROR pipeline.PipelineActionHandler (PipelineActionHandler.java:onMessage(60)) - Received pipeline action CLOSE for Pipeline[ Id: b4a944af-cbb9-4f34-adc2-ac406afa1d55, Nodes: 63029d58-985e-44b6-b8f1-28f19ea5ad76{ip: 192.168.34.52, host: trunk-nightly-20190912-4gc2t-2068889165, networkLocation: /default-rack, certSerialId: null}e419d203-ae84-45b4-a349-326cccf7322d{ip: 192.168.34.52, host: trunk-nightly-20190912-4gc2t-2068889165, networkLocation: /default-rack, certSerialId: null}300524ac-6f40-4001-8852-e3bc017e7a2d{ip: 192.168.34.52, host: trunk-nightly-20190912-4gc2t-2068889165, networkLocation: /default-rack, certSerialId: null}, Type:RATIS, Factor:THREE, State:CLOSED] from datanode 300524ac-6f40-4001-8852-e3bc017e7a2d{ip: 192.168.34.52, host: trunk-nightly-20190912-4gc2t-2068889165, networkLocation: /default-rack, certSerialId: null}. Reason : 300524ac-6f40-4001-8852-e3bc017e7a2d has not seen follower/s 63029d58-985e-44b6-b8f1-28f19ea5ad76 for 142252ms e419d203-ae84-45b4-a349-326cccf7322d for 142252ms
2019-09-12 06:05:38,647 [EventQueue-PipelineActionsForPipelineActionHandler] INFO  pipeline.SCMPipelineManager (SCMPipelineManager.java:finalizeAndDestroyPipeline(311)) - destroying pipeline:Pipeline[ Id: b4a944af-cbb9-4f34-adc2-ac406afa1d55, Nodes: 63029d58-985e-44b6-b8f1-28f19ea5ad76{ip: 192.168.34.52, host: trunk-nightly-20190912-4gc2t-2068889165, networkLocation: /default-rack, certSerialId: null}e419d203-ae84-45b4-a349-326cccf7322d{ip: 192.168.34.52, host: trunk-nightly-20190912-4gc2t-2068889165, networkLocation: /default-rack, certSerialId: null}300524ac-6f40-4001-8852-e3bc017e7a2d{ip: 192.168.34.52, host: trunk-nightly-20190912-4gc2t-2068889165, networkLocation: /default-rack, certSerialId: null}, Type:RATIS, Factor:THREE, State:CLOSED]
2019-09-12 06:05:40,152 [org.apache.ratis.server.impl.LogAppender$AppenderDaemon$$Lambda$547/1589537345@524f13b5] ERROR ratis.XceiverServerRatis (XceiverServerRatis.java:triggerPipelineClose(568)) - pipeline Action CLOSE  on pipeline PipelineID=b4a944af-cbb9-4f34-adc2-ac406afa1d55.Reason : 300524ac-6f40-4001-8852-e3bc017e7a2d has not seen follower/s 63029d58-985e-44b6-b8f1-28f19ea5ad76 for 144754ms e419d203-ae84-45b4-a349-326cccf7322d for 144754ms
2019-09-12 06:05:40,152 [org.apache.ratis.server.impl.LogAppender$AppenderDaemon$$Lambda$547/1589537345@6a394145] ERROR ratis.XceiverServerRatis (XceiverServerRatis.java:triggerPipelineClose(568)) - pipeline Action CLOSE  on pipeline PipelineID=b4a944af-cbb9-4f34-adc2-ac406afa1d55.Reason : 300524ac-6f40-4001-8852-e3bc017e7a2d has not seen follower/s 63029d58-985e-44b6-b8f1-28f19ea5ad76 for 144754ms e419d203-ae84-45b4-a349-326cccf7322d for 144754ms
2019-09-12 06:05:40,645 [EventQueue-PipelineActionsForPipelineActionHandler] ERROR pipeline.PipelineActionHandler (PipelineActionHandler.java:onMessage(60)) - Received pipeline action CLOSE for Pipeline[ Id: b4a944af-cbb9-4f34-adc2-ac406afa1d55, Nodes: 63029d58-985e-44b6-b8f1-28f19ea5ad76{ip: 192.168.34.52, host: trunk-nightly-20190912-4gc2t-2068889165, networkLocation: /default-rack, certSerialId: null}e419d203-ae84-45b4-a349-326cccf7322d{ip: 192.168.34.52, host: trunk-nightly-20190912-4gc2t-2068889165, networkLocation: /default-rack, certSerialId: null}300524ac-6f40-4001-8852-e3bc017e7a2d{ip: 192.168.34.52, host: trunk-nightly-20190912-4gc2t-2068889165, networkLocation: /default-rack, certSerialId: null}, Type:RATIS, Factor:THREE, State:CLOSED] from datanode 300524ac-6f40-4001-8852-e3bc017e7a2d{ip: 192.168.34.52, host: trunk-nightly-20190912-4gc2t-2068889165, networkLocation: /default-rack, certSerialId: null}. Reason : 300524ac-6f40-4001-8852-e3bc017e7a2d has not seen follower/s 63029d58-985e-44b6-b8f1-28f19ea5ad76 for 144754ms e419d203-ae84-45b4-a349-326cccf7322d for 144754ms
2019-09-12 06:05:40,645 [EventQueue-PipelineActionsForPipelineActionHandler] INFO  pipeline.SCMPipelineManager (SCMPipelineManager.java:finalizeAndDestroyPipeline(311)) - destroying pipeline:Pipeline[ Id: b4a944af-cbb9-4f34-adc2-ac406afa1d55, Nodes: 63029d58-985e-44b6-b8f1-28f19ea5ad76{ip: 192.168.34.52, host: trunk-nightly-20190912-4gc2t-2068889165, networkLocation: /default-rack, certSerialId: null}e419d203-ae84-45b4-a349-326cccf7322d{ip: 192.168.34.52, host: trunk-nightly-20190912-4gc2t-2068889165, networkLocation: /default-rack, certSerialId: null}300524ac-6f40-4001-8852-e3bc017e7a2d{ip: 192.168.34.52, host: trunk-nightly-20190912-4gc2t-2068889165, networkLocation: /default-rack, certSerialId: null}, Type:RATIS, Factor:THREE, State:CLOSED]
2019-09-12 06:05:40,650 [java.util.concurrent.ThreadPoolExecutor$Worker@13edb407[State = -1, empty queue]] WARN  server.GrpcLogAppender (GrpcLogAppender.java:timeoutAppendRequest(200)) - 300524ac-6f40-4001-8852-e3bc017e7a2d@group-AC406AFA1D55->63029d58-985e-44b6-b8f1-28f19ea5ad76-GrpcLogAppender: appendEntries Timeout, request=300524ac-6f40-4001-8852-e3bc017e7a2d->63029d58-985e-44b6-b8f1-28f19ea5ad76#77-t1, previous=(t:1, i:13), leaderCommit=6, initializing? false, entries: <empty>
2019-09-12 06:05:40,651 [java.util.concurrent.ThreadPoolExecutor$Worker@3e4969f5[State = -1, empty queue]] WARN  server.GrpcLogAppender (GrpcLogAppender.java:timeoutAppendRequest(200)) - 300524ac-6f40-4001-8852-e3bc017e7a2d@group-AC406AFA1D55->e419d203-ae84-45b4-a349-326cccf7322d-GrpcLogAppender: appendEntries Timeout, request=300524ac-6f40-4001-8852-e3bc017e7a2d->e419d203-ae84-45b4-a349-326cccf7322d#77-t1, previous=(t:1, i:13), leaderCommit=6, initializing? false, entries: <empty>
2019-09-12 06:05:41,988 [grpc-default-executor-1] INFO  client.GrpcClientProtocolClient (GrpcClientProtocolClient.java:onNext(264)) - client-A62FE20F707D->63029d58-985e-44b6-b8f1-28f19ea5ad76: receive RaftClientReply:client-A62FE20F707D->63029d58-985e-44b6-b8f1-28f19ea5ad76@group-AC406AFA1D55, cid=131, FAILED org.apache.ratis.protocol.NotLeaderException: Server 63029d58-985e-44b6-b8f1-28f19ea5ad76@group-AC406AFA1D55 is not the leader 300524ac-6f40-4001-8852-e3bc017e7a2d:192.168.34.52:35783, logIndex=0, commits[63029d58-985e-44b6-b8f1-28f19ea5ad76:c6, 300524ac-6f40-4001-8852-e3bc017e7a2d:c6, e419d203-ae84-45b4-a349-326cccf7322d:c4]
2019-09-12 06:05:42,653 [org.apache.ratis.server.impl.LogAppender$AppenderDaemon$$Lambda$547/1589537345@524f13b5] ERROR ratis.XceiverServerRatis (XceiverServerRatis.java:triggerPipelineClose(568)) - pipeline Action CLOSE  on pipeline PipelineID=b4a944af-cbb9-4f34-adc2-ac406afa1d55.Reason : 300524ac-6f40-4001-8852-e3bc017e7a2d has not seen follower/s 63029d58-985e-44b6-b8f1-28f19ea5ad76 for 147254ms e419d203-ae84-45b4-a349-326cccf7322d for 147254ms
2019-09-12 06:05:42,653 [org.apache.ratis.server.impl.LogAppender$AppenderDaemon$$Lambda$547/1589537345@6a394145] ERROR ratis.XceiverServerRatis (XceiverServerRatis.java:triggerPipelineClose(568)) - pipeline Action CLOSE  on pipeline PipelineID=b4a944af-cbb9-4f34-adc2-ac406afa1d55.Reason : 300524ac-6f40-4001-8852-e3bc017e7a2d has not seen follower/s 63029d58-985e-44b6-b8f1-28f19ea5ad76 for 147254ms e419d203-ae84-45b4-a349-326cccf7322d for 147254ms
2019-09-12 06:05:43,152 [java.util.concurrent.ThreadPoolExecutor$Worker@13edb407[State = -1, empty queue]] WARN  server.GrpcLogAppender (GrpcLogAppender.java:timeoutAppendRequest(200)) - 300524ac-6f40-4001-8852-e3bc017e7a2d@group-AC406AFA1D55->63029d58-985e-44b6-b8f1-28f19ea5ad76-GrpcLogAppender: appendEntries Timeout, request=300524ac-6f40-4001-8852-e3bc017e7a2d->63029d58-985e-44b6-b8f1-28f19ea5ad76#78-t1, previous=(t:1, i:13), leaderCommit=6, initializing? false, entries: <empty>
2019-09-12 06:05:43,152 [java.util.concurrent.ThreadPoolExecutor$Worker@3e4969f5[State = -1, empty queue]] WARN  server.GrpcLogAppender (GrpcLogAppender.java:timeoutAppendRequest(200)) - 300524ac-6f40-4001-8852-e3bc017e7a2d@group-AC406AFA1D55->e419d203-ae84-45b4-a349-326cccf7322d-GrpcLogAppender: appendEntries Timeout, request=300524ac-6f40-4001-8852-e3bc017e7a2d->e419d203-ae84-45b4-a349-326cccf7322d#78-t1, previous=(t:1, i:13), leaderCommit=6, initializing? false, entries: <empty>
2019-09-12 06:05:43,645 [EventQueue-PipelineActionsForPipelineActionHandler] ERROR pipeline.PipelineActionHandler (PipelineActionHandler.java:onMessage(60)) - Received pipeline action CLOSE for Pipeline[ Id: b4a944af-cbb9-4f34-adc2-ac406afa1d55, Nodes: 63029d58-985e-44b6-b8f1-28f19ea5ad76{ip: 192.168.34.52, host: trunk-nightly-20190912-4gc2t-2068889165, networkLocation: /default-rack, certSerialId: null}e419d203-ae84-45b4-a349-326cccf7322d{ip: 192.168.34.52, host: trunk-nightly-20190912-4gc2t-2068889165, networkLocation: /default-rack, certSerialId: null}300524ac-6f40-4001-8852-e3bc017e7a2d{ip: 192.168.34.52, host: trunk-nightly-20190912-4gc2t-2068889165, networkLocation: /default-rack, certSerialId: null}, Type:RATIS, Factor:THREE, State:CLOSED] from datanode 300524ac-6f40-4001-8852-e3bc017e7a2d{ip: 192.168.34.52, host: trunk-nightly-20190912-4gc2t-2068889165, networkLocation: /default-rack, certSerialId: null}. Reason : 300524ac-6f40-4001-8852-e3bc017e7a2d has not seen follower/s 63029d58-985e-44b6-b8f1-28f19ea5ad76 for 147254ms e419d203-ae84-45b4-a349-326cccf7322d for 147254ms
2019-09-12 06:05:43,646 [EventQueue-PipelineActionsForPipelineActionHandler] INFO  pipeline.SCMPipelineManager (SCMPipelineManager.java:finalizeAndDestroyPipeline(311)) - destroying pipeline:Pipeline[ Id: b4a944af-cbb9-4f34-adc2-ac406afa1d55, Nodes: 63029d58-985e-44b6-b8f1-28f19ea5ad76{ip: 192.168.34.52, host: trunk-nightly-20190912-4gc2t-2068889165, networkLocation: /default-rack, certSerialId: null}e419d203-ae84-45b4-a349-326cccf7322d{ip: 192.168.34.52, host: trunk-nightly-20190912-4gc2t-2068889165, networkLocation: /default-rack, certSerialId: null}300524ac-6f40-4001-8852-e3bc017e7a2d{ip: 192.168.34.52, host: trunk-nightly-20190912-4gc2t-2068889165, networkLocation: /default-rack, certSerialId: null}, Type:RATIS, Factor:THREE, State:CLOSED]
2019-09-12 06:05:45,154 [org.apache.ratis.server.impl.LogAppender$AppenderDaemon$$Lambda$547/1589537345@524f13b5] ERROR ratis.XceiverServerRatis (XceiverServerRatis.java:triggerPipelineClose(568)) - pipeline Action CLOSE  on pipeline PipelineID=b4a944af-cbb9-4f34-adc2-ac406afa1d55.Reason : 300524ac-6f40-4001-8852-e3bc017e7a2d has not seen follower/s 63029d58-985e-44b6-b8f1-28f19ea5ad76 for 149756ms e419d203-ae84-45b4-a349-326cccf7322d for 149756ms
2019-09-12 06:05:45,154 [org.apache.ratis.server.impl.LogAppender$AppenderDaemon$$Lambda$547/1589537345@6a394145] ERROR ratis.XceiverServerRatis (XceiverServerRatis.java:triggerPipelineClose(568)) - pipeline Action CLOSE  on pipeline PipelineID=b4a944af-cbb9-4f34-adc2-ac406afa1d55.Reason : 300524ac-6f40-4001-8852-e3bc017e7a2d has not seen follower/s 63029d58-985e-44b6-b8f1-28f19ea5ad76 for 149756ms e419d203-ae84-45b4-a349-326cccf7322d for 149756ms
2019-09-12 06:05:45,523 [300524ac-6f40-4001-8852-e3bc017e7a2d@group-AC406AFA1D55-SegmentedRaftLogWorker] WARN  segmented.SegmentedRaftLogWorker (SegmentedRaftLogWorker.java:getFromFuture(90)) - Timeout 14/~
org.apache.ratis.protocol.TimeoutIOException: Timeout 10s: WriteLog:7: (t:1, i:7), STATEMACHINELOGENTRY, client-A62FE20F707D, cid=131-writeStateMachineData
	at org.apache.ratis.util.IOUtils.getFromFuture(IOUtils.java:87)
	at org.apache.ratis.server.raftlog.segmented.SegmentedRaftLogWorker$StateMachineDataPolicy.getFromFuture(SegmentedRaftLogWorker.java:87)
	at org.apache.ratis.server.raftlog.segmented.SegmentedRaftLogWorker$WriteLog.execute(SegmentedRaftLogWorker.java:477)
	at org.apache.ratis.server.raftlog.segmented.SegmentedRaftLogWorker.run(SegmentedRaftLogWorker.java:289)
	at java.lang.Thread.run(Thread.java:748)
Caused by: java.util.concurrent.TimeoutException
	at java.util.concurrent.CompletableFuture.timedGet(CompletableFuture.java:1771)
	at java.util.concurrent.CompletableFuture.get(CompletableFuture.java:1915)
	at org.apache.ratis.util.IOUtils.getFromFuture(IOUtils.java:79)
	... 4 more
2019-09-12 06:05:45,544 [e419d203-ae84-45b4-a349-326cccf7322d@group-AC406AFA1D55-SegmentedRaftLogWorker] WARN  segmented.SegmentedRaftLogWorker (SegmentedRaftLogWorker.java:getFromFuture(90)) - Timeout 14/~
org.apache.ratis.protocol.TimeoutIOException: Timeout 10s: WriteLog:7: (t:1, i:7), STATEMACHINELOGENTRY, client-A62FE20F707D, cid=131-writeStateMachineData
	at org.apache.ratis.util.IOUtils.getFromFuture(IOUtils.java:87)
	at org.apache.ratis.server.raftlog.segmented.SegmentedRaftLogWorker$StateMachineDataPolicy.getFromFuture(SegmentedRaftLogWorker.java:87)
	at org.apache.ratis.server.raftlog.segmented.SegmentedRaftLogWorker$WriteLog.execute(SegmentedRaftLogWorker.java:477)
	at org.apache.ratis.server.raftlog.segmented.SegmentedRaftLogWorker.run(SegmentedRaftLogWorker.java:289)
	at java.lang.Thread.run(Thread.java:748)
Caused by: java.util.concurrent.TimeoutException
	at java.util.concurrent.CompletableFuture.timedGet(CompletableFuture.java:1771)
	at java.util.concurrent.CompletableFuture.get(CompletableFuture.java:1915)
	at org.apache.ratis.util.IOUtils.getFromFuture(IOUtils.java:79)
	... 4 more
2019-09-12 06:05:45,545 [63029d58-985e-44b6-b8f1-28f19ea5ad76@group-AC406AFA1D55-SegmentedRaftLogWorker] WARN  segmented.SegmentedRaftLogWorker (SegmentedRaftLogWorker.java:getFromFuture(90)) - Timeout 14/~
org.apache.ratis.protocol.TimeoutIOException: Timeout 10s: WriteLog:7: (t:1, i:7), STATEMACHINELOGENTRY, client-A62FE20F707D, cid=131-writeStateMachineData
	at org.apache.ratis.util.IOUtils.getFromFuture(IOUtils.java:87)
	at org.apache.ratis.server.raftlog.segmented.SegmentedRaftLogWorker$StateMachineDataPolicy.getFromFuture(SegmentedRaftLogWorker.java:87)
	at org.apache.ratis.server.raftlog.segmented.SegmentedRaftLogWorker$WriteLog.execute(SegmentedRaftLogWorker.java:477)
	at org.apache.ratis.server.raftlog.segmented.SegmentedRaftLogWorker.run(SegmentedRaftLogWorker.java:289)
	at java.lang.Thread.run(Thread.java:748)
Caused by: java.util.concurrent.TimeoutException
	at java.util.concurrent.CompletableFuture.timedGet(CompletableFuture.java:1771)
	at java.util.concurrent.CompletableFuture.get(CompletableFuture.java:1915)
	at org.apache.ratis.util.IOUtils.getFromFuture(IOUtils.java:79)
	... 4 more
2019-09-12 06:05:45,646 [EventQueue-PipelineActionsForPipelineActionHandler] ERROR pipeline.PipelineActionHandler (PipelineActionHandler.java:onMessage(60)) - Received pipeline action CLOSE for Pipeline[ Id: b4a944af-cbb9-4f34-adc2-ac406afa1d55, Nodes: 63029d58-985e-44b6-b8f1-28f19ea5ad76{ip: 192.168.34.52, host: trunk-nightly-20190912-4gc2t-2068889165, networkLocation: /default-rack, certSerialId: null}e419d203-ae84-45b4-a349-326cccf7322d{ip: 192.168.34.52, host: trunk-nightly-20190912-4gc2t-2068889165, networkLocation: /default-rack, certSerialId: null}300524ac-6f40-4001-8852-e3bc017e7a2d{ip: 192.168.34.52, host: trunk-nightly-20190912-4gc2t-2068889165, networkLocation: /default-rack, certSerialId: null}, Type:RATIS, Factor:THREE, State:CLOSED] from datanode 300524ac-6f40-4001-8852-e3bc017e7a2d{ip: 192.168.34.52, host: trunk-nightly-20190912-4gc2t-2068889165, networkLocation: /default-rack, certSerialId: null}. Reason : 300524ac-6f40-4001-8852-e3bc017e7a2d has not seen follower/s 63029d58-985e-44b6-b8f1-28f19ea5ad76 for 149756ms e419d203-ae84-45b4-a349-326cccf7322d for 149756ms
2019-09-12 06:05:45,646 [EventQueue-PipelineActionsForPipelineActionHandler] INFO  pipeline.SCMPipelineManager (SCMPipelineManager.java:finalizeAndDestroyPipeline(311)) - destroying pipeline:Pipeline[ Id: b4a944af-cbb9-4f34-adc2-ac406afa1d55, Nodes: 63029d58-985e-44b6-b8f1-28f19ea5ad76{ip: 192.168.34.52, host: trunk-nightly-20190912-4gc2t-2068889165, networkLocation: /default-rack, certSerialId: null}e419d203-ae84-45b4-a349-326cccf7322d{ip: 192.168.34.52, host: trunk-nightly-20190912-4gc2t-2068889165, networkLocation: /default-rack, certSerialId: null}300524ac-6f40-4001-8852-e3bc017e7a2d{ip: 192.168.34.52, host: trunk-nightly-20190912-4gc2t-2068889165, networkLocation: /default-rack, certSerialId: null}, Type:RATIS, Factor:THREE, State:CLOSED]
2019-09-12 06:05:45,653 [java.util.concurrent.ThreadPoolExecutor$Worker@3e4969f5[State = -1, empty queue]] WARN  server.GrpcLogAppender (GrpcLogAppender.java:timeoutAppendRequest(200)) - 300524ac-6f40-4001-8852-e3bc017e7a2d@group-AC406AFA1D55->e419d203-ae84-45b4-a349-326cccf7322d-GrpcLogAppender: appendEntries Timeout, request=300524ac-6f40-4001-8852-e3bc017e7a2d->e419d203-ae84-45b4-a349-326cccf7322d#79-t1, previous=(t:1, i:13), leaderCommit=6, initializing? false, entries: <empty>
2019-09-12 06:05:45,653 [java.util.concurrent.ThreadPoolExecutor$Worker@13edb407[State = -1, empty queue]] WARN  server.GrpcLogAppender (GrpcLogAppender.java:timeoutAppendRequest(200)) - 300524ac-6f40-4001-8852-e3bc017e7a2d@group-AC406AFA1D55->63029d58-985e-44b6-b8f1-28f19ea5ad76-GrpcLogAppender: appendEntries Timeout, request=300524ac-6f40-4001-8852-e3bc017e7a2d->63029d58-985e-44b6-b8f1-28f19ea5ad76#79-t1, previous=(t:1, i:13), leaderCommit=6, initializing? false, entries: <empty>
2019-09-12 06:05:47,030 [grpc-default-executor-3] INFO  client.GrpcClientProtocolClient (GrpcClientProtocolClient.java:onNext(264)) - client-A62FE20F707D->e419d203-ae84-45b4-a349-326cccf7322d: receive RaftClientReply:client-A62FE20F707D->e419d203-ae84-45b4-a349-326cccf7322d@group-AC406AFA1D55, cid=131, FAILED org.apache.ratis.protocol.NotLeaderException: Server e419d203-ae84-45b4-a349-326cccf7322d@group-AC406AFA1D55 is not the leader 300524ac-6f40-4001-8852-e3bc017e7a2d:192.168.34.52:35783, logIndex=0, commits[e419d203-ae84-45b4-a349-326cccf7322d:c6, 63029d58-985e-44b6-b8f1-28f19ea5ad76:c4, 300524ac-6f40-4001-8852-e3bc017e7a2d:c6]
2019-09-12 06:05:47,655 [org.apache.ratis.server.impl.LogAppender$AppenderDaemon$$Lambda$547/1589537345@6a394145] ERROR ratis.XceiverServerRatis (XceiverServerRatis.java:triggerPipelineClose(568)) - pipeline Action CLOSE  on pipeline PipelineID=b4a944af-cbb9-4f34-adc2-ac406afa1d55.Reason : 300524ac-6f40-4001-8852-e3bc017e7a2d has not seen follower/s 63029d58-985e-44b6-b8f1-28f19ea5ad76 for 152256ms e419d203-ae84-45b4-a349-326cccf7322d for 152256ms
2019-09-12 06:05:47,655 [org.apache.ratis.server.impl.LogAppender$AppenderDaemon$$Lambda$547/1589537345@524f13b5] ERROR ratis.XceiverServerRatis (XceiverServerRatis.java:triggerPipelineClose(568)) - pipeline Action CLOSE  on pipeline PipelineID=b4a944af-cbb9-4f34-adc2-ac406afa1d55.Reason : 300524ac-6f40-4001-8852-e3bc017e7a2d has not seen follower/s 63029d58-985e-44b6-b8f1-28f19ea5ad76 for 152257ms e419d203-ae84-45b4-a349-326cccf7322d for 152257ms
2019-09-12 06:05:48,154 [java.util.concurrent.ThreadPoolExecutor$Worker@3e4969f5[State = -1, empty queue]] WARN  server.GrpcLogAppender (GrpcLogAppender.java:timeoutAppendRequest(200)) - 300524ac-6f40-4001-8852-e3bc017e7a2d@group-AC406AFA1D55->e419d203-ae84-45b4-a349-326cccf7322d-GrpcLogAppender: appendEntries Timeout, request=300524ac-6f40-4001-8852-e3bc017e7a2d->e419d203-ae84-45b4-a349-326cccf7322d#80-t1, previous=(t:1, i:13), leaderCommit=6, initializing? false, entries: <empty>
2019-09-12 06:05:48,154 [java.util.concurrent.ThreadPoolExecutor$Worker@13edb407[State = -1, empty queue]] WARN  server.GrpcLogAppender (GrpcLogAppender.java:timeoutAppendRequest(200)) - 300524ac-6f40-4001-8852-e3bc017e7a2d@group-AC406AFA1D55->63029d58-985e-44b6-b8f1-28f19ea5ad76-GrpcLogAppender: appendEntries Timeout, request=300524ac-6f40-4001-8852-e3bc017e7a2d->63029d58-985e-44b6-b8f1-28f19ea5ad76#80-t1, previous=(t:1, i:13), leaderCommit=6, initializing? false, entries: <empty>
2019-09-12 06:05:48,646 [EventQueue-PipelineActionsForPipelineActionHandler] ERROR pipeline.PipelineActionHandler (PipelineActionHandler.java:onMessage(60)) - Received pipeline action CLOSE for Pipeline[ Id: b4a944af-cbb9-4f34-adc2-ac406afa1d55, Nodes: 63029d58-985e-44b6-b8f1-28f19ea5ad76{ip: 192.168.34.52, host: trunk-nightly-20190912-4gc2t-2068889165, networkLocation: /default-rack, certSerialId: null}e419d203-ae84-45b4-a349-326cccf7322d{ip: 192.168.34.52, host: trunk-nightly-20190912-4gc2t-2068889165, networkLocation: /default-rack, certSerialId: null}300524ac-6f40-4001-8852-e3bc017e7a2d{ip: 192.168.34.52, host: trunk-nightly-20190912-4gc2t-2068889165, networkLocation: /default-rack, certSerialId: null}, Type:RATIS, Factor:THREE, State:CLOSED] from datanode 300524ac-6f40-4001-8852-e3bc017e7a2d{ip: 192.168.34.52, host: trunk-nightly-20190912-4gc2t-2068889165, networkLocation: /default-rack, certSerialId: null}. Reason : 300524ac-6f40-4001-8852-e3bc017e7a2d has not seen follower/s 63029d58-985e-44b6-b8f1-28f19ea5ad76 for 152256ms e419d203-ae84-45b4-a349-326cccf7322d for 152256ms
2019-09-12 06:05:48,647 [EventQueue-PipelineActionsForPipelineActionHandler] INFO  pipeline.SCMPipelineManager (SCMPipelineManager.java:finalizeAndDestroyPipeline(311)) - destroying pipeline:Pipeline[ Id: b4a944af-cbb9-4f34-adc2-ac406afa1d55, Nodes: 63029d58-985e-44b6-b8f1-28f19ea5ad76{ip: 192.168.34.52, host: trunk-nightly-20190912-4gc2t-2068889165, networkLocation: /default-rack, certSerialId: null}e419d203-ae84-45b4-a349-326cccf7322d{ip: 192.168.34.52, host: trunk-nightly-20190912-4gc2t-2068889165, networkLocation: /default-rack, certSerialId: null}300524ac-6f40-4001-8852-e3bc017e7a2d{ip: 192.168.34.52, host: trunk-nightly-20190912-4gc2t-2068889165, networkLocation: /default-rack, certSerialId: null}, Type:RATIS, Factor:THREE, State:CLOSED]
2019-09-12 06:05:50,155 [org.apache.ratis.server.impl.LogAppender$AppenderDaemon$$Lambda$547/1589537345@6a394145] ERROR ratis.XceiverServerRatis (XceiverServerRatis.java:triggerPipelineClose(568)) - pipeline Action CLOSE  on pipeline PipelineID=b4a944af-cbb9-4f34-adc2-ac406afa1d55.Reason : 300524ac-6f40-4001-8852-e3bc017e7a2d has not seen follower/s 63029d58-985e-44b6-b8f1-28f19ea5ad76 for 154757ms e419d203-ae84-45b4-a349-326cccf7322d for 154757ms
2019-09-12 06:05:50,156 [org.apache.ratis.server.impl.LogAppender$AppenderDaemon$$Lambda$547/1589537345@524f13b5] ERROR ratis.XceiverServerRatis (XceiverServerRatis.java:triggerPipelineClose(568)) - pipeline Action CLOSE  on pipeline PipelineID=b4a944af-cbb9-4f34-adc2-ac406afa1d55.Reason : 300524ac-6f40-4001-8852-e3bc017e7a2d has not seen follower/s 63029d58-985e-44b6-b8f1-28f19ea5ad76 for 154757ms e419d203-ae84-45b4-a349-326cccf7322d for 154758ms
2019-09-12 06:05:50,645 [EventQueue-PipelineActionsForPipelineActionHandler] ERROR pipeline.PipelineActionHandler (PipelineActionHandler.java:onMessage(60)) - Received pipeline action CLOSE for Pipeline[ Id: b4a944af-cbb9-4f34-adc2-ac406afa1d55, Nodes: 63029d58-985e-44b6-b8f1-28f19ea5ad76{ip: 192.168.34.52, host: trunk-nightly-20190912-4gc2t-2068889165, networkLocation: /default-rack, certSerialId: null}e419d203-ae84-45b4-a349-326cccf7322d{ip: 192.168.34.52, host: trunk-nightly-20190912-4gc2t-2068889165, networkLocation: /default-rack, certSerialId: null}300524ac-6f40-4001-8852-e3bc017e7a2d{ip: 192.168.34.52, host: trunk-nightly-20190912-4gc2t-2068889165, networkLocation: /default-rack, certSerialId: null}, Type:RATIS, Factor:THREE, State:CLOSED] from datanode 300524ac-6f40-4001-8852-e3bc017e7a2d{ip: 192.168.34.52, host: trunk-nightly-20190912-4gc2t-2068889165, networkLocation: /default-rack, certSerialId: null}. Reason : 300524ac-6f40-4001-8852-e3bc017e7a2d has not seen follower/s 63029d58-985e-44b6-b8f1-28f19ea5ad76 for 154757ms e419d203-ae84-45b4-a349-326cccf7322d for 154757ms
2019-09-12 06:05:50,645 [EventQueue-PipelineActionsForPipelineActionHandler] INFO  pipeline.SCMPipelineManager (SCMPipelineManager.java:finalizeAndDestroyPipeline(311)) - destroying pipeline:Pipeline[ Id: b4a944af-cbb9-4f34-adc2-ac406afa1d55, Nodes: 63029d58-985e-44b6-b8f1-28f19ea5ad76{ip: 192.168.34.52, host: trunk-nightly-20190912-4gc2t-2068889165, networkLocation: /default-rack, certSerialId: null}e419d203-ae84-45b4-a349-326cccf7322d{ip: 192.168.34.52, host: trunk-nightly-20190912-4gc2t-2068889165, networkLocation: /default-rack, certSerialId: null}300524ac-6f40-4001-8852-e3bc017e7a2d{ip: 192.168.34.52, host: trunk-nightly-20190912-4gc2t-2068889165, networkLocation: /default-rack, certSerialId: null}, Type:RATIS, Factor:THREE, State:CLOSED]
2019-09-12 06:05:50,654 [java.util.concurrent.ThreadPoolExecutor$Worker@13edb407[State = -1, empty queue]] WARN  server.GrpcLogAppender (GrpcLogAppender.java:timeoutAppendRequest(200)) - 300524ac-6f40-4001-8852-e3bc017e7a2d@group-AC406AFA1D55->63029d58-985e-44b6-b8f1-28f19ea5ad76-GrpcLogAppender: appendEntries Timeout, request=300524ac-6f40-4001-8852-e3bc017e7a2d->63029d58-985e-44b6-b8f1-28f19ea5ad76#81-t1, previous=(t:1, i:13), leaderCommit=6, initializing? false, entries: <empty>
2019-09-12 06:05:50,655 [java.util.concurrent.ThreadPoolExecutor$Worker@3e4969f5[State = -1, empty queue]] WARN  server.GrpcLogAppender (GrpcLogAppender.java:timeoutAppendRequest(200)) - 300524ac-6f40-4001-8852-e3bc017e7a2d@group-AC406AFA1D55->e419d203-ae84-45b4-a349-326cccf7322d-GrpcLogAppender: appendEntries Timeout, request=300524ac-6f40-4001-8852-e3bc017e7a2d->e419d203-ae84-45b4-a349-326cccf7322d#81-t1, previous=(t:1, i:13), leaderCommit=6, initializing? false, entries: <empty>
2019-09-12 06:05:52,060 [grpc-default-executor-3] INFO  client.GrpcClientProtocolClient (GrpcClientProtocolClient.java:onNext(264)) - client-A62FE20F707D->e419d203-ae84-45b4-a349-326cccf7322d: receive RaftClientReply:client-A62FE20F707D->e419d203-ae84-45b4-a349-326cccf7322d@group-AC406AFA1D55, cid=131, FAILED org.apache.ratis.protocol.NotLeaderException: Server e419d203-ae84-45b4-a349-326cccf7322d@group-AC406AFA1D55 is not the leader 300524ac-6f40-4001-8852-e3bc017e7a2d:192.168.34.52:35783, logIndex=0, commits[e419d203-ae84-45b4-a349-326cccf7322d:c6, 63029d58-985e-44b6-b8f1-28f19ea5ad76:c4, 300524ac-6f40-4001-8852-e3bc017e7a2d:c6]
2019-09-12 06:05:52,656 [org.apache.ratis.server.impl.LogAppender$AppenderDaemon$$Lambda$547/1589537345@6a394145] ERROR ratis.XceiverServerRatis (XceiverServerRatis.java:triggerPipelineClose(568)) - pipeline Action CLOSE  on pipeline PipelineID=b4a944af-cbb9-4f34-adc2-ac406afa1d55.Reason : 300524ac-6f40-4001-8852-e3bc017e7a2d has not seen follower/s 63029d58-985e-44b6-b8f1-28f19ea5ad76 for 157258ms e419d203-ae84-45b4-a349-326cccf7322d for 157258ms
2019-09-12 06:05:52,656 [org.apache.ratis.server.impl.LogAppender$AppenderDaemon$$Lambda$547/1589537345@524f13b5] ERROR ratis.XceiverServerRatis (XceiverServerRatis.java:triggerPipelineClose(568)) - pipeline Action CLOSE  on pipeline PipelineID=b4a944af-cbb9-4f34-adc2-ac406afa1d55.Reason : 300524ac-6f40-4001-8852-e3bc017e7a2d has not seen follower/s 63029d58-985e-44b6-b8f1-28f19ea5ad76 for 157258ms e419d203-ae84-45b4-a349-326cccf7322d for 157258ms
2019-09-12 06:05:53,155 [java.util.concurrent.ThreadPoolExecutor$Worker@13edb407[State = -1, empty queue]] WARN  server.GrpcLogAppender (GrpcLogAppender.java:timeoutAppendRequest(200)) - 300524ac-6f40-4001-8852-e3bc017e7a2d@group-AC406AFA1D55->63029d58-985e-44b6-b8f1-28f19ea5ad76-GrpcLogAppender: appendEntries Timeout, request=300524ac-6f40-4001-8852-e3bc017e7a2d->63029d58-985e-44b6-b8f1-28f19ea5ad76#82-t1, previous=(t:1, i:13), leaderCommit=6, initializing? false, entries: <empty>
2019-09-12 06:05:53,156 [java.util.concurrent.ThreadPoolExecutor$Worker@3e4969f5[State = -1, empty queue]] WARN  server.GrpcLogAppender (GrpcLogAppender.java:timeoutAppendRequest(200)) - 300524ac-6f40-4001-8852-e3bc017e7a2d@group-AC406AFA1D55->e419d203-ae84-45b4-a349-326cccf7322d-GrpcLogAppender: appendEntries Timeout, request=300524ac-6f40-4001-8852-e3bc017e7a2d->e419d203-ae84-45b4-a349-326cccf7322d#82-t1, previous=(t:1, i:13), leaderCommit=6, initializing? false, entries: <empty>
2019-09-12 06:05:53,646 [EventQueue-PipelineActionsForPipelineActionHandler] ERROR pipeline.PipelineActionHandler (PipelineActionHandler.java:onMessage(60)) - Received pipeline action CLOSE for Pipeline[ Id: b4a944af-cbb9-4f34-adc2-ac406afa1d55, Nodes: 63029d58-985e-44b6-b8f1-28f19ea5ad76{ip: 192.168.34.52, host: trunk-nightly-20190912-4gc2t-2068889165, networkLocation: /default-rack, certSerialId: null}e419d203-ae84-45b4-a349-326cccf7322d{ip: 192.168.34.52, host: trunk-nightly-20190912-4gc2t-2068889165, networkLocation: /default-rack, certSerialId: null}300524ac-6f40-4001-8852-e3bc017e7a2d{ip: 192.168.34.52, host: trunk-nightly-20190912-4gc2t-2068889165, networkLocation: /default-rack, certSerialId: null}, Type:RATIS, Factor:THREE, State:CLOSED] from datanode 300524ac-6f40-4001-8852-e3bc017e7a2d{ip: 192.168.34.52, host: trunk-nightly-20190912-4gc2t-2068889165, networkLocation: /default-rack, certSerialId: null}. Reason : 300524ac-6f40-4001-8852-e3bc017e7a2d has not seen follower/s 63029d58-985e-44b6-b8f1-28f19ea5ad76 for 157258ms e419d203-ae84-45b4-a349-326cccf7322d for 157258ms
2019-09-12 06:05:53,646 [EventQueue-PipelineActionsForPipelineActionHandler] INFO  pipeline.SCMPipelineManager (SCMPipelineManager.java:finalizeAndDestroyPipeline(311)) - destroying pipeline:Pipeline[ Id: b4a944af-cbb9-4f34-adc2-ac406afa1d55, Nodes: 63029d58-985e-44b6-b8f1-28f19ea5ad76{ip: 192.168.34.52, host: trunk-nightly-20190912-4gc2t-2068889165, networkLocation: /default-rack, certSerialId: null}e419d203-ae84-45b4-a349-326cccf7322d{ip: 192.168.34.52, host: trunk-nightly-20190912-4gc2t-2068889165, networkLocation: /default-rack, certSerialId: null}300524ac-6f40-4001-8852-e3bc017e7a2d{ip: 192.168.34.52, host: trunk-nightly-20190912-4gc2t-2068889165, networkLocation: /default-rack, certSerialId: null}, Type:RATIS, Factor:THREE, State:CLOSED]
2019-09-12 06:05:55,159 [org.apache.ratis.server.impl.LogAppender$AppenderDaemon$$Lambda$547/1589537345@524f13b5] ERROR ratis.XceiverServerRatis (XceiverServerRatis.java:triggerPipelineClose(568)) - pipeline Action CLOSE  on pipeline PipelineID=b4a944af-cbb9-4f34-adc2-ac406afa1d55.Reason : 300524ac-6f40-4001-8852-e3bc017e7a2d has not seen follower/s 63029d58-985e-44b6-b8f1-28f19ea5ad76 for 159760ms e419d203-ae84-45b4-a349-326cccf7322d for 159761ms
2019-09-12 06:05:55,160 [org.apache.ratis.server.impl.LogAppender$AppenderDaemon$$Lambda$547/1589537345@6a394145] ERROR ratis.XceiverServerRatis (XceiverServerRatis.java:triggerPipelineClose(568)) - pipeline Action CLOSE  on pipeline PipelineID=b4a944af-cbb9-4f34-adc2-ac406afa1d55.Reason : 300524ac-6f40-4001-8852-e3bc017e7a2d has not seen follower/s 63029d58-985e-44b6-b8f1-28f19ea5ad76 for 159760ms e419d203-ae84-45b4-a349-326cccf7322d for 159761ms
2019-09-12 06:05:55,524 [300524ac-6f40-4001-8852-e3bc017e7a2d@group-AC406AFA1D55-SegmentedRaftLogWorker] WARN  segmented.SegmentedRaftLogWorker (SegmentedRaftLogWorker.java:getFromFuture(90)) - Timeout 15/~
org.apache.ratis.protocol.TimeoutIOException: Timeout 10s: WriteLog:7: (t:1, i:7), STATEMACHINELOGENTRY, client-A62FE20F707D, cid=131-writeStateMachineData
	at org.apache.ratis.util.IOUtils.getFromFuture(IOUtils.java:87)
	at org.apache.ratis.server.raftlog.segmented.SegmentedRaftLogWorker$StateMachineDataPolicy.getFromFuture(SegmentedRaftLogWorker.java:87)
	at org.apache.ratis.server.raftlog.segmented.SegmentedRaftLogWorker$WriteLog.execute(SegmentedRaftLogWorker.java:477)
	at org.apache.ratis.server.raftlog.segmented.SegmentedRaftLogWorker.run(SegmentedRaftLogWorker.java:289)
	at java.lang.Thread.run(Thread.java:748)
Caused by: java.util.concurrent.TimeoutException
	at java.util.concurrent.CompletableFuture.timedGet(CompletableFuture.java:1771)
	at java.util.concurrent.CompletableFuture.get(CompletableFuture.java:1915)
	at org.apache.ratis.util.IOUtils.getFromFuture(IOUtils.java:79)
	... 4 more
2019-09-12 06:05:55,545 [e419d203-ae84-45b4-a349-326cccf7322d@group-AC406AFA1D55-SegmentedRaftLogWorker] WARN  segmented.SegmentedRaftLogWorker (SegmentedRaftLogWorker.java:getFromFuture(90)) - Timeout 15/~
org.apache.ratis.protocol.TimeoutIOException: Timeout 10s: WriteLog:7: (t:1, i:7), STATEMACHINELOGENTRY, client-A62FE20F707D, cid=131-writeStateMachineData
	at org.apache.ratis.util.IOUtils.getFromFuture(IOUtils.java:87)
	at org.apache.ratis.server.raftlog.segmented.SegmentedRaftLogWorker$StateMachineDataPolicy.getFromFuture(SegmentedRaftLogWorker.java:87)
	at org.apache.ratis.server.raftlog.segmented.SegmentedRaftLogWorker$WriteLog.execute(SegmentedRaftLogWorker.java:477)
	at org.apache.ratis.server.raftlog.segmented.SegmentedRaftLogWorker.run(SegmentedRaftLogWorker.java:289)
	at java.lang.Thread.run(Thread.java:748)
Caused by: java.util.concurrent.TimeoutException
	at java.util.concurrent.CompletableFuture.timedGet(CompletableFuture.java:1771)
	at java.util.concurrent.CompletableFuture.get(CompletableFuture.java:1915)
	at org.apache.ratis.util.IOUtils.getFromFuture(IOUtils.java:79)
	... 4 more
2019-09-12 06:05:55,562 [63029d58-985e-44b6-b8f1-28f19ea5ad76@group-AC406AFA1D55-SegmentedRaftLogWorker] WARN  segmented.SegmentedRaftLogWorker (SegmentedRaftLogWorker.java:getFromFuture(90)) - Timeout 15/~
org.apache.ratis.protocol.TimeoutIOException: Timeout 10s: WriteLog:7: (t:1, i:7), STATEMACHINELOGENTRY, client-A62FE20F707D, cid=131-writeStateMachineData
	at org.apache.ratis.util.IOUtils.getFromFuture(IOUtils.java:87)
	at org.apache.ratis.server.raftlog.segmented.SegmentedRaftLogWorker$StateMachineDataPolicy.getFromFuture(SegmentedRaftLogWorker.java:87)
	at org.apache.ratis.server.raftlog.segmented.SegmentedRaftLogWorker$WriteLog.execute(SegmentedRaftLogWorker.java:477)
	at org.apache.ratis.server.raftlog.segmented.SegmentedRaftLogWorker.run(SegmentedRaftLogWorker.java:289)
	at java.lang.Thread.run(Thread.java:748)
Caused by: java.util.concurrent.TimeoutException
	at java.util.concurrent.CompletableFuture.timedGet(CompletableFuture.java:1771)
	at java.util.concurrent.CompletableFuture.get(CompletableFuture.java:1915)
	at org.apache.ratis.util.IOUtils.getFromFuture(IOUtils.java:79)
	... 4 more
2019-09-12 06:05:55,646 [EventQueue-PipelineActionsForPipelineActionHandler] ERROR pipeline.PipelineActionHandler (PipelineActionHandler.java:onMessage(60)) - Received pipeline action CLOSE for Pipeline[ Id: b4a944af-cbb9-4f34-adc2-ac406afa1d55, Nodes: 63029d58-985e-44b6-b8f1-28f19ea5ad76{ip: 192.168.34.52, host: trunk-nightly-20190912-4gc2t-2068889165, networkLocation: /default-rack, certSerialId: null}e419d203-ae84-45b4-a349-326cccf7322d{ip: 192.168.34.52, host: trunk-nightly-20190912-4gc2t-2068889165, networkLocation: /default-rack, certSerialId: null}300524ac-6f40-4001-8852-e3bc017e7a2d{ip: 192.168.34.52, host: trunk-nightly-20190912-4gc2t-2068889165, networkLocation: /default-rack, certSerialId: null}, Type:RATIS, Factor:THREE, State:CLOSED] from datanode 300524ac-6f40-4001-8852-e3bc017e7a2d{ip: 192.168.34.52, host: trunk-nightly-20190912-4gc2t-2068889165, networkLocation: /default-rack, certSerialId: null}. Reason : 300524ac-6f40-4001-8852-e3bc017e7a2d has not seen follower/s 63029d58-985e-44b6-b8f1-28f19ea5ad76 for 159760ms e419d203-ae84-45b4-a349-326cccf7322d for 159761ms
2019-09-12 06:05:55,646 [EventQueue-PipelineActionsForPipelineActionHandler] INFO  pipeline.SCMPipelineManager (SCMPipelineManager.java:finalizeAndDestroyPipeline(311)) - destroying pipeline:Pipeline[ Id: b4a944af-cbb9-4f34-adc2-ac406afa1d55, Nodes: 63029d58-985e-44b6-b8f1-28f19ea5ad76{ip: 192.168.34.52, host: trunk-nightly-20190912-4gc2t-2068889165, networkLocation: /default-rack, certSerialId: null}e419d203-ae84-45b4-a349-326cccf7322d{ip: 192.168.34.52, host: trunk-nightly-20190912-4gc2t-2068889165, networkLocation: /default-rack, certSerialId: null}300524ac-6f40-4001-8852-e3bc017e7a2d{ip: 192.168.34.52, host: trunk-nightly-20190912-4gc2t-2068889165, networkLocation: /default-rack, certSerialId: null}, Type:RATIS, Factor:THREE, State:CLOSED]
2019-09-12 06:05:55,656 [java.util.concurrent.ThreadPoolExecutor$Worker@13edb407[State = -1, empty queue]] WARN  server.GrpcLogAppender (GrpcLogAppender.java:timeoutAppendRequest(200)) - 300524ac-6f40-4001-8852-e3bc017e7a2d@group-AC406AFA1D55->63029d58-985e-44b6-b8f1-28f19ea5ad76-GrpcLogAppender: appendEntries Timeout, request=300524ac-6f40-4001-8852-e3bc017e7a2d->63029d58-985e-44b6-b8f1-28f19ea5ad76#83-t1, previous=(t:1, i:13), leaderCommit=6, initializing? false, entries: <empty>
2019-09-12 06:05:55,656 [java.util.concurrent.ThreadPoolExecutor$Worker@3e4969f5[State = -1, empty queue]] WARN  server.GrpcLogAppender (GrpcLogAppender.java:timeoutAppendRequest(200)) - 300524ac-6f40-4001-8852-e3bc017e7a2d@group-AC406AFA1D55->e419d203-ae84-45b4-a349-326cccf7322d-GrpcLogAppender: appendEntries Timeout, request=300524ac-6f40-4001-8852-e3bc017e7a2d->e419d203-ae84-45b4-a349-326cccf7322d#83-t1, previous=(t:1, i:13), leaderCommit=6, initializing? false, entries: <empty>
2019-09-12 06:05:57,105 [grpc-default-executor-1] INFO  client.GrpcClientProtocolClient (GrpcClientProtocolClient.java:onNext(264)) - client-A62FE20F707D->e419d203-ae84-45b4-a349-326cccf7322d: receive RaftClientReply:client-A62FE20F707D->e419d203-ae84-45b4-a349-326cccf7322d@group-AC406AFA1D55, cid=131, FAILED org.apache.ratis.protocol.NotLeaderException: Server e419d203-ae84-45b4-a349-326cccf7322d@group-AC406AFA1D55 is not the leader 300524ac-6f40-4001-8852-e3bc017e7a2d:192.168.34.52:35783, logIndex=0, commits[e419d203-ae84-45b4-a349-326cccf7322d:c6, 63029d58-985e-44b6-b8f1-28f19ea5ad76:c4, 300524ac-6f40-4001-8852-e3bc017e7a2d:c6]
2019-09-12 06:05:57,659 [org.apache.ratis.server.impl.LogAppender$AppenderDaemon$$Lambda$547/1589537345@6a394145] ERROR ratis.XceiverServerRatis (XceiverServerRatis.java:triggerPipelineClose(568)) - pipeline Action CLOSE  on pipeline PipelineID=b4a944af-cbb9-4f34-adc2-ac406afa1d55.Reason : 300524ac-6f40-4001-8852-e3bc017e7a2d has not seen follower/s 63029d58-985e-44b6-b8f1-28f19ea5ad76 for 162261ms e419d203-ae84-45b4-a349-326cccf7322d for 162261ms
2019-09-12 06:05:57,659 [org.apache.ratis.server.impl.LogAppender$AppenderDaemon$$Lambda$547/1589537345@524f13b5] ERROR ratis.XceiverServerRatis (XceiverServerRatis.java:triggerPipelineClose(568)) - pipeline Action CLOSE  on pipeline PipelineID=b4a944af-cbb9-4f34-adc2-ac406afa1d55.Reason : 300524ac-6f40-4001-8852-e3bc017e7a2d has not seen follower/s 63029d58-985e-44b6-b8f1-28f19ea5ad76 for 162261ms e419d203-ae84-45b4-a349-326cccf7322d for 162261ms
2019-09-12 06:05:58,159 [java.util.concurrent.ThreadPoolExecutor$Worker@3e4969f5[State = -1, empty queue]] WARN  server.GrpcLogAppender (GrpcLogAppender.java:timeoutAppendRequest(200)) - 300524ac-6f40-4001-8852-e3bc017e7a2d@group-AC406AFA1D55->e419d203-ae84-45b4-a349-326cccf7322d-GrpcLogAppender: appendEntries Timeout, request=300524ac-6f40-4001-8852-e3bc017e7a2d->e419d203-ae84-45b4-a349-326cccf7322d#84-t1, previous=(t:1, i:13), leaderCommit=6, initializing? false, entries: <empty>
2019-09-12 06:05:58,159 [java.util.concurrent.ThreadPoolExecutor$Worker@13edb407[State = -1, empty queue]] WARN  server.GrpcLogAppender (GrpcLogAppender.java:timeoutAppendRequest(200)) - 300524ac-6f40-4001-8852-e3bc017e7a2d@group-AC406AFA1D55->63029d58-985e-44b6-b8f1-28f19ea5ad76-GrpcLogAppender: appendEntries Timeout, request=300524ac-6f40-4001-8852-e3bc017e7a2d->63029d58-985e-44b6-b8f1-28f19ea5ad76#84-t1, previous=(t:1, i:13), leaderCommit=6, initializing? false, entries: <empty>
2019-09-12 06:05:58,646 [EventQueue-PipelineActionsForPipelineActionHandler] ERROR pipeline.PipelineActionHandler (PipelineActionHandler.java:onMessage(60)) - Received pipeline action CLOSE for Pipeline[ Id: b4a944af-cbb9-4f34-adc2-ac406afa1d55, Nodes: 63029d58-985e-44b6-b8f1-28f19ea5ad76{ip: 192.168.34.52, host: trunk-nightly-20190912-4gc2t-2068889165, networkLocation: /default-rack, certSerialId: null}e419d203-ae84-45b4-a349-326cccf7322d{ip: 192.168.34.52, host: trunk-nightly-20190912-4gc2t-2068889165, networkLocation: /default-rack, certSerialId: null}300524ac-6f40-4001-8852-e3bc017e7a2d{ip: 192.168.34.52, host: trunk-nightly-20190912-4gc2t-2068889165, networkLocation: /default-rack, certSerialId: null}, Type:RATIS, Factor:THREE, State:CLOSED] from datanode 300524ac-6f40-4001-8852-e3bc017e7a2d{ip: 192.168.34.52, host: trunk-nightly-20190912-4gc2t-2068889165, networkLocation: /default-rack, certSerialId: null}. Reason : 300524ac-6f40-4001-8852-e3bc017e7a2d has not seen follower/s 63029d58-985e-44b6-b8f1-28f19ea5ad76 for 162261ms e419d203-ae84-45b4-a349-326cccf7322d for 162261ms
2019-09-12 06:05:58,646 [EventQueue-PipelineActionsForPipelineActionHandler] INFO  pipeline.SCMPipelineManager (SCMPipelineManager.java:finalizeAndDestroyPipeline(311)) - destroying pipeline:Pipeline[ Id: b4a944af-cbb9-4f34-adc2-ac406afa1d55, Nodes: 63029d58-985e-44b6-b8f1-28f19ea5ad76{ip: 192.168.34.52, host: trunk-nightly-20190912-4gc2t-2068889165, networkLocation: /default-rack, certSerialId: null}e419d203-ae84-45b4-a349-326cccf7322d{ip: 192.168.34.52, host: trunk-nightly-20190912-4gc2t-2068889165, networkLocation: /default-rack, certSerialId: null}300524ac-6f40-4001-8852-e3bc017e7a2d{ip: 192.168.34.52, host: trunk-nightly-20190912-4gc2t-2068889165, networkLocation: /default-rack, certSerialId: null}, Type:RATIS, Factor:THREE, State:CLOSED]
2019-09-12 06:06:00,161 [org.apache.ratis.server.impl.LogAppender$AppenderDaemon$$Lambda$547/1589537345@6a394145] ERROR ratis.XceiverServerRatis (XceiverServerRatis.java:triggerPipelineClose(568)) - pipeline Action CLOSE  on pipeline PipelineID=b4a944af-cbb9-4f34-adc2-ac406afa1d55.Reason : 300524ac-6f40-4001-8852-e3bc017e7a2d has not seen follower/s 63029d58-985e-44b6-b8f1-28f19ea5ad76 for 164762ms e419d203-ae84-45b4-a349-326cccf7322d for 164762ms
2019-09-12 06:06:00,161 [org.apache.ratis.server.impl.LogAppender$AppenderDaemon$$Lambda$547/1589537345@524f13b5] ERROR ratis.XceiverServerRatis (XceiverServerRatis.java:triggerPipelineClose(568)) - pipeline Action CLOSE  on pipeline PipelineID=b4a944af-cbb9-4f34-adc2-ac406afa1d55.Reason : 300524ac-6f40-4001-8852-e3bc017e7a2d has not seen follower/s 63029d58-985e-44b6-b8f1-28f19ea5ad76 for 164762ms e419d203-ae84-45b4-a349-326cccf7322d for 164762ms
2019-09-12 06:06:00,646 [EventQueue-PipelineActionsForPipelineActionHandler] ERROR pipeline.PipelineActionHandler (PipelineActionHandler.java:onMessage(60)) - Received pipeline action CLOSE for Pipeline[ Id: b4a944af-cbb9-4f34-adc2-ac406afa1d55, Nodes: 63029d58-985e-44b6-b8f1-28f19ea5ad76{ip: 192.168.34.52, host: trunk-nightly-20190912-4gc2t-2068889165, networkLocation: /default-rack, certSerialId: null}e419d203-ae84-45b4-a349-326cccf7322d{ip: 192.168.34.52, host: trunk-nightly-20190912-4gc2t-2068889165, networkLocation: /default-rack, certSerialId: null}300524ac-6f40-4001-8852-e3bc017e7a2d{ip: 192.168.34.52, host: trunk-nightly-20190912-4gc2t-2068889165, networkLocation: /default-rack, certSerialId: null}, Type:RATIS, Factor:THREE, State:CLOSED] from datanode 300524ac-6f40-4001-8852-e3bc017e7a2d{ip: 192.168.34.52, host: trunk-nightly-20190912-4gc2t-2068889165, networkLocation: /default-rack, certSerialId: null}. Reason : 300524ac-6f40-4001-8852-e3bc017e7a2d has not seen follower/s 63029d58-985e-44b6-b8f1-28f19ea5ad76 for 164762ms e419d203-ae84-45b4-a349-326cccf7322d for 164762ms
2019-09-12 06:06:00,646 [EventQueue-PipelineActionsForPipelineActionHandler] INFO  pipeline.SCMPipelineManager (SCMPipelineManager.java:finalizeAndDestroyPipeline(311)) - destroying pipeline:Pipeline[ Id: b4a944af-cbb9-4f34-adc2-ac406afa1d55, Nodes: 63029d58-985e-44b6-b8f1-28f19ea5ad76{ip: 192.168.34.52, host: trunk-nightly-20190912-4gc2t-2068889165, networkLocation: /default-rack, certSerialId: null}e419d203-ae84-45b4-a349-326cccf7322d{ip: 192.168.34.52, host: trunk-nightly-20190912-4gc2t-2068889165, networkLocation: /default-rack, certSerialId: null}300524ac-6f40-4001-8852-e3bc017e7a2d{ip: 192.168.34.52, host: trunk-nightly-20190912-4gc2t-2068889165, networkLocation: /default-rack, certSerialId: null}, Type:RATIS, Factor:THREE, State:CLOSED]
2019-09-12 06:06:00,659 [java.util.concurrent.ThreadPoolExecutor$Worker@13edb407[State = -1, empty queue]] WARN  server.GrpcLogAppender (GrpcLogAppender.java:timeoutAppendRequest(200)) - 300524ac-6f40-4001-8852-e3bc017e7a2d@group-AC406AFA1D55->63029d58-985e-44b6-b8f1-28f19ea5ad76-GrpcLogAppender: appendEntries Timeout, request=300524ac-6f40-4001-8852-e3bc017e7a2d->63029d58-985e-44b6-b8f1-28f19ea5ad76#85-t1, previous=(t:1, i:13), leaderCommit=6, initializing? false, entries: <empty>
2019-09-12 06:06:00,659 [java.util.concurrent.ThreadPoolExecutor$Worker@3e4969f5[State = -1, empty queue]] WARN  server.GrpcLogAppender (GrpcLogAppender.java:timeoutAppendRequest(200)) - 300524ac-6f40-4001-8852-e3bc017e7a2d@group-AC406AFA1D55->e419d203-ae84-45b4-a349-326cccf7322d-GrpcLogAppender: appendEntries Timeout, request=300524ac-6f40-4001-8852-e3bc017e7a2d->e419d203-ae84-45b4-a349-326cccf7322d#85-t1, previous=(t:1, i:13), leaderCommit=6, initializing? false, entries: <empty>
2019-09-12 06:06:02,145 [grpc-default-executor-3] INFO  client.GrpcClientProtocolClient (GrpcClientProtocolClient.java:onNext(264)) - client-A62FE20F707D->63029d58-985e-44b6-b8f1-28f19ea5ad76: receive RaftClientReply:client-A62FE20F707D->63029d58-985e-44b6-b8f1-28f19ea5ad76@group-AC406AFA1D55, cid=131, FAILED org.apache.ratis.protocol.NotLeaderException: Server 63029d58-985e-44b6-b8f1-28f19ea5ad76@group-AC406AFA1D55 is not the leader 300524ac-6f40-4001-8852-e3bc017e7a2d:192.168.34.52:35783, logIndex=0, commits[63029d58-985e-44b6-b8f1-28f19ea5ad76:c6, 300524ac-6f40-4001-8852-e3bc017e7a2d:c6, e419d203-ae84-45b4-a349-326cccf7322d:c4]
2019-09-12 06:06:02,661 [org.apache.ratis.server.impl.LogAppender$AppenderDaemon$$Lambda$547/1589537345@524f13b5] ERROR ratis.XceiverServerRatis (XceiverServerRatis.java:triggerPipelineClose(568)) - pipeline Action CLOSE  on pipeline PipelineID=b4a944af-cbb9-4f34-adc2-ac406afa1d55.Reason : 300524ac-6f40-4001-8852-e3bc017e7a2d has not seen follower/s 63029d58-985e-44b6-b8f1-28f19ea5ad76 for 167262ms e419d203-ae84-45b4-a349-326cccf7322d for 167263ms
2019-09-12 06:06:02,661 [org.apache.ratis.server.impl.LogAppender$AppenderDaemon$$Lambda$547/1589537345@6a394145] ERROR ratis.XceiverServerRatis (XceiverServerRatis.java:triggerPipelineClose(568)) - pipeline Action CLOSE  on pipeline PipelineID=b4a944af-cbb9-4f34-adc2-ac406afa1d55.Reason : 300524ac-6f40-4001-8852-e3bc017e7a2d has not seen follower/s 63029d58-985e-44b6-b8f1-28f19ea5ad76 for 167263ms e419d203-ae84-45b4-a349-326cccf7322d for 167263ms
2019-09-12 06:06:03,162 [java.util.concurrent.ThreadPoolExecutor$Worker@13edb407[State = -1, empty queue]] WARN  server.GrpcLogAppender (GrpcLogAppender.java:timeoutAppendRequest(200)) - 300524ac-6f40-4001-8852-e3bc017e7a2d@group-AC406AFA1D55->63029d58-985e-44b6-b8f1-28f19ea5ad76-GrpcLogAppender: appendEntries Timeout, request=300524ac-6f40-4001-8852-e3bc017e7a2d->63029d58-985e-44b6-b8f1-28f19ea5ad76#86-t1, previous=(t:1, i:13), leaderCommit=6, initializing? false, entries: <empty>
2019-09-12 06:06:03,162 [java.util.concurrent.ThreadPoolExecutor$Worker@3e4969f5[State = -1, empty queue]] WARN  server.GrpcLogAppender (GrpcLogAppender.java:timeoutAppendRequest(200)) - 300524ac-6f40-4001-8852-e3bc017e7a2d@group-AC406AFA1D55->e419d203-ae84-45b4-a349-326cccf7322d-GrpcLogAppender: appendEntries Timeout, request=300524ac-6f40-4001-8852-e3bc017e7a2d->e419d203-ae84-45b4-a349-326cccf7322d#86-t1, previous=(t:1, i:13), leaderCommit=6, initializing? false, entries: <empty>
2019-09-12 06:06:03,646 [EventQueue-PipelineActionsForPipelineActionHandler] ERROR pipeline.PipelineActionHandler (PipelineActionHandler.java:onMessage(60)) - Received pipeline action CLOSE for Pipeline[ Id: b4a944af-cbb9-4f34-adc2-ac406afa1d55, Nodes: 63029d58-985e-44b6-b8f1-28f19ea5ad76{ip: 192.168.34.52, host: trunk-nightly-20190912-4gc2t-2068889165, networkLocation: /default-rack, certSerialId: null}e419d203-ae84-45b4-a349-326cccf7322d{ip: 192.168.34.52, host: trunk-nightly-20190912-4gc2t-2068889165, networkLocation: /default-rack, certSerialId: null}300524ac-6f40-4001-8852-e3bc017e7a2d{ip: 192.168.34.52, host: trunk-nightly-20190912-4gc2t-2068889165, networkLocation: /default-rack, certSerialId: null}, Type:RATIS, Factor:THREE, State:CLOSED] from datanode 300524ac-6f40-4001-8852-e3bc017e7a2d{ip: 192.168.34.52, host: trunk-nightly-20190912-4gc2t-2068889165, networkLocation: /default-rack, certSerialId: null}. Reason : 300524ac-6f40-4001-8852-e3bc017e7a2d has not seen follower/s 63029d58-985e-44b6-b8f1-28f19ea5ad76 for 167262ms e419d203-ae84-45b4-a349-326cccf7322d for 167263ms
2019-09-12 06:06:03,646 [EventQueue-PipelineActionsForPipelineActionHandler] INFO  pipeline.SCMPipelineManager (SCMPipelineManager.java:finalizeAndDestroyPipeline(311)) - destroying pipeline:Pipeline[ Id: b4a944af-cbb9-4f34-adc2-ac406afa1d55, Nodes: 63029d58-985e-44b6-b8f1-28f19ea5ad76{ip: 192.168.34.52, host: trunk-nightly-20190912-4gc2t-2068889165, networkLocation: /default-rack, certSerialId: null}e419d203-ae84-45b4-a349-326cccf7322d{ip: 192.168.34.52, host: trunk-nightly-20190912-4gc2t-2068889165, networkLocation: /default-rack, certSerialId: null}300524ac-6f40-4001-8852-e3bc017e7a2d{ip: 192.168.34.52, host: trunk-nightly-20190912-4gc2t-2068889165, networkLocation: /default-rack, certSerialId: null}, Type:RATIS, Factor:THREE, State:CLOSED]
2019-09-12 06:06:05,167 [org.apache.ratis.server.impl.LogAppender$AppenderDaemon$$Lambda$547/1589537345@6a394145] ERROR ratis.XceiverServerRatis (XceiverServerRatis.java:triggerPipelineClose(568)) - pipeline Action CLOSE  on pipeline PipelineID=b4a944af-cbb9-4f34-adc2-ac406afa1d55.Reason : 300524ac-6f40-4001-8852-e3bc017e7a2d has not seen follower/s 63029d58-985e-44b6-b8f1-28f19ea5ad76 for 169769ms e419d203-ae84-45b4-a349-326cccf7322d for 169769ms
2019-09-12 06:06:05,167 [org.apache.ratis.server.impl.LogAppender$AppenderDaemon$$Lambda$547/1589537345@524f13b5] ERROR ratis.XceiverServerRatis (XceiverServerRatis.java:triggerPipelineClose(568)) - pipeline Action CLOSE  on pipeline PipelineID=b4a944af-cbb9-4f34-adc2-ac406afa1d55.Reason : 300524ac-6f40-4001-8852-e3bc017e7a2d has not seen follower/s 63029d58-985e-44b6-b8f1-28f19ea5ad76 for 169769ms e419d203-ae84-45b4-a349-326cccf7322d for 169769ms
2019-09-12 06:06:05,525 [300524ac-6f40-4001-8852-e3bc017e7a2d@group-AC406AFA1D55-SegmentedRaftLogWorker] WARN  segmented.SegmentedRaftLogWorker (SegmentedRaftLogWorker.java:getFromFuture(90)) - Timeout 16/~
org.apache.ratis.protocol.TimeoutIOException: Timeout 10s: WriteLog:7: (t:1, i:7), STATEMACHINELOGENTRY, client-A62FE20F707D, cid=131-writeStateMachineData
	at org.apache.ratis.util.IOUtils.getFromFuture(IOUtils.java:87)
	at org.apache.ratis.server.raftlog.segmented.SegmentedRaftLogWorker$StateMachineDataPolicy.getFromFuture(SegmentedRaftLogWorker.java:87)
	at org.apache.ratis.server.raftlog.segmented.SegmentedRaftLogWorker$WriteLog.execute(SegmentedRaftLogWorker.java:477)
	at org.apache.ratis.server.raftlog.segmented.SegmentedRaftLogWorker.run(SegmentedRaftLogWorker.java:289)
	at java.lang.Thread.run(Thread.java:748)
Caused by: java.util.concurrent.TimeoutException
	at java.util.concurrent.CompletableFuture.timedGet(CompletableFuture.java:1771)
	at java.util.concurrent.CompletableFuture.get(CompletableFuture.java:1915)
	at org.apache.ratis.util.IOUtils.getFromFuture(IOUtils.java:79)
	... 4 more
2019-09-12 06:06:05,570 [e419d203-ae84-45b4-a349-326cccf7322d@group-AC406AFA1D55-SegmentedRaftLogWorker] WARN  segmented.SegmentedRaftLogWorker (SegmentedRaftLogWorker.java:getFromFuture(90)) - Timeout 16/~
org.apache.ratis.protocol.TimeoutIOException: Timeout 10s: WriteLog:7: (t:1, i:7), STATEMACHINELOGENTRY, client-A62FE20F707D, cid=131-writeStateMachineData
	at org.apache.ratis.util.IOUtils.getFromFuture(IOUtils.java:87)
	at org.apache.ratis.server.raftlog.segmented.SegmentedRaftLogWorker$StateMachineDataPolicy.getFromFuture(SegmentedRaftLogWorker.java:87)
	at org.apache.ratis.server.raftlog.segmented.SegmentedRaftLogWorker$WriteLog.execute(SegmentedRaftLogWorker.java:477)
	at org.apache.ratis.server.raftlog.segmented.SegmentedRaftLogWorker.run(SegmentedRaftLogWorker.java:289)
	at java.lang.Thread.run(Thread.java:748)
Caused by: java.util.concurrent.TimeoutException
	at java.util.concurrent.CompletableFuture.timedGet(CompletableFuture.java:1771)
	at java.util.concurrent.CompletableFuture.get(CompletableFuture.java:1915)
	at org.apache.ratis.util.IOUtils.getFromFuture(IOUtils.java:79)
	... 4 more
2019-09-12 06:06:05,570 [63029d58-985e-44b6-b8f1-28f19ea5ad76@group-AC406AFA1D55-SegmentedRaftLogWorker] WARN  segmented.SegmentedRaftLogWorker (SegmentedRaftLogWorker.java:getFromFuture(90)) - Timeout 16/~
org.apache.ratis.protocol.TimeoutIOException: Timeout 10s: WriteLog:7: (t:1, i:7), STATEMACHINELOGENTRY, client-A62FE20F707D, cid=131-writeStateMachineData
	at org.apache.ratis.util.IOUtils.getFromFuture(IOUtils.java:87)
	at org.apache.ratis.server.raftlog.segmented.SegmentedRaftLogWorker$StateMachineDataPolicy.getFromFuture(SegmentedRaftLogWorker.java:87)
	at org.apache.ratis.server.raftlog.segmented.SegmentedRaftLogWorker$WriteLog.execute(SegmentedRaftLogWorker.java:477)
	at org.apache.ratis.server.raftlog.segmented.SegmentedRaftLogWorker.run(SegmentedRaftLogWorker.java:289)
	at java.lang.Thread.run(Thread.java:748)
Caused by: java.util.concurrent.TimeoutException
	at java.util.concurrent.CompletableFuture.timedGet(CompletableFuture.java:1771)
	at java.util.concurrent.CompletableFuture.get(CompletableFuture.java:1915)
	at org.apache.ratis.util.IOUtils.getFromFuture(IOUtils.java:79)
	... 4 more
2019-09-12 06:06:05,646 [EventQueue-PipelineActionsForPipelineActionHandler] ERROR pipeline.PipelineActionHandler (PipelineActionHandler.java:onMessage(60)) - Received pipeline action CLOSE for Pipeline[ Id: b4a944af-cbb9-4f34-adc2-ac406afa1d55, Nodes: 63029d58-985e-44b6-b8f1-28f19ea5ad76{ip: 192.168.34.52, host: trunk-nightly-20190912-4gc2t-2068889165, networkLocation: /default-rack, certSerialId: null}e419d203-ae84-45b4-a349-326cccf7322d{ip: 192.168.34.52, host: trunk-nightly-20190912-4gc2t-2068889165, networkLocation: /default-rack, certSerialId: null}300524ac-6f40-4001-8852-e3bc017e7a2d{ip: 192.168.34.52, host: trunk-nightly-20190912-4gc2t-2068889165, networkLocation: /default-rack, certSerialId: null}, Type:RATIS, Factor:THREE, State:CLOSED] from datanode 300524ac-6f40-4001-8852-e3bc017e7a2d{ip: 192.168.34.52, host: trunk-nightly-20190912-4gc2t-2068889165, networkLocation: /default-rack, certSerialId: null}. Reason : 300524ac-6f40-4001-8852-e3bc017e7a2d has not seen follower/s 63029d58-985e-44b6-b8f1-28f19ea5ad76 for 169769ms e419d203-ae84-45b4-a349-326cccf7322d for 169769ms
2019-09-12 06:06:05,646 [EventQueue-PipelineActionsForPipelineActionHandler] INFO  pipeline.SCMPipelineManager (SCMPipelineManager.java:finalizeAndDestroyPipeline(311)) - destroying pipeline:Pipeline[ Id: b4a944af-cbb9-4f34-adc2-ac406afa1d55, Nodes: 63029d58-985e-44b6-b8f1-28f19ea5ad76{ip: 192.168.34.52, host: trunk-nightly-20190912-4gc2t-2068889165, networkLocation: /default-rack, certSerialId: null}e419d203-ae84-45b4-a349-326cccf7322d{ip: 192.168.34.52, host: trunk-nightly-20190912-4gc2t-2068889165, networkLocation: /default-rack, certSerialId: null}300524ac-6f40-4001-8852-e3bc017e7a2d{ip: 192.168.34.52, host: trunk-nightly-20190912-4gc2t-2068889165, networkLocation: /default-rack, certSerialId: null}, Type:RATIS, Factor:THREE, State:CLOSED]
2019-09-12 06:06:05,661 [java.util.concurrent.ThreadPoolExecutor$Worker@3e4969f5[State = -1, empty queue]] WARN  server.GrpcLogAppender (GrpcLogAppender.java:timeoutAppendRequest(200)) - 300524ac-6f40-4001-8852-e3bc017e7a2d@group-AC406AFA1D55->e419d203-ae84-45b4-a349-326cccf7322d-GrpcLogAppender: appendEntries Timeout, request=300524ac-6f40-4001-8852-e3bc017e7a2d->e419d203-ae84-45b4-a349-326cccf7322d#87-t1, previous=(t:1, i:13), leaderCommit=6, initializing? false, entries: <empty>
2019-09-12 06:06:05,661 [java.util.concurrent.ThreadPoolExecutor$Worker@13edb407[State = -1, empty queue]] WARN  server.GrpcLogAppender (GrpcLogAppender.java:timeoutAppendRequest(200)) - 300524ac-6f40-4001-8852-e3bc017e7a2d@group-AC406AFA1D55->63029d58-985e-44b6-b8f1-28f19ea5ad76-GrpcLogAppender: appendEntries Timeout, request=300524ac-6f40-4001-8852-e3bc017e7a2d->63029d58-985e-44b6-b8f1-28f19ea5ad76#87-t1, previous=(t:1, i:13), leaderCommit=6, initializing? false, entries: <empty>
2019-09-12 06:06:07,191 [grpc-default-executor-3] INFO  client.GrpcClientProtocolClient (GrpcClientProtocolClient.java:onNext(264)) - client-A62FE20F707D->e419d203-ae84-45b4-a349-326cccf7322d: receive RaftClientReply:client-A62FE20F707D->e419d203-ae84-45b4-a349-326cccf7322d@group-AC406AFA1D55, cid=131, FAILED org.apache.ratis.protocol.NotLeaderException: Server e419d203-ae84-45b4-a349-326cccf7322d@group-AC406AFA1D55 is not the leader 300524ac-6f40-4001-8852-e3bc017e7a2d:192.168.34.52:35783, logIndex=0, commits[e419d203-ae84-45b4-a349-326cccf7322d:c6, 63029d58-985e-44b6-b8f1-28f19ea5ad76:c4, 300524ac-6f40-4001-8852-e3bc017e7a2d:c6]
2019-09-12 06:06:07,667 [org.apache.ratis.server.impl.LogAppender$AppenderDaemon$$Lambda$547/1589537345@6a394145] ERROR ratis.XceiverServerRatis (XceiverServerRatis.java:triggerPipelineClose(568)) - pipeline Action CLOSE  on pipeline PipelineID=b4a944af-cbb9-4f34-adc2-ac406afa1d55.Reason : 300524ac-6f40-4001-8852-e3bc017e7a2d has not seen follower/s 63029d58-985e-44b6-b8f1-28f19ea5ad76 for 172269ms e419d203-ae84-45b4-a349-326cccf7322d for 172269ms
2019-09-12 06:06:07,668 [org.apache.ratis.server.impl.LogAppender$AppenderDaemon$$Lambda$547/1589537345@524f13b5] ERROR ratis.XceiverServerRatis (XceiverServerRatis.java:triggerPipelineClose(568)) - pipeline Action CLOSE  on pipeline PipelineID=b4a944af-cbb9-4f34-adc2-ac406afa1d55.Reason : 300524ac-6f40-4001-8852-e3bc017e7a2d has not seen follower/s 63029d58-985e-44b6-b8f1-28f19ea5ad76 for 172269ms e419d203-ae84-45b4-a349-326cccf7322d for 172270ms
2019-09-12 06:06:08,167 [java.util.concurrent.ThreadPoolExecutor$Worker@3e4969f5[State = -1, empty queue]] WARN  server.GrpcLogAppender (GrpcLogAppender.java:timeoutAppendRequest(200)) - 300524ac-6f40-4001-8852-e3bc017e7a2d@group-AC406AFA1D55->e419d203-ae84-45b4-a349-326cccf7322d-GrpcLogAppender: appendEntries Timeout, request=300524ac-6f40-4001-8852-e3bc017e7a2d->e419d203-ae84-45b4-a349-326cccf7322d#88-t1, previous=(t:1, i:13), leaderCommit=6, initializing? false, entries: <empty>
2019-09-12 06:06:08,167 [java.util.concurrent.ThreadPoolExecutor$Worker@13edb407[State = -1, empty queue]] WARN  server.GrpcLogAppender (GrpcLogAppender.java:timeoutAppendRequest(200)) - 300524ac-6f40-4001-8852-e3bc017e7a2d@group-AC406AFA1D55->63029d58-985e-44b6-b8f1-28f19ea5ad76-GrpcLogAppender: appendEntries Timeout, request=300524ac-6f40-4001-8852-e3bc017e7a2d->63029d58-985e-44b6-b8f1-28f19ea5ad76#88-t1, previous=(t:1, i:13), leaderCommit=6, initializing? false, entries: <empty>
2019-09-12 06:06:08,645 [EventQueue-PipelineActionsForPipelineActionHandler] ERROR pipeline.PipelineActionHandler (PipelineActionHandler.java:onMessage(60)) - Received pipeline action CLOSE for Pipeline[ Id: b4a944af-cbb9-4f34-adc2-ac406afa1d55, Nodes: 63029d58-985e-44b6-b8f1-28f19ea5ad76{ip: 192.168.34.52, host: trunk-nightly-20190912-4gc2t-2068889165, networkLocation: /default-rack, certSerialId: null}e419d203-ae84-45b4-a349-326cccf7322d{ip: 192.168.34.52, host: trunk-nightly-20190912-4gc2t-2068889165, networkLocation: /default-rack, certSerialId: null}300524ac-6f40-4001-8852-e3bc017e7a2d{ip: 192.168.34.52, host: trunk-nightly-20190912-4gc2t-2068889165, networkLocation: /default-rack, certSerialId: null}, Type:RATIS, Factor:THREE, State:CLOSED] from datanode 300524ac-6f40-4001-8852-e3bc017e7a2d{ip: 192.168.34.52, host: trunk-nightly-20190912-4gc2t-2068889165, networkLocation: /default-rack, certSerialId: null}. Reason : 300524ac-6f40-4001-8852-e3bc017e7a2d has not seen follower/s 63029d58-985e-44b6-b8f1-28f19ea5ad76 for 172269ms e419d203-ae84-45b4-a349-326cccf7322d for 172269ms
2019-09-12 06:06:08,646 [EventQueue-PipelineActionsForPipelineActionHandler] INFO  pipeline.SCMPipelineManager (SCMPipelineManager.java:finalizeAndDestroyPipeline(311)) - destroying pipeline:Pipeline[ Id: b4a944af-cbb9-4f34-adc2-ac406afa1d55, Nodes: 63029d58-985e-44b6-b8f1-28f19ea5ad76{ip: 192.168.34.52, host: trunk-nightly-20190912-4gc2t-2068889165, networkLocation: /default-rack, certSerialId: null}e419d203-ae84-45b4-a349-326cccf7322d{ip: 192.168.34.52, host: trunk-nightly-20190912-4gc2t-2068889165, networkLocation: /default-rack, certSerialId: null}300524ac-6f40-4001-8852-e3bc017e7a2d{ip: 192.168.34.52, host: trunk-nightly-20190912-4gc2t-2068889165, networkLocation: /default-rack, certSerialId: null}, Type:RATIS, Factor:THREE, State:CLOSED]
2019-09-12 06:06:10,170 [org.apache.ratis.server.impl.LogAppender$AppenderDaemon$$Lambda$547/1589537345@524f13b5] ERROR ratis.XceiverServerRatis (XceiverServerRatis.java:triggerPipelineClose(568)) - pipeline Action CLOSE  on pipeline PipelineID=b4a944af-cbb9-4f34-adc2-ac406afa1d55.Reason : 300524ac-6f40-4001-8852-e3bc017e7a2d has not seen follower/s 63029d58-985e-44b6-b8f1-28f19ea5ad76 for 174771ms e419d203-ae84-45b4-a349-326cccf7322d for 174771ms
2019-09-12 06:06:10,170 [org.apache.ratis.server.impl.LogAppender$AppenderDaemon$$Lambda$547/1589537345@6a394145] ERROR ratis.XceiverServerRatis (XceiverServerRatis.java:triggerPipelineClose(568)) - pipeline Action CLOSE  on pipeline PipelineID=b4a944af-cbb9-4f34-adc2-ac406afa1d55.Reason : 300524ac-6f40-4001-8852-e3bc017e7a2d has not seen follower/s 63029d58-985e-44b6-b8f1-28f19ea5ad76 for 174771ms e419d203-ae84-45b4-a349-326cccf7322d for 174771ms
2019-09-12 06:06:10,645 [EventQueue-PipelineActionsForPipelineActionHandler] ERROR pipeline.PipelineActionHandler (PipelineActionHandler.java:onMessage(60)) - Received pipeline action CLOSE for Pipeline[ Id: b4a944af-cbb9-4f34-adc2-ac406afa1d55, Nodes: 63029d58-985e-44b6-b8f1-28f19ea5ad76{ip: 192.168.34.52, host: trunk-nightly-20190912-4gc2t-2068889165, networkLocation: /default-rack, certSerialId: null}e419d203-ae84-45b4-a349-326cccf7322d{ip: 192.168.34.52, host: trunk-nightly-20190912-4gc2t-2068889165, networkLocation: /default-rack, certSerialId: null}300524ac-6f40-4001-8852-e3bc017e7a2d{ip: 192.168.34.52, host: trunk-nightly-20190912-4gc2t-2068889165, networkLocation: /default-rack, certSerialId: null}, Type:RATIS, Factor:THREE, State:CLOSED] from datanode 300524ac-6f40-4001-8852-e3bc017e7a2d{ip: 192.168.34.52, host: trunk-nightly-20190912-4gc2t-2068889165, networkLocation: /default-rack, certSerialId: null}. Reason : 300524ac-6f40-4001-8852-e3bc017e7a2d has not seen follower/s 63029d58-985e-44b6-b8f1-28f19ea5ad76 for 174771ms e419d203-ae84-45b4-a349-326cccf7322d for 174771ms
2019-09-12 06:06:10,646 [EventQueue-PipelineActionsForPipelineActionHandler] INFO  pipeline.SCMPipelineManager (SCMPipelineManager.java:finalizeAndDestroyPipeline(311)) - destroying pipeline:Pipeline[ Id: b4a944af-cbb9-4f34-adc2-ac406afa1d55, Nodes: 63029d58-985e-44b6-b8f1-28f19ea5ad76{ip: 192.168.34.52, host: trunk-nightly-20190912-4gc2t-2068889165, networkLocation: /default-rack, certSerialId: null}e419d203-ae84-45b4-a349-326cccf7322d{ip: 192.168.34.52, host: trunk-nightly-20190912-4gc2t-2068889165, networkLocation: /default-rack, certSerialId: null}300524ac-6f40-4001-8852-e3bc017e7a2d{ip: 192.168.34.52, host: trunk-nightly-20190912-4gc2t-2068889165, networkLocation: /default-rack, certSerialId: null}, Type:RATIS, Factor:THREE, State:CLOSED]
2019-09-12 06:06:10,667 [java.util.concurrent.ThreadPoolExecutor$Worker@13edb407[State = -1, empty queue]] WARN  server.GrpcLogAppender (GrpcLogAppender.java:timeoutAppendRequest(200)) - 300524ac-6f40-4001-8852-e3bc017e7a2d@group-AC406AFA1D55->63029d58-985e-44b6-b8f1-28f19ea5ad76-GrpcLogAppender: appendEntries Timeout, request=300524ac-6f40-4001-8852-e3bc017e7a2d->63029d58-985e-44b6-b8f1-28f19ea5ad76#89-t1, previous=(t:1, i:13), leaderCommit=6, initializing? false, entries: <empty>
2019-09-12 06:06:10,668 [java.util.concurrent.ThreadPoolExecutor$Worker@3e4969f5[State = -1, empty queue]] WARN  server.GrpcLogAppender (GrpcLogAppender.java:timeoutAppendRequest(200)) - 300524ac-6f40-4001-8852-e3bc017e7a2d@group-AC406AFA1D55->e419d203-ae84-45b4-a349-326cccf7322d-GrpcLogAppender: appendEntries Timeout, request=300524ac-6f40-4001-8852-e3bc017e7a2d->e419d203-ae84-45b4-a349-326cccf7322d#89-t1, previous=(t:1, i:13), leaderCommit=6, initializing? false, entries: <empty>
2019-09-12 06:06:12,267 [grpc-default-executor-7] INFO  client.GrpcClientProtocolClient (GrpcClientProtocolClient.java:onNext(264)) - client-A62FE20F707D->63029d58-985e-44b6-b8f1-28f19ea5ad76: receive RaftClientReply:client-A62FE20F707D->63029d58-985e-44b6-b8f1-28f19ea5ad76@group-AC406AFA1D55, cid=131, FAILED org.apache.ratis.protocol.NotLeaderException: Server 63029d58-985e-44b6-b8f1-28f19ea5ad76@group-AC406AFA1D55 is not the leader 300524ac-6f40-4001-8852-e3bc017e7a2d:192.168.34.52:35783, logIndex=0, commits[63029d58-985e-44b6-b8f1-28f19ea5ad76:c6, 300524ac-6f40-4001-8852-e3bc017e7a2d:c6, e419d203-ae84-45b4-a349-326cccf7322d:c4]
2019-09-12 06:06:12,670 [org.apache.ratis.server.impl.LogAppender$AppenderDaemon$$Lambda$547/1589537345@6a394145] ERROR ratis.XceiverServerRatis (XceiverServerRatis.java:triggerPipelineClose(568)) - pipeline Action CLOSE  on pipeline PipelineID=b4a944af-cbb9-4f34-adc2-ac406afa1d55.Reason : 300524ac-6f40-4001-8852-e3bc017e7a2d has not seen follower/s 63029d58-985e-44b6-b8f1-28f19ea5ad76 for 177271ms e419d203-ae84-45b4-a349-326cccf7322d for 177271ms
2019-09-12 06:06:12,670 [org.apache.ratis.server.impl.LogAppender$AppenderDaemon$$Lambda$547/1589537345@524f13b5] ERROR ratis.XceiverServerRatis (XceiverServerRatis.java:triggerPipelineClose(568)) - pipeline Action CLOSE  on pipeline PipelineID=b4a944af-cbb9-4f34-adc2-ac406afa1d55.Reason : 300524ac-6f40-4001-8852-e3bc017e7a2d has not seen follower/s 63029d58-985e-44b6-b8f1-28f19ea5ad76 for 177272ms e419d203-ae84-45b4-a349-326cccf7322d for 177272ms
2019-09-12 06:06:13,169 [java.util.concurrent.ThreadPoolExecutor$Worker@13edb407[State = -1, empty queue]] WARN  server.GrpcLogAppender (GrpcLogAppender.java:timeoutAppendRequest(200)) - 300524ac-6f40-4001-8852-e3bc017e7a2d@group-AC406AFA1D55->63029d58-985e-44b6-b8f1-28f19ea5ad76-GrpcLogAppender: appendEntries Timeout, request=300524ac-6f40-4001-8852-e3bc017e7a2d->63029d58-985e-44b6-b8f1-28f19ea5ad76#90-t1, previous=(t:1, i:13), leaderCommit=6, initializing? false, entries: <empty>
2019-09-12 06:06:13,169 [java.util.concurrent.ThreadPoolExecutor$Worker@3e4969f5[State = -1, empty queue]] WARN  server.GrpcLogAppender (GrpcLogAppender.java:timeoutAppendRequest(200)) - 300524ac-6f40-4001-8852-e3bc017e7a2d@group-AC406AFA1D55->e419d203-ae84-45b4-a349-326cccf7322d-GrpcLogAppender: appendEntries Timeout, request=300524ac-6f40-4001-8852-e3bc017e7a2d->e419d203-ae84-45b4-a349-326cccf7322d#90-t1, previous=(t:1, i:13), leaderCommit=6, initializing? false, entries: <empty>
2019-09-12 06:06:13,647 [EventQueue-PipelineActionsForPipelineActionHandler] ERROR pipeline.PipelineActionHandler (PipelineActionHandler.java:onMessage(60)) - Received pipeline action CLOSE for Pipeline[ Id: b4a944af-cbb9-4f34-adc2-ac406afa1d55, Nodes: 63029d58-985e-44b6-b8f1-28f19ea5ad76{ip: 192.168.34.52, host: trunk-nightly-20190912-4gc2t-2068889165, networkLocation: /default-rack, certSerialId: null}e419d203-ae84-45b4-a349-326cccf7322d{ip: 192.168.34.52, host: trunk-nightly-20190912-4gc2t-2068889165, networkLocation: /default-rack, certSerialId: null}300524ac-6f40-4001-8852-e3bc017e7a2d{ip: 192.168.34.52, host: trunk-nightly-20190912-4gc2t-2068889165, networkLocation: /default-rack, certSerialId: null}, Type:RATIS, Factor:THREE, State:CLOSED] from datanode 300524ac-6f40-4001-8852-e3bc017e7a2d{ip: 192.168.34.52, host: trunk-nightly-20190912-4gc2t-2068889165, networkLocation: /default-rack, certSerialId: null}. Reason : 300524ac-6f40-4001-8852-e3bc017e7a2d has not seen follower/s 63029d58-985e-44b6-b8f1-28f19ea5ad76 for 177271ms e419d203-ae84-45b4-a349-326cccf7322d for 177271ms
2019-09-12 06:06:13,647 [EventQueue-PipelineActionsForPipelineActionHandler] INFO  pipeline.SCMPipelineManager (SCMPipelineManager.java:finalizeAndDestroyPipeline(311)) - destroying pipeline:Pipeline[ Id: b4a944af-cbb9-4f34-adc2-ac406afa1d55, Nodes: 63029d58-985e-44b6-b8f1-28f19ea5ad76{ip: 192.168.34.52, host: trunk-nightly-20190912-4gc2t-2068889165, networkLocation: /default-rack, certSerialId: null}e419d203-ae84-45b4-a349-326cccf7322d{ip: 192.168.34.52, host: trunk-nightly-20190912-4gc2t-2068889165, networkLocation: /default-rack, certSerialId: null}300524ac-6f40-4001-8852-e3bc017e7a2d{ip: 192.168.34.52, host: trunk-nightly-20190912-4gc2t-2068889165, networkLocation: /default-rack, certSerialId: null}, Type:RATIS, Factor:THREE, State:CLOSED]
2019-09-12 06:06:15,170 [org.apache.ratis.server.impl.LogAppender$AppenderDaemon$$Lambda$547/1589537345@6a394145] ERROR ratis.XceiverServerRatis (XceiverServerRatis.java:triggerPipelineClose(568)) - pipeline Action CLOSE  on pipeline PipelineID=b4a944af-cbb9-4f34-adc2-ac406afa1d55.Reason : 300524ac-6f40-4001-8852-e3bc017e7a2d has not seen follower/s 63029d58-985e-44b6-b8f1-28f19ea5ad76 for 179772ms e419d203-ae84-45b4-a349-326cccf7322d for 179772ms
2019-09-12 06:06:15,171 [org.apache.ratis.server.impl.LogAppender$AppenderDaemon$$Lambda$547/1589537345@524f13b5] ERROR ratis.XceiverServerRatis (XceiverServerRatis.java:triggerPipelineClose(568)) - pipeline Action CLOSE  on pipeline PipelineID=b4a944af-cbb9-4f34-adc2-ac406afa1d55.Reason : 300524ac-6f40-4001-8852-e3bc017e7a2d has not seen follower/s 63029d58-985e-44b6-b8f1-28f19ea5ad76 for 179773ms e419d203-ae84-45b4-a349-326cccf7322d for 179773ms
2019-09-12 06:06:15,527 [300524ac-6f40-4001-8852-e3bc017e7a2d@group-AC406AFA1D55-SegmentedRaftLogWorker] WARN  segmented.SegmentedRaftLogWorker (SegmentedRaftLogWorker.java:getFromFuture(90)) - Timeout 17/~
org.apache.ratis.protocol.TimeoutIOException: Timeout 10s: WriteLog:7: (t:1, i:7), STATEMACHINELOGENTRY, client-A62FE20F707D, cid=131-writeStateMachineData
	at org.apache.ratis.util.IOUtils.getFromFuture(IOUtils.java:87)
	at org.apache.ratis.server.raftlog.segmented.SegmentedRaftLogWorker$StateMachineDataPolicy.getFromFuture(SegmentedRaftLogWorker.java:87)
	at org.apache.ratis.server.raftlog.segmented.SegmentedRaftLogWorker$WriteLog.execute(SegmentedRaftLogWorker.java:477)
	at org.apache.ratis.server.raftlog.segmented.SegmentedRaftLogWorker.run(SegmentedRaftLogWorker.java:289)
	at java.lang.Thread.run(Thread.java:748)
Caused by: java.util.concurrent.TimeoutException
	at java.util.concurrent.CompletableFuture.timedGet(CompletableFuture.java:1771)
	at java.util.concurrent.CompletableFuture.get(CompletableFuture.java:1915)
	at org.apache.ratis.util.IOUtils.getFromFuture(IOUtils.java:79)
	... 4 more
2019-09-12 06:06:15,571 [e419d203-ae84-45b4-a349-326cccf7322d@group-AC406AFA1D55-SegmentedRaftLogWorker] WARN  segmented.SegmentedRaftLogWorker (SegmentedRaftLogWorker.java:getFromFuture(90)) - Timeout 17/~
org.apache.ratis.protocol.TimeoutIOException: Timeout 10s: WriteLog:7: (t:1, i:7), STATEMACHINELOGENTRY, client-A62FE20F707D, cid=131-writeStateMachineData
	at org.apache.ratis.util.IOUtils.getFromFuture(IOUtils.java:87)
	at org.apache.ratis.server.raftlog.segmented.SegmentedRaftLogWorker$StateMachineDataPolicy.getFromFuture(SegmentedRaftLogWorker.java:87)
	at org.apache.ratis.server.raftlog.segmented.SegmentedRaftLogWorker$WriteLog.execute(SegmentedRaftLogWorker.java:477)
	at org.apache.ratis.server.raftlog.segmented.SegmentedRaftLogWorker.run(SegmentedRaftLogWorker.java:289)
	at java.lang.Thread.run(Thread.java:748)
Caused by: java.util.concurrent.TimeoutException
	at java.util.concurrent.CompletableFuture.timedGet(CompletableFuture.java:1771)
	at java.util.concurrent.CompletableFuture.get(CompletableFuture.java:1915)
	at org.apache.ratis.util.IOUtils.getFromFuture(IOUtils.java:79)
	... 4 more
2019-09-12 06:06:15,571 [63029d58-985e-44b6-b8f1-28f19ea5ad76@group-AC406AFA1D55-SegmentedRaftLogWorker] WARN  segmented.SegmentedRaftLogWorker (SegmentedRaftLogWorker.java:getFromFuture(90)) - Timeout 17/~
org.apache.ratis.protocol.TimeoutIOException: Timeout 10s: WriteLog:7: (t:1, i:7), STATEMACHINELOGENTRY, client-A62FE20F707D, cid=131-writeStateMachineData
	at org.apache.ratis.util.IOUtils.getFromFuture(IOUtils.java:87)
	at org.apache.ratis.server.raftlog.segmented.SegmentedRaftLogWorker$StateMachineDataPolicy.getFromFuture(SegmentedRaftLogWorker.java:87)
	at org.apache.ratis.server.raftlog.segmented.SegmentedRaftLogWorker$WriteLog.execute(SegmentedRaftLogWorker.java:477)
	at org.apache.ratis.server.raftlog.segmented.SegmentedRaftLogWorker.run(SegmentedRaftLogWorker.java:289)
	at java.lang.Thread.run(Thread.java:748)
Caused by: java.util.concurrent.TimeoutException
	at java.util.concurrent.CompletableFuture.timedGet(CompletableFuture.java:1771)
	at java.util.concurrent.CompletableFuture.get(CompletableFuture.java:1915)
	at org.apache.ratis.util.IOUtils.getFromFuture(IOUtils.java:79)
	... 4 more
2019-09-12 06:06:15,648 [EventQueue-PipelineActionsForPipelineActionHandler] ERROR pipeline.PipelineActionHandler (PipelineActionHandler.java:onMessage(60)) - Received pipeline action CLOSE for Pipeline[ Id: b4a944af-cbb9-4f34-adc2-ac406afa1d55, Nodes: 63029d58-985e-44b6-b8f1-28f19ea5ad76{ip: 192.168.34.52, host: trunk-nightly-20190912-4gc2t-2068889165, networkLocation: /default-rack, certSerialId: null}e419d203-ae84-45b4-a349-326cccf7322d{ip: 192.168.34.52, host: trunk-nightly-20190912-4gc2t-2068889165, networkLocation: /default-rack, certSerialId: null}300524ac-6f40-4001-8852-e3bc017e7a2d{ip: 192.168.34.52, host: trunk-nightly-20190912-4gc2t-2068889165, networkLocation: /default-rack, certSerialId: null}, Type:RATIS, Factor:THREE, State:CLOSED] from datanode 300524ac-6f40-4001-8852-e3bc017e7a2d{ip: 192.168.34.52, host: trunk-nightly-20190912-4gc2t-2068889165, networkLocation: /default-rack, certSerialId: null}. Reason : 300524ac-6f40-4001-8852-e3bc017e7a2d has not seen follower/s 63029d58-985e-44b6-b8f1-28f19ea5ad76 for 179772ms e419d203-ae84-45b4-a349-326cccf7322d for 179772ms
2019-09-12 06:06:15,648 [EventQueue-PipelineActionsForPipelineActionHandler] INFO  pipeline.SCMPipelineManager (SCMPipelineManager.java:finalizeAndDestroyPipeline(311)) - destroying pipeline:Pipeline[ Id: b4a944af-cbb9-4f34-adc2-ac406afa1d55, Nodes: 63029d58-985e-44b6-b8f1-28f19ea5ad76{ip: 192.168.34.52, host: trunk-nightly-20190912-4gc2t-2068889165, networkLocation: /default-rack, certSerialId: null}e419d203-ae84-45b4-a349-326cccf7322d{ip: 192.168.34.52, host: trunk-nightly-20190912-4gc2t-2068889165, networkLocation: /default-rack, certSerialId: null}300524ac-6f40-4001-8852-e3bc017e7a2d{ip: 192.168.34.52, host: trunk-nightly-20190912-4gc2t-2068889165, networkLocation: /default-rack, certSerialId: null}, Type:RATIS, Factor:THREE, State:CLOSED]
2019-09-12 06:06:15,670 [java.util.concurrent.ThreadPoolExecutor$Worker@13edb407[State = -1, empty queue]] WARN  server.GrpcLogAppender (GrpcLogAppender.java:timeoutAppendRequest(200)) - 300524ac-6f40-4001-8852-e3bc017e7a2d@group-AC406AFA1D55->63029d58-985e-44b6-b8f1-28f19ea5ad76-GrpcLogAppender: appendEntries Timeout, request=300524ac-6f40-4001-8852-e3bc017e7a2d->63029d58-985e-44b6-b8f1-28f19ea5ad76#91-t1, previous=(t:1, i:13), leaderCommit=6, initializing? false, entries: <empty>
2019-09-12 06:06:15,670 [java.util.concurrent.ThreadPoolExecutor$Worker@3e4969f5[State = -1, empty queue]] WARN  server.GrpcLogAppender (GrpcLogAppender.java:timeoutAppendRequest(200)) - 300524ac-6f40-4001-8852-e3bc017e7a2d@group-AC406AFA1D55->e419d203-ae84-45b4-a349-326cccf7322d-GrpcLogAppender: appendEntries Timeout, request=300524ac-6f40-4001-8852-e3bc017e7a2d->e419d203-ae84-45b4-a349-326cccf7322d#91-t1, previous=(t:1, i:13), leaderCommit=6, initializing? false, entries: <empty>
2019-09-12 06:06:17,316 [grpc-default-executor-3] INFO  client.GrpcClientProtocolClient (GrpcClientProtocolClient.java:onNext(264)) - client-A62FE20F707D->e419d203-ae84-45b4-a349-326cccf7322d: receive RaftClientReply:client-A62FE20F707D->e419d203-ae84-45b4-a349-326cccf7322d@group-AC406AFA1D55, cid=131, FAILED org.apache.ratis.protocol.NotLeaderException: Server e419d203-ae84-45b4-a349-326cccf7322d@group-AC406AFA1D55 is not the leader 300524ac-6f40-4001-8852-e3bc017e7a2d:192.168.34.52:35783, logIndex=0, commits[e419d203-ae84-45b4-a349-326cccf7322d:c6, 63029d58-985e-44b6-b8f1-28f19ea5ad76:c4, 300524ac-6f40-4001-8852-e3bc017e7a2d:c6]
2019-09-12 06:06:17,671 [org.apache.ratis.server.impl.LogAppender$AppenderDaemon$$Lambda$547/1589537345@6a394145] ERROR ratis.XceiverServerRatis (XceiverServerRatis.java:triggerPipelineClose(568)) - pipeline Action CLOSE  on pipeline PipelineID=b4a944af-cbb9-4f34-adc2-ac406afa1d55.Reason : 300524ac-6f40-4001-8852-e3bc017e7a2d has not seen follower/s 63029d58-985e-44b6-b8f1-28f19ea5ad76 for 182273ms e419d203-ae84-45b4-a349-326cccf7322d for 182273ms
2019-09-12 06:06:17,671 [org.apache.ratis.server.impl.LogAppender$AppenderDaemon$$Lambda$547/1589537345@524f13b5] ERROR ratis.XceiverServerRatis (XceiverServerRatis.java:triggerPipelineClose(568)) - pipeline Action CLOSE  on pipeline PipelineID=b4a944af-cbb9-4f34-adc2-ac406afa1d55.Reason : 300524ac-6f40-4001-8852-e3bc017e7a2d has not seen follower/s 63029d58-985e-44b6-b8f1-28f19ea5ad76 for 182273ms e419d203-ae84-45b4-a349-326cccf7322d for 182273ms
2019-09-12 06:06:18,170 [java.util.concurrent.ThreadPoolExecutor$Worker@13edb407[State = -1, empty queue]] WARN  server.GrpcLogAppender (GrpcLogAppender.java:timeoutAppendRequest(200)) - 300524ac-6f40-4001-8852-e3bc017e7a2d@group-AC406AFA1D55->63029d58-985e-44b6-b8f1-28f19ea5ad76-GrpcLogAppender: appendEntries Timeout, request=300524ac-6f40-4001-8852-e3bc017e7a2d->63029d58-985e-44b6-b8f1-28f19ea5ad76#92-t1, previous=(t:1, i:13), leaderCommit=6, initializing? false, entries: <empty>
2019-09-12 06:06:18,171 [java.util.concurrent.ThreadPoolExecutor$Worker@3e4969f5[State = -1, empty queue]] WARN  server.GrpcLogAppender (GrpcLogAppender.java:timeoutAppendRequest(200)) - 300524ac-6f40-4001-8852-e3bc017e7a2d@group-AC406AFA1D55->e419d203-ae84-45b4-a349-326cccf7322d-GrpcLogAppender: appendEntries Timeout, request=300524ac-6f40-4001-8852-e3bc017e7a2d->e419d203-ae84-45b4-a349-326cccf7322d#92-t1, previous=(t:1, i:13), leaderCommit=6, initializing? false, entries: <empty>
2019-09-12 06:06:18,647 [EventQueue-PipelineActionsForPipelineActionHandler] ERROR pipeline.PipelineActionHandler (PipelineActionHandler.java:onMessage(60)) - Received pipeline action CLOSE for Pipeline[ Id: b4a944af-cbb9-4f34-adc2-ac406afa1d55, Nodes: 63029d58-985e-44b6-b8f1-28f19ea5ad76{ip: 192.168.34.52, host: trunk-nightly-20190912-4gc2t-2068889165, networkLocation: /default-rack, certSerialId: null}e419d203-ae84-45b4-a349-326cccf7322d{ip: 192.168.34.52, host: trunk-nightly-20190912-4gc2t-2068889165, networkLocation: /default-rack, certSerialId: null}300524ac-6f40-4001-8852-e3bc017e7a2d{ip: 192.168.34.52, host: trunk-nightly-20190912-4gc2t-2068889165, networkLocation: /default-rack, certSerialId: null}, Type:RATIS, Factor:THREE, State:CLOSED] from datanode 300524ac-6f40-4001-8852-e3bc017e7a2d{ip: 192.168.34.52, host: trunk-nightly-20190912-4gc2t-2068889165, networkLocation: /default-rack, certSerialId: null}. Reason : 300524ac-6f40-4001-8852-e3bc017e7a2d has not seen follower/s 63029d58-985e-44b6-b8f1-28f19ea5ad76 for 182273ms e419d203-ae84-45b4-a349-326cccf7322d for 182273ms
2019-09-12 06:06:18,647 [EventQueue-PipelineActionsForPipelineActionHandler] INFO  pipeline.SCMPipelineManager (SCMPipelineManager.java:finalizeAndDestroyPipeline(311)) - destroying pipeline:Pipeline[ Id: b4a944af-cbb9-4f34-adc2-ac406afa1d55, Nodes: 63029d58-985e-44b6-b8f1-28f19ea5ad76{ip: 192.168.34.52, host: trunk-nightly-20190912-4gc2t-2068889165, networkLocation: /default-rack, certSerialId: null}e419d203-ae84-45b4-a349-326cccf7322d{ip: 192.168.34.52, host: trunk-nightly-20190912-4gc2t-2068889165, networkLocation: /default-rack, certSerialId: null}300524ac-6f40-4001-8852-e3bc017e7a2d{ip: 192.168.34.52, host: trunk-nightly-20190912-4gc2t-2068889165, networkLocation: /default-rack, certSerialId: null}, Type:RATIS, Factor:THREE, State:CLOSED]
2019-09-12 06:06:20,172 [org.apache.ratis.server.impl.LogAppender$AppenderDaemon$$Lambda$547/1589537345@6a394145] ERROR ratis.XceiverServerRatis (XceiverServerRatis.java:triggerPipelineClose(568)) - pipeline Action CLOSE  on pipeline PipelineID=b4a944af-cbb9-4f34-adc2-ac406afa1d55.Reason : 300524ac-6f40-4001-8852-e3bc017e7a2d has not seen follower/s 63029d58-985e-44b6-b8f1-28f19ea5ad76 for 184774ms e419d203-ae84-45b4-a349-326cccf7322d for 184774ms
2019-09-12 06:06:20,172 [org.apache.ratis.server.impl.LogAppender$AppenderDaemon$$Lambda$547/1589537345@524f13b5] ERROR ratis.XceiverServerRatis (XceiverServerRatis.java:triggerPipelineClose(568)) - pipeline Action CLOSE  on pipeline PipelineID=b4a944af-cbb9-4f34-adc2-ac406afa1d55.Reason : 300524ac-6f40-4001-8852-e3bc017e7a2d has not seen follower/s 63029d58-985e-44b6-b8f1-28f19ea5ad76 for 184774ms e419d203-ae84-45b4-a349-326cccf7322d for 184774ms
2019-09-12 06:06:20,647 [EventQueue-PipelineActionsForPipelineActionHandler] ERROR pipeline.PipelineActionHandler (PipelineActionHandler.java:onMessage(60)) - Received pipeline action CLOSE for Pipeline[ Id: b4a944af-cbb9-4f34-adc2-ac406afa1d55, Nodes: 63029d58-985e-44b6-b8f1-28f19ea5ad76{ip: 192.168.34.52, host: trunk-nightly-20190912-4gc2t-2068889165, networkLocation: /default-rack, certSerialId: null}e419d203-ae84-45b4-a349-326cccf7322d{ip: 192.168.34.52, host: trunk-nightly-20190912-4gc2t-2068889165, networkLocation: /default-rack, certSerialId: null}300524ac-6f40-4001-8852-e3bc017e7a2d{ip: 192.168.34.52, host: trunk-nightly-20190912-4gc2t-2068889165, networkLocation: /default-rack, certSerialId: null}, Type:RATIS, Factor:THREE, State:CLOSED] from datanode 300524ac-6f40-4001-8852-e3bc017e7a2d{ip: 192.168.34.52, host: trunk-nightly-20190912-4gc2t-2068889165, networkLocation: /default-rack, certSerialId: null}. Reason : 300524ac-6f40-4001-8852-e3bc017e7a2d has not seen follower/s 63029d58-985e-44b6-b8f1-28f19ea5ad76 for 184774ms e419d203-ae84-45b4-a349-326cccf7322d for 184774ms
2019-09-12 06:06:20,648 [EventQueue-PipelineActionsForPipelineActionHandler] INFO  pipeline.SCMPipelineManager (SCMPipelineManager.java:finalizeAndDestroyPipeline(311)) - destroying pipeline:Pipeline[ Id: b4a944af-cbb9-4f34-adc2-ac406afa1d55, Nodes: 63029d58-985e-44b6-b8f1-28f19ea5ad76{ip: 192.168.34.52, host: trunk-nightly-20190912-4gc2t-2068889165, networkLocation: /default-rack, certSerialId: null}e419d203-ae84-45b4-a349-326cccf7322d{ip: 192.168.34.52, host: trunk-nightly-20190912-4gc2t-2068889165, networkLocation: /default-rack, certSerialId: null}300524ac-6f40-4001-8852-e3bc017e7a2d{ip: 192.168.34.52, host: trunk-nightly-20190912-4gc2t-2068889165, networkLocation: /default-rack, certSerialId: null}, Type:RATIS, Factor:THREE, State:CLOSED]
2019-09-12 06:06:20,671 [java.util.concurrent.ThreadPoolExecutor$Worker@13edb407[State = -1, empty queue]] WARN  server.GrpcLogAppender (GrpcLogAppender.java:timeoutAppendRequest(200)) - 300524ac-6f40-4001-8852-e3bc017e7a2d@group-AC406AFA1D55->63029d58-985e-44b6-b8f1-28f19ea5ad76-GrpcLogAppender: appendEntries Timeout, request=300524ac-6f40-4001-8852-e3bc017e7a2d->63029d58-985e-44b6-b8f1-28f19ea5ad76#93-t1, previous=(t:1, i:13), leaderCommit=6, initializing? false, entries: <empty>
2019-09-12 06:06:20,671 [java.util.concurrent.ThreadPoolExecutor$Worker@3e4969f5[State = -1, empty queue]] WARN  server.GrpcLogAppender (GrpcLogAppender.java:timeoutAppendRequest(200)) - 300524ac-6f40-4001-8852-e3bc017e7a2d@group-AC406AFA1D55->e419d203-ae84-45b4-a349-326cccf7322d-GrpcLogAppender: appendEntries Timeout, request=300524ac-6f40-4001-8852-e3bc017e7a2d->e419d203-ae84-45b4-a349-326cccf7322d#93-t1, previous=(t:1, i:13), leaderCommit=6, initializing? false, entries: <empty>
2019-09-12 06:06:21,633 [grpc-default-executor-3] INFO  impl.RaftServerProxy (RaftServerProxy.java:remove(95)) - 63029d58-985e-44b6-b8f1-28f19ea5ad76: remove  FOLLOWER 63029d58-985e-44b6-b8f1-28f19ea5ad76@group-AC406AFA1D55:t1, leader=300524ac-6f40-4001-8852-e3bc017e7a2d, voted=63029d58-985e-44b6-b8f1-28f19ea5ad76, raftlog=63029d58-985e-44b6-b8f1-28f19ea5ad76@group-AC406AFA1D55-SegmentedRaftLog:OPENED:c6,f6,i13, conf=0: [63029d58-985e-44b6-b8f1-28f19ea5ad76:192.168.34.52:43376, 300524ac-6f40-4001-8852-e3bc017e7a2d:192.168.34.52:35783, e419d203-ae84-45b4-a349-326cccf7322d:192.168.34.52:35999], old=null RUNNING
2019-09-12 06:06:21,634 [grpc-default-executor-3] INFO  impl.RaftServerImpl (RaftServerImpl.java:lambda$shutdown$3(251)) - 63029d58-985e-44b6-b8f1-28f19ea5ad76@group-AC406AFA1D55: shutdown
2019-09-12 06:06:21,635 [grpc-default-executor-3] INFO  util.JmxRegister (JmxRegister.java:unregister(73)) - Successfully un-registered JMX Bean with object name Ratis:service=RaftServer,group=group-AC406AFA1D55,id=63029d58-985e-44b6-b8f1-28f19ea5ad76
2019-09-12 06:06:21,635 [grpc-default-executor-3] INFO  impl.RoleInfo (RoleInfo.java:shutdownFollowerState(121)) - 63029d58-985e-44b6-b8f1-28f19ea5ad76: shutdown FollowerState
2019-09-12 06:06:21,635 [grpc-default-executor-3] INFO  impl.StateMachineUpdater (StateMachineUpdater.java:stopAndJoin(125)) - 63029d58-985e-44b6-b8f1-28f19ea5ad76@group-AC406AFA1D55-StateMachineUpdater: set stopIndex = 6
2019-09-12 06:06:21,636 [Thread-1352] INFO  impl.FollowerState (FollowerState.java:run(115)) - 63029d58-985e-44b6-b8f1-28f19ea5ad76: FollowerState was interrupted: java.lang.InterruptedException: sleep interrupted
2019-09-12 06:06:21,636 [63029d58-985e-44b6-b8f1-28f19ea5ad76@group-AC406AFA1D55-StateMachineUpdater] INFO  ratis.ContainerStateMachine (ContainerStateMachine.java:takeSnapshot(289)) - group-AC406AFA1D55: Taking a snapshot at:(t:1, i:4) file /workdir/hadoop-ozone/integration-test/target/test-dir/MiniOzoneClusterImpl-df7e887f-907b-44f9-9fab-c718128d2034/datanode-4/data/ratis/b4a944af-cbb9-4f34-adc2-ac406afa1d55/sm/snapshot.1_4
2019-09-12 06:06:21,651 [63029d58-985e-44b6-b8f1-28f19ea5ad76@group-AC406AFA1D55-StateMachineUpdater] INFO  ratis.ContainerStateMachine (ContainerStateMachine.java:takeSnapshot(300)) - group-AC406AFA1D55: Finished taking a snapshot at:(t:1, i:4) file:/workdir/hadoop-ozone/integration-test/target/test-dir/MiniOzoneClusterImpl-df7e887f-907b-44f9-9fab-c718128d2034/datanode-4/data/ratis/b4a944af-cbb9-4f34-adc2-ac406afa1d55/sm/snapshot.1_4 time:16
2019-09-12 06:06:21,651 [63029d58-985e-44b6-b8f1-28f19ea5ad76@group-AC406AFA1D55-StateMachineUpdater] INFO  impl.StateMachineUpdater (StateMachineUpdater.java:takeSnapshot(258)) - 63029d58-985e-44b6-b8f1-28f19ea5ad76@group-AC406AFA1D55-StateMachineUpdater: Took a snapshot at index 4
2019-09-12 06:06:21,652 [63029d58-985e-44b6-b8f1-28f19ea5ad76@group-AC406AFA1D55-StateMachineUpdater] INFO  impl.StateMachineUpdater (StateMachineUpdater.java:lambda$new$0(83)) - 63029d58-985e-44b6-b8f1-28f19ea5ad76@group-AC406AFA1D55-StateMachineUpdater: snapshotIndex: updateIncreasingly -1 -> 4
2019-09-12 06:06:21,652 [63029d58-985e-44b6-b8f1-28f19ea5ad76@group-AC406AFA1D55-StateMachineUpdater] INFO  ratis.ContainerStateMachine (ContainerStateMachine.java:takeSnapshot(289)) - group-AC406AFA1D55: Taking a snapshot at:(t:1, i:4) file /workdir/hadoop-ozone/integration-test/target/test-dir/MiniOzoneClusterImpl-df7e887f-907b-44f9-9fab-c718128d2034/datanode-4/data/ratis/b4a944af-cbb9-4f34-adc2-ac406afa1d55/sm/snapshot.1_4
2019-09-12 06:06:21,664 [63029d58-985e-44b6-b8f1-28f19ea5ad76@group-AC406AFA1D55-StateMachineUpdater] INFO  ratis.ContainerStateMachine (ContainerStateMachine.java:takeSnapshot(300)) - group-AC406AFA1D55: Finished taking a snapshot at:(t:1, i:4) file:/workdir/hadoop-ozone/integration-test/target/test-dir/MiniOzoneClusterImpl-df7e887f-907b-44f9-9fab-c718128d2034/datanode-4/data/ratis/b4a944af-cbb9-4f34-adc2-ac406afa1d55/sm/snapshot.1_4 time:13
2019-09-12 06:06:21,664 [63029d58-985e-44b6-b8f1-28f19ea5ad76@group-AC406AFA1D55-StateMachineUpdater] INFO  impl.StateMachineUpdater (StateMachineUpdater.java:takeSnapshot(258)) - 63029d58-985e-44b6-b8f1-28f19ea5ad76@group-AC406AFA1D55-StateMachineUpdater: Took a snapshot at index 4
2019-09-12 06:06:21,665 [63029d58-985e-44b6-b8f1-28f19ea5ad76@group-AC406AFA1D55-StateMachineUpdater] INFO  impl.StateMachineUpdater (StateMachineUpdater.java:lambda$new$0(83)) - 63029d58-985e-44b6-b8f1-28f19ea5ad76@group-AC406AFA1D55-StateMachineUpdater: snapshotIndex: updateIncreasingly 4 -> 4
2019-09-12 06:06:21,665 [grpc-default-executor-3] INFO  impl.RaftServerImpl (ServerState.java:close(385)) - 63029d58-985e-44b6-b8f1-28f19ea5ad76@group-AC406AFA1D55: closes. applyIndex: 6
2019-09-12 06:06:21,666 [63029d58-985e-44b6-b8f1-28f19ea5ad76@group-AC406AFA1D55-SegmentedRaftLogWorker] ERROR ratis.XceiverServerRatis (XceiverServerRatis.java:triggerPipelineClose(568)) - pipeline Action CLOSE  on pipeline PipelineID=b4a944af-cbb9-4f34-adc2-ac406afa1d55.Reason : WriteLog:7: (t:1, i:7), STATEMACHINELOGENTRY, client-A62FE20F707D, cid=131-writeStateMachineData interrupted.
2019-09-12 06:06:21,670 [grpc-default-executor-3] INFO  segmented.SegmentedRaftLogWorker (SegmentedRaftLogWorker.java:close(228)) - 63029d58-985e-44b6-b8f1-28f19ea5ad76@group-AC406AFA1D55-SegmentedRaftLogWorker close()
2019-09-12 06:06:21,675 [EventQueue-PipelineActionsForPipelineActionHandler] ERROR pipeline.PipelineActionHandler (PipelineActionHandler.java:onMessage(60)) - Received pipeline action CLOSE for Pipeline[ Id: b4a944af-cbb9-4f34-adc2-ac406afa1d55, Nodes: 63029d58-985e-44b6-b8f1-28f19ea5ad76{ip: 192.168.34.52, host: trunk-nightly-20190912-4gc2t-2068889165, networkLocation: /default-rack, certSerialId: null}e419d203-ae84-45b4-a349-326cccf7322d{ip: 192.168.34.52, host: trunk-nightly-20190912-4gc2t-2068889165, networkLocation: /default-rack, certSerialId: null}300524ac-6f40-4001-8852-e3bc017e7a2d{ip: 192.168.34.52, host: trunk-nightly-20190912-4gc2t-2068889165, networkLocation: /default-rack, certSerialId: null}, Type:RATIS, Factor:THREE, State:CLOSED] from datanode 63029d58-985e-44b6-b8f1-28f19ea5ad76{ip: 192.168.34.52, host: trunk-nightly-20190912-4gc2t-2068889165, networkLocation: /default-rack, certSerialId: null}. Reason : WriteLog:7: (t:1, i:7), STATEMACHINELOGENTRY, client-A62FE20F707D, cid=131-writeStateMachineData interrupted.
2019-09-12 06:06:21,675 [EventQueue-PipelineActionsForPipelineActionHandler] INFO  pipeline.SCMPipelineManager (SCMPipelineManager.java:finalizeAndDestroyPipeline(311)) - destroying pipeline:Pipeline[ Id: b4a944af-cbb9-4f34-adc2-ac406afa1d55, Nodes: 63029d58-985e-44b6-b8f1-28f19ea5ad76{ip: 192.168.34.52, host: trunk-nightly-20190912-4gc2t-2068889165, networkLocation: /default-rack, certSerialId: null}e419d203-ae84-45b4-a349-326cccf7322d{ip: 192.168.34.52, host: trunk-nightly-20190912-4gc2t-2068889165, networkLocation: /default-rack, certSerialId: null}300524ac-6f40-4001-8852-e3bc017e7a2d{ip: 192.168.34.52, host: trunk-nightly-20190912-4gc2t-2068889165, networkLocation: /default-rack, certSerialId: null}, Type:RATIS, Factor:THREE, State:CLOSED]
2019-09-12 06:06:21,688 [grpc-default-executor-3] INFO  interfaces.Container (KeyValueContainer.java:flushAndSyncDB(386)) - Container 5 is synced with bcsId 4.
2019-09-12 06:06:21,688 [grpc-default-executor-3] INFO  interfaces.Container (KeyValueContainer.java:flushAndSyncDB(386)) - Container 5 is synced with bcsId 4.
2019-09-12 06:06:21,705 [EventQueue-IncrementalContainerReportForIncrementalContainerReportHandler] INFO  container.IncrementalContainerReportHandler (AbstractContainerReportHandler.java:updateContainerState(169)) - Moving container #5 to QUASI_CLOSED state, datanode 63029d58-985e-44b6-b8f1-28f19ea5ad76{ip: 192.168.34.52, host: trunk-nightly-20190912-4gc2t-2068889165, networkLocation: /default-rack, certSerialId: null} reported QUASI_CLOSED replica.
2019-09-12 06:06:21,773 [grpc-default-executor-3] INFO  interfaces.Container (KeyValueContainer.java:flushAndSyncDB(386)) - Container 6 is synced with bcsId 0.
2019-09-12 06:06:21,773 [grpc-default-executor-3] INFO  interfaces.Container (KeyValueContainer.java:flushAndSyncDB(386)) - Container 6 is synced with bcsId 0.
2019-09-12 06:06:21,786 [EventQueue-IncrementalContainerReportForIncrementalContainerReportHandler] INFO  container.IncrementalContainerReportHandler (AbstractContainerReportHandler.java:updateContainerState(169)) - Moving container #6 to QUASI_CLOSED state, datanode 63029d58-985e-44b6-b8f1-28f19ea5ad76{ip: 192.168.34.52, host: trunk-nightly-20190912-4gc2t-2068889165, networkLocation: /default-rack, certSerialId: null} reported QUASI_CLOSED replica.
2019-09-12 06:06:21,790 [grpc-default-executor-3] INFO  impl.RaftServerProxy (RaftServerProxy.java:remove(95)) - e419d203-ae84-45b4-a349-326cccf7322d: remove  FOLLOWER e419d203-ae84-45b4-a349-326cccf7322d@group-AC406AFA1D55:t1, leader=300524ac-6f40-4001-8852-e3bc017e7a2d, voted=300524ac-6f40-4001-8852-e3bc017e7a2d, raftlog=e419d203-ae84-45b4-a349-326cccf7322d@group-AC406AFA1D55-SegmentedRaftLog:OPENED:c6,f6,i13, conf=0: [63029d58-985e-44b6-b8f1-28f19ea5ad76:192.168.34.52:43376, 300524ac-6f40-4001-8852-e3bc017e7a2d:192.168.34.52:35783, e419d203-ae84-45b4-a349-326cccf7322d:192.168.34.52:35999], old=null RUNNING
2019-09-12 06:06:21,790 [grpc-default-executor-3] INFO  impl.RaftServerImpl (RaftServerImpl.java:lambda$shutdown$3(251)) - e419d203-ae84-45b4-a349-326cccf7322d@group-AC406AFA1D55: shutdown
2019-09-12 06:06:21,791 [grpc-default-executor-3] INFO  util.JmxRegister (JmxRegister.java:unregister(73)) - Successfully un-registered JMX Bean with object name Ratis:service=RaftServer,group=group-AC406AFA1D55,id=e419d203-ae84-45b4-a349-326cccf7322d
2019-09-12 06:06:21,791 [grpc-default-executor-3] INFO  impl.RoleInfo (RoleInfo.java:shutdownFollowerState(121)) - e419d203-ae84-45b4-a349-326cccf7322d: shutdown FollowerState
2019-09-12 06:06:21,791 [grpc-default-executor-3] INFO  impl.StateMachineUpdater (StateMachineUpdater.java:stopAndJoin(125)) - e419d203-ae84-45b4-a349-326cccf7322d@group-AC406AFA1D55-StateMachineUpdater: set stopIndex = 6
2019-09-12 06:06:21,791 [e419d203-ae84-45b4-a349-326cccf7322d@group-AC406AFA1D55-StateMachineUpdater] INFO  ratis.ContainerStateMachine (ContainerStateMachine.java:takeSnapshot(289)) - group-AC406AFA1D55: Taking a snapshot at:(t:1, i:4) file /workdir/hadoop-ozone/integration-test/target/test-dir/MiniOzoneClusterImpl-df7e887f-907b-44f9-9fab-c718128d2034/datanode-0/data/ratis/b4a944af-cbb9-4f34-adc2-ac406afa1d55/sm/snapshot.1_4
2019-09-12 06:06:21,791 [Thread-1344] INFO  impl.FollowerState (FollowerState.java:run(115)) - e419d203-ae84-45b4-a349-326cccf7322d: FollowerState was interrupted: java.lang.InterruptedException: sleep interrupted
2019-09-12 06:06:21,805 [e419d203-ae84-45b4-a349-326cccf7322d@group-AC406AFA1D55-StateMachineUpdater] INFO  ratis.ContainerStateMachine (ContainerStateMachine.java:takeSnapshot(300)) - group-AC406AFA1D55: Finished taking a snapshot at:(t:1, i:4) file:/workdir/hadoop-ozone/integration-test/target/test-dir/MiniOzoneClusterImpl-df7e887f-907b-44f9-9fab-c718128d2034/datanode-0/data/ratis/b4a944af-cbb9-4f34-adc2-ac406afa1d55/sm/snapshot.1_4 time:13
2019-09-12 06:06:21,805 [e419d203-ae84-45b4-a349-326cccf7322d@group-AC406AFA1D55-StateMachineUpdater] INFO  impl.StateMachineUpdater (StateMachineUpdater.java:takeSnapshot(258)) - e419d203-ae84-45b4-a349-326cccf7322d@group-AC406AFA1D55-StateMachineUpdater: Took a snapshot at index 4
2019-09-12 06:06:21,805 [e419d203-ae84-45b4-a349-326cccf7322d@group-AC406AFA1D55-StateMachineUpdater] INFO  impl.StateMachineUpdater (StateMachineUpdater.java:lambda$new$0(83)) - e419d203-ae84-45b4-a349-326cccf7322d@group-AC406AFA1D55-StateMachineUpdater: snapshotIndex: updateIncreasingly -1 -> 4
2019-09-12 06:06:21,805 [e419d203-ae84-45b4-a349-326cccf7322d@group-AC406AFA1D55-StateMachineUpdater] INFO  ratis.ContainerStateMachine (ContainerStateMachine.java:takeSnapshot(289)) - group-AC406AFA1D55: Taking a snapshot at:(t:1, i:4) file /workdir/hadoop-ozone/integration-test/target/test-dir/MiniOzoneClusterImpl-df7e887f-907b-44f9-9fab-c718128d2034/datanode-0/data/ratis/b4a944af-cbb9-4f34-adc2-ac406afa1d55/sm/snapshot.1_4
2019-09-12 06:06:21,808 [e419d203-ae84-45b4-a349-326cccf7322d@group-AC406AFA1D55-StateMachineUpdater] INFO  ratis.ContainerStateMachine (ContainerStateMachine.java:takeSnapshot(300)) - group-AC406AFA1D55: Finished taking a snapshot at:(t:1, i:4) file:/workdir/hadoop-ozone/integration-test/target/test-dir/MiniOzoneClusterImpl-df7e887f-907b-44f9-9fab-c718128d2034/datanode-0/data/ratis/b4a944af-cbb9-4f34-adc2-ac406afa1d55/sm/snapshot.1_4 time:2
2019-09-12 06:06:21,808 [e419d203-ae84-45b4-a349-326cccf7322d@group-AC406AFA1D55-StateMachineUpdater] INFO  impl.StateMachineUpdater (StateMachineUpdater.java:takeSnapshot(258)) - e419d203-ae84-45b4-a349-326cccf7322d@group-AC406AFA1D55-StateMachineUpdater: Took a snapshot at index 4
2019-09-12 06:06:21,808 [e419d203-ae84-45b4-a349-326cccf7322d@group-AC406AFA1D55-StateMachineUpdater] INFO  impl.StateMachineUpdater (StateMachineUpdater.java:lambda$new$0(83)) - e419d203-ae84-45b4-a349-326cccf7322d@group-AC406AFA1D55-StateMachineUpdater: snapshotIndex: updateIncreasingly 4 -> 4
2019-09-12 06:06:21,808 [grpc-default-executor-3] INFO  impl.RaftServerImpl (ServerState.java:close(385)) - e419d203-ae84-45b4-a349-326cccf7322d@group-AC406AFA1D55: closes. applyIndex: 6
2019-09-12 06:06:21,809 [e419d203-ae84-45b4-a349-326cccf7322d@group-AC406AFA1D55-SegmentedRaftLogWorker] ERROR ratis.XceiverServerRatis (XceiverServerRatis.java:triggerPipelineClose(568)) - pipeline Action CLOSE  on pipeline PipelineID=b4a944af-cbb9-4f34-adc2-ac406afa1d55.Reason : WriteLog:7: (t:1, i:7), STATEMACHINELOGENTRY, client-A62FE20F707D, cid=131-writeStateMachineData interrupted.
2019-09-12 06:06:21,811 [grpc-default-executor-3] INFO  segmented.SegmentedRaftLogWorker (SegmentedRaftLogWorker.java:close(228)) - e419d203-ae84-45b4-a349-326cccf7322d@group-AC406AFA1D55-SegmentedRaftLogWorker close()
2019-09-12 06:06:21,816 [EventQueue-PipelineActionsForPipelineActionHandler] ERROR pipeline.PipelineActionHandler (PipelineActionHandler.java:onMessage(60)) - Received pipeline action CLOSE for Pipeline[ Id: b4a944af-cbb9-4f34-adc2-ac406afa1d55, Nodes: 63029d58-985e-44b6-b8f1-28f19ea5ad76{ip: 192.168.34.52, host: trunk-nightly-20190912-4gc2t-2068889165, networkLocation: /default-rack, certSerialId: null}e419d203-ae84-45b4-a349-326cccf7322d{ip: 192.168.34.52, host: trunk-nightly-20190912-4gc2t-2068889165, networkLocation: /default-rack, certSerialId: null}300524ac-6f40-4001-8852-e3bc017e7a2d{ip: 192.168.34.52, host: trunk-nightly-20190912-4gc2t-2068889165, networkLocation: /default-rack, certSerialId: null}, Type:RATIS, Factor:THREE, State:CLOSED] from datanode e419d203-ae84-45b4-a349-326cccf7322d{ip: 192.168.34.52, host: trunk-nightly-20190912-4gc2t-2068889165, networkLocation: /default-rack, certSerialId: null}. Reason : WriteLog:7: (t:1, i:7), STATEMACHINELOGENTRY, client-A62FE20F707D, cid=131-writeStateMachineData interrupted.
2019-09-12 06:06:21,816 [EventQueue-PipelineActionsForPipelineActionHandler] INFO  pipeline.SCMPipelineManager (SCMPipelineManager.java:finalizeAndDestroyPipeline(311)) - destroying pipeline:Pipeline[ Id: b4a944af-cbb9-4f34-adc2-ac406afa1d55, Nodes: 63029d58-985e-44b6-b8f1-28f19ea5ad76{ip: 192.168.34.52, host: trunk-nightly-20190912-4gc2t-2068889165, networkLocation: /default-rack, certSerialId: null}e419d203-ae84-45b4-a349-326cccf7322d{ip: 192.168.34.52, host: trunk-nightly-20190912-4gc2t-2068889165, networkLocation: /default-rack, certSerialId: null}300524ac-6f40-4001-8852-e3bc017e7a2d{ip: 192.168.34.52, host: trunk-nightly-20190912-4gc2t-2068889165, networkLocation: /default-rack, certSerialId: null}, Type:RATIS, Factor:THREE, State:CLOSED]
2019-09-12 06:06:21,827 [grpc-default-executor-3] INFO  interfaces.Container (KeyValueContainer.java:flushAndSyncDB(386)) - Container 5 is synced with bcsId 4.
2019-09-12 06:06:21,828 [grpc-default-executor-3] INFO  interfaces.Container (KeyValueContainer.java:flushAndSyncDB(386)) - Container 5 is synced with bcsId 4.
2019-09-12 06:06:21,887 [grpc-default-executor-3] INFO  interfaces.Container (KeyValueContainer.java:flushAndSyncDB(386)) - Container 6 is synced with bcsId 0.
2019-09-12 06:06:21,887 [grpc-default-executor-3] INFO  interfaces.Container (KeyValueContainer.java:flushAndSyncDB(386)) - Container 6 is synced with bcsId 0.
2019-09-12 06:06:21,906 [grpc-default-executor-3] INFO  impl.RaftServerProxy (RaftServerProxy.java:remove(95)) - 300524ac-6f40-4001-8852-e3bc017e7a2d: remove    LEADER 300524ac-6f40-4001-8852-e3bc017e7a2d@group-AC406AFA1D55:t1, leader=300524ac-6f40-4001-8852-e3bc017e7a2d, voted=300524ac-6f40-4001-8852-e3bc017e7a2d, raftlog=300524ac-6f40-4001-8852-e3bc017e7a2d@group-AC406AFA1D55-SegmentedRaftLog:OPENED:c6,f6,i13, conf=0: [63029d58-985e-44b6-b8f1-28f19ea5ad76:192.168.34.52:43376, 300524ac-6f40-4001-8852-e3bc017e7a2d:192.168.34.52:35783, e419d203-ae84-45b4-a349-326cccf7322d:192.168.34.52:35999], old=null RUNNING
2019-09-12 06:06:21,906 [grpc-default-executor-3] INFO  impl.RaftServerImpl (RaftServerImpl.java:lambda$shutdown$3(251)) - 300524ac-6f40-4001-8852-e3bc017e7a2d@group-AC406AFA1D55: shutdown
2019-09-12 06:06:21,906 [grpc-default-executor-3] INFO  util.JmxRegister (JmxRegister.java:unregister(73)) - Successfully un-registered JMX Bean with object name Ratis:service=RaftServer,group=group-AC406AFA1D55,id=300524ac-6f40-4001-8852-e3bc017e7a2d
2019-09-12 06:06:21,907 [grpc-default-executor-3] INFO  impl.RoleInfo (RoleInfo.java:shutdownLeaderState(104)) - 300524ac-6f40-4001-8852-e3bc017e7a2d: shutdown LeaderState
2019-09-12 06:06:21,912 [grpc-default-executor-3] INFO  impl.PendingRequests (PendingRequests.java:sendNotLeaderResponses(202)) - 300524ac-6f40-4001-8852-e3bc017e7a2d-PendingRequests: sendNotLeaderResponses
2019-09-12 06:06:21,914 [org.apache.ratis.server.impl.LogAppender$AppenderDaemon$$Lambda$547/1589537345@524f13b5] WARN  server.GrpcLogAppender (GrpcLogAppender.java:mayWait(143)) - 300524ac-6f40-4001-8852-e3bc017e7a2d@group-AC406AFA1D55->e419d203-ae84-45b4-a349-326cccf7322d-GrpcLogAppender: Wait interrupted by java.lang.InterruptedException
2019-09-12 06:06:21,914 [org.apache.ratis.server.impl.LogAppender$AppenderDaemon$$Lambda$547/1589537345@6a394145] WARN  server.GrpcLogAppender (GrpcLogAppender.java:mayWait(143)) - 300524ac-6f40-4001-8852-e3bc017e7a2d@group-AC406AFA1D55->63029d58-985e-44b6-b8f1-28f19ea5ad76-GrpcLogAppender: Wait interrupted by java.lang.InterruptedException
2019-09-12 06:06:21,915 [grpc-default-executor-1] INFO  server.GrpcServerProtocolService (GrpcServerProtocolService.java:onCompleted(113)) - e419d203-ae84-45b4-a349-326cccf7322d: Completed APPEND_ENTRIES, lastRequest: 300524ac-6f40-4001-8852-e3bc017e7a2d->e419d203-ae84-45b4-a349-326cccf7322d#94-t1, previous=(t:1, i:13), leaderCommit=6, initializing? false, entries: <empty>
2019-09-12 06:06:21,915 [grpc-default-executor-7] INFO  server.GrpcServerProtocolService (GrpcServerProtocolService.java:onCompleted(113)) - 63029d58-985e-44b6-b8f1-28f19ea5ad76: Completed APPEND_ENTRIES, lastRequest: 300524ac-6f40-4001-8852-e3bc017e7a2d->63029d58-985e-44b6-b8f1-28f19ea5ad76#94-t1, previous=(t:1, i:13), leaderCommit=6, initializing? false, entries: <empty>
2019-09-12 06:06:21,916 [grpc-default-executor-1] INFO  server.GrpcLogAppender (GrpcLogAppender.java:onCompleted(293)) - 300524ac-6f40-4001-8852-e3bc017e7a2d@group-AC406AFA1D55->e419d203-ae84-45b4-a349-326cccf7322d-AppendLogResponseHandler: follower responses appendEntries COMPLETED
2019-09-12 06:06:21,922 [300524ac-6f40-4001-8852-e3bc017e7a2d@group-AC406AFA1D55-StateMachineUpdater] INFO  ratis.ContainerStateMachine (ContainerStateMachine.java:takeSnapshot(289)) - group-AC406AFA1D55: Taking a snapshot at:(t:1, i:6) file /workdir/hadoop-ozone/integration-test/target/test-dir/MiniOzoneClusterImpl-df7e887f-907b-44f9-9fab-c718128d2034/datanode-5/data/ratis/b4a944af-cbb9-4f34-adc2-ac406afa1d55/sm/snapshot.1_6
2019-09-12 06:06:21,922 [grpc-default-executor-3] INFO  impl.StateMachineUpdater (StateMachineUpdater.java:stopAndJoin(125)) - 300524ac-6f40-4001-8852-e3bc017e7a2d@group-AC406AFA1D55-StateMachineUpdater: set stopIndex = 6
2019-09-12 06:06:21,923 [grpc-default-executor-1] INFO  impl.FollowerInfo (FollowerInfo.java:lambda$new$0(51)) - 300524ac-6f40-4001-8852-e3bc017e7a2d@group-AC406AFA1D55->e419d203-ae84-45b4-a349-326cccf7322d: nextIndex: updateUnconditionally 14 -> 7
2019-09-12 06:06:21,923 [grpc-default-executor-9] INFO  server.GrpcLogAppender (GrpcLogAppender.java:onCompleted(293)) - 300524ac-6f40-4001-8852-e3bc017e7a2d@group-AC406AFA1D55->63029d58-985e-44b6-b8f1-28f19ea5ad76-AppendLogResponseHandler: follower responses appendEntries COMPLETED
2019-09-12 06:06:21,924 [grpc-default-executor-9] INFO  impl.FollowerInfo (FollowerInfo.java:lambda$new$0(51)) - 300524ac-6f40-4001-8852-e3bc017e7a2d@group-AC406AFA1D55->63029d58-985e-44b6-b8f1-28f19ea5ad76: nextIndex: updateUnconditionally 14 -> 7
2019-09-12 06:06:21,935 [300524ac-6f40-4001-8852-e3bc017e7a2d@group-AC406AFA1D55-StateMachineUpdater] INFO  ratis.ContainerStateMachine (ContainerStateMachine.java:takeSnapshot(300)) - group-AC406AFA1D55: Finished taking a snapshot at:(t:1, i:6) file:/workdir/hadoop-ozone/integration-test/target/test-dir/MiniOzoneClusterImpl-df7e887f-907b-44f9-9fab-c718128d2034/datanode-5/data/ratis/b4a944af-cbb9-4f34-adc2-ac406afa1d55/sm/snapshot.1_6 time:13
2019-09-12 06:06:21,935 [300524ac-6f40-4001-8852-e3bc017e7a2d@group-AC406AFA1D55-StateMachineUpdater] INFO  impl.StateMachineUpdater (StateMachineUpdater.java:takeSnapshot(258)) - 300524ac-6f40-4001-8852-e3bc017e7a2d@group-AC406AFA1D55-StateMachineUpdater: Took a snapshot at index 6
2019-09-12 06:06:21,935 [300524ac-6f40-4001-8852-e3bc017e7a2d@group-AC406AFA1D55-StateMachineUpdater] INFO  impl.StateMachineUpdater (StateMachineUpdater.java:lambda$new$0(83)) - 300524ac-6f40-4001-8852-e3bc017e7a2d@group-AC406AFA1D55-StateMachineUpdater: snapshotIndex: updateIncreasingly -1 -> 6
2019-09-12 06:06:21,936 [Command processor thread] ERROR commandhandler.CloseContainerCommandHandler (CloseContainerCommandHandler.java:handle(125)) - Can't close container #6
java.io.IOException: org.apache.ratis.protocol.GroupMismatchException: 300524ac-6f40-4001-8852-e3bc017e7a2d: group-AC406AFA1D55 not found.
	at org.apache.hadoop.ozone.container.common.transport.server.ratis.XceiverServerRatis.submitRequest(XceiverServerRatis.java:495)
	at org.apache.hadoop.ozone.container.common.statemachine.commandhandler.CloseContainerCommandHandler.handle(CloseContainerCommandHandler.java:102)
	at org.apache.hadoop.ozone.container.common.statemachine.commandhandler.CommandDispatcher.handle(CommandDispatcher.java:99)
	at org.apache.hadoop.ozone.container.common.statemachine.DatanodeStateMachine.lambda$initCommandHandlerThread$1(DatanodeStateMachine.java:432)
	at java.lang.Thread.run(Thread.java:748)
Caused by: java.util.concurrent.ExecutionException: org.apache.ratis.protocol.GroupMismatchException: 300524ac-6f40-4001-8852-e3bc017e7a2d: group-AC406AFA1D55 not found.
	at java.util.concurrent.CompletableFuture.reportGet(CompletableFuture.java:357)
	at java.util.concurrent.CompletableFuture.get(CompletableFuture.java:1895)
	at org.apache.hadoop.ozone.container.common.transport.server.ratis.XceiverServerRatis.submitRequest(XceiverServerRatis.java:493)
	... 4 more
Caused by: org.apache.ratis.protocol.GroupMismatchException: 300524ac-6f40-4001-8852-e3bc017e7a2d: group-AC406AFA1D55 not found.
	at org.apache.ratis.server.impl.RaftServerProxy$ImplMap.get(RaftServerProxy.java:122)
	at org.apache.ratis.server.impl.RaftServerProxy.getImplFuture(RaftServerProxy.java:269)
	at org.apache.ratis.server.impl.RaftServerProxy.submitRequest(RaftServerProxy.java:327)
	at org.apache.ratis.server.impl.RaftServerProxy.submitClientRequestAsync(RaftServerProxy.java:333)
	... 5 more
2019-09-12 06:06:21,936 [grpc-default-executor-3] INFO  impl.RaftServerImpl (ServerState.java:close(385)) - 300524ac-6f40-4001-8852-e3bc017e7a2d@group-AC406AFA1D55: closes. applyIndex: 6
2019-09-12 06:06:21,936 [300524ac-6f40-4001-8852-e3bc017e7a2d@group-AC406AFA1D55-SegmentedRaftLogWorker] ERROR ratis.XceiverServerRatis (XceiverServerRatis.java:triggerPipelineClose(568)) - pipeline Action CLOSE  on pipeline PipelineID=b4a944af-cbb9-4f34-adc2-ac406afa1d55.Reason : WriteLog:7: (t:1, i:7), STATEMACHINELOGENTRY, client-A62FE20F707D, cid=131-writeStateMachineData interrupted.
2019-09-12 06:06:21,939 [grpc-default-executor-3] INFO  segmented.SegmentedRaftLogWorker (SegmentedRaftLogWorker.java:close(228)) - 300524ac-6f40-4001-8852-e3bc017e7a2d@group-AC406AFA1D55-SegmentedRaftLogWorker close()
2019-09-12 06:06:21,943 [EventQueue-PipelineActionsForPipelineActionHandler] ERROR pipeline.PipelineActionHandler (PipelineActionHandler.java:onMessage(60)) - Received pipeline action CLOSE for Pipeline[ Id: b4a944af-cbb9-4f34-adc2-ac406afa1d55, Nodes: 63029d58-985e-44b6-b8f1-28f19ea5ad76{ip: 192.168.34.52, host: trunk-nightly-20190912-4gc2t-2068889165, networkLocation: /default-rack, certSerialId: null}e419d203-ae84-45b4-a349-326cccf7322d{ip: 192.168.34.52, host: trunk-nightly-20190912-4gc2t-2068889165, networkLocation: /default-rack, certSerialId: null}300524ac-6f40-4001-8852-e3bc017e7a2d{ip: 192.168.34.52, host: trunk-nightly-20190912-4gc2t-2068889165, networkLocation: /default-rack, certSerialId: null}, Type:RATIS, Factor:THREE, State:CLOSED] from datanode 300524ac-6f40-4001-8852-e3bc017e7a2d{ip: 192.168.34.52, host: trunk-nightly-20190912-4gc2t-2068889165, networkLocation: /default-rack, certSerialId: null}. Reason : WriteLog:7: (t:1, i:7), STATEMACHINELOGENTRY, client-A62FE20F707D, cid=131-writeStateMachineData interrupted.
2019-09-12 06:06:21,943 [EventQueue-PipelineActionsForPipelineActionHandler] INFO  pipeline.SCMPipelineManager (SCMPipelineManager.java:finalizeAndDestroyPipeline(311)) - destroying pipeline:Pipeline[ Id: b4a944af-cbb9-4f34-adc2-ac406afa1d55, Nodes: 63029d58-985e-44b6-b8f1-28f19ea5ad76{ip: 192.168.34.52, host: trunk-nightly-20190912-4gc2t-2068889165, networkLocation: /default-rack, certSerialId: null}e419d203-ae84-45b4-a349-326cccf7322d{ip: 192.168.34.52, host: trunk-nightly-20190912-4gc2t-2068889165, networkLocation: /default-rack, certSerialId: null}300524ac-6f40-4001-8852-e3bc017e7a2d{ip: 192.168.34.52, host: trunk-nightly-20190912-4gc2t-2068889165, networkLocation: /default-rack, certSerialId: null}, Type:RATIS, Factor:THREE, State:CLOSED]
2019-09-12 06:06:21,956 [grpc-default-executor-3] INFO  interfaces.Container (KeyValueContainer.java:flushAndSyncDB(386)) - Container 5 is synced with bcsId 4.
2019-09-12 06:06:21,956 [grpc-default-executor-3] INFO  interfaces.Container (KeyValueContainer.java:flushAndSyncDB(386)) - Container 5 is synced with bcsId 4.
2019-09-12 06:06:22,024 [grpc-default-executor-3] INFO  interfaces.Container (KeyValueContainer.java:flushAndSyncDB(386)) - Container 6 is synced with bcsId 0.
2019-09-12 06:06:22,024 [grpc-default-executor-3] INFO  interfaces.Container (KeyValueContainer.java:flushAndSyncDB(386)) - Container 6 is synced with bcsId 0.
2019-09-12 06:06:22,039 [RatisPipelineUtilsThread] INFO  pipeline.PipelineStateManager (PipelineStateManager.java:removePipeline(108)) - Pipeline Pipeline[ Id: b4a944af-cbb9-4f34-adc2-ac406afa1d55, Nodes: 63029d58-985e-44b6-b8f1-28f19ea5ad76{ip: 192.168.34.52, host: trunk-nightly-20190912-4gc2t-2068889165, networkLocation: /default-rack, certSerialId: null}e419d203-ae84-45b4-a349-326cccf7322d{ip: 192.168.34.52, host: trunk-nightly-20190912-4gc2t-2068889165, networkLocation: /default-rack, certSerialId: null}300524ac-6f40-4001-8852-e3bc017e7a2d{ip: 192.168.34.52, host: trunk-nightly-20190912-4gc2t-2068889165, networkLocation: /default-rack, certSerialId: null}, Type:RATIS, Factor:THREE, State:CLOSED] removed from db
2019-09-12 06:06:22,060 [grpc-default-executor-9] INFO  impl.RaftServerProxy (RaftServerProxy.java:addNew(89)) - 300524ac-6f40-4001-8852-e3bc017e7a2d: addNew group-E459C0A50C8F:[63029d58-985e-44b6-b8f1-28f19ea5ad76:192.168.34.52:43376, 300524ac-6f40-4001-8852-e3bc017e7a2d:192.168.34.52:35783, e419d203-ae84-45b4-a349-326cccf7322d:192.168.34.52:35999] returns group-E459C0A50C8F:java.util.concurrent.CompletableFuture@a610c[Not completed]
2019-09-12 06:06:22,060 [grpc-default-executor-3] INFO  impl.RaftServerProxy (RaftServerProxy.java:addNew(89)) - 63029d58-985e-44b6-b8f1-28f19ea5ad76: addNew group-E459C0A50C8F:[63029d58-985e-44b6-b8f1-28f19ea5ad76:192.168.34.52:43376, 300524ac-6f40-4001-8852-e3bc017e7a2d:192.168.34.52:35783, e419d203-ae84-45b4-a349-326cccf7322d:192.168.34.52:35999] returns group-E459C0A50C8F:java.util.concurrent.CompletableFuture@3ee390a6[Not completed]
2019-09-12 06:06:22,060 [grpc-default-executor-1] INFO  impl.RaftServerProxy (RaftServerProxy.java:addNew(89)) - e419d203-ae84-45b4-a349-326cccf7322d: addNew group-E459C0A50C8F:[63029d58-985e-44b6-b8f1-28f19ea5ad76:192.168.34.52:43376, 300524ac-6f40-4001-8852-e3bc017e7a2d:192.168.34.52:35783, e419d203-ae84-45b4-a349-326cccf7322d:192.168.34.52:35999] returns group-E459C0A50C8F:java.util.concurrent.CompletableFuture@7a5afadb[Not completed]
2019-09-12 06:06:22,062 [pool-77-thread-1] INFO  impl.RaftServerImpl (RaftServerImpl.java:<init>(95)) - 300524ac-6f40-4001-8852-e3bc017e7a2d: new RaftServerImpl for group-E459C0A50C8F:[63029d58-985e-44b6-b8f1-28f19ea5ad76:192.168.34.52:43376, 300524ac-6f40-4001-8852-e3bc017e7a2d:192.168.34.52:35783, e419d203-ae84-45b4-a349-326cccf7322d:192.168.34.52:35999] with ContainerStateMachine:uninitialized
2019-09-12 06:06:22,062 [pool-77-thread-1] INFO  server.RaftServerConfigKeys (ConfUtils.java:logGet(43)) - raft.server.rpc.timeout.min = 5s (custom)
2019-09-12 06:06:22,062 [pool-77-thread-1] INFO  server.RaftServerConfigKeys (ConfUtils.java:logGet(43)) - raft.server.rpc.timeout.max = 5200ms (custom)
2019-09-12 06:06:22,062 [pool-77-thread-1] INFO  server.RaftServerConfigKeys (ConfUtils.java:logGet(43)) - raft.server.rpcslowness.timeout = 120s (custom)
2019-09-12 06:06:22,063 [pool-77-thread-1] INFO  server.RaftServerConfigKeys (ConfUtils.java:logGet(43)) - raft.server.sleep.deviation.threshold = 300 (default)
2019-09-12 06:06:22,063 [pool-77-thread-1] INFO  server.RaftServerConfigKeys (ConfUtils.java:logGet(43)) - raft.server.log.appender.install.snapshot.enabled = false (custom)
2019-09-12 06:06:22,063 [pool-77-thread-1] INFO  impl.RaftServerImpl (ServerState.java:<init>(103)) - 300524ac-6f40-4001-8852-e3bc017e7a2d@group-E459C0A50C8F: ConfigurationManager, init=-1: [63029d58-985e-44b6-b8f1-28f19ea5ad76:192.168.34.52:43376, 300524ac-6f40-4001-8852-e3bc017e7a2d:192.168.34.52:35783, e419d203-ae84-45b4-a349-326cccf7322d:192.168.34.52:35999], old=null, confs=<EMPTY_MAP>
2019-09-12 06:06:22,063 [pool-77-thread-1] INFO  server.RaftServerConfigKeys (ConfUtils.java:logGet(43)) - raft.server.storage.dir = [/workdir/hadoop-ozone/integration-test/target/test-dir/MiniOzoneClusterImpl-df7e887f-907b-44f9-9fab-c718128d2034/datanode-5/data/ratis] (custom)
2019-09-12 06:06:22,063 [pool-67-thread-1] INFO  impl.RaftServerImpl (RaftServerImpl.java:<init>(95)) - 63029d58-985e-44b6-b8f1-28f19ea5ad76: new RaftServerImpl for group-E459C0A50C8F:[63029d58-985e-44b6-b8f1-28f19ea5ad76:192.168.34.52:43376, 300524ac-6f40-4001-8852-e3bc017e7a2d:192.168.34.52:35783, e419d203-ae84-45b4-a349-326cccf7322d:192.168.34.52:35999] with ContainerStateMachine:uninitialized
2019-09-12 06:06:22,063 [pool-67-thread-1] INFO  server.RaftServerConfigKeys (ConfUtils.java:logGet(43)) - raft.server.rpc.timeout.min = 5s (custom)
2019-09-12 06:06:22,063 [pool-77-thread-1] INFO  storage.RaftStorageDirectory (RaftStorageDirectory.java:analyzeStorage(246)) - The storage directory /workdir/hadoop-ozone/integration-test/target/test-dir/MiniOzoneClusterImpl-df7e887f-907b-44f9-9fab-c718128d2034/datanode-5/data/ratis/e8ef7806-8a41-4cc7-928d-e459c0a50c8f does not exist. Creating ...
2019-09-12 06:06:22,063 [pool-67-thread-1] INFO  server.RaftServerConfigKeys (ConfUtils.java:logGet(43)) - raft.server.rpc.timeout.max = 5200ms (custom)
2019-09-12 06:06:22,064 [pool-67-thread-1] INFO  server.RaftServerConfigKeys (ConfUtils.java:logGet(43)) - raft.server.rpcslowness.timeout = 120s (custom)
2019-09-12 06:06:22,064 [pool-67-thread-1] INFO  server.RaftServerConfigKeys (ConfUtils.java:logGet(43)) - raft.server.sleep.deviation.threshold = 300 (default)
2019-09-12 06:06:22,064 [pool-67-thread-1] INFO  server.RaftServerConfigKeys (ConfUtils.java:logGet(43)) - raft.server.log.appender.install.snapshot.enabled = false (custom)
2019-09-12 06:06:22,064 [pool-67-thread-1] INFO  impl.RaftServerImpl (ServerState.java:<init>(103)) - 63029d58-985e-44b6-b8f1-28f19ea5ad76@group-E459C0A50C8F: ConfigurationManager, init=-1: [63029d58-985e-44b6-b8f1-28f19ea5ad76:192.168.34.52:43376, 300524ac-6f40-4001-8852-e3bc017e7a2d:192.168.34.52:35783, e419d203-ae84-45b4-a349-326cccf7322d:192.168.34.52:35999], old=null, confs=<EMPTY_MAP>
2019-09-12 06:06:22,064 [pool-27-thread-1] INFO  impl.RaftServerImpl (RaftServerImpl.java:<init>(95)) - e419d203-ae84-45b4-a349-326cccf7322d: new RaftServerImpl for group-E459C0A50C8F:[63029d58-985e-44b6-b8f1-28f19ea5ad76:192.168.34.52:43376, 300524ac-6f40-4001-8852-e3bc017e7a2d:192.168.34.52:35783, e419d203-ae84-45b4-a349-326cccf7322d:192.168.34.52:35999] with ContainerStateMachine:uninitialized
2019-09-12 06:06:22,064 [pool-67-thread-1] INFO  server.RaftServerConfigKeys (ConfUtils.java:logGet(43)) - raft.server.storage.dir = [/workdir/hadoop-ozone/integration-test/target/test-dir/MiniOzoneClusterImpl-df7e887f-907b-44f9-9fab-c718128d2034/datanode-4/data/ratis] (custom)
2019-09-12 06:06:22,064 [pool-27-thread-1] INFO  server.RaftServerConfigKeys (ConfUtils.java:logGet(43)) - raft.server.rpc.timeout.min = 5s (custom)
2019-09-12 06:06:22,065 [pool-27-thread-1] INFO  server.RaftServerConfigKeys (ConfUtils.java:logGet(43)) - raft.server.rpc.timeout.max = 5200ms (custom)
2019-09-12 06:06:22,065 [pool-67-thread-1] INFO  storage.RaftStorageDirectory (RaftStorageDirectory.java:analyzeStorage(246)) - The storage directory /workdir/hadoop-ozone/integration-test/target/test-dir/MiniOzoneClusterImpl-df7e887f-907b-44f9-9fab-c718128d2034/datanode-4/data/ratis/e8ef7806-8a41-4cc7-928d-e459c0a50c8f does not exist. Creating ...
2019-09-12 06:06:22,065 [pool-27-thread-1] INFO  server.RaftServerConfigKeys (ConfUtils.java:logGet(43)) - raft.server.rpcslowness.timeout = 120s (custom)
2019-09-12 06:06:22,065 [pool-27-thread-1] INFO  server.RaftServerConfigKeys (ConfUtils.java:logGet(43)) - raft.server.sleep.deviation.threshold = 300 (default)
2019-09-12 06:06:22,065 [pool-27-thread-1] INFO  server.RaftServerConfigKeys (ConfUtils.java:logGet(43)) - raft.server.log.appender.install.snapshot.enabled = false (custom)
2019-09-12 06:06:22,065 [pool-27-thread-1] INFO  impl.RaftServerImpl (ServerState.java:<init>(103)) - e419d203-ae84-45b4-a349-326cccf7322d@group-E459C0A50C8F: ConfigurationManager, init=-1: [63029d58-985e-44b6-b8f1-28f19ea5ad76:192.168.34.52:43376, 300524ac-6f40-4001-8852-e3bc017e7a2d:192.168.34.52:35783, e419d203-ae84-45b4-a349-326cccf7322d:192.168.34.52:35999], old=null, confs=<EMPTY_MAP>
2019-09-12 06:06:22,065 [pool-27-thread-1] INFO  server.RaftServerConfigKeys (ConfUtils.java:logGet(43)) - raft.server.storage.dir = [/workdir/hadoop-ozone/integration-test/target/test-dir/MiniOzoneClusterImpl-df7e887f-907b-44f9-9fab-c718128d2034/datanode-0/data/ratis] (custom)
2019-09-12 06:06:22,066 [pool-27-thread-1] INFO  storage.RaftStorageDirectory (RaftStorageDirectory.java:analyzeStorage(246)) - The storage directory /workdir/hadoop-ozone/integration-test/target/test-dir/MiniOzoneClusterImpl-df7e887f-907b-44f9-9fab-c718128d2034/datanode-0/data/ratis/e8ef7806-8a41-4cc7-928d-e459c0a50c8f does not exist. Creating ...
2019-09-12 06:06:22,077 [pool-67-thread-1] INFO  storage.RaftStorageDirectory (RaftStorageDirectory.java:tryLock(328)) - Lock on /workdir/hadoop-ozone/integration-test/target/test-dir/MiniOzoneClusterImpl-df7e887f-907b-44f9-9fab-c718128d2034/datanode-4/data/ratis/e8ef7806-8a41-4cc7-928d-e459c0a50c8f/in_use.lock acquired by nodename 9960@trunk-nightly-20190912-4gc2t-2068889165
2019-09-12 06:06:22,077 [pool-27-thread-1] INFO  storage.RaftStorageDirectory (RaftStorageDirectory.java:tryLock(328)) - Lock on /workdir/hadoop-ozone/integration-test/target/test-dir/MiniOzoneClusterImpl-df7e887f-907b-44f9-9fab-c718128d2034/datanode-0/data/ratis/e8ef7806-8a41-4cc7-928d-e459c0a50c8f/in_use.lock acquired by nodename 9960@trunk-nightly-20190912-4gc2t-2068889165
2019-09-12 06:06:22,077 [pool-77-thread-1] INFO  storage.RaftStorageDirectory (RaftStorageDirectory.java:tryLock(328)) - Lock on /workdir/hadoop-ozone/integration-test/target/test-dir/MiniOzoneClusterImpl-df7e887f-907b-44f9-9fab-c718128d2034/datanode-5/data/ratis/e8ef7806-8a41-4cc7-928d-e459c0a50c8f/in_use.lock acquired by nodename 9960@trunk-nightly-20190912-4gc2t-2068889165
2019-09-12 06:06:22,091 [pool-67-thread-1] INFO  storage.RaftStorage (RaftStorage.java:format(72)) - Storage directory /workdir/hadoop-ozone/integration-test/target/test-dir/MiniOzoneClusterImpl-df7e887f-907b-44f9-9fab-c718128d2034/datanode-4/data/ratis/e8ef7806-8a41-4cc7-928d-e459c0a50c8f has been successfully formatted.
2019-09-12 06:06:22,091 [pool-77-thread-1] INFO  storage.RaftStorage (RaftStorage.java:format(72)) - Storage directory /workdir/hadoop-ozone/integration-test/target/test-dir/MiniOzoneClusterImpl-df7e887f-907b-44f9-9fab-c718128d2034/datanode-5/data/ratis/e8ef7806-8a41-4cc7-928d-e459c0a50c8f has been successfully formatted.
2019-09-12 06:06:22,091 [pool-27-thread-1] INFO  storage.RaftStorage (RaftStorage.java:format(72)) - Storage directory /workdir/hadoop-ozone/integration-test/target/test-dir/MiniOzoneClusterImpl-df7e887f-907b-44f9-9fab-c718128d2034/datanode-0/data/ratis/e8ef7806-8a41-4cc7-928d-e459c0a50c8f has been successfully formatted.
2019-09-12 06:06:22,091 [pool-77-thread-1] INFO  ratis.ContainerStateMachine (ContainerStateMachine.java:loadSnapshot(230)) - group-E459C0A50C8F: The snapshot info is null. Setting the last applied indexto:(t:0, i:~)
2019-09-12 06:06:22,091 [pool-67-thread-1] INFO  ratis.ContainerStateMachine (ContainerStateMachine.java:loadSnapshot(230)) - group-E459C0A50C8F: The snapshot info is null. Setting the last applied indexto:(t:0, i:~)
2019-09-12 06:06:22,091 [pool-77-thread-1] INFO  server.RaftServerConfigKeys (ConfUtils.java:logGet(43)) - raft.server.notification.no-leader.timeout = 120s (custom)
2019-09-12 06:06:22,091 [pool-27-thread-1] INFO  ratis.ContainerStateMachine (ContainerStateMachine.java:loadSnapshot(230)) - group-E459C0A50C8F: The snapshot info is null. Setting the last applied indexto:(t:0, i:~)
2019-09-12 06:06:22,092 [pool-77-thread-1] INFO  server.RaftServerConfigKeys (ConfUtils.java:logGet(43)) - raft.server.log.use.memory = false (default)
2019-09-12 06:06:22,092 [pool-67-thread-1] INFO  server.RaftServerConfigKeys (ConfUtils.java:logGet(43)) - raft.server.notification.no-leader.timeout = 120s (custom)
2019-09-12 06:06:22,092 [pool-77-thread-1] INFO  server.RaftServerConfigKeys (ConfUtils.java:logGet(43)) - raft.server.log.purge.gap = 1000000 (custom)
2019-09-12 06:06:22,092 [pool-27-thread-1] INFO  server.RaftServerConfigKeys (ConfUtils.java:logGet(43)) - raft.server.notification.no-leader.timeout = 120s (custom)
2019-09-12 06:06:22,092 [pool-77-thread-1] INFO  server.RaftServerConfigKeys (ConfUtils.java:logGet(43)) - raft.server.log.appender.buffer.byte-limit = 33554432 (custom)
2019-09-12 06:06:22,092 [pool-67-thread-1] INFO  server.RaftServerConfigKeys (ConfUtils.java:logGet(43)) - raft.server.log.use.memory = false (default)
2019-09-12 06:06:22,093 [pool-77-thread-1] INFO  server.RaftServerConfigKeys (ConfUtils.java:logGet(43)) - raft.server.log.segment.size.max = 1048576 (custom)
2019-09-12 06:06:22,092 [pool-27-thread-1] INFO  server.RaftServerConfigKeys (ConfUtils.java:logGet(43)) - raft.server.log.use.memory = false (default)
2019-09-12 06:06:22,093 [pool-77-thread-1] INFO  server.RaftServerConfigKeys (ConfUtils.java:logGet(43)) - raft.server.log.segment.cache.num.max = 2 (custom)
2019-09-12 06:06:22,093 [pool-67-thread-1] INFO  server.RaftServerConfigKeys (ConfUtils.java:logGet(43)) - raft.server.log.purge.gap = 1000000 (custom)
2019-09-12 06:06:22,093 [pool-77-thread-1] INFO  segmented.SegmentedRaftLogWorker (SegmentedRaftLogWorker.java:<init>(172)) - new 300524ac-6f40-4001-8852-e3bc017e7a2d@group-E459C0A50C8F-SegmentedRaftLogWorker for RaftStorage:Storage Directory /workdir/hadoop-ozone/integration-test/target/test-dir/MiniOzoneClusterImpl-df7e887f-907b-44f9-9fab-c718128d2034/datanode-5/data/ratis/e8ef7806-8a41-4cc7-928d-e459c0a50c8f
2019-09-12 06:06:22,093 [pool-27-thread-1] INFO  server.RaftServerConfigKeys (ConfUtils.java:logGet(43)) - raft.server.log.purge.gap = 1000000 (custom)
2019-09-12 06:06:22,094 [pool-77-thread-1] INFO  server.RaftServerConfigKeys (ConfUtils.java:logGet(43)) - raft.server.log.queue.byte-limit = 2147483647 (custom)
2019-09-12 06:06:22,093 [pool-67-thread-1] INFO  server.RaftServerConfigKeys (ConfUtils.java:logGet(43)) - raft.server.log.appender.buffer.byte-limit = 33554432 (custom)
2019-09-12 06:06:22,094 [pool-77-thread-1] INFO  server.RaftServerConfigKeys (ConfUtils.java:logGet(43)) - raft.server.log.queue.element-limit = 1024 (custom)
2019-09-12 06:06:22,094 [pool-27-thread-1] INFO  server.RaftServerConfigKeys (ConfUtils.java:logGet(43)) - raft.server.log.appender.buffer.byte-limit = 33554432 (custom)
2019-09-12 06:06:22,094 [pool-77-thread-1] INFO  server.RaftServerConfigKeys (ConfUtils.java:logGet(43)) - raft.server.log.segment.size.max = 1048576 (custom)
2019-09-12 06:06:22,094 [pool-67-thread-1] INFO  server.RaftServerConfigKeys (ConfUtils.java:logGet(43)) - raft.server.log.segment.size.max = 1048576 (custom)
2019-09-12 06:06:22,095 [pool-77-thread-1] INFO  server.RaftServerConfigKeys (ConfUtils.java:logGet(43)) - raft.server.log.preallocated.size = 16384 (custom)
2019-09-12 06:06:22,094 [pool-27-thread-1] INFO  server.RaftServerConfigKeys (ConfUtils.java:logGet(43)) - raft.server.log.segment.size.max = 1048576 (custom)
2019-09-12 06:06:22,095 [pool-77-thread-1] INFO  server.RaftServerConfigKeys (ConfUtils.java:logGet(43)) - raft.server.log.write.buffer.size = 33554432 (custom)
2019-09-12 06:06:22,095 [pool-67-thread-1] INFO  server.RaftServerConfigKeys (ConfUtils.java:logGet(43)) - raft.server.log.segment.cache.num.max = 2 (custom)
2019-09-12 06:06:22,095 [pool-77-thread-1] INFO  server.RaftServerConfigKeys (ConfUtils.java:logGet(43)) - raft.server.log.force.sync.num = 128 (default)
2019-09-12 06:06:22,095 [pool-77-thread-1] INFO  server.RaftServerConfigKeys (ConfUtils.java:logGet(43)) - raft.server.log.statemachine.data.sync = true (default)
2019-09-12 06:06:22,095 [pool-27-thread-1] INFO  server.RaftServerConfigKeys (ConfUtils.java:logGet(43)) - raft.server.log.segment.cache.num.max = 2 (custom)
2019-09-12 06:06:22,096 [pool-77-thread-1] INFO  server.RaftServerConfigKeys (ConfUtils.java:logGet(43)) - raft.server.log.statemachine.data.sync.timeout = 10s (default)
2019-09-12 06:06:22,095 [pool-67-thread-1] INFO  segmented.SegmentedRaftLogWorker (SegmentedRaftLogWorker.java:<init>(172)) - new 63029d58-985e-44b6-b8f1-28f19ea5ad76@group-E459C0A50C8F-SegmentedRaftLogWorker for RaftStorage:Storage Directory /workdir/hadoop-ozone/integration-test/target/test-dir/MiniOzoneClusterImpl-df7e887f-907b-44f9-9fab-c718128d2034/datanode-4/data/ratis/e8ef7806-8a41-4cc7-928d-e459c0a50c8f
2019-09-12 06:06:22,096 [pool-77-thread-1] INFO  server.RaftServerConfigKeys (ConfUtils.java:logGet(43)) - raft.server.log.statemachine.data.sync.timeout.retry = -1 (default)
2019-09-12 06:06:22,096 [pool-27-thread-1] INFO  segmented.SegmentedRaftLogWorker (SegmentedRaftLogWorker.java:<init>(172)) - new e419d203-ae84-45b4-a349-326cccf7322d@group-E459C0A50C8F-SegmentedRaftLogWorker for RaftStorage:Storage Directory /workdir/hadoop-ozone/integration-test/target/test-dir/MiniOzoneClusterImpl-df7e887f-907b-44f9-9fab-c718128d2034/datanode-0/data/ratis/e8ef7806-8a41-4cc7-928d-e459c0a50c8f
2019-09-12 06:06:22,096 [pool-77-thread-1] INFO  server.RaftServerConfigKeys (ConfUtils.java:logGet(43)) - raft.server.log.statemachine.data.caching.enabled = true (custom)
2019-09-12 06:06:22,096 [pool-67-thread-1] INFO  server.RaftServerConfigKeys (ConfUtils.java:logGet(43)) - raft.server.log.queue.byte-limit = 2147483647 (custom)
2019-09-12 06:06:22,096 [pool-27-thread-1] INFO  server.RaftServerConfigKeys (ConfUtils.java:logGet(43)) - raft.server.log.queue.byte-limit = 2147483647 (custom)
2019-09-12 06:06:22,097 [pool-77-thread-1] INFO  segmented.SegmentedRaftLogWorker (SegmentedRaftLogWorker.java:lambda$new$0(132)) - 300524ac-6f40-4001-8852-e3bc017e7a2d@group-E459C0A50C8F-SegmentedRaftLogWorker: flushIndex: setUnconditionally 0 -> -1
2019-09-12 06:06:22,097 [pool-67-thread-1] INFO  server.RaftServerConfigKeys (ConfUtils.java:logGet(43)) - raft.server.log.queue.element-limit = 1024 (custom)
2019-09-12 06:06:22,097 [pool-27-thread-1] INFO  server.RaftServerConfigKeys (ConfUtils.java:logGet(43)) - raft.server.log.queue.element-limit = 1024 (custom)
2019-09-12 06:06:22,097 [pool-77-thread-1] INFO  server.RaftServerConfigKeys (ConfUtils.java:logGet(43)) - raft.server.snapshot.auto.trigger.enabled = true (custom)
2019-09-12 06:06:22,097 [pool-67-thread-1] INFO  server.RaftServerConfigKeys (ConfUtils.java:logGet(43)) - raft.server.log.segment.size.max = 1048576 (custom)
2019-09-12 06:06:22,098 [pool-77-thread-1] INFO  server.RaftServerConfigKeys (ConfUtils.java:logGet(43)) - raft.server.snapshot.auto.trigger.threshold = 10000 (custom)
2019-09-12 06:06:22,097 [pool-27-thread-1] INFO  server.RaftServerConfigKeys (ConfUtils.java:logGet(43)) - raft.server.log.segment.size.max = 1048576 (custom)
2019-09-12 06:06:22,098 [pool-77-thread-1] INFO  server.RaftServerConfigKeys (ConfUtils.java:logGet(43)) - raft.server.snapshot.retention.num.files = -1 (default)
2019-09-12 06:06:22,098 [pool-67-thread-1] INFO  server.RaftServerConfigKeys (ConfUtils.java:logGet(43)) - raft.server.log.preallocated.size = 16384 (custom)
2019-09-12 06:06:22,098 [pool-77-thread-1] INFO  server.RaftServerConfigKeys (ConfUtils.java:logGet(43)) - raft.server.retrycache.expirytime = 600000ms (custom)
2019-09-12 06:06:22,098 [pool-27-thread-1] INFO  server.RaftServerConfigKeys (ConfUtils.java:logGet(43)) - raft.server.log.preallocated.size = 16384 (custom)
2019-09-12 06:06:22,098 [pool-67-thread-1] INFO  server.RaftServerConfigKeys (ConfUtils.java:logGet(43)) - raft.server.log.write.buffer.size = 33554432 (custom)
2019-09-12 06:06:22,099 [pool-27-thread-1] INFO  server.RaftServerConfigKeys (ConfUtils.java:logGet(43)) - raft.server.log.write.buffer.size = 33554432 (custom)
2019-09-12 06:06:22,099 [pool-67-thread-1] INFO  server.RaftServerConfigKeys (ConfUtils.java:logGet(43)) - raft.server.log.force.sync.num = 128 (default)
2019-09-12 06:06:22,099 [pool-27-thread-1] INFO  server.RaftServerConfigKeys (ConfUtils.java:logGet(43)) - raft.server.log.force.sync.num = 128 (default)
2019-09-12 06:06:22,099 [pool-67-thread-1] INFO  server.RaftServerConfigKeys (ConfUtils.java:logGet(43)) - raft.server.log.statemachine.data.sync = true (default)
2019-09-12 06:06:22,099 [pool-27-thread-1] INFO  server.RaftServerConfigKeys (ConfUtils.java:logGet(43)) - raft.server.log.statemachine.data.sync = true (default)
2019-09-12 06:06:22,100 [pool-67-thread-1] INFO  server.RaftServerConfigKeys (ConfUtils.java:logGet(43)) - raft.server.log.statemachine.data.sync.timeout = 10s (default)
2019-09-12 06:06:22,100 [pool-27-thread-1] INFO  server.RaftServerConfigKeys (ConfUtils.java:logGet(43)) - raft.server.log.statemachine.data.sync.timeout = 10s (default)
2019-09-12 06:06:22,100 [pool-67-thread-1] INFO  server.RaftServerConfigKeys (ConfUtils.java:logGet(43)) - raft.server.log.statemachine.data.sync.timeout.retry = -1 (default)
2019-09-12 06:06:22,100 [pool-27-thread-1] INFO  server.RaftServerConfigKeys (ConfUtils.java:logGet(43)) - raft.server.log.statemachine.data.sync.timeout.retry = -1 (default)
2019-09-12 06:06:22,100 [pool-67-thread-1] INFO  server.RaftServerConfigKeys (ConfUtils.java:logGet(43)) - raft.server.log.statemachine.data.caching.enabled = true (custom)
2019-09-12 06:06:22,100 [pool-27-thread-1] INFO  server.RaftServerConfigKeys (ConfUtils.java:logGet(43)) - raft.server.log.statemachine.data.caching.enabled = true (custom)
2019-09-12 06:06:22,101 [pool-67-thread-1] INFO  segmented.SegmentedRaftLogWorker (SegmentedRaftLogWorker.java:lambda$new$0(132)) - 63029d58-985e-44b6-b8f1-28f19ea5ad76@group-E459C0A50C8F-SegmentedRaftLogWorker: flushIndex: setUnconditionally 0 -> -1
2019-09-12 06:06:22,101 [pool-27-thread-1] INFO  segmented.SegmentedRaftLogWorker (SegmentedRaftLogWorker.java:lambda$new$0(132)) - e419d203-ae84-45b4-a349-326cccf7322d@group-E459C0A50C8F-SegmentedRaftLogWorker: flushIndex: setUnconditionally 0 -> -1
2019-09-12 06:06:22,101 [pool-67-thread-1] INFO  server.RaftServerConfigKeys (ConfUtils.java:logGet(43)) - raft.server.snapshot.auto.trigger.enabled = true (custom)
2019-09-12 06:06:22,101 [pool-67-thread-1] INFO  server.RaftServerConfigKeys (ConfUtils.java:logGet(43)) - raft.server.snapshot.auto.trigger.threshold = 10000 (custom)
2019-09-12 06:06:22,101 [pool-27-thread-1] INFO  server.RaftServerConfigKeys (ConfUtils.java:logGet(43)) - raft.server.snapshot.auto.trigger.enabled = true (custom)
2019-09-12 06:06:22,101 [pool-67-thread-1] INFO  server.RaftServerConfigKeys (ConfUtils.java:logGet(43)) - raft.server.snapshot.retention.num.files = -1 (default)
2019-09-12 06:06:22,101 [pool-27-thread-1] INFO  server.RaftServerConfigKeys (ConfUtils.java:logGet(43)) - raft.server.snapshot.auto.trigger.threshold = 10000 (custom)
2019-09-12 06:06:22,102 [pool-67-thread-1] INFO  server.RaftServerConfigKeys (ConfUtils.java:logGet(43)) - raft.server.retrycache.expirytime = 600000ms (custom)
2019-09-12 06:06:22,102 [pool-27-thread-1] INFO  server.RaftServerConfigKeys (ConfUtils.java:logGet(43)) - raft.server.snapshot.retention.num.files = -1 (default)
2019-09-12 06:06:22,102 [pool-77-thread-1] INFO  impl.RaftServerImpl (RaftServerImpl.java:start(185)) - 300524ac-6f40-4001-8852-e3bc017e7a2d@group-E459C0A50C8F: start as a follower, conf=-1: [63029d58-985e-44b6-b8f1-28f19ea5ad76:192.168.34.52:43376, 300524ac-6f40-4001-8852-e3bc017e7a2d:192.168.34.52:35783, e419d203-ae84-45b4-a349-326cccf7322d:192.168.34.52:35999], old=null
2019-09-12 06:06:22,102 [pool-27-thread-1] INFO  server.RaftServerConfigKeys (ConfUtils.java:logGet(43)) - raft.server.retrycache.expirytime = 600000ms (custom)
2019-09-12 06:06:22,102 [pool-77-thread-1] INFO  impl.RaftServerImpl (RaftServerImpl.java:setRole(174)) - 300524ac-6f40-4001-8852-e3bc017e7a2d@group-E459C0A50C8F: changes role from      null to FOLLOWER at term 0 for startAsFollower
2019-09-12 06:06:22,102 [pool-77-thread-1] INFO  impl.RoleInfo (RoleInfo.java:updateAndGet(143)) - 300524ac-6f40-4001-8852-e3bc017e7a2d: start FollowerState
2019-09-12 06:06:22,112 [pool-77-thread-1] INFO  util.JmxRegister (JmxRegister.java:tryRegister(44)) - Successfully registered JMX Bean with object name Ratis:service=RaftServer,group=group-E459C0A50C8F,id=300524ac-6f40-4001-8852-e3bc017e7a2d
2019-09-12 06:06:22,123 [pool-67-thread-1] INFO  impl.RaftServerImpl (RaftServerImpl.java:start(185)) - 63029d58-985e-44b6-b8f1-28f19ea5ad76@group-E459C0A50C8F: start as a follower, conf=-1: [63029d58-985e-44b6-b8f1-28f19ea5ad76:192.168.34.52:43376, 300524ac-6f40-4001-8852-e3bc017e7a2d:192.168.34.52:35783, e419d203-ae84-45b4-a349-326cccf7322d:192.168.34.52:35999], old=null
2019-09-12 06:06:22,123 [pool-67-thread-1] INFO  impl.RaftServerImpl (RaftServerImpl.java:setRole(174)) - 63029d58-985e-44b6-b8f1-28f19ea5ad76@group-E459C0A50C8F: changes role from      null to FOLLOWER at term 0 for startAsFollower
2019-09-12 06:06:22,123 [pool-27-thread-1] INFO  impl.RaftServerImpl (RaftServerImpl.java:start(185)) - e419d203-ae84-45b4-a349-326cccf7322d@group-E459C0A50C8F: start as a follower, conf=-1: [63029d58-985e-44b6-b8f1-28f19ea5ad76:192.168.34.52:43376, 300524ac-6f40-4001-8852-e3bc017e7a2d:192.168.34.52:35783, e419d203-ae84-45b4-a349-326cccf7322d:192.168.34.52:35999], old=null
2019-09-12 06:06:22,123 [pool-67-thread-1] INFO  impl.RoleInfo (RoleInfo.java:updateAndGet(143)) - 63029d58-985e-44b6-b8f1-28f19ea5ad76: start FollowerState
2019-09-12 06:06:22,123 [pool-27-thread-1] INFO  impl.RaftServerImpl (RaftServerImpl.java:setRole(174)) - e419d203-ae84-45b4-a349-326cccf7322d@group-E459C0A50C8F: changes role from      null to FOLLOWER at term 0 for startAsFollower
2019-09-12 06:06:22,123 [pool-27-thread-1] INFO  impl.RoleInfo (RoleInfo.java:updateAndGet(143)) - e419d203-ae84-45b4-a349-326cccf7322d: start FollowerState
2019-09-12 06:06:22,123 [pool-67-thread-1] INFO  util.JmxRegister (JmxRegister.java:tryRegister(44)) - Successfully registered JMX Bean with object name Ratis:service=RaftServer,group=group-E459C0A50C8F,id=63029d58-985e-44b6-b8f1-28f19ea5ad76
2019-09-12 06:06:22,124 [pool-27-thread-1] INFO  util.JmxRegister (JmxRegister.java:tryRegister(44)) - Successfully registered JMX Bean with object name Ratis:service=RaftServer,group=group-E459C0A50C8F,id=e419d203-ae84-45b4-a349-326cccf7322d
2019-09-12 06:06:22,126 [RatisPipelineUtilsThread] INFO  pipeline.PipelineStateManager (PipelineStateManager.java:addPipeline(56)) - Created pipeline Pipeline[ Id: e8ef7806-8a41-4cc7-928d-e459c0a50c8f, Nodes: 63029d58-985e-44b6-b8f1-28f19ea5ad76{ip: 192.168.34.52, host: trunk-nightly-20190912-4gc2t-2068889165, networkLocation: /default-rack, certSerialId: null}e419d203-ae84-45b4-a349-326cccf7322d{ip: 192.168.34.52, host: trunk-nightly-20190912-4gc2t-2068889165, networkLocation: /default-rack, certSerialId: null}300524ac-6f40-4001-8852-e3bc017e7a2d{ip: 192.168.34.52, host: trunk-nightly-20190912-4gc2t-2068889165, networkLocation: /default-rack, certSerialId: null}, Type:RATIS, Factor:THREE, State:OPEN]
2019-09-12 06:06:22,383 [main] WARN  io.KeyOutputStream (KeyOutputStream.java:handleException(276)) - Encountered exception java.io.IOException: Unexpected Storage Container Exception: java.util.concurrent.CompletionException: java.util.concurrent.CompletionException: org.apache.ratis.protocol.GroupMismatchException: 63029d58-985e-44b6-b8f1-28f19ea5ad76: group-AC406AFA1D55 not found. on the pipeline Pipeline[ Id: b4a944af-cbb9-4f34-adc2-ac406afa1d55, Nodes: 63029d58-985e-44b6-b8f1-28f19ea5ad76{ip: 192.168.34.52, host: trunk-nightly-20190912-4gc2t-2068889165, networkLocation: /default-rack, certSerialId: null}e419d203-ae84-45b4-a349-326cccf7322d{ip: 192.168.34.52, host: trunk-nightly-20190912-4gc2t-2068889165, networkLocation: /default-rack, certSerialId: null}300524ac-6f40-4001-8852-e3bc017e7a2d{ip: 192.168.34.52, host: trunk-nightly-20190912-4gc2t-2068889165, networkLocation: /default-rack, certSerialId: null}, Type:RATIS, Factor:THREE, State:OPEN]. The last committed block length is 0, uncommitted data length is 400 retry count 0
2019-09-12 06:06:22,595 [grpc-default-executor-1] INFO  client.GrpcClientProtocolClient (GrpcClientProtocolClient.java:onNext(264)) - client-88DF9C2A5C96->df009476-bbf0-43a2-af41-11b5052a445f: receive RaftClientReply:client-88DF9C2A5C96->df009476-bbf0-43a2-af41-11b5052a445f@group-9B69FF6C6692, cid=230, SUCCESS, logIndex=1, commits[df009476-bbf0-43a2-af41-11b5052a445f:c1, 1f61edb1-ab55-473c-8774-d83fa3b21acc:c0, 8f5ab14e-21d2-479d-9d33-3cad9b590bd0:c0]
2019-09-12 06:06:22,636 [grpc-default-executor-7] INFO  client.GrpcClientProtocolClient (GrpcClientProtocolClient.java:onNext(264)) - client-88DF9C2A5C96->df009476-bbf0-43a2-af41-11b5052a445f: receive RaftClientReply:client-88DF9C2A5C96->df009476-bbf0-43a2-af41-11b5052a445f@group-9B69FF6C6692, cid=231, SUCCESS, logIndex=3, commits[df009476-bbf0-43a2-af41-11b5052a445f:c4, 1f61edb1-ab55-473c-8774-d83fa3b21acc:c2, 8f5ab14e-21d2-479d-9d33-3cad9b590bd0:c2]
2019-09-12 06:06:22,694 [grpc-default-executor-7] INFO  client.GrpcClientProtocolClient (GrpcClientProtocolClient.java:onNext(264)) - client-88DF9C2A5C96->df009476-bbf0-43a2-af41-11b5052a445f: receive RaftClientReply:client-88DF9C2A5C96->df009476-bbf0-43a2-af41-11b5052a445f@group-9B69FF6C6692, cid=232, SUCCESS, logIndex=4, commits[df009476-bbf0-43a2-af41-11b5052a445f:c12, 1f61edb1-ab55-473c-8774-d83fa3b21acc:c7, 8f5ab14e-21d2-479d-9d33-3cad9b590bd0:c7]
2019-09-12 06:06:22,695 [grpc-default-executor-7] INFO  client.GrpcClientProtocolClient (GrpcClientProtocolClient.java:onNext(264)) - client-88DF9C2A5C96->df009476-bbf0-43a2-af41-11b5052a445f: receive RaftClientReply:client-88DF9C2A5C96->df009476-bbf0-43a2-af41-11b5052a445f@group-9B69FF6C6692, cid=233, SUCCESS, logIndex=5, commits[df009476-bbf0-43a2-af41-11b5052a445f:c12, 1f61edb1-ab55-473c-8774-d83fa3b21acc:c7, 8f5ab14e-21d2-479d-9d33-3cad9b590bd0:c7]
2019-09-12 06:06:22,695 [grpc-default-executor-7] INFO  client.GrpcClientProtocolClient (GrpcClientProtocolClient.java:onNext(264)) - client-88DF9C2A5C96->df009476-bbf0-43a2-af41-11b5052a445f: receive RaftClientReply:client-88DF9C2A5C96->df009476-bbf0-43a2-af41-11b5052a445f@group-9B69FF6C6692, cid=234, SUCCESS, logIndex=6, commits[df009476-bbf0-43a2-af41-11b5052a445f:c12, 1f61edb1-ab55-473c-8774-d83fa3b21acc:c7, 8f5ab14e-21d2-479d-9d33-3cad9b590bd0:c7]
2019-09-12 06:06:22,815 [grpc-default-executor-7] INFO  client.GrpcClientProtocolClient (GrpcClientProtocolClient.java:onNext(264)) - client-88DF9C2A5C96->df009476-bbf0-43a2-af41-11b5052a445f: receive RaftClientReply:client-88DF9C2A5C96->df009476-bbf0-43a2-af41-11b5052a445f@group-9B69FF6C6692, cid=235, SUCCESS, logIndex=7, commits[df009476-bbf0-43a2-af41-11b5052a445f:c12, 1f61edb1-ab55-473c-8774-d83fa3b21acc:c7, 8f5ab14e-21d2-479d-9d33-3cad9b590bd0:c7]
]]></system-out>
  </testcase>
  <testcase name="testBufferCaching" classname="org.apache.hadoop.ozone.client.rpc.TestBlockOutputStream" time="5.48"/>
  <testcase name="testWriteWithExceedingMaxBufferLimit" classname="org.apache.hadoop.ozone.client.rpc.TestBlockOutputStream" time="186.78">
    <failure message="expected:&lt;25&gt; but was:&lt;29&gt;" type="java.lang.AssertionError"><![CDATA[java.lang.AssertionError: expected:<25> but was:<29>
	at org.junit.Assert.fail(Assert.java:88)
	at org.junit.Assert.failNotEquals(Assert.java:743)
	at org.junit.Assert.assertEquals(Assert.java:118)
	at org.junit.Assert.assertEquals(Assert.java:555)
	at org.junit.Assert.assertEquals(Assert.java:542)
	at org.apache.hadoop.ozone.client.rpc.TestBlockOutputStream.testWriteWithExceedingMaxBufferLimit(TestBlockOutputStream.java:614)
	at sun.reflect.NativeMethodAccessorImpl.invoke0(Native Method)
	at sun.reflect.NativeMethodAccessorImpl.invoke(NativeMethodAccessorImpl.java:62)
	at sun.reflect.DelegatingMethodAccessorImpl.invoke(DelegatingMethodAccessorImpl.java:43)
	at java.lang.reflect.Method.invoke(Method.java:498)
	at org.junit.runners.model.FrameworkMethod$1.runReflectiveCall(FrameworkMethod.java:47)
	at org.junit.internal.runners.model.ReflectiveCallable.run(ReflectiveCallable.java:12)
	at org.junit.runners.model.FrameworkMethod.invokeExplosively(FrameworkMethod.java:44)
	at org.junit.internal.runners.statements.InvokeMethod.evaluate(InvokeMethod.java:17)
	at org.junit.runners.ParentRunner.runLeaf(ParentRunner.java:271)
	at org.junit.runners.BlockJUnit4ClassRunner.runChild(BlockJUnit4ClassRunner.java:70)
	at org.junit.runners.BlockJUnit4ClassRunner.runChild(BlockJUnit4ClassRunner.java:50)
	at org.junit.runners.ParentRunner$3.run(ParentRunner.java:238)
	at org.junit.runners.ParentRunner$1.schedule(ParentRunner.java:63)
	at org.junit.runners.ParentRunner.runChildren(ParentRunner.java:236)
	at org.junit.runners.ParentRunner.access$000(ParentRunner.java:53)
	at org.junit.runners.ParentRunner$2.evaluate(ParentRunner.java:229)
	at org.junit.internal.runners.statements.RunBefores.evaluate(RunBefores.java:26)
	at org.junit.internal.runners.statements.RunAfters.evaluate(RunAfters.java:27)
	at org.junit.runners.ParentRunner.run(ParentRunner.java:309)
	at org.apache.maven.surefire.junit4.JUnit4Provider.execute(JUnit4Provider.java:365)
	at org.apache.maven.surefire.junit4.JUnit4Provider.executeWithRerun(JUnit4Provider.java:273)
	at org.apache.maven.surefire.junit4.JUnit4Provider.executeTestSet(JUnit4Provider.java:238)
	at org.apache.maven.surefire.junit4.JUnit4Provider.invoke(JUnit4Provider.java:159)
	at org.apache.maven.surefire.booter.ForkedBooter.invokeProviderInSameClassLoader(ForkedBooter.java:384)
	at org.apache.maven.surefire.booter.ForkedBooter.runSuitesInProcess(ForkedBooter.java:345)
	at org.apache.maven.surefire.booter.ForkedBooter.execute(ForkedBooter.java:126)
	at org.apache.maven.surefire.booter.ForkedBooter.main(ForkedBooter.java:418)
]]></failure>
    <system-out><![CDATA[2019-09-12 06:06:29,647 [grpc-default-executor-9] INFO  impl.RaftServerProxy (RaftServerProxy.java:remove(95)) - 63029d58-985e-44b6-b8f1-28f19ea5ad76: remove group-AC406AFA1D55:null
2019-09-12 06:06:29,649 [RatisPipelineUtilsThread] WARN  pipeline.RatisPipelineUtils (RatisPipelineUtils.java:destroyPipeline(66)) - Pipeline destroy failed for pipeline=PipelineID=b4a944af-cbb9-4f34-adc2-ac406afa1d55 dn=63029d58-985e-44b6-b8f1-28f19ea5ad76{ip: 192.168.34.52, host: trunk-nightly-20190912-4gc2t-2068889165, networkLocation: /default-rack, certSerialId: null}
2019-09-12 06:06:29,652 [grpc-default-executor-9] INFO  impl.RaftServerProxy (RaftServerProxy.java:remove(95)) - e419d203-ae84-45b4-a349-326cccf7322d: remove group-AC406AFA1D55:null
2019-09-12 06:06:29,654 [RatisPipelineUtilsThread] WARN  pipeline.RatisPipelineUtils (RatisPipelineUtils.java:destroyPipeline(66)) - Pipeline destroy failed for pipeline=PipelineID=b4a944af-cbb9-4f34-adc2-ac406afa1d55 dn=e419d203-ae84-45b4-a349-326cccf7322d{ip: 192.168.34.52, host: trunk-nightly-20190912-4gc2t-2068889165, networkLocation: /default-rack, certSerialId: null}
2019-09-12 06:06:29,656 [grpc-default-executor-9] INFO  impl.RaftServerProxy (RaftServerProxy.java:remove(95)) - 300524ac-6f40-4001-8852-e3bc017e7a2d: remove group-AC406AFA1D55:null
2019-09-12 06:06:29,659 [RatisPipelineUtilsThread] WARN  pipeline.RatisPipelineUtils (RatisPipelineUtils.java:destroyPipeline(66)) - Pipeline destroy failed for pipeline=PipelineID=b4a944af-cbb9-4f34-adc2-ac406afa1d55 dn=300524ac-6f40-4001-8852-e3bc017e7a2d{ip: 192.168.34.52, host: trunk-nightly-20190912-4gc2t-2068889165, networkLocation: /default-rack, certSerialId: null}
2019-09-12 06:06:29,659 [RatisPipelineUtilsThread] ERROR pipeline.SCMPipelineManager (Scheduler.java:lambda$schedule$1(70)) - Destroy pipeline failed for pipeline:Pipeline[ Id: b4a944af-cbb9-4f34-adc2-ac406afa1d55, Nodes: 63029d58-985e-44b6-b8f1-28f19ea5ad76{ip: 192.168.34.52, host: trunk-nightly-20190912-4gc2t-2068889165, networkLocation: /default-rack, certSerialId: null}e419d203-ae84-45b4-a349-326cccf7322d{ip: 192.168.34.52, host: trunk-nightly-20190912-4gc2t-2068889165, networkLocation: /default-rack, certSerialId: null}300524ac-6f40-4001-8852-e3bc017e7a2d{ip: 192.168.34.52, host: trunk-nightly-20190912-4gc2t-2068889165, networkLocation: /default-rack, certSerialId: null}, Type:RATIS, Factor:THREE, State:CLOSED]
org.apache.hadoop.hdds.scm.pipeline.PipelineNotFoundException: PipelineID=b4a944af-cbb9-4f34-adc2-ac406afa1d55 not found
	at org.apache.hadoop.hdds.scm.pipeline.PipelineStateMap.getPipeline(PipelineStateMap.java:132)
	at org.apache.hadoop.hdds.scm.pipeline.PipelineStateMap.removePipeline(PipelineStateMap.java:322)
	at org.apache.hadoop.hdds.scm.pipeline.PipelineStateManager.removePipeline(PipelineStateManager.java:107)
	at org.apache.hadoop.hdds.scm.pipeline.SCMPipelineManager.removePipeline(SCMPipelineManager.java:423)
	at org.apache.hadoop.hdds.scm.pipeline.SCMPipelineManager.destroyPipeline(SCMPipelineManager.java:409)
	at org.apache.hadoop.hdds.scm.pipeline.SCMPipelineManager.lambda$finalizeAndDestroyPipeline$0(SCMPipelineManager.java:318)
	at org.apache.hadoop.utils.Scheduler.lambda$schedule$1(Scheduler.java:68)
	at java.util.concurrent.Executors$RunnableAdapter.call(Executors.java:511)
	at java.util.concurrent.FutureTask.run(FutureTask.java:266)
	at java.util.concurrent.ScheduledThreadPoolExecutor$ScheduledFutureTask.access$201(ScheduledThreadPoolExecutor.java:180)
	at java.util.concurrent.ScheduledThreadPoolExecutor$ScheduledFutureTask.run(ScheduledThreadPoolExecutor.java:293)
	at java.util.concurrent.ThreadPoolExecutor.runWorker(ThreadPoolExecutor.java:1149)
	at java.util.concurrent.ThreadPoolExecutor$Worker.run(ThreadPoolExecutor.java:624)
	at java.lang.Thread.run(Thread.java:748)
2019-09-12 06:06:31,320 [java.util.concurrent.ThreadPoolExecutor$Worker@16e94c59[State = -1, empty queue]] WARN  server.GrpcLogAppender (GrpcLogAppender.java:timeoutAppendRequest(200)) - df009476-bbf0-43a2-af41-11b5052a445f@group-9B69FF6C6692->1f61edb1-ab55-473c-8774-d83fa3b21acc-GrpcLogAppender: appendEntries Timeout, request=df009476-bbf0-43a2-af41-11b5052a445f->1f61edb1-ab55-473c-8774-d83fa3b21acc#163-t1, previous=(t:1, i:12), leaderCommit=12, initializing? false, entries: size=1, first=(t:1, i:13), STATEMACHINELOGENTRY, client-88DF9C2A5C96, cid=244
2019-09-12 06:06:31,321 [java.util.concurrent.ThreadPoolExecutor$Worker@4d4040a7[State = -1, empty queue]] WARN  server.GrpcLogAppender (GrpcLogAppender.java:timeoutAppendRequest(200)) - df009476-bbf0-43a2-af41-11b5052a445f@group-9B69FF6C6692->8f5ab14e-21d2-479d-9d33-3cad9b590bd0-GrpcLogAppender: appendEntries Timeout, request=df009476-bbf0-43a2-af41-11b5052a445f->8f5ab14e-21d2-479d-9d33-3cad9b590bd0#163-t1, previous=(t:1, i:12), leaderCommit=12, initializing? false, entries: size=1, first=(t:1, i:13), STATEMACHINELOGENTRY, client-88DF9C2A5C96, cid=244
2019-09-12 06:06:31,322 [java.util.concurrent.ThreadPoolExecutor$Worker@16e94c59[State = -1, empty queue]] WARN  server.GrpcLogAppender (GrpcLogAppender.java:timeoutAppendRequest(200)) - df009476-bbf0-43a2-af41-11b5052a445f@group-9B69FF6C6692->1f61edb1-ab55-473c-8774-d83fa3b21acc-GrpcLogAppender: appendEntries Timeout, request=df009476-bbf0-43a2-af41-11b5052a445f->1f61edb1-ab55-473c-8774-d83fa3b21acc#164-t1, previous=(t:1, i:13), leaderCommit=12, initializing? false, entries: size=1, first=(t:1, i:14), STATEMACHINELOGENTRY, client-88DF9C2A5C96, cid=245
2019-09-12 06:06:31,322 [java.util.concurrent.ThreadPoolExecutor$Worker@4d4040a7[State = -1, empty queue]] WARN  server.GrpcLogAppender (GrpcLogAppender.java:timeoutAppendRequest(200)) - df009476-bbf0-43a2-af41-11b5052a445f@group-9B69FF6C6692->8f5ab14e-21d2-479d-9d33-3cad9b590bd0-GrpcLogAppender: appendEntries Timeout, request=df009476-bbf0-43a2-af41-11b5052a445f->8f5ab14e-21d2-479d-9d33-3cad9b590bd0#164-t1, previous=(t:1, i:13), leaderCommit=12, initializing? false, entries: size=1, first=(t:1, i:14), STATEMACHINELOGENTRY, client-88DF9C2A5C96, cid=245
2019-09-12 06:06:31,322 [java.util.concurrent.ThreadPoolExecutor$Worker@4d4040a7[State = -1, empty queue]] WARN  server.GrpcLogAppender (GrpcLogAppender.java:timeoutAppendRequest(200)) - df009476-bbf0-43a2-af41-11b5052a445f@group-9B69FF6C6692->8f5ab14e-21d2-479d-9d33-3cad9b590bd0-GrpcLogAppender: appendEntries Timeout, request=df009476-bbf0-43a2-af41-11b5052a445f->8f5ab14e-21d2-479d-9d33-3cad9b590bd0#165-t1, previous=(t:1, i:14), leaderCommit=12, initializing? false, entries: size=1, first=(t:1, i:15), STATEMACHINELOGENTRY, client-88DF9C2A5C96, cid=246
2019-09-12 06:06:31,322 [java.util.concurrent.ThreadPoolExecutor$Worker@16e94c59[State = -1, empty queue]] WARN  server.GrpcLogAppender (GrpcLogAppender.java:timeoutAppendRequest(200)) - df009476-bbf0-43a2-af41-11b5052a445f@group-9B69FF6C6692->1f61edb1-ab55-473c-8774-d83fa3b21acc-GrpcLogAppender: appendEntries Timeout, request=df009476-bbf0-43a2-af41-11b5052a445f->1f61edb1-ab55-473c-8774-d83fa3b21acc#165-t1, previous=(t:1, i:14), leaderCommit=12, initializing? false, entries: size=1, first=(t:1, i:15), STATEMACHINELOGENTRY, client-88DF9C2A5C96, cid=246
2019-09-12 06:06:31,324 [java.util.concurrent.ThreadPoolExecutor$Worker@4d4040a7[State = -1, empty queue]] WARN  server.GrpcLogAppender (GrpcLogAppender.java:timeoutAppendRequest(200)) - df009476-bbf0-43a2-af41-11b5052a445f@group-9B69FF6C6692->8f5ab14e-21d2-479d-9d33-3cad9b590bd0-GrpcLogAppender: appendEntries Timeout, request=df009476-bbf0-43a2-af41-11b5052a445f->8f5ab14e-21d2-479d-9d33-3cad9b590bd0#166-t1, previous=(t:1, i:15), leaderCommit=12, initializing? false, entries: size=1, first=(t:1, i:16), STATEMACHINELOGENTRY, client-88DF9C2A5C96, cid=247
2019-09-12 06:06:31,324 [java.util.concurrent.ThreadPoolExecutor$Worker@16e94c59[State = -1, empty queue]] WARN  server.GrpcLogAppender (GrpcLogAppender.java:timeoutAppendRequest(200)) - df009476-bbf0-43a2-af41-11b5052a445f@group-9B69FF6C6692->1f61edb1-ab55-473c-8774-d83fa3b21acc-GrpcLogAppender: appendEntries Timeout, request=df009476-bbf0-43a2-af41-11b5052a445f->1f61edb1-ab55-473c-8774-d83fa3b21acc#166-t1, previous=(t:1, i:15), leaderCommit=12, initializing? false, entries: size=1, first=(t:1, i:16), STATEMACHINELOGENTRY, client-88DF9C2A5C96, cid=247
2019-09-12 06:06:31,325 [java.util.concurrent.ThreadPoolExecutor$Worker@16e94c59[State = -1, empty queue]] WARN  server.GrpcLogAppender (GrpcLogAppender.java:timeoutAppendRequest(200)) - df009476-bbf0-43a2-af41-11b5052a445f@group-9B69FF6C6692->1f61edb1-ab55-473c-8774-d83fa3b21acc-GrpcLogAppender: appendEntries Timeout, request=df009476-bbf0-43a2-af41-11b5052a445f->1f61edb1-ab55-473c-8774-d83fa3b21acc#167-t1, previous=(t:1, i:16), leaderCommit=12, initializing? false, entries: size=1, first=(t:1, i:17), STATEMACHINELOGENTRY, client-88DF9C2A5C96, cid=248
2019-09-12 06:06:31,325 [java.util.concurrent.ThreadPoolExecutor$Worker@4d4040a7[State = -1, empty queue]] WARN  server.GrpcLogAppender (GrpcLogAppender.java:timeoutAppendRequest(200)) - df009476-bbf0-43a2-af41-11b5052a445f@group-9B69FF6C6692->8f5ab14e-21d2-479d-9d33-3cad9b590bd0-GrpcLogAppender: appendEntries Timeout, request=df009476-bbf0-43a2-af41-11b5052a445f->8f5ab14e-21d2-479d-9d33-3cad9b590bd0#167-t1, previous=(t:1, i:16), leaderCommit=12, initializing? false, entries: size=1, first=(t:1, i:17), STATEMACHINELOGENTRY, client-88DF9C2A5C96, cid=248
2019-09-12 06:06:31,326 [java.util.concurrent.ThreadPoolExecutor$Worker@16e94c59[State = -1, empty queue]] WARN  server.GrpcLogAppender (GrpcLogAppender.java:timeoutAppendRequest(200)) - df009476-bbf0-43a2-af41-11b5052a445f@group-9B69FF6C6692->1f61edb1-ab55-473c-8774-d83fa3b21acc-GrpcLogAppender: appendEntries Timeout, request=df009476-bbf0-43a2-af41-11b5052a445f->1f61edb1-ab55-473c-8774-d83fa3b21acc#168-t1, previous=(t:1, i:17), leaderCommit=12, initializing? false, entries: size=1, first=(t:1, i:18), STATEMACHINELOGENTRY, client-88DF9C2A5C96, cid=249
2019-09-12 06:06:31,326 [java.util.concurrent.ThreadPoolExecutor$Worker@4d4040a7[State = -1, empty queue]] WARN  server.GrpcLogAppender (GrpcLogAppender.java:timeoutAppendRequest(200)) - df009476-bbf0-43a2-af41-11b5052a445f@group-9B69FF6C6692->8f5ab14e-21d2-479d-9d33-3cad9b590bd0-GrpcLogAppender: appendEntries Timeout, request=df009476-bbf0-43a2-af41-11b5052a445f->8f5ab14e-21d2-479d-9d33-3cad9b590bd0#168-t1, previous=(t:1, i:17), leaderCommit=12, initializing? false, entries: size=1, first=(t:1, i:18), STATEMACHINELOGENTRY, client-88DF9C2A5C96, cid=249
2019-09-12 06:06:31,650 [grpc-default-executor-9] INFO  impl.RaftServerProxy (RaftServerProxy.java:remove(95)) - 63029d58-985e-44b6-b8f1-28f19ea5ad76: remove group-AC406AFA1D55:null
2019-09-12 06:06:31,653 [RatisPipelineUtilsThread] WARN  pipeline.RatisPipelineUtils (RatisPipelineUtils.java:destroyPipeline(66)) - Pipeline destroy failed for pipeline=PipelineID=b4a944af-cbb9-4f34-adc2-ac406afa1d55 dn=63029d58-985e-44b6-b8f1-28f19ea5ad76{ip: 192.168.34.52, host: trunk-nightly-20190912-4gc2t-2068889165, networkLocation: /default-rack, certSerialId: null}
2019-09-12 06:06:31,656 [grpc-default-executor-9] INFO  impl.RaftServerProxy (RaftServerProxy.java:remove(95)) - e419d203-ae84-45b4-a349-326cccf7322d: remove group-AC406AFA1D55:null
2019-09-12 06:06:31,658 [RatisPipelineUtilsThread] WARN  pipeline.RatisPipelineUtils (RatisPipelineUtils.java:destroyPipeline(66)) - Pipeline destroy failed for pipeline=PipelineID=b4a944af-cbb9-4f34-adc2-ac406afa1d55 dn=e419d203-ae84-45b4-a349-326cccf7322d{ip: 192.168.34.52, host: trunk-nightly-20190912-4gc2t-2068889165, networkLocation: /default-rack, certSerialId: null}
2019-09-12 06:06:31,661 [grpc-default-executor-9] INFO  impl.RaftServerProxy (RaftServerProxy.java:remove(95)) - 300524ac-6f40-4001-8852-e3bc017e7a2d: remove group-AC406AFA1D55:null
2019-09-12 06:06:31,662 [RatisPipelineUtilsThread] WARN  pipeline.RatisPipelineUtils (RatisPipelineUtils.java:destroyPipeline(66)) - Pipeline destroy failed for pipeline=PipelineID=b4a944af-cbb9-4f34-adc2-ac406afa1d55 dn=300524ac-6f40-4001-8852-e3bc017e7a2d{ip: 192.168.34.52, host: trunk-nightly-20190912-4gc2t-2068889165, networkLocation: /default-rack, certSerialId: null}
2019-09-12 06:06:31,663 [RatisPipelineUtilsThread] ERROR pipeline.SCMPipelineManager (Scheduler.java:lambda$schedule$1(70)) - Destroy pipeline failed for pipeline:Pipeline[ Id: b4a944af-cbb9-4f34-adc2-ac406afa1d55, Nodes: 63029d58-985e-44b6-b8f1-28f19ea5ad76{ip: 192.168.34.52, host: trunk-nightly-20190912-4gc2t-2068889165, networkLocation: /default-rack, certSerialId: null}e419d203-ae84-45b4-a349-326cccf7322d{ip: 192.168.34.52, host: trunk-nightly-20190912-4gc2t-2068889165, networkLocation: /default-rack, certSerialId: null}300524ac-6f40-4001-8852-e3bc017e7a2d{ip: 192.168.34.52, host: trunk-nightly-20190912-4gc2t-2068889165, networkLocation: /default-rack, certSerialId: null}, Type:RATIS, Factor:THREE, State:CLOSED]
org.apache.hadoop.hdds.scm.pipeline.PipelineNotFoundException: PipelineID=b4a944af-cbb9-4f34-adc2-ac406afa1d55 not found
	at org.apache.hadoop.hdds.scm.pipeline.PipelineStateMap.getPipeline(PipelineStateMap.java:132)
	at org.apache.hadoop.hdds.scm.pipeline.PipelineStateMap.removePipeline(PipelineStateMap.java:322)
	at org.apache.hadoop.hdds.scm.pipeline.PipelineStateManager.removePipeline(PipelineStateManager.java:107)
	at org.apache.hadoop.hdds.scm.pipeline.SCMPipelineManager.removePipeline(SCMPipelineManager.java:423)
	at org.apache.hadoop.hdds.scm.pipeline.SCMPipelineManager.destroyPipeline(SCMPipelineManager.java:409)
	at org.apache.hadoop.hdds.scm.pipeline.SCMPipelineManager.lambda$finalizeAndDestroyPipeline$0(SCMPipelineManager.java:318)
	at org.apache.hadoop.utils.Scheduler.lambda$schedule$1(Scheduler.java:68)
	at java.util.concurrent.Executors$RunnableAdapter.call(Executors.java:511)
	at java.util.concurrent.FutureTask.run(FutureTask.java:266)
	at java.util.concurrent.ScheduledThreadPoolExecutor$ScheduledFutureTask.access$201(ScheduledThreadPoolExecutor.java:180)
	at java.util.concurrent.ScheduledThreadPoolExecutor$ScheduledFutureTask.run(ScheduledThreadPoolExecutor.java:293)
	at java.util.concurrent.ThreadPoolExecutor.runWorker(ThreadPoolExecutor.java:1149)
	at java.util.concurrent.ThreadPoolExecutor$Worker.run(ThreadPoolExecutor.java:624)
	at java.lang.Thread.run(Thread.java:748)
2019-09-12 06:06:33,351 [grpc-default-executor-9] INFO  client.GrpcClientProtocolClient (GrpcClientProtocolClient.java:onNext(264)) - client-88DF9C2A5C96->8f5ab14e-21d2-479d-9d33-3cad9b590bd0: receive RaftClientReply:client-88DF9C2A5C96->8f5ab14e-21d2-479d-9d33-3cad9b590bd0@group-9B69FF6C6692, cid=244, FAILED org.apache.ratis.protocol.NotLeaderException: Server 8f5ab14e-21d2-479d-9d33-3cad9b590bd0@group-9B69FF6C6692 is not the leader df009476-bbf0-43a2-af41-11b5052a445f:192.168.34.52:35732, logIndex=0, commits[8f5ab14e-21d2-479d-9d33-3cad9b590bd0:c12, 1f61edb1-ab55-473c-8774-d83fa3b21acc:c12, df009476-bbf0-43a2-af41-11b5052a445f:c12]
2019-09-12 06:06:33,826 [java.util.concurrent.ThreadPoolExecutor$Worker@16e94c59[State = -1, empty queue]] WARN  server.GrpcLogAppender (GrpcLogAppender.java:timeoutAppendRequest(200)) - df009476-bbf0-43a2-af41-11b5052a445f@group-9B69FF6C6692->1f61edb1-ab55-473c-8774-d83fa3b21acc-GrpcLogAppender: appendEntries Timeout, request=df009476-bbf0-43a2-af41-11b5052a445f->1f61edb1-ab55-473c-8774-d83fa3b21acc#169-t1, previous=(t:1, i:18), leaderCommit=12, initializing? false, entries: <empty>
2019-09-12 06:06:33,826 [java.util.concurrent.ThreadPoolExecutor$Worker@4d4040a7[State = -1, empty queue]] WARN  server.GrpcLogAppender (GrpcLogAppender.java:timeoutAppendRequest(200)) - df009476-bbf0-43a2-af41-11b5052a445f@group-9B69FF6C6692->8f5ab14e-21d2-479d-9d33-3cad9b590bd0-GrpcLogAppender: appendEntries Timeout, request=df009476-bbf0-43a2-af41-11b5052a445f->8f5ab14e-21d2-479d-9d33-3cad9b590bd0#169-t1, previous=(t:1, i:18), leaderCommit=12, initializing? false, entries: <empty>
2019-09-12 06:06:34,649 [grpc-default-executor-1] INFO  impl.RaftServerProxy (RaftServerProxy.java:remove(95)) - 63029d58-985e-44b6-b8f1-28f19ea5ad76: remove group-AC406AFA1D55:null
2019-09-12 06:06:34,652 [RatisPipelineUtilsThread] WARN  pipeline.RatisPipelineUtils (RatisPipelineUtils.java:destroyPipeline(66)) - Pipeline destroy failed for pipeline=PipelineID=b4a944af-cbb9-4f34-adc2-ac406afa1d55 dn=63029d58-985e-44b6-b8f1-28f19ea5ad76{ip: 192.168.34.52, host: trunk-nightly-20190912-4gc2t-2068889165, networkLocation: /default-rack, certSerialId: null}
2019-09-12 06:06:34,655 [grpc-default-executor-1] INFO  impl.RaftServerProxy (RaftServerProxy.java:remove(95)) - e419d203-ae84-45b4-a349-326cccf7322d: remove group-AC406AFA1D55:null
2019-09-12 06:06:34,657 [RatisPipelineUtilsThread] WARN  pipeline.RatisPipelineUtils (RatisPipelineUtils.java:destroyPipeline(66)) - Pipeline destroy failed for pipeline=PipelineID=b4a944af-cbb9-4f34-adc2-ac406afa1d55 dn=e419d203-ae84-45b4-a349-326cccf7322d{ip: 192.168.34.52, host: trunk-nightly-20190912-4gc2t-2068889165, networkLocation: /default-rack, certSerialId: null}
2019-09-12 06:06:34,660 [grpc-default-executor-1] INFO  impl.RaftServerProxy (RaftServerProxy.java:remove(95)) - 300524ac-6f40-4001-8852-e3bc017e7a2d: remove group-AC406AFA1D55:null
2019-09-12 06:06:34,662 [RatisPipelineUtilsThread] WARN  pipeline.RatisPipelineUtils (RatisPipelineUtils.java:destroyPipeline(66)) - Pipeline destroy failed for pipeline=PipelineID=b4a944af-cbb9-4f34-adc2-ac406afa1d55 dn=300524ac-6f40-4001-8852-e3bc017e7a2d{ip: 192.168.34.52, host: trunk-nightly-20190912-4gc2t-2068889165, networkLocation: /default-rack, certSerialId: null}
2019-09-12 06:06:34,663 [RatisPipelineUtilsThread] ERROR pipeline.SCMPipelineManager (Scheduler.java:lambda$schedule$1(70)) - Destroy pipeline failed for pipeline:Pipeline[ Id: b4a944af-cbb9-4f34-adc2-ac406afa1d55, Nodes: 63029d58-985e-44b6-b8f1-28f19ea5ad76{ip: 192.168.34.52, host: trunk-nightly-20190912-4gc2t-2068889165, networkLocation: /default-rack, certSerialId: null}e419d203-ae84-45b4-a349-326cccf7322d{ip: 192.168.34.52, host: trunk-nightly-20190912-4gc2t-2068889165, networkLocation: /default-rack, certSerialId: null}300524ac-6f40-4001-8852-e3bc017e7a2d{ip: 192.168.34.52, host: trunk-nightly-20190912-4gc2t-2068889165, networkLocation: /default-rack, certSerialId: null}, Type:RATIS, Factor:THREE, State:CLOSED]
org.apache.hadoop.hdds.scm.pipeline.PipelineNotFoundException: PipelineID=b4a944af-cbb9-4f34-adc2-ac406afa1d55 not found
	at org.apache.hadoop.hdds.scm.pipeline.PipelineStateMap.getPipeline(PipelineStateMap.java:132)
	at org.apache.hadoop.hdds.scm.pipeline.PipelineStateMap.removePipeline(PipelineStateMap.java:322)
	at org.apache.hadoop.hdds.scm.pipeline.PipelineStateManager.removePipeline(PipelineStateManager.java:107)
	at org.apache.hadoop.hdds.scm.pipeline.SCMPipelineManager.removePipeline(SCMPipelineManager.java:423)
	at org.apache.hadoop.hdds.scm.pipeline.SCMPipelineManager.destroyPipeline(SCMPipelineManager.java:409)
	at org.apache.hadoop.hdds.scm.pipeline.SCMPipelineManager.lambda$finalizeAndDestroyPipeline$0(SCMPipelineManager.java:318)
	at org.apache.hadoop.utils.Scheduler.lambda$schedule$1(Scheduler.java:68)
	at java.util.concurrent.Executors$RunnableAdapter.call(Executors.java:511)
	at java.util.concurrent.FutureTask.run(FutureTask.java:266)
	at java.util.concurrent.ScheduledThreadPoolExecutor$ScheduledFutureTask.access$201(ScheduledThreadPoolExecutor.java:180)
	at java.util.concurrent.ScheduledThreadPoolExecutor$ScheduledFutureTask.run(ScheduledThreadPoolExecutor.java:293)
	at java.util.concurrent.ThreadPoolExecutor.runWorker(ThreadPoolExecutor.java:1149)
	at java.util.concurrent.ThreadPoolExecutor$Worker.run(ThreadPoolExecutor.java:624)
	at java.lang.Thread.run(Thread.java:748)
2019-09-12 06:06:36,326 [java.util.concurrent.ThreadPoolExecutor$Worker@4d4040a7[State = -1, empty queue]] WARN  server.GrpcLogAppender (GrpcLogAppender.java:timeoutAppendRequest(200)) - df009476-bbf0-43a2-af41-11b5052a445f@group-9B69FF6C6692->8f5ab14e-21d2-479d-9d33-3cad9b590bd0-GrpcLogAppender: appendEntries Timeout, request=df009476-bbf0-43a2-af41-11b5052a445f->8f5ab14e-21d2-479d-9d33-3cad9b590bd0#170-t1, previous=(t:1, i:18), leaderCommit=12, initializing? false, entries: <empty>
2019-09-12 06:06:36,326 [java.util.concurrent.ThreadPoolExecutor$Worker@16e94c59[State = -1, empty queue]] WARN  server.GrpcLogAppender (GrpcLogAppender.java:timeoutAppendRequest(200)) - df009476-bbf0-43a2-af41-11b5052a445f@group-9B69FF6C6692->1f61edb1-ab55-473c-8774-d83fa3b21acc-GrpcLogAppender: appendEntries Timeout, request=df009476-bbf0-43a2-af41-11b5052a445f->1f61edb1-ab55-473c-8774-d83fa3b21acc#170-t1, previous=(t:1, i:18), leaderCommit=12, initializing? false, entries: <empty>
2019-09-12 06:06:36,651 [grpc-default-executor-9] INFO  impl.RaftServerProxy (RaftServerProxy.java:remove(95)) - 63029d58-985e-44b6-b8f1-28f19ea5ad76: remove group-AC406AFA1D55:null
2019-09-12 06:06:36,655 [RatisPipelineUtilsThread] WARN  pipeline.RatisPipelineUtils (RatisPipelineUtils.java:destroyPipeline(66)) - Pipeline destroy failed for pipeline=PipelineID=b4a944af-cbb9-4f34-adc2-ac406afa1d55 dn=63029d58-985e-44b6-b8f1-28f19ea5ad76{ip: 192.168.34.52, host: trunk-nightly-20190912-4gc2t-2068889165, networkLocation: /default-rack, certSerialId: null}
2019-09-12 06:06:36,657 [grpc-default-executor-9] INFO  impl.RaftServerProxy (RaftServerProxy.java:remove(95)) - e419d203-ae84-45b4-a349-326cccf7322d: remove group-AC406AFA1D55:null
2019-09-12 06:06:36,660 [RatisPipelineUtilsThread] WARN  pipeline.RatisPipelineUtils (RatisPipelineUtils.java:destroyPipeline(66)) - Pipeline destroy failed for pipeline=PipelineID=b4a944af-cbb9-4f34-adc2-ac406afa1d55 dn=e419d203-ae84-45b4-a349-326cccf7322d{ip: 192.168.34.52, host: trunk-nightly-20190912-4gc2t-2068889165, networkLocation: /default-rack, certSerialId: null}
2019-09-12 06:06:36,662 [grpc-default-executor-9] INFO  impl.RaftServerProxy (RaftServerProxy.java:remove(95)) - 300524ac-6f40-4001-8852-e3bc017e7a2d: remove group-AC406AFA1D55:null
2019-09-12 06:06:36,664 [RatisPipelineUtilsThread] WARN  pipeline.RatisPipelineUtils (RatisPipelineUtils.java:destroyPipeline(66)) - Pipeline destroy failed for pipeline=PipelineID=b4a944af-cbb9-4f34-adc2-ac406afa1d55 dn=300524ac-6f40-4001-8852-e3bc017e7a2d{ip: 192.168.34.52, host: trunk-nightly-20190912-4gc2t-2068889165, networkLocation: /default-rack, certSerialId: null}
2019-09-12 06:06:36,665 [RatisPipelineUtilsThread] ERROR pipeline.SCMPipelineManager (Scheduler.java:lambda$schedule$1(70)) - Destroy pipeline failed for pipeline:Pipeline[ Id: b4a944af-cbb9-4f34-adc2-ac406afa1d55, Nodes: 63029d58-985e-44b6-b8f1-28f19ea5ad76{ip: 192.168.34.52, host: trunk-nightly-20190912-4gc2t-2068889165, networkLocation: /default-rack, certSerialId: null}e419d203-ae84-45b4-a349-326cccf7322d{ip: 192.168.34.52, host: trunk-nightly-20190912-4gc2t-2068889165, networkLocation: /default-rack, certSerialId: null}300524ac-6f40-4001-8852-e3bc017e7a2d{ip: 192.168.34.52, host: trunk-nightly-20190912-4gc2t-2068889165, networkLocation: /default-rack, certSerialId: null}, Type:RATIS, Factor:THREE, State:CLOSED]
org.apache.hadoop.hdds.scm.pipeline.PipelineNotFoundException: PipelineID=b4a944af-cbb9-4f34-adc2-ac406afa1d55 not found
	at org.apache.hadoop.hdds.scm.pipeline.PipelineStateMap.getPipeline(PipelineStateMap.java:132)
	at org.apache.hadoop.hdds.scm.pipeline.PipelineStateMap.removePipeline(PipelineStateMap.java:322)
	at org.apache.hadoop.hdds.scm.pipeline.PipelineStateManager.removePipeline(PipelineStateManager.java:107)
	at org.apache.hadoop.hdds.scm.pipeline.SCMPipelineManager.removePipeline(SCMPipelineManager.java:423)
	at org.apache.hadoop.hdds.scm.pipeline.SCMPipelineManager.destroyPipeline(SCMPipelineManager.java:409)
	at org.apache.hadoop.hdds.scm.pipeline.SCMPipelineManager.lambda$finalizeAndDestroyPipeline$0(SCMPipelineManager.java:318)
	at org.apache.hadoop.utils.Scheduler.lambda$schedule$1(Scheduler.java:68)
	at java.util.concurrent.Executors$RunnableAdapter.call(Executors.java:511)
	at java.util.concurrent.FutureTask.run(FutureTask.java:266)
	at java.util.concurrent.ScheduledThreadPoolExecutor$ScheduledFutureTask.access$201(ScheduledThreadPoolExecutor.java:180)
	at java.util.concurrent.ScheduledThreadPoolExecutor$ScheduledFutureTask.run(ScheduledThreadPoolExecutor.java:293)
	at java.util.concurrent.ThreadPoolExecutor.runWorker(ThreadPoolExecutor.java:1149)
	at java.util.concurrent.ThreadPoolExecutor$Worker.run(ThreadPoolExecutor.java:624)
	at java.lang.Thread.run(Thread.java:748)
2019-09-12 06:06:38,321 [df009476-bbf0-43a2-af41-11b5052a445f@group-9B69FF6C6692-SegmentedRaftLogWorker] WARN  segmented.SegmentedRaftLogWorker (SegmentedRaftLogWorker.java:getFromFuture(90)) - Timeout 0/~
org.apache.ratis.protocol.TimeoutIOException: Timeout 10s: WriteLog:13: (t:1, i:13), STATEMACHINELOGENTRY, client-88DF9C2A5C96, cid=244-writeStateMachineData
	at org.apache.ratis.util.IOUtils.getFromFuture(IOUtils.java:87)
	at org.apache.ratis.server.raftlog.segmented.SegmentedRaftLogWorker$StateMachineDataPolicy.getFromFuture(SegmentedRaftLogWorker.java:87)
	at org.apache.ratis.server.raftlog.segmented.SegmentedRaftLogWorker$WriteLog.execute(SegmentedRaftLogWorker.java:477)
	at org.apache.ratis.server.raftlog.segmented.SegmentedRaftLogWorker.run(SegmentedRaftLogWorker.java:289)
	at java.lang.Thread.run(Thread.java:748)
Caused by: java.util.concurrent.TimeoutException
	at java.util.concurrent.CompletableFuture.timedGet(CompletableFuture.java:1771)
	at java.util.concurrent.CompletableFuture.get(CompletableFuture.java:1915)
	at org.apache.ratis.util.IOUtils.getFromFuture(IOUtils.java:79)
	... 4 more
2019-09-12 06:06:38,321 [1f61edb1-ab55-473c-8774-d83fa3b21acc@group-9B69FF6C6692-SegmentedRaftLogWorker] WARN  segmented.SegmentedRaftLogWorker (SegmentedRaftLogWorker.java:getFromFuture(90)) - Timeout 0/~
org.apache.ratis.protocol.TimeoutIOException: Timeout 10s: WriteLog:13: (t:1, i:13), STATEMACHINELOGENTRY, client-88DF9C2A5C96, cid=244-writeStateMachineData
	at org.apache.ratis.util.IOUtils.getFromFuture(IOUtils.java:87)
	at org.apache.ratis.server.raftlog.segmented.SegmentedRaftLogWorker$StateMachineDataPolicy.getFromFuture(SegmentedRaftLogWorker.java:87)
	at org.apache.ratis.server.raftlog.segmented.SegmentedRaftLogWorker$WriteLog.execute(SegmentedRaftLogWorker.java:477)
	at org.apache.ratis.server.raftlog.segmented.SegmentedRaftLogWorker.run(SegmentedRaftLogWorker.java:289)
	at java.lang.Thread.run(Thread.java:748)
Caused by: java.util.concurrent.TimeoutException
	at java.util.concurrent.CompletableFuture.timedGet(CompletableFuture.java:1771)
	at java.util.concurrent.CompletableFuture.get(CompletableFuture.java:1915)
	at org.apache.ratis.util.IOUtils.getFromFuture(IOUtils.java:79)
	... 4 more
2019-09-12 06:06:38,321 [8f5ab14e-21d2-479d-9d33-3cad9b590bd0@group-9B69FF6C6692-SegmentedRaftLogWorker] WARN  segmented.SegmentedRaftLogWorker (SegmentedRaftLogWorker.java:getFromFuture(90)) - Timeout 0/~
org.apache.ratis.protocol.TimeoutIOException: Timeout 10s: WriteLog:13: (t:1, i:13), STATEMACHINELOGENTRY, client-88DF9C2A5C96, cid=244-writeStateMachineData
	at org.apache.ratis.util.IOUtils.getFromFuture(IOUtils.java:87)
	at org.apache.ratis.server.raftlog.segmented.SegmentedRaftLogWorker$StateMachineDataPolicy.getFromFuture(SegmentedRaftLogWorker.java:87)
	at org.apache.ratis.server.raftlog.segmented.SegmentedRaftLogWorker$WriteLog.execute(SegmentedRaftLogWorker.java:477)
	at org.apache.ratis.server.raftlog.segmented.SegmentedRaftLogWorker.run(SegmentedRaftLogWorker.java:289)
	at java.lang.Thread.run(Thread.java:748)
Caused by: java.util.concurrent.TimeoutException
	at java.util.concurrent.CompletableFuture.timedGet(CompletableFuture.java:1771)
	at java.util.concurrent.CompletableFuture.get(CompletableFuture.java:1915)
	at org.apache.ratis.util.IOUtils.getFromFuture(IOUtils.java:79)
	... 4 more
2019-09-12 06:06:38,394 [grpc-default-executor-1] INFO  client.GrpcClientProtocolClient (GrpcClientProtocolClient.java:onNext(264)) - client-88DF9C2A5C96->8f5ab14e-21d2-479d-9d33-3cad9b590bd0: receive RaftClientReply:client-88DF9C2A5C96->8f5ab14e-21d2-479d-9d33-3cad9b590bd0@group-9B69FF6C6692, cid=244, FAILED org.apache.ratis.protocol.NotLeaderException: Server 8f5ab14e-21d2-479d-9d33-3cad9b590bd0@group-9B69FF6C6692 is not the leader df009476-bbf0-43a2-af41-11b5052a445f:192.168.34.52:35732, logIndex=0, commits[8f5ab14e-21d2-479d-9d33-3cad9b590bd0:c12, 1f61edb1-ab55-473c-8774-d83fa3b21acc:c12, df009476-bbf0-43a2-af41-11b5052a445f:c12]
2019-09-12 06:06:38,827 [java.util.concurrent.ThreadPoolExecutor$Worker@16e94c59[State = -1, empty queue]] WARN  server.GrpcLogAppender (GrpcLogAppender.java:timeoutAppendRequest(200)) - df009476-bbf0-43a2-af41-11b5052a445f@group-9B69FF6C6692->1f61edb1-ab55-473c-8774-d83fa3b21acc-GrpcLogAppender: appendEntries Timeout, request=df009476-bbf0-43a2-af41-11b5052a445f->1f61edb1-ab55-473c-8774-d83fa3b21acc#171-t1, previous=(t:1, i:18), leaderCommit=12, initializing? false, entries: <empty>
2019-09-12 06:06:38,827 [java.util.concurrent.ThreadPoolExecutor$Worker@4d4040a7[State = -1, empty queue]] WARN  server.GrpcLogAppender (GrpcLogAppender.java:timeoutAppendRequest(200)) - df009476-bbf0-43a2-af41-11b5052a445f@group-9B69FF6C6692->8f5ab14e-21d2-479d-9d33-3cad9b590bd0-GrpcLogAppender: appendEntries Timeout, request=df009476-bbf0-43a2-af41-11b5052a445f->8f5ab14e-21d2-479d-9d33-3cad9b590bd0#171-t1, previous=(t:1, i:18), leaderCommit=12, initializing? false, entries: <empty>
2019-09-12 06:06:39,651 [grpc-default-executor-9] INFO  impl.RaftServerProxy (RaftServerProxy.java:remove(95)) - 63029d58-985e-44b6-b8f1-28f19ea5ad76: remove group-AC406AFA1D55:null
2019-09-12 06:06:39,656 [RatisPipelineUtilsThread] WARN  pipeline.RatisPipelineUtils (RatisPipelineUtils.java:destroyPipeline(66)) - Pipeline destroy failed for pipeline=PipelineID=b4a944af-cbb9-4f34-adc2-ac406afa1d55 dn=63029d58-985e-44b6-b8f1-28f19ea5ad76{ip: 192.168.34.52, host: trunk-nightly-20190912-4gc2t-2068889165, networkLocation: /default-rack, certSerialId: null}
2019-09-12 06:06:39,660 [grpc-default-executor-9] INFO  impl.RaftServerProxy (RaftServerProxy.java:remove(95)) - e419d203-ae84-45b4-a349-326cccf7322d: remove group-AC406AFA1D55:null
2019-09-12 06:06:39,662 [RatisPipelineUtilsThread] WARN  pipeline.RatisPipelineUtils (RatisPipelineUtils.java:destroyPipeline(66)) - Pipeline destroy failed for pipeline=PipelineID=b4a944af-cbb9-4f34-adc2-ac406afa1d55 dn=e419d203-ae84-45b4-a349-326cccf7322d{ip: 192.168.34.52, host: trunk-nightly-20190912-4gc2t-2068889165, networkLocation: /default-rack, certSerialId: null}
2019-09-12 06:06:39,664 [grpc-default-executor-9] INFO  impl.RaftServerProxy (RaftServerProxy.java:remove(95)) - 300524ac-6f40-4001-8852-e3bc017e7a2d: remove group-AC406AFA1D55:null
2019-09-12 06:06:39,665 [RatisPipelineUtilsThread] WARN  pipeline.RatisPipelineUtils (RatisPipelineUtils.java:destroyPipeline(66)) - Pipeline destroy failed for pipeline=PipelineID=b4a944af-cbb9-4f34-adc2-ac406afa1d55 dn=300524ac-6f40-4001-8852-e3bc017e7a2d{ip: 192.168.34.52, host: trunk-nightly-20190912-4gc2t-2068889165, networkLocation: /default-rack, certSerialId: null}
2019-09-12 06:06:39,665 [RatisPipelineUtilsThread] ERROR pipeline.SCMPipelineManager (Scheduler.java:lambda$schedule$1(70)) - Destroy pipeline failed for pipeline:Pipeline[ Id: b4a944af-cbb9-4f34-adc2-ac406afa1d55, Nodes: 63029d58-985e-44b6-b8f1-28f19ea5ad76{ip: 192.168.34.52, host: trunk-nightly-20190912-4gc2t-2068889165, networkLocation: /default-rack, certSerialId: null}e419d203-ae84-45b4-a349-326cccf7322d{ip: 192.168.34.52, host: trunk-nightly-20190912-4gc2t-2068889165, networkLocation: /default-rack, certSerialId: null}300524ac-6f40-4001-8852-e3bc017e7a2d{ip: 192.168.34.52, host: trunk-nightly-20190912-4gc2t-2068889165, networkLocation: /default-rack, certSerialId: null}, Type:RATIS, Factor:THREE, State:CLOSED]
org.apache.hadoop.hdds.scm.pipeline.PipelineNotFoundException: PipelineID=b4a944af-cbb9-4f34-adc2-ac406afa1d55 not found
	at org.apache.hadoop.hdds.scm.pipeline.PipelineStateMap.getPipeline(PipelineStateMap.java:132)
	at org.apache.hadoop.hdds.scm.pipeline.PipelineStateMap.removePipeline(PipelineStateMap.java:322)
	at org.apache.hadoop.hdds.scm.pipeline.PipelineStateManager.removePipeline(PipelineStateManager.java:107)
	at org.apache.hadoop.hdds.scm.pipeline.SCMPipelineManager.removePipeline(SCMPipelineManager.java:423)
	at org.apache.hadoop.hdds.scm.pipeline.SCMPipelineManager.destroyPipeline(SCMPipelineManager.java:409)
	at org.apache.hadoop.hdds.scm.pipeline.SCMPipelineManager.lambda$finalizeAndDestroyPipeline$0(SCMPipelineManager.java:318)
	at org.apache.hadoop.utils.Scheduler.lambda$schedule$1(Scheduler.java:68)
	at java.util.concurrent.Executors$RunnableAdapter.call(Executors.java:511)
	at java.util.concurrent.FutureTask.run(FutureTask.java:266)
	at java.util.concurrent.ScheduledThreadPoolExecutor$ScheduledFutureTask.access$201(ScheduledThreadPoolExecutor.java:180)
	at java.util.concurrent.ScheduledThreadPoolExecutor$ScheduledFutureTask.run(ScheduledThreadPoolExecutor.java:293)
	at java.util.concurrent.ThreadPoolExecutor.runWorker(ThreadPoolExecutor.java:1149)
	at java.util.concurrent.ThreadPoolExecutor$Worker.run(ThreadPoolExecutor.java:624)
	at java.lang.Thread.run(Thread.java:748)
2019-09-12 06:06:41,327 [java.util.concurrent.ThreadPoolExecutor$Worker@4d4040a7[State = -1, empty queue]] WARN  server.GrpcLogAppender (GrpcLogAppender.java:timeoutAppendRequest(200)) - df009476-bbf0-43a2-af41-11b5052a445f@group-9B69FF6C6692->8f5ab14e-21d2-479d-9d33-3cad9b590bd0-GrpcLogAppender: appendEntries Timeout, request=df009476-bbf0-43a2-af41-11b5052a445f->8f5ab14e-21d2-479d-9d33-3cad9b590bd0#172-t1, previous=(t:1, i:18), leaderCommit=12, initializing? false, entries: <empty>
2019-09-12 06:06:41,327 [java.util.concurrent.ThreadPoolExecutor$Worker@16e94c59[State = -1, empty queue]] WARN  server.GrpcLogAppender (GrpcLogAppender.java:timeoutAppendRequest(200)) - df009476-bbf0-43a2-af41-11b5052a445f@group-9B69FF6C6692->1f61edb1-ab55-473c-8774-d83fa3b21acc-GrpcLogAppender: appendEntries Timeout, request=df009476-bbf0-43a2-af41-11b5052a445f->1f61edb1-ab55-473c-8774-d83fa3b21acc#172-t1, previous=(t:1, i:18), leaderCommit=12, initializing? false, entries: <empty>
2019-09-12 06:06:41,651 [grpc-default-executor-1] INFO  impl.RaftServerProxy (RaftServerProxy.java:remove(95)) - 63029d58-985e-44b6-b8f1-28f19ea5ad76: remove group-AC406AFA1D55:null
2019-09-12 06:06:41,654 [RatisPipelineUtilsThread] WARN  pipeline.RatisPipelineUtils (RatisPipelineUtils.java:destroyPipeline(66)) - Pipeline destroy failed for pipeline=PipelineID=b4a944af-cbb9-4f34-adc2-ac406afa1d55 dn=63029d58-985e-44b6-b8f1-28f19ea5ad76{ip: 192.168.34.52, host: trunk-nightly-20190912-4gc2t-2068889165, networkLocation: /default-rack, certSerialId: null}
2019-09-12 06:06:41,657 [grpc-default-executor-1] INFO  impl.RaftServerProxy (RaftServerProxy.java:remove(95)) - e419d203-ae84-45b4-a349-326cccf7322d: remove group-AC406AFA1D55:null
2019-09-12 06:06:41,658 [RatisPipelineUtilsThread] WARN  pipeline.RatisPipelineUtils (RatisPipelineUtils.java:destroyPipeline(66)) - Pipeline destroy failed for pipeline=PipelineID=b4a944af-cbb9-4f34-adc2-ac406afa1d55 dn=e419d203-ae84-45b4-a349-326cccf7322d{ip: 192.168.34.52, host: trunk-nightly-20190912-4gc2t-2068889165, networkLocation: /default-rack, certSerialId: null}
2019-09-12 06:06:41,661 [grpc-default-executor-1] INFO  impl.RaftServerProxy (RaftServerProxy.java:remove(95)) - 300524ac-6f40-4001-8852-e3bc017e7a2d: remove group-AC406AFA1D55:null
2019-09-12 06:06:41,662 [RatisPipelineUtilsThread] WARN  pipeline.RatisPipelineUtils (RatisPipelineUtils.java:destroyPipeline(66)) - Pipeline destroy failed for pipeline=PipelineID=b4a944af-cbb9-4f34-adc2-ac406afa1d55 dn=300524ac-6f40-4001-8852-e3bc017e7a2d{ip: 192.168.34.52, host: trunk-nightly-20190912-4gc2t-2068889165, networkLocation: /default-rack, certSerialId: null}
2019-09-12 06:06:41,663 [RatisPipelineUtilsThread] ERROR pipeline.SCMPipelineManager (Scheduler.java:lambda$schedule$1(70)) - Destroy pipeline failed for pipeline:Pipeline[ Id: b4a944af-cbb9-4f34-adc2-ac406afa1d55, Nodes: 63029d58-985e-44b6-b8f1-28f19ea5ad76{ip: 192.168.34.52, host: trunk-nightly-20190912-4gc2t-2068889165, networkLocation: /default-rack, certSerialId: null}e419d203-ae84-45b4-a349-326cccf7322d{ip: 192.168.34.52, host: trunk-nightly-20190912-4gc2t-2068889165, networkLocation: /default-rack, certSerialId: null}300524ac-6f40-4001-8852-e3bc017e7a2d{ip: 192.168.34.52, host: trunk-nightly-20190912-4gc2t-2068889165, networkLocation: /default-rack, certSerialId: null}, Type:RATIS, Factor:THREE, State:CLOSED]
org.apache.hadoop.hdds.scm.pipeline.PipelineNotFoundException: PipelineID=b4a944af-cbb9-4f34-adc2-ac406afa1d55 not found
	at org.apache.hadoop.hdds.scm.pipeline.PipelineStateMap.getPipeline(PipelineStateMap.java:132)
	at org.apache.hadoop.hdds.scm.pipeline.PipelineStateMap.removePipeline(PipelineStateMap.java:322)
	at org.apache.hadoop.hdds.scm.pipeline.PipelineStateManager.removePipeline(PipelineStateManager.java:107)
	at org.apache.hadoop.hdds.scm.pipeline.SCMPipelineManager.removePipeline(SCMPipelineManager.java:423)
	at org.apache.hadoop.hdds.scm.pipeline.SCMPipelineManager.destroyPipeline(SCMPipelineManager.java:409)
	at org.apache.hadoop.hdds.scm.pipeline.SCMPipelineManager.lambda$finalizeAndDestroyPipeline$0(SCMPipelineManager.java:318)
	at org.apache.hadoop.utils.Scheduler.lambda$schedule$1(Scheduler.java:68)
	at java.util.concurrent.Executors$RunnableAdapter.call(Executors.java:511)
	at java.util.concurrent.FutureTask.run(FutureTask.java:266)
	at java.util.concurrent.ScheduledThreadPoolExecutor$ScheduledFutureTask.access$201(ScheduledThreadPoolExecutor.java:180)
	at java.util.concurrent.ScheduledThreadPoolExecutor$ScheduledFutureTask.run(ScheduledThreadPoolExecutor.java:293)
	at java.util.concurrent.ThreadPoolExecutor.runWorker(ThreadPoolExecutor.java:1149)
	at java.util.concurrent.ThreadPoolExecutor$Worker.run(ThreadPoolExecutor.java:624)
	at java.lang.Thread.run(Thread.java:748)
2019-09-12 06:06:43,444 [grpc-default-executor-1] INFO  client.GrpcClientProtocolClient (GrpcClientProtocolClient.java:onNext(264)) - client-88DF9C2A5C96->8f5ab14e-21d2-479d-9d33-3cad9b590bd0: receive RaftClientReply:client-88DF9C2A5C96->8f5ab14e-21d2-479d-9d33-3cad9b590bd0@group-9B69FF6C6692, cid=244, FAILED org.apache.ratis.protocol.NotLeaderException: Server 8f5ab14e-21d2-479d-9d33-3cad9b590bd0@group-9B69FF6C6692 is not the leader df009476-bbf0-43a2-af41-11b5052a445f:192.168.34.52:35732, logIndex=0, commits[8f5ab14e-21d2-479d-9d33-3cad9b590bd0:c12, 1f61edb1-ab55-473c-8774-d83fa3b21acc:c12, df009476-bbf0-43a2-af41-11b5052a445f:c12]
2019-09-12 06:06:43,827 [java.util.concurrent.ThreadPoolExecutor$Worker@4d4040a7[State = -1, empty queue]] WARN  server.GrpcLogAppender (GrpcLogAppender.java:timeoutAppendRequest(200)) - df009476-bbf0-43a2-af41-11b5052a445f@group-9B69FF6C6692->8f5ab14e-21d2-479d-9d33-3cad9b590bd0-GrpcLogAppender: appendEntries Timeout, request=df009476-bbf0-43a2-af41-11b5052a445f->8f5ab14e-21d2-479d-9d33-3cad9b590bd0#173-t1, previous=(t:1, i:18), leaderCommit=12, initializing? false, entries: <empty>
2019-09-12 06:06:43,827 [java.util.concurrent.ThreadPoolExecutor$Worker@16e94c59[State = -1, empty queue]] WARN  server.GrpcLogAppender (GrpcLogAppender.java:timeoutAppendRequest(200)) - df009476-bbf0-43a2-af41-11b5052a445f@group-9B69FF6C6692->1f61edb1-ab55-473c-8774-d83fa3b21acc-GrpcLogAppender: appendEntries Timeout, request=df009476-bbf0-43a2-af41-11b5052a445f->1f61edb1-ab55-473c-8774-d83fa3b21acc#173-t1, previous=(t:1, i:18), leaderCommit=12, initializing? false, entries: <empty>
2019-09-12 06:06:44,651 [grpc-default-executor-1] INFO  impl.RaftServerProxy (RaftServerProxy.java:remove(95)) - 63029d58-985e-44b6-b8f1-28f19ea5ad76: remove group-AC406AFA1D55:null
2019-09-12 06:06:44,654 [RatisPipelineUtilsThread] WARN  pipeline.RatisPipelineUtils (RatisPipelineUtils.java:destroyPipeline(66)) - Pipeline destroy failed for pipeline=PipelineID=b4a944af-cbb9-4f34-adc2-ac406afa1d55 dn=63029d58-985e-44b6-b8f1-28f19ea5ad76{ip: 192.168.34.52, host: trunk-nightly-20190912-4gc2t-2068889165, networkLocation: /default-rack, certSerialId: null}
2019-09-12 06:06:44,656 [grpc-default-executor-1] INFO  impl.RaftServerProxy (RaftServerProxy.java:remove(95)) - e419d203-ae84-45b4-a349-326cccf7322d: remove group-AC406AFA1D55:null
2019-09-12 06:06:44,657 [RatisPipelineUtilsThread] WARN  pipeline.RatisPipelineUtils (RatisPipelineUtils.java:destroyPipeline(66)) - Pipeline destroy failed for pipeline=PipelineID=b4a944af-cbb9-4f34-adc2-ac406afa1d55 dn=e419d203-ae84-45b4-a349-326cccf7322d{ip: 192.168.34.52, host: trunk-nightly-20190912-4gc2t-2068889165, networkLocation: /default-rack, certSerialId: null}
2019-09-12 06:06:44,659 [grpc-default-executor-1] INFO  impl.RaftServerProxy (RaftServerProxy.java:remove(95)) - 300524ac-6f40-4001-8852-e3bc017e7a2d: remove group-AC406AFA1D55:null
2019-09-12 06:06:44,660 [RatisPipelineUtilsThread] WARN  pipeline.RatisPipelineUtils (RatisPipelineUtils.java:destroyPipeline(66)) - Pipeline destroy failed for pipeline=PipelineID=b4a944af-cbb9-4f34-adc2-ac406afa1d55 dn=300524ac-6f40-4001-8852-e3bc017e7a2d{ip: 192.168.34.52, host: trunk-nightly-20190912-4gc2t-2068889165, networkLocation: /default-rack, certSerialId: null}
2019-09-12 06:06:44,661 [RatisPipelineUtilsThread] ERROR pipeline.SCMPipelineManager (Scheduler.java:lambda$schedule$1(70)) - Destroy pipeline failed for pipeline:Pipeline[ Id: b4a944af-cbb9-4f34-adc2-ac406afa1d55, Nodes: 63029d58-985e-44b6-b8f1-28f19ea5ad76{ip: 192.168.34.52, host: trunk-nightly-20190912-4gc2t-2068889165, networkLocation: /default-rack, certSerialId: null}e419d203-ae84-45b4-a349-326cccf7322d{ip: 192.168.34.52, host: trunk-nightly-20190912-4gc2t-2068889165, networkLocation: /default-rack, certSerialId: null}300524ac-6f40-4001-8852-e3bc017e7a2d{ip: 192.168.34.52, host: trunk-nightly-20190912-4gc2t-2068889165, networkLocation: /default-rack, certSerialId: null}, Type:RATIS, Factor:THREE, State:CLOSED]
org.apache.hadoop.hdds.scm.pipeline.PipelineNotFoundException: PipelineID=b4a944af-cbb9-4f34-adc2-ac406afa1d55 not found
	at org.apache.hadoop.hdds.scm.pipeline.PipelineStateMap.getPipeline(PipelineStateMap.java:132)
	at org.apache.hadoop.hdds.scm.pipeline.PipelineStateMap.removePipeline(PipelineStateMap.java:322)
	at org.apache.hadoop.hdds.scm.pipeline.PipelineStateManager.removePipeline(PipelineStateManager.java:107)
	at org.apache.hadoop.hdds.scm.pipeline.SCMPipelineManager.removePipeline(SCMPipelineManager.java:423)
	at org.apache.hadoop.hdds.scm.pipeline.SCMPipelineManager.destroyPipeline(SCMPipelineManager.java:409)
	at org.apache.hadoop.hdds.scm.pipeline.SCMPipelineManager.lambda$finalizeAndDestroyPipeline$0(SCMPipelineManager.java:318)
	at org.apache.hadoop.utils.Scheduler.lambda$schedule$1(Scheduler.java:68)
	at java.util.concurrent.Executors$RunnableAdapter.call(Executors.java:511)
	at java.util.concurrent.FutureTask.run(FutureTask.java:266)
	at java.util.concurrent.ScheduledThreadPoolExecutor$ScheduledFutureTask.access$201(ScheduledThreadPoolExecutor.java:180)
	at java.util.concurrent.ScheduledThreadPoolExecutor$ScheduledFutureTask.run(ScheduledThreadPoolExecutor.java:293)
	at java.util.concurrent.ThreadPoolExecutor.runWorker(ThreadPoolExecutor.java:1149)
	at java.util.concurrent.ThreadPoolExecutor$Worker.run(ThreadPoolExecutor.java:624)
	at java.lang.Thread.run(Thread.java:748)
2019-09-12 06:06:46,327 [java.util.concurrent.ThreadPoolExecutor$Worker@16e94c59[State = -1, empty queue]] WARN  server.GrpcLogAppender (GrpcLogAppender.java:timeoutAppendRequest(200)) - df009476-bbf0-43a2-af41-11b5052a445f@group-9B69FF6C6692->1f61edb1-ab55-473c-8774-d83fa3b21acc-GrpcLogAppender: appendEntries Timeout, request=df009476-bbf0-43a2-af41-11b5052a445f->1f61edb1-ab55-473c-8774-d83fa3b21acc#174-t1, previous=(t:1, i:18), leaderCommit=12, initializing? false, entries: <empty>
2019-09-12 06:06:46,327 [java.util.concurrent.ThreadPoolExecutor$Worker@4d4040a7[State = -1, empty queue]] WARN  server.GrpcLogAppender (GrpcLogAppender.java:timeoutAppendRequest(200)) - df009476-bbf0-43a2-af41-11b5052a445f@group-9B69FF6C6692->8f5ab14e-21d2-479d-9d33-3cad9b590bd0-GrpcLogAppender: appendEntries Timeout, request=df009476-bbf0-43a2-af41-11b5052a445f->8f5ab14e-21d2-479d-9d33-3cad9b590bd0#174-t1, previous=(t:1, i:18), leaderCommit=12, initializing? false, entries: <empty>
2019-09-12 06:06:46,649 [grpc-default-executor-1] INFO  impl.RaftServerProxy (RaftServerProxy.java:remove(95)) - 63029d58-985e-44b6-b8f1-28f19ea5ad76: remove group-AC406AFA1D55:null
2019-09-12 06:06:46,652 [RatisPipelineUtilsThread] WARN  pipeline.RatisPipelineUtils (RatisPipelineUtils.java:destroyPipeline(66)) - Pipeline destroy failed for pipeline=PipelineID=b4a944af-cbb9-4f34-adc2-ac406afa1d55 dn=63029d58-985e-44b6-b8f1-28f19ea5ad76{ip: 192.168.34.52, host: trunk-nightly-20190912-4gc2t-2068889165, networkLocation: /default-rack, certSerialId: null}
2019-09-12 06:06:46,654 [grpc-default-executor-1] INFO  impl.RaftServerProxy (RaftServerProxy.java:remove(95)) - e419d203-ae84-45b4-a349-326cccf7322d: remove group-AC406AFA1D55:null
2019-09-12 06:06:46,656 [RatisPipelineUtilsThread] WARN  pipeline.RatisPipelineUtils (RatisPipelineUtils.java:destroyPipeline(66)) - Pipeline destroy failed for pipeline=PipelineID=b4a944af-cbb9-4f34-adc2-ac406afa1d55 dn=e419d203-ae84-45b4-a349-326cccf7322d{ip: 192.168.34.52, host: trunk-nightly-20190912-4gc2t-2068889165, networkLocation: /default-rack, certSerialId: null}
2019-09-12 06:06:46,658 [grpc-default-executor-1] INFO  impl.RaftServerProxy (RaftServerProxy.java:remove(95)) - 300524ac-6f40-4001-8852-e3bc017e7a2d: remove group-AC406AFA1D55:null
2019-09-12 06:06:46,660 [RatisPipelineUtilsThread] WARN  pipeline.RatisPipelineUtils (RatisPipelineUtils.java:destroyPipeline(66)) - Pipeline destroy failed for pipeline=PipelineID=b4a944af-cbb9-4f34-adc2-ac406afa1d55 dn=300524ac-6f40-4001-8852-e3bc017e7a2d{ip: 192.168.34.52, host: trunk-nightly-20190912-4gc2t-2068889165, networkLocation: /default-rack, certSerialId: null}
2019-09-12 06:06:46,660 [RatisPipelineUtilsThread] ERROR pipeline.SCMPipelineManager (Scheduler.java:lambda$schedule$1(70)) - Destroy pipeline failed for pipeline:Pipeline[ Id: b4a944af-cbb9-4f34-adc2-ac406afa1d55, Nodes: 63029d58-985e-44b6-b8f1-28f19ea5ad76{ip: 192.168.34.52, host: trunk-nightly-20190912-4gc2t-2068889165, networkLocation: /default-rack, certSerialId: null}e419d203-ae84-45b4-a349-326cccf7322d{ip: 192.168.34.52, host: trunk-nightly-20190912-4gc2t-2068889165, networkLocation: /default-rack, certSerialId: null}300524ac-6f40-4001-8852-e3bc017e7a2d{ip: 192.168.34.52, host: trunk-nightly-20190912-4gc2t-2068889165, networkLocation: /default-rack, certSerialId: null}, Type:RATIS, Factor:THREE, State:CLOSED]
org.apache.hadoop.hdds.scm.pipeline.PipelineNotFoundException: PipelineID=b4a944af-cbb9-4f34-adc2-ac406afa1d55 not found
	at org.apache.hadoop.hdds.scm.pipeline.PipelineStateMap.getPipeline(PipelineStateMap.java:132)
	at org.apache.hadoop.hdds.scm.pipeline.PipelineStateMap.removePipeline(PipelineStateMap.java:322)
	at org.apache.hadoop.hdds.scm.pipeline.PipelineStateManager.removePipeline(PipelineStateManager.java:107)
	at org.apache.hadoop.hdds.scm.pipeline.SCMPipelineManager.removePipeline(SCMPipelineManager.java:423)
	at org.apache.hadoop.hdds.scm.pipeline.SCMPipelineManager.destroyPipeline(SCMPipelineManager.java:409)
	at org.apache.hadoop.hdds.scm.pipeline.SCMPipelineManager.lambda$finalizeAndDestroyPipeline$0(SCMPipelineManager.java:318)
	at org.apache.hadoop.utils.Scheduler.lambda$schedule$1(Scheduler.java:68)
	at java.util.concurrent.Executors$RunnableAdapter.call(Executors.java:511)
	at java.util.concurrent.FutureTask.run(FutureTask.java:266)
	at java.util.concurrent.ScheduledThreadPoolExecutor$ScheduledFutureTask.access$201(ScheduledThreadPoolExecutor.java:180)
	at java.util.concurrent.ScheduledThreadPoolExecutor$ScheduledFutureTask.run(ScheduledThreadPoolExecutor.java:293)
	at java.util.concurrent.ThreadPoolExecutor.runWorker(ThreadPoolExecutor.java:1149)
	at java.util.concurrent.ThreadPoolExecutor$Worker.run(ThreadPoolExecutor.java:624)
	at java.lang.Thread.run(Thread.java:748)
2019-09-12 06:06:48,322 [1f61edb1-ab55-473c-8774-d83fa3b21acc@group-9B69FF6C6692-SegmentedRaftLogWorker] WARN  segmented.SegmentedRaftLogWorker (SegmentedRaftLogWorker.java:getFromFuture(90)) - Timeout 1/~
org.apache.ratis.protocol.TimeoutIOException: Timeout 10s: WriteLog:13: (t:1, i:13), STATEMACHINELOGENTRY, client-88DF9C2A5C96, cid=244-writeStateMachineData
	at org.apache.ratis.util.IOUtils.getFromFuture(IOUtils.java:87)
	at org.apache.ratis.server.raftlog.segmented.SegmentedRaftLogWorker$StateMachineDataPolicy.getFromFuture(SegmentedRaftLogWorker.java:87)
	at org.apache.ratis.server.raftlog.segmented.SegmentedRaftLogWorker$WriteLog.execute(SegmentedRaftLogWorker.java:477)
	at org.apache.ratis.server.raftlog.segmented.SegmentedRaftLogWorker.run(SegmentedRaftLogWorker.java:289)
	at java.lang.Thread.run(Thread.java:748)
Caused by: java.util.concurrent.TimeoutException
	at java.util.concurrent.CompletableFuture.timedGet(CompletableFuture.java:1771)
	at java.util.concurrent.CompletableFuture.get(CompletableFuture.java:1915)
	at org.apache.ratis.util.IOUtils.getFromFuture(IOUtils.java:79)
	... 4 more
2019-09-12 06:06:48,322 [8f5ab14e-21d2-479d-9d33-3cad9b590bd0@group-9B69FF6C6692-SegmentedRaftLogWorker] WARN  segmented.SegmentedRaftLogWorker (SegmentedRaftLogWorker.java:getFromFuture(90)) - Timeout 1/~
org.apache.ratis.protocol.TimeoutIOException: Timeout 10s: WriteLog:13: (t:1, i:13), STATEMACHINELOGENTRY, client-88DF9C2A5C96, cid=244-writeStateMachineData
	at org.apache.ratis.util.IOUtils.getFromFuture(IOUtils.java:87)
	at org.apache.ratis.server.raftlog.segmented.SegmentedRaftLogWorker$StateMachineDataPolicy.getFromFuture(SegmentedRaftLogWorker.java:87)
	at org.apache.ratis.server.raftlog.segmented.SegmentedRaftLogWorker$WriteLog.execute(SegmentedRaftLogWorker.java:477)
	at org.apache.ratis.server.raftlog.segmented.SegmentedRaftLogWorker.run(SegmentedRaftLogWorker.java:289)
	at java.lang.Thread.run(Thread.java:748)
Caused by: java.util.concurrent.TimeoutException
	at java.util.concurrent.CompletableFuture.timedGet(CompletableFuture.java:1771)
	at java.util.concurrent.CompletableFuture.get(CompletableFuture.java:1915)
	at org.apache.ratis.util.IOUtils.getFromFuture(IOUtils.java:79)
	... 4 more
2019-09-12 06:06:48,323 [df009476-bbf0-43a2-af41-11b5052a445f@group-9B69FF6C6692-SegmentedRaftLogWorker] WARN  segmented.SegmentedRaftLogWorker (SegmentedRaftLogWorker.java:getFromFuture(90)) - Timeout 1/~
org.apache.ratis.protocol.TimeoutIOException: Timeout 10s: WriteLog:13: (t:1, i:13), STATEMACHINELOGENTRY, client-88DF9C2A5C96, cid=244-writeStateMachineData
	at org.apache.ratis.util.IOUtils.getFromFuture(IOUtils.java:87)
	at org.apache.ratis.server.raftlog.segmented.SegmentedRaftLogWorker$StateMachineDataPolicy.getFromFuture(SegmentedRaftLogWorker.java:87)
	at org.apache.ratis.server.raftlog.segmented.SegmentedRaftLogWorker$WriteLog.execute(SegmentedRaftLogWorker.java:477)
	at org.apache.ratis.server.raftlog.segmented.SegmentedRaftLogWorker.run(SegmentedRaftLogWorker.java:289)
	at java.lang.Thread.run(Thread.java:748)
Caused by: java.util.concurrent.TimeoutException
	at java.util.concurrent.CompletableFuture.timedGet(CompletableFuture.java:1771)
	at java.util.concurrent.CompletableFuture.get(CompletableFuture.java:1915)
	at org.apache.ratis.util.IOUtils.getFromFuture(IOUtils.java:79)
	... 4 more
2019-09-12 06:06:48,478 [grpc-default-executor-1] INFO  client.GrpcClientProtocolClient (GrpcClientProtocolClient.java:onNext(264)) - client-88DF9C2A5C96->1f61edb1-ab55-473c-8774-d83fa3b21acc: receive RaftClientReply:client-88DF9C2A5C96->1f61edb1-ab55-473c-8774-d83fa3b21acc@group-9B69FF6C6692, cid=244, FAILED org.apache.ratis.protocol.NotLeaderException: Server 1f61edb1-ab55-473c-8774-d83fa3b21acc@group-9B69FF6C6692 is not the leader df009476-bbf0-43a2-af41-11b5052a445f:192.168.34.52:35732, logIndex=0, commits[1f61edb1-ab55-473c-8774-d83fa3b21acc:c12, 8f5ab14e-21d2-479d-9d33-3cad9b590bd0:c12, df009476-bbf0-43a2-af41-11b5052a445f:c12]
2019-09-12 06:06:48,828 [java.util.concurrent.ThreadPoolExecutor$Worker@16e94c59[State = -1, empty queue]] WARN  server.GrpcLogAppender (GrpcLogAppender.java:timeoutAppendRequest(200)) - df009476-bbf0-43a2-af41-11b5052a445f@group-9B69FF6C6692->1f61edb1-ab55-473c-8774-d83fa3b21acc-GrpcLogAppender: appendEntries Timeout, request=df009476-bbf0-43a2-af41-11b5052a445f->1f61edb1-ab55-473c-8774-d83fa3b21acc#175-t1, previous=(t:1, i:18), leaderCommit=12, initializing? false, entries: <empty>
2019-09-12 06:06:48,828 [java.util.concurrent.ThreadPoolExecutor$Worker@4d4040a7[State = -1, empty queue]] WARN  server.GrpcLogAppender (GrpcLogAppender.java:timeoutAppendRequest(200)) - df009476-bbf0-43a2-af41-11b5052a445f@group-9B69FF6C6692->8f5ab14e-21d2-479d-9d33-3cad9b590bd0-GrpcLogAppender: appendEntries Timeout, request=df009476-bbf0-43a2-af41-11b5052a445f->8f5ab14e-21d2-479d-9d33-3cad9b590bd0#175-t1, previous=(t:1, i:18), leaderCommit=12, initializing? false, entries: <empty>
2019-09-12 06:06:49,650 [grpc-default-executor-9] INFO  impl.RaftServerProxy (RaftServerProxy.java:remove(95)) - 63029d58-985e-44b6-b8f1-28f19ea5ad76: remove group-AC406AFA1D55:null
2019-09-12 06:06:49,653 [RatisPipelineUtilsThread] WARN  pipeline.RatisPipelineUtils (RatisPipelineUtils.java:destroyPipeline(66)) - Pipeline destroy failed for pipeline=PipelineID=b4a944af-cbb9-4f34-adc2-ac406afa1d55 dn=63029d58-985e-44b6-b8f1-28f19ea5ad76{ip: 192.168.34.52, host: trunk-nightly-20190912-4gc2t-2068889165, networkLocation: /default-rack, certSerialId: null}
2019-09-12 06:06:49,655 [grpc-default-executor-9] INFO  impl.RaftServerProxy (RaftServerProxy.java:remove(95)) - e419d203-ae84-45b4-a349-326cccf7322d: remove group-AC406AFA1D55:null
2019-09-12 06:06:49,658 [RatisPipelineUtilsThread] WARN  pipeline.RatisPipelineUtils (RatisPipelineUtils.java:destroyPipeline(66)) - Pipeline destroy failed for pipeline=PipelineID=b4a944af-cbb9-4f34-adc2-ac406afa1d55 dn=e419d203-ae84-45b4-a349-326cccf7322d{ip: 192.168.34.52, host: trunk-nightly-20190912-4gc2t-2068889165, networkLocation: /default-rack, certSerialId: null}
2019-09-12 06:06:49,660 [grpc-default-executor-9] INFO  impl.RaftServerProxy (RaftServerProxy.java:remove(95)) - 300524ac-6f40-4001-8852-e3bc017e7a2d: remove group-AC406AFA1D55:null
2019-09-12 06:06:49,663 [RatisPipelineUtilsThread] WARN  pipeline.RatisPipelineUtils (RatisPipelineUtils.java:destroyPipeline(66)) - Pipeline destroy failed for pipeline=PipelineID=b4a944af-cbb9-4f34-adc2-ac406afa1d55 dn=300524ac-6f40-4001-8852-e3bc017e7a2d{ip: 192.168.34.52, host: trunk-nightly-20190912-4gc2t-2068889165, networkLocation: /default-rack, certSerialId: null}
2019-09-12 06:06:49,663 [RatisPipelineUtilsThread] ERROR pipeline.SCMPipelineManager (Scheduler.java:lambda$schedule$1(70)) - Destroy pipeline failed for pipeline:Pipeline[ Id: b4a944af-cbb9-4f34-adc2-ac406afa1d55, Nodes: 63029d58-985e-44b6-b8f1-28f19ea5ad76{ip: 192.168.34.52, host: trunk-nightly-20190912-4gc2t-2068889165, networkLocation: /default-rack, certSerialId: null}e419d203-ae84-45b4-a349-326cccf7322d{ip: 192.168.34.52, host: trunk-nightly-20190912-4gc2t-2068889165, networkLocation: /default-rack, certSerialId: null}300524ac-6f40-4001-8852-e3bc017e7a2d{ip: 192.168.34.52, host: trunk-nightly-20190912-4gc2t-2068889165, networkLocation: /default-rack, certSerialId: null}, Type:RATIS, Factor:THREE, State:CLOSED]
org.apache.hadoop.hdds.scm.pipeline.PipelineNotFoundException: PipelineID=b4a944af-cbb9-4f34-adc2-ac406afa1d55 not found
	at org.apache.hadoop.hdds.scm.pipeline.PipelineStateMap.getPipeline(PipelineStateMap.java:132)
	at org.apache.hadoop.hdds.scm.pipeline.PipelineStateMap.removePipeline(PipelineStateMap.java:322)
	at org.apache.hadoop.hdds.scm.pipeline.PipelineStateManager.removePipeline(PipelineStateManager.java:107)
	at org.apache.hadoop.hdds.scm.pipeline.SCMPipelineManager.removePipeline(SCMPipelineManager.java:423)
	at org.apache.hadoop.hdds.scm.pipeline.SCMPipelineManager.destroyPipeline(SCMPipelineManager.java:409)
	at org.apache.hadoop.hdds.scm.pipeline.SCMPipelineManager.lambda$finalizeAndDestroyPipeline$0(SCMPipelineManager.java:318)
	at org.apache.hadoop.utils.Scheduler.lambda$schedule$1(Scheduler.java:68)
	at java.util.concurrent.Executors$RunnableAdapter.call(Executors.java:511)
	at java.util.concurrent.FutureTask.run(FutureTask.java:266)
	at java.util.concurrent.ScheduledThreadPoolExecutor$ScheduledFutureTask.access$201(ScheduledThreadPoolExecutor.java:180)
	at java.util.concurrent.ScheduledThreadPoolExecutor$ScheduledFutureTask.run(ScheduledThreadPoolExecutor.java:293)
	at java.util.concurrent.ThreadPoolExecutor.runWorker(ThreadPoolExecutor.java:1149)
	at java.util.concurrent.ThreadPoolExecutor$Worker.run(ThreadPoolExecutor.java:624)
	at java.lang.Thread.run(Thread.java:748)
2019-09-12 06:06:51,328 [java.util.concurrent.ThreadPoolExecutor$Worker@16e94c59[State = -1, empty queue]] WARN  server.GrpcLogAppender (GrpcLogAppender.java:timeoutAppendRequest(200)) - df009476-bbf0-43a2-af41-11b5052a445f@group-9B69FF6C6692->1f61edb1-ab55-473c-8774-d83fa3b21acc-GrpcLogAppender: appendEntries Timeout, request=df009476-bbf0-43a2-af41-11b5052a445f->1f61edb1-ab55-473c-8774-d83fa3b21acc#176-t1, previous=(t:1, i:18), leaderCommit=12, initializing? false, entries: <empty>
2019-09-12 06:06:51,328 [java.util.concurrent.ThreadPoolExecutor$Worker@4d4040a7[State = -1, empty queue]] WARN  server.GrpcLogAppender (GrpcLogAppender.java:timeoutAppendRequest(200)) - df009476-bbf0-43a2-af41-11b5052a445f@group-9B69FF6C6692->8f5ab14e-21d2-479d-9d33-3cad9b590bd0-GrpcLogAppender: appendEntries Timeout, request=df009476-bbf0-43a2-af41-11b5052a445f->8f5ab14e-21d2-479d-9d33-3cad9b590bd0#176-t1, previous=(t:1, i:18), leaderCommit=12, initializing? false, entries: <empty>
2019-09-12 06:06:51,651 [grpc-default-executor-9] INFO  impl.RaftServerProxy (RaftServerProxy.java:remove(95)) - 63029d58-985e-44b6-b8f1-28f19ea5ad76: remove group-AC406AFA1D55:null
2019-09-12 06:06:51,653 [RatisPipelineUtilsThread] WARN  pipeline.RatisPipelineUtils (RatisPipelineUtils.java:destroyPipeline(66)) - Pipeline destroy failed for pipeline=PipelineID=b4a944af-cbb9-4f34-adc2-ac406afa1d55 dn=63029d58-985e-44b6-b8f1-28f19ea5ad76{ip: 192.168.34.52, host: trunk-nightly-20190912-4gc2t-2068889165, networkLocation: /default-rack, certSerialId: null}
2019-09-12 06:06:51,655 [grpc-default-executor-9] INFO  impl.RaftServerProxy (RaftServerProxy.java:remove(95)) - e419d203-ae84-45b4-a349-326cccf7322d: remove group-AC406AFA1D55:null
2019-09-12 06:06:51,656 [RatisPipelineUtilsThread] WARN  pipeline.RatisPipelineUtils (RatisPipelineUtils.java:destroyPipeline(66)) - Pipeline destroy failed for pipeline=PipelineID=b4a944af-cbb9-4f34-adc2-ac406afa1d55 dn=e419d203-ae84-45b4-a349-326cccf7322d{ip: 192.168.34.52, host: trunk-nightly-20190912-4gc2t-2068889165, networkLocation: /default-rack, certSerialId: null}
2019-09-12 06:06:51,659 [grpc-default-executor-9] INFO  impl.RaftServerProxy (RaftServerProxy.java:remove(95)) - 300524ac-6f40-4001-8852-e3bc017e7a2d: remove group-AC406AFA1D55:null
2019-09-12 06:06:51,660 [RatisPipelineUtilsThread] WARN  pipeline.RatisPipelineUtils (RatisPipelineUtils.java:destroyPipeline(66)) - Pipeline destroy failed for pipeline=PipelineID=b4a944af-cbb9-4f34-adc2-ac406afa1d55 dn=300524ac-6f40-4001-8852-e3bc017e7a2d{ip: 192.168.34.52, host: trunk-nightly-20190912-4gc2t-2068889165, networkLocation: /default-rack, certSerialId: null}
2019-09-12 06:06:51,660 [RatisPipelineUtilsThread] ERROR pipeline.SCMPipelineManager (Scheduler.java:lambda$schedule$1(70)) - Destroy pipeline failed for pipeline:Pipeline[ Id: b4a944af-cbb9-4f34-adc2-ac406afa1d55, Nodes: 63029d58-985e-44b6-b8f1-28f19ea5ad76{ip: 192.168.34.52, host: trunk-nightly-20190912-4gc2t-2068889165, networkLocation: /default-rack, certSerialId: null}e419d203-ae84-45b4-a349-326cccf7322d{ip: 192.168.34.52, host: trunk-nightly-20190912-4gc2t-2068889165, networkLocation: /default-rack, certSerialId: null}300524ac-6f40-4001-8852-e3bc017e7a2d{ip: 192.168.34.52, host: trunk-nightly-20190912-4gc2t-2068889165, networkLocation: /default-rack, certSerialId: null}, Type:RATIS, Factor:THREE, State:CLOSED]
org.apache.hadoop.hdds.scm.pipeline.PipelineNotFoundException: PipelineID=b4a944af-cbb9-4f34-adc2-ac406afa1d55 not found
	at org.apache.hadoop.hdds.scm.pipeline.PipelineStateMap.getPipeline(PipelineStateMap.java:132)
	at org.apache.hadoop.hdds.scm.pipeline.PipelineStateMap.removePipeline(PipelineStateMap.java:322)
	at org.apache.hadoop.hdds.scm.pipeline.PipelineStateManager.removePipeline(PipelineStateManager.java:107)
	at org.apache.hadoop.hdds.scm.pipeline.SCMPipelineManager.removePipeline(SCMPipelineManager.java:423)
	at org.apache.hadoop.hdds.scm.pipeline.SCMPipelineManager.destroyPipeline(SCMPipelineManager.java:409)
	at org.apache.hadoop.hdds.scm.pipeline.SCMPipelineManager.lambda$finalizeAndDestroyPipeline$0(SCMPipelineManager.java:318)
	at org.apache.hadoop.utils.Scheduler.lambda$schedule$1(Scheduler.java:68)
	at java.util.concurrent.Executors$RunnableAdapter.call(Executors.java:511)
	at java.util.concurrent.FutureTask.run(FutureTask.java:266)
	at java.util.concurrent.ScheduledThreadPoolExecutor$ScheduledFutureTask.access$201(ScheduledThreadPoolExecutor.java:180)
	at java.util.concurrent.ScheduledThreadPoolExecutor$ScheduledFutureTask.run(ScheduledThreadPoolExecutor.java:293)
	at java.util.concurrent.ThreadPoolExecutor.runWorker(ThreadPoolExecutor.java:1149)
	at java.util.concurrent.ThreadPoolExecutor$Worker.run(ThreadPoolExecutor.java:624)
	at java.lang.Thread.run(Thread.java:748)
2019-09-12 06:06:53,528 [grpc-default-executor-9] INFO  client.GrpcClientProtocolClient (GrpcClientProtocolClient.java:onNext(264)) - client-88DF9C2A5C96->8f5ab14e-21d2-479d-9d33-3cad9b590bd0: receive RaftClientReply:client-88DF9C2A5C96->8f5ab14e-21d2-479d-9d33-3cad9b590bd0@group-9B69FF6C6692, cid=244, FAILED org.apache.ratis.protocol.NotLeaderException: Server 8f5ab14e-21d2-479d-9d33-3cad9b590bd0@group-9B69FF6C6692 is not the leader df009476-bbf0-43a2-af41-11b5052a445f:192.168.34.52:35732, logIndex=0, commits[8f5ab14e-21d2-479d-9d33-3cad9b590bd0:c12, 1f61edb1-ab55-473c-8774-d83fa3b21acc:c12, df009476-bbf0-43a2-af41-11b5052a445f:c12]
2019-09-12 06:06:53,828 [java.util.concurrent.ThreadPoolExecutor$Worker@4d4040a7[State = -1, empty queue]] WARN  server.GrpcLogAppender (GrpcLogAppender.java:timeoutAppendRequest(200)) - df009476-bbf0-43a2-af41-11b5052a445f@group-9B69FF6C6692->8f5ab14e-21d2-479d-9d33-3cad9b590bd0-GrpcLogAppender: appendEntries Timeout, request=df009476-bbf0-43a2-af41-11b5052a445f->8f5ab14e-21d2-479d-9d33-3cad9b590bd0#177-t1, previous=(t:1, i:18), leaderCommit=12, initializing? false, entries: <empty>
2019-09-12 06:06:53,828 [java.util.concurrent.ThreadPoolExecutor$Worker@16e94c59[State = -1, empty queue]] WARN  server.GrpcLogAppender (GrpcLogAppender.java:timeoutAppendRequest(200)) - df009476-bbf0-43a2-af41-11b5052a445f@group-9B69FF6C6692->1f61edb1-ab55-473c-8774-d83fa3b21acc-GrpcLogAppender: appendEntries Timeout, request=df009476-bbf0-43a2-af41-11b5052a445f->1f61edb1-ab55-473c-8774-d83fa3b21acc#177-t1, previous=(t:1, i:18), leaderCommit=12, initializing? false, entries: <empty>
2019-09-12 06:06:54,652 [grpc-default-executor-9] INFO  impl.RaftServerProxy (RaftServerProxy.java:remove(95)) - 63029d58-985e-44b6-b8f1-28f19ea5ad76: remove group-AC406AFA1D55:null
2019-09-12 06:06:54,655 [RatisPipelineUtilsThread] WARN  pipeline.RatisPipelineUtils (RatisPipelineUtils.java:destroyPipeline(66)) - Pipeline destroy failed for pipeline=PipelineID=b4a944af-cbb9-4f34-adc2-ac406afa1d55 dn=63029d58-985e-44b6-b8f1-28f19ea5ad76{ip: 192.168.34.52, host: trunk-nightly-20190912-4gc2t-2068889165, networkLocation: /default-rack, certSerialId: null}
2019-09-12 06:06:54,658 [grpc-default-executor-9] INFO  impl.RaftServerProxy (RaftServerProxy.java:remove(95)) - e419d203-ae84-45b4-a349-326cccf7322d: remove group-AC406AFA1D55:null
2019-09-12 06:06:54,660 [RatisPipelineUtilsThread] WARN  pipeline.RatisPipelineUtils (RatisPipelineUtils.java:destroyPipeline(66)) - Pipeline destroy failed for pipeline=PipelineID=b4a944af-cbb9-4f34-adc2-ac406afa1d55 dn=e419d203-ae84-45b4-a349-326cccf7322d{ip: 192.168.34.52, host: trunk-nightly-20190912-4gc2t-2068889165, networkLocation: /default-rack, certSerialId: null}
2019-09-12 06:06:54,663 [grpc-default-executor-9] INFO  impl.RaftServerProxy (RaftServerProxy.java:remove(95)) - 300524ac-6f40-4001-8852-e3bc017e7a2d: remove group-AC406AFA1D55:null
2019-09-12 06:06:54,665 [RatisPipelineUtilsThread] WARN  pipeline.RatisPipelineUtils (RatisPipelineUtils.java:destroyPipeline(66)) - Pipeline destroy failed for pipeline=PipelineID=b4a944af-cbb9-4f34-adc2-ac406afa1d55 dn=300524ac-6f40-4001-8852-e3bc017e7a2d{ip: 192.168.34.52, host: trunk-nightly-20190912-4gc2t-2068889165, networkLocation: /default-rack, certSerialId: null}
2019-09-12 06:06:54,665 [RatisPipelineUtilsThread] ERROR pipeline.SCMPipelineManager (Scheduler.java:lambda$schedule$1(70)) - Destroy pipeline failed for pipeline:Pipeline[ Id: b4a944af-cbb9-4f34-adc2-ac406afa1d55, Nodes: 63029d58-985e-44b6-b8f1-28f19ea5ad76{ip: 192.168.34.52, host: trunk-nightly-20190912-4gc2t-2068889165, networkLocation: /default-rack, certSerialId: null}e419d203-ae84-45b4-a349-326cccf7322d{ip: 192.168.34.52, host: trunk-nightly-20190912-4gc2t-2068889165, networkLocation: /default-rack, certSerialId: null}300524ac-6f40-4001-8852-e3bc017e7a2d{ip: 192.168.34.52, host: trunk-nightly-20190912-4gc2t-2068889165, networkLocation: /default-rack, certSerialId: null}, Type:RATIS, Factor:THREE, State:CLOSED]
org.apache.hadoop.hdds.scm.pipeline.PipelineNotFoundException: PipelineID=b4a944af-cbb9-4f34-adc2-ac406afa1d55 not found
	at org.apache.hadoop.hdds.scm.pipeline.PipelineStateMap.getPipeline(PipelineStateMap.java:132)
	at org.apache.hadoop.hdds.scm.pipeline.PipelineStateMap.removePipeline(PipelineStateMap.java:322)
	at org.apache.hadoop.hdds.scm.pipeline.PipelineStateManager.removePipeline(PipelineStateManager.java:107)
	at org.apache.hadoop.hdds.scm.pipeline.SCMPipelineManager.removePipeline(SCMPipelineManager.java:423)
	at org.apache.hadoop.hdds.scm.pipeline.SCMPipelineManager.destroyPipeline(SCMPipelineManager.java:409)
	at org.apache.hadoop.hdds.scm.pipeline.SCMPipelineManager.lambda$finalizeAndDestroyPipeline$0(SCMPipelineManager.java:318)
	at org.apache.hadoop.utils.Scheduler.lambda$schedule$1(Scheduler.java:68)
	at java.util.concurrent.Executors$RunnableAdapter.call(Executors.java:511)
	at java.util.concurrent.FutureTask.run(FutureTask.java:266)
	at java.util.concurrent.ScheduledThreadPoolExecutor$ScheduledFutureTask.access$201(ScheduledThreadPoolExecutor.java:180)
	at java.util.concurrent.ScheduledThreadPoolExecutor$ScheduledFutureTask.run(ScheduledThreadPoolExecutor.java:293)
	at java.util.concurrent.ThreadPoolExecutor.runWorker(ThreadPoolExecutor.java:1149)
	at java.util.concurrent.ThreadPoolExecutor$Worker.run(ThreadPoolExecutor.java:624)
	at java.lang.Thread.run(Thread.java:748)
2019-09-12 06:06:56,185 [ReplicationMonitor] INFO  container.ReplicationManager (ReplicationManager.java:forceCloseContainer(464)) - Force closing container #5 with BCSID 4, which is in QUASI_CLOSED state.
2019-09-12 06:06:56,186 [ReplicationMonitor] INFO  container.ReplicationManager (ReplicationManager.java:sendCloseCommand(659)) - Sending close container command for container #5 to datanode 63029d58-985e-44b6-b8f1-28f19ea5ad76{ip: 192.168.34.52, host: trunk-nightly-20190912-4gc2t-2068889165, networkLocation: /default-rack, certSerialId: null}.
2019-09-12 06:06:56,186 [ReplicationMonitor] INFO  container.ReplicationManager (ReplicationManager.java:sendCloseCommand(659)) - Sending close container command for container #5 to datanode 300524ac-6f40-4001-8852-e3bc017e7a2d{ip: 192.168.34.52, host: trunk-nightly-20190912-4gc2t-2068889165, networkLocation: /default-rack, certSerialId: null}.
2019-09-12 06:06:56,186 [ReplicationMonitor] INFO  container.ReplicationManager (ReplicationManager.java:sendCloseCommand(659)) - Sending close container command for container #5 to datanode e419d203-ae84-45b4-a349-326cccf7322d{ip: 192.168.34.52, host: trunk-nightly-20190912-4gc2t-2068889165, networkLocation: /default-rack, certSerialId: null}.
2019-09-12 06:06:56,186 [ReplicationMonitor] INFO  container.ReplicationManager (ReplicationManager.java:forceCloseContainer(464)) - Force closing container #6 with BCSID 0, which is in QUASI_CLOSED state.
2019-09-12 06:06:56,186 [ReplicationMonitor] INFO  container.ReplicationManager (ReplicationManager.java:sendCloseCommand(659)) - Sending close container command for container #6 to datanode 300524ac-6f40-4001-8852-e3bc017e7a2d{ip: 192.168.34.52, host: trunk-nightly-20190912-4gc2t-2068889165, networkLocation: /default-rack, certSerialId: null}.
2019-09-12 06:06:56,187 [ReplicationMonitor] INFO  container.ReplicationManager (ReplicationManager.java:sendCloseCommand(659)) - Sending close container command for container #6 to datanode e419d203-ae84-45b4-a349-326cccf7322d{ip: 192.168.34.52, host: trunk-nightly-20190912-4gc2t-2068889165, networkLocation: /default-rack, certSerialId: null}.
2019-09-12 06:06:56,187 [ReplicationMonitor] INFO  container.ReplicationManager (ReplicationManager.java:sendCloseCommand(659)) - Sending close container command for container #6 to datanode 63029d58-985e-44b6-b8f1-28f19ea5ad76{ip: 192.168.34.52, host: trunk-nightly-20190912-4gc2t-2068889165, networkLocation: /default-rack, certSerialId: null}.
2019-09-12 06:06:56,190 [ReplicationMonitor] INFO  container.ReplicationManager (ReplicationManager.java:forceCloseContainer(464)) - Force closing container #3 with BCSID 6, which is in QUASI_CLOSED state.
2019-09-12 06:06:56,190 [ReplicationMonitor] INFO  container.ReplicationManager (ReplicationManager.java:sendCloseCommand(659)) - Sending close container command for container #3 to datanode 300524ac-6f40-4001-8852-e3bc017e7a2d{ip: 192.168.34.52, host: trunk-nightly-20190912-4gc2t-2068889165, networkLocation: /default-rack, certSerialId: null}.
2019-09-12 06:06:56,190 [ReplicationMonitor] INFO  container.ReplicationManager (ReplicationManager.java:sendCloseCommand(659)) - Sending close container command for container #3 to datanode 63029d58-985e-44b6-b8f1-28f19ea5ad76{ip: 192.168.34.52, host: trunk-nightly-20190912-4gc2t-2068889165, networkLocation: /default-rack, certSerialId: null}.
2019-09-12 06:06:56,190 [ReplicationMonitor] INFO  container.ReplicationManager (ReplicationManager.java:sendCloseCommand(659)) - Sending close container command for container #3 to datanode e419d203-ae84-45b4-a349-326cccf7322d{ip: 192.168.34.52, host: trunk-nightly-20190912-4gc2t-2068889165, networkLocation: /default-rack, certSerialId: null}.
2019-09-12 06:06:56,191 [ReplicationMonitor] INFO  container.ReplicationManager (ReplicationManager.java:forceCloseContainer(464)) - Force closing container #4 with BCSID 0, which is in QUASI_CLOSED state.
2019-09-12 06:06:56,191 [ReplicationMonitor] INFO  container.ReplicationManager (ReplicationManager.java:sendCloseCommand(659)) - Sending close container command for container #4 to datanode e419d203-ae84-45b4-a349-326cccf7322d{ip: 192.168.34.52, host: trunk-nightly-20190912-4gc2t-2068889165, networkLocation: /default-rack, certSerialId: null}.
2019-09-12 06:06:56,191 [ReplicationMonitor] INFO  container.ReplicationManager (ReplicationManager.java:sendCloseCommand(659)) - Sending close container command for container #4 to datanode 300524ac-6f40-4001-8852-e3bc017e7a2d{ip: 192.168.34.52, host: trunk-nightly-20190912-4gc2t-2068889165, networkLocation: /default-rack, certSerialId: null}.
2019-09-12 06:06:56,191 [ReplicationMonitor] INFO  container.ReplicationManager (ReplicationManager.java:sendCloseCommand(659)) - Sending close container command for container #4 to datanode 63029d58-985e-44b6-b8f1-28f19ea5ad76{ip: 192.168.34.52, host: trunk-nightly-20190912-4gc2t-2068889165, networkLocation: /default-rack, certSerialId: null}.
2019-09-12 06:06:56,191 [ReplicationMonitor] INFO  container.ReplicationManager (ReplicationManager.java:run(225)) - Replication Monitor Thread took 7 milliseconds for processing 9 containers.
2019-09-12 06:06:56,328 [java.util.concurrent.ThreadPoolExecutor$Worker@4d4040a7[State = -1, empty queue]] WARN  server.GrpcLogAppender (GrpcLogAppender.java:timeoutAppendRequest(200)) - df009476-bbf0-43a2-af41-11b5052a445f@group-9B69FF6C6692->8f5ab14e-21d2-479d-9d33-3cad9b590bd0-GrpcLogAppender: appendEntries Timeout, request=df009476-bbf0-43a2-af41-11b5052a445f->8f5ab14e-21d2-479d-9d33-3cad9b590bd0#178-t1, previous=(t:1, i:18), leaderCommit=12, initializing? false, entries: <empty>
2019-09-12 06:06:56,328 [java.util.concurrent.ThreadPoolExecutor$Worker@16e94c59[State = -1, empty queue]] WARN  server.GrpcLogAppender (GrpcLogAppender.java:timeoutAppendRequest(200)) - df009476-bbf0-43a2-af41-11b5052a445f@group-9B69FF6C6692->1f61edb1-ab55-473c-8774-d83fa3b21acc-GrpcLogAppender: appendEntries Timeout, request=df009476-bbf0-43a2-af41-11b5052a445f->1f61edb1-ab55-473c-8774-d83fa3b21acc#178-t1, previous=(t:1, i:18), leaderCommit=12, initializing? false, entries: <empty>
2019-09-12 06:06:56,650 [grpc-default-executor-9] INFO  impl.RaftServerProxy (RaftServerProxy.java:remove(95)) - 63029d58-985e-44b6-b8f1-28f19ea5ad76: remove group-AC406AFA1D55:null
2019-09-12 06:06:56,652 [RatisPipelineUtilsThread] WARN  pipeline.RatisPipelineUtils (RatisPipelineUtils.java:destroyPipeline(66)) - Pipeline destroy failed for pipeline=PipelineID=b4a944af-cbb9-4f34-adc2-ac406afa1d55 dn=63029d58-985e-44b6-b8f1-28f19ea5ad76{ip: 192.168.34.52, host: trunk-nightly-20190912-4gc2t-2068889165, networkLocation: /default-rack, certSerialId: null}
2019-09-12 06:06:56,655 [grpc-default-executor-9] INFO  impl.RaftServerProxy (RaftServerProxy.java:remove(95)) - e419d203-ae84-45b4-a349-326cccf7322d: remove group-AC406AFA1D55:null
2019-09-12 06:06:56,657 [RatisPipelineUtilsThread] WARN  pipeline.RatisPipelineUtils (RatisPipelineUtils.java:destroyPipeline(66)) - Pipeline destroy failed for pipeline=PipelineID=b4a944af-cbb9-4f34-adc2-ac406afa1d55 dn=e419d203-ae84-45b4-a349-326cccf7322d{ip: 192.168.34.52, host: trunk-nightly-20190912-4gc2t-2068889165, networkLocation: /default-rack, certSerialId: null}
2019-09-12 06:06:56,661 [grpc-default-executor-9] INFO  impl.RaftServerProxy (RaftServerProxy.java:remove(95)) - 300524ac-6f40-4001-8852-e3bc017e7a2d: remove group-AC406AFA1D55:null
2019-09-12 06:06:56,664 [RatisPipelineUtilsThread] WARN  pipeline.RatisPipelineUtils (RatisPipelineUtils.java:destroyPipeline(66)) - Pipeline destroy failed for pipeline=PipelineID=b4a944af-cbb9-4f34-adc2-ac406afa1d55 dn=300524ac-6f40-4001-8852-e3bc017e7a2d{ip: 192.168.34.52, host: trunk-nightly-20190912-4gc2t-2068889165, networkLocation: /default-rack, certSerialId: null}
2019-09-12 06:06:56,664 [RatisPipelineUtilsThread] ERROR pipeline.SCMPipelineManager (Scheduler.java:lambda$schedule$1(70)) - Destroy pipeline failed for pipeline:Pipeline[ Id: b4a944af-cbb9-4f34-adc2-ac406afa1d55, Nodes: 63029d58-985e-44b6-b8f1-28f19ea5ad76{ip: 192.168.34.52, host: trunk-nightly-20190912-4gc2t-2068889165, networkLocation: /default-rack, certSerialId: null}e419d203-ae84-45b4-a349-326cccf7322d{ip: 192.168.34.52, host: trunk-nightly-20190912-4gc2t-2068889165, networkLocation: /default-rack, certSerialId: null}300524ac-6f40-4001-8852-e3bc017e7a2d{ip: 192.168.34.52, host: trunk-nightly-20190912-4gc2t-2068889165, networkLocation: /default-rack, certSerialId: null}, Type:RATIS, Factor:THREE, State:CLOSED]
org.apache.hadoop.hdds.scm.pipeline.PipelineNotFoundException: PipelineID=b4a944af-cbb9-4f34-adc2-ac406afa1d55 not found
	at org.apache.hadoop.hdds.scm.pipeline.PipelineStateMap.getPipeline(PipelineStateMap.java:132)
	at org.apache.hadoop.hdds.scm.pipeline.PipelineStateMap.removePipeline(PipelineStateMap.java:322)
	at org.apache.hadoop.hdds.scm.pipeline.PipelineStateManager.removePipeline(PipelineStateManager.java:107)
	at org.apache.hadoop.hdds.scm.pipeline.SCMPipelineManager.removePipeline(SCMPipelineManager.java:423)
	at org.apache.hadoop.hdds.scm.pipeline.SCMPipelineManager.destroyPipeline(SCMPipelineManager.java:409)
	at org.apache.hadoop.hdds.scm.pipeline.SCMPipelineManager.lambda$finalizeAndDestroyPipeline$0(SCMPipelineManager.java:318)
	at org.apache.hadoop.utils.Scheduler.lambda$schedule$1(Scheduler.java:68)
	at java.util.concurrent.Executors$RunnableAdapter.call(Executors.java:511)
	at java.util.concurrent.FutureTask.run(FutureTask.java:266)
	at java.util.concurrent.ScheduledThreadPoolExecutor$ScheduledFutureTask.access$201(ScheduledThreadPoolExecutor.java:180)
	at java.util.concurrent.ScheduledThreadPoolExecutor$ScheduledFutureTask.run(ScheduledThreadPoolExecutor.java:293)
	at java.util.concurrent.ThreadPoolExecutor.runWorker(ThreadPoolExecutor.java:1149)
	at java.util.concurrent.ThreadPoolExecutor$Worker.run(ThreadPoolExecutor.java:624)
	at java.lang.Thread.run(Thread.java:748)
2019-09-12 06:06:58,324 [1f61edb1-ab55-473c-8774-d83fa3b21acc@group-9B69FF6C6692-SegmentedRaftLogWorker] WARN  segmented.SegmentedRaftLogWorker (SegmentedRaftLogWorker.java:getFromFuture(90)) - Timeout 2/~
org.apache.ratis.protocol.TimeoutIOException: Timeout 10s: WriteLog:13: (t:1, i:13), STATEMACHINELOGENTRY, client-88DF9C2A5C96, cid=244-writeStateMachineData
	at org.apache.ratis.util.IOUtils.getFromFuture(IOUtils.java:87)
	at org.apache.ratis.server.raftlog.segmented.SegmentedRaftLogWorker$StateMachineDataPolicy.getFromFuture(SegmentedRaftLogWorker.java:87)
	at org.apache.ratis.server.raftlog.segmented.SegmentedRaftLogWorker$WriteLog.execute(SegmentedRaftLogWorker.java:477)
	at org.apache.ratis.server.raftlog.segmented.SegmentedRaftLogWorker.run(SegmentedRaftLogWorker.java:289)
	at java.lang.Thread.run(Thread.java:748)
Caused by: java.util.concurrent.TimeoutException
	at java.util.concurrent.CompletableFuture.timedGet(CompletableFuture.java:1771)
	at java.util.concurrent.CompletableFuture.get(CompletableFuture.java:1915)
	at org.apache.ratis.util.IOUtils.getFromFuture(IOUtils.java:79)
	... 4 more
2019-09-12 06:06:58,324 [df009476-bbf0-43a2-af41-11b5052a445f@group-9B69FF6C6692-SegmentedRaftLogWorker] WARN  segmented.SegmentedRaftLogWorker (SegmentedRaftLogWorker.java:getFromFuture(90)) - Timeout 2/~
org.apache.ratis.protocol.TimeoutIOException: Timeout 10s: WriteLog:13: (t:1, i:13), STATEMACHINELOGENTRY, client-88DF9C2A5C96, cid=244-writeStateMachineData
	at org.apache.ratis.util.IOUtils.getFromFuture(IOUtils.java:87)
	at org.apache.ratis.server.raftlog.segmented.SegmentedRaftLogWorker$StateMachineDataPolicy.getFromFuture(SegmentedRaftLogWorker.java:87)
	at org.apache.ratis.server.raftlog.segmented.SegmentedRaftLogWorker$WriteLog.execute(SegmentedRaftLogWorker.java:477)
	at org.apache.ratis.server.raftlog.segmented.SegmentedRaftLogWorker.run(SegmentedRaftLogWorker.java:289)
	at java.lang.Thread.run(Thread.java:748)
Caused by: java.util.concurrent.TimeoutException
	at java.util.concurrent.CompletableFuture.timedGet(CompletableFuture.java:1771)
	at java.util.concurrent.CompletableFuture.get(CompletableFuture.java:1915)
	at org.apache.ratis.util.IOUtils.getFromFuture(IOUtils.java:79)
	... 4 more
2019-09-12 06:06:58,324 [8f5ab14e-21d2-479d-9d33-3cad9b590bd0@group-9B69FF6C6692-SegmentedRaftLogWorker] WARN  segmented.SegmentedRaftLogWorker (SegmentedRaftLogWorker.java:getFromFuture(90)) - Timeout 2/~
org.apache.ratis.protocol.TimeoutIOException: Timeout 10s: WriteLog:13: (t:1, i:13), STATEMACHINELOGENTRY, client-88DF9C2A5C96, cid=244-writeStateMachineData
	at org.apache.ratis.util.IOUtils.getFromFuture(IOUtils.java:87)
	at org.apache.ratis.server.raftlog.segmented.SegmentedRaftLogWorker$StateMachineDataPolicy.getFromFuture(SegmentedRaftLogWorker.java:87)
	at org.apache.ratis.server.raftlog.segmented.SegmentedRaftLogWorker$WriteLog.execute(SegmentedRaftLogWorker.java:477)
	at org.apache.ratis.server.raftlog.segmented.SegmentedRaftLogWorker.run(SegmentedRaftLogWorker.java:289)
	at java.lang.Thread.run(Thread.java:748)
Caused by: java.util.concurrent.TimeoutException
	at java.util.concurrent.CompletableFuture.timedGet(CompletableFuture.java:1771)
	at java.util.concurrent.CompletableFuture.get(CompletableFuture.java:1915)
	at org.apache.ratis.util.IOUtils.getFromFuture(IOUtils.java:79)
	... 4 more
2019-09-12 06:06:58,567 [grpc-default-executor-1] INFO  client.GrpcClientProtocolClient (GrpcClientProtocolClient.java:onNext(264)) - client-88DF9C2A5C96->8f5ab14e-21d2-479d-9d33-3cad9b590bd0: receive RaftClientReply:client-88DF9C2A5C96->8f5ab14e-21d2-479d-9d33-3cad9b590bd0@group-9B69FF6C6692, cid=244, FAILED org.apache.ratis.protocol.NotLeaderException: Server 8f5ab14e-21d2-479d-9d33-3cad9b590bd0@group-9B69FF6C6692 is not the leader df009476-bbf0-43a2-af41-11b5052a445f:192.168.34.52:35732, logIndex=0, commits[8f5ab14e-21d2-479d-9d33-3cad9b590bd0:c12, 1f61edb1-ab55-473c-8774-d83fa3b21acc:c12, df009476-bbf0-43a2-af41-11b5052a445f:c12]
2019-09-12 06:06:58,828 [java.util.concurrent.ThreadPoolExecutor$Worker@4d4040a7[State = -1, empty queue]] WARN  server.GrpcLogAppender (GrpcLogAppender.java:timeoutAppendRequest(200)) - df009476-bbf0-43a2-af41-11b5052a445f@group-9B69FF6C6692->8f5ab14e-21d2-479d-9d33-3cad9b590bd0-GrpcLogAppender: appendEntries Timeout, request=df009476-bbf0-43a2-af41-11b5052a445f->8f5ab14e-21d2-479d-9d33-3cad9b590bd0#179-t1, previous=(t:1, i:18), leaderCommit=12, initializing? false, entries: <empty>
2019-09-12 06:06:58,829 [java.util.concurrent.ThreadPoolExecutor$Worker@16e94c59[State = -1, empty queue]] WARN  server.GrpcLogAppender (GrpcLogAppender.java:timeoutAppendRequest(200)) - df009476-bbf0-43a2-af41-11b5052a445f@group-9B69FF6C6692->1f61edb1-ab55-473c-8774-d83fa3b21acc-GrpcLogAppender: appendEntries Timeout, request=df009476-bbf0-43a2-af41-11b5052a445f->1f61edb1-ab55-473c-8774-d83fa3b21acc#179-t1, previous=(t:1, i:18), leaderCommit=12, initializing? false, entries: <empty>
2019-09-12 06:06:59,086 [Command processor thread] INFO  interfaces.Container (KeyValueContainer.java:flushAndSyncDB(386)) - Container 5 is synced with bcsId 4.
2019-09-12 06:06:59,087 [Command processor thread] INFO  interfaces.Container (KeyValueContainer.java:flushAndSyncDB(386)) - Container 5 is synced with bcsId 4.
2019-09-12 06:06:59,087 [Command processor thread] INFO  interfaces.Container (KeyValueContainer.java:flushAndSyncDB(386)) - Container 5 is synced with bcsId 4.
2019-09-12 06:06:59,087 [Command processor thread] INFO  interfaces.Container (KeyValueContainer.java:flushAndSyncDB(386)) - Container 5 is synced with bcsId 4.
2019-09-12 06:06:59,087 [Command processor thread] INFO  interfaces.Container (KeyValueContainer.java:flushAndSyncDB(386)) - Container 5 is synced with bcsId 4.
2019-09-12 06:06:59,087 [Command processor thread] INFO  interfaces.Container (KeyValueContainer.java:flushAndSyncDB(386)) - Container 5 is synced with bcsId 4.
2019-09-12 06:06:59,102 [Command processor thread] INFO  interfaces.Container (KeyValueContainer.java:close(335)) - Container 5 is closed with bcsId 4.
2019-09-12 06:06:59,102 [Command processor thread] INFO  interfaces.Container (KeyValueContainer.java:close(335)) - Container 5 is closed with bcsId 4.
2019-09-12 06:06:59,102 [Command processor thread] INFO  interfaces.Container (KeyValueContainer.java:close(335)) - Container 5 is closed with bcsId 4.
2019-09-12 06:06:59,103 [Command processor thread] INFO  interfaces.Container (KeyValueContainer.java:flushAndSyncDB(386)) - Container 6 is synced with bcsId 0.
2019-09-12 06:06:59,103 [Command processor thread] INFO  interfaces.Container (KeyValueContainer.java:flushAndSyncDB(386)) - Container 6 is synced with bcsId 0.
2019-09-12 06:06:59,103 [Command processor thread] INFO  interfaces.Container (KeyValueContainer.java:flushAndSyncDB(386)) - Container 6 is synced with bcsId 0.
2019-09-12 06:06:59,103 [Command processor thread] INFO  interfaces.Container (KeyValueContainer.java:flushAndSyncDB(386)) - Container 6 is synced with bcsId 0.
2019-09-12 06:06:59,103 [Command processor thread] INFO  interfaces.Container (KeyValueContainer.java:flushAndSyncDB(386)) - Container 6 is synced with bcsId 0.
2019-09-12 06:06:59,103 [Command processor thread] INFO  interfaces.Container (KeyValueContainer.java:flushAndSyncDB(386)) - Container 6 is synced with bcsId 0.
2019-09-12 06:06:59,104 [EventQueue-IncrementalContainerReportForIncrementalContainerReportHandler] INFO  container.IncrementalContainerReportHandler (AbstractContainerReportHandler.java:updateContainerState(202)) - Moving container #5 to CLOSED state, datanode 63029d58-985e-44b6-b8f1-28f19ea5ad76{ip: 192.168.34.52, host: trunk-nightly-20190912-4gc2t-2068889165, networkLocation: /default-rack, certSerialId: null} reported CLOSED replica.
2019-09-12 06:06:59,118 [Command processor thread] INFO  interfaces.Container (KeyValueContainer.java:close(335)) - Container 6 is closed with bcsId 0.
2019-09-12 06:06:59,118 [Command processor thread] INFO  interfaces.Container (KeyValueContainer.java:close(335)) - Container 6 is closed with bcsId 0.
2019-09-12 06:06:59,118 [Command processor thread] INFO  interfaces.Container (KeyValueContainer.java:close(335)) - Container 6 is closed with bcsId 0.
2019-09-12 06:06:59,118 [Command processor thread] INFO  interfaces.Container (KeyValueContainer.java:flushAndSyncDB(386)) - Container 3 is synced with bcsId 6.
2019-09-12 06:06:59,118 [Command processor thread] INFO  interfaces.Container (KeyValueContainer.java:flushAndSyncDB(386)) - Container 3 is synced with bcsId 6.
2019-09-12 06:06:59,118 [Command processor thread] INFO  interfaces.Container (KeyValueContainer.java:flushAndSyncDB(386)) - Container 3 is synced with bcsId 6.
2019-09-12 06:06:59,118 [Command processor thread] INFO  interfaces.Container (KeyValueContainer.java:flushAndSyncDB(386)) - Container 3 is synced with bcsId 6.
2019-09-12 06:06:59,119 [Command processor thread] INFO  interfaces.Container (KeyValueContainer.java:flushAndSyncDB(386)) - Container 3 is synced with bcsId 6.
2019-09-12 06:06:59,118 [EventQueue-IncrementalContainerReportForIncrementalContainerReportHandler] INFO  container.IncrementalContainerReportHandler (AbstractContainerReportHandler.java:updateContainerState(202)) - Moving container #6 to CLOSED state, datanode 300524ac-6f40-4001-8852-e3bc017e7a2d{ip: 192.168.34.52, host: trunk-nightly-20190912-4gc2t-2068889165, networkLocation: /default-rack, certSerialId: null} reported CLOSED replica.
2019-09-12 06:06:59,119 [Command processor thread] INFO  interfaces.Container (KeyValueContainer.java:flushAndSyncDB(386)) - Container 3 is synced with bcsId 6.
2019-09-12 06:06:59,132 [Command processor thread] INFO  interfaces.Container (KeyValueContainer.java:close(335)) - Container 3 is closed with bcsId 6.
2019-09-12 06:06:59,132 [Command processor thread] INFO  interfaces.Container (KeyValueContainer.java:close(335)) - Container 3 is closed with bcsId 6.
2019-09-12 06:06:59,133 [Command processor thread] INFO  interfaces.Container (KeyValueContainer.java:flushAndSyncDB(386)) - Container 4 is synced with bcsId 0.
2019-09-12 06:06:59,133 [Command processor thread] INFO  interfaces.Container (KeyValueContainer.java:flushAndSyncDB(386)) - Container 4 is synced with bcsId 0.
2019-09-12 06:06:59,132 [Command processor thread] INFO  interfaces.Container (KeyValueContainer.java:close(335)) - Container 3 is closed with bcsId 6.
2019-09-12 06:06:59,132 [Command processor thread] INFO  interfaces.Container (KeyValueContainer.java:flushAndSyncDB(386)) - Container 4 is synced with bcsId 0.
2019-09-12 06:06:59,133 [Command processor thread] INFO  interfaces.Container (KeyValueContainer.java:flushAndSyncDB(386)) - Container 4 is synced with bcsId 0.
2019-09-12 06:06:59,133 [Command processor thread] INFO  interfaces.Container (KeyValueContainer.java:flushAndSyncDB(386)) - Container 4 is synced with bcsId 0.
2019-09-12 06:06:59,134 [EventQueue-IncrementalContainerReportForIncrementalContainerReportHandler] INFO  container.IncrementalContainerReportHandler (AbstractContainerReportHandler.java:updateContainerState(202)) - Moving container #3 to CLOSED state, datanode e419d203-ae84-45b4-a349-326cccf7322d{ip: 192.168.34.52, host: trunk-nightly-20190912-4gc2t-2068889165, networkLocation: /default-rack, certSerialId: null} reported CLOSED replica.
2019-09-12 06:06:59,134 [Command processor thread] INFO  interfaces.Container (KeyValueContainer.java:flushAndSyncDB(386)) - Container 4 is synced with bcsId 0.
2019-09-12 06:06:59,147 [Command processor thread] INFO  interfaces.Container (KeyValueContainer.java:close(335)) - Container 4 is closed with bcsId 0.
2019-09-12 06:06:59,147 [Command processor thread] INFO  interfaces.Container (KeyValueContainer.java:close(335)) - Container 4 is closed with bcsId 0.
2019-09-12 06:06:59,147 [Command processor thread] INFO  interfaces.Container (KeyValueContainer.java:close(335)) - Container 4 is closed with bcsId 0.
2019-09-12 06:06:59,148 [EventQueue-IncrementalContainerReportForIncrementalContainerReportHandler] INFO  container.IncrementalContainerReportHandler (AbstractContainerReportHandler.java:updateContainerState(202)) - Moving container #4 to CLOSED state, datanode e419d203-ae84-45b4-a349-326cccf7322d{ip: 192.168.34.52, host: trunk-nightly-20190912-4gc2t-2068889165, networkLocation: /default-rack, certSerialId: null} reported CLOSED replica.
2019-09-12 06:06:59,652 [grpc-default-executor-9] INFO  impl.RaftServerProxy (RaftServerProxy.java:remove(95)) - 63029d58-985e-44b6-b8f1-28f19ea5ad76: remove group-AC406AFA1D55:null
2019-09-12 06:06:59,655 [RatisPipelineUtilsThread] WARN  pipeline.RatisPipelineUtils (RatisPipelineUtils.java:destroyPipeline(66)) - Pipeline destroy failed for pipeline=PipelineID=b4a944af-cbb9-4f34-adc2-ac406afa1d55 dn=63029d58-985e-44b6-b8f1-28f19ea5ad76{ip: 192.168.34.52, host: trunk-nightly-20190912-4gc2t-2068889165, networkLocation: /default-rack, certSerialId: null}
2019-09-12 06:06:59,658 [grpc-default-executor-9] INFO  impl.RaftServerProxy (RaftServerProxy.java:remove(95)) - e419d203-ae84-45b4-a349-326cccf7322d: remove group-AC406AFA1D55:null
2019-09-12 06:06:59,660 [RatisPipelineUtilsThread] WARN  pipeline.RatisPipelineUtils (RatisPipelineUtils.java:destroyPipeline(66)) - Pipeline destroy failed for pipeline=PipelineID=b4a944af-cbb9-4f34-adc2-ac406afa1d55 dn=e419d203-ae84-45b4-a349-326cccf7322d{ip: 192.168.34.52, host: trunk-nightly-20190912-4gc2t-2068889165, networkLocation: /default-rack, certSerialId: null}
2019-09-12 06:06:59,662 [grpc-default-executor-9] INFO  impl.RaftServerProxy (RaftServerProxy.java:remove(95)) - 300524ac-6f40-4001-8852-e3bc017e7a2d: remove group-AC406AFA1D55:null
2019-09-12 06:06:59,664 [RatisPipelineUtilsThread] WARN  pipeline.RatisPipelineUtils (RatisPipelineUtils.java:destroyPipeline(66)) - Pipeline destroy failed for pipeline=PipelineID=b4a944af-cbb9-4f34-adc2-ac406afa1d55 dn=300524ac-6f40-4001-8852-e3bc017e7a2d{ip: 192.168.34.52, host: trunk-nightly-20190912-4gc2t-2068889165, networkLocation: /default-rack, certSerialId: null}
2019-09-12 06:06:59,664 [RatisPipelineUtilsThread] ERROR pipeline.SCMPipelineManager (Scheduler.java:lambda$schedule$1(70)) - Destroy pipeline failed for pipeline:Pipeline[ Id: b4a944af-cbb9-4f34-adc2-ac406afa1d55, Nodes: 63029d58-985e-44b6-b8f1-28f19ea5ad76{ip: 192.168.34.52, host: trunk-nightly-20190912-4gc2t-2068889165, networkLocation: /default-rack, certSerialId: null}e419d203-ae84-45b4-a349-326cccf7322d{ip: 192.168.34.52, host: trunk-nightly-20190912-4gc2t-2068889165, networkLocation: /default-rack, certSerialId: null}300524ac-6f40-4001-8852-e3bc017e7a2d{ip: 192.168.34.52, host: trunk-nightly-20190912-4gc2t-2068889165, networkLocation: /default-rack, certSerialId: null}, Type:RATIS, Factor:THREE, State:CLOSED]
org.apache.hadoop.hdds.scm.pipeline.PipelineNotFoundException: PipelineID=b4a944af-cbb9-4f34-adc2-ac406afa1d55 not found
	at org.apache.hadoop.hdds.scm.pipeline.PipelineStateMap.getPipeline(PipelineStateMap.java:132)
	at org.apache.hadoop.hdds.scm.pipeline.PipelineStateMap.removePipeline(PipelineStateMap.java:322)
	at org.apache.hadoop.hdds.scm.pipeline.PipelineStateManager.removePipeline(PipelineStateManager.java:107)
	at org.apache.hadoop.hdds.scm.pipeline.SCMPipelineManager.removePipeline(SCMPipelineManager.java:423)
	at org.apache.hadoop.hdds.scm.pipeline.SCMPipelineManager.destroyPipeline(SCMPipelineManager.java:409)
	at org.apache.hadoop.hdds.scm.pipeline.SCMPipelineManager.lambda$finalizeAndDestroyPipeline$0(SCMPipelineManager.java:318)
	at org.apache.hadoop.utils.Scheduler.lambda$schedule$1(Scheduler.java:68)
	at java.util.concurrent.Executors$RunnableAdapter.call(Executors.java:511)
	at java.util.concurrent.FutureTask.run(FutureTask.java:266)
	at java.util.concurrent.ScheduledThreadPoolExecutor$ScheduledFutureTask.access$201(ScheduledThreadPoolExecutor.java:180)
	at java.util.concurrent.ScheduledThreadPoolExecutor$ScheduledFutureTask.run(ScheduledThreadPoolExecutor.java:293)
	at java.util.concurrent.ThreadPoolExecutor.runWorker(ThreadPoolExecutor.java:1149)
	at java.util.concurrent.ThreadPoolExecutor$Worker.run(ThreadPoolExecutor.java:624)
	at java.lang.Thread.run(Thread.java:748)
2019-09-12 06:07:01,329 [java.util.concurrent.ThreadPoolExecutor$Worker@4d4040a7[State = -1, empty queue]] WARN  server.GrpcLogAppender (GrpcLogAppender.java:timeoutAppendRequest(200)) - df009476-bbf0-43a2-af41-11b5052a445f@group-9B69FF6C6692->8f5ab14e-21d2-479d-9d33-3cad9b590bd0-GrpcLogAppender: appendEntries Timeout, request=df009476-bbf0-43a2-af41-11b5052a445f->8f5ab14e-21d2-479d-9d33-3cad9b590bd0#180-t1, previous=(t:1, i:18), leaderCommit=12, initializing? false, entries: <empty>
2019-09-12 06:07:01,329 [java.util.concurrent.ThreadPoolExecutor$Worker@16e94c59[State = -1, empty queue]] WARN  server.GrpcLogAppender (GrpcLogAppender.java:timeoutAppendRequest(200)) - df009476-bbf0-43a2-af41-11b5052a445f@group-9B69FF6C6692->1f61edb1-ab55-473c-8774-d83fa3b21acc-GrpcLogAppender: appendEntries Timeout, request=df009476-bbf0-43a2-af41-11b5052a445f->1f61edb1-ab55-473c-8774-d83fa3b21acc#180-t1, previous=(t:1, i:18), leaderCommit=12, initializing? false, entries: <empty>
2019-09-12 06:07:01,652 [grpc-default-executor-9] INFO  impl.RaftServerProxy (RaftServerProxy.java:remove(95)) - 63029d58-985e-44b6-b8f1-28f19ea5ad76: remove group-AC406AFA1D55:null
2019-09-12 06:07:01,655 [RatisPipelineUtilsThread] WARN  pipeline.RatisPipelineUtils (RatisPipelineUtils.java:destroyPipeline(66)) - Pipeline destroy failed for pipeline=PipelineID=b4a944af-cbb9-4f34-adc2-ac406afa1d55 dn=63029d58-985e-44b6-b8f1-28f19ea5ad76{ip: 192.168.34.52, host: trunk-nightly-20190912-4gc2t-2068889165, networkLocation: /default-rack, certSerialId: null}
2019-09-12 06:07:01,658 [grpc-default-executor-9] INFO  impl.RaftServerProxy (RaftServerProxy.java:remove(95)) - e419d203-ae84-45b4-a349-326cccf7322d: remove group-AC406AFA1D55:null
2019-09-12 06:07:01,660 [RatisPipelineUtilsThread] WARN  pipeline.RatisPipelineUtils (RatisPipelineUtils.java:destroyPipeline(66)) - Pipeline destroy failed for pipeline=PipelineID=b4a944af-cbb9-4f34-adc2-ac406afa1d55 dn=e419d203-ae84-45b4-a349-326cccf7322d{ip: 192.168.34.52, host: trunk-nightly-20190912-4gc2t-2068889165, networkLocation: /default-rack, certSerialId: null}
2019-09-12 06:07:01,662 [grpc-default-executor-9] INFO  impl.RaftServerProxy (RaftServerProxy.java:remove(95)) - 300524ac-6f40-4001-8852-e3bc017e7a2d: remove group-AC406AFA1D55:null
2019-09-12 06:07:01,664 [RatisPipelineUtilsThread] WARN  pipeline.RatisPipelineUtils (RatisPipelineUtils.java:destroyPipeline(66)) - Pipeline destroy failed for pipeline=PipelineID=b4a944af-cbb9-4f34-adc2-ac406afa1d55 dn=300524ac-6f40-4001-8852-e3bc017e7a2d{ip: 192.168.34.52, host: trunk-nightly-20190912-4gc2t-2068889165, networkLocation: /default-rack, certSerialId: null}
2019-09-12 06:07:01,664 [RatisPipelineUtilsThread] ERROR pipeline.SCMPipelineManager (Scheduler.java:lambda$schedule$1(70)) - Destroy pipeline failed for pipeline:Pipeline[ Id: b4a944af-cbb9-4f34-adc2-ac406afa1d55, Nodes: 63029d58-985e-44b6-b8f1-28f19ea5ad76{ip: 192.168.34.52, host: trunk-nightly-20190912-4gc2t-2068889165, networkLocation: /default-rack, certSerialId: null}e419d203-ae84-45b4-a349-326cccf7322d{ip: 192.168.34.52, host: trunk-nightly-20190912-4gc2t-2068889165, networkLocation: /default-rack, certSerialId: null}300524ac-6f40-4001-8852-e3bc017e7a2d{ip: 192.168.34.52, host: trunk-nightly-20190912-4gc2t-2068889165, networkLocation: /default-rack, certSerialId: null}, Type:RATIS, Factor:THREE, State:CLOSED]
org.apache.hadoop.hdds.scm.pipeline.PipelineNotFoundException: PipelineID=b4a944af-cbb9-4f34-adc2-ac406afa1d55 not found
	at org.apache.hadoop.hdds.scm.pipeline.PipelineStateMap.getPipeline(PipelineStateMap.java:132)
	at org.apache.hadoop.hdds.scm.pipeline.PipelineStateMap.removePipeline(PipelineStateMap.java:322)
	at org.apache.hadoop.hdds.scm.pipeline.PipelineStateManager.removePipeline(PipelineStateManager.java:107)
	at org.apache.hadoop.hdds.scm.pipeline.SCMPipelineManager.removePipeline(SCMPipelineManager.java:423)
	at org.apache.hadoop.hdds.scm.pipeline.SCMPipelineManager.destroyPipeline(SCMPipelineManager.java:409)
	at org.apache.hadoop.hdds.scm.pipeline.SCMPipelineManager.lambda$finalizeAndDestroyPipeline$0(SCMPipelineManager.java:318)
	at org.apache.hadoop.utils.Scheduler.lambda$schedule$1(Scheduler.java:68)
	at java.util.concurrent.Executors$RunnableAdapter.call(Executors.java:511)
	at java.util.concurrent.FutureTask.run(FutureTask.java:266)
	at java.util.concurrent.ScheduledThreadPoolExecutor$ScheduledFutureTask.access$201(ScheduledThreadPoolExecutor.java:180)
	at java.util.concurrent.ScheduledThreadPoolExecutor$ScheduledFutureTask.run(ScheduledThreadPoolExecutor.java:293)
	at java.util.concurrent.ThreadPoolExecutor.runWorker(ThreadPoolExecutor.java:1149)
	at java.util.concurrent.ThreadPoolExecutor$Worker.run(ThreadPoolExecutor.java:624)
	at java.lang.Thread.run(Thread.java:748)
2019-09-12 06:07:03,598 [grpc-default-executor-9] INFO  client.GrpcClientProtocolClient (GrpcClientProtocolClient.java:onNext(264)) - client-88DF9C2A5C96->8f5ab14e-21d2-479d-9d33-3cad9b590bd0: receive RaftClientReply:client-88DF9C2A5C96->8f5ab14e-21d2-479d-9d33-3cad9b590bd0@group-9B69FF6C6692, cid=244, FAILED org.apache.ratis.protocol.NotLeaderException: Server 8f5ab14e-21d2-479d-9d33-3cad9b590bd0@group-9B69FF6C6692 is not the leader df009476-bbf0-43a2-af41-11b5052a445f:192.168.34.52:35732, logIndex=0, commits[8f5ab14e-21d2-479d-9d33-3cad9b590bd0:c12, 1f61edb1-ab55-473c-8774-d83fa3b21acc:c12, df009476-bbf0-43a2-af41-11b5052a445f:c12]
2019-09-12 06:07:03,829 [java.util.concurrent.ThreadPoolExecutor$Worker@4d4040a7[State = -1, empty queue]] WARN  server.GrpcLogAppender (GrpcLogAppender.java:timeoutAppendRequest(200)) - df009476-bbf0-43a2-af41-11b5052a445f@group-9B69FF6C6692->8f5ab14e-21d2-479d-9d33-3cad9b590bd0-GrpcLogAppender: appendEntries Timeout, request=df009476-bbf0-43a2-af41-11b5052a445f->8f5ab14e-21d2-479d-9d33-3cad9b590bd0#181-t1, previous=(t:1, i:18), leaderCommit=12, initializing? false, entries: <empty>
2019-09-12 06:07:03,829 [java.util.concurrent.ThreadPoolExecutor$Worker@16e94c59[State = -1, empty queue]] WARN  server.GrpcLogAppender (GrpcLogAppender.java:timeoutAppendRequest(200)) - df009476-bbf0-43a2-af41-11b5052a445f@group-9B69FF6C6692->1f61edb1-ab55-473c-8774-d83fa3b21acc-GrpcLogAppender: appendEntries Timeout, request=df009476-bbf0-43a2-af41-11b5052a445f->1f61edb1-ab55-473c-8774-d83fa3b21acc#181-t1, previous=(t:1, i:18), leaderCommit=12, initializing? false, entries: <empty>
2019-09-12 06:07:04,650 [grpc-default-executor-7] INFO  impl.RaftServerProxy (RaftServerProxy.java:remove(95)) - 63029d58-985e-44b6-b8f1-28f19ea5ad76: remove group-AC406AFA1D55:null
2019-09-12 06:07:04,652 [RatisPipelineUtilsThread] WARN  pipeline.RatisPipelineUtils (RatisPipelineUtils.java:destroyPipeline(66)) - Pipeline destroy failed for pipeline=PipelineID=b4a944af-cbb9-4f34-adc2-ac406afa1d55 dn=63029d58-985e-44b6-b8f1-28f19ea5ad76{ip: 192.168.34.52, host: trunk-nightly-20190912-4gc2t-2068889165, networkLocation: /default-rack, certSerialId: null}
2019-09-12 06:07:04,655 [grpc-default-executor-7] INFO  impl.RaftServerProxy (RaftServerProxy.java:remove(95)) - e419d203-ae84-45b4-a349-326cccf7322d: remove group-AC406AFA1D55:null
2019-09-12 06:07:04,657 [RatisPipelineUtilsThread] WARN  pipeline.RatisPipelineUtils (RatisPipelineUtils.java:destroyPipeline(66)) - Pipeline destroy failed for pipeline=PipelineID=b4a944af-cbb9-4f34-adc2-ac406afa1d55 dn=e419d203-ae84-45b4-a349-326cccf7322d{ip: 192.168.34.52, host: trunk-nightly-20190912-4gc2t-2068889165, networkLocation: /default-rack, certSerialId: null}
2019-09-12 06:07:04,659 [grpc-default-executor-9] INFO  impl.RaftServerProxy (RaftServerProxy.java:remove(95)) - 300524ac-6f40-4001-8852-e3bc017e7a2d: remove group-AC406AFA1D55:null
2019-09-12 06:07:04,662 [RatisPipelineUtilsThread] WARN  pipeline.RatisPipelineUtils (RatisPipelineUtils.java:destroyPipeline(66)) - Pipeline destroy failed for pipeline=PipelineID=b4a944af-cbb9-4f34-adc2-ac406afa1d55 dn=300524ac-6f40-4001-8852-e3bc017e7a2d{ip: 192.168.34.52, host: trunk-nightly-20190912-4gc2t-2068889165, networkLocation: /default-rack, certSerialId: null}
2019-09-12 06:07:04,662 [RatisPipelineUtilsThread] ERROR pipeline.SCMPipelineManager (Scheduler.java:lambda$schedule$1(70)) - Destroy pipeline failed for pipeline:Pipeline[ Id: b4a944af-cbb9-4f34-adc2-ac406afa1d55, Nodes: 63029d58-985e-44b6-b8f1-28f19ea5ad76{ip: 192.168.34.52, host: trunk-nightly-20190912-4gc2t-2068889165, networkLocation: /default-rack, certSerialId: null}e419d203-ae84-45b4-a349-326cccf7322d{ip: 192.168.34.52, host: trunk-nightly-20190912-4gc2t-2068889165, networkLocation: /default-rack, certSerialId: null}300524ac-6f40-4001-8852-e3bc017e7a2d{ip: 192.168.34.52, host: trunk-nightly-20190912-4gc2t-2068889165, networkLocation: /default-rack, certSerialId: null}, Type:RATIS, Factor:THREE, State:CLOSED]
org.apache.hadoop.hdds.scm.pipeline.PipelineNotFoundException: PipelineID=b4a944af-cbb9-4f34-adc2-ac406afa1d55 not found
	at org.apache.hadoop.hdds.scm.pipeline.PipelineStateMap.getPipeline(PipelineStateMap.java:132)
	at org.apache.hadoop.hdds.scm.pipeline.PipelineStateMap.removePipeline(PipelineStateMap.java:322)
	at org.apache.hadoop.hdds.scm.pipeline.PipelineStateManager.removePipeline(PipelineStateManager.java:107)
	at org.apache.hadoop.hdds.scm.pipeline.SCMPipelineManager.removePipeline(SCMPipelineManager.java:423)
	at org.apache.hadoop.hdds.scm.pipeline.SCMPipelineManager.destroyPipeline(SCMPipelineManager.java:409)
	at org.apache.hadoop.hdds.scm.pipeline.SCMPipelineManager.lambda$finalizeAndDestroyPipeline$0(SCMPipelineManager.java:318)
	at org.apache.hadoop.utils.Scheduler.lambda$schedule$1(Scheduler.java:68)
	at java.util.concurrent.Executors$RunnableAdapter.call(Executors.java:511)
	at java.util.concurrent.FutureTask.run(FutureTask.java:266)
	at java.util.concurrent.ScheduledThreadPoolExecutor$ScheduledFutureTask.access$201(ScheduledThreadPoolExecutor.java:180)
	at java.util.concurrent.ScheduledThreadPoolExecutor$ScheduledFutureTask.run(ScheduledThreadPoolExecutor.java:293)
	at java.util.concurrent.ThreadPoolExecutor.runWorker(ThreadPoolExecutor.java:1149)
	at java.util.concurrent.ThreadPoolExecutor$Worker.run(ThreadPoolExecutor.java:624)
	at java.lang.Thread.run(Thread.java:748)
2019-09-12 06:07:06,329 [java.util.concurrent.ThreadPoolExecutor$Worker@4d4040a7[State = -1, empty queue]] WARN  server.GrpcLogAppender (GrpcLogAppender.java:timeoutAppendRequest(200)) - df009476-bbf0-43a2-af41-11b5052a445f@group-9B69FF6C6692->8f5ab14e-21d2-479d-9d33-3cad9b590bd0-GrpcLogAppender: appendEntries Timeout, request=df009476-bbf0-43a2-af41-11b5052a445f->8f5ab14e-21d2-479d-9d33-3cad9b590bd0#182-t1, previous=(t:1, i:18), leaderCommit=12, initializing? false, entries: <empty>
2019-09-12 06:07:06,329 [java.util.concurrent.ThreadPoolExecutor$Worker@16e94c59[State = -1, empty queue]] WARN  server.GrpcLogAppender (GrpcLogAppender.java:timeoutAppendRequest(200)) - df009476-bbf0-43a2-af41-11b5052a445f@group-9B69FF6C6692->1f61edb1-ab55-473c-8774-d83fa3b21acc-GrpcLogAppender: appendEntries Timeout, request=df009476-bbf0-43a2-af41-11b5052a445f->1f61edb1-ab55-473c-8774-d83fa3b21acc#182-t1, previous=(t:1, i:18), leaderCommit=12, initializing? false, entries: <empty>
2019-09-12 06:07:06,650 [grpc-default-executor-9] INFO  impl.RaftServerProxy (RaftServerProxy.java:remove(95)) - 63029d58-985e-44b6-b8f1-28f19ea5ad76: remove group-AC406AFA1D55:null
2019-09-12 06:07:06,652 [RatisPipelineUtilsThread] WARN  pipeline.RatisPipelineUtils (RatisPipelineUtils.java:destroyPipeline(66)) - Pipeline destroy failed for pipeline=PipelineID=b4a944af-cbb9-4f34-adc2-ac406afa1d55 dn=63029d58-985e-44b6-b8f1-28f19ea5ad76{ip: 192.168.34.52, host: trunk-nightly-20190912-4gc2t-2068889165, networkLocation: /default-rack, certSerialId: null}
2019-09-12 06:07:06,655 [grpc-default-executor-9] INFO  impl.RaftServerProxy (RaftServerProxy.java:remove(95)) - e419d203-ae84-45b4-a349-326cccf7322d: remove group-AC406AFA1D55:null
2019-09-12 06:07:06,657 [RatisPipelineUtilsThread] WARN  pipeline.RatisPipelineUtils (RatisPipelineUtils.java:destroyPipeline(66)) - Pipeline destroy failed for pipeline=PipelineID=b4a944af-cbb9-4f34-adc2-ac406afa1d55 dn=e419d203-ae84-45b4-a349-326cccf7322d{ip: 192.168.34.52, host: trunk-nightly-20190912-4gc2t-2068889165, networkLocation: /default-rack, certSerialId: null}
2019-09-12 06:07:06,659 [grpc-default-executor-9] INFO  impl.RaftServerProxy (RaftServerProxy.java:remove(95)) - 300524ac-6f40-4001-8852-e3bc017e7a2d: remove group-AC406AFA1D55:null
2019-09-12 06:07:06,660 [RatisPipelineUtilsThread] WARN  pipeline.RatisPipelineUtils (RatisPipelineUtils.java:destroyPipeline(66)) - Pipeline destroy failed for pipeline=PipelineID=b4a944af-cbb9-4f34-adc2-ac406afa1d55 dn=300524ac-6f40-4001-8852-e3bc017e7a2d{ip: 192.168.34.52, host: trunk-nightly-20190912-4gc2t-2068889165, networkLocation: /default-rack, certSerialId: null}
2019-09-12 06:07:06,661 [RatisPipelineUtilsThread] ERROR pipeline.SCMPipelineManager (Scheduler.java:lambda$schedule$1(70)) - Destroy pipeline failed for pipeline:Pipeline[ Id: b4a944af-cbb9-4f34-adc2-ac406afa1d55, Nodes: 63029d58-985e-44b6-b8f1-28f19ea5ad76{ip: 192.168.34.52, host: trunk-nightly-20190912-4gc2t-2068889165, networkLocation: /default-rack, certSerialId: null}e419d203-ae84-45b4-a349-326cccf7322d{ip: 192.168.34.52, host: trunk-nightly-20190912-4gc2t-2068889165, networkLocation: /default-rack, certSerialId: null}300524ac-6f40-4001-8852-e3bc017e7a2d{ip: 192.168.34.52, host: trunk-nightly-20190912-4gc2t-2068889165, networkLocation: /default-rack, certSerialId: null}, Type:RATIS, Factor:THREE, State:CLOSED]
org.apache.hadoop.hdds.scm.pipeline.PipelineNotFoundException: PipelineID=b4a944af-cbb9-4f34-adc2-ac406afa1d55 not found
	at org.apache.hadoop.hdds.scm.pipeline.PipelineStateMap.getPipeline(PipelineStateMap.java:132)
	at org.apache.hadoop.hdds.scm.pipeline.PipelineStateMap.removePipeline(PipelineStateMap.java:322)
	at org.apache.hadoop.hdds.scm.pipeline.PipelineStateManager.removePipeline(PipelineStateManager.java:107)
	at org.apache.hadoop.hdds.scm.pipeline.SCMPipelineManager.removePipeline(SCMPipelineManager.java:423)
	at org.apache.hadoop.hdds.scm.pipeline.SCMPipelineManager.destroyPipeline(SCMPipelineManager.java:409)
	at org.apache.hadoop.hdds.scm.pipeline.SCMPipelineManager.lambda$finalizeAndDestroyPipeline$0(SCMPipelineManager.java:318)
	at org.apache.hadoop.utils.Scheduler.lambda$schedule$1(Scheduler.java:68)
	at java.util.concurrent.Executors$RunnableAdapter.call(Executors.java:511)
	at java.util.concurrent.FutureTask.run(FutureTask.java:266)
	at java.util.concurrent.ScheduledThreadPoolExecutor$ScheduledFutureTask.access$201(ScheduledThreadPoolExecutor.java:180)
	at java.util.concurrent.ScheduledThreadPoolExecutor$ScheduledFutureTask.run(ScheduledThreadPoolExecutor.java:293)
	at java.util.concurrent.ThreadPoolExecutor.runWorker(ThreadPoolExecutor.java:1149)
	at java.util.concurrent.ThreadPoolExecutor$Worker.run(ThreadPoolExecutor.java:624)
	at java.lang.Thread.run(Thread.java:748)
2019-09-12 06:07:08,324 [1f61edb1-ab55-473c-8774-d83fa3b21acc@group-9B69FF6C6692-SegmentedRaftLogWorker] WARN  segmented.SegmentedRaftLogWorker (SegmentedRaftLogWorker.java:getFromFuture(90)) - Timeout 3/~
org.apache.ratis.protocol.TimeoutIOException: Timeout 10s: WriteLog:13: (t:1, i:13), STATEMACHINELOGENTRY, client-88DF9C2A5C96, cid=244-writeStateMachineData
	at org.apache.ratis.util.IOUtils.getFromFuture(IOUtils.java:87)
	at org.apache.ratis.server.raftlog.segmented.SegmentedRaftLogWorker$StateMachineDataPolicy.getFromFuture(SegmentedRaftLogWorker.java:87)
	at org.apache.ratis.server.raftlog.segmented.SegmentedRaftLogWorker$WriteLog.execute(SegmentedRaftLogWorker.java:477)
	at org.apache.ratis.server.raftlog.segmented.SegmentedRaftLogWorker.run(SegmentedRaftLogWorker.java:289)
	at java.lang.Thread.run(Thread.java:748)
Caused by: java.util.concurrent.TimeoutException
	at java.util.concurrent.CompletableFuture.timedGet(CompletableFuture.java:1771)
	at java.util.concurrent.CompletableFuture.get(CompletableFuture.java:1915)
	at org.apache.ratis.util.IOUtils.getFromFuture(IOUtils.java:79)
	... 4 more
2019-09-12 06:07:08,325 [8f5ab14e-21d2-479d-9d33-3cad9b590bd0@group-9B69FF6C6692-SegmentedRaftLogWorker] WARN  segmented.SegmentedRaftLogWorker (SegmentedRaftLogWorker.java:getFromFuture(90)) - Timeout 3/~
org.apache.ratis.protocol.TimeoutIOException: Timeout 10s: WriteLog:13: (t:1, i:13), STATEMACHINELOGENTRY, client-88DF9C2A5C96, cid=244-writeStateMachineData
	at org.apache.ratis.util.IOUtils.getFromFuture(IOUtils.java:87)
	at org.apache.ratis.server.raftlog.segmented.SegmentedRaftLogWorker$StateMachineDataPolicy.getFromFuture(SegmentedRaftLogWorker.java:87)
	at org.apache.ratis.server.raftlog.segmented.SegmentedRaftLogWorker$WriteLog.execute(SegmentedRaftLogWorker.java:477)
	at org.apache.ratis.server.raftlog.segmented.SegmentedRaftLogWorker.run(SegmentedRaftLogWorker.java:289)
	at java.lang.Thread.run(Thread.java:748)
Caused by: java.util.concurrent.TimeoutException
	at java.util.concurrent.CompletableFuture.timedGet(CompletableFuture.java:1771)
	at java.util.concurrent.CompletableFuture.get(CompletableFuture.java:1915)
	at org.apache.ratis.util.IOUtils.getFromFuture(IOUtils.java:79)
	... 4 more
2019-09-12 06:07:08,325 [df009476-bbf0-43a2-af41-11b5052a445f@group-9B69FF6C6692-SegmentedRaftLogWorker] WARN  segmented.SegmentedRaftLogWorker (SegmentedRaftLogWorker.java:getFromFuture(90)) - Timeout 3/~
org.apache.ratis.protocol.TimeoutIOException: Timeout 10s: WriteLog:13: (t:1, i:13), STATEMACHINELOGENTRY, client-88DF9C2A5C96, cid=244-writeStateMachineData
	at org.apache.ratis.util.IOUtils.getFromFuture(IOUtils.java:87)
	at org.apache.ratis.server.raftlog.segmented.SegmentedRaftLogWorker$StateMachineDataPolicy.getFromFuture(SegmentedRaftLogWorker.java:87)
	at org.apache.ratis.server.raftlog.segmented.SegmentedRaftLogWorker$WriteLog.execute(SegmentedRaftLogWorker.java:477)
	at org.apache.ratis.server.raftlog.segmented.SegmentedRaftLogWorker.run(SegmentedRaftLogWorker.java:289)
	at java.lang.Thread.run(Thread.java:748)
Caused by: java.util.concurrent.TimeoutException
	at java.util.concurrent.CompletableFuture.timedGet(CompletableFuture.java:1771)
	at java.util.concurrent.CompletableFuture.get(CompletableFuture.java:1915)
	at org.apache.ratis.util.IOUtils.getFromFuture(IOUtils.java:79)
	... 4 more
2019-09-12 06:07:08,632 [grpc-default-executor-9] INFO  client.GrpcClientProtocolClient (GrpcClientProtocolClient.java:onNext(264)) - client-88DF9C2A5C96->1f61edb1-ab55-473c-8774-d83fa3b21acc: receive RaftClientReply:client-88DF9C2A5C96->1f61edb1-ab55-473c-8774-d83fa3b21acc@group-9B69FF6C6692, cid=244, FAILED org.apache.ratis.protocol.NotLeaderException: Server 1f61edb1-ab55-473c-8774-d83fa3b21acc@group-9B69FF6C6692 is not the leader df009476-bbf0-43a2-af41-11b5052a445f:192.168.34.52:35732, logIndex=0, commits[1f61edb1-ab55-473c-8774-d83fa3b21acc:c12, 8f5ab14e-21d2-479d-9d33-3cad9b590bd0:c12, df009476-bbf0-43a2-af41-11b5052a445f:c12]
2019-09-12 06:07:08,829 [java.util.concurrent.ThreadPoolExecutor$Worker@16e94c59[State = -1, empty queue]] WARN  server.GrpcLogAppender (GrpcLogAppender.java:timeoutAppendRequest(200)) - df009476-bbf0-43a2-af41-11b5052a445f@group-9B69FF6C6692->1f61edb1-ab55-473c-8774-d83fa3b21acc-GrpcLogAppender: appendEntries Timeout, request=df009476-bbf0-43a2-af41-11b5052a445f->1f61edb1-ab55-473c-8774-d83fa3b21acc#183-t1, previous=(t:1, i:18), leaderCommit=12, initializing? false, entries: <empty>
2019-09-12 06:07:08,829 [java.util.concurrent.ThreadPoolExecutor$Worker@4d4040a7[State = -1, empty queue]] WARN  server.GrpcLogAppender (GrpcLogAppender.java:timeoutAppendRequest(200)) - df009476-bbf0-43a2-af41-11b5052a445f@group-9B69FF6C6692->8f5ab14e-21d2-479d-9d33-3cad9b590bd0-GrpcLogAppender: appendEntries Timeout, request=df009476-bbf0-43a2-af41-11b5052a445f->8f5ab14e-21d2-479d-9d33-3cad9b590bd0#183-t1, previous=(t:1, i:18), leaderCommit=12, initializing? false, entries: <empty>
2019-09-12 06:07:09,649 [grpc-default-executor-9] INFO  impl.RaftServerProxy (RaftServerProxy.java:remove(95)) - 63029d58-985e-44b6-b8f1-28f19ea5ad76: remove group-AC406AFA1D55:null
2019-09-12 06:07:09,652 [RatisPipelineUtilsThread] WARN  pipeline.RatisPipelineUtils (RatisPipelineUtils.java:destroyPipeline(66)) - Pipeline destroy failed for pipeline=PipelineID=b4a944af-cbb9-4f34-adc2-ac406afa1d55 dn=63029d58-985e-44b6-b8f1-28f19ea5ad76{ip: 192.168.34.52, host: trunk-nightly-20190912-4gc2t-2068889165, networkLocation: /default-rack, certSerialId: null}
2019-09-12 06:07:09,654 [grpc-default-executor-9] INFO  impl.RaftServerProxy (RaftServerProxy.java:remove(95)) - e419d203-ae84-45b4-a349-326cccf7322d: remove group-AC406AFA1D55:null
2019-09-12 06:07:09,656 [RatisPipelineUtilsThread] WARN  pipeline.RatisPipelineUtils (RatisPipelineUtils.java:destroyPipeline(66)) - Pipeline destroy failed for pipeline=PipelineID=b4a944af-cbb9-4f34-adc2-ac406afa1d55 dn=e419d203-ae84-45b4-a349-326cccf7322d{ip: 192.168.34.52, host: trunk-nightly-20190912-4gc2t-2068889165, networkLocation: /default-rack, certSerialId: null}
2019-09-12 06:07:09,657 [grpc-default-executor-9] INFO  impl.RaftServerProxy (RaftServerProxy.java:remove(95)) - 300524ac-6f40-4001-8852-e3bc017e7a2d: remove group-AC406AFA1D55:null
2019-09-12 06:07:09,659 [RatisPipelineUtilsThread] WARN  pipeline.RatisPipelineUtils (RatisPipelineUtils.java:destroyPipeline(66)) - Pipeline destroy failed for pipeline=PipelineID=b4a944af-cbb9-4f34-adc2-ac406afa1d55 dn=300524ac-6f40-4001-8852-e3bc017e7a2d{ip: 192.168.34.52, host: trunk-nightly-20190912-4gc2t-2068889165, networkLocation: /default-rack, certSerialId: null}
2019-09-12 06:07:09,659 [RatisPipelineUtilsThread] ERROR pipeline.SCMPipelineManager (Scheduler.java:lambda$schedule$1(70)) - Destroy pipeline failed for pipeline:Pipeline[ Id: b4a944af-cbb9-4f34-adc2-ac406afa1d55, Nodes: 63029d58-985e-44b6-b8f1-28f19ea5ad76{ip: 192.168.34.52, host: trunk-nightly-20190912-4gc2t-2068889165, networkLocation: /default-rack, certSerialId: null}e419d203-ae84-45b4-a349-326cccf7322d{ip: 192.168.34.52, host: trunk-nightly-20190912-4gc2t-2068889165, networkLocation: /default-rack, certSerialId: null}300524ac-6f40-4001-8852-e3bc017e7a2d{ip: 192.168.34.52, host: trunk-nightly-20190912-4gc2t-2068889165, networkLocation: /default-rack, certSerialId: null}, Type:RATIS, Factor:THREE, State:CLOSED]
org.apache.hadoop.hdds.scm.pipeline.PipelineNotFoundException: PipelineID=b4a944af-cbb9-4f34-adc2-ac406afa1d55 not found
	at org.apache.hadoop.hdds.scm.pipeline.PipelineStateMap.getPipeline(PipelineStateMap.java:132)
	at org.apache.hadoop.hdds.scm.pipeline.PipelineStateMap.removePipeline(PipelineStateMap.java:322)
	at org.apache.hadoop.hdds.scm.pipeline.PipelineStateManager.removePipeline(PipelineStateManager.java:107)
	at org.apache.hadoop.hdds.scm.pipeline.SCMPipelineManager.removePipeline(SCMPipelineManager.java:423)
	at org.apache.hadoop.hdds.scm.pipeline.SCMPipelineManager.destroyPipeline(SCMPipelineManager.java:409)
	at org.apache.hadoop.hdds.scm.pipeline.SCMPipelineManager.lambda$finalizeAndDestroyPipeline$0(SCMPipelineManager.java:318)
	at org.apache.hadoop.utils.Scheduler.lambda$schedule$1(Scheduler.java:68)
	at java.util.concurrent.Executors$RunnableAdapter.call(Executors.java:511)
	at java.util.concurrent.FutureTask.run(FutureTask.java:266)
	at java.util.concurrent.ScheduledThreadPoolExecutor$ScheduledFutureTask.access$201(ScheduledThreadPoolExecutor.java:180)
	at java.util.concurrent.ScheduledThreadPoolExecutor$ScheduledFutureTask.run(ScheduledThreadPoolExecutor.java:293)
	at java.util.concurrent.ThreadPoolExecutor.runWorker(ThreadPoolExecutor.java:1149)
	at java.util.concurrent.ThreadPoolExecutor$Worker.run(ThreadPoolExecutor.java:624)
	at java.lang.Thread.run(Thread.java:748)
2019-09-12 06:07:11,330 [java.util.concurrent.ThreadPoolExecutor$Worker@16e94c59[State = -1, empty queue]] WARN  server.GrpcLogAppender (GrpcLogAppender.java:timeoutAppendRequest(200)) - df009476-bbf0-43a2-af41-11b5052a445f@group-9B69FF6C6692->1f61edb1-ab55-473c-8774-d83fa3b21acc-GrpcLogAppender: appendEntries Timeout, request=df009476-bbf0-43a2-af41-11b5052a445f->1f61edb1-ab55-473c-8774-d83fa3b21acc#184-t1, previous=(t:1, i:18), leaderCommit=12, initializing? false, entries: <empty>
2019-09-12 06:07:11,330 [java.util.concurrent.ThreadPoolExecutor$Worker@4d4040a7[State = -1, empty queue]] WARN  server.GrpcLogAppender (GrpcLogAppender.java:timeoutAppendRequest(200)) - df009476-bbf0-43a2-af41-11b5052a445f@group-9B69FF6C6692->8f5ab14e-21d2-479d-9d33-3cad9b590bd0-GrpcLogAppender: appendEntries Timeout, request=df009476-bbf0-43a2-af41-11b5052a445f->8f5ab14e-21d2-479d-9d33-3cad9b590bd0#184-t1, previous=(t:1, i:18), leaderCommit=12, initializing? false, entries: <empty>
2019-09-12 06:07:11,650 [grpc-default-executor-7] INFO  impl.RaftServerProxy (RaftServerProxy.java:remove(95)) - 63029d58-985e-44b6-b8f1-28f19ea5ad76: remove group-AC406AFA1D55:null
2019-09-12 06:07:11,652 [RatisPipelineUtilsThread] WARN  pipeline.RatisPipelineUtils (RatisPipelineUtils.java:destroyPipeline(66)) - Pipeline destroy failed for pipeline=PipelineID=b4a944af-cbb9-4f34-adc2-ac406afa1d55 dn=63029d58-985e-44b6-b8f1-28f19ea5ad76{ip: 192.168.34.52, host: trunk-nightly-20190912-4gc2t-2068889165, networkLocation: /default-rack, certSerialId: null}
2019-09-12 06:07:11,655 [grpc-default-executor-7] INFO  impl.RaftServerProxy (RaftServerProxy.java:remove(95)) - e419d203-ae84-45b4-a349-326cccf7322d: remove group-AC406AFA1D55:null
2019-09-12 06:07:11,657 [RatisPipelineUtilsThread] WARN  pipeline.RatisPipelineUtils (RatisPipelineUtils.java:destroyPipeline(66)) - Pipeline destroy failed for pipeline=PipelineID=b4a944af-cbb9-4f34-adc2-ac406afa1d55 dn=e419d203-ae84-45b4-a349-326cccf7322d{ip: 192.168.34.52, host: trunk-nightly-20190912-4gc2t-2068889165, networkLocation: /default-rack, certSerialId: null}
2019-09-12 06:07:11,659 [grpc-default-executor-7] INFO  impl.RaftServerProxy (RaftServerProxy.java:remove(95)) - 300524ac-6f40-4001-8852-e3bc017e7a2d: remove group-AC406AFA1D55:null
2019-09-12 06:07:11,661 [RatisPipelineUtilsThread] WARN  pipeline.RatisPipelineUtils (RatisPipelineUtils.java:destroyPipeline(66)) - Pipeline destroy failed for pipeline=PipelineID=b4a944af-cbb9-4f34-adc2-ac406afa1d55 dn=300524ac-6f40-4001-8852-e3bc017e7a2d{ip: 192.168.34.52, host: trunk-nightly-20190912-4gc2t-2068889165, networkLocation: /default-rack, certSerialId: null}
2019-09-12 06:07:11,661 [RatisPipelineUtilsThread] ERROR pipeline.SCMPipelineManager (Scheduler.java:lambda$schedule$1(70)) - Destroy pipeline failed for pipeline:Pipeline[ Id: b4a944af-cbb9-4f34-adc2-ac406afa1d55, Nodes: 63029d58-985e-44b6-b8f1-28f19ea5ad76{ip: 192.168.34.52, host: trunk-nightly-20190912-4gc2t-2068889165, networkLocation: /default-rack, certSerialId: null}e419d203-ae84-45b4-a349-326cccf7322d{ip: 192.168.34.52, host: trunk-nightly-20190912-4gc2t-2068889165, networkLocation: /default-rack, certSerialId: null}300524ac-6f40-4001-8852-e3bc017e7a2d{ip: 192.168.34.52, host: trunk-nightly-20190912-4gc2t-2068889165, networkLocation: /default-rack, certSerialId: null}, Type:RATIS, Factor:THREE, State:CLOSED]
org.apache.hadoop.hdds.scm.pipeline.PipelineNotFoundException: PipelineID=b4a944af-cbb9-4f34-adc2-ac406afa1d55 not found
	at org.apache.hadoop.hdds.scm.pipeline.PipelineStateMap.getPipeline(PipelineStateMap.java:132)
	at org.apache.hadoop.hdds.scm.pipeline.PipelineStateMap.removePipeline(PipelineStateMap.java:322)
	at org.apache.hadoop.hdds.scm.pipeline.PipelineStateManager.removePipeline(PipelineStateManager.java:107)
	at org.apache.hadoop.hdds.scm.pipeline.SCMPipelineManager.removePipeline(SCMPipelineManager.java:423)
	at org.apache.hadoop.hdds.scm.pipeline.SCMPipelineManager.destroyPipeline(SCMPipelineManager.java:409)
	at org.apache.hadoop.hdds.scm.pipeline.SCMPipelineManager.lambda$finalizeAndDestroyPipeline$0(SCMPipelineManager.java:318)
	at org.apache.hadoop.utils.Scheduler.lambda$schedule$1(Scheduler.java:68)
	at java.util.concurrent.Executors$RunnableAdapter.call(Executors.java:511)
	at java.util.concurrent.FutureTask.run(FutureTask.java:266)
	at java.util.concurrent.ScheduledThreadPoolExecutor$ScheduledFutureTask.access$201(ScheduledThreadPoolExecutor.java:180)
	at java.util.concurrent.ScheduledThreadPoolExecutor$ScheduledFutureTask.run(ScheduledThreadPoolExecutor.java:293)
	at java.util.concurrent.ThreadPoolExecutor.runWorker(ThreadPoolExecutor.java:1149)
	at java.util.concurrent.ThreadPoolExecutor$Worker.run(ThreadPoolExecutor.java:624)
	at java.lang.Thread.run(Thread.java:748)
2019-09-12 06:07:13,664 [grpc-default-executor-9] INFO  client.GrpcClientProtocolClient (GrpcClientProtocolClient.java:onNext(264)) - client-88DF9C2A5C96->8f5ab14e-21d2-479d-9d33-3cad9b590bd0: receive RaftClientReply:client-88DF9C2A5C96->8f5ab14e-21d2-479d-9d33-3cad9b590bd0@group-9B69FF6C6692, cid=244, FAILED org.apache.ratis.protocol.NotLeaderException: Server 8f5ab14e-21d2-479d-9d33-3cad9b590bd0@group-9B69FF6C6692 is not the leader df009476-bbf0-43a2-af41-11b5052a445f:192.168.34.52:35732, logIndex=0, commits[8f5ab14e-21d2-479d-9d33-3cad9b590bd0:c12, 1f61edb1-ab55-473c-8774-d83fa3b21acc:c12, df009476-bbf0-43a2-af41-11b5052a445f:c12]
2019-09-12 06:07:13,830 [java.util.concurrent.ThreadPoolExecutor$Worker@16e94c59[State = -1, empty queue]] WARN  server.GrpcLogAppender (GrpcLogAppender.java:timeoutAppendRequest(200)) - df009476-bbf0-43a2-af41-11b5052a445f@group-9B69FF6C6692->1f61edb1-ab55-473c-8774-d83fa3b21acc-GrpcLogAppender: appendEntries Timeout, request=df009476-bbf0-43a2-af41-11b5052a445f->1f61edb1-ab55-473c-8774-d83fa3b21acc#185-t1, previous=(t:1, i:18), leaderCommit=12, initializing? false, entries: <empty>
2019-09-12 06:07:13,830 [java.util.concurrent.ThreadPoolExecutor$Worker@4d4040a7[State = -1, empty queue]] WARN  server.GrpcLogAppender (GrpcLogAppender.java:timeoutAppendRequest(200)) - df009476-bbf0-43a2-af41-11b5052a445f@group-9B69FF6C6692->8f5ab14e-21d2-479d-9d33-3cad9b590bd0-GrpcLogAppender: appendEntries Timeout, request=df009476-bbf0-43a2-af41-11b5052a445f->8f5ab14e-21d2-479d-9d33-3cad9b590bd0#185-t1, previous=(t:1, i:18), leaderCommit=12, initializing? false, entries: <empty>
2019-09-12 06:07:14,649 [grpc-default-executor-7] INFO  impl.RaftServerProxy (RaftServerProxy.java:remove(95)) - 63029d58-985e-44b6-b8f1-28f19ea5ad76: remove group-AC406AFA1D55:null
2019-09-12 06:07:14,652 [RatisPipelineUtilsThread] WARN  pipeline.RatisPipelineUtils (RatisPipelineUtils.java:destroyPipeline(66)) - Pipeline destroy failed for pipeline=PipelineID=b4a944af-cbb9-4f34-adc2-ac406afa1d55 dn=63029d58-985e-44b6-b8f1-28f19ea5ad76{ip: 192.168.34.52, host: trunk-nightly-20190912-4gc2t-2068889165, networkLocation: /default-rack, certSerialId: null}
2019-09-12 06:07:14,654 [grpc-default-executor-7] INFO  impl.RaftServerProxy (RaftServerProxy.java:remove(95)) - e419d203-ae84-45b4-a349-326cccf7322d: remove group-AC406AFA1D55:null
2019-09-12 06:07:14,655 [RatisPipelineUtilsThread] WARN  pipeline.RatisPipelineUtils (RatisPipelineUtils.java:destroyPipeline(66)) - Pipeline destroy failed for pipeline=PipelineID=b4a944af-cbb9-4f34-adc2-ac406afa1d55 dn=e419d203-ae84-45b4-a349-326cccf7322d{ip: 192.168.34.52, host: trunk-nightly-20190912-4gc2t-2068889165, networkLocation: /default-rack, certSerialId: null}
2019-09-12 06:07:14,657 [grpc-default-executor-7] INFO  impl.RaftServerProxy (RaftServerProxy.java:remove(95)) - 300524ac-6f40-4001-8852-e3bc017e7a2d: remove group-AC406AFA1D55:null
2019-09-12 06:07:14,658 [RatisPipelineUtilsThread] WARN  pipeline.RatisPipelineUtils (RatisPipelineUtils.java:destroyPipeline(66)) - Pipeline destroy failed for pipeline=PipelineID=b4a944af-cbb9-4f34-adc2-ac406afa1d55 dn=300524ac-6f40-4001-8852-e3bc017e7a2d{ip: 192.168.34.52, host: trunk-nightly-20190912-4gc2t-2068889165, networkLocation: /default-rack, certSerialId: null}
2019-09-12 06:07:14,659 [RatisPipelineUtilsThread] ERROR pipeline.SCMPipelineManager (Scheduler.java:lambda$schedule$1(70)) - Destroy pipeline failed for pipeline:Pipeline[ Id: b4a944af-cbb9-4f34-adc2-ac406afa1d55, Nodes: 63029d58-985e-44b6-b8f1-28f19ea5ad76{ip: 192.168.34.52, host: trunk-nightly-20190912-4gc2t-2068889165, networkLocation: /default-rack, certSerialId: null}e419d203-ae84-45b4-a349-326cccf7322d{ip: 192.168.34.52, host: trunk-nightly-20190912-4gc2t-2068889165, networkLocation: /default-rack, certSerialId: null}300524ac-6f40-4001-8852-e3bc017e7a2d{ip: 192.168.34.52, host: trunk-nightly-20190912-4gc2t-2068889165, networkLocation: /default-rack, certSerialId: null}, Type:RATIS, Factor:THREE, State:CLOSED]
org.apache.hadoop.hdds.scm.pipeline.PipelineNotFoundException: PipelineID=b4a944af-cbb9-4f34-adc2-ac406afa1d55 not found
	at org.apache.hadoop.hdds.scm.pipeline.PipelineStateMap.getPipeline(PipelineStateMap.java:132)
	at org.apache.hadoop.hdds.scm.pipeline.PipelineStateMap.removePipeline(PipelineStateMap.java:322)
	at org.apache.hadoop.hdds.scm.pipeline.PipelineStateManager.removePipeline(PipelineStateManager.java:107)
	at org.apache.hadoop.hdds.scm.pipeline.SCMPipelineManager.removePipeline(SCMPipelineManager.java:423)
	at org.apache.hadoop.hdds.scm.pipeline.SCMPipelineManager.destroyPipeline(SCMPipelineManager.java:409)
	at org.apache.hadoop.hdds.scm.pipeline.SCMPipelineManager.lambda$finalizeAndDestroyPipeline$0(SCMPipelineManager.java:318)
	at org.apache.hadoop.utils.Scheduler.lambda$schedule$1(Scheduler.java:68)
	at java.util.concurrent.Executors$RunnableAdapter.call(Executors.java:511)
	at java.util.concurrent.FutureTask.run(FutureTask.java:266)
	at java.util.concurrent.ScheduledThreadPoolExecutor$ScheduledFutureTask.access$201(ScheduledThreadPoolExecutor.java:180)
	at java.util.concurrent.ScheduledThreadPoolExecutor$ScheduledFutureTask.run(ScheduledThreadPoolExecutor.java:293)
	at java.util.concurrent.ThreadPoolExecutor.runWorker(ThreadPoolExecutor.java:1149)
	at java.util.concurrent.ThreadPoolExecutor$Worker.run(ThreadPoolExecutor.java:624)
	at java.lang.Thread.run(Thread.java:748)
2019-09-12 06:07:16,330 [java.util.concurrent.ThreadPoolExecutor$Worker@16e94c59[State = -1, empty queue]] WARN  server.GrpcLogAppender (GrpcLogAppender.java:timeoutAppendRequest(200)) - df009476-bbf0-43a2-af41-11b5052a445f@group-9B69FF6C6692->1f61edb1-ab55-473c-8774-d83fa3b21acc-GrpcLogAppender: appendEntries Timeout, request=df009476-bbf0-43a2-af41-11b5052a445f->1f61edb1-ab55-473c-8774-d83fa3b21acc#186-t1, previous=(t:1, i:18), leaderCommit=12, initializing? false, entries: <empty>
2019-09-12 06:07:16,330 [java.util.concurrent.ThreadPoolExecutor$Worker@4d4040a7[State = -1, empty queue]] WARN  server.GrpcLogAppender (GrpcLogAppender.java:timeoutAppendRequest(200)) - df009476-bbf0-43a2-af41-11b5052a445f@group-9B69FF6C6692->8f5ab14e-21d2-479d-9d33-3cad9b590bd0-GrpcLogAppender: appendEntries Timeout, request=df009476-bbf0-43a2-af41-11b5052a445f->8f5ab14e-21d2-479d-9d33-3cad9b590bd0#186-t1, previous=(t:1, i:18), leaderCommit=12, initializing? false, entries: <empty>
2019-09-12 06:07:16,649 [grpc-default-executor-7] INFO  impl.RaftServerProxy (RaftServerProxy.java:remove(95)) - 63029d58-985e-44b6-b8f1-28f19ea5ad76: remove group-AC406AFA1D55:null
2019-09-12 06:07:16,651 [RatisPipelineUtilsThread] WARN  pipeline.RatisPipelineUtils (RatisPipelineUtils.java:destroyPipeline(66)) - Pipeline destroy failed for pipeline=PipelineID=b4a944af-cbb9-4f34-adc2-ac406afa1d55 dn=63029d58-985e-44b6-b8f1-28f19ea5ad76{ip: 192.168.34.52, host: trunk-nightly-20190912-4gc2t-2068889165, networkLocation: /default-rack, certSerialId: null}
2019-09-12 06:07:16,652 [grpc-default-executor-7] INFO  impl.RaftServerProxy (RaftServerProxy.java:remove(95)) - e419d203-ae84-45b4-a349-326cccf7322d: remove group-AC406AFA1D55:null
2019-09-12 06:07:16,654 [RatisPipelineUtilsThread] WARN  pipeline.RatisPipelineUtils (RatisPipelineUtils.java:destroyPipeline(66)) - Pipeline destroy failed for pipeline=PipelineID=b4a944af-cbb9-4f34-adc2-ac406afa1d55 dn=e419d203-ae84-45b4-a349-326cccf7322d{ip: 192.168.34.52, host: trunk-nightly-20190912-4gc2t-2068889165, networkLocation: /default-rack, certSerialId: null}
2019-09-12 06:07:16,655 [grpc-default-executor-7] INFO  impl.RaftServerProxy (RaftServerProxy.java:remove(95)) - 300524ac-6f40-4001-8852-e3bc017e7a2d: remove group-AC406AFA1D55:null
2019-09-12 06:07:16,657 [RatisPipelineUtilsThread] WARN  pipeline.RatisPipelineUtils (RatisPipelineUtils.java:destroyPipeline(66)) - Pipeline destroy failed for pipeline=PipelineID=b4a944af-cbb9-4f34-adc2-ac406afa1d55 dn=300524ac-6f40-4001-8852-e3bc017e7a2d{ip: 192.168.34.52, host: trunk-nightly-20190912-4gc2t-2068889165, networkLocation: /default-rack, certSerialId: null}
2019-09-12 06:07:16,657 [RatisPipelineUtilsThread] ERROR pipeline.SCMPipelineManager (Scheduler.java:lambda$schedule$1(70)) - Destroy pipeline failed for pipeline:Pipeline[ Id: b4a944af-cbb9-4f34-adc2-ac406afa1d55, Nodes: 63029d58-985e-44b6-b8f1-28f19ea5ad76{ip: 192.168.34.52, host: trunk-nightly-20190912-4gc2t-2068889165, networkLocation: /default-rack, certSerialId: null}e419d203-ae84-45b4-a349-326cccf7322d{ip: 192.168.34.52, host: trunk-nightly-20190912-4gc2t-2068889165, networkLocation: /default-rack, certSerialId: null}300524ac-6f40-4001-8852-e3bc017e7a2d{ip: 192.168.34.52, host: trunk-nightly-20190912-4gc2t-2068889165, networkLocation: /default-rack, certSerialId: null}, Type:RATIS, Factor:THREE, State:CLOSED]
org.apache.hadoop.hdds.scm.pipeline.PipelineNotFoundException: PipelineID=b4a944af-cbb9-4f34-adc2-ac406afa1d55 not found
	at org.apache.hadoop.hdds.scm.pipeline.PipelineStateMap.getPipeline(PipelineStateMap.java:132)
	at org.apache.hadoop.hdds.scm.pipeline.PipelineStateMap.removePipeline(PipelineStateMap.java:322)
	at org.apache.hadoop.hdds.scm.pipeline.PipelineStateManager.removePipeline(PipelineStateManager.java:107)
	at org.apache.hadoop.hdds.scm.pipeline.SCMPipelineManager.removePipeline(SCMPipelineManager.java:423)
	at org.apache.hadoop.hdds.scm.pipeline.SCMPipelineManager.destroyPipeline(SCMPipelineManager.java:409)
	at org.apache.hadoop.hdds.scm.pipeline.SCMPipelineManager.lambda$finalizeAndDestroyPipeline$0(SCMPipelineManager.java:318)
	at org.apache.hadoop.utils.Scheduler.lambda$schedule$1(Scheduler.java:68)
	at java.util.concurrent.Executors$RunnableAdapter.call(Executors.java:511)
	at java.util.concurrent.FutureTask.run(FutureTask.java:266)
	at java.util.concurrent.ScheduledThreadPoolExecutor$ScheduledFutureTask.access$201(ScheduledThreadPoolExecutor.java:180)
	at java.util.concurrent.ScheduledThreadPoolExecutor$ScheduledFutureTask.run(ScheduledThreadPoolExecutor.java:293)
	at java.util.concurrent.ThreadPoolExecutor.runWorker(ThreadPoolExecutor.java:1149)
	at java.util.concurrent.ThreadPoolExecutor$Worker.run(ThreadPoolExecutor.java:624)
	at java.lang.Thread.run(Thread.java:748)
2019-09-12 06:07:18,325 [1f61edb1-ab55-473c-8774-d83fa3b21acc@group-9B69FF6C6692-SegmentedRaftLogWorker] WARN  segmented.SegmentedRaftLogWorker (SegmentedRaftLogWorker.java:getFromFuture(90)) - Timeout 4/~
org.apache.ratis.protocol.TimeoutIOException: Timeout 10s: WriteLog:13: (t:1, i:13), STATEMACHINELOGENTRY, client-88DF9C2A5C96, cid=244-writeStateMachineData
	at org.apache.ratis.util.IOUtils.getFromFuture(IOUtils.java:87)
	at org.apache.ratis.server.raftlog.segmented.SegmentedRaftLogWorker$StateMachineDataPolicy.getFromFuture(SegmentedRaftLogWorker.java:87)
	at org.apache.ratis.server.raftlog.segmented.SegmentedRaftLogWorker$WriteLog.execute(SegmentedRaftLogWorker.java:477)
	at org.apache.ratis.server.raftlog.segmented.SegmentedRaftLogWorker.run(SegmentedRaftLogWorker.java:289)
	at java.lang.Thread.run(Thread.java:748)
Caused by: java.util.concurrent.TimeoutException
	at java.util.concurrent.CompletableFuture.timedGet(CompletableFuture.java:1771)
	at java.util.concurrent.CompletableFuture.get(CompletableFuture.java:1915)
	at org.apache.ratis.util.IOUtils.getFromFuture(IOUtils.java:79)
	... 4 more
2019-09-12 06:07:18,325 [8f5ab14e-21d2-479d-9d33-3cad9b590bd0@group-9B69FF6C6692-SegmentedRaftLogWorker] WARN  segmented.SegmentedRaftLogWorker (SegmentedRaftLogWorker.java:getFromFuture(90)) - Timeout 4/~
org.apache.ratis.protocol.TimeoutIOException: Timeout 10s: WriteLog:13: (t:1, i:13), STATEMACHINELOGENTRY, client-88DF9C2A5C96, cid=244-writeStateMachineData
	at org.apache.ratis.util.IOUtils.getFromFuture(IOUtils.java:87)
	at org.apache.ratis.server.raftlog.segmented.SegmentedRaftLogWorker$StateMachineDataPolicy.getFromFuture(SegmentedRaftLogWorker.java:87)
	at org.apache.ratis.server.raftlog.segmented.SegmentedRaftLogWorker$WriteLog.execute(SegmentedRaftLogWorker.java:477)
	at org.apache.ratis.server.raftlog.segmented.SegmentedRaftLogWorker.run(SegmentedRaftLogWorker.java:289)
	at java.lang.Thread.run(Thread.java:748)
Caused by: java.util.concurrent.TimeoutException
	at java.util.concurrent.CompletableFuture.timedGet(CompletableFuture.java:1771)
	at java.util.concurrent.CompletableFuture.get(CompletableFuture.java:1915)
	at org.apache.ratis.util.IOUtils.getFromFuture(IOUtils.java:79)
	... 4 more
2019-09-12 06:07:18,326 [df009476-bbf0-43a2-af41-11b5052a445f@group-9B69FF6C6692-SegmentedRaftLogWorker] WARN  segmented.SegmentedRaftLogWorker (SegmentedRaftLogWorker.java:getFromFuture(90)) - Timeout 4/~
org.apache.ratis.protocol.TimeoutIOException: Timeout 10s: WriteLog:13: (t:1, i:13), STATEMACHINELOGENTRY, client-88DF9C2A5C96, cid=244-writeStateMachineData
	at org.apache.ratis.util.IOUtils.getFromFuture(IOUtils.java:87)
	at org.apache.ratis.server.raftlog.segmented.SegmentedRaftLogWorker$StateMachineDataPolicy.getFromFuture(SegmentedRaftLogWorker.java:87)
	at org.apache.ratis.server.raftlog.segmented.SegmentedRaftLogWorker$WriteLog.execute(SegmentedRaftLogWorker.java:477)
	at org.apache.ratis.server.raftlog.segmented.SegmentedRaftLogWorker.run(SegmentedRaftLogWorker.java:289)
	at java.lang.Thread.run(Thread.java:748)
Caused by: java.util.concurrent.TimeoutException
	at java.util.concurrent.CompletableFuture.timedGet(CompletableFuture.java:1771)
	at java.util.concurrent.CompletableFuture.get(CompletableFuture.java:1915)
	at org.apache.ratis.util.IOUtils.getFromFuture(IOUtils.java:79)
	... 4 more
2019-09-12 06:07:18,700 [grpc-default-executor-7] INFO  client.GrpcClientProtocolClient (GrpcClientProtocolClient.java:onNext(264)) - client-88DF9C2A5C96->1f61edb1-ab55-473c-8774-d83fa3b21acc: receive RaftClientReply:client-88DF9C2A5C96->1f61edb1-ab55-473c-8774-d83fa3b21acc@group-9B69FF6C6692, cid=244, FAILED org.apache.ratis.protocol.NotLeaderException: Server 1f61edb1-ab55-473c-8774-d83fa3b21acc@group-9B69FF6C6692 is not the leader df009476-bbf0-43a2-af41-11b5052a445f:192.168.34.52:35732, logIndex=0, commits[1f61edb1-ab55-473c-8774-d83fa3b21acc:c12, 8f5ab14e-21d2-479d-9d33-3cad9b590bd0:c12, df009476-bbf0-43a2-af41-11b5052a445f:c12]
2019-09-12 06:07:18,830 [java.util.concurrent.ThreadPoolExecutor$Worker@16e94c59[State = -1, empty queue]] WARN  server.GrpcLogAppender (GrpcLogAppender.java:timeoutAppendRequest(200)) - df009476-bbf0-43a2-af41-11b5052a445f@group-9B69FF6C6692->1f61edb1-ab55-473c-8774-d83fa3b21acc-GrpcLogAppender: appendEntries Timeout, request=df009476-bbf0-43a2-af41-11b5052a445f->1f61edb1-ab55-473c-8774-d83fa3b21acc#187-t1, previous=(t:1, i:18), leaderCommit=12, initializing? false, entries: <empty>
2019-09-12 06:07:18,830 [java.util.concurrent.ThreadPoolExecutor$Worker@4d4040a7[State = -1, empty queue]] WARN  server.GrpcLogAppender (GrpcLogAppender.java:timeoutAppendRequest(200)) - df009476-bbf0-43a2-af41-11b5052a445f@group-9B69FF6C6692->8f5ab14e-21d2-479d-9d33-3cad9b590bd0-GrpcLogAppender: appendEntries Timeout, request=df009476-bbf0-43a2-af41-11b5052a445f->8f5ab14e-21d2-479d-9d33-3cad9b590bd0#187-t1, previous=(t:1, i:18), leaderCommit=12, initializing? false, entries: <empty>
2019-09-12 06:07:19,650 [grpc-default-executor-7] INFO  impl.RaftServerProxy (RaftServerProxy.java:remove(95)) - 63029d58-985e-44b6-b8f1-28f19ea5ad76: remove group-AC406AFA1D55:null
2019-09-12 06:07:19,653 [RatisPipelineUtilsThread] WARN  pipeline.RatisPipelineUtils (RatisPipelineUtils.java:destroyPipeline(66)) - Pipeline destroy failed for pipeline=PipelineID=b4a944af-cbb9-4f34-adc2-ac406afa1d55 dn=63029d58-985e-44b6-b8f1-28f19ea5ad76{ip: 192.168.34.52, host: trunk-nightly-20190912-4gc2t-2068889165, networkLocation: /default-rack, certSerialId: null}
2019-09-12 06:07:19,656 [grpc-default-executor-7] INFO  impl.RaftServerProxy (RaftServerProxy.java:remove(95)) - e419d203-ae84-45b4-a349-326cccf7322d: remove group-AC406AFA1D55:null
2019-09-12 06:07:19,658 [RatisPipelineUtilsThread] WARN  pipeline.RatisPipelineUtils (RatisPipelineUtils.java:destroyPipeline(66)) - Pipeline destroy failed for pipeline=PipelineID=b4a944af-cbb9-4f34-adc2-ac406afa1d55 dn=e419d203-ae84-45b4-a349-326cccf7322d{ip: 192.168.34.52, host: trunk-nightly-20190912-4gc2t-2068889165, networkLocation: /default-rack, certSerialId: null}
2019-09-12 06:07:19,660 [grpc-default-executor-7] INFO  impl.RaftServerProxy (RaftServerProxy.java:remove(95)) - 300524ac-6f40-4001-8852-e3bc017e7a2d: remove group-AC406AFA1D55:null
2019-09-12 06:07:19,662 [RatisPipelineUtilsThread] WARN  pipeline.RatisPipelineUtils (RatisPipelineUtils.java:destroyPipeline(66)) - Pipeline destroy failed for pipeline=PipelineID=b4a944af-cbb9-4f34-adc2-ac406afa1d55 dn=300524ac-6f40-4001-8852-e3bc017e7a2d{ip: 192.168.34.52, host: trunk-nightly-20190912-4gc2t-2068889165, networkLocation: /default-rack, certSerialId: null}
2019-09-12 06:07:19,663 [RatisPipelineUtilsThread] ERROR pipeline.SCMPipelineManager (Scheduler.java:lambda$schedule$1(70)) - Destroy pipeline failed for pipeline:Pipeline[ Id: b4a944af-cbb9-4f34-adc2-ac406afa1d55, Nodes: 63029d58-985e-44b6-b8f1-28f19ea5ad76{ip: 192.168.34.52, host: trunk-nightly-20190912-4gc2t-2068889165, networkLocation: /default-rack, certSerialId: null}e419d203-ae84-45b4-a349-326cccf7322d{ip: 192.168.34.52, host: trunk-nightly-20190912-4gc2t-2068889165, networkLocation: /default-rack, certSerialId: null}300524ac-6f40-4001-8852-e3bc017e7a2d{ip: 192.168.34.52, host: trunk-nightly-20190912-4gc2t-2068889165, networkLocation: /default-rack, certSerialId: null}, Type:RATIS, Factor:THREE, State:CLOSED]
org.apache.hadoop.hdds.scm.pipeline.PipelineNotFoundException: PipelineID=b4a944af-cbb9-4f34-adc2-ac406afa1d55 not found
	at org.apache.hadoop.hdds.scm.pipeline.PipelineStateMap.getPipeline(PipelineStateMap.java:132)
	at org.apache.hadoop.hdds.scm.pipeline.PipelineStateMap.removePipeline(PipelineStateMap.java:322)
	at org.apache.hadoop.hdds.scm.pipeline.PipelineStateManager.removePipeline(PipelineStateManager.java:107)
	at org.apache.hadoop.hdds.scm.pipeline.SCMPipelineManager.removePipeline(SCMPipelineManager.java:423)
	at org.apache.hadoop.hdds.scm.pipeline.SCMPipelineManager.destroyPipeline(SCMPipelineManager.java:409)
	at org.apache.hadoop.hdds.scm.pipeline.SCMPipelineManager.lambda$finalizeAndDestroyPipeline$0(SCMPipelineManager.java:318)
	at org.apache.hadoop.utils.Scheduler.lambda$schedule$1(Scheduler.java:68)
	at java.util.concurrent.Executors$RunnableAdapter.call(Executors.java:511)
	at java.util.concurrent.FutureTask.run(FutureTask.java:266)
	at java.util.concurrent.ScheduledThreadPoolExecutor$ScheduledFutureTask.access$201(ScheduledThreadPoolExecutor.java:180)
	at java.util.concurrent.ScheduledThreadPoolExecutor$ScheduledFutureTask.run(ScheduledThreadPoolExecutor.java:293)
	at java.util.concurrent.ThreadPoolExecutor.runWorker(ThreadPoolExecutor.java:1149)
	at java.util.concurrent.ThreadPoolExecutor$Worker.run(ThreadPoolExecutor.java:624)
	at java.lang.Thread.run(Thread.java:748)
2019-09-12 06:07:21,330 [java.util.concurrent.ThreadPoolExecutor$Worker@16e94c59[State = -1, empty queue]] WARN  server.GrpcLogAppender (GrpcLogAppender.java:timeoutAppendRequest(200)) - df009476-bbf0-43a2-af41-11b5052a445f@group-9B69FF6C6692->1f61edb1-ab55-473c-8774-d83fa3b21acc-GrpcLogAppender: appendEntries Timeout, request=df009476-bbf0-43a2-af41-11b5052a445f->1f61edb1-ab55-473c-8774-d83fa3b21acc#188-t1, previous=(t:1, i:18), leaderCommit=12, initializing? false, entries: <empty>
2019-09-12 06:07:21,331 [java.util.concurrent.ThreadPoolExecutor$Worker@4d4040a7[State = -1, empty queue]] WARN  server.GrpcLogAppender (GrpcLogAppender.java:timeoutAppendRequest(200)) - df009476-bbf0-43a2-af41-11b5052a445f@group-9B69FF6C6692->8f5ab14e-21d2-479d-9d33-3cad9b590bd0-GrpcLogAppender: appendEntries Timeout, request=df009476-bbf0-43a2-af41-11b5052a445f->8f5ab14e-21d2-479d-9d33-3cad9b590bd0#188-t1, previous=(t:1, i:18), leaderCommit=12, initializing? false, entries: <empty>
2019-09-12 06:07:21,651 [grpc-default-executor-9] INFO  impl.RaftServerProxy (RaftServerProxy.java:remove(95)) - 63029d58-985e-44b6-b8f1-28f19ea5ad76: remove group-AC406AFA1D55:null
2019-09-12 06:07:21,653 [RatisPipelineUtilsThread] WARN  pipeline.RatisPipelineUtils (RatisPipelineUtils.java:destroyPipeline(66)) - Pipeline destroy failed for pipeline=PipelineID=b4a944af-cbb9-4f34-adc2-ac406afa1d55 dn=63029d58-985e-44b6-b8f1-28f19ea5ad76{ip: 192.168.34.52, host: trunk-nightly-20190912-4gc2t-2068889165, networkLocation: /default-rack, certSerialId: null}
2019-09-12 06:07:21,655 [grpc-default-executor-9] INFO  impl.RaftServerProxy (RaftServerProxy.java:remove(95)) - e419d203-ae84-45b4-a349-326cccf7322d: remove group-AC406AFA1D55:null
2019-09-12 06:07:21,656 [RatisPipelineUtilsThread] WARN  pipeline.RatisPipelineUtils (RatisPipelineUtils.java:destroyPipeline(66)) - Pipeline destroy failed for pipeline=PipelineID=b4a944af-cbb9-4f34-adc2-ac406afa1d55 dn=e419d203-ae84-45b4-a349-326cccf7322d{ip: 192.168.34.52, host: trunk-nightly-20190912-4gc2t-2068889165, networkLocation: /default-rack, certSerialId: null}
2019-09-12 06:07:21,658 [grpc-default-executor-9] INFO  impl.RaftServerProxy (RaftServerProxy.java:remove(95)) - 300524ac-6f40-4001-8852-e3bc017e7a2d: remove group-AC406AFA1D55:null
2019-09-12 06:07:21,660 [RatisPipelineUtilsThread] WARN  pipeline.RatisPipelineUtils (RatisPipelineUtils.java:destroyPipeline(66)) - Pipeline destroy failed for pipeline=PipelineID=b4a944af-cbb9-4f34-adc2-ac406afa1d55 dn=300524ac-6f40-4001-8852-e3bc017e7a2d{ip: 192.168.34.52, host: trunk-nightly-20190912-4gc2t-2068889165, networkLocation: /default-rack, certSerialId: null}
2019-09-12 06:07:21,660 [RatisPipelineUtilsThread] ERROR pipeline.SCMPipelineManager (Scheduler.java:lambda$schedule$1(70)) - Destroy pipeline failed for pipeline:Pipeline[ Id: b4a944af-cbb9-4f34-adc2-ac406afa1d55, Nodes: 63029d58-985e-44b6-b8f1-28f19ea5ad76{ip: 192.168.34.52, host: trunk-nightly-20190912-4gc2t-2068889165, networkLocation: /default-rack, certSerialId: null}e419d203-ae84-45b4-a349-326cccf7322d{ip: 192.168.34.52, host: trunk-nightly-20190912-4gc2t-2068889165, networkLocation: /default-rack, certSerialId: null}300524ac-6f40-4001-8852-e3bc017e7a2d{ip: 192.168.34.52, host: trunk-nightly-20190912-4gc2t-2068889165, networkLocation: /default-rack, certSerialId: null}, Type:RATIS, Factor:THREE, State:CLOSED]
org.apache.hadoop.hdds.scm.pipeline.PipelineNotFoundException: PipelineID=b4a944af-cbb9-4f34-adc2-ac406afa1d55 not found
	at org.apache.hadoop.hdds.scm.pipeline.PipelineStateMap.getPipeline(PipelineStateMap.java:132)
	at org.apache.hadoop.hdds.scm.pipeline.PipelineStateMap.removePipeline(PipelineStateMap.java:322)
	at org.apache.hadoop.hdds.scm.pipeline.PipelineStateManager.removePipeline(PipelineStateManager.java:107)
	at org.apache.hadoop.hdds.scm.pipeline.SCMPipelineManager.removePipeline(SCMPipelineManager.java:423)
	at org.apache.hadoop.hdds.scm.pipeline.SCMPipelineManager.destroyPipeline(SCMPipelineManager.java:409)
	at org.apache.hadoop.hdds.scm.pipeline.SCMPipelineManager.lambda$finalizeAndDestroyPipeline$0(SCMPipelineManager.java:318)
	at org.apache.hadoop.utils.Scheduler.lambda$schedule$1(Scheduler.java:68)
	at java.util.concurrent.Executors$RunnableAdapter.call(Executors.java:511)
	at java.util.concurrent.FutureTask.run(FutureTask.java:266)
	at java.util.concurrent.ScheduledThreadPoolExecutor$ScheduledFutureTask.access$201(ScheduledThreadPoolExecutor.java:180)
	at java.util.concurrent.ScheduledThreadPoolExecutor$ScheduledFutureTask.run(ScheduledThreadPoolExecutor.java:293)
	at java.util.concurrent.ThreadPoolExecutor.runWorker(ThreadPoolExecutor.java:1149)
	at java.util.concurrent.ThreadPoolExecutor$Worker.run(ThreadPoolExecutor.java:624)
	at java.lang.Thread.run(Thread.java:748)
2019-09-12 06:07:23,733 [grpc-default-executor-9] INFO  client.GrpcClientProtocolClient (GrpcClientProtocolClient.java:onNext(264)) - client-88DF9C2A5C96->1f61edb1-ab55-473c-8774-d83fa3b21acc: receive RaftClientReply:client-88DF9C2A5C96->1f61edb1-ab55-473c-8774-d83fa3b21acc@group-9B69FF6C6692, cid=244, FAILED org.apache.ratis.protocol.NotLeaderException: Server 1f61edb1-ab55-473c-8774-d83fa3b21acc@group-9B69FF6C6692 is not the leader df009476-bbf0-43a2-af41-11b5052a445f:192.168.34.52:35732, logIndex=0, commits[1f61edb1-ab55-473c-8774-d83fa3b21acc:c12, 8f5ab14e-21d2-479d-9d33-3cad9b590bd0:c12, df009476-bbf0-43a2-af41-11b5052a445f:c12]
2019-09-12 06:07:23,831 [java.util.concurrent.ThreadPoolExecutor$Worker@16e94c59[State = -1, empty queue]] WARN  server.GrpcLogAppender (GrpcLogAppender.java:timeoutAppendRequest(200)) - df009476-bbf0-43a2-af41-11b5052a445f@group-9B69FF6C6692->1f61edb1-ab55-473c-8774-d83fa3b21acc-GrpcLogAppender: appendEntries Timeout, request=df009476-bbf0-43a2-af41-11b5052a445f->1f61edb1-ab55-473c-8774-d83fa3b21acc#189-t1, previous=(t:1, i:18), leaderCommit=12, initializing? false, entries: <empty>
2019-09-12 06:07:23,831 [java.util.concurrent.ThreadPoolExecutor$Worker@4d4040a7[State = -1, empty queue]] WARN  server.GrpcLogAppender (GrpcLogAppender.java:timeoutAppendRequest(200)) - df009476-bbf0-43a2-af41-11b5052a445f@group-9B69FF6C6692->8f5ab14e-21d2-479d-9d33-3cad9b590bd0-GrpcLogAppender: appendEntries Timeout, request=df009476-bbf0-43a2-af41-11b5052a445f->8f5ab14e-21d2-479d-9d33-3cad9b590bd0#189-t1, previous=(t:1, i:18), leaderCommit=12, initializing? false, entries: <empty>
2019-09-12 06:07:24,651 [grpc-default-executor-7] INFO  impl.RaftServerProxy (RaftServerProxy.java:remove(95)) - 63029d58-985e-44b6-b8f1-28f19ea5ad76: remove group-AC406AFA1D55:null
2019-09-12 06:07:24,654 [RatisPipelineUtilsThread] WARN  pipeline.RatisPipelineUtils (RatisPipelineUtils.java:destroyPipeline(66)) - Pipeline destroy failed for pipeline=PipelineID=b4a944af-cbb9-4f34-adc2-ac406afa1d55 dn=63029d58-985e-44b6-b8f1-28f19ea5ad76{ip: 192.168.34.52, host: trunk-nightly-20190912-4gc2t-2068889165, networkLocation: /default-rack, certSerialId: null}
2019-09-12 06:07:24,656 [grpc-default-executor-7] INFO  impl.RaftServerProxy (RaftServerProxy.java:remove(95)) - e419d203-ae84-45b4-a349-326cccf7322d: remove group-AC406AFA1D55:null
2019-09-12 06:07:24,658 [RatisPipelineUtilsThread] WARN  pipeline.RatisPipelineUtils (RatisPipelineUtils.java:destroyPipeline(66)) - Pipeline destroy failed for pipeline=PipelineID=b4a944af-cbb9-4f34-adc2-ac406afa1d55 dn=e419d203-ae84-45b4-a349-326cccf7322d{ip: 192.168.34.52, host: trunk-nightly-20190912-4gc2t-2068889165, networkLocation: /default-rack, certSerialId: null}
2019-09-12 06:07:24,659 [grpc-default-executor-7] INFO  impl.RaftServerProxy (RaftServerProxy.java:remove(95)) - 300524ac-6f40-4001-8852-e3bc017e7a2d: remove group-AC406AFA1D55:null
2019-09-12 06:07:24,661 [RatisPipelineUtilsThread] WARN  pipeline.RatisPipelineUtils (RatisPipelineUtils.java:destroyPipeline(66)) - Pipeline destroy failed for pipeline=PipelineID=b4a944af-cbb9-4f34-adc2-ac406afa1d55 dn=300524ac-6f40-4001-8852-e3bc017e7a2d{ip: 192.168.34.52, host: trunk-nightly-20190912-4gc2t-2068889165, networkLocation: /default-rack, certSerialId: null}
2019-09-12 06:07:24,662 [RatisPipelineUtilsThread] ERROR pipeline.SCMPipelineManager (Scheduler.java:lambda$schedule$1(70)) - Destroy pipeline failed for pipeline:Pipeline[ Id: b4a944af-cbb9-4f34-adc2-ac406afa1d55, Nodes: 63029d58-985e-44b6-b8f1-28f19ea5ad76{ip: 192.168.34.52, host: trunk-nightly-20190912-4gc2t-2068889165, networkLocation: /default-rack, certSerialId: null}e419d203-ae84-45b4-a349-326cccf7322d{ip: 192.168.34.52, host: trunk-nightly-20190912-4gc2t-2068889165, networkLocation: /default-rack, certSerialId: null}300524ac-6f40-4001-8852-e3bc017e7a2d{ip: 192.168.34.52, host: trunk-nightly-20190912-4gc2t-2068889165, networkLocation: /default-rack, certSerialId: null}, Type:RATIS, Factor:THREE, State:CLOSED]
org.apache.hadoop.hdds.scm.pipeline.PipelineNotFoundException: PipelineID=b4a944af-cbb9-4f34-adc2-ac406afa1d55 not found
	at org.apache.hadoop.hdds.scm.pipeline.PipelineStateMap.getPipeline(PipelineStateMap.java:132)
	at org.apache.hadoop.hdds.scm.pipeline.PipelineStateMap.removePipeline(PipelineStateMap.java:322)
	at org.apache.hadoop.hdds.scm.pipeline.PipelineStateManager.removePipeline(PipelineStateManager.java:107)
	at org.apache.hadoop.hdds.scm.pipeline.SCMPipelineManager.removePipeline(SCMPipelineManager.java:423)
	at org.apache.hadoop.hdds.scm.pipeline.SCMPipelineManager.destroyPipeline(SCMPipelineManager.java:409)
	at org.apache.hadoop.hdds.scm.pipeline.SCMPipelineManager.lambda$finalizeAndDestroyPipeline$0(SCMPipelineManager.java:318)
	at org.apache.hadoop.utils.Scheduler.lambda$schedule$1(Scheduler.java:68)
	at java.util.concurrent.Executors$RunnableAdapter.call(Executors.java:511)
	at java.util.concurrent.FutureTask.run(FutureTask.java:266)
	at java.util.concurrent.ScheduledThreadPoolExecutor$ScheduledFutureTask.access$201(ScheduledThreadPoolExecutor.java:180)
	at java.util.concurrent.ScheduledThreadPoolExecutor$ScheduledFutureTask.run(ScheduledThreadPoolExecutor.java:293)
	at java.util.concurrent.ThreadPoolExecutor.runWorker(ThreadPoolExecutor.java:1149)
	at java.util.concurrent.ThreadPoolExecutor$Worker.run(ThreadPoolExecutor.java:624)
	at java.lang.Thread.run(Thread.java:748)
2019-09-12 06:07:26,331 [java.util.concurrent.ThreadPoolExecutor$Worker@16e94c59[State = -1, empty queue]] WARN  server.GrpcLogAppender (GrpcLogAppender.java:timeoutAppendRequest(200)) - df009476-bbf0-43a2-af41-11b5052a445f@group-9B69FF6C6692->1f61edb1-ab55-473c-8774-d83fa3b21acc-GrpcLogAppender: appendEntries Timeout, request=df009476-bbf0-43a2-af41-11b5052a445f->1f61edb1-ab55-473c-8774-d83fa3b21acc#190-t1, previous=(t:1, i:18), leaderCommit=12, initializing? false, entries: <empty>
2019-09-12 06:07:26,331 [java.util.concurrent.ThreadPoolExecutor$Worker@4d4040a7[State = -1, empty queue]] WARN  server.GrpcLogAppender (GrpcLogAppender.java:timeoutAppendRequest(200)) - df009476-bbf0-43a2-af41-11b5052a445f@group-9B69FF6C6692->8f5ab14e-21d2-479d-9d33-3cad9b590bd0-GrpcLogAppender: appendEntries Timeout, request=df009476-bbf0-43a2-af41-11b5052a445f->8f5ab14e-21d2-479d-9d33-3cad9b590bd0#190-t1, previous=(t:1, i:18), leaderCommit=12, initializing? false, entries: <empty>
2019-09-12 06:07:26,653 [grpc-default-executor-7] INFO  impl.RaftServerProxy (RaftServerProxy.java:remove(95)) - 63029d58-985e-44b6-b8f1-28f19ea5ad76: remove group-AC406AFA1D55:null
2019-09-12 06:07:26,656 [RatisPipelineUtilsThread] WARN  pipeline.RatisPipelineUtils (RatisPipelineUtils.java:destroyPipeline(66)) - Pipeline destroy failed for pipeline=PipelineID=b4a944af-cbb9-4f34-adc2-ac406afa1d55 dn=63029d58-985e-44b6-b8f1-28f19ea5ad76{ip: 192.168.34.52, host: trunk-nightly-20190912-4gc2t-2068889165, networkLocation: /default-rack, certSerialId: null}
2019-09-12 06:07:26,659 [grpc-default-executor-7] INFO  impl.RaftServerProxy (RaftServerProxy.java:remove(95)) - e419d203-ae84-45b4-a349-326cccf7322d: remove group-AC406AFA1D55:null
2019-09-12 06:07:26,661 [RatisPipelineUtilsThread] WARN  pipeline.RatisPipelineUtils (RatisPipelineUtils.java:destroyPipeline(66)) - Pipeline destroy failed for pipeline=PipelineID=b4a944af-cbb9-4f34-adc2-ac406afa1d55 dn=e419d203-ae84-45b4-a349-326cccf7322d{ip: 192.168.34.52, host: trunk-nightly-20190912-4gc2t-2068889165, networkLocation: /default-rack, certSerialId: null}
2019-09-12 06:07:26,664 [grpc-default-executor-7] INFO  impl.RaftServerProxy (RaftServerProxy.java:remove(95)) - 300524ac-6f40-4001-8852-e3bc017e7a2d: remove group-AC406AFA1D55:null
2019-09-12 06:07:26,666 [RatisPipelineUtilsThread] WARN  pipeline.RatisPipelineUtils (RatisPipelineUtils.java:destroyPipeline(66)) - Pipeline destroy failed for pipeline=PipelineID=b4a944af-cbb9-4f34-adc2-ac406afa1d55 dn=300524ac-6f40-4001-8852-e3bc017e7a2d{ip: 192.168.34.52, host: trunk-nightly-20190912-4gc2t-2068889165, networkLocation: /default-rack, certSerialId: null}
2019-09-12 06:07:26,666 [RatisPipelineUtilsThread] ERROR pipeline.SCMPipelineManager (Scheduler.java:lambda$schedule$1(70)) - Destroy pipeline failed for pipeline:Pipeline[ Id: b4a944af-cbb9-4f34-adc2-ac406afa1d55, Nodes: 63029d58-985e-44b6-b8f1-28f19ea5ad76{ip: 192.168.34.52, host: trunk-nightly-20190912-4gc2t-2068889165, networkLocation: /default-rack, certSerialId: null}e419d203-ae84-45b4-a349-326cccf7322d{ip: 192.168.34.52, host: trunk-nightly-20190912-4gc2t-2068889165, networkLocation: /default-rack, certSerialId: null}300524ac-6f40-4001-8852-e3bc017e7a2d{ip: 192.168.34.52, host: trunk-nightly-20190912-4gc2t-2068889165, networkLocation: /default-rack, certSerialId: null}, Type:RATIS, Factor:THREE, State:CLOSED]
org.apache.hadoop.hdds.scm.pipeline.PipelineNotFoundException: PipelineID=b4a944af-cbb9-4f34-adc2-ac406afa1d55 not found
	at org.apache.hadoop.hdds.scm.pipeline.PipelineStateMap.getPipeline(PipelineStateMap.java:132)
	at org.apache.hadoop.hdds.scm.pipeline.PipelineStateMap.removePipeline(PipelineStateMap.java:322)
	at org.apache.hadoop.hdds.scm.pipeline.PipelineStateManager.removePipeline(PipelineStateManager.java:107)
	at org.apache.hadoop.hdds.scm.pipeline.SCMPipelineManager.removePipeline(SCMPipelineManager.java:423)
	at org.apache.hadoop.hdds.scm.pipeline.SCMPipelineManager.destroyPipeline(SCMPipelineManager.java:409)
	at org.apache.hadoop.hdds.scm.pipeline.SCMPipelineManager.lambda$finalizeAndDestroyPipeline$0(SCMPipelineManager.java:318)
	at org.apache.hadoop.utils.Scheduler.lambda$schedule$1(Scheduler.java:68)
	at java.util.concurrent.Executors$RunnableAdapter.call(Executors.java:511)
	at java.util.concurrent.FutureTask.run(FutureTask.java:266)
	at java.util.concurrent.ScheduledThreadPoolExecutor$ScheduledFutureTask.access$201(ScheduledThreadPoolExecutor.java:180)
	at java.util.concurrent.ScheduledThreadPoolExecutor$ScheduledFutureTask.run(ScheduledThreadPoolExecutor.java:293)
	at java.util.concurrent.ThreadPoolExecutor.runWorker(ThreadPoolExecutor.java:1149)
	at java.util.concurrent.ThreadPoolExecutor$Worker.run(ThreadPoolExecutor.java:624)
	at java.lang.Thread.run(Thread.java:748)
2019-09-12 06:07:27,679 [grpc-default-executor-7] INFO  impl.RaftServerProxy (RaftServerProxy.java:remove(95)) - 63029d58-985e-44b6-b8f1-28f19ea5ad76: remove group-AC406AFA1D55:null
2019-09-12 06:07:27,681 [RatisPipelineUtilsThread] WARN  pipeline.RatisPipelineUtils (RatisPipelineUtils.java:destroyPipeline(66)) - Pipeline destroy failed for pipeline=PipelineID=b4a944af-cbb9-4f34-adc2-ac406afa1d55 dn=63029d58-985e-44b6-b8f1-28f19ea5ad76{ip: 192.168.34.52, host: trunk-nightly-20190912-4gc2t-2068889165, networkLocation: /default-rack, certSerialId: null}
2019-09-12 06:07:27,683 [grpc-default-executor-7] INFO  impl.RaftServerProxy (RaftServerProxy.java:remove(95)) - e419d203-ae84-45b4-a349-326cccf7322d: remove group-AC406AFA1D55:null
2019-09-12 06:07:27,685 [RatisPipelineUtilsThread] WARN  pipeline.RatisPipelineUtils (RatisPipelineUtils.java:destroyPipeline(66)) - Pipeline destroy failed for pipeline=PipelineID=b4a944af-cbb9-4f34-adc2-ac406afa1d55 dn=e419d203-ae84-45b4-a349-326cccf7322d{ip: 192.168.34.52, host: trunk-nightly-20190912-4gc2t-2068889165, networkLocation: /default-rack, certSerialId: null}
2019-09-12 06:07:27,687 [grpc-default-executor-7] INFO  impl.RaftServerProxy (RaftServerProxy.java:remove(95)) - 300524ac-6f40-4001-8852-e3bc017e7a2d: remove group-AC406AFA1D55:null
2019-09-12 06:07:27,689 [RatisPipelineUtilsThread] WARN  pipeline.RatisPipelineUtils (RatisPipelineUtils.java:destroyPipeline(66)) - Pipeline destroy failed for pipeline=PipelineID=b4a944af-cbb9-4f34-adc2-ac406afa1d55 dn=300524ac-6f40-4001-8852-e3bc017e7a2d{ip: 192.168.34.52, host: trunk-nightly-20190912-4gc2t-2068889165, networkLocation: /default-rack, certSerialId: null}
2019-09-12 06:07:27,689 [RatisPipelineUtilsThread] ERROR pipeline.SCMPipelineManager (Scheduler.java:lambda$schedule$1(70)) - Destroy pipeline failed for pipeline:Pipeline[ Id: b4a944af-cbb9-4f34-adc2-ac406afa1d55, Nodes: 63029d58-985e-44b6-b8f1-28f19ea5ad76{ip: 192.168.34.52, host: trunk-nightly-20190912-4gc2t-2068889165, networkLocation: /default-rack, certSerialId: null}e419d203-ae84-45b4-a349-326cccf7322d{ip: 192.168.34.52, host: trunk-nightly-20190912-4gc2t-2068889165, networkLocation: /default-rack, certSerialId: null}300524ac-6f40-4001-8852-e3bc017e7a2d{ip: 192.168.34.52, host: trunk-nightly-20190912-4gc2t-2068889165, networkLocation: /default-rack, certSerialId: null}, Type:RATIS, Factor:THREE, State:CLOSED]
org.apache.hadoop.hdds.scm.pipeline.PipelineNotFoundException: PipelineID=b4a944af-cbb9-4f34-adc2-ac406afa1d55 not found
	at org.apache.hadoop.hdds.scm.pipeline.PipelineStateMap.getPipeline(PipelineStateMap.java:132)
	at org.apache.hadoop.hdds.scm.pipeline.PipelineStateMap.removePipeline(PipelineStateMap.java:322)
	at org.apache.hadoop.hdds.scm.pipeline.PipelineStateManager.removePipeline(PipelineStateManager.java:107)
	at org.apache.hadoop.hdds.scm.pipeline.SCMPipelineManager.removePipeline(SCMPipelineManager.java:423)
	at org.apache.hadoop.hdds.scm.pipeline.SCMPipelineManager.destroyPipeline(SCMPipelineManager.java:409)
	at org.apache.hadoop.hdds.scm.pipeline.SCMPipelineManager.lambda$finalizeAndDestroyPipeline$0(SCMPipelineManager.java:318)
	at org.apache.hadoop.utils.Scheduler.lambda$schedule$1(Scheduler.java:68)
	at java.util.concurrent.Executors$RunnableAdapter.call(Executors.java:511)
	at java.util.concurrent.FutureTask.run(FutureTask.java:266)
	at java.util.concurrent.ScheduledThreadPoolExecutor$ScheduledFutureTask.access$201(ScheduledThreadPoolExecutor.java:180)
	at java.util.concurrent.ScheduledThreadPoolExecutor$ScheduledFutureTask.run(ScheduledThreadPoolExecutor.java:293)
	at java.util.concurrent.ThreadPoolExecutor.runWorker(ThreadPoolExecutor.java:1149)
	at java.util.concurrent.ThreadPoolExecutor$Worker.run(ThreadPoolExecutor.java:624)
	at java.lang.Thread.run(Thread.java:748)
2019-09-12 06:07:27,818 [grpc-default-executor-7] INFO  impl.RaftServerProxy (RaftServerProxy.java:remove(95)) - 63029d58-985e-44b6-b8f1-28f19ea5ad76: remove group-AC406AFA1D55:null
2019-09-12 06:07:27,821 [RatisPipelineUtilsThread] WARN  pipeline.RatisPipelineUtils (RatisPipelineUtils.java:destroyPipeline(66)) - Pipeline destroy failed for pipeline=PipelineID=b4a944af-cbb9-4f34-adc2-ac406afa1d55 dn=63029d58-985e-44b6-b8f1-28f19ea5ad76{ip: 192.168.34.52, host: trunk-nightly-20190912-4gc2t-2068889165, networkLocation: /default-rack, certSerialId: null}
2019-09-12 06:07:27,822 [grpc-default-executor-7] INFO  impl.RaftServerProxy (RaftServerProxy.java:remove(95)) - e419d203-ae84-45b4-a349-326cccf7322d: remove group-AC406AFA1D55:null
2019-09-12 06:07:27,824 [RatisPipelineUtilsThread] WARN  pipeline.RatisPipelineUtils (RatisPipelineUtils.java:destroyPipeline(66)) - Pipeline destroy failed for pipeline=PipelineID=b4a944af-cbb9-4f34-adc2-ac406afa1d55 dn=e419d203-ae84-45b4-a349-326cccf7322d{ip: 192.168.34.52, host: trunk-nightly-20190912-4gc2t-2068889165, networkLocation: /default-rack, certSerialId: null}
2019-09-12 06:07:27,826 [grpc-default-executor-7] INFO  impl.RaftServerProxy (RaftServerProxy.java:remove(95)) - 300524ac-6f40-4001-8852-e3bc017e7a2d: remove group-AC406AFA1D55:null
2019-09-12 06:07:27,828 [RatisPipelineUtilsThread] WARN  pipeline.RatisPipelineUtils (RatisPipelineUtils.java:destroyPipeline(66)) - Pipeline destroy failed for pipeline=PipelineID=b4a944af-cbb9-4f34-adc2-ac406afa1d55 dn=300524ac-6f40-4001-8852-e3bc017e7a2d{ip: 192.168.34.52, host: trunk-nightly-20190912-4gc2t-2068889165, networkLocation: /default-rack, certSerialId: null}
2019-09-12 06:07:27,828 [RatisPipelineUtilsThread] ERROR pipeline.SCMPipelineManager (Scheduler.java:lambda$schedule$1(70)) - Destroy pipeline failed for pipeline:Pipeline[ Id: b4a944af-cbb9-4f34-adc2-ac406afa1d55, Nodes: 63029d58-985e-44b6-b8f1-28f19ea5ad76{ip: 192.168.34.52, host: trunk-nightly-20190912-4gc2t-2068889165, networkLocation: /default-rack, certSerialId: null}e419d203-ae84-45b4-a349-326cccf7322d{ip: 192.168.34.52, host: trunk-nightly-20190912-4gc2t-2068889165, networkLocation: /default-rack, certSerialId: null}300524ac-6f40-4001-8852-e3bc017e7a2d{ip: 192.168.34.52, host: trunk-nightly-20190912-4gc2t-2068889165, networkLocation: /default-rack, certSerialId: null}, Type:RATIS, Factor:THREE, State:CLOSED]
org.apache.hadoop.hdds.scm.pipeline.PipelineNotFoundException: PipelineID=b4a944af-cbb9-4f34-adc2-ac406afa1d55 not found
	at org.apache.hadoop.hdds.scm.pipeline.PipelineStateMap.getPipeline(PipelineStateMap.java:132)
	at org.apache.hadoop.hdds.scm.pipeline.PipelineStateMap.removePipeline(PipelineStateMap.java:322)
	at org.apache.hadoop.hdds.scm.pipeline.PipelineStateManager.removePipeline(PipelineStateManager.java:107)
	at org.apache.hadoop.hdds.scm.pipeline.SCMPipelineManager.removePipeline(SCMPipelineManager.java:423)
	at org.apache.hadoop.hdds.scm.pipeline.SCMPipelineManager.destroyPipeline(SCMPipelineManager.java:409)
	at org.apache.hadoop.hdds.scm.pipeline.SCMPipelineManager.lambda$finalizeAndDestroyPipeline$0(SCMPipelineManager.java:318)
	at org.apache.hadoop.utils.Scheduler.lambda$schedule$1(Scheduler.java:68)
	at java.util.concurrent.Executors$RunnableAdapter.call(Executors.java:511)
	at java.util.concurrent.FutureTask.run(FutureTask.java:266)
	at java.util.concurrent.ScheduledThreadPoolExecutor$ScheduledFutureTask.access$201(ScheduledThreadPoolExecutor.java:180)
	at java.util.concurrent.ScheduledThreadPoolExecutor$ScheduledFutureTask.run(ScheduledThreadPoolExecutor.java:293)
	at java.util.concurrent.ThreadPoolExecutor.runWorker(ThreadPoolExecutor.java:1149)
	at java.util.concurrent.ThreadPoolExecutor$Worker.run(ThreadPoolExecutor.java:624)
	at java.lang.Thread.run(Thread.java:748)
2019-09-12 06:07:27,946 [grpc-default-executor-7] INFO  impl.RaftServerProxy (RaftServerProxy.java:remove(95)) - 63029d58-985e-44b6-b8f1-28f19ea5ad76: remove group-AC406AFA1D55:null
2019-09-12 06:07:27,949 [RatisPipelineUtilsThread] WARN  pipeline.RatisPipelineUtils (RatisPipelineUtils.java:destroyPipeline(66)) - Pipeline destroy failed for pipeline=PipelineID=b4a944af-cbb9-4f34-adc2-ac406afa1d55 dn=63029d58-985e-44b6-b8f1-28f19ea5ad76{ip: 192.168.34.52, host: trunk-nightly-20190912-4gc2t-2068889165, networkLocation: /default-rack, certSerialId: null}
2019-09-12 06:07:27,951 [grpc-default-executor-7] INFO  impl.RaftServerProxy (RaftServerProxy.java:remove(95)) - e419d203-ae84-45b4-a349-326cccf7322d: remove group-AC406AFA1D55:null
2019-09-12 06:07:27,953 [RatisPipelineUtilsThread] WARN  pipeline.RatisPipelineUtils (RatisPipelineUtils.java:destroyPipeline(66)) - Pipeline destroy failed for pipeline=PipelineID=b4a944af-cbb9-4f34-adc2-ac406afa1d55 dn=e419d203-ae84-45b4-a349-326cccf7322d{ip: 192.168.34.52, host: trunk-nightly-20190912-4gc2t-2068889165, networkLocation: /default-rack, certSerialId: null}
2019-09-12 06:07:27,955 [grpc-default-executor-7] INFO  impl.RaftServerProxy (RaftServerProxy.java:remove(95)) - 300524ac-6f40-4001-8852-e3bc017e7a2d: remove group-AC406AFA1D55:null
2019-09-12 06:07:27,957 [RatisPipelineUtilsThread] WARN  pipeline.RatisPipelineUtils (RatisPipelineUtils.java:destroyPipeline(66)) - Pipeline destroy failed for pipeline=PipelineID=b4a944af-cbb9-4f34-adc2-ac406afa1d55 dn=300524ac-6f40-4001-8852-e3bc017e7a2d{ip: 192.168.34.52, host: trunk-nightly-20190912-4gc2t-2068889165, networkLocation: /default-rack, certSerialId: null}
2019-09-12 06:07:27,957 [RatisPipelineUtilsThread] ERROR pipeline.SCMPipelineManager (Scheduler.java:lambda$schedule$1(70)) - Destroy pipeline failed for pipeline:Pipeline[ Id: b4a944af-cbb9-4f34-adc2-ac406afa1d55, Nodes: 63029d58-985e-44b6-b8f1-28f19ea5ad76{ip: 192.168.34.52, host: trunk-nightly-20190912-4gc2t-2068889165, networkLocation: /default-rack, certSerialId: null}e419d203-ae84-45b4-a349-326cccf7322d{ip: 192.168.34.52, host: trunk-nightly-20190912-4gc2t-2068889165, networkLocation: /default-rack, certSerialId: null}300524ac-6f40-4001-8852-e3bc017e7a2d{ip: 192.168.34.52, host: trunk-nightly-20190912-4gc2t-2068889165, networkLocation: /default-rack, certSerialId: null}, Type:RATIS, Factor:THREE, State:CLOSED]
org.apache.hadoop.hdds.scm.pipeline.PipelineNotFoundException: PipelineID=b4a944af-cbb9-4f34-adc2-ac406afa1d55 not found
	at org.apache.hadoop.hdds.scm.pipeline.PipelineStateMap.getPipeline(PipelineStateMap.java:132)
	at org.apache.hadoop.hdds.scm.pipeline.PipelineStateMap.removePipeline(PipelineStateMap.java:322)
	at org.apache.hadoop.hdds.scm.pipeline.PipelineStateManager.removePipeline(PipelineStateManager.java:107)
	at org.apache.hadoop.hdds.scm.pipeline.SCMPipelineManager.removePipeline(SCMPipelineManager.java:423)
	at org.apache.hadoop.hdds.scm.pipeline.SCMPipelineManager.destroyPipeline(SCMPipelineManager.java:409)
	at org.apache.hadoop.hdds.scm.pipeline.SCMPipelineManager.lambda$finalizeAndDestroyPipeline$0(SCMPipelineManager.java:318)
	at org.apache.hadoop.utils.Scheduler.lambda$schedule$1(Scheduler.java:68)
	at java.util.concurrent.Executors$RunnableAdapter.call(Executors.java:511)
	at java.util.concurrent.FutureTask.run(FutureTask.java:266)
	at java.util.concurrent.ScheduledThreadPoolExecutor$ScheduledFutureTask.access$201(ScheduledThreadPoolExecutor.java:180)
	at java.util.concurrent.ScheduledThreadPoolExecutor$ScheduledFutureTask.run(ScheduledThreadPoolExecutor.java:293)
	at java.util.concurrent.ThreadPoolExecutor.runWorker(ThreadPoolExecutor.java:1149)
	at java.util.concurrent.ThreadPoolExecutor$Worker.run(ThreadPoolExecutor.java:624)
	at java.lang.Thread.run(Thread.java:748)
2019-09-12 06:07:28,326 [1f61edb1-ab55-473c-8774-d83fa3b21acc@group-9B69FF6C6692-SegmentedRaftLogWorker] WARN  segmented.SegmentedRaftLogWorker (SegmentedRaftLogWorker.java:getFromFuture(90)) - Timeout 5/~
org.apache.ratis.protocol.TimeoutIOException: Timeout 10s: WriteLog:13: (t:1, i:13), STATEMACHINELOGENTRY, client-88DF9C2A5C96, cid=244-writeStateMachineData
	at org.apache.ratis.util.IOUtils.getFromFuture(IOUtils.java:87)
	at org.apache.ratis.server.raftlog.segmented.SegmentedRaftLogWorker$StateMachineDataPolicy.getFromFuture(SegmentedRaftLogWorker.java:87)
	at org.apache.ratis.server.raftlog.segmented.SegmentedRaftLogWorker$WriteLog.execute(SegmentedRaftLogWorker.java:477)
	at org.apache.ratis.server.raftlog.segmented.SegmentedRaftLogWorker.run(SegmentedRaftLogWorker.java:289)
	at java.lang.Thread.run(Thread.java:748)
Caused by: java.util.concurrent.TimeoutException
	at java.util.concurrent.CompletableFuture.timedGet(CompletableFuture.java:1771)
	at java.util.concurrent.CompletableFuture.get(CompletableFuture.java:1915)
	at org.apache.ratis.util.IOUtils.getFromFuture(IOUtils.java:79)
	... 4 more
2019-09-12 06:07:28,327 [df009476-bbf0-43a2-af41-11b5052a445f@group-9B69FF6C6692-SegmentedRaftLogWorker] WARN  segmented.SegmentedRaftLogWorker (SegmentedRaftLogWorker.java:getFromFuture(90)) - Timeout 5/~
org.apache.ratis.protocol.TimeoutIOException: Timeout 10s: WriteLog:13: (t:1, i:13), STATEMACHINELOGENTRY, client-88DF9C2A5C96, cid=244-writeStateMachineData
	at org.apache.ratis.util.IOUtils.getFromFuture(IOUtils.java:87)
	at org.apache.ratis.server.raftlog.segmented.SegmentedRaftLogWorker$StateMachineDataPolicy.getFromFuture(SegmentedRaftLogWorker.java:87)
	at org.apache.ratis.server.raftlog.segmented.SegmentedRaftLogWorker$WriteLog.execute(SegmentedRaftLogWorker.java:477)
	at org.apache.ratis.server.raftlog.segmented.SegmentedRaftLogWorker.run(SegmentedRaftLogWorker.java:289)
	at java.lang.Thread.run(Thread.java:748)
Caused by: java.util.concurrent.TimeoutException
	at java.util.concurrent.CompletableFuture.timedGet(CompletableFuture.java:1771)
	at java.util.concurrent.CompletableFuture.get(CompletableFuture.java:1915)
	at org.apache.ratis.util.IOUtils.getFromFuture(IOUtils.java:79)
	... 4 more
2019-09-12 06:07:28,326 [8f5ab14e-21d2-479d-9d33-3cad9b590bd0@group-9B69FF6C6692-SegmentedRaftLogWorker] WARN  segmented.SegmentedRaftLogWorker (SegmentedRaftLogWorker.java:getFromFuture(90)) - Timeout 5/~
org.apache.ratis.protocol.TimeoutIOException: Timeout 10s: WriteLog:13: (t:1, i:13), STATEMACHINELOGENTRY, client-88DF9C2A5C96, cid=244-writeStateMachineData
	at org.apache.ratis.util.IOUtils.getFromFuture(IOUtils.java:87)
	at org.apache.ratis.server.raftlog.segmented.SegmentedRaftLogWorker$StateMachineDataPolicy.getFromFuture(SegmentedRaftLogWorker.java:87)
	at org.apache.ratis.server.raftlog.segmented.SegmentedRaftLogWorker$WriteLog.execute(SegmentedRaftLogWorker.java:477)
	at org.apache.ratis.server.raftlog.segmented.SegmentedRaftLogWorker.run(SegmentedRaftLogWorker.java:289)
	at java.lang.Thread.run(Thread.java:748)
Caused by: java.util.concurrent.TimeoutException
	at java.util.concurrent.CompletableFuture.timedGet(CompletableFuture.java:1771)
	at java.util.concurrent.CompletableFuture.get(CompletableFuture.java:1915)
	at org.apache.ratis.util.IOUtils.getFromFuture(IOUtils.java:79)
	... 4 more
2019-09-12 06:07:28,787 [grpc-default-executor-7] INFO  client.GrpcClientProtocolClient (GrpcClientProtocolClient.java:onNext(264)) - client-88DF9C2A5C96->8f5ab14e-21d2-479d-9d33-3cad9b590bd0: receive RaftClientReply:client-88DF9C2A5C96->8f5ab14e-21d2-479d-9d33-3cad9b590bd0@group-9B69FF6C6692, cid=244, FAILED org.apache.ratis.protocol.NotLeaderException: Server 8f5ab14e-21d2-479d-9d33-3cad9b590bd0@group-9B69FF6C6692 is not the leader df009476-bbf0-43a2-af41-11b5052a445f:192.168.34.52:35732, logIndex=0, commits[8f5ab14e-21d2-479d-9d33-3cad9b590bd0:c12, 1f61edb1-ab55-473c-8774-d83fa3b21acc:c12, df009476-bbf0-43a2-af41-11b5052a445f:c12]
2019-09-12 06:07:28,831 [java.util.concurrent.ThreadPoolExecutor$Worker@16e94c59[State = -1, empty queue]] WARN  server.GrpcLogAppender (GrpcLogAppender.java:timeoutAppendRequest(200)) - df009476-bbf0-43a2-af41-11b5052a445f@group-9B69FF6C6692->1f61edb1-ab55-473c-8774-d83fa3b21acc-GrpcLogAppender: appendEntries Timeout, request=df009476-bbf0-43a2-af41-11b5052a445f->1f61edb1-ab55-473c-8774-d83fa3b21acc#191-t1, previous=(t:1, i:18), leaderCommit=12, initializing? false, entries: <empty>
2019-09-12 06:07:28,831 [java.util.concurrent.ThreadPoolExecutor$Worker@4d4040a7[State = -1, empty queue]] WARN  server.GrpcLogAppender (GrpcLogAppender.java:timeoutAppendRequest(200)) - df009476-bbf0-43a2-af41-11b5052a445f@group-9B69FF6C6692->8f5ab14e-21d2-479d-9d33-3cad9b590bd0-GrpcLogAppender: appendEntries Timeout, request=df009476-bbf0-43a2-af41-11b5052a445f->8f5ab14e-21d2-479d-9d33-3cad9b590bd0#191-t1, previous=(t:1, i:18), leaderCommit=12, initializing? false, entries: <empty>
2019-09-12 06:07:31,332 [java.util.concurrent.ThreadPoolExecutor$Worker@16e94c59[State = -1, empty queue]] WARN  server.GrpcLogAppender (GrpcLogAppender.java:timeoutAppendRequest(200)) - df009476-bbf0-43a2-af41-11b5052a445f@group-9B69FF6C6692->1f61edb1-ab55-473c-8774-d83fa3b21acc-GrpcLogAppender: appendEntries Timeout, request=df009476-bbf0-43a2-af41-11b5052a445f->1f61edb1-ab55-473c-8774-d83fa3b21acc#192-t1, previous=(t:1, i:18), leaderCommit=12, initializing? false, entries: <empty>
2019-09-12 06:07:31,332 [java.util.concurrent.ThreadPoolExecutor$Worker@4d4040a7[State = -1, empty queue]] WARN  server.GrpcLogAppender (GrpcLogAppender.java:timeoutAppendRequest(200)) - df009476-bbf0-43a2-af41-11b5052a445f@group-9B69FF6C6692->8f5ab14e-21d2-479d-9d33-3cad9b590bd0-GrpcLogAppender: appendEntries Timeout, request=df009476-bbf0-43a2-af41-11b5052a445f->8f5ab14e-21d2-479d-9d33-3cad9b590bd0#192-t1, previous=(t:1, i:18), leaderCommit=12, initializing? false, entries: <empty>
2019-09-12 06:07:33,824 [grpc-default-executor-7] INFO  client.GrpcClientProtocolClient (GrpcClientProtocolClient.java:onNext(264)) - client-88DF9C2A5C96->1f61edb1-ab55-473c-8774-d83fa3b21acc: receive RaftClientReply:client-88DF9C2A5C96->1f61edb1-ab55-473c-8774-d83fa3b21acc@group-9B69FF6C6692, cid=244, FAILED org.apache.ratis.protocol.NotLeaderException: Server 1f61edb1-ab55-473c-8774-d83fa3b21acc@group-9B69FF6C6692 is not the leader df009476-bbf0-43a2-af41-11b5052a445f:192.168.34.52:35732, logIndex=0, commits[1f61edb1-ab55-473c-8774-d83fa3b21acc:c12, 8f5ab14e-21d2-479d-9d33-3cad9b590bd0:c12, df009476-bbf0-43a2-af41-11b5052a445f:c12]
2019-09-12 06:07:33,833 [java.util.concurrent.ThreadPoolExecutor$Worker@16e94c59[State = -1, empty queue]] WARN  server.GrpcLogAppender (GrpcLogAppender.java:timeoutAppendRequest(200)) - df009476-bbf0-43a2-af41-11b5052a445f@group-9B69FF6C6692->1f61edb1-ab55-473c-8774-d83fa3b21acc-GrpcLogAppender: appendEntries Timeout, request=df009476-bbf0-43a2-af41-11b5052a445f->1f61edb1-ab55-473c-8774-d83fa3b21acc#193-t1, previous=(t:1, i:18), leaderCommit=12, initializing? false, entries: <empty>
2019-09-12 06:07:33,833 [java.util.concurrent.ThreadPoolExecutor$Worker@4d4040a7[State = -1, empty queue]] WARN  server.GrpcLogAppender (GrpcLogAppender.java:timeoutAppendRequest(200)) - df009476-bbf0-43a2-af41-11b5052a445f@group-9B69FF6C6692->8f5ab14e-21d2-479d-9d33-3cad9b590bd0-GrpcLogAppender: appendEntries Timeout, request=df009476-bbf0-43a2-af41-11b5052a445f->8f5ab14e-21d2-479d-9d33-3cad9b590bd0#193-t1, previous=(t:1, i:18), leaderCommit=12, initializing? false, entries: <empty>
2019-09-12 06:07:36,332 [java.util.concurrent.ThreadPoolExecutor$Worker@16e94c59[State = -1, empty queue]] WARN  server.GrpcLogAppender (GrpcLogAppender.java:timeoutAppendRequest(200)) - df009476-bbf0-43a2-af41-11b5052a445f@group-9B69FF6C6692->1f61edb1-ab55-473c-8774-d83fa3b21acc-GrpcLogAppender: appendEntries Timeout, request=df009476-bbf0-43a2-af41-11b5052a445f->1f61edb1-ab55-473c-8774-d83fa3b21acc#194-t1, previous=(t:1, i:18), leaderCommit=12, initializing? false, entries: <empty>
2019-09-12 06:07:36,332 [java.util.concurrent.ThreadPoolExecutor$Worker@4d4040a7[State = -1, empty queue]] WARN  server.GrpcLogAppender (GrpcLogAppender.java:timeoutAppendRequest(200)) - df009476-bbf0-43a2-af41-11b5052a445f@group-9B69FF6C6692->8f5ab14e-21d2-479d-9d33-3cad9b590bd0-GrpcLogAppender: appendEntries Timeout, request=df009476-bbf0-43a2-af41-11b5052a445f->8f5ab14e-21d2-479d-9d33-3cad9b590bd0#194-t1, previous=(t:1, i:18), leaderCommit=12, initializing? false, entries: <empty>
2019-09-12 06:07:38,327 [df009476-bbf0-43a2-af41-11b5052a445f@group-9B69FF6C6692-SegmentedRaftLogWorker] WARN  segmented.SegmentedRaftLogWorker (SegmentedRaftLogWorker.java:getFromFuture(90)) - Timeout 6/~
org.apache.ratis.protocol.TimeoutIOException: Timeout 10s: WriteLog:13: (t:1, i:13), STATEMACHINELOGENTRY, client-88DF9C2A5C96, cid=244-writeStateMachineData
	at org.apache.ratis.util.IOUtils.getFromFuture(IOUtils.java:87)
	at org.apache.ratis.server.raftlog.segmented.SegmentedRaftLogWorker$StateMachineDataPolicy.getFromFuture(SegmentedRaftLogWorker.java:87)
	at org.apache.ratis.server.raftlog.segmented.SegmentedRaftLogWorker$WriteLog.execute(SegmentedRaftLogWorker.java:477)
	at org.apache.ratis.server.raftlog.segmented.SegmentedRaftLogWorker.run(SegmentedRaftLogWorker.java:289)
	at java.lang.Thread.run(Thread.java:748)
Caused by: java.util.concurrent.TimeoutException
	at java.util.concurrent.CompletableFuture.timedGet(CompletableFuture.java:1771)
	at java.util.concurrent.CompletableFuture.get(CompletableFuture.java:1915)
	at org.apache.ratis.util.IOUtils.getFromFuture(IOUtils.java:79)
	... 4 more
2019-09-12 06:07:38,328 [8f5ab14e-21d2-479d-9d33-3cad9b590bd0@group-9B69FF6C6692-SegmentedRaftLogWorker] WARN  segmented.SegmentedRaftLogWorker (SegmentedRaftLogWorker.java:getFromFuture(90)) - Timeout 6/~
org.apache.ratis.protocol.TimeoutIOException: Timeout 10s: WriteLog:13: (t:1, i:13), STATEMACHINELOGENTRY, client-88DF9C2A5C96, cid=244-writeStateMachineData
	at org.apache.ratis.util.IOUtils.getFromFuture(IOUtils.java:87)
	at org.apache.ratis.server.raftlog.segmented.SegmentedRaftLogWorker$StateMachineDataPolicy.getFromFuture(SegmentedRaftLogWorker.java:87)
	at org.apache.ratis.server.raftlog.segmented.SegmentedRaftLogWorker$WriteLog.execute(SegmentedRaftLogWorker.java:477)
	at org.apache.ratis.server.raftlog.segmented.SegmentedRaftLogWorker.run(SegmentedRaftLogWorker.java:289)
	at java.lang.Thread.run(Thread.java:748)
Caused by: java.util.concurrent.TimeoutException
	at java.util.concurrent.CompletableFuture.timedGet(CompletableFuture.java:1771)
	at java.util.concurrent.CompletableFuture.get(CompletableFuture.java:1915)
	at org.apache.ratis.util.IOUtils.getFromFuture(IOUtils.java:79)
	... 4 more
2019-09-12 06:07:38,327 [1f61edb1-ab55-473c-8774-d83fa3b21acc@group-9B69FF6C6692-SegmentedRaftLogWorker] WARN  segmented.SegmentedRaftLogWorker (SegmentedRaftLogWorker.java:getFromFuture(90)) - Timeout 6/~
org.apache.ratis.protocol.TimeoutIOException: Timeout 10s: WriteLog:13: (t:1, i:13), STATEMACHINELOGENTRY, client-88DF9C2A5C96, cid=244-writeStateMachineData
	at org.apache.ratis.util.IOUtils.getFromFuture(IOUtils.java:87)
	at org.apache.ratis.server.raftlog.segmented.SegmentedRaftLogWorker$StateMachineDataPolicy.getFromFuture(SegmentedRaftLogWorker.java:87)
	at org.apache.ratis.server.raftlog.segmented.SegmentedRaftLogWorker$WriteLog.execute(SegmentedRaftLogWorker.java:477)
	at org.apache.ratis.server.raftlog.segmented.SegmentedRaftLogWorker.run(SegmentedRaftLogWorker.java:289)
	at java.lang.Thread.run(Thread.java:748)
Caused by: java.util.concurrent.TimeoutException
	at java.util.concurrent.CompletableFuture.timedGet(CompletableFuture.java:1771)
	at java.util.concurrent.CompletableFuture.get(CompletableFuture.java:1915)
	at org.apache.ratis.util.IOUtils.getFromFuture(IOUtils.java:79)
	... 4 more
2019-09-12 06:07:38,833 [java.util.concurrent.ThreadPoolExecutor$Worker@4d4040a7[State = -1, empty queue]] WARN  server.GrpcLogAppender (GrpcLogAppender.java:timeoutAppendRequest(200)) - df009476-bbf0-43a2-af41-11b5052a445f@group-9B69FF6C6692->8f5ab14e-21d2-479d-9d33-3cad9b590bd0-GrpcLogAppender: appendEntries Timeout, request=df009476-bbf0-43a2-af41-11b5052a445f->8f5ab14e-21d2-479d-9d33-3cad9b590bd0#195-t1, previous=(t:1, i:18), leaderCommit=12, initializing? false, entries: <empty>
2019-09-12 06:07:38,833 [java.util.concurrent.ThreadPoolExecutor$Worker@16e94c59[State = -1, empty queue]] WARN  server.GrpcLogAppender (GrpcLogAppender.java:timeoutAppendRequest(200)) - df009476-bbf0-43a2-af41-11b5052a445f@group-9B69FF6C6692->1f61edb1-ab55-473c-8774-d83fa3b21acc-GrpcLogAppender: appendEntries Timeout, request=df009476-bbf0-43a2-af41-11b5052a445f->1f61edb1-ab55-473c-8774-d83fa3b21acc#195-t1, previous=(t:1, i:18), leaderCommit=12, initializing? false, entries: <empty>
2019-09-12 06:07:38,863 [grpc-default-executor-9] INFO  client.GrpcClientProtocolClient (GrpcClientProtocolClient.java:onNext(264)) - client-88DF9C2A5C96->8f5ab14e-21d2-479d-9d33-3cad9b590bd0: receive RaftClientReply:client-88DF9C2A5C96->8f5ab14e-21d2-479d-9d33-3cad9b590bd0@group-9B69FF6C6692, cid=244, FAILED org.apache.ratis.protocol.NotLeaderException: Server 8f5ab14e-21d2-479d-9d33-3cad9b590bd0@group-9B69FF6C6692 is not the leader df009476-bbf0-43a2-af41-11b5052a445f:192.168.34.52:35732, logIndex=0, commits[8f5ab14e-21d2-479d-9d33-3cad9b590bd0:c12, 1f61edb1-ab55-473c-8774-d83fa3b21acc:c12, df009476-bbf0-43a2-af41-11b5052a445f:c12]
2019-09-12 06:07:41,352 [java.util.concurrent.ThreadPoolExecutor$Worker@4d4040a7[State = -1, empty queue]] WARN  server.GrpcLogAppender (GrpcLogAppender.java:timeoutAppendRequest(200)) - df009476-bbf0-43a2-af41-11b5052a445f@group-9B69FF6C6692->8f5ab14e-21d2-479d-9d33-3cad9b590bd0-GrpcLogAppender: appendEntries Timeout, request=df009476-bbf0-43a2-af41-11b5052a445f->8f5ab14e-21d2-479d-9d33-3cad9b590bd0#196-t1, previous=(t:1, i:18), leaderCommit=12, initializing? false, entries: <empty>
2019-09-12 06:07:41,352 [java.util.concurrent.ThreadPoolExecutor$Worker@16e94c59[State = -1, empty queue]] WARN  server.GrpcLogAppender (GrpcLogAppender.java:timeoutAppendRequest(200)) - df009476-bbf0-43a2-af41-11b5052a445f@group-9B69FF6C6692->1f61edb1-ab55-473c-8774-d83fa3b21acc-GrpcLogAppender: appendEntries Timeout, request=df009476-bbf0-43a2-af41-11b5052a445f->1f61edb1-ab55-473c-8774-d83fa3b21acc#196-t1, previous=(t:1, i:18), leaderCommit=12, initializing? false, entries: <empty>
2019-09-12 06:07:43,852 [java.util.concurrent.ThreadPoolExecutor$Worker@4d4040a7[State = -1, empty queue]] WARN  server.GrpcLogAppender (GrpcLogAppender.java:timeoutAppendRequest(200)) - df009476-bbf0-43a2-af41-11b5052a445f@group-9B69FF6C6692->8f5ab14e-21d2-479d-9d33-3cad9b590bd0-GrpcLogAppender: appendEntries Timeout, request=df009476-bbf0-43a2-af41-11b5052a445f->8f5ab14e-21d2-479d-9d33-3cad9b590bd0#197-t1, previous=(t:1, i:18), leaderCommit=12, initializing? false, entries: <empty>
2019-09-12 06:07:43,852 [java.util.concurrent.ThreadPoolExecutor$Worker@16e94c59[State = -1, empty queue]] WARN  server.GrpcLogAppender (GrpcLogAppender.java:timeoutAppendRequest(200)) - df009476-bbf0-43a2-af41-11b5052a445f@group-9B69FF6C6692->1f61edb1-ab55-473c-8774-d83fa3b21acc-GrpcLogAppender: appendEntries Timeout, request=df009476-bbf0-43a2-af41-11b5052a445f->1f61edb1-ab55-473c-8774-d83fa3b21acc#197-t1, previous=(t:1, i:18), leaderCommit=12, initializing? false, entries: <empty>
2019-09-12 06:07:43,896 [grpc-default-executor-1] INFO  client.GrpcClientProtocolClient (GrpcClientProtocolClient.java:onNext(264)) - client-88DF9C2A5C96->1f61edb1-ab55-473c-8774-d83fa3b21acc: receive RaftClientReply:client-88DF9C2A5C96->1f61edb1-ab55-473c-8774-d83fa3b21acc@group-9B69FF6C6692, cid=244, FAILED org.apache.ratis.protocol.NotLeaderException: Server 1f61edb1-ab55-473c-8774-d83fa3b21acc@group-9B69FF6C6692 is not the leader df009476-bbf0-43a2-af41-11b5052a445f:192.168.34.52:35732, logIndex=0, commits[1f61edb1-ab55-473c-8774-d83fa3b21acc:c12, 8f5ab14e-21d2-479d-9d33-3cad9b590bd0:c12, df009476-bbf0-43a2-af41-11b5052a445f:c12]
2019-09-12 06:07:46,353 [java.util.concurrent.ThreadPoolExecutor$Worker@16e94c59[State = -1, empty queue]] WARN  server.GrpcLogAppender (GrpcLogAppender.java:timeoutAppendRequest(200)) - df009476-bbf0-43a2-af41-11b5052a445f@group-9B69FF6C6692->1f61edb1-ab55-473c-8774-d83fa3b21acc-GrpcLogAppender: appendEntries Timeout, request=df009476-bbf0-43a2-af41-11b5052a445f->1f61edb1-ab55-473c-8774-d83fa3b21acc#198-t1, previous=(t:1, i:18), leaderCommit=12, initializing? false, entries: <empty>
2019-09-12 06:07:46,353 [java.util.concurrent.ThreadPoolExecutor$Worker@4d4040a7[State = -1, empty queue]] WARN  server.GrpcLogAppender (GrpcLogAppender.java:timeoutAppendRequest(200)) - df009476-bbf0-43a2-af41-11b5052a445f@group-9B69FF6C6692->8f5ab14e-21d2-479d-9d33-3cad9b590bd0-GrpcLogAppender: appendEntries Timeout, request=df009476-bbf0-43a2-af41-11b5052a445f->8f5ab14e-21d2-479d-9d33-3cad9b590bd0#198-t1, previous=(t:1, i:18), leaderCommit=12, initializing? false, entries: <empty>
2019-09-12 06:07:48,329 [df009476-bbf0-43a2-af41-11b5052a445f@group-9B69FF6C6692-SegmentedRaftLogWorker] WARN  segmented.SegmentedRaftLogWorker (SegmentedRaftLogWorker.java:getFromFuture(90)) - Timeout 7/~
org.apache.ratis.protocol.TimeoutIOException: Timeout 10s: WriteLog:13: (t:1, i:13), STATEMACHINELOGENTRY, client-88DF9C2A5C96, cid=244-writeStateMachineData
	at org.apache.ratis.util.IOUtils.getFromFuture(IOUtils.java:87)
	at org.apache.ratis.server.raftlog.segmented.SegmentedRaftLogWorker$StateMachineDataPolicy.getFromFuture(SegmentedRaftLogWorker.java:87)
	at org.apache.ratis.server.raftlog.segmented.SegmentedRaftLogWorker$WriteLog.execute(SegmentedRaftLogWorker.java:477)
	at org.apache.ratis.server.raftlog.segmented.SegmentedRaftLogWorker.run(SegmentedRaftLogWorker.java:289)
	at java.lang.Thread.run(Thread.java:748)
Caused by: java.util.concurrent.TimeoutException
	at java.util.concurrent.CompletableFuture.timedGet(CompletableFuture.java:1771)
	at java.util.concurrent.CompletableFuture.get(CompletableFuture.java:1915)
	at org.apache.ratis.util.IOUtils.getFromFuture(IOUtils.java:79)
	... 4 more
2019-09-12 06:07:48,352 [8f5ab14e-21d2-479d-9d33-3cad9b590bd0@group-9B69FF6C6692-SegmentedRaftLogWorker] WARN  segmented.SegmentedRaftLogWorker (SegmentedRaftLogWorker.java:getFromFuture(90)) - Timeout 7/~
org.apache.ratis.protocol.TimeoutIOException: Timeout 10s: WriteLog:13: (t:1, i:13), STATEMACHINELOGENTRY, client-88DF9C2A5C96, cid=244-writeStateMachineData
	at org.apache.ratis.util.IOUtils.getFromFuture(IOUtils.java:87)
	at org.apache.ratis.server.raftlog.segmented.SegmentedRaftLogWorker$StateMachineDataPolicy.getFromFuture(SegmentedRaftLogWorker.java:87)
	at org.apache.ratis.server.raftlog.segmented.SegmentedRaftLogWorker$WriteLog.execute(SegmentedRaftLogWorker.java:477)
	at org.apache.ratis.server.raftlog.segmented.SegmentedRaftLogWorker.run(SegmentedRaftLogWorker.java:289)
	at java.lang.Thread.run(Thread.java:748)
Caused by: java.util.concurrent.TimeoutException
	at java.util.concurrent.CompletableFuture.timedGet(CompletableFuture.java:1771)
	at java.util.concurrent.CompletableFuture.get(CompletableFuture.java:1915)
	at org.apache.ratis.util.IOUtils.getFromFuture(IOUtils.java:79)
	... 4 more
2019-09-12 06:07:48,353 [1f61edb1-ab55-473c-8774-d83fa3b21acc@group-9B69FF6C6692-SegmentedRaftLogWorker] WARN  segmented.SegmentedRaftLogWorker (SegmentedRaftLogWorker.java:getFromFuture(90)) - Timeout 7/~
org.apache.ratis.protocol.TimeoutIOException: Timeout 10s: WriteLog:13: (t:1, i:13), STATEMACHINELOGENTRY, client-88DF9C2A5C96, cid=244-writeStateMachineData
	at org.apache.ratis.util.IOUtils.getFromFuture(IOUtils.java:87)
	at org.apache.ratis.server.raftlog.segmented.SegmentedRaftLogWorker$StateMachineDataPolicy.getFromFuture(SegmentedRaftLogWorker.java:87)
	at org.apache.ratis.server.raftlog.segmented.SegmentedRaftLogWorker$WriteLog.execute(SegmentedRaftLogWorker.java:477)
	at org.apache.ratis.server.raftlog.segmented.SegmentedRaftLogWorker.run(SegmentedRaftLogWorker.java:289)
	at java.lang.Thread.run(Thread.java:748)
Caused by: java.util.concurrent.TimeoutException
	at java.util.concurrent.CompletableFuture.timedGet(CompletableFuture.java:1771)
	at java.util.concurrent.CompletableFuture.get(CompletableFuture.java:1915)
	at org.apache.ratis.util.IOUtils.getFromFuture(IOUtils.java:79)
	... 4 more
2019-09-12 06:07:48,853 [java.util.concurrent.ThreadPoolExecutor$Worker@16e94c59[State = -1, empty queue]] WARN  server.GrpcLogAppender (GrpcLogAppender.java:timeoutAppendRequest(200)) - df009476-bbf0-43a2-af41-11b5052a445f@group-9B69FF6C6692->1f61edb1-ab55-473c-8774-d83fa3b21acc-GrpcLogAppender: appendEntries Timeout, request=df009476-bbf0-43a2-af41-11b5052a445f->1f61edb1-ab55-473c-8774-d83fa3b21acc#199-t1, previous=(t:1, i:18), leaderCommit=12, initializing? false, entries: <empty>
2019-09-12 06:07:48,853 [java.util.concurrent.ThreadPoolExecutor$Worker@4d4040a7[State = -1, empty queue]] WARN  server.GrpcLogAppender (GrpcLogAppender.java:timeoutAppendRequest(200)) - df009476-bbf0-43a2-af41-11b5052a445f@group-9B69FF6C6692->8f5ab14e-21d2-479d-9d33-3cad9b590bd0-GrpcLogAppender: appendEntries Timeout, request=df009476-bbf0-43a2-af41-11b5052a445f->8f5ab14e-21d2-479d-9d33-3cad9b590bd0#199-t1, previous=(t:1, i:18), leaderCommit=12, initializing? false, entries: <empty>
2019-09-12 06:07:48,925 [grpc-default-executor-9] INFO  client.GrpcClientProtocolClient (GrpcClientProtocolClient.java:onNext(264)) - client-88DF9C2A5C96->8f5ab14e-21d2-479d-9d33-3cad9b590bd0: receive RaftClientReply:client-88DF9C2A5C96->8f5ab14e-21d2-479d-9d33-3cad9b590bd0@group-9B69FF6C6692, cid=244, FAILED org.apache.ratis.protocol.NotLeaderException: Server 8f5ab14e-21d2-479d-9d33-3cad9b590bd0@group-9B69FF6C6692 is not the leader df009476-bbf0-43a2-af41-11b5052a445f:192.168.34.52:35732, logIndex=0, commits[8f5ab14e-21d2-479d-9d33-3cad9b590bd0:c12, 1f61edb1-ab55-473c-8774-d83fa3b21acc:c12, df009476-bbf0-43a2-af41-11b5052a445f:c12]
2019-09-12 06:07:51,353 [java.util.concurrent.ThreadPoolExecutor$Worker@4d4040a7[State = -1, empty queue]] WARN  server.GrpcLogAppender (GrpcLogAppender.java:timeoutAppendRequest(200)) - df009476-bbf0-43a2-af41-11b5052a445f@group-9B69FF6C6692->8f5ab14e-21d2-479d-9d33-3cad9b590bd0-GrpcLogAppender: appendEntries Timeout, request=df009476-bbf0-43a2-af41-11b5052a445f->8f5ab14e-21d2-479d-9d33-3cad9b590bd0#200-t1, previous=(t:1, i:18), leaderCommit=12, initializing? false, entries: <empty>
2019-09-12 06:07:51,353 [java.util.concurrent.ThreadPoolExecutor$Worker@16e94c59[State = -1, empty queue]] WARN  server.GrpcLogAppender (GrpcLogAppender.java:timeoutAppendRequest(200)) - df009476-bbf0-43a2-af41-11b5052a445f@group-9B69FF6C6692->1f61edb1-ab55-473c-8774-d83fa3b21acc-GrpcLogAppender: appendEntries Timeout, request=df009476-bbf0-43a2-af41-11b5052a445f->1f61edb1-ab55-473c-8774-d83fa3b21acc#200-t1, previous=(t:1, i:18), leaderCommit=12, initializing? false, entries: <empty>
2019-09-12 06:07:53,854 [java.util.concurrent.ThreadPoolExecutor$Worker@4d4040a7[State = -1, empty queue]] WARN  server.GrpcLogAppender (GrpcLogAppender.java:timeoutAppendRequest(200)) - df009476-bbf0-43a2-af41-11b5052a445f@group-9B69FF6C6692->8f5ab14e-21d2-479d-9d33-3cad9b590bd0-GrpcLogAppender: appendEntries Timeout, request=df009476-bbf0-43a2-af41-11b5052a445f->8f5ab14e-21d2-479d-9d33-3cad9b590bd0#201-t1, previous=(t:1, i:18), leaderCommit=12, initializing? false, entries: <empty>
2019-09-12 06:07:53,854 [java.util.concurrent.ThreadPoolExecutor$Worker@16e94c59[State = -1, empty queue]] WARN  server.GrpcLogAppender (GrpcLogAppender.java:timeoutAppendRequest(200)) - df009476-bbf0-43a2-af41-11b5052a445f@group-9B69FF6C6692->1f61edb1-ab55-473c-8774-d83fa3b21acc-GrpcLogAppender: appendEntries Timeout, request=df009476-bbf0-43a2-af41-11b5052a445f->1f61edb1-ab55-473c-8774-d83fa3b21acc#201-t1, previous=(t:1, i:18), leaderCommit=12, initializing? false, entries: <empty>
2019-09-12 06:07:53,967 [grpc-default-executor-1] INFO  client.GrpcClientProtocolClient (GrpcClientProtocolClient.java:onNext(264)) - client-88DF9C2A5C96->1f61edb1-ab55-473c-8774-d83fa3b21acc: receive RaftClientReply:client-88DF9C2A5C96->1f61edb1-ab55-473c-8774-d83fa3b21acc@group-9B69FF6C6692, cid=244, FAILED org.apache.ratis.protocol.NotLeaderException: Server 1f61edb1-ab55-473c-8774-d83fa3b21acc@group-9B69FF6C6692 is not the leader df009476-bbf0-43a2-af41-11b5052a445f:192.168.34.52:35732, logIndex=0, commits[1f61edb1-ab55-473c-8774-d83fa3b21acc:c12, 8f5ab14e-21d2-479d-9d33-3cad9b590bd0:c12, df009476-bbf0-43a2-af41-11b5052a445f:c12]
2019-09-12 06:07:56,354 [java.util.concurrent.ThreadPoolExecutor$Worker@4d4040a7[State = -1, empty queue]] WARN  server.GrpcLogAppender (GrpcLogAppender.java:timeoutAppendRequest(200)) - df009476-bbf0-43a2-af41-11b5052a445f@group-9B69FF6C6692->8f5ab14e-21d2-479d-9d33-3cad9b590bd0-GrpcLogAppender: appendEntries Timeout, request=df009476-bbf0-43a2-af41-11b5052a445f->8f5ab14e-21d2-479d-9d33-3cad9b590bd0#202-t1, previous=(t:1, i:18), leaderCommit=12, initializing? false, entries: <empty>
2019-09-12 06:07:56,354 [java.util.concurrent.ThreadPoolExecutor$Worker@16e94c59[State = -1, empty queue]] WARN  server.GrpcLogAppender (GrpcLogAppender.java:timeoutAppendRequest(200)) - df009476-bbf0-43a2-af41-11b5052a445f@group-9B69FF6C6692->1f61edb1-ab55-473c-8774-d83fa3b21acc-GrpcLogAppender: appendEntries Timeout, request=df009476-bbf0-43a2-af41-11b5052a445f->1f61edb1-ab55-473c-8774-d83fa3b21acc#202-t1, previous=(t:1, i:18), leaderCommit=12, initializing? false, entries: <empty>
2019-09-12 06:07:58,330 [df009476-bbf0-43a2-af41-11b5052a445f@group-9B69FF6C6692-SegmentedRaftLogWorker] WARN  segmented.SegmentedRaftLogWorker (SegmentedRaftLogWorker.java:getFromFuture(90)) - Timeout 8/~
org.apache.ratis.protocol.TimeoutIOException: Timeout 10s: WriteLog:13: (t:1, i:13), STATEMACHINELOGENTRY, client-88DF9C2A5C96, cid=244-writeStateMachineData
	at org.apache.ratis.util.IOUtils.getFromFuture(IOUtils.java:87)
	at org.apache.ratis.server.raftlog.segmented.SegmentedRaftLogWorker$StateMachineDataPolicy.getFromFuture(SegmentedRaftLogWorker.java:87)
	at org.apache.ratis.server.raftlog.segmented.SegmentedRaftLogWorker$WriteLog.execute(SegmentedRaftLogWorker.java:477)
	at org.apache.ratis.server.raftlog.segmented.SegmentedRaftLogWorker.run(SegmentedRaftLogWorker.java:289)
	at java.lang.Thread.run(Thread.java:748)
Caused by: java.util.concurrent.TimeoutException
	at java.util.concurrent.CompletableFuture.timedGet(CompletableFuture.java:1771)
	at java.util.concurrent.CompletableFuture.get(CompletableFuture.java:1915)
	at org.apache.ratis.util.IOUtils.getFromFuture(IOUtils.java:79)
	... 4 more
2019-09-12 06:07:58,353 [8f5ab14e-21d2-479d-9d33-3cad9b590bd0@group-9B69FF6C6692-SegmentedRaftLogWorker] WARN  segmented.SegmentedRaftLogWorker (SegmentedRaftLogWorker.java:getFromFuture(90)) - Timeout 8/~
org.apache.ratis.protocol.TimeoutIOException: Timeout 10s: WriteLog:13: (t:1, i:13), STATEMACHINELOGENTRY, client-88DF9C2A5C96, cid=244-writeStateMachineData
	at org.apache.ratis.util.IOUtils.getFromFuture(IOUtils.java:87)
	at org.apache.ratis.server.raftlog.segmented.SegmentedRaftLogWorker$StateMachineDataPolicy.getFromFuture(SegmentedRaftLogWorker.java:87)
	at org.apache.ratis.server.raftlog.segmented.SegmentedRaftLogWorker$WriteLog.execute(SegmentedRaftLogWorker.java:477)
	at org.apache.ratis.server.raftlog.segmented.SegmentedRaftLogWorker.run(SegmentedRaftLogWorker.java:289)
	at java.lang.Thread.run(Thread.java:748)
Caused by: java.util.concurrent.TimeoutException
	at java.util.concurrent.CompletableFuture.timedGet(CompletableFuture.java:1771)
	at java.util.concurrent.CompletableFuture.get(CompletableFuture.java:1915)
	at org.apache.ratis.util.IOUtils.getFromFuture(IOUtils.java:79)
	... 4 more
2019-09-12 06:07:58,353 [1f61edb1-ab55-473c-8774-d83fa3b21acc@group-9B69FF6C6692-SegmentedRaftLogWorker] WARN  segmented.SegmentedRaftLogWorker (SegmentedRaftLogWorker.java:getFromFuture(90)) - Timeout 8/~
org.apache.ratis.protocol.TimeoutIOException: Timeout 10s: WriteLog:13: (t:1, i:13), STATEMACHINELOGENTRY, client-88DF9C2A5C96, cid=244-writeStateMachineData
	at org.apache.ratis.util.IOUtils.getFromFuture(IOUtils.java:87)
	at org.apache.ratis.server.raftlog.segmented.SegmentedRaftLogWorker$StateMachineDataPolicy.getFromFuture(SegmentedRaftLogWorker.java:87)
	at org.apache.ratis.server.raftlog.segmented.SegmentedRaftLogWorker$WriteLog.execute(SegmentedRaftLogWorker.java:477)
	at org.apache.ratis.server.raftlog.segmented.SegmentedRaftLogWorker.run(SegmentedRaftLogWorker.java:289)
	at java.lang.Thread.run(Thread.java:748)
Caused by: java.util.concurrent.TimeoutException
	at java.util.concurrent.CompletableFuture.timedGet(CompletableFuture.java:1771)
	at java.util.concurrent.CompletableFuture.get(CompletableFuture.java:1915)
	at org.apache.ratis.util.IOUtils.getFromFuture(IOUtils.java:79)
	... 4 more
2019-09-12 06:07:58,854 [java.util.concurrent.ThreadPoolExecutor$Worker@4d4040a7[State = -1, empty queue]] WARN  server.GrpcLogAppender (GrpcLogAppender.java:timeoutAppendRequest(200)) - df009476-bbf0-43a2-af41-11b5052a445f@group-9B69FF6C6692->8f5ab14e-21d2-479d-9d33-3cad9b590bd0-GrpcLogAppender: appendEntries Timeout, request=df009476-bbf0-43a2-af41-11b5052a445f->8f5ab14e-21d2-479d-9d33-3cad9b590bd0#203-t1, previous=(t:1, i:18), leaderCommit=12, initializing? false, entries: <empty>
2019-09-12 06:07:58,854 [java.util.concurrent.ThreadPoolExecutor$Worker@16e94c59[State = -1, empty queue]] WARN  server.GrpcLogAppender (GrpcLogAppender.java:timeoutAppendRequest(200)) - df009476-bbf0-43a2-af41-11b5052a445f@group-9B69FF6C6692->1f61edb1-ab55-473c-8774-d83fa3b21acc-GrpcLogAppender: appendEntries Timeout, request=df009476-bbf0-43a2-af41-11b5052a445f->1f61edb1-ab55-473c-8774-d83fa3b21acc#203-t1, previous=(t:1, i:18), leaderCommit=12, initializing? false, entries: <empty>
2019-09-12 06:07:59,043 [grpc-default-executor-9] INFO  client.GrpcClientProtocolClient (GrpcClientProtocolClient.java:onNext(264)) - client-88DF9C2A5C96->1f61edb1-ab55-473c-8774-d83fa3b21acc: receive RaftClientReply:client-88DF9C2A5C96->1f61edb1-ab55-473c-8774-d83fa3b21acc@group-9B69FF6C6692, cid=244, FAILED org.apache.ratis.protocol.NotLeaderException: Server 1f61edb1-ab55-473c-8774-d83fa3b21acc@group-9B69FF6C6692 is not the leader df009476-bbf0-43a2-af41-11b5052a445f:192.168.34.52:35732, logIndex=0, commits[1f61edb1-ab55-473c-8774-d83fa3b21acc:c12, 8f5ab14e-21d2-479d-9d33-3cad9b590bd0:c12, df009476-bbf0-43a2-af41-11b5052a445f:c12]
2019-09-12 06:08:01,355 [java.util.concurrent.ThreadPoolExecutor$Worker@4d4040a7[State = -1, empty queue]] WARN  server.GrpcLogAppender (GrpcLogAppender.java:timeoutAppendRequest(200)) - df009476-bbf0-43a2-af41-11b5052a445f@group-9B69FF6C6692->8f5ab14e-21d2-479d-9d33-3cad9b590bd0-GrpcLogAppender: appendEntries Timeout, request=df009476-bbf0-43a2-af41-11b5052a445f->8f5ab14e-21d2-479d-9d33-3cad9b590bd0#204-t1, previous=(t:1, i:18), leaderCommit=12, initializing? false, entries: <empty>
2019-09-12 06:08:01,355 [java.util.concurrent.ThreadPoolExecutor$Worker@16e94c59[State = -1, empty queue]] WARN  server.GrpcLogAppender (GrpcLogAppender.java:timeoutAppendRequest(200)) - df009476-bbf0-43a2-af41-11b5052a445f@group-9B69FF6C6692->1f61edb1-ab55-473c-8774-d83fa3b21acc-GrpcLogAppender: appendEntries Timeout, request=df009476-bbf0-43a2-af41-11b5052a445f->1f61edb1-ab55-473c-8774-d83fa3b21acc#204-t1, previous=(t:1, i:18), leaderCommit=12, initializing? false, entries: <empty>
2019-09-12 06:08:03,855 [java.util.concurrent.ThreadPoolExecutor$Worker@4d4040a7[State = -1, empty queue]] WARN  server.GrpcLogAppender (GrpcLogAppender.java:timeoutAppendRequest(200)) - df009476-bbf0-43a2-af41-11b5052a445f@group-9B69FF6C6692->8f5ab14e-21d2-479d-9d33-3cad9b590bd0-GrpcLogAppender: appendEntries Timeout, request=df009476-bbf0-43a2-af41-11b5052a445f->8f5ab14e-21d2-479d-9d33-3cad9b590bd0#205-t1, previous=(t:1, i:18), leaderCommit=12, initializing? false, entries: <empty>
2019-09-12 06:08:03,855 [java.util.concurrent.ThreadPoolExecutor$Worker@16e94c59[State = -1, empty queue]] WARN  server.GrpcLogAppender (GrpcLogAppender.java:timeoutAppendRequest(200)) - df009476-bbf0-43a2-af41-11b5052a445f@group-9B69FF6C6692->1f61edb1-ab55-473c-8774-d83fa3b21acc-GrpcLogAppender: appendEntries Timeout, request=df009476-bbf0-43a2-af41-11b5052a445f->1f61edb1-ab55-473c-8774-d83fa3b21acc#205-t1, previous=(t:1, i:18), leaderCommit=12, initializing? false, entries: <empty>
2019-09-12 06:08:04,089 [grpc-default-executor-9] INFO  client.GrpcClientProtocolClient (GrpcClientProtocolClient.java:onNext(264)) - client-88DF9C2A5C96->8f5ab14e-21d2-479d-9d33-3cad9b590bd0: receive RaftClientReply:client-88DF9C2A5C96->8f5ab14e-21d2-479d-9d33-3cad9b590bd0@group-9B69FF6C6692, cid=244, FAILED org.apache.ratis.protocol.NotLeaderException: Server 8f5ab14e-21d2-479d-9d33-3cad9b590bd0@group-9B69FF6C6692 is not the leader df009476-bbf0-43a2-af41-11b5052a445f:192.168.34.52:35732, logIndex=0, commits[8f5ab14e-21d2-479d-9d33-3cad9b590bd0:c12, 1f61edb1-ab55-473c-8774-d83fa3b21acc:c12, df009476-bbf0-43a2-af41-11b5052a445f:c12]
2019-09-12 06:08:06,355 [java.util.concurrent.ThreadPoolExecutor$Worker@16e94c59[State = -1, empty queue]] WARN  server.GrpcLogAppender (GrpcLogAppender.java:timeoutAppendRequest(200)) - df009476-bbf0-43a2-af41-11b5052a445f@group-9B69FF6C6692->1f61edb1-ab55-473c-8774-d83fa3b21acc-GrpcLogAppender: appendEntries Timeout, request=df009476-bbf0-43a2-af41-11b5052a445f->1f61edb1-ab55-473c-8774-d83fa3b21acc#206-t1, previous=(t:1, i:18), leaderCommit=12, initializing? false, entries: <empty>
2019-09-12 06:08:06,355 [java.util.concurrent.ThreadPoolExecutor$Worker@4d4040a7[State = -1, empty queue]] WARN  server.GrpcLogAppender (GrpcLogAppender.java:timeoutAppendRequest(200)) - df009476-bbf0-43a2-af41-11b5052a445f@group-9B69FF6C6692->8f5ab14e-21d2-479d-9d33-3cad9b590bd0-GrpcLogAppender: appendEntries Timeout, request=df009476-bbf0-43a2-af41-11b5052a445f->8f5ab14e-21d2-479d-9d33-3cad9b590bd0#206-t1, previous=(t:1, i:18), leaderCommit=12, initializing? false, entries: <empty>
2019-09-12 06:08:08,332 [df009476-bbf0-43a2-af41-11b5052a445f@group-9B69FF6C6692-SegmentedRaftLogWorker] WARN  segmented.SegmentedRaftLogWorker (SegmentedRaftLogWorker.java:getFromFuture(90)) - Timeout 9/~
org.apache.ratis.protocol.TimeoutIOException: Timeout 10s: WriteLog:13: (t:1, i:13), STATEMACHINELOGENTRY, client-88DF9C2A5C96, cid=244-writeStateMachineData
	at org.apache.ratis.util.IOUtils.getFromFuture(IOUtils.java:87)
	at org.apache.ratis.server.raftlog.segmented.SegmentedRaftLogWorker$StateMachineDataPolicy.getFromFuture(SegmentedRaftLogWorker.java:87)
	at org.apache.ratis.server.raftlog.segmented.SegmentedRaftLogWorker$WriteLog.execute(SegmentedRaftLogWorker.java:477)
	at org.apache.ratis.server.raftlog.segmented.SegmentedRaftLogWorker.run(SegmentedRaftLogWorker.java:289)
	at java.lang.Thread.run(Thread.java:748)
Caused by: java.util.concurrent.TimeoutException
	at java.util.concurrent.CompletableFuture.timedGet(CompletableFuture.java:1771)
	at java.util.concurrent.CompletableFuture.get(CompletableFuture.java:1915)
	at org.apache.ratis.util.IOUtils.getFromFuture(IOUtils.java:79)
	... 4 more
2019-09-12 06:08:08,354 [8f5ab14e-21d2-479d-9d33-3cad9b590bd0@group-9B69FF6C6692-SegmentedRaftLogWorker] WARN  segmented.SegmentedRaftLogWorker (SegmentedRaftLogWorker.java:getFromFuture(90)) - Timeout 9/~
org.apache.ratis.protocol.TimeoutIOException: Timeout 10s: WriteLog:13: (t:1, i:13), STATEMACHINELOGENTRY, client-88DF9C2A5C96, cid=244-writeStateMachineData
	at org.apache.ratis.util.IOUtils.getFromFuture(IOUtils.java:87)
	at org.apache.ratis.server.raftlog.segmented.SegmentedRaftLogWorker$StateMachineDataPolicy.getFromFuture(SegmentedRaftLogWorker.java:87)
	at org.apache.ratis.server.raftlog.segmented.SegmentedRaftLogWorker$WriteLog.execute(SegmentedRaftLogWorker.java:477)
	at org.apache.ratis.server.raftlog.segmented.SegmentedRaftLogWorker.run(SegmentedRaftLogWorker.java:289)
	at java.lang.Thread.run(Thread.java:748)
Caused by: java.util.concurrent.TimeoutException
	at java.util.concurrent.CompletableFuture.timedGet(CompletableFuture.java:1771)
	at java.util.concurrent.CompletableFuture.get(CompletableFuture.java:1915)
	at org.apache.ratis.util.IOUtils.getFromFuture(IOUtils.java:79)
	... 4 more
2019-09-12 06:08:08,354 [1f61edb1-ab55-473c-8774-d83fa3b21acc@group-9B69FF6C6692-SegmentedRaftLogWorker] WARN  segmented.SegmentedRaftLogWorker (SegmentedRaftLogWorker.java:getFromFuture(90)) - Timeout 9/~
org.apache.ratis.protocol.TimeoutIOException: Timeout 10s: WriteLog:13: (t:1, i:13), STATEMACHINELOGENTRY, client-88DF9C2A5C96, cid=244-writeStateMachineData
	at org.apache.ratis.util.IOUtils.getFromFuture(IOUtils.java:87)
	at org.apache.ratis.server.raftlog.segmented.SegmentedRaftLogWorker$StateMachineDataPolicy.getFromFuture(SegmentedRaftLogWorker.java:87)
	at org.apache.ratis.server.raftlog.segmented.SegmentedRaftLogWorker$WriteLog.execute(SegmentedRaftLogWorker.java:477)
	at org.apache.ratis.server.raftlog.segmented.SegmentedRaftLogWorker.run(SegmentedRaftLogWorker.java:289)
	at java.lang.Thread.run(Thread.java:748)
Caused by: java.util.concurrent.TimeoutException
	at java.util.concurrent.CompletableFuture.timedGet(CompletableFuture.java:1771)
	at java.util.concurrent.CompletableFuture.get(CompletableFuture.java:1915)
	at org.apache.ratis.util.IOUtils.getFromFuture(IOUtils.java:79)
	... 4 more
2019-09-12 06:08:08,856 [java.util.concurrent.ThreadPoolExecutor$Worker@16e94c59[State = -1, empty queue]] WARN  server.GrpcLogAppender (GrpcLogAppender.java:timeoutAppendRequest(200)) - df009476-bbf0-43a2-af41-11b5052a445f@group-9B69FF6C6692->1f61edb1-ab55-473c-8774-d83fa3b21acc-GrpcLogAppender: appendEntries Timeout, request=df009476-bbf0-43a2-af41-11b5052a445f->1f61edb1-ab55-473c-8774-d83fa3b21acc#207-t1, previous=(t:1, i:18), leaderCommit=12, initializing? false, entries: <empty>
2019-09-12 06:08:08,856 [java.util.concurrent.ThreadPoolExecutor$Worker@4d4040a7[State = -1, empty queue]] WARN  server.GrpcLogAppender (GrpcLogAppender.java:timeoutAppendRequest(200)) - df009476-bbf0-43a2-af41-11b5052a445f@group-9B69FF6C6692->8f5ab14e-21d2-479d-9d33-3cad9b590bd0-GrpcLogAppender: appendEntries Timeout, request=df009476-bbf0-43a2-af41-11b5052a445f->8f5ab14e-21d2-479d-9d33-3cad9b590bd0#207-t1, previous=(t:1, i:18), leaderCommit=12, initializing? false, entries: <empty>
2019-09-12 06:08:09,138 [grpc-default-executor-10] INFO  client.GrpcClientProtocolClient (GrpcClientProtocolClient.java:onNext(264)) - client-88DF9C2A5C96->1f61edb1-ab55-473c-8774-d83fa3b21acc: receive RaftClientReply:client-88DF9C2A5C96->1f61edb1-ab55-473c-8774-d83fa3b21acc@group-9B69FF6C6692, cid=244, FAILED org.apache.ratis.protocol.NotLeaderException: Server 1f61edb1-ab55-473c-8774-d83fa3b21acc@group-9B69FF6C6692 is not the leader df009476-bbf0-43a2-af41-11b5052a445f:192.168.34.52:35732, logIndex=0, commits[1f61edb1-ab55-473c-8774-d83fa3b21acc:c12, 8f5ab14e-21d2-479d-9d33-3cad9b590bd0:c12, df009476-bbf0-43a2-af41-11b5052a445f:c12]
2019-09-12 06:08:11,356 [java.util.concurrent.ThreadPoolExecutor$Worker@4d4040a7[State = -1, empty queue]] WARN  server.GrpcLogAppender (GrpcLogAppender.java:timeoutAppendRequest(200)) - df009476-bbf0-43a2-af41-11b5052a445f@group-9B69FF6C6692->8f5ab14e-21d2-479d-9d33-3cad9b590bd0-GrpcLogAppender: appendEntries Timeout, request=df009476-bbf0-43a2-af41-11b5052a445f->8f5ab14e-21d2-479d-9d33-3cad9b590bd0#208-t1, previous=(t:1, i:18), leaderCommit=12, initializing? false, entries: <empty>
2019-09-12 06:08:11,356 [java.util.concurrent.ThreadPoolExecutor$Worker@16e94c59[State = -1, empty queue]] WARN  server.GrpcLogAppender (GrpcLogAppender.java:timeoutAppendRequest(200)) - df009476-bbf0-43a2-af41-11b5052a445f@group-9B69FF6C6692->1f61edb1-ab55-473c-8774-d83fa3b21acc-GrpcLogAppender: appendEntries Timeout, request=df009476-bbf0-43a2-af41-11b5052a445f->1f61edb1-ab55-473c-8774-d83fa3b21acc#208-t1, previous=(t:1, i:18), leaderCommit=12, initializing? false, entries: <empty>
2019-09-12 06:08:13,856 [java.util.concurrent.ThreadPoolExecutor$Worker@4d4040a7[State = -1, empty queue]] WARN  server.GrpcLogAppender (GrpcLogAppender.java:timeoutAppendRequest(200)) - df009476-bbf0-43a2-af41-11b5052a445f@group-9B69FF6C6692->8f5ab14e-21d2-479d-9d33-3cad9b590bd0-GrpcLogAppender: appendEntries Timeout, request=df009476-bbf0-43a2-af41-11b5052a445f->8f5ab14e-21d2-479d-9d33-3cad9b590bd0#209-t1, previous=(t:1, i:18), leaderCommit=12, initializing? false, entries: <empty>
2019-09-12 06:08:13,856 [java.util.concurrent.ThreadPoolExecutor$Worker@16e94c59[State = -1, empty queue]] WARN  server.GrpcLogAppender (GrpcLogAppender.java:timeoutAppendRequest(200)) - df009476-bbf0-43a2-af41-11b5052a445f@group-9B69FF6C6692->1f61edb1-ab55-473c-8774-d83fa3b21acc-GrpcLogAppender: appendEntries Timeout, request=df009476-bbf0-43a2-af41-11b5052a445f->1f61edb1-ab55-473c-8774-d83fa3b21acc#209-t1, previous=(t:1, i:18), leaderCommit=12, initializing? false, entries: <empty>
2019-09-12 06:08:14,189 [grpc-default-executor-9] INFO  client.GrpcClientProtocolClient (GrpcClientProtocolClient.java:onNext(264)) - client-88DF9C2A5C96->1f61edb1-ab55-473c-8774-d83fa3b21acc: receive RaftClientReply:client-88DF9C2A5C96->1f61edb1-ab55-473c-8774-d83fa3b21acc@group-9B69FF6C6692, cid=244, FAILED org.apache.ratis.protocol.NotLeaderException: Server 1f61edb1-ab55-473c-8774-d83fa3b21acc@group-9B69FF6C6692 is not the leader df009476-bbf0-43a2-af41-11b5052a445f:192.168.34.52:35732, logIndex=0, commits[1f61edb1-ab55-473c-8774-d83fa3b21acc:c12, 8f5ab14e-21d2-479d-9d33-3cad9b590bd0:c12, df009476-bbf0-43a2-af41-11b5052a445f:c12]
2019-09-12 06:08:16,356 [java.util.concurrent.ThreadPoolExecutor$Worker@16e94c59[State = -1, empty queue]] WARN  server.GrpcLogAppender (GrpcLogAppender.java:timeoutAppendRequest(200)) - df009476-bbf0-43a2-af41-11b5052a445f@group-9B69FF6C6692->1f61edb1-ab55-473c-8774-d83fa3b21acc-GrpcLogAppender: appendEntries Timeout, request=df009476-bbf0-43a2-af41-11b5052a445f->1f61edb1-ab55-473c-8774-d83fa3b21acc#210-t1, previous=(t:1, i:18), leaderCommit=12, initializing? false, entries: <empty>
2019-09-12 06:08:16,357 [java.util.concurrent.ThreadPoolExecutor$Worker@4d4040a7[State = -1, empty queue]] WARN  server.GrpcLogAppender (GrpcLogAppender.java:timeoutAppendRequest(200)) - df009476-bbf0-43a2-af41-11b5052a445f@group-9B69FF6C6692->8f5ab14e-21d2-479d-9d33-3cad9b590bd0-GrpcLogAppender: appendEntries Timeout, request=df009476-bbf0-43a2-af41-11b5052a445f->8f5ab14e-21d2-479d-9d33-3cad9b590bd0#210-t1, previous=(t:1, i:18), leaderCommit=12, initializing? false, entries: <empty>
2019-09-12 06:08:18,333 [df009476-bbf0-43a2-af41-11b5052a445f@group-9B69FF6C6692-SegmentedRaftLogWorker] WARN  segmented.SegmentedRaftLogWorker (SegmentedRaftLogWorker.java:getFromFuture(90)) - Timeout 10/~
org.apache.ratis.protocol.TimeoutIOException: Timeout 10s: WriteLog:13: (t:1, i:13), STATEMACHINELOGENTRY, client-88DF9C2A5C96, cid=244-writeStateMachineData
	at org.apache.ratis.util.IOUtils.getFromFuture(IOUtils.java:87)
	at org.apache.ratis.server.raftlog.segmented.SegmentedRaftLogWorker$StateMachineDataPolicy.getFromFuture(SegmentedRaftLogWorker.java:87)
	at org.apache.ratis.server.raftlog.segmented.SegmentedRaftLogWorker$WriteLog.execute(SegmentedRaftLogWorker.java:477)
	at org.apache.ratis.server.raftlog.segmented.SegmentedRaftLogWorker.run(SegmentedRaftLogWorker.java:289)
	at java.lang.Thread.run(Thread.java:748)
Caused by: java.util.concurrent.TimeoutException
	at java.util.concurrent.CompletableFuture.timedGet(CompletableFuture.java:1771)
	at java.util.concurrent.CompletableFuture.get(CompletableFuture.java:1915)
	at org.apache.ratis.util.IOUtils.getFromFuture(IOUtils.java:79)
	... 4 more
2019-09-12 06:08:18,354 [8f5ab14e-21d2-479d-9d33-3cad9b590bd0@group-9B69FF6C6692-SegmentedRaftLogWorker] WARN  segmented.SegmentedRaftLogWorker (SegmentedRaftLogWorker.java:getFromFuture(90)) - Timeout 10/~
org.apache.ratis.protocol.TimeoutIOException: Timeout 10s: WriteLog:13: (t:1, i:13), STATEMACHINELOGENTRY, client-88DF9C2A5C96, cid=244-writeStateMachineData
	at org.apache.ratis.util.IOUtils.getFromFuture(IOUtils.java:87)
	at org.apache.ratis.server.raftlog.segmented.SegmentedRaftLogWorker$StateMachineDataPolicy.getFromFuture(SegmentedRaftLogWorker.java:87)
	at org.apache.ratis.server.raftlog.segmented.SegmentedRaftLogWorker$WriteLog.execute(SegmentedRaftLogWorker.java:477)
	at org.apache.ratis.server.raftlog.segmented.SegmentedRaftLogWorker.run(SegmentedRaftLogWorker.java:289)
	at java.lang.Thread.run(Thread.java:748)
Caused by: java.util.concurrent.TimeoutException
	at java.util.concurrent.CompletableFuture.timedGet(CompletableFuture.java:1771)
	at java.util.concurrent.CompletableFuture.get(CompletableFuture.java:1915)
	at org.apache.ratis.util.IOUtils.getFromFuture(IOUtils.java:79)
	... 4 more
2019-09-12 06:08:18,355 [1f61edb1-ab55-473c-8774-d83fa3b21acc@group-9B69FF6C6692-SegmentedRaftLogWorker] WARN  segmented.SegmentedRaftLogWorker (SegmentedRaftLogWorker.java:getFromFuture(90)) - Timeout 10/~
org.apache.ratis.protocol.TimeoutIOException: Timeout 10s: WriteLog:13: (t:1, i:13), STATEMACHINELOGENTRY, client-88DF9C2A5C96, cid=244-writeStateMachineData
	at org.apache.ratis.util.IOUtils.getFromFuture(IOUtils.java:87)
	at org.apache.ratis.server.raftlog.segmented.SegmentedRaftLogWorker$StateMachineDataPolicy.getFromFuture(SegmentedRaftLogWorker.java:87)
	at org.apache.ratis.server.raftlog.segmented.SegmentedRaftLogWorker$WriteLog.execute(SegmentedRaftLogWorker.java:477)
	at org.apache.ratis.server.raftlog.segmented.SegmentedRaftLogWorker.run(SegmentedRaftLogWorker.java:289)
	at java.lang.Thread.run(Thread.java:748)
Caused by: java.util.concurrent.TimeoutException
	at java.util.concurrent.CompletableFuture.timedGet(CompletableFuture.java:1771)
	at java.util.concurrent.CompletableFuture.get(CompletableFuture.java:1915)
	at org.apache.ratis.util.IOUtils.getFromFuture(IOUtils.java:79)
	... 4 more
2019-09-12 06:08:18,857 [java.util.concurrent.ThreadPoolExecutor$Worker@16e94c59[State = -1, empty queue]] WARN  server.GrpcLogAppender (GrpcLogAppender.java:timeoutAppendRequest(200)) - df009476-bbf0-43a2-af41-11b5052a445f@group-9B69FF6C6692->1f61edb1-ab55-473c-8774-d83fa3b21acc-GrpcLogAppender: appendEntries Timeout, request=df009476-bbf0-43a2-af41-11b5052a445f->1f61edb1-ab55-473c-8774-d83fa3b21acc#211-t1, previous=(t:1, i:18), leaderCommit=12, initializing? false, entries: <empty>
2019-09-12 06:08:18,857 [java.util.concurrent.ThreadPoolExecutor$Worker@4d4040a7[State = -1, empty queue]] WARN  server.GrpcLogAppender (GrpcLogAppender.java:timeoutAppendRequest(200)) - df009476-bbf0-43a2-af41-11b5052a445f@group-9B69FF6C6692->8f5ab14e-21d2-479d-9d33-3cad9b590bd0-GrpcLogAppender: appendEntries Timeout, request=df009476-bbf0-43a2-af41-11b5052a445f->8f5ab14e-21d2-479d-9d33-3cad9b590bd0#211-t1, previous=(t:1, i:18), leaderCommit=12, initializing? false, entries: <empty>
2019-09-12 06:08:19,222 [grpc-default-executor-10] INFO  client.GrpcClientProtocolClient (GrpcClientProtocolClient.java:onNext(264)) - client-88DF9C2A5C96->1f61edb1-ab55-473c-8774-d83fa3b21acc: receive RaftClientReply:client-88DF9C2A5C96->1f61edb1-ab55-473c-8774-d83fa3b21acc@group-9B69FF6C6692, cid=244, FAILED org.apache.ratis.protocol.NotLeaderException: Server 1f61edb1-ab55-473c-8774-d83fa3b21acc@group-9B69FF6C6692 is not the leader df009476-bbf0-43a2-af41-11b5052a445f:192.168.34.52:35732, logIndex=0, commits[1f61edb1-ab55-473c-8774-d83fa3b21acc:c12, 8f5ab14e-21d2-479d-9d33-3cad9b590bd0:c12, df009476-bbf0-43a2-af41-11b5052a445f:c12]
2019-09-12 06:08:21,357 [java.util.concurrent.ThreadPoolExecutor$Worker@16e94c59[State = -1, empty queue]] WARN  server.GrpcLogAppender (GrpcLogAppender.java:timeoutAppendRequest(200)) - df009476-bbf0-43a2-af41-11b5052a445f@group-9B69FF6C6692->1f61edb1-ab55-473c-8774-d83fa3b21acc-GrpcLogAppender: appendEntries Timeout, request=df009476-bbf0-43a2-af41-11b5052a445f->1f61edb1-ab55-473c-8774-d83fa3b21acc#212-t1, previous=(t:1, i:18), leaderCommit=12, initializing? false, entries: <empty>
2019-09-12 06:08:21,357 [java.util.concurrent.ThreadPoolExecutor$Worker@4d4040a7[State = -1, empty queue]] WARN  server.GrpcLogAppender (GrpcLogAppender.java:timeoutAppendRequest(200)) - df009476-bbf0-43a2-af41-11b5052a445f@group-9B69FF6C6692->8f5ab14e-21d2-479d-9d33-3cad9b590bd0-GrpcLogAppender: appendEntries Timeout, request=df009476-bbf0-43a2-af41-11b5052a445f->8f5ab14e-21d2-479d-9d33-3cad9b590bd0#212-t1, previous=(t:1, i:18), leaderCommit=12, initializing? false, entries: <empty>
2019-09-12 06:08:23,857 [java.util.concurrent.ThreadPoolExecutor$Worker@16e94c59[State = -1, empty queue]] WARN  server.GrpcLogAppender (GrpcLogAppender.java:timeoutAppendRequest(200)) - df009476-bbf0-43a2-af41-11b5052a445f@group-9B69FF6C6692->1f61edb1-ab55-473c-8774-d83fa3b21acc-GrpcLogAppender: appendEntries Timeout, request=df009476-bbf0-43a2-af41-11b5052a445f->1f61edb1-ab55-473c-8774-d83fa3b21acc#213-t1, previous=(t:1, i:18), leaderCommit=12, initializing? false, entries: <empty>
2019-09-12 06:08:23,857 [java.util.concurrent.ThreadPoolExecutor$Worker@4d4040a7[State = -1, empty queue]] WARN  server.GrpcLogAppender (GrpcLogAppender.java:timeoutAppendRequest(200)) - df009476-bbf0-43a2-af41-11b5052a445f@group-9B69FF6C6692->8f5ab14e-21d2-479d-9d33-3cad9b590bd0-GrpcLogAppender: appendEntries Timeout, request=df009476-bbf0-43a2-af41-11b5052a445f->8f5ab14e-21d2-479d-9d33-3cad9b590bd0#213-t1, previous=(t:1, i:18), leaderCommit=12, initializing? false, entries: <empty>
2019-09-12 06:08:24,259 [grpc-default-executor-1] INFO  client.GrpcClientProtocolClient (GrpcClientProtocolClient.java:onNext(264)) - client-88DF9C2A5C96->8f5ab14e-21d2-479d-9d33-3cad9b590bd0: receive RaftClientReply:client-88DF9C2A5C96->8f5ab14e-21d2-479d-9d33-3cad9b590bd0@group-9B69FF6C6692, cid=244, FAILED org.apache.ratis.protocol.NotLeaderException: Server 8f5ab14e-21d2-479d-9d33-3cad9b590bd0@group-9B69FF6C6692 is not the leader df009476-bbf0-43a2-af41-11b5052a445f:192.168.34.52:35732, logIndex=0, commits[8f5ab14e-21d2-479d-9d33-3cad9b590bd0:c12, 1f61edb1-ab55-473c-8774-d83fa3b21acc:c12, df009476-bbf0-43a2-af41-11b5052a445f:c12]
2019-09-12 06:08:26,358 [java.util.concurrent.ThreadPoolExecutor$Worker@16e94c59[State = -1, empty queue]] WARN  server.GrpcLogAppender (GrpcLogAppender.java:timeoutAppendRequest(200)) - df009476-bbf0-43a2-af41-11b5052a445f@group-9B69FF6C6692->1f61edb1-ab55-473c-8774-d83fa3b21acc-GrpcLogAppender: appendEntries Timeout, request=df009476-bbf0-43a2-af41-11b5052a445f->1f61edb1-ab55-473c-8774-d83fa3b21acc#214-t1, previous=(t:1, i:18), leaderCommit=12, initializing? false, entries: <empty>
2019-09-12 06:08:26,358 [java.util.concurrent.ThreadPoolExecutor$Worker@4d4040a7[State = -1, empty queue]] WARN  server.GrpcLogAppender (GrpcLogAppender.java:timeoutAppendRequest(200)) - df009476-bbf0-43a2-af41-11b5052a445f@group-9B69FF6C6692->8f5ab14e-21d2-479d-9d33-3cad9b590bd0-GrpcLogAppender: appendEntries Timeout, request=df009476-bbf0-43a2-af41-11b5052a445f->8f5ab14e-21d2-479d-9d33-3cad9b590bd0#214-t1, previous=(t:1, i:18), leaderCommit=12, initializing? false, entries: <empty>
2019-09-12 06:08:28,333 [df009476-bbf0-43a2-af41-11b5052a445f@group-9B69FF6C6692-SegmentedRaftLogWorker] WARN  segmented.SegmentedRaftLogWorker (SegmentedRaftLogWorker.java:getFromFuture(90)) - Timeout 11/~
org.apache.ratis.protocol.TimeoutIOException: Timeout 10s: WriteLog:13: (t:1, i:13), STATEMACHINELOGENTRY, client-88DF9C2A5C96, cid=244-writeStateMachineData
	at org.apache.ratis.util.IOUtils.getFromFuture(IOUtils.java:87)
	at org.apache.ratis.server.raftlog.segmented.SegmentedRaftLogWorker$StateMachineDataPolicy.getFromFuture(SegmentedRaftLogWorker.java:87)
	at org.apache.ratis.server.raftlog.segmented.SegmentedRaftLogWorker$WriteLog.execute(SegmentedRaftLogWorker.java:477)
	at org.apache.ratis.server.raftlog.segmented.SegmentedRaftLogWorker.run(SegmentedRaftLogWorker.java:289)
	at java.lang.Thread.run(Thread.java:748)
Caused by: java.util.concurrent.TimeoutException
	at java.util.concurrent.CompletableFuture.timedGet(CompletableFuture.java:1771)
	at java.util.concurrent.CompletableFuture.get(CompletableFuture.java:1915)
	at org.apache.ratis.util.IOUtils.getFromFuture(IOUtils.java:79)
	... 4 more
2019-09-12 06:08:28,355 [8f5ab14e-21d2-479d-9d33-3cad9b590bd0@group-9B69FF6C6692-SegmentedRaftLogWorker] WARN  segmented.SegmentedRaftLogWorker (SegmentedRaftLogWorker.java:getFromFuture(90)) - Timeout 11/~
org.apache.ratis.protocol.TimeoutIOException: Timeout 10s: WriteLog:13: (t:1, i:13), STATEMACHINELOGENTRY, client-88DF9C2A5C96, cid=244-writeStateMachineData
	at org.apache.ratis.util.IOUtils.getFromFuture(IOUtils.java:87)
	at org.apache.ratis.server.raftlog.segmented.SegmentedRaftLogWorker$StateMachineDataPolicy.getFromFuture(SegmentedRaftLogWorker.java:87)
	at org.apache.ratis.server.raftlog.segmented.SegmentedRaftLogWorker$WriteLog.execute(SegmentedRaftLogWorker.java:477)
	at org.apache.ratis.server.raftlog.segmented.SegmentedRaftLogWorker.run(SegmentedRaftLogWorker.java:289)
	at java.lang.Thread.run(Thread.java:748)
Caused by: java.util.concurrent.TimeoutException
	at java.util.concurrent.CompletableFuture.timedGet(CompletableFuture.java:1771)
	at java.util.concurrent.CompletableFuture.get(CompletableFuture.java:1915)
	at org.apache.ratis.util.IOUtils.getFromFuture(IOUtils.java:79)
	... 4 more
2019-09-12 06:08:28,355 [1f61edb1-ab55-473c-8774-d83fa3b21acc@group-9B69FF6C6692-SegmentedRaftLogWorker] WARN  segmented.SegmentedRaftLogWorker (SegmentedRaftLogWorker.java:getFromFuture(90)) - Timeout 11/~
org.apache.ratis.protocol.TimeoutIOException: Timeout 10s: WriteLog:13: (t:1, i:13), STATEMACHINELOGENTRY, client-88DF9C2A5C96, cid=244-writeStateMachineData
	at org.apache.ratis.util.IOUtils.getFromFuture(IOUtils.java:87)
	at org.apache.ratis.server.raftlog.segmented.SegmentedRaftLogWorker$StateMachineDataPolicy.getFromFuture(SegmentedRaftLogWorker.java:87)
	at org.apache.ratis.server.raftlog.segmented.SegmentedRaftLogWorker$WriteLog.execute(SegmentedRaftLogWorker.java:477)
	at org.apache.ratis.server.raftlog.segmented.SegmentedRaftLogWorker.run(SegmentedRaftLogWorker.java:289)
	at java.lang.Thread.run(Thread.java:748)
Caused by: java.util.concurrent.TimeoutException
	at java.util.concurrent.CompletableFuture.timedGet(CompletableFuture.java:1771)
	at java.util.concurrent.CompletableFuture.get(CompletableFuture.java:1915)
	at org.apache.ratis.util.IOUtils.getFromFuture(IOUtils.java:79)
	... 4 more
2019-09-12 06:08:28,358 [org.apache.ratis.server.impl.LogAppender$AppenderDaemon$$Lambda$547/1589537345@1cb569b8] ERROR ratis.XceiverServerRatis (XceiverServerRatis.java:triggerPipelineClose(568)) - pipeline Action CLOSE  on pipeline PipelineID=a1966d09-9fc6-4852-85fa-9b69ff6c6692.Reason : df009476-bbf0-43a2-af41-11b5052a445f has not seen follower/s 1f61edb1-ab55-473c-8774-d83fa3b21acc for 120707ms 8f5ab14e-21d2-479d-9d33-3cad9b590bd0 for 120707ms
2019-09-12 06:08:28,358 [org.apache.ratis.server.impl.LogAppender$AppenderDaemon$$Lambda$547/1589537345@753097df] ERROR ratis.XceiverServerRatis (XceiverServerRatis.java:triggerPipelineClose(568)) - pipeline Action CLOSE  on pipeline PipelineID=a1966d09-9fc6-4852-85fa-9b69ff6c6692.Reason : df009476-bbf0-43a2-af41-11b5052a445f has not seen follower/s 1f61edb1-ab55-473c-8774-d83fa3b21acc for 120707ms 8f5ab14e-21d2-479d-9d33-3cad9b590bd0 for 120707ms
2019-09-12 06:08:28,448 [EventQueue-PipelineActionsForPipelineActionHandler] ERROR pipeline.PipelineActionHandler (PipelineActionHandler.java:onMessage(60)) - Received pipeline action CLOSE for Pipeline[ Id: a1966d09-9fc6-4852-85fa-9b69ff6c6692, Nodes: df009476-bbf0-43a2-af41-11b5052a445f{ip: 192.168.34.52, host: trunk-nightly-20190912-4gc2t-2068889165, networkLocation: /default-rack, certSerialId: null}8f5ab14e-21d2-479d-9d33-3cad9b590bd0{ip: 192.168.34.52, host: trunk-nightly-20190912-4gc2t-2068889165, networkLocation: /default-rack, certSerialId: null}1f61edb1-ab55-473c-8774-d83fa3b21acc{ip: 192.168.34.52, host: trunk-nightly-20190912-4gc2t-2068889165, networkLocation: /default-rack, certSerialId: null}, Type:RATIS, Factor:THREE, State:OPEN] from datanode df009476-bbf0-43a2-af41-11b5052a445f{ip: 192.168.34.52, host: trunk-nightly-20190912-4gc2t-2068889165, networkLocation: /default-rack, certSerialId: null}. Reason : df009476-bbf0-43a2-af41-11b5052a445f has not seen follower/s 1f61edb1-ab55-473c-8774-d83fa3b21acc for 120707ms 8f5ab14e-21d2-479d-9d33-3cad9b590bd0 for 120707ms
2019-09-12 06:08:28,448 [EventQueue-PipelineActionsForPipelineActionHandler] INFO  pipeline.SCMPipelineManager (SCMPipelineManager.java:finalizeAndDestroyPipeline(311)) - destroying pipeline:Pipeline[ Id: a1966d09-9fc6-4852-85fa-9b69ff6c6692, Nodes: df009476-bbf0-43a2-af41-11b5052a445f{ip: 192.168.34.52, host: trunk-nightly-20190912-4gc2t-2068889165, networkLocation: /default-rack, certSerialId: null}8f5ab14e-21d2-479d-9d33-3cad9b590bd0{ip: 192.168.34.52, host: trunk-nightly-20190912-4gc2t-2068889165, networkLocation: /default-rack, certSerialId: null}1f61edb1-ab55-473c-8774-d83fa3b21acc{ip: 192.168.34.52, host: trunk-nightly-20190912-4gc2t-2068889165, networkLocation: /default-rack, certSerialId: null}, Type:RATIS, Factor:THREE, State:OPEN]
2019-09-12 06:08:28,449 [EventQueue-PipelineActionsForPipelineActionHandler] INFO  pipeline.PipelineStateManager (PipelineStateManager.java:finalizePipeline(123)) - Pipeline Pipeline[ Id: a1966d09-9fc6-4852-85fa-9b69ff6c6692, Nodes: df009476-bbf0-43a2-af41-11b5052a445f{ip: 192.168.34.52, host: trunk-nightly-20190912-4gc2t-2068889165, networkLocation: /default-rack, certSerialId: null}8f5ab14e-21d2-479d-9d33-3cad9b590bd0{ip: 192.168.34.52, host: trunk-nightly-20190912-4gc2t-2068889165, networkLocation: /default-rack, certSerialId: null}1f61edb1-ab55-473c-8774-d83fa3b21acc{ip: 192.168.34.52, host: trunk-nightly-20190912-4gc2t-2068889165, networkLocation: /default-rack, certSerialId: null}, Type:RATIS, Factor:THREE, State:CLOSED] moved to CLOSED state
2019-09-12 06:08:28,449 [EventQueue-CloseContainerForCloseContainerEventHandler] INFO  container.CloseContainerEventHandler (CloseContainerEventHandler.java:onMessage(61)) - Close container Event triggered for container : #7
2019-09-12 06:08:28,450 [EventQueue-CloseContainerForCloseContainerEventHandler] INFO  container.CloseContainerEventHandler (CloseContainerEventHandler.java:onMessage(61)) - Close container Event triggered for container : #9
2019-09-12 06:08:28,858 [java.util.concurrent.ThreadPoolExecutor$Worker@16e94c59[State = -1, empty queue]] WARN  server.GrpcLogAppender (GrpcLogAppender.java:timeoutAppendRequest(200)) - df009476-bbf0-43a2-af41-11b5052a445f@group-9B69FF6C6692->1f61edb1-ab55-473c-8774-d83fa3b21acc-GrpcLogAppender: appendEntries Timeout, request=df009476-bbf0-43a2-af41-11b5052a445f->1f61edb1-ab55-473c-8774-d83fa3b21acc#215-t1, previous=(t:1, i:18), leaderCommit=12, initializing? false, entries: <empty>
2019-09-12 06:08:28,858 [java.util.concurrent.ThreadPoolExecutor$Worker@4d4040a7[State = -1, empty queue]] WARN  server.GrpcLogAppender (GrpcLogAppender.java:timeoutAppendRequest(200)) - df009476-bbf0-43a2-af41-11b5052a445f@group-9B69FF6C6692->8f5ab14e-21d2-479d-9d33-3cad9b590bd0-GrpcLogAppender: appendEntries Timeout, request=df009476-bbf0-43a2-af41-11b5052a445f->8f5ab14e-21d2-479d-9d33-3cad9b590bd0#215-t1, previous=(t:1, i:18), leaderCommit=12, initializing? false, entries: <empty>
2019-09-12 06:08:29,289 [grpc-default-executor-1] INFO  client.GrpcClientProtocolClient (GrpcClientProtocolClient.java:onNext(264)) - client-88DF9C2A5C96->1f61edb1-ab55-473c-8774-d83fa3b21acc: receive RaftClientReply:client-88DF9C2A5C96->1f61edb1-ab55-473c-8774-d83fa3b21acc@group-9B69FF6C6692, cid=244, FAILED org.apache.ratis.protocol.NotLeaderException: Server 1f61edb1-ab55-473c-8774-d83fa3b21acc@group-9B69FF6C6692 is not the leader df009476-bbf0-43a2-af41-11b5052a445f:192.168.34.52:35732, logIndex=0, commits[1f61edb1-ab55-473c-8774-d83fa3b21acc:c12, 8f5ab14e-21d2-479d-9d33-3cad9b590bd0:c12, df009476-bbf0-43a2-af41-11b5052a445f:c12]
2019-09-12 06:08:30,466 [org.apache.ratis.server.impl.LogAppender$AppenderDaemon$$Lambda$547/1589537345@1cb569b8] ERROR ratis.XceiverServerRatis (XceiverServerRatis.java:triggerPipelineClose(568)) - pipeline Action CLOSE  on pipeline PipelineID=a1966d09-9fc6-4852-85fa-9b69ff6c6692.Reason : df009476-bbf0-43a2-af41-11b5052a445f has not seen follower/s 1f61edb1-ab55-473c-8774-d83fa3b21acc for 122815ms 8f5ab14e-21d2-479d-9d33-3cad9b590bd0 for 122815ms
2019-09-12 06:08:30,466 [org.apache.ratis.server.impl.LogAppender$AppenderDaemon$$Lambda$547/1589537345@753097df] ERROR ratis.XceiverServerRatis (XceiverServerRatis.java:triggerPipelineClose(568)) - pipeline Action CLOSE  on pipeline PipelineID=a1966d09-9fc6-4852-85fa-9b69ff6c6692.Reason : df009476-bbf0-43a2-af41-11b5052a445f has not seen follower/s 1f61edb1-ab55-473c-8774-d83fa3b21acc for 122815ms 8f5ab14e-21d2-479d-9d33-3cad9b590bd0 for 122815ms
2019-09-12 06:08:31,358 [java.util.concurrent.ThreadPoolExecutor$Worker@16e94c59[State = -1, empty queue]] WARN  server.GrpcLogAppender (GrpcLogAppender.java:timeoutAppendRequest(200)) - df009476-bbf0-43a2-af41-11b5052a445f@group-9B69FF6C6692->1f61edb1-ab55-473c-8774-d83fa3b21acc-GrpcLogAppender: appendEntries Timeout, request=df009476-bbf0-43a2-af41-11b5052a445f->1f61edb1-ab55-473c-8774-d83fa3b21acc#216-t1, previous=(t:1, i:18), leaderCommit=12, initializing? false, entries: <empty>
2019-09-12 06:08:31,358 [java.util.concurrent.ThreadPoolExecutor$Worker@4d4040a7[State = -1, empty queue]] WARN  server.GrpcLogAppender (GrpcLogAppender.java:timeoutAppendRequest(200)) - df009476-bbf0-43a2-af41-11b5052a445f@group-9B69FF6C6692->8f5ab14e-21d2-479d-9d33-3cad9b590bd0-GrpcLogAppender: appendEntries Timeout, request=df009476-bbf0-43a2-af41-11b5052a445f->8f5ab14e-21d2-479d-9d33-3cad9b590bd0#216-t1, previous=(t:1, i:18), leaderCommit=12, initializing? false, entries: <empty>
2019-09-12 06:08:31,465 [EventQueue-PipelineActionsForPipelineActionHandler] ERROR pipeline.PipelineActionHandler (PipelineActionHandler.java:onMessage(60)) - Received pipeline action CLOSE for Pipeline[ Id: a1966d09-9fc6-4852-85fa-9b69ff6c6692, Nodes: df009476-bbf0-43a2-af41-11b5052a445f{ip: 192.168.34.52, host: trunk-nightly-20190912-4gc2t-2068889165, networkLocation: /default-rack, certSerialId: null}8f5ab14e-21d2-479d-9d33-3cad9b590bd0{ip: 192.168.34.52, host: trunk-nightly-20190912-4gc2t-2068889165, networkLocation: /default-rack, certSerialId: null}1f61edb1-ab55-473c-8774-d83fa3b21acc{ip: 192.168.34.52, host: trunk-nightly-20190912-4gc2t-2068889165, networkLocation: /default-rack, certSerialId: null}, Type:RATIS, Factor:THREE, State:CLOSED] from datanode df009476-bbf0-43a2-af41-11b5052a445f{ip: 192.168.34.52, host: trunk-nightly-20190912-4gc2t-2068889165, networkLocation: /default-rack, certSerialId: null}. Reason : df009476-bbf0-43a2-af41-11b5052a445f has not seen follower/s 1f61edb1-ab55-473c-8774-d83fa3b21acc for 122815ms 8f5ab14e-21d2-479d-9d33-3cad9b590bd0 for 122815ms
2019-09-12 06:08:31,465 [EventQueue-PipelineActionsForPipelineActionHandler] INFO  pipeline.SCMPipelineManager (SCMPipelineManager.java:finalizeAndDestroyPipeline(311)) - destroying pipeline:Pipeline[ Id: a1966d09-9fc6-4852-85fa-9b69ff6c6692, Nodes: df009476-bbf0-43a2-af41-11b5052a445f{ip: 192.168.34.52, host: trunk-nightly-20190912-4gc2t-2068889165, networkLocation: /default-rack, certSerialId: null}8f5ab14e-21d2-479d-9d33-3cad9b590bd0{ip: 192.168.34.52, host: trunk-nightly-20190912-4gc2t-2068889165, networkLocation: /default-rack, certSerialId: null}1f61edb1-ab55-473c-8774-d83fa3b21acc{ip: 192.168.34.52, host: trunk-nightly-20190912-4gc2t-2068889165, networkLocation: /default-rack, certSerialId: null}, Type:RATIS, Factor:THREE, State:CLOSED]
2019-09-12 06:08:32,968 [org.apache.ratis.server.impl.LogAppender$AppenderDaemon$$Lambda$547/1589537345@753097df] ERROR ratis.XceiverServerRatis (XceiverServerRatis.java:triggerPipelineClose(568)) - pipeline Action CLOSE  on pipeline PipelineID=a1966d09-9fc6-4852-85fa-9b69ff6c6692.Reason : df009476-bbf0-43a2-af41-11b5052a445f has not seen follower/s 1f61edb1-ab55-473c-8774-d83fa3b21acc for 125317ms 8f5ab14e-21d2-479d-9d33-3cad9b590bd0 for 125317ms
2019-09-12 06:08:32,968 [org.apache.ratis.server.impl.LogAppender$AppenderDaemon$$Lambda$547/1589537345@1cb569b8] ERROR ratis.XceiverServerRatis (XceiverServerRatis.java:triggerPipelineClose(568)) - pipeline Action CLOSE  on pipeline PipelineID=a1966d09-9fc6-4852-85fa-9b69ff6c6692.Reason : df009476-bbf0-43a2-af41-11b5052a445f has not seen follower/s 1f61edb1-ab55-473c-8774-d83fa3b21acc for 125317ms 8f5ab14e-21d2-479d-9d33-3cad9b590bd0 for 125317ms
2019-09-12 06:08:33,465 [EventQueue-PipelineActionsForPipelineActionHandler] ERROR pipeline.PipelineActionHandler (PipelineActionHandler.java:onMessage(60)) - Received pipeline action CLOSE for Pipeline[ Id: a1966d09-9fc6-4852-85fa-9b69ff6c6692, Nodes: df009476-bbf0-43a2-af41-11b5052a445f{ip: 192.168.34.52, host: trunk-nightly-20190912-4gc2t-2068889165, networkLocation: /default-rack, certSerialId: null}8f5ab14e-21d2-479d-9d33-3cad9b590bd0{ip: 192.168.34.52, host: trunk-nightly-20190912-4gc2t-2068889165, networkLocation: /default-rack, certSerialId: null}1f61edb1-ab55-473c-8774-d83fa3b21acc{ip: 192.168.34.52, host: trunk-nightly-20190912-4gc2t-2068889165, networkLocation: /default-rack, certSerialId: null}, Type:RATIS, Factor:THREE, State:CLOSED] from datanode df009476-bbf0-43a2-af41-11b5052a445f{ip: 192.168.34.52, host: trunk-nightly-20190912-4gc2t-2068889165, networkLocation: /default-rack, certSerialId: null}. Reason : df009476-bbf0-43a2-af41-11b5052a445f has not seen follower/s 1f61edb1-ab55-473c-8774-d83fa3b21acc for 125317ms 8f5ab14e-21d2-479d-9d33-3cad9b590bd0 for 125317ms
2019-09-12 06:08:33,465 [EventQueue-PipelineActionsForPipelineActionHandler] INFO  pipeline.SCMPipelineManager (SCMPipelineManager.java:finalizeAndDestroyPipeline(311)) - destroying pipeline:Pipeline[ Id: a1966d09-9fc6-4852-85fa-9b69ff6c6692, Nodes: df009476-bbf0-43a2-af41-11b5052a445f{ip: 192.168.34.52, host: trunk-nightly-20190912-4gc2t-2068889165, networkLocation: /default-rack, certSerialId: null}8f5ab14e-21d2-479d-9d33-3cad9b590bd0{ip: 192.168.34.52, host: trunk-nightly-20190912-4gc2t-2068889165, networkLocation: /default-rack, certSerialId: null}1f61edb1-ab55-473c-8774-d83fa3b21acc{ip: 192.168.34.52, host: trunk-nightly-20190912-4gc2t-2068889165, networkLocation: /default-rack, certSerialId: null}, Type:RATIS, Factor:THREE, State:CLOSED]
2019-09-12 06:08:33,466 [java.util.concurrent.ThreadPoolExecutor$Worker@4d4040a7[State = -1, empty queue]] WARN  server.GrpcLogAppender (GrpcLogAppender.java:timeoutAppendRequest(200)) - df009476-bbf0-43a2-af41-11b5052a445f@group-9B69FF6C6692->8f5ab14e-21d2-479d-9d33-3cad9b590bd0-GrpcLogAppender: appendEntries Timeout, request=df009476-bbf0-43a2-af41-11b5052a445f->8f5ab14e-21d2-479d-9d33-3cad9b590bd0#217-t1, previous=(t:1, i:18), leaderCommit=12, initializing? false, entries: size=1, first=(t:1, i:19), STATEMACHINELOGENTRY, client-5AC5277FB755, cid=19
2019-09-12 06:08:33,466 [java.util.concurrent.ThreadPoolExecutor$Worker@16e94c59[State = -1, empty queue]] WARN  server.GrpcLogAppender (GrpcLogAppender.java:timeoutAppendRequest(200)) - df009476-bbf0-43a2-af41-11b5052a445f@group-9B69FF6C6692->1f61edb1-ab55-473c-8774-d83fa3b21acc-GrpcLogAppender: appendEntries Timeout, request=df009476-bbf0-43a2-af41-11b5052a445f->1f61edb1-ab55-473c-8774-d83fa3b21acc#217-t1, previous=(t:1, i:18), leaderCommit=12, initializing? false, entries: size=1, first=(t:1, i:19), STATEMACHINELOGENTRY, client-5AC5277FB755, cid=19
2019-09-12 06:08:34,320 [grpc-default-executor-1] INFO  client.GrpcClientProtocolClient (GrpcClientProtocolClient.java:onNext(264)) - client-88DF9C2A5C96->1f61edb1-ab55-473c-8774-d83fa3b21acc: receive RaftClientReply:client-88DF9C2A5C96->1f61edb1-ab55-473c-8774-d83fa3b21acc@group-9B69FF6C6692, cid=244, FAILED org.apache.ratis.protocol.NotLeaderException: Server 1f61edb1-ab55-473c-8774-d83fa3b21acc@group-9B69FF6C6692 is not the leader df009476-bbf0-43a2-af41-11b5052a445f:192.168.34.52:35732, logIndex=0, commits[1f61edb1-ab55-473c-8774-d83fa3b21acc:c12, 8f5ab14e-21d2-479d-9d33-3cad9b590bd0:c12, df009476-bbf0-43a2-af41-11b5052a445f:c12]
2019-09-12 06:08:35,469 [org.apache.ratis.server.impl.LogAppender$AppenderDaemon$$Lambda$547/1589537345@753097df] ERROR ratis.XceiverServerRatis (XceiverServerRatis.java:triggerPipelineClose(568)) - pipeline Action CLOSE  on pipeline PipelineID=a1966d09-9fc6-4852-85fa-9b69ff6c6692.Reason : df009476-bbf0-43a2-af41-11b5052a445f has not seen follower/s 1f61edb1-ab55-473c-8774-d83fa3b21acc for 127818ms 8f5ab14e-21d2-479d-9d33-3cad9b590bd0 for 127818ms
2019-09-12 06:08:35,469 [org.apache.ratis.server.impl.LogAppender$AppenderDaemon$$Lambda$547/1589537345@1cb569b8] ERROR ratis.XceiverServerRatis (XceiverServerRatis.java:triggerPipelineClose(568)) - pipeline Action CLOSE  on pipeline PipelineID=a1966d09-9fc6-4852-85fa-9b69ff6c6692.Reason : df009476-bbf0-43a2-af41-11b5052a445f has not seen follower/s 1f61edb1-ab55-473c-8774-d83fa3b21acc for 127818ms 8f5ab14e-21d2-479d-9d33-3cad9b590bd0 for 127818ms
2019-09-12 06:08:35,968 [java.util.concurrent.ThreadPoolExecutor$Worker@4d4040a7[State = -1, empty queue]] WARN  server.GrpcLogAppender (GrpcLogAppender.java:timeoutAppendRequest(200)) - df009476-bbf0-43a2-af41-11b5052a445f@group-9B69FF6C6692->8f5ab14e-21d2-479d-9d33-3cad9b590bd0-GrpcLogAppender: appendEntries Timeout, request=df009476-bbf0-43a2-af41-11b5052a445f->8f5ab14e-21d2-479d-9d33-3cad9b590bd0#218-t1, previous=(t:1, i:19), leaderCommit=12, initializing? false, entries: <empty>
2019-09-12 06:08:35,968 [java.util.concurrent.ThreadPoolExecutor$Worker@16e94c59[State = -1, empty queue]] WARN  server.GrpcLogAppender (GrpcLogAppender.java:timeoutAppendRequest(200)) - df009476-bbf0-43a2-af41-11b5052a445f@group-9B69FF6C6692->1f61edb1-ab55-473c-8774-d83fa3b21acc-GrpcLogAppender: appendEntries Timeout, request=df009476-bbf0-43a2-af41-11b5052a445f->1f61edb1-ab55-473c-8774-d83fa3b21acc#218-t1, previous=(t:1, i:19), leaderCommit=12, initializing? false, entries: <empty>
2019-09-12 06:08:36,465 [EventQueue-PipelineActionsForPipelineActionHandler] ERROR pipeline.PipelineActionHandler (PipelineActionHandler.java:onMessage(60)) - Received pipeline action CLOSE for Pipeline[ Id: a1966d09-9fc6-4852-85fa-9b69ff6c6692, Nodes: df009476-bbf0-43a2-af41-11b5052a445f{ip: 192.168.34.52, host: trunk-nightly-20190912-4gc2t-2068889165, networkLocation: /default-rack, certSerialId: null}8f5ab14e-21d2-479d-9d33-3cad9b590bd0{ip: 192.168.34.52, host: trunk-nightly-20190912-4gc2t-2068889165, networkLocation: /default-rack, certSerialId: null}1f61edb1-ab55-473c-8774-d83fa3b21acc{ip: 192.168.34.52, host: trunk-nightly-20190912-4gc2t-2068889165, networkLocation: /default-rack, certSerialId: null}, Type:RATIS, Factor:THREE, State:CLOSED] from datanode df009476-bbf0-43a2-af41-11b5052a445f{ip: 192.168.34.52, host: trunk-nightly-20190912-4gc2t-2068889165, networkLocation: /default-rack, certSerialId: null}. Reason : df009476-bbf0-43a2-af41-11b5052a445f has not seen follower/s 1f61edb1-ab55-473c-8774-d83fa3b21acc for 127818ms 8f5ab14e-21d2-479d-9d33-3cad9b590bd0 for 127818ms
2019-09-12 06:08:36,465 [EventQueue-PipelineActionsForPipelineActionHandler] INFO  pipeline.SCMPipelineManager (SCMPipelineManager.java:finalizeAndDestroyPipeline(311)) - destroying pipeline:Pipeline[ Id: a1966d09-9fc6-4852-85fa-9b69ff6c6692, Nodes: df009476-bbf0-43a2-af41-11b5052a445f{ip: 192.168.34.52, host: trunk-nightly-20190912-4gc2t-2068889165, networkLocation: /default-rack, certSerialId: null}8f5ab14e-21d2-479d-9d33-3cad9b590bd0{ip: 192.168.34.52, host: trunk-nightly-20190912-4gc2t-2068889165, networkLocation: /default-rack, certSerialId: null}1f61edb1-ab55-473c-8774-d83fa3b21acc{ip: 192.168.34.52, host: trunk-nightly-20190912-4gc2t-2068889165, networkLocation: /default-rack, certSerialId: null}, Type:RATIS, Factor:THREE, State:CLOSED]
2019-09-12 06:08:37,970 [org.apache.ratis.server.impl.LogAppender$AppenderDaemon$$Lambda$547/1589537345@753097df] ERROR ratis.XceiverServerRatis (XceiverServerRatis.java:triggerPipelineClose(568)) - pipeline Action CLOSE  on pipeline PipelineID=a1966d09-9fc6-4852-85fa-9b69ff6c6692.Reason : df009476-bbf0-43a2-af41-11b5052a445f has not seen follower/s 1f61edb1-ab55-473c-8774-d83fa3b21acc for 130319ms 8f5ab14e-21d2-479d-9d33-3cad9b590bd0 for 130319ms
2019-09-12 06:08:37,970 [org.apache.ratis.server.impl.LogAppender$AppenderDaemon$$Lambda$547/1589537345@1cb569b8] ERROR ratis.XceiverServerRatis (XceiverServerRatis.java:triggerPipelineClose(568)) - pipeline Action CLOSE  on pipeline PipelineID=a1966d09-9fc6-4852-85fa-9b69ff6c6692.Reason : df009476-bbf0-43a2-af41-11b5052a445f has not seen follower/s 1f61edb1-ab55-473c-8774-d83fa3b21acc for 130319ms 8f5ab14e-21d2-479d-9d33-3cad9b590bd0 for 130319ms
2019-09-12 06:08:38,334 [df009476-bbf0-43a2-af41-11b5052a445f@group-9B69FF6C6692-SegmentedRaftLogWorker] WARN  segmented.SegmentedRaftLogWorker (SegmentedRaftLogWorker.java:getFromFuture(90)) - Timeout 12/~
org.apache.ratis.protocol.TimeoutIOException: Timeout 10s: WriteLog:13: (t:1, i:13), STATEMACHINELOGENTRY, client-88DF9C2A5C96, cid=244-writeStateMachineData
	at org.apache.ratis.util.IOUtils.getFromFuture(IOUtils.java:87)
	at org.apache.ratis.server.raftlog.segmented.SegmentedRaftLogWorker$StateMachineDataPolicy.getFromFuture(SegmentedRaftLogWorker.java:87)
	at org.apache.ratis.server.raftlog.segmented.SegmentedRaftLogWorker$WriteLog.execute(SegmentedRaftLogWorker.java:477)
	at org.apache.ratis.server.raftlog.segmented.SegmentedRaftLogWorker.run(SegmentedRaftLogWorker.java:289)
	at java.lang.Thread.run(Thread.java:748)
Caused by: java.util.concurrent.TimeoutException
	at java.util.concurrent.CompletableFuture.timedGet(CompletableFuture.java:1771)
	at java.util.concurrent.CompletableFuture.get(CompletableFuture.java:1915)
	at org.apache.ratis.util.IOUtils.getFromFuture(IOUtils.java:79)
	... 4 more
2019-09-12 06:08:38,356 [8f5ab14e-21d2-479d-9d33-3cad9b590bd0@group-9B69FF6C6692-SegmentedRaftLogWorker] WARN  segmented.SegmentedRaftLogWorker (SegmentedRaftLogWorker.java:getFromFuture(90)) - Timeout 12/~
org.apache.ratis.protocol.TimeoutIOException: Timeout 10s: WriteLog:13: (t:1, i:13), STATEMACHINELOGENTRY, client-88DF9C2A5C96, cid=244-writeStateMachineData
	at org.apache.ratis.util.IOUtils.getFromFuture(IOUtils.java:87)
	at org.apache.ratis.server.raftlog.segmented.SegmentedRaftLogWorker$StateMachineDataPolicy.getFromFuture(SegmentedRaftLogWorker.java:87)
	at org.apache.ratis.server.raftlog.segmented.SegmentedRaftLogWorker$WriteLog.execute(SegmentedRaftLogWorker.java:477)
	at org.apache.ratis.server.raftlog.segmented.SegmentedRaftLogWorker.run(SegmentedRaftLogWorker.java:289)
	at java.lang.Thread.run(Thread.java:748)
Caused by: java.util.concurrent.TimeoutException
	at java.util.concurrent.CompletableFuture.timedGet(CompletableFuture.java:1771)
	at java.util.concurrent.CompletableFuture.get(CompletableFuture.java:1915)
	at org.apache.ratis.util.IOUtils.getFromFuture(IOUtils.java:79)
	... 4 more
2019-09-12 06:08:38,356 [1f61edb1-ab55-473c-8774-d83fa3b21acc@group-9B69FF6C6692-SegmentedRaftLogWorker] WARN  segmented.SegmentedRaftLogWorker (SegmentedRaftLogWorker.java:getFromFuture(90)) - Timeout 12/~
org.apache.ratis.protocol.TimeoutIOException: Timeout 10s: WriteLog:13: (t:1, i:13), STATEMACHINELOGENTRY, client-88DF9C2A5C96, cid=244-writeStateMachineData
	at org.apache.ratis.util.IOUtils.getFromFuture(IOUtils.java:87)
	at org.apache.ratis.server.raftlog.segmented.SegmentedRaftLogWorker$StateMachineDataPolicy.getFromFuture(SegmentedRaftLogWorker.java:87)
	at org.apache.ratis.server.raftlog.segmented.SegmentedRaftLogWorker$WriteLog.execute(SegmentedRaftLogWorker.java:477)
	at org.apache.ratis.server.raftlog.segmented.SegmentedRaftLogWorker.run(SegmentedRaftLogWorker.java:289)
	at java.lang.Thread.run(Thread.java:748)
Caused by: java.util.concurrent.TimeoutException
	at java.util.concurrent.CompletableFuture.timedGet(CompletableFuture.java:1771)
	at java.util.concurrent.CompletableFuture.get(CompletableFuture.java:1915)
	at org.apache.ratis.util.IOUtils.getFromFuture(IOUtils.java:79)
	... 4 more
2019-09-12 06:08:38,465 [EventQueue-PipelineActionsForPipelineActionHandler] ERROR pipeline.PipelineActionHandler (PipelineActionHandler.java:onMessage(60)) - Received pipeline action CLOSE for Pipeline[ Id: a1966d09-9fc6-4852-85fa-9b69ff6c6692, Nodes: df009476-bbf0-43a2-af41-11b5052a445f{ip: 192.168.34.52, host: trunk-nightly-20190912-4gc2t-2068889165, networkLocation: /default-rack, certSerialId: null}8f5ab14e-21d2-479d-9d33-3cad9b590bd0{ip: 192.168.34.52, host: trunk-nightly-20190912-4gc2t-2068889165, networkLocation: /default-rack, certSerialId: null}1f61edb1-ab55-473c-8774-d83fa3b21acc{ip: 192.168.34.52, host: trunk-nightly-20190912-4gc2t-2068889165, networkLocation: /default-rack, certSerialId: null}, Type:RATIS, Factor:THREE, State:CLOSED] from datanode df009476-bbf0-43a2-af41-11b5052a445f{ip: 192.168.34.52, host: trunk-nightly-20190912-4gc2t-2068889165, networkLocation: /default-rack, certSerialId: null}. Reason : df009476-bbf0-43a2-af41-11b5052a445f has not seen follower/s 1f61edb1-ab55-473c-8774-d83fa3b21acc for 130319ms 8f5ab14e-21d2-479d-9d33-3cad9b590bd0 for 130319ms
2019-09-12 06:08:38,465 [EventQueue-PipelineActionsForPipelineActionHandler] INFO  pipeline.SCMPipelineManager (SCMPipelineManager.java:finalizeAndDestroyPipeline(311)) - destroying pipeline:Pipeline[ Id: a1966d09-9fc6-4852-85fa-9b69ff6c6692, Nodes: df009476-bbf0-43a2-af41-11b5052a445f{ip: 192.168.34.52, host: trunk-nightly-20190912-4gc2t-2068889165, networkLocation: /default-rack, certSerialId: null}8f5ab14e-21d2-479d-9d33-3cad9b590bd0{ip: 192.168.34.52, host: trunk-nightly-20190912-4gc2t-2068889165, networkLocation: /default-rack, certSerialId: null}1f61edb1-ab55-473c-8774-d83fa3b21acc{ip: 192.168.34.52, host: trunk-nightly-20190912-4gc2t-2068889165, networkLocation: /default-rack, certSerialId: null}, Type:RATIS, Factor:THREE, State:CLOSED]
2019-09-12 06:08:38,469 [java.util.concurrent.ThreadPoolExecutor$Worker@4d4040a7[State = -1, empty queue]] WARN  server.GrpcLogAppender (GrpcLogAppender.java:timeoutAppendRequest(200)) - df009476-bbf0-43a2-af41-11b5052a445f@group-9B69FF6C6692->8f5ab14e-21d2-479d-9d33-3cad9b590bd0-GrpcLogAppender: appendEntries Timeout, request=df009476-bbf0-43a2-af41-11b5052a445f->8f5ab14e-21d2-479d-9d33-3cad9b590bd0#219-t1, previous=(t:1, i:19), leaderCommit=12, initializing? false, entries: <empty>
2019-09-12 06:08:38,469 [java.util.concurrent.ThreadPoolExecutor$Worker@16e94c59[State = -1, empty queue]] WARN  server.GrpcLogAppender (GrpcLogAppender.java:timeoutAppendRequest(200)) - df009476-bbf0-43a2-af41-11b5052a445f@group-9B69FF6C6692->1f61edb1-ab55-473c-8774-d83fa3b21acc-GrpcLogAppender: appendEntries Timeout, request=df009476-bbf0-43a2-af41-11b5052a445f->1f61edb1-ab55-473c-8774-d83fa3b21acc#219-t1, previous=(t:1, i:19), leaderCommit=12, initializing? false, entries: <empty>
2019-09-12 06:08:39,359 [grpc-default-executor-10] INFO  client.GrpcClientProtocolClient (GrpcClientProtocolClient.java:onNext(264)) - client-88DF9C2A5C96->8f5ab14e-21d2-479d-9d33-3cad9b590bd0: receive RaftClientReply:client-88DF9C2A5C96->8f5ab14e-21d2-479d-9d33-3cad9b590bd0@group-9B69FF6C6692, cid=244, FAILED org.apache.ratis.protocol.NotLeaderException: Server 8f5ab14e-21d2-479d-9d33-3cad9b590bd0@group-9B69FF6C6692 is not the leader df009476-bbf0-43a2-af41-11b5052a445f:192.168.34.52:35732, logIndex=0, commits[8f5ab14e-21d2-479d-9d33-3cad9b590bd0:c12, 1f61edb1-ab55-473c-8774-d83fa3b21acc:c12, df009476-bbf0-43a2-af41-11b5052a445f:c12]
2019-09-12 06:08:40,471 [org.apache.ratis.server.impl.LogAppender$AppenderDaemon$$Lambda$547/1589537345@753097df] ERROR ratis.XceiverServerRatis (XceiverServerRatis.java:triggerPipelineClose(568)) - pipeline Action CLOSE  on pipeline PipelineID=a1966d09-9fc6-4852-85fa-9b69ff6c6692.Reason : df009476-bbf0-43a2-af41-11b5052a445f has not seen follower/s 1f61edb1-ab55-473c-8774-d83fa3b21acc for 132820ms 8f5ab14e-21d2-479d-9d33-3cad9b590bd0 for 132820ms
2019-09-12 06:08:40,471 [org.apache.ratis.server.impl.LogAppender$AppenderDaemon$$Lambda$547/1589537345@1cb569b8] ERROR ratis.XceiverServerRatis (XceiverServerRatis.java:triggerPipelineClose(568)) - pipeline Action CLOSE  on pipeline PipelineID=a1966d09-9fc6-4852-85fa-9b69ff6c6692.Reason : df009476-bbf0-43a2-af41-11b5052a445f has not seen follower/s 1f61edb1-ab55-473c-8774-d83fa3b21acc for 132820ms 8f5ab14e-21d2-479d-9d33-3cad9b590bd0 for 132820ms
2019-09-12 06:08:40,970 [java.util.concurrent.ThreadPoolExecutor$Worker@16e94c59[State = -1, empty queue]] WARN  server.GrpcLogAppender (GrpcLogAppender.java:timeoutAppendRequest(200)) - df009476-bbf0-43a2-af41-11b5052a445f@group-9B69FF6C6692->1f61edb1-ab55-473c-8774-d83fa3b21acc-GrpcLogAppender: appendEntries Timeout, request=df009476-bbf0-43a2-af41-11b5052a445f->1f61edb1-ab55-473c-8774-d83fa3b21acc#220-t1, previous=(t:1, i:19), leaderCommit=12, initializing? false, entries: <empty>
2019-09-12 06:08:40,970 [java.util.concurrent.ThreadPoolExecutor$Worker@4d4040a7[State = -1, empty queue]] WARN  server.GrpcLogAppender (GrpcLogAppender.java:timeoutAppendRequest(200)) - df009476-bbf0-43a2-af41-11b5052a445f@group-9B69FF6C6692->8f5ab14e-21d2-479d-9d33-3cad9b590bd0-GrpcLogAppender: appendEntries Timeout, request=df009476-bbf0-43a2-af41-11b5052a445f->8f5ab14e-21d2-479d-9d33-3cad9b590bd0#220-t1, previous=(t:1, i:19), leaderCommit=12, initializing? false, entries: <empty>
2019-09-12 06:08:41,466 [EventQueue-PipelineActionsForPipelineActionHandler] ERROR pipeline.PipelineActionHandler (PipelineActionHandler.java:onMessage(60)) - Received pipeline action CLOSE for Pipeline[ Id: a1966d09-9fc6-4852-85fa-9b69ff6c6692, Nodes: df009476-bbf0-43a2-af41-11b5052a445f{ip: 192.168.34.52, host: trunk-nightly-20190912-4gc2t-2068889165, networkLocation: /default-rack, certSerialId: null}8f5ab14e-21d2-479d-9d33-3cad9b590bd0{ip: 192.168.34.52, host: trunk-nightly-20190912-4gc2t-2068889165, networkLocation: /default-rack, certSerialId: null}1f61edb1-ab55-473c-8774-d83fa3b21acc{ip: 192.168.34.52, host: trunk-nightly-20190912-4gc2t-2068889165, networkLocation: /default-rack, certSerialId: null}, Type:RATIS, Factor:THREE, State:CLOSED] from datanode df009476-bbf0-43a2-af41-11b5052a445f{ip: 192.168.34.52, host: trunk-nightly-20190912-4gc2t-2068889165, networkLocation: /default-rack, certSerialId: null}. Reason : df009476-bbf0-43a2-af41-11b5052a445f has not seen follower/s 1f61edb1-ab55-473c-8774-d83fa3b21acc for 132820ms 8f5ab14e-21d2-479d-9d33-3cad9b590bd0 for 132820ms
2019-09-12 06:08:41,466 [EventQueue-PipelineActionsForPipelineActionHandler] INFO  pipeline.SCMPipelineManager (SCMPipelineManager.java:finalizeAndDestroyPipeline(311)) - destroying pipeline:Pipeline[ Id: a1966d09-9fc6-4852-85fa-9b69ff6c6692, Nodes: df009476-bbf0-43a2-af41-11b5052a445f{ip: 192.168.34.52, host: trunk-nightly-20190912-4gc2t-2068889165, networkLocation: /default-rack, certSerialId: null}8f5ab14e-21d2-479d-9d33-3cad9b590bd0{ip: 192.168.34.52, host: trunk-nightly-20190912-4gc2t-2068889165, networkLocation: /default-rack, certSerialId: null}1f61edb1-ab55-473c-8774-d83fa3b21acc{ip: 192.168.34.52, host: trunk-nightly-20190912-4gc2t-2068889165, networkLocation: /default-rack, certSerialId: null}, Type:RATIS, Factor:THREE, State:CLOSED]
2019-09-12 06:08:42,973 [org.apache.ratis.server.impl.LogAppender$AppenderDaemon$$Lambda$547/1589537345@753097df] ERROR ratis.XceiverServerRatis (XceiverServerRatis.java:triggerPipelineClose(568)) - pipeline Action CLOSE  on pipeline PipelineID=a1966d09-9fc6-4852-85fa-9b69ff6c6692.Reason : df009476-bbf0-43a2-af41-11b5052a445f has not seen follower/s 1f61edb1-ab55-473c-8774-d83fa3b21acc for 135322ms 8f5ab14e-21d2-479d-9d33-3cad9b590bd0 for 135322ms
2019-09-12 06:08:42,973 [org.apache.ratis.server.impl.LogAppender$AppenderDaemon$$Lambda$547/1589537345@1cb569b8] ERROR ratis.XceiverServerRatis (XceiverServerRatis.java:triggerPipelineClose(568)) - pipeline Action CLOSE  on pipeline PipelineID=a1966d09-9fc6-4852-85fa-9b69ff6c6692.Reason : df009476-bbf0-43a2-af41-11b5052a445f has not seen follower/s 1f61edb1-ab55-473c-8774-d83fa3b21acc for 135322ms 8f5ab14e-21d2-479d-9d33-3cad9b590bd0 for 135322ms
2019-09-12 06:08:43,466 [EventQueue-PipelineActionsForPipelineActionHandler] ERROR pipeline.PipelineActionHandler (PipelineActionHandler.java:onMessage(60)) - Received pipeline action CLOSE for Pipeline[ Id: a1966d09-9fc6-4852-85fa-9b69ff6c6692, Nodes: df009476-bbf0-43a2-af41-11b5052a445f{ip: 192.168.34.52, host: trunk-nightly-20190912-4gc2t-2068889165, networkLocation: /default-rack, certSerialId: null}8f5ab14e-21d2-479d-9d33-3cad9b590bd0{ip: 192.168.34.52, host: trunk-nightly-20190912-4gc2t-2068889165, networkLocation: /default-rack, certSerialId: null}1f61edb1-ab55-473c-8774-d83fa3b21acc{ip: 192.168.34.52, host: trunk-nightly-20190912-4gc2t-2068889165, networkLocation: /default-rack, certSerialId: null}, Type:RATIS, Factor:THREE, State:CLOSED] from datanode df009476-bbf0-43a2-af41-11b5052a445f{ip: 192.168.34.52, host: trunk-nightly-20190912-4gc2t-2068889165, networkLocation: /default-rack, certSerialId: null}. Reason : df009476-bbf0-43a2-af41-11b5052a445f has not seen follower/s 1f61edb1-ab55-473c-8774-d83fa3b21acc for 135322ms 8f5ab14e-21d2-479d-9d33-3cad9b590bd0 for 135322ms
2019-09-12 06:08:43,466 [EventQueue-PipelineActionsForPipelineActionHandler] INFO  pipeline.SCMPipelineManager (SCMPipelineManager.java:finalizeAndDestroyPipeline(311)) - destroying pipeline:Pipeline[ Id: a1966d09-9fc6-4852-85fa-9b69ff6c6692, Nodes: df009476-bbf0-43a2-af41-11b5052a445f{ip: 192.168.34.52, host: trunk-nightly-20190912-4gc2t-2068889165, networkLocation: /default-rack, certSerialId: null}8f5ab14e-21d2-479d-9d33-3cad9b590bd0{ip: 192.168.34.52, host: trunk-nightly-20190912-4gc2t-2068889165, networkLocation: /default-rack, certSerialId: null}1f61edb1-ab55-473c-8774-d83fa3b21acc{ip: 192.168.34.52, host: trunk-nightly-20190912-4gc2t-2068889165, networkLocation: /default-rack, certSerialId: null}, Type:RATIS, Factor:THREE, State:CLOSED]
2019-09-12 06:08:43,471 [java.util.concurrent.ThreadPoolExecutor$Worker@16e94c59[State = -1, empty queue]] WARN  server.GrpcLogAppender (GrpcLogAppender.java:timeoutAppendRequest(200)) - df009476-bbf0-43a2-af41-11b5052a445f@group-9B69FF6C6692->1f61edb1-ab55-473c-8774-d83fa3b21acc-GrpcLogAppender: appendEntries Timeout, request=df009476-bbf0-43a2-af41-11b5052a445f->1f61edb1-ab55-473c-8774-d83fa3b21acc#221-t1, previous=(t:1, i:19), leaderCommit=12, initializing? false, entries: <empty>
2019-09-12 06:08:43,471 [java.util.concurrent.ThreadPoolExecutor$Worker@4d4040a7[State = -1, empty queue]] WARN  server.GrpcLogAppender (GrpcLogAppender.java:timeoutAppendRequest(200)) - df009476-bbf0-43a2-af41-11b5052a445f@group-9B69FF6C6692->8f5ab14e-21d2-479d-9d33-3cad9b590bd0-GrpcLogAppender: appendEntries Timeout, request=df009476-bbf0-43a2-af41-11b5052a445f->8f5ab14e-21d2-479d-9d33-3cad9b590bd0#221-t1, previous=(t:1, i:19), leaderCommit=12, initializing? false, entries: <empty>
2019-09-12 06:08:44,390 [grpc-default-executor-10] INFO  client.GrpcClientProtocolClient (GrpcClientProtocolClient.java:onNext(264)) - client-88DF9C2A5C96->8f5ab14e-21d2-479d-9d33-3cad9b590bd0: receive RaftClientReply:client-88DF9C2A5C96->8f5ab14e-21d2-479d-9d33-3cad9b590bd0@group-9B69FF6C6692, cid=244, FAILED org.apache.ratis.protocol.NotLeaderException: Server 8f5ab14e-21d2-479d-9d33-3cad9b590bd0@group-9B69FF6C6692 is not the leader df009476-bbf0-43a2-af41-11b5052a445f:192.168.34.52:35732, logIndex=0, commits[8f5ab14e-21d2-479d-9d33-3cad9b590bd0:c12, 1f61edb1-ab55-473c-8774-d83fa3b21acc:c12, df009476-bbf0-43a2-af41-11b5052a445f:c12]
2019-09-12 06:08:45,473 [org.apache.ratis.server.impl.LogAppender$AppenderDaemon$$Lambda$547/1589537345@753097df] ERROR ratis.XceiverServerRatis (XceiverServerRatis.java:triggerPipelineClose(568)) - pipeline Action CLOSE  on pipeline PipelineID=a1966d09-9fc6-4852-85fa-9b69ff6c6692.Reason : df009476-bbf0-43a2-af41-11b5052a445f has not seen follower/s 1f61edb1-ab55-473c-8774-d83fa3b21acc for 137822ms 8f5ab14e-21d2-479d-9d33-3cad9b590bd0 for 137822ms
2019-09-12 06:08:45,473 [org.apache.ratis.server.impl.LogAppender$AppenderDaemon$$Lambda$547/1589537345@1cb569b8] ERROR ratis.XceiverServerRatis (XceiverServerRatis.java:triggerPipelineClose(568)) - pipeline Action CLOSE  on pipeline PipelineID=a1966d09-9fc6-4852-85fa-9b69ff6c6692.Reason : df009476-bbf0-43a2-af41-11b5052a445f has not seen follower/s 1f61edb1-ab55-473c-8774-d83fa3b21acc for 137822ms 8f5ab14e-21d2-479d-9d33-3cad9b590bd0 for 137823ms
2019-09-12 06:08:45,972 [java.util.concurrent.ThreadPoolExecutor$Worker@4d4040a7[State = -1, empty queue]] WARN  server.GrpcLogAppender (GrpcLogAppender.java:timeoutAppendRequest(200)) - df009476-bbf0-43a2-af41-11b5052a445f@group-9B69FF6C6692->8f5ab14e-21d2-479d-9d33-3cad9b590bd0-GrpcLogAppender: appendEntries Timeout, request=df009476-bbf0-43a2-af41-11b5052a445f->8f5ab14e-21d2-479d-9d33-3cad9b590bd0#222-t1, previous=(t:1, i:19), leaderCommit=12, initializing? false, entries: <empty>
2019-09-12 06:08:45,972 [java.util.concurrent.ThreadPoolExecutor$Worker@16e94c59[State = -1, empty queue]] WARN  server.GrpcLogAppender (GrpcLogAppender.java:timeoutAppendRequest(200)) - df009476-bbf0-43a2-af41-11b5052a445f@group-9B69FF6C6692->1f61edb1-ab55-473c-8774-d83fa3b21acc-GrpcLogAppender: appendEntries Timeout, request=df009476-bbf0-43a2-af41-11b5052a445f->1f61edb1-ab55-473c-8774-d83fa3b21acc#222-t1, previous=(t:1, i:19), leaderCommit=12, initializing? false, entries: <empty>
2019-09-12 06:08:46,467 [EventQueue-PipelineActionsForPipelineActionHandler] ERROR pipeline.PipelineActionHandler (PipelineActionHandler.java:onMessage(60)) - Received pipeline action CLOSE for Pipeline[ Id: a1966d09-9fc6-4852-85fa-9b69ff6c6692, Nodes: df009476-bbf0-43a2-af41-11b5052a445f{ip: 192.168.34.52, host: trunk-nightly-20190912-4gc2t-2068889165, networkLocation: /default-rack, certSerialId: null}8f5ab14e-21d2-479d-9d33-3cad9b590bd0{ip: 192.168.34.52, host: trunk-nightly-20190912-4gc2t-2068889165, networkLocation: /default-rack, certSerialId: null}1f61edb1-ab55-473c-8774-d83fa3b21acc{ip: 192.168.34.52, host: trunk-nightly-20190912-4gc2t-2068889165, networkLocation: /default-rack, certSerialId: null}, Type:RATIS, Factor:THREE, State:CLOSED] from datanode df009476-bbf0-43a2-af41-11b5052a445f{ip: 192.168.34.52, host: trunk-nightly-20190912-4gc2t-2068889165, networkLocation: /default-rack, certSerialId: null}. Reason : df009476-bbf0-43a2-af41-11b5052a445f has not seen follower/s 1f61edb1-ab55-473c-8774-d83fa3b21acc for 137822ms 8f5ab14e-21d2-479d-9d33-3cad9b590bd0 for 137823ms
2019-09-12 06:08:46,468 [EventQueue-PipelineActionsForPipelineActionHandler] INFO  pipeline.SCMPipelineManager (SCMPipelineManager.java:finalizeAndDestroyPipeline(311)) - destroying pipeline:Pipeline[ Id: a1966d09-9fc6-4852-85fa-9b69ff6c6692, Nodes: df009476-bbf0-43a2-af41-11b5052a445f{ip: 192.168.34.52, host: trunk-nightly-20190912-4gc2t-2068889165, networkLocation: /default-rack, certSerialId: null}8f5ab14e-21d2-479d-9d33-3cad9b590bd0{ip: 192.168.34.52, host: trunk-nightly-20190912-4gc2t-2068889165, networkLocation: /default-rack, certSerialId: null}1f61edb1-ab55-473c-8774-d83fa3b21acc{ip: 192.168.34.52, host: trunk-nightly-20190912-4gc2t-2068889165, networkLocation: /default-rack, certSerialId: null}, Type:RATIS, Factor:THREE, State:CLOSED]
2019-09-12 06:08:47,976 [org.apache.ratis.server.impl.LogAppender$AppenderDaemon$$Lambda$547/1589537345@753097df] ERROR ratis.XceiverServerRatis (XceiverServerRatis.java:triggerPipelineClose(568)) - pipeline Action CLOSE  on pipeline PipelineID=a1966d09-9fc6-4852-85fa-9b69ff6c6692.Reason : df009476-bbf0-43a2-af41-11b5052a445f has not seen follower/s 1f61edb1-ab55-473c-8774-d83fa3b21acc for 140325ms 8f5ab14e-21d2-479d-9d33-3cad9b590bd0 for 140325ms
2019-09-12 06:08:47,976 [org.apache.ratis.server.impl.LogAppender$AppenderDaemon$$Lambda$547/1589537345@1cb569b8] ERROR ratis.XceiverServerRatis (XceiverServerRatis.java:triggerPipelineClose(568)) - pipeline Action CLOSE  on pipeline PipelineID=a1966d09-9fc6-4852-85fa-9b69ff6c6692.Reason : df009476-bbf0-43a2-af41-11b5052a445f has not seen follower/s 1f61edb1-ab55-473c-8774-d83fa3b21acc for 140325ms 8f5ab14e-21d2-479d-9d33-3cad9b590bd0 for 140325ms
2019-09-12 06:08:48,335 [df009476-bbf0-43a2-af41-11b5052a445f@group-9B69FF6C6692-SegmentedRaftLogWorker] WARN  segmented.SegmentedRaftLogWorker (SegmentedRaftLogWorker.java:getFromFuture(90)) - Timeout 13/~
org.apache.ratis.protocol.TimeoutIOException: Timeout 10s: WriteLog:13: (t:1, i:13), STATEMACHINELOGENTRY, client-88DF9C2A5C96, cid=244-writeStateMachineData
	at org.apache.ratis.util.IOUtils.getFromFuture(IOUtils.java:87)
	at org.apache.ratis.server.raftlog.segmented.SegmentedRaftLogWorker$StateMachineDataPolicy.getFromFuture(SegmentedRaftLogWorker.java:87)
	at org.apache.ratis.server.raftlog.segmented.SegmentedRaftLogWorker$WriteLog.execute(SegmentedRaftLogWorker.java:477)
	at org.apache.ratis.server.raftlog.segmented.SegmentedRaftLogWorker.run(SegmentedRaftLogWorker.java:289)
	at java.lang.Thread.run(Thread.java:748)
Caused by: java.util.concurrent.TimeoutException
	at java.util.concurrent.CompletableFuture.timedGet(CompletableFuture.java:1771)
	at java.util.concurrent.CompletableFuture.get(CompletableFuture.java:1915)
	at org.apache.ratis.util.IOUtils.getFromFuture(IOUtils.java:79)
	... 4 more
2019-09-12 06:08:48,357 [8f5ab14e-21d2-479d-9d33-3cad9b590bd0@group-9B69FF6C6692-SegmentedRaftLogWorker] WARN  segmented.SegmentedRaftLogWorker (SegmentedRaftLogWorker.java:getFromFuture(90)) - Timeout 13/~
org.apache.ratis.protocol.TimeoutIOException: Timeout 10s: WriteLog:13: (t:1, i:13), STATEMACHINELOGENTRY, client-88DF9C2A5C96, cid=244-writeStateMachineData
	at org.apache.ratis.util.IOUtils.getFromFuture(IOUtils.java:87)
	at org.apache.ratis.server.raftlog.segmented.SegmentedRaftLogWorker$StateMachineDataPolicy.getFromFuture(SegmentedRaftLogWorker.java:87)
	at org.apache.ratis.server.raftlog.segmented.SegmentedRaftLogWorker$WriteLog.execute(SegmentedRaftLogWorker.java:477)
	at org.apache.ratis.server.raftlog.segmented.SegmentedRaftLogWorker.run(SegmentedRaftLogWorker.java:289)
	at java.lang.Thread.run(Thread.java:748)
Caused by: java.util.concurrent.TimeoutException
	at java.util.concurrent.CompletableFuture.timedGet(CompletableFuture.java:1771)
	at java.util.concurrent.CompletableFuture.get(CompletableFuture.java:1915)
	at org.apache.ratis.util.IOUtils.getFromFuture(IOUtils.java:79)
	... 4 more
2019-09-12 06:08:48,357 [1f61edb1-ab55-473c-8774-d83fa3b21acc@group-9B69FF6C6692-SegmentedRaftLogWorker] WARN  segmented.SegmentedRaftLogWorker (SegmentedRaftLogWorker.java:getFromFuture(90)) - Timeout 13/~
org.apache.ratis.protocol.TimeoutIOException: Timeout 10s: WriteLog:13: (t:1, i:13), STATEMACHINELOGENTRY, client-88DF9C2A5C96, cid=244-writeStateMachineData
	at org.apache.ratis.util.IOUtils.getFromFuture(IOUtils.java:87)
	at org.apache.ratis.server.raftlog.segmented.SegmentedRaftLogWorker$StateMachineDataPolicy.getFromFuture(SegmentedRaftLogWorker.java:87)
	at org.apache.ratis.server.raftlog.segmented.SegmentedRaftLogWorker$WriteLog.execute(SegmentedRaftLogWorker.java:477)
	at org.apache.ratis.server.raftlog.segmented.SegmentedRaftLogWorker.run(SegmentedRaftLogWorker.java:289)
	at java.lang.Thread.run(Thread.java:748)
Caused by: java.util.concurrent.TimeoutException
	at java.util.concurrent.CompletableFuture.timedGet(CompletableFuture.java:1771)
	at java.util.concurrent.CompletableFuture.get(CompletableFuture.java:1915)
	at org.apache.ratis.util.IOUtils.getFromFuture(IOUtils.java:79)
	... 4 more
2019-09-12 06:08:48,467 [EventQueue-PipelineActionsForPipelineActionHandler] ERROR pipeline.PipelineActionHandler (PipelineActionHandler.java:onMessage(60)) - Received pipeline action CLOSE for Pipeline[ Id: a1966d09-9fc6-4852-85fa-9b69ff6c6692, Nodes: df009476-bbf0-43a2-af41-11b5052a445f{ip: 192.168.34.52, host: trunk-nightly-20190912-4gc2t-2068889165, networkLocation: /default-rack, certSerialId: null}8f5ab14e-21d2-479d-9d33-3cad9b590bd0{ip: 192.168.34.52, host: trunk-nightly-20190912-4gc2t-2068889165, networkLocation: /default-rack, certSerialId: null}1f61edb1-ab55-473c-8774-d83fa3b21acc{ip: 192.168.34.52, host: trunk-nightly-20190912-4gc2t-2068889165, networkLocation: /default-rack, certSerialId: null}, Type:RATIS, Factor:THREE, State:CLOSED] from datanode df009476-bbf0-43a2-af41-11b5052a445f{ip: 192.168.34.52, host: trunk-nightly-20190912-4gc2t-2068889165, networkLocation: /default-rack, certSerialId: null}. Reason : df009476-bbf0-43a2-af41-11b5052a445f has not seen follower/s 1f61edb1-ab55-473c-8774-d83fa3b21acc for 140325ms 8f5ab14e-21d2-479d-9d33-3cad9b590bd0 for 140325ms
2019-09-12 06:08:48,467 [EventQueue-PipelineActionsForPipelineActionHandler] INFO  pipeline.SCMPipelineManager (SCMPipelineManager.java:finalizeAndDestroyPipeline(311)) - destroying pipeline:Pipeline[ Id: a1966d09-9fc6-4852-85fa-9b69ff6c6692, Nodes: df009476-bbf0-43a2-af41-11b5052a445f{ip: 192.168.34.52, host: trunk-nightly-20190912-4gc2t-2068889165, networkLocation: /default-rack, certSerialId: null}8f5ab14e-21d2-479d-9d33-3cad9b590bd0{ip: 192.168.34.52, host: trunk-nightly-20190912-4gc2t-2068889165, networkLocation: /default-rack, certSerialId: null}1f61edb1-ab55-473c-8774-d83fa3b21acc{ip: 192.168.34.52, host: trunk-nightly-20190912-4gc2t-2068889165, networkLocation: /default-rack, certSerialId: null}, Type:RATIS, Factor:THREE, State:CLOSED]
2019-09-12 06:08:48,473 [java.util.concurrent.ThreadPoolExecutor$Worker@16e94c59[State = -1, empty queue]] WARN  server.GrpcLogAppender (GrpcLogAppender.java:timeoutAppendRequest(200)) - df009476-bbf0-43a2-af41-11b5052a445f@group-9B69FF6C6692->1f61edb1-ab55-473c-8774-d83fa3b21acc-GrpcLogAppender: appendEntries Timeout, request=df009476-bbf0-43a2-af41-11b5052a445f->1f61edb1-ab55-473c-8774-d83fa3b21acc#223-t1, previous=(t:1, i:19), leaderCommit=12, initializing? false, entries: <empty>
2019-09-12 06:08:48,473 [java.util.concurrent.ThreadPoolExecutor$Worker@4d4040a7[State = -1, empty queue]] WARN  server.GrpcLogAppender (GrpcLogAppender.java:timeoutAppendRequest(200)) - df009476-bbf0-43a2-af41-11b5052a445f@group-9B69FF6C6692->8f5ab14e-21d2-479d-9d33-3cad9b590bd0-GrpcLogAppender: appendEntries Timeout, request=df009476-bbf0-43a2-af41-11b5052a445f->8f5ab14e-21d2-479d-9d33-3cad9b590bd0#223-t1, previous=(t:1, i:19), leaderCommit=12, initializing? false, entries: <empty>
2019-09-12 06:08:49,420 [grpc-default-executor-1] INFO  client.GrpcClientProtocolClient (GrpcClientProtocolClient.java:onNext(264)) - client-88DF9C2A5C96->8f5ab14e-21d2-479d-9d33-3cad9b590bd0: receive RaftClientReply:client-88DF9C2A5C96->8f5ab14e-21d2-479d-9d33-3cad9b590bd0@group-9B69FF6C6692, cid=244, FAILED org.apache.ratis.protocol.NotLeaderException: Server 8f5ab14e-21d2-479d-9d33-3cad9b590bd0@group-9B69FF6C6692 is not the leader df009476-bbf0-43a2-af41-11b5052a445f:192.168.34.52:35732, logIndex=0, commits[8f5ab14e-21d2-479d-9d33-3cad9b590bd0:c12, 1f61edb1-ab55-473c-8774-d83fa3b21acc:c12, df009476-bbf0-43a2-af41-11b5052a445f:c12]
2019-09-12 06:08:50,477 [org.apache.ratis.server.impl.LogAppender$AppenderDaemon$$Lambda$547/1589537345@1cb569b8] ERROR ratis.XceiverServerRatis (XceiverServerRatis.java:triggerPipelineClose(568)) - pipeline Action CLOSE  on pipeline PipelineID=a1966d09-9fc6-4852-85fa-9b69ff6c6692.Reason : df009476-bbf0-43a2-af41-11b5052a445f has not seen follower/s 1f61edb1-ab55-473c-8774-d83fa3b21acc for 142826ms 8f5ab14e-21d2-479d-9d33-3cad9b590bd0 for 142826ms
2019-09-12 06:08:50,477 [org.apache.ratis.server.impl.LogAppender$AppenderDaemon$$Lambda$547/1589537345@753097df] ERROR ratis.XceiverServerRatis (XceiverServerRatis.java:triggerPipelineClose(568)) - pipeline Action CLOSE  on pipeline PipelineID=a1966d09-9fc6-4852-85fa-9b69ff6c6692.Reason : df009476-bbf0-43a2-af41-11b5052a445f has not seen follower/s 1f61edb1-ab55-473c-8774-d83fa3b21acc for 142826ms 8f5ab14e-21d2-479d-9d33-3cad9b590bd0 for 142826ms
2019-09-12 06:08:50,976 [java.util.concurrent.ThreadPoolExecutor$Worker@16e94c59[State = -1, empty queue]] WARN  server.GrpcLogAppender (GrpcLogAppender.java:timeoutAppendRequest(200)) - df009476-bbf0-43a2-af41-11b5052a445f@group-9B69FF6C6692->1f61edb1-ab55-473c-8774-d83fa3b21acc-GrpcLogAppender: appendEntries Timeout, request=df009476-bbf0-43a2-af41-11b5052a445f->1f61edb1-ab55-473c-8774-d83fa3b21acc#224-t1, previous=(t:1, i:19), leaderCommit=12, initializing? false, entries: <empty>
2019-09-12 06:08:50,976 [java.util.concurrent.ThreadPoolExecutor$Worker@4d4040a7[State = -1, empty queue]] WARN  server.GrpcLogAppender (GrpcLogAppender.java:timeoutAppendRequest(200)) - df009476-bbf0-43a2-af41-11b5052a445f@group-9B69FF6C6692->8f5ab14e-21d2-479d-9d33-3cad9b590bd0-GrpcLogAppender: appendEntries Timeout, request=df009476-bbf0-43a2-af41-11b5052a445f->8f5ab14e-21d2-479d-9d33-3cad9b590bd0#224-t1, previous=(t:1, i:19), leaderCommit=12, initializing? false, entries: <empty>
2019-09-12 06:08:51,467 [EventQueue-PipelineActionsForPipelineActionHandler] ERROR pipeline.PipelineActionHandler (PipelineActionHandler.java:onMessage(60)) - Received pipeline action CLOSE for Pipeline[ Id: a1966d09-9fc6-4852-85fa-9b69ff6c6692, Nodes: df009476-bbf0-43a2-af41-11b5052a445f{ip: 192.168.34.52, host: trunk-nightly-20190912-4gc2t-2068889165, networkLocation: /default-rack, certSerialId: null}8f5ab14e-21d2-479d-9d33-3cad9b590bd0{ip: 192.168.34.52, host: trunk-nightly-20190912-4gc2t-2068889165, networkLocation: /default-rack, certSerialId: null}1f61edb1-ab55-473c-8774-d83fa3b21acc{ip: 192.168.34.52, host: trunk-nightly-20190912-4gc2t-2068889165, networkLocation: /default-rack, certSerialId: null}, Type:RATIS, Factor:THREE, State:CLOSED] from datanode df009476-bbf0-43a2-af41-11b5052a445f{ip: 192.168.34.52, host: trunk-nightly-20190912-4gc2t-2068889165, networkLocation: /default-rack, certSerialId: null}. Reason : df009476-bbf0-43a2-af41-11b5052a445f has not seen follower/s 1f61edb1-ab55-473c-8774-d83fa3b21acc for 142826ms 8f5ab14e-21d2-479d-9d33-3cad9b590bd0 for 142826ms
2019-09-12 06:08:51,467 [EventQueue-PipelineActionsForPipelineActionHandler] INFO  pipeline.SCMPipelineManager (SCMPipelineManager.java:finalizeAndDestroyPipeline(311)) - destroying pipeline:Pipeline[ Id: a1966d09-9fc6-4852-85fa-9b69ff6c6692, Nodes: df009476-bbf0-43a2-af41-11b5052a445f{ip: 192.168.34.52, host: trunk-nightly-20190912-4gc2t-2068889165, networkLocation: /default-rack, certSerialId: null}8f5ab14e-21d2-479d-9d33-3cad9b590bd0{ip: 192.168.34.52, host: trunk-nightly-20190912-4gc2t-2068889165, networkLocation: /default-rack, certSerialId: null}1f61edb1-ab55-473c-8774-d83fa3b21acc{ip: 192.168.34.52, host: trunk-nightly-20190912-4gc2t-2068889165, networkLocation: /default-rack, certSerialId: null}, Type:RATIS, Factor:THREE, State:CLOSED]
2019-09-12 06:08:52,977 [org.apache.ratis.server.impl.LogAppender$AppenderDaemon$$Lambda$547/1589537345@753097df] ERROR ratis.XceiverServerRatis (XceiverServerRatis.java:triggerPipelineClose(568)) - pipeline Action CLOSE  on pipeline PipelineID=a1966d09-9fc6-4852-85fa-9b69ff6c6692.Reason : df009476-bbf0-43a2-af41-11b5052a445f has not seen follower/s 1f61edb1-ab55-473c-8774-d83fa3b21acc for 145326ms 8f5ab14e-21d2-479d-9d33-3cad9b590bd0 for 145326ms
2019-09-12 06:08:52,978 [org.apache.ratis.server.impl.LogAppender$AppenderDaemon$$Lambda$547/1589537345@1cb569b8] ERROR ratis.XceiverServerRatis (XceiverServerRatis.java:triggerPipelineClose(568)) - pipeline Action CLOSE  on pipeline PipelineID=a1966d09-9fc6-4852-85fa-9b69ff6c6692.Reason : df009476-bbf0-43a2-af41-11b5052a445f has not seen follower/s 1f61edb1-ab55-473c-8774-d83fa3b21acc for 145327ms 8f5ab14e-21d2-479d-9d33-3cad9b590bd0 for 145327ms
2019-09-12 06:08:53,468 [EventQueue-PipelineActionsForPipelineActionHandler] ERROR pipeline.PipelineActionHandler (PipelineActionHandler.java:onMessage(60)) - Received pipeline action CLOSE for Pipeline[ Id: a1966d09-9fc6-4852-85fa-9b69ff6c6692, Nodes: df009476-bbf0-43a2-af41-11b5052a445f{ip: 192.168.34.52, host: trunk-nightly-20190912-4gc2t-2068889165, networkLocation: /default-rack, certSerialId: null}8f5ab14e-21d2-479d-9d33-3cad9b590bd0{ip: 192.168.34.52, host: trunk-nightly-20190912-4gc2t-2068889165, networkLocation: /default-rack, certSerialId: null}1f61edb1-ab55-473c-8774-d83fa3b21acc{ip: 192.168.34.52, host: trunk-nightly-20190912-4gc2t-2068889165, networkLocation: /default-rack, certSerialId: null}, Type:RATIS, Factor:THREE, State:CLOSED] from datanode df009476-bbf0-43a2-af41-11b5052a445f{ip: 192.168.34.52, host: trunk-nightly-20190912-4gc2t-2068889165, networkLocation: /default-rack, certSerialId: null}. Reason : df009476-bbf0-43a2-af41-11b5052a445f has not seen follower/s 1f61edb1-ab55-473c-8774-d83fa3b21acc for 145326ms 8f5ab14e-21d2-479d-9d33-3cad9b590bd0 for 145326ms
2019-09-12 06:08:53,468 [EventQueue-PipelineActionsForPipelineActionHandler] INFO  pipeline.SCMPipelineManager (SCMPipelineManager.java:finalizeAndDestroyPipeline(311)) - destroying pipeline:Pipeline[ Id: a1966d09-9fc6-4852-85fa-9b69ff6c6692, Nodes: df009476-bbf0-43a2-af41-11b5052a445f{ip: 192.168.34.52, host: trunk-nightly-20190912-4gc2t-2068889165, networkLocation: /default-rack, certSerialId: null}8f5ab14e-21d2-479d-9d33-3cad9b590bd0{ip: 192.168.34.52, host: trunk-nightly-20190912-4gc2t-2068889165, networkLocation: /default-rack, certSerialId: null}1f61edb1-ab55-473c-8774-d83fa3b21acc{ip: 192.168.34.52, host: trunk-nightly-20190912-4gc2t-2068889165, networkLocation: /default-rack, certSerialId: null}, Type:RATIS, Factor:THREE, State:CLOSED]
2019-09-12 06:08:53,477 [java.util.concurrent.ThreadPoolExecutor$Worker@16e94c59[State = -1, empty queue]] WARN  server.GrpcLogAppender (GrpcLogAppender.java:timeoutAppendRequest(200)) - df009476-bbf0-43a2-af41-11b5052a445f@group-9B69FF6C6692->1f61edb1-ab55-473c-8774-d83fa3b21acc-GrpcLogAppender: appendEntries Timeout, request=df009476-bbf0-43a2-af41-11b5052a445f->1f61edb1-ab55-473c-8774-d83fa3b21acc#225-t1, previous=(t:1, i:19), leaderCommit=12, initializing? false, entries: <empty>
2019-09-12 06:08:53,477 [java.util.concurrent.ThreadPoolExecutor$Worker@4d4040a7[State = -1, empty queue]] WARN  server.GrpcLogAppender (GrpcLogAppender.java:timeoutAppendRequest(200)) - df009476-bbf0-43a2-af41-11b5052a445f@group-9B69FF6C6692->8f5ab14e-21d2-479d-9d33-3cad9b590bd0-GrpcLogAppender: appendEntries Timeout, request=df009476-bbf0-43a2-af41-11b5052a445f->8f5ab14e-21d2-479d-9d33-3cad9b590bd0#225-t1, previous=(t:1, i:19), leaderCommit=12, initializing? false, entries: <empty>
2019-09-12 06:08:54,451 [grpc-default-executor-9] INFO  client.GrpcClientProtocolClient (GrpcClientProtocolClient.java:onNext(264)) - client-88DF9C2A5C96->8f5ab14e-21d2-479d-9d33-3cad9b590bd0: receive RaftClientReply:client-88DF9C2A5C96->8f5ab14e-21d2-479d-9d33-3cad9b590bd0@group-9B69FF6C6692, cid=244, FAILED org.apache.ratis.protocol.NotLeaderException: Server 8f5ab14e-21d2-479d-9d33-3cad9b590bd0@group-9B69FF6C6692 is not the leader df009476-bbf0-43a2-af41-11b5052a445f:192.168.34.52:35732, logIndex=0, commits[8f5ab14e-21d2-479d-9d33-3cad9b590bd0:c12, 1f61edb1-ab55-473c-8774-d83fa3b21acc:c12, df009476-bbf0-43a2-af41-11b5052a445f:c12]
2019-09-12 06:08:54,844 [grpc-default-executor-10] INFO  impl.RaftServerProxy (RaftServerProxy.java:addNew(89)) - 8f5ab14e-21d2-479d-9d33-3cad9b590bd0: addNew group-DC26A20B2F90:[1f61edb1-ab55-473c-8774-d83fa3b21acc:192.168.34.52:34789, 8f5ab14e-21d2-479d-9d33-3cad9b590bd0:192.168.34.52:37331, df009476-bbf0-43a2-af41-11b5052a445f:192.168.34.52:35732] returns group-DC26A20B2F90:java.util.concurrent.CompletableFuture@7f7ff550[Not completed]
2019-09-12 06:08:54,844 [grpc-default-executor-1] INFO  impl.RaftServerProxy (RaftServerProxy.java:addNew(89)) - 1f61edb1-ab55-473c-8774-d83fa3b21acc: addNew group-DC26A20B2F90:[1f61edb1-ab55-473c-8774-d83fa3b21acc:192.168.34.52:34789, 8f5ab14e-21d2-479d-9d33-3cad9b590bd0:192.168.34.52:37331, df009476-bbf0-43a2-af41-11b5052a445f:192.168.34.52:35732] returns group-DC26A20B2F90:java.util.concurrent.CompletableFuture@3bd6069c[Not completed]
2019-09-12 06:08:54,844 [grpc-default-executor-9] INFO  impl.RaftServerProxy (RaftServerProxy.java:addNew(89)) - df009476-bbf0-43a2-af41-11b5052a445f: addNew group-DC26A20B2F90:[1f61edb1-ab55-473c-8774-d83fa3b21acc:192.168.34.52:34789, 8f5ab14e-21d2-479d-9d33-3cad9b590bd0:192.168.34.52:37331, df009476-bbf0-43a2-af41-11b5052a445f:192.168.34.52:35732] returns group-DC26A20B2F90:java.util.concurrent.CompletableFuture@14e390a[Not completed]
2019-09-12 06:08:54,847 [pool-37-thread-1] INFO  impl.RaftServerImpl (RaftServerImpl.java:<init>(95)) - 8f5ab14e-21d2-479d-9d33-3cad9b590bd0: new RaftServerImpl for group-DC26A20B2F90:[1f61edb1-ab55-473c-8774-d83fa3b21acc:192.168.34.52:34789, 8f5ab14e-21d2-479d-9d33-3cad9b590bd0:192.168.34.52:37331, df009476-bbf0-43a2-af41-11b5052a445f:192.168.34.52:35732] with ContainerStateMachine:uninitialized
2019-09-12 06:08:54,847 [pool-37-thread-1] INFO  server.RaftServerConfigKeys (ConfUtils.java:logGet(43)) - raft.server.rpc.timeout.min = 5s (custom)
2019-09-12 06:08:54,847 [pool-37-thread-1] INFO  server.RaftServerConfigKeys (ConfUtils.java:logGet(43)) - raft.server.rpc.timeout.max = 5200ms (custom)
2019-09-12 06:08:54,848 [pool-37-thread-1] INFO  server.RaftServerConfigKeys (ConfUtils.java:logGet(43)) - raft.server.rpcslowness.timeout = 120s (custom)
2019-09-12 06:08:54,848 [pool-37-thread-1] INFO  server.RaftServerConfigKeys (ConfUtils.java:logGet(43)) - raft.server.sleep.deviation.threshold = 300 (default)
2019-09-12 06:08:54,848 [pool-37-thread-1] INFO  server.RaftServerConfigKeys (ConfUtils.java:logGet(43)) - raft.server.log.appender.install.snapshot.enabled = false (custom)
2019-09-12 06:08:54,848 [pool-37-thread-1] INFO  impl.RaftServerImpl (ServerState.java:<init>(103)) - 8f5ab14e-21d2-479d-9d33-3cad9b590bd0@group-DC26A20B2F90: ConfigurationManager, init=-1: [1f61edb1-ab55-473c-8774-d83fa3b21acc:192.168.34.52:34789, 8f5ab14e-21d2-479d-9d33-3cad9b590bd0:192.168.34.52:37331, df009476-bbf0-43a2-af41-11b5052a445f:192.168.34.52:35732], old=null, confs=<EMPTY_MAP>
2019-09-12 06:08:54,848 [pool-87-thread-1] INFO  impl.RaftServerImpl (RaftServerImpl.java:<init>(95)) - df009476-bbf0-43a2-af41-11b5052a445f: new RaftServerImpl for group-DC26A20B2F90:[1f61edb1-ab55-473c-8774-d83fa3b21acc:192.168.34.52:34789, 8f5ab14e-21d2-479d-9d33-3cad9b590bd0:192.168.34.52:37331, df009476-bbf0-43a2-af41-11b5052a445f:192.168.34.52:35732] with ContainerStateMachine:uninitialized
2019-09-12 06:08:54,849 [pool-87-thread-1] INFO  server.RaftServerConfigKeys (ConfUtils.java:logGet(43)) - raft.server.rpc.timeout.min = 5s (custom)
2019-09-12 06:08:54,849 [pool-37-thread-1] INFO  server.RaftServerConfigKeys (ConfUtils.java:logGet(43)) - raft.server.storage.dir = [/workdir/hadoop-ozone/integration-test/target/test-dir/MiniOzoneClusterImpl-df7e887f-907b-44f9-9fab-c718128d2034/datanode-1/data/ratis] (custom)
2019-09-12 06:08:54,849 [pool-57-thread-1] INFO  impl.RaftServerImpl (RaftServerImpl.java:<init>(95)) - 1f61edb1-ab55-473c-8774-d83fa3b21acc: new RaftServerImpl for group-DC26A20B2F90:[1f61edb1-ab55-473c-8774-d83fa3b21acc:192.168.34.52:34789, 8f5ab14e-21d2-479d-9d33-3cad9b590bd0:192.168.34.52:37331, df009476-bbf0-43a2-af41-11b5052a445f:192.168.34.52:35732] with ContainerStateMachine:uninitialized
2019-09-12 06:08:54,849 [pool-87-thread-1] INFO  server.RaftServerConfigKeys (ConfUtils.java:logGet(43)) - raft.server.rpc.timeout.max = 5200ms (custom)
2019-09-12 06:08:54,849 [pool-57-thread-1] INFO  server.RaftServerConfigKeys (ConfUtils.java:logGet(43)) - raft.server.rpc.timeout.min = 5s (custom)
2019-09-12 06:08:54,849 [pool-37-thread-1] INFO  storage.RaftStorageDirectory (RaftStorageDirectory.java:analyzeStorage(246)) - The storage directory /workdir/hadoop-ozone/integration-test/target/test-dir/MiniOzoneClusterImpl-df7e887f-907b-44f9-9fab-c718128d2034/datanode-1/data/ratis/1660050c-ebfe-4440-87db-dc26a20b2f90 does not exist. Creating ...
2019-09-12 06:08:54,849 [pool-57-thread-1] INFO  server.RaftServerConfigKeys (ConfUtils.java:logGet(43)) - raft.server.rpc.timeout.max = 5200ms (custom)
2019-09-12 06:08:54,849 [pool-87-thread-1] INFO  server.RaftServerConfigKeys (ConfUtils.java:logGet(43)) - raft.server.rpcslowness.timeout = 120s (custom)
2019-09-12 06:08:54,850 [pool-57-thread-1] INFO  server.RaftServerConfigKeys (ConfUtils.java:logGet(43)) - raft.server.rpcslowness.timeout = 120s (custom)
2019-09-12 06:08:54,850 [pool-87-thread-1] INFO  server.RaftServerConfigKeys (ConfUtils.java:logGet(43)) - raft.server.sleep.deviation.threshold = 300 (default)
2019-09-12 06:08:54,850 [pool-57-thread-1] INFO  server.RaftServerConfigKeys (ConfUtils.java:logGet(43)) - raft.server.sleep.deviation.threshold = 300 (default)
2019-09-12 06:08:54,850 [pool-87-thread-1] INFO  server.RaftServerConfigKeys (ConfUtils.java:logGet(43)) - raft.server.log.appender.install.snapshot.enabled = false (custom)
2019-09-12 06:08:54,850 [pool-57-thread-1] INFO  server.RaftServerConfigKeys (ConfUtils.java:logGet(43)) - raft.server.log.appender.install.snapshot.enabled = false (custom)
2019-09-12 06:08:54,851 [pool-87-thread-1] INFO  impl.RaftServerImpl (ServerState.java:<init>(103)) - df009476-bbf0-43a2-af41-11b5052a445f@group-DC26A20B2F90: ConfigurationManager, init=-1: [1f61edb1-ab55-473c-8774-d83fa3b21acc:192.168.34.52:34789, 8f5ab14e-21d2-479d-9d33-3cad9b590bd0:192.168.34.52:37331, df009476-bbf0-43a2-af41-11b5052a445f:192.168.34.52:35732], old=null, confs=<EMPTY_MAP>
2019-09-12 06:08:54,851 [pool-57-thread-1] INFO  impl.RaftServerImpl (ServerState.java:<init>(103)) - 1f61edb1-ab55-473c-8774-d83fa3b21acc@group-DC26A20B2F90: ConfigurationManager, init=-1: [1f61edb1-ab55-473c-8774-d83fa3b21acc:192.168.34.52:34789, 8f5ab14e-21d2-479d-9d33-3cad9b590bd0:192.168.34.52:37331, df009476-bbf0-43a2-af41-11b5052a445f:192.168.34.52:35732], old=null, confs=<EMPTY_MAP>
2019-09-12 06:08:54,851 [pool-87-thread-1] INFO  server.RaftServerConfigKeys (ConfUtils.java:logGet(43)) - raft.server.storage.dir = [/workdir/hadoop-ozone/integration-test/target/test-dir/MiniOzoneClusterImpl-df7e887f-907b-44f9-9fab-c718128d2034/datanode-6/data/ratis] (custom)
2019-09-12 06:08:54,851 [pool-57-thread-1] INFO  server.RaftServerConfigKeys (ConfUtils.java:logGet(43)) - raft.server.storage.dir = [/workdir/hadoop-ozone/integration-test/target/test-dir/MiniOzoneClusterImpl-df7e887f-907b-44f9-9fab-c718128d2034/datanode-3/data/ratis] (custom)
2019-09-12 06:08:54,851 [pool-57-thread-1] INFO  storage.RaftStorageDirectory (RaftStorageDirectory.java:analyzeStorage(246)) - The storage directory /workdir/hadoop-ozone/integration-test/target/test-dir/MiniOzoneClusterImpl-df7e887f-907b-44f9-9fab-c718128d2034/datanode-3/data/ratis/1660050c-ebfe-4440-87db-dc26a20b2f90 does not exist. Creating ...
2019-09-12 06:08:54,851 [pool-87-thread-1] INFO  storage.RaftStorageDirectory (RaftStorageDirectory.java:analyzeStorage(246)) - The storage directory /workdir/hadoop-ozone/integration-test/target/test-dir/MiniOzoneClusterImpl-df7e887f-907b-44f9-9fab-c718128d2034/datanode-6/data/ratis/1660050c-ebfe-4440-87db-dc26a20b2f90 does not exist. Creating ...
2019-09-12 06:08:54,864 [pool-87-thread-1] INFO  storage.RaftStorageDirectory (RaftStorageDirectory.java:tryLock(328)) - Lock on /workdir/hadoop-ozone/integration-test/target/test-dir/MiniOzoneClusterImpl-df7e887f-907b-44f9-9fab-c718128d2034/datanode-6/data/ratis/1660050c-ebfe-4440-87db-dc26a20b2f90/in_use.lock acquired by nodename 9960@trunk-nightly-20190912-4gc2t-2068889165
2019-09-12 06:08:54,864 [pool-37-thread-1] INFO  storage.RaftStorageDirectory (RaftStorageDirectory.java:tryLock(328)) - Lock on /workdir/hadoop-ozone/integration-test/target/test-dir/MiniOzoneClusterImpl-df7e887f-907b-44f9-9fab-c718128d2034/datanode-1/data/ratis/1660050c-ebfe-4440-87db-dc26a20b2f90/in_use.lock acquired by nodename 9960@trunk-nightly-20190912-4gc2t-2068889165
2019-09-12 06:08:54,864 [pool-57-thread-1] INFO  storage.RaftStorageDirectory (RaftStorageDirectory.java:tryLock(328)) - Lock on /workdir/hadoop-ozone/integration-test/target/test-dir/MiniOzoneClusterImpl-df7e887f-907b-44f9-9fab-c718128d2034/datanode-3/data/ratis/1660050c-ebfe-4440-87db-dc26a20b2f90/in_use.lock acquired by nodename 9960@trunk-nightly-20190912-4gc2t-2068889165
2019-09-12 06:08:54,878 [pool-57-thread-1] INFO  storage.RaftStorage (RaftStorage.java:format(72)) - Storage directory /workdir/hadoop-ozone/integration-test/target/test-dir/MiniOzoneClusterImpl-df7e887f-907b-44f9-9fab-c718128d2034/datanode-3/data/ratis/1660050c-ebfe-4440-87db-dc26a20b2f90 has been successfully formatted.
2019-09-12 06:08:54,878 [pool-87-thread-1] INFO  storage.RaftStorage (RaftStorage.java:format(72)) - Storage directory /workdir/hadoop-ozone/integration-test/target/test-dir/MiniOzoneClusterImpl-df7e887f-907b-44f9-9fab-c718128d2034/datanode-6/data/ratis/1660050c-ebfe-4440-87db-dc26a20b2f90 has been successfully formatted.
2019-09-12 06:08:54,878 [pool-37-thread-1] INFO  storage.RaftStorage (RaftStorage.java:format(72)) - Storage directory /workdir/hadoop-ozone/integration-test/target/test-dir/MiniOzoneClusterImpl-df7e887f-907b-44f9-9fab-c718128d2034/datanode-1/data/ratis/1660050c-ebfe-4440-87db-dc26a20b2f90 has been successfully formatted.
2019-09-12 06:08:54,878 [pool-87-thread-1] INFO  ratis.ContainerStateMachine (ContainerStateMachine.java:loadSnapshot(230)) - group-DC26A20B2F90: The snapshot info is null. Setting the last applied indexto:(t:0, i:~)
2019-09-12 06:08:54,878 [pool-57-thread-1] INFO  ratis.ContainerStateMachine (ContainerStateMachine.java:loadSnapshot(230)) - group-DC26A20B2F90: The snapshot info is null. Setting the last applied indexto:(t:0, i:~)
2019-09-12 06:08:54,879 [pool-87-thread-1] INFO  server.RaftServerConfigKeys (ConfUtils.java:logGet(43)) - raft.server.notification.no-leader.timeout = 120s (custom)
2019-09-12 06:08:54,879 [pool-37-thread-1] INFO  ratis.ContainerStateMachine (ContainerStateMachine.java:loadSnapshot(230)) - group-DC26A20B2F90: The snapshot info is null. Setting the last applied indexto:(t:0, i:~)
2019-09-12 06:08:54,879 [pool-87-thread-1] INFO  server.RaftServerConfigKeys (ConfUtils.java:logGet(43)) - raft.server.log.use.memory = false (default)
2019-09-12 06:08:54,879 [pool-57-thread-1] INFO  server.RaftServerConfigKeys (ConfUtils.java:logGet(43)) - raft.server.notification.no-leader.timeout = 120s (custom)
2019-09-12 06:08:54,879 [pool-87-thread-1] INFO  server.RaftServerConfigKeys (ConfUtils.java:logGet(43)) - raft.server.log.purge.gap = 1000000 (custom)
2019-09-12 06:08:54,879 [pool-57-thread-1] INFO  server.RaftServerConfigKeys (ConfUtils.java:logGet(43)) - raft.server.log.use.memory = false (default)
2019-09-12 06:08:54,879 [pool-37-thread-1] INFO  server.RaftServerConfigKeys (ConfUtils.java:logGet(43)) - raft.server.notification.no-leader.timeout = 120s (custom)
2019-09-12 06:08:54,879 [pool-57-thread-1] INFO  server.RaftServerConfigKeys (ConfUtils.java:logGet(43)) - raft.server.log.purge.gap = 1000000 (custom)
2019-09-12 06:08:54,879 [pool-87-thread-1] INFO  server.RaftServerConfigKeys (ConfUtils.java:logGet(43)) - raft.server.log.appender.buffer.byte-limit = 33554432 (custom)
2019-09-12 06:08:54,880 [pool-57-thread-1] INFO  server.RaftServerConfigKeys (ConfUtils.java:logGet(43)) - raft.server.log.appender.buffer.byte-limit = 33554432 (custom)
2019-09-12 06:08:54,879 [pool-37-thread-1] INFO  server.RaftServerConfigKeys (ConfUtils.java:logGet(43)) - raft.server.log.use.memory = false (default)
2019-09-12 06:08:54,880 [pool-57-thread-1] INFO  server.RaftServerConfigKeys (ConfUtils.java:logGet(43)) - raft.server.log.segment.size.max = 1048576 (custom)
2019-09-12 06:08:54,880 [pool-87-thread-1] INFO  server.RaftServerConfigKeys (ConfUtils.java:logGet(43)) - raft.server.log.segment.size.max = 1048576 (custom)
2019-09-12 06:08:54,880 [pool-57-thread-1] INFO  server.RaftServerConfigKeys (ConfUtils.java:logGet(43)) - raft.server.log.segment.cache.num.max = 2 (custom)
2019-09-12 06:08:54,880 [pool-37-thread-1] INFO  server.RaftServerConfigKeys (ConfUtils.java:logGet(43)) - raft.server.log.purge.gap = 1000000 (custom)
2019-09-12 06:08:54,880 [pool-57-thread-1] INFO  segmented.SegmentedRaftLogWorker (SegmentedRaftLogWorker.java:<init>(172)) - new 1f61edb1-ab55-473c-8774-d83fa3b21acc@group-DC26A20B2F90-SegmentedRaftLogWorker for RaftStorage:Storage Directory /workdir/hadoop-ozone/integration-test/target/test-dir/MiniOzoneClusterImpl-df7e887f-907b-44f9-9fab-c718128d2034/datanode-3/data/ratis/1660050c-ebfe-4440-87db-dc26a20b2f90
2019-09-12 06:08:54,880 [pool-87-thread-1] INFO  server.RaftServerConfigKeys (ConfUtils.java:logGet(43)) - raft.server.log.segment.cache.num.max = 2 (custom)
2019-09-12 06:08:54,881 [pool-57-thread-1] INFO  server.RaftServerConfigKeys (ConfUtils.java:logGet(43)) - raft.server.log.queue.byte-limit = 2147483647 (custom)
2019-09-12 06:08:54,880 [pool-37-thread-1] INFO  server.RaftServerConfigKeys (ConfUtils.java:logGet(43)) - raft.server.log.appender.buffer.byte-limit = 33554432 (custom)
2019-09-12 06:08:54,881 [pool-57-thread-1] INFO  server.RaftServerConfigKeys (ConfUtils.java:logGet(43)) - raft.server.log.queue.element-limit = 1024 (custom)
2019-09-12 06:08:54,881 [pool-87-thread-1] INFO  segmented.SegmentedRaftLogWorker (SegmentedRaftLogWorker.java:<init>(172)) - new df009476-bbf0-43a2-af41-11b5052a445f@group-DC26A20B2F90-SegmentedRaftLogWorker for RaftStorage:Storage Directory /workdir/hadoop-ozone/integration-test/target/test-dir/MiniOzoneClusterImpl-df7e887f-907b-44f9-9fab-c718128d2034/datanode-6/data/ratis/1660050c-ebfe-4440-87db-dc26a20b2f90
2019-09-12 06:08:54,881 [pool-57-thread-1] INFO  server.RaftServerConfigKeys (ConfUtils.java:logGet(43)) - raft.server.log.segment.size.max = 1048576 (custom)
2019-09-12 06:08:54,881 [pool-37-thread-1] INFO  server.RaftServerConfigKeys (ConfUtils.java:logGet(43)) - raft.server.log.segment.size.max = 1048576 (custom)
2019-09-12 06:08:54,881 [pool-57-thread-1] INFO  server.RaftServerConfigKeys (ConfUtils.java:logGet(43)) - raft.server.log.preallocated.size = 16384 (custom)
2019-09-12 06:08:54,881 [pool-87-thread-1] INFO  server.RaftServerConfigKeys (ConfUtils.java:logGet(43)) - raft.server.log.queue.byte-limit = 2147483647 (custom)
2019-09-12 06:08:54,881 [pool-57-thread-1] INFO  server.RaftServerConfigKeys (ConfUtils.java:logGet(43)) - raft.server.log.write.buffer.size = 33554432 (custom)
2019-09-12 06:08:54,881 [pool-37-thread-1] INFO  server.RaftServerConfigKeys (ConfUtils.java:logGet(43)) - raft.server.log.segment.cache.num.max = 2 (custom)
2019-09-12 06:08:54,882 [pool-57-thread-1] INFO  server.RaftServerConfigKeys (ConfUtils.java:logGet(43)) - raft.server.log.force.sync.num = 128 (default)
2019-09-12 06:08:54,882 [pool-87-thread-1] INFO  server.RaftServerConfigKeys (ConfUtils.java:logGet(43)) - raft.server.log.queue.element-limit = 1024 (custom)
2019-09-12 06:08:54,882 [pool-57-thread-1] INFO  server.RaftServerConfigKeys (ConfUtils.java:logGet(43)) - raft.server.log.statemachine.data.sync = true (default)
2019-09-12 06:08:54,882 [pool-37-thread-1] INFO  segmented.SegmentedRaftLogWorker (SegmentedRaftLogWorker.java:<init>(172)) - new 8f5ab14e-21d2-479d-9d33-3cad9b590bd0@group-DC26A20B2F90-SegmentedRaftLogWorker for RaftStorage:Storage Directory /workdir/hadoop-ozone/integration-test/target/test-dir/MiniOzoneClusterImpl-df7e887f-907b-44f9-9fab-c718128d2034/datanode-1/data/ratis/1660050c-ebfe-4440-87db-dc26a20b2f90
2019-09-12 06:08:54,882 [pool-57-thread-1] INFO  server.RaftServerConfigKeys (ConfUtils.java:logGet(43)) - raft.server.log.statemachine.data.sync.timeout = 10s (default)
2019-09-12 06:08:54,882 [pool-87-thread-1] INFO  server.RaftServerConfigKeys (ConfUtils.java:logGet(43)) - raft.server.log.segment.size.max = 1048576 (custom)
2019-09-12 06:08:54,882 [pool-57-thread-1] INFO  server.RaftServerConfigKeys (ConfUtils.java:logGet(43)) - raft.server.log.statemachine.data.sync.timeout.retry = -1 (default)
2019-09-12 06:08:54,882 [pool-37-thread-1] INFO  server.RaftServerConfigKeys (ConfUtils.java:logGet(43)) - raft.server.log.queue.byte-limit = 2147483647 (custom)
2019-09-12 06:08:54,883 [pool-57-thread-1] INFO  server.RaftServerConfigKeys (ConfUtils.java:logGet(43)) - raft.server.log.statemachine.data.caching.enabled = true (custom)
2019-09-12 06:08:54,882 [pool-87-thread-1] INFO  server.RaftServerConfigKeys (ConfUtils.java:logGet(43)) - raft.server.log.preallocated.size = 16384 (custom)
2019-09-12 06:08:54,883 [pool-37-thread-1] INFO  server.RaftServerConfigKeys (ConfUtils.java:logGet(43)) - raft.server.log.queue.element-limit = 1024 (custom)
2019-09-12 06:08:54,883 [pool-57-thread-1] INFO  segmented.SegmentedRaftLogWorker (SegmentedRaftLogWorker.java:lambda$new$0(132)) - 1f61edb1-ab55-473c-8774-d83fa3b21acc@group-DC26A20B2F90-SegmentedRaftLogWorker: flushIndex: setUnconditionally 0 -> -1
2019-09-12 06:08:54,883 [pool-87-thread-1] INFO  server.RaftServerConfigKeys (ConfUtils.java:logGet(43)) - raft.server.log.write.buffer.size = 33554432 (custom)
2019-09-12 06:08:54,883 [pool-37-thread-1] INFO  server.RaftServerConfigKeys (ConfUtils.java:logGet(43)) - raft.server.log.segment.size.max = 1048576 (custom)
2019-09-12 06:08:54,883 [pool-57-thread-1] INFO  server.RaftServerConfigKeys (ConfUtils.java:logGet(43)) - raft.server.snapshot.auto.trigger.enabled = true (custom)
2019-09-12 06:08:54,883 [pool-87-thread-1] INFO  server.RaftServerConfigKeys (ConfUtils.java:logGet(43)) - raft.server.log.force.sync.num = 128 (default)
2019-09-12 06:08:54,884 [pool-57-thread-1] INFO  server.RaftServerConfigKeys (ConfUtils.java:logGet(43)) - raft.server.snapshot.auto.trigger.threshold = 10000 (custom)
2019-09-12 06:08:54,883 [pool-37-thread-1] INFO  server.RaftServerConfigKeys (ConfUtils.java:logGet(43)) - raft.server.log.preallocated.size = 16384 (custom)
2019-09-12 06:08:54,884 [pool-57-thread-1] INFO  server.RaftServerConfigKeys (ConfUtils.java:logGet(43)) - raft.server.snapshot.retention.num.files = -1 (default)
2019-09-12 06:08:54,884 [pool-87-thread-1] INFO  server.RaftServerConfigKeys (ConfUtils.java:logGet(43)) - raft.server.log.statemachine.data.sync = true (default)
2019-09-12 06:08:54,884 [pool-57-thread-1] INFO  server.RaftServerConfigKeys (ConfUtils.java:logGet(43)) - raft.server.retrycache.expirytime = 600000ms (custom)
2019-09-12 06:08:54,884 [pool-37-thread-1] INFO  server.RaftServerConfigKeys (ConfUtils.java:logGet(43)) - raft.server.log.write.buffer.size = 33554432 (custom)
2019-09-12 06:08:54,884 [pool-87-thread-1] INFO  server.RaftServerConfigKeys (ConfUtils.java:logGet(43)) - raft.server.log.statemachine.data.sync.timeout = 10s (default)
2019-09-12 06:08:54,884 [pool-37-thread-1] INFO  server.RaftServerConfigKeys (ConfUtils.java:logGet(43)) - raft.server.log.force.sync.num = 128 (default)
2019-09-12 06:08:54,885 [pool-87-thread-1] INFO  server.RaftServerConfigKeys (ConfUtils.java:logGet(43)) - raft.server.log.statemachine.data.sync.timeout.retry = -1 (default)
2019-09-12 06:08:54,885 [pool-37-thread-1] INFO  server.RaftServerConfigKeys (ConfUtils.java:logGet(43)) - raft.server.log.statemachine.data.sync = true (default)
2019-09-12 06:08:54,885 [pool-87-thread-1] INFO  server.RaftServerConfigKeys (ConfUtils.java:logGet(43)) - raft.server.log.statemachine.data.caching.enabled = true (custom)
2019-09-12 06:08:54,885 [pool-37-thread-1] INFO  server.RaftServerConfigKeys (ConfUtils.java:logGet(43)) - raft.server.log.statemachine.data.sync.timeout = 10s (default)
2019-09-12 06:08:54,885 [pool-87-thread-1] INFO  segmented.SegmentedRaftLogWorker (SegmentedRaftLogWorker.java:lambda$new$0(132)) - df009476-bbf0-43a2-af41-11b5052a445f@group-DC26A20B2F90-SegmentedRaftLogWorker: flushIndex: setUnconditionally 0 -> -1
2019-09-12 06:08:54,885 [pool-37-thread-1] INFO  server.RaftServerConfigKeys (ConfUtils.java:logGet(43)) - raft.server.log.statemachine.data.sync.timeout.retry = -1 (default)
2019-09-12 06:08:54,886 [pool-87-thread-1] INFO  server.RaftServerConfigKeys (ConfUtils.java:logGet(43)) - raft.server.snapshot.auto.trigger.enabled = true (custom)
2019-09-12 06:08:54,886 [pool-37-thread-1] INFO  server.RaftServerConfigKeys (ConfUtils.java:logGet(43)) - raft.server.log.statemachine.data.caching.enabled = true (custom)
2019-09-12 06:08:54,886 [pool-87-thread-1] INFO  server.RaftServerConfigKeys (ConfUtils.java:logGet(43)) - raft.server.snapshot.auto.trigger.threshold = 10000 (custom)
2019-09-12 06:08:54,886 [pool-87-thread-1] INFO  server.RaftServerConfigKeys (ConfUtils.java:logGet(43)) - raft.server.snapshot.retention.num.files = -1 (default)
2019-09-12 06:08:54,886 [pool-87-thread-1] INFO  server.RaftServerConfigKeys (ConfUtils.java:logGet(43)) - raft.server.retrycache.expirytime = 600000ms (custom)
2019-09-12 06:08:54,886 [pool-37-thread-1] INFO  segmented.SegmentedRaftLogWorker (SegmentedRaftLogWorker.java:lambda$new$0(132)) - 8f5ab14e-21d2-479d-9d33-3cad9b590bd0@group-DC26A20B2F90-SegmentedRaftLogWorker: flushIndex: setUnconditionally 0 -> -1
2019-09-12 06:08:54,887 [pool-37-thread-1] INFO  server.RaftServerConfigKeys (ConfUtils.java:logGet(43)) - raft.server.snapshot.auto.trigger.enabled = true (custom)
2019-09-12 06:08:54,887 [pool-57-thread-1] INFO  impl.RaftServerImpl (RaftServerImpl.java:start(185)) - 1f61edb1-ab55-473c-8774-d83fa3b21acc@group-DC26A20B2F90: start as a follower, conf=-1: [1f61edb1-ab55-473c-8774-d83fa3b21acc:192.168.34.52:34789, 8f5ab14e-21d2-479d-9d33-3cad9b590bd0:192.168.34.52:37331, df009476-bbf0-43a2-af41-11b5052a445f:192.168.34.52:35732], old=null
2019-09-12 06:08:54,887 [pool-37-thread-1] INFO  server.RaftServerConfigKeys (ConfUtils.java:logGet(43)) - raft.server.snapshot.auto.trigger.threshold = 10000 (custom)
2019-09-12 06:08:54,887 [pool-57-thread-1] INFO  impl.RaftServerImpl (RaftServerImpl.java:setRole(174)) - 1f61edb1-ab55-473c-8774-d83fa3b21acc@group-DC26A20B2F90: changes role from      null to FOLLOWER at term 0 for startAsFollower
2019-09-12 06:08:54,887 [pool-37-thread-1] INFO  server.RaftServerConfigKeys (ConfUtils.java:logGet(43)) - raft.server.snapshot.retention.num.files = -1 (default)
2019-09-12 06:08:54,887 [pool-57-thread-1] INFO  impl.RoleInfo (RoleInfo.java:updateAndGet(143)) - 1f61edb1-ab55-473c-8774-d83fa3b21acc: start FollowerState
2019-09-12 06:08:54,888 [pool-37-thread-1] INFO  server.RaftServerConfigKeys (ConfUtils.java:logGet(43)) - raft.server.retrycache.expirytime = 600000ms (custom)
2019-09-12 06:08:54,888 [pool-57-thread-1] INFO  util.JmxRegister (JmxRegister.java:tryRegister(44)) - Successfully registered JMX Bean with object name Ratis:service=RaftServer,group=group-DC26A20B2F90,id=1f61edb1-ab55-473c-8774-d83fa3b21acc
2019-09-12 06:08:54,888 [pool-87-thread-1] INFO  impl.RaftServerImpl (RaftServerImpl.java:start(185)) - df009476-bbf0-43a2-af41-11b5052a445f@group-DC26A20B2F90: start as a follower, conf=-1: [1f61edb1-ab55-473c-8774-d83fa3b21acc:192.168.34.52:34789, 8f5ab14e-21d2-479d-9d33-3cad9b590bd0:192.168.34.52:37331, df009476-bbf0-43a2-af41-11b5052a445f:192.168.34.52:35732], old=null
2019-09-12 06:08:54,888 [pool-87-thread-1] INFO  impl.RaftServerImpl (RaftServerImpl.java:setRole(174)) - df009476-bbf0-43a2-af41-11b5052a445f@group-DC26A20B2F90: changes role from      null to FOLLOWER at term 0 for startAsFollower
2019-09-12 06:08:54,888 [pool-87-thread-1] INFO  impl.RoleInfo (RoleInfo.java:updateAndGet(143)) - df009476-bbf0-43a2-af41-11b5052a445f: start FollowerState
2019-09-12 06:08:54,889 [pool-87-thread-1] INFO  util.JmxRegister (JmxRegister.java:tryRegister(44)) - Successfully registered JMX Bean with object name Ratis:service=RaftServer,group=group-DC26A20B2F90,id=df009476-bbf0-43a2-af41-11b5052a445f
2019-09-12 06:08:54,891 [pool-37-thread-1] INFO  impl.RaftServerImpl (RaftServerImpl.java:start(185)) - 8f5ab14e-21d2-479d-9d33-3cad9b590bd0@group-DC26A20B2F90: start as a follower, conf=-1: [1f61edb1-ab55-473c-8774-d83fa3b21acc:192.168.34.52:34789, 8f5ab14e-21d2-479d-9d33-3cad9b590bd0:192.168.34.52:37331, df009476-bbf0-43a2-af41-11b5052a445f:192.168.34.52:35732], old=null
2019-09-12 06:08:54,892 [pool-37-thread-1] INFO  impl.RaftServerImpl (RaftServerImpl.java:setRole(174)) - 8f5ab14e-21d2-479d-9d33-3cad9b590bd0@group-DC26A20B2F90: changes role from      null to FOLLOWER at term 0 for startAsFollower
2019-09-12 06:08:54,892 [pool-37-thread-1] INFO  impl.RoleInfo (RoleInfo.java:updateAndGet(143)) - 8f5ab14e-21d2-479d-9d33-3cad9b590bd0: start FollowerState
2019-09-12 06:08:54,892 [pool-37-thread-1] INFO  util.JmxRegister (JmxRegister.java:tryRegister(44)) - Successfully registered JMX Bean with object name Ratis:service=RaftServer,group=group-DC26A20B2F90,id=8f5ab14e-21d2-479d-9d33-3cad9b590bd0
2019-09-12 06:08:54,894 [RatisPipelineUtilsThread] INFO  pipeline.PipelineStateManager (PipelineStateManager.java:addPipeline(56)) - Created pipeline Pipeline[ Id: 1660050c-ebfe-4440-87db-dc26a20b2f90, Nodes: df009476-bbf0-43a2-af41-11b5052a445f{ip: 192.168.34.52, host: trunk-nightly-20190912-4gc2t-2068889165, networkLocation: /default-rack, certSerialId: null}8f5ab14e-21d2-479d-9d33-3cad9b590bd0{ip: 192.168.34.52, host: trunk-nightly-20190912-4gc2t-2068889165, networkLocation: /default-rack, certSerialId: null}1f61edb1-ab55-473c-8774-d83fa3b21acc{ip: 192.168.34.52, host: trunk-nightly-20190912-4gc2t-2068889165, networkLocation: /default-rack, certSerialId: null}, Type:RATIS, Factor:THREE, State:OPEN]
2019-09-12 06:08:55,478 [org.apache.ratis.server.impl.LogAppender$AppenderDaemon$$Lambda$547/1589537345@753097df] ERROR ratis.XceiverServerRatis (XceiverServerRatis.java:triggerPipelineClose(568)) - pipeline Action CLOSE  on pipeline PipelineID=a1966d09-9fc6-4852-85fa-9b69ff6c6692.Reason : df009476-bbf0-43a2-af41-11b5052a445f has not seen follower/s 1f61edb1-ab55-473c-8774-d83fa3b21acc for 147827ms 8f5ab14e-21d2-479d-9d33-3cad9b590bd0 for 147827ms
2019-09-12 06:08:55,479 [org.apache.ratis.server.impl.LogAppender$AppenderDaemon$$Lambda$547/1589537345@1cb569b8] ERROR ratis.XceiverServerRatis (XceiverServerRatis.java:triggerPipelineClose(568)) - pipeline Action CLOSE  on pipeline PipelineID=a1966d09-9fc6-4852-85fa-9b69ff6c6692.Reason : df009476-bbf0-43a2-af41-11b5052a445f has not seen follower/s 1f61edb1-ab55-473c-8774-d83fa3b21acc for 147828ms 8f5ab14e-21d2-479d-9d33-3cad9b590bd0 for 147828ms
2019-09-12 06:08:55,977 [java.util.concurrent.ThreadPoolExecutor$Worker@16e94c59[State = -1, empty queue]] WARN  server.GrpcLogAppender (GrpcLogAppender.java:timeoutAppendRequest(200)) - df009476-bbf0-43a2-af41-11b5052a445f@group-9B69FF6C6692->1f61edb1-ab55-473c-8774-d83fa3b21acc-GrpcLogAppender: appendEntries Timeout, request=df009476-bbf0-43a2-af41-11b5052a445f->1f61edb1-ab55-473c-8774-d83fa3b21acc#226-t1, previous=(t:1, i:19), leaderCommit=12, initializing? false, entries: <empty>
2019-09-12 06:08:55,978 [java.util.concurrent.ThreadPoolExecutor$Worker@4d4040a7[State = -1, empty queue]] WARN  server.GrpcLogAppender (GrpcLogAppender.java:timeoutAppendRequest(200)) - df009476-bbf0-43a2-af41-11b5052a445f@group-9B69FF6C6692->8f5ab14e-21d2-479d-9d33-3cad9b590bd0-GrpcLogAppender: appendEntries Timeout, request=df009476-bbf0-43a2-af41-11b5052a445f->8f5ab14e-21d2-479d-9d33-3cad9b590bd0#226-t1, previous=(t:1, i:19), leaderCommit=12, initializing? false, entries: <empty>
2019-09-12 06:08:56,468 [EventQueue-PipelineActionsForPipelineActionHandler] ERROR pipeline.PipelineActionHandler (PipelineActionHandler.java:onMessage(60)) - Received pipeline action CLOSE for Pipeline[ Id: a1966d09-9fc6-4852-85fa-9b69ff6c6692, Nodes: df009476-bbf0-43a2-af41-11b5052a445f{ip: 192.168.34.52, host: trunk-nightly-20190912-4gc2t-2068889165, networkLocation: /default-rack, certSerialId: null}8f5ab14e-21d2-479d-9d33-3cad9b590bd0{ip: 192.168.34.52, host: trunk-nightly-20190912-4gc2t-2068889165, networkLocation: /default-rack, certSerialId: null}1f61edb1-ab55-473c-8774-d83fa3b21acc{ip: 192.168.34.52, host: trunk-nightly-20190912-4gc2t-2068889165, networkLocation: /default-rack, certSerialId: null}, Type:RATIS, Factor:THREE, State:CLOSED] from datanode df009476-bbf0-43a2-af41-11b5052a445f{ip: 192.168.34.52, host: trunk-nightly-20190912-4gc2t-2068889165, networkLocation: /default-rack, certSerialId: null}. Reason : df009476-bbf0-43a2-af41-11b5052a445f has not seen follower/s 1f61edb1-ab55-473c-8774-d83fa3b21acc for 147827ms 8f5ab14e-21d2-479d-9d33-3cad9b590bd0 for 147827ms
2019-09-12 06:08:56,468 [EventQueue-PipelineActionsForPipelineActionHandler] INFO  pipeline.SCMPipelineManager (SCMPipelineManager.java:finalizeAndDestroyPipeline(311)) - destroying pipeline:Pipeline[ Id: a1966d09-9fc6-4852-85fa-9b69ff6c6692, Nodes: df009476-bbf0-43a2-af41-11b5052a445f{ip: 192.168.34.52, host: trunk-nightly-20190912-4gc2t-2068889165, networkLocation: /default-rack, certSerialId: null}8f5ab14e-21d2-479d-9d33-3cad9b590bd0{ip: 192.168.34.52, host: trunk-nightly-20190912-4gc2t-2068889165, networkLocation: /default-rack, certSerialId: null}1f61edb1-ab55-473c-8774-d83fa3b21acc{ip: 192.168.34.52, host: trunk-nightly-20190912-4gc2t-2068889165, networkLocation: /default-rack, certSerialId: null}, Type:RATIS, Factor:THREE, State:CLOSED]
2019-09-12 06:08:57,979 [org.apache.ratis.server.impl.LogAppender$AppenderDaemon$$Lambda$547/1589537345@753097df] ERROR ratis.XceiverServerRatis (XceiverServerRatis.java:triggerPipelineClose(568)) - pipeline Action CLOSE  on pipeline PipelineID=a1966d09-9fc6-4852-85fa-9b69ff6c6692.Reason : df009476-bbf0-43a2-af41-11b5052a445f has not seen follower/s 1f61edb1-ab55-473c-8774-d83fa3b21acc for 150328ms 8f5ab14e-21d2-479d-9d33-3cad9b590bd0 for 150328ms
2019-09-12 06:08:57,979 [org.apache.ratis.server.impl.LogAppender$AppenderDaemon$$Lambda$547/1589537345@1cb569b8] ERROR ratis.XceiverServerRatis (XceiverServerRatis.java:triggerPipelineClose(568)) - pipeline Action CLOSE  on pipeline PipelineID=a1966d09-9fc6-4852-85fa-9b69ff6c6692.Reason : df009476-bbf0-43a2-af41-11b5052a445f has not seen follower/s 1f61edb1-ab55-473c-8774-d83fa3b21acc for 150328ms 8f5ab14e-21d2-479d-9d33-3cad9b590bd0 for 150328ms
2019-09-12 06:08:58,336 [df009476-bbf0-43a2-af41-11b5052a445f@group-9B69FF6C6692-SegmentedRaftLogWorker] WARN  segmented.SegmentedRaftLogWorker (SegmentedRaftLogWorker.java:getFromFuture(90)) - Timeout 14/~
org.apache.ratis.protocol.TimeoutIOException: Timeout 10s: WriteLog:13: (t:1, i:13), STATEMACHINELOGENTRY, client-88DF9C2A5C96, cid=244-writeStateMachineData
	at org.apache.ratis.util.IOUtils.getFromFuture(IOUtils.java:87)
	at org.apache.ratis.server.raftlog.segmented.SegmentedRaftLogWorker$StateMachineDataPolicy.getFromFuture(SegmentedRaftLogWorker.java:87)
	at org.apache.ratis.server.raftlog.segmented.SegmentedRaftLogWorker$WriteLog.execute(SegmentedRaftLogWorker.java:477)
	at org.apache.ratis.server.raftlog.segmented.SegmentedRaftLogWorker.run(SegmentedRaftLogWorker.java:289)
	at java.lang.Thread.run(Thread.java:748)
Caused by: java.util.concurrent.TimeoutException
	at java.util.concurrent.CompletableFuture.timedGet(CompletableFuture.java:1771)
	at java.util.concurrent.CompletableFuture.get(CompletableFuture.java:1915)
	at org.apache.ratis.util.IOUtils.getFromFuture(IOUtils.java:79)
	... 4 more
2019-09-12 06:08:58,357 [8f5ab14e-21d2-479d-9d33-3cad9b590bd0@group-9B69FF6C6692-SegmentedRaftLogWorker] WARN  segmented.SegmentedRaftLogWorker (SegmentedRaftLogWorker.java:getFromFuture(90)) - Timeout 14/~
org.apache.ratis.protocol.TimeoutIOException: Timeout 10s: WriteLog:13: (t:1, i:13), STATEMACHINELOGENTRY, client-88DF9C2A5C96, cid=244-writeStateMachineData
	at org.apache.ratis.util.IOUtils.getFromFuture(IOUtils.java:87)
	at org.apache.ratis.server.raftlog.segmented.SegmentedRaftLogWorker$StateMachineDataPolicy.getFromFuture(SegmentedRaftLogWorker.java:87)
	at org.apache.ratis.server.raftlog.segmented.SegmentedRaftLogWorker$WriteLog.execute(SegmentedRaftLogWorker.java:477)
	at org.apache.ratis.server.raftlog.segmented.SegmentedRaftLogWorker.run(SegmentedRaftLogWorker.java:289)
	at java.lang.Thread.run(Thread.java:748)
Caused by: java.util.concurrent.TimeoutException
	at java.util.concurrent.CompletableFuture.timedGet(CompletableFuture.java:1771)
	at java.util.concurrent.CompletableFuture.get(CompletableFuture.java:1915)
	at org.apache.ratis.util.IOUtils.getFromFuture(IOUtils.java:79)
	... 4 more
2019-09-12 06:08:58,358 [1f61edb1-ab55-473c-8774-d83fa3b21acc@group-9B69FF6C6692-SegmentedRaftLogWorker] WARN  segmented.SegmentedRaftLogWorker (SegmentedRaftLogWorker.java:getFromFuture(90)) - Timeout 14/~
org.apache.ratis.protocol.TimeoutIOException: Timeout 10s: WriteLog:13: (t:1, i:13), STATEMACHINELOGENTRY, client-88DF9C2A5C96, cid=244-writeStateMachineData
	at org.apache.ratis.util.IOUtils.getFromFuture(IOUtils.java:87)
	at org.apache.ratis.server.raftlog.segmented.SegmentedRaftLogWorker$StateMachineDataPolicy.getFromFuture(SegmentedRaftLogWorker.java:87)
	at org.apache.ratis.server.raftlog.segmented.SegmentedRaftLogWorker$WriteLog.execute(SegmentedRaftLogWorker.java:477)
	at org.apache.ratis.server.raftlog.segmented.SegmentedRaftLogWorker.run(SegmentedRaftLogWorker.java:289)
	at java.lang.Thread.run(Thread.java:748)
Caused by: java.util.concurrent.TimeoutException
	at java.util.concurrent.CompletableFuture.timedGet(CompletableFuture.java:1771)
	at java.util.concurrent.CompletableFuture.get(CompletableFuture.java:1915)
	at org.apache.ratis.util.IOUtils.getFromFuture(IOUtils.java:79)
	... 4 more
2019-09-12 06:08:58,467 [EventQueue-PipelineActionsForPipelineActionHandler] ERROR pipeline.PipelineActionHandler (PipelineActionHandler.java:onMessage(60)) - Received pipeline action CLOSE for Pipeline[ Id: a1966d09-9fc6-4852-85fa-9b69ff6c6692, Nodes: df009476-bbf0-43a2-af41-11b5052a445f{ip: 192.168.34.52, host: trunk-nightly-20190912-4gc2t-2068889165, networkLocation: /default-rack, certSerialId: null}8f5ab14e-21d2-479d-9d33-3cad9b590bd0{ip: 192.168.34.52, host: trunk-nightly-20190912-4gc2t-2068889165, networkLocation: /default-rack, certSerialId: null}1f61edb1-ab55-473c-8774-d83fa3b21acc{ip: 192.168.34.52, host: trunk-nightly-20190912-4gc2t-2068889165, networkLocation: /default-rack, certSerialId: null}, Type:RATIS, Factor:THREE, State:CLOSED] from datanode df009476-bbf0-43a2-af41-11b5052a445f{ip: 192.168.34.52, host: trunk-nightly-20190912-4gc2t-2068889165, networkLocation: /default-rack, certSerialId: null}. Reason : df009476-bbf0-43a2-af41-11b5052a445f has not seen follower/s 1f61edb1-ab55-473c-8774-d83fa3b21acc for 150328ms 8f5ab14e-21d2-479d-9d33-3cad9b590bd0 for 150328ms
2019-09-12 06:08:58,467 [EventQueue-PipelineActionsForPipelineActionHandler] INFO  pipeline.SCMPipelineManager (SCMPipelineManager.java:finalizeAndDestroyPipeline(311)) - destroying pipeline:Pipeline[ Id: a1966d09-9fc6-4852-85fa-9b69ff6c6692, Nodes: df009476-bbf0-43a2-af41-11b5052a445f{ip: 192.168.34.52, host: trunk-nightly-20190912-4gc2t-2068889165, networkLocation: /default-rack, certSerialId: null}8f5ab14e-21d2-479d-9d33-3cad9b590bd0{ip: 192.168.34.52, host: trunk-nightly-20190912-4gc2t-2068889165, networkLocation: /default-rack, certSerialId: null}1f61edb1-ab55-473c-8774-d83fa3b21acc{ip: 192.168.34.52, host: trunk-nightly-20190912-4gc2t-2068889165, networkLocation: /default-rack, certSerialId: null}, Type:RATIS, Factor:THREE, State:CLOSED]
2019-09-12 06:08:58,478 [java.util.concurrent.ThreadPoolExecutor$Worker@16e94c59[State = -1, empty queue]] WARN  server.GrpcLogAppender (GrpcLogAppender.java:timeoutAppendRequest(200)) - df009476-bbf0-43a2-af41-11b5052a445f@group-9B69FF6C6692->1f61edb1-ab55-473c-8774-d83fa3b21acc-GrpcLogAppender: appendEntries Timeout, request=df009476-bbf0-43a2-af41-11b5052a445f->1f61edb1-ab55-473c-8774-d83fa3b21acc#227-t1, previous=(t:1, i:19), leaderCommit=12, initializing? false, entries: <empty>
2019-09-12 06:08:58,479 [java.util.concurrent.ThreadPoolExecutor$Worker@4d4040a7[State = -1, empty queue]] WARN  server.GrpcLogAppender (GrpcLogAppender.java:timeoutAppendRequest(200)) - df009476-bbf0-43a2-af41-11b5052a445f@group-9B69FF6C6692->8f5ab14e-21d2-479d-9d33-3cad9b590bd0-GrpcLogAppender: appendEntries Timeout, request=df009476-bbf0-43a2-af41-11b5052a445f->8f5ab14e-21d2-479d-9d33-3cad9b590bd0#227-t1, previous=(t:1, i:19), leaderCommit=12, initializing? false, entries: <empty>
2019-09-12 06:08:59,472 [grpc-default-executor-9] INFO  client.GrpcClientProtocolClient (GrpcClientProtocolClient.java:onNext(264)) - client-88DF9C2A5C96->1f61edb1-ab55-473c-8774-d83fa3b21acc: receive RaftClientReply:client-88DF9C2A5C96->1f61edb1-ab55-473c-8774-d83fa3b21acc@group-9B69FF6C6692, cid=244, FAILED org.apache.ratis.protocol.NotLeaderException: Server 1f61edb1-ab55-473c-8774-d83fa3b21acc@group-9B69FF6C6692 is not the leader df009476-bbf0-43a2-af41-11b5052a445f:192.168.34.52:35732, logIndex=0, commits[1f61edb1-ab55-473c-8774-d83fa3b21acc:c12, 8f5ab14e-21d2-479d-9d33-3cad9b590bd0:c12, df009476-bbf0-43a2-af41-11b5052a445f:c12]
2019-09-12 06:08:59,930 [Thread-2466] INFO  impl.FollowerState (FollowerState.java:run(106)) - df009476-bbf0-43a2-af41-11b5052a445f:group-DC26A20B2F90 changes to CANDIDATE, lastRpcTime:5041, electionTimeout:5041ms
2019-09-12 06:08:59,930 [Thread-2466] INFO  impl.RoleInfo (RoleInfo.java:shutdownFollowerState(121)) - df009476-bbf0-43a2-af41-11b5052a445f: shutdown FollowerState
2019-09-12 06:08:59,930 [Thread-2466] INFO  impl.RaftServerImpl (RaftServerImpl.java:setRole(174)) - df009476-bbf0-43a2-af41-11b5052a445f@group-DC26A20B2F90: changes role from  FOLLOWER to CANDIDATE at term 0 for changeToCandidate
2019-09-12 06:08:59,930 [Thread-2466] INFO  impl.RoleInfo (RoleInfo.java:updateAndGet(143)) - df009476-bbf0-43a2-af41-11b5052a445f: start LeaderElection
2019-09-12 06:08:59,949 [df009476-bbf0-43a2-af41-11b5052a445f@group-DC26A20B2F90:LeaderElection17] INFO  impl.LeaderElection (LeaderElection.java:askForVotes(182)) - df009476-bbf0-43a2-af41-11b5052a445f@group-DC26A20B2F90:LeaderElection17: begin an election at term 1 for -1: [1f61edb1-ab55-473c-8774-d83fa3b21acc:192.168.34.52:34789, 8f5ab14e-21d2-479d-9d33-3cad9b590bd0:192.168.34.52:37331, df009476-bbf0-43a2-af41-11b5052a445f:192.168.34.52:35732], old=null
2019-09-12 06:08:59,952 [grpc-default-executor-1] INFO  impl.RaftServerImpl (RaftServerImpl.java:setRole(174)) - 1f61edb1-ab55-473c-8774-d83fa3b21acc@group-DC26A20B2F90: changes role from  FOLLOWER to FOLLOWER at term 1 for recognizeCandidate:df009476-bbf0-43a2-af41-11b5052a445f
2019-09-12 06:08:59,953 [grpc-default-executor-10] INFO  impl.RaftServerImpl (RaftServerImpl.java:setRole(174)) - 8f5ab14e-21d2-479d-9d33-3cad9b590bd0@group-DC26A20B2F90: changes role from  FOLLOWER to FOLLOWER at term 1 for recognizeCandidate:df009476-bbf0-43a2-af41-11b5052a445f
2019-09-12 06:08:59,953 [grpc-default-executor-1] INFO  impl.RoleInfo (RoleInfo.java:shutdownFollowerState(121)) - 1f61edb1-ab55-473c-8774-d83fa3b21acc: shutdown FollowerState
2019-09-12 06:08:59,954 [grpc-default-executor-10] INFO  impl.RoleInfo (RoleInfo.java:shutdownFollowerState(121)) - 8f5ab14e-21d2-479d-9d33-3cad9b590bd0: shutdown FollowerState
2019-09-12 06:08:59,954 [Thread-2463] INFO  impl.FollowerState (FollowerState.java:run(115)) - 1f61edb1-ab55-473c-8774-d83fa3b21acc: FollowerState was interrupted: java.lang.InterruptedException: sleep interrupted
2019-09-12 06:08:59,954 [grpc-default-executor-1] INFO  impl.RoleInfo (RoleInfo.java:updateAndGet(143)) - 1f61edb1-ab55-473c-8774-d83fa3b21acc: start FollowerState
2019-09-12 06:08:59,955 [Thread-2468] INFO  impl.FollowerState (FollowerState.java:run(115)) - 8f5ab14e-21d2-479d-9d33-3cad9b590bd0: FollowerState was interrupted: java.lang.InterruptedException: sleep interrupted
2019-09-12 06:08:59,954 [grpc-default-executor-10] INFO  impl.RoleInfo (RoleInfo.java:updateAndGet(143)) - 8f5ab14e-21d2-479d-9d33-3cad9b590bd0: start FollowerState
2019-09-12 06:08:59,972 [df009476-bbf0-43a2-af41-11b5052a445f@group-DC26A20B2F90:LeaderElection17] INFO  impl.LeaderElection (LeaderElection.java:logAndReturn(56)) - df009476-bbf0-43a2-af41-11b5052a445f@group-DC26A20B2F90:LeaderElection17: Election PASSED; received 1 response(s) [df009476-bbf0-43a2-af41-11b5052a445f<-8f5ab14e-21d2-479d-9d33-3cad9b590bd0#0:OK-t1] and 0 exception(s); df009476-bbf0-43a2-af41-11b5052a445f@group-DC26A20B2F90:t1, leader=null, voted=df009476-bbf0-43a2-af41-11b5052a445f, raftlog=df009476-bbf0-43a2-af41-11b5052a445f@group-DC26A20B2F90-SegmentedRaftLog:OPENED:c-1,f-1,i0, conf=-1: [1f61edb1-ab55-473c-8774-d83fa3b21acc:192.168.34.52:34789, 8f5ab14e-21d2-479d-9d33-3cad9b590bd0:192.168.34.52:37331, df009476-bbf0-43a2-af41-11b5052a445f:192.168.34.52:35732], old=null
2019-09-12 06:08:59,972 [df009476-bbf0-43a2-af41-11b5052a445f@group-DC26A20B2F90:LeaderElection17] INFO  impl.RoleInfo (RoleInfo.java:shutdownLeaderElection(134)) - df009476-bbf0-43a2-af41-11b5052a445f: shutdown LeaderElection
2019-09-12 06:08:59,972 [df009476-bbf0-43a2-af41-11b5052a445f@group-DC26A20B2F90:LeaderElection17] INFO  impl.RaftServerImpl (RaftServerImpl.java:setRole(174)) - df009476-bbf0-43a2-af41-11b5052a445f@group-DC26A20B2F90: changes role from CANDIDATE to LEADER at term 1 for changeToLeader
2019-09-12 06:08:59,972 [df009476-bbf0-43a2-af41-11b5052a445f@group-DC26A20B2F90:LeaderElection17] INFO  impl.RaftServerImpl (ServerState.java:setLeader(253)) - df009476-bbf0-43a2-af41-11b5052a445f@group-DC26A20B2F90: change Leader from null to df009476-bbf0-43a2-af41-11b5052a445f at term 1 for becomeLeader, leader elected after 5093ms
2019-09-12 06:08:59,973 [df009476-bbf0-43a2-af41-11b5052a445f@group-DC26A20B2F90:LeaderElection17] INFO  server.RaftServerConfigKeys (ConfUtils.java:logGet(43)) - raft.server.staging.catchup.gap = 1000 (default)
2019-09-12 06:08:59,973 [df009476-bbf0-43a2-af41-11b5052a445f@group-DC26A20B2F90:LeaderElection17] INFO  server.RaftServerConfigKeys (ConfUtils.java:logGet(43)) - raft.server.rpc.sleep.time = 25ms (default)
2019-09-12 06:08:59,973 [df009476-bbf0-43a2-af41-11b5052a445f@group-DC26A20B2F90:LeaderElection17] INFO  server.RaftServerConfigKeys (ConfUtils.java:logGet(43)) - raft.server.write.element-limit = 4096 (default)
2019-09-12 06:08:59,973 [df009476-bbf0-43a2-af41-11b5052a445f@group-DC26A20B2F90:LeaderElection17] INFO  server.RaftServerConfigKeys (ConfUtils.java:logGet(43)) - raft.server.watch.timeout = 10s (default)
2019-09-12 06:08:59,973 [df009476-bbf0-43a2-af41-11b5052a445f@group-DC26A20B2F90:LeaderElection17] INFO  server.RaftServerConfigKeys (ConfUtils.java:logGet(43)) - raft.server.watch.timeout.denomination = 1s (default)
2019-09-12 06:08:59,973 [df009476-bbf0-43a2-af41-11b5052a445f@group-DC26A20B2F90:LeaderElection17] INFO  server.RaftServerConfigKeys (ConfUtils.java:logGet(43)) - raft.server.watch.element-limit = 65536 (default)
2019-09-12 06:08:59,976 [df009476-bbf0-43a2-af41-11b5052a445f@group-DC26A20B2F90:LeaderElection17] INFO  server.RaftServerConfigKeys (ConfUtils.java:logGet(43)) - raft.server.log.appender.snapshot.chunk.size.max = 16MB (=16777216) (default)
2019-09-12 06:08:59,977 [df009476-bbf0-43a2-af41-11b5052a445f@group-DC26A20B2F90:LeaderElection17] INFO  server.RaftServerConfigKeys (ConfUtils.java:logGet(43)) - raft.server.log.appender.buffer.byte-limit = 33554432 (custom)
2019-09-12 06:08:59,977 [df009476-bbf0-43a2-af41-11b5052a445f@group-DC26A20B2F90:LeaderElection17] INFO  server.RaftServerConfigKeys (ConfUtils.java:logGet(43)) - raft.server.log.appender.buffer.element-limit = 1 (custom)
2019-09-12 06:08:59,977 [df009476-bbf0-43a2-af41-11b5052a445f@group-DC26A20B2F90:LeaderElection17] INFO  grpc.GrpcConfigKeys$Server (ConfUtils.java:logGet(43)) - raft.grpc.server.leader.outstanding.appends.max = 128 (default)
2019-09-12 06:08:59,977 [df009476-bbf0-43a2-af41-11b5052a445f@group-DC26A20B2F90:LeaderElection17] INFO  server.RaftServerConfigKeys (ConfUtils.java:logGet(43)) - raft.server.rpc.request.timeout = 3000ms (default)
2019-09-12 06:08:59,978 [df009476-bbf0-43a2-af41-11b5052a445f@group-DC26A20B2F90:LeaderElection17] INFO  server.RaftServerConfigKeys (ConfUtils.java:logGet(43)) - raft.server.log.appender.install.snapshot.enabled = false (custom)
2019-09-12 06:08:59,978 [df009476-bbf0-43a2-af41-11b5052a445f@group-DC26A20B2F90:LeaderElection17] INFO  server.RaftServerConfigKeys (ConfUtils.java:logGet(43)) - raft.server.log.appender.snapshot.chunk.size.max = 16MB (=16777216) (default)
2019-09-12 06:08:59,978 [df009476-bbf0-43a2-af41-11b5052a445f@group-DC26A20B2F90:LeaderElection17] INFO  server.RaftServerConfigKeys (ConfUtils.java:logGet(43)) - raft.server.log.appender.buffer.byte-limit = 33554432 (custom)
2019-09-12 06:08:59,978 [df009476-bbf0-43a2-af41-11b5052a445f@group-DC26A20B2F90:LeaderElection17] INFO  server.RaftServerConfigKeys (ConfUtils.java:logGet(43)) - raft.server.log.appender.buffer.element-limit = 1 (custom)
2019-09-12 06:08:59,979 [df009476-bbf0-43a2-af41-11b5052a445f@group-DC26A20B2F90:LeaderElection17] INFO  grpc.GrpcConfigKeys$Server (ConfUtils.java:logGet(43)) - raft.grpc.server.leader.outstanding.appends.max = 128 (default)
2019-09-12 06:08:59,979 [df009476-bbf0-43a2-af41-11b5052a445f@group-DC26A20B2F90:LeaderElection17] INFO  server.RaftServerConfigKeys (ConfUtils.java:logGet(43)) - raft.server.rpc.request.timeout = 3000ms (default)
2019-09-12 06:08:59,979 [df009476-bbf0-43a2-af41-11b5052a445f@group-DC26A20B2F90:LeaderElection17] INFO  server.RaftServerConfigKeys (ConfUtils.java:logGet(43)) - raft.server.log.appender.install.snapshot.enabled = false (custom)
2019-09-12 06:08:59,979 [df009476-bbf0-43a2-af41-11b5052a445f@group-DC26A20B2F90:LeaderElection17] INFO  impl.RoleInfo (RoleInfo.java:updateAndGet(143)) - df009476-bbf0-43a2-af41-11b5052a445f: start LeaderState
2019-09-12 06:08:59,980 [df009476-bbf0-43a2-af41-11b5052a445f@group-DC26A20B2F90:LeaderElection17] INFO  segmented.SegmentedRaftLogWorker (SegmentedRaftLogWorker.java:startLogSegment(380)) - df009476-bbf0-43a2-af41-11b5052a445f@group-DC26A20B2F90-SegmentedRaftLogWorker: Starting segment from index:0
2019-09-12 06:08:59,981 [df009476-bbf0-43a2-af41-11b5052a445f@group-DC26A20B2F90:LeaderElection17] INFO  impl.RaftServerImpl (ServerState.java:setRaftConf(354)) - df009476-bbf0-43a2-af41-11b5052a445f@group-DC26A20B2F90: set configuration 0: [1f61edb1-ab55-473c-8774-d83fa3b21acc:192.168.34.52:34789, 8f5ab14e-21d2-479d-9d33-3cad9b590bd0:192.168.34.52:37331, df009476-bbf0-43a2-af41-11b5052a445f:192.168.34.52:35732], old=null at 0
2019-09-12 06:08:59,982 [grpc-default-executor-1] INFO  impl.RaftServerImpl (ServerState.java:setLeader(253)) - 1f61edb1-ab55-473c-8774-d83fa3b21acc@group-DC26A20B2F90: change Leader from null to df009476-bbf0-43a2-af41-11b5052a445f at term 1 for appendEntries, leader elected after 5102ms
2019-09-12 06:08:59,982 [grpc-default-executor-10] INFO  impl.RaftServerImpl (ServerState.java:setLeader(253)) - 8f5ab14e-21d2-479d-9d33-3cad9b590bd0@group-DC26A20B2F90: change Leader from null to df009476-bbf0-43a2-af41-11b5052a445f at term 1 for appendEntries, leader elected after 5102ms
2019-09-12 06:09:00,017 [grpc-default-executor-1] INFO  impl.RaftServerImpl (ServerState.java:setRaftConf(354)) - 1f61edb1-ab55-473c-8774-d83fa3b21acc@group-DC26A20B2F90: set configuration 0: [1f61edb1-ab55-473c-8774-d83fa3b21acc:192.168.34.52:34789, 8f5ab14e-21d2-479d-9d33-3cad9b590bd0:192.168.34.52:37331, df009476-bbf0-43a2-af41-11b5052a445f:192.168.34.52:35732], old=null at 0
2019-09-12 06:09:00,017 [grpc-default-executor-10] INFO  impl.RaftServerImpl (ServerState.java:setRaftConf(354)) - 8f5ab14e-21d2-479d-9d33-3cad9b590bd0@group-DC26A20B2F90: set configuration 0: [1f61edb1-ab55-473c-8774-d83fa3b21acc:192.168.34.52:34789, 8f5ab14e-21d2-479d-9d33-3cad9b590bd0:192.168.34.52:37331, df009476-bbf0-43a2-af41-11b5052a445f:192.168.34.52:35732], old=null at 0
2019-09-12 06:09:00,018 [grpc-default-executor-1] INFO  segmented.SegmentedRaftLogWorker (SegmentedRaftLogWorker.java:startLogSegment(380)) - 1f61edb1-ab55-473c-8774-d83fa3b21acc@group-DC26A20B2F90-SegmentedRaftLogWorker: Starting segment from index:0
2019-09-12 06:09:00,018 [grpc-default-executor-10] INFO  segmented.SegmentedRaftLogWorker (SegmentedRaftLogWorker.java:startLogSegment(380)) - 8f5ab14e-21d2-479d-9d33-3cad9b590bd0@group-DC26A20B2F90-SegmentedRaftLogWorker: Starting segment from index:0
2019-09-12 06:09:00,027 [df009476-bbf0-43a2-af41-11b5052a445f@group-DC26A20B2F90-SegmentedRaftLogWorker] INFO  segmented.SegmentedRaftLogWorker (SegmentedRaftLogWorker.java:execute(569)) - df009476-bbf0-43a2-af41-11b5052a445f@group-DC26A20B2F90-SegmentedRaftLogWorker: created new log segment /workdir/hadoop-ozone/integration-test/target/test-dir/MiniOzoneClusterImpl-df7e887f-907b-44f9-9fab-c718128d2034/datanode-6/data/ratis/1660050c-ebfe-4440-87db-dc26a20b2f90/current/log_inprogress_0
2019-09-12 06:09:00,059 [8f5ab14e-21d2-479d-9d33-3cad9b590bd0@group-DC26A20B2F90-SegmentedRaftLogWorker] INFO  segmented.SegmentedRaftLogWorker (SegmentedRaftLogWorker.java:execute(569)) - 8f5ab14e-21d2-479d-9d33-3cad9b590bd0@group-DC26A20B2F90-SegmentedRaftLogWorker: created new log segment /workdir/hadoop-ozone/integration-test/target/test-dir/MiniOzoneClusterImpl-df7e887f-907b-44f9-9fab-c718128d2034/datanode-1/data/ratis/1660050c-ebfe-4440-87db-dc26a20b2f90/current/log_inprogress_0
2019-09-12 06:09:00,059 [1f61edb1-ab55-473c-8774-d83fa3b21acc@group-DC26A20B2F90-SegmentedRaftLogWorker] INFO  segmented.SegmentedRaftLogWorker (SegmentedRaftLogWorker.java:execute(569)) - 1f61edb1-ab55-473c-8774-d83fa3b21acc@group-DC26A20B2F90-SegmentedRaftLogWorker: created new log segment /workdir/hadoop-ozone/integration-test/target/test-dir/MiniOzoneClusterImpl-df7e887f-907b-44f9-9fab-c718128d2034/datanode-3/data/ratis/1660050c-ebfe-4440-87db-dc26a20b2f90/current/log_inprogress_0
2019-09-12 06:09:00,480 [org.apache.ratis.server.impl.LogAppender$AppenderDaemon$$Lambda$547/1589537345@753097df] ERROR ratis.XceiverServerRatis (XceiverServerRatis.java:triggerPipelineClose(568)) - pipeline Action CLOSE  on pipeline PipelineID=a1966d09-9fc6-4852-85fa-9b69ff6c6692.Reason : df009476-bbf0-43a2-af41-11b5052a445f has not seen follower/s 1f61edb1-ab55-473c-8774-d83fa3b21acc for 152828ms 8f5ab14e-21d2-479d-9d33-3cad9b590bd0 for 152829ms
2019-09-12 06:09:00,480 [org.apache.ratis.server.impl.LogAppender$AppenderDaemon$$Lambda$547/1589537345@1cb569b8] ERROR ratis.XceiverServerRatis (XceiverServerRatis.java:triggerPipelineClose(568)) - pipeline Action CLOSE  on pipeline PipelineID=a1966d09-9fc6-4852-85fa-9b69ff6c6692.Reason : df009476-bbf0-43a2-af41-11b5052a445f has not seen follower/s 1f61edb1-ab55-473c-8774-d83fa3b21acc for 152829ms 8f5ab14e-21d2-479d-9d33-3cad9b590bd0 for 152829ms
2019-09-12 06:09:00,979 [java.util.concurrent.ThreadPoolExecutor$Worker@16e94c59[State = -1, empty queue]] WARN  server.GrpcLogAppender (GrpcLogAppender.java:timeoutAppendRequest(200)) - df009476-bbf0-43a2-af41-11b5052a445f@group-9B69FF6C6692->1f61edb1-ab55-473c-8774-d83fa3b21acc-GrpcLogAppender: appendEntries Timeout, request=df009476-bbf0-43a2-af41-11b5052a445f->1f61edb1-ab55-473c-8774-d83fa3b21acc#228-t1, previous=(t:1, i:19), leaderCommit=12, initializing? false, entries: <empty>
2019-09-12 06:09:00,979 [java.util.concurrent.ThreadPoolExecutor$Worker@4d4040a7[State = -1, empty queue]] WARN  server.GrpcLogAppender (GrpcLogAppender.java:timeoutAppendRequest(200)) - df009476-bbf0-43a2-af41-11b5052a445f@group-9B69FF6C6692->8f5ab14e-21d2-479d-9d33-3cad9b590bd0-GrpcLogAppender: appendEntries Timeout, request=df009476-bbf0-43a2-af41-11b5052a445f->8f5ab14e-21d2-479d-9d33-3cad9b590bd0#228-t1, previous=(t:1, i:19), leaderCommit=12, initializing? false, entries: <empty>
2019-09-12 06:09:01,467 [EventQueue-PipelineActionsForPipelineActionHandler] ERROR pipeline.PipelineActionHandler (PipelineActionHandler.java:onMessage(60)) - Received pipeline action CLOSE for Pipeline[ Id: a1966d09-9fc6-4852-85fa-9b69ff6c6692, Nodes: df009476-bbf0-43a2-af41-11b5052a445f{ip: 192.168.34.52, host: trunk-nightly-20190912-4gc2t-2068889165, networkLocation: /default-rack, certSerialId: null}8f5ab14e-21d2-479d-9d33-3cad9b590bd0{ip: 192.168.34.52, host: trunk-nightly-20190912-4gc2t-2068889165, networkLocation: /default-rack, certSerialId: null}1f61edb1-ab55-473c-8774-d83fa3b21acc{ip: 192.168.34.52, host: trunk-nightly-20190912-4gc2t-2068889165, networkLocation: /default-rack, certSerialId: null}, Type:RATIS, Factor:THREE, State:CLOSED] from datanode df009476-bbf0-43a2-af41-11b5052a445f{ip: 192.168.34.52, host: trunk-nightly-20190912-4gc2t-2068889165, networkLocation: /default-rack, certSerialId: null}. Reason : df009476-bbf0-43a2-af41-11b5052a445f has not seen follower/s 1f61edb1-ab55-473c-8774-d83fa3b21acc for 152828ms 8f5ab14e-21d2-479d-9d33-3cad9b590bd0 for 152829ms
2019-09-12 06:09:01,468 [EventQueue-PipelineActionsForPipelineActionHandler] INFO  pipeline.SCMPipelineManager (SCMPipelineManager.java:finalizeAndDestroyPipeline(311)) - destroying pipeline:Pipeline[ Id: a1966d09-9fc6-4852-85fa-9b69ff6c6692, Nodes: df009476-bbf0-43a2-af41-11b5052a445f{ip: 192.168.34.52, host: trunk-nightly-20190912-4gc2t-2068889165, networkLocation: /default-rack, certSerialId: null}8f5ab14e-21d2-479d-9d33-3cad9b590bd0{ip: 192.168.34.52, host: trunk-nightly-20190912-4gc2t-2068889165, networkLocation: /default-rack, certSerialId: null}1f61edb1-ab55-473c-8774-d83fa3b21acc{ip: 192.168.34.52, host: trunk-nightly-20190912-4gc2t-2068889165, networkLocation: /default-rack, certSerialId: null}, Type:RATIS, Factor:THREE, State:CLOSED]
2019-09-12 06:09:02,980 [org.apache.ratis.server.impl.LogAppender$AppenderDaemon$$Lambda$547/1589537345@1cb569b8] ERROR ratis.XceiverServerRatis (XceiverServerRatis.java:triggerPipelineClose(568)) - pipeline Action CLOSE  on pipeline PipelineID=a1966d09-9fc6-4852-85fa-9b69ff6c6692.Reason : df009476-bbf0-43a2-af41-11b5052a445f has not seen follower/s 1f61edb1-ab55-473c-8774-d83fa3b21acc for 155329ms 8f5ab14e-21d2-479d-9d33-3cad9b590bd0 for 155330ms
2019-09-12 06:09:02,980 [org.apache.ratis.server.impl.LogAppender$AppenderDaemon$$Lambda$547/1589537345@753097df] ERROR ratis.XceiverServerRatis (XceiverServerRatis.java:triggerPipelineClose(568)) - pipeline Action CLOSE  on pipeline PipelineID=a1966d09-9fc6-4852-85fa-9b69ff6c6692.Reason : df009476-bbf0-43a2-af41-11b5052a445f has not seen follower/s 1f61edb1-ab55-473c-8774-d83fa3b21acc for 155329ms 8f5ab14e-21d2-479d-9d33-3cad9b590bd0 for 155330ms
2019-09-12 06:09:03,467 [EventQueue-PipelineActionsForPipelineActionHandler] ERROR pipeline.PipelineActionHandler (PipelineActionHandler.java:onMessage(60)) - Received pipeline action CLOSE for Pipeline[ Id: a1966d09-9fc6-4852-85fa-9b69ff6c6692, Nodes: df009476-bbf0-43a2-af41-11b5052a445f{ip: 192.168.34.52, host: trunk-nightly-20190912-4gc2t-2068889165, networkLocation: /default-rack, certSerialId: null}8f5ab14e-21d2-479d-9d33-3cad9b590bd0{ip: 192.168.34.52, host: trunk-nightly-20190912-4gc2t-2068889165, networkLocation: /default-rack, certSerialId: null}1f61edb1-ab55-473c-8774-d83fa3b21acc{ip: 192.168.34.52, host: trunk-nightly-20190912-4gc2t-2068889165, networkLocation: /default-rack, certSerialId: null}, Type:RATIS, Factor:THREE, State:CLOSED] from datanode df009476-bbf0-43a2-af41-11b5052a445f{ip: 192.168.34.52, host: trunk-nightly-20190912-4gc2t-2068889165, networkLocation: /default-rack, certSerialId: null}. Reason : df009476-bbf0-43a2-af41-11b5052a445f has not seen follower/s 1f61edb1-ab55-473c-8774-d83fa3b21acc for 155329ms 8f5ab14e-21d2-479d-9d33-3cad9b590bd0 for 155330ms
2019-09-12 06:09:03,468 [EventQueue-PipelineActionsForPipelineActionHandler] INFO  pipeline.SCMPipelineManager (SCMPipelineManager.java:finalizeAndDestroyPipeline(311)) - destroying pipeline:Pipeline[ Id: a1966d09-9fc6-4852-85fa-9b69ff6c6692, Nodes: df009476-bbf0-43a2-af41-11b5052a445f{ip: 192.168.34.52, host: trunk-nightly-20190912-4gc2t-2068889165, networkLocation: /default-rack, certSerialId: null}8f5ab14e-21d2-479d-9d33-3cad9b590bd0{ip: 192.168.34.52, host: trunk-nightly-20190912-4gc2t-2068889165, networkLocation: /default-rack, certSerialId: null}1f61edb1-ab55-473c-8774-d83fa3b21acc{ip: 192.168.34.52, host: trunk-nightly-20190912-4gc2t-2068889165, networkLocation: /default-rack, certSerialId: null}, Type:RATIS, Factor:THREE, State:CLOSED]
2019-09-12 06:09:03,480 [java.util.concurrent.ThreadPoolExecutor$Worker@16e94c59[State = -1, empty queue]] WARN  server.GrpcLogAppender (GrpcLogAppender.java:timeoutAppendRequest(200)) - df009476-bbf0-43a2-af41-11b5052a445f@group-9B69FF6C6692->1f61edb1-ab55-473c-8774-d83fa3b21acc-GrpcLogAppender: appendEntries Timeout, request=df009476-bbf0-43a2-af41-11b5052a445f->1f61edb1-ab55-473c-8774-d83fa3b21acc#229-t1, previous=(t:1, i:19), leaderCommit=12, initializing? false, entries: <empty>
2019-09-12 06:09:03,480 [java.util.concurrent.ThreadPoolExecutor$Worker@4d4040a7[State = -1, empty queue]] WARN  server.GrpcLogAppender (GrpcLogAppender.java:timeoutAppendRequest(200)) - df009476-bbf0-43a2-af41-11b5052a445f@group-9B69FF6C6692->8f5ab14e-21d2-479d-9d33-3cad9b590bd0-GrpcLogAppender: appendEntries Timeout, request=df009476-bbf0-43a2-af41-11b5052a445f->8f5ab14e-21d2-479d-9d33-3cad9b590bd0#229-t1, previous=(t:1, i:19), leaderCommit=12, initializing? false, entries: <empty>
2019-09-12 06:09:04,494 [grpc-default-executor-10] INFO  client.GrpcClientProtocolClient (GrpcClientProtocolClient.java:onNext(264)) - client-88DF9C2A5C96->1f61edb1-ab55-473c-8774-d83fa3b21acc: receive RaftClientReply:client-88DF9C2A5C96->1f61edb1-ab55-473c-8774-d83fa3b21acc@group-9B69FF6C6692, cid=244, FAILED org.apache.ratis.protocol.NotLeaderException: Server 1f61edb1-ab55-473c-8774-d83fa3b21acc@group-9B69FF6C6692 is not the leader df009476-bbf0-43a2-af41-11b5052a445f:192.168.34.52:35732, logIndex=0, commits[1f61edb1-ab55-473c-8774-d83fa3b21acc:c12, 8f5ab14e-21d2-479d-9d33-3cad9b590bd0:c12, df009476-bbf0-43a2-af41-11b5052a445f:c12]
2019-09-12 06:09:05,481 [org.apache.ratis.server.impl.LogAppender$AppenderDaemon$$Lambda$547/1589537345@1cb569b8] ERROR ratis.XceiverServerRatis (XceiverServerRatis.java:triggerPipelineClose(568)) - pipeline Action CLOSE  on pipeline PipelineID=a1966d09-9fc6-4852-85fa-9b69ff6c6692.Reason : df009476-bbf0-43a2-af41-11b5052a445f has not seen follower/s 1f61edb1-ab55-473c-8774-d83fa3b21acc for 157830ms 8f5ab14e-21d2-479d-9d33-3cad9b590bd0 for 157830ms
2019-09-12 06:09:05,481 [org.apache.ratis.server.impl.LogAppender$AppenderDaemon$$Lambda$547/1589537345@753097df] ERROR ratis.XceiverServerRatis (XceiverServerRatis.java:triggerPipelineClose(568)) - pipeline Action CLOSE  on pipeline PipelineID=a1966d09-9fc6-4852-85fa-9b69ff6c6692.Reason : df009476-bbf0-43a2-af41-11b5052a445f has not seen follower/s 1f61edb1-ab55-473c-8774-d83fa3b21acc for 157830ms 8f5ab14e-21d2-479d-9d33-3cad9b590bd0 for 157830ms
2019-09-12 06:09:05,980 [java.util.concurrent.ThreadPoolExecutor$Worker@16e94c59[State = -1, empty queue]] WARN  server.GrpcLogAppender (GrpcLogAppender.java:timeoutAppendRequest(200)) - df009476-bbf0-43a2-af41-11b5052a445f@group-9B69FF6C6692->1f61edb1-ab55-473c-8774-d83fa3b21acc-GrpcLogAppender: appendEntries Timeout, request=df009476-bbf0-43a2-af41-11b5052a445f->1f61edb1-ab55-473c-8774-d83fa3b21acc#230-t1, previous=(t:1, i:19), leaderCommit=12, initializing? false, entries: <empty>
2019-09-12 06:09:05,980 [java.util.concurrent.ThreadPoolExecutor$Worker@4d4040a7[State = -1, empty queue]] WARN  server.GrpcLogAppender (GrpcLogAppender.java:timeoutAppendRequest(200)) - df009476-bbf0-43a2-af41-11b5052a445f@group-9B69FF6C6692->8f5ab14e-21d2-479d-9d33-3cad9b590bd0-GrpcLogAppender: appendEntries Timeout, request=df009476-bbf0-43a2-af41-11b5052a445f->8f5ab14e-21d2-479d-9d33-3cad9b590bd0#230-t1, previous=(t:1, i:19), leaderCommit=12, initializing? false, entries: <empty>
2019-09-12 06:09:06,468 [EventQueue-PipelineActionsForPipelineActionHandler] ERROR pipeline.PipelineActionHandler (PipelineActionHandler.java:onMessage(60)) - Received pipeline action CLOSE for Pipeline[ Id: a1966d09-9fc6-4852-85fa-9b69ff6c6692, Nodes: df009476-bbf0-43a2-af41-11b5052a445f{ip: 192.168.34.52, host: trunk-nightly-20190912-4gc2t-2068889165, networkLocation: /default-rack, certSerialId: null}8f5ab14e-21d2-479d-9d33-3cad9b590bd0{ip: 192.168.34.52, host: trunk-nightly-20190912-4gc2t-2068889165, networkLocation: /default-rack, certSerialId: null}1f61edb1-ab55-473c-8774-d83fa3b21acc{ip: 192.168.34.52, host: trunk-nightly-20190912-4gc2t-2068889165, networkLocation: /default-rack, certSerialId: null}, Type:RATIS, Factor:THREE, State:CLOSED] from datanode df009476-bbf0-43a2-af41-11b5052a445f{ip: 192.168.34.52, host: trunk-nightly-20190912-4gc2t-2068889165, networkLocation: /default-rack, certSerialId: null}. Reason : df009476-bbf0-43a2-af41-11b5052a445f has not seen follower/s 1f61edb1-ab55-473c-8774-d83fa3b21acc for 157830ms 8f5ab14e-21d2-479d-9d33-3cad9b590bd0 for 157830ms
2019-09-12 06:09:06,468 [EventQueue-PipelineActionsForPipelineActionHandler] INFO  pipeline.SCMPipelineManager (SCMPipelineManager.java:finalizeAndDestroyPipeline(311)) - destroying pipeline:Pipeline[ Id: a1966d09-9fc6-4852-85fa-9b69ff6c6692, Nodes: df009476-bbf0-43a2-af41-11b5052a445f{ip: 192.168.34.52, host: trunk-nightly-20190912-4gc2t-2068889165, networkLocation: /default-rack, certSerialId: null}8f5ab14e-21d2-479d-9d33-3cad9b590bd0{ip: 192.168.34.52, host: trunk-nightly-20190912-4gc2t-2068889165, networkLocation: /default-rack, certSerialId: null}1f61edb1-ab55-473c-8774-d83fa3b21acc{ip: 192.168.34.52, host: trunk-nightly-20190912-4gc2t-2068889165, networkLocation: /default-rack, certSerialId: null}, Type:RATIS, Factor:THREE, State:CLOSED]
2019-09-12 06:09:07,982 [org.apache.ratis.server.impl.LogAppender$AppenderDaemon$$Lambda$547/1589537345@753097df] ERROR ratis.XceiverServerRatis (XceiverServerRatis.java:triggerPipelineClose(568)) - pipeline Action CLOSE  on pipeline PipelineID=a1966d09-9fc6-4852-85fa-9b69ff6c6692.Reason : df009476-bbf0-43a2-af41-11b5052a445f has not seen follower/s 1f61edb1-ab55-473c-8774-d83fa3b21acc for 160331ms 8f5ab14e-21d2-479d-9d33-3cad9b590bd0 for 160331ms
2019-09-12 06:09:07,982 [org.apache.ratis.server.impl.LogAppender$AppenderDaemon$$Lambda$547/1589537345@1cb569b8] ERROR ratis.XceiverServerRatis (XceiverServerRatis.java:triggerPipelineClose(568)) - pipeline Action CLOSE  on pipeline PipelineID=a1966d09-9fc6-4852-85fa-9b69ff6c6692.Reason : df009476-bbf0-43a2-af41-11b5052a445f has not seen follower/s 1f61edb1-ab55-473c-8774-d83fa3b21acc for 160331ms 8f5ab14e-21d2-479d-9d33-3cad9b590bd0 for 160331ms
2019-09-12 06:09:08,336 [df009476-bbf0-43a2-af41-11b5052a445f@group-9B69FF6C6692-SegmentedRaftLogWorker] WARN  segmented.SegmentedRaftLogWorker (SegmentedRaftLogWorker.java:getFromFuture(90)) - Timeout 15/~
org.apache.ratis.protocol.TimeoutIOException: Timeout 10s: WriteLog:13: (t:1, i:13), STATEMACHINELOGENTRY, client-88DF9C2A5C96, cid=244-writeStateMachineData
	at org.apache.ratis.util.IOUtils.getFromFuture(IOUtils.java:87)
	at org.apache.ratis.server.raftlog.segmented.SegmentedRaftLogWorker$StateMachineDataPolicy.getFromFuture(SegmentedRaftLogWorker.java:87)
	at org.apache.ratis.server.raftlog.segmented.SegmentedRaftLogWorker$WriteLog.execute(SegmentedRaftLogWorker.java:477)
	at org.apache.ratis.server.raftlog.segmented.SegmentedRaftLogWorker.run(SegmentedRaftLogWorker.java:289)
	at java.lang.Thread.run(Thread.java:748)
Caused by: java.util.concurrent.TimeoutException
	at java.util.concurrent.CompletableFuture.timedGet(CompletableFuture.java:1771)
	at java.util.concurrent.CompletableFuture.get(CompletableFuture.java:1915)
	at org.apache.ratis.util.IOUtils.getFromFuture(IOUtils.java:79)
	... 4 more
2019-09-12 06:09:08,358 [8f5ab14e-21d2-479d-9d33-3cad9b590bd0@group-9B69FF6C6692-SegmentedRaftLogWorker] WARN  segmented.SegmentedRaftLogWorker (SegmentedRaftLogWorker.java:getFromFuture(90)) - Timeout 15/~
org.apache.ratis.protocol.TimeoutIOException: Timeout 10s: WriteLog:13: (t:1, i:13), STATEMACHINELOGENTRY, client-88DF9C2A5C96, cid=244-writeStateMachineData
	at org.apache.ratis.util.IOUtils.getFromFuture(IOUtils.java:87)
	at org.apache.ratis.server.raftlog.segmented.SegmentedRaftLogWorker$StateMachineDataPolicy.getFromFuture(SegmentedRaftLogWorker.java:87)
	at org.apache.ratis.server.raftlog.segmented.SegmentedRaftLogWorker$WriteLog.execute(SegmentedRaftLogWorker.java:477)
	at org.apache.ratis.server.raftlog.segmented.SegmentedRaftLogWorker.run(SegmentedRaftLogWorker.java:289)
	at java.lang.Thread.run(Thread.java:748)
Caused by: java.util.concurrent.TimeoutException
	at java.util.concurrent.CompletableFuture.timedGet(CompletableFuture.java:1771)
	at java.util.concurrent.CompletableFuture.get(CompletableFuture.java:1915)
	at org.apache.ratis.util.IOUtils.getFromFuture(IOUtils.java:79)
	... 4 more
2019-09-12 06:09:08,379 [1f61edb1-ab55-473c-8774-d83fa3b21acc@group-9B69FF6C6692-SegmentedRaftLogWorker] WARN  segmented.SegmentedRaftLogWorker (SegmentedRaftLogWorker.java:getFromFuture(90)) - Timeout 15/~
org.apache.ratis.protocol.TimeoutIOException: Timeout 10s: WriteLog:13: (t:1, i:13), STATEMACHINELOGENTRY, client-88DF9C2A5C96, cid=244-writeStateMachineData
	at org.apache.ratis.util.IOUtils.getFromFuture(IOUtils.java:87)
	at org.apache.ratis.server.raftlog.segmented.SegmentedRaftLogWorker$StateMachineDataPolicy.getFromFuture(SegmentedRaftLogWorker.java:87)
	at org.apache.ratis.server.raftlog.segmented.SegmentedRaftLogWorker$WriteLog.execute(SegmentedRaftLogWorker.java:477)
	at org.apache.ratis.server.raftlog.segmented.SegmentedRaftLogWorker.run(SegmentedRaftLogWorker.java:289)
	at java.lang.Thread.run(Thread.java:748)
Caused by: java.util.concurrent.TimeoutException
	at java.util.concurrent.CompletableFuture.timedGet(CompletableFuture.java:1771)
	at java.util.concurrent.CompletableFuture.get(CompletableFuture.java:1915)
	at org.apache.ratis.util.IOUtils.getFromFuture(IOUtils.java:79)
	... 4 more
2019-09-12 06:09:08,468 [EventQueue-PipelineActionsForPipelineActionHandler] ERROR pipeline.PipelineActionHandler (PipelineActionHandler.java:onMessage(60)) - Received pipeline action CLOSE for Pipeline[ Id: a1966d09-9fc6-4852-85fa-9b69ff6c6692, Nodes: df009476-bbf0-43a2-af41-11b5052a445f{ip: 192.168.34.52, host: trunk-nightly-20190912-4gc2t-2068889165, networkLocation: /default-rack, certSerialId: null}8f5ab14e-21d2-479d-9d33-3cad9b590bd0{ip: 192.168.34.52, host: trunk-nightly-20190912-4gc2t-2068889165, networkLocation: /default-rack, certSerialId: null}1f61edb1-ab55-473c-8774-d83fa3b21acc{ip: 192.168.34.52, host: trunk-nightly-20190912-4gc2t-2068889165, networkLocation: /default-rack, certSerialId: null}, Type:RATIS, Factor:THREE, State:CLOSED] from datanode df009476-bbf0-43a2-af41-11b5052a445f{ip: 192.168.34.52, host: trunk-nightly-20190912-4gc2t-2068889165, networkLocation: /default-rack, certSerialId: null}. Reason : df009476-bbf0-43a2-af41-11b5052a445f has not seen follower/s 1f61edb1-ab55-473c-8774-d83fa3b21acc for 160331ms 8f5ab14e-21d2-479d-9d33-3cad9b590bd0 for 160331ms
2019-09-12 06:09:08,468 [EventQueue-PipelineActionsForPipelineActionHandler] INFO  pipeline.SCMPipelineManager (SCMPipelineManager.java:finalizeAndDestroyPipeline(311)) - destroying pipeline:Pipeline[ Id: a1966d09-9fc6-4852-85fa-9b69ff6c6692, Nodes: df009476-bbf0-43a2-af41-11b5052a445f{ip: 192.168.34.52, host: trunk-nightly-20190912-4gc2t-2068889165, networkLocation: /default-rack, certSerialId: null}8f5ab14e-21d2-479d-9d33-3cad9b590bd0{ip: 192.168.34.52, host: trunk-nightly-20190912-4gc2t-2068889165, networkLocation: /default-rack, certSerialId: null}1f61edb1-ab55-473c-8774-d83fa3b21acc{ip: 192.168.34.52, host: trunk-nightly-20190912-4gc2t-2068889165, networkLocation: /default-rack, certSerialId: null}, Type:RATIS, Factor:THREE, State:CLOSED]
2019-09-12 06:09:08,481 [java.util.concurrent.ThreadPoolExecutor$Worker@4d4040a7[State = -1, empty queue]] WARN  server.GrpcLogAppender (GrpcLogAppender.java:timeoutAppendRequest(200)) - df009476-bbf0-43a2-af41-11b5052a445f@group-9B69FF6C6692->8f5ab14e-21d2-479d-9d33-3cad9b590bd0-GrpcLogAppender: appendEntries Timeout, request=df009476-bbf0-43a2-af41-11b5052a445f->8f5ab14e-21d2-479d-9d33-3cad9b590bd0#231-t1, previous=(t:1, i:19), leaderCommit=12, initializing? false, entries: <empty>
2019-09-12 06:09:08,481 [java.util.concurrent.ThreadPoolExecutor$Worker@16e94c59[State = -1, empty queue]] WARN  server.GrpcLogAppender (GrpcLogAppender.java:timeoutAppendRequest(200)) - df009476-bbf0-43a2-af41-11b5052a445f@group-9B69FF6C6692->1f61edb1-ab55-473c-8774-d83fa3b21acc-GrpcLogAppender: appendEntries Timeout, request=df009476-bbf0-43a2-af41-11b5052a445f->1f61edb1-ab55-473c-8774-d83fa3b21acc#231-t1, previous=(t:1, i:19), leaderCommit=12, initializing? false, entries: <empty>
2019-09-12 06:09:09,519 [grpc-default-executor-10] INFO  client.GrpcClientProtocolClient (GrpcClientProtocolClient.java:onNext(264)) - client-88DF9C2A5C96->8f5ab14e-21d2-479d-9d33-3cad9b590bd0: receive RaftClientReply:client-88DF9C2A5C96->8f5ab14e-21d2-479d-9d33-3cad9b590bd0@group-9B69FF6C6692, cid=244, FAILED org.apache.ratis.protocol.NotLeaderException: Server 8f5ab14e-21d2-479d-9d33-3cad9b590bd0@group-9B69FF6C6692 is not the leader df009476-bbf0-43a2-af41-11b5052a445f:192.168.34.52:35732, logIndex=0, commits[8f5ab14e-21d2-479d-9d33-3cad9b590bd0:c12, 1f61edb1-ab55-473c-8774-d83fa3b21acc:c12, df009476-bbf0-43a2-af41-11b5052a445f:c12]
2019-09-12 06:09:10,483 [org.apache.ratis.server.impl.LogAppender$AppenderDaemon$$Lambda$547/1589537345@753097df] ERROR ratis.XceiverServerRatis (XceiverServerRatis.java:triggerPipelineClose(568)) - pipeline Action CLOSE  on pipeline PipelineID=a1966d09-9fc6-4852-85fa-9b69ff6c6692.Reason : df009476-bbf0-43a2-af41-11b5052a445f has not seen follower/s 1f61edb1-ab55-473c-8774-d83fa3b21acc for 162832ms 8f5ab14e-21d2-479d-9d33-3cad9b590bd0 for 162832ms
2019-09-12 06:09:10,483 [org.apache.ratis.server.impl.LogAppender$AppenderDaemon$$Lambda$547/1589537345@1cb569b8] ERROR ratis.XceiverServerRatis (XceiverServerRatis.java:triggerPipelineClose(568)) - pipeline Action CLOSE  on pipeline PipelineID=a1966d09-9fc6-4852-85fa-9b69ff6c6692.Reason : df009476-bbf0-43a2-af41-11b5052a445f has not seen follower/s 1f61edb1-ab55-473c-8774-d83fa3b21acc for 162832ms 8f5ab14e-21d2-479d-9d33-3cad9b590bd0 for 162832ms
2019-09-12 06:09:10,982 [java.util.concurrent.ThreadPoolExecutor$Worker@4d4040a7[State = -1, empty queue]] WARN  server.GrpcLogAppender (GrpcLogAppender.java:timeoutAppendRequest(200)) - df009476-bbf0-43a2-af41-11b5052a445f@group-9B69FF6C6692->8f5ab14e-21d2-479d-9d33-3cad9b590bd0-GrpcLogAppender: appendEntries Timeout, request=df009476-bbf0-43a2-af41-11b5052a445f->8f5ab14e-21d2-479d-9d33-3cad9b590bd0#232-t1, previous=(t:1, i:19), leaderCommit=12, initializing? false, entries: <empty>
2019-09-12 06:09:10,982 [java.util.concurrent.ThreadPoolExecutor$Worker@16e94c59[State = -1, empty queue]] WARN  server.GrpcLogAppender (GrpcLogAppender.java:timeoutAppendRequest(200)) - df009476-bbf0-43a2-af41-11b5052a445f@group-9B69FF6C6692->1f61edb1-ab55-473c-8774-d83fa3b21acc-GrpcLogAppender: appendEntries Timeout, request=df009476-bbf0-43a2-af41-11b5052a445f->1f61edb1-ab55-473c-8774-d83fa3b21acc#232-t1, previous=(t:1, i:19), leaderCommit=12, initializing? false, entries: <empty>
2019-09-12 06:09:11,470 [EventQueue-PipelineActionsForPipelineActionHandler] ERROR pipeline.PipelineActionHandler (PipelineActionHandler.java:onMessage(60)) - Received pipeline action CLOSE for Pipeline[ Id: a1966d09-9fc6-4852-85fa-9b69ff6c6692, Nodes: df009476-bbf0-43a2-af41-11b5052a445f{ip: 192.168.34.52, host: trunk-nightly-20190912-4gc2t-2068889165, networkLocation: /default-rack, certSerialId: null}8f5ab14e-21d2-479d-9d33-3cad9b590bd0{ip: 192.168.34.52, host: trunk-nightly-20190912-4gc2t-2068889165, networkLocation: /default-rack, certSerialId: null}1f61edb1-ab55-473c-8774-d83fa3b21acc{ip: 192.168.34.52, host: trunk-nightly-20190912-4gc2t-2068889165, networkLocation: /default-rack, certSerialId: null}, Type:RATIS, Factor:THREE, State:CLOSED] from datanode df009476-bbf0-43a2-af41-11b5052a445f{ip: 192.168.34.52, host: trunk-nightly-20190912-4gc2t-2068889165, networkLocation: /default-rack, certSerialId: null}. Reason : df009476-bbf0-43a2-af41-11b5052a445f has not seen follower/s 1f61edb1-ab55-473c-8774-d83fa3b21acc for 162832ms 8f5ab14e-21d2-479d-9d33-3cad9b590bd0 for 162832ms
2019-09-12 06:09:11,470 [EventQueue-PipelineActionsForPipelineActionHandler] INFO  pipeline.SCMPipelineManager (SCMPipelineManager.java:finalizeAndDestroyPipeline(311)) - destroying pipeline:Pipeline[ Id: a1966d09-9fc6-4852-85fa-9b69ff6c6692, Nodes: df009476-bbf0-43a2-af41-11b5052a445f{ip: 192.168.34.52, host: trunk-nightly-20190912-4gc2t-2068889165, networkLocation: /default-rack, certSerialId: null}8f5ab14e-21d2-479d-9d33-3cad9b590bd0{ip: 192.168.34.52, host: trunk-nightly-20190912-4gc2t-2068889165, networkLocation: /default-rack, certSerialId: null}1f61edb1-ab55-473c-8774-d83fa3b21acc{ip: 192.168.34.52, host: trunk-nightly-20190912-4gc2t-2068889165, networkLocation: /default-rack, certSerialId: null}, Type:RATIS, Factor:THREE, State:CLOSED]
2019-09-12 06:09:12,984 [org.apache.ratis.server.impl.LogAppender$AppenderDaemon$$Lambda$547/1589537345@753097df] ERROR ratis.XceiverServerRatis (XceiverServerRatis.java:triggerPipelineClose(568)) - pipeline Action CLOSE  on pipeline PipelineID=a1966d09-9fc6-4852-85fa-9b69ff6c6692.Reason : df009476-bbf0-43a2-af41-11b5052a445f has not seen follower/s 1f61edb1-ab55-473c-8774-d83fa3b21acc for 165333ms 8f5ab14e-21d2-479d-9d33-3cad9b590bd0 for 165333ms
2019-09-12 06:09:12,984 [org.apache.ratis.server.impl.LogAppender$AppenderDaemon$$Lambda$547/1589537345@1cb569b8] ERROR ratis.XceiverServerRatis (XceiverServerRatis.java:triggerPipelineClose(568)) - pipeline Action CLOSE  on pipeline PipelineID=a1966d09-9fc6-4852-85fa-9b69ff6c6692.Reason : df009476-bbf0-43a2-af41-11b5052a445f has not seen follower/s 1f61edb1-ab55-473c-8774-d83fa3b21acc for 165333ms 8f5ab14e-21d2-479d-9d33-3cad9b590bd0 for 165333ms
2019-09-12 06:09:13,470 [EventQueue-PipelineActionsForPipelineActionHandler] ERROR pipeline.PipelineActionHandler (PipelineActionHandler.java:onMessage(60)) - Received pipeline action CLOSE for Pipeline[ Id: a1966d09-9fc6-4852-85fa-9b69ff6c6692, Nodes: df009476-bbf0-43a2-af41-11b5052a445f{ip: 192.168.34.52, host: trunk-nightly-20190912-4gc2t-2068889165, networkLocation: /default-rack, certSerialId: null}8f5ab14e-21d2-479d-9d33-3cad9b590bd0{ip: 192.168.34.52, host: trunk-nightly-20190912-4gc2t-2068889165, networkLocation: /default-rack, certSerialId: null}1f61edb1-ab55-473c-8774-d83fa3b21acc{ip: 192.168.34.52, host: trunk-nightly-20190912-4gc2t-2068889165, networkLocation: /default-rack, certSerialId: null}, Type:RATIS, Factor:THREE, State:CLOSED] from datanode df009476-bbf0-43a2-af41-11b5052a445f{ip: 192.168.34.52, host: trunk-nightly-20190912-4gc2t-2068889165, networkLocation: /default-rack, certSerialId: null}. Reason : df009476-bbf0-43a2-af41-11b5052a445f has not seen follower/s 1f61edb1-ab55-473c-8774-d83fa3b21acc for 165333ms 8f5ab14e-21d2-479d-9d33-3cad9b590bd0 for 165333ms
2019-09-12 06:09:13,470 [EventQueue-PipelineActionsForPipelineActionHandler] INFO  pipeline.SCMPipelineManager (SCMPipelineManager.java:finalizeAndDestroyPipeline(311)) - destroying pipeline:Pipeline[ Id: a1966d09-9fc6-4852-85fa-9b69ff6c6692, Nodes: df009476-bbf0-43a2-af41-11b5052a445f{ip: 192.168.34.52, host: trunk-nightly-20190912-4gc2t-2068889165, networkLocation: /default-rack, certSerialId: null}8f5ab14e-21d2-479d-9d33-3cad9b590bd0{ip: 192.168.34.52, host: trunk-nightly-20190912-4gc2t-2068889165, networkLocation: /default-rack, certSerialId: null}1f61edb1-ab55-473c-8774-d83fa3b21acc{ip: 192.168.34.52, host: trunk-nightly-20190912-4gc2t-2068889165, networkLocation: /default-rack, certSerialId: null}, Type:RATIS, Factor:THREE, State:CLOSED]
2019-09-12 06:09:13,483 [java.util.concurrent.ThreadPoolExecutor$Worker@16e94c59[State = -1, empty queue]] WARN  server.GrpcLogAppender (GrpcLogAppender.java:timeoutAppendRequest(200)) - df009476-bbf0-43a2-af41-11b5052a445f@group-9B69FF6C6692->1f61edb1-ab55-473c-8774-d83fa3b21acc-GrpcLogAppender: appendEntries Timeout, request=df009476-bbf0-43a2-af41-11b5052a445f->1f61edb1-ab55-473c-8774-d83fa3b21acc#233-t1, previous=(t:1, i:19), leaderCommit=12, initializing? false, entries: <empty>
2019-09-12 06:09:13,483 [java.util.concurrent.ThreadPoolExecutor$Worker@4d4040a7[State = -1, empty queue]] WARN  server.GrpcLogAppender (GrpcLogAppender.java:timeoutAppendRequest(200)) - df009476-bbf0-43a2-af41-11b5052a445f@group-9B69FF6C6692->8f5ab14e-21d2-479d-9d33-3cad9b590bd0-GrpcLogAppender: appendEntries Timeout, request=df009476-bbf0-43a2-af41-11b5052a445f->8f5ab14e-21d2-479d-9d33-3cad9b590bd0#233-t1, previous=(t:1, i:19), leaderCommit=12, initializing? false, entries: <empty>
2019-09-12 06:09:14,547 [grpc-default-executor-1] INFO  client.GrpcClientProtocolClient (GrpcClientProtocolClient.java:onNext(264)) - client-88DF9C2A5C96->8f5ab14e-21d2-479d-9d33-3cad9b590bd0: receive RaftClientReply:client-88DF9C2A5C96->8f5ab14e-21d2-479d-9d33-3cad9b590bd0@group-9B69FF6C6692, cid=244, FAILED org.apache.ratis.protocol.NotLeaderException: Server 8f5ab14e-21d2-479d-9d33-3cad9b590bd0@group-9B69FF6C6692 is not the leader df009476-bbf0-43a2-af41-11b5052a445f:192.168.34.52:35732, logIndex=0, commits[8f5ab14e-21d2-479d-9d33-3cad9b590bd0:c12, 1f61edb1-ab55-473c-8774-d83fa3b21acc:c12, df009476-bbf0-43a2-af41-11b5052a445f:c12]
2019-09-12 06:09:15,484 [org.apache.ratis.server.impl.LogAppender$AppenderDaemon$$Lambda$547/1589537345@1cb569b8] ERROR ratis.XceiverServerRatis (XceiverServerRatis.java:triggerPipelineClose(568)) - pipeline Action CLOSE  on pipeline PipelineID=a1966d09-9fc6-4852-85fa-9b69ff6c6692.Reason : df009476-bbf0-43a2-af41-11b5052a445f has not seen follower/s 1f61edb1-ab55-473c-8774-d83fa3b21acc for 167833ms 8f5ab14e-21d2-479d-9d33-3cad9b590bd0 for 167833ms
2019-09-12 06:09:15,484 [org.apache.ratis.server.impl.LogAppender$AppenderDaemon$$Lambda$547/1589537345@753097df] ERROR ratis.XceiverServerRatis (XceiverServerRatis.java:triggerPipelineClose(568)) - pipeline Action CLOSE  on pipeline PipelineID=a1966d09-9fc6-4852-85fa-9b69ff6c6692.Reason : df009476-bbf0-43a2-af41-11b5052a445f has not seen follower/s 1f61edb1-ab55-473c-8774-d83fa3b21acc for 167833ms 8f5ab14e-21d2-479d-9d33-3cad9b590bd0 for 167833ms
2019-09-12 06:09:15,984 [java.util.concurrent.ThreadPoolExecutor$Worker@16e94c59[State = -1, empty queue]] WARN  server.GrpcLogAppender (GrpcLogAppender.java:timeoutAppendRequest(200)) - df009476-bbf0-43a2-af41-11b5052a445f@group-9B69FF6C6692->1f61edb1-ab55-473c-8774-d83fa3b21acc-GrpcLogAppender: appendEntries Timeout, request=df009476-bbf0-43a2-af41-11b5052a445f->1f61edb1-ab55-473c-8774-d83fa3b21acc#234-t1, previous=(t:1, i:19), leaderCommit=12, initializing? false, entries: <empty>
2019-09-12 06:09:15,984 [java.util.concurrent.ThreadPoolExecutor$Worker@4d4040a7[State = -1, empty queue]] WARN  server.GrpcLogAppender (GrpcLogAppender.java:timeoutAppendRequest(200)) - df009476-bbf0-43a2-af41-11b5052a445f@group-9B69FF6C6692->8f5ab14e-21d2-479d-9d33-3cad9b590bd0-GrpcLogAppender: appendEntries Timeout, request=df009476-bbf0-43a2-af41-11b5052a445f->8f5ab14e-21d2-479d-9d33-3cad9b590bd0#234-t1, previous=(t:1, i:19), leaderCommit=12, initializing? false, entries: <empty>
2019-09-12 06:09:16,471 [EventQueue-PipelineActionsForPipelineActionHandler] ERROR pipeline.PipelineActionHandler (PipelineActionHandler.java:onMessage(60)) - Received pipeline action CLOSE for Pipeline[ Id: a1966d09-9fc6-4852-85fa-9b69ff6c6692, Nodes: df009476-bbf0-43a2-af41-11b5052a445f{ip: 192.168.34.52, host: trunk-nightly-20190912-4gc2t-2068889165, networkLocation: /default-rack, certSerialId: null}8f5ab14e-21d2-479d-9d33-3cad9b590bd0{ip: 192.168.34.52, host: trunk-nightly-20190912-4gc2t-2068889165, networkLocation: /default-rack, certSerialId: null}1f61edb1-ab55-473c-8774-d83fa3b21acc{ip: 192.168.34.52, host: trunk-nightly-20190912-4gc2t-2068889165, networkLocation: /default-rack, certSerialId: null}, Type:RATIS, Factor:THREE, State:CLOSED] from datanode df009476-bbf0-43a2-af41-11b5052a445f{ip: 192.168.34.52, host: trunk-nightly-20190912-4gc2t-2068889165, networkLocation: /default-rack, certSerialId: null}. Reason : df009476-bbf0-43a2-af41-11b5052a445f has not seen follower/s 1f61edb1-ab55-473c-8774-d83fa3b21acc for 167833ms 8f5ab14e-21d2-479d-9d33-3cad9b590bd0 for 167833ms
2019-09-12 06:09:16,471 [EventQueue-PipelineActionsForPipelineActionHandler] INFO  pipeline.SCMPipelineManager (SCMPipelineManager.java:finalizeAndDestroyPipeline(311)) - destroying pipeline:Pipeline[ Id: a1966d09-9fc6-4852-85fa-9b69ff6c6692, Nodes: df009476-bbf0-43a2-af41-11b5052a445f{ip: 192.168.34.52, host: trunk-nightly-20190912-4gc2t-2068889165, networkLocation: /default-rack, certSerialId: null}8f5ab14e-21d2-479d-9d33-3cad9b590bd0{ip: 192.168.34.52, host: trunk-nightly-20190912-4gc2t-2068889165, networkLocation: /default-rack, certSerialId: null}1f61edb1-ab55-473c-8774-d83fa3b21acc{ip: 192.168.34.52, host: trunk-nightly-20190912-4gc2t-2068889165, networkLocation: /default-rack, certSerialId: null}, Type:RATIS, Factor:THREE, State:CLOSED]
2019-09-12 06:09:17,985 [org.apache.ratis.server.impl.LogAppender$AppenderDaemon$$Lambda$547/1589537345@1cb569b8] ERROR ratis.XceiverServerRatis (XceiverServerRatis.java:triggerPipelineClose(568)) - pipeline Action CLOSE  on pipeline PipelineID=a1966d09-9fc6-4852-85fa-9b69ff6c6692.Reason : df009476-bbf0-43a2-af41-11b5052a445f has not seen follower/s 1f61edb1-ab55-473c-8774-d83fa3b21acc for 170334ms 8f5ab14e-21d2-479d-9d33-3cad9b590bd0 for 170334ms
2019-09-12 06:09:17,985 [org.apache.ratis.server.impl.LogAppender$AppenderDaemon$$Lambda$547/1589537345@753097df] ERROR ratis.XceiverServerRatis (XceiverServerRatis.java:triggerPipelineClose(568)) - pipeline Action CLOSE  on pipeline PipelineID=a1966d09-9fc6-4852-85fa-9b69ff6c6692.Reason : df009476-bbf0-43a2-af41-11b5052a445f has not seen follower/s 1f61edb1-ab55-473c-8774-d83fa3b21acc for 170334ms 8f5ab14e-21d2-479d-9d33-3cad9b590bd0 for 170334ms
2019-09-12 06:09:18,337 [df009476-bbf0-43a2-af41-11b5052a445f@group-9B69FF6C6692-SegmentedRaftLogWorker] WARN  segmented.SegmentedRaftLogWorker (SegmentedRaftLogWorker.java:getFromFuture(90)) - Timeout 16/~
org.apache.ratis.protocol.TimeoutIOException: Timeout 10s: WriteLog:13: (t:1, i:13), STATEMACHINELOGENTRY, client-88DF9C2A5C96, cid=244-writeStateMachineData
	at org.apache.ratis.util.IOUtils.getFromFuture(IOUtils.java:87)
	at org.apache.ratis.server.raftlog.segmented.SegmentedRaftLogWorker$StateMachineDataPolicy.getFromFuture(SegmentedRaftLogWorker.java:87)
	at org.apache.ratis.server.raftlog.segmented.SegmentedRaftLogWorker$WriteLog.execute(SegmentedRaftLogWorker.java:477)
	at org.apache.ratis.server.raftlog.segmented.SegmentedRaftLogWorker.run(SegmentedRaftLogWorker.java:289)
	at java.lang.Thread.run(Thread.java:748)
Caused by: java.util.concurrent.TimeoutException
	at java.util.concurrent.CompletableFuture.timedGet(CompletableFuture.java:1771)
	at java.util.concurrent.CompletableFuture.get(CompletableFuture.java:1915)
	at org.apache.ratis.util.IOUtils.getFromFuture(IOUtils.java:79)
	... 4 more
2019-09-12 06:09:18,379 [8f5ab14e-21d2-479d-9d33-3cad9b590bd0@group-9B69FF6C6692-SegmentedRaftLogWorker] WARN  segmented.SegmentedRaftLogWorker (SegmentedRaftLogWorker.java:getFromFuture(90)) - Timeout 16/~
org.apache.ratis.protocol.TimeoutIOException: Timeout 10s: WriteLog:13: (t:1, i:13), STATEMACHINELOGENTRY, client-88DF9C2A5C96, cid=244-writeStateMachineData
	at org.apache.ratis.util.IOUtils.getFromFuture(IOUtils.java:87)
	at org.apache.ratis.server.raftlog.segmented.SegmentedRaftLogWorker$StateMachineDataPolicy.getFromFuture(SegmentedRaftLogWorker.java:87)
	at org.apache.ratis.server.raftlog.segmented.SegmentedRaftLogWorker$WriteLog.execute(SegmentedRaftLogWorker.java:477)
	at org.apache.ratis.server.raftlog.segmented.SegmentedRaftLogWorker.run(SegmentedRaftLogWorker.java:289)
	at java.lang.Thread.run(Thread.java:748)
Caused by: java.util.concurrent.TimeoutException
	at java.util.concurrent.CompletableFuture.timedGet(CompletableFuture.java:1771)
	at java.util.concurrent.CompletableFuture.get(CompletableFuture.java:1915)
	at org.apache.ratis.util.IOUtils.getFromFuture(IOUtils.java:79)
	... 4 more
2019-09-12 06:09:18,379 [1f61edb1-ab55-473c-8774-d83fa3b21acc@group-9B69FF6C6692-SegmentedRaftLogWorker] WARN  segmented.SegmentedRaftLogWorker (SegmentedRaftLogWorker.java:getFromFuture(90)) - Timeout 16/~
org.apache.ratis.protocol.TimeoutIOException: Timeout 10s: WriteLog:13: (t:1, i:13), STATEMACHINELOGENTRY, client-88DF9C2A5C96, cid=244-writeStateMachineData
	at org.apache.ratis.util.IOUtils.getFromFuture(IOUtils.java:87)
	at org.apache.ratis.server.raftlog.segmented.SegmentedRaftLogWorker$StateMachineDataPolicy.getFromFuture(SegmentedRaftLogWorker.java:87)
	at org.apache.ratis.server.raftlog.segmented.SegmentedRaftLogWorker$WriteLog.execute(SegmentedRaftLogWorker.java:477)
	at org.apache.ratis.server.raftlog.segmented.SegmentedRaftLogWorker.run(SegmentedRaftLogWorker.java:289)
	at java.lang.Thread.run(Thread.java:748)
Caused by: java.util.concurrent.TimeoutException
	at java.util.concurrent.CompletableFuture.timedGet(CompletableFuture.java:1771)
	at java.util.concurrent.CompletableFuture.get(CompletableFuture.java:1915)
	at org.apache.ratis.util.IOUtils.getFromFuture(IOUtils.java:79)
	... 4 more
2019-09-12 06:09:18,472 [EventQueue-PipelineActionsForPipelineActionHandler] ERROR pipeline.PipelineActionHandler (PipelineActionHandler.java:onMessage(60)) - Received pipeline action CLOSE for Pipeline[ Id: a1966d09-9fc6-4852-85fa-9b69ff6c6692, Nodes: df009476-bbf0-43a2-af41-11b5052a445f{ip: 192.168.34.52, host: trunk-nightly-20190912-4gc2t-2068889165, networkLocation: /default-rack, certSerialId: null}8f5ab14e-21d2-479d-9d33-3cad9b590bd0{ip: 192.168.34.52, host: trunk-nightly-20190912-4gc2t-2068889165, networkLocation: /default-rack, certSerialId: null}1f61edb1-ab55-473c-8774-d83fa3b21acc{ip: 192.168.34.52, host: trunk-nightly-20190912-4gc2t-2068889165, networkLocation: /default-rack, certSerialId: null}, Type:RATIS, Factor:THREE, State:CLOSED] from datanode df009476-bbf0-43a2-af41-11b5052a445f{ip: 192.168.34.52, host: trunk-nightly-20190912-4gc2t-2068889165, networkLocation: /default-rack, certSerialId: null}. Reason : df009476-bbf0-43a2-af41-11b5052a445f has not seen follower/s 1f61edb1-ab55-473c-8774-d83fa3b21acc for 170334ms 8f5ab14e-21d2-479d-9d33-3cad9b590bd0 for 170334ms
2019-09-12 06:09:18,472 [EventQueue-PipelineActionsForPipelineActionHandler] INFO  pipeline.SCMPipelineManager (SCMPipelineManager.java:finalizeAndDestroyPipeline(311)) - destroying pipeline:Pipeline[ Id: a1966d09-9fc6-4852-85fa-9b69ff6c6692, Nodes: df009476-bbf0-43a2-af41-11b5052a445f{ip: 192.168.34.52, host: trunk-nightly-20190912-4gc2t-2068889165, networkLocation: /default-rack, certSerialId: null}8f5ab14e-21d2-479d-9d33-3cad9b590bd0{ip: 192.168.34.52, host: trunk-nightly-20190912-4gc2t-2068889165, networkLocation: /default-rack, certSerialId: null}1f61edb1-ab55-473c-8774-d83fa3b21acc{ip: 192.168.34.52, host: trunk-nightly-20190912-4gc2t-2068889165, networkLocation: /default-rack, certSerialId: null}, Type:RATIS, Factor:THREE, State:CLOSED]
2019-09-12 06:09:18,484 [java.util.concurrent.ThreadPoolExecutor$Worker@16e94c59[State = -1, empty queue]] WARN  server.GrpcLogAppender (GrpcLogAppender.java:timeoutAppendRequest(200)) - df009476-bbf0-43a2-af41-11b5052a445f@group-9B69FF6C6692->1f61edb1-ab55-473c-8774-d83fa3b21acc-GrpcLogAppender: appendEntries Timeout, request=df009476-bbf0-43a2-af41-11b5052a445f->1f61edb1-ab55-473c-8774-d83fa3b21acc#235-t1, previous=(t:1, i:19), leaderCommit=12, initializing? false, entries: <empty>
2019-09-12 06:09:18,484 [java.util.concurrent.ThreadPoolExecutor$Worker@4d4040a7[State = -1, empty queue]] WARN  server.GrpcLogAppender (GrpcLogAppender.java:timeoutAppendRequest(200)) - df009476-bbf0-43a2-af41-11b5052a445f@group-9B69FF6C6692->8f5ab14e-21d2-479d-9d33-3cad9b590bd0-GrpcLogAppender: appendEntries Timeout, request=df009476-bbf0-43a2-af41-11b5052a445f->8f5ab14e-21d2-479d-9d33-3cad9b590bd0#235-t1, previous=(t:1, i:19), leaderCommit=12, initializing? false, entries: <empty>
2019-09-12 06:09:19,578 [grpc-default-executor-10] INFO  client.GrpcClientProtocolClient (GrpcClientProtocolClient.java:onNext(264)) - client-88DF9C2A5C96->8f5ab14e-21d2-479d-9d33-3cad9b590bd0: receive RaftClientReply:client-88DF9C2A5C96->8f5ab14e-21d2-479d-9d33-3cad9b590bd0@group-9B69FF6C6692, cid=244, FAILED org.apache.ratis.protocol.NotLeaderException: Server 8f5ab14e-21d2-479d-9d33-3cad9b590bd0@group-9B69FF6C6692 is not the leader df009476-bbf0-43a2-af41-11b5052a445f:192.168.34.52:35732, logIndex=0, commits[8f5ab14e-21d2-479d-9d33-3cad9b590bd0:c12, 1f61edb1-ab55-473c-8774-d83fa3b21acc:c12, df009476-bbf0-43a2-af41-11b5052a445f:c12]
2019-09-12 06:09:20,486 [org.apache.ratis.server.impl.LogAppender$AppenderDaemon$$Lambda$547/1589537345@1cb569b8] ERROR ratis.XceiverServerRatis (XceiverServerRatis.java:triggerPipelineClose(568)) - pipeline Action CLOSE  on pipeline PipelineID=a1966d09-9fc6-4852-85fa-9b69ff6c6692.Reason : df009476-bbf0-43a2-af41-11b5052a445f has not seen follower/s 1f61edb1-ab55-473c-8774-d83fa3b21acc for 172835ms 8f5ab14e-21d2-479d-9d33-3cad9b590bd0 for 172835ms
2019-09-12 06:09:20,486 [org.apache.ratis.server.impl.LogAppender$AppenderDaemon$$Lambda$547/1589537345@753097df] ERROR ratis.XceiverServerRatis (XceiverServerRatis.java:triggerPipelineClose(568)) - pipeline Action CLOSE  on pipeline PipelineID=a1966d09-9fc6-4852-85fa-9b69ff6c6692.Reason : df009476-bbf0-43a2-af41-11b5052a445f has not seen follower/s 1f61edb1-ab55-473c-8774-d83fa3b21acc for 172835ms 8f5ab14e-21d2-479d-9d33-3cad9b590bd0 for 172835ms
2019-09-12 06:09:20,985 [java.util.concurrent.ThreadPoolExecutor$Worker@4d4040a7[State = -1, empty queue]] WARN  server.GrpcLogAppender (GrpcLogAppender.java:timeoutAppendRequest(200)) - df009476-bbf0-43a2-af41-11b5052a445f@group-9B69FF6C6692->8f5ab14e-21d2-479d-9d33-3cad9b590bd0-GrpcLogAppender: appendEntries Timeout, request=df009476-bbf0-43a2-af41-11b5052a445f->8f5ab14e-21d2-479d-9d33-3cad9b590bd0#236-t1, previous=(t:1, i:19), leaderCommit=12, initializing? false, entries: <empty>
2019-09-12 06:09:20,985 [java.util.concurrent.ThreadPoolExecutor$Worker@16e94c59[State = -1, empty queue]] WARN  server.GrpcLogAppender (GrpcLogAppender.java:timeoutAppendRequest(200)) - df009476-bbf0-43a2-af41-11b5052a445f@group-9B69FF6C6692->1f61edb1-ab55-473c-8774-d83fa3b21acc-GrpcLogAppender: appendEntries Timeout, request=df009476-bbf0-43a2-af41-11b5052a445f->1f61edb1-ab55-473c-8774-d83fa3b21acc#236-t1, previous=(t:1, i:19), leaderCommit=12, initializing? false, entries: <empty>
2019-09-12 06:09:21,473 [EventQueue-PipelineActionsForPipelineActionHandler] ERROR pipeline.PipelineActionHandler (PipelineActionHandler.java:onMessage(60)) - Received pipeline action CLOSE for Pipeline[ Id: a1966d09-9fc6-4852-85fa-9b69ff6c6692, Nodes: df009476-bbf0-43a2-af41-11b5052a445f{ip: 192.168.34.52, host: trunk-nightly-20190912-4gc2t-2068889165, networkLocation: /default-rack, certSerialId: null}8f5ab14e-21d2-479d-9d33-3cad9b590bd0{ip: 192.168.34.52, host: trunk-nightly-20190912-4gc2t-2068889165, networkLocation: /default-rack, certSerialId: null}1f61edb1-ab55-473c-8774-d83fa3b21acc{ip: 192.168.34.52, host: trunk-nightly-20190912-4gc2t-2068889165, networkLocation: /default-rack, certSerialId: null}, Type:RATIS, Factor:THREE, State:CLOSED] from datanode df009476-bbf0-43a2-af41-11b5052a445f{ip: 192.168.34.52, host: trunk-nightly-20190912-4gc2t-2068889165, networkLocation: /default-rack, certSerialId: null}. Reason : df009476-bbf0-43a2-af41-11b5052a445f has not seen follower/s 1f61edb1-ab55-473c-8774-d83fa3b21acc for 172835ms 8f5ab14e-21d2-479d-9d33-3cad9b590bd0 for 172835ms
2019-09-12 06:09:21,473 [EventQueue-PipelineActionsForPipelineActionHandler] INFO  pipeline.SCMPipelineManager (SCMPipelineManager.java:finalizeAndDestroyPipeline(311)) - destroying pipeline:Pipeline[ Id: a1966d09-9fc6-4852-85fa-9b69ff6c6692, Nodes: df009476-bbf0-43a2-af41-11b5052a445f{ip: 192.168.34.52, host: trunk-nightly-20190912-4gc2t-2068889165, networkLocation: /default-rack, certSerialId: null}8f5ab14e-21d2-479d-9d33-3cad9b590bd0{ip: 192.168.34.52, host: trunk-nightly-20190912-4gc2t-2068889165, networkLocation: /default-rack, certSerialId: null}1f61edb1-ab55-473c-8774-d83fa3b21acc{ip: 192.168.34.52, host: trunk-nightly-20190912-4gc2t-2068889165, networkLocation: /default-rack, certSerialId: null}, Type:RATIS, Factor:THREE, State:CLOSED]
2019-09-12 06:09:22,986 [org.apache.ratis.server.impl.LogAppender$AppenderDaemon$$Lambda$547/1589537345@1cb569b8] ERROR ratis.XceiverServerRatis (XceiverServerRatis.java:triggerPipelineClose(568)) - pipeline Action CLOSE  on pipeline PipelineID=a1966d09-9fc6-4852-85fa-9b69ff6c6692.Reason : df009476-bbf0-43a2-af41-11b5052a445f has not seen follower/s 1f61edb1-ab55-473c-8774-d83fa3b21acc for 175335ms 8f5ab14e-21d2-479d-9d33-3cad9b590bd0 for 175335ms
2019-09-12 06:09:22,987 [org.apache.ratis.server.impl.LogAppender$AppenderDaemon$$Lambda$547/1589537345@753097df] ERROR ratis.XceiverServerRatis (XceiverServerRatis.java:triggerPipelineClose(568)) - pipeline Action CLOSE  on pipeline PipelineID=a1966d09-9fc6-4852-85fa-9b69ff6c6692.Reason : df009476-bbf0-43a2-af41-11b5052a445f has not seen follower/s 1f61edb1-ab55-473c-8774-d83fa3b21acc for 175335ms 8f5ab14e-21d2-479d-9d33-3cad9b590bd0 for 175336ms
2019-09-12 06:09:23,473 [EventQueue-PipelineActionsForPipelineActionHandler] ERROR pipeline.PipelineActionHandler (PipelineActionHandler.java:onMessage(60)) - Received pipeline action CLOSE for Pipeline[ Id: a1966d09-9fc6-4852-85fa-9b69ff6c6692, Nodes: df009476-bbf0-43a2-af41-11b5052a445f{ip: 192.168.34.52, host: trunk-nightly-20190912-4gc2t-2068889165, networkLocation: /default-rack, certSerialId: null}8f5ab14e-21d2-479d-9d33-3cad9b590bd0{ip: 192.168.34.52, host: trunk-nightly-20190912-4gc2t-2068889165, networkLocation: /default-rack, certSerialId: null}1f61edb1-ab55-473c-8774-d83fa3b21acc{ip: 192.168.34.52, host: trunk-nightly-20190912-4gc2t-2068889165, networkLocation: /default-rack, certSerialId: null}, Type:RATIS, Factor:THREE, State:CLOSED] from datanode df009476-bbf0-43a2-af41-11b5052a445f{ip: 192.168.34.52, host: trunk-nightly-20190912-4gc2t-2068889165, networkLocation: /default-rack, certSerialId: null}. Reason : df009476-bbf0-43a2-af41-11b5052a445f has not seen follower/s 1f61edb1-ab55-473c-8774-d83fa3b21acc for 175335ms 8f5ab14e-21d2-479d-9d33-3cad9b590bd0 for 175335ms
2019-09-12 06:09:23,473 [EventQueue-PipelineActionsForPipelineActionHandler] INFO  pipeline.SCMPipelineManager (SCMPipelineManager.java:finalizeAndDestroyPipeline(311)) - destroying pipeline:Pipeline[ Id: a1966d09-9fc6-4852-85fa-9b69ff6c6692, Nodes: df009476-bbf0-43a2-af41-11b5052a445f{ip: 192.168.34.52, host: trunk-nightly-20190912-4gc2t-2068889165, networkLocation: /default-rack, certSerialId: null}8f5ab14e-21d2-479d-9d33-3cad9b590bd0{ip: 192.168.34.52, host: trunk-nightly-20190912-4gc2t-2068889165, networkLocation: /default-rack, certSerialId: null}1f61edb1-ab55-473c-8774-d83fa3b21acc{ip: 192.168.34.52, host: trunk-nightly-20190912-4gc2t-2068889165, networkLocation: /default-rack, certSerialId: null}, Type:RATIS, Factor:THREE, State:CLOSED]
2019-09-12 06:09:23,486 [java.util.concurrent.ThreadPoolExecutor$Worker@4d4040a7[State = -1, empty queue]] WARN  server.GrpcLogAppender (GrpcLogAppender.java:timeoutAppendRequest(200)) - df009476-bbf0-43a2-af41-11b5052a445f@group-9B69FF6C6692->8f5ab14e-21d2-479d-9d33-3cad9b590bd0-GrpcLogAppender: appendEntries Timeout, request=df009476-bbf0-43a2-af41-11b5052a445f->8f5ab14e-21d2-479d-9d33-3cad9b590bd0#237-t1, previous=(t:1, i:19), leaderCommit=12, initializing? false, entries: <empty>
2019-09-12 06:09:23,486 [java.util.concurrent.ThreadPoolExecutor$Worker@16e94c59[State = -1, empty queue]] WARN  server.GrpcLogAppender (GrpcLogAppender.java:timeoutAppendRequest(200)) - df009476-bbf0-43a2-af41-11b5052a445f@group-9B69FF6C6692->1f61edb1-ab55-473c-8774-d83fa3b21acc-GrpcLogAppender: appendEntries Timeout, request=df009476-bbf0-43a2-af41-11b5052a445f->1f61edb1-ab55-473c-8774-d83fa3b21acc#237-t1, previous=(t:1, i:19), leaderCommit=12, initializing? false, entries: <empty>
2019-09-12 06:09:24,610 [grpc-default-executor-1] INFO  client.GrpcClientProtocolClient (GrpcClientProtocolClient.java:onNext(264)) - client-88DF9C2A5C96->1f61edb1-ab55-473c-8774-d83fa3b21acc: receive RaftClientReply:client-88DF9C2A5C96->1f61edb1-ab55-473c-8774-d83fa3b21acc@group-9B69FF6C6692, cid=244, FAILED org.apache.ratis.protocol.NotLeaderException: Server 1f61edb1-ab55-473c-8774-d83fa3b21acc@group-9B69FF6C6692 is not the leader df009476-bbf0-43a2-af41-11b5052a445f:192.168.34.52:35732, logIndex=0, commits[1f61edb1-ab55-473c-8774-d83fa3b21acc:c12, 8f5ab14e-21d2-479d-9d33-3cad9b590bd0:c12, df009476-bbf0-43a2-af41-11b5052a445f:c12]
2019-09-12 06:09:25,487 [org.apache.ratis.server.impl.LogAppender$AppenderDaemon$$Lambda$547/1589537345@1cb569b8] ERROR ratis.XceiverServerRatis (XceiverServerRatis.java:triggerPipelineClose(568)) - pipeline Action CLOSE  on pipeline PipelineID=a1966d09-9fc6-4852-85fa-9b69ff6c6692.Reason : df009476-bbf0-43a2-af41-11b5052a445f has not seen follower/s 1f61edb1-ab55-473c-8774-d83fa3b21acc for 177836ms 8f5ab14e-21d2-479d-9d33-3cad9b590bd0 for 177836ms
2019-09-12 06:09:25,487 [org.apache.ratis.server.impl.LogAppender$AppenderDaemon$$Lambda$547/1589537345@753097df] ERROR ratis.XceiverServerRatis (XceiverServerRatis.java:triggerPipelineClose(568)) - pipeline Action CLOSE  on pipeline PipelineID=a1966d09-9fc6-4852-85fa-9b69ff6c6692.Reason : df009476-bbf0-43a2-af41-11b5052a445f has not seen follower/s 1f61edb1-ab55-473c-8774-d83fa3b21acc for 177836ms 8f5ab14e-21d2-479d-9d33-3cad9b590bd0 for 177836ms
2019-09-12 06:09:25,986 [java.util.concurrent.ThreadPoolExecutor$Worker@4d4040a7[State = -1, empty queue]] WARN  server.GrpcLogAppender (GrpcLogAppender.java:timeoutAppendRequest(200)) - df009476-bbf0-43a2-af41-11b5052a445f@group-9B69FF6C6692->8f5ab14e-21d2-479d-9d33-3cad9b590bd0-GrpcLogAppender: appendEntries Timeout, request=df009476-bbf0-43a2-af41-11b5052a445f->8f5ab14e-21d2-479d-9d33-3cad9b590bd0#238-t1, previous=(t:1, i:19), leaderCommit=12, initializing? false, entries: <empty>
2019-09-12 06:09:25,987 [java.util.concurrent.ThreadPoolExecutor$Worker@16e94c59[State = -1, empty queue]] WARN  server.GrpcLogAppender (GrpcLogAppender.java:timeoutAppendRequest(200)) - df009476-bbf0-43a2-af41-11b5052a445f@group-9B69FF6C6692->1f61edb1-ab55-473c-8774-d83fa3b21acc-GrpcLogAppender: appendEntries Timeout, request=df009476-bbf0-43a2-af41-11b5052a445f->1f61edb1-ab55-473c-8774-d83fa3b21acc#238-t1, previous=(t:1, i:19), leaderCommit=12, initializing? false, entries: <empty>
2019-09-12 06:09:26,472 [EventQueue-PipelineActionsForPipelineActionHandler] ERROR pipeline.PipelineActionHandler (PipelineActionHandler.java:onMessage(60)) - Received pipeline action CLOSE for Pipeline[ Id: a1966d09-9fc6-4852-85fa-9b69ff6c6692, Nodes: df009476-bbf0-43a2-af41-11b5052a445f{ip: 192.168.34.52, host: trunk-nightly-20190912-4gc2t-2068889165, networkLocation: /default-rack, certSerialId: null}8f5ab14e-21d2-479d-9d33-3cad9b590bd0{ip: 192.168.34.52, host: trunk-nightly-20190912-4gc2t-2068889165, networkLocation: /default-rack, certSerialId: null}1f61edb1-ab55-473c-8774-d83fa3b21acc{ip: 192.168.34.52, host: trunk-nightly-20190912-4gc2t-2068889165, networkLocation: /default-rack, certSerialId: null}, Type:RATIS, Factor:THREE, State:CLOSED] from datanode df009476-bbf0-43a2-af41-11b5052a445f{ip: 192.168.34.52, host: trunk-nightly-20190912-4gc2t-2068889165, networkLocation: /default-rack, certSerialId: null}. Reason : df009476-bbf0-43a2-af41-11b5052a445f has not seen follower/s 1f61edb1-ab55-473c-8774-d83fa3b21acc for 177836ms 8f5ab14e-21d2-479d-9d33-3cad9b590bd0 for 177836ms
2019-09-12 06:09:26,473 [EventQueue-PipelineActionsForPipelineActionHandler] INFO  pipeline.SCMPipelineManager (SCMPipelineManager.java:finalizeAndDestroyPipeline(311)) - destroying pipeline:Pipeline[ Id: a1966d09-9fc6-4852-85fa-9b69ff6c6692, Nodes: df009476-bbf0-43a2-af41-11b5052a445f{ip: 192.168.34.52, host: trunk-nightly-20190912-4gc2t-2068889165, networkLocation: /default-rack, certSerialId: null}8f5ab14e-21d2-479d-9d33-3cad9b590bd0{ip: 192.168.34.52, host: trunk-nightly-20190912-4gc2t-2068889165, networkLocation: /default-rack, certSerialId: null}1f61edb1-ab55-473c-8774-d83fa3b21acc{ip: 192.168.34.52, host: trunk-nightly-20190912-4gc2t-2068889165, networkLocation: /default-rack, certSerialId: null}, Type:RATIS, Factor:THREE, State:CLOSED]
2019-09-12 06:09:27,988 [org.apache.ratis.server.impl.LogAppender$AppenderDaemon$$Lambda$547/1589537345@1cb569b8] ERROR ratis.XceiverServerRatis (XceiverServerRatis.java:triggerPipelineClose(568)) - pipeline Action CLOSE  on pipeline PipelineID=a1966d09-9fc6-4852-85fa-9b69ff6c6692.Reason : df009476-bbf0-43a2-af41-11b5052a445f has not seen follower/s 1f61edb1-ab55-473c-8774-d83fa3b21acc for 180337ms 8f5ab14e-21d2-479d-9d33-3cad9b590bd0 for 180337ms
2019-09-12 06:09:27,988 [org.apache.ratis.server.impl.LogAppender$AppenderDaemon$$Lambda$547/1589537345@753097df] ERROR ratis.XceiverServerRatis (XceiverServerRatis.java:triggerPipelineClose(568)) - pipeline Action CLOSE  on pipeline PipelineID=a1966d09-9fc6-4852-85fa-9b69ff6c6692.Reason : df009476-bbf0-43a2-af41-11b5052a445f has not seen follower/s 1f61edb1-ab55-473c-8774-d83fa3b21acc for 180337ms 8f5ab14e-21d2-479d-9d33-3cad9b590bd0 for 180337ms
2019-09-12 06:09:28,337 [df009476-bbf0-43a2-af41-11b5052a445f@group-9B69FF6C6692-SegmentedRaftLogWorker] WARN  segmented.SegmentedRaftLogWorker (SegmentedRaftLogWorker.java:getFromFuture(90)) - Timeout 17/~
org.apache.ratis.protocol.TimeoutIOException: Timeout 10s: WriteLog:13: (t:1, i:13), STATEMACHINELOGENTRY, client-88DF9C2A5C96, cid=244-writeStateMachineData
	at org.apache.ratis.util.IOUtils.getFromFuture(IOUtils.java:87)
	at org.apache.ratis.server.raftlog.segmented.SegmentedRaftLogWorker$StateMachineDataPolicy.getFromFuture(SegmentedRaftLogWorker.java:87)
	at org.apache.ratis.server.raftlog.segmented.SegmentedRaftLogWorker$WriteLog.execute(SegmentedRaftLogWorker.java:477)
	at org.apache.ratis.server.raftlog.segmented.SegmentedRaftLogWorker.run(SegmentedRaftLogWorker.java:289)
	at java.lang.Thread.run(Thread.java:748)
Caused by: java.util.concurrent.TimeoutException
	at java.util.concurrent.CompletableFuture.timedGet(CompletableFuture.java:1771)
	at java.util.concurrent.CompletableFuture.get(CompletableFuture.java:1915)
	at org.apache.ratis.util.IOUtils.getFromFuture(IOUtils.java:79)
	... 4 more
2019-09-12 06:09:28,379 [8f5ab14e-21d2-479d-9d33-3cad9b590bd0@group-9B69FF6C6692-SegmentedRaftLogWorker] WARN  segmented.SegmentedRaftLogWorker (SegmentedRaftLogWorker.java:getFromFuture(90)) - Timeout 17/~
org.apache.ratis.protocol.TimeoutIOException: Timeout 10s: WriteLog:13: (t:1, i:13), STATEMACHINELOGENTRY, client-88DF9C2A5C96, cid=244-writeStateMachineData
	at org.apache.ratis.util.IOUtils.getFromFuture(IOUtils.java:87)
	at org.apache.ratis.server.raftlog.segmented.SegmentedRaftLogWorker$StateMachineDataPolicy.getFromFuture(SegmentedRaftLogWorker.java:87)
	at org.apache.ratis.server.raftlog.segmented.SegmentedRaftLogWorker$WriteLog.execute(SegmentedRaftLogWorker.java:477)
	at org.apache.ratis.server.raftlog.segmented.SegmentedRaftLogWorker.run(SegmentedRaftLogWorker.java:289)
	at java.lang.Thread.run(Thread.java:748)
Caused by: java.util.concurrent.TimeoutException
	at java.util.concurrent.CompletableFuture.timedGet(CompletableFuture.java:1771)
	at java.util.concurrent.CompletableFuture.get(CompletableFuture.java:1915)
	at org.apache.ratis.util.IOUtils.getFromFuture(IOUtils.java:79)
	... 4 more
2019-09-12 06:09:28,380 [1f61edb1-ab55-473c-8774-d83fa3b21acc@group-9B69FF6C6692-SegmentedRaftLogWorker] WARN  segmented.SegmentedRaftLogWorker (SegmentedRaftLogWorker.java:getFromFuture(90)) - Timeout 17/~
org.apache.ratis.protocol.TimeoutIOException: Timeout 10s: WriteLog:13: (t:1, i:13), STATEMACHINELOGENTRY, client-88DF9C2A5C96, cid=244-writeStateMachineData
	at org.apache.ratis.util.IOUtils.getFromFuture(IOUtils.java:87)
	at org.apache.ratis.server.raftlog.segmented.SegmentedRaftLogWorker$StateMachineDataPolicy.getFromFuture(SegmentedRaftLogWorker.java:87)
	at org.apache.ratis.server.raftlog.segmented.SegmentedRaftLogWorker$WriteLog.execute(SegmentedRaftLogWorker.java:477)
	at org.apache.ratis.server.raftlog.segmented.SegmentedRaftLogWorker.run(SegmentedRaftLogWorker.java:289)
	at java.lang.Thread.run(Thread.java:748)
Caused by: java.util.concurrent.TimeoutException
	at java.util.concurrent.CompletableFuture.timedGet(CompletableFuture.java:1771)
	at java.util.concurrent.CompletableFuture.get(CompletableFuture.java:1915)
	at org.apache.ratis.util.IOUtils.getFromFuture(IOUtils.java:79)
	... 4 more
2019-09-12 06:09:28,472 [EventQueue-PipelineActionsForPipelineActionHandler] ERROR pipeline.PipelineActionHandler (PipelineActionHandler.java:onMessage(60)) - Received pipeline action CLOSE for Pipeline[ Id: a1966d09-9fc6-4852-85fa-9b69ff6c6692, Nodes: df009476-bbf0-43a2-af41-11b5052a445f{ip: 192.168.34.52, host: trunk-nightly-20190912-4gc2t-2068889165, networkLocation: /default-rack, certSerialId: null}8f5ab14e-21d2-479d-9d33-3cad9b590bd0{ip: 192.168.34.52, host: trunk-nightly-20190912-4gc2t-2068889165, networkLocation: /default-rack, certSerialId: null}1f61edb1-ab55-473c-8774-d83fa3b21acc{ip: 192.168.34.52, host: trunk-nightly-20190912-4gc2t-2068889165, networkLocation: /default-rack, certSerialId: null}, Type:RATIS, Factor:THREE, State:CLOSED] from datanode df009476-bbf0-43a2-af41-11b5052a445f{ip: 192.168.34.52, host: trunk-nightly-20190912-4gc2t-2068889165, networkLocation: /default-rack, certSerialId: null}. Reason : df009476-bbf0-43a2-af41-11b5052a445f has not seen follower/s 1f61edb1-ab55-473c-8774-d83fa3b21acc for 180337ms 8f5ab14e-21d2-479d-9d33-3cad9b590bd0 for 180337ms
2019-09-12 06:09:28,473 [EventQueue-PipelineActionsForPipelineActionHandler] INFO  pipeline.SCMPipelineManager (SCMPipelineManager.java:finalizeAndDestroyPipeline(311)) - destroying pipeline:Pipeline[ Id: a1966d09-9fc6-4852-85fa-9b69ff6c6692, Nodes: df009476-bbf0-43a2-af41-11b5052a445f{ip: 192.168.34.52, host: trunk-nightly-20190912-4gc2t-2068889165, networkLocation: /default-rack, certSerialId: null}8f5ab14e-21d2-479d-9d33-3cad9b590bd0{ip: 192.168.34.52, host: trunk-nightly-20190912-4gc2t-2068889165, networkLocation: /default-rack, certSerialId: null}1f61edb1-ab55-473c-8774-d83fa3b21acc{ip: 192.168.34.52, host: trunk-nightly-20190912-4gc2t-2068889165, networkLocation: /default-rack, certSerialId: null}, Type:RATIS, Factor:THREE, State:CLOSED]
2019-09-12 06:09:28,487 [java.util.concurrent.ThreadPoolExecutor$Worker@4d4040a7[State = -1, empty queue]] WARN  server.GrpcLogAppender (GrpcLogAppender.java:timeoutAppendRequest(200)) - df009476-bbf0-43a2-af41-11b5052a445f@group-9B69FF6C6692->8f5ab14e-21d2-479d-9d33-3cad9b590bd0-GrpcLogAppender: appendEntries Timeout, request=df009476-bbf0-43a2-af41-11b5052a445f->8f5ab14e-21d2-479d-9d33-3cad9b590bd0#239-t1, previous=(t:1, i:19), leaderCommit=12, initializing? false, entries: <empty>
2019-09-12 06:09:28,487 [java.util.concurrent.ThreadPoolExecutor$Worker@16e94c59[State = -1, empty queue]] WARN  server.GrpcLogAppender (GrpcLogAppender.java:timeoutAppendRequest(200)) - df009476-bbf0-43a2-af41-11b5052a445f@group-9B69FF6C6692->1f61edb1-ab55-473c-8774-d83fa3b21acc-GrpcLogAppender: appendEntries Timeout, request=df009476-bbf0-43a2-af41-11b5052a445f->1f61edb1-ab55-473c-8774-d83fa3b21acc#239-t1, previous=(t:1, i:19), leaderCommit=12, initializing? false, entries: <empty>
2019-09-12 06:09:29,641 [grpc-default-executor-1] INFO  client.GrpcClientProtocolClient (GrpcClientProtocolClient.java:onNext(264)) - client-88DF9C2A5C96->8f5ab14e-21d2-479d-9d33-3cad9b590bd0: receive RaftClientReply:client-88DF9C2A5C96->8f5ab14e-21d2-479d-9d33-3cad9b590bd0@group-9B69FF6C6692, cid=244, FAILED org.apache.ratis.protocol.NotLeaderException: Server 8f5ab14e-21d2-479d-9d33-3cad9b590bd0@group-9B69FF6C6692 is not the leader df009476-bbf0-43a2-af41-11b5052a445f:192.168.34.52:35732, logIndex=0, commits[8f5ab14e-21d2-479d-9d33-3cad9b590bd0:c12, 1f61edb1-ab55-473c-8774-d83fa3b21acc:c12, df009476-bbf0-43a2-af41-11b5052a445f:c12]
2019-09-12 06:09:30,489 [org.apache.ratis.server.impl.LogAppender$AppenderDaemon$$Lambda$547/1589537345@753097df] ERROR ratis.XceiverServerRatis (XceiverServerRatis.java:triggerPipelineClose(568)) - pipeline Action CLOSE  on pipeline PipelineID=a1966d09-9fc6-4852-85fa-9b69ff6c6692.Reason : df009476-bbf0-43a2-af41-11b5052a445f has not seen follower/s 1f61edb1-ab55-473c-8774-d83fa3b21acc for 182837ms 8f5ab14e-21d2-479d-9d33-3cad9b590bd0 for 182838ms
2019-09-12 06:09:30,489 [org.apache.ratis.server.impl.LogAppender$AppenderDaemon$$Lambda$547/1589537345@1cb569b8] ERROR ratis.XceiverServerRatis (XceiverServerRatis.java:triggerPipelineClose(568)) - pipeline Action CLOSE  on pipeline PipelineID=a1966d09-9fc6-4852-85fa-9b69ff6c6692.Reason : df009476-bbf0-43a2-af41-11b5052a445f has not seen follower/s 1f61edb1-ab55-473c-8774-d83fa3b21acc for 182837ms 8f5ab14e-21d2-479d-9d33-3cad9b590bd0 for 182838ms
2019-09-12 06:09:30,988 [java.util.concurrent.ThreadPoolExecutor$Worker@4d4040a7[State = -1, empty queue]] WARN  server.GrpcLogAppender (GrpcLogAppender.java:timeoutAppendRequest(200)) - df009476-bbf0-43a2-af41-11b5052a445f@group-9B69FF6C6692->8f5ab14e-21d2-479d-9d33-3cad9b590bd0-GrpcLogAppender: appendEntries Timeout, request=df009476-bbf0-43a2-af41-11b5052a445f->8f5ab14e-21d2-479d-9d33-3cad9b590bd0#240-t1, previous=(t:1, i:19), leaderCommit=12, initializing? false, entries: <empty>
2019-09-12 06:09:30,988 [java.util.concurrent.ThreadPoolExecutor$Worker@16e94c59[State = -1, empty queue]] WARN  server.GrpcLogAppender (GrpcLogAppender.java:timeoutAppendRequest(200)) - df009476-bbf0-43a2-af41-11b5052a445f@group-9B69FF6C6692->1f61edb1-ab55-473c-8774-d83fa3b21acc-GrpcLogAppender: appendEntries Timeout, request=df009476-bbf0-43a2-af41-11b5052a445f->1f61edb1-ab55-473c-8774-d83fa3b21acc#240-t1, previous=(t:1, i:19), leaderCommit=12, initializing? false, entries: <empty>
2019-09-12 06:09:31,472 [EventQueue-PipelineActionsForPipelineActionHandler] ERROR pipeline.PipelineActionHandler (PipelineActionHandler.java:onMessage(60)) - Received pipeline action CLOSE for Pipeline[ Id: a1966d09-9fc6-4852-85fa-9b69ff6c6692, Nodes: df009476-bbf0-43a2-af41-11b5052a445f{ip: 192.168.34.52, host: trunk-nightly-20190912-4gc2t-2068889165, networkLocation: /default-rack, certSerialId: null}8f5ab14e-21d2-479d-9d33-3cad9b590bd0{ip: 192.168.34.52, host: trunk-nightly-20190912-4gc2t-2068889165, networkLocation: /default-rack, certSerialId: null}1f61edb1-ab55-473c-8774-d83fa3b21acc{ip: 192.168.34.52, host: trunk-nightly-20190912-4gc2t-2068889165, networkLocation: /default-rack, certSerialId: null}, Type:RATIS, Factor:THREE, State:CLOSED] from datanode df009476-bbf0-43a2-af41-11b5052a445f{ip: 192.168.34.52, host: trunk-nightly-20190912-4gc2t-2068889165, networkLocation: /default-rack, certSerialId: null}. Reason : df009476-bbf0-43a2-af41-11b5052a445f has not seen follower/s 1f61edb1-ab55-473c-8774-d83fa3b21acc for 182837ms 8f5ab14e-21d2-479d-9d33-3cad9b590bd0 for 182838ms
2019-09-12 06:09:31,473 [EventQueue-PipelineActionsForPipelineActionHandler] INFO  pipeline.SCMPipelineManager (SCMPipelineManager.java:finalizeAndDestroyPipeline(311)) - destroying pipeline:Pipeline[ Id: a1966d09-9fc6-4852-85fa-9b69ff6c6692, Nodes: df009476-bbf0-43a2-af41-11b5052a445f{ip: 192.168.34.52, host: trunk-nightly-20190912-4gc2t-2068889165, networkLocation: /default-rack, certSerialId: null}8f5ab14e-21d2-479d-9d33-3cad9b590bd0{ip: 192.168.34.52, host: trunk-nightly-20190912-4gc2t-2068889165, networkLocation: /default-rack, certSerialId: null}1f61edb1-ab55-473c-8774-d83fa3b21acc{ip: 192.168.34.52, host: trunk-nightly-20190912-4gc2t-2068889165, networkLocation: /default-rack, certSerialId: null}, Type:RATIS, Factor:THREE, State:CLOSED]
2019-09-12 06:09:32,990 [org.apache.ratis.server.impl.LogAppender$AppenderDaemon$$Lambda$547/1589537345@753097df] ERROR ratis.XceiverServerRatis (XceiverServerRatis.java:triggerPipelineClose(568)) - pipeline Action CLOSE  on pipeline PipelineID=a1966d09-9fc6-4852-85fa-9b69ff6c6692.Reason : df009476-bbf0-43a2-af41-11b5052a445f has not seen follower/s 1f61edb1-ab55-473c-8774-d83fa3b21acc for 185338ms 8f5ab14e-21d2-479d-9d33-3cad9b590bd0 for 185339ms
2019-09-12 06:09:32,990 [org.apache.ratis.server.impl.LogAppender$AppenderDaemon$$Lambda$547/1589537345@1cb569b8] ERROR ratis.XceiverServerRatis (XceiverServerRatis.java:triggerPipelineClose(568)) - pipeline Action CLOSE  on pipeline PipelineID=a1966d09-9fc6-4852-85fa-9b69ff6c6692.Reason : df009476-bbf0-43a2-af41-11b5052a445f has not seen follower/s 1f61edb1-ab55-473c-8774-d83fa3b21acc for 185338ms 8f5ab14e-21d2-479d-9d33-3cad9b590bd0 for 185339ms
2019-09-12 06:09:33,472 [EventQueue-PipelineActionsForPipelineActionHandler] ERROR pipeline.PipelineActionHandler (PipelineActionHandler.java:onMessage(60)) - Received pipeline action CLOSE for Pipeline[ Id: a1966d09-9fc6-4852-85fa-9b69ff6c6692, Nodes: df009476-bbf0-43a2-af41-11b5052a445f{ip: 192.168.34.52, host: trunk-nightly-20190912-4gc2t-2068889165, networkLocation: /default-rack, certSerialId: null}8f5ab14e-21d2-479d-9d33-3cad9b590bd0{ip: 192.168.34.52, host: trunk-nightly-20190912-4gc2t-2068889165, networkLocation: /default-rack, certSerialId: null}1f61edb1-ab55-473c-8774-d83fa3b21acc{ip: 192.168.34.52, host: trunk-nightly-20190912-4gc2t-2068889165, networkLocation: /default-rack, certSerialId: null}, Type:RATIS, Factor:THREE, State:CLOSED] from datanode df009476-bbf0-43a2-af41-11b5052a445f{ip: 192.168.34.52, host: trunk-nightly-20190912-4gc2t-2068889165, networkLocation: /default-rack, certSerialId: null}. Reason : df009476-bbf0-43a2-af41-11b5052a445f has not seen follower/s 1f61edb1-ab55-473c-8774-d83fa3b21acc for 185338ms 8f5ab14e-21d2-479d-9d33-3cad9b590bd0 for 185339ms
2019-09-12 06:09:33,473 [EventQueue-PipelineActionsForPipelineActionHandler] INFO  pipeline.SCMPipelineManager (SCMPipelineManager.java:finalizeAndDestroyPipeline(311)) - destroying pipeline:Pipeline[ Id: a1966d09-9fc6-4852-85fa-9b69ff6c6692, Nodes: df009476-bbf0-43a2-af41-11b5052a445f{ip: 192.168.34.52, host: trunk-nightly-20190912-4gc2t-2068889165, networkLocation: /default-rack, certSerialId: null}8f5ab14e-21d2-479d-9d33-3cad9b590bd0{ip: 192.168.34.52, host: trunk-nightly-20190912-4gc2t-2068889165, networkLocation: /default-rack, certSerialId: null}1f61edb1-ab55-473c-8774-d83fa3b21acc{ip: 192.168.34.52, host: trunk-nightly-20190912-4gc2t-2068889165, networkLocation: /default-rack, certSerialId: null}, Type:RATIS, Factor:THREE, State:CLOSED]
2019-09-12 06:09:33,489 [java.util.concurrent.ThreadPoolExecutor$Worker@4d4040a7[State = -1, empty queue]] WARN  server.GrpcLogAppender (GrpcLogAppender.java:timeoutAppendRequest(200)) - df009476-bbf0-43a2-af41-11b5052a445f@group-9B69FF6C6692->8f5ab14e-21d2-479d-9d33-3cad9b590bd0-GrpcLogAppender: appendEntries Timeout, request=df009476-bbf0-43a2-af41-11b5052a445f->8f5ab14e-21d2-479d-9d33-3cad9b590bd0#241-t1, previous=(t:1, i:19), leaderCommit=12, initializing? false, entries: <empty>
2019-09-12 06:09:33,491 [java.util.concurrent.ThreadPoolExecutor$Worker@16e94c59[State = -1, empty queue]] WARN  server.GrpcLogAppender (GrpcLogAppender.java:timeoutAppendRequest(200)) - df009476-bbf0-43a2-af41-11b5052a445f@group-9B69FF6C6692->1f61edb1-ab55-473c-8774-d83fa3b21acc-GrpcLogAppender: appendEntries Timeout, request=df009476-bbf0-43a2-af41-11b5052a445f->1f61edb1-ab55-473c-8774-d83fa3b21acc#241-t1, previous=(t:1, i:19), leaderCommit=12, initializing? false, entries: <empty>
2019-09-12 06:09:34,453 [grpc-default-executor-10] INFO  impl.RaftServerProxy (RaftServerProxy.java:remove(95)) - df009476-bbf0-43a2-af41-11b5052a445f: remove    LEADER df009476-bbf0-43a2-af41-11b5052a445f@group-9B69FF6C6692:t1, leader=df009476-bbf0-43a2-af41-11b5052a445f, voted=df009476-bbf0-43a2-af41-11b5052a445f, raftlog=df009476-bbf0-43a2-af41-11b5052a445f@group-9B69FF6C6692-SegmentedRaftLog:OPENED:c12,f12,i19, conf=0: [1f61edb1-ab55-473c-8774-d83fa3b21acc:192.168.34.52:34789, 8f5ab14e-21d2-479d-9d33-3cad9b590bd0:192.168.34.52:37331, df009476-bbf0-43a2-af41-11b5052a445f:192.168.34.52:35732], old=null RUNNING
2019-09-12 06:09:34,453 [grpc-default-executor-10] INFO  impl.RaftServerImpl (RaftServerImpl.java:lambda$shutdown$3(251)) - df009476-bbf0-43a2-af41-11b5052a445f@group-9B69FF6C6692: shutdown
2019-09-12 06:09:34,453 [grpc-default-executor-10] INFO  util.JmxRegister (JmxRegister.java:unregister(73)) - Successfully un-registered JMX Bean with object name Ratis:service=RaftServer,group=group-9B69FF6C6692,id=df009476-bbf0-43a2-af41-11b5052a445f
2019-09-12 06:09:34,454 [grpc-default-executor-10] INFO  impl.RoleInfo (RoleInfo.java:shutdownLeaderState(104)) - df009476-bbf0-43a2-af41-11b5052a445f: shutdown LeaderState
2019-09-12 06:09:34,459 [org.apache.ratis.server.impl.LogAppender$AppenderDaemon$$Lambda$547/1589537345@753097df] WARN  server.GrpcLogAppender (GrpcLogAppender.java:mayWait(143)) - df009476-bbf0-43a2-af41-11b5052a445f@group-9B69FF6C6692->1f61edb1-ab55-473c-8774-d83fa3b21acc-GrpcLogAppender: Wait interrupted by java.lang.InterruptedException
2019-09-12 06:09:34,459 [grpc-default-executor-10] INFO  impl.PendingRequests (PendingRequests.java:sendNotLeaderResponses(202)) - df009476-bbf0-43a2-af41-11b5052a445f-PendingRequests: sendNotLeaderResponses
2019-09-12 06:09:34,459 [org.apache.ratis.server.impl.LogAppender$AppenderDaemon$$Lambda$547/1589537345@1cb569b8] WARN  server.GrpcLogAppender (GrpcLogAppender.java:mayWait(143)) - df009476-bbf0-43a2-af41-11b5052a445f@group-9B69FF6C6692->8f5ab14e-21d2-479d-9d33-3cad9b590bd0-GrpcLogAppender: Wait interrupted by java.lang.InterruptedException
2019-09-12 06:09:34,460 [grpc-default-executor-1] INFO  server.GrpcServerProtocolService (GrpcServerProtocolService.java:onCompleted(113)) - 1f61edb1-ab55-473c-8774-d83fa3b21acc: Completed APPEND_ENTRIES, lastRequest: df009476-bbf0-43a2-af41-11b5052a445f->1f61edb1-ab55-473c-8774-d83fa3b21acc#242-t1, previous=(t:1, i:19), leaderCommit=12, initializing? false, entries: <empty>
2019-09-12 06:09:34,460 [grpc-default-executor-9] INFO  server.GrpcServerProtocolService (GrpcServerProtocolService.java:onCompleted(113)) - 8f5ab14e-21d2-479d-9d33-3cad9b590bd0: Completed APPEND_ENTRIES, lastRequest: df009476-bbf0-43a2-af41-11b5052a445f->8f5ab14e-21d2-479d-9d33-3cad9b590bd0#242-t1, previous=(t:1, i:19), leaderCommit=12, initializing? false, entries: <empty>
2019-09-12 06:09:34,460 [grpc-default-executor-9] INFO  server.GrpcLogAppender (GrpcLogAppender.java:onCompleted(293)) - df009476-bbf0-43a2-af41-11b5052a445f@group-9B69FF6C6692->1f61edb1-ab55-473c-8774-d83fa3b21acc-AppendLogResponseHandler: follower responses appendEntries COMPLETED
2019-09-12 06:09:34,460 [grpc-default-executor-1] INFO  server.GrpcLogAppender (GrpcLogAppender.java:onCompleted(293)) - df009476-bbf0-43a2-af41-11b5052a445f@group-9B69FF6C6692->8f5ab14e-21d2-479d-9d33-3cad9b590bd0-AppendLogResponseHandler: follower responses appendEntries COMPLETED
2019-09-12 06:09:34,461 [grpc-default-executor-9] INFO  impl.FollowerInfo (FollowerInfo.java:lambda$new$0(51)) - df009476-bbf0-43a2-af41-11b5052a445f@group-9B69FF6C6692->1f61edb1-ab55-473c-8774-d83fa3b21acc: nextIndex: updateUnconditionally 20 -> 13
2019-09-12 06:09:34,461 [grpc-default-executor-1] INFO  impl.FollowerInfo (FollowerInfo.java:lambda$new$0(51)) - df009476-bbf0-43a2-af41-11b5052a445f@group-9B69FF6C6692->8f5ab14e-21d2-479d-9d33-3cad9b590bd0: nextIndex: updateUnconditionally 20 -> 13
2019-09-12 06:09:34,464 [grpc-default-executor-10] INFO  impl.StateMachineUpdater (StateMachineUpdater.java:stopAndJoin(125)) - df009476-bbf0-43a2-af41-11b5052a445f@group-9B69FF6C6692-StateMachineUpdater: set stopIndex = 12
2019-09-12 06:09:34,464 [df009476-bbf0-43a2-af41-11b5052a445f@group-9B69FF6C6692-StateMachineUpdater] INFO  ratis.ContainerStateMachine (ContainerStateMachine.java:takeSnapshot(289)) - group-9B69FF6C6692: Taking a snapshot at:(t:1, i:12) file /workdir/hadoop-ozone/integration-test/target/test-dir/MiniOzoneClusterImpl-df7e887f-907b-44f9-9fab-c718128d2034/datanode-6/data/ratis/a1966d09-9fc6-4852-85fa-9b69ff6c6692/sm/snapshot.1_12
2019-09-12 06:09:34,464 [grpc-default-executor-1] WARN  server.GrpcServerProtocolService (LogUtils.java:warn(134)) - 1f61edb1-ab55-473c-8774-d83fa3b21acc: installSnapshot onError, lastRequest: df009476-bbf0-43a2-af41-11b5052a445f->1f61edb1-ab55-473c-8774-d83fa3b21acc#14-t1, previous=(t:1, i:0), leaderCommit=0, initializing? false, entries: <empty>: org.apache.ratis.thirdparty.io.grpc.StatusRuntimeException: CANCELLED: cancelled before receiving half close
2019-09-12 06:09:34,464 [grpc-default-executor-9] WARN  server.GrpcServerProtocolService (LogUtils.java:warn(134)) - 8f5ab14e-21d2-479d-9d33-3cad9b590bd0: installSnapshot onError, lastRequest: df009476-bbf0-43a2-af41-11b5052a445f->8f5ab14e-21d2-479d-9d33-3cad9b590bd0#14-t1, previous=(t:1, i:0), leaderCommit=0, initializing? false, entries: <empty>: org.apache.ratis.thirdparty.io.grpc.StatusRuntimeException: CANCELLED: cancelled before receiving half close
2019-09-12 06:09:34,464 [grpc-default-executor-11] WARN  server.GrpcLogAppender (LogUtils.java:warn(134)) - df009476-bbf0-43a2-af41-11b5052a445f@group-DC26A20B2F90->1f61edb1-ab55-473c-8774-d83fa3b21acc-AppendLogResponseHandler: Failed appendEntries: org.apache.ratis.thirdparty.io.grpc.StatusRuntimeException: UNAVAILABLE: Channel shutdownNow invoked
2019-09-12 06:09:34,464 [grpc-default-executor-12] WARN  server.GrpcLogAppender (LogUtils.java:warn(134)) - df009476-bbf0-43a2-af41-11b5052a445f@group-DC26A20B2F90->8f5ab14e-21d2-479d-9d33-3cad9b590bd0-AppendLogResponseHandler: Failed appendEntries: org.apache.ratis.thirdparty.io.grpc.StatusRuntimeException: UNAVAILABLE: Channel shutdownNow invoked
2019-09-12 06:09:34,465 [grpc-default-executor-11] INFO  impl.FollowerInfo (FollowerInfo.java:lambda$new$0(51)) - df009476-bbf0-43a2-af41-11b5052a445f@group-DC26A20B2F90->1f61edb1-ab55-473c-8774-d83fa3b21acc: nextIndex: updateUnconditionally 1 -> 0
2019-09-12 06:09:34,465 [grpc-default-executor-12] INFO  impl.FollowerInfo (FollowerInfo.java:lambda$new$0(51)) - df009476-bbf0-43a2-af41-11b5052a445f@group-DC26A20B2F90->8f5ab14e-21d2-479d-9d33-3cad9b590bd0: nextIndex: updateUnconditionally 1 -> 0
2019-09-12 06:09:34,477 [df009476-bbf0-43a2-af41-11b5052a445f@group-9B69FF6C6692-StateMachineUpdater] INFO  ratis.ContainerStateMachine (ContainerStateMachine.java:takeSnapshot(300)) - group-9B69FF6C6692: Finished taking a snapshot at:(t:1, i:12) file:/workdir/hadoop-ozone/integration-test/target/test-dir/MiniOzoneClusterImpl-df7e887f-907b-44f9-9fab-c718128d2034/datanode-6/data/ratis/a1966d09-9fc6-4852-85fa-9b69ff6c6692/sm/snapshot.1_12 time:14
2019-09-12 06:09:34,478 [df009476-bbf0-43a2-af41-11b5052a445f@group-9B69FF6C6692-StateMachineUpdater] INFO  impl.StateMachineUpdater (StateMachineUpdater.java:takeSnapshot(258)) - df009476-bbf0-43a2-af41-11b5052a445f@group-9B69FF6C6692-StateMachineUpdater: Took a snapshot at index 12
2019-09-12 06:09:34,478 [df009476-bbf0-43a2-af41-11b5052a445f@group-9B69FF6C6692-StateMachineUpdater] INFO  impl.StateMachineUpdater (StateMachineUpdater.java:lambda$new$0(83)) - df009476-bbf0-43a2-af41-11b5052a445f@group-9B69FF6C6692-StateMachineUpdater: snapshotIndex: updateIncreasingly -1 -> 12
2019-09-12 06:09:34,478 [Command processor thread] ERROR commandhandler.CloseContainerCommandHandler (CloseContainerCommandHandler.java:handle(125)) - Can't close container #9
java.io.IOException: org.apache.ratis.protocol.GroupMismatchException: df009476-bbf0-43a2-af41-11b5052a445f: group-9B69FF6C6692 not found.
	at org.apache.hadoop.ozone.container.common.transport.server.ratis.XceiverServerRatis.submitRequest(XceiverServerRatis.java:495)
	at org.apache.hadoop.ozone.container.common.statemachine.commandhandler.CloseContainerCommandHandler.handle(CloseContainerCommandHandler.java:102)
	at org.apache.hadoop.ozone.container.common.statemachine.commandhandler.CommandDispatcher.handle(CommandDispatcher.java:99)
	at org.apache.hadoop.ozone.container.common.statemachine.DatanodeStateMachine.lambda$initCommandHandlerThread$1(DatanodeStateMachine.java:432)
	at java.lang.Thread.run(Thread.java:748)
Caused by: java.util.concurrent.ExecutionException: org.apache.ratis.protocol.GroupMismatchException: df009476-bbf0-43a2-af41-11b5052a445f: group-9B69FF6C6692 not found.
	at java.util.concurrent.CompletableFuture.reportGet(CompletableFuture.java:357)
	at java.util.concurrent.CompletableFuture.get(CompletableFuture.java:1895)
	at org.apache.hadoop.ozone.container.common.transport.server.ratis.XceiverServerRatis.submitRequest(XceiverServerRatis.java:493)
	... 4 more
Caused by: org.apache.ratis.protocol.GroupMismatchException: df009476-bbf0-43a2-af41-11b5052a445f: group-9B69FF6C6692 not found.
	at org.apache.ratis.server.impl.RaftServerProxy$ImplMap.get(RaftServerProxy.java:122)
	at org.apache.ratis.server.impl.RaftServerProxy.getImplFuture(RaftServerProxy.java:269)
	at org.apache.ratis.server.impl.RaftServerProxy.submitRequest(RaftServerProxy.java:327)
	at org.apache.ratis.server.impl.RaftServerProxy.submitClientRequestAsync(RaftServerProxy.java:333)
	... 5 more
2019-09-12 06:09:34,478 [grpc-default-executor-10] INFO  impl.RaftServerImpl (ServerState.java:close(385)) - df009476-bbf0-43a2-af41-11b5052a445f@group-9B69FF6C6692: closes. applyIndex: 12
2019-09-12 06:09:34,479 [df009476-bbf0-43a2-af41-11b5052a445f@group-9B69FF6C6692-SegmentedRaftLogWorker] ERROR ratis.XceiverServerRatis (XceiverServerRatis.java:triggerPipelineClose(568)) - pipeline Action CLOSE  on pipeline PipelineID=a1966d09-9fc6-4852-85fa-9b69ff6c6692.Reason : WriteLog:13: (t:1, i:13), STATEMACHINELOGENTRY, client-88DF9C2A5C96, cid=244-writeStateMachineData interrupted.
2019-09-12 06:09:34,482 [grpc-default-executor-10] INFO  segmented.SegmentedRaftLogWorker (SegmentedRaftLogWorker.java:close(228)) - df009476-bbf0-43a2-af41-11b5052a445f@group-9B69FF6C6692-SegmentedRaftLogWorker close()
2019-09-12 06:09:34,482 [EventQueue-PipelineActionsForPipelineActionHandler] ERROR pipeline.PipelineActionHandler (PipelineActionHandler.java:onMessage(60)) - Received pipeline action CLOSE for Pipeline[ Id: a1966d09-9fc6-4852-85fa-9b69ff6c6692, Nodes: df009476-bbf0-43a2-af41-11b5052a445f{ip: 192.168.34.52, host: trunk-nightly-20190912-4gc2t-2068889165, networkLocation: /default-rack, certSerialId: null}8f5ab14e-21d2-479d-9d33-3cad9b590bd0{ip: 192.168.34.52, host: trunk-nightly-20190912-4gc2t-2068889165, networkLocation: /default-rack, certSerialId: null}1f61edb1-ab55-473c-8774-d83fa3b21acc{ip: 192.168.34.52, host: trunk-nightly-20190912-4gc2t-2068889165, networkLocation: /default-rack, certSerialId: null}, Type:RATIS, Factor:THREE, State:CLOSED] from datanode df009476-bbf0-43a2-af41-11b5052a445f{ip: 192.168.34.52, host: trunk-nightly-20190912-4gc2t-2068889165, networkLocation: /default-rack, certSerialId: null}. Reason : WriteLog:13: (t:1, i:13), STATEMACHINELOGENTRY, client-88DF9C2A5C96, cid=244-writeStateMachineData interrupted.
2019-09-12 06:09:34,494 [EventQueue-PipelineActionsForPipelineActionHandler] INFO  pipeline.SCMPipelineManager (SCMPipelineManager.java:finalizeAndDestroyPipeline(311)) - destroying pipeline:Pipeline[ Id: a1966d09-9fc6-4852-85fa-9b69ff6c6692, Nodes: df009476-bbf0-43a2-af41-11b5052a445f{ip: 192.168.34.52, host: trunk-nightly-20190912-4gc2t-2068889165, networkLocation: /default-rack, certSerialId: null}8f5ab14e-21d2-479d-9d33-3cad9b590bd0{ip: 192.168.34.52, host: trunk-nightly-20190912-4gc2t-2068889165, networkLocation: /default-rack, certSerialId: null}1f61edb1-ab55-473c-8774-d83fa3b21acc{ip: 192.168.34.52, host: trunk-nightly-20190912-4gc2t-2068889165, networkLocation: /default-rack, certSerialId: null}, Type:RATIS, Factor:THREE, State:CLOSED]
2019-09-12 06:09:34,507 [grpc-default-executor-10] INFO  interfaces.Container (KeyValueContainer.java:flushAndSyncDB(386)) - Container 7 is synced with bcsId 7.
2019-09-12 06:09:34,508 [grpc-default-executor-10] INFO  interfaces.Container (KeyValueContainer.java:flushAndSyncDB(386)) - Container 7 is synced with bcsId 7.
2019-09-12 06:09:34,522 [EventQueue-IncrementalContainerReportForIncrementalContainerReportHandler] INFO  container.IncrementalContainerReportHandler (AbstractContainerReportHandler.java:updateContainerState(169)) - Moving container #7 to QUASI_CLOSED state, datanode df009476-bbf0-43a2-af41-11b5052a445f{ip: 192.168.34.52, host: trunk-nightly-20190912-4gc2t-2068889165, networkLocation: /default-rack, certSerialId: null} reported QUASI_CLOSED replica.
2019-09-12 06:09:34,590 [grpc-default-executor-10] INFO  interfaces.Container (KeyValueContainer.java:flushAndSyncDB(386)) - Container 9 is synced with bcsId 0.
2019-09-12 06:09:34,590 [grpc-default-executor-10] INFO  interfaces.Container (KeyValueContainer.java:flushAndSyncDB(386)) - Container 9 is synced with bcsId 0.
2019-09-12 06:09:34,606 [EventQueue-IncrementalContainerReportForIncrementalContainerReportHandler] INFO  container.IncrementalContainerReportHandler (AbstractContainerReportHandler.java:updateContainerState(169)) - Moving container #9 to QUASI_CLOSED state, datanode df009476-bbf0-43a2-af41-11b5052a445f{ip: 192.168.34.52, host: trunk-nightly-20190912-4gc2t-2068889165, networkLocation: /default-rack, certSerialId: null} reported QUASI_CLOSED replica.
2019-09-12 06:09:34,610 [grpc-default-executor-10] INFO  impl.RaftServerProxy (RaftServerProxy.java:remove(95)) - 8f5ab14e-21d2-479d-9d33-3cad9b590bd0: remove  FOLLOWER 8f5ab14e-21d2-479d-9d33-3cad9b590bd0@group-9B69FF6C6692:t1, leader=df009476-bbf0-43a2-af41-11b5052a445f, voted=df009476-bbf0-43a2-af41-11b5052a445f, raftlog=8f5ab14e-21d2-479d-9d33-3cad9b590bd0@group-9B69FF6C6692-SegmentedRaftLog:OPENED:c12,f12,i19, conf=0: [1f61edb1-ab55-473c-8774-d83fa3b21acc:192.168.34.52:34789, 8f5ab14e-21d2-479d-9d33-3cad9b590bd0:192.168.34.52:37331, df009476-bbf0-43a2-af41-11b5052a445f:192.168.34.52:35732], old=null RUNNING
2019-09-12 06:09:34,610 [grpc-default-executor-10] INFO  impl.RaftServerImpl (RaftServerImpl.java:lambda$shutdown$3(251)) - 8f5ab14e-21d2-479d-9d33-3cad9b590bd0@group-9B69FF6C6692: shutdown
2019-09-12 06:09:34,610 [grpc-default-executor-10] INFO  util.JmxRegister (JmxRegister.java:unregister(73)) - Successfully un-registered JMX Bean with object name Ratis:service=RaftServer,group=group-9B69FF6C6692,id=8f5ab14e-21d2-479d-9d33-3cad9b590bd0
2019-09-12 06:09:34,610 [grpc-default-executor-10] INFO  impl.RoleInfo (RoleInfo.java:shutdownFollowerState(121)) - 8f5ab14e-21d2-479d-9d33-3cad9b590bd0: shutdown FollowerState
2019-09-12 06:09:34,611 [grpc-default-executor-10] INFO  impl.StateMachineUpdater (StateMachineUpdater.java:stopAndJoin(125)) - 8f5ab14e-21d2-479d-9d33-3cad9b590bd0@group-9B69FF6C6692-StateMachineUpdater: set stopIndex = 12
2019-09-12 06:09:34,611 [8f5ab14e-21d2-479d-9d33-3cad9b590bd0@group-9B69FF6C6692-StateMachineUpdater] INFO  ratis.ContainerStateMachine (ContainerStateMachine.java:takeSnapshot(289)) - group-9B69FF6C6692: Taking a snapshot at:(t:1, i:7) file /workdir/hadoop-ozone/integration-test/target/test-dir/MiniOzoneClusterImpl-df7e887f-907b-44f9-9fab-c718128d2034/datanode-1/data/ratis/a1966d09-9fc6-4852-85fa-9b69ff6c6692/sm/snapshot.1_7
2019-09-12 06:09:34,611 [Thread-855] INFO  impl.FollowerState (FollowerState.java:run(115)) - 8f5ab14e-21d2-479d-9d33-3cad9b590bd0: FollowerState was interrupted: java.lang.InterruptedException: sleep interrupted
2019-09-12 06:09:34,623 [8f5ab14e-21d2-479d-9d33-3cad9b590bd0@group-9B69FF6C6692-StateMachineUpdater] INFO  ratis.ContainerStateMachine (ContainerStateMachine.java:takeSnapshot(300)) - group-9B69FF6C6692: Finished taking a snapshot at:(t:1, i:7) file:/workdir/hadoop-ozone/integration-test/target/test-dir/MiniOzoneClusterImpl-df7e887f-907b-44f9-9fab-c718128d2034/datanode-1/data/ratis/a1966d09-9fc6-4852-85fa-9b69ff6c6692/sm/snapshot.1_7 time:13
2019-09-12 06:09:34,623 [8f5ab14e-21d2-479d-9d33-3cad9b590bd0@group-9B69FF6C6692-StateMachineUpdater] INFO  impl.StateMachineUpdater (StateMachineUpdater.java:takeSnapshot(258)) - 8f5ab14e-21d2-479d-9d33-3cad9b590bd0@group-9B69FF6C6692-StateMachineUpdater: Took a snapshot at index 7
2019-09-12 06:09:34,623 [8f5ab14e-21d2-479d-9d33-3cad9b590bd0@group-9B69FF6C6692-StateMachineUpdater] INFO  impl.StateMachineUpdater (StateMachineUpdater.java:lambda$new$0(83)) - 8f5ab14e-21d2-479d-9d33-3cad9b590bd0@group-9B69FF6C6692-StateMachineUpdater: snapshotIndex: updateIncreasingly -1 -> 7
2019-09-12 06:09:34,624 [8f5ab14e-21d2-479d-9d33-3cad9b590bd0@group-9B69FF6C6692-StateMachineUpdater] INFO  ratis.ContainerStateMachine (ContainerStateMachine.java:takeSnapshot(289)) - group-9B69FF6C6692: Taking a snapshot at:(t:1, i:7) file /workdir/hadoop-ozone/integration-test/target/test-dir/MiniOzoneClusterImpl-df7e887f-907b-44f9-9fab-c718128d2034/datanode-1/data/ratis/a1966d09-9fc6-4852-85fa-9b69ff6c6692/sm/snapshot.1_7
2019-09-12 06:09:34,626 [8f5ab14e-21d2-479d-9d33-3cad9b590bd0@group-9B69FF6C6692-StateMachineUpdater] INFO  ratis.ContainerStateMachine (ContainerStateMachine.java:takeSnapshot(300)) - group-9B69FF6C6692: Finished taking a snapshot at:(t:1, i:7) file:/workdir/hadoop-ozone/integration-test/target/test-dir/MiniOzoneClusterImpl-df7e887f-907b-44f9-9fab-c718128d2034/datanode-1/data/ratis/a1966d09-9fc6-4852-85fa-9b69ff6c6692/sm/snapshot.1_7 time:2
2019-09-12 06:09:34,626 [8f5ab14e-21d2-479d-9d33-3cad9b590bd0@group-9B69FF6C6692-StateMachineUpdater] INFO  impl.StateMachineUpdater (StateMachineUpdater.java:takeSnapshot(258)) - 8f5ab14e-21d2-479d-9d33-3cad9b590bd0@group-9B69FF6C6692-StateMachineUpdater: Took a snapshot at index 7
2019-09-12 06:09:34,626 [8f5ab14e-21d2-479d-9d33-3cad9b590bd0@group-9B69FF6C6692-StateMachineUpdater] INFO  impl.StateMachineUpdater (StateMachineUpdater.java:lambda$new$0(83)) - 8f5ab14e-21d2-479d-9d33-3cad9b590bd0@group-9B69FF6C6692-StateMachineUpdater: snapshotIndex: updateIncreasingly 7 -> 7
2019-09-12 06:09:34,626 [grpc-default-executor-10] INFO  impl.RaftServerImpl (ServerState.java:close(385)) - 8f5ab14e-21d2-479d-9d33-3cad9b590bd0@group-9B69FF6C6692: closes. applyIndex: 12
2019-09-12 06:09:34,627 [8f5ab14e-21d2-479d-9d33-3cad9b590bd0@group-9B69FF6C6692-SegmentedRaftLogWorker] ERROR ratis.XceiverServerRatis (XceiverServerRatis.java:triggerPipelineClose(568)) - pipeline Action CLOSE  on pipeline PipelineID=a1966d09-9fc6-4852-85fa-9b69ff6c6692.Reason : WriteLog:13: (t:1, i:13), STATEMACHINELOGENTRY, client-88DF9C2A5C96, cid=244-writeStateMachineData interrupted.
2019-09-12 06:09:34,628 [grpc-default-executor-10] INFO  segmented.SegmentedRaftLogWorker (SegmentedRaftLogWorker.java:close(228)) - 8f5ab14e-21d2-479d-9d33-3cad9b590bd0@group-9B69FF6C6692-SegmentedRaftLogWorker close()
2019-09-12 06:09:34,628 [EventQueue-PipelineActionsForPipelineActionHandler] ERROR pipeline.PipelineActionHandler (PipelineActionHandler.java:onMessage(60)) - Received pipeline action CLOSE for Pipeline[ Id: a1966d09-9fc6-4852-85fa-9b69ff6c6692, Nodes: df009476-bbf0-43a2-af41-11b5052a445f{ip: 192.168.34.52, host: trunk-nightly-20190912-4gc2t-2068889165, networkLocation: /default-rack, certSerialId: null}8f5ab14e-21d2-479d-9d33-3cad9b590bd0{ip: 192.168.34.52, host: trunk-nightly-20190912-4gc2t-2068889165, networkLocation: /default-rack, certSerialId: null}1f61edb1-ab55-473c-8774-d83fa3b21acc{ip: 192.168.34.52, host: trunk-nightly-20190912-4gc2t-2068889165, networkLocation: /default-rack, certSerialId: null}, Type:RATIS, Factor:THREE, State:CLOSED] from datanode 8f5ab14e-21d2-479d-9d33-3cad9b590bd0{ip: 192.168.34.52, host: trunk-nightly-20190912-4gc2t-2068889165, networkLocation: /default-rack, certSerialId: null}. Reason : WriteLog:13: (t:1, i:13), STATEMACHINELOGENTRY, client-88DF9C2A5C96, cid=244-writeStateMachineData interrupted.
2019-09-12 06:09:34,631 [EventQueue-PipelineActionsForPipelineActionHandler] INFO  pipeline.SCMPipelineManager (SCMPipelineManager.java:finalizeAndDestroyPipeline(311)) - destroying pipeline:Pipeline[ Id: a1966d09-9fc6-4852-85fa-9b69ff6c6692, Nodes: df009476-bbf0-43a2-af41-11b5052a445f{ip: 192.168.34.52, host: trunk-nightly-20190912-4gc2t-2068889165, networkLocation: /default-rack, certSerialId: null}8f5ab14e-21d2-479d-9d33-3cad9b590bd0{ip: 192.168.34.52, host: trunk-nightly-20190912-4gc2t-2068889165, networkLocation: /default-rack, certSerialId: null}1f61edb1-ab55-473c-8774-d83fa3b21acc{ip: 192.168.34.52, host: trunk-nightly-20190912-4gc2t-2068889165, networkLocation: /default-rack, certSerialId: null}, Type:RATIS, Factor:THREE, State:CLOSED]
2019-09-12 06:09:34,635 [grpc-default-executor-10] INFO  interfaces.Container (KeyValueContainer.java:flushAndSyncDB(386)) - Container 7 is synced with bcsId 7.
2019-09-12 06:09:34,635 [grpc-default-executor-10] INFO  interfaces.Container (KeyValueContainer.java:flushAndSyncDB(386)) - Container 7 is synced with bcsId 7.
2019-09-12 06:09:34,673 [grpc-default-executor-1] INFO  client.GrpcClientProtocolClient (GrpcClientProtocolClient.java:onNext(264)) - client-88DF9C2A5C96->1f61edb1-ab55-473c-8774-d83fa3b21acc: receive RaftClientReply:client-88DF9C2A5C96->1f61edb1-ab55-473c-8774-d83fa3b21acc@group-9B69FF6C6692, cid=244, FAILED org.apache.ratis.protocol.NotLeaderException: Server 1f61edb1-ab55-473c-8774-d83fa3b21acc@group-9B69FF6C6692 is not the leader df009476-bbf0-43a2-af41-11b5052a445f:192.168.34.52:35732, logIndex=0, commits[1f61edb1-ab55-473c-8774-d83fa3b21acc:c12, 8f5ab14e-21d2-479d-9d33-3cad9b590bd0:c12, df009476-bbf0-43a2-af41-11b5052a445f:c12]
2019-09-12 06:09:34,695 [grpc-default-executor-10] INFO  interfaces.Container (KeyValueContainer.java:flushAndSyncDB(386)) - Container 9 is synced with bcsId 0.
2019-09-12 06:09:34,696 [main] WARN  io.KeyOutputStream (KeyOutputStream.java:handleException(276)) - Encountered exception java.io.IOException: Unexpected Storage Container Exception: java.util.concurrent.CompletionException: java.util.concurrent.CompletionException: org.apache.ratis.protocol.GroupMismatchException: df009476-bbf0-43a2-af41-11b5052a445f: group-9B69FF6C6692 not found. on the pipeline Pipeline[ Id: a1966d09-9fc6-4852-85fa-9b69ff6c6692, Nodes: df009476-bbf0-43a2-af41-11b5052a445f{ip: 192.168.34.52, host: trunk-nightly-20190912-4gc2t-2068889165, networkLocation: /default-rack, certSerialId: null}8f5ab14e-21d2-479d-9d33-3cad9b590bd0{ip: 192.168.34.52, host: trunk-nightly-20190912-4gc2t-2068889165, networkLocation: /default-rack, certSerialId: null}1f61edb1-ab55-473c-8774-d83fa3b21acc{ip: 192.168.34.52, host: trunk-nightly-20190912-4gc2t-2068889165, networkLocation: /default-rack, certSerialId: null}, Type:RATIS, Factor:THREE, State:OPEN]. The last committed block length is 0, uncommitted data length is 400 retry count 0
2019-09-12 06:09:34,696 [grpc-default-executor-10] INFO  interfaces.Container (KeyValueContainer.java:flushAndSyncDB(386)) - Container 9 is synced with bcsId 0.
2019-09-12 06:09:34,726 [grpc-default-executor-10] INFO  impl.RaftServerProxy (RaftServerProxy.java:remove(95)) - 1f61edb1-ab55-473c-8774-d83fa3b21acc: remove  FOLLOWER 1f61edb1-ab55-473c-8774-d83fa3b21acc@group-9B69FF6C6692:t1, leader=df009476-bbf0-43a2-af41-11b5052a445f, voted=df009476-bbf0-43a2-af41-11b5052a445f, raftlog=1f61edb1-ab55-473c-8774-d83fa3b21acc@group-9B69FF6C6692-SegmentedRaftLog:OPENED:c12,f12,i19, conf=0: [1f61edb1-ab55-473c-8774-d83fa3b21acc:192.168.34.52:34789, 8f5ab14e-21d2-479d-9d33-3cad9b590bd0:192.168.34.52:37331, df009476-bbf0-43a2-af41-11b5052a445f:192.168.34.52:35732], old=null RUNNING
2019-09-12 06:09:34,726 [grpc-default-executor-10] INFO  impl.RaftServerImpl (RaftServerImpl.java:lambda$shutdown$3(251)) - 1f61edb1-ab55-473c-8774-d83fa3b21acc@group-9B69FF6C6692: shutdown
2019-09-12 06:09:34,726 [grpc-default-executor-10] INFO  util.JmxRegister (JmxRegister.java:unregister(73)) - Successfully un-registered JMX Bean with object name Ratis:service=RaftServer,group=group-9B69FF6C6692,id=1f61edb1-ab55-473c-8774-d83fa3b21acc
2019-09-12 06:09:34,726 [grpc-default-executor-10] INFO  impl.RoleInfo (RoleInfo.java:shutdownFollowerState(121)) - 1f61edb1-ab55-473c-8774-d83fa3b21acc: shutdown FollowerState
2019-09-12 06:09:34,726 [grpc-default-executor-10] INFO  impl.StateMachineUpdater (StateMachineUpdater.java:stopAndJoin(125)) - 1f61edb1-ab55-473c-8774-d83fa3b21acc@group-9B69FF6C6692-StateMachineUpdater: set stopIndex = 12
2019-09-12 06:09:34,726 [Thread-856] INFO  impl.FollowerState (FollowerState.java:run(115)) - 1f61edb1-ab55-473c-8774-d83fa3b21acc: FollowerState was interrupted: java.lang.InterruptedException: sleep interrupted
2019-09-12 06:09:34,726 [1f61edb1-ab55-473c-8774-d83fa3b21acc@group-9B69FF6C6692-StateMachineUpdater] INFO  ratis.ContainerStateMachine (ContainerStateMachine.java:takeSnapshot(289)) - group-9B69FF6C6692: Taking a snapshot at:(t:1, i:7) file /workdir/hadoop-ozone/integration-test/target/test-dir/MiniOzoneClusterImpl-df7e887f-907b-44f9-9fab-c718128d2034/datanode-3/data/ratis/a1966d09-9fc6-4852-85fa-9b69ff6c6692/sm/snapshot.1_7
2019-09-12 06:09:34,730 [1f61edb1-ab55-473c-8774-d83fa3b21acc@group-9B69FF6C6692-StateMachineUpdater] INFO  ratis.ContainerStateMachine (ContainerStateMachine.java:takeSnapshot(300)) - group-9B69FF6C6692: Finished taking a snapshot at:(t:1, i:7) file:/workdir/hadoop-ozone/integration-test/target/test-dir/MiniOzoneClusterImpl-df7e887f-907b-44f9-9fab-c718128d2034/datanode-3/data/ratis/a1966d09-9fc6-4852-85fa-9b69ff6c6692/sm/snapshot.1_7 time:4
2019-09-12 06:09:34,730 [1f61edb1-ab55-473c-8774-d83fa3b21acc@group-9B69FF6C6692-StateMachineUpdater] INFO  impl.StateMachineUpdater (StateMachineUpdater.java:takeSnapshot(258)) - 1f61edb1-ab55-473c-8774-d83fa3b21acc@group-9B69FF6C6692-StateMachineUpdater: Took a snapshot at index 7
2019-09-12 06:09:34,731 [1f61edb1-ab55-473c-8774-d83fa3b21acc@group-9B69FF6C6692-StateMachineUpdater] INFO  impl.StateMachineUpdater (StateMachineUpdater.java:lambda$new$0(83)) - 1f61edb1-ab55-473c-8774-d83fa3b21acc@group-9B69FF6C6692-StateMachineUpdater: snapshotIndex: updateIncreasingly -1 -> 7
2019-09-12 06:09:34,731 [1f61edb1-ab55-473c-8774-d83fa3b21acc@group-9B69FF6C6692-StateMachineUpdater] INFO  ratis.ContainerStateMachine (ContainerStateMachine.java:takeSnapshot(289)) - group-9B69FF6C6692: Taking a snapshot at:(t:1, i:7) file /workdir/hadoop-ozone/integration-test/target/test-dir/MiniOzoneClusterImpl-df7e887f-907b-44f9-9fab-c718128d2034/datanode-3/data/ratis/a1966d09-9fc6-4852-85fa-9b69ff6c6692/sm/snapshot.1_7
2019-09-12 06:09:34,754 [1f61edb1-ab55-473c-8774-d83fa3b21acc@group-9B69FF6C6692-StateMachineUpdater] INFO  ratis.ContainerStateMachine (ContainerStateMachine.java:takeSnapshot(300)) - group-9B69FF6C6692: Finished taking a snapshot at:(t:1, i:7) file:/workdir/hadoop-ozone/integration-test/target/test-dir/MiniOzoneClusterImpl-df7e887f-907b-44f9-9fab-c718128d2034/datanode-3/data/ratis/a1966d09-9fc6-4852-85fa-9b69ff6c6692/sm/snapshot.1_7 time:23
2019-09-12 06:09:34,754 [1f61edb1-ab55-473c-8774-d83fa3b21acc@group-9B69FF6C6692-StateMachineUpdater] INFO  impl.StateMachineUpdater (StateMachineUpdater.java:takeSnapshot(258)) - 1f61edb1-ab55-473c-8774-d83fa3b21acc@group-9B69FF6C6692-StateMachineUpdater: Took a snapshot at index 7
2019-09-12 06:09:34,754 [1f61edb1-ab55-473c-8774-d83fa3b21acc@group-9B69FF6C6692-StateMachineUpdater] INFO  impl.StateMachineUpdater (StateMachineUpdater.java:lambda$new$0(83)) - 1f61edb1-ab55-473c-8774-d83fa3b21acc@group-9B69FF6C6692-StateMachineUpdater: snapshotIndex: updateIncreasingly 7 -> 7
2019-09-12 06:09:34,754 [grpc-default-executor-10] INFO  impl.RaftServerImpl (ServerState.java:close(385)) - 1f61edb1-ab55-473c-8774-d83fa3b21acc@group-9B69FF6C6692: closes. applyIndex: 12
2019-09-12 06:09:34,755 [1f61edb1-ab55-473c-8774-d83fa3b21acc@group-9B69FF6C6692-SegmentedRaftLogWorker] ERROR ratis.XceiverServerRatis (XceiverServerRatis.java:triggerPipelineClose(568)) - pipeline Action CLOSE  on pipeline PipelineID=a1966d09-9fc6-4852-85fa-9b69ff6c6692.Reason : WriteLog:13: (t:1, i:13), STATEMACHINELOGENTRY, client-88DF9C2A5C96, cid=244-writeStateMachineData interrupted.
2019-09-12 06:09:34,755 [grpc-default-executor-10] INFO  segmented.SegmentedRaftLogWorker (SegmentedRaftLogWorker.java:close(228)) - 1f61edb1-ab55-473c-8774-d83fa3b21acc@group-9B69FF6C6692-SegmentedRaftLogWorker close()
2019-09-12 06:09:34,755 [EventQueue-PipelineActionsForPipelineActionHandler] ERROR pipeline.PipelineActionHandler (PipelineActionHandler.java:onMessage(60)) - Received pipeline action CLOSE for Pipeline[ Id: a1966d09-9fc6-4852-85fa-9b69ff6c6692, Nodes: df009476-bbf0-43a2-af41-11b5052a445f{ip: 192.168.34.52, host: trunk-nightly-20190912-4gc2t-2068889165, networkLocation: /default-rack, certSerialId: null}8f5ab14e-21d2-479d-9d33-3cad9b590bd0{ip: 192.168.34.52, host: trunk-nightly-20190912-4gc2t-2068889165, networkLocation: /default-rack, certSerialId: null}1f61edb1-ab55-473c-8774-d83fa3b21acc{ip: 192.168.34.52, host: trunk-nightly-20190912-4gc2t-2068889165, networkLocation: /default-rack, certSerialId: null}, Type:RATIS, Factor:THREE, State:CLOSED] from datanode 1f61edb1-ab55-473c-8774-d83fa3b21acc{ip: 192.168.34.52, host: trunk-nightly-20190912-4gc2t-2068889165, networkLocation: /default-rack, certSerialId: null}. Reason : WriteLog:13: (t:1, i:13), STATEMACHINELOGENTRY, client-88DF9C2A5C96, cid=244-writeStateMachineData interrupted.
2019-09-12 06:09:34,758 [EventQueue-PipelineActionsForPipelineActionHandler] INFO  pipeline.SCMPipelineManager (SCMPipelineManager.java:finalizeAndDestroyPipeline(311)) - destroying pipeline:Pipeline[ Id: a1966d09-9fc6-4852-85fa-9b69ff6c6692, Nodes: df009476-bbf0-43a2-af41-11b5052a445f{ip: 192.168.34.52, host: trunk-nightly-20190912-4gc2t-2068889165, networkLocation: /default-rack, certSerialId: null}8f5ab14e-21d2-479d-9d33-3cad9b590bd0{ip: 192.168.34.52, host: trunk-nightly-20190912-4gc2t-2068889165, networkLocation: /default-rack, certSerialId: null}1f61edb1-ab55-473c-8774-d83fa3b21acc{ip: 192.168.34.52, host: trunk-nightly-20190912-4gc2t-2068889165, networkLocation: /default-rack, certSerialId: null}, Type:RATIS, Factor:THREE, State:CLOSED]
2019-09-12 06:09:34,774 [grpc-default-executor-10] INFO  interfaces.Container (KeyValueContainer.java:flushAndSyncDB(386)) - Container 7 is synced with bcsId 7.
2019-09-12 06:09:34,774 [grpc-default-executor-10] INFO  interfaces.Container (KeyValueContainer.java:flushAndSyncDB(386)) - Container 7 is synced with bcsId 7.
2019-09-12 06:09:34,854 [grpc-default-executor-10] INFO  interfaces.Container (KeyValueContainer.java:flushAndSyncDB(386)) - Container 9 is synced with bcsId 0.
2019-09-12 06:09:34,854 [grpc-default-executor-10] INFO  interfaces.Container (KeyValueContainer.java:flushAndSyncDB(386)) - Container 9 is synced with bcsId 0.
2019-09-12 06:09:34,870 [RatisPipelineUtilsThread] INFO  pipeline.PipelineStateManager (PipelineStateManager.java:removePipeline(108)) - Pipeline Pipeline[ Id: a1966d09-9fc6-4852-85fa-9b69ff6c6692, Nodes: df009476-bbf0-43a2-af41-11b5052a445f{ip: 192.168.34.52, host: trunk-nightly-20190912-4gc2t-2068889165, networkLocation: /default-rack, certSerialId: null}8f5ab14e-21d2-479d-9d33-3cad9b590bd0{ip: 192.168.34.52, host: trunk-nightly-20190912-4gc2t-2068889165, networkLocation: /default-rack, certSerialId: null}1f61edb1-ab55-473c-8774-d83fa3b21acc{ip: 192.168.34.52, host: trunk-nightly-20190912-4gc2t-2068889165, networkLocation: /default-rack, certSerialId: null}, Type:RATIS, Factor:THREE, State:CLOSED] removed from db
2019-09-12 06:09:34,888 [grpc-default-executor-10] INFO  client.GrpcClientProtocolClient (GrpcClientProtocolClient.java:onNext(264)) - client-4E1AE5CEBA02->63029d58-985e-44b6-b8f1-28f19ea5ad76: receive RaftClientReply:client-4E1AE5CEBA02->63029d58-985e-44b6-b8f1-28f19ea5ad76@group-E459C0A50C8F, cid=337, SUCCESS, logIndex=5, commits[63029d58-985e-44b6-b8f1-28f19ea5ad76:c5, 300524ac-6f40-4001-8852-e3bc017e7a2d:c4, e419d203-ae84-45b4-a349-326cccf7322d:c4]
2019-09-12 06:09:34,921 [grpc-default-executor-12] INFO  client.GrpcClientProtocolClient (GrpcClientProtocolClient.java:onNext(264)) - client-4E1AE5CEBA02->63029d58-985e-44b6-b8f1-28f19ea5ad76: receive RaftClientReply:client-4E1AE5CEBA02->63029d58-985e-44b6-b8f1-28f19ea5ad76@group-E459C0A50C8F, cid=338, SUCCESS, logIndex=7, commits[63029d58-985e-44b6-b8f1-28f19ea5ad76:c8, 300524ac-6f40-4001-8852-e3bc017e7a2d:c6, e419d203-ae84-45b4-a349-326cccf7322d:c6]
2019-09-12 06:09:34,969 [grpc-default-executor-12] INFO  client.GrpcClientProtocolClient (GrpcClientProtocolClient.java:onNext(264)) - client-4E1AE5CEBA02->63029d58-985e-44b6-b8f1-28f19ea5ad76: receive RaftClientReply:client-4E1AE5CEBA02->63029d58-985e-44b6-b8f1-28f19ea5ad76@group-E459C0A50C8F, cid=339, SUCCESS, logIndex=8, commits[63029d58-985e-44b6-b8f1-28f19ea5ad76:c16, 300524ac-6f40-4001-8852-e3bc017e7a2d:c11, e419d203-ae84-45b4-a349-326cccf7322d:c11]
2019-09-12 06:09:34,970 [grpc-default-executor-12] INFO  client.GrpcClientProtocolClient (GrpcClientProtocolClient.java:onNext(264)) - client-4E1AE5CEBA02->63029d58-985e-44b6-b8f1-28f19ea5ad76: receive RaftClientReply:client-4E1AE5CEBA02->63029d58-985e-44b6-b8f1-28f19ea5ad76@group-E459C0A50C8F, cid=340, SUCCESS, logIndex=9, commits[63029d58-985e-44b6-b8f1-28f19ea5ad76:c16, 300524ac-6f40-4001-8852-e3bc017e7a2d:c11, e419d203-ae84-45b4-a349-326cccf7322d:c11]
2019-09-12 06:09:34,970 [grpc-default-executor-12] INFO  client.GrpcClientProtocolClient (GrpcClientProtocolClient.java:onNext(264)) - client-4E1AE5CEBA02->63029d58-985e-44b6-b8f1-28f19ea5ad76: receive RaftClientReply:client-4E1AE5CEBA02->63029d58-985e-44b6-b8f1-28f19ea5ad76@group-E459C0A50C8F, cid=341, SUCCESS, logIndex=10, commits[63029d58-985e-44b6-b8f1-28f19ea5ad76:c16, 300524ac-6f40-4001-8852-e3bc017e7a2d:c11, e419d203-ae84-45b4-a349-326cccf7322d:c11]
2019-09-12 06:09:35,078 [grpc-default-executor-12] INFO  client.GrpcClientProtocolClient (GrpcClientProtocolClient.java:onNext(264)) - client-4E1AE5CEBA02->63029d58-985e-44b6-b8f1-28f19ea5ad76: receive RaftClientReply:client-4E1AE5CEBA02->63029d58-985e-44b6-b8f1-28f19ea5ad76@group-E459C0A50C8F, cid=342, SUCCESS, logIndex=11, commits[63029d58-985e-44b6-b8f1-28f19ea5ad76:c16, 300524ac-6f40-4001-8852-e3bc017e7a2d:c11, e419d203-ae84-45b4-a349-326cccf7322d:c11]
]]></system-out>
    <system-err><![CDATA[Sep 12, 2019 6:09:34 AM org.apache.ratis.thirdparty.io.grpc.internal.SerializingExecutor run
SEVERE: Exception while executing runnable org.apache.ratis.thirdparty.io.grpc.internal.ServerImpl$JumpToApplicationThreadServerStreamListener$1Closed@1d6f2250
org.apache.ratis.thirdparty.io.grpc.StatusRuntimeException: CANCELLED: call already cancelled
	at org.apache.ratis.thirdparty.io.grpc.Status.asRuntimeException(Status.java:517)
	at org.apache.ratis.thirdparty.io.grpc.stub.ServerCalls$ServerCallStreamObserverImpl.onCompleted(ServerCalls.java:356)
	at org.apache.ratis.grpc.server.GrpcServerProtocolService$ServerRequestStreamObserver.onError(GrpcServerProtocolService.java:121)
	at org.apache.ratis.thirdparty.io.grpc.stub.ServerCalls$StreamingServerCallHandler$StreamingServerCallListener.onCancel(ServerCalls.java:269)
	at org.apache.ratis.thirdparty.io.grpc.internal.ServerCallImpl$ServerStreamListenerImpl.closed(ServerCallImpl.java:293)
	at org.apache.ratis.thirdparty.io.grpc.internal.ServerImpl$JumpToApplicationThreadServerStreamListener$1Closed.runInContext(ServerImpl.java:741)
	at org.apache.ratis.thirdparty.io.grpc.internal.ContextRunnable.run(ContextRunnable.java:37)
	at org.apache.ratis.thirdparty.io.grpc.internal.SerializingExecutor.run(SerializingExecutor.java:123)
	at java.util.concurrent.ThreadPoolExecutor.runWorker(ThreadPoolExecutor.java:1149)
	at java.util.concurrent.ThreadPoolExecutor$Worker.run(ThreadPoolExecutor.java:624)
	at java.lang.Thread.run(Thread.java:748)

Sep 12, 2019 6:09:34 AM org.apache.ratis.thirdparty.io.grpc.internal.SerializingExecutor run
SEVERE: Exception while executing runnable org.apache.ratis.thirdparty.io.grpc.internal.ServerImpl$JumpToApplicationThreadServerStreamListener$1Closed@31b0778a
org.apache.ratis.thirdparty.io.grpc.StatusRuntimeException: CANCELLED: call already cancelled
	at org.apache.ratis.thirdparty.io.grpc.Status.asRuntimeException(Status.java:517)
	at org.apache.ratis.thirdparty.io.grpc.stub.ServerCalls$ServerCallStreamObserverImpl.onCompleted(ServerCalls.java:356)
	at org.apache.ratis.grpc.server.GrpcServerProtocolService$ServerRequestStreamObserver.onError(GrpcServerProtocolService.java:121)
	at org.apache.ratis.thirdparty.io.grpc.stub.ServerCalls$StreamingServerCallHandler$StreamingServerCallListener.onCancel(ServerCalls.java:269)
	at org.apache.ratis.thirdparty.io.grpc.internal.ServerCallImpl$ServerStreamListenerImpl.closed(ServerCallImpl.java:293)
	at org.apache.ratis.thirdparty.io.grpc.internal.ServerImpl$JumpToApplicationThreadServerStreamListener$1Closed.runInContext(ServerImpl.java:741)
	at org.apache.ratis.thirdparty.io.grpc.internal.ContextRunnable.run(ContextRunnable.java:37)
	at org.apache.ratis.thirdparty.io.grpc.internal.SerializingExecutor.run(SerializingExecutor.java:123)
	at java.util.concurrent.ThreadPoolExecutor.runWorker(ThreadPoolExecutor.java:1149)
	at java.util.concurrent.ThreadPoolExecutor$Worker.run(ThreadPoolExecutor.java:624)
	at java.lang.Thread.run(Thread.java:748)

]]></system-err>
  </testcase>
</testsuite>