<?xml version="1.0" encoding="UTF-8"?>
<testsuite xmlns:xsi="http://www.w3.org/2001/XMLSchema-instance" xsi:noNamespaceSchemaLocation="https://maven.apache.org/surefire/maven-surefire-plugin/xsd/surefire-test-report.xsd" name="org.apache.hadoop.hdds.scm.pipeline.TestRatisPipelineCreateAndDestory" time="71.472" tests="2" errors="1" skipped="0" failures="0">
  <properties>
    <property name="awt.toolkit" value="sun.awt.X11.XToolkit"/>
    <property name="file.encoding.pkg" value="sun.io"/>
    <property name="java.specification.version" value="1.8"/>
    <property name="sun.cpu.isalist" value=""/>
    <property name="sun.jnu.encoding" value="UTF-8"/>
    <property name="java.class.path" value="/workdir/hadoop-ozone/integration-test/target/test-classes:/workdir/hadoop-ozone/integration-test/target/classes:/home/user/.m2/repository/org/apache/hadoop/hadoop-ozone-common/0.5.0-SNAPSHOT/hadoop-ozone-common-0.5.0-SNAPSHOT.jar:/home/user/.m2/repository/org/apache/commons/commons-compress/1.4.1/commons-compress-1.4.1.jar:/home/user/.m2/repository/org/tukaani/xz/1.0/xz-1.0.jar:/home/user/.m2/repository/org/apache/hadoop/hadoop-common/3.2.0/hadoop-common-3.2.0.jar:/home/user/.m2/repository/org/apache/hadoop/hadoop-hdfs/3.2.0/hadoop-hdfs-3.2.0.jar:/home/user/.m2/repository/org/apache/hadoop/hadoop-hdfs-client/3.2.0/hadoop-hdfs-client-3.2.0.jar:/home/user/.m2/repository/com/fasterxml/jackson/core/jackson-annotations/2.9.5/jackson-annotations-2.9.5.jar:/home/user/.m2/repository/org/apache/hadoop/hadoop-hdds-common/0.5.0-SNAPSHOT/hadoop-hdds-common-0.5.0-SNAPSHOT.jar:/home/user/.m2/repository/javax/annotation/javax.annotation-api/1.2/javax.annotation-api-1.2.jar:/home/user/.m2/repository/org/apache/ratis/ratis-server/0.4.0-2337318-SNAPSHOT/ratis-server-0.4.0-2337318-SNAPSHOT.jar:/home/user/.m2/repository/org/apache/ratis/ratis-thirdparty-misc/0.2.0/ratis-thirdparty-misc-0.2.0.jar:/home/user/.m2/repository/org/apache/ratis/ratis-proto/0.4.0-2337318-SNAPSHOT/ratis-proto-0.4.0-2337318-SNAPSHOT.jar:/home/user/.m2/repository/org/apache/ratis/ratis-common/0.4.0-2337318-SNAPSHOT/ratis-common-0.4.0-2337318-SNAPSHOT.jar:/home/user/.m2/repository/org/apache/ratis/ratis-client/0.4.0-2337318-SNAPSHOT/ratis-client-0.4.0-2337318-SNAPSHOT.jar:/home/user/.m2/repository/org/apache/ratis/ratis-metrics/0.4.0-2337318-SNAPSHOT/ratis-metrics-0.4.0-2337318-SNAPSHOT.jar:/home/user/.m2/repository/org/apache/ratis/ratis-netty/0.4.0-2337318-SNAPSHOT/ratis-netty-0.4.0-2337318-SNAPSHOT.jar:/home/user/.m2/repository/org/apache/ratis/ratis-grpc/0.4.0-2337318-SNAPSHOT/ratis-grpc-0.4.0-2337318-SNAPSHOT.jar:/home/user/.m2/repository/org/rocksdb/rocksdbjni/6.0.1/rocksdbjni-6.0.1.jar:/home/user/.m2/repository/org/apache/logging/log4j/log4j-api/2.11.0/log4j-api-2.11.0.jar:/home/user/.m2/repository/org/apache/logging/log4j/log4j-core/2.11.0/log4j-core-2.11.0.jar:/home/user/.m2/repository/com/lmax/disruptor/3.4.2/disruptor-3.4.2.jar:/home/user/.m2/repository/org/apache/commons/commons-pool2/2.6.0/commons-pool2-2.6.0.jar:/home/user/.m2/repository/org/bouncycastle/bcpkix-jdk15on/1.60/bcpkix-jdk15on-1.60.jar:/home/user/.m2/repository/commons-validator/commons-validator/1.6/commons-validator-1.6.jar:/home/user/.m2/repository/commons-digester/commons-digester/1.8.1/commons-digester-1.8.1.jar:/home/user/.m2/repository/io/jaegertracing/jaeger-client/0.33.1/jaeger-client-0.33.1.jar:/home/user/.m2/repository/io/jaegertracing/jaeger-thrift/0.33.1/jaeger-thrift-0.33.1.jar:/home/user/.m2/repository/org/apache/thrift/libthrift/0.11.0/libthrift-0.11.0.jar:/home/user/.m2/repository/com/squareup/okhttp3/okhttp/3.9.0/okhttp-3.9.0.jar:/home/user/.m2/repository/com/squareup/okio/okio/1.13.0/okio-1.13.0.jar:/home/user/.m2/repository/io/jaegertracing/jaeger-core/0.33.1/jaeger-core-0.33.1.jar:/home/user/.m2/repository/io/jaegertracing/jaeger-tracerresolver/0.33.1/jaeger-tracerresolver-0.33.1.jar:/home/user/.m2/repository/io/opentracing/contrib/opentracing-tracerresolver/0.1.5/opentracing-tracerresolver-0.1.5.jar:/home/user/.m2/repository/io/opentracing/opentracing-util/0.31.0/opentracing-util-0.31.0.jar:/home/user/.m2/repository/io/opentracing/opentracing-api/0.31.0/opentracing-api-0.31.0.jar:/home/user/.m2/repository/io/opentracing/opentracing-noop/0.31.0/opentracing-noop-0.31.0.jar:/home/user/.m2/repository/org/apache/hadoop/hadoop-hdds-server-framework/0.5.0-SNAPSHOT/hadoop-hdds-server-framework-0.5.0-SNAPSHOT.jar:/home/user/.m2/repository/org/apache/hadoop/hadoop-hdds-container-service/0.5.0-SNAPSHOT/hadoop-hdds-container-service-0.5.0-SNAPSHOT.jar:/home/user/.m2/repository/org/apache/hadoop/hadoop-hdds-client/0.5.0-SNAPSHOT/hadoop-hdds-client-0.5.0-SNAPSHOT.jar:/home/user/.m2/repository/org/apache/hadoop/hadoop-hdds-tools/0.5.0-SNAPSHOT/hadoop-hdds-tools-0.5.0-SNAPSHOT.jar:/home/user/.m2/repository/org/apache/hadoop/hadoop-hdds-server-scm/0.5.0-SNAPSHOT/hadoop-hdds-server-scm-0.5.0-SNAPSHOT.jar:/home/user/.m2/repository/org/apache/hadoop/hadoop-hdds-docs/0.5.0-SNAPSHOT/hadoop-hdds-docs-0.5.0-SNAPSHOT.jar:/home/user/.m2/repository/io/dropwizard/metrics/metrics-core/3.2.4/metrics-core-3.2.4.jar:/home/user/.m2/repository/org/hamcrest/hamcrest-all/1.3/hamcrest-all-1.3.jar:/home/user/.m2/repository/org/bouncycastle/bcprov-jdk15on/1.60/bcprov-jdk15on-1.60.jar:/home/user/.m2/repository/info/picocli/picocli/3.9.6/picocli-3.9.6.jar:/home/user/.m2/repository/com/google/protobuf/protobuf-java/2.5.0/protobuf-java-2.5.0.jar:/home/user/.m2/repository/com/google/guava/guava/11.0.2/guava-11.0.2.jar:/home/user/.m2/repository/org/apache/hadoop/hadoop-ozone-ozone-manager/0.5.0-SNAPSHOT/hadoop-ozone-ozone-manager-0.5.0-SNAPSHOT.jar:/home/user/.m2/repository/org/apache/hadoop/hadoop-minikdc/3.2.0/hadoop-minikdc-3.2.0.jar:/home/user/.m2/repository/commons-io/commons-io/2.5/commons-io-2.5.jar:/home/user/.m2/repository/org/apache/kerby/kerb-simplekdc/1.0.1/kerb-simplekdc-1.0.1.jar:/home/user/.m2/repository/org/apache/kerby/kerb-client/1.0.1/kerb-client-1.0.1.jar:/home/user/.m2/repository/org/apache/kerby/kerby-config/1.0.1/kerby-config-1.0.1.jar:/home/user/.m2/repository/org/apache/kerby/kerb-core/1.0.1/kerb-core-1.0.1.jar:/home/user/.m2/repository/org/apache/kerby/kerby-pkix/1.0.1/kerby-pkix-1.0.1.jar:/home/user/.m2/repository/org/apache/kerby/kerby-asn1/1.0.1/kerby-asn1-1.0.1.jar:/home/user/.m2/repository/org/apache/kerby/kerby-util/1.0.1/kerby-util-1.0.1.jar:/home/user/.m2/repository/org/apache/kerby/kerb-common/1.0.1/kerb-common-1.0.1.jar:/home/user/.m2/repository/org/apache/kerby/kerb-crypto/1.0.1/kerb-crypto-1.0.1.jar:/home/user/.m2/repository/org/apache/kerby/kerb-util/1.0.1/kerb-util-1.0.1.jar:/home/user/.m2/repository/org/apache/kerby/token-provider/1.0.1/token-provider-1.0.1.jar:/home/user/.m2/repository/org/apache/kerby/kerb-admin/1.0.1/kerb-admin-1.0.1.jar:/home/user/.m2/repository/org/apache/kerby/kerb-server/1.0.1/kerb-server-1.0.1.jar:/home/user/.m2/repository/org/apache/kerby/kerb-identity/1.0.1/kerb-identity-1.0.1.jar:/home/user/.m2/repository/org/apache/kerby/kerby-xdr/1.0.1/kerby-xdr-1.0.1.jar:/home/user/.m2/repository/org/slf4j/slf4j-log4j12/1.7.25/slf4j-log4j12-1.7.25.jar:/home/user/.m2/repository/org/apache/hadoop/hadoop-ozone-objectstore-service/0.5.0-SNAPSHOT/hadoop-ozone-objectstore-service-0.5.0-SNAPSHOT.jar:/home/user/.m2/repository/org/apache/hadoop/hadoop-ozone-s3gateway/0.5.0-SNAPSHOT/hadoop-ozone-s3gateway-0.5.0-SNAPSHOT.jar:/home/user/.m2/repository/org/jboss/weld/servlet/weld-servlet/2.4.7.Final/weld-servlet-2.4.7.Final.jar:/home/user/.m2/repository/org/glassfish/jersey/containers/jersey-container-servlet-core/2.27/jersey-container-servlet-core-2.27.jar:/home/user/.m2/repository/org/glassfish/hk2/external/javax.inject/2.5.0-b42/javax.inject-2.5.0-b42.jar:/home/user/.m2/repository/org/glassfish/jersey/core/jersey-common/2.27/jersey-common-2.27.jar:/home/user/.m2/repository/org/glassfish/hk2/osgi-resource-locator/1.0.1/osgi-resource-locator-1.0.1.jar:/home/user/.m2/repository/javax/ws/rs/javax.ws.rs-api/2.1/javax.ws.rs-api-2.1.jar:/home/user/.m2/repository/org/glassfish/jersey/ext/cdi/jersey-cdi1x/2.27/jersey-cdi1x-2.27.jar:/home/user/.m2/repository/org/glassfish/jersey/inject/jersey-hk2/2.27/jersey-hk2-2.27.jar:/home/user/.m2/repository/org/glassfish/hk2/hk2-locator/2.5.0-b42/hk2-locator-2.5.0-b42.jar:/home/user/.m2/repository/org/javassist/javassist/3.22.0-CR2/javassist-3.22.0-CR2.jar:/home/user/.m2/repository/org/glassfish/hk2/hk2-api/2.5.0/hk2-api-2.5.0.jar:/home/user/.m2/repository/org/glassfish/hk2/external/jakarta.inject/2.5.0/jakarta.inject-2.5.0.jar:/home/user/.m2/repository/org/glassfish/hk2/hk2-utils/2.5.0/hk2-utils-2.5.0.jar:/home/user/.m2/repository/jakarta/annotation/jakarta.annotation-api/1.3.4/jakarta.annotation-api-1.3.4.jar:/home/user/.m2/repository/org/glassfish/hk2/external/aopalliance-repackaged/2.5.0/aopalliance-repackaged-2.5.0.jar:/home/user/.m2/repository/com/fasterxml/jackson/dataformat/jackson-dataformat-xml/2.9.0/jackson-dataformat-xml-2.9.0.jar:/home/user/.m2/repository/com/fasterxml/jackson/core/jackson-core/2.9.5/jackson-core-2.9.5.jar:/home/user/.m2/repository/com/fasterxml/jackson/module/jackson-module-jaxb-annotations/2.9.5/jackson-module-jaxb-annotations-2.9.5.jar:/home/user/.m2/repository/javax/enterprise/cdi-api/1.2/cdi-api-1.2.jar:/home/user/.m2/repository/javax/el/javax.el-api/3.0.0/javax.el-api-3.0.0.jar:/home/user/.m2/repository/javax/interceptor/javax.interceptor-api/1.2/javax.interceptor-api-1.2.jar:/home/user/.m2/repository/javax/inject/javax.inject/1/javax.inject-1.jar:/home/user/.m2/repository/com/sun/xml/bind/jaxb-impl/2.3.0.1/jaxb-impl-2.3.0.1.jar:/home/user/.m2/repository/com/sun/xml/bind/jaxb-core/2.3.0.1/jaxb-core-2.3.0.1.jar:/home/user/.m2/repository/javax/xml/bind/jaxb-api/2.3.0/jaxb-api-2.3.0.jar:/home/user/.m2/repository/javax/activation/activation/1.1.1/activation-1.1.1.jar:/home/user/.m2/repository/org/apache/hadoop/hadoop-ozone-csi/0.5.0-SNAPSHOT/hadoop-ozone-csi-0.5.0-SNAPSHOT.jar:/home/user/.m2/repository/com/google/protobuf/protobuf-java-util/3.5.1/protobuf-java-util-3.5.1.jar:/home/user/.m2/repository/org/apache/hadoop/hadoop-hdds-config/0.5.0-SNAPSHOT/hadoop-hdds-config-0.5.0-SNAPSHOT.jar:/home/user/.m2/repository/io/grpc/grpc-netty/1.17.1/grpc-netty-1.17.1.jar:/home/user/.m2/repository/io/grpc/grpc-core/1.17.1/grpc-core-1.17.1.jar:/home/user/.m2/repository/io/grpc/grpc-context/1.17.1/grpc-context-1.17.1.jar:/home/user/.m2/repository/com/google/errorprone/error_prone_annotations/2.2.0/error_prone_annotations-2.2.0.jar:/home/user/.m2/repository/org/codehaus/mojo/animal-sniffer-annotations/1.17/animal-sniffer-annotations-1.17.jar:/home/user/.m2/repository/io/opencensus/opencensus-api/0.17.0/opencensus-api-0.17.0.jar:/home/user/.m2/repository/io/opencensus/opencensus-contrib-grpc-metrics/0.17.0/opencensus-contrib-grpc-metrics-0.17.0.jar:/home/user/.m2/repository/io/netty/netty-codec-http2/4.1.30.Final/netty-codec-http2-4.1.30.Final.jar:/home/user/.m2/repository/io/netty/netty-codec-http/4.1.30.Final/netty-codec-http-4.1.30.Final.jar:/home/user/.m2/repository/io/netty/netty-codec/4.1.30.Final/netty-codec-4.1.30.Final.jar:/home/user/.m2/repository/io/netty/netty-handler/4.1.30.Final/netty-handler-4.1.30.Final.jar:/home/user/.m2/repository/io/netty/netty-handler-proxy/4.1.30.Final/netty-handler-proxy-4.1.30.Final.jar:/home/user/.m2/repository/io/netty/netty-codec-socks/4.1.30.Final/netty-codec-socks-4.1.30.Final.jar:/home/user/.m2/repository/io/netty/netty-transport-native-epoll/4.1.30.Final/netty-transport-native-epoll-4.1.30.Final.jar:/home/user/.m2/repository/io/netty/netty-common/4.1.30.Final/netty-common-4.1.30.Final.jar:/home/user/.m2/repository/io/netty/netty-buffer/4.1.30.Final/netty-buffer-4.1.30.Final.jar:/home/user/.m2/repository/io/netty/netty-transport/4.1.30.Final/netty-transport-4.1.30.Final.jar:/home/user/.m2/repository/io/netty/netty-resolver/4.1.30.Final/netty-resolver-4.1.30.Final.jar:/home/user/.m2/repository/io/netty/netty-transport-native-unix-common/4.1.30.Final/netty-transport-native-unix-common-4.1.30.Final.jar:/home/user/.m2/repository/io/grpc/grpc-protobuf/1.17.1/grpc-protobuf-1.17.1.jar:/home/user/.m2/repository/com/google/api/grpc/proto-google-common-protos/1.0.0/proto-google-common-protos-1.0.0.jar:/home/user/.m2/repository/io/grpc/grpc-protobuf-lite/1.17.1/grpc-protobuf-lite-1.17.1.jar:/home/user/.m2/repository/io/grpc/grpc-stub/1.17.1/grpc-stub-1.17.1.jar:/home/user/.m2/repository/org/apache/hadoop/hadoop-ozone-recon/0.5.0-SNAPSHOT/hadoop-ozone-recon-0.5.0-SNAPSHOT.jar:/home/user/.m2/repository/org/apache/hadoop/hadoop-ozone-reconcodegen/0.5.0-SNAPSHOT/hadoop-ozone-reconcodegen-0.5.0-SNAPSHOT.jar:/home/user/.m2/repository/com/google/inject/extensions/guice-multibindings/4.0/guice-multibindings-4.0.jar:/home/user/.m2/repository/com/google/inject/guice/4.0/guice-4.0.jar:/home/user/.m2/repository/aopalliance/aopalliance/1.0/aopalliance-1.0.jar:/home/user/.m2/repository/com/google/inject/extensions/guice-servlet/4.0/guice-servlet-4.0.jar:/home/user/.m2/repository/org/glassfish/jersey/containers/jersey-container-servlet/2.27/jersey-container-servlet-2.27.jar:/home/user/.m2/repository/org/glassfish/hk2/guice-bridge/2.5.0/guice-bridge-2.5.0.jar:/home/user/.m2/repository/org/glassfish/jersey/core/jersey-server/2.27/jersey-server-2.27.jar:/home/user/.m2/repository/org/glassfish/jersey/core/jersey-client/2.27/jersey-client-2.27.jar:/home/user/.m2/repository/org/glassfish/jersey/media/jersey-media-jaxb/2.27/jersey-media-jaxb-2.27.jar:/home/user/.m2/repository/javax/validation/validation-api/1.1.0.Final/validation-api-1.1.0.Final.jar:/home/user/.m2/repository/org/glassfish/jersey/media/jersey-media-json-jackson/2.27/jersey-media-json-jackson-2.27.jar:/home/user/.m2/repository/org/glassfish/jersey/ext/jersey-entity-filtering/2.27/jersey-entity-filtering-2.27.jar:/home/user/.m2/repository/com/google/inject/extensions/guice-assistedinject/4.0/guice-assistedinject-4.0.jar:/home/user/.m2/repository/org/jooq/jooq/3.11.10/jooq-3.11.10.jar:/home/user/.m2/repository/org/jooq/jooq-meta/3.11.10/jooq-meta-3.11.10.jar:/home/user/.m2/repository/org/jooq/jooq-codegen/3.11.10/jooq-codegen-3.11.10.jar:/home/user/.m2/repository/com/jolbox/bonecp/0.8.0.RELEASE/bonecp-0.8.0.RELEASE.jar:/home/user/.m2/repository/org/xerial/sqlite-jdbc/3.25.2/sqlite-jdbc-3.25.2.jar:/home/user/.m2/repository/org/springframework/spring-jdbc/5.1.3.RELEASE/spring-jdbc-5.1.3.RELEASE.jar:/home/user/.m2/repository/org/springframework/spring-beans/5.1.3.RELEASE/spring-beans-5.1.3.RELEASE.jar:/home/user/.m2/repository/org/springframework/spring-core/5.1.3.RELEASE/spring-core-5.1.3.RELEASE.jar:/home/user/.m2/repository/org/springframework/spring-jcl/5.1.3.RELEASE/spring-jcl-5.1.3.RELEASE.jar:/home/user/.m2/repository/org/springframework/spring-tx/5.1.3.RELEASE/spring-tx-5.1.3.RELEASE.jar:/home/user/.m2/repository/org/apache/hadoop/hadoop-ozone-client/0.5.0-SNAPSHOT/hadoop-ozone-client-0.5.0-SNAPSHOT.jar:/home/user/.m2/repository/commons-lang/commons-lang/2.6/commons-lang-2.6.jar:/home/user/.m2/repository/org/apache/hadoop/hadoop-ozone-ozone-manager/0.5.0-SNAPSHOT/hadoop-ozone-ozone-manager-0.5.0-SNAPSHOT-tests.jar:/home/user/.m2/repository/junit/junit/4.11/junit-4.11.jar:/home/user/.m2/repository/org/hamcrest/hamcrest-core/1.3/hamcrest-core-1.3.jar:/home/user/.m2/repository/org/openjdk/jmh/jmh-core/1.19/jmh-core-1.19.jar:/home/user/.m2/repository/net/sf/jopt-simple/jopt-simple/4.6/jopt-simple-4.6.jar:/home/user/.m2/repository/org/apache/commons/commons-math3/3.1.1/commons-math3-3.1.1.jar:/home/user/.m2/repository/org/openjdk/jmh/jmh-generator-annprocess/1.19/jmh-generator-annprocess-1.19.jar:/home/user/.m2/repository/org/mockito/mockito-all/1.8.5/mockito-all-1.8.5.jar:/home/user/.m2/repository/org/apache/hadoop/hadoop-kms/3.2.0/hadoop-kms-3.2.0.jar:/home/user/.m2/repository/org/apache/hadoop/hadoop-auth/3.2.0/hadoop-auth-3.2.0.jar:/home/user/.m2/repository/com/nimbusds/nimbus-jose-jwt/4.41.1/nimbus-jose-jwt-4.41.1.jar:/home/user/.m2/repository/com/github/stephenc/jcip/jcip-annotations/1.0-1/jcip-annotations-1.0-1.jar:/home/user/.m2/repository/net/minidev/json-smart/2.3/json-smart-2.3.jar:/home/user/.m2/repository/net/minidev/accessors-smart/1.2/accessors-smart-1.2.jar:/home/user/.m2/repository/org/ow2/asm/asm/5.0.4/asm-5.0.4.jar:/home/user/.m2/repository/org/apache/curator/curator-framework/2.12.0/curator-framework-2.12.0.jar:/home/user/.m2/repository/com/sun/jersey/jersey-core/1.19/jersey-core-1.19.jar:/home/user/.m2/repository/javax/ws/rs/jsr311-api/1.1.1/jsr311-api-1.1.1.jar:/home/user/.m2/repository/com/sun/jersey/jersey-server/1.19/jersey-server-1.19.jar:/home/user/.m2/repository/javax/servlet/javax.servlet-api/3.1.0/javax.servlet-api-3.1.0.jar:/home/user/.m2/repository/org/eclipse/jetty/jetty-server/9.3.24.v20180605/jetty-server-9.3.24.v20180605.jar:/home/user/.m2/repository/org/eclipse/jetty/jetty-http/9.3.24.v20180605/jetty-http-9.3.24.v20180605.jar:/home/user/.m2/repository/org/eclipse/jetty/jetty-io/9.3.24.v20180605/jetty-io-9.3.24.v20180605.jar:/home/user/.m2/repository/org/eclipse/jetty/jetty-webapp/9.3.24.v20180605/jetty-webapp-9.3.24.v20180605.jar:/home/user/.m2/repository/org/eclipse/jetty/jetty-xml/9.3.24.v20180605/jetty-xml-9.3.24.v20180605.jar:/home/user/.m2/repository/log4j/log4j/1.2.17/log4j-1.2.17.jar:/home/user/.m2/repository/org/slf4j/slf4j-api/1.7.25/slf4j-api-1.7.25.jar:/home/user/.m2/repository/org/slf4j/jul-to-slf4j/1.7.25/jul-to-slf4j-1.7.25.jar:/home/user/.m2/repository/org/eclipse/jetty/jetty-util/9.3.24.v20180605/jetty-util-9.3.24.v20180605.jar:/home/user/.m2/repository/com/fasterxml/jackson/core/jackson-databind/2.9.5/jackson-databind-2.9.5.jar:/home/user/.m2/repository/org/apache/hadoop/hadoop-kms/3.2.0/hadoop-kms-3.2.0-tests.jar:/home/user/.m2/repository/org/apache/hadoop/hadoop-hdds-server-scm/0.5.0-SNAPSHOT/hadoop-hdds-server-scm-0.5.0-SNAPSHOT-tests.jar:/home/user/.m2/repository/org/apache/hadoop/hadoop-hdds-container-service/0.5.0-SNAPSHOT/hadoop-hdds-container-service-0.5.0-SNAPSHOT-tests.jar:/home/user/.m2/repository/org/yaml/snakeyaml/1.16/snakeyaml-1.16.jar:/home/user/.m2/repository/org/apache/hadoop/hadoop-common/3.2.0/hadoop-common-3.2.0-tests.jar:/home/user/.m2/repository/org/apache/hadoop/hadoop-annotations/3.2.0/hadoop-annotations-3.2.0.jar:/usr/lib/jvm/java-1.8-openjdk/jre/../lib/tools.jar:/home/user/.m2/repository/commons-cli/commons-cli/1.2/commons-cli-1.2.jar:/home/user/.m2/repository/org/apache/httpcomponents/httpclient/4.5.2/httpclient-4.5.2.jar:/home/user/.m2/repository/org/apache/httpcomponents/httpcore/4.4.4/httpcore-4.4.4.jar:/home/user/.m2/repository/commons-codec/commons-codec/1.11/commons-codec-1.11.jar:/home/user/.m2/repository/commons-net/commons-net/3.6/commons-net-3.6.jar:/home/user/.m2/repository/commons-collections/commons-collections/3.2.2/commons-collections-3.2.2.jar:/home/user/.m2/repository/org/eclipse/jetty/jetty-servlet/9.3.24.v20180605/jetty-servlet-9.3.24.v20180605.jar:/home/user/.m2/repository/org/eclipse/jetty/jetty-security/9.3.24.v20180605/jetty-security-9.3.24.v20180605.jar:/home/user/.m2/repository/javax/servlet/jsp/jsp-api/2.1/jsp-api-2.1.jar:/home/user/.m2/repository/com/sun/jersey/jersey-servlet/1.19/jersey-servlet-1.19.jar:/home/user/.m2/repository/com/sun/jersey/jersey-json/1.19/jersey-json-1.19.jar:/home/user/.m2/repository/org/codehaus/jettison/jettison/1.1/jettison-1.1.jar:/home/user/.m2/repository/org/codehaus/jackson/jackson-core-asl/1.9.13/jackson-core-asl-1.9.13.jar:/home/user/.m2/repository/org/codehaus/jackson/jackson-mapper-asl/1.9.13/jackson-mapper-asl-1.9.13.jar:/home/user/.m2/repository/org/codehaus/jackson/jackson-jaxrs/1.9.13/jackson-jaxrs-1.9.13.jar:/home/user/.m2/repository/org/codehaus/jackson/jackson-xc/1.9.13/jackson-xc-1.9.13.jar:/home/user/.m2/repository/commons-logging/commons-logging/1.1.3/commons-logging-1.1.3.jar:/home/user/.m2/repository/commons-beanutils/commons-beanutils/1.9.3/commons-beanutils-1.9.3.jar:/home/user/.m2/repository/org/apache/commons/commons-configuration2/2.1.1/commons-configuration2-2.1.1.jar:/home/user/.m2/repository/org/apache/commons/commons-lang3/3.7/commons-lang3-3.7.jar:/home/user/.m2/repository/org/apache/commons/commons-text/1.4/commons-text-1.4.jar:/home/user/.m2/repository/org/apache/avro/avro/1.7.7/avro-1.7.7.jar:/home/user/.m2/repository/com/thoughtworks/paranamer/paranamer/2.3/paranamer-2.3.jar:/home/user/.m2/repository/org/xerial/snappy/snappy-java/1.0.5/snappy-java-1.0.5.jar:/home/user/.m2/repository/com/google/re2j/re2j/1.1/re2j-1.1.jar:/home/user/.m2/repository/com/google/code/gson/gson/2.2.4/gson-2.2.4.jar:/home/user/.m2/repository/com/jcraft/jsch/0.1.54/jsch-0.1.54.jar:/home/user/.m2/repository/org/apache/curator/curator-client/2.12.0/curator-client-2.12.0.jar:/home/user/.m2/repository/org/apache/curator/curator-recipes/2.12.0/curator-recipes-2.12.0.jar:/home/user/.m2/repository/com/google/code/findbugs/jsr305/3.0.0/jsr305-3.0.0.jar:/home/user/.m2/repository/org/apache/htrace/htrace-core4/4.1.0-incubating/htrace-core4-4.1.0-incubating.jar:/home/user/.m2/repository/org/apache/zookeeper/zookeeper/3.4.13/zookeeper-3.4.13.jar:/home/user/.m2/repository/org/apache/yetus/audience-annotations/0.5.0/audience-annotations-0.5.0.jar:/home/user/.m2/repository/org/codehaus/woodstox/stax2-api/3.1.4/stax2-api-3.1.4.jar:/home/user/.m2/repository/com/fasterxml/woodstox/woodstox-core/5.0.3/woodstox-core-5.0.3.jar:/home/user/.m2/repository/dnsjava/dnsjava/2.1.7/dnsjava-2.1.7.jar:/home/user/.m2/repository/org/apache/hadoop/hadoop-hdfs/3.2.0/hadoop-hdfs-3.2.0-tests.jar:/home/user/.m2/repository/org/eclipse/jetty/jetty-util-ajax/9.3.24.v20180605/jetty-util-ajax-9.3.24.v20180605.jar:/home/user/.m2/repository/commons-daemon/commons-daemon/1.0.13/commons-daemon-1.0.13.jar:/home/user/.m2/repository/io/netty/netty/3.10.5.Final/netty-3.10.5.Final.jar:/home/user/.m2/repository/io/netty/netty-all/4.0.52.Final/netty-all-4.0.52.Final.jar:/home/user/.m2/repository/org/fusesource/leveldbjni/leveldbjni-all/1.8/leveldbjni-all-1.8.jar:"/>
    <property name="java.vm.vendor" value="IcedTea"/>
    <property name="sun.arch.data.model" value="64"/>
    <property name="test.build.dir" value="/workdir/hadoop-ozone/integration-test/target/test-dir"/>
    <property name="test.cache.data" value=""/>
    <property name="java.vendor.url" value="https://icedtea.classpath.org"/>
    <property name="user.timezone" value=""/>
    <property name="java.vm.specification.version" value="1.8"/>
    <property name="os.name" value="Linux"/>
    <property name="test.build.data" value="/workdir/hadoop-ozone/integration-test/target/test-dir"/>
    <property name="user.country" value="US"/>
    <property name="sun.java.launcher" value="SUN_STANDARD"/>
    <property name="sun.boot.library.path" value="/usr/lib/jvm/java-1.8-openjdk/jre/lib/amd64"/>
    <property name="sun.java.command" value="/workdir/hadoop-ozone/integration-test/target/surefire/surefirebooter8982517679022473677.jar /workdir/hadoop-ozone/integration-test/target/surefire 2019-08-20T13-50-32_467-jvmRun1 surefire1806263836160207210tmp surefire_892341158219667252232tmp"/>
    <property name="test" value="!TestMiniChaosOzoneCluster"/>
    <property name="surefire.test.class.path" value="/workdir/hadoop-ozone/integration-test/target/test-classes:/workdir/hadoop-ozone/integration-test/target/classes:/home/user/.m2/repository/org/apache/hadoop/hadoop-ozone-common/0.5.0-SNAPSHOT/hadoop-ozone-common-0.5.0-SNAPSHOT.jar:/home/user/.m2/repository/org/apache/commons/commons-compress/1.4.1/commons-compress-1.4.1.jar:/home/user/.m2/repository/org/tukaani/xz/1.0/xz-1.0.jar:/home/user/.m2/repository/org/apache/hadoop/hadoop-common/3.2.0/hadoop-common-3.2.0.jar:/home/user/.m2/repository/org/apache/hadoop/hadoop-hdfs/3.2.0/hadoop-hdfs-3.2.0.jar:/home/user/.m2/repository/org/apache/hadoop/hadoop-hdfs-client/3.2.0/hadoop-hdfs-client-3.2.0.jar:/home/user/.m2/repository/com/fasterxml/jackson/core/jackson-annotations/2.9.5/jackson-annotations-2.9.5.jar:/home/user/.m2/repository/org/apache/hadoop/hadoop-hdds-common/0.5.0-SNAPSHOT/hadoop-hdds-common-0.5.0-SNAPSHOT.jar:/home/user/.m2/repository/javax/annotation/javax.annotation-api/1.2/javax.annotation-api-1.2.jar:/home/user/.m2/repository/org/apache/ratis/ratis-server/0.4.0-2337318-SNAPSHOT/ratis-server-0.4.0-2337318-SNAPSHOT.jar:/home/user/.m2/repository/org/apache/ratis/ratis-thirdparty-misc/0.2.0/ratis-thirdparty-misc-0.2.0.jar:/home/user/.m2/repository/org/apache/ratis/ratis-proto/0.4.0-2337318-SNAPSHOT/ratis-proto-0.4.0-2337318-SNAPSHOT.jar:/home/user/.m2/repository/org/apache/ratis/ratis-common/0.4.0-2337318-SNAPSHOT/ratis-common-0.4.0-2337318-SNAPSHOT.jar:/home/user/.m2/repository/org/apache/ratis/ratis-client/0.4.0-2337318-SNAPSHOT/ratis-client-0.4.0-2337318-SNAPSHOT.jar:/home/user/.m2/repository/org/apache/ratis/ratis-metrics/0.4.0-2337318-SNAPSHOT/ratis-metrics-0.4.0-2337318-SNAPSHOT.jar:/home/user/.m2/repository/org/apache/ratis/ratis-netty/0.4.0-2337318-SNAPSHOT/ratis-netty-0.4.0-2337318-SNAPSHOT.jar:/home/user/.m2/repository/org/apache/ratis/ratis-grpc/0.4.0-2337318-SNAPSHOT/ratis-grpc-0.4.0-2337318-SNAPSHOT.jar:/home/user/.m2/repository/org/rocksdb/rocksdbjni/6.0.1/rocksdbjni-6.0.1.jar:/home/user/.m2/repository/org/apache/logging/log4j/log4j-api/2.11.0/log4j-api-2.11.0.jar:/home/user/.m2/repository/org/apache/logging/log4j/log4j-core/2.11.0/log4j-core-2.11.0.jar:/home/user/.m2/repository/com/lmax/disruptor/3.4.2/disruptor-3.4.2.jar:/home/user/.m2/repository/org/apache/commons/commons-pool2/2.6.0/commons-pool2-2.6.0.jar:/home/user/.m2/repository/org/bouncycastle/bcpkix-jdk15on/1.60/bcpkix-jdk15on-1.60.jar:/home/user/.m2/repository/commons-validator/commons-validator/1.6/commons-validator-1.6.jar:/home/user/.m2/repository/commons-digester/commons-digester/1.8.1/commons-digester-1.8.1.jar:/home/user/.m2/repository/io/jaegertracing/jaeger-client/0.33.1/jaeger-client-0.33.1.jar:/home/user/.m2/repository/io/jaegertracing/jaeger-thrift/0.33.1/jaeger-thrift-0.33.1.jar:/home/user/.m2/repository/org/apache/thrift/libthrift/0.11.0/libthrift-0.11.0.jar:/home/user/.m2/repository/com/squareup/okhttp3/okhttp/3.9.0/okhttp-3.9.0.jar:/home/user/.m2/repository/com/squareup/okio/okio/1.13.0/okio-1.13.0.jar:/home/user/.m2/repository/io/jaegertracing/jaeger-core/0.33.1/jaeger-core-0.33.1.jar:/home/user/.m2/repository/io/jaegertracing/jaeger-tracerresolver/0.33.1/jaeger-tracerresolver-0.33.1.jar:/home/user/.m2/repository/io/opentracing/contrib/opentracing-tracerresolver/0.1.5/opentracing-tracerresolver-0.1.5.jar:/home/user/.m2/repository/io/opentracing/opentracing-util/0.31.0/opentracing-util-0.31.0.jar:/home/user/.m2/repository/io/opentracing/opentracing-api/0.31.0/opentracing-api-0.31.0.jar:/home/user/.m2/repository/io/opentracing/opentracing-noop/0.31.0/opentracing-noop-0.31.0.jar:/home/user/.m2/repository/org/apache/hadoop/hadoop-hdds-server-framework/0.5.0-SNAPSHOT/hadoop-hdds-server-framework-0.5.0-SNAPSHOT.jar:/home/user/.m2/repository/org/apache/hadoop/hadoop-hdds-container-service/0.5.0-SNAPSHOT/hadoop-hdds-container-service-0.5.0-SNAPSHOT.jar:/home/user/.m2/repository/org/apache/hadoop/hadoop-hdds-client/0.5.0-SNAPSHOT/hadoop-hdds-client-0.5.0-SNAPSHOT.jar:/home/user/.m2/repository/org/apache/hadoop/hadoop-hdds-tools/0.5.0-SNAPSHOT/hadoop-hdds-tools-0.5.0-SNAPSHOT.jar:/home/user/.m2/repository/org/apache/hadoop/hadoop-hdds-server-scm/0.5.0-SNAPSHOT/hadoop-hdds-server-scm-0.5.0-SNAPSHOT.jar:/home/user/.m2/repository/org/apache/hadoop/hadoop-hdds-docs/0.5.0-SNAPSHOT/hadoop-hdds-docs-0.5.0-SNAPSHOT.jar:/home/user/.m2/repository/io/dropwizard/metrics/metrics-core/3.2.4/metrics-core-3.2.4.jar:/home/user/.m2/repository/org/hamcrest/hamcrest-all/1.3/hamcrest-all-1.3.jar:/home/user/.m2/repository/org/bouncycastle/bcprov-jdk15on/1.60/bcprov-jdk15on-1.60.jar:/home/user/.m2/repository/info/picocli/picocli/3.9.6/picocli-3.9.6.jar:/home/user/.m2/repository/com/google/protobuf/protobuf-java/2.5.0/protobuf-java-2.5.0.jar:/home/user/.m2/repository/com/google/guava/guava/11.0.2/guava-11.0.2.jar:/home/user/.m2/repository/org/apache/hadoop/hadoop-ozone-ozone-manager/0.5.0-SNAPSHOT/hadoop-ozone-ozone-manager-0.5.0-SNAPSHOT.jar:/home/user/.m2/repository/org/apache/hadoop/hadoop-minikdc/3.2.0/hadoop-minikdc-3.2.0.jar:/home/user/.m2/repository/commons-io/commons-io/2.5/commons-io-2.5.jar:/home/user/.m2/repository/org/apache/kerby/kerb-simplekdc/1.0.1/kerb-simplekdc-1.0.1.jar:/home/user/.m2/repository/org/apache/kerby/kerb-client/1.0.1/kerb-client-1.0.1.jar:/home/user/.m2/repository/org/apache/kerby/kerby-config/1.0.1/kerby-config-1.0.1.jar:/home/user/.m2/repository/org/apache/kerby/kerb-core/1.0.1/kerb-core-1.0.1.jar:/home/user/.m2/repository/org/apache/kerby/kerby-pkix/1.0.1/kerby-pkix-1.0.1.jar:/home/user/.m2/repository/org/apache/kerby/kerby-asn1/1.0.1/kerby-asn1-1.0.1.jar:/home/user/.m2/repository/org/apache/kerby/kerby-util/1.0.1/kerby-util-1.0.1.jar:/home/user/.m2/repository/org/apache/kerby/kerb-common/1.0.1/kerb-common-1.0.1.jar:/home/user/.m2/repository/org/apache/kerby/kerb-crypto/1.0.1/kerb-crypto-1.0.1.jar:/home/user/.m2/repository/org/apache/kerby/kerb-util/1.0.1/kerb-util-1.0.1.jar:/home/user/.m2/repository/org/apache/kerby/token-provider/1.0.1/token-provider-1.0.1.jar:/home/user/.m2/repository/org/apache/kerby/kerb-admin/1.0.1/kerb-admin-1.0.1.jar:/home/user/.m2/repository/org/apache/kerby/kerb-server/1.0.1/kerb-server-1.0.1.jar:/home/user/.m2/repository/org/apache/kerby/kerb-identity/1.0.1/kerb-identity-1.0.1.jar:/home/user/.m2/repository/org/apache/kerby/kerby-xdr/1.0.1/kerby-xdr-1.0.1.jar:/home/user/.m2/repository/org/slf4j/slf4j-log4j12/1.7.25/slf4j-log4j12-1.7.25.jar:/home/user/.m2/repository/org/apache/hadoop/hadoop-ozone-objectstore-service/0.5.0-SNAPSHOT/hadoop-ozone-objectstore-service-0.5.0-SNAPSHOT.jar:/home/user/.m2/repository/org/apache/hadoop/hadoop-ozone-s3gateway/0.5.0-SNAPSHOT/hadoop-ozone-s3gateway-0.5.0-SNAPSHOT.jar:/home/user/.m2/repository/org/jboss/weld/servlet/weld-servlet/2.4.7.Final/weld-servlet-2.4.7.Final.jar:/home/user/.m2/repository/org/glassfish/jersey/containers/jersey-container-servlet-core/2.27/jersey-container-servlet-core-2.27.jar:/home/user/.m2/repository/org/glassfish/hk2/external/javax.inject/2.5.0-b42/javax.inject-2.5.0-b42.jar:/home/user/.m2/repository/org/glassfish/jersey/core/jersey-common/2.27/jersey-common-2.27.jar:/home/user/.m2/repository/org/glassfish/hk2/osgi-resource-locator/1.0.1/osgi-resource-locator-1.0.1.jar:/home/user/.m2/repository/javax/ws/rs/javax.ws.rs-api/2.1/javax.ws.rs-api-2.1.jar:/home/user/.m2/repository/org/glassfish/jersey/ext/cdi/jersey-cdi1x/2.27/jersey-cdi1x-2.27.jar:/home/user/.m2/repository/org/glassfish/jersey/inject/jersey-hk2/2.27/jersey-hk2-2.27.jar:/home/user/.m2/repository/org/glassfish/hk2/hk2-locator/2.5.0-b42/hk2-locator-2.5.0-b42.jar:/home/user/.m2/repository/org/javassist/javassist/3.22.0-CR2/javassist-3.22.0-CR2.jar:/home/user/.m2/repository/org/glassfish/hk2/hk2-api/2.5.0/hk2-api-2.5.0.jar:/home/user/.m2/repository/org/glassfish/hk2/external/jakarta.inject/2.5.0/jakarta.inject-2.5.0.jar:/home/user/.m2/repository/org/glassfish/hk2/hk2-utils/2.5.0/hk2-utils-2.5.0.jar:/home/user/.m2/repository/jakarta/annotation/jakarta.annotation-api/1.3.4/jakarta.annotation-api-1.3.4.jar:/home/user/.m2/repository/org/glassfish/hk2/external/aopalliance-repackaged/2.5.0/aopalliance-repackaged-2.5.0.jar:/home/user/.m2/repository/com/fasterxml/jackson/dataformat/jackson-dataformat-xml/2.9.0/jackson-dataformat-xml-2.9.0.jar:/home/user/.m2/repository/com/fasterxml/jackson/core/jackson-core/2.9.5/jackson-core-2.9.5.jar:/home/user/.m2/repository/com/fasterxml/jackson/module/jackson-module-jaxb-annotations/2.9.5/jackson-module-jaxb-annotations-2.9.5.jar:/home/user/.m2/repository/javax/enterprise/cdi-api/1.2/cdi-api-1.2.jar:/home/user/.m2/repository/javax/el/javax.el-api/3.0.0/javax.el-api-3.0.0.jar:/home/user/.m2/repository/javax/interceptor/javax.interceptor-api/1.2/javax.interceptor-api-1.2.jar:/home/user/.m2/repository/javax/inject/javax.inject/1/javax.inject-1.jar:/home/user/.m2/repository/com/sun/xml/bind/jaxb-impl/2.3.0.1/jaxb-impl-2.3.0.1.jar:/home/user/.m2/repository/com/sun/xml/bind/jaxb-core/2.3.0.1/jaxb-core-2.3.0.1.jar:/home/user/.m2/repository/javax/xml/bind/jaxb-api/2.3.0/jaxb-api-2.3.0.jar:/home/user/.m2/repository/javax/activation/activation/1.1.1/activation-1.1.1.jar:/home/user/.m2/repository/org/apache/hadoop/hadoop-ozone-csi/0.5.0-SNAPSHOT/hadoop-ozone-csi-0.5.0-SNAPSHOT.jar:/home/user/.m2/repository/com/google/protobuf/protobuf-java-util/3.5.1/protobuf-java-util-3.5.1.jar:/home/user/.m2/repository/org/apache/hadoop/hadoop-hdds-config/0.5.0-SNAPSHOT/hadoop-hdds-config-0.5.0-SNAPSHOT.jar:/home/user/.m2/repository/io/grpc/grpc-netty/1.17.1/grpc-netty-1.17.1.jar:/home/user/.m2/repository/io/grpc/grpc-core/1.17.1/grpc-core-1.17.1.jar:/home/user/.m2/repository/io/grpc/grpc-context/1.17.1/grpc-context-1.17.1.jar:/home/user/.m2/repository/com/google/errorprone/error_prone_annotations/2.2.0/error_prone_annotations-2.2.0.jar:/home/user/.m2/repository/org/codehaus/mojo/animal-sniffer-annotations/1.17/animal-sniffer-annotations-1.17.jar:/home/user/.m2/repository/io/opencensus/opencensus-api/0.17.0/opencensus-api-0.17.0.jar:/home/user/.m2/repository/io/opencensus/opencensus-contrib-grpc-metrics/0.17.0/opencensus-contrib-grpc-metrics-0.17.0.jar:/home/user/.m2/repository/io/netty/netty-codec-http2/4.1.30.Final/netty-codec-http2-4.1.30.Final.jar:/home/user/.m2/repository/io/netty/netty-codec-http/4.1.30.Final/netty-codec-http-4.1.30.Final.jar:/home/user/.m2/repository/io/netty/netty-codec/4.1.30.Final/netty-codec-4.1.30.Final.jar:/home/user/.m2/repository/io/netty/netty-handler/4.1.30.Final/netty-handler-4.1.30.Final.jar:/home/user/.m2/repository/io/netty/netty-handler-proxy/4.1.30.Final/netty-handler-proxy-4.1.30.Final.jar:/home/user/.m2/repository/io/netty/netty-codec-socks/4.1.30.Final/netty-codec-socks-4.1.30.Final.jar:/home/user/.m2/repository/io/netty/netty-transport-native-epoll/4.1.30.Final/netty-transport-native-epoll-4.1.30.Final.jar:/home/user/.m2/repository/io/netty/netty-common/4.1.30.Final/netty-common-4.1.30.Final.jar:/home/user/.m2/repository/io/netty/netty-buffer/4.1.30.Final/netty-buffer-4.1.30.Final.jar:/home/user/.m2/repository/io/netty/netty-transport/4.1.30.Final/netty-transport-4.1.30.Final.jar:/home/user/.m2/repository/io/netty/netty-resolver/4.1.30.Final/netty-resolver-4.1.30.Final.jar:/home/user/.m2/repository/io/netty/netty-transport-native-unix-common/4.1.30.Final/netty-transport-native-unix-common-4.1.30.Final.jar:/home/user/.m2/repository/io/grpc/grpc-protobuf/1.17.1/grpc-protobuf-1.17.1.jar:/home/user/.m2/repository/com/google/api/grpc/proto-google-common-protos/1.0.0/proto-google-common-protos-1.0.0.jar:/home/user/.m2/repository/io/grpc/grpc-protobuf-lite/1.17.1/grpc-protobuf-lite-1.17.1.jar:/home/user/.m2/repository/io/grpc/grpc-stub/1.17.1/grpc-stub-1.17.1.jar:/home/user/.m2/repository/org/apache/hadoop/hadoop-ozone-recon/0.5.0-SNAPSHOT/hadoop-ozone-recon-0.5.0-SNAPSHOT.jar:/home/user/.m2/repository/org/apache/hadoop/hadoop-ozone-reconcodegen/0.5.0-SNAPSHOT/hadoop-ozone-reconcodegen-0.5.0-SNAPSHOT.jar:/home/user/.m2/repository/com/google/inject/extensions/guice-multibindings/4.0/guice-multibindings-4.0.jar:/home/user/.m2/repository/com/google/inject/guice/4.0/guice-4.0.jar:/home/user/.m2/repository/aopalliance/aopalliance/1.0/aopalliance-1.0.jar:/home/user/.m2/repository/com/google/inject/extensions/guice-servlet/4.0/guice-servlet-4.0.jar:/home/user/.m2/repository/org/glassfish/jersey/containers/jersey-container-servlet/2.27/jersey-container-servlet-2.27.jar:/home/user/.m2/repository/org/glassfish/hk2/guice-bridge/2.5.0/guice-bridge-2.5.0.jar:/home/user/.m2/repository/org/glassfish/jersey/core/jersey-server/2.27/jersey-server-2.27.jar:/home/user/.m2/repository/org/glassfish/jersey/core/jersey-client/2.27/jersey-client-2.27.jar:/home/user/.m2/repository/org/glassfish/jersey/media/jersey-media-jaxb/2.27/jersey-media-jaxb-2.27.jar:/home/user/.m2/repository/javax/validation/validation-api/1.1.0.Final/validation-api-1.1.0.Final.jar:/home/user/.m2/repository/org/glassfish/jersey/media/jersey-media-json-jackson/2.27/jersey-media-json-jackson-2.27.jar:/home/user/.m2/repository/org/glassfish/jersey/ext/jersey-entity-filtering/2.27/jersey-entity-filtering-2.27.jar:/home/user/.m2/repository/com/google/inject/extensions/guice-assistedinject/4.0/guice-assistedinject-4.0.jar:/home/user/.m2/repository/org/jooq/jooq/3.11.10/jooq-3.11.10.jar:/home/user/.m2/repository/org/jooq/jooq-meta/3.11.10/jooq-meta-3.11.10.jar:/home/user/.m2/repository/org/jooq/jooq-codegen/3.11.10/jooq-codegen-3.11.10.jar:/home/user/.m2/repository/com/jolbox/bonecp/0.8.0.RELEASE/bonecp-0.8.0.RELEASE.jar:/home/user/.m2/repository/org/xerial/sqlite-jdbc/3.25.2/sqlite-jdbc-3.25.2.jar:/home/user/.m2/repository/org/springframework/spring-jdbc/5.1.3.RELEASE/spring-jdbc-5.1.3.RELEASE.jar:/home/user/.m2/repository/org/springframework/spring-beans/5.1.3.RELEASE/spring-beans-5.1.3.RELEASE.jar:/home/user/.m2/repository/org/springframework/spring-core/5.1.3.RELEASE/spring-core-5.1.3.RELEASE.jar:/home/user/.m2/repository/org/springframework/spring-jcl/5.1.3.RELEASE/spring-jcl-5.1.3.RELEASE.jar:/home/user/.m2/repository/org/springframework/spring-tx/5.1.3.RELEASE/spring-tx-5.1.3.RELEASE.jar:/home/user/.m2/repository/org/apache/hadoop/hadoop-ozone-client/0.5.0-SNAPSHOT/hadoop-ozone-client-0.5.0-SNAPSHOT.jar:/home/user/.m2/repository/commons-lang/commons-lang/2.6/commons-lang-2.6.jar:/home/user/.m2/repository/org/apache/hadoop/hadoop-ozone-ozone-manager/0.5.0-SNAPSHOT/hadoop-ozone-ozone-manager-0.5.0-SNAPSHOT-tests.jar:/home/user/.m2/repository/junit/junit/4.11/junit-4.11.jar:/home/user/.m2/repository/org/hamcrest/hamcrest-core/1.3/hamcrest-core-1.3.jar:/home/user/.m2/repository/org/openjdk/jmh/jmh-core/1.19/jmh-core-1.19.jar:/home/user/.m2/repository/net/sf/jopt-simple/jopt-simple/4.6/jopt-simple-4.6.jar:/home/user/.m2/repository/org/apache/commons/commons-math3/3.1.1/commons-math3-3.1.1.jar:/home/user/.m2/repository/org/openjdk/jmh/jmh-generator-annprocess/1.19/jmh-generator-annprocess-1.19.jar:/home/user/.m2/repository/org/mockito/mockito-all/1.8.5/mockito-all-1.8.5.jar:/home/user/.m2/repository/org/apache/hadoop/hadoop-kms/3.2.0/hadoop-kms-3.2.0.jar:/home/user/.m2/repository/org/apache/hadoop/hadoop-auth/3.2.0/hadoop-auth-3.2.0.jar:/home/user/.m2/repository/com/nimbusds/nimbus-jose-jwt/4.41.1/nimbus-jose-jwt-4.41.1.jar:/home/user/.m2/repository/com/github/stephenc/jcip/jcip-annotations/1.0-1/jcip-annotations-1.0-1.jar:/home/user/.m2/repository/net/minidev/json-smart/2.3/json-smart-2.3.jar:/home/user/.m2/repository/net/minidev/accessors-smart/1.2/accessors-smart-1.2.jar:/home/user/.m2/repository/org/ow2/asm/asm/5.0.4/asm-5.0.4.jar:/home/user/.m2/repository/org/apache/curator/curator-framework/2.12.0/curator-framework-2.12.0.jar:/home/user/.m2/repository/com/sun/jersey/jersey-core/1.19/jersey-core-1.19.jar:/home/user/.m2/repository/javax/ws/rs/jsr311-api/1.1.1/jsr311-api-1.1.1.jar:/home/user/.m2/repository/com/sun/jersey/jersey-server/1.19/jersey-server-1.19.jar:/home/user/.m2/repository/javax/servlet/javax.servlet-api/3.1.0/javax.servlet-api-3.1.0.jar:/home/user/.m2/repository/org/eclipse/jetty/jetty-server/9.3.24.v20180605/jetty-server-9.3.24.v20180605.jar:/home/user/.m2/repository/org/eclipse/jetty/jetty-http/9.3.24.v20180605/jetty-http-9.3.24.v20180605.jar:/home/user/.m2/repository/org/eclipse/jetty/jetty-io/9.3.24.v20180605/jetty-io-9.3.24.v20180605.jar:/home/user/.m2/repository/org/eclipse/jetty/jetty-webapp/9.3.24.v20180605/jetty-webapp-9.3.24.v20180605.jar:/home/user/.m2/repository/org/eclipse/jetty/jetty-xml/9.3.24.v20180605/jetty-xml-9.3.24.v20180605.jar:/home/user/.m2/repository/log4j/log4j/1.2.17/log4j-1.2.17.jar:/home/user/.m2/repository/org/slf4j/slf4j-api/1.7.25/slf4j-api-1.7.25.jar:/home/user/.m2/repository/org/slf4j/jul-to-slf4j/1.7.25/jul-to-slf4j-1.7.25.jar:/home/user/.m2/repository/org/eclipse/jetty/jetty-util/9.3.24.v20180605/jetty-util-9.3.24.v20180605.jar:/home/user/.m2/repository/com/fasterxml/jackson/core/jackson-databind/2.9.5/jackson-databind-2.9.5.jar:/home/user/.m2/repository/org/apache/hadoop/hadoop-kms/3.2.0/hadoop-kms-3.2.0-tests.jar:/home/user/.m2/repository/org/apache/hadoop/hadoop-hdds-server-scm/0.5.0-SNAPSHOT/hadoop-hdds-server-scm-0.5.0-SNAPSHOT-tests.jar:/home/user/.m2/repository/org/apache/hadoop/hadoop-hdds-container-service/0.5.0-SNAPSHOT/hadoop-hdds-container-service-0.5.0-SNAPSHOT-tests.jar:/home/user/.m2/repository/org/yaml/snakeyaml/1.16/snakeyaml-1.16.jar:/home/user/.m2/repository/org/apache/hadoop/hadoop-common/3.2.0/hadoop-common-3.2.0-tests.jar:/home/user/.m2/repository/org/apache/hadoop/hadoop-annotations/3.2.0/hadoop-annotations-3.2.0.jar:/usr/lib/jvm/java-1.8-openjdk/jre/../lib/tools.jar:/home/user/.m2/repository/commons-cli/commons-cli/1.2/commons-cli-1.2.jar:/home/user/.m2/repository/org/apache/httpcomponents/httpclient/4.5.2/httpclient-4.5.2.jar:/home/user/.m2/repository/org/apache/httpcomponents/httpcore/4.4.4/httpcore-4.4.4.jar:/home/user/.m2/repository/commons-codec/commons-codec/1.11/commons-codec-1.11.jar:/home/user/.m2/repository/commons-net/commons-net/3.6/commons-net-3.6.jar:/home/user/.m2/repository/commons-collections/commons-collections/3.2.2/commons-collections-3.2.2.jar:/home/user/.m2/repository/org/eclipse/jetty/jetty-servlet/9.3.24.v20180605/jetty-servlet-9.3.24.v20180605.jar:/home/user/.m2/repository/org/eclipse/jetty/jetty-security/9.3.24.v20180605/jetty-security-9.3.24.v20180605.jar:/home/user/.m2/repository/javax/servlet/jsp/jsp-api/2.1/jsp-api-2.1.jar:/home/user/.m2/repository/com/sun/jersey/jersey-servlet/1.19/jersey-servlet-1.19.jar:/home/user/.m2/repository/com/sun/jersey/jersey-json/1.19/jersey-json-1.19.jar:/home/user/.m2/repository/org/codehaus/jettison/jettison/1.1/jettison-1.1.jar:/home/user/.m2/repository/org/codehaus/jackson/jackson-core-asl/1.9.13/jackson-core-asl-1.9.13.jar:/home/user/.m2/repository/org/codehaus/jackson/jackson-mapper-asl/1.9.13/jackson-mapper-asl-1.9.13.jar:/home/user/.m2/repository/org/codehaus/jackson/jackson-jaxrs/1.9.13/jackson-jaxrs-1.9.13.jar:/home/user/.m2/repository/org/codehaus/jackson/jackson-xc/1.9.13/jackson-xc-1.9.13.jar:/home/user/.m2/repository/commons-logging/commons-logging/1.1.3/commons-logging-1.1.3.jar:/home/user/.m2/repository/commons-beanutils/commons-beanutils/1.9.3/commons-beanutils-1.9.3.jar:/home/user/.m2/repository/org/apache/commons/commons-configuration2/2.1.1/commons-configuration2-2.1.1.jar:/home/user/.m2/repository/org/apache/commons/commons-lang3/3.7/commons-lang3-3.7.jar:/home/user/.m2/repository/org/apache/commons/commons-text/1.4/commons-text-1.4.jar:/home/user/.m2/repository/org/apache/avro/avro/1.7.7/avro-1.7.7.jar:/home/user/.m2/repository/com/thoughtworks/paranamer/paranamer/2.3/paranamer-2.3.jar:/home/user/.m2/repository/org/xerial/snappy/snappy-java/1.0.5/snappy-java-1.0.5.jar:/home/user/.m2/repository/com/google/re2j/re2j/1.1/re2j-1.1.jar:/home/user/.m2/repository/com/google/code/gson/gson/2.2.4/gson-2.2.4.jar:/home/user/.m2/repository/com/jcraft/jsch/0.1.54/jsch-0.1.54.jar:/home/user/.m2/repository/org/apache/curator/curator-client/2.12.0/curator-client-2.12.0.jar:/home/user/.m2/repository/org/apache/curator/curator-recipes/2.12.0/curator-recipes-2.12.0.jar:/home/user/.m2/repository/com/google/code/findbugs/jsr305/3.0.0/jsr305-3.0.0.jar:/home/user/.m2/repository/org/apache/htrace/htrace-core4/4.1.0-incubating/htrace-core4-4.1.0-incubating.jar:/home/user/.m2/repository/org/apache/zookeeper/zookeeper/3.4.13/zookeeper-3.4.13.jar:/home/user/.m2/repository/org/apache/yetus/audience-annotations/0.5.0/audience-annotations-0.5.0.jar:/home/user/.m2/repository/org/codehaus/woodstox/stax2-api/3.1.4/stax2-api-3.1.4.jar:/home/user/.m2/repository/com/fasterxml/woodstox/woodstox-core/5.0.3/woodstox-core-5.0.3.jar:/home/user/.m2/repository/dnsjava/dnsjava/2.1.7/dnsjava-2.1.7.jar:/home/user/.m2/repository/org/apache/hadoop/hadoop-hdfs/3.2.0/hadoop-hdfs-3.2.0-tests.jar:/home/user/.m2/repository/org/eclipse/jetty/jetty-util-ajax/9.3.24.v20180605/jetty-util-ajax-9.3.24.v20180605.jar:/home/user/.m2/repository/commons-daemon/commons-daemon/1.0.13/commons-daemon-1.0.13.jar:/home/user/.m2/repository/io/netty/netty/3.10.5.Final/netty-3.10.5.Final.jar:/home/user/.m2/repository/io/netty/netty-all/4.0.52.Final/netty-all-4.0.52.Final.jar:/home/user/.m2/repository/org/fusesource/leveldbjni/leveldbjni-all/1.8/leveldbjni-all-1.8.jar:"/>
    <property name="sun.cpu.endian" value="little"/>
    <property name="user.home" value="/home/user"/>
    <property name="user.language" value="en"/>
    <property name="java.specification.vendor" value="Oracle Corporation"/>
    <property name="java.home" value="/usr/lib/jvm/java-1.8-openjdk/jre"/>
    <property name="java.security.krb5.conf" value="/workdir/hadoop-ozone/integration-test/target/test-classes/krb5.conf"/>
    <property name="basedir" value="/workdir/hadoop-ozone/integration-test"/>
    <property name="file.separator" value="/"/>
    <property name="line.separator" value="&#10;"/>
    <property name="java.vm.specification.vendor" value="Oracle Corporation"/>
    <property name="java.specification.name" value="Java Platform API Specification"/>
    <property name="java.awt.graphicsenv" value="sun.awt.X11GraphicsEnvironment"/>
    <property name="surefire.real.class.path" value="/workdir/hadoop-ozone/integration-test/target/surefire/surefirebooter8982517679022473677.jar"/>
    <property name="hadoop.log.dir" value="/workdir/hadoop-ozone/integration-test/target/log"/>
    <property name="sun.boot.class.path" value="/usr/lib/jvm/java-1.8-openjdk/jre/lib/resources.jar:/usr/lib/jvm/java-1.8-openjdk/jre/lib/rt.jar:/usr/lib/jvm/java-1.8-openjdk/jre/lib/sunrsasign.jar:/usr/lib/jvm/java-1.8-openjdk/jre/lib/jsse.jar:/usr/lib/jvm/java-1.8-openjdk/jre/lib/jce.jar:/usr/lib/jvm/java-1.8-openjdk/jre/lib/charsets.jar:/usr/lib/jvm/java-1.8-openjdk/jre/lib/jfr.jar:/usr/lib/jvm/java-1.8-openjdk/jre/classes"/>
    <property name="sun.management.compiler" value="HotSpot 64-Bit Tiered Compilers"/>
    <property name="java.runtime.version" value="1.8.0_212-b04"/>
    <property name="java.net.preferIPv4Stack" value="true"/>
    <property name="user.name" value="jenkins1000"/>
    <property name="path.separator" value=":"/>
    <property name="java.security.egd" value="file:///dev/urandom"/>
    <property name="os.version" value="3.10.0-957.12.2.el7.x86_64"/>
    <property name="java.endorsed.dirs" value="/usr/lib/jvm/java-1.8-openjdk/jre/lib/endorsed"/>
    <property name="java.runtime.name" value="OpenJDK Runtime Environment"/>
    <property name="file.encoding" value="UTF-8"/>
    <property name="java.vm.name" value="OpenJDK 64-Bit Server VM"/>
    <property name="test.build.webapps" value=""/>
    <property name="localRepository" value="/home/user/.m2/repository"/>
    <property name="java.vendor.url.bug" value="https://icedtea.classpath.org/bugzilla"/>
    <property name="java.io.tmpdir" value="/tmp"/>
    <property name="require.test.libhadoop" value=""/>
    <property name="java.version" value="1.8.0_212"/>
    <property name="user.dir" value="/workdir/hadoop-ozone/integration-test"/>
    <property name="os.arch" value="amd64"/>
    <property name="java.vm.specification.name" value="Java Virtual Machine Specification"/>
    <property name="test.build.classes" value="/workdir/hadoop-ozone/integration-test/target/test-classes"/>
    <property name="java.awt.printerjob" value="sun.print.PSPrinterJob"/>
    <property name="sun.os.patch.level" value="unknown"/>
    <property name="hadoop.tmp.dir" value="/workdir/hadoop-ozone/integration-test/target/tmp"/>
    <property name="java.library.path" value="/usr/lib/jvm/java-1.8-openjdk/jre/lib/amd64/server:/usr/lib/jvm/java-1.8-openjdk/jre/lib/amd64:/usr/lib/jvm/java-1.8-openjdk/jre/../lib/amd64:/workdir/hadoop-ozone/integration-test/target/native/target/usr/local/lib:/workdir/hadoop-ozone/integration-test/../../hadoop-common-project/hadoop-common/target/native/target/usr/local/lib:/usr/java/packages/lib/amd64:/usr/lib64:/lib64:/lib:/usr/lib"/>
    <property name="java.vm.info" value="mixed mode"/>
    <property name="java.vendor" value="IcedTea"/>
    <property name="java.vm.version" value="25.212-b04"/>
    <property name="java.ext.dirs" value="/usr/lib/jvm/java-1.8-openjdk/jre/lib/ext:/usr/java/packages/lib/ext"/>
    <property name="sun.io.unicode.encoding" value="UnicodeLittle"/>
    <property name="java.class.version" value="52.0"/>
  </properties>
  <testcase name="testAutomaticPipelineCreationOnPipelineDestroy" classname="org.apache.hadoop.hdds.scm.pipeline.TestRatisPipelineCreateAndDestory" time="30.879"/>
  <testcase name="testPipelineCreationOnNodeRestart" classname="org.apache.hadoop.hdds.scm.pipeline.TestRatisPipelineCreateAndDestory" time="40.356">
    <error message="test timed out after 30000 milliseconds" type="java.lang.Exception">java.lang.Exception: test timed out after 30000 milliseconds
	at sun.misc.Unsafe.park(Native Method)
	at java.util.concurrent.locks.LockSupport.park(LockSupport.java:175)
	at java.util.concurrent.locks.AbstractQueuedSynchronizer.parkAndCheckInterrupt(AbstractQueuedSynchronizer.java:836)
	at java.util.concurrent.locks.AbstractQueuedSynchronizer.doAcquireShared(AbstractQueuedSynchronizer.java:967)
	at java.util.concurrent.locks.AbstractQueuedSynchronizer.acquireShared(AbstractQueuedSynchronizer.java:1283)
	at java.util.concurrent.locks.ReentrantReadWriteLock$ReadLock.lock(ReentrantReadWriteLock.java:727)
	at org.apache.hadoop.hdds.scm.pipeline.SCMPipelineManager.getPipelines(SCMPipelineManager.java:225)
	at org.apache.hadoop.hdds.scm.pipeline.TestRatisPipelineCreateAndDestory.lambda$waitForPipelines$0(TestRatisPipelineCreateAndDestory.java:127)
	at org.apache.hadoop.hdds.scm.pipeline.TestRatisPipelineCreateAndDestory$$Lambda$278/1626909387.get(Unknown Source)
	at org.apache.hadoop.test.GenericTestUtils.waitFor(GenericTestUtils.java:383)
	at org.apache.hadoop.hdds.scm.pipeline.TestRatisPipelineCreateAndDestory.waitForPipelines(TestRatisPipelineCreateAndDestory.java:126)
	at org.apache.hadoop.hdds.scm.pipeline.TestRatisPipelineCreateAndDestory.testPipelineCreationOnNodeRestart(TestRatisPipelineCreateAndDestory.java:121)
	at sun.reflect.NativeMethodAccessorImpl.invoke0(Native Method)
	at sun.reflect.NativeMethodAccessorImpl.invoke(NativeMethodAccessorImpl.java:62)
	at sun.reflect.DelegatingMethodAccessorImpl.invoke(DelegatingMethodAccessorImpl.java:43)
	at java.lang.reflect.Method.invoke(Method.java:498)
	at org.junit.runners.model.FrameworkMethod$1.runReflectiveCall(FrameworkMethod.java:47)
	at org.junit.internal.runners.model.ReflectiveCallable.run(ReflectiveCallable.java:12)
	at org.junit.runners.model.FrameworkMethod.invokeExplosively(FrameworkMethod.java:44)
	at org.junit.internal.runners.statements.InvokeMethod.evaluate(InvokeMethod.java:17)
	at org.junit.internal.runners.statements.FailOnTimeout$StatementThread.run(FailOnTimeout.java:74)
</error>
    <system-out><![CDATA[2019-08-20 15:34:05,422 [Thread-321] WARN  server.ServerUtils (ServerUtils.java:getScmDbDir(145)) - ozone.scm.db.dirs is not configured. We recommend adding this setting. Falling back to ozone.metadata.dirs instead.
2019-08-20 15:34:05,437 [Thread-321] WARN  server.ServerUtils (ServerUtils.java:getScmDbDir(145)) - ozone.scm.db.dirs is not configured. We recommend adding this setting. Falling back to ozone.metadata.dirs instead.
2019-08-20 15:34:05,437 [Thread-321] WARN  server.ServerUtils (ServerUtils.java:getScmDbDir(145)) - ozone.scm.db.dirs is not configured. We recommend adding this setting. Falling back to ozone.metadata.dirs instead.
2019-08-20 15:34:05,438 [Thread-321] INFO  db.DBStoreBuilder (DBStoreBuilder.java:addTable(110)) - using custom profile for table: deletedBlocks
2019-08-20 15:34:05,438 [Thread-321] INFO  db.DBStoreBuilder (DBStoreBuilder.java:processTables(161)) - Using default column profile:DBProfile.DISK for Table:deletedBlocks
2019-08-20 15:34:05,438 [Thread-321] INFO  db.DBStoreBuilder (DBStoreBuilder.java:addTable(110)) - using custom profile for table: validCerts
2019-08-20 15:34:05,438 [Thread-321] INFO  db.DBStoreBuilder (DBStoreBuilder.java:processTables(161)) - Using default column profile:DBProfile.DISK for Table:validCerts
2019-08-20 15:34:05,438 [Thread-321] INFO  db.DBStoreBuilder (DBStoreBuilder.java:addTable(110)) - using custom profile for table: revokedCerts
2019-08-20 15:34:05,439 [Thread-321] INFO  db.DBStoreBuilder (DBStoreBuilder.java:processTables(161)) - Using default column profile:DBProfile.DISK for Table:revokedCerts
2019-08-20 15:34:05,439 [Thread-321] INFO  db.DBStoreBuilder (DBStoreBuilder.java:addTable(110)) - using custom profile for table: default
2019-08-20 15:34:05,439 [Thread-321] INFO  db.DBStoreBuilder (DBStoreBuilder.java:processTables(167)) - Using default column profile:DBProfile.DISK for Table:default
2019-08-20 15:34:05,439 [Thread-321] INFO  db.DBStoreBuilder (DBStoreBuilder.java:getDbProfile(198)) - Using default options. DBProfile.DISK
2019-08-20 15:34:05,716 [Thread-321] INFO  net.NodeSchemaLoader (NodeSchemaLoader.java:loadSchemaFromFile(125)) - Loading file from sun.misc.CompoundEnumeration@10024878
2019-08-20 15:34:05,716 [Thread-321] INFO  net.NodeSchemaLoader (NodeSchemaLoader.java:loadSchema(171)) - Loading network topology layer schema file
2019-08-20 15:34:05,721 [Thread-321] INFO  node.SCMNodeManager (SCMNodeManager.java:<init>(121)) - Entering startup safe mode.
2019-08-20 15:34:05,721 [Thread-321] INFO  algorithms.ContainerPlacementPolicyFactory (ContainerPlacementPolicyFactory.java:getPolicy(55)) - Create container placement policy of type org.apache.hadoop.hdds.scm.container.placement.algorithms.SCMContainerPlacementRandom
2019-08-20 15:34:05,722 [Thread-321] WARN  server.ServerUtils (ServerUtils.java:getScmDbDir(145)) - ozone.scm.db.dirs is not configured. We recommend adding this setting. Falling back to ozone.metadata.dirs instead.
2019-08-20 15:34:05,818 [Thread-321] INFO  pipeline.SCMPipelineManager (SCMPipelineManager.java:initializePipelineState(126)) - No pipeline exists in current db
2019-08-20 15:34:05,818 [Thread-321] WARN  server.ServerUtils (ServerUtils.java:getScmDbDir(145)) - ozone.scm.db.dirs is not configured. We recommend adding this setting. Falling back to ozone.metadata.dirs instead.
2019-08-20 15:34:05,881 [Thread-321] WARN  events.EventQueue (EventQueue.java:fireEvent(175)) - No event handler registered for event TypedEvent{payloadType=SafeModeStatus, name='SafeModeStatus'}
2019-08-20 15:34:05,881 [Thread-321] INFO  ipc.CallQueueManager (CallQueueManager.java:<init>(84)) - Using callQueue: class java.util.concurrent.LinkedBlockingQueue, queueCapacity: 2000, scheduler: class org.apache.hadoop.ipc.DefaultRpcScheduler, ipcBackoff: false.
2019-08-20 15:34:05,882 [Socket Reader #1 for port 35297] INFO  ipc.Server (Server.java:run(1074)) - Starting Socket Reader #1 for port 35297
2019-08-20 15:34:05,883 [Thread-321] INFO  ipc.CallQueueManager (CallQueueManager.java:<init>(84)) - Using callQueue: class java.util.concurrent.LinkedBlockingQueue, queueCapacity: 2000, scheduler: class org.apache.hadoop.ipc.DefaultRpcScheduler, ipcBackoff: false.
2019-08-20 15:34:05,883 [Socket Reader #1 for port 38891] INFO  ipc.Server (Server.java:run(1074)) - Starting Socket Reader #1 for port 38891
2019-08-20 15:34:05,884 [Thread-321] INFO  ipc.CallQueueManager (CallQueueManager.java:<init>(84)) - Using callQueue: class java.util.concurrent.LinkedBlockingQueue, queueCapacity: 2000, scheduler: class org.apache.hadoop.ipc.DefaultRpcScheduler, ipcBackoff: false.
2019-08-20 15:34:05,885 [Socket Reader #1 for port 38791] INFO  ipc.Server (Server.java:run(1074)) - Starting Socket Reader #1 for port 38791
2019-08-20 15:34:05,886 [Thread-321] INFO  hdfs.DFSUtil (DFSUtil.java:httpServerTemplateForNNAndJN(1641)) - Starting Web-server for scm at: http://0.0.0.0:0
2019-08-20 15:34:05,888 [Thread-321] INFO  server.AuthenticationFilter (AuthenticationFilter.java:constructSecretProvider(240)) - Unable to initialize FileSignerSecretProvider, falling back to use random secrets.
2019-08-20 15:34:05,888 [Thread-321] WARN  http.HttpRequestLog (HttpRequestLog.java:getRequestLog(97)) - Jetty request log can only be enabled using Log4j
2019-08-20 15:34:05,890 [Thread-321] INFO  http.HttpServer2 (HttpServer2.java:addGlobalFilter(975)) - Added global filter 'safety' (class=org.apache.hadoop.http.HttpServer2$QuotingInputFilter)
2019-08-20 15:34:05,890 [Thread-321] INFO  http.HttpServer2 (HttpServer2.java:addFilter(948)) - Added filter static_user_filter (class=org.apache.hadoop.http.lib.StaticUserWebFilter$StaticUserFilter) to context scm
2019-08-20 15:34:05,890 [Thread-321] INFO  http.HttpServer2 (HttpServer2.java:addFilter(958)) - Added filter static_user_filter (class=org.apache.hadoop.http.lib.StaticUserWebFilter$StaticUserFilter) to context logs
2019-08-20 15:34:05,890 [Thread-321] INFO  http.HttpServer2 (HttpServer2.java:addFilter(958)) - Added filter static_user_filter (class=org.apache.hadoop.http.lib.StaticUserWebFilter$StaticUserFilter) to context static
2019-08-20 15:34:05,892 [Thread-321] INFO  server.StorageContainerManager (StorageContainerManager.java:start(759)) - StorageContainerLocationProtocol RPC server is listening at /0.0.0.0:38791
2019-08-20 15:34:05,894 [Thread-321] WARN  impl.MetricsConfig (MetricsConfig.java:loadFirst(134)) - Cannot locate configuration: tried hadoop-metrics2-storagecontainermanager.properties,hadoop-metrics2.properties
2019-08-20 15:34:05,895 [Thread-321] INFO  impl.MetricsSystemImpl (MetricsSystemImpl.java:startTimer(374)) - Scheduled Metric snapshot period at 10 second(s).
2019-08-20 15:34:05,895 [Thread-321] INFO  impl.MetricsSystemImpl (MetricsSystemImpl.java:start(191)) - StorageContainerManager metrics system started
2019-08-20 15:34:05,928 [Thread-321] INFO  server.SCMClientProtocolServer (SCMClientProtocolServer.java:start(151)) - RPC server for Client  is listening at /0.0.0.0:38791
2019-08-20 15:34:05,929 [IPC Server Responder] INFO  ipc.Server (Server.java:run(1314)) - IPC Server Responder: starting
2019-08-20 15:34:05,929 [IPC Server listener on 38791] INFO  ipc.Server (Server.java:run(1153)) - IPC Server listener on 38791: starting
2019-08-20 15:34:05,931 [Thread-321] INFO  server.StorageContainerManager (StorageContainerManager.java:start(769)) - ScmBlockLocationProtocol RPC server is listening at /0.0.0.0:38891
2019-08-20 15:34:05,931 [Thread-321] INFO  server.SCMBlockProtocolServer (SCMBlockProtocolServer.java:start(140)) - RPC server for Block Protocol is listening at /0.0.0.0:38891
2019-08-20 15:34:05,931 [IPC Server Responder] INFO  ipc.Server (Server.java:run(1314)) - IPC Server Responder: starting
2019-08-20 15:34:05,931 [IPC Server listener on 38891] INFO  ipc.Server (Server.java:run(1153)) - IPC Server listener on 38891: starting
2019-08-20 15:34:05,934 [Thread-321] INFO  server.StorageContainerManager (StorageContainerManager.java:start(773)) - ScmDatanodeProtocl RPC server is listening at /0.0.0.0:35297
2019-08-20 15:34:05,934 [Thread-321] INFO  server.SCMDatanodeProtocolServer (SCMDatanodeProtocolServer.java:start(191)) - RPC server for DataNodes is listening at /0.0.0.0:35297
2019-08-20 15:34:05,934 [IPC Server Responder] INFO  ipc.Server (Server.java:run(1314)) - IPC Server Responder: starting
2019-08-20 15:34:05,934 [IPC Server listener on 35297] INFO  ipc.Server (Server.java:run(1153)) - IPC Server listener on 35297: starting
2019-08-20 15:34:05,937 [Thread-321] INFO  http.HttpServer2 (HttpServer2.java:bindListener(1191)) - Jetty bound to port 41547
2019-08-20 15:34:05,937 [Thread-321] INFO  server.Server (Server.java:doStart(351)) - jetty-9.3.24.v20180605, build timestamp: 2018-06-05T17:11:56Z, git hash: 84205aa28f11a4f31f2a3b86d1bba2cc8ab69827
2019-08-20 15:34:05,938 [Thread-321] INFO  handler.ContextHandler (ContextHandler.java:doStart(781)) - Started o.e.j.s.ServletContextHandler@3493c0e7{/logs,file:///workdir/hadoop-ozone/integration-test/target/log,AVAILABLE}
2019-08-20 15:34:05,939 [Thread-321] INFO  handler.ContextHandler (ContextHandler.java:doStart(781)) - Started o.e.j.s.ServletContextHandler@3f24357d{/static,file:///workdir/hadoop-ozone/integration-test/target/test-classes/webapps/static,AVAILABLE}
2019-08-20 15:34:05,943 [Thread-321] INFO  handler.ContextHandler (ContextHandler.java:doStart(781)) - Started o.e.j.w.WebAppContext@6225d168{/,file:///workdir/hadoop-ozone/integration-test/target/test-classes/webapps/scm/,AVAILABLE}{/scm}
2019-08-20 15:34:05,943 [Thread-321] INFO  server.AbstractConnector (AbstractConnector.java:doStart(278)) - Started ServerConnector@3d7caf11{HTTP/1.1,[http/1.1]}{0.0.0.0:41547}
2019-08-20 15:34:05,944 [Thread-321] INFO  server.Server (Server.java:doStart(419)) - Started @31929ms
2019-08-20 15:34:05,944 [Thread-321] INFO  server.BaseHttpServer (BaseHttpServer.java:updateConnectorAddress(213)) - HTTP server of SCM is listening at http://0.0.0.0:41547
2019-08-20 15:34:05,945 [Thread-321] WARN  server.ServerUtils (ServerUtils.java:getDBPath(222)) - ozone.om.db.dirs is not configured. We recommend adding this setting. Falling back to ozone.metadata.dirs instead.
2019-08-20 15:34:05,945 [org.apache.hadoop.util.JvmPauseMonitor$Monitor@268f5f63] INFO  util.JvmPauseMonitor (JvmPauseMonitor.java:run(188)) - Starting JVM pause monitor
2019-08-20 15:34:05,958 [Thread-321] WARN  server.ServerUtils (ServerUtils.java:getDBPath(222)) - ozone.om.db.dirs is not configured. We recommend adding this setting. Falling back to ozone.metadata.dirs instead.
2019-08-20 15:34:05,958 [Thread-321] WARN  server.ServerUtils (ServerUtils.java:getDBPath(222)) - ozone.om.db.dirs is not configured. We recommend adding this setting. Falling back to ozone.metadata.dirs instead.
2019-08-20 15:34:05,958 [Thread-321] INFO  om.OzoneManager (OzoneManager.java:setOMNodeDetails(648)) - OM Service ID is not set. Setting it to the default ID: omServiceIdDefault
2019-08-20 15:34:05,959 [Thread-321] INFO  om.OzoneManager (OzoneManager.java:setOMNodeDetails(654)) - OM Node ID is not set. Setting it to the OmStorage's OmID: cf1e88ba-2ad5-4dce-9631-abeb41bc34f1
2019-08-20 15:34:05,959 [Thread-321] INFO  om.OzoneManager (OzoneManager.java:loadOMHAConfigs(605)) - Found matching OM address with OMServiceId: null, OMNodeId: null, RPC Address: localhost:0 and Ratis port: 9872
2019-08-20 15:34:05,962 | INFO  | SCMAudit | user=jenkins1000 | ip=192.168.69.100 | op=GET_SCM_INFO null | ret=SUCCESS |  
2019-08-20 15:34:05,964 [Thread-321] WARN  server.ServerUtils (ServerUtils.java:getDBPath(222)) - ozone.om.db.dirs is not configured. We recommend adding this setting. Falling back to ozone.metadata.dirs instead.
2019-08-20 15:34:05,965 [Thread-321] INFO  db.DBStoreBuilder (DBStoreBuilder.java:addTable(110)) - using custom profile for table: userTable
2019-08-20 15:34:05,965 [Thread-321] INFO  db.DBStoreBuilder (DBStoreBuilder.java:processTables(161)) - Using default column profile:DBProfile.DISK for Table:userTable
2019-08-20 15:34:05,965 [Thread-321] INFO  db.DBStoreBuilder (DBStoreBuilder.java:addTable(110)) - using custom profile for table: volumeTable
2019-08-20 15:34:05,965 [Thread-321] INFO  db.DBStoreBuilder (DBStoreBuilder.java:processTables(161)) - Using default column profile:DBProfile.DISK for Table:volumeTable
2019-08-20 15:34:05,965 [Thread-321] INFO  db.DBStoreBuilder (DBStoreBuilder.java:addTable(110)) - using custom profile for table: bucketTable
2019-08-20 15:34:05,965 [Thread-321] INFO  db.DBStoreBuilder (DBStoreBuilder.java:processTables(161)) - Using default column profile:DBProfile.DISK for Table:bucketTable
2019-08-20 15:34:05,965 [Thread-321] INFO  db.DBStoreBuilder (DBStoreBuilder.java:addTable(110)) - using custom profile for table: keyTable
2019-08-20 15:34:05,966 [Thread-321] INFO  db.DBStoreBuilder (DBStoreBuilder.java:processTables(161)) - Using default column profile:DBProfile.DISK for Table:keyTable
2019-08-20 15:34:05,966 [Thread-321] INFO  db.DBStoreBuilder (DBStoreBuilder.java:addTable(110)) - using custom profile for table: deletedTable
2019-08-20 15:34:05,966 [Thread-321] INFO  db.DBStoreBuilder (DBStoreBuilder.java:processTables(161)) - Using default column profile:DBProfile.DISK for Table:deletedTable
2019-08-20 15:34:05,966 [Thread-321] INFO  db.DBStoreBuilder (DBStoreBuilder.java:addTable(110)) - using custom profile for table: openKeyTable
2019-08-20 15:34:05,966 [Thread-321] INFO  db.DBStoreBuilder (DBStoreBuilder.java:processTables(161)) - Using default column profile:DBProfile.DISK for Table:openKeyTable
2019-08-20 15:34:05,966 [Thread-321] INFO  db.DBStoreBuilder (DBStoreBuilder.java:addTable(110)) - using custom profile for table: s3Table
2019-08-20 15:34:05,966 [Thread-321] INFO  db.DBStoreBuilder (DBStoreBuilder.java:processTables(161)) - Using default column profile:DBProfile.DISK for Table:s3Table
2019-08-20 15:34:05,967 [Thread-321] INFO  db.DBStoreBuilder (DBStoreBuilder.java:addTable(110)) - using custom profile for table: multipartInfoTable
2019-08-20 15:34:05,967 [Thread-321] INFO  db.DBStoreBuilder (DBStoreBuilder.java:processTables(161)) - Using default column profile:DBProfile.DISK for Table:multipartInfoTable
2019-08-20 15:34:05,967 [Thread-321] INFO  db.DBStoreBuilder (DBStoreBuilder.java:addTable(110)) - using custom profile for table: dTokenTable
2019-08-20 15:34:05,967 [Thread-321] INFO  db.DBStoreBuilder (DBStoreBuilder.java:processTables(161)) - Using default column profile:DBProfile.DISK for Table:dTokenTable
2019-08-20 15:34:05,967 [Thread-321] INFO  db.DBStoreBuilder (DBStoreBuilder.java:addTable(110)) - using custom profile for table: s3SecretTable
2019-08-20 15:34:05,967 [Thread-321] INFO  db.DBStoreBuilder (DBStoreBuilder.java:processTables(161)) - Using default column profile:DBProfile.DISK for Table:s3SecretTable
2019-08-20 15:34:05,968 [Thread-321] INFO  db.DBStoreBuilder (DBStoreBuilder.java:addTable(110)) - using custom profile for table: prefixTable
2019-08-20 15:34:05,968 [Thread-321] INFO  db.DBStoreBuilder (DBStoreBuilder.java:processTables(161)) - Using default column profile:DBProfile.DISK for Table:prefixTable
2019-08-20 15:34:05,968 [Thread-321] INFO  db.DBStoreBuilder (DBStoreBuilder.java:addTable(110)) - using custom profile for table: default
2019-08-20 15:34:05,968 [Thread-321] INFO  db.DBStoreBuilder (DBStoreBuilder.java:processTables(167)) - Using default column profile:DBProfile.DISK for Table:default
2019-08-20 15:34:05,968 [Thread-321] INFO  db.DBStoreBuilder (DBStoreBuilder.java:getDbProfile(198)) - Using default options. DBProfile.DISK
2019-08-20 15:34:06,703 [Thread-321] INFO  ipc.CallQueueManager (CallQueueManager.java:<init>(84)) - Using callQueue: class java.util.concurrent.LinkedBlockingQueue, queueCapacity: 2000, scheduler: class org.apache.hadoop.ipc.DefaultRpcScheduler, ipcBackoff: false.
2019-08-20 15:34:06,704 [Socket Reader #1 for port 33926] INFO  ipc.Server (Server.java:run(1074)) - Starting Socket Reader #1 for port 33926
2019-08-20 15:34:06,722 [Thread-321] INFO  om.OzoneManager (OzoneManager.java:start(1259)) - OzoneManager RPC server is listening at localhost/127.0.0.1:33926
2019-08-20 15:34:06,722 [Thread-321] INFO  impl.MetricsSystemImpl (MetricsSystemImpl.java:init(158)) - OzoneManager metrics system started (again)
2019-08-20 15:34:06,723 [IPC Server Responder] INFO  ipc.Server (Server.java:run(1314)) - IPC Server Responder: starting
2019-08-20 15:34:06,723 [IPC Server listener on 33926] INFO  ipc.Server (Server.java:run(1153)) - IPC Server listener on 33926: starting
2019-08-20 15:34:06,727 [Thread-321] INFO  hdfs.DFSUtil (DFSUtil.java:httpServerTemplateForNNAndJN(1641)) - Starting Web-server for ozoneManager at: http://0.0.0.0:0
2019-08-20 15:34:06,729 [Thread-321] INFO  server.AuthenticationFilter (AuthenticationFilter.java:constructSecretProvider(240)) - Unable to initialize FileSignerSecretProvider, falling back to use random secrets.
2019-08-20 15:34:06,730 [Thread-321] WARN  http.HttpRequestLog (HttpRequestLog.java:getRequestLog(97)) - Jetty request log can only be enabled using Log4j
2019-08-20 15:34:06,732 [Thread-321] INFO  http.HttpServer2 (HttpServer2.java:addGlobalFilter(975)) - Added global filter 'safety' (class=org.apache.hadoop.http.HttpServer2$QuotingInputFilter)
2019-08-20 15:34:06,733 [Thread-321] INFO  http.HttpServer2 (HttpServer2.java:addFilter(948)) - Added filter static_user_filter (class=org.apache.hadoop.http.lib.StaticUserWebFilter$StaticUserFilter) to context ozoneManager
2019-08-20 15:34:06,734 [Thread-321] INFO  http.HttpServer2 (HttpServer2.java:addFilter(958)) - Added filter static_user_filter (class=org.apache.hadoop.http.lib.StaticUserWebFilter$StaticUserFilter) to context logs
2019-08-20 15:34:06,734 [Thread-321] INFO  http.HttpServer2 (HttpServer2.java:addFilter(958)) - Added filter static_user_filter (class=org.apache.hadoop.http.lib.StaticUserWebFilter$StaticUserFilter) to context static
2019-08-20 15:34:06,735 [Thread-321] INFO  http.HttpServer2 (HttpServer2.java:bindListener(1191)) - Jetty bound to port 35985
2019-08-20 15:34:06,735 [Thread-321] INFO  server.Server (Server.java:doStart(351)) - jetty-9.3.24.v20180605, build timestamp: 2018-06-05T17:11:56Z, git hash: 84205aa28f11a4f31f2a3b86d1bba2cc8ab69827
2019-08-20 15:34:06,737 [Thread-321] INFO  handler.ContextHandler (ContextHandler.java:doStart(781)) - Started o.e.j.s.ServletContextHandler@7e6fa0d5{/logs,file:///workdir/hadoop-ozone/integration-test/target/log,AVAILABLE}
2019-08-20 15:34:06,738 [Thread-321] INFO  handler.ContextHandler (ContextHandler.java:doStart(781)) - Started o.e.j.s.ServletContextHandler@71d8ed13{/static,file:///workdir/hadoop-ozone/integration-test/target/test-classes/webapps/static,AVAILABLE}
2019-08-20 15:34:06,743 [Thread-321] INFO  handler.ContextHandler (ContextHandler.java:doStart(781)) - Started o.e.j.w.WebAppContext@3137324b{/,file:///workdir/hadoop-ozone/integration-test/target/test-classes/webapps/ozoneManager/,AVAILABLE}{/ozoneManager}
2019-08-20 15:34:06,744 [Thread-321] INFO  server.AbstractConnector (AbstractConnector.java:doStart(278)) - Started ServerConnector@69b991a2{HTTP/1.1,[http/1.1]}{0.0.0.0:35985}
2019-08-20 15:34:06,745 [Thread-321] INFO  server.Server (Server.java:doStart(419)) - Started @32730ms
2019-08-20 15:34:06,746 [Thread-321] INFO  server.BaseHttpServer (BaseHttpServer.java:updateConnectorAddress(213)) - HTTP server of OZONEMANAGER is listening at http://0.0.0.0:35985
2019-08-20 15:34:06,756 [Thread-321] INFO  impl.MetricsSystemImpl (MetricsSystemImpl.java:init(158)) - HddsDatanode metrics system started (again)
2019-08-20 15:34:06,758 [Thread-321] INFO  ozone.HddsDatanodeService (HddsDatanodeService.java:start(184)) - HddsDatanodeService host:pr-hdds-1975-spxzp-3193579258 ip:192.168.69.100
2019-08-20 15:34:06,764 [Thread-321] INFO  volume.HddsVolume (HddsVolume.java:<init>(176)) - Creating Volume: /workdir/hadoop-ozone/integration-test/target/test-dir/MiniOzoneClusterImpl-df511d4d-48d9-413f-91af-5a600e7276fd/datanode-0/data/containers/hdds of  storage type : DISK and capacity : 1482555576320
2019-08-20 15:34:06,764 [Thread-321] INFO  volume.VolumeSet (VolumeSet.java:initializeVolumeSet(170)) - Added Volume : /workdir/hadoop-ozone/integration-test/target/test-dir/MiniOzoneClusterImpl-df511d4d-48d9-413f-91af-5a600e7276fd/datanode-0/data/containers/hdds to VolumeSet
2019-08-20 15:34:06,765 [Thread-321] INFO  volume.ThrottledAsyncChecker (ThrottledAsyncChecker.java:schedule(140)) - Scheduling a check for org.apache.hadoop.ozone.container.common.volume.HddsVolume@76b40fb9
2019-08-20 15:34:06,765 [Thread-321] INFO  volume.HddsVolumeChecker (HddsVolumeChecker.java:checkAllVolumes(203)) - Scheduled health check for volume org.apache.hadoop.ozone.container.common.volume.HddsVolume@76b40fb9
2019-08-20 15:34:06,781 [Thread-321] INFO  impl.RaftServerProxy (ConfUtils.java:logGet(43)) - raft.rpc.type = GRPC (default)
2019-08-20 15:34:06,782 [Thread-321] INFO  grpc.GrpcFactory (GrpcFactory.java:checkPooledByteBufAllocatorUseCacheForAllThreads(45)) - PERFORMANCE WARNING: useCacheForAllThreads is true that may cause Netty to create a lot garbage objects and, as a result, trigger GC.
	It is recommended to disable useCacheForAllThreads by setting -Dorg.apache.ratis.thirdparty.io.netty.allocator.useCacheForAllThreads=false in command line.
2019-08-20 15:34:06,782 [Thread-321] INFO  grpc.GrpcConfigKeys$Server (ConfUtils.java:logGet(43)) - raft.grpc.server.port = 0 (default)
2019-08-20 15:34:06,782 [Thread-321] INFO  server.GrpcService (ConfUtils.java:logGet(43)) - raft.grpc.message.size.max = 33570816 (custom)
2019-08-20 15:34:06,782 [Thread-321] INFO  server.RaftServerConfigKeys (ConfUtils.java:logGet(43)) - raft.server.log.appender.buffer.byte-limit = 33554432 (custom)
2019-08-20 15:34:06,783 [Thread-321] INFO  server.GrpcService (ConfUtils.java:logGet(43)) - raft.grpc.flow.control.window = 1MB (=1048576) (default)
2019-08-20 15:34:06,783 [Thread-321] INFO  server.RaftServerConfigKeys (ConfUtils.java:logGet(43)) - raft.server.rpc.request.timeout = 3000ms (default)
2019-08-20 15:34:06,783 [Thread-321] INFO  server.RaftServerConfigKeys (ConfUtils.java:logGet(43)) - raft.server.storage.dir = [/workdir/hadoop-ozone/integration-test/target/test-dir/MiniOzoneClusterImpl-df511d4d-48d9-413f-91af-5a600e7276fd/datanode-0/data/ratis] (custom)
2019-08-20 15:34:06,784 [Thread-321] INFO  replication.SimpleContainerDownloader (SimpleContainerDownloader.java:<init>(72)) - Starting container downloader service to copy containers to replicate.
2019-08-20 15:34:06,785 [Thread-321] INFO  hdfs.DFSUtil (DFSUtil.java:httpServerTemplateForNNAndJN(1641)) - Starting Web-server for hddsDatanode at: http://0.0.0.0:0
2019-08-20 15:34:06,787 [Thread-321] INFO  server.AuthenticationFilter (AuthenticationFilter.java:constructSecretProvider(240)) - Unable to initialize FileSignerSecretProvider, falling back to use random secrets.
2019-08-20 15:34:06,787 [Thread-321] WARN  http.HttpRequestLog (HttpRequestLog.java:getRequestLog(97)) - Jetty request log can only be enabled using Log4j
2019-08-20 15:34:06,789 [Thread-321] INFO  http.HttpServer2 (HttpServer2.java:addGlobalFilter(975)) - Added global filter 'safety' (class=org.apache.hadoop.http.HttpServer2$QuotingInputFilter)
2019-08-20 15:34:06,789 [Thread-321] INFO  http.HttpServer2 (HttpServer2.java:addFilter(948)) - Added filter static_user_filter (class=org.apache.hadoop.http.lib.StaticUserWebFilter$StaticUserFilter) to context hddsDatanode
2019-08-20 15:34:06,789 [Thread-321] INFO  http.HttpServer2 (HttpServer2.java:addFilter(958)) - Added filter static_user_filter (class=org.apache.hadoop.http.lib.StaticUserWebFilter$StaticUserFilter) to context static
2019-08-20 15:34:06,790 [Thread-321] INFO  http.HttpServer2 (HttpServer2.java:addFilter(958)) - Added filter static_user_filter (class=org.apache.hadoop.http.lib.StaticUserWebFilter$StaticUserFilter) to context logs
2019-08-20 15:34:06,790 [Thread-321] INFO  http.HttpServer2 (HttpServer2.java:bindListener(1191)) - Jetty bound to port 37251
2019-08-20 15:34:06,790 [Thread-321] INFO  server.Server (Server.java:doStart(351)) - jetty-9.3.24.v20180605, build timestamp: 2018-06-05T17:11:56Z, git hash: 84205aa28f11a4f31f2a3b86d1bba2cc8ab69827
2019-08-20 15:34:06,792 [Thread-321] INFO  handler.ContextHandler (ContextHandler.java:doStart(781)) - Started o.e.j.s.ServletContextHandler@316c33d0{/logs,file:///workdir/hadoop-ozone/integration-test/target/log,AVAILABLE}
2019-08-20 15:34:06,792 [Thread-321] INFO  handler.ContextHandler (ContextHandler.java:doStart(781)) - Started o.e.j.s.ServletContextHandler@5b6c3059{/static,jar:file:/home/user/.m2/repository/org/apache/hadoop/hadoop-hdds-container-service/0.5.0-SNAPSHOT/hadoop-hdds-container-service-0.5.0-SNAPSHOT.jar!/webapps/static,AVAILABLE}
2019-08-20 15:34:06,828 [Thread-321] INFO  handler.ContextHandler (ContextHandler.java:doStart(781)) - Started o.e.j.w.WebAppContext@2ba5d4d0{/,file:///tmp/jetty-0.0.0.0-37251-hddsDatanode-_-any-5263782472725368569.dir/webapp/,AVAILABLE}{/hddsDatanode}
2019-08-20 15:34:06,829 [Thread-321] INFO  server.AbstractConnector (AbstractConnector.java:doStart(278)) - Started ServerConnector@c09ce3a{HTTP/1.1,[http/1.1]}{0.0.0.0:37251}
2019-08-20 15:34:06,829 [Thread-321] INFO  server.Server (Server.java:doStart(419)) - Started @32814ms
2019-08-20 15:34:06,830 [Thread-321] INFO  server.BaseHttpServer (BaseHttpServer.java:updateConnectorAddress(213)) - HTTP server of HDDSDATANODE is listening at http://0.0.0.0:37251
2019-08-20 15:34:06,975 | INFO  | ObjectStoreRestHttpServer | Listening HDDS REST traffic on /0.0.0.0:44485 |  
2019-08-20 15:34:06,975 [Thread-321] INFO  ozone.HddsDatanodeService (HddsDatanodeService.java:startPlugins(395)) - Started plug-in org.apache.hadoop.ozone.web.OzoneHddsDatanodeService@7b33e47f
2019-08-20 15:34:06,976 [Thread-321] INFO  impl.MetricsSystemImpl (MetricsSystemImpl.java:init(158)) - HddsDatanode metrics system started (again)
2019-08-20 15:34:06,978 [org.apache.hadoop.util.JvmPauseMonitor$Monitor@4db16409] INFO  util.JvmPauseMonitor (JvmPauseMonitor.java:run(188)) - Starting JVM pause monitor
2019-08-20 15:34:06,978 [Thread-321] INFO  ozone.HddsDatanodeService (HddsDatanodeService.java:start(184)) - HddsDatanodeService host:pr-hdds-1975-spxzp-3193579258 ip:192.168.69.100
2019-08-20 15:34:06,981 [Datanode State Machine Thread - 0] INFO  datanode.InitDatanodeState (InitDatanodeState.java:persistContainerDatanodeDetails(140)) - DatanodeDetails is persisted to /workdir/hadoop-ozone/integration-test/target/test-dir/MiniOzoneClusterImpl-df511d4d-48d9-413f-91af-5a600e7276fd/datanode-0/meta/datanode.id
2019-08-20 15:34:06,985 [Thread-321] INFO  volume.HddsVolume (HddsVolume.java:<init>(176)) - Creating Volume: /workdir/hadoop-ozone/integration-test/target/test-dir/MiniOzoneClusterImpl-df511d4d-48d9-413f-91af-5a600e7276fd/datanode-1/data/containers/hdds of  storage type : DISK and capacity : 1482555576320
2019-08-20 15:34:06,986 [Thread-321] INFO  volume.VolumeSet (VolumeSet.java:initializeVolumeSet(170)) - Added Volume : /workdir/hadoop-ozone/integration-test/target/test-dir/MiniOzoneClusterImpl-df511d4d-48d9-413f-91af-5a600e7276fd/datanode-1/data/containers/hdds to VolumeSet
2019-08-20 15:34:06,986 [Thread-321] INFO  volume.ThrottledAsyncChecker (ThrottledAsyncChecker.java:schedule(140)) - Scheduling a check for org.apache.hadoop.ozone.container.common.volume.HddsVolume@6a072a0c
2019-08-20 15:34:06,986 [Thread-321] INFO  volume.HddsVolumeChecker (HddsVolumeChecker.java:checkAllVolumes(203)) - Scheduled health check for volume org.apache.hadoop.ozone.container.common.volume.HddsVolume@6a072a0c
2019-08-20 15:34:07,001 [Thread-321] INFO  impl.RaftServerProxy (ConfUtils.java:logGet(43)) - raft.rpc.type = GRPC (default)
2019-08-20 15:34:07,001 [Thread-321] INFO  grpc.GrpcFactory (GrpcFactory.java:checkPooledByteBufAllocatorUseCacheForAllThreads(45)) - PERFORMANCE WARNING: useCacheForAllThreads is true that may cause Netty to create a lot garbage objects and, as a result, trigger GC.
	It is recommended to disable useCacheForAllThreads by setting -Dorg.apache.ratis.thirdparty.io.netty.allocator.useCacheForAllThreads=false in command line.
2019-08-20 15:34:07,001 [Thread-321] INFO  grpc.GrpcConfigKeys$Server (ConfUtils.java:logGet(43)) - raft.grpc.server.port = 0 (default)
2019-08-20 15:34:07,002 [Thread-321] INFO  server.GrpcService (ConfUtils.java:logGet(43)) - raft.grpc.message.size.max = 33570816 (custom)
2019-08-20 15:34:07,002 [Thread-321] INFO  server.RaftServerConfigKeys (ConfUtils.java:logGet(43)) - raft.server.log.appender.buffer.byte-limit = 33554432 (custom)
2019-08-20 15:34:07,002 [Thread-321] INFO  server.GrpcService (ConfUtils.java:logGet(43)) - raft.grpc.flow.control.window = 1MB (=1048576) (default)
2019-08-20 15:34:07,002 [Thread-321] INFO  server.RaftServerConfigKeys (ConfUtils.java:logGet(43)) - raft.server.rpc.request.timeout = 3000ms (default)
2019-08-20 15:34:07,002 [Thread-321] INFO  server.RaftServerConfigKeys (ConfUtils.java:logGet(43)) - raft.server.storage.dir = [/workdir/hadoop-ozone/integration-test/target/test-dir/MiniOzoneClusterImpl-df511d4d-48d9-413f-91af-5a600e7276fd/datanode-1/data/ratis] (custom)
2019-08-20 15:34:07,003 [Thread-321] INFO  replication.SimpleContainerDownloader (SimpleContainerDownloader.java:<init>(72)) - Starting container downloader service to copy containers to replicate.
2019-08-20 15:34:07,004 [Thread-321] INFO  hdfs.DFSUtil (DFSUtil.java:httpServerTemplateForNNAndJN(1641)) - Starting Web-server for hddsDatanode at: http://0.0.0.0:0
2019-08-20 15:34:07,006 [Thread-321] INFO  server.AuthenticationFilter (AuthenticationFilter.java:constructSecretProvider(240)) - Unable to initialize FileSignerSecretProvider, falling back to use random secrets.
2019-08-20 15:34:07,007 [Thread-321] WARN  http.HttpRequestLog (HttpRequestLog.java:getRequestLog(97)) - Jetty request log can only be enabled using Log4j
2019-08-20 15:34:07,009 [Thread-321] INFO  http.HttpServer2 (HttpServer2.java:addGlobalFilter(975)) - Added global filter 'safety' (class=org.apache.hadoop.http.HttpServer2$QuotingInputFilter)
2019-08-20 15:34:07,009 [Thread-321] INFO  http.HttpServer2 (HttpServer2.java:addFilter(948)) - Added filter static_user_filter (class=org.apache.hadoop.http.lib.StaticUserWebFilter$StaticUserFilter) to context hddsDatanode
2019-08-20 15:34:07,010 [Thread-321] INFO  http.HttpServer2 (HttpServer2.java:addFilter(958)) - Added filter static_user_filter (class=org.apache.hadoop.http.lib.StaticUserWebFilter$StaticUserFilter) to context logs
2019-08-20 15:34:07,010 [Thread-321] INFO  http.HttpServer2 (HttpServer2.java:addFilter(958)) - Added filter static_user_filter (class=org.apache.hadoop.http.lib.StaticUserWebFilter$StaticUserFilter) to context static
2019-08-20 15:34:07,011 [Thread-321] INFO  http.HttpServer2 (HttpServer2.java:bindListener(1191)) - Jetty bound to port 38137
2019-08-20 15:34:07,011 [Thread-321] INFO  server.Server (Server.java:doStart(351)) - jetty-9.3.24.v20180605, build timestamp: 2018-06-05T17:11:56Z, git hash: 84205aa28f11a4f31f2a3b86d1bba2cc8ab69827
2019-08-20 15:34:07,013 [Thread-321] INFO  handler.ContextHandler (ContextHandler.java:doStart(781)) - Started o.e.j.s.ServletContextHandler@77c64ba7{/logs,file:///workdir/hadoop-ozone/integration-test/target/log,AVAILABLE}
2019-08-20 15:34:07,014 [Thread-321] INFO  handler.ContextHandler (ContextHandler.java:doStart(781)) - Started o.e.j.s.ServletContextHandler@448c3b64{/static,jar:file:/home/user/.m2/repository/org/apache/hadoop/hadoop-hdds-container-service/0.5.0-SNAPSHOT/hadoop-hdds-container-service-0.5.0-SNAPSHOT.jar!/webapps/static,AVAILABLE}
2019-08-20 15:34:07,058 [Thread-321] INFO  handler.ContextHandler (ContextHandler.java:doStart(781)) - Started o.e.j.w.WebAppContext@7d0e0326{/,file:///tmp/jetty-0.0.0.0-38137-hddsDatanode-_-any-8744832566249615342.dir/webapp/,AVAILABLE}{/hddsDatanode}
2019-08-20 15:34:07,058 [Thread-321] INFO  server.AbstractConnector (AbstractConnector.java:doStart(278)) - Started ServerConnector@316f35b0{HTTP/1.1,[http/1.1]}{0.0.0.0:38137}
2019-08-20 15:34:07,059 [Thread-321] INFO  server.Server (Server.java:doStart(419)) - Started @33044ms
2019-08-20 15:34:07,060 [Thread-321] INFO  server.BaseHttpServer (BaseHttpServer.java:updateConnectorAddress(213)) - HTTP server of HDDSDATANODE is listening at http://0.0.0.0:38137
2019-08-20 15:34:07,177 | INFO  | ObjectStoreRestHttpServer | Listening HDDS REST traffic on /0.0.0.0:36265 |  
2019-08-20 15:34:07,177 [Thread-321] INFO  ozone.HddsDatanodeService (HddsDatanodeService.java:startPlugins(395)) - Started plug-in org.apache.hadoop.ozone.web.OzoneHddsDatanodeService@5df207ce
2019-08-20 15:34:07,177 [Thread-321] INFO  impl.MetricsSystemImpl (MetricsSystemImpl.java:init(158)) - HddsDatanode metrics system started (again)
2019-08-20 15:34:07,180 [Thread-321] INFO  ozone.HddsDatanodeService (HddsDatanodeService.java:start(184)) - HddsDatanodeService host:pr-hdds-1975-spxzp-3193579258 ip:192.168.69.100
2019-08-20 15:34:07,180 [org.apache.hadoop.util.JvmPauseMonitor$Monitor@3093d3a9] INFO  util.JvmPauseMonitor (JvmPauseMonitor.java:run(188)) - Starting JVM pause monitor
2019-08-20 15:34:07,183 [Datanode State Machine Thread - 0] INFO  datanode.InitDatanodeState (InitDatanodeState.java:persistContainerDatanodeDetails(140)) - DatanodeDetails is persisted to /workdir/hadoop-ozone/integration-test/target/test-dir/MiniOzoneClusterImpl-df511d4d-48d9-413f-91af-5a600e7276fd/datanode-1/meta/datanode.id
2019-08-20 15:34:07,187 [Thread-321] INFO  volume.HddsVolume (HddsVolume.java:<init>(176)) - Creating Volume: /workdir/hadoop-ozone/integration-test/target/test-dir/MiniOzoneClusterImpl-df511d4d-48d9-413f-91af-5a600e7276fd/datanode-2/data/containers/hdds of  storage type : DISK and capacity : 1482555576320
2019-08-20 15:34:07,187 [Thread-321] INFO  volume.VolumeSet (VolumeSet.java:initializeVolumeSet(170)) - Added Volume : /workdir/hadoop-ozone/integration-test/target/test-dir/MiniOzoneClusterImpl-df511d4d-48d9-413f-91af-5a600e7276fd/datanode-2/data/containers/hdds to VolumeSet
2019-08-20 15:34:07,187 [Thread-321] INFO  volume.ThrottledAsyncChecker (ThrottledAsyncChecker.java:schedule(140)) - Scheduling a check for org.apache.hadoop.ozone.container.common.volume.HddsVolume@5cce2bb4
2019-08-20 15:34:07,187 [Thread-321] INFO  volume.HddsVolumeChecker (HddsVolumeChecker.java:checkAllVolumes(203)) - Scheduled health check for volume org.apache.hadoop.ozone.container.common.volume.HddsVolume@5cce2bb4
2019-08-20 15:34:07,202 [Thread-321] INFO  impl.RaftServerProxy (ConfUtils.java:logGet(43)) - raft.rpc.type = GRPC (default)
2019-08-20 15:34:07,202 [Thread-321] INFO  grpc.GrpcFactory (GrpcFactory.java:checkPooledByteBufAllocatorUseCacheForAllThreads(45)) - PERFORMANCE WARNING: useCacheForAllThreads is true that may cause Netty to create a lot garbage objects and, as a result, trigger GC.
	It is recommended to disable useCacheForAllThreads by setting -Dorg.apache.ratis.thirdparty.io.netty.allocator.useCacheForAllThreads=false in command line.
2019-08-20 15:34:07,202 [Thread-321] INFO  grpc.GrpcConfigKeys$Server (ConfUtils.java:logGet(43)) - raft.grpc.server.port = 0 (default)
2019-08-20 15:34:07,202 [Thread-321] INFO  server.GrpcService (ConfUtils.java:logGet(43)) - raft.grpc.message.size.max = 33570816 (custom)
2019-08-20 15:34:07,203 [Thread-321] INFO  server.RaftServerConfigKeys (ConfUtils.java:logGet(43)) - raft.server.log.appender.buffer.byte-limit = 33554432 (custom)
2019-08-20 15:34:07,203 [Thread-321] INFO  server.GrpcService (ConfUtils.java:logGet(43)) - raft.grpc.flow.control.window = 1MB (=1048576) (default)
2019-08-20 15:34:07,203 [Thread-321] INFO  server.RaftServerConfigKeys (ConfUtils.java:logGet(43)) - raft.server.rpc.request.timeout = 3000ms (default)
2019-08-20 15:34:07,204 [Thread-321] INFO  server.RaftServerConfigKeys (ConfUtils.java:logGet(43)) - raft.server.storage.dir = [/workdir/hadoop-ozone/integration-test/target/test-dir/MiniOzoneClusterImpl-df511d4d-48d9-413f-91af-5a600e7276fd/datanode-2/data/ratis] (custom)
2019-08-20 15:34:07,204 [Thread-321] INFO  replication.SimpleContainerDownloader (SimpleContainerDownloader.java:<init>(72)) - Starting container downloader service to copy containers to replicate.
2019-08-20 15:34:07,206 [Thread-321] INFO  hdfs.DFSUtil (DFSUtil.java:httpServerTemplateForNNAndJN(1641)) - Starting Web-server for hddsDatanode at: http://0.0.0.0:0
2019-08-20 15:34:07,207 [Thread-321] INFO  server.AuthenticationFilter (AuthenticationFilter.java:constructSecretProvider(240)) - Unable to initialize FileSignerSecretProvider, falling back to use random secrets.
2019-08-20 15:34:07,207 [Thread-321] WARN  http.HttpRequestLog (HttpRequestLog.java:getRequestLog(97)) - Jetty request log can only be enabled using Log4j
2019-08-20 15:34:07,208 [Thread-321] INFO  http.HttpServer2 (HttpServer2.java:addGlobalFilter(975)) - Added global filter 'safety' (class=org.apache.hadoop.http.HttpServer2$QuotingInputFilter)
2019-08-20 15:34:07,209 [Thread-321] INFO  http.HttpServer2 (HttpServer2.java:addFilter(948)) - Added filter static_user_filter (class=org.apache.hadoop.http.lib.StaticUserWebFilter$StaticUserFilter) to context hddsDatanode
2019-08-20 15:34:07,209 [Thread-321] INFO  http.HttpServer2 (HttpServer2.java:addFilter(958)) - Added filter static_user_filter (class=org.apache.hadoop.http.lib.StaticUserWebFilter$StaticUserFilter) to context static
2019-08-20 15:34:07,209 [Thread-321] INFO  http.HttpServer2 (HttpServer2.java:addFilter(958)) - Added filter static_user_filter (class=org.apache.hadoop.http.lib.StaticUserWebFilter$StaticUserFilter) to context logs
2019-08-20 15:34:07,210 [Thread-321] INFO  http.HttpServer2 (HttpServer2.java:bindListener(1191)) - Jetty bound to port 43451
2019-08-20 15:34:07,210 [Thread-321] INFO  server.Server (Server.java:doStart(351)) - jetty-9.3.24.v20180605, build timestamp: 2018-06-05T17:11:56Z, git hash: 84205aa28f11a4f31f2a3b86d1bba2cc8ab69827
2019-08-20 15:34:07,211 [Thread-321] INFO  handler.ContextHandler (ContextHandler.java:doStart(781)) - Started o.e.j.s.ServletContextHandler@1b8dccb2{/logs,file:///workdir/hadoop-ozone/integration-test/target/log,AVAILABLE}
2019-08-20 15:34:07,212 [Thread-321] INFO  handler.ContextHandler (ContextHandler.java:doStart(781)) - Started o.e.j.s.ServletContextHandler@3103e659{/static,jar:file:/home/user/.m2/repository/org/apache/hadoop/hadoop-hdds-container-service/0.5.0-SNAPSHOT/hadoop-hdds-container-service-0.5.0-SNAPSHOT.jar!/webapps/static,AVAILABLE}
2019-08-20 15:34:07,248 [Thread-321] INFO  handler.ContextHandler (ContextHandler.java:doStart(781)) - Started o.e.j.w.WebAppContext@6a61f199{/,file:///tmp/jetty-0.0.0.0-43451-hddsDatanode-_-any-4802288665227466543.dir/webapp/,AVAILABLE}{/hddsDatanode}
2019-08-20 15:34:07,248 [Thread-321] INFO  server.AbstractConnector (AbstractConnector.java:doStart(278)) - Started ServerConnector@15613571{HTTP/1.1,[http/1.1]}{0.0.0.0:43451}
2019-08-20 15:34:07,249 [Thread-321] INFO  server.Server (Server.java:doStart(419)) - Started @33234ms
2019-08-20 15:34:07,250 [Thread-321] INFO  server.BaseHttpServer (BaseHttpServer.java:updateConnectorAddress(213)) - HTTP server of HDDSDATANODE is listening at http://0.0.0.0:43451
2019-08-20 15:34:07,360 | INFO  | ObjectStoreRestHttpServer | Listening HDDS REST traffic on /0.0.0.0:35023 |  
2019-08-20 15:34:07,360 [Thread-321] INFO  ozone.HddsDatanodeService (HddsDatanodeService.java:startPlugins(395)) - Started plug-in org.apache.hadoop.ozone.web.OzoneHddsDatanodeService@56acb106
2019-08-20 15:34:07,360 [Thread-321] INFO  ozone.MiniOzoneClusterImpl (MiniOzoneClusterImpl.java:lambda$waitForClusterToBeReady$0(142)) - Waiting for cluster to be ready. Got 0 of 3 DN Heartbeats.
2019-08-20 15:34:07,362 [org.apache.hadoop.util.JvmPauseMonitor$Monitor@3dd08ce3] INFO  util.JvmPauseMonitor (JvmPauseMonitor.java:run(188)) - Starting JVM pause monitor
2019-08-20 15:34:07,364 [Datanode State Machine Thread - 0] INFO  datanode.InitDatanodeState (InitDatanodeState.java:persistContainerDatanodeDetails(140)) - DatanodeDetails is persisted to /workdir/hadoop-ozone/integration-test/target/test-dir/MiniOzoneClusterImpl-df511d4d-48d9-413f-91af-5a600e7276fd/datanode-2/meta/datanode.id
2019-08-20 15:34:08,361 [Thread-321] INFO  ozone.MiniOzoneClusterImpl (MiniOzoneClusterImpl.java:lambda$waitForClusterToBeReady$0(142)) - Waiting for cluster to be ready. Got 0 of 3 DN Heartbeats.
2019-08-20 15:34:08,981 | INFO  | SCMAudit | user=jenkins1000 | ip=192.168.69.100 | op=GET_VERSION null | ret=SUCCESS |  
2019-08-20 15:34:09,002 [Datanode State Machine Thread - 0] INFO  ozoneimpl.OzoneContainer (OzoneContainer.java:start(186)) - Attempting to start container services.
2019-08-20 15:34:09,003 [Datanode State Machine Thread - 0] INFO  ozoneimpl.OzoneContainer (OzoneContainer.java:startContainerScrub(160)) - Background container scrubber has been disabled by hdds.containerscrub.enabled
2019-08-20 15:34:09,003 [Datanode State Machine Thread - 0] INFO  ratis.XceiverServerRatis (XceiverServerRatis.java:start(404)) - Starting XceiverServerRatis 296c1fec-8611-41bc-86b3-34db6a97fa03 at port 0
2019-08-20 15:34:09,006 [Datanode State Machine Thread - 0] INFO  impl.RaftServerProxy (RaftServerProxy.java:lambda$start$3(299)) - 296c1fec-8611-41bc-86b3-34db6a97fa03: start RPC server
2019-08-20 15:34:09,008 [Datanode State Machine Thread - 0] INFO  server.GrpcService (GrpcService.java:startImpl(149)) - 296c1fec-8611-41bc-86b3-34db6a97fa03: GrpcService started, listening on 0.0.0.0/0.0.0.0:35973
2019-08-20 15:34:09,008 [Datanode State Machine Thread - 0] INFO  ratis.XceiverServerRatis (XceiverServerRatis.java:start(414)) - XceiverServerRatis 296c1fec-8611-41bc-86b3-34db6a97fa03 is started using port 35973
2019-08-20 15:34:09,008 [Datanode State Machine Thread - 0] INFO  server.XceiverServerGrpc (XceiverServerGrpc.java:start(161)) - XceiverServerGrpc 296c1fec-8611-41bc-86b3-34db6a97fa03 is started using port 43582
2019-08-20 15:34:09,182 | INFO  | SCMAudit | user=jenkins1000 | ip=192.168.69.100 | op=GET_VERSION null | ret=SUCCESS |  
2019-08-20 15:34:09,207 [Datanode State Machine Thread - 0] INFO  ozoneimpl.OzoneContainer (OzoneContainer.java:start(186)) - Attempting to start container services.
2019-08-20 15:34:09,209 [Datanode State Machine Thread - 0] INFO  ozoneimpl.OzoneContainer (OzoneContainer.java:startContainerScrub(160)) - Background container scrubber has been disabled by hdds.containerscrub.enabled
2019-08-20 15:34:09,209 [Datanode State Machine Thread - 0] INFO  ratis.XceiverServerRatis (XceiverServerRatis.java:start(404)) - Starting XceiverServerRatis 5a997197-d6d4-45cd-8357-040721935652 at port 0
2019-08-20 15:34:09,213 [Datanode State Machine Thread - 0] INFO  impl.RaftServerProxy (RaftServerProxy.java:lambda$start$3(299)) - 5a997197-d6d4-45cd-8357-040721935652: start RPC server
2019-08-20 15:34:09,214 [Datanode State Machine Thread - 0] INFO  server.GrpcService (GrpcService.java:startImpl(149)) - 5a997197-d6d4-45cd-8357-040721935652: GrpcService started, listening on 0.0.0.0/0.0.0.0:40112
2019-08-20 15:34:09,215 [Datanode State Machine Thread - 0] INFO  ratis.XceiverServerRatis (XceiverServerRatis.java:start(414)) - XceiverServerRatis 5a997197-d6d4-45cd-8357-040721935652 is started using port 40112
2019-08-20 15:34:09,216 [Datanode State Machine Thread - 0] INFO  server.XceiverServerGrpc (XceiverServerGrpc.java:start(161)) - XceiverServerGrpc 5a997197-d6d4-45cd-8357-040721935652 is started using port 45552
2019-08-20 15:34:09,363 [Thread-321] INFO  ozone.MiniOzoneClusterImpl (MiniOzoneClusterImpl.java:lambda$waitForClusterToBeReady$0(142)) - Waiting for cluster to be ready. Got 0 of 3 DN Heartbeats.
2019-08-20 15:34:09,364 | INFO  | SCMAudit | user=jenkins1000 | ip=192.168.69.100 | op=GET_VERSION null | ret=SUCCESS |  
2019-08-20 15:34:09,388 [Datanode State Machine Thread - 0] INFO  ozoneimpl.OzoneContainer (OzoneContainer.java:start(186)) - Attempting to start container services.
2019-08-20 15:34:09,391 [Datanode State Machine Thread - 0] INFO  ozoneimpl.OzoneContainer (OzoneContainer.java:startContainerScrub(160)) - Background container scrubber has been disabled by hdds.containerscrub.enabled
2019-08-20 15:34:09,391 [Datanode State Machine Thread - 0] INFO  ratis.XceiverServerRatis (XceiverServerRatis.java:start(404)) - Starting XceiverServerRatis 22408b8b-2596-4e0e-b1a4-1a1860f88c8a at port 0
2019-08-20 15:34:09,397 [Datanode State Machine Thread - 0] INFO  impl.RaftServerProxy (RaftServerProxy.java:lambda$start$3(299)) - 22408b8b-2596-4e0e-b1a4-1a1860f88c8a: start RPC server
2019-08-20 15:34:09,398 [Datanode State Machine Thread - 0] INFO  server.GrpcService (GrpcService.java:startImpl(149)) - 22408b8b-2596-4e0e-b1a4-1a1860f88c8a: GrpcService started, listening on 0.0.0.0/0.0.0.0:38420
2019-08-20 15:34:09,398 [Datanode State Machine Thread - 0] INFO  ratis.XceiverServerRatis (XceiverServerRatis.java:start(414)) - XceiverServerRatis 22408b8b-2596-4e0e-b1a4-1a1860f88c8a is started using port 38420
2019-08-20 15:34:09,398 [Datanode State Machine Thread - 0] INFO  server.XceiverServerGrpc (XceiverServerGrpc.java:start(161)) - XceiverServerGrpc 22408b8b-2596-4e0e-b1a4-1a1860f88c8a is started using port 37360
2019-08-20 15:34:10,363 [Thread-321] INFO  ozone.MiniOzoneClusterImpl (MiniOzoneClusterImpl.java:lambda$waitForClusterToBeReady$0(142)) - Waiting for cluster to be ready. Got 0 of 3 DN Heartbeats.
2019-08-20 15:34:10,981 [IPC Server handler 0 on 35297] INFO  net.NetworkTopology (NetworkTopologyImpl.java:add(110)) - Added a new node: /default-rack/296c1fec-8611-41bc-86b3-34db6a97fa03
2019-08-20 15:34:10,982 [IPC Server handler 0 on 35297] INFO  node.SCMNodeManager (SCMNodeManager.java:register(273)) - Registered Data node : 296c1fec-8611-41bc-86b3-34db6a97fa03{ip: 192.168.69.100, host: pr-hdds-1975-spxzp-3193579258, networkLocation: /default-rack, certSerialId: null}
2019-08-20 15:34:10,984 | INFO  | SCMAudit | user=jenkins1000 | ip=192.168.69.100 | op=REGISTER {datanodeDetails=296c1fec-8611-41bc-86b3-34db6a97fa03{ip: 192.168.69.100, host: pr-hdds-1975-spxzp-3193579258, networkLocation: /default-rack, certSerialId: null}} | ret=SUCCESS |  
2019-08-20 15:34:10,984 [EventQueue-NodeRegistrationContainerReportForDataNodeSafeModeRule] INFO  safemode.SCMSafeModeManager (DataNodeSafeModeRule.java:process(71)) - SCM in safe mode. 1 DataNodes registered, 1 required.
2019-08-20 15:34:10,985 [EventQueue-NodeRegistrationContainerReportForDataNodeSafeModeRule] INFO  safemode.SCMSafeModeManager (SCMSafeModeManager.java:validateSafeModeExitRules(177)) - ScmSafeModeManager, all rules are successfully validated
2019-08-20 15:34:10,985 [EventQueue-NodeRegistrationContainerReportForDataNodeSafeModeRule] INFO  safemode.SCMSafeModeManager (SCMSafeModeManager.java:exitSafeMode(193)) - SCM exiting safe mode.
2019-08-20 15:34:10,993 [grpc-default-executor-0] INFO  impl.RaftServerProxy (RaftServerProxy.java:addNew(89)) - 296c1fec-8611-41bc-86b3-34db6a97fa03: addNew group-738F74EF0C8C:[296c1fec-8611-41bc-86b3-34db6a97fa03:192.168.69.100:35973] returns group-738F74EF0C8C:java.util.concurrent.CompletableFuture@38fd6ddf[Not completed]
2019-08-20 15:34:10,994 [pool-113-thread-1] INFO  impl.RaftServerImpl (RaftServerImpl.java:<init>(93)) - 296c1fec-8611-41bc-86b3-34db6a97fa03: new RaftServerImpl for group-738F74EF0C8C:[296c1fec-8611-41bc-86b3-34db6a97fa03:192.168.69.100:35973] with ContainerStateMachine:uninitialized
2019-08-20 15:34:10,995 [pool-113-thread-1] INFO  server.RaftServerConfigKeys (ConfUtils.java:logGet(43)) - raft.server.rpc.timeout.min = 5s (custom)
2019-08-20 15:34:10,995 [pool-113-thread-1] INFO  server.RaftServerConfigKeys (ConfUtils.java:logGet(43)) - raft.server.rpc.timeout.max = 5200ms (custom)
2019-08-20 15:34:10,995 [pool-113-thread-1] INFO  server.RaftServerConfigKeys (ConfUtils.java:logGet(43)) - raft.server.rpcslowness.timeout = 120s (custom)
2019-08-20 15:34:10,995 [pool-113-thread-1] INFO  server.RaftServerConfigKeys (ConfUtils.java:logGet(43)) - raft.server.sleep.deviation.threshold = 300 (default)
2019-08-20 15:34:10,995 [pool-113-thread-1] INFO  server.RaftServerConfigKeys (ConfUtils.java:logGet(43)) - raft.server.log.appender.install.snapshot.enabled = false (custom)
2019-08-20 15:34:10,995 [pool-113-thread-1] INFO  impl.RaftServerImpl (ServerState.java:<init>(105)) - 296c1fec-8611-41bc-86b3-34db6a97fa03:group-738F74EF0C8C ConfigurationManager, init=-1: [296c1fec-8611-41bc-86b3-34db6a97fa03:192.168.69.100:35973], old=null, confs=<EMPTY_MAP>
2019-08-20 15:34:10,995 [pool-113-thread-1] INFO  server.RaftServerConfigKeys (ConfUtils.java:logGet(43)) - raft.server.storage.dir = [/workdir/hadoop-ozone/integration-test/target/test-dir/MiniOzoneClusterImpl-df511d4d-48d9-413f-91af-5a600e7276fd/datanode-0/data/ratis] (custom)
2019-08-20 15:34:10,996 [pool-113-thread-1] INFO  storage.RaftStorageDirectory (RaftStorageDirectory.java:analyzeStorage(246)) - The storage directory /workdir/hadoop-ozone/integration-test/target/test-dir/MiniOzoneClusterImpl-df511d4d-48d9-413f-91af-5a600e7276fd/datanode-0/data/ratis/dba7b7e9-16e2-4661-b591-738f74ef0c8c does not exist. Creating ...
2019-08-20 15:34:11,016 [pool-113-thread-1] INFO  storage.RaftStorageDirectory (RaftStorageDirectory.java:tryLock(328)) - Lock on /workdir/hadoop-ozone/integration-test/target/test-dir/MiniOzoneClusterImpl-df511d4d-48d9-413f-91af-5a600e7276fd/datanode-0/data/ratis/dba7b7e9-16e2-4661-b591-738f74ef0c8c/in_use.lock acquired by nodename 25148@pr-hdds-1975-spxzp-3193579258
2019-08-20 15:34:11,033 [pool-113-thread-1] INFO  storage.RaftStorage (RaftStorage.java:format(72)) - Storage directory /workdir/hadoop-ozone/integration-test/target/test-dir/MiniOzoneClusterImpl-df511d4d-48d9-413f-91af-5a600e7276fd/datanode-0/data/ratis/dba7b7e9-16e2-4661-b591-738f74ef0c8c has been successfully formatted.
2019-08-20 15:34:11,033 [pool-113-thread-1] INFO  ratis.ContainerStateMachine (ContainerStateMachine.java:loadSnapshot(222)) - group-738F74EF0C8C: The snapshot info is null. Setting the last applied indexto:(t:0, i:~)
2019-08-20 15:34:11,033 [pool-113-thread-1] INFO  server.RaftServerConfigKeys (ConfUtils.java:logGet(43)) - raft.server.leader.election.timeout = 120s (custom)
2019-08-20 15:34:11,034 [pool-113-thread-1] INFO  server.RaftServerConfigKeys (ConfUtils.java:logGet(43)) - raft.server.log.use.memory = false (default)
2019-08-20 15:34:11,034 [pool-113-thread-1] INFO  server.RaftServerConfigKeys (ConfUtils.java:logGet(43)) - raft.server.log.purge.gap = 1000000 (custom)
2019-08-20 15:34:11,034 [pool-113-thread-1] INFO  server.RaftServerConfigKeys (ConfUtils.java:logGet(43)) - raft.server.log.appender.buffer.byte-limit = 33554432 (custom)
2019-08-20 15:34:11,034 [pool-113-thread-1] INFO  server.RaftServerConfigKeys (ConfUtils.java:logGet(43)) - raft.server.log.segment.size.max = 1048576 (custom)
2019-08-20 15:34:11,034 [pool-113-thread-1] INFO  server.RaftServerConfigKeys (ConfUtils.java:logGet(43)) - raft.server.log.segment.cache.num.max = 2 (custom)
2019-08-20 15:34:11,034 [pool-113-thread-1] INFO  segmented.SegmentedRaftLogWorker (SegmentedRaftLogWorker.java:<init>(172)) - new 296c1fec-8611-41bc-86b3-34db6a97fa03-SegmentedRaftLogWorker:Storage Directory /workdir/hadoop-ozone/integration-test/target/test-dir/MiniOzoneClusterImpl-df511d4d-48d9-413f-91af-5a600e7276fd/datanode-0/data/ratis/dba7b7e9-16e2-4661-b591-738f74ef0c8c for RaftStorage:Storage Directory /workdir/hadoop-ozone/integration-test/target/test-dir/MiniOzoneClusterImpl-df511d4d-48d9-413f-91af-5a600e7276fd/datanode-0/data/ratis/dba7b7e9-16e2-4661-b591-738f74ef0c8c
2019-08-20 15:34:11,034 [pool-113-thread-1] INFO  server.RaftServerConfigKeys (ConfUtils.java:logGet(43)) - raft.server.log.queue.byte-limit = 2147483647 (custom)
2019-08-20 15:34:11,034 [pool-113-thread-1] INFO  server.RaftServerConfigKeys (ConfUtils.java:logGet(43)) - raft.server.log.queue.element-limit = 1024 (custom)
2019-08-20 15:34:11,035 [pool-113-thread-1] INFO  server.RaftServerConfigKeys (ConfUtils.java:logGet(43)) - raft.server.log.segment.size.max = 1048576 (custom)
2019-08-20 15:34:11,035 [pool-113-thread-1] INFO  server.RaftServerConfigKeys (ConfUtils.java:logGet(43)) - raft.server.log.preallocated.size = 16384 (custom)
2019-08-20 15:34:11,035 [pool-113-thread-1] INFO  server.RaftServerConfigKeys (ConfUtils.java:logGet(43)) - raft.server.log.write.buffer.size = 33554432 (custom)
2019-08-20 15:34:11,035 [pool-113-thread-1] INFO  server.RaftServerConfigKeys (ConfUtils.java:logGet(43)) - raft.server.log.force.sync.num = 128 (default)
2019-08-20 15:34:11,035 [pool-113-thread-1] INFO  server.RaftServerConfigKeys (ConfUtils.java:logGet(43)) - raft.server.log.statemachine.data.sync = true (default)
2019-08-20 15:34:11,035 [pool-113-thread-1] INFO  server.RaftServerConfigKeys (ConfUtils.java:logGet(43)) - raft.server.log.statemachine.data.sync.timeout = 10s (default)
2019-08-20 15:34:11,035 [pool-113-thread-1] INFO  server.RaftServerConfigKeys (ConfUtils.java:logGet(43)) - raft.server.log.statemachine.data.sync.timeout.retry = -1 (default)
2019-08-20 15:34:11,036 [pool-113-thread-1] INFO  server.RaftServerConfigKeys (ConfUtils.java:logGet(43)) - raft.server.log.statemachine.data.caching.enabled = true (custom)
2019-08-20 15:34:11,036 [pool-113-thread-1] INFO  segmented.SegmentedRaftLogWorker (SegmentedRaftLogWorker.java:lambda$new$0(132)) - 296c1fec-8611-41bc-86b3-34db6a97fa03-SegmentedRaftLogWorker:Storage Directory /workdir/hadoop-ozone/integration-test/target/test-dir/MiniOzoneClusterImpl-df511d4d-48d9-413f-91af-5a600e7276fd/datanode-0/data/ratis/dba7b7e9-16e2-4661-b591-738f74ef0c8c: flushIndex: setUnconditionally 0 -> -1
2019-08-20 15:34:11,036 [pool-113-thread-1] INFO  server.RaftServerConfigKeys (ConfUtils.java:logGet(43)) - raft.server.snapshot.auto.trigger.enabled = true (custom)
2019-08-20 15:34:11,036 [pool-113-thread-1] INFO  server.RaftServerConfigKeys (ConfUtils.java:logGet(43)) - raft.server.snapshot.auto.trigger.threshold = 10000 (custom)
2019-08-20 15:34:11,036 [pool-113-thread-1] INFO  server.RaftServerConfigKeys (ConfUtils.java:logGet(43)) - raft.server.retrycache.expirytime = 600000ms (custom)
2019-08-20 15:34:11,037 [pool-113-thread-1] INFO  impl.RaftServerImpl (RaftServerImpl.java:start(180)) - 296c1fec-8611-41bc-86b3-34db6a97fa03: start group-738F74EF0C8C
2019-08-20 15:34:11,037 [pool-113-thread-1] INFO  impl.RaftServerImpl (RaftServerImpl.java:setRole(171)) - 296c1fec-8611-41bc-86b3-34db6a97fa03:group-738F74EF0C8C changes role from null to FOLLOWER at term 0 for startAsFollower
2019-08-20 15:34:11,037 [pool-113-thread-1] INFO  impl.RoleInfo (RoleInfo.java:updateAndGet(143)) - 296c1fec-8611-41bc-86b3-34db6a97fa03: start FollowerState
2019-08-20 15:34:11,037 [pool-113-thread-1] INFO  util.JmxRegister (JmxRegister.java:tryRegister(44)) - Successfully registered JMX Bean with object name Ratis:service=RaftServer,group=group-738F74EF0C8C,id=296c1fec-8611-41bc-86b3-34db6a97fa03
2019-08-20 15:34:11,041 [RatisPipelineUtilsThread] INFO  pipeline.PipelineStateManager (PipelineStateManager.java:addPipeline(56)) - Created pipeline Pipeline[ Id: dba7b7e9-16e2-4661-b591-738f74ef0c8c, Nodes: 296c1fec-8611-41bc-86b3-34db6a97fa03{ip: 192.168.69.100, host: pr-hdds-1975-spxzp-3193579258, networkLocation: /default-rack, certSerialId: null}, Type:RATIS, Factor:ONE, State:OPEN]
2019-08-20 15:34:11,182 [IPC Server handler 1 on 35297] INFO  net.NetworkTopology (NetworkTopologyImpl.java:add(110)) - Added a new node: /default-rack/5a997197-d6d4-45cd-8357-040721935652
2019-08-20 15:34:11,182 [IPC Server handler 1 on 35297] INFO  node.SCMNodeManager (SCMNodeManager.java:register(273)) - Registered Data node : 5a997197-d6d4-45cd-8357-040721935652{ip: 192.168.69.100, host: pr-hdds-1975-spxzp-3193579258, networkLocation: /default-rack, certSerialId: null}
2019-08-20 15:34:11,183 | INFO  | SCMAudit | user=jenkins1000 | ip=192.168.69.100 | op=REGISTER {datanodeDetails=5a997197-d6d4-45cd-8357-040721935652{ip: 192.168.69.100, host: pr-hdds-1975-spxzp-3193579258, networkLocation: /default-rack, certSerialId: null}} | ret=SUCCESS |  
2019-08-20 15:34:11,192 [grpc-default-executor-0] INFO  impl.RaftServerProxy (RaftServerProxy.java:addNew(89)) - 5a997197-d6d4-45cd-8357-040721935652: addNew group-4736DA5B1F3E:[5a997197-d6d4-45cd-8357-040721935652:192.168.69.100:40112] returns group-4736DA5B1F3E:java.util.concurrent.CompletableFuture@b9295a8[Not completed]
2019-08-20 15:34:11,193 [pool-124-thread-1] INFO  impl.RaftServerImpl (RaftServerImpl.java:<init>(93)) - 5a997197-d6d4-45cd-8357-040721935652: new RaftServerImpl for group-4736DA5B1F3E:[5a997197-d6d4-45cd-8357-040721935652:192.168.69.100:40112] with ContainerStateMachine:uninitialized
2019-08-20 15:34:11,194 [pool-124-thread-1] INFO  server.RaftServerConfigKeys (ConfUtils.java:logGet(43)) - raft.server.rpc.timeout.min = 5s (custom)
2019-08-20 15:34:11,194 [pool-124-thread-1] INFO  server.RaftServerConfigKeys (ConfUtils.java:logGet(43)) - raft.server.rpc.timeout.max = 5200ms (custom)
2019-08-20 15:34:11,194 [pool-124-thread-1] INFO  server.RaftServerConfigKeys (ConfUtils.java:logGet(43)) - raft.server.rpcslowness.timeout = 120s (custom)
2019-08-20 15:34:11,194 [pool-124-thread-1] INFO  server.RaftServerConfigKeys (ConfUtils.java:logGet(43)) - raft.server.sleep.deviation.threshold = 300 (default)
2019-08-20 15:34:11,194 [pool-124-thread-1] INFO  server.RaftServerConfigKeys (ConfUtils.java:logGet(43)) - raft.server.log.appender.install.snapshot.enabled = false (custom)
2019-08-20 15:34:11,195 [pool-124-thread-1] INFO  impl.RaftServerImpl (ServerState.java:<init>(105)) - 5a997197-d6d4-45cd-8357-040721935652:group-4736DA5B1F3E ConfigurationManager, init=-1: [5a997197-d6d4-45cd-8357-040721935652:192.168.69.100:40112], old=null, confs=<EMPTY_MAP>
2019-08-20 15:34:11,195 [pool-124-thread-1] INFO  server.RaftServerConfigKeys (ConfUtils.java:logGet(43)) - raft.server.storage.dir = [/workdir/hadoop-ozone/integration-test/target/test-dir/MiniOzoneClusterImpl-df511d4d-48d9-413f-91af-5a600e7276fd/datanode-1/data/ratis] (custom)
2019-08-20 15:34:11,195 [pool-124-thread-1] INFO  storage.RaftStorageDirectory (RaftStorageDirectory.java:analyzeStorage(246)) - The storage directory /workdir/hadoop-ozone/integration-test/target/test-dir/MiniOzoneClusterImpl-df511d4d-48d9-413f-91af-5a600e7276fd/datanode-1/data/ratis/076a2a7d-9497-42db-b3eb-4736da5b1f3e does not exist. Creating ...
2019-08-20 15:34:11,208 [pool-124-thread-1] INFO  storage.RaftStorageDirectory (RaftStorageDirectory.java:tryLock(328)) - Lock on /workdir/hadoop-ozone/integration-test/target/test-dir/MiniOzoneClusterImpl-df511d4d-48d9-413f-91af-5a600e7276fd/datanode-1/data/ratis/076a2a7d-9497-42db-b3eb-4736da5b1f3e/in_use.lock acquired by nodename 25148@pr-hdds-1975-spxzp-3193579258
2019-08-20 15:34:11,211 [pool-124-thread-1] INFO  storage.RaftStorage (RaftStorage.java:format(72)) - Storage directory /workdir/hadoop-ozone/integration-test/target/test-dir/MiniOzoneClusterImpl-df511d4d-48d9-413f-91af-5a600e7276fd/datanode-1/data/ratis/076a2a7d-9497-42db-b3eb-4736da5b1f3e has been successfully formatted.
2019-08-20 15:34:11,212 [pool-124-thread-1] INFO  ratis.ContainerStateMachine (ContainerStateMachine.java:loadSnapshot(222)) - group-4736DA5B1F3E: The snapshot info is null. Setting the last applied indexto:(t:0, i:~)
2019-08-20 15:34:11,212 [pool-124-thread-1] INFO  server.RaftServerConfigKeys (ConfUtils.java:logGet(43)) - raft.server.leader.election.timeout = 120s (custom)
2019-08-20 15:34:11,212 [pool-124-thread-1] INFO  server.RaftServerConfigKeys (ConfUtils.java:logGet(43)) - raft.server.log.use.memory = false (default)
2019-08-20 15:34:11,212 [pool-124-thread-1] INFO  server.RaftServerConfigKeys (ConfUtils.java:logGet(43)) - raft.server.log.purge.gap = 1000000 (custom)
2019-08-20 15:34:11,212 [pool-124-thread-1] INFO  server.RaftServerConfigKeys (ConfUtils.java:logGet(43)) - raft.server.log.appender.buffer.byte-limit = 33554432 (custom)
2019-08-20 15:34:11,212 [pool-124-thread-1] INFO  server.RaftServerConfigKeys (ConfUtils.java:logGet(43)) - raft.server.log.segment.size.max = 1048576 (custom)
2019-08-20 15:34:11,212 [pool-124-thread-1] INFO  server.RaftServerConfigKeys (ConfUtils.java:logGet(43)) - raft.server.log.segment.cache.num.max = 2 (custom)
2019-08-20 15:34:11,212 [pool-124-thread-1] INFO  segmented.SegmentedRaftLogWorker (SegmentedRaftLogWorker.java:<init>(172)) - new 5a997197-d6d4-45cd-8357-040721935652-SegmentedRaftLogWorker:Storage Directory /workdir/hadoop-ozone/integration-test/target/test-dir/MiniOzoneClusterImpl-df511d4d-48d9-413f-91af-5a600e7276fd/datanode-1/data/ratis/076a2a7d-9497-42db-b3eb-4736da5b1f3e for RaftStorage:Storage Directory /workdir/hadoop-ozone/integration-test/target/test-dir/MiniOzoneClusterImpl-df511d4d-48d9-413f-91af-5a600e7276fd/datanode-1/data/ratis/076a2a7d-9497-42db-b3eb-4736da5b1f3e
2019-08-20 15:34:11,212 [pool-124-thread-1] INFO  server.RaftServerConfigKeys (ConfUtils.java:logGet(43)) - raft.server.log.queue.byte-limit = 2147483647 (custom)
2019-08-20 15:34:11,213 [pool-124-thread-1] INFO  server.RaftServerConfigKeys (ConfUtils.java:logGet(43)) - raft.server.log.queue.element-limit = 1024 (custom)
2019-08-20 15:34:11,213 [pool-124-thread-1] INFO  server.RaftServerConfigKeys (ConfUtils.java:logGet(43)) - raft.server.log.segment.size.max = 1048576 (custom)
2019-08-20 15:34:11,213 [pool-124-thread-1] INFO  server.RaftServerConfigKeys (ConfUtils.java:logGet(43)) - raft.server.log.preallocated.size = 16384 (custom)
2019-08-20 15:34:11,213 [pool-124-thread-1] INFO  server.RaftServerConfigKeys (ConfUtils.java:logGet(43)) - raft.server.log.write.buffer.size = 33554432 (custom)
2019-08-20 15:34:11,213 [pool-124-thread-1] INFO  server.RaftServerConfigKeys (ConfUtils.java:logGet(43)) - raft.server.log.force.sync.num = 128 (default)
2019-08-20 15:34:11,213 [pool-124-thread-1] INFO  server.RaftServerConfigKeys (ConfUtils.java:logGet(43)) - raft.server.log.statemachine.data.sync = true (default)
2019-08-20 15:34:11,213 [pool-124-thread-1] INFO  server.RaftServerConfigKeys (ConfUtils.java:logGet(43)) - raft.server.log.statemachine.data.sync.timeout = 10s (default)
2019-08-20 15:34:11,213 [pool-124-thread-1] INFO  server.RaftServerConfigKeys (ConfUtils.java:logGet(43)) - raft.server.log.statemachine.data.sync.timeout.retry = -1 (default)
2019-08-20 15:34:11,214 [pool-124-thread-1] INFO  server.RaftServerConfigKeys (ConfUtils.java:logGet(43)) - raft.server.log.statemachine.data.caching.enabled = true (custom)
2019-08-20 15:34:11,214 [pool-124-thread-1] INFO  segmented.SegmentedRaftLogWorker (SegmentedRaftLogWorker.java:lambda$new$0(132)) - 5a997197-d6d4-45cd-8357-040721935652-SegmentedRaftLogWorker:Storage Directory /workdir/hadoop-ozone/integration-test/target/test-dir/MiniOzoneClusterImpl-df511d4d-48d9-413f-91af-5a600e7276fd/datanode-1/data/ratis/076a2a7d-9497-42db-b3eb-4736da5b1f3e: flushIndex: setUnconditionally 0 -> -1
2019-08-20 15:34:11,214 [pool-124-thread-1] INFO  server.RaftServerConfigKeys (ConfUtils.java:logGet(43)) - raft.server.snapshot.auto.trigger.enabled = true (custom)
2019-08-20 15:34:11,214 [pool-124-thread-1] INFO  server.RaftServerConfigKeys (ConfUtils.java:logGet(43)) - raft.server.snapshot.auto.trigger.threshold = 10000 (custom)
2019-08-20 15:34:11,214 [pool-124-thread-1] INFO  server.RaftServerConfigKeys (ConfUtils.java:logGet(43)) - raft.server.retrycache.expirytime = 600000ms (custom)
2019-08-20 15:34:11,214 [pool-124-thread-1] INFO  impl.RaftServerImpl (RaftServerImpl.java:start(180)) - 5a997197-d6d4-45cd-8357-040721935652: start group-4736DA5B1F3E
2019-08-20 15:34:11,215 [pool-124-thread-1] INFO  impl.RaftServerImpl (RaftServerImpl.java:setRole(171)) - 5a997197-d6d4-45cd-8357-040721935652:group-4736DA5B1F3E changes role from null to FOLLOWER at term 0 for startAsFollower
2019-08-20 15:34:11,215 [pool-124-thread-1] INFO  impl.RoleInfo (RoleInfo.java:updateAndGet(143)) - 5a997197-d6d4-45cd-8357-040721935652: start FollowerState
2019-08-20 15:34:11,220 [pool-124-thread-1] INFO  util.JmxRegister (JmxRegister.java:tryRegister(44)) - Successfully registered JMX Bean with object name Ratis:service=RaftServer,group=group-4736DA5B1F3E,id=5a997197-d6d4-45cd-8357-040721935652
2019-08-20 15:34:11,228 [RatisPipelineUtilsThread] INFO  pipeline.PipelineStateManager (PipelineStateManager.java:addPipeline(56)) - Created pipeline Pipeline[ Id: 076a2a7d-9497-42db-b3eb-4736da5b1f3e, Nodes: 5a997197-d6d4-45cd-8357-040721935652{ip: 192.168.69.100, host: pr-hdds-1975-spxzp-3193579258, networkLocation: /default-rack, certSerialId: null}, Type:RATIS, Factor:ONE, State:OPEN]
2019-08-20 15:34:11,364 [Thread-321] INFO  ozone.MiniOzoneClusterImpl (MiniOzoneClusterImpl.java:lambda$waitForClusterToBeReady$0(142)) - Waiting for cluster to be ready. Got 2 of 3 DN Heartbeats.
2019-08-20 15:34:11,364 [IPC Server handler 3 on 35297] INFO  net.NetworkTopology (NetworkTopologyImpl.java:add(110)) - Added a new node: /default-rack/22408b8b-2596-4e0e-b1a4-1a1860f88c8a
2019-08-20 15:34:11,365 [IPC Server handler 3 on 35297] INFO  node.SCMNodeManager (SCMNodeManager.java:register(273)) - Registered Data node : 22408b8b-2596-4e0e-b1a4-1a1860f88c8a{ip: 192.168.69.100, host: pr-hdds-1975-spxzp-3193579258, networkLocation: /default-rack, certSerialId: null}
2019-08-20 15:34:11,365 | INFO  | SCMAudit | user=jenkins1000 | ip=192.168.69.100 | op=REGISTER {datanodeDetails=22408b8b-2596-4e0e-b1a4-1a1860f88c8a{ip: 192.168.69.100, host: pr-hdds-1975-spxzp-3193579258, networkLocation: /default-rack, certSerialId: null}} | ret=SUCCESS |  
2019-08-20 15:34:11,373 [grpc-default-executor-0] INFO  impl.RaftServerProxy (RaftServerProxy.java:addNew(89)) - 22408b8b-2596-4e0e-b1a4-1a1860f88c8a: addNew group-3B924DAE9753:[22408b8b-2596-4e0e-b1a4-1a1860f88c8a:192.168.69.100:38420] returns group-3B924DAE9753:java.util.concurrent.CompletableFuture@f3683e0[Not completed]
2019-08-20 15:34:11,374 [pool-135-thread-1] INFO  impl.RaftServerImpl (RaftServerImpl.java:<init>(93)) - 22408b8b-2596-4e0e-b1a4-1a1860f88c8a: new RaftServerImpl for group-3B924DAE9753:[22408b8b-2596-4e0e-b1a4-1a1860f88c8a:192.168.69.100:38420] with ContainerStateMachine:uninitialized
2019-08-20 15:34:11,375 [pool-135-thread-1] INFO  server.RaftServerConfigKeys (ConfUtils.java:logGet(43)) - raft.server.rpc.timeout.min = 5s (custom)
2019-08-20 15:34:11,375 [pool-135-thread-1] INFO  server.RaftServerConfigKeys (ConfUtils.java:logGet(43)) - raft.server.rpc.timeout.max = 5200ms (custom)
2019-08-20 15:34:11,376 [pool-135-thread-1] INFO  server.RaftServerConfigKeys (ConfUtils.java:logGet(43)) - raft.server.rpcslowness.timeout = 120s (custom)
2019-08-20 15:34:11,376 [pool-135-thread-1] INFO  server.RaftServerConfigKeys (ConfUtils.java:logGet(43)) - raft.server.sleep.deviation.threshold = 300 (default)
2019-08-20 15:34:11,376 [pool-135-thread-1] INFO  server.RaftServerConfigKeys (ConfUtils.java:logGet(43)) - raft.server.log.appender.install.snapshot.enabled = false (custom)
2019-08-20 15:34:11,376 [pool-135-thread-1] INFO  impl.RaftServerImpl (ServerState.java:<init>(105)) - 22408b8b-2596-4e0e-b1a4-1a1860f88c8a:group-3B924DAE9753 ConfigurationManager, init=-1: [22408b8b-2596-4e0e-b1a4-1a1860f88c8a:192.168.69.100:38420], old=null, confs=<EMPTY_MAP>
2019-08-20 15:34:11,376 [pool-135-thread-1] INFO  server.RaftServerConfigKeys (ConfUtils.java:logGet(43)) - raft.server.storage.dir = [/workdir/hadoop-ozone/integration-test/target/test-dir/MiniOzoneClusterImpl-df511d4d-48d9-413f-91af-5a600e7276fd/datanode-2/data/ratis] (custom)
2019-08-20 15:34:11,376 [pool-135-thread-1] INFO  storage.RaftStorageDirectory (RaftStorageDirectory.java:analyzeStorage(246)) - The storage directory /workdir/hadoop-ozone/integration-test/target/test-dir/MiniOzoneClusterImpl-df511d4d-48d9-413f-91af-5a600e7276fd/datanode-2/data/ratis/26731607-97ff-47b9-9503-3b924dae9753 does not exist. Creating ...
2019-08-20 15:34:11,402 [pool-135-thread-1] INFO  storage.RaftStorageDirectory (RaftStorageDirectory.java:tryLock(328)) - Lock on /workdir/hadoop-ozone/integration-test/target/test-dir/MiniOzoneClusterImpl-df511d4d-48d9-413f-91af-5a600e7276fd/datanode-2/data/ratis/26731607-97ff-47b9-9503-3b924dae9753/in_use.lock acquired by nodename 25148@pr-hdds-1975-spxzp-3193579258
2019-08-20 15:34:11,415 [pool-135-thread-1] INFO  storage.RaftStorage (RaftStorage.java:format(72)) - Storage directory /workdir/hadoop-ozone/integration-test/target/test-dir/MiniOzoneClusterImpl-df511d4d-48d9-413f-91af-5a600e7276fd/datanode-2/data/ratis/26731607-97ff-47b9-9503-3b924dae9753 has been successfully formatted.
2019-08-20 15:34:11,416 [pool-135-thread-1] INFO  ratis.ContainerStateMachine (ContainerStateMachine.java:loadSnapshot(222)) - group-3B924DAE9753: The snapshot info is null. Setting the last applied indexto:(t:0, i:~)
2019-08-20 15:34:11,416 [pool-135-thread-1] INFO  server.RaftServerConfigKeys (ConfUtils.java:logGet(43)) - raft.server.leader.election.timeout = 120s (custom)
2019-08-20 15:34:11,416 [pool-135-thread-1] INFO  server.RaftServerConfigKeys (ConfUtils.java:logGet(43)) - raft.server.log.use.memory = false (default)
2019-08-20 15:34:11,416 [pool-135-thread-1] INFO  server.RaftServerConfigKeys (ConfUtils.java:logGet(43)) - raft.server.log.purge.gap = 1000000 (custom)
2019-08-20 15:34:11,416 [pool-135-thread-1] INFO  server.RaftServerConfigKeys (ConfUtils.java:logGet(43)) - raft.server.log.appender.buffer.byte-limit = 33554432 (custom)
2019-08-20 15:34:11,416 [pool-135-thread-1] INFO  server.RaftServerConfigKeys (ConfUtils.java:logGet(43)) - raft.server.log.segment.size.max = 1048576 (custom)
2019-08-20 15:34:11,416 [pool-135-thread-1] INFO  server.RaftServerConfigKeys (ConfUtils.java:logGet(43)) - raft.server.log.segment.cache.num.max = 2 (custom)
2019-08-20 15:34:11,416 [pool-135-thread-1] INFO  segmented.SegmentedRaftLogWorker (SegmentedRaftLogWorker.java:<init>(172)) - new 22408b8b-2596-4e0e-b1a4-1a1860f88c8a-SegmentedRaftLogWorker:Storage Directory /workdir/hadoop-ozone/integration-test/target/test-dir/MiniOzoneClusterImpl-df511d4d-48d9-413f-91af-5a600e7276fd/datanode-2/data/ratis/26731607-97ff-47b9-9503-3b924dae9753 for RaftStorage:Storage Directory /workdir/hadoop-ozone/integration-test/target/test-dir/MiniOzoneClusterImpl-df511d4d-48d9-413f-91af-5a600e7276fd/datanode-2/data/ratis/26731607-97ff-47b9-9503-3b924dae9753
2019-08-20 15:34:11,416 [pool-135-thread-1] INFO  server.RaftServerConfigKeys (ConfUtils.java:logGet(43)) - raft.server.log.queue.byte-limit = 2147483647 (custom)
2019-08-20 15:34:11,417 [pool-135-thread-1] INFO  server.RaftServerConfigKeys (ConfUtils.java:logGet(43)) - raft.server.log.queue.element-limit = 1024 (custom)
2019-08-20 15:34:11,417 [pool-135-thread-1] INFO  server.RaftServerConfigKeys (ConfUtils.java:logGet(43)) - raft.server.log.segment.size.max = 1048576 (custom)
2019-08-20 15:34:11,417 [pool-135-thread-1] INFO  server.RaftServerConfigKeys (ConfUtils.java:logGet(43)) - raft.server.log.preallocated.size = 16384 (custom)
2019-08-20 15:34:11,417 [pool-135-thread-1] INFO  server.RaftServerConfigKeys (ConfUtils.java:logGet(43)) - raft.server.log.write.buffer.size = 33554432 (custom)
2019-08-20 15:34:11,417 [pool-135-thread-1] INFO  server.RaftServerConfigKeys (ConfUtils.java:logGet(43)) - raft.server.log.force.sync.num = 128 (default)
2019-08-20 15:34:11,417 [pool-135-thread-1] INFO  server.RaftServerConfigKeys (ConfUtils.java:logGet(43)) - raft.server.log.statemachine.data.sync = true (default)
2019-08-20 15:34:11,417 [pool-135-thread-1] INFO  server.RaftServerConfigKeys (ConfUtils.java:logGet(43)) - raft.server.log.statemachine.data.sync.timeout = 10s (default)
2019-08-20 15:34:11,417 [pool-135-thread-1] INFO  server.RaftServerConfigKeys (ConfUtils.java:logGet(43)) - raft.server.log.statemachine.data.sync.timeout.retry = -1 (default)
2019-08-20 15:34:11,418 [pool-135-thread-1] INFO  server.RaftServerConfigKeys (ConfUtils.java:logGet(43)) - raft.server.log.statemachine.data.caching.enabled = true (custom)
2019-08-20 15:34:11,418 [pool-135-thread-1] INFO  segmented.SegmentedRaftLogWorker (SegmentedRaftLogWorker.java:lambda$new$0(132)) - 22408b8b-2596-4e0e-b1a4-1a1860f88c8a-SegmentedRaftLogWorker:Storage Directory /workdir/hadoop-ozone/integration-test/target/test-dir/MiniOzoneClusterImpl-df511d4d-48d9-413f-91af-5a600e7276fd/datanode-2/data/ratis/26731607-97ff-47b9-9503-3b924dae9753: flushIndex: setUnconditionally 0 -> -1
2019-08-20 15:34:11,418 [pool-135-thread-1] INFO  server.RaftServerConfigKeys (ConfUtils.java:logGet(43)) - raft.server.snapshot.auto.trigger.enabled = true (custom)
2019-08-20 15:34:11,418 [pool-135-thread-1] INFO  server.RaftServerConfigKeys (ConfUtils.java:logGet(43)) - raft.server.snapshot.auto.trigger.threshold = 10000 (custom)
2019-08-20 15:34:11,418 [pool-135-thread-1] INFO  server.RaftServerConfigKeys (ConfUtils.java:logGet(43)) - raft.server.retrycache.expirytime = 600000ms (custom)
2019-08-20 15:34:11,419 [pool-135-thread-1] INFO  impl.RaftServerImpl (RaftServerImpl.java:start(180)) - 22408b8b-2596-4e0e-b1a4-1a1860f88c8a: start group-3B924DAE9753
2019-08-20 15:34:11,419 [pool-135-thread-1] INFO  impl.RaftServerImpl (RaftServerImpl.java:setRole(171)) - 22408b8b-2596-4e0e-b1a4-1a1860f88c8a:group-3B924DAE9753 changes role from null to FOLLOWER at term 0 for startAsFollower
2019-08-20 15:34:11,419 [pool-135-thread-1] INFO  impl.RoleInfo (RoleInfo.java:updateAndGet(143)) - 22408b8b-2596-4e0e-b1a4-1a1860f88c8a: start FollowerState
2019-08-20 15:34:11,419 [pool-135-thread-1] INFO  util.JmxRegister (JmxRegister.java:tryRegister(44)) - Successfully registered JMX Bean with object name Ratis:service=RaftServer,group=group-3B924DAE9753,id=22408b8b-2596-4e0e-b1a4-1a1860f88c8a
2019-08-20 15:34:11,423 [RatisPipelineUtilsThread] INFO  pipeline.PipelineStateManager (PipelineStateManager.java:addPipeline(56)) - Created pipeline Pipeline[ Id: 26731607-97ff-47b9-9503-3b924dae9753, Nodes: 22408b8b-2596-4e0e-b1a4-1a1860f88c8a{ip: 192.168.69.100, host: pr-hdds-1975-spxzp-3193579258, networkLocation: /default-rack, certSerialId: null}, Type:RATIS, Factor:ONE, State:OPEN]
2019-08-20 15:34:11,441 [grpc-default-executor-1] INFO  impl.RaftServerProxy (RaftServerProxy.java:addNew(89)) - 22408b8b-2596-4e0e-b1a4-1a1860f88c8a: addNew group-4A7875C0C235:[296c1fec-8611-41bc-86b3-34db6a97fa03:192.168.69.100:35973, 5a997197-d6d4-45cd-8357-040721935652:192.168.69.100:40112, 22408b8b-2596-4e0e-b1a4-1a1860f88c8a:192.168.69.100:38420] returns group-4A7875C0C235:java.util.concurrent.CompletableFuture@196169a2[Not completed]
2019-08-20 15:34:11,441 [grpc-default-executor-0] INFO  impl.RaftServerProxy (RaftServerProxy.java:addNew(89)) - 296c1fec-8611-41bc-86b3-34db6a97fa03: addNew group-4A7875C0C235:[296c1fec-8611-41bc-86b3-34db6a97fa03:192.168.69.100:35973, 5a997197-d6d4-45cd-8357-040721935652:192.168.69.100:40112, 22408b8b-2596-4e0e-b1a4-1a1860f88c8a:192.168.69.100:38420] returns group-4A7875C0C235:java.util.concurrent.CompletableFuture@38080ee[Not completed]
2019-08-20 15:34:11,441 [grpc-default-executor-2] INFO  impl.RaftServerProxy (RaftServerProxy.java:addNew(89)) - 5a997197-d6d4-45cd-8357-040721935652: addNew group-4A7875C0C235:[296c1fec-8611-41bc-86b3-34db6a97fa03:192.168.69.100:35973, 5a997197-d6d4-45cd-8357-040721935652:192.168.69.100:40112, 22408b8b-2596-4e0e-b1a4-1a1860f88c8a:192.168.69.100:38420] returns group-4A7875C0C235:java.util.concurrent.CompletableFuture@2e291e33[Not completed]
2019-08-20 15:34:11,442 [pool-113-thread-1] INFO  impl.RaftServerImpl (RaftServerImpl.java:<init>(93)) - 296c1fec-8611-41bc-86b3-34db6a97fa03: new RaftServerImpl for group-4A7875C0C235:[296c1fec-8611-41bc-86b3-34db6a97fa03:192.168.69.100:35973, 5a997197-d6d4-45cd-8357-040721935652:192.168.69.100:40112, 22408b8b-2596-4e0e-b1a4-1a1860f88c8a:192.168.69.100:38420] with ContainerStateMachine:uninitialized
2019-08-20 15:34:11,442 [pool-113-thread-1] INFO  server.RaftServerConfigKeys (ConfUtils.java:logGet(43)) - raft.server.rpc.timeout.min = 5s (custom)
2019-08-20 15:34:11,442 [pool-113-thread-1] INFO  server.RaftServerConfigKeys (ConfUtils.java:logGet(43)) - raft.server.rpc.timeout.max = 5200ms (custom)
2019-08-20 15:34:11,442 [pool-124-thread-1] INFO  impl.RaftServerImpl (RaftServerImpl.java:<init>(93)) - 5a997197-d6d4-45cd-8357-040721935652: new RaftServerImpl for group-4A7875C0C235:[296c1fec-8611-41bc-86b3-34db6a97fa03:192.168.69.100:35973, 5a997197-d6d4-45cd-8357-040721935652:192.168.69.100:40112, 22408b8b-2596-4e0e-b1a4-1a1860f88c8a:192.168.69.100:38420] with ContainerStateMachine:uninitialized
2019-08-20 15:34:11,442 [pool-113-thread-1] INFO  server.RaftServerConfigKeys (ConfUtils.java:logGet(43)) - raft.server.rpcslowness.timeout = 120s (custom)
2019-08-20 15:34:11,442 [pool-124-thread-1] INFO  server.RaftServerConfigKeys (ConfUtils.java:logGet(43)) - raft.server.rpc.timeout.min = 5s (custom)
2019-08-20 15:34:11,442 [pool-113-thread-1] INFO  server.RaftServerConfigKeys (ConfUtils.java:logGet(43)) - raft.server.sleep.deviation.threshold = 300 (default)
2019-08-20 15:34:11,442 [pool-124-thread-1] INFO  server.RaftServerConfigKeys (ConfUtils.java:logGet(43)) - raft.server.rpc.timeout.max = 5200ms (custom)
2019-08-20 15:34:11,443 [pool-135-thread-1] INFO  impl.RaftServerImpl (RaftServerImpl.java:<init>(93)) - 22408b8b-2596-4e0e-b1a4-1a1860f88c8a: new RaftServerImpl for group-4A7875C0C235:[296c1fec-8611-41bc-86b3-34db6a97fa03:192.168.69.100:35973, 5a997197-d6d4-45cd-8357-040721935652:192.168.69.100:40112, 22408b8b-2596-4e0e-b1a4-1a1860f88c8a:192.168.69.100:38420] with ContainerStateMachine:uninitialized
2019-08-20 15:34:11,443 [pool-113-thread-1] INFO  server.RaftServerConfigKeys (ConfUtils.java:logGet(43)) - raft.server.log.appender.install.snapshot.enabled = false (custom)
2019-08-20 15:34:11,443 [pool-135-thread-1] INFO  server.RaftServerConfigKeys (ConfUtils.java:logGet(43)) - raft.server.rpc.timeout.min = 5s (custom)
2019-08-20 15:34:11,443 [pool-124-thread-1] INFO  server.RaftServerConfigKeys (ConfUtils.java:logGet(43)) - raft.server.rpcslowness.timeout = 120s (custom)
2019-08-20 15:34:11,443 [pool-135-thread-1] INFO  server.RaftServerConfigKeys (ConfUtils.java:logGet(43)) - raft.server.rpc.timeout.max = 5200ms (custom)
2019-08-20 15:34:11,443 [pool-113-thread-1] INFO  impl.RaftServerImpl (ServerState.java:<init>(105)) - 296c1fec-8611-41bc-86b3-34db6a97fa03:group-4A7875C0C235 ConfigurationManager, init=-1: [296c1fec-8611-41bc-86b3-34db6a97fa03:192.168.69.100:35973, 5a997197-d6d4-45cd-8357-040721935652:192.168.69.100:40112, 22408b8b-2596-4e0e-b1a4-1a1860f88c8a:192.168.69.100:38420], old=null, confs=<EMPTY_MAP>
2019-08-20 15:34:11,443 [pool-135-thread-1] INFO  server.RaftServerConfigKeys (ConfUtils.java:logGet(43)) - raft.server.rpcslowness.timeout = 120s (custom)
2019-08-20 15:34:11,443 [pool-124-thread-1] INFO  server.RaftServerConfigKeys (ConfUtils.java:logGet(43)) - raft.server.sleep.deviation.threshold = 300 (default)
2019-08-20 15:34:11,443 [pool-135-thread-1] INFO  server.RaftServerConfigKeys (ConfUtils.java:logGet(43)) - raft.server.sleep.deviation.threshold = 300 (default)
2019-08-20 15:34:11,443 [pool-113-thread-1] INFO  server.RaftServerConfigKeys (ConfUtils.java:logGet(43)) - raft.server.storage.dir = [/workdir/hadoop-ozone/integration-test/target/test-dir/MiniOzoneClusterImpl-df511d4d-48d9-413f-91af-5a600e7276fd/datanode-0/data/ratis] (custom)
2019-08-20 15:34:11,443 [pool-135-thread-1] INFO  server.RaftServerConfigKeys (ConfUtils.java:logGet(43)) - raft.server.log.appender.install.snapshot.enabled = false (custom)
2019-08-20 15:34:11,443 [pool-124-thread-1] INFO  server.RaftServerConfigKeys (ConfUtils.java:logGet(43)) - raft.server.log.appender.install.snapshot.enabled = false (custom)
2019-08-20 15:34:11,443 [pool-135-thread-1] INFO  impl.RaftServerImpl (ServerState.java:<init>(105)) - 22408b8b-2596-4e0e-b1a4-1a1860f88c8a:group-4A7875C0C235 ConfigurationManager, init=-1: [296c1fec-8611-41bc-86b3-34db6a97fa03:192.168.69.100:35973, 5a997197-d6d4-45cd-8357-040721935652:192.168.69.100:40112, 22408b8b-2596-4e0e-b1a4-1a1860f88c8a:192.168.69.100:38420], old=null, confs=<EMPTY_MAP>
2019-08-20 15:34:11,443 [pool-113-thread-1] INFO  storage.RaftStorageDirectory (RaftStorageDirectory.java:analyzeStorage(246)) - The storage directory /workdir/hadoop-ozone/integration-test/target/test-dir/MiniOzoneClusterImpl-df511d4d-48d9-413f-91af-5a600e7276fd/datanode-0/data/ratis/bc3c5bcd-130d-425e-8e13-4a7875c0c235 does not exist. Creating ...
2019-08-20 15:34:11,443 [pool-124-thread-1] INFO  impl.RaftServerImpl (ServerState.java:<init>(105)) - 5a997197-d6d4-45cd-8357-040721935652:group-4A7875C0C235 ConfigurationManager, init=-1: [296c1fec-8611-41bc-86b3-34db6a97fa03:192.168.69.100:35973, 5a997197-d6d4-45cd-8357-040721935652:192.168.69.100:40112, 22408b8b-2596-4e0e-b1a4-1a1860f88c8a:192.168.69.100:38420], old=null, confs=<EMPTY_MAP>
2019-08-20 15:34:11,444 [pool-135-thread-1] INFO  server.RaftServerConfigKeys (ConfUtils.java:logGet(43)) - raft.server.storage.dir = [/workdir/hadoop-ozone/integration-test/target/test-dir/MiniOzoneClusterImpl-df511d4d-48d9-413f-91af-5a600e7276fd/datanode-2/data/ratis] (custom)
2019-08-20 15:34:11,444 [pool-124-thread-1] INFO  server.RaftServerConfigKeys (ConfUtils.java:logGet(43)) - raft.server.storage.dir = [/workdir/hadoop-ozone/integration-test/target/test-dir/MiniOzoneClusterImpl-df511d4d-48d9-413f-91af-5a600e7276fd/datanode-1/data/ratis] (custom)
2019-08-20 15:34:11,444 [pool-135-thread-1] INFO  storage.RaftStorageDirectory (RaftStorageDirectory.java:analyzeStorage(246)) - The storage directory /workdir/hadoop-ozone/integration-test/target/test-dir/MiniOzoneClusterImpl-df511d4d-48d9-413f-91af-5a600e7276fd/datanode-2/data/ratis/bc3c5bcd-130d-425e-8e13-4a7875c0c235 does not exist. Creating ...
2019-08-20 15:34:11,444 [pool-124-thread-1] INFO  storage.RaftStorageDirectory (RaftStorageDirectory.java:analyzeStorage(246)) - The storage directory /workdir/hadoop-ozone/integration-test/target/test-dir/MiniOzoneClusterImpl-df511d4d-48d9-413f-91af-5a600e7276fd/datanode-1/data/ratis/bc3c5bcd-130d-425e-8e13-4a7875c0c235 does not exist. Creating ...
2019-08-20 15:34:11,464 [pool-124-thread-1] INFO  storage.RaftStorageDirectory (RaftStorageDirectory.java:tryLock(328)) - Lock on /workdir/hadoop-ozone/integration-test/target/test-dir/MiniOzoneClusterImpl-df511d4d-48d9-413f-91af-5a600e7276fd/datanode-1/data/ratis/bc3c5bcd-130d-425e-8e13-4a7875c0c235/in_use.lock acquired by nodename 25148@pr-hdds-1975-spxzp-3193579258
2019-08-20 15:34:11,464 [pool-113-thread-1] INFO  storage.RaftStorageDirectory (RaftStorageDirectory.java:tryLock(328)) - Lock on /workdir/hadoop-ozone/integration-test/target/test-dir/MiniOzoneClusterImpl-df511d4d-48d9-413f-91af-5a600e7276fd/datanode-0/data/ratis/bc3c5bcd-130d-425e-8e13-4a7875c0c235/in_use.lock acquired by nodename 25148@pr-hdds-1975-spxzp-3193579258
2019-08-20 15:34:11,464 [pool-135-thread-1] INFO  storage.RaftStorageDirectory (RaftStorageDirectory.java:tryLock(328)) - Lock on /workdir/hadoop-ozone/integration-test/target/test-dir/MiniOzoneClusterImpl-df511d4d-48d9-413f-91af-5a600e7276fd/datanode-2/data/ratis/bc3c5bcd-130d-425e-8e13-4a7875c0c235/in_use.lock acquired by nodename 25148@pr-hdds-1975-spxzp-3193579258
2019-08-20 15:34:11,467 [pool-124-thread-1] INFO  storage.RaftStorage (RaftStorage.java:format(72)) - Storage directory /workdir/hadoop-ozone/integration-test/target/test-dir/MiniOzoneClusterImpl-df511d4d-48d9-413f-91af-5a600e7276fd/datanode-1/data/ratis/bc3c5bcd-130d-425e-8e13-4a7875c0c235 has been successfully formatted.
2019-08-20 15:34:11,467 [pool-113-thread-1] INFO  storage.RaftStorage (RaftStorage.java:format(72)) - Storage directory /workdir/hadoop-ozone/integration-test/target/test-dir/MiniOzoneClusterImpl-df511d4d-48d9-413f-91af-5a600e7276fd/datanode-0/data/ratis/bc3c5bcd-130d-425e-8e13-4a7875c0c235 has been successfully formatted.
2019-08-20 15:34:11,467 [pool-135-thread-1] INFO  storage.RaftStorage (RaftStorage.java:format(72)) - Storage directory /workdir/hadoop-ozone/integration-test/target/test-dir/MiniOzoneClusterImpl-df511d4d-48d9-413f-91af-5a600e7276fd/datanode-2/data/ratis/bc3c5bcd-130d-425e-8e13-4a7875c0c235 has been successfully formatted.
2019-08-20 15:34:11,468 [pool-124-thread-1] INFO  ratis.ContainerStateMachine (ContainerStateMachine.java:loadSnapshot(222)) - group-4A7875C0C235: The snapshot info is null. Setting the last applied indexto:(t:0, i:~)
2019-08-20 15:34:11,468 [pool-135-thread-1] INFO  ratis.ContainerStateMachine (ContainerStateMachine.java:loadSnapshot(222)) - group-4A7875C0C235: The snapshot info is null. Setting the last applied indexto:(t:0, i:~)
2019-08-20 15:34:11,468 [pool-113-thread-1] INFO  ratis.ContainerStateMachine (ContainerStateMachine.java:loadSnapshot(222)) - group-4A7875C0C235: The snapshot info is null. Setting the last applied indexto:(t:0, i:~)
2019-08-20 15:34:11,468 [pool-135-thread-1] INFO  server.RaftServerConfigKeys (ConfUtils.java:logGet(43)) - raft.server.leader.election.timeout = 120s (custom)
2019-08-20 15:34:11,468 [pool-124-thread-1] INFO  server.RaftServerConfigKeys (ConfUtils.java:logGet(43)) - raft.server.leader.election.timeout = 120s (custom)
2019-08-20 15:34:11,468 [pool-135-thread-1] INFO  server.RaftServerConfigKeys (ConfUtils.java:logGet(43)) - raft.server.log.use.memory = false (default)
2019-08-20 15:34:11,468 [pool-113-thread-1] INFO  server.RaftServerConfigKeys (ConfUtils.java:logGet(43)) - raft.server.leader.election.timeout = 120s (custom)
2019-08-20 15:34:11,468 [pool-135-thread-1] INFO  server.RaftServerConfigKeys (ConfUtils.java:logGet(43)) - raft.server.log.purge.gap = 1000000 (custom)
2019-08-20 15:34:11,468 [pool-124-thread-1] INFO  server.RaftServerConfigKeys (ConfUtils.java:logGet(43)) - raft.server.log.use.memory = false (default)
2019-08-20 15:34:11,468 [pool-135-thread-1] INFO  server.RaftServerConfigKeys (ConfUtils.java:logGet(43)) - raft.server.log.appender.buffer.byte-limit = 33554432 (custom)
2019-08-20 15:34:11,468 [pool-113-thread-1] INFO  server.RaftServerConfigKeys (ConfUtils.java:logGet(43)) - raft.server.log.use.memory = false (default)
2019-08-20 15:34:11,469 [pool-135-thread-1] INFO  server.RaftServerConfigKeys (ConfUtils.java:logGet(43)) - raft.server.log.segment.size.max = 1048576 (custom)
2019-08-20 15:34:11,468 [pool-124-thread-1] INFO  server.RaftServerConfigKeys (ConfUtils.java:logGet(43)) - raft.server.log.purge.gap = 1000000 (custom)
2019-08-20 15:34:11,469 [pool-135-thread-1] INFO  server.RaftServerConfigKeys (ConfUtils.java:logGet(43)) - raft.server.log.segment.cache.num.max = 2 (custom)
2019-08-20 15:34:11,469 [pool-113-thread-1] INFO  server.RaftServerConfigKeys (ConfUtils.java:logGet(43)) - raft.server.log.purge.gap = 1000000 (custom)
2019-08-20 15:34:11,469 [pool-135-thread-1] INFO  segmented.SegmentedRaftLogWorker (SegmentedRaftLogWorker.java:<init>(172)) - new 22408b8b-2596-4e0e-b1a4-1a1860f88c8a-SegmentedRaftLogWorker:Storage Directory /workdir/hadoop-ozone/integration-test/target/test-dir/MiniOzoneClusterImpl-df511d4d-48d9-413f-91af-5a600e7276fd/datanode-2/data/ratis/bc3c5bcd-130d-425e-8e13-4a7875c0c235 for RaftStorage:Storage Directory /workdir/hadoop-ozone/integration-test/target/test-dir/MiniOzoneClusterImpl-df511d4d-48d9-413f-91af-5a600e7276fd/datanode-2/data/ratis/bc3c5bcd-130d-425e-8e13-4a7875c0c235
2019-08-20 15:34:11,469 [pool-124-thread-1] INFO  server.RaftServerConfigKeys (ConfUtils.java:logGet(43)) - raft.server.log.appender.buffer.byte-limit = 33554432 (custom)
2019-08-20 15:34:11,469 [pool-135-thread-1] INFO  server.RaftServerConfigKeys (ConfUtils.java:logGet(43)) - raft.server.log.queue.byte-limit = 2147483647 (custom)
2019-08-20 15:34:11,469 [pool-113-thread-1] INFO  server.RaftServerConfigKeys (ConfUtils.java:logGet(43)) - raft.server.log.appender.buffer.byte-limit = 33554432 (custom)
2019-08-20 15:34:11,469 [pool-135-thread-1] INFO  server.RaftServerConfigKeys (ConfUtils.java:logGet(43)) - raft.server.log.queue.element-limit = 1024 (custom)
2019-08-20 15:34:11,469 [pool-124-thread-1] INFO  server.RaftServerConfigKeys (ConfUtils.java:logGet(43)) - raft.server.log.segment.size.max = 1048576 (custom)
2019-08-20 15:34:11,469 [pool-135-thread-1] INFO  server.RaftServerConfigKeys (ConfUtils.java:logGet(43)) - raft.server.log.segment.size.max = 1048576 (custom)
2019-08-20 15:34:11,469 [pool-113-thread-1] INFO  server.RaftServerConfigKeys (ConfUtils.java:logGet(43)) - raft.server.log.segment.size.max = 1048576 (custom)
2019-08-20 15:34:11,470 [pool-135-thread-1] INFO  server.RaftServerConfigKeys (ConfUtils.java:logGet(43)) - raft.server.log.preallocated.size = 16384 (custom)
2019-08-20 15:34:11,469 [pool-124-thread-1] INFO  server.RaftServerConfigKeys (ConfUtils.java:logGet(43)) - raft.server.log.segment.cache.num.max = 2 (custom)
2019-08-20 15:34:11,470 [pool-135-thread-1] INFO  server.RaftServerConfigKeys (ConfUtils.java:logGet(43)) - raft.server.log.write.buffer.size = 33554432 (custom)
2019-08-20 15:34:11,470 [pool-113-thread-1] INFO  server.RaftServerConfigKeys (ConfUtils.java:logGet(43)) - raft.server.log.segment.cache.num.max = 2 (custom)
2019-08-20 15:34:11,470 [pool-135-thread-1] INFO  server.RaftServerConfigKeys (ConfUtils.java:logGet(43)) - raft.server.log.force.sync.num = 128 (default)
2019-08-20 15:34:11,470 [pool-124-thread-1] INFO  segmented.SegmentedRaftLogWorker (SegmentedRaftLogWorker.java:<init>(172)) - new 5a997197-d6d4-45cd-8357-040721935652-SegmentedRaftLogWorker:Storage Directory /workdir/hadoop-ozone/integration-test/target/test-dir/MiniOzoneClusterImpl-df511d4d-48d9-413f-91af-5a600e7276fd/datanode-1/data/ratis/bc3c5bcd-130d-425e-8e13-4a7875c0c235 for RaftStorage:Storage Directory /workdir/hadoop-ozone/integration-test/target/test-dir/MiniOzoneClusterImpl-df511d4d-48d9-413f-91af-5a600e7276fd/datanode-1/data/ratis/bc3c5bcd-130d-425e-8e13-4a7875c0c235
2019-08-20 15:34:11,470 [pool-135-thread-1] INFO  server.RaftServerConfigKeys (ConfUtils.java:logGet(43)) - raft.server.log.statemachine.data.sync = true (default)
2019-08-20 15:34:11,470 [pool-113-thread-1] INFO  segmented.SegmentedRaftLogWorker (SegmentedRaftLogWorker.java:<init>(172)) - new 296c1fec-8611-41bc-86b3-34db6a97fa03-SegmentedRaftLogWorker:Storage Directory /workdir/hadoop-ozone/integration-test/target/test-dir/MiniOzoneClusterImpl-df511d4d-48d9-413f-91af-5a600e7276fd/datanode-0/data/ratis/bc3c5bcd-130d-425e-8e13-4a7875c0c235 for RaftStorage:Storage Directory /workdir/hadoop-ozone/integration-test/target/test-dir/MiniOzoneClusterImpl-df511d4d-48d9-413f-91af-5a600e7276fd/datanode-0/data/ratis/bc3c5bcd-130d-425e-8e13-4a7875c0c235
2019-08-20 15:34:11,470 [pool-135-thread-1] INFO  server.RaftServerConfigKeys (ConfUtils.java:logGet(43)) - raft.server.log.statemachine.data.sync.timeout = 10s (default)
2019-08-20 15:34:11,470 [pool-124-thread-1] INFO  server.RaftServerConfigKeys (ConfUtils.java:logGet(43)) - raft.server.log.queue.byte-limit = 2147483647 (custom)
2019-08-20 15:34:11,470 [pool-135-thread-1] INFO  server.RaftServerConfigKeys (ConfUtils.java:logGet(43)) - raft.server.log.statemachine.data.sync.timeout.retry = -1 (default)
2019-08-20 15:34:11,470 [pool-113-thread-1] INFO  server.RaftServerConfigKeys (ConfUtils.java:logGet(43)) - raft.server.log.queue.byte-limit = 2147483647 (custom)
2019-08-20 15:34:11,470 [pool-124-thread-1] INFO  server.RaftServerConfigKeys (ConfUtils.java:logGet(43)) - raft.server.log.queue.element-limit = 1024 (custom)
2019-08-20 15:34:11,471 [pool-113-thread-1] INFO  server.RaftServerConfigKeys (ConfUtils.java:logGet(43)) - raft.server.log.queue.element-limit = 1024 (custom)
2019-08-20 15:34:11,471 [pool-135-thread-1] INFO  server.RaftServerConfigKeys (ConfUtils.java:logGet(43)) - raft.server.log.statemachine.data.caching.enabled = true (custom)
2019-08-20 15:34:11,471 [pool-113-thread-1] INFO  server.RaftServerConfigKeys (ConfUtils.java:logGet(43)) - raft.server.log.segment.size.max = 1048576 (custom)
2019-08-20 15:34:11,471 [pool-124-thread-1] INFO  server.RaftServerConfigKeys (ConfUtils.java:logGet(43)) - raft.server.log.segment.size.max = 1048576 (custom)
2019-08-20 15:34:11,471 [pool-135-thread-1] INFO  segmented.SegmentedRaftLogWorker (SegmentedRaftLogWorker.java:lambda$new$0(132)) - 22408b8b-2596-4e0e-b1a4-1a1860f88c8a-SegmentedRaftLogWorker:Storage Directory /workdir/hadoop-ozone/integration-test/target/test-dir/MiniOzoneClusterImpl-df511d4d-48d9-413f-91af-5a600e7276fd/datanode-2/data/ratis/bc3c5bcd-130d-425e-8e13-4a7875c0c235: flushIndex: setUnconditionally 0 -> -1
2019-08-20 15:34:11,471 [pool-113-thread-1] INFO  server.RaftServerConfigKeys (ConfUtils.java:logGet(43)) - raft.server.log.preallocated.size = 16384 (custom)
2019-08-20 15:34:11,471 [pool-124-thread-1] INFO  server.RaftServerConfigKeys (ConfUtils.java:logGet(43)) - raft.server.log.preallocated.size = 16384 (custom)
2019-08-20 15:34:11,471 [pool-135-thread-1] INFO  server.RaftServerConfigKeys (ConfUtils.java:logGet(43)) - raft.server.snapshot.auto.trigger.enabled = true (custom)
2019-08-20 15:34:11,471 [pool-113-thread-1] INFO  server.RaftServerConfigKeys (ConfUtils.java:logGet(43)) - raft.server.log.write.buffer.size = 33554432 (custom)
2019-08-20 15:34:11,471 [pool-135-thread-1] INFO  server.RaftServerConfigKeys (ConfUtils.java:logGet(43)) - raft.server.snapshot.auto.trigger.threshold = 10000 (custom)
2019-08-20 15:34:11,471 [pool-124-thread-1] INFO  server.RaftServerConfigKeys (ConfUtils.java:logGet(43)) - raft.server.log.write.buffer.size = 33554432 (custom)
2019-08-20 15:34:11,472 [pool-135-thread-1] INFO  server.RaftServerConfigKeys (ConfUtils.java:logGet(43)) - raft.server.retrycache.expirytime = 600000ms (custom)
2019-08-20 15:34:11,472 [pool-113-thread-1] INFO  server.RaftServerConfigKeys (ConfUtils.java:logGet(43)) - raft.server.log.force.sync.num = 128 (default)
2019-08-20 15:34:11,472 [pool-124-thread-1] INFO  server.RaftServerConfigKeys (ConfUtils.java:logGet(43)) - raft.server.log.force.sync.num = 128 (default)
2019-08-20 15:34:11,472 [pool-113-thread-1] INFO  server.RaftServerConfigKeys (ConfUtils.java:logGet(43)) - raft.server.log.statemachine.data.sync = true (default)
2019-08-20 15:34:11,472 [pool-135-thread-1] INFO  impl.RaftServerImpl (RaftServerImpl.java:start(180)) - 22408b8b-2596-4e0e-b1a4-1a1860f88c8a: start group-4A7875C0C235
2019-08-20 15:34:11,472 [pool-113-thread-1] INFO  server.RaftServerConfigKeys (ConfUtils.java:logGet(43)) - raft.server.log.statemachine.data.sync.timeout = 10s (default)
2019-08-20 15:34:11,472 [pool-124-thread-1] INFO  server.RaftServerConfigKeys (ConfUtils.java:logGet(43)) - raft.server.log.statemachine.data.sync = true (default)
2019-08-20 15:34:11,472 [pool-113-thread-1] INFO  server.RaftServerConfigKeys (ConfUtils.java:logGet(43)) - raft.server.log.statemachine.data.sync.timeout.retry = -1 (default)
2019-08-20 15:34:11,472 [pool-135-thread-1] INFO  impl.RaftServerImpl (RaftServerImpl.java:setRole(171)) - 22408b8b-2596-4e0e-b1a4-1a1860f88c8a:group-4A7875C0C235 changes role from null to FOLLOWER at term 0 for startAsFollower
2019-08-20 15:34:11,472 [pool-113-thread-1] INFO  server.RaftServerConfigKeys (ConfUtils.java:logGet(43)) - raft.server.log.statemachine.data.caching.enabled = true (custom)
2019-08-20 15:34:11,472 [pool-124-thread-1] INFO  server.RaftServerConfigKeys (ConfUtils.java:logGet(43)) - raft.server.log.statemachine.data.sync.timeout = 10s (default)
2019-08-20 15:34:11,473 [pool-135-thread-1] INFO  impl.RoleInfo (RoleInfo.java:updateAndGet(143)) - 22408b8b-2596-4e0e-b1a4-1a1860f88c8a: start FollowerState
2019-08-20 15:34:11,473 [pool-124-thread-1] INFO  server.RaftServerConfigKeys (ConfUtils.java:logGet(43)) - raft.server.log.statemachine.data.sync.timeout.retry = -1 (default)
2019-08-20 15:34:11,473 [pool-113-thread-1] INFO  segmented.SegmentedRaftLogWorker (SegmentedRaftLogWorker.java:lambda$new$0(132)) - 296c1fec-8611-41bc-86b3-34db6a97fa03-SegmentedRaftLogWorker:Storage Directory /workdir/hadoop-ozone/integration-test/target/test-dir/MiniOzoneClusterImpl-df511d4d-48d9-413f-91af-5a600e7276fd/datanode-0/data/ratis/bc3c5bcd-130d-425e-8e13-4a7875c0c235: flushIndex: setUnconditionally 0 -> -1
2019-08-20 15:34:11,473 [pool-124-thread-1] INFO  server.RaftServerConfigKeys (ConfUtils.java:logGet(43)) - raft.server.log.statemachine.data.caching.enabled = true (custom)
2019-08-20 15:34:11,473 [pool-135-thread-1] INFO  util.JmxRegister (JmxRegister.java:tryRegister(44)) - Successfully registered JMX Bean with object name Ratis:service=RaftServer,group=group-4A7875C0C235,id=22408b8b-2596-4e0e-b1a4-1a1860f88c8a
2019-08-20 15:34:11,473 [pool-113-thread-1] INFO  server.RaftServerConfigKeys (ConfUtils.java:logGet(43)) - raft.server.snapshot.auto.trigger.enabled = true (custom)
2019-08-20 15:34:11,473 [pool-124-thread-1] INFO  segmented.SegmentedRaftLogWorker (SegmentedRaftLogWorker.java:lambda$new$0(132)) - 5a997197-d6d4-45cd-8357-040721935652-SegmentedRaftLogWorker:Storage Directory /workdir/hadoop-ozone/integration-test/target/test-dir/MiniOzoneClusterImpl-df511d4d-48d9-413f-91af-5a600e7276fd/datanode-1/data/ratis/bc3c5bcd-130d-425e-8e13-4a7875c0c235: flushIndex: setUnconditionally 0 -> -1
2019-08-20 15:34:11,473 [pool-113-thread-1] INFO  server.RaftServerConfigKeys (ConfUtils.java:logGet(43)) - raft.server.snapshot.auto.trigger.threshold = 10000 (custom)
2019-08-20 15:34:11,473 [pool-124-thread-1] INFO  server.RaftServerConfigKeys (ConfUtils.java:logGet(43)) - raft.server.snapshot.auto.trigger.enabled = true (custom)
2019-08-20 15:34:11,474 [pool-124-thread-1] INFO  server.RaftServerConfigKeys (ConfUtils.java:logGet(43)) - raft.server.snapshot.auto.trigger.threshold = 10000 (custom)
2019-08-20 15:34:11,474 [pool-113-thread-1] INFO  server.RaftServerConfigKeys (ConfUtils.java:logGet(43)) - raft.server.retrycache.expirytime = 600000ms (custom)
2019-08-20 15:34:11,474 [pool-124-thread-1] INFO  server.RaftServerConfigKeys (ConfUtils.java:logGet(43)) - raft.server.retrycache.expirytime = 600000ms (custom)
2019-08-20 15:34:11,474 [pool-113-thread-1] INFO  impl.RaftServerImpl (RaftServerImpl.java:start(180)) - 296c1fec-8611-41bc-86b3-34db6a97fa03: start group-4A7875C0C235
2019-08-20 15:34:11,474 [pool-124-thread-1] INFO  impl.RaftServerImpl (RaftServerImpl.java:start(180)) - 5a997197-d6d4-45cd-8357-040721935652: start group-4A7875C0C235
2019-08-20 15:34:11,474 [pool-113-thread-1] INFO  impl.RaftServerImpl (RaftServerImpl.java:setRole(171)) - 296c1fec-8611-41bc-86b3-34db6a97fa03:group-4A7875C0C235 changes role from null to FOLLOWER at term 0 for startAsFollower
2019-08-20 15:34:11,474 [pool-124-thread-1] INFO  impl.RaftServerImpl (RaftServerImpl.java:setRole(171)) - 5a997197-d6d4-45cd-8357-040721935652:group-4A7875C0C235 changes role from null to FOLLOWER at term 0 for startAsFollower
2019-08-20 15:34:11,474 [pool-113-thread-1] INFO  impl.RoleInfo (RoleInfo.java:updateAndGet(143)) - 296c1fec-8611-41bc-86b3-34db6a97fa03: start FollowerState
2019-08-20 15:34:11,476 [pool-124-thread-1] INFO  impl.RoleInfo (RoleInfo.java:updateAndGet(143)) - 5a997197-d6d4-45cd-8357-040721935652: start FollowerState
2019-08-20 15:34:11,477 [pool-124-thread-1] INFO  util.JmxRegister (JmxRegister.java:tryRegister(44)) - Successfully registered JMX Bean with object name Ratis:service=RaftServer,group=group-4A7875C0C235,id=5a997197-d6d4-45cd-8357-040721935652
2019-08-20 15:34:11,477 [pool-113-thread-1] INFO  util.JmxRegister (JmxRegister.java:tryRegister(44)) - Successfully registered JMX Bean with object name Ratis:service=RaftServer,group=group-4A7875C0C235,id=296c1fec-8611-41bc-86b3-34db6a97fa03
2019-08-20 15:34:11,481 [RatisPipelineUtilsThread] INFO  pipeline.PipelineStateManager (PipelineStateManager.java:addPipeline(56)) - Created pipeline Pipeline[ Id: bc3c5bcd-130d-425e-8e13-4a7875c0c235, Nodes: 296c1fec-8611-41bc-86b3-34db6a97fa03{ip: 192.168.69.100, host: pr-hdds-1975-spxzp-3193579258, networkLocation: /default-rack, certSerialId: null}5a997197-d6d4-45cd-8357-040721935652{ip: 192.168.69.100, host: pr-hdds-1975-spxzp-3193579258, networkLocation: /default-rack, certSerialId: null}22408b8b-2596-4e0e-b1a4-1a1860f88c8a{ip: 192.168.69.100, host: pr-hdds-1975-spxzp-3193579258, networkLocation: /default-rack, certSerialId: null}, Type:RATIS, Factor:THREE, State:OPEN]
2019-08-20 15:34:12,364 [Thread-321] INFO  ozone.MiniOzoneClusterImpl (MiniOzoneClusterImpl.java:lambda$waitForClusterToBeReady$0(142)) - Cluster is ready. Got 3 of 3 DN Heartbeats.
2019-08-20 15:34:12,365 [Thread-321] INFO  datanode.ObjectStoreHandler (ObjectStoreHandler.java:close(155)) - Closing ObjectStoreHandler.
2019-08-20 15:34:12,365 [Thread-321] INFO  ozone.HddsDatanodeService (HddsDatanodeService.java:stop(451)) - Stopped plug-in org.apache.hadoop.ozone.web.OzoneHddsDatanodeService@7b33e47f
2019-08-20 15:34:12,978 [Datanode State Machine Thread - 0] INFO  statemachine.DatanodeStateMachine (DatanodeStateMachine.java:lambda$startDaemon$0(350)) - Ozone container server started.
2019-08-20 15:34:13,181 | INFO  | SCMAudit | user=jenkins1000 | ip=192.168.69.100 | op=SEND_HEARTBEAT {datanodeUUID=5a997197-d6d4-45cd-8357-040721935652, command=[]} | ret=SUCCESS |  
2019-08-20 15:34:13,364 | INFO  | SCMAudit | user=jenkins1000 | ip=192.168.69.100 | op=SEND_HEARTBEAT {datanodeUUID=22408b8b-2596-4e0e-b1a4-1a1860f88c8a, command=[]} | ret=SUCCESS |  
2019-08-20 15:34:13,986 [Thread-493] INFO  container.ReplicationManager (ReplicationManager.java:start(152)) - Starting Replication Monitor Thread.
2019-08-20 15:34:13,988 [ReplicationMonitor] INFO  container.ReplicationManager (ReplicationManager.java:run(215)) - Replication Monitor Thread took 0 milliseconds for processing 0 containers.
2019-08-20 15:34:14,181 | INFO  | SCMAudit | user=jenkins1000 | ip=192.168.69.100 | op=SEND_HEARTBEAT {datanodeUUID=5a997197-d6d4-45cd-8357-040721935652, command=[]} | ret=SUCCESS |  
2019-08-20 15:34:14,364 | INFO  | SCMAudit | user=jenkins1000 | ip=192.168.69.100 | op=SEND_HEARTBEAT {datanodeUUID=22408b8b-2596-4e0e-b1a4-1a1860f88c8a, command=[]} | ret=SUCCESS |  
2019-08-20 15:34:15,182 | INFO  | SCMAudit | user=jenkins1000 | ip=192.168.69.100 | op=SEND_HEARTBEAT {datanodeUUID=5a997197-d6d4-45cd-8357-040721935652, command=[]} | ret=SUCCESS |  
2019-08-20 15:34:15,364 | INFO  | SCMAudit | user=jenkins1000 | ip=192.168.69.100 | op=SEND_HEARTBEAT {datanodeUUID=22408b8b-2596-4e0e-b1a4-1a1860f88c8a, command=[]} | ret=SUCCESS |  
2019-08-20 15:34:16,046 [Thread-495] INFO  impl.FollowerState (FollowerState.java:run(106)) - 296c1fec-8611-41bc-86b3-34db6a97fa03:group-738F74EF0C8C changes to CANDIDATE, lastRpcTime:5009, electionTimeout:5009ms
2019-08-20 15:34:16,046 [Thread-495] INFO  impl.RoleInfo (RoleInfo.java:shutdownFollowerState(121)) - 296c1fec-8611-41bc-86b3-34db6a97fa03: shutdown FollowerState
2019-08-20 15:34:16,047 [Thread-495] INFO  impl.RaftServerImpl (RaftServerImpl.java:setRole(171)) - 296c1fec-8611-41bc-86b3-34db6a97fa03:group-738F74EF0C8C changes role from FOLLOWER to CANDIDATE at term 0 for changeToCandidate
2019-08-20 15:34:16,047 [Thread-495] INFO  impl.RoleInfo (RoleInfo.java:updateAndGet(143)) - 296c1fec-8611-41bc-86b3-34db6a97fa03: start LeaderElection
2019-08-20 15:34:16,073 [296c1fec-8611-41bc-86b3-34db6a97fa03:group-738F74EF0C8C:LeaderElection15] INFO  impl.LeaderElection (LeaderElection.java:askForVotes(181)) - 296c1fec-8611-41bc-86b3-34db6a97fa03:group-738F74EF0C8C:LeaderElection15: begin an election at term 1 for -1: [296c1fec-8611-41bc-86b3-34db6a97fa03:192.168.69.100:35973], old=null
2019-08-20 15:34:16,073 [296c1fec-8611-41bc-86b3-34db6a97fa03:group-738F74EF0C8C:LeaderElection15] INFO  impl.RoleInfo (RoleInfo.java:shutdownLeaderElection(134)) - 296c1fec-8611-41bc-86b3-34db6a97fa03: shutdown LeaderElection
2019-08-20 15:34:16,073 [296c1fec-8611-41bc-86b3-34db6a97fa03:group-738F74EF0C8C:LeaderElection15] INFO  impl.RaftServerImpl (RaftServerImpl.java:setRole(171)) - 296c1fec-8611-41bc-86b3-34db6a97fa03:group-738F74EF0C8C changes role from CANDIDATE to LEADER at term 1 for changeToLeader
2019-08-20 15:34:16,073 [296c1fec-8611-41bc-86b3-34db6a97fa03:group-738F74EF0C8C:LeaderElection15] INFO  impl.RaftServerImpl (ServerState.java:setLeader(263)) - 296c1fec-8611-41bc-86b3-34db6a97fa03:group-738F74EF0C8C change Leader from null to 296c1fec-8611-41bc-86b3-34db6a97fa03 at term 1 for becomeLeader, leader elected after 5039ms
2019-08-20 15:34:16,073 [296c1fec-8611-41bc-86b3-34db6a97fa03:group-738F74EF0C8C:LeaderElection15] INFO  server.RaftServerConfigKeys (ConfUtils.java:logGet(43)) - raft.server.staging.catchup.gap = 1000 (default)
2019-08-20 15:34:16,074 [296c1fec-8611-41bc-86b3-34db6a97fa03:group-738F74EF0C8C:LeaderElection15] INFO  server.RaftServerConfigKeys (ConfUtils.java:logGet(43)) - raft.server.rpc.sleep.time = 25ms (default)
2019-08-20 15:34:16,074 [296c1fec-8611-41bc-86b3-34db6a97fa03:group-738F74EF0C8C:LeaderElection15] INFO  server.RaftServerConfigKeys (ConfUtils.java:logGet(43)) - raft.server.write.element-limit = 4096 (default)
2019-08-20 15:34:16,074 [296c1fec-8611-41bc-86b3-34db6a97fa03:group-738F74EF0C8C:LeaderElection15] INFO  server.RaftServerConfigKeys (ConfUtils.java:logGet(43)) - raft.server.watch.timeout = 10s (default)
2019-08-20 15:34:16,074 [296c1fec-8611-41bc-86b3-34db6a97fa03:group-738F74EF0C8C:LeaderElection15] INFO  server.RaftServerConfigKeys (ConfUtils.java:logGet(43)) - raft.server.watch.timeout.denomination = 1s (default)
2019-08-20 15:34:16,075 [296c1fec-8611-41bc-86b3-34db6a97fa03:group-738F74EF0C8C:LeaderElection15] INFO  server.RaftServerConfigKeys (ConfUtils.java:logGet(43)) - raft.server.watch.element-limit = 65536 (default)
2019-08-20 15:34:16,075 [296c1fec-8611-41bc-86b3-34db6a97fa03:group-738F74EF0C8C:LeaderElection15] INFO  impl.RoleInfo (RoleInfo.java:updateAndGet(143)) - 296c1fec-8611-41bc-86b3-34db6a97fa03: start LeaderState
2019-08-20 15:34:16,075 [296c1fec-8611-41bc-86b3-34db6a97fa03:group-738F74EF0C8C:LeaderElection15] INFO  segmented.SegmentedRaftLogWorker (SegmentedRaftLogWorker.java:startLogSegment(380)) - 296c1fec-8611-41bc-86b3-34db6a97fa03-SegmentedRaftLogWorker:Storage Directory /workdir/hadoop-ozone/integration-test/target/test-dir/MiniOzoneClusterImpl-df511d4d-48d9-413f-91af-5a600e7276fd/datanode-0/data/ratis/dba7b7e9-16e2-4661-b591-738f74ef0c8c: Starting segment from index:0
2019-08-20 15:34:16,076 [296c1fec-8611-41bc-86b3-34db6a97fa03:group-738F74EF0C8C:LeaderElection15] INFO  impl.RaftServerImpl (ServerState.java:setRaftConf(361)) - 296c1fec-8611-41bc-86b3-34db6a97fa03:group-738F74EF0C8C set configuration 0: [296c1fec-8611-41bc-86b3-34db6a97fa03:192.168.69.100:35973], old=null at 0
2019-08-20 15:34:16,122 [296c1fec-8611-41bc-86b3-34db6a97fa03-SegmentedRaftLogWorker:Storage Directory /workdir/hadoop-ozone/integration-test/target/test-dir/MiniOzoneClusterImpl-df511d4d-48d9-413f-91af-5a600e7276fd/datanode-0/data/ratis/dba7b7e9-16e2-4661-b591-738f74ef0c8c] INFO  segmented.SegmentedRaftLogWorker (SegmentedRaftLogWorker.java:execute(569)) - 296c1fec-8611-41bc-86b3-34db6a97fa03-SegmentedRaftLogWorker:Storage Directory /workdir/hadoop-ozone/integration-test/target/test-dir/MiniOzoneClusterImpl-df511d4d-48d9-413f-91af-5a600e7276fd/datanode-0/data/ratis/dba7b7e9-16e2-4661-b591-738f74ef0c8c: created new log segment /workdir/hadoop-ozone/integration-test/target/test-dir/MiniOzoneClusterImpl-df511d4d-48d9-413f-91af-5a600e7276fd/datanode-0/data/ratis/dba7b7e9-16e2-4661-b591-738f74ef0c8c/current/log_inprogress_0
2019-08-20 15:34:16,182 | INFO  | SCMAudit | user=jenkins1000 | ip=192.168.69.100 | op=SEND_HEARTBEAT {datanodeUUID=5a997197-d6d4-45cd-8357-040721935652, command=[]} | ret=SUCCESS |  
2019-08-20 15:34:16,224 [Thread-498] INFO  impl.FollowerState (FollowerState.java:run(106)) - 5a997197-d6d4-45cd-8357-040721935652:group-4736DA5B1F3E changes to CANDIDATE, lastRpcTime:5009, electionTimeout:5009ms
2019-08-20 15:34:16,224 [Thread-498] INFO  impl.RoleInfo (RoleInfo.java:shutdownFollowerState(121)) - 5a997197-d6d4-45cd-8357-040721935652: shutdown FollowerState
2019-08-20 15:34:16,224 [Thread-498] INFO  impl.RaftServerImpl (RaftServerImpl.java:setRole(171)) - 5a997197-d6d4-45cd-8357-040721935652:group-4736DA5B1F3E changes role from FOLLOWER to CANDIDATE at term 0 for changeToCandidate
2019-08-20 15:34:16,224 [Thread-498] INFO  impl.RoleInfo (RoleInfo.java:updateAndGet(143)) - 5a997197-d6d4-45cd-8357-040721935652: start LeaderElection
2019-08-20 15:34:16,253 [5a997197-d6d4-45cd-8357-040721935652:group-4736DA5B1F3E:LeaderElection16] INFO  impl.LeaderElection (LeaderElection.java:askForVotes(181)) - 5a997197-d6d4-45cd-8357-040721935652:group-4736DA5B1F3E:LeaderElection16: begin an election at term 1 for -1: [5a997197-d6d4-45cd-8357-040721935652:192.168.69.100:40112], old=null
2019-08-20 15:34:16,253 [5a997197-d6d4-45cd-8357-040721935652:group-4736DA5B1F3E:LeaderElection16] INFO  impl.RoleInfo (RoleInfo.java:shutdownLeaderElection(134)) - 5a997197-d6d4-45cd-8357-040721935652: shutdown LeaderElection
2019-08-20 15:34:16,253 [5a997197-d6d4-45cd-8357-040721935652:group-4736DA5B1F3E:LeaderElection16] INFO  impl.RaftServerImpl (RaftServerImpl.java:setRole(171)) - 5a997197-d6d4-45cd-8357-040721935652:group-4736DA5B1F3E changes role from CANDIDATE to LEADER at term 1 for changeToLeader
2019-08-20 15:34:16,253 [5a997197-d6d4-45cd-8357-040721935652:group-4736DA5B1F3E:LeaderElection16] INFO  impl.RaftServerImpl (ServerState.java:setLeader(263)) - 5a997197-d6d4-45cd-8357-040721935652:group-4736DA5B1F3E change Leader from null to 5a997197-d6d4-45cd-8357-040721935652 at term 1 for becomeLeader, leader elected after 5041ms
2019-08-20 15:34:16,253 [5a997197-d6d4-45cd-8357-040721935652:group-4736DA5B1F3E:LeaderElection16] INFO  server.RaftServerConfigKeys (ConfUtils.java:logGet(43)) - raft.server.staging.catchup.gap = 1000 (default)
2019-08-20 15:34:16,253 [5a997197-d6d4-45cd-8357-040721935652:group-4736DA5B1F3E:LeaderElection16] INFO  server.RaftServerConfigKeys (ConfUtils.java:logGet(43)) - raft.server.rpc.sleep.time = 25ms (default)
2019-08-20 15:34:16,254 [5a997197-d6d4-45cd-8357-040721935652:group-4736DA5B1F3E:LeaderElection16] INFO  server.RaftServerConfigKeys (ConfUtils.java:logGet(43)) - raft.server.write.element-limit = 4096 (default)
2019-08-20 15:34:16,254 [5a997197-d6d4-45cd-8357-040721935652:group-4736DA5B1F3E:LeaderElection16] INFO  server.RaftServerConfigKeys (ConfUtils.java:logGet(43)) - raft.server.watch.timeout = 10s (default)
2019-08-20 15:34:16,254 [5a997197-d6d4-45cd-8357-040721935652:group-4736DA5B1F3E:LeaderElection16] INFO  server.RaftServerConfigKeys (ConfUtils.java:logGet(43)) - raft.server.watch.timeout.denomination = 1s (default)
2019-08-20 15:34:16,254 [5a997197-d6d4-45cd-8357-040721935652:group-4736DA5B1F3E:LeaderElection16] INFO  server.RaftServerConfigKeys (ConfUtils.java:logGet(43)) - raft.server.watch.element-limit = 65536 (default)
2019-08-20 15:34:16,254 [5a997197-d6d4-45cd-8357-040721935652:group-4736DA5B1F3E:LeaderElection16] INFO  impl.RoleInfo (RoleInfo.java:updateAndGet(143)) - 5a997197-d6d4-45cd-8357-040721935652: start LeaderState
2019-08-20 15:34:16,254 [5a997197-d6d4-45cd-8357-040721935652:group-4736DA5B1F3E:LeaderElection16] INFO  segmented.SegmentedRaftLogWorker (SegmentedRaftLogWorker.java:startLogSegment(380)) - 5a997197-d6d4-45cd-8357-040721935652-SegmentedRaftLogWorker:Storage Directory /workdir/hadoop-ozone/integration-test/target/test-dir/MiniOzoneClusterImpl-df511d4d-48d9-413f-91af-5a600e7276fd/datanode-1/data/ratis/076a2a7d-9497-42db-b3eb-4736da5b1f3e: Starting segment from index:0
2019-08-20 15:34:16,255 [5a997197-d6d4-45cd-8357-040721935652:group-4736DA5B1F3E:LeaderElection16] INFO  impl.RaftServerImpl (ServerState.java:setRaftConf(361)) - 5a997197-d6d4-45cd-8357-040721935652:group-4736DA5B1F3E set configuration 0: [5a997197-d6d4-45cd-8357-040721935652:192.168.69.100:40112], old=null at 0
2019-08-20 15:34:16,301 [5a997197-d6d4-45cd-8357-040721935652-SegmentedRaftLogWorker:Storage Directory /workdir/hadoop-ozone/integration-test/target/test-dir/MiniOzoneClusterImpl-df511d4d-48d9-413f-91af-5a600e7276fd/datanode-1/data/ratis/076a2a7d-9497-42db-b3eb-4736da5b1f3e] INFO  segmented.SegmentedRaftLogWorker (SegmentedRaftLogWorker.java:execute(569)) - 5a997197-d6d4-45cd-8357-040721935652-SegmentedRaftLogWorker:Storage Directory /workdir/hadoop-ozone/integration-test/target/test-dir/MiniOzoneClusterImpl-df511d4d-48d9-413f-91af-5a600e7276fd/datanode-1/data/ratis/076a2a7d-9497-42db-b3eb-4736da5b1f3e: created new log segment /workdir/hadoop-ozone/integration-test/target/test-dir/MiniOzoneClusterImpl-df511d4d-48d9-413f-91af-5a600e7276fd/datanode-1/data/ratis/076a2a7d-9497-42db-b3eb-4736da5b1f3e/current/log_inprogress_0
2019-08-20 15:34:16,364 | INFO  | SCMAudit | user=jenkins1000 | ip=192.168.69.100 | op=SEND_HEARTBEAT {datanodeUUID=22408b8b-2596-4e0e-b1a4-1a1860f88c8a, command=[]} | ret=SUCCESS |  
2019-08-20 15:34:16,482 [Thread-501] INFO  impl.FollowerState (FollowerState.java:run(106)) - 22408b8b-2596-4e0e-b1a4-1a1860f88c8a:group-3B924DAE9753 changes to CANDIDATE, lastRpcTime:5063, electionTimeout:5063ms
2019-08-20 15:34:16,482 [Thread-501] INFO  impl.RoleInfo (RoleInfo.java:shutdownFollowerState(121)) - 22408b8b-2596-4e0e-b1a4-1a1860f88c8a: shutdown FollowerState
2019-08-20 15:34:16,483 [Thread-501] INFO  impl.RaftServerImpl (RaftServerImpl.java:setRole(171)) - 22408b8b-2596-4e0e-b1a4-1a1860f88c8a:group-3B924DAE9753 changes role from FOLLOWER to CANDIDATE at term 0 for changeToCandidate
2019-08-20 15:34:16,483 [Thread-501] INFO  impl.RoleInfo (RoleInfo.java:updateAndGet(143)) - 22408b8b-2596-4e0e-b1a4-1a1860f88c8a: start LeaderElection
2019-08-20 15:34:16,525 [22408b8b-2596-4e0e-b1a4-1a1860f88c8a:group-3B924DAE9753:LeaderElection17] INFO  impl.LeaderElection (LeaderElection.java:askForVotes(181)) - 22408b8b-2596-4e0e-b1a4-1a1860f88c8a:group-3B924DAE9753:LeaderElection17: begin an election at term 1 for -1: [22408b8b-2596-4e0e-b1a4-1a1860f88c8a:192.168.69.100:38420], old=null
2019-08-20 15:34:16,525 [22408b8b-2596-4e0e-b1a4-1a1860f88c8a:group-3B924DAE9753:LeaderElection17] INFO  impl.RoleInfo (RoleInfo.java:shutdownLeaderElection(134)) - 22408b8b-2596-4e0e-b1a4-1a1860f88c8a: shutdown LeaderElection
2019-08-20 15:34:16,525 [22408b8b-2596-4e0e-b1a4-1a1860f88c8a:group-3B924DAE9753:LeaderElection17] INFO  impl.RaftServerImpl (RaftServerImpl.java:setRole(171)) - 22408b8b-2596-4e0e-b1a4-1a1860f88c8a:group-3B924DAE9753 changes role from CANDIDATE to LEADER at term 1 for changeToLeader
2019-08-20 15:34:16,525 [22408b8b-2596-4e0e-b1a4-1a1860f88c8a:group-3B924DAE9753:LeaderElection17] INFO  impl.RaftServerImpl (ServerState.java:setLeader(263)) - 22408b8b-2596-4e0e-b1a4-1a1860f88c8a:group-3B924DAE9753 change Leader from null to 22408b8b-2596-4e0e-b1a4-1a1860f88c8a at term 1 for becomeLeader, leader elected after 5109ms
2019-08-20 15:34:16,526 [22408b8b-2596-4e0e-b1a4-1a1860f88c8a:group-3B924DAE9753:LeaderElection17] INFO  server.RaftServerConfigKeys (ConfUtils.java:logGet(43)) - raft.server.staging.catchup.gap = 1000 (default)
2019-08-20 15:34:16,526 [22408b8b-2596-4e0e-b1a4-1a1860f88c8a:group-3B924DAE9753:LeaderElection17] INFO  server.RaftServerConfigKeys (ConfUtils.java:logGet(43)) - raft.server.rpc.sleep.time = 25ms (default)
2019-08-20 15:34:16,526 [22408b8b-2596-4e0e-b1a4-1a1860f88c8a:group-3B924DAE9753:LeaderElection17] INFO  server.RaftServerConfigKeys (ConfUtils.java:logGet(43)) - raft.server.write.element-limit = 4096 (default)
2019-08-20 15:34:16,526 [22408b8b-2596-4e0e-b1a4-1a1860f88c8a:group-3B924DAE9753:LeaderElection17] INFO  server.RaftServerConfigKeys (ConfUtils.java:logGet(43)) - raft.server.watch.timeout = 10s (default)
2019-08-20 15:34:16,526 [22408b8b-2596-4e0e-b1a4-1a1860f88c8a:group-3B924DAE9753:LeaderElection17] INFO  server.RaftServerConfigKeys (ConfUtils.java:logGet(43)) - raft.server.watch.timeout.denomination = 1s (default)
2019-08-20 15:34:16,527 [22408b8b-2596-4e0e-b1a4-1a1860f88c8a:group-3B924DAE9753:LeaderElection17] INFO  server.RaftServerConfigKeys (ConfUtils.java:logGet(43)) - raft.server.watch.element-limit = 65536 (default)
2019-08-20 15:34:16,527 [22408b8b-2596-4e0e-b1a4-1a1860f88c8a:group-3B924DAE9753:LeaderElection17] INFO  impl.RoleInfo (RoleInfo.java:updateAndGet(143)) - 22408b8b-2596-4e0e-b1a4-1a1860f88c8a: start LeaderState
2019-08-20 15:34:16,527 [22408b8b-2596-4e0e-b1a4-1a1860f88c8a:group-3B924DAE9753:LeaderElection17] INFO  segmented.SegmentedRaftLogWorker (SegmentedRaftLogWorker.java:startLogSegment(380)) - 22408b8b-2596-4e0e-b1a4-1a1860f88c8a-SegmentedRaftLogWorker:Storage Directory /workdir/hadoop-ozone/integration-test/target/test-dir/MiniOzoneClusterImpl-df511d4d-48d9-413f-91af-5a600e7276fd/datanode-2/data/ratis/26731607-97ff-47b9-9503-3b924dae9753: Starting segment from index:0
2019-08-20 15:34:16,528 [22408b8b-2596-4e0e-b1a4-1a1860f88c8a:group-3B924DAE9753:LeaderElection17] INFO  impl.RaftServerImpl (ServerState.java:setRaftConf(361)) - 22408b8b-2596-4e0e-b1a4-1a1860f88c8a:group-3B924DAE9753 set configuration 0: [22408b8b-2596-4e0e-b1a4-1a1860f88c8a:192.168.69.100:38420], old=null at 0
2019-08-20 15:34:16,557 [Thread-509] INFO  impl.FollowerState (FollowerState.java:run(106)) - 5a997197-d6d4-45cd-8357-040721935652:group-4A7875C0C235 changes to CANDIDATE, lastRpcTime:5081, electionTimeout:5068ms
2019-08-20 15:34:16,557 [Thread-509] INFO  impl.RoleInfo (RoleInfo.java:shutdownFollowerState(121)) - 5a997197-d6d4-45cd-8357-040721935652: shutdown FollowerState
2019-08-20 15:34:16,557 [Thread-509] INFO  impl.RaftServerImpl (RaftServerImpl.java:setRole(171)) - 5a997197-d6d4-45cd-8357-040721935652:group-4A7875C0C235 changes role from FOLLOWER to CANDIDATE at term 0 for changeToCandidate
2019-08-20 15:34:16,558 [Thread-509] INFO  impl.RoleInfo (RoleInfo.java:updateAndGet(143)) - 5a997197-d6d4-45cd-8357-040721935652: start LeaderElection
2019-08-20 15:34:16,571 [22408b8b-2596-4e0e-b1a4-1a1860f88c8a-SegmentedRaftLogWorker:Storage Directory /workdir/hadoop-ozone/integration-test/target/test-dir/MiniOzoneClusterImpl-df511d4d-48d9-413f-91af-5a600e7276fd/datanode-2/data/ratis/26731607-97ff-47b9-9503-3b924dae9753] INFO  segmented.SegmentedRaftLogWorker (SegmentedRaftLogWorker.java:execute(569)) - 22408b8b-2596-4e0e-b1a4-1a1860f88c8a-SegmentedRaftLogWorker:Storage Directory /workdir/hadoop-ozone/integration-test/target/test-dir/MiniOzoneClusterImpl-df511d4d-48d9-413f-91af-5a600e7276fd/datanode-2/data/ratis/26731607-97ff-47b9-9503-3b924dae9753: created new log segment /workdir/hadoop-ozone/integration-test/target/test-dir/MiniOzoneClusterImpl-df511d4d-48d9-413f-91af-5a600e7276fd/datanode-2/data/ratis/26731607-97ff-47b9-9503-3b924dae9753/current/log_inprogress_0
2019-08-20 15:34:16,571 [5a997197-d6d4-45cd-8357-040721935652:group-4A7875C0C235:LeaderElection18] INFO  impl.LeaderElection (LeaderElection.java:askForVotes(181)) - 5a997197-d6d4-45cd-8357-040721935652:group-4A7875C0C235:LeaderElection18: begin an election at term 1 for -1: [296c1fec-8611-41bc-86b3-34db6a97fa03:192.168.69.100:35973, 5a997197-d6d4-45cd-8357-040721935652:192.168.69.100:40112, 22408b8b-2596-4e0e-b1a4-1a1860f88c8a:192.168.69.100:38420], old=null
2019-08-20 15:34:16,581 [grpc-default-executor-2] INFO  impl.RaftServerImpl (RaftServerImpl.java:setRole(171)) - 296c1fec-8611-41bc-86b3-34db6a97fa03:group-4A7875C0C235 changes role from FOLLOWER to FOLLOWER at term 1 for recognizeCandidate:5a997197-d6d4-45cd-8357-040721935652
2019-08-20 15:34:16,581 [grpc-default-executor-0] INFO  impl.RaftServerImpl (RaftServerImpl.java:setRole(171)) - 22408b8b-2596-4e0e-b1a4-1a1860f88c8a:group-4A7875C0C235 changes role from FOLLOWER to FOLLOWER at term 1 for recognizeCandidate:5a997197-d6d4-45cd-8357-040721935652
2019-08-20 15:34:16,581 [grpc-default-executor-2] INFO  impl.RoleInfo (RoleInfo.java:shutdownFollowerState(121)) - 296c1fec-8611-41bc-86b3-34db6a97fa03: shutdown FollowerState
2019-08-20 15:34:16,582 [grpc-default-executor-0] INFO  impl.RoleInfo (RoleInfo.java:shutdownFollowerState(121)) - 22408b8b-2596-4e0e-b1a4-1a1860f88c8a: shutdown FollowerState
2019-08-20 15:34:16,582 [Thread-508] INFO  impl.FollowerState (FollowerState.java:run(114)) - 296c1fec-8611-41bc-86b3-34db6a97fa03: FollowerState was interrupted: java.lang.InterruptedException: sleep interrupted
2019-08-20 15:34:16,582 [grpc-default-executor-2] INFO  impl.RoleInfo (RoleInfo.java:updateAndGet(143)) - 296c1fec-8611-41bc-86b3-34db6a97fa03: start FollowerState
2019-08-20 15:34:16,583 [Thread-504] INFO  impl.FollowerState (FollowerState.java:run(114)) - 22408b8b-2596-4e0e-b1a4-1a1860f88c8a: FollowerState was interrupted: java.lang.InterruptedException: sleep interrupted
2019-08-20 15:34:16,582 [grpc-default-executor-0] INFO  impl.RoleInfo (RoleInfo.java:updateAndGet(143)) - 22408b8b-2596-4e0e-b1a4-1a1860f88c8a: start FollowerState
2019-08-20 15:34:16,596 [5a997197-d6d4-45cd-8357-040721935652:group-4A7875C0C235:LeaderElection18] INFO  impl.LeaderElection (LeaderElection.java:logAndReturn(56)) - 5a997197-d6d4-45cd-8357-040721935652:group-4A7875C0C235:LeaderElection18: Election PASSED; received 1 response(s) [5a997197-d6d4-45cd-8357-040721935652<-296c1fec-8611-41bc-86b3-34db6a97fa03#0:OK-t1] and 0 exception(s); 5a997197-d6d4-45cd-8357-040721935652:t1, leader=null, voted=5a997197-d6d4-45cd-8357-040721935652, raftlog=5a997197-d6d4-45cd-8357-040721935652-SegmentedRaftLog:OPENED:c-1,f-1,i0, conf=-1: [296c1fec-8611-41bc-86b3-34db6a97fa03:192.168.69.100:35973, 5a997197-d6d4-45cd-8357-040721935652:192.168.69.100:40112, 22408b8b-2596-4e0e-b1a4-1a1860f88c8a:192.168.69.100:38420], old=null
2019-08-20 15:34:16,597 [5a997197-d6d4-45cd-8357-040721935652:group-4A7875C0C235:LeaderElection18] INFO  impl.RoleInfo (RoleInfo.java:shutdownLeaderElection(134)) - 5a997197-d6d4-45cd-8357-040721935652: shutdown LeaderElection
2019-08-20 15:34:16,597 [5a997197-d6d4-45cd-8357-040721935652:group-4A7875C0C235:LeaderElection18] INFO  impl.RaftServerImpl (RaftServerImpl.java:setRole(171)) - 5a997197-d6d4-45cd-8357-040721935652:group-4A7875C0C235 changes role from CANDIDATE to LEADER at term 1 for changeToLeader
2019-08-20 15:34:16,598 [5a997197-d6d4-45cd-8357-040721935652:group-4A7875C0C235:LeaderElection18] INFO  impl.RaftServerImpl (ServerState.java:setLeader(263)) - 5a997197-d6d4-45cd-8357-040721935652:group-4A7875C0C235 change Leader from null to 5a997197-d6d4-45cd-8357-040721935652 at term 1 for becomeLeader, leader elected after 5129ms
2019-08-20 15:34:16,598 [5a997197-d6d4-45cd-8357-040721935652:group-4A7875C0C235:LeaderElection18] INFO  server.RaftServerConfigKeys (ConfUtils.java:logGet(43)) - raft.server.staging.catchup.gap = 1000 (default)
2019-08-20 15:34:16,598 [5a997197-d6d4-45cd-8357-040721935652:group-4A7875C0C235:LeaderElection18] INFO  server.RaftServerConfigKeys (ConfUtils.java:logGet(43)) - raft.server.rpc.sleep.time = 25ms (default)
2019-08-20 15:34:16,598 [5a997197-d6d4-45cd-8357-040721935652:group-4A7875C0C235:LeaderElection18] INFO  server.RaftServerConfigKeys (ConfUtils.java:logGet(43)) - raft.server.write.element-limit = 4096 (default)
2019-08-20 15:34:16,598 [5a997197-d6d4-45cd-8357-040721935652:group-4A7875C0C235:LeaderElection18] INFO  server.RaftServerConfigKeys (ConfUtils.java:logGet(43)) - raft.server.watch.timeout = 10s (default)
2019-08-20 15:34:16,598 [5a997197-d6d4-45cd-8357-040721935652:group-4A7875C0C235:LeaderElection18] INFO  server.RaftServerConfigKeys (ConfUtils.java:logGet(43)) - raft.server.watch.timeout.denomination = 1s (default)
2019-08-20 15:34:16,598 [5a997197-d6d4-45cd-8357-040721935652:group-4A7875C0C235:LeaderElection18] INFO  server.RaftServerConfigKeys (ConfUtils.java:logGet(43)) - raft.server.watch.element-limit = 65536 (default)
2019-08-20 15:34:16,600 [5a997197-d6d4-45cd-8357-040721935652:group-4A7875C0C235:LeaderElection18] INFO  server.RaftServerConfigKeys (ConfUtils.java:logGet(43)) - raft.server.log.appender.snapshot.chunk.size.max = 16MB (=16777216) (default)
2019-08-20 15:34:16,601 [5a997197-d6d4-45cd-8357-040721935652:group-4A7875C0C235:LeaderElection18] INFO  server.RaftServerConfigKeys (ConfUtils.java:logGet(43)) - raft.server.log.appender.buffer.byte-limit = 33554432 (custom)
2019-08-20 15:34:16,601 [5a997197-d6d4-45cd-8357-040721935652:group-4A7875C0C235:LeaderElection18] INFO  server.RaftServerConfigKeys (ConfUtils.java:logGet(43)) - raft.server.log.appender.buffer.element-limit = 1 (custom)
2019-08-20 15:34:16,603 [5a997197-d6d4-45cd-8357-040721935652:group-4A7875C0C235:LeaderElection18] INFO  grpc.GrpcConfigKeys$Server (ConfUtils.java:logGet(43)) - raft.grpc.server.leader.outstanding.appends.max = 128 (default)
2019-08-20 15:34:16,604 [5a997197-d6d4-45cd-8357-040721935652:group-4A7875C0C235:LeaderElection18] INFO  server.RaftServerConfigKeys (ConfUtils.java:logGet(43)) - raft.server.rpc.request.timeout = 3000ms (default)
2019-08-20 15:34:16,604 [5a997197-d6d4-45cd-8357-040721935652:group-4A7875C0C235:LeaderElection18] INFO  server.RaftServerConfigKeys (ConfUtils.java:logGet(43)) - raft.server.log.appender.install.snapshot.enabled = false (custom)
2019-08-20 15:34:16,605 [5a997197-d6d4-45cd-8357-040721935652:group-4A7875C0C235:LeaderElection18] INFO  server.RaftServerConfigKeys (ConfUtils.java:logGet(43)) - raft.server.log.appender.snapshot.chunk.size.max = 16MB (=16777216) (default)
2019-08-20 15:34:16,605 [5a997197-d6d4-45cd-8357-040721935652:group-4A7875C0C235:LeaderElection18] INFO  server.RaftServerConfigKeys (ConfUtils.java:logGet(43)) - raft.server.log.appender.buffer.byte-limit = 33554432 (custom)
2019-08-20 15:34:16,605 [5a997197-d6d4-45cd-8357-040721935652:group-4A7875C0C235:LeaderElection18] INFO  server.RaftServerConfigKeys (ConfUtils.java:logGet(43)) - raft.server.log.appender.buffer.element-limit = 1 (custom)
2019-08-20 15:34:16,605 [5a997197-d6d4-45cd-8357-040721935652:group-4A7875C0C235:LeaderElection18] INFO  grpc.GrpcConfigKeys$Server (ConfUtils.java:logGet(43)) - raft.grpc.server.leader.outstanding.appends.max = 128 (default)
2019-08-20 15:34:16,605 [5a997197-d6d4-45cd-8357-040721935652:group-4A7875C0C235:LeaderElection18] INFO  server.RaftServerConfigKeys (ConfUtils.java:logGet(43)) - raft.server.rpc.request.timeout = 3000ms (default)
2019-08-20 15:34:16,605 [5a997197-d6d4-45cd-8357-040721935652:group-4A7875C0C235:LeaderElection18] INFO  server.RaftServerConfigKeys (ConfUtils.java:logGet(43)) - raft.server.log.appender.install.snapshot.enabled = false (custom)
2019-08-20 15:34:16,608 [5a997197-d6d4-45cd-8357-040721935652:group-4A7875C0C235:LeaderElection18] INFO  impl.RoleInfo (RoleInfo.java:updateAndGet(143)) - 5a997197-d6d4-45cd-8357-040721935652: start LeaderState
2019-08-20 15:34:16,608 [5a997197-d6d4-45cd-8357-040721935652:group-4A7875C0C235:LeaderElection18] INFO  segmented.SegmentedRaftLogWorker (SegmentedRaftLogWorker.java:startLogSegment(380)) - 5a997197-d6d4-45cd-8357-040721935652-SegmentedRaftLogWorker:Storage Directory /workdir/hadoop-ozone/integration-test/target/test-dir/MiniOzoneClusterImpl-df511d4d-48d9-413f-91af-5a600e7276fd/datanode-1/data/ratis/bc3c5bcd-130d-425e-8e13-4a7875c0c235: Starting segment from index:0
2019-08-20 15:34:16,608 [5a997197-d6d4-45cd-8357-040721935652:group-4A7875C0C235:LeaderElection18] INFO  impl.RaftServerImpl (ServerState.java:setRaftConf(361)) - 5a997197-d6d4-45cd-8357-040721935652:group-4A7875C0C235 set configuration 0: [296c1fec-8611-41bc-86b3-34db6a97fa03:192.168.69.100:35973, 5a997197-d6d4-45cd-8357-040721935652:192.168.69.100:40112, 22408b8b-2596-4e0e-b1a4-1a1860f88c8a:192.168.69.100:38420], old=null at 0
2019-08-20 15:34:16,637 [5a997197-d6d4-45cd-8357-040721935652-SegmentedRaftLogWorker:Storage Directory /workdir/hadoop-ozone/integration-test/target/test-dir/MiniOzoneClusterImpl-df511d4d-48d9-413f-91af-5a600e7276fd/datanode-1/data/ratis/bc3c5bcd-130d-425e-8e13-4a7875c0c235] INFO  segmented.SegmentedRaftLogWorker (SegmentedRaftLogWorker.java:execute(569)) - 5a997197-d6d4-45cd-8357-040721935652-SegmentedRaftLogWorker:Storage Directory /workdir/hadoop-ozone/integration-test/target/test-dir/MiniOzoneClusterImpl-df511d4d-48d9-413f-91af-5a600e7276fd/datanode-1/data/ratis/bc3c5bcd-130d-425e-8e13-4a7875c0c235: created new log segment /workdir/hadoop-ozone/integration-test/target/test-dir/MiniOzoneClusterImpl-df511d4d-48d9-413f-91af-5a600e7276fd/datanode-1/data/ratis/bc3c5bcd-130d-425e-8e13-4a7875c0c235/current/log_inprogress_0
2019-08-20 15:34:16,648 [grpc-default-executor-0] INFO  impl.RaftServerImpl (ServerState.java:setLeader(263)) - 22408b8b-2596-4e0e-b1a4-1a1860f88c8a:group-4A7875C0C235 change Leader from null to 5a997197-d6d4-45cd-8357-040721935652 at term 1 for appendEntries, leader elected after 5179ms
2019-08-20 15:34:16,648 [grpc-default-executor-2] INFO  impl.RaftServerImpl (ServerState.java:setLeader(263)) - 296c1fec-8611-41bc-86b3-34db6a97fa03:group-4A7875C0C235 change Leader from null to 5a997197-d6d4-45cd-8357-040721935652 at term 1 for appendEntries, leader elected after 5179ms
2019-08-20 15:34:16,671 [grpc-default-executor-0] INFO  impl.RaftServerImpl (ServerState.java:setRaftConf(361)) - 22408b8b-2596-4e0e-b1a4-1a1860f88c8a:group-4A7875C0C235 set configuration 0: [296c1fec-8611-41bc-86b3-34db6a97fa03:192.168.69.100:35973, 5a997197-d6d4-45cd-8357-040721935652:192.168.69.100:40112, 22408b8b-2596-4e0e-b1a4-1a1860f88c8a:192.168.69.100:38420], old=null at 0
2019-08-20 15:34:16,671 [grpc-default-executor-2] INFO  impl.RaftServerImpl (ServerState.java:setRaftConf(361)) - 296c1fec-8611-41bc-86b3-34db6a97fa03:group-4A7875C0C235 set configuration 0: [296c1fec-8611-41bc-86b3-34db6a97fa03:192.168.69.100:35973, 5a997197-d6d4-45cd-8357-040721935652:192.168.69.100:40112, 22408b8b-2596-4e0e-b1a4-1a1860f88c8a:192.168.69.100:38420], old=null at 0
2019-08-20 15:34:16,671 [grpc-default-executor-0] INFO  segmented.SegmentedRaftLogWorker (SegmentedRaftLogWorker.java:startLogSegment(380)) - 22408b8b-2596-4e0e-b1a4-1a1860f88c8a-SegmentedRaftLogWorker:Storage Directory /workdir/hadoop-ozone/integration-test/target/test-dir/MiniOzoneClusterImpl-df511d4d-48d9-413f-91af-5a600e7276fd/datanode-2/data/ratis/bc3c5bcd-130d-425e-8e13-4a7875c0c235: Starting segment from index:0
2019-08-20 15:34:16,672 [grpc-default-executor-2] INFO  segmented.SegmentedRaftLogWorker (SegmentedRaftLogWorker.java:startLogSegment(380)) - 296c1fec-8611-41bc-86b3-34db6a97fa03-SegmentedRaftLogWorker:Storage Directory /workdir/hadoop-ozone/integration-test/target/test-dir/MiniOzoneClusterImpl-df511d4d-48d9-413f-91af-5a600e7276fd/datanode-0/data/ratis/bc3c5bcd-130d-425e-8e13-4a7875c0c235: Starting segment from index:0
2019-08-20 15:34:16,711 [296c1fec-8611-41bc-86b3-34db6a97fa03-SegmentedRaftLogWorker:Storage Directory /workdir/hadoop-ozone/integration-test/target/test-dir/MiniOzoneClusterImpl-df511d4d-48d9-413f-91af-5a600e7276fd/datanode-0/data/ratis/bc3c5bcd-130d-425e-8e13-4a7875c0c235] INFO  segmented.SegmentedRaftLogWorker (SegmentedRaftLogWorker.java:execute(569)) - 296c1fec-8611-41bc-86b3-34db6a97fa03-SegmentedRaftLogWorker:Storage Directory /workdir/hadoop-ozone/integration-test/target/test-dir/MiniOzoneClusterImpl-df511d4d-48d9-413f-91af-5a600e7276fd/datanode-0/data/ratis/bc3c5bcd-130d-425e-8e13-4a7875c0c235: created new log segment /workdir/hadoop-ozone/integration-test/target/test-dir/MiniOzoneClusterImpl-df511d4d-48d9-413f-91af-5a600e7276fd/datanode-0/data/ratis/bc3c5bcd-130d-425e-8e13-4a7875c0c235/current/log_inprogress_0
2019-08-20 15:34:16,711 [22408b8b-2596-4e0e-b1a4-1a1860f88c8a-SegmentedRaftLogWorker:Storage Directory /workdir/hadoop-ozone/integration-test/target/test-dir/MiniOzoneClusterImpl-df511d4d-48d9-413f-91af-5a600e7276fd/datanode-2/data/ratis/bc3c5bcd-130d-425e-8e13-4a7875c0c235] INFO  segmented.SegmentedRaftLogWorker (SegmentedRaftLogWorker.java:execute(569)) - 22408b8b-2596-4e0e-b1a4-1a1860f88c8a-SegmentedRaftLogWorker:Storage Directory /workdir/hadoop-ozone/integration-test/target/test-dir/MiniOzoneClusterImpl-df511d4d-48d9-413f-91af-5a600e7276fd/datanode-2/data/ratis/bc3c5bcd-130d-425e-8e13-4a7875c0c235: created new log segment /workdir/hadoop-ozone/integration-test/target/test-dir/MiniOzoneClusterImpl-df511d4d-48d9-413f-91af-5a600e7276fd/datanode-2/data/ratis/bc3c5bcd-130d-425e-8e13-4a7875c0c235/current/log_inprogress_0
2019-08-20 15:34:16,726 [EventQueue-StaleNodeForStaleNodeHandler] INFO  node.StaleNodeHandler (StaleNodeHandler.java:onMessage(58)) - Datanode 296c1fec-8611-41bc-86b3-34db6a97fa03{ip: 192.168.69.100, host: pr-hdds-1975-spxzp-3193579258, networkLocation: /default-rack, certSerialId: null} moved to stale state. Finalizing its pipelines [PipelineID=dba7b7e9-16e2-4661-b591-738f74ef0c8c, PipelineID=bc3c5bcd-130d-425e-8e13-4a7875c0c235]
2019-08-20 15:34:16,727 [EventQueue-StaleNodeForStaleNodeHandler] INFO  pipeline.SCMPipelineManager (SCMPipelineManager.java:finalizeAndDestroyPipeline(309)) - destroying pipeline:Pipeline[ Id: dba7b7e9-16e2-4661-b591-738f74ef0c8c, Nodes: 296c1fec-8611-41bc-86b3-34db6a97fa03{ip: 192.168.69.100, host: pr-hdds-1975-spxzp-3193579258, networkLocation: /default-rack, certSerialId: null}, Type:RATIS, Factor:ONE, State:OPEN]
2019-08-20 15:34:16,727 [EventQueue-StaleNodeForStaleNodeHandler] INFO  pipeline.PipelineStateManager (PipelineStateManager.java:finalizePipeline(123)) - Pipeline Pipeline[ Id: dba7b7e9-16e2-4661-b591-738f74ef0c8c, Nodes: 296c1fec-8611-41bc-86b3-34db6a97fa03{ip: 192.168.69.100, host: pr-hdds-1975-spxzp-3193579258, networkLocation: /default-rack, certSerialId: null}, Type:RATIS, Factor:ONE, State:CLOSED] moved to CLOSED state
2019-08-20 15:34:16,728 [EventQueue-StaleNodeForStaleNodeHandler] INFO  pipeline.SCMPipelineManager (SCMPipelineManager.java:finalizeAndDestroyPipeline(309)) - destroying pipeline:Pipeline[ Id: bc3c5bcd-130d-425e-8e13-4a7875c0c235, Nodes: 296c1fec-8611-41bc-86b3-34db6a97fa03{ip: 192.168.69.100, host: pr-hdds-1975-spxzp-3193579258, networkLocation: /default-rack, certSerialId: null}5a997197-d6d4-45cd-8357-040721935652{ip: 192.168.69.100, host: pr-hdds-1975-spxzp-3193579258, networkLocation: /default-rack, certSerialId: null}22408b8b-2596-4e0e-b1a4-1a1860f88c8a{ip: 192.168.69.100, host: pr-hdds-1975-spxzp-3193579258, networkLocation: /default-rack, certSerialId: null}, Type:RATIS, Factor:THREE, State:OPEN]
2019-08-20 15:34:16,728 [EventQueue-StaleNodeForStaleNodeHandler] INFO  pipeline.PipelineStateManager (PipelineStateManager.java:finalizePipeline(123)) - Pipeline Pipeline[ Id: bc3c5bcd-130d-425e-8e13-4a7875c0c235, Nodes: 296c1fec-8611-41bc-86b3-34db6a97fa03{ip: 192.168.69.100, host: pr-hdds-1975-spxzp-3193579258, networkLocation: /default-rack, certSerialId: null}5a997197-d6d4-45cd-8357-040721935652{ip: 192.168.69.100, host: pr-hdds-1975-spxzp-3193579258, networkLocation: /default-rack, certSerialId: null}22408b8b-2596-4e0e-b1a4-1a1860f88c8a{ip: 192.168.69.100, host: pr-hdds-1975-spxzp-3193579258, networkLocation: /default-rack, certSerialId: null}, Type:RATIS, Factor:THREE, State:CLOSED] moved to CLOSED state
2019-08-20 15:34:17,182 | INFO  | SCMAudit | user=jenkins1000 | ip=192.168.69.100 | op=SEND_HEARTBEAT {datanodeUUID=5a997197-d6d4-45cd-8357-040721935652, command=[]} | ret=SUCCESS |  
2019-08-20 15:34:17,365 | INFO  | SCMAudit | user=jenkins1000 | ip=192.168.69.100 | op=SEND_HEARTBEAT {datanodeUUID=22408b8b-2596-4e0e-b1a4-1a1860f88c8a, command=[]} | ret=SUCCESS |  
2019-08-20 15:34:17,366 [Thread-321] INFO  ozoneimpl.OzoneContainer (OzoneContainer.java:stop(199)) - Attempting to stop container services.
2019-08-20 15:34:17,366 [Thread-321] INFO  impl.RaftServerProxy (RaftServerProxy.java:lambda$close$4(314)) - 296c1fec-8611-41bc-86b3-34db6a97fa03: close
2019-08-20 15:34:17,367 [Thread-321] INFO  impl.RaftServerImpl (RaftServerImpl.java:lambda$shutdown$3(245)) - 296c1fec-8611-41bc-86b3-34db6a97fa03: shutdown group-738F74EF0C8C
2019-08-20 15:34:17,367 [ForkJoinPool.commonPool-worker-1] INFO  impl.RaftServerImpl (RaftServerImpl.java:lambda$shutdown$3(245)) - 296c1fec-8611-41bc-86b3-34db6a97fa03: shutdown group-4A7875C0C235
2019-08-20 15:34:17,367 [Thread-321] INFO  util.JmxRegister (JmxRegister.java:unregister(73)) - Successfully un-registered JMX Bean with object name Ratis:service=RaftServer,group=group-738F74EF0C8C,id=296c1fec-8611-41bc-86b3-34db6a97fa03
2019-08-20 15:34:17,367 [ForkJoinPool.commonPool-worker-1] INFO  util.JmxRegister (JmxRegister.java:unregister(73)) - Successfully un-registered JMX Bean with object name Ratis:service=RaftServer,group=group-4A7875C0C235,id=296c1fec-8611-41bc-86b3-34db6a97fa03
2019-08-20 15:34:17,367 [Thread-321] INFO  impl.RoleInfo (RoleInfo.java:shutdownLeaderState(104)) - 296c1fec-8611-41bc-86b3-34db6a97fa03: shutdown LeaderState
2019-08-20 15:34:17,367 [ForkJoinPool.commonPool-worker-1] INFO  impl.RoleInfo (RoleInfo.java:shutdownFollowerState(121)) - 296c1fec-8611-41bc-86b3-34db6a97fa03: shutdown FollowerState
2019-08-20 15:34:17,368 [Thread-321] INFO  impl.PendingRequests (PendingRequests.java:sendNotLeaderResponses(202)) - 296c1fec-8611-41bc-86b3-34db6a97fa03-PendingRequests: sendNotLeaderResponses
2019-08-20 15:34:17,368 [Thread-522] INFO  impl.FollowerState (FollowerState.java:run(114)) - 296c1fec-8611-41bc-86b3-34db6a97fa03: FollowerState was interrupted: java.lang.InterruptedException: sleep interrupted
2019-08-20 15:34:17,368 [ForkJoinPool.commonPool-worker-1] INFO  impl.StateMachineUpdater (StateMachineUpdater.java:stopAndJoin(115)) - StateMachineUpdater:296c1fec-8611-41bc-86b3-34db6a97fa03:group-4A7875C0C235: set stopIndex = 0
2019-08-20 15:34:17,369 [Thread-321] INFO  impl.StateMachineUpdater (StateMachineUpdater.java:stopAndJoin(115)) - StateMachineUpdater:296c1fec-8611-41bc-86b3-34db6a97fa03:group-738F74EF0C8C: set stopIndex = 0
2019-08-20 15:34:17,371 [ForkJoinPool.commonPool-worker-1] INFO  impl.RaftServerImpl (ServerState.java:close(394)) - 296c1fec-8611-41bc-86b3-34db6a97fa03:group-4A7875C0C235 closes. The last applied log index is 0
2019-08-20 15:34:17,372 [Thread-321] INFO  impl.RaftServerImpl (ServerState.java:close(394)) - 296c1fec-8611-41bc-86b3-34db6a97fa03:group-738F74EF0C8C closes. The last applied log index is 0
2019-08-20 15:34:17,372 [296c1fec-8611-41bc-86b3-34db6a97fa03-SegmentedRaftLogWorker:Storage Directory /workdir/hadoop-ozone/integration-test/target/test-dir/MiniOzoneClusterImpl-df511d4d-48d9-413f-91af-5a600e7276fd/datanode-0/data/ratis/dba7b7e9-16e2-4661-b591-738f74ef0c8c] INFO  segmented.SegmentedRaftLogWorker (SegmentedRaftLogWorker.java:run(313)) - 296c1fec-8611-41bc-86b3-34db6a97fa03-SegmentedRaftLogWorker:Storage Directory /workdir/hadoop-ozone/integration-test/target/test-dir/MiniOzoneClusterImpl-df511d4d-48d9-413f-91af-5a600e7276fd/datanode-0/data/ratis/dba7b7e9-16e2-4661-b591-738f74ef0c8c was interrupted, exiting. There are 0 tasks remaining in the queue.
2019-08-20 15:34:17,372 [296c1fec-8611-41bc-86b3-34db6a97fa03-SegmentedRaftLogWorker:Storage Directory /workdir/hadoop-ozone/integration-test/target/test-dir/MiniOzoneClusterImpl-df511d4d-48d9-413f-91af-5a600e7276fd/datanode-0/data/ratis/bc3c5bcd-130d-425e-8e13-4a7875c0c235] INFO  segmented.SegmentedRaftLogWorker (SegmentedRaftLogWorker.java:run(313)) - 296c1fec-8611-41bc-86b3-34db6a97fa03-SegmentedRaftLogWorker:Storage Directory /workdir/hadoop-ozone/integration-test/target/test-dir/MiniOzoneClusterImpl-df511d4d-48d9-413f-91af-5a600e7276fd/datanode-0/data/ratis/bc3c5bcd-130d-425e-8e13-4a7875c0c235 was interrupted, exiting. There are 0 tasks remaining in the queue.
2019-08-20 15:34:17,373 [Thread-321] INFO  segmented.SegmentedRaftLogWorker (SegmentedRaftLogWorker.java:close(228)) - 296c1fec-8611-41bc-86b3-34db6a97fa03-SegmentedRaftLogWorker:Storage Directory /workdir/hadoop-ozone/integration-test/target/test-dir/MiniOzoneClusterImpl-df511d4d-48d9-413f-91af-5a600e7276fd/datanode-0/data/ratis/dba7b7e9-16e2-4661-b591-738f74ef0c8c close()
2019-08-20 15:34:17,374 [ForkJoinPool.commonPool-worker-1] INFO  segmented.SegmentedRaftLogWorker (SegmentedRaftLogWorker.java:close(228)) - 296c1fec-8611-41bc-86b3-34db6a97fa03-SegmentedRaftLogWorker:Storage Directory /workdir/hadoop-ozone/integration-test/target/test-dir/MiniOzoneClusterImpl-df511d4d-48d9-413f-91af-5a600e7276fd/datanode-0/data/ratis/bc3c5bcd-130d-425e-8e13-4a7875c0c235 close()
2019-08-20 15:34:17,381 [Thread-321] INFO  server.GrpcService (GrpcService.java:closeImpl(155)) - 296c1fec-8611-41bc-86b3-34db6a97fa03: shutdown server with port 35973 now
2019-08-20 15:34:17,383 [grpc-default-executor-0] WARN  server.GrpcServerProtocolService (LogUtils.java:warn(134)) - 296c1fec-8611-41bc-86b3-34db6a97fa03: appendEntries onError: org.apache.ratis.thirdparty.io.grpc.StatusRuntimeException: CANCELLED: cancelled before receiving half close
2019-08-20 15:34:17,383 [Thread-321] INFO  server.GrpcService (GrpcService.java:closeImpl(163)) - 296c1fec-8611-41bc-86b3-34db6a97fa03: shutdown server with port 35973 successfully
2019-08-20 15:34:17,385 [grpc-default-executor-2] WARN  server.GrpcLogAppender (LogUtils.java:warn(134)) - 5a997197-d6d4-45cd-8357-040721935652->296c1fec-8611-41bc-86b3-34db6a97fa03: Failed appendEntries: org.apache.ratis.thirdparty.io.grpc.StatusRuntimeException: CANCELLED: HTTP/2 error code: CANCEL
Received Rst Stream
2019-08-20 15:34:17,386 [Thread-321] INFO  utils.BackgroundService (BackgroundService.java:shutdown(148)) - Shutting down service BlockDeletingService
2019-08-20 15:34:17,387 [refreshUsed-/workdir/hadoop-ozone/integration-test/target/test-dir/MiniOzoneClusterImpl-df511d4d-48d9-413f-91af-5a600e7276fd/datanode-0/data/containers] WARN  fs.CachingGetSpaceUsed (CachingGetSpaceUsed.java:run(183)) - Thread Interrupted waiting to refresh disk information: sleep interrupted
2019-08-20 15:34:17,388 [grpc-default-executor-2] INFO  impl.FollowerInfo (FollowerInfo.java:lambda$new$0(50)) - 5a997197-d6d4-45cd-8357-040721935652->296c1fec-8611-41bc-86b3-34db6a97fa03: nextIndex: updateUnconditionally 1 -> 0
2019-08-20 15:34:17,403 [Thread-321] INFO  statemachine.DatanodeStateMachine (DatanodeStateMachine.java:stopDaemon(395)) - Ozone container server stopped.
2019-08-20 15:34:17,404 [Thread-321] INFO  handler.ContextHandler (ContextHandler.java:doStop(910)) - Stopped o.e.j.w.WebAppContext@2ba5d4d0{/,null,UNAVAILABLE}{/hddsDatanode}
2019-08-20 15:34:17,405 [Thread-321] INFO  server.AbstractConnector (AbstractConnector.java:doStop(318)) - Stopped ServerConnector@c09ce3a{HTTP/1.1,[http/1.1]}{0.0.0.0:0}
2019-08-20 15:34:17,405 [Thread-321] INFO  handler.ContextHandler (ContextHandler.java:doStop(910)) - Stopped o.e.j.s.ServletContextHandler@5b6c3059{/static,jar:file:/home/user/.m2/repository/org/apache/hadoop/hadoop-hdds-container-service/0.5.0-SNAPSHOT/hadoop-hdds-container-service-0.5.0-SNAPSHOT.jar!/webapps/static,UNAVAILABLE}
2019-08-20 15:34:17,405 [Thread-321] INFO  handler.ContextHandler (ContextHandler.java:doStop(910)) - Stopped o.e.j.s.ServletContextHandler@316c33d0{/logs,file:///workdir/hadoop-ozone/integration-test/target/log,UNAVAILABLE}
2019-08-20 15:34:17,406 [Thread-321] INFO  datanode.ObjectStoreHandler (ObjectStoreHandler.java:close(155)) - Closing ObjectStoreHandler.
2019-08-20 15:34:17,407 [Thread-321] INFO  ozone.HddsDatanodeService (HddsDatanodeService.java:stop(451)) - Stopped plug-in org.apache.hadoop.ozone.web.OzoneHddsDatanodeService@5df207ce
2019-08-20 15:34:18,180 [Datanode State Machine Thread - 0] INFO  statemachine.DatanodeStateMachine (DatanodeStateMachine.java:lambda$startDaemon$0(350)) - Ozone container server started.
2019-08-20 15:34:18,365 | INFO  | SCMAudit | user=jenkins1000 | ip=192.168.69.100 | op=SEND_HEARTBEAT {datanodeUUID=22408b8b-2596-4e0e-b1a4-1a1860f88c8a, command=[]} | ret=SUCCESS |  
2019-08-20 15:34:19,239 [grpc-default-executor-2] WARN  server.GrpcLogAppender (LogUtils.java:warn(134)) - 5a997197-d6d4-45cd-8357-040721935652->296c1fec-8611-41bc-86b3-34db6a97fa03: Failed appendEntries: org.apache.ratis.thirdparty.io.grpc.StatusRuntimeException: UNAVAILABLE: io exception
2019-08-20 15:34:19,240 [grpc-default-executor-2] INFO  impl.FollowerInfo (FollowerInfo.java:lambda$new$0(50)) - 5a997197-d6d4-45cd-8357-040721935652->296c1fec-8611-41bc-86b3-34db6a97fa03: nextIndex: updateUnconditionally 0 -> 0
2019-08-20 15:34:19,364 | INFO  | SCMAudit | user=jenkins1000 | ip=192.168.69.100 | op=SEND_HEARTBEAT {datanodeUUID=22408b8b-2596-4e0e-b1a4-1a1860f88c8a, command=[]} | ret=SUCCESS |  
2019-08-20 15:34:20,364 | INFO  | SCMAudit | user=jenkins1000 | ip=192.168.69.100 | op=SEND_HEARTBEAT {datanodeUUID=22408b8b-2596-4e0e-b1a4-1a1860f88c8a, command=[]} | ret=SUCCESS |  
2019-08-20 15:34:21,365 | INFO  | SCMAudit | user=jenkins1000 | ip=192.168.69.100 | op=SEND_HEARTBEAT {datanodeUUID=22408b8b-2596-4e0e-b1a4-1a1860f88c8a, command=[]} | ret=SUCCESS |  
2019-08-20 15:34:21,734 [grpc-default-executor-1] WARN  server.GrpcLogAppender (LogUtils.java:warn(134)) - 5a997197-d6d4-45cd-8357-040721935652->296c1fec-8611-41bc-86b3-34db6a97fa03: Failed appendEntries: org.apache.ratis.thirdparty.io.grpc.StatusRuntimeException: UNAVAILABLE: io exception
2019-08-20 15:34:21,737 [grpc-default-executor-1] INFO  impl.FollowerInfo (FollowerInfo.java:lambda$new$0(50)) - 5a997197-d6d4-45cd-8357-040721935652->296c1fec-8611-41bc-86b3-34db6a97fa03: nextIndex: updateUnconditionally 0 -> 0
2019-08-20 15:34:22,366 | INFO  | SCMAudit | user=jenkins1000 | ip=192.168.69.100 | op=SEND_HEARTBEAT {datanodeUUID=22408b8b-2596-4e0e-b1a4-1a1860f88c8a, command=[]} | ret=SUCCESS |  
2019-08-20 15:34:22,408 [Thread-321] INFO  ozoneimpl.OzoneContainer (OzoneContainer.java:stop(199)) - Attempting to stop container services.
2019-08-20 15:34:22,408 [Thread-321] INFO  impl.RaftServerProxy (RaftServerProxy.java:lambda$close$4(314)) - 5a997197-d6d4-45cd-8357-040721935652: close
2019-08-20 15:34:22,409 [Thread-321] INFO  impl.RaftServerImpl (RaftServerImpl.java:lambda$shutdown$3(245)) - 5a997197-d6d4-45cd-8357-040721935652: shutdown group-4736DA5B1F3E
2019-08-20 15:34:22,409 [ForkJoinPool.commonPool-worker-0] INFO  impl.RaftServerImpl (RaftServerImpl.java:lambda$shutdown$3(245)) - 5a997197-d6d4-45cd-8357-040721935652: shutdown group-4A7875C0C235
2019-08-20 15:34:22,409 [Thread-321] INFO  util.JmxRegister (JmxRegister.java:unregister(73)) - Successfully un-registered JMX Bean with object name Ratis:service=RaftServer,group=group-4736DA5B1F3E,id=5a997197-d6d4-45cd-8357-040721935652
2019-08-20 15:34:22,410 [ForkJoinPool.commonPool-worker-0] INFO  util.JmxRegister (JmxRegister.java:unregister(73)) - Successfully un-registered JMX Bean with object name Ratis:service=RaftServer,group=group-4A7875C0C235,id=5a997197-d6d4-45cd-8357-040721935652
2019-08-20 15:34:22,410 [Thread-321] INFO  impl.RoleInfo (RoleInfo.java:shutdownLeaderState(104)) - 5a997197-d6d4-45cd-8357-040721935652: shutdown LeaderState
2019-08-20 15:34:22,410 [ForkJoinPool.commonPool-worker-0] INFO  impl.RoleInfo (RoleInfo.java:shutdownLeaderState(104)) - 5a997197-d6d4-45cd-8357-040721935652: shutdown LeaderState
2019-08-20 15:34:22,411 [Thread-321] INFO  impl.PendingRequests (PendingRequests.java:sendNotLeaderResponses(202)) - 5a997197-d6d4-45cd-8357-040721935652-PendingRequests: sendNotLeaderResponses
2019-08-20 15:34:22,413 [org.apache.ratis.server.impl.LogAppender$AppenderDaemon$$Lambda$524/872818258@663c48bd] WARN  server.GrpcLogAppender (GrpcLogAppender.java:mayWait(143)) - GrpcLogAppender(5a997197-d6d4-45cd-8357-040721935652->296c1fec-8611-41bc-86b3-34db6a97fa03): Wait interrupted by java.lang.InterruptedException
2019-08-20 15:34:22,413 [org.apache.ratis.server.impl.LogAppender$AppenderDaemon$$Lambda$524/872818258@2fc66583] WARN  server.GrpcLogAppender (GrpcLogAppender.java:mayWait(143)) - GrpcLogAppender(5a997197-d6d4-45cd-8357-040721935652->22408b8b-2596-4e0e-b1a4-1a1860f88c8a): Wait interrupted by java.lang.InterruptedException
2019-08-20 15:34:22,413 [ForkJoinPool.commonPool-worker-0] INFO  impl.PendingRequests (PendingRequests.java:sendNotLeaderResponses(202)) - 5a997197-d6d4-45cd-8357-040721935652-PendingRequests: sendNotLeaderResponses
2019-08-20 15:34:22,413 [Thread-321] INFO  impl.StateMachineUpdater (StateMachineUpdater.java:stopAndJoin(115)) - StateMachineUpdater:5a997197-d6d4-45cd-8357-040721935652:group-4736DA5B1F3E: set stopIndex = 0
2019-08-20 15:34:22,415 [ForkJoinPool.commonPool-worker-0] INFO  impl.StateMachineUpdater (StateMachineUpdater.java:stopAndJoin(115)) - StateMachineUpdater:5a997197-d6d4-45cd-8357-040721935652:group-4A7875C0C235: set stopIndex = 0
2019-08-20 15:34:22,417 [Thread-321] INFO  impl.RaftServerImpl (ServerState.java:close(394)) - 5a997197-d6d4-45cd-8357-040721935652:group-4736DA5B1F3E closes. The last applied log index is 0
2019-08-20 15:34:22,417 [ForkJoinPool.commonPool-worker-0] INFO  impl.RaftServerImpl (ServerState.java:close(394)) - 5a997197-d6d4-45cd-8357-040721935652:group-4A7875C0C235 closes. The last applied log index is 0
2019-08-20 15:34:22,418 [5a997197-d6d4-45cd-8357-040721935652-SegmentedRaftLogWorker:Storage Directory /workdir/hadoop-ozone/integration-test/target/test-dir/MiniOzoneClusterImpl-df511d4d-48d9-413f-91af-5a600e7276fd/datanode-1/data/ratis/076a2a7d-9497-42db-b3eb-4736da5b1f3e] INFO  segmented.SegmentedRaftLogWorker (SegmentedRaftLogWorker.java:run(313)) - 5a997197-d6d4-45cd-8357-040721935652-SegmentedRaftLogWorker:Storage Directory /workdir/hadoop-ozone/integration-test/target/test-dir/MiniOzoneClusterImpl-df511d4d-48d9-413f-91af-5a600e7276fd/datanode-1/data/ratis/076a2a7d-9497-42db-b3eb-4736da5b1f3e was interrupted, exiting. There are 0 tasks remaining in the queue.
2019-08-20 15:34:22,418 [grpc-default-executor-1] INFO  server.GrpcServerProtocolService (GrpcServerProtocolService.java:onCompleted(104)) - 22408b8b-2596-4e0e-b1a4-1a1860f88c8a: appendEntries completed
2019-08-20 15:34:22,419 [5a997197-d6d4-45cd-8357-040721935652-SegmentedRaftLogWorker:Storage Directory /workdir/hadoop-ozone/integration-test/target/test-dir/MiniOzoneClusterImpl-df511d4d-48d9-413f-91af-5a600e7276fd/datanode-1/data/ratis/bc3c5bcd-130d-425e-8e13-4a7875c0c235] INFO  segmented.SegmentedRaftLogWorker (SegmentedRaftLogWorker.java:run(313)) - 5a997197-d6d4-45cd-8357-040721935652-SegmentedRaftLogWorker:Storage Directory /workdir/hadoop-ozone/integration-test/target/test-dir/MiniOzoneClusterImpl-df511d4d-48d9-413f-91af-5a600e7276fd/datanode-1/data/ratis/bc3c5bcd-130d-425e-8e13-4a7875c0c235 was interrupted, exiting. There are 0 tasks remaining in the queue.
2019-08-20 15:34:22,420 [Thread-321] INFO  segmented.SegmentedRaftLogWorker (SegmentedRaftLogWorker.java:close(228)) - 5a997197-d6d4-45cd-8357-040721935652-SegmentedRaftLogWorker:Storage Directory /workdir/hadoop-ozone/integration-test/target/test-dir/MiniOzoneClusterImpl-df511d4d-48d9-413f-91af-5a600e7276fd/datanode-1/data/ratis/076a2a7d-9497-42db-b3eb-4736da5b1f3e close()
2019-08-20 15:34:22,421 [ForkJoinPool.commonPool-worker-0] INFO  segmented.SegmentedRaftLogWorker (SegmentedRaftLogWorker.java:close(228)) - 5a997197-d6d4-45cd-8357-040721935652-SegmentedRaftLogWorker:Storage Directory /workdir/hadoop-ozone/integration-test/target/test-dir/MiniOzoneClusterImpl-df511d4d-48d9-413f-91af-5a600e7276fd/datanode-1/data/ratis/bc3c5bcd-130d-425e-8e13-4a7875c0c235 close()
2019-08-20 15:34:22,423 [Thread-321] INFO  server.GrpcService (GrpcService.java:closeImpl(155)) - 5a997197-d6d4-45cd-8357-040721935652: shutdown server with port 40112 now
2019-08-20 15:34:22,423 [grpc-default-executor-1] INFO  server.GrpcLogAppender (GrpcLogAppender.java:onCompleted(292)) - 5a997197-d6d4-45cd-8357-040721935652->22408b8b-2596-4e0e-b1a4-1a1860f88c8a: follower responses appendEntries COMPLETED
2019-08-20 15:34:22,424 [Thread-321] INFO  server.GrpcService (GrpcService.java:closeImpl(163)) - 5a997197-d6d4-45cd-8357-040721935652: shutdown server with port 40112 successfully
2019-08-20 15:34:22,424 [grpc-default-executor-1] INFO  impl.FollowerInfo (FollowerInfo.java:lambda$new$0(50)) - 5a997197-d6d4-45cd-8357-040721935652->22408b8b-2596-4e0e-b1a4-1a1860f88c8a: nextIndex: updateUnconditionally 1 -> 0
2019-08-20 15:34:22,425 [Thread-321] INFO  utils.BackgroundService (BackgroundService.java:shutdown(148)) - Shutting down service BlockDeletingService
2019-08-20 15:34:22,427 [refreshUsed-/workdir/hadoop-ozone/integration-test/target/test-dir/MiniOzoneClusterImpl-df511d4d-48d9-413f-91af-5a600e7276fd/datanode-1/data/containers] WARN  fs.CachingGetSpaceUsed (CachingGetSpaceUsed.java:run(183)) - Thread Interrupted waiting to refresh disk information: sleep interrupted
2019-08-20 15:34:22,443 [Thread-321] INFO  statemachine.DatanodeStateMachine (DatanodeStateMachine.java:stopDaemon(395)) - Ozone container server stopped.
2019-08-20 15:34:22,444 [Thread-321] INFO  handler.ContextHandler (ContextHandler.java:doStop(910)) - Stopped o.e.j.w.WebAppContext@7d0e0326{/,null,UNAVAILABLE}{/hddsDatanode}
2019-08-20 15:34:22,445 [Thread-321] INFO  server.AbstractConnector (AbstractConnector.java:doStop(318)) - Stopped ServerConnector@316f35b0{HTTP/1.1,[http/1.1]}{0.0.0.0:0}
2019-08-20 15:34:22,445 [Thread-321] INFO  handler.ContextHandler (ContextHandler.java:doStop(910)) - Stopped o.e.j.s.ServletContextHandler@448c3b64{/static,jar:file:/home/user/.m2/repository/org/apache/hadoop/hadoop-hdds-container-service/0.5.0-SNAPSHOT/hadoop-hdds-container-service-0.5.0-SNAPSHOT.jar!/webapps/static,UNAVAILABLE}
2019-08-20 15:34:22,446 [Thread-321] INFO  handler.ContextHandler (ContextHandler.java:doStop(910)) - Stopped o.e.j.s.ServletContextHandler@77c64ba7{/logs,file:///workdir/hadoop-ozone/integration-test/target/log,UNAVAILABLE}
2019-08-20 15:34:22,446 [Thread-321] INFO  datanode.ObjectStoreHandler (ObjectStoreHandler.java:close(155)) - Closing ObjectStoreHandler.
2019-08-20 15:34:22,447 [Thread-321] INFO  ozone.HddsDatanodeService (HddsDatanodeService.java:stop(451)) - Stopped plug-in org.apache.hadoop.ozone.web.OzoneHddsDatanodeService@56acb106
2019-08-20 15:34:22,728 [EventQueue-StaleNodeForStaleNodeHandler] INFO  node.StaleNodeHandler (StaleNodeHandler.java:onMessage(58)) - Datanode 5a997197-d6d4-45cd-8357-040721935652{ip: 192.168.69.100, host: pr-hdds-1975-spxzp-3193579258, networkLocation: /default-rack, certSerialId: null} moved to stale state. Finalizing its pipelines [PipelineID=076a2a7d-9497-42db-b3eb-4736da5b1f3e, PipelineID=bc3c5bcd-130d-425e-8e13-4a7875c0c235]
2019-08-20 15:34:22,728 [EventQueue-StaleNodeForStaleNodeHandler] INFO  pipeline.SCMPipelineManager (SCMPipelineManager.java:finalizeAndDestroyPipeline(309)) - destroying pipeline:Pipeline[ Id: 076a2a7d-9497-42db-b3eb-4736da5b1f3e, Nodes: 5a997197-d6d4-45cd-8357-040721935652{ip: 192.168.69.100, host: pr-hdds-1975-spxzp-3193579258, networkLocation: /default-rack, certSerialId: null}, Type:RATIS, Factor:ONE, State:OPEN]
2019-08-20 15:34:22,728 [EventQueue-StaleNodeForStaleNodeHandler] INFO  pipeline.PipelineStateManager (PipelineStateManager.java:finalizePipeline(123)) - Pipeline Pipeline[ Id: 076a2a7d-9497-42db-b3eb-4736da5b1f3e, Nodes: 5a997197-d6d4-45cd-8357-040721935652{ip: 192.168.69.100, host: pr-hdds-1975-spxzp-3193579258, networkLocation: /default-rack, certSerialId: null}, Type:RATIS, Factor:ONE, State:CLOSED] moved to CLOSED state
2019-08-20 15:34:22,728 [EventQueue-StaleNodeForStaleNodeHandler] INFO  pipeline.SCMPipelineManager (SCMPipelineManager.java:finalizeAndDestroyPipeline(309)) - destroying pipeline:Pipeline[ Id: bc3c5bcd-130d-425e-8e13-4a7875c0c235, Nodes: 296c1fec-8611-41bc-86b3-34db6a97fa03{ip: 192.168.69.100, host: pr-hdds-1975-spxzp-3193579258, networkLocation: /default-rack, certSerialId: null}5a997197-d6d4-45cd-8357-040721935652{ip: 192.168.69.100, host: pr-hdds-1975-spxzp-3193579258, networkLocation: /default-rack, certSerialId: null}22408b8b-2596-4e0e-b1a4-1a1860f88c8a{ip: 192.168.69.100, host: pr-hdds-1975-spxzp-3193579258, networkLocation: /default-rack, certSerialId: null}, Type:RATIS, Factor:THREE, State:CLOSED]
2019-08-20 15:34:23,364 [Datanode State Machine Thread - 0] INFO  statemachine.DatanodeStateMachine (DatanodeStateMachine.java:lambda$startDaemon$0(350)) - Ozone container server started.
2019-08-20 15:34:27,448 [Thread-321] INFO  ozoneimpl.OzoneContainer (OzoneContainer.java:stop(199)) - Attempting to stop container services.
2019-08-20 15:34:27,448 [Thread-321] INFO  impl.RaftServerProxy (RaftServerProxy.java:lambda$close$4(314)) - 22408b8b-2596-4e0e-b1a4-1a1860f88c8a: close
2019-08-20 15:34:27,449 [Thread-321] INFO  impl.RaftServerImpl (RaftServerImpl.java:lambda$shutdown$3(245)) - 22408b8b-2596-4e0e-b1a4-1a1860f88c8a: shutdown group-4A7875C0C235
2019-08-20 15:34:27,449 [Thread-321] INFO  util.JmxRegister (JmxRegister.java:unregister(73)) - Successfully un-registered JMX Bean with object name Ratis:service=RaftServer,group=group-4A7875C0C235,id=22408b8b-2596-4e0e-b1a4-1a1860f88c8a
2019-08-20 15:34:27,449 [Thread-321] INFO  impl.RoleInfo (RoleInfo.java:shutdownFollowerState(121)) - 22408b8b-2596-4e0e-b1a4-1a1860f88c8a: shutdown FollowerState
2019-08-20 15:34:27,450 [Thread-321] INFO  impl.StateMachineUpdater (StateMachineUpdater.java:stopAndJoin(115)) - StateMachineUpdater:22408b8b-2596-4e0e-b1a4-1a1860f88c8a:group-4A7875C0C235: set stopIndex = 0
2019-08-20 15:34:27,450 [Thread-523] INFO  impl.FollowerState (FollowerState.java:run(114)) - 22408b8b-2596-4e0e-b1a4-1a1860f88c8a: FollowerState was interrupted: java.lang.InterruptedException: sleep interrupted
2019-08-20 15:34:27,451 [Thread-321] INFO  impl.RaftServerImpl (ServerState.java:close(394)) - 22408b8b-2596-4e0e-b1a4-1a1860f88c8a:group-4A7875C0C235 closes. The last applied log index is 0
2019-08-20 15:34:27,453 [22408b8b-2596-4e0e-b1a4-1a1860f88c8a-SegmentedRaftLogWorker:Storage Directory /workdir/hadoop-ozone/integration-test/target/test-dir/MiniOzoneClusterImpl-df511d4d-48d9-413f-91af-5a600e7276fd/datanode-2/data/ratis/bc3c5bcd-130d-425e-8e13-4a7875c0c235] INFO  segmented.SegmentedRaftLogWorker (SegmentedRaftLogWorker.java:run(313)) - 22408b8b-2596-4e0e-b1a4-1a1860f88c8a-SegmentedRaftLogWorker:Storage Directory /workdir/hadoop-ozone/integration-test/target/test-dir/MiniOzoneClusterImpl-df511d4d-48d9-413f-91af-5a600e7276fd/datanode-2/data/ratis/bc3c5bcd-130d-425e-8e13-4a7875c0c235 was interrupted, exiting. There are 0 tasks remaining in the queue.
2019-08-20 15:34:27,454 [Thread-321] INFO  segmented.SegmentedRaftLogWorker (SegmentedRaftLogWorker.java:close(228)) - 22408b8b-2596-4e0e-b1a4-1a1860f88c8a-SegmentedRaftLogWorker:Storage Directory /workdir/hadoop-ozone/integration-test/target/test-dir/MiniOzoneClusterImpl-df511d4d-48d9-413f-91af-5a600e7276fd/datanode-2/data/ratis/bc3c5bcd-130d-425e-8e13-4a7875c0c235 close()
2019-08-20 15:34:27,455 [Thread-321] INFO  impl.RaftServerImpl (RaftServerImpl.java:lambda$shutdown$3(245)) - 22408b8b-2596-4e0e-b1a4-1a1860f88c8a: shutdown group-3B924DAE9753
2019-08-20 15:34:27,455 [Thread-321] INFO  util.JmxRegister (JmxRegister.java:unregister(73)) - Successfully un-registered JMX Bean with object name Ratis:service=RaftServer,group=group-3B924DAE9753,id=22408b8b-2596-4e0e-b1a4-1a1860f88c8a
2019-08-20 15:34:27,455 [Thread-321] INFO  impl.RoleInfo (RoleInfo.java:shutdownLeaderState(104)) - 22408b8b-2596-4e0e-b1a4-1a1860f88c8a: shutdown LeaderState
2019-08-20 15:34:27,456 [Thread-321] INFO  impl.PendingRequests (PendingRequests.java:sendNotLeaderResponses(202)) - 22408b8b-2596-4e0e-b1a4-1a1860f88c8a-PendingRequests: sendNotLeaderResponses
2019-08-20 15:34:27,456 [Thread-321] INFO  impl.StateMachineUpdater (StateMachineUpdater.java:stopAndJoin(115)) - StateMachineUpdater:22408b8b-2596-4e0e-b1a4-1a1860f88c8a:group-3B924DAE9753: set stopIndex = 0
2019-08-20 15:34:27,457 [Thread-321] INFO  impl.RaftServerImpl (ServerState.java:close(394)) - 22408b8b-2596-4e0e-b1a4-1a1860f88c8a:group-3B924DAE9753 closes. The last applied log index is 0
2019-08-20 15:34:27,458 [22408b8b-2596-4e0e-b1a4-1a1860f88c8a-SegmentedRaftLogWorker:Storage Directory /workdir/hadoop-ozone/integration-test/target/test-dir/MiniOzoneClusterImpl-df511d4d-48d9-413f-91af-5a600e7276fd/datanode-2/data/ratis/26731607-97ff-47b9-9503-3b924dae9753] INFO  segmented.SegmentedRaftLogWorker (SegmentedRaftLogWorker.java:run(313)) - 22408b8b-2596-4e0e-b1a4-1a1860f88c8a-SegmentedRaftLogWorker:Storage Directory /workdir/hadoop-ozone/integration-test/target/test-dir/MiniOzoneClusterImpl-df511d4d-48d9-413f-91af-5a600e7276fd/datanode-2/data/ratis/26731607-97ff-47b9-9503-3b924dae9753 was interrupted, exiting. There are 0 tasks remaining in the queue.
2019-08-20 15:34:27,458 [Thread-321] INFO  segmented.SegmentedRaftLogWorker (SegmentedRaftLogWorker.java:close(228)) - 22408b8b-2596-4e0e-b1a4-1a1860f88c8a-SegmentedRaftLogWorker:Storage Directory /workdir/hadoop-ozone/integration-test/target/test-dir/MiniOzoneClusterImpl-df511d4d-48d9-413f-91af-5a600e7276fd/datanode-2/data/ratis/26731607-97ff-47b9-9503-3b924dae9753 close()
2019-08-20 15:34:27,459 [Thread-321] INFO  server.GrpcService (GrpcService.java:closeImpl(155)) - 22408b8b-2596-4e0e-b1a4-1a1860f88c8a: shutdown server with port 38420 now
2019-08-20 15:34:27,460 [Thread-321] INFO  server.GrpcService (GrpcService.java:closeImpl(163)) - 22408b8b-2596-4e0e-b1a4-1a1860f88c8a: shutdown server with port 38420 successfully
2019-08-20 15:34:27,462 [Thread-321] INFO  utils.BackgroundService (BackgroundService.java:shutdown(148)) - Shutting down service BlockDeletingService
2019-08-20 15:34:27,463 [refreshUsed-/workdir/hadoop-ozone/integration-test/target/test-dir/MiniOzoneClusterImpl-df511d4d-48d9-413f-91af-5a600e7276fd/datanode-2/data/containers] WARN  fs.CachingGetSpaceUsed (CachingGetSpaceUsed.java:run(183)) - Thread Interrupted waiting to refresh disk information: sleep interrupted
2019-08-20 15:34:27,483 [Thread-321] INFO  statemachine.DatanodeStateMachine (DatanodeStateMachine.java:stopDaemon(395)) - Ozone container server stopped.
2019-08-20 15:34:27,485 [Thread-321] INFO  handler.ContextHandler (ContextHandler.java:doStop(910)) - Stopped o.e.j.w.WebAppContext@6a61f199{/,null,UNAVAILABLE}{/hddsDatanode}
2019-08-20 15:34:27,485 [Thread-321] INFO  server.AbstractConnector (AbstractConnector.java:doStop(318)) - Stopped ServerConnector@15613571{HTTP/1.1,[http/1.1]}{0.0.0.0:0}
2019-08-20 15:34:27,486 [Thread-321] INFO  handler.ContextHandler (ContextHandler.java:doStop(910)) - Stopped o.e.j.s.ServletContextHandler@3103e659{/static,jar:file:/home/user/.m2/repository/org/apache/hadoop/hadoop-hdds-container-service/0.5.0-SNAPSHOT/hadoop-hdds-container-service-0.5.0-SNAPSHOT.jar!/webapps/static,UNAVAILABLE}
2019-08-20 15:34:27,486 [Thread-321] INFO  handler.ContextHandler (ContextHandler.java:doStop(910)) - Stopped o.e.j.s.ServletContextHandler@1b8dccb2{/logs,file:///workdir/hadoop-ozone/integration-test/target/log,UNAVAILABLE}
2019-08-20 15:34:27,490 [Thread-321] INFO  impl.MetricsSystemImpl (MetricsSystemImpl.java:init(158)) - HddsDatanode metrics system started (again)
2019-08-20 15:34:27,534 [Thread-321] INFO  ozone.HddsDatanodeService (HddsDatanodeService.java:start(184)) - HddsDatanodeService host:pr-hdds-1975-spxzp-3193579258 ip:192.168.69.100
2019-08-20 15:34:27,537 [Thread-321] INFO  volume.VolumeUsage (VolumeUsage.java:loadScmUsed(144)) - Cached ScmUsed found for /workdir/hadoop-ozone/integration-test/target/test-dir/MiniOzoneClusterImpl-df511d4d-48d9-413f-91af-5a600e7276fd/datanode-0/data/containers : 4096 
2019-08-20 15:34:27,537 [Thread-321] INFO  volume.HddsVolume (HddsVolume.java:<init>(176)) - Creating Volume: /workdir/hadoop-ozone/integration-test/target/test-dir/MiniOzoneClusterImpl-df511d4d-48d9-413f-91af-5a600e7276fd/datanode-0/data/containers/hdds of  storage type : DISK and capacity : 1482555576320
2019-08-20 15:34:27,538 [Thread-321] INFO  volume.VolumeSet (VolumeSet.java:initializeVolumeSet(170)) - Added Volume : /workdir/hadoop-ozone/integration-test/target/test-dir/MiniOzoneClusterImpl-df511d4d-48d9-413f-91af-5a600e7276fd/datanode-0/data/containers/hdds to VolumeSet
2019-08-20 15:34:27,538 [Thread-321] INFO  volume.ThrottledAsyncChecker (ThrottledAsyncChecker.java:schedule(140)) - Scheduling a check for org.apache.hadoop.ozone.container.common.volume.HddsVolume@32cf08c0
2019-08-20 15:34:27,538 [Thread-321] INFO  volume.HddsVolumeChecker (HddsVolumeChecker.java:checkAllVolumes(203)) - Scheduled health check for volume org.apache.hadoop.ozone.container.common.volume.HddsVolume@32cf08c0
2019-08-20 15:34:27,556 [Thread-321] INFO  impl.RaftServerProxy (ConfUtils.java:logGet(43)) - raft.rpc.type = GRPC (default)
2019-08-20 15:34:27,556 [Thread-321] INFO  grpc.GrpcFactory (GrpcFactory.java:checkPooledByteBufAllocatorUseCacheForAllThreads(45)) - PERFORMANCE WARNING: useCacheForAllThreads is true that may cause Netty to create a lot garbage objects and, as a result, trigger GC.
	It is recommended to disable useCacheForAllThreads by setting -Dorg.apache.ratis.thirdparty.io.netty.allocator.useCacheForAllThreads=false in command line.
2019-08-20 15:34:27,556 [Thread-321] INFO  grpc.GrpcConfigKeys$Server (ConfUtils.java:logGet(43)) - raft.grpc.server.port = 35973 (custom)
2019-08-20 15:34:27,557 [Thread-321] INFO  server.GrpcService (ConfUtils.java:logGet(43)) - raft.grpc.message.size.max = 33570816 (custom)
2019-08-20 15:34:27,557 [Thread-321] INFO  server.RaftServerConfigKeys (ConfUtils.java:logGet(43)) - raft.server.log.appender.buffer.byte-limit = 33554432 (custom)
2019-08-20 15:34:27,557 [Thread-321] INFO  server.GrpcService (ConfUtils.java:logGet(43)) - raft.grpc.flow.control.window = 1MB (=1048576) (default)
2019-08-20 15:34:27,557 [Thread-321] INFO  server.RaftServerConfigKeys (ConfUtils.java:logGet(43)) - raft.server.rpc.request.timeout = 3000ms (default)
2019-08-20 15:34:27,558 [Thread-321] INFO  server.RaftServerConfigKeys (ConfUtils.java:logGet(43)) - raft.server.storage.dir = [/workdir/hadoop-ozone/integration-test/target/test-dir/MiniOzoneClusterImpl-df511d4d-48d9-413f-91af-5a600e7276fd/datanode-0/data/ratis] (custom)
2019-08-20 15:34:27,558 [Thread-321] INFO  impl.RaftServerProxy (RaftServerProxy.java:lambda$null$0(191)) - 296c1fec-8611-41bc-86b3-34db6a97fa03: found a subdirectory /workdir/hadoop-ozone/integration-test/target/test-dir/MiniOzoneClusterImpl-df511d4d-48d9-413f-91af-5a600e7276fd/datanode-0/data/ratis/dba7b7e9-16e2-4661-b591-738f74ef0c8c
2019-08-20 15:34:27,559 [Thread-321] INFO  impl.RaftServerProxy (RaftServerProxy.java:addNew(89)) - 296c1fec-8611-41bc-86b3-34db6a97fa03: addNew group-738F74EF0C8C:[] returns group-738F74EF0C8C:java.util.concurrent.CompletableFuture@3767bbf2[Not completed]
2019-08-20 15:34:27,559 [Thread-321] INFO  impl.RaftServerProxy (RaftServerProxy.java:lambda$null$0(191)) - 296c1fec-8611-41bc-86b3-34db6a97fa03: found a subdirectory /workdir/hadoop-ozone/integration-test/target/test-dir/MiniOzoneClusterImpl-df511d4d-48d9-413f-91af-5a600e7276fd/datanode-0/data/ratis/bc3c5bcd-130d-425e-8e13-4a7875c0c235
2019-08-20 15:34:27,559 [Thread-321] INFO  impl.RaftServerProxy (RaftServerProxy.java:addNew(89)) - 296c1fec-8611-41bc-86b3-34db6a97fa03: addNew group-4A7875C0C235:[] returns group-4A7875C0C235:java.util.concurrent.CompletableFuture@52927a8b[Not completed]
2019-08-20 15:34:27,560 [Thread-321] INFO  replication.SimpleContainerDownloader (SimpleContainerDownloader.java:<init>(72)) - Starting container downloader service to copy containers to replicate.
2019-08-20 15:34:27,563 [Thread-321] INFO  hdfs.DFSUtil (DFSUtil.java:httpServerTemplateForNNAndJN(1641)) - Starting Web-server for hddsDatanode at: http://0.0.0.0:37251
2019-08-20 15:34:27,563 [pool-148-thread-1] INFO  impl.RaftServerImpl (RaftServerImpl.java:<init>(93)) - 296c1fec-8611-41bc-86b3-34db6a97fa03: new RaftServerImpl for group-738F74EF0C8C:[] with ContainerStateMachine:uninitialized
2019-08-20 15:34:27,564 [pool-148-thread-1] INFO  server.RaftServerConfigKeys (ConfUtils.java:logGet(43)) - raft.server.rpc.timeout.min = 5s (custom)
2019-08-20 15:34:27,564 [pool-148-thread-1] INFO  server.RaftServerConfigKeys (ConfUtils.java:logGet(43)) - raft.server.rpc.timeout.max = 5200ms (custom)
2019-08-20 15:34:27,564 [pool-148-thread-1] INFO  server.RaftServerConfigKeys (ConfUtils.java:logGet(43)) - raft.server.rpcslowness.timeout = 120s (custom)
2019-08-20 15:34:27,565 [pool-148-thread-1] INFO  server.RaftServerConfigKeys (ConfUtils.java:logGet(43)) - raft.server.sleep.deviation.threshold = 300 (default)
2019-08-20 15:34:27,565 [pool-148-thread-1] INFO  server.RaftServerConfigKeys (ConfUtils.java:logGet(43)) - raft.server.log.appender.install.snapshot.enabled = false (custom)
2019-08-20 15:34:27,565 [pool-148-thread-1] INFO  impl.RaftServerImpl (ServerState.java:<init>(105)) - 296c1fec-8611-41bc-86b3-34db6a97fa03:group-738F74EF0C8C ConfigurationManager, init=-1: [], old=null, confs=<EMPTY_MAP>
2019-08-20 15:34:27,565 [Thread-321] INFO  server.AuthenticationFilter (AuthenticationFilter.java:constructSecretProvider(240)) - Unable to initialize FileSignerSecretProvider, falling back to use random secrets.
2019-08-20 15:34:27,565 [pool-148-thread-1] INFO  server.RaftServerConfigKeys (ConfUtils.java:logGet(43)) - raft.server.storage.dir = [/workdir/hadoop-ozone/integration-test/target/test-dir/MiniOzoneClusterImpl-df511d4d-48d9-413f-91af-5a600e7276fd/datanode-0/data/ratis] (custom)
2019-08-20 15:34:27,565 [Thread-321] WARN  http.HttpRequestLog (HttpRequestLog.java:getRequestLog(97)) - Jetty request log can only be enabled using Log4j
2019-08-20 15:34:27,567 [Thread-321] INFO  http.HttpServer2 (HttpServer2.java:addGlobalFilter(975)) - Added global filter 'safety' (class=org.apache.hadoop.http.HttpServer2$QuotingInputFilter)
2019-08-20 15:34:27,567 [Thread-321] INFO  http.HttpServer2 (HttpServer2.java:addFilter(948)) - Added filter static_user_filter (class=org.apache.hadoop.http.lib.StaticUserWebFilter$StaticUserFilter) to context hddsDatanode
2019-08-20 15:34:27,567 [Thread-321] INFO  http.HttpServer2 (HttpServer2.java:addFilter(958)) - Added filter static_user_filter (class=org.apache.hadoop.http.lib.StaticUserWebFilter$StaticUserFilter) to context logs
2019-08-20 15:34:27,568 [Thread-321] INFO  http.HttpServer2 (HttpServer2.java:addFilter(958)) - Added filter static_user_filter (class=org.apache.hadoop.http.lib.StaticUserWebFilter$StaticUserFilter) to context static
2019-08-20 15:34:27,568 [Thread-321] INFO  http.HttpServer2 (HttpServer2.java:bindListener(1191)) - Jetty bound to port 37251
2019-08-20 15:34:27,568 [Thread-321] INFO  server.Server (Server.java:doStart(351)) - jetty-9.3.24.v20180605, build timestamp: 2018-06-05T17:11:56Z, git hash: 84205aa28f11a4f31f2a3b86d1bba2cc8ab69827
2019-08-20 15:34:27,570 [Thread-321] INFO  handler.ContextHandler (ContextHandler.java:doStart(781)) - Started o.e.j.s.ServletContextHandler@1388a79{/logs,file:///workdir/hadoop-ozone/integration-test/target/log,AVAILABLE}
2019-08-20 15:34:27,570 [Thread-321] INFO  handler.ContextHandler (ContextHandler.java:doStart(781)) - Started o.e.j.s.ServletContextHandler@7bb1d6ca{/static,jar:file:/home/user/.m2/repository/org/apache/hadoop/hadoop-hdds-container-service/0.5.0-SNAPSHOT/hadoop-hdds-container-service-0.5.0-SNAPSHOT.jar!/webapps/static,AVAILABLE}
2019-08-20 15:34:27,601 [Thread-321] INFO  handler.ContextHandler (ContextHandler.java:doStart(781)) - Started o.e.j.w.WebAppContext@1a824d55{/,file:///tmp/jetty-0.0.0.0-37251-hddsDatanode-_-any-4598761785179951090.dir/webapp/,AVAILABLE}{/hddsDatanode}
2019-08-20 15:34:27,601 [Thread-321] INFO  server.AbstractConnector (AbstractConnector.java:doStart(278)) - Started ServerConnector@78cdc6f8{HTTP/1.1,[http/1.1]}{0.0.0.0:37251}
2019-08-20 15:34:27,602 [Thread-321] INFO  server.Server (Server.java:doStart(419)) - Started @53587ms
2019-08-20 15:34:27,603 [Thread-321] INFO  server.BaseHttpServer (BaseHttpServer.java:updateConnectorAddress(213)) - HTTP server of HDDSDATANODE is listening at http://0.0.0.0:37251
2019-08-20 15:34:27,729 [EventQueue-StaleNodeForStaleNodeHandler] INFO  node.StaleNodeHandler (StaleNodeHandler.java:onMessage(58)) - Datanode 22408b8b-2596-4e0e-b1a4-1a1860f88c8a{ip: 192.168.69.100, host: pr-hdds-1975-spxzp-3193579258, networkLocation: /default-rack, certSerialId: null} moved to stale state. Finalizing its pipelines [PipelineID=bc3c5bcd-130d-425e-8e13-4a7875c0c235, PipelineID=26731607-97ff-47b9-9503-3b924dae9753]
2019-08-20 15:34:27,729 [EventQueue-StaleNodeForStaleNodeHandler] INFO  pipeline.SCMPipelineManager (SCMPipelineManager.java:finalizeAndDestroyPipeline(309)) - destroying pipeline:Pipeline[ Id: bc3c5bcd-130d-425e-8e13-4a7875c0c235, Nodes: 296c1fec-8611-41bc-86b3-34db6a97fa03{ip: 192.168.69.100, host: pr-hdds-1975-spxzp-3193579258, networkLocation: /default-rack, certSerialId: null}5a997197-d6d4-45cd-8357-040721935652{ip: 192.168.69.100, host: pr-hdds-1975-spxzp-3193579258, networkLocation: /default-rack, certSerialId: null}22408b8b-2596-4e0e-b1a4-1a1860f88c8a{ip: 192.168.69.100, host: pr-hdds-1975-spxzp-3193579258, networkLocation: /default-rack, certSerialId: null}, Type:RATIS, Factor:THREE, State:CLOSED]
2019-08-20 15:34:27,730 [EventQueue-StaleNodeForStaleNodeHandler] INFO  pipeline.SCMPipelineManager (SCMPipelineManager.java:finalizeAndDestroyPipeline(309)) - destroying pipeline:Pipeline[ Id: 26731607-97ff-47b9-9503-3b924dae9753, Nodes: 22408b8b-2596-4e0e-b1a4-1a1860f88c8a{ip: 192.168.69.100, host: pr-hdds-1975-spxzp-3193579258, networkLocation: /default-rack, certSerialId: null}, Type:RATIS, Factor:ONE, State:OPEN]
2019-08-20 15:34:27,730 [EventQueue-StaleNodeForStaleNodeHandler] INFO  pipeline.PipelineStateManager (PipelineStateManager.java:finalizePipeline(123)) - Pipeline Pipeline[ Id: 26731607-97ff-47b9-9503-3b924dae9753, Nodes: 22408b8b-2596-4e0e-b1a4-1a1860f88c8a{ip: 192.168.69.100, host: pr-hdds-1975-spxzp-3193579258, networkLocation: /default-rack, certSerialId: null}, Type:RATIS, Factor:ONE, State:CLOSED] moved to CLOSED state
2019-08-20 15:34:27,797 | INFO  | ObjectStoreRestHttpServer | Listening HDDS REST traffic on /0.0.0.0:39929 |  
2019-08-20 15:34:27,798 [Thread-321] INFO  ozone.HddsDatanodeService (HddsDatanodeService.java:startPlugins(395)) - Started plug-in org.apache.hadoop.ozone.web.OzoneHddsDatanodeService@4f0cec3d
2019-08-20 15:34:27,800 [org.apache.hadoop.util.JvmPauseMonitor$Monitor@3b5e9c20] INFO  util.JvmPauseMonitor (JvmPauseMonitor.java:run(188)) - Starting JVM pause monitor
2019-08-20 15:34:27,800 [Thread-321] INFO  impl.MetricsSystemImpl (MetricsSystemImpl.java:init(158)) - HddsDatanode metrics system started (again)
2019-08-20 15:34:27,804 [Thread-321] INFO  ozone.HddsDatanodeService (HddsDatanodeService.java:start(184)) - HddsDatanodeService host:pr-hdds-1975-spxzp-3193579258 ip:192.168.69.100
2019-08-20 15:34:27,806 [Thread-321] INFO  volume.VolumeUsage (VolumeUsage.java:loadScmUsed(144)) - Cached ScmUsed found for /workdir/hadoop-ozone/integration-test/target/test-dir/MiniOzoneClusterImpl-df511d4d-48d9-413f-91af-5a600e7276fd/datanode-1/data/containers : 4096 
2019-08-20 15:34:27,807 [Thread-321] INFO  volume.HddsVolume (HddsVolume.java:<init>(176)) - Creating Volume: /workdir/hadoop-ozone/integration-test/target/test-dir/MiniOzoneClusterImpl-df511d4d-48d9-413f-91af-5a600e7276fd/datanode-1/data/containers/hdds of  storage type : DISK and capacity : 1482555576320
2019-08-20 15:34:27,807 [Thread-321] INFO  volume.VolumeSet (VolumeSet.java:initializeVolumeSet(170)) - Added Volume : /workdir/hadoop-ozone/integration-test/target/test-dir/MiniOzoneClusterImpl-df511d4d-48d9-413f-91af-5a600e7276fd/datanode-1/data/containers/hdds to VolumeSet
2019-08-20 15:34:27,807 [Thread-321] INFO  volume.ThrottledAsyncChecker (ThrottledAsyncChecker.java:schedule(140)) - Scheduling a check for org.apache.hadoop.ozone.container.common.volume.HddsVolume@3a054c63
2019-08-20 15:34:27,808 [Thread-321] INFO  volume.HddsVolumeChecker (HddsVolumeChecker.java:checkAllVolumes(203)) - Scheduled health check for volume org.apache.hadoop.ozone.container.common.volume.HddsVolume@3a054c63
2019-08-20 15:34:27,824 [Thread-321] INFO  impl.RaftServerProxy (ConfUtils.java:logGet(43)) - raft.rpc.type = GRPC (default)
2019-08-20 15:34:27,824 [Thread-321] INFO  grpc.GrpcFactory (GrpcFactory.java:checkPooledByteBufAllocatorUseCacheForAllThreads(45)) - PERFORMANCE WARNING: useCacheForAllThreads is true that may cause Netty to create a lot garbage objects and, as a result, trigger GC.
	It is recommended to disable useCacheForAllThreads by setting -Dorg.apache.ratis.thirdparty.io.netty.allocator.useCacheForAllThreads=false in command line.
2019-08-20 15:34:27,825 [Thread-321] INFO  grpc.GrpcConfigKeys$Server (ConfUtils.java:logGet(43)) - raft.grpc.server.port = 40112 (custom)
2019-08-20 15:34:27,825 [Thread-321] INFO  server.GrpcService (ConfUtils.java:logGet(43)) - raft.grpc.message.size.max = 33570816 (custom)
2019-08-20 15:34:27,825 [Thread-321] INFO  server.RaftServerConfigKeys (ConfUtils.java:logGet(43)) - raft.server.log.appender.buffer.byte-limit = 33554432 (custom)
2019-08-20 15:34:27,825 [Thread-321] INFO  server.GrpcService (ConfUtils.java:logGet(43)) - raft.grpc.flow.control.window = 1MB (=1048576) (default)
2019-08-20 15:34:27,826 [Thread-321] INFO  server.RaftServerConfigKeys (ConfUtils.java:logGet(43)) - raft.server.rpc.request.timeout = 3000ms (default)
2019-08-20 15:34:27,826 [Thread-321] INFO  server.RaftServerConfigKeys (ConfUtils.java:logGet(43)) - raft.server.storage.dir = [/workdir/hadoop-ozone/integration-test/target/test-dir/MiniOzoneClusterImpl-df511d4d-48d9-413f-91af-5a600e7276fd/datanode-1/data/ratis] (custom)
2019-08-20 15:34:27,827 [Thread-321] INFO  impl.RaftServerProxy (RaftServerProxy.java:lambda$null$0(191)) - 5a997197-d6d4-45cd-8357-040721935652: found a subdirectory /workdir/hadoop-ozone/integration-test/target/test-dir/MiniOzoneClusterImpl-df511d4d-48d9-413f-91af-5a600e7276fd/datanode-1/data/ratis/076a2a7d-9497-42db-b3eb-4736da5b1f3e
2019-08-20 15:34:27,827 [Thread-321] INFO  impl.RaftServerProxy (RaftServerProxy.java:addNew(89)) - 5a997197-d6d4-45cd-8357-040721935652: addNew group-4736DA5B1F3E:[] returns group-4736DA5B1F3E:java.util.concurrent.CompletableFuture@1f522619[Not completed]
2019-08-20 15:34:27,828 [Thread-321] INFO  impl.RaftServerProxy (RaftServerProxy.java:lambda$null$0(191)) - 5a997197-d6d4-45cd-8357-040721935652: found a subdirectory /workdir/hadoop-ozone/integration-test/target/test-dir/MiniOzoneClusterImpl-df511d4d-48d9-413f-91af-5a600e7276fd/datanode-1/data/ratis/bc3c5bcd-130d-425e-8e13-4a7875c0c235
2019-08-20 15:34:27,828 [Thread-321] INFO  impl.RaftServerProxy (RaftServerProxy.java:addNew(89)) - 5a997197-d6d4-45cd-8357-040721935652: addNew group-4A7875C0C235:[] returns group-4A7875C0C235:java.util.concurrent.CompletableFuture@76f1b71b[Not completed]
2019-08-20 15:34:27,830 [Thread-321] INFO  replication.SimpleContainerDownloader (SimpleContainerDownloader.java:<init>(72)) - Starting container downloader service to copy containers to replicate.
2019-08-20 15:34:27,830 [pool-159-thread-1] INFO  impl.RaftServerImpl (RaftServerImpl.java:<init>(93)) - 5a997197-d6d4-45cd-8357-040721935652: new RaftServerImpl for group-4736DA5B1F3E:[] with ContainerStateMachine:uninitialized
2019-08-20 15:34:27,831 [pool-159-thread-1] INFO  server.RaftServerConfigKeys (ConfUtils.java:logGet(43)) - raft.server.rpc.timeout.min = 5s (custom)
2019-08-20 15:34:27,831 [pool-159-thread-1] INFO  server.RaftServerConfigKeys (ConfUtils.java:logGet(43)) - raft.server.rpc.timeout.max = 5200ms (custom)
2019-08-20 15:34:27,831 [pool-159-thread-1] INFO  server.RaftServerConfigKeys (ConfUtils.java:logGet(43)) - raft.server.rpcslowness.timeout = 120s (custom)
2019-08-20 15:34:27,831 [pool-159-thread-1] INFO  server.RaftServerConfigKeys (ConfUtils.java:logGet(43)) - raft.server.sleep.deviation.threshold = 300 (default)
2019-08-20 15:34:27,831 [pool-159-thread-1] INFO  server.RaftServerConfigKeys (ConfUtils.java:logGet(43)) - raft.server.log.appender.install.snapshot.enabled = false (custom)
2019-08-20 15:34:27,831 [pool-159-thread-1] INFO  impl.RaftServerImpl (ServerState.java:<init>(105)) - 5a997197-d6d4-45cd-8357-040721935652:group-4736DA5B1F3E ConfigurationManager, init=-1: [], old=null, confs=<EMPTY_MAP>
2019-08-20 15:34:27,831 [pool-159-thread-1] INFO  server.RaftServerConfigKeys (ConfUtils.java:logGet(43)) - raft.server.storage.dir = [/workdir/hadoop-ozone/integration-test/target/test-dir/MiniOzoneClusterImpl-df511d4d-48d9-413f-91af-5a600e7276fd/datanode-1/data/ratis] (custom)
2019-08-20 15:34:27,832 [Thread-321] INFO  hdfs.DFSUtil (DFSUtil.java:httpServerTemplateForNNAndJN(1641)) - Starting Web-server for hddsDatanode at: http://0.0.0.0:38137
2019-08-20 15:34:27,834 [Thread-321] INFO  server.AuthenticationFilter (AuthenticationFilter.java:constructSecretProvider(240)) - Unable to initialize FileSignerSecretProvider, falling back to use random secrets.
2019-08-20 15:34:27,835 [Thread-321] WARN  http.HttpRequestLog (HttpRequestLog.java:getRequestLog(97)) - Jetty request log can only be enabled using Log4j
2019-08-20 15:34:27,837 [Thread-321] INFO  http.HttpServer2 (HttpServer2.java:addGlobalFilter(975)) - Added global filter 'safety' (class=org.apache.hadoop.http.HttpServer2$QuotingInputFilter)
2019-08-20 15:34:27,838 [Thread-321] INFO  http.HttpServer2 (HttpServer2.java:addFilter(948)) - Added filter static_user_filter (class=org.apache.hadoop.http.lib.StaticUserWebFilter$StaticUserFilter) to context hddsDatanode
2019-08-20 15:34:27,838 [Thread-321] INFO  http.HttpServer2 (HttpServer2.java:addFilter(958)) - Added filter static_user_filter (class=org.apache.hadoop.http.lib.StaticUserWebFilter$StaticUserFilter) to context logs
2019-08-20 15:34:27,838 [Thread-321] INFO  http.HttpServer2 (HttpServer2.java:addFilter(958)) - Added filter static_user_filter (class=org.apache.hadoop.http.lib.StaticUserWebFilter$StaticUserFilter) to context static
2019-08-20 15:34:27,839 [Thread-321] INFO  http.HttpServer2 (HttpServer2.java:bindListener(1191)) - Jetty bound to port 38137
2019-08-20 15:34:27,839 [Thread-321] INFO  server.Server (Server.java:doStart(351)) - jetty-9.3.24.v20180605, build timestamp: 2018-06-05T17:11:56Z, git hash: 84205aa28f11a4f31f2a3b86d1bba2cc8ab69827
2019-08-20 15:34:27,842 [Thread-321] INFO  handler.ContextHandler (ContextHandler.java:doStart(781)) - Started o.e.j.s.ServletContextHandler@2f6f757c{/logs,file:///workdir/hadoop-ozone/integration-test/target/log,AVAILABLE}
2019-08-20 15:34:27,842 [Thread-321] INFO  handler.ContextHandler (ContextHandler.java:doStart(781)) - Started o.e.j.s.ServletContextHandler@4561149d{/static,jar:file:/home/user/.m2/repository/org/apache/hadoop/hadoop-hdds-container-service/0.5.0-SNAPSHOT/hadoop-hdds-container-service-0.5.0-SNAPSHOT.jar!/webapps/static,AVAILABLE}
2019-08-20 15:34:27,885 [Thread-321] INFO  handler.ContextHandler (ContextHandler.java:doStart(781)) - Started o.e.j.w.WebAppContext@31ad540c{/,file:///tmp/jetty-0.0.0.0-38137-hddsDatanode-_-any-6563574357569936300.dir/webapp/,AVAILABLE}{/hddsDatanode}
2019-08-20 15:34:27,886 [Thread-321] INFO  server.AbstractConnector (AbstractConnector.java:doStart(278)) - Started ServerConnector@58c3be5f{HTTP/1.1,[http/1.1]}{0.0.0.0:38137}
2019-08-20 15:34:27,888 [Thread-321] INFO  server.Server (Server.java:doStart(419)) - Started @53873ms
2019-08-20 15:34:27,890 [Thread-321] INFO  server.BaseHttpServer (BaseHttpServer.java:updateConnectorAddress(213)) - HTTP server of HDDSDATANODE is listening at http://0.0.0.0:38137
2019-08-20 15:34:28,048 | INFO  | ObjectStoreRestHttpServer | Listening HDDS REST traffic on /0.0.0.0:45609 |  
2019-08-20 15:34:28,048 [Thread-321] INFO  ozone.HddsDatanodeService (HddsDatanodeService.java:startPlugins(395)) - Started plug-in org.apache.hadoop.ozone.web.OzoneHddsDatanodeService@fb3b6e4
2019-08-20 15:34:28,050 [org.apache.hadoop.util.JvmPauseMonitor$Monitor@2a388a67] INFO  util.JvmPauseMonitor (JvmPauseMonitor.java:run(188)) - Starting JVM pause monitor
2019-08-20 15:34:28,050 [Thread-321] INFO  impl.MetricsSystemImpl (MetricsSystemImpl.java:init(158)) - HddsDatanode metrics system started (again)
2019-08-20 15:34:28,055 [Thread-321] INFO  ozone.HddsDatanodeService (HddsDatanodeService.java:start(184)) - HddsDatanodeService host:pr-hdds-1975-spxzp-3193579258 ip:192.168.69.100
2019-08-20 15:34:28,057 [Thread-321] INFO  volume.VolumeUsage (VolumeUsage.java:loadScmUsed(144)) - Cached ScmUsed found for /workdir/hadoop-ozone/integration-test/target/test-dir/MiniOzoneClusterImpl-df511d4d-48d9-413f-91af-5a600e7276fd/datanode-2/data/containers : 4096 
2019-08-20 15:34:28,058 [Thread-321] INFO  volume.HddsVolume (HddsVolume.java:<init>(176)) - Creating Volume: /workdir/hadoop-ozone/integration-test/target/test-dir/MiniOzoneClusterImpl-df511d4d-48d9-413f-91af-5a600e7276fd/datanode-2/data/containers/hdds of  storage type : DISK and capacity : 1482555576320
2019-08-20 15:34:28,058 [Thread-321] INFO  volume.VolumeSet (VolumeSet.java:initializeVolumeSet(170)) - Added Volume : /workdir/hadoop-ozone/integration-test/target/test-dir/MiniOzoneClusterImpl-df511d4d-48d9-413f-91af-5a600e7276fd/datanode-2/data/containers/hdds to VolumeSet
2019-08-20 15:34:28,058 [Thread-321] INFO  volume.ThrottledAsyncChecker (ThrottledAsyncChecker.java:schedule(140)) - Scheduling a check for org.apache.hadoop.ozone.container.common.volume.HddsVolume@7fa12c30
2019-08-20 15:34:28,059 [Thread-321] INFO  volume.HddsVolumeChecker (HddsVolumeChecker.java:checkAllVolumes(203)) - Scheduled health check for volume org.apache.hadoop.ozone.container.common.volume.HddsVolume@7fa12c30
2019-08-20 15:34:28,075 [Thread-321] INFO  impl.RaftServerProxy (ConfUtils.java:logGet(43)) - raft.rpc.type = GRPC (default)
2019-08-20 15:34:28,076 [Thread-321] INFO  grpc.GrpcFactory (GrpcFactory.java:checkPooledByteBufAllocatorUseCacheForAllThreads(45)) - PERFORMANCE WARNING: useCacheForAllThreads is true that may cause Netty to create a lot garbage objects and, as a result, trigger GC.
	It is recommended to disable useCacheForAllThreads by setting -Dorg.apache.ratis.thirdparty.io.netty.allocator.useCacheForAllThreads=false in command line.
2019-08-20 15:34:28,076 [Thread-321] INFO  grpc.GrpcConfigKeys$Server (ConfUtils.java:logGet(43)) - raft.grpc.server.port = 38420 (custom)
2019-08-20 15:34:28,076 [Thread-321] INFO  server.GrpcService (ConfUtils.java:logGet(43)) - raft.grpc.message.size.max = 33570816 (custom)
2019-08-20 15:34:28,076 [Thread-321] INFO  server.RaftServerConfigKeys (ConfUtils.java:logGet(43)) - raft.server.log.appender.buffer.byte-limit = 33554432 (custom)
2019-08-20 15:34:28,076 [Thread-321] INFO  server.GrpcService (ConfUtils.java:logGet(43)) - raft.grpc.flow.control.window = 1MB (=1048576) (default)
2019-08-20 15:34:28,077 [Thread-321] INFO  server.RaftServerConfigKeys (ConfUtils.java:logGet(43)) - raft.server.rpc.request.timeout = 3000ms (default)
2019-08-20 15:34:28,077 [Thread-321] INFO  server.RaftServerConfigKeys (ConfUtils.java:logGet(43)) - raft.server.storage.dir = [/workdir/hadoop-ozone/integration-test/target/test-dir/MiniOzoneClusterImpl-df511d4d-48d9-413f-91af-5a600e7276fd/datanode-2/data/ratis] (custom)
2019-08-20 15:34:28,077 [Thread-321] INFO  impl.RaftServerProxy (RaftServerProxy.java:lambda$null$0(191)) - 22408b8b-2596-4e0e-b1a4-1a1860f88c8a: found a subdirectory /workdir/hadoop-ozone/integration-test/target/test-dir/MiniOzoneClusterImpl-df511d4d-48d9-413f-91af-5a600e7276fd/datanode-2/data/ratis/26731607-97ff-47b9-9503-3b924dae9753
2019-08-20 15:34:28,078 [Thread-321] INFO  impl.RaftServerProxy (RaftServerProxy.java:addNew(89)) - 22408b8b-2596-4e0e-b1a4-1a1860f88c8a: addNew group-3B924DAE9753:[] returns group-3B924DAE9753:java.util.concurrent.CompletableFuture@42119468[Not completed]
2019-08-20 15:34:28,078 [Thread-321] INFO  impl.RaftServerProxy (RaftServerProxy.java:lambda$null$0(191)) - 22408b8b-2596-4e0e-b1a4-1a1860f88c8a: found a subdirectory /workdir/hadoop-ozone/integration-test/target/test-dir/MiniOzoneClusterImpl-df511d4d-48d9-413f-91af-5a600e7276fd/datanode-2/data/ratis/bc3c5bcd-130d-425e-8e13-4a7875c0c235
2019-08-20 15:34:28,078 [Thread-321] INFO  impl.RaftServerProxy (RaftServerProxy.java:addNew(89)) - 22408b8b-2596-4e0e-b1a4-1a1860f88c8a: addNew group-4A7875C0C235:[] returns group-4A7875C0C235:java.util.concurrent.CompletableFuture@1b41ffff[Not completed]
2019-08-20 15:34:28,079 [Thread-321] INFO  replication.SimpleContainerDownloader (SimpleContainerDownloader.java:<init>(72)) - Starting container downloader service to copy containers to replicate.
2019-08-20 15:34:28,081 [pool-170-thread-1] INFO  impl.RaftServerImpl (RaftServerImpl.java:<init>(93)) - 22408b8b-2596-4e0e-b1a4-1a1860f88c8a: new RaftServerImpl for group-3B924DAE9753:[] with ContainerStateMachine:uninitialized
2019-08-20 15:34:28,081 [Thread-321] INFO  hdfs.DFSUtil (DFSUtil.java:httpServerTemplateForNNAndJN(1641)) - Starting Web-server for hddsDatanode at: http://0.0.0.0:43451
2019-08-20 15:34:28,084 [pool-170-thread-1] INFO  server.RaftServerConfigKeys (ConfUtils.java:logGet(43)) - raft.server.rpc.timeout.min = 5s (custom)
2019-08-20 15:34:28,084 [pool-170-thread-1] INFO  server.RaftServerConfigKeys (ConfUtils.java:logGet(43)) - raft.server.rpc.timeout.max = 5200ms (custom)
2019-08-20 15:34:28,084 [pool-170-thread-1] INFO  server.RaftServerConfigKeys (ConfUtils.java:logGet(43)) - raft.server.rpcslowness.timeout = 120s (custom)
2019-08-20 15:34:28,084 [pool-170-thread-1] INFO  server.RaftServerConfigKeys (ConfUtils.java:logGet(43)) - raft.server.sleep.deviation.threshold = 300 (default)
2019-08-20 15:34:28,085 [pool-170-thread-1] INFO  server.RaftServerConfigKeys (ConfUtils.java:logGet(43)) - raft.server.log.appender.install.snapshot.enabled = false (custom)
2019-08-20 15:34:28,085 [pool-170-thread-1] INFO  impl.RaftServerImpl (ServerState.java:<init>(105)) - 22408b8b-2596-4e0e-b1a4-1a1860f88c8a:group-3B924DAE9753 ConfigurationManager, init=-1: [], old=null, confs=<EMPTY_MAP>
2019-08-20 15:34:28,085 [pool-170-thread-1] INFO  server.RaftServerConfigKeys (ConfUtils.java:logGet(43)) - raft.server.storage.dir = [/workdir/hadoop-ozone/integration-test/target/test-dir/MiniOzoneClusterImpl-df511d4d-48d9-413f-91af-5a600e7276fd/datanode-2/data/ratis] (custom)
2019-08-20 15:34:28,086 [Thread-321] INFO  server.AuthenticationFilter (AuthenticationFilter.java:constructSecretProvider(240)) - Unable to initialize FileSignerSecretProvider, falling back to use random secrets.
2019-08-20 15:34:28,086 [Thread-321] WARN  http.HttpRequestLog (HttpRequestLog.java:getRequestLog(97)) - Jetty request log can only be enabled using Log4j
2019-08-20 15:34:28,088 [Thread-321] INFO  http.HttpServer2 (HttpServer2.java:addGlobalFilter(975)) - Added global filter 'safety' (class=org.apache.hadoop.http.HttpServer2$QuotingInputFilter)
2019-08-20 15:34:28,088 [Thread-321] INFO  http.HttpServer2 (HttpServer2.java:addFilter(948)) - Added filter static_user_filter (class=org.apache.hadoop.http.lib.StaticUserWebFilter$StaticUserFilter) to context hddsDatanode
2019-08-20 15:34:28,089 [Thread-321] INFO  http.HttpServer2 (HttpServer2.java:addFilter(958)) - Added filter static_user_filter (class=org.apache.hadoop.http.lib.StaticUserWebFilter$StaticUserFilter) to context static
2019-08-20 15:34:28,089 [Thread-321] INFO  http.HttpServer2 (HttpServer2.java:addFilter(958)) - Added filter static_user_filter (class=org.apache.hadoop.http.lib.StaticUserWebFilter$StaticUserFilter) to context logs
2019-08-20 15:34:28,089 [Thread-321] INFO  http.HttpServer2 (HttpServer2.java:bindListener(1191)) - Jetty bound to port 43451
2019-08-20 15:34:28,090 [Thread-321] INFO  server.Server (Server.java:doStart(351)) - jetty-9.3.24.v20180605, build timestamp: 2018-06-05T17:11:56Z, git hash: 84205aa28f11a4f31f2a3b86d1bba2cc8ab69827
2019-08-20 15:34:28,092 [Thread-321] INFO  handler.ContextHandler (ContextHandler.java:doStart(781)) - Started o.e.j.s.ServletContextHandler@575c989a{/logs,file:///workdir/hadoop-ozone/integration-test/target/log,AVAILABLE}
2019-08-20 15:34:28,092 [Thread-321] INFO  handler.ContextHandler (ContextHandler.java:doStart(781)) - Started o.e.j.s.ServletContextHandler@69922a71{/static,jar:file:/home/user/.m2/repository/org/apache/hadoop/hadoop-hdds-container-service/0.5.0-SNAPSHOT/hadoop-hdds-container-service-0.5.0-SNAPSHOT.jar!/webapps/static,AVAILABLE}
2019-08-20 15:34:28,124 [Thread-321] INFO  handler.ContextHandler (ContextHandler.java:doStart(781)) - Started o.e.j.w.WebAppContext@2d5f1f28{/,file:///tmp/jetty-0.0.0.0-43451-hddsDatanode-_-any-4232092127243333909.dir/webapp/,AVAILABLE}{/hddsDatanode}
2019-08-20 15:34:28,125 [Thread-321] INFO  server.AbstractConnector (AbstractConnector.java:doStart(278)) - Started ServerConnector@468fb58b{HTTP/1.1,[http/1.1]}{0.0.0.0:43451}
2019-08-20 15:34:28,126 [Thread-321] INFO  server.Server (Server.java:doStart(419)) - Started @54111ms
2019-08-20 15:34:28,127 [Thread-321] INFO  server.BaseHttpServer (BaseHttpServer.java:updateConnectorAddress(213)) - HTTP server of HDDSDATANODE is listening at http://0.0.0.0:43451
2019-08-20 15:34:28,370 | INFO  | ObjectStoreRestHttpServer | Listening HDDS REST traffic on /0.0.0.0:32819 |  
2019-08-20 15:34:28,370 [Thread-321] INFO  ozone.HddsDatanodeService (HddsDatanodeService.java:startPlugins(395)) - Started plug-in org.apache.hadoop.ozone.web.OzoneHddsDatanodeService@4dd873c8
2019-08-20 15:34:28,370 [Thread-321] INFO  pipeline.SCMPipelineManager (SCMPipelineManager.java:finalizeAndDestroyPipeline(309)) - destroying pipeline:Pipeline[ Id: bc3c5bcd-130d-425e-8e13-4a7875c0c235, Nodes: 296c1fec-8611-41bc-86b3-34db6a97fa03{ip: 192.168.69.100, host: pr-hdds-1975-spxzp-3193579258, networkLocation: /default-rack, certSerialId: null}5a997197-d6d4-45cd-8357-040721935652{ip: 192.168.69.100, host: pr-hdds-1975-spxzp-3193579258, networkLocation: /default-rack, certSerialId: null}22408b8b-2596-4e0e-b1a4-1a1860f88c8a{ip: 192.168.69.100, host: pr-hdds-1975-spxzp-3193579258, networkLocation: /default-rack, certSerialId: null}, Type:RATIS, Factor:THREE, State:OPEN]
2019-08-20 15:34:28,372 [org.apache.hadoop.util.JvmPauseMonitor$Monitor@382bbb9d] INFO  util.JvmPauseMonitor (JvmPauseMonitor.java:run(188)) - Starting JVM pause monitor
2019-08-20 15:34:28,380 [Thread-321] WARN  pipeline.RatisPipelineUtils (RatisPipelineUtils.java:destroyPipeline(66)) - Pipeline destroy failed for pipeline=PipelineID=bc3c5bcd-130d-425e-8e13-4a7875c0c235 dn=296c1fec-8611-41bc-86b3-34db6a97fa03{ip: 192.168.69.100, host: pr-hdds-1975-spxzp-3193579258, networkLocation: /default-rack, certSerialId: null}
2019-08-20 15:34:28,384 [Thread-321] WARN  pipeline.RatisPipelineUtils (RatisPipelineUtils.java:destroyPipeline(66)) - Pipeline destroy failed for pipeline=PipelineID=bc3c5bcd-130d-425e-8e13-4a7875c0c235 dn=5a997197-d6d4-45cd-8357-040721935652{ip: 192.168.69.100, host: pr-hdds-1975-spxzp-3193579258, networkLocation: /default-rack, certSerialId: null}
2019-08-20 15:34:28,387 [Thread-321] WARN  pipeline.RatisPipelineUtils (RatisPipelineUtils.java:destroyPipeline(66)) - Pipeline destroy failed for pipeline=PipelineID=bc3c5bcd-130d-425e-8e13-4a7875c0c235 dn=22408b8b-2596-4e0e-b1a4-1a1860f88c8a{ip: 192.168.69.100, host: pr-hdds-1975-spxzp-3193579258, networkLocation: /default-rack, certSerialId: null}
2019-08-20 15:34:28,387 [Thread-321] INFO  pipeline.PipelineStateManager (PipelineStateManager.java:removePipeline(108)) - Pipeline Pipeline[ Id: bc3c5bcd-130d-425e-8e13-4a7875c0c235, Nodes: 296c1fec-8611-41bc-86b3-34db6a97fa03{ip: 192.168.69.100, host: pr-hdds-1975-spxzp-3193579258, networkLocation: /default-rack, certSerialId: null}5a997197-d6d4-45cd-8357-040721935652{ip: 192.168.69.100, host: pr-hdds-1975-spxzp-3193579258, networkLocation: /default-rack, certSerialId: null}22408b8b-2596-4e0e-b1a4-1a1860f88c8a{ip: 192.168.69.100, host: pr-hdds-1975-spxzp-3193579258, networkLocation: /default-rack, certSerialId: null}, Type:RATIS, Factor:THREE, State:CLOSED] removed from db
2019-08-20 15:34:28,491 [pool-170-thread-1] INFO  storage.RaftStorageDirectory (RaftStorageDirectory.java:tryLock(328)) - Lock on /workdir/hadoop-ozone/integration-test/target/test-dir/MiniOzoneClusterImpl-df511d4d-48d9-413f-91af-5a600e7276fd/datanode-2/data/ratis/26731607-97ff-47b9-9503-3b924dae9753/in_use.lock acquired by nodename 25148@pr-hdds-1975-spxzp-3193579258
2019-08-20 15:34:28,491 [pool-148-thread-1] INFO  storage.RaftStorageDirectory (RaftStorageDirectory.java:tryLock(328)) - Lock on /workdir/hadoop-ozone/integration-test/target/test-dir/MiniOzoneClusterImpl-df511d4d-48d9-413f-91af-5a600e7276fd/datanode-0/data/ratis/dba7b7e9-16e2-4661-b591-738f74ef0c8c/in_use.lock acquired by nodename 25148@pr-hdds-1975-spxzp-3193579258
2019-08-20 15:34:28,491 [pool-159-thread-1] INFO  storage.RaftStorageDirectory (RaftStorageDirectory.java:tryLock(328)) - Lock on /workdir/hadoop-ozone/integration-test/target/test-dir/MiniOzoneClusterImpl-df511d4d-48d9-413f-91af-5a600e7276fd/datanode-1/data/ratis/076a2a7d-9497-42db-b3eb-4736da5b1f3e/in_use.lock acquired by nodename 25148@pr-hdds-1975-spxzp-3193579258
2019-08-20 15:34:28,492 [pool-170-thread-1] INFO  ratis.ContainerStateMachine (ContainerStateMachine.java:loadSnapshot(222)) - group-3B924DAE9753: The snapshot info is null. Setting the last applied indexto:(t:0, i:~)
2019-08-20 15:34:28,493 [pool-148-thread-1] INFO  ratis.ContainerStateMachine (ContainerStateMachine.java:loadSnapshot(222)) - group-738F74EF0C8C: The snapshot info is null. Setting the last applied indexto:(t:0, i:~)
2019-08-20 15:34:28,493 [pool-159-thread-1] INFO  ratis.ContainerStateMachine (ContainerStateMachine.java:loadSnapshot(222)) - group-4736DA5B1F3E: The snapshot info is null. Setting the last applied indexto:(t:0, i:~)
2019-08-20 15:34:28,493 [pool-148-thread-1] INFO  server.RaftServerConfigKeys (ConfUtils.java:logGet(43)) - raft.server.leader.election.timeout = 120s (custom)
2019-08-20 15:34:28,493 [pool-170-thread-1] INFO  server.RaftServerConfigKeys (ConfUtils.java:logGet(43)) - raft.server.leader.election.timeout = 120s (custom)
2019-08-20 15:34:28,493 [pool-148-thread-1] INFO  server.RaftServerConfigKeys (ConfUtils.java:logGet(43)) - raft.server.log.use.memory = false (default)
2019-08-20 15:34:28,493 [pool-159-thread-1] INFO  server.RaftServerConfigKeys (ConfUtils.java:logGet(43)) - raft.server.leader.election.timeout = 120s (custom)
2019-08-20 15:34:28,493 [pool-148-thread-1] INFO  server.RaftServerConfigKeys (ConfUtils.java:logGet(43)) - raft.server.log.purge.gap = 1000000 (custom)
2019-08-20 15:34:28,493 [pool-170-thread-1] INFO  server.RaftServerConfigKeys (ConfUtils.java:logGet(43)) - raft.server.log.use.memory = false (default)
2019-08-20 15:34:28,494 [pool-148-thread-1] INFO  server.RaftServerConfigKeys (ConfUtils.java:logGet(43)) - raft.server.log.appender.buffer.byte-limit = 33554432 (custom)
2019-08-20 15:34:28,494 [pool-159-thread-1] INFO  server.RaftServerConfigKeys (ConfUtils.java:logGet(43)) - raft.server.log.use.memory = false (default)
2019-08-20 15:34:28,494 [pool-148-thread-1] INFO  server.RaftServerConfigKeys (ConfUtils.java:logGet(43)) - raft.server.log.segment.size.max = 1048576 (custom)
2019-08-20 15:34:28,494 [pool-170-thread-1] INFO  server.RaftServerConfigKeys (ConfUtils.java:logGet(43)) - raft.server.log.purge.gap = 1000000 (custom)
2019-08-20 15:34:28,494 [pool-148-thread-1] INFO  server.RaftServerConfigKeys (ConfUtils.java:logGet(43)) - raft.server.log.segment.cache.num.max = 2 (custom)
2019-08-20 15:34:28,494 [pool-159-thread-1] INFO  server.RaftServerConfigKeys (ConfUtils.java:logGet(43)) - raft.server.log.purge.gap = 1000000 (custom)
2019-08-20 15:34:28,495 [pool-148-thread-1] INFO  segmented.SegmentedRaftLogWorker (SegmentedRaftLogWorker.java:<init>(172)) - new 296c1fec-8611-41bc-86b3-34db6a97fa03-SegmentedRaftLogWorker:Storage Directory /workdir/hadoop-ozone/integration-test/target/test-dir/MiniOzoneClusterImpl-df511d4d-48d9-413f-91af-5a600e7276fd/datanode-0/data/ratis/dba7b7e9-16e2-4661-b591-738f74ef0c8c for RaftStorage:Storage Directory /workdir/hadoop-ozone/integration-test/target/test-dir/MiniOzoneClusterImpl-df511d4d-48d9-413f-91af-5a600e7276fd/datanode-0/data/ratis/dba7b7e9-16e2-4661-b591-738f74ef0c8c
2019-08-20 15:34:28,494 [pool-170-thread-1] INFO  server.RaftServerConfigKeys (ConfUtils.java:logGet(43)) - raft.server.log.appender.buffer.byte-limit = 33554432 (custom)
2019-08-20 15:34:28,495 [pool-148-thread-1] INFO  server.RaftServerConfigKeys (ConfUtils.java:logGet(43)) - raft.server.log.queue.byte-limit = 2147483647 (custom)
2019-08-20 15:34:28,495 [pool-159-thread-1] INFO  server.RaftServerConfigKeys (ConfUtils.java:logGet(43)) - raft.server.log.appender.buffer.byte-limit = 33554432 (custom)
2019-08-20 15:34:28,495 [pool-148-thread-1] INFO  server.RaftServerConfigKeys (ConfUtils.java:logGet(43)) - raft.server.log.queue.element-limit = 1024 (custom)
2019-08-20 15:34:28,495 [pool-170-thread-1] INFO  server.RaftServerConfigKeys (ConfUtils.java:logGet(43)) - raft.server.log.segment.size.max = 1048576 (custom)
2019-08-20 15:34:28,496 [pool-148-thread-1] INFO  server.RaftServerConfigKeys (ConfUtils.java:logGet(43)) - raft.server.log.segment.size.max = 1048576 (custom)
2019-08-20 15:34:28,495 [pool-159-thread-1] INFO  server.RaftServerConfigKeys (ConfUtils.java:logGet(43)) - raft.server.log.segment.size.max = 1048576 (custom)
2019-08-20 15:34:28,496 [pool-148-thread-1] INFO  server.RaftServerConfigKeys (ConfUtils.java:logGet(43)) - raft.server.log.preallocated.size = 16384 (custom)
2019-08-20 15:34:28,496 [pool-170-thread-1] INFO  server.RaftServerConfigKeys (ConfUtils.java:logGet(43)) - raft.server.log.segment.cache.num.max = 2 (custom)
2019-08-20 15:34:28,496 [pool-148-thread-1] INFO  server.RaftServerConfigKeys (ConfUtils.java:logGet(43)) - raft.server.log.write.buffer.size = 33554432 (custom)
2019-08-20 15:34:28,496 [pool-159-thread-1] INFO  server.RaftServerConfigKeys (ConfUtils.java:logGet(43)) - raft.server.log.segment.cache.num.max = 2 (custom)
2019-08-20 15:34:28,497 [pool-148-thread-1] INFO  server.RaftServerConfigKeys (ConfUtils.java:logGet(43)) - raft.server.log.force.sync.num = 128 (default)
2019-08-20 15:34:28,496 [pool-170-thread-1] INFO  segmented.SegmentedRaftLogWorker (SegmentedRaftLogWorker.java:<init>(172)) - new 22408b8b-2596-4e0e-b1a4-1a1860f88c8a-SegmentedRaftLogWorker:Storage Directory /workdir/hadoop-ozone/integration-test/target/test-dir/MiniOzoneClusterImpl-df511d4d-48d9-413f-91af-5a600e7276fd/datanode-2/data/ratis/26731607-97ff-47b9-9503-3b924dae9753 for RaftStorage:Storage Directory /workdir/hadoop-ozone/integration-test/target/test-dir/MiniOzoneClusterImpl-df511d4d-48d9-413f-91af-5a600e7276fd/datanode-2/data/ratis/26731607-97ff-47b9-9503-3b924dae9753
2019-08-20 15:34:28,497 [pool-148-thread-1] INFO  server.RaftServerConfigKeys (ConfUtils.java:logGet(43)) - raft.server.log.statemachine.data.sync = true (default)
2019-08-20 15:34:28,497 [pool-159-thread-1] INFO  segmented.SegmentedRaftLogWorker (SegmentedRaftLogWorker.java:<init>(172)) - new 5a997197-d6d4-45cd-8357-040721935652-SegmentedRaftLogWorker:Storage Directory /workdir/hadoop-ozone/integration-test/target/test-dir/MiniOzoneClusterImpl-df511d4d-48d9-413f-91af-5a600e7276fd/datanode-1/data/ratis/076a2a7d-9497-42db-b3eb-4736da5b1f3e for RaftStorage:Storage Directory /workdir/hadoop-ozone/integration-test/target/test-dir/MiniOzoneClusterImpl-df511d4d-48d9-413f-91af-5a600e7276fd/datanode-1/data/ratis/076a2a7d-9497-42db-b3eb-4736da5b1f3e
2019-08-20 15:34:28,497 [pool-148-thread-1] INFO  server.RaftServerConfigKeys (ConfUtils.java:logGet(43)) - raft.server.log.statemachine.data.sync.timeout = 10s (default)
2019-08-20 15:34:28,497 [pool-170-thread-1] INFO  server.RaftServerConfigKeys (ConfUtils.java:logGet(43)) - raft.server.log.queue.byte-limit = 2147483647 (custom)
2019-08-20 15:34:28,497 [pool-148-thread-1] INFO  server.RaftServerConfigKeys (ConfUtils.java:logGet(43)) - raft.server.log.statemachine.data.sync.timeout.retry = -1 (default)
2019-08-20 15:34:28,497 [pool-159-thread-1] INFO  server.RaftServerConfigKeys (ConfUtils.java:logGet(43)) - raft.server.log.queue.byte-limit = 2147483647 (custom)
2019-08-20 15:34:28,498 [pool-148-thread-1] INFO  server.RaftServerConfigKeys (ConfUtils.java:logGet(43)) - raft.server.log.statemachine.data.caching.enabled = true (custom)
2019-08-20 15:34:28,498 [pool-170-thread-1] INFO  server.RaftServerConfigKeys (ConfUtils.java:logGet(43)) - raft.server.log.queue.element-limit = 1024 (custom)
2019-08-20 15:34:28,498 [pool-159-thread-1] INFO  server.RaftServerConfigKeys (ConfUtils.java:logGet(43)) - raft.server.log.queue.element-limit = 1024 (custom)
2019-08-20 15:34:28,498 [pool-170-thread-1] INFO  server.RaftServerConfigKeys (ConfUtils.java:logGet(43)) - raft.server.log.segment.size.max = 1048576 (custom)
2019-08-20 15:34:28,498 [pool-159-thread-1] INFO  server.RaftServerConfigKeys (ConfUtils.java:logGet(43)) - raft.server.log.segment.size.max = 1048576 (custom)
2019-08-20 15:34:28,498 [pool-170-thread-1] INFO  server.RaftServerConfigKeys (ConfUtils.java:logGet(43)) - raft.server.log.preallocated.size = 16384 (custom)
2019-08-20 15:34:28,499 [pool-159-thread-1] INFO  server.RaftServerConfigKeys (ConfUtils.java:logGet(43)) - raft.server.log.preallocated.size = 16384 (custom)
2019-08-20 15:34:28,499 [pool-170-thread-1] INFO  server.RaftServerConfigKeys (ConfUtils.java:logGet(43)) - raft.server.log.write.buffer.size = 33554432 (custom)
2019-08-20 15:34:28,499 [pool-159-thread-1] INFO  server.RaftServerConfigKeys (ConfUtils.java:logGet(43)) - raft.server.log.write.buffer.size = 33554432 (custom)
2019-08-20 15:34:28,499 [pool-170-thread-1] INFO  server.RaftServerConfigKeys (ConfUtils.java:logGet(43)) - raft.server.log.force.sync.num = 128 (default)
2019-08-20 15:34:28,499 [pool-159-thread-1] INFO  server.RaftServerConfigKeys (ConfUtils.java:logGet(43)) - raft.server.log.force.sync.num = 128 (default)
2019-08-20 15:34:28,499 [pool-170-thread-1] INFO  server.RaftServerConfigKeys (ConfUtils.java:logGet(43)) - raft.server.log.statemachine.data.sync = true (default)
2019-08-20 15:34:28,499 [pool-159-thread-1] INFO  server.RaftServerConfigKeys (ConfUtils.java:logGet(43)) - raft.server.log.statemachine.data.sync = true (default)
2019-08-20 15:34:28,500 [pool-170-thread-1] INFO  server.RaftServerConfigKeys (ConfUtils.java:logGet(43)) - raft.server.log.statemachine.data.sync.timeout = 10s (default)
2019-08-20 15:34:28,500 [pool-159-thread-1] INFO  server.RaftServerConfigKeys (ConfUtils.java:logGet(43)) - raft.server.log.statemachine.data.sync.timeout = 10s (default)
2019-08-20 15:34:28,500 [pool-170-thread-1] INFO  server.RaftServerConfigKeys (ConfUtils.java:logGet(43)) - raft.server.log.statemachine.data.sync.timeout.retry = -1 (default)
2019-08-20 15:34:28,500 [pool-159-thread-1] INFO  server.RaftServerConfigKeys (ConfUtils.java:logGet(43)) - raft.server.log.statemachine.data.sync.timeout.retry = -1 (default)
2019-08-20 15:34:28,500 [pool-170-thread-1] INFO  server.RaftServerConfigKeys (ConfUtils.java:logGet(43)) - raft.server.log.statemachine.data.caching.enabled = true (custom)
2019-08-20 15:34:28,500 [pool-159-thread-1] INFO  server.RaftServerConfigKeys (ConfUtils.java:logGet(43)) - raft.server.log.statemachine.data.caching.enabled = true (custom)
2019-08-20 15:34:28,507 [pool-170-thread-1] INFO  impl.RaftServerImpl (ServerState.java:setRaftConf(361)) - 22408b8b-2596-4e0e-b1a4-1a1860f88c8a:group-3B924DAE9753 set configuration 0: [22408b8b-2596-4e0e-b1a4-1a1860f88c8a:192.168.69.100:38420], old=null at 0
2019-08-20 15:34:28,507 [pool-159-thread-1] INFO  impl.RaftServerImpl (ServerState.java:setRaftConf(361)) - 5a997197-d6d4-45cd-8357-040721935652:group-4736DA5B1F3E set configuration 0: [5a997197-d6d4-45cd-8357-040721935652:192.168.69.100:40112], old=null at 0
2019-08-20 15:34:28,507 [pool-148-thread-1] INFO  impl.RaftServerImpl (ServerState.java:setRaftConf(361)) - 296c1fec-8611-41bc-86b3-34db6a97fa03:group-738F74EF0C8C set configuration 0: [296c1fec-8611-41bc-86b3-34db6a97fa03:192.168.69.100:35973], old=null at 0
2019-08-20 15:34:28,508 [pool-170-thread-1] INFO  segmented.LogSegment (LogSegment.java:loadSegment(145)) - Successfully read 1 entries from segment file /workdir/hadoop-ozone/integration-test/target/test-dir/MiniOzoneClusterImpl-df511d4d-48d9-413f-91af-5a600e7276fd/datanode-2/data/ratis/26731607-97ff-47b9-9503-3b924dae9753/current/log_inprogress_0
2019-08-20 15:34:28,508 [pool-159-thread-1] INFO  segmented.LogSegment (LogSegment.java:loadSegment(145)) - Successfully read 1 entries from segment file /workdir/hadoop-ozone/integration-test/target/test-dir/MiniOzoneClusterImpl-df511d4d-48d9-413f-91af-5a600e7276fd/datanode-1/data/ratis/076a2a7d-9497-42db-b3eb-4736da5b1f3e/current/log_inprogress_0
2019-08-20 15:34:28,509 [pool-170-thread-1] INFO  segmented.SegmentedRaftLogWorker (SegmentedRaftLogWorker.java:lambda$new$0(132)) - 22408b8b-2596-4e0e-b1a4-1a1860f88c8a-SegmentedRaftLogWorker:Storage Directory /workdir/hadoop-ozone/integration-test/target/test-dir/MiniOzoneClusterImpl-df511d4d-48d9-413f-91af-5a600e7276fd/datanode-2/data/ratis/26731607-97ff-47b9-9503-3b924dae9753: flushIndex: setUnconditionally 0 -> 0
2019-08-20 15:34:28,509 [pool-159-thread-1] INFO  segmented.SegmentedRaftLogWorker (SegmentedRaftLogWorker.java:lambda$new$0(132)) - 5a997197-d6d4-45cd-8357-040721935652-SegmentedRaftLogWorker:Storage Directory /workdir/hadoop-ozone/integration-test/target/test-dir/MiniOzoneClusterImpl-df511d4d-48d9-413f-91af-5a600e7276fd/datanode-1/data/ratis/076a2a7d-9497-42db-b3eb-4736da5b1f3e: flushIndex: setUnconditionally 0 -> 0
2019-08-20 15:34:28,509 [pool-148-thread-1] INFO  segmented.LogSegment (LogSegment.java:loadSegment(145)) - Successfully read 1 entries from segment file /workdir/hadoop-ozone/integration-test/target/test-dir/MiniOzoneClusterImpl-df511d4d-48d9-413f-91af-5a600e7276fd/datanode-0/data/ratis/dba7b7e9-16e2-4661-b591-738f74ef0c8c/current/log_inprogress_0
2019-08-20 15:34:28,510 [pool-148-thread-1] INFO  segmented.SegmentedRaftLogWorker (SegmentedRaftLogWorker.java:lambda$new$0(132)) - 296c1fec-8611-41bc-86b3-34db6a97fa03-SegmentedRaftLogWorker:Storage Directory /workdir/hadoop-ozone/integration-test/target/test-dir/MiniOzoneClusterImpl-df511d4d-48d9-413f-91af-5a600e7276fd/datanode-0/data/ratis/dba7b7e9-16e2-4661-b591-738f74ef0c8c: flushIndex: setUnconditionally 0 -> 0
2019-08-20 15:34:28,535 [pool-170-thread-1] INFO  server.RaftServerConfigKeys (ConfUtils.java:logGet(43)) - raft.server.snapshot.auto.trigger.enabled = true (custom)
2019-08-20 15:34:28,535 [pool-170-thread-1] INFO  server.RaftServerConfigKeys (ConfUtils.java:logGet(43)) - raft.server.snapshot.auto.trigger.threshold = 10000 (custom)
2019-08-20 15:34:28,536 [pool-170-thread-1] INFO  server.RaftServerConfigKeys (ConfUtils.java:logGet(43)) - raft.server.retrycache.expirytime = 600000ms (custom)
2019-08-20 15:34:28,538 [pool-170-thread-1] INFO  impl.RaftServerImpl (RaftServerImpl.java:<init>(93)) - 22408b8b-2596-4e0e-b1a4-1a1860f88c8a: new RaftServerImpl for group-4A7875C0C235:[] with ContainerStateMachine:uninitialized
2019-08-20 15:34:28,538 [pool-170-thread-1] INFO  server.RaftServerConfigKeys (ConfUtils.java:logGet(43)) - raft.server.rpc.timeout.min = 5s (custom)
2019-08-20 15:34:28,539 [pool-170-thread-1] INFO  server.RaftServerConfigKeys (ConfUtils.java:logGet(43)) - raft.server.rpc.timeout.max = 5200ms (custom)
2019-08-20 15:34:28,539 [pool-170-thread-1] INFO  server.RaftServerConfigKeys (ConfUtils.java:logGet(43)) - raft.server.rpcslowness.timeout = 120s (custom)
2019-08-20 15:34:28,539 [pool-170-thread-1] INFO  server.RaftServerConfigKeys (ConfUtils.java:logGet(43)) - raft.server.sleep.deviation.threshold = 300 (default)
2019-08-20 15:34:28,539 [pool-170-thread-1] INFO  server.RaftServerConfigKeys (ConfUtils.java:logGet(43)) - raft.server.log.appender.install.snapshot.enabled = false (custom)
2019-08-20 15:34:28,539 [pool-170-thread-1] INFO  impl.RaftServerImpl (ServerState.java:<init>(105)) - 22408b8b-2596-4e0e-b1a4-1a1860f88c8a:group-4A7875C0C235 ConfigurationManager, init=-1: [], old=null, confs=<EMPTY_MAP>
2019-08-20 15:34:28,539 [pool-170-thread-1] INFO  server.RaftServerConfigKeys (ConfUtils.java:logGet(43)) - raft.server.storage.dir = [/workdir/hadoop-ozone/integration-test/target/test-dir/MiniOzoneClusterImpl-df511d4d-48d9-413f-91af-5a600e7276fd/datanode-2/data/ratis] (custom)
2019-08-20 15:34:28,542 [pool-159-thread-1] INFO  server.RaftServerConfigKeys (ConfUtils.java:logGet(43)) - raft.server.snapshot.auto.trigger.enabled = true (custom)
2019-08-20 15:34:28,543 [pool-159-thread-1] INFO  server.RaftServerConfigKeys (ConfUtils.java:logGet(43)) - raft.server.snapshot.auto.trigger.threshold = 10000 (custom)
2019-08-20 15:34:28,543 [pool-148-thread-1] INFO  server.RaftServerConfigKeys (ConfUtils.java:logGet(43)) - raft.server.snapshot.auto.trigger.enabled = true (custom)
2019-08-20 15:34:28,543 [pool-159-thread-1] INFO  server.RaftServerConfigKeys (ConfUtils.java:logGet(43)) - raft.server.retrycache.expirytime = 600000ms (custom)
2019-08-20 15:34:28,543 [pool-148-thread-1] INFO  server.RaftServerConfigKeys (ConfUtils.java:logGet(43)) - raft.server.snapshot.auto.trigger.threshold = 10000 (custom)
2019-08-20 15:34:28,543 [pool-148-thread-1] INFO  server.RaftServerConfigKeys (ConfUtils.java:logGet(43)) - raft.server.retrycache.expirytime = 600000ms (custom)
2019-08-20 15:34:28,544 [pool-159-thread-1] INFO  impl.RaftServerImpl (RaftServerImpl.java:<init>(93)) - 5a997197-d6d4-45cd-8357-040721935652: new RaftServerImpl for group-4A7875C0C235:[] with ContainerStateMachine:uninitialized
2019-08-20 15:34:28,544 [pool-159-thread-1] INFO  server.RaftServerConfigKeys (ConfUtils.java:logGet(43)) - raft.server.rpc.timeout.min = 5s (custom)
2019-08-20 15:34:28,544 [pool-159-thread-1] INFO  server.RaftServerConfigKeys (ConfUtils.java:logGet(43)) - raft.server.rpc.timeout.max = 5200ms (custom)
2019-08-20 15:34:28,544 [pool-159-thread-1] INFO  server.RaftServerConfigKeys (ConfUtils.java:logGet(43)) - raft.server.rpcslowness.timeout = 120s (custom)
2019-08-20 15:34:28,545 [pool-148-thread-1] INFO  impl.RaftServerImpl (RaftServerImpl.java:<init>(93)) - 296c1fec-8611-41bc-86b3-34db6a97fa03: new RaftServerImpl for group-4A7875C0C235:[] with ContainerStateMachine:uninitialized
2019-08-20 15:34:28,545 [pool-159-thread-1] INFO  server.RaftServerConfigKeys (ConfUtils.java:logGet(43)) - raft.server.sleep.deviation.threshold = 300 (default)
2019-08-20 15:34:28,545 [pool-148-thread-1] INFO  server.RaftServerConfigKeys (ConfUtils.java:logGet(43)) - raft.server.rpc.timeout.min = 5s (custom)
2019-08-20 15:34:28,545 [pool-159-thread-1] INFO  server.RaftServerConfigKeys (ConfUtils.java:logGet(43)) - raft.server.log.appender.install.snapshot.enabled = false (custom)
2019-08-20 15:34:28,545 [pool-148-thread-1] INFO  server.RaftServerConfigKeys (ConfUtils.java:logGet(43)) - raft.server.rpc.timeout.max = 5200ms (custom)
2019-08-20 15:34:28,545 [pool-159-thread-1] INFO  impl.RaftServerImpl (ServerState.java:<init>(105)) - 5a997197-d6d4-45cd-8357-040721935652:group-4A7875C0C235 ConfigurationManager, init=-1: [], old=null, confs=<EMPTY_MAP>
2019-08-20 15:34:28,545 [pool-148-thread-1] INFO  server.RaftServerConfigKeys (ConfUtils.java:logGet(43)) - raft.server.rpcslowness.timeout = 120s (custom)
2019-08-20 15:34:28,545 [pool-159-thread-1] INFO  server.RaftServerConfigKeys (ConfUtils.java:logGet(43)) - raft.server.storage.dir = [/workdir/hadoop-ozone/integration-test/target/test-dir/MiniOzoneClusterImpl-df511d4d-48d9-413f-91af-5a600e7276fd/datanode-1/data/ratis] (custom)
2019-08-20 15:34:28,545 [pool-148-thread-1] INFO  server.RaftServerConfigKeys (ConfUtils.java:logGet(43)) - raft.server.sleep.deviation.threshold = 300 (default)
2019-08-20 15:34:28,545 [pool-148-thread-1] INFO  server.RaftServerConfigKeys (ConfUtils.java:logGet(43)) - raft.server.log.appender.install.snapshot.enabled = false (custom)
2019-08-20 15:34:28,546 [pool-148-thread-1] INFO  impl.RaftServerImpl (ServerState.java:<init>(105)) - 296c1fec-8611-41bc-86b3-34db6a97fa03:group-4A7875C0C235 ConfigurationManager, init=-1: [], old=null, confs=<EMPTY_MAP>
2019-08-20 15:34:28,546 [pool-148-thread-1] INFO  server.RaftServerConfigKeys (ConfUtils.java:logGet(43)) - raft.server.storage.dir = [/workdir/hadoop-ozone/integration-test/target/test-dir/MiniOzoneClusterImpl-df511d4d-48d9-413f-91af-5a600e7276fd/datanode-0/data/ratis] (custom)
2019-08-20 15:34:28,570 [pool-159-thread-1] INFO  storage.RaftStorageDirectory (RaftStorageDirectory.java:tryLock(328)) - Lock on /workdir/hadoop-ozone/integration-test/target/test-dir/MiniOzoneClusterImpl-df511d4d-48d9-413f-91af-5a600e7276fd/datanode-1/data/ratis/bc3c5bcd-130d-425e-8e13-4a7875c0c235/in_use.lock acquired by nodename 25148@pr-hdds-1975-spxzp-3193579258
2019-08-20 15:34:28,571 [pool-159-thread-1] INFO  ratis.ContainerStateMachine (ContainerStateMachine.java:loadSnapshot(222)) - group-4A7875C0C235: The snapshot info is null. Setting the last applied indexto:(t:0, i:~)
2019-08-20 15:34:28,571 [pool-159-thread-1] INFO  server.RaftServerConfigKeys (ConfUtils.java:logGet(43)) - raft.server.leader.election.timeout = 120s (custom)
2019-08-20 15:34:28,571 [pool-159-thread-1] INFO  server.RaftServerConfigKeys (ConfUtils.java:logGet(43)) - raft.server.log.use.memory = false (default)
2019-08-20 15:34:28,571 [pool-159-thread-1] INFO  server.RaftServerConfigKeys (ConfUtils.java:logGet(43)) - raft.server.log.purge.gap = 1000000 (custom)
2019-08-20 15:34:28,572 [pool-159-thread-1] INFO  server.RaftServerConfigKeys (ConfUtils.java:logGet(43)) - raft.server.log.appender.buffer.byte-limit = 33554432 (custom)
2019-08-20 15:34:28,572 [pool-159-thread-1] INFO  server.RaftServerConfigKeys (ConfUtils.java:logGet(43)) - raft.server.log.segment.size.max = 1048576 (custom)
2019-08-20 15:34:28,572 [pool-159-thread-1] INFO  server.RaftServerConfigKeys (ConfUtils.java:logGet(43)) - raft.server.log.segment.cache.num.max = 2 (custom)
2019-08-20 15:34:28,572 [pool-159-thread-1] INFO  segmented.SegmentedRaftLogWorker (SegmentedRaftLogWorker.java:<init>(172)) - new 5a997197-d6d4-45cd-8357-040721935652-SegmentedRaftLogWorker:Storage Directory /workdir/hadoop-ozone/integration-test/target/test-dir/MiniOzoneClusterImpl-df511d4d-48d9-413f-91af-5a600e7276fd/datanode-1/data/ratis/bc3c5bcd-130d-425e-8e13-4a7875c0c235 for RaftStorage:Storage Directory /workdir/hadoop-ozone/integration-test/target/test-dir/MiniOzoneClusterImpl-df511d4d-48d9-413f-91af-5a600e7276fd/datanode-1/data/ratis/bc3c5bcd-130d-425e-8e13-4a7875c0c235
2019-08-20 15:34:28,572 [pool-159-thread-1] INFO  server.RaftServerConfigKeys (ConfUtils.java:logGet(43)) - raft.server.log.queue.byte-limit = 2147483647 (custom)
2019-08-20 15:34:28,572 [pool-159-thread-1] INFO  server.RaftServerConfigKeys (ConfUtils.java:logGet(43)) - raft.server.log.queue.element-limit = 1024 (custom)
2019-08-20 15:34:28,572 [pool-159-thread-1] INFO  server.RaftServerConfigKeys (ConfUtils.java:logGet(43)) - raft.server.log.segment.size.max = 1048576 (custom)
2019-08-20 15:34:28,572 [pool-159-thread-1] INFO  server.RaftServerConfigKeys (ConfUtils.java:logGet(43)) - raft.server.log.preallocated.size = 16384 (custom)
2019-08-20 15:34:28,572 [pool-159-thread-1] INFO  server.RaftServerConfigKeys (ConfUtils.java:logGet(43)) - raft.server.log.write.buffer.size = 33554432 (custom)
2019-08-20 15:34:28,573 [pool-159-thread-1] INFO  server.RaftServerConfigKeys (ConfUtils.java:logGet(43)) - raft.server.log.force.sync.num = 128 (default)
2019-08-20 15:34:28,573 [pool-159-thread-1] INFO  server.RaftServerConfigKeys (ConfUtils.java:logGet(43)) - raft.server.log.statemachine.data.sync = true (default)
2019-08-20 15:34:28,573 [pool-159-thread-1] INFO  server.RaftServerConfigKeys (ConfUtils.java:logGet(43)) - raft.server.log.statemachine.data.sync.timeout = 10s (default)
2019-08-20 15:34:28,573 [pool-159-thread-1] INFO  server.RaftServerConfigKeys (ConfUtils.java:logGet(43)) - raft.server.log.statemachine.data.sync.timeout.retry = -1 (default)
2019-08-20 15:34:28,573 [pool-159-thread-1] INFO  server.RaftServerConfigKeys (ConfUtils.java:logGet(43)) - raft.server.log.statemachine.data.caching.enabled = true (custom)
2019-08-20 15:34:28,574 [pool-159-thread-1] INFO  impl.RaftServerImpl (ServerState.java:setRaftConf(361)) - 5a997197-d6d4-45cd-8357-040721935652:group-4A7875C0C235 set configuration 0: [296c1fec-8611-41bc-86b3-34db6a97fa03:192.168.69.100:35973, 5a997197-d6d4-45cd-8357-040721935652:192.168.69.100:40112, 22408b8b-2596-4e0e-b1a4-1a1860f88c8a:192.168.69.100:38420], old=null at 0
2019-08-20 15:34:28,574 [pool-159-thread-1] INFO  segmented.LogSegment (LogSegment.java:loadSegment(145)) - Successfully read 1 entries from segment file /workdir/hadoop-ozone/integration-test/target/test-dir/MiniOzoneClusterImpl-df511d4d-48d9-413f-91af-5a600e7276fd/datanode-1/data/ratis/bc3c5bcd-130d-425e-8e13-4a7875c0c235/current/log_inprogress_0
2019-08-20 15:34:28,574 [pool-159-thread-1] INFO  segmented.SegmentedRaftLogWorker (SegmentedRaftLogWorker.java:lambda$new$0(132)) - 5a997197-d6d4-45cd-8357-040721935652-SegmentedRaftLogWorker:Storage Directory /workdir/hadoop-ozone/integration-test/target/test-dir/MiniOzoneClusterImpl-df511d4d-48d9-413f-91af-5a600e7276fd/datanode-1/data/ratis/bc3c5bcd-130d-425e-8e13-4a7875c0c235: flushIndex: setUnconditionally 0 -> 0
2019-08-20 15:34:28,598 [pool-159-thread-1] INFO  server.RaftServerConfigKeys (ConfUtils.java:logGet(43)) - raft.server.snapshot.auto.trigger.enabled = true (custom)
2019-08-20 15:34:28,599 [pool-159-thread-1] INFO  server.RaftServerConfigKeys (ConfUtils.java:logGet(43)) - raft.server.snapshot.auto.trigger.threshold = 10000 (custom)
2019-08-20 15:34:28,599 [pool-159-thread-1] INFO  server.RaftServerConfigKeys (ConfUtils.java:logGet(43)) - raft.server.retrycache.expirytime = 600000ms (custom)
2019-08-20 15:34:29,802 | INFO  | SCMAudit | user=jenkins1000 | ip=192.168.69.100 | op=GET_VERSION null | ret=SUCCESS |  
2019-08-20 15:34:29,803 [Datanode State Machine Thread - 0] INFO  ozoneimpl.OzoneContainer (OzoneContainer.java:start(186)) - Attempting to start container services.
2019-08-20 15:34:29,804 [Datanode State Machine Thread - 0] INFO  ozoneimpl.OzoneContainer (OzoneContainer.java:startContainerScrub(160)) - Background container scrubber has been disabled by hdds.containerscrub.enabled
2019-08-20 15:34:29,805 [Datanode State Machine Thread - 0] INFO  ratis.XceiverServerRatis (XceiverServerRatis.java:start(404)) - Starting XceiverServerRatis 296c1fec-8611-41bc-86b3-34db6a97fa03 at port 35973
2019-08-20 15:34:30,053 | INFO  | SCMAudit | user=jenkins1000 | ip=192.168.69.100 | op=GET_VERSION null | ret=SUCCESS |  
2019-08-20 15:34:30,054 [Datanode State Machine Thread - 0] INFO  ozoneimpl.OzoneContainer (OzoneContainer.java:start(186)) - Attempting to start container services.
2019-08-20 15:34:30,055 [Datanode State Machine Thread - 0] INFO  ozoneimpl.OzoneContainer (OzoneContainer.java:startContainerScrub(160)) - Background container scrubber has been disabled by hdds.containerscrub.enabled
2019-08-20 15:34:30,055 [Datanode State Machine Thread - 0] INFO  ratis.XceiverServerRatis (XceiverServerRatis.java:start(404)) - Starting XceiverServerRatis 5a997197-d6d4-45cd-8357-040721935652 at port 40112
2019-08-20 15:34:30,062 [Datanode State Machine Thread - 0] INFO  impl.RaftServerImpl (RaftServerImpl.java:start(180)) - 5a997197-d6d4-45cd-8357-040721935652: start group-4A7875C0C235
2019-08-20 15:34:30,062 [ForkJoinPool.commonPool-worker-0] INFO  impl.RaftServerImpl (RaftServerImpl.java:start(180)) - 5a997197-d6d4-45cd-8357-040721935652: start group-4736DA5B1F3E
2019-08-20 15:34:30,063 [Datanode State Machine Thread - 0] INFO  impl.RaftServerImpl (RaftServerImpl.java:setRole(171)) - 5a997197-d6d4-45cd-8357-040721935652:group-4A7875C0C235 changes role from null to FOLLOWER at term 1 for startAsFollower
2019-08-20 15:34:30,064 [ForkJoinPool.commonPool-worker-0] INFO  impl.RaftServerImpl (RaftServerImpl.java:setRole(171)) - 5a997197-d6d4-45cd-8357-040721935652:group-4736DA5B1F3E changes role from null to FOLLOWER at term 1 for startAsFollower
2019-08-20 15:34:30,064 [Datanode State Machine Thread - 0] INFO  impl.RoleInfo (RoleInfo.java:updateAndGet(143)) - 5a997197-d6d4-45cd-8357-040721935652: start FollowerState
2019-08-20 15:34:30,064 [ForkJoinPool.commonPool-worker-0] INFO  impl.RoleInfo (RoleInfo.java:updateAndGet(143)) - 5a997197-d6d4-45cd-8357-040721935652: start FollowerState
2019-08-20 15:34:30,066 [Datanode State Machine Thread - 0] INFO  util.JmxRegister (JmxRegister.java:tryRegister(44)) - Successfully registered JMX Bean with object name Ratis:service=RaftServer,group=group-4A7875C0C235,id=5a997197-d6d4-45cd-8357-040721935652
2019-08-20 15:34:30,066 [ForkJoinPool.commonPool-worker-0] INFO  util.JmxRegister (JmxRegister.java:tryRegister(44)) - Successfully registered JMX Bean with object name Ratis:service=RaftServer,group=group-4736DA5B1F3E,id=5a997197-d6d4-45cd-8357-040721935652
2019-08-20 15:34:30,067 [Datanode State Machine Thread - 0] INFO  impl.RaftServerProxy (RaftServerProxy.java:lambda$start$3(299)) - 5a997197-d6d4-45cd-8357-040721935652: start RPC server
2019-08-20 15:34:30,073 [Datanode State Machine Thread - 0] INFO  server.GrpcService (GrpcService.java:startImpl(149)) - 5a997197-d6d4-45cd-8357-040721935652: GrpcService started, listening on 0.0.0.0/0.0.0.0:40112
2019-08-20 15:34:30,373 | INFO  | SCMAudit | user=jenkins1000 | ip=192.168.69.100 | op=GET_VERSION null | ret=SUCCESS |  
2019-08-20 15:34:30,374 [Datanode State Machine Thread - 0] INFO  ozoneimpl.OzoneContainer (OzoneContainer.java:start(186)) - Attempting to start container services.
2019-08-20 15:34:30,374 [Datanode State Machine Thread - 0] INFO  ozoneimpl.OzoneContainer (OzoneContainer.java:startContainerScrub(160)) - Background container scrubber has been disabled by hdds.containerscrub.enabled
2019-08-20 15:34:30,375 [Datanode State Machine Thread - 0] INFO  ratis.XceiverServerRatis (XceiverServerRatis.java:start(404)) - Starting XceiverServerRatis 22408b8b-2596-4e0e-b1a4-1a1860f88c8a at port 38420
2019-08-20 15:34:32,060 | INFO  | SCMAudit | user=jenkins1000 | ip=192.168.69.100 | op=REGISTER {datanodeDetails=5a997197-d6d4-45cd-8357-040721935652{ip: 192.168.69.100, host: pr-hdds-1975-spxzp-3193579258, networkLocation: /default-rack, certSerialId: null}} | ret=SUCCESS |  
2019-08-20 15:34:32,082 [grpc-default-executor-0] INFO  impl.RaftServerProxy (RaftServerProxy.java:remove(95)) - 5a997197-d6d4-45cd-8357-040721935652: remove FOLLOWER group-4A7875C0C235 5a997197-d6d4-45cd-8357-040721935652:t1, leader=null, voted=5a997197-d6d4-45cd-8357-040721935652, raftlog=5a997197-d6d4-45cd-8357-040721935652-SegmentedRaftLog:OPENED:c-1,f0,i0, conf=0: [296c1fec-8611-41bc-86b3-34db6a97fa03:192.168.69.100:35973, 5a997197-d6d4-45cd-8357-040721935652:192.168.69.100:40112, 22408b8b-2596-4e0e-b1a4-1a1860f88c8a:192.168.69.100:38420], old=null RUNNING
2019-08-20 15:34:32,083 [grpc-default-executor-0] INFO  impl.RaftServerImpl (RaftServerImpl.java:lambda$shutdown$3(245)) - 5a997197-d6d4-45cd-8357-040721935652: shutdown group-4A7875C0C235
2019-08-20 15:34:32,083 [grpc-default-executor-0] INFO  util.JmxRegister (JmxRegister.java:unregister(73)) - Successfully un-registered JMX Bean with object name Ratis:service=RaftServer,group=group-4A7875C0C235,id=5a997197-d6d4-45cd-8357-040721935652
2019-08-20 15:34:32,083 [grpc-default-executor-0] INFO  impl.RoleInfo (RoleInfo.java:shutdownFollowerState(121)) - 5a997197-d6d4-45cd-8357-040721935652: shutdown FollowerState
2019-08-20 15:34:32,084 [grpc-default-executor-0] INFO  impl.StateMachineUpdater (StateMachineUpdater.java:stopAndJoin(115)) - StateMachineUpdater:5a997197-d6d4-45cd-8357-040721935652:group-4A7875C0C235: set stopIndex = -1
2019-08-20 15:34:32,084 [Thread-582] INFO  impl.FollowerState (FollowerState.java:run(114)) - 5a997197-d6d4-45cd-8357-040721935652: FollowerState was interrupted: java.lang.InterruptedException: sleep interrupted
2019-08-20 15:34:32,084 [grpc-default-executor-0] INFO  impl.RaftServerImpl (ServerState.java:close(394)) - 5a997197-d6d4-45cd-8357-040721935652:group-4A7875C0C235 closes. The last applied log index is -1
2019-08-20 15:34:32,085 [5a997197-d6d4-45cd-8357-040721935652-SegmentedRaftLogWorker:Storage Directory /workdir/hadoop-ozone/integration-test/target/test-dir/MiniOzoneClusterImpl-df511d4d-48d9-413f-91af-5a600e7276fd/datanode-1/data/ratis/bc3c5bcd-130d-425e-8e13-4a7875c0c235] INFO  segmented.SegmentedRaftLogWorker (SegmentedRaftLogWorker.java:run(313)) - 5a997197-d6d4-45cd-8357-040721935652-SegmentedRaftLogWorker:Storage Directory /workdir/hadoop-ozone/integration-test/target/test-dir/MiniOzoneClusterImpl-df511d4d-48d9-413f-91af-5a600e7276fd/datanode-1/data/ratis/bc3c5bcd-130d-425e-8e13-4a7875c0c235 was interrupted, exiting. There are 0 tasks remaining in the queue.
2019-08-20 15:34:32,087 [grpc-default-executor-0] INFO  segmented.SegmentedRaftLogWorker (SegmentedRaftLogWorker.java:close(228)) - 5a997197-d6d4-45cd-8357-040721935652-SegmentedRaftLogWorker:Storage Directory /workdir/hadoop-ozone/integration-test/target/test-dir/MiniOzoneClusterImpl-df511d4d-48d9-413f-91af-5a600e7276fd/datanode-1/data/ratis/bc3c5bcd-130d-425e-8e13-4a7875c0c235 close()
2019-08-20 15:34:33,648 [pool-148-thread-1] INFO  storage.RaftStorageDirectory (RaftStorageDirectory.java:tryLock(328)) - Lock on /workdir/hadoop-ozone/integration-test/target/test-dir/MiniOzoneClusterImpl-df511d4d-48d9-413f-91af-5a600e7276fd/datanode-0/data/ratis/bc3c5bcd-130d-425e-8e13-4a7875c0c235/in_use.lock acquired by nodename 25148@pr-hdds-1975-spxzp-3193579258
2019-08-20 15:34:33,649 [pool-148-thread-1] INFO  ratis.ContainerStateMachine (ContainerStateMachine.java:loadSnapshot(222)) - group-4A7875C0C235: The snapshot info is null. Setting the last applied indexto:(t:0, i:~)
2019-08-20 15:34:33,649 [pool-148-thread-1] INFO  server.RaftServerConfigKeys (ConfUtils.java:logGet(43)) - raft.server.leader.election.timeout = 120s (custom)
2019-08-20 15:34:33,649 [pool-148-thread-1] INFO  server.RaftServerConfigKeys (ConfUtils.java:logGet(43)) - raft.server.log.use.memory = false (default)
2019-08-20 15:34:33,649 [pool-148-thread-1] INFO  server.RaftServerConfigKeys (ConfUtils.java:logGet(43)) - raft.server.log.purge.gap = 1000000 (custom)
2019-08-20 15:34:33,650 [pool-148-thread-1] INFO  server.RaftServerConfigKeys (ConfUtils.java:logGet(43)) - raft.server.log.appender.buffer.byte-limit = 33554432 (custom)
2019-08-20 15:34:33,650 [pool-148-thread-1] INFO  server.RaftServerConfigKeys (ConfUtils.java:logGet(43)) - raft.server.log.segment.size.max = 1048576 (custom)
2019-08-20 15:34:33,650 [pool-148-thread-1] INFO  server.RaftServerConfigKeys (ConfUtils.java:logGet(43)) - raft.server.log.segment.cache.num.max = 2 (custom)
2019-08-20 15:34:33,650 [pool-148-thread-1] INFO  segmented.SegmentedRaftLogWorker (SegmentedRaftLogWorker.java:<init>(172)) - new 296c1fec-8611-41bc-86b3-34db6a97fa03-SegmentedRaftLogWorker:Storage Directory /workdir/hadoop-ozone/integration-test/target/test-dir/MiniOzoneClusterImpl-df511d4d-48d9-413f-91af-5a600e7276fd/datanode-0/data/ratis/bc3c5bcd-130d-425e-8e13-4a7875c0c235 for RaftStorage:Storage Directory /workdir/hadoop-ozone/integration-test/target/test-dir/MiniOzoneClusterImpl-df511d4d-48d9-413f-91af-5a600e7276fd/datanode-0/data/ratis/bc3c5bcd-130d-425e-8e13-4a7875c0c235
2019-08-20 15:34:33,650 [pool-148-thread-1] INFO  server.RaftServerConfigKeys (ConfUtils.java:logGet(43)) - raft.server.log.queue.byte-limit = 2147483647 (custom)
2019-08-20 15:34:33,650 [pool-148-thread-1] INFO  server.RaftServerConfigKeys (ConfUtils.java:logGet(43)) - raft.server.log.queue.element-limit = 1024 (custom)
2019-08-20 15:34:33,651 [pool-148-thread-1] INFO  server.RaftServerConfigKeys (ConfUtils.java:logGet(43)) - raft.server.log.segment.size.max = 1048576 (custom)
2019-08-20 15:34:33,651 [pool-148-thread-1] INFO  server.RaftServerConfigKeys (ConfUtils.java:logGet(43)) - raft.server.log.preallocated.size = 16384 (custom)
2019-08-20 15:34:33,651 [pool-148-thread-1] INFO  server.RaftServerConfigKeys (ConfUtils.java:logGet(43)) - raft.server.log.write.buffer.size = 33554432 (custom)
2019-08-20 15:34:33,651 [pool-148-thread-1] INFO  server.RaftServerConfigKeys (ConfUtils.java:logGet(43)) - raft.server.log.force.sync.num = 128 (default)
2019-08-20 15:34:33,651 [pool-148-thread-1] INFO  server.RaftServerConfigKeys (ConfUtils.java:logGet(43)) - raft.server.log.statemachine.data.sync = true (default)
2019-08-20 15:34:33,652 [pool-148-thread-1] INFO  server.RaftServerConfigKeys (ConfUtils.java:logGet(43)) - raft.server.log.statemachine.data.sync.timeout = 10s (default)
2019-08-20 15:34:33,652 [pool-148-thread-1] INFO  server.RaftServerConfigKeys (ConfUtils.java:logGet(43)) - raft.server.log.statemachine.data.sync.timeout.retry = -1 (default)
2019-08-20 15:34:33,652 [pool-148-thread-1] INFO  server.RaftServerConfigKeys (ConfUtils.java:logGet(43)) - raft.server.log.statemachine.data.caching.enabled = true (custom)
2019-08-20 15:34:33,653 [pool-148-thread-1] INFO  impl.RaftServerImpl (ServerState.java:setRaftConf(361)) - 296c1fec-8611-41bc-86b3-34db6a97fa03:group-4A7875C0C235 set configuration 0: [296c1fec-8611-41bc-86b3-34db6a97fa03:192.168.69.100:35973, 5a997197-d6d4-45cd-8357-040721935652:192.168.69.100:40112, 22408b8b-2596-4e0e-b1a4-1a1860f88c8a:192.168.69.100:38420], old=null at 0
2019-08-20 15:34:33,653 [pool-148-thread-1] INFO  segmented.LogSegment (LogSegment.java:loadSegment(145)) - Successfully read 1 entries from segment file /workdir/hadoop-ozone/integration-test/target/test-dir/MiniOzoneClusterImpl-df511d4d-48d9-413f-91af-5a600e7276fd/datanode-0/data/ratis/bc3c5bcd-130d-425e-8e13-4a7875c0c235/current/log_inprogress_0
2019-08-20 15:34:33,653 [pool-148-thread-1] INFO  segmented.SegmentedRaftLogWorker (SegmentedRaftLogWorker.java:lambda$new$0(132)) - 296c1fec-8611-41bc-86b3-34db6a97fa03-SegmentedRaftLogWorker:Storage Directory /workdir/hadoop-ozone/integration-test/target/test-dir/MiniOzoneClusterImpl-df511d4d-48d9-413f-91af-5a600e7276fd/datanode-0/data/ratis/bc3c5bcd-130d-425e-8e13-4a7875c0c235: flushIndex: setUnconditionally 0 -> 0
2019-08-20 15:34:33,686 [pool-148-thread-1] INFO  server.RaftServerConfigKeys (ConfUtils.java:logGet(43)) - raft.server.snapshot.auto.trigger.enabled = true (custom)
2019-08-20 15:34:33,686 [pool-148-thread-1] INFO  server.RaftServerConfigKeys (ConfUtils.java:logGet(43)) - raft.server.snapshot.auto.trigger.threshold = 10000 (custom)
2019-08-20 15:34:33,686 [pool-148-thread-1] INFO  server.RaftServerConfigKeys (ConfUtils.java:logGet(43)) - raft.server.retrycache.expirytime = 600000ms (custom)
2019-08-20 15:34:33,687 [Datanode State Machine Thread - 0] INFO  impl.RaftServerImpl (RaftServerImpl.java:start(180)) - 296c1fec-8611-41bc-86b3-34db6a97fa03: start group-4A7875C0C235
2019-08-20 15:34:33,687 [ForkJoinPool.commonPool-worker-1] INFO  impl.RaftServerImpl (RaftServerImpl.java:start(180)) - 296c1fec-8611-41bc-86b3-34db6a97fa03: start group-738F74EF0C8C
2019-08-20 15:34:33,689 [Datanode State Machine Thread - 0] INFO  impl.RaftServerImpl (RaftServerImpl.java:setRole(171)) - 296c1fec-8611-41bc-86b3-34db6a97fa03:group-4A7875C0C235 changes role from null to FOLLOWER at term 1 for startAsFollower
2019-08-20 15:34:33,691 [ForkJoinPool.commonPool-worker-1] INFO  impl.RaftServerImpl (RaftServerImpl.java:setRole(171)) - 296c1fec-8611-41bc-86b3-34db6a97fa03:group-738F74EF0C8C changes role from null to FOLLOWER at term 1 for startAsFollower
2019-08-20 15:34:33,691 [Datanode State Machine Thread - 0] INFO  impl.RoleInfo (RoleInfo.java:updateAndGet(143)) - 296c1fec-8611-41bc-86b3-34db6a97fa03: start FollowerState
2019-08-20 15:34:33,691 [ForkJoinPool.commonPool-worker-1] INFO  impl.RoleInfo (RoleInfo.java:updateAndGet(143)) - 296c1fec-8611-41bc-86b3-34db6a97fa03: start FollowerState
2019-08-20 15:34:33,692 [ForkJoinPool.commonPool-worker-1] INFO  util.JmxRegister (JmxRegister.java:tryRegister(44)) - Successfully registered JMX Bean with object name Ratis:service=RaftServer,group=group-738F74EF0C8C,id=296c1fec-8611-41bc-86b3-34db6a97fa03
2019-08-20 15:34:33,692 [Datanode State Machine Thread - 0] INFO  util.JmxRegister (JmxRegister.java:tryRegister(44)) - Successfully registered JMX Bean with object name Ratis:service=RaftServer,group=group-4A7875C0C235,id=296c1fec-8611-41bc-86b3-34db6a97fa03
2019-08-20 15:34:33,695 [Datanode State Machine Thread - 0] INFO  impl.RaftServerProxy (RaftServerProxy.java:lambda$start$3(299)) - 296c1fec-8611-41bc-86b3-34db6a97fa03: start RPC server
2019-08-20 15:34:33,698 [Datanode State Machine Thread - 0] INFO  server.GrpcService (GrpcService.java:startImpl(149)) - 296c1fec-8611-41bc-86b3-34db6a97fa03: GrpcService started, listening on 0.0.0.0/0.0.0.0:35973
2019-08-20 15:34:33,725 [pool-170-thread-1] INFO  storage.RaftStorageDirectory (RaftStorageDirectory.java:tryLock(328)) - Lock on /workdir/hadoop-ozone/integration-test/target/test-dir/MiniOzoneClusterImpl-df511d4d-48d9-413f-91af-5a600e7276fd/datanode-2/data/ratis/bc3c5bcd-130d-425e-8e13-4a7875c0c235/in_use.lock acquired by nodename 25148@pr-hdds-1975-spxzp-3193579258
2019-08-20 15:34:33,726 [pool-170-thread-1] INFO  ratis.ContainerStateMachine (ContainerStateMachine.java:loadSnapshot(222)) - group-4A7875C0C235: The snapshot info is null. Setting the last applied indexto:(t:0, i:~)
2019-08-20 15:34:33,727 [pool-170-thread-1] INFO  server.RaftServerConfigKeys (ConfUtils.java:logGet(43)) - raft.server.leader.election.timeout = 120s (custom)
2019-08-20 15:34:33,727 [pool-170-thread-1] INFO  server.RaftServerConfigKeys (ConfUtils.java:logGet(43)) - raft.server.log.use.memory = false (default)
2019-08-20 15:34:33,727 [pool-170-thread-1] INFO  server.RaftServerConfigKeys (ConfUtils.java:logGet(43)) - raft.server.log.purge.gap = 1000000 (custom)
2019-08-20 15:34:33,727 [pool-170-thread-1] INFO  server.RaftServerConfigKeys (ConfUtils.java:logGet(43)) - raft.server.log.appender.buffer.byte-limit = 33554432 (custom)
2019-08-20 15:34:33,727 [pool-170-thread-1] INFO  server.RaftServerConfigKeys (ConfUtils.java:logGet(43)) - raft.server.log.segment.size.max = 1048576 (custom)
2019-08-20 15:34:33,728 [pool-170-thread-1] INFO  server.RaftServerConfigKeys (ConfUtils.java:logGet(43)) - raft.server.log.segment.cache.num.max = 2 (custom)
2019-08-20 15:34:33,728 [pool-170-thread-1] INFO  segmented.SegmentedRaftLogWorker (SegmentedRaftLogWorker.java:<init>(172)) - new 22408b8b-2596-4e0e-b1a4-1a1860f88c8a-SegmentedRaftLogWorker:Storage Directory /workdir/hadoop-ozone/integration-test/target/test-dir/MiniOzoneClusterImpl-df511d4d-48d9-413f-91af-5a600e7276fd/datanode-2/data/ratis/bc3c5bcd-130d-425e-8e13-4a7875c0c235 for RaftStorage:Storage Directory /workdir/hadoop-ozone/integration-test/target/test-dir/MiniOzoneClusterImpl-df511d4d-48d9-413f-91af-5a600e7276fd/datanode-2/data/ratis/bc3c5bcd-130d-425e-8e13-4a7875c0c235
2019-08-20 15:34:33,728 [pool-170-thread-1] INFO  server.RaftServerConfigKeys (ConfUtils.java:logGet(43)) - raft.server.log.queue.byte-limit = 2147483647 (custom)
2019-08-20 15:34:33,728 [pool-170-thread-1] INFO  server.RaftServerConfigKeys (ConfUtils.java:logGet(43)) - raft.server.log.queue.element-limit = 1024 (custom)
2019-08-20 15:34:33,729 [pool-170-thread-1] INFO  server.RaftServerConfigKeys (ConfUtils.java:logGet(43)) - raft.server.log.segment.size.max = 1048576 (custom)
2019-08-20 15:34:33,729 [pool-170-thread-1] INFO  server.RaftServerConfigKeys (ConfUtils.java:logGet(43)) - raft.server.log.preallocated.size = 16384 (custom)
2019-08-20 15:34:33,729 [pool-170-thread-1] INFO  server.RaftServerConfigKeys (ConfUtils.java:logGet(43)) - raft.server.log.write.buffer.size = 33554432 (custom)
2019-08-20 15:34:33,729 [pool-170-thread-1] INFO  server.RaftServerConfigKeys (ConfUtils.java:logGet(43)) - raft.server.log.force.sync.num = 128 (default)
2019-08-20 15:34:33,729 [pool-170-thread-1] INFO  server.RaftServerConfigKeys (ConfUtils.java:logGet(43)) - raft.server.log.statemachine.data.sync = true (default)
2019-08-20 15:34:33,729 [pool-170-thread-1] INFO  server.RaftServerConfigKeys (ConfUtils.java:logGet(43)) - raft.server.log.statemachine.data.sync.timeout = 10s (default)
2019-08-20 15:34:33,730 [pool-170-thread-1] INFO  server.RaftServerConfigKeys (ConfUtils.java:logGet(43)) - raft.server.log.statemachine.data.sync.timeout.retry = -1 (default)
2019-08-20 15:34:33,730 [pool-170-thread-1] INFO  server.RaftServerConfigKeys (ConfUtils.java:logGet(43)) - raft.server.log.statemachine.data.caching.enabled = true (custom)
2019-08-20 15:34:33,748 [pool-170-thread-1] INFO  impl.RaftServerImpl (ServerState.java:setRaftConf(361)) - 22408b8b-2596-4e0e-b1a4-1a1860f88c8a:group-4A7875C0C235 set configuration 0: [296c1fec-8611-41bc-86b3-34db6a97fa03:192.168.69.100:35973, 5a997197-d6d4-45cd-8357-040721935652:192.168.69.100:40112, 22408b8b-2596-4e0e-b1a4-1a1860f88c8a:192.168.69.100:38420], old=null at 0
2019-08-20 15:34:33,749 [pool-170-thread-1] INFO  segmented.LogSegment (LogSegment.java:loadSegment(145)) - Successfully read 1 entries from segment file /workdir/hadoop-ozone/integration-test/target/test-dir/MiniOzoneClusterImpl-df511d4d-48d9-413f-91af-5a600e7276fd/datanode-2/data/ratis/bc3c5bcd-130d-425e-8e13-4a7875c0c235/current/log_inprogress_0
2019-08-20 15:34:33,749 [pool-170-thread-1] INFO  segmented.SegmentedRaftLogWorker (SegmentedRaftLogWorker.java:lambda$new$0(132)) - 22408b8b-2596-4e0e-b1a4-1a1860f88c8a-SegmentedRaftLogWorker:Storage Directory /workdir/hadoop-ozone/integration-test/target/test-dir/MiniOzoneClusterImpl-df511d4d-48d9-413f-91af-5a600e7276fd/datanode-2/data/ratis/bc3c5bcd-130d-425e-8e13-4a7875c0c235: flushIndex: setUnconditionally 0 -> 0
2019-08-20 15:34:33,778 [pool-170-thread-1] INFO  server.RaftServerConfigKeys (ConfUtils.java:logGet(43)) - raft.server.snapshot.auto.trigger.enabled = true (custom)
2019-08-20 15:34:33,778 [pool-170-thread-1] INFO  server.RaftServerConfigKeys (ConfUtils.java:logGet(43)) - raft.server.snapshot.auto.trigger.threshold = 10000 (custom)
2019-08-20 15:34:33,778 [pool-170-thread-1] INFO  server.RaftServerConfigKeys (ConfUtils.java:logGet(43)) - raft.server.retrycache.expirytime = 600000ms (custom)
2019-08-20 15:34:33,779 [Datanode State Machine Thread - 0] INFO  impl.RaftServerImpl (RaftServerImpl.java:start(180)) - 22408b8b-2596-4e0e-b1a4-1a1860f88c8a: start group-3B924DAE9753
2019-08-20 15:34:33,779 [ForkJoinPool.commonPool-worker-1] INFO  impl.RaftServerImpl (RaftServerImpl.java:start(180)) - 22408b8b-2596-4e0e-b1a4-1a1860f88c8a: start group-4A7875C0C235
2019-08-20 15:34:33,781 [Datanode State Machine Thread - 0] INFO  impl.RaftServerImpl (RaftServerImpl.java:setRole(171)) - 22408b8b-2596-4e0e-b1a4-1a1860f88c8a:group-3B924DAE9753 changes role from null to FOLLOWER at term 1 for startAsFollower
2019-08-20 15:34:33,782 [ForkJoinPool.commonPool-worker-1] INFO  impl.RaftServerImpl (RaftServerImpl.java:setRole(171)) - 22408b8b-2596-4e0e-b1a4-1a1860f88c8a:group-4A7875C0C235 changes role from null to FOLLOWER at term 1 for startAsFollower
2019-08-20 15:34:33,782 [Datanode State Machine Thread - 0] INFO  impl.RoleInfo (RoleInfo.java:updateAndGet(143)) - 22408b8b-2596-4e0e-b1a4-1a1860f88c8a: start FollowerState
2019-08-20 15:34:33,782 [ForkJoinPool.commonPool-worker-1] INFO  impl.RoleInfo (RoleInfo.java:updateAndGet(143)) - 22408b8b-2596-4e0e-b1a4-1a1860f88c8a: start FollowerState
2019-08-20 15:34:33,783 [Datanode State Machine Thread - 0] INFO  util.JmxRegister (JmxRegister.java:tryRegister(44)) - Successfully registered JMX Bean with object name Ratis:service=RaftServer,group=group-3B924DAE9753,id=22408b8b-2596-4e0e-b1a4-1a1860f88c8a
2019-08-20 15:34:33,783 [ForkJoinPool.commonPool-worker-1] INFO  util.JmxRegister (JmxRegister.java:tryRegister(44)) - Successfully registered JMX Bean with object name Ratis:service=RaftServer,group=group-4A7875C0C235,id=22408b8b-2596-4e0e-b1a4-1a1860f88c8a
2019-08-20 15:34:33,786 [Datanode State Machine Thread - 0] INFO  impl.RaftServerProxy (RaftServerProxy.java:lambda$start$3(299)) - 22408b8b-2596-4e0e-b1a4-1a1860f88c8a: start RPC server
2019-08-20 15:34:33,786 [Datanode State Machine Thread - 0] INFO  server.GrpcService (GrpcService.java:startImpl(149)) - 22408b8b-2596-4e0e-b1a4-1a1860f88c8a: GrpcService started, listening on 0.0.0.0/0.0.0.0:38420
2019-08-20 15:34:33,803 | INFO  | SCMAudit | user=jenkins1000 | ip=192.168.69.100 | op=REGISTER {datanodeDetails=296c1fec-8611-41bc-86b3-34db6a97fa03{ip: 192.168.69.100, host: pr-hdds-1975-spxzp-3193579258, networkLocation: /default-rack, certSerialId: null}} | ret=SUCCESS |  
2019-08-20 15:34:33,814 [grpc-default-executor-0] INFO  impl.RaftServerProxy (RaftServerProxy.java:remove(95)) - 296c1fec-8611-41bc-86b3-34db6a97fa03: remove FOLLOWER group-4A7875C0C235 296c1fec-8611-41bc-86b3-34db6a97fa03:t1, leader=null, voted=5a997197-d6d4-45cd-8357-040721935652, raftlog=296c1fec-8611-41bc-86b3-34db6a97fa03-SegmentedRaftLog:OPENED:c-1,f0,i0, conf=0: [296c1fec-8611-41bc-86b3-34db6a97fa03:192.168.69.100:35973, 5a997197-d6d4-45cd-8357-040721935652:192.168.69.100:40112, 22408b8b-2596-4e0e-b1a4-1a1860f88c8a:192.168.69.100:38420], old=null RUNNING
2019-08-20 15:34:33,814 [grpc-default-executor-0] INFO  impl.RaftServerImpl (RaftServerImpl.java:lambda$shutdown$3(245)) - 296c1fec-8611-41bc-86b3-34db6a97fa03: shutdown group-4A7875C0C235
2019-08-20 15:34:33,815 [grpc-default-executor-0] INFO  util.JmxRegister (JmxRegister.java:unregister(73)) - Successfully un-registered JMX Bean with object name Ratis:service=RaftServer,group=group-4A7875C0C235,id=296c1fec-8611-41bc-86b3-34db6a97fa03
2019-08-20 15:34:33,815 [grpc-default-executor-0] INFO  impl.RoleInfo (RoleInfo.java:shutdownFollowerState(121)) - 296c1fec-8611-41bc-86b3-34db6a97fa03: shutdown FollowerState
2019-08-20 15:34:33,815 [grpc-default-executor-0] INFO  impl.StateMachineUpdater (StateMachineUpdater.java:stopAndJoin(115)) - StateMachineUpdater:296c1fec-8611-41bc-86b3-34db6a97fa03:group-4A7875C0C235: set stopIndex = -1
2019-08-20 15:34:33,815 [Thread-586] INFO  impl.FollowerState (FollowerState.java:run(114)) - 296c1fec-8611-41bc-86b3-34db6a97fa03: FollowerState was interrupted: java.lang.InterruptedException: sleep interrupted
2019-08-20 15:34:33,815 [grpc-default-executor-0] INFO  impl.RaftServerImpl (ServerState.java:close(394)) - 296c1fec-8611-41bc-86b3-34db6a97fa03:group-4A7875C0C235 closes. The last applied log index is -1
2019-08-20 15:34:33,817 [296c1fec-8611-41bc-86b3-34db6a97fa03-SegmentedRaftLogWorker:Storage Directory /workdir/hadoop-ozone/integration-test/target/test-dir/MiniOzoneClusterImpl-df511d4d-48d9-413f-91af-5a600e7276fd/datanode-0/data/ratis/bc3c5bcd-130d-425e-8e13-4a7875c0c235] INFO  segmented.SegmentedRaftLogWorker (SegmentedRaftLogWorker.java:run(313)) - 296c1fec-8611-41bc-86b3-34db6a97fa03-SegmentedRaftLogWorker:Storage Directory /workdir/hadoop-ozone/integration-test/target/test-dir/MiniOzoneClusterImpl-df511d4d-48d9-413f-91af-5a600e7276fd/datanode-0/data/ratis/bc3c5bcd-130d-425e-8e13-4a7875c0c235 was interrupted, exiting. There are 0 tasks remaining in the queue.
2019-08-20 15:34:33,818 [grpc-default-executor-0] INFO  segmented.SegmentedRaftLogWorker (SegmentedRaftLogWorker.java:close(228)) - 296c1fec-8611-41bc-86b3-34db6a97fa03-SegmentedRaftLogWorker:Storage Directory /workdir/hadoop-ozone/integration-test/target/test-dir/MiniOzoneClusterImpl-df511d4d-48d9-413f-91af-5a600e7276fd/datanode-0/data/ratis/bc3c5bcd-130d-425e-8e13-4a7875c0c235 close()
2019-08-20 15:34:34,054 | INFO  | SCMAudit | user=jenkins1000 | ip=192.168.69.100 | op=SEND_HEARTBEAT {datanodeUUID=5a997197-d6d4-45cd-8357-040721935652, command=[]} | ret=SUCCESS |  
2019-08-20 15:34:34,374 | INFO  | SCMAudit | user=jenkins1000 | ip=192.168.69.100 | op=REGISTER {datanodeDetails=22408b8b-2596-4e0e-b1a4-1a1860f88c8a{ip: 192.168.69.100, host: pr-hdds-1975-spxzp-3193579258, networkLocation: /default-rack, certSerialId: null}} | ret=SUCCESS |  
2019-08-20 15:34:34,383 [grpc-default-executor-0] INFO  impl.RaftServerProxy (RaftServerProxy.java:remove(95)) - 22408b8b-2596-4e0e-b1a4-1a1860f88c8a: remove FOLLOWER group-4A7875C0C235 22408b8b-2596-4e0e-b1a4-1a1860f88c8a:t1, leader=null, voted=5a997197-d6d4-45cd-8357-040721935652, raftlog=22408b8b-2596-4e0e-b1a4-1a1860f88c8a-SegmentedRaftLog:OPENED:c-1,f0,i0, conf=0: [296c1fec-8611-41bc-86b3-34db6a97fa03:192.168.69.100:35973, 5a997197-d6d4-45cd-8357-040721935652:192.168.69.100:40112, 22408b8b-2596-4e0e-b1a4-1a1860f88c8a:192.168.69.100:38420], old=null RUNNING
2019-08-20 15:34:34,384 [grpc-default-executor-0] INFO  impl.RaftServerImpl (RaftServerImpl.java:lambda$shutdown$3(245)) - 22408b8b-2596-4e0e-b1a4-1a1860f88c8a: shutdown group-4A7875C0C235
2019-08-20 15:34:34,384 [grpc-default-executor-0] INFO  util.JmxRegister (JmxRegister.java:unregister(73)) - Successfully un-registered JMX Bean with object name Ratis:service=RaftServer,group=group-4A7875C0C235,id=22408b8b-2596-4e0e-b1a4-1a1860f88c8a
2019-08-20 15:34:34,384 [grpc-default-executor-0] INFO  impl.RoleInfo (RoleInfo.java:shutdownFollowerState(121)) - 22408b8b-2596-4e0e-b1a4-1a1860f88c8a: shutdown FollowerState
2019-08-20 15:34:34,385 [grpc-default-executor-0] INFO  impl.StateMachineUpdater (StateMachineUpdater.java:stopAndJoin(115)) - StateMachineUpdater:22408b8b-2596-4e0e-b1a4-1a1860f88c8a:group-4A7875C0C235: set stopIndex = -1
2019-08-20 15:34:34,385 [Thread-590] INFO  impl.FollowerState (FollowerState.java:run(114)) - 22408b8b-2596-4e0e-b1a4-1a1860f88c8a: FollowerState was interrupted: java.lang.InterruptedException: sleep interrupted
2019-08-20 15:34:34,385 [grpc-default-executor-0] INFO  impl.RaftServerImpl (ServerState.java:close(394)) - 22408b8b-2596-4e0e-b1a4-1a1860f88c8a:group-4A7875C0C235 closes. The last applied log index is -1
2019-08-20 15:34:34,386 [22408b8b-2596-4e0e-b1a4-1a1860f88c8a-SegmentedRaftLogWorker:Storage Directory /workdir/hadoop-ozone/integration-test/target/test-dir/MiniOzoneClusterImpl-df511d4d-48d9-413f-91af-5a600e7276fd/datanode-2/data/ratis/bc3c5bcd-130d-425e-8e13-4a7875c0c235] INFO  segmented.SegmentedRaftLogWorker (SegmentedRaftLogWorker.java:run(313)) - 22408b8b-2596-4e0e-b1a4-1a1860f88c8a-SegmentedRaftLogWorker:Storage Directory /workdir/hadoop-ozone/integration-test/target/test-dir/MiniOzoneClusterImpl-df511d4d-48d9-413f-91af-5a600e7276fd/datanode-2/data/ratis/bc3c5bcd-130d-425e-8e13-4a7875c0c235 was interrupted, exiting. There are 0 tasks remaining in the queue.
2019-08-20 15:34:34,388 [grpc-default-executor-0] INFO  segmented.SegmentedRaftLogWorker (SegmentedRaftLogWorker.java:close(228)) - 22408b8b-2596-4e0e-b1a4-1a1860f88c8a-SegmentedRaftLogWorker:Storage Directory /workdir/hadoop-ozone/integration-test/target/test-dir/MiniOzoneClusterImpl-df511d4d-48d9-413f-91af-5a600e7276fd/datanode-2/data/ratis/bc3c5bcd-130d-425e-8e13-4a7875c0c235 close()
2019-08-20 15:34:34,744 [grpc-default-executor-0] INFO  impl.RaftServerProxy (RaftServerProxy.java:addNew(89)) - 5a997197-d6d4-45cd-8357-040721935652: addNew group-7FC683919504:[5a997197-d6d4-45cd-8357-040721935652:192.168.69.100:40112] returns group-7FC683919504:java.util.concurrent.CompletableFuture@51e33566[Not completed]
2019-08-20 15:34:34,746 [pool-159-thread-1] INFO  impl.RaftServerImpl (RaftServerImpl.java:<init>(93)) - 5a997197-d6d4-45cd-8357-040721935652: new RaftServerImpl for group-7FC683919504:[5a997197-d6d4-45cd-8357-040721935652:192.168.69.100:40112] with ContainerStateMachine:uninitialized
2019-08-20 15:34:34,746 [pool-159-thread-1] INFO  server.RaftServerConfigKeys (ConfUtils.java:logGet(43)) - raft.server.rpc.timeout.min = 5s (custom)
2019-08-20 15:34:34,746 [pool-159-thread-1] INFO  server.RaftServerConfigKeys (ConfUtils.java:logGet(43)) - raft.server.rpc.timeout.max = 5200ms (custom)
2019-08-20 15:34:34,746 [pool-159-thread-1] INFO  server.RaftServerConfigKeys (ConfUtils.java:logGet(43)) - raft.server.rpcslowness.timeout = 120s (custom)
2019-08-20 15:34:34,746 [pool-159-thread-1] INFO  server.RaftServerConfigKeys (ConfUtils.java:logGet(43)) - raft.server.sleep.deviation.threshold = 300 (default)
2019-08-20 15:34:34,747 [pool-159-thread-1] INFO  server.RaftServerConfigKeys (ConfUtils.java:logGet(43)) - raft.server.log.appender.install.snapshot.enabled = false (custom)
2019-08-20 15:34:34,747 [pool-159-thread-1] INFO  impl.RaftServerImpl (ServerState.java:<init>(105)) - 5a997197-d6d4-45cd-8357-040721935652:group-7FC683919504 ConfigurationManager, init=-1: [5a997197-d6d4-45cd-8357-040721935652:192.168.69.100:40112], old=null, confs=<EMPTY_MAP>
2019-08-20 15:34:34,747 [pool-159-thread-1] INFO  server.RaftServerConfigKeys (ConfUtils.java:logGet(43)) - raft.server.storage.dir = [/workdir/hadoop-ozone/integration-test/target/test-dir/MiniOzoneClusterImpl-df511d4d-48d9-413f-91af-5a600e7276fd/datanode-1/data/ratis] (custom)
2019-08-20 15:34:34,747 [pool-159-thread-1] INFO  storage.RaftStorageDirectory (RaftStorageDirectory.java:analyzeStorage(246)) - The storage directory /workdir/hadoop-ozone/integration-test/target/test-dir/MiniOzoneClusterImpl-df511d4d-48d9-413f-91af-5a600e7276fd/datanode-1/data/ratis/8b79fb2f-3dbf-4e6d-b5fb-7fc683919504 does not exist. Creating ...
2019-08-20 15:34:35,054 | INFO  | SCMAudit | user=jenkins1000 | ip=192.168.69.100 | op=SEND_HEARTBEAT {datanodeUUID=5a997197-d6d4-45cd-8357-040721935652, command=[]} | ret=SUCCESS |  
2019-08-20 15:34:35,138 [Thread-583] INFO  impl.FollowerState (FollowerState.java:run(106)) - 5a997197-d6d4-45cd-8357-040721935652:group-4736DA5B1F3E changes to CANDIDATE, lastRpcTime:5073, electionTimeout:5073ms
2019-08-20 15:34:35,138 [Thread-583] INFO  impl.RoleInfo (RoleInfo.java:shutdownFollowerState(121)) - 5a997197-d6d4-45cd-8357-040721935652: shutdown FollowerState
2019-08-20 15:34:35,138 [Thread-583] INFO  impl.RaftServerImpl (RaftServerImpl.java:setRole(171)) - 5a997197-d6d4-45cd-8357-040721935652:group-4736DA5B1F3E changes role from FOLLOWER to CANDIDATE at term 1 for changeToCandidate
2019-08-20 15:34:35,138 [Thread-583] INFO  impl.RoleInfo (RoleInfo.java:updateAndGet(143)) - 5a997197-d6d4-45cd-8357-040721935652: start LeaderElection
2019-08-20 15:34:35,413 [main] INFO  ozone.MiniOzoneClusterImpl (MiniOzoneClusterImpl.java:shutdown(321)) - Shutting down the Mini Ozone Cluster
2019-08-20 15:34:35,414 | INFO  | SCMAudit | user=null | ip=null | op=GET_SCM_INFO null | ret=SUCCESS |  
2019-08-20 15:34:35,414 [main] INFO  ozone.MiniOzoneClusterImpl (MiniOzoneClusterImpl.java:stop(336)) - Stopping the Mini Ozone Cluster
2019-08-20 15:34:35,414 [main] INFO  ozone.MiniOzoneClusterImpl (MiniOzoneClusterImpl.java:stop(338)) - Stopping the OzoneManager
2019-08-20 15:34:35,415 [main] INFO  ipc.Server (Server.java:stop(3082)) - Stopping server on 33926
2019-08-20 15:34:35,427 [main] INFO  ratis.OzoneManagerDoubleBuffer (OzoneManagerDoubleBuffer.java:stop(248)) - Stopping OMDoubleBuffer flush thread
2019-08-20 15:34:35,428 [IPC Server listener on 33926] INFO  ipc.Server (Server.java:run(1185)) - Stopping IPC Server listener on 33926
2019-08-20 15:34:35,429 [IPC Server Responder] INFO  ipc.Server (Server.java:run(1319)) - Stopping IPC Server Responder
2019-08-20 15:34:35,439 [OMDoubleBufferFlushThread] INFO  ratis.OzoneManagerDoubleBuffer (OzoneManagerDoubleBuffer.java:flushTransactions(191)) - OMDoubleBuffer flush thread OMDoubleBufferFlushThread is interrupted and will exit. OMDoubleBufferFlushThread
2019-08-20 15:34:35,440 [main] INFO  utils.BackgroundService (BackgroundService.java:shutdown(148)) - Shutting down service KeyDeletingService
2019-08-20 15:34:35,445 [main] INFO  handler.ContextHandler (ContextHandler.java:doStop(910)) - Stopped o.e.j.w.WebAppContext@3137324b{/,null,UNAVAILABLE}{/ozoneManager}
2019-08-20 15:34:35,446 [main] INFO  server.AbstractConnector (AbstractConnector.java:doStop(318)) - Stopped ServerConnector@69b991a2{HTTP/1.1,[http/1.1]}{0.0.0.0:0}
2019-08-20 15:34:35,447 [main] INFO  handler.ContextHandler (ContextHandler.java:doStop(910)) - Stopped o.e.j.s.ServletContextHandler@71d8ed13{/static,file:///workdir/hadoop-ozone/integration-test/target/test-classes/webapps/static,UNAVAILABLE}
2019-08-20 15:34:35,448 [main] INFO  handler.ContextHandler (ContextHandler.java:doStop(910)) - Stopped o.e.j.s.ServletContextHandler@7e6fa0d5{/logs,file:///workdir/hadoop-ozone/integration-test/target/log,UNAVAILABLE}
2019-08-20 15:34:35,452 [main] INFO  ozone.MiniOzoneClusterImpl (MiniOzoneClusterImpl.java:stop(344)) - Shutting the HddsDatanodes
2019-08-20 15:34:35,452 [main] INFO  datanode.ObjectStoreHandler (ObjectStoreHandler.java:close(155)) - Closing ObjectStoreHandler.
2019-08-20 15:34:35,452 [ForkJoinPool.commonPool-worker-1] INFO  datanode.ObjectStoreHandler (ObjectStoreHandler.java:close(155)) - Closing ObjectStoreHandler.
2019-08-20 15:34:35,453 [main] INFO  ozone.HddsDatanodeService (HddsDatanodeService.java:stop(451)) - Stopped plug-in org.apache.hadoop.ozone.web.OzoneHddsDatanodeService@fb3b6e4
2019-08-20 15:34:35,453 [ForkJoinPool.commonPool-worker-1] INFO  ozone.HddsDatanodeService (HddsDatanodeService.java:stop(451)) - Stopped plug-in org.apache.hadoop.ozone.web.OzoneHddsDatanodeService@4f0cec3d
2019-08-20 15:34:35,793 [pool-159-thread-1] INFO  storage.RaftStorageDirectory (RaftStorageDirectory.java:tryLock(328)) - Lock on /workdir/hadoop-ozone/integration-test/target/test-dir/MiniOzoneClusterImpl-df511d4d-48d9-413f-91af-5a600e7276fd/datanode-1/data/ratis/8b79fb2f-3dbf-4e6d-b5fb-7fc683919504/in_use.lock acquired by nodename 25148@pr-hdds-1975-spxzp-3193579258
2019-08-20 15:34:35,793 [5a997197-d6d4-45cd-8357-040721935652:group-4736DA5B1F3E:LeaderElection19] INFO  impl.LeaderElection (LeaderElection.java:askForVotes(181)) - 5a997197-d6d4-45cd-8357-040721935652:group-4736DA5B1F3E:LeaderElection19: begin an election at term 2 for 0: [5a997197-d6d4-45cd-8357-040721935652:192.168.69.100:40112], old=null
2019-08-20 15:34:35,794 [5a997197-d6d4-45cd-8357-040721935652:group-4736DA5B1F3E:LeaderElection19] INFO  impl.RoleInfo (RoleInfo.java:shutdownLeaderElection(134)) - 5a997197-d6d4-45cd-8357-040721935652: shutdown LeaderElection
2019-08-20 15:34:35,794 [5a997197-d6d4-45cd-8357-040721935652:group-4736DA5B1F3E:LeaderElection19] INFO  impl.RaftServerImpl (RaftServerImpl.java:setRole(171)) - 5a997197-d6d4-45cd-8357-040721935652:group-4736DA5B1F3E changes role from CANDIDATE to LEADER at term 2 for changeToLeader
2019-08-20 15:34:35,794 [5a997197-d6d4-45cd-8357-040721935652:group-4736DA5B1F3E:LeaderElection19] INFO  impl.RaftServerImpl (ServerState.java:setLeader(263)) - 5a997197-d6d4-45cd-8357-040721935652:group-4736DA5B1F3E change Leader from null to 5a997197-d6d4-45cd-8357-040721935652 at term 2 for becomeLeader, leader elected after 7301ms
2019-08-20 15:34:35,794 [5a997197-d6d4-45cd-8357-040721935652:group-4736DA5B1F3E:LeaderElection19] INFO  server.RaftServerConfigKeys (ConfUtils.java:logGet(43)) - raft.server.staging.catchup.gap = 1000 (default)
2019-08-20 15:34:35,795 [5a997197-d6d4-45cd-8357-040721935652:group-4736DA5B1F3E:LeaderElection19] INFO  server.RaftServerConfigKeys (ConfUtils.java:logGet(43)) - raft.server.rpc.sleep.time = 25ms (default)
2019-08-20 15:34:35,795 [5a997197-d6d4-45cd-8357-040721935652:group-4736DA5B1F3E:LeaderElection19] INFO  server.RaftServerConfigKeys (ConfUtils.java:logGet(43)) - raft.server.write.element-limit = 4096 (default)
2019-08-20 15:34:35,795 [5a997197-d6d4-45cd-8357-040721935652:group-4736DA5B1F3E:LeaderElection19] INFO  server.RaftServerConfigKeys (ConfUtils.java:logGet(43)) - raft.server.watch.timeout = 10s (default)
2019-08-20 15:34:35,795 [5a997197-d6d4-45cd-8357-040721935652:group-4736DA5B1F3E:LeaderElection19] INFO  server.RaftServerConfigKeys (ConfUtils.java:logGet(43)) - raft.server.watch.timeout.denomination = 1s (default)
2019-08-20 15:34:35,795 [5a997197-d6d4-45cd-8357-040721935652:group-4736DA5B1F3E:LeaderElection19] INFO  server.RaftServerConfigKeys (ConfUtils.java:logGet(43)) - raft.server.watch.element-limit = 65536 (default)
2019-08-20 15:34:35,796 [5a997197-d6d4-45cd-8357-040721935652:group-4736DA5B1F3E:LeaderElection19] INFO  impl.RoleInfo (RoleInfo.java:updateAndGet(143)) - 5a997197-d6d4-45cd-8357-040721935652: start LeaderState
2019-08-20 15:34:35,796 [5a997197-d6d4-45cd-8357-040721935652:group-4736DA5B1F3E:LeaderElection19] INFO  segmented.SegmentedRaftLogWorker (SegmentedRaftLogWorker.java:rollLogSegment(385)) - 5a997197-d6d4-45cd-8357-040721935652-SegmentedRaftLogWorker:Storage Directory /workdir/hadoop-ozone/integration-test/target/test-dir/MiniOzoneClusterImpl-df511d4d-48d9-413f-91af-5a600e7276fd/datanode-1/data/ratis/076a2a7d-9497-42db-b3eb-4736da5b1f3e: Rolling segment log-0_0 to index:0
2019-08-20 15:34:35,801 [5a997197-d6d4-45cd-8357-040721935652-SegmentedRaftLogWorker:Storage Directory /workdir/hadoop-ozone/integration-test/target/test-dir/MiniOzoneClusterImpl-df511d4d-48d9-413f-91af-5a600e7276fd/datanode-1/data/ratis/076a2a7d-9497-42db-b3eb-4736da5b1f3e] INFO  segmented.SegmentedRaftLogWorker (SegmentedRaftLogWorker.java:execute(526)) - 5a997197-d6d4-45cd-8357-040721935652-SegmentedRaftLogWorker:Storage Directory /workdir/hadoop-ozone/integration-test/target/test-dir/MiniOzoneClusterImpl-df511d4d-48d9-413f-91af-5a600e7276fd/datanode-1/data/ratis/076a2a7d-9497-42db-b3eb-4736da5b1f3e: Rolled log segment from /workdir/hadoop-ozone/integration-test/target/test-dir/MiniOzoneClusterImpl-df511d4d-48d9-413f-91af-5a600e7276fd/datanode-1/data/ratis/076a2a7d-9497-42db-b3eb-4736da5b1f3e/current/log_inprogress_0 to /workdir/hadoop-ozone/integration-test/target/test-dir/MiniOzoneClusterImpl-df511d4d-48d9-413f-91af-5a600e7276fd/datanode-1/data/ratis/076a2a7d-9497-42db-b3eb-4736da5b1f3e/current/log_0-0
2019-08-20 15:34:35,802 [Datanode State Machine Thread - 0] INFO  statemachine.DatanodeStateMachine (DatanodeStateMachine.java:lambda$startDaemon$0(350)) - Ozone container server started.
2019-08-20 15:34:35,805 [5a997197-d6d4-45cd-8357-040721935652:group-4736DA5B1F3E:LeaderElection19] INFO  impl.RaftServerImpl (ServerState.java:setRaftConf(361)) - 5a997197-d6d4-45cd-8357-040721935652:group-4736DA5B1F3E set configuration 1: [5a997197-d6d4-45cd-8357-040721935652:192.168.69.100:40112], old=null at 1
2019-08-20 15:34:35,835 [pool-159-thread-1] INFO  storage.RaftStorage (RaftStorage.java:format(72)) - Storage directory /workdir/hadoop-ozone/integration-test/target/test-dir/MiniOzoneClusterImpl-df511d4d-48d9-413f-91af-5a600e7276fd/datanode-1/data/ratis/8b79fb2f-3dbf-4e6d-b5fb-7fc683919504 has been successfully formatted.
2019-08-20 15:34:35,836 [pool-159-thread-1] INFO  ratis.ContainerStateMachine (ContainerStateMachine.java:loadSnapshot(222)) - group-7FC683919504: The snapshot info is null. Setting the last applied indexto:(t:0, i:~)
2019-08-20 15:34:35,836 [pool-159-thread-1] INFO  server.RaftServerConfigKeys (ConfUtils.java:logGet(43)) - raft.server.leader.election.timeout = 120s (custom)
2019-08-20 15:34:35,836 [pool-159-thread-1] INFO  server.RaftServerConfigKeys (ConfUtils.java:logGet(43)) - raft.server.log.use.memory = false (default)
2019-08-20 15:34:35,836 [pool-159-thread-1] INFO  server.RaftServerConfigKeys (ConfUtils.java:logGet(43)) - raft.server.log.purge.gap = 1000000 (custom)
2019-08-20 15:34:35,837 [pool-159-thread-1] INFO  server.RaftServerConfigKeys (ConfUtils.java:logGet(43)) - raft.server.log.appender.buffer.byte-limit = 33554432 (custom)
2019-08-20 15:34:35,837 [pool-159-thread-1] INFO  server.RaftServerConfigKeys (ConfUtils.java:logGet(43)) - raft.server.log.segment.size.max = 1048576 (custom)
2019-08-20 15:34:35,837 [pool-159-thread-1] INFO  server.RaftServerConfigKeys (ConfUtils.java:logGet(43)) - raft.server.log.segment.cache.num.max = 2 (custom)
2019-08-20 15:34:35,837 [pool-159-thread-1] INFO  segmented.SegmentedRaftLogWorker (SegmentedRaftLogWorker.java:<init>(172)) - new 5a997197-d6d4-45cd-8357-040721935652-SegmentedRaftLogWorker:Storage Directory /workdir/hadoop-ozone/integration-test/target/test-dir/MiniOzoneClusterImpl-df511d4d-48d9-413f-91af-5a600e7276fd/datanode-1/data/ratis/8b79fb2f-3dbf-4e6d-b5fb-7fc683919504 for RaftStorage:Storage Directory /workdir/hadoop-ozone/integration-test/target/test-dir/MiniOzoneClusterImpl-df511d4d-48d9-413f-91af-5a600e7276fd/datanode-1/data/ratis/8b79fb2f-3dbf-4e6d-b5fb-7fc683919504
2019-08-20 15:34:35,837 [pool-159-thread-1] INFO  server.RaftServerConfigKeys (ConfUtils.java:logGet(43)) - raft.server.log.queue.byte-limit = 2147483647 (custom)
2019-08-20 15:34:35,837 [pool-159-thread-1] INFO  server.RaftServerConfigKeys (ConfUtils.java:logGet(43)) - raft.server.log.queue.element-limit = 1024 (custom)
2019-08-20 15:34:35,837 [pool-159-thread-1] INFO  server.RaftServerConfigKeys (ConfUtils.java:logGet(43)) - raft.server.log.segment.size.max = 1048576 (custom)
2019-08-20 15:34:35,838 [pool-159-thread-1] INFO  server.RaftServerConfigKeys (ConfUtils.java:logGet(43)) - raft.server.log.preallocated.size = 16384 (custom)
2019-08-20 15:34:35,838 [pool-159-thread-1] INFO  server.RaftServerConfigKeys (ConfUtils.java:logGet(43)) - raft.server.log.write.buffer.size = 33554432 (custom)
2019-08-20 15:34:35,838 [pool-159-thread-1] INFO  server.RaftServerConfigKeys (ConfUtils.java:logGet(43)) - raft.server.log.force.sync.num = 128 (default)
2019-08-20 15:34:35,838 [pool-159-thread-1] INFO  server.RaftServerConfigKeys (ConfUtils.java:logGet(43)) - raft.server.log.statemachine.data.sync = true (default)
2019-08-20 15:34:35,838 [pool-159-thread-1] INFO  server.RaftServerConfigKeys (ConfUtils.java:logGet(43)) - raft.server.log.statemachine.data.sync.timeout = 10s (default)
2019-08-20 15:34:35,838 [pool-159-thread-1] INFO  server.RaftServerConfigKeys (ConfUtils.java:logGet(43)) - raft.server.log.statemachine.data.sync.timeout.retry = -1 (default)
2019-08-20 15:34:35,838 [pool-159-thread-1] INFO  server.RaftServerConfigKeys (ConfUtils.java:logGet(43)) - raft.server.log.statemachine.data.caching.enabled = true (custom)
2019-08-20 15:34:35,838 [pool-159-thread-1] INFO  segmented.SegmentedRaftLogWorker (SegmentedRaftLogWorker.java:lambda$new$0(132)) - 5a997197-d6d4-45cd-8357-040721935652-SegmentedRaftLogWorker:Storage Directory /workdir/hadoop-ozone/integration-test/target/test-dir/MiniOzoneClusterImpl-df511d4d-48d9-413f-91af-5a600e7276fd/datanode-1/data/ratis/8b79fb2f-3dbf-4e6d-b5fb-7fc683919504: flushIndex: setUnconditionally 0 -> -1
2019-08-20 15:34:35,839 [pool-159-thread-1] INFO  server.RaftServerConfigKeys (ConfUtils.java:logGet(43)) - raft.server.snapshot.auto.trigger.enabled = true (custom)
2019-08-20 15:34:35,839 [pool-159-thread-1] INFO  server.RaftServerConfigKeys (ConfUtils.java:logGet(43)) - raft.server.snapshot.auto.trigger.threshold = 10000 (custom)
2019-08-20 15:34:35,839 [pool-159-thread-1] INFO  server.RaftServerConfigKeys (ConfUtils.java:logGet(43)) - raft.server.retrycache.expirytime = 600000ms (custom)
2019-08-20 15:34:35,839 [pool-159-thread-1] INFO  impl.RaftServerImpl (RaftServerImpl.java:start(180)) - 5a997197-d6d4-45cd-8357-040721935652: start group-7FC683919504
2019-08-20 15:34:35,839 [pool-159-thread-1] INFO  impl.RaftServerImpl (RaftServerImpl.java:setRole(171)) - 5a997197-d6d4-45cd-8357-040721935652:group-7FC683919504 changes role from null to FOLLOWER at term 0 for startAsFollower
2019-08-20 15:34:35,839 [pool-159-thread-1] INFO  impl.RoleInfo (RoleInfo.java:updateAndGet(143)) - 5a997197-d6d4-45cd-8357-040721935652: start FollowerState
2019-08-20 15:34:35,840 [pool-159-thread-1] INFO  util.JmxRegister (JmxRegister.java:tryRegister(44)) - Successfully registered JMX Bean with object name Ratis:service=RaftServer,group=group-7FC683919504,id=5a997197-d6d4-45cd-8357-040721935652
2019-08-20 15:34:35,845 [RatisPipelineUtilsThread] INFO  pipeline.PipelineStateManager (PipelineStateManager.java:addPipeline(56)) - Created pipeline Pipeline[ Id: 8b79fb2f-3dbf-4e6d-b5fb-7fc683919504, Nodes: 5a997197-d6d4-45cd-8357-040721935652{ip: 192.168.69.100, host: pr-hdds-1975-spxzp-3193579258, networkLocation: /default-rack, certSerialId: null}, Type:RATIS, Factor:ONE, State:OPEN]
2019-08-20 15:34:35,867 [5a997197-d6d4-45cd-8357-040721935652-SegmentedRaftLogWorker:Storage Directory /workdir/hadoop-ozone/integration-test/target/test-dir/MiniOzoneClusterImpl-df511d4d-48d9-413f-91af-5a600e7276fd/datanode-1/data/ratis/076a2a7d-9497-42db-b3eb-4736da5b1f3e] INFO  segmented.SegmentedRaftLogWorker (SegmentedRaftLogWorker.java:execute(569)) - 5a997197-d6d4-45cd-8357-040721935652-SegmentedRaftLogWorker:Storage Directory /workdir/hadoop-ozone/integration-test/target/test-dir/MiniOzoneClusterImpl-df511d4d-48d9-413f-91af-5a600e7276fd/datanode-1/data/ratis/076a2a7d-9497-42db-b3eb-4736da5b1f3e: created new log segment /workdir/hadoop-ozone/integration-test/target/test-dir/MiniOzoneClusterImpl-df511d4d-48d9-413f-91af-5a600e7276fd/datanode-1/data/ratis/076a2a7d-9497-42db-b3eb-4736da5b1f3e/current/log_inprogress_1
2019-08-20 15:34:36,052 [Datanode State Machine Thread - 0] INFO  statemachine.DatanodeStateMachine (DatanodeStateMachine.java:lambda$startDaemon$0(350)) - Ozone container server started.
2019-08-20 15:34:36,374 | INFO  | SCMAudit | user=jenkins1000 | ip=192.168.69.100 | op=SEND_HEARTBEAT {datanodeUUID=22408b8b-2596-4e0e-b1a4-1a1860f88c8a, command=[]} | ret=SUCCESS |  
2019-08-20 15:34:36,743 [grpc-default-executor-0] INFO  impl.RaftServerProxy (RaftServerProxy.java:addNew(89)) - 22408b8b-2596-4e0e-b1a4-1a1860f88c8a: addNew group-8B84A4E2AB05:[22408b8b-2596-4e0e-b1a4-1a1860f88c8a:192.168.69.100:38420] returns group-8B84A4E2AB05:java.util.concurrent.CompletableFuture@e60c16[Not completed]
2019-08-20 15:34:36,745 [pool-170-thread-1] INFO  impl.RaftServerImpl (RaftServerImpl.java:<init>(93)) - 22408b8b-2596-4e0e-b1a4-1a1860f88c8a: new RaftServerImpl for group-8B84A4E2AB05:[22408b8b-2596-4e0e-b1a4-1a1860f88c8a:192.168.69.100:38420] with ContainerStateMachine:uninitialized
2019-08-20 15:34:36,745 [pool-170-thread-1] INFO  server.RaftServerConfigKeys (ConfUtils.java:logGet(43)) - raft.server.rpc.timeout.min = 5s (custom)
2019-08-20 15:34:36,745 [pool-170-thread-1] INFO  server.RaftServerConfigKeys (ConfUtils.java:logGet(43)) - raft.server.rpc.timeout.max = 5200ms (custom)
2019-08-20 15:34:36,745 [pool-170-thread-1] INFO  server.RaftServerConfigKeys (ConfUtils.java:logGet(43)) - raft.server.rpcslowness.timeout = 120s (custom)
2019-08-20 15:34:36,745 [pool-170-thread-1] INFO  server.RaftServerConfigKeys (ConfUtils.java:logGet(43)) - raft.server.sleep.deviation.threshold = 300 (default)
2019-08-20 15:34:36,745 [pool-170-thread-1] INFO  server.RaftServerConfigKeys (ConfUtils.java:logGet(43)) - raft.server.log.appender.install.snapshot.enabled = false (custom)
2019-08-20 15:34:36,746 [pool-170-thread-1] INFO  impl.RaftServerImpl (ServerState.java:<init>(105)) - 22408b8b-2596-4e0e-b1a4-1a1860f88c8a:group-8B84A4E2AB05 ConfigurationManager, init=-1: [22408b8b-2596-4e0e-b1a4-1a1860f88c8a:192.168.69.100:38420], old=null, confs=<EMPTY_MAP>
2019-08-20 15:34:36,746 [pool-170-thread-1] INFO  server.RaftServerConfigKeys (ConfUtils.java:logGet(43)) - raft.server.storage.dir = [/workdir/hadoop-ozone/integration-test/target/test-dir/MiniOzoneClusterImpl-df511d4d-48d9-413f-91af-5a600e7276fd/datanode-2/data/ratis] (custom)
2019-08-20 15:34:36,746 [pool-170-thread-1] INFO  storage.RaftStorageDirectory (RaftStorageDirectory.java:analyzeStorage(246)) - The storage directory /workdir/hadoop-ozone/integration-test/target/test-dir/MiniOzoneClusterImpl-df511d4d-48d9-413f-91af-5a600e7276fd/datanode-2/data/ratis/546551b0-b0ea-404a-9aee-8b84a4e2ab05 does not exist. Creating ...
2019-08-20 15:34:36,762 [pool-170-thread-1] INFO  storage.RaftStorageDirectory (RaftStorageDirectory.java:tryLock(328)) - Lock on /workdir/hadoop-ozone/integration-test/target/test-dir/MiniOzoneClusterImpl-df511d4d-48d9-413f-91af-5a600e7276fd/datanode-2/data/ratis/546551b0-b0ea-404a-9aee-8b84a4e2ab05/in_use.lock acquired by nodename 25148@pr-hdds-1975-spxzp-3193579258
2019-08-20 15:34:36,775 [pool-170-thread-1] INFO  storage.RaftStorage (RaftStorage.java:format(72)) - Storage directory /workdir/hadoop-ozone/integration-test/target/test-dir/MiniOzoneClusterImpl-df511d4d-48d9-413f-91af-5a600e7276fd/datanode-2/data/ratis/546551b0-b0ea-404a-9aee-8b84a4e2ab05 has been successfully formatted.
2019-08-20 15:34:36,776 [pool-170-thread-1] INFO  ratis.ContainerStateMachine (ContainerStateMachine.java:loadSnapshot(222)) - group-8B84A4E2AB05: The snapshot info is null. Setting the last applied indexto:(t:0, i:~)
2019-08-20 15:34:36,776 [pool-170-thread-1] INFO  server.RaftServerConfigKeys (ConfUtils.java:logGet(43)) - raft.server.leader.election.timeout = 120s (custom)
2019-08-20 15:34:36,776 [pool-170-thread-1] INFO  server.RaftServerConfigKeys (ConfUtils.java:logGet(43)) - raft.server.log.use.memory = false (default)
2019-08-20 15:34:36,776 [pool-170-thread-1] INFO  server.RaftServerConfigKeys (ConfUtils.java:logGet(43)) - raft.server.log.purge.gap = 1000000 (custom)
2019-08-20 15:34:36,776 [pool-170-thread-1] INFO  server.RaftServerConfigKeys (ConfUtils.java:logGet(43)) - raft.server.log.appender.buffer.byte-limit = 33554432 (custom)
2019-08-20 15:34:36,776 [pool-170-thread-1] INFO  server.RaftServerConfigKeys (ConfUtils.java:logGet(43)) - raft.server.log.segment.size.max = 1048576 (custom)
2019-08-20 15:34:36,777 [pool-170-thread-1] INFO  server.RaftServerConfigKeys (ConfUtils.java:logGet(43)) - raft.server.log.segment.cache.num.max = 2 (custom)
2019-08-20 15:34:36,777 [pool-170-thread-1] INFO  segmented.SegmentedRaftLogWorker (SegmentedRaftLogWorker.java:<init>(172)) - new 22408b8b-2596-4e0e-b1a4-1a1860f88c8a-SegmentedRaftLogWorker:Storage Directory /workdir/hadoop-ozone/integration-test/target/test-dir/MiniOzoneClusterImpl-df511d4d-48d9-413f-91af-5a600e7276fd/datanode-2/data/ratis/546551b0-b0ea-404a-9aee-8b84a4e2ab05 for RaftStorage:Storage Directory /workdir/hadoop-ozone/integration-test/target/test-dir/MiniOzoneClusterImpl-df511d4d-48d9-413f-91af-5a600e7276fd/datanode-2/data/ratis/546551b0-b0ea-404a-9aee-8b84a4e2ab05
2019-08-20 15:34:36,777 [pool-170-thread-1] INFO  server.RaftServerConfigKeys (ConfUtils.java:logGet(43)) - raft.server.log.queue.byte-limit = 2147483647 (custom)
2019-08-20 15:34:36,777 [pool-170-thread-1] INFO  server.RaftServerConfigKeys (ConfUtils.java:logGet(43)) - raft.server.log.queue.element-limit = 1024 (custom)
2019-08-20 15:34:36,777 [pool-170-thread-1] INFO  server.RaftServerConfigKeys (ConfUtils.java:logGet(43)) - raft.server.log.segment.size.max = 1048576 (custom)
2019-08-20 15:34:36,777 [pool-170-thread-1] INFO  server.RaftServerConfigKeys (ConfUtils.java:logGet(43)) - raft.server.log.preallocated.size = 16384 (custom)
2019-08-20 15:34:36,777 [pool-170-thread-1] INFO  server.RaftServerConfigKeys (ConfUtils.java:logGet(43)) - raft.server.log.write.buffer.size = 33554432 (custom)
2019-08-20 15:34:36,778 [pool-170-thread-1] INFO  server.RaftServerConfigKeys (ConfUtils.java:logGet(43)) - raft.server.log.force.sync.num = 128 (default)
2019-08-20 15:34:36,778 [pool-170-thread-1] INFO  server.RaftServerConfigKeys (ConfUtils.java:logGet(43)) - raft.server.log.statemachine.data.sync = true (default)
2019-08-20 15:34:36,778 [pool-170-thread-1] INFO  server.RaftServerConfigKeys (ConfUtils.java:logGet(43)) - raft.server.log.statemachine.data.sync.timeout = 10s (default)
2019-08-20 15:34:36,778 [pool-170-thread-1] INFO  server.RaftServerConfigKeys (ConfUtils.java:logGet(43)) - raft.server.log.statemachine.data.sync.timeout.retry = -1 (default)
2019-08-20 15:34:36,778 [pool-170-thread-1] INFO  server.RaftServerConfigKeys (ConfUtils.java:logGet(43)) - raft.server.log.statemachine.data.caching.enabled = true (custom)
2019-08-20 15:34:36,778 [pool-170-thread-1] INFO  segmented.SegmentedRaftLogWorker (SegmentedRaftLogWorker.java:lambda$new$0(132)) - 22408b8b-2596-4e0e-b1a4-1a1860f88c8a-SegmentedRaftLogWorker:Storage Directory /workdir/hadoop-ozone/integration-test/target/test-dir/MiniOzoneClusterImpl-df511d4d-48d9-413f-91af-5a600e7276fd/datanode-2/data/ratis/546551b0-b0ea-404a-9aee-8b84a4e2ab05: flushIndex: setUnconditionally 0 -> -1
2019-08-20 15:34:36,779 [pool-170-thread-1] INFO  server.RaftServerConfigKeys (ConfUtils.java:logGet(43)) - raft.server.snapshot.auto.trigger.enabled = true (custom)
2019-08-20 15:34:36,779 [pool-170-thread-1] INFO  server.RaftServerConfigKeys (ConfUtils.java:logGet(43)) - raft.server.snapshot.auto.trigger.threshold = 10000 (custom)
2019-08-20 15:34:36,779 [pool-170-thread-1] INFO  server.RaftServerConfigKeys (ConfUtils.java:logGet(43)) - raft.server.retrycache.expirytime = 600000ms (custom)
2019-08-20 15:34:36,779 [pool-170-thread-1] INFO  impl.RaftServerImpl (RaftServerImpl.java:start(180)) - 22408b8b-2596-4e0e-b1a4-1a1860f88c8a: start group-8B84A4E2AB05
2019-08-20 15:34:36,780 [pool-170-thread-1] INFO  impl.RaftServerImpl (RaftServerImpl.java:setRole(171)) - 22408b8b-2596-4e0e-b1a4-1a1860f88c8a:group-8B84A4E2AB05 changes role from null to FOLLOWER at term 0 for startAsFollower
2019-08-20 15:34:36,780 [pool-170-thread-1] INFO  impl.RoleInfo (RoleInfo.java:updateAndGet(143)) - 22408b8b-2596-4e0e-b1a4-1a1860f88c8a: start FollowerState
2019-08-20 15:34:36,780 [pool-170-thread-1] INFO  util.JmxRegister (JmxRegister.java:tryRegister(44)) - Successfully registered JMX Bean with object name Ratis:service=RaftServer,group=group-8B84A4E2AB05,id=22408b8b-2596-4e0e-b1a4-1a1860f88c8a
2019-08-20 15:34:36,785 [RatisPipelineUtilsThread] INFO  pipeline.PipelineStateManager (PipelineStateManager.java:addPipeline(56)) - Created pipeline Pipeline[ Id: 546551b0-b0ea-404a-9aee-8b84a4e2ab05, Nodes: 22408b8b-2596-4e0e-b1a4-1a1860f88c8a{ip: 192.168.69.100, host: pr-hdds-1975-spxzp-3193579258, networkLocation: /default-rack, certSerialId: null}, Type:RATIS, Factor:ONE, State:OPEN]
2019-08-20 15:34:37,374 | INFO  | SCMAudit | user=jenkins1000 | ip=192.168.69.100 | op=SEND_HEARTBEAT {datanodeUUID=22408b8b-2596-4e0e-b1a4-1a1860f88c8a, command=[]} | ret=SUCCESS |  
2019-08-20 15:34:38,374 | INFO  | SCMAudit | user=jenkins1000 | ip=192.168.69.100 | op=SEND_HEARTBEAT {datanodeUUID=22408b8b-2596-4e0e-b1a4-1a1860f88c8a, command=[]} | ret=SUCCESS |  
2019-08-20 15:34:38,789 [Thread-587] INFO  impl.FollowerState (FollowerState.java:run(106)) - 296c1fec-8611-41bc-86b3-34db6a97fa03:group-738F74EF0C8C changes to CANDIDATE, lastRpcTime:5097, electionTimeout:5097ms
2019-08-20 15:34:38,789 [Thread-587] INFO  impl.RoleInfo (RoleInfo.java:shutdownFollowerState(121)) - 296c1fec-8611-41bc-86b3-34db6a97fa03: shutdown FollowerState
2019-08-20 15:34:38,789 [Thread-587] INFO  impl.RaftServerImpl (RaftServerImpl.java:setRole(171)) - 296c1fec-8611-41bc-86b3-34db6a97fa03:group-738F74EF0C8C changes role from FOLLOWER to CANDIDATE at term 1 for changeToCandidate
2019-08-20 15:34:38,789 [Thread-587] INFO  impl.RoleInfo (RoleInfo.java:updateAndGet(143)) - 296c1fec-8611-41bc-86b3-34db6a97fa03: start LeaderElection
2019-08-20 15:34:38,807 [296c1fec-8611-41bc-86b3-34db6a97fa03:group-738F74EF0C8C:LeaderElection20] INFO  impl.LeaderElection (LeaderElection.java:askForVotes(181)) - 296c1fec-8611-41bc-86b3-34db6a97fa03:group-738F74EF0C8C:LeaderElection20: begin an election at term 2 for 0: [296c1fec-8611-41bc-86b3-34db6a97fa03:192.168.69.100:35973], old=null
2019-08-20 15:34:38,808 [296c1fec-8611-41bc-86b3-34db6a97fa03:group-738F74EF0C8C:LeaderElection20] INFO  impl.RoleInfo (RoleInfo.java:shutdownLeaderElection(134)) - 296c1fec-8611-41bc-86b3-34db6a97fa03: shutdown LeaderElection
2019-08-20 15:34:38,808 [296c1fec-8611-41bc-86b3-34db6a97fa03:group-738F74EF0C8C:LeaderElection20] INFO  impl.RaftServerImpl (RaftServerImpl.java:setRole(171)) - 296c1fec-8611-41bc-86b3-34db6a97fa03:group-738F74EF0C8C changes role from CANDIDATE to LEADER at term 2 for changeToLeader
2019-08-20 15:34:38,808 [296c1fec-8611-41bc-86b3-34db6a97fa03:group-738F74EF0C8C:LeaderElection20] INFO  impl.RaftServerImpl (ServerState.java:setLeader(263)) - 296c1fec-8611-41bc-86b3-34db6a97fa03:group-738F74EF0C8C change Leader from null to 296c1fec-8611-41bc-86b3-34db6a97fa03 at term 2 for becomeLeader, leader elected after 10314ms
2019-08-20 15:34:38,808 [296c1fec-8611-41bc-86b3-34db6a97fa03:group-738F74EF0C8C:LeaderElection20] INFO  server.RaftServerConfigKeys (ConfUtils.java:logGet(43)) - raft.server.staging.catchup.gap = 1000 (default)
2019-08-20 15:34:38,808 [296c1fec-8611-41bc-86b3-34db6a97fa03:group-738F74EF0C8C:LeaderElection20] INFO  server.RaftServerConfigKeys (ConfUtils.java:logGet(43)) - raft.server.rpc.sleep.time = 25ms (default)
2019-08-20 15:34:38,808 [296c1fec-8611-41bc-86b3-34db6a97fa03:group-738F74EF0C8C:LeaderElection20] INFO  server.RaftServerConfigKeys (ConfUtils.java:logGet(43)) - raft.server.write.element-limit = 4096 (default)
2019-08-20 15:34:38,808 [296c1fec-8611-41bc-86b3-34db6a97fa03:group-738F74EF0C8C:LeaderElection20] INFO  server.RaftServerConfigKeys (ConfUtils.java:logGet(43)) - raft.server.watch.timeout = 10s (default)
2019-08-20 15:34:38,808 [296c1fec-8611-41bc-86b3-34db6a97fa03:group-738F74EF0C8C:LeaderElection20] INFO  server.RaftServerConfigKeys (ConfUtils.java:logGet(43)) - raft.server.watch.timeout.denomination = 1s (default)
2019-08-20 15:34:38,808 [296c1fec-8611-41bc-86b3-34db6a97fa03:group-738F74EF0C8C:LeaderElection20] INFO  server.RaftServerConfigKeys (ConfUtils.java:logGet(43)) - raft.server.watch.element-limit = 65536 (default)
2019-08-20 15:34:38,808 [296c1fec-8611-41bc-86b3-34db6a97fa03:group-738F74EF0C8C:LeaderElection20] INFO  impl.RoleInfo (RoleInfo.java:updateAndGet(143)) - 296c1fec-8611-41bc-86b3-34db6a97fa03: start LeaderState
2019-08-20 15:34:38,809 [296c1fec-8611-41bc-86b3-34db6a97fa03:group-738F74EF0C8C:LeaderElection20] INFO  segmented.SegmentedRaftLogWorker (SegmentedRaftLogWorker.java:rollLogSegment(385)) - 296c1fec-8611-41bc-86b3-34db6a97fa03-SegmentedRaftLogWorker:Storage Directory /workdir/hadoop-ozone/integration-test/target/test-dir/MiniOzoneClusterImpl-df511d4d-48d9-413f-91af-5a600e7276fd/datanode-0/data/ratis/dba7b7e9-16e2-4661-b591-738f74ef0c8c: Rolling segment log-0_0 to index:0
2019-08-20 15:34:38,811 [296c1fec-8611-41bc-86b3-34db6a97fa03:group-738F74EF0C8C:LeaderElection20] INFO  impl.RaftServerImpl (ServerState.java:setRaftConf(361)) - 296c1fec-8611-41bc-86b3-34db6a97fa03:group-738F74EF0C8C set configuration 1: [296c1fec-8611-41bc-86b3-34db6a97fa03:192.168.69.100:35973], old=null at 1
2019-08-20 15:34:38,812 [296c1fec-8611-41bc-86b3-34db6a97fa03-SegmentedRaftLogWorker:Storage Directory /workdir/hadoop-ozone/integration-test/target/test-dir/MiniOzoneClusterImpl-df511d4d-48d9-413f-91af-5a600e7276fd/datanode-0/data/ratis/dba7b7e9-16e2-4661-b591-738f74ef0c8c] INFO  segmented.SegmentedRaftLogWorker (SegmentedRaftLogWorker.java:execute(526)) - 296c1fec-8611-41bc-86b3-34db6a97fa03-SegmentedRaftLogWorker:Storage Directory /workdir/hadoop-ozone/integration-test/target/test-dir/MiniOzoneClusterImpl-df511d4d-48d9-413f-91af-5a600e7276fd/datanode-0/data/ratis/dba7b7e9-16e2-4661-b591-738f74ef0c8c: Rolled log segment from /workdir/hadoop-ozone/integration-test/target/test-dir/MiniOzoneClusterImpl-df511d4d-48d9-413f-91af-5a600e7276fd/datanode-0/data/ratis/dba7b7e9-16e2-4661-b591-738f74ef0c8c/current/log_inprogress_0 to /workdir/hadoop-ozone/integration-test/target/test-dir/MiniOzoneClusterImpl-df511d4d-48d9-413f-91af-5a600e7276fd/datanode-0/data/ratis/dba7b7e9-16e2-4661-b591-738f74ef0c8c/current/log_0-0
2019-08-20 15:34:38,859 [296c1fec-8611-41bc-86b3-34db6a97fa03-SegmentedRaftLogWorker:Storage Directory /workdir/hadoop-ozone/integration-test/target/test-dir/MiniOzoneClusterImpl-df511d4d-48d9-413f-91af-5a600e7276fd/datanode-0/data/ratis/dba7b7e9-16e2-4661-b591-738f74ef0c8c] INFO  segmented.SegmentedRaftLogWorker (SegmentedRaftLogWorker.java:execute(569)) - 296c1fec-8611-41bc-86b3-34db6a97fa03-SegmentedRaftLogWorker:Storage Directory /workdir/hadoop-ozone/integration-test/target/test-dir/MiniOzoneClusterImpl-df511d4d-48d9-413f-91af-5a600e7276fd/datanode-0/data/ratis/dba7b7e9-16e2-4661-b591-738f74ef0c8c: created new log segment /workdir/hadoop-ozone/integration-test/target/test-dir/MiniOzoneClusterImpl-df511d4d-48d9-413f-91af-5a600e7276fd/datanode-0/data/ratis/dba7b7e9-16e2-4661-b591-738f74ef0c8c/current/log_inprogress_1
2019-08-20 15:34:38,925 [Thread-589] INFO  impl.FollowerState (FollowerState.java:run(106)) - 22408b8b-2596-4e0e-b1a4-1a1860f88c8a:group-3B924DAE9753 changes to CANDIDATE, lastRpcTime:5142, electionTimeout:5142ms
2019-08-20 15:34:38,925 [Thread-589] INFO  impl.RoleInfo (RoleInfo.java:shutdownFollowerState(121)) - 22408b8b-2596-4e0e-b1a4-1a1860f88c8a: shutdown FollowerState
2019-08-20 15:34:38,925 [Thread-589] INFO  impl.RaftServerImpl (RaftServerImpl.java:setRole(171)) - 22408b8b-2596-4e0e-b1a4-1a1860f88c8a:group-3B924DAE9753 changes role from FOLLOWER to CANDIDATE at term 1 for changeToCandidate
2019-08-20 15:34:38,926 [Thread-589] INFO  impl.RoleInfo (RoleInfo.java:updateAndGet(143)) - 22408b8b-2596-4e0e-b1a4-1a1860f88c8a: start LeaderElection
2019-08-20 15:34:38,956 [22408b8b-2596-4e0e-b1a4-1a1860f88c8a:group-3B924DAE9753:LeaderElection21] INFO  impl.LeaderElection (LeaderElection.java:askForVotes(181)) - 22408b8b-2596-4e0e-b1a4-1a1860f88c8a:group-3B924DAE9753:LeaderElection21: begin an election at term 2 for 0: [22408b8b-2596-4e0e-b1a4-1a1860f88c8a:192.168.69.100:38420], old=null
2019-08-20 15:34:38,956 [22408b8b-2596-4e0e-b1a4-1a1860f88c8a:group-3B924DAE9753:LeaderElection21] INFO  impl.RoleInfo (RoleInfo.java:shutdownLeaderElection(134)) - 22408b8b-2596-4e0e-b1a4-1a1860f88c8a: shutdown LeaderElection
2019-08-20 15:34:38,956 [22408b8b-2596-4e0e-b1a4-1a1860f88c8a:group-3B924DAE9753:LeaderElection21] INFO  impl.RaftServerImpl (RaftServerImpl.java:setRole(171)) - 22408b8b-2596-4e0e-b1a4-1a1860f88c8a:group-3B924DAE9753 changes role from CANDIDATE to LEADER at term 2 for changeToLeader
2019-08-20 15:34:38,957 [22408b8b-2596-4e0e-b1a4-1a1860f88c8a:group-3B924DAE9753:LeaderElection21] INFO  impl.RaftServerImpl (ServerState.java:setLeader(263)) - 22408b8b-2596-4e0e-b1a4-1a1860f88c8a:group-3B924DAE9753 change Leader from null to 22408b8b-2596-4e0e-b1a4-1a1860f88c8a at term 2 for becomeLeader, leader elected after 10463ms
2019-08-20 15:34:38,958 [22408b8b-2596-4e0e-b1a4-1a1860f88c8a:group-3B924DAE9753:LeaderElection21] INFO  server.RaftServerConfigKeys (ConfUtils.java:logGet(43)) - raft.server.staging.catchup.gap = 1000 (default)
2019-08-20 15:34:38,958 [22408b8b-2596-4e0e-b1a4-1a1860f88c8a:group-3B924DAE9753:LeaderElection21] INFO  server.RaftServerConfigKeys (ConfUtils.java:logGet(43)) - raft.server.rpc.sleep.time = 25ms (default)
2019-08-20 15:34:38,959 [22408b8b-2596-4e0e-b1a4-1a1860f88c8a:group-3B924DAE9753:LeaderElection21] INFO  server.RaftServerConfigKeys (ConfUtils.java:logGet(43)) - raft.server.write.element-limit = 4096 (default)
2019-08-20 15:34:38,959 [22408b8b-2596-4e0e-b1a4-1a1860f88c8a:group-3B924DAE9753:LeaderElection21] INFO  server.RaftServerConfigKeys (ConfUtils.java:logGet(43)) - raft.server.watch.timeout = 10s (default)
2019-08-20 15:34:38,959 [22408b8b-2596-4e0e-b1a4-1a1860f88c8a:group-3B924DAE9753:LeaderElection21] INFO  server.RaftServerConfigKeys (ConfUtils.java:logGet(43)) - raft.server.watch.timeout.denomination = 1s (default)
2019-08-20 15:34:38,959 [22408b8b-2596-4e0e-b1a4-1a1860f88c8a:group-3B924DAE9753:LeaderElection21] INFO  server.RaftServerConfigKeys (ConfUtils.java:logGet(43)) - raft.server.watch.element-limit = 65536 (default)
2019-08-20 15:34:38,959 [22408b8b-2596-4e0e-b1a4-1a1860f88c8a:group-3B924DAE9753:LeaderElection21] INFO  impl.RoleInfo (RoleInfo.java:updateAndGet(143)) - 22408b8b-2596-4e0e-b1a4-1a1860f88c8a: start LeaderState
2019-08-20 15:34:38,960 [22408b8b-2596-4e0e-b1a4-1a1860f88c8a:group-3B924DAE9753:LeaderElection21] INFO  segmented.SegmentedRaftLogWorker (SegmentedRaftLogWorker.java:rollLogSegment(385)) - 22408b8b-2596-4e0e-b1a4-1a1860f88c8a-SegmentedRaftLogWorker:Storage Directory /workdir/hadoop-ozone/integration-test/target/test-dir/MiniOzoneClusterImpl-df511d4d-48d9-413f-91af-5a600e7276fd/datanode-2/data/ratis/26731607-97ff-47b9-9503-3b924dae9753: Rolling segment log-0_0 to index:0
2019-08-20 15:34:38,961 [22408b8b-2596-4e0e-b1a4-1a1860f88c8a-SegmentedRaftLogWorker:Storage Directory /workdir/hadoop-ozone/integration-test/target/test-dir/MiniOzoneClusterImpl-df511d4d-48d9-413f-91af-5a600e7276fd/datanode-2/data/ratis/26731607-97ff-47b9-9503-3b924dae9753] INFO  segmented.SegmentedRaftLogWorker (SegmentedRaftLogWorker.java:execute(526)) - 22408b8b-2596-4e0e-b1a4-1a1860f88c8a-SegmentedRaftLogWorker:Storage Directory /workdir/hadoop-ozone/integration-test/target/test-dir/MiniOzoneClusterImpl-df511d4d-48d9-413f-91af-5a600e7276fd/datanode-2/data/ratis/26731607-97ff-47b9-9503-3b924dae9753: Rolled log segment from /workdir/hadoop-ozone/integration-test/target/test-dir/MiniOzoneClusterImpl-df511d4d-48d9-413f-91af-5a600e7276fd/datanode-2/data/ratis/26731607-97ff-47b9-9503-3b924dae9753/current/log_inprogress_0 to /workdir/hadoop-ozone/integration-test/target/test-dir/MiniOzoneClusterImpl-df511d4d-48d9-413f-91af-5a600e7276fd/datanode-2/data/ratis/26731607-97ff-47b9-9503-3b924dae9753/current/log_0-0
2019-08-20 15:34:38,961 [22408b8b-2596-4e0e-b1a4-1a1860f88c8a:group-3B924DAE9753:LeaderElection21] INFO  impl.RaftServerImpl (ServerState.java:setRaftConf(361)) - 22408b8b-2596-4e0e-b1a4-1a1860f88c8a:group-3B924DAE9753 set configuration 1: [22408b8b-2596-4e0e-b1a4-1a1860f88c8a:192.168.69.100:38420], old=null at 1
2019-08-20 15:34:38,997 [22408b8b-2596-4e0e-b1a4-1a1860f88c8a-SegmentedRaftLogWorker:Storage Directory /workdir/hadoop-ozone/integration-test/target/test-dir/MiniOzoneClusterImpl-df511d4d-48d9-413f-91af-5a600e7276fd/datanode-2/data/ratis/26731607-97ff-47b9-9503-3b924dae9753] INFO  segmented.SegmentedRaftLogWorker (SegmentedRaftLogWorker.java:execute(569)) - 22408b8b-2596-4e0e-b1a4-1a1860f88c8a-SegmentedRaftLogWorker:Storage Directory /workdir/hadoop-ozone/integration-test/target/test-dir/MiniOzoneClusterImpl-df511d4d-48d9-413f-91af-5a600e7276fd/datanode-2/data/ratis/26731607-97ff-47b9-9503-3b924dae9753: created new log segment /workdir/hadoop-ozone/integration-test/target/test-dir/MiniOzoneClusterImpl-df511d4d-48d9-413f-91af-5a600e7276fd/datanode-2/data/ratis/26731607-97ff-47b9-9503-3b924dae9753/current/log_inprogress_1
2019-08-20 15:34:39,374 | INFO  | SCMAudit | user=jenkins1000 | ip=192.168.69.100 | op=SEND_HEARTBEAT {datanodeUUID=22408b8b-2596-4e0e-b1a4-1a1860f88c8a, command=[]} | ret=SUCCESS |  
2019-08-20 15:34:40,374 | INFO  | SCMAudit | user=jenkins1000 | ip=192.168.69.100 | op=SEND_HEARTBEAT {datanodeUUID=22408b8b-2596-4e0e-b1a4-1a1860f88c8a, command=[]} | ret=SUCCESS |  
2019-08-20 15:34:40,454 [main] INFO  ozoneimpl.OzoneContainer (OzoneContainer.java:stop(199)) - Attempting to stop container services.
2019-08-20 15:34:40,454 [ForkJoinPool.commonPool-worker-1] INFO  ozoneimpl.OzoneContainer (OzoneContainer.java:stop(199)) - Attempting to stop container services.
2019-08-20 15:34:40,454 [main] INFO  impl.RaftServerProxy (RaftServerProxy.java:lambda$close$4(314)) - 5a997197-d6d4-45cd-8357-040721935652: close
2019-08-20 15:34:40,454 [ForkJoinPool.commonPool-worker-1] INFO  impl.RaftServerProxy (RaftServerProxy.java:lambda$close$4(314)) - 296c1fec-8611-41bc-86b3-34db6a97fa03: close
2019-08-20 15:34:40,455 [main] INFO  impl.RaftServerImpl (RaftServerImpl.java:lambda$shutdown$3(245)) - 5a997197-d6d4-45cd-8357-040721935652: shutdown group-4736DA5B1F3E
2019-08-20 15:34:40,455 [ForkJoinPool.commonPool-worker-1] INFO  impl.RaftServerImpl (RaftServerImpl.java:lambda$shutdown$3(245)) - 296c1fec-8611-41bc-86b3-34db6a97fa03: shutdown group-738F74EF0C8C
2019-08-20 15:34:40,455 [main] INFO  util.JmxRegister (JmxRegister.java:unregister(73)) - Successfully un-registered JMX Bean with object name Ratis:service=RaftServer,group=group-4736DA5B1F3E,id=5a997197-d6d4-45cd-8357-040721935652
2019-08-20 15:34:40,455 [ForkJoinPool.commonPool-worker-1] INFO  util.JmxRegister (JmxRegister.java:unregister(73)) - Successfully un-registered JMX Bean with object name Ratis:service=RaftServer,group=group-738F74EF0C8C,id=296c1fec-8611-41bc-86b3-34db6a97fa03
2019-08-20 15:34:40,455 [ForkJoinPool.commonPool-worker-1] INFO  impl.RoleInfo (RoleInfo.java:shutdownLeaderState(104)) - 296c1fec-8611-41bc-86b3-34db6a97fa03: shutdown LeaderState
2019-08-20 15:34:40,455 [main] INFO  impl.RoleInfo (RoleInfo.java:shutdownLeaderState(104)) - 5a997197-d6d4-45cd-8357-040721935652: shutdown LeaderState
2019-08-20 15:34:40,456 [ForkJoinPool.commonPool-worker-1] INFO  impl.PendingRequests (PendingRequests.java:sendNotLeaderResponses(202)) - 296c1fec-8611-41bc-86b3-34db6a97fa03-PendingRequests: sendNotLeaderResponses
2019-08-20 15:34:40,456 [main] INFO  impl.PendingRequests (PendingRequests.java:sendNotLeaderResponses(202)) - 5a997197-d6d4-45cd-8357-040721935652-PendingRequests: sendNotLeaderResponses
2019-08-20 15:34:40,461 [ForkJoinPool.commonPool-worker-1] INFO  impl.StateMachineUpdater (StateMachineUpdater.java:stopAndJoin(115)) - StateMachineUpdater:296c1fec-8611-41bc-86b3-34db6a97fa03:group-738F74EF0C8C: set stopIndex = 2
2019-08-20 15:34:40,464 [ForkJoinPool.commonPool-worker-1] INFO  impl.RaftServerImpl (ServerState.java:close(394)) - 296c1fec-8611-41bc-86b3-34db6a97fa03:group-738F74EF0C8C closes. The last applied log index is 2
2019-08-20 15:34:40,466 [main] INFO  impl.StateMachineUpdater (StateMachineUpdater.java:stopAndJoin(115)) - StateMachineUpdater:5a997197-d6d4-45cd-8357-040721935652:group-4736DA5B1F3E: set stopIndex = 2
2019-08-20 15:34:40,466 [296c1fec-8611-41bc-86b3-34db6a97fa03-SegmentedRaftLogWorker:Storage Directory /workdir/hadoop-ozone/integration-test/target/test-dir/MiniOzoneClusterImpl-df511d4d-48d9-413f-91af-5a600e7276fd/datanode-0/data/ratis/dba7b7e9-16e2-4661-b591-738f74ef0c8c] INFO  segmented.SegmentedRaftLogWorker (SegmentedRaftLogWorker.java:run(313)) - 296c1fec-8611-41bc-86b3-34db6a97fa03-SegmentedRaftLogWorker:Storage Directory /workdir/hadoop-ozone/integration-test/target/test-dir/MiniOzoneClusterImpl-df511d4d-48d9-413f-91af-5a600e7276fd/datanode-0/data/ratis/dba7b7e9-16e2-4661-b591-738f74ef0c8c was interrupted, exiting. There are 0 tasks remaining in the queue.
2019-08-20 15:34:40,466 [main] INFO  impl.RaftServerImpl (ServerState.java:close(394)) - 5a997197-d6d4-45cd-8357-040721935652:group-4736DA5B1F3E closes. The last applied log index is 2
2019-08-20 15:34:40,468 [ForkJoinPool.commonPool-worker-1] INFO  segmented.SegmentedRaftLogWorker (SegmentedRaftLogWorker.java:close(228)) - 296c1fec-8611-41bc-86b3-34db6a97fa03-SegmentedRaftLogWorker:Storage Directory /workdir/hadoop-ozone/integration-test/target/test-dir/MiniOzoneClusterImpl-df511d4d-48d9-413f-91af-5a600e7276fd/datanode-0/data/ratis/dba7b7e9-16e2-4661-b591-738f74ef0c8c close()
2019-08-20 15:34:40,468 [5a997197-d6d4-45cd-8357-040721935652-SegmentedRaftLogWorker:Storage Directory /workdir/hadoop-ozone/integration-test/target/test-dir/MiniOzoneClusterImpl-df511d4d-48d9-413f-91af-5a600e7276fd/datanode-1/data/ratis/076a2a7d-9497-42db-b3eb-4736da5b1f3e] INFO  segmented.SegmentedRaftLogWorker (SegmentedRaftLogWorker.java:run(313)) - 5a997197-d6d4-45cd-8357-040721935652-SegmentedRaftLogWorker:Storage Directory /workdir/hadoop-ozone/integration-test/target/test-dir/MiniOzoneClusterImpl-df511d4d-48d9-413f-91af-5a600e7276fd/datanode-1/data/ratis/076a2a7d-9497-42db-b3eb-4736da5b1f3e was interrupted, exiting. There are 0 tasks remaining in the queue.
2019-08-20 15:34:40,470 [ForkJoinPool.commonPool-worker-1] INFO  server.GrpcService (GrpcService.java:closeImpl(155)) - 296c1fec-8611-41bc-86b3-34db6a97fa03: shutdown server with port 35973 now
2019-08-20 15:34:40,471 [main] INFO  segmented.SegmentedRaftLogWorker (SegmentedRaftLogWorker.java:close(228)) - 5a997197-d6d4-45cd-8357-040721935652-SegmentedRaftLogWorker:Storage Directory /workdir/hadoop-ozone/integration-test/target/test-dir/MiniOzoneClusterImpl-df511d4d-48d9-413f-91af-5a600e7276fd/datanode-1/data/ratis/076a2a7d-9497-42db-b3eb-4736da5b1f3e close()
2019-08-20 15:34:40,473 [ForkJoinPool.commonPool-worker-1] INFO  server.GrpcService (GrpcService.java:closeImpl(163)) - 296c1fec-8611-41bc-86b3-34db6a97fa03: shutdown server with port 35973 successfully
2019-08-20 15:34:40,475 [main] INFO  impl.RaftServerImpl (RaftServerImpl.java:lambda$shutdown$3(245)) - 5a997197-d6d4-45cd-8357-040721935652: shutdown group-7FC683919504
2019-08-20 15:34:40,475 [main] INFO  util.JmxRegister (JmxRegister.java:unregister(73)) - Successfully un-registered JMX Bean with object name Ratis:service=RaftServer,group=group-7FC683919504,id=5a997197-d6d4-45cd-8357-040721935652
2019-08-20 15:34:40,476 [ForkJoinPool.commonPool-worker-1] INFO  utils.BackgroundService (BackgroundService.java:shutdown(148)) - Shutting down service BlockDeletingService
2019-08-20 15:34:40,476 [main] INFO  impl.RoleInfo (RoleInfo.java:shutdownFollowerState(121)) - 5a997197-d6d4-45cd-8357-040721935652: shutdown FollowerState
2019-08-20 15:34:40,476 [main] INFO  impl.StateMachineUpdater (StateMachineUpdater.java:stopAndJoin(115)) - StateMachineUpdater:5a997197-d6d4-45cd-8357-040721935652:group-7FC683919504: set stopIndex = -1
2019-08-20 15:34:40,477 [Thread-597] INFO  impl.FollowerState (FollowerState.java:run(114)) - 5a997197-d6d4-45cd-8357-040721935652: FollowerState was interrupted: java.lang.InterruptedException: sleep interrupted
2019-08-20 15:34:40,478 [main] INFO  impl.RaftServerImpl (ServerState.java:close(394)) - 5a997197-d6d4-45cd-8357-040721935652:group-7FC683919504 closes. The last applied log index is -1
2019-08-20 15:34:40,480 [5a997197-d6d4-45cd-8357-040721935652-SegmentedRaftLogWorker:Storage Directory /workdir/hadoop-ozone/integration-test/target/test-dir/MiniOzoneClusterImpl-df511d4d-48d9-413f-91af-5a600e7276fd/datanode-1/data/ratis/8b79fb2f-3dbf-4e6d-b5fb-7fc683919504] INFO  segmented.SegmentedRaftLogWorker (SegmentedRaftLogWorker.java:run(313)) - 5a997197-d6d4-45cd-8357-040721935652-SegmentedRaftLogWorker:Storage Directory /workdir/hadoop-ozone/integration-test/target/test-dir/MiniOzoneClusterImpl-df511d4d-48d9-413f-91af-5a600e7276fd/datanode-1/data/ratis/8b79fb2f-3dbf-4e6d-b5fb-7fc683919504 was interrupted, exiting. There are 0 tasks remaining in the queue.
2019-08-20 15:34:40,480 [main] INFO  segmented.SegmentedRaftLogWorker (SegmentedRaftLogWorker.java:close(228)) - 5a997197-d6d4-45cd-8357-040721935652-SegmentedRaftLogWorker:Storage Directory /workdir/hadoop-ozone/integration-test/target/test-dir/MiniOzoneClusterImpl-df511d4d-48d9-413f-91af-5a600e7276fd/datanode-1/data/ratis/8b79fb2f-3dbf-4e6d-b5fb-7fc683919504 close()
2019-08-20 15:34:40,481 [refreshUsed-/workdir/hadoop-ozone/integration-test/target/test-dir/MiniOzoneClusterImpl-df511d4d-48d9-413f-91af-5a600e7276fd/datanode-0/data/containers] WARN  fs.CachingGetSpaceUsed (CachingGetSpaceUsed.java:run(183)) - Thread Interrupted waiting to refresh disk information: sleep interrupted
2019-08-20 15:34:40,483 [main] INFO  server.GrpcService (GrpcService.java:closeImpl(155)) - 5a997197-d6d4-45cd-8357-040721935652: shutdown server with port 40112 now
2019-08-20 15:34:40,484 [main] INFO  server.GrpcService (GrpcService.java:closeImpl(163)) - 5a997197-d6d4-45cd-8357-040721935652: shutdown server with port 40112 successfully
2019-08-20 15:34:40,485 [main] INFO  utils.BackgroundService (BackgroundService.java:shutdown(148)) - Shutting down service BlockDeletingService
2019-08-20 15:34:40,486 [refreshUsed-/workdir/hadoop-ozone/integration-test/target/test-dir/MiniOzoneClusterImpl-df511d4d-48d9-413f-91af-5a600e7276fd/datanode-1/data/containers] WARN  fs.CachingGetSpaceUsed (CachingGetSpaceUsed.java:run(183)) - Thread Interrupted waiting to refresh disk information: sleep interrupted
2019-08-20 15:34:40,497 [ForkJoinPool.commonPool-worker-1] INFO  statemachine.DatanodeStateMachine (DatanodeStateMachine.java:stopDaemon(395)) - Ozone container server stopped.
2019-08-20 15:34:40,500 [ForkJoinPool.commonPool-worker-1] INFO  handler.ContextHandler (ContextHandler.java:doStop(910)) - Stopped o.e.j.w.WebAppContext@1a824d55{/,null,UNAVAILABLE}{/hddsDatanode}
2019-08-20 15:34:40,500 [ForkJoinPool.commonPool-worker-1] INFO  server.AbstractConnector (AbstractConnector.java:doStop(318)) - Stopped ServerConnector@78cdc6f8{HTTP/1.1,[http/1.1]}{0.0.0.0:37251}
2019-08-20 15:34:40,501 [ForkJoinPool.commonPool-worker-1] INFO  handler.ContextHandler (ContextHandler.java:doStop(910)) - Stopped o.e.j.s.ServletContextHandler@7bb1d6ca{/static,jar:file:/home/user/.m2/repository/org/apache/hadoop/hadoop-hdds-container-service/0.5.0-SNAPSHOT/hadoop-hdds-container-service-0.5.0-SNAPSHOT.jar!/webapps/static,UNAVAILABLE}
2019-08-20 15:34:40,503 [ForkJoinPool.commonPool-worker-1] INFO  handler.ContextHandler (ContextHandler.java:doStop(910)) - Stopped o.e.j.s.ServletContextHandler@1388a79{/logs,file:///workdir/hadoop-ozone/integration-test/target/log,UNAVAILABLE}
2019-08-20 15:34:40,503 [ForkJoinPool.commonPool-worker-1] INFO  datanode.ObjectStoreHandler (ObjectStoreHandler.java:close(155)) - Closing ObjectStoreHandler.
2019-08-20 15:34:40,504 [ForkJoinPool.commonPool-worker-1] INFO  ozone.HddsDatanodeService (HddsDatanodeService.java:stop(451)) - Stopped plug-in org.apache.hadoop.ozone.web.OzoneHddsDatanodeService@4dd873c8
2019-08-20 15:34:40,507 [main] INFO  statemachine.DatanodeStateMachine (DatanodeStateMachine.java:stopDaemon(395)) - Ozone container server stopped.
2019-08-20 15:34:40,509 [main] INFO  handler.ContextHandler (ContextHandler.java:doStop(910)) - Stopped o.e.j.w.WebAppContext@31ad540c{/,null,UNAVAILABLE}{/hddsDatanode}
2019-08-20 15:34:40,510 [main] INFO  server.AbstractConnector (AbstractConnector.java:doStop(318)) - Stopped ServerConnector@58c3be5f{HTTP/1.1,[http/1.1]}{0.0.0.0:38137}
2019-08-20 15:34:40,511 [main] INFO  handler.ContextHandler (ContextHandler.java:doStop(910)) - Stopped o.e.j.s.ServletContextHandler@4561149d{/static,jar:file:/home/user/.m2/repository/org/apache/hadoop/hadoop-hdds-container-service/0.5.0-SNAPSHOT/hadoop-hdds-container-service-0.5.0-SNAPSHOT.jar!/webapps/static,UNAVAILABLE}
2019-08-20 15:34:40,512 [main] INFO  handler.ContextHandler (ContextHandler.java:doStop(910)) - Stopped o.e.j.s.ServletContextHandler@2f6f757c{/logs,file:///workdir/hadoop-ozone/integration-test/target/log,UNAVAILABLE}
2019-08-20 15:34:40,733 [EventQueue-StaleNodeForStaleNodeHandler] INFO  node.StaleNodeHandler (StaleNodeHandler.java:onMessage(58)) - Datanode 5a997197-d6d4-45cd-8357-040721935652{ip: 192.168.69.100, host: pr-hdds-1975-spxzp-3193579258, networkLocation: /default-rack, certSerialId: null} moved to stale state. Finalizing its pipelines [PipelineID=076a2a7d-9497-42db-b3eb-4736da5b1f3e, PipelineID=8b79fb2f-3dbf-4e6d-b5fb-7fc683919504]
2019-08-20 15:34:40,733 [EventQueue-StaleNodeForStaleNodeHandler] INFO  pipeline.SCMPipelineManager (SCMPipelineManager.java:finalizeAndDestroyPipeline(309)) - destroying pipeline:Pipeline[ Id: 076a2a7d-9497-42db-b3eb-4736da5b1f3e, Nodes: 5a997197-d6d4-45cd-8357-040721935652{ip: 192.168.69.100, host: pr-hdds-1975-spxzp-3193579258, networkLocation: /default-rack, certSerialId: null}, Type:RATIS, Factor:ONE, State:CLOSED]
2019-08-20 15:34:40,734 [EventQueue-StaleNodeForStaleNodeHandler] INFO  pipeline.SCMPipelineManager (SCMPipelineManager.java:finalizeAndDestroyPipeline(309)) - destroying pipeline:Pipeline[ Id: 8b79fb2f-3dbf-4e6d-b5fb-7fc683919504, Nodes: 5a997197-d6d4-45cd-8357-040721935652{ip: 192.168.69.100, host: pr-hdds-1975-spxzp-3193579258, networkLocation: /default-rack, certSerialId: null}, Type:RATIS, Factor:ONE, State:OPEN]
2019-08-20 15:34:40,734 [EventQueue-StaleNodeForStaleNodeHandler] INFO  pipeline.PipelineStateManager (PipelineStateManager.java:finalizePipeline(123)) - Pipeline Pipeline[ Id: 8b79fb2f-3dbf-4e6d-b5fb-7fc683919504, Nodes: 5a997197-d6d4-45cd-8357-040721935652{ip: 192.168.69.100, host: pr-hdds-1975-spxzp-3193579258, networkLocation: /default-rack, certSerialId: null}, Type:RATIS, Factor:ONE, State:CLOSED] moved to CLOSED state
2019-08-20 15:34:41,373 [Datanode State Machine Thread - 0] INFO  statemachine.DatanodeStateMachine (DatanodeStateMachine.java:lambda$startDaemon$0(350)) - Ozone container server started.
2019-08-20 15:34:41,930 [Thread-600] INFO  impl.FollowerState (FollowerState.java:run(106)) - 22408b8b-2596-4e0e-b1a4-1a1860f88c8a:group-8B84A4E2AB05 changes to CANDIDATE, lastRpcTime:5150, electionTimeout:5150ms
2019-08-20 15:34:41,930 [Thread-600] INFO  impl.RoleInfo (RoleInfo.java:shutdownFollowerState(121)) - 22408b8b-2596-4e0e-b1a4-1a1860f88c8a: shutdown FollowerState
2019-08-20 15:34:41,930 [Thread-600] INFO  impl.RaftServerImpl (RaftServerImpl.java:setRole(171)) - 22408b8b-2596-4e0e-b1a4-1a1860f88c8a:group-8B84A4E2AB05 changes role from FOLLOWER to CANDIDATE at term 0 for changeToCandidate
2019-08-20 15:34:41,931 [Thread-600] INFO  impl.RoleInfo (RoleInfo.java:updateAndGet(143)) - 22408b8b-2596-4e0e-b1a4-1a1860f88c8a: start LeaderElection
2019-08-20 15:34:41,941 [22408b8b-2596-4e0e-b1a4-1a1860f88c8a:group-8B84A4E2AB05:LeaderElection22] INFO  impl.LeaderElection (LeaderElection.java:askForVotes(181)) - 22408b8b-2596-4e0e-b1a4-1a1860f88c8a:group-8B84A4E2AB05:LeaderElection22: begin an election at term 1 for -1: [22408b8b-2596-4e0e-b1a4-1a1860f88c8a:192.168.69.100:38420], old=null
2019-08-20 15:34:41,941 [22408b8b-2596-4e0e-b1a4-1a1860f88c8a:group-8B84A4E2AB05:LeaderElection22] INFO  impl.RoleInfo (RoleInfo.java:shutdownLeaderElection(134)) - 22408b8b-2596-4e0e-b1a4-1a1860f88c8a: shutdown LeaderElection
2019-08-20 15:34:41,942 [22408b8b-2596-4e0e-b1a4-1a1860f88c8a:group-8B84A4E2AB05:LeaderElection22] INFO  impl.RaftServerImpl (RaftServerImpl.java:setRole(171)) - 22408b8b-2596-4e0e-b1a4-1a1860f88c8a:group-8B84A4E2AB05 changes role from CANDIDATE to LEADER at term 1 for changeToLeader
2019-08-20 15:34:41,942 [22408b8b-2596-4e0e-b1a4-1a1860f88c8a:group-8B84A4E2AB05:LeaderElection22] INFO  impl.RaftServerImpl (ServerState.java:setLeader(263)) - 22408b8b-2596-4e0e-b1a4-1a1860f88c8a:group-8B84A4E2AB05 change Leader from null to 22408b8b-2596-4e0e-b1a4-1a1860f88c8a at term 1 for becomeLeader, leader elected after 5165ms
2019-08-20 15:34:41,942 [22408b8b-2596-4e0e-b1a4-1a1860f88c8a:group-8B84A4E2AB05:LeaderElection22] INFO  server.RaftServerConfigKeys (ConfUtils.java:logGet(43)) - raft.server.staging.catchup.gap = 1000 (default)
2019-08-20 15:34:41,942 [22408b8b-2596-4e0e-b1a4-1a1860f88c8a:group-8B84A4E2AB05:LeaderElection22] INFO  server.RaftServerConfigKeys (ConfUtils.java:logGet(43)) - raft.server.rpc.sleep.time = 25ms (default)
2019-08-20 15:34:41,942 [22408b8b-2596-4e0e-b1a4-1a1860f88c8a:group-8B84A4E2AB05:LeaderElection22] INFO  server.RaftServerConfigKeys (ConfUtils.java:logGet(43)) - raft.server.write.element-limit = 4096 (default)
2019-08-20 15:34:41,942 [22408b8b-2596-4e0e-b1a4-1a1860f88c8a:group-8B84A4E2AB05:LeaderElection22] INFO  server.RaftServerConfigKeys (ConfUtils.java:logGet(43)) - raft.server.watch.timeout = 10s (default)
2019-08-20 15:34:41,943 [22408b8b-2596-4e0e-b1a4-1a1860f88c8a:group-8B84A4E2AB05:LeaderElection22] INFO  server.RaftServerConfigKeys (ConfUtils.java:logGet(43)) - raft.server.watch.timeout.denomination = 1s (default)
2019-08-20 15:34:41,943 [22408b8b-2596-4e0e-b1a4-1a1860f88c8a:group-8B84A4E2AB05:LeaderElection22] INFO  server.RaftServerConfigKeys (ConfUtils.java:logGet(43)) - raft.server.watch.element-limit = 65536 (default)
2019-08-20 15:34:41,943 [22408b8b-2596-4e0e-b1a4-1a1860f88c8a:group-8B84A4E2AB05:LeaderElection22] INFO  impl.RoleInfo (RoleInfo.java:updateAndGet(143)) - 22408b8b-2596-4e0e-b1a4-1a1860f88c8a: start LeaderState
2019-08-20 15:34:41,943 [22408b8b-2596-4e0e-b1a4-1a1860f88c8a:group-8B84A4E2AB05:LeaderElection22] INFO  segmented.SegmentedRaftLogWorker (SegmentedRaftLogWorker.java:startLogSegment(380)) - 22408b8b-2596-4e0e-b1a4-1a1860f88c8a-SegmentedRaftLogWorker:Storage Directory /workdir/hadoop-ozone/integration-test/target/test-dir/MiniOzoneClusterImpl-df511d4d-48d9-413f-91af-5a600e7276fd/datanode-2/data/ratis/546551b0-b0ea-404a-9aee-8b84a4e2ab05: Starting segment from index:0
2019-08-20 15:34:41,944 [22408b8b-2596-4e0e-b1a4-1a1860f88c8a:group-8B84A4E2AB05:LeaderElection22] INFO  impl.RaftServerImpl (ServerState.java:setRaftConf(361)) - 22408b8b-2596-4e0e-b1a4-1a1860f88c8a:group-8B84A4E2AB05 set configuration 0: [22408b8b-2596-4e0e-b1a4-1a1860f88c8a:192.168.69.100:38420], old=null at 0
2019-08-20 15:34:41,988 [22408b8b-2596-4e0e-b1a4-1a1860f88c8a-SegmentedRaftLogWorker:Storage Directory /workdir/hadoop-ozone/integration-test/target/test-dir/MiniOzoneClusterImpl-df511d4d-48d9-413f-91af-5a600e7276fd/datanode-2/data/ratis/546551b0-b0ea-404a-9aee-8b84a4e2ab05] INFO  segmented.SegmentedRaftLogWorker (SegmentedRaftLogWorker.java:execute(569)) - 22408b8b-2596-4e0e-b1a4-1a1860f88c8a-SegmentedRaftLogWorker:Storage Directory /workdir/hadoop-ozone/integration-test/target/test-dir/MiniOzoneClusterImpl-df511d4d-48d9-413f-91af-5a600e7276fd/datanode-2/data/ratis/546551b0-b0ea-404a-9aee-8b84a4e2ab05: created new log segment /workdir/hadoop-ozone/integration-test/target/test-dir/MiniOzoneClusterImpl-df511d4d-48d9-413f-91af-5a600e7276fd/datanode-2/data/ratis/546551b0-b0ea-404a-9aee-8b84a4e2ab05/current/log_inprogress_0
2019-08-20 15:34:45,504 [ForkJoinPool.commonPool-worker-1] INFO  ozoneimpl.OzoneContainer (OzoneContainer.java:stop(199)) - Attempting to stop container services.
2019-08-20 15:34:45,505 [ForkJoinPool.commonPool-worker-1] INFO  impl.RaftServerProxy (RaftServerProxy.java:lambda$close$4(314)) - 22408b8b-2596-4e0e-b1a4-1a1860f88c8a: close
2019-08-20 15:34:45,505 [ForkJoinPool.commonPool-worker-1] INFO  impl.RaftServerImpl (RaftServerImpl.java:lambda$shutdown$3(245)) - 22408b8b-2596-4e0e-b1a4-1a1860f88c8a: shutdown group-8B84A4E2AB05
2019-08-20 15:34:45,505 [ForkJoinPool.commonPool-worker-1] INFO  util.JmxRegister (JmxRegister.java:unregister(73)) - Successfully un-registered JMX Bean with object name Ratis:service=RaftServer,group=group-8B84A4E2AB05,id=22408b8b-2596-4e0e-b1a4-1a1860f88c8a
2019-08-20 15:34:45,505 [ForkJoinPool.commonPool-worker-1] INFO  impl.RoleInfo (RoleInfo.java:shutdownLeaderState(104)) - 22408b8b-2596-4e0e-b1a4-1a1860f88c8a: shutdown LeaderState
2019-08-20 15:34:45,506 [ForkJoinPool.commonPool-worker-1] INFO  impl.PendingRequests (PendingRequests.java:sendNotLeaderResponses(202)) - 22408b8b-2596-4e0e-b1a4-1a1860f88c8a-PendingRequests: sendNotLeaderResponses
2019-08-20 15:34:45,506 [ForkJoinPool.commonPool-worker-1] INFO  impl.StateMachineUpdater (StateMachineUpdater.java:stopAndJoin(115)) - StateMachineUpdater:22408b8b-2596-4e0e-b1a4-1a1860f88c8a:group-8B84A4E2AB05: set stopIndex = 0
2019-08-20 15:34:45,507 [ForkJoinPool.commonPool-worker-1] INFO  impl.RaftServerImpl (ServerState.java:close(394)) - 22408b8b-2596-4e0e-b1a4-1a1860f88c8a:group-8B84A4E2AB05 closes. The last applied log index is 0
2019-08-20 15:34:45,507 [22408b8b-2596-4e0e-b1a4-1a1860f88c8a-SegmentedRaftLogWorker:Storage Directory /workdir/hadoop-ozone/integration-test/target/test-dir/MiniOzoneClusterImpl-df511d4d-48d9-413f-91af-5a600e7276fd/datanode-2/data/ratis/546551b0-b0ea-404a-9aee-8b84a4e2ab05] INFO  segmented.SegmentedRaftLogWorker (SegmentedRaftLogWorker.java:run(313)) - 22408b8b-2596-4e0e-b1a4-1a1860f88c8a-SegmentedRaftLogWorker:Storage Directory /workdir/hadoop-ozone/integration-test/target/test-dir/MiniOzoneClusterImpl-df511d4d-48d9-413f-91af-5a600e7276fd/datanode-2/data/ratis/546551b0-b0ea-404a-9aee-8b84a4e2ab05 was interrupted, exiting. There are 0 tasks remaining in the queue.
2019-08-20 15:34:45,508 [ForkJoinPool.commonPool-worker-1] INFO  segmented.SegmentedRaftLogWorker (SegmentedRaftLogWorker.java:close(228)) - 22408b8b-2596-4e0e-b1a4-1a1860f88c8a-SegmentedRaftLogWorker:Storage Directory /workdir/hadoop-ozone/integration-test/target/test-dir/MiniOzoneClusterImpl-df511d4d-48d9-413f-91af-5a600e7276fd/datanode-2/data/ratis/546551b0-b0ea-404a-9aee-8b84a4e2ab05 close()
2019-08-20 15:34:45,509 [ForkJoinPool.commonPool-worker-1] INFO  impl.RaftServerImpl (RaftServerImpl.java:lambda$shutdown$3(245)) - 22408b8b-2596-4e0e-b1a4-1a1860f88c8a: shutdown group-3B924DAE9753
2019-08-20 15:34:45,509 [ForkJoinPool.commonPool-worker-1] INFO  util.JmxRegister (JmxRegister.java:unregister(73)) - Successfully un-registered JMX Bean with object name Ratis:service=RaftServer,group=group-3B924DAE9753,id=22408b8b-2596-4e0e-b1a4-1a1860f88c8a
2019-08-20 15:34:45,509 [ForkJoinPool.commonPool-worker-1] INFO  impl.RoleInfo (RoleInfo.java:shutdownLeaderState(104)) - 22408b8b-2596-4e0e-b1a4-1a1860f88c8a: shutdown LeaderState
2019-08-20 15:34:45,509 [ForkJoinPool.commonPool-worker-1] INFO  impl.PendingRequests (PendingRequests.java:sendNotLeaderResponses(202)) - 22408b8b-2596-4e0e-b1a4-1a1860f88c8a-PendingRequests: sendNotLeaderResponses
2019-08-20 15:34:45,511 [ForkJoinPool.commonPool-worker-1] INFO  impl.StateMachineUpdater (StateMachineUpdater.java:stopAndJoin(115)) - StateMachineUpdater:22408b8b-2596-4e0e-b1a4-1a1860f88c8a:group-3B924DAE9753: set stopIndex = 2
2019-08-20 15:34:45,512 [ForkJoinPool.commonPool-worker-1] INFO  impl.RaftServerImpl (ServerState.java:close(394)) - 22408b8b-2596-4e0e-b1a4-1a1860f88c8a:group-3B924DAE9753 closes. The last applied log index is 2
2019-08-20 15:34:45,512 [22408b8b-2596-4e0e-b1a4-1a1860f88c8a-SegmentedRaftLogWorker:Storage Directory /workdir/hadoop-ozone/integration-test/target/test-dir/MiniOzoneClusterImpl-df511d4d-48d9-413f-91af-5a600e7276fd/datanode-2/data/ratis/26731607-97ff-47b9-9503-3b924dae9753] INFO  segmented.SegmentedRaftLogWorker (SegmentedRaftLogWorker.java:run(313)) - 22408b8b-2596-4e0e-b1a4-1a1860f88c8a-SegmentedRaftLogWorker:Storage Directory /workdir/hadoop-ozone/integration-test/target/test-dir/MiniOzoneClusterImpl-df511d4d-48d9-413f-91af-5a600e7276fd/datanode-2/data/ratis/26731607-97ff-47b9-9503-3b924dae9753 was interrupted, exiting. There are 0 tasks remaining in the queue.
2019-08-20 15:34:45,512 [ForkJoinPool.commonPool-worker-1] INFO  segmented.SegmentedRaftLogWorker (SegmentedRaftLogWorker.java:close(228)) - 22408b8b-2596-4e0e-b1a4-1a1860f88c8a-SegmentedRaftLogWorker:Storage Directory /workdir/hadoop-ozone/integration-test/target/test-dir/MiniOzoneClusterImpl-df511d4d-48d9-413f-91af-5a600e7276fd/datanode-2/data/ratis/26731607-97ff-47b9-9503-3b924dae9753 close()
2019-08-20 15:34:45,513 [ForkJoinPool.commonPool-worker-1] INFO  server.GrpcService (GrpcService.java:closeImpl(155)) - 22408b8b-2596-4e0e-b1a4-1a1860f88c8a: shutdown server with port 38420 now
2019-08-20 15:34:45,514 [ForkJoinPool.commonPool-worker-1] INFO  server.GrpcService (GrpcService.java:closeImpl(163)) - 22408b8b-2596-4e0e-b1a4-1a1860f88c8a: shutdown server with port 38420 successfully
2019-08-20 15:34:45,515 [ForkJoinPool.commonPool-worker-1] INFO  utils.BackgroundService (BackgroundService.java:shutdown(148)) - Shutting down service BlockDeletingService
2019-08-20 15:34:45,516 [refreshUsed-/workdir/hadoop-ozone/integration-test/target/test-dir/MiniOzoneClusterImpl-df511d4d-48d9-413f-91af-5a600e7276fd/datanode-2/data/containers] WARN  fs.CachingGetSpaceUsed (CachingGetSpaceUsed.java:run(183)) - Thread Interrupted waiting to refresh disk information: sleep interrupted
2019-08-20 15:34:45,527 [ForkJoinPool.commonPool-worker-1] INFO  statemachine.DatanodeStateMachine (DatanodeStateMachine.java:stopDaemon(395)) - Ozone container server stopped.
2019-08-20 15:34:45,528 [ForkJoinPool.commonPool-worker-1] INFO  handler.ContextHandler (ContextHandler.java:doStop(910)) - Stopped o.e.j.w.WebAppContext@2d5f1f28{/,null,UNAVAILABLE}{/hddsDatanode}
2019-08-20 15:34:45,529 [ForkJoinPool.commonPool-worker-1] INFO  server.AbstractConnector (AbstractConnector.java:doStop(318)) - Stopped ServerConnector@468fb58b{HTTP/1.1,[http/1.1]}{0.0.0.0:43451}
2019-08-20 15:34:45,529 [ForkJoinPool.commonPool-worker-1] INFO  handler.ContextHandler (ContextHandler.java:doStop(910)) - Stopped o.e.j.s.ServletContextHandler@69922a71{/static,jar:file:/home/user/.m2/repository/org/apache/hadoop/hadoop-hdds-container-service/0.5.0-SNAPSHOT/hadoop-hdds-container-service-0.5.0-SNAPSHOT.jar!/webapps/static,UNAVAILABLE}
2019-08-20 15:34:45,530 [ForkJoinPool.commonPool-worker-1] INFO  handler.ContextHandler (ContextHandler.java:doStop(910)) - Stopped o.e.j.s.ServletContextHandler@575c989a{/logs,file:///workdir/hadoop-ozone/integration-test/target/log,UNAVAILABLE}
2019-08-20 15:34:45,530 [main] INFO  ozone.MiniOzoneClusterImpl (MiniOzoneClusterImpl.java:stop(353)) - Stopping the StorageContainerManager
2019-08-20 15:34:45,531 [main] INFO  server.StorageContainerManager (StorageContainerManager.java:stop(797)) - Stopping Replication Manager Service.
2019-08-20 15:34:45,531 [main] INFO  container.ReplicationManager (ReplicationManager.java:stop(193)) - Stopping Replication Monitor Thread.
2019-08-20 15:34:45,531 [main] INFO  server.StorageContainerManager (StorageContainerManager.java:stop(804)) - Stopping Lease Manager of the command watchers
2019-08-20 15:34:45,531 [main] INFO  server.StorageContainerManager (StorageContainerManager.java:stop(811)) - Stopping datanode service RPC server
2019-08-20 15:34:45,531 [main] INFO  server.SCMDatanodeProtocolServer (SCMDatanodeProtocolServer.java:stop(367)) - Stopping the RPC server for DataNodes
2019-08-20 15:34:45,532 [main] INFO  ipc.Server (Server.java:stop(3082)) - Stopping server on 35297
2019-08-20 15:34:45,533 [IPC Server listener on 35297] INFO  ipc.Server (Server.java:run(1185)) - Stopping IPC Server listener on 35297
2019-08-20 15:34:45,533 [IPC Server Responder] INFO  ipc.Server (Server.java:run(1319)) - Stopping IPC Server Responder
2019-08-20 15:34:45,734 [SCM Heartbeat Processing Thread - 0] WARN  node.NodeStateManager (NodeStateManager.java:scheduleNextHealthCheck(646)) - Current Thread is interrupted, shutting down HB processing thread for Node Manager.
2019-08-20 15:34:45,734 [EventQueue-StaleNodeForStaleNodeHandler] INFO  node.StaleNodeHandler (StaleNodeHandler.java:onMessage(58)) - Datanode 22408b8b-2596-4e0e-b1a4-1a1860f88c8a{ip: 192.168.69.100, host: pr-hdds-1975-spxzp-3193579258, networkLocation: /default-rack, certSerialId: null} moved to stale state. Finalizing its pipelines [PipelineID=546551b0-b0ea-404a-9aee-8b84a4e2ab05, PipelineID=26731607-97ff-47b9-9503-3b924dae9753]
2019-08-20 15:34:45,734 [main] INFO  server.StorageContainerManager (StorageContainerManager.java:stop(819)) - Stopping block service RPC server
2019-08-20 15:34:45,734 [EventQueue-StaleNodeForStaleNodeHandler] INFO  pipeline.SCMPipelineManager (SCMPipelineManager.java:finalizeAndDestroyPipeline(309)) - destroying pipeline:Pipeline[ Id: 546551b0-b0ea-404a-9aee-8b84a4e2ab05, Nodes: 22408b8b-2596-4e0e-b1a4-1a1860f88c8a{ip: 192.168.69.100, host: pr-hdds-1975-spxzp-3193579258, networkLocation: /default-rack, certSerialId: null}, Type:RATIS, Factor:ONE, State:OPEN]
2019-08-20 15:34:45,734 [main] INFO  server.SCMBlockProtocolServer (SCMBlockProtocolServer.java:stop(148)) - Stopping the RPC server for Block Protocol
2019-08-20 15:34:45,734 [EventQueue-StaleNodeForStaleNodeHandler] INFO  pipeline.PipelineStateManager (PipelineStateManager.java:finalizePipeline(123)) - Pipeline Pipeline[ Id: 546551b0-b0ea-404a-9aee-8b84a4e2ab05, Nodes: 22408b8b-2596-4e0e-b1a4-1a1860f88c8a{ip: 192.168.69.100, host: pr-hdds-1975-spxzp-3193579258, networkLocation: /default-rack, certSerialId: null}, Type:RATIS, Factor:ONE, State:CLOSED] moved to CLOSED state
2019-08-20 15:34:45,735 [main] INFO  ipc.Server (Server.java:stop(3082)) - Stopping server on 38891
2019-08-20 15:34:45,735 [EventQueue-StaleNodeForStaleNodeHandler] INFO  pipeline.SCMPipelineManager (SCMPipelineManager.java:finalizeAndDestroyPipeline(309)) - destroying pipeline:Pipeline[ Id: 26731607-97ff-47b9-9503-3b924dae9753, Nodes: 22408b8b-2596-4e0e-b1a4-1a1860f88c8a{ip: 192.168.69.100, host: pr-hdds-1975-spxzp-3193579258, networkLocation: /default-rack, certSerialId: null}, Type:RATIS, Factor:ONE, State:CLOSED]
2019-08-20 15:34:45,736 [IPC Server listener on 38891] INFO  ipc.Server (Server.java:run(1185)) - Stopping IPC Server listener on 38891
2019-08-20 15:34:45,737 [IPC Server Responder] INFO  ipc.Server (Server.java:run(1319)) - Stopping IPC Server Responder
2019-08-20 15:34:45,736 [main] INFO  server.StorageContainerManager (StorageContainerManager.java:stop(826)) - Stopping the StorageContainerLocationProtocol RPC server
2019-08-20 15:34:45,737 [main] INFO  server.SCMClientProtocolServer (SCMClientProtocolServer.java:stop(159)) - Stopping the RPC server for Client Protocol
2019-08-20 15:34:45,738 [main] INFO  ipc.Server (Server.java:stop(3082)) - Stopping server on 38791
2019-08-20 15:34:45,739 [main] INFO  server.StorageContainerManager (StorageContainerManager.java:stop(833)) - Stopping Storage Container Manager HTTP server.
2019-08-20 15:34:45,739 [IPC Server listener on 38791] INFO  ipc.Server (Server.java:run(1185)) - Stopping IPC Server listener on 38791
2019-08-20 15:34:45,740 [IPC Server Responder] INFO  ipc.Server (Server.java:run(1319)) - Stopping IPC Server Responder
2019-08-20 15:34:45,741 [main] INFO  handler.ContextHandler (ContextHandler.java:doStop(910)) - Stopped o.e.j.w.WebAppContext@6225d168{/,null,UNAVAILABLE}{/scm}
2019-08-20 15:34:45,741 [main] INFO  server.AbstractConnector (AbstractConnector.java:doStop(318)) - Stopped ServerConnector@3d7caf11{HTTP/1.1,[http/1.1]}{0.0.0.0:0}
2019-08-20 15:34:45,742 [main] INFO  handler.ContextHandler (ContextHandler.java:doStop(910)) - Stopped o.e.j.s.ServletContextHandler@3f24357d{/static,file:///workdir/hadoop-ozone/integration-test/target/test-classes/webapps/static,UNAVAILABLE}
2019-08-20 15:34:45,742 [main] INFO  handler.ContextHandler (ContextHandler.java:doStop(910)) - Stopped o.e.j.s.ServletContextHandler@3493c0e7{/logs,file:///workdir/hadoop-ozone/integration-test/target/log,UNAVAILABLE}
2019-08-20 15:34:45,743 [main] INFO  server.StorageContainerManager (StorageContainerManager.java:stop(844)) - Stopping Block Manager Service.
2019-08-20 15:34:45,743 [main] INFO  utils.BackgroundService (BackgroundService.java:shutdown(148)) - Shutting down service SCMBlockDeletingService
2019-08-20 15:34:45,744 [main] INFO  utils.BackgroundService (BackgroundService.java:shutdown(148)) - Shutting down service SCMBlockDeletingService
2019-08-20 15:34:45,744 [main] INFO  server.StorageContainerManager (StorageContainerManager.java:stop(866)) - Stopping SCM Event Queue.
2019-08-20 15:34:45,748 [main] INFO  impl.MetricsSystemImpl (MetricsSystemImpl.java:stop(210)) - Stopping HddsDatanode metrics system...
2019-08-20 15:34:45,752 [main] INFO  impl.MetricsSystemImpl (MetricsSystemImpl.java:stop(216)) - HddsDatanode metrics system stopped.
]]></system-out>
    <system-err><![CDATA[Aug 20, 2019 3:34:06 PM com.sun.jersey.server.impl.application.WebApplicationImpl _initiate
INFO: Initiating Jersey application, version 'Jersey: 1.19 02/11/2015 03:25 AM'
Aug 20, 2019 3:34:07 PM com.sun.jersey.server.impl.application.WebApplicationImpl _initiate
INFO: Initiating Jersey application, version 'Jersey: 1.19 02/11/2015 03:25 AM'
Aug 20, 2019 3:34:07 PM com.sun.jersey.server.impl.application.WebApplicationImpl _initiate
INFO: Initiating Jersey application, version 'Jersey: 1.19 02/11/2015 03:25 AM'
Aug 20, 2019 3:34:27 PM com.sun.jersey.server.impl.application.WebApplicationImpl _initiate
INFO: Initiating Jersey application, version 'Jersey: 1.19 02/11/2015 03:25 AM'
Aug 20, 2019 3:34:27 PM com.sun.jersey.server.impl.application.WebApplicationImpl _initiate
INFO: Initiating Jersey application, version 'Jersey: 1.19 02/11/2015 03:25 AM'
Aug 20, 2019 3:34:28 PM com.sun.jersey.server.impl.application.WebApplicationImpl _initiate
INFO: Initiating Jersey application, version 'Jersey: 1.19 02/11/2015 03:25 AM'
]]></system-err>
  </testcase>
</testsuite>