<?xml version="1.0" encoding="UTF-8"?>
<testsuite xmlns:xsi="http://www.w3.org/2001/XMLSchema-instance" xsi:noNamespaceSchemaLocation="https://maven.apache.org/surefire/maven-surefire-plugin/xsd/surefire-test-report.xsd" name="org.apache.hadoop.ozone.client.rpc.TestWatchForCommit" time="225.163" tests="5" errors="1" skipped="0" failures="0">
  <properties>
    <property name="awt.toolkit" value="sun.awt.X11.XToolkit"/>
    <property name="file.encoding.pkg" value="sun.io"/>
    <property name="java.specification.version" value="1.8"/>
    <property name="sun.cpu.isalist" value=""/>
    <property name="sun.jnu.encoding" value="UTF-8"/>
    <property name="java.class.path" value="/workdir/hadoop-ozone/integration-test/target/test-classes:/workdir/hadoop-ozone/integration-test/target/classes:/home/user/.m2/repository/org/apache/hadoop/hadoop-ozone-common/0.5.0-SNAPSHOT/hadoop-ozone-common-0.5.0-SNAPSHOT.jar:/home/user/.m2/repository/org/apache/commons/commons-compress/1.4.1/commons-compress-1.4.1.jar:/home/user/.m2/repository/org/tukaani/xz/1.0/xz-1.0.jar:/home/user/.m2/repository/org/apache/hadoop/hadoop-common/3.2.0/hadoop-common-3.2.0.jar:/home/user/.m2/repository/org/apache/hadoop/hadoop-hdfs/3.2.0/hadoop-hdfs-3.2.0.jar:/home/user/.m2/repository/org/apache/hadoop/hadoop-hdfs-client/3.2.0/hadoop-hdfs-client-3.2.0.jar:/home/user/.m2/repository/com/fasterxml/jackson/core/jackson-annotations/2.9.5/jackson-annotations-2.9.5.jar:/home/user/.m2/repository/org/apache/hadoop/hadoop-hdds-common/0.5.0-SNAPSHOT/hadoop-hdds-common-0.5.0-SNAPSHOT.jar:/home/user/.m2/repository/javax/annotation/javax.annotation-api/1.2/javax.annotation-api-1.2.jar:/home/user/.m2/repository/org/apache/ratis/ratis-server/0.4.0-2337318-SNAPSHOT/ratis-server-0.4.0-2337318-SNAPSHOT.jar:/home/user/.m2/repository/org/apache/ratis/ratis-thirdparty-misc/0.2.0/ratis-thirdparty-misc-0.2.0.jar:/home/user/.m2/repository/org/apache/ratis/ratis-proto/0.4.0-2337318-SNAPSHOT/ratis-proto-0.4.0-2337318-SNAPSHOT.jar:/home/user/.m2/repository/org/apache/ratis/ratis-common/0.4.0-2337318-SNAPSHOT/ratis-common-0.4.0-2337318-SNAPSHOT.jar:/home/user/.m2/repository/org/apache/ratis/ratis-client/0.4.0-2337318-SNAPSHOT/ratis-client-0.4.0-2337318-SNAPSHOT.jar:/home/user/.m2/repository/org/apache/ratis/ratis-metrics/0.4.0-2337318-SNAPSHOT/ratis-metrics-0.4.0-2337318-SNAPSHOT.jar:/home/user/.m2/repository/org/apache/ratis/ratis-netty/0.4.0-2337318-SNAPSHOT/ratis-netty-0.4.0-2337318-SNAPSHOT.jar:/home/user/.m2/repository/org/apache/ratis/ratis-grpc/0.4.0-2337318-SNAPSHOT/ratis-grpc-0.4.0-2337318-SNAPSHOT.jar:/home/user/.m2/repository/org/rocksdb/rocksdbjni/6.0.1/rocksdbjni-6.0.1.jar:/home/user/.m2/repository/org/apache/logging/log4j/log4j-api/2.11.0/log4j-api-2.11.0.jar:/home/user/.m2/repository/org/apache/logging/log4j/log4j-core/2.11.0/log4j-core-2.11.0.jar:/home/user/.m2/repository/com/lmax/disruptor/3.4.2/disruptor-3.4.2.jar:/home/user/.m2/repository/org/apache/commons/commons-pool2/2.6.0/commons-pool2-2.6.0.jar:/home/user/.m2/repository/org/bouncycastle/bcpkix-jdk15on/1.60/bcpkix-jdk15on-1.60.jar:/home/user/.m2/repository/commons-validator/commons-validator/1.6/commons-validator-1.6.jar:/home/user/.m2/repository/commons-digester/commons-digester/1.8.1/commons-digester-1.8.1.jar:/home/user/.m2/repository/io/jaegertracing/jaeger-client/0.33.1/jaeger-client-0.33.1.jar:/home/user/.m2/repository/io/jaegertracing/jaeger-thrift/0.33.1/jaeger-thrift-0.33.1.jar:/home/user/.m2/repository/org/apache/thrift/libthrift/0.11.0/libthrift-0.11.0.jar:/home/user/.m2/repository/com/squareup/okhttp3/okhttp/3.9.0/okhttp-3.9.0.jar:/home/user/.m2/repository/com/squareup/okio/okio/1.13.0/okio-1.13.0.jar:/home/user/.m2/repository/io/jaegertracing/jaeger-core/0.33.1/jaeger-core-0.33.1.jar:/home/user/.m2/repository/io/jaegertracing/jaeger-tracerresolver/0.33.1/jaeger-tracerresolver-0.33.1.jar:/home/user/.m2/repository/io/opentracing/contrib/opentracing-tracerresolver/0.1.5/opentracing-tracerresolver-0.1.5.jar:/home/user/.m2/repository/io/opentracing/opentracing-util/0.31.0/opentracing-util-0.31.0.jar:/home/user/.m2/repository/io/opentracing/opentracing-api/0.31.0/opentracing-api-0.31.0.jar:/home/user/.m2/repository/io/opentracing/opentracing-noop/0.31.0/opentracing-noop-0.31.0.jar:/home/user/.m2/repository/org/apache/hadoop/hadoop-hdds-server-framework/0.5.0-SNAPSHOT/hadoop-hdds-server-framework-0.5.0-SNAPSHOT.jar:/home/user/.m2/repository/org/apache/hadoop/hadoop-hdds-container-service/0.5.0-SNAPSHOT/hadoop-hdds-container-service-0.5.0-SNAPSHOT.jar:/home/user/.m2/repository/org/apache/hadoop/hadoop-hdds-client/0.5.0-SNAPSHOT/hadoop-hdds-client-0.5.0-SNAPSHOT.jar:/home/user/.m2/repository/org/apache/hadoop/hadoop-hdds-tools/0.5.0-SNAPSHOT/hadoop-hdds-tools-0.5.0-SNAPSHOT.jar:/home/user/.m2/repository/org/apache/hadoop/hadoop-hdds-server-scm/0.5.0-SNAPSHOT/hadoop-hdds-server-scm-0.5.0-SNAPSHOT.jar:/home/user/.m2/repository/org/apache/hadoop/hadoop-hdds-docs/0.5.0-SNAPSHOT/hadoop-hdds-docs-0.5.0-SNAPSHOT.jar:/home/user/.m2/repository/io/dropwizard/metrics/metrics-core/3.2.4/metrics-core-3.2.4.jar:/home/user/.m2/repository/org/hamcrest/hamcrest-all/1.3/hamcrest-all-1.3.jar:/home/user/.m2/repository/org/bouncycastle/bcprov-jdk15on/1.60/bcprov-jdk15on-1.60.jar:/home/user/.m2/repository/info/picocli/picocli/3.9.6/picocli-3.9.6.jar:/home/user/.m2/repository/com/google/protobuf/protobuf-java/2.5.0/protobuf-java-2.5.0.jar:/home/user/.m2/repository/com/google/guava/guava/11.0.2/guava-11.0.2.jar:/home/user/.m2/repository/org/apache/hadoop/hadoop-ozone-ozone-manager/0.5.0-SNAPSHOT/hadoop-ozone-ozone-manager-0.5.0-SNAPSHOT.jar:/home/user/.m2/repository/org/apache/hadoop/hadoop-minikdc/3.2.0/hadoop-minikdc-3.2.0.jar:/home/user/.m2/repository/commons-io/commons-io/2.5/commons-io-2.5.jar:/home/user/.m2/repository/org/apache/kerby/kerb-simplekdc/1.0.1/kerb-simplekdc-1.0.1.jar:/home/user/.m2/repository/org/apache/kerby/kerb-client/1.0.1/kerb-client-1.0.1.jar:/home/user/.m2/repository/org/apache/kerby/kerby-config/1.0.1/kerby-config-1.0.1.jar:/home/user/.m2/repository/org/apache/kerby/kerb-core/1.0.1/kerb-core-1.0.1.jar:/home/user/.m2/repository/org/apache/kerby/kerby-pkix/1.0.1/kerby-pkix-1.0.1.jar:/home/user/.m2/repository/org/apache/kerby/kerby-asn1/1.0.1/kerby-asn1-1.0.1.jar:/home/user/.m2/repository/org/apache/kerby/kerby-util/1.0.1/kerby-util-1.0.1.jar:/home/user/.m2/repository/org/apache/kerby/kerb-common/1.0.1/kerb-common-1.0.1.jar:/home/user/.m2/repository/org/apache/kerby/kerb-crypto/1.0.1/kerb-crypto-1.0.1.jar:/home/user/.m2/repository/org/apache/kerby/kerb-util/1.0.1/kerb-util-1.0.1.jar:/home/user/.m2/repository/org/apache/kerby/token-provider/1.0.1/token-provider-1.0.1.jar:/home/user/.m2/repository/org/apache/kerby/kerb-admin/1.0.1/kerb-admin-1.0.1.jar:/home/user/.m2/repository/org/apache/kerby/kerb-server/1.0.1/kerb-server-1.0.1.jar:/home/user/.m2/repository/org/apache/kerby/kerb-identity/1.0.1/kerb-identity-1.0.1.jar:/home/user/.m2/repository/org/apache/kerby/kerby-xdr/1.0.1/kerby-xdr-1.0.1.jar:/home/user/.m2/repository/org/slf4j/slf4j-log4j12/1.7.25/slf4j-log4j12-1.7.25.jar:/home/user/.m2/repository/org/apache/hadoop/hadoop-ozone-objectstore-service/0.5.0-SNAPSHOT/hadoop-ozone-objectstore-service-0.5.0-SNAPSHOT.jar:/home/user/.m2/repository/org/apache/hadoop/hadoop-ozone-s3gateway/0.5.0-SNAPSHOT/hadoop-ozone-s3gateway-0.5.0-SNAPSHOT.jar:/home/user/.m2/repository/org/jboss/weld/servlet/weld-servlet/2.4.7.Final/weld-servlet-2.4.7.Final.jar:/home/user/.m2/repository/org/glassfish/jersey/containers/jersey-container-servlet-core/2.27/jersey-container-servlet-core-2.27.jar:/home/user/.m2/repository/org/glassfish/hk2/external/javax.inject/2.5.0-b42/javax.inject-2.5.0-b42.jar:/home/user/.m2/repository/org/glassfish/jersey/core/jersey-common/2.27/jersey-common-2.27.jar:/home/user/.m2/repository/org/glassfish/hk2/osgi-resource-locator/1.0.1/osgi-resource-locator-1.0.1.jar:/home/user/.m2/repository/javax/ws/rs/javax.ws.rs-api/2.1/javax.ws.rs-api-2.1.jar:/home/user/.m2/repository/org/glassfish/jersey/ext/cdi/jersey-cdi1x/2.27/jersey-cdi1x-2.27.jar:/home/user/.m2/repository/org/glassfish/jersey/inject/jersey-hk2/2.27/jersey-hk2-2.27.jar:/home/user/.m2/repository/org/glassfish/hk2/hk2-locator/2.5.0-b42/hk2-locator-2.5.0-b42.jar:/home/user/.m2/repository/org/javassist/javassist/3.22.0-CR2/javassist-3.22.0-CR2.jar:/home/user/.m2/repository/org/glassfish/hk2/hk2-api/2.5.0/hk2-api-2.5.0.jar:/home/user/.m2/repository/org/glassfish/hk2/external/jakarta.inject/2.5.0/jakarta.inject-2.5.0.jar:/home/user/.m2/repository/org/glassfish/hk2/hk2-utils/2.5.0/hk2-utils-2.5.0.jar:/home/user/.m2/repository/jakarta/annotation/jakarta.annotation-api/1.3.4/jakarta.annotation-api-1.3.4.jar:/home/user/.m2/repository/org/glassfish/hk2/external/aopalliance-repackaged/2.5.0/aopalliance-repackaged-2.5.0.jar:/home/user/.m2/repository/com/fasterxml/jackson/dataformat/jackson-dataformat-xml/2.9.0/jackson-dataformat-xml-2.9.0.jar:/home/user/.m2/repository/com/fasterxml/jackson/core/jackson-core/2.9.5/jackson-core-2.9.5.jar:/home/user/.m2/repository/com/fasterxml/jackson/module/jackson-module-jaxb-annotations/2.9.5/jackson-module-jaxb-annotations-2.9.5.jar:/home/user/.m2/repository/javax/enterprise/cdi-api/1.2/cdi-api-1.2.jar:/home/user/.m2/repository/javax/el/javax.el-api/3.0.0/javax.el-api-3.0.0.jar:/home/user/.m2/repository/javax/interceptor/javax.interceptor-api/1.2/javax.interceptor-api-1.2.jar:/home/user/.m2/repository/javax/inject/javax.inject/1/javax.inject-1.jar:/home/user/.m2/repository/com/sun/xml/bind/jaxb-impl/2.3.0.1/jaxb-impl-2.3.0.1.jar:/home/user/.m2/repository/com/sun/xml/bind/jaxb-core/2.3.0.1/jaxb-core-2.3.0.1.jar:/home/user/.m2/repository/javax/xml/bind/jaxb-api/2.3.0/jaxb-api-2.3.0.jar:/home/user/.m2/repository/javax/activation/activation/1.1.1/activation-1.1.1.jar:/home/user/.m2/repository/org/apache/hadoop/hadoop-ozone-csi/0.5.0-SNAPSHOT/hadoop-ozone-csi-0.5.0-SNAPSHOT.jar:/home/user/.m2/repository/com/google/protobuf/protobuf-java-util/3.5.1/protobuf-java-util-3.5.1.jar:/home/user/.m2/repository/org/apache/hadoop/hadoop-hdds-config/0.5.0-SNAPSHOT/hadoop-hdds-config-0.5.0-SNAPSHOT.jar:/home/user/.m2/repository/io/grpc/grpc-netty/1.17.1/grpc-netty-1.17.1.jar:/home/user/.m2/repository/io/grpc/grpc-core/1.17.1/grpc-core-1.17.1.jar:/home/user/.m2/repository/io/grpc/grpc-context/1.17.1/grpc-context-1.17.1.jar:/home/user/.m2/repository/com/google/errorprone/error_prone_annotations/2.2.0/error_prone_annotations-2.2.0.jar:/home/user/.m2/repository/org/codehaus/mojo/animal-sniffer-annotations/1.17/animal-sniffer-annotations-1.17.jar:/home/user/.m2/repository/io/opencensus/opencensus-api/0.17.0/opencensus-api-0.17.0.jar:/home/user/.m2/repository/io/opencensus/opencensus-contrib-grpc-metrics/0.17.0/opencensus-contrib-grpc-metrics-0.17.0.jar:/home/user/.m2/repository/io/netty/netty-codec-http2/4.1.30.Final/netty-codec-http2-4.1.30.Final.jar:/home/user/.m2/repository/io/netty/netty-codec-http/4.1.30.Final/netty-codec-http-4.1.30.Final.jar:/home/user/.m2/repository/io/netty/netty-codec/4.1.30.Final/netty-codec-4.1.30.Final.jar:/home/user/.m2/repository/io/netty/netty-handler/4.1.30.Final/netty-handler-4.1.30.Final.jar:/home/user/.m2/repository/io/netty/netty-handler-proxy/4.1.30.Final/netty-handler-proxy-4.1.30.Final.jar:/home/user/.m2/repository/io/netty/netty-codec-socks/4.1.30.Final/netty-codec-socks-4.1.30.Final.jar:/home/user/.m2/repository/io/netty/netty-transport-native-epoll/4.1.30.Final/netty-transport-native-epoll-4.1.30.Final.jar:/home/user/.m2/repository/io/netty/netty-common/4.1.30.Final/netty-common-4.1.30.Final.jar:/home/user/.m2/repository/io/netty/netty-buffer/4.1.30.Final/netty-buffer-4.1.30.Final.jar:/home/user/.m2/repository/io/netty/netty-transport/4.1.30.Final/netty-transport-4.1.30.Final.jar:/home/user/.m2/repository/io/netty/netty-resolver/4.1.30.Final/netty-resolver-4.1.30.Final.jar:/home/user/.m2/repository/io/netty/netty-transport-native-unix-common/4.1.30.Final/netty-transport-native-unix-common-4.1.30.Final.jar:/home/user/.m2/repository/io/grpc/grpc-protobuf/1.17.1/grpc-protobuf-1.17.1.jar:/home/user/.m2/repository/com/google/api/grpc/proto-google-common-protos/1.0.0/proto-google-common-protos-1.0.0.jar:/home/user/.m2/repository/io/grpc/grpc-protobuf-lite/1.17.1/grpc-protobuf-lite-1.17.1.jar:/home/user/.m2/repository/io/grpc/grpc-stub/1.17.1/grpc-stub-1.17.1.jar:/home/user/.m2/repository/org/apache/hadoop/hadoop-ozone-recon/0.5.0-SNAPSHOT/hadoop-ozone-recon-0.5.0-SNAPSHOT.jar:/home/user/.m2/repository/org/apache/hadoop/hadoop-ozone-reconcodegen/0.5.0-SNAPSHOT/hadoop-ozone-reconcodegen-0.5.0-SNAPSHOT.jar:/home/user/.m2/repository/com/google/inject/extensions/guice-multibindings/4.0/guice-multibindings-4.0.jar:/home/user/.m2/repository/com/google/inject/guice/4.0/guice-4.0.jar:/home/user/.m2/repository/aopalliance/aopalliance/1.0/aopalliance-1.0.jar:/home/user/.m2/repository/com/google/inject/extensions/guice-servlet/4.0/guice-servlet-4.0.jar:/home/user/.m2/repository/org/glassfish/jersey/containers/jersey-container-servlet/2.27/jersey-container-servlet-2.27.jar:/home/user/.m2/repository/org/glassfish/hk2/guice-bridge/2.5.0/guice-bridge-2.5.0.jar:/home/user/.m2/repository/org/glassfish/jersey/core/jersey-server/2.27/jersey-server-2.27.jar:/home/user/.m2/repository/org/glassfish/jersey/core/jersey-client/2.27/jersey-client-2.27.jar:/home/user/.m2/repository/org/glassfish/jersey/media/jersey-media-jaxb/2.27/jersey-media-jaxb-2.27.jar:/home/user/.m2/repository/javax/validation/validation-api/1.1.0.Final/validation-api-1.1.0.Final.jar:/home/user/.m2/repository/org/glassfish/jersey/media/jersey-media-json-jackson/2.27/jersey-media-json-jackson-2.27.jar:/home/user/.m2/repository/org/glassfish/jersey/ext/jersey-entity-filtering/2.27/jersey-entity-filtering-2.27.jar:/home/user/.m2/repository/com/google/inject/extensions/guice-assistedinject/4.0/guice-assistedinject-4.0.jar:/home/user/.m2/repository/org/jooq/jooq/3.11.10/jooq-3.11.10.jar:/home/user/.m2/repository/org/jooq/jooq-meta/3.11.10/jooq-meta-3.11.10.jar:/home/user/.m2/repository/org/jooq/jooq-codegen/3.11.10/jooq-codegen-3.11.10.jar:/home/user/.m2/repository/com/jolbox/bonecp/0.8.0.RELEASE/bonecp-0.8.0.RELEASE.jar:/home/user/.m2/repository/org/xerial/sqlite-jdbc/3.25.2/sqlite-jdbc-3.25.2.jar:/home/user/.m2/repository/org/springframework/spring-jdbc/5.1.3.RELEASE/spring-jdbc-5.1.3.RELEASE.jar:/home/user/.m2/repository/org/springframework/spring-beans/5.1.3.RELEASE/spring-beans-5.1.3.RELEASE.jar:/home/user/.m2/repository/org/springframework/spring-core/5.1.3.RELEASE/spring-core-5.1.3.RELEASE.jar:/home/user/.m2/repository/org/springframework/spring-jcl/5.1.3.RELEASE/spring-jcl-5.1.3.RELEASE.jar:/home/user/.m2/repository/org/springframework/spring-tx/5.1.3.RELEASE/spring-tx-5.1.3.RELEASE.jar:/home/user/.m2/repository/org/apache/hadoop/hadoop-ozone-client/0.5.0-SNAPSHOT/hadoop-ozone-client-0.5.0-SNAPSHOT.jar:/home/user/.m2/repository/commons-lang/commons-lang/2.6/commons-lang-2.6.jar:/home/user/.m2/repository/org/apache/hadoop/hadoop-ozone-ozone-manager/0.5.0-SNAPSHOT/hadoop-ozone-ozone-manager-0.5.0-SNAPSHOT-tests.jar:/home/user/.m2/repository/junit/junit/4.11/junit-4.11.jar:/home/user/.m2/repository/org/hamcrest/hamcrest-core/1.3/hamcrest-core-1.3.jar:/home/user/.m2/repository/org/openjdk/jmh/jmh-core/1.19/jmh-core-1.19.jar:/home/user/.m2/repository/net/sf/jopt-simple/jopt-simple/4.6/jopt-simple-4.6.jar:/home/user/.m2/repository/org/apache/commons/commons-math3/3.1.1/commons-math3-3.1.1.jar:/home/user/.m2/repository/org/openjdk/jmh/jmh-generator-annprocess/1.19/jmh-generator-annprocess-1.19.jar:/home/user/.m2/repository/org/mockito/mockito-all/1.8.5/mockito-all-1.8.5.jar:/home/user/.m2/repository/org/apache/hadoop/hadoop-kms/3.2.0/hadoop-kms-3.2.0.jar:/home/user/.m2/repository/org/apache/hadoop/hadoop-auth/3.2.0/hadoop-auth-3.2.0.jar:/home/user/.m2/repository/com/nimbusds/nimbus-jose-jwt/4.41.1/nimbus-jose-jwt-4.41.1.jar:/home/user/.m2/repository/com/github/stephenc/jcip/jcip-annotations/1.0-1/jcip-annotations-1.0-1.jar:/home/user/.m2/repository/net/minidev/json-smart/2.3/json-smart-2.3.jar:/home/user/.m2/repository/net/minidev/accessors-smart/1.2/accessors-smart-1.2.jar:/home/user/.m2/repository/org/ow2/asm/asm/5.0.4/asm-5.0.4.jar:/home/user/.m2/repository/org/apache/curator/curator-framework/2.12.0/curator-framework-2.12.0.jar:/home/user/.m2/repository/com/sun/jersey/jersey-core/1.19/jersey-core-1.19.jar:/home/user/.m2/repository/javax/ws/rs/jsr311-api/1.1.1/jsr311-api-1.1.1.jar:/home/user/.m2/repository/com/sun/jersey/jersey-server/1.19/jersey-server-1.19.jar:/home/user/.m2/repository/javax/servlet/javax.servlet-api/3.1.0/javax.servlet-api-3.1.0.jar:/home/user/.m2/repository/org/eclipse/jetty/jetty-server/9.3.24.v20180605/jetty-server-9.3.24.v20180605.jar:/home/user/.m2/repository/org/eclipse/jetty/jetty-http/9.3.24.v20180605/jetty-http-9.3.24.v20180605.jar:/home/user/.m2/repository/org/eclipse/jetty/jetty-io/9.3.24.v20180605/jetty-io-9.3.24.v20180605.jar:/home/user/.m2/repository/org/eclipse/jetty/jetty-webapp/9.3.24.v20180605/jetty-webapp-9.3.24.v20180605.jar:/home/user/.m2/repository/org/eclipse/jetty/jetty-xml/9.3.24.v20180605/jetty-xml-9.3.24.v20180605.jar:/home/user/.m2/repository/log4j/log4j/1.2.17/log4j-1.2.17.jar:/home/user/.m2/repository/org/slf4j/slf4j-api/1.7.25/slf4j-api-1.7.25.jar:/home/user/.m2/repository/org/slf4j/jul-to-slf4j/1.7.25/jul-to-slf4j-1.7.25.jar:/home/user/.m2/repository/org/eclipse/jetty/jetty-util/9.3.24.v20180605/jetty-util-9.3.24.v20180605.jar:/home/user/.m2/repository/com/fasterxml/jackson/core/jackson-databind/2.9.5/jackson-databind-2.9.5.jar:/home/user/.m2/repository/org/apache/hadoop/hadoop-kms/3.2.0/hadoop-kms-3.2.0-tests.jar:/home/user/.m2/repository/org/apache/hadoop/hadoop-hdds-server-scm/0.5.0-SNAPSHOT/hadoop-hdds-server-scm-0.5.0-SNAPSHOT-tests.jar:/home/user/.m2/repository/org/apache/hadoop/hadoop-hdds-container-service/0.5.0-SNAPSHOT/hadoop-hdds-container-service-0.5.0-SNAPSHOT-tests.jar:/home/user/.m2/repository/org/yaml/snakeyaml/1.16/snakeyaml-1.16.jar:/home/user/.m2/repository/org/apache/hadoop/hadoop-common/3.2.0/hadoop-common-3.2.0-tests.jar:/home/user/.m2/repository/org/apache/hadoop/hadoop-annotations/3.2.0/hadoop-annotations-3.2.0.jar:/usr/lib/jvm/java-1.8-openjdk/jre/../lib/tools.jar:/home/user/.m2/repository/commons-cli/commons-cli/1.2/commons-cli-1.2.jar:/home/user/.m2/repository/org/apache/httpcomponents/httpclient/4.5.2/httpclient-4.5.2.jar:/home/user/.m2/repository/org/apache/httpcomponents/httpcore/4.4.4/httpcore-4.4.4.jar:/home/user/.m2/repository/commons-codec/commons-codec/1.11/commons-codec-1.11.jar:/home/user/.m2/repository/commons-net/commons-net/3.6/commons-net-3.6.jar:/home/user/.m2/repository/commons-collections/commons-collections/3.2.2/commons-collections-3.2.2.jar:/home/user/.m2/repository/org/eclipse/jetty/jetty-servlet/9.3.24.v20180605/jetty-servlet-9.3.24.v20180605.jar:/home/user/.m2/repository/org/eclipse/jetty/jetty-security/9.3.24.v20180605/jetty-security-9.3.24.v20180605.jar:/home/user/.m2/repository/javax/servlet/jsp/jsp-api/2.1/jsp-api-2.1.jar:/home/user/.m2/repository/com/sun/jersey/jersey-servlet/1.19/jersey-servlet-1.19.jar:/home/user/.m2/repository/com/sun/jersey/jersey-json/1.19/jersey-json-1.19.jar:/home/user/.m2/repository/org/codehaus/jettison/jettison/1.1/jettison-1.1.jar:/home/user/.m2/repository/org/codehaus/jackson/jackson-core-asl/1.9.13/jackson-core-asl-1.9.13.jar:/home/user/.m2/repository/org/codehaus/jackson/jackson-mapper-asl/1.9.13/jackson-mapper-asl-1.9.13.jar:/home/user/.m2/repository/org/codehaus/jackson/jackson-jaxrs/1.9.13/jackson-jaxrs-1.9.13.jar:/home/user/.m2/repository/org/codehaus/jackson/jackson-xc/1.9.13/jackson-xc-1.9.13.jar:/home/user/.m2/repository/commons-logging/commons-logging/1.1.3/commons-logging-1.1.3.jar:/home/user/.m2/repository/commons-beanutils/commons-beanutils/1.9.3/commons-beanutils-1.9.3.jar:/home/user/.m2/repository/org/apache/commons/commons-configuration2/2.1.1/commons-configuration2-2.1.1.jar:/home/user/.m2/repository/org/apache/commons/commons-lang3/3.7/commons-lang3-3.7.jar:/home/user/.m2/repository/org/apache/commons/commons-text/1.4/commons-text-1.4.jar:/home/user/.m2/repository/org/apache/avro/avro/1.7.7/avro-1.7.7.jar:/home/user/.m2/repository/com/thoughtworks/paranamer/paranamer/2.3/paranamer-2.3.jar:/home/user/.m2/repository/org/xerial/snappy/snappy-java/1.0.5/snappy-java-1.0.5.jar:/home/user/.m2/repository/com/google/re2j/re2j/1.1/re2j-1.1.jar:/home/user/.m2/repository/com/google/code/gson/gson/2.2.4/gson-2.2.4.jar:/home/user/.m2/repository/com/jcraft/jsch/0.1.54/jsch-0.1.54.jar:/home/user/.m2/repository/org/apache/curator/curator-client/2.12.0/curator-client-2.12.0.jar:/home/user/.m2/repository/org/apache/curator/curator-recipes/2.12.0/curator-recipes-2.12.0.jar:/home/user/.m2/repository/com/google/code/findbugs/jsr305/3.0.0/jsr305-3.0.0.jar:/home/user/.m2/repository/org/apache/htrace/htrace-core4/4.1.0-incubating/htrace-core4-4.1.0-incubating.jar:/home/user/.m2/repository/org/apache/zookeeper/zookeeper/3.4.13/zookeeper-3.4.13.jar:/home/user/.m2/repository/org/apache/yetus/audience-annotations/0.5.0/audience-annotations-0.5.0.jar:/home/user/.m2/repository/org/codehaus/woodstox/stax2-api/3.1.4/stax2-api-3.1.4.jar:/home/user/.m2/repository/com/fasterxml/woodstox/woodstox-core/5.0.3/woodstox-core-5.0.3.jar:/home/user/.m2/repository/dnsjava/dnsjava/2.1.7/dnsjava-2.1.7.jar:/home/user/.m2/repository/org/apache/hadoop/hadoop-hdfs/3.2.0/hadoop-hdfs-3.2.0-tests.jar:/home/user/.m2/repository/org/eclipse/jetty/jetty-util-ajax/9.3.24.v20180605/jetty-util-ajax-9.3.24.v20180605.jar:/home/user/.m2/repository/commons-daemon/commons-daemon/1.0.13/commons-daemon-1.0.13.jar:/home/user/.m2/repository/io/netty/netty/3.10.5.Final/netty-3.10.5.Final.jar:/home/user/.m2/repository/io/netty/netty-all/4.0.52.Final/netty-all-4.0.52.Final.jar:/home/user/.m2/repository/org/fusesource/leveldbjni/leveldbjni-all/1.8/leveldbjni-all-1.8.jar:"/>
    <property name="java.vm.vendor" value="IcedTea"/>
    <property name="sun.arch.data.model" value="64"/>
    <property name="test.build.dir" value="/workdir/hadoop-ozone/integration-test/target/test-dir"/>
    <property name="test.cache.data" value=""/>
    <property name="java.vendor.url" value="https://icedtea.classpath.org"/>
    <property name="user.timezone" value=""/>
    <property name="java.vm.specification.version" value="1.8"/>
    <property name="os.name" value="Linux"/>
    <property name="test.build.data" value="/workdir/hadoop-ozone/integration-test/target/test-dir"/>
    <property name="user.country" value="US"/>
    <property name="sun.java.launcher" value="SUN_STANDARD"/>
    <property name="sun.boot.library.path" value="/usr/lib/jvm/java-1.8-openjdk/jre/lib/amd64"/>
    <property name="sun.java.command" value="/workdir/hadoop-ozone/integration-test/target/surefire/surefirebooter2599229332255432498.jar /workdir/hadoop-ozone/integration-test/target/surefire 2019-08-20T13-50-32_467-jvmRun1 surefire5929756896810302187tmp surefire_235061437266229867233tmp"/>
    <property name="test" value="!TestMiniChaosOzoneCluster"/>
    <property name="surefire.test.class.path" value="/workdir/hadoop-ozone/integration-test/target/test-classes:/workdir/hadoop-ozone/integration-test/target/classes:/home/user/.m2/repository/org/apache/hadoop/hadoop-ozone-common/0.5.0-SNAPSHOT/hadoop-ozone-common-0.5.0-SNAPSHOT.jar:/home/user/.m2/repository/org/apache/commons/commons-compress/1.4.1/commons-compress-1.4.1.jar:/home/user/.m2/repository/org/tukaani/xz/1.0/xz-1.0.jar:/home/user/.m2/repository/org/apache/hadoop/hadoop-common/3.2.0/hadoop-common-3.2.0.jar:/home/user/.m2/repository/org/apache/hadoop/hadoop-hdfs/3.2.0/hadoop-hdfs-3.2.0.jar:/home/user/.m2/repository/org/apache/hadoop/hadoop-hdfs-client/3.2.0/hadoop-hdfs-client-3.2.0.jar:/home/user/.m2/repository/com/fasterxml/jackson/core/jackson-annotations/2.9.5/jackson-annotations-2.9.5.jar:/home/user/.m2/repository/org/apache/hadoop/hadoop-hdds-common/0.5.0-SNAPSHOT/hadoop-hdds-common-0.5.0-SNAPSHOT.jar:/home/user/.m2/repository/javax/annotation/javax.annotation-api/1.2/javax.annotation-api-1.2.jar:/home/user/.m2/repository/org/apache/ratis/ratis-server/0.4.0-2337318-SNAPSHOT/ratis-server-0.4.0-2337318-SNAPSHOT.jar:/home/user/.m2/repository/org/apache/ratis/ratis-thirdparty-misc/0.2.0/ratis-thirdparty-misc-0.2.0.jar:/home/user/.m2/repository/org/apache/ratis/ratis-proto/0.4.0-2337318-SNAPSHOT/ratis-proto-0.4.0-2337318-SNAPSHOT.jar:/home/user/.m2/repository/org/apache/ratis/ratis-common/0.4.0-2337318-SNAPSHOT/ratis-common-0.4.0-2337318-SNAPSHOT.jar:/home/user/.m2/repository/org/apache/ratis/ratis-client/0.4.0-2337318-SNAPSHOT/ratis-client-0.4.0-2337318-SNAPSHOT.jar:/home/user/.m2/repository/org/apache/ratis/ratis-metrics/0.4.0-2337318-SNAPSHOT/ratis-metrics-0.4.0-2337318-SNAPSHOT.jar:/home/user/.m2/repository/org/apache/ratis/ratis-netty/0.4.0-2337318-SNAPSHOT/ratis-netty-0.4.0-2337318-SNAPSHOT.jar:/home/user/.m2/repository/org/apache/ratis/ratis-grpc/0.4.0-2337318-SNAPSHOT/ratis-grpc-0.4.0-2337318-SNAPSHOT.jar:/home/user/.m2/repository/org/rocksdb/rocksdbjni/6.0.1/rocksdbjni-6.0.1.jar:/home/user/.m2/repository/org/apache/logging/log4j/log4j-api/2.11.0/log4j-api-2.11.0.jar:/home/user/.m2/repository/org/apache/logging/log4j/log4j-core/2.11.0/log4j-core-2.11.0.jar:/home/user/.m2/repository/com/lmax/disruptor/3.4.2/disruptor-3.4.2.jar:/home/user/.m2/repository/org/apache/commons/commons-pool2/2.6.0/commons-pool2-2.6.0.jar:/home/user/.m2/repository/org/bouncycastle/bcpkix-jdk15on/1.60/bcpkix-jdk15on-1.60.jar:/home/user/.m2/repository/commons-validator/commons-validator/1.6/commons-validator-1.6.jar:/home/user/.m2/repository/commons-digester/commons-digester/1.8.1/commons-digester-1.8.1.jar:/home/user/.m2/repository/io/jaegertracing/jaeger-client/0.33.1/jaeger-client-0.33.1.jar:/home/user/.m2/repository/io/jaegertracing/jaeger-thrift/0.33.1/jaeger-thrift-0.33.1.jar:/home/user/.m2/repository/org/apache/thrift/libthrift/0.11.0/libthrift-0.11.0.jar:/home/user/.m2/repository/com/squareup/okhttp3/okhttp/3.9.0/okhttp-3.9.0.jar:/home/user/.m2/repository/com/squareup/okio/okio/1.13.0/okio-1.13.0.jar:/home/user/.m2/repository/io/jaegertracing/jaeger-core/0.33.1/jaeger-core-0.33.1.jar:/home/user/.m2/repository/io/jaegertracing/jaeger-tracerresolver/0.33.1/jaeger-tracerresolver-0.33.1.jar:/home/user/.m2/repository/io/opentracing/contrib/opentracing-tracerresolver/0.1.5/opentracing-tracerresolver-0.1.5.jar:/home/user/.m2/repository/io/opentracing/opentracing-util/0.31.0/opentracing-util-0.31.0.jar:/home/user/.m2/repository/io/opentracing/opentracing-api/0.31.0/opentracing-api-0.31.0.jar:/home/user/.m2/repository/io/opentracing/opentracing-noop/0.31.0/opentracing-noop-0.31.0.jar:/home/user/.m2/repository/org/apache/hadoop/hadoop-hdds-server-framework/0.5.0-SNAPSHOT/hadoop-hdds-server-framework-0.5.0-SNAPSHOT.jar:/home/user/.m2/repository/org/apache/hadoop/hadoop-hdds-container-service/0.5.0-SNAPSHOT/hadoop-hdds-container-service-0.5.0-SNAPSHOT.jar:/home/user/.m2/repository/org/apache/hadoop/hadoop-hdds-client/0.5.0-SNAPSHOT/hadoop-hdds-client-0.5.0-SNAPSHOT.jar:/home/user/.m2/repository/org/apache/hadoop/hadoop-hdds-tools/0.5.0-SNAPSHOT/hadoop-hdds-tools-0.5.0-SNAPSHOT.jar:/home/user/.m2/repository/org/apache/hadoop/hadoop-hdds-server-scm/0.5.0-SNAPSHOT/hadoop-hdds-server-scm-0.5.0-SNAPSHOT.jar:/home/user/.m2/repository/org/apache/hadoop/hadoop-hdds-docs/0.5.0-SNAPSHOT/hadoop-hdds-docs-0.5.0-SNAPSHOT.jar:/home/user/.m2/repository/io/dropwizard/metrics/metrics-core/3.2.4/metrics-core-3.2.4.jar:/home/user/.m2/repository/org/hamcrest/hamcrest-all/1.3/hamcrest-all-1.3.jar:/home/user/.m2/repository/org/bouncycastle/bcprov-jdk15on/1.60/bcprov-jdk15on-1.60.jar:/home/user/.m2/repository/info/picocli/picocli/3.9.6/picocli-3.9.6.jar:/home/user/.m2/repository/com/google/protobuf/protobuf-java/2.5.0/protobuf-java-2.5.0.jar:/home/user/.m2/repository/com/google/guava/guava/11.0.2/guava-11.0.2.jar:/home/user/.m2/repository/org/apache/hadoop/hadoop-ozone-ozone-manager/0.5.0-SNAPSHOT/hadoop-ozone-ozone-manager-0.5.0-SNAPSHOT.jar:/home/user/.m2/repository/org/apache/hadoop/hadoop-minikdc/3.2.0/hadoop-minikdc-3.2.0.jar:/home/user/.m2/repository/commons-io/commons-io/2.5/commons-io-2.5.jar:/home/user/.m2/repository/org/apache/kerby/kerb-simplekdc/1.0.1/kerb-simplekdc-1.0.1.jar:/home/user/.m2/repository/org/apache/kerby/kerb-client/1.0.1/kerb-client-1.0.1.jar:/home/user/.m2/repository/org/apache/kerby/kerby-config/1.0.1/kerby-config-1.0.1.jar:/home/user/.m2/repository/org/apache/kerby/kerb-core/1.0.1/kerb-core-1.0.1.jar:/home/user/.m2/repository/org/apache/kerby/kerby-pkix/1.0.1/kerby-pkix-1.0.1.jar:/home/user/.m2/repository/org/apache/kerby/kerby-asn1/1.0.1/kerby-asn1-1.0.1.jar:/home/user/.m2/repository/org/apache/kerby/kerby-util/1.0.1/kerby-util-1.0.1.jar:/home/user/.m2/repository/org/apache/kerby/kerb-common/1.0.1/kerb-common-1.0.1.jar:/home/user/.m2/repository/org/apache/kerby/kerb-crypto/1.0.1/kerb-crypto-1.0.1.jar:/home/user/.m2/repository/org/apache/kerby/kerb-util/1.0.1/kerb-util-1.0.1.jar:/home/user/.m2/repository/org/apache/kerby/token-provider/1.0.1/token-provider-1.0.1.jar:/home/user/.m2/repository/org/apache/kerby/kerb-admin/1.0.1/kerb-admin-1.0.1.jar:/home/user/.m2/repository/org/apache/kerby/kerb-server/1.0.1/kerb-server-1.0.1.jar:/home/user/.m2/repository/org/apache/kerby/kerb-identity/1.0.1/kerb-identity-1.0.1.jar:/home/user/.m2/repository/org/apache/kerby/kerby-xdr/1.0.1/kerby-xdr-1.0.1.jar:/home/user/.m2/repository/org/slf4j/slf4j-log4j12/1.7.25/slf4j-log4j12-1.7.25.jar:/home/user/.m2/repository/org/apache/hadoop/hadoop-ozone-objectstore-service/0.5.0-SNAPSHOT/hadoop-ozone-objectstore-service-0.5.0-SNAPSHOT.jar:/home/user/.m2/repository/org/apache/hadoop/hadoop-ozone-s3gateway/0.5.0-SNAPSHOT/hadoop-ozone-s3gateway-0.5.0-SNAPSHOT.jar:/home/user/.m2/repository/org/jboss/weld/servlet/weld-servlet/2.4.7.Final/weld-servlet-2.4.7.Final.jar:/home/user/.m2/repository/org/glassfish/jersey/containers/jersey-container-servlet-core/2.27/jersey-container-servlet-core-2.27.jar:/home/user/.m2/repository/org/glassfish/hk2/external/javax.inject/2.5.0-b42/javax.inject-2.5.0-b42.jar:/home/user/.m2/repository/org/glassfish/jersey/core/jersey-common/2.27/jersey-common-2.27.jar:/home/user/.m2/repository/org/glassfish/hk2/osgi-resource-locator/1.0.1/osgi-resource-locator-1.0.1.jar:/home/user/.m2/repository/javax/ws/rs/javax.ws.rs-api/2.1/javax.ws.rs-api-2.1.jar:/home/user/.m2/repository/org/glassfish/jersey/ext/cdi/jersey-cdi1x/2.27/jersey-cdi1x-2.27.jar:/home/user/.m2/repository/org/glassfish/jersey/inject/jersey-hk2/2.27/jersey-hk2-2.27.jar:/home/user/.m2/repository/org/glassfish/hk2/hk2-locator/2.5.0-b42/hk2-locator-2.5.0-b42.jar:/home/user/.m2/repository/org/javassist/javassist/3.22.0-CR2/javassist-3.22.0-CR2.jar:/home/user/.m2/repository/org/glassfish/hk2/hk2-api/2.5.0/hk2-api-2.5.0.jar:/home/user/.m2/repository/org/glassfish/hk2/external/jakarta.inject/2.5.0/jakarta.inject-2.5.0.jar:/home/user/.m2/repository/org/glassfish/hk2/hk2-utils/2.5.0/hk2-utils-2.5.0.jar:/home/user/.m2/repository/jakarta/annotation/jakarta.annotation-api/1.3.4/jakarta.annotation-api-1.3.4.jar:/home/user/.m2/repository/org/glassfish/hk2/external/aopalliance-repackaged/2.5.0/aopalliance-repackaged-2.5.0.jar:/home/user/.m2/repository/com/fasterxml/jackson/dataformat/jackson-dataformat-xml/2.9.0/jackson-dataformat-xml-2.9.0.jar:/home/user/.m2/repository/com/fasterxml/jackson/core/jackson-core/2.9.5/jackson-core-2.9.5.jar:/home/user/.m2/repository/com/fasterxml/jackson/module/jackson-module-jaxb-annotations/2.9.5/jackson-module-jaxb-annotations-2.9.5.jar:/home/user/.m2/repository/javax/enterprise/cdi-api/1.2/cdi-api-1.2.jar:/home/user/.m2/repository/javax/el/javax.el-api/3.0.0/javax.el-api-3.0.0.jar:/home/user/.m2/repository/javax/interceptor/javax.interceptor-api/1.2/javax.interceptor-api-1.2.jar:/home/user/.m2/repository/javax/inject/javax.inject/1/javax.inject-1.jar:/home/user/.m2/repository/com/sun/xml/bind/jaxb-impl/2.3.0.1/jaxb-impl-2.3.0.1.jar:/home/user/.m2/repository/com/sun/xml/bind/jaxb-core/2.3.0.1/jaxb-core-2.3.0.1.jar:/home/user/.m2/repository/javax/xml/bind/jaxb-api/2.3.0/jaxb-api-2.3.0.jar:/home/user/.m2/repository/javax/activation/activation/1.1.1/activation-1.1.1.jar:/home/user/.m2/repository/org/apache/hadoop/hadoop-ozone-csi/0.5.0-SNAPSHOT/hadoop-ozone-csi-0.5.0-SNAPSHOT.jar:/home/user/.m2/repository/com/google/protobuf/protobuf-java-util/3.5.1/protobuf-java-util-3.5.1.jar:/home/user/.m2/repository/org/apache/hadoop/hadoop-hdds-config/0.5.0-SNAPSHOT/hadoop-hdds-config-0.5.0-SNAPSHOT.jar:/home/user/.m2/repository/io/grpc/grpc-netty/1.17.1/grpc-netty-1.17.1.jar:/home/user/.m2/repository/io/grpc/grpc-core/1.17.1/grpc-core-1.17.1.jar:/home/user/.m2/repository/io/grpc/grpc-context/1.17.1/grpc-context-1.17.1.jar:/home/user/.m2/repository/com/google/errorprone/error_prone_annotations/2.2.0/error_prone_annotations-2.2.0.jar:/home/user/.m2/repository/org/codehaus/mojo/animal-sniffer-annotations/1.17/animal-sniffer-annotations-1.17.jar:/home/user/.m2/repository/io/opencensus/opencensus-api/0.17.0/opencensus-api-0.17.0.jar:/home/user/.m2/repository/io/opencensus/opencensus-contrib-grpc-metrics/0.17.0/opencensus-contrib-grpc-metrics-0.17.0.jar:/home/user/.m2/repository/io/netty/netty-codec-http2/4.1.30.Final/netty-codec-http2-4.1.30.Final.jar:/home/user/.m2/repository/io/netty/netty-codec-http/4.1.30.Final/netty-codec-http-4.1.30.Final.jar:/home/user/.m2/repository/io/netty/netty-codec/4.1.30.Final/netty-codec-4.1.30.Final.jar:/home/user/.m2/repository/io/netty/netty-handler/4.1.30.Final/netty-handler-4.1.30.Final.jar:/home/user/.m2/repository/io/netty/netty-handler-proxy/4.1.30.Final/netty-handler-proxy-4.1.30.Final.jar:/home/user/.m2/repository/io/netty/netty-codec-socks/4.1.30.Final/netty-codec-socks-4.1.30.Final.jar:/home/user/.m2/repository/io/netty/netty-transport-native-epoll/4.1.30.Final/netty-transport-native-epoll-4.1.30.Final.jar:/home/user/.m2/repository/io/netty/netty-common/4.1.30.Final/netty-common-4.1.30.Final.jar:/home/user/.m2/repository/io/netty/netty-buffer/4.1.30.Final/netty-buffer-4.1.30.Final.jar:/home/user/.m2/repository/io/netty/netty-transport/4.1.30.Final/netty-transport-4.1.30.Final.jar:/home/user/.m2/repository/io/netty/netty-resolver/4.1.30.Final/netty-resolver-4.1.30.Final.jar:/home/user/.m2/repository/io/netty/netty-transport-native-unix-common/4.1.30.Final/netty-transport-native-unix-common-4.1.30.Final.jar:/home/user/.m2/repository/io/grpc/grpc-protobuf/1.17.1/grpc-protobuf-1.17.1.jar:/home/user/.m2/repository/com/google/api/grpc/proto-google-common-protos/1.0.0/proto-google-common-protos-1.0.0.jar:/home/user/.m2/repository/io/grpc/grpc-protobuf-lite/1.17.1/grpc-protobuf-lite-1.17.1.jar:/home/user/.m2/repository/io/grpc/grpc-stub/1.17.1/grpc-stub-1.17.1.jar:/home/user/.m2/repository/org/apache/hadoop/hadoop-ozone-recon/0.5.0-SNAPSHOT/hadoop-ozone-recon-0.5.0-SNAPSHOT.jar:/home/user/.m2/repository/org/apache/hadoop/hadoop-ozone-reconcodegen/0.5.0-SNAPSHOT/hadoop-ozone-reconcodegen-0.5.0-SNAPSHOT.jar:/home/user/.m2/repository/com/google/inject/extensions/guice-multibindings/4.0/guice-multibindings-4.0.jar:/home/user/.m2/repository/com/google/inject/guice/4.0/guice-4.0.jar:/home/user/.m2/repository/aopalliance/aopalliance/1.0/aopalliance-1.0.jar:/home/user/.m2/repository/com/google/inject/extensions/guice-servlet/4.0/guice-servlet-4.0.jar:/home/user/.m2/repository/org/glassfish/jersey/containers/jersey-container-servlet/2.27/jersey-container-servlet-2.27.jar:/home/user/.m2/repository/org/glassfish/hk2/guice-bridge/2.5.0/guice-bridge-2.5.0.jar:/home/user/.m2/repository/org/glassfish/jersey/core/jersey-server/2.27/jersey-server-2.27.jar:/home/user/.m2/repository/org/glassfish/jersey/core/jersey-client/2.27/jersey-client-2.27.jar:/home/user/.m2/repository/org/glassfish/jersey/media/jersey-media-jaxb/2.27/jersey-media-jaxb-2.27.jar:/home/user/.m2/repository/javax/validation/validation-api/1.1.0.Final/validation-api-1.1.0.Final.jar:/home/user/.m2/repository/org/glassfish/jersey/media/jersey-media-json-jackson/2.27/jersey-media-json-jackson-2.27.jar:/home/user/.m2/repository/org/glassfish/jersey/ext/jersey-entity-filtering/2.27/jersey-entity-filtering-2.27.jar:/home/user/.m2/repository/com/google/inject/extensions/guice-assistedinject/4.0/guice-assistedinject-4.0.jar:/home/user/.m2/repository/org/jooq/jooq/3.11.10/jooq-3.11.10.jar:/home/user/.m2/repository/org/jooq/jooq-meta/3.11.10/jooq-meta-3.11.10.jar:/home/user/.m2/repository/org/jooq/jooq-codegen/3.11.10/jooq-codegen-3.11.10.jar:/home/user/.m2/repository/com/jolbox/bonecp/0.8.0.RELEASE/bonecp-0.8.0.RELEASE.jar:/home/user/.m2/repository/org/xerial/sqlite-jdbc/3.25.2/sqlite-jdbc-3.25.2.jar:/home/user/.m2/repository/org/springframework/spring-jdbc/5.1.3.RELEASE/spring-jdbc-5.1.3.RELEASE.jar:/home/user/.m2/repository/org/springframework/spring-beans/5.1.3.RELEASE/spring-beans-5.1.3.RELEASE.jar:/home/user/.m2/repository/org/springframework/spring-core/5.1.3.RELEASE/spring-core-5.1.3.RELEASE.jar:/home/user/.m2/repository/org/springframework/spring-jcl/5.1.3.RELEASE/spring-jcl-5.1.3.RELEASE.jar:/home/user/.m2/repository/org/springframework/spring-tx/5.1.3.RELEASE/spring-tx-5.1.3.RELEASE.jar:/home/user/.m2/repository/org/apache/hadoop/hadoop-ozone-client/0.5.0-SNAPSHOT/hadoop-ozone-client-0.5.0-SNAPSHOT.jar:/home/user/.m2/repository/commons-lang/commons-lang/2.6/commons-lang-2.6.jar:/home/user/.m2/repository/org/apache/hadoop/hadoop-ozone-ozone-manager/0.5.0-SNAPSHOT/hadoop-ozone-ozone-manager-0.5.0-SNAPSHOT-tests.jar:/home/user/.m2/repository/junit/junit/4.11/junit-4.11.jar:/home/user/.m2/repository/org/hamcrest/hamcrest-core/1.3/hamcrest-core-1.3.jar:/home/user/.m2/repository/org/openjdk/jmh/jmh-core/1.19/jmh-core-1.19.jar:/home/user/.m2/repository/net/sf/jopt-simple/jopt-simple/4.6/jopt-simple-4.6.jar:/home/user/.m2/repository/org/apache/commons/commons-math3/3.1.1/commons-math3-3.1.1.jar:/home/user/.m2/repository/org/openjdk/jmh/jmh-generator-annprocess/1.19/jmh-generator-annprocess-1.19.jar:/home/user/.m2/repository/org/mockito/mockito-all/1.8.5/mockito-all-1.8.5.jar:/home/user/.m2/repository/org/apache/hadoop/hadoop-kms/3.2.0/hadoop-kms-3.2.0.jar:/home/user/.m2/repository/org/apache/hadoop/hadoop-auth/3.2.0/hadoop-auth-3.2.0.jar:/home/user/.m2/repository/com/nimbusds/nimbus-jose-jwt/4.41.1/nimbus-jose-jwt-4.41.1.jar:/home/user/.m2/repository/com/github/stephenc/jcip/jcip-annotations/1.0-1/jcip-annotations-1.0-1.jar:/home/user/.m2/repository/net/minidev/json-smart/2.3/json-smart-2.3.jar:/home/user/.m2/repository/net/minidev/accessors-smart/1.2/accessors-smart-1.2.jar:/home/user/.m2/repository/org/ow2/asm/asm/5.0.4/asm-5.0.4.jar:/home/user/.m2/repository/org/apache/curator/curator-framework/2.12.0/curator-framework-2.12.0.jar:/home/user/.m2/repository/com/sun/jersey/jersey-core/1.19/jersey-core-1.19.jar:/home/user/.m2/repository/javax/ws/rs/jsr311-api/1.1.1/jsr311-api-1.1.1.jar:/home/user/.m2/repository/com/sun/jersey/jersey-server/1.19/jersey-server-1.19.jar:/home/user/.m2/repository/javax/servlet/javax.servlet-api/3.1.0/javax.servlet-api-3.1.0.jar:/home/user/.m2/repository/org/eclipse/jetty/jetty-server/9.3.24.v20180605/jetty-server-9.3.24.v20180605.jar:/home/user/.m2/repository/org/eclipse/jetty/jetty-http/9.3.24.v20180605/jetty-http-9.3.24.v20180605.jar:/home/user/.m2/repository/org/eclipse/jetty/jetty-io/9.3.24.v20180605/jetty-io-9.3.24.v20180605.jar:/home/user/.m2/repository/org/eclipse/jetty/jetty-webapp/9.3.24.v20180605/jetty-webapp-9.3.24.v20180605.jar:/home/user/.m2/repository/org/eclipse/jetty/jetty-xml/9.3.24.v20180605/jetty-xml-9.3.24.v20180605.jar:/home/user/.m2/repository/log4j/log4j/1.2.17/log4j-1.2.17.jar:/home/user/.m2/repository/org/slf4j/slf4j-api/1.7.25/slf4j-api-1.7.25.jar:/home/user/.m2/repository/org/slf4j/jul-to-slf4j/1.7.25/jul-to-slf4j-1.7.25.jar:/home/user/.m2/repository/org/eclipse/jetty/jetty-util/9.3.24.v20180605/jetty-util-9.3.24.v20180605.jar:/home/user/.m2/repository/com/fasterxml/jackson/core/jackson-databind/2.9.5/jackson-databind-2.9.5.jar:/home/user/.m2/repository/org/apache/hadoop/hadoop-kms/3.2.0/hadoop-kms-3.2.0-tests.jar:/home/user/.m2/repository/org/apache/hadoop/hadoop-hdds-server-scm/0.5.0-SNAPSHOT/hadoop-hdds-server-scm-0.5.0-SNAPSHOT-tests.jar:/home/user/.m2/repository/org/apache/hadoop/hadoop-hdds-container-service/0.5.0-SNAPSHOT/hadoop-hdds-container-service-0.5.0-SNAPSHOT-tests.jar:/home/user/.m2/repository/org/yaml/snakeyaml/1.16/snakeyaml-1.16.jar:/home/user/.m2/repository/org/apache/hadoop/hadoop-common/3.2.0/hadoop-common-3.2.0-tests.jar:/home/user/.m2/repository/org/apache/hadoop/hadoop-annotations/3.2.0/hadoop-annotations-3.2.0.jar:/usr/lib/jvm/java-1.8-openjdk/jre/../lib/tools.jar:/home/user/.m2/repository/commons-cli/commons-cli/1.2/commons-cli-1.2.jar:/home/user/.m2/repository/org/apache/httpcomponents/httpclient/4.5.2/httpclient-4.5.2.jar:/home/user/.m2/repository/org/apache/httpcomponents/httpcore/4.4.4/httpcore-4.4.4.jar:/home/user/.m2/repository/commons-codec/commons-codec/1.11/commons-codec-1.11.jar:/home/user/.m2/repository/commons-net/commons-net/3.6/commons-net-3.6.jar:/home/user/.m2/repository/commons-collections/commons-collections/3.2.2/commons-collections-3.2.2.jar:/home/user/.m2/repository/org/eclipse/jetty/jetty-servlet/9.3.24.v20180605/jetty-servlet-9.3.24.v20180605.jar:/home/user/.m2/repository/org/eclipse/jetty/jetty-security/9.3.24.v20180605/jetty-security-9.3.24.v20180605.jar:/home/user/.m2/repository/javax/servlet/jsp/jsp-api/2.1/jsp-api-2.1.jar:/home/user/.m2/repository/com/sun/jersey/jersey-servlet/1.19/jersey-servlet-1.19.jar:/home/user/.m2/repository/com/sun/jersey/jersey-json/1.19/jersey-json-1.19.jar:/home/user/.m2/repository/org/codehaus/jettison/jettison/1.1/jettison-1.1.jar:/home/user/.m2/repository/org/codehaus/jackson/jackson-core-asl/1.9.13/jackson-core-asl-1.9.13.jar:/home/user/.m2/repository/org/codehaus/jackson/jackson-mapper-asl/1.9.13/jackson-mapper-asl-1.9.13.jar:/home/user/.m2/repository/org/codehaus/jackson/jackson-jaxrs/1.9.13/jackson-jaxrs-1.9.13.jar:/home/user/.m2/repository/org/codehaus/jackson/jackson-xc/1.9.13/jackson-xc-1.9.13.jar:/home/user/.m2/repository/commons-logging/commons-logging/1.1.3/commons-logging-1.1.3.jar:/home/user/.m2/repository/commons-beanutils/commons-beanutils/1.9.3/commons-beanutils-1.9.3.jar:/home/user/.m2/repository/org/apache/commons/commons-configuration2/2.1.1/commons-configuration2-2.1.1.jar:/home/user/.m2/repository/org/apache/commons/commons-lang3/3.7/commons-lang3-3.7.jar:/home/user/.m2/repository/org/apache/commons/commons-text/1.4/commons-text-1.4.jar:/home/user/.m2/repository/org/apache/avro/avro/1.7.7/avro-1.7.7.jar:/home/user/.m2/repository/com/thoughtworks/paranamer/paranamer/2.3/paranamer-2.3.jar:/home/user/.m2/repository/org/xerial/snappy/snappy-java/1.0.5/snappy-java-1.0.5.jar:/home/user/.m2/repository/com/google/re2j/re2j/1.1/re2j-1.1.jar:/home/user/.m2/repository/com/google/code/gson/gson/2.2.4/gson-2.2.4.jar:/home/user/.m2/repository/com/jcraft/jsch/0.1.54/jsch-0.1.54.jar:/home/user/.m2/repository/org/apache/curator/curator-client/2.12.0/curator-client-2.12.0.jar:/home/user/.m2/repository/org/apache/curator/curator-recipes/2.12.0/curator-recipes-2.12.0.jar:/home/user/.m2/repository/com/google/code/findbugs/jsr305/3.0.0/jsr305-3.0.0.jar:/home/user/.m2/repository/org/apache/htrace/htrace-core4/4.1.0-incubating/htrace-core4-4.1.0-incubating.jar:/home/user/.m2/repository/org/apache/zookeeper/zookeeper/3.4.13/zookeeper-3.4.13.jar:/home/user/.m2/repository/org/apache/yetus/audience-annotations/0.5.0/audience-annotations-0.5.0.jar:/home/user/.m2/repository/org/codehaus/woodstox/stax2-api/3.1.4/stax2-api-3.1.4.jar:/home/user/.m2/repository/com/fasterxml/woodstox/woodstox-core/5.0.3/woodstox-core-5.0.3.jar:/home/user/.m2/repository/dnsjava/dnsjava/2.1.7/dnsjava-2.1.7.jar:/home/user/.m2/repository/org/apache/hadoop/hadoop-hdfs/3.2.0/hadoop-hdfs-3.2.0-tests.jar:/home/user/.m2/repository/org/eclipse/jetty/jetty-util-ajax/9.3.24.v20180605/jetty-util-ajax-9.3.24.v20180605.jar:/home/user/.m2/repository/commons-daemon/commons-daemon/1.0.13/commons-daemon-1.0.13.jar:/home/user/.m2/repository/io/netty/netty/3.10.5.Final/netty-3.10.5.Final.jar:/home/user/.m2/repository/io/netty/netty-all/4.0.52.Final/netty-all-4.0.52.Final.jar:/home/user/.m2/repository/org/fusesource/leveldbjni/leveldbjni-all/1.8/leveldbjni-all-1.8.jar:"/>
    <property name="sun.cpu.endian" value="little"/>
    <property name="user.home" value="/home/user"/>
    <property name="user.language" value="en"/>
    <property name="java.specification.vendor" value="Oracle Corporation"/>
    <property name="java.home" value="/usr/lib/jvm/java-1.8-openjdk/jre"/>
    <property name="java.security.krb5.conf" value="/workdir/hadoop-ozone/integration-test/target/test-classes/krb5.conf"/>
    <property name="basedir" value="/workdir/hadoop-ozone/integration-test"/>
    <property name="file.separator" value="/"/>
    <property name="line.separator" value="&#10;"/>
    <property name="java.vm.specification.vendor" value="Oracle Corporation"/>
    <property name="java.specification.name" value="Java Platform API Specification"/>
    <property name="java.awt.graphicsenv" value="sun.awt.X11GraphicsEnvironment"/>
    <property name="surefire.real.class.path" value="/workdir/hadoop-ozone/integration-test/target/surefire/surefirebooter2599229332255432498.jar"/>
    <property name="hadoop.log.dir" value="/workdir/hadoop-ozone/integration-test/target/log"/>
    <property name="sun.boot.class.path" value="/usr/lib/jvm/java-1.8-openjdk/jre/lib/resources.jar:/usr/lib/jvm/java-1.8-openjdk/jre/lib/rt.jar:/usr/lib/jvm/java-1.8-openjdk/jre/lib/sunrsasign.jar:/usr/lib/jvm/java-1.8-openjdk/jre/lib/jsse.jar:/usr/lib/jvm/java-1.8-openjdk/jre/lib/jce.jar:/usr/lib/jvm/java-1.8-openjdk/jre/lib/charsets.jar:/usr/lib/jvm/java-1.8-openjdk/jre/lib/jfr.jar:/usr/lib/jvm/java-1.8-openjdk/jre/classes"/>
    <property name="sun.management.compiler" value="HotSpot 64-Bit Tiered Compilers"/>
    <property name="java.runtime.version" value="1.8.0_212-b04"/>
    <property name="java.net.preferIPv4Stack" value="true"/>
    <property name="user.name" value="jenkins1000"/>
    <property name="path.separator" value=":"/>
    <property name="java.security.egd" value="file:///dev/urandom"/>
    <property name="os.version" value="3.10.0-957.12.2.el7.x86_64"/>
    <property name="java.endorsed.dirs" value="/usr/lib/jvm/java-1.8-openjdk/jre/lib/endorsed"/>
    <property name="java.runtime.name" value="OpenJDK Runtime Environment"/>
    <property name="file.encoding" value="UTF-8"/>
    <property name="java.vm.name" value="OpenJDK 64-Bit Server VM"/>
    <property name="test.build.webapps" value=""/>
    <property name="localRepository" value="/home/user/.m2/repository"/>
    <property name="java.vendor.url.bug" value="https://icedtea.classpath.org/bugzilla"/>
    <property name="java.io.tmpdir" value="/tmp"/>
    <property name="require.test.libhadoop" value=""/>
    <property name="java.version" value="1.8.0_212"/>
    <property name="user.dir" value="/workdir/hadoop-ozone/integration-test"/>
    <property name="os.arch" value="amd64"/>
    <property name="java.vm.specification.name" value="Java Virtual Machine Specification"/>
    <property name="test.build.classes" value="/workdir/hadoop-ozone/integration-test/target/test-classes"/>
    <property name="java.awt.printerjob" value="sun.print.PSPrinterJob"/>
    <property name="sun.os.patch.level" value="unknown"/>
    <property name="hadoop.tmp.dir" value="/workdir/hadoop-ozone/integration-test/target/tmp"/>
    <property name="java.library.path" value="/usr/lib/jvm/java-1.8-openjdk/jre/lib/amd64/server:/usr/lib/jvm/java-1.8-openjdk/jre/lib/amd64:/usr/lib/jvm/java-1.8-openjdk/jre/../lib/amd64:/workdir/hadoop-ozone/integration-test/target/native/target/usr/local/lib:/workdir/hadoop-ozone/integration-test/../../hadoop-common-project/hadoop-common/target/native/target/usr/local/lib:/usr/java/packages/lib/amd64:/usr/lib64:/lib64:/lib:/usr/lib"/>
    <property name="java.vm.info" value="mixed mode"/>
    <property name="java.vendor" value="IcedTea"/>
    <property name="java.vm.version" value="25.212-b04"/>
    <property name="java.ext.dirs" value="/usr/lib/jvm/java-1.8-openjdk/jre/lib/ext:/usr/java/packages/lib/ext"/>
    <property name="sun.io.unicode.encoding" value="UnicodeLittle"/>
    <property name="java.class.version" value="52.0"/>
  </properties>
  <testcase name="testWatchForCommitWithKeyWrite" classname="org.apache.hadoop.ozone.client.rpc.TestWatchForCommit" time="72.22"/>
  <testcase name="testWatchForCommitWithSmallerTimeoutValue" classname="org.apache.hadoop.ozone.client.rpc.TestWatchForCommit" time="43.857"/>
  <testcase name="testWatchForCommitForRetryfailure" classname="org.apache.hadoop.ozone.client.rpc.TestWatchForCommit" time="28.018">
    <error message="org.apache.ratis.protocol.RaftRetryFailureException: Failed RaftClientRequest:client-74BB8EA230DA-&gt;713a193c-7c22-4398-8969-d8ef79c9ca0d@group-D99EEE42CD84, cid=66, seq=1*, RW, org.apache.hadoop.hdds.scm.XceiverClientRatis$$Lambda$350/1635975151@53b84999 for 20 attempts with RetryLimited(maxAttempts=20, sleepTime=1000ms)" type="java.util.concurrent.ExecutionException">java.util.concurrent.ExecutionException: org.apache.ratis.protocol.RaftRetryFailureException: Failed RaftClientRequest:client-74BB8EA230DA->713a193c-7c22-4398-8969-d8ef79c9ca0d@group-D99EEE42CD84, cid=66, seq=1*, RW, org.apache.hadoop.hdds.scm.XceiverClientRatis$$Lambda$350/1635975151@53b84999 for 20 attempts with RetryLimited(maxAttempts=20, sleepTime=1000ms)
	at java.util.concurrent.CompletableFuture.reportGet(CompletableFuture.java:357)
	at java.util.concurrent.CompletableFuture.get(CompletableFuture.java:1895)
	at org.apache.hadoop.ozone.client.rpc.TestWatchForCommit.testWatchForCommitForRetryfailure(TestWatchForCommit.java:335)
	at sun.reflect.NativeMethodAccessorImpl.invoke0(Native Method)
	at sun.reflect.NativeMethodAccessorImpl.invoke(NativeMethodAccessorImpl.java:62)
	at sun.reflect.DelegatingMethodAccessorImpl.invoke(DelegatingMethodAccessorImpl.java:43)
	at java.lang.reflect.Method.invoke(Method.java:498)
	at org.junit.runners.model.FrameworkMethod$1.runReflectiveCall(FrameworkMethod.java:47)
	at org.junit.internal.runners.model.ReflectiveCallable.run(ReflectiveCallable.java:12)
	at org.junit.runners.model.FrameworkMethod.invokeExplosively(FrameworkMethod.java:44)
	at org.junit.internal.runners.statements.InvokeMethod.evaluate(InvokeMethod.java:17)
	at org.junit.runners.ParentRunner.runLeaf(ParentRunner.java:271)
	at org.junit.runners.BlockJUnit4ClassRunner.runChild(BlockJUnit4ClassRunner.java:70)
	at org.junit.runners.BlockJUnit4ClassRunner.runChild(BlockJUnit4ClassRunner.java:50)
	at org.junit.runners.ParentRunner$3.run(ParentRunner.java:238)
	at org.junit.runners.ParentRunner$1.schedule(ParentRunner.java:63)
	at org.junit.runners.ParentRunner.runChildren(ParentRunner.java:236)
	at org.junit.runners.ParentRunner.access$000(ParentRunner.java:53)
	at org.junit.runners.ParentRunner$2.evaluate(ParentRunner.java:229)
	at org.junit.runners.ParentRunner.run(ParentRunner.java:309)
	at org.apache.maven.surefire.junit4.JUnit4Provider.execute(JUnit4Provider.java:365)
	at org.apache.maven.surefire.junit4.JUnit4Provider.executeWithRerun(JUnit4Provider.java:273)
	at org.apache.maven.surefire.junit4.JUnit4Provider.executeTestSet(JUnit4Provider.java:238)
	at org.apache.maven.surefire.junit4.JUnit4Provider.invoke(JUnit4Provider.java:159)
	at org.apache.maven.surefire.booter.ForkedBooter.invokeProviderInSameClassLoader(ForkedBooter.java:384)
	at org.apache.maven.surefire.booter.ForkedBooter.runSuitesInProcess(ForkedBooter.java:345)
	at org.apache.maven.surefire.booter.ForkedBooter.execute(ForkedBooter.java:126)
	at org.apache.maven.surefire.booter.ForkedBooter.main(ForkedBooter.java:418)
Caused by: org.apache.ratis.protocol.RaftRetryFailureException: Failed RaftClientRequest:client-74BB8EA230DA->713a193c-7c22-4398-8969-d8ef79c9ca0d@group-D99EEE42CD84, cid=66, seq=1*, RW, org.apache.hadoop.hdds.scm.XceiverClientRatis$$Lambda$350/1635975151@53b84999 for 20 attempts with RetryLimited(maxAttempts=20, sleepTime=1000ms)
	at org.apache.ratis.client.impl.RaftClientImpl.noMoreRetries(RaftClientImpl.java:272)
	at org.apache.ratis.client.impl.OrderedAsync.handleAsyncRetryFailure(OrderedAsync.java:138)
	at org.apache.ratis.client.impl.OrderedAsync.lambda$sendRequest$10(OrderedAsync.java:230)
	at java.util.concurrent.CompletableFuture.uniExceptionally(CompletableFuture.java:870)
	at java.util.concurrent.CompletableFuture$UniExceptionally.tryFire(CompletableFuture.java:852)
	at java.util.concurrent.CompletableFuture.postComplete(CompletableFuture.java:474)
	at java.util.concurrent.CompletableFuture.completeExceptionally(CompletableFuture.java:1977)
	at org.apache.ratis.grpc.client.GrpcClientProtocolClient$AsyncStreamObservers.completeReplyExceptionally(GrpcClientProtocolClient.java:330)
	at org.apache.ratis.grpc.client.GrpcClientProtocolClient$AsyncStreamObservers.access$000(GrpcClientProtocolClient.java:246)
	at org.apache.ratis.grpc.client.GrpcClientProtocolClient$AsyncStreamObservers$1.onNext(GrpcClientProtocolClient.java:258)
	at org.apache.ratis.grpc.client.GrpcClientProtocolClient$AsyncStreamObservers$1.onNext(GrpcClientProtocolClient.java:249)
	at org.apache.ratis.thirdparty.io.grpc.stub.ClientCalls$StreamObserverToCallListenerAdapter.onMessage(ClientCalls.java:421)
	at org.apache.ratis.thirdparty.io.grpc.ForwardingClientCallListener.onMessage(ForwardingClientCallListener.java:33)
	at org.apache.ratis.thirdparty.io.grpc.ForwardingClientCallListener.onMessage(ForwardingClientCallListener.java:33)
	at org.apache.ratis.thirdparty.io.grpc.internal.ClientCallImpl$ClientStreamListenerImpl$1MessagesAvailable.runInContext(ClientCallImpl.java:519)
	at org.apache.ratis.thirdparty.io.grpc.internal.ContextRunnable.run(ContextRunnable.java:37)
	at org.apache.ratis.thirdparty.io.grpc.internal.SerializingExecutor.run(SerializingExecutor.java:123)
	at java.util.concurrent.ThreadPoolExecutor.runWorker(ThreadPoolExecutor.java:1149)
	at java.util.concurrent.ThreadPoolExecutor$Worker.run(ThreadPoolExecutor.java:624)
	at java.lang.Thread.run(Thread.java:748)
Caused by: org.apache.ratis.protocol.NotLeaderException: Server 713a193c-7c22-4398-8969-d8ef79c9ca0d is not the leader (null). Request must be sent to leader.
	at org.apache.ratis.client.impl.ClientProtoUtils.toRaftClientReply(ClientProtoUtils.java:242)
	at org.apache.ratis.grpc.client.GrpcClientProtocolClient$AsyncStreamObservers$1.onNext(GrpcClientProtocolClient.java:254)
	... 10 more
</error>
    <system-out><![CDATA[2019-08-20 14:15:47,160 [main] WARN  server.ServerUtils (ServerUtils.java:getScmDbDir(145)) - ozone.scm.db.dirs is not configured. We recommend adding this setting. Falling back to ozone.metadata.dirs instead.
2019-08-20 14:15:47,262 [main] WARN  server.ServerUtils (ServerUtils.java:getScmDbDir(145)) - ozone.scm.db.dirs is not configured. We recommend adding this setting. Falling back to ozone.metadata.dirs instead.
2019-08-20 14:15:47,263 [main] WARN  server.ServerUtils (ServerUtils.java:getScmDbDir(145)) - ozone.scm.db.dirs is not configured. We recommend adding this setting. Falling back to ozone.metadata.dirs instead.
2019-08-20 14:15:47,264 [main] INFO  db.DBStoreBuilder (DBStoreBuilder.java:addTable(110)) - using custom profile for table: deletedBlocks
2019-08-20 14:15:47,264 [main] INFO  db.DBStoreBuilder (DBStoreBuilder.java:processTables(161)) - Using default column profile:DBProfile.DISK for Table:deletedBlocks
2019-08-20 14:15:47,265 [main] INFO  db.DBStoreBuilder (DBStoreBuilder.java:addTable(110)) - using custom profile for table: validCerts
2019-08-20 14:15:47,265 [main] INFO  db.DBStoreBuilder (DBStoreBuilder.java:processTables(161)) - Using default column profile:DBProfile.DISK for Table:validCerts
2019-08-20 14:15:47,266 [main] INFO  db.DBStoreBuilder (DBStoreBuilder.java:addTable(110)) - using custom profile for table: revokedCerts
2019-08-20 14:15:47,266 [main] INFO  db.DBStoreBuilder (DBStoreBuilder.java:processTables(161)) - Using default column profile:DBProfile.DISK for Table:revokedCerts
2019-08-20 14:15:47,266 [main] INFO  db.DBStoreBuilder (DBStoreBuilder.java:addTable(110)) - using custom profile for table: default
2019-08-20 14:15:47,266 [main] INFO  db.DBStoreBuilder (DBStoreBuilder.java:processTables(167)) - Using default column profile:DBProfile.DISK for Table:default
2019-08-20 14:15:47,267 [main] INFO  db.DBStoreBuilder (DBStoreBuilder.java:getDbProfile(198)) - Using default options. DBProfile.DISK
2019-08-20 14:15:47,642 [main] INFO  net.NodeSchemaLoader (NodeSchemaLoader.java:loadSchemaFromFile(125)) - Loading file from sun.misc.CompoundEnumeration@430106cf
2019-08-20 14:15:47,643 [main] INFO  net.NodeSchemaLoader (NodeSchemaLoader.java:loadSchema(171)) - Loading network topology layer schema file
2019-08-20 14:15:47,649 [main] WARN  server.ServerUtils (ServerUtils.java:sanitizeUserArgs(70)) - ozone.scm.stale.node.interval value = 300000 is larger than max = 100000 based on the key value of ozone.scm.heartbeat.thread.interval, reset to the max value 100000.
2019-08-20 14:15:47,649 [main] WARN  server.ServerUtils (ServerUtils.java:sanitizeUserArgs(70)) - ozone.scm.stale.node.interval value = 300000 is larger than max = 100000 based on the key value of ozone.scm.heartbeat.thread.interval, reset to the max value 100000.
2019-08-20 14:15:47,649 [main] INFO  node.SCMNodeManager (SCMNodeManager.java:<init>(121)) - Entering startup safe mode.
2019-08-20 14:15:47,650 [main] INFO  algorithms.ContainerPlacementPolicyFactory (ContainerPlacementPolicyFactory.java:getPolicy(55)) - Create container placement policy of type org.apache.hadoop.hdds.scm.container.placement.algorithms.SCMContainerPlacementRandom
2019-08-20 14:15:47,650 [main] WARN  server.ServerUtils (ServerUtils.java:getScmDbDir(145)) - ozone.scm.db.dirs is not configured. We recommend adding this setting. Falling back to ozone.metadata.dirs instead.
2019-08-20 14:15:47,773 [main] INFO  pipeline.SCMPipelineManager (SCMPipelineManager.java:initializePipelineState(126)) - No pipeline exists in current db
2019-08-20 14:15:47,773 [main] WARN  server.ServerUtils (ServerUtils.java:getScmDbDir(145)) - ozone.scm.db.dirs is not configured. We recommend adding this setting. Falling back to ozone.metadata.dirs instead.
2019-08-20 14:15:47,906 [main] WARN  events.EventQueue (EventQueue.java:fireEvent(175)) - No event handler registered for event TypedEvent{payloadType=SafeModeStatus, name='SafeModeStatus'}
2019-08-20 14:15:47,907 [main] INFO  ipc.CallQueueManager (CallQueueManager.java:<init>(84)) - Using callQueue: class java.util.concurrent.LinkedBlockingQueue, queueCapacity: 2000, scheduler: class org.apache.hadoop.ipc.DefaultRpcScheduler, ipcBackoff: false.
2019-08-20 14:15:47,908 [Socket Reader #1 for port 36203] INFO  ipc.Server (Server.java:run(1074)) - Starting Socket Reader #1 for port 36203
2019-08-20 14:15:47,909 [main] INFO  ipc.CallQueueManager (CallQueueManager.java:<init>(84)) - Using callQueue: class java.util.concurrent.LinkedBlockingQueue, queueCapacity: 2000, scheduler: class org.apache.hadoop.ipc.DefaultRpcScheduler, ipcBackoff: false.
2019-08-20 14:15:47,910 [Socket Reader #1 for port 36499] INFO  ipc.Server (Server.java:run(1074)) - Starting Socket Reader #1 for port 36499
2019-08-20 14:15:47,913 [main] INFO  ipc.CallQueueManager (CallQueueManager.java:<init>(84)) - Using callQueue: class java.util.concurrent.LinkedBlockingQueue, queueCapacity: 2000, scheduler: class org.apache.hadoop.ipc.DefaultRpcScheduler, ipcBackoff: false.
2019-08-20 14:15:47,913 [Socket Reader #1 for port 33173] INFO  ipc.Server (Server.java:run(1074)) - Starting Socket Reader #1 for port 33173
2019-08-20 14:15:47,916 [main] INFO  hdfs.DFSUtil (DFSUtil.java:httpServerTemplateForNNAndJN(1641)) - Starting Web-server for scm at: http://0.0.0.0:0
2019-08-20 14:15:47,918 [main] INFO  server.AuthenticationFilter (AuthenticationFilter.java:constructSecretProvider(240)) - Unable to initialize FileSignerSecretProvider, falling back to use random secrets.
2019-08-20 14:15:47,919 [main] WARN  http.HttpRequestLog (HttpRequestLog.java:getRequestLog(97)) - Jetty request log can only be enabled using Log4j
2019-08-20 14:15:47,922 [main] INFO  http.HttpServer2 (HttpServer2.java:addGlobalFilter(975)) - Added global filter 'safety' (class=org.apache.hadoop.http.HttpServer2$QuotingInputFilter)
2019-08-20 14:15:47,922 [main] INFO  http.HttpServer2 (HttpServer2.java:addFilter(948)) - Added filter static_user_filter (class=org.apache.hadoop.http.lib.StaticUserWebFilter$StaticUserFilter) to context scm
2019-08-20 14:15:47,923 [main] INFO  http.HttpServer2 (HttpServer2.java:addFilter(958)) - Added filter static_user_filter (class=org.apache.hadoop.http.lib.StaticUserWebFilter$StaticUserFilter) to context logs
2019-08-20 14:15:47,923 [main] INFO  http.HttpServer2 (HttpServer2.java:addFilter(958)) - Added filter static_user_filter (class=org.apache.hadoop.http.lib.StaticUserWebFilter$StaticUserFilter) to context static
2019-08-20 14:15:47,926 [main] INFO  server.StorageContainerManager (StorageContainerManager.java:start(759)) - StorageContainerLocationProtocol RPC server is listening at /0.0.0.0:33173
2019-08-20 14:15:47,929 [main] WARN  impl.MetricsConfig (MetricsConfig.java:loadFirst(134)) - Cannot locate configuration: tried hadoop-metrics2-storagecontainermanager.properties,hadoop-metrics2.properties
2019-08-20 14:15:47,930 [main] INFO  impl.MetricsSystemImpl (MetricsSystemImpl.java:startTimer(374)) - Scheduled Metric snapshot period at 10 second(s).
2019-08-20 14:15:47,930 [main] INFO  impl.MetricsSystemImpl (MetricsSystemImpl.java:start(191)) - StorageContainerManager metrics system started
2019-08-20 14:15:47,992 [main] INFO  server.SCMClientProtocolServer (SCMClientProtocolServer.java:start(151)) - RPC server for Client  is listening at /0.0.0.0:33173
2019-08-20 14:15:47,992 [IPC Server Responder] INFO  ipc.Server (Server.java:run(1314)) - IPC Server Responder: starting
2019-08-20 14:15:47,992 [IPC Server listener on 33173] INFO  ipc.Server (Server.java:run(1153)) - IPC Server listener on 33173: starting
2019-08-20 14:15:47,996 [main] INFO  server.StorageContainerManager (StorageContainerManager.java:start(769)) - ScmBlockLocationProtocol RPC server is listening at /0.0.0.0:36499
2019-08-20 14:15:47,996 [main] INFO  server.SCMBlockProtocolServer (SCMBlockProtocolServer.java:start(140)) - RPC server for Block Protocol is listening at /0.0.0.0:36499
2019-08-20 14:15:47,996 [IPC Server Responder] INFO  ipc.Server (Server.java:run(1314)) - IPC Server Responder: starting
2019-08-20 14:15:47,996 [IPC Server listener on 36499] INFO  ipc.Server (Server.java:run(1153)) - IPC Server listener on 36499: starting
2019-08-20 14:15:48,000 [main] INFO  server.StorageContainerManager (StorageContainerManager.java:start(773)) - ScmDatanodeProtocl RPC server is listening at /0.0.0.0:36203
2019-08-20 14:15:48,000 [main] INFO  server.SCMDatanodeProtocolServer (SCMDatanodeProtocolServer.java:start(191)) - RPC server for DataNodes is listening at /0.0.0.0:36203
2019-08-20 14:15:48,000 [IPC Server listener on 36203] INFO  ipc.Server (Server.java:run(1153)) - IPC Server listener on 36203: starting
2019-08-20 14:15:48,000 [IPC Server Responder] INFO  ipc.Server (Server.java:run(1314)) - IPC Server Responder: starting
2019-08-20 14:15:48,003 [main] INFO  http.HttpServer2 (HttpServer2.java:bindListener(1191)) - Jetty bound to port 45992
2019-08-20 14:15:48,003 [main] INFO  server.Server (Server.java:doStart(351)) - jetty-9.3.24.v20180605, build timestamp: 2018-06-05T17:11:56Z, git hash: 84205aa28f11a4f31f2a3b86d1bba2cc8ab69827
2019-08-20 14:15:48,004 [main] INFO  handler.ContextHandler (ContextHandler.java:doStart(781)) - Started o.e.j.s.ServletContextHandler@608eb42e{/logs,file:///workdir/hadoop-ozone/integration-test/target/log,AVAILABLE}
2019-08-20 14:15:48,005 [main] INFO  handler.ContextHandler (ContextHandler.java:doStart(781)) - Started o.e.j.s.ServletContextHandler@30eb55c9{/static,file:///workdir/hadoop-ozone/integration-test/target/test-classes/webapps/static,AVAILABLE}
2019-08-20 14:15:48,008 [main] INFO  handler.ContextHandler (ContextHandler.java:doStart(781)) - Started o.e.j.w.WebAppContext@177068db{/,file:///workdir/hadoop-ozone/integration-test/target/test-classes/webapps/scm/,AVAILABLE}{/scm}
2019-08-20 14:15:48,009 [main] INFO  server.AbstractConnector (AbstractConnector.java:doStart(278)) - Started ServerConnector@60f3239f{HTTP/1.1,[http/1.1]}{0.0.0.0:45992}
2019-08-20 14:15:48,010 [main] INFO  server.Server (Server.java:doStart(419)) - Started @117342ms
2019-08-20 14:15:48,011 [main] INFO  server.BaseHttpServer (BaseHttpServer.java:updateConnectorAddress(213)) - HTTP server of SCM is listening at http://0.0.0.0:45992
2019-08-20 14:15:48,012 [org.apache.hadoop.util.JvmPauseMonitor$Monitor@b3042ed] INFO  util.JvmPauseMonitor (JvmPauseMonitor.java:run(188)) - Starting JVM pause monitor
2019-08-20 14:15:48,012 [main] WARN  server.ServerUtils (ServerUtils.java:getDBPath(222)) - ozone.om.db.dirs is not configured. We recommend adding this setting. Falling back to ozone.metadata.dirs instead.
2019-08-20 14:15:48,113 [main] WARN  server.ServerUtils (ServerUtils.java:getDBPath(222)) - ozone.om.db.dirs is not configured. We recommend adding this setting. Falling back to ozone.metadata.dirs instead.
2019-08-20 14:15:48,114 [main] WARN  server.ServerUtils (ServerUtils.java:getDBPath(222)) - ozone.om.db.dirs is not configured. We recommend adding this setting. Falling back to ozone.metadata.dirs instead.
2019-08-20 14:15:48,114 [main] INFO  om.OzoneManager (OzoneManager.java:setOMNodeDetails(648)) - OM Service ID is not set. Setting it to the default ID: omServiceIdDefault
2019-08-20 14:15:48,115 [main] INFO  om.OzoneManager (OzoneManager.java:setOMNodeDetails(654)) - OM Node ID is not set. Setting it to the OmStorage's OmID: ae71e7f8-848e-4a52-b14d-c9900e8d47f9
2019-08-20 14:15:48,115 [main] INFO  om.OzoneManager (OzoneManager.java:loadOMHAConfigs(605)) - Found matching OM address with OMServiceId: null, OMNodeId: null, RPC Address: localhost:0 and Ratis port: 9872
2019-08-20 14:15:48,119 | INFO  | SCMAudit | user=jenkins1000 | ip=192.168.69.100 | op=GET_SCM_INFO null | ret=SUCCESS |  
2019-08-20 14:15:48,122 [main] WARN  server.ServerUtils (ServerUtils.java:getDBPath(222)) - ozone.om.db.dirs is not configured. We recommend adding this setting. Falling back to ozone.metadata.dirs instead.
2019-08-20 14:15:48,123 [main] INFO  db.DBStoreBuilder (DBStoreBuilder.java:addTable(110)) - using custom profile for table: userTable
2019-08-20 14:15:48,123 [main] INFO  db.DBStoreBuilder (DBStoreBuilder.java:processTables(161)) - Using default column profile:DBProfile.DISK for Table:userTable
2019-08-20 14:15:48,123 [main] INFO  db.DBStoreBuilder (DBStoreBuilder.java:addTable(110)) - using custom profile for table: volumeTable
2019-08-20 14:15:48,124 [main] INFO  db.DBStoreBuilder (DBStoreBuilder.java:processTables(161)) - Using default column profile:DBProfile.DISK for Table:volumeTable
2019-08-20 14:15:48,124 [main] INFO  db.DBStoreBuilder (DBStoreBuilder.java:addTable(110)) - using custom profile for table: bucketTable
2019-08-20 14:15:48,124 [main] INFO  db.DBStoreBuilder (DBStoreBuilder.java:processTables(161)) - Using default column profile:DBProfile.DISK for Table:bucketTable
2019-08-20 14:15:48,124 [main] INFO  db.DBStoreBuilder (DBStoreBuilder.java:addTable(110)) - using custom profile for table: keyTable
2019-08-20 14:15:48,125 [main] INFO  db.DBStoreBuilder (DBStoreBuilder.java:processTables(161)) - Using default column profile:DBProfile.DISK for Table:keyTable
2019-08-20 14:15:48,125 [main] INFO  db.DBStoreBuilder (DBStoreBuilder.java:addTable(110)) - using custom profile for table: deletedTable
2019-08-20 14:15:48,125 [main] INFO  db.DBStoreBuilder (DBStoreBuilder.java:processTables(161)) - Using default column profile:DBProfile.DISK for Table:deletedTable
2019-08-20 14:15:48,125 [main] INFO  db.DBStoreBuilder (DBStoreBuilder.java:addTable(110)) - using custom profile for table: openKeyTable
2019-08-20 14:15:48,126 [main] INFO  db.DBStoreBuilder (DBStoreBuilder.java:processTables(161)) - Using default column profile:DBProfile.DISK for Table:openKeyTable
2019-08-20 14:15:48,126 [main] INFO  db.DBStoreBuilder (DBStoreBuilder.java:addTable(110)) - using custom profile for table: s3Table
2019-08-20 14:15:48,126 [main] INFO  db.DBStoreBuilder (DBStoreBuilder.java:processTables(161)) - Using default column profile:DBProfile.DISK for Table:s3Table
2019-08-20 14:15:48,126 [main] INFO  db.DBStoreBuilder (DBStoreBuilder.java:addTable(110)) - using custom profile for table: multipartInfoTable
2019-08-20 14:15:48,127 [main] INFO  db.DBStoreBuilder (DBStoreBuilder.java:processTables(161)) - Using default column profile:DBProfile.DISK for Table:multipartInfoTable
2019-08-20 14:15:48,127 [main] INFO  db.DBStoreBuilder (DBStoreBuilder.java:addTable(110)) - using custom profile for table: dTokenTable
2019-08-20 14:15:48,127 [main] INFO  db.DBStoreBuilder (DBStoreBuilder.java:processTables(161)) - Using default column profile:DBProfile.DISK for Table:dTokenTable
2019-08-20 14:15:48,127 [main] INFO  db.DBStoreBuilder (DBStoreBuilder.java:addTable(110)) - using custom profile for table: s3SecretTable
2019-08-20 14:15:48,128 [main] INFO  db.DBStoreBuilder (DBStoreBuilder.java:processTables(161)) - Using default column profile:DBProfile.DISK for Table:s3SecretTable
2019-08-20 14:15:48,128 [main] INFO  db.DBStoreBuilder (DBStoreBuilder.java:addTable(110)) - using custom profile for table: prefixTable
2019-08-20 14:15:48,128 [main] INFO  db.DBStoreBuilder (DBStoreBuilder.java:processTables(161)) - Using default column profile:DBProfile.DISK for Table:prefixTable
2019-08-20 14:15:48,129 [main] INFO  db.DBStoreBuilder (DBStoreBuilder.java:addTable(110)) - using custom profile for table: default
2019-08-20 14:15:48,129 [main] INFO  db.DBStoreBuilder (DBStoreBuilder.java:processTables(167)) - Using default column profile:DBProfile.DISK for Table:default
2019-08-20 14:15:48,129 [main] INFO  db.DBStoreBuilder (DBStoreBuilder.java:getDbProfile(198)) - Using default options. DBProfile.DISK
2019-08-20 14:15:49,093 [main] INFO  ipc.CallQueueManager (CallQueueManager.java:<init>(84)) - Using callQueue: class java.util.concurrent.LinkedBlockingQueue, queueCapacity: 2000, scheduler: class org.apache.hadoop.ipc.DefaultRpcScheduler, ipcBackoff: false.
2019-08-20 14:15:49,094 [Socket Reader #1 for port 33386] INFO  ipc.Server (Server.java:run(1074)) - Starting Socket Reader #1 for port 33386
2019-08-20 14:15:49,104 [main] INFO  om.OzoneManager (OzoneManager.java:start(1259)) - OzoneManager RPC server is listening at localhost/127.0.0.1:33386
2019-08-20 14:15:49,104 [main] INFO  impl.MetricsSystemImpl (MetricsSystemImpl.java:init(158)) - OzoneManager metrics system started (again)
2019-08-20 14:15:49,105 [IPC Server Responder] INFO  ipc.Server (Server.java:run(1314)) - IPC Server Responder: starting
2019-08-20 14:15:49,105 [IPC Server listener on 33386] INFO  ipc.Server (Server.java:run(1153)) - IPC Server listener on 33386: starting
2019-08-20 14:15:49,109 [main] INFO  hdfs.DFSUtil (DFSUtil.java:httpServerTemplateForNNAndJN(1641)) - Starting Web-server for ozoneManager at: http://0.0.0.0:0
2019-08-20 14:15:49,111 [main] INFO  server.AuthenticationFilter (AuthenticationFilter.java:constructSecretProvider(240)) - Unable to initialize FileSignerSecretProvider, falling back to use random secrets.
2019-08-20 14:15:49,111 [main] WARN  http.HttpRequestLog (HttpRequestLog.java:getRequestLog(97)) - Jetty request log can only be enabled using Log4j
2019-08-20 14:15:49,113 [main] INFO  http.HttpServer2 (HttpServer2.java:addGlobalFilter(975)) - Added global filter 'safety' (class=org.apache.hadoop.http.HttpServer2$QuotingInputFilter)
2019-08-20 14:15:49,113 [main] INFO  http.HttpServer2 (HttpServer2.java:addFilter(948)) - Added filter static_user_filter (class=org.apache.hadoop.http.lib.StaticUserWebFilter$StaticUserFilter) to context ozoneManager
2019-08-20 14:15:49,114 [main] INFO  http.HttpServer2 (HttpServer2.java:addFilter(958)) - Added filter static_user_filter (class=org.apache.hadoop.http.lib.StaticUserWebFilter$StaticUserFilter) to context logs
2019-08-20 14:15:49,114 [main] INFO  http.HttpServer2 (HttpServer2.java:addFilter(958)) - Added filter static_user_filter (class=org.apache.hadoop.http.lib.StaticUserWebFilter$StaticUserFilter) to context static
2019-08-20 14:15:49,115 [main] INFO  http.HttpServer2 (HttpServer2.java:bindListener(1191)) - Jetty bound to port 36590
2019-08-20 14:15:49,115 [main] INFO  server.Server (Server.java:doStart(351)) - jetty-9.3.24.v20180605, build timestamp: 2018-06-05T17:11:56Z, git hash: 84205aa28f11a4f31f2a3b86d1bba2cc8ab69827
2019-08-20 14:15:49,117 [main] INFO  handler.ContextHandler (ContextHandler.java:doStart(781)) - Started o.e.j.s.ServletContextHandler@6e78177b{/logs,file:///workdir/hadoop-ozone/integration-test/target/log,AVAILABLE}
2019-08-20 14:15:49,117 [main] INFO  handler.ContextHandler (ContextHandler.java:doStart(781)) - Started o.e.j.s.ServletContextHandler@798b36fd{/static,file:///workdir/hadoop-ozone/integration-test/target/test-classes/webapps/static,AVAILABLE}
2019-08-20 14:15:49,121 [main] INFO  handler.ContextHandler (ContextHandler.java:doStart(781)) - Started o.e.j.w.WebAppContext@58f97013{/,file:///workdir/hadoop-ozone/integration-test/target/test-classes/webapps/ozoneManager/,AVAILABLE}{/ozoneManager}
2019-08-20 14:15:49,122 [main] INFO  server.AbstractConnector (AbstractConnector.java:doStart(278)) - Started ServerConnector@7d70ba18{HTTP/1.1,[http/1.1]}{0.0.0.0:36590}
2019-08-20 14:15:49,122 [main] INFO  server.Server (Server.java:doStart(419)) - Started @118455ms
2019-08-20 14:15:49,123 [main] INFO  server.BaseHttpServer (BaseHttpServer.java:updateConnectorAddress(213)) - HTTP server of OZONEMANAGER is listening at http://0.0.0.0:36590
2019-08-20 14:15:49,137 [main] INFO  impl.MetricsSystemImpl (MetricsSystemImpl.java:init(158)) - HddsDatanode metrics system started (again)
2019-08-20 14:15:49,139 [main] INFO  ozone.HddsDatanodeService (HddsDatanodeService.java:start(184)) - HddsDatanodeService host:pr-hdds-1975-spxzp-3193579258 ip:192.168.69.100
2019-08-20 14:15:49,145 [main] INFO  volume.HddsVolume (HddsVolume.java:<init>(176)) - Creating Volume: /workdir/hadoop-ozone/integration-test/target/test-dir/MiniOzoneClusterImpl-e0f456b9-34a0-4c6d-b797-d774b2610ec7/datanode-0/data/containers/hdds of  storage type : DISK and capacity : 1482555576320
2019-08-20 14:15:49,145 [main] INFO  volume.VolumeSet (VolumeSet.java:initializeVolumeSet(170)) - Added Volume : /workdir/hadoop-ozone/integration-test/target/test-dir/MiniOzoneClusterImpl-e0f456b9-34a0-4c6d-b797-d774b2610ec7/datanode-0/data/containers/hdds to VolumeSet
2019-08-20 14:15:49,145 [main] INFO  volume.ThrottledAsyncChecker (ThrottledAsyncChecker.java:schedule(140)) - Scheduling a check for org.apache.hadoop.ozone.container.common.volume.HddsVolume@3dee3a6c
2019-08-20 14:15:49,146 [main] INFO  volume.HddsVolumeChecker (HddsVolumeChecker.java:checkAllVolumes(203)) - Scheduled health check for volume org.apache.hadoop.ozone.container.common.volume.HddsVolume@3dee3a6c
2019-08-20 14:15:49,162 [main] INFO  impl.RaftServerProxy (ConfUtils.java:logGet(43)) - raft.rpc.type = GRPC (default)
2019-08-20 14:15:49,162 [main] INFO  grpc.GrpcFactory (GrpcFactory.java:checkPooledByteBufAllocatorUseCacheForAllThreads(45)) - PERFORMANCE WARNING: useCacheForAllThreads is true that may cause Netty to create a lot garbage objects and, as a result, trigger GC.
	It is recommended to disable useCacheForAllThreads by setting -Dorg.apache.ratis.thirdparty.io.netty.allocator.useCacheForAllThreads=false in command line.
2019-08-20 14:15:49,163 [main] INFO  grpc.GrpcConfigKeys$Server (ConfUtils.java:logGet(43)) - raft.grpc.server.port = 0 (default)
2019-08-20 14:15:49,163 [main] INFO  server.GrpcService (ConfUtils.java:logGet(43)) - raft.grpc.message.size.max = 33570816 (custom)
2019-08-20 14:15:49,163 [main] INFO  server.RaftServerConfigKeys (ConfUtils.java:logGet(43)) - raft.server.log.appender.buffer.byte-limit = 33554432 (custom)
2019-08-20 14:15:49,163 [main] INFO  server.GrpcService (ConfUtils.java:logGet(43)) - raft.grpc.flow.control.window = 1MB (=1048576) (default)
2019-08-20 14:15:49,164 [main] INFO  server.RaftServerConfigKeys (ConfUtils.java:logGet(43)) - raft.server.rpc.request.timeout = 3000ms (default)
2019-08-20 14:15:49,164 [main] INFO  server.RaftServerConfigKeys (ConfUtils.java:logGet(43)) - raft.server.storage.dir = [/workdir/hadoop-ozone/integration-test/target/test-dir/MiniOzoneClusterImpl-e0f456b9-34a0-4c6d-b797-d774b2610ec7/datanode-0/data/ratis] (custom)
2019-08-20 14:15:49,165 [main] INFO  replication.SimpleContainerDownloader (SimpleContainerDownloader.java:<init>(72)) - Starting container downloader service to copy containers to replicate.
2019-08-20 14:15:49,166 [main] INFO  hdfs.DFSUtil (DFSUtil.java:httpServerTemplateForNNAndJN(1641)) - Starting Web-server for hddsDatanode at: http://0.0.0.0:0
2019-08-20 14:15:49,170 [main] INFO  server.AuthenticationFilter (AuthenticationFilter.java:constructSecretProvider(240)) - Unable to initialize FileSignerSecretProvider, falling back to use random secrets.
2019-08-20 14:15:49,170 [main] WARN  http.HttpRequestLog (HttpRequestLog.java:getRequestLog(97)) - Jetty request log can only be enabled using Log4j
2019-08-20 14:15:49,172 [main] INFO  http.HttpServer2 (HttpServer2.java:addGlobalFilter(975)) - Added global filter 'safety' (class=org.apache.hadoop.http.HttpServer2$QuotingInputFilter)
2019-08-20 14:15:49,172 [main] INFO  http.HttpServer2 (HttpServer2.java:addFilter(948)) - Added filter static_user_filter (class=org.apache.hadoop.http.lib.StaticUserWebFilter$StaticUserFilter) to context hddsDatanode
2019-08-20 14:15:49,172 [main] INFO  http.HttpServer2 (HttpServer2.java:addFilter(958)) - Added filter static_user_filter (class=org.apache.hadoop.http.lib.StaticUserWebFilter$StaticUserFilter) to context logs
2019-08-20 14:15:49,173 [main] INFO  http.HttpServer2 (HttpServer2.java:addFilter(958)) - Added filter static_user_filter (class=org.apache.hadoop.http.lib.StaticUserWebFilter$StaticUserFilter) to context static
2019-08-20 14:15:49,173 [main] INFO  http.HttpServer2 (HttpServer2.java:bindListener(1191)) - Jetty bound to port 35428
2019-08-20 14:15:49,173 [main] INFO  server.Server (Server.java:doStart(351)) - jetty-9.3.24.v20180605, build timestamp: 2018-06-05T17:11:56Z, git hash: 84205aa28f11a4f31f2a3b86d1bba2cc8ab69827
2019-08-20 14:15:49,175 [main] INFO  handler.ContextHandler (ContextHandler.java:doStart(781)) - Started o.e.j.s.ServletContextHandler@5454be{/logs,file:///workdir/hadoop-ozone/integration-test/target/log,AVAILABLE}
2019-08-20 14:15:49,175 [main] INFO  handler.ContextHandler (ContextHandler.java:doStart(781)) - Started o.e.j.s.ServletContextHandler@37dec463{/static,jar:file:/home/user/.m2/repository/org/apache/hadoop/hadoop-hdds-container-service/0.5.0-SNAPSHOT/hadoop-hdds-container-service-0.5.0-SNAPSHOT.jar!/webapps/static,AVAILABLE}
2019-08-20 14:15:49,206 [main] INFO  handler.ContextHandler (ContextHandler.java:doStart(781)) - Started o.e.j.w.WebAppContext@7131d668{/,file:///tmp/jetty-0.0.0.0-35428-hddsDatanode-_-any-6531897013376836449.dir/webapp/,AVAILABLE}{/hddsDatanode}
2019-08-20 14:15:49,206 [main] INFO  server.AbstractConnector (AbstractConnector.java:doStart(278)) - Started ServerConnector@46a97805{HTTP/1.1,[http/1.1]}{0.0.0.0:35428}
2019-08-20 14:15:49,209 [main] INFO  server.Server (Server.java:doStart(419)) - Started @118541ms
2019-08-20 14:15:49,210 [main] INFO  server.BaseHttpServer (BaseHttpServer.java:updateConnectorAddress(213)) - HTTP server of HDDSDATANODE is listening at http://0.0.0.0:35428
2019-08-20 14:15:49,333 | INFO  | ObjectStoreRestHttpServer | Listening HDDS REST traffic on /0.0.0.0:33795 |  
2019-08-20 14:15:49,333 [main] INFO  ozone.HddsDatanodeService (HddsDatanodeService.java:startPlugins(395)) - Started plug-in org.apache.hadoop.ozone.web.OzoneHddsDatanodeService@5db90818
2019-08-20 14:15:49,333 [main] INFO  impl.MetricsSystemImpl (MetricsSystemImpl.java:init(158)) - HddsDatanode metrics system started (again)
2019-08-20 14:15:49,334 [org.apache.hadoop.util.JvmPauseMonitor$Monitor@1e89de03] INFO  util.JvmPauseMonitor (JvmPauseMonitor.java:run(188)) - Starting JVM pause monitor
2019-08-20 14:15:49,336 [main] INFO  ozone.HddsDatanodeService (HddsDatanodeService.java:start(184)) - HddsDatanodeService host:pr-hdds-1975-spxzp-3193579258 ip:192.168.69.100
2019-08-20 14:15:49,337 [Datanode State Machine Thread - 0] INFO  datanode.InitDatanodeState (InitDatanodeState.java:persistContainerDatanodeDetails(140)) - DatanodeDetails is persisted to /workdir/hadoop-ozone/integration-test/target/test-dir/MiniOzoneClusterImpl-e0f456b9-34a0-4c6d-b797-d774b2610ec7/datanode-0/meta/datanode.id
2019-08-20 14:15:49,342 [main] INFO  volume.HddsVolume (HddsVolume.java:<init>(176)) - Creating Volume: /workdir/hadoop-ozone/integration-test/target/test-dir/MiniOzoneClusterImpl-e0f456b9-34a0-4c6d-b797-d774b2610ec7/datanode-1/data/containers/hdds of  storage type : DISK and capacity : 1482555576320
2019-08-20 14:15:49,343 [main] INFO  volume.VolumeSet (VolumeSet.java:initializeVolumeSet(170)) - Added Volume : /workdir/hadoop-ozone/integration-test/target/test-dir/MiniOzoneClusterImpl-e0f456b9-34a0-4c6d-b797-d774b2610ec7/datanode-1/data/containers/hdds to VolumeSet
2019-08-20 14:15:49,343 [main] INFO  volume.ThrottledAsyncChecker (ThrottledAsyncChecker.java:schedule(140)) - Scheduling a check for org.apache.hadoop.ozone.container.common.volume.HddsVolume@4eb5764d
2019-08-20 14:15:49,343 [main] INFO  volume.HddsVolumeChecker (HddsVolumeChecker.java:checkAllVolumes(203)) - Scheduled health check for volume org.apache.hadoop.ozone.container.common.volume.HddsVolume@4eb5764d
2019-08-20 14:15:49,359 [main] INFO  impl.RaftServerProxy (ConfUtils.java:logGet(43)) - raft.rpc.type = GRPC (default)
2019-08-20 14:15:49,359 [main] INFO  grpc.GrpcFactory (GrpcFactory.java:checkPooledByteBufAllocatorUseCacheForAllThreads(45)) - PERFORMANCE WARNING: useCacheForAllThreads is true that may cause Netty to create a lot garbage objects and, as a result, trigger GC.
	It is recommended to disable useCacheForAllThreads by setting -Dorg.apache.ratis.thirdparty.io.netty.allocator.useCacheForAllThreads=false in command line.
2019-08-20 14:15:49,359 [main] INFO  grpc.GrpcConfigKeys$Server (ConfUtils.java:logGet(43)) - raft.grpc.server.port = 0 (default)
2019-08-20 14:15:49,359 [main] INFO  server.GrpcService (ConfUtils.java:logGet(43)) - raft.grpc.message.size.max = 33570816 (custom)
2019-08-20 14:15:49,360 [main] INFO  server.RaftServerConfigKeys (ConfUtils.java:logGet(43)) - raft.server.log.appender.buffer.byte-limit = 33554432 (custom)
2019-08-20 14:15:49,360 [main] INFO  server.GrpcService (ConfUtils.java:logGet(43)) - raft.grpc.flow.control.window = 1MB (=1048576) (default)
2019-08-20 14:15:49,360 [main] INFO  server.RaftServerConfigKeys (ConfUtils.java:logGet(43)) - raft.server.rpc.request.timeout = 3000ms (default)
2019-08-20 14:15:49,360 [main] INFO  server.RaftServerConfigKeys (ConfUtils.java:logGet(43)) - raft.server.storage.dir = [/workdir/hadoop-ozone/integration-test/target/test-dir/MiniOzoneClusterImpl-e0f456b9-34a0-4c6d-b797-d774b2610ec7/datanode-1/data/ratis] (custom)
2019-08-20 14:15:49,361 [main] INFO  replication.SimpleContainerDownloader (SimpleContainerDownloader.java:<init>(72)) - Starting container downloader service to copy containers to replicate.
2019-08-20 14:15:49,363 [main] INFO  hdfs.DFSUtil (DFSUtil.java:httpServerTemplateForNNAndJN(1641)) - Starting Web-server for hddsDatanode at: http://0.0.0.0:0
2019-08-20 14:15:49,364 [main] INFO  server.AuthenticationFilter (AuthenticationFilter.java:constructSecretProvider(240)) - Unable to initialize FileSignerSecretProvider, falling back to use random secrets.
2019-08-20 14:15:49,364 [main] WARN  http.HttpRequestLog (HttpRequestLog.java:getRequestLog(97)) - Jetty request log can only be enabled using Log4j
2019-08-20 14:15:49,366 [main] INFO  http.HttpServer2 (HttpServer2.java:addGlobalFilter(975)) - Added global filter 'safety' (class=org.apache.hadoop.http.HttpServer2$QuotingInputFilter)
2019-08-20 14:15:49,366 [main] INFO  http.HttpServer2 (HttpServer2.java:addFilter(948)) - Added filter static_user_filter (class=org.apache.hadoop.http.lib.StaticUserWebFilter$StaticUserFilter) to context hddsDatanode
2019-08-20 14:15:49,366 [main] INFO  http.HttpServer2 (HttpServer2.java:addFilter(958)) - Added filter static_user_filter (class=org.apache.hadoop.http.lib.StaticUserWebFilter$StaticUserFilter) to context static
2019-08-20 14:15:49,366 [main] INFO  http.HttpServer2 (HttpServer2.java:addFilter(958)) - Added filter static_user_filter (class=org.apache.hadoop.http.lib.StaticUserWebFilter$StaticUserFilter) to context logs
2019-08-20 14:15:49,367 [main] INFO  http.HttpServer2 (HttpServer2.java:bindListener(1191)) - Jetty bound to port 37778
2019-08-20 14:15:49,367 [main] INFO  server.Server (Server.java:doStart(351)) - jetty-9.3.24.v20180605, build timestamp: 2018-06-05T17:11:56Z, git hash: 84205aa28f11a4f31f2a3b86d1bba2cc8ab69827
2019-08-20 14:15:49,369 [main] INFO  handler.ContextHandler (ContextHandler.java:doStart(781)) - Started o.e.j.s.ServletContextHandler@2ed35f24{/logs,file:///workdir/hadoop-ozone/integration-test/target/log,AVAILABLE}
2019-08-20 14:15:49,369 [main] INFO  handler.ContextHandler (ContextHandler.java:doStart(781)) - Started o.e.j.s.ServletContextHandler@433b546f{/static,jar:file:/home/user/.m2/repository/org/apache/hadoop/hadoop-hdds-container-service/0.5.0-SNAPSHOT/hadoop-hdds-container-service-0.5.0-SNAPSHOT.jar!/webapps/static,AVAILABLE}
2019-08-20 14:15:49,397 [main] INFO  handler.ContextHandler (ContextHandler.java:doStart(781)) - Started o.e.j.w.WebAppContext@4d79d187{/,file:///tmp/jetty-0.0.0.0-37778-hddsDatanode-_-any-149802688654651895.dir/webapp/,AVAILABLE}{/hddsDatanode}
2019-08-20 14:15:49,398 [main] INFO  server.AbstractConnector (AbstractConnector.java:doStart(278)) - Started ServerConnector@3e63bd6b{HTTP/1.1,[http/1.1]}{0.0.0.0:37778}
2019-08-20 14:15:49,399 [main] INFO  server.Server (Server.java:doStart(419)) - Started @118731ms
2019-08-20 14:15:49,400 [main] INFO  server.BaseHttpServer (BaseHttpServer.java:updateConnectorAddress(213)) - HTTP server of HDDSDATANODE is listening at http://0.0.0.0:37778
2019-08-20 14:15:49,549 | INFO  | ObjectStoreRestHttpServer | Listening HDDS REST traffic on /0.0.0.0:35998 |  
2019-08-20 14:15:49,549 [main] INFO  ozone.HddsDatanodeService (HddsDatanodeService.java:startPlugins(395)) - Started plug-in org.apache.hadoop.ozone.web.OzoneHddsDatanodeService@65da1cbe
2019-08-20 14:15:49,549 [main] INFO  impl.MetricsSystemImpl (MetricsSystemImpl.java:init(158)) - HddsDatanode metrics system started (again)
2019-08-20 14:15:49,551 [org.apache.hadoop.util.JvmPauseMonitor$Monitor@4b851d9f] INFO  util.JvmPauseMonitor (JvmPauseMonitor.java:run(188)) - Starting JVM pause monitor
2019-08-20 14:15:49,552 [main] INFO  ozone.HddsDatanodeService (HddsDatanodeService.java:start(184)) - HddsDatanodeService host:pr-hdds-1975-spxzp-3193579258 ip:192.168.69.100
2019-08-20 14:15:49,554 [Datanode State Machine Thread - 0] INFO  datanode.InitDatanodeState (InitDatanodeState.java:persistContainerDatanodeDetails(140)) - DatanodeDetails is persisted to /workdir/hadoop-ozone/integration-test/target/test-dir/MiniOzoneClusterImpl-e0f456b9-34a0-4c6d-b797-d774b2610ec7/datanode-1/meta/datanode.id
2019-08-20 14:15:49,558 [main] INFO  volume.HddsVolume (HddsVolume.java:<init>(176)) - Creating Volume: /workdir/hadoop-ozone/integration-test/target/test-dir/MiniOzoneClusterImpl-e0f456b9-34a0-4c6d-b797-d774b2610ec7/datanode-2/data/containers/hdds of  storage type : DISK and capacity : 1482555576320
2019-08-20 14:15:49,558 [main] INFO  volume.VolumeSet (VolumeSet.java:initializeVolumeSet(170)) - Added Volume : /workdir/hadoop-ozone/integration-test/target/test-dir/MiniOzoneClusterImpl-e0f456b9-34a0-4c6d-b797-d774b2610ec7/datanode-2/data/containers/hdds to VolumeSet
2019-08-20 14:15:49,558 [main] INFO  volume.ThrottledAsyncChecker (ThrottledAsyncChecker.java:schedule(140)) - Scheduling a check for org.apache.hadoop.ozone.container.common.volume.HddsVolume@1f3aa970
2019-08-20 14:15:49,559 [main] INFO  volume.HddsVolumeChecker (HddsVolumeChecker.java:checkAllVolumes(203)) - Scheduled health check for volume org.apache.hadoop.ozone.container.common.volume.HddsVolume@1f3aa970
2019-08-20 14:15:49,572 [main] INFO  impl.RaftServerProxy (ConfUtils.java:logGet(43)) - raft.rpc.type = GRPC (default)
2019-08-20 14:15:49,572 [main] INFO  grpc.GrpcFactory (GrpcFactory.java:checkPooledByteBufAllocatorUseCacheForAllThreads(45)) - PERFORMANCE WARNING: useCacheForAllThreads is true that may cause Netty to create a lot garbage objects and, as a result, trigger GC.
	It is recommended to disable useCacheForAllThreads by setting -Dorg.apache.ratis.thirdparty.io.netty.allocator.useCacheForAllThreads=false in command line.
2019-08-20 14:15:49,572 [main] INFO  grpc.GrpcConfigKeys$Server (ConfUtils.java:logGet(43)) - raft.grpc.server.port = 0 (default)
2019-08-20 14:15:49,573 [main] INFO  server.GrpcService (ConfUtils.java:logGet(43)) - raft.grpc.message.size.max = 33570816 (custom)
2019-08-20 14:15:49,573 [main] INFO  server.RaftServerConfigKeys (ConfUtils.java:logGet(43)) - raft.server.log.appender.buffer.byte-limit = 33554432 (custom)
2019-08-20 14:15:49,573 [main] INFO  server.GrpcService (ConfUtils.java:logGet(43)) - raft.grpc.flow.control.window = 1MB (=1048576) (default)
2019-08-20 14:15:49,573 [main] INFO  server.RaftServerConfigKeys (ConfUtils.java:logGet(43)) - raft.server.rpc.request.timeout = 3000ms (default)
2019-08-20 14:15:49,574 [main] INFO  server.RaftServerConfigKeys (ConfUtils.java:logGet(43)) - raft.server.storage.dir = [/workdir/hadoop-ozone/integration-test/target/test-dir/MiniOzoneClusterImpl-e0f456b9-34a0-4c6d-b797-d774b2610ec7/datanode-2/data/ratis] (custom)
2019-08-20 14:15:49,575 [main] INFO  replication.SimpleContainerDownloader (SimpleContainerDownloader.java:<init>(72)) - Starting container downloader service to copy containers to replicate.
2019-08-20 14:15:49,576 [main] INFO  hdfs.DFSUtil (DFSUtil.java:httpServerTemplateForNNAndJN(1641)) - Starting Web-server for hddsDatanode at: http://0.0.0.0:0
2019-08-20 14:15:49,577 [main] INFO  server.AuthenticationFilter (AuthenticationFilter.java:constructSecretProvider(240)) - Unable to initialize FileSignerSecretProvider, falling back to use random secrets.
2019-08-20 14:15:49,578 [main] WARN  http.HttpRequestLog (HttpRequestLog.java:getRequestLog(97)) - Jetty request log can only be enabled using Log4j
2019-08-20 14:15:49,580 [main] INFO  http.HttpServer2 (HttpServer2.java:addGlobalFilter(975)) - Added global filter 'safety' (class=org.apache.hadoop.http.HttpServer2$QuotingInputFilter)
2019-08-20 14:15:49,580 [main] INFO  http.HttpServer2 (HttpServer2.java:addFilter(948)) - Added filter static_user_filter (class=org.apache.hadoop.http.lib.StaticUserWebFilter$StaticUserFilter) to context hddsDatanode
2019-08-20 14:15:49,581 [main] INFO  http.HttpServer2 (HttpServer2.java:addFilter(958)) - Added filter static_user_filter (class=org.apache.hadoop.http.lib.StaticUserWebFilter$StaticUserFilter) to context static
2019-08-20 14:15:49,581 [main] INFO  http.HttpServer2 (HttpServer2.java:addFilter(958)) - Added filter static_user_filter (class=org.apache.hadoop.http.lib.StaticUserWebFilter$StaticUserFilter) to context logs
2019-08-20 14:15:49,582 [main] INFO  http.HttpServer2 (HttpServer2.java:bindListener(1191)) - Jetty bound to port 46195
2019-08-20 14:15:49,582 [main] INFO  server.Server (Server.java:doStart(351)) - jetty-9.3.24.v20180605, build timestamp: 2018-06-05T17:11:56Z, git hash: 84205aa28f11a4f31f2a3b86d1bba2cc8ab69827
2019-08-20 14:15:49,584 [main] INFO  handler.ContextHandler (ContextHandler.java:doStart(781)) - Started o.e.j.s.ServletContextHandler@1f6e6f50{/logs,file:///workdir/hadoop-ozone/integration-test/target/log,AVAILABLE}
2019-08-20 14:15:49,584 [main] INFO  handler.ContextHandler (ContextHandler.java:doStart(781)) - Started o.e.j.s.ServletContextHandler@796cf2b5{/static,jar:file:/home/user/.m2/repository/org/apache/hadoop/hadoop-hdds-container-service/0.5.0-SNAPSHOT/hadoop-hdds-container-service-0.5.0-SNAPSHOT.jar!/webapps/static,AVAILABLE}
2019-08-20 14:15:49,613 [main] INFO  handler.ContextHandler (ContextHandler.java:doStart(781)) - Started o.e.j.w.WebAppContext@6c8d638a{/,file:///tmp/jetty-0.0.0.0-46195-hddsDatanode-_-any-1702075995422437923.dir/webapp/,AVAILABLE}{/hddsDatanode}
2019-08-20 14:15:49,614 [main] INFO  server.AbstractConnector (AbstractConnector.java:doStart(278)) - Started ServerConnector@117069f2{HTTP/1.1,[http/1.1]}{0.0.0.0:46195}
2019-08-20 14:15:49,615 [main] INFO  server.Server (Server.java:doStart(419)) - Started @118947ms
2019-08-20 14:15:49,616 [main] INFO  server.BaseHttpServer (BaseHttpServer.java:updateConnectorAddress(213)) - HTTP server of HDDSDATANODE is listening at http://0.0.0.0:46195
2019-08-20 14:15:49,729 | INFO  | ObjectStoreRestHttpServer | Listening HDDS REST traffic on /0.0.0.0:43181 |  
2019-08-20 14:15:49,729 [main] INFO  ozone.HddsDatanodeService (HddsDatanodeService.java:startPlugins(395)) - Started plug-in org.apache.hadoop.ozone.web.OzoneHddsDatanodeService@464d60fb
2019-08-20 14:15:49,729 [main] INFO  impl.MetricsSystemImpl (MetricsSystemImpl.java:init(158)) - HddsDatanode metrics system started (again)
2019-08-20 14:15:49,731 [org.apache.hadoop.util.JvmPauseMonitor$Monitor@456d4293] INFO  util.JvmPauseMonitor (JvmPauseMonitor.java:run(188)) - Starting JVM pause monitor
2019-08-20 14:15:49,732 [main] INFO  ozone.HddsDatanodeService (HddsDatanodeService.java:start(184)) - HddsDatanodeService host:pr-hdds-1975-spxzp-3193579258 ip:192.168.69.100
2019-08-20 14:15:49,733 [Datanode State Machine Thread - 0] INFO  datanode.InitDatanodeState (InitDatanodeState.java:persistContainerDatanodeDetails(140)) - DatanodeDetails is persisted to /workdir/hadoop-ozone/integration-test/target/test-dir/MiniOzoneClusterImpl-e0f456b9-34a0-4c6d-b797-d774b2610ec7/datanode-2/meta/datanode.id
2019-08-20 14:15:49,738 [main] INFO  volume.HddsVolume (HddsVolume.java:<init>(176)) - Creating Volume: /workdir/hadoop-ozone/integration-test/target/test-dir/MiniOzoneClusterImpl-e0f456b9-34a0-4c6d-b797-d774b2610ec7/datanode-3/data/containers/hdds of  storage type : DISK and capacity : 1482555576320
2019-08-20 14:15:49,738 [main] INFO  volume.VolumeSet (VolumeSet.java:initializeVolumeSet(170)) - Added Volume : /workdir/hadoop-ozone/integration-test/target/test-dir/MiniOzoneClusterImpl-e0f456b9-34a0-4c6d-b797-d774b2610ec7/datanode-3/data/containers/hdds to VolumeSet
2019-08-20 14:15:49,738 [main] INFO  volume.ThrottledAsyncChecker (ThrottledAsyncChecker.java:schedule(140)) - Scheduling a check for org.apache.hadoop.ozone.container.common.volume.HddsVolume@53b907d9
2019-08-20 14:15:49,739 [main] INFO  volume.HddsVolumeChecker (HddsVolumeChecker.java:checkAllVolumes(203)) - Scheduled health check for volume org.apache.hadoop.ozone.container.common.volume.HddsVolume@53b907d9
2019-08-20 14:15:49,757 [main] INFO  impl.RaftServerProxy (ConfUtils.java:logGet(43)) - raft.rpc.type = GRPC (default)
2019-08-20 14:15:49,757 [main] INFO  grpc.GrpcFactory (GrpcFactory.java:checkPooledByteBufAllocatorUseCacheForAllThreads(45)) - PERFORMANCE WARNING: useCacheForAllThreads is true that may cause Netty to create a lot garbage objects and, as a result, trigger GC.
	It is recommended to disable useCacheForAllThreads by setting -Dorg.apache.ratis.thirdparty.io.netty.allocator.useCacheForAllThreads=false in command line.
2019-08-20 14:15:49,758 [main] INFO  grpc.GrpcConfigKeys$Server (ConfUtils.java:logGet(43)) - raft.grpc.server.port = 0 (default)
2019-08-20 14:15:49,758 [main] INFO  server.GrpcService (ConfUtils.java:logGet(43)) - raft.grpc.message.size.max = 33570816 (custom)
2019-08-20 14:15:49,758 [main] INFO  server.RaftServerConfigKeys (ConfUtils.java:logGet(43)) - raft.server.log.appender.buffer.byte-limit = 33554432 (custom)
2019-08-20 14:15:49,759 [main] INFO  server.GrpcService (ConfUtils.java:logGet(43)) - raft.grpc.flow.control.window = 1MB (=1048576) (default)
2019-08-20 14:15:49,759 [main] INFO  server.RaftServerConfigKeys (ConfUtils.java:logGet(43)) - raft.server.rpc.request.timeout = 3000ms (default)
2019-08-20 14:15:49,759 [main] INFO  server.RaftServerConfigKeys (ConfUtils.java:logGet(43)) - raft.server.storage.dir = [/workdir/hadoop-ozone/integration-test/target/test-dir/MiniOzoneClusterImpl-e0f456b9-34a0-4c6d-b797-d774b2610ec7/datanode-3/data/ratis] (custom)
2019-08-20 14:15:49,760 [main] INFO  replication.SimpleContainerDownloader (SimpleContainerDownloader.java:<init>(72)) - Starting container downloader service to copy containers to replicate.
2019-08-20 14:15:49,761 [main] INFO  hdfs.DFSUtil (DFSUtil.java:httpServerTemplateForNNAndJN(1641)) - Starting Web-server for hddsDatanode at: http://0.0.0.0:0
2019-08-20 14:15:49,763 [main] INFO  server.AuthenticationFilter (AuthenticationFilter.java:constructSecretProvider(240)) - Unable to initialize FileSignerSecretProvider, falling back to use random secrets.
2019-08-20 14:15:49,763 [main] WARN  http.HttpRequestLog (HttpRequestLog.java:getRequestLog(97)) - Jetty request log can only be enabled using Log4j
2019-08-20 14:15:49,765 [main] INFO  http.HttpServer2 (HttpServer2.java:addGlobalFilter(975)) - Added global filter 'safety' (class=org.apache.hadoop.http.HttpServer2$QuotingInputFilter)
2019-08-20 14:15:49,765 [main] INFO  http.HttpServer2 (HttpServer2.java:addFilter(948)) - Added filter static_user_filter (class=org.apache.hadoop.http.lib.StaticUserWebFilter$StaticUserFilter) to context hddsDatanode
2019-08-20 14:15:49,766 [main] INFO  http.HttpServer2 (HttpServer2.java:addFilter(958)) - Added filter static_user_filter (class=org.apache.hadoop.http.lib.StaticUserWebFilter$StaticUserFilter) to context static
2019-08-20 14:15:49,766 [main] INFO  http.HttpServer2 (HttpServer2.java:addFilter(958)) - Added filter static_user_filter (class=org.apache.hadoop.http.lib.StaticUserWebFilter$StaticUserFilter) to context logs
2019-08-20 14:15:49,767 [main] INFO  http.HttpServer2 (HttpServer2.java:bindListener(1191)) - Jetty bound to port 40625
2019-08-20 14:15:49,769 [main] INFO  server.Server (Server.java:doStart(351)) - jetty-9.3.24.v20180605, build timestamp: 2018-06-05T17:11:56Z, git hash: 84205aa28f11a4f31f2a3b86d1bba2cc8ab69827
2019-08-20 14:15:49,772 [main] INFO  handler.ContextHandler (ContextHandler.java:doStart(781)) - Started o.e.j.s.ServletContextHandler@52b30dcd{/logs,file:///workdir/hadoop-ozone/integration-test/target/log,AVAILABLE}
2019-08-20 14:15:49,773 [main] INFO  handler.ContextHandler (ContextHandler.java:doStart(781)) - Started o.e.j.s.ServletContextHandler@1bbc1b90{/static,jar:file:/home/user/.m2/repository/org/apache/hadoop/hadoop-hdds-container-service/0.5.0-SNAPSHOT/hadoop-hdds-container-service-0.5.0-SNAPSHOT.jar!/webapps/static,AVAILABLE}
2019-08-20 14:15:49,801 [main] INFO  handler.ContextHandler (ContextHandler.java:doStart(781)) - Started o.e.j.w.WebAppContext@8636cf4{/,file:///tmp/jetty-0.0.0.0-40625-hddsDatanode-_-any-8868521546604618888.dir/webapp/,AVAILABLE}{/hddsDatanode}
2019-08-20 14:15:49,802 [main] INFO  server.AbstractConnector (AbstractConnector.java:doStart(278)) - Started ServerConnector@7c9512c6{HTTP/1.1,[http/1.1]}{0.0.0.0:40625}
2019-08-20 14:15:49,803 [main] INFO  server.Server (Server.java:doStart(419)) - Started @119135ms
2019-08-20 14:15:49,804 [main] INFO  server.BaseHttpServer (BaseHttpServer.java:updateConnectorAddress(213)) - HTTP server of HDDSDATANODE is listening at http://0.0.0.0:40625
2019-08-20 14:15:49,914 | INFO  | ObjectStoreRestHttpServer | Listening HDDS REST traffic on /0.0.0.0:46571 |  
2019-08-20 14:15:49,914 [main] INFO  ozone.HddsDatanodeService (HddsDatanodeService.java:startPlugins(395)) - Started plug-in org.apache.hadoop.ozone.web.OzoneHddsDatanodeService@7792e14f
2019-08-20 14:15:49,914 [main] INFO  impl.MetricsSystemImpl (MetricsSystemImpl.java:init(158)) - HddsDatanode metrics system started (again)
2019-08-20 14:15:49,917 [org.apache.hadoop.util.JvmPauseMonitor$Monitor@e585638] INFO  util.JvmPauseMonitor (JvmPauseMonitor.java:run(188)) - Starting JVM pause monitor
2019-08-20 14:15:49,917 [main] INFO  ozone.HddsDatanodeService (HddsDatanodeService.java:start(184)) - HddsDatanodeService host:pr-hdds-1975-spxzp-3193579258 ip:192.168.69.100
2019-08-20 14:15:50,040 [main] INFO  volume.HddsVolume (HddsVolume.java:<init>(176)) - Creating Volume: /workdir/hadoop-ozone/integration-test/target/test-dir/MiniOzoneClusterImpl-e0f456b9-34a0-4c6d-b797-d774b2610ec7/datanode-4/data/containers/hdds of  storage type : DISK and capacity : 1482555576320
2019-08-20 14:15:50,040 [Datanode State Machine Thread - 0] INFO  datanode.InitDatanodeState (InitDatanodeState.java:persistContainerDatanodeDetails(140)) - DatanodeDetails is persisted to /workdir/hadoop-ozone/integration-test/target/test-dir/MiniOzoneClusterImpl-e0f456b9-34a0-4c6d-b797-d774b2610ec7/datanode-3/meta/datanode.id
2019-08-20 14:15:50,040 [main] INFO  volume.VolumeSet (VolumeSet.java:initializeVolumeSet(170)) - Added Volume : /workdir/hadoop-ozone/integration-test/target/test-dir/MiniOzoneClusterImpl-e0f456b9-34a0-4c6d-b797-d774b2610ec7/datanode-4/data/containers/hdds to VolumeSet
2019-08-20 14:15:50,041 [main] INFO  volume.ThrottledAsyncChecker (ThrottledAsyncChecker.java:schedule(140)) - Scheduling a check for org.apache.hadoop.ozone.container.common.volume.HddsVolume@74c23525
2019-08-20 14:15:50,042 [main] INFO  volume.HddsVolumeChecker (HddsVolumeChecker.java:checkAllVolumes(203)) - Scheduled health check for volume org.apache.hadoop.ozone.container.common.volume.HddsVolume@74c23525
2019-08-20 14:15:50,066 [main] INFO  impl.RaftServerProxy (ConfUtils.java:logGet(43)) - raft.rpc.type = GRPC (default)
2019-08-20 14:15:50,067 [main] INFO  grpc.GrpcFactory (GrpcFactory.java:checkPooledByteBufAllocatorUseCacheForAllThreads(45)) - PERFORMANCE WARNING: useCacheForAllThreads is true that may cause Netty to create a lot garbage objects and, as a result, trigger GC.
	It is recommended to disable useCacheForAllThreads by setting -Dorg.apache.ratis.thirdparty.io.netty.allocator.useCacheForAllThreads=false in command line.
2019-08-20 14:15:50,067 [main] INFO  grpc.GrpcConfigKeys$Server (ConfUtils.java:logGet(43)) - raft.grpc.server.port = 0 (default)
2019-08-20 14:15:50,068 [main] INFO  server.GrpcService (ConfUtils.java:logGet(43)) - raft.grpc.message.size.max = 33570816 (custom)
2019-08-20 14:15:50,068 [main] INFO  server.RaftServerConfigKeys (ConfUtils.java:logGet(43)) - raft.server.log.appender.buffer.byte-limit = 33554432 (custom)
2019-08-20 14:15:50,069 [main] INFO  server.GrpcService (ConfUtils.java:logGet(43)) - raft.grpc.flow.control.window = 1MB (=1048576) (default)
2019-08-20 14:15:50,069 [main] INFO  server.RaftServerConfigKeys (ConfUtils.java:logGet(43)) - raft.server.rpc.request.timeout = 3000ms (default)
2019-08-20 14:15:50,070 [main] INFO  server.RaftServerConfigKeys (ConfUtils.java:logGet(43)) - raft.server.storage.dir = [/workdir/hadoop-ozone/integration-test/target/test-dir/MiniOzoneClusterImpl-e0f456b9-34a0-4c6d-b797-d774b2610ec7/datanode-4/data/ratis] (custom)
2019-08-20 14:15:50,071 [main] INFO  replication.SimpleContainerDownloader (SimpleContainerDownloader.java:<init>(72)) - Starting container downloader service to copy containers to replicate.
2019-08-20 14:15:50,072 [main] INFO  hdfs.DFSUtil (DFSUtil.java:httpServerTemplateForNNAndJN(1641)) - Starting Web-server for hddsDatanode at: http://0.0.0.0:0
2019-08-20 14:15:50,074 [main] INFO  server.AuthenticationFilter (AuthenticationFilter.java:constructSecretProvider(240)) - Unable to initialize FileSignerSecretProvider, falling back to use random secrets.
2019-08-20 14:15:50,075 [main] WARN  http.HttpRequestLog (HttpRequestLog.java:getRequestLog(97)) - Jetty request log can only be enabled using Log4j
2019-08-20 14:15:50,077 [main] INFO  http.HttpServer2 (HttpServer2.java:addGlobalFilter(975)) - Added global filter 'safety' (class=org.apache.hadoop.http.HttpServer2$QuotingInputFilter)
2019-08-20 14:15:50,078 [main] INFO  http.HttpServer2 (HttpServer2.java:addFilter(948)) - Added filter static_user_filter (class=org.apache.hadoop.http.lib.StaticUserWebFilter$StaticUserFilter) to context hddsDatanode
2019-08-20 14:15:50,078 [main] INFO  http.HttpServer2 (HttpServer2.java:addFilter(958)) - Added filter static_user_filter (class=org.apache.hadoop.http.lib.StaticUserWebFilter$StaticUserFilter) to context static
2019-08-20 14:15:50,079 [main] INFO  http.HttpServer2 (HttpServer2.java:addFilter(958)) - Added filter static_user_filter (class=org.apache.hadoop.http.lib.StaticUserWebFilter$StaticUserFilter) to context logs
2019-08-20 14:15:50,080 [main] INFO  http.HttpServer2 (HttpServer2.java:bindListener(1191)) - Jetty bound to port 41507
2019-08-20 14:15:50,080 [main] INFO  server.Server (Server.java:doStart(351)) - jetty-9.3.24.v20180605, build timestamp: 2018-06-05T17:11:56Z, git hash: 84205aa28f11a4f31f2a3b86d1bba2cc8ab69827
2019-08-20 14:15:50,082 [main] INFO  handler.ContextHandler (ContextHandler.java:doStart(781)) - Started o.e.j.s.ServletContextHandler@6a7ea7c{/logs,file:///workdir/hadoop-ozone/integration-test/target/log,AVAILABLE}
2019-08-20 14:15:50,083 [main] INFO  handler.ContextHandler (ContextHandler.java:doStart(781)) - Started o.e.j.s.ServletContextHandler@25ee3caa{/static,jar:file:/home/user/.m2/repository/org/apache/hadoop/hadoop-hdds-container-service/0.5.0-SNAPSHOT/hadoop-hdds-container-service-0.5.0-SNAPSHOT.jar!/webapps/static,AVAILABLE}
2019-08-20 14:15:50,129 [main] INFO  handler.ContextHandler (ContextHandler.java:doStart(781)) - Started o.e.j.w.WebAppContext@18a38bba{/,file:///tmp/jetty-0.0.0.0-41507-hddsDatanode-_-any-6316736732860949405.dir/webapp/,AVAILABLE}{/hddsDatanode}
2019-08-20 14:15:50,130 [main] INFO  server.AbstractConnector (AbstractConnector.java:doStart(278)) - Started ServerConnector@58ca6ba3{HTTP/1.1,[http/1.1]}{0.0.0.0:41507}
2019-08-20 14:15:50,131 [main] INFO  server.Server (Server.java:doStart(419)) - Started @119463ms
2019-08-20 14:15:50,132 [main] INFO  server.BaseHttpServer (BaseHttpServer.java:updateConnectorAddress(213)) - HTTP server of HDDSDATANODE is listening at http://0.0.0.0:41507
2019-08-20 14:15:50,246 | INFO  | ObjectStoreRestHttpServer | Listening HDDS REST traffic on /0.0.0.0:40973 |  
2019-08-20 14:15:50,246 [main] INFO  ozone.HddsDatanodeService (HddsDatanodeService.java:startPlugins(395)) - Started plug-in org.apache.hadoop.ozone.web.OzoneHddsDatanodeService@716eae1
2019-08-20 14:15:50,246 [main] INFO  impl.MetricsSystemImpl (MetricsSystemImpl.java:init(158)) - HddsDatanode metrics system started (again)
2019-08-20 14:15:50,249 [org.apache.hadoop.util.JvmPauseMonitor$Monitor@3dd1addb] INFO  util.JvmPauseMonitor (JvmPauseMonitor.java:run(188)) - Starting JVM pause monitor
2019-08-20 14:15:50,250 [main] INFO  ozone.HddsDatanodeService (HddsDatanodeService.java:start(184)) - HddsDatanodeService host:pr-hdds-1975-spxzp-3193579258 ip:192.168.69.100
2019-08-20 14:15:50,250 [Datanode State Machine Thread - 0] INFO  datanode.InitDatanodeState (InitDatanodeState.java:persistContainerDatanodeDetails(140)) - DatanodeDetails is persisted to /workdir/hadoop-ozone/integration-test/target/test-dir/MiniOzoneClusterImpl-e0f456b9-34a0-4c6d-b797-d774b2610ec7/datanode-4/meta/datanode.id
2019-08-20 14:15:50,256 [main] INFO  volume.HddsVolume (HddsVolume.java:<init>(176)) - Creating Volume: /workdir/hadoop-ozone/integration-test/target/test-dir/MiniOzoneClusterImpl-e0f456b9-34a0-4c6d-b797-d774b2610ec7/datanode-5/data/containers/hdds of  storage type : DISK and capacity : 1482555576320
2019-08-20 14:15:50,256 [main] INFO  volume.VolumeSet (VolumeSet.java:initializeVolumeSet(170)) - Added Volume : /workdir/hadoop-ozone/integration-test/target/test-dir/MiniOzoneClusterImpl-e0f456b9-34a0-4c6d-b797-d774b2610ec7/datanode-5/data/containers/hdds to VolumeSet
2019-08-20 14:15:50,256 [main] INFO  volume.ThrottledAsyncChecker (ThrottledAsyncChecker.java:schedule(140)) - Scheduling a check for org.apache.hadoop.ozone.container.common.volume.HddsVolume@2b66bf1c
2019-08-20 14:15:50,257 [main] INFO  volume.HddsVolumeChecker (HddsVolumeChecker.java:checkAllVolumes(203)) - Scheduled health check for volume org.apache.hadoop.ozone.container.common.volume.HddsVolume@2b66bf1c
2019-08-20 14:15:50,269 [main] INFO  impl.RaftServerProxy (ConfUtils.java:logGet(43)) - raft.rpc.type = GRPC (default)
2019-08-20 14:15:50,269 [main] INFO  grpc.GrpcFactory (GrpcFactory.java:checkPooledByteBufAllocatorUseCacheForAllThreads(45)) - PERFORMANCE WARNING: useCacheForAllThreads is true that may cause Netty to create a lot garbage objects and, as a result, trigger GC.
	It is recommended to disable useCacheForAllThreads by setting -Dorg.apache.ratis.thirdparty.io.netty.allocator.useCacheForAllThreads=false in command line.
2019-08-20 14:15:50,270 [main] INFO  grpc.GrpcConfigKeys$Server (ConfUtils.java:logGet(43)) - raft.grpc.server.port = 0 (default)
2019-08-20 14:15:50,270 [main] INFO  server.GrpcService (ConfUtils.java:logGet(43)) - raft.grpc.message.size.max = 33570816 (custom)
2019-08-20 14:15:50,270 [main] INFO  server.RaftServerConfigKeys (ConfUtils.java:logGet(43)) - raft.server.log.appender.buffer.byte-limit = 33554432 (custom)
2019-08-20 14:15:50,270 [main] INFO  server.GrpcService (ConfUtils.java:logGet(43)) - raft.grpc.flow.control.window = 1MB (=1048576) (default)
2019-08-20 14:15:50,270 [main] INFO  server.RaftServerConfigKeys (ConfUtils.java:logGet(43)) - raft.server.rpc.request.timeout = 3000ms (default)
2019-08-20 14:15:50,271 [main] INFO  server.RaftServerConfigKeys (ConfUtils.java:logGet(43)) - raft.server.storage.dir = [/workdir/hadoop-ozone/integration-test/target/test-dir/MiniOzoneClusterImpl-e0f456b9-34a0-4c6d-b797-d774b2610ec7/datanode-5/data/ratis] (custom)
2019-08-20 14:15:50,271 [main] INFO  replication.SimpleContainerDownloader (SimpleContainerDownloader.java:<init>(72)) - Starting container downloader service to copy containers to replicate.
2019-08-20 14:15:50,272 [main] INFO  hdfs.DFSUtil (DFSUtil.java:httpServerTemplateForNNAndJN(1641)) - Starting Web-server for hddsDatanode at: http://0.0.0.0:0
2019-08-20 14:15:50,273 [main] INFO  server.AuthenticationFilter (AuthenticationFilter.java:constructSecretProvider(240)) - Unable to initialize FileSignerSecretProvider, falling back to use random secrets.
2019-08-20 14:15:50,273 [main] WARN  http.HttpRequestLog (HttpRequestLog.java:getRequestLog(97)) - Jetty request log can only be enabled using Log4j
2019-08-20 14:15:50,274 [main] INFO  http.HttpServer2 (HttpServer2.java:addGlobalFilter(975)) - Added global filter 'safety' (class=org.apache.hadoop.http.HttpServer2$QuotingInputFilter)
2019-08-20 14:15:50,275 [main] INFO  http.HttpServer2 (HttpServer2.java:addFilter(948)) - Added filter static_user_filter (class=org.apache.hadoop.http.lib.StaticUserWebFilter$StaticUserFilter) to context hddsDatanode
2019-08-20 14:15:50,275 [main] INFO  http.HttpServer2 (HttpServer2.java:addFilter(958)) - Added filter static_user_filter (class=org.apache.hadoop.http.lib.StaticUserWebFilter$StaticUserFilter) to context static
2019-08-20 14:15:50,275 [main] INFO  http.HttpServer2 (HttpServer2.java:addFilter(958)) - Added filter static_user_filter (class=org.apache.hadoop.http.lib.StaticUserWebFilter$StaticUserFilter) to context logs
2019-08-20 14:15:50,276 [main] INFO  http.HttpServer2 (HttpServer2.java:bindListener(1191)) - Jetty bound to port 38690
2019-08-20 14:15:50,276 [main] INFO  server.Server (Server.java:doStart(351)) - jetty-9.3.24.v20180605, build timestamp: 2018-06-05T17:11:56Z, git hash: 84205aa28f11a4f31f2a3b86d1bba2cc8ab69827
2019-08-20 14:15:50,277 [main] INFO  handler.ContextHandler (ContextHandler.java:doStart(781)) - Started o.e.j.s.ServletContextHandler@e296794{/logs,file:///workdir/hadoop-ozone/integration-test/target/log,AVAILABLE}
2019-08-20 14:15:50,278 [main] INFO  handler.ContextHandler (ContextHandler.java:doStart(781)) - Started o.e.j.s.ServletContextHandler@3fda8dae{/static,jar:file:/home/user/.m2/repository/org/apache/hadoop/hadoop-hdds-container-service/0.5.0-SNAPSHOT/hadoop-hdds-container-service-0.5.0-SNAPSHOT.jar!/webapps/static,AVAILABLE}
2019-08-20 14:15:50,324 [main] INFO  handler.ContextHandler (ContextHandler.java:doStart(781)) - Started o.e.j.w.WebAppContext@3adbd038{/,file:///tmp/jetty-0.0.0.0-38690-hddsDatanode-_-any-1796580093400459634.dir/webapp/,AVAILABLE}{/hddsDatanode}
2019-08-20 14:15:50,325 [main] INFO  server.AbstractConnector (AbstractConnector.java:doStart(278)) - Started ServerConnector@5e976553{HTTP/1.1,[http/1.1]}{0.0.0.0:38690}
2019-08-20 14:15:50,326 [main] INFO  server.Server (Server.java:doStart(419)) - Started @119658ms
2019-08-20 14:15:50,327 [main] INFO  server.BaseHttpServer (BaseHttpServer.java:updateConnectorAddress(213)) - HTTP server of HDDSDATANODE is listening at http://0.0.0.0:38690
2019-08-20 14:15:50,536 | INFO  | ObjectStoreRestHttpServer | Listening HDDS REST traffic on /0.0.0.0:39582 |  
2019-08-20 14:15:50,536 [main] INFO  ozone.HddsDatanodeService (HddsDatanodeService.java:startPlugins(395)) - Started plug-in org.apache.hadoop.ozone.web.OzoneHddsDatanodeService@66ab088c
2019-08-20 14:15:50,538 [main] INFO  impl.MetricsSystemImpl (MetricsSystemImpl.java:init(158)) - HddsDatanode metrics system started (again)
2019-08-20 14:15:50,547 [org.apache.hadoop.util.JvmPauseMonitor$Monitor@721a8843] INFO  util.JvmPauseMonitor (JvmPauseMonitor.java:run(188)) - Starting JVM pause monitor
2019-08-20 14:15:50,547 [main] INFO  ozone.HddsDatanodeService (HddsDatanodeService.java:start(184)) - HddsDatanodeService host:pr-hdds-1975-spxzp-3193579258 ip:192.168.69.100
2019-08-20 14:15:50,548 [Datanode State Machine Thread - 0] INFO  datanode.InitDatanodeState (InitDatanodeState.java:persistContainerDatanodeDetails(140)) - DatanodeDetails is persisted to /workdir/hadoop-ozone/integration-test/target/test-dir/MiniOzoneClusterImpl-e0f456b9-34a0-4c6d-b797-d774b2610ec7/datanode-5/meta/datanode.id
2019-08-20 14:15:50,553 [main] INFO  volume.HddsVolume (HddsVolume.java:<init>(176)) - Creating Volume: /workdir/hadoop-ozone/integration-test/target/test-dir/MiniOzoneClusterImpl-e0f456b9-34a0-4c6d-b797-d774b2610ec7/datanode-6/data/containers/hdds of  storage type : DISK and capacity : 1482555576320
2019-08-20 14:15:50,554 [main] INFO  volume.VolumeSet (VolumeSet.java:initializeVolumeSet(170)) - Added Volume : /workdir/hadoop-ozone/integration-test/target/test-dir/MiniOzoneClusterImpl-e0f456b9-34a0-4c6d-b797-d774b2610ec7/datanode-6/data/containers/hdds to VolumeSet
2019-08-20 14:15:50,554 [main] INFO  volume.ThrottledAsyncChecker (ThrottledAsyncChecker.java:schedule(140)) - Scheduling a check for org.apache.hadoop.ozone.container.common.volume.HddsVolume@5b643d6e
2019-08-20 14:15:50,554 [main] INFO  volume.HddsVolumeChecker (HddsVolumeChecker.java:checkAllVolumes(203)) - Scheduled health check for volume org.apache.hadoop.ozone.container.common.volume.HddsVolume@5b643d6e
2019-08-20 14:15:50,568 [main] INFO  impl.RaftServerProxy (ConfUtils.java:logGet(43)) - raft.rpc.type = GRPC (default)
2019-08-20 14:15:50,568 [main] INFO  grpc.GrpcFactory (GrpcFactory.java:checkPooledByteBufAllocatorUseCacheForAllThreads(45)) - PERFORMANCE WARNING: useCacheForAllThreads is true that may cause Netty to create a lot garbage objects and, as a result, trigger GC.
	It is recommended to disable useCacheForAllThreads by setting -Dorg.apache.ratis.thirdparty.io.netty.allocator.useCacheForAllThreads=false in command line.
2019-08-20 14:15:50,568 [main] INFO  grpc.GrpcConfigKeys$Server (ConfUtils.java:logGet(43)) - raft.grpc.server.port = 0 (default)
2019-08-20 14:15:50,569 [main] INFO  server.GrpcService (ConfUtils.java:logGet(43)) - raft.grpc.message.size.max = 33570816 (custom)
2019-08-20 14:15:50,569 [main] INFO  server.RaftServerConfigKeys (ConfUtils.java:logGet(43)) - raft.server.log.appender.buffer.byte-limit = 33554432 (custom)
2019-08-20 14:15:50,569 [main] INFO  server.GrpcService (ConfUtils.java:logGet(43)) - raft.grpc.flow.control.window = 1MB (=1048576) (default)
2019-08-20 14:15:50,569 [main] INFO  server.RaftServerConfigKeys (ConfUtils.java:logGet(43)) - raft.server.rpc.request.timeout = 3000ms (default)
2019-08-20 14:15:50,570 [main] INFO  server.RaftServerConfigKeys (ConfUtils.java:logGet(43)) - raft.server.storage.dir = [/workdir/hadoop-ozone/integration-test/target/test-dir/MiniOzoneClusterImpl-e0f456b9-34a0-4c6d-b797-d774b2610ec7/datanode-6/data/ratis] (custom)
2019-08-20 14:15:50,570 [main] INFO  replication.SimpleContainerDownloader (SimpleContainerDownloader.java:<init>(72)) - Starting container downloader service to copy containers to replicate.
2019-08-20 14:15:50,571 [main] INFO  hdfs.DFSUtil (DFSUtil.java:httpServerTemplateForNNAndJN(1641)) - Starting Web-server for hddsDatanode at: http://0.0.0.0:0
2019-08-20 14:15:50,572 [main] INFO  server.AuthenticationFilter (AuthenticationFilter.java:constructSecretProvider(240)) - Unable to initialize FileSignerSecretProvider, falling back to use random secrets.
2019-08-20 14:15:50,572 [main] WARN  http.HttpRequestLog (HttpRequestLog.java:getRequestLog(97)) - Jetty request log can only be enabled using Log4j
2019-08-20 14:15:50,573 [main] INFO  http.HttpServer2 (HttpServer2.java:addGlobalFilter(975)) - Added global filter 'safety' (class=org.apache.hadoop.http.HttpServer2$QuotingInputFilter)
2019-08-20 14:15:50,574 [main] INFO  http.HttpServer2 (HttpServer2.java:addFilter(948)) - Added filter static_user_filter (class=org.apache.hadoop.http.lib.StaticUserWebFilter$StaticUserFilter) to context hddsDatanode
2019-08-20 14:15:50,574 [main] INFO  http.HttpServer2 (HttpServer2.java:addFilter(958)) - Added filter static_user_filter (class=org.apache.hadoop.http.lib.StaticUserWebFilter$StaticUserFilter) to context static
2019-08-20 14:15:50,574 [main] INFO  http.HttpServer2 (HttpServer2.java:addFilter(958)) - Added filter static_user_filter (class=org.apache.hadoop.http.lib.StaticUserWebFilter$StaticUserFilter) to context logs
2019-08-20 14:15:50,575 [main] INFO  http.HttpServer2 (HttpServer2.java:bindListener(1191)) - Jetty bound to port 33992
2019-08-20 14:15:50,575 [main] INFO  server.Server (Server.java:doStart(351)) - jetty-9.3.24.v20180605, build timestamp: 2018-06-05T17:11:56Z, git hash: 84205aa28f11a4f31f2a3b86d1bba2cc8ab69827
2019-08-20 14:15:50,576 [main] INFO  handler.ContextHandler (ContextHandler.java:doStart(781)) - Started o.e.j.s.ServletContextHandler@533e8807{/logs,file:///workdir/hadoop-ozone/integration-test/target/log,AVAILABLE}
2019-08-20 14:15:50,576 [main] INFO  handler.ContextHandler (ContextHandler.java:doStart(781)) - Started o.e.j.s.ServletContextHandler@2b4ba2d9{/static,jar:file:/home/user/.m2/repository/org/apache/hadoop/hadoop-hdds-container-service/0.5.0-SNAPSHOT/hadoop-hdds-container-service-0.5.0-SNAPSHOT.jar!/webapps/static,AVAILABLE}
2019-08-20 14:15:50,601 [main] INFO  handler.ContextHandler (ContextHandler.java:doStart(781)) - Started o.e.j.w.WebAppContext@23ee92df{/,file:///tmp/jetty-0.0.0.0-33992-hddsDatanode-_-any-8540082732825169261.dir/webapp/,AVAILABLE}{/hddsDatanode}
2019-08-20 14:15:50,602 [main] INFO  server.AbstractConnector (AbstractConnector.java:doStart(278)) - Started ServerConnector@1a6a4595{HTTP/1.1,[http/1.1]}{0.0.0.0:33992}
2019-08-20 14:15:50,603 [main] INFO  server.Server (Server.java:doStart(419)) - Started @119935ms
2019-08-20 14:15:50,604 [main] INFO  server.BaseHttpServer (BaseHttpServer.java:updateConnectorAddress(213)) - HTTP server of HDDSDATANODE is listening at http://0.0.0.0:33992
2019-08-20 14:15:50,711 | INFO  | ObjectStoreRestHttpServer | Listening HDDS REST traffic on /0.0.0.0:44385 |  
2019-08-20 14:15:50,711 [main] INFO  ozone.HddsDatanodeService (HddsDatanodeService.java:startPlugins(395)) - Started plug-in org.apache.hadoop.ozone.web.OzoneHddsDatanodeService@49c947f7
2019-08-20 14:15:50,711 [main] INFO  ozone.MiniOzoneClusterImpl (MiniOzoneClusterImpl.java:lambda$waitForClusterToBeReady$0(142)) - Waiting for cluster to be ready. Got 0 of 7 DN Heartbeats.
2019-08-20 14:15:50,712 [org.apache.hadoop.util.JvmPauseMonitor$Monitor@789333b5] INFO  util.JvmPauseMonitor (JvmPauseMonitor.java:run(188)) - Starting JVM pause monitor
2019-08-20 14:15:50,713 [Datanode State Machine Thread - 0] INFO  datanode.InitDatanodeState (InitDatanodeState.java:persistContainerDatanodeDetails(140)) - DatanodeDetails is persisted to /workdir/hadoop-ozone/integration-test/target/test-dir/MiniOzoneClusterImpl-e0f456b9-34a0-4c6d-b797-d774b2610ec7/datanode-6/meta/datanode.id
2019-08-20 14:15:51,339 | INFO  | SCMAudit | user=jenkins1000 | ip=192.168.69.100 | op=GET_VERSION null | ret=SUCCESS |  
2019-08-20 14:15:51,552 | INFO  | SCMAudit | user=jenkins1000 | ip=192.168.69.100 | op=GET_VERSION null | ret=SUCCESS |  
2019-08-20 14:15:51,592 [Datanode State Machine Thread - 0] INFO  ozoneimpl.OzoneContainer (OzoneContainer.java:start(186)) - Attempting to start container services.
2019-08-20 14:15:51,592 [Datanode State Machine Thread - 0] INFO  ozoneimpl.OzoneContainer (OzoneContainer.java:startContainerScrub(160)) - Background container scrubber has been disabled by hdds.containerscrub.enabled
2019-08-20 14:15:51,592 [Datanode State Machine Thread - 0] INFO  ratis.XceiverServerRatis (XceiverServerRatis.java:start(404)) - Starting XceiverServerRatis e691072e-736f-4155-b802-4eb66a703156 at port 0
2019-08-20 14:15:51,597 [Datanode State Machine Thread - 0] INFO  impl.RaftServerProxy (RaftServerProxy.java:lambda$start$3(299)) - e691072e-736f-4155-b802-4eb66a703156: start RPC server
2019-08-20 14:15:51,598 [Datanode State Machine Thread - 0] INFO  server.GrpcService (GrpcService.java:startImpl(149)) - e691072e-736f-4155-b802-4eb66a703156: GrpcService started, listening on 0.0.0.0/0.0.0.0:44602
2019-08-20 14:15:51,598 [Datanode State Machine Thread - 0] INFO  ratis.XceiverServerRatis (XceiverServerRatis.java:start(414)) - XceiverServerRatis e691072e-736f-4155-b802-4eb66a703156 is started using port 44602
2019-08-20 14:15:51,598 [Datanode State Machine Thread - 0] INFO  server.XceiverServerGrpc (XceiverServerGrpc.java:start(161)) - XceiverServerGrpc e691072e-736f-4155-b802-4eb66a703156 is started using port 38727
2019-08-20 14:15:51,711 [main] INFO  ozone.MiniOzoneClusterImpl (MiniOzoneClusterImpl.java:lambda$waitForClusterToBeReady$0(142)) - Waiting for cluster to be ready. Got 0 of 7 DN Heartbeats.
2019-08-20 14:15:51,732 | INFO  | SCMAudit | user=jenkins1000 | ip=192.168.69.100 | op=GET_VERSION null | ret=SUCCESS |  
2019-08-20 14:15:51,917 | INFO  | SCMAudit | user=jenkins1000 | ip=192.168.69.100 | op=GET_VERSION null | ret=SUCCESS |  
2019-08-20 14:15:51,929 [Datanode State Machine Thread - 0] INFO  ozoneimpl.OzoneContainer (OzoneContainer.java:start(186)) - Attempting to start container services.
2019-08-20 14:15:51,929 [Datanode State Machine Thread - 0] INFO  ozoneimpl.OzoneContainer (OzoneContainer.java:start(186)) - Attempting to start container services.
2019-08-20 14:15:51,929 [Datanode State Machine Thread - 0] INFO  ozoneimpl.OzoneContainer (OzoneContainer.java:startContainerScrub(160)) - Background container scrubber has been disabled by hdds.containerscrub.enabled
2019-08-20 14:15:51,929 [Datanode State Machine Thread - 0] INFO  ozoneimpl.OzoneContainer (OzoneContainer.java:startContainerScrub(160)) - Background container scrubber has been disabled by hdds.containerscrub.enabled
2019-08-20 14:15:51,929 [Datanode State Machine Thread - 0] INFO  ratis.XceiverServerRatis (XceiverServerRatis.java:start(404)) - Starting XceiverServerRatis 713a193c-7c22-4398-8969-d8ef79c9ca0d at port 0
2019-08-20 14:15:51,930 [Datanode State Machine Thread - 0] INFO  ozoneimpl.OzoneContainer (OzoneContainer.java:start(186)) - Attempting to start container services.
2019-08-20 14:15:51,929 [Datanode State Machine Thread - 0] INFO  ratis.XceiverServerRatis (XceiverServerRatis.java:start(404)) - Starting XceiverServerRatis e1c8181d-fec9-4c63-b279-ecea4ae6fb4e at port 0
2019-08-20 14:15:51,930 [Datanode State Machine Thread - 0] INFO  ozoneimpl.OzoneContainer (OzoneContainer.java:startContainerScrub(160)) - Background container scrubber has been disabled by hdds.containerscrub.enabled
2019-08-20 14:15:51,930 [Datanode State Machine Thread - 0] INFO  ratis.XceiverServerRatis (XceiverServerRatis.java:start(404)) - Starting XceiverServerRatis d573e1d8-8390-4409-afd7-d3779bc68bbe at port 0
2019-08-20 14:15:51,953 [Datanode State Machine Thread - 0] INFO  impl.RaftServerProxy (RaftServerProxy.java:lambda$start$3(299)) - d573e1d8-8390-4409-afd7-d3779bc68bbe: start RPC server
2019-08-20 14:15:51,955 [Datanode State Machine Thread - 0] INFO  server.GrpcService (GrpcService.java:startImpl(149)) - d573e1d8-8390-4409-afd7-d3779bc68bbe: GrpcService started, listening on 0.0.0.0/0.0.0.0:43226
2019-08-20 14:15:51,955 [Datanode State Machine Thread - 0] INFO  ratis.XceiverServerRatis (XceiverServerRatis.java:start(414)) - XceiverServerRatis d573e1d8-8390-4409-afd7-d3779bc68bbe is started using port 43226
2019-08-20 14:15:51,956 [Datanode State Machine Thread - 0] INFO  impl.RaftServerProxy (RaftServerProxy.java:lambda$start$3(299)) - 713a193c-7c22-4398-8969-d8ef79c9ca0d: start RPC server
2019-08-20 14:15:51,957 [Datanode State Machine Thread - 0] INFO  server.XceiverServerGrpc (XceiverServerGrpc.java:start(161)) - XceiverServerGrpc d573e1d8-8390-4409-afd7-d3779bc68bbe is started using port 43538
2019-08-20 14:15:51,957 [Datanode State Machine Thread - 0] INFO  impl.RaftServerProxy (RaftServerProxy.java:lambda$start$3(299)) - e1c8181d-fec9-4c63-b279-ecea4ae6fb4e: start RPC server
2019-08-20 14:15:51,957 [Datanode State Machine Thread - 0] INFO  server.GrpcService (GrpcService.java:startImpl(149)) - 713a193c-7c22-4398-8969-d8ef79c9ca0d: GrpcService started, listening on 0.0.0.0/0.0.0.0:41065
2019-08-20 14:15:51,957 [Datanode State Machine Thread - 0] INFO  ratis.XceiverServerRatis (XceiverServerRatis.java:start(414)) - XceiverServerRatis 713a193c-7c22-4398-8969-d8ef79c9ca0d is started using port 41065
2019-08-20 14:15:51,958 [Datanode State Machine Thread - 0] INFO  server.GrpcService (GrpcService.java:startImpl(149)) - e1c8181d-fec9-4c63-b279-ecea4ae6fb4e: GrpcService started, listening on 0.0.0.0/0.0.0.0:35006
2019-08-20 14:15:51,958 [Datanode State Machine Thread - 0] INFO  ratis.XceiverServerRatis (XceiverServerRatis.java:start(414)) - XceiverServerRatis e1c8181d-fec9-4c63-b279-ecea4ae6fb4e is started using port 35006
2019-08-20 14:15:51,959 [Datanode State Machine Thread - 0] INFO  server.XceiverServerGrpc (XceiverServerGrpc.java:start(161)) - XceiverServerGrpc 713a193c-7c22-4398-8969-d8ef79c9ca0d is started using port 34384
2019-08-20 14:15:51,959 [Datanode State Machine Thread - 0] INFO  server.XceiverServerGrpc (XceiverServerGrpc.java:start(161)) - XceiverServerGrpc e1c8181d-fec9-4c63-b279-ecea4ae6fb4e is started using port 33376
2019-08-20 14:15:52,250 | INFO  | SCMAudit | user=jenkins1000 | ip=192.168.69.100 | op=GET_VERSION null | ret=SUCCESS |  
2019-08-20 14:15:52,313 [Datanode State Machine Thread - 0] INFO  ozoneimpl.OzoneContainer (OzoneContainer.java:start(186)) - Attempting to start container services.
2019-08-20 14:15:52,313 [Datanode State Machine Thread - 0] INFO  ozoneimpl.OzoneContainer (OzoneContainer.java:startContainerScrub(160)) - Background container scrubber has been disabled by hdds.containerscrub.enabled
2019-08-20 14:15:52,313 [Datanode State Machine Thread - 0] INFO  ratis.XceiverServerRatis (XceiverServerRatis.java:start(404)) - Starting XceiverServerRatis bfdf518d-3827-4a18-a953-b1a9cbd73588 at port 0
2019-08-20 14:15:52,318 [Datanode State Machine Thread - 0] INFO  impl.RaftServerProxy (RaftServerProxy.java:lambda$start$3(299)) - bfdf518d-3827-4a18-a953-b1a9cbd73588: start RPC server
2019-08-20 14:15:52,319 [Datanode State Machine Thread - 0] INFO  server.GrpcService (GrpcService.java:startImpl(149)) - bfdf518d-3827-4a18-a953-b1a9cbd73588: GrpcService started, listening on 0.0.0.0/0.0.0.0:33445
2019-08-20 14:15:52,319 [Datanode State Machine Thread - 0] INFO  ratis.XceiverServerRatis (XceiverServerRatis.java:start(414)) - XceiverServerRatis bfdf518d-3827-4a18-a953-b1a9cbd73588 is started using port 33445
2019-08-20 14:15:52,319 [Datanode State Machine Thread - 0] INFO  server.XceiverServerGrpc (XceiverServerGrpc.java:start(161)) - XceiverServerGrpc bfdf518d-3827-4a18-a953-b1a9cbd73588 is started using port 36711
2019-08-20 14:15:52,547 | INFO  | SCMAudit | user=jenkins1000 | ip=192.168.69.100 | op=GET_VERSION null | ret=SUCCESS |  
2019-08-20 14:15:52,566 [Datanode State Machine Thread - 0] INFO  ozoneimpl.OzoneContainer (OzoneContainer.java:start(186)) - Attempting to start container services.
2019-08-20 14:15:52,566 [Datanode State Machine Thread - 0] INFO  ozoneimpl.OzoneContainer (OzoneContainer.java:startContainerScrub(160)) - Background container scrubber has been disabled by hdds.containerscrub.enabled
2019-08-20 14:15:52,566 [Datanode State Machine Thread - 0] INFO  ratis.XceiverServerRatis (XceiverServerRatis.java:start(404)) - Starting XceiverServerRatis 89238edf-7113-49d9-b2af-f23b0f32d28d at port 0
2019-08-20 14:15:52,571 [Datanode State Machine Thread - 0] INFO  impl.RaftServerProxy (RaftServerProxy.java:lambda$start$3(299)) - 89238edf-7113-49d9-b2af-f23b0f32d28d: start RPC server
2019-08-20 14:15:52,575 [Datanode State Machine Thread - 0] INFO  server.GrpcService (GrpcService.java:startImpl(149)) - 89238edf-7113-49d9-b2af-f23b0f32d28d: GrpcService started, listening on 0.0.0.0/0.0.0.0:38627
2019-08-20 14:15:52,575 [Datanode State Machine Thread - 0] INFO  ratis.XceiverServerRatis (XceiverServerRatis.java:start(414)) - XceiverServerRatis 89238edf-7113-49d9-b2af-f23b0f32d28d is started using port 38627
2019-08-20 14:15:52,575 [Datanode State Machine Thread - 0] INFO  server.XceiverServerGrpc (XceiverServerGrpc.java:start(161)) - XceiverServerGrpc 89238edf-7113-49d9-b2af-f23b0f32d28d is started using port 46330
2019-08-20 14:15:52,712 [main] INFO  ozone.MiniOzoneClusterImpl (MiniOzoneClusterImpl.java:lambda$waitForClusterToBeReady$0(142)) - Waiting for cluster to be ready. Got 0 of 7 DN Heartbeats.
2019-08-20 14:15:52,713 | INFO  | SCMAudit | user=jenkins1000 | ip=192.168.69.100 | op=GET_VERSION null | ret=SUCCESS |  
2019-08-20 14:15:52,756 [Datanode State Machine Thread - 0] INFO  ozoneimpl.OzoneContainer (OzoneContainer.java:start(186)) - Attempting to start container services.
2019-08-20 14:15:52,756 [Datanode State Machine Thread - 0] INFO  ozoneimpl.OzoneContainer (OzoneContainer.java:startContainerScrub(160)) - Background container scrubber has been disabled by hdds.containerscrub.enabled
2019-08-20 14:15:52,756 [Datanode State Machine Thread - 0] INFO  ratis.XceiverServerRatis (XceiverServerRatis.java:start(404)) - Starting XceiverServerRatis 3a7aed30-5b05-400a-aa20-51eb22baecbd at port 0
2019-08-20 14:15:52,761 [Datanode State Machine Thread - 0] INFO  impl.RaftServerProxy (RaftServerProxy.java:lambda$start$3(299)) - 3a7aed30-5b05-400a-aa20-51eb22baecbd: start RPC server
2019-08-20 14:15:52,762 [Datanode State Machine Thread - 0] INFO  server.GrpcService (GrpcService.java:startImpl(149)) - 3a7aed30-5b05-400a-aa20-51eb22baecbd: GrpcService started, listening on 0.0.0.0/0.0.0.0:41108
2019-08-20 14:15:52,762 [Datanode State Machine Thread - 0] INFO  ratis.XceiverServerRatis (XceiverServerRatis.java:start(414)) - XceiverServerRatis 3a7aed30-5b05-400a-aa20-51eb22baecbd is started using port 41108
2019-08-20 14:15:52,764 [Datanode State Machine Thread - 0] INFO  server.XceiverServerGrpc (XceiverServerGrpc.java:start(161)) - XceiverServerGrpc 3a7aed30-5b05-400a-aa20-51eb22baecbd is started using port 45209
2019-08-20 14:15:53,339 [IPC Server handler 1 on 36203] INFO  net.NetworkTopology (NetworkTopologyImpl.java:add(110)) - Added a new node: /default-rack/e691072e-736f-4155-b802-4eb66a703156
2019-08-20 14:15:53,341 [IPC Server handler 1 on 36203] INFO  node.SCMNodeManager (SCMNodeManager.java:register(273)) - Registered Data node : e691072e-736f-4155-b802-4eb66a703156{ip: 192.168.69.100, host: pr-hdds-1975-spxzp-3193579258, networkLocation: /default-rack, certSerialId: null}
2019-08-20 14:15:53,342 [EventQueue-NodeRegistrationContainerReportForDataNodeSafeModeRule] INFO  safemode.SCMSafeModeManager (DataNodeSafeModeRule.java:process(71)) - SCM in safe mode. 1 DataNodes registered, 1 required.
2019-08-20 14:15:53,342 | INFO  | SCMAudit | user=jenkins1000 | ip=192.168.69.100 | op=REGISTER {datanodeDetails=e691072e-736f-4155-b802-4eb66a703156{ip: 192.168.69.100, host: pr-hdds-1975-spxzp-3193579258, networkLocation: /default-rack, certSerialId: null}} | ret=SUCCESS |  
2019-08-20 14:15:53,344 [EventQueue-NodeRegistrationContainerReportForDataNodeSafeModeRule] INFO  safemode.SCMSafeModeManager (SCMSafeModeManager.java:validateSafeModeExitRules(177)) - ScmSafeModeManager, all rules are successfully validated
2019-08-20 14:15:53,344 [EventQueue-NodeRegistrationContainerReportForDataNodeSafeModeRule] INFO  safemode.SCMSafeModeManager (SCMSafeModeManager.java:exitSafeMode(193)) - SCM exiting safe mode.
2019-08-20 14:15:53,352 [grpc-default-executor-2] INFO  impl.RaftServerProxy (RaftServerProxy.java:addNew(89)) - e691072e-736f-4155-b802-4eb66a703156: addNew group-F1A29F919F8A:[e691072e-736f-4155-b802-4eb66a703156:192.168.69.100:44602] returns group-F1A29F919F8A:java.util.concurrent.CompletableFuture@62674106[Not completed]
2019-08-20 14:15:53,353 [pool-221-thread-1] INFO  impl.RaftServerImpl (RaftServerImpl.java:<init>(93)) - e691072e-736f-4155-b802-4eb66a703156: new RaftServerImpl for group-F1A29F919F8A:[e691072e-736f-4155-b802-4eb66a703156:192.168.69.100:44602] with ContainerStateMachine:uninitialized
2019-08-20 14:15:53,353 [pool-221-thread-1] INFO  server.RaftServerConfigKeys (ConfUtils.java:logGet(43)) - raft.server.rpc.timeout.min = 5s (custom)
2019-08-20 14:15:53,353 [pool-221-thread-1] INFO  server.RaftServerConfigKeys (ConfUtils.java:logGet(43)) - raft.server.rpc.timeout.max = 5200ms (custom)
2019-08-20 14:15:53,353 [pool-221-thread-1] INFO  server.RaftServerConfigKeys (ConfUtils.java:logGet(43)) - raft.server.rpcslowness.timeout = 120s (custom)
2019-08-20 14:15:53,353 [pool-221-thread-1] INFO  server.RaftServerConfigKeys (ConfUtils.java:logGet(43)) - raft.server.sleep.deviation.threshold = 300 (default)
2019-08-20 14:15:53,354 [pool-221-thread-1] INFO  server.RaftServerConfigKeys (ConfUtils.java:logGet(43)) - raft.server.log.appender.install.snapshot.enabled = false (custom)
2019-08-20 14:15:53,354 [pool-221-thread-1] INFO  impl.RaftServerImpl (ServerState.java:<init>(105)) - e691072e-736f-4155-b802-4eb66a703156:group-F1A29F919F8A ConfigurationManager, init=-1: [e691072e-736f-4155-b802-4eb66a703156:192.168.69.100:44602], old=null, confs=<EMPTY_MAP>
2019-08-20 14:15:53,354 [pool-221-thread-1] INFO  server.RaftServerConfigKeys (ConfUtils.java:logGet(43)) - raft.server.storage.dir = [/workdir/hadoop-ozone/integration-test/target/test-dir/MiniOzoneClusterImpl-e0f456b9-34a0-4c6d-b797-d774b2610ec7/datanode-0/data/ratis] (custom)
2019-08-20 14:15:53,354 [pool-221-thread-1] INFO  storage.RaftStorageDirectory (RaftStorageDirectory.java:analyzeStorage(246)) - The storage directory /workdir/hadoop-ozone/integration-test/target/test-dir/MiniOzoneClusterImpl-e0f456b9-34a0-4c6d-b797-d774b2610ec7/datanode-0/data/ratis/10fdec8f-1207-43fa-ae58-f1a29f919f8a does not exist. Creating ...
2019-08-20 14:15:53,433 [pool-221-thread-1] INFO  storage.RaftStorageDirectory (RaftStorageDirectory.java:tryLock(328)) - Lock on /workdir/hadoop-ozone/integration-test/target/test-dir/MiniOzoneClusterImpl-e0f456b9-34a0-4c6d-b797-d774b2610ec7/datanode-0/data/ratis/10fdec8f-1207-43fa-ae58-f1a29f919f8a/in_use.lock acquired by nodename 30562@pr-hdds-1975-spxzp-3193579258
2019-08-20 14:15:53,505 [pool-221-thread-1] INFO  storage.RaftStorage (RaftStorage.java:format(72)) - Storage directory /workdir/hadoop-ozone/integration-test/target/test-dir/MiniOzoneClusterImpl-e0f456b9-34a0-4c6d-b797-d774b2610ec7/datanode-0/data/ratis/10fdec8f-1207-43fa-ae58-f1a29f919f8a has been successfully formatted.
2019-08-20 14:15:53,505 [pool-221-thread-1] INFO  ratis.ContainerStateMachine (ContainerStateMachine.java:loadSnapshot(222)) - group-F1A29F919F8A: The snapshot info is null. Setting the last applied indexto:(t:0, i:~)
2019-08-20 14:15:53,505 [pool-221-thread-1] INFO  server.RaftServerConfigKeys (ConfUtils.java:logGet(43)) - raft.server.leader.election.timeout = 120s (custom)
2019-08-20 14:15:53,505 [pool-221-thread-1] INFO  server.RaftServerConfigKeys (ConfUtils.java:logGet(43)) - raft.server.log.use.memory = false (default)
2019-08-20 14:15:53,505 [pool-221-thread-1] INFO  server.RaftServerConfigKeys (ConfUtils.java:logGet(43)) - raft.server.log.purge.gap = 1000000 (custom)
2019-08-20 14:15:53,505 [pool-221-thread-1] INFO  server.RaftServerConfigKeys (ConfUtils.java:logGet(43)) - raft.server.log.appender.buffer.byte-limit = 33554432 (custom)
2019-08-20 14:15:53,506 [pool-221-thread-1] INFO  server.RaftServerConfigKeys (ConfUtils.java:logGet(43)) - raft.server.log.segment.size.max = 1048576 (custom)
2019-08-20 14:15:53,506 [pool-221-thread-1] INFO  server.RaftServerConfigKeys (ConfUtils.java:logGet(43)) - raft.server.log.segment.cache.num.max = 2 (custom)
2019-08-20 14:15:53,506 [pool-221-thread-1] INFO  segmented.SegmentedRaftLogWorker (SegmentedRaftLogWorker.java:<init>(172)) - new e691072e-736f-4155-b802-4eb66a703156-SegmentedRaftLogWorker:Storage Directory /workdir/hadoop-ozone/integration-test/target/test-dir/MiniOzoneClusterImpl-e0f456b9-34a0-4c6d-b797-d774b2610ec7/datanode-0/data/ratis/10fdec8f-1207-43fa-ae58-f1a29f919f8a for RaftStorage:Storage Directory /workdir/hadoop-ozone/integration-test/target/test-dir/MiniOzoneClusterImpl-e0f456b9-34a0-4c6d-b797-d774b2610ec7/datanode-0/data/ratis/10fdec8f-1207-43fa-ae58-f1a29f919f8a
2019-08-20 14:15:53,506 [pool-221-thread-1] INFO  server.RaftServerConfigKeys (ConfUtils.java:logGet(43)) - raft.server.log.queue.byte-limit = 2147483647 (custom)
2019-08-20 14:15:53,506 [pool-221-thread-1] INFO  server.RaftServerConfigKeys (ConfUtils.java:logGet(43)) - raft.server.log.queue.element-limit = 1024 (custom)
2019-08-20 14:15:53,506 [pool-221-thread-1] INFO  server.RaftServerConfigKeys (ConfUtils.java:logGet(43)) - raft.server.log.segment.size.max = 1048576 (custom)
2019-08-20 14:15:53,506 [pool-221-thread-1] INFO  server.RaftServerConfigKeys (ConfUtils.java:logGet(43)) - raft.server.log.preallocated.size = 16384 (custom)
2019-08-20 14:15:53,506 [pool-221-thread-1] INFO  server.RaftServerConfigKeys (ConfUtils.java:logGet(43)) - raft.server.log.write.buffer.size = 33554432 (custom)
2019-08-20 14:15:53,507 [pool-221-thread-1] INFO  server.RaftServerConfigKeys (ConfUtils.java:logGet(43)) - raft.server.log.force.sync.num = 128 (default)
2019-08-20 14:15:53,507 [pool-221-thread-1] INFO  server.RaftServerConfigKeys (ConfUtils.java:logGet(43)) - raft.server.log.statemachine.data.sync = true (default)
2019-08-20 14:15:53,507 [pool-221-thread-1] INFO  server.RaftServerConfigKeys (ConfUtils.java:logGet(43)) - raft.server.log.statemachine.data.sync.timeout = 10s (default)
2019-08-20 14:15:53,507 [pool-221-thread-1] INFO  server.RaftServerConfigKeys (ConfUtils.java:logGet(43)) - raft.server.log.statemachine.data.sync.timeout.retry = -1 (default)
2019-08-20 14:15:53,507 [pool-221-thread-1] INFO  server.RaftServerConfigKeys (ConfUtils.java:logGet(43)) - raft.server.log.statemachine.data.caching.enabled = true (custom)
2019-08-20 14:15:53,507 [pool-221-thread-1] INFO  segmented.SegmentedRaftLogWorker (SegmentedRaftLogWorker.java:lambda$new$0(132)) - e691072e-736f-4155-b802-4eb66a703156-SegmentedRaftLogWorker:Storage Directory /workdir/hadoop-ozone/integration-test/target/test-dir/MiniOzoneClusterImpl-e0f456b9-34a0-4c6d-b797-d774b2610ec7/datanode-0/data/ratis/10fdec8f-1207-43fa-ae58-f1a29f919f8a: flushIndex: setUnconditionally 0 -> -1
2019-08-20 14:15:53,508 [pool-221-thread-1] INFO  server.RaftServerConfigKeys (ConfUtils.java:logGet(43)) - raft.server.snapshot.auto.trigger.enabled = true (custom)
2019-08-20 14:15:53,508 [pool-221-thread-1] INFO  server.RaftServerConfigKeys (ConfUtils.java:logGet(43)) - raft.server.snapshot.auto.trigger.threshold = 10000 (custom)
2019-08-20 14:15:53,508 [pool-221-thread-1] INFO  server.RaftServerConfigKeys (ConfUtils.java:logGet(43)) - raft.server.retrycache.expirytime = 600000ms (custom)
2019-08-20 14:15:53,508 [pool-221-thread-1] INFO  impl.RaftServerImpl (RaftServerImpl.java:start(180)) - e691072e-736f-4155-b802-4eb66a703156: start group-F1A29F919F8A
2019-08-20 14:15:53,508 [pool-221-thread-1] INFO  impl.RaftServerImpl (RaftServerImpl.java:setRole(171)) - e691072e-736f-4155-b802-4eb66a703156:group-F1A29F919F8A changes role from null to FOLLOWER at term 0 for startAsFollower
2019-08-20 14:15:53,508 [pool-221-thread-1] INFO  impl.RoleInfo (RoleInfo.java:updateAndGet(143)) - e691072e-736f-4155-b802-4eb66a703156: start FollowerState
2019-08-20 14:15:53,519 [pool-221-thread-1] INFO  util.JmxRegister (JmxRegister.java:tryRegister(44)) - Successfully registered JMX Bean with object name Ratis:service=RaftServer,group=group-F1A29F919F8A,id=e691072e-736f-4155-b802-4eb66a703156
2019-08-20 14:15:53,522 [RatisPipelineUtilsThread] INFO  pipeline.PipelineStateManager (PipelineStateManager.java:addPipeline(56)) - Created pipeline Pipeline[ Id: 10fdec8f-1207-43fa-ae58-f1a29f919f8a, Nodes: e691072e-736f-4155-b802-4eb66a703156{ip: 192.168.69.100, host: pr-hdds-1975-spxzp-3193579258, networkLocation: /default-rack, certSerialId: null}, Type:RATIS, Factor:ONE, State:OPEN]
2019-08-20 14:15:53,553 [IPC Server handler 3 on 36203] INFO  net.NetworkTopology (NetworkTopologyImpl.java:add(110)) - Added a new node: /default-rack/e1c8181d-fec9-4c63-b279-ecea4ae6fb4e
2019-08-20 14:15:53,553 [IPC Server handler 3 on 36203] INFO  node.SCMNodeManager (SCMNodeManager.java:register(273)) - Registered Data node : e1c8181d-fec9-4c63-b279-ecea4ae6fb4e{ip: 192.168.69.100, host: pr-hdds-1975-spxzp-3193579258, networkLocation: /default-rack, certSerialId: null}
2019-08-20 14:15:53,553 | INFO  | SCMAudit | user=jenkins1000 | ip=192.168.69.100 | op=REGISTER {datanodeDetails=e1c8181d-fec9-4c63-b279-ecea4ae6fb4e{ip: 192.168.69.100, host: pr-hdds-1975-spxzp-3193579258, networkLocation: /default-rack, certSerialId: null}} | ret=SUCCESS |  
2019-08-20 14:15:53,570 [grpc-default-executor-2] INFO  impl.RaftServerProxy (RaftServerProxy.java:addNew(89)) - e1c8181d-fec9-4c63-b279-ecea4ae6fb4e: addNew group-0FED80380ECB:[e1c8181d-fec9-4c63-b279-ecea4ae6fb4e:192.168.69.100:35006] returns group-0FED80380ECB:java.util.concurrent.CompletableFuture@78153a0[Not completed]
2019-08-20 14:15:53,571 [pool-232-thread-1] INFO  impl.RaftServerImpl (RaftServerImpl.java:<init>(93)) - e1c8181d-fec9-4c63-b279-ecea4ae6fb4e: new RaftServerImpl for group-0FED80380ECB:[e1c8181d-fec9-4c63-b279-ecea4ae6fb4e:192.168.69.100:35006] with ContainerStateMachine:uninitialized
2019-08-20 14:15:53,572 [pool-232-thread-1] INFO  server.RaftServerConfigKeys (ConfUtils.java:logGet(43)) - raft.server.rpc.timeout.min = 5s (custom)
2019-08-20 14:15:53,572 [pool-232-thread-1] INFO  server.RaftServerConfigKeys (ConfUtils.java:logGet(43)) - raft.server.rpc.timeout.max = 5200ms (custom)
2019-08-20 14:15:53,572 [pool-232-thread-1] INFO  server.RaftServerConfigKeys (ConfUtils.java:logGet(43)) - raft.server.rpcslowness.timeout = 120s (custom)
2019-08-20 14:15:53,572 [pool-232-thread-1] INFO  server.RaftServerConfigKeys (ConfUtils.java:logGet(43)) - raft.server.sleep.deviation.threshold = 300 (default)
2019-08-20 14:15:53,572 [pool-232-thread-1] INFO  server.RaftServerConfigKeys (ConfUtils.java:logGet(43)) - raft.server.log.appender.install.snapshot.enabled = false (custom)
2019-08-20 14:15:53,573 [pool-232-thread-1] INFO  impl.RaftServerImpl (ServerState.java:<init>(105)) - e1c8181d-fec9-4c63-b279-ecea4ae6fb4e:group-0FED80380ECB ConfigurationManager, init=-1: [e1c8181d-fec9-4c63-b279-ecea4ae6fb4e:192.168.69.100:35006], old=null, confs=<EMPTY_MAP>
2019-08-20 14:15:53,573 [pool-232-thread-1] INFO  server.RaftServerConfigKeys (ConfUtils.java:logGet(43)) - raft.server.storage.dir = [/workdir/hadoop-ozone/integration-test/target/test-dir/MiniOzoneClusterImpl-e0f456b9-34a0-4c6d-b797-d774b2610ec7/datanode-1/data/ratis] (custom)
2019-08-20 14:15:53,573 [pool-232-thread-1] INFO  storage.RaftStorageDirectory (RaftStorageDirectory.java:analyzeStorage(246)) - The storage directory /workdir/hadoop-ozone/integration-test/target/test-dir/MiniOzoneClusterImpl-e0f456b9-34a0-4c6d-b797-d774b2610ec7/datanode-1/data/ratis/caa6dcc0-2173-490b-8d3b-0fed80380ecb does not exist. Creating ...
2019-08-20 14:15:53,634 [pool-232-thread-1] INFO  storage.RaftStorageDirectory (RaftStorageDirectory.java:tryLock(328)) - Lock on /workdir/hadoop-ozone/integration-test/target/test-dir/MiniOzoneClusterImpl-e0f456b9-34a0-4c6d-b797-d774b2610ec7/datanode-1/data/ratis/caa6dcc0-2173-490b-8d3b-0fed80380ecb/in_use.lock acquired by nodename 30562@pr-hdds-1975-spxzp-3193579258
2019-08-20 14:15:53,644 [pool-232-thread-1] INFO  storage.RaftStorage (RaftStorage.java:format(72)) - Storage directory /workdir/hadoop-ozone/integration-test/target/test-dir/MiniOzoneClusterImpl-e0f456b9-34a0-4c6d-b797-d774b2610ec7/datanode-1/data/ratis/caa6dcc0-2173-490b-8d3b-0fed80380ecb has been successfully formatted.
2019-08-20 14:15:53,644 [pool-232-thread-1] INFO  ratis.ContainerStateMachine (ContainerStateMachine.java:loadSnapshot(222)) - group-0FED80380ECB: The snapshot info is null. Setting the last applied indexto:(t:0, i:~)
2019-08-20 14:15:53,644 [pool-232-thread-1] INFO  server.RaftServerConfigKeys (ConfUtils.java:logGet(43)) - raft.server.leader.election.timeout = 120s (custom)
2019-08-20 14:15:53,644 [pool-232-thread-1] INFO  server.RaftServerConfigKeys (ConfUtils.java:logGet(43)) - raft.server.log.use.memory = false (default)
2019-08-20 14:15:53,645 [pool-232-thread-1] INFO  server.RaftServerConfigKeys (ConfUtils.java:logGet(43)) - raft.server.log.purge.gap = 1000000 (custom)
2019-08-20 14:15:53,645 [pool-232-thread-1] INFO  server.RaftServerConfigKeys (ConfUtils.java:logGet(43)) - raft.server.log.appender.buffer.byte-limit = 33554432 (custom)
2019-08-20 14:15:53,645 [pool-232-thread-1] INFO  server.RaftServerConfigKeys (ConfUtils.java:logGet(43)) - raft.server.log.segment.size.max = 1048576 (custom)
2019-08-20 14:15:53,645 [pool-232-thread-1] INFO  server.RaftServerConfigKeys (ConfUtils.java:logGet(43)) - raft.server.log.segment.cache.num.max = 2 (custom)
2019-08-20 14:15:53,645 [pool-232-thread-1] INFO  segmented.SegmentedRaftLogWorker (SegmentedRaftLogWorker.java:<init>(172)) - new e1c8181d-fec9-4c63-b279-ecea4ae6fb4e-SegmentedRaftLogWorker:Storage Directory /workdir/hadoop-ozone/integration-test/target/test-dir/MiniOzoneClusterImpl-e0f456b9-34a0-4c6d-b797-d774b2610ec7/datanode-1/data/ratis/caa6dcc0-2173-490b-8d3b-0fed80380ecb for RaftStorage:Storage Directory /workdir/hadoop-ozone/integration-test/target/test-dir/MiniOzoneClusterImpl-e0f456b9-34a0-4c6d-b797-d774b2610ec7/datanode-1/data/ratis/caa6dcc0-2173-490b-8d3b-0fed80380ecb
2019-08-20 14:15:53,646 [pool-232-thread-1] INFO  server.RaftServerConfigKeys (ConfUtils.java:logGet(43)) - raft.server.log.queue.byte-limit = 2147483647 (custom)
2019-08-20 14:15:53,646 [pool-232-thread-1] INFO  server.RaftServerConfigKeys (ConfUtils.java:logGet(43)) - raft.server.log.queue.element-limit = 1024 (custom)
2019-08-20 14:15:53,646 [pool-232-thread-1] INFO  server.RaftServerConfigKeys (ConfUtils.java:logGet(43)) - raft.server.log.segment.size.max = 1048576 (custom)
2019-08-20 14:15:53,646 [pool-232-thread-1] INFO  server.RaftServerConfigKeys (ConfUtils.java:logGet(43)) - raft.server.log.preallocated.size = 16384 (custom)
2019-08-20 14:15:53,646 [pool-232-thread-1] INFO  server.RaftServerConfigKeys (ConfUtils.java:logGet(43)) - raft.server.log.write.buffer.size = 33554432 (custom)
2019-08-20 14:15:53,647 [pool-232-thread-1] INFO  server.RaftServerConfigKeys (ConfUtils.java:logGet(43)) - raft.server.log.force.sync.num = 128 (default)
2019-08-20 14:15:53,647 [pool-232-thread-1] INFO  server.RaftServerConfigKeys (ConfUtils.java:logGet(43)) - raft.server.log.statemachine.data.sync = true (default)
2019-08-20 14:15:53,647 [pool-232-thread-1] INFO  server.RaftServerConfigKeys (ConfUtils.java:logGet(43)) - raft.server.log.statemachine.data.sync.timeout = 10s (default)
2019-08-20 14:15:53,647 [pool-232-thread-1] INFO  server.RaftServerConfigKeys (ConfUtils.java:logGet(43)) - raft.server.log.statemachine.data.sync.timeout.retry = -1 (default)
2019-08-20 14:15:53,648 [pool-232-thread-1] INFO  server.RaftServerConfigKeys (ConfUtils.java:logGet(43)) - raft.server.log.statemachine.data.caching.enabled = true (custom)
2019-08-20 14:15:53,648 [pool-232-thread-1] INFO  segmented.SegmentedRaftLogWorker (SegmentedRaftLogWorker.java:lambda$new$0(132)) - e1c8181d-fec9-4c63-b279-ecea4ae6fb4e-SegmentedRaftLogWorker:Storage Directory /workdir/hadoop-ozone/integration-test/target/test-dir/MiniOzoneClusterImpl-e0f456b9-34a0-4c6d-b797-d774b2610ec7/datanode-1/data/ratis/caa6dcc0-2173-490b-8d3b-0fed80380ecb: flushIndex: setUnconditionally 0 -> -1
2019-08-20 14:15:53,648 [pool-232-thread-1] INFO  server.RaftServerConfigKeys (ConfUtils.java:logGet(43)) - raft.server.snapshot.auto.trigger.enabled = true (custom)
2019-08-20 14:15:53,649 [pool-232-thread-1] INFO  server.RaftServerConfigKeys (ConfUtils.java:logGet(43)) - raft.server.snapshot.auto.trigger.threshold = 10000 (custom)
2019-08-20 14:15:53,649 [pool-232-thread-1] INFO  server.RaftServerConfigKeys (ConfUtils.java:logGet(43)) - raft.server.retrycache.expirytime = 600000ms (custom)
2019-08-20 14:15:53,649 [pool-232-thread-1] INFO  impl.RaftServerImpl (RaftServerImpl.java:start(180)) - e1c8181d-fec9-4c63-b279-ecea4ae6fb4e: start group-0FED80380ECB
2019-08-20 14:15:53,649 [pool-232-thread-1] INFO  impl.RaftServerImpl (RaftServerImpl.java:setRole(171)) - e1c8181d-fec9-4c63-b279-ecea4ae6fb4e:group-0FED80380ECB changes role from null to FOLLOWER at term 0 for startAsFollower
2019-08-20 14:15:53,649 [pool-232-thread-1] INFO  impl.RoleInfo (RoleInfo.java:updateAndGet(143)) - e1c8181d-fec9-4c63-b279-ecea4ae6fb4e: start FollowerState
2019-08-20 14:15:53,650 [pool-232-thread-1] INFO  util.JmxRegister (JmxRegister.java:tryRegister(44)) - Successfully registered JMX Bean with object name Ratis:service=RaftServer,group=group-0FED80380ECB,id=e1c8181d-fec9-4c63-b279-ecea4ae6fb4e
2019-08-20 14:15:53,655 [RatisPipelineUtilsThread] INFO  pipeline.PipelineStateManager (PipelineStateManager.java:addPipeline(56)) - Created pipeline Pipeline[ Id: caa6dcc0-2173-490b-8d3b-0fed80380ecb, Nodes: e1c8181d-fec9-4c63-b279-ecea4ae6fb4e{ip: 192.168.69.100, host: pr-hdds-1975-spxzp-3193579258, networkLocation: /default-rack, certSerialId: null}, Type:RATIS, Factor:ONE, State:OPEN]
2019-08-20 14:15:53,712 [main] INFO  ozone.MiniOzoneClusterImpl (MiniOzoneClusterImpl.java:lambda$waitForClusterToBeReady$0(142)) - Waiting for cluster to be ready. Got 2 of 7 DN Heartbeats.
2019-08-20 14:15:53,733 [IPC Server handler 4 on 36203] INFO  net.NetworkTopology (NetworkTopologyImpl.java:add(110)) - Added a new node: /default-rack/713a193c-7c22-4398-8969-d8ef79c9ca0d
2019-08-20 14:15:53,733 [IPC Server handler 4 on 36203] INFO  node.SCMNodeManager (SCMNodeManager.java:register(273)) - Registered Data node : 713a193c-7c22-4398-8969-d8ef79c9ca0d{ip: 192.168.69.100, host: pr-hdds-1975-spxzp-3193579258, networkLocation: /default-rack, certSerialId: null}
2019-08-20 14:15:53,733 | INFO  | SCMAudit | user=jenkins1000 | ip=192.168.69.100 | op=REGISTER {datanodeDetails=713a193c-7c22-4398-8969-d8ef79c9ca0d{ip: 192.168.69.100, host: pr-hdds-1975-spxzp-3193579258, networkLocation: /default-rack, certSerialId: null}} | ret=SUCCESS |  
2019-08-20 14:15:53,748 [grpc-default-executor-2] INFO  impl.RaftServerProxy (RaftServerProxy.java:addNew(89)) - 713a193c-7c22-4398-8969-d8ef79c9ca0d: addNew group-AB198B300450:[713a193c-7c22-4398-8969-d8ef79c9ca0d:192.168.69.100:41065] returns group-AB198B300450:java.util.concurrent.CompletableFuture@29794ef5[Not completed]
2019-08-20 14:15:53,749 [pool-243-thread-1] INFO  impl.RaftServerImpl (RaftServerImpl.java:<init>(93)) - 713a193c-7c22-4398-8969-d8ef79c9ca0d: new RaftServerImpl for group-AB198B300450:[713a193c-7c22-4398-8969-d8ef79c9ca0d:192.168.69.100:41065] with ContainerStateMachine:uninitialized
2019-08-20 14:15:53,749 [pool-243-thread-1] INFO  server.RaftServerConfigKeys (ConfUtils.java:logGet(43)) - raft.server.rpc.timeout.min = 5s (custom)
2019-08-20 14:15:53,749 [pool-243-thread-1] INFO  server.RaftServerConfigKeys (ConfUtils.java:logGet(43)) - raft.server.rpc.timeout.max = 5200ms (custom)
2019-08-20 14:15:53,749 [pool-243-thread-1] INFO  server.RaftServerConfigKeys (ConfUtils.java:logGet(43)) - raft.server.rpcslowness.timeout = 120s (custom)
2019-08-20 14:15:53,750 [pool-243-thread-1] INFO  server.RaftServerConfigKeys (ConfUtils.java:logGet(43)) - raft.server.sleep.deviation.threshold = 300 (default)
2019-08-20 14:15:53,750 [pool-243-thread-1] INFO  server.RaftServerConfigKeys (ConfUtils.java:logGet(43)) - raft.server.log.appender.install.snapshot.enabled = false (custom)
2019-08-20 14:15:53,750 [pool-243-thread-1] INFO  impl.RaftServerImpl (ServerState.java:<init>(105)) - 713a193c-7c22-4398-8969-d8ef79c9ca0d:group-AB198B300450 ConfigurationManager, init=-1: [713a193c-7c22-4398-8969-d8ef79c9ca0d:192.168.69.100:41065], old=null, confs=<EMPTY_MAP>
2019-08-20 14:15:53,750 [pool-243-thread-1] INFO  server.RaftServerConfigKeys (ConfUtils.java:logGet(43)) - raft.server.storage.dir = [/workdir/hadoop-ozone/integration-test/target/test-dir/MiniOzoneClusterImpl-e0f456b9-34a0-4c6d-b797-d774b2610ec7/datanode-2/data/ratis] (custom)
2019-08-20 14:15:53,750 [pool-243-thread-1] INFO  storage.RaftStorageDirectory (RaftStorageDirectory.java:analyzeStorage(246)) - The storage directory /workdir/hadoop-ozone/integration-test/target/test-dir/MiniOzoneClusterImpl-e0f456b9-34a0-4c6d-b797-d774b2610ec7/datanode-2/data/ratis/a87dec92-0caf-496b-83a4-ab198b300450 does not exist. Creating ...
2019-08-20 14:15:53,782 [pool-243-thread-1] INFO  storage.RaftStorageDirectory (RaftStorageDirectory.java:tryLock(328)) - Lock on /workdir/hadoop-ozone/integration-test/target/test-dir/MiniOzoneClusterImpl-e0f456b9-34a0-4c6d-b797-d774b2610ec7/datanode-2/data/ratis/a87dec92-0caf-496b-83a4-ab198b300450/in_use.lock acquired by nodename 30562@pr-hdds-1975-spxzp-3193579258
2019-08-20 14:15:53,789 [pool-243-thread-1] INFO  storage.RaftStorage (RaftStorage.java:format(72)) - Storage directory /workdir/hadoop-ozone/integration-test/target/test-dir/MiniOzoneClusterImpl-e0f456b9-34a0-4c6d-b797-d774b2610ec7/datanode-2/data/ratis/a87dec92-0caf-496b-83a4-ab198b300450 has been successfully formatted.
2019-08-20 14:15:53,789 [pool-243-thread-1] INFO  ratis.ContainerStateMachine (ContainerStateMachine.java:loadSnapshot(222)) - group-AB198B300450: The snapshot info is null. Setting the last applied indexto:(t:0, i:~)
2019-08-20 14:15:53,790 [pool-243-thread-1] INFO  server.RaftServerConfigKeys (ConfUtils.java:logGet(43)) - raft.server.leader.election.timeout = 120s (custom)
2019-08-20 14:15:53,790 [pool-243-thread-1] INFO  server.RaftServerConfigKeys (ConfUtils.java:logGet(43)) - raft.server.log.use.memory = false (default)
2019-08-20 14:15:53,790 [pool-243-thread-1] INFO  server.RaftServerConfigKeys (ConfUtils.java:logGet(43)) - raft.server.log.purge.gap = 1000000 (custom)
2019-08-20 14:15:53,790 [pool-243-thread-1] INFO  server.RaftServerConfigKeys (ConfUtils.java:logGet(43)) - raft.server.log.appender.buffer.byte-limit = 33554432 (custom)
2019-08-20 14:15:53,790 [pool-243-thread-1] INFO  server.RaftServerConfigKeys (ConfUtils.java:logGet(43)) - raft.server.log.segment.size.max = 1048576 (custom)
2019-08-20 14:15:53,790 [pool-243-thread-1] INFO  server.RaftServerConfigKeys (ConfUtils.java:logGet(43)) - raft.server.log.segment.cache.num.max = 2 (custom)
2019-08-20 14:15:53,791 [pool-243-thread-1] INFO  segmented.SegmentedRaftLogWorker (SegmentedRaftLogWorker.java:<init>(172)) - new 713a193c-7c22-4398-8969-d8ef79c9ca0d-SegmentedRaftLogWorker:Storage Directory /workdir/hadoop-ozone/integration-test/target/test-dir/MiniOzoneClusterImpl-e0f456b9-34a0-4c6d-b797-d774b2610ec7/datanode-2/data/ratis/a87dec92-0caf-496b-83a4-ab198b300450 for RaftStorage:Storage Directory /workdir/hadoop-ozone/integration-test/target/test-dir/MiniOzoneClusterImpl-e0f456b9-34a0-4c6d-b797-d774b2610ec7/datanode-2/data/ratis/a87dec92-0caf-496b-83a4-ab198b300450
2019-08-20 14:15:53,791 [pool-243-thread-1] INFO  server.RaftServerConfigKeys (ConfUtils.java:logGet(43)) - raft.server.log.queue.byte-limit = 2147483647 (custom)
2019-08-20 14:15:53,791 [pool-243-thread-1] INFO  server.RaftServerConfigKeys (ConfUtils.java:logGet(43)) - raft.server.log.queue.element-limit = 1024 (custom)
2019-08-20 14:15:53,791 [pool-243-thread-1] INFO  server.RaftServerConfigKeys (ConfUtils.java:logGet(43)) - raft.server.log.segment.size.max = 1048576 (custom)
2019-08-20 14:15:53,792 [pool-243-thread-1] INFO  server.RaftServerConfigKeys (ConfUtils.java:logGet(43)) - raft.server.log.preallocated.size = 16384 (custom)
2019-08-20 14:15:53,792 [pool-243-thread-1] INFO  server.RaftServerConfigKeys (ConfUtils.java:logGet(43)) - raft.server.log.write.buffer.size = 33554432 (custom)
2019-08-20 14:15:53,792 [pool-243-thread-1] INFO  server.RaftServerConfigKeys (ConfUtils.java:logGet(43)) - raft.server.log.force.sync.num = 128 (default)
2019-08-20 14:15:53,792 [pool-243-thread-1] INFO  server.RaftServerConfigKeys (ConfUtils.java:logGet(43)) - raft.server.log.statemachine.data.sync = true (default)
2019-08-20 14:15:53,792 [pool-243-thread-1] INFO  server.RaftServerConfigKeys (ConfUtils.java:logGet(43)) - raft.server.log.statemachine.data.sync.timeout = 10s (default)
2019-08-20 14:15:53,792 [pool-243-thread-1] INFO  server.RaftServerConfigKeys (ConfUtils.java:logGet(43)) - raft.server.log.statemachine.data.sync.timeout.retry = -1 (default)
2019-08-20 14:15:53,793 [pool-243-thread-1] INFO  server.RaftServerConfigKeys (ConfUtils.java:logGet(43)) - raft.server.log.statemachine.data.caching.enabled = true (custom)
2019-08-20 14:15:53,793 [pool-243-thread-1] INFO  segmented.SegmentedRaftLogWorker (SegmentedRaftLogWorker.java:lambda$new$0(132)) - 713a193c-7c22-4398-8969-d8ef79c9ca0d-SegmentedRaftLogWorker:Storage Directory /workdir/hadoop-ozone/integration-test/target/test-dir/MiniOzoneClusterImpl-e0f456b9-34a0-4c6d-b797-d774b2610ec7/datanode-2/data/ratis/a87dec92-0caf-496b-83a4-ab198b300450: flushIndex: setUnconditionally 0 -> -1
2019-08-20 14:15:53,793 [pool-243-thread-1] INFO  server.RaftServerConfigKeys (ConfUtils.java:logGet(43)) - raft.server.snapshot.auto.trigger.enabled = true (custom)
2019-08-20 14:15:53,794 [pool-243-thread-1] INFO  server.RaftServerConfigKeys (ConfUtils.java:logGet(43)) - raft.server.snapshot.auto.trigger.threshold = 10000 (custom)
2019-08-20 14:15:53,794 [pool-243-thread-1] INFO  server.RaftServerConfigKeys (ConfUtils.java:logGet(43)) - raft.server.retrycache.expirytime = 600000ms (custom)
2019-08-20 14:15:53,794 [pool-243-thread-1] INFO  impl.RaftServerImpl (RaftServerImpl.java:start(180)) - 713a193c-7c22-4398-8969-d8ef79c9ca0d: start group-AB198B300450
2019-08-20 14:15:53,794 [pool-243-thread-1] INFO  impl.RaftServerImpl (RaftServerImpl.java:setRole(171)) - 713a193c-7c22-4398-8969-d8ef79c9ca0d:group-AB198B300450 changes role from null to FOLLOWER at term 0 for startAsFollower
2019-08-20 14:15:53,794 [pool-243-thread-1] INFO  impl.RoleInfo (RoleInfo.java:updateAndGet(143)) - 713a193c-7c22-4398-8969-d8ef79c9ca0d: start FollowerState
2019-08-20 14:15:53,795 [pool-243-thread-1] INFO  util.JmxRegister (JmxRegister.java:tryRegister(44)) - Successfully registered JMX Bean with object name Ratis:service=RaftServer,group=group-AB198B300450,id=713a193c-7c22-4398-8969-d8ef79c9ca0d
2019-08-20 14:15:53,800 [RatisPipelineUtilsThread] INFO  pipeline.PipelineStateManager (PipelineStateManager.java:addPipeline(56)) - Created pipeline Pipeline[ Id: a87dec92-0caf-496b-83a4-ab198b300450, Nodes: 713a193c-7c22-4398-8969-d8ef79c9ca0d{ip: 192.168.69.100, host: pr-hdds-1975-spxzp-3193579258, networkLocation: /default-rack, certSerialId: null}, Type:RATIS, Factor:ONE, State:OPEN]
2019-08-20 14:15:53,815 [grpc-default-executor-5] INFO  impl.RaftServerProxy (RaftServerProxy.java:addNew(89)) - e1c8181d-fec9-4c63-b279-ecea4ae6fb4e: addNew group-D99EEE42CD84:[e1c8181d-fec9-4c63-b279-ecea4ae6fb4e:192.168.69.100:35006, e691072e-736f-4155-b802-4eb66a703156:192.168.69.100:44602, 713a193c-7c22-4398-8969-d8ef79c9ca0d:192.168.69.100:41065] returns group-D99EEE42CD84:java.util.concurrent.CompletableFuture@2602914b[Not completed]
2019-08-20 14:15:53,815 [grpc-default-executor-4] INFO  impl.RaftServerProxy (RaftServerProxy.java:addNew(89)) - e691072e-736f-4155-b802-4eb66a703156: addNew group-D99EEE42CD84:[e1c8181d-fec9-4c63-b279-ecea4ae6fb4e:192.168.69.100:35006, e691072e-736f-4155-b802-4eb66a703156:192.168.69.100:44602, 713a193c-7c22-4398-8969-d8ef79c9ca0d:192.168.69.100:41065] returns group-D99EEE42CD84:java.util.concurrent.CompletableFuture@12733b30[Not completed]
2019-08-20 14:15:53,815 [grpc-default-executor-2] INFO  impl.RaftServerProxy (RaftServerProxy.java:addNew(89)) - 713a193c-7c22-4398-8969-d8ef79c9ca0d: addNew group-D99EEE42CD84:[e1c8181d-fec9-4c63-b279-ecea4ae6fb4e:192.168.69.100:35006, e691072e-736f-4155-b802-4eb66a703156:192.168.69.100:44602, 713a193c-7c22-4398-8969-d8ef79c9ca0d:192.168.69.100:41065] returns group-D99EEE42CD84:java.util.concurrent.CompletableFuture@495a2af6[Not completed]
2019-08-20 14:15:53,816 [pool-232-thread-1] INFO  impl.RaftServerImpl (RaftServerImpl.java:<init>(93)) - e1c8181d-fec9-4c63-b279-ecea4ae6fb4e: new RaftServerImpl for group-D99EEE42CD84:[e1c8181d-fec9-4c63-b279-ecea4ae6fb4e:192.168.69.100:35006, e691072e-736f-4155-b802-4eb66a703156:192.168.69.100:44602, 713a193c-7c22-4398-8969-d8ef79c9ca0d:192.168.69.100:41065] with ContainerStateMachine:uninitialized
2019-08-20 14:15:53,817 [pool-232-thread-1] INFO  server.RaftServerConfigKeys (ConfUtils.java:logGet(43)) - raft.server.rpc.timeout.min = 5s (custom)
2019-08-20 14:15:53,817 [pool-232-thread-1] INFO  server.RaftServerConfigKeys (ConfUtils.java:logGet(43)) - raft.server.rpc.timeout.max = 5200ms (custom)
2019-08-20 14:15:53,817 [pool-243-thread-1] INFO  impl.RaftServerImpl (RaftServerImpl.java:<init>(93)) - 713a193c-7c22-4398-8969-d8ef79c9ca0d: new RaftServerImpl for group-D99EEE42CD84:[e1c8181d-fec9-4c63-b279-ecea4ae6fb4e:192.168.69.100:35006, e691072e-736f-4155-b802-4eb66a703156:192.168.69.100:44602, 713a193c-7c22-4398-8969-d8ef79c9ca0d:192.168.69.100:41065] with ContainerStateMachine:uninitialized
2019-08-20 14:15:53,817 [pool-232-thread-1] INFO  server.RaftServerConfigKeys (ConfUtils.java:logGet(43)) - raft.server.rpcslowness.timeout = 120s (custom)
2019-08-20 14:15:53,817 [pool-243-thread-1] INFO  server.RaftServerConfigKeys (ConfUtils.java:logGet(43)) - raft.server.rpc.timeout.min = 5s (custom)
2019-08-20 14:15:53,817 [pool-221-thread-1] INFO  impl.RaftServerImpl (RaftServerImpl.java:<init>(93)) - e691072e-736f-4155-b802-4eb66a703156: new RaftServerImpl for group-D99EEE42CD84:[e1c8181d-fec9-4c63-b279-ecea4ae6fb4e:192.168.69.100:35006, e691072e-736f-4155-b802-4eb66a703156:192.168.69.100:44602, 713a193c-7c22-4398-8969-d8ef79c9ca0d:192.168.69.100:41065] with ContainerStateMachine:uninitialized
2019-08-20 14:15:53,817 [pool-232-thread-1] INFO  server.RaftServerConfigKeys (ConfUtils.java:logGet(43)) - raft.server.sleep.deviation.threshold = 300 (default)
2019-08-20 14:15:53,818 [pool-221-thread-1] INFO  server.RaftServerConfigKeys (ConfUtils.java:logGet(43)) - raft.server.rpc.timeout.min = 5s (custom)
2019-08-20 14:15:53,817 [pool-243-thread-1] INFO  server.RaftServerConfigKeys (ConfUtils.java:logGet(43)) - raft.server.rpc.timeout.max = 5200ms (custom)
2019-08-20 14:15:53,818 [pool-221-thread-1] INFO  server.RaftServerConfigKeys (ConfUtils.java:logGet(43)) - raft.server.rpc.timeout.max = 5200ms (custom)
2019-08-20 14:15:53,818 [pool-232-thread-1] INFO  server.RaftServerConfigKeys (ConfUtils.java:logGet(43)) - raft.server.log.appender.install.snapshot.enabled = false (custom)
2019-08-20 14:15:53,818 [pool-221-thread-1] INFO  server.RaftServerConfigKeys (ConfUtils.java:logGet(43)) - raft.server.rpcslowness.timeout = 120s (custom)
2019-08-20 14:15:53,818 [pool-243-thread-1] INFO  server.RaftServerConfigKeys (ConfUtils.java:logGet(43)) - raft.server.rpcslowness.timeout = 120s (custom)
2019-08-20 14:15:53,818 [pool-221-thread-1] INFO  server.RaftServerConfigKeys (ConfUtils.java:logGet(43)) - raft.server.sleep.deviation.threshold = 300 (default)
2019-08-20 14:15:53,818 [pool-232-thread-1] INFO  impl.RaftServerImpl (ServerState.java:<init>(105)) - e1c8181d-fec9-4c63-b279-ecea4ae6fb4e:group-D99EEE42CD84 ConfigurationManager, init=-1: [e1c8181d-fec9-4c63-b279-ecea4ae6fb4e:192.168.69.100:35006, e691072e-736f-4155-b802-4eb66a703156:192.168.69.100:44602, 713a193c-7c22-4398-8969-d8ef79c9ca0d:192.168.69.100:41065], old=null, confs=<EMPTY_MAP>
2019-08-20 14:15:53,818 [pool-221-thread-1] INFO  server.RaftServerConfigKeys (ConfUtils.java:logGet(43)) - raft.server.log.appender.install.snapshot.enabled = false (custom)
2019-08-20 14:15:53,819 [pool-232-thread-1] INFO  server.RaftServerConfigKeys (ConfUtils.java:logGet(43)) - raft.server.storage.dir = [/workdir/hadoop-ozone/integration-test/target/test-dir/MiniOzoneClusterImpl-e0f456b9-34a0-4c6d-b797-d774b2610ec7/datanode-1/data/ratis] (custom)
2019-08-20 14:15:53,818 [pool-243-thread-1] INFO  server.RaftServerConfigKeys (ConfUtils.java:logGet(43)) - raft.server.sleep.deviation.threshold = 300 (default)
2019-08-20 14:15:53,819 [pool-221-thread-1] INFO  impl.RaftServerImpl (ServerState.java:<init>(105)) - e691072e-736f-4155-b802-4eb66a703156:group-D99EEE42CD84 ConfigurationManager, init=-1: [e1c8181d-fec9-4c63-b279-ecea4ae6fb4e:192.168.69.100:35006, e691072e-736f-4155-b802-4eb66a703156:192.168.69.100:44602, 713a193c-7c22-4398-8969-d8ef79c9ca0d:192.168.69.100:41065], old=null, confs=<EMPTY_MAP>
2019-08-20 14:15:53,819 [pool-243-thread-1] INFO  server.RaftServerConfigKeys (ConfUtils.java:logGet(43)) - raft.server.log.appender.install.snapshot.enabled = false (custom)
2019-08-20 14:15:53,819 [pool-232-thread-1] INFO  storage.RaftStorageDirectory (RaftStorageDirectory.java:analyzeStorage(246)) - The storage directory /workdir/hadoop-ozone/integration-test/target/test-dir/MiniOzoneClusterImpl-e0f456b9-34a0-4c6d-b797-d774b2610ec7/datanode-1/data/ratis/4b2f985d-3f66-437e-b0e6-d99eee42cd84 does not exist. Creating ...
2019-08-20 14:15:53,819 [pool-243-thread-1] INFO  impl.RaftServerImpl (ServerState.java:<init>(105)) - 713a193c-7c22-4398-8969-d8ef79c9ca0d:group-D99EEE42CD84 ConfigurationManager, init=-1: [e1c8181d-fec9-4c63-b279-ecea4ae6fb4e:192.168.69.100:35006, e691072e-736f-4155-b802-4eb66a703156:192.168.69.100:44602, 713a193c-7c22-4398-8969-d8ef79c9ca0d:192.168.69.100:41065], old=null, confs=<EMPTY_MAP>
2019-08-20 14:15:53,819 [pool-221-thread-1] INFO  server.RaftServerConfigKeys (ConfUtils.java:logGet(43)) - raft.server.storage.dir = [/workdir/hadoop-ozone/integration-test/target/test-dir/MiniOzoneClusterImpl-e0f456b9-34a0-4c6d-b797-d774b2610ec7/datanode-0/data/ratis] (custom)
2019-08-20 14:15:53,819 [pool-243-thread-1] INFO  server.RaftServerConfigKeys (ConfUtils.java:logGet(43)) - raft.server.storage.dir = [/workdir/hadoop-ozone/integration-test/target/test-dir/MiniOzoneClusterImpl-e0f456b9-34a0-4c6d-b797-d774b2610ec7/datanode-2/data/ratis] (custom)
2019-08-20 14:15:53,820 [pool-221-thread-1] INFO  storage.RaftStorageDirectory (RaftStorageDirectory.java:analyzeStorage(246)) - The storage directory /workdir/hadoop-ozone/integration-test/target/test-dir/MiniOzoneClusterImpl-e0f456b9-34a0-4c6d-b797-d774b2610ec7/datanode-0/data/ratis/4b2f985d-3f66-437e-b0e6-d99eee42cd84 does not exist. Creating ...
2019-08-20 14:15:53,820 [pool-243-thread-1] INFO  storage.RaftStorageDirectory (RaftStorageDirectory.java:analyzeStorage(246)) - The storage directory /workdir/hadoop-ozone/integration-test/target/test-dir/MiniOzoneClusterImpl-e0f456b9-34a0-4c6d-b797-d774b2610ec7/datanode-2/data/ratis/4b2f985d-3f66-437e-b0e6-d99eee42cd84 does not exist. Creating ...
2019-08-20 14:15:53,862 [pool-243-thread-1] INFO  storage.RaftStorageDirectory (RaftStorageDirectory.java:tryLock(328)) - Lock on /workdir/hadoop-ozone/integration-test/target/test-dir/MiniOzoneClusterImpl-e0f456b9-34a0-4c6d-b797-d774b2610ec7/datanode-2/data/ratis/4b2f985d-3f66-437e-b0e6-d99eee42cd84/in_use.lock acquired by nodename 30562@pr-hdds-1975-spxzp-3193579258
2019-08-20 14:15:53,862 [pool-232-thread-1] INFO  storage.RaftStorageDirectory (RaftStorageDirectory.java:tryLock(328)) - Lock on /workdir/hadoop-ozone/integration-test/target/test-dir/MiniOzoneClusterImpl-e0f456b9-34a0-4c6d-b797-d774b2610ec7/datanode-1/data/ratis/4b2f985d-3f66-437e-b0e6-d99eee42cd84/in_use.lock acquired by nodename 30562@pr-hdds-1975-spxzp-3193579258
2019-08-20 14:15:53,862 [pool-221-thread-1] INFO  storage.RaftStorageDirectory (RaftStorageDirectory.java:tryLock(328)) - Lock on /workdir/hadoop-ozone/integration-test/target/test-dir/MiniOzoneClusterImpl-e0f456b9-34a0-4c6d-b797-d774b2610ec7/datanode-0/data/ratis/4b2f985d-3f66-437e-b0e6-d99eee42cd84/in_use.lock acquired by nodename 30562@pr-hdds-1975-spxzp-3193579258
2019-08-20 14:15:53,879 [pool-243-thread-1] INFO  storage.RaftStorage (RaftStorage.java:format(72)) - Storage directory /workdir/hadoop-ozone/integration-test/target/test-dir/MiniOzoneClusterImpl-e0f456b9-34a0-4c6d-b797-d774b2610ec7/datanode-2/data/ratis/4b2f985d-3f66-437e-b0e6-d99eee42cd84 has been successfully formatted.
2019-08-20 14:15:53,879 [pool-221-thread-1] INFO  storage.RaftStorage (RaftStorage.java:format(72)) - Storage directory /workdir/hadoop-ozone/integration-test/target/test-dir/MiniOzoneClusterImpl-e0f456b9-34a0-4c6d-b797-d774b2610ec7/datanode-0/data/ratis/4b2f985d-3f66-437e-b0e6-d99eee42cd84 has been successfully formatted.
2019-08-20 14:15:53,879 [pool-232-thread-1] INFO  storage.RaftStorage (RaftStorage.java:format(72)) - Storage directory /workdir/hadoop-ozone/integration-test/target/test-dir/MiniOzoneClusterImpl-e0f456b9-34a0-4c6d-b797-d774b2610ec7/datanode-1/data/ratis/4b2f985d-3f66-437e-b0e6-d99eee42cd84 has been successfully formatted.
2019-08-20 14:15:53,879 [pool-243-thread-1] INFO  ratis.ContainerStateMachine (ContainerStateMachine.java:loadSnapshot(222)) - group-D99EEE42CD84: The snapshot info is null. Setting the last applied indexto:(t:0, i:~)
2019-08-20 14:15:53,880 [pool-232-thread-1] INFO  ratis.ContainerStateMachine (ContainerStateMachine.java:loadSnapshot(222)) - group-D99EEE42CD84: The snapshot info is null. Setting the last applied indexto:(t:0, i:~)
2019-08-20 14:15:53,880 [pool-221-thread-1] INFO  ratis.ContainerStateMachine (ContainerStateMachine.java:loadSnapshot(222)) - group-D99EEE42CD84: The snapshot info is null. Setting the last applied indexto:(t:0, i:~)
2019-08-20 14:15:53,880 [pool-232-thread-1] INFO  server.RaftServerConfigKeys (ConfUtils.java:logGet(43)) - raft.server.leader.election.timeout = 120s (custom)
2019-08-20 14:15:53,880 [pool-243-thread-1] INFO  server.RaftServerConfigKeys (ConfUtils.java:logGet(43)) - raft.server.leader.election.timeout = 120s (custom)
2019-08-20 14:15:53,880 [pool-232-thread-1] INFO  server.RaftServerConfigKeys (ConfUtils.java:logGet(43)) - raft.server.log.use.memory = false (default)
2019-08-20 14:15:53,880 [pool-221-thread-1] INFO  server.RaftServerConfigKeys (ConfUtils.java:logGet(43)) - raft.server.leader.election.timeout = 120s (custom)
2019-08-20 14:15:53,880 [pool-232-thread-1] INFO  server.RaftServerConfigKeys (ConfUtils.java:logGet(43)) - raft.server.log.purge.gap = 1000000 (custom)
2019-08-20 14:15:53,880 [pool-243-thread-1] INFO  server.RaftServerConfigKeys (ConfUtils.java:logGet(43)) - raft.server.log.use.memory = false (default)
2019-08-20 14:15:53,880 [pool-232-thread-1] INFO  server.RaftServerConfigKeys (ConfUtils.java:logGet(43)) - raft.server.log.appender.buffer.byte-limit = 33554432 (custom)
2019-08-20 14:15:53,880 [pool-221-thread-1] INFO  server.RaftServerConfigKeys (ConfUtils.java:logGet(43)) - raft.server.log.use.memory = false (default)
2019-08-20 14:15:53,881 [pool-232-thread-1] INFO  server.RaftServerConfigKeys (ConfUtils.java:logGet(43)) - raft.server.log.segment.size.max = 1048576 (custom)
2019-08-20 14:15:53,881 [pool-243-thread-1] INFO  server.RaftServerConfigKeys (ConfUtils.java:logGet(43)) - raft.server.log.purge.gap = 1000000 (custom)
2019-08-20 14:15:53,881 [pool-232-thread-1] INFO  server.RaftServerConfigKeys (ConfUtils.java:logGet(43)) - raft.server.log.segment.cache.num.max = 2 (custom)
2019-08-20 14:15:53,881 [pool-221-thread-1] INFO  server.RaftServerConfigKeys (ConfUtils.java:logGet(43)) - raft.server.log.purge.gap = 1000000 (custom)
2019-08-20 14:15:53,881 [pool-232-thread-1] INFO  segmented.SegmentedRaftLogWorker (SegmentedRaftLogWorker.java:<init>(172)) - new e1c8181d-fec9-4c63-b279-ecea4ae6fb4e-SegmentedRaftLogWorker:Storage Directory /workdir/hadoop-ozone/integration-test/target/test-dir/MiniOzoneClusterImpl-e0f456b9-34a0-4c6d-b797-d774b2610ec7/datanode-1/data/ratis/4b2f985d-3f66-437e-b0e6-d99eee42cd84 for RaftStorage:Storage Directory /workdir/hadoop-ozone/integration-test/target/test-dir/MiniOzoneClusterImpl-e0f456b9-34a0-4c6d-b797-d774b2610ec7/datanode-1/data/ratis/4b2f985d-3f66-437e-b0e6-d99eee42cd84
2019-08-20 14:15:53,881 [pool-243-thread-1] INFO  server.RaftServerConfigKeys (ConfUtils.java:logGet(43)) - raft.server.log.appender.buffer.byte-limit = 33554432 (custom)
2019-08-20 14:15:53,881 [pool-232-thread-1] INFO  server.RaftServerConfigKeys (ConfUtils.java:logGet(43)) - raft.server.log.queue.byte-limit = 2147483647 (custom)
2019-08-20 14:15:53,881 [pool-221-thread-1] INFO  server.RaftServerConfigKeys (ConfUtils.java:logGet(43)) - raft.server.log.appender.buffer.byte-limit = 33554432 (custom)
2019-08-20 14:15:53,882 [pool-232-thread-1] INFO  server.RaftServerConfigKeys (ConfUtils.java:logGet(43)) - raft.server.log.queue.element-limit = 1024 (custom)
2019-08-20 14:15:53,881 [pool-243-thread-1] INFO  server.RaftServerConfigKeys (ConfUtils.java:logGet(43)) - raft.server.log.segment.size.max = 1048576 (custom)
2019-08-20 14:15:53,882 [pool-232-thread-1] INFO  server.RaftServerConfigKeys (ConfUtils.java:logGet(43)) - raft.server.log.segment.size.max = 1048576 (custom)
2019-08-20 14:15:53,882 [pool-221-thread-1] INFO  server.RaftServerConfigKeys (ConfUtils.java:logGet(43)) - raft.server.log.segment.size.max = 1048576 (custom)
2019-08-20 14:15:53,882 [pool-232-thread-1] INFO  server.RaftServerConfigKeys (ConfUtils.java:logGet(43)) - raft.server.log.preallocated.size = 16384 (custom)
2019-08-20 14:15:53,882 [pool-243-thread-1] INFO  server.RaftServerConfigKeys (ConfUtils.java:logGet(43)) - raft.server.log.segment.cache.num.max = 2 (custom)
2019-08-20 14:15:53,882 [pool-232-thread-1] INFO  server.RaftServerConfigKeys (ConfUtils.java:logGet(43)) - raft.server.log.write.buffer.size = 33554432 (custom)
2019-08-20 14:15:53,882 [pool-221-thread-1] INFO  server.RaftServerConfigKeys (ConfUtils.java:logGet(43)) - raft.server.log.segment.cache.num.max = 2 (custom)
2019-08-20 14:15:53,882 [pool-232-thread-1] INFO  server.RaftServerConfigKeys (ConfUtils.java:logGet(43)) - raft.server.log.force.sync.num = 128 (default)
2019-08-20 14:15:53,882 [pool-243-thread-1] INFO  segmented.SegmentedRaftLogWorker (SegmentedRaftLogWorker.java:<init>(172)) - new 713a193c-7c22-4398-8969-d8ef79c9ca0d-SegmentedRaftLogWorker:Storage Directory /workdir/hadoop-ozone/integration-test/target/test-dir/MiniOzoneClusterImpl-e0f456b9-34a0-4c6d-b797-d774b2610ec7/datanode-2/data/ratis/4b2f985d-3f66-437e-b0e6-d99eee42cd84 for RaftStorage:Storage Directory /workdir/hadoop-ozone/integration-test/target/test-dir/MiniOzoneClusterImpl-e0f456b9-34a0-4c6d-b797-d774b2610ec7/datanode-2/data/ratis/4b2f985d-3f66-437e-b0e6-d99eee42cd84
2019-08-20 14:15:53,883 [pool-232-thread-1] INFO  server.RaftServerConfigKeys (ConfUtils.java:logGet(43)) - raft.server.log.statemachine.data.sync = true (default)
2019-08-20 14:15:53,883 [pool-221-thread-1] INFO  segmented.SegmentedRaftLogWorker (SegmentedRaftLogWorker.java:<init>(172)) - new e691072e-736f-4155-b802-4eb66a703156-SegmentedRaftLogWorker:Storage Directory /workdir/hadoop-ozone/integration-test/target/test-dir/MiniOzoneClusterImpl-e0f456b9-34a0-4c6d-b797-d774b2610ec7/datanode-0/data/ratis/4b2f985d-3f66-437e-b0e6-d99eee42cd84 for RaftStorage:Storage Directory /workdir/hadoop-ozone/integration-test/target/test-dir/MiniOzoneClusterImpl-e0f456b9-34a0-4c6d-b797-d774b2610ec7/datanode-0/data/ratis/4b2f985d-3f66-437e-b0e6-d99eee42cd84
2019-08-20 14:15:53,883 [pool-232-thread-1] INFO  server.RaftServerConfigKeys (ConfUtils.java:logGet(43)) - raft.server.log.statemachine.data.sync.timeout = 10s (default)
2019-08-20 14:15:53,883 [pool-232-thread-1] INFO  server.RaftServerConfigKeys (ConfUtils.java:logGet(43)) - raft.server.log.statemachine.data.sync.timeout.retry = -1 (default)
2019-08-20 14:15:53,883 [pool-243-thread-1] INFO  server.RaftServerConfigKeys (ConfUtils.java:logGet(43)) - raft.server.log.queue.byte-limit = 2147483647 (custom)
2019-08-20 14:15:53,883 [pool-232-thread-1] INFO  server.RaftServerConfigKeys (ConfUtils.java:logGet(43)) - raft.server.log.statemachine.data.caching.enabled = true (custom)
2019-08-20 14:15:53,883 [pool-221-thread-1] INFO  server.RaftServerConfigKeys (ConfUtils.java:logGet(43)) - raft.server.log.queue.byte-limit = 2147483647 (custom)
2019-08-20 14:15:53,884 [pool-232-thread-1] INFO  segmented.SegmentedRaftLogWorker (SegmentedRaftLogWorker.java:lambda$new$0(132)) - e1c8181d-fec9-4c63-b279-ecea4ae6fb4e-SegmentedRaftLogWorker:Storage Directory /workdir/hadoop-ozone/integration-test/target/test-dir/MiniOzoneClusterImpl-e0f456b9-34a0-4c6d-b797-d774b2610ec7/datanode-1/data/ratis/4b2f985d-3f66-437e-b0e6-d99eee42cd84: flushIndex: setUnconditionally 0 -> -1
2019-08-20 14:15:53,883 [pool-243-thread-1] INFO  server.RaftServerConfigKeys (ConfUtils.java:logGet(43)) - raft.server.log.queue.element-limit = 1024 (custom)
2019-08-20 14:15:53,884 [pool-221-thread-1] INFO  server.RaftServerConfigKeys (ConfUtils.java:logGet(43)) - raft.server.log.queue.element-limit = 1024 (custom)
2019-08-20 14:15:53,884 [pool-243-thread-1] INFO  server.RaftServerConfigKeys (ConfUtils.java:logGet(43)) - raft.server.log.segment.size.max = 1048576 (custom)
2019-08-20 14:15:53,884 [pool-232-thread-1] INFO  server.RaftServerConfigKeys (ConfUtils.java:logGet(43)) - raft.server.snapshot.auto.trigger.enabled = true (custom)
2019-08-20 14:15:53,884 [pool-243-thread-1] INFO  server.RaftServerConfigKeys (ConfUtils.java:logGet(43)) - raft.server.log.preallocated.size = 16384 (custom)
2019-08-20 14:15:53,884 [pool-221-thread-1] INFO  server.RaftServerConfigKeys (ConfUtils.java:logGet(43)) - raft.server.log.segment.size.max = 1048576 (custom)
2019-08-20 14:15:53,884 [pool-243-thread-1] INFO  server.RaftServerConfigKeys (ConfUtils.java:logGet(43)) - raft.server.log.write.buffer.size = 33554432 (custom)
2019-08-20 14:15:53,884 [pool-232-thread-1] INFO  server.RaftServerConfigKeys (ConfUtils.java:logGet(43)) - raft.server.snapshot.auto.trigger.threshold = 10000 (custom)
2019-08-20 14:15:53,885 [pool-243-thread-1] INFO  server.RaftServerConfigKeys (ConfUtils.java:logGet(43)) - raft.server.log.force.sync.num = 128 (default)
2019-08-20 14:15:53,885 [pool-221-thread-1] INFO  server.RaftServerConfigKeys (ConfUtils.java:logGet(43)) - raft.server.log.preallocated.size = 16384 (custom)
2019-08-20 14:15:53,885 [pool-243-thread-1] INFO  server.RaftServerConfigKeys (ConfUtils.java:logGet(43)) - raft.server.log.statemachine.data.sync = true (default)
2019-08-20 14:15:53,885 [pool-232-thread-1] INFO  server.RaftServerConfigKeys (ConfUtils.java:logGet(43)) - raft.server.retrycache.expirytime = 600000ms (custom)
2019-08-20 14:15:53,885 [pool-243-thread-1] INFO  server.RaftServerConfigKeys (ConfUtils.java:logGet(43)) - raft.server.log.statemachine.data.sync.timeout = 10s (default)
2019-08-20 14:15:53,885 [pool-243-thread-1] INFO  server.RaftServerConfigKeys (ConfUtils.java:logGet(43)) - raft.server.log.statemachine.data.sync.timeout.retry = -1 (default)
2019-08-20 14:15:53,885 [pool-221-thread-1] INFO  server.RaftServerConfigKeys (ConfUtils.java:logGet(43)) - raft.server.log.write.buffer.size = 33554432 (custom)
2019-08-20 14:15:53,886 [pool-243-thread-1] INFO  server.RaftServerConfigKeys (ConfUtils.java:logGet(43)) - raft.server.log.statemachine.data.caching.enabled = true (custom)
2019-08-20 14:15:53,885 [pool-232-thread-1] INFO  impl.RaftServerImpl (RaftServerImpl.java:start(180)) - e1c8181d-fec9-4c63-b279-ecea4ae6fb4e: start group-D99EEE42CD84
2019-08-20 14:15:53,886 [pool-221-thread-1] INFO  server.RaftServerConfigKeys (ConfUtils.java:logGet(43)) - raft.server.log.force.sync.num = 128 (default)
2019-08-20 14:15:53,886 [pool-243-thread-1] INFO  segmented.SegmentedRaftLogWorker (SegmentedRaftLogWorker.java:lambda$new$0(132)) - 713a193c-7c22-4398-8969-d8ef79c9ca0d-SegmentedRaftLogWorker:Storage Directory /workdir/hadoop-ozone/integration-test/target/test-dir/MiniOzoneClusterImpl-e0f456b9-34a0-4c6d-b797-d774b2610ec7/datanode-2/data/ratis/4b2f985d-3f66-437e-b0e6-d99eee42cd84: flushIndex: setUnconditionally 0 -> -1
2019-08-20 14:15:53,886 [pool-232-thread-1] INFO  impl.RaftServerImpl (RaftServerImpl.java:setRole(171)) - e1c8181d-fec9-4c63-b279-ecea4ae6fb4e:group-D99EEE42CD84 changes role from null to FOLLOWER at term 0 for startAsFollower
2019-08-20 14:15:53,886 [pool-221-thread-1] INFO  server.RaftServerConfigKeys (ConfUtils.java:logGet(43)) - raft.server.log.statemachine.data.sync = true (default)
2019-08-20 14:15:53,886 [pool-243-thread-1] INFO  server.RaftServerConfigKeys (ConfUtils.java:logGet(43)) - raft.server.snapshot.auto.trigger.enabled = true (custom)
2019-08-20 14:15:53,886 [pool-232-thread-1] INFO  impl.RoleInfo (RoleInfo.java:updateAndGet(143)) - e1c8181d-fec9-4c63-b279-ecea4ae6fb4e: start FollowerState
2019-08-20 14:15:53,887 [pool-243-thread-1] INFO  server.RaftServerConfigKeys (ConfUtils.java:logGet(43)) - raft.server.snapshot.auto.trigger.threshold = 10000 (custom)
2019-08-20 14:15:53,887 [pool-221-thread-1] INFO  server.RaftServerConfigKeys (ConfUtils.java:logGet(43)) - raft.server.log.statemachine.data.sync.timeout = 10s (default)
2019-08-20 14:15:53,887 [pool-232-thread-1] INFO  util.JmxRegister (JmxRegister.java:tryRegister(44)) - Successfully registered JMX Bean with object name Ratis:service=RaftServer,group=group-D99EEE42CD84,id=e1c8181d-fec9-4c63-b279-ecea4ae6fb4e
2019-08-20 14:15:53,887 [pool-243-thread-1] INFO  server.RaftServerConfigKeys (ConfUtils.java:logGet(43)) - raft.server.retrycache.expirytime = 600000ms (custom)
2019-08-20 14:15:53,887 [pool-221-thread-1] INFO  server.RaftServerConfigKeys (ConfUtils.java:logGet(43)) - raft.server.log.statemachine.data.sync.timeout.retry = -1 (default)
2019-08-20 14:15:53,887 [pool-243-thread-1] INFO  impl.RaftServerImpl (RaftServerImpl.java:start(180)) - 713a193c-7c22-4398-8969-d8ef79c9ca0d: start group-D99EEE42CD84
2019-08-20 14:15:53,887 [pool-221-thread-1] INFO  server.RaftServerConfigKeys (ConfUtils.java:logGet(43)) - raft.server.log.statemachine.data.caching.enabled = true (custom)
2019-08-20 14:15:53,888 [pool-243-thread-1] INFO  impl.RaftServerImpl (RaftServerImpl.java:setRole(171)) - 713a193c-7c22-4398-8969-d8ef79c9ca0d:group-D99EEE42CD84 changes role from null to FOLLOWER at term 0 for startAsFollower
2019-08-20 14:15:53,888 [pool-243-thread-1] INFO  impl.RoleInfo (RoleInfo.java:updateAndGet(143)) - 713a193c-7c22-4398-8969-d8ef79c9ca0d: start FollowerState
2019-08-20 14:15:53,888 [pool-221-thread-1] INFO  segmented.SegmentedRaftLogWorker (SegmentedRaftLogWorker.java:lambda$new$0(132)) - e691072e-736f-4155-b802-4eb66a703156-SegmentedRaftLogWorker:Storage Directory /workdir/hadoop-ozone/integration-test/target/test-dir/MiniOzoneClusterImpl-e0f456b9-34a0-4c6d-b797-d774b2610ec7/datanode-0/data/ratis/4b2f985d-3f66-437e-b0e6-d99eee42cd84: flushIndex: setUnconditionally 0 -> -1
2019-08-20 14:15:53,888 [pool-243-thread-1] INFO  util.JmxRegister (JmxRegister.java:tryRegister(44)) - Successfully registered JMX Bean with object name Ratis:service=RaftServer,group=group-D99EEE42CD84,id=713a193c-7c22-4398-8969-d8ef79c9ca0d
2019-08-20 14:15:53,888 [pool-221-thread-1] INFO  server.RaftServerConfigKeys (ConfUtils.java:logGet(43)) - raft.server.snapshot.auto.trigger.enabled = true (custom)
2019-08-20 14:15:53,888 [pool-221-thread-1] INFO  server.RaftServerConfigKeys (ConfUtils.java:logGet(43)) - raft.server.snapshot.auto.trigger.threshold = 10000 (custom)
2019-08-20 14:15:53,889 [pool-221-thread-1] INFO  server.RaftServerConfigKeys (ConfUtils.java:logGet(43)) - raft.server.retrycache.expirytime = 600000ms (custom)
2019-08-20 14:15:53,891 [pool-221-thread-1] INFO  impl.RaftServerImpl (RaftServerImpl.java:start(180)) - e691072e-736f-4155-b802-4eb66a703156: start group-D99EEE42CD84
2019-08-20 14:15:53,891 [pool-221-thread-1] INFO  impl.RaftServerImpl (RaftServerImpl.java:setRole(171)) - e691072e-736f-4155-b802-4eb66a703156:group-D99EEE42CD84 changes role from null to FOLLOWER at term 0 for startAsFollower
2019-08-20 14:15:53,891 [pool-221-thread-1] INFO  impl.RoleInfo (RoleInfo.java:updateAndGet(143)) - e691072e-736f-4155-b802-4eb66a703156: start FollowerState
2019-08-20 14:15:53,894 [pool-221-thread-1] INFO  util.JmxRegister (JmxRegister.java:tryRegister(44)) - Successfully registered JMX Bean with object name Ratis:service=RaftServer,group=group-D99EEE42CD84,id=e691072e-736f-4155-b802-4eb66a703156
2019-08-20 14:15:53,898 [RatisPipelineUtilsThread] INFO  pipeline.PipelineStateManager (PipelineStateManager.java:addPipeline(56)) - Created pipeline Pipeline[ Id: 4b2f985d-3f66-437e-b0e6-d99eee42cd84, Nodes: e1c8181d-fec9-4c63-b279-ecea4ae6fb4e{ip: 192.168.69.100, host: pr-hdds-1975-spxzp-3193579258, networkLocation: /default-rack, certSerialId: null}e691072e-736f-4155-b802-4eb66a703156{ip: 192.168.69.100, host: pr-hdds-1975-spxzp-3193579258, networkLocation: /default-rack, certSerialId: null}713a193c-7c22-4398-8969-d8ef79c9ca0d{ip: 192.168.69.100, host: pr-hdds-1975-spxzp-3193579258, networkLocation: /default-rack, certSerialId: null}, Type:RATIS, Factor:THREE, State:OPEN]
2019-08-20 14:15:53,918 [IPC Server handler 2 on 36203] INFO  net.NetworkTopology (NetworkTopologyImpl.java:add(110)) - Added a new node: /default-rack/d573e1d8-8390-4409-afd7-d3779bc68bbe
2019-08-20 14:15:53,918 [IPC Server handler 2 on 36203] INFO  node.SCMNodeManager (SCMNodeManager.java:register(273)) - Registered Data node : d573e1d8-8390-4409-afd7-d3779bc68bbe{ip: 192.168.69.100, host: pr-hdds-1975-spxzp-3193579258, networkLocation: /default-rack, certSerialId: null}
2019-08-20 14:15:53,921 | INFO  | SCMAudit | user=jenkins1000 | ip=192.168.69.100 | op=REGISTER {datanodeDetails=d573e1d8-8390-4409-afd7-d3779bc68bbe{ip: 192.168.69.100, host: pr-hdds-1975-spxzp-3193579258, networkLocation: /default-rack, certSerialId: null}} | ret=SUCCESS |  
2019-08-20 14:15:53,928 [grpc-default-executor-2] INFO  impl.RaftServerProxy (RaftServerProxy.java:addNew(89)) - d573e1d8-8390-4409-afd7-d3779bc68bbe: addNew group-2680781479DC:[d573e1d8-8390-4409-afd7-d3779bc68bbe:192.168.69.100:43226] returns group-2680781479DC:java.util.concurrent.CompletableFuture@11e27ad3[Not completed]
2019-08-20 14:15:53,929 [pool-254-thread-1] INFO  impl.RaftServerImpl (RaftServerImpl.java:<init>(93)) - d573e1d8-8390-4409-afd7-d3779bc68bbe: new RaftServerImpl for group-2680781479DC:[d573e1d8-8390-4409-afd7-d3779bc68bbe:192.168.69.100:43226] with ContainerStateMachine:uninitialized
2019-08-20 14:15:53,929 [pool-254-thread-1] INFO  server.RaftServerConfigKeys (ConfUtils.java:logGet(43)) - raft.server.rpc.timeout.min = 5s (custom)
2019-08-20 14:15:53,929 [pool-254-thread-1] INFO  server.RaftServerConfigKeys (ConfUtils.java:logGet(43)) - raft.server.rpc.timeout.max = 5200ms (custom)
2019-08-20 14:15:53,929 [pool-254-thread-1] INFO  server.RaftServerConfigKeys (ConfUtils.java:logGet(43)) - raft.server.rpcslowness.timeout = 120s (custom)
2019-08-20 14:15:53,929 [pool-254-thread-1] INFO  server.RaftServerConfigKeys (ConfUtils.java:logGet(43)) - raft.server.sleep.deviation.threshold = 300 (default)
2019-08-20 14:15:53,929 [pool-254-thread-1] INFO  server.RaftServerConfigKeys (ConfUtils.java:logGet(43)) - raft.server.log.appender.install.snapshot.enabled = false (custom)
2019-08-20 14:15:53,929 [pool-254-thread-1] INFO  impl.RaftServerImpl (ServerState.java:<init>(105)) - d573e1d8-8390-4409-afd7-d3779bc68bbe:group-2680781479DC ConfigurationManager, init=-1: [d573e1d8-8390-4409-afd7-d3779bc68bbe:192.168.69.100:43226], old=null, confs=<EMPTY_MAP>
2019-08-20 14:15:53,929 [pool-254-thread-1] INFO  server.RaftServerConfigKeys (ConfUtils.java:logGet(43)) - raft.server.storage.dir = [/workdir/hadoop-ozone/integration-test/target/test-dir/MiniOzoneClusterImpl-e0f456b9-34a0-4c6d-b797-d774b2610ec7/datanode-3/data/ratis] (custom)
2019-08-20 14:15:53,930 [pool-254-thread-1] INFO  storage.RaftStorageDirectory (RaftStorageDirectory.java:analyzeStorage(246)) - The storage directory /workdir/hadoop-ozone/integration-test/target/test-dir/MiniOzoneClusterImpl-e0f456b9-34a0-4c6d-b797-d774b2610ec7/datanode-3/data/ratis/3ce994b1-45d1-4597-9a73-2680781479dc does not exist. Creating ...
2019-08-20 14:15:53,960 [pool-254-thread-1] INFO  storage.RaftStorageDirectory (RaftStorageDirectory.java:tryLock(328)) - Lock on /workdir/hadoop-ozone/integration-test/target/test-dir/MiniOzoneClusterImpl-e0f456b9-34a0-4c6d-b797-d774b2610ec7/datanode-3/data/ratis/3ce994b1-45d1-4597-9a73-2680781479dc/in_use.lock acquired by nodename 30562@pr-hdds-1975-spxzp-3193579258
2019-08-20 14:15:53,996 [pool-254-thread-1] INFO  storage.RaftStorage (RaftStorage.java:format(72)) - Storage directory /workdir/hadoop-ozone/integration-test/target/test-dir/MiniOzoneClusterImpl-e0f456b9-34a0-4c6d-b797-d774b2610ec7/datanode-3/data/ratis/3ce994b1-45d1-4597-9a73-2680781479dc has been successfully formatted.
2019-08-20 14:15:53,997 [pool-254-thread-1] INFO  ratis.ContainerStateMachine (ContainerStateMachine.java:loadSnapshot(222)) - group-2680781479DC: The snapshot info is null. Setting the last applied indexto:(t:0, i:~)
2019-08-20 14:15:53,997 [pool-254-thread-1] INFO  server.RaftServerConfigKeys (ConfUtils.java:logGet(43)) - raft.server.leader.election.timeout = 120s (custom)
2019-08-20 14:15:53,997 [pool-254-thread-1] INFO  server.RaftServerConfigKeys (ConfUtils.java:logGet(43)) - raft.server.log.use.memory = false (default)
2019-08-20 14:15:53,997 [pool-254-thread-1] INFO  server.RaftServerConfigKeys (ConfUtils.java:logGet(43)) - raft.server.log.purge.gap = 1000000 (custom)
2019-08-20 14:15:53,997 [pool-254-thread-1] INFO  server.RaftServerConfigKeys (ConfUtils.java:logGet(43)) - raft.server.log.appender.buffer.byte-limit = 33554432 (custom)
2019-08-20 14:15:53,997 [pool-254-thread-1] INFO  server.RaftServerConfigKeys (ConfUtils.java:logGet(43)) - raft.server.log.segment.size.max = 1048576 (custom)
2019-08-20 14:15:53,997 [pool-254-thread-1] INFO  server.RaftServerConfigKeys (ConfUtils.java:logGet(43)) - raft.server.log.segment.cache.num.max = 2 (custom)
2019-08-20 14:15:53,997 [pool-254-thread-1] INFO  segmented.SegmentedRaftLogWorker (SegmentedRaftLogWorker.java:<init>(172)) - new d573e1d8-8390-4409-afd7-d3779bc68bbe-SegmentedRaftLogWorker:Storage Directory /workdir/hadoop-ozone/integration-test/target/test-dir/MiniOzoneClusterImpl-e0f456b9-34a0-4c6d-b797-d774b2610ec7/datanode-3/data/ratis/3ce994b1-45d1-4597-9a73-2680781479dc for RaftStorage:Storage Directory /workdir/hadoop-ozone/integration-test/target/test-dir/MiniOzoneClusterImpl-e0f456b9-34a0-4c6d-b797-d774b2610ec7/datanode-3/data/ratis/3ce994b1-45d1-4597-9a73-2680781479dc
2019-08-20 14:15:53,998 [pool-254-thread-1] INFO  server.RaftServerConfigKeys (ConfUtils.java:logGet(43)) - raft.server.log.queue.byte-limit = 2147483647 (custom)
2019-08-20 14:15:53,998 [pool-254-thread-1] INFO  server.RaftServerConfigKeys (ConfUtils.java:logGet(43)) - raft.server.log.queue.element-limit = 1024 (custom)
2019-08-20 14:15:53,998 [pool-254-thread-1] INFO  server.RaftServerConfigKeys (ConfUtils.java:logGet(43)) - raft.server.log.segment.size.max = 1048576 (custom)
2019-08-20 14:15:53,998 [pool-254-thread-1] INFO  server.RaftServerConfigKeys (ConfUtils.java:logGet(43)) - raft.server.log.preallocated.size = 16384 (custom)
2019-08-20 14:15:53,998 [pool-254-thread-1] INFO  server.RaftServerConfigKeys (ConfUtils.java:logGet(43)) - raft.server.log.write.buffer.size = 33554432 (custom)
2019-08-20 14:15:53,998 [pool-254-thread-1] INFO  server.RaftServerConfigKeys (ConfUtils.java:logGet(43)) - raft.server.log.force.sync.num = 128 (default)
2019-08-20 14:15:53,998 [pool-254-thread-1] INFO  server.RaftServerConfigKeys (ConfUtils.java:logGet(43)) - raft.server.log.statemachine.data.sync = true (default)
2019-08-20 14:15:53,998 [pool-254-thread-1] INFO  server.RaftServerConfigKeys (ConfUtils.java:logGet(43)) - raft.server.log.statemachine.data.sync.timeout = 10s (default)
2019-08-20 14:15:53,998 [pool-254-thread-1] INFO  server.RaftServerConfigKeys (ConfUtils.java:logGet(43)) - raft.server.log.statemachine.data.sync.timeout.retry = -1 (default)
2019-08-20 14:15:53,999 [pool-254-thread-1] INFO  server.RaftServerConfigKeys (ConfUtils.java:logGet(43)) - raft.server.log.statemachine.data.caching.enabled = true (custom)
2019-08-20 14:15:53,999 [pool-254-thread-1] INFO  segmented.SegmentedRaftLogWorker (SegmentedRaftLogWorker.java:lambda$new$0(132)) - d573e1d8-8390-4409-afd7-d3779bc68bbe-SegmentedRaftLogWorker:Storage Directory /workdir/hadoop-ozone/integration-test/target/test-dir/MiniOzoneClusterImpl-e0f456b9-34a0-4c6d-b797-d774b2610ec7/datanode-3/data/ratis/3ce994b1-45d1-4597-9a73-2680781479dc: flushIndex: setUnconditionally 0 -> -1
2019-08-20 14:15:53,999 [pool-254-thread-1] INFO  server.RaftServerConfigKeys (ConfUtils.java:logGet(43)) - raft.server.snapshot.auto.trigger.enabled = true (custom)
2019-08-20 14:15:53,999 [pool-254-thread-1] INFO  server.RaftServerConfigKeys (ConfUtils.java:logGet(43)) - raft.server.snapshot.auto.trigger.threshold = 10000 (custom)
2019-08-20 14:15:53,999 [pool-254-thread-1] INFO  server.RaftServerConfigKeys (ConfUtils.java:logGet(43)) - raft.server.retrycache.expirytime = 600000ms (custom)
2019-08-20 14:15:54,000 [pool-254-thread-1] INFO  impl.RaftServerImpl (RaftServerImpl.java:start(180)) - d573e1d8-8390-4409-afd7-d3779bc68bbe: start group-2680781479DC
2019-08-20 14:15:54,000 [pool-254-thread-1] INFO  impl.RaftServerImpl (RaftServerImpl.java:setRole(171)) - d573e1d8-8390-4409-afd7-d3779bc68bbe:group-2680781479DC changes role from null to FOLLOWER at term 0 for startAsFollower
2019-08-20 14:15:54,000 [pool-254-thread-1] INFO  impl.RoleInfo (RoleInfo.java:updateAndGet(143)) - d573e1d8-8390-4409-afd7-d3779bc68bbe: start FollowerState
2019-08-20 14:15:54,000 [pool-254-thread-1] INFO  util.JmxRegister (JmxRegister.java:tryRegister(44)) - Successfully registered JMX Bean with object name Ratis:service=RaftServer,group=group-2680781479DC,id=d573e1d8-8390-4409-afd7-d3779bc68bbe
2019-08-20 14:15:54,005 [RatisPipelineUtilsThread] INFO  pipeline.PipelineStateManager (PipelineStateManager.java:addPipeline(56)) - Created pipeline Pipeline[ Id: 3ce994b1-45d1-4597-9a73-2680781479dc, Nodes: d573e1d8-8390-4409-afd7-d3779bc68bbe{ip: 192.168.69.100, host: pr-hdds-1975-spxzp-3193579258, networkLocation: /default-rack, certSerialId: null}, Type:RATIS, Factor:ONE, State:OPEN]
2019-08-20 14:15:54,251 [IPC Server handler 0 on 36203] INFO  net.NetworkTopology (NetworkTopologyImpl.java:add(110)) - Added a new node: /default-rack/bfdf518d-3827-4a18-a953-b1a9cbd73588
2019-08-20 14:15:54,251 [IPC Server handler 0 on 36203] INFO  node.SCMNodeManager (SCMNodeManager.java:register(273)) - Registered Data node : bfdf518d-3827-4a18-a953-b1a9cbd73588{ip: 192.168.69.100, host: pr-hdds-1975-spxzp-3193579258, networkLocation: /default-rack, certSerialId: null}
2019-08-20 14:15:54,253 | INFO  | SCMAudit | user=jenkins1000 | ip=192.168.69.100 | op=REGISTER {datanodeDetails=bfdf518d-3827-4a18-a953-b1a9cbd73588{ip: 192.168.69.100, host: pr-hdds-1975-spxzp-3193579258, networkLocation: /default-rack, certSerialId: null}} | ret=SUCCESS |  
2019-08-20 14:15:54,261 [grpc-default-executor-2] INFO  impl.RaftServerProxy (RaftServerProxy.java:addNew(89)) - bfdf518d-3827-4a18-a953-b1a9cbd73588: addNew group-25D5D5ED3BF5:[bfdf518d-3827-4a18-a953-b1a9cbd73588:192.168.69.100:33445] returns group-25D5D5ED3BF5:java.util.concurrent.CompletableFuture@776d0c0[Not completed]
2019-08-20 14:15:54,262 [pool-265-thread-1] INFO  impl.RaftServerImpl (RaftServerImpl.java:<init>(93)) - bfdf518d-3827-4a18-a953-b1a9cbd73588: new RaftServerImpl for group-25D5D5ED3BF5:[bfdf518d-3827-4a18-a953-b1a9cbd73588:192.168.69.100:33445] with ContainerStateMachine:uninitialized
2019-08-20 14:15:54,263 [pool-265-thread-1] INFO  server.RaftServerConfigKeys (ConfUtils.java:logGet(43)) - raft.server.rpc.timeout.min = 5s (custom)
2019-08-20 14:15:54,263 [pool-265-thread-1] INFO  server.RaftServerConfigKeys (ConfUtils.java:logGet(43)) - raft.server.rpc.timeout.max = 5200ms (custom)
2019-08-20 14:15:54,263 [pool-265-thread-1] INFO  server.RaftServerConfigKeys (ConfUtils.java:logGet(43)) - raft.server.rpcslowness.timeout = 120s (custom)
2019-08-20 14:15:54,263 [pool-265-thread-1] INFO  server.RaftServerConfigKeys (ConfUtils.java:logGet(43)) - raft.server.sleep.deviation.threshold = 300 (default)
2019-08-20 14:15:54,263 [pool-265-thread-1] INFO  server.RaftServerConfigKeys (ConfUtils.java:logGet(43)) - raft.server.log.appender.install.snapshot.enabled = false (custom)
2019-08-20 14:15:54,263 [pool-265-thread-1] INFO  impl.RaftServerImpl (ServerState.java:<init>(105)) - bfdf518d-3827-4a18-a953-b1a9cbd73588:group-25D5D5ED3BF5 ConfigurationManager, init=-1: [bfdf518d-3827-4a18-a953-b1a9cbd73588:192.168.69.100:33445], old=null, confs=<EMPTY_MAP>
2019-08-20 14:15:54,263 [pool-265-thread-1] INFO  server.RaftServerConfigKeys (ConfUtils.java:logGet(43)) - raft.server.storage.dir = [/workdir/hadoop-ozone/integration-test/target/test-dir/MiniOzoneClusterImpl-e0f456b9-34a0-4c6d-b797-d774b2610ec7/datanode-4/data/ratis] (custom)
2019-08-20 14:15:54,264 [pool-265-thread-1] INFO  storage.RaftStorageDirectory (RaftStorageDirectory.java:analyzeStorage(246)) - The storage directory /workdir/hadoop-ozone/integration-test/target/test-dir/MiniOzoneClusterImpl-e0f456b9-34a0-4c6d-b797-d774b2610ec7/datanode-4/data/ratis/f6ffba87-f0f1-44dd-bafd-25d5d5ed3bf5 does not exist. Creating ...
2019-08-20 14:15:54,321 [pool-265-thread-1] INFO  storage.RaftStorageDirectory (RaftStorageDirectory.java:tryLock(328)) - Lock on /workdir/hadoop-ozone/integration-test/target/test-dir/MiniOzoneClusterImpl-e0f456b9-34a0-4c6d-b797-d774b2610ec7/datanode-4/data/ratis/f6ffba87-f0f1-44dd-bafd-25d5d5ed3bf5/in_use.lock acquired by nodename 30562@pr-hdds-1975-spxzp-3193579258
2019-08-20 14:15:54,388 [pool-265-thread-1] INFO  storage.RaftStorage (RaftStorage.java:format(72)) - Storage directory /workdir/hadoop-ozone/integration-test/target/test-dir/MiniOzoneClusterImpl-e0f456b9-34a0-4c6d-b797-d774b2610ec7/datanode-4/data/ratis/f6ffba87-f0f1-44dd-bafd-25d5d5ed3bf5 has been successfully formatted.
2019-08-20 14:15:54,388 [pool-265-thread-1] INFO  ratis.ContainerStateMachine (ContainerStateMachine.java:loadSnapshot(222)) - group-25D5D5ED3BF5: The snapshot info is null. Setting the last applied indexto:(t:0, i:~)
2019-08-20 14:15:54,388 [pool-265-thread-1] INFO  server.RaftServerConfigKeys (ConfUtils.java:logGet(43)) - raft.server.leader.election.timeout = 120s (custom)
2019-08-20 14:15:54,388 [pool-265-thread-1] INFO  server.RaftServerConfigKeys (ConfUtils.java:logGet(43)) - raft.server.log.use.memory = false (default)
2019-08-20 14:15:54,388 [pool-265-thread-1] INFO  server.RaftServerConfigKeys (ConfUtils.java:logGet(43)) - raft.server.log.purge.gap = 1000000 (custom)
2019-08-20 14:15:54,389 [pool-265-thread-1] INFO  server.RaftServerConfigKeys (ConfUtils.java:logGet(43)) - raft.server.log.appender.buffer.byte-limit = 33554432 (custom)
2019-08-20 14:15:54,389 [pool-265-thread-1] INFO  server.RaftServerConfigKeys (ConfUtils.java:logGet(43)) - raft.server.log.segment.size.max = 1048576 (custom)
2019-08-20 14:15:54,389 [pool-265-thread-1] INFO  server.RaftServerConfigKeys (ConfUtils.java:logGet(43)) - raft.server.log.segment.cache.num.max = 2 (custom)
2019-08-20 14:15:54,389 [pool-265-thread-1] INFO  segmented.SegmentedRaftLogWorker (SegmentedRaftLogWorker.java:<init>(172)) - new bfdf518d-3827-4a18-a953-b1a9cbd73588-SegmentedRaftLogWorker:Storage Directory /workdir/hadoop-ozone/integration-test/target/test-dir/MiniOzoneClusterImpl-e0f456b9-34a0-4c6d-b797-d774b2610ec7/datanode-4/data/ratis/f6ffba87-f0f1-44dd-bafd-25d5d5ed3bf5 for RaftStorage:Storage Directory /workdir/hadoop-ozone/integration-test/target/test-dir/MiniOzoneClusterImpl-e0f456b9-34a0-4c6d-b797-d774b2610ec7/datanode-4/data/ratis/f6ffba87-f0f1-44dd-bafd-25d5d5ed3bf5
2019-08-20 14:15:54,389 [pool-265-thread-1] INFO  server.RaftServerConfigKeys (ConfUtils.java:logGet(43)) - raft.server.log.queue.byte-limit = 2147483647 (custom)
2019-08-20 14:15:54,389 [pool-265-thread-1] INFO  server.RaftServerConfigKeys (ConfUtils.java:logGet(43)) - raft.server.log.queue.element-limit = 1024 (custom)
2019-08-20 14:15:54,390 [pool-265-thread-1] INFO  server.RaftServerConfigKeys (ConfUtils.java:logGet(43)) - raft.server.log.segment.size.max = 1048576 (custom)
2019-08-20 14:15:54,390 [pool-265-thread-1] INFO  server.RaftServerConfigKeys (ConfUtils.java:logGet(43)) - raft.server.log.preallocated.size = 16384 (custom)
2019-08-20 14:15:54,390 [pool-265-thread-1] INFO  server.RaftServerConfigKeys (ConfUtils.java:logGet(43)) - raft.server.log.write.buffer.size = 33554432 (custom)
2019-08-20 14:15:54,390 [pool-265-thread-1] INFO  server.RaftServerConfigKeys (ConfUtils.java:logGet(43)) - raft.server.log.force.sync.num = 128 (default)
2019-08-20 14:15:54,390 [pool-265-thread-1] INFO  server.RaftServerConfigKeys (ConfUtils.java:logGet(43)) - raft.server.log.statemachine.data.sync = true (default)
2019-08-20 14:15:54,390 [pool-265-thread-1] INFO  server.RaftServerConfigKeys (ConfUtils.java:logGet(43)) - raft.server.log.statemachine.data.sync.timeout = 10s (default)
2019-08-20 14:15:54,390 [pool-265-thread-1] INFO  server.RaftServerConfigKeys (ConfUtils.java:logGet(43)) - raft.server.log.statemachine.data.sync.timeout.retry = -1 (default)
2019-08-20 14:15:54,391 [pool-265-thread-1] INFO  server.RaftServerConfigKeys (ConfUtils.java:logGet(43)) - raft.server.log.statemachine.data.caching.enabled = true (custom)
2019-08-20 14:15:54,391 [pool-265-thread-1] INFO  segmented.SegmentedRaftLogWorker (SegmentedRaftLogWorker.java:lambda$new$0(132)) - bfdf518d-3827-4a18-a953-b1a9cbd73588-SegmentedRaftLogWorker:Storage Directory /workdir/hadoop-ozone/integration-test/target/test-dir/MiniOzoneClusterImpl-e0f456b9-34a0-4c6d-b797-d774b2610ec7/datanode-4/data/ratis/f6ffba87-f0f1-44dd-bafd-25d5d5ed3bf5: flushIndex: setUnconditionally 0 -> -1
2019-08-20 14:15:54,391 [pool-265-thread-1] INFO  server.RaftServerConfigKeys (ConfUtils.java:logGet(43)) - raft.server.snapshot.auto.trigger.enabled = true (custom)
2019-08-20 14:15:54,392 [pool-265-thread-1] INFO  server.RaftServerConfigKeys (ConfUtils.java:logGet(43)) - raft.server.snapshot.auto.trigger.threshold = 10000 (custom)
2019-08-20 14:15:54,392 [pool-265-thread-1] INFO  server.RaftServerConfigKeys (ConfUtils.java:logGet(43)) - raft.server.retrycache.expirytime = 600000ms (custom)
2019-08-20 14:15:54,392 [pool-265-thread-1] INFO  impl.RaftServerImpl (RaftServerImpl.java:start(180)) - bfdf518d-3827-4a18-a953-b1a9cbd73588: start group-25D5D5ED3BF5
2019-08-20 14:15:54,392 [pool-265-thread-1] INFO  impl.RaftServerImpl (RaftServerImpl.java:setRole(171)) - bfdf518d-3827-4a18-a953-b1a9cbd73588:group-25D5D5ED3BF5 changes role from null to FOLLOWER at term 0 for startAsFollower
2019-08-20 14:15:54,392 [pool-265-thread-1] INFO  impl.RoleInfo (RoleInfo.java:updateAndGet(143)) - bfdf518d-3827-4a18-a953-b1a9cbd73588: start FollowerState
2019-08-20 14:15:54,393 [pool-265-thread-1] INFO  util.JmxRegister (JmxRegister.java:tryRegister(44)) - Successfully registered JMX Bean with object name Ratis:service=RaftServer,group=group-25D5D5ED3BF5,id=bfdf518d-3827-4a18-a953-b1a9cbd73588
2019-08-20 14:15:54,398 [RatisPipelineUtilsThread] INFO  pipeline.PipelineStateManager (PipelineStateManager.java:addPipeline(56)) - Created pipeline Pipeline[ Id: f6ffba87-f0f1-44dd-bafd-25d5d5ed3bf5, Nodes: bfdf518d-3827-4a18-a953-b1a9cbd73588{ip: 192.168.69.100, host: pr-hdds-1975-spxzp-3193579258, networkLocation: /default-rack, certSerialId: null}, Type:RATIS, Factor:ONE, State:OPEN]
2019-08-20 14:15:54,548 [IPC Server handler 3 on 36203] INFO  net.NetworkTopology (NetworkTopologyImpl.java:add(110)) - Added a new node: /default-rack/89238edf-7113-49d9-b2af-f23b0f32d28d
2019-08-20 14:15:54,548 [IPC Server handler 3 on 36203] INFO  node.SCMNodeManager (SCMNodeManager.java:register(273)) - Registered Data node : 89238edf-7113-49d9-b2af-f23b0f32d28d{ip: 192.168.69.100, host: pr-hdds-1975-spxzp-3193579258, networkLocation: /default-rack, certSerialId: null}
2019-08-20 14:15:54,548 | INFO  | SCMAudit | user=jenkins1000 | ip=192.168.69.100 | op=REGISTER {datanodeDetails=89238edf-7113-49d9-b2af-f23b0f32d28d{ip: 192.168.69.100, host: pr-hdds-1975-spxzp-3193579258, networkLocation: /default-rack, certSerialId: null}} | ret=SUCCESS |  
2019-08-20 14:15:54,560 [grpc-default-executor-2] INFO  impl.RaftServerProxy (RaftServerProxy.java:addNew(89)) - 89238edf-7113-49d9-b2af-f23b0f32d28d: addNew group-83B4AA529BB4:[89238edf-7113-49d9-b2af-f23b0f32d28d:192.168.69.100:38627] returns group-83B4AA529BB4:java.util.concurrent.CompletableFuture@559d657e[Not completed]
2019-08-20 14:15:54,561 [pool-276-thread-1] INFO  impl.RaftServerImpl (RaftServerImpl.java:<init>(93)) - 89238edf-7113-49d9-b2af-f23b0f32d28d: new RaftServerImpl for group-83B4AA529BB4:[89238edf-7113-49d9-b2af-f23b0f32d28d:192.168.69.100:38627] with ContainerStateMachine:uninitialized
2019-08-20 14:15:54,562 [pool-276-thread-1] INFO  server.RaftServerConfigKeys (ConfUtils.java:logGet(43)) - raft.server.rpc.timeout.min = 5s (custom)
2019-08-20 14:15:54,562 [pool-276-thread-1] INFO  server.RaftServerConfigKeys (ConfUtils.java:logGet(43)) - raft.server.rpc.timeout.max = 5200ms (custom)
2019-08-20 14:15:54,562 [pool-276-thread-1] INFO  server.RaftServerConfigKeys (ConfUtils.java:logGet(43)) - raft.server.rpcslowness.timeout = 120s (custom)
2019-08-20 14:15:54,562 [pool-276-thread-1] INFO  server.RaftServerConfigKeys (ConfUtils.java:logGet(43)) - raft.server.sleep.deviation.threshold = 300 (default)
2019-08-20 14:15:54,562 [pool-276-thread-1] INFO  server.RaftServerConfigKeys (ConfUtils.java:logGet(43)) - raft.server.log.appender.install.snapshot.enabled = false (custom)
2019-08-20 14:15:54,562 [pool-276-thread-1] INFO  impl.RaftServerImpl (ServerState.java:<init>(105)) - 89238edf-7113-49d9-b2af-f23b0f32d28d:group-83B4AA529BB4 ConfigurationManager, init=-1: [89238edf-7113-49d9-b2af-f23b0f32d28d:192.168.69.100:38627], old=null, confs=<EMPTY_MAP>
2019-08-20 14:15:54,562 [pool-276-thread-1] INFO  server.RaftServerConfigKeys (ConfUtils.java:logGet(43)) - raft.server.storage.dir = [/workdir/hadoop-ozone/integration-test/target/test-dir/MiniOzoneClusterImpl-e0f456b9-34a0-4c6d-b797-d774b2610ec7/datanode-5/data/ratis] (custom)
2019-08-20 14:15:54,562 [pool-276-thread-1] INFO  storage.RaftStorageDirectory (RaftStorageDirectory.java:analyzeStorage(246)) - The storage directory /workdir/hadoop-ozone/integration-test/target/test-dir/MiniOzoneClusterImpl-e0f456b9-34a0-4c6d-b797-d774b2610ec7/datanode-5/data/ratis/0ec45d93-0614-4ea0-bdba-83b4aa529bb4 does not exist. Creating ...
2019-08-20 14:15:54,586 [pool-276-thread-1] INFO  storage.RaftStorageDirectory (RaftStorageDirectory.java:tryLock(328)) - Lock on /workdir/hadoop-ozone/integration-test/target/test-dir/MiniOzoneClusterImpl-e0f456b9-34a0-4c6d-b797-d774b2610ec7/datanode-5/data/ratis/0ec45d93-0614-4ea0-bdba-83b4aa529bb4/in_use.lock acquired by nodename 30562@pr-hdds-1975-spxzp-3193579258
2019-08-20 14:15:54,593 [pool-276-thread-1] INFO  storage.RaftStorage (RaftStorage.java:format(72)) - Storage directory /workdir/hadoop-ozone/integration-test/target/test-dir/MiniOzoneClusterImpl-e0f456b9-34a0-4c6d-b797-d774b2610ec7/datanode-5/data/ratis/0ec45d93-0614-4ea0-bdba-83b4aa529bb4 has been successfully formatted.
2019-08-20 14:15:54,593 [pool-276-thread-1] INFO  ratis.ContainerStateMachine (ContainerStateMachine.java:loadSnapshot(222)) - group-83B4AA529BB4: The snapshot info is null. Setting the last applied indexto:(t:0, i:~)
2019-08-20 14:15:54,594 [pool-276-thread-1] INFO  server.RaftServerConfigKeys (ConfUtils.java:logGet(43)) - raft.server.leader.election.timeout = 120s (custom)
2019-08-20 14:15:54,594 [pool-276-thread-1] INFO  server.RaftServerConfigKeys (ConfUtils.java:logGet(43)) - raft.server.log.use.memory = false (default)
2019-08-20 14:15:54,594 [pool-276-thread-1] INFO  server.RaftServerConfigKeys (ConfUtils.java:logGet(43)) - raft.server.log.purge.gap = 1000000 (custom)
2019-08-20 14:15:54,594 [pool-276-thread-1] INFO  server.RaftServerConfigKeys (ConfUtils.java:logGet(43)) - raft.server.log.appender.buffer.byte-limit = 33554432 (custom)
2019-08-20 14:15:54,594 [pool-276-thread-1] INFO  server.RaftServerConfigKeys (ConfUtils.java:logGet(43)) - raft.server.log.segment.size.max = 1048576 (custom)
2019-08-20 14:15:54,594 [pool-276-thread-1] INFO  server.RaftServerConfigKeys (ConfUtils.java:logGet(43)) - raft.server.log.segment.cache.num.max = 2 (custom)
2019-08-20 14:15:54,594 [pool-276-thread-1] INFO  segmented.SegmentedRaftLogWorker (SegmentedRaftLogWorker.java:<init>(172)) - new 89238edf-7113-49d9-b2af-f23b0f32d28d-SegmentedRaftLogWorker:Storage Directory /workdir/hadoop-ozone/integration-test/target/test-dir/MiniOzoneClusterImpl-e0f456b9-34a0-4c6d-b797-d774b2610ec7/datanode-5/data/ratis/0ec45d93-0614-4ea0-bdba-83b4aa529bb4 for RaftStorage:Storage Directory /workdir/hadoop-ozone/integration-test/target/test-dir/MiniOzoneClusterImpl-e0f456b9-34a0-4c6d-b797-d774b2610ec7/datanode-5/data/ratis/0ec45d93-0614-4ea0-bdba-83b4aa529bb4
2019-08-20 14:15:54,594 [pool-276-thread-1] INFO  server.RaftServerConfigKeys (ConfUtils.java:logGet(43)) - raft.server.log.queue.byte-limit = 2147483647 (custom)
2019-08-20 14:15:54,594 [pool-276-thread-1] INFO  server.RaftServerConfigKeys (ConfUtils.java:logGet(43)) - raft.server.log.queue.element-limit = 1024 (custom)
2019-08-20 14:15:54,595 [pool-276-thread-1] INFO  server.RaftServerConfigKeys (ConfUtils.java:logGet(43)) - raft.server.log.segment.size.max = 1048576 (custom)
2019-08-20 14:15:54,595 [pool-276-thread-1] INFO  server.RaftServerConfigKeys (ConfUtils.java:logGet(43)) - raft.server.log.preallocated.size = 16384 (custom)
2019-08-20 14:15:54,595 [pool-276-thread-1] INFO  server.RaftServerConfigKeys (ConfUtils.java:logGet(43)) - raft.server.log.write.buffer.size = 33554432 (custom)
2019-08-20 14:15:54,595 [pool-276-thread-1] INFO  server.RaftServerConfigKeys (ConfUtils.java:logGet(43)) - raft.server.log.force.sync.num = 128 (default)
2019-08-20 14:15:54,595 [pool-276-thread-1] INFO  server.RaftServerConfigKeys (ConfUtils.java:logGet(43)) - raft.server.log.statemachine.data.sync = true (default)
2019-08-20 14:15:54,595 [pool-276-thread-1] INFO  server.RaftServerConfigKeys (ConfUtils.java:logGet(43)) - raft.server.log.statemachine.data.sync.timeout = 10s (default)
2019-08-20 14:15:54,595 [pool-276-thread-1] INFO  server.RaftServerConfigKeys (ConfUtils.java:logGet(43)) - raft.server.log.statemachine.data.sync.timeout.retry = -1 (default)
2019-08-20 14:15:54,595 [pool-276-thread-1] INFO  server.RaftServerConfigKeys (ConfUtils.java:logGet(43)) - raft.server.log.statemachine.data.caching.enabled = true (custom)
2019-08-20 14:15:54,596 [pool-276-thread-1] INFO  segmented.SegmentedRaftLogWorker (SegmentedRaftLogWorker.java:lambda$new$0(132)) - 89238edf-7113-49d9-b2af-f23b0f32d28d-SegmentedRaftLogWorker:Storage Directory /workdir/hadoop-ozone/integration-test/target/test-dir/MiniOzoneClusterImpl-e0f456b9-34a0-4c6d-b797-d774b2610ec7/datanode-5/data/ratis/0ec45d93-0614-4ea0-bdba-83b4aa529bb4: flushIndex: setUnconditionally 0 -> -1
2019-08-20 14:15:54,596 [pool-276-thread-1] INFO  server.RaftServerConfigKeys (ConfUtils.java:logGet(43)) - raft.server.snapshot.auto.trigger.enabled = true (custom)
2019-08-20 14:15:54,596 [pool-276-thread-1] INFO  server.RaftServerConfigKeys (ConfUtils.java:logGet(43)) - raft.server.snapshot.auto.trigger.threshold = 10000 (custom)
2019-08-20 14:15:54,596 [pool-276-thread-1] INFO  server.RaftServerConfigKeys (ConfUtils.java:logGet(43)) - raft.server.retrycache.expirytime = 600000ms (custom)
2019-08-20 14:15:54,596 [pool-276-thread-1] INFO  impl.RaftServerImpl (RaftServerImpl.java:start(180)) - 89238edf-7113-49d9-b2af-f23b0f32d28d: start group-83B4AA529BB4
2019-08-20 14:15:54,596 [pool-276-thread-1] INFO  impl.RaftServerImpl (RaftServerImpl.java:setRole(171)) - 89238edf-7113-49d9-b2af-f23b0f32d28d:group-83B4AA529BB4 changes role from null to FOLLOWER at term 0 for startAsFollower
2019-08-20 14:15:54,596 [pool-276-thread-1] INFO  impl.RoleInfo (RoleInfo.java:updateAndGet(143)) - 89238edf-7113-49d9-b2af-f23b0f32d28d: start FollowerState
2019-08-20 14:15:54,597 [pool-276-thread-1] INFO  util.JmxRegister (JmxRegister.java:tryRegister(44)) - Successfully registered JMX Bean with object name Ratis:service=RaftServer,group=group-83B4AA529BB4,id=89238edf-7113-49d9-b2af-f23b0f32d28d
2019-08-20 14:15:54,601 [RatisPipelineUtilsThread] INFO  pipeline.PipelineStateManager (PipelineStateManager.java:addPipeline(56)) - Created pipeline Pipeline[ Id: 0ec45d93-0614-4ea0-bdba-83b4aa529bb4, Nodes: 89238edf-7113-49d9-b2af-f23b0f32d28d{ip: 192.168.69.100, host: pr-hdds-1975-spxzp-3193579258, networkLocation: /default-rack, certSerialId: null}, Type:RATIS, Factor:ONE, State:OPEN]
2019-08-20 14:15:54,624 [grpc-default-executor-5] INFO  impl.RaftServerProxy (RaftServerProxy.java:addNew(89)) - 89238edf-7113-49d9-b2af-f23b0f32d28d: addNew group-8E6F48566B84:[d573e1d8-8390-4409-afd7-d3779bc68bbe:192.168.69.100:43226, 89238edf-7113-49d9-b2af-f23b0f32d28d:192.168.69.100:38627, bfdf518d-3827-4a18-a953-b1a9cbd73588:192.168.69.100:33445] returns group-8E6F48566B84:java.util.concurrent.CompletableFuture@74f2c179[Not completed]
2019-08-20 14:15:54,624 [grpc-default-executor-2] INFO  impl.RaftServerProxy (RaftServerProxy.java:addNew(89)) - d573e1d8-8390-4409-afd7-d3779bc68bbe: addNew group-8E6F48566B84:[d573e1d8-8390-4409-afd7-d3779bc68bbe:192.168.69.100:43226, 89238edf-7113-49d9-b2af-f23b0f32d28d:192.168.69.100:38627, bfdf518d-3827-4a18-a953-b1a9cbd73588:192.168.69.100:33445] returns group-8E6F48566B84:java.util.concurrent.CompletableFuture@c1d9660[Not completed]
2019-08-20 14:15:54,624 [grpc-default-executor-4] INFO  impl.RaftServerProxy (RaftServerProxy.java:addNew(89)) - bfdf518d-3827-4a18-a953-b1a9cbd73588: addNew group-8E6F48566B84:[d573e1d8-8390-4409-afd7-d3779bc68bbe:192.168.69.100:43226, 89238edf-7113-49d9-b2af-f23b0f32d28d:192.168.69.100:38627, bfdf518d-3827-4a18-a953-b1a9cbd73588:192.168.69.100:33445] returns group-8E6F48566B84:java.util.concurrent.CompletableFuture@49aeef61[Not completed]
2019-08-20 14:15:54,625 [pool-276-thread-1] INFO  impl.RaftServerImpl (RaftServerImpl.java:<init>(93)) - 89238edf-7113-49d9-b2af-f23b0f32d28d: new RaftServerImpl for group-8E6F48566B84:[d573e1d8-8390-4409-afd7-d3779bc68bbe:192.168.69.100:43226, 89238edf-7113-49d9-b2af-f23b0f32d28d:192.168.69.100:38627, bfdf518d-3827-4a18-a953-b1a9cbd73588:192.168.69.100:33445] with ContainerStateMachine:uninitialized
2019-08-20 14:15:54,625 [pool-276-thread-1] INFO  server.RaftServerConfigKeys (ConfUtils.java:logGet(43)) - raft.server.rpc.timeout.min = 5s (custom)
2019-08-20 14:15:54,625 [pool-276-thread-1] INFO  server.RaftServerConfigKeys (ConfUtils.java:logGet(43)) - raft.server.rpc.timeout.max = 5200ms (custom)
2019-08-20 14:15:54,625 [pool-276-thread-1] INFO  server.RaftServerConfigKeys (ConfUtils.java:logGet(43)) - raft.server.rpcslowness.timeout = 120s (custom)
2019-08-20 14:15:54,625 [pool-265-thread-1] INFO  impl.RaftServerImpl (RaftServerImpl.java:<init>(93)) - bfdf518d-3827-4a18-a953-b1a9cbd73588: new RaftServerImpl for group-8E6F48566B84:[d573e1d8-8390-4409-afd7-d3779bc68bbe:192.168.69.100:43226, 89238edf-7113-49d9-b2af-f23b0f32d28d:192.168.69.100:38627, bfdf518d-3827-4a18-a953-b1a9cbd73588:192.168.69.100:33445] with ContainerStateMachine:uninitialized
2019-08-20 14:15:54,625 [pool-276-thread-1] INFO  server.RaftServerConfigKeys (ConfUtils.java:logGet(43)) - raft.server.sleep.deviation.threshold = 300 (default)
2019-08-20 14:15:54,625 [pool-265-thread-1] INFO  server.RaftServerConfigKeys (ConfUtils.java:logGet(43)) - raft.server.rpc.timeout.min = 5s (custom)
2019-08-20 14:15:54,625 [pool-276-thread-1] INFO  server.RaftServerConfigKeys (ConfUtils.java:logGet(43)) - raft.server.log.appender.install.snapshot.enabled = false (custom)
2019-08-20 14:15:54,626 [pool-265-thread-1] INFO  server.RaftServerConfigKeys (ConfUtils.java:logGet(43)) - raft.server.rpc.timeout.max = 5200ms (custom)
2019-08-20 14:15:54,626 [pool-276-thread-1] INFO  impl.RaftServerImpl (ServerState.java:<init>(105)) - 89238edf-7113-49d9-b2af-f23b0f32d28d:group-8E6F48566B84 ConfigurationManager, init=-1: [d573e1d8-8390-4409-afd7-d3779bc68bbe:192.168.69.100:43226, 89238edf-7113-49d9-b2af-f23b0f32d28d:192.168.69.100:38627, bfdf518d-3827-4a18-a953-b1a9cbd73588:192.168.69.100:33445], old=null, confs=<EMPTY_MAP>
2019-08-20 14:15:54,626 [pool-254-thread-1] INFO  impl.RaftServerImpl (RaftServerImpl.java:<init>(93)) - d573e1d8-8390-4409-afd7-d3779bc68bbe: new RaftServerImpl for group-8E6F48566B84:[d573e1d8-8390-4409-afd7-d3779bc68bbe:192.168.69.100:43226, 89238edf-7113-49d9-b2af-f23b0f32d28d:192.168.69.100:38627, bfdf518d-3827-4a18-a953-b1a9cbd73588:192.168.69.100:33445] with ContainerStateMachine:uninitialized
2019-08-20 14:15:54,626 [pool-276-thread-1] INFO  server.RaftServerConfigKeys (ConfUtils.java:logGet(43)) - raft.server.storage.dir = [/workdir/hadoop-ozone/integration-test/target/test-dir/MiniOzoneClusterImpl-e0f456b9-34a0-4c6d-b797-d774b2610ec7/datanode-5/data/ratis] (custom)
2019-08-20 14:15:54,626 [pool-265-thread-1] INFO  server.RaftServerConfigKeys (ConfUtils.java:logGet(43)) - raft.server.rpcslowness.timeout = 120s (custom)
2019-08-20 14:15:54,626 [pool-254-thread-1] INFO  server.RaftServerConfigKeys (ConfUtils.java:logGet(43)) - raft.server.rpc.timeout.min = 5s (custom)
2019-08-20 14:15:54,626 [pool-276-thread-1] INFO  storage.RaftStorageDirectory (RaftStorageDirectory.java:analyzeStorage(246)) - The storage directory /workdir/hadoop-ozone/integration-test/target/test-dir/MiniOzoneClusterImpl-e0f456b9-34a0-4c6d-b797-d774b2610ec7/datanode-5/data/ratis/e2c370a6-fa6e-4e4c-a76e-8e6f48566b84 does not exist. Creating ...
2019-08-20 14:15:54,626 [pool-265-thread-1] INFO  server.RaftServerConfigKeys (ConfUtils.java:logGet(43)) - raft.server.sleep.deviation.threshold = 300 (default)
2019-08-20 14:15:54,626 [pool-254-thread-1] INFO  server.RaftServerConfigKeys (ConfUtils.java:logGet(43)) - raft.server.rpc.timeout.max = 5200ms (custom)
2019-08-20 14:15:54,626 [pool-265-thread-1] INFO  server.RaftServerConfigKeys (ConfUtils.java:logGet(43)) - raft.server.log.appender.install.snapshot.enabled = false (custom)
2019-08-20 14:15:54,626 [pool-254-thread-1] INFO  server.RaftServerConfigKeys (ConfUtils.java:logGet(43)) - raft.server.rpcslowness.timeout = 120s (custom)
2019-08-20 14:15:54,627 [pool-265-thread-1] INFO  impl.RaftServerImpl (ServerState.java:<init>(105)) - bfdf518d-3827-4a18-a953-b1a9cbd73588:group-8E6F48566B84 ConfigurationManager, init=-1: [d573e1d8-8390-4409-afd7-d3779bc68bbe:192.168.69.100:43226, 89238edf-7113-49d9-b2af-f23b0f32d28d:192.168.69.100:38627, bfdf518d-3827-4a18-a953-b1a9cbd73588:192.168.69.100:33445], old=null, confs=<EMPTY_MAP>
2019-08-20 14:15:54,627 [pool-254-thread-1] INFO  server.RaftServerConfigKeys (ConfUtils.java:logGet(43)) - raft.server.sleep.deviation.threshold = 300 (default)
2019-08-20 14:15:54,627 [pool-265-thread-1] INFO  server.RaftServerConfigKeys (ConfUtils.java:logGet(43)) - raft.server.storage.dir = [/workdir/hadoop-ozone/integration-test/target/test-dir/MiniOzoneClusterImpl-e0f456b9-34a0-4c6d-b797-d774b2610ec7/datanode-4/data/ratis] (custom)
2019-08-20 14:15:54,627 [pool-254-thread-1] INFO  server.RaftServerConfigKeys (ConfUtils.java:logGet(43)) - raft.server.log.appender.install.snapshot.enabled = false (custom)
2019-08-20 14:15:54,627 [pool-254-thread-1] INFO  impl.RaftServerImpl (ServerState.java:<init>(105)) - d573e1d8-8390-4409-afd7-d3779bc68bbe:group-8E6F48566B84 ConfigurationManager, init=-1: [d573e1d8-8390-4409-afd7-d3779bc68bbe:192.168.69.100:43226, 89238edf-7113-49d9-b2af-f23b0f32d28d:192.168.69.100:38627, bfdf518d-3827-4a18-a953-b1a9cbd73588:192.168.69.100:33445], old=null, confs=<EMPTY_MAP>
2019-08-20 14:15:54,627 [pool-265-thread-1] INFO  storage.RaftStorageDirectory (RaftStorageDirectory.java:analyzeStorage(246)) - The storage directory /workdir/hadoop-ozone/integration-test/target/test-dir/MiniOzoneClusterImpl-e0f456b9-34a0-4c6d-b797-d774b2610ec7/datanode-4/data/ratis/e2c370a6-fa6e-4e4c-a76e-8e6f48566b84 does not exist. Creating ...
2019-08-20 14:15:54,627 [pool-254-thread-1] INFO  server.RaftServerConfigKeys (ConfUtils.java:logGet(43)) - raft.server.storage.dir = [/workdir/hadoop-ozone/integration-test/target/test-dir/MiniOzoneClusterImpl-e0f456b9-34a0-4c6d-b797-d774b2610ec7/datanode-3/data/ratis] (custom)
2019-08-20 14:15:54,627 [pool-254-thread-1] INFO  storage.RaftStorageDirectory (RaftStorageDirectory.java:analyzeStorage(246)) - The storage directory /workdir/hadoop-ozone/integration-test/target/test-dir/MiniOzoneClusterImpl-e0f456b9-34a0-4c6d-b797-d774b2610ec7/datanode-3/data/ratis/e2c370a6-fa6e-4e4c-a76e-8e6f48566b84 does not exist. Creating ...
2019-08-20 14:15:54,651 [pool-265-thread-1] INFO  storage.RaftStorageDirectory (RaftStorageDirectory.java:tryLock(328)) - Lock on /workdir/hadoop-ozone/integration-test/target/test-dir/MiniOzoneClusterImpl-e0f456b9-34a0-4c6d-b797-d774b2610ec7/datanode-4/data/ratis/e2c370a6-fa6e-4e4c-a76e-8e6f48566b84/in_use.lock acquired by nodename 30562@pr-hdds-1975-spxzp-3193579258
2019-08-20 14:15:54,651 [pool-276-thread-1] INFO  storage.RaftStorageDirectory (RaftStorageDirectory.java:tryLock(328)) - Lock on /workdir/hadoop-ozone/integration-test/target/test-dir/MiniOzoneClusterImpl-e0f456b9-34a0-4c6d-b797-d774b2610ec7/datanode-5/data/ratis/e2c370a6-fa6e-4e4c-a76e-8e6f48566b84/in_use.lock acquired by nodename 30562@pr-hdds-1975-spxzp-3193579258
2019-08-20 14:15:54,651 [pool-254-thread-1] INFO  storage.RaftStorageDirectory (RaftStorageDirectory.java:tryLock(328)) - Lock on /workdir/hadoop-ozone/integration-test/target/test-dir/MiniOzoneClusterImpl-e0f456b9-34a0-4c6d-b797-d774b2610ec7/datanode-3/data/ratis/e2c370a6-fa6e-4e4c-a76e-8e6f48566b84/in_use.lock acquired by nodename 30562@pr-hdds-1975-spxzp-3193579258
2019-08-20 14:15:54,679 [pool-265-thread-1] INFO  storage.RaftStorage (RaftStorage.java:format(72)) - Storage directory /workdir/hadoop-ozone/integration-test/target/test-dir/MiniOzoneClusterImpl-e0f456b9-34a0-4c6d-b797-d774b2610ec7/datanode-4/data/ratis/e2c370a6-fa6e-4e4c-a76e-8e6f48566b84 has been successfully formatted.
2019-08-20 14:15:54,679 [pool-254-thread-1] INFO  storage.RaftStorage (RaftStorage.java:format(72)) - Storage directory /workdir/hadoop-ozone/integration-test/target/test-dir/MiniOzoneClusterImpl-e0f456b9-34a0-4c6d-b797-d774b2610ec7/datanode-3/data/ratis/e2c370a6-fa6e-4e4c-a76e-8e6f48566b84 has been successfully formatted.
2019-08-20 14:15:54,679 [pool-276-thread-1] INFO  storage.RaftStorage (RaftStorage.java:format(72)) - Storage directory /workdir/hadoop-ozone/integration-test/target/test-dir/MiniOzoneClusterImpl-e0f456b9-34a0-4c6d-b797-d774b2610ec7/datanode-5/data/ratis/e2c370a6-fa6e-4e4c-a76e-8e6f48566b84 has been successfully formatted.
2019-08-20 14:15:54,679 [pool-254-thread-1] INFO  ratis.ContainerStateMachine (ContainerStateMachine.java:loadSnapshot(222)) - group-8E6F48566B84: The snapshot info is null. Setting the last applied indexto:(t:0, i:~)
2019-08-20 14:15:54,679 [pool-265-thread-1] INFO  ratis.ContainerStateMachine (ContainerStateMachine.java:loadSnapshot(222)) - group-8E6F48566B84: The snapshot info is null. Setting the last applied indexto:(t:0, i:~)
2019-08-20 14:15:54,679 [pool-254-thread-1] INFO  server.RaftServerConfigKeys (ConfUtils.java:logGet(43)) - raft.server.leader.election.timeout = 120s (custom)
2019-08-20 14:15:54,679 [pool-276-thread-1] INFO  ratis.ContainerStateMachine (ContainerStateMachine.java:loadSnapshot(222)) - group-8E6F48566B84: The snapshot info is null. Setting the last applied indexto:(t:0, i:~)
2019-08-20 14:15:54,680 [pool-254-thread-1] INFO  server.RaftServerConfigKeys (ConfUtils.java:logGet(43)) - raft.server.log.use.memory = false (default)
2019-08-20 14:15:54,680 [pool-265-thread-1] INFO  server.RaftServerConfigKeys (ConfUtils.java:logGet(43)) - raft.server.leader.election.timeout = 120s (custom)
2019-08-20 14:15:54,680 [pool-254-thread-1] INFO  server.RaftServerConfigKeys (ConfUtils.java:logGet(43)) - raft.server.log.purge.gap = 1000000 (custom)
2019-08-20 14:15:54,680 [pool-276-thread-1] INFO  server.RaftServerConfigKeys (ConfUtils.java:logGet(43)) - raft.server.leader.election.timeout = 120s (custom)
2019-08-20 14:15:54,681 [pool-254-thread-1] INFO  server.RaftServerConfigKeys (ConfUtils.java:logGet(43)) - raft.server.log.appender.buffer.byte-limit = 33554432 (custom)
2019-08-20 14:15:54,680 [pool-265-thread-1] INFO  server.RaftServerConfigKeys (ConfUtils.java:logGet(43)) - raft.server.log.use.memory = false (default)
2019-08-20 14:15:54,681 [pool-254-thread-1] INFO  server.RaftServerConfigKeys (ConfUtils.java:logGet(43)) - raft.server.log.segment.size.max = 1048576 (custom)
2019-08-20 14:15:54,681 [pool-276-thread-1] INFO  server.RaftServerConfigKeys (ConfUtils.java:logGet(43)) - raft.server.log.use.memory = false (default)
2019-08-20 14:15:54,681 [pool-254-thread-1] INFO  server.RaftServerConfigKeys (ConfUtils.java:logGet(43)) - raft.server.log.segment.cache.num.max = 2 (custom)
2019-08-20 14:15:54,681 [pool-265-thread-1] INFO  server.RaftServerConfigKeys (ConfUtils.java:logGet(43)) - raft.server.log.purge.gap = 1000000 (custom)
2019-08-20 14:15:54,681 [pool-254-thread-1] INFO  segmented.SegmentedRaftLogWorker (SegmentedRaftLogWorker.java:<init>(172)) - new d573e1d8-8390-4409-afd7-d3779bc68bbe-SegmentedRaftLogWorker:Storage Directory /workdir/hadoop-ozone/integration-test/target/test-dir/MiniOzoneClusterImpl-e0f456b9-34a0-4c6d-b797-d774b2610ec7/datanode-3/data/ratis/e2c370a6-fa6e-4e4c-a76e-8e6f48566b84 for RaftStorage:Storage Directory /workdir/hadoop-ozone/integration-test/target/test-dir/MiniOzoneClusterImpl-e0f456b9-34a0-4c6d-b797-d774b2610ec7/datanode-3/data/ratis/e2c370a6-fa6e-4e4c-a76e-8e6f48566b84
2019-08-20 14:15:54,681 [pool-276-thread-1] INFO  server.RaftServerConfigKeys (ConfUtils.java:logGet(43)) - raft.server.log.purge.gap = 1000000 (custom)
2019-08-20 14:15:54,681 [pool-254-thread-1] INFO  server.RaftServerConfigKeys (ConfUtils.java:logGet(43)) - raft.server.log.queue.byte-limit = 2147483647 (custom)
2019-08-20 14:15:54,681 [pool-265-thread-1] INFO  server.RaftServerConfigKeys (ConfUtils.java:logGet(43)) - raft.server.log.appender.buffer.byte-limit = 33554432 (custom)
2019-08-20 14:15:54,682 [pool-254-thread-1] INFO  server.RaftServerConfigKeys (ConfUtils.java:logGet(43)) - raft.server.log.queue.element-limit = 1024 (custom)
2019-08-20 14:15:54,682 [pool-276-thread-1] INFO  server.RaftServerConfigKeys (ConfUtils.java:logGet(43)) - raft.server.log.appender.buffer.byte-limit = 33554432 (custom)
2019-08-20 14:15:54,682 [pool-254-thread-1] INFO  server.RaftServerConfigKeys (ConfUtils.java:logGet(43)) - raft.server.log.segment.size.max = 1048576 (custom)
2019-08-20 14:15:54,682 [pool-265-thread-1] INFO  server.RaftServerConfigKeys (ConfUtils.java:logGet(43)) - raft.server.log.segment.size.max = 1048576 (custom)
2019-08-20 14:15:54,682 [pool-254-thread-1] INFO  server.RaftServerConfigKeys (ConfUtils.java:logGet(43)) - raft.server.log.preallocated.size = 16384 (custom)
2019-08-20 14:15:54,682 [pool-276-thread-1] INFO  server.RaftServerConfigKeys (ConfUtils.java:logGet(43)) - raft.server.log.segment.size.max = 1048576 (custom)
2019-08-20 14:15:54,682 [pool-254-thread-1] INFO  server.RaftServerConfigKeys (ConfUtils.java:logGet(43)) - raft.server.log.write.buffer.size = 33554432 (custom)
2019-08-20 14:15:54,682 [pool-265-thread-1] INFO  server.RaftServerConfigKeys (ConfUtils.java:logGet(43)) - raft.server.log.segment.cache.num.max = 2 (custom)
2019-08-20 14:15:54,682 [pool-254-thread-1] INFO  server.RaftServerConfigKeys (ConfUtils.java:logGet(43)) - raft.server.log.force.sync.num = 128 (default)
2019-08-20 14:15:54,682 [pool-276-thread-1] INFO  server.RaftServerConfigKeys (ConfUtils.java:logGet(43)) - raft.server.log.segment.cache.num.max = 2 (custom)
2019-08-20 14:15:54,683 [pool-254-thread-1] INFO  server.RaftServerConfigKeys (ConfUtils.java:logGet(43)) - raft.server.log.statemachine.data.sync = true (default)
2019-08-20 14:15:54,683 [pool-265-thread-1] INFO  segmented.SegmentedRaftLogWorker (SegmentedRaftLogWorker.java:<init>(172)) - new bfdf518d-3827-4a18-a953-b1a9cbd73588-SegmentedRaftLogWorker:Storage Directory /workdir/hadoop-ozone/integration-test/target/test-dir/MiniOzoneClusterImpl-e0f456b9-34a0-4c6d-b797-d774b2610ec7/datanode-4/data/ratis/e2c370a6-fa6e-4e4c-a76e-8e6f48566b84 for RaftStorage:Storage Directory /workdir/hadoop-ozone/integration-test/target/test-dir/MiniOzoneClusterImpl-e0f456b9-34a0-4c6d-b797-d774b2610ec7/datanode-4/data/ratis/e2c370a6-fa6e-4e4c-a76e-8e6f48566b84
2019-08-20 14:15:54,683 [pool-254-thread-1] INFO  server.RaftServerConfigKeys (ConfUtils.java:logGet(43)) - raft.server.log.statemachine.data.sync.timeout = 10s (default)
2019-08-20 14:15:54,683 [pool-276-thread-1] INFO  segmented.SegmentedRaftLogWorker (SegmentedRaftLogWorker.java:<init>(172)) - new 89238edf-7113-49d9-b2af-f23b0f32d28d-SegmentedRaftLogWorker:Storage Directory /workdir/hadoop-ozone/integration-test/target/test-dir/MiniOzoneClusterImpl-e0f456b9-34a0-4c6d-b797-d774b2610ec7/datanode-5/data/ratis/e2c370a6-fa6e-4e4c-a76e-8e6f48566b84 for RaftStorage:Storage Directory /workdir/hadoop-ozone/integration-test/target/test-dir/MiniOzoneClusterImpl-e0f456b9-34a0-4c6d-b797-d774b2610ec7/datanode-5/data/ratis/e2c370a6-fa6e-4e4c-a76e-8e6f48566b84
2019-08-20 14:15:54,683 [pool-254-thread-1] INFO  server.RaftServerConfigKeys (ConfUtils.java:logGet(43)) - raft.server.log.statemachine.data.sync.timeout.retry = -1 (default)
2019-08-20 14:15:54,683 [pool-265-thread-1] INFO  server.RaftServerConfigKeys (ConfUtils.java:logGet(43)) - raft.server.log.queue.byte-limit = 2147483647 (custom)
2019-08-20 14:15:54,683 [pool-254-thread-1] INFO  server.RaftServerConfigKeys (ConfUtils.java:logGet(43)) - raft.server.log.statemachine.data.caching.enabled = true (custom)
2019-08-20 14:15:54,683 [pool-276-thread-1] INFO  server.RaftServerConfigKeys (ConfUtils.java:logGet(43)) - raft.server.log.queue.byte-limit = 2147483647 (custom)
2019-08-20 14:15:54,683 [pool-265-thread-1] INFO  server.RaftServerConfigKeys (ConfUtils.java:logGet(43)) - raft.server.log.queue.element-limit = 1024 (custom)
2019-08-20 14:15:54,684 [pool-254-thread-1] INFO  segmented.SegmentedRaftLogWorker (SegmentedRaftLogWorker.java:lambda$new$0(132)) - d573e1d8-8390-4409-afd7-d3779bc68bbe-SegmentedRaftLogWorker:Storage Directory /workdir/hadoop-ozone/integration-test/target/test-dir/MiniOzoneClusterImpl-e0f456b9-34a0-4c6d-b797-d774b2610ec7/datanode-3/data/ratis/e2c370a6-fa6e-4e4c-a76e-8e6f48566b84: flushIndex: setUnconditionally 0 -> -1
2019-08-20 14:15:54,684 [pool-276-thread-1] INFO  server.RaftServerConfigKeys (ConfUtils.java:logGet(43)) - raft.server.log.queue.element-limit = 1024 (custom)
2019-08-20 14:15:54,684 [pool-265-thread-1] INFO  server.RaftServerConfigKeys (ConfUtils.java:logGet(43)) - raft.server.log.segment.size.max = 1048576 (custom)
2019-08-20 14:15:54,684 [pool-254-thread-1] INFO  server.RaftServerConfigKeys (ConfUtils.java:logGet(43)) - raft.server.snapshot.auto.trigger.enabled = true (custom)
2019-08-20 14:15:54,684 [pool-276-thread-1] INFO  server.RaftServerConfigKeys (ConfUtils.java:logGet(43)) - raft.server.log.segment.size.max = 1048576 (custom)
2019-08-20 14:15:54,684 [pool-254-thread-1] INFO  server.RaftServerConfigKeys (ConfUtils.java:logGet(43)) - raft.server.snapshot.auto.trigger.threshold = 10000 (custom)
2019-08-20 14:15:54,684 [pool-265-thread-1] INFO  server.RaftServerConfigKeys (ConfUtils.java:logGet(43)) - raft.server.log.preallocated.size = 16384 (custom)
2019-08-20 14:15:54,684 [pool-254-thread-1] INFO  server.RaftServerConfigKeys (ConfUtils.java:logGet(43)) - raft.server.retrycache.expirytime = 600000ms (custom)
2019-08-20 14:15:54,684 [pool-276-thread-1] INFO  server.RaftServerConfigKeys (ConfUtils.java:logGet(43)) - raft.server.log.preallocated.size = 16384 (custom)
2019-08-20 14:15:54,684 [pool-254-thread-1] INFO  impl.RaftServerImpl (RaftServerImpl.java:start(180)) - d573e1d8-8390-4409-afd7-d3779bc68bbe: start group-8E6F48566B84
2019-08-20 14:15:54,684 [pool-265-thread-1] INFO  server.RaftServerConfigKeys (ConfUtils.java:logGet(43)) - raft.server.log.write.buffer.size = 33554432 (custom)
2019-08-20 14:15:54,685 [pool-254-thread-1] INFO  impl.RaftServerImpl (RaftServerImpl.java:setRole(171)) - d573e1d8-8390-4409-afd7-d3779bc68bbe:group-8E6F48566B84 changes role from null to FOLLOWER at term 0 for startAsFollower
2019-08-20 14:15:54,684 [pool-276-thread-1] INFO  server.RaftServerConfigKeys (ConfUtils.java:logGet(43)) - raft.server.log.write.buffer.size = 33554432 (custom)
2019-08-20 14:15:54,685 [pool-254-thread-1] INFO  impl.RoleInfo (RoleInfo.java:updateAndGet(143)) - d573e1d8-8390-4409-afd7-d3779bc68bbe: start FollowerState
2019-08-20 14:15:54,685 [pool-265-thread-1] INFO  server.RaftServerConfigKeys (ConfUtils.java:logGet(43)) - raft.server.log.force.sync.num = 128 (default)
2019-08-20 14:15:54,685 [pool-276-thread-1] INFO  server.RaftServerConfigKeys (ConfUtils.java:logGet(43)) - raft.server.log.force.sync.num = 128 (default)
2019-08-20 14:15:54,685 [pool-265-thread-1] INFO  server.RaftServerConfigKeys (ConfUtils.java:logGet(43)) - raft.server.log.statemachine.data.sync = true (default)
2019-08-20 14:15:54,685 [pool-276-thread-1] INFO  server.RaftServerConfigKeys (ConfUtils.java:logGet(43)) - raft.server.log.statemachine.data.sync = true (default)
2019-08-20 14:15:54,685 [pool-254-thread-1] INFO  util.JmxRegister (JmxRegister.java:tryRegister(44)) - Successfully registered JMX Bean with object name Ratis:service=RaftServer,group=group-8E6F48566B84,id=d573e1d8-8390-4409-afd7-d3779bc68bbe
2019-08-20 14:15:54,685 [pool-265-thread-1] INFO  server.RaftServerConfigKeys (ConfUtils.java:logGet(43)) - raft.server.log.statemachine.data.sync.timeout = 10s (default)
2019-08-20 14:15:54,685 [pool-276-thread-1] INFO  server.RaftServerConfigKeys (ConfUtils.java:logGet(43)) - raft.server.log.statemachine.data.sync.timeout = 10s (default)
2019-08-20 14:15:54,685 [pool-265-thread-1] INFO  server.RaftServerConfigKeys (ConfUtils.java:logGet(43)) - raft.server.log.statemachine.data.sync.timeout.retry = -1 (default)
2019-08-20 14:15:54,686 [pool-276-thread-1] INFO  server.RaftServerConfigKeys (ConfUtils.java:logGet(43)) - raft.server.log.statemachine.data.sync.timeout.retry = -1 (default)
2019-08-20 14:15:54,686 [pool-265-thread-1] INFO  server.RaftServerConfigKeys (ConfUtils.java:logGet(43)) - raft.server.log.statemachine.data.caching.enabled = true (custom)
2019-08-20 14:15:54,686 [pool-276-thread-1] INFO  server.RaftServerConfigKeys (ConfUtils.java:logGet(43)) - raft.server.log.statemachine.data.caching.enabled = true (custom)
2019-08-20 14:15:54,686 [pool-265-thread-1] INFO  segmented.SegmentedRaftLogWorker (SegmentedRaftLogWorker.java:lambda$new$0(132)) - bfdf518d-3827-4a18-a953-b1a9cbd73588-SegmentedRaftLogWorker:Storage Directory /workdir/hadoop-ozone/integration-test/target/test-dir/MiniOzoneClusterImpl-e0f456b9-34a0-4c6d-b797-d774b2610ec7/datanode-4/data/ratis/e2c370a6-fa6e-4e4c-a76e-8e6f48566b84: flushIndex: setUnconditionally 0 -> -1
2019-08-20 14:15:54,686 [pool-276-thread-1] INFO  segmented.SegmentedRaftLogWorker (SegmentedRaftLogWorker.java:lambda$new$0(132)) - 89238edf-7113-49d9-b2af-f23b0f32d28d-SegmentedRaftLogWorker:Storage Directory /workdir/hadoop-ozone/integration-test/target/test-dir/MiniOzoneClusterImpl-e0f456b9-34a0-4c6d-b797-d774b2610ec7/datanode-5/data/ratis/e2c370a6-fa6e-4e4c-a76e-8e6f48566b84: flushIndex: setUnconditionally 0 -> -1
2019-08-20 14:15:54,686 [pool-265-thread-1] INFO  server.RaftServerConfigKeys (ConfUtils.java:logGet(43)) - raft.server.snapshot.auto.trigger.enabled = true (custom)
2019-08-20 14:15:54,686 [pool-265-thread-1] INFO  server.RaftServerConfigKeys (ConfUtils.java:logGet(43)) - raft.server.snapshot.auto.trigger.threshold = 10000 (custom)
2019-08-20 14:15:54,686 [pool-276-thread-1] INFO  server.RaftServerConfigKeys (ConfUtils.java:logGet(43)) - raft.server.snapshot.auto.trigger.enabled = true (custom)
2019-08-20 14:15:54,686 [pool-265-thread-1] INFO  server.RaftServerConfigKeys (ConfUtils.java:logGet(43)) - raft.server.retrycache.expirytime = 600000ms (custom)
2019-08-20 14:15:54,687 [pool-276-thread-1] INFO  server.RaftServerConfigKeys (ConfUtils.java:logGet(43)) - raft.server.snapshot.auto.trigger.threshold = 10000 (custom)
2019-08-20 14:15:54,687 [pool-265-thread-1] INFO  impl.RaftServerImpl (RaftServerImpl.java:start(180)) - bfdf518d-3827-4a18-a953-b1a9cbd73588: start group-8E6F48566B84
2019-08-20 14:15:54,687 [pool-276-thread-1] INFO  server.RaftServerConfigKeys (ConfUtils.java:logGet(43)) - raft.server.retrycache.expirytime = 600000ms (custom)
2019-08-20 14:15:54,687 [pool-265-thread-1] INFO  impl.RaftServerImpl (RaftServerImpl.java:setRole(171)) - bfdf518d-3827-4a18-a953-b1a9cbd73588:group-8E6F48566B84 changes role from null to FOLLOWER at term 0 for startAsFollower
2019-08-20 14:15:54,687 [pool-276-thread-1] INFO  impl.RaftServerImpl (RaftServerImpl.java:start(180)) - 89238edf-7113-49d9-b2af-f23b0f32d28d: start group-8E6F48566B84
2019-08-20 14:15:54,687 [pool-265-thread-1] INFO  impl.RoleInfo (RoleInfo.java:updateAndGet(143)) - bfdf518d-3827-4a18-a953-b1a9cbd73588: start FollowerState
2019-08-20 14:15:54,687 [pool-276-thread-1] INFO  impl.RaftServerImpl (RaftServerImpl.java:setRole(171)) - 89238edf-7113-49d9-b2af-f23b0f32d28d:group-8E6F48566B84 changes role from null to FOLLOWER at term 0 for startAsFollower
2019-08-20 14:15:54,687 [pool-276-thread-1] INFO  impl.RoleInfo (RoleInfo.java:updateAndGet(143)) - 89238edf-7113-49d9-b2af-f23b0f32d28d: start FollowerState
2019-08-20 14:15:54,687 [pool-265-thread-1] INFO  util.JmxRegister (JmxRegister.java:tryRegister(44)) - Successfully registered JMX Bean with object name Ratis:service=RaftServer,group=group-8E6F48566B84,id=bfdf518d-3827-4a18-a953-b1a9cbd73588
2019-08-20 14:15:54,687 [pool-276-thread-1] INFO  util.JmxRegister (JmxRegister.java:tryRegister(44)) - Successfully registered JMX Bean with object name Ratis:service=RaftServer,group=group-8E6F48566B84,id=89238edf-7113-49d9-b2af-f23b0f32d28d
2019-08-20 14:15:54,696 [RatisPipelineUtilsThread] INFO  pipeline.PipelineStateManager (PipelineStateManager.java:addPipeline(56)) - Created pipeline Pipeline[ Id: e2c370a6-fa6e-4e4c-a76e-8e6f48566b84, Nodes: bfdf518d-3827-4a18-a953-b1a9cbd73588{ip: 192.168.69.100, host: pr-hdds-1975-spxzp-3193579258, networkLocation: /default-rack, certSerialId: null}d573e1d8-8390-4409-afd7-d3779bc68bbe{ip: 192.168.69.100, host: pr-hdds-1975-spxzp-3193579258, networkLocation: /default-rack, certSerialId: null}89238edf-7113-49d9-b2af-f23b0f32d28d{ip: 192.168.69.100, host: pr-hdds-1975-spxzp-3193579258, networkLocation: /default-rack, certSerialId: null}, Type:RATIS, Factor:THREE, State:OPEN]
2019-08-20 14:15:54,713 [main] INFO  ozone.MiniOzoneClusterImpl (MiniOzoneClusterImpl.java:lambda$waitForClusterToBeReady$0(142)) - Waiting for cluster to be ready. Got 6 of 7 DN Heartbeats.
2019-08-20 14:15:54,714 [IPC Server handler 4 on 36203] INFO  net.NetworkTopology (NetworkTopologyImpl.java:add(110)) - Added a new node: /default-rack/3a7aed30-5b05-400a-aa20-51eb22baecbd
2019-08-20 14:15:54,714 [IPC Server handler 4 on 36203] INFO  node.SCMNodeManager (SCMNodeManager.java:register(273)) - Registered Data node : 3a7aed30-5b05-400a-aa20-51eb22baecbd{ip: 192.168.69.100, host: pr-hdds-1975-spxzp-3193579258, networkLocation: /default-rack, certSerialId: null}
2019-08-20 14:15:54,717 | INFO  | SCMAudit | user=jenkins1000 | ip=192.168.69.100 | op=REGISTER {datanodeDetails=3a7aed30-5b05-400a-aa20-51eb22baecbd{ip: 192.168.69.100, host: pr-hdds-1975-spxzp-3193579258, networkLocation: /default-rack, certSerialId: null}} | ret=SUCCESS |  
2019-08-20 14:15:54,725 [grpc-default-executor-4] INFO  impl.RaftServerProxy (RaftServerProxy.java:addNew(89)) - 3a7aed30-5b05-400a-aa20-51eb22baecbd: addNew group-A7C1DEC82590:[3a7aed30-5b05-400a-aa20-51eb22baecbd:192.168.69.100:41108] returns group-A7C1DEC82590:java.util.concurrent.CompletableFuture@500c3a[Not completed]
2019-08-20 14:15:54,726 [pool-287-thread-1] INFO  impl.RaftServerImpl (RaftServerImpl.java:<init>(93)) - 3a7aed30-5b05-400a-aa20-51eb22baecbd: new RaftServerImpl for group-A7C1DEC82590:[3a7aed30-5b05-400a-aa20-51eb22baecbd:192.168.69.100:41108] with ContainerStateMachine:uninitialized
2019-08-20 14:15:54,726 [pool-287-thread-1] INFO  server.RaftServerConfigKeys (ConfUtils.java:logGet(43)) - raft.server.rpc.timeout.min = 5s (custom)
2019-08-20 14:15:54,727 [pool-287-thread-1] INFO  server.RaftServerConfigKeys (ConfUtils.java:logGet(43)) - raft.server.rpc.timeout.max = 5200ms (custom)
2019-08-20 14:15:54,727 [pool-287-thread-1] INFO  server.RaftServerConfigKeys (ConfUtils.java:logGet(43)) - raft.server.rpcslowness.timeout = 120s (custom)
2019-08-20 14:15:54,727 [pool-287-thread-1] INFO  server.RaftServerConfigKeys (ConfUtils.java:logGet(43)) - raft.server.sleep.deviation.threshold = 300 (default)
2019-08-20 14:15:54,727 [pool-287-thread-1] INFO  server.RaftServerConfigKeys (ConfUtils.java:logGet(43)) - raft.server.log.appender.install.snapshot.enabled = false (custom)
2019-08-20 14:15:54,727 [pool-287-thread-1] INFO  impl.RaftServerImpl (ServerState.java:<init>(105)) - 3a7aed30-5b05-400a-aa20-51eb22baecbd:group-A7C1DEC82590 ConfigurationManager, init=-1: [3a7aed30-5b05-400a-aa20-51eb22baecbd:192.168.69.100:41108], old=null, confs=<EMPTY_MAP>
2019-08-20 14:15:54,727 [pool-287-thread-1] INFO  server.RaftServerConfigKeys (ConfUtils.java:logGet(43)) - raft.server.storage.dir = [/workdir/hadoop-ozone/integration-test/target/test-dir/MiniOzoneClusterImpl-e0f456b9-34a0-4c6d-b797-d774b2610ec7/datanode-6/data/ratis] (custom)
2019-08-20 14:15:54,727 [pool-287-thread-1] INFO  storage.RaftStorageDirectory (RaftStorageDirectory.java:analyzeStorage(246)) - The storage directory /workdir/hadoop-ozone/integration-test/target/test-dir/MiniOzoneClusterImpl-e0f456b9-34a0-4c6d-b797-d774b2610ec7/datanode-6/data/ratis/72605072-d62c-4e34-a925-a7c1dec82590 does not exist. Creating ...
2019-08-20 14:15:54,742 [pool-287-thread-1] INFO  storage.RaftStorageDirectory (RaftStorageDirectory.java:tryLock(328)) - Lock on /workdir/hadoop-ozone/integration-test/target/test-dir/MiniOzoneClusterImpl-e0f456b9-34a0-4c6d-b797-d774b2610ec7/datanode-6/data/ratis/72605072-d62c-4e34-a925-a7c1dec82590/in_use.lock acquired by nodename 30562@pr-hdds-1975-spxzp-3193579258
2019-08-20 14:15:54,758 [pool-287-thread-1] INFO  storage.RaftStorage (RaftStorage.java:format(72)) - Storage directory /workdir/hadoop-ozone/integration-test/target/test-dir/MiniOzoneClusterImpl-e0f456b9-34a0-4c6d-b797-d774b2610ec7/datanode-6/data/ratis/72605072-d62c-4e34-a925-a7c1dec82590 has been successfully formatted.
2019-08-20 14:15:54,758 [pool-287-thread-1] INFO  ratis.ContainerStateMachine (ContainerStateMachine.java:loadSnapshot(222)) - group-A7C1DEC82590: The snapshot info is null. Setting the last applied indexto:(t:0, i:~)
2019-08-20 14:15:54,758 [pool-287-thread-1] INFO  server.RaftServerConfigKeys (ConfUtils.java:logGet(43)) - raft.server.leader.election.timeout = 120s (custom)
2019-08-20 14:15:54,758 [pool-287-thread-1] INFO  server.RaftServerConfigKeys (ConfUtils.java:logGet(43)) - raft.server.log.use.memory = false (default)
2019-08-20 14:15:54,758 [pool-287-thread-1] INFO  server.RaftServerConfigKeys (ConfUtils.java:logGet(43)) - raft.server.log.purge.gap = 1000000 (custom)
2019-08-20 14:15:54,758 [pool-287-thread-1] INFO  server.RaftServerConfigKeys (ConfUtils.java:logGet(43)) - raft.server.log.appender.buffer.byte-limit = 33554432 (custom)
2019-08-20 14:15:54,759 [pool-287-thread-1] INFO  server.RaftServerConfigKeys (ConfUtils.java:logGet(43)) - raft.server.log.segment.size.max = 1048576 (custom)
2019-08-20 14:15:54,759 [pool-287-thread-1] INFO  server.RaftServerConfigKeys (ConfUtils.java:logGet(43)) - raft.server.log.segment.cache.num.max = 2 (custom)
2019-08-20 14:15:54,759 [pool-287-thread-1] INFO  segmented.SegmentedRaftLogWorker (SegmentedRaftLogWorker.java:<init>(172)) - new 3a7aed30-5b05-400a-aa20-51eb22baecbd-SegmentedRaftLogWorker:Storage Directory /workdir/hadoop-ozone/integration-test/target/test-dir/MiniOzoneClusterImpl-e0f456b9-34a0-4c6d-b797-d774b2610ec7/datanode-6/data/ratis/72605072-d62c-4e34-a925-a7c1dec82590 for RaftStorage:Storage Directory /workdir/hadoop-ozone/integration-test/target/test-dir/MiniOzoneClusterImpl-e0f456b9-34a0-4c6d-b797-d774b2610ec7/datanode-6/data/ratis/72605072-d62c-4e34-a925-a7c1dec82590
2019-08-20 14:15:54,759 [pool-287-thread-1] INFO  server.RaftServerConfigKeys (ConfUtils.java:logGet(43)) - raft.server.log.queue.byte-limit = 2147483647 (custom)
2019-08-20 14:15:54,759 [pool-287-thread-1] INFO  server.RaftServerConfigKeys (ConfUtils.java:logGet(43)) - raft.server.log.queue.element-limit = 1024 (custom)
2019-08-20 14:15:54,759 [pool-287-thread-1] INFO  server.RaftServerConfigKeys (ConfUtils.java:logGet(43)) - raft.server.log.segment.size.max = 1048576 (custom)
2019-08-20 14:15:54,759 [pool-287-thread-1] INFO  server.RaftServerConfigKeys (ConfUtils.java:logGet(43)) - raft.server.log.preallocated.size = 16384 (custom)
2019-08-20 14:15:54,759 [pool-287-thread-1] INFO  server.RaftServerConfigKeys (ConfUtils.java:logGet(43)) - raft.server.log.write.buffer.size = 33554432 (custom)
2019-08-20 14:15:54,760 [pool-287-thread-1] INFO  server.RaftServerConfigKeys (ConfUtils.java:logGet(43)) - raft.server.log.force.sync.num = 128 (default)
2019-08-20 14:15:54,760 [pool-287-thread-1] INFO  server.RaftServerConfigKeys (ConfUtils.java:logGet(43)) - raft.server.log.statemachine.data.sync = true (default)
2019-08-20 14:15:54,760 [pool-287-thread-1] INFO  server.RaftServerConfigKeys (ConfUtils.java:logGet(43)) - raft.server.log.statemachine.data.sync.timeout = 10s (default)
2019-08-20 14:15:54,760 [pool-287-thread-1] INFO  server.RaftServerConfigKeys (ConfUtils.java:logGet(43)) - raft.server.log.statemachine.data.sync.timeout.retry = -1 (default)
2019-08-20 14:15:54,760 [pool-287-thread-1] INFO  server.RaftServerConfigKeys (ConfUtils.java:logGet(43)) - raft.server.log.statemachine.data.caching.enabled = true (custom)
2019-08-20 14:15:54,760 [pool-287-thread-1] INFO  segmented.SegmentedRaftLogWorker (SegmentedRaftLogWorker.java:lambda$new$0(132)) - 3a7aed30-5b05-400a-aa20-51eb22baecbd-SegmentedRaftLogWorker:Storage Directory /workdir/hadoop-ozone/integration-test/target/test-dir/MiniOzoneClusterImpl-e0f456b9-34a0-4c6d-b797-d774b2610ec7/datanode-6/data/ratis/72605072-d62c-4e34-a925-a7c1dec82590: flushIndex: setUnconditionally 0 -> -1
2019-08-20 14:15:54,761 [pool-287-thread-1] INFO  server.RaftServerConfigKeys (ConfUtils.java:logGet(43)) - raft.server.snapshot.auto.trigger.enabled = true (custom)
2019-08-20 14:15:54,761 [pool-287-thread-1] INFO  server.RaftServerConfigKeys (ConfUtils.java:logGet(43)) - raft.server.snapshot.auto.trigger.threshold = 10000 (custom)
2019-08-20 14:15:54,761 [pool-287-thread-1] INFO  server.RaftServerConfigKeys (ConfUtils.java:logGet(43)) - raft.server.retrycache.expirytime = 600000ms (custom)
2019-08-20 14:15:54,761 [pool-287-thread-1] INFO  impl.RaftServerImpl (RaftServerImpl.java:start(180)) - 3a7aed30-5b05-400a-aa20-51eb22baecbd: start group-A7C1DEC82590
2019-08-20 14:15:54,761 [pool-287-thread-1] INFO  impl.RaftServerImpl (RaftServerImpl.java:setRole(171)) - 3a7aed30-5b05-400a-aa20-51eb22baecbd:group-A7C1DEC82590 changes role from null to FOLLOWER at term 0 for startAsFollower
2019-08-20 14:15:54,761 [pool-287-thread-1] INFO  impl.RoleInfo (RoleInfo.java:updateAndGet(143)) - 3a7aed30-5b05-400a-aa20-51eb22baecbd: start FollowerState
2019-08-20 14:15:54,761 [pool-287-thread-1] INFO  util.JmxRegister (JmxRegister.java:tryRegister(44)) - Successfully registered JMX Bean with object name Ratis:service=RaftServer,group=group-A7C1DEC82590,id=3a7aed30-5b05-400a-aa20-51eb22baecbd
2019-08-20 14:15:54,766 [RatisPipelineUtilsThread] INFO  pipeline.PipelineStateManager (PipelineStateManager.java:addPipeline(56)) - Created pipeline Pipeline[ Id: 72605072-d62c-4e34-a925-a7c1dec82590, Nodes: 3a7aed30-5b05-400a-aa20-51eb22baecbd{ip: 192.168.69.100, host: pr-hdds-1975-spxzp-3193579258, networkLocation: /default-rack, certSerialId: null}, Type:RATIS, Factor:ONE, State:OPEN]
2019-08-20 14:15:55,335 | INFO  | SCMAudit | user=jenkins1000 | ip=192.168.69.100 | op=SEND_HEARTBEAT {datanodeUUID=e691072e-736f-4155-b802-4eb66a703156, command=[]} | ret=SUCCESS |  
2019-08-20 14:15:55,553 | INFO  | SCMAudit | user=jenkins1000 | ip=192.168.69.100 | op=SEND_HEARTBEAT {datanodeUUID=e1c8181d-fec9-4c63-b279-ecea4ae6fb4e, command=[]} | ret=SUCCESS |  
2019-08-20 14:15:55,713 [main] INFO  ozone.MiniOzoneClusterImpl (MiniOzoneClusterImpl.java:lambda$waitForClusterToBeReady$0(142)) - Cluster is ready. Got 7 of 7 DN Heartbeats.
2019-08-20 14:15:55,737 | INFO  | SCMAudit | user=jenkins1000 | ip=192.168.69.100 | op=SEND_HEARTBEAT {datanodeUUID=713a193c-7c22-4398-8969-d8ef79c9ca0d, command=[]} | ret=SUCCESS |  
2019-08-20 14:15:55,742 [main] INFO  rpc.RpcClient (RpcClient.java:createVolume(292)) - Creating Volume: watchforcommithandlingtest, with jenkins1000 as owner.
2019-08-20 14:15:55,744 | INFO  | OMAudit | user=jenkins1000 | ip=127.0.0.1 | op=CREATE_VOLUME {admin=jenkins1000, owner=jenkins1000, volume=watchforcommithandlingtest, creationTime=1566310555744, quotaInBytes=1152921504606846976} | ret=SUCCESS |  
2019-08-20 14:15:55,765 | INFO  | OMAudit | user=jenkins1000 | ip=127.0.0.1 | op=READ_VOLUME {volume=watchforcommithandlingtest} | ret=SUCCESS |  
2019-08-20 14:15:55,766 [main] INFO  rpc.RpcClient (RpcClient.java:createBucket(431)) - Creating Bucket: watchforcommithandlingtest/watchforcommithandlingtest, with Versioning false and Storage Type set to DISK and Encryption set to false 
2019-08-20 14:15:55,771 | INFO  | OMAudit | user=jenkins1000 | ip=127.0.0.1 | op=CREATE_BUCKET {volume=watchforcommithandlingtest, bucket=watchforcommithandlingtest, acls=[user:jenkins1000:a[ACCESS], group:default:a[ACCESS]], isVersionEnabled=false, storageType=DISK, creationTime=0} | ret=SUCCESS |  
2019-08-20 14:15:55,772 [main] INFO  ozone.MiniOzoneClusterImpl (MiniOzoneClusterImpl.java:getStorageContainerLocationClient(241)) - Creating StorageContainerLocationProtocol RPC client with address /0.0.0.0:33173
2019-08-20 14:15:55,801 [grpc-default-executor-4] INFO  client.GrpcClientProtocolClient (GrpcClientProtocolClient.java:onNext(255)) - client-74BB8EA230DA->e1c8181d-fec9-4c63-b279-ecea4ae6fb4e: receive RaftClientReply:client-74BB8EA230DA->e1c8181d-fec9-4c63-b279-ecea4ae6fb4e@group-D99EEE42CD84, cid=66, FAILED org.apache.ratis.protocol.NotLeaderException: Server e1c8181d-fec9-4c63-b279-ecea4ae6fb4e is not the leader (null). Request must be sent to leader., logIndex=0, commits[e1c8181d-fec9-4c63-b279-ecea4ae6fb4e:c-1]
2019-08-20 14:15:55,918 | INFO  | SCMAudit | user=jenkins1000 | ip=192.168.69.100 | op=SEND_HEARTBEAT {datanodeUUID=d573e1d8-8390-4409-afd7-d3779bc68bbe, command=[]} | ret=SUCCESS |  
2019-08-20 14:15:56,251 | INFO  | SCMAudit | user=jenkins1000 | ip=192.168.69.100 | op=SEND_HEARTBEAT {datanodeUUID=bfdf518d-3827-4a18-a953-b1a9cbd73588, command=[]} | ret=SUCCESS |  
2019-08-20 14:15:56,336 | INFO  | SCMAudit | user=jenkins1000 | ip=192.168.69.100 | op=SEND_HEARTBEAT {datanodeUUID=e691072e-736f-4155-b802-4eb66a703156, command=[]} | ret=SUCCESS |  
2019-08-20 14:15:56,344 [Thread-1398] INFO  container.ReplicationManager (ReplicationManager.java:start(152)) - Starting Replication Monitor Thread.
2019-08-20 14:15:56,348 [ReplicationMonitor] INFO  container.ReplicationManager (ReplicationManager.java:run(215)) - Replication Monitor Thread took 0 milliseconds for processing 1 containers.
2019-08-20 14:15:56,548 | INFO  | SCMAudit | user=jenkins1000 | ip=192.168.69.100 | op=SEND_HEARTBEAT {datanodeUUID=89238edf-7113-49d9-b2af-f23b0f32d28d, command=[]} | ret=SUCCESS |  
2019-08-20 14:15:56,554 | INFO  | SCMAudit | user=jenkins1000 | ip=192.168.69.100 | op=SEND_HEARTBEAT {datanodeUUID=e1c8181d-fec9-4c63-b279-ecea4ae6fb4e, command=[]} | ret=SUCCESS |  
2019-08-20 14:15:56,713 | INFO  | SCMAudit | user=jenkins1000 | ip=192.168.69.100 | op=SEND_HEARTBEAT {datanodeUUID=3a7aed30-5b05-400a-aa20-51eb22baecbd, command=[]} | ret=SUCCESS |  
2019-08-20 14:15:56,733 | INFO  | SCMAudit | user=jenkins1000 | ip=192.168.69.100 | op=SEND_HEARTBEAT {datanodeUUID=713a193c-7c22-4398-8969-d8ef79c9ca0d, command=[]} | ret=SUCCESS |  
2019-08-20 14:15:56,829 [grpc-default-executor-2] INFO  client.GrpcClientProtocolClient (GrpcClientProtocolClient.java:onNext(255)) - client-74BB8EA230DA->713a193c-7c22-4398-8969-d8ef79c9ca0d: receive RaftClientReply:client-74BB8EA230DA->713a193c-7c22-4398-8969-d8ef79c9ca0d@group-D99EEE42CD84, cid=66, FAILED org.apache.ratis.protocol.NotLeaderException: Server 713a193c-7c22-4398-8969-d8ef79c9ca0d is not the leader (null). Request must be sent to leader., logIndex=0, commits[713a193c-7c22-4398-8969-d8ef79c9ca0d:c-1]
2019-08-20 14:15:56,919 | INFO  | SCMAudit | user=jenkins1000 | ip=192.168.69.100 | op=SEND_HEARTBEAT {datanodeUUID=d573e1d8-8390-4409-afd7-d3779bc68bbe, command=[]} | ret=SUCCESS |  
2019-08-20 14:15:57,251 | INFO  | SCMAudit | user=jenkins1000 | ip=192.168.69.100 | op=SEND_HEARTBEAT {datanodeUUID=bfdf518d-3827-4a18-a953-b1a9cbd73588, command=[]} | ret=SUCCESS |  
2019-08-20 14:15:57,336 | INFO  | SCMAudit | user=jenkins1000 | ip=192.168.69.100 | op=SEND_HEARTBEAT {datanodeUUID=e691072e-736f-4155-b802-4eb66a703156, command=[]} | ret=SUCCESS |  
2019-08-20 14:15:57,547 | INFO  | SCMAudit | user=jenkins1000 | ip=192.168.69.100 | op=SEND_HEARTBEAT {datanodeUUID=89238edf-7113-49d9-b2af-f23b0f32d28d, command=[]} | ret=SUCCESS |  
2019-08-20 14:15:57,554 | INFO  | SCMAudit | user=jenkins1000 | ip=192.168.69.100 | op=SEND_HEARTBEAT {datanodeUUID=e1c8181d-fec9-4c63-b279-ecea4ae6fb4e, command=[]} | ret=SUCCESS |  
2019-08-20 14:15:57,713 | INFO  | SCMAudit | user=jenkins1000 | ip=192.168.69.100 | op=SEND_HEARTBEAT {datanodeUUID=3a7aed30-5b05-400a-aa20-51eb22baecbd, command=[]} | ret=SUCCESS |  
2019-08-20 14:15:57,732 | INFO  | SCMAudit | user=jenkins1000 | ip=192.168.69.100 | op=SEND_HEARTBEAT {datanodeUUID=713a193c-7c22-4398-8969-d8ef79c9ca0d, command=[]} | ret=SUCCESS |  
2019-08-20 14:15:57,849 [grpc-default-executor-4] INFO  client.GrpcClientProtocolClient (GrpcClientProtocolClient.java:onNext(255)) - client-74BB8EA230DA->e1c8181d-fec9-4c63-b279-ecea4ae6fb4e: receive RaftClientReply:client-74BB8EA230DA->e1c8181d-fec9-4c63-b279-ecea4ae6fb4e@group-D99EEE42CD84, cid=66, FAILED org.apache.ratis.protocol.NotLeaderException: Server e1c8181d-fec9-4c63-b279-ecea4ae6fb4e is not the leader (null). Request must be sent to leader., logIndex=0, commits[e1c8181d-fec9-4c63-b279-ecea4ae6fb4e:c-1]
2019-08-20 14:15:57,919 | INFO  | SCMAudit | user=jenkins1000 | ip=192.168.69.100 | op=SEND_HEARTBEAT {datanodeUUID=d573e1d8-8390-4409-afd7-d3779bc68bbe, command=[]} | ret=SUCCESS |  
2019-08-20 14:15:58,252 | INFO  | SCMAudit | user=jenkins1000 | ip=192.168.69.100 | op=SEND_HEARTBEAT {datanodeUUID=bfdf518d-3827-4a18-a953-b1a9cbd73588, command=[]} | ret=SUCCESS |  
2019-08-20 14:15:58,337 | INFO  | SCMAudit | user=jenkins1000 | ip=192.168.69.100 | op=SEND_HEARTBEAT {datanodeUUID=e691072e-736f-4155-b802-4eb66a703156, command=[]} | ret=SUCCESS |  
2019-08-20 14:15:58,547 | INFO  | SCMAudit | user=jenkins1000 | ip=192.168.69.100 | op=SEND_HEARTBEAT {datanodeUUID=89238edf-7113-49d9-b2af-f23b0f32d28d, command=[]} | ret=SUCCESS |  
2019-08-20 14:15:58,555 | INFO  | SCMAudit | user=jenkins1000 | ip=192.168.69.100 | op=SEND_HEARTBEAT {datanodeUUID=e1c8181d-fec9-4c63-b279-ecea4ae6fb4e, command=[]} | ret=SUCCESS |  
2019-08-20 14:15:58,618 [Thread-1400] INFO  impl.FollowerState (FollowerState.java:run(106)) - e691072e-736f-4155-b802-4eb66a703156:group-F1A29F919F8A changes to CANDIDATE, lastRpcTime:5109, electionTimeout:5109ms
2019-08-20 14:15:58,618 [Thread-1400] INFO  impl.RoleInfo (RoleInfo.java:shutdownFollowerState(121)) - e691072e-736f-4155-b802-4eb66a703156: shutdown FollowerState
2019-08-20 14:15:58,618 [Thread-1400] INFO  impl.RaftServerImpl (RaftServerImpl.java:setRole(171)) - e691072e-736f-4155-b802-4eb66a703156:group-F1A29F919F8A changes role from FOLLOWER to CANDIDATE at term 0 for changeToCandidate
2019-08-20 14:15:58,618 [Thread-1400] INFO  impl.RoleInfo (RoleInfo.java:updateAndGet(143)) - e691072e-736f-4155-b802-4eb66a703156: start LeaderElection
2019-08-20 14:15:58,650 [Thread-1403] INFO  impl.FollowerState (FollowerState.java:run(106)) - e1c8181d-fec9-4c63-b279-ecea4ae6fb4e:group-0FED80380ECB changes to CANDIDATE, lastRpcTime:5000, electionTimeout:5000ms
2019-08-20 14:15:58,650 [Thread-1403] INFO  impl.RoleInfo (RoleInfo.java:shutdownFollowerState(121)) - e1c8181d-fec9-4c63-b279-ecea4ae6fb4e: shutdown FollowerState
2019-08-20 14:15:58,650 [Thread-1403] INFO  impl.RaftServerImpl (RaftServerImpl.java:setRole(171)) - e1c8181d-fec9-4c63-b279-ecea4ae6fb4e:group-0FED80380ECB changes role from FOLLOWER to CANDIDATE at term 0 for changeToCandidate
2019-08-20 14:15:58,650 [Thread-1403] INFO  impl.RoleInfo (RoleInfo.java:updateAndGet(143)) - e1c8181d-fec9-4c63-b279-ecea4ae6fb4e: start LeaderElection
2019-08-20 14:15:58,714 | INFO  | SCMAudit | user=jenkins1000 | ip=192.168.69.100 | op=SEND_HEARTBEAT {datanodeUUID=3a7aed30-5b05-400a-aa20-51eb22baecbd, command=[]} | ret=SUCCESS |  
2019-08-20 14:15:58,732 | INFO  | SCMAudit | user=jenkins1000 | ip=192.168.69.100 | op=SEND_HEARTBEAT {datanodeUUID=713a193c-7c22-4398-8969-d8ef79c9ca0d, command=[]} | ret=SUCCESS |  
2019-08-20 14:15:58,877 [Thread-1406] INFO  impl.FollowerState (FollowerState.java:run(106)) - 713a193c-7c22-4398-8969-d8ef79c9ca0d:group-AB198B300450 changes to CANDIDATE, lastRpcTime:5082, electionTimeout:5082ms
2019-08-20 14:15:58,877 [Thread-1406] INFO  impl.RoleInfo (RoleInfo.java:shutdownFollowerState(121)) - 713a193c-7c22-4398-8969-d8ef79c9ca0d: shutdown FollowerState
2019-08-20 14:15:58,877 [Thread-1406] INFO  impl.RaftServerImpl (RaftServerImpl.java:setRole(171)) - 713a193c-7c22-4398-8969-d8ef79c9ca0d:group-AB198B300450 changes role from FOLLOWER to CANDIDATE at term 0 for changeToCandidate
2019-08-20 14:15:58,877 [Thread-1406] INFO  impl.RoleInfo (RoleInfo.java:updateAndGet(143)) - 713a193c-7c22-4398-8969-d8ef79c9ca0d: start LeaderElection
2019-08-20 14:15:58,877 [grpc-default-executor-4] INFO  client.GrpcClientProtocolClient (GrpcClientProtocolClient.java:onNext(255)) - client-74BB8EA230DA->713a193c-7c22-4398-8969-d8ef79c9ca0d: receive RaftClientReply:client-74BB8EA230DA->713a193c-7c22-4398-8969-d8ef79c9ca0d@group-D99EEE42CD84, cid=66, FAILED org.apache.ratis.protocol.NotLeaderException: Server 713a193c-7c22-4398-8969-d8ef79c9ca0d is not the leader (null). Request must be sent to leader., logIndex=0, commits[713a193c-7c22-4398-8969-d8ef79c9ca0d:c-1]
2019-08-20 14:15:58,920 | INFO  | SCMAudit | user=jenkins1000 | ip=192.168.69.100 | op=SEND_HEARTBEAT {datanodeUUID=d573e1d8-8390-4409-afd7-d3779bc68bbe, command=[]} | ret=SUCCESS |  
2019-08-20 14:15:58,921 [Thread-1412] INFO  impl.FollowerState (FollowerState.java:run(106)) - 713a193c-7c22-4398-8969-d8ef79c9ca0d:group-D99EEE42CD84 changes to CANDIDATE, lastRpcTime:5033, electionTimeout:5033ms
2019-08-20 14:15:58,921 [Thread-1412] INFO  impl.RoleInfo (RoleInfo.java:shutdownFollowerState(121)) - 713a193c-7c22-4398-8969-d8ef79c9ca0d: shutdown FollowerState
2019-08-20 14:15:58,921 [Thread-1412] INFO  impl.RaftServerImpl (RaftServerImpl.java:setRole(171)) - 713a193c-7c22-4398-8969-d8ef79c9ca0d:group-D99EEE42CD84 changes role from FOLLOWER to CANDIDATE at term 0 for changeToCandidate
2019-08-20 14:15:58,922 [Thread-1412] INFO  impl.RoleInfo (RoleInfo.java:updateAndGet(143)) - 713a193c-7c22-4398-8969-d8ef79c9ca0d: start LeaderElection
2019-08-20 14:15:59,019 [Thread-1409] INFO  impl.FollowerState (FollowerState.java:run(106)) - e1c8181d-fec9-4c63-b279-ecea4ae6fb4e:group-D99EEE42CD84 changes to CANDIDATE, lastRpcTime:5132, electionTimeout:5132ms
2019-08-20 14:15:59,019 [Thread-1409] INFO  impl.RoleInfo (RoleInfo.java:shutdownFollowerState(121)) - e1c8181d-fec9-4c63-b279-ecea4ae6fb4e: shutdown FollowerState
2019-08-20 14:15:59,019 [Thread-1409] INFO  impl.RaftServerImpl (RaftServerImpl.java:setRole(171)) - e1c8181d-fec9-4c63-b279-ecea4ae6fb4e:group-D99EEE42CD84 changes role from FOLLOWER to CANDIDATE at term 0 for changeToCandidate
2019-08-20 14:15:59,020 [Thread-1409] INFO  impl.RoleInfo (RoleInfo.java:updateAndGet(143)) - e1c8181d-fec9-4c63-b279-ecea4ae6fb4e: start LeaderElection
2019-08-20 14:15:59,059 [Thread-1415] INFO  impl.FollowerState (FollowerState.java:run(106)) - e691072e-736f-4155-b802-4eb66a703156:group-D99EEE42CD84 changes to CANDIDATE, lastRpcTime:5167, electionTimeout:5165ms
2019-08-20 14:15:59,060 [Thread-1415] INFO  impl.RoleInfo (RoleInfo.java:shutdownFollowerState(121)) - e691072e-736f-4155-b802-4eb66a703156: shutdown FollowerState
2019-08-20 14:15:59,060 [Thread-1415] INFO  impl.RaftServerImpl (RaftServerImpl.java:setRole(171)) - e691072e-736f-4155-b802-4eb66a703156:group-D99EEE42CD84 changes role from FOLLOWER to CANDIDATE at term 0 for changeToCandidate
2019-08-20 14:15:59,060 [Thread-1415] INFO  impl.RoleInfo (RoleInfo.java:updateAndGet(143)) - e691072e-736f-4155-b802-4eb66a703156: start LeaderElection
2019-08-20 14:15:59,129 [Thread-1421] INFO  impl.FollowerState (FollowerState.java:run(106)) - d573e1d8-8390-4409-afd7-d3779bc68bbe:group-2680781479DC changes to CANDIDATE, lastRpcTime:5129, electionTimeout:5129ms
2019-08-20 14:15:59,129 [Thread-1421] INFO  impl.RoleInfo (RoleInfo.java:shutdownFollowerState(121)) - d573e1d8-8390-4409-afd7-d3779bc68bbe: shutdown FollowerState
2019-08-20 14:15:59,130 [Thread-1421] INFO  impl.RaftServerImpl (RaftServerImpl.java:setRole(171)) - d573e1d8-8390-4409-afd7-d3779bc68bbe:group-2680781479DC changes role from FOLLOWER to CANDIDATE at term 0 for changeToCandidate
2019-08-20 14:15:59,130 [Thread-1421] INFO  impl.RoleInfo (RoleInfo.java:updateAndGet(143)) - d573e1d8-8390-4409-afd7-d3779bc68bbe: start LeaderElection
2019-08-20 14:15:59,252 | INFO  | SCMAudit | user=jenkins1000 | ip=192.168.69.100 | op=SEND_HEARTBEAT {datanodeUUID=bfdf518d-3827-4a18-a953-b1a9cbd73588, command=[]} | ret=SUCCESS |  
2019-08-20 14:15:59,336 | INFO  | SCMAudit | user=jenkins1000 | ip=192.168.69.100 | op=SEND_HEARTBEAT {datanodeUUID=e691072e-736f-4155-b802-4eb66a703156, command=[]} | ret=SUCCESS |  
2019-08-20 14:15:59,524 [Thread-1424] INFO  impl.FollowerState (FollowerState.java:run(106)) - bfdf518d-3827-4a18-a953-b1a9cbd73588:group-25D5D5ED3BF5 changes to CANDIDATE, lastRpcTime:5131, electionTimeout:5131ms
2019-08-20 14:15:59,524 [Thread-1424] INFO  impl.RoleInfo (RoleInfo.java:shutdownFollowerState(121)) - bfdf518d-3827-4a18-a953-b1a9cbd73588: shutdown FollowerState
2019-08-20 14:15:59,524 [Thread-1424] INFO  impl.RaftServerImpl (RaftServerImpl.java:setRole(171)) - bfdf518d-3827-4a18-a953-b1a9cbd73588:group-25D5D5ED3BF5 changes role from FOLLOWER to CANDIDATE at term 0 for changeToCandidate
2019-08-20 14:15:59,524 [Thread-1424] INFO  impl.RoleInfo (RoleInfo.java:updateAndGet(143)) - bfdf518d-3827-4a18-a953-b1a9cbd73588: start LeaderElection
2019-08-20 14:15:59,548 | INFO  | SCMAudit | user=jenkins1000 | ip=192.168.69.100 | op=SEND_HEARTBEAT {datanodeUUID=89238edf-7113-49d9-b2af-f23b0f32d28d, command=[]} | ret=SUCCESS |  
2019-08-20 14:15:59,554 | INFO  | SCMAudit | user=jenkins1000 | ip=192.168.69.100 | op=SEND_HEARTBEAT {datanodeUUID=e1c8181d-fec9-4c63-b279-ecea4ae6fb4e, command=[]} | ret=SUCCESS |  
2019-08-20 14:15:59,714 | INFO  | SCMAudit | user=jenkins1000 | ip=192.168.69.100 | op=SEND_HEARTBEAT {datanodeUUID=3a7aed30-5b05-400a-aa20-51eb22baecbd, command=[]} | ret=SUCCESS |  
2019-08-20 14:15:59,717 [Thread-1430] INFO  impl.FollowerState (FollowerState.java:run(106)) - d573e1d8-8390-4409-afd7-d3779bc68bbe:group-8E6F48566B84 changes to CANDIDATE, lastRpcTime:5032, electionTimeout:5032ms
2019-08-20 14:15:59,717 [Thread-1430] INFO  impl.RoleInfo (RoleInfo.java:shutdownFollowerState(121)) - d573e1d8-8390-4409-afd7-d3779bc68bbe: shutdown FollowerState
2019-08-20 14:15:59,718 [Thread-1430] INFO  impl.RaftServerImpl (RaftServerImpl.java:setRole(171)) - d573e1d8-8390-4409-afd7-d3779bc68bbe:group-8E6F48566B84 changes role from FOLLOWER to CANDIDATE at term 0 for changeToCandidate
2019-08-20 14:15:59,718 [Thread-1430] INFO  impl.RoleInfo (RoleInfo.java:updateAndGet(143)) - d573e1d8-8390-4409-afd7-d3779bc68bbe: start LeaderElection
2019-08-20 14:15:59,733 | INFO  | SCMAudit | user=jenkins1000 | ip=192.168.69.100 | op=SEND_HEARTBEAT {datanodeUUID=713a193c-7c22-4398-8969-d8ef79c9ca0d, command=[]} | ret=SUCCESS |  
2019-08-20 14:15:59,756 [Thread-1427] INFO  impl.FollowerState (FollowerState.java:run(106)) - 89238edf-7113-49d9-b2af-f23b0f32d28d:group-83B4AA529BB4 changes to CANDIDATE, lastRpcTime:5159, electionTimeout:5159ms
2019-08-20 14:15:59,756 [Thread-1427] INFO  impl.RoleInfo (RoleInfo.java:shutdownFollowerState(121)) - 89238edf-7113-49d9-b2af-f23b0f32d28d: shutdown FollowerState
2019-08-20 14:15:59,756 [Thread-1427] INFO  impl.RaftServerImpl (RaftServerImpl.java:setRole(171)) - 89238edf-7113-49d9-b2af-f23b0f32d28d:group-83B4AA529BB4 changes role from FOLLOWER to CANDIDATE at term 0 for changeToCandidate
2019-08-20 14:15:59,756 [Thread-1427] INFO  impl.RoleInfo (RoleInfo.java:updateAndGet(143)) - 89238edf-7113-49d9-b2af-f23b0f32d28d: start LeaderElection
2019-08-20 14:15:59,760 [Thread-1435] INFO  impl.FollowerState (FollowerState.java:run(106)) - 89238edf-7113-49d9-b2af-f23b0f32d28d:group-8E6F48566B84 changes to CANDIDATE, lastRpcTime:5071, electionTimeout:5071ms
2019-08-20 14:15:59,760 [Thread-1435] INFO  impl.RoleInfo (RoleInfo.java:shutdownFollowerState(121)) - 89238edf-7113-49d9-b2af-f23b0f32d28d: shutdown FollowerState
2019-08-20 14:15:59,760 [Thread-1435] INFO  impl.RaftServerImpl (RaftServerImpl.java:setRole(171)) - 89238edf-7113-49d9-b2af-f23b0f32d28d:group-8E6F48566B84 changes role from FOLLOWER to CANDIDATE at term 0 for changeToCandidate
2019-08-20 14:15:59,760 [Thread-1435] INFO  impl.RoleInfo (RoleInfo.java:updateAndGet(143)) - 89238edf-7113-49d9-b2af-f23b0f32d28d: start LeaderElection
2019-08-20 14:15:59,766 [Thread-1434] INFO  impl.FollowerState (FollowerState.java:run(106)) - bfdf518d-3827-4a18-a953-b1a9cbd73588:group-8E6F48566B84 changes to CANDIDATE, lastRpcTime:5079, electionTimeout:5079ms
2019-08-20 14:15:59,767 [Thread-1434] INFO  impl.RoleInfo (RoleInfo.java:shutdownFollowerState(121)) - bfdf518d-3827-4a18-a953-b1a9cbd73588: shutdown FollowerState
2019-08-20 14:15:59,767 [Thread-1434] INFO  impl.RaftServerImpl (RaftServerImpl.java:setRole(171)) - bfdf518d-3827-4a18-a953-b1a9cbd73588:group-8E6F48566B84 changes role from FOLLOWER to CANDIDATE at term 0 for changeToCandidate
2019-08-20 14:15:59,767 [Thread-1434] INFO  impl.RoleInfo (RoleInfo.java:updateAndGet(143)) - bfdf518d-3827-4a18-a953-b1a9cbd73588: start LeaderElection
2019-08-20 14:15:59,810 [Thread-1439] INFO  impl.FollowerState (FollowerState.java:run(106)) - 3a7aed30-5b05-400a-aa20-51eb22baecbd:group-A7C1DEC82590 changes to CANDIDATE, lastRpcTime:5048, electionTimeout:5048ms
2019-08-20 14:15:59,810 [Thread-1439] INFO  impl.RoleInfo (RoleInfo.java:shutdownFollowerState(121)) - 3a7aed30-5b05-400a-aa20-51eb22baecbd: shutdown FollowerState
2019-08-20 14:15:59,810 [Thread-1439] INFO  impl.RaftServerImpl (RaftServerImpl.java:setRole(171)) - 3a7aed30-5b05-400a-aa20-51eb22baecbd:group-A7C1DEC82590 changes role from FOLLOWER to CANDIDATE at term 0 for changeToCandidate
2019-08-20 14:15:59,810 [Thread-1439] INFO  impl.RoleInfo (RoleInfo.java:updateAndGet(143)) - 3a7aed30-5b05-400a-aa20-51eb22baecbd: start LeaderElection
2019-08-20 14:15:59,907 [grpc-default-executor-2] INFO  client.GrpcClientProtocolClient (GrpcClientProtocolClient.java:onNext(255)) - client-74BB8EA230DA->e1c8181d-fec9-4c63-b279-ecea4ae6fb4e: receive RaftClientReply:client-74BB8EA230DA->e1c8181d-fec9-4c63-b279-ecea4ae6fb4e@group-D99EEE42CD84, cid=66, FAILED org.apache.ratis.protocol.NotLeaderException: Server e1c8181d-fec9-4c63-b279-ecea4ae6fb4e is not the leader (null). Request must be sent to leader., logIndex=0, commits[e1c8181d-fec9-4c63-b279-ecea4ae6fb4e:c-1]
2019-08-20 14:15:59,919 | INFO  | SCMAudit | user=jenkins1000 | ip=192.168.69.100 | op=SEND_HEARTBEAT {datanodeUUID=d573e1d8-8390-4409-afd7-d3779bc68bbe, command=[]} | ret=SUCCESS |  
2019-08-20 14:16:00,252 | INFO  | SCMAudit | user=jenkins1000 | ip=192.168.69.100 | op=SEND_HEARTBEAT {datanodeUUID=bfdf518d-3827-4a18-a953-b1a9cbd73588, command=[]} | ret=SUCCESS |  
2019-08-20 14:16:00,256 [d573e1d8-8390-4409-afd7-d3779bc68bbe:group-2680781479DC:LeaderElection34] INFO  impl.LeaderElection (LeaderElection.java:askForVotes(181)) - d573e1d8-8390-4409-afd7-d3779bc68bbe:group-2680781479DC:LeaderElection34: begin an election at term 1 for -1: [d573e1d8-8390-4409-afd7-d3779bc68bbe:192.168.69.100:43226], old=null
2019-08-20 14:16:00,256 [713a193c-7c22-4398-8969-d8ef79c9ca0d:group-D99EEE42CD84:LeaderElection31] INFO  impl.LeaderElection (LeaderElection.java:askForVotes(181)) - 713a193c-7c22-4398-8969-d8ef79c9ca0d:group-D99EEE42CD84:LeaderElection31: begin an election at term 1 for -1: [e1c8181d-fec9-4c63-b279-ecea4ae6fb4e:192.168.69.100:35006, e691072e-736f-4155-b802-4eb66a703156:192.168.69.100:44602, 713a193c-7c22-4398-8969-d8ef79c9ca0d:192.168.69.100:41065], old=null
2019-08-20 14:16:00,257 [713a193c-7c22-4398-8969-d8ef79c9ca0d:group-AB198B300450:LeaderElection30] INFO  impl.LeaderElection (LeaderElection.java:askForVotes(181)) - 713a193c-7c22-4398-8969-d8ef79c9ca0d:group-AB198B300450:LeaderElection30: begin an election at term 1 for -1: [713a193c-7c22-4398-8969-d8ef79c9ca0d:192.168.69.100:41065], old=null
2019-08-20 14:16:00,257 [d573e1d8-8390-4409-afd7-d3779bc68bbe:group-2680781479DC:LeaderElection34] INFO  impl.RoleInfo (RoleInfo.java:shutdownLeaderElection(134)) - d573e1d8-8390-4409-afd7-d3779bc68bbe: shutdown LeaderElection
2019-08-20 14:16:00,257 [e691072e-736f-4155-b802-4eb66a703156:group-F1A29F919F8A:LeaderElection28] INFO  impl.LeaderElection (LeaderElection.java:askForVotes(181)) - e691072e-736f-4155-b802-4eb66a703156:group-F1A29F919F8A:LeaderElection28: begin an election at term 1 for -1: [e691072e-736f-4155-b802-4eb66a703156:192.168.69.100:44602], old=null
2019-08-20 14:16:00,257 [bfdf518d-3827-4a18-a953-b1a9cbd73588:group-25D5D5ED3BF5:LeaderElection35] INFO  impl.LeaderElection (LeaderElection.java:askForVotes(181)) - bfdf518d-3827-4a18-a953-b1a9cbd73588:group-25D5D5ED3BF5:LeaderElection35: begin an election at term 1 for -1: [bfdf518d-3827-4a18-a953-b1a9cbd73588:192.168.69.100:33445], old=null
2019-08-20 14:16:00,257 [e691072e-736f-4155-b802-4eb66a703156:group-D99EEE42CD84:LeaderElection33] INFO  impl.LeaderElection (LeaderElection.java:askForVotes(181)) - e691072e-736f-4155-b802-4eb66a703156:group-D99EEE42CD84:LeaderElection33: begin an election at term 1 for -1: [e1c8181d-fec9-4c63-b279-ecea4ae6fb4e:192.168.69.100:35006, e691072e-736f-4155-b802-4eb66a703156:192.168.69.100:44602, 713a193c-7c22-4398-8969-d8ef79c9ca0d:192.168.69.100:41065], old=null
2019-08-20 14:16:00,256 [e1c8181d-fec9-4c63-b279-ecea4ae6fb4e:group-D99EEE42CD84:LeaderElection32] INFO  impl.LeaderElection (LeaderElection.java:askForVotes(181)) - e1c8181d-fec9-4c63-b279-ecea4ae6fb4e:group-D99EEE42CD84:LeaderElection32: begin an election at term 1 for -1: [e1c8181d-fec9-4c63-b279-ecea4ae6fb4e:192.168.69.100:35006, e691072e-736f-4155-b802-4eb66a703156:192.168.69.100:44602, 713a193c-7c22-4398-8969-d8ef79c9ca0d:192.168.69.100:41065], old=null
2019-08-20 14:16:00,257 [e1c8181d-fec9-4c63-b279-ecea4ae6fb4e:group-0FED80380ECB:LeaderElection29] INFO  impl.LeaderElection (LeaderElection.java:askForVotes(181)) - e1c8181d-fec9-4c63-b279-ecea4ae6fb4e:group-0FED80380ECB:LeaderElection29: begin an election at term 1 for -1: [e1c8181d-fec9-4c63-b279-ecea4ae6fb4e:192.168.69.100:35006], old=null
2019-08-20 14:16:00,258 [e1c8181d-fec9-4c63-b279-ecea4ae6fb4e:group-0FED80380ECB:LeaderElection29] INFO  impl.RoleInfo (RoleInfo.java:shutdownLeaderElection(134)) - e1c8181d-fec9-4c63-b279-ecea4ae6fb4e: shutdown LeaderElection
2019-08-20 14:16:00,257 [bfdf518d-3827-4a18-a953-b1a9cbd73588:group-25D5D5ED3BF5:LeaderElection35] INFO  impl.RoleInfo (RoleInfo.java:shutdownLeaderElection(134)) - bfdf518d-3827-4a18-a953-b1a9cbd73588: shutdown LeaderElection
2019-08-20 14:16:00,259 [bfdf518d-3827-4a18-a953-b1a9cbd73588:group-25D5D5ED3BF5:LeaderElection35] INFO  impl.RaftServerImpl (RaftServerImpl.java:setRole(171)) - bfdf518d-3827-4a18-a953-b1a9cbd73588:group-25D5D5ED3BF5 changes role from CANDIDATE to LEADER at term 1 for changeToLeader
2019-08-20 14:16:00,257 [e691072e-736f-4155-b802-4eb66a703156:group-F1A29F919F8A:LeaderElection28] INFO  impl.RoleInfo (RoleInfo.java:shutdownLeaderElection(134)) - e691072e-736f-4155-b802-4eb66a703156: shutdown LeaderElection
2019-08-20 14:16:00,257 [d573e1d8-8390-4409-afd7-d3779bc68bbe:group-2680781479DC:LeaderElection34] INFO  impl.RaftServerImpl (RaftServerImpl.java:setRole(171)) - d573e1d8-8390-4409-afd7-d3779bc68bbe:group-2680781479DC changes role from CANDIDATE to LEADER at term 1 for changeToLeader
2019-08-20 14:16:00,259 [d573e1d8-8390-4409-afd7-d3779bc68bbe:group-2680781479DC:LeaderElection34] INFO  impl.RaftServerImpl (ServerState.java:setLeader(263)) - d573e1d8-8390-4409-afd7-d3779bc68bbe:group-2680781479DC change Leader from null to d573e1d8-8390-4409-afd7-d3779bc68bbe at term 1 for becomeLeader, leader elected after 6262ms
2019-08-20 14:16:00,260 [d573e1d8-8390-4409-afd7-d3779bc68bbe:group-2680781479DC:LeaderElection34] INFO  server.RaftServerConfigKeys (ConfUtils.java:logGet(43)) - raft.server.staging.catchup.gap = 1000 (default)
2019-08-20 14:16:00,260 [d573e1d8-8390-4409-afd7-d3779bc68bbe:group-2680781479DC:LeaderElection34] INFO  server.RaftServerConfigKeys (ConfUtils.java:logGet(43)) - raft.server.rpc.sleep.time = 25ms (default)
2019-08-20 14:16:00,260 [d573e1d8-8390-4409-afd7-d3779bc68bbe:group-2680781479DC:LeaderElection34] INFO  server.RaftServerConfigKeys (ConfUtils.java:logGet(43)) - raft.server.write.element-limit = 4096 (default)
2019-08-20 14:16:00,260 [d573e1d8-8390-4409-afd7-d3779bc68bbe:group-2680781479DC:LeaderElection34] INFO  server.RaftServerConfigKeys (ConfUtils.java:logGet(43)) - raft.server.watch.timeout = 10s (default)
2019-08-20 14:16:00,261 [d573e1d8-8390-4409-afd7-d3779bc68bbe:group-2680781479DC:LeaderElection34] INFO  server.RaftServerConfigKeys (ConfUtils.java:logGet(43)) - raft.server.watch.timeout.denomination = 1s (default)
2019-08-20 14:16:00,261 [d573e1d8-8390-4409-afd7-d3779bc68bbe:group-2680781479DC:LeaderElection34] INFO  server.RaftServerConfigKeys (ConfUtils.java:logGet(43)) - raft.server.watch.element-limit = 65536 (default)
2019-08-20 14:16:00,257 [713a193c-7c22-4398-8969-d8ef79c9ca0d:group-AB198B300450:LeaderElection30] INFO  impl.RoleInfo (RoleInfo.java:shutdownLeaderElection(134)) - 713a193c-7c22-4398-8969-d8ef79c9ca0d: shutdown LeaderElection
2019-08-20 14:16:00,259 [e691072e-736f-4155-b802-4eb66a703156:group-F1A29F919F8A:LeaderElection28] INFO  impl.RaftServerImpl (RaftServerImpl.java:setRole(171)) - e691072e-736f-4155-b802-4eb66a703156:group-F1A29F919F8A changes role from CANDIDATE to LEADER at term 1 for changeToLeader
2019-08-20 14:16:00,259 [bfdf518d-3827-4a18-a953-b1a9cbd73588:group-25D5D5ED3BF5:LeaderElection35] INFO  impl.RaftServerImpl (ServerState.java:setLeader(263)) - bfdf518d-3827-4a18-a953-b1a9cbd73588:group-25D5D5ED3BF5 change Leader from null to bfdf518d-3827-4a18-a953-b1a9cbd73588 at term 1 for becomeLeader, leader elected after 5870ms
2019-08-20 14:16:00,258 [e1c8181d-fec9-4c63-b279-ecea4ae6fb4e:group-0FED80380ECB:LeaderElection29] INFO  impl.RaftServerImpl (RaftServerImpl.java:setRole(171)) - e1c8181d-fec9-4c63-b279-ecea4ae6fb4e:group-0FED80380ECB changes role from CANDIDATE to LEADER at term 1 for changeToLeader
2019-08-20 14:16:00,270 [bfdf518d-3827-4a18-a953-b1a9cbd73588:group-25D5D5ED3BF5:LeaderElection35] INFO  server.RaftServerConfigKeys (ConfUtils.java:logGet(43)) - raft.server.staging.catchup.gap = 1000 (default)
2019-08-20 14:16:00,269 [e691072e-736f-4155-b802-4eb66a703156:group-F1A29F919F8A:LeaderElection28] INFO  impl.RaftServerImpl (ServerState.java:setLeader(263)) - e691072e-736f-4155-b802-4eb66a703156:group-F1A29F919F8A change Leader from null to e691072e-736f-4155-b802-4eb66a703156 at term 1 for becomeLeader, leader elected after 6764ms
2019-08-20 14:16:00,269 [d573e1d8-8390-4409-afd7-d3779bc68bbe:group-2680781479DC:LeaderElection34] INFO  impl.RoleInfo (RoleInfo.java:updateAndGet(143)) - d573e1d8-8390-4409-afd7-d3779bc68bbe: start LeaderState
2019-08-20 14:16:00,269 [713a193c-7c22-4398-8969-d8ef79c9ca0d:group-AB198B300450:LeaderElection30] INFO  impl.RaftServerImpl (RaftServerImpl.java:setRole(171)) - 713a193c-7c22-4398-8969-d8ef79c9ca0d:group-AB198B300450 changes role from CANDIDATE to LEADER at term 1 for changeToLeader
2019-08-20 14:16:00,274 [e691072e-736f-4155-b802-4eb66a703156:group-F1A29F919F8A:LeaderElection28] INFO  server.RaftServerConfigKeys (ConfUtils.java:logGet(43)) - raft.server.staging.catchup.gap = 1000 (default)
2019-08-20 14:16:00,272 [bfdf518d-3827-4a18-a953-b1a9cbd73588:group-25D5D5ED3BF5:LeaderElection35] INFO  server.RaftServerConfigKeys (ConfUtils.java:logGet(43)) - raft.server.rpc.sleep.time = 25ms (default)
2019-08-20 14:16:00,272 [e1c8181d-fec9-4c63-b279-ecea4ae6fb4e:group-0FED80380ECB:LeaderElection29] INFO  impl.RaftServerImpl (ServerState.java:setLeader(263)) - e1c8181d-fec9-4c63-b279-ecea4ae6fb4e:group-0FED80380ECB change Leader from null to e1c8181d-fec9-4c63-b279-ecea4ae6fb4e at term 1 for becomeLeader, leader elected after 6627ms
2019-08-20 14:16:00,276 [bfdf518d-3827-4a18-a953-b1a9cbd73588:group-25D5D5ED3BF5:LeaderElection35] INFO  server.RaftServerConfigKeys (ConfUtils.java:logGet(43)) - raft.server.write.element-limit = 4096 (default)
2019-08-20 14:16:00,276 [e691072e-736f-4155-b802-4eb66a703156:group-F1A29F919F8A:LeaderElection28] INFO  server.RaftServerConfigKeys (ConfUtils.java:logGet(43)) - raft.server.rpc.sleep.time = 25ms (default)
2019-08-20 14:16:00,276 [d573e1d8-8390-4409-afd7-d3779bc68bbe:group-2680781479DC:LeaderElection34] INFO  segmented.SegmentedRaftLogWorker (SegmentedRaftLogWorker.java:startLogSegment(380)) - d573e1d8-8390-4409-afd7-d3779bc68bbe-SegmentedRaftLogWorker:Storage Directory /workdir/hadoop-ozone/integration-test/target/test-dir/MiniOzoneClusterImpl-e0f456b9-34a0-4c6d-b797-d774b2610ec7/datanode-3/data/ratis/3ce994b1-45d1-4597-9a73-2680781479dc: Starting segment from index:0
2019-08-20 14:16:00,276 [713a193c-7c22-4398-8969-d8ef79c9ca0d:group-AB198B300450:LeaderElection30] INFO  impl.RaftServerImpl (ServerState.java:setLeader(263)) - 713a193c-7c22-4398-8969-d8ef79c9ca0d:group-AB198B300450 change Leader from null to 713a193c-7c22-4398-8969-d8ef79c9ca0d at term 1 for becomeLeader, leader elected after 6484ms
2019-08-20 14:16:00,283 [e691072e-736f-4155-b802-4eb66a703156:group-F1A29F919F8A:LeaderElection28] INFO  server.RaftServerConfigKeys (ConfUtils.java:logGet(43)) - raft.server.write.element-limit = 4096 (default)
2019-08-20 14:16:00,283 [bfdf518d-3827-4a18-a953-b1a9cbd73588:group-25D5D5ED3BF5:LeaderElection35] INFO  server.RaftServerConfigKeys (ConfUtils.java:logGet(43)) - raft.server.watch.timeout = 10s (default)
2019-08-20 14:16:00,286 [d573e1d8-8390-4409-afd7-d3779bc68bbe:group-2680781479DC:LeaderElection34] INFO  impl.RaftServerImpl (ServerState.java:setRaftConf(361)) - d573e1d8-8390-4409-afd7-d3779bc68bbe:group-2680781479DC set configuration 0: [d573e1d8-8390-4409-afd7-d3779bc68bbe:192.168.69.100:43226], old=null at 0
2019-08-20 14:16:00,283 [e1c8181d-fec9-4c63-b279-ecea4ae6fb4e:group-0FED80380ECB:LeaderElection29] INFO  server.RaftServerConfigKeys (ConfUtils.java:logGet(43)) - raft.server.staging.catchup.gap = 1000 (default)
2019-08-20 14:16:00,286 [bfdf518d-3827-4a18-a953-b1a9cbd73588:group-25D5D5ED3BF5:LeaderElection35] INFO  server.RaftServerConfigKeys (ConfUtils.java:logGet(43)) - raft.server.watch.timeout.denomination = 1s (default)
2019-08-20 14:16:00,285 [e691072e-736f-4155-b802-4eb66a703156:group-F1A29F919F8A:LeaderElection28] INFO  server.RaftServerConfigKeys (ConfUtils.java:logGet(43)) - raft.server.watch.timeout = 10s (default)
2019-08-20 14:16:00,285 [713a193c-7c22-4398-8969-d8ef79c9ca0d:group-AB198B300450:LeaderElection30] INFO  server.RaftServerConfigKeys (ConfUtils.java:logGet(43)) - raft.server.staging.catchup.gap = 1000 (default)
2019-08-20 14:16:00,286 [e691072e-736f-4155-b802-4eb66a703156:group-F1A29F919F8A:LeaderElection28] INFO  server.RaftServerConfigKeys (ConfUtils.java:logGet(43)) - raft.server.watch.timeout.denomination = 1s (default)
2019-08-20 14:16:00,286 [bfdf518d-3827-4a18-a953-b1a9cbd73588:group-25D5D5ED3BF5:LeaderElection35] INFO  server.RaftServerConfigKeys (ConfUtils.java:logGet(43)) - raft.server.watch.element-limit = 65536 (default)
2019-08-20 14:16:00,286 [e1c8181d-fec9-4c63-b279-ecea4ae6fb4e:group-0FED80380ECB:LeaderElection29] INFO  server.RaftServerConfigKeys (ConfUtils.java:logGet(43)) - raft.server.rpc.sleep.time = 25ms (default)
2019-08-20 14:16:00,286 [e691072e-736f-4155-b802-4eb66a703156:group-F1A29F919F8A:LeaderElection28] INFO  server.RaftServerConfigKeys (ConfUtils.java:logGet(43)) - raft.server.watch.element-limit = 65536 (default)
2019-08-20 14:16:00,286 [713a193c-7c22-4398-8969-d8ef79c9ca0d:group-AB198B300450:LeaderElection30] INFO  server.RaftServerConfigKeys (ConfUtils.java:logGet(43)) - raft.server.rpc.sleep.time = 25ms (default)
2019-08-20 14:16:00,286 [713a193c-7c22-4398-8969-d8ef79c9ca0d:group-D99EEE42CD84:LeaderElection31] INFO  impl.LeaderElection (LeaderElection.java:logAndReturn(56)) - 713a193c-7c22-4398-8969-d8ef79c9ca0d:group-D99EEE42CD84:LeaderElection31: Election REJECTED; received 2 response(s) [713a193c-7c22-4398-8969-d8ef79c9ca0d<-e1c8181d-fec9-4c63-b279-ecea4ae6fb4e#0:FAIL-t1, 713a193c-7c22-4398-8969-d8ef79c9ca0d<-e691072e-736f-4155-b802-4eb66a703156#0:FAIL-t1] and 0 exception(s); 713a193c-7c22-4398-8969-d8ef79c9ca0d:t1, leader=null, voted=713a193c-7c22-4398-8969-d8ef79c9ca0d, raftlog=713a193c-7c22-4398-8969-d8ef79c9ca0d-SegmentedRaftLog:OPENED:c-1,f-1,i0, conf=-1: [e1c8181d-fec9-4c63-b279-ecea4ae6fb4e:192.168.69.100:35006, e691072e-736f-4155-b802-4eb66a703156:192.168.69.100:44602, 713a193c-7c22-4398-8969-d8ef79c9ca0d:192.168.69.100:41065], old=null
2019-08-20 14:16:00,287 [713a193c-7c22-4398-8969-d8ef79c9ca0d:group-AB198B300450:LeaderElection30] INFO  server.RaftServerConfigKeys (ConfUtils.java:logGet(43)) - raft.server.write.element-limit = 4096 (default)
2019-08-20 14:16:00,287 [e691072e-736f-4155-b802-4eb66a703156:group-F1A29F919F8A:LeaderElection28] INFO  impl.RoleInfo (RoleInfo.java:updateAndGet(143)) - e691072e-736f-4155-b802-4eb66a703156: start LeaderState
2019-08-20 14:16:00,286 [e1c8181d-fec9-4c63-b279-ecea4ae6fb4e:group-0FED80380ECB:LeaderElection29] INFO  server.RaftServerConfigKeys (ConfUtils.java:logGet(43)) - raft.server.write.element-limit = 4096 (default)
2019-08-20 14:16:00,286 [bfdf518d-3827-4a18-a953-b1a9cbd73588:group-25D5D5ED3BF5:LeaderElection35] INFO  impl.RoleInfo (RoleInfo.java:updateAndGet(143)) - bfdf518d-3827-4a18-a953-b1a9cbd73588: start LeaderState
2019-08-20 14:16:00,289 [e1c8181d-fec9-4c63-b279-ecea4ae6fb4e:group-0FED80380ECB:LeaderElection29] INFO  server.RaftServerConfigKeys (ConfUtils.java:logGet(43)) - raft.server.watch.timeout = 10s (default)
2019-08-20 14:16:00,289 [e691072e-736f-4155-b802-4eb66a703156:group-F1A29F919F8A:LeaderElection28] INFO  segmented.SegmentedRaftLogWorker (SegmentedRaftLogWorker.java:startLogSegment(380)) - e691072e-736f-4155-b802-4eb66a703156-SegmentedRaftLogWorker:Storage Directory /workdir/hadoop-ozone/integration-test/target/test-dir/MiniOzoneClusterImpl-e0f456b9-34a0-4c6d-b797-d774b2610ec7/datanode-0/data/ratis/10fdec8f-1207-43fa-ae58-f1a29f919f8a: Starting segment from index:0
2019-08-20 14:16:00,289 [713a193c-7c22-4398-8969-d8ef79c9ca0d:group-AB198B300450:LeaderElection30] INFO  server.RaftServerConfigKeys (ConfUtils.java:logGet(43)) - raft.server.watch.timeout = 10s (default)
2019-08-20 14:16:00,289 [713a193c-7c22-4398-8969-d8ef79c9ca0d:group-D99EEE42CD84:LeaderElection31] INFO  impl.RaftServerImpl (RaftServerImpl.java:setRole(171)) - 713a193c-7c22-4398-8969-d8ef79c9ca0d:group-D99EEE42CD84 changes role from CANDIDATE to FOLLOWER at term 1 for DISCOVERED_A_NEW_TERM
2019-08-20 14:16:00,293 [e691072e-736f-4155-b802-4eb66a703156:group-F1A29F919F8A:LeaderElection28] INFO  impl.RaftServerImpl (ServerState.java:setRaftConf(361)) - e691072e-736f-4155-b802-4eb66a703156:group-F1A29F919F8A set configuration 0: [e691072e-736f-4155-b802-4eb66a703156:192.168.69.100:44602], old=null at 0
2019-08-20 14:16:00,293 [e1c8181d-fec9-4c63-b279-ecea4ae6fb4e:group-D99EEE42CD84:LeaderElection32] INFO  impl.LeaderElection (LeaderElection.java:logAndReturn(56)) - e1c8181d-fec9-4c63-b279-ecea4ae6fb4e:group-D99EEE42CD84:LeaderElection32: Election REJECTED; received 2 response(s) [e1c8181d-fec9-4c63-b279-ecea4ae6fb4e<-713a193c-7c22-4398-8969-d8ef79c9ca0d#0:FAIL-t1, e1c8181d-fec9-4c63-b279-ecea4ae6fb4e<-e691072e-736f-4155-b802-4eb66a703156#0:FAIL-t1] and 0 exception(s); e1c8181d-fec9-4c63-b279-ecea4ae6fb4e:t1, leader=null, voted=e1c8181d-fec9-4c63-b279-ecea4ae6fb4e, raftlog=e1c8181d-fec9-4c63-b279-ecea4ae6fb4e-SegmentedRaftLog:OPENED:c-1,f-1,i0, conf=-1: [e1c8181d-fec9-4c63-b279-ecea4ae6fb4e:192.168.69.100:35006, e691072e-736f-4155-b802-4eb66a703156:192.168.69.100:44602, 713a193c-7c22-4398-8969-d8ef79c9ca0d:192.168.69.100:41065], old=null
2019-08-20 14:16:00,293 [713a193c-7c22-4398-8969-d8ef79c9ca0d:group-AB198B300450:LeaderElection30] INFO  server.RaftServerConfigKeys (ConfUtils.java:logGet(43)) - raft.server.watch.timeout.denomination = 1s (default)
2019-08-20 14:16:00,293 [e1c8181d-fec9-4c63-b279-ecea4ae6fb4e:group-0FED80380ECB:LeaderElection29] INFO  server.RaftServerConfigKeys (ConfUtils.java:logGet(43)) - raft.server.watch.timeout.denomination = 1s (default)
2019-08-20 14:16:00,293 [bfdf518d-3827-4a18-a953-b1a9cbd73588:group-25D5D5ED3BF5:LeaderElection35] INFO  segmented.SegmentedRaftLogWorker (SegmentedRaftLogWorker.java:startLogSegment(380)) - bfdf518d-3827-4a18-a953-b1a9cbd73588-SegmentedRaftLogWorker:Storage Directory /workdir/hadoop-ozone/integration-test/target/test-dir/MiniOzoneClusterImpl-e0f456b9-34a0-4c6d-b797-d774b2610ec7/datanode-4/data/ratis/f6ffba87-f0f1-44dd-bafd-25d5d5ed3bf5: Starting segment from index:0
2019-08-20 14:16:00,294 [e1c8181d-fec9-4c63-b279-ecea4ae6fb4e:group-0FED80380ECB:LeaderElection29] INFO  server.RaftServerConfigKeys (ConfUtils.java:logGet(43)) - raft.server.watch.element-limit = 65536 (default)
2019-08-20 14:16:00,294 [713a193c-7c22-4398-8969-d8ef79c9ca0d:group-AB198B300450:LeaderElection30] INFO  server.RaftServerConfigKeys (ConfUtils.java:logGet(43)) - raft.server.watch.element-limit = 65536 (default)
2019-08-20 14:16:00,293 [e1c8181d-fec9-4c63-b279-ecea4ae6fb4e:group-D99EEE42CD84:LeaderElection32] INFO  impl.RaftServerImpl (RaftServerImpl.java:setRole(171)) - e1c8181d-fec9-4c63-b279-ecea4ae6fb4e:group-D99EEE42CD84 changes role from CANDIDATE to FOLLOWER at term 1 for DISCOVERED_A_NEW_TERM
2019-08-20 14:16:00,293 [713a193c-7c22-4398-8969-d8ef79c9ca0d:group-D99EEE42CD84:LeaderElection31] INFO  impl.RoleInfo (RoleInfo.java:shutdownLeaderElection(134)) - 713a193c-7c22-4398-8969-d8ef79c9ca0d: shutdown LeaderElection
2019-08-20 14:16:00,294 [e1c8181d-fec9-4c63-b279-ecea4ae6fb4e:group-D99EEE42CD84:LeaderElection32] INFO  impl.RoleInfo (RoleInfo.java:shutdownLeaderElection(134)) - e1c8181d-fec9-4c63-b279-ecea4ae6fb4e: shutdown LeaderElection
2019-08-20 14:16:00,294 [713a193c-7c22-4398-8969-d8ef79c9ca0d:group-AB198B300450:LeaderElection30] INFO  impl.RoleInfo (RoleInfo.java:updateAndGet(143)) - 713a193c-7c22-4398-8969-d8ef79c9ca0d: start LeaderState
2019-08-20 14:16:00,294 [e1c8181d-fec9-4c63-b279-ecea4ae6fb4e:group-0FED80380ECB:LeaderElection29] INFO  impl.RoleInfo (RoleInfo.java:updateAndGet(143)) - e1c8181d-fec9-4c63-b279-ecea4ae6fb4e: start LeaderState
2019-08-20 14:16:00,294 [bfdf518d-3827-4a18-a953-b1a9cbd73588:group-25D5D5ED3BF5:LeaderElection35] INFO  impl.RaftServerImpl (ServerState.java:setRaftConf(361)) - bfdf518d-3827-4a18-a953-b1a9cbd73588:group-25D5D5ED3BF5 set configuration 0: [bfdf518d-3827-4a18-a953-b1a9cbd73588:192.168.69.100:33445], old=null at 0
2019-08-20 14:16:00,295 [e1c8181d-fec9-4c63-b279-ecea4ae6fb4e:group-0FED80380ECB:LeaderElection29] INFO  segmented.SegmentedRaftLogWorker (SegmentedRaftLogWorker.java:startLogSegment(380)) - e1c8181d-fec9-4c63-b279-ecea4ae6fb4e-SegmentedRaftLogWorker:Storage Directory /workdir/hadoop-ozone/integration-test/target/test-dir/MiniOzoneClusterImpl-e0f456b9-34a0-4c6d-b797-d774b2610ec7/datanode-1/data/ratis/caa6dcc0-2173-490b-8d3b-0fed80380ecb: Starting segment from index:0
2019-08-20 14:16:00,295 [713a193c-7c22-4398-8969-d8ef79c9ca0d:group-AB198B300450:LeaderElection30] INFO  segmented.SegmentedRaftLogWorker (SegmentedRaftLogWorker.java:startLogSegment(380)) - 713a193c-7c22-4398-8969-d8ef79c9ca0d-SegmentedRaftLogWorker:Storage Directory /workdir/hadoop-ozone/integration-test/target/test-dir/MiniOzoneClusterImpl-e0f456b9-34a0-4c6d-b797-d774b2610ec7/datanode-2/data/ratis/a87dec92-0caf-496b-83a4-ab198b300450: Starting segment from index:0
2019-08-20 14:16:00,294 [e1c8181d-fec9-4c63-b279-ecea4ae6fb4e:group-D99EEE42CD84:LeaderElection32] INFO  impl.RoleInfo (RoleInfo.java:updateAndGet(143)) - e1c8181d-fec9-4c63-b279-ecea4ae6fb4e: start FollowerState
2019-08-20 14:16:00,294 [713a193c-7c22-4398-8969-d8ef79c9ca0d:group-D99EEE42CD84:LeaderElection31] INFO  impl.RoleInfo (RoleInfo.java:updateAndGet(143)) - 713a193c-7c22-4398-8969-d8ef79c9ca0d: start FollowerState
2019-08-20 14:16:00,295 [e1c8181d-fec9-4c63-b279-ecea4ae6fb4e:group-0FED80380ECB:LeaderElection29] INFO  impl.RaftServerImpl (ServerState.java:setRaftConf(361)) - e1c8181d-fec9-4c63-b279-ecea4ae6fb4e:group-0FED80380ECB set configuration 0: [e1c8181d-fec9-4c63-b279-ecea4ae6fb4e:192.168.69.100:35006], old=null at 0
2019-08-20 14:16:00,295 [713a193c-7c22-4398-8969-d8ef79c9ca0d:group-AB198B300450:LeaderElection30] INFO  impl.RaftServerImpl (ServerState.java:setRaftConf(361)) - 713a193c-7c22-4398-8969-d8ef79c9ca0d:group-AB198B300450 set configuration 0: [713a193c-7c22-4398-8969-d8ef79c9ca0d:192.168.69.100:41065], old=null at 0
2019-08-20 14:16:00,298 [e691072e-736f-4155-b802-4eb66a703156:group-D99EEE42CD84:LeaderElection33] INFO  impl.LeaderElection (LeaderElection.java:logAndReturn(56)) - e691072e-736f-4155-b802-4eb66a703156:group-D99EEE42CD84:LeaderElection33: Election REJECTED; received 2 response(s) [e691072e-736f-4155-b802-4eb66a703156<-e1c8181d-fec9-4c63-b279-ecea4ae6fb4e#0:FAIL-t1, e691072e-736f-4155-b802-4eb66a703156<-713a193c-7c22-4398-8969-d8ef79c9ca0d#0:FAIL-t1] and 0 exception(s); e691072e-736f-4155-b802-4eb66a703156:t1, leader=null, voted=e691072e-736f-4155-b802-4eb66a703156, raftlog=e691072e-736f-4155-b802-4eb66a703156-SegmentedRaftLog:OPENED:c-1,f-1,i0, conf=-1: [e1c8181d-fec9-4c63-b279-ecea4ae6fb4e:192.168.69.100:35006, e691072e-736f-4155-b802-4eb66a703156:192.168.69.100:44602, 713a193c-7c22-4398-8969-d8ef79c9ca0d:192.168.69.100:41065], old=null
2019-08-20 14:16:00,298 [e691072e-736f-4155-b802-4eb66a703156:group-D99EEE42CD84:LeaderElection33] INFO  impl.RaftServerImpl (RaftServerImpl.java:setRole(171)) - e691072e-736f-4155-b802-4eb66a703156:group-D99EEE42CD84 changes role from CANDIDATE to FOLLOWER at term 1 for DISCOVERED_A_NEW_TERM
2019-08-20 14:16:00,298 [e691072e-736f-4155-b802-4eb66a703156:group-D99EEE42CD84:LeaderElection33] INFO  impl.RoleInfo (RoleInfo.java:shutdownLeaderElection(134)) - e691072e-736f-4155-b802-4eb66a703156: shutdown LeaderElection
2019-08-20 14:16:00,299 [e691072e-736f-4155-b802-4eb66a703156:group-D99EEE42CD84:LeaderElection33] INFO  impl.RoleInfo (RoleInfo.java:updateAndGet(143)) - e691072e-736f-4155-b802-4eb66a703156: start FollowerState
2019-08-20 14:16:00,336 | INFO  | SCMAudit | user=jenkins1000 | ip=192.168.69.100 | op=SEND_HEARTBEAT {datanodeUUID=e691072e-736f-4155-b802-4eb66a703156, command=[]} | ret=SUCCESS |  
2019-08-20 14:16:00,548 | INFO  | SCMAudit | user=jenkins1000 | ip=192.168.69.100 | op=SEND_HEARTBEAT {datanodeUUID=89238edf-7113-49d9-b2af-f23b0f32d28d, command=[]} | ret=SUCCESS |  
2019-08-20 14:16:00,554 | INFO  | SCMAudit | user=jenkins1000 | ip=192.168.69.100 | op=SEND_HEARTBEAT {datanodeUUID=e1c8181d-fec9-4c63-b279-ecea4ae6fb4e, command=[]} | ret=SUCCESS |  
2019-08-20 14:16:00,714 | INFO  | SCMAudit | user=jenkins1000 | ip=192.168.69.100 | op=SEND_HEARTBEAT {datanodeUUID=3a7aed30-5b05-400a-aa20-51eb22baecbd, command=[]} | ret=SUCCESS |  
2019-08-20 14:16:00,732 | INFO  | SCMAudit | user=jenkins1000 | ip=192.168.69.100 | op=SEND_HEARTBEAT {datanodeUUID=713a193c-7c22-4398-8969-d8ef79c9ca0d, command=[]} | ret=SUCCESS |  
2019-08-20 14:16:00,919 [grpc-default-executor-2] INFO  client.GrpcClientProtocolClient (GrpcClientProtocolClient.java:onNext(255)) - client-74BB8EA230DA->e691072e-736f-4155-b802-4eb66a703156: receive RaftClientReply:client-74BB8EA230DA->e691072e-736f-4155-b802-4eb66a703156@group-D99EEE42CD84, cid=66, FAILED org.apache.ratis.protocol.NotLeaderException: Server e691072e-736f-4155-b802-4eb66a703156 is not the leader (null). Request must be sent to leader., logIndex=0, commits[e691072e-736f-4155-b802-4eb66a703156:c-1]
2019-08-20 14:16:00,921 | INFO  | SCMAudit | user=jenkins1000 | ip=192.168.69.100 | op=SEND_HEARTBEAT {datanodeUUID=d573e1d8-8390-4409-afd7-d3779bc68bbe, command=[]} | ret=SUCCESS |  
2019-08-20 14:16:01,253 | INFO  | SCMAudit | user=jenkins1000 | ip=192.168.69.100 | op=SEND_HEARTBEAT {datanodeUUID=bfdf518d-3827-4a18-a953-b1a9cbd73588, command=[]} | ret=SUCCESS |  
2019-08-20 14:16:01,336 | INFO  | SCMAudit | user=jenkins1000 | ip=192.168.69.100 | op=SEND_HEARTBEAT {datanodeUUID=e691072e-736f-4155-b802-4eb66a703156, command=[]} | ret=SUCCESS |  
2019-08-20 14:16:01,549 | INFO  | SCMAudit | user=jenkins1000 | ip=192.168.69.100 | op=SEND_HEARTBEAT {datanodeUUID=89238edf-7113-49d9-b2af-f23b0f32d28d, command=[]} | ret=SUCCESS |  
2019-08-20 14:16:01,554 | INFO  | SCMAudit | user=jenkins1000 | ip=192.168.69.100 | op=SEND_HEARTBEAT {datanodeUUID=e1c8181d-fec9-4c63-b279-ecea4ae6fb4e, command=[]} | ret=SUCCESS |  
2019-08-20 14:16:01,714 | INFO  | SCMAudit | user=jenkins1000 | ip=192.168.69.100 | op=SEND_HEARTBEAT {datanodeUUID=3a7aed30-5b05-400a-aa20-51eb22baecbd, command=[]} | ret=SUCCESS |  
2019-08-20 14:16:01,733 | INFO  | SCMAudit | user=jenkins1000 | ip=192.168.69.100 | op=SEND_HEARTBEAT {datanodeUUID=713a193c-7c22-4398-8969-d8ef79c9ca0d, command=[]} | ret=SUCCESS |  
2019-08-20 14:16:01,921 | INFO  | SCMAudit | user=jenkins1000 | ip=192.168.69.100 | op=SEND_HEARTBEAT {datanodeUUID=d573e1d8-8390-4409-afd7-d3779bc68bbe, command=[]} | ret=SUCCESS |  
2019-08-20 14:16:01,932 [grpc-default-executor-2] INFO  client.GrpcClientProtocolClient (GrpcClientProtocolClient.java:onNext(255)) - client-74BB8EA230DA->713a193c-7c22-4398-8969-d8ef79c9ca0d: receive RaftClientReply:client-74BB8EA230DA->713a193c-7c22-4398-8969-d8ef79c9ca0d@group-D99EEE42CD84, cid=66, FAILED org.apache.ratis.protocol.NotLeaderException: Server 713a193c-7c22-4398-8969-d8ef79c9ca0d is not the leader (null). Request must be sent to leader., logIndex=0, commits[713a193c-7c22-4398-8969-d8ef79c9ca0d:c-1]
2019-08-20 14:16:02,253 | INFO  | SCMAudit | user=jenkins1000 | ip=192.168.69.100 | op=SEND_HEARTBEAT {datanodeUUID=bfdf518d-3827-4a18-a953-b1a9cbd73588, command=[]} | ret=SUCCESS |  
2019-08-20 14:16:02,337 | INFO  | SCMAudit | user=jenkins1000 | ip=192.168.69.100 | op=SEND_HEARTBEAT {datanodeUUID=e691072e-736f-4155-b802-4eb66a703156, command=[]} | ret=SUCCESS |  
2019-08-20 14:16:02,530 [3a7aed30-5b05-400a-aa20-51eb22baecbd:group-A7C1DEC82590:LeaderElection40] INFO  impl.LeaderElection (LeaderElection.java:askForVotes(181)) - 3a7aed30-5b05-400a-aa20-51eb22baecbd:group-A7C1DEC82590:LeaderElection40: begin an election at term 1 for -1: [3a7aed30-5b05-400a-aa20-51eb22baecbd:192.168.69.100:41108], old=null
2019-08-20 14:16:02,530 [d573e1d8-8390-4409-afd7-d3779bc68bbe:group-8E6F48566B84:LeaderElection36] INFO  impl.LeaderElection (LeaderElection.java:askForVotes(181)) - d573e1d8-8390-4409-afd7-d3779bc68bbe:group-8E6F48566B84:LeaderElection36: begin an election at term 1 for -1: [d573e1d8-8390-4409-afd7-d3779bc68bbe:192.168.69.100:43226, 89238edf-7113-49d9-b2af-f23b0f32d28d:192.168.69.100:38627, bfdf518d-3827-4a18-a953-b1a9cbd73588:192.168.69.100:33445], old=null
2019-08-20 14:16:02,530 [89238edf-7113-49d9-b2af-f23b0f32d28d:group-8E6F48566B84:LeaderElection38] INFO  impl.LeaderElection (LeaderElection.java:askForVotes(181)) - 89238edf-7113-49d9-b2af-f23b0f32d28d:group-8E6F48566B84:LeaderElection38: begin an election at term 1 for -1: [d573e1d8-8390-4409-afd7-d3779bc68bbe:192.168.69.100:43226, 89238edf-7113-49d9-b2af-f23b0f32d28d:192.168.69.100:38627, bfdf518d-3827-4a18-a953-b1a9cbd73588:192.168.69.100:33445], old=null
2019-08-20 14:16:02,530 [bfdf518d-3827-4a18-a953-b1a9cbd73588:group-8E6F48566B84:LeaderElection39] INFO  impl.LeaderElection (LeaderElection.java:askForVotes(181)) - bfdf518d-3827-4a18-a953-b1a9cbd73588:group-8E6F48566B84:LeaderElection39: begin an election at term 1 for -1: [d573e1d8-8390-4409-afd7-d3779bc68bbe:192.168.69.100:43226, 89238edf-7113-49d9-b2af-f23b0f32d28d:192.168.69.100:38627, bfdf518d-3827-4a18-a953-b1a9cbd73588:192.168.69.100:33445], old=null
2019-08-20 14:16:02,530 [89238edf-7113-49d9-b2af-f23b0f32d28d:group-83B4AA529BB4:LeaderElection37] INFO  impl.LeaderElection (LeaderElection.java:askForVotes(181)) - 89238edf-7113-49d9-b2af-f23b0f32d28d:group-83B4AA529BB4:LeaderElection37: begin an election at term 1 for -1: [89238edf-7113-49d9-b2af-f23b0f32d28d:192.168.69.100:38627], old=null
2019-08-20 14:16:02,530 [89238edf-7113-49d9-b2af-f23b0f32d28d:group-83B4AA529BB4:LeaderElection37] INFO  impl.RoleInfo (RoleInfo.java:shutdownLeaderElection(134)) - 89238edf-7113-49d9-b2af-f23b0f32d28d: shutdown LeaderElection
2019-08-20 14:16:02,531 [89238edf-7113-49d9-b2af-f23b0f32d28d:group-83B4AA529BB4:LeaderElection37] INFO  impl.RaftServerImpl (RaftServerImpl.java:setRole(171)) - 89238edf-7113-49d9-b2af-f23b0f32d28d:group-83B4AA529BB4 changes role from CANDIDATE to LEADER at term 1 for changeToLeader
2019-08-20 14:16:02,531 [89238edf-7113-49d9-b2af-f23b0f32d28d:group-83B4AA529BB4:LeaderElection37] INFO  impl.RaftServerImpl (ServerState.java:setLeader(263)) - 89238edf-7113-49d9-b2af-f23b0f32d28d:group-83B4AA529BB4 change Leader from null to 89238edf-7113-49d9-b2af-f23b0f32d28d at term 1 for becomeLeader, leader elected after 7937ms
2019-08-20 14:16:02,530 [3a7aed30-5b05-400a-aa20-51eb22baecbd:group-A7C1DEC82590:LeaderElection40] INFO  impl.RoleInfo (RoleInfo.java:shutdownLeaderElection(134)) - 3a7aed30-5b05-400a-aa20-51eb22baecbd: shutdown LeaderElection
2019-08-20 14:16:02,531 [89238edf-7113-49d9-b2af-f23b0f32d28d:group-83B4AA529BB4:LeaderElection37] INFO  server.RaftServerConfigKeys (ConfUtils.java:logGet(43)) - raft.server.staging.catchup.gap = 1000 (default)
2019-08-20 14:16:02,531 [3a7aed30-5b05-400a-aa20-51eb22baecbd:group-A7C1DEC82590:LeaderElection40] INFO  impl.RaftServerImpl (RaftServerImpl.java:setRole(171)) - 3a7aed30-5b05-400a-aa20-51eb22baecbd:group-A7C1DEC82590 changes role from CANDIDATE to LEADER at term 1 for changeToLeader
2019-08-20 14:16:02,531 [89238edf-7113-49d9-b2af-f23b0f32d28d:group-83B4AA529BB4:LeaderElection37] INFO  server.RaftServerConfigKeys (ConfUtils.java:logGet(43)) - raft.server.rpc.sleep.time = 25ms (default)
2019-08-20 14:16:02,531 [3a7aed30-5b05-400a-aa20-51eb22baecbd:group-A7C1DEC82590:LeaderElection40] INFO  impl.RaftServerImpl (ServerState.java:setLeader(263)) - 3a7aed30-5b05-400a-aa20-51eb22baecbd:group-A7C1DEC82590 change Leader from null to 3a7aed30-5b05-400a-aa20-51eb22baecbd at term 1 for becomeLeader, leader elected after 7773ms
2019-08-20 14:16:02,531 [89238edf-7113-49d9-b2af-f23b0f32d28d:group-83B4AA529BB4:LeaderElection37] INFO  server.RaftServerConfigKeys (ConfUtils.java:logGet(43)) - raft.server.write.element-limit = 4096 (default)
2019-08-20 14:16:02,532 [3a7aed30-5b05-400a-aa20-51eb22baecbd:group-A7C1DEC82590:LeaderElection40] INFO  server.RaftServerConfigKeys (ConfUtils.java:logGet(43)) - raft.server.staging.catchup.gap = 1000 (default)
2019-08-20 14:16:02,532 [89238edf-7113-49d9-b2af-f23b0f32d28d:group-83B4AA529BB4:LeaderElection37] INFO  server.RaftServerConfigKeys (ConfUtils.java:logGet(43)) - raft.server.watch.timeout = 10s (default)
2019-08-20 14:16:02,532 [3a7aed30-5b05-400a-aa20-51eb22baecbd:group-A7C1DEC82590:LeaderElection40] INFO  server.RaftServerConfigKeys (ConfUtils.java:logGet(43)) - raft.server.rpc.sleep.time = 25ms (default)
2019-08-20 14:16:02,532 [89238edf-7113-49d9-b2af-f23b0f32d28d:group-83B4AA529BB4:LeaderElection37] INFO  server.RaftServerConfigKeys (ConfUtils.java:logGet(43)) - raft.server.watch.timeout.denomination = 1s (default)
2019-08-20 14:16:02,532 [3a7aed30-5b05-400a-aa20-51eb22baecbd:group-A7C1DEC82590:LeaderElection40] INFO  server.RaftServerConfigKeys (ConfUtils.java:logGet(43)) - raft.server.write.element-limit = 4096 (default)
2019-08-20 14:16:02,532 [89238edf-7113-49d9-b2af-f23b0f32d28d:group-83B4AA529BB4:LeaderElection37] INFO  server.RaftServerConfigKeys (ConfUtils.java:logGet(43)) - raft.server.watch.element-limit = 65536 (default)
2019-08-20 14:16:02,532 [3a7aed30-5b05-400a-aa20-51eb22baecbd:group-A7C1DEC82590:LeaderElection40] INFO  server.RaftServerConfigKeys (ConfUtils.java:logGet(43)) - raft.server.watch.timeout = 10s (default)
2019-08-20 14:16:02,532 [89238edf-7113-49d9-b2af-f23b0f32d28d:group-83B4AA529BB4:LeaderElection37] INFO  impl.RoleInfo (RoleInfo.java:updateAndGet(143)) - 89238edf-7113-49d9-b2af-f23b0f32d28d: start LeaderState
2019-08-20 14:16:02,532 [3a7aed30-5b05-400a-aa20-51eb22baecbd:group-A7C1DEC82590:LeaderElection40] INFO  server.RaftServerConfigKeys (ConfUtils.java:logGet(43)) - raft.server.watch.timeout.denomination = 1s (default)
2019-08-20 14:16:02,533 [3a7aed30-5b05-400a-aa20-51eb22baecbd:group-A7C1DEC82590:LeaderElection40] INFO  server.RaftServerConfigKeys (ConfUtils.java:logGet(43)) - raft.server.watch.element-limit = 65536 (default)
2019-08-20 14:16:02,533 [89238edf-7113-49d9-b2af-f23b0f32d28d:group-83B4AA529BB4:LeaderElection37] INFO  segmented.SegmentedRaftLogWorker (SegmentedRaftLogWorker.java:startLogSegment(380)) - 89238edf-7113-49d9-b2af-f23b0f32d28d-SegmentedRaftLogWorker:Storage Directory /workdir/hadoop-ozone/integration-test/target/test-dir/MiniOzoneClusterImpl-e0f456b9-34a0-4c6d-b797-d774b2610ec7/datanode-5/data/ratis/0ec45d93-0614-4ea0-bdba-83b4aa529bb4: Starting segment from index:0
2019-08-20 14:16:02,533 [3a7aed30-5b05-400a-aa20-51eb22baecbd:group-A7C1DEC82590:LeaderElection40] INFO  impl.RoleInfo (RoleInfo.java:updateAndGet(143)) - 3a7aed30-5b05-400a-aa20-51eb22baecbd: start LeaderState
2019-08-20 14:16:02,533 [3a7aed30-5b05-400a-aa20-51eb22baecbd:group-A7C1DEC82590:LeaderElection40] INFO  segmented.SegmentedRaftLogWorker (SegmentedRaftLogWorker.java:startLogSegment(380)) - 3a7aed30-5b05-400a-aa20-51eb22baecbd-SegmentedRaftLogWorker:Storage Directory /workdir/hadoop-ozone/integration-test/target/test-dir/MiniOzoneClusterImpl-e0f456b9-34a0-4c6d-b797-d774b2610ec7/datanode-6/data/ratis/72605072-d62c-4e34-a925-a7c1dec82590: Starting segment from index:0
2019-08-20 14:16:02,533 [89238edf-7113-49d9-b2af-f23b0f32d28d:group-83B4AA529BB4:LeaderElection37] INFO  impl.RaftServerImpl (ServerState.java:setRaftConf(361)) - 89238edf-7113-49d9-b2af-f23b0f32d28d:group-83B4AA529BB4 set configuration 0: [89238edf-7113-49d9-b2af-f23b0f32d28d:192.168.69.100:38627], old=null at 0
2019-08-20 14:16:02,534 [3a7aed30-5b05-400a-aa20-51eb22baecbd:group-A7C1DEC82590:LeaderElection40] INFO  impl.RaftServerImpl (ServerState.java:setRaftConf(361)) - 3a7aed30-5b05-400a-aa20-51eb22baecbd:group-A7C1DEC82590 set configuration 0: [3a7aed30-5b05-400a-aa20-51eb22baecbd:192.168.69.100:41108], old=null at 0
2019-08-20 14:16:02,552 | INFO  | SCMAudit | user=jenkins1000 | ip=192.168.69.100 | op=SEND_HEARTBEAT {datanodeUUID=89238edf-7113-49d9-b2af-f23b0f32d28d, command=[]} | ret=SUCCESS |  
2019-08-20 14:16:02,559 | INFO  | SCMAudit | user=jenkins1000 | ip=192.168.69.100 | op=SEND_HEARTBEAT {datanodeUUID=e1c8181d-fec9-4c63-b279-ecea4ae6fb4e, command=[]} | ret=SUCCESS |  
2019-08-20 14:16:02,568 [bfdf518d-3827-4a18-a953-b1a9cbd73588:group-8E6F48566B84:LeaderElection39] INFO  impl.LeaderElection (LeaderElection.java:logAndReturn(56)) - bfdf518d-3827-4a18-a953-b1a9cbd73588:group-8E6F48566B84:LeaderElection39: Election REJECTED; received 2 response(s) [bfdf518d-3827-4a18-a953-b1a9cbd73588<-d573e1d8-8390-4409-afd7-d3779bc68bbe#0:FAIL-t1, bfdf518d-3827-4a18-a953-b1a9cbd73588<-89238edf-7113-49d9-b2af-f23b0f32d28d#0:FAIL-t1] and 0 exception(s); bfdf518d-3827-4a18-a953-b1a9cbd73588:t1, leader=null, voted=bfdf518d-3827-4a18-a953-b1a9cbd73588, raftlog=bfdf518d-3827-4a18-a953-b1a9cbd73588-SegmentedRaftLog:OPENED:c-1,f-1,i0, conf=-1: [d573e1d8-8390-4409-afd7-d3779bc68bbe:192.168.69.100:43226, 89238edf-7113-49d9-b2af-f23b0f32d28d:192.168.69.100:38627, bfdf518d-3827-4a18-a953-b1a9cbd73588:192.168.69.100:33445], old=null
2019-08-20 14:16:02,568 [d573e1d8-8390-4409-afd7-d3779bc68bbe:group-8E6F48566B84:LeaderElection36] INFO  impl.LeaderElection (LeaderElection.java:logAndReturn(56)) - d573e1d8-8390-4409-afd7-d3779bc68bbe:group-8E6F48566B84:LeaderElection36: Election REJECTED; received 2 response(s) [d573e1d8-8390-4409-afd7-d3779bc68bbe<-89238edf-7113-49d9-b2af-f23b0f32d28d#0:FAIL-t1, d573e1d8-8390-4409-afd7-d3779bc68bbe<-bfdf518d-3827-4a18-a953-b1a9cbd73588#0:FAIL-t1] and 0 exception(s); d573e1d8-8390-4409-afd7-d3779bc68bbe:t1, leader=null, voted=d573e1d8-8390-4409-afd7-d3779bc68bbe, raftlog=d573e1d8-8390-4409-afd7-d3779bc68bbe-SegmentedRaftLog:OPENED:c-1,f-1,i0, conf=-1: [d573e1d8-8390-4409-afd7-d3779bc68bbe:192.168.69.100:43226, 89238edf-7113-49d9-b2af-f23b0f32d28d:192.168.69.100:38627, bfdf518d-3827-4a18-a953-b1a9cbd73588:192.168.69.100:33445], old=null
2019-08-20 14:16:02,570 [bfdf518d-3827-4a18-a953-b1a9cbd73588:group-8E6F48566B84:LeaderElection39] INFO  impl.RaftServerImpl (RaftServerImpl.java:setRole(171)) - bfdf518d-3827-4a18-a953-b1a9cbd73588:group-8E6F48566B84 changes role from CANDIDATE to FOLLOWER at term 1 for DISCOVERED_A_NEW_TERM
2019-08-20 14:16:02,570 [d573e1d8-8390-4409-afd7-d3779bc68bbe:group-8E6F48566B84:LeaderElection36] INFO  impl.RaftServerImpl (RaftServerImpl.java:setRole(171)) - d573e1d8-8390-4409-afd7-d3779bc68bbe:group-8E6F48566B84 changes role from CANDIDATE to FOLLOWER at term 1 for DISCOVERED_A_NEW_TERM
2019-08-20 14:16:02,570 [bfdf518d-3827-4a18-a953-b1a9cbd73588:group-8E6F48566B84:LeaderElection39] INFO  impl.RoleInfo (RoleInfo.java:shutdownLeaderElection(134)) - bfdf518d-3827-4a18-a953-b1a9cbd73588: shutdown LeaderElection
2019-08-20 14:16:02,570 [89238edf-7113-49d9-b2af-f23b0f32d28d:group-8E6F48566B84:LeaderElection38] INFO  impl.LeaderElection (LeaderElection.java:logAndReturn(56)) - 89238edf-7113-49d9-b2af-f23b0f32d28d:group-8E6F48566B84:LeaderElection38: Election REJECTED; received 2 response(s) [89238edf-7113-49d9-b2af-f23b0f32d28d<-d573e1d8-8390-4409-afd7-d3779bc68bbe#0:FAIL-t1, 89238edf-7113-49d9-b2af-f23b0f32d28d<-bfdf518d-3827-4a18-a953-b1a9cbd73588#0:FAIL-t1] and 0 exception(s); 89238edf-7113-49d9-b2af-f23b0f32d28d:t1, leader=null, voted=89238edf-7113-49d9-b2af-f23b0f32d28d, raftlog=89238edf-7113-49d9-b2af-f23b0f32d28d-SegmentedRaftLog:OPENED:c-1,f-1,i0, conf=-1: [d573e1d8-8390-4409-afd7-d3779bc68bbe:192.168.69.100:43226, 89238edf-7113-49d9-b2af-f23b0f32d28d:192.168.69.100:38627, bfdf518d-3827-4a18-a953-b1a9cbd73588:192.168.69.100:33445], old=null
2019-08-20 14:16:02,570 [d573e1d8-8390-4409-afd7-d3779bc68bbe:group-8E6F48566B84:LeaderElection36] INFO  impl.RoleInfo (RoleInfo.java:shutdownLeaderElection(134)) - d573e1d8-8390-4409-afd7-d3779bc68bbe: shutdown LeaderElection
2019-08-20 14:16:02,570 [89238edf-7113-49d9-b2af-f23b0f32d28d:group-8E6F48566B84:LeaderElection38] INFO  impl.RaftServerImpl (RaftServerImpl.java:setRole(171)) - 89238edf-7113-49d9-b2af-f23b0f32d28d:group-8E6F48566B84 changes role from CANDIDATE to FOLLOWER at term 1 for DISCOVERED_A_NEW_TERM
2019-08-20 14:16:02,570 [bfdf518d-3827-4a18-a953-b1a9cbd73588:group-8E6F48566B84:LeaderElection39] INFO  impl.RoleInfo (RoleInfo.java:updateAndGet(143)) - bfdf518d-3827-4a18-a953-b1a9cbd73588: start FollowerState
2019-08-20 14:16:02,571 [89238edf-7113-49d9-b2af-f23b0f32d28d:group-8E6F48566B84:LeaderElection38] INFO  impl.RoleInfo (RoleInfo.java:shutdownLeaderElection(134)) - 89238edf-7113-49d9-b2af-f23b0f32d28d: shutdown LeaderElection
2019-08-20 14:16:02,570 [d573e1d8-8390-4409-afd7-d3779bc68bbe:group-8E6F48566B84:LeaderElection36] INFO  impl.RoleInfo (RoleInfo.java:updateAndGet(143)) - d573e1d8-8390-4409-afd7-d3779bc68bbe: start FollowerState
2019-08-20 14:16:02,571 [89238edf-7113-49d9-b2af-f23b0f32d28d:group-8E6F48566B84:LeaderElection38] INFO  impl.RoleInfo (RoleInfo.java:updateAndGet(143)) - 89238edf-7113-49d9-b2af-f23b0f32d28d: start FollowerState
2019-08-20 14:16:02,715 | INFO  | SCMAudit | user=jenkins1000 | ip=192.168.69.100 | op=SEND_HEARTBEAT {datanodeUUID=3a7aed30-5b05-400a-aa20-51eb22baecbd, command=[]} | ret=SUCCESS |  
2019-08-20 14:16:02,733 | INFO  | SCMAudit | user=jenkins1000 | ip=192.168.69.100 | op=SEND_HEARTBEAT {datanodeUUID=713a193c-7c22-4398-8969-d8ef79c9ca0d, command=[]} | ret=SUCCESS |  
2019-08-20 14:16:02,828 [89238edf-7113-49d9-b2af-f23b0f32d28d-SegmentedRaftLogWorker:Storage Directory /workdir/hadoop-ozone/integration-test/target/test-dir/MiniOzoneClusterImpl-e0f456b9-34a0-4c6d-b797-d774b2610ec7/datanode-5/data/ratis/0ec45d93-0614-4ea0-bdba-83b4aa529bb4] INFO  segmented.SegmentedRaftLogWorker (SegmentedRaftLogWorker.java:execute(569)) - 89238edf-7113-49d9-b2af-f23b0f32d28d-SegmentedRaftLogWorker:Storage Directory /workdir/hadoop-ozone/integration-test/target/test-dir/MiniOzoneClusterImpl-e0f456b9-34a0-4c6d-b797-d774b2610ec7/datanode-5/data/ratis/0ec45d93-0614-4ea0-bdba-83b4aa529bb4: created new log segment /workdir/hadoop-ozone/integration-test/target/test-dir/MiniOzoneClusterImpl-e0f456b9-34a0-4c6d-b797-d774b2610ec7/datanode-5/data/ratis/0ec45d93-0614-4ea0-bdba-83b4aa529bb4/current/log_inprogress_0
2019-08-20 14:16:02,828 [713a193c-7c22-4398-8969-d8ef79c9ca0d-SegmentedRaftLogWorker:Storage Directory /workdir/hadoop-ozone/integration-test/target/test-dir/MiniOzoneClusterImpl-e0f456b9-34a0-4c6d-b797-d774b2610ec7/datanode-2/data/ratis/a87dec92-0caf-496b-83a4-ab198b300450] INFO  segmented.SegmentedRaftLogWorker (SegmentedRaftLogWorker.java:execute(569)) - 713a193c-7c22-4398-8969-d8ef79c9ca0d-SegmentedRaftLogWorker:Storage Directory /workdir/hadoop-ozone/integration-test/target/test-dir/MiniOzoneClusterImpl-e0f456b9-34a0-4c6d-b797-d774b2610ec7/datanode-2/data/ratis/a87dec92-0caf-496b-83a4-ab198b300450: created new log segment /workdir/hadoop-ozone/integration-test/target/test-dir/MiniOzoneClusterImpl-e0f456b9-34a0-4c6d-b797-d774b2610ec7/datanode-2/data/ratis/a87dec92-0caf-496b-83a4-ab198b300450/current/log_inprogress_0
2019-08-20 14:16:02,828 [d573e1d8-8390-4409-afd7-d3779bc68bbe-SegmentedRaftLogWorker:Storage Directory /workdir/hadoop-ozone/integration-test/target/test-dir/MiniOzoneClusterImpl-e0f456b9-34a0-4c6d-b797-d774b2610ec7/datanode-3/data/ratis/3ce994b1-45d1-4597-9a73-2680781479dc] INFO  segmented.SegmentedRaftLogWorker (SegmentedRaftLogWorker.java:execute(569)) - d573e1d8-8390-4409-afd7-d3779bc68bbe-SegmentedRaftLogWorker:Storage Directory /workdir/hadoop-ozone/integration-test/target/test-dir/MiniOzoneClusterImpl-e0f456b9-34a0-4c6d-b797-d774b2610ec7/datanode-3/data/ratis/3ce994b1-45d1-4597-9a73-2680781479dc: created new log segment /workdir/hadoop-ozone/integration-test/target/test-dir/MiniOzoneClusterImpl-e0f456b9-34a0-4c6d-b797-d774b2610ec7/datanode-3/data/ratis/3ce994b1-45d1-4597-9a73-2680781479dc/current/log_inprogress_0
2019-08-20 14:16:02,828 [bfdf518d-3827-4a18-a953-b1a9cbd73588-SegmentedRaftLogWorker:Storage Directory /workdir/hadoop-ozone/integration-test/target/test-dir/MiniOzoneClusterImpl-e0f456b9-34a0-4c6d-b797-d774b2610ec7/datanode-4/data/ratis/f6ffba87-f0f1-44dd-bafd-25d5d5ed3bf5] INFO  segmented.SegmentedRaftLogWorker (SegmentedRaftLogWorker.java:execute(569)) - bfdf518d-3827-4a18-a953-b1a9cbd73588-SegmentedRaftLogWorker:Storage Directory /workdir/hadoop-ozone/integration-test/target/test-dir/MiniOzoneClusterImpl-e0f456b9-34a0-4c6d-b797-d774b2610ec7/datanode-4/data/ratis/f6ffba87-f0f1-44dd-bafd-25d5d5ed3bf5: created new log segment /workdir/hadoop-ozone/integration-test/target/test-dir/MiniOzoneClusterImpl-e0f456b9-34a0-4c6d-b797-d774b2610ec7/datanode-4/data/ratis/f6ffba87-f0f1-44dd-bafd-25d5d5ed3bf5/current/log_inprogress_0
2019-08-20 14:16:02,828 [e691072e-736f-4155-b802-4eb66a703156-SegmentedRaftLogWorker:Storage Directory /workdir/hadoop-ozone/integration-test/target/test-dir/MiniOzoneClusterImpl-e0f456b9-34a0-4c6d-b797-d774b2610ec7/datanode-0/data/ratis/10fdec8f-1207-43fa-ae58-f1a29f919f8a] INFO  segmented.SegmentedRaftLogWorker (SegmentedRaftLogWorker.java:execute(569)) - e691072e-736f-4155-b802-4eb66a703156-SegmentedRaftLogWorker:Storage Directory /workdir/hadoop-ozone/integration-test/target/test-dir/MiniOzoneClusterImpl-e0f456b9-34a0-4c6d-b797-d774b2610ec7/datanode-0/data/ratis/10fdec8f-1207-43fa-ae58-f1a29f919f8a: created new log segment /workdir/hadoop-ozone/integration-test/target/test-dir/MiniOzoneClusterImpl-e0f456b9-34a0-4c6d-b797-d774b2610ec7/datanode-0/data/ratis/10fdec8f-1207-43fa-ae58-f1a29f919f8a/current/log_inprogress_0
2019-08-20 14:16:02,828 [e1c8181d-fec9-4c63-b279-ecea4ae6fb4e-SegmentedRaftLogWorker:Storage Directory /workdir/hadoop-ozone/integration-test/target/test-dir/MiniOzoneClusterImpl-e0f456b9-34a0-4c6d-b797-d774b2610ec7/datanode-1/data/ratis/caa6dcc0-2173-490b-8d3b-0fed80380ecb] INFO  segmented.SegmentedRaftLogWorker (SegmentedRaftLogWorker.java:execute(569)) - e1c8181d-fec9-4c63-b279-ecea4ae6fb4e-SegmentedRaftLogWorker:Storage Directory /workdir/hadoop-ozone/integration-test/target/test-dir/MiniOzoneClusterImpl-e0f456b9-34a0-4c6d-b797-d774b2610ec7/datanode-1/data/ratis/caa6dcc0-2173-490b-8d3b-0fed80380ecb: created new log segment /workdir/hadoop-ozone/integration-test/target/test-dir/MiniOzoneClusterImpl-e0f456b9-34a0-4c6d-b797-d774b2610ec7/datanode-1/data/ratis/caa6dcc0-2173-490b-8d3b-0fed80380ecb/current/log_inprogress_0
2019-08-20 14:16:02,828 [3a7aed30-5b05-400a-aa20-51eb22baecbd-SegmentedRaftLogWorker:Storage Directory /workdir/hadoop-ozone/integration-test/target/test-dir/MiniOzoneClusterImpl-e0f456b9-34a0-4c6d-b797-d774b2610ec7/datanode-6/data/ratis/72605072-d62c-4e34-a925-a7c1dec82590] INFO  segmented.SegmentedRaftLogWorker (SegmentedRaftLogWorker.java:execute(569)) - 3a7aed30-5b05-400a-aa20-51eb22baecbd-SegmentedRaftLogWorker:Storage Directory /workdir/hadoop-ozone/integration-test/target/test-dir/MiniOzoneClusterImpl-e0f456b9-34a0-4c6d-b797-d774b2610ec7/datanode-6/data/ratis/72605072-d62c-4e34-a925-a7c1dec82590: created new log segment /workdir/hadoop-ozone/integration-test/target/test-dir/MiniOzoneClusterImpl-e0f456b9-34a0-4c6d-b797-d774b2610ec7/datanode-6/data/ratis/72605072-d62c-4e34-a925-a7c1dec82590/current/log_inprogress_0
2019-08-20 14:16:02,920 | INFO  | SCMAudit | user=jenkins1000 | ip=192.168.69.100 | op=SEND_HEARTBEAT {datanodeUUID=d573e1d8-8390-4409-afd7-d3779bc68bbe, command=[]} | ret=SUCCESS |  
2019-08-20 14:16:02,945 [grpc-default-executor-0] INFO  client.GrpcClientProtocolClient (GrpcClientProtocolClient.java:onNext(255)) - client-74BB8EA230DA->e1c8181d-fec9-4c63-b279-ecea4ae6fb4e: receive RaftClientReply:client-74BB8EA230DA->e1c8181d-fec9-4c63-b279-ecea4ae6fb4e@group-D99EEE42CD84, cid=66, FAILED org.apache.ratis.protocol.NotLeaderException: Server e1c8181d-fec9-4c63-b279-ecea4ae6fb4e is not the leader (null). Request must be sent to leader., logIndex=0, commits[e1c8181d-fec9-4c63-b279-ecea4ae6fb4e:c-1]
2019-08-20 14:16:03,254 | INFO  | SCMAudit | user=jenkins1000 | ip=192.168.69.100 | op=SEND_HEARTBEAT {datanodeUUID=bfdf518d-3827-4a18-a953-b1a9cbd73588, command=[]} | ret=SUCCESS |  
2019-08-20 14:16:03,336 | INFO  | SCMAudit | user=jenkins1000 | ip=192.168.69.100 | op=SEND_HEARTBEAT {datanodeUUID=e691072e-736f-4155-b802-4eb66a703156, command=[]} | ret=SUCCESS |  
2019-08-20 14:16:03,550 | INFO  | SCMAudit | user=jenkins1000 | ip=192.168.69.100 | op=SEND_HEARTBEAT {datanodeUUID=89238edf-7113-49d9-b2af-f23b0f32d28d, command=[]} | ret=SUCCESS |  
2019-08-20 14:16:03,555 | INFO  | SCMAudit | user=jenkins1000 | ip=192.168.69.100 | op=SEND_HEARTBEAT {datanodeUUID=e1c8181d-fec9-4c63-b279-ecea4ae6fb4e, command=[]} | ret=SUCCESS |  
2019-08-20 14:16:03,715 | INFO  | SCMAudit | user=jenkins1000 | ip=192.168.69.100 | op=SEND_HEARTBEAT {datanodeUUID=3a7aed30-5b05-400a-aa20-51eb22baecbd, command=[]} | ret=SUCCESS |  
2019-08-20 14:16:03,733 | INFO  | SCMAudit | user=jenkins1000 | ip=192.168.69.100 | op=SEND_HEARTBEAT {datanodeUUID=713a193c-7c22-4398-8969-d8ef79c9ca0d, command=[]} | ret=SUCCESS |  
2019-08-20 14:16:03,920 | INFO  | SCMAudit | user=jenkins1000 | ip=192.168.69.100 | op=SEND_HEARTBEAT {datanodeUUID=d573e1d8-8390-4409-afd7-d3779bc68bbe, command=[]} | ret=SUCCESS |  
2019-08-20 14:16:03,959 [grpc-default-executor-2] INFO  client.GrpcClientProtocolClient (GrpcClientProtocolClient.java:onNext(255)) - client-74BB8EA230DA->e691072e-736f-4155-b802-4eb66a703156: receive RaftClientReply:client-74BB8EA230DA->e691072e-736f-4155-b802-4eb66a703156@group-D99EEE42CD84, cid=66, FAILED org.apache.ratis.protocol.NotLeaderException: Server e691072e-736f-4155-b802-4eb66a703156 is not the leader (null). Request must be sent to leader., logIndex=0, commits[e691072e-736f-4155-b802-4eb66a703156:c-1]
2019-08-20 14:16:04,253 | INFO  | SCMAudit | user=jenkins1000 | ip=192.168.69.100 | op=SEND_HEARTBEAT {datanodeUUID=bfdf518d-3827-4a18-a953-b1a9cbd73588, command=[]} | ret=SUCCESS |  
2019-08-20 14:16:04,336 | INFO  | SCMAudit | user=jenkins1000 | ip=192.168.69.100 | op=SEND_HEARTBEAT {datanodeUUID=e691072e-736f-4155-b802-4eb66a703156, command=[]} | ret=SUCCESS |  
2019-08-20 14:16:04,550 | INFO  | SCMAudit | user=jenkins1000 | ip=192.168.69.100 | op=SEND_HEARTBEAT {datanodeUUID=89238edf-7113-49d9-b2af-f23b0f32d28d, command=[]} | ret=SUCCESS |  
2019-08-20 14:16:04,555 | INFO  | SCMAudit | user=jenkins1000 | ip=192.168.69.100 | op=SEND_HEARTBEAT {datanodeUUID=e1c8181d-fec9-4c63-b279-ecea4ae6fb4e, command=[]} | ret=SUCCESS |  
2019-08-20 14:16:04,716 | INFO  | SCMAudit | user=jenkins1000 | ip=192.168.69.100 | op=SEND_HEARTBEAT {datanodeUUID=3a7aed30-5b05-400a-aa20-51eb22baecbd, command=[]} | ret=SUCCESS |  
2019-08-20 14:16:04,734 | INFO  | SCMAudit | user=jenkins1000 | ip=192.168.69.100 | op=SEND_HEARTBEAT {datanodeUUID=713a193c-7c22-4398-8969-d8ef79c9ca0d, command=[]} | ret=SUCCESS |  
2019-08-20 14:16:04,921 | INFO  | SCMAudit | user=jenkins1000 | ip=192.168.69.100 | op=SEND_HEARTBEAT {datanodeUUID=d573e1d8-8390-4409-afd7-d3779bc68bbe, command=[]} | ret=SUCCESS |  
2019-08-20 14:16:04,980 [grpc-default-executor-2] INFO  client.GrpcClientProtocolClient (GrpcClientProtocolClient.java:onNext(255)) - client-74BB8EA230DA->713a193c-7c22-4398-8969-d8ef79c9ca0d: receive RaftClientReply:client-74BB8EA230DA->713a193c-7c22-4398-8969-d8ef79c9ca0d@group-D99EEE42CD84, cid=66, FAILED org.apache.ratis.protocol.NotLeaderException: Server 713a193c-7c22-4398-8969-d8ef79c9ca0d is not the leader (null). Request must be sent to leader., logIndex=0, commits[713a193c-7c22-4398-8969-d8ef79c9ca0d:c-1]
2019-08-20 14:16:05,254 | INFO  | SCMAudit | user=jenkins1000 | ip=192.168.69.100 | op=SEND_HEARTBEAT {datanodeUUID=bfdf518d-3827-4a18-a953-b1a9cbd73588, command=[]} | ret=SUCCESS |  
2019-08-20 14:16:05,336 | INFO  | SCMAudit | user=jenkins1000 | ip=192.168.69.100 | op=SEND_HEARTBEAT {datanodeUUID=e691072e-736f-4155-b802-4eb66a703156, command=[]} | ret=SUCCESS |  
2019-08-20 14:16:05,366 [Thread-1488] INFO  impl.FollowerState (FollowerState.java:run(106)) - e691072e-736f-4155-b802-4eb66a703156:group-D99EEE42CD84 changes to CANDIDATE, lastRpcTime:5067, electionTimeout:5067ms
2019-08-20 14:16:05,366 [Thread-1488] INFO  impl.RoleInfo (RoleInfo.java:shutdownFollowerState(121)) - e691072e-736f-4155-b802-4eb66a703156: shutdown FollowerState
2019-08-20 14:16:05,366 [Thread-1488] INFO  impl.RaftServerImpl (RaftServerImpl.java:setRole(171)) - e691072e-736f-4155-b802-4eb66a703156:group-D99EEE42CD84 changes role from FOLLOWER to CANDIDATE at term 1 for changeToCandidate
2019-08-20 14:16:05,367 [Thread-1488] INFO  impl.RoleInfo (RoleInfo.java:updateAndGet(143)) - e691072e-736f-4155-b802-4eb66a703156: start LeaderElection
2019-08-20 14:16:05,395 [Thread-1487] INFO  impl.FollowerState (FollowerState.java:run(106)) - e1c8181d-fec9-4c63-b279-ecea4ae6fb4e:group-D99EEE42CD84 changes to CANDIDATE, lastRpcTime:5101, electionTimeout:5100ms
2019-08-20 14:16:05,396 [Thread-1487] INFO  impl.RoleInfo (RoleInfo.java:shutdownFollowerState(121)) - e1c8181d-fec9-4c63-b279-ecea4ae6fb4e: shutdown FollowerState
2019-08-20 14:16:05,396 [Thread-1487] INFO  impl.RaftServerImpl (RaftServerImpl.java:setRole(171)) - e1c8181d-fec9-4c63-b279-ecea4ae6fb4e:group-D99EEE42CD84 changes role from FOLLOWER to CANDIDATE at term 1 for changeToCandidate
2019-08-20 14:16:05,396 [Thread-1487] INFO  impl.RoleInfo (RoleInfo.java:updateAndGet(143)) - e1c8181d-fec9-4c63-b279-ecea4ae6fb4e: start LeaderElection
2019-08-20 14:16:05,432 [Thread-1486] INFO  impl.FollowerState (FollowerState.java:run(106)) - 713a193c-7c22-4398-8969-d8ef79c9ca0d:group-D99EEE42CD84 changes to CANDIDATE, lastRpcTime:5137, electionTimeout:5136ms
2019-08-20 14:16:05,432 [Thread-1486] INFO  impl.RoleInfo (RoleInfo.java:shutdownFollowerState(121)) - 713a193c-7c22-4398-8969-d8ef79c9ca0d: shutdown FollowerState
2019-08-20 14:16:05,432 [Thread-1486] INFO  impl.RaftServerImpl (RaftServerImpl.java:setRole(171)) - 713a193c-7c22-4398-8969-d8ef79c9ca0d:group-D99EEE42CD84 changes role from FOLLOWER to CANDIDATE at term 1 for changeToCandidate
2019-08-20 14:16:05,432 [Thread-1486] INFO  impl.RoleInfo (RoleInfo.java:updateAndGet(143)) - 713a193c-7c22-4398-8969-d8ef79c9ca0d: start LeaderElection
2019-08-20 14:16:05,550 | INFO  | SCMAudit | user=jenkins1000 | ip=192.168.69.100 | op=SEND_HEARTBEAT {datanodeUUID=89238edf-7113-49d9-b2af-f23b0f32d28d, command=[]} | ret=SUCCESS |  
2019-08-20 14:16:05,555 | INFO  | SCMAudit | user=jenkins1000 | ip=192.168.69.100 | op=SEND_HEARTBEAT {datanodeUUID=e1c8181d-fec9-4c63-b279-ecea4ae6fb4e, command=[]} | ret=SUCCESS |  
2019-08-20 14:16:05,718 | INFO  | SCMAudit | user=jenkins1000 | ip=192.168.69.100 | op=SEND_HEARTBEAT {datanodeUUID=3a7aed30-5b05-400a-aa20-51eb22baecbd, command=[]} | ret=SUCCESS |  
2019-08-20 14:16:05,733 | INFO  | SCMAudit | user=jenkins1000 | ip=192.168.69.100 | op=SEND_HEARTBEAT {datanodeUUID=713a193c-7c22-4398-8969-d8ef79c9ca0d, command=[]} | ret=SUCCESS |  
2019-08-20 14:16:05,920 | INFO  | SCMAudit | user=jenkins1000 | ip=192.168.69.100 | op=SEND_HEARTBEAT {datanodeUUID=d573e1d8-8390-4409-afd7-d3779bc68bbe, command=[]} | ret=SUCCESS |  
2019-08-20 14:16:06,000 [grpc-default-executor-0] INFO  client.GrpcClientProtocolClient (GrpcClientProtocolClient.java:onNext(255)) - client-74BB8EA230DA->e691072e-736f-4155-b802-4eb66a703156: receive RaftClientReply:client-74BB8EA230DA->e691072e-736f-4155-b802-4eb66a703156@group-D99EEE42CD84, cid=66, FAILED org.apache.ratis.protocol.NotLeaderException: Server e691072e-736f-4155-b802-4eb66a703156 is not the leader (null). Request must be sent to leader., logIndex=0, commits[e691072e-736f-4155-b802-4eb66a703156:c-1]
2019-08-20 14:16:06,253 | INFO  | SCMAudit | user=jenkins1000 | ip=192.168.69.100 | op=SEND_HEARTBEAT {datanodeUUID=bfdf518d-3827-4a18-a953-b1a9cbd73588, command=[]} | ret=SUCCESS |  
2019-08-20 14:16:06,337 | INFO  | SCMAudit | user=jenkins1000 | ip=192.168.69.100 | op=SEND_HEARTBEAT {datanodeUUID=e691072e-736f-4155-b802-4eb66a703156, command=[]} | ret=SUCCESS |  
2019-08-20 14:16:06,550 | INFO  | SCMAudit | user=jenkins1000 | ip=192.168.69.100 | op=SEND_HEARTBEAT {datanodeUUID=89238edf-7113-49d9-b2af-f23b0f32d28d, command=[]} | ret=SUCCESS |  
2019-08-20 14:16:06,555 | INFO  | SCMAudit | user=jenkins1000 | ip=192.168.69.100 | op=SEND_HEARTBEAT {datanodeUUID=e1c8181d-fec9-4c63-b279-ecea4ae6fb4e, command=[]} | ret=SUCCESS |  
2019-08-20 14:16:06,718 | INFO  | SCMAudit | user=jenkins1000 | ip=192.168.69.100 | op=SEND_HEARTBEAT {datanodeUUID=3a7aed30-5b05-400a-aa20-51eb22baecbd, command=[]} | ret=SUCCESS |  
2019-08-20 14:16:06,733 | INFO  | SCMAudit | user=jenkins1000 | ip=192.168.69.100 | op=SEND_HEARTBEAT {datanodeUUID=713a193c-7c22-4398-8969-d8ef79c9ca0d, command=[]} | ret=SUCCESS |  
2019-08-20 14:16:06,921 | INFO  | SCMAudit | user=jenkins1000 | ip=192.168.69.100 | op=SEND_HEARTBEAT {datanodeUUID=d573e1d8-8390-4409-afd7-d3779bc68bbe, command=[]} | ret=SUCCESS |  
2019-08-20 14:16:06,965 [e691072e-736f-4155-b802-4eb66a703156:group-D99EEE42CD84:LeaderElection41] INFO  impl.LeaderElection (LeaderElection.java:askForVotes(181)) - e691072e-736f-4155-b802-4eb66a703156:group-D99EEE42CD84:LeaderElection41: begin an election at term 2 for -1: [e1c8181d-fec9-4c63-b279-ecea4ae6fb4e:192.168.69.100:35006, e691072e-736f-4155-b802-4eb66a703156:192.168.69.100:44602, 713a193c-7c22-4398-8969-d8ef79c9ca0d:192.168.69.100:41065], old=null
2019-08-20 14:16:06,965 [e1c8181d-fec9-4c63-b279-ecea4ae6fb4e:group-D99EEE42CD84:LeaderElection42] INFO  impl.LeaderElection (LeaderElection.java:askForVotes(181)) - e1c8181d-fec9-4c63-b279-ecea4ae6fb4e:group-D99EEE42CD84:LeaderElection42: begin an election at term 2 for -1: [e1c8181d-fec9-4c63-b279-ecea4ae6fb4e:192.168.69.100:35006, e691072e-736f-4155-b802-4eb66a703156:192.168.69.100:44602, 713a193c-7c22-4398-8969-d8ef79c9ca0d:192.168.69.100:41065], old=null
2019-08-20 14:16:06,965 [713a193c-7c22-4398-8969-d8ef79c9ca0d:group-D99EEE42CD84:LeaderElection43] INFO  impl.LeaderElection (LeaderElection.java:askForVotes(181)) - 713a193c-7c22-4398-8969-d8ef79c9ca0d:group-D99EEE42CD84:LeaderElection43: begin an election at term 2 for -1: [e1c8181d-fec9-4c63-b279-ecea4ae6fb4e:192.168.69.100:35006, e691072e-736f-4155-b802-4eb66a703156:192.168.69.100:44602, 713a193c-7c22-4398-8969-d8ef79c9ca0d:192.168.69.100:41065], old=null
2019-08-20 14:16:06,985 [e1c8181d-fec9-4c63-b279-ecea4ae6fb4e:group-D99EEE42CD84:LeaderElection42] INFO  impl.LeaderElection (LeaderElection.java:logAndReturn(56)) - e1c8181d-fec9-4c63-b279-ecea4ae6fb4e:group-D99EEE42CD84:LeaderElection42: Election REJECTED; received 2 response(s) [e1c8181d-fec9-4c63-b279-ecea4ae6fb4e<-e691072e-736f-4155-b802-4eb66a703156#0:FAIL-t2, e1c8181d-fec9-4c63-b279-ecea4ae6fb4e<-713a193c-7c22-4398-8969-d8ef79c9ca0d#0:FAIL-t2] and 0 exception(s); e1c8181d-fec9-4c63-b279-ecea4ae6fb4e:t2, leader=null, voted=e1c8181d-fec9-4c63-b279-ecea4ae6fb4e, raftlog=e1c8181d-fec9-4c63-b279-ecea4ae6fb4e-SegmentedRaftLog:OPENED:c-1,f-1,i0, conf=-1: [e1c8181d-fec9-4c63-b279-ecea4ae6fb4e:192.168.69.100:35006, e691072e-736f-4155-b802-4eb66a703156:192.168.69.100:44602, 713a193c-7c22-4398-8969-d8ef79c9ca0d:192.168.69.100:41065], old=null
2019-08-20 14:16:06,985 [e1c8181d-fec9-4c63-b279-ecea4ae6fb4e:group-D99EEE42CD84:LeaderElection42] INFO  impl.RaftServerImpl (RaftServerImpl.java:setRole(171)) - e1c8181d-fec9-4c63-b279-ecea4ae6fb4e:group-D99EEE42CD84 changes role from CANDIDATE to FOLLOWER at term 2 for DISCOVERED_A_NEW_TERM
2019-08-20 14:16:06,985 [713a193c-7c22-4398-8969-d8ef79c9ca0d:group-D99EEE42CD84:LeaderElection43] INFO  impl.LeaderElection (LeaderElection.java:logAndReturn(56)) - 713a193c-7c22-4398-8969-d8ef79c9ca0d:group-D99EEE42CD84:LeaderElection43: Election REJECTED; received 2 response(s) [713a193c-7c22-4398-8969-d8ef79c9ca0d<-e1c8181d-fec9-4c63-b279-ecea4ae6fb4e#0:FAIL-t2, 713a193c-7c22-4398-8969-d8ef79c9ca0d<-e691072e-736f-4155-b802-4eb66a703156#0:FAIL-t2] and 0 exception(s); 713a193c-7c22-4398-8969-d8ef79c9ca0d:t2, leader=null, voted=713a193c-7c22-4398-8969-d8ef79c9ca0d, raftlog=713a193c-7c22-4398-8969-d8ef79c9ca0d-SegmentedRaftLog:OPENED:c-1,f-1,i0, conf=-1: [e1c8181d-fec9-4c63-b279-ecea4ae6fb4e:192.168.69.100:35006, e691072e-736f-4155-b802-4eb66a703156:192.168.69.100:44602, 713a193c-7c22-4398-8969-d8ef79c9ca0d:192.168.69.100:41065], old=null
2019-08-20 14:16:06,985 [e1c8181d-fec9-4c63-b279-ecea4ae6fb4e:group-D99EEE42CD84:LeaderElection42] INFO  impl.RoleInfo (RoleInfo.java:shutdownLeaderElection(134)) - e1c8181d-fec9-4c63-b279-ecea4ae6fb4e: shutdown LeaderElection
2019-08-20 14:16:06,985 [713a193c-7c22-4398-8969-d8ef79c9ca0d:group-D99EEE42CD84:LeaderElection43] INFO  impl.RaftServerImpl (RaftServerImpl.java:setRole(171)) - 713a193c-7c22-4398-8969-d8ef79c9ca0d:group-D99EEE42CD84 changes role from CANDIDATE to FOLLOWER at term 2 for DISCOVERED_A_NEW_TERM
2019-08-20 14:16:06,986 [e1c8181d-fec9-4c63-b279-ecea4ae6fb4e:group-D99EEE42CD84:LeaderElection42] INFO  impl.RoleInfo (RoleInfo.java:updateAndGet(143)) - e1c8181d-fec9-4c63-b279-ecea4ae6fb4e: start FollowerState
2019-08-20 14:16:06,986 [e691072e-736f-4155-b802-4eb66a703156:group-D99EEE42CD84:LeaderElection41] INFO  impl.LeaderElection (LeaderElection.java:logAndReturn(56)) - e691072e-736f-4155-b802-4eb66a703156:group-D99EEE42CD84:LeaderElection41: Election REJECTED; received 2 response(s) [e691072e-736f-4155-b802-4eb66a703156<-e1c8181d-fec9-4c63-b279-ecea4ae6fb4e#0:FAIL-t2, e691072e-736f-4155-b802-4eb66a703156<-713a193c-7c22-4398-8969-d8ef79c9ca0d#0:FAIL-t2] and 0 exception(s); e691072e-736f-4155-b802-4eb66a703156:t2, leader=null, voted=e691072e-736f-4155-b802-4eb66a703156, raftlog=e691072e-736f-4155-b802-4eb66a703156-SegmentedRaftLog:OPENED:c-1,f-1,i0, conf=-1: [e1c8181d-fec9-4c63-b279-ecea4ae6fb4e:192.168.69.100:35006, e691072e-736f-4155-b802-4eb66a703156:192.168.69.100:44602, 713a193c-7c22-4398-8969-d8ef79c9ca0d:192.168.69.100:41065], old=null
2019-08-20 14:16:06,986 [713a193c-7c22-4398-8969-d8ef79c9ca0d:group-D99EEE42CD84:LeaderElection43] INFO  impl.RoleInfo (RoleInfo.java:shutdownLeaderElection(134)) - 713a193c-7c22-4398-8969-d8ef79c9ca0d: shutdown LeaderElection
2019-08-20 14:16:06,986 [e691072e-736f-4155-b802-4eb66a703156:group-D99EEE42CD84:LeaderElection41] INFO  impl.RaftServerImpl (RaftServerImpl.java:setRole(171)) - e691072e-736f-4155-b802-4eb66a703156:group-D99EEE42CD84 changes role from CANDIDATE to FOLLOWER at term 2 for DISCOVERED_A_NEW_TERM
2019-08-20 14:16:06,986 [713a193c-7c22-4398-8969-d8ef79c9ca0d:group-D99EEE42CD84:LeaderElection43] INFO  impl.RoleInfo (RoleInfo.java:updateAndGet(143)) - 713a193c-7c22-4398-8969-d8ef79c9ca0d: start FollowerState
2019-08-20 14:16:06,986 [e691072e-736f-4155-b802-4eb66a703156:group-D99EEE42CD84:LeaderElection41] INFO  impl.RoleInfo (RoleInfo.java:shutdownLeaderElection(134)) - e691072e-736f-4155-b802-4eb66a703156: shutdown LeaderElection
2019-08-20 14:16:06,986 [e691072e-736f-4155-b802-4eb66a703156:group-D99EEE42CD84:LeaderElection41] INFO  impl.RoleInfo (RoleInfo.java:updateAndGet(143)) - e691072e-736f-4155-b802-4eb66a703156: start FollowerState
2019-08-20 14:16:07,020 [grpc-default-executor-4] INFO  client.GrpcClientProtocolClient (GrpcClientProtocolClient.java:onNext(255)) - client-74BB8EA230DA->713a193c-7c22-4398-8969-d8ef79c9ca0d: receive RaftClientReply:client-74BB8EA230DA->713a193c-7c22-4398-8969-d8ef79c9ca0d@group-D99EEE42CD84, cid=66, FAILED org.apache.ratis.protocol.NotLeaderException: Server 713a193c-7c22-4398-8969-d8ef79c9ca0d is not the leader (null). Request must be sent to leader., logIndex=0, commits[713a193c-7c22-4398-8969-d8ef79c9ca0d:c-1]
2019-08-20 14:16:07,253 | INFO  | SCMAudit | user=jenkins1000 | ip=192.168.69.100 | op=SEND_HEARTBEAT {datanodeUUID=bfdf518d-3827-4a18-a953-b1a9cbd73588, command=[]} | ret=SUCCESS |  
2019-08-20 14:16:07,336 | INFO  | SCMAudit | user=jenkins1000 | ip=192.168.69.100 | op=SEND_HEARTBEAT {datanodeUUID=e691072e-736f-4155-b802-4eb66a703156, command=[]} | ret=SUCCESS |  
2019-08-20 14:16:07,551 | INFO  | SCMAudit | user=jenkins1000 | ip=192.168.69.100 | op=SEND_HEARTBEAT {datanodeUUID=89238edf-7113-49d9-b2af-f23b0f32d28d, command=[]} | ret=SUCCESS |  
2019-08-20 14:16:07,558 | INFO  | SCMAudit | user=jenkins1000 | ip=192.168.69.100 | op=SEND_HEARTBEAT {datanodeUUID=e1c8181d-fec9-4c63-b279-ecea4ae6fb4e, command=[]} | ret=SUCCESS |  
2019-08-20 14:16:07,643 [Thread-1503] INFO  impl.FollowerState (FollowerState.java:run(106)) - bfdf518d-3827-4a18-a953-b1a9cbd73588:group-8E6F48566B84 changes to CANDIDATE, lastRpcTime:5072, electionTimeout:5072ms
2019-08-20 14:16:07,643 [Thread-1503] INFO  impl.RoleInfo (RoleInfo.java:shutdownFollowerState(121)) - bfdf518d-3827-4a18-a953-b1a9cbd73588: shutdown FollowerState
2019-08-20 14:16:07,643 [Thread-1503] INFO  impl.RaftServerImpl (RaftServerImpl.java:setRole(171)) - bfdf518d-3827-4a18-a953-b1a9cbd73588:group-8E6F48566B84 changes role from FOLLOWER to CANDIDATE at term 1 for changeToCandidate
2019-08-20 14:16:07,643 [Thread-1503] INFO  impl.RoleInfo (RoleInfo.java:updateAndGet(143)) - bfdf518d-3827-4a18-a953-b1a9cbd73588: start LeaderElection
2019-08-20 14:16:07,679 [Thread-1505] INFO  impl.FollowerState (FollowerState.java:run(106)) - 89238edf-7113-49d9-b2af-f23b0f32d28d:group-8E6F48566B84 changes to CANDIDATE, lastRpcTime:5108, electionTimeout:5108ms
2019-08-20 14:16:07,680 [Thread-1505] INFO  impl.RoleInfo (RoleInfo.java:shutdownFollowerState(121)) - 89238edf-7113-49d9-b2af-f23b0f32d28d: shutdown FollowerState
2019-08-20 14:16:07,680 [Thread-1505] INFO  impl.RaftServerImpl (RaftServerImpl.java:setRole(171)) - 89238edf-7113-49d9-b2af-f23b0f32d28d:group-8E6F48566B84 changes role from FOLLOWER to CANDIDATE at term 1 for changeToCandidate
2019-08-20 14:16:07,680 [Thread-1505] INFO  impl.RoleInfo (RoleInfo.java:updateAndGet(143)) - 89238edf-7113-49d9-b2af-f23b0f32d28d: start LeaderElection
2019-08-20 14:16:07,718 | INFO  | SCMAudit | user=jenkins1000 | ip=192.168.69.100 | op=SEND_HEARTBEAT {datanodeUUID=3a7aed30-5b05-400a-aa20-51eb22baecbd, command=[]} | ret=SUCCESS |  
2019-08-20 14:16:07,733 | INFO  | SCMAudit | user=jenkins1000 | ip=192.168.69.100 | op=SEND_HEARTBEAT {datanodeUUID=713a193c-7c22-4398-8969-d8ef79c9ca0d, command=[]} | ret=SUCCESS |  
2019-08-20 14:16:07,758 [Thread-1504] INFO  impl.FollowerState (FollowerState.java:run(106)) - d573e1d8-8390-4409-afd7-d3779bc68bbe:group-8E6F48566B84 changes to CANDIDATE, lastRpcTime:5187, electionTimeout:5183ms
2019-08-20 14:16:07,758 [Thread-1504] INFO  impl.RoleInfo (RoleInfo.java:shutdownFollowerState(121)) - d573e1d8-8390-4409-afd7-d3779bc68bbe: shutdown FollowerState
2019-08-20 14:16:07,758 [Thread-1504] INFO  impl.RaftServerImpl (RaftServerImpl.java:setRole(171)) - d573e1d8-8390-4409-afd7-d3779bc68bbe:group-8E6F48566B84 changes role from FOLLOWER to CANDIDATE at term 1 for changeToCandidate
2019-08-20 14:16:07,758 [Thread-1504] INFO  impl.RoleInfo (RoleInfo.java:updateAndGet(143)) - d573e1d8-8390-4409-afd7-d3779bc68bbe: start LeaderElection
2019-08-20 14:16:07,920 | INFO  | SCMAudit | user=jenkins1000 | ip=192.168.69.100 | op=SEND_HEARTBEAT {datanodeUUID=d573e1d8-8390-4409-afd7-d3779bc68bbe, command=[]} | ret=SUCCESS |  
2019-08-20 14:16:08,035 [grpc-default-executor-4] INFO  client.GrpcClientProtocolClient (GrpcClientProtocolClient.java:onNext(255)) - client-74BB8EA230DA->e1c8181d-fec9-4c63-b279-ecea4ae6fb4e: receive RaftClientReply:client-74BB8EA230DA->e1c8181d-fec9-4c63-b279-ecea4ae6fb4e@group-D99EEE42CD84, cid=66, FAILED org.apache.ratis.protocol.NotLeaderException: Server e1c8181d-fec9-4c63-b279-ecea4ae6fb4e is not the leader (null). Request must be sent to leader., logIndex=0, commits[e1c8181d-fec9-4c63-b279-ecea4ae6fb4e:c-1]
2019-08-20 14:16:08,254 | INFO  | SCMAudit | user=jenkins1000 | ip=192.168.69.100 | op=SEND_HEARTBEAT {datanodeUUID=bfdf518d-3827-4a18-a953-b1a9cbd73588, command=[]} | ret=SUCCESS |  
2019-08-20 14:16:08,336 | INFO  | SCMAudit | user=jenkins1000 | ip=192.168.69.100 | op=SEND_HEARTBEAT {datanodeUUID=e691072e-736f-4155-b802-4eb66a703156, command=[]} | ret=SUCCESS |  
2019-08-20 14:16:08,550 | INFO  | SCMAudit | user=jenkins1000 | ip=192.168.69.100 | op=SEND_HEARTBEAT {datanodeUUID=89238edf-7113-49d9-b2af-f23b0f32d28d, command=[]} | ret=SUCCESS |  
2019-08-20 14:16:08,558 | INFO  | SCMAudit | user=jenkins1000 | ip=192.168.69.100 | op=SEND_HEARTBEAT {datanodeUUID=e1c8181d-fec9-4c63-b279-ecea4ae6fb4e, command=[]} | ret=SUCCESS |  
2019-08-20 14:16:08,719 | INFO  | SCMAudit | user=jenkins1000 | ip=192.168.69.100 | op=SEND_HEARTBEAT {datanodeUUID=3a7aed30-5b05-400a-aa20-51eb22baecbd, command=[]} | ret=SUCCESS |  
2019-08-20 14:16:08,733 | INFO  | SCMAudit | user=jenkins1000 | ip=192.168.69.100 | op=SEND_HEARTBEAT {datanodeUUID=713a193c-7c22-4398-8969-d8ef79c9ca0d, command=[]} | ret=SUCCESS |  
2019-08-20 14:16:08,920 | INFO  | SCMAudit | user=jenkins1000 | ip=192.168.69.100 | op=SEND_HEARTBEAT {datanodeUUID=d573e1d8-8390-4409-afd7-d3779bc68bbe, command=[]} | ret=SUCCESS |  
2019-08-20 14:16:09,041 [bfdf518d-3827-4a18-a953-b1a9cbd73588:group-8E6F48566B84:LeaderElection44] INFO  impl.LeaderElection (LeaderElection.java:askForVotes(181)) - bfdf518d-3827-4a18-a953-b1a9cbd73588:group-8E6F48566B84:LeaderElection44: begin an election at term 2 for -1: [d573e1d8-8390-4409-afd7-d3779bc68bbe:192.168.69.100:43226, 89238edf-7113-49d9-b2af-f23b0f32d28d:192.168.69.100:38627, bfdf518d-3827-4a18-a953-b1a9cbd73588:192.168.69.100:33445], old=null
2019-08-20 14:16:09,041 [d573e1d8-8390-4409-afd7-d3779bc68bbe:group-8E6F48566B84:LeaderElection46] INFO  impl.LeaderElection (LeaderElection.java:askForVotes(181)) - d573e1d8-8390-4409-afd7-d3779bc68bbe:group-8E6F48566B84:LeaderElection46: begin an election at term 2 for -1: [d573e1d8-8390-4409-afd7-d3779bc68bbe:192.168.69.100:43226, 89238edf-7113-49d9-b2af-f23b0f32d28d:192.168.69.100:38627, bfdf518d-3827-4a18-a953-b1a9cbd73588:192.168.69.100:33445], old=null
2019-08-20 14:16:09,041 [89238edf-7113-49d9-b2af-f23b0f32d28d:group-8E6F48566B84:LeaderElection45] INFO  impl.LeaderElection (LeaderElection.java:askForVotes(181)) - 89238edf-7113-49d9-b2af-f23b0f32d28d:group-8E6F48566B84:LeaderElection45: begin an election at term 2 for -1: [d573e1d8-8390-4409-afd7-d3779bc68bbe:192.168.69.100:43226, 89238edf-7113-49d9-b2af-f23b0f32d28d:192.168.69.100:38627, bfdf518d-3827-4a18-a953-b1a9cbd73588:192.168.69.100:33445], old=null
2019-08-20 14:16:09,050 [grpc-default-executor-2] INFO  client.GrpcClientProtocolClient (GrpcClientProtocolClient.java:onNext(255)) - client-74BB8EA230DA->713a193c-7c22-4398-8969-d8ef79c9ca0d: receive RaftClientReply:client-74BB8EA230DA->713a193c-7c22-4398-8969-d8ef79c9ca0d@group-D99EEE42CD84, cid=66, FAILED org.apache.ratis.protocol.NotLeaderException: Server 713a193c-7c22-4398-8969-d8ef79c9ca0d is not the leader (null). Request must be sent to leader., logIndex=0, commits[713a193c-7c22-4398-8969-d8ef79c9ca0d:c-1]
2019-08-20 14:16:09,059 [bfdf518d-3827-4a18-a953-b1a9cbd73588:group-8E6F48566B84:LeaderElection44] INFO  impl.LeaderElection (LeaderElection.java:logAndReturn(56)) - bfdf518d-3827-4a18-a953-b1a9cbd73588:group-8E6F48566B84:LeaderElection44: Election REJECTED; received 2 response(s) [bfdf518d-3827-4a18-a953-b1a9cbd73588<-d573e1d8-8390-4409-afd7-d3779bc68bbe#0:FAIL-t2, bfdf518d-3827-4a18-a953-b1a9cbd73588<-89238edf-7113-49d9-b2af-f23b0f32d28d#0:FAIL-t2] and 0 exception(s); bfdf518d-3827-4a18-a953-b1a9cbd73588:t2, leader=null, voted=bfdf518d-3827-4a18-a953-b1a9cbd73588, raftlog=bfdf518d-3827-4a18-a953-b1a9cbd73588-SegmentedRaftLog:OPENED:c-1,f-1,i0, conf=-1: [d573e1d8-8390-4409-afd7-d3779bc68bbe:192.168.69.100:43226, 89238edf-7113-49d9-b2af-f23b0f32d28d:192.168.69.100:38627, bfdf518d-3827-4a18-a953-b1a9cbd73588:192.168.69.100:33445], old=null
2019-08-20 14:16:09,059 [bfdf518d-3827-4a18-a953-b1a9cbd73588:group-8E6F48566B84:LeaderElection44] INFO  impl.RaftServerImpl (RaftServerImpl.java:setRole(171)) - bfdf518d-3827-4a18-a953-b1a9cbd73588:group-8E6F48566B84 changes role from CANDIDATE to FOLLOWER at term 2 for DISCOVERED_A_NEW_TERM
2019-08-20 14:16:09,059 [89238edf-7113-49d9-b2af-f23b0f32d28d:group-8E6F48566B84:LeaderElection45] INFO  impl.LeaderElection (LeaderElection.java:logAndReturn(56)) - 89238edf-7113-49d9-b2af-f23b0f32d28d:group-8E6F48566B84:LeaderElection45: Election REJECTED; received 2 response(s) [89238edf-7113-49d9-b2af-f23b0f32d28d<-d573e1d8-8390-4409-afd7-d3779bc68bbe#0:FAIL-t2, 89238edf-7113-49d9-b2af-f23b0f32d28d<-bfdf518d-3827-4a18-a953-b1a9cbd73588#0:FAIL-t2] and 0 exception(s); 89238edf-7113-49d9-b2af-f23b0f32d28d:t2, leader=null, voted=89238edf-7113-49d9-b2af-f23b0f32d28d, raftlog=89238edf-7113-49d9-b2af-f23b0f32d28d-SegmentedRaftLog:OPENED:c-1,f-1,i0, conf=-1: [d573e1d8-8390-4409-afd7-d3779bc68bbe:192.168.69.100:43226, 89238edf-7113-49d9-b2af-f23b0f32d28d:192.168.69.100:38627, bfdf518d-3827-4a18-a953-b1a9cbd73588:192.168.69.100:33445], old=null
2019-08-20 14:16:09,059 [bfdf518d-3827-4a18-a953-b1a9cbd73588:group-8E6F48566B84:LeaderElection44] INFO  impl.RoleInfo (RoleInfo.java:shutdownLeaderElection(134)) - bfdf518d-3827-4a18-a953-b1a9cbd73588: shutdown LeaderElection
2019-08-20 14:16:09,059 [89238edf-7113-49d9-b2af-f23b0f32d28d:group-8E6F48566B84:LeaderElection45] INFO  impl.RaftServerImpl (RaftServerImpl.java:setRole(171)) - 89238edf-7113-49d9-b2af-f23b0f32d28d:group-8E6F48566B84 changes role from CANDIDATE to FOLLOWER at term 2 for DISCOVERED_A_NEW_TERM
2019-08-20 14:16:09,059 [d573e1d8-8390-4409-afd7-d3779bc68bbe:group-8E6F48566B84:LeaderElection46] INFO  impl.LeaderElection (LeaderElection.java:logAndReturn(56)) - d573e1d8-8390-4409-afd7-d3779bc68bbe:group-8E6F48566B84:LeaderElection46: Election REJECTED; received 2 response(s) [d573e1d8-8390-4409-afd7-d3779bc68bbe<-89238edf-7113-49d9-b2af-f23b0f32d28d#0:FAIL-t2, d573e1d8-8390-4409-afd7-d3779bc68bbe<-bfdf518d-3827-4a18-a953-b1a9cbd73588#0:FAIL-t2] and 0 exception(s); d573e1d8-8390-4409-afd7-d3779bc68bbe:t2, leader=null, voted=d573e1d8-8390-4409-afd7-d3779bc68bbe, raftlog=d573e1d8-8390-4409-afd7-d3779bc68bbe-SegmentedRaftLog:OPENED:c-1,f-1,i0, conf=-1: [d573e1d8-8390-4409-afd7-d3779bc68bbe:192.168.69.100:43226, 89238edf-7113-49d9-b2af-f23b0f32d28d:192.168.69.100:38627, bfdf518d-3827-4a18-a953-b1a9cbd73588:192.168.69.100:33445], old=null
2019-08-20 14:16:09,059 [89238edf-7113-49d9-b2af-f23b0f32d28d:group-8E6F48566B84:LeaderElection45] INFO  impl.RoleInfo (RoleInfo.java:shutdownLeaderElection(134)) - 89238edf-7113-49d9-b2af-f23b0f32d28d: shutdown LeaderElection
2019-08-20 14:16:09,059 [bfdf518d-3827-4a18-a953-b1a9cbd73588:group-8E6F48566B84:LeaderElection44] INFO  impl.RoleInfo (RoleInfo.java:updateAndGet(143)) - bfdf518d-3827-4a18-a953-b1a9cbd73588: start FollowerState
2019-08-20 14:16:09,059 [89238edf-7113-49d9-b2af-f23b0f32d28d:group-8E6F48566B84:LeaderElection45] INFO  impl.RoleInfo (RoleInfo.java:updateAndGet(143)) - 89238edf-7113-49d9-b2af-f23b0f32d28d: start FollowerState
2019-08-20 14:16:09,059 [d573e1d8-8390-4409-afd7-d3779bc68bbe:group-8E6F48566B84:LeaderElection46] INFO  impl.RaftServerImpl (RaftServerImpl.java:setRole(171)) - d573e1d8-8390-4409-afd7-d3779bc68bbe:group-8E6F48566B84 changes role from CANDIDATE to FOLLOWER at term 2 for DISCOVERED_A_NEW_TERM
2019-08-20 14:16:09,060 [d573e1d8-8390-4409-afd7-d3779bc68bbe:group-8E6F48566B84:LeaderElection46] INFO  impl.RoleInfo (RoleInfo.java:shutdownLeaderElection(134)) - d573e1d8-8390-4409-afd7-d3779bc68bbe: shutdown LeaderElection
2019-08-20 14:16:09,060 [d573e1d8-8390-4409-afd7-d3779bc68bbe:group-8E6F48566B84:LeaderElection46] INFO  impl.RoleInfo (RoleInfo.java:updateAndGet(143)) - d573e1d8-8390-4409-afd7-d3779bc68bbe: start FollowerState
2019-08-20 14:16:09,253 | INFO  | SCMAudit | user=jenkins1000 | ip=192.168.69.100 | op=SEND_HEARTBEAT {datanodeUUID=bfdf518d-3827-4a18-a953-b1a9cbd73588, command=[]} | ret=SUCCESS |  
2019-08-20 14:16:09,336 | INFO  | SCMAudit | user=jenkins1000 | ip=192.168.69.100 | op=SEND_HEARTBEAT {datanodeUUID=e691072e-736f-4155-b802-4eb66a703156, command=[]} | ret=SUCCESS |  
2019-08-20 14:16:09,550 | INFO  | SCMAudit | user=jenkins1000 | ip=192.168.69.100 | op=SEND_HEARTBEAT {datanodeUUID=89238edf-7113-49d9-b2af-f23b0f32d28d, command=[]} | ret=SUCCESS |  
2019-08-20 14:16:09,558 | INFO  | SCMAudit | user=jenkins1000 | ip=192.168.69.100 | op=SEND_HEARTBEAT {datanodeUUID=e1c8181d-fec9-4c63-b279-ecea4ae6fb4e, command=[]} | ret=SUCCESS |  
2019-08-20 14:16:09,718 | INFO  | SCMAudit | user=jenkins1000 | ip=192.168.69.100 | op=SEND_HEARTBEAT {datanodeUUID=3a7aed30-5b05-400a-aa20-51eb22baecbd, command=[]} | ret=SUCCESS |  
2019-08-20 14:16:09,733 | INFO  | SCMAudit | user=jenkins1000 | ip=192.168.69.100 | op=SEND_HEARTBEAT {datanodeUUID=713a193c-7c22-4398-8969-d8ef79c9ca0d, command=[]} | ret=SUCCESS |  
2019-08-20 14:16:09,920 | INFO  | SCMAudit | user=jenkins1000 | ip=192.168.69.100 | op=SEND_HEARTBEAT {datanodeUUID=d573e1d8-8390-4409-afd7-d3779bc68bbe, command=[]} | ret=SUCCESS |  
2019-08-20 14:16:10,065 [grpc-default-executor-0] INFO  client.GrpcClientProtocolClient (GrpcClientProtocolClient.java:onNext(255)) - client-74BB8EA230DA->e1c8181d-fec9-4c63-b279-ecea4ae6fb4e: receive RaftClientReply:client-74BB8EA230DA->e1c8181d-fec9-4c63-b279-ecea4ae6fb4e@group-D99EEE42CD84, cid=66, FAILED org.apache.ratis.protocol.NotLeaderException: Server e1c8181d-fec9-4c63-b279-ecea4ae6fb4e is not the leader (null). Request must be sent to leader., logIndex=0, commits[e1c8181d-fec9-4c63-b279-ecea4ae6fb4e:c-1]
2019-08-20 14:16:10,254 | INFO  | SCMAudit | user=jenkins1000 | ip=192.168.69.100 | op=SEND_HEARTBEAT {datanodeUUID=bfdf518d-3827-4a18-a953-b1a9cbd73588, command=[]} | ret=SUCCESS |  
2019-08-20 14:16:10,336 | INFO  | SCMAudit | user=jenkins1000 | ip=192.168.69.100 | op=SEND_HEARTBEAT {datanodeUUID=e691072e-736f-4155-b802-4eb66a703156, command=[]} | ret=SUCCESS |  
2019-08-20 14:16:10,550 | INFO  | SCMAudit | user=jenkins1000 | ip=192.168.69.100 | op=SEND_HEARTBEAT {datanodeUUID=89238edf-7113-49d9-b2af-f23b0f32d28d, command=[]} | ret=SUCCESS |  
2019-08-20 14:16:10,558 | INFO  | SCMAudit | user=jenkins1000 | ip=192.168.69.100 | op=SEND_HEARTBEAT {datanodeUUID=e1c8181d-fec9-4c63-b279-ecea4ae6fb4e, command=[]} | ret=SUCCESS |  
2019-08-20 14:16:10,718 | INFO  | SCMAudit | user=jenkins1000 | ip=192.168.69.100 | op=SEND_HEARTBEAT {datanodeUUID=3a7aed30-5b05-400a-aa20-51eb22baecbd, command=[]} | ret=SUCCESS |  
2019-08-20 14:16:10,733 | INFO  | SCMAudit | user=jenkins1000 | ip=192.168.69.100 | op=SEND_HEARTBEAT {datanodeUUID=713a193c-7c22-4398-8969-d8ef79c9ca0d, command=[]} | ret=SUCCESS |  
2019-08-20 14:16:10,921 | INFO  | SCMAudit | user=jenkins1000 | ip=192.168.69.100 | op=SEND_HEARTBEAT {datanodeUUID=d573e1d8-8390-4409-afd7-d3779bc68bbe, command=[]} | ret=SUCCESS |  
2019-08-20 14:16:11,080 [grpc-default-executor-2] INFO  client.GrpcClientProtocolClient (GrpcClientProtocolClient.java:onNext(255)) - client-74BB8EA230DA->e691072e-736f-4155-b802-4eb66a703156: receive RaftClientReply:client-74BB8EA230DA->e691072e-736f-4155-b802-4eb66a703156@group-D99EEE42CD84, cid=66, FAILED org.apache.ratis.protocol.NotLeaderException: Server e691072e-736f-4155-b802-4eb66a703156 is not the leader (null). Request must be sent to leader., logIndex=0, commits[e691072e-736f-4155-b802-4eb66a703156:c-1]
2019-08-20 14:16:11,253 | INFO  | SCMAudit | user=jenkins1000 | ip=192.168.69.100 | op=SEND_HEARTBEAT {datanodeUUID=bfdf518d-3827-4a18-a953-b1a9cbd73588, command=[]} | ret=SUCCESS |  
2019-08-20 14:16:11,337 | INFO  | SCMAudit | user=jenkins1000 | ip=192.168.69.100 | op=SEND_HEARTBEAT {datanodeUUID=e691072e-736f-4155-b802-4eb66a703156, command=[]} | ret=SUCCESS |  
2019-08-20 14:16:11,551 | INFO  | SCMAudit | user=jenkins1000 | ip=192.168.69.100 | op=SEND_HEARTBEAT {datanodeUUID=89238edf-7113-49d9-b2af-f23b0f32d28d, command=[]} | ret=SUCCESS |  
2019-08-20 14:16:11,558 | INFO  | SCMAudit | user=jenkins1000 | ip=192.168.69.100 | op=SEND_HEARTBEAT {datanodeUUID=e1c8181d-fec9-4c63-b279-ecea4ae6fb4e, command=[]} | ret=SUCCESS |  
2019-08-20 14:16:11,719 | INFO  | SCMAudit | user=jenkins1000 | ip=192.168.69.100 | op=SEND_HEARTBEAT {datanodeUUID=3a7aed30-5b05-400a-aa20-51eb22baecbd, command=[]} | ret=SUCCESS |  
2019-08-20 14:16:11,733 | INFO  | SCMAudit | user=jenkins1000 | ip=192.168.69.100 | op=SEND_HEARTBEAT {datanodeUUID=713a193c-7c22-4398-8969-d8ef79c9ca0d, command=[]} | ret=SUCCESS |  
2019-08-20 14:16:11,920 | INFO  | SCMAudit | user=jenkins1000 | ip=192.168.69.100 | op=SEND_HEARTBEAT {datanodeUUID=d573e1d8-8390-4409-afd7-d3779bc68bbe, command=[]} | ret=SUCCESS |  
2019-08-20 14:16:12,013 [Thread-1529] INFO  impl.FollowerState (FollowerState.java:run(106)) - 713a193c-7c22-4398-8969-d8ef79c9ca0d:group-D99EEE42CD84 changes to CANDIDATE, lastRpcTime:5026, electionTimeout:5026ms
2019-08-20 14:16:12,013 [Thread-1529] INFO  impl.RoleInfo (RoleInfo.java:shutdownFollowerState(121)) - 713a193c-7c22-4398-8969-d8ef79c9ca0d: shutdown FollowerState
2019-08-20 14:16:12,013 [Thread-1529] INFO  impl.RaftServerImpl (RaftServerImpl.java:setRole(171)) - 713a193c-7c22-4398-8969-d8ef79c9ca0d:group-D99EEE42CD84 changes role from FOLLOWER to CANDIDATE at term 2 for changeToCandidate
2019-08-20 14:16:12,013 [Thread-1529] INFO  impl.RoleInfo (RoleInfo.java:updateAndGet(143)) - 713a193c-7c22-4398-8969-d8ef79c9ca0d: start LeaderElection
2019-08-20 14:16:12,014 [Thread-1528] INFO  impl.FollowerState (FollowerState.java:run(106)) - e1c8181d-fec9-4c63-b279-ecea4ae6fb4e:group-D99EEE42CD84 changes to CANDIDATE, lastRpcTime:5028, electionTimeout:5028ms
2019-08-20 14:16:12,014 [Thread-1528] INFO  impl.RoleInfo (RoleInfo.java:shutdownFollowerState(121)) - e1c8181d-fec9-4c63-b279-ecea4ae6fb4e: shutdown FollowerState
2019-08-20 14:16:12,014 [Thread-1528] INFO  impl.RaftServerImpl (RaftServerImpl.java:setRole(171)) - e1c8181d-fec9-4c63-b279-ecea4ae6fb4e:group-D99EEE42CD84 changes role from FOLLOWER to CANDIDATE at term 2 for changeToCandidate
2019-08-20 14:16:12,015 [Thread-1528] INFO  impl.RoleInfo (RoleInfo.java:updateAndGet(143)) - e1c8181d-fec9-4c63-b279-ecea4ae6fb4e: start LeaderElection
2019-08-20 14:16:12,108 [grpc-default-executor-0] INFO  client.GrpcClientProtocolClient (GrpcClientProtocolClient.java:onNext(255)) - client-74BB8EA230DA->e1c8181d-fec9-4c63-b279-ecea4ae6fb4e: receive RaftClientReply:client-74BB8EA230DA->e1c8181d-fec9-4c63-b279-ecea4ae6fb4e@group-D99EEE42CD84, cid=66, FAILED org.apache.ratis.protocol.NotLeaderException: Server e1c8181d-fec9-4c63-b279-ecea4ae6fb4e is not the leader (null). Request must be sent to leader., logIndex=0, commits[e1c8181d-fec9-4c63-b279-ecea4ae6fb4e:c-1]
2019-08-20 14:16:12,170 [Thread-1530] INFO  impl.FollowerState (FollowerState.java:run(106)) - e691072e-736f-4155-b802-4eb66a703156:group-D99EEE42CD84 changes to CANDIDATE, lastRpcTime:5183, electionTimeout:5183ms
2019-08-20 14:16:12,170 [Thread-1530] INFO  impl.RoleInfo (RoleInfo.java:shutdownFollowerState(121)) - e691072e-736f-4155-b802-4eb66a703156: shutdown FollowerState
2019-08-20 14:16:12,170 [Thread-1530] INFO  impl.RaftServerImpl (RaftServerImpl.java:setRole(171)) - e691072e-736f-4155-b802-4eb66a703156:group-D99EEE42CD84 changes role from FOLLOWER to CANDIDATE at term 2 for changeToCandidate
2019-08-20 14:16:12,170 [Thread-1530] INFO  impl.RoleInfo (RoleInfo.java:updateAndGet(143)) - e691072e-736f-4155-b802-4eb66a703156: start LeaderElection
2019-08-20 14:16:12,253 | INFO  | SCMAudit | user=jenkins1000 | ip=192.168.69.100 | op=SEND_HEARTBEAT {datanodeUUID=bfdf518d-3827-4a18-a953-b1a9cbd73588, command=[]} | ret=SUCCESS |  
2019-08-20 14:16:12,337 | INFO  | SCMAudit | user=jenkins1000 | ip=192.168.69.100 | op=SEND_HEARTBEAT {datanodeUUID=e691072e-736f-4155-b802-4eb66a703156, command=[]} | ret=SUCCESS |  
2019-08-20 14:16:12,550 | INFO  | SCMAudit | user=jenkins1000 | ip=192.168.69.100 | op=SEND_HEARTBEAT {datanodeUUID=89238edf-7113-49d9-b2af-f23b0f32d28d, command=[]} | ret=SUCCESS |  
2019-08-20 14:16:12,558 | INFO  | SCMAudit | user=jenkins1000 | ip=192.168.69.100 | op=SEND_HEARTBEAT {datanodeUUID=e1c8181d-fec9-4c63-b279-ecea4ae6fb4e, command=[]} | ret=SUCCESS |  
2019-08-20 14:16:12,718 | INFO  | SCMAudit | user=jenkins1000 | ip=192.168.69.100 | op=SEND_HEARTBEAT {datanodeUUID=3a7aed30-5b05-400a-aa20-51eb22baecbd, command=[]} | ret=SUCCESS |  
2019-08-20 14:16:12,734 | INFO  | SCMAudit | user=jenkins1000 | ip=192.168.69.100 | op=SEND_HEARTBEAT {datanodeUUID=713a193c-7c22-4398-8969-d8ef79c9ca0d, command=[]} | ret=SUCCESS |  
2019-08-20 14:16:12,920 | INFO  | SCMAudit | user=jenkins1000 | ip=192.168.69.100 | op=SEND_HEARTBEAT {datanodeUUID=d573e1d8-8390-4409-afd7-d3779bc68bbe, command=[]} | ret=SUCCESS |  
2019-08-20 14:16:13,105 [e691072e-736f-4155-b802-4eb66a703156:group-D99EEE42CD84:LeaderElection49] INFO  impl.LeaderElection (LeaderElection.java:askForVotes(181)) - e691072e-736f-4155-b802-4eb66a703156:group-D99EEE42CD84:LeaderElection49: begin an election at term 3 for -1: [e1c8181d-fec9-4c63-b279-ecea4ae6fb4e:192.168.69.100:35006, e691072e-736f-4155-b802-4eb66a703156:192.168.69.100:44602, 713a193c-7c22-4398-8969-d8ef79c9ca0d:192.168.69.100:41065], old=null
2019-08-20 14:16:13,105 [713a193c-7c22-4398-8969-d8ef79c9ca0d:group-D99EEE42CD84:LeaderElection47] INFO  impl.LeaderElection (LeaderElection.java:askForVotes(181)) - 713a193c-7c22-4398-8969-d8ef79c9ca0d:group-D99EEE42CD84:LeaderElection47: begin an election at term 3 for -1: [e1c8181d-fec9-4c63-b279-ecea4ae6fb4e:192.168.69.100:35006, e691072e-736f-4155-b802-4eb66a703156:192.168.69.100:44602, 713a193c-7c22-4398-8969-d8ef79c9ca0d:192.168.69.100:41065], old=null
2019-08-20 14:16:13,105 [e1c8181d-fec9-4c63-b279-ecea4ae6fb4e:group-D99EEE42CD84:LeaderElection48] INFO  impl.LeaderElection (LeaderElection.java:askForVotes(181)) - e1c8181d-fec9-4c63-b279-ecea4ae6fb4e:group-D99EEE42CD84:LeaderElection48: begin an election at term 3 for -1: [e1c8181d-fec9-4c63-b279-ecea4ae6fb4e:192.168.69.100:35006, e691072e-736f-4155-b802-4eb66a703156:192.168.69.100:44602, 713a193c-7c22-4398-8969-d8ef79c9ca0d:192.168.69.100:41065], old=null
2019-08-20 14:16:13,109 [e691072e-736f-4155-b802-4eb66a703156:group-D99EEE42CD84:LeaderElection49] INFO  impl.LeaderElection (LeaderElection.java:logAndReturn(56)) - e691072e-736f-4155-b802-4eb66a703156:group-D99EEE42CD84:LeaderElection49: Election REJECTED; received 2 response(s) [e691072e-736f-4155-b802-4eb66a703156<-e1c8181d-fec9-4c63-b279-ecea4ae6fb4e#0:FAIL-t3, e691072e-736f-4155-b802-4eb66a703156<-713a193c-7c22-4398-8969-d8ef79c9ca0d#0:FAIL-t3] and 0 exception(s); e691072e-736f-4155-b802-4eb66a703156:t3, leader=null, voted=e691072e-736f-4155-b802-4eb66a703156, raftlog=e691072e-736f-4155-b802-4eb66a703156-SegmentedRaftLog:OPENED:c-1,f-1,i0, conf=-1: [e1c8181d-fec9-4c63-b279-ecea4ae6fb4e:192.168.69.100:35006, e691072e-736f-4155-b802-4eb66a703156:192.168.69.100:44602, 713a193c-7c22-4398-8969-d8ef79c9ca0d:192.168.69.100:41065], old=null
2019-08-20 14:16:13,109 [e691072e-736f-4155-b802-4eb66a703156:group-D99EEE42CD84:LeaderElection49] INFO  impl.RaftServerImpl (RaftServerImpl.java:setRole(171)) - e691072e-736f-4155-b802-4eb66a703156:group-D99EEE42CD84 changes role from CANDIDATE to FOLLOWER at term 3 for DISCOVERED_A_NEW_TERM
2019-08-20 14:16:13,109 [e691072e-736f-4155-b802-4eb66a703156:group-D99EEE42CD84:LeaderElection49] INFO  impl.RoleInfo (RoleInfo.java:shutdownLeaderElection(134)) - e691072e-736f-4155-b802-4eb66a703156: shutdown LeaderElection
2019-08-20 14:16:13,109 [e691072e-736f-4155-b802-4eb66a703156:group-D99EEE42CD84:LeaderElection49] INFO  impl.RoleInfo (RoleInfo.java:updateAndGet(143)) - e691072e-736f-4155-b802-4eb66a703156: start FollowerState
2019-08-20 14:16:13,110 [e1c8181d-fec9-4c63-b279-ecea4ae6fb4e:group-D99EEE42CD84:LeaderElection48] INFO  impl.LeaderElection (LeaderElection.java:logAndReturn(56)) - e1c8181d-fec9-4c63-b279-ecea4ae6fb4e:group-D99EEE42CD84:LeaderElection48: Election REJECTED; received 2 response(s) [e1c8181d-fec9-4c63-b279-ecea4ae6fb4e<-e691072e-736f-4155-b802-4eb66a703156#0:FAIL-t3, e1c8181d-fec9-4c63-b279-ecea4ae6fb4e<-713a193c-7c22-4398-8969-d8ef79c9ca0d#0:FAIL-t3] and 0 exception(s); e1c8181d-fec9-4c63-b279-ecea4ae6fb4e:t3, leader=null, voted=e1c8181d-fec9-4c63-b279-ecea4ae6fb4e, raftlog=e1c8181d-fec9-4c63-b279-ecea4ae6fb4e-SegmentedRaftLog:OPENED:c-1,f-1,i0, conf=-1: [e1c8181d-fec9-4c63-b279-ecea4ae6fb4e:192.168.69.100:35006, e691072e-736f-4155-b802-4eb66a703156:192.168.69.100:44602, 713a193c-7c22-4398-8969-d8ef79c9ca0d:192.168.69.100:41065], old=null
2019-08-20 14:16:13,110 [e1c8181d-fec9-4c63-b279-ecea4ae6fb4e:group-D99EEE42CD84:LeaderElection48] INFO  impl.RaftServerImpl (RaftServerImpl.java:setRole(171)) - e1c8181d-fec9-4c63-b279-ecea4ae6fb4e:group-D99EEE42CD84 changes role from CANDIDATE to FOLLOWER at term 3 for DISCOVERED_A_NEW_TERM
2019-08-20 14:16:13,111 [e1c8181d-fec9-4c63-b279-ecea4ae6fb4e:group-D99EEE42CD84:LeaderElection48] INFO  impl.RoleInfo (RoleInfo.java:shutdownLeaderElection(134)) - e1c8181d-fec9-4c63-b279-ecea4ae6fb4e: shutdown LeaderElection
2019-08-20 14:16:13,111 [e1c8181d-fec9-4c63-b279-ecea4ae6fb4e:group-D99EEE42CD84:LeaderElection48] INFO  impl.RoleInfo (RoleInfo.java:updateAndGet(143)) - e1c8181d-fec9-4c63-b279-ecea4ae6fb4e: start FollowerState
2019-08-20 14:16:13,111 [713a193c-7c22-4398-8969-d8ef79c9ca0d:group-D99EEE42CD84:LeaderElection47] INFO  impl.LeaderElection (LeaderElection.java:logAndReturn(56)) - 713a193c-7c22-4398-8969-d8ef79c9ca0d:group-D99EEE42CD84:LeaderElection47: Election REJECTED; received 2 response(s) [713a193c-7c22-4398-8969-d8ef79c9ca0d<-e1c8181d-fec9-4c63-b279-ecea4ae6fb4e#0:FAIL-t3, 713a193c-7c22-4398-8969-d8ef79c9ca0d<-e691072e-736f-4155-b802-4eb66a703156#0:FAIL-t3] and 0 exception(s); 713a193c-7c22-4398-8969-d8ef79c9ca0d:t3, leader=null, voted=713a193c-7c22-4398-8969-d8ef79c9ca0d, raftlog=713a193c-7c22-4398-8969-d8ef79c9ca0d-SegmentedRaftLog:OPENED:c-1,f-1,i0, conf=-1: [e1c8181d-fec9-4c63-b279-ecea4ae6fb4e:192.168.69.100:35006, e691072e-736f-4155-b802-4eb66a703156:192.168.69.100:44602, 713a193c-7c22-4398-8969-d8ef79c9ca0d:192.168.69.100:41065], old=null
2019-08-20 14:16:13,111 [713a193c-7c22-4398-8969-d8ef79c9ca0d:group-D99EEE42CD84:LeaderElection47] INFO  impl.RaftServerImpl (RaftServerImpl.java:setRole(171)) - 713a193c-7c22-4398-8969-d8ef79c9ca0d:group-D99EEE42CD84 changes role from CANDIDATE to FOLLOWER at term 3 for DISCOVERED_A_NEW_TERM
2019-08-20 14:16:13,111 [713a193c-7c22-4398-8969-d8ef79c9ca0d:group-D99EEE42CD84:LeaderElection47] INFO  impl.RoleInfo (RoleInfo.java:shutdownLeaderElection(134)) - 713a193c-7c22-4398-8969-d8ef79c9ca0d: shutdown LeaderElection
2019-08-20 14:16:13,111 [713a193c-7c22-4398-8969-d8ef79c9ca0d:group-D99EEE42CD84:LeaderElection47] INFO  impl.RoleInfo (RoleInfo.java:updateAndGet(143)) - 713a193c-7c22-4398-8969-d8ef79c9ca0d: start FollowerState
2019-08-20 14:16:13,127 [grpc-default-executor-2] INFO  client.GrpcClientProtocolClient (GrpcClientProtocolClient.java:onNext(255)) - client-74BB8EA230DA->e691072e-736f-4155-b802-4eb66a703156: receive RaftClientReply:client-74BB8EA230DA->e691072e-736f-4155-b802-4eb66a703156@group-D99EEE42CD84, cid=66, FAILED org.apache.ratis.protocol.NotLeaderException: Server e691072e-736f-4155-b802-4eb66a703156 is not the leader (null). Request must be sent to leader., logIndex=0, commits[e691072e-736f-4155-b802-4eb66a703156:c-1]
2019-08-20 14:16:13,254 | INFO  | SCMAudit | user=jenkins1000 | ip=192.168.69.100 | op=SEND_HEARTBEAT {datanodeUUID=bfdf518d-3827-4a18-a953-b1a9cbd73588, command=[]} | ret=SUCCESS |  
2019-08-20 14:16:13,337 | INFO  | SCMAudit | user=jenkins1000 | ip=192.168.69.100 | op=SEND_HEARTBEAT {datanodeUUID=e691072e-736f-4155-b802-4eb66a703156, command=[]} | ret=SUCCESS |  
2019-08-20 14:16:13,551 | INFO  | SCMAudit | user=jenkins1000 | ip=192.168.69.100 | op=SEND_HEARTBEAT {datanodeUUID=89238edf-7113-49d9-b2af-f23b0f32d28d, command=[]} | ret=SUCCESS |  
2019-08-20 14:16:13,559 | INFO  | SCMAudit | user=jenkins1000 | ip=192.168.69.100 | op=SEND_HEARTBEAT {datanodeUUID=e1c8181d-fec9-4c63-b279-ecea4ae6fb4e, command=[]} | ret=SUCCESS |  
2019-08-20 14:16:13,718 | INFO  | SCMAudit | user=jenkins1000 | ip=192.168.69.100 | op=SEND_HEARTBEAT {datanodeUUID=3a7aed30-5b05-400a-aa20-51eb22baecbd, command=[]} | ret=SUCCESS |  
2019-08-20 14:16:13,733 | INFO  | SCMAudit | user=jenkins1000 | ip=192.168.69.100 | op=SEND_HEARTBEAT {datanodeUUID=713a193c-7c22-4398-8969-d8ef79c9ca0d, command=[]} | ret=SUCCESS |  
2019-08-20 14:16:13,920 | INFO  | SCMAudit | user=jenkins1000 | ip=192.168.69.100 | op=SEND_HEARTBEAT {datanodeUUID=d573e1d8-8390-4409-afd7-d3779bc68bbe, command=[]} | ret=SUCCESS |  
2019-08-20 14:16:14,137 [grpc-default-executor-2] INFO  client.GrpcClientProtocolClient (GrpcClientProtocolClient.java:onNext(255)) - client-74BB8EA230DA->e1c8181d-fec9-4c63-b279-ecea4ae6fb4e: receive RaftClientReply:client-74BB8EA230DA->e1c8181d-fec9-4c63-b279-ecea4ae6fb4e@group-D99EEE42CD84, cid=66, FAILED org.apache.ratis.protocol.NotLeaderException: Server e1c8181d-fec9-4c63-b279-ecea4ae6fb4e is not the leader (null). Request must be sent to leader., logIndex=0, commits[e1c8181d-fec9-4c63-b279-ecea4ae6fb4e:c-1]
2019-08-20 14:16:14,146 [Thread-1549] INFO  impl.FollowerState (FollowerState.java:run(106)) - 89238edf-7113-49d9-b2af-f23b0f32d28d:group-8E6F48566B84 changes to CANDIDATE, lastRpcTime:5086, electionTimeout:5086ms
2019-08-20 14:16:14,146 [Thread-1549] INFO  impl.RoleInfo (RoleInfo.java:shutdownFollowerState(121)) - 89238edf-7113-49d9-b2af-f23b0f32d28d: shutdown FollowerState
2019-08-20 14:16:14,146 [Thread-1549] INFO  impl.RaftServerImpl (RaftServerImpl.java:setRole(171)) - 89238edf-7113-49d9-b2af-f23b0f32d28d:group-8E6F48566B84 changes role from FOLLOWER to CANDIDATE at term 2 for changeToCandidate
2019-08-20 14:16:14,147 [Thread-1549] INFO  impl.RoleInfo (RoleInfo.java:updateAndGet(143)) - 89238edf-7113-49d9-b2af-f23b0f32d28d: start LeaderElection
2019-08-20 14:16:14,160 [Thread-1550] INFO  impl.FollowerState (FollowerState.java:run(106)) - d573e1d8-8390-4409-afd7-d3779bc68bbe:group-8E6F48566B84 changes to CANDIDATE, lastRpcTime:5100, electionTimeout:5100ms
2019-08-20 14:16:14,160 [Thread-1550] INFO  impl.RoleInfo (RoleInfo.java:shutdownFollowerState(121)) - d573e1d8-8390-4409-afd7-d3779bc68bbe: shutdown FollowerState
2019-08-20 14:16:14,160 [Thread-1550] INFO  impl.RaftServerImpl (RaftServerImpl.java:setRole(171)) - d573e1d8-8390-4409-afd7-d3779bc68bbe:group-8E6F48566B84 changes role from FOLLOWER to CANDIDATE at term 2 for changeToCandidate
2019-08-20 14:16:14,160 [Thread-1550] INFO  impl.RoleInfo (RoleInfo.java:updateAndGet(143)) - d573e1d8-8390-4409-afd7-d3779bc68bbe: start LeaderElection
2019-08-20 14:16:14,225 [Thread-1548] INFO  impl.FollowerState (FollowerState.java:run(106)) - bfdf518d-3827-4a18-a953-b1a9cbd73588:group-8E6F48566B84 changes to CANDIDATE, lastRpcTime:5165, electionTimeout:5165ms
2019-08-20 14:16:14,225 [Thread-1548] INFO  impl.RoleInfo (RoleInfo.java:shutdownFollowerState(121)) - bfdf518d-3827-4a18-a953-b1a9cbd73588: shutdown FollowerState
2019-08-20 14:16:14,225 [Thread-1548] INFO  impl.RaftServerImpl (RaftServerImpl.java:setRole(171)) - bfdf518d-3827-4a18-a953-b1a9cbd73588:group-8E6F48566B84 changes role from FOLLOWER to CANDIDATE at term 2 for changeToCandidate
2019-08-20 14:16:14,225 [Thread-1548] INFO  impl.RoleInfo (RoleInfo.java:updateAndGet(143)) - bfdf518d-3827-4a18-a953-b1a9cbd73588: start LeaderElection
2019-08-20 14:16:14,253 | INFO  | SCMAudit | user=jenkins1000 | ip=192.168.69.100 | op=SEND_HEARTBEAT {datanodeUUID=bfdf518d-3827-4a18-a953-b1a9cbd73588, command=[]} | ret=SUCCESS |  
2019-08-20 14:16:14,337 | INFO  | SCMAudit | user=jenkins1000 | ip=192.168.69.100 | op=SEND_HEARTBEAT {datanodeUUID=e691072e-736f-4155-b802-4eb66a703156, command=[]} | ret=SUCCESS |  
2019-08-20 14:16:14,550 | INFO  | SCMAudit | user=jenkins1000 | ip=192.168.69.100 | op=SEND_HEARTBEAT {datanodeUUID=89238edf-7113-49d9-b2af-f23b0f32d28d, command=[]} | ret=SUCCESS |  
2019-08-20 14:16:14,558 | INFO  | SCMAudit | user=jenkins1000 | ip=192.168.69.100 | op=SEND_HEARTBEAT {datanodeUUID=e1c8181d-fec9-4c63-b279-ecea4ae6fb4e, command=[]} | ret=SUCCESS |  
2019-08-20 14:16:14,719 | INFO  | SCMAudit | user=jenkins1000 | ip=192.168.69.100 | op=SEND_HEARTBEAT {datanodeUUID=3a7aed30-5b05-400a-aa20-51eb22baecbd, command=[]} | ret=SUCCESS |  
2019-08-20 14:16:14,733 | INFO  | SCMAudit | user=jenkins1000 | ip=192.168.69.100 | op=SEND_HEARTBEAT {datanodeUUID=713a193c-7c22-4398-8969-d8ef79c9ca0d, command=[]} | ret=SUCCESS |  
2019-08-20 14:16:14,920 | INFO  | SCMAudit | user=jenkins1000 | ip=192.168.69.100 | op=SEND_HEARTBEAT {datanodeUUID=d573e1d8-8390-4409-afd7-d3779bc68bbe, command=[]} | ret=SUCCESS |  
2019-08-20 14:16:15,148 [grpc-default-executor-0] INFO  client.GrpcClientProtocolClient (GrpcClientProtocolClient.java:onNext(255)) - client-74BB8EA230DA->713a193c-7c22-4398-8969-d8ef79c9ca0d: receive RaftClientReply:client-74BB8EA230DA->713a193c-7c22-4398-8969-d8ef79c9ca0d@group-D99EEE42CD84, cid=66, FAILED org.apache.ratis.protocol.NotLeaderException: Server 713a193c-7c22-4398-8969-d8ef79c9ca0d is not the leader (null). Request must be sent to leader., logIndex=0, commits[713a193c-7c22-4398-8969-d8ef79c9ca0d:c-1]
]]></system-out>
    <system-err><![CDATA[Aug 20, 2019 2:15:49 PM com.sun.jersey.server.impl.application.WebApplicationImpl _initiate
INFO: Initiating Jersey application, version 'Jersey: 1.19 02/11/2015 03:25 AM'
Aug 20, 2019 2:15:49 PM com.sun.jersey.server.impl.application.WebApplicationImpl _initiate
INFO: Initiating Jersey application, version 'Jersey: 1.19 02/11/2015 03:25 AM'
Aug 20, 2019 2:15:49 PM com.sun.jersey.server.impl.application.WebApplicationImpl _initiate
INFO: Initiating Jersey application, version 'Jersey: 1.19 02/11/2015 03:25 AM'
Aug 20, 2019 2:15:49 PM com.sun.jersey.server.impl.application.WebApplicationImpl _initiate
INFO: Initiating Jersey application, version 'Jersey: 1.19 02/11/2015 03:25 AM'
Aug 20, 2019 2:15:50 PM com.sun.jersey.server.impl.application.WebApplicationImpl _initiate
INFO: Initiating Jersey application, version 'Jersey: 1.19 02/11/2015 03:25 AM'
Aug 20, 2019 2:15:50 PM com.sun.jersey.server.impl.application.WebApplicationImpl _initiate
INFO: Initiating Jersey application, version 'Jersey: 1.19 02/11/2015 03:25 AM'
Aug 20, 2019 2:15:50 PM com.sun.jersey.server.impl.application.WebApplicationImpl _initiate
INFO: Initiating Jersey application, version 'Jersey: 1.19 02/11/2015 03:25 AM'
]]></system-err>
  </testcase>
  <testcase name="testWatchForCommitForGroupMismatchException" classname="org.apache.hadoop.ozone.client.rpc.TestWatchForCommit" time="45.055"/>
  <testcase name="test2WayCommitForTimeoutException" classname="org.apache.hadoop.ozone.client.rpc.TestWatchForCommit" time="35.946"/>
</testsuite>