<?xml version="1.0" encoding="UTF-8"?>
<testsuite xmlns:xsi="http://www.w3.org/2001/XMLSchema-instance" xsi:noNamespaceSchemaLocation="https://maven.apache.org/surefire/maven-surefire-plugin/xsd/surefire-test-report.xsd" name="org.apache.hadoop.ozone.client.rpc.TestOzoneRpcClientWithRatis" time="72.408" tests="68" errors="2" skipped="2" failures="0">
  <properties>
    <property name="awt.toolkit" value="sun.awt.X11.XToolkit"/>
    <property name="file.encoding.pkg" value="sun.io"/>
    <property name="java.specification.version" value="1.8"/>
    <property name="sun.cpu.isalist" value=""/>
    <property name="sun.jnu.encoding" value="UTF-8"/>
    <property name="java.class.path" value="/workdir/hadoop-ozone/integration-test/target/test-classes:/workdir/hadoop-ozone/integration-test/target/classes:/home/user/.m2/repository/org/apache/hadoop/hadoop-ozone-common/0.5.0-SNAPSHOT/hadoop-ozone-common-0.5.0-SNAPSHOT.jar:/home/user/.m2/repository/org/apache/commons/commons-compress/1.4.1/commons-compress-1.4.1.jar:/home/user/.m2/repository/org/tukaani/xz/1.0/xz-1.0.jar:/home/user/.m2/repository/org/apache/hadoop/hadoop-common/3.2.0/hadoop-common-3.2.0.jar:/home/user/.m2/repository/org/apache/hadoop/hadoop-hdfs/3.2.0/hadoop-hdfs-3.2.0.jar:/home/user/.m2/repository/org/apache/hadoop/hadoop-hdfs-client/3.2.0/hadoop-hdfs-client-3.2.0.jar:/home/user/.m2/repository/com/fasterxml/jackson/core/jackson-annotations/2.9.5/jackson-annotations-2.9.5.jar:/home/user/.m2/repository/org/apache/hadoop/hadoop-hdds-common/0.5.0-SNAPSHOT/hadoop-hdds-common-0.5.0-SNAPSHOT.jar:/home/user/.m2/repository/javax/annotation/javax.annotation-api/1.2/javax.annotation-api-1.2.jar:/home/user/.m2/repository/org/apache/ratis/ratis-server/0.4.0-2337318-SNAPSHOT/ratis-server-0.4.0-2337318-SNAPSHOT.jar:/home/user/.m2/repository/org/apache/ratis/ratis-thirdparty-misc/0.2.0/ratis-thirdparty-misc-0.2.0.jar:/home/user/.m2/repository/org/apache/ratis/ratis-proto/0.4.0-2337318-SNAPSHOT/ratis-proto-0.4.0-2337318-SNAPSHOT.jar:/home/user/.m2/repository/org/apache/ratis/ratis-common/0.4.0-2337318-SNAPSHOT/ratis-common-0.4.0-2337318-SNAPSHOT.jar:/home/user/.m2/repository/org/apache/ratis/ratis-client/0.4.0-2337318-SNAPSHOT/ratis-client-0.4.0-2337318-SNAPSHOT.jar:/home/user/.m2/repository/org/apache/ratis/ratis-metrics/0.4.0-2337318-SNAPSHOT/ratis-metrics-0.4.0-2337318-SNAPSHOT.jar:/home/user/.m2/repository/org/apache/ratis/ratis-netty/0.4.0-2337318-SNAPSHOT/ratis-netty-0.4.0-2337318-SNAPSHOT.jar:/home/user/.m2/repository/org/apache/ratis/ratis-grpc/0.4.0-2337318-SNAPSHOT/ratis-grpc-0.4.0-2337318-SNAPSHOT.jar:/home/user/.m2/repository/org/rocksdb/rocksdbjni/6.0.1/rocksdbjni-6.0.1.jar:/home/user/.m2/repository/org/apache/logging/log4j/log4j-api/2.11.0/log4j-api-2.11.0.jar:/home/user/.m2/repository/org/apache/logging/log4j/log4j-core/2.11.0/log4j-core-2.11.0.jar:/home/user/.m2/repository/com/lmax/disruptor/3.4.2/disruptor-3.4.2.jar:/home/user/.m2/repository/org/apache/commons/commons-pool2/2.6.0/commons-pool2-2.6.0.jar:/home/user/.m2/repository/org/bouncycastle/bcpkix-jdk15on/1.60/bcpkix-jdk15on-1.60.jar:/home/user/.m2/repository/commons-validator/commons-validator/1.6/commons-validator-1.6.jar:/home/user/.m2/repository/commons-digester/commons-digester/1.8.1/commons-digester-1.8.1.jar:/home/user/.m2/repository/io/jaegertracing/jaeger-client/0.33.1/jaeger-client-0.33.1.jar:/home/user/.m2/repository/io/jaegertracing/jaeger-thrift/0.33.1/jaeger-thrift-0.33.1.jar:/home/user/.m2/repository/org/apache/thrift/libthrift/0.11.0/libthrift-0.11.0.jar:/home/user/.m2/repository/com/squareup/okhttp3/okhttp/3.9.0/okhttp-3.9.0.jar:/home/user/.m2/repository/com/squareup/okio/okio/1.13.0/okio-1.13.0.jar:/home/user/.m2/repository/io/jaegertracing/jaeger-core/0.33.1/jaeger-core-0.33.1.jar:/home/user/.m2/repository/io/jaegertracing/jaeger-tracerresolver/0.33.1/jaeger-tracerresolver-0.33.1.jar:/home/user/.m2/repository/io/opentracing/contrib/opentracing-tracerresolver/0.1.5/opentracing-tracerresolver-0.1.5.jar:/home/user/.m2/repository/io/opentracing/opentracing-util/0.31.0/opentracing-util-0.31.0.jar:/home/user/.m2/repository/io/opentracing/opentracing-api/0.31.0/opentracing-api-0.31.0.jar:/home/user/.m2/repository/io/opentracing/opentracing-noop/0.31.0/opentracing-noop-0.31.0.jar:/home/user/.m2/repository/org/apache/hadoop/hadoop-hdds-server-framework/0.5.0-SNAPSHOT/hadoop-hdds-server-framework-0.5.0-SNAPSHOT.jar:/home/user/.m2/repository/org/apache/hadoop/hadoop-hdds-container-service/0.5.0-SNAPSHOT/hadoop-hdds-container-service-0.5.0-SNAPSHOT.jar:/home/user/.m2/repository/org/apache/hadoop/hadoop-hdds-client/0.5.0-SNAPSHOT/hadoop-hdds-client-0.5.0-SNAPSHOT.jar:/home/user/.m2/repository/org/apache/hadoop/hadoop-hdds-tools/0.5.0-SNAPSHOT/hadoop-hdds-tools-0.5.0-SNAPSHOT.jar:/home/user/.m2/repository/org/apache/hadoop/hadoop-hdds-server-scm/0.5.0-SNAPSHOT/hadoop-hdds-server-scm-0.5.0-SNAPSHOT.jar:/home/user/.m2/repository/org/apache/hadoop/hadoop-hdds-docs/0.5.0-SNAPSHOT/hadoop-hdds-docs-0.5.0-SNAPSHOT.jar:/home/user/.m2/repository/io/dropwizard/metrics/metrics-core/3.2.4/metrics-core-3.2.4.jar:/home/user/.m2/repository/org/hamcrest/hamcrest-all/1.3/hamcrest-all-1.3.jar:/home/user/.m2/repository/org/bouncycastle/bcprov-jdk15on/1.60/bcprov-jdk15on-1.60.jar:/home/user/.m2/repository/info/picocli/picocli/3.9.6/picocli-3.9.6.jar:/home/user/.m2/repository/com/google/protobuf/protobuf-java/2.5.0/protobuf-java-2.5.0.jar:/home/user/.m2/repository/com/google/guava/guava/11.0.2/guava-11.0.2.jar:/home/user/.m2/repository/org/apache/hadoop/hadoop-ozone-ozone-manager/0.5.0-SNAPSHOT/hadoop-ozone-ozone-manager-0.5.0-SNAPSHOT.jar:/home/user/.m2/repository/org/apache/hadoop/hadoop-minikdc/3.2.0/hadoop-minikdc-3.2.0.jar:/home/user/.m2/repository/commons-io/commons-io/2.5/commons-io-2.5.jar:/home/user/.m2/repository/org/apache/kerby/kerb-simplekdc/1.0.1/kerb-simplekdc-1.0.1.jar:/home/user/.m2/repository/org/apache/kerby/kerb-client/1.0.1/kerb-client-1.0.1.jar:/home/user/.m2/repository/org/apache/kerby/kerby-config/1.0.1/kerby-config-1.0.1.jar:/home/user/.m2/repository/org/apache/kerby/kerb-core/1.0.1/kerb-core-1.0.1.jar:/home/user/.m2/repository/org/apache/kerby/kerby-pkix/1.0.1/kerby-pkix-1.0.1.jar:/home/user/.m2/repository/org/apache/kerby/kerby-asn1/1.0.1/kerby-asn1-1.0.1.jar:/home/user/.m2/repository/org/apache/kerby/kerby-util/1.0.1/kerby-util-1.0.1.jar:/home/user/.m2/repository/org/apache/kerby/kerb-common/1.0.1/kerb-common-1.0.1.jar:/home/user/.m2/repository/org/apache/kerby/kerb-crypto/1.0.1/kerb-crypto-1.0.1.jar:/home/user/.m2/repository/org/apache/kerby/kerb-util/1.0.1/kerb-util-1.0.1.jar:/home/user/.m2/repository/org/apache/kerby/token-provider/1.0.1/token-provider-1.0.1.jar:/home/user/.m2/repository/org/apache/kerby/kerb-admin/1.0.1/kerb-admin-1.0.1.jar:/home/user/.m2/repository/org/apache/kerby/kerb-server/1.0.1/kerb-server-1.0.1.jar:/home/user/.m2/repository/org/apache/kerby/kerb-identity/1.0.1/kerb-identity-1.0.1.jar:/home/user/.m2/repository/org/apache/kerby/kerby-xdr/1.0.1/kerby-xdr-1.0.1.jar:/home/user/.m2/repository/org/slf4j/slf4j-log4j12/1.7.25/slf4j-log4j12-1.7.25.jar:/home/user/.m2/repository/org/apache/hadoop/hadoop-ozone-s3gateway/0.5.0-SNAPSHOT/hadoop-ozone-s3gateway-0.5.0-SNAPSHOT.jar:/home/user/.m2/repository/org/jboss/weld/servlet/weld-servlet/2.4.7.Final/weld-servlet-2.4.7.Final.jar:/home/user/.m2/repository/org/glassfish/jersey/containers/jersey-container-servlet-core/2.27/jersey-container-servlet-core-2.27.jar:/home/user/.m2/repository/org/glassfish/hk2/external/javax.inject/2.5.0-b42/javax.inject-2.5.0-b42.jar:/home/user/.m2/repository/org/glassfish/jersey/core/jersey-common/2.27/jersey-common-2.27.jar:/home/user/.m2/repository/org/glassfish/hk2/osgi-resource-locator/1.0.1/osgi-resource-locator-1.0.1.jar:/home/user/.m2/repository/javax/ws/rs/javax.ws.rs-api/2.1/javax.ws.rs-api-2.1.jar:/home/user/.m2/repository/org/glassfish/jersey/ext/cdi/jersey-cdi1x/2.27/jersey-cdi1x-2.27.jar:/home/user/.m2/repository/org/glassfish/jersey/inject/jersey-hk2/2.27/jersey-hk2-2.27.jar:/home/user/.m2/repository/org/glassfish/hk2/hk2-locator/2.5.0-b42/hk2-locator-2.5.0-b42.jar:/home/user/.m2/repository/org/javassist/javassist/3.22.0-CR2/javassist-3.22.0-CR2.jar:/home/user/.m2/repository/org/glassfish/hk2/hk2-api/2.5.0/hk2-api-2.5.0.jar:/home/user/.m2/repository/org/glassfish/hk2/external/jakarta.inject/2.5.0/jakarta.inject-2.5.0.jar:/home/user/.m2/repository/org/glassfish/hk2/hk2-utils/2.5.0/hk2-utils-2.5.0.jar:/home/user/.m2/repository/jakarta/annotation/jakarta.annotation-api/1.3.4/jakarta.annotation-api-1.3.4.jar:/home/user/.m2/repository/org/glassfish/hk2/external/aopalliance-repackaged/2.5.0/aopalliance-repackaged-2.5.0.jar:/home/user/.m2/repository/com/fasterxml/jackson/dataformat/jackson-dataformat-xml/2.9.0/jackson-dataformat-xml-2.9.0.jar:/home/user/.m2/repository/com/fasterxml/jackson/core/jackson-core/2.9.5/jackson-core-2.9.5.jar:/home/user/.m2/repository/com/fasterxml/jackson/module/jackson-module-jaxb-annotations/2.9.5/jackson-module-jaxb-annotations-2.9.5.jar:/home/user/.m2/repository/javax/enterprise/cdi-api/1.2/cdi-api-1.2.jar:/home/user/.m2/repository/javax/el/javax.el-api/3.0.0/javax.el-api-3.0.0.jar:/home/user/.m2/repository/javax/interceptor/javax.interceptor-api/1.2/javax.interceptor-api-1.2.jar:/home/user/.m2/repository/javax/inject/javax.inject/1/javax.inject-1.jar:/home/user/.m2/repository/com/sun/xml/bind/jaxb-impl/2.3.0.1/jaxb-impl-2.3.0.1.jar:/home/user/.m2/repository/com/sun/xml/bind/jaxb-core/2.3.0.1/jaxb-core-2.3.0.1.jar:/home/user/.m2/repository/javax/xml/bind/jaxb-api/2.3.0/jaxb-api-2.3.0.jar:/home/user/.m2/repository/javax/activation/activation/1.1.1/activation-1.1.1.jar:/home/user/.m2/repository/org/apache/hadoop/hadoop-ozone-csi/0.5.0-SNAPSHOT/hadoop-ozone-csi-0.5.0-SNAPSHOT.jar:/home/user/.m2/repository/com/google/protobuf/protobuf-java-util/3.5.1/protobuf-java-util-3.5.1.jar:/home/user/.m2/repository/org/apache/hadoop/hadoop-hdds-config/0.5.0-SNAPSHOT/hadoop-hdds-config-0.5.0-SNAPSHOT.jar:/home/user/.m2/repository/io/grpc/grpc-netty/1.17.1/grpc-netty-1.17.1.jar:/home/user/.m2/repository/io/grpc/grpc-core/1.17.1/grpc-core-1.17.1.jar:/home/user/.m2/repository/io/grpc/grpc-context/1.17.1/grpc-context-1.17.1.jar:/home/user/.m2/repository/com/google/errorprone/error_prone_annotations/2.2.0/error_prone_annotations-2.2.0.jar:/home/user/.m2/repository/org/codehaus/mojo/animal-sniffer-annotations/1.17/animal-sniffer-annotations-1.17.jar:/home/user/.m2/repository/io/opencensus/opencensus-api/0.17.0/opencensus-api-0.17.0.jar:/home/user/.m2/repository/io/opencensus/opencensus-contrib-grpc-metrics/0.17.0/opencensus-contrib-grpc-metrics-0.17.0.jar:/home/user/.m2/repository/io/netty/netty-codec-http2/4.1.30.Final/netty-codec-http2-4.1.30.Final.jar:/home/user/.m2/repository/io/netty/netty-codec-http/4.1.30.Final/netty-codec-http-4.1.30.Final.jar:/home/user/.m2/repository/io/netty/netty-codec/4.1.30.Final/netty-codec-4.1.30.Final.jar:/home/user/.m2/repository/io/netty/netty-handler/4.1.30.Final/netty-handler-4.1.30.Final.jar:/home/user/.m2/repository/io/netty/netty-handler-proxy/4.1.30.Final/netty-handler-proxy-4.1.30.Final.jar:/home/user/.m2/repository/io/netty/netty-codec-socks/4.1.30.Final/netty-codec-socks-4.1.30.Final.jar:/home/user/.m2/repository/io/netty/netty-transport-native-epoll/4.1.30.Final/netty-transport-native-epoll-4.1.30.Final.jar:/home/user/.m2/repository/io/netty/netty-common/4.1.30.Final/netty-common-4.1.30.Final.jar:/home/user/.m2/repository/io/netty/netty-buffer/4.1.30.Final/netty-buffer-4.1.30.Final.jar:/home/user/.m2/repository/io/netty/netty-transport/4.1.30.Final/netty-transport-4.1.30.Final.jar:/home/user/.m2/repository/io/netty/netty-resolver/4.1.30.Final/netty-resolver-4.1.30.Final.jar:/home/user/.m2/repository/io/netty/netty-transport-native-unix-common/4.1.30.Final/netty-transport-native-unix-common-4.1.30.Final.jar:/home/user/.m2/repository/io/grpc/grpc-protobuf/1.17.1/grpc-protobuf-1.17.1.jar:/home/user/.m2/repository/com/google/api/grpc/proto-google-common-protos/1.0.0/proto-google-common-protos-1.0.0.jar:/home/user/.m2/repository/io/grpc/grpc-protobuf-lite/1.17.1/grpc-protobuf-lite-1.17.1.jar:/home/user/.m2/repository/io/grpc/grpc-stub/1.17.1/grpc-stub-1.17.1.jar:/home/user/.m2/repository/org/apache/hadoop/hadoop-ozone-recon/0.5.0-SNAPSHOT/hadoop-ozone-recon-0.5.0-SNAPSHOT.jar:/home/user/.m2/repository/org/apache/hadoop/hadoop-ozone-reconcodegen/0.5.0-SNAPSHOT/hadoop-ozone-reconcodegen-0.5.0-SNAPSHOT.jar:/home/user/.m2/repository/com/google/inject/extensions/guice-multibindings/4.0/guice-multibindings-4.0.jar:/home/user/.m2/repository/com/google/inject/guice/4.0/guice-4.0.jar:/home/user/.m2/repository/aopalliance/aopalliance/1.0/aopalliance-1.0.jar:/home/user/.m2/repository/com/google/inject/extensions/guice-servlet/4.0/guice-servlet-4.0.jar:/home/user/.m2/repository/org/glassfish/jersey/containers/jersey-container-servlet/2.27/jersey-container-servlet-2.27.jar:/home/user/.m2/repository/org/glassfish/hk2/guice-bridge/2.5.0/guice-bridge-2.5.0.jar:/home/user/.m2/repository/org/glassfish/jersey/core/jersey-server/2.27/jersey-server-2.27.jar:/home/user/.m2/repository/org/glassfish/jersey/core/jersey-client/2.27/jersey-client-2.27.jar:/home/user/.m2/repository/org/glassfish/jersey/media/jersey-media-jaxb/2.27/jersey-media-jaxb-2.27.jar:/home/user/.m2/repository/javax/validation/validation-api/1.1.0.Final/validation-api-1.1.0.Final.jar:/home/user/.m2/repository/org/glassfish/jersey/media/jersey-media-json-jackson/2.27/jersey-media-json-jackson-2.27.jar:/home/user/.m2/repository/org/glassfish/jersey/ext/jersey-entity-filtering/2.27/jersey-entity-filtering-2.27.jar:/home/user/.m2/repository/com/google/inject/extensions/guice-assistedinject/4.0/guice-assistedinject-4.0.jar:/home/user/.m2/repository/org/jooq/jooq/3.11.10/jooq-3.11.10.jar:/home/user/.m2/repository/org/jooq/jooq-meta/3.11.10/jooq-meta-3.11.10.jar:/home/user/.m2/repository/org/jooq/jooq-codegen/3.11.10/jooq-codegen-3.11.10.jar:/home/user/.m2/repository/com/jolbox/bonecp/0.8.0.RELEASE/bonecp-0.8.0.RELEASE.jar:/home/user/.m2/repository/org/xerial/sqlite-jdbc/3.25.2/sqlite-jdbc-3.25.2.jar:/home/user/.m2/repository/org/springframework/spring-jdbc/5.1.3.RELEASE/spring-jdbc-5.1.3.RELEASE.jar:/home/user/.m2/repository/org/springframework/spring-beans/5.1.3.RELEASE/spring-beans-5.1.3.RELEASE.jar:/home/user/.m2/repository/org/springframework/spring-core/5.1.3.RELEASE/spring-core-5.1.3.RELEASE.jar:/home/user/.m2/repository/org/springframework/spring-jcl/5.1.3.RELEASE/spring-jcl-5.1.3.RELEASE.jar:/home/user/.m2/repository/org/springframework/spring-tx/5.1.3.RELEASE/spring-tx-5.1.3.RELEASE.jar:/home/user/.m2/repository/org/apache/hadoop/hadoop-ozone-client/0.5.0-SNAPSHOT/hadoop-ozone-client-0.5.0-SNAPSHOT.jar:/home/user/.m2/repository/commons-lang/commons-lang/2.6/commons-lang-2.6.jar:/home/user/.m2/repository/org/apache/hadoop/hadoop-ozone-ozone-manager/0.5.0-SNAPSHOT/hadoop-ozone-ozone-manager-0.5.0-SNAPSHOT-tests.jar:/home/user/.m2/repository/junit/junit/4.11/junit-4.11.jar:/home/user/.m2/repository/org/hamcrest/hamcrest-core/1.3/hamcrest-core-1.3.jar:/home/user/.m2/repository/org/openjdk/jmh/jmh-core/1.19/jmh-core-1.19.jar:/home/user/.m2/repository/net/sf/jopt-simple/jopt-simple/4.6/jopt-simple-4.6.jar:/home/user/.m2/repository/org/apache/commons/commons-math3/3.1.1/commons-math3-3.1.1.jar:/home/user/.m2/repository/org/openjdk/jmh/jmh-generator-annprocess/1.19/jmh-generator-annprocess-1.19.jar:/home/user/.m2/repository/org/mockito/mockito-all/1.8.5/mockito-all-1.8.5.jar:/home/user/.m2/repository/org/apache/hadoop/hadoop-kms/3.2.0/hadoop-kms-3.2.0.jar:/home/user/.m2/repository/org/apache/hadoop/hadoop-auth/3.2.0/hadoop-auth-3.2.0.jar:/home/user/.m2/repository/com/nimbusds/nimbus-jose-jwt/4.41.1/nimbus-jose-jwt-4.41.1.jar:/home/user/.m2/repository/com/github/stephenc/jcip/jcip-annotations/1.0-1/jcip-annotations-1.0-1.jar:/home/user/.m2/repository/net/minidev/json-smart/2.3/json-smart-2.3.jar:/home/user/.m2/repository/net/minidev/accessors-smart/1.2/accessors-smart-1.2.jar:/home/user/.m2/repository/org/ow2/asm/asm/5.0.4/asm-5.0.4.jar:/home/user/.m2/repository/org/apache/curator/curator-framework/2.12.0/curator-framework-2.12.0.jar:/home/user/.m2/repository/com/sun/jersey/jersey-core/1.19/jersey-core-1.19.jar:/home/user/.m2/repository/javax/ws/rs/jsr311-api/1.1.1/jsr311-api-1.1.1.jar:/home/user/.m2/repository/com/sun/jersey/jersey-server/1.19/jersey-server-1.19.jar:/home/user/.m2/repository/javax/servlet/javax.servlet-api/3.1.0/javax.servlet-api-3.1.0.jar:/home/user/.m2/repository/org/eclipse/jetty/jetty-server/9.3.24.v20180605/jetty-server-9.3.24.v20180605.jar:/home/user/.m2/repository/org/eclipse/jetty/jetty-http/9.3.24.v20180605/jetty-http-9.3.24.v20180605.jar:/home/user/.m2/repository/org/eclipse/jetty/jetty-io/9.3.24.v20180605/jetty-io-9.3.24.v20180605.jar:/home/user/.m2/repository/org/eclipse/jetty/jetty-webapp/9.3.24.v20180605/jetty-webapp-9.3.24.v20180605.jar:/home/user/.m2/repository/org/eclipse/jetty/jetty-xml/9.3.24.v20180605/jetty-xml-9.3.24.v20180605.jar:/home/user/.m2/repository/log4j/log4j/1.2.17/log4j-1.2.17.jar:/home/user/.m2/repository/org/slf4j/slf4j-api/1.7.25/slf4j-api-1.7.25.jar:/home/user/.m2/repository/org/slf4j/jul-to-slf4j/1.7.25/jul-to-slf4j-1.7.25.jar:/home/user/.m2/repository/org/eclipse/jetty/jetty-util/9.3.24.v20180605/jetty-util-9.3.24.v20180605.jar:/home/user/.m2/repository/com/fasterxml/jackson/core/jackson-databind/2.9.5/jackson-databind-2.9.5.jar:/home/user/.m2/repository/org/apache/hadoop/hadoop-kms/3.2.0/hadoop-kms-3.2.0-tests.jar:/home/user/.m2/repository/org/apache/hadoop/hadoop-hdds-server-scm/0.5.0-SNAPSHOT/hadoop-hdds-server-scm-0.5.0-SNAPSHOT-tests.jar:/home/user/.m2/repository/org/apache/hadoop/hadoop-hdds-container-service/0.5.0-SNAPSHOT/hadoop-hdds-container-service-0.5.0-SNAPSHOT-tests.jar:/home/user/.m2/repository/org/yaml/snakeyaml/1.16/snakeyaml-1.16.jar:/home/user/.m2/repository/org/apache/hadoop/hadoop-common/3.2.0/hadoop-common-3.2.0-tests.jar:/home/user/.m2/repository/org/apache/hadoop/hadoop-annotations/3.2.0/hadoop-annotations-3.2.0.jar:/usr/lib/jvm/java-1.8-openjdk/jre/../lib/tools.jar:/home/user/.m2/repository/commons-cli/commons-cli/1.2/commons-cli-1.2.jar:/home/user/.m2/repository/org/apache/httpcomponents/httpclient/4.5.2/httpclient-4.5.2.jar:/home/user/.m2/repository/org/apache/httpcomponents/httpcore/4.4.4/httpcore-4.4.4.jar:/home/user/.m2/repository/commons-codec/commons-codec/1.11/commons-codec-1.11.jar:/home/user/.m2/repository/commons-net/commons-net/3.6/commons-net-3.6.jar:/home/user/.m2/repository/commons-collections/commons-collections/3.2.2/commons-collections-3.2.2.jar:/home/user/.m2/repository/org/eclipse/jetty/jetty-servlet/9.3.24.v20180605/jetty-servlet-9.3.24.v20180605.jar:/home/user/.m2/repository/org/eclipse/jetty/jetty-security/9.3.24.v20180605/jetty-security-9.3.24.v20180605.jar:/home/user/.m2/repository/javax/servlet/jsp/jsp-api/2.1/jsp-api-2.1.jar:/home/user/.m2/repository/com/sun/jersey/jersey-servlet/1.19/jersey-servlet-1.19.jar:/home/user/.m2/repository/com/sun/jersey/jersey-json/1.19/jersey-json-1.19.jar:/home/user/.m2/repository/org/codehaus/jettison/jettison/1.1/jettison-1.1.jar:/home/user/.m2/repository/org/codehaus/jackson/jackson-core-asl/1.9.13/jackson-core-asl-1.9.13.jar:/home/user/.m2/repository/org/codehaus/jackson/jackson-mapper-asl/1.9.13/jackson-mapper-asl-1.9.13.jar:/home/user/.m2/repository/org/codehaus/jackson/jackson-jaxrs/1.9.13/jackson-jaxrs-1.9.13.jar:/home/user/.m2/repository/org/codehaus/jackson/jackson-xc/1.9.13/jackson-xc-1.9.13.jar:/home/user/.m2/repository/commons-logging/commons-logging/1.1.3/commons-logging-1.1.3.jar:/home/user/.m2/repository/commons-beanutils/commons-beanutils/1.9.3/commons-beanutils-1.9.3.jar:/home/user/.m2/repository/org/apache/commons/commons-configuration2/2.1.1/commons-configuration2-2.1.1.jar:/home/user/.m2/repository/org/apache/commons/commons-lang3/3.7/commons-lang3-3.7.jar:/home/user/.m2/repository/org/apache/commons/commons-text/1.4/commons-text-1.4.jar:/home/user/.m2/repository/org/apache/avro/avro/1.7.7/avro-1.7.7.jar:/home/user/.m2/repository/com/thoughtworks/paranamer/paranamer/2.3/paranamer-2.3.jar:/home/user/.m2/repository/org/xerial/snappy/snappy-java/1.0.5/snappy-java-1.0.5.jar:/home/user/.m2/repository/com/google/re2j/re2j/1.1/re2j-1.1.jar:/home/user/.m2/repository/com/google/code/gson/gson/2.2.4/gson-2.2.4.jar:/home/user/.m2/repository/com/jcraft/jsch/0.1.54/jsch-0.1.54.jar:/home/user/.m2/repository/org/apache/curator/curator-client/2.12.0/curator-client-2.12.0.jar:/home/user/.m2/repository/org/apache/curator/curator-recipes/2.12.0/curator-recipes-2.12.0.jar:/home/user/.m2/repository/com/google/code/findbugs/jsr305/3.0.0/jsr305-3.0.0.jar:/home/user/.m2/repository/org/apache/htrace/htrace-core4/4.1.0-incubating/htrace-core4-4.1.0-incubating.jar:/home/user/.m2/repository/org/apache/zookeeper/zookeeper/3.4.13/zookeeper-3.4.13.jar:/home/user/.m2/repository/org/apache/yetus/audience-annotations/0.5.0/audience-annotations-0.5.0.jar:/home/user/.m2/repository/org/codehaus/woodstox/stax2-api/3.1.4/stax2-api-3.1.4.jar:/home/user/.m2/repository/com/fasterxml/woodstox/woodstox-core/5.0.3/woodstox-core-5.0.3.jar:/home/user/.m2/repository/dnsjava/dnsjava/2.1.7/dnsjava-2.1.7.jar:/home/user/.m2/repository/org/apache/hadoop/hadoop-hdfs/3.2.0/hadoop-hdfs-3.2.0-tests.jar:/home/user/.m2/repository/org/eclipse/jetty/jetty-util-ajax/9.3.24.v20180605/jetty-util-ajax-9.3.24.v20180605.jar:/home/user/.m2/repository/commons-daemon/commons-daemon/1.0.13/commons-daemon-1.0.13.jar:/home/user/.m2/repository/io/netty/netty/3.10.5.Final/netty-3.10.5.Final.jar:/home/user/.m2/repository/io/netty/netty-all/4.0.52.Final/netty-all-4.0.52.Final.jar:/home/user/.m2/repository/org/fusesource/leveldbjni/leveldbjni-all/1.8/leveldbjni-all-1.8.jar:"/>
    <property name="java.vm.vendor" value="IcedTea"/>
    <property name="sun.arch.data.model" value="64"/>
    <property name="test.build.dir" value="/workdir/hadoop-ozone/integration-test/target/test-dir"/>
    <property name="test.cache.data" value=""/>
    <property name="java.vendor.url" value="https://icedtea.classpath.org"/>
    <property name="user.timezone" value=""/>
    <property name="java.vm.specification.version" value="1.8"/>
    <property name="os.name" value="Linux"/>
    <property name="test.build.data" value="/workdir/hadoop-ozone/integration-test/target/test-dir"/>
    <property name="user.country" value="US"/>
    <property name="sun.java.launcher" value="SUN_STANDARD"/>
    <property name="sun.boot.library.path" value="/usr/lib/jvm/java-1.8-openjdk/jre/lib/amd64"/>
    <property name="sun.java.command" value="/workdir/hadoop-ozone/integration-test/target/surefire/surefirebooter8431747938056710969.jar /workdir/hadoop-ozone/integration-test/target/surefire 2019-09-04T10-17-10_328-jvmRun1 surefire8607506265593175852tmp surefire_248459632948488259046tmp"/>
    <property name="test" value="!TestMiniChaosOzoneCluster"/>
    <property name="surefire.test.class.path" value="/workdir/hadoop-ozone/integration-test/target/test-classes:/workdir/hadoop-ozone/integration-test/target/classes:/home/user/.m2/repository/org/apache/hadoop/hadoop-ozone-common/0.5.0-SNAPSHOT/hadoop-ozone-common-0.5.0-SNAPSHOT.jar:/home/user/.m2/repository/org/apache/commons/commons-compress/1.4.1/commons-compress-1.4.1.jar:/home/user/.m2/repository/org/tukaani/xz/1.0/xz-1.0.jar:/home/user/.m2/repository/org/apache/hadoop/hadoop-common/3.2.0/hadoop-common-3.2.0.jar:/home/user/.m2/repository/org/apache/hadoop/hadoop-hdfs/3.2.0/hadoop-hdfs-3.2.0.jar:/home/user/.m2/repository/org/apache/hadoop/hadoop-hdfs-client/3.2.0/hadoop-hdfs-client-3.2.0.jar:/home/user/.m2/repository/com/fasterxml/jackson/core/jackson-annotations/2.9.5/jackson-annotations-2.9.5.jar:/home/user/.m2/repository/org/apache/hadoop/hadoop-hdds-common/0.5.0-SNAPSHOT/hadoop-hdds-common-0.5.0-SNAPSHOT.jar:/home/user/.m2/repository/javax/annotation/javax.annotation-api/1.2/javax.annotation-api-1.2.jar:/home/user/.m2/repository/org/apache/ratis/ratis-server/0.4.0-2337318-SNAPSHOT/ratis-server-0.4.0-2337318-SNAPSHOT.jar:/home/user/.m2/repository/org/apache/ratis/ratis-thirdparty-misc/0.2.0/ratis-thirdparty-misc-0.2.0.jar:/home/user/.m2/repository/org/apache/ratis/ratis-proto/0.4.0-2337318-SNAPSHOT/ratis-proto-0.4.0-2337318-SNAPSHOT.jar:/home/user/.m2/repository/org/apache/ratis/ratis-common/0.4.0-2337318-SNAPSHOT/ratis-common-0.4.0-2337318-SNAPSHOT.jar:/home/user/.m2/repository/org/apache/ratis/ratis-client/0.4.0-2337318-SNAPSHOT/ratis-client-0.4.0-2337318-SNAPSHOT.jar:/home/user/.m2/repository/org/apache/ratis/ratis-metrics/0.4.0-2337318-SNAPSHOT/ratis-metrics-0.4.0-2337318-SNAPSHOT.jar:/home/user/.m2/repository/org/apache/ratis/ratis-netty/0.4.0-2337318-SNAPSHOT/ratis-netty-0.4.0-2337318-SNAPSHOT.jar:/home/user/.m2/repository/org/apache/ratis/ratis-grpc/0.4.0-2337318-SNAPSHOT/ratis-grpc-0.4.0-2337318-SNAPSHOT.jar:/home/user/.m2/repository/org/rocksdb/rocksdbjni/6.0.1/rocksdbjni-6.0.1.jar:/home/user/.m2/repository/org/apache/logging/log4j/log4j-api/2.11.0/log4j-api-2.11.0.jar:/home/user/.m2/repository/org/apache/logging/log4j/log4j-core/2.11.0/log4j-core-2.11.0.jar:/home/user/.m2/repository/com/lmax/disruptor/3.4.2/disruptor-3.4.2.jar:/home/user/.m2/repository/org/apache/commons/commons-pool2/2.6.0/commons-pool2-2.6.0.jar:/home/user/.m2/repository/org/bouncycastle/bcpkix-jdk15on/1.60/bcpkix-jdk15on-1.60.jar:/home/user/.m2/repository/commons-validator/commons-validator/1.6/commons-validator-1.6.jar:/home/user/.m2/repository/commons-digester/commons-digester/1.8.1/commons-digester-1.8.1.jar:/home/user/.m2/repository/io/jaegertracing/jaeger-client/0.33.1/jaeger-client-0.33.1.jar:/home/user/.m2/repository/io/jaegertracing/jaeger-thrift/0.33.1/jaeger-thrift-0.33.1.jar:/home/user/.m2/repository/org/apache/thrift/libthrift/0.11.0/libthrift-0.11.0.jar:/home/user/.m2/repository/com/squareup/okhttp3/okhttp/3.9.0/okhttp-3.9.0.jar:/home/user/.m2/repository/com/squareup/okio/okio/1.13.0/okio-1.13.0.jar:/home/user/.m2/repository/io/jaegertracing/jaeger-core/0.33.1/jaeger-core-0.33.1.jar:/home/user/.m2/repository/io/jaegertracing/jaeger-tracerresolver/0.33.1/jaeger-tracerresolver-0.33.1.jar:/home/user/.m2/repository/io/opentracing/contrib/opentracing-tracerresolver/0.1.5/opentracing-tracerresolver-0.1.5.jar:/home/user/.m2/repository/io/opentracing/opentracing-util/0.31.0/opentracing-util-0.31.0.jar:/home/user/.m2/repository/io/opentracing/opentracing-api/0.31.0/opentracing-api-0.31.0.jar:/home/user/.m2/repository/io/opentracing/opentracing-noop/0.31.0/opentracing-noop-0.31.0.jar:/home/user/.m2/repository/org/apache/hadoop/hadoop-hdds-server-framework/0.5.0-SNAPSHOT/hadoop-hdds-server-framework-0.5.0-SNAPSHOT.jar:/home/user/.m2/repository/org/apache/hadoop/hadoop-hdds-container-service/0.5.0-SNAPSHOT/hadoop-hdds-container-service-0.5.0-SNAPSHOT.jar:/home/user/.m2/repository/org/apache/hadoop/hadoop-hdds-client/0.5.0-SNAPSHOT/hadoop-hdds-client-0.5.0-SNAPSHOT.jar:/home/user/.m2/repository/org/apache/hadoop/hadoop-hdds-tools/0.5.0-SNAPSHOT/hadoop-hdds-tools-0.5.0-SNAPSHOT.jar:/home/user/.m2/repository/org/apache/hadoop/hadoop-hdds-server-scm/0.5.0-SNAPSHOT/hadoop-hdds-server-scm-0.5.0-SNAPSHOT.jar:/home/user/.m2/repository/org/apache/hadoop/hadoop-hdds-docs/0.5.0-SNAPSHOT/hadoop-hdds-docs-0.5.0-SNAPSHOT.jar:/home/user/.m2/repository/io/dropwizard/metrics/metrics-core/3.2.4/metrics-core-3.2.4.jar:/home/user/.m2/repository/org/hamcrest/hamcrest-all/1.3/hamcrest-all-1.3.jar:/home/user/.m2/repository/org/bouncycastle/bcprov-jdk15on/1.60/bcprov-jdk15on-1.60.jar:/home/user/.m2/repository/info/picocli/picocli/3.9.6/picocli-3.9.6.jar:/home/user/.m2/repository/com/google/protobuf/protobuf-java/2.5.0/protobuf-java-2.5.0.jar:/home/user/.m2/repository/com/google/guava/guava/11.0.2/guava-11.0.2.jar:/home/user/.m2/repository/org/apache/hadoop/hadoop-ozone-ozone-manager/0.5.0-SNAPSHOT/hadoop-ozone-ozone-manager-0.5.0-SNAPSHOT.jar:/home/user/.m2/repository/org/apache/hadoop/hadoop-minikdc/3.2.0/hadoop-minikdc-3.2.0.jar:/home/user/.m2/repository/commons-io/commons-io/2.5/commons-io-2.5.jar:/home/user/.m2/repository/org/apache/kerby/kerb-simplekdc/1.0.1/kerb-simplekdc-1.0.1.jar:/home/user/.m2/repository/org/apache/kerby/kerb-client/1.0.1/kerb-client-1.0.1.jar:/home/user/.m2/repository/org/apache/kerby/kerby-config/1.0.1/kerby-config-1.0.1.jar:/home/user/.m2/repository/org/apache/kerby/kerb-core/1.0.1/kerb-core-1.0.1.jar:/home/user/.m2/repository/org/apache/kerby/kerby-pkix/1.0.1/kerby-pkix-1.0.1.jar:/home/user/.m2/repository/org/apache/kerby/kerby-asn1/1.0.1/kerby-asn1-1.0.1.jar:/home/user/.m2/repository/org/apache/kerby/kerby-util/1.0.1/kerby-util-1.0.1.jar:/home/user/.m2/repository/org/apache/kerby/kerb-common/1.0.1/kerb-common-1.0.1.jar:/home/user/.m2/repository/org/apache/kerby/kerb-crypto/1.0.1/kerb-crypto-1.0.1.jar:/home/user/.m2/repository/org/apache/kerby/kerb-util/1.0.1/kerb-util-1.0.1.jar:/home/user/.m2/repository/org/apache/kerby/token-provider/1.0.1/token-provider-1.0.1.jar:/home/user/.m2/repository/org/apache/kerby/kerb-admin/1.0.1/kerb-admin-1.0.1.jar:/home/user/.m2/repository/org/apache/kerby/kerb-server/1.0.1/kerb-server-1.0.1.jar:/home/user/.m2/repository/org/apache/kerby/kerb-identity/1.0.1/kerb-identity-1.0.1.jar:/home/user/.m2/repository/org/apache/kerby/kerby-xdr/1.0.1/kerby-xdr-1.0.1.jar:/home/user/.m2/repository/org/slf4j/slf4j-log4j12/1.7.25/slf4j-log4j12-1.7.25.jar:/home/user/.m2/repository/org/apache/hadoop/hadoop-ozone-s3gateway/0.5.0-SNAPSHOT/hadoop-ozone-s3gateway-0.5.0-SNAPSHOT.jar:/home/user/.m2/repository/org/jboss/weld/servlet/weld-servlet/2.4.7.Final/weld-servlet-2.4.7.Final.jar:/home/user/.m2/repository/org/glassfish/jersey/containers/jersey-container-servlet-core/2.27/jersey-container-servlet-core-2.27.jar:/home/user/.m2/repository/org/glassfish/hk2/external/javax.inject/2.5.0-b42/javax.inject-2.5.0-b42.jar:/home/user/.m2/repository/org/glassfish/jersey/core/jersey-common/2.27/jersey-common-2.27.jar:/home/user/.m2/repository/org/glassfish/hk2/osgi-resource-locator/1.0.1/osgi-resource-locator-1.0.1.jar:/home/user/.m2/repository/javax/ws/rs/javax.ws.rs-api/2.1/javax.ws.rs-api-2.1.jar:/home/user/.m2/repository/org/glassfish/jersey/ext/cdi/jersey-cdi1x/2.27/jersey-cdi1x-2.27.jar:/home/user/.m2/repository/org/glassfish/jersey/inject/jersey-hk2/2.27/jersey-hk2-2.27.jar:/home/user/.m2/repository/org/glassfish/hk2/hk2-locator/2.5.0-b42/hk2-locator-2.5.0-b42.jar:/home/user/.m2/repository/org/javassist/javassist/3.22.0-CR2/javassist-3.22.0-CR2.jar:/home/user/.m2/repository/org/glassfish/hk2/hk2-api/2.5.0/hk2-api-2.5.0.jar:/home/user/.m2/repository/org/glassfish/hk2/external/jakarta.inject/2.5.0/jakarta.inject-2.5.0.jar:/home/user/.m2/repository/org/glassfish/hk2/hk2-utils/2.5.0/hk2-utils-2.5.0.jar:/home/user/.m2/repository/jakarta/annotation/jakarta.annotation-api/1.3.4/jakarta.annotation-api-1.3.4.jar:/home/user/.m2/repository/org/glassfish/hk2/external/aopalliance-repackaged/2.5.0/aopalliance-repackaged-2.5.0.jar:/home/user/.m2/repository/com/fasterxml/jackson/dataformat/jackson-dataformat-xml/2.9.0/jackson-dataformat-xml-2.9.0.jar:/home/user/.m2/repository/com/fasterxml/jackson/core/jackson-core/2.9.5/jackson-core-2.9.5.jar:/home/user/.m2/repository/com/fasterxml/jackson/module/jackson-module-jaxb-annotations/2.9.5/jackson-module-jaxb-annotations-2.9.5.jar:/home/user/.m2/repository/javax/enterprise/cdi-api/1.2/cdi-api-1.2.jar:/home/user/.m2/repository/javax/el/javax.el-api/3.0.0/javax.el-api-3.0.0.jar:/home/user/.m2/repository/javax/interceptor/javax.interceptor-api/1.2/javax.interceptor-api-1.2.jar:/home/user/.m2/repository/javax/inject/javax.inject/1/javax.inject-1.jar:/home/user/.m2/repository/com/sun/xml/bind/jaxb-impl/2.3.0.1/jaxb-impl-2.3.0.1.jar:/home/user/.m2/repository/com/sun/xml/bind/jaxb-core/2.3.0.1/jaxb-core-2.3.0.1.jar:/home/user/.m2/repository/javax/xml/bind/jaxb-api/2.3.0/jaxb-api-2.3.0.jar:/home/user/.m2/repository/javax/activation/activation/1.1.1/activation-1.1.1.jar:/home/user/.m2/repository/org/apache/hadoop/hadoop-ozone-csi/0.5.0-SNAPSHOT/hadoop-ozone-csi-0.5.0-SNAPSHOT.jar:/home/user/.m2/repository/com/google/protobuf/protobuf-java-util/3.5.1/protobuf-java-util-3.5.1.jar:/home/user/.m2/repository/org/apache/hadoop/hadoop-hdds-config/0.5.0-SNAPSHOT/hadoop-hdds-config-0.5.0-SNAPSHOT.jar:/home/user/.m2/repository/io/grpc/grpc-netty/1.17.1/grpc-netty-1.17.1.jar:/home/user/.m2/repository/io/grpc/grpc-core/1.17.1/grpc-core-1.17.1.jar:/home/user/.m2/repository/io/grpc/grpc-context/1.17.1/grpc-context-1.17.1.jar:/home/user/.m2/repository/com/google/errorprone/error_prone_annotations/2.2.0/error_prone_annotations-2.2.0.jar:/home/user/.m2/repository/org/codehaus/mojo/animal-sniffer-annotations/1.17/animal-sniffer-annotations-1.17.jar:/home/user/.m2/repository/io/opencensus/opencensus-api/0.17.0/opencensus-api-0.17.0.jar:/home/user/.m2/repository/io/opencensus/opencensus-contrib-grpc-metrics/0.17.0/opencensus-contrib-grpc-metrics-0.17.0.jar:/home/user/.m2/repository/io/netty/netty-codec-http2/4.1.30.Final/netty-codec-http2-4.1.30.Final.jar:/home/user/.m2/repository/io/netty/netty-codec-http/4.1.30.Final/netty-codec-http-4.1.30.Final.jar:/home/user/.m2/repository/io/netty/netty-codec/4.1.30.Final/netty-codec-4.1.30.Final.jar:/home/user/.m2/repository/io/netty/netty-handler/4.1.30.Final/netty-handler-4.1.30.Final.jar:/home/user/.m2/repository/io/netty/netty-handler-proxy/4.1.30.Final/netty-handler-proxy-4.1.30.Final.jar:/home/user/.m2/repository/io/netty/netty-codec-socks/4.1.30.Final/netty-codec-socks-4.1.30.Final.jar:/home/user/.m2/repository/io/netty/netty-transport-native-epoll/4.1.30.Final/netty-transport-native-epoll-4.1.30.Final.jar:/home/user/.m2/repository/io/netty/netty-common/4.1.30.Final/netty-common-4.1.30.Final.jar:/home/user/.m2/repository/io/netty/netty-buffer/4.1.30.Final/netty-buffer-4.1.30.Final.jar:/home/user/.m2/repository/io/netty/netty-transport/4.1.30.Final/netty-transport-4.1.30.Final.jar:/home/user/.m2/repository/io/netty/netty-resolver/4.1.30.Final/netty-resolver-4.1.30.Final.jar:/home/user/.m2/repository/io/netty/netty-transport-native-unix-common/4.1.30.Final/netty-transport-native-unix-common-4.1.30.Final.jar:/home/user/.m2/repository/io/grpc/grpc-protobuf/1.17.1/grpc-protobuf-1.17.1.jar:/home/user/.m2/repository/com/google/api/grpc/proto-google-common-protos/1.0.0/proto-google-common-protos-1.0.0.jar:/home/user/.m2/repository/io/grpc/grpc-protobuf-lite/1.17.1/grpc-protobuf-lite-1.17.1.jar:/home/user/.m2/repository/io/grpc/grpc-stub/1.17.1/grpc-stub-1.17.1.jar:/home/user/.m2/repository/org/apache/hadoop/hadoop-ozone-recon/0.5.0-SNAPSHOT/hadoop-ozone-recon-0.5.0-SNAPSHOT.jar:/home/user/.m2/repository/org/apache/hadoop/hadoop-ozone-reconcodegen/0.5.0-SNAPSHOT/hadoop-ozone-reconcodegen-0.5.0-SNAPSHOT.jar:/home/user/.m2/repository/com/google/inject/extensions/guice-multibindings/4.0/guice-multibindings-4.0.jar:/home/user/.m2/repository/com/google/inject/guice/4.0/guice-4.0.jar:/home/user/.m2/repository/aopalliance/aopalliance/1.0/aopalliance-1.0.jar:/home/user/.m2/repository/com/google/inject/extensions/guice-servlet/4.0/guice-servlet-4.0.jar:/home/user/.m2/repository/org/glassfish/jersey/containers/jersey-container-servlet/2.27/jersey-container-servlet-2.27.jar:/home/user/.m2/repository/org/glassfish/hk2/guice-bridge/2.5.0/guice-bridge-2.5.0.jar:/home/user/.m2/repository/org/glassfish/jersey/core/jersey-server/2.27/jersey-server-2.27.jar:/home/user/.m2/repository/org/glassfish/jersey/core/jersey-client/2.27/jersey-client-2.27.jar:/home/user/.m2/repository/org/glassfish/jersey/media/jersey-media-jaxb/2.27/jersey-media-jaxb-2.27.jar:/home/user/.m2/repository/javax/validation/validation-api/1.1.0.Final/validation-api-1.1.0.Final.jar:/home/user/.m2/repository/org/glassfish/jersey/media/jersey-media-json-jackson/2.27/jersey-media-json-jackson-2.27.jar:/home/user/.m2/repository/org/glassfish/jersey/ext/jersey-entity-filtering/2.27/jersey-entity-filtering-2.27.jar:/home/user/.m2/repository/com/google/inject/extensions/guice-assistedinject/4.0/guice-assistedinject-4.0.jar:/home/user/.m2/repository/org/jooq/jooq/3.11.10/jooq-3.11.10.jar:/home/user/.m2/repository/org/jooq/jooq-meta/3.11.10/jooq-meta-3.11.10.jar:/home/user/.m2/repository/org/jooq/jooq-codegen/3.11.10/jooq-codegen-3.11.10.jar:/home/user/.m2/repository/com/jolbox/bonecp/0.8.0.RELEASE/bonecp-0.8.0.RELEASE.jar:/home/user/.m2/repository/org/xerial/sqlite-jdbc/3.25.2/sqlite-jdbc-3.25.2.jar:/home/user/.m2/repository/org/springframework/spring-jdbc/5.1.3.RELEASE/spring-jdbc-5.1.3.RELEASE.jar:/home/user/.m2/repository/org/springframework/spring-beans/5.1.3.RELEASE/spring-beans-5.1.3.RELEASE.jar:/home/user/.m2/repository/org/springframework/spring-core/5.1.3.RELEASE/spring-core-5.1.3.RELEASE.jar:/home/user/.m2/repository/org/springframework/spring-jcl/5.1.3.RELEASE/spring-jcl-5.1.3.RELEASE.jar:/home/user/.m2/repository/org/springframework/spring-tx/5.1.3.RELEASE/spring-tx-5.1.3.RELEASE.jar:/home/user/.m2/repository/org/apache/hadoop/hadoop-ozone-client/0.5.0-SNAPSHOT/hadoop-ozone-client-0.5.0-SNAPSHOT.jar:/home/user/.m2/repository/commons-lang/commons-lang/2.6/commons-lang-2.6.jar:/home/user/.m2/repository/org/apache/hadoop/hadoop-ozone-ozone-manager/0.5.0-SNAPSHOT/hadoop-ozone-ozone-manager-0.5.0-SNAPSHOT-tests.jar:/home/user/.m2/repository/junit/junit/4.11/junit-4.11.jar:/home/user/.m2/repository/org/hamcrest/hamcrest-core/1.3/hamcrest-core-1.3.jar:/home/user/.m2/repository/org/openjdk/jmh/jmh-core/1.19/jmh-core-1.19.jar:/home/user/.m2/repository/net/sf/jopt-simple/jopt-simple/4.6/jopt-simple-4.6.jar:/home/user/.m2/repository/org/apache/commons/commons-math3/3.1.1/commons-math3-3.1.1.jar:/home/user/.m2/repository/org/openjdk/jmh/jmh-generator-annprocess/1.19/jmh-generator-annprocess-1.19.jar:/home/user/.m2/repository/org/mockito/mockito-all/1.8.5/mockito-all-1.8.5.jar:/home/user/.m2/repository/org/apache/hadoop/hadoop-kms/3.2.0/hadoop-kms-3.2.0.jar:/home/user/.m2/repository/org/apache/hadoop/hadoop-auth/3.2.0/hadoop-auth-3.2.0.jar:/home/user/.m2/repository/com/nimbusds/nimbus-jose-jwt/4.41.1/nimbus-jose-jwt-4.41.1.jar:/home/user/.m2/repository/com/github/stephenc/jcip/jcip-annotations/1.0-1/jcip-annotations-1.0-1.jar:/home/user/.m2/repository/net/minidev/json-smart/2.3/json-smart-2.3.jar:/home/user/.m2/repository/net/minidev/accessors-smart/1.2/accessors-smart-1.2.jar:/home/user/.m2/repository/org/ow2/asm/asm/5.0.4/asm-5.0.4.jar:/home/user/.m2/repository/org/apache/curator/curator-framework/2.12.0/curator-framework-2.12.0.jar:/home/user/.m2/repository/com/sun/jersey/jersey-core/1.19/jersey-core-1.19.jar:/home/user/.m2/repository/javax/ws/rs/jsr311-api/1.1.1/jsr311-api-1.1.1.jar:/home/user/.m2/repository/com/sun/jersey/jersey-server/1.19/jersey-server-1.19.jar:/home/user/.m2/repository/javax/servlet/javax.servlet-api/3.1.0/javax.servlet-api-3.1.0.jar:/home/user/.m2/repository/org/eclipse/jetty/jetty-server/9.3.24.v20180605/jetty-server-9.3.24.v20180605.jar:/home/user/.m2/repository/org/eclipse/jetty/jetty-http/9.3.24.v20180605/jetty-http-9.3.24.v20180605.jar:/home/user/.m2/repository/org/eclipse/jetty/jetty-io/9.3.24.v20180605/jetty-io-9.3.24.v20180605.jar:/home/user/.m2/repository/org/eclipse/jetty/jetty-webapp/9.3.24.v20180605/jetty-webapp-9.3.24.v20180605.jar:/home/user/.m2/repository/org/eclipse/jetty/jetty-xml/9.3.24.v20180605/jetty-xml-9.3.24.v20180605.jar:/home/user/.m2/repository/log4j/log4j/1.2.17/log4j-1.2.17.jar:/home/user/.m2/repository/org/slf4j/slf4j-api/1.7.25/slf4j-api-1.7.25.jar:/home/user/.m2/repository/org/slf4j/jul-to-slf4j/1.7.25/jul-to-slf4j-1.7.25.jar:/home/user/.m2/repository/org/eclipse/jetty/jetty-util/9.3.24.v20180605/jetty-util-9.3.24.v20180605.jar:/home/user/.m2/repository/com/fasterxml/jackson/core/jackson-databind/2.9.5/jackson-databind-2.9.5.jar:/home/user/.m2/repository/org/apache/hadoop/hadoop-kms/3.2.0/hadoop-kms-3.2.0-tests.jar:/home/user/.m2/repository/org/apache/hadoop/hadoop-hdds-server-scm/0.5.0-SNAPSHOT/hadoop-hdds-server-scm-0.5.0-SNAPSHOT-tests.jar:/home/user/.m2/repository/org/apache/hadoop/hadoop-hdds-container-service/0.5.0-SNAPSHOT/hadoop-hdds-container-service-0.5.0-SNAPSHOT-tests.jar:/home/user/.m2/repository/org/yaml/snakeyaml/1.16/snakeyaml-1.16.jar:/home/user/.m2/repository/org/apache/hadoop/hadoop-common/3.2.0/hadoop-common-3.2.0-tests.jar:/home/user/.m2/repository/org/apache/hadoop/hadoop-annotations/3.2.0/hadoop-annotations-3.2.0.jar:/usr/lib/jvm/java-1.8-openjdk/jre/../lib/tools.jar:/home/user/.m2/repository/commons-cli/commons-cli/1.2/commons-cli-1.2.jar:/home/user/.m2/repository/org/apache/httpcomponents/httpclient/4.5.2/httpclient-4.5.2.jar:/home/user/.m2/repository/org/apache/httpcomponents/httpcore/4.4.4/httpcore-4.4.4.jar:/home/user/.m2/repository/commons-codec/commons-codec/1.11/commons-codec-1.11.jar:/home/user/.m2/repository/commons-net/commons-net/3.6/commons-net-3.6.jar:/home/user/.m2/repository/commons-collections/commons-collections/3.2.2/commons-collections-3.2.2.jar:/home/user/.m2/repository/org/eclipse/jetty/jetty-servlet/9.3.24.v20180605/jetty-servlet-9.3.24.v20180605.jar:/home/user/.m2/repository/org/eclipse/jetty/jetty-security/9.3.24.v20180605/jetty-security-9.3.24.v20180605.jar:/home/user/.m2/repository/javax/servlet/jsp/jsp-api/2.1/jsp-api-2.1.jar:/home/user/.m2/repository/com/sun/jersey/jersey-servlet/1.19/jersey-servlet-1.19.jar:/home/user/.m2/repository/com/sun/jersey/jersey-json/1.19/jersey-json-1.19.jar:/home/user/.m2/repository/org/codehaus/jettison/jettison/1.1/jettison-1.1.jar:/home/user/.m2/repository/org/codehaus/jackson/jackson-core-asl/1.9.13/jackson-core-asl-1.9.13.jar:/home/user/.m2/repository/org/codehaus/jackson/jackson-mapper-asl/1.9.13/jackson-mapper-asl-1.9.13.jar:/home/user/.m2/repository/org/codehaus/jackson/jackson-jaxrs/1.9.13/jackson-jaxrs-1.9.13.jar:/home/user/.m2/repository/org/codehaus/jackson/jackson-xc/1.9.13/jackson-xc-1.9.13.jar:/home/user/.m2/repository/commons-logging/commons-logging/1.1.3/commons-logging-1.1.3.jar:/home/user/.m2/repository/commons-beanutils/commons-beanutils/1.9.3/commons-beanutils-1.9.3.jar:/home/user/.m2/repository/org/apache/commons/commons-configuration2/2.1.1/commons-configuration2-2.1.1.jar:/home/user/.m2/repository/org/apache/commons/commons-lang3/3.7/commons-lang3-3.7.jar:/home/user/.m2/repository/org/apache/commons/commons-text/1.4/commons-text-1.4.jar:/home/user/.m2/repository/org/apache/avro/avro/1.7.7/avro-1.7.7.jar:/home/user/.m2/repository/com/thoughtworks/paranamer/paranamer/2.3/paranamer-2.3.jar:/home/user/.m2/repository/org/xerial/snappy/snappy-java/1.0.5/snappy-java-1.0.5.jar:/home/user/.m2/repository/com/google/re2j/re2j/1.1/re2j-1.1.jar:/home/user/.m2/repository/com/google/code/gson/gson/2.2.4/gson-2.2.4.jar:/home/user/.m2/repository/com/jcraft/jsch/0.1.54/jsch-0.1.54.jar:/home/user/.m2/repository/org/apache/curator/curator-client/2.12.0/curator-client-2.12.0.jar:/home/user/.m2/repository/org/apache/curator/curator-recipes/2.12.0/curator-recipes-2.12.0.jar:/home/user/.m2/repository/com/google/code/findbugs/jsr305/3.0.0/jsr305-3.0.0.jar:/home/user/.m2/repository/org/apache/htrace/htrace-core4/4.1.0-incubating/htrace-core4-4.1.0-incubating.jar:/home/user/.m2/repository/org/apache/zookeeper/zookeeper/3.4.13/zookeeper-3.4.13.jar:/home/user/.m2/repository/org/apache/yetus/audience-annotations/0.5.0/audience-annotations-0.5.0.jar:/home/user/.m2/repository/org/codehaus/woodstox/stax2-api/3.1.4/stax2-api-3.1.4.jar:/home/user/.m2/repository/com/fasterxml/woodstox/woodstox-core/5.0.3/woodstox-core-5.0.3.jar:/home/user/.m2/repository/dnsjava/dnsjava/2.1.7/dnsjava-2.1.7.jar:/home/user/.m2/repository/org/apache/hadoop/hadoop-hdfs/3.2.0/hadoop-hdfs-3.2.0-tests.jar:/home/user/.m2/repository/org/eclipse/jetty/jetty-util-ajax/9.3.24.v20180605/jetty-util-ajax-9.3.24.v20180605.jar:/home/user/.m2/repository/commons-daemon/commons-daemon/1.0.13/commons-daemon-1.0.13.jar:/home/user/.m2/repository/io/netty/netty/3.10.5.Final/netty-3.10.5.Final.jar:/home/user/.m2/repository/io/netty/netty-all/4.0.52.Final/netty-all-4.0.52.Final.jar:/home/user/.m2/repository/org/fusesource/leveldbjni/leveldbjni-all/1.8/leveldbjni-all-1.8.jar:"/>
    <property name="sun.cpu.endian" value="little"/>
    <property name="user.home" value="/home/user"/>
    <property name="user.language" value="en"/>
    <property name="java.specification.vendor" value="Oracle Corporation"/>
    <property name="java.home" value="/usr/lib/jvm/java-1.8-openjdk/jre"/>
    <property name="java.security.krb5.conf" value="/workdir/hadoop-ozone/integration-test/target/test-classes/krb5.conf"/>
    <property name="basedir" value="/workdir/hadoop-ozone/integration-test"/>
    <property name="file.separator" value="/"/>
    <property name="line.separator" value="&#10;"/>
    <property name="java.vm.specification.vendor" value="Oracle Corporation"/>
    <property name="java.specification.name" value="Java Platform API Specification"/>
    <property name="java.awt.graphicsenv" value="sun.awt.X11GraphicsEnvironment"/>
    <property name="surefire.real.class.path" value="/workdir/hadoop-ozone/integration-test/target/surefire/surefirebooter8431747938056710969.jar"/>
    <property name="hadoop.log.dir" value="/workdir/hadoop-ozone/integration-test/target/log"/>
    <property name="sun.boot.class.path" value="/usr/lib/jvm/java-1.8-openjdk/jre/lib/resources.jar:/usr/lib/jvm/java-1.8-openjdk/jre/lib/rt.jar:/usr/lib/jvm/java-1.8-openjdk/jre/lib/sunrsasign.jar:/usr/lib/jvm/java-1.8-openjdk/jre/lib/jsse.jar:/usr/lib/jvm/java-1.8-openjdk/jre/lib/jce.jar:/usr/lib/jvm/java-1.8-openjdk/jre/lib/charsets.jar:/usr/lib/jvm/java-1.8-openjdk/jre/lib/jfr.jar:/usr/lib/jvm/java-1.8-openjdk/jre/classes"/>
    <property name="sun.management.compiler" value="HotSpot 64-Bit Tiered Compilers"/>
    <property name="java.runtime.version" value="1.8.0_212-b04"/>
    <property name="java.net.preferIPv4Stack" value="true"/>
    <property name="user.name" value="jenkins1000"/>
    <property name="path.separator" value=":"/>
    <property name="java.security.egd" value="file:///dev/urandom"/>
    <property name="os.version" value="3.10.0-957.12.2.el7.x86_64"/>
    <property name="java.endorsed.dirs" value="/usr/lib/jvm/java-1.8-openjdk/jre/lib/endorsed"/>
    <property name="java.runtime.name" value="OpenJDK Runtime Environment"/>
    <property name="file.encoding" value="UTF-8"/>
    <property name="java.vm.name" value="OpenJDK 64-Bit Server VM"/>
    <property name="test.build.webapps" value=""/>
    <property name="localRepository" value="/home/user/.m2/repository"/>
    <property name="java.vendor.url.bug" value="https://icedtea.classpath.org/bugzilla"/>
    <property name="java.io.tmpdir" value="/tmp"/>
    <property name="require.test.libhadoop" value=""/>
    <property name="java.version" value="1.8.0_212"/>
    <property name="user.dir" value="/workdir/hadoop-ozone/integration-test"/>
    <property name="os.arch" value="amd64"/>
    <property name="java.vm.specification.name" value="Java Virtual Machine Specification"/>
    <property name="test.build.classes" value="/workdir/hadoop-ozone/integration-test/target/test-classes"/>
    <property name="java.awt.printerjob" value="sun.print.PSPrinterJob"/>
    <property name="sun.os.patch.level" value="unknown"/>
    <property name="hadoop.tmp.dir" value="/workdir/hadoop-ozone/integration-test/target/tmp"/>
    <property name="java.library.path" value="/usr/lib/jvm/java-1.8-openjdk/jre/lib/amd64/server:/usr/lib/jvm/java-1.8-openjdk/jre/lib/amd64:/usr/lib/jvm/java-1.8-openjdk/jre/../lib/amd64:/workdir/hadoop-ozone/integration-test/target/native/target/usr/local/lib:/workdir/hadoop-ozone/integration-test/../../hadoop-common-project/hadoop-common/target/native/target/usr/local/lib:/usr/java/packages/lib/amd64:/usr/lib64:/lib64:/lib:/usr/lib"/>
    <property name="java.vm.info" value="mixed mode"/>
    <property name="java.vendor" value="IcedTea"/>
    <property name="java.vm.version" value="25.212-b04"/>
    <property name="java.ext.dirs" value="/usr/lib/jvm/java-1.8-openjdk/jre/lib/ext:/usr/java/packages/lib/ext"/>
    <property name="sun.io.unicode.encoding" value="UnicodeLittle"/>
    <property name="java.class.version" value="52.0"/>
  </properties>
  <testcase name="testGetKeyAndFileWithNetworkTopology" classname="org.apache.hadoop.ozone.client.rpc.TestOzoneRpcClientWithRatis" time="15.166">
    <error message="Allocated 0 blocks. Requested 1 blocks" type="INTERNAL_ERROR org.apache.hadoop.ozone.om.exceptions.OMException">INTERNAL_ERROR org.apache.hadoop.ozone.om.exceptions.OMException: Allocated 0 blocks. Requested 1 blocks
	at org.apache.hadoop.ozone.om.protocolPB.OzoneManagerProtocolClientSideTranslatorPB.handleError(OzoneManagerProtocolClientSideTranslatorPB.java:725)
	at org.apache.hadoop.ozone.om.protocolPB.OzoneManagerProtocolClientSideTranslatorPB.openKey(OzoneManagerProtocolClientSideTranslatorPB.java:716)
	at org.apache.hadoop.ozone.client.rpc.RpcClient.createKey(RpcClient.java:615)
	at org.apache.hadoop.ozone.client.OzoneBucket.createKey(OzoneBucket.java:325)
	at org.apache.hadoop.ozone.client.rpc.TestOzoneRpcClientWithRatis.testGetKeyAndFileWithNetworkTopology(TestOzoneRpcClientWithRatis.java:97)
	at sun.reflect.NativeMethodAccessorImpl.invoke0(Native Method)
	at sun.reflect.NativeMethodAccessorImpl.invoke(NativeMethodAccessorImpl.java:62)
	at sun.reflect.DelegatingMethodAccessorImpl.invoke(DelegatingMethodAccessorImpl.java:43)
	at java.lang.reflect.Method.invoke(Method.java:498)
	at org.junit.runners.model.FrameworkMethod$1.runReflectiveCall(FrameworkMethod.java:47)
	at org.junit.internal.runners.model.ReflectiveCallable.run(ReflectiveCallable.java:12)
	at org.junit.runners.model.FrameworkMethod.invokeExplosively(FrameworkMethod.java:44)
	at org.junit.internal.runners.statements.InvokeMethod.evaluate(InvokeMethod.java:17)
	at org.junit.runners.ParentRunner.runLeaf(ParentRunner.java:271)
	at org.junit.runners.BlockJUnit4ClassRunner.runChild(BlockJUnit4ClassRunner.java:70)
	at org.junit.runners.BlockJUnit4ClassRunner.runChild(BlockJUnit4ClassRunner.java:50)
	at org.junit.runners.ParentRunner$3.run(ParentRunner.java:238)
	at org.junit.runners.ParentRunner$1.schedule(ParentRunner.java:63)
	at org.junit.runners.ParentRunner.runChildren(ParentRunner.java:236)
	at org.junit.runners.ParentRunner.access$000(ParentRunner.java:53)
	at org.junit.runners.ParentRunner$2.evaluate(ParentRunner.java:229)
	at org.junit.internal.runners.statements.RunBefores.evaluate(RunBefores.java:26)
	at org.junit.internal.runners.statements.RunAfters.evaluate(RunAfters.java:27)
	at org.junit.runners.ParentRunner.run(ParentRunner.java:309)
	at org.apache.maven.surefire.junit4.JUnit4Provider.execute(JUnit4Provider.java:365)
	at org.apache.maven.surefire.junit4.JUnit4Provider.executeWithRerun(JUnit4Provider.java:273)
	at org.apache.maven.surefire.junit4.JUnit4Provider.executeTestSet(JUnit4Provider.java:238)
	at org.apache.maven.surefire.junit4.JUnit4Provider.invoke(JUnit4Provider.java:159)
	at org.apache.maven.surefire.booter.ForkedBooter.invokeProviderInSameClassLoader(ForkedBooter.java:384)
	at org.apache.maven.surefire.booter.ForkedBooter.runSuitesInProcess(ForkedBooter.java:345)
	at org.apache.maven.surefire.booter.ForkedBooter.execute(ForkedBooter.java:126)
	at org.apache.maven.surefire.booter.ForkedBooter.main(ForkedBooter.java:418)
</error>
    <system-out><![CDATA[2019-09-04 10:53:01,006 [main] WARN  server.ServerUtils (ServerUtils.java:getScmDbDir(145)) - ozone.scm.db.dirs is not configured. We recommend adding this setting. Falling back to ozone.metadata.dirs instead.
2019-09-04 10:53:01,115 [main] WARN  server.ServerUtils (ServerUtils.java:getScmDbDir(145)) - ozone.scm.db.dirs is not configured. We recommend adding this setting. Falling back to ozone.metadata.dirs instead.
2019-09-04 10:53:01,118 [main] WARN  server.ServerUtils (ServerUtils.java:getScmDbDir(145)) - ozone.scm.db.dirs is not configured. We recommend adding this setting. Falling back to ozone.metadata.dirs instead.
2019-09-04 10:53:01,138 [main] INFO  util.log (Log.java:initialized(192)) - Logging initialized @961ms
2019-09-04 10:53:01,272 [main] INFO  db.DBStoreBuilder (DBStoreBuilder.java:addTable(110)) - using custom profile for table: deletedBlocks
2019-09-04 10:53:01,273 [main] INFO  db.DBStoreBuilder (DBStoreBuilder.java:processTables(161)) - Using default column profile:DBProfile.DISK for Table:deletedBlocks
2019-09-04 10:53:01,273 [main] INFO  db.DBStoreBuilder (DBStoreBuilder.java:addTable(110)) - using custom profile for table: validCerts
2019-09-04 10:53:01,274 [main] INFO  db.DBStoreBuilder (DBStoreBuilder.java:processTables(161)) - Using default column profile:DBProfile.DISK for Table:validCerts
2019-09-04 10:53:01,274 [main] INFO  db.DBStoreBuilder (DBStoreBuilder.java:addTable(110)) - using custom profile for table: revokedCerts
2019-09-04 10:53:01,274 [main] INFO  db.DBStoreBuilder (DBStoreBuilder.java:processTables(161)) - Using default column profile:DBProfile.DISK for Table:revokedCerts
2019-09-04 10:53:01,288 [main] INFO  db.DBStoreBuilder (DBStoreBuilder.java:addTable(110)) - using custom profile for table: default
2019-09-04 10:53:01,289 [main] INFO  db.DBStoreBuilder (DBStoreBuilder.java:processTables(167)) - Using default column profile:DBProfile.DISK for Table:default
2019-09-04 10:53:01,290 [main] INFO  db.DBStoreBuilder (DBStoreBuilder.java:getDbProfile(198)) - Using default options. DBProfile.DISK
2019-09-04 10:53:01,667 [main] INFO  net.NodeSchemaLoader (NodeSchemaLoader.java:loadSchemaFromFile(125)) - Loading file from sun.misc.CompoundEnumeration@5bf0d49
2019-09-04 10:53:01,669 [main] INFO  net.NodeSchemaLoader (NodeSchemaLoader.java:loadSchema(171)) - Loading network topology layer schema file
2019-09-04 10:53:01,742 [main] WARN  server.ServerUtils (ServerUtils.java:sanitizeUserArgs(70)) - ozone.scm.stale.node.interval value = 300000 is larger than max = 100000 based on the key value of ozone.scm.heartbeat.thread.interval, reset to the max value 100000.
2019-09-04 10:53:01,744 [main] WARN  server.ServerUtils (ServerUtils.java:sanitizeUserArgs(70)) - ozone.scm.stale.node.interval value = 300000 is larger than max = 100000 based on the key value of ozone.scm.heartbeat.thread.interval, reset to the max value 100000.
2019-09-04 10:53:01,746 [main] INFO  node.SCMNodeManager (SCMNodeManager.java:<init>(115)) - Entering startup safe mode.
2019-09-04 10:53:01,817 [main] INFO  algorithms.ContainerPlacementPolicyFactory (ContainerPlacementPolicyFactory.java:getPolicy(55)) - Create container placement policy of type org.apache.hadoop.hdds.scm.container.placement.algorithms.SCMContainerPlacementRandom
2019-09-04 10:53:01,832 [main] WARN  server.ServerUtils (ServerUtils.java:getScmDbDir(145)) - ozone.scm.db.dirs is not configured. We recommend adding this setting. Falling back to ozone.metadata.dirs instead.
2019-09-04 10:53:01,935 [main] INFO  pipeline.SCMPipelineManager (SCMPipelineManager.java:initializePipelineState(128)) - No pipeline exists in current db
2019-09-04 10:53:01,938 [main] WARN  server.ServerUtils (ServerUtils.java:getScmDbDir(145)) - ozone.scm.db.dirs is not configured. We recommend adding this setting. Falling back to ozone.metadata.dirs instead.
2019-09-04 10:53:02,123 [main] WARN  events.EventQueue (EventQueue.java:fireEvent(183)) - No event handler registered for event TypedEvent{payloadType=SafeModeStatus, name='SafeModeStatus'}
2019-09-04 10:53:02,506 [main] INFO  ipc.CallQueueManager (CallQueueManager.java:<init>(84)) - Using callQueue: class java.util.concurrent.LinkedBlockingQueue, queueCapacity: 2000, scheduler: class org.apache.hadoop.ipc.DefaultRpcScheduler, ipcBackoff: false.
2019-09-04 10:53:02,674 [Socket Reader #1 for port 41909] INFO  ipc.Server (Server.java:run(1074)) - Starting Socket Reader #1 for port 41909
2019-09-04 10:53:02,702 [main] INFO  ipc.CallQueueManager (CallQueueManager.java:<init>(84)) - Using callQueue: class java.util.concurrent.LinkedBlockingQueue, queueCapacity: 2000, scheduler: class org.apache.hadoop.ipc.DefaultRpcScheduler, ipcBackoff: false.
2019-09-04 10:53:02,703 [Socket Reader #1 for port 40887] INFO  ipc.Server (Server.java:run(1074)) - Starting Socket Reader #1 for port 40887
2019-09-04 10:53:02,710 [main] INFO  ipc.CallQueueManager (CallQueueManager.java:<init>(84)) - Using callQueue: class java.util.concurrent.LinkedBlockingQueue, queueCapacity: 2000, scheduler: class org.apache.hadoop.ipc.DefaultRpcScheduler, ipcBackoff: false.
2019-09-04 10:53:02,711 [Socket Reader #1 for port 32771] INFO  ipc.Server (Server.java:run(1074)) - Starting Socket Reader #1 for port 32771
2019-09-04 10:53:02,731 [main] INFO  hdfs.DFSUtil (DFSUtil.java:httpServerTemplateForNNAndJN(1641)) - Starting Web-server for scm at: http://0.0.0.0:0
2019-09-04 10:53:02,920 [main] INFO  server.AuthenticationFilter (AuthenticationFilter.java:constructSecretProvider(240)) - Unable to initialize FileSignerSecretProvider, falling back to use random secrets.
2019-09-04 10:53:02,934 [main] WARN  http.HttpRequestLog (HttpRequestLog.java:getRequestLog(97)) - Jetty request log can only be enabled using Log4j
2019-09-04 10:53:02,944 [main] INFO  http.HttpServer2 (HttpServer2.java:addGlobalFilter(975)) - Added global filter 'safety' (class=org.apache.hadoop.http.HttpServer2$QuotingInputFilter)
2019-09-04 10:53:02,947 [main] INFO  http.HttpServer2 (HttpServer2.java:addFilter(948)) - Added filter static_user_filter (class=org.apache.hadoop.http.lib.StaticUserWebFilter$StaticUserFilter) to context scm
2019-09-04 10:53:02,948 [main] INFO  http.HttpServer2 (HttpServer2.java:addFilter(958)) - Added filter static_user_filter (class=org.apache.hadoop.http.lib.StaticUserWebFilter$StaticUserFilter) to context static
2019-09-04 10:53:02,948 [main] INFO  http.HttpServer2 (HttpServer2.java:addFilter(958)) - Added filter static_user_filter (class=org.apache.hadoop.http.lib.StaticUserWebFilter$StaticUserFilter) to context logs
2019-09-04 10:53:02,984 [main] INFO  server.StorageContainerManager (StorageContainerManager.java:start(759)) - StorageContainerLocationProtocol RPC server is listening at /0.0.0.0:32771
2019-09-04 10:53:03,050 [main] WARN  impl.MetricsConfig (MetricsConfig.java:loadFirst(134)) - Cannot locate configuration: tried hadoop-metrics2-storagecontainermanager.properties,hadoop-metrics2.properties
2019-09-04 10:53:03,064 [main] INFO  impl.MetricsSystemImpl (MetricsSystemImpl.java:startTimer(374)) - Scheduled Metric snapshot period at 10 second(s).
2019-09-04 10:53:03,064 [main] INFO  impl.MetricsSystemImpl (MetricsSystemImpl.java:start(191)) - StorageContainerManager metrics system started
2019-09-04 10:53:03,314 [main] INFO  server.SCMClientProtocolServer (SCMClientProtocolServer.java:start(151)) - RPC server for Client  is listening at /0.0.0.0:32771
2019-09-04 10:53:03,315 [IPC Server Responder] INFO  ipc.Server (Server.java:run(1314)) - IPC Server Responder: starting
2019-09-04 10:53:03,315 [IPC Server listener on 32771] INFO  ipc.Server (Server.java:run(1153)) - IPC Server listener on 32771: starting
2019-09-04 10:53:03,318 [main] INFO  server.StorageContainerManager (StorageContainerManager.java:start(769)) - ScmBlockLocationProtocol RPC server is listening at /0.0.0.0:40887
2019-09-04 10:53:03,319 [main] INFO  server.SCMBlockProtocolServer (SCMBlockProtocolServer.java:start(146)) - RPC server for Block Protocol is listening at /0.0.0.0:40887
2019-09-04 10:53:03,320 [IPC Server Responder] INFO  ipc.Server (Server.java:run(1314)) - IPC Server Responder: starting
2019-09-04 10:53:03,320 [IPC Server listener on 40887] INFO  ipc.Server (Server.java:run(1153)) - IPC Server listener on 40887: starting
2019-09-04 10:53:03,322 [main] INFO  server.StorageContainerManager (StorageContainerManager.java:start(773)) - ScmDatanodeProtocl RPC server is listening at /0.0.0.0:41909
2019-09-04 10:53:03,322 [main] INFO  server.SCMDatanodeProtocolServer (SCMDatanodeProtocolServer.java:start(191)) - RPC server for DataNodes is listening at /0.0.0.0:41909
2019-09-04 10:53:03,322 [IPC Server Responder] INFO  ipc.Server (Server.java:run(1314)) - IPC Server Responder: starting
2019-09-04 10:53:03,323 [IPC Server listener on 41909] INFO  ipc.Server (Server.java:run(1153)) - IPC Server listener on 41909: starting
2019-09-04 10:53:03,327 [main] INFO  http.HttpServer2 (HttpServer2.java:bindListener(1191)) - Jetty bound to port 33491
2019-09-04 10:53:03,329 [main] INFO  server.Server (Server.java:doStart(351)) - jetty-9.3.24.v20180605, build timestamp: 2018-06-05T17:11:56Z, git hash: 84205aa28f11a4f31f2a3b86d1bba2cc8ab69827
2019-09-04 10:53:03,369 [main] INFO  handler.ContextHandler (ContextHandler.java:doStart(781)) - Started o.e.j.s.ServletContextHandler@26bab2f1{/logs,file:///workdir/hadoop-ozone/integration-test/target/log,AVAILABLE}
2019-09-04 10:53:03,370 [main] INFO  handler.ContextHandler (ContextHandler.java:doStart(781)) - Started o.e.j.s.ServletContextHandler@68ead359{/static,file:///workdir/hadoop-ozone/integration-test/target/test-classes/webapps/static,AVAILABLE}
2019-09-04 10:53:03,398 [main] INFO  handler.ContextHandler (ContextHandler.java:doStart(781)) - Started o.e.j.w.WebAppContext@73511076{/,file:///workdir/hadoop-ozone/integration-test/target/test-classes/webapps/scm/,AVAILABLE}{/scm}
2019-09-04 10:53:03,403 [main] INFO  server.AbstractConnector (AbstractConnector.java:doStart(278)) - Started ServerConnector@5b800468{HTTP/1.1,[http/1.1]}{0.0.0.0:33491}
2019-09-04 10:53:03,404 [main] INFO  server.Server (Server.java:doStart(419)) - Started @3227ms
2019-09-04 10:53:03,406 [main] INFO  impl.MetricsSinkAdapter (MetricsSinkAdapter.java:start(204)) - Sink prometheus started
2019-09-04 10:53:03,406 [main] INFO  impl.MetricsSystemImpl (MetricsSystemImpl.java:registerSink(301)) - Registered sink prometheus
2019-09-04 10:53:03,407 [main] INFO  server.BaseHttpServer (BaseHttpServer.java:updateConnectorAddress(215)) - HTTP server of SCM is listening at http://0.0.0.0:33491
2019-09-04 10:53:03,413 [org.apache.hadoop.util.JvmPauseMonitor$Monitor@1b9ea3e3] INFO  util.JvmPauseMonitor (JvmPauseMonitor.java:run(188)) - Starting JVM pause monitor
2019-09-04 10:53:03,417 [main] WARN  server.ServerUtils (ServerUtils.java:getDBPath(222)) - ozone.om.db.dirs is not configured. We recommend adding this setting. Falling back to ozone.metadata.dirs instead.
2019-09-04 10:53:03,527 [main] WARN  server.ServerUtils (ServerUtils.java:getDBPath(222)) - ozone.om.db.dirs is not configured. We recommend adding this setting. Falling back to ozone.metadata.dirs instead.
2019-09-04 10:53:03,527 [main] WARN  server.ServerUtils (ServerUtils.java:getDBPath(222)) - ozone.om.db.dirs is not configured. We recommend adding this setting. Falling back to ozone.metadata.dirs instead.
2019-09-04 10:53:03,528 [main] INFO  om.OzoneManager (OzoneManager.java:setOMNodeDetails(649)) - OM Service ID is not set. Setting it to the default ID: omServiceIdDefault
2019-09-04 10:53:03,529 [main] INFO  om.OzoneManager (OzoneManager.java:setOMNodeDetails(655)) - OM Node ID is not set. Setting it to the OmStorage's OmID: 6122ba57-94a9-4fde-873d-3b5d89ca6705
2019-09-04 10:53:03,530 [main] INFO  om.OzoneManager (OzoneManager.java:loadOMHAConfigs(606)) - Found matching OM address with OMServiceId: null, OMNodeId: null, RPC Address: localhost:0 and Ratis port: 9872
2019-09-04 10:53:04,253 [main] WARN  server.ServerUtils (ServerUtils.java:getDBPath(222)) - ozone.om.db.dirs is not configured. We recommend adding this setting. Falling back to ozone.metadata.dirs instead.
2019-09-04 10:53:04,261 [main] INFO  db.DBStoreBuilder (DBStoreBuilder.java:addTable(110)) - using custom profile for table: userTable
2019-09-04 10:53:04,261 [main] INFO  db.DBStoreBuilder (DBStoreBuilder.java:processTables(161)) - Using default column profile:DBProfile.DISK for Table:userTable
2019-09-04 10:53:04,261 [main] INFO  db.DBStoreBuilder (DBStoreBuilder.java:addTable(110)) - using custom profile for table: volumeTable
2019-09-04 10:53:04,262 [main] INFO  db.DBStoreBuilder (DBStoreBuilder.java:processTables(161)) - Using default column profile:DBProfile.DISK for Table:volumeTable
2019-09-04 10:53:04,262 [main] INFO  db.DBStoreBuilder (DBStoreBuilder.java:addTable(110)) - using custom profile for table: bucketTable
2019-09-04 10:53:04,262 [main] INFO  db.DBStoreBuilder (DBStoreBuilder.java:processTables(161)) - Using default column profile:DBProfile.DISK for Table:bucketTable
2019-09-04 10:53:04,262 [main] INFO  db.DBStoreBuilder (DBStoreBuilder.java:addTable(110)) - using custom profile for table: keyTable
2019-09-04 10:53:04,263 [main] INFO  db.DBStoreBuilder (DBStoreBuilder.java:processTables(161)) - Using default column profile:DBProfile.DISK for Table:keyTable
2019-09-04 10:53:04,263 [main] INFO  db.DBStoreBuilder (DBStoreBuilder.java:addTable(110)) - using custom profile for table: deletedTable
2019-09-04 10:53:04,263 [main] INFO  db.DBStoreBuilder (DBStoreBuilder.java:processTables(161)) - Using default column profile:DBProfile.DISK for Table:deletedTable
2019-09-04 10:53:04,263 [main] INFO  db.DBStoreBuilder (DBStoreBuilder.java:addTable(110)) - using custom profile for table: openKeyTable
2019-09-04 10:53:04,264 [main] INFO  db.DBStoreBuilder (DBStoreBuilder.java:processTables(161)) - Using default column profile:DBProfile.DISK for Table:openKeyTable
2019-09-04 10:53:04,264 [main] INFO  db.DBStoreBuilder (DBStoreBuilder.java:addTable(110)) - using custom profile for table: s3Table
2019-09-04 10:53:04,264 [main] INFO  db.DBStoreBuilder (DBStoreBuilder.java:processTables(161)) - Using default column profile:DBProfile.DISK for Table:s3Table
2019-09-04 10:53:04,264 [main] INFO  db.DBStoreBuilder (DBStoreBuilder.java:addTable(110)) - using custom profile for table: multipartInfoTable
2019-09-04 10:53:04,265 [main] INFO  db.DBStoreBuilder (DBStoreBuilder.java:processTables(161)) - Using default column profile:DBProfile.DISK for Table:multipartInfoTable
2019-09-04 10:53:04,265 [main] INFO  db.DBStoreBuilder (DBStoreBuilder.java:addTable(110)) - using custom profile for table: dTokenTable
2019-09-04 10:53:04,265 [main] INFO  db.DBStoreBuilder (DBStoreBuilder.java:processTables(161)) - Using default column profile:DBProfile.DISK for Table:dTokenTable
2019-09-04 10:53:04,265 [main] INFO  db.DBStoreBuilder (DBStoreBuilder.java:addTable(110)) - using custom profile for table: s3SecretTable
2019-09-04 10:53:04,265 [main] INFO  db.DBStoreBuilder (DBStoreBuilder.java:processTables(161)) - Using default column profile:DBProfile.DISK for Table:s3SecretTable
2019-09-04 10:53:04,266 [main] INFO  db.DBStoreBuilder (DBStoreBuilder.java:addTable(110)) - using custom profile for table: prefixTable
2019-09-04 10:53:04,266 [main] INFO  db.DBStoreBuilder (DBStoreBuilder.java:processTables(161)) - Using default column profile:DBProfile.DISK for Table:prefixTable
2019-09-04 10:53:04,266 [main] INFO  db.DBStoreBuilder (DBStoreBuilder.java:addTable(110)) - using custom profile for table: default
2019-09-04 10:53:04,266 [main] INFO  db.DBStoreBuilder (DBStoreBuilder.java:processTables(167)) - Using default column profile:DBProfile.DISK for Table:default
2019-09-04 10:53:04,267 [main] INFO  db.DBStoreBuilder (DBStoreBuilder.java:getDbProfile(198)) - Using default options. DBProfile.DISK
2019-09-04 10:53:04,952 [KeyDeletingService#0] WARN  utils.BackgroundService (BackgroundService.java:lambda$run$0(135)) - Background task fails to execute, retrying in next interval
java.util.concurrent.ExecutionException: java.lang.NullPointerException
	at java.util.concurrent.FutureTask.report(FutureTask.java:122)
	at java.util.concurrent.FutureTask.get(FutureTask.java:206)
	at org.apache.hadoop.utils.BackgroundService$PeriodicalTask.lambda$run$0(BackgroundService.java:129)
	at java.util.stream.ForEachOps$ForEachOp$OfRef.accept(ForEachOps.java:184)
	at java.util.ArrayList$ArrayListSpliterator.forEachRemaining(ArrayList.java:1382)
	at java.util.stream.AbstractPipeline.copyInto(AbstractPipeline.java:482)
	at java.util.stream.ForEachOps$ForEachTask.compute(ForEachOps.java:291)
	at java.util.concurrent.CountedCompleter.exec(CountedCompleter.java:731)
	at java.util.concurrent.ForkJoinTask.doExec(ForkJoinTask.java:289)
	at java.util.concurrent.ForkJoinTask.doInvoke(ForkJoinTask.java:401)
	at java.util.concurrent.ForkJoinTask.invoke(ForkJoinTask.java:734)
	at java.util.stream.ForEachOps$ForEachOp.evaluateParallel(ForEachOps.java:160)
	at java.util.stream.ForEachOps$ForEachOp$OfRef.evaluateParallel(ForEachOps.java:174)
	at java.util.stream.AbstractPipeline.evaluate(AbstractPipeline.java:233)
	at java.util.stream.ReferencePipeline.forEach(ReferencePipeline.java:418)
	at java.util.stream.ReferencePipeline$Head.forEach(ReferencePipeline.java:583)
	at org.apache.hadoop.utils.BackgroundService$PeriodicalTask.run(BackgroundService.java:125)
	at java.util.concurrent.Executors$RunnableAdapter.call(Executors.java:511)
	at java.util.concurrent.FutureTask.runAndReset(FutureTask.java:308)
	at java.util.concurrent.ScheduledThreadPoolExecutor$ScheduledFutureTask.access$301(ScheduledThreadPoolExecutor.java:180)
	at java.util.concurrent.ScheduledThreadPoolExecutor$ScheduledFutureTask.run(ScheduledThreadPoolExecutor.java:294)
	at java.util.concurrent.ThreadPoolExecutor.runWorker(ThreadPoolExecutor.java:1149)
	at java.util.concurrent.ThreadPoolExecutor$Worker.run(ThreadPoolExecutor.java:624)
	at java.lang.Thread.run(Thread.java:748)
Caused by: java.lang.NullPointerException
	at org.apache.hadoop.ozone.om.OzoneManager.isLeader(OzoneManager.java:3391)
	at org.apache.hadoop.ozone.om.KeyDeletingService.shouldRun(KeyDeletingService.java:120)
	at org.apache.hadoop.ozone.om.KeyDeletingService.access$100(KeyDeletingService.java:58)
	at org.apache.hadoop.ozone.om.KeyDeletingService$KeyDeletingTask.call(KeyDeletingService.java:149)
	at org.apache.hadoop.ozone.om.KeyDeletingService$KeyDeletingTask.call(KeyDeletingService.java:137)
	at java.util.concurrent.FutureTask.run(FutureTask.java:266)
	at java.util.concurrent.Executors$RunnableAdapter.call(Executors.java:511)
	at java.util.concurrent.FutureTask.run(FutureTask.java:266)
	at java.util.concurrent.Executors$RunnableAdapter.call(Executors.java:511)
	at java.util.concurrent.FutureTask.run(FutureTask.java:266)
	at java.util.concurrent.ScheduledThreadPoolExecutor$ScheduledFutureTask.access$201(ScheduledThreadPoolExecutor.java:180)
	at java.util.concurrent.ScheduledThreadPoolExecutor$ScheduledFutureTask.run(ScheduledThreadPoolExecutor.java:293)
	... 3 more
2019-09-04 10:53:04,985 [main] WARN  scm.HddsServerUtil (HddsServerUtil.java:getDefaultRatisDirectory(354)) - Storage directory for Ratis is not configured. It is a good idea to map this to an SSD disk. Falling back to ozone.metadata.dirs
2019-09-04 10:53:05,137 [main] INFO  ratis.OzoneManagerRatisServer (OzoneManagerRatisServer.java:<init>(241)) - Instantiating OM Ratis server with GroupID: omServiceIdDefault and Raft Peers: localhost:9872
2019-09-04 10:53:05,171 [main] INFO  impl.RaftServerProxy (ConfUtils.java:logGet(43)) - raft.rpc.type = GRPC (default)
2019-09-04 10:53:05,255 [main] INFO  grpc.GrpcFactory (GrpcFactory.java:checkPooledByteBufAllocatorUseCacheForAllThreads(45)) - PERFORMANCE WARNING: useCacheForAllThreads is true that may cause Netty to create a lot garbage objects and, as a result, trigger GC.
	It is recommended to disable useCacheForAllThreads by setting -Dorg.apache.ratis.thirdparty.io.netty.allocator.useCacheForAllThreads=false in command line.
2019-09-04 10:53:05,261 [main] INFO  grpc.GrpcConfigKeys$Server (ConfUtils.java:logGet(43)) - raft.grpc.server.port = 9872 (custom)
2019-09-04 10:53:05,262 [main] INFO  server.GrpcService (ConfUtils.java:logGet(43)) - raft.grpc.message.size.max = 33554432 (custom)
2019-09-04 10:53:05,263 [main] INFO  server.RaftServerConfigKeys (ConfUtils.java:logGet(43)) - raft.server.log.appender.buffer.byte-limit = 33554432 (custom)
2019-09-04 10:53:05,264 [main] INFO  server.GrpcService (ConfUtils.java:logGet(43)) - raft.grpc.flow.control.window = 1MB (=1048576) (default)
2019-09-04 10:53:05,265 [main] INFO  server.RaftServerConfigKeys (ConfUtils.java:logGet(43)) - raft.server.rpc.request.timeout = 3000ms (default)
2019-09-04 10:53:05,446 [main] INFO  server.RaftServerConfigKeys (ConfUtils.java:logGet(43)) - raft.server.storage.dir = [/workdir/hadoop-ozone/integration-test/target/test-dir/MiniOzoneClusterImpl-999c628a-643f-418b-8827-32df467d0f6c/ozone-meta/ratis] (custom)
2019-09-04 10:53:05,454 [main] INFO  impl.RaftServerProxy (RaftServerProxy.java:addNew(89)) - 6122ba57-94a9-4fde-873d-3b5d89ca6705: addNew group-C5BA1605619E:[6122ba57-94a9-4fde-873d-3b5d89ca6705:localhost:9872] returns group-C5BA1605619E:java.util.concurrent.CompletableFuture@4fad6218[Not completed]
2019-09-04 10:53:05,455 [main] INFO  om.OzoneManager (OzoneManager.java:initializeRatisServer(1382)) - OzoneManager Ratis server initialized at port 9872
2019-09-04 10:53:05,458 [main] WARN  scm.HddsServerUtil (HddsServerUtil.java:getDefaultRatisDirectory(354)) - Storage directory for Ratis is not configured. It is a good idea to map this to an SSD disk. Falling back to ozone.metadata.dirs
2019-09-04 10:53:05,460 [main] WARN  scm.HddsServerUtil (HddsServerUtil.java:getDefaultRatisDirectory(354)) - Storage directory for Ratis is not configured. It is a good idea to map this to an SSD disk. Falling back to ozone.metadata.dirs
2019-09-04 10:53:05,467 [pool-22-thread-1] INFO  impl.RaftServerImpl (RaftServerImpl.java:<init>(93)) - 6122ba57-94a9-4fde-873d-3b5d89ca6705: new RaftServerImpl for group-C5BA1605619E:[6122ba57-94a9-4fde-873d-3b5d89ca6705:localhost:9872] with OzoneManagerStateMachine:uninitialized
2019-09-04 10:53:05,469 [pool-22-thread-1] INFO  server.RaftServerConfigKeys (ConfUtils.java:logGet(43)) - raft.server.rpc.timeout.min = 1s (custom)
2019-09-04 10:53:05,469 [pool-22-thread-1] INFO  server.RaftServerConfigKeys (ConfUtils.java:logGet(43)) - raft.server.rpc.timeout.max = 1200ms (custom)
2019-09-04 10:53:05,470 [pool-22-thread-1] INFO  server.RaftServerConfigKeys (ConfUtils.java:logGet(43)) - raft.server.rpcslowness.timeout = 120s (custom)
2019-09-04 10:53:05,470 [pool-22-thread-1] INFO  server.RaftServerConfigKeys (ConfUtils.java:logGet(43)) - raft.server.sleep.deviation.threshold = 300 (default)
2019-09-04 10:53:05,472 [pool-22-thread-1] INFO  server.RaftServerConfigKeys (ConfUtils.java:logGet(43)) - raft.server.log.appender.install.snapshot.enabled = false (custom)
2019-09-04 10:53:05,477 [main] INFO  ipc.CallQueueManager (CallQueueManager.java:<init>(84)) - Using callQueue: class java.util.concurrent.LinkedBlockingQueue, queueCapacity: 2000, scheduler: class org.apache.hadoop.ipc.DefaultRpcScheduler, ipcBackoff: false.
2019-09-04 10:53:05,478 [Socket Reader #1 for port 39945] INFO  ipc.Server (Server.java:run(1074)) - Starting Socket Reader #1 for port 39945
2019-09-04 10:53:05,481 [pool-22-thread-1] INFO  impl.RaftServerImpl (ServerState.java:<init>(105)) - 6122ba57-94a9-4fde-873d-3b5d89ca6705:group-C5BA1605619E ConfigurationManager, init=-1: [6122ba57-94a9-4fde-873d-3b5d89ca6705:localhost:9872], old=null, confs=<EMPTY_MAP>
2019-09-04 10:53:05,481 [pool-22-thread-1] INFO  server.RaftServerConfigKeys (ConfUtils.java:logGet(43)) - raft.server.storage.dir = [/workdir/hadoop-ozone/integration-test/target/test-dir/MiniOzoneClusterImpl-999c628a-643f-418b-8827-32df467d0f6c/ozone-meta/ratis] (custom)
2019-09-04 10:53:05,493 [pool-22-thread-1] INFO  storage.RaftStorageDirectory (RaftStorageDirectory.java:analyzeStorage(246)) - The storage directory /workdir/hadoop-ozone/integration-test/target/test-dir/MiniOzoneClusterImpl-999c628a-643f-418b-8827-32df467d0f6c/ozone-meta/ratis/bf265839-605b-3f16-9796-c5ba1605619e does not exist. Creating ...
2019-09-04 10:53:05,501 [pool-22-thread-1] INFO  storage.RaftStorageDirectory (RaftStorageDirectory.java:tryLock(328)) - Lock on /workdir/hadoop-ozone/integration-test/target/test-dir/MiniOzoneClusterImpl-999c628a-643f-418b-8827-32df467d0f6c/ozone-meta/ratis/bf265839-605b-3f16-9796-c5ba1605619e/in_use.lock acquired by nodename 22605@pr-hdds-1982-decom-states-67zng-3388626213
2019-09-04 10:53:05,501 [main] INFO  om.OzoneManager (OzoneManager.java:start(1240)) - OzoneManager RPC server is listening at localhost/127.0.0.1:39945
2019-09-04 10:53:05,501 [main] INFO  impl.MetricsSystemImpl (MetricsSystemImpl.java:init(158)) - OzoneManager metrics system started (again)
2019-09-04 10:53:05,501 [main] INFO  ratis.OzoneManagerRatisServer (OzoneManagerRatisServer.java:start(331)) - Starting OzoneManagerRatisServer 6122ba57-94a9-4fde-873d-3b5d89ca6705 at port 9872
2019-09-04 10:53:05,516 [pool-22-thread-1] INFO  storage.RaftStorage (RaftStorage.java:format(72)) - Storage directory /workdir/hadoop-ozone/integration-test/target/test-dir/MiniOzoneClusterImpl-999c628a-643f-418b-8827-32df467d0f6c/ozone-meta/ratis/bf265839-605b-3f16-9796-c5ba1605619e has been successfully formatted.
2019-09-04 10:53:05,519 [pool-22-thread-1] INFO  server.RaftServerConfigKeys (ConfUtils.java:logGet(43)) - raft.server.leader.election.timeout = 120s (custom)
2019-09-04 10:53:05,523 [pool-22-thread-1] INFO  server.RaftServerConfigKeys (ConfUtils.java:logGet(43)) - raft.server.log.use.memory = false (default)
2019-09-04 10:53:05,529 [pool-22-thread-1] INFO  server.RaftServerConfigKeys (ConfUtils.java:logGet(43)) - raft.server.log.purge.gap = 1000000 (custom)
2019-09-04 10:53:05,529 [pool-22-thread-1] INFO  server.RaftServerConfigKeys (ConfUtils.java:logGet(43)) - raft.server.log.appender.buffer.byte-limit = 33554432 (custom)
2019-09-04 10:53:05,531 [pool-22-thread-1] INFO  server.RaftServerConfigKeys (ConfUtils.java:logGet(43)) - raft.server.log.segment.size.max = 16384 (custom)
2019-09-04 10:53:05,535 [pool-22-thread-1] INFO  server.RaftServerConfigKeys (ConfUtils.java:logGet(43)) - raft.server.log.segment.cache.num.max = 2 (custom)
2019-09-04 10:53:05,540 [pool-22-thread-1] INFO  segmented.SegmentedRaftLogWorker (SegmentedRaftLogWorker.java:<init>(172)) - new 6122ba57-94a9-4fde-873d-3b5d89ca6705-SegmentedRaftLogWorker:Storage Directory /workdir/hadoop-ozone/integration-test/target/test-dir/MiniOzoneClusterImpl-999c628a-643f-418b-8827-32df467d0f6c/ozone-meta/ratis/bf265839-605b-3f16-9796-c5ba1605619e for RaftStorage:Storage Directory /workdir/hadoop-ozone/integration-test/target/test-dir/MiniOzoneClusterImpl-999c628a-643f-418b-8827-32df467d0f6c/ozone-meta/ratis/bf265839-605b-3f16-9796-c5ba1605619e
2019-09-04 10:53:05,552 [pool-22-thread-1] INFO  server.RaftServerConfigKeys (ConfUtils.java:logGet(43)) - raft.server.log.queue.byte-limit = 64MB (=67108864) (default)
2019-09-04 10:53:05,552 [pool-22-thread-1] INFO  server.RaftServerConfigKeys (ConfUtils.java:logGet(43)) - raft.server.log.queue.element-limit = 4096 (default)
2019-09-04 10:53:05,557 [pool-22-thread-1] INFO  server.RaftServerConfigKeys (ConfUtils.java:logGet(43)) - raft.server.log.segment.size.max = 16384 (custom)
2019-09-04 10:53:05,558 [pool-22-thread-1] INFO  server.RaftServerConfigKeys (ConfUtils.java:logGet(43)) - raft.server.log.preallocated.size = 16384 (custom)
2019-09-04 10:53:05,558 [pool-22-thread-1] INFO  server.RaftServerConfigKeys (ConfUtils.java:logGet(43)) - raft.server.log.write.buffer.size = 64KB (=65536) (default)
2019-09-04 10:53:05,559 [pool-22-thread-1] INFO  server.RaftServerConfigKeys (ConfUtils.java:logGet(43)) - raft.server.log.force.sync.num = 128 (default)
2019-09-04 10:53:05,560 [pool-22-thread-1] INFO  server.RaftServerConfigKeys (ConfUtils.java:logGet(43)) - raft.server.log.statemachine.data.sync = true (default)
2019-09-04 10:53:05,561 [pool-22-thread-1] INFO  server.RaftServerConfigKeys (ConfUtils.java:logGet(43)) - raft.server.log.statemachine.data.sync.timeout = 10s (default)
2019-09-04 10:53:05,561 [pool-22-thread-1] INFO  server.RaftServerConfigKeys (ConfUtils.java:logGet(43)) - raft.server.log.statemachine.data.sync.timeout.retry = -1 (default)
2019-09-04 10:53:05,571 [pool-22-thread-1] INFO  server.RaftServerConfigKeys (ConfUtils.java:logGet(43)) - raft.server.log.statemachine.data.caching.enabled = false (default)
2019-09-04 10:53:05,576 [pool-22-thread-1] INFO  segmented.SegmentedRaftLogWorker (SegmentedRaftLogWorker.java:lambda$new$0(132)) - 6122ba57-94a9-4fde-873d-3b5d89ca6705-SegmentedRaftLogWorker:Storage Directory /workdir/hadoop-ozone/integration-test/target/test-dir/MiniOzoneClusterImpl-999c628a-643f-418b-8827-32df467d0f6c/ozone-meta/ratis/bf265839-605b-3f16-9796-c5ba1605619e: flushIndex: setUnconditionally 0 -> -1
2019-09-04 10:53:05,580 [pool-22-thread-1] INFO  server.RaftServerConfigKeys (ConfUtils.java:logGet(43)) - raft.server.snapshot.auto.trigger.enabled = true (custom)
2019-09-04 10:53:05,580 [pool-22-thread-1] INFO  server.RaftServerConfigKeys (ConfUtils.java:logGet(43)) - raft.server.snapshot.auto.trigger.threshold = 400000 (default)
2019-09-04 10:53:05,581 [pool-22-thread-1] INFO  server.RaftServerConfigKeys (ConfUtils.java:logGet(43)) - raft.server.retrycache.expirytime = 600000ms (custom)
2019-09-04 10:53:05,602 [main] INFO  impl.RaftServerImpl (RaftServerImpl.java:start(180)) - 6122ba57-94a9-4fde-873d-3b5d89ca6705: start group-C5BA1605619E
2019-09-04 10:53:05,604 [main] INFO  impl.RaftServerImpl (RaftServerImpl.java:setRole(171)) - 6122ba57-94a9-4fde-873d-3b5d89ca6705:group-C5BA1605619E changes role from null to FOLLOWER at term 0 for startAsFollower
2019-09-04 10:53:05,605 [main] INFO  impl.RoleInfo (RoleInfo.java:updateAndGet(143)) - 6122ba57-94a9-4fde-873d-3b5d89ca6705: start FollowerState
2019-09-04 10:53:05,607 [main] INFO  util.JmxRegister (JmxRegister.java:tryRegister(44)) - Successfully registered JMX Bean with object name Ratis:service=RaftServer,group=group-C5BA1605619E,id=6122ba57-94a9-4fde-873d-3b5d89ca6705
2019-09-04 10:53:05,608 [main] INFO  impl.RaftServerProxy (RaftServerProxy.java:lambda$start$3(299)) - 6122ba57-94a9-4fde-873d-3b5d89ca6705: start RPC server
2019-09-04 10:53:05,713 [main] INFO  server.GrpcService (GrpcService.java:startImpl(149)) - 6122ba57-94a9-4fde-873d-3b5d89ca6705: GrpcService started, listening on 0.0.0.0/0.0.0.0:9872
2019-09-04 10:53:05,725 [IPC Server Responder] INFO  ipc.Server (Server.java:run(1314)) - IPC Server Responder: starting
2019-09-04 10:53:05,725 [IPC Server listener on 39945] INFO  ipc.Server (Server.java:run(1153)) - IPC Server listener on 39945: starting
2019-09-04 10:53:05,730 [main] INFO  hdfs.DFSUtil (DFSUtil.java:httpServerTemplateForNNAndJN(1641)) - Starting Web-server for ozoneManager at: http://0.0.0.0:0
2019-09-04 10:53:05,732 [main] INFO  server.AuthenticationFilter (AuthenticationFilter.java:constructSecretProvider(240)) - Unable to initialize FileSignerSecretProvider, falling back to use random secrets.
2019-09-04 10:53:05,732 [main] WARN  http.HttpRequestLog (HttpRequestLog.java:getRequestLog(97)) - Jetty request log can only be enabled using Log4j
2019-09-04 10:53:05,734 [main] INFO  http.HttpServer2 (HttpServer2.java:addGlobalFilter(975)) - Added global filter 'safety' (class=org.apache.hadoop.http.HttpServer2$QuotingInputFilter)
2019-09-04 10:53:05,735 [main] INFO  http.HttpServer2 (HttpServer2.java:addFilter(948)) - Added filter static_user_filter (class=org.apache.hadoop.http.lib.StaticUserWebFilter$StaticUserFilter) to context ozoneManager
2019-09-04 10:53:05,735 [main] INFO  http.HttpServer2 (HttpServer2.java:addFilter(958)) - Added filter static_user_filter (class=org.apache.hadoop.http.lib.StaticUserWebFilter$StaticUserFilter) to context logs
2019-09-04 10:53:05,735 [main] INFO  http.HttpServer2 (HttpServer2.java:addFilter(958)) - Added filter static_user_filter (class=org.apache.hadoop.http.lib.StaticUserWebFilter$StaticUserFilter) to context static
2019-09-04 10:53:05,738 [main] INFO  http.HttpServer2 (HttpServer2.java:bindListener(1191)) - Jetty bound to port 41168
2019-09-04 10:53:05,738 [main] INFO  server.Server (Server.java:doStart(351)) - jetty-9.3.24.v20180605, build timestamp: 2018-06-05T17:11:56Z, git hash: 84205aa28f11a4f31f2a3b86d1bba2cc8ab69827
2019-09-04 10:53:05,740 [main] INFO  handler.ContextHandler (ContextHandler.java:doStart(781)) - Started o.e.j.s.ServletContextHandler@44c13103{/logs,file:///workdir/hadoop-ozone/integration-test/target/log,AVAILABLE}
2019-09-04 10:53:05,740 [main] INFO  handler.ContextHandler (ContextHandler.java:doStart(781)) - Started o.e.j.s.ServletContextHandler@6c6366cf{/static,file:///workdir/hadoop-ozone/integration-test/target/test-classes/webapps/static,AVAILABLE}
2019-09-04 10:53:05,747 [main] INFO  handler.ContextHandler (ContextHandler.java:doStart(781)) - Started o.e.j.w.WebAppContext@36061cf3{/,file:///workdir/hadoop-ozone/integration-test/target/test-classes/webapps/ozoneManager/,AVAILABLE}{/ozoneManager}
2019-09-04 10:53:05,748 [main] INFO  server.AbstractConnector (AbstractConnector.java:doStart(278)) - Started ServerConnector@718dbd79{HTTP/1.1,[http/1.1]}{0.0.0.0:41168}
2019-09-04 10:53:05,749 [main] INFO  server.Server (Server.java:doStart(419)) - Started @5572ms
2019-09-04 10:53:05,750 [main] WARN  impl.MetricsSystemImpl (MetricsSystemImpl.java:register(276)) - Sink prometheus already exists!
2019-09-04 10:53:05,751 [main] INFO  server.BaseHttpServer (BaseHttpServer.java:updateConnectorAddress(215)) - HTTP server of OZONEMANAGER is listening at http://0.0.0.0:41168
2019-09-04 10:53:05,888 [main] INFO  impl.MetricsSystemImpl (MetricsSystemImpl.java:init(158)) - HddsDatanode metrics system started (again)
2019-09-04 10:53:05,936 [main] INFO  ozone.HddsDatanodeService (HddsDatanodeService.java:start(184)) - HddsDatanodeService host:pr-hdds-1982-decom-states-67zng-3388626213 ip:192.168.5.153
2019-09-04 10:53:05,968 [main] INFO  volume.HddsVolume (HddsVolume.java:<init>(176)) - Creating Volume: /workdir/hadoop-ozone/integration-test/target/test-dir/MiniOzoneClusterImpl-999c628a-643f-418b-8827-32df467d0f6c/datanode-0/data/containers/hdds of  storage type : DISK and capacity : 1482555576320
2019-09-04 10:53:05,969 [main] INFO  volume.VolumeSet (VolumeSet.java:initializeVolumeSet(170)) - Added Volume : /workdir/hadoop-ozone/integration-test/target/test-dir/MiniOzoneClusterImpl-999c628a-643f-418b-8827-32df467d0f6c/datanode-0/data/containers/hdds to VolumeSet
2019-09-04 10:53:05,972 [main] INFO  volume.ThrottledAsyncChecker (ThrottledAsyncChecker.java:schedule(140)) - Scheduling a check for org.apache.hadoop.ozone.container.common.volume.HddsVolume@a451491
2019-09-04 10:53:05,988 [main] INFO  volume.HddsVolumeChecker (HddsVolumeChecker.java:checkAllVolumes(203)) - Scheduled health check for volume org.apache.hadoop.ozone.container.common.volume.HddsVolume@a451491
2019-09-04 10:53:06,030 [main] INFO  impl.RaftServerProxy (ConfUtils.java:logGet(43)) - raft.rpc.type = GRPC (default)
2019-09-04 10:53:06,031 [main] INFO  grpc.GrpcFactory (GrpcFactory.java:checkPooledByteBufAllocatorUseCacheForAllThreads(45)) - PERFORMANCE WARNING: useCacheForAllThreads is true that may cause Netty to create a lot garbage objects and, as a result, trigger GC.
	It is recommended to disable useCacheForAllThreads by setting -Dorg.apache.ratis.thirdparty.io.netty.allocator.useCacheForAllThreads=false in command line.
2019-09-04 10:53:06,031 [main] INFO  grpc.GrpcConfigKeys$Server (ConfUtils.java:logGet(43)) - raft.grpc.server.port = 0 (default)
2019-09-04 10:53:06,031 [main] INFO  server.GrpcService (ConfUtils.java:logGet(43)) - raft.grpc.message.size.max = 33570816 (custom)
2019-09-04 10:53:06,031 [main] INFO  server.RaftServerConfigKeys (ConfUtils.java:logGet(43)) - raft.server.log.appender.buffer.byte-limit = 33554432 (custom)
2019-09-04 10:53:06,031 [main] INFO  server.GrpcService (ConfUtils.java:logGet(43)) - raft.grpc.flow.control.window = 1MB (=1048576) (default)
2019-09-04 10:53:06,032 [main] INFO  server.RaftServerConfigKeys (ConfUtils.java:logGet(43)) - raft.server.rpc.request.timeout = 3000ms (default)
2019-09-04 10:53:06,032 [main] INFO  server.RaftServerConfigKeys (ConfUtils.java:logGet(43)) - raft.server.storage.dir = [/workdir/hadoop-ozone/integration-test/target/test-dir/MiniOzoneClusterImpl-999c628a-643f-418b-8827-32df467d0f6c/datanode-0/data/ratis] (custom)
2019-09-04 10:53:06,080 [main] INFO  hdfs.DFSUtil (DFSUtil.java:httpServerTemplateForNNAndJN(1641)) - Starting Web-server for hddsDatanode at: http://0.0.0.0:0
2019-09-04 10:53:06,081 [main] INFO  server.AuthenticationFilter (AuthenticationFilter.java:constructSecretProvider(240)) - Unable to initialize FileSignerSecretProvider, falling back to use random secrets.
2019-09-04 10:53:06,082 [main] WARN  http.HttpRequestLog (HttpRequestLog.java:getRequestLog(97)) - Jetty request log can only be enabled using Log4j
2019-09-04 10:53:06,084 [main] INFO  http.HttpServer2 (HttpServer2.java:addGlobalFilter(975)) - Added global filter 'safety' (class=org.apache.hadoop.http.HttpServer2$QuotingInputFilter)
2019-09-04 10:53:06,084 [main] INFO  http.HttpServer2 (HttpServer2.java:addFilter(948)) - Added filter static_user_filter (class=org.apache.hadoop.http.lib.StaticUserWebFilter$StaticUserFilter) to context hddsDatanode
2019-09-04 10:53:06,084 [main] INFO  http.HttpServer2 (HttpServer2.java:addFilter(958)) - Added filter static_user_filter (class=org.apache.hadoop.http.lib.StaticUserWebFilter$StaticUserFilter) to context logs
2019-09-04 10:53:06,085 [main] INFO  http.HttpServer2 (HttpServer2.java:addFilter(958)) - Added filter static_user_filter (class=org.apache.hadoop.http.lib.StaticUserWebFilter$StaticUserFilter) to context static
2019-09-04 10:53:06,086 [main] INFO  http.HttpServer2 (HttpServer2.java:bindListener(1191)) - Jetty bound to port 46626
2019-09-04 10:53:06,086 [main] INFO  server.Server (Server.java:doStart(351)) - jetty-9.3.24.v20180605, build timestamp: 2018-06-05T17:11:56Z, git hash: 84205aa28f11a4f31f2a3b86d1bba2cc8ab69827
2019-09-04 10:53:06,088 [main] INFO  handler.ContextHandler (ContextHandler.java:doStart(781)) - Started o.e.j.s.ServletContextHandler@51ec2856{/logs,file:///workdir/hadoop-ozone/integration-test/target/log,AVAILABLE}
2019-09-04 10:53:06,088 [main] INFO  handler.ContextHandler (ContextHandler.java:doStart(781)) - Started o.e.j.s.ServletContextHandler@1caa9eb6{/static,jar:file:/home/user/.m2/repository/org/apache/hadoop/hadoop-hdds-container-service/0.5.0-SNAPSHOT/hadoop-hdds-container-service-0.5.0-SNAPSHOT.jar!/webapps/static,AVAILABLE}
2019-09-04 10:53:06,119 [main] INFO  handler.ContextHandler (ContextHandler.java:doStart(781)) - Started o.e.j.w.WebAppContext@4cbc2e3b{/,file:///tmp/jetty-0.0.0.0-46626-hddsDatanode-_-any-384141496722911349.dir/webapp/,AVAILABLE}{/hddsDatanode}
2019-09-04 10:53:06,120 [main] INFO  server.AbstractConnector (AbstractConnector.java:doStart(278)) - Started ServerConnector@2975a9e{HTTP/1.1,[http/1.1]}{0.0.0.0:46626}
2019-09-04 10:53:06,121 [main] INFO  server.Server (Server.java:doStart(419)) - Started @5944ms
2019-09-04 10:53:06,122 [main] WARN  impl.MetricsSystemImpl (MetricsSystemImpl.java:register(276)) - Sink prometheus already exists!
2019-09-04 10:53:06,122 [main] INFO  server.BaseHttpServer (BaseHttpServer.java:updateConnectorAddress(215)) - HTTP server of HDDSDATANODE is listening at http://0.0.0.0:46626
2019-09-04 10:53:06,123 [main] INFO  impl.MetricsSystemImpl (MetricsSystemImpl.java:init(158)) - HddsDatanode metrics system started (again)
2019-09-04 10:53:06,126 [main] INFO  ozone.HddsDatanodeService (HddsDatanodeService.java:start(184)) - HddsDatanodeService host:pr-hdds-1982-decom-states-67zng-3388626213 ip:192.168.5.153
2019-09-04 10:53:06,128 [org.apache.hadoop.util.JvmPauseMonitor$Monitor@85ab1d8] INFO  util.JvmPauseMonitor (JvmPauseMonitor.java:run(188)) - Starting JVM pause monitor
2019-09-04 10:53:06,134 [main] INFO  volume.HddsVolume (HddsVolume.java:<init>(176)) - Creating Volume: /workdir/hadoop-ozone/integration-test/target/test-dir/MiniOzoneClusterImpl-999c628a-643f-418b-8827-32df467d0f6c/datanode-1/data/containers/hdds of  storage type : DISK and capacity : 1482555576320
2019-09-04 10:53:06,135 [main] INFO  volume.VolumeSet (VolumeSet.java:initializeVolumeSet(170)) - Added Volume : /workdir/hadoop-ozone/integration-test/target/test-dir/MiniOzoneClusterImpl-999c628a-643f-418b-8827-32df467d0f6c/datanode-1/data/containers/hdds to VolumeSet
2019-09-04 10:53:06,135 [main] INFO  volume.ThrottledAsyncChecker (ThrottledAsyncChecker.java:schedule(140)) - Scheduling a check for org.apache.hadoop.ozone.container.common.volume.HddsVolume@7b676112
2019-09-04 10:53:06,136 [main] INFO  volume.HddsVolumeChecker (HddsVolumeChecker.java:checkAllVolumes(203)) - Scheduled health check for volume org.apache.hadoop.ozone.container.common.volume.HddsVolume@7b676112
2019-09-04 10:53:06,158 [main] INFO  impl.RaftServerProxy (ConfUtils.java:logGet(43)) - raft.rpc.type = GRPC (default)
2019-09-04 10:53:06,158 [main] INFO  grpc.GrpcFactory (GrpcFactory.java:checkPooledByteBufAllocatorUseCacheForAllThreads(45)) - PERFORMANCE WARNING: useCacheForAllThreads is true that may cause Netty to create a lot garbage objects and, as a result, trigger GC.
	It is recommended to disable useCacheForAllThreads by setting -Dorg.apache.ratis.thirdparty.io.netty.allocator.useCacheForAllThreads=false in command line.
2019-09-04 10:53:06,159 [main] INFO  grpc.GrpcConfigKeys$Server (ConfUtils.java:logGet(43)) - raft.grpc.server.port = 0 (default)
2019-09-04 10:53:06,159 [main] INFO  server.GrpcService (ConfUtils.java:logGet(43)) - raft.grpc.message.size.max = 33570816 (custom)
2019-09-04 10:53:06,159 [main] INFO  server.RaftServerConfigKeys (ConfUtils.java:logGet(43)) - raft.server.log.appender.buffer.byte-limit = 33554432 (custom)
2019-09-04 10:53:06,159 [main] INFO  server.GrpcService (ConfUtils.java:logGet(43)) - raft.grpc.flow.control.window = 1MB (=1048576) (default)
2019-09-04 10:53:06,160 [main] INFO  server.RaftServerConfigKeys (ConfUtils.java:logGet(43)) - raft.server.rpc.request.timeout = 3000ms (default)
2019-09-04 10:53:06,160 [main] INFO  server.RaftServerConfigKeys (ConfUtils.java:logGet(43)) - raft.server.storage.dir = [/workdir/hadoop-ozone/integration-test/target/test-dir/MiniOzoneClusterImpl-999c628a-643f-418b-8827-32df467d0f6c/datanode-1/data/ratis] (custom)
2019-09-04 10:53:06,162 [main] INFO  hdfs.DFSUtil (DFSUtil.java:httpServerTemplateForNNAndJN(1641)) - Starting Web-server for hddsDatanode at: http://0.0.0.0:0
2019-09-04 10:53:06,164 [main] INFO  server.AuthenticationFilter (AuthenticationFilter.java:constructSecretProvider(240)) - Unable to initialize FileSignerSecretProvider, falling back to use random secrets.
2019-09-04 10:53:06,165 [main] WARN  http.HttpRequestLog (HttpRequestLog.java:getRequestLog(97)) - Jetty request log can only be enabled using Log4j
2019-09-04 10:53:06,167 [main] INFO  http.HttpServer2 (HttpServer2.java:addGlobalFilter(975)) - Added global filter 'safety' (class=org.apache.hadoop.http.HttpServer2$QuotingInputFilter)
2019-09-04 10:53:06,168 [main] INFO  http.HttpServer2 (HttpServer2.java:addFilter(948)) - Added filter static_user_filter (class=org.apache.hadoop.http.lib.StaticUserWebFilter$StaticUserFilter) to context hddsDatanode
2019-09-04 10:53:06,168 [main] INFO  http.HttpServer2 (HttpServer2.java:addFilter(958)) - Added filter static_user_filter (class=org.apache.hadoop.http.lib.StaticUserWebFilter$StaticUserFilter) to context logs
2019-09-04 10:53:06,169 [main] INFO  http.HttpServer2 (HttpServer2.java:addFilter(958)) - Added filter static_user_filter (class=org.apache.hadoop.http.lib.StaticUserWebFilter$StaticUserFilter) to context static
2019-09-04 10:53:06,170 [main] INFO  http.HttpServer2 (HttpServer2.java:bindListener(1191)) - Jetty bound to port 46790
2019-09-04 10:53:06,170 [main] INFO  server.Server (Server.java:doStart(351)) - jetty-9.3.24.v20180605, build timestamp: 2018-06-05T17:11:56Z, git hash: 84205aa28f11a4f31f2a3b86d1bba2cc8ab69827
2019-09-04 10:53:06,173 [main] INFO  handler.ContextHandler (ContextHandler.java:doStart(781)) - Started o.e.j.s.ServletContextHandler@ed91d8d{/logs,file:///workdir/hadoop-ozone/integration-test/target/log,AVAILABLE}
2019-09-04 10:53:06,174 [main] INFO  handler.ContextHandler (ContextHandler.java:doStart(781)) - Started o.e.j.s.ServletContextHandler@429f7919{/static,jar:file:/home/user/.m2/repository/org/apache/hadoop/hadoop-hdds-container-service/0.5.0-SNAPSHOT/hadoop-hdds-container-service-0.5.0-SNAPSHOT.jar!/webapps/static,AVAILABLE}
2019-09-04 10:53:06,209 [main] INFO  handler.ContextHandler (ContextHandler.java:doStart(781)) - Started o.e.j.w.WebAppContext@fd53053{/,file:///tmp/jetty-0.0.0.0-46790-hddsDatanode-_-any-1647683479375972288.dir/webapp/,AVAILABLE}{/hddsDatanode}
2019-09-04 10:53:06,210 [main] INFO  server.AbstractConnector (AbstractConnector.java:doStart(278)) - Started ServerConnector@4527f70a{HTTP/1.1,[http/1.1]}{0.0.0.0:46790}
2019-09-04 10:53:06,211 [main] INFO  server.Server (Server.java:doStart(419)) - Started @6035ms
2019-09-04 10:53:06,212 [main] WARN  impl.MetricsSystemImpl (MetricsSystemImpl.java:register(276)) - Sink prometheus already exists!
2019-09-04 10:53:06,213 [main] INFO  server.BaseHttpServer (BaseHttpServer.java:updateConnectorAddress(215)) - HTTP server of HDDSDATANODE is listening at http://0.0.0.0:46790
2019-09-04 10:53:06,213 [main] INFO  impl.MetricsSystemImpl (MetricsSystemImpl.java:init(158)) - HddsDatanode metrics system started (again)
2019-09-04 10:53:06,216 [org.apache.hadoop.util.JvmPauseMonitor$Monitor@4314aa0f] INFO  util.JvmPauseMonitor (JvmPauseMonitor.java:run(188)) - Starting JVM pause monitor
2019-09-04 10:53:06,217 [main] INFO  ozone.HddsDatanodeService (HddsDatanodeService.java:start(184)) - HddsDatanodeService host:pr-hdds-1982-decom-states-67zng-3388626213 ip:192.168.5.153
2019-09-04 10:53:06,225 [main] INFO  volume.HddsVolume (HddsVolume.java:<init>(176)) - Creating Volume: /workdir/hadoop-ozone/integration-test/target/test-dir/MiniOzoneClusterImpl-999c628a-643f-418b-8827-32df467d0f6c/datanode-2/data/containers/hdds of  storage type : DISK and capacity : 1482555576320
2019-09-04 10:53:06,225 [main] INFO  volume.VolumeSet (VolumeSet.java:initializeVolumeSet(170)) - Added Volume : /workdir/hadoop-ozone/integration-test/target/test-dir/MiniOzoneClusterImpl-999c628a-643f-418b-8827-32df467d0f6c/datanode-2/data/containers/hdds to VolumeSet
2019-09-04 10:53:06,226 [main] INFO  volume.ThrottledAsyncChecker (ThrottledAsyncChecker.java:schedule(140)) - Scheduling a check for org.apache.hadoop.ozone.container.common.volume.HddsVolume@366d8b97
2019-09-04 10:53:06,226 [main] INFO  volume.HddsVolumeChecker (HddsVolumeChecker.java:checkAllVolumes(203)) - Scheduled health check for volume org.apache.hadoop.ozone.container.common.volume.HddsVolume@366d8b97
2019-09-04 10:53:06,242 [main] INFO  impl.RaftServerProxy (ConfUtils.java:logGet(43)) - raft.rpc.type = GRPC (default)
2019-09-04 10:53:06,243 [main] INFO  grpc.GrpcFactory (GrpcFactory.java:checkPooledByteBufAllocatorUseCacheForAllThreads(45)) - PERFORMANCE WARNING: useCacheForAllThreads is true that may cause Netty to create a lot garbage objects and, as a result, trigger GC.
	It is recommended to disable useCacheForAllThreads by setting -Dorg.apache.ratis.thirdparty.io.netty.allocator.useCacheForAllThreads=false in command line.
2019-09-04 10:53:06,243 [main] INFO  grpc.GrpcConfigKeys$Server (ConfUtils.java:logGet(43)) - raft.grpc.server.port = 0 (default)
2019-09-04 10:53:06,243 [main] INFO  server.GrpcService (ConfUtils.java:logGet(43)) - raft.grpc.message.size.max = 33570816 (custom)
2019-09-04 10:53:06,243 [main] INFO  server.RaftServerConfigKeys (ConfUtils.java:logGet(43)) - raft.server.log.appender.buffer.byte-limit = 33554432 (custom)
2019-09-04 10:53:06,244 [main] INFO  server.GrpcService (ConfUtils.java:logGet(43)) - raft.grpc.flow.control.window = 1MB (=1048576) (default)
2019-09-04 10:53:06,244 [main] INFO  server.RaftServerConfigKeys (ConfUtils.java:logGet(43)) - raft.server.rpc.request.timeout = 3000ms (default)
2019-09-04 10:53:06,245 [main] INFO  server.RaftServerConfigKeys (ConfUtils.java:logGet(43)) - raft.server.storage.dir = [/workdir/hadoop-ozone/integration-test/target/test-dir/MiniOzoneClusterImpl-999c628a-643f-418b-8827-32df467d0f6c/datanode-2/data/ratis] (custom)
2019-09-04 10:53:06,246 [main] INFO  hdfs.DFSUtil (DFSUtil.java:httpServerTemplateForNNAndJN(1641)) - Starting Web-server for hddsDatanode at: http://0.0.0.0:0
2019-09-04 10:53:06,248 [main] INFO  server.AuthenticationFilter (AuthenticationFilter.java:constructSecretProvider(240)) - Unable to initialize FileSignerSecretProvider, falling back to use random secrets.
2019-09-04 10:53:06,248 [main] WARN  http.HttpRequestLog (HttpRequestLog.java:getRequestLog(97)) - Jetty request log can only be enabled using Log4j
2019-09-04 10:53:06,250 [main] INFO  http.HttpServer2 (HttpServer2.java:addGlobalFilter(975)) - Added global filter 'safety' (class=org.apache.hadoop.http.HttpServer2$QuotingInputFilter)
2019-09-04 10:53:06,252 [main] INFO  http.HttpServer2 (HttpServer2.java:addFilter(948)) - Added filter static_user_filter (class=org.apache.hadoop.http.lib.StaticUserWebFilter$StaticUserFilter) to context hddsDatanode
2019-09-04 10:53:06,252 [main] INFO  http.HttpServer2 (HttpServer2.java:addFilter(958)) - Added filter static_user_filter (class=org.apache.hadoop.http.lib.StaticUserWebFilter$StaticUserFilter) to context logs
2019-09-04 10:53:06,252 [main] INFO  http.HttpServer2 (HttpServer2.java:addFilter(958)) - Added filter static_user_filter (class=org.apache.hadoop.http.lib.StaticUserWebFilter$StaticUserFilter) to context static
2019-09-04 10:53:06,253 [main] INFO  http.HttpServer2 (HttpServer2.java:bindListener(1191)) - Jetty bound to port 46464
2019-09-04 10:53:06,253 [main] INFO  server.Server (Server.java:doStart(351)) - jetty-9.3.24.v20180605, build timestamp: 2018-06-05T17:11:56Z, git hash: 84205aa28f11a4f31f2a3b86d1bba2cc8ab69827
2019-09-04 10:53:06,255 [main] INFO  handler.ContextHandler (ContextHandler.java:doStart(781)) - Started o.e.j.s.ServletContextHandler@73d60e76{/logs,file:///workdir/hadoop-ozone/integration-test/target/log,AVAILABLE}
2019-09-04 10:53:06,256 [main] INFO  handler.ContextHandler (ContextHandler.java:doStart(781)) - Started o.e.j.s.ServletContextHandler@5c441290{/static,jar:file:/home/user/.m2/repository/org/apache/hadoop/hadoop-hdds-container-service/0.5.0-SNAPSHOT/hadoop-hdds-container-service-0.5.0-SNAPSHOT.jar!/webapps/static,AVAILABLE}
2019-09-04 10:53:06,262 [Datanode State Machine Thread - 0] INFO  datanode.InitDatanodeState (InitDatanodeState.java:persistContainerDatanodeDetails(140)) - DatanodeDetails is persisted to /workdir/hadoop-ozone/integration-test/target/test-dir/MiniOzoneClusterImpl-999c628a-643f-418b-8827-32df467d0f6c/datanode-0/meta/datanode.id
2019-09-04 10:53:06,265 [Datanode State Machine Thread - 0] INFO  datanode.InitDatanodeState (InitDatanodeState.java:persistContainerDatanodeDetails(140)) - DatanodeDetails is persisted to /workdir/hadoop-ozone/integration-test/target/test-dir/MiniOzoneClusterImpl-999c628a-643f-418b-8827-32df467d0f6c/datanode-1/meta/datanode.id
2019-09-04 10:53:06,292 [main] INFO  handler.ContextHandler (ContextHandler.java:doStart(781)) - Started o.e.j.w.WebAppContext@3bd6ba24{/,file:///tmp/jetty-0.0.0.0-46464-hddsDatanode-_-any-2322704958247022274.dir/webapp/,AVAILABLE}{/hddsDatanode}
2019-09-04 10:53:06,293 [main] INFO  server.AbstractConnector (AbstractConnector.java:doStart(278)) - Started ServerConnector@58f437b0{HTTP/1.1,[http/1.1]}{0.0.0.0:46464}
2019-09-04 10:53:06,293 [main] INFO  server.Server (Server.java:doStart(419)) - Started @6117ms
2019-09-04 10:53:06,294 [main] WARN  impl.MetricsSystemImpl (MetricsSystemImpl.java:register(276)) - Sink prometheus already exists!
2019-09-04 10:53:06,295 [main] INFO  server.BaseHttpServer (BaseHttpServer.java:updateConnectorAddress(215)) - HTTP server of HDDSDATANODE is listening at http://0.0.0.0:46464
2019-09-04 10:53:06,297 [main] INFO  ozone.MiniOzoneClusterImpl (MiniOzoneClusterImpl.java:lambda$waitForClusterToBeReady$0(140)) - Waiting for cluster to be ready. Got 0 of 3 DN Heartbeats.
2019-09-04 10:53:06,298 [org.apache.hadoop.util.JvmPauseMonitor$Monitor@12899566] INFO  util.JvmPauseMonitor (JvmPauseMonitor.java:run(188)) - Starting JVM pause monitor
2019-09-04 10:53:06,300 [Datanode State Machine Thread - 0] INFO  datanode.InitDatanodeState (InitDatanodeState.java:persistContainerDatanodeDetails(140)) - DatanodeDetails is persisted to /workdir/hadoop-ozone/integration-test/target/test-dir/MiniOzoneClusterImpl-999c628a-643f-418b-8827-32df467d0f6c/datanode-2/meta/datanode.id
2019-09-04 10:53:06,741 [Thread-95] INFO  impl.FollowerState (FollowerState.java:run(106)) - 6122ba57-94a9-4fde-873d-3b5d89ca6705:group-C5BA1605619E changes to CANDIDATE, lastRpcTime:1136, electionTimeout:1135ms
2019-09-04 10:53:06,742 [Thread-95] INFO  impl.RoleInfo (RoleInfo.java:shutdownFollowerState(121)) - 6122ba57-94a9-4fde-873d-3b5d89ca6705: shutdown FollowerState
2019-09-04 10:53:06,743 [Thread-95] INFO  impl.RaftServerImpl (RaftServerImpl.java:setRole(171)) - 6122ba57-94a9-4fde-873d-3b5d89ca6705:group-C5BA1605619E changes role from FOLLOWER to CANDIDATE at term 0 for changeToCandidate
2019-09-04 10:53:06,746 [Thread-95] INFO  impl.RoleInfo (RoleInfo.java:updateAndGet(143)) - 6122ba57-94a9-4fde-873d-3b5d89ca6705: start LeaderElection
2019-09-04 10:53:06,763 [6122ba57-94a9-4fde-873d-3b5d89ca6705:group-C5BA1605619E:LeaderElection1] INFO  impl.LeaderElection (LeaderElection.java:askForVotes(181)) - 6122ba57-94a9-4fde-873d-3b5d89ca6705:group-C5BA1605619E:LeaderElection1: begin an election at term 1 for -1: [6122ba57-94a9-4fde-873d-3b5d89ca6705:localhost:9872], old=null
2019-09-04 10:53:06,765 [6122ba57-94a9-4fde-873d-3b5d89ca6705:group-C5BA1605619E:LeaderElection1] INFO  impl.RoleInfo (RoleInfo.java:shutdownLeaderElection(134)) - 6122ba57-94a9-4fde-873d-3b5d89ca6705: shutdown LeaderElection
2019-09-04 10:53:06,766 [6122ba57-94a9-4fde-873d-3b5d89ca6705:group-C5BA1605619E:LeaderElection1] INFO  impl.RaftServerImpl (RaftServerImpl.java:setRole(171)) - 6122ba57-94a9-4fde-873d-3b5d89ca6705:group-C5BA1605619E changes role from CANDIDATE to LEADER at term 1 for changeToLeader
2019-09-04 10:53:06,766 [6122ba57-94a9-4fde-873d-3b5d89ca6705:group-C5BA1605619E:LeaderElection1] INFO  impl.RaftServerImpl (ServerState.java:setLeader(263)) - 6122ba57-94a9-4fde-873d-3b5d89ca6705:group-C5BA1605619E change Leader from null to 6122ba57-94a9-4fde-873d-3b5d89ca6705 at term 1 for becomeLeader, leader elected after 1246ms
2019-09-04 10:53:06,775 [6122ba57-94a9-4fde-873d-3b5d89ca6705:group-C5BA1605619E:LeaderElection1] INFO  server.RaftServerConfigKeys (ConfUtils.java:logGet(43)) - raft.server.staging.catchup.gap = 1000 (default)
2019-09-04 10:53:06,776 [6122ba57-94a9-4fde-873d-3b5d89ca6705:group-C5BA1605619E:LeaderElection1] INFO  server.RaftServerConfigKeys (ConfUtils.java:logGet(43)) - raft.server.rpc.sleep.time = 25ms (default)
2019-09-04 10:53:06,780 [6122ba57-94a9-4fde-873d-3b5d89ca6705:group-C5BA1605619E:LeaderElection1] INFO  server.RaftServerConfigKeys (ConfUtils.java:logGet(43)) - raft.server.write.element-limit = 4096 (default)
2019-09-04 10:53:06,784 [6122ba57-94a9-4fde-873d-3b5d89ca6705:group-C5BA1605619E:LeaderElection1] INFO  server.RaftServerConfigKeys (ConfUtils.java:logGet(43)) - raft.server.watch.timeout = 10s (default)
2019-09-04 10:53:06,784 [6122ba57-94a9-4fde-873d-3b5d89ca6705:group-C5BA1605619E:LeaderElection1] INFO  server.RaftServerConfigKeys (ConfUtils.java:logGet(43)) - raft.server.watch.timeout.denomination = 1s (default)
2019-09-04 10:53:06,786 [6122ba57-94a9-4fde-873d-3b5d89ca6705:group-C5BA1605619E:LeaderElection1] INFO  server.RaftServerConfigKeys (ConfUtils.java:logGet(43)) - raft.server.watch.element-limit = 65536 (default)
2019-09-04 10:53:06,800 [6122ba57-94a9-4fde-873d-3b5d89ca6705:group-C5BA1605619E:LeaderElection1] INFO  impl.RoleInfo (RoleInfo.java:updateAndGet(143)) - 6122ba57-94a9-4fde-873d-3b5d89ca6705: start LeaderState
2019-09-04 10:53:06,840 [6122ba57-94a9-4fde-873d-3b5d89ca6705:group-C5BA1605619E:LeaderElection1] INFO  segmented.SegmentedRaftLogWorker (SegmentedRaftLogWorker.java:startLogSegment(380)) - 6122ba57-94a9-4fde-873d-3b5d89ca6705-SegmentedRaftLogWorker:Storage Directory /workdir/hadoop-ozone/integration-test/target/test-dir/MiniOzoneClusterImpl-999c628a-643f-418b-8827-32df467d0f6c/ozone-meta/ratis/bf265839-605b-3f16-9796-c5ba1605619e: Starting segment from index:0
2019-09-04 10:53:06,857 [6122ba57-94a9-4fde-873d-3b5d89ca6705:group-C5BA1605619E:LeaderElection1] INFO  impl.RaftServerImpl (ServerState.java:setRaftConf(361)) - 6122ba57-94a9-4fde-873d-3b5d89ca6705:group-C5BA1605619E set configuration 0: [6122ba57-94a9-4fde-873d-3b5d89ca6705:localhost:9872], old=null at 0
2019-09-04 10:53:06,985 [6122ba57-94a9-4fde-873d-3b5d89ca6705-SegmentedRaftLogWorker:Storage Directory /workdir/hadoop-ozone/integration-test/target/test-dir/MiniOzoneClusterImpl-999c628a-643f-418b-8827-32df467d0f6c/ozone-meta/ratis/bf265839-605b-3f16-9796-c5ba1605619e] INFO  segmented.SegmentedRaftLogWorker (SegmentedRaftLogWorker.java:execute(569)) - 6122ba57-94a9-4fde-873d-3b5d89ca6705-SegmentedRaftLogWorker:Storage Directory /workdir/hadoop-ozone/integration-test/target/test-dir/MiniOzoneClusterImpl-999c628a-643f-418b-8827-32df467d0f6c/ozone-meta/ratis/bf265839-605b-3f16-9796-c5ba1605619e: created new log segment /workdir/hadoop-ozone/integration-test/target/test-dir/MiniOzoneClusterImpl-999c628a-643f-418b-8827-32df467d0f6c/ozone-meta/ratis/bf265839-605b-3f16-9796-c5ba1605619e/current/log_inprogress_0
2019-09-04 10:53:07,297 [main] INFO  ozone.MiniOzoneClusterImpl (MiniOzoneClusterImpl.java:lambda$waitForClusterToBeReady$0(140)) - Waiting for cluster to be ready. Got 0 of 3 DN Heartbeats.
2019-09-04 10:53:08,178 [Datanode State Machine Thread - 0] INFO  ozoneimpl.OzoneContainer (OzoneContainer.java:start(201)) - Attempting to start container services.
2019-09-04 10:53:08,180 [Datanode State Machine Thread - 0] INFO  ozoneimpl.OzoneContainer (OzoneContainer.java:startContainerScrub(175)) - Background container scrubber has been disabled by hdds.containerscrub.enabled
2019-09-04 10:53:08,180 [Datanode State Machine Thread - 0] INFO  ratis.XceiverServerRatis (XceiverServerRatis.java:start(393)) - Starting XceiverServerRatis 16a4e2e6-922e-4a72-a727-c7c5b81abb01 at port 0
2019-09-04 10:53:08,187 [Datanode State Machine Thread - 0] INFO  impl.RaftServerProxy (RaftServerProxy.java:lambda$start$3(299)) - 16a4e2e6-922e-4a72-a727-c7c5b81abb01: start RPC server
2019-09-04 10:53:08,192 [Datanode State Machine Thread - 0] INFO  server.GrpcService (GrpcService.java:startImpl(149)) - 16a4e2e6-922e-4a72-a727-c7c5b81abb01: GrpcService started, listening on 0.0.0.0/0.0.0.0:32852
2019-09-04 10:53:08,193 [Datanode State Machine Thread - 0] INFO  ratis.XceiverServerRatis (XceiverServerRatis.java:start(403)) - XceiverServerRatis 16a4e2e6-922e-4a72-a727-c7c5b81abb01 is started using port 32852
2019-09-04 10:53:08,196 [Datanode State Machine Thread - 0] INFO  server.XceiverServerGrpc (XceiverServerGrpc.java:start(163)) - XceiverServerGrpc 16a4e2e6-922e-4a72-a727-c7c5b81abb01 is started using port 35661
2019-09-04 10:53:08,240 [Datanode State Machine Thread - 0] INFO  ozoneimpl.OzoneContainer (OzoneContainer.java:start(201)) - Attempting to start container services.
2019-09-04 10:53:08,242 [Datanode State Machine Thread - 0] INFO  ozoneimpl.OzoneContainer (OzoneContainer.java:startContainerScrub(175)) - Background container scrubber has been disabled by hdds.containerscrub.enabled
2019-09-04 10:53:08,242 [Datanode State Machine Thread - 0] INFO  ratis.XceiverServerRatis (XceiverServerRatis.java:start(393)) - Starting XceiverServerRatis ba98d9f7-02c4-42fb-b8dd-ebf3dfd1e142 at port 0
2019-09-04 10:53:08,249 [Datanode State Machine Thread - 0] INFO  impl.RaftServerProxy (RaftServerProxy.java:lambda$start$3(299)) - ba98d9f7-02c4-42fb-b8dd-ebf3dfd1e142: start RPC server
2019-09-04 10:53:08,251 [Datanode State Machine Thread - 0] INFO  server.GrpcService (GrpcService.java:startImpl(149)) - ba98d9f7-02c4-42fb-b8dd-ebf3dfd1e142: GrpcService started, listening on 0.0.0.0/0.0.0.0:36418
2019-09-04 10:53:08,251 [Datanode State Machine Thread - 0] INFO  ratis.XceiverServerRatis (XceiverServerRatis.java:start(403)) - XceiverServerRatis ba98d9f7-02c4-42fb-b8dd-ebf3dfd1e142 is started using port 36418
2019-09-04 10:53:08,253 [Datanode State Machine Thread - 0] INFO  server.XceiverServerGrpc (XceiverServerGrpc.java:start(163)) - XceiverServerGrpc ba98d9f7-02c4-42fb-b8dd-ebf3dfd1e142 is started using port 40592
2019-09-04 10:53:08,299 [main] INFO  ozone.MiniOzoneClusterImpl (MiniOzoneClusterImpl.java:lambda$waitForClusterToBeReady$0(140)) - Waiting for cluster to be ready. Got 0 of 3 DN Heartbeats.
2019-09-04 10:53:08,314 [Datanode State Machine Thread - 0] INFO  ozoneimpl.OzoneContainer (OzoneContainer.java:start(201)) - Attempting to start container services.
2019-09-04 10:53:08,316 [Datanode State Machine Thread - 0] INFO  ozoneimpl.OzoneContainer (OzoneContainer.java:startContainerScrub(175)) - Background container scrubber has been disabled by hdds.containerscrub.enabled
2019-09-04 10:53:08,316 [Datanode State Machine Thread - 0] INFO  ratis.XceiverServerRatis (XceiverServerRatis.java:start(393)) - Starting XceiverServerRatis 62e5f997-7b2b-4c16-a01e-f3c1b112aa41 at port 0
2019-09-04 10:53:08,323 [Datanode State Machine Thread - 0] INFO  impl.RaftServerProxy (RaftServerProxy.java:lambda$start$3(299)) - 62e5f997-7b2b-4c16-a01e-f3c1b112aa41: start RPC server
2019-09-04 10:53:08,326 [Datanode State Machine Thread - 0] INFO  server.GrpcService (GrpcService.java:startImpl(149)) - 62e5f997-7b2b-4c16-a01e-f3c1b112aa41: GrpcService started, listening on 0.0.0.0/0.0.0.0:43680
2019-09-04 10:53:08,326 [Datanode State Machine Thread - 0] INFO  ratis.XceiverServerRatis (XceiverServerRatis.java:start(403)) - XceiverServerRatis 62e5f997-7b2b-4c16-a01e-f3c1b112aa41 is started using port 43680
2019-09-04 10:53:08,328 [Datanode State Machine Thread - 0] INFO  server.XceiverServerGrpc (XceiverServerGrpc.java:start(163)) - XceiverServerGrpc 62e5f997-7b2b-4c16-a01e-f3c1b112aa41 is started using port 45061
2019-09-04 10:53:09,300 [main] INFO  ozone.MiniOzoneClusterImpl (MiniOzoneClusterImpl.java:lambda$waitForClusterToBeReady$0(140)) - Waiting for cluster to be ready. Got 0 of 3 DN Heartbeats.
2019-09-04 10:53:10,158 [IPC Server handler 0 on 41909] INFO  net.NetworkTopology (NetworkTopologyImpl.java:add(110)) - Added a new node: /default-rack/16a4e2e6-922e-4a72-a727-c7c5b81abb01
2019-09-04 10:53:10,159 [IPC Server handler 0 on 41909] INFO  node.SCMNodeManager (SCMNodeManager.java:register(271)) - Registered Data node : 16a4e2e6-922e-4a72-a727-c7c5b81abb01{ip: 192.168.5.153, host: pr-hdds-1982-decom-states-67zng-3388626213, networkLocation: /default-rack, certSerialId: null}
2019-09-04 10:53:10,162 [EventQueue-NodeRegistrationContainerReportForDataNodeSafeModeRule] INFO  safemode.SCMSafeModeManager (DataNodeSafeModeRule.java:process(71)) - SCM in safe mode. 1 DataNodes registered, 1 required.
2019-09-04 10:53:10,162 [EventQueue-NodeRegistrationContainerReportForDataNodeSafeModeRule] INFO  safemode.SCMSafeModeManager (SCMSafeModeManager.java:validateSafeModeExitRules(177)) - ScmSafeModeManager, all rules are successfully validated
2019-09-04 10:53:10,162 [EventQueue-NodeRegistrationContainerReportForDataNodeSafeModeRule] INFO  safemode.SCMSafeModeManager (SCMSafeModeManager.java:exitSafeMode(193)) - SCM exiting safe mode.
2019-09-04 10:53:10,218 [IPC Server handler 1 on 41909] INFO  net.NetworkTopology (NetworkTopologyImpl.java:add(110)) - Added a new node: /default-rack/ba98d9f7-02c4-42fb-b8dd-ebf3dfd1e142
2019-09-04 10:53:10,218 [IPC Server handler 1 on 41909] INFO  node.SCMNodeManager (SCMNodeManager.java:register(271)) - Registered Data node : ba98d9f7-02c4-42fb-b8dd-ebf3dfd1e142{ip: 192.168.5.153, host: pr-hdds-1982-decom-states-67zng-3388626213, networkLocation: /default-rack, certSerialId: null}
2019-09-04 10:53:10,300 [IPC Server handler 3 on 41909] INFO  net.NetworkTopology (NetworkTopologyImpl.java:add(110)) - Added a new node: /default-rack/62e5f997-7b2b-4c16-a01e-f3c1b112aa41
2019-09-04 10:53:10,300 [IPC Server handler 3 on 41909] INFO  node.SCMNodeManager (SCMNodeManager.java:register(271)) - Registered Data node : 62e5f997-7b2b-4c16-a01e-f3c1b112aa41{ip: 192.168.5.153, host: pr-hdds-1982-decom-states-67zng-3388626213, networkLocation: /default-rack, certSerialId: null}
2019-09-04 10:53:10,300 [main] INFO  ozone.MiniOzoneClusterImpl (MiniOzoneClusterImpl.java:lambda$waitForClusterToBeReady$0(140)) - Cluster is ready. Got 3 of 3 DN Heartbeats.
2019-09-04 10:53:10,658 [grpc-default-executor-0] INFO  impl.RaftServerProxy (RaftServerProxy.java:addNew(89)) - 16a4e2e6-922e-4a72-a727-c7c5b81abb01: addNew group-325EFAA8E831:[16a4e2e6-922e-4a72-a727-c7c5b81abb01:192.168.5.153:32852] returns group-325EFAA8E831:java.util.concurrent.CompletableFuture@2f45ee51[Not completed]
2019-09-04 10:53:10,669 [pool-32-thread-1] INFO  impl.RaftServerImpl (RaftServerImpl.java:<init>(93)) - 16a4e2e6-922e-4a72-a727-c7c5b81abb01: new RaftServerImpl for group-325EFAA8E831:[16a4e2e6-922e-4a72-a727-c7c5b81abb01:192.168.5.153:32852] with ContainerStateMachine:uninitialized
2019-09-04 10:53:10,670 [pool-32-thread-1] INFO  server.RaftServerConfigKeys (ConfUtils.java:logGet(43)) - raft.server.rpc.timeout.min = 5s (custom)
2019-09-04 10:53:10,671 [pool-32-thread-1] INFO  server.RaftServerConfigKeys (ConfUtils.java:logGet(43)) - raft.server.rpc.timeout.max = 5200ms (custom)
2019-09-04 10:53:10,671 [pool-32-thread-1] INFO  server.RaftServerConfigKeys (ConfUtils.java:logGet(43)) - raft.server.rpcslowness.timeout = 120s (custom)
2019-09-04 10:53:10,671 [pool-32-thread-1] INFO  server.RaftServerConfigKeys (ConfUtils.java:logGet(43)) - raft.server.sleep.deviation.threshold = 300 (default)
2019-09-04 10:53:10,671 [pool-32-thread-1] INFO  server.RaftServerConfigKeys (ConfUtils.java:logGet(43)) - raft.server.log.appender.install.snapshot.enabled = false (custom)
2019-09-04 10:53:10,671 [pool-32-thread-1] INFO  impl.RaftServerImpl (ServerState.java:<init>(105)) - 16a4e2e6-922e-4a72-a727-c7c5b81abb01:group-325EFAA8E831 ConfigurationManager, init=-1: [16a4e2e6-922e-4a72-a727-c7c5b81abb01:192.168.5.153:32852], old=null, confs=<EMPTY_MAP>
2019-09-04 10:53:10,671 [pool-32-thread-1] INFO  server.RaftServerConfigKeys (ConfUtils.java:logGet(43)) - raft.server.storage.dir = [/workdir/hadoop-ozone/integration-test/target/test-dir/MiniOzoneClusterImpl-999c628a-643f-418b-8827-32df467d0f6c/datanode-0/data/ratis] (custom)
2019-09-04 10:53:10,672 [pool-32-thread-1] INFO  storage.RaftStorageDirectory (RaftStorageDirectory.java:analyzeStorage(246)) - The storage directory /workdir/hadoop-ozone/integration-test/target/test-dir/MiniOzoneClusterImpl-999c628a-643f-418b-8827-32df467d0f6c/datanode-0/data/ratis/be6d9a2a-352e-460a-a1e8-325efaa8e831 does not exist. Creating ...
2019-09-04 10:53:10,677 [pool-32-thread-1] INFO  storage.RaftStorageDirectory (RaftStorageDirectory.java:tryLock(328)) - Lock on /workdir/hadoop-ozone/integration-test/target/test-dir/MiniOzoneClusterImpl-999c628a-643f-418b-8827-32df467d0f6c/datanode-0/data/ratis/be6d9a2a-352e-460a-a1e8-325efaa8e831/in_use.lock acquired by nodename 22605@pr-hdds-1982-decom-states-67zng-3388626213
2019-09-04 10:53:10,705 [pool-32-thread-1] INFO  storage.RaftStorage (RaftStorage.java:format(72)) - Storage directory /workdir/hadoop-ozone/integration-test/target/test-dir/MiniOzoneClusterImpl-999c628a-643f-418b-8827-32df467d0f6c/datanode-0/data/ratis/be6d9a2a-352e-460a-a1e8-325efaa8e831 has been successfully formatted.
2019-09-04 10:53:10,707 [pool-32-thread-1] INFO  ratis.ContainerStateMachine (ContainerStateMachine.java:loadSnapshot(227)) - group-325EFAA8E831: The snapshot info is null. Setting the last applied indexto:(t:0, i:~)
2019-09-04 10:53:10,707 [pool-32-thread-1] INFO  server.RaftServerConfigKeys (ConfUtils.java:logGet(43)) - raft.server.leader.election.timeout = 120s (custom)
2019-09-04 10:53:10,707 [pool-32-thread-1] INFO  server.RaftServerConfigKeys (ConfUtils.java:logGet(43)) - raft.server.log.use.memory = false (default)
2019-09-04 10:53:10,707 [pool-32-thread-1] INFO  server.RaftServerConfigKeys (ConfUtils.java:logGet(43)) - raft.server.log.purge.gap = 1000000 (custom)
2019-09-04 10:53:10,707 [pool-32-thread-1] INFO  server.RaftServerConfigKeys (ConfUtils.java:logGet(43)) - raft.server.log.appender.buffer.byte-limit = 33554432 (custom)
2019-09-04 10:53:10,707 [pool-32-thread-1] INFO  server.RaftServerConfigKeys (ConfUtils.java:logGet(43)) - raft.server.log.segment.size.max = 1048576 (custom)
2019-09-04 10:53:10,708 [pool-32-thread-1] INFO  server.RaftServerConfigKeys (ConfUtils.java:logGet(43)) - raft.server.log.segment.cache.num.max = 2 (custom)
2019-09-04 10:53:10,708 [pool-32-thread-1] INFO  segmented.SegmentedRaftLogWorker (SegmentedRaftLogWorker.java:<init>(172)) - new 16a4e2e6-922e-4a72-a727-c7c5b81abb01-SegmentedRaftLogWorker:Storage Directory /workdir/hadoop-ozone/integration-test/target/test-dir/MiniOzoneClusterImpl-999c628a-643f-418b-8827-32df467d0f6c/datanode-0/data/ratis/be6d9a2a-352e-460a-a1e8-325efaa8e831 for RaftStorage:Storage Directory /workdir/hadoop-ozone/integration-test/target/test-dir/MiniOzoneClusterImpl-999c628a-643f-418b-8827-32df467d0f6c/datanode-0/data/ratis/be6d9a2a-352e-460a-a1e8-325efaa8e831
2019-09-04 10:53:10,708 [pool-32-thread-1] INFO  server.RaftServerConfigKeys (ConfUtils.java:logGet(43)) - raft.server.log.queue.byte-limit = 2147483647 (custom)
2019-09-04 10:53:10,708 [pool-32-thread-1] INFO  server.RaftServerConfigKeys (ConfUtils.java:logGet(43)) - raft.server.log.queue.element-limit = 1024 (custom)
2019-09-04 10:53:10,709 [pool-32-thread-1] INFO  server.RaftServerConfigKeys (ConfUtils.java:logGet(43)) - raft.server.log.segment.size.max = 1048576 (custom)
2019-09-04 10:53:10,709 [pool-32-thread-1] INFO  server.RaftServerConfigKeys (ConfUtils.java:logGet(43)) - raft.server.log.preallocated.size = 16384 (custom)
2019-09-04 10:53:10,709 [pool-32-thread-1] INFO  server.RaftServerConfigKeys (ConfUtils.java:logGet(43)) - raft.server.log.write.buffer.size = 33554432 (custom)
2019-09-04 10:53:10,709 [pool-32-thread-1] INFO  server.RaftServerConfigKeys (ConfUtils.java:logGet(43)) - raft.server.log.force.sync.num = 128 (default)
2019-09-04 10:53:10,709 [pool-32-thread-1] INFO  server.RaftServerConfigKeys (ConfUtils.java:logGet(43)) - raft.server.log.statemachine.data.sync = true (default)
2019-09-04 10:53:10,709 [pool-32-thread-1] INFO  server.RaftServerConfigKeys (ConfUtils.java:logGet(43)) - raft.server.log.statemachine.data.sync.timeout = 10s (default)
2019-09-04 10:53:10,709 [pool-32-thread-1] INFO  server.RaftServerConfigKeys (ConfUtils.java:logGet(43)) - raft.server.log.statemachine.data.sync.timeout.retry = -1 (default)
2019-09-04 10:53:10,710 [pool-32-thread-1] INFO  server.RaftServerConfigKeys (ConfUtils.java:logGet(43)) - raft.server.log.statemachine.data.caching.enabled = true (custom)
2019-09-04 10:53:10,710 [pool-32-thread-1] INFO  segmented.SegmentedRaftLogWorker (SegmentedRaftLogWorker.java:lambda$new$0(132)) - 16a4e2e6-922e-4a72-a727-c7c5b81abb01-SegmentedRaftLogWorker:Storage Directory /workdir/hadoop-ozone/integration-test/target/test-dir/MiniOzoneClusterImpl-999c628a-643f-418b-8827-32df467d0f6c/datanode-0/data/ratis/be6d9a2a-352e-460a-a1e8-325efaa8e831: flushIndex: setUnconditionally 0 -> -1
2019-09-04 10:53:10,710 [pool-32-thread-1] INFO  server.RaftServerConfigKeys (ConfUtils.java:logGet(43)) - raft.server.snapshot.auto.trigger.enabled = true (custom)
2019-09-04 10:53:10,710 [pool-32-thread-1] INFO  server.RaftServerConfigKeys (ConfUtils.java:logGet(43)) - raft.server.snapshot.auto.trigger.threshold = 10000 (custom)
2019-09-04 10:53:10,711 [pool-32-thread-1] INFO  server.RaftServerConfigKeys (ConfUtils.java:logGet(43)) - raft.server.retrycache.expirytime = 600000ms (custom)
2019-09-04 10:53:10,711 [pool-32-thread-1] INFO  impl.RaftServerImpl (RaftServerImpl.java:start(180)) - 16a4e2e6-922e-4a72-a727-c7c5b81abb01: start group-325EFAA8E831
2019-09-04 10:53:10,711 [pool-32-thread-1] INFO  impl.RaftServerImpl (RaftServerImpl.java:setRole(171)) - 16a4e2e6-922e-4a72-a727-c7c5b81abb01:group-325EFAA8E831 changes role from null to FOLLOWER at term 0 for startAsFollower
2019-09-04 10:53:10,711 [pool-32-thread-1] INFO  impl.RoleInfo (RoleInfo.java:updateAndGet(143)) - 16a4e2e6-922e-4a72-a727-c7c5b81abb01: start FollowerState
2019-09-04 10:53:10,712 [pool-32-thread-1] INFO  util.JmxRegister (JmxRegister.java:tryRegister(44)) - Successfully registered JMX Bean with object name Ratis:service=RaftServer,group=group-325EFAA8E831,id=16a4e2e6-922e-4a72-a727-c7c5b81abb01
2019-09-04 10:53:10,757 [main] INFO  ozone.MiniOzoneClusterImpl (MiniOzoneClusterImpl.java:getStorageContainerLocationClient(227)) - Creating StorageContainerLocationProtocol RPC client with address /0.0.0.0:32771
2019-09-04 10:53:10,762 [RatisPipelineUtilsThread] INFO  pipeline.PipelineStateManager (PipelineStateManager.java:addPipeline(56)) - Created pipeline Pipeline[ Id: be6d9a2a-352e-460a-a1e8-325efaa8e831, Nodes: 16a4e2e6-922e-4a72-a727-c7c5b81abb01{ip: 192.168.5.153, host: pr-hdds-1982-decom-states-67zng-3388626213, networkLocation: /default-rack, certSerialId: null}, Type:RATIS, Factor:ONE, State:OPEN]
2019-09-04 10:53:10,784 [main] INFO  rpc.RpcClient (RpcClient.java:createVolume(293)) - Creating Volume: a58edfa4-c148-46b1-8501-d92d3d93b423, with jenkins1000 as owner.
2019-09-04 10:53:10,785 [grpc-default-executor-0] INFO  impl.RaftServerProxy (RaftServerProxy.java:addNew(89)) - 62e5f997-7b2b-4c16-a01e-f3c1b112aa41: addNew group-53D662A7456B:[62e5f997-7b2b-4c16-a01e-f3c1b112aa41:192.168.5.153:43680] returns group-53D662A7456B:java.util.concurrent.CompletableFuture@28adbe28[Not completed]
2019-09-04 10:53:10,815 [pool-52-thread-1] INFO  impl.RaftServerImpl (RaftServerImpl.java:<init>(93)) - 62e5f997-7b2b-4c16-a01e-f3c1b112aa41: new RaftServerImpl for group-53D662A7456B:[62e5f997-7b2b-4c16-a01e-f3c1b112aa41:192.168.5.153:43680] with ContainerStateMachine:uninitialized
2019-09-04 10:53:10,816 [pool-52-thread-1] INFO  server.RaftServerConfigKeys (ConfUtils.java:logGet(43)) - raft.server.rpc.timeout.min = 5s (custom)
2019-09-04 10:53:10,817 [pool-52-thread-1] INFO  server.RaftServerConfigKeys (ConfUtils.java:logGet(43)) - raft.server.rpc.timeout.max = 5200ms (custom)
2019-09-04 10:53:10,817 [pool-52-thread-1] INFO  server.RaftServerConfigKeys (ConfUtils.java:logGet(43)) - raft.server.rpcslowness.timeout = 120s (custom)
2019-09-04 10:53:10,817 [pool-52-thread-1] INFO  server.RaftServerConfigKeys (ConfUtils.java:logGet(43)) - raft.server.sleep.deviation.threshold = 300 (default)
2019-09-04 10:53:10,817 [pool-52-thread-1] INFO  server.RaftServerConfigKeys (ConfUtils.java:logGet(43)) - raft.server.log.appender.install.snapshot.enabled = false (custom)
2019-09-04 10:53:10,817 [pool-52-thread-1] INFO  impl.RaftServerImpl (ServerState.java:<init>(105)) - 62e5f997-7b2b-4c16-a01e-f3c1b112aa41:group-53D662A7456B ConfigurationManager, init=-1: [62e5f997-7b2b-4c16-a01e-f3c1b112aa41:192.168.5.153:43680], old=null, confs=<EMPTY_MAP>
2019-09-04 10:53:10,817 [pool-52-thread-1] INFO  server.RaftServerConfigKeys (ConfUtils.java:logGet(43)) - raft.server.storage.dir = [/workdir/hadoop-ozone/integration-test/target/test-dir/MiniOzoneClusterImpl-999c628a-643f-418b-8827-32df467d0f6c/datanode-2/data/ratis] (custom)
2019-09-04 10:53:10,818 [pool-52-thread-1] INFO  storage.RaftStorageDirectory (RaftStorageDirectory.java:analyzeStorage(246)) - The storage directory /workdir/hadoop-ozone/integration-test/target/test-dir/MiniOzoneClusterImpl-999c628a-643f-418b-8827-32df467d0f6c/datanode-2/data/ratis/ae1d3050-a927-4c86-a9f3-53d662a7456b does not exist. Creating ...
2019-09-04 10:53:11,443 [OM StateMachine ApplyTransaction Thread - 0] INFO  volume.OMVolumeCreateRequest (OMVolumeCreateRequest.java:validateAndUpdateCache(189)) - created volume:a58edfa4-c148-46b1-8501-d92d3d93b423 for user:jenkins1000
2019-09-04 10:53:11,461 [main] INFO  rpc.RpcClient (RpcClient.java:createBucket(432)) - Creating Bucket: a58edfa4-c148-46b1-8501-d92d3d93b423/4026ac7d-b2fe-44cf-b1d2-66e2a5c4d2a3, with Versioning false and Storage Type set to DISK and Encryption set to false 
2019-09-04 10:53:12,661 [pool-52-thread-1] INFO  storage.RaftStorageDirectory (RaftStorageDirectory.java:tryLock(328)) - Lock on /workdir/hadoop-ozone/integration-test/target/test-dir/MiniOzoneClusterImpl-999c628a-643f-418b-8827-32df467d0f6c/datanode-2/data/ratis/ae1d3050-a927-4c86-a9f3-53d662a7456b/in_use.lock acquired by nodename 22605@pr-hdds-1982-decom-states-67zng-3388626213
2019-09-04 10:53:13,167 [Thread-183] INFO  container.ReplicationManager (ReplicationManager.java:start(162)) - Starting Replication Monitor Thread.
2019-09-04 10:53:13,169 [ReplicationMonitor] INFO  container.ReplicationManager (ReplicationManager.java:run(225)) - Replication Monitor Thread took 0 milliseconds for processing 0 containers.
2019-09-04 10:53:13,782 [RATISCREATEPIPELINE1] ERROR pipeline.RatisPipelineProvider (RatisPipelineProvider.java:lambda$null$5(236)) - Failed invoke Ratis rpc org.apache.hadoop.hdds.scm.pipeline.RatisPipelineProvider$$Lambda$298/1615551774@6b08a581 for 62e5f997-7b2b-4c16-a01e-f3c1b112aa41
org.apache.ratis.protocol.TimeoutIOException: deadline exceeded after 2999791140ns
	at org.apache.ratis.grpc.GrpcUtil.tryUnwrapException(GrpcUtil.java:82)
	at org.apache.ratis.grpc.GrpcUtil.unwrapException(GrpcUtil.java:75)
	at org.apache.ratis.grpc.client.GrpcClientProtocolClient.blockingCall(GrpcClientProtocolClient.java:169)
	at org.apache.ratis.grpc.client.GrpcClientProtocolClient.groupAdd(GrpcClientProtocolClient.java:138)
	at org.apache.ratis.grpc.client.GrpcClientRpc.sendRequest(GrpcClientRpc.java:94)
	at org.apache.ratis.client.impl.RaftClientImpl.sendRequest(RaftClientImpl.java:279)
	at org.apache.ratis.client.impl.RaftClientImpl.groupAdd(RaftClientImpl.java:206)
	at org.apache.hadoop.hdds.scm.pipeline.RatisPipelineProvider.lambda$initializePipeline$4(RatisPipelineProvider.java:195)
	at org.apache.hadoop.hdds.scm.pipeline.RatisPipelineProvider.lambda$null$5(RatisPipelineProvider.java:232)
	at java.util.stream.ForEachOps$ForEachOp$OfRef.accept(ForEachOps.java:184)
	at java.util.ArrayList$ArrayListSpliterator.forEachRemaining(ArrayList.java:1382)
	at java.util.stream.AbstractPipeline.copyInto(AbstractPipeline.java:482)
	at java.util.stream.ForEachOps$ForEachTask.compute(ForEachOps.java:291)
	at java.util.concurrent.CountedCompleter.exec(CountedCompleter.java:731)
	at java.util.concurrent.ForkJoinTask.doExec(ForkJoinTask.java:289)
	at java.util.concurrent.ForkJoinTask.doInvoke(ForkJoinTask.java:401)
	at java.util.concurrent.ForkJoinTask.invoke(ForkJoinTask.java:734)
	at java.util.stream.ForEachOps$ForEachOp.evaluateParallel(ForEachOps.java:160)
	at java.util.stream.ForEachOps$ForEachOp$OfRef.evaluateParallel(ForEachOps.java:174)
	at java.util.stream.AbstractPipeline.evaluate(AbstractPipeline.java:233)
	at java.util.stream.ReferencePipeline.forEach(ReferencePipeline.java:418)
	at java.util.stream.ReferencePipeline$Head.forEach(ReferencePipeline.java:583)
	at org.apache.hadoop.hdds.scm.pipeline.RatisPipelineProvider.lambda$callRatisRpc$6(RatisPipelineProvider.java:226)
	at java.util.concurrent.ForkJoinTask$AdaptedRunnableAction.exec(ForkJoinTask.java:1386)
	at java.util.concurrent.ForkJoinTask.doExec(ForkJoinTask.java:289)
	at java.util.concurrent.ForkJoinPool$WorkQueue.runTask(ForkJoinPool.java:1056)
	at java.util.concurrent.ForkJoinPool.runWorker(ForkJoinPool.java:1692)
	at java.util.concurrent.ForkJoinWorkerThread.run(ForkJoinWorkerThread.java:157)
Caused by: org.apache.ratis.thirdparty.io.grpc.StatusRuntimeException: DEADLINE_EXCEEDED: deadline exceeded after 2999791140ns
	at org.apache.ratis.thirdparty.io.grpc.stub.ClientCalls.toStatusRuntimeException(ClientCalls.java:233)
	at org.apache.ratis.thirdparty.io.grpc.stub.ClientCalls.getUnchecked(ClientCalls.java:214)
	at org.apache.ratis.thirdparty.io.grpc.stub.ClientCalls.blockingUnaryCall(ClientCalls.java:139)
	at org.apache.ratis.proto.grpc.AdminProtocolServiceGrpc$AdminProtocolServiceBlockingStub.groupManagement(AdminProtocolServiceGrpc.java:274)
	at org.apache.ratis.grpc.client.GrpcClientProtocolClient.lambda$groupAdd$3(GrpcClientProtocolClient.java:140)
	at org.apache.ratis.grpc.client.GrpcClientProtocolClient.blockingCall(GrpcClientProtocolClient.java:167)
	... 25 more
2019-09-04 10:53:13,840 [grpc-default-executor-2] INFO  impl.RaftServerProxy (RaftServerProxy.java:addNew(89)) - 62e5f997-7b2b-4c16-a01e-f3c1b112aa41: addNew group-4D8C1A6F95C9:[ba98d9f7-02c4-42fb-b8dd-ebf3dfd1e142:192.168.5.153:36418, 62e5f997-7b2b-4c16-a01e-f3c1b112aa41:192.168.5.153:43680, 16a4e2e6-922e-4a72-a727-c7c5b81abb01:192.168.5.153:32852] returns group-4D8C1A6F95C9:java.util.concurrent.CompletableFuture@4659f06a[Not completed]
2019-09-04 10:53:13,841 [grpc-default-executor-0] INFO  impl.RaftServerProxy (RaftServerProxy.java:addNew(89)) - ba98d9f7-02c4-42fb-b8dd-ebf3dfd1e142: addNew group-4D8C1A6F95C9:[ba98d9f7-02c4-42fb-b8dd-ebf3dfd1e142:192.168.5.153:36418, 62e5f997-7b2b-4c16-a01e-f3c1b112aa41:192.168.5.153:43680, 16a4e2e6-922e-4a72-a727-c7c5b81abb01:192.168.5.153:32852] returns group-4D8C1A6F95C9:java.util.concurrent.CompletableFuture@603cd34[Not completed]
2019-09-04 10:53:13,840 [grpc-default-executor-1] INFO  impl.RaftServerProxy (RaftServerProxy.java:addNew(89)) - 16a4e2e6-922e-4a72-a727-c7c5b81abb01: addNew group-4D8C1A6F95C9:[ba98d9f7-02c4-42fb-b8dd-ebf3dfd1e142:192.168.5.153:36418, 62e5f997-7b2b-4c16-a01e-f3c1b112aa41:192.168.5.153:43680, 16a4e2e6-922e-4a72-a727-c7c5b81abb01:192.168.5.153:32852] returns group-4D8C1A6F95C9:java.util.concurrent.CompletableFuture@356bf717[Not completed]
2019-09-04 10:53:13,852 [pool-32-thread-1] INFO  impl.RaftServerImpl (RaftServerImpl.java:<init>(93)) - 16a4e2e6-922e-4a72-a727-c7c5b81abb01: new RaftServerImpl for group-4D8C1A6F95C9:[ba98d9f7-02c4-42fb-b8dd-ebf3dfd1e142:192.168.5.153:36418, 62e5f997-7b2b-4c16-a01e-f3c1b112aa41:192.168.5.153:43680, 16a4e2e6-922e-4a72-a727-c7c5b81abb01:192.168.5.153:32852] with ContainerStateMachine:uninitialized
2019-09-04 10:53:13,853 [pool-32-thread-1] INFO  server.RaftServerConfigKeys (ConfUtils.java:logGet(43)) - raft.server.rpc.timeout.min = 5s (custom)
2019-09-04 10:53:13,853 [pool-32-thread-1] INFO  server.RaftServerConfigKeys (ConfUtils.java:logGet(43)) - raft.server.rpc.timeout.max = 5200ms (custom)
2019-09-04 10:53:13,853 [pool-32-thread-1] INFO  server.RaftServerConfigKeys (ConfUtils.java:logGet(43)) - raft.server.rpcslowness.timeout = 120s (custom)
2019-09-04 10:53:13,854 [pool-32-thread-1] INFO  server.RaftServerConfigKeys (ConfUtils.java:logGet(43)) - raft.server.sleep.deviation.threshold = 300 (default)
2019-09-04 10:53:13,854 [pool-42-thread-1] INFO  impl.RaftServerImpl (RaftServerImpl.java:<init>(93)) - ba98d9f7-02c4-42fb-b8dd-ebf3dfd1e142: new RaftServerImpl for group-4D8C1A6F95C9:[ba98d9f7-02c4-42fb-b8dd-ebf3dfd1e142:192.168.5.153:36418, 62e5f997-7b2b-4c16-a01e-f3c1b112aa41:192.168.5.153:43680, 16a4e2e6-922e-4a72-a727-c7c5b81abb01:192.168.5.153:32852] with ContainerStateMachine:uninitialized
2019-09-04 10:53:13,854 [pool-32-thread-1] INFO  server.RaftServerConfigKeys (ConfUtils.java:logGet(43)) - raft.server.log.appender.install.snapshot.enabled = false (custom)
2019-09-04 10:53:13,855 [pool-42-thread-1] INFO  server.RaftServerConfigKeys (ConfUtils.java:logGet(43)) - raft.server.rpc.timeout.min = 5s (custom)
2019-09-04 10:53:13,855 [pool-32-thread-1] INFO  impl.RaftServerImpl (ServerState.java:<init>(105)) - 16a4e2e6-922e-4a72-a727-c7c5b81abb01:group-4D8C1A6F95C9 ConfigurationManager, init=-1: [ba98d9f7-02c4-42fb-b8dd-ebf3dfd1e142:192.168.5.153:36418, 62e5f997-7b2b-4c16-a01e-f3c1b112aa41:192.168.5.153:43680, 16a4e2e6-922e-4a72-a727-c7c5b81abb01:192.168.5.153:32852], old=null, confs=<EMPTY_MAP>
2019-09-04 10:53:13,855 [pool-42-thread-1] INFO  server.RaftServerConfigKeys (ConfUtils.java:logGet(43)) - raft.server.rpc.timeout.max = 5200ms (custom)
2019-09-04 10:53:13,855 [pool-32-thread-1] INFO  server.RaftServerConfigKeys (ConfUtils.java:logGet(43)) - raft.server.storage.dir = [/workdir/hadoop-ozone/integration-test/target/test-dir/MiniOzoneClusterImpl-999c628a-643f-418b-8827-32df467d0f6c/datanode-0/data/ratis] (custom)
2019-09-04 10:53:13,855 [pool-42-thread-1] INFO  server.RaftServerConfigKeys (ConfUtils.java:logGet(43)) - raft.server.rpcslowness.timeout = 120s (custom)
2019-09-04 10:53:13,856 [pool-42-thread-1] INFO  server.RaftServerConfigKeys (ConfUtils.java:logGet(43)) - raft.server.sleep.deviation.threshold = 300 (default)
2019-09-04 10:53:13,856 [pool-42-thread-1] INFO  server.RaftServerConfigKeys (ConfUtils.java:logGet(43)) - raft.server.log.appender.install.snapshot.enabled = false (custom)
2019-09-04 10:53:13,856 [pool-32-thread-1] INFO  storage.RaftStorageDirectory (RaftStorageDirectory.java:analyzeStorage(246)) - The storage directory /workdir/hadoop-ozone/integration-test/target/test-dir/MiniOzoneClusterImpl-999c628a-643f-418b-8827-32df467d0f6c/datanode-0/data/ratis/1595faa9-c93f-4c86-bf6b-4d8c1a6f95c9 does not exist. Creating ...
2019-09-04 10:53:13,856 [pool-42-thread-1] INFO  impl.RaftServerImpl (ServerState.java:<init>(105)) - ba98d9f7-02c4-42fb-b8dd-ebf3dfd1e142:group-4D8C1A6F95C9 ConfigurationManager, init=-1: [ba98d9f7-02c4-42fb-b8dd-ebf3dfd1e142:192.168.5.153:36418, 62e5f997-7b2b-4c16-a01e-f3c1b112aa41:192.168.5.153:43680, 16a4e2e6-922e-4a72-a727-c7c5b81abb01:192.168.5.153:32852], old=null, confs=<EMPTY_MAP>
2019-09-04 10:53:13,857 [pool-42-thread-1] INFO  server.RaftServerConfigKeys (ConfUtils.java:logGet(43)) - raft.server.storage.dir = [/workdir/hadoop-ozone/integration-test/target/test-dir/MiniOzoneClusterImpl-999c628a-643f-418b-8827-32df467d0f6c/datanode-1/data/ratis] (custom)
2019-09-04 10:53:13,857 [pool-42-thread-1] INFO  storage.RaftStorageDirectory (RaftStorageDirectory.java:analyzeStorage(246)) - The storage directory /workdir/hadoop-ozone/integration-test/target/test-dir/MiniOzoneClusterImpl-999c628a-643f-418b-8827-32df467d0f6c/datanode-1/data/ratis/1595faa9-c93f-4c86-bf6b-4d8c1a6f95c9 does not exist. Creating ...
2019-09-04 10:53:15,885 [Thread-188] INFO  impl.FollowerState (FollowerState.java:run(106)) - 16a4e2e6-922e-4a72-a727-c7c5b81abb01:group-325EFAA8E831 changes to CANDIDATE, lastRpcTime:5173, electionTimeout:5173ms
2019-09-04 10:53:15,887 [Thread-188] INFO  impl.RoleInfo (RoleInfo.java:shutdownFollowerState(121)) - 16a4e2e6-922e-4a72-a727-c7c5b81abb01: shutdown FollowerState
2019-09-04 10:53:15,887 [Thread-188] INFO  impl.RaftServerImpl (RaftServerImpl.java:setRole(171)) - 16a4e2e6-922e-4a72-a727-c7c5b81abb01:group-325EFAA8E831 changes role from FOLLOWER to CANDIDATE at term 0 for changeToCandidate
2019-09-04 10:53:15,888 [Thread-188] INFO  impl.RoleInfo (RoleInfo.java:updateAndGet(143)) - 16a4e2e6-922e-4a72-a727-c7c5b81abb01: start LeaderElection
2019-09-04 10:53:16,402 [pool-32-thread-1] INFO  storage.RaftStorageDirectory (RaftStorageDirectory.java:tryLock(328)) - Lock on /workdir/hadoop-ozone/integration-test/target/test-dir/MiniOzoneClusterImpl-999c628a-643f-418b-8827-32df467d0f6c/datanode-0/data/ratis/1595faa9-c93f-4c86-bf6b-4d8c1a6f95c9/in_use.lock acquired by nodename 22605@pr-hdds-1982-decom-states-67zng-3388626213
2019-09-04 10:53:16,402 [pool-42-thread-1] INFO  storage.RaftStorageDirectory (RaftStorageDirectory.java:tryLock(328)) - Lock on /workdir/hadoop-ozone/integration-test/target/test-dir/MiniOzoneClusterImpl-999c628a-643f-418b-8827-32df467d0f6c/datanode-1/data/ratis/1595faa9-c93f-4c86-bf6b-4d8c1a6f95c9/in_use.lock acquired by nodename 22605@pr-hdds-1982-decom-states-67zng-3388626213
2019-09-04 10:53:16,464 [pool-52-thread-1] INFO  storage.RaftStorage (RaftStorage.java:format(72)) - Storage directory /workdir/hadoop-ozone/integration-test/target/test-dir/MiniOzoneClusterImpl-999c628a-643f-418b-8827-32df467d0f6c/datanode-2/data/ratis/ae1d3050-a927-4c86-a9f3-53d662a7456b has been successfully formatted.
2019-09-04 10:53:16,464 [pool-52-thread-1] INFO  ratis.ContainerStateMachine (ContainerStateMachine.java:loadSnapshot(227)) - group-53D662A7456B: The snapshot info is null. Setting the last applied indexto:(t:0, i:~)
2019-09-04 10:53:16,466 [pool-52-thread-1] INFO  server.RaftServerConfigKeys (ConfUtils.java:logGet(43)) - raft.server.leader.election.timeout = 120s (custom)
2019-09-04 10:53:16,466 [pool-52-thread-1] INFO  server.RaftServerConfigKeys (ConfUtils.java:logGet(43)) - raft.server.log.use.memory = false (default)
2019-09-04 10:53:16,468 [pool-52-thread-1] INFO  server.RaftServerConfigKeys (ConfUtils.java:logGet(43)) - raft.server.log.purge.gap = 1000000 (custom)
2019-09-04 10:53:16,468 [pool-52-thread-1] INFO  server.RaftServerConfigKeys (ConfUtils.java:logGet(43)) - raft.server.log.appender.buffer.byte-limit = 33554432 (custom)
2019-09-04 10:53:16,469 [pool-52-thread-1] INFO  server.RaftServerConfigKeys (ConfUtils.java:logGet(43)) - raft.server.log.segment.size.max = 1048576 (custom)
2019-09-04 10:53:16,469 [pool-52-thread-1] INFO  server.RaftServerConfigKeys (ConfUtils.java:logGet(43)) - raft.server.log.segment.cache.num.max = 2 (custom)
2019-09-04 10:53:16,469 [pool-52-thread-1] INFO  segmented.SegmentedRaftLogWorker (SegmentedRaftLogWorker.java:<init>(172)) - new 62e5f997-7b2b-4c16-a01e-f3c1b112aa41-SegmentedRaftLogWorker:Storage Directory /workdir/hadoop-ozone/integration-test/target/test-dir/MiniOzoneClusterImpl-999c628a-643f-418b-8827-32df467d0f6c/datanode-2/data/ratis/ae1d3050-a927-4c86-a9f3-53d662a7456b for RaftStorage:Storage Directory /workdir/hadoop-ozone/integration-test/target/test-dir/MiniOzoneClusterImpl-999c628a-643f-418b-8827-32df467d0f6c/datanode-2/data/ratis/ae1d3050-a927-4c86-a9f3-53d662a7456b
2019-09-04 10:53:16,470 [pool-52-thread-1] INFO  server.RaftServerConfigKeys (ConfUtils.java:logGet(43)) - raft.server.log.queue.byte-limit = 2147483647 (custom)
2019-09-04 10:53:16,470 [pool-52-thread-1] INFO  server.RaftServerConfigKeys (ConfUtils.java:logGet(43)) - raft.server.log.queue.element-limit = 1024 (custom)
2019-09-04 10:53:16,470 [pool-52-thread-1] INFO  server.RaftServerConfigKeys (ConfUtils.java:logGet(43)) - raft.server.log.segment.size.max = 1048576 (custom)
2019-09-04 10:53:16,471 [pool-52-thread-1] INFO  server.RaftServerConfigKeys (ConfUtils.java:logGet(43)) - raft.server.log.preallocated.size = 16384 (custom)
2019-09-04 10:53:16,471 [pool-52-thread-1] INFO  server.RaftServerConfigKeys (ConfUtils.java:logGet(43)) - raft.server.log.write.buffer.size = 33554432 (custom)
2019-09-04 10:53:16,471 [pool-52-thread-1] INFO  server.RaftServerConfigKeys (ConfUtils.java:logGet(43)) - raft.server.log.force.sync.num = 128 (default)
2019-09-04 10:53:16,471 [pool-52-thread-1] INFO  server.RaftServerConfigKeys (ConfUtils.java:logGet(43)) - raft.server.log.statemachine.data.sync = true (default)
2019-09-04 10:53:16,471 [pool-52-thread-1] INFO  server.RaftServerConfigKeys (ConfUtils.java:logGet(43)) - raft.server.log.statemachine.data.sync.timeout = 10s (default)
2019-09-04 10:53:16,472 [pool-52-thread-1] INFO  server.RaftServerConfigKeys (ConfUtils.java:logGet(43)) - raft.server.log.statemachine.data.sync.timeout.retry = -1 (default)
2019-09-04 10:53:16,472 [pool-52-thread-1] INFO  server.RaftServerConfigKeys (ConfUtils.java:logGet(43)) - raft.server.log.statemachine.data.caching.enabled = true (custom)
2019-09-04 10:53:16,473 [pool-52-thread-1] INFO  segmented.SegmentedRaftLogWorker (SegmentedRaftLogWorker.java:lambda$new$0(132)) - 62e5f997-7b2b-4c16-a01e-f3c1b112aa41-SegmentedRaftLogWorker:Storage Directory /workdir/hadoop-ozone/integration-test/target/test-dir/MiniOzoneClusterImpl-999c628a-643f-418b-8827-32df467d0f6c/datanode-2/data/ratis/ae1d3050-a927-4c86-a9f3-53d662a7456b: flushIndex: setUnconditionally 0 -> -1
2019-09-04 10:53:16,474 [pool-52-thread-1] INFO  server.RaftServerConfigKeys (ConfUtils.java:logGet(43)) - raft.server.snapshot.auto.trigger.enabled = true (custom)
2019-09-04 10:53:16,474 [pool-52-thread-1] INFO  server.RaftServerConfigKeys (ConfUtils.java:logGet(43)) - raft.server.snapshot.auto.trigger.threshold = 10000 (custom)
2019-09-04 10:53:16,474 [pool-52-thread-1] INFO  server.RaftServerConfigKeys (ConfUtils.java:logGet(43)) - raft.server.retrycache.expirytime = 600000ms (custom)
2019-09-04 10:53:16,477 [pool-52-thread-1] INFO  impl.RaftServerImpl (RaftServerImpl.java:<init>(93)) - 62e5f997-7b2b-4c16-a01e-f3c1b112aa41: new RaftServerImpl for group-4D8C1A6F95C9:[ba98d9f7-02c4-42fb-b8dd-ebf3dfd1e142:192.168.5.153:36418, 62e5f997-7b2b-4c16-a01e-f3c1b112aa41:192.168.5.153:43680, 16a4e2e6-922e-4a72-a727-c7c5b81abb01:192.168.5.153:32852] with ContainerStateMachine:uninitialized
2019-09-04 10:53:16,477 [pool-52-thread-1] INFO  server.RaftServerConfigKeys (ConfUtils.java:logGet(43)) - raft.server.rpc.timeout.min = 5s (custom)
2019-09-04 10:53:16,477 [pool-52-thread-1] INFO  server.RaftServerConfigKeys (ConfUtils.java:logGet(43)) - raft.server.rpc.timeout.max = 5200ms (custom)
2019-09-04 10:53:16,477 [pool-52-thread-1] INFO  server.RaftServerConfigKeys (ConfUtils.java:logGet(43)) - raft.server.rpcslowness.timeout = 120s (custom)
2019-09-04 10:53:16,477 [pool-52-thread-1] INFO  server.RaftServerConfigKeys (ConfUtils.java:logGet(43)) - raft.server.sleep.deviation.threshold = 300 (default)
2019-09-04 10:53:16,478 [pool-52-thread-1] INFO  server.RaftServerConfigKeys (ConfUtils.java:logGet(43)) - raft.server.log.appender.install.snapshot.enabled = false (custom)
2019-09-04 10:53:16,478 [pool-52-thread-1] INFO  impl.RaftServerImpl (ServerState.java:<init>(105)) - 62e5f997-7b2b-4c16-a01e-f3c1b112aa41:group-4D8C1A6F95C9 ConfigurationManager, init=-1: [ba98d9f7-02c4-42fb-b8dd-ebf3dfd1e142:192.168.5.153:36418, 62e5f997-7b2b-4c16-a01e-f3c1b112aa41:192.168.5.153:43680, 16a4e2e6-922e-4a72-a727-c7c5b81abb01:192.168.5.153:32852], old=null, confs=<EMPTY_MAP>
2019-09-04 10:53:16,478 [pool-52-thread-1] INFO  server.RaftServerConfigKeys (ConfUtils.java:logGet(43)) - raft.server.storage.dir = [/workdir/hadoop-ozone/integration-test/target/test-dir/MiniOzoneClusterImpl-999c628a-643f-418b-8827-32df467d0f6c/datanode-2/data/ratis] (custom)
2019-09-04 10:53:16,479 [pool-52-thread-1] INFO  storage.RaftStorageDirectory (RaftStorageDirectory.java:analyzeStorage(246)) - The storage directory /workdir/hadoop-ozone/integration-test/target/test-dir/MiniOzoneClusterImpl-999c628a-643f-418b-8827-32df467d0f6c/datanode-2/data/ratis/1595faa9-c93f-4c86-bf6b-4d8c1a6f95c9 does not exist. Creating ...
2019-09-04 10:53:16,797 [RATISCREATEPIPELINE3] ERROR pipeline.RatisPipelineProvider (RatisPipelineProvider.java:lambda$null$5(236)) - Failed invoke Ratis rpc org.apache.hadoop.hdds.scm.pipeline.RatisPipelineProvider$$Lambda$298/1615551774@774a8e87 for ba98d9f7-02c4-42fb-b8dd-ebf3dfd1e142
org.apache.ratis.protocol.TimeoutIOException: deadline exceeded after 2993376473ns
	at org.apache.ratis.grpc.GrpcUtil.tryUnwrapException(GrpcUtil.java:82)
	at org.apache.ratis.grpc.GrpcUtil.unwrapException(GrpcUtil.java:75)
	at org.apache.ratis.grpc.client.GrpcClientProtocolClient.blockingCall(GrpcClientProtocolClient.java:169)
	at org.apache.ratis.grpc.client.GrpcClientProtocolClient.groupAdd(GrpcClientProtocolClient.java:138)
	at org.apache.ratis.grpc.client.GrpcClientRpc.sendRequest(GrpcClientRpc.java:94)
	at org.apache.ratis.client.impl.RaftClientImpl.sendRequest(RaftClientImpl.java:279)
	at org.apache.ratis.client.impl.RaftClientImpl.groupAdd(RaftClientImpl.java:206)
	at org.apache.hadoop.hdds.scm.pipeline.RatisPipelineProvider.lambda$initializePipeline$4(RatisPipelineProvider.java:195)
	at org.apache.hadoop.hdds.scm.pipeline.RatisPipelineProvider.lambda$null$5(RatisPipelineProvider.java:232)
	at java.util.stream.ForEachOps$ForEachOp$OfRef.accept(ForEachOps.java:184)
	at java.util.ArrayList$ArrayListSpliterator.forEachRemaining(ArrayList.java:1382)
	at java.util.stream.AbstractPipeline.copyInto(AbstractPipeline.java:482)
	at java.util.stream.ForEachOps$ForEachTask.compute(ForEachOps.java:291)
	at java.util.concurrent.CountedCompleter.exec(CountedCompleter.java:731)
	at java.util.concurrent.ForkJoinTask.doExec(ForkJoinTask.java:289)
	at java.util.concurrent.ForkJoinPool$WorkQueue.runTask(ForkJoinPool.java:1056)
	at java.util.concurrent.ForkJoinPool.runWorker(ForkJoinPool.java:1692)
	at java.util.concurrent.ForkJoinWorkerThread.run(ForkJoinWorkerThread.java:157)
Caused by: org.apache.ratis.thirdparty.io.grpc.StatusRuntimeException: DEADLINE_EXCEEDED: deadline exceeded after 2993376473ns
	at org.apache.ratis.thirdparty.io.grpc.stub.ClientCalls.toStatusRuntimeException(ClientCalls.java:233)
	at org.apache.ratis.thirdparty.io.grpc.stub.ClientCalls.getUnchecked(ClientCalls.java:214)
	at org.apache.ratis.thirdparty.io.grpc.stub.ClientCalls.blockingUnaryCall(ClientCalls.java:139)
	at org.apache.ratis.proto.grpc.AdminProtocolServiceGrpc$AdminProtocolServiceBlockingStub.groupManagement(AdminProtocolServiceGrpc.java:274)
	at org.apache.ratis.grpc.client.GrpcClientProtocolClient.lambda$groupAdd$3(GrpcClientProtocolClient.java:140)
	at org.apache.ratis.grpc.client.GrpcClientProtocolClient.blockingCall(GrpcClientProtocolClient.java:167)
	... 15 more
2019-09-04 10:53:16,799 [RATISCREATEPIPELINE1] ERROR pipeline.RatisPipelineProvider (RatisPipelineProvider.java:lambda$null$5(236)) - Failed invoke Ratis rpc org.apache.hadoop.hdds.scm.pipeline.RatisPipelineProvider$$Lambda$298/1615551774@774a8e87 for 16a4e2e6-922e-4a72-a727-c7c5b81abb01
org.apache.ratis.protocol.TimeoutIOException: deadline exceeded after 2998691502ns
	at org.apache.ratis.grpc.GrpcUtil.tryUnwrapException(GrpcUtil.java:82)
	at org.apache.ratis.grpc.GrpcUtil.unwrapException(GrpcUtil.java:75)
	at org.apache.ratis.grpc.client.GrpcClientProtocolClient.blockingCall(GrpcClientProtocolClient.java:169)
	at org.apache.ratis.grpc.client.GrpcClientProtocolClient.groupAdd(GrpcClientProtocolClient.java:138)
	at org.apache.ratis.grpc.client.GrpcClientRpc.sendRequest(GrpcClientRpc.java:94)
	at org.apache.ratis.client.impl.RaftClientImpl.sendRequest(RaftClientImpl.java:279)
	at org.apache.ratis.client.impl.RaftClientImpl.groupAdd(RaftClientImpl.java:206)
	at org.apache.hadoop.hdds.scm.pipeline.RatisPipelineProvider.lambda$initializePipeline$4(RatisPipelineProvider.java:195)
	at org.apache.hadoop.hdds.scm.pipeline.RatisPipelineProvider.lambda$null$5(RatisPipelineProvider.java:232)
	at java.util.stream.ForEachOps$ForEachOp$OfRef.accept(ForEachOps.java:184)
	at java.util.ArrayList$ArrayListSpliterator.forEachRemaining(ArrayList.java:1382)
	at java.util.stream.AbstractPipeline.copyInto(AbstractPipeline.java:482)
	at java.util.stream.ForEachOps$ForEachTask.compute(ForEachOps.java:291)
	at java.util.concurrent.CountedCompleter.exec(CountedCompleter.java:731)
	at java.util.concurrent.ForkJoinTask.doExec(ForkJoinTask.java:289)
	at java.util.concurrent.ForkJoinTask.doInvoke(ForkJoinTask.java:401)
	at java.util.concurrent.ForkJoinTask.invoke(ForkJoinTask.java:734)
	at java.util.stream.ForEachOps$ForEachOp.evaluateParallel(ForEachOps.java:160)
	at java.util.stream.ForEachOps$ForEachOp$OfRef.evaluateParallel(ForEachOps.java:174)
	at java.util.stream.AbstractPipeline.evaluate(AbstractPipeline.java:233)
	at java.util.stream.ReferencePipeline.forEach(ReferencePipeline.java:418)
	at java.util.stream.ReferencePipeline$Head.forEach(ReferencePipeline.java:583)
	at org.apache.hadoop.hdds.scm.pipeline.RatisPipelineProvider.lambda$callRatisRpc$6(RatisPipelineProvider.java:226)
	at java.util.concurrent.ForkJoinTask$AdaptedRunnableAction.exec(ForkJoinTask.java:1386)
	at java.util.concurrent.ForkJoinTask.doExec(ForkJoinTask.java:289)
	at java.util.concurrent.ForkJoinPool$WorkQueue.runTask(ForkJoinPool.java:1056)
	at java.util.concurrent.ForkJoinPool.runWorker(ForkJoinPool.java:1692)
	at java.util.concurrent.ForkJoinWorkerThread.run(ForkJoinWorkerThread.java:157)
Caused by: org.apache.ratis.thirdparty.io.grpc.StatusRuntimeException: DEADLINE_EXCEEDED: deadline exceeded after 2998691502ns
	at org.apache.ratis.thirdparty.io.grpc.stub.ClientCalls.toStatusRuntimeException(ClientCalls.java:233)
	at org.apache.ratis.thirdparty.io.grpc.stub.ClientCalls.getUnchecked(ClientCalls.java:214)
	at org.apache.ratis.thirdparty.io.grpc.stub.ClientCalls.blockingUnaryCall(ClientCalls.java:139)
	at org.apache.ratis.proto.grpc.AdminProtocolServiceGrpc$AdminProtocolServiceBlockingStub.groupManagement(AdminProtocolServiceGrpc.java:274)
	at org.apache.ratis.grpc.client.GrpcClientProtocolClient.lambda$groupAdd$3(GrpcClientProtocolClient.java:140)
	at org.apache.ratis.grpc.client.GrpcClientProtocolClient.blockingCall(GrpcClientProtocolClient.java:167)
	... 25 more
2019-09-04 10:53:16,802 [RATISCREATEPIPELINE2] ERROR pipeline.RatisPipelineProvider (RatisPipelineProvider.java:lambda$null$5(236)) - Failed invoke Ratis rpc org.apache.hadoop.hdds.scm.pipeline.RatisPipelineProvider$$Lambda$298/1615551774@774a8e87 for 62e5f997-7b2b-4c16-a01e-f3c1b112aa41
org.apache.ratis.protocol.TimeoutIOException: deadline exceeded after 2993411788ns
	at org.apache.ratis.grpc.GrpcUtil.tryUnwrapException(GrpcUtil.java:82)
	at org.apache.ratis.grpc.GrpcUtil.unwrapException(GrpcUtil.java:75)
	at org.apache.ratis.grpc.client.GrpcClientProtocolClient.blockingCall(GrpcClientProtocolClient.java:169)
	at org.apache.ratis.grpc.client.GrpcClientProtocolClient.groupAdd(GrpcClientProtocolClient.java:138)
	at org.apache.ratis.grpc.client.GrpcClientRpc.sendRequest(GrpcClientRpc.java:94)
	at org.apache.ratis.client.impl.RaftClientImpl.sendRequest(RaftClientImpl.java:279)
	at org.apache.ratis.client.impl.RaftClientImpl.groupAdd(RaftClientImpl.java:206)
	at org.apache.hadoop.hdds.scm.pipeline.RatisPipelineProvider.lambda$initializePipeline$4(RatisPipelineProvider.java:195)
	at org.apache.hadoop.hdds.scm.pipeline.RatisPipelineProvider.lambda$null$5(RatisPipelineProvider.java:232)
	at java.util.stream.ForEachOps$ForEachOp$OfRef.accept(ForEachOps.java:184)
	at java.util.ArrayList$ArrayListSpliterator.forEachRemaining(ArrayList.java:1382)
	at java.util.stream.AbstractPipeline.copyInto(AbstractPipeline.java:482)
	at java.util.stream.ForEachOps$ForEachTask.compute(ForEachOps.java:291)
	at java.util.concurrent.CountedCompleter.exec(CountedCompleter.java:731)
	at java.util.concurrent.ForkJoinTask.doExec(ForkJoinTask.java:289)
	at java.util.concurrent.ForkJoinPool$WorkQueue.runTask(ForkJoinPool.java:1056)
	at java.util.concurrent.ForkJoinPool.runWorker(ForkJoinPool.java:1692)
	at java.util.concurrent.ForkJoinWorkerThread.run(ForkJoinWorkerThread.java:157)
Caused by: org.apache.ratis.thirdparty.io.grpc.StatusRuntimeException: DEADLINE_EXCEEDED: deadline exceeded after 2993411788ns
	at org.apache.ratis.thirdparty.io.grpc.stub.ClientCalls.toStatusRuntimeException(ClientCalls.java:233)
	at org.apache.ratis.thirdparty.io.grpc.stub.ClientCalls.getUnchecked(ClientCalls.java:214)
	at org.apache.ratis.thirdparty.io.grpc.stub.ClientCalls.blockingUnaryCall(ClientCalls.java:139)
	at org.apache.ratis.proto.grpc.AdminProtocolServiceGrpc$AdminProtocolServiceBlockingStub.groupManagement(AdminProtocolServiceGrpc.java:274)
	at org.apache.ratis.grpc.client.GrpcClientProtocolClient.lambda$groupAdd$3(GrpcClientProtocolClient.java:140)
	at org.apache.ratis.grpc.client.GrpcClientProtocolClient.blockingCall(GrpcClientProtocolClient.java:167)
	... 15 more
2019-09-04 10:53:16,836 [grpc-default-executor-0] INFO  impl.RaftServerProxy (RaftServerProxy.java:addNew(89)) - 62e5f997-7b2b-4c16-a01e-f3c1b112aa41: addNew group-36D8E6C07297:[62e5f997-7b2b-4c16-a01e-f3c1b112aa41:192.168.5.153:43680] returns group-36D8E6C07297:java.util.concurrent.CompletableFuture@793df986[Not completed]
2019-09-04 10:53:19,070 [16a4e2e6-922e-4a72-a727-c7c5b81abb01:group-325EFAA8E831:LeaderElection2] INFO  impl.LeaderElection (LeaderElection.java:askForVotes(181)) - 16a4e2e6-922e-4a72-a727-c7c5b81abb01:group-325EFAA8E831:LeaderElection2: begin an election at term 1 for -1: [16a4e2e6-922e-4a72-a727-c7c5b81abb01:192.168.5.153:32852], old=null
2019-09-04 10:53:19,072 [16a4e2e6-922e-4a72-a727-c7c5b81abb01:group-325EFAA8E831:LeaderElection2] INFO  impl.RoleInfo (RoleInfo.java:shutdownLeaderElection(134)) - 16a4e2e6-922e-4a72-a727-c7c5b81abb01: shutdown LeaderElection
2019-09-04 10:53:19,073 [16a4e2e6-922e-4a72-a727-c7c5b81abb01:group-325EFAA8E831:LeaderElection2] INFO  impl.RaftServerImpl (RaftServerImpl.java:setRole(171)) - 16a4e2e6-922e-4a72-a727-c7c5b81abb01:group-325EFAA8E831 changes role from CANDIDATE to LEADER at term 1 for changeToLeader
2019-09-04 10:53:19,073 [16a4e2e6-922e-4a72-a727-c7c5b81abb01:group-325EFAA8E831:LeaderElection2] INFO  impl.RaftServerImpl (ServerState.java:setLeader(263)) - 16a4e2e6-922e-4a72-a727-c7c5b81abb01:group-325EFAA8E831 change Leader from null to 16a4e2e6-922e-4a72-a727-c7c5b81abb01 at term 1 for becomeLeader, leader elected after 8365ms
2019-09-04 10:53:19,073 [16a4e2e6-922e-4a72-a727-c7c5b81abb01:group-325EFAA8E831:LeaderElection2] INFO  server.RaftServerConfigKeys (ConfUtils.java:logGet(43)) - raft.server.staging.catchup.gap = 1000 (default)
2019-09-04 10:53:19,073 [16a4e2e6-922e-4a72-a727-c7c5b81abb01:group-325EFAA8E831:LeaderElection2] INFO  server.RaftServerConfigKeys (ConfUtils.java:logGet(43)) - raft.server.rpc.sleep.time = 25ms (default)
2019-09-04 10:53:19,073 [16a4e2e6-922e-4a72-a727-c7c5b81abb01:group-325EFAA8E831:LeaderElection2] INFO  server.RaftServerConfigKeys (ConfUtils.java:logGet(43)) - raft.server.write.element-limit = 4096 (default)
2019-09-04 10:53:19,074 [16a4e2e6-922e-4a72-a727-c7c5b81abb01:group-325EFAA8E831:LeaderElection2] INFO  server.RaftServerConfigKeys (ConfUtils.java:logGet(43)) - raft.server.watch.timeout = 10s (default)
2019-09-04 10:53:19,074 [16a4e2e6-922e-4a72-a727-c7c5b81abb01:group-325EFAA8E831:LeaderElection2] INFO  server.RaftServerConfigKeys (ConfUtils.java:logGet(43)) - raft.server.watch.timeout.denomination = 1s (default)
2019-09-04 10:53:19,074 [16a4e2e6-922e-4a72-a727-c7c5b81abb01:group-325EFAA8E831:LeaderElection2] INFO  server.RaftServerConfigKeys (ConfUtils.java:logGet(43)) - raft.server.watch.element-limit = 65536 (default)
2019-09-04 10:53:19,074 [16a4e2e6-922e-4a72-a727-c7c5b81abb01:group-325EFAA8E831:LeaderElection2] INFO  impl.RoleInfo (RoleInfo.java:updateAndGet(143)) - 16a4e2e6-922e-4a72-a727-c7c5b81abb01: start LeaderState
2019-09-04 10:53:19,075 [16a4e2e6-922e-4a72-a727-c7c5b81abb01:group-325EFAA8E831:LeaderElection2] INFO  segmented.SegmentedRaftLogWorker (SegmentedRaftLogWorker.java:startLogSegment(380)) - 16a4e2e6-922e-4a72-a727-c7c5b81abb01-SegmentedRaftLogWorker:Storage Directory /workdir/hadoop-ozone/integration-test/target/test-dir/MiniOzoneClusterImpl-999c628a-643f-418b-8827-32df467d0f6c/datanode-0/data/ratis/be6d9a2a-352e-460a-a1e8-325efaa8e831: Starting segment from index:0
2019-09-04 10:53:19,075 [16a4e2e6-922e-4a72-a727-c7c5b81abb01:group-325EFAA8E831:LeaderElection2] INFO  impl.RaftServerImpl (ServerState.java:setRaftConf(361)) - 16a4e2e6-922e-4a72-a727-c7c5b81abb01:group-325EFAA8E831 set configuration 0: [16a4e2e6-922e-4a72-a727-c7c5b81abb01:192.168.5.153:32852], old=null at 0
2019-09-04 10:53:19,838 [RATISCREATEPIPELINE1] ERROR pipeline.RatisPipelineProvider (RatisPipelineProvider.java:lambda$null$5(236)) - Failed invoke Ratis rpc org.apache.hadoop.hdds.scm.pipeline.RatisPipelineProvider$$Lambda$298/1615551774@72dd5791 for 62e5f997-7b2b-4c16-a01e-f3c1b112aa41
org.apache.ratis.protocol.TimeoutIOException: deadline exceeded after 2999507709ns
	at org.apache.ratis.grpc.GrpcUtil.tryUnwrapException(GrpcUtil.java:82)
	at org.apache.ratis.grpc.GrpcUtil.unwrapException(GrpcUtil.java:75)
	at org.apache.ratis.grpc.client.GrpcClientProtocolClient.blockingCall(GrpcClientProtocolClient.java:169)
	at org.apache.ratis.grpc.client.GrpcClientProtocolClient.groupAdd(GrpcClientProtocolClient.java:138)
	at org.apache.ratis.grpc.client.GrpcClientRpc.sendRequest(GrpcClientRpc.java:94)
	at org.apache.ratis.client.impl.RaftClientImpl.sendRequest(RaftClientImpl.java:279)
	at org.apache.ratis.client.impl.RaftClientImpl.groupAdd(RaftClientImpl.java:206)
	at org.apache.hadoop.hdds.scm.pipeline.RatisPipelineProvider.lambda$initializePipeline$4(RatisPipelineProvider.java:195)
	at org.apache.hadoop.hdds.scm.pipeline.RatisPipelineProvider.lambda$null$5(RatisPipelineProvider.java:232)
	at java.util.stream.ForEachOps$ForEachOp$OfRef.accept(ForEachOps.java:184)
	at java.util.ArrayList$ArrayListSpliterator.forEachRemaining(ArrayList.java:1382)
	at java.util.stream.AbstractPipeline.copyInto(AbstractPipeline.java:482)
	at java.util.stream.ForEachOps$ForEachTask.compute(ForEachOps.java:291)
	at java.util.concurrent.CountedCompleter.exec(CountedCompleter.java:731)
	at java.util.concurrent.ForkJoinTask.doExec(ForkJoinTask.java:289)
	at java.util.concurrent.ForkJoinTask.doInvoke(ForkJoinTask.java:401)
	at java.util.concurrent.ForkJoinTask.invoke(ForkJoinTask.java:734)
	at java.util.stream.ForEachOps$ForEachOp.evaluateParallel(ForEachOps.java:160)
	at java.util.stream.ForEachOps$ForEachOp$OfRef.evaluateParallel(ForEachOps.java:174)
	at java.util.stream.AbstractPipeline.evaluate(AbstractPipeline.java:233)
	at java.util.stream.ReferencePipeline.forEach(ReferencePipeline.java:418)
	at java.util.stream.ReferencePipeline$Head.forEach(ReferencePipeline.java:583)
	at org.apache.hadoop.hdds.scm.pipeline.RatisPipelineProvider.lambda$callRatisRpc$6(RatisPipelineProvider.java:226)
	at java.util.concurrent.ForkJoinTask$AdaptedRunnableAction.exec(ForkJoinTask.java:1386)
	at java.util.concurrent.ForkJoinTask.doExec(ForkJoinTask.java:289)
	at java.util.concurrent.ForkJoinPool$WorkQueue.runTask(ForkJoinPool.java:1056)
	at java.util.concurrent.ForkJoinPool.runWorker(ForkJoinPool.java:1692)
	at java.util.concurrent.ForkJoinWorkerThread.run(ForkJoinWorkerThread.java:157)
Caused by: org.apache.ratis.thirdparty.io.grpc.StatusRuntimeException: DEADLINE_EXCEEDED: deadline exceeded after 2999507709ns
	at org.apache.ratis.thirdparty.io.grpc.stub.ClientCalls.toStatusRuntimeException(ClientCalls.java:233)
	at org.apache.ratis.thirdparty.io.grpc.stub.ClientCalls.getUnchecked(ClientCalls.java:214)
	at org.apache.ratis.thirdparty.io.grpc.stub.ClientCalls.blockingUnaryCall(ClientCalls.java:139)
	at org.apache.ratis.proto.grpc.AdminProtocolServiceGrpc$AdminProtocolServiceBlockingStub.groupManagement(AdminProtocolServiceGrpc.java:274)
	at org.apache.ratis.grpc.client.GrpcClientProtocolClient.lambda$groupAdd$3(GrpcClientProtocolClient.java:140)
	at org.apache.ratis.grpc.client.GrpcClientProtocolClient.blockingCall(GrpcClientProtocolClient.java:167)
	... 25 more
2019-09-04 10:53:19,879 [grpc-default-executor-0] INFO  impl.RaftServerProxy (RaftServerProxy.java:addNew(89)) - 62e5f997-7b2b-4c16-a01e-f3c1b112aa41: addNew group-305A8D37E8E5:[ba98d9f7-02c4-42fb-b8dd-ebf3dfd1e142:192.168.5.153:36418, 62e5f997-7b2b-4c16-a01e-f3c1b112aa41:192.168.5.153:43680, 16a4e2e6-922e-4a72-a727-c7c5b81abb01:192.168.5.153:32852] returns group-305A8D37E8E5:java.util.concurrent.CompletableFuture@71f9a527[Not completed]
2019-09-04 10:53:19,880 [grpc-default-executor-1] INFO  impl.RaftServerProxy (RaftServerProxy.java:addNew(89)) - 16a4e2e6-922e-4a72-a727-c7c5b81abb01: addNew group-305A8D37E8E5:[ba98d9f7-02c4-42fb-b8dd-ebf3dfd1e142:192.168.5.153:36418, 62e5f997-7b2b-4c16-a01e-f3c1b112aa41:192.168.5.153:43680, 16a4e2e6-922e-4a72-a727-c7c5b81abb01:192.168.5.153:32852] returns group-305A8D37E8E5:java.util.concurrent.CompletableFuture@533aa510[Not completed]
2019-09-04 10:53:19,880 [grpc-default-executor-2] INFO  impl.RaftServerProxy (RaftServerProxy.java:addNew(89)) - ba98d9f7-02c4-42fb-b8dd-ebf3dfd1e142: addNew group-305A8D37E8E5:[ba98d9f7-02c4-42fb-b8dd-ebf3dfd1e142:192.168.5.153:36418, 62e5f997-7b2b-4c16-a01e-f3c1b112aa41:192.168.5.153:43680, 16a4e2e6-922e-4a72-a727-c7c5b81abb01:192.168.5.153:32852] returns group-305A8D37E8E5:java.util.concurrent.CompletableFuture@764fa51[Not completed]
2019-09-04 10:53:21,612 [pool-52-thread-1] INFO  storage.RaftStorageDirectory (RaftStorageDirectory.java:tryLock(328)) - Lock on /workdir/hadoop-ozone/integration-test/target/test-dir/MiniOzoneClusterImpl-999c628a-643f-418b-8827-32df467d0f6c/datanode-2/data/ratis/1595faa9-c93f-4c86-bf6b-4d8c1a6f95c9/in_use.lock acquired by nodename 22605@pr-hdds-1982-decom-states-67zng-3388626213
2019-09-04 10:53:21,714 [pool-32-thread-1] INFO  storage.RaftStorage (RaftStorage.java:format(72)) - Storage directory /workdir/hadoop-ozone/integration-test/target/test-dir/MiniOzoneClusterImpl-999c628a-643f-418b-8827-32df467d0f6c/datanode-0/data/ratis/1595faa9-c93f-4c86-bf6b-4d8c1a6f95c9 has been successfully formatted.
2019-09-04 10:53:21,714 [pool-42-thread-1] INFO  storage.RaftStorage (RaftStorage.java:format(72)) - Storage directory /workdir/hadoop-ozone/integration-test/target/test-dir/MiniOzoneClusterImpl-999c628a-643f-418b-8827-32df467d0f6c/datanode-1/data/ratis/1595faa9-c93f-4c86-bf6b-4d8c1a6f95c9 has been successfully formatted.
2019-09-04 10:53:21,715 [pool-32-thread-1] INFO  ratis.ContainerStateMachine (ContainerStateMachine.java:loadSnapshot(227)) - group-4D8C1A6F95C9: The snapshot info is null. Setting the last applied indexto:(t:0, i:~)
2019-09-04 10:53:21,715 [pool-42-thread-1] INFO  ratis.ContainerStateMachine (ContainerStateMachine.java:loadSnapshot(227)) - group-4D8C1A6F95C9: The snapshot info is null. Setting the last applied indexto:(t:0, i:~)
2019-09-04 10:53:21,715 [pool-32-thread-1] INFO  server.RaftServerConfigKeys (ConfUtils.java:logGet(43)) - raft.server.leader.election.timeout = 120s (custom)
2019-09-04 10:53:21,716 [pool-42-thread-1] INFO  server.RaftServerConfigKeys (ConfUtils.java:logGet(43)) - raft.server.leader.election.timeout = 120s (custom)
2019-09-04 10:53:21,716 [pool-32-thread-1] INFO  server.RaftServerConfigKeys (ConfUtils.java:logGet(43)) - raft.server.log.use.memory = false (default)
2019-09-04 10:53:21,716 [pool-42-thread-1] INFO  server.RaftServerConfigKeys (ConfUtils.java:logGet(43)) - raft.server.log.use.memory = false (default)
2019-09-04 10:53:21,716 [pool-32-thread-1] INFO  server.RaftServerConfigKeys (ConfUtils.java:logGet(43)) - raft.server.log.purge.gap = 1000000 (custom)
2019-09-04 10:53:21,716 [pool-42-thread-1] INFO  server.RaftServerConfigKeys (ConfUtils.java:logGet(43)) - raft.server.log.purge.gap = 1000000 (custom)
2019-09-04 10:53:21,716 [pool-32-thread-1] INFO  server.RaftServerConfigKeys (ConfUtils.java:logGet(43)) - raft.server.log.appender.buffer.byte-limit = 33554432 (custom)
2019-09-04 10:53:21,716 [pool-42-thread-1] INFO  server.RaftServerConfigKeys (ConfUtils.java:logGet(43)) - raft.server.log.appender.buffer.byte-limit = 33554432 (custom)
2019-09-04 10:53:21,717 [pool-32-thread-1] INFO  server.RaftServerConfigKeys (ConfUtils.java:logGet(43)) - raft.server.log.segment.size.max = 1048576 (custom)
2019-09-04 10:53:21,717 [pool-42-thread-1] INFO  server.RaftServerConfigKeys (ConfUtils.java:logGet(43)) - raft.server.log.segment.size.max = 1048576 (custom)
2019-09-04 10:53:21,717 [pool-32-thread-1] INFO  server.RaftServerConfigKeys (ConfUtils.java:logGet(43)) - raft.server.log.segment.cache.num.max = 2 (custom)
2019-09-04 10:53:21,717 [pool-42-thread-1] INFO  server.RaftServerConfigKeys (ConfUtils.java:logGet(43)) - raft.server.log.segment.cache.num.max = 2 (custom)
2019-09-04 10:53:21,717 [pool-32-thread-1] INFO  segmented.SegmentedRaftLogWorker (SegmentedRaftLogWorker.java:<init>(172)) - new 16a4e2e6-922e-4a72-a727-c7c5b81abb01-SegmentedRaftLogWorker:Storage Directory /workdir/hadoop-ozone/integration-test/target/test-dir/MiniOzoneClusterImpl-999c628a-643f-418b-8827-32df467d0f6c/datanode-0/data/ratis/1595faa9-c93f-4c86-bf6b-4d8c1a6f95c9 for RaftStorage:Storage Directory /workdir/hadoop-ozone/integration-test/target/test-dir/MiniOzoneClusterImpl-999c628a-643f-418b-8827-32df467d0f6c/datanode-0/data/ratis/1595faa9-c93f-4c86-bf6b-4d8c1a6f95c9
2019-09-04 10:53:21,717 [pool-42-thread-1] INFO  segmented.SegmentedRaftLogWorker (SegmentedRaftLogWorker.java:<init>(172)) - new ba98d9f7-02c4-42fb-b8dd-ebf3dfd1e142-SegmentedRaftLogWorker:Storage Directory /workdir/hadoop-ozone/integration-test/target/test-dir/MiniOzoneClusterImpl-999c628a-643f-418b-8827-32df467d0f6c/datanode-1/data/ratis/1595faa9-c93f-4c86-bf6b-4d8c1a6f95c9 for RaftStorage:Storage Directory /workdir/hadoop-ozone/integration-test/target/test-dir/MiniOzoneClusterImpl-999c628a-643f-418b-8827-32df467d0f6c/datanode-1/data/ratis/1595faa9-c93f-4c86-bf6b-4d8c1a6f95c9
2019-09-04 10:53:21,718 [pool-32-thread-1] INFO  server.RaftServerConfigKeys (ConfUtils.java:logGet(43)) - raft.server.log.queue.byte-limit = 2147483647 (custom)
2019-09-04 10:53:21,719 [pool-42-thread-1] INFO  server.RaftServerConfigKeys (ConfUtils.java:logGet(43)) - raft.server.log.queue.byte-limit = 2147483647 (custom)
2019-09-04 10:53:21,721 [pool-32-thread-1] INFO  server.RaftServerConfigKeys (ConfUtils.java:logGet(43)) - raft.server.log.queue.element-limit = 1024 (custom)
2019-09-04 10:53:21,721 [pool-42-thread-1] INFO  server.RaftServerConfigKeys (ConfUtils.java:logGet(43)) - raft.server.log.queue.element-limit = 1024 (custom)
2019-09-04 10:53:21,721 [pool-32-thread-1] INFO  server.RaftServerConfigKeys (ConfUtils.java:logGet(43)) - raft.server.log.segment.size.max = 1048576 (custom)
2019-09-04 10:53:21,721 [pool-32-thread-1] INFO  server.RaftServerConfigKeys (ConfUtils.java:logGet(43)) - raft.server.log.preallocated.size = 16384 (custom)
2019-09-04 10:53:21,721 [pool-42-thread-1] INFO  server.RaftServerConfigKeys (ConfUtils.java:logGet(43)) - raft.server.log.segment.size.max = 1048576 (custom)
2019-09-04 10:53:21,721 [pool-32-thread-1] INFO  server.RaftServerConfigKeys (ConfUtils.java:logGet(43)) - raft.server.log.write.buffer.size = 33554432 (custom)
2019-09-04 10:53:21,722 [pool-42-thread-1] INFO  server.RaftServerConfigKeys (ConfUtils.java:logGet(43)) - raft.server.log.preallocated.size = 16384 (custom)
2019-09-04 10:53:21,722 [pool-32-thread-1] INFO  server.RaftServerConfigKeys (ConfUtils.java:logGet(43)) - raft.server.log.force.sync.num = 128 (default)
2019-09-04 10:53:21,722 [pool-42-thread-1] INFO  server.RaftServerConfigKeys (ConfUtils.java:logGet(43)) - raft.server.log.write.buffer.size = 33554432 (custom)
2019-09-04 10:53:21,722 [pool-32-thread-1] INFO  server.RaftServerConfigKeys (ConfUtils.java:logGet(43)) - raft.server.log.statemachine.data.sync = true (default)
2019-09-04 10:53:21,722 [pool-42-thread-1] INFO  server.RaftServerConfigKeys (ConfUtils.java:logGet(43)) - raft.server.log.force.sync.num = 128 (default)
2019-09-04 10:53:21,722 [pool-32-thread-1] INFO  server.RaftServerConfigKeys (ConfUtils.java:logGet(43)) - raft.server.log.statemachine.data.sync.timeout = 10s (default)
2019-09-04 10:53:21,723 [pool-42-thread-1] INFO  server.RaftServerConfigKeys (ConfUtils.java:logGet(43)) - raft.server.log.statemachine.data.sync = true (default)
2019-09-04 10:53:21,723 [pool-32-thread-1] INFO  server.RaftServerConfigKeys (ConfUtils.java:logGet(43)) - raft.server.log.statemachine.data.sync.timeout.retry = -1 (default)
2019-09-04 10:53:21,723 [pool-42-thread-1] INFO  server.RaftServerConfigKeys (ConfUtils.java:logGet(43)) - raft.server.log.statemachine.data.sync.timeout = 10s (default)
2019-09-04 10:53:21,723 [pool-32-thread-1] INFO  server.RaftServerConfigKeys (ConfUtils.java:logGet(43)) - raft.server.log.statemachine.data.caching.enabled = true (custom)
2019-09-04 10:53:21,723 [pool-42-thread-1] INFO  server.RaftServerConfigKeys (ConfUtils.java:logGet(43)) - raft.server.log.statemachine.data.sync.timeout.retry = -1 (default)
2019-09-04 10:53:21,724 [pool-32-thread-1] INFO  segmented.SegmentedRaftLogWorker (SegmentedRaftLogWorker.java:lambda$new$0(132)) - 16a4e2e6-922e-4a72-a727-c7c5b81abb01-SegmentedRaftLogWorker:Storage Directory /workdir/hadoop-ozone/integration-test/target/test-dir/MiniOzoneClusterImpl-999c628a-643f-418b-8827-32df467d0f6c/datanode-0/data/ratis/1595faa9-c93f-4c86-bf6b-4d8c1a6f95c9: flushIndex: setUnconditionally 0 -> -1
2019-09-04 10:53:21,724 [pool-42-thread-1] INFO  server.RaftServerConfigKeys (ConfUtils.java:logGet(43)) - raft.server.log.statemachine.data.caching.enabled = true (custom)
2019-09-04 10:53:21,724 [pool-32-thread-1] INFO  server.RaftServerConfigKeys (ConfUtils.java:logGet(43)) - raft.server.snapshot.auto.trigger.enabled = true (custom)
2019-09-04 10:53:21,724 [pool-42-thread-1] INFO  segmented.SegmentedRaftLogWorker (SegmentedRaftLogWorker.java:lambda$new$0(132)) - ba98d9f7-02c4-42fb-b8dd-ebf3dfd1e142-SegmentedRaftLogWorker:Storage Directory /workdir/hadoop-ozone/integration-test/target/test-dir/MiniOzoneClusterImpl-999c628a-643f-418b-8827-32df467d0f6c/datanode-1/data/ratis/1595faa9-c93f-4c86-bf6b-4d8c1a6f95c9: flushIndex: setUnconditionally 0 -> -1
2019-09-04 10:53:21,724 [pool-32-thread-1] INFO  server.RaftServerConfigKeys (ConfUtils.java:logGet(43)) - raft.server.snapshot.auto.trigger.threshold = 10000 (custom)
2019-09-04 10:53:21,725 [pool-42-thread-1] INFO  server.RaftServerConfigKeys (ConfUtils.java:logGet(43)) - raft.server.snapshot.auto.trigger.enabled = true (custom)
2019-09-04 10:53:21,725 [pool-32-thread-1] INFO  server.RaftServerConfigKeys (ConfUtils.java:logGet(43)) - raft.server.retrycache.expirytime = 600000ms (custom)
2019-09-04 10:53:21,725 [pool-42-thread-1] INFO  server.RaftServerConfigKeys (ConfUtils.java:logGet(43)) - raft.server.snapshot.auto.trigger.threshold = 10000 (custom)
2019-09-04 10:53:21,725 [pool-42-thread-1] INFO  server.RaftServerConfigKeys (ConfUtils.java:logGet(43)) - raft.server.retrycache.expirytime = 600000ms (custom)
2019-09-04 10:53:21,728 [pool-32-thread-1] INFO  impl.RaftServerImpl (RaftServerImpl.java:<init>(93)) - 16a4e2e6-922e-4a72-a727-c7c5b81abb01: new RaftServerImpl for group-305A8D37E8E5:[ba98d9f7-02c4-42fb-b8dd-ebf3dfd1e142:192.168.5.153:36418, 62e5f997-7b2b-4c16-a01e-f3c1b112aa41:192.168.5.153:43680, 16a4e2e6-922e-4a72-a727-c7c5b81abb01:192.168.5.153:32852] with ContainerStateMachine:uninitialized
2019-09-04 10:53:21,728 [pool-32-thread-1] INFO  server.RaftServerConfigKeys (ConfUtils.java:logGet(43)) - raft.server.rpc.timeout.min = 5s (custom)
2019-09-04 10:53:21,728 [pool-32-thread-1] INFO  server.RaftServerConfigKeys (ConfUtils.java:logGet(43)) - raft.server.rpc.timeout.max = 5200ms (custom)
2019-09-04 10:53:21,728 [pool-32-thread-1] INFO  server.RaftServerConfigKeys (ConfUtils.java:logGet(43)) - raft.server.rpcslowness.timeout = 120s (custom)
2019-09-04 10:53:21,728 [pool-32-thread-1] INFO  server.RaftServerConfigKeys (ConfUtils.java:logGet(43)) - raft.server.sleep.deviation.threshold = 300 (default)
2019-09-04 10:53:21,728 [pool-42-thread-1] INFO  impl.RaftServerImpl (RaftServerImpl.java:<init>(93)) - ba98d9f7-02c4-42fb-b8dd-ebf3dfd1e142: new RaftServerImpl for group-305A8D37E8E5:[ba98d9f7-02c4-42fb-b8dd-ebf3dfd1e142:192.168.5.153:36418, 62e5f997-7b2b-4c16-a01e-f3c1b112aa41:192.168.5.153:43680, 16a4e2e6-922e-4a72-a727-c7c5b81abb01:192.168.5.153:32852] with ContainerStateMachine:uninitialized
2019-09-04 10:53:21,728 [pool-32-thread-1] INFO  server.RaftServerConfigKeys (ConfUtils.java:logGet(43)) - raft.server.log.appender.install.snapshot.enabled = false (custom)
2019-09-04 10:53:21,729 [pool-42-thread-1] INFO  server.RaftServerConfigKeys (ConfUtils.java:logGet(43)) - raft.server.rpc.timeout.min = 5s (custom)
2019-09-04 10:53:21,729 [pool-32-thread-1] INFO  impl.RaftServerImpl (ServerState.java:<init>(105)) - 16a4e2e6-922e-4a72-a727-c7c5b81abb01:group-305A8D37E8E5 ConfigurationManager, init=-1: [ba98d9f7-02c4-42fb-b8dd-ebf3dfd1e142:192.168.5.153:36418, 62e5f997-7b2b-4c16-a01e-f3c1b112aa41:192.168.5.153:43680, 16a4e2e6-922e-4a72-a727-c7c5b81abb01:192.168.5.153:32852], old=null, confs=<EMPTY_MAP>
2019-09-04 10:53:21,729 [pool-42-thread-1] INFO  server.RaftServerConfigKeys (ConfUtils.java:logGet(43)) - raft.server.rpc.timeout.max = 5200ms (custom)
2019-09-04 10:53:21,729 [pool-42-thread-1] INFO  server.RaftServerConfigKeys (ConfUtils.java:logGet(43)) - raft.server.rpcslowness.timeout = 120s (custom)
2019-09-04 10:53:21,729 [pool-32-thread-1] INFO  server.RaftServerConfigKeys (ConfUtils.java:logGet(43)) - raft.server.storage.dir = [/workdir/hadoop-ozone/integration-test/target/test-dir/MiniOzoneClusterImpl-999c628a-643f-418b-8827-32df467d0f6c/datanode-0/data/ratis] (custom)
2019-09-04 10:53:21,730 [pool-42-thread-1] INFO  server.RaftServerConfigKeys (ConfUtils.java:logGet(43)) - raft.server.sleep.deviation.threshold = 300 (default)
2019-09-04 10:53:21,730 [pool-42-thread-1] INFO  server.RaftServerConfigKeys (ConfUtils.java:logGet(43)) - raft.server.log.appender.install.snapshot.enabled = false (custom)
2019-09-04 10:53:21,730 [pool-32-thread-1] INFO  storage.RaftStorageDirectory (RaftStorageDirectory.java:analyzeStorage(246)) - The storage directory /workdir/hadoop-ozone/integration-test/target/test-dir/MiniOzoneClusterImpl-999c628a-643f-418b-8827-32df467d0f6c/datanode-0/data/ratis/b6fd0e5e-846f-4d93-aecc-305a8d37e8e5 does not exist. Creating ...
2019-09-04 10:53:21,730 [pool-42-thread-1] INFO  impl.RaftServerImpl (ServerState.java:<init>(105)) - ba98d9f7-02c4-42fb-b8dd-ebf3dfd1e142:group-305A8D37E8E5 ConfigurationManager, init=-1: [ba98d9f7-02c4-42fb-b8dd-ebf3dfd1e142:192.168.5.153:36418, 62e5f997-7b2b-4c16-a01e-f3c1b112aa41:192.168.5.153:43680, 16a4e2e6-922e-4a72-a727-c7c5b81abb01:192.168.5.153:32852], old=null, confs=<EMPTY_MAP>
2019-09-04 10:53:21,730 [pool-42-thread-1] INFO  server.RaftServerConfigKeys (ConfUtils.java:logGet(43)) - raft.server.storage.dir = [/workdir/hadoop-ozone/integration-test/target/test-dir/MiniOzoneClusterImpl-999c628a-643f-418b-8827-32df467d0f6c/datanode-1/data/ratis] (custom)
2019-09-04 10:53:21,731 [pool-42-thread-1] INFO  storage.RaftStorageDirectory (RaftStorageDirectory.java:analyzeStorage(246)) - The storage directory /workdir/hadoop-ozone/integration-test/target/test-dir/MiniOzoneClusterImpl-999c628a-643f-418b-8827-32df467d0f6c/datanode-1/data/ratis/b6fd0e5e-846f-4d93-aecc-305a8d37e8e5 does not exist. Creating ...
2019-09-04 10:53:22,857 [RATISCREATEPIPELINE3] ERROR pipeline.RatisPipelineProvider (RatisPipelineProvider.java:lambda$null$5(236)) - Failed invoke Ratis rpc org.apache.hadoop.hdds.scm.pipeline.RatisPipelineProvider$$Lambda$298/1615551774@6d93d02a for ba98d9f7-02c4-42fb-b8dd-ebf3dfd1e142
org.apache.ratis.protocol.TimeoutIOException: deadline exceeded after 2997210447ns
	at org.apache.ratis.grpc.GrpcUtil.tryUnwrapException(GrpcUtil.java:82)
	at org.apache.ratis.grpc.GrpcUtil.unwrapException(GrpcUtil.java:75)
	at org.apache.ratis.grpc.client.GrpcClientProtocolClient.blockingCall(GrpcClientProtocolClient.java:169)
	at org.apache.ratis.grpc.client.GrpcClientProtocolClient.groupAdd(GrpcClientProtocolClient.java:138)
	at org.apache.ratis.grpc.client.GrpcClientRpc.sendRequest(GrpcClientRpc.java:94)
	at org.apache.ratis.client.impl.RaftClientImpl.sendRequest(RaftClientImpl.java:279)
	at org.apache.ratis.client.impl.RaftClientImpl.groupAdd(RaftClientImpl.java:206)
	at org.apache.hadoop.hdds.scm.pipeline.RatisPipelineProvider.lambda$initializePipeline$4(RatisPipelineProvider.java:195)
	at org.apache.hadoop.hdds.scm.pipeline.RatisPipelineProvider.lambda$null$5(RatisPipelineProvider.java:232)
	at java.util.stream.ForEachOps$ForEachOp$OfRef.accept(ForEachOps.java:184)
	at java.util.ArrayList$ArrayListSpliterator.forEachRemaining(ArrayList.java:1382)
	at java.util.stream.AbstractPipeline.copyInto(AbstractPipeline.java:482)
	at java.util.stream.ForEachOps$ForEachTask.compute(ForEachOps.java:291)
	at java.util.concurrent.CountedCompleter.exec(CountedCompleter.java:731)
	at java.util.concurrent.ForkJoinTask.doExec(ForkJoinTask.java:289)
	at java.util.concurrent.ForkJoinPool$WorkQueue.runTask(ForkJoinPool.java:1056)
	at java.util.concurrent.ForkJoinPool.runWorker(ForkJoinPool.java:1692)
	at java.util.concurrent.ForkJoinWorkerThread.run(ForkJoinWorkerThread.java:157)
Caused by: org.apache.ratis.thirdparty.io.grpc.StatusRuntimeException: DEADLINE_EXCEEDED: deadline exceeded after 2997210447ns
	at org.apache.ratis.thirdparty.io.grpc.stub.ClientCalls.toStatusRuntimeException(ClientCalls.java:233)
	at org.apache.ratis.thirdparty.io.grpc.stub.ClientCalls.getUnchecked(ClientCalls.java:214)
	at org.apache.ratis.thirdparty.io.grpc.stub.ClientCalls.blockingUnaryCall(ClientCalls.java:139)
	at org.apache.ratis.proto.grpc.AdminProtocolServiceGrpc$AdminProtocolServiceBlockingStub.groupManagement(AdminProtocolServiceGrpc.java:274)
	at org.apache.ratis.grpc.client.GrpcClientProtocolClient.lambda$groupAdd$3(GrpcClientProtocolClient.java:140)
	at org.apache.ratis.grpc.client.GrpcClientProtocolClient.blockingCall(GrpcClientProtocolClient.java:167)
	... 15 more
2019-09-04 10:53:22,857 [RATISCREATEPIPELINE1] ERROR pipeline.RatisPipelineProvider (RatisPipelineProvider.java:lambda$null$5(236)) - Failed invoke Ratis rpc org.apache.hadoop.hdds.scm.pipeline.RatisPipelineProvider$$Lambda$298/1615551774@6d93d02a for 16a4e2e6-922e-4a72-a727-c7c5b81abb01
org.apache.ratis.protocol.TimeoutIOException: deadline exceeded after 2999679754ns
	at org.apache.ratis.grpc.GrpcUtil.tryUnwrapException(GrpcUtil.java:82)
	at org.apache.ratis.grpc.GrpcUtil.unwrapException(GrpcUtil.java:75)
	at org.apache.ratis.grpc.client.GrpcClientProtocolClient.blockingCall(GrpcClientProtocolClient.java:169)
	at org.apache.ratis.grpc.client.GrpcClientProtocolClient.groupAdd(GrpcClientProtocolClient.java:138)
	at org.apache.ratis.grpc.client.GrpcClientRpc.sendRequest(GrpcClientRpc.java:94)
	at org.apache.ratis.client.impl.RaftClientImpl.sendRequest(RaftClientImpl.java:279)
	at org.apache.ratis.client.impl.RaftClientImpl.groupAdd(RaftClientImpl.java:206)
	at org.apache.hadoop.hdds.scm.pipeline.RatisPipelineProvider.lambda$initializePipeline$4(RatisPipelineProvider.java:195)
	at org.apache.hadoop.hdds.scm.pipeline.RatisPipelineProvider.lambda$null$5(RatisPipelineProvider.java:232)
	at java.util.stream.ForEachOps$ForEachOp$OfRef.accept(ForEachOps.java:184)
	at java.util.ArrayList$ArrayListSpliterator.forEachRemaining(ArrayList.java:1382)
	at java.util.stream.AbstractPipeline.copyInto(AbstractPipeline.java:482)
	at java.util.stream.ForEachOps$ForEachTask.compute(ForEachOps.java:291)
	at java.util.concurrent.CountedCompleter.exec(CountedCompleter.java:731)
	at java.util.concurrent.ForkJoinTask.doExec(ForkJoinTask.java:289)
	at java.util.concurrent.ForkJoinTask.doInvoke(ForkJoinTask.java:401)
	at java.util.concurrent.ForkJoinTask.invoke(ForkJoinTask.java:734)
	at java.util.stream.ForEachOps$ForEachOp.evaluateParallel(ForEachOps.java:160)
	at java.util.stream.ForEachOps$ForEachOp$OfRef.evaluateParallel(ForEachOps.java:174)
	at java.util.stream.AbstractPipeline.evaluate(AbstractPipeline.java:233)
	at java.util.stream.ReferencePipeline.forEach(ReferencePipeline.java:418)
	at java.util.stream.ReferencePipeline$Head.forEach(ReferencePipeline.java:583)
	at org.apache.hadoop.hdds.scm.pipeline.RatisPipelineProvider.lambda$callRatisRpc$6(RatisPipelineProvider.java:226)
	at java.util.concurrent.ForkJoinTask$AdaptedRunnableAction.exec(ForkJoinTask.java:1386)
	at java.util.concurrent.ForkJoinTask.doExec(ForkJoinTask.java:289)
	at java.util.concurrent.ForkJoinPool$WorkQueue.runTask(ForkJoinPool.java:1056)
	at java.util.concurrent.ForkJoinPool.runWorker(ForkJoinPool.java:1692)
	at java.util.concurrent.ForkJoinWorkerThread.run(ForkJoinWorkerThread.java:157)
Caused by: org.apache.ratis.thirdparty.io.grpc.StatusRuntimeException: DEADLINE_EXCEEDED: deadline exceeded after 2999679754ns
	at org.apache.ratis.thirdparty.io.grpc.stub.ClientCalls.toStatusRuntimeException(ClientCalls.java:233)
	at org.apache.ratis.thirdparty.io.grpc.stub.ClientCalls.getUnchecked(ClientCalls.java:214)
	at org.apache.ratis.thirdparty.io.grpc.stub.ClientCalls.blockingUnaryCall(ClientCalls.java:139)
	at org.apache.ratis.proto.grpc.AdminProtocolServiceGrpc$AdminProtocolServiceBlockingStub.groupManagement(AdminProtocolServiceGrpc.java:274)
	at org.apache.ratis.grpc.client.GrpcClientProtocolClient.lambda$groupAdd$3(GrpcClientProtocolClient.java:140)
	at org.apache.ratis.grpc.client.GrpcClientProtocolClient.blockingCall(GrpcClientProtocolClient.java:167)
	... 25 more
2019-09-04 10:53:22,857 [RATISCREATEPIPELINE2] ERROR pipeline.RatisPipelineProvider (RatisPipelineProvider.java:lambda$null$5(236)) - Failed invoke Ratis rpc org.apache.hadoop.hdds.scm.pipeline.RatisPipelineProvider$$Lambda$298/1615551774@6d93d02a for 62e5f997-7b2b-4c16-a01e-f3c1b112aa41
org.apache.ratis.protocol.TimeoutIOException: deadline exceeded after 2995987370ns
	at org.apache.ratis.grpc.GrpcUtil.tryUnwrapException(GrpcUtil.java:82)
	at org.apache.ratis.grpc.GrpcUtil.unwrapException(GrpcUtil.java:75)
	at org.apache.ratis.grpc.client.GrpcClientProtocolClient.blockingCall(GrpcClientProtocolClient.java:169)
	at org.apache.ratis.grpc.client.GrpcClientProtocolClient.groupAdd(GrpcClientProtocolClient.java:138)
	at org.apache.ratis.grpc.client.GrpcClientRpc.sendRequest(GrpcClientRpc.java:94)
	at org.apache.ratis.client.impl.RaftClientImpl.sendRequest(RaftClientImpl.java:279)
	at org.apache.ratis.client.impl.RaftClientImpl.groupAdd(RaftClientImpl.java:206)
	at org.apache.hadoop.hdds.scm.pipeline.RatisPipelineProvider.lambda$initializePipeline$4(RatisPipelineProvider.java:195)
	at org.apache.hadoop.hdds.scm.pipeline.RatisPipelineProvider.lambda$null$5(RatisPipelineProvider.java:232)
	at java.util.stream.ForEachOps$ForEachOp$OfRef.accept(ForEachOps.java:184)
	at java.util.ArrayList$ArrayListSpliterator.forEachRemaining(ArrayList.java:1382)
	at java.util.stream.AbstractPipeline.copyInto(AbstractPipeline.java:482)
	at java.util.stream.ForEachOps$ForEachTask.compute(ForEachOps.java:291)
	at java.util.concurrent.CountedCompleter.exec(CountedCompleter.java:731)
	at java.util.concurrent.ForkJoinTask.doExec(ForkJoinTask.java:289)
	at java.util.concurrent.ForkJoinPool$WorkQueue.runTask(ForkJoinPool.java:1056)
	at java.util.concurrent.ForkJoinPool.runWorker(ForkJoinPool.java:1692)
	at java.util.concurrent.ForkJoinWorkerThread.run(ForkJoinWorkerThread.java:157)
Caused by: org.apache.ratis.thirdparty.io.grpc.StatusRuntimeException: DEADLINE_EXCEEDED: deadline exceeded after 2995987370ns
	at org.apache.ratis.thirdparty.io.grpc.stub.ClientCalls.toStatusRuntimeException(ClientCalls.java:233)
	at org.apache.ratis.thirdparty.io.grpc.stub.ClientCalls.getUnchecked(ClientCalls.java:214)
	at org.apache.ratis.thirdparty.io.grpc.stub.ClientCalls.blockingUnaryCall(ClientCalls.java:139)
	at org.apache.ratis.proto.grpc.AdminProtocolServiceGrpc$AdminProtocolServiceBlockingStub.groupManagement(AdminProtocolServiceGrpc.java:274)
	at org.apache.ratis.grpc.client.GrpcClientProtocolClient.lambda$groupAdd$3(GrpcClientProtocolClient.java:140)
	at org.apache.ratis.grpc.client.GrpcClientProtocolClient.blockingCall(GrpcClientProtocolClient.java:167)
	... 15 more
2019-09-04 10:53:22,900 [grpc-default-executor-2] INFO  impl.RaftServerProxy (RaftServerProxy.java:addNew(89)) - 62e5f997-7b2b-4c16-a01e-f3c1b112aa41: addNew group-8285C47E6ECA:[ba98d9f7-02c4-42fb-b8dd-ebf3dfd1e142:192.168.5.153:36418, 62e5f997-7b2b-4c16-a01e-f3c1b112aa41:192.168.5.153:43680, 16a4e2e6-922e-4a72-a727-c7c5b81abb01:192.168.5.153:32852] returns group-8285C47E6ECA:java.util.concurrent.CompletableFuture@36a97ede[Not completed]
2019-09-04 10:53:22,900 [grpc-default-executor-0] INFO  impl.RaftServerProxy (RaftServerProxy.java:addNew(89)) - ba98d9f7-02c4-42fb-b8dd-ebf3dfd1e142: addNew group-8285C47E6ECA:[ba98d9f7-02c4-42fb-b8dd-ebf3dfd1e142:192.168.5.153:36418, 62e5f997-7b2b-4c16-a01e-f3c1b112aa41:192.168.5.153:43680, 16a4e2e6-922e-4a72-a727-c7c5b81abb01:192.168.5.153:32852] returns group-8285C47E6ECA:java.util.concurrent.CompletableFuture@1fdfc35a[Not completed]
2019-09-04 10:53:22,900 [grpc-default-executor-1] INFO  impl.RaftServerProxy (RaftServerProxy.java:addNew(89)) - 16a4e2e6-922e-4a72-a727-c7c5b81abb01: addNew group-8285C47E6ECA:[ba98d9f7-02c4-42fb-b8dd-ebf3dfd1e142:192.168.5.153:36418, 62e5f997-7b2b-4c16-a01e-f3c1b112aa41:192.168.5.153:43680, 16a4e2e6-922e-4a72-a727-c7c5b81abb01:192.168.5.153:32852] returns group-8285C47E6ECA:java.util.concurrent.CompletableFuture@2bea8dbd[Not completed]
2019-09-04 10:53:24,152 [16a4e2e6-922e-4a72-a727-c7c5b81abb01-SegmentedRaftLogWorker:Storage Directory /workdir/hadoop-ozone/integration-test/target/test-dir/MiniOzoneClusterImpl-999c628a-643f-418b-8827-32df467d0f6c/datanode-0/data/ratis/be6d9a2a-352e-460a-a1e8-325efaa8e831] INFO  segmented.SegmentedRaftLogWorker (SegmentedRaftLogWorker.java:execute(569)) - 16a4e2e6-922e-4a72-a727-c7c5b81abb01-SegmentedRaftLogWorker:Storage Directory /workdir/hadoop-ozone/integration-test/target/test-dir/MiniOzoneClusterImpl-999c628a-643f-418b-8827-32df467d0f6c/datanode-0/data/ratis/be6d9a2a-352e-460a-a1e8-325efaa8e831: created new log segment /workdir/hadoop-ozone/integration-test/target/test-dir/MiniOzoneClusterImpl-999c628a-643f-418b-8827-32df467d0f6c/datanode-0/data/ratis/be6d9a2a-352e-460a-a1e8-325efaa8e831/current/log_inprogress_0
2019-09-04 10:53:24,702 [pool-32-thread-1] INFO  storage.RaftStorageDirectory (RaftStorageDirectory.java:tryLock(328)) - Lock on /workdir/hadoop-ozone/integration-test/target/test-dir/MiniOzoneClusterImpl-999c628a-643f-418b-8827-32df467d0f6c/datanode-0/data/ratis/b6fd0e5e-846f-4d93-aecc-305a8d37e8e5/in_use.lock acquired by nodename 22605@pr-hdds-1982-decom-states-67zng-3388626213
2019-09-04 10:53:24,702 [pool-52-thread-1] INFO  storage.RaftStorage (RaftStorage.java:format(72)) - Storage directory /workdir/hadoop-ozone/integration-test/target/test-dir/MiniOzoneClusterImpl-999c628a-643f-418b-8827-32df467d0f6c/datanode-2/data/ratis/1595faa9-c93f-4c86-bf6b-4d8c1a6f95c9 has been successfully formatted.
2019-09-04 10:53:24,702 [pool-42-thread-1] INFO  storage.RaftStorageDirectory (RaftStorageDirectory.java:tryLock(328)) - Lock on /workdir/hadoop-ozone/integration-test/target/test-dir/MiniOzoneClusterImpl-999c628a-643f-418b-8827-32df467d0f6c/datanode-1/data/ratis/b6fd0e5e-846f-4d93-aecc-305a8d37e8e5/in_use.lock acquired by nodename 22605@pr-hdds-1982-decom-states-67zng-3388626213
2019-09-04 10:53:24,705 [pool-52-thread-1] INFO  ratis.ContainerStateMachine (ContainerStateMachine.java:loadSnapshot(227)) - group-4D8C1A6F95C9: The snapshot info is null. Setting the last applied indexto:(t:0, i:~)
2019-09-04 10:53:24,706 [pool-52-thread-1] INFO  server.RaftServerConfigKeys (ConfUtils.java:logGet(43)) - raft.server.leader.election.timeout = 120s (custom)
2019-09-04 10:53:24,706 [pool-52-thread-1] INFO  server.RaftServerConfigKeys (ConfUtils.java:logGet(43)) - raft.server.log.use.memory = false (default)
2019-09-04 10:53:24,706 [pool-52-thread-1] INFO  server.RaftServerConfigKeys (ConfUtils.java:logGet(43)) - raft.server.log.purge.gap = 1000000 (custom)
2019-09-04 10:53:24,707 [pool-52-thread-1] INFO  server.RaftServerConfigKeys (ConfUtils.java:logGet(43)) - raft.server.log.appender.buffer.byte-limit = 33554432 (custom)
2019-09-04 10:53:24,707 [pool-52-thread-1] INFO  server.RaftServerConfigKeys (ConfUtils.java:logGet(43)) - raft.server.log.segment.size.max = 1048576 (custom)
2019-09-04 10:53:24,707 [pool-52-thread-1] INFO  server.RaftServerConfigKeys (ConfUtils.java:logGet(43)) - raft.server.log.segment.cache.num.max = 2 (custom)
2019-09-04 10:53:24,707 [pool-52-thread-1] INFO  segmented.SegmentedRaftLogWorker (SegmentedRaftLogWorker.java:<init>(172)) - new 62e5f997-7b2b-4c16-a01e-f3c1b112aa41-SegmentedRaftLogWorker:Storage Directory /workdir/hadoop-ozone/integration-test/target/test-dir/MiniOzoneClusterImpl-999c628a-643f-418b-8827-32df467d0f6c/datanode-2/data/ratis/1595faa9-c93f-4c86-bf6b-4d8c1a6f95c9 for RaftStorage:Storage Directory /workdir/hadoop-ozone/integration-test/target/test-dir/MiniOzoneClusterImpl-999c628a-643f-418b-8827-32df467d0f6c/datanode-2/data/ratis/1595faa9-c93f-4c86-bf6b-4d8c1a6f95c9
2019-09-04 10:53:24,708 [pool-52-thread-1] INFO  server.RaftServerConfigKeys (ConfUtils.java:logGet(43)) - raft.server.log.queue.byte-limit = 2147483647 (custom)
2019-09-04 10:53:24,708 [pool-52-thread-1] INFO  server.RaftServerConfigKeys (ConfUtils.java:logGet(43)) - raft.server.log.queue.element-limit = 1024 (custom)
2019-09-04 10:53:24,708 [pool-52-thread-1] INFO  server.RaftServerConfigKeys (ConfUtils.java:logGet(43)) - raft.server.log.segment.size.max = 1048576 (custom)
2019-09-04 10:53:24,708 [pool-52-thread-1] INFO  server.RaftServerConfigKeys (ConfUtils.java:logGet(43)) - raft.server.log.preallocated.size = 16384 (custom)
2019-09-04 10:53:24,708 [pool-52-thread-1] INFO  server.RaftServerConfigKeys (ConfUtils.java:logGet(43)) - raft.server.log.write.buffer.size = 33554432 (custom)
2019-09-04 10:53:24,709 [pool-52-thread-1] INFO  server.RaftServerConfigKeys (ConfUtils.java:logGet(43)) - raft.server.log.force.sync.num = 128 (default)
2019-09-04 10:53:24,709 [pool-52-thread-1] INFO  server.RaftServerConfigKeys (ConfUtils.java:logGet(43)) - raft.server.log.statemachine.data.sync = true (default)
2019-09-04 10:53:24,709 [pool-52-thread-1] INFO  server.RaftServerConfigKeys (ConfUtils.java:logGet(43)) - raft.server.log.statemachine.data.sync.timeout = 10s (default)
2019-09-04 10:53:24,709 [pool-52-thread-1] INFO  server.RaftServerConfigKeys (ConfUtils.java:logGet(43)) - raft.server.log.statemachine.data.sync.timeout.retry = -1 (default)
2019-09-04 10:53:24,709 [pool-52-thread-1] INFO  server.RaftServerConfigKeys (ConfUtils.java:logGet(43)) - raft.server.log.statemachine.data.caching.enabled = true (custom)
2019-09-04 10:53:24,710 [pool-52-thread-1] INFO  segmented.SegmentedRaftLogWorker (SegmentedRaftLogWorker.java:lambda$new$0(132)) - 62e5f997-7b2b-4c16-a01e-f3c1b112aa41-SegmentedRaftLogWorker:Storage Directory /workdir/hadoop-ozone/integration-test/target/test-dir/MiniOzoneClusterImpl-999c628a-643f-418b-8827-32df467d0f6c/datanode-2/data/ratis/1595faa9-c93f-4c86-bf6b-4d8c1a6f95c9: flushIndex: setUnconditionally 0 -> -1
2019-09-04 10:53:24,711 [pool-52-thread-1] INFO  server.RaftServerConfigKeys (ConfUtils.java:logGet(43)) - raft.server.snapshot.auto.trigger.enabled = true (custom)
2019-09-04 10:53:24,711 [pool-52-thread-1] INFO  server.RaftServerConfigKeys (ConfUtils.java:logGet(43)) - raft.server.snapshot.auto.trigger.threshold = 10000 (custom)
2019-09-04 10:53:24,711 [pool-52-thread-1] INFO  server.RaftServerConfigKeys (ConfUtils.java:logGet(43)) - raft.server.retrycache.expirytime = 600000ms (custom)
2019-09-04 10:53:24,712 [pool-52-thread-1] INFO  impl.RaftServerImpl (RaftServerImpl.java:start(180)) - 62e5f997-7b2b-4c16-a01e-f3c1b112aa41: start group-53D662A7456B
2019-09-04 10:53:24,712 [pool-52-thread-1] INFO  impl.RaftServerImpl (RaftServerImpl.java:setRole(171)) - 62e5f997-7b2b-4c16-a01e-f3c1b112aa41:group-53D662A7456B changes role from null to FOLLOWER at term 0 for startAsFollower
2019-09-04 10:53:24,712 [pool-52-thread-1] INFO  impl.RoleInfo (RoleInfo.java:updateAndGet(143)) - 62e5f997-7b2b-4c16-a01e-f3c1b112aa41: start FollowerState
2019-09-04 10:53:24,713 [pool-52-thread-1] INFO  util.JmxRegister (JmxRegister.java:tryRegister(44)) - Successfully registered JMX Bean with object name Ratis:service=RaftServer,group=group-53D662A7456B,id=62e5f997-7b2b-4c16-a01e-f3c1b112aa41
2019-09-04 10:53:24,721 [pool-52-thread-1] INFO  impl.RaftServerImpl (RaftServerImpl.java:<init>(93)) - 62e5f997-7b2b-4c16-a01e-f3c1b112aa41: new RaftServerImpl for group-36D8E6C07297:[62e5f997-7b2b-4c16-a01e-f3c1b112aa41:192.168.5.153:43680] with ContainerStateMachine:uninitialized
2019-09-04 10:53:24,721 [pool-52-thread-1] INFO  server.RaftServerConfigKeys (ConfUtils.java:logGet(43)) - raft.server.rpc.timeout.min = 5s (custom)
2019-09-04 10:53:24,722 [pool-52-thread-1] INFO  server.RaftServerConfigKeys (ConfUtils.java:logGet(43)) - raft.server.rpc.timeout.max = 5200ms (custom)
2019-09-04 10:53:24,722 [pool-52-thread-1] INFO  server.RaftServerConfigKeys (ConfUtils.java:logGet(43)) - raft.server.rpcslowness.timeout = 120s (custom)
2019-09-04 10:53:24,722 [pool-52-thread-1] INFO  server.RaftServerConfigKeys (ConfUtils.java:logGet(43)) - raft.server.sleep.deviation.threshold = 300 (default)
2019-09-04 10:53:24,722 [pool-52-thread-1] INFO  server.RaftServerConfigKeys (ConfUtils.java:logGet(43)) - raft.server.log.appender.install.snapshot.enabled = false (custom)
2019-09-04 10:53:24,722 [pool-52-thread-1] INFO  impl.RaftServerImpl (ServerState.java:<init>(105)) - 62e5f997-7b2b-4c16-a01e-f3c1b112aa41:group-36D8E6C07297 ConfigurationManager, init=-1: [62e5f997-7b2b-4c16-a01e-f3c1b112aa41:192.168.5.153:43680], old=null, confs=<EMPTY_MAP>
2019-09-04 10:53:24,723 [pool-52-thread-1] INFO  server.RaftServerConfigKeys (ConfUtils.java:logGet(43)) - raft.server.storage.dir = [/workdir/hadoop-ozone/integration-test/target/test-dir/MiniOzoneClusterImpl-999c628a-643f-418b-8827-32df467d0f6c/datanode-2/data/ratis] (custom)
2019-09-04 10:53:24,723 [pool-52-thread-1] INFO  storage.RaftStorageDirectory (RaftStorageDirectory.java:analyzeStorage(246)) - The storage directory /workdir/hadoop-ozone/integration-test/target/test-dir/MiniOzoneClusterImpl-999c628a-643f-418b-8827-32df467d0f6c/datanode-2/data/ratis/442c1061-bd01-4383-97d4-36d8e6c07297 does not exist. Creating ...
2019-09-04 10:53:25,885 [RATISCREATEPIPELINE1] ERROR pipeline.RatisPipelineProvider (RatisPipelineProvider.java:lambda$null$5(236)) - Failed invoke Ratis rpc org.apache.hadoop.hdds.scm.pipeline.RatisPipelineProvider$$Lambda$298/1615551774@9159ad for 16a4e2e6-922e-4a72-a727-c7c5b81abb01
org.apache.ratis.protocol.TimeoutIOException: deadline exceeded after 2999667857ns
	at org.apache.ratis.grpc.GrpcUtil.tryUnwrapException(GrpcUtil.java:82)
	at org.apache.ratis.grpc.GrpcUtil.unwrapException(GrpcUtil.java:75)
	at org.apache.ratis.grpc.client.GrpcClientProtocolClient.blockingCall(GrpcClientProtocolClient.java:169)
	at org.apache.ratis.grpc.client.GrpcClientProtocolClient.groupAdd(GrpcClientProtocolClient.java:138)
	at org.apache.ratis.grpc.client.GrpcClientRpc.sendRequest(GrpcClientRpc.java:94)
	at org.apache.ratis.client.impl.RaftClientImpl.sendRequest(RaftClientImpl.java:279)
	at org.apache.ratis.client.impl.RaftClientImpl.groupAdd(RaftClientImpl.java:206)
	at org.apache.hadoop.hdds.scm.pipeline.RatisPipelineProvider.lambda$initializePipeline$4(RatisPipelineProvider.java:195)
	at org.apache.hadoop.hdds.scm.pipeline.RatisPipelineProvider.lambda$null$5(RatisPipelineProvider.java:232)
	at java.util.stream.ForEachOps$ForEachOp$OfRef.accept(ForEachOps.java:184)
	at java.util.ArrayList$ArrayListSpliterator.forEachRemaining(ArrayList.java:1382)
	at java.util.stream.AbstractPipeline.copyInto(AbstractPipeline.java:482)
	at java.util.stream.ForEachOps$ForEachTask.compute(ForEachOps.java:291)
	at java.util.concurrent.CountedCompleter.exec(CountedCompleter.java:731)
	at java.util.concurrent.ForkJoinTask.doExec(ForkJoinTask.java:289)
	at java.util.concurrent.ForkJoinTask.doInvoke(ForkJoinTask.java:401)
	at java.util.concurrent.ForkJoinTask.invoke(ForkJoinTask.java:734)
	at java.util.stream.ForEachOps$ForEachOp.evaluateParallel(ForEachOps.java:160)
	at java.util.stream.ForEachOps$ForEachOp$OfRef.evaluateParallel(ForEachOps.java:174)
	at java.util.stream.AbstractPipeline.evaluate(AbstractPipeline.java:233)
	at java.util.stream.ReferencePipeline.forEach(ReferencePipeline.java:418)
	at java.util.stream.ReferencePipeline$Head.forEach(ReferencePipeline.java:583)
	at org.apache.hadoop.hdds.scm.pipeline.RatisPipelineProvider.lambda$callRatisRpc$6(RatisPipelineProvider.java:226)
	at java.util.concurrent.ForkJoinTask$AdaptedRunnableAction.exec(ForkJoinTask.java:1386)
	at java.util.concurrent.ForkJoinTask.doExec(ForkJoinTask.java:289)
	at java.util.concurrent.ForkJoinPool$WorkQueue.runTask(ForkJoinPool.java:1056)
	at java.util.concurrent.ForkJoinPool.runWorker(ForkJoinPool.java:1692)
	at java.util.concurrent.ForkJoinWorkerThread.run(ForkJoinWorkerThread.java:157)
Caused by: org.apache.ratis.thirdparty.io.grpc.StatusRuntimeException: DEADLINE_EXCEEDED: deadline exceeded after 2999667857ns
	at org.apache.ratis.thirdparty.io.grpc.stub.ClientCalls.toStatusRuntimeException(ClientCalls.java:233)
	at org.apache.ratis.thirdparty.io.grpc.stub.ClientCalls.getUnchecked(ClientCalls.java:214)
	at org.apache.ratis.thirdparty.io.grpc.stub.ClientCalls.blockingUnaryCall(ClientCalls.java:139)
	at org.apache.ratis.proto.grpc.AdminProtocolServiceGrpc$AdminProtocolServiceBlockingStub.groupManagement(AdminProtocolServiceGrpc.java:274)
	at org.apache.ratis.grpc.client.GrpcClientProtocolClient.lambda$groupAdd$3(GrpcClientProtocolClient.java:140)
	at org.apache.ratis.grpc.client.GrpcClientProtocolClient.blockingCall(GrpcClientProtocolClient.java:167)
	... 25 more
2019-09-04 10:53:25,894 [RATISCREATEPIPELINE2] ERROR pipeline.RatisPipelineProvider (RatisPipelineProvider.java:lambda$null$5(236)) - Failed invoke Ratis rpc org.apache.hadoop.hdds.scm.pipeline.RatisPipelineProvider$$Lambda$298/1615551774@9159ad for 62e5f997-7b2b-4c16-a01e-f3c1b112aa41
org.apache.ratis.protocol.TimeoutIOException: deadline exceeded after 2999596439ns
	at org.apache.ratis.grpc.GrpcUtil.tryUnwrapException(GrpcUtil.java:82)
	at org.apache.ratis.grpc.GrpcUtil.unwrapException(GrpcUtil.java:75)
	at org.apache.ratis.grpc.client.GrpcClientProtocolClient.blockingCall(GrpcClientProtocolClient.java:169)
	at org.apache.ratis.grpc.client.GrpcClientProtocolClient.groupAdd(GrpcClientProtocolClient.java:138)
	at org.apache.ratis.grpc.client.GrpcClientRpc.sendRequest(GrpcClientRpc.java:94)
	at org.apache.ratis.client.impl.RaftClientImpl.sendRequest(RaftClientImpl.java:279)
	at org.apache.ratis.client.impl.RaftClientImpl.groupAdd(RaftClientImpl.java:206)
	at org.apache.hadoop.hdds.scm.pipeline.RatisPipelineProvider.lambda$initializePipeline$4(RatisPipelineProvider.java:195)
	at org.apache.hadoop.hdds.scm.pipeline.RatisPipelineProvider.lambda$null$5(RatisPipelineProvider.java:232)
	at java.util.stream.ForEachOps$ForEachOp$OfRef.accept(ForEachOps.java:184)
	at java.util.ArrayList$ArrayListSpliterator.forEachRemaining(ArrayList.java:1382)
	at java.util.stream.AbstractPipeline.copyInto(AbstractPipeline.java:482)
	at java.util.stream.ForEachOps$ForEachTask.compute(ForEachOps.java:291)
	at java.util.concurrent.CountedCompleter.exec(CountedCompleter.java:731)
	at java.util.concurrent.ForkJoinTask.doExec(ForkJoinTask.java:289)
	at java.util.concurrent.ForkJoinPool$WorkQueue.runTask(ForkJoinPool.java:1056)
	at java.util.concurrent.ForkJoinPool.runWorker(ForkJoinPool.java:1692)
	at java.util.concurrent.ForkJoinWorkerThread.run(ForkJoinWorkerThread.java:157)
Caused by: org.apache.ratis.thirdparty.io.grpc.StatusRuntimeException: DEADLINE_EXCEEDED: deadline exceeded after 2999596439ns
	at org.apache.ratis.thirdparty.io.grpc.stub.ClientCalls.toStatusRuntimeException(ClientCalls.java:233)
	at org.apache.ratis.thirdparty.io.grpc.stub.ClientCalls.getUnchecked(ClientCalls.java:214)
	at org.apache.ratis.thirdparty.io.grpc.stub.ClientCalls.blockingUnaryCall(ClientCalls.java:139)
	at org.apache.ratis.proto.grpc.AdminProtocolServiceGrpc$AdminProtocolServiceBlockingStub.groupManagement(AdminProtocolServiceGrpc.java:274)
	at org.apache.ratis.grpc.client.GrpcClientProtocolClient.lambda$groupAdd$3(GrpcClientProtocolClient.java:140)
	at org.apache.ratis.grpc.client.GrpcClientProtocolClient.blockingCall(GrpcClientProtocolClient.java:167)
	... 15 more
2019-09-04 10:53:25,888 [RATISCREATEPIPELINE3] ERROR pipeline.RatisPipelineProvider (RatisPipelineProvider.java:lambda$null$5(236)) - Failed invoke Ratis rpc org.apache.hadoop.hdds.scm.pipeline.RatisPipelineProvider$$Lambda$298/1615551774@9159ad for ba98d9f7-02c4-42fb-b8dd-ebf3dfd1e142
org.apache.ratis.protocol.TimeoutIOException: deadline exceeded after 2999738610ns
	at org.apache.ratis.grpc.GrpcUtil.tryUnwrapException(GrpcUtil.java:82)
	at org.apache.ratis.grpc.GrpcUtil.unwrapException(GrpcUtil.java:75)
	at org.apache.ratis.grpc.client.GrpcClientProtocolClient.blockingCall(GrpcClientProtocolClient.java:169)
	at org.apache.ratis.grpc.client.GrpcClientProtocolClient.groupAdd(GrpcClientProtocolClient.java:138)
	at org.apache.ratis.grpc.client.GrpcClientRpc.sendRequest(GrpcClientRpc.java:94)
	at org.apache.ratis.client.impl.RaftClientImpl.sendRequest(RaftClientImpl.java:279)
	at org.apache.ratis.client.impl.RaftClientImpl.groupAdd(RaftClientImpl.java:206)
	at org.apache.hadoop.hdds.scm.pipeline.RatisPipelineProvider.lambda$initializePipeline$4(RatisPipelineProvider.java:195)
	at org.apache.hadoop.hdds.scm.pipeline.RatisPipelineProvider.lambda$null$5(RatisPipelineProvider.java:232)
	at java.util.stream.ForEachOps$ForEachOp$OfRef.accept(ForEachOps.java:184)
	at java.util.ArrayList$ArrayListSpliterator.forEachRemaining(ArrayList.java:1382)
	at java.util.stream.AbstractPipeline.copyInto(AbstractPipeline.java:482)
	at java.util.stream.ForEachOps$ForEachTask.compute(ForEachOps.java:291)
	at java.util.concurrent.CountedCompleter.exec(CountedCompleter.java:731)
	at java.util.concurrent.ForkJoinTask.doExec(ForkJoinTask.java:289)
	at java.util.concurrent.ForkJoinPool$WorkQueue.runTask(ForkJoinPool.java:1056)
	at java.util.concurrent.ForkJoinPool.runWorker(ForkJoinPool.java:1692)
	at java.util.concurrent.ForkJoinWorkerThread.run(ForkJoinWorkerThread.java:157)
Caused by: org.apache.ratis.thirdparty.io.grpc.StatusRuntimeException: DEADLINE_EXCEEDED: deadline exceeded after 2999738610ns
	at org.apache.ratis.thirdparty.io.grpc.stub.ClientCalls.toStatusRuntimeException(ClientCalls.java:233)
	at org.apache.ratis.thirdparty.io.grpc.stub.ClientCalls.getUnchecked(ClientCalls.java:214)
	at org.apache.ratis.thirdparty.io.grpc.stub.ClientCalls.blockingUnaryCall(ClientCalls.java:139)
	at org.apache.ratis.proto.grpc.AdminProtocolServiceGrpc$AdminProtocolServiceBlockingStub.groupManagement(AdminProtocolServiceGrpc.java:274)
	at org.apache.ratis.grpc.client.GrpcClientProtocolClient.lambda$groupAdd$3(GrpcClientProtocolClient.java:140)
	at org.apache.ratis.grpc.client.GrpcClientProtocolClient.blockingCall(GrpcClientProtocolClient.java:167)
	... 15 more
2019-09-04 10:53:25,898 [IPC Server handler 0 on 40887] WARN  block.BlockManagerImpl (BlockManagerImpl.java:allocateBlock(192)) - Pipeline creation failed for type:RATIS factor:THREE. Retrying get pipelines call once.
org.apache.hadoop.io.MultipleIOException: 3 exceptions [java.io.IOException: Failed invoke Ratis rpc org.apache.hadoop.hdds.scm.pipeline.RatisPipelineProvider$$Lambda$298/1615551774@9159ad for 16a4e2e6-922e-4a72-a727-c7c5b81abb01, java.io.IOException: Failed invoke Ratis rpc org.apache.hadoop.hdds.scm.pipeline.RatisPipelineProvider$$Lambda$298/1615551774@9159ad for 62e5f997-7b2b-4c16-a01e-f3c1b112aa41, java.io.IOException: Failed invoke Ratis rpc org.apache.hadoop.hdds.scm.pipeline.RatisPipelineProvider$$Lambda$298/1615551774@9159ad for ba98d9f7-02c4-42fb-b8dd-ebf3dfd1e142]
	at org.apache.hadoop.io.MultipleIOException.createIOException(MultipleIOException.java:53)
	at org.apache.hadoop.hdds.scm.pipeline.RatisPipelineProvider.callRatisRpc(RatisPipelineProvider.java:252)
	at org.apache.hadoop.hdds.scm.pipeline.RatisPipelineProvider.initializePipeline(RatisPipelineProvider.java:193)
	at org.apache.hadoop.hdds.scm.pipeline.RatisPipelineProvider.create(RatisPipelineProvider.java:162)
	at org.apache.hadoop.hdds.scm.pipeline.PipelineFactory.create(PipelineFactory.java:57)
	at org.apache.hadoop.hdds.scm.pipeline.SCMPipelineManager.createPipeline(SCMPipelineManager.java:151)
	at org.apache.hadoop.hdds.scm.block.BlockManagerImpl.allocateBlock(BlockManagerImpl.java:190)
	at org.apache.hadoop.hdds.scm.server.SCMBlockProtocolServer.allocateBlock(SCMBlockProtocolServer.java:182)
	at org.apache.hadoop.ozone.protocolPB.ScmBlockLocationProtocolServerSideTranslatorPB.allocateScmBlock(ScmBlockLocationProtocolServerSideTranslatorPB.java:183)
	at org.apache.hadoop.ozone.protocolPB.ScmBlockLocationProtocolServerSideTranslatorPB.processMessage(ScmBlockLocationProtocolServerSideTranslatorPB.java:141)
	at org.apache.hadoop.ozone.protocolPB.ScmBlockLocationProtocolServerSideTranslatorPB.send(ScmBlockLocationProtocolServerSideTranslatorPB.java:116)
	at org.apache.hadoop.hdds.protocol.proto.ScmBlockLocationProtocolProtos$ScmBlockLocationProtocolService$2.callBlockingMethod(ScmBlockLocationProtocolProtos.java:13157)
	at org.apache.hadoop.ipc.ProtobufRpcEngine$Server$ProtoBufRpcInvoker.call(ProtobufRpcEngine.java:524)
	at org.apache.hadoop.ipc.RPC$Server.call(RPC.java:1025)
	at org.apache.hadoop.ipc.Server$RpcCall.run(Server.java:876)
	at org.apache.hadoop.ipc.Server$RpcCall.run(Server.java:822)
	at java.security.AccessController.doPrivileged(Native Method)
	at javax.security.auth.Subject.doAs(Subject.java:422)
	at org.apache.hadoop.security.UserGroupInformation.doAs(UserGroupInformation.java:1730)
	at org.apache.hadoop.ipc.Server$Handler.run(Server.java:2682)
2019-09-04 10:53:25,899 [IPC Server handler 0 on 40887] INFO  block.BlockManagerImpl (BlockManagerImpl.java:allocateBlock(198)) - Could not find available pipeline of type:RATIS and factor:THREE even after retrying
2019-09-04 10:53:25,899 [IPC Server handler 0 on 40887] ERROR block.BlockManagerImpl (BlockManagerImpl.java:allocateBlock(222)) - Unable to allocate a block for the size: 4194304, type: RATIS, factor: THREE
]]></system-out>
    <system-err><![CDATA[ERROR StatusLogger No Log4j 2 configuration file found. Using default configuration (logging only errors to the console), or user programmatically provided configurations. Set system property 'log4j2.debug' to show Log4j 2 internal initialization logging. See https://logging.apache.org/log4j/2.x/manual/configuration.html for instructions on how to configure Log4j 2
]]></system-err>
  </testcase>
  <testcase name="testMultipartUpload" classname="org.apache.hadoop.ozone.client.rpc.TestOzoneRpcClientWithRatis" time="4.573">
    <error message="Allocated 0 blocks. Requested 1 blocks" type="INTERNAL_ERROR org.apache.hadoop.ozone.om.exceptions.OMException">INTERNAL_ERROR org.apache.hadoop.ozone.om.exceptions.OMException: Allocated 0 blocks. Requested 1 blocks
	at org.apache.hadoop.ozone.om.protocolPB.OzoneManagerProtocolClientSideTranslatorPB.handleError(OzoneManagerProtocolClientSideTranslatorPB.java:725)
	at org.apache.hadoop.ozone.om.protocolPB.OzoneManagerProtocolClientSideTranslatorPB.allocateBlock(OzoneManagerProtocolClientSideTranslatorPB.java:757)
	at org.apache.hadoop.ozone.client.io.BlockOutputStreamEntryPool.allocateNewBlock(BlockOutputStreamEntryPool.java:248)
	at org.apache.hadoop.ozone.client.io.BlockOutputStreamEntryPool.allocateBlockIfNeeded(BlockOutputStreamEntryPool.java:296)
	at org.apache.hadoop.ozone.client.io.KeyOutputStream.handleWrite(KeyOutputStream.java:201)
	at org.apache.hadoop.ozone.client.io.KeyOutputStream.write(KeyOutputStream.java:193)
	at org.apache.hadoop.ozone.client.io.OzoneOutputStream.write(OzoneOutputStream.java:49)
	at org.apache.hadoop.ozone.client.rpc.TestOzoneRpcClientAbstract.uploadPart(TestOzoneRpcClientAbstract.java:2624)
	at org.apache.hadoop.ozone.client.rpc.TestOzoneRpcClientAbstract.doMultipartUpload(TestOzoneRpcClientAbstract.java:2567)
	at org.apache.hadoop.ozone.client.rpc.TestOzoneRpcClientAbstract.testMultipartUpload(TestOzoneRpcClientAbstract.java:1833)
	at sun.reflect.NativeMethodAccessorImpl.invoke0(Native Method)
	at sun.reflect.NativeMethodAccessorImpl.invoke(NativeMethodAccessorImpl.java:62)
	at sun.reflect.DelegatingMethodAccessorImpl.invoke(DelegatingMethodAccessorImpl.java:43)
	at java.lang.reflect.Method.invoke(Method.java:498)
	at org.junit.runners.model.FrameworkMethod$1.runReflectiveCall(FrameworkMethod.java:47)
	at org.junit.internal.runners.model.ReflectiveCallable.run(ReflectiveCallable.java:12)
	at org.junit.runners.model.FrameworkMethod.invokeExplosively(FrameworkMethod.java:44)
	at org.junit.internal.runners.statements.InvokeMethod.evaluate(InvokeMethod.java:17)
	at org.junit.runners.ParentRunner.runLeaf(ParentRunner.java:271)
	at org.junit.runners.BlockJUnit4ClassRunner.runChild(BlockJUnit4ClassRunner.java:70)
	at org.junit.runners.BlockJUnit4ClassRunner.runChild(BlockJUnit4ClassRunner.java:50)
	at org.junit.runners.ParentRunner$3.run(ParentRunner.java:238)
	at org.junit.runners.ParentRunner$1.schedule(ParentRunner.java:63)
	at org.junit.runners.ParentRunner.runChildren(ParentRunner.java:236)
	at org.junit.runners.ParentRunner.access$000(ParentRunner.java:53)
	at org.junit.runners.ParentRunner$2.evaluate(ParentRunner.java:229)
	at org.junit.internal.runners.statements.RunBefores.evaluate(RunBefores.java:26)
	at org.junit.internal.runners.statements.RunAfters.evaluate(RunAfters.java:27)
	at org.junit.runners.ParentRunner.run(ParentRunner.java:309)
	at org.apache.maven.surefire.junit4.JUnit4Provider.execute(JUnit4Provider.java:365)
	at org.apache.maven.surefire.junit4.JUnit4Provider.executeWithRerun(JUnit4Provider.java:273)
	at org.apache.maven.surefire.junit4.JUnit4Provider.executeTestSet(JUnit4Provider.java:238)
	at org.apache.maven.surefire.junit4.JUnit4Provider.invoke(JUnit4Provider.java:159)
	at org.apache.maven.surefire.booter.ForkedBooter.invokeProviderInSameClassLoader(ForkedBooter.java:384)
	at org.apache.maven.surefire.booter.ForkedBooter.runSuitesInProcess(ForkedBooter.java:345)
	at org.apache.maven.surefire.booter.ForkedBooter.execute(ForkedBooter.java:126)
	at org.apache.maven.surefire.booter.ForkedBooter.main(ForkedBooter.java:418)
</error>
    <system-out><![CDATA[2019-09-04 10:53:25,929 [main] INFO  rpc.RpcClient (RpcClient.java:createVolume(293)) - Creating Volume: f8a5441b-38bd-4a21-b7d5-546dbec15cfe, with jenkins1000 as owner.
2019-09-04 10:53:26,693 [pool-42-thread-1] INFO  storage.RaftStorage (RaftStorage.java:format(72)) - Storage directory /workdir/hadoop-ozone/integration-test/target/test-dir/MiniOzoneClusterImpl-999c628a-643f-418b-8827-32df467d0f6c/datanode-1/data/ratis/b6fd0e5e-846f-4d93-aecc-305a8d37e8e5 has been successfully formatted.
2019-09-04 10:53:26,693 [pool-32-thread-1] INFO  storage.RaftStorage (RaftStorage.java:format(72)) - Storage directory /workdir/hadoop-ozone/integration-test/target/test-dir/MiniOzoneClusterImpl-999c628a-643f-418b-8827-32df467d0f6c/datanode-0/data/ratis/b6fd0e5e-846f-4d93-aecc-305a8d37e8e5 has been successfully formatted.
2019-09-04 10:53:26,695 [pool-42-thread-1] INFO  ratis.ContainerStateMachine (ContainerStateMachine.java:loadSnapshot(227)) - group-305A8D37E8E5: The snapshot info is null. Setting the last applied indexto:(t:0, i:~)
2019-09-04 10:53:26,695 [pool-32-thread-1] INFO  ratis.ContainerStateMachine (ContainerStateMachine.java:loadSnapshot(227)) - group-305A8D37E8E5: The snapshot info is null. Setting the last applied indexto:(t:0, i:~)
2019-09-04 10:53:26,695 [pool-42-thread-1] INFO  server.RaftServerConfigKeys (ConfUtils.java:logGet(43)) - raft.server.leader.election.timeout = 120s (custom)
2019-09-04 10:53:26,695 [pool-32-thread-1] INFO  server.RaftServerConfigKeys (ConfUtils.java:logGet(43)) - raft.server.leader.election.timeout = 120s (custom)
2019-09-04 10:53:26,696 [pool-42-thread-1] INFO  server.RaftServerConfigKeys (ConfUtils.java:logGet(43)) - raft.server.log.use.memory = false (default)
2019-09-04 10:53:26,696 [pool-32-thread-1] INFO  server.RaftServerConfigKeys (ConfUtils.java:logGet(43)) - raft.server.log.use.memory = false (default)
2019-09-04 10:53:26,696 [pool-42-thread-1] INFO  server.RaftServerConfigKeys (ConfUtils.java:logGet(43)) - raft.server.log.purge.gap = 1000000 (custom)
2019-09-04 10:53:26,696 [pool-32-thread-1] INFO  server.RaftServerConfigKeys (ConfUtils.java:logGet(43)) - raft.server.log.purge.gap = 1000000 (custom)
2019-09-04 10:53:26,696 [pool-42-thread-1] INFO  server.RaftServerConfigKeys (ConfUtils.java:logGet(43)) - raft.server.log.appender.buffer.byte-limit = 33554432 (custom)
2019-09-04 10:53:26,696 [pool-32-thread-1] INFO  server.RaftServerConfigKeys (ConfUtils.java:logGet(43)) - raft.server.log.appender.buffer.byte-limit = 33554432 (custom)
2019-09-04 10:53:26,697 [pool-42-thread-1] INFO  server.RaftServerConfigKeys (ConfUtils.java:logGet(43)) - raft.server.log.segment.size.max = 1048576 (custom)
2019-09-04 10:53:26,697 [OM StateMachine ApplyTransaction Thread - 0] INFO  volume.OMVolumeCreateRequest (OMVolumeCreateRequest.java:validateAndUpdateCache(189)) - created volume:f8a5441b-38bd-4a21-b7d5-546dbec15cfe for user:jenkins1000
2019-09-04 10:53:26,697 [pool-32-thread-1] INFO  server.RaftServerConfigKeys (ConfUtils.java:logGet(43)) - raft.server.log.segment.size.max = 1048576 (custom)
2019-09-04 10:53:26,697 [pool-42-thread-1] INFO  server.RaftServerConfigKeys (ConfUtils.java:logGet(43)) - raft.server.log.segment.cache.num.max = 2 (custom)
2019-09-04 10:53:26,698 [pool-32-thread-1] INFO  server.RaftServerConfigKeys (ConfUtils.java:logGet(43)) - raft.server.log.segment.cache.num.max = 2 (custom)
2019-09-04 10:53:26,698 [pool-42-thread-1] INFO  segmented.SegmentedRaftLogWorker (SegmentedRaftLogWorker.java:<init>(172)) - new ba98d9f7-02c4-42fb-b8dd-ebf3dfd1e142-SegmentedRaftLogWorker:Storage Directory /workdir/hadoop-ozone/integration-test/target/test-dir/MiniOzoneClusterImpl-999c628a-643f-418b-8827-32df467d0f6c/datanode-1/data/ratis/b6fd0e5e-846f-4d93-aecc-305a8d37e8e5 for RaftStorage:Storage Directory /workdir/hadoop-ozone/integration-test/target/test-dir/MiniOzoneClusterImpl-999c628a-643f-418b-8827-32df467d0f6c/datanode-1/data/ratis/b6fd0e5e-846f-4d93-aecc-305a8d37e8e5
2019-09-04 10:53:26,698 [pool-32-thread-1] INFO  segmented.SegmentedRaftLogWorker (SegmentedRaftLogWorker.java:<init>(172)) - new 16a4e2e6-922e-4a72-a727-c7c5b81abb01-SegmentedRaftLogWorker:Storage Directory /workdir/hadoop-ozone/integration-test/target/test-dir/MiniOzoneClusterImpl-999c628a-643f-418b-8827-32df467d0f6c/datanode-0/data/ratis/b6fd0e5e-846f-4d93-aecc-305a8d37e8e5 for RaftStorage:Storage Directory /workdir/hadoop-ozone/integration-test/target/test-dir/MiniOzoneClusterImpl-999c628a-643f-418b-8827-32df467d0f6c/datanode-0/data/ratis/b6fd0e5e-846f-4d93-aecc-305a8d37e8e5
2019-09-04 10:53:26,699 [pool-42-thread-1] INFO  server.RaftServerConfigKeys (ConfUtils.java:logGet(43)) - raft.server.log.queue.byte-limit = 2147483647 (custom)
2019-09-04 10:53:26,699 [pool-32-thread-1] INFO  server.RaftServerConfigKeys (ConfUtils.java:logGet(43)) - raft.server.log.queue.byte-limit = 2147483647 (custom)
2019-09-04 10:53:26,704 [pool-42-thread-1] INFO  server.RaftServerConfigKeys (ConfUtils.java:logGet(43)) - raft.server.log.queue.element-limit = 1024 (custom)
2019-09-04 10:53:26,704 [pool-32-thread-1] INFO  server.RaftServerConfigKeys (ConfUtils.java:logGet(43)) - raft.server.log.queue.element-limit = 1024 (custom)
2019-09-04 10:53:26,705 [pool-42-thread-1] INFO  server.RaftServerConfigKeys (ConfUtils.java:logGet(43)) - raft.server.log.segment.size.max = 1048576 (custom)
2019-09-04 10:53:26,705 [pool-32-thread-1] INFO  server.RaftServerConfigKeys (ConfUtils.java:logGet(43)) - raft.server.log.segment.size.max = 1048576 (custom)
2019-09-04 10:53:26,705 [pool-42-thread-1] INFO  server.RaftServerConfigKeys (ConfUtils.java:logGet(43)) - raft.server.log.preallocated.size = 16384 (custom)
2019-09-04 10:53:26,705 [pool-32-thread-1] INFO  server.RaftServerConfigKeys (ConfUtils.java:logGet(43)) - raft.server.log.preallocated.size = 16384 (custom)
2019-09-04 10:53:26,706 [pool-42-thread-1] INFO  server.RaftServerConfigKeys (ConfUtils.java:logGet(43)) - raft.server.log.write.buffer.size = 33554432 (custom)
2019-09-04 10:53:26,706 [pool-32-thread-1] INFO  server.RaftServerConfigKeys (ConfUtils.java:logGet(43)) - raft.server.log.write.buffer.size = 33554432 (custom)
2019-09-04 10:53:26,706 [pool-42-thread-1] INFO  server.RaftServerConfigKeys (ConfUtils.java:logGet(43)) - raft.server.log.force.sync.num = 128 (default)
2019-09-04 10:53:26,707 [pool-32-thread-1] INFO  server.RaftServerConfigKeys (ConfUtils.java:logGet(43)) - raft.server.log.force.sync.num = 128 (default)
2019-09-04 10:53:26,707 [pool-42-thread-1] INFO  server.RaftServerConfigKeys (ConfUtils.java:logGet(43)) - raft.server.log.statemachine.data.sync = true (default)
2019-09-04 10:53:26,707 [pool-32-thread-1] INFO  server.RaftServerConfigKeys (ConfUtils.java:logGet(43)) - raft.server.log.statemachine.data.sync = true (default)
2019-09-04 10:53:26,707 [pool-42-thread-1] INFO  server.RaftServerConfigKeys (ConfUtils.java:logGet(43)) - raft.server.log.statemachine.data.sync.timeout = 10s (default)
2019-09-04 10:53:26,707 [pool-32-thread-1] INFO  server.RaftServerConfigKeys (ConfUtils.java:logGet(43)) - raft.server.log.statemachine.data.sync.timeout = 10s (default)
2019-09-04 10:53:26,708 [pool-42-thread-1] INFO  server.RaftServerConfigKeys (ConfUtils.java:logGet(43)) - raft.server.log.statemachine.data.sync.timeout.retry = -1 (default)
2019-09-04 10:53:26,708 [pool-32-thread-1] INFO  server.RaftServerConfigKeys (ConfUtils.java:logGet(43)) - raft.server.log.statemachine.data.sync.timeout.retry = -1 (default)
2019-09-04 10:53:26,708 [pool-42-thread-1] INFO  server.RaftServerConfigKeys (ConfUtils.java:logGet(43)) - raft.server.log.statemachine.data.caching.enabled = true (custom)
2019-09-04 10:53:26,708 [pool-32-thread-1] INFO  server.RaftServerConfigKeys (ConfUtils.java:logGet(43)) - raft.server.log.statemachine.data.caching.enabled = true (custom)
2019-09-04 10:53:26,710 [pool-42-thread-1] INFO  segmented.SegmentedRaftLogWorker (SegmentedRaftLogWorker.java:lambda$new$0(132)) - ba98d9f7-02c4-42fb-b8dd-ebf3dfd1e142-SegmentedRaftLogWorker:Storage Directory /workdir/hadoop-ozone/integration-test/target/test-dir/MiniOzoneClusterImpl-999c628a-643f-418b-8827-32df467d0f6c/datanode-1/data/ratis/b6fd0e5e-846f-4d93-aecc-305a8d37e8e5: flushIndex: setUnconditionally 0 -> -1
2019-09-04 10:53:26,710 [pool-32-thread-1] INFO  segmented.SegmentedRaftLogWorker (SegmentedRaftLogWorker.java:lambda$new$0(132)) - 16a4e2e6-922e-4a72-a727-c7c5b81abb01-SegmentedRaftLogWorker:Storage Directory /workdir/hadoop-ozone/integration-test/target/test-dir/MiniOzoneClusterImpl-999c628a-643f-418b-8827-32df467d0f6c/datanode-0/data/ratis/b6fd0e5e-846f-4d93-aecc-305a8d37e8e5: flushIndex: setUnconditionally 0 -> -1
2019-09-04 10:53:26,711 [pool-42-thread-1] INFO  server.RaftServerConfigKeys (ConfUtils.java:logGet(43)) - raft.server.snapshot.auto.trigger.enabled = true (custom)
2019-09-04 10:53:26,711 [pool-32-thread-1] INFO  server.RaftServerConfigKeys (ConfUtils.java:logGet(43)) - raft.server.snapshot.auto.trigger.enabled = true (custom)
2019-09-04 10:53:26,711 [pool-42-thread-1] INFO  server.RaftServerConfigKeys (ConfUtils.java:logGet(43)) - raft.server.snapshot.auto.trigger.threshold = 10000 (custom)
2019-09-04 10:53:26,712 [pool-32-thread-1] INFO  server.RaftServerConfigKeys (ConfUtils.java:logGet(43)) - raft.server.snapshot.auto.trigger.threshold = 10000 (custom)
2019-09-04 10:53:26,712 [pool-42-thread-1] INFO  server.RaftServerConfigKeys (ConfUtils.java:logGet(43)) - raft.server.retrycache.expirytime = 600000ms (custom)
2019-09-04 10:53:26,712 [pool-32-thread-1] INFO  server.RaftServerConfigKeys (ConfUtils.java:logGet(43)) - raft.server.retrycache.expirytime = 600000ms (custom)
2019-09-04 10:53:26,712 [main] INFO  rpc.RpcClient (RpcClient.java:createBucket(432)) - Creating Bucket: f8a5441b-38bd-4a21-b7d5-546dbec15cfe/7f322c82-628f-496b-804d-52000b5719b3, with Versioning false and Storage Type set to DISK and Encryption set to false 
2019-09-04 10:53:26,713 [pool-32-thread-1] INFO  impl.RaftServerImpl (RaftServerImpl.java:start(180)) - 16a4e2e6-922e-4a72-a727-c7c5b81abb01: start group-4D8C1A6F95C9
2019-09-04 10:53:26,713 [pool-42-thread-1] INFO  impl.RaftServerImpl (RaftServerImpl.java:start(180)) - ba98d9f7-02c4-42fb-b8dd-ebf3dfd1e142: start group-4D8C1A6F95C9
2019-09-04 10:53:26,713 [pool-32-thread-1] INFO  impl.RaftServerImpl (RaftServerImpl.java:setRole(171)) - 16a4e2e6-922e-4a72-a727-c7c5b81abb01:group-4D8C1A6F95C9 changes role from null to FOLLOWER at term 0 for startAsFollower
2019-09-04 10:53:26,714 [pool-42-thread-1] INFO  impl.RaftServerImpl (RaftServerImpl.java:setRole(171)) - ba98d9f7-02c4-42fb-b8dd-ebf3dfd1e142:group-4D8C1A6F95C9 changes role from null to FOLLOWER at term 0 for startAsFollower
2019-09-04 10:53:26,714 [pool-32-thread-1] INFO  impl.RoleInfo (RoleInfo.java:updateAndGet(143)) - 16a4e2e6-922e-4a72-a727-c7c5b81abb01: start FollowerState
2019-09-04 10:53:26,714 [pool-42-thread-1] INFO  impl.RoleInfo (RoleInfo.java:updateAndGet(143)) - ba98d9f7-02c4-42fb-b8dd-ebf3dfd1e142: start FollowerState
2019-09-04 10:53:26,715 [pool-42-thread-1] INFO  util.JmxRegister (JmxRegister.java:tryRegister(44)) - Successfully registered JMX Bean with object name Ratis:service=RaftServer,group=group-4D8C1A6F95C9,id=ba98d9f7-02c4-42fb-b8dd-ebf3dfd1e142
2019-09-04 10:53:26,715 [pool-32-thread-1] INFO  util.JmxRegister (JmxRegister.java:tryRegister(44)) - Successfully registered JMX Bean with object name Ratis:service=RaftServer,group=group-4D8C1A6F95C9,id=16a4e2e6-922e-4a72-a727-c7c5b81abb01
2019-09-04 10:53:26,720 [pool-42-thread-1] INFO  impl.RaftServerImpl (RaftServerImpl.java:<init>(93)) - ba98d9f7-02c4-42fb-b8dd-ebf3dfd1e142: new RaftServerImpl for group-8285C47E6ECA:[ba98d9f7-02c4-42fb-b8dd-ebf3dfd1e142:192.168.5.153:36418, 62e5f997-7b2b-4c16-a01e-f3c1b112aa41:192.168.5.153:43680, 16a4e2e6-922e-4a72-a727-c7c5b81abb01:192.168.5.153:32852] with ContainerStateMachine:uninitialized
2019-09-04 10:53:26,721 [pool-42-thread-1] INFO  server.RaftServerConfigKeys (ConfUtils.java:logGet(43)) - raft.server.rpc.timeout.min = 5s (custom)
2019-09-04 10:53:26,721 [pool-42-thread-1] INFO  server.RaftServerConfigKeys (ConfUtils.java:logGet(43)) - raft.server.rpc.timeout.max = 5200ms (custom)
2019-09-04 10:53:26,721 [pool-42-thread-1] INFO  server.RaftServerConfigKeys (ConfUtils.java:logGet(43)) - raft.server.rpcslowness.timeout = 120s (custom)
2019-09-04 10:53:26,721 [pool-42-thread-1] INFO  server.RaftServerConfigKeys (ConfUtils.java:logGet(43)) - raft.server.sleep.deviation.threshold = 300 (default)
2019-09-04 10:53:26,722 [pool-42-thread-1] INFO  server.RaftServerConfigKeys (ConfUtils.java:logGet(43)) - raft.server.log.appender.install.snapshot.enabled = false (custom)
2019-09-04 10:53:26,722 [pool-32-thread-1] INFO  impl.RaftServerImpl (RaftServerImpl.java:<init>(93)) - 16a4e2e6-922e-4a72-a727-c7c5b81abb01: new RaftServerImpl for group-8285C47E6ECA:[ba98d9f7-02c4-42fb-b8dd-ebf3dfd1e142:192.168.5.153:36418, 62e5f997-7b2b-4c16-a01e-f3c1b112aa41:192.168.5.153:43680, 16a4e2e6-922e-4a72-a727-c7c5b81abb01:192.168.5.153:32852] with ContainerStateMachine:uninitialized
2019-09-04 10:53:26,722 [pool-42-thread-1] INFO  impl.RaftServerImpl (ServerState.java:<init>(105)) - ba98d9f7-02c4-42fb-b8dd-ebf3dfd1e142:group-8285C47E6ECA ConfigurationManager, init=-1: [ba98d9f7-02c4-42fb-b8dd-ebf3dfd1e142:192.168.5.153:36418, 62e5f997-7b2b-4c16-a01e-f3c1b112aa41:192.168.5.153:43680, 16a4e2e6-922e-4a72-a727-c7c5b81abb01:192.168.5.153:32852], old=null, confs=<EMPTY_MAP>
2019-09-04 10:53:26,722 [pool-32-thread-1] INFO  server.RaftServerConfigKeys (ConfUtils.java:logGet(43)) - raft.server.rpc.timeout.min = 5s (custom)
2019-09-04 10:53:26,722 [pool-32-thread-1] INFO  server.RaftServerConfigKeys (ConfUtils.java:logGet(43)) - raft.server.rpc.timeout.max = 5200ms (custom)
2019-09-04 10:53:26,722 [pool-42-thread-1] INFO  server.RaftServerConfigKeys (ConfUtils.java:logGet(43)) - raft.server.storage.dir = [/workdir/hadoop-ozone/integration-test/target/test-dir/MiniOzoneClusterImpl-999c628a-643f-418b-8827-32df467d0f6c/datanode-1/data/ratis] (custom)
2019-09-04 10:53:26,722 [pool-32-thread-1] INFO  server.RaftServerConfigKeys (ConfUtils.java:logGet(43)) - raft.server.rpcslowness.timeout = 120s (custom)
2019-09-04 10:53:26,723 [pool-32-thread-1] INFO  server.RaftServerConfigKeys (ConfUtils.java:logGet(43)) - raft.server.sleep.deviation.threshold = 300 (default)
2019-09-04 10:53:26,723 [pool-32-thread-1] INFO  server.RaftServerConfigKeys (ConfUtils.java:logGet(43)) - raft.server.log.appender.install.snapshot.enabled = false (custom)
2019-09-04 10:53:26,723 [pool-32-thread-1] INFO  impl.RaftServerImpl (ServerState.java:<init>(105)) - 16a4e2e6-922e-4a72-a727-c7c5b81abb01:group-8285C47E6ECA ConfigurationManager, init=-1: [ba98d9f7-02c4-42fb-b8dd-ebf3dfd1e142:192.168.5.153:36418, 62e5f997-7b2b-4c16-a01e-f3c1b112aa41:192.168.5.153:43680, 16a4e2e6-922e-4a72-a727-c7c5b81abb01:192.168.5.153:32852], old=null, confs=<EMPTY_MAP>
2019-09-04 10:53:26,723 [pool-32-thread-1] INFO  server.RaftServerConfigKeys (ConfUtils.java:logGet(43)) - raft.server.storage.dir = [/workdir/hadoop-ozone/integration-test/target/test-dir/MiniOzoneClusterImpl-999c628a-643f-418b-8827-32df467d0f6c/datanode-0/data/ratis] (custom)
2019-09-04 10:53:27,092 [pool-42-thread-1] INFO  storage.RaftStorageDirectory (RaftStorageDirectory.java:analyzeStorage(246)) - The storage directory /workdir/hadoop-ozone/integration-test/target/test-dir/MiniOzoneClusterImpl-999c628a-643f-418b-8827-32df467d0f6c/datanode-1/data/ratis/57317067-d2da-4149-a1e7-8285c47e6eca does not exist. Creating ...
2019-09-04 10:53:27,092 [pool-32-thread-1] INFO  storage.RaftStorageDirectory (RaftStorageDirectory.java:analyzeStorage(246)) - The storage directory /workdir/hadoop-ozone/integration-test/target/test-dir/MiniOzoneClusterImpl-999c628a-643f-418b-8827-32df467d0f6c/datanode-0/data/ratis/57317067-d2da-4149-a1e7-8285c47e6eca does not exist. Creating ...
2019-09-04 10:53:27,093 [pool-52-thread-1] INFO  storage.RaftStorageDirectory (RaftStorageDirectory.java:tryLock(328)) - Lock on /workdir/hadoop-ozone/integration-test/target/test-dir/MiniOzoneClusterImpl-999c628a-643f-418b-8827-32df467d0f6c/datanode-2/data/ratis/442c1061-bd01-4383-97d4-36d8e6c07297/in_use.lock acquired by nodename 22605@pr-hdds-1982-decom-states-67zng-3388626213
2019-09-04 10:53:27,269 [pool-42-thread-1] INFO  storage.RaftStorageDirectory (RaftStorageDirectory.java:tryLock(328)) - Lock on /workdir/hadoop-ozone/integration-test/target/test-dir/MiniOzoneClusterImpl-999c628a-643f-418b-8827-32df467d0f6c/datanode-1/data/ratis/57317067-d2da-4149-a1e7-8285c47e6eca/in_use.lock acquired by nodename 22605@pr-hdds-1982-decom-states-67zng-3388626213
2019-09-04 10:53:27,270 [pool-52-thread-1] INFO  storage.RaftStorage (RaftStorage.java:format(72)) - Storage directory /workdir/hadoop-ozone/integration-test/target/test-dir/MiniOzoneClusterImpl-999c628a-643f-418b-8827-32df467d0f6c/datanode-2/data/ratis/442c1061-bd01-4383-97d4-36d8e6c07297 has been successfully formatted.
2019-09-04 10:53:27,269 [pool-32-thread-1] INFO  storage.RaftStorageDirectory (RaftStorageDirectory.java:tryLock(328)) - Lock on /workdir/hadoop-ozone/integration-test/target/test-dir/MiniOzoneClusterImpl-999c628a-643f-418b-8827-32df467d0f6c/datanode-0/data/ratis/57317067-d2da-4149-a1e7-8285c47e6eca/in_use.lock acquired by nodename 22605@pr-hdds-1982-decom-states-67zng-3388626213
2019-09-04 10:53:27,270 [pool-52-thread-1] INFO  ratis.ContainerStateMachine (ContainerStateMachine.java:loadSnapshot(227)) - group-36D8E6C07297: The snapshot info is null. Setting the last applied indexto:(t:0, i:~)
2019-09-04 10:53:27,271 [pool-52-thread-1] INFO  server.RaftServerConfigKeys (ConfUtils.java:logGet(43)) - raft.server.leader.election.timeout = 120s (custom)
2019-09-04 10:53:27,271 [pool-52-thread-1] INFO  server.RaftServerConfigKeys (ConfUtils.java:logGet(43)) - raft.server.log.use.memory = false (default)
2019-09-04 10:53:27,271 [pool-52-thread-1] INFO  server.RaftServerConfigKeys (ConfUtils.java:logGet(43)) - raft.server.log.purge.gap = 1000000 (custom)
2019-09-04 10:53:27,271 [pool-52-thread-1] INFO  server.RaftServerConfigKeys (ConfUtils.java:logGet(43)) - raft.server.log.appender.buffer.byte-limit = 33554432 (custom)
2019-09-04 10:53:27,272 [pool-52-thread-1] INFO  server.RaftServerConfigKeys (ConfUtils.java:logGet(43)) - raft.server.log.segment.size.max = 1048576 (custom)
2019-09-04 10:53:27,272 [pool-52-thread-1] INFO  server.RaftServerConfigKeys (ConfUtils.java:logGet(43)) - raft.server.log.segment.cache.num.max = 2 (custom)
2019-09-04 10:53:27,272 [pool-52-thread-1] INFO  segmented.SegmentedRaftLogWorker (SegmentedRaftLogWorker.java:<init>(172)) - new 62e5f997-7b2b-4c16-a01e-f3c1b112aa41-SegmentedRaftLogWorker:Storage Directory /workdir/hadoop-ozone/integration-test/target/test-dir/MiniOzoneClusterImpl-999c628a-643f-418b-8827-32df467d0f6c/datanode-2/data/ratis/442c1061-bd01-4383-97d4-36d8e6c07297 for RaftStorage:Storage Directory /workdir/hadoop-ozone/integration-test/target/test-dir/MiniOzoneClusterImpl-999c628a-643f-418b-8827-32df467d0f6c/datanode-2/data/ratis/442c1061-bd01-4383-97d4-36d8e6c07297
2019-09-04 10:53:27,272 [pool-52-thread-1] INFO  server.RaftServerConfigKeys (ConfUtils.java:logGet(43)) - raft.server.log.queue.byte-limit = 2147483647 (custom)
2019-09-04 10:53:27,272 [pool-52-thread-1] INFO  server.RaftServerConfigKeys (ConfUtils.java:logGet(43)) - raft.server.log.queue.element-limit = 1024 (custom)
2019-09-04 10:53:27,273 [pool-52-thread-1] INFO  server.RaftServerConfigKeys (ConfUtils.java:logGet(43)) - raft.server.log.segment.size.max = 1048576 (custom)
2019-09-04 10:53:27,273 [pool-52-thread-1] INFO  server.RaftServerConfigKeys (ConfUtils.java:logGet(43)) - raft.server.log.preallocated.size = 16384 (custom)
2019-09-04 10:53:27,273 [pool-52-thread-1] INFO  server.RaftServerConfigKeys (ConfUtils.java:logGet(43)) - raft.server.log.write.buffer.size = 33554432 (custom)
2019-09-04 10:53:27,273 [pool-52-thread-1] INFO  server.RaftServerConfigKeys (ConfUtils.java:logGet(43)) - raft.server.log.force.sync.num = 128 (default)
2019-09-04 10:53:27,273 [pool-52-thread-1] INFO  server.RaftServerConfigKeys (ConfUtils.java:logGet(43)) - raft.server.log.statemachine.data.sync = true (default)
2019-09-04 10:53:27,274 [pool-52-thread-1] INFO  server.RaftServerConfigKeys (ConfUtils.java:logGet(43)) - raft.server.log.statemachine.data.sync.timeout = 10s (default)
2019-09-04 10:53:27,274 [pool-52-thread-1] INFO  server.RaftServerConfigKeys (ConfUtils.java:logGet(43)) - raft.server.log.statemachine.data.sync.timeout.retry = -1 (default)
2019-09-04 10:53:27,274 [pool-52-thread-1] INFO  server.RaftServerConfigKeys (ConfUtils.java:logGet(43)) - raft.server.log.statemachine.data.caching.enabled = true (custom)
2019-09-04 10:53:27,395 [pool-52-thread-1] INFO  segmented.SegmentedRaftLogWorker (SegmentedRaftLogWorker.java:lambda$new$0(132)) - 62e5f997-7b2b-4c16-a01e-f3c1b112aa41-SegmentedRaftLogWorker:Storage Directory /workdir/hadoop-ozone/integration-test/target/test-dir/MiniOzoneClusterImpl-999c628a-643f-418b-8827-32df467d0f6c/datanode-2/data/ratis/442c1061-bd01-4383-97d4-36d8e6c07297: flushIndex: setUnconditionally 0 -> -1
2019-09-04 10:53:27,395 [pool-32-thread-1] INFO  storage.RaftStorage (RaftStorage.java:format(72)) - Storage directory /workdir/hadoop-ozone/integration-test/target/test-dir/MiniOzoneClusterImpl-999c628a-643f-418b-8827-32df467d0f6c/datanode-0/data/ratis/57317067-d2da-4149-a1e7-8285c47e6eca has been successfully formatted.
2019-09-04 10:53:27,397 [pool-52-thread-1] INFO  server.RaftServerConfigKeys (ConfUtils.java:logGet(43)) - raft.server.snapshot.auto.trigger.enabled = true (custom)
2019-09-04 10:53:27,395 [pool-42-thread-1] INFO  storage.RaftStorage (RaftStorage.java:format(72)) - Storage directory /workdir/hadoop-ozone/integration-test/target/test-dir/MiniOzoneClusterImpl-999c628a-643f-418b-8827-32df467d0f6c/datanode-1/data/ratis/57317067-d2da-4149-a1e7-8285c47e6eca has been successfully formatted.
2019-09-04 10:53:27,397 [pool-32-thread-1] INFO  ratis.ContainerStateMachine (ContainerStateMachine.java:loadSnapshot(227)) - group-8285C47E6ECA: The snapshot info is null. Setting the last applied indexto:(t:0, i:~)
2019-09-04 10:53:27,397 [pool-52-thread-1] INFO  server.RaftServerConfigKeys (ConfUtils.java:logGet(43)) - raft.server.snapshot.auto.trigger.threshold = 10000 (custom)
2019-09-04 10:53:27,398 [pool-32-thread-1] INFO  server.RaftServerConfigKeys (ConfUtils.java:logGet(43)) - raft.server.leader.election.timeout = 120s (custom)
2019-09-04 10:53:27,398 [pool-42-thread-1] INFO  ratis.ContainerStateMachine (ContainerStateMachine.java:loadSnapshot(227)) - group-8285C47E6ECA: The snapshot info is null. Setting the last applied indexto:(t:0, i:~)
2019-09-04 10:53:27,398 [pool-32-thread-1] INFO  server.RaftServerConfigKeys (ConfUtils.java:logGet(43)) - raft.server.log.use.memory = false (default)
2019-09-04 10:53:27,398 [pool-52-thread-1] INFO  server.RaftServerConfigKeys (ConfUtils.java:logGet(43)) - raft.server.retrycache.expirytime = 600000ms (custom)
2019-09-04 10:53:27,399 [pool-32-thread-1] INFO  server.RaftServerConfigKeys (ConfUtils.java:logGet(43)) - raft.server.log.purge.gap = 1000000 (custom)
2019-09-04 10:53:27,398 [pool-42-thread-1] INFO  server.RaftServerConfigKeys (ConfUtils.java:logGet(43)) - raft.server.leader.election.timeout = 120s (custom)
2019-09-04 10:53:27,399 [pool-32-thread-1] INFO  server.RaftServerConfigKeys (ConfUtils.java:logGet(43)) - raft.server.log.appender.buffer.byte-limit = 33554432 (custom)
2019-09-04 10:53:27,399 [pool-42-thread-1] INFO  server.RaftServerConfigKeys (ConfUtils.java:logGet(43)) - raft.server.log.use.memory = false (default)
2019-09-04 10:53:27,399 [pool-32-thread-1] INFO  server.RaftServerConfigKeys (ConfUtils.java:logGet(43)) - raft.server.log.segment.size.max = 1048576 (custom)
2019-09-04 10:53:27,399 [pool-42-thread-1] INFO  server.RaftServerConfigKeys (ConfUtils.java:logGet(43)) - raft.server.log.purge.gap = 1000000 (custom)
2019-09-04 10:53:27,400 [pool-32-thread-1] INFO  server.RaftServerConfigKeys (ConfUtils.java:logGet(43)) - raft.server.log.segment.cache.num.max = 2 (custom)
2019-09-04 10:53:27,400 [pool-42-thread-1] INFO  server.RaftServerConfigKeys (ConfUtils.java:logGet(43)) - raft.server.log.appender.buffer.byte-limit = 33554432 (custom)
2019-09-04 10:53:27,400 [pool-32-thread-1] INFO  segmented.SegmentedRaftLogWorker (SegmentedRaftLogWorker.java:<init>(172)) - new 16a4e2e6-922e-4a72-a727-c7c5b81abb01-SegmentedRaftLogWorker:Storage Directory /workdir/hadoop-ozone/integration-test/target/test-dir/MiniOzoneClusterImpl-999c628a-643f-418b-8827-32df467d0f6c/datanode-0/data/ratis/57317067-d2da-4149-a1e7-8285c47e6eca for RaftStorage:Storage Directory /workdir/hadoop-ozone/integration-test/target/test-dir/MiniOzoneClusterImpl-999c628a-643f-418b-8827-32df467d0f6c/datanode-0/data/ratis/57317067-d2da-4149-a1e7-8285c47e6eca
2019-09-04 10:53:27,400 [pool-42-thread-1] INFO  server.RaftServerConfigKeys (ConfUtils.java:logGet(43)) - raft.server.log.segment.size.max = 1048576 (custom)
2019-09-04 10:53:27,400 [pool-32-thread-1] INFO  server.RaftServerConfigKeys (ConfUtils.java:logGet(43)) - raft.server.log.queue.byte-limit = 2147483647 (custom)
2019-09-04 10:53:27,401 [pool-42-thread-1] INFO  server.RaftServerConfigKeys (ConfUtils.java:logGet(43)) - raft.server.log.segment.cache.num.max = 2 (custom)
2019-09-04 10:53:27,403 [pool-32-thread-1] INFO  server.RaftServerConfigKeys (ConfUtils.java:logGet(43)) - raft.server.log.queue.element-limit = 1024 (custom)
2019-09-04 10:53:27,403 [pool-42-thread-1] INFO  segmented.SegmentedRaftLogWorker (SegmentedRaftLogWorker.java:<init>(172)) - new ba98d9f7-02c4-42fb-b8dd-ebf3dfd1e142-SegmentedRaftLogWorker:Storage Directory /workdir/hadoop-ozone/integration-test/target/test-dir/MiniOzoneClusterImpl-999c628a-643f-418b-8827-32df467d0f6c/datanode-1/data/ratis/57317067-d2da-4149-a1e7-8285c47e6eca for RaftStorage:Storage Directory /workdir/hadoop-ozone/integration-test/target/test-dir/MiniOzoneClusterImpl-999c628a-643f-418b-8827-32df467d0f6c/datanode-1/data/ratis/57317067-d2da-4149-a1e7-8285c47e6eca
2019-09-04 10:53:27,404 [pool-32-thread-1] INFO  server.RaftServerConfigKeys (ConfUtils.java:logGet(43)) - raft.server.log.segment.size.max = 1048576 (custom)
2019-09-04 10:53:27,404 [pool-52-thread-1] INFO  impl.RaftServerImpl (RaftServerImpl.java:<init>(93)) - 62e5f997-7b2b-4c16-a01e-f3c1b112aa41: new RaftServerImpl for group-305A8D37E8E5:[ba98d9f7-02c4-42fb-b8dd-ebf3dfd1e142:192.168.5.153:36418, 62e5f997-7b2b-4c16-a01e-f3c1b112aa41:192.168.5.153:43680, 16a4e2e6-922e-4a72-a727-c7c5b81abb01:192.168.5.153:32852] with ContainerStateMachine:uninitialized
2019-09-04 10:53:27,404 [pool-32-thread-1] INFO  server.RaftServerConfigKeys (ConfUtils.java:logGet(43)) - raft.server.log.preallocated.size = 16384 (custom)
2019-09-04 10:53:27,404 [pool-42-thread-1] INFO  server.RaftServerConfigKeys (ConfUtils.java:logGet(43)) - raft.server.log.queue.byte-limit = 2147483647 (custom)
2019-09-04 10:53:27,406 [pool-32-thread-1] INFO  server.RaftServerConfigKeys (ConfUtils.java:logGet(43)) - raft.server.log.write.buffer.size = 33554432 (custom)
2019-09-04 10:53:27,406 [pool-52-thread-1] INFO  server.RaftServerConfigKeys (ConfUtils.java:logGet(43)) - raft.server.rpc.timeout.min = 5s (custom)
2019-09-04 10:53:27,406 [pool-32-thread-1] INFO  server.RaftServerConfigKeys (ConfUtils.java:logGet(43)) - raft.server.log.force.sync.num = 128 (default)
2019-09-04 10:53:27,406 [pool-42-thread-1] INFO  server.RaftServerConfigKeys (ConfUtils.java:logGet(43)) - raft.server.log.queue.element-limit = 1024 (custom)
2019-09-04 10:53:27,407 [pool-32-thread-1] INFO  server.RaftServerConfigKeys (ConfUtils.java:logGet(43)) - raft.server.log.statemachine.data.sync = true (default)
2019-09-04 10:53:27,406 [pool-52-thread-1] INFO  server.RaftServerConfigKeys (ConfUtils.java:logGet(43)) - raft.server.rpc.timeout.max = 5200ms (custom)
2019-09-04 10:53:27,407 [pool-32-thread-1] INFO  server.RaftServerConfigKeys (ConfUtils.java:logGet(43)) - raft.server.log.statemachine.data.sync.timeout = 10s (default)
2019-09-04 10:53:27,407 [pool-42-thread-1] INFO  server.RaftServerConfigKeys (ConfUtils.java:logGet(43)) - raft.server.log.segment.size.max = 1048576 (custom)
2019-09-04 10:53:27,407 [pool-32-thread-1] INFO  server.RaftServerConfigKeys (ConfUtils.java:logGet(43)) - raft.server.log.statemachine.data.sync.timeout.retry = -1 (default)
2019-09-04 10:53:27,407 [pool-52-thread-1] INFO  server.RaftServerConfigKeys (ConfUtils.java:logGet(43)) - raft.server.rpcslowness.timeout = 120s (custom)
2019-09-04 10:53:27,408 [pool-32-thread-1] INFO  server.RaftServerConfigKeys (ConfUtils.java:logGet(43)) - raft.server.log.statemachine.data.caching.enabled = true (custom)
2019-09-04 10:53:27,408 [pool-42-thread-1] INFO  server.RaftServerConfigKeys (ConfUtils.java:logGet(43)) - raft.server.log.preallocated.size = 16384 (custom)
2019-09-04 10:53:27,408 [pool-52-thread-1] INFO  server.RaftServerConfigKeys (ConfUtils.java:logGet(43)) - raft.server.sleep.deviation.threshold = 300 (default)
2019-09-04 10:53:27,408 [pool-32-thread-1] INFO  segmented.SegmentedRaftLogWorker (SegmentedRaftLogWorker.java:lambda$new$0(132)) - 16a4e2e6-922e-4a72-a727-c7c5b81abb01-SegmentedRaftLogWorker:Storage Directory /workdir/hadoop-ozone/integration-test/target/test-dir/MiniOzoneClusterImpl-999c628a-643f-418b-8827-32df467d0f6c/datanode-0/data/ratis/57317067-d2da-4149-a1e7-8285c47e6eca: flushIndex: setUnconditionally 0 -> -1
2019-09-04 10:53:27,408 [pool-42-thread-1] INFO  server.RaftServerConfigKeys (ConfUtils.java:logGet(43)) - raft.server.log.write.buffer.size = 33554432 (custom)
2019-09-04 10:53:27,409 [pool-52-thread-1] INFO  server.RaftServerConfigKeys (ConfUtils.java:logGet(43)) - raft.server.log.appender.install.snapshot.enabled = false (custom)
2019-09-04 10:53:27,409 [pool-42-thread-1] INFO  server.RaftServerConfigKeys (ConfUtils.java:logGet(43)) - raft.server.log.force.sync.num = 128 (default)
2019-09-04 10:53:27,409 [pool-32-thread-1] INFO  server.RaftServerConfigKeys (ConfUtils.java:logGet(43)) - raft.server.snapshot.auto.trigger.enabled = true (custom)
2019-09-04 10:53:27,409 [pool-42-thread-1] INFO  server.RaftServerConfigKeys (ConfUtils.java:logGet(43)) - raft.server.log.statemachine.data.sync = true (default)
2019-09-04 10:53:27,409 [pool-52-thread-1] INFO  impl.RaftServerImpl (ServerState.java:<init>(105)) - 62e5f997-7b2b-4c16-a01e-f3c1b112aa41:group-305A8D37E8E5 ConfigurationManager, init=-1: [ba98d9f7-02c4-42fb-b8dd-ebf3dfd1e142:192.168.5.153:36418, 62e5f997-7b2b-4c16-a01e-f3c1b112aa41:192.168.5.153:43680, 16a4e2e6-922e-4a72-a727-c7c5b81abb01:192.168.5.153:32852], old=null, confs=<EMPTY_MAP>
2019-09-04 10:53:27,410 [pool-42-thread-1] INFO  server.RaftServerConfigKeys (ConfUtils.java:logGet(43)) - raft.server.log.statemachine.data.sync.timeout = 10s (default)
2019-09-04 10:53:27,409 [pool-32-thread-1] INFO  server.RaftServerConfigKeys (ConfUtils.java:logGet(43)) - raft.server.snapshot.auto.trigger.threshold = 10000 (custom)
2019-09-04 10:53:27,410 [pool-42-thread-1] INFO  server.RaftServerConfigKeys (ConfUtils.java:logGet(43)) - raft.server.log.statemachine.data.sync.timeout.retry = -1 (default)
2019-09-04 10:53:27,410 [pool-52-thread-1] INFO  server.RaftServerConfigKeys (ConfUtils.java:logGet(43)) - raft.server.storage.dir = [/workdir/hadoop-ozone/integration-test/target/test-dir/MiniOzoneClusterImpl-999c628a-643f-418b-8827-32df467d0f6c/datanode-2/data/ratis] (custom)
2019-09-04 10:53:27,411 [pool-42-thread-1] INFO  server.RaftServerConfigKeys (ConfUtils.java:logGet(43)) - raft.server.log.statemachine.data.caching.enabled = true (custom)
2019-09-04 10:53:27,410 [pool-32-thread-1] INFO  server.RaftServerConfigKeys (ConfUtils.java:logGet(43)) - raft.server.retrycache.expirytime = 600000ms (custom)
2019-09-04 10:53:27,411 [pool-52-thread-1] INFO  storage.RaftStorageDirectory (RaftStorageDirectory.java:analyzeStorage(246)) - The storage directory /workdir/hadoop-ozone/integration-test/target/test-dir/MiniOzoneClusterImpl-999c628a-643f-418b-8827-32df467d0f6c/datanode-2/data/ratis/b6fd0e5e-846f-4d93-aecc-305a8d37e8e5 does not exist. Creating ...
2019-09-04 10:53:27,411 [pool-42-thread-1] INFO  segmented.SegmentedRaftLogWorker (SegmentedRaftLogWorker.java:lambda$new$0(132)) - ba98d9f7-02c4-42fb-b8dd-ebf3dfd1e142-SegmentedRaftLogWorker:Storage Directory /workdir/hadoop-ozone/integration-test/target/test-dir/MiniOzoneClusterImpl-999c628a-643f-418b-8827-32df467d0f6c/datanode-1/data/ratis/57317067-d2da-4149-a1e7-8285c47e6eca: flushIndex: setUnconditionally 0 -> -1
2019-09-04 10:53:27,411 [pool-32-thread-1] INFO  impl.RaftServerImpl (RaftServerImpl.java:start(180)) - 16a4e2e6-922e-4a72-a727-c7c5b81abb01: start group-305A8D37E8E5
2019-09-04 10:53:27,412 [pool-32-thread-1] INFO  impl.RaftServerImpl (RaftServerImpl.java:setRole(171)) - 16a4e2e6-922e-4a72-a727-c7c5b81abb01:group-305A8D37E8E5 changes role from null to FOLLOWER at term 0 for startAsFollower
2019-09-04 10:53:27,412 [pool-42-thread-1] INFO  server.RaftServerConfigKeys (ConfUtils.java:logGet(43)) - raft.server.snapshot.auto.trigger.enabled = true (custom)
2019-09-04 10:53:27,412 [pool-32-thread-1] INFO  impl.RoleInfo (RoleInfo.java:updateAndGet(143)) - 16a4e2e6-922e-4a72-a727-c7c5b81abb01: start FollowerState
2019-09-04 10:53:27,412 [pool-42-thread-1] INFO  server.RaftServerConfigKeys (ConfUtils.java:logGet(43)) - raft.server.snapshot.auto.trigger.threshold = 10000 (custom)
2019-09-04 10:53:27,413 [pool-42-thread-1] INFO  server.RaftServerConfigKeys (ConfUtils.java:logGet(43)) - raft.server.retrycache.expirytime = 600000ms (custom)
2019-09-04 10:53:27,413 [pool-32-thread-1] INFO  util.JmxRegister (JmxRegister.java:tryRegister(44)) - Successfully registered JMX Bean with object name Ratis:service=RaftServer,group=group-305A8D37E8E5,id=16a4e2e6-922e-4a72-a727-c7c5b81abb01
2019-09-04 10:53:27,413 [pool-42-thread-1] INFO  impl.RaftServerImpl (RaftServerImpl.java:start(180)) - ba98d9f7-02c4-42fb-b8dd-ebf3dfd1e142: start group-305A8D37E8E5
2019-09-04 10:53:27,413 [pool-42-thread-1] INFO  impl.RaftServerImpl (RaftServerImpl.java:setRole(171)) - ba98d9f7-02c4-42fb-b8dd-ebf3dfd1e142:group-305A8D37E8E5 changes role from null to FOLLOWER at term 0 for startAsFollower
2019-09-04 10:53:27,413 [pool-42-thread-1] INFO  impl.RoleInfo (RoleInfo.java:updateAndGet(143)) - ba98d9f7-02c4-42fb-b8dd-ebf3dfd1e142: start FollowerState
2019-09-04 10:53:27,413 [pool-32-thread-1] INFO  impl.RaftServerImpl (RaftServerImpl.java:start(180)) - 16a4e2e6-922e-4a72-a727-c7c5b81abb01: start group-8285C47E6ECA
2019-09-04 10:53:27,414 [pool-32-thread-1] INFO  impl.RaftServerImpl (RaftServerImpl.java:setRole(171)) - 16a4e2e6-922e-4a72-a727-c7c5b81abb01:group-8285C47E6ECA changes role from null to FOLLOWER at term 0 for startAsFollower
2019-09-04 10:53:27,414 [pool-32-thread-1] INFO  impl.RoleInfo (RoleInfo.java:updateAndGet(143)) - 16a4e2e6-922e-4a72-a727-c7c5b81abb01: start FollowerState
2019-09-04 10:53:27,414 [pool-42-thread-1] INFO  util.JmxRegister (JmxRegister.java:tryRegister(44)) - Successfully registered JMX Bean with object name Ratis:service=RaftServer,group=group-305A8D37E8E5,id=ba98d9f7-02c4-42fb-b8dd-ebf3dfd1e142
2019-09-04 10:53:27,415 [pool-32-thread-1] INFO  util.JmxRegister (JmxRegister.java:tryRegister(44)) - Successfully registered JMX Bean with object name Ratis:service=RaftServer,group=group-8285C47E6ECA,id=16a4e2e6-922e-4a72-a727-c7c5b81abb01
2019-09-04 10:53:27,415 [pool-42-thread-1] INFO  impl.RaftServerImpl (RaftServerImpl.java:start(180)) - ba98d9f7-02c4-42fb-b8dd-ebf3dfd1e142: start group-8285C47E6ECA
2019-09-04 10:53:27,415 [pool-42-thread-1] INFO  impl.RaftServerImpl (RaftServerImpl.java:setRole(171)) - ba98d9f7-02c4-42fb-b8dd-ebf3dfd1e142:group-8285C47E6ECA changes role from null to FOLLOWER at term 0 for startAsFollower
2019-09-04 10:53:27,415 [pool-42-thread-1] INFO  impl.RoleInfo (RoleInfo.java:updateAndGet(143)) - ba98d9f7-02c4-42fb-b8dd-ebf3dfd1e142: start FollowerState
2019-09-04 10:53:27,416 [pool-42-thread-1] INFO  util.JmxRegister (JmxRegister.java:tryRegister(44)) - Successfully registered JMX Bean with object name Ratis:service=RaftServer,group=group-8285C47E6ECA,id=ba98d9f7-02c4-42fb-b8dd-ebf3dfd1e142
2019-09-04 10:53:27,464 [grpc-default-executor-1] INFO  impl.RaftServerProxy (RaftServerProxy.java:addNew(89)) - ba98d9f7-02c4-42fb-b8dd-ebf3dfd1e142: addNew group-6F84DD9541F8:[ba98d9f7-02c4-42fb-b8dd-ebf3dfd1e142:192.168.5.153:36418, 62e5f997-7b2b-4c16-a01e-f3c1b112aa41:192.168.5.153:43680, 16a4e2e6-922e-4a72-a727-c7c5b81abb01:192.168.5.153:32852] returns group-6F84DD9541F8:java.util.concurrent.CompletableFuture@16d2a5ac[Not completed]
2019-09-04 10:53:27,464 [grpc-default-executor-2] INFO  impl.RaftServerProxy (RaftServerProxy.java:addNew(89)) - 62e5f997-7b2b-4c16-a01e-f3c1b112aa41: addNew group-6F84DD9541F8:[ba98d9f7-02c4-42fb-b8dd-ebf3dfd1e142:192.168.5.153:36418, 62e5f997-7b2b-4c16-a01e-f3c1b112aa41:192.168.5.153:43680, 16a4e2e6-922e-4a72-a727-c7c5b81abb01:192.168.5.153:32852] returns group-6F84DD9541F8:java.util.concurrent.CompletableFuture@674b051e[Not completed]
2019-09-04 10:53:27,464 [grpc-default-executor-0] INFO  impl.RaftServerProxy (RaftServerProxy.java:addNew(89)) - 16a4e2e6-922e-4a72-a727-c7c5b81abb01: addNew group-6F84DD9541F8:[ba98d9f7-02c4-42fb-b8dd-ebf3dfd1e142:192.168.5.153:36418, 62e5f997-7b2b-4c16-a01e-f3c1b112aa41:192.168.5.153:43680, 16a4e2e6-922e-4a72-a727-c7c5b81abb01:192.168.5.153:32852] returns group-6F84DD9541F8:java.util.concurrent.CompletableFuture@1776aee0[Not completed]
2019-09-04 10:53:27,466 [pool-42-thread-1] INFO  impl.RaftServerImpl (RaftServerImpl.java:<init>(93)) - ba98d9f7-02c4-42fb-b8dd-ebf3dfd1e142: new RaftServerImpl for group-6F84DD9541F8:[ba98d9f7-02c4-42fb-b8dd-ebf3dfd1e142:192.168.5.153:36418, 62e5f997-7b2b-4c16-a01e-f3c1b112aa41:192.168.5.153:43680, 16a4e2e6-922e-4a72-a727-c7c5b81abb01:192.168.5.153:32852] with ContainerStateMachine:uninitialized
2019-09-04 10:53:27,466 [pool-42-thread-1] INFO  server.RaftServerConfigKeys (ConfUtils.java:logGet(43)) - raft.server.rpc.timeout.min = 5s (custom)
2019-09-04 10:53:27,467 [pool-42-thread-1] INFO  server.RaftServerConfigKeys (ConfUtils.java:logGet(43)) - raft.server.rpc.timeout.max = 5200ms (custom)
2019-09-04 10:53:27,467 [pool-42-thread-1] INFO  server.RaftServerConfigKeys (ConfUtils.java:logGet(43)) - raft.server.rpcslowness.timeout = 120s (custom)
2019-09-04 10:53:27,467 [pool-42-thread-1] INFO  server.RaftServerConfigKeys (ConfUtils.java:logGet(43)) - raft.server.sleep.deviation.threshold = 300 (default)
2019-09-04 10:53:27,467 [pool-42-thread-1] INFO  server.RaftServerConfigKeys (ConfUtils.java:logGet(43)) - raft.server.log.appender.install.snapshot.enabled = false (custom)
2019-09-04 10:53:27,467 [pool-32-thread-1] INFO  impl.RaftServerImpl (RaftServerImpl.java:<init>(93)) - 16a4e2e6-922e-4a72-a727-c7c5b81abb01: new RaftServerImpl for group-6F84DD9541F8:[ba98d9f7-02c4-42fb-b8dd-ebf3dfd1e142:192.168.5.153:36418, 62e5f997-7b2b-4c16-a01e-f3c1b112aa41:192.168.5.153:43680, 16a4e2e6-922e-4a72-a727-c7c5b81abb01:192.168.5.153:32852] with ContainerStateMachine:uninitialized
2019-09-04 10:53:27,467 [pool-42-thread-1] INFO  impl.RaftServerImpl (ServerState.java:<init>(105)) - ba98d9f7-02c4-42fb-b8dd-ebf3dfd1e142:group-6F84DD9541F8 ConfigurationManager, init=-1: [ba98d9f7-02c4-42fb-b8dd-ebf3dfd1e142:192.168.5.153:36418, 62e5f997-7b2b-4c16-a01e-f3c1b112aa41:192.168.5.153:43680, 16a4e2e6-922e-4a72-a727-c7c5b81abb01:192.168.5.153:32852], old=null, confs=<EMPTY_MAP>
2019-09-04 10:53:27,468 [pool-32-thread-1] INFO  server.RaftServerConfigKeys (ConfUtils.java:logGet(43)) - raft.server.rpc.timeout.min = 5s (custom)
2019-09-04 10:53:27,468 [pool-32-thread-1] INFO  server.RaftServerConfigKeys (ConfUtils.java:logGet(43)) - raft.server.rpc.timeout.max = 5200ms (custom)
2019-09-04 10:53:27,468 [pool-42-thread-1] INFO  server.RaftServerConfigKeys (ConfUtils.java:logGet(43)) - raft.server.storage.dir = [/workdir/hadoop-ozone/integration-test/target/test-dir/MiniOzoneClusterImpl-999c628a-643f-418b-8827-32df467d0f6c/datanode-1/data/ratis] (custom)
2019-09-04 10:53:27,468 [pool-32-thread-1] INFO  server.RaftServerConfigKeys (ConfUtils.java:logGet(43)) - raft.server.rpcslowness.timeout = 120s (custom)
2019-09-04 10:53:27,468 [pool-32-thread-1] INFO  server.RaftServerConfigKeys (ConfUtils.java:logGet(43)) - raft.server.sleep.deviation.threshold = 300 (default)
2019-09-04 10:53:27,468 [pool-32-thread-1] INFO  server.RaftServerConfigKeys (ConfUtils.java:logGet(43)) - raft.server.log.appender.install.snapshot.enabled = false (custom)
2019-09-04 10:53:27,469 [pool-32-thread-1] INFO  impl.RaftServerImpl (ServerState.java:<init>(105)) - 16a4e2e6-922e-4a72-a727-c7c5b81abb01:group-6F84DD9541F8 ConfigurationManager, init=-1: [ba98d9f7-02c4-42fb-b8dd-ebf3dfd1e142:192.168.5.153:36418, 62e5f997-7b2b-4c16-a01e-f3c1b112aa41:192.168.5.153:43680, 16a4e2e6-922e-4a72-a727-c7c5b81abb01:192.168.5.153:32852], old=null, confs=<EMPTY_MAP>
2019-09-04 10:53:27,469 [pool-32-thread-1] INFO  server.RaftServerConfigKeys (ConfUtils.java:logGet(43)) - raft.server.storage.dir = [/workdir/hadoop-ozone/integration-test/target/test-dir/MiniOzoneClusterImpl-999c628a-643f-418b-8827-32df467d0f6c/datanode-0/data/ratis] (custom)
2019-09-04 10:53:27,489 [pool-32-thread-1] INFO  storage.RaftStorageDirectory (RaftStorageDirectory.java:analyzeStorage(246)) - The storage directory /workdir/hadoop-ozone/integration-test/target/test-dir/MiniOzoneClusterImpl-999c628a-643f-418b-8827-32df467d0f6c/datanode-0/data/ratis/fc02e74f-b5cc-4672-98f1-6f84dd9541f8 does not exist. Creating ...
2019-09-04 10:53:27,489 [pool-42-thread-1] INFO  storage.RaftStorageDirectory (RaftStorageDirectory.java:analyzeStorage(246)) - The storage directory /workdir/hadoop-ozone/integration-test/target/test-dir/MiniOzoneClusterImpl-999c628a-643f-418b-8827-32df467d0f6c/datanode-1/data/ratis/fc02e74f-b5cc-4672-98f1-6f84dd9541f8 does not exist. Creating ...
2019-09-04 10:53:27,815 [pool-52-thread-1] INFO  storage.RaftStorageDirectory (RaftStorageDirectory.java:tryLock(328)) - Lock on /workdir/hadoop-ozone/integration-test/target/test-dir/MiniOzoneClusterImpl-999c628a-643f-418b-8827-32df467d0f6c/datanode-2/data/ratis/b6fd0e5e-846f-4d93-aecc-305a8d37e8e5/in_use.lock acquired by nodename 22605@pr-hdds-1982-decom-states-67zng-3388626213
2019-09-04 10:53:28,812 [pool-32-thread-1] INFO  storage.RaftStorageDirectory (RaftStorageDirectory.java:tryLock(328)) - Lock on /workdir/hadoop-ozone/integration-test/target/test-dir/MiniOzoneClusterImpl-999c628a-643f-418b-8827-32df467d0f6c/datanode-0/data/ratis/fc02e74f-b5cc-4672-98f1-6f84dd9541f8/in_use.lock acquired by nodename 22605@pr-hdds-1982-decom-states-67zng-3388626213
2019-09-04 10:53:28,812 [pool-52-thread-1] INFO  storage.RaftStorage (RaftStorage.java:format(72)) - Storage directory /workdir/hadoop-ozone/integration-test/target/test-dir/MiniOzoneClusterImpl-999c628a-643f-418b-8827-32df467d0f6c/datanode-2/data/ratis/b6fd0e5e-846f-4d93-aecc-305a8d37e8e5 has been successfully formatted.
2019-09-04 10:53:28,812 [pool-42-thread-1] INFO  storage.RaftStorageDirectory (RaftStorageDirectory.java:tryLock(328)) - Lock on /workdir/hadoop-ozone/integration-test/target/test-dir/MiniOzoneClusterImpl-999c628a-643f-418b-8827-32df467d0f6c/datanode-1/data/ratis/fc02e74f-b5cc-4672-98f1-6f84dd9541f8/in_use.lock acquired by nodename 22605@pr-hdds-1982-decom-states-67zng-3388626213
2019-09-04 10:53:28,813 [pool-52-thread-1] INFO  ratis.ContainerStateMachine (ContainerStateMachine.java:loadSnapshot(227)) - group-305A8D37E8E5: The snapshot info is null. Setting the last applied indexto:(t:0, i:~)
2019-09-04 10:53:28,813 [pool-52-thread-1] INFO  server.RaftServerConfigKeys (ConfUtils.java:logGet(43)) - raft.server.leader.election.timeout = 120s (custom)
2019-09-04 10:53:28,814 [pool-52-thread-1] INFO  server.RaftServerConfigKeys (ConfUtils.java:logGet(43)) - raft.server.log.use.memory = false (default)
2019-09-04 10:53:28,814 [pool-52-thread-1] INFO  server.RaftServerConfigKeys (ConfUtils.java:logGet(43)) - raft.server.log.purge.gap = 1000000 (custom)
2019-09-04 10:53:28,814 [pool-52-thread-1] INFO  server.RaftServerConfigKeys (ConfUtils.java:logGet(43)) - raft.server.log.appender.buffer.byte-limit = 33554432 (custom)
2019-09-04 10:53:28,814 [pool-52-thread-1] INFO  server.RaftServerConfigKeys (ConfUtils.java:logGet(43)) - raft.server.log.segment.size.max = 1048576 (custom)
2019-09-04 10:53:28,814 [pool-52-thread-1] INFO  server.RaftServerConfigKeys (ConfUtils.java:logGet(43)) - raft.server.log.segment.cache.num.max = 2 (custom)
2019-09-04 10:53:28,815 [pool-52-thread-1] INFO  segmented.SegmentedRaftLogWorker (SegmentedRaftLogWorker.java:<init>(172)) - new 62e5f997-7b2b-4c16-a01e-f3c1b112aa41-SegmentedRaftLogWorker:Storage Directory /workdir/hadoop-ozone/integration-test/target/test-dir/MiniOzoneClusterImpl-999c628a-643f-418b-8827-32df467d0f6c/datanode-2/data/ratis/b6fd0e5e-846f-4d93-aecc-305a8d37e8e5 for RaftStorage:Storage Directory /workdir/hadoop-ozone/integration-test/target/test-dir/MiniOzoneClusterImpl-999c628a-643f-418b-8827-32df467d0f6c/datanode-2/data/ratis/b6fd0e5e-846f-4d93-aecc-305a8d37e8e5
2019-09-04 10:53:28,815 [pool-52-thread-1] INFO  server.RaftServerConfigKeys (ConfUtils.java:logGet(43)) - raft.server.log.queue.byte-limit = 2147483647 (custom)
2019-09-04 10:53:28,815 [pool-52-thread-1] INFO  server.RaftServerConfigKeys (ConfUtils.java:logGet(43)) - raft.server.log.queue.element-limit = 1024 (custom)
2019-09-04 10:53:28,815 [pool-52-thread-1] INFO  server.RaftServerConfigKeys (ConfUtils.java:logGet(43)) - raft.server.log.segment.size.max = 1048576 (custom)
2019-09-04 10:53:28,815 [pool-52-thread-1] INFO  server.RaftServerConfigKeys (ConfUtils.java:logGet(43)) - raft.server.log.preallocated.size = 16384 (custom)
2019-09-04 10:53:28,816 [pool-52-thread-1] INFO  server.RaftServerConfigKeys (ConfUtils.java:logGet(43)) - raft.server.log.write.buffer.size = 33554432 (custom)
2019-09-04 10:53:28,816 [pool-52-thread-1] INFO  server.RaftServerConfigKeys (ConfUtils.java:logGet(43)) - raft.server.log.force.sync.num = 128 (default)
2019-09-04 10:53:28,816 [pool-52-thread-1] INFO  server.RaftServerConfigKeys (ConfUtils.java:logGet(43)) - raft.server.log.statemachine.data.sync = true (default)
2019-09-04 10:53:28,816 [pool-52-thread-1] INFO  server.RaftServerConfigKeys (ConfUtils.java:logGet(43)) - raft.server.log.statemachine.data.sync.timeout = 10s (default)
2019-09-04 10:53:28,816 [pool-52-thread-1] INFO  server.RaftServerConfigKeys (ConfUtils.java:logGet(43)) - raft.server.log.statemachine.data.sync.timeout.retry = -1 (default)
2019-09-04 10:53:28,817 [pool-52-thread-1] INFO  server.RaftServerConfigKeys (ConfUtils.java:logGet(43)) - raft.server.log.statemachine.data.caching.enabled = true (custom)
2019-09-04 10:53:28,817 [pool-52-thread-1] INFO  segmented.SegmentedRaftLogWorker (SegmentedRaftLogWorker.java:lambda$new$0(132)) - 62e5f997-7b2b-4c16-a01e-f3c1b112aa41-SegmentedRaftLogWorker:Storage Directory /workdir/hadoop-ozone/integration-test/target/test-dir/MiniOzoneClusterImpl-999c628a-643f-418b-8827-32df467d0f6c/datanode-2/data/ratis/b6fd0e5e-846f-4d93-aecc-305a8d37e8e5: flushIndex: setUnconditionally 0 -> -1
2019-09-04 10:53:28,818 [pool-52-thread-1] INFO  server.RaftServerConfigKeys (ConfUtils.java:logGet(43)) - raft.server.snapshot.auto.trigger.enabled = true (custom)
2019-09-04 10:53:28,818 [pool-52-thread-1] INFO  server.RaftServerConfigKeys (ConfUtils.java:logGet(43)) - raft.server.snapshot.auto.trigger.threshold = 10000 (custom)
2019-09-04 10:53:28,818 [pool-52-thread-1] INFO  server.RaftServerConfigKeys (ConfUtils.java:logGet(43)) - raft.server.retrycache.expirytime = 600000ms (custom)
2019-09-04 10:53:28,821 [pool-52-thread-1] INFO  impl.RaftServerImpl (RaftServerImpl.java:<init>(93)) - 62e5f997-7b2b-4c16-a01e-f3c1b112aa41: new RaftServerImpl for group-8285C47E6ECA:[ba98d9f7-02c4-42fb-b8dd-ebf3dfd1e142:192.168.5.153:36418, 62e5f997-7b2b-4c16-a01e-f3c1b112aa41:192.168.5.153:43680, 16a4e2e6-922e-4a72-a727-c7c5b81abb01:192.168.5.153:32852] with ContainerStateMachine:uninitialized
2019-09-04 10:53:28,821 [pool-52-thread-1] INFO  server.RaftServerConfigKeys (ConfUtils.java:logGet(43)) - raft.server.rpc.timeout.min = 5s (custom)
2019-09-04 10:53:28,821 [pool-52-thread-1] INFO  server.RaftServerConfigKeys (ConfUtils.java:logGet(43)) - raft.server.rpc.timeout.max = 5200ms (custom)
2019-09-04 10:53:28,821 [pool-52-thread-1] INFO  server.RaftServerConfigKeys (ConfUtils.java:logGet(43)) - raft.server.rpcslowness.timeout = 120s (custom)
2019-09-04 10:53:28,822 [pool-52-thread-1] INFO  server.RaftServerConfigKeys (ConfUtils.java:logGet(43)) - raft.server.sleep.deviation.threshold = 300 (default)
2019-09-04 10:53:28,822 [pool-52-thread-1] INFO  server.RaftServerConfigKeys (ConfUtils.java:logGet(43)) - raft.server.log.appender.install.snapshot.enabled = false (custom)
2019-09-04 10:53:28,822 [pool-52-thread-1] INFO  impl.RaftServerImpl (ServerState.java:<init>(105)) - 62e5f997-7b2b-4c16-a01e-f3c1b112aa41:group-8285C47E6ECA ConfigurationManager, init=-1: [ba98d9f7-02c4-42fb-b8dd-ebf3dfd1e142:192.168.5.153:36418, 62e5f997-7b2b-4c16-a01e-f3c1b112aa41:192.168.5.153:43680, 16a4e2e6-922e-4a72-a727-c7c5b81abb01:192.168.5.153:32852], old=null, confs=<EMPTY_MAP>
2019-09-04 10:53:28,822 [pool-52-thread-1] INFO  server.RaftServerConfigKeys (ConfUtils.java:logGet(43)) - raft.server.storage.dir = [/workdir/hadoop-ozone/integration-test/target/test-dir/MiniOzoneClusterImpl-999c628a-643f-418b-8827-32df467d0f6c/datanode-2/data/ratis] (custom)
2019-09-04 10:53:28,823 [pool-52-thread-1] INFO  storage.RaftStorageDirectory (RaftStorageDirectory.java:analyzeStorage(246)) - The storage directory /workdir/hadoop-ozone/integration-test/target/test-dir/MiniOzoneClusterImpl-999c628a-643f-418b-8827-32df467d0f6c/datanode-2/data/ratis/57317067-d2da-4149-a1e7-8285c47e6eca does not exist. Creating ...
2019-09-04 10:53:29,807 [Thread-199] INFO  impl.FollowerState (FollowerState.java:run(106)) - 62e5f997-7b2b-4c16-a01e-f3c1b112aa41:group-53D662A7456B changes to CANDIDATE, lastRpcTime:5094, electionTimeout:5094ms
2019-09-04 10:53:29,809 [Thread-199] INFO  impl.RoleInfo (RoleInfo.java:shutdownFollowerState(121)) - 62e5f997-7b2b-4c16-a01e-f3c1b112aa41: shutdown FollowerState
2019-09-04 10:53:29,809 [Thread-199] INFO  impl.RaftServerImpl (RaftServerImpl.java:setRole(171)) - 62e5f997-7b2b-4c16-a01e-f3c1b112aa41:group-53D662A7456B changes role from FOLLOWER to CANDIDATE at term 0 for changeToCandidate
2019-09-04 10:53:29,809 [Thread-199] INFO  impl.RoleInfo (RoleInfo.java:updateAndGet(143)) - 62e5f997-7b2b-4c16-a01e-f3c1b112aa41: start LeaderElection
2019-09-04 10:53:30,424 [pool-52-thread-1] INFO  storage.RaftStorageDirectory (RaftStorageDirectory.java:tryLock(328)) - Lock on /workdir/hadoop-ozone/integration-test/target/test-dir/MiniOzoneClusterImpl-999c628a-643f-418b-8827-32df467d0f6c/datanode-2/data/ratis/57317067-d2da-4149-a1e7-8285c47e6eca/in_use.lock acquired by nodename 22605@pr-hdds-1982-decom-states-67zng-3388626213
2019-09-04 10:53:30,450 [RATISCREATEPIPELINE2] ERROR pipeline.RatisPipelineProvider (RatisPipelineProvider.java:lambda$null$5(236)) - Failed invoke Ratis rpc org.apache.hadoop.hdds.scm.pipeline.RatisPipelineProvider$$Lambda$298/1615551774@1d8eb164 for ba98d9f7-02c4-42fb-b8dd-ebf3dfd1e142
org.apache.ratis.protocol.TimeoutIOException: deadline exceeded after 2999754680ns
	at org.apache.ratis.grpc.GrpcUtil.tryUnwrapException(GrpcUtil.java:82)
	at org.apache.ratis.grpc.GrpcUtil.unwrapException(GrpcUtil.java:75)
	at org.apache.ratis.grpc.client.GrpcClientProtocolClient.blockingCall(GrpcClientProtocolClient.java:169)
	at org.apache.ratis.grpc.client.GrpcClientProtocolClient.groupAdd(GrpcClientProtocolClient.java:138)
	at org.apache.ratis.grpc.client.GrpcClientRpc.sendRequest(GrpcClientRpc.java:94)
	at org.apache.ratis.client.impl.RaftClientImpl.sendRequest(RaftClientImpl.java:279)
	at org.apache.ratis.client.impl.RaftClientImpl.groupAdd(RaftClientImpl.java:206)
	at org.apache.hadoop.hdds.scm.pipeline.RatisPipelineProvider.lambda$initializePipeline$4(RatisPipelineProvider.java:195)
	at org.apache.hadoop.hdds.scm.pipeline.RatisPipelineProvider.lambda$null$5(RatisPipelineProvider.java:232)
	at java.util.stream.ForEachOps$ForEachOp$OfRef.accept(ForEachOps.java:184)
	at java.util.ArrayList$ArrayListSpliterator.forEachRemaining(ArrayList.java:1382)
	at java.util.stream.AbstractPipeline.copyInto(AbstractPipeline.java:482)
	at java.util.stream.ForEachOps$ForEachTask.compute(ForEachOps.java:291)
	at java.util.concurrent.CountedCompleter.exec(CountedCompleter.java:731)
	at java.util.concurrent.ForkJoinTask.doExec(ForkJoinTask.java:289)
	at java.util.concurrent.ForkJoinPool$WorkQueue.runTask(ForkJoinPool.java:1056)
	at java.util.concurrent.ForkJoinPool.runWorker(ForkJoinPool.java:1692)
	at java.util.concurrent.ForkJoinWorkerThread.run(ForkJoinWorkerThread.java:157)
Caused by: org.apache.ratis.thirdparty.io.grpc.StatusRuntimeException: DEADLINE_EXCEEDED: deadline exceeded after 2999754680ns
	at org.apache.ratis.thirdparty.io.grpc.stub.ClientCalls.toStatusRuntimeException(ClientCalls.java:233)
	at org.apache.ratis.thirdparty.io.grpc.stub.ClientCalls.getUnchecked(ClientCalls.java:214)
	at org.apache.ratis.thirdparty.io.grpc.stub.ClientCalls.blockingUnaryCall(ClientCalls.java:139)
	at org.apache.ratis.proto.grpc.AdminProtocolServiceGrpc$AdminProtocolServiceBlockingStub.groupManagement(AdminProtocolServiceGrpc.java:274)
	at org.apache.ratis.grpc.client.GrpcClientProtocolClient.lambda$groupAdd$3(GrpcClientProtocolClient.java:140)
	at org.apache.ratis.grpc.client.GrpcClientProtocolClient.blockingCall(GrpcClientProtocolClient.java:167)
	... 15 more
2019-09-04 10:53:30,454 [RATISCREATEPIPELINE3] ERROR pipeline.RatisPipelineProvider (RatisPipelineProvider.java:lambda$null$5(236)) - Failed invoke Ratis rpc org.apache.hadoop.hdds.scm.pipeline.RatisPipelineProvider$$Lambda$298/1615551774@1d8eb164 for 62e5f997-7b2b-4c16-a01e-f3c1b112aa41
org.apache.ratis.protocol.TimeoutIOException: deadline exceeded after 2999623916ns
	at org.apache.ratis.grpc.GrpcUtil.tryUnwrapException(GrpcUtil.java:82)
	at org.apache.ratis.grpc.GrpcUtil.unwrapException(GrpcUtil.java:75)
	at org.apache.ratis.grpc.client.GrpcClientProtocolClient.blockingCall(GrpcClientProtocolClient.java:169)
	at org.apache.ratis.grpc.client.GrpcClientProtocolClient.groupAdd(GrpcClientProtocolClient.java:138)
	at org.apache.ratis.grpc.client.GrpcClientRpc.sendRequest(GrpcClientRpc.java:94)
	at org.apache.ratis.client.impl.RaftClientImpl.sendRequest(RaftClientImpl.java:279)
	at org.apache.ratis.client.impl.RaftClientImpl.groupAdd(RaftClientImpl.java:206)
	at org.apache.hadoop.hdds.scm.pipeline.RatisPipelineProvider.lambda$initializePipeline$4(RatisPipelineProvider.java:195)
	at org.apache.hadoop.hdds.scm.pipeline.RatisPipelineProvider.lambda$null$5(RatisPipelineProvider.java:232)
	at java.util.stream.ForEachOps$ForEachOp$OfRef.accept(ForEachOps.java:184)
	at java.util.ArrayList$ArrayListSpliterator.forEachRemaining(ArrayList.java:1382)
	at java.util.stream.AbstractPipeline.copyInto(AbstractPipeline.java:482)
	at java.util.stream.ForEachOps$ForEachTask.compute(ForEachOps.java:291)
	at java.util.concurrent.CountedCompleter.exec(CountedCompleter.java:731)
	at java.util.concurrent.ForkJoinTask.doExec(ForkJoinTask.java:289)
	at java.util.concurrent.ForkJoinPool$WorkQueue.runTask(ForkJoinPool.java:1056)
	at java.util.concurrent.ForkJoinPool.runWorker(ForkJoinPool.java:1692)
	at java.util.concurrent.ForkJoinWorkerThread.run(ForkJoinWorkerThread.java:157)
Caused by: org.apache.ratis.thirdparty.io.grpc.StatusRuntimeException: DEADLINE_EXCEEDED: deadline exceeded after 2999623916ns
	at org.apache.ratis.thirdparty.io.grpc.stub.ClientCalls.toStatusRuntimeException(ClientCalls.java:233)
	at org.apache.ratis.thirdparty.io.grpc.stub.ClientCalls.getUnchecked(ClientCalls.java:214)
	at org.apache.ratis.thirdparty.io.grpc.stub.ClientCalls.blockingUnaryCall(ClientCalls.java:139)
	at org.apache.ratis.proto.grpc.AdminProtocolServiceGrpc$AdminProtocolServiceBlockingStub.groupManagement(AdminProtocolServiceGrpc.java:274)
	at org.apache.ratis.grpc.client.GrpcClientProtocolClient.lambda$groupAdd$3(GrpcClientProtocolClient.java:140)
	at org.apache.ratis.grpc.client.GrpcClientProtocolClient.blockingCall(GrpcClientProtocolClient.java:167)
	... 15 more
2019-09-04 10:53:30,454 [RATISCREATEPIPELINE1] ERROR pipeline.RatisPipelineProvider (RatisPipelineProvider.java:lambda$null$5(236)) - Failed invoke Ratis rpc org.apache.hadoop.hdds.scm.pipeline.RatisPipelineProvider$$Lambda$298/1615551774@1d8eb164 for 16a4e2e6-922e-4a72-a727-c7c5b81abb01
org.apache.ratis.protocol.TimeoutIOException: deadline exceeded after 2998247502ns
	at org.apache.ratis.grpc.GrpcUtil.tryUnwrapException(GrpcUtil.java:82)
	at org.apache.ratis.grpc.GrpcUtil.unwrapException(GrpcUtil.java:75)
	at org.apache.ratis.grpc.client.GrpcClientProtocolClient.blockingCall(GrpcClientProtocolClient.java:169)
	at org.apache.ratis.grpc.client.GrpcClientProtocolClient.groupAdd(GrpcClientProtocolClient.java:138)
	at org.apache.ratis.grpc.client.GrpcClientRpc.sendRequest(GrpcClientRpc.java:94)
	at org.apache.ratis.client.impl.RaftClientImpl.sendRequest(RaftClientImpl.java:279)
	at org.apache.ratis.client.impl.RaftClientImpl.groupAdd(RaftClientImpl.java:206)
	at org.apache.hadoop.hdds.scm.pipeline.RatisPipelineProvider.lambda$initializePipeline$4(RatisPipelineProvider.java:195)
	at org.apache.hadoop.hdds.scm.pipeline.RatisPipelineProvider.lambda$null$5(RatisPipelineProvider.java:232)
	at java.util.stream.ForEachOps$ForEachOp$OfRef.accept(ForEachOps.java:184)
	at java.util.ArrayList$ArrayListSpliterator.forEachRemaining(ArrayList.java:1382)
	at java.util.stream.AbstractPipeline.copyInto(AbstractPipeline.java:482)
	at java.util.stream.ForEachOps$ForEachTask.compute(ForEachOps.java:291)
	at java.util.concurrent.CountedCompleter.exec(CountedCompleter.java:731)
	at java.util.concurrent.ForkJoinTask.doExec(ForkJoinTask.java:289)
	at java.util.concurrent.ForkJoinTask.doInvoke(ForkJoinTask.java:401)
	at java.util.concurrent.ForkJoinTask.invoke(ForkJoinTask.java:734)
	at java.util.stream.ForEachOps$ForEachOp.evaluateParallel(ForEachOps.java:160)
	at java.util.stream.ForEachOps$ForEachOp$OfRef.evaluateParallel(ForEachOps.java:174)
	at java.util.stream.AbstractPipeline.evaluate(AbstractPipeline.java:233)
	at java.util.stream.ReferencePipeline.forEach(ReferencePipeline.java:418)
	at java.util.stream.ReferencePipeline$Head.forEach(ReferencePipeline.java:583)
	at org.apache.hadoop.hdds.scm.pipeline.RatisPipelineProvider.lambda$callRatisRpc$6(RatisPipelineProvider.java:226)
	at java.util.concurrent.ForkJoinTask$AdaptedRunnableAction.exec(ForkJoinTask.java:1386)
	at java.util.concurrent.ForkJoinTask.doExec(ForkJoinTask.java:289)
	at java.util.concurrent.ForkJoinPool$WorkQueue.runTask(ForkJoinPool.java:1056)
	at java.util.concurrent.ForkJoinPool.runWorker(ForkJoinPool.java:1692)
	at java.util.concurrent.ForkJoinWorkerThread.run(ForkJoinWorkerThread.java:157)
Caused by: org.apache.ratis.thirdparty.io.grpc.StatusRuntimeException: DEADLINE_EXCEEDED: deadline exceeded after 2998247502ns
	at org.apache.ratis.thirdparty.io.grpc.stub.ClientCalls.toStatusRuntimeException(ClientCalls.java:233)
	at org.apache.ratis.thirdparty.io.grpc.stub.ClientCalls.getUnchecked(ClientCalls.java:214)
	at org.apache.ratis.thirdparty.io.grpc.stub.ClientCalls.blockingUnaryCall(ClientCalls.java:139)
	at org.apache.ratis.proto.grpc.AdminProtocolServiceGrpc$AdminProtocolServiceBlockingStub.groupManagement(AdminProtocolServiceGrpc.java:274)
	at org.apache.ratis.grpc.client.GrpcClientProtocolClient.lambda$groupAdd$3(GrpcClientProtocolClient.java:140)
	at org.apache.ratis.grpc.client.GrpcClientProtocolClient.blockingCall(GrpcClientProtocolClient.java:167)
	... 25 more
2019-09-04 10:53:30,466 [IPC Server handler 19 on 40887] WARN  block.BlockManagerImpl (BlockManagerImpl.java:allocateBlock(192)) - Pipeline creation failed for type:RATIS factor:THREE. Retrying get pipelines call once.
org.apache.hadoop.io.MultipleIOException: 3 exceptions [java.io.IOException: Failed invoke Ratis rpc org.apache.hadoop.hdds.scm.pipeline.RatisPipelineProvider$$Lambda$298/1615551774@1d8eb164 for ba98d9f7-02c4-42fb-b8dd-ebf3dfd1e142, java.io.IOException: Failed invoke Ratis rpc org.apache.hadoop.hdds.scm.pipeline.RatisPipelineProvider$$Lambda$298/1615551774@1d8eb164 for 62e5f997-7b2b-4c16-a01e-f3c1b112aa41, java.io.IOException: Failed invoke Ratis rpc org.apache.hadoop.hdds.scm.pipeline.RatisPipelineProvider$$Lambda$298/1615551774@1d8eb164 for 16a4e2e6-922e-4a72-a727-c7c5b81abb01]
	at org.apache.hadoop.io.MultipleIOException.createIOException(MultipleIOException.java:53)
	at org.apache.hadoop.hdds.scm.pipeline.RatisPipelineProvider.callRatisRpc(RatisPipelineProvider.java:252)
	at org.apache.hadoop.hdds.scm.pipeline.RatisPipelineProvider.initializePipeline(RatisPipelineProvider.java:193)
	at org.apache.hadoop.hdds.scm.pipeline.RatisPipelineProvider.create(RatisPipelineProvider.java:162)
	at org.apache.hadoop.hdds.scm.pipeline.PipelineFactory.create(PipelineFactory.java:57)
	at org.apache.hadoop.hdds.scm.pipeline.SCMPipelineManager.createPipeline(SCMPipelineManager.java:151)
	at org.apache.hadoop.hdds.scm.block.BlockManagerImpl.allocateBlock(BlockManagerImpl.java:190)
	at org.apache.hadoop.hdds.scm.server.SCMBlockProtocolServer.allocateBlock(SCMBlockProtocolServer.java:182)
	at org.apache.hadoop.ozone.protocolPB.ScmBlockLocationProtocolServerSideTranslatorPB.allocateScmBlock(ScmBlockLocationProtocolServerSideTranslatorPB.java:183)
	at org.apache.hadoop.ozone.protocolPB.ScmBlockLocationProtocolServerSideTranslatorPB.processMessage(ScmBlockLocationProtocolServerSideTranslatorPB.java:141)
	at org.apache.hadoop.ozone.protocolPB.ScmBlockLocationProtocolServerSideTranslatorPB.send(ScmBlockLocationProtocolServerSideTranslatorPB.java:116)
	at org.apache.hadoop.hdds.protocol.proto.ScmBlockLocationProtocolProtos$ScmBlockLocationProtocolService$2.callBlockingMethod(ScmBlockLocationProtocolProtos.java:13157)
	at org.apache.hadoop.ipc.ProtobufRpcEngine$Server$ProtoBufRpcInvoker.call(ProtobufRpcEngine.java:524)
	at org.apache.hadoop.ipc.RPC$Server.call(RPC.java:1025)
	at org.apache.hadoop.ipc.Server$RpcCall.run(Server.java:876)
	at org.apache.hadoop.ipc.Server$RpcCall.run(Server.java:822)
	at java.security.AccessController.doPrivileged(Native Method)
	at javax.security.auth.Subject.doAs(Subject.java:422)
	at org.apache.hadoop.security.UserGroupInformation.doAs(UserGroupInformation.java:1730)
	at org.apache.hadoop.ipc.Server$Handler.run(Server.java:2682)
2019-09-04 10:53:30,467 [IPC Server handler 19 on 40887] INFO  block.BlockManagerImpl (BlockManagerImpl.java:allocateBlock(198)) - Could not find available pipeline of type:RATIS and factor:THREE even after retrying
2019-09-04 10:53:30,467 [IPC Server handler 19 on 40887] ERROR block.BlockManagerImpl (BlockManagerImpl.java:allocateBlock(222)) - Unable to allocate a block for the size: 4194304, type: RATIS, factor: THREE
2019-09-04 10:53:30,469 [main] ERROR io.BlockOutputStreamEntryPool (BlockOutputStreamEntryPool.java:allocateBlockIfNeeded(299)) - Try to allocate more blocks for write failed, already allocated 0 blocks for this write.
INTERNAL_ERROR org.apache.hadoop.ozone.om.exceptions.OMException: Allocated 0 blocks. Requested 1 blocks
	at org.apache.hadoop.ozone.om.protocolPB.OzoneManagerProtocolClientSideTranslatorPB.handleError(OzoneManagerProtocolClientSideTranslatorPB.java:725)
	at org.apache.hadoop.ozone.om.protocolPB.OzoneManagerProtocolClientSideTranslatorPB.allocateBlock(OzoneManagerProtocolClientSideTranslatorPB.java:757)
	at org.apache.hadoop.ozone.client.io.BlockOutputStreamEntryPool.allocateNewBlock(BlockOutputStreamEntryPool.java:248)
	at org.apache.hadoop.ozone.client.io.BlockOutputStreamEntryPool.allocateBlockIfNeeded(BlockOutputStreamEntryPool.java:296)
	at org.apache.hadoop.ozone.client.io.KeyOutputStream.handleWrite(KeyOutputStream.java:201)
	at org.apache.hadoop.ozone.client.io.KeyOutputStream.write(KeyOutputStream.java:193)
	at org.apache.hadoop.ozone.client.io.OzoneOutputStream.write(OzoneOutputStream.java:49)
	at org.apache.hadoop.ozone.client.rpc.TestOzoneRpcClientAbstract.uploadPart(TestOzoneRpcClientAbstract.java:2624)
	at org.apache.hadoop.ozone.client.rpc.TestOzoneRpcClientAbstract.doMultipartUpload(TestOzoneRpcClientAbstract.java:2567)
	at org.apache.hadoop.ozone.client.rpc.TestOzoneRpcClientAbstract.testMultipartUpload(TestOzoneRpcClientAbstract.java:1833)
	at sun.reflect.NativeMethodAccessorImpl.invoke0(Native Method)
	at sun.reflect.NativeMethodAccessorImpl.invoke(NativeMethodAccessorImpl.java:62)
	at sun.reflect.DelegatingMethodAccessorImpl.invoke(DelegatingMethodAccessorImpl.java:43)
	at java.lang.reflect.Method.invoke(Method.java:498)
	at org.junit.runners.model.FrameworkMethod$1.runReflectiveCall(FrameworkMethod.java:47)
	at org.junit.internal.runners.model.ReflectiveCallable.run(ReflectiveCallable.java:12)
	at org.junit.runners.model.FrameworkMethod.invokeExplosively(FrameworkMethod.java:44)
	at org.junit.internal.runners.statements.InvokeMethod.evaluate(InvokeMethod.java:17)
	at org.junit.runners.ParentRunner.runLeaf(ParentRunner.java:271)
	at org.junit.runners.BlockJUnit4ClassRunner.runChild(BlockJUnit4ClassRunner.java:70)
	at org.junit.runners.BlockJUnit4ClassRunner.runChild(BlockJUnit4ClassRunner.java:50)
	at org.junit.runners.ParentRunner$3.run(ParentRunner.java:238)
	at org.junit.runners.ParentRunner$1.schedule(ParentRunner.java:63)
	at org.junit.runners.ParentRunner.runChildren(ParentRunner.java:236)
	at org.junit.runners.ParentRunner.access$000(ParentRunner.java:53)
	at org.junit.runners.ParentRunner$2.evaluate(ParentRunner.java:229)
	at org.junit.internal.runners.statements.RunBefores.evaluate(RunBefores.java:26)
	at org.junit.internal.runners.statements.RunAfters.evaluate(RunAfters.java:27)
	at org.junit.runners.ParentRunner.run(ParentRunner.java:309)
	at org.apache.maven.surefire.junit4.JUnit4Provider.execute(JUnit4Provider.java:365)
	at org.apache.maven.surefire.junit4.JUnit4Provider.executeWithRerun(JUnit4Provider.java:273)
	at org.apache.maven.surefire.junit4.JUnit4Provider.executeTestSet(JUnit4Provider.java:238)
	at org.apache.maven.surefire.junit4.JUnit4Provider.invoke(JUnit4Provider.java:159)
	at org.apache.maven.surefire.booter.ForkedBooter.invokeProviderInSameClassLoader(ForkedBooter.java:384)
	at org.apache.maven.surefire.booter.ForkedBooter.runSuitesInProcess(ForkedBooter.java:345)
	at org.apache.maven.surefire.booter.ForkedBooter.execute(ForkedBooter.java:126)
	at org.apache.maven.surefire.booter.ForkedBooter.main(ForkedBooter.java:418)
]]></system-out>
  </testcase>
  <testcase name="testInitiateMultipartUploadWithReplicationInformationSet" classname="org.apache.hadoop.ozone.client.rpc.TestOzoneRpcClientWithRatis" time="0.984"/>
  <testcase name="testRenameKey" classname="org.apache.hadoop.ozone.client.rpc.TestOzoneRpcClientWithRatis" time="0.798"/>
  <testcase name="testCreateBucketWithVersioning" classname="org.apache.hadoop.ozone.client.rpc.TestOzoneRpcClientWithRatis" time="0.041"/>
  <testcase name="testCreateS3Bucket" classname="org.apache.hadoop.ozone.client.rpc.TestOzoneRpcClientWithRatis" time="0.031"/>
  <testcase name="testUploadPartOverrideWithStandAlone" classname="org.apache.hadoop.ozone.client.rpc.TestOzoneRpcClientWithRatis" time="0.273"/>
  <testcase name="testNativeAclsForKey" classname="org.apache.hadoop.ozone.client.rpc.TestOzoneRpcClientWithRatis" time="0.514"/>
  <testcase name="testAddBucketAcl" classname="org.apache.hadoop.ozone.client.rpc.TestOzoneRpcClientWithRatis" time="0.044"/>
  <testcase name="testReadKeyWithVerifyChecksumFlagDisable" classname="org.apache.hadoop.ozone.client.rpc.TestOzoneRpcClientWithRatis" time="0.498"/>
  <testcase name="testAclsAfterCallingSetBucketProperty" classname="org.apache.hadoop.ozone.client.rpc.TestOzoneRpcClientWithRatis" time="0.047"/>
  <testcase name="testListMultipartUploadParts" classname="org.apache.hadoop.ozone.client.rpc.TestOzoneRpcClientWithRatis" time="3.149"/>
  <testcase name="testNativeAclsForBucket" classname="org.apache.hadoop.ozone.client.rpc.TestOzoneRpcClientWithRatis" time="0.213"/>
  <testcase name="testPutKeyRatisThreeNodesParallel" classname="org.apache.hadoop.ozone.client.rpc.TestOzoneRpcClientWithRatis" time="0">
    <skipped message="Debug Jenkins Timeout"/>
  </testcase>
  <testcase name="testDeleteS3NonExistingBucket" classname="org.apache.hadoop.ozone.client.rpc.TestOzoneRpcClientWithRatis" time="0.007"/>
  <testcase name="testListPartsWithInvalidUploadID" classname="org.apache.hadoop.ozone.client.rpc.TestOzoneRpcClientWithRatis" time="0.032"/>
  <testcase name="testUploadPartOverrideWithRatis" classname="org.apache.hadoop.ozone.client.rpc.TestOzoneRpcClientWithRatis" time="11.939"/>
  <testcase name="testListBucket" classname="org.apache.hadoop.ozone.client.rpc.TestOzoneRpcClientWithRatis" time="0.456"/>
  <testcase name="testSetBucketStorageType" classname="org.apache.hadoop.ozone.client.rpc.TestOzoneRpcClientWithRatis" time="0.021"/>
  <testcase name="testGetKeyDetails" classname="org.apache.hadoop.ozone.client.rpc.TestOzoneRpcClientWithRatis" time="0.062"/>
  <testcase name="testNativeAclsForPrefix" classname="org.apache.hadoop.ozone.client.rpc.TestOzoneRpcClientWithRatis" time="0.228"/>
  <testcase name="testOMClientProxyProvider" classname="org.apache.hadoop.ozone.client.rpc.TestOzoneRpcClientWithRatis" time="0"/>
  <testcase name="testCreateBucketWithAllArgument" classname="org.apache.hadoop.ozone.client.rpc.TestOzoneRpcClientWithRatis" time="0.03"/>
  <testcase name="testRemoveBucketAcl" classname="org.apache.hadoop.ozone.client.rpc.TestOzoneRpcClientWithRatis" time="0.058"/>
  <testcase name="testNativeAclsForVolume" classname="org.apache.hadoop.ozone.client.rpc.TestOzoneRpcClientWithRatis" time="0.098"/>
  <testcase name="testDeleteS3Bucket" classname="org.apache.hadoop.ozone.client.rpc.TestOzoneRpcClientWithRatis" time="0.031"/>
  <testcase name="testCreateSecureS3Bucket" classname="org.apache.hadoop.ozone.client.rpc.TestOzoneRpcClientWithRatis" time="0.009"/>
  <testcase name="testMultipartUploadWithMissingParts" classname="org.apache.hadoop.ozone.client.rpc.TestOzoneRpcClientWithRatis" time="0.068"/>
  <testcase name="testListVolume" classname="org.apache.hadoop.ozone.client.rpc.TestOzoneRpcClientWithRatis" time="0">
    <skipped/>
  </testcase>
  <testcase name="testSetVolumeQuota" classname="org.apache.hadoop.ozone.client.rpc.TestOzoneRpcClientWithRatis" time="0.024"/>
  <testcase name="testDeleteBucket" classname="org.apache.hadoop.ozone.client.rpc.TestOzoneRpcClientWithRatis" time="0.032"/>
  <testcase name="testListKey" classname="org.apache.hadoop.ozone.client.rpc.TestOzoneRpcClientWithRatis" time="2.874"/>
  <testcase name="testListPartsInvalidPartMarker" classname="org.apache.hadoop.ozone.client.rpc.TestOzoneRpcClientWithRatis" time="0.022"/>
  <testcase name="testMultipartUploadWithPartsLessThanMinSize" classname="org.apache.hadoop.ozone.client.rpc.TestOzoneRpcClientWithRatis" time="0.139"/>
  <testcase name="testPutKeyRatisOneNode" classname="org.apache.hadoop.ozone.client.rpc.TestOzoneRpcClientWithRatis" time="0.986"/>
  <testcase name="testListS3Buckets" classname="org.apache.hadoop.ozone.client.rpc.TestOzoneRpcClientWithRatis" time="0.023"/>
  <testcase name="testAbortUploadSuccessWithParts" classname="org.apache.hadoop.ozone.client.rpc.TestOzoneRpcClientWithRatis" time="0.149"/>
  <testcase name="testListS3BucketsFail" classname="org.apache.hadoop.ozone.client.rpc.TestOzoneRpcClientWithRatis" time="0.003"/>
  <testcase name="testListMultipartUploadPartsWithContinuation" classname="org.apache.hadoop.ozone.client.rpc.TestOzoneRpcClientWithRatis" time="0.506"/>
  <testcase name="testListBucketsOnEmptyVolume" classname="org.apache.hadoop.ozone.client.rpc.TestOzoneRpcClientWithRatis" time="0.013"/>
  <testcase name="testCreateBucketWithStorageType" classname="org.apache.hadoop.ozone.client.rpc.TestOzoneRpcClientWithRatis" time="0.025"/>
  <testcase name="testRemoveBucketAclUsingRpcClientRemoveAcl" classname="org.apache.hadoop.ozone.client.rpc.TestOzoneRpcClientWithRatis" time="0.041"/>
  <testcase name="testDeleteKey" classname="org.apache.hadoop.ozone.client.rpc.TestOzoneRpcClientWithRatis" time="0.066"/>
  <testcase name="testDeleteVolume" classname="org.apache.hadoop.ozone.client.rpc.TestOzoneRpcClientWithRatis" time="0.021"/>
  <testcase name="testInvalidBucketCreation" classname="org.apache.hadoop.ozone.client.rpc.TestOzoneRpcClientWithRatis" time="0.013"/>
  <testcase name="testReadKeyWithVerifyChecksumFlagEnable" classname="org.apache.hadoop.ozone.client.rpc.TestOzoneRpcClientWithRatis" time="0.096"/>
  <testcase name="testAbortUploadSuccessWithOutAnyParts" classname="org.apache.hadoop.ozone.client.rpc.TestOzoneRpcClientWithRatis" time="0.015"/>
  <testcase name="testListPartsInvalidMaxParts" classname="org.apache.hadoop.ozone.client.rpc.TestOzoneRpcClientWithRatis" time="0.007"/>
  <testcase name="testSetBucketVersioning" classname="org.apache.hadoop.ozone.client.rpc.TestOzoneRpcClientWithRatis" time="0.058"/>
  <testcase name="testAbortUploadFail" classname="org.apache.hadoop.ozone.client.rpc.TestOzoneRpcClientWithRatis" time="0.042"/>
  <testcase name="testCreateS3BucketMapping" classname="org.apache.hadoop.ozone.client.rpc.TestOzoneRpcClientWithRatis" time="0.018"/>
  <testcase name="testMultipartUploadOverride" classname="org.apache.hadoop.ozone.client.rpc.TestOzoneRpcClientWithRatis" time="1.455"/>
  <testcase name="testValidateBlockLengthWithCommitKey" classname="org.apache.hadoop.ozone.client.rpc.TestOzoneRpcClientWithRatis" time="0.059"/>
  <testcase name="testMultipartUploadWithPartsMisMatchWithListSizeDifferent" classname="org.apache.hadoop.ozone.client.rpc.TestOzoneRpcClientWithRatis" time="0.056"/>
  <testcase name="testNoSuchUploadError" classname="org.apache.hadoop.ozone.client.rpc.TestOzoneRpcClientWithRatis" time="0.021"/>
  <testcase name="testPutKeyRatisThreeNodes" classname="org.apache.hadoop.ozone.client.rpc.TestOzoneRpcClientWithRatis" time="0.674"/>
  <testcase name="testListKeyOnEmptyBucket" classname="org.apache.hadoop.ozone.client.rpc.TestOzoneRpcClientWithRatis" time="0.014"/>
  <testcase name="testReadKeyWithCorruptedDataWithMutiNodes" classname="org.apache.hadoop.ozone.client.rpc.TestOzoneRpcClientWithRatis" time="0.105"/>
  <testcase name="testPutKey" classname="org.apache.hadoop.ozone.client.rpc.TestOzoneRpcClientWithRatis" time="0.445"/>
  <testcase name="testReadKeyWithCorruptedData" classname="org.apache.hadoop.ozone.client.rpc.TestOzoneRpcClientWithRatis" time="0.041"/>
  <testcase name="testCreateBucketWithAcls" classname="org.apache.hadoop.ozone.client.rpc.TestOzoneRpcClientWithRatis" time="0.009"/>
  <testcase name="testMultipartUploadWithPartsMisMatchWithIncorrectPartName" classname="org.apache.hadoop.ozone.client.rpc.TestOzoneRpcClientWithRatis" time="0.043"/>
  <testcase name="testCreateVolumeWithMetadata" classname="org.apache.hadoop.ozone.client.rpc.TestOzoneRpcClientWithRatis" time="0.012"/>
  <testcase name="testCreateBucketWithMetadata" classname="org.apache.hadoop.ozone.client.rpc.TestOzoneRpcClientWithRatis" time="0.029"/>
  <testcase name="testListPartsWithPartMarkerGreaterThanPartCount" classname="org.apache.hadoop.ozone.client.rpc.TestOzoneRpcClientWithRatis" time="0.166"/>
  <testcase name="testCreateBucket" classname="org.apache.hadoop.ozone.client.rpc.TestOzoneRpcClientWithRatis" time="0.027"/>
  <testcase name="testUploadPartWithNoOverride" classname="org.apache.hadoop.ozone.client.rpc.TestOzoneRpcClientWithRatis" time="0.104"/>
  <testcase name="testInitiateMultipartUploadWithDefaultReplication" classname="org.apache.hadoop.ozone.client.rpc.TestOzoneRpcClientWithRatis" time="0.043"/>
</testsuite>