<?xml version="1.0" encoding="UTF-8"?>
<testsuite xmlns:xsi="http://www.w3.org/2001/XMLSchema-instance" xsi:noNamespaceSchemaLocation="https://maven.apache.org/surefire/maven-surefire-plugin/xsd/surefire-test-report.xsd" name="org.apache.hadoop.ozone.client.rpc.TestWatchForCommit" time="249.427" tests="5" errors="1" skipped="0" failures="0">
  <properties>
    <property name="awt.toolkit" value="sun.awt.X11.XToolkit"/>
    <property name="file.encoding.pkg" value="sun.io"/>
    <property name="java.specification.version" value="1.8"/>
    <property name="sun.cpu.isalist" value=""/>
    <property name="sun.jnu.encoding" value="UTF-8"/>
    <property name="java.class.path" value="/workdir/hadoop-ozone/integration-test/target/test-classes:/workdir/hadoop-ozone/integration-test/target/classes:/home/user/.m2/repository/org/apache/hadoop/hadoop-ozone-common/0.5.0-SNAPSHOT/hadoop-ozone-common-0.5.0-SNAPSHOT.jar:/home/user/.m2/repository/org/apache/commons/commons-compress/1.4.1/commons-compress-1.4.1.jar:/home/user/.m2/repository/org/tukaani/xz/1.0/xz-1.0.jar:/home/user/.m2/repository/org/apache/hadoop/hadoop-common/3.2.0/hadoop-common-3.2.0.jar:/home/user/.m2/repository/org/apache/hadoop/hadoop-hdfs/3.2.0/hadoop-hdfs-3.2.0.jar:/home/user/.m2/repository/org/apache/hadoop/hadoop-hdfs-client/3.2.0/hadoop-hdfs-client-3.2.0.jar:/home/user/.m2/repository/com/fasterxml/jackson/core/jackson-annotations/2.9.5/jackson-annotations-2.9.5.jar:/home/user/.m2/repository/org/apache/hadoop/hadoop-hdds-common/0.5.0-SNAPSHOT/hadoop-hdds-common-0.5.0-SNAPSHOT.jar:/home/user/.m2/repository/javax/annotation/javax.annotation-api/1.2/javax.annotation-api-1.2.jar:/home/user/.m2/repository/org/apache/ratis/ratis-server/0.4.0-2337318-SNAPSHOT/ratis-server-0.4.0-2337318-SNAPSHOT.jar:/home/user/.m2/repository/org/apache/ratis/ratis-thirdparty-misc/0.2.0/ratis-thirdparty-misc-0.2.0.jar:/home/user/.m2/repository/org/apache/ratis/ratis-proto/0.4.0-2337318-SNAPSHOT/ratis-proto-0.4.0-2337318-SNAPSHOT.jar:/home/user/.m2/repository/org/apache/ratis/ratis-common/0.4.0-2337318-SNAPSHOT/ratis-common-0.4.0-2337318-SNAPSHOT.jar:/home/user/.m2/repository/org/apache/ratis/ratis-client/0.4.0-2337318-SNAPSHOT/ratis-client-0.4.0-2337318-SNAPSHOT.jar:/home/user/.m2/repository/org/apache/ratis/ratis-metrics/0.4.0-2337318-SNAPSHOT/ratis-metrics-0.4.0-2337318-SNAPSHOT.jar:/home/user/.m2/repository/org/apache/ratis/ratis-netty/0.4.0-2337318-SNAPSHOT/ratis-netty-0.4.0-2337318-SNAPSHOT.jar:/home/user/.m2/repository/org/apache/ratis/ratis-grpc/0.4.0-2337318-SNAPSHOT/ratis-grpc-0.4.0-2337318-SNAPSHOT.jar:/home/user/.m2/repository/org/rocksdb/rocksdbjni/6.0.1/rocksdbjni-6.0.1.jar:/home/user/.m2/repository/org/apache/logging/log4j/log4j-api/2.11.0/log4j-api-2.11.0.jar:/home/user/.m2/repository/org/apache/logging/log4j/log4j-core/2.11.0/log4j-core-2.11.0.jar:/home/user/.m2/repository/com/lmax/disruptor/3.4.2/disruptor-3.4.2.jar:/home/user/.m2/repository/org/apache/commons/commons-pool2/2.6.0/commons-pool2-2.6.0.jar:/home/user/.m2/repository/org/bouncycastle/bcpkix-jdk15on/1.60/bcpkix-jdk15on-1.60.jar:/home/user/.m2/repository/commons-validator/commons-validator/1.6/commons-validator-1.6.jar:/home/user/.m2/repository/commons-digester/commons-digester/1.8.1/commons-digester-1.8.1.jar:/home/user/.m2/repository/io/jaegertracing/jaeger-client/0.33.1/jaeger-client-0.33.1.jar:/home/user/.m2/repository/io/jaegertracing/jaeger-thrift/0.33.1/jaeger-thrift-0.33.1.jar:/home/user/.m2/repository/org/apache/thrift/libthrift/0.11.0/libthrift-0.11.0.jar:/home/user/.m2/repository/com/squareup/okhttp3/okhttp/3.9.0/okhttp-3.9.0.jar:/home/user/.m2/repository/com/squareup/okio/okio/1.13.0/okio-1.13.0.jar:/home/user/.m2/repository/io/jaegertracing/jaeger-core/0.33.1/jaeger-core-0.33.1.jar:/home/user/.m2/repository/io/jaegertracing/jaeger-tracerresolver/0.33.1/jaeger-tracerresolver-0.33.1.jar:/home/user/.m2/repository/io/opentracing/contrib/opentracing-tracerresolver/0.1.5/opentracing-tracerresolver-0.1.5.jar:/home/user/.m2/repository/io/opentracing/opentracing-util/0.31.0/opentracing-util-0.31.0.jar:/home/user/.m2/repository/io/opentracing/opentracing-api/0.31.0/opentracing-api-0.31.0.jar:/home/user/.m2/repository/io/opentracing/opentracing-noop/0.31.0/opentracing-noop-0.31.0.jar:/home/user/.m2/repository/org/apache/hadoop/hadoop-hdds-server-framework/0.5.0-SNAPSHOT/hadoop-hdds-server-framework-0.5.0-SNAPSHOT.jar:/home/user/.m2/repository/org/apache/hadoop/hadoop-hdds-container-service/0.5.0-SNAPSHOT/hadoop-hdds-container-service-0.5.0-SNAPSHOT.jar:/home/user/.m2/repository/org/apache/hadoop/hadoop-hdds-client/0.5.0-SNAPSHOT/hadoop-hdds-client-0.5.0-SNAPSHOT.jar:/home/user/.m2/repository/org/apache/hadoop/hadoop-hdds-tools/0.5.0-SNAPSHOT/hadoop-hdds-tools-0.5.0-SNAPSHOT.jar:/home/user/.m2/repository/org/apache/hadoop/hadoop-hdds-server-scm/0.5.0-SNAPSHOT/hadoop-hdds-server-scm-0.5.0-SNAPSHOT.jar:/home/user/.m2/repository/org/apache/hadoop/hadoop-hdds-docs/0.5.0-SNAPSHOT/hadoop-hdds-docs-0.5.0-SNAPSHOT.jar:/home/user/.m2/repository/io/dropwizard/metrics/metrics-core/3.2.4/metrics-core-3.2.4.jar:/home/user/.m2/repository/org/hamcrest/hamcrest-all/1.3/hamcrest-all-1.3.jar:/home/user/.m2/repository/org/bouncycastle/bcprov-jdk15on/1.60/bcprov-jdk15on-1.60.jar:/home/user/.m2/repository/info/picocli/picocli/3.9.6/picocli-3.9.6.jar:/home/user/.m2/repository/com/google/protobuf/protobuf-java/2.5.0/protobuf-java-2.5.0.jar:/home/user/.m2/repository/com/google/guava/guava/11.0.2/guava-11.0.2.jar:/home/user/.m2/repository/org/apache/hadoop/hadoop-ozone-ozone-manager/0.5.0-SNAPSHOT/hadoop-ozone-ozone-manager-0.5.0-SNAPSHOT.jar:/home/user/.m2/repository/org/apache/hadoop/hadoop-minikdc/3.2.0/hadoop-minikdc-3.2.0.jar:/home/user/.m2/repository/commons-io/commons-io/2.5/commons-io-2.5.jar:/home/user/.m2/repository/org/apache/kerby/kerb-simplekdc/1.0.1/kerb-simplekdc-1.0.1.jar:/home/user/.m2/repository/org/apache/kerby/kerb-client/1.0.1/kerb-client-1.0.1.jar:/home/user/.m2/repository/org/apache/kerby/kerby-config/1.0.1/kerby-config-1.0.1.jar:/home/user/.m2/repository/org/apache/kerby/kerb-core/1.0.1/kerb-core-1.0.1.jar:/home/user/.m2/repository/org/apache/kerby/kerby-pkix/1.0.1/kerby-pkix-1.0.1.jar:/home/user/.m2/repository/org/apache/kerby/kerby-asn1/1.0.1/kerby-asn1-1.0.1.jar:/home/user/.m2/repository/org/apache/kerby/kerby-util/1.0.1/kerby-util-1.0.1.jar:/home/user/.m2/repository/org/apache/kerby/kerb-common/1.0.1/kerb-common-1.0.1.jar:/home/user/.m2/repository/org/apache/kerby/kerb-crypto/1.0.1/kerb-crypto-1.0.1.jar:/home/user/.m2/repository/org/apache/kerby/kerb-util/1.0.1/kerb-util-1.0.1.jar:/home/user/.m2/repository/org/apache/kerby/token-provider/1.0.1/token-provider-1.0.1.jar:/home/user/.m2/repository/org/apache/kerby/kerb-admin/1.0.1/kerb-admin-1.0.1.jar:/home/user/.m2/repository/org/apache/kerby/kerb-server/1.0.1/kerb-server-1.0.1.jar:/home/user/.m2/repository/org/apache/kerby/kerb-identity/1.0.1/kerb-identity-1.0.1.jar:/home/user/.m2/repository/org/apache/kerby/kerby-xdr/1.0.1/kerby-xdr-1.0.1.jar:/home/user/.m2/repository/org/slf4j/slf4j-log4j12/1.7.25/slf4j-log4j12-1.7.25.jar:/home/user/.m2/repository/org/apache/hadoop/hadoop-ozone-s3gateway/0.5.0-SNAPSHOT/hadoop-ozone-s3gateway-0.5.0-SNAPSHOT.jar:/home/user/.m2/repository/org/jboss/weld/servlet/weld-servlet/2.4.7.Final/weld-servlet-2.4.7.Final.jar:/home/user/.m2/repository/org/glassfish/jersey/containers/jersey-container-servlet-core/2.27/jersey-container-servlet-core-2.27.jar:/home/user/.m2/repository/org/glassfish/hk2/external/javax.inject/2.5.0-b42/javax.inject-2.5.0-b42.jar:/home/user/.m2/repository/org/glassfish/jersey/core/jersey-common/2.27/jersey-common-2.27.jar:/home/user/.m2/repository/org/glassfish/hk2/osgi-resource-locator/1.0.1/osgi-resource-locator-1.0.1.jar:/home/user/.m2/repository/javax/ws/rs/javax.ws.rs-api/2.1/javax.ws.rs-api-2.1.jar:/home/user/.m2/repository/org/glassfish/jersey/ext/cdi/jersey-cdi1x/2.27/jersey-cdi1x-2.27.jar:/home/user/.m2/repository/org/glassfish/jersey/inject/jersey-hk2/2.27/jersey-hk2-2.27.jar:/home/user/.m2/repository/org/glassfish/hk2/hk2-locator/2.5.0-b42/hk2-locator-2.5.0-b42.jar:/home/user/.m2/repository/org/javassist/javassist/3.22.0-CR2/javassist-3.22.0-CR2.jar:/home/user/.m2/repository/org/glassfish/hk2/hk2-api/2.5.0/hk2-api-2.5.0.jar:/home/user/.m2/repository/org/glassfish/hk2/external/jakarta.inject/2.5.0/jakarta.inject-2.5.0.jar:/home/user/.m2/repository/org/glassfish/hk2/hk2-utils/2.5.0/hk2-utils-2.5.0.jar:/home/user/.m2/repository/jakarta/annotation/jakarta.annotation-api/1.3.4/jakarta.annotation-api-1.3.4.jar:/home/user/.m2/repository/org/glassfish/hk2/external/aopalliance-repackaged/2.5.0/aopalliance-repackaged-2.5.0.jar:/home/user/.m2/repository/com/fasterxml/jackson/dataformat/jackson-dataformat-xml/2.9.0/jackson-dataformat-xml-2.9.0.jar:/home/user/.m2/repository/com/fasterxml/jackson/core/jackson-core/2.9.5/jackson-core-2.9.5.jar:/home/user/.m2/repository/com/fasterxml/jackson/module/jackson-module-jaxb-annotations/2.9.5/jackson-module-jaxb-annotations-2.9.5.jar:/home/user/.m2/repository/javax/enterprise/cdi-api/1.2/cdi-api-1.2.jar:/home/user/.m2/repository/javax/el/javax.el-api/3.0.0/javax.el-api-3.0.0.jar:/home/user/.m2/repository/javax/interceptor/javax.interceptor-api/1.2/javax.interceptor-api-1.2.jar:/home/user/.m2/repository/javax/inject/javax.inject/1/javax.inject-1.jar:/home/user/.m2/repository/com/sun/xml/bind/jaxb-impl/2.3.0.1/jaxb-impl-2.3.0.1.jar:/home/user/.m2/repository/com/sun/xml/bind/jaxb-core/2.3.0.1/jaxb-core-2.3.0.1.jar:/home/user/.m2/repository/javax/xml/bind/jaxb-api/2.3.0/jaxb-api-2.3.0.jar:/home/user/.m2/repository/javax/activation/activation/1.1.1/activation-1.1.1.jar:/home/user/.m2/repository/org/apache/hadoop/hadoop-ozone-csi/0.5.0-SNAPSHOT/hadoop-ozone-csi-0.5.0-SNAPSHOT.jar:/home/user/.m2/repository/com/google/protobuf/protobuf-java-util/3.5.1/protobuf-java-util-3.5.1.jar:/home/user/.m2/repository/org/apache/hadoop/hadoop-hdds-config/0.5.0-SNAPSHOT/hadoop-hdds-config-0.5.0-SNAPSHOT.jar:/home/user/.m2/repository/io/grpc/grpc-netty/1.17.1/grpc-netty-1.17.1.jar:/home/user/.m2/repository/io/grpc/grpc-core/1.17.1/grpc-core-1.17.1.jar:/home/user/.m2/repository/io/grpc/grpc-context/1.17.1/grpc-context-1.17.1.jar:/home/user/.m2/repository/com/google/errorprone/error_prone_annotations/2.2.0/error_prone_annotations-2.2.0.jar:/home/user/.m2/repository/org/codehaus/mojo/animal-sniffer-annotations/1.17/animal-sniffer-annotations-1.17.jar:/home/user/.m2/repository/io/opencensus/opencensus-api/0.17.0/opencensus-api-0.17.0.jar:/home/user/.m2/repository/io/opencensus/opencensus-contrib-grpc-metrics/0.17.0/opencensus-contrib-grpc-metrics-0.17.0.jar:/home/user/.m2/repository/io/netty/netty-codec-http2/4.1.30.Final/netty-codec-http2-4.1.30.Final.jar:/home/user/.m2/repository/io/netty/netty-codec-http/4.1.30.Final/netty-codec-http-4.1.30.Final.jar:/home/user/.m2/repository/io/netty/netty-codec/4.1.30.Final/netty-codec-4.1.30.Final.jar:/home/user/.m2/repository/io/netty/netty-handler/4.1.30.Final/netty-handler-4.1.30.Final.jar:/home/user/.m2/repository/io/netty/netty-handler-proxy/4.1.30.Final/netty-handler-proxy-4.1.30.Final.jar:/home/user/.m2/repository/io/netty/netty-codec-socks/4.1.30.Final/netty-codec-socks-4.1.30.Final.jar:/home/user/.m2/repository/io/netty/netty-transport-native-epoll/4.1.30.Final/netty-transport-native-epoll-4.1.30.Final.jar:/home/user/.m2/repository/io/netty/netty-common/4.1.30.Final/netty-common-4.1.30.Final.jar:/home/user/.m2/repository/io/netty/netty-buffer/4.1.30.Final/netty-buffer-4.1.30.Final.jar:/home/user/.m2/repository/io/netty/netty-transport/4.1.30.Final/netty-transport-4.1.30.Final.jar:/home/user/.m2/repository/io/netty/netty-resolver/4.1.30.Final/netty-resolver-4.1.30.Final.jar:/home/user/.m2/repository/io/netty/netty-transport-native-unix-common/4.1.30.Final/netty-transport-native-unix-common-4.1.30.Final.jar:/home/user/.m2/repository/io/grpc/grpc-protobuf/1.17.1/grpc-protobuf-1.17.1.jar:/home/user/.m2/repository/com/google/api/grpc/proto-google-common-protos/1.0.0/proto-google-common-protos-1.0.0.jar:/home/user/.m2/repository/io/grpc/grpc-protobuf-lite/1.17.1/grpc-protobuf-lite-1.17.1.jar:/home/user/.m2/repository/io/grpc/grpc-stub/1.17.1/grpc-stub-1.17.1.jar:/home/user/.m2/repository/org/apache/hadoop/hadoop-ozone-recon/0.5.0-SNAPSHOT/hadoop-ozone-recon-0.5.0-SNAPSHOT.jar:/home/user/.m2/repository/org/apache/hadoop/hadoop-ozone-reconcodegen/0.5.0-SNAPSHOT/hadoop-ozone-reconcodegen-0.5.0-SNAPSHOT.jar:/home/user/.m2/repository/com/google/inject/extensions/guice-multibindings/4.0/guice-multibindings-4.0.jar:/home/user/.m2/repository/com/google/inject/guice/4.0/guice-4.0.jar:/home/user/.m2/repository/aopalliance/aopalliance/1.0/aopalliance-1.0.jar:/home/user/.m2/repository/com/google/inject/extensions/guice-servlet/4.0/guice-servlet-4.0.jar:/home/user/.m2/repository/org/glassfish/jersey/containers/jersey-container-servlet/2.27/jersey-container-servlet-2.27.jar:/home/user/.m2/repository/org/glassfish/hk2/guice-bridge/2.5.0/guice-bridge-2.5.0.jar:/home/user/.m2/repository/org/glassfish/jersey/core/jersey-server/2.27/jersey-server-2.27.jar:/home/user/.m2/repository/org/glassfish/jersey/core/jersey-client/2.27/jersey-client-2.27.jar:/home/user/.m2/repository/org/glassfish/jersey/media/jersey-media-jaxb/2.27/jersey-media-jaxb-2.27.jar:/home/user/.m2/repository/javax/validation/validation-api/1.1.0.Final/validation-api-1.1.0.Final.jar:/home/user/.m2/repository/org/glassfish/jersey/media/jersey-media-json-jackson/2.27/jersey-media-json-jackson-2.27.jar:/home/user/.m2/repository/org/glassfish/jersey/ext/jersey-entity-filtering/2.27/jersey-entity-filtering-2.27.jar:/home/user/.m2/repository/com/google/inject/extensions/guice-assistedinject/4.0/guice-assistedinject-4.0.jar:/home/user/.m2/repository/org/jooq/jooq/3.11.10/jooq-3.11.10.jar:/home/user/.m2/repository/org/jooq/jooq-meta/3.11.10/jooq-meta-3.11.10.jar:/home/user/.m2/repository/org/jooq/jooq-codegen/3.11.10/jooq-codegen-3.11.10.jar:/home/user/.m2/repository/com/jolbox/bonecp/0.8.0.RELEASE/bonecp-0.8.0.RELEASE.jar:/home/user/.m2/repository/org/xerial/sqlite-jdbc/3.25.2/sqlite-jdbc-3.25.2.jar:/home/user/.m2/repository/org/springframework/spring-jdbc/5.1.3.RELEASE/spring-jdbc-5.1.3.RELEASE.jar:/home/user/.m2/repository/org/springframework/spring-beans/5.1.3.RELEASE/spring-beans-5.1.3.RELEASE.jar:/home/user/.m2/repository/org/springframework/spring-core/5.1.3.RELEASE/spring-core-5.1.3.RELEASE.jar:/home/user/.m2/repository/org/springframework/spring-jcl/5.1.3.RELEASE/spring-jcl-5.1.3.RELEASE.jar:/home/user/.m2/repository/org/springframework/spring-tx/5.1.3.RELEASE/spring-tx-5.1.3.RELEASE.jar:/home/user/.m2/repository/org/apache/hadoop/hadoop-ozone-client/0.5.0-SNAPSHOT/hadoop-ozone-client-0.5.0-SNAPSHOT.jar:/home/user/.m2/repository/commons-lang/commons-lang/2.6/commons-lang-2.6.jar:/home/user/.m2/repository/org/apache/hadoop/hadoop-ozone-ozone-manager/0.5.0-SNAPSHOT/hadoop-ozone-ozone-manager-0.5.0-SNAPSHOT-tests.jar:/home/user/.m2/repository/junit/junit/4.11/junit-4.11.jar:/home/user/.m2/repository/org/hamcrest/hamcrest-core/1.3/hamcrest-core-1.3.jar:/home/user/.m2/repository/org/openjdk/jmh/jmh-core/1.19/jmh-core-1.19.jar:/home/user/.m2/repository/net/sf/jopt-simple/jopt-simple/4.6/jopt-simple-4.6.jar:/home/user/.m2/repository/org/apache/commons/commons-math3/3.1.1/commons-math3-3.1.1.jar:/home/user/.m2/repository/org/openjdk/jmh/jmh-generator-annprocess/1.19/jmh-generator-annprocess-1.19.jar:/home/user/.m2/repository/org/mockito/mockito-all/1.8.5/mockito-all-1.8.5.jar:/home/user/.m2/repository/org/apache/hadoop/hadoop-kms/3.2.0/hadoop-kms-3.2.0.jar:/home/user/.m2/repository/org/apache/hadoop/hadoop-auth/3.2.0/hadoop-auth-3.2.0.jar:/home/user/.m2/repository/com/nimbusds/nimbus-jose-jwt/4.41.1/nimbus-jose-jwt-4.41.1.jar:/home/user/.m2/repository/com/github/stephenc/jcip/jcip-annotations/1.0-1/jcip-annotations-1.0-1.jar:/home/user/.m2/repository/net/minidev/json-smart/2.3/json-smart-2.3.jar:/home/user/.m2/repository/net/minidev/accessors-smart/1.2/accessors-smart-1.2.jar:/home/user/.m2/repository/org/ow2/asm/asm/5.0.4/asm-5.0.4.jar:/home/user/.m2/repository/org/apache/curator/curator-framework/2.12.0/curator-framework-2.12.0.jar:/home/user/.m2/repository/com/sun/jersey/jersey-core/1.19/jersey-core-1.19.jar:/home/user/.m2/repository/javax/ws/rs/jsr311-api/1.1.1/jsr311-api-1.1.1.jar:/home/user/.m2/repository/com/sun/jersey/jersey-server/1.19/jersey-server-1.19.jar:/home/user/.m2/repository/javax/servlet/javax.servlet-api/3.1.0/javax.servlet-api-3.1.0.jar:/home/user/.m2/repository/org/eclipse/jetty/jetty-server/9.3.24.v20180605/jetty-server-9.3.24.v20180605.jar:/home/user/.m2/repository/org/eclipse/jetty/jetty-http/9.3.24.v20180605/jetty-http-9.3.24.v20180605.jar:/home/user/.m2/repository/org/eclipse/jetty/jetty-io/9.3.24.v20180605/jetty-io-9.3.24.v20180605.jar:/home/user/.m2/repository/org/eclipse/jetty/jetty-webapp/9.3.24.v20180605/jetty-webapp-9.3.24.v20180605.jar:/home/user/.m2/repository/org/eclipse/jetty/jetty-xml/9.3.24.v20180605/jetty-xml-9.3.24.v20180605.jar:/home/user/.m2/repository/log4j/log4j/1.2.17/log4j-1.2.17.jar:/home/user/.m2/repository/org/slf4j/slf4j-api/1.7.25/slf4j-api-1.7.25.jar:/home/user/.m2/repository/org/slf4j/jul-to-slf4j/1.7.25/jul-to-slf4j-1.7.25.jar:/home/user/.m2/repository/org/eclipse/jetty/jetty-util/9.3.24.v20180605/jetty-util-9.3.24.v20180605.jar:/home/user/.m2/repository/com/fasterxml/jackson/core/jackson-databind/2.9.5/jackson-databind-2.9.5.jar:/home/user/.m2/repository/org/apache/hadoop/hadoop-kms/3.2.0/hadoop-kms-3.2.0-tests.jar:/home/user/.m2/repository/org/apache/hadoop/hadoop-hdds-server-scm/0.5.0-SNAPSHOT/hadoop-hdds-server-scm-0.5.0-SNAPSHOT-tests.jar:/home/user/.m2/repository/org/apache/hadoop/hadoop-hdds-container-service/0.5.0-SNAPSHOT/hadoop-hdds-container-service-0.5.0-SNAPSHOT-tests.jar:/home/user/.m2/repository/org/yaml/snakeyaml/1.16/snakeyaml-1.16.jar:/home/user/.m2/repository/org/apache/hadoop/hadoop-common/3.2.0/hadoop-common-3.2.0-tests.jar:/home/user/.m2/repository/org/apache/hadoop/hadoop-annotations/3.2.0/hadoop-annotations-3.2.0.jar:/usr/lib/jvm/java-1.8-openjdk/jre/../lib/tools.jar:/home/user/.m2/repository/commons-cli/commons-cli/1.2/commons-cli-1.2.jar:/home/user/.m2/repository/org/apache/httpcomponents/httpclient/4.5.2/httpclient-4.5.2.jar:/home/user/.m2/repository/org/apache/httpcomponents/httpcore/4.4.4/httpcore-4.4.4.jar:/home/user/.m2/repository/commons-codec/commons-codec/1.11/commons-codec-1.11.jar:/home/user/.m2/repository/commons-net/commons-net/3.6/commons-net-3.6.jar:/home/user/.m2/repository/commons-collections/commons-collections/3.2.2/commons-collections-3.2.2.jar:/home/user/.m2/repository/org/eclipse/jetty/jetty-servlet/9.3.24.v20180605/jetty-servlet-9.3.24.v20180605.jar:/home/user/.m2/repository/org/eclipse/jetty/jetty-security/9.3.24.v20180605/jetty-security-9.3.24.v20180605.jar:/home/user/.m2/repository/javax/servlet/jsp/jsp-api/2.1/jsp-api-2.1.jar:/home/user/.m2/repository/com/sun/jersey/jersey-servlet/1.19/jersey-servlet-1.19.jar:/home/user/.m2/repository/com/sun/jersey/jersey-json/1.19/jersey-json-1.19.jar:/home/user/.m2/repository/org/codehaus/jettison/jettison/1.1/jettison-1.1.jar:/home/user/.m2/repository/org/codehaus/jackson/jackson-core-asl/1.9.13/jackson-core-asl-1.9.13.jar:/home/user/.m2/repository/org/codehaus/jackson/jackson-mapper-asl/1.9.13/jackson-mapper-asl-1.9.13.jar:/home/user/.m2/repository/org/codehaus/jackson/jackson-jaxrs/1.9.13/jackson-jaxrs-1.9.13.jar:/home/user/.m2/repository/org/codehaus/jackson/jackson-xc/1.9.13/jackson-xc-1.9.13.jar:/home/user/.m2/repository/commons-logging/commons-logging/1.1.3/commons-logging-1.1.3.jar:/home/user/.m2/repository/commons-beanutils/commons-beanutils/1.9.3/commons-beanutils-1.9.3.jar:/home/user/.m2/repository/org/apache/commons/commons-configuration2/2.1.1/commons-configuration2-2.1.1.jar:/home/user/.m2/repository/org/apache/commons/commons-lang3/3.7/commons-lang3-3.7.jar:/home/user/.m2/repository/org/apache/commons/commons-text/1.4/commons-text-1.4.jar:/home/user/.m2/repository/org/apache/avro/avro/1.7.7/avro-1.7.7.jar:/home/user/.m2/repository/com/thoughtworks/paranamer/paranamer/2.3/paranamer-2.3.jar:/home/user/.m2/repository/org/xerial/snappy/snappy-java/1.0.5/snappy-java-1.0.5.jar:/home/user/.m2/repository/com/google/re2j/re2j/1.1/re2j-1.1.jar:/home/user/.m2/repository/com/google/code/gson/gson/2.2.4/gson-2.2.4.jar:/home/user/.m2/repository/com/jcraft/jsch/0.1.54/jsch-0.1.54.jar:/home/user/.m2/repository/org/apache/curator/curator-client/2.12.0/curator-client-2.12.0.jar:/home/user/.m2/repository/org/apache/curator/curator-recipes/2.12.0/curator-recipes-2.12.0.jar:/home/user/.m2/repository/com/google/code/findbugs/jsr305/3.0.0/jsr305-3.0.0.jar:/home/user/.m2/repository/org/apache/htrace/htrace-core4/4.1.0-incubating/htrace-core4-4.1.0-incubating.jar:/home/user/.m2/repository/org/apache/zookeeper/zookeeper/3.4.13/zookeeper-3.4.13.jar:/home/user/.m2/repository/org/apache/yetus/audience-annotations/0.5.0/audience-annotations-0.5.0.jar:/home/user/.m2/repository/org/codehaus/woodstox/stax2-api/3.1.4/stax2-api-3.1.4.jar:/home/user/.m2/repository/com/fasterxml/woodstox/woodstox-core/5.0.3/woodstox-core-5.0.3.jar:/home/user/.m2/repository/dnsjava/dnsjava/2.1.7/dnsjava-2.1.7.jar:/home/user/.m2/repository/org/apache/hadoop/hadoop-hdfs/3.2.0/hadoop-hdfs-3.2.0-tests.jar:/home/user/.m2/repository/org/eclipse/jetty/jetty-util-ajax/9.3.24.v20180605/jetty-util-ajax-9.3.24.v20180605.jar:/home/user/.m2/repository/commons-daemon/commons-daemon/1.0.13/commons-daemon-1.0.13.jar:/home/user/.m2/repository/io/netty/netty/3.10.5.Final/netty-3.10.5.Final.jar:/home/user/.m2/repository/io/netty/netty-all/4.0.52.Final/netty-all-4.0.52.Final.jar:/home/user/.m2/repository/org/fusesource/leveldbjni/leveldbjni-all/1.8/leveldbjni-all-1.8.jar:"/>
    <property name="java.vm.vendor" value="IcedTea"/>
    <property name="sun.arch.data.model" value="64"/>
    <property name="test.build.dir" value="/workdir/hadoop-ozone/integration-test/target/test-dir"/>
    <property name="test.cache.data" value=""/>
    <property name="java.vendor.url" value="https://icedtea.classpath.org"/>
    <property name="user.timezone" value=""/>
    <property name="java.vm.specification.version" value="1.8"/>
    <property name="os.name" value="Linux"/>
    <property name="test.build.data" value="/workdir/hadoop-ozone/integration-test/target/test-dir"/>
    <property name="user.country" value="US"/>
    <property name="sun.java.launcher" value="SUN_STANDARD"/>
    <property name="sun.boot.library.path" value="/usr/lib/jvm/java-1.8-openjdk/jre/lib/amd64"/>
    <property name="sun.java.command" value="/workdir/hadoop-ozone/integration-test/target/surefire/surefirebooter3271794538082794179.jar /workdir/hadoop-ozone/integration-test/target/surefire 2019-09-04T10-17-10_328-jvmRun1 surefire2550497912818738780tmp surefire_193665545893549542361tmp"/>
    <property name="test" value="!TestMiniChaosOzoneCluster"/>
    <property name="surefire.test.class.path" value="/workdir/hadoop-ozone/integration-test/target/test-classes:/workdir/hadoop-ozone/integration-test/target/classes:/home/user/.m2/repository/org/apache/hadoop/hadoop-ozone-common/0.5.0-SNAPSHOT/hadoop-ozone-common-0.5.0-SNAPSHOT.jar:/home/user/.m2/repository/org/apache/commons/commons-compress/1.4.1/commons-compress-1.4.1.jar:/home/user/.m2/repository/org/tukaani/xz/1.0/xz-1.0.jar:/home/user/.m2/repository/org/apache/hadoop/hadoop-common/3.2.0/hadoop-common-3.2.0.jar:/home/user/.m2/repository/org/apache/hadoop/hadoop-hdfs/3.2.0/hadoop-hdfs-3.2.0.jar:/home/user/.m2/repository/org/apache/hadoop/hadoop-hdfs-client/3.2.0/hadoop-hdfs-client-3.2.0.jar:/home/user/.m2/repository/com/fasterxml/jackson/core/jackson-annotations/2.9.5/jackson-annotations-2.9.5.jar:/home/user/.m2/repository/org/apache/hadoop/hadoop-hdds-common/0.5.0-SNAPSHOT/hadoop-hdds-common-0.5.0-SNAPSHOT.jar:/home/user/.m2/repository/javax/annotation/javax.annotation-api/1.2/javax.annotation-api-1.2.jar:/home/user/.m2/repository/org/apache/ratis/ratis-server/0.4.0-2337318-SNAPSHOT/ratis-server-0.4.0-2337318-SNAPSHOT.jar:/home/user/.m2/repository/org/apache/ratis/ratis-thirdparty-misc/0.2.0/ratis-thirdparty-misc-0.2.0.jar:/home/user/.m2/repository/org/apache/ratis/ratis-proto/0.4.0-2337318-SNAPSHOT/ratis-proto-0.4.0-2337318-SNAPSHOT.jar:/home/user/.m2/repository/org/apache/ratis/ratis-common/0.4.0-2337318-SNAPSHOT/ratis-common-0.4.0-2337318-SNAPSHOT.jar:/home/user/.m2/repository/org/apache/ratis/ratis-client/0.4.0-2337318-SNAPSHOT/ratis-client-0.4.0-2337318-SNAPSHOT.jar:/home/user/.m2/repository/org/apache/ratis/ratis-metrics/0.4.0-2337318-SNAPSHOT/ratis-metrics-0.4.0-2337318-SNAPSHOT.jar:/home/user/.m2/repository/org/apache/ratis/ratis-netty/0.4.0-2337318-SNAPSHOT/ratis-netty-0.4.0-2337318-SNAPSHOT.jar:/home/user/.m2/repository/org/apache/ratis/ratis-grpc/0.4.0-2337318-SNAPSHOT/ratis-grpc-0.4.0-2337318-SNAPSHOT.jar:/home/user/.m2/repository/org/rocksdb/rocksdbjni/6.0.1/rocksdbjni-6.0.1.jar:/home/user/.m2/repository/org/apache/logging/log4j/log4j-api/2.11.0/log4j-api-2.11.0.jar:/home/user/.m2/repository/org/apache/logging/log4j/log4j-core/2.11.0/log4j-core-2.11.0.jar:/home/user/.m2/repository/com/lmax/disruptor/3.4.2/disruptor-3.4.2.jar:/home/user/.m2/repository/org/apache/commons/commons-pool2/2.6.0/commons-pool2-2.6.0.jar:/home/user/.m2/repository/org/bouncycastle/bcpkix-jdk15on/1.60/bcpkix-jdk15on-1.60.jar:/home/user/.m2/repository/commons-validator/commons-validator/1.6/commons-validator-1.6.jar:/home/user/.m2/repository/commons-digester/commons-digester/1.8.1/commons-digester-1.8.1.jar:/home/user/.m2/repository/io/jaegertracing/jaeger-client/0.33.1/jaeger-client-0.33.1.jar:/home/user/.m2/repository/io/jaegertracing/jaeger-thrift/0.33.1/jaeger-thrift-0.33.1.jar:/home/user/.m2/repository/org/apache/thrift/libthrift/0.11.0/libthrift-0.11.0.jar:/home/user/.m2/repository/com/squareup/okhttp3/okhttp/3.9.0/okhttp-3.9.0.jar:/home/user/.m2/repository/com/squareup/okio/okio/1.13.0/okio-1.13.0.jar:/home/user/.m2/repository/io/jaegertracing/jaeger-core/0.33.1/jaeger-core-0.33.1.jar:/home/user/.m2/repository/io/jaegertracing/jaeger-tracerresolver/0.33.1/jaeger-tracerresolver-0.33.1.jar:/home/user/.m2/repository/io/opentracing/contrib/opentracing-tracerresolver/0.1.5/opentracing-tracerresolver-0.1.5.jar:/home/user/.m2/repository/io/opentracing/opentracing-util/0.31.0/opentracing-util-0.31.0.jar:/home/user/.m2/repository/io/opentracing/opentracing-api/0.31.0/opentracing-api-0.31.0.jar:/home/user/.m2/repository/io/opentracing/opentracing-noop/0.31.0/opentracing-noop-0.31.0.jar:/home/user/.m2/repository/org/apache/hadoop/hadoop-hdds-server-framework/0.5.0-SNAPSHOT/hadoop-hdds-server-framework-0.5.0-SNAPSHOT.jar:/home/user/.m2/repository/org/apache/hadoop/hadoop-hdds-container-service/0.5.0-SNAPSHOT/hadoop-hdds-container-service-0.5.0-SNAPSHOT.jar:/home/user/.m2/repository/org/apache/hadoop/hadoop-hdds-client/0.5.0-SNAPSHOT/hadoop-hdds-client-0.5.0-SNAPSHOT.jar:/home/user/.m2/repository/org/apache/hadoop/hadoop-hdds-tools/0.5.0-SNAPSHOT/hadoop-hdds-tools-0.5.0-SNAPSHOT.jar:/home/user/.m2/repository/org/apache/hadoop/hadoop-hdds-server-scm/0.5.0-SNAPSHOT/hadoop-hdds-server-scm-0.5.0-SNAPSHOT.jar:/home/user/.m2/repository/org/apache/hadoop/hadoop-hdds-docs/0.5.0-SNAPSHOT/hadoop-hdds-docs-0.5.0-SNAPSHOT.jar:/home/user/.m2/repository/io/dropwizard/metrics/metrics-core/3.2.4/metrics-core-3.2.4.jar:/home/user/.m2/repository/org/hamcrest/hamcrest-all/1.3/hamcrest-all-1.3.jar:/home/user/.m2/repository/org/bouncycastle/bcprov-jdk15on/1.60/bcprov-jdk15on-1.60.jar:/home/user/.m2/repository/info/picocli/picocli/3.9.6/picocli-3.9.6.jar:/home/user/.m2/repository/com/google/protobuf/protobuf-java/2.5.0/protobuf-java-2.5.0.jar:/home/user/.m2/repository/com/google/guava/guava/11.0.2/guava-11.0.2.jar:/home/user/.m2/repository/org/apache/hadoop/hadoop-ozone-ozone-manager/0.5.0-SNAPSHOT/hadoop-ozone-ozone-manager-0.5.0-SNAPSHOT.jar:/home/user/.m2/repository/org/apache/hadoop/hadoop-minikdc/3.2.0/hadoop-minikdc-3.2.0.jar:/home/user/.m2/repository/commons-io/commons-io/2.5/commons-io-2.5.jar:/home/user/.m2/repository/org/apache/kerby/kerb-simplekdc/1.0.1/kerb-simplekdc-1.0.1.jar:/home/user/.m2/repository/org/apache/kerby/kerb-client/1.0.1/kerb-client-1.0.1.jar:/home/user/.m2/repository/org/apache/kerby/kerby-config/1.0.1/kerby-config-1.0.1.jar:/home/user/.m2/repository/org/apache/kerby/kerb-core/1.0.1/kerb-core-1.0.1.jar:/home/user/.m2/repository/org/apache/kerby/kerby-pkix/1.0.1/kerby-pkix-1.0.1.jar:/home/user/.m2/repository/org/apache/kerby/kerby-asn1/1.0.1/kerby-asn1-1.0.1.jar:/home/user/.m2/repository/org/apache/kerby/kerby-util/1.0.1/kerby-util-1.0.1.jar:/home/user/.m2/repository/org/apache/kerby/kerb-common/1.0.1/kerb-common-1.0.1.jar:/home/user/.m2/repository/org/apache/kerby/kerb-crypto/1.0.1/kerb-crypto-1.0.1.jar:/home/user/.m2/repository/org/apache/kerby/kerb-util/1.0.1/kerb-util-1.0.1.jar:/home/user/.m2/repository/org/apache/kerby/token-provider/1.0.1/token-provider-1.0.1.jar:/home/user/.m2/repository/org/apache/kerby/kerb-admin/1.0.1/kerb-admin-1.0.1.jar:/home/user/.m2/repository/org/apache/kerby/kerb-server/1.0.1/kerb-server-1.0.1.jar:/home/user/.m2/repository/org/apache/kerby/kerb-identity/1.0.1/kerb-identity-1.0.1.jar:/home/user/.m2/repository/org/apache/kerby/kerby-xdr/1.0.1/kerby-xdr-1.0.1.jar:/home/user/.m2/repository/org/slf4j/slf4j-log4j12/1.7.25/slf4j-log4j12-1.7.25.jar:/home/user/.m2/repository/org/apache/hadoop/hadoop-ozone-s3gateway/0.5.0-SNAPSHOT/hadoop-ozone-s3gateway-0.5.0-SNAPSHOT.jar:/home/user/.m2/repository/org/jboss/weld/servlet/weld-servlet/2.4.7.Final/weld-servlet-2.4.7.Final.jar:/home/user/.m2/repository/org/glassfish/jersey/containers/jersey-container-servlet-core/2.27/jersey-container-servlet-core-2.27.jar:/home/user/.m2/repository/org/glassfish/hk2/external/javax.inject/2.5.0-b42/javax.inject-2.5.0-b42.jar:/home/user/.m2/repository/org/glassfish/jersey/core/jersey-common/2.27/jersey-common-2.27.jar:/home/user/.m2/repository/org/glassfish/hk2/osgi-resource-locator/1.0.1/osgi-resource-locator-1.0.1.jar:/home/user/.m2/repository/javax/ws/rs/javax.ws.rs-api/2.1/javax.ws.rs-api-2.1.jar:/home/user/.m2/repository/org/glassfish/jersey/ext/cdi/jersey-cdi1x/2.27/jersey-cdi1x-2.27.jar:/home/user/.m2/repository/org/glassfish/jersey/inject/jersey-hk2/2.27/jersey-hk2-2.27.jar:/home/user/.m2/repository/org/glassfish/hk2/hk2-locator/2.5.0-b42/hk2-locator-2.5.0-b42.jar:/home/user/.m2/repository/org/javassist/javassist/3.22.0-CR2/javassist-3.22.0-CR2.jar:/home/user/.m2/repository/org/glassfish/hk2/hk2-api/2.5.0/hk2-api-2.5.0.jar:/home/user/.m2/repository/org/glassfish/hk2/external/jakarta.inject/2.5.0/jakarta.inject-2.5.0.jar:/home/user/.m2/repository/org/glassfish/hk2/hk2-utils/2.5.0/hk2-utils-2.5.0.jar:/home/user/.m2/repository/jakarta/annotation/jakarta.annotation-api/1.3.4/jakarta.annotation-api-1.3.4.jar:/home/user/.m2/repository/org/glassfish/hk2/external/aopalliance-repackaged/2.5.0/aopalliance-repackaged-2.5.0.jar:/home/user/.m2/repository/com/fasterxml/jackson/dataformat/jackson-dataformat-xml/2.9.0/jackson-dataformat-xml-2.9.0.jar:/home/user/.m2/repository/com/fasterxml/jackson/core/jackson-core/2.9.5/jackson-core-2.9.5.jar:/home/user/.m2/repository/com/fasterxml/jackson/module/jackson-module-jaxb-annotations/2.9.5/jackson-module-jaxb-annotations-2.9.5.jar:/home/user/.m2/repository/javax/enterprise/cdi-api/1.2/cdi-api-1.2.jar:/home/user/.m2/repository/javax/el/javax.el-api/3.0.0/javax.el-api-3.0.0.jar:/home/user/.m2/repository/javax/interceptor/javax.interceptor-api/1.2/javax.interceptor-api-1.2.jar:/home/user/.m2/repository/javax/inject/javax.inject/1/javax.inject-1.jar:/home/user/.m2/repository/com/sun/xml/bind/jaxb-impl/2.3.0.1/jaxb-impl-2.3.0.1.jar:/home/user/.m2/repository/com/sun/xml/bind/jaxb-core/2.3.0.1/jaxb-core-2.3.0.1.jar:/home/user/.m2/repository/javax/xml/bind/jaxb-api/2.3.0/jaxb-api-2.3.0.jar:/home/user/.m2/repository/javax/activation/activation/1.1.1/activation-1.1.1.jar:/home/user/.m2/repository/org/apache/hadoop/hadoop-ozone-csi/0.5.0-SNAPSHOT/hadoop-ozone-csi-0.5.0-SNAPSHOT.jar:/home/user/.m2/repository/com/google/protobuf/protobuf-java-util/3.5.1/protobuf-java-util-3.5.1.jar:/home/user/.m2/repository/org/apache/hadoop/hadoop-hdds-config/0.5.0-SNAPSHOT/hadoop-hdds-config-0.5.0-SNAPSHOT.jar:/home/user/.m2/repository/io/grpc/grpc-netty/1.17.1/grpc-netty-1.17.1.jar:/home/user/.m2/repository/io/grpc/grpc-core/1.17.1/grpc-core-1.17.1.jar:/home/user/.m2/repository/io/grpc/grpc-context/1.17.1/grpc-context-1.17.1.jar:/home/user/.m2/repository/com/google/errorprone/error_prone_annotations/2.2.0/error_prone_annotations-2.2.0.jar:/home/user/.m2/repository/org/codehaus/mojo/animal-sniffer-annotations/1.17/animal-sniffer-annotations-1.17.jar:/home/user/.m2/repository/io/opencensus/opencensus-api/0.17.0/opencensus-api-0.17.0.jar:/home/user/.m2/repository/io/opencensus/opencensus-contrib-grpc-metrics/0.17.0/opencensus-contrib-grpc-metrics-0.17.0.jar:/home/user/.m2/repository/io/netty/netty-codec-http2/4.1.30.Final/netty-codec-http2-4.1.30.Final.jar:/home/user/.m2/repository/io/netty/netty-codec-http/4.1.30.Final/netty-codec-http-4.1.30.Final.jar:/home/user/.m2/repository/io/netty/netty-codec/4.1.30.Final/netty-codec-4.1.30.Final.jar:/home/user/.m2/repository/io/netty/netty-handler/4.1.30.Final/netty-handler-4.1.30.Final.jar:/home/user/.m2/repository/io/netty/netty-handler-proxy/4.1.30.Final/netty-handler-proxy-4.1.30.Final.jar:/home/user/.m2/repository/io/netty/netty-codec-socks/4.1.30.Final/netty-codec-socks-4.1.30.Final.jar:/home/user/.m2/repository/io/netty/netty-transport-native-epoll/4.1.30.Final/netty-transport-native-epoll-4.1.30.Final.jar:/home/user/.m2/repository/io/netty/netty-common/4.1.30.Final/netty-common-4.1.30.Final.jar:/home/user/.m2/repository/io/netty/netty-buffer/4.1.30.Final/netty-buffer-4.1.30.Final.jar:/home/user/.m2/repository/io/netty/netty-transport/4.1.30.Final/netty-transport-4.1.30.Final.jar:/home/user/.m2/repository/io/netty/netty-resolver/4.1.30.Final/netty-resolver-4.1.30.Final.jar:/home/user/.m2/repository/io/netty/netty-transport-native-unix-common/4.1.30.Final/netty-transport-native-unix-common-4.1.30.Final.jar:/home/user/.m2/repository/io/grpc/grpc-protobuf/1.17.1/grpc-protobuf-1.17.1.jar:/home/user/.m2/repository/com/google/api/grpc/proto-google-common-protos/1.0.0/proto-google-common-protos-1.0.0.jar:/home/user/.m2/repository/io/grpc/grpc-protobuf-lite/1.17.1/grpc-protobuf-lite-1.17.1.jar:/home/user/.m2/repository/io/grpc/grpc-stub/1.17.1/grpc-stub-1.17.1.jar:/home/user/.m2/repository/org/apache/hadoop/hadoop-ozone-recon/0.5.0-SNAPSHOT/hadoop-ozone-recon-0.5.0-SNAPSHOT.jar:/home/user/.m2/repository/org/apache/hadoop/hadoop-ozone-reconcodegen/0.5.0-SNAPSHOT/hadoop-ozone-reconcodegen-0.5.0-SNAPSHOT.jar:/home/user/.m2/repository/com/google/inject/extensions/guice-multibindings/4.0/guice-multibindings-4.0.jar:/home/user/.m2/repository/com/google/inject/guice/4.0/guice-4.0.jar:/home/user/.m2/repository/aopalliance/aopalliance/1.0/aopalliance-1.0.jar:/home/user/.m2/repository/com/google/inject/extensions/guice-servlet/4.0/guice-servlet-4.0.jar:/home/user/.m2/repository/org/glassfish/jersey/containers/jersey-container-servlet/2.27/jersey-container-servlet-2.27.jar:/home/user/.m2/repository/org/glassfish/hk2/guice-bridge/2.5.0/guice-bridge-2.5.0.jar:/home/user/.m2/repository/org/glassfish/jersey/core/jersey-server/2.27/jersey-server-2.27.jar:/home/user/.m2/repository/org/glassfish/jersey/core/jersey-client/2.27/jersey-client-2.27.jar:/home/user/.m2/repository/org/glassfish/jersey/media/jersey-media-jaxb/2.27/jersey-media-jaxb-2.27.jar:/home/user/.m2/repository/javax/validation/validation-api/1.1.0.Final/validation-api-1.1.0.Final.jar:/home/user/.m2/repository/org/glassfish/jersey/media/jersey-media-json-jackson/2.27/jersey-media-json-jackson-2.27.jar:/home/user/.m2/repository/org/glassfish/jersey/ext/jersey-entity-filtering/2.27/jersey-entity-filtering-2.27.jar:/home/user/.m2/repository/com/google/inject/extensions/guice-assistedinject/4.0/guice-assistedinject-4.0.jar:/home/user/.m2/repository/org/jooq/jooq/3.11.10/jooq-3.11.10.jar:/home/user/.m2/repository/org/jooq/jooq-meta/3.11.10/jooq-meta-3.11.10.jar:/home/user/.m2/repository/org/jooq/jooq-codegen/3.11.10/jooq-codegen-3.11.10.jar:/home/user/.m2/repository/com/jolbox/bonecp/0.8.0.RELEASE/bonecp-0.8.0.RELEASE.jar:/home/user/.m2/repository/org/xerial/sqlite-jdbc/3.25.2/sqlite-jdbc-3.25.2.jar:/home/user/.m2/repository/org/springframework/spring-jdbc/5.1.3.RELEASE/spring-jdbc-5.1.3.RELEASE.jar:/home/user/.m2/repository/org/springframework/spring-beans/5.1.3.RELEASE/spring-beans-5.1.3.RELEASE.jar:/home/user/.m2/repository/org/springframework/spring-core/5.1.3.RELEASE/spring-core-5.1.3.RELEASE.jar:/home/user/.m2/repository/org/springframework/spring-jcl/5.1.3.RELEASE/spring-jcl-5.1.3.RELEASE.jar:/home/user/.m2/repository/org/springframework/spring-tx/5.1.3.RELEASE/spring-tx-5.1.3.RELEASE.jar:/home/user/.m2/repository/org/apache/hadoop/hadoop-ozone-client/0.5.0-SNAPSHOT/hadoop-ozone-client-0.5.0-SNAPSHOT.jar:/home/user/.m2/repository/commons-lang/commons-lang/2.6/commons-lang-2.6.jar:/home/user/.m2/repository/org/apache/hadoop/hadoop-ozone-ozone-manager/0.5.0-SNAPSHOT/hadoop-ozone-ozone-manager-0.5.0-SNAPSHOT-tests.jar:/home/user/.m2/repository/junit/junit/4.11/junit-4.11.jar:/home/user/.m2/repository/org/hamcrest/hamcrest-core/1.3/hamcrest-core-1.3.jar:/home/user/.m2/repository/org/openjdk/jmh/jmh-core/1.19/jmh-core-1.19.jar:/home/user/.m2/repository/net/sf/jopt-simple/jopt-simple/4.6/jopt-simple-4.6.jar:/home/user/.m2/repository/org/apache/commons/commons-math3/3.1.1/commons-math3-3.1.1.jar:/home/user/.m2/repository/org/openjdk/jmh/jmh-generator-annprocess/1.19/jmh-generator-annprocess-1.19.jar:/home/user/.m2/repository/org/mockito/mockito-all/1.8.5/mockito-all-1.8.5.jar:/home/user/.m2/repository/org/apache/hadoop/hadoop-kms/3.2.0/hadoop-kms-3.2.0.jar:/home/user/.m2/repository/org/apache/hadoop/hadoop-auth/3.2.0/hadoop-auth-3.2.0.jar:/home/user/.m2/repository/com/nimbusds/nimbus-jose-jwt/4.41.1/nimbus-jose-jwt-4.41.1.jar:/home/user/.m2/repository/com/github/stephenc/jcip/jcip-annotations/1.0-1/jcip-annotations-1.0-1.jar:/home/user/.m2/repository/net/minidev/json-smart/2.3/json-smart-2.3.jar:/home/user/.m2/repository/net/minidev/accessors-smart/1.2/accessors-smart-1.2.jar:/home/user/.m2/repository/org/ow2/asm/asm/5.0.4/asm-5.0.4.jar:/home/user/.m2/repository/org/apache/curator/curator-framework/2.12.0/curator-framework-2.12.0.jar:/home/user/.m2/repository/com/sun/jersey/jersey-core/1.19/jersey-core-1.19.jar:/home/user/.m2/repository/javax/ws/rs/jsr311-api/1.1.1/jsr311-api-1.1.1.jar:/home/user/.m2/repository/com/sun/jersey/jersey-server/1.19/jersey-server-1.19.jar:/home/user/.m2/repository/javax/servlet/javax.servlet-api/3.1.0/javax.servlet-api-3.1.0.jar:/home/user/.m2/repository/org/eclipse/jetty/jetty-server/9.3.24.v20180605/jetty-server-9.3.24.v20180605.jar:/home/user/.m2/repository/org/eclipse/jetty/jetty-http/9.3.24.v20180605/jetty-http-9.3.24.v20180605.jar:/home/user/.m2/repository/org/eclipse/jetty/jetty-io/9.3.24.v20180605/jetty-io-9.3.24.v20180605.jar:/home/user/.m2/repository/org/eclipse/jetty/jetty-webapp/9.3.24.v20180605/jetty-webapp-9.3.24.v20180605.jar:/home/user/.m2/repository/org/eclipse/jetty/jetty-xml/9.3.24.v20180605/jetty-xml-9.3.24.v20180605.jar:/home/user/.m2/repository/log4j/log4j/1.2.17/log4j-1.2.17.jar:/home/user/.m2/repository/org/slf4j/slf4j-api/1.7.25/slf4j-api-1.7.25.jar:/home/user/.m2/repository/org/slf4j/jul-to-slf4j/1.7.25/jul-to-slf4j-1.7.25.jar:/home/user/.m2/repository/org/eclipse/jetty/jetty-util/9.3.24.v20180605/jetty-util-9.3.24.v20180605.jar:/home/user/.m2/repository/com/fasterxml/jackson/core/jackson-databind/2.9.5/jackson-databind-2.9.5.jar:/home/user/.m2/repository/org/apache/hadoop/hadoop-kms/3.2.0/hadoop-kms-3.2.0-tests.jar:/home/user/.m2/repository/org/apache/hadoop/hadoop-hdds-server-scm/0.5.0-SNAPSHOT/hadoop-hdds-server-scm-0.5.0-SNAPSHOT-tests.jar:/home/user/.m2/repository/org/apache/hadoop/hadoop-hdds-container-service/0.5.0-SNAPSHOT/hadoop-hdds-container-service-0.5.0-SNAPSHOT-tests.jar:/home/user/.m2/repository/org/yaml/snakeyaml/1.16/snakeyaml-1.16.jar:/home/user/.m2/repository/org/apache/hadoop/hadoop-common/3.2.0/hadoop-common-3.2.0-tests.jar:/home/user/.m2/repository/org/apache/hadoop/hadoop-annotations/3.2.0/hadoop-annotations-3.2.0.jar:/usr/lib/jvm/java-1.8-openjdk/jre/../lib/tools.jar:/home/user/.m2/repository/commons-cli/commons-cli/1.2/commons-cli-1.2.jar:/home/user/.m2/repository/org/apache/httpcomponents/httpclient/4.5.2/httpclient-4.5.2.jar:/home/user/.m2/repository/org/apache/httpcomponents/httpcore/4.4.4/httpcore-4.4.4.jar:/home/user/.m2/repository/commons-codec/commons-codec/1.11/commons-codec-1.11.jar:/home/user/.m2/repository/commons-net/commons-net/3.6/commons-net-3.6.jar:/home/user/.m2/repository/commons-collections/commons-collections/3.2.2/commons-collections-3.2.2.jar:/home/user/.m2/repository/org/eclipse/jetty/jetty-servlet/9.3.24.v20180605/jetty-servlet-9.3.24.v20180605.jar:/home/user/.m2/repository/org/eclipse/jetty/jetty-security/9.3.24.v20180605/jetty-security-9.3.24.v20180605.jar:/home/user/.m2/repository/javax/servlet/jsp/jsp-api/2.1/jsp-api-2.1.jar:/home/user/.m2/repository/com/sun/jersey/jersey-servlet/1.19/jersey-servlet-1.19.jar:/home/user/.m2/repository/com/sun/jersey/jersey-json/1.19/jersey-json-1.19.jar:/home/user/.m2/repository/org/codehaus/jettison/jettison/1.1/jettison-1.1.jar:/home/user/.m2/repository/org/codehaus/jackson/jackson-core-asl/1.9.13/jackson-core-asl-1.9.13.jar:/home/user/.m2/repository/org/codehaus/jackson/jackson-mapper-asl/1.9.13/jackson-mapper-asl-1.9.13.jar:/home/user/.m2/repository/org/codehaus/jackson/jackson-jaxrs/1.9.13/jackson-jaxrs-1.9.13.jar:/home/user/.m2/repository/org/codehaus/jackson/jackson-xc/1.9.13/jackson-xc-1.9.13.jar:/home/user/.m2/repository/commons-logging/commons-logging/1.1.3/commons-logging-1.1.3.jar:/home/user/.m2/repository/commons-beanutils/commons-beanutils/1.9.3/commons-beanutils-1.9.3.jar:/home/user/.m2/repository/org/apache/commons/commons-configuration2/2.1.1/commons-configuration2-2.1.1.jar:/home/user/.m2/repository/org/apache/commons/commons-lang3/3.7/commons-lang3-3.7.jar:/home/user/.m2/repository/org/apache/commons/commons-text/1.4/commons-text-1.4.jar:/home/user/.m2/repository/org/apache/avro/avro/1.7.7/avro-1.7.7.jar:/home/user/.m2/repository/com/thoughtworks/paranamer/paranamer/2.3/paranamer-2.3.jar:/home/user/.m2/repository/org/xerial/snappy/snappy-java/1.0.5/snappy-java-1.0.5.jar:/home/user/.m2/repository/com/google/re2j/re2j/1.1/re2j-1.1.jar:/home/user/.m2/repository/com/google/code/gson/gson/2.2.4/gson-2.2.4.jar:/home/user/.m2/repository/com/jcraft/jsch/0.1.54/jsch-0.1.54.jar:/home/user/.m2/repository/org/apache/curator/curator-client/2.12.0/curator-client-2.12.0.jar:/home/user/.m2/repository/org/apache/curator/curator-recipes/2.12.0/curator-recipes-2.12.0.jar:/home/user/.m2/repository/com/google/code/findbugs/jsr305/3.0.0/jsr305-3.0.0.jar:/home/user/.m2/repository/org/apache/htrace/htrace-core4/4.1.0-incubating/htrace-core4-4.1.0-incubating.jar:/home/user/.m2/repository/org/apache/zookeeper/zookeeper/3.4.13/zookeeper-3.4.13.jar:/home/user/.m2/repository/org/apache/yetus/audience-annotations/0.5.0/audience-annotations-0.5.0.jar:/home/user/.m2/repository/org/codehaus/woodstox/stax2-api/3.1.4/stax2-api-3.1.4.jar:/home/user/.m2/repository/com/fasterxml/woodstox/woodstox-core/5.0.3/woodstox-core-5.0.3.jar:/home/user/.m2/repository/dnsjava/dnsjava/2.1.7/dnsjava-2.1.7.jar:/home/user/.m2/repository/org/apache/hadoop/hadoop-hdfs/3.2.0/hadoop-hdfs-3.2.0-tests.jar:/home/user/.m2/repository/org/eclipse/jetty/jetty-util-ajax/9.3.24.v20180605/jetty-util-ajax-9.3.24.v20180605.jar:/home/user/.m2/repository/commons-daemon/commons-daemon/1.0.13/commons-daemon-1.0.13.jar:/home/user/.m2/repository/io/netty/netty/3.10.5.Final/netty-3.10.5.Final.jar:/home/user/.m2/repository/io/netty/netty-all/4.0.52.Final/netty-all-4.0.52.Final.jar:/home/user/.m2/repository/org/fusesource/leveldbjni/leveldbjni-all/1.8/leveldbjni-all-1.8.jar:"/>
    <property name="sun.cpu.endian" value="little"/>
    <property name="user.home" value="/home/user"/>
    <property name="user.language" value="en"/>
    <property name="java.specification.vendor" value="Oracle Corporation"/>
    <property name="java.home" value="/usr/lib/jvm/java-1.8-openjdk/jre"/>
    <property name="java.security.krb5.conf" value="/workdir/hadoop-ozone/integration-test/target/test-classes/krb5.conf"/>
    <property name="basedir" value="/workdir/hadoop-ozone/integration-test"/>
    <property name="file.separator" value="/"/>
    <property name="line.separator" value="&#10;"/>
    <property name="java.vm.specification.vendor" value="Oracle Corporation"/>
    <property name="java.specification.name" value="Java Platform API Specification"/>
    <property name="java.awt.graphicsenv" value="sun.awt.X11GraphicsEnvironment"/>
    <property name="surefire.real.class.path" value="/workdir/hadoop-ozone/integration-test/target/surefire/surefirebooter3271794538082794179.jar"/>
    <property name="hadoop.log.dir" value="/workdir/hadoop-ozone/integration-test/target/log"/>
    <property name="sun.boot.class.path" value="/usr/lib/jvm/java-1.8-openjdk/jre/lib/resources.jar:/usr/lib/jvm/java-1.8-openjdk/jre/lib/rt.jar:/usr/lib/jvm/java-1.8-openjdk/jre/lib/sunrsasign.jar:/usr/lib/jvm/java-1.8-openjdk/jre/lib/jsse.jar:/usr/lib/jvm/java-1.8-openjdk/jre/lib/jce.jar:/usr/lib/jvm/java-1.8-openjdk/jre/lib/charsets.jar:/usr/lib/jvm/java-1.8-openjdk/jre/lib/jfr.jar:/usr/lib/jvm/java-1.8-openjdk/jre/classes"/>
    <property name="sun.management.compiler" value="HotSpot 64-Bit Tiered Compilers"/>
    <property name="java.runtime.version" value="1.8.0_212-b04"/>
    <property name="java.net.preferIPv4Stack" value="true"/>
    <property name="user.name" value="jenkins1000"/>
    <property name="path.separator" value=":"/>
    <property name="java.security.egd" value="file:///dev/urandom"/>
    <property name="os.version" value="3.10.0-957.12.2.el7.x86_64"/>
    <property name="java.endorsed.dirs" value="/usr/lib/jvm/java-1.8-openjdk/jre/lib/endorsed"/>
    <property name="java.runtime.name" value="OpenJDK Runtime Environment"/>
    <property name="file.encoding" value="UTF-8"/>
    <property name="java.vm.name" value="OpenJDK 64-Bit Server VM"/>
    <property name="test.build.webapps" value=""/>
    <property name="localRepository" value="/home/user/.m2/repository"/>
    <property name="java.vendor.url.bug" value="https://icedtea.classpath.org/bugzilla"/>
    <property name="java.io.tmpdir" value="/tmp"/>
    <property name="require.test.libhadoop" value=""/>
    <property name="java.version" value="1.8.0_212"/>
    <property name="user.dir" value="/workdir/hadoop-ozone/integration-test"/>
    <property name="os.arch" value="amd64"/>
    <property name="java.vm.specification.name" value="Java Virtual Machine Specification"/>
    <property name="test.build.classes" value="/workdir/hadoop-ozone/integration-test/target/test-classes"/>
    <property name="java.awt.printerjob" value="sun.print.PSPrinterJob"/>
    <property name="sun.os.patch.level" value="unknown"/>
    <property name="hadoop.tmp.dir" value="/workdir/hadoop-ozone/integration-test/target/tmp"/>
    <property name="java.library.path" value="/usr/lib/jvm/java-1.8-openjdk/jre/lib/amd64/server:/usr/lib/jvm/java-1.8-openjdk/jre/lib/amd64:/usr/lib/jvm/java-1.8-openjdk/jre/../lib/amd64:/workdir/hadoop-ozone/integration-test/target/native/target/usr/local/lib:/workdir/hadoop-ozone/integration-test/../../hadoop-common-project/hadoop-common/target/native/target/usr/local/lib:/usr/java/packages/lib/amd64:/usr/lib64:/lib64:/lib:/usr/lib"/>
    <property name="java.vm.info" value="mixed mode"/>
    <property name="java.vendor" value="IcedTea"/>
    <property name="java.vm.version" value="25.212-b04"/>
    <property name="java.ext.dirs" value="/usr/lib/jvm/java-1.8-openjdk/jre/lib/ext:/usr/java/packages/lib/ext"/>
    <property name="sun.io.unicode.encoding" value="UnicodeLittle"/>
    <property name="java.class.version" value="52.0"/>
  </properties>
  <testcase name="testWatchForCommitWithKeyWrite" classname="org.apache.hadoop.ozone.client.rpc.TestWatchForCommit" time="74.454"/>
  <testcase name="testWatchForCommitWithSmallerTimeoutValue" classname="org.apache.hadoop.ozone.client.rpc.TestWatchForCommit" time="43.808"/>
  <testcase name="testWatchForCommitForRetryfailure" classname="org.apache.hadoop.ozone.client.rpc.TestWatchForCommit" time="72.168"/>
  <testcase name="testWatchForCommitForGroupMismatchException" classname="org.apache.hadoop.ozone.client.rpc.TestWatchForCommit" time="31.512"/>
  <testcase name="test2WayCommitForTimeoutException" classname="org.apache.hadoop.ozone.client.rpc.TestWatchForCommit" time="27.42">
    <error message="org.apache.ratis.protocol.RaftRetryFailureException: Failed RaftClientRequest:client-23D62EFE9189-&gt;8646ae31-6d34-4b89-af50-40707cdacd2f@group-455E64EDF91B, cid=103, seq=2*, RW, org.apache.hadoop.hdds.scm.XceiverClientRatis$$Lambda$446/858507952@6bf8d97a for 20 attempts with RetryLimited(maxAttempts=20, sleepTime=1000ms)" type="java.util.concurrent.ExecutionException">java.util.concurrent.ExecutionException: org.apache.ratis.protocol.RaftRetryFailureException: Failed RaftClientRequest:client-23D62EFE9189->8646ae31-6d34-4b89-af50-40707cdacd2f@group-455E64EDF91B, cid=103, seq=2*, RW, org.apache.hadoop.hdds.scm.XceiverClientRatis$$Lambda$446/858507952@6bf8d97a for 20 attempts with RetryLimited(maxAttempts=20, sleepTime=1000ms)
	at java.util.concurrent.CompletableFuture.reportGet(CompletableFuture.java:357)
	at java.util.concurrent.CompletableFuture.get(CompletableFuture.java:1895)
	at org.apache.hadoop.ozone.client.rpc.TestWatchForCommit.test2WayCommitForTimeoutException(TestWatchForCommit.java:390)
	at sun.reflect.NativeMethodAccessorImpl.invoke0(Native Method)
	at sun.reflect.NativeMethodAccessorImpl.invoke(NativeMethodAccessorImpl.java:62)
	at sun.reflect.DelegatingMethodAccessorImpl.invoke(DelegatingMethodAccessorImpl.java:43)
	at java.lang.reflect.Method.invoke(Method.java:498)
	at org.junit.runners.model.FrameworkMethod$1.runReflectiveCall(FrameworkMethod.java:47)
	at org.junit.internal.runners.model.ReflectiveCallable.run(ReflectiveCallable.java:12)
	at org.junit.runners.model.FrameworkMethod.invokeExplosively(FrameworkMethod.java:44)
	at org.junit.internal.runners.statements.InvokeMethod.evaluate(InvokeMethod.java:17)
	at org.junit.runners.ParentRunner.runLeaf(ParentRunner.java:271)
	at org.junit.runners.BlockJUnit4ClassRunner.runChild(BlockJUnit4ClassRunner.java:70)
	at org.junit.runners.BlockJUnit4ClassRunner.runChild(BlockJUnit4ClassRunner.java:50)
	at org.junit.runners.ParentRunner$3.run(ParentRunner.java:238)
	at org.junit.runners.ParentRunner$1.schedule(ParentRunner.java:63)
	at org.junit.runners.ParentRunner.runChildren(ParentRunner.java:236)
	at org.junit.runners.ParentRunner.access$000(ParentRunner.java:53)
	at org.junit.runners.ParentRunner$2.evaluate(ParentRunner.java:229)
	at org.junit.runners.ParentRunner.run(ParentRunner.java:309)
	at org.apache.maven.surefire.junit4.JUnit4Provider.execute(JUnit4Provider.java:365)
	at org.apache.maven.surefire.junit4.JUnit4Provider.executeWithRerun(JUnit4Provider.java:273)
	at org.apache.maven.surefire.junit4.JUnit4Provider.executeTestSet(JUnit4Provider.java:238)
	at org.apache.maven.surefire.junit4.JUnit4Provider.invoke(JUnit4Provider.java:159)
	at org.apache.maven.surefire.booter.ForkedBooter.invokeProviderInSameClassLoader(ForkedBooter.java:384)
	at org.apache.maven.surefire.booter.ForkedBooter.runSuitesInProcess(ForkedBooter.java:345)
	at org.apache.maven.surefire.booter.ForkedBooter.execute(ForkedBooter.java:126)
	at org.apache.maven.surefire.booter.ForkedBooter.main(ForkedBooter.java:418)
Caused by: org.apache.ratis.protocol.RaftRetryFailureException: Failed RaftClientRequest:client-23D62EFE9189->8646ae31-6d34-4b89-af50-40707cdacd2f@group-455E64EDF91B, cid=103, seq=2*, RW, org.apache.hadoop.hdds.scm.XceiverClientRatis$$Lambda$446/858507952@6bf8d97a for 20 attempts with RetryLimited(maxAttempts=20, sleepTime=1000ms)
	at org.apache.ratis.client.impl.RaftClientImpl.noMoreRetries(RaftClientImpl.java:272)
	at org.apache.ratis.client.impl.OrderedAsync.handleAsyncRetryFailure(OrderedAsync.java:138)
	at org.apache.ratis.client.impl.OrderedAsync.lambda$sendRequest$10(OrderedAsync.java:230)
	at java.util.concurrent.CompletableFuture.uniExceptionally(CompletableFuture.java:870)
	at java.util.concurrent.CompletableFuture$UniExceptionally.tryFire(CompletableFuture.java:852)
	at java.util.concurrent.CompletableFuture.postComplete(CompletableFuture.java:474)
	at java.util.concurrent.CompletableFuture.completeExceptionally(CompletableFuture.java:1977)
	at org.apache.ratis.grpc.client.GrpcClientProtocolClient$AsyncStreamObservers.completeReplyExceptionally(GrpcClientProtocolClient.java:330)
	at org.apache.ratis.grpc.client.GrpcClientProtocolClient$AsyncStreamObservers.access$000(GrpcClientProtocolClient.java:246)
	at org.apache.ratis.grpc.client.GrpcClientProtocolClient$AsyncStreamObservers$1.onNext(GrpcClientProtocolClient.java:258)
	at org.apache.ratis.grpc.client.GrpcClientProtocolClient$AsyncStreamObservers$1.onNext(GrpcClientProtocolClient.java:249)
	at org.apache.ratis.thirdparty.io.grpc.stub.ClientCalls$StreamObserverToCallListenerAdapter.onMessage(ClientCalls.java:421)
	at org.apache.ratis.thirdparty.io.grpc.ForwardingClientCallListener.onMessage(ForwardingClientCallListener.java:33)
	at org.apache.ratis.thirdparty.io.grpc.ForwardingClientCallListener.onMessage(ForwardingClientCallListener.java:33)
	at org.apache.ratis.thirdparty.io.grpc.internal.ClientCallImpl$ClientStreamListenerImpl$1MessagesAvailable.runInContext(ClientCallImpl.java:519)
	at org.apache.ratis.thirdparty.io.grpc.internal.ContextRunnable.run(ContextRunnable.java:37)
	at org.apache.ratis.thirdparty.io.grpc.internal.SerializingExecutor.run(SerializingExecutor.java:123)
	at java.util.concurrent.ThreadPoolExecutor.runWorker(ThreadPoolExecutor.java:1149)
	at java.util.concurrent.ThreadPoolExecutor$Worker.run(ThreadPoolExecutor.java:624)
	at java.lang.Thread.run(Thread.java:748)
Caused by: org.apache.ratis.protocol.NotLeaderException: Server 8646ae31-6d34-4b89-af50-40707cdacd2f is not the leader (null). Request must be sent to leader.
	at org.apache.ratis.client.impl.ClientProtoUtils.toRaftClientReply(ClientProtoUtils.java:242)
	at org.apache.ratis.grpc.client.GrpcClientProtocolClient$AsyncStreamObservers$1.onNext(GrpcClientProtocolClient.java:254)
	... 10 more
</error>
    <system-out><![CDATA[2019-09-04 10:34:03,260 [main] WARN  server.ServerUtils (ServerUtils.java:getScmDbDir(145)) - ozone.scm.db.dirs is not configured. We recommend adding this setting. Falling back to ozone.metadata.dirs instead.
2019-09-04 10:34:03,284 [main] WARN  server.ServerUtils (ServerUtils.java:getScmDbDir(145)) - ozone.scm.db.dirs is not configured. We recommend adding this setting. Falling back to ozone.metadata.dirs instead.
2019-09-04 10:34:03,285 [main] WARN  server.ServerUtils (ServerUtils.java:getScmDbDir(145)) - ozone.scm.db.dirs is not configured. We recommend adding this setting. Falling back to ozone.metadata.dirs instead.
2019-09-04 10:34:03,285 [main] INFO  db.DBStoreBuilder (DBStoreBuilder.java:addTable(110)) - using custom profile for table: deletedBlocks
2019-09-04 10:34:03,285 [main] INFO  db.DBStoreBuilder (DBStoreBuilder.java:processTables(161)) - Using default column profile:DBProfile.DISK for Table:deletedBlocks
2019-09-04 10:34:03,286 [main] INFO  db.DBStoreBuilder (DBStoreBuilder.java:addTable(110)) - using custom profile for table: validCerts
2019-09-04 10:34:03,286 [main] INFO  db.DBStoreBuilder (DBStoreBuilder.java:processTables(161)) - Using default column profile:DBProfile.DISK for Table:validCerts
2019-09-04 10:34:03,286 [main] INFO  db.DBStoreBuilder (DBStoreBuilder.java:addTable(110)) - using custom profile for table: revokedCerts
2019-09-04 10:34:03,286 [main] INFO  db.DBStoreBuilder (DBStoreBuilder.java:processTables(161)) - Using default column profile:DBProfile.DISK for Table:revokedCerts
2019-09-04 10:34:03,286 [main] INFO  db.DBStoreBuilder (DBStoreBuilder.java:addTable(110)) - using custom profile for table: default
2019-09-04 10:34:03,287 [main] INFO  db.DBStoreBuilder (DBStoreBuilder.java:processTables(167)) - Using default column profile:DBProfile.DISK for Table:default
2019-09-04 10:34:03,287 [main] INFO  db.DBStoreBuilder (DBStoreBuilder.java:getDbProfile(198)) - Using default options. DBProfile.DISK
2019-09-04 10:34:03,409 [main] INFO  net.NodeSchemaLoader (NodeSchemaLoader.java:loadSchemaFromFile(125)) - Loading file from sun.misc.CompoundEnumeration@4962b41e
2019-09-04 10:34:03,409 [main] INFO  net.NodeSchemaLoader (NodeSchemaLoader.java:loadSchema(171)) - Loading network topology layer schema file
2019-09-04 10:34:03,413 [main] WARN  server.ServerUtils (ServerUtils.java:sanitizeUserArgs(70)) - ozone.scm.stale.node.interval value = 300000 is larger than max = 100000 based on the key value of ozone.scm.heartbeat.thread.interval, reset to the max value 100000.
2019-09-04 10:34:03,413 [main] WARN  server.ServerUtils (ServerUtils.java:sanitizeUserArgs(70)) - ozone.scm.stale.node.interval value = 300000 is larger than max = 100000 based on the key value of ozone.scm.heartbeat.thread.interval, reset to the max value 100000.
2019-09-04 10:34:03,413 [main] INFO  node.SCMNodeManager (SCMNodeManager.java:<init>(115)) - Entering startup safe mode.
2019-09-04 10:34:03,414 [main] INFO  algorithms.ContainerPlacementPolicyFactory (ContainerPlacementPolicyFactory.java:getPolicy(55)) - Create container placement policy of type org.apache.hadoop.hdds.scm.container.placement.algorithms.SCMContainerPlacementRandom
2019-09-04 10:34:03,414 [main] WARN  server.ServerUtils (ServerUtils.java:getScmDbDir(145)) - ozone.scm.db.dirs is not configured. We recommend adding this setting. Falling back to ozone.metadata.dirs instead.
2019-09-04 10:34:03,451 [main] INFO  pipeline.SCMPipelineManager (SCMPipelineManager.java:initializePipelineState(128)) - No pipeline exists in current db
2019-09-04 10:34:03,451 [main] WARN  server.ServerUtils (ServerUtils.java:getScmDbDir(145)) - ozone.scm.db.dirs is not configured. We recommend adding this setting. Falling back to ozone.metadata.dirs instead.
2019-09-04 10:34:03,491 [main] WARN  events.EventQueue (EventQueue.java:fireEvent(183)) - No event handler registered for event TypedEvent{payloadType=SafeModeStatus, name='SafeModeStatus'}
2019-09-04 10:34:03,492 [main] INFO  ipc.CallQueueManager (CallQueueManager.java:<init>(84)) - Using callQueue: class java.util.concurrent.LinkedBlockingQueue, queueCapacity: 2000, scheduler: class org.apache.hadoop.ipc.DefaultRpcScheduler, ipcBackoff: false.
2019-09-04 10:34:03,493 [Socket Reader #1 for port 37267] INFO  ipc.Server (Server.java:run(1074)) - Starting Socket Reader #1 for port 37267
2019-09-04 10:34:03,496 [main] INFO  ipc.CallQueueManager (CallQueueManager.java:<init>(84)) - Using callQueue: class java.util.concurrent.LinkedBlockingQueue, queueCapacity: 2000, scheduler: class org.apache.hadoop.ipc.DefaultRpcScheduler, ipcBackoff: false.
2019-09-04 10:34:03,496 [Socket Reader #1 for port 42048] INFO  ipc.Server (Server.java:run(1074)) - Starting Socket Reader #1 for port 42048
2019-09-04 10:34:03,498 [main] INFO  ipc.CallQueueManager (CallQueueManager.java:<init>(84)) - Using callQueue: class java.util.concurrent.LinkedBlockingQueue, queueCapacity: 2000, scheduler: class org.apache.hadoop.ipc.DefaultRpcScheduler, ipcBackoff: false.
2019-09-04 10:34:03,498 [Socket Reader #1 for port 44889] INFO  ipc.Server (Server.java:run(1074)) - Starting Socket Reader #1 for port 44889
2019-09-04 10:34:03,501 [main] INFO  hdfs.DFSUtil (DFSUtil.java:httpServerTemplateForNNAndJN(1641)) - Starting Web-server for scm at: http://0.0.0.0:0
2019-09-04 10:34:03,504 [main] INFO  server.AuthenticationFilter (AuthenticationFilter.java:constructSecretProvider(240)) - Unable to initialize FileSignerSecretProvider, falling back to use random secrets.
2019-09-04 10:34:03,505 [main] WARN  http.HttpRequestLog (HttpRequestLog.java:getRequestLog(97)) - Jetty request log can only be enabled using Log4j
2019-09-04 10:34:03,507 [main] INFO  http.HttpServer2 (HttpServer2.java:addGlobalFilter(975)) - Added global filter 'safety' (class=org.apache.hadoop.http.HttpServer2$QuotingInputFilter)
2019-09-04 10:34:03,508 [main] INFO  http.HttpServer2 (HttpServer2.java:addFilter(948)) - Added filter static_user_filter (class=org.apache.hadoop.http.lib.StaticUserWebFilter$StaticUserFilter) to context scm
2019-09-04 10:34:03,509 [main] INFO  http.HttpServer2 (HttpServer2.java:addFilter(958)) - Added filter static_user_filter (class=org.apache.hadoop.http.lib.StaticUserWebFilter$StaticUserFilter) to context logs
2019-09-04 10:34:03,509 [main] INFO  http.HttpServer2 (HttpServer2.java:addFilter(958)) - Added filter static_user_filter (class=org.apache.hadoop.http.lib.StaticUserWebFilter$StaticUserFilter) to context static
2019-09-04 10:34:03,512 [main] INFO  server.StorageContainerManager (StorageContainerManager.java:start(759)) - StorageContainerLocationProtocol RPC server is listening at /0.0.0.0:44889
2019-09-04 10:34:03,516 [main] WARN  impl.MetricsConfig (MetricsConfig.java:loadFirst(134)) - Cannot locate configuration: tried hadoop-metrics2-storagecontainermanager.properties,hadoop-metrics2.properties
2019-09-04 10:34:03,517 [main] INFO  impl.MetricsSystemImpl (MetricsSystemImpl.java:startTimer(374)) - Scheduled Metric snapshot period at 10 second(s).
2019-09-04 10:34:03,517 [main] INFO  impl.MetricsSystemImpl (MetricsSystemImpl.java:start(191)) - StorageContainerManager metrics system started
2019-09-04 10:34:03,616 [main] WARN  impl.MetricsSystemImpl (MetricsSystemImpl.java:register(276)) - Sink prometheus already exists!
2019-09-04 10:34:03,631 [main] INFO  server.SCMClientProtocolServer (SCMClientProtocolServer.java:start(151)) - RPC server for Client  is listening at /0.0.0.0:44889
2019-09-04 10:34:03,632 [IPC Server Responder] INFO  ipc.Server (Server.java:run(1314)) - IPC Server Responder: starting
2019-09-04 10:34:03,632 [IPC Server listener on 44889] INFO  ipc.Server (Server.java:run(1153)) - IPC Server listener on 44889: starting
2019-09-04 10:34:03,637 [main] INFO  server.StorageContainerManager (StorageContainerManager.java:start(769)) - ScmBlockLocationProtocol RPC server is listening at /0.0.0.0:42048
2019-09-04 10:34:03,637 [main] INFO  server.SCMBlockProtocolServer (SCMBlockProtocolServer.java:start(146)) - RPC server for Block Protocol is listening at /0.0.0.0:42048
2019-09-04 10:34:03,637 [IPC Server Responder] INFO  ipc.Server (Server.java:run(1314)) - IPC Server Responder: starting
2019-09-04 10:34:03,638 [IPC Server listener on 42048] INFO  ipc.Server (Server.java:run(1153)) - IPC Server listener on 42048: starting
2019-09-04 10:34:03,641 [main] INFO  server.StorageContainerManager (StorageContainerManager.java:start(773)) - ScmDatanodeProtocl RPC server is listening at /0.0.0.0:37267
2019-09-04 10:34:03,641 [main] INFO  server.SCMDatanodeProtocolServer (SCMDatanodeProtocolServer.java:start(191)) - RPC server for DataNodes is listening at /0.0.0.0:37267
2019-09-04 10:34:03,642 [IPC Server Responder] INFO  ipc.Server (Server.java:run(1314)) - IPC Server Responder: starting
2019-09-04 10:34:03,642 [IPC Server listener on 37267] INFO  ipc.Server (Server.java:run(1153)) - IPC Server listener on 37267: starting
2019-09-04 10:34:03,645 [main] INFO  http.HttpServer2 (HttpServer2.java:bindListener(1191)) - Jetty bound to port 38088
2019-09-04 10:34:03,646 [main] INFO  server.Server (Server.java:doStart(351)) - jetty-9.3.24.v20180605, build timestamp: 2018-06-05T17:11:56Z, git hash: 84205aa28f11a4f31f2a3b86d1bba2cc8ab69827
2019-09-04 10:34:03,648 [main] INFO  handler.ContextHandler (ContextHandler.java:doStart(781)) - Started o.e.j.s.ServletContextHandler@632b305d{/logs,file:///workdir/hadoop-ozone/integration-test/target/log,AVAILABLE}
2019-09-04 10:34:03,648 [main] INFO  handler.ContextHandler (ContextHandler.java:doStart(781)) - Started o.e.j.s.ServletContextHandler@57fdb8a4{/static,file:///workdir/hadoop-ozone/integration-test/target/test-classes/webapps/static,AVAILABLE}
2019-09-04 10:34:03,652 [main] INFO  handler.ContextHandler (ContextHandler.java:doStart(781)) - Started o.e.j.w.WebAppContext@619c93ca{/,file:///workdir/hadoop-ozone/integration-test/target/test-classes/webapps/scm/,AVAILABLE}{/scm}
2019-09-04 10:34:03,652 [main] INFO  server.AbstractConnector (AbstractConnector.java:doStart(278)) - Started ServerConnector@486e9d1d{HTTP/1.1,[http/1.1]}{0.0.0.0:38088}
2019-09-04 10:34:03,653 [main] INFO  server.Server (Server.java:doStart(419)) - Started @222774ms
2019-09-04 10:34:03,653 [main] WARN  impl.MetricsSystemImpl (MetricsSystemImpl.java:register(276)) - Sink prometheus already exists!
2019-09-04 10:34:03,654 [main] INFO  server.BaseHttpServer (BaseHttpServer.java:updateConnectorAddress(215)) - HTTP server of SCM is listening at http://0.0.0.0:38088
2019-09-04 10:34:03,655 [main] WARN  server.ServerUtils (ServerUtils.java:getDBPath(222)) - ozone.om.db.dirs is not configured. We recommend adding this setting. Falling back to ozone.metadata.dirs instead.
2019-09-04 10:34:03,655 [org.apache.hadoop.util.JvmPauseMonitor$Monitor@5e5ddfbc] INFO  util.JvmPauseMonitor (JvmPauseMonitor.java:run(188)) - Starting JVM pause monitor
2019-09-04 10:34:03,668 [main] WARN  server.ServerUtils (ServerUtils.java:getDBPath(222)) - ozone.om.db.dirs is not configured. We recommend adding this setting. Falling back to ozone.metadata.dirs instead.
2019-09-04 10:34:03,669 [main] WARN  server.ServerUtils (ServerUtils.java:getDBPath(222)) - ozone.om.db.dirs is not configured. We recommend adding this setting. Falling back to ozone.metadata.dirs instead.
2019-09-04 10:34:03,669 [main] INFO  om.OzoneManager (OzoneManager.java:setOMNodeDetails(649)) - OM Service ID is not set. Setting it to the default ID: omServiceIdDefault
2019-09-04 10:34:03,669 [main] INFO  om.OzoneManager (OzoneManager.java:setOMNodeDetails(655)) - OM Node ID is not set. Setting it to the OmStorage's OmID: ed75ac42-ab9e-4f0d-beb3-f597c9948a89
2019-09-04 10:34:03,669 [main] INFO  om.OzoneManager (OzoneManager.java:loadOMHAConfigs(606)) - Found matching OM address with OMServiceId: null, OMNodeId: null, RPC Address: localhost:0 and Ratis port: 9872
2019-09-04 10:34:03,680 [main] WARN  server.ServerUtils (ServerUtils.java:getDBPath(222)) - ozone.om.db.dirs is not configured. We recommend adding this setting. Falling back to ozone.metadata.dirs instead.
2019-09-04 10:34:03,680 [main] INFO  db.DBStoreBuilder (DBStoreBuilder.java:addTable(110)) - using custom profile for table: userTable
2019-09-04 10:34:03,680 [main] INFO  db.DBStoreBuilder (DBStoreBuilder.java:processTables(161)) - Using default column profile:DBProfile.DISK for Table:userTable
2019-09-04 10:34:03,681 [main] INFO  db.DBStoreBuilder (DBStoreBuilder.java:addTable(110)) - using custom profile for table: volumeTable
2019-09-04 10:34:03,681 [main] INFO  db.DBStoreBuilder (DBStoreBuilder.java:processTables(161)) - Using default column profile:DBProfile.DISK for Table:volumeTable
2019-09-04 10:34:03,681 [main] INFO  db.DBStoreBuilder (DBStoreBuilder.java:addTable(110)) - using custom profile for table: bucketTable
2019-09-04 10:34:03,681 [main] INFO  db.DBStoreBuilder (DBStoreBuilder.java:processTables(161)) - Using default column profile:DBProfile.DISK for Table:bucketTable
2019-09-04 10:34:03,681 [main] INFO  db.DBStoreBuilder (DBStoreBuilder.java:addTable(110)) - using custom profile for table: keyTable
2019-09-04 10:34:03,681 [main] INFO  db.DBStoreBuilder (DBStoreBuilder.java:processTables(161)) - Using default column profile:DBProfile.DISK for Table:keyTable
2019-09-04 10:34:03,682 [main] INFO  db.DBStoreBuilder (DBStoreBuilder.java:addTable(110)) - using custom profile for table: deletedTable
2019-09-04 10:34:03,682 [main] INFO  db.DBStoreBuilder (DBStoreBuilder.java:processTables(161)) - Using default column profile:DBProfile.DISK for Table:deletedTable
2019-09-04 10:34:03,682 [main] INFO  db.DBStoreBuilder (DBStoreBuilder.java:addTable(110)) - using custom profile for table: openKeyTable
2019-09-04 10:34:03,682 [main] INFO  db.DBStoreBuilder (DBStoreBuilder.java:processTables(161)) - Using default column profile:DBProfile.DISK for Table:openKeyTable
2019-09-04 10:34:03,682 [main] INFO  db.DBStoreBuilder (DBStoreBuilder.java:addTable(110)) - using custom profile for table: s3Table
2019-09-04 10:34:03,683 [main] INFO  db.DBStoreBuilder (DBStoreBuilder.java:processTables(161)) - Using default column profile:DBProfile.DISK for Table:s3Table
2019-09-04 10:34:03,683 [main] INFO  db.DBStoreBuilder (DBStoreBuilder.java:addTable(110)) - using custom profile for table: multipartInfoTable
2019-09-04 10:34:03,683 [main] INFO  db.DBStoreBuilder (DBStoreBuilder.java:processTables(161)) - Using default column profile:DBProfile.DISK for Table:multipartInfoTable
2019-09-04 10:34:03,683 [main] INFO  db.DBStoreBuilder (DBStoreBuilder.java:addTable(110)) - using custom profile for table: dTokenTable
2019-09-04 10:34:03,683 [main] INFO  db.DBStoreBuilder (DBStoreBuilder.java:processTables(161)) - Using default column profile:DBProfile.DISK for Table:dTokenTable
2019-09-04 10:34:03,683 [main] INFO  db.DBStoreBuilder (DBStoreBuilder.java:addTable(110)) - using custom profile for table: s3SecretTable
2019-09-04 10:34:03,684 [main] INFO  db.DBStoreBuilder (DBStoreBuilder.java:processTables(161)) - Using default column profile:DBProfile.DISK for Table:s3SecretTable
2019-09-04 10:34:03,684 [main] INFO  db.DBStoreBuilder (DBStoreBuilder.java:addTable(110)) - using custom profile for table: prefixTable
2019-09-04 10:34:03,684 [main] INFO  db.DBStoreBuilder (DBStoreBuilder.java:processTables(161)) - Using default column profile:DBProfile.DISK for Table:prefixTable
2019-09-04 10:34:03,684 [main] INFO  db.DBStoreBuilder (DBStoreBuilder.java:addTable(110)) - using custom profile for table: default
2019-09-04 10:34:03,684 [main] INFO  db.DBStoreBuilder (DBStoreBuilder.java:processTables(167)) - Using default column profile:DBProfile.DISK for Table:default
2019-09-04 10:34:03,684 [main] INFO  db.DBStoreBuilder (DBStoreBuilder.java:getDbProfile(198)) - Using default options. DBProfile.DISK
2019-09-04 10:34:04,126 [main] INFO  ipc.CallQueueManager (CallQueueManager.java:<init>(84)) - Using callQueue: class java.util.concurrent.LinkedBlockingQueue, queueCapacity: 2000, scheduler: class org.apache.hadoop.ipc.DefaultRpcScheduler, ipcBackoff: false.
2019-09-04 10:34:04,127 [Socket Reader #1 for port 35354] INFO  ipc.Server (Server.java:run(1074)) - Starting Socket Reader #1 for port 35354
2019-09-04 10:34:04,140 [main] INFO  om.OzoneManager (OzoneManager.java:start(1240)) - OzoneManager RPC server is listening at localhost/127.0.0.1:35354
2019-09-04 10:34:04,141 [main] INFO  impl.MetricsSystemImpl (MetricsSystemImpl.java:init(158)) - OzoneManager metrics system started (again)
2019-09-04 10:34:04,141 [IPC Server Responder] INFO  ipc.Server (Server.java:run(1314)) - IPC Server Responder: starting
2019-09-04 10:34:04,141 [IPC Server listener on 35354] INFO  ipc.Server (Server.java:run(1153)) - IPC Server listener on 35354: starting
2019-09-04 10:34:04,147 [main] INFO  hdfs.DFSUtil (DFSUtil.java:httpServerTemplateForNNAndJN(1641)) - Starting Web-server for ozoneManager at: http://0.0.0.0:0
2019-09-04 10:34:04,148 [main] INFO  server.AuthenticationFilter (AuthenticationFilter.java:constructSecretProvider(240)) - Unable to initialize FileSignerSecretProvider, falling back to use random secrets.
2019-09-04 10:34:04,149 [main] WARN  http.HttpRequestLog (HttpRequestLog.java:getRequestLog(97)) - Jetty request log can only be enabled using Log4j
2019-09-04 10:34:04,151 [main] INFO  http.HttpServer2 (HttpServer2.java:addGlobalFilter(975)) - Added global filter 'safety' (class=org.apache.hadoop.http.HttpServer2$QuotingInputFilter)
2019-09-04 10:34:04,152 [main] INFO  http.HttpServer2 (HttpServer2.java:addFilter(948)) - Added filter static_user_filter (class=org.apache.hadoop.http.lib.StaticUserWebFilter$StaticUserFilter) to context ozoneManager
2019-09-04 10:34:04,152 [main] INFO  http.HttpServer2 (HttpServer2.java:addFilter(958)) - Added filter static_user_filter (class=org.apache.hadoop.http.lib.StaticUserWebFilter$StaticUserFilter) to context static
2019-09-04 10:34:04,152 [main] INFO  http.HttpServer2 (HttpServer2.java:addFilter(958)) - Added filter static_user_filter (class=org.apache.hadoop.http.lib.StaticUserWebFilter$StaticUserFilter) to context logs
2019-09-04 10:34:04,153 [main] INFO  http.HttpServer2 (HttpServer2.java:bindListener(1191)) - Jetty bound to port 33283
2019-09-04 10:34:04,153 [main] INFO  server.Server (Server.java:doStart(351)) - jetty-9.3.24.v20180605, build timestamp: 2018-06-05T17:11:56Z, git hash: 84205aa28f11a4f31f2a3b86d1bba2cc8ab69827
2019-09-04 10:34:04,155 [main] INFO  handler.ContextHandler (ContextHandler.java:doStart(781)) - Started o.e.j.s.ServletContextHandler@1472208d{/logs,file:///workdir/hadoop-ozone/integration-test/target/log,AVAILABLE}
2019-09-04 10:34:04,156 [main] INFO  handler.ContextHandler (ContextHandler.java:doStart(781)) - Started o.e.j.s.ServletContextHandler@6de004f1{/static,file:///workdir/hadoop-ozone/integration-test/target/test-classes/webapps/static,AVAILABLE}
2019-09-04 10:34:04,161 [main] INFO  handler.ContextHandler (ContextHandler.java:doStart(781)) - Started o.e.j.w.WebAppContext@19827608{/,file:///workdir/hadoop-ozone/integration-test/target/test-classes/webapps/ozoneManager/,AVAILABLE}{/ozoneManager}
2019-09-04 10:34:04,162 [main] INFO  server.AbstractConnector (AbstractConnector.java:doStart(278)) - Started ServerConnector@cc9ef8d{HTTP/1.1,[http/1.1]}{0.0.0.0:33283}
2019-09-04 10:34:04,163 [main] INFO  server.Server (Server.java:doStart(419)) - Started @223284ms
2019-09-04 10:34:04,163 [main] WARN  impl.MetricsSystemImpl (MetricsSystemImpl.java:register(276)) - Sink prometheus already exists!
2019-09-04 10:34:04,164 [main] INFO  server.BaseHttpServer (BaseHttpServer.java:updateConnectorAddress(215)) - HTTP server of OZONEMANAGER is listening at http://0.0.0.0:33283
2019-09-04 10:34:04,180 [main] INFO  impl.MetricsSystemImpl (MetricsSystemImpl.java:init(158)) - HddsDatanode metrics system started (again)
2019-09-04 10:34:04,183 [main] INFO  ozone.HddsDatanodeService (HddsDatanodeService.java:start(184)) - HddsDatanodeService host:pr-hdds-1982-decom-states-67zng-3388626213 ip:192.168.5.153
2019-09-04 10:34:04,189 [main] INFO  volume.HddsVolume (HddsVolume.java:<init>(176)) - Creating Volume: /workdir/hadoop-ozone/integration-test/target/test-dir/MiniOzoneClusterImpl-33e08fff-e413-484d-8ff0-936effcd748a/datanode-0/data/containers/hdds of  storage type : DISK and capacity : 1482555576320
2019-09-04 10:34:04,189 [main] INFO  volume.VolumeSet (VolumeSet.java:initializeVolumeSet(170)) - Added Volume : /workdir/hadoop-ozone/integration-test/target/test-dir/MiniOzoneClusterImpl-33e08fff-e413-484d-8ff0-936effcd748a/datanode-0/data/containers/hdds to VolumeSet
2019-09-04 10:34:04,189 [main] INFO  volume.ThrottledAsyncChecker (ThrottledAsyncChecker.java:schedule(140)) - Scheduling a check for org.apache.hadoop.ozone.container.common.volume.HddsVolume@15214920
2019-09-04 10:34:04,190 [main] INFO  volume.HddsVolumeChecker (HddsVolumeChecker.java:checkAllVolumes(203)) - Scheduled health check for volume org.apache.hadoop.ozone.container.common.volume.HddsVolume@15214920
2019-09-04 10:34:04,206 [main] INFO  impl.RaftServerProxy (ConfUtils.java:logGet(43)) - raft.rpc.type = GRPC (default)
2019-09-04 10:34:04,206 [main] INFO  grpc.GrpcFactory (GrpcFactory.java:checkPooledByteBufAllocatorUseCacheForAllThreads(45)) - PERFORMANCE WARNING: useCacheForAllThreads is true that may cause Netty to create a lot garbage objects and, as a result, trigger GC.
	It is recommended to disable useCacheForAllThreads by setting -Dorg.apache.ratis.thirdparty.io.netty.allocator.useCacheForAllThreads=false in command line.
2019-09-04 10:34:04,207 [main] INFO  grpc.GrpcConfigKeys$Server (ConfUtils.java:logGet(43)) - raft.grpc.server.port = 0 (default)
2019-09-04 10:34:04,207 [main] INFO  server.GrpcService (ConfUtils.java:logGet(43)) - raft.grpc.message.size.max = 33570816 (custom)
2019-09-04 10:34:04,207 [main] INFO  server.RaftServerConfigKeys (ConfUtils.java:logGet(43)) - raft.server.log.appender.buffer.byte-limit = 33554432 (custom)
2019-09-04 10:34:04,207 [main] INFO  server.GrpcService (ConfUtils.java:logGet(43)) - raft.grpc.flow.control.window = 1MB (=1048576) (default)
2019-09-04 10:34:04,207 [main] INFO  server.RaftServerConfigKeys (ConfUtils.java:logGet(43)) - raft.server.rpc.request.timeout = 3000ms (default)
2019-09-04 10:34:04,208 [main] INFO  server.RaftServerConfigKeys (ConfUtils.java:logGet(43)) - raft.server.storage.dir = [/workdir/hadoop-ozone/integration-test/target/test-dir/MiniOzoneClusterImpl-33e08fff-e413-484d-8ff0-936effcd748a/datanode-0/data/ratis] (custom)
2019-09-04 10:34:04,210 [main] INFO  hdfs.DFSUtil (DFSUtil.java:httpServerTemplateForNNAndJN(1641)) - Starting Web-server for hddsDatanode at: http://0.0.0.0:0
2019-09-04 10:34:04,212 [main] INFO  server.AuthenticationFilter (AuthenticationFilter.java:constructSecretProvider(240)) - Unable to initialize FileSignerSecretProvider, falling back to use random secrets.
2019-09-04 10:34:04,212 [main] WARN  http.HttpRequestLog (HttpRequestLog.java:getRequestLog(97)) - Jetty request log can only be enabled using Log4j
2019-09-04 10:34:04,214 [main] INFO  http.HttpServer2 (HttpServer2.java:addGlobalFilter(975)) - Added global filter 'safety' (class=org.apache.hadoop.http.HttpServer2$QuotingInputFilter)
2019-09-04 10:34:04,215 [main] INFO  http.HttpServer2 (HttpServer2.java:addFilter(948)) - Added filter static_user_filter (class=org.apache.hadoop.http.lib.StaticUserWebFilter$StaticUserFilter) to context hddsDatanode
2019-09-04 10:34:04,215 [main] INFO  http.HttpServer2 (HttpServer2.java:addFilter(958)) - Added filter static_user_filter (class=org.apache.hadoop.http.lib.StaticUserWebFilter$StaticUserFilter) to context logs
2019-09-04 10:34:04,216 [main] INFO  http.HttpServer2 (HttpServer2.java:addFilter(958)) - Added filter static_user_filter (class=org.apache.hadoop.http.lib.StaticUserWebFilter$StaticUserFilter) to context static
2019-09-04 10:34:04,217 [main] INFO  http.HttpServer2 (HttpServer2.java:bindListener(1191)) - Jetty bound to port 46703
2019-09-04 10:34:04,217 [main] INFO  server.Server (Server.java:doStart(351)) - jetty-9.3.24.v20180605, build timestamp: 2018-06-05T17:11:56Z, git hash: 84205aa28f11a4f31f2a3b86d1bba2cc8ab69827
2019-09-04 10:34:04,219 [main] INFO  handler.ContextHandler (ContextHandler.java:doStart(781)) - Started o.e.j.s.ServletContextHandler@35145874{/logs,file:///workdir/hadoop-ozone/integration-test/target/log,AVAILABLE}
2019-09-04 10:34:04,220 [main] INFO  handler.ContextHandler (ContextHandler.java:doStart(781)) - Started o.e.j.s.ServletContextHandler@11df2829{/static,jar:file:/home/user/.m2/repository/org/apache/hadoop/hadoop-hdds-container-service/0.5.0-SNAPSHOT/hadoop-hdds-container-service-0.5.0-SNAPSHOT.jar!/webapps/static,AVAILABLE}
2019-09-04 10:34:04,247 [main] INFO  handler.ContextHandler (ContextHandler.java:doStart(781)) - Started o.e.j.w.WebAppContext@8fcc534{/,file:///tmp/jetty-0.0.0.0-46703-hddsDatanode-_-any-4479877009247697131.dir/webapp/,AVAILABLE}{/hddsDatanode}
2019-09-04 10:34:04,247 [main] INFO  server.AbstractConnector (AbstractConnector.java:doStart(278)) - Started ServerConnector@5e599100{HTTP/1.1,[http/1.1]}{0.0.0.0:46703}
2019-09-04 10:34:04,249 [main] INFO  server.Server (Server.java:doStart(419)) - Started @223370ms
2019-09-04 10:34:04,249 [main] WARN  impl.MetricsSystemImpl (MetricsSystemImpl.java:register(276)) - Sink prometheus already exists!
2019-09-04 10:34:04,250 [main] INFO  server.BaseHttpServer (BaseHttpServer.java:updateConnectorAddress(215)) - HTTP server of HDDSDATANODE is listening at http://0.0.0.0:46703
2019-09-04 10:34:04,250 [main] INFO  impl.MetricsSystemImpl (MetricsSystemImpl.java:init(158)) - HddsDatanode metrics system started (again)
2019-09-04 10:34:04,253 [org.apache.hadoop.util.JvmPauseMonitor$Monitor@d2c4874] INFO  util.JvmPauseMonitor (JvmPauseMonitor.java:run(188)) - Starting JVM pause monitor
2019-09-04 10:34:04,254 [main] INFO  ozone.HddsDatanodeService (HddsDatanodeService.java:start(184)) - HddsDatanodeService host:pr-hdds-1982-decom-states-67zng-3388626213 ip:192.168.5.153
2019-09-04 10:34:04,254 [Datanode State Machine Thread - 0] INFO  datanode.InitDatanodeState (InitDatanodeState.java:persistContainerDatanodeDetails(140)) - DatanodeDetails is persisted to /workdir/hadoop-ozone/integration-test/target/test-dir/MiniOzoneClusterImpl-33e08fff-e413-484d-8ff0-936effcd748a/datanode-0/meta/datanode.id
2019-09-04 10:34:04,260 [main] INFO  volume.HddsVolume (HddsVolume.java:<init>(176)) - Creating Volume: /workdir/hadoop-ozone/integration-test/target/test-dir/MiniOzoneClusterImpl-33e08fff-e413-484d-8ff0-936effcd748a/datanode-1/data/containers/hdds of  storage type : DISK and capacity : 1482555576320
2019-09-04 10:34:04,260 [main] INFO  volume.VolumeSet (VolumeSet.java:initializeVolumeSet(170)) - Added Volume : /workdir/hadoop-ozone/integration-test/target/test-dir/MiniOzoneClusterImpl-33e08fff-e413-484d-8ff0-936effcd748a/datanode-1/data/containers/hdds to VolumeSet
2019-09-04 10:34:04,261 [main] INFO  volume.ThrottledAsyncChecker (ThrottledAsyncChecker.java:schedule(140)) - Scheduling a check for org.apache.hadoop.ozone.container.common.volume.HddsVolume@13250132
2019-09-04 10:34:04,261 [main] INFO  volume.HddsVolumeChecker (HddsVolumeChecker.java:checkAllVolumes(203)) - Scheduled health check for volume org.apache.hadoop.ozone.container.common.volume.HddsVolume@13250132
2019-09-04 10:34:04,512 [main] INFO  impl.RaftServerProxy (ConfUtils.java:logGet(43)) - raft.rpc.type = GRPC (default)
2019-09-04 10:34:04,517 [main] INFO  grpc.GrpcFactory (GrpcFactory.java:checkPooledByteBufAllocatorUseCacheForAllThreads(45)) - PERFORMANCE WARNING: useCacheForAllThreads is true that may cause Netty to create a lot garbage objects and, as a result, trigger GC.
	It is recommended to disable useCacheForAllThreads by setting -Dorg.apache.ratis.thirdparty.io.netty.allocator.useCacheForAllThreads=false in command line.
2019-09-04 10:34:04,518 [main] INFO  grpc.GrpcConfigKeys$Server (ConfUtils.java:logGet(43)) - raft.grpc.server.port = 0 (default)
2019-09-04 10:34:04,518 [main] INFO  server.GrpcService (ConfUtils.java:logGet(43)) - raft.grpc.message.size.max = 33570816 (custom)
2019-09-04 10:34:04,518 [main] INFO  server.RaftServerConfigKeys (ConfUtils.java:logGet(43)) - raft.server.log.appender.buffer.byte-limit = 33554432 (custom)
2019-09-04 10:34:04,518 [main] INFO  server.GrpcService (ConfUtils.java:logGet(43)) - raft.grpc.flow.control.window = 1MB (=1048576) (default)
2019-09-04 10:34:04,521 [main] INFO  server.RaftServerConfigKeys (ConfUtils.java:logGet(43)) - raft.server.rpc.request.timeout = 3000ms (default)
2019-09-04 10:34:04,526 [main] INFO  server.RaftServerConfigKeys (ConfUtils.java:logGet(43)) - raft.server.storage.dir = [/workdir/hadoop-ozone/integration-test/target/test-dir/MiniOzoneClusterImpl-33e08fff-e413-484d-8ff0-936effcd748a/datanode-1/data/ratis] (custom)
2019-09-04 10:34:04,546 [main] INFO  hdfs.DFSUtil (DFSUtil.java:httpServerTemplateForNNAndJN(1641)) - Starting Web-server for hddsDatanode at: http://0.0.0.0:0
2019-09-04 10:34:04,551 [main] INFO  server.AuthenticationFilter (AuthenticationFilter.java:constructSecretProvider(240)) - Unable to initialize FileSignerSecretProvider, falling back to use random secrets.
2019-09-04 10:34:04,554 [main] WARN  http.HttpRequestLog (HttpRequestLog.java:getRequestLog(97)) - Jetty request log can only be enabled using Log4j
2019-09-04 10:34:04,599 [main] INFO  http.HttpServer2 (HttpServer2.java:addGlobalFilter(975)) - Added global filter 'safety' (class=org.apache.hadoop.http.HttpServer2$QuotingInputFilter)
2019-09-04 10:34:04,633 [main] INFO  http.HttpServer2 (HttpServer2.java:addFilter(948)) - Added filter static_user_filter (class=org.apache.hadoop.http.lib.StaticUserWebFilter$StaticUserFilter) to context hddsDatanode
2019-09-04 10:34:04,633 [main] INFO  http.HttpServer2 (HttpServer2.java:addFilter(958)) - Added filter static_user_filter (class=org.apache.hadoop.http.lib.StaticUserWebFilter$StaticUserFilter) to context logs
2019-09-04 10:34:04,657 [main] INFO  http.HttpServer2 (HttpServer2.java:addFilter(958)) - Added filter static_user_filter (class=org.apache.hadoop.http.lib.StaticUserWebFilter$StaticUserFilter) to context static
2019-09-04 10:34:04,658 [main] INFO  http.HttpServer2 (HttpServer2.java:bindListener(1191)) - Jetty bound to port 34390
2019-09-04 10:34:04,661 [main] INFO  server.Server (Server.java:doStart(351)) - jetty-9.3.24.v20180605, build timestamp: 2018-06-05T17:11:56Z, git hash: 84205aa28f11a4f31f2a3b86d1bba2cc8ab69827
2019-09-04 10:34:04,666 [main] INFO  handler.ContextHandler (ContextHandler.java:doStart(781)) - Started o.e.j.s.ServletContextHandler@5db3d57c{/logs,file:///workdir/hadoop-ozone/integration-test/target/log,AVAILABLE}
2019-09-04 10:34:04,667 [main] INFO  handler.ContextHandler (ContextHandler.java:doStart(781)) - Started o.e.j.s.ServletContextHandler@74ba6ff5{/static,jar:file:/home/user/.m2/repository/org/apache/hadoop/hadoop-hdds-container-service/0.5.0-SNAPSHOT/hadoop-hdds-container-service-0.5.0-SNAPSHOT.jar!/webapps/static,AVAILABLE}
2019-09-04 10:34:04,700 [main] INFO  handler.ContextHandler (ContextHandler.java:doStart(781)) - Started o.e.j.w.WebAppContext@25791d40{/,file:///tmp/jetty-0.0.0.0-34390-hddsDatanode-_-any-5625064326920361737.dir/webapp/,AVAILABLE}{/hddsDatanode}
2019-09-04 10:34:04,700 [main] INFO  server.AbstractConnector (AbstractConnector.java:doStart(278)) - Started ServerConnector@448c92fc{HTTP/1.1,[http/1.1]}{0.0.0.0:34390}
2019-09-04 10:34:04,701 [main] INFO  server.Server (Server.java:doStart(419)) - Started @223822ms
2019-09-04 10:34:04,701 [main] WARN  impl.MetricsSystemImpl (MetricsSystemImpl.java:register(276)) - Sink prometheus already exists!
2019-09-04 10:34:04,702 [main] INFO  server.BaseHttpServer (BaseHttpServer.java:updateConnectorAddress(215)) - HTTP server of HDDSDATANODE is listening at http://0.0.0.0:34390
2019-09-04 10:34:04,703 [main] INFO  impl.MetricsSystemImpl (MetricsSystemImpl.java:init(158)) - HddsDatanode metrics system started (again)
2019-09-04 10:34:04,706 [org.apache.hadoop.util.JvmPauseMonitor$Monitor@3f455123] INFO  util.JvmPauseMonitor (JvmPauseMonitor.java:run(188)) - Starting JVM pause monitor
2019-09-04 10:34:04,707 [main] INFO  ozone.HddsDatanodeService (HddsDatanodeService.java:start(184)) - HddsDatanodeService host:pr-hdds-1982-decom-states-67zng-3388626213 ip:192.168.5.153
2019-09-04 10:34:04,708 [Datanode State Machine Thread - 0] INFO  datanode.InitDatanodeState (InitDatanodeState.java:persistContainerDatanodeDetails(140)) - DatanodeDetails is persisted to /workdir/hadoop-ozone/integration-test/target/test-dir/MiniOzoneClusterImpl-33e08fff-e413-484d-8ff0-936effcd748a/datanode-1/meta/datanode.id
2019-09-04 10:34:04,714 [main] INFO  volume.HddsVolume (HddsVolume.java:<init>(176)) - Creating Volume: /workdir/hadoop-ozone/integration-test/target/test-dir/MiniOzoneClusterImpl-33e08fff-e413-484d-8ff0-936effcd748a/datanode-2/data/containers/hdds of  storage type : DISK and capacity : 1482555576320
2019-09-04 10:34:04,715 [main] INFO  volume.VolumeSet (VolumeSet.java:initializeVolumeSet(170)) - Added Volume : /workdir/hadoop-ozone/integration-test/target/test-dir/MiniOzoneClusterImpl-33e08fff-e413-484d-8ff0-936effcd748a/datanode-2/data/containers/hdds to VolumeSet
2019-09-04 10:34:04,715 [main] INFO  volume.ThrottledAsyncChecker (ThrottledAsyncChecker.java:schedule(140)) - Scheduling a check for org.apache.hadoop.ozone.container.common.volume.HddsVolume@1efac5b9
2019-09-04 10:34:04,716 [main] INFO  volume.HddsVolumeChecker (HddsVolumeChecker.java:checkAllVolumes(203)) - Scheduled health check for volume org.apache.hadoop.ozone.container.common.volume.HddsVolume@1efac5b9
2019-09-04 10:34:04,733 [main] INFO  impl.RaftServerProxy (ConfUtils.java:logGet(43)) - raft.rpc.type = GRPC (default)
2019-09-04 10:34:04,733 [main] INFO  grpc.GrpcFactory (GrpcFactory.java:checkPooledByteBufAllocatorUseCacheForAllThreads(45)) - PERFORMANCE WARNING: useCacheForAllThreads is true that may cause Netty to create a lot garbage objects and, as a result, trigger GC.
	It is recommended to disable useCacheForAllThreads by setting -Dorg.apache.ratis.thirdparty.io.netty.allocator.useCacheForAllThreads=false in command line.
2019-09-04 10:34:04,734 [main] INFO  grpc.GrpcConfigKeys$Server (ConfUtils.java:logGet(43)) - raft.grpc.server.port = 0 (default)
2019-09-04 10:34:04,734 [main] INFO  server.GrpcService (ConfUtils.java:logGet(43)) - raft.grpc.message.size.max = 33570816 (custom)
2019-09-04 10:34:04,734 [main] INFO  server.RaftServerConfigKeys (ConfUtils.java:logGet(43)) - raft.server.log.appender.buffer.byte-limit = 33554432 (custom)
2019-09-04 10:34:04,735 [main] INFO  server.GrpcService (ConfUtils.java:logGet(43)) - raft.grpc.flow.control.window = 1MB (=1048576) (default)
2019-09-04 10:34:04,735 [main] INFO  server.RaftServerConfigKeys (ConfUtils.java:logGet(43)) - raft.server.rpc.request.timeout = 3000ms (default)
2019-09-04 10:34:04,735 [main] INFO  server.RaftServerConfigKeys (ConfUtils.java:logGet(43)) - raft.server.storage.dir = [/workdir/hadoop-ozone/integration-test/target/test-dir/MiniOzoneClusterImpl-33e08fff-e413-484d-8ff0-936effcd748a/datanode-2/data/ratis] (custom)
2019-09-04 10:34:04,737 [main] INFO  hdfs.DFSUtil (DFSUtil.java:httpServerTemplateForNNAndJN(1641)) - Starting Web-server for hddsDatanode at: http://0.0.0.0:0
2019-09-04 10:34:04,738 [main] INFO  server.AuthenticationFilter (AuthenticationFilter.java:constructSecretProvider(240)) - Unable to initialize FileSignerSecretProvider, falling back to use random secrets.
2019-09-04 10:34:04,739 [main] WARN  http.HttpRequestLog (HttpRequestLog.java:getRequestLog(97)) - Jetty request log can only be enabled using Log4j
2019-09-04 10:34:04,740 [main] INFO  http.HttpServer2 (HttpServer2.java:addGlobalFilter(975)) - Added global filter 'safety' (class=org.apache.hadoop.http.HttpServer2$QuotingInputFilter)
2019-09-04 10:34:04,741 [main] INFO  http.HttpServer2 (HttpServer2.java:addFilter(948)) - Added filter static_user_filter (class=org.apache.hadoop.http.lib.StaticUserWebFilter$StaticUserFilter) to context hddsDatanode
2019-09-04 10:34:04,741 [main] INFO  http.HttpServer2 (HttpServer2.java:addFilter(958)) - Added filter static_user_filter (class=org.apache.hadoop.http.lib.StaticUserWebFilter$StaticUserFilter) to context logs
2019-09-04 10:34:04,741 [main] INFO  http.HttpServer2 (HttpServer2.java:addFilter(958)) - Added filter static_user_filter (class=org.apache.hadoop.http.lib.StaticUserWebFilter$StaticUserFilter) to context static
2019-09-04 10:34:04,742 [main] INFO  http.HttpServer2 (HttpServer2.java:bindListener(1191)) - Jetty bound to port 40321
2019-09-04 10:34:04,742 [main] INFO  server.Server (Server.java:doStart(351)) - jetty-9.3.24.v20180605, build timestamp: 2018-06-05T17:11:56Z, git hash: 84205aa28f11a4f31f2a3b86d1bba2cc8ab69827
2019-09-04 10:34:04,744 [main] INFO  handler.ContextHandler (ContextHandler.java:doStart(781)) - Started o.e.j.s.ServletContextHandler@1b37fbec{/logs,file:///workdir/hadoop-ozone/integration-test/target/log,AVAILABLE}
2019-09-04 10:34:04,745 [main] INFO  handler.ContextHandler (ContextHandler.java:doStart(781)) - Started o.e.j.s.ServletContextHandler@bb3ecfe{/static,jar:file:/home/user/.m2/repository/org/apache/hadoop/hadoop-hdds-container-service/0.5.0-SNAPSHOT/hadoop-hdds-container-service-0.5.0-SNAPSHOT.jar!/webapps/static,AVAILABLE}
2019-09-04 10:34:04,780 [main] INFO  handler.ContextHandler (ContextHandler.java:doStart(781)) - Started o.e.j.w.WebAppContext@76cdafa3{/,file:///tmp/jetty-0.0.0.0-40321-hddsDatanode-_-any-2875509424598561640.dir/webapp/,AVAILABLE}{/hddsDatanode}
2019-09-04 10:34:04,781 [main] INFO  server.AbstractConnector (AbstractConnector.java:doStart(278)) - Started ServerConnector@6b27b2d0{HTTP/1.1,[http/1.1]}{0.0.0.0:40321}
2019-09-04 10:34:04,782 [main] INFO  server.Server (Server.java:doStart(419)) - Started @223903ms
2019-09-04 10:34:04,782 [main] WARN  impl.MetricsSystemImpl (MetricsSystemImpl.java:register(276)) - Sink prometheus already exists!
2019-09-04 10:34:04,783 [main] INFO  server.BaseHttpServer (BaseHttpServer.java:updateConnectorAddress(215)) - HTTP server of HDDSDATANODE is listening at http://0.0.0.0:40321
2019-09-04 10:34:04,783 [main] INFO  impl.MetricsSystemImpl (MetricsSystemImpl.java:init(158)) - HddsDatanode metrics system started (again)
2019-09-04 10:34:04,787 [main] INFO  ozone.HddsDatanodeService (HddsDatanodeService.java:start(184)) - HddsDatanodeService host:pr-hdds-1982-decom-states-67zng-3388626213 ip:192.168.5.153
2019-09-04 10:34:04,787 [org.apache.hadoop.util.JvmPauseMonitor$Monitor@33bd5cf7] INFO  util.JvmPauseMonitor (JvmPauseMonitor.java:run(188)) - Starting JVM pause monitor
2019-09-04 10:34:04,788 [Datanode State Machine Thread - 0] INFO  datanode.InitDatanodeState (InitDatanodeState.java:persistContainerDatanodeDetails(140)) - DatanodeDetails is persisted to /workdir/hadoop-ozone/integration-test/target/test-dir/MiniOzoneClusterImpl-33e08fff-e413-484d-8ff0-936effcd748a/datanode-2/meta/datanode.id
2019-09-04 10:34:04,794 [main] INFO  volume.HddsVolume (HddsVolume.java:<init>(176)) - Creating Volume: /workdir/hadoop-ozone/integration-test/target/test-dir/MiniOzoneClusterImpl-33e08fff-e413-484d-8ff0-936effcd748a/datanode-3/data/containers/hdds of  storage type : DISK and capacity : 1482555576320
2019-09-04 10:34:04,795 [main] INFO  volume.VolumeSet (VolumeSet.java:initializeVolumeSet(170)) - Added Volume : /workdir/hadoop-ozone/integration-test/target/test-dir/MiniOzoneClusterImpl-33e08fff-e413-484d-8ff0-936effcd748a/datanode-3/data/containers/hdds to VolumeSet
2019-09-04 10:34:04,795 [main] INFO  volume.ThrottledAsyncChecker (ThrottledAsyncChecker.java:schedule(140)) - Scheduling a check for org.apache.hadoop.ozone.container.common.volume.HddsVolume@3c81cd82
2019-09-04 10:34:04,796 [main] INFO  volume.HddsVolumeChecker (HddsVolumeChecker.java:checkAllVolumes(203)) - Scheduled health check for volume org.apache.hadoop.ozone.container.common.volume.HddsVolume@3c81cd82
2019-09-04 10:34:04,810 [main] INFO  impl.RaftServerProxy (ConfUtils.java:logGet(43)) - raft.rpc.type = GRPC (default)
2019-09-04 10:34:04,810 [main] INFO  grpc.GrpcFactory (GrpcFactory.java:checkPooledByteBufAllocatorUseCacheForAllThreads(45)) - PERFORMANCE WARNING: useCacheForAllThreads is true that may cause Netty to create a lot garbage objects and, as a result, trigger GC.
	It is recommended to disable useCacheForAllThreads by setting -Dorg.apache.ratis.thirdparty.io.netty.allocator.useCacheForAllThreads=false in command line.
2019-09-04 10:34:04,810 [main] INFO  grpc.GrpcConfigKeys$Server (ConfUtils.java:logGet(43)) - raft.grpc.server.port = 0 (default)
2019-09-04 10:34:04,810 [main] INFO  server.GrpcService (ConfUtils.java:logGet(43)) - raft.grpc.message.size.max = 33570816 (custom)
2019-09-04 10:34:04,811 [main] INFO  server.RaftServerConfigKeys (ConfUtils.java:logGet(43)) - raft.server.log.appender.buffer.byte-limit = 33554432 (custom)
2019-09-04 10:34:04,811 [main] INFO  server.GrpcService (ConfUtils.java:logGet(43)) - raft.grpc.flow.control.window = 1MB (=1048576) (default)
2019-09-04 10:34:04,811 [main] INFO  server.RaftServerConfigKeys (ConfUtils.java:logGet(43)) - raft.server.rpc.request.timeout = 3000ms (default)
2019-09-04 10:34:04,812 [main] INFO  server.RaftServerConfigKeys (ConfUtils.java:logGet(43)) - raft.server.storage.dir = [/workdir/hadoop-ozone/integration-test/target/test-dir/MiniOzoneClusterImpl-33e08fff-e413-484d-8ff0-936effcd748a/datanode-3/data/ratis] (custom)
2019-09-04 10:34:04,813 [main] INFO  hdfs.DFSUtil (DFSUtil.java:httpServerTemplateForNNAndJN(1641)) - Starting Web-server for hddsDatanode at: http://0.0.0.0:0
2019-09-04 10:34:04,814 [main] INFO  server.AuthenticationFilter (AuthenticationFilter.java:constructSecretProvider(240)) - Unable to initialize FileSignerSecretProvider, falling back to use random secrets.
2019-09-04 10:34:04,815 [main] WARN  http.HttpRequestLog (HttpRequestLog.java:getRequestLog(97)) - Jetty request log can only be enabled using Log4j
2019-09-04 10:34:04,816 [main] INFO  http.HttpServer2 (HttpServer2.java:addGlobalFilter(975)) - Added global filter 'safety' (class=org.apache.hadoop.http.HttpServer2$QuotingInputFilter)
2019-09-04 10:34:04,816 [main] INFO  http.HttpServer2 (HttpServer2.java:addFilter(948)) - Added filter static_user_filter (class=org.apache.hadoop.http.lib.StaticUserWebFilter$StaticUserFilter) to context hddsDatanode
2019-09-04 10:34:04,817 [main] INFO  http.HttpServer2 (HttpServer2.java:addFilter(958)) - Added filter static_user_filter (class=org.apache.hadoop.http.lib.StaticUserWebFilter$StaticUserFilter) to context logs
2019-09-04 10:34:04,817 [main] INFO  http.HttpServer2 (HttpServer2.java:addFilter(958)) - Added filter static_user_filter (class=org.apache.hadoop.http.lib.StaticUserWebFilter$StaticUserFilter) to context static
2019-09-04 10:34:04,817 [main] INFO  http.HttpServer2 (HttpServer2.java:bindListener(1191)) - Jetty bound to port 39260
2019-09-04 10:34:04,818 [main] INFO  server.Server (Server.java:doStart(351)) - jetty-9.3.24.v20180605, build timestamp: 2018-06-05T17:11:56Z, git hash: 84205aa28f11a4f31f2a3b86d1bba2cc8ab69827
2019-09-04 10:34:04,819 [main] INFO  handler.ContextHandler (ContextHandler.java:doStart(781)) - Started o.e.j.s.ServletContextHandler@355ce6a6{/logs,file:///workdir/hadoop-ozone/integration-test/target/log,AVAILABLE}
2019-09-04 10:34:04,820 [main] INFO  handler.ContextHandler (ContextHandler.java:doStart(781)) - Started o.e.j.s.ServletContextHandler@1e3f86d5{/static,jar:file:/home/user/.m2/repository/org/apache/hadoop/hadoop-hdds-container-service/0.5.0-SNAPSHOT/hadoop-hdds-container-service-0.5.0-SNAPSHOT.jar!/webapps/static,AVAILABLE}
2019-09-04 10:34:04,865 [main] INFO  handler.ContextHandler (ContextHandler.java:doStart(781)) - Started o.e.j.w.WebAppContext@8e99809{/,file:///tmp/jetty-0.0.0.0-39260-hddsDatanode-_-any-4674493152240189863.dir/webapp/,AVAILABLE}{/hddsDatanode}
2019-09-04 10:34:04,866 [main] INFO  server.AbstractConnector (AbstractConnector.java:doStart(278)) - Started ServerConnector@e62319f{HTTP/1.1,[http/1.1]}{0.0.0.0:39260}
2019-09-04 10:34:04,868 [main] INFO  server.Server (Server.java:doStart(419)) - Started @223989ms
2019-09-04 10:34:04,868 [main] WARN  impl.MetricsSystemImpl (MetricsSystemImpl.java:register(276)) - Sink prometheus already exists!
2019-09-04 10:34:04,869 [main] INFO  server.BaseHttpServer (BaseHttpServer.java:updateConnectorAddress(215)) - HTTP server of HDDSDATANODE is listening at http://0.0.0.0:39260
2019-09-04 10:34:04,869 [main] INFO  impl.MetricsSystemImpl (MetricsSystemImpl.java:init(158)) - HddsDatanode metrics system started (again)
2019-09-04 10:34:04,874 [org.apache.hadoop.util.JvmPauseMonitor$Monitor@338217ba] INFO  util.JvmPauseMonitor (JvmPauseMonitor.java:run(188)) - Starting JVM pause monitor
2019-09-04 10:34:04,875 [main] INFO  ozone.HddsDatanodeService (HddsDatanodeService.java:start(184)) - HddsDatanodeService host:pr-hdds-1982-decom-states-67zng-3388626213 ip:192.168.5.153
2019-09-04 10:34:04,876 [Datanode State Machine Thread - 0] INFO  datanode.InitDatanodeState (InitDatanodeState.java:persistContainerDatanodeDetails(140)) - DatanodeDetails is persisted to /workdir/hadoop-ozone/integration-test/target/test-dir/MiniOzoneClusterImpl-33e08fff-e413-484d-8ff0-936effcd748a/datanode-3/meta/datanode.id
2019-09-04 10:34:04,883 [main] INFO  volume.HddsVolume (HddsVolume.java:<init>(176)) - Creating Volume: /workdir/hadoop-ozone/integration-test/target/test-dir/MiniOzoneClusterImpl-33e08fff-e413-484d-8ff0-936effcd748a/datanode-4/data/containers/hdds of  storage type : DISK and capacity : 1482555576320
2019-09-04 10:34:04,884 [main] INFO  volume.VolumeSet (VolumeSet.java:initializeVolumeSet(170)) - Added Volume : /workdir/hadoop-ozone/integration-test/target/test-dir/MiniOzoneClusterImpl-33e08fff-e413-484d-8ff0-936effcd748a/datanode-4/data/containers/hdds to VolumeSet
2019-09-04 10:34:04,884 [main] INFO  volume.ThrottledAsyncChecker (ThrottledAsyncChecker.java:schedule(140)) - Scheduling a check for org.apache.hadoop.ozone.container.common.volume.HddsVolume@1511d157
2019-09-04 10:34:04,884 [main] INFO  volume.HddsVolumeChecker (HddsVolumeChecker.java:checkAllVolumes(203)) - Scheduled health check for volume org.apache.hadoop.ozone.container.common.volume.HddsVolume@1511d157
2019-09-04 10:34:04,909 [main] INFO  impl.RaftServerProxy (ConfUtils.java:logGet(43)) - raft.rpc.type = GRPC (default)
2019-09-04 10:34:04,909 [main] INFO  grpc.GrpcFactory (GrpcFactory.java:checkPooledByteBufAllocatorUseCacheForAllThreads(45)) - PERFORMANCE WARNING: useCacheForAllThreads is true that may cause Netty to create a lot garbage objects and, as a result, trigger GC.
	It is recommended to disable useCacheForAllThreads by setting -Dorg.apache.ratis.thirdparty.io.netty.allocator.useCacheForAllThreads=false in command line.
2019-09-04 10:34:04,910 [main] INFO  grpc.GrpcConfigKeys$Server (ConfUtils.java:logGet(43)) - raft.grpc.server.port = 0 (default)
2019-09-04 10:34:04,910 [main] INFO  server.GrpcService (ConfUtils.java:logGet(43)) - raft.grpc.message.size.max = 33570816 (custom)
2019-09-04 10:34:04,910 [main] INFO  server.RaftServerConfigKeys (ConfUtils.java:logGet(43)) - raft.server.log.appender.buffer.byte-limit = 33554432 (custom)
2019-09-04 10:34:04,911 [main] INFO  server.GrpcService (ConfUtils.java:logGet(43)) - raft.grpc.flow.control.window = 1MB (=1048576) (default)
2019-09-04 10:34:04,911 [main] INFO  server.RaftServerConfigKeys (ConfUtils.java:logGet(43)) - raft.server.rpc.request.timeout = 3000ms (default)
2019-09-04 10:34:04,912 [main] INFO  server.RaftServerConfigKeys (ConfUtils.java:logGet(43)) - raft.server.storage.dir = [/workdir/hadoop-ozone/integration-test/target/test-dir/MiniOzoneClusterImpl-33e08fff-e413-484d-8ff0-936effcd748a/datanode-4/data/ratis] (custom)
2019-09-04 10:34:04,914 [main] INFO  hdfs.DFSUtil (DFSUtil.java:httpServerTemplateForNNAndJN(1641)) - Starting Web-server for hddsDatanode at: http://0.0.0.0:0
2019-09-04 10:34:04,917 [main] INFO  server.AuthenticationFilter (AuthenticationFilter.java:constructSecretProvider(240)) - Unable to initialize FileSignerSecretProvider, falling back to use random secrets.
2019-09-04 10:34:04,917 [main] WARN  http.HttpRequestLog (HttpRequestLog.java:getRequestLog(97)) - Jetty request log can only be enabled using Log4j
2019-09-04 10:34:04,920 [main] INFO  http.HttpServer2 (HttpServer2.java:addGlobalFilter(975)) - Added global filter 'safety' (class=org.apache.hadoop.http.HttpServer2$QuotingInputFilter)
2019-09-04 10:34:04,921 [main] INFO  http.HttpServer2 (HttpServer2.java:addFilter(948)) - Added filter static_user_filter (class=org.apache.hadoop.http.lib.StaticUserWebFilter$StaticUserFilter) to context hddsDatanode
2019-09-04 10:34:04,921 [main] INFO  http.HttpServer2 (HttpServer2.java:addFilter(958)) - Added filter static_user_filter (class=org.apache.hadoop.http.lib.StaticUserWebFilter$StaticUserFilter) to context logs
2019-09-04 10:34:04,922 [main] INFO  http.HttpServer2 (HttpServer2.java:addFilter(958)) - Added filter static_user_filter (class=org.apache.hadoop.http.lib.StaticUserWebFilter$StaticUserFilter) to context static
2019-09-04 10:34:04,923 [main] INFO  http.HttpServer2 (HttpServer2.java:bindListener(1191)) - Jetty bound to port 34543
2019-09-04 10:34:04,923 [main] INFO  server.Server (Server.java:doStart(351)) - jetty-9.3.24.v20180605, build timestamp: 2018-06-05T17:11:56Z, git hash: 84205aa28f11a4f31f2a3b86d1bba2cc8ab69827
2019-09-04 10:34:04,925 [main] INFO  handler.ContextHandler (ContextHandler.java:doStart(781)) - Started o.e.j.s.ServletContextHandler@1e40fbb3{/logs,file:///workdir/hadoop-ozone/integration-test/target/log,AVAILABLE}
2019-09-04 10:34:04,926 [main] INFO  handler.ContextHandler (ContextHandler.java:doStart(781)) - Started o.e.j.s.ServletContextHandler@9e02f84{/static,jar:file:/home/user/.m2/repository/org/apache/hadoop/hadoop-hdds-container-service/0.5.0-SNAPSHOT/hadoop-hdds-container-service-0.5.0-SNAPSHOT.jar!/webapps/static,AVAILABLE}
2019-09-04 10:34:04,956 [main] INFO  handler.ContextHandler (ContextHandler.java:doStart(781)) - Started o.e.j.w.WebAppContext@7aded903{/,file:///tmp/jetty-0.0.0.0-34543-hddsDatanode-_-any-6614698527533022213.dir/webapp/,AVAILABLE}{/hddsDatanode}
2019-09-04 10:34:04,956 [main] INFO  server.AbstractConnector (AbstractConnector.java:doStart(278)) - Started ServerConnector@2db86a7c{HTTP/1.1,[http/1.1]}{0.0.0.0:34543}
2019-09-04 10:34:04,958 [main] INFO  server.Server (Server.java:doStart(419)) - Started @224079ms
2019-09-04 10:34:04,959 [main] WARN  impl.MetricsSystemImpl (MetricsSystemImpl.java:register(276)) - Sink prometheus already exists!
2019-09-04 10:34:04,959 [main] INFO  server.BaseHttpServer (BaseHttpServer.java:updateConnectorAddress(215)) - HTTP server of HDDSDATANODE is listening at http://0.0.0.0:34543
2019-09-04 10:34:04,960 [main] INFO  impl.MetricsSystemImpl (MetricsSystemImpl.java:init(158)) - HddsDatanode metrics system started (again)
2019-09-04 10:34:04,964 [org.apache.hadoop.util.JvmPauseMonitor$Monitor@2cb89979] INFO  util.JvmPauseMonitor (JvmPauseMonitor.java:run(188)) - Starting JVM pause monitor
2019-09-04 10:34:04,964 [main] INFO  ozone.HddsDatanodeService (HddsDatanodeService.java:start(184)) - HddsDatanodeService host:pr-hdds-1982-decom-states-67zng-3388626213 ip:192.168.5.153
2019-09-04 10:34:04,965 [Datanode State Machine Thread - 0] INFO  datanode.InitDatanodeState (InitDatanodeState.java:persistContainerDatanodeDetails(140)) - DatanodeDetails is persisted to /workdir/hadoop-ozone/integration-test/target/test-dir/MiniOzoneClusterImpl-33e08fff-e413-484d-8ff0-936effcd748a/datanode-4/meta/datanode.id
2019-09-04 10:34:04,971 [main] INFO  volume.HddsVolume (HddsVolume.java:<init>(176)) - Creating Volume: /workdir/hadoop-ozone/integration-test/target/test-dir/MiniOzoneClusterImpl-33e08fff-e413-484d-8ff0-936effcd748a/datanode-5/data/containers/hdds of  storage type : DISK and capacity : 1482555576320
2019-09-04 10:34:04,972 [main] INFO  volume.VolumeSet (VolumeSet.java:initializeVolumeSet(170)) - Added Volume : /workdir/hadoop-ozone/integration-test/target/test-dir/MiniOzoneClusterImpl-33e08fff-e413-484d-8ff0-936effcd748a/datanode-5/data/containers/hdds to VolumeSet
2019-09-04 10:34:04,972 [main] INFO  volume.ThrottledAsyncChecker (ThrottledAsyncChecker.java:schedule(140)) - Scheduling a check for org.apache.hadoop.ozone.container.common.volume.HddsVolume@611d0763
2019-09-04 10:34:04,972 [main] INFO  volume.HddsVolumeChecker (HddsVolumeChecker.java:checkAllVolumes(203)) - Scheduled health check for volume org.apache.hadoop.ozone.container.common.volume.HddsVolume@611d0763
2019-09-04 10:34:04,988 [main] INFO  impl.RaftServerProxy (ConfUtils.java:logGet(43)) - raft.rpc.type = GRPC (default)
2019-09-04 10:34:04,988 [main] INFO  grpc.GrpcFactory (GrpcFactory.java:checkPooledByteBufAllocatorUseCacheForAllThreads(45)) - PERFORMANCE WARNING: useCacheForAllThreads is true that may cause Netty to create a lot garbage objects and, as a result, trigger GC.
	It is recommended to disable useCacheForAllThreads by setting -Dorg.apache.ratis.thirdparty.io.netty.allocator.useCacheForAllThreads=false in command line.
2019-09-04 10:34:04,988 [main] INFO  grpc.GrpcConfigKeys$Server (ConfUtils.java:logGet(43)) - raft.grpc.server.port = 0 (default)
2019-09-04 10:34:04,988 [main] INFO  server.GrpcService (ConfUtils.java:logGet(43)) - raft.grpc.message.size.max = 33570816 (custom)
2019-09-04 10:34:04,988 [main] INFO  server.RaftServerConfigKeys (ConfUtils.java:logGet(43)) - raft.server.log.appender.buffer.byte-limit = 33554432 (custom)
2019-09-04 10:34:04,989 [main] INFO  server.GrpcService (ConfUtils.java:logGet(43)) - raft.grpc.flow.control.window = 1MB (=1048576) (default)
2019-09-04 10:34:04,989 [main] INFO  server.RaftServerConfigKeys (ConfUtils.java:logGet(43)) - raft.server.rpc.request.timeout = 3000ms (default)
2019-09-04 10:34:04,989 [main] INFO  server.RaftServerConfigKeys (ConfUtils.java:logGet(43)) - raft.server.storage.dir = [/workdir/hadoop-ozone/integration-test/target/test-dir/MiniOzoneClusterImpl-33e08fff-e413-484d-8ff0-936effcd748a/datanode-5/data/ratis] (custom)
2019-09-04 10:34:04,991 [main] INFO  hdfs.DFSUtil (DFSUtil.java:httpServerTemplateForNNAndJN(1641)) - Starting Web-server for hddsDatanode at: http://0.0.0.0:0
2019-09-04 10:34:04,992 [main] INFO  server.AuthenticationFilter (AuthenticationFilter.java:constructSecretProvider(240)) - Unable to initialize FileSignerSecretProvider, falling back to use random secrets.
2019-09-04 10:34:04,992 [main] WARN  http.HttpRequestLog (HttpRequestLog.java:getRequestLog(97)) - Jetty request log can only be enabled using Log4j
2019-09-04 10:34:04,994 [main] INFO  http.HttpServer2 (HttpServer2.java:addGlobalFilter(975)) - Added global filter 'safety' (class=org.apache.hadoop.http.HttpServer2$QuotingInputFilter)
2019-09-04 10:34:04,995 [main] INFO  http.HttpServer2 (HttpServer2.java:addFilter(948)) - Added filter static_user_filter (class=org.apache.hadoop.http.lib.StaticUserWebFilter$StaticUserFilter) to context hddsDatanode
2019-09-04 10:34:04,995 [main] INFO  http.HttpServer2 (HttpServer2.java:addFilter(958)) - Added filter static_user_filter (class=org.apache.hadoop.http.lib.StaticUserWebFilter$StaticUserFilter) to context logs
2019-09-04 10:34:04,995 [main] INFO  http.HttpServer2 (HttpServer2.java:addFilter(958)) - Added filter static_user_filter (class=org.apache.hadoop.http.lib.StaticUserWebFilter$StaticUserFilter) to context static
2019-09-04 10:34:04,996 [main] INFO  http.HttpServer2 (HttpServer2.java:bindListener(1191)) - Jetty bound to port 40242
2019-09-04 10:34:04,996 [main] INFO  server.Server (Server.java:doStart(351)) - jetty-9.3.24.v20180605, build timestamp: 2018-06-05T17:11:56Z, git hash: 84205aa28f11a4f31f2a3b86d1bba2cc8ab69827
2019-09-04 10:34:04,998 [main] INFO  handler.ContextHandler (ContextHandler.java:doStart(781)) - Started o.e.j.s.ServletContextHandler@4f1afe8f{/logs,file:///workdir/hadoop-ozone/integration-test/target/log,AVAILABLE}
2019-09-04 10:34:04,998 [main] INFO  handler.ContextHandler (ContextHandler.java:doStart(781)) - Started o.e.j.s.ServletContextHandler@443a06ad{/static,jar:file:/home/user/.m2/repository/org/apache/hadoop/hadoop-hdds-container-service/0.5.0-SNAPSHOT/hadoop-hdds-container-service-0.5.0-SNAPSHOT.jar!/webapps/static,AVAILABLE}
2019-09-04 10:34:05,025 [main] INFO  handler.ContextHandler (ContextHandler.java:doStart(781)) - Started o.e.j.w.WebAppContext@640d604{/,file:///tmp/jetty-0.0.0.0-40242-hddsDatanode-_-any-3471521553664005241.dir/webapp/,AVAILABLE}{/hddsDatanode}
2019-09-04 10:34:05,026 [main] INFO  server.AbstractConnector (AbstractConnector.java:doStart(278)) - Started ServerConnector@62cbc478{HTTP/1.1,[http/1.1]}{0.0.0.0:40242}
2019-09-04 10:34:05,027 [main] INFO  server.Server (Server.java:doStart(419)) - Started @224148ms
2019-09-04 10:34:05,027 [main] WARN  impl.MetricsSystemImpl (MetricsSystemImpl.java:register(276)) - Sink prometheus already exists!
2019-09-04 10:34:05,028 [main] INFO  server.BaseHttpServer (BaseHttpServer.java:updateConnectorAddress(215)) - HTTP server of HDDSDATANODE is listening at http://0.0.0.0:40242
2019-09-04 10:34:05,028 [main] INFO  impl.MetricsSystemImpl (MetricsSystemImpl.java:init(158)) - HddsDatanode metrics system started (again)
2019-09-04 10:34:05,032 [org.apache.hadoop.util.JvmPauseMonitor$Monitor@245eda2e] INFO  util.JvmPauseMonitor (JvmPauseMonitor.java:run(188)) - Starting JVM pause monitor
2019-09-04 10:34:05,033 [main] INFO  ozone.HddsDatanodeService (HddsDatanodeService.java:start(184)) - HddsDatanodeService host:pr-hdds-1982-decom-states-67zng-3388626213 ip:192.168.5.153
2019-09-04 10:34:05,034 [Datanode State Machine Thread - 0] INFO  datanode.InitDatanodeState (InitDatanodeState.java:persistContainerDatanodeDetails(140)) - DatanodeDetails is persisted to /workdir/hadoop-ozone/integration-test/target/test-dir/MiniOzoneClusterImpl-33e08fff-e413-484d-8ff0-936effcd748a/datanode-5/meta/datanode.id
2019-09-04 10:34:05,039 [main] INFO  volume.HddsVolume (HddsVolume.java:<init>(176)) - Creating Volume: /workdir/hadoop-ozone/integration-test/target/test-dir/MiniOzoneClusterImpl-33e08fff-e413-484d-8ff0-936effcd748a/datanode-6/data/containers/hdds of  storage type : DISK and capacity : 1482555576320
2019-09-04 10:34:05,040 [main] INFO  volume.VolumeSet (VolumeSet.java:initializeVolumeSet(170)) - Added Volume : /workdir/hadoop-ozone/integration-test/target/test-dir/MiniOzoneClusterImpl-33e08fff-e413-484d-8ff0-936effcd748a/datanode-6/data/containers/hdds to VolumeSet
2019-09-04 10:34:05,040 [main] INFO  volume.ThrottledAsyncChecker (ThrottledAsyncChecker.java:schedule(140)) - Scheduling a check for org.apache.hadoop.ozone.container.common.volume.HddsVolume@2ca54da9
2019-09-04 10:34:05,040 [main] INFO  volume.HddsVolumeChecker (HddsVolumeChecker.java:checkAllVolumes(203)) - Scheduled health check for volume org.apache.hadoop.ozone.container.common.volume.HddsVolume@2ca54da9
2019-09-04 10:34:05,054 [main] INFO  impl.RaftServerProxy (ConfUtils.java:logGet(43)) - raft.rpc.type = GRPC (default)
2019-09-04 10:34:05,054 [main] INFO  grpc.GrpcFactory (GrpcFactory.java:checkPooledByteBufAllocatorUseCacheForAllThreads(45)) - PERFORMANCE WARNING: useCacheForAllThreads is true that may cause Netty to create a lot garbage objects and, as a result, trigger GC.
	It is recommended to disable useCacheForAllThreads by setting -Dorg.apache.ratis.thirdparty.io.netty.allocator.useCacheForAllThreads=false in command line.
2019-09-04 10:34:05,054 [main] INFO  grpc.GrpcConfigKeys$Server (ConfUtils.java:logGet(43)) - raft.grpc.server.port = 0 (default)
2019-09-04 10:34:05,054 [main] INFO  server.GrpcService (ConfUtils.java:logGet(43)) - raft.grpc.message.size.max = 33570816 (custom)
2019-09-04 10:34:05,055 [main] INFO  server.RaftServerConfigKeys (ConfUtils.java:logGet(43)) - raft.server.log.appender.buffer.byte-limit = 33554432 (custom)
2019-09-04 10:34:05,055 [main] INFO  server.GrpcService (ConfUtils.java:logGet(43)) - raft.grpc.flow.control.window = 1MB (=1048576) (default)
2019-09-04 10:34:05,055 [main] INFO  server.RaftServerConfigKeys (ConfUtils.java:logGet(43)) - raft.server.rpc.request.timeout = 3000ms (default)
2019-09-04 10:34:05,055 [main] INFO  server.RaftServerConfigKeys (ConfUtils.java:logGet(43)) - raft.server.storage.dir = [/workdir/hadoop-ozone/integration-test/target/test-dir/MiniOzoneClusterImpl-33e08fff-e413-484d-8ff0-936effcd748a/datanode-6/data/ratis] (custom)
2019-09-04 10:34:05,057 [main] INFO  hdfs.DFSUtil (DFSUtil.java:httpServerTemplateForNNAndJN(1641)) - Starting Web-server for hddsDatanode at: http://0.0.0.0:0
2019-09-04 10:34:05,058 [main] INFO  server.AuthenticationFilter (AuthenticationFilter.java:constructSecretProvider(240)) - Unable to initialize FileSignerSecretProvider, falling back to use random secrets.
2019-09-04 10:34:05,059 [main] WARN  http.HttpRequestLog (HttpRequestLog.java:getRequestLog(97)) - Jetty request log can only be enabled using Log4j
2019-09-04 10:34:05,060 [main] INFO  http.HttpServer2 (HttpServer2.java:addGlobalFilter(975)) - Added global filter 'safety' (class=org.apache.hadoop.http.HttpServer2$QuotingInputFilter)
2019-09-04 10:34:05,061 [main] INFO  http.HttpServer2 (HttpServer2.java:addFilter(948)) - Added filter static_user_filter (class=org.apache.hadoop.http.lib.StaticUserWebFilter$StaticUserFilter) to context hddsDatanode
2019-09-04 10:34:05,061 [main] INFO  http.HttpServer2 (HttpServer2.java:addFilter(958)) - Added filter static_user_filter (class=org.apache.hadoop.http.lib.StaticUserWebFilter$StaticUserFilter) to context static
2019-09-04 10:34:05,061 [main] INFO  http.HttpServer2 (HttpServer2.java:addFilter(958)) - Added filter static_user_filter (class=org.apache.hadoop.http.lib.StaticUserWebFilter$StaticUserFilter) to context logs
2019-09-04 10:34:05,062 [main] INFO  http.HttpServer2 (HttpServer2.java:bindListener(1191)) - Jetty bound to port 35887
2019-09-04 10:34:05,062 [main] INFO  server.Server (Server.java:doStart(351)) - jetty-9.3.24.v20180605, build timestamp: 2018-06-05T17:11:56Z, git hash: 84205aa28f11a4f31f2a3b86d1bba2cc8ab69827
2019-09-04 10:34:05,064 [main] INFO  handler.ContextHandler (ContextHandler.java:doStart(781)) - Started o.e.j.s.ServletContextHandler@26f0141{/logs,file:///workdir/hadoop-ozone/integration-test/target/log,AVAILABLE}
2019-09-04 10:34:05,064 [main] INFO  handler.ContextHandler (ContextHandler.java:doStart(781)) - Started o.e.j.s.ServletContextHandler@6de7778f{/static,jar:file:/home/user/.m2/repository/org/apache/hadoop/hadoop-hdds-container-service/0.5.0-SNAPSHOT/hadoop-hdds-container-service-0.5.0-SNAPSHOT.jar!/webapps/static,AVAILABLE}
2019-09-04 10:34:05,103 [main] INFO  handler.ContextHandler (ContextHandler.java:doStart(781)) - Started o.e.j.w.WebAppContext@538a2f0e{/,file:///tmp/jetty-0.0.0.0-35887-hddsDatanode-_-any-3127796256393006893.dir/webapp/,AVAILABLE}{/hddsDatanode}
2019-09-04 10:34:05,104 [main] INFO  server.AbstractConnector (AbstractConnector.java:doStart(278)) - Started ServerConnector@d2708a7{HTTP/1.1,[http/1.1]}{0.0.0.0:35887}
2019-09-04 10:34:05,106 [main] INFO  server.Server (Server.java:doStart(419)) - Started @224227ms
2019-09-04 10:34:05,106 [main] WARN  impl.MetricsSystemImpl (MetricsSystemImpl.java:register(276)) - Sink prometheus already exists!
2019-09-04 10:34:05,107 [main] INFO  server.BaseHttpServer (BaseHttpServer.java:updateConnectorAddress(215)) - HTTP server of HDDSDATANODE is listening at http://0.0.0.0:35887
2019-09-04 10:34:05,107 [main] INFO  ozone.MiniOzoneClusterImpl (MiniOzoneClusterImpl.java:lambda$waitForClusterToBeReady$0(140)) - Waiting for cluster to be ready. Got 0 of 7 DN Heartbeats.
2019-09-04 10:34:05,109 [org.apache.hadoop.util.JvmPauseMonitor$Monitor@5c7691d2] INFO  util.JvmPauseMonitor (JvmPauseMonitor.java:run(188)) - Starting JVM pause monitor
2019-09-04 10:34:05,110 [Datanode State Machine Thread - 0] INFO  datanode.InitDatanodeState (InitDatanodeState.java:persistContainerDatanodeDetails(140)) - DatanodeDetails is persisted to /workdir/hadoop-ozone/integration-test/target/test-dir/MiniOzoneClusterImpl-33e08fff-e413-484d-8ff0-936effcd748a/datanode-6/meta/datanode.id
2019-09-04 10:34:06,108 [main] INFO  ozone.MiniOzoneClusterImpl (MiniOzoneClusterImpl.java:lambda$waitForClusterToBeReady$0(140)) - Waiting for cluster to be ready. Got 0 of 7 DN Heartbeats.
2019-09-04 10:34:06,293 [Datanode State Machine Thread - 0] INFO  ozoneimpl.OzoneContainer (OzoneContainer.java:start(201)) - Attempting to start container services.
2019-09-04 10:34:06,294 [Datanode State Machine Thread - 0] INFO  ozoneimpl.OzoneContainer (OzoneContainer.java:startContainerScrub(175)) - Background container scrubber has been disabled by hdds.containerscrub.enabled
2019-09-04 10:34:06,294 [Datanode State Machine Thread - 0] INFO  ratis.XceiverServerRatis (XceiverServerRatis.java:start(393)) - Starting XceiverServerRatis d95ea795-5798-4f88-874d-85b779d77577 at port 0
2019-09-04 10:34:06,302 [Datanode State Machine Thread - 0] INFO  impl.RaftServerProxy (RaftServerProxy.java:lambda$start$3(299)) - d95ea795-5798-4f88-874d-85b779d77577: start RPC server
2019-09-04 10:34:06,304 [Datanode State Machine Thread - 0] INFO  server.GrpcService (GrpcService.java:startImpl(149)) - d95ea795-5798-4f88-874d-85b779d77577: GrpcService started, listening on 0.0.0.0/0.0.0.0:44772
2019-09-04 10:34:06,304 [Datanode State Machine Thread - 0] INFO  ratis.XceiverServerRatis (XceiverServerRatis.java:start(403)) - XceiverServerRatis d95ea795-5798-4f88-874d-85b779d77577 is started using port 44772
2019-09-04 10:34:06,309 [Datanode State Machine Thread - 0] INFO  server.XceiverServerGrpc (XceiverServerGrpc.java:start(163)) - XceiverServerGrpc d95ea795-5798-4f88-874d-85b779d77577 is started using port 42706
2019-09-04 10:34:06,721 [Datanode State Machine Thread - 0] INFO  ozoneimpl.OzoneContainer (OzoneContainer.java:start(201)) - Attempting to start container services.
2019-09-04 10:34:06,721 [Datanode State Machine Thread - 0] INFO  ozoneimpl.OzoneContainer (OzoneContainer.java:startContainerScrub(175)) - Background container scrubber has been disabled by hdds.containerscrub.enabled
2019-09-04 10:34:06,721 [Datanode State Machine Thread - 0] INFO  ratis.XceiverServerRatis (XceiverServerRatis.java:start(393)) - Starting XceiverServerRatis 8646ae31-6d34-4b89-af50-40707cdacd2f at port 0
2019-09-04 10:34:06,728 [Datanode State Machine Thread - 0] INFO  impl.RaftServerProxy (RaftServerProxy.java:lambda$start$3(299)) - 8646ae31-6d34-4b89-af50-40707cdacd2f: start RPC server
2019-09-04 10:34:06,729 [Datanode State Machine Thread - 0] INFO  server.GrpcService (GrpcService.java:startImpl(149)) - 8646ae31-6d34-4b89-af50-40707cdacd2f: GrpcService started, listening on 0.0.0.0/0.0.0.0:43140
2019-09-04 10:34:06,729 [Datanode State Machine Thread - 0] INFO  ratis.XceiverServerRatis (XceiverServerRatis.java:start(403)) - XceiverServerRatis 8646ae31-6d34-4b89-af50-40707cdacd2f is started using port 43140
2019-09-04 10:34:06,732 [Datanode State Machine Thread - 0] INFO  server.XceiverServerGrpc (XceiverServerGrpc.java:start(163)) - XceiverServerGrpc 8646ae31-6d34-4b89-af50-40707cdacd2f is started using port 45479
2019-09-04 10:34:06,814 [Datanode State Machine Thread - 0] INFO  ozoneimpl.OzoneContainer (OzoneContainer.java:start(201)) - Attempting to start container services.
2019-09-04 10:34:06,815 [Datanode State Machine Thread - 0] INFO  ozoneimpl.OzoneContainer (OzoneContainer.java:startContainerScrub(175)) - Background container scrubber has been disabled by hdds.containerscrub.enabled
2019-09-04 10:34:06,815 [Datanode State Machine Thread - 0] INFO  ratis.XceiverServerRatis (XceiverServerRatis.java:start(393)) - Starting XceiverServerRatis 816bbf34-6afd-44fd-92bd-1d04d1722d1f at port 0
2019-09-04 10:34:06,822 [Datanode State Machine Thread - 0] INFO  impl.RaftServerProxy (RaftServerProxy.java:lambda$start$3(299)) - 816bbf34-6afd-44fd-92bd-1d04d1722d1f: start RPC server
2019-09-04 10:34:06,825 [Datanode State Machine Thread - 0] INFO  server.GrpcService (GrpcService.java:startImpl(149)) - 816bbf34-6afd-44fd-92bd-1d04d1722d1f: GrpcService started, listening on 0.0.0.0/0.0.0.0:42856
2019-09-04 10:34:06,825 [Datanode State Machine Thread - 0] INFO  ratis.XceiverServerRatis (XceiverServerRatis.java:start(403)) - XceiverServerRatis 816bbf34-6afd-44fd-92bd-1d04d1722d1f is started using port 42856
2019-09-04 10:34:06,826 [Datanode State Machine Thread - 0] INFO  server.XceiverServerGrpc (XceiverServerGrpc.java:start(163)) - XceiverServerGrpc 816bbf34-6afd-44fd-92bd-1d04d1722d1f is started using port 39659
2019-09-04 10:34:06,889 [Datanode State Machine Thread - 0] INFO  ozoneimpl.OzoneContainer (OzoneContainer.java:start(201)) - Attempting to start container services.
2019-09-04 10:34:06,889 [Datanode State Machine Thread - 0] INFO  ozoneimpl.OzoneContainer (OzoneContainer.java:startContainerScrub(175)) - Background container scrubber has been disabled by hdds.containerscrub.enabled
2019-09-04 10:34:06,889 [Datanode State Machine Thread - 0] INFO  ratis.XceiverServerRatis (XceiverServerRatis.java:start(393)) - Starting XceiverServerRatis 78727c90-bbe0-444f-aa03-36aec32f3d6b at port 0
2019-09-04 10:34:06,899 [Datanode State Machine Thread - 0] INFO  impl.RaftServerProxy (RaftServerProxy.java:lambda$start$3(299)) - 78727c90-bbe0-444f-aa03-36aec32f3d6b: start RPC server
2019-09-04 10:34:06,900 [Datanode State Machine Thread - 0] INFO  server.GrpcService (GrpcService.java:startImpl(149)) - 78727c90-bbe0-444f-aa03-36aec32f3d6b: GrpcService started, listening on 0.0.0.0/0.0.0.0:40603
2019-09-04 10:34:06,900 [Datanode State Machine Thread - 0] INFO  ratis.XceiverServerRatis (XceiverServerRatis.java:start(403)) - XceiverServerRatis 78727c90-bbe0-444f-aa03-36aec32f3d6b is started using port 40603
2019-09-04 10:34:06,901 [Datanode State Machine Thread - 0] INFO  server.XceiverServerGrpc (XceiverServerGrpc.java:start(163)) - XceiverServerGrpc 78727c90-bbe0-444f-aa03-36aec32f3d6b is started using port 40699
2019-09-04 10:34:06,978 [Datanode State Machine Thread - 0] INFO  ozoneimpl.OzoneContainer (OzoneContainer.java:start(201)) - Attempting to start container services.
2019-09-04 10:34:06,979 [Datanode State Machine Thread - 0] INFO  ozoneimpl.OzoneContainer (OzoneContainer.java:startContainerScrub(175)) - Background container scrubber has been disabled by hdds.containerscrub.enabled
2019-09-04 10:34:06,979 [Datanode State Machine Thread - 0] INFO  ratis.XceiverServerRatis (XceiverServerRatis.java:start(393)) - Starting XceiverServerRatis 15762bf3-0251-41b8-9cc3-7276b427eb4c at port 0
2019-09-04 10:34:06,985 [Datanode State Machine Thread - 0] INFO  impl.RaftServerProxy (RaftServerProxy.java:lambda$start$3(299)) - 15762bf3-0251-41b8-9cc3-7276b427eb4c: start RPC server
2019-09-04 10:34:06,986 [Datanode State Machine Thread - 0] INFO  server.GrpcService (GrpcService.java:startImpl(149)) - 15762bf3-0251-41b8-9cc3-7276b427eb4c: GrpcService started, listening on 0.0.0.0/0.0.0.0:36887
2019-09-04 10:34:06,986 [Datanode State Machine Thread - 0] INFO  ratis.XceiverServerRatis (XceiverServerRatis.java:start(403)) - XceiverServerRatis 15762bf3-0251-41b8-9cc3-7276b427eb4c is started using port 36887
2019-09-04 10:34:06,986 [Datanode State Machine Thread - 0] INFO  server.XceiverServerGrpc (XceiverServerGrpc.java:start(163)) - XceiverServerGrpc 15762bf3-0251-41b8-9cc3-7276b427eb4c is started using port 46173
2019-09-04 10:34:07,047 [Datanode State Machine Thread - 0] INFO  ozoneimpl.OzoneContainer (OzoneContainer.java:start(201)) - Attempting to start container services.
2019-09-04 10:34:07,047 [Datanode State Machine Thread - 0] INFO  ozoneimpl.OzoneContainer (OzoneContainer.java:startContainerScrub(175)) - Background container scrubber has been disabled by hdds.containerscrub.enabled
2019-09-04 10:34:07,047 [Datanode State Machine Thread - 0] INFO  ratis.XceiverServerRatis (XceiverServerRatis.java:start(393)) - Starting XceiverServerRatis 9d9ee154-5ecf-475b-bae8-030d722a1f78 at port 0
2019-09-04 10:34:07,054 [Datanode State Machine Thread - 0] INFO  impl.RaftServerProxy (RaftServerProxy.java:lambda$start$3(299)) - 9d9ee154-5ecf-475b-bae8-030d722a1f78: start RPC server
2019-09-04 10:34:07,055 [Datanode State Machine Thread - 0] INFO  server.GrpcService (GrpcService.java:startImpl(149)) - 9d9ee154-5ecf-475b-bae8-030d722a1f78: GrpcService started, listening on 0.0.0.0/0.0.0.0:38103
2019-09-04 10:34:07,055 [Datanode State Machine Thread - 0] INFO  ratis.XceiverServerRatis (XceiverServerRatis.java:start(403)) - XceiverServerRatis 9d9ee154-5ecf-475b-bae8-030d722a1f78 is started using port 38103
2019-09-04 10:34:07,055 [Datanode State Machine Thread - 0] INFO  server.XceiverServerGrpc (XceiverServerGrpc.java:start(163)) - XceiverServerGrpc 9d9ee154-5ecf-475b-bae8-030d722a1f78 is started using port 39856
2019-09-04 10:34:07,108 [main] INFO  ozone.MiniOzoneClusterImpl (MiniOzoneClusterImpl.java:lambda$waitForClusterToBeReady$0(140)) - Waiting for cluster to be ready. Got 0 of 7 DN Heartbeats.
2019-09-04 10:34:07,123 [Datanode State Machine Thread - 0] INFO  ozoneimpl.OzoneContainer (OzoneContainer.java:start(201)) - Attempting to start container services.
2019-09-04 10:34:07,123 [Datanode State Machine Thread - 0] INFO  ozoneimpl.OzoneContainer (OzoneContainer.java:startContainerScrub(175)) - Background container scrubber has been disabled by hdds.containerscrub.enabled
2019-09-04 10:34:07,123 [Datanode State Machine Thread - 0] INFO  ratis.XceiverServerRatis (XceiverServerRatis.java:start(393)) - Starting XceiverServerRatis a761c304-b428-4802-b3f0-0b3eb6fe08d8 at port 0
2019-09-04 10:34:07,130 [Datanode State Machine Thread - 0] INFO  impl.RaftServerProxy (RaftServerProxy.java:lambda$start$3(299)) - a761c304-b428-4802-b3f0-0b3eb6fe08d8: start RPC server
2019-09-04 10:34:07,130 [Datanode State Machine Thread - 0] INFO  server.GrpcService (GrpcService.java:startImpl(149)) - a761c304-b428-4802-b3f0-0b3eb6fe08d8: GrpcService started, listening on 0.0.0.0/0.0.0.0:41241
2019-09-04 10:34:07,131 [Datanode State Machine Thread - 0] INFO  ratis.XceiverServerRatis (XceiverServerRatis.java:start(403)) - XceiverServerRatis a761c304-b428-4802-b3f0-0b3eb6fe08d8 is started using port 41241
2019-09-04 10:34:07,135 [Datanode State Machine Thread - 0] INFO  server.XceiverServerGrpc (XceiverServerGrpc.java:start(163)) - XceiverServerGrpc a761c304-b428-4802-b3f0-0b3eb6fe08d8 is started using port 35279
2019-09-04 10:34:08,109 [main] INFO  ozone.MiniOzoneClusterImpl (MiniOzoneClusterImpl.java:lambda$waitForClusterToBeReady$0(140)) - Waiting for cluster to be ready. Got 0 of 7 DN Heartbeats.
2019-09-04 10:34:08,260 [IPC Server handler 13 on 37267] INFO  net.NetworkTopology (NetworkTopologyImpl.java:add(110)) - Added a new node: /default-rack/d95ea795-5798-4f88-874d-85b779d77577
2019-09-04 10:34:08,262 [IPC Server handler 13 on 37267] INFO  node.SCMNodeManager (SCMNodeManager.java:register(271)) - Registered Data node : d95ea795-5798-4f88-874d-85b779d77577{ip: 192.168.5.153, host: pr-hdds-1982-decom-states-67zng-3388626213, networkLocation: /default-rack, certSerialId: null}
2019-09-04 10:34:08,263 [EventQueue-NodeRegistrationContainerReportForDataNodeSafeModeRule] INFO  safemode.SCMSafeModeManager (DataNodeSafeModeRule.java:process(71)) - SCM in safe mode. 1 DataNodes registered, 1 required.
2019-09-04 10:34:08,266 [EventQueue-NodeRegistrationContainerReportForDataNodeSafeModeRule] INFO  safemode.SCMSafeModeManager (SCMSafeModeManager.java:validateSafeModeExitRules(177)) - ScmSafeModeManager, all rules are successfully validated
2019-09-04 10:34:08,266 [EventQueue-NodeRegistrationContainerReportForDataNodeSafeModeRule] INFO  safemode.SCMSafeModeManager (SCMSafeModeManager.java:exitSafeMode(193)) - SCM exiting safe mode.
2019-09-04 10:34:08,292 [grpc-default-executor-4] INFO  impl.RaftServerProxy (RaftServerProxy.java:addNew(89)) - d95ea795-5798-4f88-874d-85b779d77577: addNew group-235C201BCED8:[d95ea795-5798-4f88-874d-85b779d77577:192.168.5.153:44772] returns group-235C201BCED8:java.util.concurrent.CompletableFuture@16721e62[Not completed]
2019-09-04 10:34:08,293 [pool-383-thread-1] INFO  impl.RaftServerImpl (RaftServerImpl.java:<init>(93)) - d95ea795-5798-4f88-874d-85b779d77577: new RaftServerImpl for group-235C201BCED8:[d95ea795-5798-4f88-874d-85b779d77577:192.168.5.153:44772] with ContainerStateMachine:uninitialized
2019-09-04 10:34:08,293 [pool-383-thread-1] INFO  server.RaftServerConfigKeys (ConfUtils.java:logGet(43)) - raft.server.rpc.timeout.min = 5s (custom)
2019-09-04 10:34:08,293 [pool-383-thread-1] INFO  server.RaftServerConfigKeys (ConfUtils.java:logGet(43)) - raft.server.rpc.timeout.max = 5200ms (custom)
2019-09-04 10:34:08,293 [pool-383-thread-1] INFO  server.RaftServerConfigKeys (ConfUtils.java:logGet(43)) - raft.server.rpcslowness.timeout = 120s (custom)
2019-09-04 10:34:08,294 [pool-383-thread-1] INFO  server.RaftServerConfigKeys (ConfUtils.java:logGet(43)) - raft.server.sleep.deviation.threshold = 300 (default)
2019-09-04 10:34:08,294 [pool-383-thread-1] INFO  server.RaftServerConfigKeys (ConfUtils.java:logGet(43)) - raft.server.log.appender.install.snapshot.enabled = false (custom)
2019-09-04 10:34:08,294 [pool-383-thread-1] INFO  impl.RaftServerImpl (ServerState.java:<init>(105)) - d95ea795-5798-4f88-874d-85b779d77577:group-235C201BCED8 ConfigurationManager, init=-1: [d95ea795-5798-4f88-874d-85b779d77577:192.168.5.153:44772], old=null, confs=<EMPTY_MAP>
2019-09-04 10:34:08,294 [pool-383-thread-1] INFO  server.RaftServerConfigKeys (ConfUtils.java:logGet(43)) - raft.server.storage.dir = [/workdir/hadoop-ozone/integration-test/target/test-dir/MiniOzoneClusterImpl-33e08fff-e413-484d-8ff0-936effcd748a/datanode-0/data/ratis] (custom)
2019-09-04 10:34:08,294 [pool-383-thread-1] INFO  storage.RaftStorageDirectory (RaftStorageDirectory.java:analyzeStorage(246)) - The storage directory /workdir/hadoop-ozone/integration-test/target/test-dir/MiniOzoneClusterImpl-33e08fff-e413-484d-8ff0-936effcd748a/datanode-0/data/ratis/f7a848bc-102a-45dc-98df-235c201bced8 does not exist. Creating ...
2019-09-04 10:34:08,307 [pool-383-thread-1] INFO  storage.RaftStorageDirectory (RaftStorageDirectory.java:tryLock(328)) - Lock on /workdir/hadoop-ozone/integration-test/target/test-dir/MiniOzoneClusterImpl-33e08fff-e413-484d-8ff0-936effcd748a/datanode-0/data/ratis/f7a848bc-102a-45dc-98df-235c201bced8/in_use.lock acquired by nodename 22397@pr-hdds-1982-decom-states-67zng-3388626213
2019-09-04 10:34:08,320 [pool-383-thread-1] INFO  storage.RaftStorage (RaftStorage.java:format(72)) - Storage directory /workdir/hadoop-ozone/integration-test/target/test-dir/MiniOzoneClusterImpl-33e08fff-e413-484d-8ff0-936effcd748a/datanode-0/data/ratis/f7a848bc-102a-45dc-98df-235c201bced8 has been successfully formatted.
2019-09-04 10:34:08,320 [pool-383-thread-1] INFO  ratis.ContainerStateMachine (ContainerStateMachine.java:loadSnapshot(227)) - group-235C201BCED8: The snapshot info is null. Setting the last applied indexto:(t:0, i:~)
2019-09-04 10:34:08,320 [pool-383-thread-1] INFO  server.RaftServerConfigKeys (ConfUtils.java:logGet(43)) - raft.server.leader.election.timeout = 120s (custom)
2019-09-04 10:34:08,320 [pool-383-thread-1] INFO  server.RaftServerConfigKeys (ConfUtils.java:logGet(43)) - raft.server.log.use.memory = false (default)
2019-09-04 10:34:08,320 [pool-383-thread-1] INFO  server.RaftServerConfigKeys (ConfUtils.java:logGet(43)) - raft.server.log.purge.gap = 1000000 (custom)
2019-09-04 10:34:08,321 [pool-383-thread-1] INFO  server.RaftServerConfigKeys (ConfUtils.java:logGet(43)) - raft.server.log.appender.buffer.byte-limit = 33554432 (custom)
2019-09-04 10:34:08,321 [pool-383-thread-1] INFO  server.RaftServerConfigKeys (ConfUtils.java:logGet(43)) - raft.server.log.segment.size.max = 1048576 (custom)
2019-09-04 10:34:08,321 [pool-383-thread-1] INFO  server.RaftServerConfigKeys (ConfUtils.java:logGet(43)) - raft.server.log.segment.cache.num.max = 2 (custom)
2019-09-04 10:34:08,321 [pool-383-thread-1] INFO  segmented.SegmentedRaftLogWorker (SegmentedRaftLogWorker.java:<init>(172)) - new d95ea795-5798-4f88-874d-85b779d77577-SegmentedRaftLogWorker:Storage Directory /workdir/hadoop-ozone/integration-test/target/test-dir/MiniOzoneClusterImpl-33e08fff-e413-484d-8ff0-936effcd748a/datanode-0/data/ratis/f7a848bc-102a-45dc-98df-235c201bced8 for RaftStorage:Storage Directory /workdir/hadoop-ozone/integration-test/target/test-dir/MiniOzoneClusterImpl-33e08fff-e413-484d-8ff0-936effcd748a/datanode-0/data/ratis/f7a848bc-102a-45dc-98df-235c201bced8
2019-09-04 10:34:08,321 [pool-383-thread-1] INFO  server.RaftServerConfigKeys (ConfUtils.java:logGet(43)) - raft.server.log.queue.byte-limit = 2147483647 (custom)
2019-09-04 10:34:08,321 [pool-383-thread-1] INFO  server.RaftServerConfigKeys (ConfUtils.java:logGet(43)) - raft.server.log.queue.element-limit = 1024 (custom)
2019-09-04 10:34:08,321 [pool-383-thread-1] INFO  server.RaftServerConfigKeys (ConfUtils.java:logGet(43)) - raft.server.log.segment.size.max = 1048576 (custom)
2019-09-04 10:34:08,322 [pool-383-thread-1] INFO  server.RaftServerConfigKeys (ConfUtils.java:logGet(43)) - raft.server.log.preallocated.size = 16384 (custom)
2019-09-04 10:34:08,322 [pool-383-thread-1] INFO  server.RaftServerConfigKeys (ConfUtils.java:logGet(43)) - raft.server.log.write.buffer.size = 33554432 (custom)
2019-09-04 10:34:08,322 [pool-383-thread-1] INFO  server.RaftServerConfigKeys (ConfUtils.java:logGet(43)) - raft.server.log.force.sync.num = 128 (default)
2019-09-04 10:34:08,322 [pool-383-thread-1] INFO  server.RaftServerConfigKeys (ConfUtils.java:logGet(43)) - raft.server.log.statemachine.data.sync = true (default)
2019-09-04 10:34:08,322 [pool-383-thread-1] INFO  server.RaftServerConfigKeys (ConfUtils.java:logGet(43)) - raft.server.log.statemachine.data.sync.timeout = 10s (default)
2019-09-04 10:34:08,322 [pool-383-thread-1] INFO  server.RaftServerConfigKeys (ConfUtils.java:logGet(43)) - raft.server.log.statemachine.data.sync.timeout.retry = -1 (default)
2019-09-04 10:34:08,322 [pool-383-thread-1] INFO  server.RaftServerConfigKeys (ConfUtils.java:logGet(43)) - raft.server.log.statemachine.data.caching.enabled = true (custom)
2019-09-04 10:34:08,323 [pool-383-thread-1] INFO  segmented.SegmentedRaftLogWorker (SegmentedRaftLogWorker.java:lambda$new$0(132)) - d95ea795-5798-4f88-874d-85b779d77577-SegmentedRaftLogWorker:Storage Directory /workdir/hadoop-ozone/integration-test/target/test-dir/MiniOzoneClusterImpl-33e08fff-e413-484d-8ff0-936effcd748a/datanode-0/data/ratis/f7a848bc-102a-45dc-98df-235c201bced8: flushIndex: setUnconditionally 0 -> -1
2019-09-04 10:34:08,323 [pool-383-thread-1] INFO  server.RaftServerConfigKeys (ConfUtils.java:logGet(43)) - raft.server.snapshot.auto.trigger.enabled = true (custom)
2019-09-04 10:34:08,323 [pool-383-thread-1] INFO  server.RaftServerConfigKeys (ConfUtils.java:logGet(43)) - raft.server.snapshot.auto.trigger.threshold = 10000 (custom)
2019-09-04 10:34:08,323 [pool-383-thread-1] INFO  server.RaftServerConfigKeys (ConfUtils.java:logGet(43)) - raft.server.retrycache.expirytime = 600000ms (custom)
2019-09-04 10:34:08,323 [pool-383-thread-1] INFO  impl.RaftServerImpl (RaftServerImpl.java:start(180)) - d95ea795-5798-4f88-874d-85b779d77577: start group-235C201BCED8
2019-09-04 10:34:08,323 [pool-383-thread-1] INFO  impl.RaftServerImpl (RaftServerImpl.java:setRole(171)) - d95ea795-5798-4f88-874d-85b779d77577:group-235C201BCED8 changes role from null to FOLLOWER at term 0 for startAsFollower
2019-09-04 10:34:08,323 [pool-383-thread-1] INFO  impl.RoleInfo (RoleInfo.java:updateAndGet(143)) - d95ea795-5798-4f88-874d-85b779d77577: start FollowerState
2019-09-04 10:34:08,324 [pool-383-thread-1] INFO  util.JmxRegister (JmxRegister.java:tryRegister(44)) - Successfully registered JMX Bean with object name Ratis:service=RaftServer,group=group-235C201BCED8,id=d95ea795-5798-4f88-874d-85b779d77577
2019-09-04 10:34:08,326 [RatisPipelineUtilsThread] INFO  pipeline.PipelineStateManager (PipelineStateManager.java:addPipeline(56)) - Created pipeline Pipeline[ Id: f7a848bc-102a-45dc-98df-235c201bced8, Nodes: d95ea795-5798-4f88-874d-85b779d77577{ip: 192.168.5.153, host: pr-hdds-1982-decom-states-67zng-3388626213, networkLocation: /default-rack, certSerialId: null}, Type:RATIS, Factor:ONE, State:OPEN]
2019-09-04 10:34:08,707 [IPC Server handler 14 on 37267] INFO  net.NetworkTopology (NetworkTopologyImpl.java:add(110)) - Added a new node: /default-rack/8646ae31-6d34-4b89-af50-40707cdacd2f
2019-09-04 10:34:08,708 [IPC Server handler 14 on 37267] INFO  node.SCMNodeManager (SCMNodeManager.java:register(271)) - Registered Data node : 8646ae31-6d34-4b89-af50-40707cdacd2f{ip: 192.168.5.153, host: pr-hdds-1982-decom-states-67zng-3388626213, networkLocation: /default-rack, certSerialId: null}
2019-09-04 10:34:08,717 [grpc-default-executor-4] INFO  impl.RaftServerProxy (RaftServerProxy.java:addNew(89)) - 8646ae31-6d34-4b89-af50-40707cdacd2f: addNew group-97632FB7B9D7:[8646ae31-6d34-4b89-af50-40707cdacd2f:192.168.5.153:43140] returns group-97632FB7B9D7:java.util.concurrent.CompletableFuture@578dcbcf[Not completed]
2019-09-04 10:34:08,718 [pool-393-thread-1] INFO  impl.RaftServerImpl (RaftServerImpl.java:<init>(93)) - 8646ae31-6d34-4b89-af50-40707cdacd2f: new RaftServerImpl for group-97632FB7B9D7:[8646ae31-6d34-4b89-af50-40707cdacd2f:192.168.5.153:43140] with ContainerStateMachine:uninitialized
2019-09-04 10:34:08,719 [pool-393-thread-1] INFO  server.RaftServerConfigKeys (ConfUtils.java:logGet(43)) - raft.server.rpc.timeout.min = 5s (custom)
2019-09-04 10:34:08,719 [pool-393-thread-1] INFO  server.RaftServerConfigKeys (ConfUtils.java:logGet(43)) - raft.server.rpc.timeout.max = 5200ms (custom)
2019-09-04 10:34:08,719 [pool-393-thread-1] INFO  server.RaftServerConfigKeys (ConfUtils.java:logGet(43)) - raft.server.rpcslowness.timeout = 120s (custom)
2019-09-04 10:34:08,719 [pool-393-thread-1] INFO  server.RaftServerConfigKeys (ConfUtils.java:logGet(43)) - raft.server.sleep.deviation.threshold = 300 (default)
2019-09-04 10:34:08,719 [pool-393-thread-1] INFO  server.RaftServerConfigKeys (ConfUtils.java:logGet(43)) - raft.server.log.appender.install.snapshot.enabled = false (custom)
2019-09-04 10:34:08,719 [pool-393-thread-1] INFO  impl.RaftServerImpl (ServerState.java:<init>(105)) - 8646ae31-6d34-4b89-af50-40707cdacd2f:group-97632FB7B9D7 ConfigurationManager, init=-1: [8646ae31-6d34-4b89-af50-40707cdacd2f:192.168.5.153:43140], old=null, confs=<EMPTY_MAP>
2019-09-04 10:34:08,719 [pool-393-thread-1] INFO  server.RaftServerConfigKeys (ConfUtils.java:logGet(43)) - raft.server.storage.dir = [/workdir/hadoop-ozone/integration-test/target/test-dir/MiniOzoneClusterImpl-33e08fff-e413-484d-8ff0-936effcd748a/datanode-1/data/ratis] (custom)
2019-09-04 10:34:08,720 [pool-393-thread-1] INFO  storage.RaftStorageDirectory (RaftStorageDirectory.java:analyzeStorage(246)) - The storage directory /workdir/hadoop-ozone/integration-test/target/test-dir/MiniOzoneClusterImpl-33e08fff-e413-484d-8ff0-936effcd748a/datanode-1/data/ratis/f07e0cf7-e942-4108-a9f0-97632fb7b9d7 does not exist. Creating ...
2019-09-04 10:34:08,733 [pool-393-thread-1] INFO  storage.RaftStorageDirectory (RaftStorageDirectory.java:tryLock(328)) - Lock on /workdir/hadoop-ozone/integration-test/target/test-dir/MiniOzoneClusterImpl-33e08fff-e413-484d-8ff0-936effcd748a/datanode-1/data/ratis/f07e0cf7-e942-4108-a9f0-97632fb7b9d7/in_use.lock acquired by nodename 22397@pr-hdds-1982-decom-states-67zng-3388626213
2019-09-04 10:34:08,746 [pool-393-thread-1] INFO  storage.RaftStorage (RaftStorage.java:format(72)) - Storage directory /workdir/hadoop-ozone/integration-test/target/test-dir/MiniOzoneClusterImpl-33e08fff-e413-484d-8ff0-936effcd748a/datanode-1/data/ratis/f07e0cf7-e942-4108-a9f0-97632fb7b9d7 has been successfully formatted.
2019-09-04 10:34:08,747 [pool-393-thread-1] INFO  ratis.ContainerStateMachine (ContainerStateMachine.java:loadSnapshot(227)) - group-97632FB7B9D7: The snapshot info is null. Setting the last applied indexto:(t:0, i:~)
2019-09-04 10:34:08,747 [pool-393-thread-1] INFO  server.RaftServerConfigKeys (ConfUtils.java:logGet(43)) - raft.server.leader.election.timeout = 120s (custom)
2019-09-04 10:34:08,747 [pool-393-thread-1] INFO  server.RaftServerConfigKeys (ConfUtils.java:logGet(43)) - raft.server.log.use.memory = false (default)
2019-09-04 10:34:08,747 [pool-393-thread-1] INFO  server.RaftServerConfigKeys (ConfUtils.java:logGet(43)) - raft.server.log.purge.gap = 1000000 (custom)
2019-09-04 10:34:08,747 [pool-393-thread-1] INFO  server.RaftServerConfigKeys (ConfUtils.java:logGet(43)) - raft.server.log.appender.buffer.byte-limit = 33554432 (custom)
2019-09-04 10:34:08,747 [pool-393-thread-1] INFO  server.RaftServerConfigKeys (ConfUtils.java:logGet(43)) - raft.server.log.segment.size.max = 1048576 (custom)
2019-09-04 10:34:08,747 [pool-393-thread-1] INFO  server.RaftServerConfigKeys (ConfUtils.java:logGet(43)) - raft.server.log.segment.cache.num.max = 2 (custom)
2019-09-04 10:34:08,748 [pool-393-thread-1] INFO  segmented.SegmentedRaftLogWorker (SegmentedRaftLogWorker.java:<init>(172)) - new 8646ae31-6d34-4b89-af50-40707cdacd2f-SegmentedRaftLogWorker:Storage Directory /workdir/hadoop-ozone/integration-test/target/test-dir/MiniOzoneClusterImpl-33e08fff-e413-484d-8ff0-936effcd748a/datanode-1/data/ratis/f07e0cf7-e942-4108-a9f0-97632fb7b9d7 for RaftStorage:Storage Directory /workdir/hadoop-ozone/integration-test/target/test-dir/MiniOzoneClusterImpl-33e08fff-e413-484d-8ff0-936effcd748a/datanode-1/data/ratis/f07e0cf7-e942-4108-a9f0-97632fb7b9d7
2019-09-04 10:34:08,748 [pool-393-thread-1] INFO  server.RaftServerConfigKeys (ConfUtils.java:logGet(43)) - raft.server.log.queue.byte-limit = 2147483647 (custom)
2019-09-04 10:34:08,748 [pool-393-thread-1] INFO  server.RaftServerConfigKeys (ConfUtils.java:logGet(43)) - raft.server.log.queue.element-limit = 1024 (custom)
2019-09-04 10:34:08,748 [pool-393-thread-1] INFO  server.RaftServerConfigKeys (ConfUtils.java:logGet(43)) - raft.server.log.segment.size.max = 1048576 (custom)
2019-09-04 10:34:08,748 [pool-393-thread-1] INFO  server.RaftServerConfigKeys (ConfUtils.java:logGet(43)) - raft.server.log.preallocated.size = 16384 (custom)
2019-09-04 10:34:08,748 [pool-393-thread-1] INFO  server.RaftServerConfigKeys (ConfUtils.java:logGet(43)) - raft.server.log.write.buffer.size = 33554432 (custom)
2019-09-04 10:34:08,749 [pool-393-thread-1] INFO  server.RaftServerConfigKeys (ConfUtils.java:logGet(43)) - raft.server.log.force.sync.num = 128 (default)
2019-09-04 10:34:08,749 [pool-393-thread-1] INFO  server.RaftServerConfigKeys (ConfUtils.java:logGet(43)) - raft.server.log.statemachine.data.sync = true (default)
2019-09-04 10:34:08,749 [pool-393-thread-1] INFO  server.RaftServerConfigKeys (ConfUtils.java:logGet(43)) - raft.server.log.statemachine.data.sync.timeout = 10s (default)
2019-09-04 10:34:08,749 [pool-393-thread-1] INFO  server.RaftServerConfigKeys (ConfUtils.java:logGet(43)) - raft.server.log.statemachine.data.sync.timeout.retry = -1 (default)
2019-09-04 10:34:08,749 [pool-393-thread-1] INFO  server.RaftServerConfigKeys (ConfUtils.java:logGet(43)) - raft.server.log.statemachine.data.caching.enabled = true (custom)
2019-09-04 10:34:08,750 [pool-393-thread-1] INFO  segmented.SegmentedRaftLogWorker (SegmentedRaftLogWorker.java:lambda$new$0(132)) - 8646ae31-6d34-4b89-af50-40707cdacd2f-SegmentedRaftLogWorker:Storage Directory /workdir/hadoop-ozone/integration-test/target/test-dir/MiniOzoneClusterImpl-33e08fff-e413-484d-8ff0-936effcd748a/datanode-1/data/ratis/f07e0cf7-e942-4108-a9f0-97632fb7b9d7: flushIndex: setUnconditionally 0 -> -1
2019-09-04 10:34:08,750 [pool-393-thread-1] INFO  server.RaftServerConfigKeys (ConfUtils.java:logGet(43)) - raft.server.snapshot.auto.trigger.enabled = true (custom)
2019-09-04 10:34:08,750 [pool-393-thread-1] INFO  server.RaftServerConfigKeys (ConfUtils.java:logGet(43)) - raft.server.snapshot.auto.trigger.threshold = 10000 (custom)
2019-09-04 10:34:08,750 [pool-393-thread-1] INFO  server.RaftServerConfigKeys (ConfUtils.java:logGet(43)) - raft.server.retrycache.expirytime = 600000ms (custom)
2019-09-04 10:34:08,750 [pool-393-thread-1] INFO  impl.RaftServerImpl (RaftServerImpl.java:start(180)) - 8646ae31-6d34-4b89-af50-40707cdacd2f: start group-97632FB7B9D7
2019-09-04 10:34:08,751 [pool-393-thread-1] INFO  impl.RaftServerImpl (RaftServerImpl.java:setRole(171)) - 8646ae31-6d34-4b89-af50-40707cdacd2f:group-97632FB7B9D7 changes role from null to FOLLOWER at term 0 for startAsFollower
2019-09-04 10:34:08,751 [pool-393-thread-1] INFO  impl.RoleInfo (RoleInfo.java:updateAndGet(143)) - 8646ae31-6d34-4b89-af50-40707cdacd2f: start FollowerState
2019-09-04 10:34:08,751 [pool-393-thread-1] INFO  util.JmxRegister (JmxRegister.java:tryRegister(44)) - Successfully registered JMX Bean with object name Ratis:service=RaftServer,group=group-97632FB7B9D7,id=8646ae31-6d34-4b89-af50-40707cdacd2f
2019-09-04 10:34:08,754 [RatisPipelineUtilsThread] INFO  pipeline.PipelineStateManager (PipelineStateManager.java:addPipeline(56)) - Created pipeline Pipeline[ Id: f07e0cf7-e942-4108-a9f0-97632fb7b9d7, Nodes: 8646ae31-6d34-4b89-af50-40707cdacd2f{ip: 192.168.5.153, host: pr-hdds-1982-decom-states-67zng-3388626213, networkLocation: /default-rack, certSerialId: null}, Type:RATIS, Factor:ONE, State:OPEN]
2019-09-04 10:34:08,788 [IPC Server handler 19 on 37267] INFO  net.NetworkTopology (NetworkTopologyImpl.java:add(110)) - Added a new node: /default-rack/816bbf34-6afd-44fd-92bd-1d04d1722d1f
2019-09-04 10:34:08,789 [IPC Server handler 19 on 37267] INFO  node.SCMNodeManager (SCMNodeManager.java:register(271)) - Registered Data node : 816bbf34-6afd-44fd-92bd-1d04d1722d1f{ip: 192.168.5.153, host: pr-hdds-1982-decom-states-67zng-3388626213, networkLocation: /default-rack, certSerialId: null}
2019-09-04 10:34:08,797 [grpc-default-executor-4] INFO  impl.RaftServerProxy (RaftServerProxy.java:addNew(89)) - 816bbf34-6afd-44fd-92bd-1d04d1722d1f: addNew group-51F5332C3DEF:[816bbf34-6afd-44fd-92bd-1d04d1722d1f:192.168.5.153:42856] returns group-51F5332C3DEF:java.util.concurrent.CompletableFuture@763c7337[Not completed]
2019-09-04 10:34:08,799 [pool-403-thread-1] INFO  impl.RaftServerImpl (RaftServerImpl.java:<init>(93)) - 816bbf34-6afd-44fd-92bd-1d04d1722d1f: new RaftServerImpl for group-51F5332C3DEF:[816bbf34-6afd-44fd-92bd-1d04d1722d1f:192.168.5.153:42856] with ContainerStateMachine:uninitialized
2019-09-04 10:34:08,799 [pool-403-thread-1] INFO  server.RaftServerConfigKeys (ConfUtils.java:logGet(43)) - raft.server.rpc.timeout.min = 5s (custom)
2019-09-04 10:34:08,799 [pool-403-thread-1] INFO  server.RaftServerConfigKeys (ConfUtils.java:logGet(43)) - raft.server.rpc.timeout.max = 5200ms (custom)
2019-09-04 10:34:08,799 [pool-403-thread-1] INFO  server.RaftServerConfigKeys (ConfUtils.java:logGet(43)) - raft.server.rpcslowness.timeout = 120s (custom)
2019-09-04 10:34:08,799 [pool-403-thread-1] INFO  server.RaftServerConfigKeys (ConfUtils.java:logGet(43)) - raft.server.sleep.deviation.threshold = 300 (default)
2019-09-04 10:34:08,799 [pool-403-thread-1] INFO  server.RaftServerConfigKeys (ConfUtils.java:logGet(43)) - raft.server.log.appender.install.snapshot.enabled = false (custom)
2019-09-04 10:34:08,800 [pool-403-thread-1] INFO  impl.RaftServerImpl (ServerState.java:<init>(105)) - 816bbf34-6afd-44fd-92bd-1d04d1722d1f:group-51F5332C3DEF ConfigurationManager, init=-1: [816bbf34-6afd-44fd-92bd-1d04d1722d1f:192.168.5.153:42856], old=null, confs=<EMPTY_MAP>
2019-09-04 10:34:08,800 [pool-403-thread-1] INFO  server.RaftServerConfigKeys (ConfUtils.java:logGet(43)) - raft.server.storage.dir = [/workdir/hadoop-ozone/integration-test/target/test-dir/MiniOzoneClusterImpl-33e08fff-e413-484d-8ff0-936effcd748a/datanode-2/data/ratis] (custom)
2019-09-04 10:34:08,800 [pool-403-thread-1] INFO  storage.RaftStorageDirectory (RaftStorageDirectory.java:analyzeStorage(246)) - The storage directory /workdir/hadoop-ozone/integration-test/target/test-dir/MiniOzoneClusterImpl-33e08fff-e413-484d-8ff0-936effcd748a/datanode-2/data/ratis/bd912109-6b3d-4ada-90f7-51f5332c3def does not exist. Creating ...
2019-09-04 10:34:08,824 [pool-403-thread-1] INFO  storage.RaftStorageDirectory (RaftStorageDirectory.java:tryLock(328)) - Lock on /workdir/hadoop-ozone/integration-test/target/test-dir/MiniOzoneClusterImpl-33e08fff-e413-484d-8ff0-936effcd748a/datanode-2/data/ratis/bd912109-6b3d-4ada-90f7-51f5332c3def/in_use.lock acquired by nodename 22397@pr-hdds-1982-decom-states-67zng-3388626213
2019-09-04 10:34:08,848 [pool-403-thread-1] INFO  storage.RaftStorage (RaftStorage.java:format(72)) - Storage directory /workdir/hadoop-ozone/integration-test/target/test-dir/MiniOzoneClusterImpl-33e08fff-e413-484d-8ff0-936effcd748a/datanode-2/data/ratis/bd912109-6b3d-4ada-90f7-51f5332c3def has been successfully formatted.
2019-09-04 10:34:08,849 [pool-403-thread-1] INFO  ratis.ContainerStateMachine (ContainerStateMachine.java:loadSnapshot(227)) - group-51F5332C3DEF: The snapshot info is null. Setting the last applied indexto:(t:0, i:~)
2019-09-04 10:34:08,849 [pool-403-thread-1] INFO  server.RaftServerConfigKeys (ConfUtils.java:logGet(43)) - raft.server.leader.election.timeout = 120s (custom)
2019-09-04 10:34:08,849 [pool-403-thread-1] INFO  server.RaftServerConfigKeys (ConfUtils.java:logGet(43)) - raft.server.log.use.memory = false (default)
2019-09-04 10:34:08,849 [pool-403-thread-1] INFO  server.RaftServerConfigKeys (ConfUtils.java:logGet(43)) - raft.server.log.purge.gap = 1000000 (custom)
2019-09-04 10:34:08,850 [pool-403-thread-1] INFO  server.RaftServerConfigKeys (ConfUtils.java:logGet(43)) - raft.server.log.appender.buffer.byte-limit = 33554432 (custom)
2019-09-04 10:34:08,850 [pool-403-thread-1] INFO  server.RaftServerConfigKeys (ConfUtils.java:logGet(43)) - raft.server.log.segment.size.max = 1048576 (custom)
2019-09-04 10:34:08,850 [pool-403-thread-1] INFO  server.RaftServerConfigKeys (ConfUtils.java:logGet(43)) - raft.server.log.segment.cache.num.max = 2 (custom)
2019-09-04 10:34:08,850 [pool-403-thread-1] INFO  segmented.SegmentedRaftLogWorker (SegmentedRaftLogWorker.java:<init>(172)) - new 816bbf34-6afd-44fd-92bd-1d04d1722d1f-SegmentedRaftLogWorker:Storage Directory /workdir/hadoop-ozone/integration-test/target/test-dir/MiniOzoneClusterImpl-33e08fff-e413-484d-8ff0-936effcd748a/datanode-2/data/ratis/bd912109-6b3d-4ada-90f7-51f5332c3def for RaftStorage:Storage Directory /workdir/hadoop-ozone/integration-test/target/test-dir/MiniOzoneClusterImpl-33e08fff-e413-484d-8ff0-936effcd748a/datanode-2/data/ratis/bd912109-6b3d-4ada-90f7-51f5332c3def
2019-09-04 10:34:08,850 [pool-403-thread-1] INFO  server.RaftServerConfigKeys (ConfUtils.java:logGet(43)) - raft.server.log.queue.byte-limit = 2147483647 (custom)
2019-09-04 10:34:08,850 [pool-403-thread-1] INFO  server.RaftServerConfigKeys (ConfUtils.java:logGet(43)) - raft.server.log.queue.element-limit = 1024 (custom)
2019-09-04 10:34:08,851 [pool-403-thread-1] INFO  server.RaftServerConfigKeys (ConfUtils.java:logGet(43)) - raft.server.log.segment.size.max = 1048576 (custom)
2019-09-04 10:34:08,851 [pool-403-thread-1] INFO  server.RaftServerConfigKeys (ConfUtils.java:logGet(43)) - raft.server.log.preallocated.size = 16384 (custom)
2019-09-04 10:34:08,851 [pool-403-thread-1] INFO  server.RaftServerConfigKeys (ConfUtils.java:logGet(43)) - raft.server.log.write.buffer.size = 33554432 (custom)
2019-09-04 10:34:08,851 [pool-403-thread-1] INFO  server.RaftServerConfigKeys (ConfUtils.java:logGet(43)) - raft.server.log.force.sync.num = 128 (default)
2019-09-04 10:34:08,851 [pool-403-thread-1] INFO  server.RaftServerConfigKeys (ConfUtils.java:logGet(43)) - raft.server.log.statemachine.data.sync = true (default)
2019-09-04 10:34:08,851 [pool-403-thread-1] INFO  server.RaftServerConfigKeys (ConfUtils.java:logGet(43)) - raft.server.log.statemachine.data.sync.timeout = 10s (default)
2019-09-04 10:34:08,851 [pool-403-thread-1] INFO  server.RaftServerConfigKeys (ConfUtils.java:logGet(43)) - raft.server.log.statemachine.data.sync.timeout.retry = -1 (default)
2019-09-04 10:34:08,852 [pool-403-thread-1] INFO  server.RaftServerConfigKeys (ConfUtils.java:logGet(43)) - raft.server.log.statemachine.data.caching.enabled = true (custom)
2019-09-04 10:34:08,852 [pool-403-thread-1] INFO  segmented.SegmentedRaftLogWorker (SegmentedRaftLogWorker.java:lambda$new$0(132)) - 816bbf34-6afd-44fd-92bd-1d04d1722d1f-SegmentedRaftLogWorker:Storage Directory /workdir/hadoop-ozone/integration-test/target/test-dir/MiniOzoneClusterImpl-33e08fff-e413-484d-8ff0-936effcd748a/datanode-2/data/ratis/bd912109-6b3d-4ada-90f7-51f5332c3def: flushIndex: setUnconditionally 0 -> -1
2019-09-04 10:34:08,852 [pool-403-thread-1] INFO  server.RaftServerConfigKeys (ConfUtils.java:logGet(43)) - raft.server.snapshot.auto.trigger.enabled = true (custom)
2019-09-04 10:34:08,853 [pool-403-thread-1] INFO  server.RaftServerConfigKeys (ConfUtils.java:logGet(43)) - raft.server.snapshot.auto.trigger.threshold = 10000 (custom)
2019-09-04 10:34:08,853 [pool-403-thread-1] INFO  server.RaftServerConfigKeys (ConfUtils.java:logGet(43)) - raft.server.retrycache.expirytime = 600000ms (custom)
2019-09-04 10:34:08,853 [pool-403-thread-1] INFO  impl.RaftServerImpl (RaftServerImpl.java:start(180)) - 816bbf34-6afd-44fd-92bd-1d04d1722d1f: start group-51F5332C3DEF
2019-09-04 10:34:08,853 [pool-403-thread-1] INFO  impl.RaftServerImpl (RaftServerImpl.java:setRole(171)) - 816bbf34-6afd-44fd-92bd-1d04d1722d1f:group-51F5332C3DEF changes role from null to FOLLOWER at term 0 for startAsFollower
2019-09-04 10:34:08,853 [pool-403-thread-1] INFO  impl.RoleInfo (RoleInfo.java:updateAndGet(143)) - 816bbf34-6afd-44fd-92bd-1d04d1722d1f: start FollowerState
2019-09-04 10:34:08,854 [pool-403-thread-1] INFO  util.JmxRegister (JmxRegister.java:tryRegister(44)) - Successfully registered JMX Bean with object name Ratis:service=RaftServer,group=group-51F5332C3DEF,id=816bbf34-6afd-44fd-92bd-1d04d1722d1f
2019-09-04 10:34:08,856 [RatisPipelineUtilsThread] INFO  pipeline.PipelineStateManager (PipelineStateManager.java:addPipeline(56)) - Created pipeline Pipeline[ Id: bd912109-6b3d-4ada-90f7-51f5332c3def, Nodes: 816bbf34-6afd-44fd-92bd-1d04d1722d1f{ip: 192.168.5.153, host: pr-hdds-1982-decom-states-67zng-3388626213, networkLocation: /default-rack, certSerialId: null}, Type:RATIS, Factor:ONE, State:OPEN]
2019-09-04 10:34:08,871 [grpc-default-executor-4] INFO  impl.RaftServerProxy (RaftServerProxy.java:addNew(89)) - d95ea795-5798-4f88-874d-85b779d77577: addNew group-455E64EDF91B:[8646ae31-6d34-4b89-af50-40707cdacd2f:192.168.5.153:43140, d95ea795-5798-4f88-874d-85b779d77577:192.168.5.153:44772, 816bbf34-6afd-44fd-92bd-1d04d1722d1f:192.168.5.153:42856] returns group-455E64EDF91B:java.util.concurrent.CompletableFuture@4cadb2fa[Not completed]
2019-09-04 10:34:08,871 [grpc-default-executor-10] INFO  impl.RaftServerProxy (RaftServerProxy.java:addNew(89)) - 8646ae31-6d34-4b89-af50-40707cdacd2f: addNew group-455E64EDF91B:[8646ae31-6d34-4b89-af50-40707cdacd2f:192.168.5.153:43140, d95ea795-5798-4f88-874d-85b779d77577:192.168.5.153:44772, 816bbf34-6afd-44fd-92bd-1d04d1722d1f:192.168.5.153:42856] returns group-455E64EDF91B:java.util.concurrent.CompletableFuture@55905d0d[Not completed]
2019-09-04 10:34:08,871 [grpc-default-executor-12] INFO  impl.RaftServerProxy (RaftServerProxy.java:addNew(89)) - 816bbf34-6afd-44fd-92bd-1d04d1722d1f: addNew group-455E64EDF91B:[8646ae31-6d34-4b89-af50-40707cdacd2f:192.168.5.153:43140, d95ea795-5798-4f88-874d-85b779d77577:192.168.5.153:44772, 816bbf34-6afd-44fd-92bd-1d04d1722d1f:192.168.5.153:42856] returns group-455E64EDF91B:java.util.concurrent.CompletableFuture@1fc707c2[Not completed]
2019-09-04 10:34:08,873 [pool-383-thread-1] INFO  impl.RaftServerImpl (RaftServerImpl.java:<init>(93)) - d95ea795-5798-4f88-874d-85b779d77577: new RaftServerImpl for group-455E64EDF91B:[8646ae31-6d34-4b89-af50-40707cdacd2f:192.168.5.153:43140, d95ea795-5798-4f88-874d-85b779d77577:192.168.5.153:44772, 816bbf34-6afd-44fd-92bd-1d04d1722d1f:192.168.5.153:42856] with ContainerStateMachine:uninitialized
2019-09-04 10:34:08,873 [pool-383-thread-1] INFO  server.RaftServerConfigKeys (ConfUtils.java:logGet(43)) - raft.server.rpc.timeout.min = 5s (custom)
2019-09-04 10:34:08,873 [pool-383-thread-1] INFO  server.RaftServerConfigKeys (ConfUtils.java:logGet(43)) - raft.server.rpc.timeout.max = 5200ms (custom)
2019-09-04 10:34:08,873 [pool-383-thread-1] INFO  server.RaftServerConfigKeys (ConfUtils.java:logGet(43)) - raft.server.rpcslowness.timeout = 120s (custom)
2019-09-04 10:34:08,873 [pool-383-thread-1] INFO  server.RaftServerConfigKeys (ConfUtils.java:logGet(43)) - raft.server.sleep.deviation.threshold = 300 (default)
2019-09-04 10:34:08,873 [pool-383-thread-1] INFO  server.RaftServerConfigKeys (ConfUtils.java:logGet(43)) - raft.server.log.appender.install.snapshot.enabled = false (custom)
2019-09-04 10:34:08,874 [pool-403-thread-1] INFO  impl.RaftServerImpl (RaftServerImpl.java:<init>(93)) - 816bbf34-6afd-44fd-92bd-1d04d1722d1f: new RaftServerImpl for group-455E64EDF91B:[8646ae31-6d34-4b89-af50-40707cdacd2f:192.168.5.153:43140, d95ea795-5798-4f88-874d-85b779d77577:192.168.5.153:44772, 816bbf34-6afd-44fd-92bd-1d04d1722d1f:192.168.5.153:42856] with ContainerStateMachine:uninitialized
2019-09-04 10:34:08,874 [pool-383-thread-1] INFO  impl.RaftServerImpl (ServerState.java:<init>(105)) - d95ea795-5798-4f88-874d-85b779d77577:group-455E64EDF91B ConfigurationManager, init=-1: [8646ae31-6d34-4b89-af50-40707cdacd2f:192.168.5.153:43140, d95ea795-5798-4f88-874d-85b779d77577:192.168.5.153:44772, 816bbf34-6afd-44fd-92bd-1d04d1722d1f:192.168.5.153:42856], old=null, confs=<EMPTY_MAP>
2019-09-04 10:34:08,874 [pool-403-thread-1] INFO  server.RaftServerConfigKeys (ConfUtils.java:logGet(43)) - raft.server.rpc.timeout.min = 5s (custom)
2019-09-04 10:34:08,874 [pool-383-thread-1] INFO  server.RaftServerConfigKeys (ConfUtils.java:logGet(43)) - raft.server.storage.dir = [/workdir/hadoop-ozone/integration-test/target/test-dir/MiniOzoneClusterImpl-33e08fff-e413-484d-8ff0-936effcd748a/datanode-0/data/ratis] (custom)
2019-09-04 10:34:08,874 [pool-403-thread-1] INFO  server.RaftServerConfigKeys (ConfUtils.java:logGet(43)) - raft.server.rpc.timeout.max = 5200ms (custom)
2019-09-04 10:34:08,874 [pool-393-thread-1] INFO  impl.RaftServerImpl (RaftServerImpl.java:<init>(93)) - 8646ae31-6d34-4b89-af50-40707cdacd2f: new RaftServerImpl for group-455E64EDF91B:[8646ae31-6d34-4b89-af50-40707cdacd2f:192.168.5.153:43140, d95ea795-5798-4f88-874d-85b779d77577:192.168.5.153:44772, 816bbf34-6afd-44fd-92bd-1d04d1722d1f:192.168.5.153:42856] with ContainerStateMachine:uninitialized
2019-09-04 10:34:08,874 [pool-403-thread-1] INFO  server.RaftServerConfigKeys (ConfUtils.java:logGet(43)) - raft.server.rpcslowness.timeout = 120s (custom)
2019-09-04 10:34:08,874 [pool-383-thread-1] INFO  storage.RaftStorageDirectory (RaftStorageDirectory.java:analyzeStorage(246)) - The storage directory /workdir/hadoop-ozone/integration-test/target/test-dir/MiniOzoneClusterImpl-33e08fff-e413-484d-8ff0-936effcd748a/datanode-0/data/ratis/5d83a31d-c551-4f9c-bef0-455e64edf91b does not exist. Creating ...
2019-09-04 10:34:08,874 [pool-393-thread-1] INFO  server.RaftServerConfigKeys (ConfUtils.java:logGet(43)) - raft.server.rpc.timeout.min = 5s (custom)
2019-09-04 10:34:08,874 [pool-403-thread-1] INFO  server.RaftServerConfigKeys (ConfUtils.java:logGet(43)) - raft.server.sleep.deviation.threshold = 300 (default)
2019-09-04 10:34:08,875 [pool-393-thread-1] INFO  server.RaftServerConfigKeys (ConfUtils.java:logGet(43)) - raft.server.rpc.timeout.max = 5200ms (custom)
2019-09-04 10:34:08,875 [pool-403-thread-1] INFO  server.RaftServerConfigKeys (ConfUtils.java:logGet(43)) - raft.server.log.appender.install.snapshot.enabled = false (custom)
2019-09-04 10:34:08,875 [pool-393-thread-1] INFO  server.RaftServerConfigKeys (ConfUtils.java:logGet(43)) - raft.server.rpcslowness.timeout = 120s (custom)
2019-09-04 10:34:08,875 [pool-403-thread-1] INFO  impl.RaftServerImpl (ServerState.java:<init>(105)) - 816bbf34-6afd-44fd-92bd-1d04d1722d1f:group-455E64EDF91B ConfigurationManager, init=-1: [8646ae31-6d34-4b89-af50-40707cdacd2f:192.168.5.153:43140, d95ea795-5798-4f88-874d-85b779d77577:192.168.5.153:44772, 816bbf34-6afd-44fd-92bd-1d04d1722d1f:192.168.5.153:42856], old=null, confs=<EMPTY_MAP>
2019-09-04 10:34:08,875 [pool-393-thread-1] INFO  server.RaftServerConfigKeys (ConfUtils.java:logGet(43)) - raft.server.sleep.deviation.threshold = 300 (default)
2019-09-04 10:34:08,875 [pool-403-thread-1] INFO  server.RaftServerConfigKeys (ConfUtils.java:logGet(43)) - raft.server.storage.dir = [/workdir/hadoop-ozone/integration-test/target/test-dir/MiniOzoneClusterImpl-33e08fff-e413-484d-8ff0-936effcd748a/datanode-2/data/ratis] (custom)
2019-09-04 10:34:08,875 [pool-393-thread-1] INFO  server.RaftServerConfigKeys (ConfUtils.java:logGet(43)) - raft.server.log.appender.install.snapshot.enabled = false (custom)
2019-09-04 10:34:08,876 [pool-393-thread-1] INFO  impl.RaftServerImpl (ServerState.java:<init>(105)) - 8646ae31-6d34-4b89-af50-40707cdacd2f:group-455E64EDF91B ConfigurationManager, init=-1: [8646ae31-6d34-4b89-af50-40707cdacd2f:192.168.5.153:43140, d95ea795-5798-4f88-874d-85b779d77577:192.168.5.153:44772, 816bbf34-6afd-44fd-92bd-1d04d1722d1f:192.168.5.153:42856], old=null, confs=<EMPTY_MAP>
2019-09-04 10:34:08,876 [pool-403-thread-1] INFO  storage.RaftStorageDirectory (RaftStorageDirectory.java:analyzeStorage(246)) - The storage directory /workdir/hadoop-ozone/integration-test/target/test-dir/MiniOzoneClusterImpl-33e08fff-e413-484d-8ff0-936effcd748a/datanode-2/data/ratis/5d83a31d-c551-4f9c-bef0-455e64edf91b does not exist. Creating ...
2019-09-04 10:34:08,876 [pool-393-thread-1] INFO  server.RaftServerConfigKeys (ConfUtils.java:logGet(43)) - raft.server.storage.dir = [/workdir/hadoop-ozone/integration-test/target/test-dir/MiniOzoneClusterImpl-33e08fff-e413-484d-8ff0-936effcd748a/datanode-1/data/ratis] (custom)
2019-09-04 10:34:08,876 [pool-393-thread-1] INFO  storage.RaftStorageDirectory (RaftStorageDirectory.java:analyzeStorage(246)) - The storage directory /workdir/hadoop-ozone/integration-test/target/test-dir/MiniOzoneClusterImpl-33e08fff-e413-484d-8ff0-936effcd748a/datanode-1/data/ratis/5d83a31d-c551-4f9c-bef0-455e64edf91b does not exist. Creating ...
2019-09-04 10:34:08,876 [IPC Server handler 18 on 37267] INFO  net.NetworkTopology (NetworkTopologyImpl.java:add(110)) - Added a new node: /default-rack/78727c90-bbe0-444f-aa03-36aec32f3d6b
2019-09-04 10:34:08,877 [IPC Server handler 18 on 37267] INFO  node.SCMNodeManager (SCMNodeManager.java:register(271)) - Registered Data node : 78727c90-bbe0-444f-aa03-36aec32f3d6b{ip: 192.168.5.153, host: pr-hdds-1982-decom-states-67zng-3388626213, networkLocation: /default-rack, certSerialId: null}
2019-09-04 10:34:08,888 [pool-403-thread-1] INFO  storage.RaftStorageDirectory (RaftStorageDirectory.java:tryLock(328)) - Lock on /workdir/hadoop-ozone/integration-test/target/test-dir/MiniOzoneClusterImpl-33e08fff-e413-484d-8ff0-936effcd748a/datanode-2/data/ratis/5d83a31d-c551-4f9c-bef0-455e64edf91b/in_use.lock acquired by nodename 22397@pr-hdds-1982-decom-states-67zng-3388626213
2019-09-04 10:34:08,888 [pool-383-thread-1] INFO  storage.RaftStorageDirectory (RaftStorageDirectory.java:tryLock(328)) - Lock on /workdir/hadoop-ozone/integration-test/target/test-dir/MiniOzoneClusterImpl-33e08fff-e413-484d-8ff0-936effcd748a/datanode-0/data/ratis/5d83a31d-c551-4f9c-bef0-455e64edf91b/in_use.lock acquired by nodename 22397@pr-hdds-1982-decom-states-67zng-3388626213
2019-09-04 10:34:08,888 [pool-393-thread-1] INFO  storage.RaftStorageDirectory (RaftStorageDirectory.java:tryLock(328)) - Lock on /workdir/hadoop-ozone/integration-test/target/test-dir/MiniOzoneClusterImpl-33e08fff-e413-484d-8ff0-936effcd748a/datanode-1/data/ratis/5d83a31d-c551-4f9c-bef0-455e64edf91b/in_use.lock acquired by nodename 22397@pr-hdds-1982-decom-states-67zng-3388626213
2019-09-04 10:34:08,901 [pool-383-thread-1] INFO  storage.RaftStorage (RaftStorage.java:format(72)) - Storage directory /workdir/hadoop-ozone/integration-test/target/test-dir/MiniOzoneClusterImpl-33e08fff-e413-484d-8ff0-936effcd748a/datanode-0/data/ratis/5d83a31d-c551-4f9c-bef0-455e64edf91b has been successfully formatted.
2019-09-04 10:34:08,901 [pool-393-thread-1] INFO  storage.RaftStorage (RaftStorage.java:format(72)) - Storage directory /workdir/hadoop-ozone/integration-test/target/test-dir/MiniOzoneClusterImpl-33e08fff-e413-484d-8ff0-936effcd748a/datanode-1/data/ratis/5d83a31d-c551-4f9c-bef0-455e64edf91b has been successfully formatted.
2019-09-04 10:34:08,901 [pool-403-thread-1] INFO  storage.RaftStorage (RaftStorage.java:format(72)) - Storage directory /workdir/hadoop-ozone/integration-test/target/test-dir/MiniOzoneClusterImpl-33e08fff-e413-484d-8ff0-936effcd748a/datanode-2/data/ratis/5d83a31d-c551-4f9c-bef0-455e64edf91b has been successfully formatted.
2019-09-04 10:34:08,902 [pool-383-thread-1] INFO  ratis.ContainerStateMachine (ContainerStateMachine.java:loadSnapshot(227)) - group-455E64EDF91B: The snapshot info is null. Setting the last applied indexto:(t:0, i:~)
2019-09-04 10:34:08,902 [pool-403-thread-1] INFO  ratis.ContainerStateMachine (ContainerStateMachine.java:loadSnapshot(227)) - group-455E64EDF91B: The snapshot info is null. Setting the last applied indexto:(t:0, i:~)
2019-09-04 10:34:08,902 [pool-383-thread-1] INFO  server.RaftServerConfigKeys (ConfUtils.java:logGet(43)) - raft.server.leader.election.timeout = 120s (custom)
2019-09-04 10:34:08,902 [pool-393-thread-1] INFO  ratis.ContainerStateMachine (ContainerStateMachine.java:loadSnapshot(227)) - group-455E64EDF91B: The snapshot info is null. Setting the last applied indexto:(t:0, i:~)
2019-09-04 10:34:08,902 [pool-383-thread-1] INFO  server.RaftServerConfigKeys (ConfUtils.java:logGet(43)) - raft.server.log.use.memory = false (default)
2019-09-04 10:34:08,902 [pool-403-thread-1] INFO  server.RaftServerConfigKeys (ConfUtils.java:logGet(43)) - raft.server.leader.election.timeout = 120s (custom)
2019-09-04 10:34:08,902 [pool-383-thread-1] INFO  server.RaftServerConfigKeys (ConfUtils.java:logGet(43)) - raft.server.log.purge.gap = 1000000 (custom)
2019-09-04 10:34:08,902 [pool-393-thread-1] INFO  server.RaftServerConfigKeys (ConfUtils.java:logGet(43)) - raft.server.leader.election.timeout = 120s (custom)
2019-09-04 10:34:08,903 [pool-383-thread-1] INFO  server.RaftServerConfigKeys (ConfUtils.java:logGet(43)) - raft.server.log.appender.buffer.byte-limit = 33554432 (custom)
2019-09-04 10:34:08,903 [pool-403-thread-1] INFO  server.RaftServerConfigKeys (ConfUtils.java:logGet(43)) - raft.server.log.use.memory = false (default)
2019-09-04 10:34:08,903 [pool-383-thread-1] INFO  server.RaftServerConfigKeys (ConfUtils.java:logGet(43)) - raft.server.log.segment.size.max = 1048576 (custom)
2019-09-04 10:34:08,903 [pool-393-thread-1] INFO  server.RaftServerConfigKeys (ConfUtils.java:logGet(43)) - raft.server.log.use.memory = false (default)
2019-09-04 10:34:08,903 [pool-383-thread-1] INFO  server.RaftServerConfigKeys (ConfUtils.java:logGet(43)) - raft.server.log.segment.cache.num.max = 2 (custom)
2019-09-04 10:34:08,903 [pool-403-thread-1] INFO  server.RaftServerConfigKeys (ConfUtils.java:logGet(43)) - raft.server.log.purge.gap = 1000000 (custom)
2019-09-04 10:34:08,903 [pool-383-thread-1] INFO  segmented.SegmentedRaftLogWorker (SegmentedRaftLogWorker.java:<init>(172)) - new d95ea795-5798-4f88-874d-85b779d77577-SegmentedRaftLogWorker:Storage Directory /workdir/hadoop-ozone/integration-test/target/test-dir/MiniOzoneClusterImpl-33e08fff-e413-484d-8ff0-936effcd748a/datanode-0/data/ratis/5d83a31d-c551-4f9c-bef0-455e64edf91b for RaftStorage:Storage Directory /workdir/hadoop-ozone/integration-test/target/test-dir/MiniOzoneClusterImpl-33e08fff-e413-484d-8ff0-936effcd748a/datanode-0/data/ratis/5d83a31d-c551-4f9c-bef0-455e64edf91b
2019-09-04 10:34:08,903 [pool-393-thread-1] INFO  server.RaftServerConfigKeys (ConfUtils.java:logGet(43)) - raft.server.log.purge.gap = 1000000 (custom)
2019-09-04 10:34:08,904 [pool-383-thread-1] INFO  server.RaftServerConfigKeys (ConfUtils.java:logGet(43)) - raft.server.log.queue.byte-limit = 2147483647 (custom)
2019-09-04 10:34:08,904 [pool-403-thread-1] INFO  server.RaftServerConfigKeys (ConfUtils.java:logGet(43)) - raft.server.log.appender.buffer.byte-limit = 33554432 (custom)
2019-09-04 10:34:08,904 [pool-383-thread-1] INFO  server.RaftServerConfigKeys (ConfUtils.java:logGet(43)) - raft.server.log.queue.element-limit = 1024 (custom)
2019-09-04 10:34:08,904 [pool-393-thread-1] INFO  server.RaftServerConfigKeys (ConfUtils.java:logGet(43)) - raft.server.log.appender.buffer.byte-limit = 33554432 (custom)
2019-09-04 10:34:08,904 [pool-383-thread-1] INFO  server.RaftServerConfigKeys (ConfUtils.java:logGet(43)) - raft.server.log.segment.size.max = 1048576 (custom)
2019-09-04 10:34:08,904 [pool-403-thread-1] INFO  server.RaftServerConfigKeys (ConfUtils.java:logGet(43)) - raft.server.log.segment.size.max = 1048576 (custom)
2019-09-04 10:34:08,904 [pool-383-thread-1] INFO  server.RaftServerConfigKeys (ConfUtils.java:logGet(43)) - raft.server.log.preallocated.size = 16384 (custom)
2019-09-04 10:34:08,904 [pool-393-thread-1] INFO  server.RaftServerConfigKeys (ConfUtils.java:logGet(43)) - raft.server.log.segment.size.max = 1048576 (custom)
2019-09-04 10:34:08,905 [pool-383-thread-1] INFO  server.RaftServerConfigKeys (ConfUtils.java:logGet(43)) - raft.server.log.write.buffer.size = 33554432 (custom)
2019-09-04 10:34:08,905 [pool-403-thread-1] INFO  server.RaftServerConfigKeys (ConfUtils.java:logGet(43)) - raft.server.log.segment.cache.num.max = 2 (custom)
2019-09-04 10:34:08,905 [pool-383-thread-1] INFO  server.RaftServerConfigKeys (ConfUtils.java:logGet(43)) - raft.server.log.force.sync.num = 128 (default)
2019-09-04 10:34:08,905 [pool-393-thread-1] INFO  server.RaftServerConfigKeys (ConfUtils.java:logGet(43)) - raft.server.log.segment.cache.num.max = 2 (custom)
2019-09-04 10:34:08,905 [pool-383-thread-1] INFO  server.RaftServerConfigKeys (ConfUtils.java:logGet(43)) - raft.server.log.statemachine.data.sync = true (default)
2019-09-04 10:34:08,905 [pool-403-thread-1] INFO  segmented.SegmentedRaftLogWorker (SegmentedRaftLogWorker.java:<init>(172)) - new 816bbf34-6afd-44fd-92bd-1d04d1722d1f-SegmentedRaftLogWorker:Storage Directory /workdir/hadoop-ozone/integration-test/target/test-dir/MiniOzoneClusterImpl-33e08fff-e413-484d-8ff0-936effcd748a/datanode-2/data/ratis/5d83a31d-c551-4f9c-bef0-455e64edf91b for RaftStorage:Storage Directory /workdir/hadoop-ozone/integration-test/target/test-dir/MiniOzoneClusterImpl-33e08fff-e413-484d-8ff0-936effcd748a/datanode-2/data/ratis/5d83a31d-c551-4f9c-bef0-455e64edf91b
2019-09-04 10:34:08,905 [pool-383-thread-1] INFO  server.RaftServerConfigKeys (ConfUtils.java:logGet(43)) - raft.server.log.statemachine.data.sync.timeout = 10s (default)
2019-09-04 10:34:08,905 [pool-393-thread-1] INFO  segmented.SegmentedRaftLogWorker (SegmentedRaftLogWorker.java:<init>(172)) - new 8646ae31-6d34-4b89-af50-40707cdacd2f-SegmentedRaftLogWorker:Storage Directory /workdir/hadoop-ozone/integration-test/target/test-dir/MiniOzoneClusterImpl-33e08fff-e413-484d-8ff0-936effcd748a/datanode-1/data/ratis/5d83a31d-c551-4f9c-bef0-455e64edf91b for RaftStorage:Storage Directory /workdir/hadoop-ozone/integration-test/target/test-dir/MiniOzoneClusterImpl-33e08fff-e413-484d-8ff0-936effcd748a/datanode-1/data/ratis/5d83a31d-c551-4f9c-bef0-455e64edf91b
2019-09-04 10:34:08,906 [pool-383-thread-1] INFO  server.RaftServerConfigKeys (ConfUtils.java:logGet(43)) - raft.server.log.statemachine.data.sync.timeout.retry = -1 (default)
2019-09-04 10:34:08,906 [pool-403-thread-1] INFO  server.RaftServerConfigKeys (ConfUtils.java:logGet(43)) - raft.server.log.queue.byte-limit = 2147483647 (custom)
2019-09-04 10:34:08,906 [pool-383-thread-1] INFO  server.RaftServerConfigKeys (ConfUtils.java:logGet(43)) - raft.server.log.statemachine.data.caching.enabled = true (custom)
2019-09-04 10:34:08,906 [pool-393-thread-1] INFO  server.RaftServerConfigKeys (ConfUtils.java:logGet(43)) - raft.server.log.queue.byte-limit = 2147483647 (custom)
2019-09-04 10:34:08,906 [pool-403-thread-1] INFO  server.RaftServerConfigKeys (ConfUtils.java:logGet(43)) - raft.server.log.queue.element-limit = 1024 (custom)
2019-09-04 10:34:08,906 [pool-383-thread-1] INFO  segmented.SegmentedRaftLogWorker (SegmentedRaftLogWorker.java:lambda$new$0(132)) - d95ea795-5798-4f88-874d-85b779d77577-SegmentedRaftLogWorker:Storage Directory /workdir/hadoop-ozone/integration-test/target/test-dir/MiniOzoneClusterImpl-33e08fff-e413-484d-8ff0-936effcd748a/datanode-0/data/ratis/5d83a31d-c551-4f9c-bef0-455e64edf91b: flushIndex: setUnconditionally 0 -> -1
2019-09-04 10:34:08,906 [pool-393-thread-1] INFO  server.RaftServerConfigKeys (ConfUtils.java:logGet(43)) - raft.server.log.queue.element-limit = 1024 (custom)
2019-09-04 10:34:08,907 [pool-403-thread-1] INFO  server.RaftServerConfigKeys (ConfUtils.java:logGet(43)) - raft.server.log.segment.size.max = 1048576 (custom)
2019-09-04 10:34:08,907 [pool-383-thread-1] INFO  server.RaftServerConfigKeys (ConfUtils.java:logGet(43)) - raft.server.snapshot.auto.trigger.enabled = true (custom)
2019-09-04 10:34:08,907 [pool-403-thread-1] INFO  server.RaftServerConfigKeys (ConfUtils.java:logGet(43)) - raft.server.log.preallocated.size = 16384 (custom)
2019-09-04 10:34:08,907 [pool-393-thread-1] INFO  server.RaftServerConfigKeys (ConfUtils.java:logGet(43)) - raft.server.log.segment.size.max = 1048576 (custom)
2019-09-04 10:34:08,907 [pool-403-thread-1] INFO  server.RaftServerConfigKeys (ConfUtils.java:logGet(43)) - raft.server.log.write.buffer.size = 33554432 (custom)
2019-09-04 10:34:08,907 [pool-383-thread-1] INFO  server.RaftServerConfigKeys (ConfUtils.java:logGet(43)) - raft.server.snapshot.auto.trigger.threshold = 10000 (custom)
2019-09-04 10:34:08,907 [pool-403-thread-1] INFO  server.RaftServerConfigKeys (ConfUtils.java:logGet(43)) - raft.server.log.force.sync.num = 128 (default)
2019-09-04 10:34:08,907 [pool-393-thread-1] INFO  server.RaftServerConfigKeys (ConfUtils.java:logGet(43)) - raft.server.log.preallocated.size = 16384 (custom)
2019-09-04 10:34:08,908 [pool-403-thread-1] INFO  server.RaftServerConfigKeys (ConfUtils.java:logGet(43)) - raft.server.log.statemachine.data.sync = true (default)
2019-09-04 10:34:08,908 [pool-383-thread-1] INFO  server.RaftServerConfigKeys (ConfUtils.java:logGet(43)) - raft.server.retrycache.expirytime = 600000ms (custom)
2019-09-04 10:34:08,908 [pool-403-thread-1] INFO  server.RaftServerConfigKeys (ConfUtils.java:logGet(43)) - raft.server.log.statemachine.data.sync.timeout = 10s (default)
2019-09-04 10:34:08,908 [pool-393-thread-1] INFO  server.RaftServerConfigKeys (ConfUtils.java:logGet(43)) - raft.server.log.write.buffer.size = 33554432 (custom)
2019-09-04 10:34:08,908 [pool-403-thread-1] INFO  server.RaftServerConfigKeys (ConfUtils.java:logGet(43)) - raft.server.log.statemachine.data.sync.timeout.retry = -1 (default)
2019-09-04 10:34:08,908 [pool-383-thread-1] INFO  impl.RaftServerImpl (RaftServerImpl.java:start(180)) - d95ea795-5798-4f88-874d-85b779d77577: start group-455E64EDF91B
2019-09-04 10:34:08,909 [pool-403-thread-1] INFO  server.RaftServerConfigKeys (ConfUtils.java:logGet(43)) - raft.server.log.statemachine.data.caching.enabled = true (custom)
2019-09-04 10:34:08,908 [pool-393-thread-1] INFO  server.RaftServerConfigKeys (ConfUtils.java:logGet(43)) - raft.server.log.force.sync.num = 128 (default)
2019-09-04 10:34:08,909 [pool-393-thread-1] INFO  server.RaftServerConfigKeys (ConfUtils.java:logGet(43)) - raft.server.log.statemachine.data.sync = true (default)
2019-09-04 10:34:08,909 [pool-383-thread-1] INFO  impl.RaftServerImpl (RaftServerImpl.java:setRole(171)) - d95ea795-5798-4f88-874d-85b779d77577:group-455E64EDF91B changes role from null to FOLLOWER at term 0 for startAsFollower
2019-09-04 10:34:08,909 [pool-393-thread-1] INFO  server.RaftServerConfigKeys (ConfUtils.java:logGet(43)) - raft.server.log.statemachine.data.sync.timeout = 10s (default)
2019-09-04 10:34:08,909 [pool-403-thread-1] INFO  segmented.SegmentedRaftLogWorker (SegmentedRaftLogWorker.java:lambda$new$0(132)) - 816bbf34-6afd-44fd-92bd-1d04d1722d1f-SegmentedRaftLogWorker:Storage Directory /workdir/hadoop-ozone/integration-test/target/test-dir/MiniOzoneClusterImpl-33e08fff-e413-484d-8ff0-936effcd748a/datanode-2/data/ratis/5d83a31d-c551-4f9c-bef0-455e64edf91b: flushIndex: setUnconditionally 0 -> -1
2019-09-04 10:34:08,909 [pool-393-thread-1] INFO  server.RaftServerConfigKeys (ConfUtils.java:logGet(43)) - raft.server.log.statemachine.data.sync.timeout.retry = -1 (default)
2019-09-04 10:34:08,909 [pool-383-thread-1] INFO  impl.RoleInfo (RoleInfo.java:updateAndGet(143)) - d95ea795-5798-4f88-874d-85b779d77577: start FollowerState
2019-09-04 10:34:08,910 [pool-393-thread-1] INFO  server.RaftServerConfigKeys (ConfUtils.java:logGet(43)) - raft.server.log.statemachine.data.caching.enabled = true (custom)
2019-09-04 10:34:08,910 [pool-403-thread-1] INFO  server.RaftServerConfigKeys (ConfUtils.java:logGet(43)) - raft.server.snapshot.auto.trigger.enabled = true (custom)
2019-09-04 10:34:08,910 [pool-403-thread-1] INFO  server.RaftServerConfigKeys (ConfUtils.java:logGet(43)) - raft.server.snapshot.auto.trigger.threshold = 10000 (custom)
2019-09-04 10:34:08,910 [pool-383-thread-1] INFO  util.JmxRegister (JmxRegister.java:tryRegister(44)) - Successfully registered JMX Bean with object name Ratis:service=RaftServer,group=group-455E64EDF91B,id=d95ea795-5798-4f88-874d-85b779d77577
2019-09-04 10:34:08,910 [pool-393-thread-1] INFO  segmented.SegmentedRaftLogWorker (SegmentedRaftLogWorker.java:lambda$new$0(132)) - 8646ae31-6d34-4b89-af50-40707cdacd2f-SegmentedRaftLogWorker:Storage Directory /workdir/hadoop-ozone/integration-test/target/test-dir/MiniOzoneClusterImpl-33e08fff-e413-484d-8ff0-936effcd748a/datanode-1/data/ratis/5d83a31d-c551-4f9c-bef0-455e64edf91b: flushIndex: setUnconditionally 0 -> -1
2019-09-04 10:34:08,910 [pool-403-thread-1] INFO  server.RaftServerConfigKeys (ConfUtils.java:logGet(43)) - raft.server.retrycache.expirytime = 600000ms (custom)
2019-09-04 10:34:08,910 [pool-403-thread-1] INFO  impl.RaftServerImpl (RaftServerImpl.java:start(180)) - 816bbf34-6afd-44fd-92bd-1d04d1722d1f: start group-455E64EDF91B
2019-09-04 10:34:08,911 [pool-393-thread-1] INFO  server.RaftServerConfigKeys (ConfUtils.java:logGet(43)) - raft.server.snapshot.auto.trigger.enabled = true (custom)
2019-09-04 10:34:08,911 [pool-403-thread-1] INFO  impl.RaftServerImpl (RaftServerImpl.java:setRole(171)) - 816bbf34-6afd-44fd-92bd-1d04d1722d1f:group-455E64EDF91B changes role from null to FOLLOWER at term 0 for startAsFollower
2019-09-04 10:34:08,911 [pool-393-thread-1] INFO  server.RaftServerConfigKeys (ConfUtils.java:logGet(43)) - raft.server.snapshot.auto.trigger.threshold = 10000 (custom)
2019-09-04 10:34:08,911 [pool-403-thread-1] INFO  impl.RoleInfo (RoleInfo.java:updateAndGet(143)) - 816bbf34-6afd-44fd-92bd-1d04d1722d1f: start FollowerState
2019-09-04 10:34:08,911 [pool-393-thread-1] INFO  server.RaftServerConfigKeys (ConfUtils.java:logGet(43)) - raft.server.retrycache.expirytime = 600000ms (custom)
2019-09-04 10:34:08,911 [pool-393-thread-1] INFO  impl.RaftServerImpl (RaftServerImpl.java:start(180)) - 8646ae31-6d34-4b89-af50-40707cdacd2f: start group-455E64EDF91B
2019-09-04 10:34:08,911 [pool-393-thread-1] INFO  impl.RaftServerImpl (RaftServerImpl.java:setRole(171)) - 8646ae31-6d34-4b89-af50-40707cdacd2f:group-455E64EDF91B changes role from null to FOLLOWER at term 0 for startAsFollower
2019-09-04 10:34:08,911 [pool-403-thread-1] INFO  util.JmxRegister (JmxRegister.java:tryRegister(44)) - Successfully registered JMX Bean with object name Ratis:service=RaftServer,group=group-455E64EDF91B,id=816bbf34-6afd-44fd-92bd-1d04d1722d1f
2019-09-04 10:34:08,912 [pool-393-thread-1] INFO  impl.RoleInfo (RoleInfo.java:updateAndGet(143)) - 8646ae31-6d34-4b89-af50-40707cdacd2f: start FollowerState
2019-09-04 10:34:08,912 [pool-393-thread-1] INFO  util.JmxRegister (JmxRegister.java:tryRegister(44)) - Successfully registered JMX Bean with object name Ratis:service=RaftServer,group=group-455E64EDF91B,id=8646ae31-6d34-4b89-af50-40707cdacd2f
2019-09-04 10:34:08,916 [RatisPipelineUtilsThread] INFO  pipeline.PipelineStateManager (PipelineStateManager.java:addPipeline(56)) - Created pipeline Pipeline[ Id: 5d83a31d-c551-4f9c-bef0-455e64edf91b, Nodes: d95ea795-5798-4f88-874d-85b779d77577{ip: 192.168.5.153, host: pr-hdds-1982-decom-states-67zng-3388626213, networkLocation: /default-rack, certSerialId: null}816bbf34-6afd-44fd-92bd-1d04d1722d1f{ip: 192.168.5.153, host: pr-hdds-1982-decom-states-67zng-3388626213, networkLocation: /default-rack, certSerialId: null}8646ae31-6d34-4b89-af50-40707cdacd2f{ip: 192.168.5.153, host: pr-hdds-1982-decom-states-67zng-3388626213, networkLocation: /default-rack, certSerialId: null}, Type:RATIS, Factor:THREE, State:OPEN]
2019-09-04 10:34:08,965 [IPC Server handler 17 on 37267] INFO  net.NetworkTopology (NetworkTopologyImpl.java:add(110)) - Added a new node: /default-rack/15762bf3-0251-41b8-9cc3-7276b427eb4c
2019-09-04 10:34:08,965 [IPC Server handler 17 on 37267] INFO  node.SCMNodeManager (SCMNodeManager.java:register(271)) - Registered Data node : 15762bf3-0251-41b8-9cc3-7276b427eb4c{ip: 192.168.5.153, host: pr-hdds-1982-decom-states-67zng-3388626213, networkLocation: /default-rack, certSerialId: null}
2019-09-04 10:34:08,974 [grpc-default-executor-12] INFO  impl.RaftServerProxy (RaftServerProxy.java:addNew(89)) - 15762bf3-0251-41b8-9cc3-7276b427eb4c: addNew group-4489BCF00F2A:[15762bf3-0251-41b8-9cc3-7276b427eb4c:192.168.5.153:36887] returns group-4489BCF00F2A:java.util.concurrent.CompletableFuture@79c50d7d[Not completed]
2019-09-04 10:34:08,975 [pool-423-thread-1] INFO  impl.RaftServerImpl (RaftServerImpl.java:<init>(93)) - 15762bf3-0251-41b8-9cc3-7276b427eb4c: new RaftServerImpl for group-4489BCF00F2A:[15762bf3-0251-41b8-9cc3-7276b427eb4c:192.168.5.153:36887] with ContainerStateMachine:uninitialized
2019-09-04 10:34:08,976 [pool-423-thread-1] INFO  server.RaftServerConfigKeys (ConfUtils.java:logGet(43)) - raft.server.rpc.timeout.min = 5s (custom)
2019-09-04 10:34:08,976 [pool-423-thread-1] INFO  server.RaftServerConfigKeys (ConfUtils.java:logGet(43)) - raft.server.rpc.timeout.max = 5200ms (custom)
2019-09-04 10:34:08,976 [pool-423-thread-1] INFO  server.RaftServerConfigKeys (ConfUtils.java:logGet(43)) - raft.server.rpcslowness.timeout = 120s (custom)
2019-09-04 10:34:08,976 [pool-423-thread-1] INFO  server.RaftServerConfigKeys (ConfUtils.java:logGet(43)) - raft.server.sleep.deviation.threshold = 300 (default)
2019-09-04 10:34:08,976 [pool-423-thread-1] INFO  server.RaftServerConfigKeys (ConfUtils.java:logGet(43)) - raft.server.log.appender.install.snapshot.enabled = false (custom)
2019-09-04 10:34:08,976 [pool-423-thread-1] INFO  impl.RaftServerImpl (ServerState.java:<init>(105)) - 15762bf3-0251-41b8-9cc3-7276b427eb4c:group-4489BCF00F2A ConfigurationManager, init=-1: [15762bf3-0251-41b8-9cc3-7276b427eb4c:192.168.5.153:36887], old=null, confs=<EMPTY_MAP>
2019-09-04 10:34:08,977 [pool-423-thread-1] INFO  server.RaftServerConfigKeys (ConfUtils.java:logGet(43)) - raft.server.storage.dir = [/workdir/hadoop-ozone/integration-test/target/test-dir/MiniOzoneClusterImpl-33e08fff-e413-484d-8ff0-936effcd748a/datanode-4/data/ratis] (custom)
2019-09-04 10:34:08,977 [pool-423-thread-1] INFO  storage.RaftStorageDirectory (RaftStorageDirectory.java:analyzeStorage(246)) - The storage directory /workdir/hadoop-ozone/integration-test/target/test-dir/MiniOzoneClusterImpl-33e08fff-e413-484d-8ff0-936effcd748a/datanode-4/data/ratis/6acfee84-47c5-4c63-9576-4489bcf00f2a does not exist. Creating ...
2019-09-04 10:34:08,990 [pool-423-thread-1] INFO  storage.RaftStorageDirectory (RaftStorageDirectory.java:tryLock(328)) - Lock on /workdir/hadoop-ozone/integration-test/target/test-dir/MiniOzoneClusterImpl-33e08fff-e413-484d-8ff0-936effcd748a/datanode-4/data/ratis/6acfee84-47c5-4c63-9576-4489bcf00f2a/in_use.lock acquired by nodename 22397@pr-hdds-1982-decom-states-67zng-3388626213
2019-09-04 10:34:09,013 [pool-423-thread-1] INFO  storage.RaftStorage (RaftStorage.java:format(72)) - Storage directory /workdir/hadoop-ozone/integration-test/target/test-dir/MiniOzoneClusterImpl-33e08fff-e413-484d-8ff0-936effcd748a/datanode-4/data/ratis/6acfee84-47c5-4c63-9576-4489bcf00f2a has been successfully formatted.
2019-09-04 10:34:09,013 [pool-423-thread-1] INFO  ratis.ContainerStateMachine (ContainerStateMachine.java:loadSnapshot(227)) - group-4489BCF00F2A: The snapshot info is null. Setting the last applied indexto:(t:0, i:~)
2019-09-04 10:34:09,014 [pool-423-thread-1] INFO  server.RaftServerConfigKeys (ConfUtils.java:logGet(43)) - raft.server.leader.election.timeout = 120s (custom)
2019-09-04 10:34:09,014 [pool-423-thread-1] INFO  server.RaftServerConfigKeys (ConfUtils.java:logGet(43)) - raft.server.log.use.memory = false (default)
2019-09-04 10:34:09,014 [pool-423-thread-1] INFO  server.RaftServerConfigKeys (ConfUtils.java:logGet(43)) - raft.server.log.purge.gap = 1000000 (custom)
2019-09-04 10:34:09,014 [pool-423-thread-1] INFO  server.RaftServerConfigKeys (ConfUtils.java:logGet(43)) - raft.server.log.appender.buffer.byte-limit = 33554432 (custom)
2019-09-04 10:34:09,014 [pool-423-thread-1] INFO  server.RaftServerConfigKeys (ConfUtils.java:logGet(43)) - raft.server.log.segment.size.max = 1048576 (custom)
2019-09-04 10:34:09,014 [pool-423-thread-1] INFO  server.RaftServerConfigKeys (ConfUtils.java:logGet(43)) - raft.server.log.segment.cache.num.max = 2 (custom)
2019-09-04 10:34:09,014 [pool-423-thread-1] INFO  segmented.SegmentedRaftLogWorker (SegmentedRaftLogWorker.java:<init>(172)) - new 15762bf3-0251-41b8-9cc3-7276b427eb4c-SegmentedRaftLogWorker:Storage Directory /workdir/hadoop-ozone/integration-test/target/test-dir/MiniOzoneClusterImpl-33e08fff-e413-484d-8ff0-936effcd748a/datanode-4/data/ratis/6acfee84-47c5-4c63-9576-4489bcf00f2a for RaftStorage:Storage Directory /workdir/hadoop-ozone/integration-test/target/test-dir/MiniOzoneClusterImpl-33e08fff-e413-484d-8ff0-936effcd748a/datanode-4/data/ratis/6acfee84-47c5-4c63-9576-4489bcf00f2a
2019-09-04 10:34:09,015 [pool-423-thread-1] INFO  server.RaftServerConfigKeys (ConfUtils.java:logGet(43)) - raft.server.log.queue.byte-limit = 2147483647 (custom)
2019-09-04 10:34:09,015 [pool-423-thread-1] INFO  server.RaftServerConfigKeys (ConfUtils.java:logGet(43)) - raft.server.log.queue.element-limit = 1024 (custom)
2019-09-04 10:34:09,015 [pool-423-thread-1] INFO  server.RaftServerConfigKeys (ConfUtils.java:logGet(43)) - raft.server.log.segment.size.max = 1048576 (custom)
2019-09-04 10:34:09,015 [pool-423-thread-1] INFO  server.RaftServerConfigKeys (ConfUtils.java:logGet(43)) - raft.server.log.preallocated.size = 16384 (custom)
2019-09-04 10:34:09,015 [pool-423-thread-1] INFO  server.RaftServerConfigKeys (ConfUtils.java:logGet(43)) - raft.server.log.write.buffer.size = 33554432 (custom)
2019-09-04 10:34:09,015 [pool-423-thread-1] INFO  server.RaftServerConfigKeys (ConfUtils.java:logGet(43)) - raft.server.log.force.sync.num = 128 (default)
2019-09-04 10:34:09,016 [pool-423-thread-1] INFO  server.RaftServerConfigKeys (ConfUtils.java:logGet(43)) - raft.server.log.statemachine.data.sync = true (default)
2019-09-04 10:34:09,016 [pool-423-thread-1] INFO  server.RaftServerConfigKeys (ConfUtils.java:logGet(43)) - raft.server.log.statemachine.data.sync.timeout = 10s (default)
2019-09-04 10:34:09,016 [pool-423-thread-1] INFO  server.RaftServerConfigKeys (ConfUtils.java:logGet(43)) - raft.server.log.statemachine.data.sync.timeout.retry = -1 (default)
2019-09-04 10:34:09,016 [pool-423-thread-1] INFO  server.RaftServerConfigKeys (ConfUtils.java:logGet(43)) - raft.server.log.statemachine.data.caching.enabled = true (custom)
2019-09-04 10:34:09,016 [pool-423-thread-1] INFO  segmented.SegmentedRaftLogWorker (SegmentedRaftLogWorker.java:lambda$new$0(132)) - 15762bf3-0251-41b8-9cc3-7276b427eb4c-SegmentedRaftLogWorker:Storage Directory /workdir/hadoop-ozone/integration-test/target/test-dir/MiniOzoneClusterImpl-33e08fff-e413-484d-8ff0-936effcd748a/datanode-4/data/ratis/6acfee84-47c5-4c63-9576-4489bcf00f2a: flushIndex: setUnconditionally 0 -> -1
2019-09-04 10:34:09,017 [pool-423-thread-1] INFO  server.RaftServerConfigKeys (ConfUtils.java:logGet(43)) - raft.server.snapshot.auto.trigger.enabled = true (custom)
2019-09-04 10:34:09,017 [pool-423-thread-1] INFO  server.RaftServerConfigKeys (ConfUtils.java:logGet(43)) - raft.server.snapshot.auto.trigger.threshold = 10000 (custom)
2019-09-04 10:34:09,017 [pool-423-thread-1] INFO  server.RaftServerConfigKeys (ConfUtils.java:logGet(43)) - raft.server.retrycache.expirytime = 600000ms (custom)
2019-09-04 10:34:09,017 [pool-423-thread-1] INFO  impl.RaftServerImpl (RaftServerImpl.java:start(180)) - 15762bf3-0251-41b8-9cc3-7276b427eb4c: start group-4489BCF00F2A
2019-09-04 10:34:09,017 [pool-423-thread-1] INFO  impl.RaftServerImpl (RaftServerImpl.java:setRole(171)) - 15762bf3-0251-41b8-9cc3-7276b427eb4c:group-4489BCF00F2A changes role from null to FOLLOWER at term 0 for startAsFollower
2019-09-04 10:34:09,018 [pool-423-thread-1] INFO  impl.RoleInfo (RoleInfo.java:updateAndGet(143)) - 15762bf3-0251-41b8-9cc3-7276b427eb4c: start FollowerState
2019-09-04 10:34:09,018 [pool-423-thread-1] INFO  util.JmxRegister (JmxRegister.java:tryRegister(44)) - Successfully registered JMX Bean with object name Ratis:service=RaftServer,group=group-4489BCF00F2A,id=15762bf3-0251-41b8-9cc3-7276b427eb4c
2019-09-04 10:34:09,021 [RatisPipelineUtilsThread] INFO  pipeline.PipelineStateManager (PipelineStateManager.java:addPipeline(56)) - Created pipeline Pipeline[ Id: 6acfee84-47c5-4c63-9576-4489bcf00f2a, Nodes: 15762bf3-0251-41b8-9cc3-7276b427eb4c{ip: 192.168.5.153, host: pr-hdds-1982-decom-states-67zng-3388626213, networkLocation: /default-rack, certSerialId: null}, Type:RATIS, Factor:ONE, State:OPEN]
2019-09-04 10:34:09,029 [grpc-default-executor-12] INFO  impl.RaftServerProxy (RaftServerProxy.java:addNew(89)) - 78727c90-bbe0-444f-aa03-36aec32f3d6b: addNew group-419C6EC30EEF:[78727c90-bbe0-444f-aa03-36aec32f3d6b:192.168.5.153:40603] returns group-419C6EC30EEF:java.util.concurrent.CompletableFuture@a8834a[Not completed]
2019-09-04 10:34:09,030 [pool-413-thread-1] INFO  impl.RaftServerImpl (RaftServerImpl.java:<init>(93)) - 78727c90-bbe0-444f-aa03-36aec32f3d6b: new RaftServerImpl for group-419C6EC30EEF:[78727c90-bbe0-444f-aa03-36aec32f3d6b:192.168.5.153:40603] with ContainerStateMachine:uninitialized
2019-09-04 10:34:09,030 [pool-413-thread-1] INFO  server.RaftServerConfigKeys (ConfUtils.java:logGet(43)) - raft.server.rpc.timeout.min = 5s (custom)
2019-09-04 10:34:09,030 [pool-413-thread-1] INFO  server.RaftServerConfigKeys (ConfUtils.java:logGet(43)) - raft.server.rpc.timeout.max = 5200ms (custom)
2019-09-04 10:34:09,030 [pool-413-thread-1] INFO  server.RaftServerConfigKeys (ConfUtils.java:logGet(43)) - raft.server.rpcslowness.timeout = 120s (custom)
2019-09-04 10:34:09,031 [pool-413-thread-1] INFO  server.RaftServerConfigKeys (ConfUtils.java:logGet(43)) - raft.server.sleep.deviation.threshold = 300 (default)
2019-09-04 10:34:09,031 [pool-413-thread-1] INFO  server.RaftServerConfigKeys (ConfUtils.java:logGet(43)) - raft.server.log.appender.install.snapshot.enabled = false (custom)
2019-09-04 10:34:09,031 [pool-413-thread-1] INFO  impl.RaftServerImpl (ServerState.java:<init>(105)) - 78727c90-bbe0-444f-aa03-36aec32f3d6b:group-419C6EC30EEF ConfigurationManager, init=-1: [78727c90-bbe0-444f-aa03-36aec32f3d6b:192.168.5.153:40603], old=null, confs=<EMPTY_MAP>
2019-09-04 10:34:09,031 [pool-413-thread-1] INFO  server.RaftServerConfigKeys (ConfUtils.java:logGet(43)) - raft.server.storage.dir = [/workdir/hadoop-ozone/integration-test/target/test-dir/MiniOzoneClusterImpl-33e08fff-e413-484d-8ff0-936effcd748a/datanode-3/data/ratis] (custom)
2019-09-04 10:34:09,031 [pool-413-thread-1] INFO  storage.RaftStorageDirectory (RaftStorageDirectory.java:analyzeStorage(246)) - The storage directory /workdir/hadoop-ozone/integration-test/target/test-dir/MiniOzoneClusterImpl-33e08fff-e413-484d-8ff0-936effcd748a/datanode-3/data/ratis/3299889d-5dee-4411-bce5-419c6ec30eef does not exist. Creating ...
2019-09-04 10:34:09,033 [IPC Server handler 16 on 37267] INFO  net.NetworkTopology (NetworkTopologyImpl.java:add(110)) - Added a new node: /default-rack/9d9ee154-5ecf-475b-bae8-030d722a1f78
2019-09-04 10:34:09,033 [IPC Server handler 16 on 37267] INFO  node.SCMNodeManager (SCMNodeManager.java:register(271)) - Registered Data node : 9d9ee154-5ecf-475b-bae8-030d722a1f78{ip: 192.168.5.153, host: pr-hdds-1982-decom-states-67zng-3388626213, networkLocation: /default-rack, certSerialId: null}
2019-09-04 10:34:09,044 [pool-413-thread-1] INFO  storage.RaftStorageDirectory (RaftStorageDirectory.java:tryLock(328)) - Lock on /workdir/hadoop-ozone/integration-test/target/test-dir/MiniOzoneClusterImpl-33e08fff-e413-484d-8ff0-936effcd748a/datanode-3/data/ratis/3299889d-5dee-4411-bce5-419c6ec30eef/in_use.lock acquired by nodename 22397@pr-hdds-1982-decom-states-67zng-3388626213
2019-09-04 10:34:09,057 [pool-413-thread-1] INFO  storage.RaftStorage (RaftStorage.java:format(72)) - Storage directory /workdir/hadoop-ozone/integration-test/target/test-dir/MiniOzoneClusterImpl-33e08fff-e413-484d-8ff0-936effcd748a/datanode-3/data/ratis/3299889d-5dee-4411-bce5-419c6ec30eef has been successfully formatted.
2019-09-04 10:34:09,057 [pool-413-thread-1] INFO  ratis.ContainerStateMachine (ContainerStateMachine.java:loadSnapshot(227)) - group-419C6EC30EEF: The snapshot info is null. Setting the last applied indexto:(t:0, i:~)
2019-09-04 10:34:09,057 [pool-413-thread-1] INFO  server.RaftServerConfigKeys (ConfUtils.java:logGet(43)) - raft.server.leader.election.timeout = 120s (custom)
2019-09-04 10:34:09,057 [pool-413-thread-1] INFO  server.RaftServerConfigKeys (ConfUtils.java:logGet(43)) - raft.server.log.use.memory = false (default)
2019-09-04 10:34:09,057 [pool-413-thread-1] INFO  server.RaftServerConfigKeys (ConfUtils.java:logGet(43)) - raft.server.log.purge.gap = 1000000 (custom)
2019-09-04 10:34:09,057 [pool-413-thread-1] INFO  server.RaftServerConfigKeys (ConfUtils.java:logGet(43)) - raft.server.log.appender.buffer.byte-limit = 33554432 (custom)
2019-09-04 10:34:09,058 [pool-413-thread-1] INFO  server.RaftServerConfigKeys (ConfUtils.java:logGet(43)) - raft.server.log.segment.size.max = 1048576 (custom)
2019-09-04 10:34:09,058 [pool-413-thread-1] INFO  server.RaftServerConfigKeys (ConfUtils.java:logGet(43)) - raft.server.log.segment.cache.num.max = 2 (custom)
2019-09-04 10:34:09,058 [pool-413-thread-1] INFO  segmented.SegmentedRaftLogWorker (SegmentedRaftLogWorker.java:<init>(172)) - new 78727c90-bbe0-444f-aa03-36aec32f3d6b-SegmentedRaftLogWorker:Storage Directory /workdir/hadoop-ozone/integration-test/target/test-dir/MiniOzoneClusterImpl-33e08fff-e413-484d-8ff0-936effcd748a/datanode-3/data/ratis/3299889d-5dee-4411-bce5-419c6ec30eef for RaftStorage:Storage Directory /workdir/hadoop-ozone/integration-test/target/test-dir/MiniOzoneClusterImpl-33e08fff-e413-484d-8ff0-936effcd748a/datanode-3/data/ratis/3299889d-5dee-4411-bce5-419c6ec30eef
2019-09-04 10:34:09,058 [pool-413-thread-1] INFO  server.RaftServerConfigKeys (ConfUtils.java:logGet(43)) - raft.server.log.queue.byte-limit = 2147483647 (custom)
2019-09-04 10:34:09,058 [pool-413-thread-1] INFO  server.RaftServerConfigKeys (ConfUtils.java:logGet(43)) - raft.server.log.queue.element-limit = 1024 (custom)
2019-09-04 10:34:09,058 [pool-413-thread-1] INFO  server.RaftServerConfigKeys (ConfUtils.java:logGet(43)) - raft.server.log.segment.size.max = 1048576 (custom)
2019-09-04 10:34:09,058 [pool-413-thread-1] INFO  server.RaftServerConfigKeys (ConfUtils.java:logGet(43)) - raft.server.log.preallocated.size = 16384 (custom)
2019-09-04 10:34:09,059 [pool-413-thread-1] INFO  server.RaftServerConfigKeys (ConfUtils.java:logGet(43)) - raft.server.log.write.buffer.size = 33554432 (custom)
2019-09-04 10:34:09,059 [pool-413-thread-1] INFO  server.RaftServerConfigKeys (ConfUtils.java:logGet(43)) - raft.server.log.force.sync.num = 128 (default)
2019-09-04 10:34:09,059 [pool-413-thread-1] INFO  server.RaftServerConfigKeys (ConfUtils.java:logGet(43)) - raft.server.log.statemachine.data.sync = true (default)
2019-09-04 10:34:09,059 [pool-413-thread-1] INFO  server.RaftServerConfigKeys (ConfUtils.java:logGet(43)) - raft.server.log.statemachine.data.sync.timeout = 10s (default)
2019-09-04 10:34:09,059 [pool-413-thread-1] INFO  server.RaftServerConfigKeys (ConfUtils.java:logGet(43)) - raft.server.log.statemachine.data.sync.timeout.retry = -1 (default)
2019-09-04 10:34:09,059 [pool-413-thread-1] INFO  server.RaftServerConfigKeys (ConfUtils.java:logGet(43)) - raft.server.log.statemachine.data.caching.enabled = true (custom)
2019-09-04 10:34:09,059 [pool-413-thread-1] INFO  segmented.SegmentedRaftLogWorker (SegmentedRaftLogWorker.java:lambda$new$0(132)) - 78727c90-bbe0-444f-aa03-36aec32f3d6b-SegmentedRaftLogWorker:Storage Directory /workdir/hadoop-ozone/integration-test/target/test-dir/MiniOzoneClusterImpl-33e08fff-e413-484d-8ff0-936effcd748a/datanode-3/data/ratis/3299889d-5dee-4411-bce5-419c6ec30eef: flushIndex: setUnconditionally 0 -> -1
2019-09-04 10:34:09,060 [pool-413-thread-1] INFO  server.RaftServerConfigKeys (ConfUtils.java:logGet(43)) - raft.server.snapshot.auto.trigger.enabled = true (custom)
2019-09-04 10:34:09,060 [pool-413-thread-1] INFO  server.RaftServerConfigKeys (ConfUtils.java:logGet(43)) - raft.server.snapshot.auto.trigger.threshold = 10000 (custom)
2019-09-04 10:34:09,060 [pool-413-thread-1] INFO  server.RaftServerConfigKeys (ConfUtils.java:logGet(43)) - raft.server.retrycache.expirytime = 600000ms (custom)
2019-09-04 10:34:09,060 [pool-413-thread-1] INFO  impl.RaftServerImpl (RaftServerImpl.java:start(180)) - 78727c90-bbe0-444f-aa03-36aec32f3d6b: start group-419C6EC30EEF
2019-09-04 10:34:09,060 [pool-413-thread-1] INFO  impl.RaftServerImpl (RaftServerImpl.java:setRole(171)) - 78727c90-bbe0-444f-aa03-36aec32f3d6b:group-419C6EC30EEF changes role from null to FOLLOWER at term 0 for startAsFollower
2019-09-04 10:34:09,060 [pool-413-thread-1] INFO  impl.RoleInfo (RoleInfo.java:updateAndGet(143)) - 78727c90-bbe0-444f-aa03-36aec32f3d6b: start FollowerState
2019-09-04 10:34:09,061 [pool-413-thread-1] INFO  util.JmxRegister (JmxRegister.java:tryRegister(44)) - Successfully registered JMX Bean with object name Ratis:service=RaftServer,group=group-419C6EC30EEF,id=78727c90-bbe0-444f-aa03-36aec32f3d6b
2019-09-04 10:34:09,063 [RatisPipelineUtilsThread] INFO  pipeline.PipelineStateManager (PipelineStateManager.java:addPipeline(56)) - Created pipeline Pipeline[ Id: 3299889d-5dee-4411-bce5-419c6ec30eef, Nodes: 78727c90-bbe0-444f-aa03-36aec32f3d6b{ip: 192.168.5.153, host: pr-hdds-1982-decom-states-67zng-3388626213, networkLocation: /default-rack, certSerialId: null}, Type:RATIS, Factor:ONE, State:OPEN]
2019-09-04 10:34:09,070 [grpc-default-executor-12] INFO  impl.RaftServerProxy (RaftServerProxy.java:addNew(89)) - 9d9ee154-5ecf-475b-bae8-030d722a1f78: addNew group-85DD50C8E889:[9d9ee154-5ecf-475b-bae8-030d722a1f78:192.168.5.153:38103] returns group-85DD50C8E889:java.util.concurrent.CompletableFuture@2870195d[Not completed]
2019-09-04 10:34:09,071 [pool-433-thread-1] INFO  impl.RaftServerImpl (RaftServerImpl.java:<init>(93)) - 9d9ee154-5ecf-475b-bae8-030d722a1f78: new RaftServerImpl for group-85DD50C8E889:[9d9ee154-5ecf-475b-bae8-030d722a1f78:192.168.5.153:38103] with ContainerStateMachine:uninitialized
2019-09-04 10:34:09,071 [pool-433-thread-1] INFO  server.RaftServerConfigKeys (ConfUtils.java:logGet(43)) - raft.server.rpc.timeout.min = 5s (custom)
2019-09-04 10:34:09,072 [pool-433-thread-1] INFO  server.RaftServerConfigKeys (ConfUtils.java:logGet(43)) - raft.server.rpc.timeout.max = 5200ms (custom)
2019-09-04 10:34:09,072 [pool-433-thread-1] INFO  server.RaftServerConfigKeys (ConfUtils.java:logGet(43)) - raft.server.rpcslowness.timeout = 120s (custom)
2019-09-04 10:34:09,072 [pool-433-thread-1] INFO  server.RaftServerConfigKeys (ConfUtils.java:logGet(43)) - raft.server.sleep.deviation.threshold = 300 (default)
2019-09-04 10:34:09,072 [pool-433-thread-1] INFO  server.RaftServerConfigKeys (ConfUtils.java:logGet(43)) - raft.server.log.appender.install.snapshot.enabled = false (custom)
2019-09-04 10:34:09,072 [pool-433-thread-1] INFO  impl.RaftServerImpl (ServerState.java:<init>(105)) - 9d9ee154-5ecf-475b-bae8-030d722a1f78:group-85DD50C8E889 ConfigurationManager, init=-1: [9d9ee154-5ecf-475b-bae8-030d722a1f78:192.168.5.153:38103], old=null, confs=<EMPTY_MAP>
2019-09-04 10:34:09,072 [pool-433-thread-1] INFO  server.RaftServerConfigKeys (ConfUtils.java:logGet(43)) - raft.server.storage.dir = [/workdir/hadoop-ozone/integration-test/target/test-dir/MiniOzoneClusterImpl-33e08fff-e413-484d-8ff0-936effcd748a/datanode-5/data/ratis] (custom)
2019-09-04 10:34:09,072 [pool-433-thread-1] INFO  storage.RaftStorageDirectory (RaftStorageDirectory.java:analyzeStorage(246)) - The storage directory /workdir/hadoop-ozone/integration-test/target/test-dir/MiniOzoneClusterImpl-33e08fff-e413-484d-8ff0-936effcd748a/datanode-5/data/ratis/c7424368-90e7-44f1-92ba-85dd50c8e889 does not exist. Creating ...
2019-09-04 10:34:09,086 [pool-433-thread-1] INFO  storage.RaftStorageDirectory (RaftStorageDirectory.java:tryLock(328)) - Lock on /workdir/hadoop-ozone/integration-test/target/test-dir/MiniOzoneClusterImpl-33e08fff-e413-484d-8ff0-936effcd748a/datanode-5/data/ratis/c7424368-90e7-44f1-92ba-85dd50c8e889/in_use.lock acquired by nodename 22397@pr-hdds-1982-decom-states-67zng-3388626213
2019-09-04 10:34:09,099 [pool-433-thread-1] INFO  storage.RaftStorage (RaftStorage.java:format(72)) - Storage directory /workdir/hadoop-ozone/integration-test/target/test-dir/MiniOzoneClusterImpl-33e08fff-e413-484d-8ff0-936effcd748a/datanode-5/data/ratis/c7424368-90e7-44f1-92ba-85dd50c8e889 has been successfully formatted.
2019-09-04 10:34:09,099 [pool-433-thread-1] INFO  ratis.ContainerStateMachine (ContainerStateMachine.java:loadSnapshot(227)) - group-85DD50C8E889: The snapshot info is null. Setting the last applied indexto:(t:0, i:~)
2019-09-04 10:34:09,099 [pool-433-thread-1] INFO  server.RaftServerConfigKeys (ConfUtils.java:logGet(43)) - raft.server.leader.election.timeout = 120s (custom)
2019-09-04 10:34:09,099 [pool-433-thread-1] INFO  server.RaftServerConfigKeys (ConfUtils.java:logGet(43)) - raft.server.log.use.memory = false (default)
2019-09-04 10:34:09,099 [pool-433-thread-1] INFO  server.RaftServerConfigKeys (ConfUtils.java:logGet(43)) - raft.server.log.purge.gap = 1000000 (custom)
2019-09-04 10:34:09,099 [pool-433-thread-1] INFO  server.RaftServerConfigKeys (ConfUtils.java:logGet(43)) - raft.server.log.appender.buffer.byte-limit = 33554432 (custom)
2019-09-04 10:34:09,100 [pool-433-thread-1] INFO  server.RaftServerConfigKeys (ConfUtils.java:logGet(43)) - raft.server.log.segment.size.max = 1048576 (custom)
2019-09-04 10:34:09,100 [pool-433-thread-1] INFO  server.RaftServerConfigKeys (ConfUtils.java:logGet(43)) - raft.server.log.segment.cache.num.max = 2 (custom)
2019-09-04 10:34:09,100 [pool-433-thread-1] INFO  segmented.SegmentedRaftLogWorker (SegmentedRaftLogWorker.java:<init>(172)) - new 9d9ee154-5ecf-475b-bae8-030d722a1f78-SegmentedRaftLogWorker:Storage Directory /workdir/hadoop-ozone/integration-test/target/test-dir/MiniOzoneClusterImpl-33e08fff-e413-484d-8ff0-936effcd748a/datanode-5/data/ratis/c7424368-90e7-44f1-92ba-85dd50c8e889 for RaftStorage:Storage Directory /workdir/hadoop-ozone/integration-test/target/test-dir/MiniOzoneClusterImpl-33e08fff-e413-484d-8ff0-936effcd748a/datanode-5/data/ratis/c7424368-90e7-44f1-92ba-85dd50c8e889
2019-09-04 10:34:09,100 [pool-433-thread-1] INFO  server.RaftServerConfigKeys (ConfUtils.java:logGet(43)) - raft.server.log.queue.byte-limit = 2147483647 (custom)
2019-09-04 10:34:09,100 [pool-433-thread-1] INFO  server.RaftServerConfigKeys (ConfUtils.java:logGet(43)) - raft.server.log.queue.element-limit = 1024 (custom)
2019-09-04 10:34:09,100 [pool-433-thread-1] INFO  server.RaftServerConfigKeys (ConfUtils.java:logGet(43)) - raft.server.log.segment.size.max = 1048576 (custom)
2019-09-04 10:34:09,101 [pool-433-thread-1] INFO  server.RaftServerConfigKeys (ConfUtils.java:logGet(43)) - raft.server.log.preallocated.size = 16384 (custom)
2019-09-04 10:34:09,101 [pool-433-thread-1] INFO  server.RaftServerConfigKeys (ConfUtils.java:logGet(43)) - raft.server.log.write.buffer.size = 33554432 (custom)
2019-09-04 10:34:09,101 [pool-433-thread-1] INFO  server.RaftServerConfigKeys (ConfUtils.java:logGet(43)) - raft.server.log.force.sync.num = 128 (default)
2019-09-04 10:34:09,101 [pool-433-thread-1] INFO  server.RaftServerConfigKeys (ConfUtils.java:logGet(43)) - raft.server.log.statemachine.data.sync = true (default)
2019-09-04 10:34:09,101 [pool-433-thread-1] INFO  server.RaftServerConfigKeys (ConfUtils.java:logGet(43)) - raft.server.log.statemachine.data.sync.timeout = 10s (default)
2019-09-04 10:34:09,101 [pool-433-thread-1] INFO  server.RaftServerConfigKeys (ConfUtils.java:logGet(43)) - raft.server.log.statemachine.data.sync.timeout.retry = -1 (default)
2019-09-04 10:34:09,101 [pool-433-thread-1] INFO  server.RaftServerConfigKeys (ConfUtils.java:logGet(43)) - raft.server.log.statemachine.data.caching.enabled = true (custom)
2019-09-04 10:34:09,101 [pool-433-thread-1] INFO  segmented.SegmentedRaftLogWorker (SegmentedRaftLogWorker.java:lambda$new$0(132)) - 9d9ee154-5ecf-475b-bae8-030d722a1f78-SegmentedRaftLogWorker:Storage Directory /workdir/hadoop-ozone/integration-test/target/test-dir/MiniOzoneClusterImpl-33e08fff-e413-484d-8ff0-936effcd748a/datanode-5/data/ratis/c7424368-90e7-44f1-92ba-85dd50c8e889: flushIndex: setUnconditionally 0 -> -1
2019-09-04 10:34:09,102 [pool-433-thread-1] INFO  server.RaftServerConfigKeys (ConfUtils.java:logGet(43)) - raft.server.snapshot.auto.trigger.enabled = true (custom)
2019-09-04 10:34:09,102 [pool-433-thread-1] INFO  server.RaftServerConfigKeys (ConfUtils.java:logGet(43)) - raft.server.snapshot.auto.trigger.threshold = 10000 (custom)
2019-09-04 10:34:09,102 [pool-433-thread-1] INFO  server.RaftServerConfigKeys (ConfUtils.java:logGet(43)) - raft.server.retrycache.expirytime = 600000ms (custom)
2019-09-04 10:34:09,102 [pool-433-thread-1] INFO  impl.RaftServerImpl (RaftServerImpl.java:start(180)) - 9d9ee154-5ecf-475b-bae8-030d722a1f78: start group-85DD50C8E889
2019-09-04 10:34:09,102 [pool-433-thread-1] INFO  impl.RaftServerImpl (RaftServerImpl.java:setRole(171)) - 9d9ee154-5ecf-475b-bae8-030d722a1f78:group-85DD50C8E889 changes role from null to FOLLOWER at term 0 for startAsFollower
2019-09-04 10:34:09,102 [pool-433-thread-1] INFO  impl.RoleInfo (RoleInfo.java:updateAndGet(143)) - 9d9ee154-5ecf-475b-bae8-030d722a1f78: start FollowerState
2019-09-04 10:34:09,103 [pool-433-thread-1] INFO  util.JmxRegister (JmxRegister.java:tryRegister(44)) - Successfully registered JMX Bean with object name Ratis:service=RaftServer,group=group-85DD50C8E889,id=9d9ee154-5ecf-475b-bae8-030d722a1f78
2019-09-04 10:34:09,105 [RatisPipelineUtilsThread] INFO  pipeline.PipelineStateManager (PipelineStateManager.java:addPipeline(56)) - Created pipeline Pipeline[ Id: c7424368-90e7-44f1-92ba-85dd50c8e889, Nodes: 9d9ee154-5ecf-475b-bae8-030d722a1f78{ip: 192.168.5.153, host: pr-hdds-1982-decom-states-67zng-3388626213, networkLocation: /default-rack, certSerialId: null}, Type:RATIS, Factor:ONE, State:OPEN]
2019-09-04 10:34:09,109 [main] INFO  ozone.MiniOzoneClusterImpl (MiniOzoneClusterImpl.java:lambda$waitForClusterToBeReady$0(140)) - Waiting for cluster to be ready. Got 6 of 7 DN Heartbeats.
2019-09-04 10:34:09,110 [IPC Server handler 13 on 37267] INFO  net.NetworkTopology (NetworkTopologyImpl.java:add(110)) - Added a new node: /default-rack/a761c304-b428-4802-b3f0-0b3eb6fe08d8
2019-09-04 10:34:09,110 [IPC Server handler 13 on 37267] INFO  node.SCMNodeManager (SCMNodeManager.java:register(271)) - Registered Data node : a761c304-b428-4802-b3f0-0b3eb6fe08d8{ip: 192.168.5.153, host: pr-hdds-1982-decom-states-67zng-3388626213, networkLocation: /default-rack, certSerialId: null}
2019-09-04 10:34:09,121 [grpc-default-executor-10] INFO  impl.RaftServerProxy (RaftServerProxy.java:addNew(89)) - 15762bf3-0251-41b8-9cc3-7276b427eb4c: addNew group-AAE4DC96B213:[78727c90-bbe0-444f-aa03-36aec32f3d6b:192.168.5.153:40603, 9d9ee154-5ecf-475b-bae8-030d722a1f78:192.168.5.153:38103, 15762bf3-0251-41b8-9cc3-7276b427eb4c:192.168.5.153:36887] returns group-AAE4DC96B213:java.util.concurrent.CompletableFuture@d86526e[Not completed]
2019-09-04 10:34:09,121 [grpc-default-executor-4] INFO  impl.RaftServerProxy (RaftServerProxy.java:addNew(89)) - 9d9ee154-5ecf-475b-bae8-030d722a1f78: addNew group-AAE4DC96B213:[78727c90-bbe0-444f-aa03-36aec32f3d6b:192.168.5.153:40603, 9d9ee154-5ecf-475b-bae8-030d722a1f78:192.168.5.153:38103, 15762bf3-0251-41b8-9cc3-7276b427eb4c:192.168.5.153:36887] returns group-AAE4DC96B213:java.util.concurrent.CompletableFuture@7a4fd773[Not completed]
2019-09-04 10:34:09,121 [grpc-default-executor-12] INFO  impl.RaftServerProxy (RaftServerProxy.java:addNew(89)) - 78727c90-bbe0-444f-aa03-36aec32f3d6b: addNew group-AAE4DC96B213:[78727c90-bbe0-444f-aa03-36aec32f3d6b:192.168.5.153:40603, 9d9ee154-5ecf-475b-bae8-030d722a1f78:192.168.5.153:38103, 15762bf3-0251-41b8-9cc3-7276b427eb4c:192.168.5.153:36887] returns group-AAE4DC96B213:java.util.concurrent.CompletableFuture@378916d[Not completed]
2019-09-04 10:34:09,122 [pool-423-thread-1] INFO  impl.RaftServerImpl (RaftServerImpl.java:<init>(93)) - 15762bf3-0251-41b8-9cc3-7276b427eb4c: new RaftServerImpl for group-AAE4DC96B213:[78727c90-bbe0-444f-aa03-36aec32f3d6b:192.168.5.153:40603, 9d9ee154-5ecf-475b-bae8-030d722a1f78:192.168.5.153:38103, 15762bf3-0251-41b8-9cc3-7276b427eb4c:192.168.5.153:36887] with ContainerStateMachine:uninitialized
2019-09-04 10:34:09,122 [pool-423-thread-1] INFO  server.RaftServerConfigKeys (ConfUtils.java:logGet(43)) - raft.server.rpc.timeout.min = 5s (custom)
2019-09-04 10:34:09,122 [pool-423-thread-1] INFO  server.RaftServerConfigKeys (ConfUtils.java:logGet(43)) - raft.server.rpc.timeout.max = 5200ms (custom)
2019-09-04 10:34:09,122 [pool-423-thread-1] INFO  server.RaftServerConfigKeys (ConfUtils.java:logGet(43)) - raft.server.rpcslowness.timeout = 120s (custom)
2019-09-04 10:34:09,123 [pool-423-thread-1] INFO  server.RaftServerConfigKeys (ConfUtils.java:logGet(43)) - raft.server.sleep.deviation.threshold = 300 (default)
2019-09-04 10:34:09,123 [pool-423-thread-1] INFO  server.RaftServerConfigKeys (ConfUtils.java:logGet(43)) - raft.server.log.appender.install.snapshot.enabled = false (custom)
2019-09-04 10:34:09,123 [pool-423-thread-1] INFO  impl.RaftServerImpl (ServerState.java:<init>(105)) - 15762bf3-0251-41b8-9cc3-7276b427eb4c:group-AAE4DC96B213 ConfigurationManager, init=-1: [78727c90-bbe0-444f-aa03-36aec32f3d6b:192.168.5.153:40603, 9d9ee154-5ecf-475b-bae8-030d722a1f78:192.168.5.153:38103, 15762bf3-0251-41b8-9cc3-7276b427eb4c:192.168.5.153:36887], old=null, confs=<EMPTY_MAP>
2019-09-04 10:34:09,123 [pool-433-thread-1] INFO  impl.RaftServerImpl (RaftServerImpl.java:<init>(93)) - 9d9ee154-5ecf-475b-bae8-030d722a1f78: new RaftServerImpl for group-AAE4DC96B213:[78727c90-bbe0-444f-aa03-36aec32f3d6b:192.168.5.153:40603, 9d9ee154-5ecf-475b-bae8-030d722a1f78:192.168.5.153:38103, 15762bf3-0251-41b8-9cc3-7276b427eb4c:192.168.5.153:36887] with ContainerStateMachine:uninitialized
2019-09-04 10:34:09,123 [pool-423-thread-1] INFO  server.RaftServerConfigKeys (ConfUtils.java:logGet(43)) - raft.server.storage.dir = [/workdir/hadoop-ozone/integration-test/target/test-dir/MiniOzoneClusterImpl-33e08fff-e413-484d-8ff0-936effcd748a/datanode-4/data/ratis] (custom)
2019-09-04 10:34:09,123 [pool-433-thread-1] INFO  server.RaftServerConfigKeys (ConfUtils.java:logGet(43)) - raft.server.rpc.timeout.min = 5s (custom)
2019-09-04 10:34:09,123 [pool-433-thread-1] INFO  server.RaftServerConfigKeys (ConfUtils.java:logGet(43)) - raft.server.rpc.timeout.max = 5200ms (custom)
2019-09-04 10:34:09,123 [pool-423-thread-1] INFO  storage.RaftStorageDirectory (RaftStorageDirectory.java:analyzeStorage(246)) - The storage directory /workdir/hadoop-ozone/integration-test/target/test-dir/MiniOzoneClusterImpl-33e08fff-e413-484d-8ff0-936effcd748a/datanode-4/data/ratis/9e8f4337-e602-46d9-a15b-aae4dc96b213 does not exist. Creating ...
2019-09-04 10:34:09,123 [pool-433-thread-1] INFO  server.RaftServerConfigKeys (ConfUtils.java:logGet(43)) - raft.server.rpcslowness.timeout = 120s (custom)
2019-09-04 10:34:09,123 [pool-413-thread-1] INFO  impl.RaftServerImpl (RaftServerImpl.java:<init>(93)) - 78727c90-bbe0-444f-aa03-36aec32f3d6b: new RaftServerImpl for group-AAE4DC96B213:[78727c90-bbe0-444f-aa03-36aec32f3d6b:192.168.5.153:40603, 9d9ee154-5ecf-475b-bae8-030d722a1f78:192.168.5.153:38103, 15762bf3-0251-41b8-9cc3-7276b427eb4c:192.168.5.153:36887] with ContainerStateMachine:uninitialized
2019-09-04 10:34:09,124 [pool-433-thread-1] INFO  server.RaftServerConfigKeys (ConfUtils.java:logGet(43)) - raft.server.sleep.deviation.threshold = 300 (default)
2019-09-04 10:34:09,124 [pool-413-thread-1] INFO  server.RaftServerConfigKeys (ConfUtils.java:logGet(43)) - raft.server.rpc.timeout.min = 5s (custom)
2019-09-04 10:34:09,124 [pool-433-thread-1] INFO  server.RaftServerConfigKeys (ConfUtils.java:logGet(43)) - raft.server.log.appender.install.snapshot.enabled = false (custom)
2019-09-04 10:34:09,124 [pool-413-thread-1] INFO  server.RaftServerConfigKeys (ConfUtils.java:logGet(43)) - raft.server.rpc.timeout.max = 5200ms (custom)
2019-09-04 10:34:09,124 [pool-433-thread-1] INFO  impl.RaftServerImpl (ServerState.java:<init>(105)) - 9d9ee154-5ecf-475b-bae8-030d722a1f78:group-AAE4DC96B213 ConfigurationManager, init=-1: [78727c90-bbe0-444f-aa03-36aec32f3d6b:192.168.5.153:40603, 9d9ee154-5ecf-475b-bae8-030d722a1f78:192.168.5.153:38103, 15762bf3-0251-41b8-9cc3-7276b427eb4c:192.168.5.153:36887], old=null, confs=<EMPTY_MAP>
2019-09-04 10:34:09,124 [pool-413-thread-1] INFO  server.RaftServerConfigKeys (ConfUtils.java:logGet(43)) - raft.server.rpcslowness.timeout = 120s (custom)
2019-09-04 10:34:09,124 [pool-433-thread-1] INFO  server.RaftServerConfigKeys (ConfUtils.java:logGet(43)) - raft.server.storage.dir = [/workdir/hadoop-ozone/integration-test/target/test-dir/MiniOzoneClusterImpl-33e08fff-e413-484d-8ff0-936effcd748a/datanode-5/data/ratis] (custom)
2019-09-04 10:34:09,125 [pool-413-thread-1] INFO  server.RaftServerConfigKeys (ConfUtils.java:logGet(43)) - raft.server.sleep.deviation.threshold = 300 (default)
2019-09-04 10:34:09,125 [pool-413-thread-1] INFO  server.RaftServerConfigKeys (ConfUtils.java:logGet(43)) - raft.server.log.appender.install.snapshot.enabled = false (custom)
2019-09-04 10:34:09,125 [pool-433-thread-1] INFO  storage.RaftStorageDirectory (RaftStorageDirectory.java:analyzeStorage(246)) - The storage directory /workdir/hadoop-ozone/integration-test/target/test-dir/MiniOzoneClusterImpl-33e08fff-e413-484d-8ff0-936effcd748a/datanode-5/data/ratis/9e8f4337-e602-46d9-a15b-aae4dc96b213 does not exist. Creating ...
2019-09-04 10:34:09,125 [pool-413-thread-1] INFO  impl.RaftServerImpl (ServerState.java:<init>(105)) - 78727c90-bbe0-444f-aa03-36aec32f3d6b:group-AAE4DC96B213 ConfigurationManager, init=-1: [78727c90-bbe0-444f-aa03-36aec32f3d6b:192.168.5.153:40603, 9d9ee154-5ecf-475b-bae8-030d722a1f78:192.168.5.153:38103, 15762bf3-0251-41b8-9cc3-7276b427eb4c:192.168.5.153:36887], old=null, confs=<EMPTY_MAP>
2019-09-04 10:34:09,125 [pool-413-thread-1] INFO  server.RaftServerConfigKeys (ConfUtils.java:logGet(43)) - raft.server.storage.dir = [/workdir/hadoop-ozone/integration-test/target/test-dir/MiniOzoneClusterImpl-33e08fff-e413-484d-8ff0-936effcd748a/datanode-3/data/ratis] (custom)
2019-09-04 10:34:09,126 [pool-413-thread-1] INFO  storage.RaftStorageDirectory (RaftStorageDirectory.java:analyzeStorage(246)) - The storage directory /workdir/hadoop-ozone/integration-test/target/test-dir/MiniOzoneClusterImpl-33e08fff-e413-484d-8ff0-936effcd748a/datanode-3/data/ratis/9e8f4337-e602-46d9-a15b-aae4dc96b213 does not exist. Creating ...
2019-09-04 10:34:09,138 [pool-433-thread-1] INFO  storage.RaftStorageDirectory (RaftStorageDirectory.java:tryLock(328)) - Lock on /workdir/hadoop-ozone/integration-test/target/test-dir/MiniOzoneClusterImpl-33e08fff-e413-484d-8ff0-936effcd748a/datanode-5/data/ratis/9e8f4337-e602-46d9-a15b-aae4dc96b213/in_use.lock acquired by nodename 22397@pr-hdds-1982-decom-states-67zng-3388626213
2019-09-04 10:34:09,138 [pool-413-thread-1] INFO  storage.RaftStorageDirectory (RaftStorageDirectory.java:tryLock(328)) - Lock on /workdir/hadoop-ozone/integration-test/target/test-dir/MiniOzoneClusterImpl-33e08fff-e413-484d-8ff0-936effcd748a/datanode-3/data/ratis/9e8f4337-e602-46d9-a15b-aae4dc96b213/in_use.lock acquired by nodename 22397@pr-hdds-1982-decom-states-67zng-3388626213
2019-09-04 10:34:09,138 [pool-423-thread-1] INFO  storage.RaftStorageDirectory (RaftStorageDirectory.java:tryLock(328)) - Lock on /workdir/hadoop-ozone/integration-test/target/test-dir/MiniOzoneClusterImpl-33e08fff-e413-484d-8ff0-936effcd748a/datanode-4/data/ratis/9e8f4337-e602-46d9-a15b-aae4dc96b213/in_use.lock acquired by nodename 22397@pr-hdds-1982-decom-states-67zng-3388626213
2019-09-04 10:34:09,152 [pool-423-thread-1] INFO  storage.RaftStorage (RaftStorage.java:format(72)) - Storage directory /workdir/hadoop-ozone/integration-test/target/test-dir/MiniOzoneClusterImpl-33e08fff-e413-484d-8ff0-936effcd748a/datanode-4/data/ratis/9e8f4337-e602-46d9-a15b-aae4dc96b213 has been successfully formatted.
2019-09-04 10:34:09,152 [pool-433-thread-1] INFO  storage.RaftStorage (RaftStorage.java:format(72)) - Storage directory /workdir/hadoop-ozone/integration-test/target/test-dir/MiniOzoneClusterImpl-33e08fff-e413-484d-8ff0-936effcd748a/datanode-5/data/ratis/9e8f4337-e602-46d9-a15b-aae4dc96b213 has been successfully formatted.
2019-09-04 10:34:09,152 [pool-413-thread-1] INFO  storage.RaftStorage (RaftStorage.java:format(72)) - Storage directory /workdir/hadoop-ozone/integration-test/target/test-dir/MiniOzoneClusterImpl-33e08fff-e413-484d-8ff0-936effcd748a/datanode-3/data/ratis/9e8f4337-e602-46d9-a15b-aae4dc96b213 has been successfully formatted.
2019-09-04 10:34:09,153 [pool-433-thread-1] INFO  ratis.ContainerStateMachine (ContainerStateMachine.java:loadSnapshot(227)) - group-AAE4DC96B213: The snapshot info is null. Setting the last applied indexto:(t:0, i:~)
2019-09-04 10:34:09,152 [pool-423-thread-1] INFO  ratis.ContainerStateMachine (ContainerStateMachine.java:loadSnapshot(227)) - group-AAE4DC96B213: The snapshot info is null. Setting the last applied indexto:(t:0, i:~)
2019-09-04 10:34:09,153 [pool-433-thread-1] INFO  server.RaftServerConfigKeys (ConfUtils.java:logGet(43)) - raft.server.leader.election.timeout = 120s (custom)
2019-09-04 10:34:09,153 [pool-413-thread-1] INFO  ratis.ContainerStateMachine (ContainerStateMachine.java:loadSnapshot(227)) - group-AAE4DC96B213: The snapshot info is null. Setting the last applied indexto:(t:0, i:~)
2019-09-04 10:34:09,153 [pool-433-thread-1] INFO  server.RaftServerConfigKeys (ConfUtils.java:logGet(43)) - raft.server.log.use.memory = false (default)
2019-09-04 10:34:09,153 [pool-423-thread-1] INFO  server.RaftServerConfigKeys (ConfUtils.java:logGet(43)) - raft.server.leader.election.timeout = 120s (custom)
2019-09-04 10:34:09,153 [pool-433-thread-1] INFO  server.RaftServerConfigKeys (ConfUtils.java:logGet(43)) - raft.server.log.purge.gap = 1000000 (custom)
2019-09-04 10:34:09,153 [pool-413-thread-1] INFO  server.RaftServerConfigKeys (ConfUtils.java:logGet(43)) - raft.server.leader.election.timeout = 120s (custom)
2019-09-04 10:34:09,154 [pool-433-thread-1] INFO  server.RaftServerConfigKeys (ConfUtils.java:logGet(43)) - raft.server.log.appender.buffer.byte-limit = 33554432 (custom)
2019-09-04 10:34:09,153 [pool-423-thread-1] INFO  server.RaftServerConfigKeys (ConfUtils.java:logGet(43)) - raft.server.log.use.memory = false (default)
2019-09-04 10:34:09,154 [pool-433-thread-1] INFO  server.RaftServerConfigKeys (ConfUtils.java:logGet(43)) - raft.server.log.segment.size.max = 1048576 (custom)
2019-09-04 10:34:09,154 [pool-413-thread-1] INFO  server.RaftServerConfigKeys (ConfUtils.java:logGet(43)) - raft.server.log.use.memory = false (default)
2019-09-04 10:34:09,154 [pool-433-thread-1] INFO  server.RaftServerConfigKeys (ConfUtils.java:logGet(43)) - raft.server.log.segment.cache.num.max = 2 (custom)
2019-09-04 10:34:09,154 [pool-433-thread-1] INFO  segmented.SegmentedRaftLogWorker (SegmentedRaftLogWorker.java:<init>(172)) - new 9d9ee154-5ecf-475b-bae8-030d722a1f78-SegmentedRaftLogWorker:Storage Directory /workdir/hadoop-ozone/integration-test/target/test-dir/MiniOzoneClusterImpl-33e08fff-e413-484d-8ff0-936effcd748a/datanode-5/data/ratis/9e8f4337-e602-46d9-a15b-aae4dc96b213 for RaftStorage:Storage Directory /workdir/hadoop-ozone/integration-test/target/test-dir/MiniOzoneClusterImpl-33e08fff-e413-484d-8ff0-936effcd748a/datanode-5/data/ratis/9e8f4337-e602-46d9-a15b-aae4dc96b213
2019-09-04 10:34:09,154 [pool-423-thread-1] INFO  server.RaftServerConfigKeys (ConfUtils.java:logGet(43)) - raft.server.log.purge.gap = 1000000 (custom)
2019-09-04 10:34:09,155 [pool-433-thread-1] INFO  server.RaftServerConfigKeys (ConfUtils.java:logGet(43)) - raft.server.log.queue.byte-limit = 2147483647 (custom)
2019-09-04 10:34:09,155 [pool-433-thread-1] INFO  server.RaftServerConfigKeys (ConfUtils.java:logGet(43)) - raft.server.log.queue.element-limit = 1024 (custom)
2019-09-04 10:34:09,154 [pool-413-thread-1] INFO  server.RaftServerConfigKeys (ConfUtils.java:logGet(43)) - raft.server.log.purge.gap = 1000000 (custom)
2019-09-04 10:34:09,155 [pool-433-thread-1] INFO  server.RaftServerConfigKeys (ConfUtils.java:logGet(43)) - raft.server.log.segment.size.max = 1048576 (custom)
2019-09-04 10:34:09,155 [pool-433-thread-1] INFO  server.RaftServerConfigKeys (ConfUtils.java:logGet(43)) - raft.server.log.preallocated.size = 16384 (custom)
2019-09-04 10:34:09,155 [pool-423-thread-1] INFO  server.RaftServerConfigKeys (ConfUtils.java:logGet(43)) - raft.server.log.appender.buffer.byte-limit = 33554432 (custom)
2019-09-04 10:34:09,156 [pool-433-thread-1] INFO  server.RaftServerConfigKeys (ConfUtils.java:logGet(43)) - raft.server.log.write.buffer.size = 33554432 (custom)
2019-09-04 10:34:09,155 [pool-413-thread-1] INFO  server.RaftServerConfigKeys (ConfUtils.java:logGet(43)) - raft.server.log.appender.buffer.byte-limit = 33554432 (custom)
2019-09-04 10:34:09,156 [pool-433-thread-1] INFO  server.RaftServerConfigKeys (ConfUtils.java:logGet(43)) - raft.server.log.force.sync.num = 128 (default)
2019-09-04 10:34:09,156 [pool-423-thread-1] INFO  server.RaftServerConfigKeys (ConfUtils.java:logGet(43)) - raft.server.log.segment.size.max = 1048576 (custom)
2019-09-04 10:34:09,156 [pool-433-thread-1] INFO  server.RaftServerConfigKeys (ConfUtils.java:logGet(43)) - raft.server.log.statemachine.data.sync = true (default)
2019-09-04 10:34:09,156 [pool-413-thread-1] INFO  server.RaftServerConfigKeys (ConfUtils.java:logGet(43)) - raft.server.log.segment.size.max = 1048576 (custom)
2019-09-04 10:34:09,157 [pool-433-thread-1] INFO  server.RaftServerConfigKeys (ConfUtils.java:logGet(43)) - raft.server.log.statemachine.data.sync.timeout = 10s (default)
2019-09-04 10:34:09,156 [pool-423-thread-1] INFO  server.RaftServerConfigKeys (ConfUtils.java:logGet(43)) - raft.server.log.segment.cache.num.max = 2 (custom)
2019-09-04 10:34:09,157 [pool-433-thread-1] INFO  server.RaftServerConfigKeys (ConfUtils.java:logGet(43)) - raft.server.log.statemachine.data.sync.timeout.retry = -1 (default)
2019-09-04 10:34:09,157 [pool-413-thread-1] INFO  server.RaftServerConfigKeys (ConfUtils.java:logGet(43)) - raft.server.log.segment.cache.num.max = 2 (custom)
2019-09-04 10:34:09,157 [pool-433-thread-1] INFO  server.RaftServerConfigKeys (ConfUtils.java:logGet(43)) - raft.server.log.statemachine.data.caching.enabled = true (custom)
2019-09-04 10:34:09,157 [pool-423-thread-1] INFO  segmented.SegmentedRaftLogWorker (SegmentedRaftLogWorker.java:<init>(172)) - new 15762bf3-0251-41b8-9cc3-7276b427eb4c-SegmentedRaftLogWorker:Storage Directory /workdir/hadoop-ozone/integration-test/target/test-dir/MiniOzoneClusterImpl-33e08fff-e413-484d-8ff0-936effcd748a/datanode-4/data/ratis/9e8f4337-e602-46d9-a15b-aae4dc96b213 for RaftStorage:Storage Directory /workdir/hadoop-ozone/integration-test/target/test-dir/MiniOzoneClusterImpl-33e08fff-e413-484d-8ff0-936effcd748a/datanode-4/data/ratis/9e8f4337-e602-46d9-a15b-aae4dc96b213
2019-09-04 10:34:09,158 [pool-433-thread-1] INFO  segmented.SegmentedRaftLogWorker (SegmentedRaftLogWorker.java:lambda$new$0(132)) - 9d9ee154-5ecf-475b-bae8-030d722a1f78-SegmentedRaftLogWorker:Storage Directory /workdir/hadoop-ozone/integration-test/target/test-dir/MiniOzoneClusterImpl-33e08fff-e413-484d-8ff0-936effcd748a/datanode-5/data/ratis/9e8f4337-e602-46d9-a15b-aae4dc96b213: flushIndex: setUnconditionally 0 -> -1
2019-09-04 10:34:09,157 [pool-413-thread-1] INFO  segmented.SegmentedRaftLogWorker (SegmentedRaftLogWorker.java:<init>(172)) - new 78727c90-bbe0-444f-aa03-36aec32f3d6b-SegmentedRaftLogWorker:Storage Directory /workdir/hadoop-ozone/integration-test/target/test-dir/MiniOzoneClusterImpl-33e08fff-e413-484d-8ff0-936effcd748a/datanode-3/data/ratis/9e8f4337-e602-46d9-a15b-aae4dc96b213 for RaftStorage:Storage Directory /workdir/hadoop-ozone/integration-test/target/test-dir/MiniOzoneClusterImpl-33e08fff-e413-484d-8ff0-936effcd748a/datanode-3/data/ratis/9e8f4337-e602-46d9-a15b-aae4dc96b213
2019-09-04 10:34:09,158 [pool-423-thread-1] INFO  server.RaftServerConfigKeys (ConfUtils.java:logGet(43)) - raft.server.log.queue.byte-limit = 2147483647 (custom)
2019-09-04 10:34:09,158 [pool-433-thread-1] INFO  server.RaftServerConfigKeys (ConfUtils.java:logGet(43)) - raft.server.snapshot.auto.trigger.enabled = true (custom)
2019-09-04 10:34:09,158 [pool-413-thread-1] INFO  server.RaftServerConfigKeys (ConfUtils.java:logGet(43)) - raft.server.log.queue.byte-limit = 2147483647 (custom)
2019-09-04 10:34:09,158 [pool-413-thread-1] INFO  server.RaftServerConfigKeys (ConfUtils.java:logGet(43)) - raft.server.log.queue.element-limit = 1024 (custom)
2019-09-04 10:34:09,158 [pool-433-thread-1] INFO  server.RaftServerConfigKeys (ConfUtils.java:logGet(43)) - raft.server.snapshot.auto.trigger.threshold = 10000 (custom)
2019-09-04 10:34:09,158 [pool-423-thread-1] INFO  server.RaftServerConfigKeys (ConfUtils.java:logGet(43)) - raft.server.log.queue.element-limit = 1024 (custom)
2019-09-04 10:34:09,159 [pool-433-thread-1] INFO  server.RaftServerConfigKeys (ConfUtils.java:logGet(43)) - raft.server.retrycache.expirytime = 600000ms (custom)
2019-09-04 10:34:09,158 [pool-413-thread-1] INFO  server.RaftServerConfigKeys (ConfUtils.java:logGet(43)) - raft.server.log.segment.size.max = 1048576 (custom)
2019-09-04 10:34:09,159 [pool-433-thread-1] INFO  impl.RaftServerImpl (RaftServerImpl.java:start(180)) - 9d9ee154-5ecf-475b-bae8-030d722a1f78: start group-AAE4DC96B213
2019-09-04 10:34:09,159 [pool-433-thread-1] INFO  impl.RaftServerImpl (RaftServerImpl.java:setRole(171)) - 9d9ee154-5ecf-475b-bae8-030d722a1f78:group-AAE4DC96B213 changes role from null to FOLLOWER at term 0 for startAsFollower
2019-09-04 10:34:09,159 [pool-423-thread-1] INFO  server.RaftServerConfigKeys (ConfUtils.java:logGet(43)) - raft.server.log.segment.size.max = 1048576 (custom)
2019-09-04 10:34:09,159 [pool-433-thread-1] INFO  impl.RoleInfo (RoleInfo.java:updateAndGet(143)) - 9d9ee154-5ecf-475b-bae8-030d722a1f78: start FollowerState
2019-09-04 10:34:09,159 [pool-413-thread-1] INFO  server.RaftServerConfigKeys (ConfUtils.java:logGet(43)) - raft.server.log.preallocated.size = 16384 (custom)
2019-09-04 10:34:09,159 [pool-423-thread-1] INFO  server.RaftServerConfigKeys (ConfUtils.java:logGet(43)) - raft.server.log.preallocated.size = 16384 (custom)
2019-09-04 10:34:09,160 [pool-433-thread-1] INFO  util.JmxRegister (JmxRegister.java:tryRegister(44)) - Successfully registered JMX Bean with object name Ratis:service=RaftServer,group=group-AAE4DC96B213,id=9d9ee154-5ecf-475b-bae8-030d722a1f78
2019-09-04 10:34:09,160 [pool-413-thread-1] INFO  server.RaftServerConfigKeys (ConfUtils.java:logGet(43)) - raft.server.log.write.buffer.size = 33554432 (custom)
2019-09-04 10:34:09,160 [pool-423-thread-1] INFO  server.RaftServerConfigKeys (ConfUtils.java:logGet(43)) - raft.server.log.write.buffer.size = 33554432 (custom)
2019-09-04 10:34:09,160 [pool-413-thread-1] INFO  server.RaftServerConfigKeys (ConfUtils.java:logGet(43)) - raft.server.log.force.sync.num = 128 (default)
2019-09-04 10:34:09,160 [pool-423-thread-1] INFO  server.RaftServerConfigKeys (ConfUtils.java:logGet(43)) - raft.server.log.force.sync.num = 128 (default)
2019-09-04 10:34:09,160 [pool-413-thread-1] INFO  server.RaftServerConfigKeys (ConfUtils.java:logGet(43)) - raft.server.log.statemachine.data.sync = true (default)
2019-09-04 10:34:09,161 [pool-423-thread-1] INFO  server.RaftServerConfigKeys (ConfUtils.java:logGet(43)) - raft.server.log.statemachine.data.sync = true (default)
2019-09-04 10:34:09,161 [pool-413-thread-1] INFO  server.RaftServerConfigKeys (ConfUtils.java:logGet(43)) - raft.server.log.statemachine.data.sync.timeout = 10s (default)
2019-09-04 10:34:09,161 [pool-423-thread-1] INFO  server.RaftServerConfigKeys (ConfUtils.java:logGet(43)) - raft.server.log.statemachine.data.sync.timeout = 10s (default)
2019-09-04 10:34:09,161 [pool-413-thread-1] INFO  server.RaftServerConfigKeys (ConfUtils.java:logGet(43)) - raft.server.log.statemachine.data.sync.timeout.retry = -1 (default)
2019-09-04 10:34:09,161 [pool-423-thread-1] INFO  server.RaftServerConfigKeys (ConfUtils.java:logGet(43)) - raft.server.log.statemachine.data.sync.timeout.retry = -1 (default)
2019-09-04 10:34:09,161 [pool-413-thread-1] INFO  server.RaftServerConfigKeys (ConfUtils.java:logGet(43)) - raft.server.log.statemachine.data.caching.enabled = true (custom)
2019-09-04 10:34:09,161 [pool-423-thread-1] INFO  server.RaftServerConfigKeys (ConfUtils.java:logGet(43)) - raft.server.log.statemachine.data.caching.enabled = true (custom)
2019-09-04 10:34:09,162 [pool-413-thread-1] INFO  segmented.SegmentedRaftLogWorker (SegmentedRaftLogWorker.java:lambda$new$0(132)) - 78727c90-bbe0-444f-aa03-36aec32f3d6b-SegmentedRaftLogWorker:Storage Directory /workdir/hadoop-ozone/integration-test/target/test-dir/MiniOzoneClusterImpl-33e08fff-e413-484d-8ff0-936effcd748a/datanode-3/data/ratis/9e8f4337-e602-46d9-a15b-aae4dc96b213: flushIndex: setUnconditionally 0 -> -1
2019-09-04 10:34:09,162 [pool-423-thread-1] INFO  segmented.SegmentedRaftLogWorker (SegmentedRaftLogWorker.java:lambda$new$0(132)) - 15762bf3-0251-41b8-9cc3-7276b427eb4c-SegmentedRaftLogWorker:Storage Directory /workdir/hadoop-ozone/integration-test/target/test-dir/MiniOzoneClusterImpl-33e08fff-e413-484d-8ff0-936effcd748a/datanode-4/data/ratis/9e8f4337-e602-46d9-a15b-aae4dc96b213: flushIndex: setUnconditionally 0 -> -1
2019-09-04 10:34:09,162 [pool-413-thread-1] INFO  server.RaftServerConfigKeys (ConfUtils.java:logGet(43)) - raft.server.snapshot.auto.trigger.enabled = true (custom)
2019-09-04 10:34:09,162 [pool-413-thread-1] INFO  server.RaftServerConfigKeys (ConfUtils.java:logGet(43)) - raft.server.snapshot.auto.trigger.threshold = 10000 (custom)
2019-09-04 10:34:09,162 [pool-423-thread-1] INFO  server.RaftServerConfigKeys (ConfUtils.java:logGet(43)) - raft.server.snapshot.auto.trigger.enabled = true (custom)
2019-09-04 10:34:09,162 [pool-413-thread-1] INFO  server.RaftServerConfigKeys (ConfUtils.java:logGet(43)) - raft.server.retrycache.expirytime = 600000ms (custom)
2019-09-04 10:34:09,163 [pool-423-thread-1] INFO  server.RaftServerConfigKeys (ConfUtils.java:logGet(43)) - raft.server.snapshot.auto.trigger.threshold = 10000 (custom)
2019-09-04 10:34:09,163 [pool-413-thread-1] INFO  impl.RaftServerImpl (RaftServerImpl.java:start(180)) - 78727c90-bbe0-444f-aa03-36aec32f3d6b: start group-AAE4DC96B213
2019-09-04 10:34:09,163 [pool-423-thread-1] INFO  server.RaftServerConfigKeys (ConfUtils.java:logGet(43)) - raft.server.retrycache.expirytime = 600000ms (custom)
2019-09-04 10:34:09,163 [pool-413-thread-1] INFO  impl.RaftServerImpl (RaftServerImpl.java:setRole(171)) - 78727c90-bbe0-444f-aa03-36aec32f3d6b:group-AAE4DC96B213 changes role from null to FOLLOWER at term 0 for startAsFollower
2019-09-04 10:34:09,163 [pool-423-thread-1] INFO  impl.RaftServerImpl (RaftServerImpl.java:start(180)) - 15762bf3-0251-41b8-9cc3-7276b427eb4c: start group-AAE4DC96B213
2019-09-04 10:34:09,163 [pool-413-thread-1] INFO  impl.RoleInfo (RoleInfo.java:updateAndGet(143)) - 78727c90-bbe0-444f-aa03-36aec32f3d6b: start FollowerState
2019-09-04 10:34:09,163 [pool-423-thread-1] INFO  impl.RaftServerImpl (RaftServerImpl.java:setRole(171)) - 15762bf3-0251-41b8-9cc3-7276b427eb4c:group-AAE4DC96B213 changes role from null to FOLLOWER at term 0 for startAsFollower
2019-09-04 10:34:09,164 [pool-423-thread-1] INFO  impl.RoleInfo (RoleInfo.java:updateAndGet(143)) - 15762bf3-0251-41b8-9cc3-7276b427eb4c: start FollowerState
2019-09-04 10:34:09,164 [pool-413-thread-1] INFO  util.JmxRegister (JmxRegister.java:tryRegister(44)) - Successfully registered JMX Bean with object name Ratis:service=RaftServer,group=group-AAE4DC96B213,id=78727c90-bbe0-444f-aa03-36aec32f3d6b
2019-09-04 10:34:09,164 [pool-423-thread-1] INFO  util.JmxRegister (JmxRegister.java:tryRegister(44)) - Successfully registered JMX Bean with object name Ratis:service=RaftServer,group=group-AAE4DC96B213,id=15762bf3-0251-41b8-9cc3-7276b427eb4c
2019-09-04 10:34:09,167 [RatisPipelineUtilsThread] INFO  pipeline.PipelineStateManager (PipelineStateManager.java:addPipeline(56)) - Created pipeline Pipeline[ Id: 9e8f4337-e602-46d9-a15b-aae4dc96b213, Nodes: 15762bf3-0251-41b8-9cc3-7276b427eb4c{ip: 192.168.5.153, host: pr-hdds-1982-decom-states-67zng-3388626213, networkLocation: /default-rack, certSerialId: null}78727c90-bbe0-444f-aa03-36aec32f3d6b{ip: 192.168.5.153, host: pr-hdds-1982-decom-states-67zng-3388626213, networkLocation: /default-rack, certSerialId: null}9d9ee154-5ecf-475b-bae8-030d722a1f78{ip: 192.168.5.153, host: pr-hdds-1982-decom-states-67zng-3388626213, networkLocation: /default-rack, certSerialId: null}, Type:RATIS, Factor:THREE, State:OPEN]
2019-09-04 10:34:10,110 [main] INFO  ozone.MiniOzoneClusterImpl (MiniOzoneClusterImpl.java:lambda$waitForClusterToBeReady$0(140)) - Cluster is ready. Got 7 of 7 DN Heartbeats.
2019-09-04 10:34:10,144 [main] INFO  rpc.RpcClient (RpcClient.java:createVolume(293)) - Creating Volume: watchforcommithandlingtest, with jenkins1000 as owner.
2019-09-04 10:34:10,146 [IPC Server handler 4 on 35354] INFO  volume.OMVolumeCreateRequest (OMVolumeCreateRequest.java:validateAndUpdateCache(189)) - created volume:watchforcommithandlingtest for user:jenkins1000
2019-09-04 10:34:10,157 [main] INFO  rpc.RpcClient (RpcClient.java:createBucket(432)) - Creating Bucket: watchforcommithandlingtest/watchforcommithandlingtest, with Versioning false and Storage Type set to DISK and Encryption set to false 
2019-09-04 10:34:10,160 [main] INFO  ozone.MiniOzoneClusterImpl (MiniOzoneClusterImpl.java:getStorageContainerLocationClient(227)) - Creating StorageContainerLocationProtocol RPC client with address /0.0.0.0:44889
2019-09-04 10:34:10,174 [grpc-default-executor-4] INFO  client.GrpcClientProtocolClient (GrpcClientProtocolClient.java:onNext(255)) - client-23D62EFE9189->d95ea795-5798-4f88-874d-85b779d77577: receive RaftClientReply:client-23D62EFE9189->d95ea795-5798-4f88-874d-85b779d77577@group-455E64EDF91B, cid=102, FAILED org.apache.ratis.protocol.NotLeaderException: Server d95ea795-5798-4f88-874d-85b779d77577 is not the leader (null). Request must be sent to leader., logIndex=0, commits[d95ea795-5798-4f88-874d-85b779d77577:c-1]
2019-09-04 10:34:11,187 [grpc-default-executor-12] INFO  client.GrpcClientProtocolClient (GrpcClientProtocolClient.java:onNext(255)) - client-23D62EFE9189->8646ae31-6d34-4b89-af50-40707cdacd2f: receive RaftClientReply:client-23D62EFE9189->8646ae31-6d34-4b89-af50-40707cdacd2f@group-455E64EDF91B, cid=102, FAILED org.apache.ratis.protocol.NotLeaderException: Server 8646ae31-6d34-4b89-af50-40707cdacd2f is not the leader (null). Request must be sent to leader., logIndex=0, commits[8646ae31-6d34-4b89-af50-40707cdacd2f:c-1]
2019-09-04 10:34:11,267 [Thread-2466] INFO  container.ReplicationManager (ReplicationManager.java:start(162)) - Starting Replication Monitor Thread.
2019-09-04 10:34:11,271 [ReplicationMonitor] INFO  container.ReplicationManager (ReplicationManager.java:run(225)) - Replication Monitor Thread took 0 milliseconds for processing 1 containers.
2019-09-04 10:34:12,202 [grpc-default-executor-4] INFO  client.GrpcClientProtocolClient (GrpcClientProtocolClient.java:onNext(255)) - client-23D62EFE9189->816bbf34-6afd-44fd-92bd-1d04d1722d1f: receive RaftClientReply:client-23D62EFE9189->816bbf34-6afd-44fd-92bd-1d04d1722d1f@group-455E64EDF91B, cid=102, FAILED org.apache.ratis.protocol.NotLeaderException: Server 816bbf34-6afd-44fd-92bd-1d04d1722d1f is not the leader (null). Request must be sent to leader., logIndex=0, commits[816bbf34-6afd-44fd-92bd-1d04d1722d1f:c-1]
2019-09-04 10:34:13,216 [grpc-default-executor-12] INFO  client.GrpcClientProtocolClient (GrpcClientProtocolClient.java:onNext(255)) - client-23D62EFE9189->8646ae31-6d34-4b89-af50-40707cdacd2f: receive RaftClientReply:client-23D62EFE9189->8646ae31-6d34-4b89-af50-40707cdacd2f@group-455E64EDF91B, cid=102, FAILED org.apache.ratis.protocol.NotLeaderException: Server 8646ae31-6d34-4b89-af50-40707cdacd2f is not the leader (null). Request must be sent to leader., logIndex=0, commits[8646ae31-6d34-4b89-af50-40707cdacd2f:c-1]
2019-09-04 10:34:13,424 [Thread-2468] INFO  impl.FollowerState (FollowerState.java:run(106)) - d95ea795-5798-4f88-874d-85b779d77577:group-235C201BCED8 changes to CANDIDATE, lastRpcTime:5100, electionTimeout:5100ms
2019-09-04 10:34:13,424 [Thread-2468] INFO  impl.RoleInfo (RoleInfo.java:shutdownFollowerState(121)) - d95ea795-5798-4f88-874d-85b779d77577: shutdown FollowerState
2019-09-04 10:34:13,424 [Thread-2468] INFO  impl.RaftServerImpl (RaftServerImpl.java:setRole(171)) - d95ea795-5798-4f88-874d-85b779d77577:group-235C201BCED8 changes role from FOLLOWER to CANDIDATE at term 0 for changeToCandidate
2019-09-04 10:34:13,425 [Thread-2468] INFO  impl.RoleInfo (RoleInfo.java:updateAndGet(143)) - d95ea795-5798-4f88-874d-85b779d77577: start LeaderElection
2019-09-04 10:34:13,447 [d95ea795-5798-4f88-874d-85b779d77577:group-235C201BCED8:LeaderElection75] INFO  impl.LeaderElection (LeaderElection.java:askForVotes(181)) - d95ea795-5798-4f88-874d-85b779d77577:group-235C201BCED8:LeaderElection75: begin an election at term 1 for -1: [d95ea795-5798-4f88-874d-85b779d77577:192.168.5.153:44772], old=null
2019-09-04 10:34:13,447 [d95ea795-5798-4f88-874d-85b779d77577:group-235C201BCED8:LeaderElection75] INFO  impl.RoleInfo (RoleInfo.java:shutdownLeaderElection(134)) - d95ea795-5798-4f88-874d-85b779d77577: shutdown LeaderElection
2019-09-04 10:34:13,447 [d95ea795-5798-4f88-874d-85b779d77577:group-235C201BCED8:LeaderElection75] INFO  impl.RaftServerImpl (RaftServerImpl.java:setRole(171)) - d95ea795-5798-4f88-874d-85b779d77577:group-235C201BCED8 changes role from CANDIDATE to LEADER at term 1 for changeToLeader
2019-09-04 10:34:13,447 [d95ea795-5798-4f88-874d-85b779d77577:group-235C201BCED8:LeaderElection75] INFO  impl.RaftServerImpl (ServerState.java:setLeader(263)) - d95ea795-5798-4f88-874d-85b779d77577:group-235C201BCED8 change Leader from null to d95ea795-5798-4f88-874d-85b779d77577 at term 1 for becomeLeader, leader elected after 5126ms
2019-09-04 10:34:13,447 [d95ea795-5798-4f88-874d-85b779d77577:group-235C201BCED8:LeaderElection75] INFO  server.RaftServerConfigKeys (ConfUtils.java:logGet(43)) - raft.server.staging.catchup.gap = 1000 (default)
2019-09-04 10:34:13,447 [d95ea795-5798-4f88-874d-85b779d77577:group-235C201BCED8:LeaderElection75] INFO  server.RaftServerConfigKeys (ConfUtils.java:logGet(43)) - raft.server.rpc.sleep.time = 25ms (default)
2019-09-04 10:34:13,448 [d95ea795-5798-4f88-874d-85b779d77577:group-235C201BCED8:LeaderElection75] INFO  server.RaftServerConfigKeys (ConfUtils.java:logGet(43)) - raft.server.write.element-limit = 4096 (default)
2019-09-04 10:34:13,448 [d95ea795-5798-4f88-874d-85b779d77577:group-235C201BCED8:LeaderElection75] INFO  server.RaftServerConfigKeys (ConfUtils.java:logGet(43)) - raft.server.watch.timeout = 10s (default)
2019-09-04 10:34:13,448 [d95ea795-5798-4f88-874d-85b779d77577:group-235C201BCED8:LeaderElection75] INFO  server.RaftServerConfigKeys (ConfUtils.java:logGet(43)) - raft.server.watch.timeout.denomination = 1s (default)
2019-09-04 10:34:13,448 [d95ea795-5798-4f88-874d-85b779d77577:group-235C201BCED8:LeaderElection75] INFO  server.RaftServerConfigKeys (ConfUtils.java:logGet(43)) - raft.server.watch.element-limit = 65536 (default)
2019-09-04 10:34:13,448 [d95ea795-5798-4f88-874d-85b779d77577:group-235C201BCED8:LeaderElection75] INFO  impl.RoleInfo (RoleInfo.java:updateAndGet(143)) - d95ea795-5798-4f88-874d-85b779d77577: start LeaderState
2019-09-04 10:34:13,449 [d95ea795-5798-4f88-874d-85b779d77577:group-235C201BCED8:LeaderElection75] INFO  segmented.SegmentedRaftLogWorker (SegmentedRaftLogWorker.java:startLogSegment(380)) - d95ea795-5798-4f88-874d-85b779d77577-SegmentedRaftLogWorker:Storage Directory /workdir/hadoop-ozone/integration-test/target/test-dir/MiniOzoneClusterImpl-33e08fff-e413-484d-8ff0-936effcd748a/datanode-0/data/ratis/f7a848bc-102a-45dc-98df-235c201bced8: Starting segment from index:0
2019-09-04 10:34:13,449 [d95ea795-5798-4f88-874d-85b779d77577:group-235C201BCED8:LeaderElection75] INFO  impl.RaftServerImpl (ServerState.java:setRaftConf(361)) - d95ea795-5798-4f88-874d-85b779d77577:group-235C201BCED8 set configuration 0: [d95ea795-5798-4f88-874d-85b779d77577:192.168.5.153:44772], old=null at 0
2019-09-04 10:34:13,504 [d95ea795-5798-4f88-874d-85b779d77577-SegmentedRaftLogWorker:Storage Directory /workdir/hadoop-ozone/integration-test/target/test-dir/MiniOzoneClusterImpl-33e08fff-e413-484d-8ff0-936effcd748a/datanode-0/data/ratis/f7a848bc-102a-45dc-98df-235c201bced8] INFO  segmented.SegmentedRaftLogWorker (SegmentedRaftLogWorker.java:execute(569)) - d95ea795-5798-4f88-874d-85b779d77577-SegmentedRaftLogWorker:Storage Directory /workdir/hadoop-ozone/integration-test/target/test-dir/MiniOzoneClusterImpl-33e08fff-e413-484d-8ff0-936effcd748a/datanode-0/data/ratis/f7a848bc-102a-45dc-98df-235c201bced8: created new log segment /workdir/hadoop-ozone/integration-test/target/test-dir/MiniOzoneClusterImpl-33e08fff-e413-484d-8ff0-936effcd748a/datanode-0/data/ratis/f7a848bc-102a-45dc-98df-235c201bced8/current/log_inprogress_0
2019-09-04 10:34:13,849 [Thread-2471] INFO  impl.FollowerState (FollowerState.java:run(106)) - 8646ae31-6d34-4b89-af50-40707cdacd2f:group-97632FB7B9D7 changes to CANDIDATE, lastRpcTime:5098, electionTimeout:5098ms
2019-09-04 10:34:13,850 [Thread-2471] INFO  impl.RoleInfo (RoleInfo.java:shutdownFollowerState(121)) - 8646ae31-6d34-4b89-af50-40707cdacd2f: shutdown FollowerState
2019-09-04 10:34:13,850 [Thread-2471] INFO  impl.RaftServerImpl (RaftServerImpl.java:setRole(171)) - 8646ae31-6d34-4b89-af50-40707cdacd2f:group-97632FB7B9D7 changes role from FOLLOWER to CANDIDATE at term 0 for changeToCandidate
2019-09-04 10:34:13,850 [Thread-2471] INFO  impl.RoleInfo (RoleInfo.java:updateAndGet(143)) - 8646ae31-6d34-4b89-af50-40707cdacd2f: start LeaderElection
2019-09-04 10:34:13,873 [8646ae31-6d34-4b89-af50-40707cdacd2f:group-97632FB7B9D7:LeaderElection76] INFO  impl.LeaderElection (LeaderElection.java:askForVotes(181)) - 8646ae31-6d34-4b89-af50-40707cdacd2f:group-97632FB7B9D7:LeaderElection76: begin an election at term 1 for -1: [8646ae31-6d34-4b89-af50-40707cdacd2f:192.168.5.153:43140], old=null
2019-09-04 10:34:13,873 [8646ae31-6d34-4b89-af50-40707cdacd2f:group-97632FB7B9D7:LeaderElection76] INFO  impl.RoleInfo (RoleInfo.java:shutdownLeaderElection(134)) - 8646ae31-6d34-4b89-af50-40707cdacd2f: shutdown LeaderElection
2019-09-04 10:34:13,873 [8646ae31-6d34-4b89-af50-40707cdacd2f:group-97632FB7B9D7:LeaderElection76] INFO  impl.RaftServerImpl (RaftServerImpl.java:setRole(171)) - 8646ae31-6d34-4b89-af50-40707cdacd2f:group-97632FB7B9D7 changes role from CANDIDATE to LEADER at term 1 for changeToLeader
2019-09-04 10:34:13,874 [8646ae31-6d34-4b89-af50-40707cdacd2f:group-97632FB7B9D7:LeaderElection76] INFO  impl.RaftServerImpl (ServerState.java:setLeader(263)) - 8646ae31-6d34-4b89-af50-40707cdacd2f:group-97632FB7B9D7 change Leader from null to 8646ae31-6d34-4b89-af50-40707cdacd2f at term 1 for becomeLeader, leader elected after 5126ms
2019-09-04 10:34:13,874 [8646ae31-6d34-4b89-af50-40707cdacd2f:group-97632FB7B9D7:LeaderElection76] INFO  server.RaftServerConfigKeys (ConfUtils.java:logGet(43)) - raft.server.staging.catchup.gap = 1000 (default)
2019-09-04 10:34:13,874 [8646ae31-6d34-4b89-af50-40707cdacd2f:group-97632FB7B9D7:LeaderElection76] INFO  server.RaftServerConfigKeys (ConfUtils.java:logGet(43)) - raft.server.rpc.sleep.time = 25ms (default)
2019-09-04 10:34:13,874 [8646ae31-6d34-4b89-af50-40707cdacd2f:group-97632FB7B9D7:LeaderElection76] INFO  server.RaftServerConfigKeys (ConfUtils.java:logGet(43)) - raft.server.write.element-limit = 4096 (default)
2019-09-04 10:34:13,874 [8646ae31-6d34-4b89-af50-40707cdacd2f:group-97632FB7B9D7:LeaderElection76] INFO  server.RaftServerConfigKeys (ConfUtils.java:logGet(43)) - raft.server.watch.timeout = 10s (default)
2019-09-04 10:34:13,874 [8646ae31-6d34-4b89-af50-40707cdacd2f:group-97632FB7B9D7:LeaderElection76] INFO  server.RaftServerConfigKeys (ConfUtils.java:logGet(43)) - raft.server.watch.timeout.denomination = 1s (default)
2019-09-04 10:34:13,875 [8646ae31-6d34-4b89-af50-40707cdacd2f:group-97632FB7B9D7:LeaderElection76] INFO  server.RaftServerConfigKeys (ConfUtils.java:logGet(43)) - raft.server.watch.element-limit = 65536 (default)
2019-09-04 10:34:13,875 [8646ae31-6d34-4b89-af50-40707cdacd2f:group-97632FB7B9D7:LeaderElection76] INFO  impl.RoleInfo (RoleInfo.java:updateAndGet(143)) - 8646ae31-6d34-4b89-af50-40707cdacd2f: start LeaderState
2019-09-04 10:34:13,875 [8646ae31-6d34-4b89-af50-40707cdacd2f:group-97632FB7B9D7:LeaderElection76] INFO  segmented.SegmentedRaftLogWorker (SegmentedRaftLogWorker.java:startLogSegment(380)) - 8646ae31-6d34-4b89-af50-40707cdacd2f-SegmentedRaftLogWorker:Storage Directory /workdir/hadoop-ozone/integration-test/target/test-dir/MiniOzoneClusterImpl-33e08fff-e413-484d-8ff0-936effcd748a/datanode-1/data/ratis/f07e0cf7-e942-4108-a9f0-97632fb7b9d7: Starting segment from index:0
2019-09-04 10:34:13,876 [8646ae31-6d34-4b89-af50-40707cdacd2f:group-97632FB7B9D7:LeaderElection76] INFO  impl.RaftServerImpl (ServerState.java:setRaftConf(361)) - 8646ae31-6d34-4b89-af50-40707cdacd2f:group-97632FB7B9D7 set configuration 0: [8646ae31-6d34-4b89-af50-40707cdacd2f:192.168.5.153:43140], old=null at 0
2019-09-04 10:34:13,903 [Thread-2474] INFO  impl.FollowerState (FollowerState.java:run(106)) - 816bbf34-6afd-44fd-92bd-1d04d1722d1f:group-51F5332C3DEF changes to CANDIDATE, lastRpcTime:5049, electionTimeout:5049ms
2019-09-04 10:34:13,903 [Thread-2474] INFO  impl.RoleInfo (RoleInfo.java:shutdownFollowerState(121)) - 816bbf34-6afd-44fd-92bd-1d04d1722d1f: shutdown FollowerState
2019-09-04 10:34:13,903 [Thread-2474] INFO  impl.RaftServerImpl (RaftServerImpl.java:setRole(171)) - 816bbf34-6afd-44fd-92bd-1d04d1722d1f:group-51F5332C3DEF changes role from FOLLOWER to CANDIDATE at term 0 for changeToCandidate
2019-09-04 10:34:13,903 [Thread-2474] INFO  impl.RoleInfo (RoleInfo.java:updateAndGet(143)) - 816bbf34-6afd-44fd-92bd-1d04d1722d1f: start LeaderElection
2019-09-04 10:34:13,935 [8646ae31-6d34-4b89-af50-40707cdacd2f-SegmentedRaftLogWorker:Storage Directory /workdir/hadoop-ozone/integration-test/target/test-dir/MiniOzoneClusterImpl-33e08fff-e413-484d-8ff0-936effcd748a/datanode-1/data/ratis/f07e0cf7-e942-4108-a9f0-97632fb7b9d7] INFO  segmented.SegmentedRaftLogWorker (SegmentedRaftLogWorker.java:execute(569)) - 8646ae31-6d34-4b89-af50-40707cdacd2f-SegmentedRaftLogWorker:Storage Directory /workdir/hadoop-ozone/integration-test/target/test-dir/MiniOzoneClusterImpl-33e08fff-e413-484d-8ff0-936effcd748a/datanode-1/data/ratis/f07e0cf7-e942-4108-a9f0-97632fb7b9d7: created new log segment /workdir/hadoop-ozone/integration-test/target/test-dir/MiniOzoneClusterImpl-33e08fff-e413-484d-8ff0-936effcd748a/datanode-1/data/ratis/f07e0cf7-e942-4108-a9f0-97632fb7b9d7/current/log_inprogress_0
2019-09-04 10:34:13,935 [816bbf34-6afd-44fd-92bd-1d04d1722d1f:group-51F5332C3DEF:LeaderElection77] INFO  impl.LeaderElection (LeaderElection.java:askForVotes(181)) - 816bbf34-6afd-44fd-92bd-1d04d1722d1f:group-51F5332C3DEF:LeaderElection77: begin an election at term 1 for -1: [816bbf34-6afd-44fd-92bd-1d04d1722d1f:192.168.5.153:42856], old=null
2019-09-04 10:34:13,935 [816bbf34-6afd-44fd-92bd-1d04d1722d1f:group-51F5332C3DEF:LeaderElection77] INFO  impl.RoleInfo (RoleInfo.java:shutdownLeaderElection(134)) - 816bbf34-6afd-44fd-92bd-1d04d1722d1f: shutdown LeaderElection
2019-09-04 10:34:13,935 [816bbf34-6afd-44fd-92bd-1d04d1722d1f:group-51F5332C3DEF:LeaderElection77] INFO  impl.RaftServerImpl (RaftServerImpl.java:setRole(171)) - 816bbf34-6afd-44fd-92bd-1d04d1722d1f:group-51F5332C3DEF changes role from CANDIDATE to LEADER at term 1 for changeToLeader
2019-09-04 10:34:13,935 [816bbf34-6afd-44fd-92bd-1d04d1722d1f:group-51F5332C3DEF:LeaderElection77] INFO  impl.RaftServerImpl (ServerState.java:setLeader(263)) - 816bbf34-6afd-44fd-92bd-1d04d1722d1f:group-51F5332C3DEF change Leader from null to 816bbf34-6afd-44fd-92bd-1d04d1722d1f at term 1 for becomeLeader, leader elected after 5086ms
2019-09-04 10:34:13,935 [816bbf34-6afd-44fd-92bd-1d04d1722d1f:group-51F5332C3DEF:LeaderElection77] INFO  server.RaftServerConfigKeys (ConfUtils.java:logGet(43)) - raft.server.staging.catchup.gap = 1000 (default)
2019-09-04 10:34:13,935 [816bbf34-6afd-44fd-92bd-1d04d1722d1f:group-51F5332C3DEF:LeaderElection77] INFO  server.RaftServerConfigKeys (ConfUtils.java:logGet(43)) - raft.server.rpc.sleep.time = 25ms (default)
2019-09-04 10:34:13,936 [816bbf34-6afd-44fd-92bd-1d04d1722d1f:group-51F5332C3DEF:LeaderElection77] INFO  server.RaftServerConfigKeys (ConfUtils.java:logGet(43)) - raft.server.write.element-limit = 4096 (default)
2019-09-04 10:34:13,936 [816bbf34-6afd-44fd-92bd-1d04d1722d1f:group-51F5332C3DEF:LeaderElection77] INFO  server.RaftServerConfigKeys (ConfUtils.java:logGet(43)) - raft.server.watch.timeout = 10s (default)
2019-09-04 10:34:13,936 [816bbf34-6afd-44fd-92bd-1d04d1722d1f:group-51F5332C3DEF:LeaderElection77] INFO  server.RaftServerConfigKeys (ConfUtils.java:logGet(43)) - raft.server.watch.timeout.denomination = 1s (default)
2019-09-04 10:34:13,936 [816bbf34-6afd-44fd-92bd-1d04d1722d1f:group-51F5332C3DEF:LeaderElection77] INFO  server.RaftServerConfigKeys (ConfUtils.java:logGet(43)) - raft.server.watch.element-limit = 65536 (default)
2019-09-04 10:34:13,936 [816bbf34-6afd-44fd-92bd-1d04d1722d1f:group-51F5332C3DEF:LeaderElection77] INFO  impl.RoleInfo (RoleInfo.java:updateAndGet(143)) - 816bbf34-6afd-44fd-92bd-1d04d1722d1f: start LeaderState
2019-09-04 10:34:13,937 [816bbf34-6afd-44fd-92bd-1d04d1722d1f:group-51F5332C3DEF:LeaderElection77] INFO  segmented.SegmentedRaftLogWorker (SegmentedRaftLogWorker.java:startLogSegment(380)) - 816bbf34-6afd-44fd-92bd-1d04d1722d1f-SegmentedRaftLogWorker:Storage Directory /workdir/hadoop-ozone/integration-test/target/test-dir/MiniOzoneClusterImpl-33e08fff-e413-484d-8ff0-936effcd748a/datanode-2/data/ratis/bd912109-6b3d-4ada-90f7-51f5332c3def: Starting segment from index:0
2019-09-04 10:34:13,937 [816bbf34-6afd-44fd-92bd-1d04d1722d1f:group-51F5332C3DEF:LeaderElection77] INFO  impl.RaftServerImpl (ServerState.java:setRaftConf(361)) - 816bbf34-6afd-44fd-92bd-1d04d1722d1f:group-51F5332C3DEF set configuration 0: [816bbf34-6afd-44fd-92bd-1d04d1722d1f:192.168.5.153:42856], old=null at 0
2019-09-04 10:34:13,989 [816bbf34-6afd-44fd-92bd-1d04d1722d1f-SegmentedRaftLogWorker:Storage Directory /workdir/hadoop-ozone/integration-test/target/test-dir/MiniOzoneClusterImpl-33e08fff-e413-484d-8ff0-936effcd748a/datanode-2/data/ratis/bd912109-6b3d-4ada-90f7-51f5332c3def] INFO  segmented.SegmentedRaftLogWorker (SegmentedRaftLogWorker.java:execute(569)) - 816bbf34-6afd-44fd-92bd-1d04d1722d1f-SegmentedRaftLogWorker:Storage Directory /workdir/hadoop-ozone/integration-test/target/test-dir/MiniOzoneClusterImpl-33e08fff-e413-484d-8ff0-936effcd748a/datanode-2/data/ratis/bd912109-6b3d-4ada-90f7-51f5332c3def: created new log segment /workdir/hadoop-ozone/integration-test/target/test-dir/MiniOzoneClusterImpl-33e08fff-e413-484d-8ff0-936effcd748a/datanode-2/data/ratis/bd912109-6b3d-4ada-90f7-51f5332c3def/current/log_inprogress_0
2019-09-04 10:34:14,038 [Thread-2477] INFO  impl.FollowerState (FollowerState.java:run(106)) - d95ea795-5798-4f88-874d-85b779d77577:group-455E64EDF91B changes to CANDIDATE, lastRpcTime:5128, electionTimeout:5128ms
2019-09-04 10:34:14,038 [Thread-2477] INFO  impl.RoleInfo (RoleInfo.java:shutdownFollowerState(121)) - d95ea795-5798-4f88-874d-85b779d77577: shutdown FollowerState
2019-09-04 10:34:14,038 [Thread-2477] INFO  impl.RaftServerImpl (RaftServerImpl.java:setRole(171)) - d95ea795-5798-4f88-874d-85b779d77577:group-455E64EDF91B changes role from FOLLOWER to CANDIDATE at term 0 for changeToCandidate
2019-09-04 10:34:14,038 [Thread-2477] INFO  impl.RoleInfo (RoleInfo.java:updateAndGet(143)) - d95ea795-5798-4f88-874d-85b779d77577: start LeaderElection
2019-09-04 10:34:14,068 [d95ea795-5798-4f88-874d-85b779d77577:group-455E64EDF91B:LeaderElection78] INFO  impl.LeaderElection (LeaderElection.java:askForVotes(181)) - d95ea795-5798-4f88-874d-85b779d77577:group-455E64EDF91B:LeaderElection78: begin an election at term 1 for -1: [8646ae31-6d34-4b89-af50-40707cdacd2f:192.168.5.153:43140, d95ea795-5798-4f88-874d-85b779d77577:192.168.5.153:44772, 816bbf34-6afd-44fd-92bd-1d04d1722d1f:192.168.5.153:42856], old=null
2019-09-04 10:34:14,074 [grpc-default-executor-4] INFO  impl.RaftServerImpl (RaftServerImpl.java:setRole(171)) - 816bbf34-6afd-44fd-92bd-1d04d1722d1f:group-455E64EDF91B changes role from FOLLOWER to FOLLOWER at term 1 for recognizeCandidate:d95ea795-5798-4f88-874d-85b779d77577
2019-09-04 10:34:14,074 [grpc-default-executor-12] INFO  impl.RaftServerImpl (RaftServerImpl.java:setRole(171)) - 8646ae31-6d34-4b89-af50-40707cdacd2f:group-455E64EDF91B changes role from FOLLOWER to FOLLOWER at term 1 for recognizeCandidate:d95ea795-5798-4f88-874d-85b779d77577
2019-09-04 10:34:14,074 [grpc-default-executor-4] INFO  impl.RoleInfo (RoleInfo.java:shutdownFollowerState(121)) - 816bbf34-6afd-44fd-92bd-1d04d1722d1f: shutdown FollowerState
2019-09-04 10:34:14,074 [grpc-default-executor-12] INFO  impl.RoleInfo (RoleInfo.java:shutdownFollowerState(121)) - 8646ae31-6d34-4b89-af50-40707cdacd2f: shutdown FollowerState
2019-09-04 10:34:14,074 [Thread-2480] INFO  impl.FollowerState (FollowerState.java:run(114)) - 816bbf34-6afd-44fd-92bd-1d04d1722d1f: FollowerState was interrupted: java.lang.InterruptedException: sleep interrupted
2019-09-04 10:34:14,074 [grpc-default-executor-4] INFO  impl.RoleInfo (RoleInfo.java:updateAndGet(143)) - 816bbf34-6afd-44fd-92bd-1d04d1722d1f: start FollowerState
2019-09-04 10:34:14,074 [Thread-2482] INFO  impl.FollowerState (FollowerState.java:run(114)) - 8646ae31-6d34-4b89-af50-40707cdacd2f: FollowerState was interrupted: java.lang.InterruptedException: sleep interrupted
2019-09-04 10:34:14,074 [grpc-default-executor-12] INFO  impl.RoleInfo (RoleInfo.java:updateAndGet(143)) - 8646ae31-6d34-4b89-af50-40707cdacd2f: start FollowerState
2019-09-04 10:34:14,095 [d95ea795-5798-4f88-874d-85b779d77577:group-455E64EDF91B:LeaderElection78] INFO  impl.LeaderElection (LeaderElection.java:logAndReturn(56)) - d95ea795-5798-4f88-874d-85b779d77577:group-455E64EDF91B:LeaderElection78: Election PASSED; received 1 response(s) [d95ea795-5798-4f88-874d-85b779d77577<-8646ae31-6d34-4b89-af50-40707cdacd2f#0:OK-t1] and 0 exception(s); d95ea795-5798-4f88-874d-85b779d77577:t1, leader=null, voted=d95ea795-5798-4f88-874d-85b779d77577, raftlog=d95ea795-5798-4f88-874d-85b779d77577-SegmentedRaftLog:OPENED:c-1,f-1,i0, conf=-1: [8646ae31-6d34-4b89-af50-40707cdacd2f:192.168.5.153:43140, d95ea795-5798-4f88-874d-85b779d77577:192.168.5.153:44772, 816bbf34-6afd-44fd-92bd-1d04d1722d1f:192.168.5.153:42856], old=null
2019-09-04 10:34:14,095 [d95ea795-5798-4f88-874d-85b779d77577:group-455E64EDF91B:LeaderElection78] INFO  impl.RoleInfo (RoleInfo.java:shutdownLeaderElection(134)) - d95ea795-5798-4f88-874d-85b779d77577: shutdown LeaderElection
2019-09-04 10:34:14,096 [d95ea795-5798-4f88-874d-85b779d77577:group-455E64EDF91B:LeaderElection78] INFO  impl.RaftServerImpl (RaftServerImpl.java:setRole(171)) - d95ea795-5798-4f88-874d-85b779d77577:group-455E64EDF91B changes role from CANDIDATE to LEADER at term 1 for changeToLeader
2019-09-04 10:34:14,096 [d95ea795-5798-4f88-874d-85b779d77577:group-455E64EDF91B:LeaderElection78] INFO  impl.RaftServerImpl (ServerState.java:setLeader(263)) - d95ea795-5798-4f88-874d-85b779d77577:group-455E64EDF91B change Leader from null to d95ea795-5798-4f88-874d-85b779d77577 at term 1 for becomeLeader, leader elected after 5193ms
2019-09-04 10:34:14,096 [d95ea795-5798-4f88-874d-85b779d77577:group-455E64EDF91B:LeaderElection78] INFO  server.RaftServerConfigKeys (ConfUtils.java:logGet(43)) - raft.server.staging.catchup.gap = 1000 (default)
2019-09-04 10:34:14,096 [d95ea795-5798-4f88-874d-85b779d77577:group-455E64EDF91B:LeaderElection78] INFO  server.RaftServerConfigKeys (ConfUtils.java:logGet(43)) - raft.server.rpc.sleep.time = 25ms (default)
2019-09-04 10:34:14,096 [d95ea795-5798-4f88-874d-85b779d77577:group-455E64EDF91B:LeaderElection78] INFO  server.RaftServerConfigKeys (ConfUtils.java:logGet(43)) - raft.server.write.element-limit = 4096 (default)
2019-09-04 10:34:14,096 [d95ea795-5798-4f88-874d-85b779d77577:group-455E64EDF91B:LeaderElection78] INFO  server.RaftServerConfigKeys (ConfUtils.java:logGet(43)) - raft.server.watch.timeout = 10s (default)
2019-09-04 10:34:14,096 [d95ea795-5798-4f88-874d-85b779d77577:group-455E64EDF91B:LeaderElection78] INFO  server.RaftServerConfigKeys (ConfUtils.java:logGet(43)) - raft.server.watch.timeout.denomination = 1s (default)
2019-09-04 10:34:14,096 [d95ea795-5798-4f88-874d-85b779d77577:group-455E64EDF91B:LeaderElection78] INFO  server.RaftServerConfigKeys (ConfUtils.java:logGet(43)) - raft.server.watch.element-limit = 65536 (default)
2019-09-04 10:34:14,097 [d95ea795-5798-4f88-874d-85b779d77577:group-455E64EDF91B:LeaderElection78] INFO  server.RaftServerConfigKeys (ConfUtils.java:logGet(43)) - raft.server.log.appender.snapshot.chunk.size.max = 16MB (=16777216) (default)
2019-09-04 10:34:14,097 [d95ea795-5798-4f88-874d-85b779d77577:group-455E64EDF91B:LeaderElection78] INFO  server.RaftServerConfigKeys (ConfUtils.java:logGet(43)) - raft.server.log.appender.buffer.byte-limit = 33554432 (custom)
2019-09-04 10:34:14,097 [d95ea795-5798-4f88-874d-85b779d77577:group-455E64EDF91B:LeaderElection78] INFO  server.RaftServerConfigKeys (ConfUtils.java:logGet(43)) - raft.server.log.appender.buffer.element-limit = 1 (custom)
2019-09-04 10:34:14,097 [d95ea795-5798-4f88-874d-85b779d77577:group-455E64EDF91B:LeaderElection78] INFO  grpc.GrpcConfigKeys$Server (ConfUtils.java:logGet(43)) - raft.grpc.server.leader.outstanding.appends.max = 128 (default)
2019-09-04 10:34:14,097 [d95ea795-5798-4f88-874d-85b779d77577:group-455E64EDF91B:LeaderElection78] INFO  server.RaftServerConfigKeys (ConfUtils.java:logGet(43)) - raft.server.rpc.request.timeout = 3000ms (default)
2019-09-04 10:34:14,097 [d95ea795-5798-4f88-874d-85b779d77577:group-455E64EDF91B:LeaderElection78] INFO  server.RaftServerConfigKeys (ConfUtils.java:logGet(43)) - raft.server.log.appender.install.snapshot.enabled = false (custom)
2019-09-04 10:34:14,098 [d95ea795-5798-4f88-874d-85b779d77577:group-455E64EDF91B:LeaderElection78] INFO  server.RaftServerConfigKeys (ConfUtils.java:logGet(43)) - raft.server.log.appender.snapshot.chunk.size.max = 16MB (=16777216) (default)
2019-09-04 10:34:14,098 [d95ea795-5798-4f88-874d-85b779d77577:group-455E64EDF91B:LeaderElection78] INFO  server.RaftServerConfigKeys (ConfUtils.java:logGet(43)) - raft.server.log.appender.buffer.byte-limit = 33554432 (custom)
2019-09-04 10:34:14,098 [d95ea795-5798-4f88-874d-85b779d77577:group-455E64EDF91B:LeaderElection78] INFO  server.RaftServerConfigKeys (ConfUtils.java:logGet(43)) - raft.server.log.appender.buffer.element-limit = 1 (custom)
2019-09-04 10:34:14,098 [d95ea795-5798-4f88-874d-85b779d77577:group-455E64EDF91B:LeaderElection78] INFO  grpc.GrpcConfigKeys$Server (ConfUtils.java:logGet(43)) - raft.grpc.server.leader.outstanding.appends.max = 128 (default)
2019-09-04 10:34:14,098 [d95ea795-5798-4f88-874d-85b779d77577:group-455E64EDF91B:LeaderElection78] INFO  server.RaftServerConfigKeys (ConfUtils.java:logGet(43)) - raft.server.rpc.request.timeout = 3000ms (default)
2019-09-04 10:34:14,098 [d95ea795-5798-4f88-874d-85b779d77577:group-455E64EDF91B:LeaderElection78] INFO  server.RaftServerConfigKeys (ConfUtils.java:logGet(43)) - raft.server.log.appender.install.snapshot.enabled = false (custom)
2019-09-04 10:34:14,098 [d95ea795-5798-4f88-874d-85b779d77577:group-455E64EDF91B:LeaderElection78] INFO  impl.RoleInfo (RoleInfo.java:updateAndGet(143)) - d95ea795-5798-4f88-874d-85b779d77577: start LeaderState
2019-09-04 10:34:14,099 [d95ea795-5798-4f88-874d-85b779d77577:group-455E64EDF91B:LeaderElection78] INFO  segmented.SegmentedRaftLogWorker (SegmentedRaftLogWorker.java:startLogSegment(380)) - d95ea795-5798-4f88-874d-85b779d77577-SegmentedRaftLogWorker:Storage Directory /workdir/hadoop-ozone/integration-test/target/test-dir/MiniOzoneClusterImpl-33e08fff-e413-484d-8ff0-936effcd748a/datanode-0/data/ratis/5d83a31d-c551-4f9c-bef0-455e64edf91b: Starting segment from index:0
2019-09-04 10:34:14,099 [d95ea795-5798-4f88-874d-85b779d77577:group-455E64EDF91B:LeaderElection78] INFO  impl.RaftServerImpl (ServerState.java:setRaftConf(361)) - d95ea795-5798-4f88-874d-85b779d77577:group-455E64EDF91B set configuration 0: [8646ae31-6d34-4b89-af50-40707cdacd2f:192.168.5.153:43140, d95ea795-5798-4f88-874d-85b779d77577:192.168.5.153:44772, 816bbf34-6afd-44fd-92bd-1d04d1722d1f:192.168.5.153:42856], old=null at 0
2019-09-04 10:34:14,101 [grpc-default-executor-4] INFO  impl.RaftServerImpl (ServerState.java:setLeader(263)) - 816bbf34-6afd-44fd-92bd-1d04d1722d1f:group-455E64EDF91B change Leader from null to d95ea795-5798-4f88-874d-85b779d77577 at term 1 for appendEntries, leader elected after 5198ms
2019-09-04 10:34:14,101 [grpc-default-executor-12] INFO  impl.RaftServerImpl (ServerState.java:setLeader(263)) - 8646ae31-6d34-4b89-af50-40707cdacd2f:group-455E64EDF91B change Leader from null to d95ea795-5798-4f88-874d-85b779d77577 at term 1 for appendEntries, leader elected after 5198ms
2019-09-04 10:34:14,135 [Thread-2486] INFO  impl.FollowerState (FollowerState.java:run(106)) - 15762bf3-0251-41b8-9cc3-7276b427eb4c:group-4489BCF00F2A changes to CANDIDATE, lastRpcTime:5117, electionTimeout:5116ms
2019-09-04 10:34:14,135 [Thread-2486] INFO  impl.RoleInfo (RoleInfo.java:shutdownFollowerState(121)) - 15762bf3-0251-41b8-9cc3-7276b427eb4c: shutdown FollowerState
2019-09-04 10:34:14,135 [Thread-2486] INFO  impl.RaftServerImpl (RaftServerImpl.java:setRole(171)) - 15762bf3-0251-41b8-9cc3-7276b427eb4c:group-4489BCF00F2A changes role from FOLLOWER to CANDIDATE at term 0 for changeToCandidate
2019-09-04 10:34:14,136 [Thread-2486] INFO  impl.RoleInfo (RoleInfo.java:updateAndGet(143)) - 15762bf3-0251-41b8-9cc3-7276b427eb4c: start LeaderElection
2019-09-04 10:34:14,144 [grpc-default-executor-12] INFO  impl.RaftServerImpl (ServerState.java:setRaftConf(361)) - 816bbf34-6afd-44fd-92bd-1d04d1722d1f:group-455E64EDF91B set configuration 0: [8646ae31-6d34-4b89-af50-40707cdacd2f:192.168.5.153:43140, d95ea795-5798-4f88-874d-85b779d77577:192.168.5.153:44772, 816bbf34-6afd-44fd-92bd-1d04d1722d1f:192.168.5.153:42856], old=null at 0
2019-09-04 10:34:14,145 [d95ea795-5798-4f88-874d-85b779d77577-SegmentedRaftLogWorker:Storage Directory /workdir/hadoop-ozone/integration-test/target/test-dir/MiniOzoneClusterImpl-33e08fff-e413-484d-8ff0-936effcd748a/datanode-0/data/ratis/5d83a31d-c551-4f9c-bef0-455e64edf91b] INFO  segmented.SegmentedRaftLogWorker (SegmentedRaftLogWorker.java:execute(569)) - d95ea795-5798-4f88-874d-85b779d77577-SegmentedRaftLogWorker:Storage Directory /workdir/hadoop-ozone/integration-test/target/test-dir/MiniOzoneClusterImpl-33e08fff-e413-484d-8ff0-936effcd748a/datanode-0/data/ratis/5d83a31d-c551-4f9c-bef0-455e64edf91b: created new log segment /workdir/hadoop-ozone/integration-test/target/test-dir/MiniOzoneClusterImpl-33e08fff-e413-484d-8ff0-936effcd748a/datanode-0/data/ratis/5d83a31d-c551-4f9c-bef0-455e64edf91b/current/log_inprogress_0
2019-09-04 10:34:14,145 [grpc-default-executor-12] INFO  segmented.SegmentedRaftLogWorker (SegmentedRaftLogWorker.java:startLogSegment(380)) - 816bbf34-6afd-44fd-92bd-1d04d1722d1f-SegmentedRaftLogWorker:Storage Directory /workdir/hadoop-ozone/integration-test/target/test-dir/MiniOzoneClusterImpl-33e08fff-e413-484d-8ff0-936effcd748a/datanode-2/data/ratis/5d83a31d-c551-4f9c-bef0-455e64edf91b: Starting segment from index:0
2019-09-04 10:34:14,144 [grpc-default-executor-4] INFO  impl.RaftServerImpl (ServerState.java:setRaftConf(361)) - 8646ae31-6d34-4b89-af50-40707cdacd2f:group-455E64EDF91B set configuration 0: [8646ae31-6d34-4b89-af50-40707cdacd2f:192.168.5.153:43140, d95ea795-5798-4f88-874d-85b779d77577:192.168.5.153:44772, 816bbf34-6afd-44fd-92bd-1d04d1722d1f:192.168.5.153:42856], old=null at 0
2019-09-04 10:34:14,145 [grpc-default-executor-4] INFO  segmented.SegmentedRaftLogWorker (SegmentedRaftLogWorker.java:startLogSegment(380)) - 8646ae31-6d34-4b89-af50-40707cdacd2f-SegmentedRaftLogWorker:Storage Directory /workdir/hadoop-ozone/integration-test/target/test-dir/MiniOzoneClusterImpl-33e08fff-e413-484d-8ff0-936effcd748a/datanode-1/data/ratis/5d83a31d-c551-4f9c-bef0-455e64edf91b: Starting segment from index:0
2019-09-04 10:34:14,147 [15762bf3-0251-41b8-9cc3-7276b427eb4c:group-4489BCF00F2A:LeaderElection79] INFO  impl.LeaderElection (LeaderElection.java:askForVotes(181)) - 15762bf3-0251-41b8-9cc3-7276b427eb4c:group-4489BCF00F2A:LeaderElection79: begin an election at term 1 for -1: [15762bf3-0251-41b8-9cc3-7276b427eb4c:192.168.5.153:36887], old=null
2019-09-04 10:34:14,147 [15762bf3-0251-41b8-9cc3-7276b427eb4c:group-4489BCF00F2A:LeaderElection79] INFO  impl.RoleInfo (RoleInfo.java:shutdownLeaderElection(134)) - 15762bf3-0251-41b8-9cc3-7276b427eb4c: shutdown LeaderElection
2019-09-04 10:34:14,148 [15762bf3-0251-41b8-9cc3-7276b427eb4c:group-4489BCF00F2A:LeaderElection79] INFO  impl.RaftServerImpl (RaftServerImpl.java:setRole(171)) - 15762bf3-0251-41b8-9cc3-7276b427eb4c:group-4489BCF00F2A changes role from CANDIDATE to LEADER at term 1 for changeToLeader
2019-09-04 10:34:14,148 [15762bf3-0251-41b8-9cc3-7276b427eb4c:group-4489BCF00F2A:LeaderElection79] INFO  impl.RaftServerImpl (ServerState.java:setLeader(263)) - 15762bf3-0251-41b8-9cc3-7276b427eb4c:group-4489BCF00F2A change Leader from null to 15762bf3-0251-41b8-9cc3-7276b427eb4c at term 1 for becomeLeader, leader elected after 5134ms
2019-09-04 10:34:14,148 [15762bf3-0251-41b8-9cc3-7276b427eb4c:group-4489BCF00F2A:LeaderElection79] INFO  server.RaftServerConfigKeys (ConfUtils.java:logGet(43)) - raft.server.staging.catchup.gap = 1000 (default)
2019-09-04 10:34:14,148 [15762bf3-0251-41b8-9cc3-7276b427eb4c:group-4489BCF00F2A:LeaderElection79] INFO  server.RaftServerConfigKeys (ConfUtils.java:logGet(43)) - raft.server.rpc.sleep.time = 25ms (default)
2019-09-04 10:34:14,148 [15762bf3-0251-41b8-9cc3-7276b427eb4c:group-4489BCF00F2A:LeaderElection79] INFO  server.RaftServerConfigKeys (ConfUtils.java:logGet(43)) - raft.server.write.element-limit = 4096 (default)
2019-09-04 10:34:14,148 [15762bf3-0251-41b8-9cc3-7276b427eb4c:group-4489BCF00F2A:LeaderElection79] INFO  server.RaftServerConfigKeys (ConfUtils.java:logGet(43)) - raft.server.watch.timeout = 10s (default)
2019-09-04 10:34:14,148 [15762bf3-0251-41b8-9cc3-7276b427eb4c:group-4489BCF00F2A:LeaderElection79] INFO  server.RaftServerConfigKeys (ConfUtils.java:logGet(43)) - raft.server.watch.timeout.denomination = 1s (default)
2019-09-04 10:34:14,148 [15762bf3-0251-41b8-9cc3-7276b427eb4c:group-4489BCF00F2A:LeaderElection79] INFO  server.RaftServerConfigKeys (ConfUtils.java:logGet(43)) - raft.server.watch.element-limit = 65536 (default)
2019-09-04 10:34:14,149 [15762bf3-0251-41b8-9cc3-7276b427eb4c:group-4489BCF00F2A:LeaderElection79] INFO  impl.RoleInfo (RoleInfo.java:updateAndGet(143)) - 15762bf3-0251-41b8-9cc3-7276b427eb4c: start LeaderState
2019-09-04 10:34:14,149 [15762bf3-0251-41b8-9cc3-7276b427eb4c:group-4489BCF00F2A:LeaderElection79] INFO  segmented.SegmentedRaftLogWorker (SegmentedRaftLogWorker.java:startLogSegment(380)) - 15762bf3-0251-41b8-9cc3-7276b427eb4c-SegmentedRaftLogWorker:Storage Directory /workdir/hadoop-ozone/integration-test/target/test-dir/MiniOzoneClusterImpl-33e08fff-e413-484d-8ff0-936effcd748a/datanode-4/data/ratis/6acfee84-47c5-4c63-9576-4489bcf00f2a: Starting segment from index:0
2019-09-04 10:34:14,149 [15762bf3-0251-41b8-9cc3-7276b427eb4c:group-4489BCF00F2A:LeaderElection79] INFO  impl.RaftServerImpl (ServerState.java:setRaftConf(361)) - 15762bf3-0251-41b8-9cc3-7276b427eb4c:group-4489BCF00F2A set configuration 0: [15762bf3-0251-41b8-9cc3-7276b427eb4c:192.168.5.153:36887], old=null at 0
2019-09-04 10:34:14,168 [Thread-2492] INFO  impl.FollowerState (FollowerState.java:run(106)) - 9d9ee154-5ecf-475b-bae8-030d722a1f78:group-85DD50C8E889 changes to CANDIDATE, lastRpcTime:5065, electionTimeout:5065ms
2019-09-04 10:34:14,168 [Thread-2492] INFO  impl.RoleInfo (RoleInfo.java:shutdownFollowerState(121)) - 9d9ee154-5ecf-475b-bae8-030d722a1f78: shutdown FollowerState
2019-09-04 10:34:14,168 [Thread-2492] INFO  impl.RaftServerImpl (RaftServerImpl.java:setRole(171)) - 9d9ee154-5ecf-475b-bae8-030d722a1f78:group-85DD50C8E889 changes role from FOLLOWER to CANDIDATE at term 0 for changeToCandidate
2019-09-04 10:34:14,168 [Thread-2492] INFO  impl.RoleInfo (RoleInfo.java:updateAndGet(143)) - 9d9ee154-5ecf-475b-bae8-030d722a1f78: start LeaderElection
2019-09-04 10:34:14,184 [Thread-2495] INFO  impl.FollowerState (FollowerState.java:run(106)) - 9d9ee154-5ecf-475b-bae8-030d722a1f78:group-AAE4DC96B213 changes to CANDIDATE, lastRpcTime:5024, electionTimeout:5024ms
2019-09-04 10:34:14,186 [Thread-2495] INFO  impl.RoleInfo (RoleInfo.java:shutdownFollowerState(121)) - 9d9ee154-5ecf-475b-bae8-030d722a1f78: shutdown FollowerState
2019-09-04 10:34:14,186 [Thread-2495] INFO  impl.RaftServerImpl (RaftServerImpl.java:setRole(171)) - 9d9ee154-5ecf-475b-bae8-030d722a1f78:group-AAE4DC96B213 changes role from FOLLOWER to CANDIDATE at term 0 for changeToCandidate
2019-09-04 10:34:14,187 [Thread-2495] INFO  impl.RoleInfo (RoleInfo.java:updateAndGet(143)) - 9d9ee154-5ecf-475b-bae8-030d722a1f78: start LeaderElection
2019-09-04 10:34:14,194 [15762bf3-0251-41b8-9cc3-7276b427eb4c-SegmentedRaftLogWorker:Storage Directory /workdir/hadoop-ozone/integration-test/target/test-dir/MiniOzoneClusterImpl-33e08fff-e413-484d-8ff0-936effcd748a/datanode-4/data/ratis/6acfee84-47c5-4c63-9576-4489bcf00f2a] INFO  segmented.SegmentedRaftLogWorker (SegmentedRaftLogWorker.java:execute(569)) - 15762bf3-0251-41b8-9cc3-7276b427eb4c-SegmentedRaftLogWorker:Storage Directory /workdir/hadoop-ozone/integration-test/target/test-dir/MiniOzoneClusterImpl-33e08fff-e413-484d-8ff0-936effcd748a/datanode-4/data/ratis/6acfee84-47c5-4c63-9576-4489bcf00f2a: created new log segment /workdir/hadoop-ozone/integration-test/target/test-dir/MiniOzoneClusterImpl-33e08fff-e413-484d-8ff0-936effcd748a/datanode-4/data/ratis/6acfee84-47c5-4c63-9576-4489bcf00f2a/current/log_inprogress_0
2019-09-04 10:34:14,194 [8646ae31-6d34-4b89-af50-40707cdacd2f-SegmentedRaftLogWorker:Storage Directory /workdir/hadoop-ozone/integration-test/target/test-dir/MiniOzoneClusterImpl-33e08fff-e413-484d-8ff0-936effcd748a/datanode-1/data/ratis/5d83a31d-c551-4f9c-bef0-455e64edf91b] INFO  segmented.SegmentedRaftLogWorker (SegmentedRaftLogWorker.java:execute(569)) - 8646ae31-6d34-4b89-af50-40707cdacd2f-SegmentedRaftLogWorker:Storage Directory /workdir/hadoop-ozone/integration-test/target/test-dir/MiniOzoneClusterImpl-33e08fff-e413-484d-8ff0-936effcd748a/datanode-1/data/ratis/5d83a31d-c551-4f9c-bef0-455e64edf91b: created new log segment /workdir/hadoop-ozone/integration-test/target/test-dir/MiniOzoneClusterImpl-33e08fff-e413-484d-8ff0-936effcd748a/datanode-1/data/ratis/5d83a31d-c551-4f9c-bef0-455e64edf91b/current/log_inprogress_0
2019-09-04 10:34:14,194 [816bbf34-6afd-44fd-92bd-1d04d1722d1f-SegmentedRaftLogWorker:Storage Directory /workdir/hadoop-ozone/integration-test/target/test-dir/MiniOzoneClusterImpl-33e08fff-e413-484d-8ff0-936effcd748a/datanode-2/data/ratis/5d83a31d-c551-4f9c-bef0-455e64edf91b] INFO  segmented.SegmentedRaftLogWorker (SegmentedRaftLogWorker.java:execute(569)) - 816bbf34-6afd-44fd-92bd-1d04d1722d1f-SegmentedRaftLogWorker:Storage Directory /workdir/hadoop-ozone/integration-test/target/test-dir/MiniOzoneClusterImpl-33e08fff-e413-484d-8ff0-936effcd748a/datanode-2/data/ratis/5d83a31d-c551-4f9c-bef0-455e64edf91b: created new log segment /workdir/hadoop-ozone/integration-test/target/test-dir/MiniOzoneClusterImpl-33e08fff-e413-484d-8ff0-936effcd748a/datanode-2/data/ratis/5d83a31d-c551-4f9c-bef0-455e64edf91b/current/log_inprogress_0
2019-09-04 10:34:14,208 [9d9ee154-5ecf-475b-bae8-030d722a1f78:group-85DD50C8E889:LeaderElection80] INFO  impl.LeaderElection (LeaderElection.java:askForVotes(181)) - 9d9ee154-5ecf-475b-bae8-030d722a1f78:group-85DD50C8E889:LeaderElection80: begin an election at term 1 for -1: [9d9ee154-5ecf-475b-bae8-030d722a1f78:192.168.5.153:38103], old=null
2019-09-04 10:34:14,208 [9d9ee154-5ecf-475b-bae8-030d722a1f78:group-AAE4DC96B213:LeaderElection81] INFO  impl.LeaderElection (LeaderElection.java:askForVotes(181)) - 9d9ee154-5ecf-475b-bae8-030d722a1f78:group-AAE4DC96B213:LeaderElection81: begin an election at term 1 for -1: [78727c90-bbe0-444f-aa03-36aec32f3d6b:192.168.5.153:40603, 9d9ee154-5ecf-475b-bae8-030d722a1f78:192.168.5.153:38103, 15762bf3-0251-41b8-9cc3-7276b427eb4c:192.168.5.153:36887], old=null
2019-09-04 10:34:14,208 [9d9ee154-5ecf-475b-bae8-030d722a1f78:group-85DD50C8E889:LeaderElection80] INFO  impl.RoleInfo (RoleInfo.java:shutdownLeaderElection(134)) - 9d9ee154-5ecf-475b-bae8-030d722a1f78: shutdown LeaderElection
2019-09-04 10:34:14,208 [9d9ee154-5ecf-475b-bae8-030d722a1f78:group-85DD50C8E889:LeaderElection80] INFO  impl.RaftServerImpl (RaftServerImpl.java:setRole(171)) - 9d9ee154-5ecf-475b-bae8-030d722a1f78:group-85DD50C8E889 changes role from CANDIDATE to LEADER at term 1 for changeToLeader
2019-09-04 10:34:14,208 [9d9ee154-5ecf-475b-bae8-030d722a1f78:group-85DD50C8E889:LeaderElection80] INFO  impl.RaftServerImpl (ServerState.java:setLeader(263)) - 9d9ee154-5ecf-475b-bae8-030d722a1f78:group-85DD50C8E889 change Leader from null to 9d9ee154-5ecf-475b-bae8-030d722a1f78 at term 1 for becomeLeader, leader elected after 5109ms
2019-09-04 10:34:14,209 [9d9ee154-5ecf-475b-bae8-030d722a1f78:group-85DD50C8E889:LeaderElection80] INFO  server.RaftServerConfigKeys (ConfUtils.java:logGet(43)) - raft.server.staging.catchup.gap = 1000 (default)
2019-09-04 10:34:14,209 [9d9ee154-5ecf-475b-bae8-030d722a1f78:group-85DD50C8E889:LeaderElection80] INFO  server.RaftServerConfigKeys (ConfUtils.java:logGet(43)) - raft.server.rpc.sleep.time = 25ms (default)
2019-09-04 10:34:14,209 [9d9ee154-5ecf-475b-bae8-030d722a1f78:group-85DD50C8E889:LeaderElection80] INFO  server.RaftServerConfigKeys (ConfUtils.java:logGet(43)) - raft.server.write.element-limit = 4096 (default)
2019-09-04 10:34:14,209 [9d9ee154-5ecf-475b-bae8-030d722a1f78:group-85DD50C8E889:LeaderElection80] INFO  server.RaftServerConfigKeys (ConfUtils.java:logGet(43)) - raft.server.watch.timeout = 10s (default)
2019-09-04 10:34:14,209 [9d9ee154-5ecf-475b-bae8-030d722a1f78:group-85DD50C8E889:LeaderElection80] INFO  server.RaftServerConfigKeys (ConfUtils.java:logGet(43)) - raft.server.watch.timeout.denomination = 1s (default)
2019-09-04 10:34:14,209 [9d9ee154-5ecf-475b-bae8-030d722a1f78:group-85DD50C8E889:LeaderElection80] INFO  server.RaftServerConfigKeys (ConfUtils.java:logGet(43)) - raft.server.watch.element-limit = 65536 (default)
2019-09-04 10:34:14,209 [9d9ee154-5ecf-475b-bae8-030d722a1f78:group-85DD50C8E889:LeaderElection80] INFO  impl.RoleInfo (RoleInfo.java:updateAndGet(143)) - 9d9ee154-5ecf-475b-bae8-030d722a1f78: start LeaderState
2019-09-04 10:34:14,210 [9d9ee154-5ecf-475b-bae8-030d722a1f78:group-85DD50C8E889:LeaderElection80] INFO  segmented.SegmentedRaftLogWorker (SegmentedRaftLogWorker.java:startLogSegment(380)) - 9d9ee154-5ecf-475b-bae8-030d722a1f78-SegmentedRaftLogWorker:Storage Directory /workdir/hadoop-ozone/integration-test/target/test-dir/MiniOzoneClusterImpl-33e08fff-e413-484d-8ff0-936effcd748a/datanode-5/data/ratis/c7424368-90e7-44f1-92ba-85dd50c8e889: Starting segment from index:0
2019-09-04 10:34:14,210 [9d9ee154-5ecf-475b-bae8-030d722a1f78:group-85DD50C8E889:LeaderElection80] INFO  impl.RaftServerImpl (ServerState.java:setRaftConf(361)) - 9d9ee154-5ecf-475b-bae8-030d722a1f78:group-85DD50C8E889 set configuration 0: [9d9ee154-5ecf-475b-bae8-030d722a1f78:192.168.5.153:38103], old=null at 0
2019-09-04 10:34:14,238 [grpc-default-executor-12] INFO  impl.RaftServerImpl (RaftServerImpl.java:setRole(171)) - 78727c90-bbe0-444f-aa03-36aec32f3d6b:group-AAE4DC96B213 changes role from FOLLOWER to FOLLOWER at term 1 for recognizeCandidate:9d9ee154-5ecf-475b-bae8-030d722a1f78
2019-09-04 10:34:14,240 [grpc-default-executor-4] INFO  impl.RaftServerImpl (RaftServerImpl.java:setRole(171)) - 15762bf3-0251-41b8-9cc3-7276b427eb4c:group-AAE4DC96B213 changes role from FOLLOWER to FOLLOWER at term 1 for recognizeCandidate:9d9ee154-5ecf-475b-bae8-030d722a1f78
2019-09-04 10:34:14,241 [grpc-default-executor-12] INFO  impl.RoleInfo (RoleInfo.java:shutdownFollowerState(121)) - 78727c90-bbe0-444f-aa03-36aec32f3d6b: shutdown FollowerState
2019-09-04 10:34:14,241 [grpc-default-executor-4] INFO  impl.RoleInfo (RoleInfo.java:shutdownFollowerState(121)) - 15762bf3-0251-41b8-9cc3-7276b427eb4c: shutdown FollowerState
2019-09-04 10:34:14,241 [grpc-default-executor-12] INFO  impl.RoleInfo (RoleInfo.java:updateAndGet(143)) - 78727c90-bbe0-444f-aa03-36aec32f3d6b: start FollowerState
2019-09-04 10:34:14,241 [Thread-2499] INFO  impl.FollowerState (FollowerState.java:run(114)) - 78727c90-bbe0-444f-aa03-36aec32f3d6b: FollowerState was interrupted: java.lang.InterruptedException: sleep interrupted
2019-09-04 10:34:14,241 [grpc-default-executor-4] INFO  impl.RoleInfo (RoleInfo.java:updateAndGet(143)) - 15762bf3-0251-41b8-9cc3-7276b427eb4c: start FollowerState
2019-09-04 10:34:14,254 [9d9ee154-5ecf-475b-bae8-030d722a1f78-SegmentedRaftLogWorker:Storage Directory /workdir/hadoop-ozone/integration-test/target/test-dir/MiniOzoneClusterImpl-33e08fff-e413-484d-8ff0-936effcd748a/datanode-5/data/ratis/c7424368-90e7-44f1-92ba-85dd50c8e889] INFO  segmented.SegmentedRaftLogWorker (SegmentedRaftLogWorker.java:execute(569)) - 9d9ee154-5ecf-475b-bae8-030d722a1f78-SegmentedRaftLogWorker:Storage Directory /workdir/hadoop-ozone/integration-test/target/test-dir/MiniOzoneClusterImpl-33e08fff-e413-484d-8ff0-936effcd748a/datanode-5/data/ratis/c7424368-90e7-44f1-92ba-85dd50c8e889: created new log segment /workdir/hadoop-ozone/integration-test/target/test-dir/MiniOzoneClusterImpl-33e08fff-e413-484d-8ff0-936effcd748a/datanode-5/data/ratis/c7424368-90e7-44f1-92ba-85dd50c8e889/current/log_inprogress_0
2019-09-04 10:34:14,256 [Thread-2489] INFO  impl.FollowerState (FollowerState.java:run(106)) - 78727c90-bbe0-444f-aa03-36aec32f3d6b:group-419C6EC30EEF changes to CANDIDATE, lastRpcTime:5195, electionTimeout:5195ms
2019-09-04 10:34:14,256 [Thread-2489] INFO  impl.RoleInfo (RoleInfo.java:shutdownFollowerState(121)) - 78727c90-bbe0-444f-aa03-36aec32f3d6b: shutdown FollowerState
2019-09-04 10:34:14,256 [Thread-2489] INFO  impl.RaftServerImpl (RaftServerImpl.java:setRole(171)) - 78727c90-bbe0-444f-aa03-36aec32f3d6b:group-419C6EC30EEF changes role from FOLLOWER to CANDIDATE at term 0 for changeToCandidate
2019-09-04 10:34:14,256 [Thread-2489] INFO  impl.RoleInfo (RoleInfo.java:updateAndGet(143)) - 78727c90-bbe0-444f-aa03-36aec32f3d6b: start LeaderElection
2019-09-04 10:34:14,256 [9d9ee154-5ecf-475b-bae8-030d722a1f78:group-AAE4DC96B213:LeaderElection81] INFO  impl.LeaderElection (LeaderElection.java:logAndReturn(56)) - 9d9ee154-5ecf-475b-bae8-030d722a1f78:group-AAE4DC96B213:LeaderElection81: Election PASSED; received 1 response(s) [9d9ee154-5ecf-475b-bae8-030d722a1f78<-15762bf3-0251-41b8-9cc3-7276b427eb4c#0:OK-t1] and 0 exception(s); 9d9ee154-5ecf-475b-bae8-030d722a1f78:t1, leader=null, voted=9d9ee154-5ecf-475b-bae8-030d722a1f78, raftlog=9d9ee154-5ecf-475b-bae8-030d722a1f78-SegmentedRaftLog:OPENED:c-1,f-1,i0, conf=-1: [78727c90-bbe0-444f-aa03-36aec32f3d6b:192.168.5.153:40603, 9d9ee154-5ecf-475b-bae8-030d722a1f78:192.168.5.153:38103, 15762bf3-0251-41b8-9cc3-7276b427eb4c:192.168.5.153:36887], old=null
2019-09-04 10:34:14,262 [9d9ee154-5ecf-475b-bae8-030d722a1f78:group-AAE4DC96B213:LeaderElection81] INFO  impl.RoleInfo (RoleInfo.java:shutdownLeaderElection(134)) - 9d9ee154-5ecf-475b-bae8-030d722a1f78: shutdown LeaderElection
2019-09-04 10:34:14,262 [9d9ee154-5ecf-475b-bae8-030d722a1f78:group-AAE4DC96B213:LeaderElection81] INFO  impl.RaftServerImpl (RaftServerImpl.java:setRole(171)) - 9d9ee154-5ecf-475b-bae8-030d722a1f78:group-AAE4DC96B213 changes role from CANDIDATE to LEADER at term 1 for changeToLeader
2019-09-04 10:34:14,262 [9d9ee154-5ecf-475b-bae8-030d722a1f78:group-AAE4DC96B213:LeaderElection81] INFO  impl.RaftServerImpl (ServerState.java:setLeader(263)) - 9d9ee154-5ecf-475b-bae8-030d722a1f78:group-AAE4DC96B213 change Leader from null to 9d9ee154-5ecf-475b-bae8-030d722a1f78 at term 1 for becomeLeader, leader elected after 5109ms
2019-09-04 10:34:14,262 [9d9ee154-5ecf-475b-bae8-030d722a1f78:group-AAE4DC96B213:LeaderElection81] INFO  server.RaftServerConfigKeys (ConfUtils.java:logGet(43)) - raft.server.staging.catchup.gap = 1000 (default)
2019-09-04 10:34:14,262 [9d9ee154-5ecf-475b-bae8-030d722a1f78:group-AAE4DC96B213:LeaderElection81] INFO  server.RaftServerConfigKeys (ConfUtils.java:logGet(43)) - raft.server.rpc.sleep.time = 25ms (default)
2019-09-04 10:34:14,262 [9d9ee154-5ecf-475b-bae8-030d722a1f78:group-AAE4DC96B213:LeaderElection81] INFO  server.RaftServerConfigKeys (ConfUtils.java:logGet(43)) - raft.server.write.element-limit = 4096 (default)
2019-09-04 10:34:14,263 [9d9ee154-5ecf-475b-bae8-030d722a1f78:group-AAE4DC96B213:LeaderElection81] INFO  server.RaftServerConfigKeys (ConfUtils.java:logGet(43)) - raft.server.watch.timeout = 10s (default)
2019-09-04 10:34:14,263 [9d9ee154-5ecf-475b-bae8-030d722a1f78:group-AAE4DC96B213:LeaderElection81] INFO  server.RaftServerConfigKeys (ConfUtils.java:logGet(43)) - raft.server.watch.timeout.denomination = 1s (default)
2019-09-04 10:34:14,263 [9d9ee154-5ecf-475b-bae8-030d722a1f78:group-AAE4DC96B213:LeaderElection81] INFO  server.RaftServerConfigKeys (ConfUtils.java:logGet(43)) - raft.server.watch.element-limit = 65536 (default)
2019-09-04 10:34:14,263 [9d9ee154-5ecf-475b-bae8-030d722a1f78:group-AAE4DC96B213:LeaderElection81] INFO  server.RaftServerConfigKeys (ConfUtils.java:logGet(43)) - raft.server.log.appender.snapshot.chunk.size.max = 16MB (=16777216) (default)
2019-09-04 10:34:14,263 [9d9ee154-5ecf-475b-bae8-030d722a1f78:group-AAE4DC96B213:LeaderElection81] INFO  server.RaftServerConfigKeys (ConfUtils.java:logGet(43)) - raft.server.log.appender.buffer.byte-limit = 33554432 (custom)
2019-09-04 10:34:14,263 [9d9ee154-5ecf-475b-bae8-030d722a1f78:group-AAE4DC96B213:LeaderElection81] INFO  server.RaftServerConfigKeys (ConfUtils.java:logGet(43)) - raft.server.log.appender.buffer.element-limit = 1 (custom)
2019-09-04 10:34:14,263 [9d9ee154-5ecf-475b-bae8-030d722a1f78:group-AAE4DC96B213:LeaderElection81] INFO  grpc.GrpcConfigKeys$Server (ConfUtils.java:logGet(43)) - raft.grpc.server.leader.outstanding.appends.max = 128 (default)
2019-09-04 10:34:14,264 [9d9ee154-5ecf-475b-bae8-030d722a1f78:group-AAE4DC96B213:LeaderElection81] INFO  server.RaftServerConfigKeys (ConfUtils.java:logGet(43)) - raft.server.rpc.request.timeout = 3000ms (default)
2019-09-04 10:34:14,264 [9d9ee154-5ecf-475b-bae8-030d722a1f78:group-AAE4DC96B213:LeaderElection81] INFO  server.RaftServerConfigKeys (ConfUtils.java:logGet(43)) - raft.server.log.appender.install.snapshot.enabled = false (custom)
2019-09-04 10:34:14,264 [9d9ee154-5ecf-475b-bae8-030d722a1f78:group-AAE4DC96B213:LeaderElection81] INFO  server.RaftServerConfigKeys (ConfUtils.java:logGet(43)) - raft.server.log.appender.snapshot.chunk.size.max = 16MB (=16777216) (default)
2019-09-04 10:34:14,264 [9d9ee154-5ecf-475b-bae8-030d722a1f78:group-AAE4DC96B213:LeaderElection81] INFO  server.RaftServerConfigKeys (ConfUtils.java:logGet(43)) - raft.server.log.appender.buffer.byte-limit = 33554432 (custom)
2019-09-04 10:34:14,264 [9d9ee154-5ecf-475b-bae8-030d722a1f78:group-AAE4DC96B213:LeaderElection81] INFO  server.RaftServerConfigKeys (ConfUtils.java:logGet(43)) - raft.server.log.appender.buffer.element-limit = 1 (custom)
2019-09-04 10:34:14,264 [9d9ee154-5ecf-475b-bae8-030d722a1f78:group-AAE4DC96B213:LeaderElection81] INFO  grpc.GrpcConfigKeys$Server (ConfUtils.java:logGet(43)) - raft.grpc.server.leader.outstanding.appends.max = 128 (default)
2019-09-04 10:34:14,264 [9d9ee154-5ecf-475b-bae8-030d722a1f78:group-AAE4DC96B213:LeaderElection81] INFO  server.RaftServerConfigKeys (ConfUtils.java:logGet(43)) - raft.server.rpc.request.timeout = 3000ms (default)
2019-09-04 10:34:14,264 [9d9ee154-5ecf-475b-bae8-030d722a1f78:group-AAE4DC96B213:LeaderElection81] INFO  server.RaftServerConfigKeys (ConfUtils.java:logGet(43)) - raft.server.log.appender.install.snapshot.enabled = false (custom)
2019-09-04 10:34:14,265 [9d9ee154-5ecf-475b-bae8-030d722a1f78:group-AAE4DC96B213:LeaderElection81] INFO  impl.RoleInfo (RoleInfo.java:updateAndGet(143)) - 9d9ee154-5ecf-475b-bae8-030d722a1f78: start LeaderState
2019-09-04 10:34:14,265 [9d9ee154-5ecf-475b-bae8-030d722a1f78:group-AAE4DC96B213:LeaderElection81] INFO  segmented.SegmentedRaftLogWorker (SegmentedRaftLogWorker.java:startLogSegment(380)) - 9d9ee154-5ecf-475b-bae8-030d722a1f78-SegmentedRaftLogWorker:Storage Directory /workdir/hadoop-ozone/integration-test/target/test-dir/MiniOzoneClusterImpl-33e08fff-e413-484d-8ff0-936effcd748a/datanode-5/data/ratis/9e8f4337-e602-46d9-a15b-aae4dc96b213: Starting segment from index:0
2019-09-04 10:34:14,265 [9d9ee154-5ecf-475b-bae8-030d722a1f78:group-AAE4DC96B213:LeaderElection81] INFO  impl.RaftServerImpl (ServerState.java:setRaftConf(361)) - 9d9ee154-5ecf-475b-bae8-030d722a1f78:group-AAE4DC96B213 set configuration 0: [78727c90-bbe0-444f-aa03-36aec32f3d6b:192.168.5.153:40603, 9d9ee154-5ecf-475b-bae8-030d722a1f78:192.168.5.153:38103, 15762bf3-0251-41b8-9cc3-7276b427eb4c:192.168.5.153:36887], old=null at 0
2019-09-04 10:34:14,266 [grpc-default-executor-12] INFO  impl.RaftServerImpl (ServerState.java:setLeader(263)) - 15762bf3-0251-41b8-9cc3-7276b427eb4c:group-AAE4DC96B213 change Leader from null to 9d9ee154-5ecf-475b-bae8-030d722a1f78 at term 1 for appendEntries, leader elected after 5113ms
2019-09-04 10:34:14,295 [grpc-default-executor-4] INFO  impl.RaftServerImpl (ServerState.java:setLeader(263)) - 78727c90-bbe0-444f-aa03-36aec32f3d6b:group-AAE4DC96B213 change Leader from null to 9d9ee154-5ecf-475b-bae8-030d722a1f78 at term 1 for appendEntries, leader elected after 5142ms
2019-09-04 10:34:14,298 [grpc-default-executor-12] INFO  impl.RaftServerImpl (ServerState.java:setRaftConf(361)) - 15762bf3-0251-41b8-9cc3-7276b427eb4c:group-AAE4DC96B213 set configuration 0: [78727c90-bbe0-444f-aa03-36aec32f3d6b:192.168.5.153:40603, 9d9ee154-5ecf-475b-bae8-030d722a1f78:192.168.5.153:38103, 15762bf3-0251-41b8-9cc3-7276b427eb4c:192.168.5.153:36887], old=null at 0
2019-09-04 10:34:14,298 [grpc-default-executor-4] INFO  impl.RaftServerImpl (ServerState.java:setRaftConf(361)) - 78727c90-bbe0-444f-aa03-36aec32f3d6b:group-AAE4DC96B213 set configuration 0: [78727c90-bbe0-444f-aa03-36aec32f3d6b:192.168.5.153:40603, 9d9ee154-5ecf-475b-bae8-030d722a1f78:192.168.5.153:38103, 15762bf3-0251-41b8-9cc3-7276b427eb4c:192.168.5.153:36887], old=null at 0
2019-09-04 10:34:14,298 [grpc-default-executor-12] INFO  segmented.SegmentedRaftLogWorker (SegmentedRaftLogWorker.java:startLogSegment(380)) - 15762bf3-0251-41b8-9cc3-7276b427eb4c-SegmentedRaftLogWorker:Storage Directory /workdir/hadoop-ozone/integration-test/target/test-dir/MiniOzoneClusterImpl-33e08fff-e413-484d-8ff0-936effcd748a/datanode-4/data/ratis/9e8f4337-e602-46d9-a15b-aae4dc96b213: Starting segment from index:0
2019-09-04 10:34:14,298 [grpc-default-executor-4] INFO  segmented.SegmentedRaftLogWorker (SegmentedRaftLogWorker.java:startLogSegment(380)) - 78727c90-bbe0-444f-aa03-36aec32f3d6b-SegmentedRaftLogWorker:Storage Directory /workdir/hadoop-ozone/integration-test/target/test-dir/MiniOzoneClusterImpl-33e08fff-e413-484d-8ff0-936effcd748a/datanode-3/data/ratis/9e8f4337-e602-46d9-a15b-aae4dc96b213: Starting segment from index:0
2019-09-04 10:34:14,310 [78727c90-bbe0-444f-aa03-36aec32f3d6b:group-419C6EC30EEF:LeaderElection82] INFO  impl.LeaderElection (LeaderElection.java:askForVotes(181)) - 78727c90-bbe0-444f-aa03-36aec32f3d6b:group-419C6EC30EEF:LeaderElection82: begin an election at term 1 for -1: [78727c90-bbe0-444f-aa03-36aec32f3d6b:192.168.5.153:40603], old=null
2019-09-04 10:34:14,311 [78727c90-bbe0-444f-aa03-36aec32f3d6b:group-419C6EC30EEF:LeaderElection82] INFO  impl.RoleInfo (RoleInfo.java:shutdownLeaderElection(134)) - 78727c90-bbe0-444f-aa03-36aec32f3d6b: shutdown LeaderElection
2019-09-04 10:34:14,311 [78727c90-bbe0-444f-aa03-36aec32f3d6b:group-419C6EC30EEF:LeaderElection82] INFO  impl.RaftServerImpl (RaftServerImpl.java:setRole(171)) - 78727c90-bbe0-444f-aa03-36aec32f3d6b:group-419C6EC30EEF changes role from CANDIDATE to LEADER at term 1 for changeToLeader
2019-09-04 10:34:14,311 [78727c90-bbe0-444f-aa03-36aec32f3d6b:group-419C6EC30EEF:LeaderElection82] INFO  impl.RaftServerImpl (ServerState.java:setLeader(263)) - 78727c90-bbe0-444f-aa03-36aec32f3d6b:group-419C6EC30EEF change Leader from null to 78727c90-bbe0-444f-aa03-36aec32f3d6b at term 1 for becomeLeader, leader elected after 5253ms
2019-09-04 10:34:14,311 [9d9ee154-5ecf-475b-bae8-030d722a1f78-SegmentedRaftLogWorker:Storage Directory /workdir/hadoop-ozone/integration-test/target/test-dir/MiniOzoneClusterImpl-33e08fff-e413-484d-8ff0-936effcd748a/datanode-5/data/ratis/9e8f4337-e602-46d9-a15b-aae4dc96b213] INFO  segmented.SegmentedRaftLogWorker (SegmentedRaftLogWorker.java:execute(569)) - 9d9ee154-5ecf-475b-bae8-030d722a1f78-SegmentedRaftLogWorker:Storage Directory /workdir/hadoop-ozone/integration-test/target/test-dir/MiniOzoneClusterImpl-33e08fff-e413-484d-8ff0-936effcd748a/datanode-5/data/ratis/9e8f4337-e602-46d9-a15b-aae4dc96b213: created new log segment /workdir/hadoop-ozone/integration-test/target/test-dir/MiniOzoneClusterImpl-33e08fff-e413-484d-8ff0-936effcd748a/datanode-5/data/ratis/9e8f4337-e602-46d9-a15b-aae4dc96b213/current/log_inprogress_0
2019-09-04 10:34:14,311 [78727c90-bbe0-444f-aa03-36aec32f3d6b:group-419C6EC30EEF:LeaderElection82] INFO  server.RaftServerConfigKeys (ConfUtils.java:logGet(43)) - raft.server.staging.catchup.gap = 1000 (default)
2019-09-04 10:34:14,311 [78727c90-bbe0-444f-aa03-36aec32f3d6b:group-419C6EC30EEF:LeaderElection82] INFO  server.RaftServerConfigKeys (ConfUtils.java:logGet(43)) - raft.server.rpc.sleep.time = 25ms (default)
2019-09-04 10:34:14,311 [78727c90-bbe0-444f-aa03-36aec32f3d6b:group-419C6EC30EEF:LeaderElection82] INFO  server.RaftServerConfigKeys (ConfUtils.java:logGet(43)) - raft.server.write.element-limit = 4096 (default)
2019-09-04 10:34:14,311 [78727c90-bbe0-444f-aa03-36aec32f3d6b:group-419C6EC30EEF:LeaderElection82] INFO  server.RaftServerConfigKeys (ConfUtils.java:logGet(43)) - raft.server.watch.timeout = 10s (default)
2019-09-04 10:34:14,311 [78727c90-bbe0-444f-aa03-36aec32f3d6b:group-419C6EC30EEF:LeaderElection82] INFO  server.RaftServerConfigKeys (ConfUtils.java:logGet(43)) - raft.server.watch.timeout.denomination = 1s (default)
2019-09-04 10:34:14,311 [78727c90-bbe0-444f-aa03-36aec32f3d6b:group-419C6EC30EEF:LeaderElection82] INFO  server.RaftServerConfigKeys (ConfUtils.java:logGet(43)) - raft.server.watch.element-limit = 65536 (default)
2019-09-04 10:34:14,312 [78727c90-bbe0-444f-aa03-36aec32f3d6b:group-419C6EC30EEF:LeaderElection82] INFO  impl.RoleInfo (RoleInfo.java:updateAndGet(143)) - 78727c90-bbe0-444f-aa03-36aec32f3d6b: start LeaderState
2019-09-04 10:34:14,312 [78727c90-bbe0-444f-aa03-36aec32f3d6b:group-419C6EC30EEF:LeaderElection82] INFO  segmented.SegmentedRaftLogWorker (SegmentedRaftLogWorker.java:startLogSegment(380)) - 78727c90-bbe0-444f-aa03-36aec32f3d6b-SegmentedRaftLogWorker:Storage Directory /workdir/hadoop-ozone/integration-test/target/test-dir/MiniOzoneClusterImpl-33e08fff-e413-484d-8ff0-936effcd748a/datanode-3/data/ratis/3299889d-5dee-4411-bce5-419c6ec30eef: Starting segment from index:0
2019-09-04 10:34:14,312 [78727c90-bbe0-444f-aa03-36aec32f3d6b:group-419C6EC30EEF:LeaderElection82] INFO  impl.RaftServerImpl (ServerState.java:setRaftConf(361)) - 78727c90-bbe0-444f-aa03-36aec32f3d6b:group-419C6EC30EEF set configuration 0: [78727c90-bbe0-444f-aa03-36aec32f3d6b:192.168.5.153:40603], old=null at 0
2019-09-04 10:34:14,364 [78727c90-bbe0-444f-aa03-36aec32f3d6b-SegmentedRaftLogWorker:Storage Directory /workdir/hadoop-ozone/integration-test/target/test-dir/MiniOzoneClusterImpl-33e08fff-e413-484d-8ff0-936effcd748a/datanode-3/data/ratis/3299889d-5dee-4411-bce5-419c6ec30eef] INFO  segmented.SegmentedRaftLogWorker (SegmentedRaftLogWorker.java:execute(569)) - 78727c90-bbe0-444f-aa03-36aec32f3d6b-SegmentedRaftLogWorker:Storage Directory /workdir/hadoop-ozone/integration-test/target/test-dir/MiniOzoneClusterImpl-33e08fff-e413-484d-8ff0-936effcd748a/datanode-3/data/ratis/3299889d-5dee-4411-bce5-419c6ec30eef: created new log segment /workdir/hadoop-ozone/integration-test/target/test-dir/MiniOzoneClusterImpl-33e08fff-e413-484d-8ff0-936effcd748a/datanode-3/data/ratis/3299889d-5dee-4411-bce5-419c6ec30eef/current/log_inprogress_0
2019-09-04 10:34:14,364 [78727c90-bbe0-444f-aa03-36aec32f3d6b-SegmentedRaftLogWorker:Storage Directory /workdir/hadoop-ozone/integration-test/target/test-dir/MiniOzoneClusterImpl-33e08fff-e413-484d-8ff0-936effcd748a/datanode-3/data/ratis/9e8f4337-e602-46d9-a15b-aae4dc96b213] INFO  segmented.SegmentedRaftLogWorker (SegmentedRaftLogWorker.java:execute(569)) - 78727c90-bbe0-444f-aa03-36aec32f3d6b-SegmentedRaftLogWorker:Storage Directory /workdir/hadoop-ozone/integration-test/target/test-dir/MiniOzoneClusterImpl-33e08fff-e413-484d-8ff0-936effcd748a/datanode-3/data/ratis/9e8f4337-e602-46d9-a15b-aae4dc96b213: created new log segment /workdir/hadoop-ozone/integration-test/target/test-dir/MiniOzoneClusterImpl-33e08fff-e413-484d-8ff0-936effcd748a/datanode-3/data/ratis/9e8f4337-e602-46d9-a15b-aae4dc96b213/current/log_inprogress_0
2019-09-04 10:34:14,364 [15762bf3-0251-41b8-9cc3-7276b427eb4c-SegmentedRaftLogWorker:Storage Directory /workdir/hadoop-ozone/integration-test/target/test-dir/MiniOzoneClusterImpl-33e08fff-e413-484d-8ff0-936effcd748a/datanode-4/data/ratis/9e8f4337-e602-46d9-a15b-aae4dc96b213] INFO  segmented.SegmentedRaftLogWorker (SegmentedRaftLogWorker.java:execute(569)) - 15762bf3-0251-41b8-9cc3-7276b427eb4c-SegmentedRaftLogWorker:Storage Directory /workdir/hadoop-ozone/integration-test/target/test-dir/MiniOzoneClusterImpl-33e08fff-e413-484d-8ff0-936effcd748a/datanode-4/data/ratis/9e8f4337-e602-46d9-a15b-aae4dc96b213: created new log segment /workdir/hadoop-ozone/integration-test/target/test-dir/MiniOzoneClusterImpl-33e08fff-e413-484d-8ff0-936effcd748a/datanode-4/data/ratis/9e8f4337-e602-46d9-a15b-aae4dc96b213/current/log_inprogress_0
2019-09-04 10:34:14,398 [grpc-default-executor-4] INFO  client.GrpcClientProtocolClient (GrpcClientProtocolClient.java:onNext(255)) - client-23D62EFE9189->d95ea795-5798-4f88-874d-85b779d77577: receive RaftClientReply:client-23D62EFE9189->d95ea795-5798-4f88-874d-85b779d77577@group-455E64EDF91B, cid=102, SUCCESS, logIndex=1, commits[d95ea795-5798-4f88-874d-85b779d77577:c2, 8646ae31-6d34-4b89-af50-40707cdacd2f:c1, 816bbf34-6afd-44fd-92bd-1d04d1722d1f:c1]
2019-09-04 10:34:15,386 [Datanode State Machine Thread - 0] INFO  statemachine.DatanodeStateMachine (DatanodeStateMachine.java:lambda$startDaemon$0(350)) - Ozone container server started.
2019-09-04 10:34:19,399 [main] INFO  ozoneimpl.OzoneContainer (OzoneContainer.java:stop(215)) - Attempting to stop container services.
2019-09-04 10:34:19,400 [main] INFO  impl.RaftServerProxy (RaftServerProxy.java:lambda$close$4(314)) - d95ea795-5798-4f88-874d-85b779d77577: close
2019-09-04 10:34:19,401 [main] INFO  impl.RaftServerImpl (RaftServerImpl.java:lambda$shutdown$3(245)) - d95ea795-5798-4f88-874d-85b779d77577: shutdown group-235C201BCED8
2019-09-04 10:34:19,401 [ForkJoinPool.commonPool-worker-0] INFO  impl.RaftServerImpl (RaftServerImpl.java:lambda$shutdown$3(245)) - d95ea795-5798-4f88-874d-85b779d77577: shutdown group-455E64EDF91B
2019-09-04 10:34:19,401 [main] INFO  util.JmxRegister (JmxRegister.java:unregister(73)) - Successfully un-registered JMX Bean with object name Ratis:service=RaftServer,group=group-235C201BCED8,id=d95ea795-5798-4f88-874d-85b779d77577
2019-09-04 10:34:19,401 [ForkJoinPool.commonPool-worker-0] INFO  util.JmxRegister (JmxRegister.java:unregister(73)) - Successfully un-registered JMX Bean with object name Ratis:service=RaftServer,group=group-455E64EDF91B,id=d95ea795-5798-4f88-874d-85b779d77577
2019-09-04 10:34:19,402 [main] INFO  impl.RoleInfo (RoleInfo.java:shutdownLeaderState(104)) - d95ea795-5798-4f88-874d-85b779d77577: shutdown LeaderState
2019-09-04 10:34:19,402 [ForkJoinPool.commonPool-worker-0] INFO  impl.RoleInfo (RoleInfo.java:shutdownLeaderState(104)) - d95ea795-5798-4f88-874d-85b779d77577: shutdown LeaderState
2019-09-04 10:34:19,402 [main] INFO  impl.PendingRequests (PendingRequests.java:sendNotLeaderResponses(202)) - d95ea795-5798-4f88-874d-85b779d77577-PendingRequests: sendNotLeaderResponses
2019-09-04 10:34:19,409 [org.apache.ratis.server.impl.LogAppender$AppenderDaemon$$Lambda$517/444365658@29f05dcd] WARN  server.GrpcLogAppender (GrpcLogAppender.java:mayWait(143)) - GrpcLogAppender(d95ea795-5798-4f88-874d-85b779d77577->8646ae31-6d34-4b89-af50-40707cdacd2f): Wait interrupted by java.lang.InterruptedException
2019-09-04 10:34:19,409 [org.apache.ratis.server.impl.LogAppender$AppenderDaemon$$Lambda$517/444365658@6cf2d697] WARN  server.GrpcLogAppender (GrpcLogAppender.java:mayWait(143)) - GrpcLogAppender(d95ea795-5798-4f88-874d-85b779d77577->816bbf34-6afd-44fd-92bd-1d04d1722d1f): Wait interrupted by java.lang.InterruptedException
2019-09-04 10:34:19,409 [ForkJoinPool.commonPool-worker-0] INFO  impl.PendingRequests (PendingRequests.java:sendNotLeaderResponses(202)) - d95ea795-5798-4f88-874d-85b779d77577-PendingRequests: sendNotLeaderResponses
2019-09-04 10:34:19,410 [grpc-default-executor-4] INFO  server.GrpcServerProtocolService (GrpcServerProtocolService.java:onCompleted(104)) - 8646ae31-6d34-4b89-af50-40707cdacd2f: appendEntries completed
2019-09-04 10:34:19,410 [main] INFO  impl.StateMachineUpdater (StateMachineUpdater.java:stopAndJoin(115)) - StateMachineUpdater:d95ea795-5798-4f88-874d-85b779d77577:group-235C201BCED8: set stopIndex = 0
2019-09-04 10:34:19,425 [grpc-default-executor-10] INFO  server.GrpcLogAppender (GrpcLogAppender.java:onCompleted(292)) - d95ea795-5798-4f88-874d-85b779d77577->8646ae31-6d34-4b89-af50-40707cdacd2f: follower responses appendEntries COMPLETED
2019-09-04 10:34:19,425 [StateMachineUpdater:d95ea795-5798-4f88-874d-85b779d77577:group-455E64EDF91B] INFO  ratis.ContainerStateMachine (ContainerStateMachine.java:takeSnapshot(284)) - group-455E64EDF91B: Taking a snapshot at:(t:1, i:2) file /workdir/hadoop-ozone/integration-test/target/test-dir/MiniOzoneClusterImpl-33e08fff-e413-484d-8ff0-936effcd748a/datanode-0/data/ratis/5d83a31d-c551-4f9c-bef0-455e64edf91b/sm/snapshot.1_2
2019-09-04 10:34:19,426 [grpc-default-executor-10] INFO  impl.FollowerInfo (FollowerInfo.java:lambda$new$0(50)) - d95ea795-5798-4f88-874d-85b779d77577->8646ae31-6d34-4b89-af50-40707cdacd2f: nextIndex: updateUnconditionally 3 -> 2
2019-09-04 10:34:19,425 [ForkJoinPool.commonPool-worker-0] INFO  impl.StateMachineUpdater (StateMachineUpdater.java:stopAndJoin(115)) - StateMachineUpdater:d95ea795-5798-4f88-874d-85b779d77577:group-455E64EDF91B: set stopIndex = 2
2019-09-04 10:34:19,410 [grpc-default-executor-12] INFO  server.GrpcServerProtocolService (GrpcServerProtocolService.java:onCompleted(104)) - 816bbf34-6afd-44fd-92bd-1d04d1722d1f: appendEntries completed
2019-09-04 10:34:19,425 [main] INFO  impl.RaftServerImpl (ServerState.java:close(394)) - d95ea795-5798-4f88-874d-85b779d77577:group-235C201BCED8 closes. The last applied log index is 0
2019-09-04 10:34:19,427 [grpc-default-executor-12] INFO  server.GrpcLogAppender (GrpcLogAppender.java:onCompleted(292)) - d95ea795-5798-4f88-874d-85b779d77577->816bbf34-6afd-44fd-92bd-1d04d1722d1f: follower responses appendEntries COMPLETED
2019-09-04 10:34:19,427 [d95ea795-5798-4f88-874d-85b779d77577-SegmentedRaftLogWorker:Storage Directory /workdir/hadoop-ozone/integration-test/target/test-dir/MiniOzoneClusterImpl-33e08fff-e413-484d-8ff0-936effcd748a/datanode-0/data/ratis/f7a848bc-102a-45dc-98df-235c201bced8] INFO  segmented.SegmentedRaftLogWorker (SegmentedRaftLogWorker.java:run(313)) - d95ea795-5798-4f88-874d-85b779d77577-SegmentedRaftLogWorker:Storage Directory /workdir/hadoop-ozone/integration-test/target/test-dir/MiniOzoneClusterImpl-33e08fff-e413-484d-8ff0-936effcd748a/datanode-0/data/ratis/f7a848bc-102a-45dc-98df-235c201bced8 was interrupted, exiting. There are 0 tasks remaining in the queue.
2019-09-04 10:34:19,427 [grpc-default-executor-12] INFO  impl.FollowerInfo (FollowerInfo.java:lambda$new$0(50)) - d95ea795-5798-4f88-874d-85b779d77577->816bbf34-6afd-44fd-92bd-1d04d1722d1f: nextIndex: updateUnconditionally 3 -> 2
2019-09-04 10:34:19,438 [main] INFO  segmented.SegmentedRaftLogWorker (SegmentedRaftLogWorker.java:close(228)) - d95ea795-5798-4f88-874d-85b779d77577-SegmentedRaftLogWorker:Storage Directory /workdir/hadoop-ozone/integration-test/target/test-dir/MiniOzoneClusterImpl-33e08fff-e413-484d-8ff0-936effcd748a/datanode-0/data/ratis/f7a848bc-102a-45dc-98df-235c201bced8 close()
2019-09-04 10:34:19,443 [StateMachineUpdater:d95ea795-5798-4f88-874d-85b779d77577:group-455E64EDF91B] INFO  ratis.ContainerStateMachine (ContainerStateMachine.java:takeSnapshot(295)) - group-455E64EDF91B: Finished taking a snapshot at:(t:1, i:2) file:/workdir/hadoop-ozone/integration-test/target/test-dir/MiniOzoneClusterImpl-33e08fff-e413-484d-8ff0-936effcd748a/datanode-0/data/ratis/5d83a31d-c551-4f9c-bef0-455e64edf91b/sm/snapshot.1_2 time:15
2019-09-04 10:34:19,443 [StateMachineUpdater:d95ea795-5798-4f88-874d-85b779d77577:group-455E64EDF91B] INFO  impl.StateMachineUpdater (StateMachineUpdater.java:takeSnapshot(242)) - StateMachineUpdater:d95ea795-5798-4f88-874d-85b779d77577:group-455E64EDF91B: Took a snapshot at index 2
2019-09-04 10:34:19,443 [StateMachineUpdater:d95ea795-5798-4f88-874d-85b779d77577:group-455E64EDF91B] INFO  impl.StateMachineUpdater (StateMachineUpdater.java:lambda$new$0(80)) - StateMachineUpdater:d95ea795-5798-4f88-874d-85b779d77577:group-455E64EDF91B: snapshotIndex: updateIncreasingly -1 -> 2
2019-09-04 10:34:19,444 [ForkJoinPool.commonPool-worker-0] INFO  impl.RaftServerImpl (ServerState.java:close(394)) - d95ea795-5798-4f88-874d-85b779d77577:group-455E64EDF91B closes. The last applied log index is 2
2019-09-04 10:34:19,444 [d95ea795-5798-4f88-874d-85b779d77577-SegmentedRaftLogWorker:Storage Directory /workdir/hadoop-ozone/integration-test/target/test-dir/MiniOzoneClusterImpl-33e08fff-e413-484d-8ff0-936effcd748a/datanode-0/data/ratis/5d83a31d-c551-4f9c-bef0-455e64edf91b] INFO  segmented.SegmentedRaftLogWorker (SegmentedRaftLogWorker.java:run(313)) - d95ea795-5798-4f88-874d-85b779d77577-SegmentedRaftLogWorker:Storage Directory /workdir/hadoop-ozone/integration-test/target/test-dir/MiniOzoneClusterImpl-33e08fff-e413-484d-8ff0-936effcd748a/datanode-0/data/ratis/5d83a31d-c551-4f9c-bef0-455e64edf91b was interrupted, exiting. There are 0 tasks remaining in the queue.
2019-09-04 10:34:19,447 [ForkJoinPool.commonPool-worker-0] INFO  segmented.SegmentedRaftLogWorker (SegmentedRaftLogWorker.java:close(228)) - d95ea795-5798-4f88-874d-85b779d77577-SegmentedRaftLogWorker:Storage Directory /workdir/hadoop-ozone/integration-test/target/test-dir/MiniOzoneClusterImpl-33e08fff-e413-484d-8ff0-936effcd748a/datanode-0/data/ratis/5d83a31d-c551-4f9c-bef0-455e64edf91b close()
2019-09-04 10:34:19,451 [main] INFO  server.GrpcService (GrpcService.java:closeImpl(155)) - d95ea795-5798-4f88-874d-85b779d77577: shutdown server with port 44772 now
2019-09-04 10:34:19,452 [main] INFO  server.GrpcService (GrpcService.java:closeImpl(163)) - d95ea795-5798-4f88-874d-85b779d77577: shutdown server with port 44772 successfully
2019-09-04 10:34:19,454 [refreshUsed-/workdir/hadoop-ozone/integration-test/target/test-dir/MiniOzoneClusterImpl-33e08fff-e413-484d-8ff0-936effcd748a/datanode-0/data/containers] WARN  fs.CachingGetSpaceUsed (CachingGetSpaceUsed.java:run(183)) - Thread Interrupted waiting to refresh disk information: sleep interrupted
2019-09-04 10:34:19,470 [main] INFO  utils.BackgroundService (BackgroundService.java:shutdown(148)) - Shutting down service BlockDeletingService
2019-09-04 10:34:19,477 [main] INFO  statemachine.DatanodeStateMachine (DatanodeStateMachine.java:stopDaemon(395)) - Ozone container server stopped.
2019-09-04 10:34:19,478 [main] INFO  handler.ContextHandler (ContextHandler.java:doStop(910)) - Stopped o.e.j.w.WebAppContext@8fcc534{/,null,UNAVAILABLE}{/hddsDatanode}
2019-09-04 10:34:19,479 [main] INFO  server.AbstractConnector (AbstractConnector.java:doStop(318)) - Stopped ServerConnector@5e599100{HTTP/1.1,[http/1.1]}{0.0.0.0:0}
2019-09-04 10:34:19,479 [main] INFO  handler.ContextHandler (ContextHandler.java:doStop(910)) - Stopped o.e.j.s.ServletContextHandler@11df2829{/static,jar:file:/home/user/.m2/repository/org/apache/hadoop/hadoop-hdds-container-service/0.5.0-SNAPSHOT/hadoop-hdds-container-service-0.5.0-SNAPSHOT.jar!/webapps/static,UNAVAILABLE}
2019-09-04 10:34:19,480 [main] INFO  handler.ContextHandler (ContextHandler.java:doStop(910)) - Stopped o.e.j.s.ServletContextHandler@35145874{/logs,file:///workdir/hadoop-ozone/integration-test/target/log,UNAVAILABLE}
2019-09-04 10:34:21,495 [grpc-default-executor-4] INFO  client.GrpcClientProtocolClient (GrpcClientProtocolClient.java:onNext(255)) - client-23D62EFE9189->8646ae31-6d34-4b89-af50-40707cdacd2f: receive RaftClientReply:client-23D62EFE9189->8646ae31-6d34-4b89-af50-40707cdacd2f@group-455E64EDF91B, cid=103, FAILED org.apache.ratis.protocol.NotLeaderException: Server 8646ae31-6d34-4b89-af50-40707cdacd2f is not the leader (d95ea795-5798-4f88-874d-85b779d77577:192.168.5.153:44772). Request must be sent to leader., logIndex=0, commits[8646ae31-6d34-4b89-af50-40707cdacd2f:c2, d95ea795-5798-4f88-874d-85b779d77577:c2, 816bbf34-6afd-44fd-92bd-1d04d1722d1f:c2]
2019-09-04 10:34:22,509 [grpc-default-executor-12] INFO  client.GrpcClientProtocolClient (GrpcClientProtocolClient.java:onNext(255)) - client-23D62EFE9189->8646ae31-6d34-4b89-af50-40707cdacd2f: receive RaftClientReply:client-23D62EFE9189->8646ae31-6d34-4b89-af50-40707cdacd2f@group-455E64EDF91B, cid=103, FAILED org.apache.ratis.protocol.NotLeaderException: Server 8646ae31-6d34-4b89-af50-40707cdacd2f is not the leader (d95ea795-5798-4f88-874d-85b779d77577:192.168.5.153:44772). Request must be sent to leader., logIndex=0, commits[8646ae31-6d34-4b89-af50-40707cdacd2f:c2, d95ea795-5798-4f88-874d-85b779d77577:c2, 816bbf34-6afd-44fd-92bd-1d04d1722d1f:c2]
2019-09-04 10:34:23,524 [grpc-default-executor-4] INFO  client.GrpcClientProtocolClient (GrpcClientProtocolClient.java:onNext(255)) - client-23D62EFE9189->816bbf34-6afd-44fd-92bd-1d04d1722d1f: receive RaftClientReply:client-23D62EFE9189->816bbf34-6afd-44fd-92bd-1d04d1722d1f@group-455E64EDF91B, cid=103, FAILED org.apache.ratis.protocol.NotLeaderException: Server 816bbf34-6afd-44fd-92bd-1d04d1722d1f is not the leader (d95ea795-5798-4f88-874d-85b779d77577:192.168.5.153:44772). Request must be sent to leader., logIndex=0, commits[816bbf34-6afd-44fd-92bd-1d04d1722d1f:c2, 8646ae31-6d34-4b89-af50-40707cdacd2f:c2, d95ea795-5798-4f88-874d-85b779d77577:c2]
2019-09-04 10:34:24,539 [grpc-default-executor-4] INFO  client.GrpcClientProtocolClient (GrpcClientProtocolClient.java:onNext(255)) - client-23D62EFE9189->8646ae31-6d34-4b89-af50-40707cdacd2f: receive RaftClientReply:client-23D62EFE9189->8646ae31-6d34-4b89-af50-40707cdacd2f@group-455E64EDF91B, cid=103, FAILED org.apache.ratis.protocol.NotLeaderException: Server 8646ae31-6d34-4b89-af50-40707cdacd2f is not the leader (d95ea795-5798-4f88-874d-85b779d77577:192.168.5.153:44772). Request must be sent to leader., logIndex=0, commits[8646ae31-6d34-4b89-af50-40707cdacd2f:c2, d95ea795-5798-4f88-874d-85b779d77577:c2, 816bbf34-6afd-44fd-92bd-1d04d1722d1f:c2]
2019-09-04 10:34:25,554 [grpc-default-executor-12] INFO  client.GrpcClientProtocolClient (GrpcClientProtocolClient.java:onNext(255)) - client-23D62EFE9189->816bbf34-6afd-44fd-92bd-1d04d1722d1f: receive RaftClientReply:client-23D62EFE9189->816bbf34-6afd-44fd-92bd-1d04d1722d1f@group-455E64EDF91B, cid=103, FAILED org.apache.ratis.protocol.NotLeaderException: Server 816bbf34-6afd-44fd-92bd-1d04d1722d1f is not the leader (d95ea795-5798-4f88-874d-85b779d77577:192.168.5.153:44772). Request must be sent to leader., logIndex=0, commits[816bbf34-6afd-44fd-92bd-1d04d1722d1f:c2, 8646ae31-6d34-4b89-af50-40707cdacd2f:c2, d95ea795-5798-4f88-874d-85b779d77577:c2]
2019-09-04 10:34:26,569 [grpc-default-executor-4] INFO  client.GrpcClientProtocolClient (GrpcClientProtocolClient.java:onNext(255)) - client-23D62EFE9189->816bbf34-6afd-44fd-92bd-1d04d1722d1f: receive RaftClientReply:client-23D62EFE9189->816bbf34-6afd-44fd-92bd-1d04d1722d1f@group-455E64EDF91B, cid=103, FAILED org.apache.ratis.protocol.NotLeaderException: Server 816bbf34-6afd-44fd-92bd-1d04d1722d1f is not the leader (d95ea795-5798-4f88-874d-85b779d77577:192.168.5.153:44772). Request must be sent to leader., logIndex=0, commits[816bbf34-6afd-44fd-92bd-1d04d1722d1f:c2, 8646ae31-6d34-4b89-af50-40707cdacd2f:c2, d95ea795-5798-4f88-874d-85b779d77577:c2]
2019-09-04 10:34:27,585 [grpc-default-executor-4] INFO  client.GrpcClientProtocolClient (GrpcClientProtocolClient.java:onNext(255)) - client-23D62EFE9189->8646ae31-6d34-4b89-af50-40707cdacd2f: receive RaftClientReply:client-23D62EFE9189->8646ae31-6d34-4b89-af50-40707cdacd2f@group-455E64EDF91B, cid=103, FAILED org.apache.ratis.protocol.NotLeaderException: Server 8646ae31-6d34-4b89-af50-40707cdacd2f is not the leader (d95ea795-5798-4f88-874d-85b779d77577:192.168.5.153:44772). Request must be sent to leader., logIndex=0, commits[8646ae31-6d34-4b89-af50-40707cdacd2f:c2, d95ea795-5798-4f88-874d-85b779d77577:c2, 816bbf34-6afd-44fd-92bd-1d04d1722d1f:c2]
2019-09-04 10:34:28,601 [grpc-default-executor-12] INFO  client.GrpcClientProtocolClient (GrpcClientProtocolClient.java:onNext(255)) - client-23D62EFE9189->8646ae31-6d34-4b89-af50-40707cdacd2f: receive RaftClientReply:client-23D62EFE9189->8646ae31-6d34-4b89-af50-40707cdacd2f@group-455E64EDF91B, cid=103, FAILED org.apache.ratis.protocol.NotLeaderException: Server 8646ae31-6d34-4b89-af50-40707cdacd2f is not the leader (d95ea795-5798-4f88-874d-85b779d77577:192.168.5.153:44772). Request must be sent to leader., logIndex=0, commits[8646ae31-6d34-4b89-af50-40707cdacd2f:c2, d95ea795-5798-4f88-874d-85b779d77577:c2, 816bbf34-6afd-44fd-92bd-1d04d1722d1f:c2]
2019-09-04 10:34:29,355 [Thread-2527] INFO  impl.FollowerState (FollowerState.java:run(106)) - 816bbf34-6afd-44fd-92bd-1d04d1722d1f:group-455E64EDF91B changes to CANDIDATE, lastRpcTime:10054, electionTimeout:5104ms
2019-09-04 10:34:29,355 [Thread-2528] INFO  impl.FollowerState (FollowerState.java:run(106)) - 8646ae31-6d34-4b89-af50-40707cdacd2f:group-455E64EDF91B changes to CANDIDATE, lastRpcTime:10092, electionTimeout:5086ms
2019-09-04 10:34:29,356 [Thread-2527] INFO  impl.RoleInfo (RoleInfo.java:shutdownFollowerState(121)) - 816bbf34-6afd-44fd-92bd-1d04d1722d1f: shutdown FollowerState
2019-09-04 10:34:29,356 [Thread-2528] INFO  impl.RoleInfo (RoleInfo.java:shutdownFollowerState(121)) - 8646ae31-6d34-4b89-af50-40707cdacd2f: shutdown FollowerState
2019-09-04 10:34:29,356 [Thread-2527] INFO  impl.RaftServerImpl (RaftServerImpl.java:setRole(171)) - 816bbf34-6afd-44fd-92bd-1d04d1722d1f:group-455E64EDF91B changes role from FOLLOWER to CANDIDATE at term 1 for changeToCandidate
2019-09-04 10:34:29,356 [Thread-2528] INFO  impl.RaftServerImpl (RaftServerImpl.java:setRole(171)) - 8646ae31-6d34-4b89-af50-40707cdacd2f:group-455E64EDF91B changes role from FOLLOWER to CANDIDATE at term 1 for changeToCandidate
2019-09-04 10:34:29,356 [Thread-2528] INFO  impl.RoleInfo (RoleInfo.java:updateAndGet(143)) - 8646ae31-6d34-4b89-af50-40707cdacd2f: start LeaderElection
2019-09-04 10:34:29,356 [Thread-2527] INFO  impl.RoleInfo (RoleInfo.java:updateAndGet(143)) - 816bbf34-6afd-44fd-92bd-1d04d1722d1f: start LeaderElection
2019-09-04 10:34:29,360 [8646ae31-6d34-4b89-af50-40707cdacd2f:group-455E64EDF91B:LeaderElection84] INFO  impl.RaftServerImpl (ServerState.java:setLeader(263)) - 8646ae31-6d34-4b89-af50-40707cdacd2f:group-455E64EDF91B change Leader from d95ea795-5798-4f88-874d-85b779d77577 to null at term 1 for initElection
2019-09-04 10:34:29,363 [816bbf34-6afd-44fd-92bd-1d04d1722d1f:group-455E64EDF91B:LeaderElection83] INFO  impl.RaftServerImpl (ServerState.java:setLeader(263)) - 816bbf34-6afd-44fd-92bd-1d04d1722d1f:group-455E64EDF91B change Leader from d95ea795-5798-4f88-874d-85b779d77577 to null at term 1 for initElection
2019-09-04 10:34:29,377 [816bbf34-6afd-44fd-92bd-1d04d1722d1f:group-455E64EDF91B:LeaderElection83] INFO  impl.LeaderElection (LeaderElection.java:askForVotes(181)) - 816bbf34-6afd-44fd-92bd-1d04d1722d1f:group-455E64EDF91B:LeaderElection83: begin an election at term 2 for 0: [8646ae31-6d34-4b89-af50-40707cdacd2f:192.168.5.153:43140, d95ea795-5798-4f88-874d-85b779d77577:192.168.5.153:44772, 816bbf34-6afd-44fd-92bd-1d04d1722d1f:192.168.5.153:42856], old=null
2019-09-04 10:34:29,377 [8646ae31-6d34-4b89-af50-40707cdacd2f:group-455E64EDF91B:LeaderElection84] INFO  impl.LeaderElection (LeaderElection.java:askForVotes(181)) - 8646ae31-6d34-4b89-af50-40707cdacd2f:group-455E64EDF91B:LeaderElection84: begin an election at term 2 for 0: [8646ae31-6d34-4b89-af50-40707cdacd2f:192.168.5.153:43140, d95ea795-5798-4f88-874d-85b779d77577:192.168.5.153:44772, 816bbf34-6afd-44fd-92bd-1d04d1722d1f:192.168.5.153:42856], old=null
2019-09-04 10:34:29,380 [816bbf34-6afd-44fd-92bd-1d04d1722d1f:group-455E64EDF91B:LeaderElection83] INFO  impl.LeaderElection (LogUtils.java:infoOrTrace(149)) - 816bbf34-6afd-44fd-92bd-1d04d1722d1f:group-455E64EDF91B:LeaderElection83 got exception when requesting votes: {}
java.util.concurrent.ExecutionException: org.apache.ratis.thirdparty.io.grpc.StatusRuntimeException: UNAVAILABLE: io exception
	at java.util.concurrent.FutureTask.report(FutureTask.java:122)
	at java.util.concurrent.FutureTask.get(FutureTask.java:192)
	at org.apache.ratis.server.impl.LeaderElection.waitForResults(LeaderElection.java:262)
	at org.apache.ratis.server.impl.LeaderElection.askForVotes(LeaderElection.java:200)
	at org.apache.ratis.server.impl.LeaderElection.run(LeaderElection.java:130)
	at java.lang.Thread.run(Thread.java:748)
Caused by: org.apache.ratis.thirdparty.io.grpc.StatusRuntimeException: UNAVAILABLE: io exception
	at org.apache.ratis.thirdparty.io.grpc.stub.ClientCalls.toStatusRuntimeException(ClientCalls.java:233)
	at org.apache.ratis.thirdparty.io.grpc.stub.ClientCalls.getUnchecked(ClientCalls.java:214)
	at org.apache.ratis.thirdparty.io.grpc.stub.ClientCalls.blockingUnaryCall(ClientCalls.java:139)
	at org.apache.ratis.proto.grpc.RaftServerProtocolServiceGrpc$RaftServerProtocolServiceBlockingStub.requestVote(RaftServerProtocolServiceGrpc.java:265)
	at org.apache.ratis.grpc.server.GrpcServerProtocolClient.requestVote(GrpcServerProtocolClient.java:83)
	at org.apache.ratis.grpc.server.GrpcService.requestVote(GrpcService.java:195)
	at org.apache.ratis.server.impl.LeaderElection.lambda$submitRequests$1(LeaderElection.java:237)
	at java.util.concurrent.FutureTask.run(FutureTask.java:266)
	at java.util.concurrent.Executors$RunnableAdapter.call(Executors.java:511)
	at java.util.concurrent.FutureTask.run(FutureTask.java:266)
	at java.util.concurrent.ThreadPoolExecutor.runWorker(ThreadPoolExecutor.java:1149)
	at java.util.concurrent.ThreadPoolExecutor$Worker.run(ThreadPoolExecutor.java:624)
	... 1 more
Caused by: org.apache.ratis.thirdparty.io.netty.channel.AbstractChannel$AnnotatedConnectException: Connection refused: /192.168.5.153:44772
	at sun.nio.ch.SocketChannelImpl.checkConnect(Native Method)
	at sun.nio.ch.SocketChannelImpl.finishConnect(SocketChannelImpl.java:717)
	at org.apache.ratis.thirdparty.io.netty.channel.socket.nio.NioSocketChannel.doFinishConnect(NioSocketChannel.java:327)
	at org.apache.ratis.thirdparty.io.netty.channel.nio.AbstractNioChannel$AbstractNioUnsafe.finishConnect(AbstractNioChannel.java:340)
	at org.apache.ratis.thirdparty.io.netty.channel.nio.NioEventLoop.processSelectedKey(NioEventLoop.java:632)
	at org.apache.ratis.thirdparty.io.netty.channel.nio.NioEventLoop.processSelectedKeysOptimized(NioEventLoop.java:579)
	at org.apache.ratis.thirdparty.io.netty.channel.nio.NioEventLoop.processSelectedKeys(NioEventLoop.java:496)
	at org.apache.ratis.thirdparty.io.netty.channel.nio.NioEventLoop.run(NioEventLoop.java:458)
	at org.apache.ratis.thirdparty.io.netty.util.concurrent.SingleThreadEventExecutor$5.run(SingleThreadEventExecutor.java:897)
	at org.apache.ratis.thirdparty.io.netty.util.concurrent.FastThreadLocalRunnable.run(FastThreadLocalRunnable.java:30)
	... 1 more
Caused by: java.net.ConnectException: Connection refused
	... 11 more
2019-09-04 10:34:29,380 [8646ae31-6d34-4b89-af50-40707cdacd2f:group-455E64EDF91B:LeaderElection84] INFO  impl.LeaderElection (LogUtils.java:infoOrTrace(149)) - 8646ae31-6d34-4b89-af50-40707cdacd2f:group-455E64EDF91B:LeaderElection84 got exception when requesting votes: {}
java.util.concurrent.ExecutionException: org.apache.ratis.thirdparty.io.grpc.StatusRuntimeException: UNAVAILABLE: io exception
	at java.util.concurrent.FutureTask.report(FutureTask.java:122)
	at java.util.concurrent.FutureTask.get(FutureTask.java:192)
	at org.apache.ratis.server.impl.LeaderElection.waitForResults(LeaderElection.java:262)
	at org.apache.ratis.server.impl.LeaderElection.askForVotes(LeaderElection.java:200)
	at org.apache.ratis.server.impl.LeaderElection.run(LeaderElection.java:130)
	at java.lang.Thread.run(Thread.java:748)
Caused by: org.apache.ratis.thirdparty.io.grpc.StatusRuntimeException: UNAVAILABLE: io exception
	at org.apache.ratis.thirdparty.io.grpc.stub.ClientCalls.toStatusRuntimeException(ClientCalls.java:233)
	at org.apache.ratis.thirdparty.io.grpc.stub.ClientCalls.getUnchecked(ClientCalls.java:214)
	at org.apache.ratis.thirdparty.io.grpc.stub.ClientCalls.blockingUnaryCall(ClientCalls.java:139)
	at org.apache.ratis.proto.grpc.RaftServerProtocolServiceGrpc$RaftServerProtocolServiceBlockingStub.requestVote(RaftServerProtocolServiceGrpc.java:265)
	at org.apache.ratis.grpc.server.GrpcServerProtocolClient.requestVote(GrpcServerProtocolClient.java:83)
	at org.apache.ratis.grpc.server.GrpcService.requestVote(GrpcService.java:195)
	at org.apache.ratis.server.impl.LeaderElection.lambda$submitRequests$1(LeaderElection.java:237)
	at java.util.concurrent.FutureTask.run(FutureTask.java:266)
	at java.util.concurrent.Executors$RunnableAdapter.call(Executors.java:511)
	at java.util.concurrent.FutureTask.run(FutureTask.java:266)
	at java.util.concurrent.ThreadPoolExecutor.runWorker(ThreadPoolExecutor.java:1149)
	at java.util.concurrent.ThreadPoolExecutor$Worker.run(ThreadPoolExecutor.java:624)
	... 1 more
Caused by: org.apache.ratis.thirdparty.io.netty.channel.AbstractChannel$AnnotatedConnectException: Connection refused: /192.168.5.153:44772
	at sun.nio.ch.SocketChannelImpl.checkConnect(Native Method)
	at sun.nio.ch.SocketChannelImpl.finishConnect(SocketChannelImpl.java:717)
	at org.apache.ratis.thirdparty.io.netty.channel.socket.nio.NioSocketChannel.doFinishConnect(NioSocketChannel.java:327)
	at org.apache.ratis.thirdparty.io.netty.channel.nio.AbstractNioChannel$AbstractNioUnsafe.finishConnect(AbstractNioChannel.java:340)
	at org.apache.ratis.thirdparty.io.netty.channel.nio.NioEventLoop.processSelectedKey(NioEventLoop.java:632)
	at org.apache.ratis.thirdparty.io.netty.channel.nio.NioEventLoop.processSelectedKeysOptimized(NioEventLoop.java:579)
	at org.apache.ratis.thirdparty.io.netty.channel.nio.NioEventLoop.processSelectedKeys(NioEventLoop.java:496)
	at org.apache.ratis.thirdparty.io.netty.channel.nio.NioEventLoop.run(NioEventLoop.java:458)
	at org.apache.ratis.thirdparty.io.netty.util.concurrent.SingleThreadEventExecutor$5.run(SingleThreadEventExecutor.java:897)
	at org.apache.ratis.thirdparty.io.netty.util.concurrent.FastThreadLocalRunnable.run(FastThreadLocalRunnable.java:30)
	... 1 more
Caused by: java.net.ConnectException: Connection refused
	... 11 more
2019-09-04 10:34:29,388 [8646ae31-6d34-4b89-af50-40707cdacd2f:group-455E64EDF91B:LeaderElection84] INFO  impl.LeaderElection (LeaderElection.java:logAndReturn(56)) - 8646ae31-6d34-4b89-af50-40707cdacd2f:group-455E64EDF91B:LeaderElection84: Election REJECTED; received 1 response(s) [8646ae31-6d34-4b89-af50-40707cdacd2f<-816bbf34-6afd-44fd-92bd-1d04d1722d1f#0:FAIL-t2] and 1 exception(s); 8646ae31-6d34-4b89-af50-40707cdacd2f:t2, leader=null, voted=8646ae31-6d34-4b89-af50-40707cdacd2f, raftlog=8646ae31-6d34-4b89-af50-40707cdacd2f-SegmentedRaftLog:OPENED:c2,f2,i2, conf=0: [8646ae31-6d34-4b89-af50-40707cdacd2f:192.168.5.153:43140, d95ea795-5798-4f88-874d-85b779d77577:192.168.5.153:44772, 816bbf34-6afd-44fd-92bd-1d04d1722d1f:192.168.5.153:42856], old=null
2019-09-04 10:34:29,388 [816bbf34-6afd-44fd-92bd-1d04d1722d1f:group-455E64EDF91B:LeaderElection83] INFO  impl.LeaderElection (LeaderElection.java:logAndReturn(56)) - 816bbf34-6afd-44fd-92bd-1d04d1722d1f:group-455E64EDF91B:LeaderElection83: Election REJECTED; received 1 response(s) [816bbf34-6afd-44fd-92bd-1d04d1722d1f<-8646ae31-6d34-4b89-af50-40707cdacd2f#0:FAIL-t2] and 1 exception(s); 816bbf34-6afd-44fd-92bd-1d04d1722d1f:t2, leader=null, voted=816bbf34-6afd-44fd-92bd-1d04d1722d1f, raftlog=816bbf34-6afd-44fd-92bd-1d04d1722d1f-SegmentedRaftLog:OPENED:c2,f2,i2, conf=0: [8646ae31-6d34-4b89-af50-40707cdacd2f:192.168.5.153:43140, d95ea795-5798-4f88-874d-85b779d77577:192.168.5.153:44772, 816bbf34-6afd-44fd-92bd-1d04d1722d1f:192.168.5.153:42856], old=null
2019-09-04 10:34:29,388 [8646ae31-6d34-4b89-af50-40707cdacd2f:group-455E64EDF91B:LeaderElection84] INFO  impl.LeaderElection (LogUtils.java:infoOrTrace(149)) -   Exception 0: {}
java.util.concurrent.ExecutionException: org.apache.ratis.thirdparty.io.grpc.StatusRuntimeException: UNAVAILABLE: io exception
	at java.util.concurrent.FutureTask.report(FutureTask.java:122)
	at java.util.concurrent.FutureTask.get(FutureTask.java:192)
	at org.apache.ratis.server.impl.LeaderElection.waitForResults(LeaderElection.java:262)
	at org.apache.ratis.server.impl.LeaderElection.askForVotes(LeaderElection.java:200)
	at org.apache.ratis.server.impl.LeaderElection.run(LeaderElection.java:130)
	at java.lang.Thread.run(Thread.java:748)
Caused by: org.apache.ratis.thirdparty.io.grpc.StatusRuntimeException: UNAVAILABLE: io exception
	at org.apache.ratis.thirdparty.io.grpc.stub.ClientCalls.toStatusRuntimeException(ClientCalls.java:233)
	at org.apache.ratis.thirdparty.io.grpc.stub.ClientCalls.getUnchecked(ClientCalls.java:214)
	at org.apache.ratis.thirdparty.io.grpc.stub.ClientCalls.blockingUnaryCall(ClientCalls.java:139)
	at org.apache.ratis.proto.grpc.RaftServerProtocolServiceGrpc$RaftServerProtocolServiceBlockingStub.requestVote(RaftServerProtocolServiceGrpc.java:265)
	at org.apache.ratis.grpc.server.GrpcServerProtocolClient.requestVote(GrpcServerProtocolClient.java:83)
	at org.apache.ratis.grpc.server.GrpcService.requestVote(GrpcService.java:195)
	at org.apache.ratis.server.impl.LeaderElection.lambda$submitRequests$1(LeaderElection.java:237)
	at java.util.concurrent.FutureTask.run(FutureTask.java:266)
	at java.util.concurrent.Executors$RunnableAdapter.call(Executors.java:511)
	at java.util.concurrent.FutureTask.run(FutureTask.java:266)
	at java.util.concurrent.ThreadPoolExecutor.runWorker(ThreadPoolExecutor.java:1149)
	at java.util.concurrent.ThreadPoolExecutor$Worker.run(ThreadPoolExecutor.java:624)
	... 1 more
Caused by: org.apache.ratis.thirdparty.io.netty.channel.AbstractChannel$AnnotatedConnectException: Connection refused: /192.168.5.153:44772
	at sun.nio.ch.SocketChannelImpl.checkConnect(Native Method)
	at sun.nio.ch.SocketChannelImpl.finishConnect(SocketChannelImpl.java:717)
	at org.apache.ratis.thirdparty.io.netty.channel.socket.nio.NioSocketChannel.doFinishConnect(NioSocketChannel.java:327)
	at org.apache.ratis.thirdparty.io.netty.channel.nio.AbstractNioChannel$AbstractNioUnsafe.finishConnect(AbstractNioChannel.java:340)
	at org.apache.ratis.thirdparty.io.netty.channel.nio.NioEventLoop.processSelectedKey(NioEventLoop.java:632)
	at org.apache.ratis.thirdparty.io.netty.channel.nio.NioEventLoop.processSelectedKeysOptimized(NioEventLoop.java:579)
	at org.apache.ratis.thirdparty.io.netty.channel.nio.NioEventLoop.processSelectedKeys(NioEventLoop.java:496)
	at org.apache.ratis.thirdparty.io.netty.channel.nio.NioEventLoop.run(NioEventLoop.java:458)
	at org.apache.ratis.thirdparty.io.netty.util.concurrent.SingleThreadEventExecutor$5.run(SingleThreadEventExecutor.java:897)
	at org.apache.ratis.thirdparty.io.netty.util.concurrent.FastThreadLocalRunnable.run(FastThreadLocalRunnable.java:30)
	... 1 more
Caused by: java.net.ConnectException: Connection refused
	... 11 more
2019-09-04 10:34:29,389 [816bbf34-6afd-44fd-92bd-1d04d1722d1f:group-455E64EDF91B:LeaderElection83] INFO  impl.LeaderElection (LogUtils.java:infoOrTrace(149)) -   Exception 0: {}
java.util.concurrent.ExecutionException: org.apache.ratis.thirdparty.io.grpc.StatusRuntimeException: UNAVAILABLE: io exception
	at java.util.concurrent.FutureTask.report(FutureTask.java:122)
	at java.util.concurrent.FutureTask.get(FutureTask.java:192)
	at org.apache.ratis.server.impl.LeaderElection.waitForResults(LeaderElection.java:262)
	at org.apache.ratis.server.impl.LeaderElection.askForVotes(LeaderElection.java:200)
	at org.apache.ratis.server.impl.LeaderElection.run(LeaderElection.java:130)
	at java.lang.Thread.run(Thread.java:748)
Caused by: org.apache.ratis.thirdparty.io.grpc.StatusRuntimeException: UNAVAILABLE: io exception
	at org.apache.ratis.thirdparty.io.grpc.stub.ClientCalls.toStatusRuntimeException(ClientCalls.java:233)
	at org.apache.ratis.thirdparty.io.grpc.stub.ClientCalls.getUnchecked(ClientCalls.java:214)
	at org.apache.ratis.thirdparty.io.grpc.stub.ClientCalls.blockingUnaryCall(ClientCalls.java:139)
	at org.apache.ratis.proto.grpc.RaftServerProtocolServiceGrpc$RaftServerProtocolServiceBlockingStub.requestVote(RaftServerProtocolServiceGrpc.java:265)
	at org.apache.ratis.grpc.server.GrpcServerProtocolClient.requestVote(GrpcServerProtocolClient.java:83)
	at org.apache.ratis.grpc.server.GrpcService.requestVote(GrpcService.java:195)
	at org.apache.ratis.server.impl.LeaderElection.lambda$submitRequests$1(LeaderElection.java:237)
	at java.util.concurrent.FutureTask.run(FutureTask.java:266)
	at java.util.concurrent.Executors$RunnableAdapter.call(Executors.java:511)
	at java.util.concurrent.FutureTask.run(FutureTask.java:266)
	at java.util.concurrent.ThreadPoolExecutor.runWorker(ThreadPoolExecutor.java:1149)
	at java.util.concurrent.ThreadPoolExecutor$Worker.run(ThreadPoolExecutor.java:624)
	... 1 more
Caused by: org.apache.ratis.thirdparty.io.netty.channel.AbstractChannel$AnnotatedConnectException: Connection refused: /192.168.5.153:44772
	at sun.nio.ch.SocketChannelImpl.checkConnect(Native Method)
	at sun.nio.ch.SocketChannelImpl.finishConnect(SocketChannelImpl.java:717)
	at org.apache.ratis.thirdparty.io.netty.channel.socket.nio.NioSocketChannel.doFinishConnect(NioSocketChannel.java:327)
	at org.apache.ratis.thirdparty.io.netty.channel.nio.AbstractNioChannel$AbstractNioUnsafe.finishConnect(AbstractNioChannel.java:340)
	at org.apache.ratis.thirdparty.io.netty.channel.nio.NioEventLoop.processSelectedKey(NioEventLoop.java:632)
	at org.apache.ratis.thirdparty.io.netty.channel.nio.NioEventLoop.processSelectedKeysOptimized(NioEventLoop.java:579)
	at org.apache.ratis.thirdparty.io.netty.channel.nio.NioEventLoop.processSelectedKeys(NioEventLoop.java:496)
	at org.apache.ratis.thirdparty.io.netty.channel.nio.NioEventLoop.run(NioEventLoop.java:458)
	at org.apache.ratis.thirdparty.io.netty.util.concurrent.SingleThreadEventExecutor$5.run(SingleThreadEventExecutor.java:897)
	at org.apache.ratis.thirdparty.io.netty.util.concurrent.FastThreadLocalRunnable.run(FastThreadLocalRunnable.java:30)
	... 1 more
Caused by: java.net.ConnectException: Connection refused
	... 11 more
2019-09-04 10:34:29,389 [8646ae31-6d34-4b89-af50-40707cdacd2f:group-455E64EDF91B:LeaderElection84] INFO  impl.RaftServerImpl (RaftServerImpl.java:setRole(171)) - 8646ae31-6d34-4b89-af50-40707cdacd2f:group-455E64EDF91B changes role from CANDIDATE to FOLLOWER at term 2 for DISCOVERED_A_NEW_TERM
2019-09-04 10:34:29,389 [816bbf34-6afd-44fd-92bd-1d04d1722d1f:group-455E64EDF91B:LeaderElection83] INFO  impl.RaftServerImpl (RaftServerImpl.java:setRole(171)) - 816bbf34-6afd-44fd-92bd-1d04d1722d1f:group-455E64EDF91B changes role from CANDIDATE to FOLLOWER at term 2 for DISCOVERED_A_NEW_TERM
2019-09-04 10:34:29,390 [8646ae31-6d34-4b89-af50-40707cdacd2f:group-455E64EDF91B:LeaderElection84] INFO  impl.RoleInfo (RoleInfo.java:shutdownLeaderElection(134)) - 8646ae31-6d34-4b89-af50-40707cdacd2f: shutdown LeaderElection
2019-09-04 10:34:29,390 [816bbf34-6afd-44fd-92bd-1d04d1722d1f:group-455E64EDF91B:LeaderElection83] INFO  impl.RoleInfo (RoleInfo.java:shutdownLeaderElection(134)) - 816bbf34-6afd-44fd-92bd-1d04d1722d1f: shutdown LeaderElection
2019-09-04 10:34:29,390 [8646ae31-6d34-4b89-af50-40707cdacd2f:group-455E64EDF91B:LeaderElection84] INFO  impl.RoleInfo (RoleInfo.java:updateAndGet(143)) - 8646ae31-6d34-4b89-af50-40707cdacd2f: start FollowerState
2019-09-04 10:34:29,390 [816bbf34-6afd-44fd-92bd-1d04d1722d1f:group-455E64EDF91B:LeaderElection83] INFO  impl.RoleInfo (RoleInfo.java:updateAndGet(143)) - 816bbf34-6afd-44fd-92bd-1d04d1722d1f: start FollowerState
2019-09-04 10:34:29,626 [grpc-default-executor-10] INFO  client.GrpcClientProtocolClient (GrpcClientProtocolClient.java:onNext(255)) - client-23D62EFE9189->816bbf34-6afd-44fd-92bd-1d04d1722d1f: receive RaftClientReply:client-23D62EFE9189->816bbf34-6afd-44fd-92bd-1d04d1722d1f@group-455E64EDF91B, cid=103, FAILED org.apache.ratis.protocol.NotLeaderException: Server 816bbf34-6afd-44fd-92bd-1d04d1722d1f is not the leader (null). Request must be sent to leader., logIndex=0, commits[816bbf34-6afd-44fd-92bd-1d04d1722d1f:c2, 8646ae31-6d34-4b89-af50-40707cdacd2f:c2, d95ea795-5798-4f88-874d-85b779d77577:c2]
2019-09-04 10:34:30,638 [grpc-default-executor-5] INFO  client.GrpcClientProtocolClient (GrpcClientProtocolClient.java:onNext(255)) - client-23D62EFE9189->8646ae31-6d34-4b89-af50-40707cdacd2f: receive RaftClientReply:client-23D62EFE9189->8646ae31-6d34-4b89-af50-40707cdacd2f@group-455E64EDF91B, cid=103, FAILED org.apache.ratis.protocol.NotLeaderException: Server 8646ae31-6d34-4b89-af50-40707cdacd2f is not the leader (null). Request must be sent to leader., logIndex=0, commits[8646ae31-6d34-4b89-af50-40707cdacd2f:c2, d95ea795-5798-4f88-874d-85b779d77577:c2, 816bbf34-6afd-44fd-92bd-1d04d1722d1f:c2]
]]></system-out>
    <system-err><![CDATA[Sep 04, 2019 10:34:08 AM org.apache.ratis.thirdparty.io.grpc.internal.ManagedChannelOrphanWrapper$ManagedChannelReference cleanQueue
SEVERE: *~*~*~ Channel ManagedChannelImpl{logId=1387, target=192.168.5.153:36628} was not shutdown properly!!! ~*~*~*
    Make sure to call shutdown()/shutdownNow() and wait until awaitTermination() returns true.
java.lang.RuntimeException: ManagedChannel allocation site
	at org.apache.ratis.thirdparty.io.grpc.internal.ManagedChannelOrphanWrapper$ManagedChannelReference.<init>(ManagedChannelOrphanWrapper.java:103)
	at org.apache.ratis.thirdparty.io.grpc.internal.ManagedChannelOrphanWrapper.<init>(ManagedChannelOrphanWrapper.java:53)
	at org.apache.ratis.thirdparty.io.grpc.internal.ManagedChannelOrphanWrapper.<init>(ManagedChannelOrphanWrapper.java:44)
	at org.apache.ratis.thirdparty.io.grpc.internal.AbstractManagedChannelImplBuilder.build(AbstractManagedChannelImplBuilder.java:411)
	at org.apache.ratis.grpc.client.GrpcClientProtocolClient.<init>(GrpcClientProtocolClient.java:119)
	at org.apache.ratis.grpc.client.GrpcClientRpc.lambda$new$0(GrpcClientRpc.java:55)
	at org.apache.ratis.util.PeerProxyMap$PeerAndProxy.lambda$getProxy$0(PeerProxyMap.java:61)
	at org.apache.ratis.util.LifeCycle.startAndTransition(LifeCycle.java:202)
	at org.apache.ratis.util.PeerProxyMap$PeerAndProxy.getProxy(PeerProxyMap.java:60)
	at org.apache.ratis.util.PeerProxyMap.getProxy(PeerProxyMap.java:107)
	at org.apache.ratis.grpc.client.GrpcClientRpc.sendRequestAsyncUnordered(GrpcClientRpc.java:78)
	at org.apache.ratis.client.impl.UnorderedAsync.sendRequestWithRetry(UnorderedAsync.java:75)
	at org.apache.ratis.client.impl.UnorderedAsync.lambda$null$2(UnorderedAsync.java:120)
	at org.apache.ratis.util.TimeoutScheduler.lambda$onTimeout$0(TimeoutScheduler.java:85)
	at org.apache.ratis.util.TimeoutScheduler.lambda$onTimeout$1(TimeoutScheduler.java:104)
	at org.apache.ratis.util.LogUtils.runAndLog(LogUtils.java:50)
	at org.apache.ratis.util.LogUtils$1.run(LogUtils.java:91)
	at java.util.concurrent.Executors$RunnableAdapter.call(Executors.java:511)
	at java.util.concurrent.FutureTask.run(FutureTask.java:266)
	at java.util.concurrent.ScheduledThreadPoolExecutor$ScheduledFutureTask.access$201(ScheduledThreadPoolExecutor.java:180)
	at java.util.concurrent.ScheduledThreadPoolExecutor$ScheduledFutureTask.run(ScheduledThreadPoolExecutor.java:293)
	at java.util.concurrent.ThreadPoolExecutor.runWorker(ThreadPoolExecutor.java:1149)
	at java.util.concurrent.ThreadPoolExecutor$Worker.run(ThreadPoolExecutor.java:624)
	at java.lang.Thread.run(Thread.java:748)

Sep 04, 2019 10:34:08 AM org.apache.ratis.thirdparty.io.grpc.internal.ManagedChannelOrphanWrapper$ManagedChannelReference cleanQueue
SEVERE: *~*~*~ Channel ManagedChannelImpl{logId=1767, target=192.168.5.153:36921} was not shutdown properly!!! ~*~*~*
    Make sure to call shutdown()/shutdownNow() and wait until awaitTermination() returns true.
java.lang.RuntimeException: ManagedChannel allocation site
	at org.apache.ratis.thirdparty.io.grpc.internal.ManagedChannelOrphanWrapper$ManagedChannelReference.<init>(ManagedChannelOrphanWrapper.java:103)
	at org.apache.ratis.thirdparty.io.grpc.internal.ManagedChannelOrphanWrapper.<init>(ManagedChannelOrphanWrapper.java:53)
	at org.apache.ratis.thirdparty.io.grpc.internal.ManagedChannelOrphanWrapper.<init>(ManagedChannelOrphanWrapper.java:44)
	at org.apache.ratis.thirdparty.io.grpc.internal.AbstractManagedChannelImplBuilder.build(AbstractManagedChannelImplBuilder.java:411)
	at org.apache.ratis.grpc.client.GrpcClientProtocolClient.<init>(GrpcClientProtocolClient.java:119)
	at org.apache.ratis.grpc.client.GrpcClientRpc.lambda$new$0(GrpcClientRpc.java:55)
	at org.apache.ratis.util.PeerProxyMap$PeerAndProxy.lambda$getProxy$0(PeerProxyMap.java:61)
	at org.apache.ratis.util.LifeCycle.startAndTransition(LifeCycle.java:202)
	at org.apache.ratis.util.PeerProxyMap$PeerAndProxy.getProxy(PeerProxyMap.java:60)
	at org.apache.ratis.util.PeerProxyMap.getProxy(PeerProxyMap.java:107)
	at org.apache.ratis.grpc.client.GrpcClientRpc.sendRequestAsyncUnordered(GrpcClientRpc.java:78)
	at org.apache.ratis.client.impl.UnorderedAsync.sendRequestWithRetry(UnorderedAsync.java:75)
	at org.apache.ratis.client.impl.UnorderedAsync.lambda$null$2(UnorderedAsync.java:120)
	at org.apache.ratis.util.TimeoutScheduler.lambda$onTimeout$0(TimeoutScheduler.java:85)
	at org.apache.ratis.util.TimeoutScheduler.lambda$onTimeout$1(TimeoutScheduler.java:104)
	at org.apache.ratis.util.LogUtils.runAndLog(LogUtils.java:50)
	at org.apache.ratis.util.LogUtils$1.run(LogUtils.java:91)
	at java.util.concurrent.Executors$RunnableAdapter.call(Executors.java:511)
	at java.util.concurrent.FutureTask.run(FutureTask.java:266)
	at java.util.concurrent.ScheduledThreadPoolExecutor$ScheduledFutureTask.access$201(ScheduledThreadPoolExecutor.java:180)
	at java.util.concurrent.ScheduledThreadPoolExecutor$ScheduledFutureTask.run(ScheduledThreadPoolExecutor.java:293)
	at java.util.concurrent.ThreadPoolExecutor.runWorker(ThreadPoolExecutor.java:1149)
	at java.util.concurrent.ThreadPoolExecutor$Worker.run(ThreadPoolExecutor.java:624)
	at java.lang.Thread.run(Thread.java:748)

Sep 04, 2019 10:34:08 AM org.apache.ratis.thirdparty.io.grpc.internal.ManagedChannelOrphanWrapper$ManagedChannelReference cleanQueue
SEVERE: *~*~*~ Channel ManagedChannelImpl{logId=1935, target=192.168.5.153:37465} was not shutdown properly!!! ~*~*~*
    Make sure to call shutdown()/shutdownNow() and wait until awaitTermination() returns true.
java.lang.RuntimeException: ManagedChannel allocation site
	at org.apache.ratis.thirdparty.io.grpc.internal.ManagedChannelOrphanWrapper$ManagedChannelReference.<init>(ManagedChannelOrphanWrapper.java:103)
	at org.apache.ratis.thirdparty.io.grpc.internal.ManagedChannelOrphanWrapper.<init>(ManagedChannelOrphanWrapper.java:53)
	at org.apache.ratis.thirdparty.io.grpc.internal.ManagedChannelOrphanWrapper.<init>(ManagedChannelOrphanWrapper.java:44)
	at org.apache.ratis.thirdparty.io.grpc.internal.AbstractManagedChannelImplBuilder.build(AbstractManagedChannelImplBuilder.java:411)
	at org.apache.ratis.grpc.client.GrpcClientProtocolClient.<init>(GrpcClientProtocolClient.java:119)
	at org.apache.ratis.grpc.client.GrpcClientRpc.lambda$new$0(GrpcClientRpc.java:55)
	at org.apache.ratis.util.PeerProxyMap$PeerAndProxy.lambda$getProxy$0(PeerProxyMap.java:61)
	at org.apache.ratis.util.LifeCycle.startAndTransition(LifeCycle.java:202)
	at org.apache.ratis.util.PeerProxyMap$PeerAndProxy.getProxy(PeerProxyMap.java:60)
	at org.apache.ratis.util.PeerProxyMap.getProxy(PeerProxyMap.java:107)
	at org.apache.ratis.grpc.client.GrpcClientRpc.sendRequestAsync(GrpcClientRpc.java:66)
	at org.apache.ratis.client.impl.OrderedAsync.sendRequest(OrderedAsync.java:208)
	at org.apache.ratis.client.impl.OrderedAsync.sendRequestWithRetry(OrderedAsync.java:169)
	at org.apache.ratis.util.SlidingWindow$Client.sendOrDelayRequest(SlidingWindow.java:278)
	at org.apache.ratis.util.SlidingWindow$Client.retry(SlidingWindow.java:294)
	at org.apache.ratis.client.impl.OrderedAsync.lambda$scheduleWithTimeout$7(OrderedAsync.java:195)
	at org.apache.ratis.util.TimeoutScheduler.lambda$onTimeout$0(TimeoutScheduler.java:85)
	at org.apache.ratis.util.TimeoutScheduler.lambda$onTimeout$1(TimeoutScheduler.java:104)
	at org.apache.ratis.util.LogUtils.runAndLog(LogUtils.java:50)
	at org.apache.ratis.util.LogUtils$1.run(LogUtils.java:91)
	at java.util.concurrent.Executors$RunnableAdapter.call(Executors.java:511)
	at java.util.concurrent.FutureTask.run(FutureTask.java:266)
	at java.util.concurrent.ScheduledThreadPoolExecutor$ScheduledFutureTask.access$201(ScheduledThreadPoolExecutor.java:180)
	at java.util.concurrent.ScheduledThreadPoolExecutor$ScheduledFutureTask.run(ScheduledThreadPoolExecutor.java:293)
	at java.util.concurrent.ThreadPoolExecutor.runWorker(ThreadPoolExecutor.java:1149)
	at java.util.concurrent.ThreadPoolExecutor$Worker.run(ThreadPoolExecutor.java:624)
	at java.lang.Thread.run(Thread.java:748)

]]></system-err>
  </testcase>
</testsuite>