<?xml version="1.0" encoding="UTF-8"?>
<testsuite xmlns:xsi="http://www.w3.org/2001/XMLSchema-instance" xsi:noNamespaceSchemaLocation="https://maven.apache.org/surefire/maven-surefire-plugin/xsd/surefire-test-report.xsd" name="org.apache.hadoop.ozone.client.rpc.TestBlockOutputStreamWithFailures" time="742.285" tests="8" errors="0" skipped="0" failures="1">
  <properties>
    <property name="awt.toolkit" value="sun.awt.X11.XToolkit"/>
    <property name="file.encoding.pkg" value="sun.io"/>
    <property name="java.specification.version" value="1.8"/>
    <property name="sun.cpu.isalist" value=""/>
    <property name="sun.jnu.encoding" value="UTF-8"/>
    <property name="java.class.path" value="/workdir/hadoop-ozone/integration-test/target/test-classes:/workdir/hadoop-ozone/integration-test/target/classes:/home/user/.m2/repository/org/apache/hadoop/hadoop-ozone-common/0.5.0-SNAPSHOT/hadoop-ozone-common-0.5.0-SNAPSHOT.jar:/home/user/.m2/repository/org/apache/commons/commons-compress/1.4.1/commons-compress-1.4.1.jar:/home/user/.m2/repository/org/tukaani/xz/1.0/xz-1.0.jar:/home/user/.m2/repository/org/apache/hadoop/hadoop-common/3.2.0/hadoop-common-3.2.0.jar:/home/user/.m2/repository/org/apache/hadoop/hadoop-hdfs/3.2.0/hadoop-hdfs-3.2.0.jar:/home/user/.m2/repository/org/apache/hadoop/hadoop-hdfs-client/3.2.0/hadoop-hdfs-client-3.2.0.jar:/home/user/.m2/repository/com/fasterxml/jackson/core/jackson-annotations/2.9.5/jackson-annotations-2.9.5.jar:/home/user/.m2/repository/org/apache/hadoop/hadoop-hdds-common/0.5.0-SNAPSHOT/hadoop-hdds-common-0.5.0-SNAPSHOT.jar:/home/user/.m2/repository/javax/annotation/javax.annotation-api/1.2/javax.annotation-api-1.2.jar:/home/user/.m2/repository/org/apache/ratis/ratis-server/0.4.0-2337318-SNAPSHOT/ratis-server-0.4.0-2337318-SNAPSHOT.jar:/home/user/.m2/repository/org/apache/ratis/ratis-thirdparty-misc/0.2.0/ratis-thirdparty-misc-0.2.0.jar:/home/user/.m2/repository/org/apache/ratis/ratis-proto/0.4.0-2337318-SNAPSHOT/ratis-proto-0.4.0-2337318-SNAPSHOT.jar:/home/user/.m2/repository/org/apache/ratis/ratis-common/0.4.0-2337318-SNAPSHOT/ratis-common-0.4.0-2337318-SNAPSHOT.jar:/home/user/.m2/repository/org/apache/ratis/ratis-client/0.4.0-2337318-SNAPSHOT/ratis-client-0.4.0-2337318-SNAPSHOT.jar:/home/user/.m2/repository/org/apache/ratis/ratis-metrics/0.4.0-2337318-SNAPSHOT/ratis-metrics-0.4.0-2337318-SNAPSHOT.jar:/home/user/.m2/repository/org/apache/ratis/ratis-netty/0.4.0-2337318-SNAPSHOT/ratis-netty-0.4.0-2337318-SNAPSHOT.jar:/home/user/.m2/repository/org/apache/ratis/ratis-grpc/0.4.0-2337318-SNAPSHOT/ratis-grpc-0.4.0-2337318-SNAPSHOT.jar:/home/user/.m2/repository/org/rocksdb/rocksdbjni/6.0.1/rocksdbjni-6.0.1.jar:/home/user/.m2/repository/org/apache/logging/log4j/log4j-api/2.11.0/log4j-api-2.11.0.jar:/home/user/.m2/repository/org/apache/logging/log4j/log4j-core/2.11.0/log4j-core-2.11.0.jar:/home/user/.m2/repository/com/lmax/disruptor/3.4.2/disruptor-3.4.2.jar:/home/user/.m2/repository/org/apache/commons/commons-pool2/2.6.0/commons-pool2-2.6.0.jar:/home/user/.m2/repository/org/bouncycastle/bcpkix-jdk15on/1.60/bcpkix-jdk15on-1.60.jar:/home/user/.m2/repository/commons-validator/commons-validator/1.6/commons-validator-1.6.jar:/home/user/.m2/repository/commons-digester/commons-digester/1.8.1/commons-digester-1.8.1.jar:/home/user/.m2/repository/io/jaegertracing/jaeger-client/0.33.1/jaeger-client-0.33.1.jar:/home/user/.m2/repository/io/jaegertracing/jaeger-thrift/0.33.1/jaeger-thrift-0.33.1.jar:/home/user/.m2/repository/org/apache/thrift/libthrift/0.11.0/libthrift-0.11.0.jar:/home/user/.m2/repository/com/squareup/okhttp3/okhttp/3.9.0/okhttp-3.9.0.jar:/home/user/.m2/repository/com/squareup/okio/okio/1.13.0/okio-1.13.0.jar:/home/user/.m2/repository/io/jaegertracing/jaeger-core/0.33.1/jaeger-core-0.33.1.jar:/home/user/.m2/repository/io/jaegertracing/jaeger-tracerresolver/0.33.1/jaeger-tracerresolver-0.33.1.jar:/home/user/.m2/repository/io/opentracing/contrib/opentracing-tracerresolver/0.1.5/opentracing-tracerresolver-0.1.5.jar:/home/user/.m2/repository/io/opentracing/opentracing-util/0.31.0/opentracing-util-0.31.0.jar:/home/user/.m2/repository/io/opentracing/opentracing-api/0.31.0/opentracing-api-0.31.0.jar:/home/user/.m2/repository/io/opentracing/opentracing-noop/0.31.0/opentracing-noop-0.31.0.jar:/home/user/.m2/repository/org/apache/hadoop/hadoop-hdds-server-framework/0.5.0-SNAPSHOT/hadoop-hdds-server-framework-0.5.0-SNAPSHOT.jar:/home/user/.m2/repository/org/apache/hadoop/hadoop-hdds-container-service/0.5.0-SNAPSHOT/hadoop-hdds-container-service-0.5.0-SNAPSHOT.jar:/home/user/.m2/repository/org/apache/hadoop/hadoop-hdds-client/0.5.0-SNAPSHOT/hadoop-hdds-client-0.5.0-SNAPSHOT.jar:/home/user/.m2/repository/org/apache/hadoop/hadoop-hdds-tools/0.5.0-SNAPSHOT/hadoop-hdds-tools-0.5.0-SNAPSHOT.jar:/home/user/.m2/repository/org/apache/hadoop/hadoop-hdds-server-scm/0.5.0-SNAPSHOT/hadoop-hdds-server-scm-0.5.0-SNAPSHOT.jar:/home/user/.m2/repository/org/apache/hadoop/hadoop-hdds-docs/0.5.0-SNAPSHOT/hadoop-hdds-docs-0.5.0-SNAPSHOT.jar:/home/user/.m2/repository/io/dropwizard/metrics/metrics-core/3.2.4/metrics-core-3.2.4.jar:/home/user/.m2/repository/org/hamcrest/hamcrest-all/1.3/hamcrest-all-1.3.jar:/home/user/.m2/repository/org/bouncycastle/bcprov-jdk15on/1.60/bcprov-jdk15on-1.60.jar:/home/user/.m2/repository/info/picocli/picocli/3.9.6/picocli-3.9.6.jar:/home/user/.m2/repository/com/google/protobuf/protobuf-java/2.5.0/protobuf-java-2.5.0.jar:/home/user/.m2/repository/com/google/guava/guava/11.0.2/guava-11.0.2.jar:/home/user/.m2/repository/org/apache/hadoop/hadoop-ozone-ozone-manager/0.5.0-SNAPSHOT/hadoop-ozone-ozone-manager-0.5.0-SNAPSHOT.jar:/home/user/.m2/repository/org/apache/hadoop/hadoop-minikdc/3.2.0/hadoop-minikdc-3.2.0.jar:/home/user/.m2/repository/commons-io/commons-io/2.5/commons-io-2.5.jar:/home/user/.m2/repository/org/apache/kerby/kerb-simplekdc/1.0.1/kerb-simplekdc-1.0.1.jar:/home/user/.m2/repository/org/apache/kerby/kerb-client/1.0.1/kerb-client-1.0.1.jar:/home/user/.m2/repository/org/apache/kerby/kerby-config/1.0.1/kerby-config-1.0.1.jar:/home/user/.m2/repository/org/apache/kerby/kerb-core/1.0.1/kerb-core-1.0.1.jar:/home/user/.m2/repository/org/apache/kerby/kerby-pkix/1.0.1/kerby-pkix-1.0.1.jar:/home/user/.m2/repository/org/apache/kerby/kerby-asn1/1.0.1/kerby-asn1-1.0.1.jar:/home/user/.m2/repository/org/apache/kerby/kerby-util/1.0.1/kerby-util-1.0.1.jar:/home/user/.m2/repository/org/apache/kerby/kerb-common/1.0.1/kerb-common-1.0.1.jar:/home/user/.m2/repository/org/apache/kerby/kerb-crypto/1.0.1/kerb-crypto-1.0.1.jar:/home/user/.m2/repository/org/apache/kerby/kerb-util/1.0.1/kerb-util-1.0.1.jar:/home/user/.m2/repository/org/apache/kerby/token-provider/1.0.1/token-provider-1.0.1.jar:/home/user/.m2/repository/org/apache/kerby/kerb-admin/1.0.1/kerb-admin-1.0.1.jar:/home/user/.m2/repository/org/apache/kerby/kerb-server/1.0.1/kerb-server-1.0.1.jar:/home/user/.m2/repository/org/apache/kerby/kerb-identity/1.0.1/kerb-identity-1.0.1.jar:/home/user/.m2/repository/org/apache/kerby/kerby-xdr/1.0.1/kerby-xdr-1.0.1.jar:/home/user/.m2/repository/org/slf4j/slf4j-log4j12/1.7.25/slf4j-log4j12-1.7.25.jar:/home/user/.m2/repository/org/apache/hadoop/hadoop-ozone-s3gateway/0.5.0-SNAPSHOT/hadoop-ozone-s3gateway-0.5.0-SNAPSHOT.jar:/home/user/.m2/repository/org/jboss/weld/servlet/weld-servlet/2.4.7.Final/weld-servlet-2.4.7.Final.jar:/home/user/.m2/repository/org/glassfish/jersey/containers/jersey-container-servlet-core/2.27/jersey-container-servlet-core-2.27.jar:/home/user/.m2/repository/org/glassfish/hk2/external/javax.inject/2.5.0-b42/javax.inject-2.5.0-b42.jar:/home/user/.m2/repository/org/glassfish/jersey/core/jersey-common/2.27/jersey-common-2.27.jar:/home/user/.m2/repository/org/glassfish/hk2/osgi-resource-locator/1.0.1/osgi-resource-locator-1.0.1.jar:/home/user/.m2/repository/javax/ws/rs/javax.ws.rs-api/2.1/javax.ws.rs-api-2.1.jar:/home/user/.m2/repository/org/glassfish/jersey/ext/cdi/jersey-cdi1x/2.27/jersey-cdi1x-2.27.jar:/home/user/.m2/repository/org/glassfish/jersey/inject/jersey-hk2/2.27/jersey-hk2-2.27.jar:/home/user/.m2/repository/org/glassfish/hk2/hk2-locator/2.5.0-b42/hk2-locator-2.5.0-b42.jar:/home/user/.m2/repository/org/javassist/javassist/3.22.0-CR2/javassist-3.22.0-CR2.jar:/home/user/.m2/repository/org/glassfish/hk2/hk2-api/2.5.0/hk2-api-2.5.0.jar:/home/user/.m2/repository/org/glassfish/hk2/external/jakarta.inject/2.5.0/jakarta.inject-2.5.0.jar:/home/user/.m2/repository/org/glassfish/hk2/hk2-utils/2.5.0/hk2-utils-2.5.0.jar:/home/user/.m2/repository/jakarta/annotation/jakarta.annotation-api/1.3.4/jakarta.annotation-api-1.3.4.jar:/home/user/.m2/repository/org/glassfish/hk2/external/aopalliance-repackaged/2.5.0/aopalliance-repackaged-2.5.0.jar:/home/user/.m2/repository/com/fasterxml/jackson/dataformat/jackson-dataformat-xml/2.9.0/jackson-dataformat-xml-2.9.0.jar:/home/user/.m2/repository/com/fasterxml/jackson/core/jackson-core/2.9.5/jackson-core-2.9.5.jar:/home/user/.m2/repository/com/fasterxml/jackson/module/jackson-module-jaxb-annotations/2.9.5/jackson-module-jaxb-annotations-2.9.5.jar:/home/user/.m2/repository/javax/enterprise/cdi-api/1.2/cdi-api-1.2.jar:/home/user/.m2/repository/javax/el/javax.el-api/3.0.0/javax.el-api-3.0.0.jar:/home/user/.m2/repository/javax/interceptor/javax.interceptor-api/1.2/javax.interceptor-api-1.2.jar:/home/user/.m2/repository/javax/inject/javax.inject/1/javax.inject-1.jar:/home/user/.m2/repository/com/sun/xml/bind/jaxb-impl/2.3.0.1/jaxb-impl-2.3.0.1.jar:/home/user/.m2/repository/com/sun/xml/bind/jaxb-core/2.3.0.1/jaxb-core-2.3.0.1.jar:/home/user/.m2/repository/javax/xml/bind/jaxb-api/2.3.0/jaxb-api-2.3.0.jar:/home/user/.m2/repository/javax/activation/activation/1.1.1/activation-1.1.1.jar:/home/user/.m2/repository/org/apache/hadoop/hadoop-ozone-csi/0.5.0-SNAPSHOT/hadoop-ozone-csi-0.5.0-SNAPSHOT.jar:/home/user/.m2/repository/com/google/protobuf/protobuf-java-util/3.5.1/protobuf-java-util-3.5.1.jar:/home/user/.m2/repository/org/apache/hadoop/hadoop-hdds-config/0.5.0-SNAPSHOT/hadoop-hdds-config-0.5.0-SNAPSHOT.jar:/home/user/.m2/repository/io/grpc/grpc-netty/1.17.1/grpc-netty-1.17.1.jar:/home/user/.m2/repository/io/grpc/grpc-core/1.17.1/grpc-core-1.17.1.jar:/home/user/.m2/repository/io/grpc/grpc-context/1.17.1/grpc-context-1.17.1.jar:/home/user/.m2/repository/com/google/errorprone/error_prone_annotations/2.2.0/error_prone_annotations-2.2.0.jar:/home/user/.m2/repository/org/codehaus/mojo/animal-sniffer-annotations/1.17/animal-sniffer-annotations-1.17.jar:/home/user/.m2/repository/io/opencensus/opencensus-api/0.17.0/opencensus-api-0.17.0.jar:/home/user/.m2/repository/io/opencensus/opencensus-contrib-grpc-metrics/0.17.0/opencensus-contrib-grpc-metrics-0.17.0.jar:/home/user/.m2/repository/io/netty/netty-codec-http2/4.1.30.Final/netty-codec-http2-4.1.30.Final.jar:/home/user/.m2/repository/io/netty/netty-codec-http/4.1.30.Final/netty-codec-http-4.1.30.Final.jar:/home/user/.m2/repository/io/netty/netty-codec/4.1.30.Final/netty-codec-4.1.30.Final.jar:/home/user/.m2/repository/io/netty/netty-handler/4.1.30.Final/netty-handler-4.1.30.Final.jar:/home/user/.m2/repository/io/netty/netty-handler-proxy/4.1.30.Final/netty-handler-proxy-4.1.30.Final.jar:/home/user/.m2/repository/io/netty/netty-codec-socks/4.1.30.Final/netty-codec-socks-4.1.30.Final.jar:/home/user/.m2/repository/io/netty/netty-transport-native-epoll/4.1.30.Final/netty-transport-native-epoll-4.1.30.Final.jar:/home/user/.m2/repository/io/netty/netty-common/4.1.30.Final/netty-common-4.1.30.Final.jar:/home/user/.m2/repository/io/netty/netty-buffer/4.1.30.Final/netty-buffer-4.1.30.Final.jar:/home/user/.m2/repository/io/netty/netty-transport/4.1.30.Final/netty-transport-4.1.30.Final.jar:/home/user/.m2/repository/io/netty/netty-resolver/4.1.30.Final/netty-resolver-4.1.30.Final.jar:/home/user/.m2/repository/io/netty/netty-transport-native-unix-common/4.1.30.Final/netty-transport-native-unix-common-4.1.30.Final.jar:/home/user/.m2/repository/io/grpc/grpc-protobuf/1.17.1/grpc-protobuf-1.17.1.jar:/home/user/.m2/repository/com/google/api/grpc/proto-google-common-protos/1.0.0/proto-google-common-protos-1.0.0.jar:/home/user/.m2/repository/io/grpc/grpc-protobuf-lite/1.17.1/grpc-protobuf-lite-1.17.1.jar:/home/user/.m2/repository/io/grpc/grpc-stub/1.17.1/grpc-stub-1.17.1.jar:/home/user/.m2/repository/org/apache/hadoop/hadoop-ozone-recon/0.5.0-SNAPSHOT/hadoop-ozone-recon-0.5.0-SNAPSHOT.jar:/home/user/.m2/repository/org/apache/hadoop/hadoop-ozone-reconcodegen/0.5.0-SNAPSHOT/hadoop-ozone-reconcodegen-0.5.0-SNAPSHOT.jar:/home/user/.m2/repository/com/google/inject/extensions/guice-multibindings/4.0/guice-multibindings-4.0.jar:/home/user/.m2/repository/com/google/inject/guice/4.0/guice-4.0.jar:/home/user/.m2/repository/aopalliance/aopalliance/1.0/aopalliance-1.0.jar:/home/user/.m2/repository/com/google/inject/extensions/guice-servlet/4.0/guice-servlet-4.0.jar:/home/user/.m2/repository/org/glassfish/jersey/containers/jersey-container-servlet/2.27/jersey-container-servlet-2.27.jar:/home/user/.m2/repository/org/glassfish/hk2/guice-bridge/2.5.0/guice-bridge-2.5.0.jar:/home/user/.m2/repository/org/glassfish/jersey/core/jersey-server/2.27/jersey-server-2.27.jar:/home/user/.m2/repository/org/glassfish/jersey/core/jersey-client/2.27/jersey-client-2.27.jar:/home/user/.m2/repository/org/glassfish/jersey/media/jersey-media-jaxb/2.27/jersey-media-jaxb-2.27.jar:/home/user/.m2/repository/javax/validation/validation-api/1.1.0.Final/validation-api-1.1.0.Final.jar:/home/user/.m2/repository/org/glassfish/jersey/media/jersey-media-json-jackson/2.27/jersey-media-json-jackson-2.27.jar:/home/user/.m2/repository/org/glassfish/jersey/ext/jersey-entity-filtering/2.27/jersey-entity-filtering-2.27.jar:/home/user/.m2/repository/com/google/inject/extensions/guice-assistedinject/4.0/guice-assistedinject-4.0.jar:/home/user/.m2/repository/org/jooq/jooq/3.11.10/jooq-3.11.10.jar:/home/user/.m2/repository/org/jooq/jooq-meta/3.11.10/jooq-meta-3.11.10.jar:/home/user/.m2/repository/org/jooq/jooq-codegen/3.11.10/jooq-codegen-3.11.10.jar:/home/user/.m2/repository/com/jolbox/bonecp/0.8.0.RELEASE/bonecp-0.8.0.RELEASE.jar:/home/user/.m2/repository/org/xerial/sqlite-jdbc/3.25.2/sqlite-jdbc-3.25.2.jar:/home/user/.m2/repository/org/springframework/spring-jdbc/5.1.3.RELEASE/spring-jdbc-5.1.3.RELEASE.jar:/home/user/.m2/repository/org/springframework/spring-beans/5.1.3.RELEASE/spring-beans-5.1.3.RELEASE.jar:/home/user/.m2/repository/org/springframework/spring-core/5.1.3.RELEASE/spring-core-5.1.3.RELEASE.jar:/home/user/.m2/repository/org/springframework/spring-jcl/5.1.3.RELEASE/spring-jcl-5.1.3.RELEASE.jar:/home/user/.m2/repository/org/springframework/spring-tx/5.1.3.RELEASE/spring-tx-5.1.3.RELEASE.jar:/home/user/.m2/repository/org/apache/hadoop/hadoop-ozone-client/0.5.0-SNAPSHOT/hadoop-ozone-client-0.5.0-SNAPSHOT.jar:/home/user/.m2/repository/commons-lang/commons-lang/2.6/commons-lang-2.6.jar:/home/user/.m2/repository/org/apache/hadoop/hadoop-ozone-ozone-manager/0.5.0-SNAPSHOT/hadoop-ozone-ozone-manager-0.5.0-SNAPSHOT-tests.jar:/home/user/.m2/repository/junit/junit/4.11/junit-4.11.jar:/home/user/.m2/repository/org/hamcrest/hamcrest-core/1.3/hamcrest-core-1.3.jar:/home/user/.m2/repository/org/openjdk/jmh/jmh-core/1.19/jmh-core-1.19.jar:/home/user/.m2/repository/net/sf/jopt-simple/jopt-simple/4.6/jopt-simple-4.6.jar:/home/user/.m2/repository/org/apache/commons/commons-math3/3.1.1/commons-math3-3.1.1.jar:/home/user/.m2/repository/org/openjdk/jmh/jmh-generator-annprocess/1.19/jmh-generator-annprocess-1.19.jar:/home/user/.m2/repository/org/mockito/mockito-all/1.8.5/mockito-all-1.8.5.jar:/home/user/.m2/repository/org/apache/hadoop/hadoop-kms/3.2.0/hadoop-kms-3.2.0.jar:/home/user/.m2/repository/org/apache/hadoop/hadoop-auth/3.2.0/hadoop-auth-3.2.0.jar:/home/user/.m2/repository/com/nimbusds/nimbus-jose-jwt/4.41.1/nimbus-jose-jwt-4.41.1.jar:/home/user/.m2/repository/com/github/stephenc/jcip/jcip-annotations/1.0-1/jcip-annotations-1.0-1.jar:/home/user/.m2/repository/net/minidev/json-smart/2.3/json-smart-2.3.jar:/home/user/.m2/repository/net/minidev/accessors-smart/1.2/accessors-smart-1.2.jar:/home/user/.m2/repository/org/ow2/asm/asm/5.0.4/asm-5.0.4.jar:/home/user/.m2/repository/org/apache/curator/curator-framework/2.12.0/curator-framework-2.12.0.jar:/home/user/.m2/repository/com/sun/jersey/jersey-core/1.19/jersey-core-1.19.jar:/home/user/.m2/repository/javax/ws/rs/jsr311-api/1.1.1/jsr311-api-1.1.1.jar:/home/user/.m2/repository/com/sun/jersey/jersey-server/1.19/jersey-server-1.19.jar:/home/user/.m2/repository/javax/servlet/javax.servlet-api/3.1.0/javax.servlet-api-3.1.0.jar:/home/user/.m2/repository/org/eclipse/jetty/jetty-server/9.3.24.v20180605/jetty-server-9.3.24.v20180605.jar:/home/user/.m2/repository/org/eclipse/jetty/jetty-http/9.3.24.v20180605/jetty-http-9.3.24.v20180605.jar:/home/user/.m2/repository/org/eclipse/jetty/jetty-io/9.3.24.v20180605/jetty-io-9.3.24.v20180605.jar:/home/user/.m2/repository/org/eclipse/jetty/jetty-webapp/9.3.24.v20180605/jetty-webapp-9.3.24.v20180605.jar:/home/user/.m2/repository/org/eclipse/jetty/jetty-xml/9.3.24.v20180605/jetty-xml-9.3.24.v20180605.jar:/home/user/.m2/repository/log4j/log4j/1.2.17/log4j-1.2.17.jar:/home/user/.m2/repository/org/slf4j/slf4j-api/1.7.25/slf4j-api-1.7.25.jar:/home/user/.m2/repository/org/slf4j/jul-to-slf4j/1.7.25/jul-to-slf4j-1.7.25.jar:/home/user/.m2/repository/org/eclipse/jetty/jetty-util/9.3.24.v20180605/jetty-util-9.3.24.v20180605.jar:/home/user/.m2/repository/com/fasterxml/jackson/core/jackson-databind/2.9.5/jackson-databind-2.9.5.jar:/home/user/.m2/repository/org/apache/hadoop/hadoop-kms/3.2.0/hadoop-kms-3.2.0-tests.jar:/home/user/.m2/repository/org/apache/hadoop/hadoop-hdds-server-scm/0.5.0-SNAPSHOT/hadoop-hdds-server-scm-0.5.0-SNAPSHOT-tests.jar:/home/user/.m2/repository/org/apache/hadoop/hadoop-hdds-container-service/0.5.0-SNAPSHOT/hadoop-hdds-container-service-0.5.0-SNAPSHOT-tests.jar:/home/user/.m2/repository/org/yaml/snakeyaml/1.16/snakeyaml-1.16.jar:/home/user/.m2/repository/org/apache/hadoop/hadoop-common/3.2.0/hadoop-common-3.2.0-tests.jar:/home/user/.m2/repository/org/apache/hadoop/hadoop-annotations/3.2.0/hadoop-annotations-3.2.0.jar:/usr/lib/jvm/java-1.8-openjdk/jre/../lib/tools.jar:/home/user/.m2/repository/commons-cli/commons-cli/1.2/commons-cli-1.2.jar:/home/user/.m2/repository/org/apache/httpcomponents/httpclient/4.5.2/httpclient-4.5.2.jar:/home/user/.m2/repository/org/apache/httpcomponents/httpcore/4.4.4/httpcore-4.4.4.jar:/home/user/.m2/repository/commons-codec/commons-codec/1.11/commons-codec-1.11.jar:/home/user/.m2/repository/commons-net/commons-net/3.6/commons-net-3.6.jar:/home/user/.m2/repository/commons-collections/commons-collections/3.2.2/commons-collections-3.2.2.jar:/home/user/.m2/repository/org/eclipse/jetty/jetty-servlet/9.3.24.v20180605/jetty-servlet-9.3.24.v20180605.jar:/home/user/.m2/repository/org/eclipse/jetty/jetty-security/9.3.24.v20180605/jetty-security-9.3.24.v20180605.jar:/home/user/.m2/repository/javax/servlet/jsp/jsp-api/2.1/jsp-api-2.1.jar:/home/user/.m2/repository/com/sun/jersey/jersey-servlet/1.19/jersey-servlet-1.19.jar:/home/user/.m2/repository/com/sun/jersey/jersey-json/1.19/jersey-json-1.19.jar:/home/user/.m2/repository/org/codehaus/jettison/jettison/1.1/jettison-1.1.jar:/home/user/.m2/repository/org/codehaus/jackson/jackson-core-asl/1.9.13/jackson-core-asl-1.9.13.jar:/home/user/.m2/repository/org/codehaus/jackson/jackson-mapper-asl/1.9.13/jackson-mapper-asl-1.9.13.jar:/home/user/.m2/repository/org/codehaus/jackson/jackson-jaxrs/1.9.13/jackson-jaxrs-1.9.13.jar:/home/user/.m2/repository/org/codehaus/jackson/jackson-xc/1.9.13/jackson-xc-1.9.13.jar:/home/user/.m2/repository/commons-logging/commons-logging/1.1.3/commons-logging-1.1.3.jar:/home/user/.m2/repository/commons-beanutils/commons-beanutils/1.9.3/commons-beanutils-1.9.3.jar:/home/user/.m2/repository/org/apache/commons/commons-configuration2/2.1.1/commons-configuration2-2.1.1.jar:/home/user/.m2/repository/org/apache/commons/commons-lang3/3.7/commons-lang3-3.7.jar:/home/user/.m2/repository/org/apache/commons/commons-text/1.4/commons-text-1.4.jar:/home/user/.m2/repository/org/apache/avro/avro/1.7.7/avro-1.7.7.jar:/home/user/.m2/repository/com/thoughtworks/paranamer/paranamer/2.3/paranamer-2.3.jar:/home/user/.m2/repository/org/xerial/snappy/snappy-java/1.0.5/snappy-java-1.0.5.jar:/home/user/.m2/repository/com/google/re2j/re2j/1.1/re2j-1.1.jar:/home/user/.m2/repository/com/google/code/gson/gson/2.2.4/gson-2.2.4.jar:/home/user/.m2/repository/com/jcraft/jsch/0.1.54/jsch-0.1.54.jar:/home/user/.m2/repository/org/apache/curator/curator-client/2.12.0/curator-client-2.12.0.jar:/home/user/.m2/repository/org/apache/curator/curator-recipes/2.12.0/curator-recipes-2.12.0.jar:/home/user/.m2/repository/com/google/code/findbugs/jsr305/3.0.0/jsr305-3.0.0.jar:/home/user/.m2/repository/org/apache/htrace/htrace-core4/4.1.0-incubating/htrace-core4-4.1.0-incubating.jar:/home/user/.m2/repository/org/apache/zookeeper/zookeeper/3.4.13/zookeeper-3.4.13.jar:/home/user/.m2/repository/org/apache/yetus/audience-annotations/0.5.0/audience-annotations-0.5.0.jar:/home/user/.m2/repository/org/codehaus/woodstox/stax2-api/3.1.4/stax2-api-3.1.4.jar:/home/user/.m2/repository/com/fasterxml/woodstox/woodstox-core/5.0.3/woodstox-core-5.0.3.jar:/home/user/.m2/repository/dnsjava/dnsjava/2.1.7/dnsjava-2.1.7.jar:/home/user/.m2/repository/org/apache/hadoop/hadoop-hdfs/3.2.0/hadoop-hdfs-3.2.0-tests.jar:/home/user/.m2/repository/org/eclipse/jetty/jetty-util-ajax/9.3.24.v20180605/jetty-util-ajax-9.3.24.v20180605.jar:/home/user/.m2/repository/commons-daemon/commons-daemon/1.0.13/commons-daemon-1.0.13.jar:/home/user/.m2/repository/io/netty/netty/3.10.5.Final/netty-3.10.5.Final.jar:/home/user/.m2/repository/io/netty/netty-all/4.0.52.Final/netty-all-4.0.52.Final.jar:/home/user/.m2/repository/org/fusesource/leveldbjni/leveldbjni-all/1.8/leveldbjni-all-1.8.jar:"/>
    <property name="java.vm.vendor" value="IcedTea"/>
    <property name="sun.arch.data.model" value="64"/>
    <property name="test.build.dir" value="/workdir/hadoop-ozone/integration-test/target/test-dir"/>
    <property name="test.cache.data" value=""/>
    <property name="java.vendor.url" value="https://icedtea.classpath.org"/>
    <property name="user.timezone" value=""/>
    <property name="java.vm.specification.version" value="1.8"/>
    <property name="os.name" value="Linux"/>
    <property name="test.build.data" value="/workdir/hadoop-ozone/integration-test/target/test-dir"/>
    <property name="user.country" value="US"/>
    <property name="sun.java.launcher" value="SUN_STANDARD"/>
    <property name="sun.boot.library.path" value="/usr/lib/jvm/java-1.8-openjdk/jre/lib/amd64"/>
    <property name="sun.java.command" value="/workdir/hadoop-ozone/integration-test/target/surefire/surefirebooter8995798987672821144.jar /workdir/hadoop-ozone/integration-test/target/surefire 2019-09-04T10-17-10_328-jvmRun1 surefire7815462734609191681tmp surefire_205868910265838555417tmp"/>
    <property name="test" value="!TestMiniChaosOzoneCluster"/>
    <property name="surefire.test.class.path" value="/workdir/hadoop-ozone/integration-test/target/test-classes:/workdir/hadoop-ozone/integration-test/target/classes:/home/user/.m2/repository/org/apache/hadoop/hadoop-ozone-common/0.5.0-SNAPSHOT/hadoop-ozone-common-0.5.0-SNAPSHOT.jar:/home/user/.m2/repository/org/apache/commons/commons-compress/1.4.1/commons-compress-1.4.1.jar:/home/user/.m2/repository/org/tukaani/xz/1.0/xz-1.0.jar:/home/user/.m2/repository/org/apache/hadoop/hadoop-common/3.2.0/hadoop-common-3.2.0.jar:/home/user/.m2/repository/org/apache/hadoop/hadoop-hdfs/3.2.0/hadoop-hdfs-3.2.0.jar:/home/user/.m2/repository/org/apache/hadoop/hadoop-hdfs-client/3.2.0/hadoop-hdfs-client-3.2.0.jar:/home/user/.m2/repository/com/fasterxml/jackson/core/jackson-annotations/2.9.5/jackson-annotations-2.9.5.jar:/home/user/.m2/repository/org/apache/hadoop/hadoop-hdds-common/0.5.0-SNAPSHOT/hadoop-hdds-common-0.5.0-SNAPSHOT.jar:/home/user/.m2/repository/javax/annotation/javax.annotation-api/1.2/javax.annotation-api-1.2.jar:/home/user/.m2/repository/org/apache/ratis/ratis-server/0.4.0-2337318-SNAPSHOT/ratis-server-0.4.0-2337318-SNAPSHOT.jar:/home/user/.m2/repository/org/apache/ratis/ratis-thirdparty-misc/0.2.0/ratis-thirdparty-misc-0.2.0.jar:/home/user/.m2/repository/org/apache/ratis/ratis-proto/0.4.0-2337318-SNAPSHOT/ratis-proto-0.4.0-2337318-SNAPSHOT.jar:/home/user/.m2/repository/org/apache/ratis/ratis-common/0.4.0-2337318-SNAPSHOT/ratis-common-0.4.0-2337318-SNAPSHOT.jar:/home/user/.m2/repository/org/apache/ratis/ratis-client/0.4.0-2337318-SNAPSHOT/ratis-client-0.4.0-2337318-SNAPSHOT.jar:/home/user/.m2/repository/org/apache/ratis/ratis-metrics/0.4.0-2337318-SNAPSHOT/ratis-metrics-0.4.0-2337318-SNAPSHOT.jar:/home/user/.m2/repository/org/apache/ratis/ratis-netty/0.4.0-2337318-SNAPSHOT/ratis-netty-0.4.0-2337318-SNAPSHOT.jar:/home/user/.m2/repository/org/apache/ratis/ratis-grpc/0.4.0-2337318-SNAPSHOT/ratis-grpc-0.4.0-2337318-SNAPSHOT.jar:/home/user/.m2/repository/org/rocksdb/rocksdbjni/6.0.1/rocksdbjni-6.0.1.jar:/home/user/.m2/repository/org/apache/logging/log4j/log4j-api/2.11.0/log4j-api-2.11.0.jar:/home/user/.m2/repository/org/apache/logging/log4j/log4j-core/2.11.0/log4j-core-2.11.0.jar:/home/user/.m2/repository/com/lmax/disruptor/3.4.2/disruptor-3.4.2.jar:/home/user/.m2/repository/org/apache/commons/commons-pool2/2.6.0/commons-pool2-2.6.0.jar:/home/user/.m2/repository/org/bouncycastle/bcpkix-jdk15on/1.60/bcpkix-jdk15on-1.60.jar:/home/user/.m2/repository/commons-validator/commons-validator/1.6/commons-validator-1.6.jar:/home/user/.m2/repository/commons-digester/commons-digester/1.8.1/commons-digester-1.8.1.jar:/home/user/.m2/repository/io/jaegertracing/jaeger-client/0.33.1/jaeger-client-0.33.1.jar:/home/user/.m2/repository/io/jaegertracing/jaeger-thrift/0.33.1/jaeger-thrift-0.33.1.jar:/home/user/.m2/repository/org/apache/thrift/libthrift/0.11.0/libthrift-0.11.0.jar:/home/user/.m2/repository/com/squareup/okhttp3/okhttp/3.9.0/okhttp-3.9.0.jar:/home/user/.m2/repository/com/squareup/okio/okio/1.13.0/okio-1.13.0.jar:/home/user/.m2/repository/io/jaegertracing/jaeger-core/0.33.1/jaeger-core-0.33.1.jar:/home/user/.m2/repository/io/jaegertracing/jaeger-tracerresolver/0.33.1/jaeger-tracerresolver-0.33.1.jar:/home/user/.m2/repository/io/opentracing/contrib/opentracing-tracerresolver/0.1.5/opentracing-tracerresolver-0.1.5.jar:/home/user/.m2/repository/io/opentracing/opentracing-util/0.31.0/opentracing-util-0.31.0.jar:/home/user/.m2/repository/io/opentracing/opentracing-api/0.31.0/opentracing-api-0.31.0.jar:/home/user/.m2/repository/io/opentracing/opentracing-noop/0.31.0/opentracing-noop-0.31.0.jar:/home/user/.m2/repository/org/apache/hadoop/hadoop-hdds-server-framework/0.5.0-SNAPSHOT/hadoop-hdds-server-framework-0.5.0-SNAPSHOT.jar:/home/user/.m2/repository/org/apache/hadoop/hadoop-hdds-container-service/0.5.0-SNAPSHOT/hadoop-hdds-container-service-0.5.0-SNAPSHOT.jar:/home/user/.m2/repository/org/apache/hadoop/hadoop-hdds-client/0.5.0-SNAPSHOT/hadoop-hdds-client-0.5.0-SNAPSHOT.jar:/home/user/.m2/repository/org/apache/hadoop/hadoop-hdds-tools/0.5.0-SNAPSHOT/hadoop-hdds-tools-0.5.0-SNAPSHOT.jar:/home/user/.m2/repository/org/apache/hadoop/hadoop-hdds-server-scm/0.5.0-SNAPSHOT/hadoop-hdds-server-scm-0.5.0-SNAPSHOT.jar:/home/user/.m2/repository/org/apache/hadoop/hadoop-hdds-docs/0.5.0-SNAPSHOT/hadoop-hdds-docs-0.5.0-SNAPSHOT.jar:/home/user/.m2/repository/io/dropwizard/metrics/metrics-core/3.2.4/metrics-core-3.2.4.jar:/home/user/.m2/repository/org/hamcrest/hamcrest-all/1.3/hamcrest-all-1.3.jar:/home/user/.m2/repository/org/bouncycastle/bcprov-jdk15on/1.60/bcprov-jdk15on-1.60.jar:/home/user/.m2/repository/info/picocli/picocli/3.9.6/picocli-3.9.6.jar:/home/user/.m2/repository/com/google/protobuf/protobuf-java/2.5.0/protobuf-java-2.5.0.jar:/home/user/.m2/repository/com/google/guava/guava/11.0.2/guava-11.0.2.jar:/home/user/.m2/repository/org/apache/hadoop/hadoop-ozone-ozone-manager/0.5.0-SNAPSHOT/hadoop-ozone-ozone-manager-0.5.0-SNAPSHOT.jar:/home/user/.m2/repository/org/apache/hadoop/hadoop-minikdc/3.2.0/hadoop-minikdc-3.2.0.jar:/home/user/.m2/repository/commons-io/commons-io/2.5/commons-io-2.5.jar:/home/user/.m2/repository/org/apache/kerby/kerb-simplekdc/1.0.1/kerb-simplekdc-1.0.1.jar:/home/user/.m2/repository/org/apache/kerby/kerb-client/1.0.1/kerb-client-1.0.1.jar:/home/user/.m2/repository/org/apache/kerby/kerby-config/1.0.1/kerby-config-1.0.1.jar:/home/user/.m2/repository/org/apache/kerby/kerb-core/1.0.1/kerb-core-1.0.1.jar:/home/user/.m2/repository/org/apache/kerby/kerby-pkix/1.0.1/kerby-pkix-1.0.1.jar:/home/user/.m2/repository/org/apache/kerby/kerby-asn1/1.0.1/kerby-asn1-1.0.1.jar:/home/user/.m2/repository/org/apache/kerby/kerby-util/1.0.1/kerby-util-1.0.1.jar:/home/user/.m2/repository/org/apache/kerby/kerb-common/1.0.1/kerb-common-1.0.1.jar:/home/user/.m2/repository/org/apache/kerby/kerb-crypto/1.0.1/kerb-crypto-1.0.1.jar:/home/user/.m2/repository/org/apache/kerby/kerb-util/1.0.1/kerb-util-1.0.1.jar:/home/user/.m2/repository/org/apache/kerby/token-provider/1.0.1/token-provider-1.0.1.jar:/home/user/.m2/repository/org/apache/kerby/kerb-admin/1.0.1/kerb-admin-1.0.1.jar:/home/user/.m2/repository/org/apache/kerby/kerb-server/1.0.1/kerb-server-1.0.1.jar:/home/user/.m2/repository/org/apache/kerby/kerb-identity/1.0.1/kerb-identity-1.0.1.jar:/home/user/.m2/repository/org/apache/kerby/kerby-xdr/1.0.1/kerby-xdr-1.0.1.jar:/home/user/.m2/repository/org/slf4j/slf4j-log4j12/1.7.25/slf4j-log4j12-1.7.25.jar:/home/user/.m2/repository/org/apache/hadoop/hadoop-ozone-s3gateway/0.5.0-SNAPSHOT/hadoop-ozone-s3gateway-0.5.0-SNAPSHOT.jar:/home/user/.m2/repository/org/jboss/weld/servlet/weld-servlet/2.4.7.Final/weld-servlet-2.4.7.Final.jar:/home/user/.m2/repository/org/glassfish/jersey/containers/jersey-container-servlet-core/2.27/jersey-container-servlet-core-2.27.jar:/home/user/.m2/repository/org/glassfish/hk2/external/javax.inject/2.5.0-b42/javax.inject-2.5.0-b42.jar:/home/user/.m2/repository/org/glassfish/jersey/core/jersey-common/2.27/jersey-common-2.27.jar:/home/user/.m2/repository/org/glassfish/hk2/osgi-resource-locator/1.0.1/osgi-resource-locator-1.0.1.jar:/home/user/.m2/repository/javax/ws/rs/javax.ws.rs-api/2.1/javax.ws.rs-api-2.1.jar:/home/user/.m2/repository/org/glassfish/jersey/ext/cdi/jersey-cdi1x/2.27/jersey-cdi1x-2.27.jar:/home/user/.m2/repository/org/glassfish/jersey/inject/jersey-hk2/2.27/jersey-hk2-2.27.jar:/home/user/.m2/repository/org/glassfish/hk2/hk2-locator/2.5.0-b42/hk2-locator-2.5.0-b42.jar:/home/user/.m2/repository/org/javassist/javassist/3.22.0-CR2/javassist-3.22.0-CR2.jar:/home/user/.m2/repository/org/glassfish/hk2/hk2-api/2.5.0/hk2-api-2.5.0.jar:/home/user/.m2/repository/org/glassfish/hk2/external/jakarta.inject/2.5.0/jakarta.inject-2.5.0.jar:/home/user/.m2/repository/org/glassfish/hk2/hk2-utils/2.5.0/hk2-utils-2.5.0.jar:/home/user/.m2/repository/jakarta/annotation/jakarta.annotation-api/1.3.4/jakarta.annotation-api-1.3.4.jar:/home/user/.m2/repository/org/glassfish/hk2/external/aopalliance-repackaged/2.5.0/aopalliance-repackaged-2.5.0.jar:/home/user/.m2/repository/com/fasterxml/jackson/dataformat/jackson-dataformat-xml/2.9.0/jackson-dataformat-xml-2.9.0.jar:/home/user/.m2/repository/com/fasterxml/jackson/core/jackson-core/2.9.5/jackson-core-2.9.5.jar:/home/user/.m2/repository/com/fasterxml/jackson/module/jackson-module-jaxb-annotations/2.9.5/jackson-module-jaxb-annotations-2.9.5.jar:/home/user/.m2/repository/javax/enterprise/cdi-api/1.2/cdi-api-1.2.jar:/home/user/.m2/repository/javax/el/javax.el-api/3.0.0/javax.el-api-3.0.0.jar:/home/user/.m2/repository/javax/interceptor/javax.interceptor-api/1.2/javax.interceptor-api-1.2.jar:/home/user/.m2/repository/javax/inject/javax.inject/1/javax.inject-1.jar:/home/user/.m2/repository/com/sun/xml/bind/jaxb-impl/2.3.0.1/jaxb-impl-2.3.0.1.jar:/home/user/.m2/repository/com/sun/xml/bind/jaxb-core/2.3.0.1/jaxb-core-2.3.0.1.jar:/home/user/.m2/repository/javax/xml/bind/jaxb-api/2.3.0/jaxb-api-2.3.0.jar:/home/user/.m2/repository/javax/activation/activation/1.1.1/activation-1.1.1.jar:/home/user/.m2/repository/org/apache/hadoop/hadoop-ozone-csi/0.5.0-SNAPSHOT/hadoop-ozone-csi-0.5.0-SNAPSHOT.jar:/home/user/.m2/repository/com/google/protobuf/protobuf-java-util/3.5.1/protobuf-java-util-3.5.1.jar:/home/user/.m2/repository/org/apache/hadoop/hadoop-hdds-config/0.5.0-SNAPSHOT/hadoop-hdds-config-0.5.0-SNAPSHOT.jar:/home/user/.m2/repository/io/grpc/grpc-netty/1.17.1/grpc-netty-1.17.1.jar:/home/user/.m2/repository/io/grpc/grpc-core/1.17.1/grpc-core-1.17.1.jar:/home/user/.m2/repository/io/grpc/grpc-context/1.17.1/grpc-context-1.17.1.jar:/home/user/.m2/repository/com/google/errorprone/error_prone_annotations/2.2.0/error_prone_annotations-2.2.0.jar:/home/user/.m2/repository/org/codehaus/mojo/animal-sniffer-annotations/1.17/animal-sniffer-annotations-1.17.jar:/home/user/.m2/repository/io/opencensus/opencensus-api/0.17.0/opencensus-api-0.17.0.jar:/home/user/.m2/repository/io/opencensus/opencensus-contrib-grpc-metrics/0.17.0/opencensus-contrib-grpc-metrics-0.17.0.jar:/home/user/.m2/repository/io/netty/netty-codec-http2/4.1.30.Final/netty-codec-http2-4.1.30.Final.jar:/home/user/.m2/repository/io/netty/netty-codec-http/4.1.30.Final/netty-codec-http-4.1.30.Final.jar:/home/user/.m2/repository/io/netty/netty-codec/4.1.30.Final/netty-codec-4.1.30.Final.jar:/home/user/.m2/repository/io/netty/netty-handler/4.1.30.Final/netty-handler-4.1.30.Final.jar:/home/user/.m2/repository/io/netty/netty-handler-proxy/4.1.30.Final/netty-handler-proxy-4.1.30.Final.jar:/home/user/.m2/repository/io/netty/netty-codec-socks/4.1.30.Final/netty-codec-socks-4.1.30.Final.jar:/home/user/.m2/repository/io/netty/netty-transport-native-epoll/4.1.30.Final/netty-transport-native-epoll-4.1.30.Final.jar:/home/user/.m2/repository/io/netty/netty-common/4.1.30.Final/netty-common-4.1.30.Final.jar:/home/user/.m2/repository/io/netty/netty-buffer/4.1.30.Final/netty-buffer-4.1.30.Final.jar:/home/user/.m2/repository/io/netty/netty-transport/4.1.30.Final/netty-transport-4.1.30.Final.jar:/home/user/.m2/repository/io/netty/netty-resolver/4.1.30.Final/netty-resolver-4.1.30.Final.jar:/home/user/.m2/repository/io/netty/netty-transport-native-unix-common/4.1.30.Final/netty-transport-native-unix-common-4.1.30.Final.jar:/home/user/.m2/repository/io/grpc/grpc-protobuf/1.17.1/grpc-protobuf-1.17.1.jar:/home/user/.m2/repository/com/google/api/grpc/proto-google-common-protos/1.0.0/proto-google-common-protos-1.0.0.jar:/home/user/.m2/repository/io/grpc/grpc-protobuf-lite/1.17.1/grpc-protobuf-lite-1.17.1.jar:/home/user/.m2/repository/io/grpc/grpc-stub/1.17.1/grpc-stub-1.17.1.jar:/home/user/.m2/repository/org/apache/hadoop/hadoop-ozone-recon/0.5.0-SNAPSHOT/hadoop-ozone-recon-0.5.0-SNAPSHOT.jar:/home/user/.m2/repository/org/apache/hadoop/hadoop-ozone-reconcodegen/0.5.0-SNAPSHOT/hadoop-ozone-reconcodegen-0.5.0-SNAPSHOT.jar:/home/user/.m2/repository/com/google/inject/extensions/guice-multibindings/4.0/guice-multibindings-4.0.jar:/home/user/.m2/repository/com/google/inject/guice/4.0/guice-4.0.jar:/home/user/.m2/repository/aopalliance/aopalliance/1.0/aopalliance-1.0.jar:/home/user/.m2/repository/com/google/inject/extensions/guice-servlet/4.0/guice-servlet-4.0.jar:/home/user/.m2/repository/org/glassfish/jersey/containers/jersey-container-servlet/2.27/jersey-container-servlet-2.27.jar:/home/user/.m2/repository/org/glassfish/hk2/guice-bridge/2.5.0/guice-bridge-2.5.0.jar:/home/user/.m2/repository/org/glassfish/jersey/core/jersey-server/2.27/jersey-server-2.27.jar:/home/user/.m2/repository/org/glassfish/jersey/core/jersey-client/2.27/jersey-client-2.27.jar:/home/user/.m2/repository/org/glassfish/jersey/media/jersey-media-jaxb/2.27/jersey-media-jaxb-2.27.jar:/home/user/.m2/repository/javax/validation/validation-api/1.1.0.Final/validation-api-1.1.0.Final.jar:/home/user/.m2/repository/org/glassfish/jersey/media/jersey-media-json-jackson/2.27/jersey-media-json-jackson-2.27.jar:/home/user/.m2/repository/org/glassfish/jersey/ext/jersey-entity-filtering/2.27/jersey-entity-filtering-2.27.jar:/home/user/.m2/repository/com/google/inject/extensions/guice-assistedinject/4.0/guice-assistedinject-4.0.jar:/home/user/.m2/repository/org/jooq/jooq/3.11.10/jooq-3.11.10.jar:/home/user/.m2/repository/org/jooq/jooq-meta/3.11.10/jooq-meta-3.11.10.jar:/home/user/.m2/repository/org/jooq/jooq-codegen/3.11.10/jooq-codegen-3.11.10.jar:/home/user/.m2/repository/com/jolbox/bonecp/0.8.0.RELEASE/bonecp-0.8.0.RELEASE.jar:/home/user/.m2/repository/org/xerial/sqlite-jdbc/3.25.2/sqlite-jdbc-3.25.2.jar:/home/user/.m2/repository/org/springframework/spring-jdbc/5.1.3.RELEASE/spring-jdbc-5.1.3.RELEASE.jar:/home/user/.m2/repository/org/springframework/spring-beans/5.1.3.RELEASE/spring-beans-5.1.3.RELEASE.jar:/home/user/.m2/repository/org/springframework/spring-core/5.1.3.RELEASE/spring-core-5.1.3.RELEASE.jar:/home/user/.m2/repository/org/springframework/spring-jcl/5.1.3.RELEASE/spring-jcl-5.1.3.RELEASE.jar:/home/user/.m2/repository/org/springframework/spring-tx/5.1.3.RELEASE/spring-tx-5.1.3.RELEASE.jar:/home/user/.m2/repository/org/apache/hadoop/hadoop-ozone-client/0.5.0-SNAPSHOT/hadoop-ozone-client-0.5.0-SNAPSHOT.jar:/home/user/.m2/repository/commons-lang/commons-lang/2.6/commons-lang-2.6.jar:/home/user/.m2/repository/org/apache/hadoop/hadoop-ozone-ozone-manager/0.5.0-SNAPSHOT/hadoop-ozone-ozone-manager-0.5.0-SNAPSHOT-tests.jar:/home/user/.m2/repository/junit/junit/4.11/junit-4.11.jar:/home/user/.m2/repository/org/hamcrest/hamcrest-core/1.3/hamcrest-core-1.3.jar:/home/user/.m2/repository/org/openjdk/jmh/jmh-core/1.19/jmh-core-1.19.jar:/home/user/.m2/repository/net/sf/jopt-simple/jopt-simple/4.6/jopt-simple-4.6.jar:/home/user/.m2/repository/org/apache/commons/commons-math3/3.1.1/commons-math3-3.1.1.jar:/home/user/.m2/repository/org/openjdk/jmh/jmh-generator-annprocess/1.19/jmh-generator-annprocess-1.19.jar:/home/user/.m2/repository/org/mockito/mockito-all/1.8.5/mockito-all-1.8.5.jar:/home/user/.m2/repository/org/apache/hadoop/hadoop-kms/3.2.0/hadoop-kms-3.2.0.jar:/home/user/.m2/repository/org/apache/hadoop/hadoop-auth/3.2.0/hadoop-auth-3.2.0.jar:/home/user/.m2/repository/com/nimbusds/nimbus-jose-jwt/4.41.1/nimbus-jose-jwt-4.41.1.jar:/home/user/.m2/repository/com/github/stephenc/jcip/jcip-annotations/1.0-1/jcip-annotations-1.0-1.jar:/home/user/.m2/repository/net/minidev/json-smart/2.3/json-smart-2.3.jar:/home/user/.m2/repository/net/minidev/accessors-smart/1.2/accessors-smart-1.2.jar:/home/user/.m2/repository/org/ow2/asm/asm/5.0.4/asm-5.0.4.jar:/home/user/.m2/repository/org/apache/curator/curator-framework/2.12.0/curator-framework-2.12.0.jar:/home/user/.m2/repository/com/sun/jersey/jersey-core/1.19/jersey-core-1.19.jar:/home/user/.m2/repository/javax/ws/rs/jsr311-api/1.1.1/jsr311-api-1.1.1.jar:/home/user/.m2/repository/com/sun/jersey/jersey-server/1.19/jersey-server-1.19.jar:/home/user/.m2/repository/javax/servlet/javax.servlet-api/3.1.0/javax.servlet-api-3.1.0.jar:/home/user/.m2/repository/org/eclipse/jetty/jetty-server/9.3.24.v20180605/jetty-server-9.3.24.v20180605.jar:/home/user/.m2/repository/org/eclipse/jetty/jetty-http/9.3.24.v20180605/jetty-http-9.3.24.v20180605.jar:/home/user/.m2/repository/org/eclipse/jetty/jetty-io/9.3.24.v20180605/jetty-io-9.3.24.v20180605.jar:/home/user/.m2/repository/org/eclipse/jetty/jetty-webapp/9.3.24.v20180605/jetty-webapp-9.3.24.v20180605.jar:/home/user/.m2/repository/org/eclipse/jetty/jetty-xml/9.3.24.v20180605/jetty-xml-9.3.24.v20180605.jar:/home/user/.m2/repository/log4j/log4j/1.2.17/log4j-1.2.17.jar:/home/user/.m2/repository/org/slf4j/slf4j-api/1.7.25/slf4j-api-1.7.25.jar:/home/user/.m2/repository/org/slf4j/jul-to-slf4j/1.7.25/jul-to-slf4j-1.7.25.jar:/home/user/.m2/repository/org/eclipse/jetty/jetty-util/9.3.24.v20180605/jetty-util-9.3.24.v20180605.jar:/home/user/.m2/repository/com/fasterxml/jackson/core/jackson-databind/2.9.5/jackson-databind-2.9.5.jar:/home/user/.m2/repository/org/apache/hadoop/hadoop-kms/3.2.0/hadoop-kms-3.2.0-tests.jar:/home/user/.m2/repository/org/apache/hadoop/hadoop-hdds-server-scm/0.5.0-SNAPSHOT/hadoop-hdds-server-scm-0.5.0-SNAPSHOT-tests.jar:/home/user/.m2/repository/org/apache/hadoop/hadoop-hdds-container-service/0.5.0-SNAPSHOT/hadoop-hdds-container-service-0.5.0-SNAPSHOT-tests.jar:/home/user/.m2/repository/org/yaml/snakeyaml/1.16/snakeyaml-1.16.jar:/home/user/.m2/repository/org/apache/hadoop/hadoop-common/3.2.0/hadoop-common-3.2.0-tests.jar:/home/user/.m2/repository/org/apache/hadoop/hadoop-annotations/3.2.0/hadoop-annotations-3.2.0.jar:/usr/lib/jvm/java-1.8-openjdk/jre/../lib/tools.jar:/home/user/.m2/repository/commons-cli/commons-cli/1.2/commons-cli-1.2.jar:/home/user/.m2/repository/org/apache/httpcomponents/httpclient/4.5.2/httpclient-4.5.2.jar:/home/user/.m2/repository/org/apache/httpcomponents/httpcore/4.4.4/httpcore-4.4.4.jar:/home/user/.m2/repository/commons-codec/commons-codec/1.11/commons-codec-1.11.jar:/home/user/.m2/repository/commons-net/commons-net/3.6/commons-net-3.6.jar:/home/user/.m2/repository/commons-collections/commons-collections/3.2.2/commons-collections-3.2.2.jar:/home/user/.m2/repository/org/eclipse/jetty/jetty-servlet/9.3.24.v20180605/jetty-servlet-9.3.24.v20180605.jar:/home/user/.m2/repository/org/eclipse/jetty/jetty-security/9.3.24.v20180605/jetty-security-9.3.24.v20180605.jar:/home/user/.m2/repository/javax/servlet/jsp/jsp-api/2.1/jsp-api-2.1.jar:/home/user/.m2/repository/com/sun/jersey/jersey-servlet/1.19/jersey-servlet-1.19.jar:/home/user/.m2/repository/com/sun/jersey/jersey-json/1.19/jersey-json-1.19.jar:/home/user/.m2/repository/org/codehaus/jettison/jettison/1.1/jettison-1.1.jar:/home/user/.m2/repository/org/codehaus/jackson/jackson-core-asl/1.9.13/jackson-core-asl-1.9.13.jar:/home/user/.m2/repository/org/codehaus/jackson/jackson-mapper-asl/1.9.13/jackson-mapper-asl-1.9.13.jar:/home/user/.m2/repository/org/codehaus/jackson/jackson-jaxrs/1.9.13/jackson-jaxrs-1.9.13.jar:/home/user/.m2/repository/org/codehaus/jackson/jackson-xc/1.9.13/jackson-xc-1.9.13.jar:/home/user/.m2/repository/commons-logging/commons-logging/1.1.3/commons-logging-1.1.3.jar:/home/user/.m2/repository/commons-beanutils/commons-beanutils/1.9.3/commons-beanutils-1.9.3.jar:/home/user/.m2/repository/org/apache/commons/commons-configuration2/2.1.1/commons-configuration2-2.1.1.jar:/home/user/.m2/repository/org/apache/commons/commons-lang3/3.7/commons-lang3-3.7.jar:/home/user/.m2/repository/org/apache/commons/commons-text/1.4/commons-text-1.4.jar:/home/user/.m2/repository/org/apache/avro/avro/1.7.7/avro-1.7.7.jar:/home/user/.m2/repository/com/thoughtworks/paranamer/paranamer/2.3/paranamer-2.3.jar:/home/user/.m2/repository/org/xerial/snappy/snappy-java/1.0.5/snappy-java-1.0.5.jar:/home/user/.m2/repository/com/google/re2j/re2j/1.1/re2j-1.1.jar:/home/user/.m2/repository/com/google/code/gson/gson/2.2.4/gson-2.2.4.jar:/home/user/.m2/repository/com/jcraft/jsch/0.1.54/jsch-0.1.54.jar:/home/user/.m2/repository/org/apache/curator/curator-client/2.12.0/curator-client-2.12.0.jar:/home/user/.m2/repository/org/apache/curator/curator-recipes/2.12.0/curator-recipes-2.12.0.jar:/home/user/.m2/repository/com/google/code/findbugs/jsr305/3.0.0/jsr305-3.0.0.jar:/home/user/.m2/repository/org/apache/htrace/htrace-core4/4.1.0-incubating/htrace-core4-4.1.0-incubating.jar:/home/user/.m2/repository/org/apache/zookeeper/zookeeper/3.4.13/zookeeper-3.4.13.jar:/home/user/.m2/repository/org/apache/yetus/audience-annotations/0.5.0/audience-annotations-0.5.0.jar:/home/user/.m2/repository/org/codehaus/woodstox/stax2-api/3.1.4/stax2-api-3.1.4.jar:/home/user/.m2/repository/com/fasterxml/woodstox/woodstox-core/5.0.3/woodstox-core-5.0.3.jar:/home/user/.m2/repository/dnsjava/dnsjava/2.1.7/dnsjava-2.1.7.jar:/home/user/.m2/repository/org/apache/hadoop/hadoop-hdfs/3.2.0/hadoop-hdfs-3.2.0-tests.jar:/home/user/.m2/repository/org/eclipse/jetty/jetty-util-ajax/9.3.24.v20180605/jetty-util-ajax-9.3.24.v20180605.jar:/home/user/.m2/repository/commons-daemon/commons-daemon/1.0.13/commons-daemon-1.0.13.jar:/home/user/.m2/repository/io/netty/netty/3.10.5.Final/netty-3.10.5.Final.jar:/home/user/.m2/repository/io/netty/netty-all/4.0.52.Final/netty-all-4.0.52.Final.jar:/home/user/.m2/repository/org/fusesource/leveldbjni/leveldbjni-all/1.8/leveldbjni-all-1.8.jar:"/>
    <property name="sun.cpu.endian" value="little"/>
    <property name="user.home" value="/home/user"/>
    <property name="user.language" value="en"/>
    <property name="java.specification.vendor" value="Oracle Corporation"/>
    <property name="java.home" value="/usr/lib/jvm/java-1.8-openjdk/jre"/>
    <property name="java.security.krb5.conf" value="/workdir/hadoop-ozone/integration-test/target/test-classes/krb5.conf"/>
    <property name="basedir" value="/workdir/hadoop-ozone/integration-test"/>
    <property name="file.separator" value="/"/>
    <property name="line.separator" value="&#10;"/>
    <property name="java.vm.specification.vendor" value="Oracle Corporation"/>
    <property name="java.specification.name" value="Java Platform API Specification"/>
    <property name="java.awt.graphicsenv" value="sun.awt.X11GraphicsEnvironment"/>
    <property name="surefire.real.class.path" value="/workdir/hadoop-ozone/integration-test/target/surefire/surefirebooter8995798987672821144.jar"/>
    <property name="hadoop.log.dir" value="/workdir/hadoop-ozone/integration-test/target/log"/>
    <property name="sun.boot.class.path" value="/usr/lib/jvm/java-1.8-openjdk/jre/lib/resources.jar:/usr/lib/jvm/java-1.8-openjdk/jre/lib/rt.jar:/usr/lib/jvm/java-1.8-openjdk/jre/lib/sunrsasign.jar:/usr/lib/jvm/java-1.8-openjdk/jre/lib/jsse.jar:/usr/lib/jvm/java-1.8-openjdk/jre/lib/jce.jar:/usr/lib/jvm/java-1.8-openjdk/jre/lib/charsets.jar:/usr/lib/jvm/java-1.8-openjdk/jre/lib/jfr.jar:/usr/lib/jvm/java-1.8-openjdk/jre/classes"/>
    <property name="sun.management.compiler" value="HotSpot 64-Bit Tiered Compilers"/>
    <property name="java.runtime.version" value="1.8.0_212-b04"/>
    <property name="java.net.preferIPv4Stack" value="true"/>
    <property name="user.name" value="jenkins1000"/>
    <property name="path.separator" value=":"/>
    <property name="java.security.egd" value="file:///dev/urandom"/>
    <property name="os.version" value="3.10.0-957.12.2.el7.x86_64"/>
    <property name="java.endorsed.dirs" value="/usr/lib/jvm/java-1.8-openjdk/jre/lib/endorsed"/>
    <property name="java.runtime.name" value="OpenJDK Runtime Environment"/>
    <property name="file.encoding" value="UTF-8"/>
    <property name="java.vm.name" value="OpenJDK 64-Bit Server VM"/>
    <property name="test.build.webapps" value=""/>
    <property name="localRepository" value="/home/user/.m2/repository"/>
    <property name="java.vendor.url.bug" value="https://icedtea.classpath.org/bugzilla"/>
    <property name="java.io.tmpdir" value="/tmp"/>
    <property name="require.test.libhadoop" value=""/>
    <property name="java.version" value="1.8.0_212"/>
    <property name="user.dir" value="/workdir/hadoop-ozone/integration-test"/>
    <property name="os.arch" value="amd64"/>
    <property name="java.vm.specification.name" value="Java Virtual Machine Specification"/>
    <property name="test.build.classes" value="/workdir/hadoop-ozone/integration-test/target/test-classes"/>
    <property name="java.awt.printerjob" value="sun.print.PSPrinterJob"/>
    <property name="sun.os.patch.level" value="unknown"/>
    <property name="hadoop.tmp.dir" value="/workdir/hadoop-ozone/integration-test/target/tmp"/>
    <property name="java.library.path" value="/usr/lib/jvm/java-1.8-openjdk/jre/lib/amd64/server:/usr/lib/jvm/java-1.8-openjdk/jre/lib/amd64:/usr/lib/jvm/java-1.8-openjdk/jre/../lib/amd64:/workdir/hadoop-ozone/integration-test/target/native/target/usr/local/lib:/workdir/hadoop-ozone/integration-test/../../hadoop-common-project/hadoop-common/target/native/target/usr/local/lib:/usr/java/packages/lib/amd64:/usr/lib64:/lib64:/lib:/usr/lib"/>
    <property name="java.vm.info" value="mixed mode"/>
    <property name="java.vendor" value="IcedTea"/>
    <property name="java.vm.version" value="25.212-b04"/>
    <property name="java.ext.dirs" value="/usr/lib/jvm/java-1.8-openjdk/jre/lib/ext:/usr/java/packages/lib/ext"/>
    <property name="sun.io.unicode.encoding" value="UnicodeLittle"/>
    <property name="java.class.version" value="52.0"/>
  </properties>
  <testcase name="test2DatanodesFailure" classname="org.apache.hadoop.ozone.client.rpc.TestBlockOutputStreamWithFailures" time="104.507"/>
  <testcase name="testDatanodeFailureWithPreAllocation" classname="org.apache.hadoop.ozone.client.rpc.TestBlockOutputStreamWithFailures" time="224.306"/>
  <testcase name="testDatanodeFailureWithSingleNodeRatis" classname="org.apache.hadoop.ozone.client.rpc.TestBlockOutputStreamWithFailures" time="225.904"/>
  <testcase name="testWatchForCommitWithSingleNodeRatis" classname="org.apache.hadoop.ozone.client.rpc.TestBlockOutputStreamWithFailures" time="33.99"/>
  <testcase name="testWatchForCommitDatanodeFailure" classname="org.apache.hadoop.ozone.client.rpc.TestBlockOutputStreamWithFailures" time="47.359">
    <failure message="expected:&lt;2&gt; but was:&lt;3&gt;" type="java.lang.AssertionError"><![CDATA[java.lang.AssertionError: expected:<2> but was:<3>
	at org.junit.Assert.fail(Assert.java:88)
	at org.junit.Assert.failNotEquals(Assert.java:743)
	at org.junit.Assert.assertEquals(Assert.java:118)
	at org.junit.Assert.assertEquals(Assert.java:555)
	at org.junit.Assert.assertEquals(Assert.java:542)
	at org.apache.hadoop.ozone.client.rpc.TestBlockOutputStreamWithFailures.testWatchForCommitDatanodeFailure(TestBlockOutputStreamWithFailures.java:366)
	at sun.reflect.NativeMethodAccessorImpl.invoke0(Native Method)
	at sun.reflect.NativeMethodAccessorImpl.invoke(NativeMethodAccessorImpl.java:62)
	at sun.reflect.DelegatingMethodAccessorImpl.invoke(DelegatingMethodAccessorImpl.java:43)
	at java.lang.reflect.Method.invoke(Method.java:498)
	at org.junit.runners.model.FrameworkMethod$1.runReflectiveCall(FrameworkMethod.java:47)
	at org.junit.internal.runners.model.ReflectiveCallable.run(ReflectiveCallable.java:12)
	at org.junit.runners.model.FrameworkMethod.invokeExplosively(FrameworkMethod.java:44)
	at org.junit.internal.runners.statements.InvokeMethod.evaluate(InvokeMethod.java:17)
	at org.junit.internal.runners.statements.RunBefores.evaluate(RunBefores.java:26)
	at org.junit.internal.runners.statements.RunAfters.evaluate(RunAfters.java:27)
	at org.junit.runners.ParentRunner.runLeaf(ParentRunner.java:271)
	at org.junit.runners.BlockJUnit4ClassRunner.runChild(BlockJUnit4ClassRunner.java:70)
	at org.junit.runners.BlockJUnit4ClassRunner.runChild(BlockJUnit4ClassRunner.java:50)
	at org.junit.runners.ParentRunner$3.run(ParentRunner.java:238)
	at org.junit.runners.ParentRunner$1.schedule(ParentRunner.java:63)
	at org.junit.runners.ParentRunner.runChildren(ParentRunner.java:236)
	at org.junit.runners.ParentRunner.access$000(ParentRunner.java:53)
	at org.junit.runners.ParentRunner$2.evaluate(ParentRunner.java:229)
	at org.junit.runners.ParentRunner.run(ParentRunner.java:309)
	at org.apache.maven.surefire.junit4.JUnit4Provider.execute(JUnit4Provider.java:365)
	at org.apache.maven.surefire.junit4.JUnit4Provider.executeWithRerun(JUnit4Provider.java:273)
	at org.apache.maven.surefire.junit4.JUnit4Provider.executeTestSet(JUnit4Provider.java:238)
	at org.apache.maven.surefire.junit4.JUnit4Provider.invoke(JUnit4Provider.java:159)
	at org.apache.maven.surefire.booter.ForkedBooter.invokeProviderInSameClassLoader(ForkedBooter.java:384)
	at org.apache.maven.surefire.booter.ForkedBooter.runSuitesInProcess(ForkedBooter.java:345)
	at org.apache.maven.surefire.booter.ForkedBooter.execute(ForkedBooter.java:126)
	at org.apache.maven.surefire.booter.ForkedBooter.main(ForkedBooter.java:418)
]]></failure>
    <system-out><![CDATA[2019-09-04 10:44:20,730 [main] WARN  server.ServerUtils (ServerUtils.java:getScmDbDir(145)) - ozone.scm.db.dirs is not configured. We recommend adding this setting. Falling back to ozone.metadata.dirs instead.
2019-09-04 10:44:20,758 [main] WARN  server.ServerUtils (ServerUtils.java:getScmDbDir(145)) - ozone.scm.db.dirs is not configured. We recommend adding this setting. Falling back to ozone.metadata.dirs instead.
2019-09-04 10:44:20,759 [main] WARN  server.ServerUtils (ServerUtils.java:getScmDbDir(145)) - ozone.scm.db.dirs is not configured. We recommend adding this setting. Falling back to ozone.metadata.dirs instead.
2019-09-04 10:44:20,759 [main] INFO  db.DBStoreBuilder (DBStoreBuilder.java:addTable(110)) - using custom profile for table: deletedBlocks
2019-09-04 10:44:20,760 [main] INFO  db.DBStoreBuilder (DBStoreBuilder.java:processTables(161)) - Using default column profile:DBProfile.DISK for Table:deletedBlocks
2019-09-04 10:44:20,760 [main] INFO  db.DBStoreBuilder (DBStoreBuilder.java:addTable(110)) - using custom profile for table: validCerts
2019-09-04 10:44:20,760 [main] INFO  db.DBStoreBuilder (DBStoreBuilder.java:processTables(161)) - Using default column profile:DBProfile.DISK for Table:validCerts
2019-09-04 10:44:20,761 [main] INFO  db.DBStoreBuilder (DBStoreBuilder.java:addTable(110)) - using custom profile for table: revokedCerts
2019-09-04 10:44:20,761 [main] INFO  db.DBStoreBuilder (DBStoreBuilder.java:processTables(161)) - Using default column profile:DBProfile.DISK for Table:revokedCerts
2019-09-04 10:44:20,761 [main] INFO  db.DBStoreBuilder (DBStoreBuilder.java:addTable(110)) - using custom profile for table: default
2019-09-04 10:44:20,761 [main] INFO  db.DBStoreBuilder (DBStoreBuilder.java:processTables(167)) - Using default column profile:DBProfile.DISK for Table:default
2019-09-04 10:44:20,762 [main] INFO  db.DBStoreBuilder (DBStoreBuilder.java:getDbProfile(198)) - Using default options. DBProfile.DISK
2019-09-04 10:44:20,963 [main] INFO  net.NodeSchemaLoader (NodeSchemaLoader.java:loadSchemaFromFile(125)) - Loading file from sun.misc.CompoundEnumeration@46b2dcc5
2019-09-04 10:44:20,964 [main] INFO  net.NodeSchemaLoader (NodeSchemaLoader.java:loadSchema(171)) - Loading network topology layer schema file
2019-09-04 10:44:20,969 [main] INFO  node.SCMNodeManager (SCMNodeManager.java:<init>(115)) - Entering startup safe mode.
2019-09-04 10:44:20,970 [main] INFO  algorithms.ContainerPlacementPolicyFactory (ContainerPlacementPolicyFactory.java:getPolicy(55)) - Create container placement policy of type org.apache.hadoop.hdds.scm.container.placement.algorithms.SCMContainerPlacementRandom
2019-09-04 10:44:20,970 [main] WARN  server.ServerUtils (ServerUtils.java:getScmDbDir(145)) - ozone.scm.db.dirs is not configured. We recommend adding this setting. Falling back to ozone.metadata.dirs instead.
2019-09-04 10:44:21,032 [main] INFO  pipeline.SCMPipelineManager (SCMPipelineManager.java:initializePipelineState(128)) - No pipeline exists in current db
2019-09-04 10:44:21,033 [main] WARN  server.ServerUtils (ServerUtils.java:getScmDbDir(145)) - ozone.scm.db.dirs is not configured. We recommend adding this setting. Falling back to ozone.metadata.dirs instead.
2019-09-04 10:44:21,109 [main] WARN  events.EventQueue (EventQueue.java:fireEvent(183)) - No event handler registered for event TypedEvent{payloadType=SafeModeStatus, name='SafeModeStatus'}
2019-09-04 10:44:21,111 [main] INFO  ipc.CallQueueManager (CallQueueManager.java:<init>(84)) - Using callQueue: class java.util.concurrent.LinkedBlockingQueue, queueCapacity: 2000, scheduler: class org.apache.hadoop.ipc.DefaultRpcScheduler, ipcBackoff: false.
2019-09-04 10:44:21,112 [Socket Reader #1 for port 42128] INFO  ipc.Server (Server.java:run(1074)) - Starting Socket Reader #1 for port 42128
2019-09-04 10:44:21,114 [main] INFO  ipc.CallQueueManager (CallQueueManager.java:<init>(84)) - Using callQueue: class java.util.concurrent.LinkedBlockingQueue, queueCapacity: 2000, scheduler: class org.apache.hadoop.ipc.DefaultRpcScheduler, ipcBackoff: false.
2019-09-04 10:44:21,114 [Socket Reader #1 for port 38767] INFO  ipc.Server (Server.java:run(1074)) - Starting Socket Reader #1 for port 38767
2019-09-04 10:44:21,115 [main] INFO  ipc.CallQueueManager (CallQueueManager.java:<init>(84)) - Using callQueue: class java.util.concurrent.LinkedBlockingQueue, queueCapacity: 2000, scheduler: class org.apache.hadoop.ipc.DefaultRpcScheduler, ipcBackoff: false.
2019-09-04 10:44:21,116 [Socket Reader #1 for port 41292] INFO  ipc.Server (Server.java:run(1074)) - Starting Socket Reader #1 for port 41292
2019-09-04 10:44:21,118 [main] INFO  hdfs.DFSUtil (DFSUtil.java:httpServerTemplateForNNAndJN(1641)) - Starting Web-server for scm at: http://0.0.0.0:0
2019-09-04 10:44:21,119 [main] INFO  server.AuthenticationFilter (AuthenticationFilter.java:constructSecretProvider(240)) - Unable to initialize FileSignerSecretProvider, falling back to use random secrets.
2019-09-04 10:44:21,120 [main] WARN  http.HttpRequestLog (HttpRequestLog.java:getRequestLog(97)) - Jetty request log can only be enabled using Log4j
2019-09-04 10:44:21,121 [main] INFO  http.HttpServer2 (HttpServer2.java:addGlobalFilter(975)) - Added global filter 'safety' (class=org.apache.hadoop.http.HttpServer2$QuotingInputFilter)
2019-09-04 10:44:21,122 [main] INFO  http.HttpServer2 (HttpServer2.java:addFilter(948)) - Added filter static_user_filter (class=org.apache.hadoop.http.lib.StaticUserWebFilter$StaticUserFilter) to context scm
2019-09-04 10:44:21,122 [main] INFO  http.HttpServer2 (HttpServer2.java:addFilter(958)) - Added filter static_user_filter (class=org.apache.hadoop.http.lib.StaticUserWebFilter$StaticUserFilter) to context logs
2019-09-04 10:44:21,122 [main] INFO  http.HttpServer2 (HttpServer2.java:addFilter(958)) - Added filter static_user_filter (class=org.apache.hadoop.http.lib.StaticUserWebFilter$StaticUserFilter) to context static
2019-09-04 10:44:21,124 [main] INFO  server.StorageContainerManager (StorageContainerManager.java:start(759)) - StorageContainerLocationProtocol RPC server is listening at /0.0.0.0:41292
2019-09-04 10:44:21,126 [main] WARN  impl.MetricsConfig (MetricsConfig.java:loadFirst(134)) - Cannot locate configuration: tried hadoop-metrics2-storagecontainermanager.properties,hadoop-metrics2.properties
2019-09-04 10:44:21,127 [main] INFO  impl.MetricsSystemImpl (MetricsSystemImpl.java:startTimer(374)) - Scheduled Metric snapshot period at 10 second(s).
2019-09-04 10:44:21,127 [main] INFO  impl.MetricsSystemImpl (MetricsSystemImpl.java:start(191)) - StorageContainerManager metrics system started
2019-09-04 10:44:21,154 [main] WARN  impl.MetricsSystemImpl (MetricsSystemImpl.java:register(276)) - Sink prometheus already exists!
2019-09-04 10:44:21,203 [main] INFO  server.SCMClientProtocolServer (SCMClientProtocolServer.java:start(151)) - RPC server for Client  is listening at /0.0.0.0:41292
2019-09-04 10:44:21,204 [IPC Server Responder] INFO  ipc.Server (Server.java:run(1314)) - IPC Server Responder: starting
2019-09-04 10:44:21,204 [IPC Server listener on 41292] INFO  ipc.Server (Server.java:run(1153)) - IPC Server listener on 41292: starting
2019-09-04 10:44:21,207 [main] INFO  server.StorageContainerManager (StorageContainerManager.java:start(769)) - ScmBlockLocationProtocol RPC server is listening at /0.0.0.0:38767
2019-09-04 10:44:21,208 [main] INFO  server.SCMBlockProtocolServer (SCMBlockProtocolServer.java:start(146)) - RPC server for Block Protocol is listening at /0.0.0.0:38767
2019-09-04 10:44:21,208 [IPC Server Responder] INFO  ipc.Server (Server.java:run(1314)) - IPC Server Responder: starting
2019-09-04 10:44:21,209 [IPC Server listener on 38767] INFO  ipc.Server (Server.java:run(1153)) - IPC Server listener on 38767: starting
2019-09-04 10:44:21,211 [main] INFO  server.StorageContainerManager (StorageContainerManager.java:start(773)) - ScmDatanodeProtocl RPC server is listening at /0.0.0.0:42128
2019-09-04 10:44:21,212 [main] INFO  server.SCMDatanodeProtocolServer (SCMDatanodeProtocolServer.java:start(191)) - RPC server for DataNodes is listening at /0.0.0.0:42128
2019-09-04 10:44:21,212 [IPC Server Responder] INFO  ipc.Server (Server.java:run(1314)) - IPC Server Responder: starting
2019-09-04 10:44:21,212 [IPC Server listener on 42128] INFO  ipc.Server (Server.java:run(1153)) - IPC Server listener on 42128: starting
2019-09-04 10:44:21,216 [main] INFO  http.HttpServer2 (HttpServer2.java:bindListener(1191)) - Jetty bound to port 35342
2019-09-04 10:44:21,216 [main] INFO  server.Server (Server.java:doStart(351)) - jetty-9.3.24.v20180605, build timestamp: 2018-06-05T17:11:56Z, git hash: 84205aa28f11a4f31f2a3b86d1bba2cc8ab69827
2019-09-04 10:44:21,218 [main] INFO  handler.ContextHandler (ContextHandler.java:doStart(781)) - Started o.e.j.s.ServletContextHandler@f5bf288{/logs,file:///workdir/hadoop-ozone/integration-test/target/log,AVAILABLE}
2019-09-04 10:44:21,219 [main] INFO  handler.ContextHandler (ContextHandler.java:doStart(781)) - Started o.e.j.s.ServletContextHandler@26c77f54{/static,file:///workdir/hadoop-ozone/integration-test/target/test-classes/webapps/static,AVAILABLE}
2019-09-04 10:44:21,224 [main] INFO  handler.ContextHandler (ContextHandler.java:doStart(781)) - Started o.e.j.w.WebAppContext@9e02f84{/,file:///workdir/hadoop-ozone/integration-test/target/test-classes/webapps/scm/,AVAILABLE}{/scm}
2019-09-04 10:44:21,224 [main] INFO  server.AbstractConnector (AbstractConnector.java:doStart(278)) - Started ServerConnector@1e6060f1{HTTP/1.1,[http/1.1]}{0.0.0.0:35342}
2019-09-04 10:44:21,225 [main] INFO  server.Server (Server.java:doStart(419)) - Started @589855ms
2019-09-04 10:44:21,225 [main] WARN  impl.MetricsSystemImpl (MetricsSystemImpl.java:register(276)) - Sink prometheus already exists!
2019-09-04 10:44:21,226 [main] INFO  server.BaseHttpServer (BaseHttpServer.java:updateConnectorAddress(215)) - HTTP server of SCM is listening at http://0.0.0.0:35342
2019-09-04 10:44:21,227 [main] WARN  server.ServerUtils (ServerUtils.java:getDBPath(222)) - ozone.om.db.dirs is not configured. We recommend adding this setting. Falling back to ozone.metadata.dirs instead.
2019-09-04 10:44:21,228 [org.apache.hadoop.util.JvmPauseMonitor$Monitor@2c6c302f] INFO  util.JvmPauseMonitor (JvmPauseMonitor.java:run(188)) - Starting JVM pause monitor
2019-09-04 10:44:21,240 [main] WARN  server.ServerUtils (ServerUtils.java:getDBPath(222)) - ozone.om.db.dirs is not configured. We recommend adding this setting. Falling back to ozone.metadata.dirs instead.
2019-09-04 10:44:21,241 [main] WARN  server.ServerUtils (ServerUtils.java:getDBPath(222)) - ozone.om.db.dirs is not configured. We recommend adding this setting. Falling back to ozone.metadata.dirs instead.
2019-09-04 10:44:21,241 [main] INFO  om.OzoneManager (OzoneManager.java:setOMNodeDetails(649)) - OM Service ID is not set. Setting it to the default ID: omServiceIdDefault
2019-09-04 10:44:21,242 [main] INFO  om.OzoneManager (OzoneManager.java:setOMNodeDetails(655)) - OM Node ID is not set. Setting it to the OmStorage's OmID: 02d9db42-c2d3-45df-8673-1be63d87b68e
2019-09-04 10:44:21,242 [main] INFO  om.OzoneManager (OzoneManager.java:loadOMHAConfigs(606)) - Found matching OM address with OMServiceId: null, OMNodeId: null, RPC Address: localhost:0 and Ratis port: 9872
2019-09-04 10:44:21,248 [main] WARN  server.ServerUtils (ServerUtils.java:getDBPath(222)) - ozone.om.db.dirs is not configured. We recommend adding this setting. Falling back to ozone.metadata.dirs instead.
2019-09-04 10:44:21,249 [main] INFO  db.DBStoreBuilder (DBStoreBuilder.java:addTable(110)) - using custom profile for table: userTable
2019-09-04 10:44:21,249 [main] INFO  db.DBStoreBuilder (DBStoreBuilder.java:processTables(161)) - Using default column profile:DBProfile.DISK for Table:userTable
2019-09-04 10:44:21,249 [main] INFO  db.DBStoreBuilder (DBStoreBuilder.java:addTable(110)) - using custom profile for table: volumeTable
2019-09-04 10:44:21,249 [main] INFO  db.DBStoreBuilder (DBStoreBuilder.java:processTables(161)) - Using default column profile:DBProfile.DISK for Table:volumeTable
2019-09-04 10:44:21,250 [main] INFO  db.DBStoreBuilder (DBStoreBuilder.java:addTable(110)) - using custom profile for table: bucketTable
2019-09-04 10:44:21,250 [main] INFO  db.DBStoreBuilder (DBStoreBuilder.java:processTables(161)) - Using default column profile:DBProfile.DISK for Table:bucketTable
2019-09-04 10:44:21,250 [main] INFO  db.DBStoreBuilder (DBStoreBuilder.java:addTable(110)) - using custom profile for table: keyTable
2019-09-04 10:44:21,251 [main] INFO  db.DBStoreBuilder (DBStoreBuilder.java:processTables(161)) - Using default column profile:DBProfile.DISK for Table:keyTable
2019-09-04 10:44:21,251 [main] INFO  db.DBStoreBuilder (DBStoreBuilder.java:addTable(110)) - using custom profile for table: deletedTable
2019-09-04 10:44:21,251 [main] INFO  db.DBStoreBuilder (DBStoreBuilder.java:processTables(161)) - Using default column profile:DBProfile.DISK for Table:deletedTable
2019-09-04 10:44:21,251 [main] INFO  db.DBStoreBuilder (DBStoreBuilder.java:addTable(110)) - using custom profile for table: openKeyTable
2019-09-04 10:44:21,252 [main] INFO  db.DBStoreBuilder (DBStoreBuilder.java:processTables(161)) - Using default column profile:DBProfile.DISK for Table:openKeyTable
2019-09-04 10:44:21,252 [main] INFO  db.DBStoreBuilder (DBStoreBuilder.java:addTable(110)) - using custom profile for table: s3Table
2019-09-04 10:44:21,252 [main] INFO  db.DBStoreBuilder (DBStoreBuilder.java:processTables(161)) - Using default column profile:DBProfile.DISK for Table:s3Table
2019-09-04 10:44:21,252 [main] INFO  db.DBStoreBuilder (DBStoreBuilder.java:addTable(110)) - using custom profile for table: multipartInfoTable
2019-09-04 10:44:21,253 [main] INFO  db.DBStoreBuilder (DBStoreBuilder.java:processTables(161)) - Using default column profile:DBProfile.DISK for Table:multipartInfoTable
2019-09-04 10:44:21,253 [main] INFO  db.DBStoreBuilder (DBStoreBuilder.java:addTable(110)) - using custom profile for table: dTokenTable
2019-09-04 10:44:21,253 [main] INFO  db.DBStoreBuilder (DBStoreBuilder.java:processTables(161)) - Using default column profile:DBProfile.DISK for Table:dTokenTable
2019-09-04 10:44:21,253 [main] INFO  db.DBStoreBuilder (DBStoreBuilder.java:addTable(110)) - using custom profile for table: s3SecretTable
2019-09-04 10:44:21,253 [main] INFO  db.DBStoreBuilder (DBStoreBuilder.java:processTables(161)) - Using default column profile:DBProfile.DISK for Table:s3SecretTable
2019-09-04 10:44:21,254 [main] INFO  db.DBStoreBuilder (DBStoreBuilder.java:addTable(110)) - using custom profile for table: prefixTable
2019-09-04 10:44:21,254 [main] INFO  db.DBStoreBuilder (DBStoreBuilder.java:processTables(161)) - Using default column profile:DBProfile.DISK for Table:prefixTable
2019-09-04 10:44:21,254 [main] INFO  db.DBStoreBuilder (DBStoreBuilder.java:addTable(110)) - using custom profile for table: default
2019-09-04 10:44:21,254 [main] INFO  db.DBStoreBuilder (DBStoreBuilder.java:processTables(167)) - Using default column profile:DBProfile.DISK for Table:default
2019-09-04 10:44:21,255 [main] INFO  db.DBStoreBuilder (DBStoreBuilder.java:getDbProfile(198)) - Using default options. DBProfile.DISK
2019-09-04 10:44:21,781 [main] INFO  ipc.CallQueueManager (CallQueueManager.java:<init>(84)) - Using callQueue: class java.util.concurrent.LinkedBlockingQueue, queueCapacity: 2000, scheduler: class org.apache.hadoop.ipc.DefaultRpcScheduler, ipcBackoff: false.
2019-09-04 10:44:21,782 [Socket Reader #1 for port 36466] INFO  ipc.Server (Server.java:run(1074)) - Starting Socket Reader #1 for port 36466
2019-09-04 10:44:21,802 [main] INFO  om.OzoneManager (OzoneManager.java:start(1240)) - OzoneManager RPC server is listening at localhost/127.0.0.1:36466
2019-09-04 10:44:21,802 [main] INFO  impl.MetricsSystemImpl (MetricsSystemImpl.java:init(158)) - OzoneManager metrics system started (again)
2019-09-04 10:44:21,803 [IPC Server Responder] INFO  ipc.Server (Server.java:run(1314)) - IPC Server Responder: starting
2019-09-04 10:44:21,804 [IPC Server listener on 36466] INFO  ipc.Server (Server.java:run(1153)) - IPC Server listener on 36466: starting
2019-09-04 10:44:21,809 [main] INFO  hdfs.DFSUtil (DFSUtil.java:httpServerTemplateForNNAndJN(1641)) - Starting Web-server for ozoneManager at: http://0.0.0.0:0
2019-09-04 10:44:21,811 [main] INFO  server.AuthenticationFilter (AuthenticationFilter.java:constructSecretProvider(240)) - Unable to initialize FileSignerSecretProvider, falling back to use random secrets.
2019-09-04 10:44:21,812 [main] WARN  http.HttpRequestLog (HttpRequestLog.java:getRequestLog(97)) - Jetty request log can only be enabled using Log4j
2019-09-04 10:44:21,814 [main] INFO  http.HttpServer2 (HttpServer2.java:addGlobalFilter(975)) - Added global filter 'safety' (class=org.apache.hadoop.http.HttpServer2$QuotingInputFilter)
2019-09-04 10:44:21,815 [main] INFO  http.HttpServer2 (HttpServer2.java:addFilter(948)) - Added filter static_user_filter (class=org.apache.hadoop.http.lib.StaticUserWebFilter$StaticUserFilter) to context ozoneManager
2019-09-04 10:44:21,815 [main] INFO  http.HttpServer2 (HttpServer2.java:addFilter(958)) - Added filter static_user_filter (class=org.apache.hadoop.http.lib.StaticUserWebFilter$StaticUserFilter) to context logs
2019-09-04 10:44:21,815 [main] INFO  http.HttpServer2 (HttpServer2.java:addFilter(958)) - Added filter static_user_filter (class=org.apache.hadoop.http.lib.StaticUserWebFilter$StaticUserFilter) to context static
2019-09-04 10:44:21,816 [main] INFO  http.HttpServer2 (HttpServer2.java:bindListener(1191)) - Jetty bound to port 33472
2019-09-04 10:44:21,816 [main] INFO  server.Server (Server.java:doStart(351)) - jetty-9.3.24.v20180605, build timestamp: 2018-06-05T17:11:56Z, git hash: 84205aa28f11a4f31f2a3b86d1bba2cc8ab69827
2019-09-04 10:44:21,818 [main] INFO  handler.ContextHandler (ContextHandler.java:doStart(781)) - Started o.e.j.s.ServletContextHandler@492521c4{/logs,file:///workdir/hadoop-ozone/integration-test/target/log,AVAILABLE}
2019-09-04 10:44:21,819 [main] INFO  handler.ContextHandler (ContextHandler.java:doStart(781)) - Started o.e.j.s.ServletContextHandler@6ddd1c51{/static,file:///workdir/hadoop-ozone/integration-test/target/test-classes/webapps/static,AVAILABLE}
2019-09-04 10:44:21,824 [main] INFO  handler.ContextHandler (ContextHandler.java:doStart(781)) - Started o.e.j.w.WebAppContext@512abf25{/,file:///workdir/hadoop-ozone/integration-test/target/test-classes/webapps/ozoneManager/,AVAILABLE}{/ozoneManager}
2019-09-04 10:44:21,825 [main] INFO  server.AbstractConnector (AbstractConnector.java:doStart(278)) - Started ServerConnector@515ab3f2{HTTP/1.1,[http/1.1]}{0.0.0.0:33472}
2019-09-04 10:44:21,826 [main] INFO  server.Server (Server.java:doStart(419)) - Started @590455ms
2019-09-04 10:44:21,826 [main] WARN  impl.MetricsSystemImpl (MetricsSystemImpl.java:register(276)) - Sink prometheus already exists!
2019-09-04 10:44:21,827 [main] INFO  server.BaseHttpServer (BaseHttpServer.java:updateConnectorAddress(215)) - HTTP server of OZONEMANAGER is listening at http://0.0.0.0:33472
2019-09-04 10:44:21,844 [main] INFO  impl.MetricsSystemImpl (MetricsSystemImpl.java:init(158)) - HddsDatanode metrics system started (again)
2019-09-04 10:44:21,847 [main] INFO  ozone.HddsDatanodeService (HddsDatanodeService.java:start(184)) - HddsDatanodeService host:pr-hdds-1982-decom-states-67zng-3388626213 ip:192.168.5.153
2019-09-04 10:44:21,854 [main] INFO  volume.HddsVolume (HddsVolume.java:<init>(176)) - Creating Volume: /workdir/hadoop-ozone/integration-test/target/test-dir/MiniOzoneClusterImpl-8ced44ca-4ee5-44c9-aeff-63b5df35a8b0/datanode-0/data/containers/hdds of  storage type : DISK and capacity : 1482555576320
2019-09-04 10:44:21,854 [main] INFO  volume.VolumeSet (VolumeSet.java:initializeVolumeSet(170)) - Added Volume : /workdir/hadoop-ozone/integration-test/target/test-dir/MiniOzoneClusterImpl-8ced44ca-4ee5-44c9-aeff-63b5df35a8b0/datanode-0/data/containers/hdds to VolumeSet
2019-09-04 10:44:21,855 [main] INFO  volume.ThrottledAsyncChecker (ThrottledAsyncChecker.java:schedule(140)) - Scheduling a check for org.apache.hadoop.ozone.container.common.volume.HddsVolume@26f0141
2019-09-04 10:44:21,855 [main] INFO  volume.HddsVolumeChecker (HddsVolumeChecker.java:checkAllVolumes(203)) - Scheduled health check for volume org.apache.hadoop.ozone.container.common.volume.HddsVolume@26f0141
2019-09-04 10:44:21,871 [main] INFO  impl.RaftServerProxy (ConfUtils.java:logGet(43)) - raft.rpc.type = GRPC (default)
2019-09-04 10:44:21,871 [main] INFO  grpc.GrpcFactory (GrpcFactory.java:checkPooledByteBufAllocatorUseCacheForAllThreads(45)) - PERFORMANCE WARNING: useCacheForAllThreads is true that may cause Netty to create a lot garbage objects and, as a result, trigger GC.
	It is recommended to disable useCacheForAllThreads by setting -Dorg.apache.ratis.thirdparty.io.netty.allocator.useCacheForAllThreads=false in command line.
2019-09-04 10:44:21,872 [main] INFO  grpc.GrpcConfigKeys$Server (ConfUtils.java:logGet(43)) - raft.grpc.server.port = 0 (default)
2019-09-04 10:44:21,872 [main] INFO  server.GrpcService (ConfUtils.java:logGet(43)) - raft.grpc.message.size.max = 33570816 (custom)
2019-09-04 10:44:21,872 [main] INFO  server.RaftServerConfigKeys (ConfUtils.java:logGet(43)) - raft.server.log.appender.buffer.byte-limit = 33554432 (custom)
2019-09-04 10:44:21,872 [main] INFO  server.GrpcService (ConfUtils.java:logGet(43)) - raft.grpc.flow.control.window = 1MB (=1048576) (default)
2019-09-04 10:44:21,873 [main] INFO  server.RaftServerConfigKeys (ConfUtils.java:logGet(43)) - raft.server.rpc.request.timeout = 3000ms (default)
2019-09-04 10:44:21,873 [main] INFO  server.RaftServerConfigKeys (ConfUtils.java:logGet(43)) - raft.server.storage.dir = [/workdir/hadoop-ozone/integration-test/target/test-dir/MiniOzoneClusterImpl-8ced44ca-4ee5-44c9-aeff-63b5df35a8b0/datanode-0/data/ratis] (custom)
2019-09-04 10:44:21,875 [main] INFO  hdfs.DFSUtil (DFSUtil.java:httpServerTemplateForNNAndJN(1641)) - Starting Web-server for hddsDatanode at: http://0.0.0.0:0
2019-09-04 10:44:21,876 [main] INFO  server.AuthenticationFilter (AuthenticationFilter.java:constructSecretProvider(240)) - Unable to initialize FileSignerSecretProvider, falling back to use random secrets.
2019-09-04 10:44:21,876 [main] WARN  http.HttpRequestLog (HttpRequestLog.java:getRequestLog(97)) - Jetty request log can only be enabled using Log4j
2019-09-04 10:44:21,878 [main] INFO  http.HttpServer2 (HttpServer2.java:addGlobalFilter(975)) - Added global filter 'safety' (class=org.apache.hadoop.http.HttpServer2$QuotingInputFilter)
2019-09-04 10:44:21,879 [main] INFO  http.HttpServer2 (HttpServer2.java:addFilter(948)) - Added filter static_user_filter (class=org.apache.hadoop.http.lib.StaticUserWebFilter$StaticUserFilter) to context hddsDatanode
2019-09-04 10:44:21,879 [main] INFO  http.HttpServer2 (HttpServer2.java:addFilter(958)) - Added filter static_user_filter (class=org.apache.hadoop.http.lib.StaticUserWebFilter$StaticUserFilter) to context logs
2019-09-04 10:44:21,879 [main] INFO  http.HttpServer2 (HttpServer2.java:addFilter(958)) - Added filter static_user_filter (class=org.apache.hadoop.http.lib.StaticUserWebFilter$StaticUserFilter) to context static
2019-09-04 10:44:21,880 [main] INFO  http.HttpServer2 (HttpServer2.java:bindListener(1191)) - Jetty bound to port 40205
2019-09-04 10:44:21,880 [main] INFO  server.Server (Server.java:doStart(351)) - jetty-9.3.24.v20180605, build timestamp: 2018-06-05T17:11:56Z, git hash: 84205aa28f11a4f31f2a3b86d1bba2cc8ab69827
2019-09-04 10:44:21,882 [main] INFO  handler.ContextHandler (ContextHandler.java:doStart(781)) - Started o.e.j.s.ServletContextHandler@7c453c34{/logs,file:///workdir/hadoop-ozone/integration-test/target/log,AVAILABLE}
2019-09-04 10:44:21,882 [main] INFO  handler.ContextHandler (ContextHandler.java:doStart(781)) - Started o.e.j.s.ServletContextHandler@3dfd6220{/static,jar:file:/home/user/.m2/repository/org/apache/hadoop/hadoop-hdds-container-service/0.5.0-SNAPSHOT/hadoop-hdds-container-service-0.5.0-SNAPSHOT.jar!/webapps/static,AVAILABLE}
2019-09-04 10:44:21,915 [main] INFO  handler.ContextHandler (ContextHandler.java:doStart(781)) - Started o.e.j.w.WebAppContext@41aebbb4{/,file:///tmp/jetty-0.0.0.0-40205-hddsDatanode-_-any-1001526139355171598.dir/webapp/,AVAILABLE}{/hddsDatanode}
2019-09-04 10:44:21,915 [main] INFO  server.AbstractConnector (AbstractConnector.java:doStart(278)) - Started ServerConnector@afde064{HTTP/1.1,[http/1.1]}{0.0.0.0:40205}
2019-09-04 10:44:21,915 [main] INFO  server.Server (Server.java:doStart(419)) - Started @590545ms
2019-09-04 10:44:21,917 [main] WARN  impl.MetricsSystemImpl (MetricsSystemImpl.java:register(276)) - Sink prometheus already exists!
2019-09-04 10:44:21,917 [main] INFO  server.BaseHttpServer (BaseHttpServer.java:updateConnectorAddress(215)) - HTTP server of HDDSDATANODE is listening at http://0.0.0.0:40205
2019-09-04 10:44:21,918 [main] INFO  impl.MetricsSystemImpl (MetricsSystemImpl.java:init(158)) - HddsDatanode metrics system started (again)
2019-09-04 10:44:21,920 [main] INFO  ozone.HddsDatanodeService (HddsDatanodeService.java:start(184)) - HddsDatanodeService host:pr-hdds-1982-decom-states-67zng-3388626213 ip:192.168.5.153
2019-09-04 10:44:21,921 [org.apache.hadoop.util.JvmPauseMonitor$Monitor@6c14f557] INFO  util.JvmPauseMonitor (JvmPauseMonitor.java:run(188)) - Starting JVM pause monitor
2019-09-04 10:44:21,922 [Datanode State Machine Thread - 0] INFO  datanode.InitDatanodeState (InitDatanodeState.java:persistContainerDatanodeDetails(140)) - DatanodeDetails is persisted to /workdir/hadoop-ozone/integration-test/target/test-dir/MiniOzoneClusterImpl-8ced44ca-4ee5-44c9-aeff-63b5df35a8b0/datanode-0/meta/datanode.id
2019-09-04 10:44:21,927 [main] INFO  volume.HddsVolume (HddsVolume.java:<init>(176)) - Creating Volume: /workdir/hadoop-ozone/integration-test/target/test-dir/MiniOzoneClusterImpl-8ced44ca-4ee5-44c9-aeff-63b5df35a8b0/datanode-1/data/containers/hdds of  storage type : DISK and capacity : 1482555576320
2019-09-04 10:44:21,927 [main] INFO  volume.VolumeSet (VolumeSet.java:initializeVolumeSet(170)) - Added Volume : /workdir/hadoop-ozone/integration-test/target/test-dir/MiniOzoneClusterImpl-8ced44ca-4ee5-44c9-aeff-63b5df35a8b0/datanode-1/data/containers/hdds to VolumeSet
2019-09-04 10:44:21,927 [main] INFO  volume.ThrottledAsyncChecker (ThrottledAsyncChecker.java:schedule(140)) - Scheduling a check for org.apache.hadoop.ozone.container.common.volume.HddsVolume@4ffced4e
2019-09-04 10:44:21,928 [main] INFO  volume.HddsVolumeChecker (HddsVolumeChecker.java:checkAllVolumes(203)) - Scheduled health check for volume org.apache.hadoop.ozone.container.common.volume.HddsVolume@4ffced4e
2019-09-04 10:44:21,942 [main] INFO  impl.RaftServerProxy (ConfUtils.java:logGet(43)) - raft.rpc.type = GRPC (default)
2019-09-04 10:44:21,943 [main] INFO  grpc.GrpcFactory (GrpcFactory.java:checkPooledByteBufAllocatorUseCacheForAllThreads(45)) - PERFORMANCE WARNING: useCacheForAllThreads is true that may cause Netty to create a lot garbage objects and, as a result, trigger GC.
	It is recommended to disable useCacheForAllThreads by setting -Dorg.apache.ratis.thirdparty.io.netty.allocator.useCacheForAllThreads=false in command line.
2019-09-04 10:44:21,943 [main] INFO  grpc.GrpcConfigKeys$Server (ConfUtils.java:logGet(43)) - raft.grpc.server.port = 0 (default)
2019-09-04 10:44:21,943 [main] INFO  server.GrpcService (ConfUtils.java:logGet(43)) - raft.grpc.message.size.max = 33570816 (custom)
2019-09-04 10:44:21,943 [main] INFO  server.RaftServerConfigKeys (ConfUtils.java:logGet(43)) - raft.server.log.appender.buffer.byte-limit = 33554432 (custom)
2019-09-04 10:44:21,944 [main] INFO  server.GrpcService (ConfUtils.java:logGet(43)) - raft.grpc.flow.control.window = 1MB (=1048576) (default)
2019-09-04 10:44:21,944 [main] INFO  server.RaftServerConfigKeys (ConfUtils.java:logGet(43)) - raft.server.rpc.request.timeout = 3000ms (default)
2019-09-04 10:44:21,944 [main] INFO  server.RaftServerConfigKeys (ConfUtils.java:logGet(43)) - raft.server.storage.dir = [/workdir/hadoop-ozone/integration-test/target/test-dir/MiniOzoneClusterImpl-8ced44ca-4ee5-44c9-aeff-63b5df35a8b0/datanode-1/data/ratis] (custom)
2019-09-04 10:44:21,946 [main] INFO  hdfs.DFSUtil (DFSUtil.java:httpServerTemplateForNNAndJN(1641)) - Starting Web-server for hddsDatanode at: http://0.0.0.0:0
2019-09-04 10:44:21,947 [main] INFO  server.AuthenticationFilter (AuthenticationFilter.java:constructSecretProvider(240)) - Unable to initialize FileSignerSecretProvider, falling back to use random secrets.
2019-09-04 10:44:21,947 [main] WARN  http.HttpRequestLog (HttpRequestLog.java:getRequestLog(97)) - Jetty request log can only be enabled using Log4j
2019-09-04 10:44:21,949 [main] INFO  http.HttpServer2 (HttpServer2.java:addGlobalFilter(975)) - Added global filter 'safety' (class=org.apache.hadoop.http.HttpServer2$QuotingInputFilter)
2019-09-04 10:44:21,950 [main] INFO  http.HttpServer2 (HttpServer2.java:addFilter(948)) - Added filter static_user_filter (class=org.apache.hadoop.http.lib.StaticUserWebFilter$StaticUserFilter) to context hddsDatanode
2019-09-04 10:44:21,950 [main] INFO  http.HttpServer2 (HttpServer2.java:addFilter(958)) - Added filter static_user_filter (class=org.apache.hadoop.http.lib.StaticUserWebFilter$StaticUserFilter) to context logs
2019-09-04 10:44:21,950 [main] INFO  http.HttpServer2 (HttpServer2.java:addFilter(958)) - Added filter static_user_filter (class=org.apache.hadoop.http.lib.StaticUserWebFilter$StaticUserFilter) to context static
2019-09-04 10:44:21,951 [main] INFO  http.HttpServer2 (HttpServer2.java:bindListener(1191)) - Jetty bound to port 33889
2019-09-04 10:44:21,951 [main] INFO  server.Server (Server.java:doStart(351)) - jetty-9.3.24.v20180605, build timestamp: 2018-06-05T17:11:56Z, git hash: 84205aa28f11a4f31f2a3b86d1bba2cc8ab69827
2019-09-04 10:44:21,952 [main] INFO  handler.ContextHandler (ContextHandler.java:doStart(781)) - Started o.e.j.s.ServletContextHandler@4270b142{/logs,file:///workdir/hadoop-ozone/integration-test/target/log,AVAILABLE}
2019-09-04 10:44:21,953 [main] INFO  handler.ContextHandler (ContextHandler.java:doStart(781)) - Started o.e.j.s.ServletContextHandler@6314df3c{/static,jar:file:/home/user/.m2/repository/org/apache/hadoop/hadoop-hdds-container-service/0.5.0-SNAPSHOT/hadoop-hdds-container-service-0.5.0-SNAPSHOT.jar!/webapps/static,AVAILABLE}
2019-09-04 10:44:21,980 [main] INFO  handler.ContextHandler (ContextHandler.java:doStart(781)) - Started o.e.j.w.WebAppContext@6459f4ea{/,file:///tmp/jetty-0.0.0.0-33889-hddsDatanode-_-any-5001200816170845450.dir/webapp/,AVAILABLE}{/hddsDatanode}
2019-09-04 10:44:21,980 [main] INFO  server.AbstractConnector (AbstractConnector.java:doStart(278)) - Started ServerConnector@740b9a50{HTTP/1.1,[http/1.1]}{0.0.0.0:33889}
2019-09-04 10:44:21,980 [main] INFO  server.Server (Server.java:doStart(419)) - Started @590610ms
2019-09-04 10:44:21,982 [main] WARN  impl.MetricsSystemImpl (MetricsSystemImpl.java:register(276)) - Sink prometheus already exists!
2019-09-04 10:44:21,983 [main] INFO  server.BaseHttpServer (BaseHttpServer.java:updateConnectorAddress(215)) - HTTP server of HDDSDATANODE is listening at http://0.0.0.0:33889
2019-09-04 10:44:21,983 [main] INFO  impl.MetricsSystemImpl (MetricsSystemImpl.java:init(158)) - HddsDatanode metrics system started (again)
2019-09-04 10:44:21,985 [main] INFO  ozone.HddsDatanodeService (HddsDatanodeService.java:start(184)) - HddsDatanodeService host:pr-hdds-1982-decom-states-67zng-3388626213 ip:192.168.5.153
2019-09-04 10:44:21,986 [org.apache.hadoop.util.JvmPauseMonitor$Monitor@6f96b638] INFO  util.JvmPauseMonitor (JvmPauseMonitor.java:run(188)) - Starting JVM pause monitor
2019-09-04 10:44:21,987 [Datanode State Machine Thread - 0] INFO  datanode.InitDatanodeState (InitDatanodeState.java:persistContainerDatanodeDetails(140)) - DatanodeDetails is persisted to /workdir/hadoop-ozone/integration-test/target/test-dir/MiniOzoneClusterImpl-8ced44ca-4ee5-44c9-aeff-63b5df35a8b0/datanode-1/meta/datanode.id
2019-09-04 10:44:21,991 [main] INFO  volume.HddsVolume (HddsVolume.java:<init>(176)) - Creating Volume: /workdir/hadoop-ozone/integration-test/target/test-dir/MiniOzoneClusterImpl-8ced44ca-4ee5-44c9-aeff-63b5df35a8b0/datanode-2/data/containers/hdds of  storage type : DISK and capacity : 1482555576320
2019-09-04 10:44:21,992 [main] INFO  volume.VolumeSet (VolumeSet.java:initializeVolumeSet(170)) - Added Volume : /workdir/hadoop-ozone/integration-test/target/test-dir/MiniOzoneClusterImpl-8ced44ca-4ee5-44c9-aeff-63b5df35a8b0/datanode-2/data/containers/hdds to VolumeSet
2019-09-04 10:44:21,992 [main] INFO  volume.ThrottledAsyncChecker (ThrottledAsyncChecker.java:schedule(140)) - Scheduling a check for org.apache.hadoop.ozone.container.common.volume.HddsVolume@723e2d08
2019-09-04 10:44:21,993 [main] INFO  volume.HddsVolumeChecker (HddsVolumeChecker.java:checkAllVolumes(203)) - Scheduled health check for volume org.apache.hadoop.ozone.container.common.volume.HddsVolume@723e2d08
2019-09-04 10:44:22,012 [main] INFO  impl.RaftServerProxy (ConfUtils.java:logGet(43)) - raft.rpc.type = GRPC (default)
2019-09-04 10:44:22,012 [main] INFO  grpc.GrpcFactory (GrpcFactory.java:checkPooledByteBufAllocatorUseCacheForAllThreads(45)) - PERFORMANCE WARNING: useCacheForAllThreads is true that may cause Netty to create a lot garbage objects and, as a result, trigger GC.
	It is recommended to disable useCacheForAllThreads by setting -Dorg.apache.ratis.thirdparty.io.netty.allocator.useCacheForAllThreads=false in command line.
2019-09-04 10:44:22,012 [main] INFO  grpc.GrpcConfigKeys$Server (ConfUtils.java:logGet(43)) - raft.grpc.server.port = 0 (default)
2019-09-04 10:44:22,012 [main] INFO  server.GrpcService (ConfUtils.java:logGet(43)) - raft.grpc.message.size.max = 33570816 (custom)
2019-09-04 10:44:22,013 [main] INFO  server.RaftServerConfigKeys (ConfUtils.java:logGet(43)) - raft.server.log.appender.buffer.byte-limit = 33554432 (custom)
2019-09-04 10:44:22,013 [main] INFO  server.GrpcService (ConfUtils.java:logGet(43)) - raft.grpc.flow.control.window = 1MB (=1048576) (default)
2019-09-04 10:44:22,013 [main] INFO  server.RaftServerConfigKeys (ConfUtils.java:logGet(43)) - raft.server.rpc.request.timeout = 3000ms (default)
2019-09-04 10:44:22,014 [main] INFO  server.RaftServerConfigKeys (ConfUtils.java:logGet(43)) - raft.server.storage.dir = [/workdir/hadoop-ozone/integration-test/target/test-dir/MiniOzoneClusterImpl-8ced44ca-4ee5-44c9-aeff-63b5df35a8b0/datanode-2/data/ratis] (custom)
2019-09-04 10:44:22,015 [main] INFO  hdfs.DFSUtil (DFSUtil.java:httpServerTemplateForNNAndJN(1641)) - Starting Web-server for hddsDatanode at: http://0.0.0.0:0
2019-09-04 10:44:22,017 [main] INFO  server.AuthenticationFilter (AuthenticationFilter.java:constructSecretProvider(240)) - Unable to initialize FileSignerSecretProvider, falling back to use random secrets.
2019-09-04 10:44:22,017 [main] WARN  http.HttpRequestLog (HttpRequestLog.java:getRequestLog(97)) - Jetty request log can only be enabled using Log4j
2019-09-04 10:44:22,018 [main] INFO  http.HttpServer2 (HttpServer2.java:addGlobalFilter(975)) - Added global filter 'safety' (class=org.apache.hadoop.http.HttpServer2$QuotingInputFilter)
2019-09-04 10:44:22,019 [main] INFO  http.HttpServer2 (HttpServer2.java:addFilter(948)) - Added filter static_user_filter (class=org.apache.hadoop.http.lib.StaticUserWebFilter$StaticUserFilter) to context hddsDatanode
2019-09-04 10:44:22,019 [main] INFO  http.HttpServer2 (HttpServer2.java:addFilter(958)) - Added filter static_user_filter (class=org.apache.hadoop.http.lib.StaticUserWebFilter$StaticUserFilter) to context static
2019-09-04 10:44:22,019 [main] INFO  http.HttpServer2 (HttpServer2.java:addFilter(958)) - Added filter static_user_filter (class=org.apache.hadoop.http.lib.StaticUserWebFilter$StaticUserFilter) to context logs
2019-09-04 10:44:22,020 [main] INFO  http.HttpServer2 (HttpServer2.java:bindListener(1191)) - Jetty bound to port 46480
2019-09-04 10:44:22,020 [main] INFO  server.Server (Server.java:doStart(351)) - jetty-9.3.24.v20180605, build timestamp: 2018-06-05T17:11:56Z, git hash: 84205aa28f11a4f31f2a3b86d1bba2cc8ab69827
2019-09-04 10:44:22,021 [main] INFO  handler.ContextHandler (ContextHandler.java:doStart(781)) - Started o.e.j.s.ServletContextHandler@28d739f1{/logs,file:///workdir/hadoop-ozone/integration-test/target/log,AVAILABLE}
2019-09-04 10:44:22,022 [main] INFO  handler.ContextHandler (ContextHandler.java:doStart(781)) - Started o.e.j.s.ServletContextHandler@7e3d2ebd{/static,jar:file:/home/user/.m2/repository/org/apache/hadoop/hadoop-hdds-container-service/0.5.0-SNAPSHOT/hadoop-hdds-container-service-0.5.0-SNAPSHOT.jar!/webapps/static,AVAILABLE}
2019-09-04 10:44:22,049 [main] INFO  handler.ContextHandler (ContextHandler.java:doStart(781)) - Started o.e.j.w.WebAppContext@4602f874{/,file:///tmp/jetty-0.0.0.0-46480-hddsDatanode-_-any-52050383722593464.dir/webapp/,AVAILABLE}{/hddsDatanode}
2019-09-04 10:44:22,049 [main] INFO  server.AbstractConnector (AbstractConnector.java:doStart(278)) - Started ServerConnector@7739aac4{HTTP/1.1,[http/1.1]}{0.0.0.0:46480}
2019-09-04 10:44:22,050 [main] INFO  server.Server (Server.java:doStart(419)) - Started @590680ms
2019-09-04 10:44:22,050 [main] WARN  impl.MetricsSystemImpl (MetricsSystemImpl.java:register(276)) - Sink prometheus already exists!
2019-09-04 10:44:22,051 [main] INFO  server.BaseHttpServer (BaseHttpServer.java:updateConnectorAddress(215)) - HTTP server of HDDSDATANODE is listening at http://0.0.0.0:46480
2019-09-04 10:44:22,051 [main] INFO  impl.MetricsSystemImpl (MetricsSystemImpl.java:init(158)) - HddsDatanode metrics system started (again)
2019-09-04 10:44:22,054 [org.apache.hadoop.util.JvmPauseMonitor$Monitor@72a3f1f0] INFO  util.JvmPauseMonitor (JvmPauseMonitor.java:run(188)) - Starting JVM pause monitor
2019-09-04 10:44:22,054 [main] INFO  ozone.HddsDatanodeService (HddsDatanodeService.java:start(184)) - HddsDatanodeService host:pr-hdds-1982-decom-states-67zng-3388626213 ip:192.168.5.153
2019-09-04 10:44:22,055 [Datanode State Machine Thread - 0] INFO  datanode.InitDatanodeState (InitDatanodeState.java:persistContainerDatanodeDetails(140)) - DatanodeDetails is persisted to /workdir/hadoop-ozone/integration-test/target/test-dir/MiniOzoneClusterImpl-8ced44ca-4ee5-44c9-aeff-63b5df35a8b0/datanode-2/meta/datanode.id
2019-09-04 10:44:22,061 [main] INFO  volume.HddsVolume (HddsVolume.java:<init>(176)) - Creating Volume: /workdir/hadoop-ozone/integration-test/target/test-dir/MiniOzoneClusterImpl-8ced44ca-4ee5-44c9-aeff-63b5df35a8b0/datanode-3/data/containers/hdds of  storage type : DISK and capacity : 1482555576320
2019-09-04 10:44:22,061 [main] INFO  volume.VolumeSet (VolumeSet.java:initializeVolumeSet(170)) - Added Volume : /workdir/hadoop-ozone/integration-test/target/test-dir/MiniOzoneClusterImpl-8ced44ca-4ee5-44c9-aeff-63b5df35a8b0/datanode-3/data/containers/hdds to VolumeSet
2019-09-04 10:44:22,061 [main] INFO  volume.ThrottledAsyncChecker (ThrottledAsyncChecker.java:schedule(140)) - Scheduling a check for org.apache.hadoop.ozone.container.common.volume.HddsVolume@67f946c3
2019-09-04 10:44:22,062 [main] INFO  volume.HddsVolumeChecker (HddsVolumeChecker.java:checkAllVolumes(203)) - Scheduled health check for volume org.apache.hadoop.ozone.container.common.volume.HddsVolume@67f946c3
2019-09-04 10:44:22,075 [main] INFO  impl.RaftServerProxy (ConfUtils.java:logGet(43)) - raft.rpc.type = GRPC (default)
2019-09-04 10:44:22,075 [main] INFO  grpc.GrpcFactory (GrpcFactory.java:checkPooledByteBufAllocatorUseCacheForAllThreads(45)) - PERFORMANCE WARNING: useCacheForAllThreads is true that may cause Netty to create a lot garbage objects and, as a result, trigger GC.
	It is recommended to disable useCacheForAllThreads by setting -Dorg.apache.ratis.thirdparty.io.netty.allocator.useCacheForAllThreads=false in command line.
2019-09-04 10:44:22,075 [main] INFO  grpc.GrpcConfigKeys$Server (ConfUtils.java:logGet(43)) - raft.grpc.server.port = 0 (default)
2019-09-04 10:44:22,076 [main] INFO  server.GrpcService (ConfUtils.java:logGet(43)) - raft.grpc.message.size.max = 33570816 (custom)
2019-09-04 10:44:22,076 [main] INFO  server.RaftServerConfigKeys (ConfUtils.java:logGet(43)) - raft.server.log.appender.buffer.byte-limit = 33554432 (custom)
2019-09-04 10:44:22,076 [main] INFO  server.GrpcService (ConfUtils.java:logGet(43)) - raft.grpc.flow.control.window = 1MB (=1048576) (default)
2019-09-04 10:44:22,076 [main] INFO  server.RaftServerConfigKeys (ConfUtils.java:logGet(43)) - raft.server.rpc.request.timeout = 3000ms (default)
2019-09-04 10:44:22,076 [main] INFO  server.RaftServerConfigKeys (ConfUtils.java:logGet(43)) - raft.server.storage.dir = [/workdir/hadoop-ozone/integration-test/target/test-dir/MiniOzoneClusterImpl-8ced44ca-4ee5-44c9-aeff-63b5df35a8b0/datanode-3/data/ratis] (custom)
2019-09-04 10:44:22,078 [main] INFO  hdfs.DFSUtil (DFSUtil.java:httpServerTemplateForNNAndJN(1641)) - Starting Web-server for hddsDatanode at: http://0.0.0.0:0
2019-09-04 10:44:22,079 [main] INFO  server.AuthenticationFilter (AuthenticationFilter.java:constructSecretProvider(240)) - Unable to initialize FileSignerSecretProvider, falling back to use random secrets.
2019-09-04 10:44:22,079 [main] WARN  http.HttpRequestLog (HttpRequestLog.java:getRequestLog(97)) - Jetty request log can only be enabled using Log4j
2019-09-04 10:44:22,080 [main] INFO  http.HttpServer2 (HttpServer2.java:addGlobalFilter(975)) - Added global filter 'safety' (class=org.apache.hadoop.http.HttpServer2$QuotingInputFilter)
2019-09-04 10:44:22,081 [main] INFO  http.HttpServer2 (HttpServer2.java:addFilter(948)) - Added filter static_user_filter (class=org.apache.hadoop.http.lib.StaticUserWebFilter$StaticUserFilter) to context hddsDatanode
2019-09-04 10:44:22,081 [main] INFO  http.HttpServer2 (HttpServer2.java:addFilter(958)) - Added filter static_user_filter (class=org.apache.hadoop.http.lib.StaticUserWebFilter$StaticUserFilter) to context static
2019-09-04 10:44:22,081 [main] INFO  http.HttpServer2 (HttpServer2.java:addFilter(958)) - Added filter static_user_filter (class=org.apache.hadoop.http.lib.StaticUserWebFilter$StaticUserFilter) to context logs
2019-09-04 10:44:22,082 [main] INFO  http.HttpServer2 (HttpServer2.java:bindListener(1191)) - Jetty bound to port 36376
2019-09-04 10:44:22,082 [main] INFO  server.Server (Server.java:doStart(351)) - jetty-9.3.24.v20180605, build timestamp: 2018-06-05T17:11:56Z, git hash: 84205aa28f11a4f31f2a3b86d1bba2cc8ab69827
2019-09-04 10:44:22,083 [main] INFO  handler.ContextHandler (ContextHandler.java:doStart(781)) - Started o.e.j.s.ServletContextHandler@4137aab0{/logs,file:///workdir/hadoop-ozone/integration-test/target/log,AVAILABLE}
2019-09-04 10:44:22,084 [main] INFO  handler.ContextHandler (ContextHandler.java:doStart(781)) - Started o.e.j.s.ServletContextHandler@682e422c{/static,jar:file:/home/user/.m2/repository/org/apache/hadoop/hadoop-hdds-container-service/0.5.0-SNAPSHOT/hadoop-hdds-container-service-0.5.0-SNAPSHOT.jar!/webapps/static,AVAILABLE}
2019-09-04 10:44:22,110 [main] INFO  handler.ContextHandler (ContextHandler.java:doStart(781)) - Started o.e.j.w.WebAppContext@46468f0{/,file:///tmp/jetty-0.0.0.0-36376-hddsDatanode-_-any-2745356550393238291.dir/webapp/,AVAILABLE}{/hddsDatanode}
2019-09-04 10:44:22,110 [main] INFO  server.AbstractConnector (AbstractConnector.java:doStart(278)) - Started ServerConnector@5f8f1712{HTTP/1.1,[http/1.1]}{0.0.0.0:36376}
2019-09-04 10:44:22,112 [main] INFO  server.Server (Server.java:doStart(419)) - Started @590742ms
2019-09-04 10:44:22,112 [main] WARN  impl.MetricsSystemImpl (MetricsSystemImpl.java:register(276)) - Sink prometheus already exists!
2019-09-04 10:44:22,113 [main] INFO  server.BaseHttpServer (BaseHttpServer.java:updateConnectorAddress(215)) - HTTP server of HDDSDATANODE is listening at http://0.0.0.0:36376
2019-09-04 10:44:22,113 [main] INFO  impl.MetricsSystemImpl (MetricsSystemImpl.java:init(158)) - HddsDatanode metrics system started (again)
2019-09-04 10:44:22,116 [main] INFO  ozone.HddsDatanodeService (HddsDatanodeService.java:start(184)) - HddsDatanodeService host:pr-hdds-1982-decom-states-67zng-3388626213 ip:192.168.5.153
2019-09-04 10:44:22,116 [org.apache.hadoop.util.JvmPauseMonitor$Monitor@2270b73c] INFO  util.JvmPauseMonitor (JvmPauseMonitor.java:run(188)) - Starting JVM pause monitor
2019-09-04 10:44:22,117 [Datanode State Machine Thread - 0] INFO  datanode.InitDatanodeState (InitDatanodeState.java:persistContainerDatanodeDetails(140)) - DatanodeDetails is persisted to /workdir/hadoop-ozone/integration-test/target/test-dir/MiniOzoneClusterImpl-8ced44ca-4ee5-44c9-aeff-63b5df35a8b0/datanode-3/meta/datanode.id
2019-09-04 10:44:22,122 [main] INFO  volume.HddsVolume (HddsVolume.java:<init>(176)) - Creating Volume: /workdir/hadoop-ozone/integration-test/target/test-dir/MiniOzoneClusterImpl-8ced44ca-4ee5-44c9-aeff-63b5df35a8b0/datanode-4/data/containers/hdds of  storage type : DISK and capacity : 1482555576320
2019-09-04 10:44:22,122 [main] INFO  volume.VolumeSet (VolumeSet.java:initializeVolumeSet(170)) - Added Volume : /workdir/hadoop-ozone/integration-test/target/test-dir/MiniOzoneClusterImpl-8ced44ca-4ee5-44c9-aeff-63b5df35a8b0/datanode-4/data/containers/hdds to VolumeSet
2019-09-04 10:44:22,122 [main] INFO  volume.ThrottledAsyncChecker (ThrottledAsyncChecker.java:schedule(140)) - Scheduling a check for org.apache.hadoop.ozone.container.common.volume.HddsVolume@28ee882c
2019-09-04 10:44:22,123 [main] INFO  volume.HddsVolumeChecker (HddsVolumeChecker.java:checkAllVolumes(203)) - Scheduled health check for volume org.apache.hadoop.ozone.container.common.volume.HddsVolume@28ee882c
2019-09-04 10:44:22,135 [main] INFO  impl.RaftServerProxy (ConfUtils.java:logGet(43)) - raft.rpc.type = GRPC (default)
2019-09-04 10:44:22,135 [main] INFO  grpc.GrpcFactory (GrpcFactory.java:checkPooledByteBufAllocatorUseCacheForAllThreads(45)) - PERFORMANCE WARNING: useCacheForAllThreads is true that may cause Netty to create a lot garbage objects and, as a result, trigger GC.
	It is recommended to disable useCacheForAllThreads by setting -Dorg.apache.ratis.thirdparty.io.netty.allocator.useCacheForAllThreads=false in command line.
2019-09-04 10:44:22,136 [main] INFO  grpc.GrpcConfigKeys$Server (ConfUtils.java:logGet(43)) - raft.grpc.server.port = 0 (default)
2019-09-04 10:44:22,136 [main] INFO  server.GrpcService (ConfUtils.java:logGet(43)) - raft.grpc.message.size.max = 33570816 (custom)
2019-09-04 10:44:22,136 [main] INFO  server.RaftServerConfigKeys (ConfUtils.java:logGet(43)) - raft.server.log.appender.buffer.byte-limit = 33554432 (custom)
2019-09-04 10:44:22,136 [main] INFO  server.GrpcService (ConfUtils.java:logGet(43)) - raft.grpc.flow.control.window = 1MB (=1048576) (default)
2019-09-04 10:44:22,136 [main] INFO  server.RaftServerConfigKeys (ConfUtils.java:logGet(43)) - raft.server.rpc.request.timeout = 3000ms (default)
2019-09-04 10:44:22,137 [main] INFO  server.RaftServerConfigKeys (ConfUtils.java:logGet(43)) - raft.server.storage.dir = [/workdir/hadoop-ozone/integration-test/target/test-dir/MiniOzoneClusterImpl-8ced44ca-4ee5-44c9-aeff-63b5df35a8b0/datanode-4/data/ratis] (custom)
2019-09-04 10:44:22,138 [main] INFO  hdfs.DFSUtil (DFSUtil.java:httpServerTemplateForNNAndJN(1641)) - Starting Web-server for hddsDatanode at: http://0.0.0.0:0
2019-09-04 10:44:22,139 [main] INFO  server.AuthenticationFilter (AuthenticationFilter.java:constructSecretProvider(240)) - Unable to initialize FileSignerSecretProvider, falling back to use random secrets.
2019-09-04 10:44:22,139 [main] WARN  http.HttpRequestLog (HttpRequestLog.java:getRequestLog(97)) - Jetty request log can only be enabled using Log4j
2019-09-04 10:44:22,140 [main] INFO  http.HttpServer2 (HttpServer2.java:addGlobalFilter(975)) - Added global filter 'safety' (class=org.apache.hadoop.http.HttpServer2$QuotingInputFilter)
2019-09-04 10:44:22,141 [main] INFO  http.HttpServer2 (HttpServer2.java:addFilter(948)) - Added filter static_user_filter (class=org.apache.hadoop.http.lib.StaticUserWebFilter$StaticUserFilter) to context hddsDatanode
2019-09-04 10:44:22,141 [main] INFO  http.HttpServer2 (HttpServer2.java:addFilter(958)) - Added filter static_user_filter (class=org.apache.hadoop.http.lib.StaticUserWebFilter$StaticUserFilter) to context logs
2019-09-04 10:44:22,141 [main] INFO  http.HttpServer2 (HttpServer2.java:addFilter(958)) - Added filter static_user_filter (class=org.apache.hadoop.http.lib.StaticUserWebFilter$StaticUserFilter) to context static
2019-09-04 10:44:22,142 [main] INFO  http.HttpServer2 (HttpServer2.java:bindListener(1191)) - Jetty bound to port 33236
2019-09-04 10:44:22,142 [main] INFO  server.Server (Server.java:doStart(351)) - jetty-9.3.24.v20180605, build timestamp: 2018-06-05T17:11:56Z, git hash: 84205aa28f11a4f31f2a3b86d1bba2cc8ab69827
2019-09-04 10:44:22,143 [main] INFO  handler.ContextHandler (ContextHandler.java:doStart(781)) - Started o.e.j.s.ServletContextHandler@785ed99c{/logs,file:///workdir/hadoop-ozone/integration-test/target/log,AVAILABLE}
2019-09-04 10:44:22,144 [main] INFO  handler.ContextHandler (ContextHandler.java:doStart(781)) - Started o.e.j.s.ServletContextHandler@755b5f30{/static,jar:file:/home/user/.m2/repository/org/apache/hadoop/hadoop-hdds-container-service/0.5.0-SNAPSHOT/hadoop-hdds-container-service-0.5.0-SNAPSHOT.jar!/webapps/static,AVAILABLE}
2019-09-04 10:44:22,170 [main] INFO  handler.ContextHandler (ContextHandler.java:doStart(781)) - Started o.e.j.w.WebAppContext@7b8ea1db{/,file:///tmp/jetty-0.0.0.0-33236-hddsDatanode-_-any-6043786692067233076.dir/webapp/,AVAILABLE}{/hddsDatanode}
2019-09-04 10:44:22,171 [main] INFO  server.AbstractConnector (AbstractConnector.java:doStart(278)) - Started ServerConnector@a91119b{HTTP/1.1,[http/1.1]}{0.0.0.0:33236}
2019-09-04 10:44:22,172 [main] INFO  server.Server (Server.java:doStart(419)) - Started @590801ms
2019-09-04 10:44:22,172 [main] WARN  impl.MetricsSystemImpl (MetricsSystemImpl.java:register(276)) - Sink prometheus already exists!
2019-09-04 10:44:22,173 [main] INFO  server.BaseHttpServer (BaseHttpServer.java:updateConnectorAddress(215)) - HTTP server of HDDSDATANODE is listening at http://0.0.0.0:33236
2019-09-04 10:44:22,173 [main] INFO  impl.MetricsSystemImpl (MetricsSystemImpl.java:init(158)) - HddsDatanode metrics system started (again)
2019-09-04 10:44:22,177 [org.apache.hadoop.util.JvmPauseMonitor$Monitor@1f5f2a13] INFO  util.JvmPauseMonitor (JvmPauseMonitor.java:run(188)) - Starting JVM pause monitor
2019-09-04 10:44:22,177 [main] INFO  ozone.HddsDatanodeService (HddsDatanodeService.java:start(184)) - HddsDatanodeService host:pr-hdds-1982-decom-states-67zng-3388626213 ip:192.168.5.153
2019-09-04 10:44:22,178 [Datanode State Machine Thread - 0] INFO  datanode.InitDatanodeState (InitDatanodeState.java:persistContainerDatanodeDetails(140)) - DatanodeDetails is persisted to /workdir/hadoop-ozone/integration-test/target/test-dir/MiniOzoneClusterImpl-8ced44ca-4ee5-44c9-aeff-63b5df35a8b0/datanode-4/meta/datanode.id
2019-09-04 10:44:22,182 [main] INFO  volume.HddsVolume (HddsVolume.java:<init>(176)) - Creating Volume: /workdir/hadoop-ozone/integration-test/target/test-dir/MiniOzoneClusterImpl-8ced44ca-4ee5-44c9-aeff-63b5df35a8b0/datanode-5/data/containers/hdds of  storage type : DISK and capacity : 1482555576320
2019-09-04 10:44:22,183 [main] INFO  volume.VolumeSet (VolumeSet.java:initializeVolumeSet(170)) - Added Volume : /workdir/hadoop-ozone/integration-test/target/test-dir/MiniOzoneClusterImpl-8ced44ca-4ee5-44c9-aeff-63b5df35a8b0/datanode-5/data/containers/hdds to VolumeSet
2019-09-04 10:44:22,183 [main] INFO  volume.ThrottledAsyncChecker (ThrottledAsyncChecker.java:schedule(140)) - Scheduling a check for org.apache.hadoop.ozone.container.common.volume.HddsVolume@4f2ac7e0
2019-09-04 10:44:22,183 [main] INFO  volume.HddsVolumeChecker (HddsVolumeChecker.java:checkAllVolumes(203)) - Scheduled health check for volume org.apache.hadoop.ozone.container.common.volume.HddsVolume@4f2ac7e0
2019-09-04 10:44:22,196 [main] INFO  impl.RaftServerProxy (ConfUtils.java:logGet(43)) - raft.rpc.type = GRPC (default)
2019-09-04 10:44:22,196 [main] INFO  grpc.GrpcFactory (GrpcFactory.java:checkPooledByteBufAllocatorUseCacheForAllThreads(45)) - PERFORMANCE WARNING: useCacheForAllThreads is true that may cause Netty to create a lot garbage objects and, as a result, trigger GC.
	It is recommended to disable useCacheForAllThreads by setting -Dorg.apache.ratis.thirdparty.io.netty.allocator.useCacheForAllThreads=false in command line.
2019-09-04 10:44:22,197 [main] INFO  grpc.GrpcConfigKeys$Server (ConfUtils.java:logGet(43)) - raft.grpc.server.port = 0 (default)
2019-09-04 10:44:22,197 [main] INFO  server.GrpcService (ConfUtils.java:logGet(43)) - raft.grpc.message.size.max = 33570816 (custom)
2019-09-04 10:44:22,197 [main] INFO  server.RaftServerConfigKeys (ConfUtils.java:logGet(43)) - raft.server.log.appender.buffer.byte-limit = 33554432 (custom)
2019-09-04 10:44:22,197 [main] INFO  server.GrpcService (ConfUtils.java:logGet(43)) - raft.grpc.flow.control.window = 1MB (=1048576) (default)
2019-09-04 10:44:22,197 [main] INFO  server.RaftServerConfigKeys (ConfUtils.java:logGet(43)) - raft.server.rpc.request.timeout = 3000ms (default)
2019-09-04 10:44:22,198 [main] INFO  server.RaftServerConfigKeys (ConfUtils.java:logGet(43)) - raft.server.storage.dir = [/workdir/hadoop-ozone/integration-test/target/test-dir/MiniOzoneClusterImpl-8ced44ca-4ee5-44c9-aeff-63b5df35a8b0/datanode-5/data/ratis] (custom)
2019-09-04 10:44:22,199 [main] INFO  hdfs.DFSUtil (DFSUtil.java:httpServerTemplateForNNAndJN(1641)) - Starting Web-server for hddsDatanode at: http://0.0.0.0:0
2019-09-04 10:44:22,200 [main] INFO  server.AuthenticationFilter (AuthenticationFilter.java:constructSecretProvider(240)) - Unable to initialize FileSignerSecretProvider, falling back to use random secrets.
2019-09-04 10:44:22,200 [main] WARN  http.HttpRequestLog (HttpRequestLog.java:getRequestLog(97)) - Jetty request log can only be enabled using Log4j
2019-09-04 10:44:22,201 [main] INFO  http.HttpServer2 (HttpServer2.java:addGlobalFilter(975)) - Added global filter 'safety' (class=org.apache.hadoop.http.HttpServer2$QuotingInputFilter)
2019-09-04 10:44:22,202 [main] INFO  http.HttpServer2 (HttpServer2.java:addFilter(948)) - Added filter static_user_filter (class=org.apache.hadoop.http.lib.StaticUserWebFilter$StaticUserFilter) to context hddsDatanode
2019-09-04 10:44:22,202 [main] INFO  http.HttpServer2 (HttpServer2.java:addFilter(958)) - Added filter static_user_filter (class=org.apache.hadoop.http.lib.StaticUserWebFilter$StaticUserFilter) to context static
2019-09-04 10:44:22,202 [main] INFO  http.HttpServer2 (HttpServer2.java:addFilter(958)) - Added filter static_user_filter (class=org.apache.hadoop.http.lib.StaticUserWebFilter$StaticUserFilter) to context logs
2019-09-04 10:44:22,203 [main] INFO  http.HttpServer2 (HttpServer2.java:bindListener(1191)) - Jetty bound to port 40786
2019-09-04 10:44:22,203 [main] INFO  server.Server (Server.java:doStart(351)) - jetty-9.3.24.v20180605, build timestamp: 2018-06-05T17:11:56Z, git hash: 84205aa28f11a4f31f2a3b86d1bba2cc8ab69827
2019-09-04 10:44:22,204 [main] INFO  handler.ContextHandler (ContextHandler.java:doStart(781)) - Started o.e.j.s.ServletContextHandler@509a6095{/logs,file:///workdir/hadoop-ozone/integration-test/target/log,AVAILABLE}
2019-09-04 10:44:22,205 [main] INFO  handler.ContextHandler (ContextHandler.java:doStart(781)) - Started o.e.j.s.ServletContextHandler@75bd28d{/static,jar:file:/home/user/.m2/repository/org/apache/hadoop/hadoop-hdds-container-service/0.5.0-SNAPSHOT/hadoop-hdds-container-service-0.5.0-SNAPSHOT.jar!/webapps/static,AVAILABLE}
2019-09-04 10:44:22,232 [main] INFO  handler.ContextHandler (ContextHandler.java:doStart(781)) - Started o.e.j.w.WebAppContext@6169be09{/,file:///tmp/jetty-0.0.0.0-40786-hddsDatanode-_-any-4156823781310160686.dir/webapp/,AVAILABLE}{/hddsDatanode}
2019-09-04 10:44:22,232 [main] INFO  server.AbstractConnector (AbstractConnector.java:doStart(278)) - Started ServerConnector@5e3db14{HTTP/1.1,[http/1.1]}{0.0.0.0:40786}
2019-09-04 10:44:22,232 [main] INFO  server.Server (Server.java:doStart(419)) - Started @590862ms
2019-09-04 10:44:22,233 [main] WARN  impl.MetricsSystemImpl (MetricsSystemImpl.java:register(276)) - Sink prometheus already exists!
2019-09-04 10:44:22,234 [main] INFO  server.BaseHttpServer (BaseHttpServer.java:updateConnectorAddress(215)) - HTTP server of HDDSDATANODE is listening at http://0.0.0.0:40786
2019-09-04 10:44:22,235 [main] INFO  impl.MetricsSystemImpl (MetricsSystemImpl.java:init(158)) - HddsDatanode metrics system started (again)
2019-09-04 10:44:22,238 [org.apache.hadoop.util.JvmPauseMonitor$Monitor@611781fa] INFO  util.JvmPauseMonitor (JvmPauseMonitor.java:run(188)) - Starting JVM pause monitor
2019-09-04 10:44:22,238 [main] INFO  ozone.HddsDatanodeService (HddsDatanodeService.java:start(184)) - HddsDatanodeService host:pr-hdds-1982-decom-states-67zng-3388626213 ip:192.168.5.153
2019-09-04 10:44:22,239 [Datanode State Machine Thread - 0] INFO  datanode.InitDatanodeState (InitDatanodeState.java:persistContainerDatanodeDetails(140)) - DatanodeDetails is persisted to /workdir/hadoop-ozone/integration-test/target/test-dir/MiniOzoneClusterImpl-8ced44ca-4ee5-44c9-aeff-63b5df35a8b0/datanode-5/meta/datanode.id
2019-09-04 10:44:22,244 [main] INFO  volume.HddsVolume (HddsVolume.java:<init>(176)) - Creating Volume: /workdir/hadoop-ozone/integration-test/target/test-dir/MiniOzoneClusterImpl-8ced44ca-4ee5-44c9-aeff-63b5df35a8b0/datanode-6/data/containers/hdds of  storage type : DISK and capacity : 1482555576320
2019-09-04 10:44:22,245 [main] INFO  volume.VolumeSet (VolumeSet.java:initializeVolumeSet(170)) - Added Volume : /workdir/hadoop-ozone/integration-test/target/test-dir/MiniOzoneClusterImpl-8ced44ca-4ee5-44c9-aeff-63b5df35a8b0/datanode-6/data/containers/hdds to VolumeSet
2019-09-04 10:44:22,245 [main] INFO  volume.ThrottledAsyncChecker (ThrottledAsyncChecker.java:schedule(140)) - Scheduling a check for org.apache.hadoop.ozone.container.common.volume.HddsVolume@16681017
2019-09-04 10:44:22,245 [main] INFO  volume.HddsVolumeChecker (HddsVolumeChecker.java:checkAllVolumes(203)) - Scheduled health check for volume org.apache.hadoop.ozone.container.common.volume.HddsVolume@16681017
2019-09-04 10:44:22,260 [main] INFO  impl.RaftServerProxy (ConfUtils.java:logGet(43)) - raft.rpc.type = GRPC (default)
2019-09-04 10:44:22,260 [main] INFO  grpc.GrpcFactory (GrpcFactory.java:checkPooledByteBufAllocatorUseCacheForAllThreads(45)) - PERFORMANCE WARNING: useCacheForAllThreads is true that may cause Netty to create a lot garbage objects and, as a result, trigger GC.
	It is recommended to disable useCacheForAllThreads by setting -Dorg.apache.ratis.thirdparty.io.netty.allocator.useCacheForAllThreads=false in command line.
2019-09-04 10:44:22,261 [main] INFO  grpc.GrpcConfigKeys$Server (ConfUtils.java:logGet(43)) - raft.grpc.server.port = 0 (default)
2019-09-04 10:44:22,261 [main] INFO  server.GrpcService (ConfUtils.java:logGet(43)) - raft.grpc.message.size.max = 33570816 (custom)
2019-09-04 10:44:22,261 [main] INFO  server.RaftServerConfigKeys (ConfUtils.java:logGet(43)) - raft.server.log.appender.buffer.byte-limit = 33554432 (custom)
2019-09-04 10:44:22,261 [main] INFO  server.GrpcService (ConfUtils.java:logGet(43)) - raft.grpc.flow.control.window = 1MB (=1048576) (default)
2019-09-04 10:44:22,261 [main] INFO  server.RaftServerConfigKeys (ConfUtils.java:logGet(43)) - raft.server.rpc.request.timeout = 3000ms (default)
2019-09-04 10:44:22,262 [main] INFO  server.RaftServerConfigKeys (ConfUtils.java:logGet(43)) - raft.server.storage.dir = [/workdir/hadoop-ozone/integration-test/target/test-dir/MiniOzoneClusterImpl-8ced44ca-4ee5-44c9-aeff-63b5df35a8b0/datanode-6/data/ratis] (custom)
2019-09-04 10:44:22,263 [main] INFO  hdfs.DFSUtil (DFSUtil.java:httpServerTemplateForNNAndJN(1641)) - Starting Web-server for hddsDatanode at: http://0.0.0.0:0
2019-09-04 10:44:22,264 [main] INFO  server.AuthenticationFilter (AuthenticationFilter.java:constructSecretProvider(240)) - Unable to initialize FileSignerSecretProvider, falling back to use random secrets.
2019-09-04 10:44:22,265 [main] WARN  http.HttpRequestLog (HttpRequestLog.java:getRequestLog(97)) - Jetty request log can only be enabled using Log4j
2019-09-04 10:44:22,266 [main] INFO  http.HttpServer2 (HttpServer2.java:addGlobalFilter(975)) - Added global filter 'safety' (class=org.apache.hadoop.http.HttpServer2$QuotingInputFilter)
2019-09-04 10:44:22,267 [main] INFO  http.HttpServer2 (HttpServer2.java:addFilter(948)) - Added filter static_user_filter (class=org.apache.hadoop.http.lib.StaticUserWebFilter$StaticUserFilter) to context hddsDatanode
2019-09-04 10:44:22,267 [main] INFO  http.HttpServer2 (HttpServer2.java:addFilter(958)) - Added filter static_user_filter (class=org.apache.hadoop.http.lib.StaticUserWebFilter$StaticUserFilter) to context logs
2019-09-04 10:44:22,267 [main] INFO  http.HttpServer2 (HttpServer2.java:addFilter(958)) - Added filter static_user_filter (class=org.apache.hadoop.http.lib.StaticUserWebFilter$StaticUserFilter) to context static
2019-09-04 10:44:22,267 [main] INFO  http.HttpServer2 (HttpServer2.java:bindListener(1191)) - Jetty bound to port 36423
2019-09-04 10:44:22,268 [main] INFO  server.Server (Server.java:doStart(351)) - jetty-9.3.24.v20180605, build timestamp: 2018-06-05T17:11:56Z, git hash: 84205aa28f11a4f31f2a3b86d1bba2cc8ab69827
2019-09-04 10:44:22,269 [main] INFO  handler.ContextHandler (ContextHandler.java:doStart(781)) - Started o.e.j.s.ServletContextHandler@203e705e{/logs,file:///workdir/hadoop-ozone/integration-test/target/log,AVAILABLE}
2019-09-04 10:44:22,270 [main] INFO  handler.ContextHandler (ContextHandler.java:doStart(781)) - Started o.e.j.s.ServletContextHandler@39652a30{/static,jar:file:/home/user/.m2/repository/org/apache/hadoop/hadoop-hdds-container-service/0.5.0-SNAPSHOT/hadoop-hdds-container-service-0.5.0-SNAPSHOT.jar!/webapps/static,AVAILABLE}
2019-09-04 10:44:22,303 [main] INFO  handler.ContextHandler (ContextHandler.java:doStart(781)) - Started o.e.j.w.WebAppContext@106c988{/,file:///tmp/jetty-0.0.0.0-36423-hddsDatanode-_-any-6367627784332402710.dir/webapp/,AVAILABLE}{/hddsDatanode}
2019-09-04 10:44:22,303 [main] INFO  server.AbstractConnector (AbstractConnector.java:doStart(278)) - Started ServerConnector@21274afe{HTTP/1.1,[http/1.1]}{0.0.0.0:36423}
2019-09-04 10:44:22,308 [main] INFO  server.Server (Server.java:doStart(419)) - Started @590933ms
2019-09-04 10:44:22,308 [main] WARN  impl.MetricsSystemImpl (MetricsSystemImpl.java:register(276)) - Sink prometheus already exists!
2019-09-04 10:44:22,309 [main] INFO  server.BaseHttpServer (BaseHttpServer.java:updateConnectorAddress(215)) - HTTP server of HDDSDATANODE is listening at http://0.0.0.0:36423
2019-09-04 10:44:22,309 [main] INFO  ozone.MiniOzoneClusterImpl (MiniOzoneClusterImpl.java:lambda$waitForClusterToBeReady$0(140)) - Waiting for cluster to be ready. Got 0 of 7 DN Heartbeats.
2019-09-04 10:44:22,311 [org.apache.hadoop.util.JvmPauseMonitor$Monitor@780dbf7e] INFO  util.JvmPauseMonitor (JvmPauseMonitor.java:run(188)) - Starting JVM pause monitor
2019-09-04 10:44:22,312 [Datanode State Machine Thread - 0] INFO  datanode.InitDatanodeState (InitDatanodeState.java:persistContainerDatanodeDetails(140)) - DatanodeDetails is persisted to /workdir/hadoop-ozone/integration-test/target/test-dir/MiniOzoneClusterImpl-8ced44ca-4ee5-44c9-aeff-63b5df35a8b0/datanode-6/meta/datanode.id
2019-09-04 10:44:23,309 [main] INFO  ozone.MiniOzoneClusterImpl (MiniOzoneClusterImpl.java:lambda$waitForClusterToBeReady$0(140)) - Waiting for cluster to be ready. Got 0 of 7 DN Heartbeats.
2019-09-04 10:44:23,940 [Datanode State Machine Thread - 0] INFO  ozoneimpl.OzoneContainer (OzoneContainer.java:start(201)) - Attempting to start container services.
2019-09-04 10:44:23,940 [Datanode State Machine Thread - 0] INFO  ozoneimpl.OzoneContainer (OzoneContainer.java:startContainerScrub(175)) - Background container scrubber has been disabled by hdds.containerscrub.enabled
2019-09-04 10:44:23,940 [Datanode State Machine Thread - 0] INFO  ratis.XceiverServerRatis (XceiverServerRatis.java:start(393)) - Starting XceiverServerRatis fe4073e4-29d9-4752-9604-171b889365eb at port 0
2019-09-04 10:44:23,947 [Datanode State Machine Thread - 0] INFO  impl.RaftServerProxy (RaftServerProxy.java:lambda$start$3(299)) - fe4073e4-29d9-4752-9604-171b889365eb: start RPC server
2019-09-04 10:44:23,949 [Datanode State Machine Thread - 0] INFO  server.GrpcService (GrpcService.java:startImpl(149)) - fe4073e4-29d9-4752-9604-171b889365eb: GrpcService started, listening on 0.0.0.0/0.0.0.0:45385
2019-09-04 10:44:23,949 [Datanode State Machine Thread - 0] INFO  ratis.XceiverServerRatis (XceiverServerRatis.java:start(403)) - XceiverServerRatis fe4073e4-29d9-4752-9604-171b889365eb is started using port 45385
2019-09-04 10:44:23,950 [Datanode State Machine Thread - 0] INFO  server.XceiverServerGrpc (XceiverServerGrpc.java:start(163)) - XceiverServerGrpc fe4073e4-29d9-4752-9604-171b889365eb is started using port 43228
2019-09-04 10:44:24,000 [Datanode State Machine Thread - 0] INFO  ozoneimpl.OzoneContainer (OzoneContainer.java:start(201)) - Attempting to start container services.
2019-09-04 10:44:24,000 [Datanode State Machine Thread - 0] INFO  ozoneimpl.OzoneContainer (OzoneContainer.java:startContainerScrub(175)) - Background container scrubber has been disabled by hdds.containerscrub.enabled
2019-09-04 10:44:24,000 [Datanode State Machine Thread - 0] INFO  ratis.XceiverServerRatis (XceiverServerRatis.java:start(393)) - Starting XceiverServerRatis 049a29fe-697a-4e80-ace1-9da2eaf17df4 at port 0
2019-09-04 10:44:24,007 [Datanode State Machine Thread - 0] INFO  impl.RaftServerProxy (RaftServerProxy.java:lambda$start$3(299)) - 049a29fe-697a-4e80-ace1-9da2eaf17df4: start RPC server
2019-09-04 10:44:24,007 [Datanode State Machine Thread - 0] INFO  server.GrpcService (GrpcService.java:startImpl(149)) - 049a29fe-697a-4e80-ace1-9da2eaf17df4: GrpcService started, listening on 0.0.0.0/0.0.0.0:34793
2019-09-04 10:44:24,008 [Datanode State Machine Thread - 0] INFO  ratis.XceiverServerRatis (XceiverServerRatis.java:start(403)) - XceiverServerRatis 049a29fe-697a-4e80-ace1-9da2eaf17df4 is started using port 34793
2019-09-04 10:44:24,008 [Datanode State Machine Thread - 0] INFO  server.XceiverServerGrpc (XceiverServerGrpc.java:start(163)) - XceiverServerGrpc 049a29fe-697a-4e80-ace1-9da2eaf17df4 is started using port 35960
2019-09-04 10:44:24,070 [Datanode State Machine Thread - 0] INFO  ozoneimpl.OzoneContainer (OzoneContainer.java:start(201)) - Attempting to start container services.
2019-09-04 10:44:24,070 [Datanode State Machine Thread - 0] INFO  ozoneimpl.OzoneContainer (OzoneContainer.java:startContainerScrub(175)) - Background container scrubber has been disabled by hdds.containerscrub.enabled
2019-09-04 10:44:24,070 [Datanode State Machine Thread - 0] INFO  ratis.XceiverServerRatis (XceiverServerRatis.java:start(393)) - Starting XceiverServerRatis 9596a9b3-71ac-4868-b50a-133dfe1be36f at port 0
2019-09-04 10:44:24,077 [Datanode State Machine Thread - 0] INFO  impl.RaftServerProxy (RaftServerProxy.java:lambda$start$3(299)) - 9596a9b3-71ac-4868-b50a-133dfe1be36f: start RPC server
2019-09-04 10:44:24,077 [Datanode State Machine Thread - 0] INFO  server.GrpcService (GrpcService.java:startImpl(149)) - 9596a9b3-71ac-4868-b50a-133dfe1be36f: GrpcService started, listening on 0.0.0.0/0.0.0.0:37580
2019-09-04 10:44:24,078 [Datanode State Machine Thread - 0] INFO  ratis.XceiverServerRatis (XceiverServerRatis.java:start(403)) - XceiverServerRatis 9596a9b3-71ac-4868-b50a-133dfe1be36f is started using port 37580
2019-09-04 10:44:24,078 [Datanode State Machine Thread - 0] INFO  server.XceiverServerGrpc (XceiverServerGrpc.java:start(163)) - XceiverServerGrpc 9596a9b3-71ac-4868-b50a-133dfe1be36f is started using port 40392
2019-09-04 10:44:24,131 [Datanode State Machine Thread - 0] INFO  ozoneimpl.OzoneContainer (OzoneContainer.java:start(201)) - Attempting to start container services.
2019-09-04 10:44:24,131 [Datanode State Machine Thread - 0] INFO  ozoneimpl.OzoneContainer (OzoneContainer.java:startContainerScrub(175)) - Background container scrubber has been disabled by hdds.containerscrub.enabled
2019-09-04 10:44:24,131 [Datanode State Machine Thread - 0] INFO  ratis.XceiverServerRatis (XceiverServerRatis.java:start(393)) - Starting XceiverServerRatis 85481c8f-e1d3-4452-9840-a26537f3638a at port 0
2019-09-04 10:44:24,138 [Datanode State Machine Thread - 0] INFO  impl.RaftServerProxy (RaftServerProxy.java:lambda$start$3(299)) - 85481c8f-e1d3-4452-9840-a26537f3638a: start RPC server
2019-09-04 10:44:24,141 [Datanode State Machine Thread - 0] INFO  server.GrpcService (GrpcService.java:startImpl(149)) - 85481c8f-e1d3-4452-9840-a26537f3638a: GrpcService started, listening on 0.0.0.0/0.0.0.0:41097
2019-09-04 10:44:24,141 [Datanode State Machine Thread - 0] INFO  ratis.XceiverServerRatis (XceiverServerRatis.java:start(403)) - XceiverServerRatis 85481c8f-e1d3-4452-9840-a26537f3638a is started using port 41097
2019-09-04 10:44:24,142 [Datanode State Machine Thread - 0] INFO  server.XceiverServerGrpc (XceiverServerGrpc.java:start(163)) - XceiverServerGrpc 85481c8f-e1d3-4452-9840-a26537f3638a is started using port 39150
2019-09-04 10:44:24,191 [Datanode State Machine Thread - 0] INFO  ozoneimpl.OzoneContainer (OzoneContainer.java:start(201)) - Attempting to start container services.
2019-09-04 10:44:24,191 [Datanode State Machine Thread - 0] INFO  ozoneimpl.OzoneContainer (OzoneContainer.java:startContainerScrub(175)) - Background container scrubber has been disabled by hdds.containerscrub.enabled
2019-09-04 10:44:24,191 [Datanode State Machine Thread - 0] INFO  ratis.XceiverServerRatis (XceiverServerRatis.java:start(393)) - Starting XceiverServerRatis 5edab1c0-df0e-4ea3-aa3c-59f2fee068b8 at port 0
2019-09-04 10:44:24,197 [Datanode State Machine Thread - 0] INFO  impl.RaftServerProxy (RaftServerProxy.java:lambda$start$3(299)) - 5edab1c0-df0e-4ea3-aa3c-59f2fee068b8: start RPC server
2019-09-04 10:44:24,198 [Datanode State Machine Thread - 0] INFO  server.GrpcService (GrpcService.java:startImpl(149)) - 5edab1c0-df0e-4ea3-aa3c-59f2fee068b8: GrpcService started, listening on 0.0.0.0/0.0.0.0:42707
2019-09-04 10:44:24,198 [Datanode State Machine Thread - 0] INFO  ratis.XceiverServerRatis (XceiverServerRatis.java:start(403)) - XceiverServerRatis 5edab1c0-df0e-4ea3-aa3c-59f2fee068b8 is started using port 42707
2019-09-04 10:44:24,198 [Datanode State Machine Thread - 0] INFO  server.XceiverServerGrpc (XceiverServerGrpc.java:start(163)) - XceiverServerGrpc 5edab1c0-df0e-4ea3-aa3c-59f2fee068b8 is started using port 39695
2019-09-04 10:44:24,253 [Datanode State Machine Thread - 0] INFO  ozoneimpl.OzoneContainer (OzoneContainer.java:start(201)) - Attempting to start container services.
2019-09-04 10:44:24,254 [Datanode State Machine Thread - 0] INFO  ozoneimpl.OzoneContainer (OzoneContainer.java:startContainerScrub(175)) - Background container scrubber has been disabled by hdds.containerscrub.enabled
2019-09-04 10:44:24,254 [Datanode State Machine Thread - 0] INFO  ratis.XceiverServerRatis (XceiverServerRatis.java:start(393)) - Starting XceiverServerRatis c39abe71-7611-4001-9539-bba876860d2a at port 0
2019-09-04 10:44:24,261 [Datanode State Machine Thread - 0] INFO  impl.RaftServerProxy (RaftServerProxy.java:lambda$start$3(299)) - c39abe71-7611-4001-9539-bba876860d2a: start RPC server
2019-09-04 10:44:24,265 [Datanode State Machine Thread - 0] INFO  server.GrpcService (GrpcService.java:startImpl(149)) - c39abe71-7611-4001-9539-bba876860d2a: GrpcService started, listening on 0.0.0.0/0.0.0.0:36438
2019-09-04 10:44:24,265 [Datanode State Machine Thread - 0] INFO  ratis.XceiverServerRatis (XceiverServerRatis.java:start(403)) - XceiverServerRatis c39abe71-7611-4001-9539-bba876860d2a is started using port 36438
2019-09-04 10:44:24,265 [Datanode State Machine Thread - 0] INFO  server.XceiverServerGrpc (XceiverServerGrpc.java:start(163)) - XceiverServerGrpc c39abe71-7611-4001-9539-bba876860d2a is started using port 33893
2019-09-04 10:44:24,310 [main] INFO  ozone.MiniOzoneClusterImpl (MiniOzoneClusterImpl.java:lambda$waitForClusterToBeReady$0(140)) - Waiting for cluster to be ready. Got 0 of 7 DN Heartbeats.
2019-09-04 10:44:24,330 [Datanode State Machine Thread - 0] INFO  ozoneimpl.OzoneContainer (OzoneContainer.java:start(201)) - Attempting to start container services.
2019-09-04 10:44:24,330 [Datanode State Machine Thread - 0] INFO  ozoneimpl.OzoneContainer (OzoneContainer.java:startContainerScrub(175)) - Background container scrubber has been disabled by hdds.containerscrub.enabled
2019-09-04 10:44:24,330 [Datanode State Machine Thread - 0] INFO  ratis.XceiverServerRatis (XceiverServerRatis.java:start(393)) - Starting XceiverServerRatis e09b7eb1-4844-474a-a024-7bf910e612d1 at port 0
2019-09-04 10:44:24,337 [Datanode State Machine Thread - 0] INFO  impl.RaftServerProxy (RaftServerProxy.java:lambda$start$3(299)) - e09b7eb1-4844-474a-a024-7bf910e612d1: start RPC server
2019-09-04 10:44:24,337 [Datanode State Machine Thread - 0] INFO  server.GrpcService (GrpcService.java:startImpl(149)) - e09b7eb1-4844-474a-a024-7bf910e612d1: GrpcService started, listening on 0.0.0.0/0.0.0.0:45694
2019-09-04 10:44:24,338 [Datanode State Machine Thread - 0] INFO  ratis.XceiverServerRatis (XceiverServerRatis.java:start(403)) - XceiverServerRatis e09b7eb1-4844-474a-a024-7bf910e612d1 is started using port 45694
2019-09-04 10:44:24,341 [Datanode State Machine Thread - 0] INFO  server.XceiverServerGrpc (XceiverServerGrpc.java:start(163)) - XceiverServerGrpc e09b7eb1-4844-474a-a024-7bf910e612d1 is started using port 41545
2019-09-04 10:44:25,310 [main] INFO  ozone.MiniOzoneClusterImpl (MiniOzoneClusterImpl.java:lambda$waitForClusterToBeReady$0(140)) - Waiting for cluster to be ready. Got 0 of 7 DN Heartbeats.
2019-09-04 10:44:25,925 [IPC Server handler 2 on 42128] INFO  net.NetworkTopology (NetworkTopologyImpl.java:add(110)) - Added a new node: /default-rack/fe4073e4-29d9-4752-9604-171b889365eb
2019-09-04 10:44:25,927 [IPC Server handler 2 on 42128] INFO  node.SCMNodeManager (SCMNodeManager.java:register(271)) - Registered Data node : fe4073e4-29d9-4752-9604-171b889365eb{ip: 192.168.5.153, host: pr-hdds-1982-decom-states-67zng-3388626213, networkLocation: /default-rack, certSerialId: null}
2019-09-04 10:44:25,928 [EventQueue-NodeRegistrationContainerReportForDataNodeSafeModeRule] INFO  safemode.SCMSafeModeManager (DataNodeSafeModeRule.java:process(71)) - SCM in safe mode. 1 DataNodes registered, 1 required.
2019-09-04 10:44:25,930 [EventQueue-NodeRegistrationContainerReportForDataNodeSafeModeRule] INFO  safemode.SCMSafeModeManager (SCMSafeModeManager.java:validateSafeModeExitRules(177)) - ScmSafeModeManager, all rules are successfully validated
2019-09-04 10:44:25,930 [EventQueue-NodeRegistrationContainerReportForDataNodeSafeModeRule] INFO  safemode.SCMSafeModeManager (SCMSafeModeManager.java:exitSafeMode(193)) - SCM exiting safe mode.
2019-09-04 10:44:25,937 [grpc-default-executor-9] INFO  impl.RaftServerProxy (RaftServerProxy.java:addNew(89)) - fe4073e4-29d9-4752-9604-171b889365eb: addNew group-A6503F32E33C:[fe4073e4-29d9-4752-9604-171b889365eb:192.168.5.153:45385] returns group-A6503F32E33C:java.util.concurrent.CompletableFuture@503c04cc[Not completed]
2019-09-04 10:44:25,939 [pool-409-thread-1] INFO  impl.RaftServerImpl (RaftServerImpl.java:<init>(93)) - fe4073e4-29d9-4752-9604-171b889365eb: new RaftServerImpl for group-A6503F32E33C:[fe4073e4-29d9-4752-9604-171b889365eb:192.168.5.153:45385] with ContainerStateMachine:uninitialized
2019-09-04 10:44:25,939 [pool-409-thread-1] INFO  server.RaftServerConfigKeys (ConfUtils.java:logGet(43)) - raft.server.rpc.timeout.min = 5s (custom)
2019-09-04 10:44:25,940 [pool-409-thread-1] INFO  server.RaftServerConfigKeys (ConfUtils.java:logGet(43)) - raft.server.rpc.timeout.max = 5200ms (custom)
2019-09-04 10:44:25,940 [pool-409-thread-1] INFO  server.RaftServerConfigKeys (ConfUtils.java:logGet(43)) - raft.server.rpcslowness.timeout = 120s (custom)
2019-09-04 10:44:25,940 [pool-409-thread-1] INFO  server.RaftServerConfigKeys (ConfUtils.java:logGet(43)) - raft.server.sleep.deviation.threshold = 300 (default)
2019-09-04 10:44:25,940 [pool-409-thread-1] INFO  server.RaftServerConfigKeys (ConfUtils.java:logGet(43)) - raft.server.log.appender.install.snapshot.enabled = false (custom)
2019-09-04 10:44:25,940 [pool-409-thread-1] INFO  impl.RaftServerImpl (ServerState.java:<init>(105)) - fe4073e4-29d9-4752-9604-171b889365eb:group-A6503F32E33C ConfigurationManager, init=-1: [fe4073e4-29d9-4752-9604-171b889365eb:192.168.5.153:45385], old=null, confs=<EMPTY_MAP>
2019-09-04 10:44:25,940 [pool-409-thread-1] INFO  server.RaftServerConfigKeys (ConfUtils.java:logGet(43)) - raft.server.storage.dir = [/workdir/hadoop-ozone/integration-test/target/test-dir/MiniOzoneClusterImpl-8ced44ca-4ee5-44c9-aeff-63b5df35a8b0/datanode-0/data/ratis] (custom)
2019-09-04 10:44:25,941 [pool-409-thread-1] INFO  storage.RaftStorageDirectory (RaftStorageDirectory.java:analyzeStorage(246)) - The storage directory /workdir/hadoop-ozone/integration-test/target/test-dir/MiniOzoneClusterImpl-8ced44ca-4ee5-44c9-aeff-63b5df35a8b0/datanode-0/data/ratis/e1967e4c-b4c1-4f6c-b065-a6503f32e33c does not exist. Creating ...
2019-09-04 10:44:25,965 [pool-409-thread-1] INFO  storage.RaftStorageDirectory (RaftStorageDirectory.java:tryLock(328)) - Lock on /workdir/hadoop-ozone/integration-test/target/test-dir/MiniOzoneClusterImpl-8ced44ca-4ee5-44c9-aeff-63b5df35a8b0/datanode-0/data/ratis/e1967e4c-b4c1-4f6c-b065-a6503f32e33c/in_use.lock acquired by nodename 29070@pr-hdds-1982-decom-states-67zng-3388626213
2019-09-04 10:44:25,986 [IPC Server handler 3 on 42128] INFO  net.NetworkTopology (NetworkTopologyImpl.java:add(110)) - Added a new node: /default-rack/049a29fe-697a-4e80-ace1-9da2eaf17df4
2019-09-04 10:44:25,987 [IPC Server handler 3 on 42128] INFO  node.SCMNodeManager (SCMNodeManager.java:register(271)) - Registered Data node : 049a29fe-697a-4e80-ace1-9da2eaf17df4{ip: 192.168.5.153, host: pr-hdds-1982-decom-states-67zng-3388626213, networkLocation: /default-rack, certSerialId: null}
2019-09-04 10:44:25,989 [pool-409-thread-1] INFO  storage.RaftStorage (RaftStorage.java:format(72)) - Storage directory /workdir/hadoop-ozone/integration-test/target/test-dir/MiniOzoneClusterImpl-8ced44ca-4ee5-44c9-aeff-63b5df35a8b0/datanode-0/data/ratis/e1967e4c-b4c1-4f6c-b065-a6503f32e33c has been successfully formatted.
2019-09-04 10:44:25,989 [pool-409-thread-1] INFO  ratis.ContainerStateMachine (ContainerStateMachine.java:loadSnapshot(227)) - group-A6503F32E33C: The snapshot info is null. Setting the last applied indexto:(t:0, i:~)
2019-09-04 10:44:25,989 [pool-409-thread-1] INFO  server.RaftServerConfigKeys (ConfUtils.java:logGet(43)) - raft.server.leader.election.timeout = 120s (custom)
2019-09-04 10:44:25,990 [pool-409-thread-1] INFO  server.RaftServerConfigKeys (ConfUtils.java:logGet(43)) - raft.server.log.use.memory = false (default)
2019-09-04 10:44:25,990 [pool-409-thread-1] INFO  server.RaftServerConfigKeys (ConfUtils.java:logGet(43)) - raft.server.log.purge.gap = 1000000 (custom)
2019-09-04 10:44:25,990 [pool-409-thread-1] INFO  server.RaftServerConfigKeys (ConfUtils.java:logGet(43)) - raft.server.log.appender.buffer.byte-limit = 33554432 (custom)
2019-09-04 10:44:25,990 [pool-409-thread-1] INFO  server.RaftServerConfigKeys (ConfUtils.java:logGet(43)) - raft.server.log.segment.size.max = 1048576 (custom)
2019-09-04 10:44:25,990 [pool-409-thread-1] INFO  server.RaftServerConfigKeys (ConfUtils.java:logGet(43)) - raft.server.log.segment.cache.num.max = 2 (custom)
2019-09-04 10:44:25,990 [pool-409-thread-1] INFO  segmented.SegmentedRaftLogWorker (SegmentedRaftLogWorker.java:<init>(172)) - new fe4073e4-29d9-4752-9604-171b889365eb-SegmentedRaftLogWorker:Storage Directory /workdir/hadoop-ozone/integration-test/target/test-dir/MiniOzoneClusterImpl-8ced44ca-4ee5-44c9-aeff-63b5df35a8b0/datanode-0/data/ratis/e1967e4c-b4c1-4f6c-b065-a6503f32e33c for RaftStorage:Storage Directory /workdir/hadoop-ozone/integration-test/target/test-dir/MiniOzoneClusterImpl-8ced44ca-4ee5-44c9-aeff-63b5df35a8b0/datanode-0/data/ratis/e1967e4c-b4c1-4f6c-b065-a6503f32e33c
2019-09-04 10:44:25,991 [pool-409-thread-1] INFO  server.RaftServerConfigKeys (ConfUtils.java:logGet(43)) - raft.server.log.queue.byte-limit = 2147483647 (custom)
2019-09-04 10:44:25,991 [pool-409-thread-1] INFO  server.RaftServerConfigKeys (ConfUtils.java:logGet(43)) - raft.server.log.queue.element-limit = 1024 (custom)
2019-09-04 10:44:25,991 [pool-409-thread-1] INFO  server.RaftServerConfigKeys (ConfUtils.java:logGet(43)) - raft.server.log.segment.size.max = 1048576 (custom)
2019-09-04 10:44:25,991 [pool-409-thread-1] INFO  server.RaftServerConfigKeys (ConfUtils.java:logGet(43)) - raft.server.log.preallocated.size = 16384 (custom)
2019-09-04 10:44:25,992 [pool-409-thread-1] INFO  server.RaftServerConfigKeys (ConfUtils.java:logGet(43)) - raft.server.log.write.buffer.size = 33554432 (custom)
2019-09-04 10:44:25,992 [pool-409-thread-1] INFO  server.RaftServerConfigKeys (ConfUtils.java:logGet(43)) - raft.server.log.force.sync.num = 128 (default)
2019-09-04 10:44:25,992 [pool-409-thread-1] INFO  server.RaftServerConfigKeys (ConfUtils.java:logGet(43)) - raft.server.log.statemachine.data.sync = true (default)
2019-09-04 10:44:25,992 [pool-409-thread-1] INFO  server.RaftServerConfigKeys (ConfUtils.java:logGet(43)) - raft.server.log.statemachine.data.sync.timeout = 10s (default)
2019-09-04 10:44:25,992 [pool-409-thread-1] INFO  server.RaftServerConfigKeys (ConfUtils.java:logGet(43)) - raft.server.log.statemachine.data.sync.timeout.retry = -1 (default)
2019-09-04 10:44:25,993 [pool-409-thread-1] INFO  server.RaftServerConfigKeys (ConfUtils.java:logGet(43)) - raft.server.log.statemachine.data.caching.enabled = true (custom)
2019-09-04 10:44:25,993 [pool-409-thread-1] INFO  segmented.SegmentedRaftLogWorker (SegmentedRaftLogWorker.java:lambda$new$0(132)) - fe4073e4-29d9-4752-9604-171b889365eb-SegmentedRaftLogWorker:Storage Directory /workdir/hadoop-ozone/integration-test/target/test-dir/MiniOzoneClusterImpl-8ced44ca-4ee5-44c9-aeff-63b5df35a8b0/datanode-0/data/ratis/e1967e4c-b4c1-4f6c-b065-a6503f32e33c: flushIndex: setUnconditionally 0 -> -1
2019-09-04 10:44:25,993 [pool-409-thread-1] INFO  server.RaftServerConfigKeys (ConfUtils.java:logGet(43)) - raft.server.snapshot.auto.trigger.enabled = true (custom)
2019-09-04 10:44:25,994 [pool-409-thread-1] INFO  server.RaftServerConfigKeys (ConfUtils.java:logGet(43)) - raft.server.snapshot.auto.trigger.threshold = 10000 (custom)
2019-09-04 10:44:25,994 [pool-409-thread-1] INFO  server.RaftServerConfigKeys (ConfUtils.java:logGet(43)) - raft.server.retrycache.expirytime = 600000ms (custom)
2019-09-04 10:44:25,994 [pool-409-thread-1] INFO  impl.RaftServerImpl (RaftServerImpl.java:start(180)) - fe4073e4-29d9-4752-9604-171b889365eb: start group-A6503F32E33C
2019-09-04 10:44:25,994 [pool-409-thread-1] INFO  impl.RaftServerImpl (RaftServerImpl.java:setRole(171)) - fe4073e4-29d9-4752-9604-171b889365eb:group-A6503F32E33C changes role from null to FOLLOWER at term 0 for startAsFollower
2019-09-04 10:44:25,994 [pool-409-thread-1] INFO  impl.RoleInfo (RoleInfo.java:updateAndGet(143)) - fe4073e4-29d9-4752-9604-171b889365eb: start FollowerState
2019-09-04 10:44:25,995 [pool-409-thread-1] INFO  util.JmxRegister (JmxRegister.java:tryRegister(44)) - Successfully registered JMX Bean with object name Ratis:service=RaftServer,group=group-A6503F32E33C,id=fe4073e4-29d9-4752-9604-171b889365eb
2019-09-04 10:44:25,997 [RatisPipelineUtilsThread] INFO  pipeline.PipelineStateManager (PipelineStateManager.java:addPipeline(56)) - Created pipeline Pipeline[ Id: e1967e4c-b4c1-4f6c-b065-a6503f32e33c, Nodes: fe4073e4-29d9-4752-9604-171b889365eb{ip: 192.168.5.153, host: pr-hdds-1982-decom-states-67zng-3388626213, networkLocation: /default-rack, certSerialId: null}, Type:RATIS, Factor:ONE, State:OPEN]
2019-09-04 10:44:26,004 [grpc-default-executor-9] INFO  impl.RaftServerProxy (RaftServerProxy.java:addNew(89)) - 049a29fe-697a-4e80-ace1-9da2eaf17df4: addNew group-2792FE12A644:[049a29fe-697a-4e80-ace1-9da2eaf17df4:192.168.5.153:34793] returns group-2792FE12A644:java.util.concurrent.CompletableFuture@1c2f2da9[Not completed]
2019-09-04 10:44:26,005 [pool-419-thread-1] INFO  impl.RaftServerImpl (RaftServerImpl.java:<init>(93)) - 049a29fe-697a-4e80-ace1-9da2eaf17df4: new RaftServerImpl for group-2792FE12A644:[049a29fe-697a-4e80-ace1-9da2eaf17df4:192.168.5.153:34793] with ContainerStateMachine:uninitialized
2019-09-04 10:44:26,006 [pool-419-thread-1] INFO  server.RaftServerConfigKeys (ConfUtils.java:logGet(43)) - raft.server.rpc.timeout.min = 5s (custom)
2019-09-04 10:44:26,006 [pool-419-thread-1] INFO  server.RaftServerConfigKeys (ConfUtils.java:logGet(43)) - raft.server.rpc.timeout.max = 5200ms (custom)
2019-09-04 10:44:26,006 [pool-419-thread-1] INFO  server.RaftServerConfigKeys (ConfUtils.java:logGet(43)) - raft.server.rpcslowness.timeout = 120s (custom)
2019-09-04 10:44:26,006 [pool-419-thread-1] INFO  server.RaftServerConfigKeys (ConfUtils.java:logGet(43)) - raft.server.sleep.deviation.threshold = 300 (default)
2019-09-04 10:44:26,006 [pool-419-thread-1] INFO  server.RaftServerConfigKeys (ConfUtils.java:logGet(43)) - raft.server.log.appender.install.snapshot.enabled = false (custom)
2019-09-04 10:44:26,006 [pool-419-thread-1] INFO  impl.RaftServerImpl (ServerState.java:<init>(105)) - 049a29fe-697a-4e80-ace1-9da2eaf17df4:group-2792FE12A644 ConfigurationManager, init=-1: [049a29fe-697a-4e80-ace1-9da2eaf17df4:192.168.5.153:34793], old=null, confs=<EMPTY_MAP>
2019-09-04 10:44:26,006 [pool-419-thread-1] INFO  server.RaftServerConfigKeys (ConfUtils.java:logGet(43)) - raft.server.storage.dir = [/workdir/hadoop-ozone/integration-test/target/test-dir/MiniOzoneClusterImpl-8ced44ca-4ee5-44c9-aeff-63b5df35a8b0/datanode-1/data/ratis] (custom)
2019-09-04 10:44:26,007 [pool-419-thread-1] INFO  storage.RaftStorageDirectory (RaftStorageDirectory.java:analyzeStorage(246)) - The storage directory /workdir/hadoop-ozone/integration-test/target/test-dir/MiniOzoneClusterImpl-8ced44ca-4ee5-44c9-aeff-63b5df35a8b0/datanode-1/data/ratis/4fcada8c-cfdd-4588-afab-2792fe12a644 does not exist. Creating ...
2019-09-04 10:44:26,021 [pool-419-thread-1] INFO  storage.RaftStorageDirectory (RaftStorageDirectory.java:tryLock(328)) - Lock on /workdir/hadoop-ozone/integration-test/target/test-dir/MiniOzoneClusterImpl-8ced44ca-4ee5-44c9-aeff-63b5df35a8b0/datanode-1/data/ratis/4fcada8c-cfdd-4588-afab-2792fe12a644/in_use.lock acquired by nodename 29070@pr-hdds-1982-decom-states-67zng-3388626213
2019-09-04 10:44:26,035 [pool-419-thread-1] INFO  storage.RaftStorage (RaftStorage.java:format(72)) - Storage directory /workdir/hadoop-ozone/integration-test/target/test-dir/MiniOzoneClusterImpl-8ced44ca-4ee5-44c9-aeff-63b5df35a8b0/datanode-1/data/ratis/4fcada8c-cfdd-4588-afab-2792fe12a644 has been successfully formatted.
2019-09-04 10:44:26,035 [pool-419-thread-1] INFO  ratis.ContainerStateMachine (ContainerStateMachine.java:loadSnapshot(227)) - group-2792FE12A644: The snapshot info is null. Setting the last applied indexto:(t:0, i:~)
2019-09-04 10:44:26,035 [pool-419-thread-1] INFO  server.RaftServerConfigKeys (ConfUtils.java:logGet(43)) - raft.server.leader.election.timeout = 120s (custom)
2019-09-04 10:44:26,035 [pool-419-thread-1] INFO  server.RaftServerConfigKeys (ConfUtils.java:logGet(43)) - raft.server.log.use.memory = false (default)
2019-09-04 10:44:26,035 [pool-419-thread-1] INFO  server.RaftServerConfigKeys (ConfUtils.java:logGet(43)) - raft.server.log.purge.gap = 1000000 (custom)
2019-09-04 10:44:26,035 [pool-419-thread-1] INFO  server.RaftServerConfigKeys (ConfUtils.java:logGet(43)) - raft.server.log.appender.buffer.byte-limit = 33554432 (custom)
2019-09-04 10:44:26,035 [pool-419-thread-1] INFO  server.RaftServerConfigKeys (ConfUtils.java:logGet(43)) - raft.server.log.segment.size.max = 1048576 (custom)
2019-09-04 10:44:26,036 [pool-419-thread-1] INFO  server.RaftServerConfigKeys (ConfUtils.java:logGet(43)) - raft.server.log.segment.cache.num.max = 2 (custom)
2019-09-04 10:44:26,036 [pool-419-thread-1] INFO  segmented.SegmentedRaftLogWorker (SegmentedRaftLogWorker.java:<init>(172)) - new 049a29fe-697a-4e80-ace1-9da2eaf17df4-SegmentedRaftLogWorker:Storage Directory /workdir/hadoop-ozone/integration-test/target/test-dir/MiniOzoneClusterImpl-8ced44ca-4ee5-44c9-aeff-63b5df35a8b0/datanode-1/data/ratis/4fcada8c-cfdd-4588-afab-2792fe12a644 for RaftStorage:Storage Directory /workdir/hadoop-ozone/integration-test/target/test-dir/MiniOzoneClusterImpl-8ced44ca-4ee5-44c9-aeff-63b5df35a8b0/datanode-1/data/ratis/4fcada8c-cfdd-4588-afab-2792fe12a644
2019-09-04 10:44:26,036 [pool-419-thread-1] INFO  server.RaftServerConfigKeys (ConfUtils.java:logGet(43)) - raft.server.log.queue.byte-limit = 2147483647 (custom)
2019-09-04 10:44:26,036 [pool-419-thread-1] INFO  server.RaftServerConfigKeys (ConfUtils.java:logGet(43)) - raft.server.log.queue.element-limit = 1024 (custom)
2019-09-04 10:44:26,036 [pool-419-thread-1] INFO  server.RaftServerConfigKeys (ConfUtils.java:logGet(43)) - raft.server.log.segment.size.max = 1048576 (custom)
2019-09-04 10:44:26,036 [pool-419-thread-1] INFO  server.RaftServerConfigKeys (ConfUtils.java:logGet(43)) - raft.server.log.preallocated.size = 16384 (custom)
2019-09-04 10:44:26,036 [pool-419-thread-1] INFO  server.RaftServerConfigKeys (ConfUtils.java:logGet(43)) - raft.server.log.write.buffer.size = 33554432 (custom)
2019-09-04 10:44:26,037 [pool-419-thread-1] INFO  server.RaftServerConfigKeys (ConfUtils.java:logGet(43)) - raft.server.log.force.sync.num = 128 (default)
2019-09-04 10:44:26,037 [pool-419-thread-1] INFO  server.RaftServerConfigKeys (ConfUtils.java:logGet(43)) - raft.server.log.statemachine.data.sync = true (default)
2019-09-04 10:44:26,037 [pool-419-thread-1] INFO  server.RaftServerConfigKeys (ConfUtils.java:logGet(43)) - raft.server.log.statemachine.data.sync.timeout = 10s (default)
2019-09-04 10:44:26,037 [pool-419-thread-1] INFO  server.RaftServerConfigKeys (ConfUtils.java:logGet(43)) - raft.server.log.statemachine.data.sync.timeout.retry = -1 (default)
2019-09-04 10:44:26,037 [pool-419-thread-1] INFO  server.RaftServerConfigKeys (ConfUtils.java:logGet(43)) - raft.server.log.statemachine.data.caching.enabled = true (custom)
2019-09-04 10:44:26,038 [pool-419-thread-1] INFO  segmented.SegmentedRaftLogWorker (SegmentedRaftLogWorker.java:lambda$new$0(132)) - 049a29fe-697a-4e80-ace1-9da2eaf17df4-SegmentedRaftLogWorker:Storage Directory /workdir/hadoop-ozone/integration-test/target/test-dir/MiniOzoneClusterImpl-8ced44ca-4ee5-44c9-aeff-63b5df35a8b0/datanode-1/data/ratis/4fcada8c-cfdd-4588-afab-2792fe12a644: flushIndex: setUnconditionally 0 -> -1
2019-09-04 10:44:26,038 [pool-419-thread-1] INFO  server.RaftServerConfigKeys (ConfUtils.java:logGet(43)) - raft.server.snapshot.auto.trigger.enabled = true (custom)
2019-09-04 10:44:26,038 [pool-419-thread-1] INFO  server.RaftServerConfigKeys (ConfUtils.java:logGet(43)) - raft.server.snapshot.auto.trigger.threshold = 10000 (custom)
2019-09-04 10:44:26,039 [pool-419-thread-1] INFO  server.RaftServerConfigKeys (ConfUtils.java:logGet(43)) - raft.server.retrycache.expirytime = 600000ms (custom)
2019-09-04 10:44:26,039 [pool-419-thread-1] INFO  impl.RaftServerImpl (RaftServerImpl.java:start(180)) - 049a29fe-697a-4e80-ace1-9da2eaf17df4: start group-2792FE12A644
2019-09-04 10:44:26,039 [pool-419-thread-1] INFO  impl.RaftServerImpl (RaftServerImpl.java:setRole(171)) - 049a29fe-697a-4e80-ace1-9da2eaf17df4:group-2792FE12A644 changes role from null to FOLLOWER at term 0 for startAsFollower
2019-09-04 10:44:26,039 [pool-419-thread-1] INFO  impl.RoleInfo (RoleInfo.java:updateAndGet(143)) - 049a29fe-697a-4e80-ace1-9da2eaf17df4: start FollowerState
2019-09-04 10:44:26,039 [pool-419-thread-1] INFO  util.JmxRegister (JmxRegister.java:tryRegister(44)) - Successfully registered JMX Bean with object name Ratis:service=RaftServer,group=group-2792FE12A644,id=049a29fe-697a-4e80-ace1-9da2eaf17df4
2019-09-04 10:44:26,042 [RatisPipelineUtilsThread] INFO  pipeline.PipelineStateManager (PipelineStateManager.java:addPipeline(56)) - Created pipeline Pipeline[ Id: 4fcada8c-cfdd-4588-afab-2792fe12a644, Nodes: 049a29fe-697a-4e80-ace1-9da2eaf17df4{ip: 192.168.5.153, host: pr-hdds-1982-decom-states-67zng-3388626213, networkLocation: /default-rack, certSerialId: null}, Type:RATIS, Factor:ONE, State:OPEN]
2019-09-04 10:44:26,055 [IPC Server handler 4 on 42128] INFO  net.NetworkTopology (NetworkTopologyImpl.java:add(110)) - Added a new node: /default-rack/9596a9b3-71ac-4868-b50a-133dfe1be36f
2019-09-04 10:44:26,056 [IPC Server handler 4 on 42128] INFO  node.SCMNodeManager (SCMNodeManager.java:register(271)) - Registered Data node : 9596a9b3-71ac-4868-b50a-133dfe1be36f{ip: 192.168.5.153, host: pr-hdds-1982-decom-states-67zng-3388626213, networkLocation: /default-rack, certSerialId: null}
2019-09-04 10:44:26,063 [grpc-default-executor-9] INFO  impl.RaftServerProxy (RaftServerProxy.java:addNew(89)) - 9596a9b3-71ac-4868-b50a-133dfe1be36f: addNew group-63CD79ACECD3:[9596a9b3-71ac-4868-b50a-133dfe1be36f:192.168.5.153:37580] returns group-63CD79ACECD3:java.util.concurrent.CompletableFuture@390b11cc[Not completed]
2019-09-04 10:44:26,064 [pool-429-thread-1] INFO  impl.RaftServerImpl (RaftServerImpl.java:<init>(93)) - 9596a9b3-71ac-4868-b50a-133dfe1be36f: new RaftServerImpl for group-63CD79ACECD3:[9596a9b3-71ac-4868-b50a-133dfe1be36f:192.168.5.153:37580] with ContainerStateMachine:uninitialized
2019-09-04 10:44:26,064 [pool-429-thread-1] INFO  server.RaftServerConfigKeys (ConfUtils.java:logGet(43)) - raft.server.rpc.timeout.min = 5s (custom)
2019-09-04 10:44:26,064 [pool-429-thread-1] INFO  server.RaftServerConfigKeys (ConfUtils.java:logGet(43)) - raft.server.rpc.timeout.max = 5200ms (custom)
2019-09-04 10:44:26,064 [pool-429-thread-1] INFO  server.RaftServerConfigKeys (ConfUtils.java:logGet(43)) - raft.server.rpcslowness.timeout = 120s (custom)
2019-09-04 10:44:26,064 [pool-429-thread-1] INFO  server.RaftServerConfigKeys (ConfUtils.java:logGet(43)) - raft.server.sleep.deviation.threshold = 300 (default)
2019-09-04 10:44:26,064 [pool-429-thread-1] INFO  server.RaftServerConfigKeys (ConfUtils.java:logGet(43)) - raft.server.log.appender.install.snapshot.enabled = false (custom)
2019-09-04 10:44:26,064 [pool-429-thread-1] INFO  impl.RaftServerImpl (ServerState.java:<init>(105)) - 9596a9b3-71ac-4868-b50a-133dfe1be36f:group-63CD79ACECD3 ConfigurationManager, init=-1: [9596a9b3-71ac-4868-b50a-133dfe1be36f:192.168.5.153:37580], old=null, confs=<EMPTY_MAP>
2019-09-04 10:44:26,065 [pool-429-thread-1] INFO  server.RaftServerConfigKeys (ConfUtils.java:logGet(43)) - raft.server.storage.dir = [/workdir/hadoop-ozone/integration-test/target/test-dir/MiniOzoneClusterImpl-8ced44ca-4ee5-44c9-aeff-63b5df35a8b0/datanode-2/data/ratis] (custom)
2019-09-04 10:44:26,065 [pool-429-thread-1] INFO  storage.RaftStorageDirectory (RaftStorageDirectory.java:analyzeStorage(246)) - The storage directory /workdir/hadoop-ozone/integration-test/target/test-dir/MiniOzoneClusterImpl-8ced44ca-4ee5-44c9-aeff-63b5df35a8b0/datanode-2/data/ratis/ace78803-dd0e-42e8-aeac-63cd79acecd3 does not exist. Creating ...
2019-09-04 10:44:26,106 [pool-429-thread-1] INFO  storage.RaftStorageDirectory (RaftStorageDirectory.java:tryLock(328)) - Lock on /workdir/hadoop-ozone/integration-test/target/test-dir/MiniOzoneClusterImpl-8ced44ca-4ee5-44c9-aeff-63b5df35a8b0/datanode-2/data/ratis/ace78803-dd0e-42e8-aeac-63cd79acecd3/in_use.lock acquired by nodename 29070@pr-hdds-1982-decom-states-67zng-3388626213
2019-09-04 10:44:26,118 [IPC Server handler 5 on 42128] INFO  net.NetworkTopology (NetworkTopologyImpl.java:add(110)) - Added a new node: /default-rack/85481c8f-e1d3-4452-9840-a26537f3638a
2019-09-04 10:44:26,118 [IPC Server handler 5 on 42128] INFO  node.SCMNodeManager (SCMNodeManager.java:register(271)) - Registered Data node : 85481c8f-e1d3-4452-9840-a26537f3638a{ip: 192.168.5.153, host: pr-hdds-1982-decom-states-67zng-3388626213, networkLocation: /default-rack, certSerialId: null}
2019-09-04 10:44:26,130 [pool-429-thread-1] INFO  storage.RaftStorage (RaftStorage.java:format(72)) - Storage directory /workdir/hadoop-ozone/integration-test/target/test-dir/MiniOzoneClusterImpl-8ced44ca-4ee5-44c9-aeff-63b5df35a8b0/datanode-2/data/ratis/ace78803-dd0e-42e8-aeac-63cd79acecd3 has been successfully formatted.
2019-09-04 10:44:26,131 [pool-429-thread-1] INFO  ratis.ContainerStateMachine (ContainerStateMachine.java:loadSnapshot(227)) - group-63CD79ACECD3: The snapshot info is null. Setting the last applied indexto:(t:0, i:~)
2019-09-04 10:44:26,131 [pool-429-thread-1] INFO  server.RaftServerConfigKeys (ConfUtils.java:logGet(43)) - raft.server.leader.election.timeout = 120s (custom)
2019-09-04 10:44:26,131 [pool-429-thread-1] INFO  server.RaftServerConfigKeys (ConfUtils.java:logGet(43)) - raft.server.log.use.memory = false (default)
2019-09-04 10:44:26,131 [pool-429-thread-1] INFO  server.RaftServerConfigKeys (ConfUtils.java:logGet(43)) - raft.server.log.purge.gap = 1000000 (custom)
2019-09-04 10:44:26,131 [pool-429-thread-1] INFO  server.RaftServerConfigKeys (ConfUtils.java:logGet(43)) - raft.server.log.appender.buffer.byte-limit = 33554432 (custom)
2019-09-04 10:44:26,131 [pool-429-thread-1] INFO  server.RaftServerConfigKeys (ConfUtils.java:logGet(43)) - raft.server.log.segment.size.max = 1048576 (custom)
2019-09-04 10:44:26,132 [pool-429-thread-1] INFO  server.RaftServerConfigKeys (ConfUtils.java:logGet(43)) - raft.server.log.segment.cache.num.max = 2 (custom)
2019-09-04 10:44:26,132 [pool-429-thread-1] INFO  segmented.SegmentedRaftLogWorker (SegmentedRaftLogWorker.java:<init>(172)) - new 9596a9b3-71ac-4868-b50a-133dfe1be36f-SegmentedRaftLogWorker:Storage Directory /workdir/hadoop-ozone/integration-test/target/test-dir/MiniOzoneClusterImpl-8ced44ca-4ee5-44c9-aeff-63b5df35a8b0/datanode-2/data/ratis/ace78803-dd0e-42e8-aeac-63cd79acecd3 for RaftStorage:Storage Directory /workdir/hadoop-ozone/integration-test/target/test-dir/MiniOzoneClusterImpl-8ced44ca-4ee5-44c9-aeff-63b5df35a8b0/datanode-2/data/ratis/ace78803-dd0e-42e8-aeac-63cd79acecd3
2019-09-04 10:44:26,132 [pool-429-thread-1] INFO  server.RaftServerConfigKeys (ConfUtils.java:logGet(43)) - raft.server.log.queue.byte-limit = 2147483647 (custom)
2019-09-04 10:44:26,132 [pool-429-thread-1] INFO  server.RaftServerConfigKeys (ConfUtils.java:logGet(43)) - raft.server.log.queue.element-limit = 1024 (custom)
2019-09-04 10:44:26,132 [pool-429-thread-1] INFO  server.RaftServerConfigKeys (ConfUtils.java:logGet(43)) - raft.server.log.segment.size.max = 1048576 (custom)
2019-09-04 10:44:26,132 [pool-429-thread-1] INFO  server.RaftServerConfigKeys (ConfUtils.java:logGet(43)) - raft.server.log.preallocated.size = 16384 (custom)
2019-09-04 10:44:26,132 [pool-429-thread-1] INFO  server.RaftServerConfigKeys (ConfUtils.java:logGet(43)) - raft.server.log.write.buffer.size = 33554432 (custom)
2019-09-04 10:44:26,132 [pool-429-thread-1] INFO  server.RaftServerConfigKeys (ConfUtils.java:logGet(43)) - raft.server.log.force.sync.num = 128 (default)
2019-09-04 10:44:26,132 [pool-429-thread-1] INFO  server.RaftServerConfigKeys (ConfUtils.java:logGet(43)) - raft.server.log.statemachine.data.sync = true (default)
2019-09-04 10:44:26,133 [pool-429-thread-1] INFO  server.RaftServerConfigKeys (ConfUtils.java:logGet(43)) - raft.server.log.statemachine.data.sync.timeout = 10s (default)
2019-09-04 10:44:26,133 [pool-429-thread-1] INFO  server.RaftServerConfigKeys (ConfUtils.java:logGet(43)) - raft.server.log.statemachine.data.sync.timeout.retry = -1 (default)
2019-09-04 10:44:26,133 [pool-429-thread-1] INFO  server.RaftServerConfigKeys (ConfUtils.java:logGet(43)) - raft.server.log.statemachine.data.caching.enabled = true (custom)
2019-09-04 10:44:26,133 [pool-429-thread-1] INFO  segmented.SegmentedRaftLogWorker (SegmentedRaftLogWorker.java:lambda$new$0(132)) - 9596a9b3-71ac-4868-b50a-133dfe1be36f-SegmentedRaftLogWorker:Storage Directory /workdir/hadoop-ozone/integration-test/target/test-dir/MiniOzoneClusterImpl-8ced44ca-4ee5-44c9-aeff-63b5df35a8b0/datanode-2/data/ratis/ace78803-dd0e-42e8-aeac-63cd79acecd3: flushIndex: setUnconditionally 0 -> -1
2019-09-04 10:44:26,133 [pool-429-thread-1] INFO  server.RaftServerConfigKeys (ConfUtils.java:logGet(43)) - raft.server.snapshot.auto.trigger.enabled = true (custom)
2019-09-04 10:44:26,133 [pool-429-thread-1] INFO  server.RaftServerConfigKeys (ConfUtils.java:logGet(43)) - raft.server.snapshot.auto.trigger.threshold = 10000 (custom)
2019-09-04 10:44:26,134 [pool-429-thread-1] INFO  server.RaftServerConfigKeys (ConfUtils.java:logGet(43)) - raft.server.retrycache.expirytime = 600000ms (custom)
2019-09-04 10:44:26,134 [pool-429-thread-1] INFO  impl.RaftServerImpl (RaftServerImpl.java:start(180)) - 9596a9b3-71ac-4868-b50a-133dfe1be36f: start group-63CD79ACECD3
2019-09-04 10:44:26,134 [pool-429-thread-1] INFO  impl.RaftServerImpl (RaftServerImpl.java:setRole(171)) - 9596a9b3-71ac-4868-b50a-133dfe1be36f:group-63CD79ACECD3 changes role from null to FOLLOWER at term 0 for startAsFollower
2019-09-04 10:44:26,134 [pool-429-thread-1] INFO  impl.RoleInfo (RoleInfo.java:updateAndGet(143)) - 9596a9b3-71ac-4868-b50a-133dfe1be36f: start FollowerState
2019-09-04 10:44:26,134 [pool-429-thread-1] INFO  util.JmxRegister (JmxRegister.java:tryRegister(44)) - Successfully registered JMX Bean with object name Ratis:service=RaftServer,group=group-63CD79ACECD3,id=9596a9b3-71ac-4868-b50a-133dfe1be36f
2019-09-04 10:44:26,137 [RatisPipelineUtilsThread] INFO  pipeline.PipelineStateManager (PipelineStateManager.java:addPipeline(56)) - Created pipeline Pipeline[ Id: ace78803-dd0e-42e8-aeac-63cd79acecd3, Nodes: 9596a9b3-71ac-4868-b50a-133dfe1be36f{ip: 192.168.5.153, host: pr-hdds-1982-decom-states-67zng-3388626213, networkLocation: /default-rack, certSerialId: null}, Type:RATIS, Factor:ONE, State:OPEN]
2019-09-04 10:44:26,153 [grpc-default-executor-9] INFO  impl.RaftServerProxy (RaftServerProxy.java:addNew(89)) - 85481c8f-e1d3-4452-9840-a26537f3638a: addNew group-3B9755A72B44:[85481c8f-e1d3-4452-9840-a26537f3638a:192.168.5.153:41097] returns group-3B9755A72B44:java.util.concurrent.CompletableFuture@6316190c[Not completed]
2019-09-04 10:44:26,155 [pool-439-thread-1] INFO  impl.RaftServerImpl (RaftServerImpl.java:<init>(93)) - 85481c8f-e1d3-4452-9840-a26537f3638a: new RaftServerImpl for group-3B9755A72B44:[85481c8f-e1d3-4452-9840-a26537f3638a:192.168.5.153:41097] with ContainerStateMachine:uninitialized
2019-09-04 10:44:26,155 [pool-439-thread-1] INFO  server.RaftServerConfigKeys (ConfUtils.java:logGet(43)) - raft.server.rpc.timeout.min = 5s (custom)
2019-09-04 10:44:26,155 [pool-439-thread-1] INFO  server.RaftServerConfigKeys (ConfUtils.java:logGet(43)) - raft.server.rpc.timeout.max = 5200ms (custom)
2019-09-04 10:44:26,155 [pool-439-thread-1] INFO  server.RaftServerConfigKeys (ConfUtils.java:logGet(43)) - raft.server.rpcslowness.timeout = 120s (custom)
2019-09-04 10:44:26,155 [pool-439-thread-1] INFO  server.RaftServerConfigKeys (ConfUtils.java:logGet(43)) - raft.server.sleep.deviation.threshold = 300 (default)
2019-09-04 10:44:26,155 [pool-439-thread-1] INFO  server.RaftServerConfigKeys (ConfUtils.java:logGet(43)) - raft.server.log.appender.install.snapshot.enabled = false (custom)
2019-09-04 10:44:26,155 [pool-439-thread-1] INFO  impl.RaftServerImpl (ServerState.java:<init>(105)) - 85481c8f-e1d3-4452-9840-a26537f3638a:group-3B9755A72B44 ConfigurationManager, init=-1: [85481c8f-e1d3-4452-9840-a26537f3638a:192.168.5.153:41097], old=null, confs=<EMPTY_MAP>
2019-09-04 10:44:26,155 [pool-439-thread-1] INFO  server.RaftServerConfigKeys (ConfUtils.java:logGet(43)) - raft.server.storage.dir = [/workdir/hadoop-ozone/integration-test/target/test-dir/MiniOzoneClusterImpl-8ced44ca-4ee5-44c9-aeff-63b5df35a8b0/datanode-3/data/ratis] (custom)
2019-09-04 10:44:26,156 [pool-439-thread-1] INFO  storage.RaftStorageDirectory (RaftStorageDirectory.java:analyzeStorage(246)) - The storage directory /workdir/hadoop-ozone/integration-test/target/test-dir/MiniOzoneClusterImpl-8ced44ca-4ee5-44c9-aeff-63b5df35a8b0/datanode-3/data/ratis/c03e8e0e-b818-4801-889b-3b9755a72b44 does not exist. Creating ...
2019-09-04 10:44:26,178 [IPC Server handler 6 on 42128] INFO  net.NetworkTopology (NetworkTopologyImpl.java:add(110)) - Added a new node: /default-rack/5edab1c0-df0e-4ea3-aa3c-59f2fee068b8
2019-09-04 10:44:26,178 [IPC Server handler 6 on 42128] INFO  node.SCMNodeManager (SCMNodeManager.java:register(271)) - Registered Data node : 5edab1c0-df0e-4ea3-aa3c-59f2fee068b8{ip: 192.168.5.153, host: pr-hdds-1982-decom-states-67zng-3388626213, networkLocation: /default-rack, certSerialId: null}
2019-09-04 10:44:26,179 [pool-439-thread-1] INFO  storage.RaftStorageDirectory (RaftStorageDirectory.java:tryLock(328)) - Lock on /workdir/hadoop-ozone/integration-test/target/test-dir/MiniOzoneClusterImpl-8ced44ca-4ee5-44c9-aeff-63b5df35a8b0/datanode-3/data/ratis/c03e8e0e-b818-4801-889b-3b9755a72b44/in_use.lock acquired by nodename 29070@pr-hdds-1982-decom-states-67zng-3388626213
2019-09-04 10:44:26,222 [pool-439-thread-1] INFO  storage.RaftStorage (RaftStorage.java:format(72)) - Storage directory /workdir/hadoop-ozone/integration-test/target/test-dir/MiniOzoneClusterImpl-8ced44ca-4ee5-44c9-aeff-63b5df35a8b0/datanode-3/data/ratis/c03e8e0e-b818-4801-889b-3b9755a72b44 has been successfully formatted.
2019-09-04 10:44:26,222 [pool-439-thread-1] INFO  ratis.ContainerStateMachine (ContainerStateMachine.java:loadSnapshot(227)) - group-3B9755A72B44: The snapshot info is null. Setting the last applied indexto:(t:0, i:~)
2019-09-04 10:44:26,222 [pool-439-thread-1] INFO  server.RaftServerConfigKeys (ConfUtils.java:logGet(43)) - raft.server.leader.election.timeout = 120s (custom)
2019-09-04 10:44:26,223 [pool-439-thread-1] INFO  server.RaftServerConfigKeys (ConfUtils.java:logGet(43)) - raft.server.log.use.memory = false (default)
2019-09-04 10:44:26,223 [pool-439-thread-1] INFO  server.RaftServerConfigKeys (ConfUtils.java:logGet(43)) - raft.server.log.purge.gap = 1000000 (custom)
2019-09-04 10:44:26,223 [pool-439-thread-1] INFO  server.RaftServerConfigKeys (ConfUtils.java:logGet(43)) - raft.server.log.appender.buffer.byte-limit = 33554432 (custom)
2019-09-04 10:44:26,223 [pool-439-thread-1] INFO  server.RaftServerConfigKeys (ConfUtils.java:logGet(43)) - raft.server.log.segment.size.max = 1048576 (custom)
2019-09-04 10:44:26,223 [pool-439-thread-1] INFO  server.RaftServerConfigKeys (ConfUtils.java:logGet(43)) - raft.server.log.segment.cache.num.max = 2 (custom)
2019-09-04 10:44:26,223 [pool-439-thread-1] INFO  segmented.SegmentedRaftLogWorker (SegmentedRaftLogWorker.java:<init>(172)) - new 85481c8f-e1d3-4452-9840-a26537f3638a-SegmentedRaftLogWorker:Storage Directory /workdir/hadoop-ozone/integration-test/target/test-dir/MiniOzoneClusterImpl-8ced44ca-4ee5-44c9-aeff-63b5df35a8b0/datanode-3/data/ratis/c03e8e0e-b818-4801-889b-3b9755a72b44 for RaftStorage:Storage Directory /workdir/hadoop-ozone/integration-test/target/test-dir/MiniOzoneClusterImpl-8ced44ca-4ee5-44c9-aeff-63b5df35a8b0/datanode-3/data/ratis/c03e8e0e-b818-4801-889b-3b9755a72b44
2019-09-04 10:44:26,224 [pool-439-thread-1] INFO  server.RaftServerConfigKeys (ConfUtils.java:logGet(43)) - raft.server.log.queue.byte-limit = 2147483647 (custom)
2019-09-04 10:44:26,224 [pool-439-thread-1] INFO  server.RaftServerConfigKeys (ConfUtils.java:logGet(43)) - raft.server.log.queue.element-limit = 1024 (custom)
2019-09-04 10:44:26,224 [pool-439-thread-1] INFO  server.RaftServerConfigKeys (ConfUtils.java:logGet(43)) - raft.server.log.segment.size.max = 1048576 (custom)
2019-09-04 10:44:26,224 [pool-439-thread-1] INFO  server.RaftServerConfigKeys (ConfUtils.java:logGet(43)) - raft.server.log.preallocated.size = 16384 (custom)
2019-09-04 10:44:26,225 [pool-439-thread-1] INFO  server.RaftServerConfigKeys (ConfUtils.java:logGet(43)) - raft.server.log.write.buffer.size = 33554432 (custom)
2019-09-04 10:44:26,225 [pool-439-thread-1] INFO  server.RaftServerConfigKeys (ConfUtils.java:logGet(43)) - raft.server.log.force.sync.num = 128 (default)
2019-09-04 10:44:26,225 [pool-439-thread-1] INFO  server.RaftServerConfigKeys (ConfUtils.java:logGet(43)) - raft.server.log.statemachine.data.sync = true (default)
2019-09-04 10:44:26,225 [pool-439-thread-1] INFO  server.RaftServerConfigKeys (ConfUtils.java:logGet(43)) - raft.server.log.statemachine.data.sync.timeout = 10s (default)
2019-09-04 10:44:26,225 [pool-439-thread-1] INFO  server.RaftServerConfigKeys (ConfUtils.java:logGet(43)) - raft.server.log.statemachine.data.sync.timeout.retry = -1 (default)
2019-09-04 10:44:26,226 [pool-439-thread-1] INFO  server.RaftServerConfigKeys (ConfUtils.java:logGet(43)) - raft.server.log.statemachine.data.caching.enabled = true (custom)
2019-09-04 10:44:26,226 [pool-439-thread-1] INFO  segmented.SegmentedRaftLogWorker (SegmentedRaftLogWorker.java:lambda$new$0(132)) - 85481c8f-e1d3-4452-9840-a26537f3638a-SegmentedRaftLogWorker:Storage Directory /workdir/hadoop-ozone/integration-test/target/test-dir/MiniOzoneClusterImpl-8ced44ca-4ee5-44c9-aeff-63b5df35a8b0/datanode-3/data/ratis/c03e8e0e-b818-4801-889b-3b9755a72b44: flushIndex: setUnconditionally 0 -> -1
2019-09-04 10:44:26,226 [pool-439-thread-1] INFO  server.RaftServerConfigKeys (ConfUtils.java:logGet(43)) - raft.server.snapshot.auto.trigger.enabled = true (custom)
2019-09-04 10:44:26,227 [pool-439-thread-1] INFO  server.RaftServerConfigKeys (ConfUtils.java:logGet(43)) - raft.server.snapshot.auto.trigger.threshold = 10000 (custom)
2019-09-04 10:44:26,227 [pool-439-thread-1] INFO  server.RaftServerConfigKeys (ConfUtils.java:logGet(43)) - raft.server.retrycache.expirytime = 600000ms (custom)
2019-09-04 10:44:26,227 [pool-439-thread-1] INFO  impl.RaftServerImpl (RaftServerImpl.java:start(180)) - 85481c8f-e1d3-4452-9840-a26537f3638a: start group-3B9755A72B44
2019-09-04 10:44:26,227 [pool-439-thread-1] INFO  impl.RaftServerImpl (RaftServerImpl.java:setRole(171)) - 85481c8f-e1d3-4452-9840-a26537f3638a:group-3B9755A72B44 changes role from null to FOLLOWER at term 0 for startAsFollower
2019-09-04 10:44:26,227 [pool-439-thread-1] INFO  impl.RoleInfo (RoleInfo.java:updateAndGet(143)) - 85481c8f-e1d3-4452-9840-a26537f3638a: start FollowerState
2019-09-04 10:44:26,236 [pool-439-thread-1] INFO  util.JmxRegister (JmxRegister.java:tryRegister(44)) - Successfully registered JMX Bean with object name Ratis:service=RaftServer,group=group-3B9755A72B44,id=85481c8f-e1d3-4452-9840-a26537f3638a
2019-09-04 10:44:26,245 [IPC Server handler 1 on 42128] INFO  net.NetworkTopology (NetworkTopologyImpl.java:add(110)) - Added a new node: /default-rack/c39abe71-7611-4001-9539-bba876860d2a
2019-09-04 10:44:26,245 [IPC Server handler 1 on 42128] INFO  node.SCMNodeManager (SCMNodeManager.java:register(271)) - Registered Data node : c39abe71-7611-4001-9539-bba876860d2a{ip: 192.168.5.153, host: pr-hdds-1982-decom-states-67zng-3388626213, networkLocation: /default-rack, certSerialId: null}
2019-09-04 10:44:26,246 [RatisPipelineUtilsThread] INFO  pipeline.PipelineStateManager (PipelineStateManager.java:addPipeline(56)) - Created pipeline Pipeline[ Id: c03e8e0e-b818-4801-889b-3b9755a72b44, Nodes: 85481c8f-e1d3-4452-9840-a26537f3638a{ip: 192.168.5.153, host: pr-hdds-1982-decom-states-67zng-3388626213, networkLocation: /default-rack, certSerialId: null}, Type:RATIS, Factor:ONE, State:OPEN]
2019-09-04 10:44:26,253 [grpc-default-executor-9] INFO  impl.RaftServerProxy (RaftServerProxy.java:addNew(89)) - 5edab1c0-df0e-4ea3-aa3c-59f2fee068b8: addNew group-FD8319E2E52B:[5edab1c0-df0e-4ea3-aa3c-59f2fee068b8:192.168.5.153:42707] returns group-FD8319E2E52B:java.util.concurrent.CompletableFuture@3f1bc0f3[Not completed]
2019-09-04 10:44:26,254 [pool-449-thread-1] INFO  impl.RaftServerImpl (RaftServerImpl.java:<init>(93)) - 5edab1c0-df0e-4ea3-aa3c-59f2fee068b8: new RaftServerImpl for group-FD8319E2E52B:[5edab1c0-df0e-4ea3-aa3c-59f2fee068b8:192.168.5.153:42707] with ContainerStateMachine:uninitialized
2019-09-04 10:44:26,255 [pool-449-thread-1] INFO  server.RaftServerConfigKeys (ConfUtils.java:logGet(43)) - raft.server.rpc.timeout.min = 5s (custom)
2019-09-04 10:44:26,255 [pool-449-thread-1] INFO  server.RaftServerConfigKeys (ConfUtils.java:logGet(43)) - raft.server.rpc.timeout.max = 5200ms (custom)
2019-09-04 10:44:26,255 [pool-449-thread-1] INFO  server.RaftServerConfigKeys (ConfUtils.java:logGet(43)) - raft.server.rpcslowness.timeout = 120s (custom)
2019-09-04 10:44:26,255 [pool-449-thread-1] INFO  server.RaftServerConfigKeys (ConfUtils.java:logGet(43)) - raft.server.sleep.deviation.threshold = 300 (default)
2019-09-04 10:44:26,255 [pool-449-thread-1] INFO  server.RaftServerConfigKeys (ConfUtils.java:logGet(43)) - raft.server.log.appender.install.snapshot.enabled = false (custom)
2019-09-04 10:44:26,255 [pool-449-thread-1] INFO  impl.RaftServerImpl (ServerState.java:<init>(105)) - 5edab1c0-df0e-4ea3-aa3c-59f2fee068b8:group-FD8319E2E52B ConfigurationManager, init=-1: [5edab1c0-df0e-4ea3-aa3c-59f2fee068b8:192.168.5.153:42707], old=null, confs=<EMPTY_MAP>
2019-09-04 10:44:26,255 [pool-449-thread-1] INFO  server.RaftServerConfigKeys (ConfUtils.java:logGet(43)) - raft.server.storage.dir = [/workdir/hadoop-ozone/integration-test/target/test-dir/MiniOzoneClusterImpl-8ced44ca-4ee5-44c9-aeff-63b5df35a8b0/datanode-4/data/ratis] (custom)
2019-09-04 10:44:26,256 [pool-449-thread-1] INFO  storage.RaftStorageDirectory (RaftStorageDirectory.java:analyzeStorage(246)) - The storage directory /workdir/hadoop-ozone/integration-test/target/test-dir/MiniOzoneClusterImpl-8ced44ca-4ee5-44c9-aeff-63b5df35a8b0/datanode-4/data/ratis/65ee5a0f-7479-45ce-a8ef-fd8319e2e52b does not exist. Creating ...
2019-09-04 10:44:26,280 [pool-449-thread-1] INFO  storage.RaftStorageDirectory (RaftStorageDirectory.java:tryLock(328)) - Lock on /workdir/hadoop-ozone/integration-test/target/test-dir/MiniOzoneClusterImpl-8ced44ca-4ee5-44c9-aeff-63b5df35a8b0/datanode-4/data/ratis/65ee5a0f-7479-45ce-a8ef-fd8319e2e52b/in_use.lock acquired by nodename 29070@pr-hdds-1982-decom-states-67zng-3388626213
2019-09-04 10:44:26,298 [pool-449-thread-1] INFO  storage.RaftStorage (RaftStorage.java:format(72)) - Storage directory /workdir/hadoop-ozone/integration-test/target/test-dir/MiniOzoneClusterImpl-8ced44ca-4ee5-44c9-aeff-63b5df35a8b0/datanode-4/data/ratis/65ee5a0f-7479-45ce-a8ef-fd8319e2e52b has been successfully formatted.
2019-09-04 10:44:26,298 [pool-449-thread-1] INFO  ratis.ContainerStateMachine (ContainerStateMachine.java:loadSnapshot(227)) - group-FD8319E2E52B: The snapshot info is null. Setting the last applied indexto:(t:0, i:~)
2019-09-04 10:44:26,298 [pool-449-thread-1] INFO  server.RaftServerConfigKeys (ConfUtils.java:logGet(43)) - raft.server.leader.election.timeout = 120s (custom)
2019-09-04 10:44:26,298 [pool-449-thread-1] INFO  server.RaftServerConfigKeys (ConfUtils.java:logGet(43)) - raft.server.log.use.memory = false (default)
2019-09-04 10:44:26,298 [pool-449-thread-1] INFO  server.RaftServerConfigKeys (ConfUtils.java:logGet(43)) - raft.server.log.purge.gap = 1000000 (custom)
2019-09-04 10:44:26,298 [pool-449-thread-1] INFO  server.RaftServerConfigKeys (ConfUtils.java:logGet(43)) - raft.server.log.appender.buffer.byte-limit = 33554432 (custom)
2019-09-04 10:44:26,299 [pool-449-thread-1] INFO  server.RaftServerConfigKeys (ConfUtils.java:logGet(43)) - raft.server.log.segment.size.max = 1048576 (custom)
2019-09-04 10:44:26,299 [pool-449-thread-1] INFO  server.RaftServerConfigKeys (ConfUtils.java:logGet(43)) - raft.server.log.segment.cache.num.max = 2 (custom)
2019-09-04 10:44:26,299 [pool-449-thread-1] INFO  segmented.SegmentedRaftLogWorker (SegmentedRaftLogWorker.java:<init>(172)) - new 5edab1c0-df0e-4ea3-aa3c-59f2fee068b8-SegmentedRaftLogWorker:Storage Directory /workdir/hadoop-ozone/integration-test/target/test-dir/MiniOzoneClusterImpl-8ced44ca-4ee5-44c9-aeff-63b5df35a8b0/datanode-4/data/ratis/65ee5a0f-7479-45ce-a8ef-fd8319e2e52b for RaftStorage:Storage Directory /workdir/hadoop-ozone/integration-test/target/test-dir/MiniOzoneClusterImpl-8ced44ca-4ee5-44c9-aeff-63b5df35a8b0/datanode-4/data/ratis/65ee5a0f-7479-45ce-a8ef-fd8319e2e52b
2019-09-04 10:44:26,299 [pool-449-thread-1] INFO  server.RaftServerConfigKeys (ConfUtils.java:logGet(43)) - raft.server.log.queue.byte-limit = 2147483647 (custom)
2019-09-04 10:44:26,299 [pool-449-thread-1] INFO  server.RaftServerConfigKeys (ConfUtils.java:logGet(43)) - raft.server.log.queue.element-limit = 1024 (custom)
2019-09-04 10:44:26,300 [pool-449-thread-1] INFO  server.RaftServerConfigKeys (ConfUtils.java:logGet(43)) - raft.server.log.segment.size.max = 1048576 (custom)
2019-09-04 10:44:26,300 [pool-449-thread-1] INFO  server.RaftServerConfigKeys (ConfUtils.java:logGet(43)) - raft.server.log.preallocated.size = 16384 (custom)
2019-09-04 10:44:26,300 [pool-449-thread-1] INFO  server.RaftServerConfigKeys (ConfUtils.java:logGet(43)) - raft.server.log.write.buffer.size = 33554432 (custom)
2019-09-04 10:44:26,300 [pool-449-thread-1] INFO  server.RaftServerConfigKeys (ConfUtils.java:logGet(43)) - raft.server.log.force.sync.num = 128 (default)
2019-09-04 10:44:26,300 [pool-449-thread-1] INFO  server.RaftServerConfigKeys (ConfUtils.java:logGet(43)) - raft.server.log.statemachine.data.sync = true (default)
2019-09-04 10:44:26,301 [pool-449-thread-1] INFO  server.RaftServerConfigKeys (ConfUtils.java:logGet(43)) - raft.server.log.statemachine.data.sync.timeout = 10s (default)
2019-09-04 10:44:26,301 [pool-449-thread-1] INFO  server.RaftServerConfigKeys (ConfUtils.java:logGet(43)) - raft.server.log.statemachine.data.sync.timeout.retry = -1 (default)
2019-09-04 10:44:26,301 [pool-449-thread-1] INFO  server.RaftServerConfigKeys (ConfUtils.java:logGet(43)) - raft.server.log.statemachine.data.caching.enabled = true (custom)
2019-09-04 10:44:26,302 [pool-449-thread-1] INFO  segmented.SegmentedRaftLogWorker (SegmentedRaftLogWorker.java:lambda$new$0(132)) - 5edab1c0-df0e-4ea3-aa3c-59f2fee068b8-SegmentedRaftLogWorker:Storage Directory /workdir/hadoop-ozone/integration-test/target/test-dir/MiniOzoneClusterImpl-8ced44ca-4ee5-44c9-aeff-63b5df35a8b0/datanode-4/data/ratis/65ee5a0f-7479-45ce-a8ef-fd8319e2e52b: flushIndex: setUnconditionally 0 -> -1
2019-09-04 10:44:26,302 [pool-449-thread-1] INFO  server.RaftServerConfigKeys (ConfUtils.java:logGet(43)) - raft.server.snapshot.auto.trigger.enabled = true (custom)
2019-09-04 10:44:26,302 [pool-449-thread-1] INFO  server.RaftServerConfigKeys (ConfUtils.java:logGet(43)) - raft.server.snapshot.auto.trigger.threshold = 10000 (custom)
2019-09-04 10:44:26,302 [pool-449-thread-1] INFO  server.RaftServerConfigKeys (ConfUtils.java:logGet(43)) - raft.server.retrycache.expirytime = 600000ms (custom)
2019-09-04 10:44:26,303 [pool-449-thread-1] INFO  impl.RaftServerImpl (RaftServerImpl.java:start(180)) - 5edab1c0-df0e-4ea3-aa3c-59f2fee068b8: start group-FD8319E2E52B
2019-09-04 10:44:26,303 [pool-449-thread-1] INFO  impl.RaftServerImpl (RaftServerImpl.java:setRole(171)) - 5edab1c0-df0e-4ea3-aa3c-59f2fee068b8:group-FD8319E2E52B changes role from null to FOLLOWER at term 0 for startAsFollower
2019-09-04 10:44:26,303 [pool-449-thread-1] INFO  impl.RoleInfo (RoleInfo.java:updateAndGet(143)) - 5edab1c0-df0e-4ea3-aa3c-59f2fee068b8: start FollowerState
2019-09-04 10:44:26,303 [pool-449-thread-1] INFO  util.JmxRegister (JmxRegister.java:tryRegister(44)) - Successfully registered JMX Bean with object name Ratis:service=RaftServer,group=group-FD8319E2E52B,id=5edab1c0-df0e-4ea3-aa3c-59f2fee068b8
2019-09-04 10:44:26,306 [RatisPipelineUtilsThread] INFO  pipeline.PipelineStateManager (PipelineStateManager.java:addPipeline(56)) - Created pipeline Pipeline[ Id: 65ee5a0f-7479-45ce-a8ef-fd8319e2e52b, Nodes: 5edab1c0-df0e-4ea3-aa3c-59f2fee068b8{ip: 192.168.5.153, host: pr-hdds-1982-decom-states-67zng-3388626213, networkLocation: /default-rack, certSerialId: null}, Type:RATIS, Factor:ONE, State:OPEN]
2019-09-04 10:44:26,313 [main] INFO  ozone.MiniOzoneClusterImpl (MiniOzoneClusterImpl.java:lambda$waitForClusterToBeReady$0(140)) - Waiting for cluster to be ready. Got 6 of 7 DN Heartbeats.
2019-09-04 10:44:26,313 [grpc-default-executor-9] INFO  impl.RaftServerProxy (RaftServerProxy.java:addNew(89)) - c39abe71-7611-4001-9539-bba876860d2a: addNew group-10D4C0A6BFC7:[c39abe71-7611-4001-9539-bba876860d2a:192.168.5.153:36438] returns group-10D4C0A6BFC7:java.util.concurrent.CompletableFuture@15952432[Not completed]
2019-09-04 10:44:26,314 [IPC Server handler 2 on 42128] INFO  net.NetworkTopology (NetworkTopologyImpl.java:add(110)) - Added a new node: /default-rack/e09b7eb1-4844-474a-a024-7bf910e612d1
2019-09-04 10:44:26,314 [IPC Server handler 2 on 42128] INFO  node.SCMNodeManager (SCMNodeManager.java:register(271)) - Registered Data node : e09b7eb1-4844-474a-a024-7bf910e612d1{ip: 192.168.5.153, host: pr-hdds-1982-decom-states-67zng-3388626213, networkLocation: /default-rack, certSerialId: null}
2019-09-04 10:44:26,315 [pool-459-thread-1] INFO  impl.RaftServerImpl (RaftServerImpl.java:<init>(93)) - c39abe71-7611-4001-9539-bba876860d2a: new RaftServerImpl for group-10D4C0A6BFC7:[c39abe71-7611-4001-9539-bba876860d2a:192.168.5.153:36438] with ContainerStateMachine:uninitialized
2019-09-04 10:44:26,315 [pool-459-thread-1] INFO  server.RaftServerConfigKeys (ConfUtils.java:logGet(43)) - raft.server.rpc.timeout.min = 5s (custom)
2019-09-04 10:44:26,315 [pool-459-thread-1] INFO  server.RaftServerConfigKeys (ConfUtils.java:logGet(43)) - raft.server.rpc.timeout.max = 5200ms (custom)
2019-09-04 10:44:26,315 [pool-459-thread-1] INFO  server.RaftServerConfigKeys (ConfUtils.java:logGet(43)) - raft.server.rpcslowness.timeout = 120s (custom)
2019-09-04 10:44:26,315 [pool-459-thread-1] INFO  server.RaftServerConfigKeys (ConfUtils.java:logGet(43)) - raft.server.sleep.deviation.threshold = 300 (default)
2019-09-04 10:44:26,316 [pool-459-thread-1] INFO  server.RaftServerConfigKeys (ConfUtils.java:logGet(43)) - raft.server.log.appender.install.snapshot.enabled = false (custom)
2019-09-04 10:44:26,316 [pool-459-thread-1] INFO  impl.RaftServerImpl (ServerState.java:<init>(105)) - c39abe71-7611-4001-9539-bba876860d2a:group-10D4C0A6BFC7 ConfigurationManager, init=-1: [c39abe71-7611-4001-9539-bba876860d2a:192.168.5.153:36438], old=null, confs=<EMPTY_MAP>
2019-09-04 10:44:26,316 [pool-459-thread-1] INFO  server.RaftServerConfigKeys (ConfUtils.java:logGet(43)) - raft.server.storage.dir = [/workdir/hadoop-ozone/integration-test/target/test-dir/MiniOzoneClusterImpl-8ced44ca-4ee5-44c9-aeff-63b5df35a8b0/datanode-5/data/ratis] (custom)
2019-09-04 10:44:26,316 [pool-459-thread-1] INFO  storage.RaftStorageDirectory (RaftStorageDirectory.java:analyzeStorage(246)) - The storage directory /workdir/hadoop-ozone/integration-test/target/test-dir/MiniOzoneClusterImpl-8ced44ca-4ee5-44c9-aeff-63b5df35a8b0/datanode-5/data/ratis/29733ff5-3e4d-4744-9366-10d4c0a6bfc7 does not exist. Creating ...
2019-09-04 10:44:26,340 [pool-459-thread-1] INFO  storage.RaftStorageDirectory (RaftStorageDirectory.java:tryLock(328)) - Lock on /workdir/hadoop-ozone/integration-test/target/test-dir/MiniOzoneClusterImpl-8ced44ca-4ee5-44c9-aeff-63b5df35a8b0/datanode-5/data/ratis/29733ff5-3e4d-4744-9366-10d4c0a6bfc7/in_use.lock acquired by nodename 29070@pr-hdds-1982-decom-states-67zng-3388626213
2019-09-04 10:44:26,365 [pool-459-thread-1] INFO  storage.RaftStorage (RaftStorage.java:format(72)) - Storage directory /workdir/hadoop-ozone/integration-test/target/test-dir/MiniOzoneClusterImpl-8ced44ca-4ee5-44c9-aeff-63b5df35a8b0/datanode-5/data/ratis/29733ff5-3e4d-4744-9366-10d4c0a6bfc7 has been successfully formatted.
2019-09-04 10:44:26,365 [pool-459-thread-1] INFO  ratis.ContainerStateMachine (ContainerStateMachine.java:loadSnapshot(227)) - group-10D4C0A6BFC7: The snapshot info is null. Setting the last applied indexto:(t:0, i:~)
2019-09-04 10:44:26,365 [pool-459-thread-1] INFO  server.RaftServerConfigKeys (ConfUtils.java:logGet(43)) - raft.server.leader.election.timeout = 120s (custom)
2019-09-04 10:44:26,366 [pool-459-thread-1] INFO  server.RaftServerConfigKeys (ConfUtils.java:logGet(43)) - raft.server.log.use.memory = false (default)
2019-09-04 10:44:26,366 [pool-459-thread-1] INFO  server.RaftServerConfigKeys (ConfUtils.java:logGet(43)) - raft.server.log.purge.gap = 1000000 (custom)
2019-09-04 10:44:26,366 [pool-459-thread-1] INFO  server.RaftServerConfigKeys (ConfUtils.java:logGet(43)) - raft.server.log.appender.buffer.byte-limit = 33554432 (custom)
2019-09-04 10:44:26,366 [pool-459-thread-1] INFO  server.RaftServerConfigKeys (ConfUtils.java:logGet(43)) - raft.server.log.segment.size.max = 1048576 (custom)
2019-09-04 10:44:26,366 [pool-459-thread-1] INFO  server.RaftServerConfigKeys (ConfUtils.java:logGet(43)) - raft.server.log.segment.cache.num.max = 2 (custom)
2019-09-04 10:44:26,367 [pool-459-thread-1] INFO  segmented.SegmentedRaftLogWorker (SegmentedRaftLogWorker.java:<init>(172)) - new c39abe71-7611-4001-9539-bba876860d2a-SegmentedRaftLogWorker:Storage Directory /workdir/hadoop-ozone/integration-test/target/test-dir/MiniOzoneClusterImpl-8ced44ca-4ee5-44c9-aeff-63b5df35a8b0/datanode-5/data/ratis/29733ff5-3e4d-4744-9366-10d4c0a6bfc7 for RaftStorage:Storage Directory /workdir/hadoop-ozone/integration-test/target/test-dir/MiniOzoneClusterImpl-8ced44ca-4ee5-44c9-aeff-63b5df35a8b0/datanode-5/data/ratis/29733ff5-3e4d-4744-9366-10d4c0a6bfc7
2019-09-04 10:44:26,367 [pool-459-thread-1] INFO  server.RaftServerConfigKeys (ConfUtils.java:logGet(43)) - raft.server.log.queue.byte-limit = 2147483647 (custom)
2019-09-04 10:44:26,367 [pool-459-thread-1] INFO  server.RaftServerConfigKeys (ConfUtils.java:logGet(43)) - raft.server.log.queue.element-limit = 1024 (custom)
2019-09-04 10:44:26,367 [pool-459-thread-1] INFO  server.RaftServerConfigKeys (ConfUtils.java:logGet(43)) - raft.server.log.segment.size.max = 1048576 (custom)
2019-09-04 10:44:26,367 [pool-459-thread-1] INFO  server.RaftServerConfigKeys (ConfUtils.java:logGet(43)) - raft.server.log.preallocated.size = 16384 (custom)
2019-09-04 10:44:26,368 [pool-459-thread-1] INFO  server.RaftServerConfigKeys (ConfUtils.java:logGet(43)) - raft.server.log.write.buffer.size = 33554432 (custom)
2019-09-04 10:44:26,368 [pool-459-thread-1] INFO  server.RaftServerConfigKeys (ConfUtils.java:logGet(43)) - raft.server.log.force.sync.num = 128 (default)
2019-09-04 10:44:26,368 [pool-459-thread-1] INFO  server.RaftServerConfigKeys (ConfUtils.java:logGet(43)) - raft.server.log.statemachine.data.sync = true (default)
2019-09-04 10:44:26,368 [pool-459-thread-1] INFO  server.RaftServerConfigKeys (ConfUtils.java:logGet(43)) - raft.server.log.statemachine.data.sync.timeout = 10s (default)
2019-09-04 10:44:26,368 [pool-459-thread-1] INFO  server.RaftServerConfigKeys (ConfUtils.java:logGet(43)) - raft.server.log.statemachine.data.sync.timeout.retry = -1 (default)
2019-09-04 10:44:26,369 [pool-459-thread-1] INFO  server.RaftServerConfigKeys (ConfUtils.java:logGet(43)) - raft.server.log.statemachine.data.caching.enabled = true (custom)
2019-09-04 10:44:26,369 [pool-459-thread-1] INFO  segmented.SegmentedRaftLogWorker (SegmentedRaftLogWorker.java:lambda$new$0(132)) - c39abe71-7611-4001-9539-bba876860d2a-SegmentedRaftLogWorker:Storage Directory /workdir/hadoop-ozone/integration-test/target/test-dir/MiniOzoneClusterImpl-8ced44ca-4ee5-44c9-aeff-63b5df35a8b0/datanode-5/data/ratis/29733ff5-3e4d-4744-9366-10d4c0a6bfc7: flushIndex: setUnconditionally 0 -> -1
2019-09-04 10:44:26,369 [pool-459-thread-1] INFO  server.RaftServerConfigKeys (ConfUtils.java:logGet(43)) - raft.server.snapshot.auto.trigger.enabled = true (custom)
2019-09-04 10:44:26,370 [pool-459-thread-1] INFO  server.RaftServerConfigKeys (ConfUtils.java:logGet(43)) - raft.server.snapshot.auto.trigger.threshold = 10000 (custom)
2019-09-04 10:44:26,370 [pool-459-thread-1] INFO  server.RaftServerConfigKeys (ConfUtils.java:logGet(43)) - raft.server.retrycache.expirytime = 600000ms (custom)
2019-09-04 10:44:26,370 [pool-459-thread-1] INFO  impl.RaftServerImpl (RaftServerImpl.java:start(180)) - c39abe71-7611-4001-9539-bba876860d2a: start group-10D4C0A6BFC7
2019-09-04 10:44:26,370 [pool-459-thread-1] INFO  impl.RaftServerImpl (RaftServerImpl.java:setRole(171)) - c39abe71-7611-4001-9539-bba876860d2a:group-10D4C0A6BFC7 changes role from null to FOLLOWER at term 0 for startAsFollower
2019-09-04 10:44:26,370 [pool-459-thread-1] INFO  impl.RoleInfo (RoleInfo.java:updateAndGet(143)) - c39abe71-7611-4001-9539-bba876860d2a: start FollowerState
2019-09-04 10:44:26,371 [pool-459-thread-1] INFO  util.JmxRegister (JmxRegister.java:tryRegister(44)) - Successfully registered JMX Bean with object name Ratis:service=RaftServer,group=group-10D4C0A6BFC7,id=c39abe71-7611-4001-9539-bba876860d2a
2019-09-04 10:44:26,373 [RatisPipelineUtilsThread] INFO  pipeline.PipelineStateManager (PipelineStateManager.java:addPipeline(56)) - Created pipeline Pipeline[ Id: 29733ff5-3e4d-4744-9366-10d4c0a6bfc7, Nodes: c39abe71-7611-4001-9539-bba876860d2a{ip: 192.168.5.153, host: pr-hdds-1982-decom-states-67zng-3388626213, networkLocation: /default-rack, certSerialId: null}, Type:RATIS, Factor:ONE, State:OPEN]
2019-09-04 10:44:26,383 [grpc-default-executor-9] INFO  impl.RaftServerProxy (RaftServerProxy.java:addNew(89)) - e09b7eb1-4844-474a-a024-7bf910e612d1: addNew group-35185CDC127A:[e09b7eb1-4844-474a-a024-7bf910e612d1:192.168.5.153:45694] returns group-35185CDC127A:java.util.concurrent.CompletableFuture@2d198922[Not completed]
2019-09-04 10:44:26,384 [pool-469-thread-1] INFO  impl.RaftServerImpl (RaftServerImpl.java:<init>(93)) - e09b7eb1-4844-474a-a024-7bf910e612d1: new RaftServerImpl for group-35185CDC127A:[e09b7eb1-4844-474a-a024-7bf910e612d1:192.168.5.153:45694] with ContainerStateMachine:uninitialized
2019-09-04 10:44:26,384 [pool-469-thread-1] INFO  server.RaftServerConfigKeys (ConfUtils.java:logGet(43)) - raft.server.rpc.timeout.min = 5s (custom)
2019-09-04 10:44:26,385 [pool-469-thread-1] INFO  server.RaftServerConfigKeys (ConfUtils.java:logGet(43)) - raft.server.rpc.timeout.max = 5200ms (custom)
2019-09-04 10:44:26,385 [pool-469-thread-1] INFO  server.RaftServerConfigKeys (ConfUtils.java:logGet(43)) - raft.server.rpcslowness.timeout = 120s (custom)
2019-09-04 10:44:26,385 [pool-469-thread-1] INFO  server.RaftServerConfigKeys (ConfUtils.java:logGet(43)) - raft.server.sleep.deviation.threshold = 300 (default)
2019-09-04 10:44:26,385 [pool-469-thread-1] INFO  server.RaftServerConfigKeys (ConfUtils.java:logGet(43)) - raft.server.log.appender.install.snapshot.enabled = false (custom)
2019-09-04 10:44:26,385 [pool-469-thread-1] INFO  impl.RaftServerImpl (ServerState.java:<init>(105)) - e09b7eb1-4844-474a-a024-7bf910e612d1:group-35185CDC127A ConfigurationManager, init=-1: [e09b7eb1-4844-474a-a024-7bf910e612d1:192.168.5.153:45694], old=null, confs=<EMPTY_MAP>
2019-09-04 10:44:26,385 [pool-469-thread-1] INFO  server.RaftServerConfigKeys (ConfUtils.java:logGet(43)) - raft.server.storage.dir = [/workdir/hadoop-ozone/integration-test/target/test-dir/MiniOzoneClusterImpl-8ced44ca-4ee5-44c9-aeff-63b5df35a8b0/datanode-6/data/ratis] (custom)
2019-09-04 10:44:26,386 [pool-469-thread-1] INFO  storage.RaftStorageDirectory (RaftStorageDirectory.java:analyzeStorage(246)) - The storage directory /workdir/hadoop-ozone/integration-test/target/test-dir/MiniOzoneClusterImpl-8ced44ca-4ee5-44c9-aeff-63b5df35a8b0/datanode-6/data/ratis/959a4b34-6e45-4ef0-a14a-35185cdc127a does not exist. Creating ...
2019-09-04 10:44:26,408 [pool-469-thread-1] INFO  storage.RaftStorageDirectory (RaftStorageDirectory.java:tryLock(328)) - Lock on /workdir/hadoop-ozone/integration-test/target/test-dir/MiniOzoneClusterImpl-8ced44ca-4ee5-44c9-aeff-63b5df35a8b0/datanode-6/data/ratis/959a4b34-6e45-4ef0-a14a-35185cdc127a/in_use.lock acquired by nodename 29070@pr-hdds-1982-decom-states-67zng-3388626213
2019-09-04 10:44:26,434 [pool-469-thread-1] INFO  storage.RaftStorage (RaftStorage.java:format(72)) - Storage directory /workdir/hadoop-ozone/integration-test/target/test-dir/MiniOzoneClusterImpl-8ced44ca-4ee5-44c9-aeff-63b5df35a8b0/datanode-6/data/ratis/959a4b34-6e45-4ef0-a14a-35185cdc127a has been successfully formatted.
2019-09-04 10:44:26,434 [pool-469-thread-1] INFO  ratis.ContainerStateMachine (ContainerStateMachine.java:loadSnapshot(227)) - group-35185CDC127A: The snapshot info is null. Setting the last applied indexto:(t:0, i:~)
2019-09-04 10:44:26,434 [pool-469-thread-1] INFO  server.RaftServerConfigKeys (ConfUtils.java:logGet(43)) - raft.server.leader.election.timeout = 120s (custom)
2019-09-04 10:44:26,435 [pool-469-thread-1] INFO  server.RaftServerConfigKeys (ConfUtils.java:logGet(43)) - raft.server.log.use.memory = false (default)
2019-09-04 10:44:26,435 [pool-469-thread-1] INFO  server.RaftServerConfigKeys (ConfUtils.java:logGet(43)) - raft.server.log.purge.gap = 1000000 (custom)
2019-09-04 10:44:26,435 [pool-469-thread-1] INFO  server.RaftServerConfigKeys (ConfUtils.java:logGet(43)) - raft.server.log.appender.buffer.byte-limit = 33554432 (custom)
2019-09-04 10:44:26,435 [pool-469-thread-1] INFO  server.RaftServerConfigKeys (ConfUtils.java:logGet(43)) - raft.server.log.segment.size.max = 1048576 (custom)
2019-09-04 10:44:26,436 [pool-469-thread-1] INFO  server.RaftServerConfigKeys (ConfUtils.java:logGet(43)) - raft.server.log.segment.cache.num.max = 2 (custom)
2019-09-04 10:44:26,436 [pool-469-thread-1] INFO  segmented.SegmentedRaftLogWorker (SegmentedRaftLogWorker.java:<init>(172)) - new e09b7eb1-4844-474a-a024-7bf910e612d1-SegmentedRaftLogWorker:Storage Directory /workdir/hadoop-ozone/integration-test/target/test-dir/MiniOzoneClusterImpl-8ced44ca-4ee5-44c9-aeff-63b5df35a8b0/datanode-6/data/ratis/959a4b34-6e45-4ef0-a14a-35185cdc127a for RaftStorage:Storage Directory /workdir/hadoop-ozone/integration-test/target/test-dir/MiniOzoneClusterImpl-8ced44ca-4ee5-44c9-aeff-63b5df35a8b0/datanode-6/data/ratis/959a4b34-6e45-4ef0-a14a-35185cdc127a
2019-09-04 10:44:26,436 [pool-469-thread-1] INFO  server.RaftServerConfigKeys (ConfUtils.java:logGet(43)) - raft.server.log.queue.byte-limit = 2147483647 (custom)
2019-09-04 10:44:26,436 [pool-469-thread-1] INFO  server.RaftServerConfigKeys (ConfUtils.java:logGet(43)) - raft.server.log.queue.element-limit = 1024 (custom)
2019-09-04 10:44:26,437 [pool-469-thread-1] INFO  server.RaftServerConfigKeys (ConfUtils.java:logGet(43)) - raft.server.log.segment.size.max = 1048576 (custom)
2019-09-04 10:44:26,437 [pool-469-thread-1] INFO  server.RaftServerConfigKeys (ConfUtils.java:logGet(43)) - raft.server.log.preallocated.size = 16384 (custom)
2019-09-04 10:44:26,437 [pool-469-thread-1] INFO  server.RaftServerConfigKeys (ConfUtils.java:logGet(43)) - raft.server.log.write.buffer.size = 33554432 (custom)
2019-09-04 10:44:26,438 [pool-469-thread-1] INFO  server.RaftServerConfigKeys (ConfUtils.java:logGet(43)) - raft.server.log.force.sync.num = 128 (default)
2019-09-04 10:44:26,438 [pool-469-thread-1] INFO  server.RaftServerConfigKeys (ConfUtils.java:logGet(43)) - raft.server.log.statemachine.data.sync = true (default)
2019-09-04 10:44:26,438 [pool-469-thread-1] INFO  server.RaftServerConfigKeys (ConfUtils.java:logGet(43)) - raft.server.log.statemachine.data.sync.timeout = 10s (default)
2019-09-04 10:44:26,438 [pool-469-thread-1] INFO  server.RaftServerConfigKeys (ConfUtils.java:logGet(43)) - raft.server.log.statemachine.data.sync.timeout.retry = -1 (default)
2019-09-04 10:44:26,439 [pool-469-thread-1] INFO  server.RaftServerConfigKeys (ConfUtils.java:logGet(43)) - raft.server.log.statemachine.data.caching.enabled = true (custom)
2019-09-04 10:44:26,439 [pool-469-thread-1] INFO  segmented.SegmentedRaftLogWorker (SegmentedRaftLogWorker.java:lambda$new$0(132)) - e09b7eb1-4844-474a-a024-7bf910e612d1-SegmentedRaftLogWorker:Storage Directory /workdir/hadoop-ozone/integration-test/target/test-dir/MiniOzoneClusterImpl-8ced44ca-4ee5-44c9-aeff-63b5df35a8b0/datanode-6/data/ratis/959a4b34-6e45-4ef0-a14a-35185cdc127a: flushIndex: setUnconditionally 0 -> -1
2019-09-04 10:44:26,440 [pool-469-thread-1] INFO  server.RaftServerConfigKeys (ConfUtils.java:logGet(43)) - raft.server.snapshot.auto.trigger.enabled = true (custom)
2019-09-04 10:44:26,440 [pool-469-thread-1] INFO  server.RaftServerConfigKeys (ConfUtils.java:logGet(43)) - raft.server.snapshot.auto.trigger.threshold = 10000 (custom)
2019-09-04 10:44:26,440 [pool-469-thread-1] INFO  server.RaftServerConfigKeys (ConfUtils.java:logGet(43)) - raft.server.retrycache.expirytime = 600000ms (custom)
2019-09-04 10:44:26,441 [pool-469-thread-1] INFO  impl.RaftServerImpl (RaftServerImpl.java:start(180)) - e09b7eb1-4844-474a-a024-7bf910e612d1: start group-35185CDC127A
2019-09-04 10:44:26,441 [pool-469-thread-1] INFO  impl.RaftServerImpl (RaftServerImpl.java:setRole(171)) - e09b7eb1-4844-474a-a024-7bf910e612d1:group-35185CDC127A changes role from null to FOLLOWER at term 0 for startAsFollower
2019-09-04 10:44:26,441 [pool-469-thread-1] INFO  impl.RoleInfo (RoleInfo.java:updateAndGet(143)) - e09b7eb1-4844-474a-a024-7bf910e612d1: start FollowerState
2019-09-04 10:44:26,442 [pool-469-thread-1] INFO  util.JmxRegister (JmxRegister.java:tryRegister(44)) - Successfully registered JMX Bean with object name Ratis:service=RaftServer,group=group-35185CDC127A,id=e09b7eb1-4844-474a-a024-7bf910e612d1
2019-09-04 10:44:26,445 [RatisPipelineUtilsThread] INFO  pipeline.PipelineStateManager (PipelineStateManager.java:addPipeline(56)) - Created pipeline Pipeline[ Id: 959a4b34-6e45-4ef0-a14a-35185cdc127a, Nodes: e09b7eb1-4844-474a-a024-7bf910e612d1{ip: 192.168.5.153, host: pr-hdds-1982-decom-states-67zng-3388626213, networkLocation: /default-rack, certSerialId: null}, Type:RATIS, Factor:ONE, State:OPEN]
2019-09-04 10:44:26,457 [grpc-default-executor-2] INFO  impl.RaftServerProxy (RaftServerProxy.java:addNew(89)) - 9596a9b3-71ac-4868-b50a-133dfe1be36f: addNew group-4B9C4FB8C348:[5edab1c0-df0e-4ea3-aa3c-59f2fee068b8:192.168.5.153:42707, c39abe71-7611-4001-9539-bba876860d2a:192.168.5.153:36438, 9596a9b3-71ac-4868-b50a-133dfe1be36f:192.168.5.153:37580] returns group-4B9C4FB8C348:java.util.concurrent.CompletableFuture@6e3dae74[Not completed]
2019-09-04 10:44:26,457 [grpc-default-executor-10] INFO  impl.RaftServerProxy (RaftServerProxy.java:addNew(89)) - 5edab1c0-df0e-4ea3-aa3c-59f2fee068b8: addNew group-4B9C4FB8C348:[5edab1c0-df0e-4ea3-aa3c-59f2fee068b8:192.168.5.153:42707, c39abe71-7611-4001-9539-bba876860d2a:192.168.5.153:36438, 9596a9b3-71ac-4868-b50a-133dfe1be36f:192.168.5.153:37580] returns group-4B9C4FB8C348:java.util.concurrent.CompletableFuture@571faae4[Not completed]
2019-09-04 10:44:26,457 [grpc-default-executor-2] INFO  impl.RaftServerProxy (RaftServerProxy.java:addNew(89)) - c39abe71-7611-4001-9539-bba876860d2a: addNew group-4B9C4FB8C348:[5edab1c0-df0e-4ea3-aa3c-59f2fee068b8:192.168.5.153:42707, c39abe71-7611-4001-9539-bba876860d2a:192.168.5.153:36438, 9596a9b3-71ac-4868-b50a-133dfe1be36f:192.168.5.153:37580] returns group-4B9C4FB8C348:java.util.concurrent.CompletableFuture@5f0e7958[Not completed]
2019-09-04 10:44:26,458 [pool-429-thread-1] INFO  impl.RaftServerImpl (RaftServerImpl.java:<init>(93)) - 9596a9b3-71ac-4868-b50a-133dfe1be36f: new RaftServerImpl for group-4B9C4FB8C348:[5edab1c0-df0e-4ea3-aa3c-59f2fee068b8:192.168.5.153:42707, c39abe71-7611-4001-9539-bba876860d2a:192.168.5.153:36438, 9596a9b3-71ac-4868-b50a-133dfe1be36f:192.168.5.153:37580] with ContainerStateMachine:uninitialized
2019-09-04 10:44:26,459 [pool-429-thread-1] INFO  server.RaftServerConfigKeys (ConfUtils.java:logGet(43)) - raft.server.rpc.timeout.min = 5s (custom)
2019-09-04 10:44:26,459 [pool-429-thread-1] INFO  server.RaftServerConfigKeys (ConfUtils.java:logGet(43)) - raft.server.rpc.timeout.max = 5200ms (custom)
2019-09-04 10:44:26,459 [pool-429-thread-1] INFO  server.RaftServerConfigKeys (ConfUtils.java:logGet(43)) - raft.server.rpcslowness.timeout = 120s (custom)
2019-09-04 10:44:26,459 [pool-429-thread-1] INFO  server.RaftServerConfigKeys (ConfUtils.java:logGet(43)) - raft.server.sleep.deviation.threshold = 300 (default)
2019-09-04 10:44:26,459 [pool-459-thread-1] INFO  impl.RaftServerImpl (RaftServerImpl.java:<init>(93)) - c39abe71-7611-4001-9539-bba876860d2a: new RaftServerImpl for group-4B9C4FB8C348:[5edab1c0-df0e-4ea3-aa3c-59f2fee068b8:192.168.5.153:42707, c39abe71-7611-4001-9539-bba876860d2a:192.168.5.153:36438, 9596a9b3-71ac-4868-b50a-133dfe1be36f:192.168.5.153:37580] with ContainerStateMachine:uninitialized
2019-09-04 10:44:26,459 [pool-429-thread-1] INFO  server.RaftServerConfigKeys (ConfUtils.java:logGet(43)) - raft.server.log.appender.install.snapshot.enabled = false (custom)
2019-09-04 10:44:26,459 [pool-459-thread-1] INFO  server.RaftServerConfigKeys (ConfUtils.java:logGet(43)) - raft.server.rpc.timeout.min = 5s (custom)
2019-09-04 10:44:26,460 [pool-449-thread-1] INFO  impl.RaftServerImpl (RaftServerImpl.java:<init>(93)) - 5edab1c0-df0e-4ea3-aa3c-59f2fee068b8: new RaftServerImpl for group-4B9C4FB8C348:[5edab1c0-df0e-4ea3-aa3c-59f2fee068b8:192.168.5.153:42707, c39abe71-7611-4001-9539-bba876860d2a:192.168.5.153:36438, 9596a9b3-71ac-4868-b50a-133dfe1be36f:192.168.5.153:37580] with ContainerStateMachine:uninitialized
2019-09-04 10:44:26,460 [pool-429-thread-1] INFO  impl.RaftServerImpl (ServerState.java:<init>(105)) - 9596a9b3-71ac-4868-b50a-133dfe1be36f:group-4B9C4FB8C348 ConfigurationManager, init=-1: [5edab1c0-df0e-4ea3-aa3c-59f2fee068b8:192.168.5.153:42707, c39abe71-7611-4001-9539-bba876860d2a:192.168.5.153:36438, 9596a9b3-71ac-4868-b50a-133dfe1be36f:192.168.5.153:37580], old=null, confs=<EMPTY_MAP>
2019-09-04 10:44:26,460 [pool-449-thread-1] INFO  server.RaftServerConfigKeys (ConfUtils.java:logGet(43)) - raft.server.rpc.timeout.min = 5s (custom)
2019-09-04 10:44:26,460 [pool-459-thread-1] INFO  server.RaftServerConfigKeys (ConfUtils.java:logGet(43)) - raft.server.rpc.timeout.max = 5200ms (custom)
2019-09-04 10:44:26,460 [pool-449-thread-1] INFO  server.RaftServerConfigKeys (ConfUtils.java:logGet(43)) - raft.server.rpc.timeout.max = 5200ms (custom)
2019-09-04 10:44:26,460 [pool-449-thread-1] INFO  server.RaftServerConfigKeys (ConfUtils.java:logGet(43)) - raft.server.rpcslowness.timeout = 120s (custom)
2019-09-04 10:44:26,460 [pool-429-thread-1] INFO  server.RaftServerConfigKeys (ConfUtils.java:logGet(43)) - raft.server.storage.dir = [/workdir/hadoop-ozone/integration-test/target/test-dir/MiniOzoneClusterImpl-8ced44ca-4ee5-44c9-aeff-63b5df35a8b0/datanode-2/data/ratis] (custom)
2019-09-04 10:44:26,460 [pool-449-thread-1] INFO  server.RaftServerConfigKeys (ConfUtils.java:logGet(43)) - raft.server.sleep.deviation.threshold = 300 (default)
2019-09-04 10:44:26,461 [pool-449-thread-1] INFO  server.RaftServerConfigKeys (ConfUtils.java:logGet(43)) - raft.server.log.appender.install.snapshot.enabled = false (custom)
2019-09-04 10:44:26,460 [pool-459-thread-1] INFO  server.RaftServerConfigKeys (ConfUtils.java:logGet(43)) - raft.server.rpcslowness.timeout = 120s (custom)
2019-09-04 10:44:26,461 [pool-429-thread-1] INFO  storage.RaftStorageDirectory (RaftStorageDirectory.java:analyzeStorage(246)) - The storage directory /workdir/hadoop-ozone/integration-test/target/test-dir/MiniOzoneClusterImpl-8ced44ca-4ee5-44c9-aeff-63b5df35a8b0/datanode-2/data/ratis/f13a0c18-ac8e-48fe-acca-4b9c4fb8c348 does not exist. Creating ...
2019-09-04 10:44:26,461 [pool-449-thread-1] INFO  impl.RaftServerImpl (ServerState.java:<init>(105)) - 5edab1c0-df0e-4ea3-aa3c-59f2fee068b8:group-4B9C4FB8C348 ConfigurationManager, init=-1: [5edab1c0-df0e-4ea3-aa3c-59f2fee068b8:192.168.5.153:42707, c39abe71-7611-4001-9539-bba876860d2a:192.168.5.153:36438, 9596a9b3-71ac-4868-b50a-133dfe1be36f:192.168.5.153:37580], old=null, confs=<EMPTY_MAP>
2019-09-04 10:44:26,461 [pool-459-thread-1] INFO  server.RaftServerConfigKeys (ConfUtils.java:logGet(43)) - raft.server.sleep.deviation.threshold = 300 (default)
2019-09-04 10:44:26,461 [pool-449-thread-1] INFO  server.RaftServerConfigKeys (ConfUtils.java:logGet(43)) - raft.server.storage.dir = [/workdir/hadoop-ozone/integration-test/target/test-dir/MiniOzoneClusterImpl-8ced44ca-4ee5-44c9-aeff-63b5df35a8b0/datanode-4/data/ratis] (custom)
2019-09-04 10:44:26,461 [pool-459-thread-1] INFO  server.RaftServerConfigKeys (ConfUtils.java:logGet(43)) - raft.server.log.appender.install.snapshot.enabled = false (custom)
2019-09-04 10:44:26,462 [pool-459-thread-1] INFO  impl.RaftServerImpl (ServerState.java:<init>(105)) - c39abe71-7611-4001-9539-bba876860d2a:group-4B9C4FB8C348 ConfigurationManager, init=-1: [5edab1c0-df0e-4ea3-aa3c-59f2fee068b8:192.168.5.153:42707, c39abe71-7611-4001-9539-bba876860d2a:192.168.5.153:36438, 9596a9b3-71ac-4868-b50a-133dfe1be36f:192.168.5.153:37580], old=null, confs=<EMPTY_MAP>
2019-09-04 10:44:26,462 [pool-449-thread-1] INFO  storage.RaftStorageDirectory (RaftStorageDirectory.java:analyzeStorage(246)) - The storage directory /workdir/hadoop-ozone/integration-test/target/test-dir/MiniOzoneClusterImpl-8ced44ca-4ee5-44c9-aeff-63b5df35a8b0/datanode-4/data/ratis/f13a0c18-ac8e-48fe-acca-4b9c4fb8c348 does not exist. Creating ...
2019-09-04 10:44:26,462 [pool-459-thread-1] INFO  server.RaftServerConfigKeys (ConfUtils.java:logGet(43)) - raft.server.storage.dir = [/workdir/hadoop-ozone/integration-test/target/test-dir/MiniOzoneClusterImpl-8ced44ca-4ee5-44c9-aeff-63b5df35a8b0/datanode-5/data/ratis] (custom)
2019-09-04 10:44:26,462 [pool-459-thread-1] INFO  storage.RaftStorageDirectory (RaftStorageDirectory.java:analyzeStorage(246)) - The storage directory /workdir/hadoop-ozone/integration-test/target/test-dir/MiniOzoneClusterImpl-8ced44ca-4ee5-44c9-aeff-63b5df35a8b0/datanode-5/data/ratis/f13a0c18-ac8e-48fe-acca-4b9c4fb8c348 does not exist. Creating ...
2019-09-04 10:44:26,474 [pool-449-thread-1] INFO  storage.RaftStorageDirectory (RaftStorageDirectory.java:tryLock(328)) - Lock on /workdir/hadoop-ozone/integration-test/target/test-dir/MiniOzoneClusterImpl-8ced44ca-4ee5-44c9-aeff-63b5df35a8b0/datanode-4/data/ratis/f13a0c18-ac8e-48fe-acca-4b9c4fb8c348/in_use.lock acquired by nodename 29070@pr-hdds-1982-decom-states-67zng-3388626213
2019-09-04 10:44:26,475 [pool-459-thread-1] INFO  storage.RaftStorageDirectory (RaftStorageDirectory.java:tryLock(328)) - Lock on /workdir/hadoop-ozone/integration-test/target/test-dir/MiniOzoneClusterImpl-8ced44ca-4ee5-44c9-aeff-63b5df35a8b0/datanode-5/data/ratis/f13a0c18-ac8e-48fe-acca-4b9c4fb8c348/in_use.lock acquired by nodename 29070@pr-hdds-1982-decom-states-67zng-3388626213
2019-09-04 10:44:26,474 [pool-429-thread-1] INFO  storage.RaftStorageDirectory (RaftStorageDirectory.java:tryLock(328)) - Lock on /workdir/hadoop-ozone/integration-test/target/test-dir/MiniOzoneClusterImpl-8ced44ca-4ee5-44c9-aeff-63b5df35a8b0/datanode-2/data/ratis/f13a0c18-ac8e-48fe-acca-4b9c4fb8c348/in_use.lock acquired by nodename 29070@pr-hdds-1982-decom-states-67zng-3388626213
2019-09-04 10:44:26,494 [pool-429-thread-1] INFO  storage.RaftStorage (RaftStorage.java:format(72)) - Storage directory /workdir/hadoop-ozone/integration-test/target/test-dir/MiniOzoneClusterImpl-8ced44ca-4ee5-44c9-aeff-63b5df35a8b0/datanode-2/data/ratis/f13a0c18-ac8e-48fe-acca-4b9c4fb8c348 has been successfully formatted.
2019-09-04 10:44:26,494 [pool-449-thread-1] INFO  storage.RaftStorage (RaftStorage.java:format(72)) - Storage directory /workdir/hadoop-ozone/integration-test/target/test-dir/MiniOzoneClusterImpl-8ced44ca-4ee5-44c9-aeff-63b5df35a8b0/datanode-4/data/ratis/f13a0c18-ac8e-48fe-acca-4b9c4fb8c348 has been successfully formatted.
2019-09-04 10:44:26,494 [pool-459-thread-1] INFO  storage.RaftStorage (RaftStorage.java:format(72)) - Storage directory /workdir/hadoop-ozone/integration-test/target/test-dir/MiniOzoneClusterImpl-8ced44ca-4ee5-44c9-aeff-63b5df35a8b0/datanode-5/data/ratis/f13a0c18-ac8e-48fe-acca-4b9c4fb8c348 has been successfully formatted.
2019-09-04 10:44:26,494 [pool-449-thread-1] INFO  ratis.ContainerStateMachine (ContainerStateMachine.java:loadSnapshot(227)) - group-4B9C4FB8C348: The snapshot info is null. Setting the last applied indexto:(t:0, i:~)
2019-09-04 10:44:26,494 [pool-459-thread-1] INFO  ratis.ContainerStateMachine (ContainerStateMachine.java:loadSnapshot(227)) - group-4B9C4FB8C348: The snapshot info is null. Setting the last applied indexto:(t:0, i:~)
2019-09-04 10:44:26,494 [pool-429-thread-1] INFO  ratis.ContainerStateMachine (ContainerStateMachine.java:loadSnapshot(227)) - group-4B9C4FB8C348: The snapshot info is null. Setting the last applied indexto:(t:0, i:~)
2019-09-04 10:44:26,495 [pool-459-thread-1] INFO  server.RaftServerConfigKeys (ConfUtils.java:logGet(43)) - raft.server.leader.election.timeout = 120s (custom)
2019-09-04 10:44:26,494 [pool-449-thread-1] INFO  server.RaftServerConfigKeys (ConfUtils.java:logGet(43)) - raft.server.leader.election.timeout = 120s (custom)
2019-09-04 10:44:26,495 [pool-459-thread-1] INFO  server.RaftServerConfigKeys (ConfUtils.java:logGet(43)) - raft.server.log.use.memory = false (default)
2019-09-04 10:44:26,495 [pool-429-thread-1] INFO  server.RaftServerConfigKeys (ConfUtils.java:logGet(43)) - raft.server.leader.election.timeout = 120s (custom)
2019-09-04 10:44:26,495 [pool-459-thread-1] INFO  server.RaftServerConfigKeys (ConfUtils.java:logGet(43)) - raft.server.log.purge.gap = 1000000 (custom)
2019-09-04 10:44:26,495 [pool-449-thread-1] INFO  server.RaftServerConfigKeys (ConfUtils.java:logGet(43)) - raft.server.log.use.memory = false (default)
2019-09-04 10:44:26,495 [pool-459-thread-1] INFO  server.RaftServerConfigKeys (ConfUtils.java:logGet(43)) - raft.server.log.appender.buffer.byte-limit = 33554432 (custom)
2019-09-04 10:44:26,495 [pool-429-thread-1] INFO  server.RaftServerConfigKeys (ConfUtils.java:logGet(43)) - raft.server.log.use.memory = false (default)
2019-09-04 10:44:26,496 [pool-459-thread-1] INFO  server.RaftServerConfigKeys (ConfUtils.java:logGet(43)) - raft.server.log.segment.size.max = 1048576 (custom)
2019-09-04 10:44:26,496 [pool-459-thread-1] INFO  server.RaftServerConfigKeys (ConfUtils.java:logGet(43)) - raft.server.log.segment.cache.num.max = 2 (custom)
2019-09-04 10:44:26,496 [pool-449-thread-1] INFO  server.RaftServerConfigKeys (ConfUtils.java:logGet(43)) - raft.server.log.purge.gap = 1000000 (custom)
2019-09-04 10:44:26,496 [pool-459-thread-1] INFO  segmented.SegmentedRaftLogWorker (SegmentedRaftLogWorker.java:<init>(172)) - new c39abe71-7611-4001-9539-bba876860d2a-SegmentedRaftLogWorker:Storage Directory /workdir/hadoop-ozone/integration-test/target/test-dir/MiniOzoneClusterImpl-8ced44ca-4ee5-44c9-aeff-63b5df35a8b0/datanode-5/data/ratis/f13a0c18-ac8e-48fe-acca-4b9c4fb8c348 for RaftStorage:Storage Directory /workdir/hadoop-ozone/integration-test/target/test-dir/MiniOzoneClusterImpl-8ced44ca-4ee5-44c9-aeff-63b5df35a8b0/datanode-5/data/ratis/f13a0c18-ac8e-48fe-acca-4b9c4fb8c348
2019-09-04 10:44:26,496 [pool-429-thread-1] INFO  server.RaftServerConfigKeys (ConfUtils.java:logGet(43)) - raft.server.log.purge.gap = 1000000 (custom)
2019-09-04 10:44:26,496 [pool-459-thread-1] INFO  server.RaftServerConfigKeys (ConfUtils.java:logGet(43)) - raft.server.log.queue.byte-limit = 2147483647 (custom)
2019-09-04 10:44:26,496 [pool-449-thread-1] INFO  server.RaftServerConfigKeys (ConfUtils.java:logGet(43)) - raft.server.log.appender.buffer.byte-limit = 33554432 (custom)
2019-09-04 10:44:26,497 [pool-459-thread-1] INFO  server.RaftServerConfigKeys (ConfUtils.java:logGet(43)) - raft.server.log.queue.element-limit = 1024 (custom)
2019-09-04 10:44:26,497 [pool-429-thread-1] INFO  server.RaftServerConfigKeys (ConfUtils.java:logGet(43)) - raft.server.log.appender.buffer.byte-limit = 33554432 (custom)
2019-09-04 10:44:26,497 [pool-459-thread-1] INFO  server.RaftServerConfigKeys (ConfUtils.java:logGet(43)) - raft.server.log.segment.size.max = 1048576 (custom)
2019-09-04 10:44:26,497 [pool-449-thread-1] INFO  server.RaftServerConfigKeys (ConfUtils.java:logGet(43)) - raft.server.log.segment.size.max = 1048576 (custom)
2019-09-04 10:44:26,497 [pool-459-thread-1] INFO  server.RaftServerConfigKeys (ConfUtils.java:logGet(43)) - raft.server.log.preallocated.size = 16384 (custom)
2019-09-04 10:44:26,498 [pool-459-thread-1] INFO  server.RaftServerConfigKeys (ConfUtils.java:logGet(43)) - raft.server.log.write.buffer.size = 33554432 (custom)
2019-09-04 10:44:26,497 [pool-429-thread-1] INFO  server.RaftServerConfigKeys (ConfUtils.java:logGet(43)) - raft.server.log.segment.size.max = 1048576 (custom)
2019-09-04 10:44:26,498 [pool-459-thread-1] INFO  server.RaftServerConfigKeys (ConfUtils.java:logGet(43)) - raft.server.log.force.sync.num = 128 (default)
2019-09-04 10:44:26,497 [pool-449-thread-1] INFO  server.RaftServerConfigKeys (ConfUtils.java:logGet(43)) - raft.server.log.segment.cache.num.max = 2 (custom)
2019-09-04 10:44:26,498 [pool-459-thread-1] INFO  server.RaftServerConfigKeys (ConfUtils.java:logGet(43)) - raft.server.log.statemachine.data.sync = true (default)
2019-09-04 10:44:26,498 [pool-429-thread-1] INFO  server.RaftServerConfigKeys (ConfUtils.java:logGet(43)) - raft.server.log.segment.cache.num.max = 2 (custom)
2019-09-04 10:44:26,498 [pool-459-thread-1] INFO  server.RaftServerConfigKeys (ConfUtils.java:logGet(43)) - raft.server.log.statemachine.data.sync.timeout = 10s (default)
2019-09-04 10:44:26,498 [pool-449-thread-1] INFO  segmented.SegmentedRaftLogWorker (SegmentedRaftLogWorker.java:<init>(172)) - new 5edab1c0-df0e-4ea3-aa3c-59f2fee068b8-SegmentedRaftLogWorker:Storage Directory /workdir/hadoop-ozone/integration-test/target/test-dir/MiniOzoneClusterImpl-8ced44ca-4ee5-44c9-aeff-63b5df35a8b0/datanode-4/data/ratis/f13a0c18-ac8e-48fe-acca-4b9c4fb8c348 for RaftStorage:Storage Directory /workdir/hadoop-ozone/integration-test/target/test-dir/MiniOzoneClusterImpl-8ced44ca-4ee5-44c9-aeff-63b5df35a8b0/datanode-4/data/ratis/f13a0c18-ac8e-48fe-acca-4b9c4fb8c348
2019-09-04 10:44:26,499 [pool-459-thread-1] INFO  server.RaftServerConfigKeys (ConfUtils.java:logGet(43)) - raft.server.log.statemachine.data.sync.timeout.retry = -1 (default)
2019-09-04 10:44:26,499 [pool-429-thread-1] INFO  segmented.SegmentedRaftLogWorker (SegmentedRaftLogWorker.java:<init>(172)) - new 9596a9b3-71ac-4868-b50a-133dfe1be36f-SegmentedRaftLogWorker:Storage Directory /workdir/hadoop-ozone/integration-test/target/test-dir/MiniOzoneClusterImpl-8ced44ca-4ee5-44c9-aeff-63b5df35a8b0/datanode-2/data/ratis/f13a0c18-ac8e-48fe-acca-4b9c4fb8c348 for RaftStorage:Storage Directory /workdir/hadoop-ozone/integration-test/target/test-dir/MiniOzoneClusterImpl-8ced44ca-4ee5-44c9-aeff-63b5df35a8b0/datanode-2/data/ratis/f13a0c18-ac8e-48fe-acca-4b9c4fb8c348
2019-09-04 10:44:26,499 [pool-459-thread-1] INFO  server.RaftServerConfigKeys (ConfUtils.java:logGet(43)) - raft.server.log.statemachine.data.caching.enabled = true (custom)
2019-09-04 10:44:26,499 [pool-449-thread-1] INFO  server.RaftServerConfigKeys (ConfUtils.java:logGet(43)) - raft.server.log.queue.byte-limit = 2147483647 (custom)
2019-09-04 10:44:26,499 [pool-429-thread-1] INFO  server.RaftServerConfigKeys (ConfUtils.java:logGet(43)) - raft.server.log.queue.byte-limit = 2147483647 (custom)
2019-09-04 10:44:26,500 [pool-459-thread-1] INFO  segmented.SegmentedRaftLogWorker (SegmentedRaftLogWorker.java:lambda$new$0(132)) - c39abe71-7611-4001-9539-bba876860d2a-SegmentedRaftLogWorker:Storage Directory /workdir/hadoop-ozone/integration-test/target/test-dir/MiniOzoneClusterImpl-8ced44ca-4ee5-44c9-aeff-63b5df35a8b0/datanode-5/data/ratis/f13a0c18-ac8e-48fe-acca-4b9c4fb8c348: flushIndex: setUnconditionally 0 -> -1
2019-09-04 10:44:26,500 [pool-449-thread-1] INFO  server.RaftServerConfigKeys (ConfUtils.java:logGet(43)) - raft.server.log.queue.element-limit = 1024 (custom)
2019-09-04 10:44:26,500 [pool-429-thread-1] INFO  server.RaftServerConfigKeys (ConfUtils.java:logGet(43)) - raft.server.log.queue.element-limit = 1024 (custom)
2019-09-04 10:44:26,500 [pool-449-thread-1] INFO  server.RaftServerConfigKeys (ConfUtils.java:logGet(43)) - raft.server.log.segment.size.max = 1048576 (custom)
2019-09-04 10:44:26,500 [pool-459-thread-1] INFO  server.RaftServerConfigKeys (ConfUtils.java:logGet(43)) - raft.server.snapshot.auto.trigger.enabled = true (custom)
2019-09-04 10:44:26,500 [pool-429-thread-1] INFO  server.RaftServerConfigKeys (ConfUtils.java:logGet(43)) - raft.server.log.segment.size.max = 1048576 (custom)
2019-09-04 10:44:26,500 [pool-459-thread-1] INFO  server.RaftServerConfigKeys (ConfUtils.java:logGet(43)) - raft.server.snapshot.auto.trigger.threshold = 10000 (custom)
2019-09-04 10:44:26,500 [pool-449-thread-1] INFO  server.RaftServerConfigKeys (ConfUtils.java:logGet(43)) - raft.server.log.preallocated.size = 16384 (custom)
2019-09-04 10:44:26,501 [pool-459-thread-1] INFO  server.RaftServerConfigKeys (ConfUtils.java:logGet(43)) - raft.server.retrycache.expirytime = 600000ms (custom)
2019-09-04 10:44:26,501 [pool-429-thread-1] INFO  server.RaftServerConfigKeys (ConfUtils.java:logGet(43)) - raft.server.log.preallocated.size = 16384 (custom)
2019-09-04 10:44:26,501 [pool-459-thread-1] INFO  impl.RaftServerImpl (RaftServerImpl.java:start(180)) - c39abe71-7611-4001-9539-bba876860d2a: start group-4B9C4FB8C348
2019-09-04 10:44:26,501 [pool-449-thread-1] INFO  server.RaftServerConfigKeys (ConfUtils.java:logGet(43)) - raft.server.log.write.buffer.size = 33554432 (custom)
2019-09-04 10:44:26,501 [pool-459-thread-1] INFO  impl.RaftServerImpl (RaftServerImpl.java:setRole(171)) - c39abe71-7611-4001-9539-bba876860d2a:group-4B9C4FB8C348 changes role from null to FOLLOWER at term 0 for startAsFollower
2019-09-04 10:44:26,501 [pool-429-thread-1] INFO  server.RaftServerConfigKeys (ConfUtils.java:logGet(43)) - raft.server.log.write.buffer.size = 33554432 (custom)
2019-09-04 10:44:26,502 [pool-459-thread-1] INFO  impl.RoleInfo (RoleInfo.java:updateAndGet(143)) - c39abe71-7611-4001-9539-bba876860d2a: start FollowerState
2019-09-04 10:44:26,501 [pool-449-thread-1] INFO  server.RaftServerConfigKeys (ConfUtils.java:logGet(43)) - raft.server.log.force.sync.num = 128 (default)
2019-09-04 10:44:26,502 [pool-429-thread-1] INFO  server.RaftServerConfigKeys (ConfUtils.java:logGet(43)) - raft.server.log.force.sync.num = 128 (default)
2019-09-04 10:44:26,502 [pool-449-thread-1] INFO  server.RaftServerConfigKeys (ConfUtils.java:logGet(43)) - raft.server.log.statemachine.data.sync = true (default)
2019-09-04 10:44:26,502 [pool-459-thread-1] INFO  util.JmxRegister (JmxRegister.java:tryRegister(44)) - Successfully registered JMX Bean with object name Ratis:service=RaftServer,group=group-4B9C4FB8C348,id=c39abe71-7611-4001-9539-bba876860d2a
2019-09-04 10:44:26,502 [pool-429-thread-1] INFO  server.RaftServerConfigKeys (ConfUtils.java:logGet(43)) - raft.server.log.statemachine.data.sync = true (default)
2019-09-04 10:44:26,502 [pool-449-thread-1] INFO  server.RaftServerConfigKeys (ConfUtils.java:logGet(43)) - raft.server.log.statemachine.data.sync.timeout = 10s (default)
2019-09-04 10:44:26,503 [pool-429-thread-1] INFO  server.RaftServerConfigKeys (ConfUtils.java:logGet(43)) - raft.server.log.statemachine.data.sync.timeout = 10s (default)
2019-09-04 10:44:26,503 [pool-449-thread-1] INFO  server.RaftServerConfigKeys (ConfUtils.java:logGet(43)) - raft.server.log.statemachine.data.sync.timeout.retry = -1 (default)
2019-09-04 10:44:26,503 [pool-429-thread-1] INFO  server.RaftServerConfigKeys (ConfUtils.java:logGet(43)) - raft.server.log.statemachine.data.sync.timeout.retry = -1 (default)
2019-09-04 10:44:26,503 [pool-449-thread-1] INFO  server.RaftServerConfigKeys (ConfUtils.java:logGet(43)) - raft.server.log.statemachine.data.caching.enabled = true (custom)
2019-09-04 10:44:26,503 [pool-429-thread-1] INFO  server.RaftServerConfigKeys (ConfUtils.java:logGet(43)) - raft.server.log.statemachine.data.caching.enabled = true (custom)
2019-09-04 10:44:26,503 [pool-449-thread-1] INFO  segmented.SegmentedRaftLogWorker (SegmentedRaftLogWorker.java:lambda$new$0(132)) - 5edab1c0-df0e-4ea3-aa3c-59f2fee068b8-SegmentedRaftLogWorker:Storage Directory /workdir/hadoop-ozone/integration-test/target/test-dir/MiniOzoneClusterImpl-8ced44ca-4ee5-44c9-aeff-63b5df35a8b0/datanode-4/data/ratis/f13a0c18-ac8e-48fe-acca-4b9c4fb8c348: flushIndex: setUnconditionally 0 -> -1
2019-09-04 10:44:26,503 [pool-429-thread-1] INFO  segmented.SegmentedRaftLogWorker (SegmentedRaftLogWorker.java:lambda$new$0(132)) - 9596a9b3-71ac-4868-b50a-133dfe1be36f-SegmentedRaftLogWorker:Storage Directory /workdir/hadoop-ozone/integration-test/target/test-dir/MiniOzoneClusterImpl-8ced44ca-4ee5-44c9-aeff-63b5df35a8b0/datanode-2/data/ratis/f13a0c18-ac8e-48fe-acca-4b9c4fb8c348: flushIndex: setUnconditionally 0 -> -1
2019-09-04 10:44:26,504 [pool-449-thread-1] INFO  server.RaftServerConfigKeys (ConfUtils.java:logGet(43)) - raft.server.snapshot.auto.trigger.enabled = true (custom)
2019-09-04 10:44:26,504 [pool-449-thread-1] INFO  server.RaftServerConfigKeys (ConfUtils.java:logGet(43)) - raft.server.snapshot.auto.trigger.threshold = 10000 (custom)
2019-09-04 10:44:26,504 [pool-429-thread-1] INFO  server.RaftServerConfigKeys (ConfUtils.java:logGet(43)) - raft.server.snapshot.auto.trigger.enabled = true (custom)
2019-09-04 10:44:26,504 [pool-449-thread-1] INFO  server.RaftServerConfigKeys (ConfUtils.java:logGet(43)) - raft.server.retrycache.expirytime = 600000ms (custom)
2019-09-04 10:44:26,504 [pool-429-thread-1] INFO  server.RaftServerConfigKeys (ConfUtils.java:logGet(43)) - raft.server.snapshot.auto.trigger.threshold = 10000 (custom)
2019-09-04 10:44:26,504 [pool-449-thread-1] INFO  impl.RaftServerImpl (RaftServerImpl.java:start(180)) - 5edab1c0-df0e-4ea3-aa3c-59f2fee068b8: start group-4B9C4FB8C348
2019-09-04 10:44:26,504 [pool-429-thread-1] INFO  server.RaftServerConfigKeys (ConfUtils.java:logGet(43)) - raft.server.retrycache.expirytime = 600000ms (custom)
2019-09-04 10:44:26,505 [pool-449-thread-1] INFO  impl.RaftServerImpl (RaftServerImpl.java:setRole(171)) - 5edab1c0-df0e-4ea3-aa3c-59f2fee068b8:group-4B9C4FB8C348 changes role from null to FOLLOWER at term 0 for startAsFollower
2019-09-04 10:44:26,505 [pool-429-thread-1] INFO  impl.RaftServerImpl (RaftServerImpl.java:start(180)) - 9596a9b3-71ac-4868-b50a-133dfe1be36f: start group-4B9C4FB8C348
2019-09-04 10:44:26,505 [pool-449-thread-1] INFO  impl.RoleInfo (RoleInfo.java:updateAndGet(143)) - 5edab1c0-df0e-4ea3-aa3c-59f2fee068b8: start FollowerState
2019-09-04 10:44:26,505 [pool-429-thread-1] INFO  impl.RaftServerImpl (RaftServerImpl.java:setRole(171)) - 9596a9b3-71ac-4868-b50a-133dfe1be36f:group-4B9C4FB8C348 changes role from null to FOLLOWER at term 0 for startAsFollower
2019-09-04 10:44:26,505 [pool-429-thread-1] INFO  impl.RoleInfo (RoleInfo.java:updateAndGet(143)) - 9596a9b3-71ac-4868-b50a-133dfe1be36f: start FollowerState
2019-09-04 10:44:26,505 [pool-449-thread-1] INFO  util.JmxRegister (JmxRegister.java:tryRegister(44)) - Successfully registered JMX Bean with object name Ratis:service=RaftServer,group=group-4B9C4FB8C348,id=5edab1c0-df0e-4ea3-aa3c-59f2fee068b8
2019-09-04 10:44:26,505 [pool-429-thread-1] INFO  util.JmxRegister (JmxRegister.java:tryRegister(44)) - Successfully registered JMX Bean with object name Ratis:service=RaftServer,group=group-4B9C4FB8C348,id=9596a9b3-71ac-4868-b50a-133dfe1be36f
2019-09-04 10:44:26,508 [RatisPipelineUtilsThread] INFO  pipeline.PipelineStateManager (PipelineStateManager.java:addPipeline(56)) - Created pipeline Pipeline[ Id: f13a0c18-ac8e-48fe-acca-4b9c4fb8c348, Nodes: 5edab1c0-df0e-4ea3-aa3c-59f2fee068b8{ip: 192.168.5.153, host: pr-hdds-1982-decom-states-67zng-3388626213, networkLocation: /default-rack, certSerialId: null}9596a9b3-71ac-4868-b50a-133dfe1be36f{ip: 192.168.5.153, host: pr-hdds-1982-decom-states-67zng-3388626213, networkLocation: /default-rack, certSerialId: null}c39abe71-7611-4001-9539-bba876860d2a{ip: 192.168.5.153, host: pr-hdds-1982-decom-states-67zng-3388626213, networkLocation: /default-rack, certSerialId: null}, Type:RATIS, Factor:THREE, State:OPEN]
2019-09-04 10:44:26,528 [grpc-default-executor-9] INFO  impl.RaftServerProxy (RaftServerProxy.java:addNew(89)) - fe4073e4-29d9-4752-9604-171b889365eb: addNew group-01076F1D454A:[85481c8f-e1d3-4452-9840-a26537f3638a:192.168.5.153:41097, 049a29fe-697a-4e80-ace1-9da2eaf17df4:192.168.5.153:34793, fe4073e4-29d9-4752-9604-171b889365eb:192.168.5.153:45385] returns group-01076F1D454A:java.util.concurrent.CompletableFuture@1c4b8e1d[Not completed]
2019-09-04 10:44:26,528 [grpc-default-executor-2] INFO  impl.RaftServerProxy (RaftServerProxy.java:addNew(89)) - 85481c8f-e1d3-4452-9840-a26537f3638a: addNew group-01076F1D454A:[85481c8f-e1d3-4452-9840-a26537f3638a:192.168.5.153:41097, 049a29fe-697a-4e80-ace1-9da2eaf17df4:192.168.5.153:34793, fe4073e4-29d9-4752-9604-171b889365eb:192.168.5.153:45385] returns group-01076F1D454A:java.util.concurrent.CompletableFuture@43e3f38a[Not completed]
2019-09-04 10:44:26,528 [grpc-default-executor-10] INFO  impl.RaftServerProxy (RaftServerProxy.java:addNew(89)) - 049a29fe-697a-4e80-ace1-9da2eaf17df4: addNew group-01076F1D454A:[85481c8f-e1d3-4452-9840-a26537f3638a:192.168.5.153:41097, 049a29fe-697a-4e80-ace1-9da2eaf17df4:192.168.5.153:34793, fe4073e4-29d9-4752-9604-171b889365eb:192.168.5.153:45385] returns group-01076F1D454A:java.util.concurrent.CompletableFuture@5d13a1e9[Not completed]
2019-09-04 10:44:26,529 [pool-409-thread-1] INFO  impl.RaftServerImpl (RaftServerImpl.java:<init>(93)) - fe4073e4-29d9-4752-9604-171b889365eb: new RaftServerImpl for group-01076F1D454A:[85481c8f-e1d3-4452-9840-a26537f3638a:192.168.5.153:41097, 049a29fe-697a-4e80-ace1-9da2eaf17df4:192.168.5.153:34793, fe4073e4-29d9-4752-9604-171b889365eb:192.168.5.153:45385] with ContainerStateMachine:uninitialized
2019-09-04 10:44:26,530 [pool-409-thread-1] INFO  server.RaftServerConfigKeys (ConfUtils.java:logGet(43)) - raft.server.rpc.timeout.min = 5s (custom)
2019-09-04 10:44:26,530 [pool-409-thread-1] INFO  server.RaftServerConfigKeys (ConfUtils.java:logGet(43)) - raft.server.rpc.timeout.max = 5200ms (custom)
2019-09-04 10:44:26,530 [pool-409-thread-1] INFO  server.RaftServerConfigKeys (ConfUtils.java:logGet(43)) - raft.server.rpcslowness.timeout = 120s (custom)
2019-09-04 10:44:26,530 [pool-409-thread-1] INFO  server.RaftServerConfigKeys (ConfUtils.java:logGet(43)) - raft.server.sleep.deviation.threshold = 300 (default)
2019-09-04 10:44:26,530 [pool-419-thread-1] INFO  impl.RaftServerImpl (RaftServerImpl.java:<init>(93)) - 049a29fe-697a-4e80-ace1-9da2eaf17df4: new RaftServerImpl for group-01076F1D454A:[85481c8f-e1d3-4452-9840-a26537f3638a:192.168.5.153:41097, 049a29fe-697a-4e80-ace1-9da2eaf17df4:192.168.5.153:34793, fe4073e4-29d9-4752-9604-171b889365eb:192.168.5.153:45385] with ContainerStateMachine:uninitialized
2019-09-04 10:44:26,530 [pool-409-thread-1] INFO  server.RaftServerConfigKeys (ConfUtils.java:logGet(43)) - raft.server.log.appender.install.snapshot.enabled = false (custom)
2019-09-04 10:44:26,530 [pool-419-thread-1] INFO  server.RaftServerConfigKeys (ConfUtils.java:logGet(43)) - raft.server.rpc.timeout.min = 5s (custom)
2019-09-04 10:44:26,531 [pool-439-thread-1] INFO  impl.RaftServerImpl (RaftServerImpl.java:<init>(93)) - 85481c8f-e1d3-4452-9840-a26537f3638a: new RaftServerImpl for group-01076F1D454A:[85481c8f-e1d3-4452-9840-a26537f3638a:192.168.5.153:41097, 049a29fe-697a-4e80-ace1-9da2eaf17df4:192.168.5.153:34793, fe4073e4-29d9-4752-9604-171b889365eb:192.168.5.153:45385] with ContainerStateMachine:uninitialized
2019-09-04 10:44:26,531 [pool-419-thread-1] INFO  server.RaftServerConfigKeys (ConfUtils.java:logGet(43)) - raft.server.rpc.timeout.max = 5200ms (custom)
2019-09-04 10:44:26,531 [pool-409-thread-1] INFO  impl.RaftServerImpl (ServerState.java:<init>(105)) - fe4073e4-29d9-4752-9604-171b889365eb:group-01076F1D454A ConfigurationManager, init=-1: [85481c8f-e1d3-4452-9840-a26537f3638a:192.168.5.153:41097, 049a29fe-697a-4e80-ace1-9da2eaf17df4:192.168.5.153:34793, fe4073e4-29d9-4752-9604-171b889365eb:192.168.5.153:45385], old=null, confs=<EMPTY_MAP>
2019-09-04 10:44:26,531 [pool-419-thread-1] INFO  server.RaftServerConfigKeys (ConfUtils.java:logGet(43)) - raft.server.rpcslowness.timeout = 120s (custom)
2019-09-04 10:44:26,531 [pool-439-thread-1] INFO  server.RaftServerConfigKeys (ConfUtils.java:logGet(43)) - raft.server.rpc.timeout.min = 5s (custom)
2019-09-04 10:44:26,531 [pool-409-thread-1] INFO  server.RaftServerConfigKeys (ConfUtils.java:logGet(43)) - raft.server.storage.dir = [/workdir/hadoop-ozone/integration-test/target/test-dir/MiniOzoneClusterImpl-8ced44ca-4ee5-44c9-aeff-63b5df35a8b0/datanode-0/data/ratis] (custom)
2019-09-04 10:44:26,531 [pool-419-thread-1] INFO  server.RaftServerConfigKeys (ConfUtils.java:logGet(43)) - raft.server.sleep.deviation.threshold = 300 (default)
2019-09-04 10:44:26,531 [pool-439-thread-1] INFO  server.RaftServerConfigKeys (ConfUtils.java:logGet(43)) - raft.server.rpc.timeout.max = 5200ms (custom)
2019-09-04 10:44:26,532 [pool-419-thread-1] INFO  server.RaftServerConfigKeys (ConfUtils.java:logGet(43)) - raft.server.log.appender.install.snapshot.enabled = false (custom)
2019-09-04 10:44:26,532 [pool-409-thread-1] INFO  storage.RaftStorageDirectory (RaftStorageDirectory.java:analyzeStorage(246)) - The storage directory /workdir/hadoop-ozone/integration-test/target/test-dir/MiniOzoneClusterImpl-8ced44ca-4ee5-44c9-aeff-63b5df35a8b0/datanode-0/data/ratis/c54012c5-5463-45de-97f9-01076f1d454a does not exist. Creating ...
2019-09-04 10:44:26,532 [pool-439-thread-1] INFO  server.RaftServerConfigKeys (ConfUtils.java:logGet(43)) - raft.server.rpcslowness.timeout = 120s (custom)
2019-09-04 10:44:26,532 [pool-419-thread-1] INFO  impl.RaftServerImpl (ServerState.java:<init>(105)) - 049a29fe-697a-4e80-ace1-9da2eaf17df4:group-01076F1D454A ConfigurationManager, init=-1: [85481c8f-e1d3-4452-9840-a26537f3638a:192.168.5.153:41097, 049a29fe-697a-4e80-ace1-9da2eaf17df4:192.168.5.153:34793, fe4073e4-29d9-4752-9604-171b889365eb:192.168.5.153:45385], old=null, confs=<EMPTY_MAP>
2019-09-04 10:44:26,532 [pool-439-thread-1] INFO  server.RaftServerConfigKeys (ConfUtils.java:logGet(43)) - raft.server.sleep.deviation.threshold = 300 (default)
2019-09-04 10:44:26,532 [pool-419-thread-1] INFO  server.RaftServerConfigKeys (ConfUtils.java:logGet(43)) - raft.server.storage.dir = [/workdir/hadoop-ozone/integration-test/target/test-dir/MiniOzoneClusterImpl-8ced44ca-4ee5-44c9-aeff-63b5df35a8b0/datanode-1/data/ratis] (custom)
2019-09-04 10:44:26,532 [pool-439-thread-1] INFO  server.RaftServerConfigKeys (ConfUtils.java:logGet(43)) - raft.server.log.appender.install.snapshot.enabled = false (custom)
2019-09-04 10:44:26,533 [pool-439-thread-1] INFO  impl.RaftServerImpl (ServerState.java:<init>(105)) - 85481c8f-e1d3-4452-9840-a26537f3638a:group-01076F1D454A ConfigurationManager, init=-1: [85481c8f-e1d3-4452-9840-a26537f3638a:192.168.5.153:41097, 049a29fe-697a-4e80-ace1-9da2eaf17df4:192.168.5.153:34793, fe4073e4-29d9-4752-9604-171b889365eb:192.168.5.153:45385], old=null, confs=<EMPTY_MAP>
2019-09-04 10:44:26,533 [pool-419-thread-1] INFO  storage.RaftStorageDirectory (RaftStorageDirectory.java:analyzeStorage(246)) - The storage directory /workdir/hadoop-ozone/integration-test/target/test-dir/MiniOzoneClusterImpl-8ced44ca-4ee5-44c9-aeff-63b5df35a8b0/datanode-1/data/ratis/c54012c5-5463-45de-97f9-01076f1d454a does not exist. Creating ...
2019-09-04 10:44:26,533 [pool-439-thread-1] INFO  server.RaftServerConfigKeys (ConfUtils.java:logGet(43)) - raft.server.storage.dir = [/workdir/hadoop-ozone/integration-test/target/test-dir/MiniOzoneClusterImpl-8ced44ca-4ee5-44c9-aeff-63b5df35a8b0/datanode-3/data/ratis] (custom)
2019-09-04 10:44:26,533 [pool-439-thread-1] INFO  storage.RaftStorageDirectory (RaftStorageDirectory.java:analyzeStorage(246)) - The storage directory /workdir/hadoop-ozone/integration-test/target/test-dir/MiniOzoneClusterImpl-8ced44ca-4ee5-44c9-aeff-63b5df35a8b0/datanode-3/data/ratis/c54012c5-5463-45de-97f9-01076f1d454a does not exist. Creating ...
2019-09-04 10:44:26,546 [pool-439-thread-1] INFO  storage.RaftStorageDirectory (RaftStorageDirectory.java:tryLock(328)) - Lock on /workdir/hadoop-ozone/integration-test/target/test-dir/MiniOzoneClusterImpl-8ced44ca-4ee5-44c9-aeff-63b5df35a8b0/datanode-3/data/ratis/c54012c5-5463-45de-97f9-01076f1d454a/in_use.lock acquired by nodename 29070@pr-hdds-1982-decom-states-67zng-3388626213
2019-09-04 10:44:26,546 [pool-419-thread-1] INFO  storage.RaftStorageDirectory (RaftStorageDirectory.java:tryLock(328)) - Lock on /workdir/hadoop-ozone/integration-test/target/test-dir/MiniOzoneClusterImpl-8ced44ca-4ee5-44c9-aeff-63b5df35a8b0/datanode-1/data/ratis/c54012c5-5463-45de-97f9-01076f1d454a/in_use.lock acquired by nodename 29070@pr-hdds-1982-decom-states-67zng-3388626213
2019-09-04 10:44:26,546 [pool-409-thread-1] INFO  storage.RaftStorageDirectory (RaftStorageDirectory.java:tryLock(328)) - Lock on /workdir/hadoop-ozone/integration-test/target/test-dir/MiniOzoneClusterImpl-8ced44ca-4ee5-44c9-aeff-63b5df35a8b0/datanode-0/data/ratis/c54012c5-5463-45de-97f9-01076f1d454a/in_use.lock acquired by nodename 29070@pr-hdds-1982-decom-states-67zng-3388626213
2019-09-04 10:44:26,559 [pool-409-thread-1] INFO  storage.RaftStorage (RaftStorage.java:format(72)) - Storage directory /workdir/hadoop-ozone/integration-test/target/test-dir/MiniOzoneClusterImpl-8ced44ca-4ee5-44c9-aeff-63b5df35a8b0/datanode-0/data/ratis/c54012c5-5463-45de-97f9-01076f1d454a has been successfully formatted.
2019-09-04 10:44:26,559 [pool-439-thread-1] INFO  storage.RaftStorage (RaftStorage.java:format(72)) - Storage directory /workdir/hadoop-ozone/integration-test/target/test-dir/MiniOzoneClusterImpl-8ced44ca-4ee5-44c9-aeff-63b5df35a8b0/datanode-3/data/ratis/c54012c5-5463-45de-97f9-01076f1d454a has been successfully formatted.
2019-09-04 10:44:26,559 [pool-419-thread-1] INFO  storage.RaftStorage (RaftStorage.java:format(72)) - Storage directory /workdir/hadoop-ozone/integration-test/target/test-dir/MiniOzoneClusterImpl-8ced44ca-4ee5-44c9-aeff-63b5df35a8b0/datanode-1/data/ratis/c54012c5-5463-45de-97f9-01076f1d454a has been successfully formatted.
2019-09-04 10:44:26,560 [pool-439-thread-1] INFO  ratis.ContainerStateMachine (ContainerStateMachine.java:loadSnapshot(227)) - group-01076F1D454A: The snapshot info is null. Setting the last applied indexto:(t:0, i:~)
2019-09-04 10:44:26,560 [pool-409-thread-1] INFO  ratis.ContainerStateMachine (ContainerStateMachine.java:loadSnapshot(227)) - group-01076F1D454A: The snapshot info is null. Setting the last applied indexto:(t:0, i:~)
2019-09-04 10:44:26,560 [pool-439-thread-1] INFO  server.RaftServerConfigKeys (ConfUtils.java:logGet(43)) - raft.server.leader.election.timeout = 120s (custom)
2019-09-04 10:44:26,560 [pool-439-thread-1] INFO  server.RaftServerConfigKeys (ConfUtils.java:logGet(43)) - raft.server.log.use.memory = false (default)
2019-09-04 10:44:26,560 [pool-419-thread-1] INFO  ratis.ContainerStateMachine (ContainerStateMachine.java:loadSnapshot(227)) - group-01076F1D454A: The snapshot info is null. Setting the last applied indexto:(t:0, i:~)
2019-09-04 10:44:26,560 [pool-439-thread-1] INFO  server.RaftServerConfigKeys (ConfUtils.java:logGet(43)) - raft.server.log.purge.gap = 1000000 (custom)
2019-09-04 10:44:26,560 [pool-409-thread-1] INFO  server.RaftServerConfigKeys (ConfUtils.java:logGet(43)) - raft.server.leader.election.timeout = 120s (custom)
2019-09-04 10:44:26,561 [pool-439-thread-1] INFO  server.RaftServerConfigKeys (ConfUtils.java:logGet(43)) - raft.server.log.appender.buffer.byte-limit = 33554432 (custom)
2019-09-04 10:44:26,561 [pool-419-thread-1] INFO  server.RaftServerConfigKeys (ConfUtils.java:logGet(43)) - raft.server.leader.election.timeout = 120s (custom)
2019-09-04 10:44:26,561 [pool-439-thread-1] INFO  server.RaftServerConfigKeys (ConfUtils.java:logGet(43)) - raft.server.log.segment.size.max = 1048576 (custom)
2019-09-04 10:44:26,561 [pool-409-thread-1] INFO  server.RaftServerConfigKeys (ConfUtils.java:logGet(43)) - raft.server.log.use.memory = false (default)
2019-09-04 10:44:26,561 [pool-439-thread-1] INFO  server.RaftServerConfigKeys (ConfUtils.java:logGet(43)) - raft.server.log.segment.cache.num.max = 2 (custom)
2019-09-04 10:44:26,561 [pool-419-thread-1] INFO  server.RaftServerConfigKeys (ConfUtils.java:logGet(43)) - raft.server.log.use.memory = false (default)
2019-09-04 10:44:26,562 [pool-439-thread-1] INFO  segmented.SegmentedRaftLogWorker (SegmentedRaftLogWorker.java:<init>(172)) - new 85481c8f-e1d3-4452-9840-a26537f3638a-SegmentedRaftLogWorker:Storage Directory /workdir/hadoop-ozone/integration-test/target/test-dir/MiniOzoneClusterImpl-8ced44ca-4ee5-44c9-aeff-63b5df35a8b0/datanode-3/data/ratis/c54012c5-5463-45de-97f9-01076f1d454a for RaftStorage:Storage Directory /workdir/hadoop-ozone/integration-test/target/test-dir/MiniOzoneClusterImpl-8ced44ca-4ee5-44c9-aeff-63b5df35a8b0/datanode-3/data/ratis/c54012c5-5463-45de-97f9-01076f1d454a
2019-09-04 10:44:26,561 [pool-409-thread-1] INFO  server.RaftServerConfigKeys (ConfUtils.java:logGet(43)) - raft.server.log.purge.gap = 1000000 (custom)
2019-09-04 10:44:26,562 [pool-439-thread-1] INFO  server.RaftServerConfigKeys (ConfUtils.java:logGet(43)) - raft.server.log.queue.byte-limit = 2147483647 (custom)
2019-09-04 10:44:26,562 [pool-419-thread-1] INFO  server.RaftServerConfigKeys (ConfUtils.java:logGet(43)) - raft.server.log.purge.gap = 1000000 (custom)
2019-09-04 10:44:26,562 [pool-439-thread-1] INFO  server.RaftServerConfigKeys (ConfUtils.java:logGet(43)) - raft.server.log.queue.element-limit = 1024 (custom)
2019-09-04 10:44:26,562 [pool-409-thread-1] INFO  server.RaftServerConfigKeys (ConfUtils.java:logGet(43)) - raft.server.log.appender.buffer.byte-limit = 33554432 (custom)
2019-09-04 10:44:26,562 [pool-439-thread-1] INFO  server.RaftServerConfigKeys (ConfUtils.java:logGet(43)) - raft.server.log.segment.size.max = 1048576 (custom)
2019-09-04 10:44:26,562 [pool-419-thread-1] INFO  server.RaftServerConfigKeys (ConfUtils.java:logGet(43)) - raft.server.log.appender.buffer.byte-limit = 33554432 (custom)
2019-09-04 10:44:26,563 [pool-439-thread-1] INFO  server.RaftServerConfigKeys (ConfUtils.java:logGet(43)) - raft.server.log.preallocated.size = 16384 (custom)
2019-09-04 10:44:26,563 [pool-439-thread-1] INFO  server.RaftServerConfigKeys (ConfUtils.java:logGet(43)) - raft.server.log.write.buffer.size = 33554432 (custom)
2019-09-04 10:44:26,563 [pool-409-thread-1] INFO  server.RaftServerConfigKeys (ConfUtils.java:logGet(43)) - raft.server.log.segment.size.max = 1048576 (custom)
2019-09-04 10:44:26,563 [pool-439-thread-1] INFO  server.RaftServerConfigKeys (ConfUtils.java:logGet(43)) - raft.server.log.force.sync.num = 128 (default)
2019-09-04 10:44:26,563 [pool-439-thread-1] INFO  server.RaftServerConfigKeys (ConfUtils.java:logGet(43)) - raft.server.log.statemachine.data.sync = true (default)
2019-09-04 10:44:26,563 [pool-419-thread-1] INFO  server.RaftServerConfigKeys (ConfUtils.java:logGet(43)) - raft.server.log.segment.size.max = 1048576 (custom)
2019-09-04 10:44:26,564 [pool-439-thread-1] INFO  server.RaftServerConfigKeys (ConfUtils.java:logGet(43)) - raft.server.log.statemachine.data.sync.timeout = 10s (default)
2019-09-04 10:44:26,563 [pool-409-thread-1] INFO  server.RaftServerConfigKeys (ConfUtils.java:logGet(43)) - raft.server.log.segment.cache.num.max = 2 (custom)
2019-09-04 10:44:26,564 [pool-439-thread-1] INFO  server.RaftServerConfigKeys (ConfUtils.java:logGet(43)) - raft.server.log.statemachine.data.sync.timeout.retry = -1 (default)
2019-09-04 10:44:26,564 [pool-419-thread-1] INFO  server.RaftServerConfigKeys (ConfUtils.java:logGet(43)) - raft.server.log.segment.cache.num.max = 2 (custom)
2019-09-04 10:44:26,564 [pool-439-thread-1] INFO  server.RaftServerConfigKeys (ConfUtils.java:logGet(43)) - raft.server.log.statemachine.data.caching.enabled = true (custom)
2019-09-04 10:44:26,564 [pool-409-thread-1] INFO  segmented.SegmentedRaftLogWorker (SegmentedRaftLogWorker.java:<init>(172)) - new fe4073e4-29d9-4752-9604-171b889365eb-SegmentedRaftLogWorker:Storage Directory /workdir/hadoop-ozone/integration-test/target/test-dir/MiniOzoneClusterImpl-8ced44ca-4ee5-44c9-aeff-63b5df35a8b0/datanode-0/data/ratis/c54012c5-5463-45de-97f9-01076f1d454a for RaftStorage:Storage Directory /workdir/hadoop-ozone/integration-test/target/test-dir/MiniOzoneClusterImpl-8ced44ca-4ee5-44c9-aeff-63b5df35a8b0/datanode-0/data/ratis/c54012c5-5463-45de-97f9-01076f1d454a
2019-09-04 10:44:26,564 [pool-419-thread-1] INFO  segmented.SegmentedRaftLogWorker (SegmentedRaftLogWorker.java:<init>(172)) - new 049a29fe-697a-4e80-ace1-9da2eaf17df4-SegmentedRaftLogWorker:Storage Directory /workdir/hadoop-ozone/integration-test/target/test-dir/MiniOzoneClusterImpl-8ced44ca-4ee5-44c9-aeff-63b5df35a8b0/datanode-1/data/ratis/c54012c5-5463-45de-97f9-01076f1d454a for RaftStorage:Storage Directory /workdir/hadoop-ozone/integration-test/target/test-dir/MiniOzoneClusterImpl-8ced44ca-4ee5-44c9-aeff-63b5df35a8b0/datanode-1/data/ratis/c54012c5-5463-45de-97f9-01076f1d454a
2019-09-04 10:44:26,565 [pool-439-thread-1] INFO  segmented.SegmentedRaftLogWorker (SegmentedRaftLogWorker.java:lambda$new$0(132)) - 85481c8f-e1d3-4452-9840-a26537f3638a-SegmentedRaftLogWorker:Storage Directory /workdir/hadoop-ozone/integration-test/target/test-dir/MiniOzoneClusterImpl-8ced44ca-4ee5-44c9-aeff-63b5df35a8b0/datanode-3/data/ratis/c54012c5-5463-45de-97f9-01076f1d454a: flushIndex: setUnconditionally 0 -> -1
2019-09-04 10:44:26,565 [pool-409-thread-1] INFO  server.RaftServerConfigKeys (ConfUtils.java:logGet(43)) - raft.server.log.queue.byte-limit = 2147483647 (custom)
2019-09-04 10:44:26,565 [pool-419-thread-1] INFO  server.RaftServerConfigKeys (ConfUtils.java:logGet(43)) - raft.server.log.queue.byte-limit = 2147483647 (custom)
2019-09-04 10:44:26,565 [pool-439-thread-1] INFO  server.RaftServerConfigKeys (ConfUtils.java:logGet(43)) - raft.server.snapshot.auto.trigger.enabled = true (custom)
2019-09-04 10:44:26,565 [pool-409-thread-1] INFO  server.RaftServerConfigKeys (ConfUtils.java:logGet(43)) - raft.server.log.queue.element-limit = 1024 (custom)
2019-09-04 10:44:26,565 [pool-439-thread-1] INFO  server.RaftServerConfigKeys (ConfUtils.java:logGet(43)) - raft.server.snapshot.auto.trigger.threshold = 10000 (custom)
2019-09-04 10:44:26,565 [pool-419-thread-1] INFO  server.RaftServerConfigKeys (ConfUtils.java:logGet(43)) - raft.server.log.queue.element-limit = 1024 (custom)
2019-09-04 10:44:26,566 [pool-439-thread-1] INFO  server.RaftServerConfigKeys (ConfUtils.java:logGet(43)) - raft.server.retrycache.expirytime = 600000ms (custom)
2019-09-04 10:44:26,566 [pool-409-thread-1] INFO  server.RaftServerConfigKeys (ConfUtils.java:logGet(43)) - raft.server.log.segment.size.max = 1048576 (custom)
2019-09-04 10:44:26,566 [pool-439-thread-1] INFO  impl.RaftServerImpl (RaftServerImpl.java:start(180)) - 85481c8f-e1d3-4452-9840-a26537f3638a: start group-01076F1D454A
2019-09-04 10:44:26,566 [pool-419-thread-1] INFO  server.RaftServerConfigKeys (ConfUtils.java:logGet(43)) - raft.server.log.segment.size.max = 1048576 (custom)
2019-09-04 10:44:26,566 [pool-439-thread-1] INFO  impl.RaftServerImpl (RaftServerImpl.java:setRole(171)) - 85481c8f-e1d3-4452-9840-a26537f3638a:group-01076F1D454A changes role from null to FOLLOWER at term 0 for startAsFollower
2019-09-04 10:44:26,566 [pool-409-thread-1] INFO  server.RaftServerConfigKeys (ConfUtils.java:logGet(43)) - raft.server.log.preallocated.size = 16384 (custom)
2019-09-04 10:44:26,566 [pool-439-thread-1] INFO  impl.RoleInfo (RoleInfo.java:updateAndGet(143)) - 85481c8f-e1d3-4452-9840-a26537f3638a: start FollowerState
2019-09-04 10:44:26,566 [pool-419-thread-1] INFO  server.RaftServerConfigKeys (ConfUtils.java:logGet(43)) - raft.server.log.preallocated.size = 16384 (custom)
2019-09-04 10:44:26,566 [pool-409-thread-1] INFO  server.RaftServerConfigKeys (ConfUtils.java:logGet(43)) - raft.server.log.write.buffer.size = 33554432 (custom)
2019-09-04 10:44:26,567 [pool-419-thread-1] INFO  server.RaftServerConfigKeys (ConfUtils.java:logGet(43)) - raft.server.log.write.buffer.size = 33554432 (custom)
2019-09-04 10:44:26,567 [pool-439-thread-1] INFO  util.JmxRegister (JmxRegister.java:tryRegister(44)) - Successfully registered JMX Bean with object name Ratis:service=RaftServer,group=group-01076F1D454A,id=85481c8f-e1d3-4452-9840-a26537f3638a
2019-09-04 10:44:26,567 [pool-409-thread-1] INFO  server.RaftServerConfigKeys (ConfUtils.java:logGet(43)) - raft.server.log.force.sync.num = 128 (default)
2019-09-04 10:44:26,567 [pool-419-thread-1] INFO  server.RaftServerConfigKeys (ConfUtils.java:logGet(43)) - raft.server.log.force.sync.num = 128 (default)
2019-09-04 10:44:26,567 [pool-409-thread-1] INFO  server.RaftServerConfigKeys (ConfUtils.java:logGet(43)) - raft.server.log.statemachine.data.sync = true (default)
2019-09-04 10:44:26,567 [pool-419-thread-1] INFO  server.RaftServerConfigKeys (ConfUtils.java:logGet(43)) - raft.server.log.statemachine.data.sync = true (default)
2019-09-04 10:44:26,568 [pool-409-thread-1] INFO  server.RaftServerConfigKeys (ConfUtils.java:logGet(43)) - raft.server.log.statemachine.data.sync.timeout = 10s (default)
2019-09-04 10:44:26,568 [pool-419-thread-1] INFO  server.RaftServerConfigKeys (ConfUtils.java:logGet(43)) - raft.server.log.statemachine.data.sync.timeout = 10s (default)
2019-09-04 10:44:26,568 [pool-409-thread-1] INFO  server.RaftServerConfigKeys (ConfUtils.java:logGet(43)) - raft.server.log.statemachine.data.sync.timeout.retry = -1 (default)
2019-09-04 10:44:26,568 [pool-419-thread-1] INFO  server.RaftServerConfigKeys (ConfUtils.java:logGet(43)) - raft.server.log.statemachine.data.sync.timeout.retry = -1 (default)
2019-09-04 10:44:26,568 [pool-409-thread-1] INFO  server.RaftServerConfigKeys (ConfUtils.java:logGet(43)) - raft.server.log.statemachine.data.caching.enabled = true (custom)
2019-09-04 10:44:26,568 [pool-419-thread-1] INFO  server.RaftServerConfigKeys (ConfUtils.java:logGet(43)) - raft.server.log.statemachine.data.caching.enabled = true (custom)
2019-09-04 10:44:26,569 [pool-409-thread-1] INFO  segmented.SegmentedRaftLogWorker (SegmentedRaftLogWorker.java:lambda$new$0(132)) - fe4073e4-29d9-4752-9604-171b889365eb-SegmentedRaftLogWorker:Storage Directory /workdir/hadoop-ozone/integration-test/target/test-dir/MiniOzoneClusterImpl-8ced44ca-4ee5-44c9-aeff-63b5df35a8b0/datanode-0/data/ratis/c54012c5-5463-45de-97f9-01076f1d454a: flushIndex: setUnconditionally 0 -> -1
2019-09-04 10:44:26,569 [pool-419-thread-1] INFO  segmented.SegmentedRaftLogWorker (SegmentedRaftLogWorker.java:lambda$new$0(132)) - 049a29fe-697a-4e80-ace1-9da2eaf17df4-SegmentedRaftLogWorker:Storage Directory /workdir/hadoop-ozone/integration-test/target/test-dir/MiniOzoneClusterImpl-8ced44ca-4ee5-44c9-aeff-63b5df35a8b0/datanode-1/data/ratis/c54012c5-5463-45de-97f9-01076f1d454a: flushIndex: setUnconditionally 0 -> -1
2019-09-04 10:44:26,569 [pool-409-thread-1] INFO  server.RaftServerConfigKeys (ConfUtils.java:logGet(43)) - raft.server.snapshot.auto.trigger.enabled = true (custom)
2019-09-04 10:44:26,569 [pool-419-thread-1] INFO  server.RaftServerConfigKeys (ConfUtils.java:logGet(43)) - raft.server.snapshot.auto.trigger.enabled = true (custom)
2019-09-04 10:44:26,569 [pool-409-thread-1] INFO  server.RaftServerConfigKeys (ConfUtils.java:logGet(43)) - raft.server.snapshot.auto.trigger.threshold = 10000 (custom)
2019-09-04 10:44:26,569 [pool-419-thread-1] INFO  server.RaftServerConfigKeys (ConfUtils.java:logGet(43)) - raft.server.snapshot.auto.trigger.threshold = 10000 (custom)
2019-09-04 10:44:26,569 [pool-409-thread-1] INFO  server.RaftServerConfigKeys (ConfUtils.java:logGet(43)) - raft.server.retrycache.expirytime = 600000ms (custom)
2019-09-04 10:44:26,569 [pool-419-thread-1] INFO  server.RaftServerConfigKeys (ConfUtils.java:logGet(43)) - raft.server.retrycache.expirytime = 600000ms (custom)
2019-09-04 10:44:26,570 [pool-409-thread-1] INFO  impl.RaftServerImpl (RaftServerImpl.java:start(180)) - fe4073e4-29d9-4752-9604-171b889365eb: start group-01076F1D454A
2019-09-04 10:44:26,570 [pool-419-thread-1] INFO  impl.RaftServerImpl (RaftServerImpl.java:start(180)) - 049a29fe-697a-4e80-ace1-9da2eaf17df4: start group-01076F1D454A
2019-09-04 10:44:26,570 [pool-409-thread-1] INFO  impl.RaftServerImpl (RaftServerImpl.java:setRole(171)) - fe4073e4-29d9-4752-9604-171b889365eb:group-01076F1D454A changes role from null to FOLLOWER at term 0 for startAsFollower
2019-09-04 10:44:26,570 [pool-419-thread-1] INFO  impl.RaftServerImpl (RaftServerImpl.java:setRole(171)) - 049a29fe-697a-4e80-ace1-9da2eaf17df4:group-01076F1D454A changes role from null to FOLLOWER at term 0 for startAsFollower
2019-09-04 10:44:26,570 [pool-409-thread-1] INFO  impl.RoleInfo (RoleInfo.java:updateAndGet(143)) - fe4073e4-29d9-4752-9604-171b889365eb: start FollowerState
2019-09-04 10:44:26,570 [pool-419-thread-1] INFO  impl.RoleInfo (RoleInfo.java:updateAndGet(143)) - 049a29fe-697a-4e80-ace1-9da2eaf17df4: start FollowerState
2019-09-04 10:44:26,571 [pool-409-thread-1] INFO  util.JmxRegister (JmxRegister.java:tryRegister(44)) - Successfully registered JMX Bean with object name Ratis:service=RaftServer,group=group-01076F1D454A,id=fe4073e4-29d9-4752-9604-171b889365eb
2019-09-04 10:44:26,571 [pool-419-thread-1] INFO  util.JmxRegister (JmxRegister.java:tryRegister(44)) - Successfully registered JMX Bean with object name Ratis:service=RaftServer,group=group-01076F1D454A,id=049a29fe-697a-4e80-ace1-9da2eaf17df4
2019-09-04 10:44:26,573 [RatisPipelineUtilsThread] INFO  pipeline.PipelineStateManager (PipelineStateManager.java:addPipeline(56)) - Created pipeline Pipeline[ Id: c54012c5-5463-45de-97f9-01076f1d454a, Nodes: fe4073e4-29d9-4752-9604-171b889365eb{ip: 192.168.5.153, host: pr-hdds-1982-decom-states-67zng-3388626213, networkLocation: /default-rack, certSerialId: null}049a29fe-697a-4e80-ace1-9da2eaf17df4{ip: 192.168.5.153, host: pr-hdds-1982-decom-states-67zng-3388626213, networkLocation: /default-rack, certSerialId: null}85481c8f-e1d3-4452-9840-a26537f3638a{ip: 192.168.5.153, host: pr-hdds-1982-decom-states-67zng-3388626213, networkLocation: /default-rack, certSerialId: null}, Type:RATIS, Factor:THREE, State:OPEN]
2019-09-04 10:44:27,313 [main] INFO  ozone.MiniOzoneClusterImpl (MiniOzoneClusterImpl.java:lambda$waitForClusterToBeReady$0(140)) - Cluster is ready. Got 7 of 7 DN Heartbeats.
2019-09-04 10:44:27,345 [main] INFO  rpc.RpcClient (RpcClient.java:createVolume(293)) - Creating Volume: testblockoutputstream, with jenkins1000 as owner.
2019-09-04 10:44:27,349 [IPC Server handler 1 on 36466] INFO  volume.OMVolumeCreateRequest (OMVolumeCreateRequest.java:validateAndUpdateCache(189)) - created volume:testblockoutputstream for user:jenkins1000
2019-09-04 10:44:27,361 [main] INFO  rpc.RpcClient (RpcClient.java:createBucket(432)) - Creating Bucket: testblockoutputstream/testblockoutputstream, with Versioning false and Storage Type set to DISK and Encryption set to false 
2019-09-04 10:44:27,385 [grpc-default-executor-10] INFO  client.GrpcClientProtocolClient (GrpcClientProtocolClient.java:onNext(255)) - client-86E38FB4E84C->5edab1c0-df0e-4ea3-aa3c-59f2fee068b8: receive RaftClientReply:client-86E38FB4E84C->5edab1c0-df0e-4ea3-aa3c-59f2fee068b8@group-4B9C4FB8C348, cid=183, FAILED org.apache.ratis.protocol.NotLeaderException: Server 5edab1c0-df0e-4ea3-aa3c-59f2fee068b8 is not the leader (null). Request must be sent to leader., logIndex=0, commits[5edab1c0-df0e-4ea3-aa3c-59f2fee068b8:c-1]
2019-09-04 10:44:28,401 [grpc-default-executor-2] INFO  client.GrpcClientProtocolClient (GrpcClientProtocolClient.java:onNext(255)) - client-86E38FB4E84C->9596a9b3-71ac-4868-b50a-133dfe1be36f: receive RaftClientReply:client-86E38FB4E84C->9596a9b3-71ac-4868-b50a-133dfe1be36f@group-4B9C4FB8C348, cid=183, FAILED org.apache.ratis.protocol.NotLeaderException: Server 9596a9b3-71ac-4868-b50a-133dfe1be36f is not the leader (null). Request must be sent to leader., logIndex=0, commits[9596a9b3-71ac-4868-b50a-133dfe1be36f:c-1]
2019-09-04 10:44:28,932 [Thread-3528] INFO  container.ReplicationManager (ReplicationManager.java:start(162)) - Starting Replication Monitor Thread.
2019-09-04 10:44:28,935 [ReplicationMonitor] INFO  container.ReplicationManager (ReplicationManager.java:run(225)) - Replication Monitor Thread took 0 milliseconds for processing 1 containers.
2019-09-04 10:44:29,409 [grpc-default-executor-2] INFO  client.GrpcClientProtocolClient (GrpcClientProtocolClient.java:onNext(255)) - client-86E38FB4E84C->5edab1c0-df0e-4ea3-aa3c-59f2fee068b8: receive RaftClientReply:client-86E38FB4E84C->5edab1c0-df0e-4ea3-aa3c-59f2fee068b8@group-4B9C4FB8C348, cid=183, FAILED org.apache.ratis.protocol.NotLeaderException: Server 5edab1c0-df0e-4ea3-aa3c-59f2fee068b8 is not the leader (null). Request must be sent to leader., logIndex=0, commits[5edab1c0-df0e-4ea3-aa3c-59f2fee068b8:c-1]
2019-09-04 10:44:30,430 [grpc-default-executor-10] INFO  client.GrpcClientProtocolClient (GrpcClientProtocolClient.java:onNext(255)) - client-86E38FB4E84C->9596a9b3-71ac-4868-b50a-133dfe1be36f: receive RaftClientReply:client-86E38FB4E84C->9596a9b3-71ac-4868-b50a-133dfe1be36f@group-4B9C4FB8C348, cid=183, FAILED org.apache.ratis.protocol.NotLeaderException: Server 9596a9b3-71ac-4868-b50a-133dfe1be36f is not the leader (null). Request must be sent to leader., logIndex=0, commits[9596a9b3-71ac-4868-b50a-133dfe1be36f:c-1]
2019-09-04 10:44:31,079 [Thread-3533] INFO  impl.FollowerState (FollowerState.java:run(106)) - 049a29fe-697a-4e80-ace1-9da2eaf17df4:group-2792FE12A644 changes to CANDIDATE, lastRpcTime:5040, electionTimeout:5040ms
2019-09-04 10:44:31,080 [Thread-3533] INFO  impl.RoleInfo (RoleInfo.java:shutdownFollowerState(121)) - 049a29fe-697a-4e80-ace1-9da2eaf17df4: shutdown FollowerState
2019-09-04 10:44:31,080 [Thread-3533] INFO  impl.RaftServerImpl (RaftServerImpl.java:setRole(171)) - 049a29fe-697a-4e80-ace1-9da2eaf17df4:group-2792FE12A644 changes role from FOLLOWER to CANDIDATE at term 0 for changeToCandidate
2019-09-04 10:44:31,080 [Thread-3533] INFO  impl.RoleInfo (RoleInfo.java:updateAndGet(143)) - 049a29fe-697a-4e80-ace1-9da2eaf17df4: start LeaderElection
2019-09-04 10:44:31,088 [Thread-3530] INFO  impl.FollowerState (FollowerState.java:run(106)) - fe4073e4-29d9-4752-9604-171b889365eb:group-A6503F32E33C changes to CANDIDATE, lastRpcTime:5093, electionTimeout:5093ms
2019-09-04 10:44:31,088 [Thread-3530] INFO  impl.RoleInfo (RoleInfo.java:shutdownFollowerState(121)) - fe4073e4-29d9-4752-9604-171b889365eb: shutdown FollowerState
2019-09-04 10:44:31,088 [Thread-3530] INFO  impl.RaftServerImpl (RaftServerImpl.java:setRole(171)) - fe4073e4-29d9-4752-9604-171b889365eb:group-A6503F32E33C changes role from FOLLOWER to CANDIDATE at term 0 for changeToCandidate
2019-09-04 10:44:31,088 [Thread-3530] INFO  impl.RoleInfo (RoleInfo.java:updateAndGet(143)) - fe4073e4-29d9-4752-9604-171b889365eb: start LeaderElection
2019-09-04 10:44:31,117 [049a29fe-697a-4e80-ace1-9da2eaf17df4:group-2792FE12A644:LeaderElection67] INFO  impl.LeaderElection (LeaderElection.java:askForVotes(181)) - 049a29fe-697a-4e80-ace1-9da2eaf17df4:group-2792FE12A644:LeaderElection67: begin an election at term 1 for -1: [049a29fe-697a-4e80-ace1-9da2eaf17df4:192.168.5.153:34793], old=null
2019-09-04 10:44:31,117 [049a29fe-697a-4e80-ace1-9da2eaf17df4:group-2792FE12A644:LeaderElection67] INFO  impl.RoleInfo (RoleInfo.java:shutdownLeaderElection(134)) - 049a29fe-697a-4e80-ace1-9da2eaf17df4: shutdown LeaderElection
2019-09-04 10:44:31,118 [049a29fe-697a-4e80-ace1-9da2eaf17df4:group-2792FE12A644:LeaderElection67] INFO  impl.RaftServerImpl (RaftServerImpl.java:setRole(171)) - 049a29fe-697a-4e80-ace1-9da2eaf17df4:group-2792FE12A644 changes role from CANDIDATE to LEADER at term 1 for changeToLeader
2019-09-04 10:44:31,118 [049a29fe-697a-4e80-ace1-9da2eaf17df4:group-2792FE12A644:LeaderElection67] INFO  impl.RaftServerImpl (ServerState.java:setLeader(263)) - 049a29fe-697a-4e80-ace1-9da2eaf17df4:group-2792FE12A644 change Leader from null to 049a29fe-697a-4e80-ace1-9da2eaf17df4 at term 1 for becomeLeader, leader elected after 5082ms
2019-09-04 10:44:31,118 [049a29fe-697a-4e80-ace1-9da2eaf17df4:group-2792FE12A644:LeaderElection67] INFO  server.RaftServerConfigKeys (ConfUtils.java:logGet(43)) - raft.server.staging.catchup.gap = 1000 (default)
2019-09-04 10:44:31,118 [049a29fe-697a-4e80-ace1-9da2eaf17df4:group-2792FE12A644:LeaderElection67] INFO  server.RaftServerConfigKeys (ConfUtils.java:logGet(43)) - raft.server.rpc.sleep.time = 25ms (default)
2019-09-04 10:44:31,119 [049a29fe-697a-4e80-ace1-9da2eaf17df4:group-2792FE12A644:LeaderElection67] INFO  server.RaftServerConfigKeys (ConfUtils.java:logGet(43)) - raft.server.write.element-limit = 4096 (default)
2019-09-04 10:44:31,119 [049a29fe-697a-4e80-ace1-9da2eaf17df4:group-2792FE12A644:LeaderElection67] INFO  server.RaftServerConfigKeys (ConfUtils.java:logGet(43)) - raft.server.watch.timeout = 10s (default)
2019-09-04 10:44:31,119 [049a29fe-697a-4e80-ace1-9da2eaf17df4:group-2792FE12A644:LeaderElection67] INFO  server.RaftServerConfigKeys (ConfUtils.java:logGet(43)) - raft.server.watch.timeout.denomination = 1s (default)
2019-09-04 10:44:31,119 [049a29fe-697a-4e80-ace1-9da2eaf17df4:group-2792FE12A644:LeaderElection67] INFO  server.RaftServerConfigKeys (ConfUtils.java:logGet(43)) - raft.server.watch.element-limit = 65536 (default)
2019-09-04 10:44:31,120 [049a29fe-697a-4e80-ace1-9da2eaf17df4:group-2792FE12A644:LeaderElection67] INFO  impl.RoleInfo (RoleInfo.java:updateAndGet(143)) - 049a29fe-697a-4e80-ace1-9da2eaf17df4: start LeaderState
2019-09-04 10:44:31,120 [049a29fe-697a-4e80-ace1-9da2eaf17df4:group-2792FE12A644:LeaderElection67] INFO  segmented.SegmentedRaftLogWorker (SegmentedRaftLogWorker.java:startLogSegment(380)) - 049a29fe-697a-4e80-ace1-9da2eaf17df4-SegmentedRaftLogWorker:Storage Directory /workdir/hadoop-ozone/integration-test/target/test-dir/MiniOzoneClusterImpl-8ced44ca-4ee5-44c9-aeff-63b5df35a8b0/datanode-1/data/ratis/4fcada8c-cfdd-4588-afab-2792fe12a644: Starting segment from index:0
2019-09-04 10:44:31,121 [049a29fe-697a-4e80-ace1-9da2eaf17df4:group-2792FE12A644:LeaderElection67] INFO  impl.RaftServerImpl (ServerState.java:setRaftConf(361)) - 049a29fe-697a-4e80-ace1-9da2eaf17df4:group-2792FE12A644 set configuration 0: [049a29fe-697a-4e80-ace1-9da2eaf17df4:192.168.5.153:34793], old=null at 0
2019-09-04 10:44:31,141 [fe4073e4-29d9-4752-9604-171b889365eb:group-A6503F32E33C:LeaderElection68] INFO  impl.LeaderElection (LeaderElection.java:askForVotes(181)) - fe4073e4-29d9-4752-9604-171b889365eb:group-A6503F32E33C:LeaderElection68: begin an election at term 1 for -1: [fe4073e4-29d9-4752-9604-171b889365eb:192.168.5.153:45385], old=null
2019-09-04 10:44:31,141 [fe4073e4-29d9-4752-9604-171b889365eb:group-A6503F32E33C:LeaderElection68] INFO  impl.RoleInfo (RoleInfo.java:shutdownLeaderElection(134)) - fe4073e4-29d9-4752-9604-171b889365eb: shutdown LeaderElection
2019-09-04 10:44:31,141 [fe4073e4-29d9-4752-9604-171b889365eb:group-A6503F32E33C:LeaderElection68] INFO  impl.RaftServerImpl (RaftServerImpl.java:setRole(171)) - fe4073e4-29d9-4752-9604-171b889365eb:group-A6503F32E33C changes role from CANDIDATE to LEADER at term 1 for changeToLeader
2019-09-04 10:44:31,142 [fe4073e4-29d9-4752-9604-171b889365eb:group-A6503F32E33C:LeaderElection68] INFO  impl.RaftServerImpl (ServerState.java:setLeader(263)) - fe4073e4-29d9-4752-9604-171b889365eb:group-A6503F32E33C change Leader from null to fe4073e4-29d9-4752-9604-171b889365eb at term 1 for becomeLeader, leader elected after 5152ms
2019-09-04 10:44:31,142 [fe4073e4-29d9-4752-9604-171b889365eb:group-A6503F32E33C:LeaderElection68] INFO  server.RaftServerConfigKeys (ConfUtils.java:logGet(43)) - raft.server.staging.catchup.gap = 1000 (default)
2019-09-04 10:44:31,142 [fe4073e4-29d9-4752-9604-171b889365eb:group-A6503F32E33C:LeaderElection68] INFO  server.RaftServerConfigKeys (ConfUtils.java:logGet(43)) - raft.server.rpc.sleep.time = 25ms (default)
2019-09-04 10:44:31,142 [fe4073e4-29d9-4752-9604-171b889365eb:group-A6503F32E33C:LeaderElection68] INFO  server.RaftServerConfigKeys (ConfUtils.java:logGet(43)) - raft.server.write.element-limit = 4096 (default)
2019-09-04 10:44:31,142 [fe4073e4-29d9-4752-9604-171b889365eb:group-A6503F32E33C:LeaderElection68] INFO  server.RaftServerConfigKeys (ConfUtils.java:logGet(43)) - raft.server.watch.timeout = 10s (default)
2019-09-04 10:44:31,142 [fe4073e4-29d9-4752-9604-171b889365eb:group-A6503F32E33C:LeaderElection68] INFO  server.RaftServerConfigKeys (ConfUtils.java:logGet(43)) - raft.server.watch.timeout.denomination = 1s (default)
2019-09-04 10:44:31,142 [fe4073e4-29d9-4752-9604-171b889365eb:group-A6503F32E33C:LeaderElection68] INFO  server.RaftServerConfigKeys (ConfUtils.java:logGet(43)) - raft.server.watch.element-limit = 65536 (default)
2019-09-04 10:44:31,143 [fe4073e4-29d9-4752-9604-171b889365eb:group-A6503F32E33C:LeaderElection68] INFO  impl.RoleInfo (RoleInfo.java:updateAndGet(143)) - fe4073e4-29d9-4752-9604-171b889365eb: start LeaderState
2019-09-04 10:44:31,143 [fe4073e4-29d9-4752-9604-171b889365eb:group-A6503F32E33C:LeaderElection68] INFO  segmented.SegmentedRaftLogWorker (SegmentedRaftLogWorker.java:startLogSegment(380)) - fe4073e4-29d9-4752-9604-171b889365eb-SegmentedRaftLogWorker:Storage Directory /workdir/hadoop-ozone/integration-test/target/test-dir/MiniOzoneClusterImpl-8ced44ca-4ee5-44c9-aeff-63b5df35a8b0/datanode-0/data/ratis/e1967e4c-b4c1-4f6c-b065-a6503f32e33c: Starting segment from index:0
2019-09-04 10:44:31,144 [fe4073e4-29d9-4752-9604-171b889365eb:group-A6503F32E33C:LeaderElection68] INFO  impl.RaftServerImpl (ServerState.java:setRaftConf(361)) - fe4073e4-29d9-4752-9604-171b889365eb:group-A6503F32E33C set configuration 0: [fe4073e4-29d9-4752-9604-171b889365eb:192.168.5.153:45385], old=null at 0
2019-09-04 10:44:31,201 [049a29fe-697a-4e80-ace1-9da2eaf17df4-SegmentedRaftLogWorker:Storage Directory /workdir/hadoop-ozone/integration-test/target/test-dir/MiniOzoneClusterImpl-8ced44ca-4ee5-44c9-aeff-63b5df35a8b0/datanode-1/data/ratis/4fcada8c-cfdd-4588-afab-2792fe12a644] INFO  segmented.SegmentedRaftLogWorker (SegmentedRaftLogWorker.java:execute(569)) - 049a29fe-697a-4e80-ace1-9da2eaf17df4-SegmentedRaftLogWorker:Storage Directory /workdir/hadoop-ozone/integration-test/target/test-dir/MiniOzoneClusterImpl-8ced44ca-4ee5-44c9-aeff-63b5df35a8b0/datanode-1/data/ratis/4fcada8c-cfdd-4588-afab-2792fe12a644: created new log segment /workdir/hadoop-ozone/integration-test/target/test-dir/MiniOzoneClusterImpl-8ced44ca-4ee5-44c9-aeff-63b5df35a8b0/datanode-1/data/ratis/4fcada8c-cfdd-4588-afab-2792fe12a644/current/log_inprogress_0
2019-09-04 10:44:31,201 [fe4073e4-29d9-4752-9604-171b889365eb-SegmentedRaftLogWorker:Storage Directory /workdir/hadoop-ozone/integration-test/target/test-dir/MiniOzoneClusterImpl-8ced44ca-4ee5-44c9-aeff-63b5df35a8b0/datanode-0/data/ratis/e1967e4c-b4c1-4f6c-b065-a6503f32e33c] INFO  segmented.SegmentedRaftLogWorker (SegmentedRaftLogWorker.java:execute(569)) - fe4073e4-29d9-4752-9604-171b889365eb-SegmentedRaftLogWorker:Storage Directory /workdir/hadoop-ozone/integration-test/target/test-dir/MiniOzoneClusterImpl-8ced44ca-4ee5-44c9-aeff-63b5df35a8b0/datanode-0/data/ratis/e1967e4c-b4c1-4f6c-b065-a6503f32e33c: created new log segment /workdir/hadoop-ozone/integration-test/target/test-dir/MiniOzoneClusterImpl-8ced44ca-4ee5-44c9-aeff-63b5df35a8b0/datanode-0/data/ratis/e1967e4c-b4c1-4f6c-b065-a6503f32e33c/current/log_inprogress_0
2019-09-04 10:44:31,310 [Thread-3536] INFO  impl.FollowerState (FollowerState.java:run(106)) - 9596a9b3-71ac-4868-b50a-133dfe1be36f:group-63CD79ACECD3 changes to CANDIDATE, lastRpcTime:5176, electionTimeout:5176ms
2019-09-04 10:44:31,310 [Thread-3536] INFO  impl.RoleInfo (RoleInfo.java:shutdownFollowerState(121)) - 9596a9b3-71ac-4868-b50a-133dfe1be36f: shutdown FollowerState
2019-09-04 10:44:31,311 [Thread-3536] INFO  impl.RaftServerImpl (RaftServerImpl.java:setRole(171)) - 9596a9b3-71ac-4868-b50a-133dfe1be36f:group-63CD79ACECD3 changes role from FOLLOWER to CANDIDATE at term 0 for changeToCandidate
2019-09-04 10:44:31,311 [Thread-3536] INFO  impl.RoleInfo (RoleInfo.java:updateAndGet(143)) - 9596a9b3-71ac-4868-b50a-133dfe1be36f: start LeaderElection
2019-09-04 10:44:31,340 [9596a9b3-71ac-4868-b50a-133dfe1be36f:group-63CD79ACECD3:LeaderElection69] INFO  impl.LeaderElection (LeaderElection.java:askForVotes(181)) - 9596a9b3-71ac-4868-b50a-133dfe1be36f:group-63CD79ACECD3:LeaderElection69: begin an election at term 1 for -1: [9596a9b3-71ac-4868-b50a-133dfe1be36f:192.168.5.153:37580], old=null
2019-09-04 10:44:31,340 [9596a9b3-71ac-4868-b50a-133dfe1be36f:group-63CD79ACECD3:LeaderElection69] INFO  impl.RoleInfo (RoleInfo.java:shutdownLeaderElection(134)) - 9596a9b3-71ac-4868-b50a-133dfe1be36f: shutdown LeaderElection
2019-09-04 10:44:31,340 [9596a9b3-71ac-4868-b50a-133dfe1be36f:group-63CD79ACECD3:LeaderElection69] INFO  impl.RaftServerImpl (RaftServerImpl.java:setRole(171)) - 9596a9b3-71ac-4868-b50a-133dfe1be36f:group-63CD79ACECD3 changes role from CANDIDATE to LEADER at term 1 for changeToLeader
2019-09-04 10:44:31,340 [9596a9b3-71ac-4868-b50a-133dfe1be36f:group-63CD79ACECD3:LeaderElection69] INFO  impl.RaftServerImpl (ServerState.java:setLeader(263)) - 9596a9b3-71ac-4868-b50a-133dfe1be36f:group-63CD79ACECD3 change Leader from null to 9596a9b3-71ac-4868-b50a-133dfe1be36f at term 1 for becomeLeader, leader elected after 5209ms
2019-09-04 10:44:31,340 [9596a9b3-71ac-4868-b50a-133dfe1be36f:group-63CD79ACECD3:LeaderElection69] INFO  server.RaftServerConfigKeys (ConfUtils.java:logGet(43)) - raft.server.staging.catchup.gap = 1000 (default)
2019-09-04 10:44:31,340 [9596a9b3-71ac-4868-b50a-133dfe1be36f:group-63CD79ACECD3:LeaderElection69] INFO  server.RaftServerConfigKeys (ConfUtils.java:logGet(43)) - raft.server.rpc.sleep.time = 25ms (default)
2019-09-04 10:44:31,341 [9596a9b3-71ac-4868-b50a-133dfe1be36f:group-63CD79ACECD3:LeaderElection69] INFO  server.RaftServerConfigKeys (ConfUtils.java:logGet(43)) - raft.server.write.element-limit = 4096 (default)
2019-09-04 10:44:31,341 [9596a9b3-71ac-4868-b50a-133dfe1be36f:group-63CD79ACECD3:LeaderElection69] INFO  server.RaftServerConfigKeys (ConfUtils.java:logGet(43)) - raft.server.watch.timeout = 10s (default)
2019-09-04 10:44:31,341 [9596a9b3-71ac-4868-b50a-133dfe1be36f:group-63CD79ACECD3:LeaderElection69] INFO  server.RaftServerConfigKeys (ConfUtils.java:logGet(43)) - raft.server.watch.timeout.denomination = 1s (default)
2019-09-04 10:44:31,341 [9596a9b3-71ac-4868-b50a-133dfe1be36f:group-63CD79ACECD3:LeaderElection69] INFO  server.RaftServerConfigKeys (ConfUtils.java:logGet(43)) - raft.server.watch.element-limit = 65536 (default)
2019-09-04 10:44:31,341 [9596a9b3-71ac-4868-b50a-133dfe1be36f:group-63CD79ACECD3:LeaderElection69] INFO  impl.RoleInfo (RoleInfo.java:updateAndGet(143)) - 9596a9b3-71ac-4868-b50a-133dfe1be36f: start LeaderState
2019-09-04 10:44:31,341 [9596a9b3-71ac-4868-b50a-133dfe1be36f:group-63CD79ACECD3:LeaderElection69] INFO  segmented.SegmentedRaftLogWorker (SegmentedRaftLogWorker.java:startLogSegment(380)) - 9596a9b3-71ac-4868-b50a-133dfe1be36f-SegmentedRaftLogWorker:Storage Directory /workdir/hadoop-ozone/integration-test/target/test-dir/MiniOzoneClusterImpl-8ced44ca-4ee5-44c9-aeff-63b5df35a8b0/datanode-2/data/ratis/ace78803-dd0e-42e8-aeac-63cd79acecd3: Starting segment from index:0
2019-09-04 10:44:31,342 [9596a9b3-71ac-4868-b50a-133dfe1be36f:group-63CD79ACECD3:LeaderElection69] INFO  impl.RaftServerImpl (ServerState.java:setRaftConf(361)) - 9596a9b3-71ac-4868-b50a-133dfe1be36f:group-63CD79ACECD3 set configuration 0: [9596a9b3-71ac-4868-b50a-133dfe1be36f:192.168.5.153:37580], old=null at 0
2019-09-04 10:44:31,386 [Thread-3539] INFO  impl.FollowerState (FollowerState.java:run(106)) - 85481c8f-e1d3-4452-9840-a26537f3638a:group-3B9755A72B44 changes to CANDIDATE, lastRpcTime:5158, electionTimeout:5153ms
2019-09-04 10:44:31,386 [Thread-3539] INFO  impl.RoleInfo (RoleInfo.java:shutdownFollowerState(121)) - 85481c8f-e1d3-4452-9840-a26537f3638a: shutdown FollowerState
2019-09-04 10:44:31,386 [Thread-3539] INFO  impl.RaftServerImpl (RaftServerImpl.java:setRole(171)) - 85481c8f-e1d3-4452-9840-a26537f3638a:group-3B9755A72B44 changes role from FOLLOWER to CANDIDATE at term 0 for changeToCandidate
2019-09-04 10:44:31,386 [Thread-3539] INFO  impl.RoleInfo (RoleInfo.java:updateAndGet(143)) - 85481c8f-e1d3-4452-9840-a26537f3638a: start LeaderElection
2019-09-04 10:44:31,398 [9596a9b3-71ac-4868-b50a-133dfe1be36f-SegmentedRaftLogWorker:Storage Directory /workdir/hadoop-ozone/integration-test/target/test-dir/MiniOzoneClusterImpl-8ced44ca-4ee5-44c9-aeff-63b5df35a8b0/datanode-2/data/ratis/ace78803-dd0e-42e8-aeac-63cd79acecd3] INFO  segmented.SegmentedRaftLogWorker (SegmentedRaftLogWorker.java:execute(569)) - 9596a9b3-71ac-4868-b50a-133dfe1be36f-SegmentedRaftLogWorker:Storage Directory /workdir/hadoop-ozone/integration-test/target/test-dir/MiniOzoneClusterImpl-8ced44ca-4ee5-44c9-aeff-63b5df35a8b0/datanode-2/data/ratis/ace78803-dd0e-42e8-aeac-63cd79acecd3: created new log segment /workdir/hadoop-ozone/integration-test/target/test-dir/MiniOzoneClusterImpl-8ced44ca-4ee5-44c9-aeff-63b5df35a8b0/datanode-2/data/ratis/ace78803-dd0e-42e8-aeac-63cd79acecd3/current/log_inprogress_0
2019-09-04 10:44:31,399 [85481c8f-e1d3-4452-9840-a26537f3638a:group-3B9755A72B44:LeaderElection70] INFO  impl.LeaderElection (LeaderElection.java:askForVotes(181)) - 85481c8f-e1d3-4452-9840-a26537f3638a:group-3B9755A72B44:LeaderElection70: begin an election at term 1 for -1: [85481c8f-e1d3-4452-9840-a26537f3638a:192.168.5.153:41097], old=null
2019-09-04 10:44:31,399 [85481c8f-e1d3-4452-9840-a26537f3638a:group-3B9755A72B44:LeaderElection70] INFO  impl.RoleInfo (RoleInfo.java:shutdownLeaderElection(134)) - 85481c8f-e1d3-4452-9840-a26537f3638a: shutdown LeaderElection
2019-09-04 10:44:31,399 [85481c8f-e1d3-4452-9840-a26537f3638a:group-3B9755A72B44:LeaderElection70] INFO  impl.RaftServerImpl (RaftServerImpl.java:setRole(171)) - 85481c8f-e1d3-4452-9840-a26537f3638a:group-3B9755A72B44 changes role from CANDIDATE to LEADER at term 1 for changeToLeader
2019-09-04 10:44:31,399 [85481c8f-e1d3-4452-9840-a26537f3638a:group-3B9755A72B44:LeaderElection70] INFO  impl.RaftServerImpl (ServerState.java:setLeader(263)) - 85481c8f-e1d3-4452-9840-a26537f3638a:group-3B9755A72B44 change Leader from null to 85481c8f-e1d3-4452-9840-a26537f3638a at term 1 for becomeLeader, leader elected after 5176ms
2019-09-04 10:44:31,399 [85481c8f-e1d3-4452-9840-a26537f3638a:group-3B9755A72B44:LeaderElection70] INFO  server.RaftServerConfigKeys (ConfUtils.java:logGet(43)) - raft.server.staging.catchup.gap = 1000 (default)
2019-09-04 10:44:31,399 [85481c8f-e1d3-4452-9840-a26537f3638a:group-3B9755A72B44:LeaderElection70] INFO  server.RaftServerConfigKeys (ConfUtils.java:logGet(43)) - raft.server.rpc.sleep.time = 25ms (default)
2019-09-04 10:44:31,400 [85481c8f-e1d3-4452-9840-a26537f3638a:group-3B9755A72B44:LeaderElection70] INFO  server.RaftServerConfigKeys (ConfUtils.java:logGet(43)) - raft.server.write.element-limit = 4096 (default)
2019-09-04 10:44:31,400 [85481c8f-e1d3-4452-9840-a26537f3638a:group-3B9755A72B44:LeaderElection70] INFO  server.RaftServerConfigKeys (ConfUtils.java:logGet(43)) - raft.server.watch.timeout = 10s (default)
2019-09-04 10:44:31,400 [85481c8f-e1d3-4452-9840-a26537f3638a:group-3B9755A72B44:LeaderElection70] INFO  server.RaftServerConfigKeys (ConfUtils.java:logGet(43)) - raft.server.watch.timeout.denomination = 1s (default)
2019-09-04 10:44:31,400 [85481c8f-e1d3-4452-9840-a26537f3638a:group-3B9755A72B44:LeaderElection70] INFO  server.RaftServerConfigKeys (ConfUtils.java:logGet(43)) - raft.server.watch.element-limit = 65536 (default)
2019-09-04 10:44:31,400 [85481c8f-e1d3-4452-9840-a26537f3638a:group-3B9755A72B44:LeaderElection70] INFO  impl.RoleInfo (RoleInfo.java:updateAndGet(143)) - 85481c8f-e1d3-4452-9840-a26537f3638a: start LeaderState
2019-09-04 10:44:31,401 [85481c8f-e1d3-4452-9840-a26537f3638a:group-3B9755A72B44:LeaderElection70] INFO  segmented.SegmentedRaftLogWorker (SegmentedRaftLogWorker.java:startLogSegment(380)) - 85481c8f-e1d3-4452-9840-a26537f3638a-SegmentedRaftLogWorker:Storage Directory /workdir/hadoop-ozone/integration-test/target/test-dir/MiniOzoneClusterImpl-8ced44ca-4ee5-44c9-aeff-63b5df35a8b0/datanode-3/data/ratis/c03e8e0e-b818-4801-889b-3b9755a72b44: Starting segment from index:0
2019-09-04 10:44:31,401 [85481c8f-e1d3-4452-9840-a26537f3638a:group-3B9755A72B44:LeaderElection70] INFO  impl.RaftServerImpl (ServerState.java:setRaftConf(361)) - 85481c8f-e1d3-4452-9840-a26537f3638a:group-3B9755A72B44 set configuration 0: [85481c8f-e1d3-4452-9840-a26537f3638a:192.168.5.153:41097], old=null at 0
2019-09-04 10:44:31,438 [grpc-default-executor-2] INFO  client.GrpcClientProtocolClient (GrpcClientProtocolClient.java:onNext(255)) - client-86E38FB4E84C->c39abe71-7611-4001-9539-bba876860d2a: receive RaftClientReply:client-86E38FB4E84C->c39abe71-7611-4001-9539-bba876860d2a@group-4B9C4FB8C348, cid=183, FAILED org.apache.ratis.protocol.NotLeaderException: Server c39abe71-7611-4001-9539-bba876860d2a is not the leader (null). Request must be sent to leader., logIndex=0, commits[c39abe71-7611-4001-9539-bba876860d2a:c-1]
2019-09-04 10:44:31,443 [85481c8f-e1d3-4452-9840-a26537f3638a-SegmentedRaftLogWorker:Storage Directory /workdir/hadoop-ozone/integration-test/target/test-dir/MiniOzoneClusterImpl-8ced44ca-4ee5-44c9-aeff-63b5df35a8b0/datanode-3/data/ratis/c03e8e0e-b818-4801-889b-3b9755a72b44] INFO  segmented.SegmentedRaftLogWorker (SegmentedRaftLogWorker.java:execute(569)) - 85481c8f-e1d3-4452-9840-a26537f3638a-SegmentedRaftLogWorker:Storage Directory /workdir/hadoop-ozone/integration-test/target/test-dir/MiniOzoneClusterImpl-8ced44ca-4ee5-44c9-aeff-63b5df35a8b0/datanode-3/data/ratis/c03e8e0e-b818-4801-889b-3b9755a72b44: created new log segment /workdir/hadoop-ozone/integration-test/target/test-dir/MiniOzoneClusterImpl-8ced44ca-4ee5-44c9-aeff-63b5df35a8b0/datanode-3/data/ratis/c03e8e0e-b818-4801-889b-3b9755a72b44/current/log_inprogress_0
2019-09-04 10:44:31,445 [Thread-3542] INFO  impl.FollowerState (FollowerState.java:run(106)) - 5edab1c0-df0e-4ea3-aa3c-59f2fee068b8:group-FD8319E2E52B changes to CANDIDATE, lastRpcTime:5141, electionTimeout:5141ms
2019-09-04 10:44:31,445 [Thread-3542] INFO  impl.RoleInfo (RoleInfo.java:shutdownFollowerState(121)) - 5edab1c0-df0e-4ea3-aa3c-59f2fee068b8: shutdown FollowerState
2019-09-04 10:44:31,445 [Thread-3542] INFO  impl.RaftServerImpl (RaftServerImpl.java:setRole(171)) - 5edab1c0-df0e-4ea3-aa3c-59f2fee068b8:group-FD8319E2E52B changes role from FOLLOWER to CANDIDATE at term 0 for changeToCandidate
2019-09-04 10:44:31,445 [Thread-3542] INFO  impl.RoleInfo (RoleInfo.java:updateAndGet(143)) - 5edab1c0-df0e-4ea3-aa3c-59f2fee068b8: start LeaderElection
2019-09-04 10:44:31,476 [5edab1c0-df0e-4ea3-aa3c-59f2fee068b8:group-FD8319E2E52B:LeaderElection71] INFO  impl.LeaderElection (LeaderElection.java:askForVotes(181)) - 5edab1c0-df0e-4ea3-aa3c-59f2fee068b8:group-FD8319E2E52B:LeaderElection71: begin an election at term 1 for -1: [5edab1c0-df0e-4ea3-aa3c-59f2fee068b8:192.168.5.153:42707], old=null
2019-09-04 10:44:31,476 [5edab1c0-df0e-4ea3-aa3c-59f2fee068b8:group-FD8319E2E52B:LeaderElection71] INFO  impl.RoleInfo (RoleInfo.java:shutdownLeaderElection(134)) - 5edab1c0-df0e-4ea3-aa3c-59f2fee068b8: shutdown LeaderElection
2019-09-04 10:44:31,476 [5edab1c0-df0e-4ea3-aa3c-59f2fee068b8:group-FD8319E2E52B:LeaderElection71] INFO  impl.RaftServerImpl (RaftServerImpl.java:setRole(171)) - 5edab1c0-df0e-4ea3-aa3c-59f2fee068b8:group-FD8319E2E52B changes role from CANDIDATE to LEADER at term 1 for changeToLeader
2019-09-04 10:44:31,476 [5edab1c0-df0e-4ea3-aa3c-59f2fee068b8:group-FD8319E2E52B:LeaderElection71] INFO  impl.RaftServerImpl (ServerState.java:setLeader(263)) - 5edab1c0-df0e-4ea3-aa3c-59f2fee068b8:group-FD8319E2E52B change Leader from null to 5edab1c0-df0e-4ea3-aa3c-59f2fee068b8 at term 1 for becomeLeader, leader elected after 5178ms
2019-09-04 10:44:31,476 [5edab1c0-df0e-4ea3-aa3c-59f2fee068b8:group-FD8319E2E52B:LeaderElection71] INFO  server.RaftServerConfigKeys (ConfUtils.java:logGet(43)) - raft.server.staging.catchup.gap = 1000 (default)
2019-09-04 10:44:31,477 [5edab1c0-df0e-4ea3-aa3c-59f2fee068b8:group-FD8319E2E52B:LeaderElection71] INFO  server.RaftServerConfigKeys (ConfUtils.java:logGet(43)) - raft.server.rpc.sleep.time = 25ms (default)
2019-09-04 10:44:31,477 [5edab1c0-df0e-4ea3-aa3c-59f2fee068b8:group-FD8319E2E52B:LeaderElection71] INFO  server.RaftServerConfigKeys (ConfUtils.java:logGet(43)) - raft.server.write.element-limit = 4096 (default)
2019-09-04 10:44:31,477 [5edab1c0-df0e-4ea3-aa3c-59f2fee068b8:group-FD8319E2E52B:LeaderElection71] INFO  server.RaftServerConfigKeys (ConfUtils.java:logGet(43)) - raft.server.watch.timeout = 10s (default)
2019-09-04 10:44:31,477 [5edab1c0-df0e-4ea3-aa3c-59f2fee068b8:group-FD8319E2E52B:LeaderElection71] INFO  server.RaftServerConfigKeys (ConfUtils.java:logGet(43)) - raft.server.watch.timeout.denomination = 1s (default)
2019-09-04 10:44:31,477 [5edab1c0-df0e-4ea3-aa3c-59f2fee068b8:group-FD8319E2E52B:LeaderElection71] INFO  server.RaftServerConfigKeys (ConfUtils.java:logGet(43)) - raft.server.watch.element-limit = 65536 (default)
2019-09-04 10:44:31,477 [5edab1c0-df0e-4ea3-aa3c-59f2fee068b8:group-FD8319E2E52B:LeaderElection71] INFO  impl.RoleInfo (RoleInfo.java:updateAndGet(143)) - 5edab1c0-df0e-4ea3-aa3c-59f2fee068b8: start LeaderState
2019-09-04 10:44:31,478 [5edab1c0-df0e-4ea3-aa3c-59f2fee068b8:group-FD8319E2E52B:LeaderElection71] INFO  segmented.SegmentedRaftLogWorker (SegmentedRaftLogWorker.java:startLogSegment(380)) - 5edab1c0-df0e-4ea3-aa3c-59f2fee068b8-SegmentedRaftLogWorker:Storage Directory /workdir/hadoop-ozone/integration-test/target/test-dir/MiniOzoneClusterImpl-8ced44ca-4ee5-44c9-aeff-63b5df35a8b0/datanode-4/data/ratis/65ee5a0f-7479-45ce-a8ef-fd8319e2e52b: Starting segment from index:0
2019-09-04 10:44:31,478 [5edab1c0-df0e-4ea3-aa3c-59f2fee068b8:group-FD8319E2E52B:LeaderElection71] INFO  impl.RaftServerImpl (ServerState.java:setRaftConf(361)) - 5edab1c0-df0e-4ea3-aa3c-59f2fee068b8:group-FD8319E2E52B set configuration 0: [5edab1c0-df0e-4ea3-aa3c-59f2fee068b8:192.168.5.153:42707], old=null at 0
2019-09-04 10:44:31,514 [Thread-3545] INFO  impl.FollowerState (FollowerState.java:run(106)) - c39abe71-7611-4001-9539-bba876860d2a:group-10D4C0A6BFC7 changes to CANDIDATE, lastRpcTime:5143, electionTimeout:5124ms
2019-09-04 10:44:31,514 [Thread-3545] INFO  impl.RoleInfo (RoleInfo.java:shutdownFollowerState(121)) - c39abe71-7611-4001-9539-bba876860d2a: shutdown FollowerState
2019-09-04 10:44:31,515 [Thread-3545] INFO  impl.RaftServerImpl (RaftServerImpl.java:setRole(171)) - c39abe71-7611-4001-9539-bba876860d2a:group-10D4C0A6BFC7 changes role from FOLLOWER to CANDIDATE at term 0 for changeToCandidate
2019-09-04 10:44:31,515 [Thread-3545] INFO  impl.RoleInfo (RoleInfo.java:updateAndGet(143)) - c39abe71-7611-4001-9539-bba876860d2a: start LeaderElection
2019-09-04 10:44:31,529 [5edab1c0-df0e-4ea3-aa3c-59f2fee068b8-SegmentedRaftLogWorker:Storage Directory /workdir/hadoop-ozone/integration-test/target/test-dir/MiniOzoneClusterImpl-8ced44ca-4ee5-44c9-aeff-63b5df35a8b0/datanode-4/data/ratis/65ee5a0f-7479-45ce-a8ef-fd8319e2e52b] INFO  segmented.SegmentedRaftLogWorker (SegmentedRaftLogWorker.java:execute(569)) - 5edab1c0-df0e-4ea3-aa3c-59f2fee068b8-SegmentedRaftLogWorker:Storage Directory /workdir/hadoop-ozone/integration-test/target/test-dir/MiniOzoneClusterImpl-8ced44ca-4ee5-44c9-aeff-63b5df35a8b0/datanode-4/data/ratis/65ee5a0f-7479-45ce-a8ef-fd8319e2e52b: created new log segment /workdir/hadoop-ozone/integration-test/target/test-dir/MiniOzoneClusterImpl-8ced44ca-4ee5-44c9-aeff-63b5df35a8b0/datanode-4/data/ratis/65ee5a0f-7479-45ce-a8ef-fd8319e2e52b/current/log_inprogress_0
2019-09-04 10:44:31,531 [c39abe71-7611-4001-9539-bba876860d2a:group-10D4C0A6BFC7:LeaderElection72] INFO  impl.LeaderElection (LeaderElection.java:askForVotes(181)) - c39abe71-7611-4001-9539-bba876860d2a:group-10D4C0A6BFC7:LeaderElection72: begin an election at term 1 for -1: [c39abe71-7611-4001-9539-bba876860d2a:192.168.5.153:36438], old=null
2019-09-04 10:44:31,531 [c39abe71-7611-4001-9539-bba876860d2a:group-10D4C0A6BFC7:LeaderElection72] INFO  impl.RoleInfo (RoleInfo.java:shutdownLeaderElection(134)) - c39abe71-7611-4001-9539-bba876860d2a: shutdown LeaderElection
2019-09-04 10:44:31,531 [c39abe71-7611-4001-9539-bba876860d2a:group-10D4C0A6BFC7:LeaderElection72] INFO  impl.RaftServerImpl (RaftServerImpl.java:setRole(171)) - c39abe71-7611-4001-9539-bba876860d2a:group-10D4C0A6BFC7 changes role from CANDIDATE to LEADER at term 1 for changeToLeader
2019-09-04 10:44:31,531 [c39abe71-7611-4001-9539-bba876860d2a:group-10D4C0A6BFC7:LeaderElection72] INFO  impl.RaftServerImpl (ServerState.java:setLeader(263)) - c39abe71-7611-4001-9539-bba876860d2a:group-10D4C0A6BFC7 change Leader from null to c39abe71-7611-4001-9539-bba876860d2a at term 1 for becomeLeader, leader elected after 5165ms
2019-09-04 10:44:31,531 [c39abe71-7611-4001-9539-bba876860d2a:group-10D4C0A6BFC7:LeaderElection72] INFO  server.RaftServerConfigKeys (ConfUtils.java:logGet(43)) - raft.server.staging.catchup.gap = 1000 (default)
2019-09-04 10:44:31,531 [c39abe71-7611-4001-9539-bba876860d2a:group-10D4C0A6BFC7:LeaderElection72] INFO  server.RaftServerConfigKeys (ConfUtils.java:logGet(43)) - raft.server.rpc.sleep.time = 25ms (default)
2019-09-04 10:44:31,531 [c39abe71-7611-4001-9539-bba876860d2a:group-10D4C0A6BFC7:LeaderElection72] INFO  server.RaftServerConfigKeys (ConfUtils.java:logGet(43)) - raft.server.write.element-limit = 4096 (default)
2019-09-04 10:44:31,532 [c39abe71-7611-4001-9539-bba876860d2a:group-10D4C0A6BFC7:LeaderElection72] INFO  server.RaftServerConfigKeys (ConfUtils.java:logGet(43)) - raft.server.watch.timeout = 10s (default)
2019-09-04 10:44:31,532 [c39abe71-7611-4001-9539-bba876860d2a:group-10D4C0A6BFC7:LeaderElection72] INFO  server.RaftServerConfigKeys (ConfUtils.java:logGet(43)) - raft.server.watch.timeout.denomination = 1s (default)
2019-09-04 10:44:31,532 [c39abe71-7611-4001-9539-bba876860d2a:group-10D4C0A6BFC7:LeaderElection72] INFO  server.RaftServerConfigKeys (ConfUtils.java:logGet(43)) - raft.server.watch.element-limit = 65536 (default)
2019-09-04 10:44:31,532 [c39abe71-7611-4001-9539-bba876860d2a:group-10D4C0A6BFC7:LeaderElection72] INFO  impl.RoleInfo (RoleInfo.java:updateAndGet(143)) - c39abe71-7611-4001-9539-bba876860d2a: start LeaderState
2019-09-04 10:44:31,532 [c39abe71-7611-4001-9539-bba876860d2a:group-10D4C0A6BFC7:LeaderElection72] INFO  segmented.SegmentedRaftLogWorker (SegmentedRaftLogWorker.java:startLogSegment(380)) - c39abe71-7611-4001-9539-bba876860d2a-SegmentedRaftLogWorker:Storage Directory /workdir/hadoop-ozone/integration-test/target/test-dir/MiniOzoneClusterImpl-8ced44ca-4ee5-44c9-aeff-63b5df35a8b0/datanode-5/data/ratis/29733ff5-3e4d-4744-9366-10d4c0a6bfc7: Starting segment from index:0
2019-09-04 10:44:31,533 [c39abe71-7611-4001-9539-bba876860d2a:group-10D4C0A6BFC7:LeaderElection72] INFO  impl.RaftServerImpl (ServerState.java:setRaftConf(361)) - c39abe71-7611-4001-9539-bba876860d2a:group-10D4C0A6BFC7 set configuration 0: [c39abe71-7611-4001-9539-bba876860d2a:192.168.5.153:36438], old=null at 0
2019-09-04 10:44:31,568 [Thread-3551] INFO  impl.FollowerState (FollowerState.java:run(106)) - c39abe71-7611-4001-9539-bba876860d2a:group-4B9C4FB8C348 changes to CANDIDATE, lastRpcTime:5066, electionTimeout:5052ms
2019-09-04 10:44:31,571 [Thread-3551] INFO  impl.RoleInfo (RoleInfo.java:shutdownFollowerState(121)) - c39abe71-7611-4001-9539-bba876860d2a: shutdown FollowerState
2019-09-04 10:44:31,571 [Thread-3551] INFO  impl.RaftServerImpl (RaftServerImpl.java:setRole(171)) - c39abe71-7611-4001-9539-bba876860d2a:group-4B9C4FB8C348 changes role from FOLLOWER to CANDIDATE at term 0 for changeToCandidate
2019-09-04 10:44:31,571 [Thread-3551] INFO  impl.RoleInfo (RoleInfo.java:updateAndGet(143)) - c39abe71-7611-4001-9539-bba876860d2a: start LeaderElection
2019-09-04 10:44:31,578 [Thread-3560] INFO  impl.FollowerState (FollowerState.java:run(106)) - 85481c8f-e1d3-4452-9840-a26537f3638a:group-01076F1D454A changes to CANDIDATE, lastRpcTime:5011, electionTimeout:5011ms
2019-09-04 10:44:31,578 [Thread-3548] INFO  impl.FollowerState (FollowerState.java:run(106)) - e09b7eb1-4844-474a-a024-7bf910e612d1:group-35185CDC127A changes to CANDIDATE, lastRpcTime:5137, electionTimeout:5136ms
2019-09-04 10:44:31,578 [Thread-3548] INFO  impl.RoleInfo (RoleInfo.java:shutdownFollowerState(121)) - e09b7eb1-4844-474a-a024-7bf910e612d1: shutdown FollowerState
2019-09-04 10:44:31,578 [Thread-3560] INFO  impl.RoleInfo (RoleInfo.java:shutdownFollowerState(121)) - 85481c8f-e1d3-4452-9840-a26537f3638a: shutdown FollowerState
2019-09-04 10:44:31,579 [Thread-3548] INFO  impl.RaftServerImpl (RaftServerImpl.java:setRole(171)) - e09b7eb1-4844-474a-a024-7bf910e612d1:group-35185CDC127A changes role from FOLLOWER to CANDIDATE at term 0 for changeToCandidate
2019-09-04 10:44:31,579 [Thread-3560] INFO  impl.RaftServerImpl (RaftServerImpl.java:setRole(171)) - 85481c8f-e1d3-4452-9840-a26537f3638a:group-01076F1D454A changes role from FOLLOWER to CANDIDATE at term 0 for changeToCandidate
2019-09-04 10:44:31,579 [Thread-3548] INFO  impl.RoleInfo (RoleInfo.java:updateAndGet(143)) - e09b7eb1-4844-474a-a024-7bf910e612d1: start LeaderElection
2019-09-04 10:44:31,579 [Thread-3560] INFO  impl.RoleInfo (RoleInfo.java:updateAndGet(143)) - 85481c8f-e1d3-4452-9840-a26537f3638a: start LeaderElection
2019-09-04 10:44:31,582 [Thread-3564] INFO  impl.FollowerState (FollowerState.java:run(106)) - fe4073e4-29d9-4752-9604-171b889365eb:group-01076F1D454A changes to CANDIDATE, lastRpcTime:5011, electionTimeout:5009ms
2019-09-04 10:44:31,587 [c39abe71-7611-4001-9539-bba876860d2a-SegmentedRaftLogWorker:Storage Directory /workdir/hadoop-ozone/integration-test/target/test-dir/MiniOzoneClusterImpl-8ced44ca-4ee5-44c9-aeff-63b5df35a8b0/datanode-5/data/ratis/29733ff5-3e4d-4744-9366-10d4c0a6bfc7] INFO  segmented.SegmentedRaftLogWorker (SegmentedRaftLogWorker.java:execute(569)) - c39abe71-7611-4001-9539-bba876860d2a-SegmentedRaftLogWorker:Storage Directory /workdir/hadoop-ozone/integration-test/target/test-dir/MiniOzoneClusterImpl-8ced44ca-4ee5-44c9-aeff-63b5df35a8b0/datanode-5/data/ratis/29733ff5-3e4d-4744-9366-10d4c0a6bfc7: created new log segment /workdir/hadoop-ozone/integration-test/target/test-dir/MiniOzoneClusterImpl-8ced44ca-4ee5-44c9-aeff-63b5df35a8b0/datanode-5/data/ratis/29733ff5-3e4d-4744-9366-10d4c0a6bfc7/current/log_inprogress_0
2019-09-04 10:44:31,589 [Thread-3564] INFO  impl.RoleInfo (RoleInfo.java:shutdownFollowerState(121)) - fe4073e4-29d9-4752-9604-171b889365eb: shutdown FollowerState
2019-09-04 10:44:31,590 [Thread-3564] INFO  impl.RaftServerImpl (RaftServerImpl.java:setRole(171)) - fe4073e4-29d9-4752-9604-171b889365eb:group-01076F1D454A changes role from FOLLOWER to CANDIDATE at term 0 for changeToCandidate
2019-09-04 10:44:31,590 [Thread-3564] INFO  impl.RoleInfo (RoleInfo.java:updateAndGet(143)) - fe4073e4-29d9-4752-9604-171b889365eb: start LeaderElection
2019-09-04 10:44:31,592 [Thread-3555] INFO  impl.FollowerState (FollowerState.java:run(106)) - 5edab1c0-df0e-4ea3-aa3c-59f2fee068b8:group-4B9C4FB8C348 changes to CANDIDATE, lastRpcTime:5087, electionTimeout:5086ms
2019-09-04 10:44:31,595 [Thread-3555] INFO  impl.RoleInfo (RoleInfo.java:shutdownFollowerState(121)) - 5edab1c0-df0e-4ea3-aa3c-59f2fee068b8: shutdown FollowerState
2019-09-04 10:44:31,595 [Thread-3555] INFO  impl.RaftServerImpl (RaftServerImpl.java:setRole(171)) - 5edab1c0-df0e-4ea3-aa3c-59f2fee068b8:group-4B9C4FB8C348 changes role from FOLLOWER to CANDIDATE at term 0 for changeToCandidate
2019-09-04 10:44:31,595 [Thread-3555] INFO  impl.RoleInfo (RoleInfo.java:updateAndGet(143)) - 5edab1c0-df0e-4ea3-aa3c-59f2fee068b8: start LeaderElection
2019-09-04 10:44:31,602 [e09b7eb1-4844-474a-a024-7bf910e612d1:group-35185CDC127A:LeaderElection74] INFO  impl.LeaderElection (LeaderElection.java:askForVotes(181)) - e09b7eb1-4844-474a-a024-7bf910e612d1:group-35185CDC127A:LeaderElection74: begin an election at term 1 for -1: [e09b7eb1-4844-474a-a024-7bf910e612d1:192.168.5.153:45694], old=null
2019-09-04 10:44:31,602 [85481c8f-e1d3-4452-9840-a26537f3638a:group-01076F1D454A:LeaderElection75] INFO  impl.LeaderElection (LeaderElection.java:askForVotes(181)) - 85481c8f-e1d3-4452-9840-a26537f3638a:group-01076F1D454A:LeaderElection75: begin an election at term 1 for -1: [85481c8f-e1d3-4452-9840-a26537f3638a:192.168.5.153:41097, 049a29fe-697a-4e80-ace1-9da2eaf17df4:192.168.5.153:34793, fe4073e4-29d9-4752-9604-171b889365eb:192.168.5.153:45385], old=null
2019-09-04 10:44:31,602 [e09b7eb1-4844-474a-a024-7bf910e612d1:group-35185CDC127A:LeaderElection74] INFO  impl.RoleInfo (RoleInfo.java:shutdownLeaderElection(134)) - e09b7eb1-4844-474a-a024-7bf910e612d1: shutdown LeaderElection
2019-09-04 10:44:31,602 [c39abe71-7611-4001-9539-bba876860d2a:group-4B9C4FB8C348:LeaderElection73] INFO  impl.LeaderElection (LeaderElection.java:askForVotes(181)) - c39abe71-7611-4001-9539-bba876860d2a:group-4B9C4FB8C348:LeaderElection73: begin an election at term 1 for -1: [5edab1c0-df0e-4ea3-aa3c-59f2fee068b8:192.168.5.153:42707, c39abe71-7611-4001-9539-bba876860d2a:192.168.5.153:36438, 9596a9b3-71ac-4868-b50a-133dfe1be36f:192.168.5.153:37580], old=null
2019-09-04 10:44:31,602 [e09b7eb1-4844-474a-a024-7bf910e612d1:group-35185CDC127A:LeaderElection74] INFO  impl.RaftServerImpl (RaftServerImpl.java:setRole(171)) - e09b7eb1-4844-474a-a024-7bf910e612d1:group-35185CDC127A changes role from CANDIDATE to LEADER at term 1 for changeToLeader
2019-09-04 10:44:31,602 [e09b7eb1-4844-474a-a024-7bf910e612d1:group-35185CDC127A:LeaderElection74] INFO  impl.RaftServerImpl (ServerState.java:setLeader(263)) - e09b7eb1-4844-474a-a024-7bf910e612d1:group-35185CDC127A change Leader from null to e09b7eb1-4844-474a-a024-7bf910e612d1 at term 1 for becomeLeader, leader elected after 5168ms
2019-09-04 10:44:31,603 [e09b7eb1-4844-474a-a024-7bf910e612d1:group-35185CDC127A:LeaderElection74] INFO  server.RaftServerConfigKeys (ConfUtils.java:logGet(43)) - raft.server.staging.catchup.gap = 1000 (default)
2019-09-04 10:44:31,603 [e09b7eb1-4844-474a-a024-7bf910e612d1:group-35185CDC127A:LeaderElection74] INFO  server.RaftServerConfigKeys (ConfUtils.java:logGet(43)) - raft.server.rpc.sleep.time = 25ms (default)
2019-09-04 10:44:31,603 [e09b7eb1-4844-474a-a024-7bf910e612d1:group-35185CDC127A:LeaderElection74] INFO  server.RaftServerConfigKeys (ConfUtils.java:logGet(43)) - raft.server.write.element-limit = 4096 (default)
2019-09-04 10:44:31,603 [e09b7eb1-4844-474a-a024-7bf910e612d1:group-35185CDC127A:LeaderElection74] INFO  server.RaftServerConfigKeys (ConfUtils.java:logGet(43)) - raft.server.watch.timeout = 10s (default)
2019-09-04 10:44:31,603 [e09b7eb1-4844-474a-a024-7bf910e612d1:group-35185CDC127A:LeaderElection74] INFO  server.RaftServerConfigKeys (ConfUtils.java:logGet(43)) - raft.server.watch.timeout.denomination = 1s (default)
2019-09-04 10:44:31,603 [e09b7eb1-4844-474a-a024-7bf910e612d1:group-35185CDC127A:LeaderElection74] INFO  server.RaftServerConfigKeys (ConfUtils.java:logGet(43)) - raft.server.watch.element-limit = 65536 (default)
2019-09-04 10:44:31,603 [e09b7eb1-4844-474a-a024-7bf910e612d1:group-35185CDC127A:LeaderElection74] INFO  impl.RoleInfo (RoleInfo.java:updateAndGet(143)) - e09b7eb1-4844-474a-a024-7bf910e612d1: start LeaderState
2019-09-04 10:44:31,604 [e09b7eb1-4844-474a-a024-7bf910e612d1:group-35185CDC127A:LeaderElection74] INFO  segmented.SegmentedRaftLogWorker (SegmentedRaftLogWorker.java:startLogSegment(380)) - e09b7eb1-4844-474a-a024-7bf910e612d1-SegmentedRaftLogWorker:Storage Directory /workdir/hadoop-ozone/integration-test/target/test-dir/MiniOzoneClusterImpl-8ced44ca-4ee5-44c9-aeff-63b5df35a8b0/datanode-6/data/ratis/959a4b34-6e45-4ef0-a14a-35185cdc127a: Starting segment from index:0
2019-09-04 10:44:31,604 [e09b7eb1-4844-474a-a024-7bf910e612d1:group-35185CDC127A:LeaderElection74] INFO  impl.RaftServerImpl (ServerState.java:setRaftConf(361)) - e09b7eb1-4844-474a-a024-7bf910e612d1:group-35185CDC127A set configuration 0: [e09b7eb1-4844-474a-a024-7bf910e612d1:192.168.5.153:45694], old=null at 0
2019-09-04 10:44:31,640 [Thread-3556] INFO  impl.FollowerState (FollowerState.java:run(106)) - 9596a9b3-71ac-4868-b50a-133dfe1be36f:group-4B9C4FB8C348 changes to CANDIDATE, lastRpcTime:5134, electionTimeout:5119ms
2019-09-04 10:44:31,642 [fe4073e4-29d9-4752-9604-171b889365eb:group-01076F1D454A:LeaderElection76] INFO  impl.LeaderElection (LeaderElection.java:askForVotes(181)) - fe4073e4-29d9-4752-9604-171b889365eb:group-01076F1D454A:LeaderElection76: begin an election at term 1 for -1: [85481c8f-e1d3-4452-9840-a26537f3638a:192.168.5.153:41097, 049a29fe-697a-4e80-ace1-9da2eaf17df4:192.168.5.153:34793, fe4073e4-29d9-4752-9604-171b889365eb:192.168.5.153:45385], old=null
2019-09-04 10:44:31,642 [5edab1c0-df0e-4ea3-aa3c-59f2fee068b8:group-4B9C4FB8C348:LeaderElection77] INFO  impl.LeaderElection (LeaderElection.java:askForVotes(181)) - 5edab1c0-df0e-4ea3-aa3c-59f2fee068b8:group-4B9C4FB8C348:LeaderElection77: begin an election at term 1 for -1: [5edab1c0-df0e-4ea3-aa3c-59f2fee068b8:192.168.5.153:42707, c39abe71-7611-4001-9539-bba876860d2a:192.168.5.153:36438, 9596a9b3-71ac-4868-b50a-133dfe1be36f:192.168.5.153:37580], old=null
2019-09-04 10:44:31,642 [Thread-3556] INFO  impl.RoleInfo (RoleInfo.java:shutdownFollowerState(121)) - 9596a9b3-71ac-4868-b50a-133dfe1be36f: shutdown FollowerState
2019-09-04 10:44:31,645 [Thread-3556] INFO  impl.RaftServerImpl (RaftServerImpl.java:setRole(171)) - 9596a9b3-71ac-4868-b50a-133dfe1be36f:group-4B9C4FB8C348 changes role from FOLLOWER to CANDIDATE at term 0 for changeToCandidate
2019-09-04 10:44:31,645 [Thread-3556] INFO  impl.RoleInfo (RoleInfo.java:updateAndGet(143)) - 9596a9b3-71ac-4868-b50a-133dfe1be36f: start LeaderElection
2019-09-04 10:44:31,648 [Thread-3565] INFO  impl.FollowerState (FollowerState.java:run(106)) - 049a29fe-697a-4e80-ace1-9da2eaf17df4:group-01076F1D454A changes to CANDIDATE, lastRpcTime:5077, electionTimeout:5076ms
2019-09-04 10:44:31,651 [Thread-3565] INFO  impl.RoleInfo (RoleInfo.java:shutdownFollowerState(121)) - 049a29fe-697a-4e80-ace1-9da2eaf17df4: shutdown FollowerState
2019-09-04 10:44:31,651 [Thread-3565] INFO  impl.RaftServerImpl (RaftServerImpl.java:setRole(171)) - 049a29fe-697a-4e80-ace1-9da2eaf17df4:group-01076F1D454A changes role from FOLLOWER to CANDIDATE at term 0 for changeToCandidate
2019-09-04 10:44:31,651 [Thread-3565] INFO  impl.RoleInfo (RoleInfo.java:updateAndGet(143)) - 049a29fe-697a-4e80-ace1-9da2eaf17df4: start LeaderElection
2019-09-04 10:44:31,656 [e09b7eb1-4844-474a-a024-7bf910e612d1-SegmentedRaftLogWorker:Storage Directory /workdir/hadoop-ozone/integration-test/target/test-dir/MiniOzoneClusterImpl-8ced44ca-4ee5-44c9-aeff-63b5df35a8b0/datanode-6/data/ratis/959a4b34-6e45-4ef0-a14a-35185cdc127a] INFO  segmented.SegmentedRaftLogWorker (SegmentedRaftLogWorker.java:execute(569)) - e09b7eb1-4844-474a-a024-7bf910e612d1-SegmentedRaftLogWorker:Storage Directory /workdir/hadoop-ozone/integration-test/target/test-dir/MiniOzoneClusterImpl-8ced44ca-4ee5-44c9-aeff-63b5df35a8b0/datanode-6/data/ratis/959a4b34-6e45-4ef0-a14a-35185cdc127a: created new log segment /workdir/hadoop-ozone/integration-test/target/test-dir/MiniOzoneClusterImpl-8ced44ca-4ee5-44c9-aeff-63b5df35a8b0/datanode-6/data/ratis/959a4b34-6e45-4ef0-a14a-35185cdc127a/current/log_inprogress_0
2019-09-04 10:44:31,657 [9596a9b3-71ac-4868-b50a-133dfe1be36f:group-4B9C4FB8C348:LeaderElection78] INFO  impl.LeaderElection (LeaderElection.java:askForVotes(181)) - 9596a9b3-71ac-4868-b50a-133dfe1be36f:group-4B9C4FB8C348:LeaderElection78: begin an election at term 1 for -1: [5edab1c0-df0e-4ea3-aa3c-59f2fee068b8:192.168.5.153:42707, c39abe71-7611-4001-9539-bba876860d2a:192.168.5.153:36438, 9596a9b3-71ac-4868-b50a-133dfe1be36f:192.168.5.153:37580], old=null
2019-09-04 10:44:31,665 [c39abe71-7611-4001-9539-bba876860d2a:group-4B9C4FB8C348:LeaderElection73] INFO  impl.LeaderElection (LeaderElection.java:logAndReturn(56)) - c39abe71-7611-4001-9539-bba876860d2a:group-4B9C4FB8C348:LeaderElection73: Election REJECTED; received 2 response(s) [c39abe71-7611-4001-9539-bba876860d2a<-5edab1c0-df0e-4ea3-aa3c-59f2fee068b8#0:FAIL-t1, c39abe71-7611-4001-9539-bba876860d2a<-9596a9b3-71ac-4868-b50a-133dfe1be36f#0:FAIL-t1] and 0 exception(s); c39abe71-7611-4001-9539-bba876860d2a:t1, leader=null, voted=c39abe71-7611-4001-9539-bba876860d2a, raftlog=c39abe71-7611-4001-9539-bba876860d2a-SegmentedRaftLog:OPENED:c-1,f-1,i0, conf=-1: [5edab1c0-df0e-4ea3-aa3c-59f2fee068b8:192.168.5.153:42707, c39abe71-7611-4001-9539-bba876860d2a:192.168.5.153:36438, 9596a9b3-71ac-4868-b50a-133dfe1be36f:192.168.5.153:37580], old=null
2019-09-04 10:44:31,665 [c39abe71-7611-4001-9539-bba876860d2a:group-4B9C4FB8C348:LeaderElection73] INFO  impl.RaftServerImpl (RaftServerImpl.java:setRole(171)) - c39abe71-7611-4001-9539-bba876860d2a:group-4B9C4FB8C348 changes role from CANDIDATE to FOLLOWER at term 1 for DISCOVERED_A_NEW_TERM
2019-09-04 10:44:31,665 [c39abe71-7611-4001-9539-bba876860d2a:group-4B9C4FB8C348:LeaderElection73] INFO  impl.RoleInfo (RoleInfo.java:shutdownLeaderElection(134)) - c39abe71-7611-4001-9539-bba876860d2a: shutdown LeaderElection
2019-09-04 10:44:31,665 [c39abe71-7611-4001-9539-bba876860d2a:group-4B9C4FB8C348:LeaderElection73] INFO  impl.RoleInfo (RoleInfo.java:updateAndGet(143)) - c39abe71-7611-4001-9539-bba876860d2a: start FollowerState
2019-09-04 10:44:31,666 [9596a9b3-71ac-4868-b50a-133dfe1be36f:group-4B9C4FB8C348:LeaderElection78] INFO  impl.LeaderElection (LeaderElection.java:logAndReturn(56)) - 9596a9b3-71ac-4868-b50a-133dfe1be36f:group-4B9C4FB8C348:LeaderElection78: Election REJECTED; received 2 response(s) [9596a9b3-71ac-4868-b50a-133dfe1be36f<-5edab1c0-df0e-4ea3-aa3c-59f2fee068b8#0:FAIL-t1, 9596a9b3-71ac-4868-b50a-133dfe1be36f<-c39abe71-7611-4001-9539-bba876860d2a#0:FAIL-t1] and 0 exception(s); 9596a9b3-71ac-4868-b50a-133dfe1be36f:t1, leader=null, voted=9596a9b3-71ac-4868-b50a-133dfe1be36f, raftlog=9596a9b3-71ac-4868-b50a-133dfe1be36f-SegmentedRaftLog:OPENED:c-1,f-1,i0, conf=-1: [5edab1c0-df0e-4ea3-aa3c-59f2fee068b8:192.168.5.153:42707, c39abe71-7611-4001-9539-bba876860d2a:192.168.5.153:36438, 9596a9b3-71ac-4868-b50a-133dfe1be36f:192.168.5.153:37580], old=null
2019-09-04 10:44:31,667 [9596a9b3-71ac-4868-b50a-133dfe1be36f:group-4B9C4FB8C348:LeaderElection78] INFO  impl.RaftServerImpl (RaftServerImpl.java:setRole(171)) - 9596a9b3-71ac-4868-b50a-133dfe1be36f:group-4B9C4FB8C348 changes role from CANDIDATE to FOLLOWER at term 1 for DISCOVERED_A_NEW_TERM
2019-09-04 10:44:31,667 [5edab1c0-df0e-4ea3-aa3c-59f2fee068b8:group-4B9C4FB8C348:LeaderElection77] INFO  impl.LeaderElection (LeaderElection.java:logAndReturn(56)) - 5edab1c0-df0e-4ea3-aa3c-59f2fee068b8:group-4B9C4FB8C348:LeaderElection77: Election REJECTED; received 2 response(s) [5edab1c0-df0e-4ea3-aa3c-59f2fee068b8<-c39abe71-7611-4001-9539-bba876860d2a#0:FAIL-t1, 5edab1c0-df0e-4ea3-aa3c-59f2fee068b8<-9596a9b3-71ac-4868-b50a-133dfe1be36f#0:FAIL-t1] and 0 exception(s); 5edab1c0-df0e-4ea3-aa3c-59f2fee068b8:t1, leader=null, voted=5edab1c0-df0e-4ea3-aa3c-59f2fee068b8, raftlog=5edab1c0-df0e-4ea3-aa3c-59f2fee068b8-SegmentedRaftLog:OPENED:c-1,f-1,i0, conf=-1: [5edab1c0-df0e-4ea3-aa3c-59f2fee068b8:192.168.5.153:42707, c39abe71-7611-4001-9539-bba876860d2a:192.168.5.153:36438, 9596a9b3-71ac-4868-b50a-133dfe1be36f:192.168.5.153:37580], old=null
2019-09-04 10:44:31,667 [9596a9b3-71ac-4868-b50a-133dfe1be36f:group-4B9C4FB8C348:LeaderElection78] INFO  impl.RoleInfo (RoleInfo.java:shutdownLeaderElection(134)) - 9596a9b3-71ac-4868-b50a-133dfe1be36f: shutdown LeaderElection
2019-09-04 10:44:31,667 [5edab1c0-df0e-4ea3-aa3c-59f2fee068b8:group-4B9C4FB8C348:LeaderElection77] INFO  impl.RaftServerImpl (RaftServerImpl.java:setRole(171)) - 5edab1c0-df0e-4ea3-aa3c-59f2fee068b8:group-4B9C4FB8C348 changes role from CANDIDATE to FOLLOWER at term 1 for DISCOVERED_A_NEW_TERM
2019-09-04 10:44:31,667 [9596a9b3-71ac-4868-b50a-133dfe1be36f:group-4B9C4FB8C348:LeaderElection78] INFO  impl.RoleInfo (RoleInfo.java:updateAndGet(143)) - 9596a9b3-71ac-4868-b50a-133dfe1be36f: start FollowerState
2019-09-04 10:44:31,667 [5edab1c0-df0e-4ea3-aa3c-59f2fee068b8:group-4B9C4FB8C348:LeaderElection77] INFO  impl.RoleInfo (RoleInfo.java:shutdownLeaderElection(134)) - 5edab1c0-df0e-4ea3-aa3c-59f2fee068b8: shutdown LeaderElection
2019-09-04 10:44:31,667 [5edab1c0-df0e-4ea3-aa3c-59f2fee068b8:group-4B9C4FB8C348:LeaderElection77] INFO  impl.RoleInfo (RoleInfo.java:updateAndGet(143)) - 5edab1c0-df0e-4ea3-aa3c-59f2fee068b8: start FollowerState
2019-09-04 10:44:31,673 [049a29fe-697a-4e80-ace1-9da2eaf17df4:group-01076F1D454A:LeaderElection79] INFO  impl.LeaderElection (LeaderElection.java:askForVotes(181)) - 049a29fe-697a-4e80-ace1-9da2eaf17df4:group-01076F1D454A:LeaderElection79: begin an election at term 1 for -1: [85481c8f-e1d3-4452-9840-a26537f3638a:192.168.5.153:41097, 049a29fe-697a-4e80-ace1-9da2eaf17df4:192.168.5.153:34793, fe4073e4-29d9-4752-9604-171b889365eb:192.168.5.153:45385], old=null
2019-09-04 10:44:31,675 [fe4073e4-29d9-4752-9604-171b889365eb:group-01076F1D454A:LeaderElection76] INFO  impl.LeaderElection (LeaderElection.java:logAndReturn(56)) - fe4073e4-29d9-4752-9604-171b889365eb:group-01076F1D454A:LeaderElection76: Election REJECTED; received 2 response(s) [fe4073e4-29d9-4752-9604-171b889365eb<-85481c8f-e1d3-4452-9840-a26537f3638a#0:FAIL-t1, fe4073e4-29d9-4752-9604-171b889365eb<-049a29fe-697a-4e80-ace1-9da2eaf17df4#0:FAIL-t1] and 0 exception(s); fe4073e4-29d9-4752-9604-171b889365eb:t1, leader=null, voted=fe4073e4-29d9-4752-9604-171b889365eb, raftlog=fe4073e4-29d9-4752-9604-171b889365eb-SegmentedRaftLog:OPENED:c-1,f-1,i0, conf=-1: [85481c8f-e1d3-4452-9840-a26537f3638a:192.168.5.153:41097, 049a29fe-697a-4e80-ace1-9da2eaf17df4:192.168.5.153:34793, fe4073e4-29d9-4752-9604-171b889365eb:192.168.5.153:45385], old=null
2019-09-04 10:44:31,676 [85481c8f-e1d3-4452-9840-a26537f3638a:group-01076F1D454A:LeaderElection75] INFO  impl.LeaderElection (LeaderElection.java:logAndReturn(56)) - 85481c8f-e1d3-4452-9840-a26537f3638a:group-01076F1D454A:LeaderElection75: Election REJECTED; received 2 response(s) [85481c8f-e1d3-4452-9840-a26537f3638a<-049a29fe-697a-4e80-ace1-9da2eaf17df4#0:FAIL-t1, 85481c8f-e1d3-4452-9840-a26537f3638a<-fe4073e4-29d9-4752-9604-171b889365eb#0:FAIL-t1] and 0 exception(s); 85481c8f-e1d3-4452-9840-a26537f3638a:t1, leader=null, voted=85481c8f-e1d3-4452-9840-a26537f3638a, raftlog=85481c8f-e1d3-4452-9840-a26537f3638a-SegmentedRaftLog:OPENED:c-1,f-1,i0, conf=-1: [85481c8f-e1d3-4452-9840-a26537f3638a:192.168.5.153:41097, 049a29fe-697a-4e80-ace1-9da2eaf17df4:192.168.5.153:34793, fe4073e4-29d9-4752-9604-171b889365eb:192.168.5.153:45385], old=null
2019-09-04 10:44:31,676 [fe4073e4-29d9-4752-9604-171b889365eb:group-01076F1D454A:LeaderElection76] INFO  impl.RaftServerImpl (RaftServerImpl.java:setRole(171)) - fe4073e4-29d9-4752-9604-171b889365eb:group-01076F1D454A changes role from CANDIDATE to FOLLOWER at term 1 for DISCOVERED_A_NEW_TERM
2019-09-04 10:44:31,676 [fe4073e4-29d9-4752-9604-171b889365eb:group-01076F1D454A:LeaderElection76] INFO  impl.RoleInfo (RoleInfo.java:shutdownLeaderElection(134)) - fe4073e4-29d9-4752-9604-171b889365eb: shutdown LeaderElection
2019-09-04 10:44:31,676 [85481c8f-e1d3-4452-9840-a26537f3638a:group-01076F1D454A:LeaderElection75] INFO  impl.RaftServerImpl (RaftServerImpl.java:setRole(171)) - 85481c8f-e1d3-4452-9840-a26537f3638a:group-01076F1D454A changes role from CANDIDATE to FOLLOWER at term 1 for DISCOVERED_A_NEW_TERM
2019-09-04 10:44:31,676 [fe4073e4-29d9-4752-9604-171b889365eb:group-01076F1D454A:LeaderElection76] INFO  impl.RoleInfo (RoleInfo.java:updateAndGet(143)) - fe4073e4-29d9-4752-9604-171b889365eb: start FollowerState
2019-09-04 10:44:31,676 [85481c8f-e1d3-4452-9840-a26537f3638a:group-01076F1D454A:LeaderElection75] INFO  impl.RoleInfo (RoleInfo.java:shutdownLeaderElection(134)) - 85481c8f-e1d3-4452-9840-a26537f3638a: shutdown LeaderElection
2019-09-04 10:44:31,677 [85481c8f-e1d3-4452-9840-a26537f3638a:group-01076F1D454A:LeaderElection75] INFO  impl.RoleInfo (RoleInfo.java:updateAndGet(143)) - 85481c8f-e1d3-4452-9840-a26537f3638a: start FollowerState
2019-09-04 10:44:31,679 [049a29fe-697a-4e80-ace1-9da2eaf17df4:group-01076F1D454A:LeaderElection79] INFO  impl.LeaderElection (LeaderElection.java:logAndReturn(56)) - 049a29fe-697a-4e80-ace1-9da2eaf17df4:group-01076F1D454A:LeaderElection79: Election REJECTED; received 2 response(s) [049a29fe-697a-4e80-ace1-9da2eaf17df4<-85481c8f-e1d3-4452-9840-a26537f3638a#0:FAIL-t1, 049a29fe-697a-4e80-ace1-9da2eaf17df4<-fe4073e4-29d9-4752-9604-171b889365eb#0:FAIL-t1] and 0 exception(s); 049a29fe-697a-4e80-ace1-9da2eaf17df4:t1, leader=null, voted=049a29fe-697a-4e80-ace1-9da2eaf17df4, raftlog=049a29fe-697a-4e80-ace1-9da2eaf17df4-SegmentedRaftLog:OPENED:c-1,f-1,i0, conf=-1: [85481c8f-e1d3-4452-9840-a26537f3638a:192.168.5.153:41097, 049a29fe-697a-4e80-ace1-9da2eaf17df4:192.168.5.153:34793, fe4073e4-29d9-4752-9604-171b889365eb:192.168.5.153:45385], old=null
2019-09-04 10:44:31,679 [049a29fe-697a-4e80-ace1-9da2eaf17df4:group-01076F1D454A:LeaderElection79] INFO  impl.RaftServerImpl (RaftServerImpl.java:setRole(171)) - 049a29fe-697a-4e80-ace1-9da2eaf17df4:group-01076F1D454A changes role from CANDIDATE to FOLLOWER at term 1 for DISCOVERED_A_NEW_TERM
2019-09-04 10:44:31,679 [049a29fe-697a-4e80-ace1-9da2eaf17df4:group-01076F1D454A:LeaderElection79] INFO  impl.RoleInfo (RoleInfo.java:shutdownLeaderElection(134)) - 049a29fe-697a-4e80-ace1-9da2eaf17df4: shutdown LeaderElection
2019-09-04 10:44:31,679 [049a29fe-697a-4e80-ace1-9da2eaf17df4:group-01076F1D454A:LeaderElection79] INFO  impl.RoleInfo (RoleInfo.java:updateAndGet(143)) - 049a29fe-697a-4e80-ace1-9da2eaf17df4: start FollowerState
2019-09-04 10:44:32,449 [grpc-default-executor-5] INFO  client.GrpcClientProtocolClient (GrpcClientProtocolClient.java:onNext(255)) - client-86E38FB4E84C->9596a9b3-71ac-4868-b50a-133dfe1be36f: receive RaftClientReply:client-86E38FB4E84C->9596a9b3-71ac-4868-b50a-133dfe1be36f@group-4B9C4FB8C348, cid=183, FAILED org.apache.ratis.protocol.NotLeaderException: Server 9596a9b3-71ac-4868-b50a-133dfe1be36f is not the leader (null). Request must be sent to leader., logIndex=0, commits[9596a9b3-71ac-4868-b50a-133dfe1be36f:c-1]
2019-09-04 10:44:33,457 [grpc-default-executor-8] INFO  client.GrpcClientProtocolClient (GrpcClientProtocolClient.java:onNext(255)) - client-86E38FB4E84C->c39abe71-7611-4001-9539-bba876860d2a: receive RaftClientReply:client-86E38FB4E84C->c39abe71-7611-4001-9539-bba876860d2a@group-4B9C4FB8C348, cid=183, FAILED org.apache.ratis.protocol.NotLeaderException: Server c39abe71-7611-4001-9539-bba876860d2a is not the leader (null). Request must be sent to leader., logIndex=0, commits[c39abe71-7611-4001-9539-bba876860d2a:c-1]
2019-09-04 10:44:34,468 [grpc-default-executor-8] INFO  client.GrpcClientProtocolClient (GrpcClientProtocolClient.java:onNext(255)) - client-86E38FB4E84C->5edab1c0-df0e-4ea3-aa3c-59f2fee068b8: receive RaftClientReply:client-86E38FB4E84C->5edab1c0-df0e-4ea3-aa3c-59f2fee068b8@group-4B9C4FB8C348, cid=183, FAILED org.apache.ratis.protocol.NotLeaderException: Server 5edab1c0-df0e-4ea3-aa3c-59f2fee068b8 is not the leader (null). Request must be sent to leader., logIndex=0, commits[5edab1c0-df0e-4ea3-aa3c-59f2fee068b8:c-1]
2019-09-04 10:44:35,483 [grpc-default-executor-8] INFO  client.GrpcClientProtocolClient (GrpcClientProtocolClient.java:onNext(255)) - client-86E38FB4E84C->9596a9b3-71ac-4868-b50a-133dfe1be36f: receive RaftClientReply:client-86E38FB4E84C->9596a9b3-71ac-4868-b50a-133dfe1be36f@group-4B9C4FB8C348, cid=183, FAILED org.apache.ratis.protocol.NotLeaderException: Server 9596a9b3-71ac-4868-b50a-133dfe1be36f is not the leader (null). Request must be sent to leader., logIndex=0, commits[9596a9b3-71ac-4868-b50a-133dfe1be36f:c-1]
2019-09-04 10:44:36,497 [grpc-default-executor-8] INFO  client.GrpcClientProtocolClient (GrpcClientProtocolClient.java:onNext(255)) - client-86E38FB4E84C->5edab1c0-df0e-4ea3-aa3c-59f2fee068b8: receive RaftClientReply:client-86E38FB4E84C->5edab1c0-df0e-4ea3-aa3c-59f2fee068b8@group-4B9C4FB8C348, cid=183, FAILED org.apache.ratis.protocol.NotLeaderException: Server 5edab1c0-df0e-4ea3-aa3c-59f2fee068b8 is not the leader (null). Request must be sent to leader., logIndex=0, commits[5edab1c0-df0e-4ea3-aa3c-59f2fee068b8:c-1]
2019-09-04 10:44:36,683 [Thread-3618] INFO  impl.FollowerState (FollowerState.java:run(106)) - 5edab1c0-df0e-4ea3-aa3c-59f2fee068b8:group-4B9C4FB8C348 changes to CANDIDATE, lastRpcTime:5015, electionTimeout:5015ms
2019-09-04 10:44:36,683 [Thread-3618] INFO  impl.RoleInfo (RoleInfo.java:shutdownFollowerState(121)) - 5edab1c0-df0e-4ea3-aa3c-59f2fee068b8: shutdown FollowerState
2019-09-04 10:44:36,683 [Thread-3618] INFO  impl.RaftServerImpl (RaftServerImpl.java:setRole(171)) - 5edab1c0-df0e-4ea3-aa3c-59f2fee068b8:group-4B9C4FB8C348 changes role from FOLLOWER to CANDIDATE at term 1 for changeToCandidate
2019-09-04 10:44:36,683 [Thread-3618] INFO  impl.RoleInfo (RoleInfo.java:updateAndGet(143)) - 5edab1c0-df0e-4ea3-aa3c-59f2fee068b8: start LeaderElection
2019-09-04 10:44:36,709 [Thread-3621] INFO  impl.FollowerState (FollowerState.java:run(106)) - fe4073e4-29d9-4752-9604-171b889365eb:group-01076F1D454A changes to CANDIDATE, lastRpcTime:5032, electionTimeout:5032ms
2019-09-04 10:44:36,709 [Thread-3621] INFO  impl.RoleInfo (RoleInfo.java:shutdownFollowerState(121)) - fe4073e4-29d9-4752-9604-171b889365eb: shutdown FollowerState
2019-09-04 10:44:36,709 [Thread-3621] INFO  impl.RaftServerImpl (RaftServerImpl.java:setRole(171)) - fe4073e4-29d9-4752-9604-171b889365eb:group-01076F1D454A changes role from FOLLOWER to CANDIDATE at term 1 for changeToCandidate
2019-09-04 10:44:36,709 [Thread-3621] INFO  impl.RoleInfo (RoleInfo.java:updateAndGet(143)) - fe4073e4-29d9-4752-9604-171b889365eb: start LeaderElection
2019-09-04 10:44:36,716 [Thread-3623] INFO  impl.FollowerState (FollowerState.java:run(106)) - 049a29fe-697a-4e80-ace1-9da2eaf17df4:group-01076F1D454A changes to CANDIDATE, lastRpcTime:5036, electionTimeout:5036ms
2019-09-04 10:44:36,716 [Thread-3623] INFO  impl.RoleInfo (RoleInfo.java:shutdownFollowerState(121)) - 049a29fe-697a-4e80-ace1-9da2eaf17df4: shutdown FollowerState
2019-09-04 10:44:36,716 [Thread-3623] INFO  impl.RaftServerImpl (RaftServerImpl.java:setRole(171)) - 049a29fe-697a-4e80-ace1-9da2eaf17df4:group-01076F1D454A changes role from FOLLOWER to CANDIDATE at term 1 for changeToCandidate
2019-09-04 10:44:36,716 [Thread-3623] INFO  impl.RoleInfo (RoleInfo.java:updateAndGet(143)) - 049a29fe-697a-4e80-ace1-9da2eaf17df4: start LeaderElection
2019-09-04 10:44:36,719 [5edab1c0-df0e-4ea3-aa3c-59f2fee068b8:group-4B9C4FB8C348:LeaderElection80] INFO  impl.LeaderElection (LeaderElection.java:askForVotes(181)) - 5edab1c0-df0e-4ea3-aa3c-59f2fee068b8:group-4B9C4FB8C348:LeaderElection80: begin an election at term 2 for -1: [5edab1c0-df0e-4ea3-aa3c-59f2fee068b8:192.168.5.153:42707, c39abe71-7611-4001-9539-bba876860d2a:192.168.5.153:36438, 9596a9b3-71ac-4868-b50a-133dfe1be36f:192.168.5.153:37580], old=null
2019-09-04 10:44:36,720 [Thread-3616] INFO  impl.FollowerState (FollowerState.java:run(106)) - c39abe71-7611-4001-9539-bba876860d2a:group-4B9C4FB8C348 changes to CANDIDATE, lastRpcTime:5054, electionTimeout:5054ms
2019-09-04 10:44:36,720 [Thread-3616] INFO  impl.RoleInfo (RoleInfo.java:shutdownFollowerState(121)) - c39abe71-7611-4001-9539-bba876860d2a: shutdown FollowerState
2019-09-04 10:44:36,720 [Thread-3616] INFO  impl.RaftServerImpl (RaftServerImpl.java:setRole(171)) - c39abe71-7611-4001-9539-bba876860d2a:group-4B9C4FB8C348 changes role from FOLLOWER to CANDIDATE at term 1 for changeToCandidate
2019-09-04 10:44:36,721 [Thread-3616] INFO  impl.RoleInfo (RoleInfo.java:updateAndGet(143)) - c39abe71-7611-4001-9539-bba876860d2a: start LeaderElection
2019-09-04 10:44:36,724 [grpc-default-executor-5] INFO  impl.RaftServerImpl (RaftServerImpl.java:setRole(171)) - 9596a9b3-71ac-4868-b50a-133dfe1be36f:group-4B9C4FB8C348 changes role from FOLLOWER to FOLLOWER at term 2 for recognizeCandidate:5edab1c0-df0e-4ea3-aa3c-59f2fee068b8
2019-09-04 10:44:36,724 [grpc-default-executor-5] INFO  impl.RoleInfo (RoleInfo.java:shutdownFollowerState(121)) - 9596a9b3-71ac-4868-b50a-133dfe1be36f: shutdown FollowerState
2019-09-04 10:44:36,725 [grpc-default-executor-5] INFO  impl.RoleInfo (RoleInfo.java:updateAndGet(143)) - 9596a9b3-71ac-4868-b50a-133dfe1be36f: start FollowerState
2019-09-04 10:44:36,725 [Thread-3617] INFO  impl.FollowerState (FollowerState.java:run(114)) - 9596a9b3-71ac-4868-b50a-133dfe1be36f: FollowerState was interrupted: java.lang.InterruptedException: sleep interrupted
2019-09-04 10:44:36,758 [fe4073e4-29d9-4752-9604-171b889365eb:group-01076F1D454A:LeaderElection81] INFO  impl.LeaderElection (LeaderElection.java:askForVotes(181)) - fe4073e4-29d9-4752-9604-171b889365eb:group-01076F1D454A:LeaderElection81: begin an election at term 2 for -1: [85481c8f-e1d3-4452-9840-a26537f3638a:192.168.5.153:41097, 049a29fe-697a-4e80-ace1-9da2eaf17df4:192.168.5.153:34793, fe4073e4-29d9-4752-9604-171b889365eb:192.168.5.153:45385], old=null
2019-09-04 10:44:36,758 [049a29fe-697a-4e80-ace1-9da2eaf17df4:group-01076F1D454A:LeaderElection82] INFO  impl.LeaderElection (LeaderElection.java:askForVotes(181)) - 049a29fe-697a-4e80-ace1-9da2eaf17df4:group-01076F1D454A:LeaderElection82: begin an election at term 2 for -1: [85481c8f-e1d3-4452-9840-a26537f3638a:192.168.5.153:41097, 049a29fe-697a-4e80-ace1-9da2eaf17df4:192.168.5.153:34793, fe4073e4-29d9-4752-9604-171b889365eb:192.168.5.153:45385], old=null
2019-09-04 10:44:36,758 [c39abe71-7611-4001-9539-bba876860d2a:group-4B9C4FB8C348:LeaderElection83] INFO  impl.LeaderElection (LeaderElection.java:askForVotes(181)) - c39abe71-7611-4001-9539-bba876860d2a:group-4B9C4FB8C348:LeaderElection83: begin an election at term 2 for -1: [5edab1c0-df0e-4ea3-aa3c-59f2fee068b8:192.168.5.153:42707, c39abe71-7611-4001-9539-bba876860d2a:192.168.5.153:36438, 9596a9b3-71ac-4868-b50a-133dfe1be36f:192.168.5.153:37580], old=null
2019-09-04 10:44:36,759 [5edab1c0-df0e-4ea3-aa3c-59f2fee068b8:group-4B9C4FB8C348:LeaderElection80] INFO  impl.LeaderElection (LeaderElection.java:logAndReturn(56)) - 5edab1c0-df0e-4ea3-aa3c-59f2fee068b8:group-4B9C4FB8C348:LeaderElection80: Election PASSED; received 2 response(s) [5edab1c0-df0e-4ea3-aa3c-59f2fee068b8<-c39abe71-7611-4001-9539-bba876860d2a#0:FAIL-t2, 5edab1c0-df0e-4ea3-aa3c-59f2fee068b8<-9596a9b3-71ac-4868-b50a-133dfe1be36f#0:OK-t2] and 0 exception(s); 5edab1c0-df0e-4ea3-aa3c-59f2fee068b8:t2, leader=null, voted=5edab1c0-df0e-4ea3-aa3c-59f2fee068b8, raftlog=5edab1c0-df0e-4ea3-aa3c-59f2fee068b8-SegmentedRaftLog:OPENED:c-1,f-1,i0, conf=-1: [5edab1c0-df0e-4ea3-aa3c-59f2fee068b8:192.168.5.153:42707, c39abe71-7611-4001-9539-bba876860d2a:192.168.5.153:36438, 9596a9b3-71ac-4868-b50a-133dfe1be36f:192.168.5.153:37580], old=null
2019-09-04 10:44:36,760 [5edab1c0-df0e-4ea3-aa3c-59f2fee068b8:group-4B9C4FB8C348:LeaderElection80] INFO  impl.RoleInfo (RoleInfo.java:shutdownLeaderElection(134)) - 5edab1c0-df0e-4ea3-aa3c-59f2fee068b8: shutdown LeaderElection
2019-09-04 10:44:36,760 [5edab1c0-df0e-4ea3-aa3c-59f2fee068b8:group-4B9C4FB8C348:LeaderElection80] INFO  impl.RaftServerImpl (RaftServerImpl.java:setRole(171)) - 5edab1c0-df0e-4ea3-aa3c-59f2fee068b8:group-4B9C4FB8C348 changes role from CANDIDATE to LEADER at term 2 for changeToLeader
2019-09-04 10:44:36,760 [5edab1c0-df0e-4ea3-aa3c-59f2fee068b8:group-4B9C4FB8C348:LeaderElection80] INFO  impl.RaftServerImpl (ServerState.java:setLeader(263)) - 5edab1c0-df0e-4ea3-aa3c-59f2fee068b8:group-4B9C4FB8C348 change Leader from null to 5edab1c0-df0e-4ea3-aa3c-59f2fee068b8 at term 2 for becomeLeader, leader elected after 10265ms
2019-09-04 10:44:36,760 [5edab1c0-df0e-4ea3-aa3c-59f2fee068b8:group-4B9C4FB8C348:LeaderElection80] INFO  server.RaftServerConfigKeys (ConfUtils.java:logGet(43)) - raft.server.staging.catchup.gap = 1000 (default)
2019-09-04 10:44:36,761 [5edab1c0-df0e-4ea3-aa3c-59f2fee068b8:group-4B9C4FB8C348:LeaderElection80] INFO  server.RaftServerConfigKeys (ConfUtils.java:logGet(43)) - raft.server.rpc.sleep.time = 25ms (default)
2019-09-04 10:44:36,761 [5edab1c0-df0e-4ea3-aa3c-59f2fee068b8:group-4B9C4FB8C348:LeaderElection80] INFO  server.RaftServerConfigKeys (ConfUtils.java:logGet(43)) - raft.server.write.element-limit = 4096 (default)
2019-09-04 10:44:36,761 [5edab1c0-df0e-4ea3-aa3c-59f2fee068b8:group-4B9C4FB8C348:LeaderElection80] INFO  server.RaftServerConfigKeys (ConfUtils.java:logGet(43)) - raft.server.watch.timeout = 10s (default)
2019-09-04 10:44:36,761 [grpc-default-executor-8] INFO  impl.RaftServerImpl (RaftServerImpl.java:setRole(171)) - 85481c8f-e1d3-4452-9840-a26537f3638a:group-01076F1D454A changes role from FOLLOWER to FOLLOWER at term 2 for recognizeCandidate:fe4073e4-29d9-4752-9604-171b889365eb
2019-09-04 10:44:36,761 [5edab1c0-df0e-4ea3-aa3c-59f2fee068b8:group-4B9C4FB8C348:LeaderElection80] INFO  server.RaftServerConfigKeys (ConfUtils.java:logGet(43)) - raft.server.watch.timeout.denomination = 1s (default)
2019-09-04 10:44:36,762 [grpc-default-executor-8] INFO  impl.RoleInfo (RoleInfo.java:shutdownFollowerState(121)) - 85481c8f-e1d3-4452-9840-a26537f3638a: shutdown FollowerState
2019-09-04 10:44:36,762 [5edab1c0-df0e-4ea3-aa3c-59f2fee068b8:group-4B9C4FB8C348:LeaderElection80] INFO  server.RaftServerConfigKeys (ConfUtils.java:logGet(43)) - raft.server.watch.element-limit = 65536 (default)
2019-09-04 10:44:36,762 [grpc-default-executor-8] INFO  impl.RoleInfo (RoleInfo.java:updateAndGet(143)) - 85481c8f-e1d3-4452-9840-a26537f3638a: start FollowerState
2019-09-04 10:44:36,762 [5edab1c0-df0e-4ea3-aa3c-59f2fee068b8:group-4B9C4FB8C348:LeaderElection80] INFO  server.RaftServerConfigKeys (ConfUtils.java:logGet(43)) - raft.server.log.appender.snapshot.chunk.size.max = 16MB (=16777216) (default)
2019-09-04 10:44:36,762 [Thread-3622] INFO  impl.FollowerState (FollowerState.java:run(114)) - 85481c8f-e1d3-4452-9840-a26537f3638a: FollowerState was interrupted: java.lang.InterruptedException: sleep interrupted
2019-09-04 10:44:36,763 [5edab1c0-df0e-4ea3-aa3c-59f2fee068b8:group-4B9C4FB8C348:LeaderElection80] INFO  server.RaftServerConfigKeys (ConfUtils.java:logGet(43)) - raft.server.log.appender.buffer.byte-limit = 33554432 (custom)
2019-09-04 10:44:36,766 [5edab1c0-df0e-4ea3-aa3c-59f2fee068b8:group-4B9C4FB8C348:LeaderElection80] INFO  server.RaftServerConfigKeys (ConfUtils.java:logGet(43)) - raft.server.log.appender.buffer.element-limit = 1 (custom)
2019-09-04 10:44:36,766 [5edab1c0-df0e-4ea3-aa3c-59f2fee068b8:group-4B9C4FB8C348:LeaderElection80] INFO  grpc.GrpcConfigKeys$Server (ConfUtils.java:logGet(43)) - raft.grpc.server.leader.outstanding.appends.max = 128 (default)
2019-09-04 10:44:36,766 [5edab1c0-df0e-4ea3-aa3c-59f2fee068b8:group-4B9C4FB8C348:LeaderElection80] INFO  server.RaftServerConfigKeys (ConfUtils.java:logGet(43)) - raft.server.rpc.request.timeout = 3000ms (default)
2019-09-04 10:44:36,767 [5edab1c0-df0e-4ea3-aa3c-59f2fee068b8:group-4B9C4FB8C348:LeaderElection80] INFO  server.RaftServerConfigKeys (ConfUtils.java:logGet(43)) - raft.server.log.appender.install.snapshot.enabled = false (custom)
2019-09-04 10:44:36,767 [5edab1c0-df0e-4ea3-aa3c-59f2fee068b8:group-4B9C4FB8C348:LeaderElection80] INFO  server.RaftServerConfigKeys (ConfUtils.java:logGet(43)) - raft.server.log.appender.snapshot.chunk.size.max = 16MB (=16777216) (default)
2019-09-04 10:44:36,767 [5edab1c0-df0e-4ea3-aa3c-59f2fee068b8:group-4B9C4FB8C348:LeaderElection80] INFO  server.RaftServerConfigKeys (ConfUtils.java:logGet(43)) - raft.server.log.appender.buffer.byte-limit = 33554432 (custom)
2019-09-04 10:44:36,767 [5edab1c0-df0e-4ea3-aa3c-59f2fee068b8:group-4B9C4FB8C348:LeaderElection80] INFO  server.RaftServerConfigKeys (ConfUtils.java:logGet(43)) - raft.server.log.appender.buffer.element-limit = 1 (custom)
2019-09-04 10:44:36,767 [5edab1c0-df0e-4ea3-aa3c-59f2fee068b8:group-4B9C4FB8C348:LeaderElection80] INFO  grpc.GrpcConfigKeys$Server (ConfUtils.java:logGet(43)) - raft.grpc.server.leader.outstanding.appends.max = 128 (default)
2019-09-04 10:44:36,768 [5edab1c0-df0e-4ea3-aa3c-59f2fee068b8:group-4B9C4FB8C348:LeaderElection80] INFO  server.RaftServerConfigKeys (ConfUtils.java:logGet(43)) - raft.server.rpc.request.timeout = 3000ms (default)
2019-09-04 10:44:36,768 [5edab1c0-df0e-4ea3-aa3c-59f2fee068b8:group-4B9C4FB8C348:LeaderElection80] INFO  server.RaftServerConfigKeys (ConfUtils.java:logGet(43)) - raft.server.log.appender.install.snapshot.enabled = false (custom)
2019-09-04 10:44:36,768 [5edab1c0-df0e-4ea3-aa3c-59f2fee068b8:group-4B9C4FB8C348:LeaderElection80] INFO  impl.RoleInfo (RoleInfo.java:updateAndGet(143)) - 5edab1c0-df0e-4ea3-aa3c-59f2fee068b8: start LeaderState
2019-09-04 10:44:36,768 [5edab1c0-df0e-4ea3-aa3c-59f2fee068b8:group-4B9C4FB8C348:LeaderElection80] INFO  segmented.SegmentedRaftLogWorker (SegmentedRaftLogWorker.java:startLogSegment(380)) - 5edab1c0-df0e-4ea3-aa3c-59f2fee068b8-SegmentedRaftLogWorker:Storage Directory /workdir/hadoop-ozone/integration-test/target/test-dir/MiniOzoneClusterImpl-8ced44ca-4ee5-44c9-aeff-63b5df35a8b0/datanode-4/data/ratis/f13a0c18-ac8e-48fe-acca-4b9c4fb8c348: Starting segment from index:0
2019-09-04 10:44:36,769 [5edab1c0-df0e-4ea3-aa3c-59f2fee068b8:group-4B9C4FB8C348:LeaderElection80] INFO  impl.RaftServerImpl (ServerState.java:setRaftConf(361)) - 5edab1c0-df0e-4ea3-aa3c-59f2fee068b8:group-4B9C4FB8C348 set configuration 0: [5edab1c0-df0e-4ea3-aa3c-59f2fee068b8:192.168.5.153:42707, c39abe71-7611-4001-9539-bba876860d2a:192.168.5.153:36438, 9596a9b3-71ac-4868-b50a-133dfe1be36f:192.168.5.153:37580], old=null at 0
2019-09-04 10:44:36,770 [grpc-default-executor-2] INFO  impl.RaftServerImpl (RaftServerImpl.java:requestVote(754)) - 5edab1c0-df0e-4ea3-aa3c-59f2fee068b8-LEADER: Withhold vote from candidate c39abe71-7611-4001-9539-bba876860d2a with term 2. State: leader=5edab1c0-df0e-4ea3-aa3c-59f2fee068b8, term=2, lastRpcElapsed=null
2019-09-04 10:44:36,771 [grpc-default-executor-9] INFO  impl.RaftServerImpl (RaftServerImpl.java:setRole(171)) - c39abe71-7611-4001-9539-bba876860d2a:group-4B9C4FB8C348 changes role from CANDIDATE to FOLLOWER at term 2 for appendEntries
2019-09-04 10:44:36,771 [grpc-default-executor-10] INFO  impl.RaftServerImpl (ServerState.java:setLeader(263)) - 9596a9b3-71ac-4868-b50a-133dfe1be36f:group-4B9C4FB8C348 change Leader from null to 5edab1c0-df0e-4ea3-aa3c-59f2fee068b8 at term 2 for appendEntries, leader elected after 10276ms
2019-09-04 10:44:36,771 [c39abe71-7611-4001-9539-bba876860d2a:group-4B9C4FB8C348:LeaderElection83] INFO  impl.LeaderElection (LeaderElection.java:logAndReturn(56)) - c39abe71-7611-4001-9539-bba876860d2a:group-4B9C4FB8C348:LeaderElection83: Election REJECTED; received 2 response(s) [c39abe71-7611-4001-9539-bba876860d2a<-5edab1c0-df0e-4ea3-aa3c-59f2fee068b8#0:FAIL-t2, c39abe71-7611-4001-9539-bba876860d2a<-9596a9b3-71ac-4868-b50a-133dfe1be36f#0:FAIL-t2] and 0 exception(s); c39abe71-7611-4001-9539-bba876860d2a:t2, leader=null, voted=c39abe71-7611-4001-9539-bba876860d2a, raftlog=c39abe71-7611-4001-9539-bba876860d2a-SegmentedRaftLog:OPENED:c-1,f-1,i0, conf=-1: [5edab1c0-df0e-4ea3-aa3c-59f2fee068b8:192.168.5.153:42707, c39abe71-7611-4001-9539-bba876860d2a:192.168.5.153:36438, 9596a9b3-71ac-4868-b50a-133dfe1be36f:192.168.5.153:37580], old=null
2019-09-04 10:44:36,771 [grpc-default-executor-9] INFO  impl.RoleInfo (RoleInfo.java:shutdownLeaderElection(134)) - c39abe71-7611-4001-9539-bba876860d2a: shutdown LeaderElection
2019-09-04 10:44:36,772 [grpc-default-executor-9] INFO  impl.RoleInfo (RoleInfo.java:updateAndGet(143)) - c39abe71-7611-4001-9539-bba876860d2a: start FollowerState
2019-09-04 10:44:36,772 [grpc-default-executor-9] INFO  impl.RaftServerImpl (ServerState.java:setLeader(263)) - c39abe71-7611-4001-9539-bba876860d2a:group-4B9C4FB8C348 change Leader from null to 5edab1c0-df0e-4ea3-aa3c-59f2fee068b8 at term 2 for appendEntries, leader elected after 10277ms
2019-09-04 10:44:36,773 [grpc-default-executor-9] INFO  impl.RaftServerImpl (ServerState.java:setRaftConf(361)) - 9596a9b3-71ac-4868-b50a-133dfe1be36f:group-4B9C4FB8C348 set configuration 0: [5edab1c0-df0e-4ea3-aa3c-59f2fee068b8:192.168.5.153:42707, c39abe71-7611-4001-9539-bba876860d2a:192.168.5.153:36438, 9596a9b3-71ac-4868-b50a-133dfe1be36f:192.168.5.153:37580], old=null at 0
2019-09-04 10:44:36,774 [grpc-default-executor-9] INFO  segmented.SegmentedRaftLogWorker (SegmentedRaftLogWorker.java:startLogSegment(380)) - 9596a9b3-71ac-4868-b50a-133dfe1be36f-SegmentedRaftLogWorker:Storage Directory /workdir/hadoop-ozone/integration-test/target/test-dir/MiniOzoneClusterImpl-8ced44ca-4ee5-44c9-aeff-63b5df35a8b0/datanode-2/data/ratis/f13a0c18-ac8e-48fe-acca-4b9c4fb8c348: Starting segment from index:0
2019-09-04 10:44:36,774 [grpc-default-executor-10] INFO  impl.RaftServerImpl (ServerState.java:setRaftConf(361)) - c39abe71-7611-4001-9539-bba876860d2a:group-4B9C4FB8C348 set configuration 0: [5edab1c0-df0e-4ea3-aa3c-59f2fee068b8:192.168.5.153:42707, c39abe71-7611-4001-9539-bba876860d2a:192.168.5.153:36438, 9596a9b3-71ac-4868-b50a-133dfe1be36f:192.168.5.153:37580], old=null at 0
2019-09-04 10:44:36,774 [grpc-default-executor-10] INFO  segmented.SegmentedRaftLogWorker (SegmentedRaftLogWorker.java:startLogSegment(380)) - c39abe71-7611-4001-9539-bba876860d2a-SegmentedRaftLogWorker:Storage Directory /workdir/hadoop-ozone/integration-test/target/test-dir/MiniOzoneClusterImpl-8ced44ca-4ee5-44c9-aeff-63b5df35a8b0/datanode-5/data/ratis/f13a0c18-ac8e-48fe-acca-4b9c4fb8c348: Starting segment from index:0
2019-09-04 10:44:36,792 [fe4073e4-29d9-4752-9604-171b889365eb:group-01076F1D454A:LeaderElection81] INFO  impl.LeaderElection (LeaderElection.java:logAndReturn(56)) - fe4073e4-29d9-4752-9604-171b889365eb:group-01076F1D454A:LeaderElection81: Election PASSED; received 2 response(s) [fe4073e4-29d9-4752-9604-171b889365eb<-85481c8f-e1d3-4452-9840-a26537f3638a#0:OK-t2, fe4073e4-29d9-4752-9604-171b889365eb<-049a29fe-697a-4e80-ace1-9da2eaf17df4#0:FAIL-t2] and 0 exception(s); fe4073e4-29d9-4752-9604-171b889365eb:t2, leader=null, voted=fe4073e4-29d9-4752-9604-171b889365eb, raftlog=fe4073e4-29d9-4752-9604-171b889365eb-SegmentedRaftLog:OPENED:c-1,f-1,i0, conf=-1: [85481c8f-e1d3-4452-9840-a26537f3638a:192.168.5.153:41097, 049a29fe-697a-4e80-ace1-9da2eaf17df4:192.168.5.153:34793, fe4073e4-29d9-4752-9604-171b889365eb:192.168.5.153:45385], old=null
2019-09-04 10:44:36,792 [fe4073e4-29d9-4752-9604-171b889365eb:group-01076F1D454A:LeaderElection81] INFO  impl.RoleInfo (RoleInfo.java:shutdownLeaderElection(134)) - fe4073e4-29d9-4752-9604-171b889365eb: shutdown LeaderElection
2019-09-04 10:44:36,792 [049a29fe-697a-4e80-ace1-9da2eaf17df4:group-01076F1D454A:LeaderElection82] INFO  impl.LeaderElection (LeaderElection.java:logAndReturn(56)) - 049a29fe-697a-4e80-ace1-9da2eaf17df4:group-01076F1D454A:LeaderElection82: Election REJECTED; received 2 response(s) [049a29fe-697a-4e80-ace1-9da2eaf17df4<-85481c8f-e1d3-4452-9840-a26537f3638a#0:FAIL-t2, 049a29fe-697a-4e80-ace1-9da2eaf17df4<-fe4073e4-29d9-4752-9604-171b889365eb#0:FAIL-t2] and 0 exception(s); 049a29fe-697a-4e80-ace1-9da2eaf17df4:t2, leader=null, voted=049a29fe-697a-4e80-ace1-9da2eaf17df4, raftlog=049a29fe-697a-4e80-ace1-9da2eaf17df4-SegmentedRaftLog:OPENED:c-1,f-1,i0, conf=-1: [85481c8f-e1d3-4452-9840-a26537f3638a:192.168.5.153:41097, 049a29fe-697a-4e80-ace1-9da2eaf17df4:192.168.5.153:34793, fe4073e4-29d9-4752-9604-171b889365eb:192.168.5.153:45385], old=null
2019-09-04 10:44:36,793 [fe4073e4-29d9-4752-9604-171b889365eb:group-01076F1D454A:LeaderElection81] INFO  impl.RaftServerImpl (RaftServerImpl.java:setRole(171)) - fe4073e4-29d9-4752-9604-171b889365eb:group-01076F1D454A changes role from CANDIDATE to LEADER at term 2 for changeToLeader
2019-09-04 10:44:36,793 [fe4073e4-29d9-4752-9604-171b889365eb:group-01076F1D454A:LeaderElection81] INFO  impl.RaftServerImpl (ServerState.java:setLeader(263)) - fe4073e4-29d9-4752-9604-171b889365eb:group-01076F1D454A change Leader from null to fe4073e4-29d9-4752-9604-171b889365eb at term 2 for becomeLeader, leader elected after 10232ms
2019-09-04 10:44:36,793 [049a29fe-697a-4e80-ace1-9da2eaf17df4:group-01076F1D454A:LeaderElection82] INFO  impl.RaftServerImpl (RaftServerImpl.java:setRole(171)) - 049a29fe-697a-4e80-ace1-9da2eaf17df4:group-01076F1D454A changes role from CANDIDATE to FOLLOWER at term 2 for DISCOVERED_A_NEW_TERM
2019-09-04 10:44:36,793 [fe4073e4-29d9-4752-9604-171b889365eb:group-01076F1D454A:LeaderElection81] INFO  server.RaftServerConfigKeys (ConfUtils.java:logGet(43)) - raft.server.staging.catchup.gap = 1000 (default)
2019-09-04 10:44:36,793 [049a29fe-697a-4e80-ace1-9da2eaf17df4:group-01076F1D454A:LeaderElection82] INFO  impl.RoleInfo (RoleInfo.java:shutdownLeaderElection(134)) - 049a29fe-697a-4e80-ace1-9da2eaf17df4: shutdown LeaderElection
2019-09-04 10:44:36,793 [fe4073e4-29d9-4752-9604-171b889365eb:group-01076F1D454A:LeaderElection81] INFO  server.RaftServerConfigKeys (ConfUtils.java:logGet(43)) - raft.server.rpc.sleep.time = 25ms (default)
2019-09-04 10:44:36,794 [049a29fe-697a-4e80-ace1-9da2eaf17df4:group-01076F1D454A:LeaderElection82] INFO  impl.RoleInfo (RoleInfo.java:updateAndGet(143)) - 049a29fe-697a-4e80-ace1-9da2eaf17df4: start FollowerState
2019-09-04 10:44:36,794 [fe4073e4-29d9-4752-9604-171b889365eb:group-01076F1D454A:LeaderElection81] INFO  server.RaftServerConfigKeys (ConfUtils.java:logGet(43)) - raft.server.write.element-limit = 4096 (default)
2019-09-04 10:44:36,794 [fe4073e4-29d9-4752-9604-171b889365eb:group-01076F1D454A:LeaderElection81] INFO  server.RaftServerConfigKeys (ConfUtils.java:logGet(43)) - raft.server.watch.timeout = 10s (default)
2019-09-04 10:44:36,794 [fe4073e4-29d9-4752-9604-171b889365eb:group-01076F1D454A:LeaderElection81] INFO  server.RaftServerConfigKeys (ConfUtils.java:logGet(43)) - raft.server.watch.timeout.denomination = 1s (default)
2019-09-04 10:44:36,795 [fe4073e4-29d9-4752-9604-171b889365eb:group-01076F1D454A:LeaderElection81] INFO  server.RaftServerConfigKeys (ConfUtils.java:logGet(43)) - raft.server.watch.element-limit = 65536 (default)
2019-09-04 10:44:36,795 [fe4073e4-29d9-4752-9604-171b889365eb:group-01076F1D454A:LeaderElection81] INFO  server.RaftServerConfigKeys (ConfUtils.java:logGet(43)) - raft.server.log.appender.snapshot.chunk.size.max = 16MB (=16777216) (default)
2019-09-04 10:44:36,795 [fe4073e4-29d9-4752-9604-171b889365eb:group-01076F1D454A:LeaderElection81] INFO  server.RaftServerConfigKeys (ConfUtils.java:logGet(43)) - raft.server.log.appender.buffer.byte-limit = 33554432 (custom)
2019-09-04 10:44:36,795 [fe4073e4-29d9-4752-9604-171b889365eb:group-01076F1D454A:LeaderElection81] INFO  server.RaftServerConfigKeys (ConfUtils.java:logGet(43)) - raft.server.log.appender.buffer.element-limit = 1 (custom)
2019-09-04 10:44:36,795 [fe4073e4-29d9-4752-9604-171b889365eb:group-01076F1D454A:LeaderElection81] INFO  grpc.GrpcConfigKeys$Server (ConfUtils.java:logGet(43)) - raft.grpc.server.leader.outstanding.appends.max = 128 (default)
2019-09-04 10:44:36,796 [fe4073e4-29d9-4752-9604-171b889365eb:group-01076F1D454A:LeaderElection81] INFO  server.RaftServerConfigKeys (ConfUtils.java:logGet(43)) - raft.server.rpc.request.timeout = 3000ms (default)
2019-09-04 10:44:36,796 [fe4073e4-29d9-4752-9604-171b889365eb:group-01076F1D454A:LeaderElection81] INFO  server.RaftServerConfigKeys (ConfUtils.java:logGet(43)) - raft.server.log.appender.install.snapshot.enabled = false (custom)
2019-09-04 10:44:36,796 [fe4073e4-29d9-4752-9604-171b889365eb:group-01076F1D454A:LeaderElection81] INFO  server.RaftServerConfigKeys (ConfUtils.java:logGet(43)) - raft.server.log.appender.snapshot.chunk.size.max = 16MB (=16777216) (default)
2019-09-04 10:44:36,796 [fe4073e4-29d9-4752-9604-171b889365eb:group-01076F1D454A:LeaderElection81] INFO  server.RaftServerConfigKeys (ConfUtils.java:logGet(43)) - raft.server.log.appender.buffer.byte-limit = 33554432 (custom)
2019-09-04 10:44:36,796 [fe4073e4-29d9-4752-9604-171b889365eb:group-01076F1D454A:LeaderElection81] INFO  server.RaftServerConfigKeys (ConfUtils.java:logGet(43)) - raft.server.log.appender.buffer.element-limit = 1 (custom)
2019-09-04 10:44:36,797 [fe4073e4-29d9-4752-9604-171b889365eb:group-01076F1D454A:LeaderElection81] INFO  grpc.GrpcConfigKeys$Server (ConfUtils.java:logGet(43)) - raft.grpc.server.leader.outstanding.appends.max = 128 (default)
2019-09-04 10:44:36,797 [fe4073e4-29d9-4752-9604-171b889365eb:group-01076F1D454A:LeaderElection81] INFO  server.RaftServerConfigKeys (ConfUtils.java:logGet(43)) - raft.server.rpc.request.timeout = 3000ms (default)
2019-09-04 10:44:36,797 [fe4073e4-29d9-4752-9604-171b889365eb:group-01076F1D454A:LeaderElection81] INFO  server.RaftServerConfigKeys (ConfUtils.java:logGet(43)) - raft.server.log.appender.install.snapshot.enabled = false (custom)
2019-09-04 10:44:36,797 [fe4073e4-29d9-4752-9604-171b889365eb:group-01076F1D454A:LeaderElection81] INFO  impl.RoleInfo (RoleInfo.java:updateAndGet(143)) - fe4073e4-29d9-4752-9604-171b889365eb: start LeaderState
2019-09-04 10:44:36,797 [fe4073e4-29d9-4752-9604-171b889365eb:group-01076F1D454A:LeaderElection81] INFO  segmented.SegmentedRaftLogWorker (SegmentedRaftLogWorker.java:startLogSegment(380)) - fe4073e4-29d9-4752-9604-171b889365eb-SegmentedRaftLogWorker:Storage Directory /workdir/hadoop-ozone/integration-test/target/test-dir/MiniOzoneClusterImpl-8ced44ca-4ee5-44c9-aeff-63b5df35a8b0/datanode-0/data/ratis/c54012c5-5463-45de-97f9-01076f1d454a: Starting segment from index:0
2019-09-04 10:44:36,798 [fe4073e4-29d9-4752-9604-171b889365eb:group-01076F1D454A:LeaderElection81] INFO  impl.RaftServerImpl (ServerState.java:setRaftConf(361)) - fe4073e4-29d9-4752-9604-171b889365eb:group-01076F1D454A set configuration 0: [85481c8f-e1d3-4452-9840-a26537f3638a:192.168.5.153:41097, 049a29fe-697a-4e80-ace1-9da2eaf17df4:192.168.5.153:34793, fe4073e4-29d9-4752-9604-171b889365eb:192.168.5.153:45385], old=null at 0
2019-09-04 10:44:36,837 [grpc-default-executor-5] INFO  impl.RaftServerImpl (ServerState.java:setLeader(263)) - 049a29fe-697a-4e80-ace1-9da2eaf17df4:group-01076F1D454A change Leader from null to fe4073e4-29d9-4752-9604-171b889365eb at term 2 for appendEntries, leader elected after 10276ms
2019-09-04 10:44:36,837 [grpc-default-executor-8] INFO  impl.RaftServerImpl (ServerState.java:setLeader(263)) - 85481c8f-e1d3-4452-9840-a26537f3638a:group-01076F1D454A change Leader from null to fe4073e4-29d9-4752-9604-171b889365eb at term 2 for appendEntries, leader elected after 10277ms
2019-09-04 10:44:36,840 [grpc-default-executor-8] INFO  impl.RaftServerImpl (ServerState.java:setRaftConf(361)) - 049a29fe-697a-4e80-ace1-9da2eaf17df4:group-01076F1D454A set configuration 0: [85481c8f-e1d3-4452-9840-a26537f3638a:192.168.5.153:41097, 049a29fe-697a-4e80-ace1-9da2eaf17df4:192.168.5.153:34793, fe4073e4-29d9-4752-9604-171b889365eb:192.168.5.153:45385], old=null at 0
2019-09-04 10:44:36,840 [grpc-default-executor-8] INFO  segmented.SegmentedRaftLogWorker (SegmentedRaftLogWorker.java:startLogSegment(380)) - 049a29fe-697a-4e80-ace1-9da2eaf17df4-SegmentedRaftLogWorker:Storage Directory /workdir/hadoop-ozone/integration-test/target/test-dir/MiniOzoneClusterImpl-8ced44ca-4ee5-44c9-aeff-63b5df35a8b0/datanode-1/data/ratis/c54012c5-5463-45de-97f9-01076f1d454a: Starting segment from index:0
2019-09-04 10:44:36,840 [grpc-default-executor-5] INFO  impl.RaftServerImpl (ServerState.java:setRaftConf(361)) - 85481c8f-e1d3-4452-9840-a26537f3638a:group-01076F1D454A set configuration 0: [85481c8f-e1d3-4452-9840-a26537f3638a:192.168.5.153:41097, 049a29fe-697a-4e80-ace1-9da2eaf17df4:192.168.5.153:34793, fe4073e4-29d9-4752-9604-171b889365eb:192.168.5.153:45385], old=null at 0
2019-09-04 10:44:36,840 [grpc-default-executor-5] INFO  segmented.SegmentedRaftLogWorker (SegmentedRaftLogWorker.java:startLogSegment(380)) - 85481c8f-e1d3-4452-9840-a26537f3638a-SegmentedRaftLogWorker:Storage Directory /workdir/hadoop-ozone/integration-test/target/test-dir/MiniOzoneClusterImpl-8ced44ca-4ee5-44c9-aeff-63b5df35a8b0/datanode-3/data/ratis/c54012c5-5463-45de-97f9-01076f1d454a: Starting segment from index:0
2019-09-04 10:44:36,848 [fe4073e4-29d9-4752-9604-171b889365eb-SegmentedRaftLogWorker:Storage Directory /workdir/hadoop-ozone/integration-test/target/test-dir/MiniOzoneClusterImpl-8ced44ca-4ee5-44c9-aeff-63b5df35a8b0/datanode-0/data/ratis/c54012c5-5463-45de-97f9-01076f1d454a] INFO  segmented.SegmentedRaftLogWorker (SegmentedRaftLogWorker.java:execute(569)) - fe4073e4-29d9-4752-9604-171b889365eb-SegmentedRaftLogWorker:Storage Directory /workdir/hadoop-ozone/integration-test/target/test-dir/MiniOzoneClusterImpl-8ced44ca-4ee5-44c9-aeff-63b5df35a8b0/datanode-0/data/ratis/c54012c5-5463-45de-97f9-01076f1d454a: created new log segment /workdir/hadoop-ozone/integration-test/target/test-dir/MiniOzoneClusterImpl-8ced44ca-4ee5-44c9-aeff-63b5df35a8b0/datanode-0/data/ratis/c54012c5-5463-45de-97f9-01076f1d454a/current/log_inprogress_0
2019-09-04 10:44:36,848 [c39abe71-7611-4001-9539-bba876860d2a-SegmentedRaftLogWorker:Storage Directory /workdir/hadoop-ozone/integration-test/target/test-dir/MiniOzoneClusterImpl-8ced44ca-4ee5-44c9-aeff-63b5df35a8b0/datanode-5/data/ratis/f13a0c18-ac8e-48fe-acca-4b9c4fb8c348] INFO  segmented.SegmentedRaftLogWorker (SegmentedRaftLogWorker.java:execute(569)) - c39abe71-7611-4001-9539-bba876860d2a-SegmentedRaftLogWorker:Storage Directory /workdir/hadoop-ozone/integration-test/target/test-dir/MiniOzoneClusterImpl-8ced44ca-4ee5-44c9-aeff-63b5df35a8b0/datanode-5/data/ratis/f13a0c18-ac8e-48fe-acca-4b9c4fb8c348: created new log segment /workdir/hadoop-ozone/integration-test/target/test-dir/MiniOzoneClusterImpl-8ced44ca-4ee5-44c9-aeff-63b5df35a8b0/datanode-5/data/ratis/f13a0c18-ac8e-48fe-acca-4b9c4fb8c348/current/log_inprogress_0
2019-09-04 10:44:36,848 [5edab1c0-df0e-4ea3-aa3c-59f2fee068b8-SegmentedRaftLogWorker:Storage Directory /workdir/hadoop-ozone/integration-test/target/test-dir/MiniOzoneClusterImpl-8ced44ca-4ee5-44c9-aeff-63b5df35a8b0/datanode-4/data/ratis/f13a0c18-ac8e-48fe-acca-4b9c4fb8c348] INFO  segmented.SegmentedRaftLogWorker (SegmentedRaftLogWorker.java:execute(569)) - 5edab1c0-df0e-4ea3-aa3c-59f2fee068b8-SegmentedRaftLogWorker:Storage Directory /workdir/hadoop-ozone/integration-test/target/test-dir/MiniOzoneClusterImpl-8ced44ca-4ee5-44c9-aeff-63b5df35a8b0/datanode-4/data/ratis/f13a0c18-ac8e-48fe-acca-4b9c4fb8c348: created new log segment /workdir/hadoop-ozone/integration-test/target/test-dir/MiniOzoneClusterImpl-8ced44ca-4ee5-44c9-aeff-63b5df35a8b0/datanode-4/data/ratis/f13a0c18-ac8e-48fe-acca-4b9c4fb8c348/current/log_inprogress_0
2019-09-04 10:44:36,848 [9596a9b3-71ac-4868-b50a-133dfe1be36f-SegmentedRaftLogWorker:Storage Directory /workdir/hadoop-ozone/integration-test/target/test-dir/MiniOzoneClusterImpl-8ced44ca-4ee5-44c9-aeff-63b5df35a8b0/datanode-2/data/ratis/f13a0c18-ac8e-48fe-acca-4b9c4fb8c348] INFO  segmented.SegmentedRaftLogWorker (SegmentedRaftLogWorker.java:execute(569)) - 9596a9b3-71ac-4868-b50a-133dfe1be36f-SegmentedRaftLogWorker:Storage Directory /workdir/hadoop-ozone/integration-test/target/test-dir/MiniOzoneClusterImpl-8ced44ca-4ee5-44c9-aeff-63b5df35a8b0/datanode-2/data/ratis/f13a0c18-ac8e-48fe-acca-4b9c4fb8c348: created new log segment /workdir/hadoop-ozone/integration-test/target/test-dir/MiniOzoneClusterImpl-8ced44ca-4ee5-44c9-aeff-63b5df35a8b0/datanode-2/data/ratis/f13a0c18-ac8e-48fe-acca-4b9c4fb8c348/current/log_inprogress_0
2019-09-04 10:44:36,891 [049a29fe-697a-4e80-ace1-9da2eaf17df4-SegmentedRaftLogWorker:Storage Directory /workdir/hadoop-ozone/integration-test/target/test-dir/MiniOzoneClusterImpl-8ced44ca-4ee5-44c9-aeff-63b5df35a8b0/datanode-1/data/ratis/c54012c5-5463-45de-97f9-01076f1d454a] INFO  segmented.SegmentedRaftLogWorker (SegmentedRaftLogWorker.java:execute(569)) - 049a29fe-697a-4e80-ace1-9da2eaf17df4-SegmentedRaftLogWorker:Storage Directory /workdir/hadoop-ozone/integration-test/target/test-dir/MiniOzoneClusterImpl-8ced44ca-4ee5-44c9-aeff-63b5df35a8b0/datanode-1/data/ratis/c54012c5-5463-45de-97f9-01076f1d454a: created new log segment /workdir/hadoop-ozone/integration-test/target/test-dir/MiniOzoneClusterImpl-8ced44ca-4ee5-44c9-aeff-63b5df35a8b0/datanode-1/data/ratis/c54012c5-5463-45de-97f9-01076f1d454a/current/log_inprogress_0
2019-09-04 10:44:36,891 [85481c8f-e1d3-4452-9840-a26537f3638a-SegmentedRaftLogWorker:Storage Directory /workdir/hadoop-ozone/integration-test/target/test-dir/MiniOzoneClusterImpl-8ced44ca-4ee5-44c9-aeff-63b5df35a8b0/datanode-3/data/ratis/c54012c5-5463-45de-97f9-01076f1d454a] INFO  segmented.SegmentedRaftLogWorker (SegmentedRaftLogWorker.java:execute(569)) - 85481c8f-e1d3-4452-9840-a26537f3638a-SegmentedRaftLogWorker:Storage Directory /workdir/hadoop-ozone/integration-test/target/test-dir/MiniOzoneClusterImpl-8ced44ca-4ee5-44c9-aeff-63b5df35a8b0/datanode-3/data/ratis/c54012c5-5463-45de-97f9-01076f1d454a: created new log segment /workdir/hadoop-ozone/integration-test/target/test-dir/MiniOzoneClusterImpl-8ced44ca-4ee5-44c9-aeff-63b5df35a8b0/datanode-3/data/ratis/c54012c5-5463-45de-97f9-01076f1d454a/current/log_inprogress_0
2019-09-04 10:44:37,507 [grpc-default-executor-5] INFO  client.GrpcClientProtocolClient (GrpcClientProtocolClient.java:onNext(255)) - client-86E38FB4E84C->9596a9b3-71ac-4868-b50a-133dfe1be36f: receive RaftClientReply:client-86E38FB4E84C->9596a9b3-71ac-4868-b50a-133dfe1be36f@group-4B9C4FB8C348, cid=183, FAILED org.apache.ratis.protocol.NotLeaderException: Server 9596a9b3-71ac-4868-b50a-133dfe1be36f is not the leader (5edab1c0-df0e-4ea3-aa3c-59f2fee068b8:192.168.5.153:42707). Request must be sent to leader., logIndex=0, commits[9596a9b3-71ac-4868-b50a-133dfe1be36f:c-1, 5edab1c0-df0e-4ea3-aa3c-59f2fee068b8:c-1, c39abe71-7611-4001-9539-bba876860d2a:c-1]
2019-09-04 10:44:37,679 [grpc-default-executor-5] INFO  client.GrpcClientProtocolClient (GrpcClientProtocolClient.java:onNext(255)) - client-86E38FB4E84C->5edab1c0-df0e-4ea3-aa3c-59f2fee068b8: receive RaftClientReply:client-86E38FB4E84C->5edab1c0-df0e-4ea3-aa3c-59f2fee068b8@group-4B9C4FB8C348, cid=183, SUCCESS, logIndex=1, commits[5edab1c0-df0e-4ea3-aa3c-59f2fee068b8:c1, c39abe71-7611-4001-9539-bba876860d2a:c0, 9596a9b3-71ac-4868-b50a-133dfe1be36f:c0]
2019-09-04 10:44:37,707 [grpc-default-executor-9] INFO  client.GrpcClientProtocolClient (GrpcClientProtocolClient.java:onNext(255)) - client-86E38FB4E84C->5edab1c0-df0e-4ea3-aa3c-59f2fee068b8: receive RaftClientReply:client-86E38FB4E84C->5edab1c0-df0e-4ea3-aa3c-59f2fee068b8@group-4B9C4FB8C348, cid=184, SUCCESS, logIndex=3, commits[5edab1c0-df0e-4ea3-aa3c-59f2fee068b8:c7, c39abe71-7611-4001-9539-bba876860d2a:c1, 9596a9b3-71ac-4868-b50a-133dfe1be36f:c2]
2019-09-04 10:44:37,789 [grpc-default-executor-9] INFO  client.GrpcClientProtocolClient (GrpcClientProtocolClient.java:onNext(255)) - client-86E38FB4E84C->5edab1c0-df0e-4ea3-aa3c-59f2fee068b8: receive RaftClientReply:client-86E38FB4E84C->5edab1c0-df0e-4ea3-aa3c-59f2fee068b8@group-4B9C4FB8C348, cid=185, SUCCESS, logIndex=4, commits[5edab1c0-df0e-4ea3-aa3c-59f2fee068b8:c10, c39abe71-7611-4001-9539-bba876860d2a:c7, 9596a9b3-71ac-4868-b50a-133dfe1be36f:c7]
2019-09-04 10:44:37,791 [grpc-default-executor-9] INFO  client.GrpcClientProtocolClient (GrpcClientProtocolClient.java:onNext(255)) - client-86E38FB4E84C->5edab1c0-df0e-4ea3-aa3c-59f2fee068b8: receive RaftClientReply:client-86E38FB4E84C->5edab1c0-df0e-4ea3-aa3c-59f2fee068b8@group-4B9C4FB8C348, cid=186, SUCCESS, logIndex=5, commits[5edab1c0-df0e-4ea3-aa3c-59f2fee068b8:c10, c39abe71-7611-4001-9539-bba876860d2a:c7, 9596a9b3-71ac-4868-b50a-133dfe1be36f:c7]
2019-09-04 10:44:37,792 [grpc-default-executor-9] INFO  client.GrpcClientProtocolClient (GrpcClientProtocolClient.java:onNext(255)) - client-86E38FB4E84C->5edab1c0-df0e-4ea3-aa3c-59f2fee068b8: receive RaftClientReply:client-86E38FB4E84C->5edab1c0-df0e-4ea3-aa3c-59f2fee068b8@group-4B9C4FB8C348, cid=187, SUCCESS, logIndex=6, commits[5edab1c0-df0e-4ea3-aa3c-59f2fee068b8:c10, c39abe71-7611-4001-9539-bba876860d2a:c7, 9596a9b3-71ac-4868-b50a-133dfe1be36f:c7]
2019-09-04 10:44:37,921 [grpc-default-executor-9] INFO  client.GrpcClientProtocolClient (GrpcClientProtocolClient.java:onNext(255)) - client-86E38FB4E84C->5edab1c0-df0e-4ea3-aa3c-59f2fee068b8: receive RaftClientReply:client-86E38FB4E84C->5edab1c0-df0e-4ea3-aa3c-59f2fee068b8@group-4B9C4FB8C348, cid=188, SUCCESS, logIndex=7, commits[5edab1c0-df0e-4ea3-aa3c-59f2fee068b8:c10, c39abe71-7611-4001-9539-bba876860d2a:c7, 9596a9b3-71ac-4868-b50a-133dfe1be36f:c7]
2019-09-04 10:44:37,943 [grpc-default-executor-8] INFO  client.GrpcClientProtocolClient (GrpcClientProtocolClient.java:onNext(255)) - client-86E38FB4E84C->5edab1c0-df0e-4ea3-aa3c-59f2fee068b8: receive RaftClientReply:client-86E38FB4E84C->5edab1c0-df0e-4ea3-aa3c-59f2fee068b8@group-4B9C4FB8C348, cid=189, SUCCESS, logIndex=11, commits[5edab1c0-df0e-4ea3-aa3c-59f2fee068b8:c12, c39abe71-7611-4001-9539-bba876860d2a:c10, 9596a9b3-71ac-4868-b50a-133dfe1be36f:c10]
2019-09-04 10:44:37,944 [grpc-default-executor-8] INFO  client.GrpcClientProtocolClient (GrpcClientProtocolClient.java:onNext(255)) - client-86E38FB4E84C->5edab1c0-df0e-4ea3-aa3c-59f2fee068b8: receive RaftClientReply:client-86E38FB4E84C->5edab1c0-df0e-4ea3-aa3c-59f2fee068b8@group-4B9C4FB8C348, cid=190, SUCCESS, logIndex=12, commits[5edab1c0-df0e-4ea3-aa3c-59f2fee068b8:c12, c39abe71-7611-4001-9539-bba876860d2a:c10, 9596a9b3-71ac-4868-b50a-133dfe1be36f:c10]
2019-09-04 10:44:37,963 [grpc-default-executor-8] INFO  client.GrpcClientProtocolClient (GrpcClientProtocolClient.java:onNext(255)) - client-86E38FB4E84C->5edab1c0-df0e-4ea3-aa3c-59f2fee068b8: receive RaftClientReply:client-86E38FB4E84C->5edab1c0-df0e-4ea3-aa3c-59f2fee068b8@group-4B9C4FB8C348, cid=191, SUCCESS, logIndex=0, commits[5edab1c0-df0e-4ea3-aa3c-59f2fee068b8:c14, c39abe71-7611-4001-9539-bba876860d2a:c12, 9596a9b3-71ac-4868-b50a-133dfe1be36f:c12]
2019-09-04 10:44:38,661 [Datanode State Machine Thread - 0] INFO  statemachine.DatanodeStateMachine (DatanodeStateMachine.java:lambda$startDaemon$0(350)) - Ozone container server started.
2019-09-04 10:44:42,754 [EventQueue-StaleNodeForStaleNodeHandler] INFO  node.StaleNodeHandler (StaleNodeHandler.java:onMessage(58)) - Datanode 5edab1c0-df0e-4ea3-aa3c-59f2fee068b8{ip: 192.168.5.153, host: pr-hdds-1982-decom-states-67zng-3388626213, networkLocation: /default-rack, certSerialId: null} moved to stale state. Finalizing its pipelines [PipelineID=65ee5a0f-7479-45ce-a8ef-fd8319e2e52b, PipelineID=f13a0c18-ac8e-48fe-acca-4b9c4fb8c348]
2019-09-04 10:44:42,755 [EventQueue-StaleNodeForStaleNodeHandler] INFO  pipeline.SCMPipelineManager (SCMPipelineManager.java:finalizeAndDestroyPipeline(311)) - destroying pipeline:Pipeline[ Id: 65ee5a0f-7479-45ce-a8ef-fd8319e2e52b, Nodes: 5edab1c0-df0e-4ea3-aa3c-59f2fee068b8{ip: 192.168.5.153, host: pr-hdds-1982-decom-states-67zng-3388626213, networkLocation: /default-rack, certSerialId: null}, Type:RATIS, Factor:ONE, State:OPEN]
2019-09-04 10:44:42,755 [EventQueue-StaleNodeForStaleNodeHandler] INFO  pipeline.PipelineStateManager (PipelineStateManager.java:finalizePipeline(123)) - Pipeline Pipeline[ Id: 65ee5a0f-7479-45ce-a8ef-fd8319e2e52b, Nodes: 5edab1c0-df0e-4ea3-aa3c-59f2fee068b8{ip: 192.168.5.153, host: pr-hdds-1982-decom-states-67zng-3388626213, networkLocation: /default-rack, certSerialId: null}, Type:RATIS, Factor:ONE, State:CLOSED] moved to CLOSED state
2019-09-04 10:44:42,755 [EventQueue-StaleNodeForStaleNodeHandler] INFO  pipeline.SCMPipelineManager (SCMPipelineManager.java:finalizeAndDestroyPipeline(311)) - destroying pipeline:Pipeline[ Id: f13a0c18-ac8e-48fe-acca-4b9c4fb8c348, Nodes: 5edab1c0-df0e-4ea3-aa3c-59f2fee068b8{ip: 192.168.5.153, host: pr-hdds-1982-decom-states-67zng-3388626213, networkLocation: /default-rack, certSerialId: null}9596a9b3-71ac-4868-b50a-133dfe1be36f{ip: 192.168.5.153, host: pr-hdds-1982-decom-states-67zng-3388626213, networkLocation: /default-rack, certSerialId: null}c39abe71-7611-4001-9539-bba876860d2a{ip: 192.168.5.153, host: pr-hdds-1982-decom-states-67zng-3388626213, networkLocation: /default-rack, certSerialId: null}, Type:RATIS, Factor:THREE, State:OPEN]
2019-09-04 10:44:42,755 [EventQueue-StaleNodeForStaleNodeHandler] INFO  pipeline.PipelineStateManager (PipelineStateManager.java:finalizePipeline(123)) - Pipeline Pipeline[ Id: f13a0c18-ac8e-48fe-acca-4b9c4fb8c348, Nodes: 5edab1c0-df0e-4ea3-aa3c-59f2fee068b8{ip: 192.168.5.153, host: pr-hdds-1982-decom-states-67zng-3388626213, networkLocation: /default-rack, certSerialId: null}9596a9b3-71ac-4868-b50a-133dfe1be36f{ip: 192.168.5.153, host: pr-hdds-1982-decom-states-67zng-3388626213, networkLocation: /default-rack, certSerialId: null}c39abe71-7611-4001-9539-bba876860d2a{ip: 192.168.5.153, host: pr-hdds-1982-decom-states-67zng-3388626213, networkLocation: /default-rack, certSerialId: null}, Type:RATIS, Factor:THREE, State:CLOSED] moved to CLOSED state
2019-09-04 10:44:42,756 [EventQueue-CloseContainerForCloseContainerEventHandler] INFO  container.CloseContainerEventHandler (CloseContainerEventHandler.java:onMessage(61)) - Close container Event triggered for container : #1
2019-09-04 10:44:42,964 [main] INFO  ozoneimpl.OzoneContainer (OzoneContainer.java:stop(215)) - Attempting to stop container services.
2019-09-04 10:44:42,965 [main] INFO  impl.RaftServerProxy (RaftServerProxy.java:lambda$close$4(314)) - 5edab1c0-df0e-4ea3-aa3c-59f2fee068b8: close
2019-09-04 10:44:42,968 [main] INFO  impl.RaftServerImpl (RaftServerImpl.java:lambda$shutdown$3(245)) - 5edab1c0-df0e-4ea3-aa3c-59f2fee068b8: shutdown group-FD8319E2E52B
2019-09-04 10:44:42,969 [main] INFO  util.JmxRegister (JmxRegister.java:unregister(73)) - Successfully un-registered JMX Bean with object name Ratis:service=RaftServer,group=group-FD8319E2E52B,id=5edab1c0-df0e-4ea3-aa3c-59f2fee068b8
2019-09-04 10:44:42,969 [main] INFO  impl.RoleInfo (RoleInfo.java:shutdownLeaderState(104)) - 5edab1c0-df0e-4ea3-aa3c-59f2fee068b8: shutdown LeaderState
2019-09-04 10:44:42,969 [main] INFO  impl.PendingRequests (PendingRequests.java:sendNotLeaderResponses(202)) - 5edab1c0-df0e-4ea3-aa3c-59f2fee068b8-PendingRequests: sendNotLeaderResponses
2019-09-04 10:44:42,970 [main] INFO  impl.StateMachineUpdater (StateMachineUpdater.java:stopAndJoin(115)) - StateMachineUpdater:5edab1c0-df0e-4ea3-aa3c-59f2fee068b8:group-FD8319E2E52B: set stopIndex = 0
2019-09-04 10:44:42,970 [main] INFO  impl.RaftServerImpl (ServerState.java:close(394)) - 5edab1c0-df0e-4ea3-aa3c-59f2fee068b8:group-FD8319E2E52B closes. The last applied log index is 0
2019-09-04 10:44:42,971 [5edab1c0-df0e-4ea3-aa3c-59f2fee068b8-SegmentedRaftLogWorker:Storage Directory /workdir/hadoop-ozone/integration-test/target/test-dir/MiniOzoneClusterImpl-8ced44ca-4ee5-44c9-aeff-63b5df35a8b0/datanode-4/data/ratis/65ee5a0f-7479-45ce-a8ef-fd8319e2e52b] INFO  segmented.SegmentedRaftLogWorker (SegmentedRaftLogWorker.java:run(313)) - 5edab1c0-df0e-4ea3-aa3c-59f2fee068b8-SegmentedRaftLogWorker:Storage Directory /workdir/hadoop-ozone/integration-test/target/test-dir/MiniOzoneClusterImpl-8ced44ca-4ee5-44c9-aeff-63b5df35a8b0/datanode-4/data/ratis/65ee5a0f-7479-45ce-a8ef-fd8319e2e52b was interrupted, exiting. There are 0 tasks remaining in the queue.
2019-09-04 10:44:42,973 [main] INFO  segmented.SegmentedRaftLogWorker (SegmentedRaftLogWorker.java:close(228)) - 5edab1c0-df0e-4ea3-aa3c-59f2fee068b8-SegmentedRaftLogWorker:Storage Directory /workdir/hadoop-ozone/integration-test/target/test-dir/MiniOzoneClusterImpl-8ced44ca-4ee5-44c9-aeff-63b5df35a8b0/datanode-4/data/ratis/65ee5a0f-7479-45ce-a8ef-fd8319e2e52b close()
2019-09-04 10:44:42,978 [main] INFO  impl.RaftServerImpl (RaftServerImpl.java:lambda$shutdown$3(245)) - 5edab1c0-df0e-4ea3-aa3c-59f2fee068b8: shutdown group-4B9C4FB8C348
2019-09-04 10:44:42,978 [main] INFO  util.JmxRegister (JmxRegister.java:unregister(73)) - Successfully un-registered JMX Bean with object name Ratis:service=RaftServer,group=group-4B9C4FB8C348,id=5edab1c0-df0e-4ea3-aa3c-59f2fee068b8
2019-09-04 10:44:42,978 [main] INFO  impl.RoleInfo (RoleInfo.java:shutdownLeaderState(104)) - 5edab1c0-df0e-4ea3-aa3c-59f2fee068b8: shutdown LeaderState
2019-09-04 10:44:42,983 [org.apache.ratis.server.impl.LogAppender$AppenderDaemon$$Lambda$506/1016559005@4f10eba5] WARN  server.GrpcLogAppender (GrpcLogAppender.java:mayWait(143)) - GrpcLogAppender(5edab1c0-df0e-4ea3-aa3c-59f2fee068b8->c39abe71-7611-4001-9539-bba876860d2a): Wait interrupted by java.lang.InterruptedException
2019-09-04 10:44:42,983 [main] INFO  impl.PendingRequests (PendingRequests.java:sendNotLeaderResponses(202)) - 5edab1c0-df0e-4ea3-aa3c-59f2fee068b8-PendingRequests: sendNotLeaderResponses
2019-09-04 10:44:42,983 [grpc-default-executor-9] INFO  server.GrpcServerProtocolService (GrpcServerProtocolService.java:onCompleted(104)) - c39abe71-7611-4001-9539-bba876860d2a: appendEntries completed
2019-09-04 10:44:42,983 [org.apache.ratis.server.impl.LogAppender$AppenderDaemon$$Lambda$506/1016559005@a126c23] WARN  server.GrpcLogAppender (GrpcLogAppender.java:mayWait(143)) - GrpcLogAppender(5edab1c0-df0e-4ea3-aa3c-59f2fee068b8->9596a9b3-71ac-4868-b50a-133dfe1be36f): Wait interrupted by java.lang.InterruptedException
2019-09-04 10:44:42,987 [main] INFO  impl.StateMachineUpdater (StateMachineUpdater.java:stopAndJoin(115)) - StateMachineUpdater:5edab1c0-df0e-4ea3-aa3c-59f2fee068b8:group-4B9C4FB8C348: set stopIndex = 14
2019-09-04 10:44:42,987 [grpc-default-executor-8] INFO  server.GrpcLogAppender (GrpcLogAppender.java:onCompleted(292)) - 5edab1c0-df0e-4ea3-aa3c-59f2fee068b8->c39abe71-7611-4001-9539-bba876860d2a: follower responses appendEntries COMPLETED
2019-09-04 10:44:42,987 [grpc-default-executor-9] INFO  server.GrpcServerProtocolService (GrpcServerProtocolService.java:onCompleted(104)) - 9596a9b3-71ac-4868-b50a-133dfe1be36f: appendEntries completed
2019-09-04 10:44:42,987 [grpc-default-executor-8] INFO  impl.FollowerInfo (FollowerInfo.java:lambda$new$0(50)) - 5edab1c0-df0e-4ea3-aa3c-59f2fee068b8->c39abe71-7611-4001-9539-bba876860d2a: nextIndex: updateUnconditionally 15 -> 14
2019-09-04 10:44:42,987 [StateMachineUpdater:5edab1c0-df0e-4ea3-aa3c-59f2fee068b8:group-4B9C4FB8C348] INFO  ratis.ContainerStateMachine (ContainerStateMachine.java:takeSnapshot(284)) - group-4B9C4FB8C348: Taking a snapshot at:(t:2, i:12) file /workdir/hadoop-ozone/integration-test/target/test-dir/MiniOzoneClusterImpl-8ced44ca-4ee5-44c9-aeff-63b5df35a8b0/datanode-4/data/ratis/f13a0c18-ac8e-48fe-acca-4b9c4fb8c348/sm/snapshot.2_12
2019-09-04 10:44:42,988 [grpc-default-executor-9] INFO  server.GrpcLogAppender (GrpcLogAppender.java:onCompleted(292)) - 5edab1c0-df0e-4ea3-aa3c-59f2fee068b8->9596a9b3-71ac-4868-b50a-133dfe1be36f: follower responses appendEntries COMPLETED
2019-09-04 10:44:42,988 [grpc-default-executor-9] INFO  impl.FollowerInfo (FollowerInfo.java:lambda$new$0(50)) - 5edab1c0-df0e-4ea3-aa3c-59f2fee068b8->9596a9b3-71ac-4868-b50a-133dfe1be36f: nextIndex: updateUnconditionally 15 -> 14
2019-09-04 10:44:43,005 [StateMachineUpdater:5edab1c0-df0e-4ea3-aa3c-59f2fee068b8:group-4B9C4FB8C348] INFO  ratis.ContainerStateMachine (ContainerStateMachine.java:takeSnapshot(295)) - group-4B9C4FB8C348: Finished taking a snapshot at:(t:2, i:12) file:/workdir/hadoop-ozone/integration-test/target/test-dir/MiniOzoneClusterImpl-8ced44ca-4ee5-44c9-aeff-63b5df35a8b0/datanode-4/data/ratis/f13a0c18-ac8e-48fe-acca-4b9c4fb8c348/sm/snapshot.2_12 time:17
2019-09-04 10:44:43,005 [StateMachineUpdater:5edab1c0-df0e-4ea3-aa3c-59f2fee068b8:group-4B9C4FB8C348] INFO  impl.StateMachineUpdater (StateMachineUpdater.java:takeSnapshot(242)) - StateMachineUpdater:5edab1c0-df0e-4ea3-aa3c-59f2fee068b8:group-4B9C4FB8C348: Took a snapshot at index 12
2019-09-04 10:44:43,005 [StateMachineUpdater:5edab1c0-df0e-4ea3-aa3c-59f2fee068b8:group-4B9C4FB8C348] INFO  impl.StateMachineUpdater (StateMachineUpdater.java:lambda$new$0(80)) - StateMachineUpdater:5edab1c0-df0e-4ea3-aa3c-59f2fee068b8:group-4B9C4FB8C348: snapshotIndex: updateIncreasingly -1 -> 12
2019-09-04 10:44:43,005 [main] INFO  impl.RaftServerImpl (ServerState.java:close(394)) - 5edab1c0-df0e-4ea3-aa3c-59f2fee068b8:group-4B9C4FB8C348 closes. The last applied log index is 14
2019-09-04 10:44:43,006 [5edab1c0-df0e-4ea3-aa3c-59f2fee068b8-SegmentedRaftLogWorker:Storage Directory /workdir/hadoop-ozone/integration-test/target/test-dir/MiniOzoneClusterImpl-8ced44ca-4ee5-44c9-aeff-63b5df35a8b0/datanode-4/data/ratis/f13a0c18-ac8e-48fe-acca-4b9c4fb8c348] INFO  segmented.SegmentedRaftLogWorker (SegmentedRaftLogWorker.java:run(313)) - 5edab1c0-df0e-4ea3-aa3c-59f2fee068b8-SegmentedRaftLogWorker:Storage Directory /workdir/hadoop-ozone/integration-test/target/test-dir/MiniOzoneClusterImpl-8ced44ca-4ee5-44c9-aeff-63b5df35a8b0/datanode-4/data/ratis/f13a0c18-ac8e-48fe-acca-4b9c4fb8c348 was interrupted, exiting. There are 0 tasks remaining in the queue.
2019-09-04 10:44:43,008 [main] INFO  segmented.SegmentedRaftLogWorker (SegmentedRaftLogWorker.java:close(228)) - 5edab1c0-df0e-4ea3-aa3c-59f2fee068b8-SegmentedRaftLogWorker:Storage Directory /workdir/hadoop-ozone/integration-test/target/test-dir/MiniOzoneClusterImpl-8ced44ca-4ee5-44c9-aeff-63b5df35a8b0/datanode-4/data/ratis/f13a0c18-ac8e-48fe-acca-4b9c4fb8c348 close()
2019-09-04 10:44:43,011 [main] INFO  server.GrpcService (GrpcService.java:closeImpl(155)) - 5edab1c0-df0e-4ea3-aa3c-59f2fee068b8: shutdown server with port 42707 now
2019-09-04 10:44:43,011 [grpc-default-executor-8] WARN  client.GrpcClientProtocolService (LogUtils.java:warn(134)) - 5-UnorderedRequestStreamObserver5: onError: org.apache.ratis.thirdparty.io.grpc.StatusRuntimeException: CANCELLED: cancelled before receiving half close
2019-09-04 10:44:43,014 [main] INFO  server.GrpcService (GrpcService.java:closeImpl(163)) - 5edab1c0-df0e-4ea3-aa3c-59f2fee068b8: shutdown server with port 42707 successfully
2019-09-04 10:44:43,015 [refreshUsed-/workdir/hadoop-ozone/integration-test/target/test-dir/MiniOzoneClusterImpl-8ced44ca-4ee5-44c9-aeff-63b5df35a8b0/datanode-4/data/containers] WARN  fs.CachingGetSpaceUsed (CachingGetSpaceUsed.java:run(183)) - Thread Interrupted waiting to refresh disk information: sleep interrupted
2019-09-04 10:44:43,028 [main] INFO  utils.BackgroundService (BackgroundService.java:shutdown(148)) - Shutting down service BlockDeletingService
2019-09-04 10:44:43,033 [main] INFO  statemachine.DatanodeStateMachine (DatanodeStateMachine.java:stopDaemon(395)) - Ozone container server stopped.
2019-09-04 10:44:43,034 [main] INFO  handler.ContextHandler (ContextHandler.java:doStop(910)) - Stopped o.e.j.w.WebAppContext@7b8ea1db{/,null,UNAVAILABLE}{/hddsDatanode}
2019-09-04 10:44:43,035 [main] INFO  server.AbstractConnector (AbstractConnector.java:doStop(318)) - Stopped ServerConnector@a91119b{HTTP/1.1,[http/1.1]}{0.0.0.0:0}
2019-09-04 10:44:43,035 [main] INFO  handler.ContextHandler (ContextHandler.java:doStop(910)) - Stopped o.e.j.s.ServletContextHandler@755b5f30{/static,jar:file:/home/user/.m2/repository/org/apache/hadoop/hadoop-hdds-container-service/0.5.0-SNAPSHOT/hadoop-hdds-container-service-0.5.0-SNAPSHOT.jar!/webapps/static,UNAVAILABLE}
2019-09-04 10:44:43,035 [main] INFO  handler.ContextHandler (ContextHandler.java:doStop(910)) - Stopped o.e.j.s.ServletContextHandler@785ed99c{/logs,file:///workdir/hadoop-ozone/integration-test/target/log,UNAVAILABLE}
2019-09-04 10:44:45,048 [grpc-default-executor-8] INFO  client.GrpcClientProtocolClient (GrpcClientProtocolClient.java:onNext(255)) - client-86E38FB4E84C->9596a9b3-71ac-4868-b50a-133dfe1be36f: receive RaftClientReply:client-86E38FB4E84C->9596a9b3-71ac-4868-b50a-133dfe1be36f@group-4B9C4FB8C348, cid=192, FAILED org.apache.ratis.protocol.NotLeaderException: Server 9596a9b3-71ac-4868-b50a-133dfe1be36f is not the leader (5edab1c0-df0e-4ea3-aa3c-59f2fee068b8:192.168.5.153:42707). Request must be sent to leader., logIndex=0, commits[9596a9b3-71ac-4868-b50a-133dfe1be36f:c14, 5edab1c0-df0e-4ea3-aa3c-59f2fee068b8:c14, c39abe71-7611-4001-9539-bba876860d2a:c14]
2019-09-04 10:44:46,057 [grpc-default-executor-8] INFO  client.GrpcClientProtocolClient (GrpcClientProtocolClient.java:onNext(255)) - client-86E38FB4E84C->c39abe71-7611-4001-9539-bba876860d2a: receive RaftClientReply:client-86E38FB4E84C->c39abe71-7611-4001-9539-bba876860d2a@group-4B9C4FB8C348, cid=192, FAILED org.apache.ratis.protocol.NotLeaderException: Server c39abe71-7611-4001-9539-bba876860d2a is not the leader (5edab1c0-df0e-4ea3-aa3c-59f2fee068b8:192.168.5.153:42707). Request must be sent to leader., logIndex=0, commits[c39abe71-7611-4001-9539-bba876860d2a:c14, 5edab1c0-df0e-4ea3-aa3c-59f2fee068b8:c14, 9596a9b3-71ac-4868-b50a-133dfe1be36f:c14]
2019-09-04 10:44:47,068 [grpc-default-executor-10] INFO  client.GrpcClientProtocolClient (GrpcClientProtocolClient.java:onNext(255)) - client-86E38FB4E84C->c39abe71-7611-4001-9539-bba876860d2a: receive RaftClientReply:client-86E38FB4E84C->c39abe71-7611-4001-9539-bba876860d2a@group-4B9C4FB8C348, cid=192, FAILED org.apache.ratis.protocol.NotLeaderException: Server c39abe71-7611-4001-9539-bba876860d2a is not the leader (5edab1c0-df0e-4ea3-aa3c-59f2fee068b8:192.168.5.153:42707). Request must be sent to leader., logIndex=0, commits[c39abe71-7611-4001-9539-bba876860d2a:c14, 5edab1c0-df0e-4ea3-aa3c-59f2fee068b8:c14, 9596a9b3-71ac-4868-b50a-133dfe1be36f:c14]
2019-09-04 10:44:48,080 [grpc-default-executor-9] INFO  client.GrpcClientProtocolClient (GrpcClientProtocolClient.java:onNext(255)) - client-86E38FB4E84C->9596a9b3-71ac-4868-b50a-133dfe1be36f: receive RaftClientReply:client-86E38FB4E84C->9596a9b3-71ac-4868-b50a-133dfe1be36f@group-4B9C4FB8C348, cid=192, FAILED org.apache.ratis.protocol.NotLeaderException: Server 9596a9b3-71ac-4868-b50a-133dfe1be36f is not the leader (5edab1c0-df0e-4ea3-aa3c-59f2fee068b8:192.168.5.153:42707). Request must be sent to leader., logIndex=0, commits[9596a9b3-71ac-4868-b50a-133dfe1be36f:c14, 5edab1c0-df0e-4ea3-aa3c-59f2fee068b8:c14, c39abe71-7611-4001-9539-bba876860d2a:c14]
2019-09-04 10:44:49,093 [grpc-default-executor-8] INFO  client.GrpcClientProtocolClient (GrpcClientProtocolClient.java:onNext(255)) - client-86E38FB4E84C->c39abe71-7611-4001-9539-bba876860d2a: receive RaftClientReply:client-86E38FB4E84C->c39abe71-7611-4001-9539-bba876860d2a@group-4B9C4FB8C348, cid=192, FAILED org.apache.ratis.protocol.NotLeaderException: Server c39abe71-7611-4001-9539-bba876860d2a is not the leader (5edab1c0-df0e-4ea3-aa3c-59f2fee068b8:192.168.5.153:42707). Request must be sent to leader., logIndex=0, commits[c39abe71-7611-4001-9539-bba876860d2a:c14, 5edab1c0-df0e-4ea3-aa3c-59f2fee068b8:c14, 9596a9b3-71ac-4868-b50a-133dfe1be36f:c14]
2019-09-04 10:44:50,108 [grpc-default-executor-9] INFO  client.GrpcClientProtocolClient (GrpcClientProtocolClient.java:onNext(255)) - client-86E38FB4E84C->9596a9b3-71ac-4868-b50a-133dfe1be36f: receive RaftClientReply:client-86E38FB4E84C->9596a9b3-71ac-4868-b50a-133dfe1be36f@group-4B9C4FB8C348, cid=192, FAILED org.apache.ratis.protocol.NotLeaderException: Server 9596a9b3-71ac-4868-b50a-133dfe1be36f is not the leader (5edab1c0-df0e-4ea3-aa3c-59f2fee068b8:192.168.5.153:42707). Request must be sent to leader., logIndex=0, commits[9596a9b3-71ac-4868-b50a-133dfe1be36f:c14, 5edab1c0-df0e-4ea3-aa3c-59f2fee068b8:c14, c39abe71-7611-4001-9539-bba876860d2a:c14]
2019-09-04 10:44:51,119 [grpc-default-executor-8] INFO  client.GrpcClientProtocolClient (GrpcClientProtocolClient.java:onNext(255)) - client-86E38FB4E84C->9596a9b3-71ac-4868-b50a-133dfe1be36f: receive RaftClientReply:client-86E38FB4E84C->9596a9b3-71ac-4868-b50a-133dfe1be36f@group-4B9C4FB8C348, cid=192, FAILED org.apache.ratis.protocol.NotLeaderException: Server 9596a9b3-71ac-4868-b50a-133dfe1be36f is not the leader (5edab1c0-df0e-4ea3-aa3c-59f2fee068b8:192.168.5.153:42707). Request must be sent to leader., logIndex=0, commits[9596a9b3-71ac-4868-b50a-133dfe1be36f:c14, 5edab1c0-df0e-4ea3-aa3c-59f2fee068b8:c14, c39abe71-7611-4001-9539-bba876860d2a:c14]
2019-09-04 10:44:51,962 [Thread-3659] INFO  impl.FollowerState (FollowerState.java:run(106)) - c39abe71-7611-4001-9539-bba876860d2a:group-4B9C4FB8C348 changes to CANDIDATE, lastRpcTime:9000, electionTimeout:5014ms
2019-09-04 10:44:51,963 [Thread-3659] INFO  impl.RoleInfo (RoleInfo.java:shutdownFollowerState(121)) - c39abe71-7611-4001-9539-bba876860d2a: shutdown FollowerState
2019-09-04 10:44:51,963 [Thread-3659] INFO  impl.RaftServerImpl (RaftServerImpl.java:setRole(171)) - c39abe71-7611-4001-9539-bba876860d2a:group-4B9C4FB8C348 changes role from FOLLOWER to CANDIDATE at term 2 for changeToCandidate
2019-09-04 10:44:51,963 [Thread-3659] INFO  impl.RoleInfo (RoleInfo.java:updateAndGet(143)) - c39abe71-7611-4001-9539-bba876860d2a: start LeaderElection
2019-09-04 10:44:51,977 [c39abe71-7611-4001-9539-bba876860d2a:group-4B9C4FB8C348:LeaderElection84] INFO  impl.RaftServerImpl (ServerState.java:setLeader(263)) - c39abe71-7611-4001-9539-bba876860d2a:group-4B9C4FB8C348 change Leader from 5edab1c0-df0e-4ea3-aa3c-59f2fee068b8 to null at term 2 for initElection
2019-09-04 10:44:52,002 [c39abe71-7611-4001-9539-bba876860d2a:group-4B9C4FB8C348:LeaderElection84] INFO  impl.LeaderElection (LeaderElection.java:askForVotes(181)) - c39abe71-7611-4001-9539-bba876860d2a:group-4B9C4FB8C348:LeaderElection84: begin an election at term 3 for 0: [5edab1c0-df0e-4ea3-aa3c-59f2fee068b8:192.168.5.153:42707, c39abe71-7611-4001-9539-bba876860d2a:192.168.5.153:36438, 9596a9b3-71ac-4868-b50a-133dfe1be36f:192.168.5.153:37580], old=null
2019-09-04 10:44:52,004 [c39abe71-7611-4001-9539-bba876860d2a:group-4B9C4FB8C348:LeaderElection84] INFO  impl.LeaderElection (LogUtils.java:infoOrTrace(149)) - c39abe71-7611-4001-9539-bba876860d2a:group-4B9C4FB8C348:LeaderElection84 got exception when requesting votes: {}
java.util.concurrent.ExecutionException: org.apache.ratis.thirdparty.io.grpc.StatusRuntimeException: UNAVAILABLE: io exception
	at java.util.concurrent.FutureTask.report(FutureTask.java:122)
	at java.util.concurrent.FutureTask.get(FutureTask.java:192)
	at org.apache.ratis.server.impl.LeaderElection.waitForResults(LeaderElection.java:262)
	at org.apache.ratis.server.impl.LeaderElection.askForVotes(LeaderElection.java:200)
	at org.apache.ratis.server.impl.LeaderElection.run(LeaderElection.java:130)
	at java.lang.Thread.run(Thread.java:748)
Caused by: org.apache.ratis.thirdparty.io.grpc.StatusRuntimeException: UNAVAILABLE: io exception
	at org.apache.ratis.thirdparty.io.grpc.stub.ClientCalls.toStatusRuntimeException(ClientCalls.java:233)
	at org.apache.ratis.thirdparty.io.grpc.stub.ClientCalls.getUnchecked(ClientCalls.java:214)
	at org.apache.ratis.thirdparty.io.grpc.stub.ClientCalls.blockingUnaryCall(ClientCalls.java:139)
	at org.apache.ratis.proto.grpc.RaftServerProtocolServiceGrpc$RaftServerProtocolServiceBlockingStub.requestVote(RaftServerProtocolServiceGrpc.java:265)
	at org.apache.ratis.grpc.server.GrpcServerProtocolClient.requestVote(GrpcServerProtocolClient.java:83)
	at org.apache.ratis.grpc.server.GrpcService.requestVote(GrpcService.java:195)
	at org.apache.ratis.server.impl.LeaderElection.lambda$submitRequests$1(LeaderElection.java:237)
	at java.util.concurrent.FutureTask.run(FutureTask.java:266)
	at java.util.concurrent.Executors$RunnableAdapter.call(Executors.java:511)
	at java.util.concurrent.FutureTask.run(FutureTask.java:266)
	at java.util.concurrent.ThreadPoolExecutor.runWorker(ThreadPoolExecutor.java:1149)
	at java.util.concurrent.ThreadPoolExecutor$Worker.run(ThreadPoolExecutor.java:624)
	... 1 more
Caused by: org.apache.ratis.thirdparty.io.netty.channel.AbstractChannel$AnnotatedConnectException: Connection refused: /192.168.5.153:42707
	at sun.nio.ch.SocketChannelImpl.checkConnect(Native Method)
	at sun.nio.ch.SocketChannelImpl.finishConnect(SocketChannelImpl.java:717)
	at org.apache.ratis.thirdparty.io.netty.channel.socket.nio.NioSocketChannel.doFinishConnect(NioSocketChannel.java:327)
	at org.apache.ratis.thirdparty.io.netty.channel.nio.AbstractNioChannel$AbstractNioUnsafe.finishConnect(AbstractNioChannel.java:340)
	at org.apache.ratis.thirdparty.io.netty.channel.nio.NioEventLoop.processSelectedKey(NioEventLoop.java:632)
	at org.apache.ratis.thirdparty.io.netty.channel.nio.NioEventLoop.processSelectedKeysOptimized(NioEventLoop.java:579)
	at org.apache.ratis.thirdparty.io.netty.channel.nio.NioEventLoop.processSelectedKeys(NioEventLoop.java:496)
	at org.apache.ratis.thirdparty.io.netty.channel.nio.NioEventLoop.run(NioEventLoop.java:458)
	at org.apache.ratis.thirdparty.io.netty.util.concurrent.SingleThreadEventExecutor$5.run(SingleThreadEventExecutor.java:897)
	at org.apache.ratis.thirdparty.io.netty.util.concurrent.FastThreadLocalRunnable.run(FastThreadLocalRunnable.java:30)
	... 1 more
Caused by: java.net.ConnectException: Connection refused
	... 11 more
2019-09-04 10:44:52,007 [grpc-default-executor-10] INFO  impl.RaftServerImpl (ServerState.java:setLeader(263)) - 9596a9b3-71ac-4868-b50a-133dfe1be36f:group-4B9C4FB8C348 change Leader from 5edab1c0-df0e-4ea3-aa3c-59f2fee068b8 to null at term 3 for updateCurrentTerm
2019-09-04 10:44:52,007 [grpc-default-executor-10] INFO  impl.RaftServerImpl (RaftServerImpl.java:setRole(171)) - 9596a9b3-71ac-4868-b50a-133dfe1be36f:group-4B9C4FB8C348 changes role from FOLLOWER to FOLLOWER at term 3 for recognizeCandidate:c39abe71-7611-4001-9539-bba876860d2a
2019-09-04 10:44:52,007 [grpc-default-executor-10] INFO  impl.RoleInfo (RoleInfo.java:shutdownFollowerState(121)) - 9596a9b3-71ac-4868-b50a-133dfe1be36f: shutdown FollowerState
2019-09-04 10:44:52,008 [grpc-default-executor-10] INFO  impl.RoleInfo (RoleInfo.java:updateAndGet(143)) - 9596a9b3-71ac-4868-b50a-133dfe1be36f: start FollowerState
2019-09-04 10:44:52,008 [Thread-3645] INFO  impl.FollowerState (FollowerState.java:run(114)) - 9596a9b3-71ac-4868-b50a-133dfe1be36f: FollowerState was interrupted: java.lang.InterruptedException: sleep interrupted
2019-09-04 10:44:52,024 [c39abe71-7611-4001-9539-bba876860d2a:group-4B9C4FB8C348:LeaderElection84] INFO  impl.LeaderElection (LeaderElection.java:logAndReturn(56)) - c39abe71-7611-4001-9539-bba876860d2a:group-4B9C4FB8C348:LeaderElection84: Election PASSED; received 1 response(s) [c39abe71-7611-4001-9539-bba876860d2a<-9596a9b3-71ac-4868-b50a-133dfe1be36f#0:OK-t3] and 1 exception(s); c39abe71-7611-4001-9539-bba876860d2a:t3, leader=null, voted=c39abe71-7611-4001-9539-bba876860d2a, raftlog=c39abe71-7611-4001-9539-bba876860d2a-SegmentedRaftLog:OPENED:c14,f14,i14, conf=0: [5edab1c0-df0e-4ea3-aa3c-59f2fee068b8:192.168.5.153:42707, c39abe71-7611-4001-9539-bba876860d2a:192.168.5.153:36438, 9596a9b3-71ac-4868-b50a-133dfe1be36f:192.168.5.153:37580], old=null
2019-09-04 10:44:52,024 [c39abe71-7611-4001-9539-bba876860d2a:group-4B9C4FB8C348:LeaderElection84] INFO  impl.LeaderElection (LogUtils.java:infoOrTrace(149)) -   Exception 0: {}
java.util.concurrent.ExecutionException: org.apache.ratis.thirdparty.io.grpc.StatusRuntimeException: UNAVAILABLE: io exception
	at java.util.concurrent.FutureTask.report(FutureTask.java:122)
	at java.util.concurrent.FutureTask.get(FutureTask.java:192)
	at org.apache.ratis.server.impl.LeaderElection.waitForResults(LeaderElection.java:262)
	at org.apache.ratis.server.impl.LeaderElection.askForVotes(LeaderElection.java:200)
	at org.apache.ratis.server.impl.LeaderElection.run(LeaderElection.java:130)
	at java.lang.Thread.run(Thread.java:748)
Caused by: org.apache.ratis.thirdparty.io.grpc.StatusRuntimeException: UNAVAILABLE: io exception
	at org.apache.ratis.thirdparty.io.grpc.stub.ClientCalls.toStatusRuntimeException(ClientCalls.java:233)
	at org.apache.ratis.thirdparty.io.grpc.stub.ClientCalls.getUnchecked(ClientCalls.java:214)
	at org.apache.ratis.thirdparty.io.grpc.stub.ClientCalls.blockingUnaryCall(ClientCalls.java:139)
	at org.apache.ratis.proto.grpc.RaftServerProtocolServiceGrpc$RaftServerProtocolServiceBlockingStub.requestVote(RaftServerProtocolServiceGrpc.java:265)
	at org.apache.ratis.grpc.server.GrpcServerProtocolClient.requestVote(GrpcServerProtocolClient.java:83)
	at org.apache.ratis.grpc.server.GrpcService.requestVote(GrpcService.java:195)
	at org.apache.ratis.server.impl.LeaderElection.lambda$submitRequests$1(LeaderElection.java:237)
	at java.util.concurrent.FutureTask.run(FutureTask.java:266)
	at java.util.concurrent.Executors$RunnableAdapter.call(Executors.java:511)
	at java.util.concurrent.FutureTask.run(FutureTask.java:266)
	at java.util.concurrent.ThreadPoolExecutor.runWorker(ThreadPoolExecutor.java:1149)
	at java.util.concurrent.ThreadPoolExecutor$Worker.run(ThreadPoolExecutor.java:624)
	... 1 more
Caused by: org.apache.ratis.thirdparty.io.netty.channel.AbstractChannel$AnnotatedConnectException: Connection refused: /192.168.5.153:42707
	at sun.nio.ch.SocketChannelImpl.checkConnect(Native Method)
	at sun.nio.ch.SocketChannelImpl.finishConnect(SocketChannelImpl.java:717)
	at org.apache.ratis.thirdparty.io.netty.channel.socket.nio.NioSocketChannel.doFinishConnect(NioSocketChannel.java:327)
	at org.apache.ratis.thirdparty.io.netty.channel.nio.AbstractNioChannel$AbstractNioUnsafe.finishConnect(AbstractNioChannel.java:340)
	at org.apache.ratis.thirdparty.io.netty.channel.nio.NioEventLoop.processSelectedKey(NioEventLoop.java:632)
	at org.apache.ratis.thirdparty.io.netty.channel.nio.NioEventLoop.processSelectedKeysOptimized(NioEventLoop.java:579)
	at org.apache.ratis.thirdparty.io.netty.channel.nio.NioEventLoop.processSelectedKeys(NioEventLoop.java:496)
	at org.apache.ratis.thirdparty.io.netty.channel.nio.NioEventLoop.run(NioEventLoop.java:458)
	at org.apache.ratis.thirdparty.io.netty.util.concurrent.SingleThreadEventExecutor$5.run(SingleThreadEventExecutor.java:897)
	at org.apache.ratis.thirdparty.io.netty.util.concurrent.FastThreadLocalRunnable.run(FastThreadLocalRunnable.java:30)
	... 1 more
Caused by: java.net.ConnectException: Connection refused
	... 11 more
2019-09-04 10:44:52,024 [c39abe71-7611-4001-9539-bba876860d2a:group-4B9C4FB8C348:LeaderElection84] INFO  impl.RoleInfo (RoleInfo.java:shutdownLeaderElection(134)) - c39abe71-7611-4001-9539-bba876860d2a: shutdown LeaderElection
2019-09-04 10:44:52,024 [c39abe71-7611-4001-9539-bba876860d2a:group-4B9C4FB8C348:LeaderElection84] INFO  impl.RaftServerImpl (RaftServerImpl.java:setRole(171)) - c39abe71-7611-4001-9539-bba876860d2a:group-4B9C4FB8C348 changes role from CANDIDATE to LEADER at term 3 for changeToLeader
2019-09-04 10:44:52,024 [c39abe71-7611-4001-9539-bba876860d2a:group-4B9C4FB8C348:LeaderElection84] INFO  impl.RaftServerImpl (ServerState.java:setLeader(263)) - c39abe71-7611-4001-9539-bba876860d2a:group-4B9C4FB8C348 change Leader from null to c39abe71-7611-4001-9539-bba876860d2a at term 3 for becomeLeader, leader elected after 47ms
2019-09-04 10:44:52,024 [c39abe71-7611-4001-9539-bba876860d2a:group-4B9C4FB8C348:LeaderElection84] INFO  server.RaftServerConfigKeys (ConfUtils.java:logGet(43)) - raft.server.staging.catchup.gap = 1000 (default)
2019-09-04 10:44:52,025 [c39abe71-7611-4001-9539-bba876860d2a:group-4B9C4FB8C348:LeaderElection84] INFO  server.RaftServerConfigKeys (ConfUtils.java:logGet(43)) - raft.server.rpc.sleep.time = 25ms (default)
2019-09-04 10:44:52,025 [c39abe71-7611-4001-9539-bba876860d2a:group-4B9C4FB8C348:LeaderElection84] INFO  server.RaftServerConfigKeys (ConfUtils.java:logGet(43)) - raft.server.write.element-limit = 4096 (default)
2019-09-04 10:44:52,025 [c39abe71-7611-4001-9539-bba876860d2a:group-4B9C4FB8C348:LeaderElection84] INFO  server.RaftServerConfigKeys (ConfUtils.java:logGet(43)) - raft.server.watch.timeout = 10s (default)
2019-09-04 10:44:52,025 [c39abe71-7611-4001-9539-bba876860d2a:group-4B9C4FB8C348:LeaderElection84] INFO  server.RaftServerConfigKeys (ConfUtils.java:logGet(43)) - raft.server.watch.timeout.denomination = 1s (default)
2019-09-04 10:44:52,025 [c39abe71-7611-4001-9539-bba876860d2a:group-4B9C4FB8C348:LeaderElection84] INFO  server.RaftServerConfigKeys (ConfUtils.java:logGet(43)) - raft.server.watch.element-limit = 65536 (default)
2019-09-04 10:44:52,025 [c39abe71-7611-4001-9539-bba876860d2a:group-4B9C4FB8C348:LeaderElection84] INFO  server.RaftServerConfigKeys (ConfUtils.java:logGet(43)) - raft.server.log.appender.snapshot.chunk.size.max = 16MB (=16777216) (default)
2019-09-04 10:44:52,025 [c39abe71-7611-4001-9539-bba876860d2a:group-4B9C4FB8C348:LeaderElection84] INFO  server.RaftServerConfigKeys (ConfUtils.java:logGet(43)) - raft.server.log.appender.buffer.byte-limit = 33554432 (custom)
2019-09-04 10:44:52,026 [c39abe71-7611-4001-9539-bba876860d2a:group-4B9C4FB8C348:LeaderElection84] INFO  server.RaftServerConfigKeys (ConfUtils.java:logGet(43)) - raft.server.log.appender.buffer.element-limit = 1 (custom)
2019-09-04 10:44:52,026 [c39abe71-7611-4001-9539-bba876860d2a:group-4B9C4FB8C348:LeaderElection84] INFO  grpc.GrpcConfigKeys$Server (ConfUtils.java:logGet(43)) - raft.grpc.server.leader.outstanding.appends.max = 128 (default)
2019-09-04 10:44:52,026 [c39abe71-7611-4001-9539-bba876860d2a:group-4B9C4FB8C348:LeaderElection84] INFO  server.RaftServerConfigKeys (ConfUtils.java:logGet(43)) - raft.server.rpc.request.timeout = 3000ms (default)
2019-09-04 10:44:52,026 [c39abe71-7611-4001-9539-bba876860d2a:group-4B9C4FB8C348:LeaderElection84] INFO  server.RaftServerConfigKeys (ConfUtils.java:logGet(43)) - raft.server.log.appender.install.snapshot.enabled = false (custom)
2019-09-04 10:44:52,026 [c39abe71-7611-4001-9539-bba876860d2a:group-4B9C4FB8C348:LeaderElection84] INFO  server.RaftServerConfigKeys (ConfUtils.java:logGet(43)) - raft.server.log.appender.snapshot.chunk.size.max = 16MB (=16777216) (default)
2019-09-04 10:44:52,026 [c39abe71-7611-4001-9539-bba876860d2a:group-4B9C4FB8C348:LeaderElection84] INFO  server.RaftServerConfigKeys (ConfUtils.java:logGet(43)) - raft.server.log.appender.buffer.byte-limit = 33554432 (custom)
2019-09-04 10:44:52,026 [c39abe71-7611-4001-9539-bba876860d2a:group-4B9C4FB8C348:LeaderElection84] INFO  server.RaftServerConfigKeys (ConfUtils.java:logGet(43)) - raft.server.log.appender.buffer.element-limit = 1 (custom)
2019-09-04 10:44:52,027 [c39abe71-7611-4001-9539-bba876860d2a:group-4B9C4FB8C348:LeaderElection84] INFO  grpc.GrpcConfigKeys$Server (ConfUtils.java:logGet(43)) - raft.grpc.server.leader.outstanding.appends.max = 128 (default)
2019-09-04 10:44:52,027 [c39abe71-7611-4001-9539-bba876860d2a:group-4B9C4FB8C348:LeaderElection84] INFO  server.RaftServerConfigKeys (ConfUtils.java:logGet(43)) - raft.server.rpc.request.timeout = 3000ms (default)
2019-09-04 10:44:52,027 [c39abe71-7611-4001-9539-bba876860d2a:group-4B9C4FB8C348:LeaderElection84] INFO  server.RaftServerConfigKeys (ConfUtils.java:logGet(43)) - raft.server.log.appender.install.snapshot.enabled = false (custom)
2019-09-04 10:44:52,027 [c39abe71-7611-4001-9539-bba876860d2a:group-4B9C4FB8C348:LeaderElection84] INFO  impl.RoleInfo (RoleInfo.java:updateAndGet(143)) - c39abe71-7611-4001-9539-bba876860d2a: start LeaderState
2019-09-04 10:44:52,027 [c39abe71-7611-4001-9539-bba876860d2a:group-4B9C4FB8C348:LeaderElection84] INFO  segmented.SegmentedRaftLogWorker (SegmentedRaftLogWorker.java:rollLogSegment(385)) - c39abe71-7611-4001-9539-bba876860d2a-SegmentedRaftLogWorker:Storage Directory /workdir/hadoop-ozone/integration-test/target/test-dir/MiniOzoneClusterImpl-8ced44ca-4ee5-44c9-aeff-63b5df35a8b0/datanode-5/data/ratis/f13a0c18-ac8e-48fe-acca-4b9c4fb8c348: Rolling segment log-0_14 to index:14
2019-09-04 10:44:52,028 [c39abe71-7611-4001-9539-bba876860d2a:group-4B9C4FB8C348:LeaderElection84] INFO  impl.RaftServerImpl (ServerState.java:setRaftConf(361)) - c39abe71-7611-4001-9539-bba876860d2a:group-4B9C4FB8C348 set configuration 15: [5edab1c0-df0e-4ea3-aa3c-59f2fee068b8:192.168.5.153:42707, c39abe71-7611-4001-9539-bba876860d2a:192.168.5.153:36438, 9596a9b3-71ac-4868-b50a-133dfe1be36f:192.168.5.153:37580], old=null at 15
2019-09-04 10:44:52,028 [c39abe71-7611-4001-9539-bba876860d2a-SegmentedRaftLogWorker:Storage Directory /workdir/hadoop-ozone/integration-test/target/test-dir/MiniOzoneClusterImpl-8ced44ca-4ee5-44c9-aeff-63b5df35a8b0/datanode-5/data/ratis/f13a0c18-ac8e-48fe-acca-4b9c4fb8c348] INFO  segmented.SegmentedRaftLogWorker (SegmentedRaftLogWorker.java:execute(526)) - c39abe71-7611-4001-9539-bba876860d2a-SegmentedRaftLogWorker:Storage Directory /workdir/hadoop-ozone/integration-test/target/test-dir/MiniOzoneClusterImpl-8ced44ca-4ee5-44c9-aeff-63b5df35a8b0/datanode-5/data/ratis/f13a0c18-ac8e-48fe-acca-4b9c4fb8c348: Rolled log segment from /workdir/hadoop-ozone/integration-test/target/test-dir/MiniOzoneClusterImpl-8ced44ca-4ee5-44c9-aeff-63b5df35a8b0/datanode-5/data/ratis/f13a0c18-ac8e-48fe-acca-4b9c4fb8c348/current/log_inprogress_0 to /workdir/hadoop-ozone/integration-test/target/test-dir/MiniOzoneClusterImpl-8ced44ca-4ee5-44c9-aeff-63b5df35a8b0/datanode-5/data/ratis/f13a0c18-ac8e-48fe-acca-4b9c4fb8c348/current/log_0-14
2019-09-04 10:44:52,028 [grpc-default-executor-10] WARN  server.GrpcLogAppender (LogUtils.java:warn(134)) - c39abe71-7611-4001-9539-bba876860d2a->5edab1c0-df0e-4ea3-aa3c-59f2fee068b8: Failed appendEntries: org.apache.ratis.thirdparty.io.grpc.StatusRuntimeException: UNAVAILABLE: io exception
2019-09-04 10:44:52,029 [grpc-default-executor-10] INFO  impl.FollowerInfo (FollowerInfo.java:lambda$new$0(50)) - c39abe71-7611-4001-9539-bba876860d2a->5edab1c0-df0e-4ea3-aa3c-59f2fee068b8: nextIndex: updateUnconditionally 15 -> 1
2019-09-04 10:44:52,029 [grpc-default-executor-10] INFO  impl.RaftServerImpl (ServerState.java:setLeader(263)) - 9596a9b3-71ac-4868-b50a-133dfe1be36f:group-4B9C4FB8C348 change Leader from null to c39abe71-7611-4001-9539-bba876860d2a at term 3 for appendEntries, leader elected after 22ms
2019-09-04 10:44:52,032 [grpc-default-executor-10] INFO  impl.RaftServerImpl (ServerState.java:setRaftConf(361)) - 9596a9b3-71ac-4868-b50a-133dfe1be36f:group-4B9C4FB8C348 set configuration 15: [5edab1c0-df0e-4ea3-aa3c-59f2fee068b8:192.168.5.153:42707, c39abe71-7611-4001-9539-bba876860d2a:192.168.5.153:36438, 9596a9b3-71ac-4868-b50a-133dfe1be36f:192.168.5.153:37580], old=null at 15
2019-09-04 10:44:52,032 [grpc-default-executor-10] INFO  segmented.SegmentedRaftLogWorker (SegmentedRaftLogWorker.java:rollLogSegment(385)) - 9596a9b3-71ac-4868-b50a-133dfe1be36f-SegmentedRaftLogWorker:Storage Directory /workdir/hadoop-ozone/integration-test/target/test-dir/MiniOzoneClusterImpl-8ced44ca-4ee5-44c9-aeff-63b5df35a8b0/datanode-2/data/ratis/f13a0c18-ac8e-48fe-acca-4b9c4fb8c348: Rolling segment log-0_14 to index:14
2019-09-04 10:44:52,032 [9596a9b3-71ac-4868-b50a-133dfe1be36f-SegmentedRaftLogWorker:Storage Directory /workdir/hadoop-ozone/integration-test/target/test-dir/MiniOzoneClusterImpl-8ced44ca-4ee5-44c9-aeff-63b5df35a8b0/datanode-2/data/ratis/f13a0c18-ac8e-48fe-acca-4b9c4fb8c348] INFO  segmented.SegmentedRaftLogWorker (SegmentedRaftLogWorker.java:execute(526)) - 9596a9b3-71ac-4868-b50a-133dfe1be36f-SegmentedRaftLogWorker:Storage Directory /workdir/hadoop-ozone/integration-test/target/test-dir/MiniOzoneClusterImpl-8ced44ca-4ee5-44c9-aeff-63b5df35a8b0/datanode-2/data/ratis/f13a0c18-ac8e-48fe-acca-4b9c4fb8c348: Rolled log segment from /workdir/hadoop-ozone/integration-test/target/test-dir/MiniOzoneClusterImpl-8ced44ca-4ee5-44c9-aeff-63b5df35a8b0/datanode-2/data/ratis/f13a0c18-ac8e-48fe-acca-4b9c4fb8c348/current/log_inprogress_0 to /workdir/hadoop-ozone/integration-test/target/test-dir/MiniOzoneClusterImpl-8ced44ca-4ee5-44c9-aeff-63b5df35a8b0/datanode-2/data/ratis/f13a0c18-ac8e-48fe-acca-4b9c4fb8c348/current/log_0-14
2019-09-04 10:44:52,085 [c39abe71-7611-4001-9539-bba876860d2a-SegmentedRaftLogWorker:Storage Directory /workdir/hadoop-ozone/integration-test/target/test-dir/MiniOzoneClusterImpl-8ced44ca-4ee5-44c9-aeff-63b5df35a8b0/datanode-5/data/ratis/f13a0c18-ac8e-48fe-acca-4b9c4fb8c348] INFO  segmented.SegmentedRaftLogWorker (SegmentedRaftLogWorker.java:execute(569)) - c39abe71-7611-4001-9539-bba876860d2a-SegmentedRaftLogWorker:Storage Directory /workdir/hadoop-ozone/integration-test/target/test-dir/MiniOzoneClusterImpl-8ced44ca-4ee5-44c9-aeff-63b5df35a8b0/datanode-5/data/ratis/f13a0c18-ac8e-48fe-acca-4b9c4fb8c348: created new log segment /workdir/hadoop-ozone/integration-test/target/test-dir/MiniOzoneClusterImpl-8ced44ca-4ee5-44c9-aeff-63b5df35a8b0/datanode-5/data/ratis/f13a0c18-ac8e-48fe-acca-4b9c4fb8c348/current/log_inprogress_15
2019-09-04 10:44:52,085 [9596a9b3-71ac-4868-b50a-133dfe1be36f-SegmentedRaftLogWorker:Storage Directory /workdir/hadoop-ozone/integration-test/target/test-dir/MiniOzoneClusterImpl-8ced44ca-4ee5-44c9-aeff-63b5df35a8b0/datanode-2/data/ratis/f13a0c18-ac8e-48fe-acca-4b9c4fb8c348] INFO  segmented.SegmentedRaftLogWorker (SegmentedRaftLogWorker.java:execute(569)) - 9596a9b3-71ac-4868-b50a-133dfe1be36f-SegmentedRaftLogWorker:Storage Directory /workdir/hadoop-ozone/integration-test/target/test-dir/MiniOzoneClusterImpl-8ced44ca-4ee5-44c9-aeff-63b5df35a8b0/datanode-2/data/ratis/f13a0c18-ac8e-48fe-acca-4b9c4fb8c348: created new log segment /workdir/hadoop-ozone/integration-test/target/test-dir/MiniOzoneClusterImpl-8ced44ca-4ee5-44c9-aeff-63b5df35a8b0/datanode-2/data/ratis/f13a0c18-ac8e-48fe-acca-4b9c4fb8c348/current/log_inprogress_15
2019-09-04 10:44:52,117 [grpc-default-executor-9] WARN  server.GrpcLogAppender (LogUtils.java:warn(134)) - c39abe71-7611-4001-9539-bba876860d2a->5edab1c0-df0e-4ea3-aa3c-59f2fee068b8: Failed appendEntries: org.apache.ratis.thirdparty.io.grpc.StatusRuntimeException: UNAVAILABLE: io exception
2019-09-04 10:44:52,118 [grpc-default-executor-9] INFO  impl.FollowerInfo (FollowerInfo.java:lambda$new$0(50)) - c39abe71-7611-4001-9539-bba876860d2a->5edab1c0-df0e-4ea3-aa3c-59f2fee068b8: nextIndex: updateUnconditionally 2 -> 1
2019-09-04 10:44:52,129 [grpc-default-executor-5] WARN  server.GrpcLogAppender (LogUtils.java:warn(134)) - c39abe71-7611-4001-9539-bba876860d2a->5edab1c0-df0e-4ea3-aa3c-59f2fee068b8: Failed appendEntries: org.apache.ratis.thirdparty.io.grpc.StatusRuntimeException: UNAVAILABLE: io exception
2019-09-04 10:44:52,130 [grpc-default-executor-9] INFO  client.GrpcClientProtocolClient (GrpcClientProtocolClient.java:onNext(255)) - client-86E38FB4E84C->9596a9b3-71ac-4868-b50a-133dfe1be36f: receive RaftClientReply:client-86E38FB4E84C->9596a9b3-71ac-4868-b50a-133dfe1be36f@group-4B9C4FB8C348, cid=192, FAILED org.apache.ratis.protocol.NotLeaderException: Server 9596a9b3-71ac-4868-b50a-133dfe1be36f is not the leader (c39abe71-7611-4001-9539-bba876860d2a:192.168.5.153:36438). Request must be sent to leader., logIndex=0, commits[9596a9b3-71ac-4868-b50a-133dfe1be36f:c15, 5edab1c0-df0e-4ea3-aa3c-59f2fee068b8:c14, c39abe71-7611-4001-9539-bba876860d2a:c15]
2019-09-04 10:44:52,130 [grpc-default-executor-5] INFO  impl.FollowerInfo (FollowerInfo.java:lambda$new$0(50)) - c39abe71-7611-4001-9539-bba876860d2a->5edab1c0-df0e-4ea3-aa3c-59f2fee068b8: nextIndex: updateUnconditionally 2 -> 1
10:44:52.136 [grpc-default-executor-5] ERROR DNAudit - user=null | ip=null | op=WRITE_CHUNK {blockData=conID: 1 locID: 102733831691960334 bcsId: 12} | ret=FAILURE
org.apache.hadoop.hdds.scm.container.common.helpers.ContainerNotOpenException: Container 1 in CLOSING state
	at org.apache.hadoop.ozone.container.common.impl.HddsDispatcher.validateContainerCommand(HddsDispatcher.java:408) ~[hadoop-hdds-container-service-0.5.0-SNAPSHOT.jar:?]
	at org.apache.hadoop.ozone.container.common.transport.server.ratis.ContainerStateMachine.startTransaction(ContainerStateMachine.java:310) ~[hadoop-hdds-container-service-0.5.0-SNAPSHOT.jar:?]
	at org.apache.ratis.server.impl.RaftServerImpl.submitClientRequestAsync(RaftServerImpl.java:566) ~[ratis-server-0.4.0-2337318-SNAPSHOT.jar:0.4.0-2337318-SNAPSHOT]
	at org.apache.ratis.server.impl.RaftServerProxy.lambda$submitClientRequestAsync$7(RaftServerProxy.java:333) ~[ratis-server-0.4.0-2337318-SNAPSHOT.jar:0.4.0-2337318-SNAPSHOT]
	at org.apache.ratis.server.impl.RaftServerProxy.lambda$null$5(RaftServerProxy.java:328) ~[ratis-server-0.4.0-2337318-SNAPSHOT.jar:0.4.0-2337318-SNAPSHOT]
	at org.apache.ratis.util.JavaUtils.callAsUnchecked(JavaUtils.java:109) ~[ratis-common-0.4.0-2337318-SNAPSHOT.jar:0.4.0-2337318-SNAPSHOT]
	at org.apache.ratis.server.impl.RaftServerProxy.lambda$submitRequest$6(RaftServerProxy.java:328) ~[ratis-server-0.4.0-2337318-SNAPSHOT.jar:0.4.0-2337318-SNAPSHOT]
	at java.util.concurrent.CompletableFuture.uniComposeStage(CompletableFuture.java:981) ~[?:1.8.0_212]
	at java.util.concurrent.CompletableFuture.thenCompose(CompletableFuture.java:2124) ~[?:1.8.0_212]
	at org.apache.ratis.server.impl.RaftServerProxy.submitRequest(RaftServerProxy.java:327) ~[ratis-server-0.4.0-2337318-SNAPSHOT.jar:0.4.0-2337318-SNAPSHOT]
	at org.apache.ratis.server.impl.RaftServerProxy.submitClientRequestAsync(RaftServerProxy.java:333) ~[ratis-server-0.4.0-2337318-SNAPSHOT.jar:0.4.0-2337318-SNAPSHOT]
	at org.apache.ratis.grpc.client.GrpcClientProtocolService$RequestStreamObserver.processClientRequest(GrpcClientProtocolService.java:220) ~[ratis-grpc-0.4.0-2337318-SNAPSHOT.jar:0.4.0-2337318-SNAPSHOT]
	at org.apache.ratis.grpc.client.GrpcClientProtocolService$OrderedRequestStreamObserver.processClientRequest(GrpcClientProtocolService.java:326) ~[ratis-grpc-0.4.0-2337318-SNAPSHOT.jar:0.4.0-2337318-SNAPSHOT]
	at org.apache.ratis.util.SlidingWindow$Server.processRequestsFromHead(SlidingWindow.java:429) [ratis-common-0.4.0-2337318-SNAPSHOT.jar:0.4.0-2337318-SNAPSHOT]
	at org.apache.ratis.util.SlidingWindow$Server.receivedRequest(SlidingWindow.java:421) [ratis-common-0.4.0-2337318-SNAPSHOT.jar:0.4.0-2337318-SNAPSHOT]
	at org.apache.ratis.grpc.client.GrpcClientProtocolService$OrderedRequestStreamObserver.processClientRequest(GrpcClientProtocolService.java:345) [ratis-grpc-0.4.0-2337318-SNAPSHOT.jar:0.4.0-2337318-SNAPSHOT]
	at org.apache.ratis.grpc.client.GrpcClientProtocolService$RequestStreamObserver.onNext(GrpcClientProtocolService.java:240) [ratis-grpc-0.4.0-2337318-SNAPSHOT.jar:0.4.0-2337318-SNAPSHOT]
	at org.apache.ratis.grpc.client.GrpcClientProtocolService$RequestStreamObserver.onNext(GrpcClientProtocolService.java:168) [ratis-grpc-0.4.0-2337318-SNAPSHOT.jar:0.4.0-2337318-SNAPSHOT]
	at org.apache.ratis.thirdparty.io.grpc.stub.ServerCalls$StreamingServerCallHandler$StreamingServerCallListener.onMessage(ServerCalls.java:248) [ratis-thirdparty-misc-0.2.0.jar:0.2.0]
	at org.apache.ratis.thirdparty.io.grpc.internal.ServerCallImpl$ServerStreamListenerImpl.messagesAvailable(ServerCallImpl.java:263) [ratis-thirdparty-misc-0.2.0.jar:0.2.0]
	at org.apache.ratis.thirdparty.io.grpc.internal.ServerImpl$JumpToApplicationThreadServerStreamListener$1MessagesAvailable.runInContext(ServerImpl.java:686) [ratis-thirdparty-misc-0.2.0.jar:0.2.0]
	at org.apache.ratis.thirdparty.io.grpc.internal.ContextRunnable.run(ContextRunnable.java:37) [ratis-thirdparty-misc-0.2.0.jar:0.2.0]
	at org.apache.ratis.thirdparty.io.grpc.internal.SerializingExecutor.run(SerializingExecutor.java:123) [ratis-thirdparty-misc-0.2.0.jar:0.2.0]
	at java.util.concurrent.ThreadPoolExecutor.runWorker(ThreadPoolExecutor.java:1149) [?:1.8.0_212]
	at java.util.concurrent.ThreadPoolExecutor$Worker.run(ThreadPoolExecutor.java:624) [?:1.8.0_212]
	at java.lang.Thread.run(Thread.java:748) [?:1.8.0_212]
2019-09-04 10:44:52,148 [grpc-default-executor-5] INFO  client.GrpcClientProtocolClient (GrpcClientProtocolClient.java:onNext(255)) - client-86E38FB4E84C->c39abe71-7611-4001-9539-bba876860d2a: receive RaftClientReply:client-86E38FB4E84C->c39abe71-7611-4001-9539-bba876860d2a@group-4B9C4FB8C348, cid=192, FAILED org.apache.ratis.protocol.StateMachineException: org.apache.hadoop.hdds.scm.container.common.helpers.ContainerNotOpenException from Server c39abe71-7611-4001-9539-bba876860d2a: Container 1 in CLOSING state, logIndex=0, commits[c39abe71-7611-4001-9539-bba876860d2a:c16, 5edab1c0-df0e-4ea3-aa3c-59f2fee068b8:c14, 9596a9b3-71ac-4868-b50a-133dfe1be36f:c15]
10:44:52.149 [grpc-default-executor-9] ERROR DNAudit - user=null | ip=null | op=WRITE_CHUNK {blockData=conID: 1 locID: 102733831691960334 bcsId: 12} | ret=FAILURE
org.apache.hadoop.hdds.scm.container.common.helpers.ContainerNotOpenException: Container 1 in CLOSING state
	at org.apache.hadoop.ozone.container.common.impl.HddsDispatcher.validateContainerCommand(HddsDispatcher.java:408) ~[hadoop-hdds-container-service-0.5.0-SNAPSHOT.jar:?]
	at org.apache.hadoop.ozone.container.common.transport.server.ratis.ContainerStateMachine.startTransaction(ContainerStateMachine.java:310) ~[hadoop-hdds-container-service-0.5.0-SNAPSHOT.jar:?]
	at org.apache.ratis.server.impl.RaftServerImpl.submitClientRequestAsync(RaftServerImpl.java:566) ~[ratis-server-0.4.0-2337318-SNAPSHOT.jar:0.4.0-2337318-SNAPSHOT]
	at org.apache.ratis.server.impl.RaftServerProxy.lambda$submitClientRequestAsync$7(RaftServerProxy.java:333) ~[ratis-server-0.4.0-2337318-SNAPSHOT.jar:0.4.0-2337318-SNAPSHOT]
	at org.apache.ratis.server.impl.RaftServerProxy.lambda$null$5(RaftServerProxy.java:328) ~[ratis-server-0.4.0-2337318-SNAPSHOT.jar:0.4.0-2337318-SNAPSHOT]
	at org.apache.ratis.util.JavaUtils.callAsUnchecked(JavaUtils.java:109) ~[ratis-common-0.4.0-2337318-SNAPSHOT.jar:0.4.0-2337318-SNAPSHOT]
	at org.apache.ratis.server.impl.RaftServerProxy.lambda$submitRequest$6(RaftServerProxy.java:328) ~[ratis-server-0.4.0-2337318-SNAPSHOT.jar:0.4.0-2337318-SNAPSHOT]
	at java.util.concurrent.CompletableFuture.uniComposeStage(CompletableFuture.java:981) ~[?:1.8.0_212]
	at java.util.concurrent.CompletableFuture.thenCompose(CompletableFuture.java:2124) ~[?:1.8.0_212]
	at org.apache.ratis.server.impl.RaftServerProxy.submitRequest(RaftServerProxy.java:327) ~[ratis-server-0.4.0-2337318-SNAPSHOT.jar:0.4.0-2337318-SNAPSHOT]
	at org.apache.ratis.server.impl.RaftServerProxy.submitClientRequestAsync(RaftServerProxy.java:333) ~[ratis-server-0.4.0-2337318-SNAPSHOT.jar:0.4.0-2337318-SNAPSHOT]
	at org.apache.ratis.grpc.client.GrpcClientProtocolService$RequestStreamObserver.processClientRequest(GrpcClientProtocolService.java:220) ~[ratis-grpc-0.4.0-2337318-SNAPSHOT.jar:0.4.0-2337318-SNAPSHOT]
	at org.apache.ratis.grpc.client.GrpcClientProtocolService$OrderedRequestStreamObserver.processClientRequest(GrpcClientProtocolService.java:326) ~[ratis-grpc-0.4.0-2337318-SNAPSHOT.jar:0.4.0-2337318-SNAPSHOT]
	at org.apache.ratis.util.SlidingWindow$Server.processRequestsFromHead(SlidingWindow.java:429) [ratis-common-0.4.0-2337318-SNAPSHOT.jar:0.4.0-2337318-SNAPSHOT]
	at org.apache.ratis.util.SlidingWindow$Server.receivedRequest(SlidingWindow.java:421) [ratis-common-0.4.0-2337318-SNAPSHOT.jar:0.4.0-2337318-SNAPSHOT]
	at org.apache.ratis.grpc.client.GrpcClientProtocolService$OrderedRequestStreamObserver.processClientRequest(GrpcClientProtocolService.java:345) [ratis-grpc-0.4.0-2337318-SNAPSHOT.jar:0.4.0-2337318-SNAPSHOT]
	at org.apache.ratis.grpc.client.GrpcClientProtocolService$RequestStreamObserver.onNext(GrpcClientProtocolService.java:240) [ratis-grpc-0.4.0-2337318-SNAPSHOT.jar:0.4.0-2337318-SNAPSHOT]
	at org.apache.ratis.grpc.client.GrpcClientProtocolService$RequestStreamObserver.onNext(GrpcClientProtocolService.java:168) [ratis-grpc-0.4.0-2337318-SNAPSHOT.jar:0.4.0-2337318-SNAPSHOT]
	at org.apache.ratis.thirdparty.io.grpc.stub.ServerCalls$StreamingServerCallHandler$StreamingServerCallListener.onMessage(ServerCalls.java:248) [ratis-thirdparty-misc-0.2.0.jar:0.2.0]
	at org.apache.ratis.thirdparty.io.grpc.internal.ServerCallImpl$ServerStreamListenerImpl.messagesAvailable(ServerCallImpl.java:263) [ratis-thirdparty-misc-0.2.0.jar:0.2.0]
	at org.apache.ratis.thirdparty.io.grpc.internal.ServerImpl$JumpToApplicationThreadServerStreamListener$1MessagesAvailable.runInContext(ServerImpl.java:686) [ratis-thirdparty-misc-0.2.0.jar:0.2.0]
	at org.apache.ratis.thirdparty.io.grpc.internal.ContextRunnable.run(ContextRunnable.java:37) [ratis-thirdparty-misc-0.2.0.jar:0.2.0]
	at org.apache.ratis.thirdparty.io.grpc.internal.SerializingExecutor.run(SerializingExecutor.java:123) [ratis-thirdparty-misc-0.2.0.jar:0.2.0]
	at java.util.concurrent.ThreadPoolExecutor.runWorker(ThreadPoolExecutor.java:1149) [?:1.8.0_212]
	at java.util.concurrent.ThreadPoolExecutor$Worker.run(ThreadPoolExecutor.java:624) [?:1.8.0_212]
	at java.lang.Thread.run(Thread.java:748) [?:1.8.0_212]
10:44:52.152 [grpc-default-executor-9] ERROR DNAudit - user=null | ip=null | op=PUT_BLOCK {blockData=[blockId=conID: 1 locID: 102733831691960334 bcsId: 0,size=650]} | ret=FAILURE
org.apache.hadoop.hdds.scm.container.common.helpers.ContainerNotOpenException: Container 1 in CLOSING state
	at org.apache.hadoop.ozone.container.common.impl.HddsDispatcher.validateContainerCommand(HddsDispatcher.java:408) ~[hadoop-hdds-container-service-0.5.0-SNAPSHOT.jar:?]
	at org.apache.hadoop.ozone.container.common.transport.server.ratis.ContainerStateMachine.startTransaction(ContainerStateMachine.java:310) ~[hadoop-hdds-container-service-0.5.0-SNAPSHOT.jar:?]
	at org.apache.ratis.server.impl.RaftServerImpl.submitClientRequestAsync(RaftServerImpl.java:566) ~[ratis-server-0.4.0-2337318-SNAPSHOT.jar:0.4.0-2337318-SNAPSHOT]
	at org.apache.ratis.server.impl.RaftServerProxy.lambda$submitClientRequestAsync$7(RaftServerProxy.java:333) ~[ratis-server-0.4.0-2337318-SNAPSHOT.jar:0.4.0-2337318-SNAPSHOT]
	at org.apache.ratis.server.impl.RaftServerProxy.lambda$null$5(RaftServerProxy.java:328) ~[ratis-server-0.4.0-2337318-SNAPSHOT.jar:0.4.0-2337318-SNAPSHOT]
	at org.apache.ratis.util.JavaUtils.callAsUnchecked(JavaUtils.java:109) ~[ratis-common-0.4.0-2337318-SNAPSHOT.jar:0.4.0-2337318-SNAPSHOT]
	at org.apache.ratis.server.impl.RaftServerProxy.lambda$submitRequest$6(RaftServerProxy.java:328) ~[ratis-server-0.4.0-2337318-SNAPSHOT.jar:0.4.0-2337318-SNAPSHOT]
	at java.util.concurrent.CompletableFuture.uniComposeStage(CompletableFuture.java:981) ~[?:1.8.0_212]
	at java.util.concurrent.CompletableFuture.thenCompose(CompletableFuture.java:2124) ~[?:1.8.0_212]
	at org.apache.ratis.server.impl.RaftServerProxy.submitRequest(RaftServerProxy.java:327) ~[ratis-server-0.4.0-2337318-SNAPSHOT.jar:0.4.0-2337318-SNAPSHOT]
	at org.apache.ratis.server.impl.RaftServerProxy.submitClientRequestAsync(RaftServerProxy.java:333) ~[ratis-server-0.4.0-2337318-SNAPSHOT.jar:0.4.0-2337318-SNAPSHOT]
	at org.apache.ratis.grpc.client.GrpcClientProtocolService$RequestStreamObserver.processClientRequest(GrpcClientProtocolService.java:220) ~[ratis-grpc-0.4.0-2337318-SNAPSHOT.jar:0.4.0-2337318-SNAPSHOT]
	at org.apache.ratis.grpc.client.GrpcClientProtocolService$OrderedRequestStreamObserver.processClientRequest(GrpcClientProtocolService.java:326) ~[ratis-grpc-0.4.0-2337318-SNAPSHOT.jar:0.4.0-2337318-SNAPSHOT]
	at org.apache.ratis.util.SlidingWindow$Server.processRequestsFromHead(SlidingWindow.java:429) [ratis-common-0.4.0-2337318-SNAPSHOT.jar:0.4.0-2337318-SNAPSHOT]
	at org.apache.ratis.util.SlidingWindow$Server.receivedRequest(SlidingWindow.java:421) [ratis-common-0.4.0-2337318-SNAPSHOT.jar:0.4.0-2337318-SNAPSHOT]
	at org.apache.ratis.grpc.client.GrpcClientProtocolService$OrderedRequestStreamObserver.processClientRequest(GrpcClientProtocolService.java:345) [ratis-grpc-0.4.0-2337318-SNAPSHOT.jar:0.4.0-2337318-SNAPSHOT]
	at org.apache.ratis.grpc.client.GrpcClientProtocolService$RequestStreamObserver.onNext(GrpcClientProtocolService.java:240) [ratis-grpc-0.4.0-2337318-SNAPSHOT.jar:0.4.0-2337318-SNAPSHOT]
	at org.apache.ratis.grpc.client.GrpcClientProtocolService$RequestStreamObserver.onNext(GrpcClientProtocolService.java:168) [ratis-grpc-0.4.0-2337318-SNAPSHOT.jar:0.4.0-2337318-SNAPSHOT]
	at org.apache.ratis.thirdparty.io.grpc.stub.ServerCalls$StreamingServerCallHandler$StreamingServerCallListener.onMessage(ServerCalls.java:248) [ratis-thirdparty-misc-0.2.0.jar:0.2.0]
	at org.apache.ratis.thirdparty.io.grpc.internal.ServerCallImpl$ServerStreamListenerImpl.messagesAvailable(ServerCallImpl.java:263) [ratis-thirdparty-misc-0.2.0.jar:0.2.0]
	at org.apache.ratis.thirdparty.io.grpc.internal.ServerImpl$JumpToApplicationThreadServerStreamListener$1MessagesAvailable.runInContext(ServerImpl.java:686) [ratis-thirdparty-misc-0.2.0.jar:0.2.0]
	at org.apache.ratis.thirdparty.io.grpc.internal.ContextRunnable.run(ContextRunnable.java:37) [ratis-thirdparty-misc-0.2.0.jar:0.2.0]
	at org.apache.ratis.thirdparty.io.grpc.internal.SerializingExecutor.run(SerializingExecutor.java:123) [ratis-thirdparty-misc-0.2.0.jar:0.2.0]
	at java.util.concurrent.ThreadPoolExecutor.runWorker(ThreadPoolExecutor.java:1149) [?:1.8.0_212]
	at java.util.concurrent.ThreadPoolExecutor$Worker.run(ThreadPoolExecutor.java:624) [?:1.8.0_212]
	at java.lang.Thread.run(Thread.java:748) [?:1.8.0_212]
2019-09-04 10:44:52,165 [grpc-default-executor-5] INFO  client.GrpcClientProtocolClient (GrpcClientProtocolClient.java:onNext(255)) - client-86E38FB4E84C->c39abe71-7611-4001-9539-bba876860d2a: receive RaftClientReply:client-86E38FB4E84C->c39abe71-7611-4001-9539-bba876860d2a@group-4B9C4FB8C348, cid=193, FAILED org.apache.ratis.protocol.StateMachineException: org.apache.hadoop.hdds.scm.container.common.helpers.ContainerNotOpenException from Server c39abe71-7611-4001-9539-bba876860d2a: Container 1 in CLOSING state, logIndex=0, commits[c39abe71-7611-4001-9539-bba876860d2a:c16, 5edab1c0-df0e-4ea3-aa3c-59f2fee068b8:c14, 9596a9b3-71ac-4868-b50a-133dfe1be36f:c15]
10:44:52.165 [grpc-default-executor-9] ERROR DNAudit - user=null | ip=null | op=WRITE_CHUNK {blockData=conID: 1 locID: 102733831691960334 bcsId: 12} | ret=FAILURE
org.apache.hadoop.hdds.scm.container.common.helpers.ContainerNotOpenException: Container 1 in CLOSING state
	at org.apache.hadoop.ozone.container.common.impl.HddsDispatcher.validateContainerCommand(HddsDispatcher.java:408) ~[hadoop-hdds-container-service-0.5.0-SNAPSHOT.jar:?]
	at org.apache.hadoop.ozone.container.common.transport.server.ratis.ContainerStateMachine.startTransaction(ContainerStateMachine.java:310) ~[hadoop-hdds-container-service-0.5.0-SNAPSHOT.jar:?]
	at org.apache.ratis.server.impl.RaftServerImpl.submitClientRequestAsync(RaftServerImpl.java:566) ~[ratis-server-0.4.0-2337318-SNAPSHOT.jar:0.4.0-2337318-SNAPSHOT]
	at org.apache.ratis.server.impl.RaftServerProxy.lambda$submitClientRequestAsync$7(RaftServerProxy.java:333) ~[ratis-server-0.4.0-2337318-SNAPSHOT.jar:0.4.0-2337318-SNAPSHOT]
	at org.apache.ratis.server.impl.RaftServerProxy.lambda$null$5(RaftServerProxy.java:328) ~[ratis-server-0.4.0-2337318-SNAPSHOT.jar:0.4.0-2337318-SNAPSHOT]
	at org.apache.ratis.util.JavaUtils.callAsUnchecked(JavaUtils.java:109) ~[ratis-common-0.4.0-2337318-SNAPSHOT.jar:0.4.0-2337318-SNAPSHOT]
	at org.apache.ratis.server.impl.RaftServerProxy.lambda$submitRequest$6(RaftServerProxy.java:328) ~[ratis-server-0.4.0-2337318-SNAPSHOT.jar:0.4.0-2337318-SNAPSHOT]
	at java.util.concurrent.CompletableFuture.uniComposeStage(CompletableFuture.java:981) ~[?:1.8.0_212]
	at java.util.concurrent.CompletableFuture.thenCompose(CompletableFuture.java:2124) ~[?:1.8.0_212]
	at org.apache.ratis.server.impl.RaftServerProxy.submitRequest(RaftServerProxy.java:327) ~[ratis-server-0.4.0-2337318-SNAPSHOT.jar:0.4.0-2337318-SNAPSHOT]
	at org.apache.ratis.server.impl.RaftServerProxy.submitClientRequestAsync(RaftServerProxy.java:333) ~[ratis-server-0.4.0-2337318-SNAPSHOT.jar:0.4.0-2337318-SNAPSHOT]
	at org.apache.ratis.grpc.client.GrpcClientProtocolService$RequestStreamObserver.processClientRequest(GrpcClientProtocolService.java:220) ~[ratis-grpc-0.4.0-2337318-SNAPSHOT.jar:0.4.0-2337318-SNAPSHOT]
	at org.apache.ratis.grpc.client.GrpcClientProtocolService$OrderedRequestStreamObserver.processClientRequest(GrpcClientProtocolService.java:326) ~[ratis-grpc-0.4.0-2337318-SNAPSHOT.jar:0.4.0-2337318-SNAPSHOT]
	at org.apache.ratis.util.SlidingWindow$Server.processRequestsFromHead(SlidingWindow.java:429) [ratis-common-0.4.0-2337318-SNAPSHOT.jar:0.4.0-2337318-SNAPSHOT]
	at org.apache.ratis.util.SlidingWindow$Server.receivedRequest(SlidingWindow.java:421) [ratis-common-0.4.0-2337318-SNAPSHOT.jar:0.4.0-2337318-SNAPSHOT]
	at org.apache.ratis.grpc.client.GrpcClientProtocolService$OrderedRequestStreamObserver.processClientRequest(GrpcClientProtocolService.java:345) [ratis-grpc-0.4.0-2337318-SNAPSHOT.jar:0.4.0-2337318-SNAPSHOT]
	at org.apache.ratis.grpc.client.GrpcClientProtocolService$RequestStreamObserver.onNext(GrpcClientProtocolService.java:240) [ratis-grpc-0.4.0-2337318-SNAPSHOT.jar:0.4.0-2337318-SNAPSHOT]
	at org.apache.ratis.grpc.client.GrpcClientProtocolService$RequestStreamObserver.onNext(GrpcClientProtocolService.java:168) [ratis-grpc-0.4.0-2337318-SNAPSHOT.jar:0.4.0-2337318-SNAPSHOT]
	at org.apache.ratis.thirdparty.io.grpc.stub.ServerCalls$StreamingServerCallHandler$StreamingServerCallListener.onMessage(ServerCalls.java:248) [ratis-thirdparty-misc-0.2.0.jar:0.2.0]
	at org.apache.ratis.thirdparty.io.grpc.internal.ServerCallImpl$ServerStreamListenerImpl.messagesAvailable(ServerCallImpl.java:263) [ratis-thirdparty-misc-0.2.0.jar:0.2.0]
	at org.apache.ratis.thirdparty.io.grpc.internal.ServerImpl$JumpToApplicationThreadServerStreamListener$1MessagesAvailable.runInContext(ServerImpl.java:686) [ratis-thirdparty-misc-0.2.0.jar:0.2.0]
	at org.apache.ratis.thirdparty.io.grpc.internal.ContextRunnable.run(ContextRunnable.java:37) [ratis-thirdparty-misc-0.2.0.jar:0.2.0]
	at org.apache.ratis.thirdparty.io.grpc.internal.SerializingExecutor.run(SerializingExecutor.java:123) [ratis-thirdparty-misc-0.2.0.jar:0.2.0]
	at java.util.concurrent.ThreadPoolExecutor.runWorker(ThreadPoolExecutor.java:1149) [?:1.8.0_212]
	at java.util.concurrent.ThreadPoolExecutor$Worker.run(ThreadPoolExecutor.java:624) [?:1.8.0_212]
	at java.lang.Thread.run(Thread.java:748) [?:1.8.0_212]
2019-09-04 10:44:52,166 [grpc-default-executor-5] INFO  client.GrpcClientProtocolClient (GrpcClientProtocolClient.java:onNext(255)) - client-86E38FB4E84C->c39abe71-7611-4001-9539-bba876860d2a: receive RaftClientReply:client-86E38FB4E84C->c39abe71-7611-4001-9539-bba876860d2a@group-4B9C4FB8C348, cid=194, FAILED org.apache.ratis.protocol.StateMachineException: org.apache.hadoop.hdds.scm.container.common.helpers.ContainerNotOpenException from Server c39abe71-7611-4001-9539-bba876860d2a: Container 1 in CLOSING state, logIndex=0, commits[c39abe71-7611-4001-9539-bba876860d2a:c16, 5edab1c0-df0e-4ea3-aa3c-59f2fee068b8:c14, 9596a9b3-71ac-4868-b50a-133dfe1be36f:c15]
10:44:52.171 [grpc-default-executor-9] ERROR DNAudit - user=null | ip=null | op=WRITE_CHUNK {blockData=conID: 1 locID: 102733831691960334 bcsId: 12} | ret=FAILURE
org.apache.hadoop.hdds.scm.container.common.helpers.ContainerNotOpenException: Container 1 in CLOSING state
	at org.apache.hadoop.ozone.container.common.impl.HddsDispatcher.validateContainerCommand(HddsDispatcher.java:408) ~[hadoop-hdds-container-service-0.5.0-SNAPSHOT.jar:?]
	at org.apache.hadoop.ozone.container.common.transport.server.ratis.ContainerStateMachine.startTransaction(ContainerStateMachine.java:310) ~[hadoop-hdds-container-service-0.5.0-SNAPSHOT.jar:?]
	at org.apache.ratis.server.impl.RaftServerImpl.submitClientRequestAsync(RaftServerImpl.java:566) ~[ratis-server-0.4.0-2337318-SNAPSHOT.jar:0.4.0-2337318-SNAPSHOT]
	at org.apache.ratis.server.impl.RaftServerProxy.lambda$submitClientRequestAsync$7(RaftServerProxy.java:333) ~[ratis-server-0.4.0-2337318-SNAPSHOT.jar:0.4.0-2337318-SNAPSHOT]
	at org.apache.ratis.server.impl.RaftServerProxy.lambda$null$5(RaftServerProxy.java:328) ~[ratis-server-0.4.0-2337318-SNAPSHOT.jar:0.4.0-2337318-SNAPSHOT]
	at org.apache.ratis.util.JavaUtils.callAsUnchecked(JavaUtils.java:109) ~[ratis-common-0.4.0-2337318-SNAPSHOT.jar:0.4.0-2337318-SNAPSHOT]
	at org.apache.ratis.server.impl.RaftServerProxy.lambda$submitRequest$6(RaftServerProxy.java:328) ~[ratis-server-0.4.0-2337318-SNAPSHOT.jar:0.4.0-2337318-SNAPSHOT]
	at java.util.concurrent.CompletableFuture.uniComposeStage(CompletableFuture.java:981) ~[?:1.8.0_212]
	at java.util.concurrent.CompletableFuture.thenCompose(CompletableFuture.java:2124) ~[?:1.8.0_212]
	at org.apache.ratis.server.impl.RaftServerProxy.submitRequest(RaftServerProxy.java:327) ~[ratis-server-0.4.0-2337318-SNAPSHOT.jar:0.4.0-2337318-SNAPSHOT]
	at org.apache.ratis.server.impl.RaftServerProxy.submitClientRequestAsync(RaftServerProxy.java:333) ~[ratis-server-0.4.0-2337318-SNAPSHOT.jar:0.4.0-2337318-SNAPSHOT]
	at org.apache.ratis.grpc.client.GrpcClientProtocolService$RequestStreamObserver.processClientRequest(GrpcClientProtocolService.java:220) ~[ratis-grpc-0.4.0-2337318-SNAPSHOT.jar:0.4.0-2337318-SNAPSHOT]
	at org.apache.ratis.grpc.client.GrpcClientProtocolService$OrderedRequestStreamObserver.processClientRequest(GrpcClientProtocolService.java:326) ~[ratis-grpc-0.4.0-2337318-SNAPSHOT.jar:0.4.0-2337318-SNAPSHOT]
	at org.apache.ratis.util.SlidingWindow$Server.processRequestsFromHead(SlidingWindow.java:429) [ratis-common-0.4.0-2337318-SNAPSHOT.jar:0.4.0-2337318-SNAPSHOT]
	at org.apache.ratis.util.SlidingWindow$Server.receivedRequest(SlidingWindow.java:421) [ratis-common-0.4.0-2337318-SNAPSHOT.jar:0.4.0-2337318-SNAPSHOT]
	at org.apache.ratis.grpc.client.GrpcClientProtocolService$OrderedRequestStreamObserver.processClientRequest(GrpcClientProtocolService.java:345) [ratis-grpc-0.4.0-2337318-SNAPSHOT.jar:0.4.0-2337318-SNAPSHOT]
	at org.apache.ratis.grpc.client.GrpcClientProtocolService$RequestStreamObserver.onNext(GrpcClientProtocolService.java:240) [ratis-grpc-0.4.0-2337318-SNAPSHOT.jar:0.4.0-2337318-SNAPSHOT]
	at org.apache.ratis.grpc.client.GrpcClientProtocolService$RequestStreamObserver.onNext(GrpcClientProtocolService.java:168) [ratis-grpc-0.4.0-2337318-SNAPSHOT.jar:0.4.0-2337318-SNAPSHOT]
	at org.apache.ratis.thirdparty.io.grpc.stub.ServerCalls$StreamingServerCallHandler$StreamingServerCallListener.onMessage(ServerCalls.java:248) [ratis-thirdparty-misc-0.2.0.jar:0.2.0]
	at org.apache.ratis.thirdparty.io.grpc.internal.ServerCallImpl$ServerStreamListenerImpl.messagesAvailable(ServerCallImpl.java:263) [ratis-thirdparty-misc-0.2.0.jar:0.2.0]
	at org.apache.ratis.thirdparty.io.grpc.internal.ServerImpl$JumpToApplicationThreadServerStreamListener$1MessagesAvailable.runInContext(ServerImpl.java:686) [ratis-thirdparty-misc-0.2.0.jar:0.2.0]
	at org.apache.ratis.thirdparty.io.grpc.internal.ContextRunnable.run(ContextRunnable.java:37) [ratis-thirdparty-misc-0.2.0.jar:0.2.0]
	at org.apache.ratis.thirdparty.io.grpc.internal.SerializingExecutor.run(SerializingExecutor.java:123) [ratis-thirdparty-misc-0.2.0.jar:0.2.0]
	at java.util.concurrent.ThreadPoolExecutor.runWorker(ThreadPoolExecutor.java:1149) [?:1.8.0_212]
	at java.util.concurrent.ThreadPoolExecutor$Worker.run(ThreadPoolExecutor.java:624) [?:1.8.0_212]
	at java.lang.Thread.run(Thread.java:748) [?:1.8.0_212]
2019-09-04 10:44:52,177 [grpc-default-executor-5] INFO  client.GrpcClientProtocolClient (GrpcClientProtocolClient.java:onNext(255)) - client-86E38FB4E84C->c39abe71-7611-4001-9539-bba876860d2a: receive RaftClientReply:client-86E38FB4E84C->c39abe71-7611-4001-9539-bba876860d2a@group-4B9C4FB8C348, cid=195, FAILED org.apache.ratis.protocol.StateMachineException: org.apache.hadoop.hdds.scm.container.common.helpers.ContainerNotOpenException from Server c39abe71-7611-4001-9539-bba876860d2a: Container 1 in CLOSING state, logIndex=0, commits[c39abe71-7611-4001-9539-bba876860d2a:c16, 5edab1c0-df0e-4ea3-aa3c-59f2fee068b8:c14, 9596a9b3-71ac-4868-b50a-133dfe1be36f:c15]
10:44:52.178 [grpc-default-executor-9] ERROR DNAudit - user=null | ip=null | op=PUT_BLOCK {blockData=[blockId=conID: 1 locID: 102733831691960334 bcsId: 0,size=800]} | ret=FAILURE
org.apache.hadoop.hdds.scm.container.common.helpers.ContainerNotOpenException: Container 1 in CLOSING state
	at org.apache.hadoop.ozone.container.common.impl.HddsDispatcher.validateContainerCommand(HddsDispatcher.java:408) ~[hadoop-hdds-container-service-0.5.0-SNAPSHOT.jar:?]
	at org.apache.hadoop.ozone.container.common.transport.server.ratis.ContainerStateMachine.startTransaction(ContainerStateMachine.java:310) ~[hadoop-hdds-container-service-0.5.0-SNAPSHOT.jar:?]
	at org.apache.ratis.server.impl.RaftServerImpl.submitClientRequestAsync(RaftServerImpl.java:566) ~[ratis-server-0.4.0-2337318-SNAPSHOT.jar:0.4.0-2337318-SNAPSHOT]
	at org.apache.ratis.server.impl.RaftServerProxy.lambda$submitClientRequestAsync$7(RaftServerProxy.java:333) ~[ratis-server-0.4.0-2337318-SNAPSHOT.jar:0.4.0-2337318-SNAPSHOT]
	at org.apache.ratis.server.impl.RaftServerProxy.lambda$null$5(RaftServerProxy.java:328) ~[ratis-server-0.4.0-2337318-SNAPSHOT.jar:0.4.0-2337318-SNAPSHOT]
	at org.apache.ratis.util.JavaUtils.callAsUnchecked(JavaUtils.java:109) ~[ratis-common-0.4.0-2337318-SNAPSHOT.jar:0.4.0-2337318-SNAPSHOT]
	at org.apache.ratis.server.impl.RaftServerProxy.lambda$submitRequest$6(RaftServerProxy.java:328) ~[ratis-server-0.4.0-2337318-SNAPSHOT.jar:0.4.0-2337318-SNAPSHOT]
	at java.util.concurrent.CompletableFuture.uniComposeStage(CompletableFuture.java:981) ~[?:1.8.0_212]
	at java.util.concurrent.CompletableFuture.thenCompose(CompletableFuture.java:2124) ~[?:1.8.0_212]
	at org.apache.ratis.server.impl.RaftServerProxy.submitRequest(RaftServerProxy.java:327) ~[ratis-server-0.4.0-2337318-SNAPSHOT.jar:0.4.0-2337318-SNAPSHOT]
	at org.apache.ratis.server.impl.RaftServerProxy.submitClientRequestAsync(RaftServerProxy.java:333) ~[ratis-server-0.4.0-2337318-SNAPSHOT.jar:0.4.0-2337318-SNAPSHOT]
	at org.apache.ratis.grpc.client.GrpcClientProtocolService$RequestStreamObserver.processClientRequest(GrpcClientProtocolService.java:220) ~[ratis-grpc-0.4.0-2337318-SNAPSHOT.jar:0.4.0-2337318-SNAPSHOT]
	at org.apache.ratis.grpc.client.GrpcClientProtocolService$OrderedRequestStreamObserver.processClientRequest(GrpcClientProtocolService.java:326) ~[ratis-grpc-0.4.0-2337318-SNAPSHOT.jar:0.4.0-2337318-SNAPSHOT]
	at org.apache.ratis.util.SlidingWindow$Server.processRequestsFromHead(SlidingWindow.java:429) [ratis-common-0.4.0-2337318-SNAPSHOT.jar:0.4.0-2337318-SNAPSHOT]
	at org.apache.ratis.util.SlidingWindow$Server.receivedRequest(SlidingWindow.java:421) [ratis-common-0.4.0-2337318-SNAPSHOT.jar:0.4.0-2337318-SNAPSHOT]
	at org.apache.ratis.grpc.client.GrpcClientProtocolService$OrderedRequestStreamObserver.processClientRequest(GrpcClientProtocolService.java:345) [ratis-grpc-0.4.0-2337318-SNAPSHOT.jar:0.4.0-2337318-SNAPSHOT]
	at org.apache.ratis.grpc.client.GrpcClientProtocolService$RequestStreamObserver.onNext(GrpcClientProtocolService.java:240) [ratis-grpc-0.4.0-2337318-SNAPSHOT.jar:0.4.0-2337318-SNAPSHOT]
	at org.apache.ratis.grpc.client.GrpcClientProtocolService$RequestStreamObserver.onNext(GrpcClientProtocolService.java:168) [ratis-grpc-0.4.0-2337318-SNAPSHOT.jar:0.4.0-2337318-SNAPSHOT]
	at org.apache.ratis.thirdparty.io.grpc.stub.ServerCalls$StreamingServerCallHandler$StreamingServerCallListener.onMessage(ServerCalls.java:248) [ratis-thirdparty-misc-0.2.0.jar:0.2.0]
	at org.apache.ratis.thirdparty.io.grpc.internal.ServerCallImpl$ServerStreamListenerImpl.messagesAvailable(ServerCallImpl.java:263) [ratis-thirdparty-misc-0.2.0.jar:0.2.0]
	at org.apache.ratis.thirdparty.io.grpc.internal.ServerImpl$JumpToApplicationThreadServerStreamListener$1MessagesAvailable.runInContext(ServerImpl.java:686) [ratis-thirdparty-misc-0.2.0.jar:0.2.0]
	at org.apache.ratis.thirdparty.io.grpc.internal.ContextRunnable.run(ContextRunnable.java:37) [ratis-thirdparty-misc-0.2.0.jar:0.2.0]
	at org.apache.ratis.thirdparty.io.grpc.internal.SerializingExecutor.run(SerializingExecutor.java:123) [ratis-thirdparty-misc-0.2.0.jar:0.2.0]
	at java.util.concurrent.ThreadPoolExecutor.runWorker(ThreadPoolExecutor.java:1149) [?:1.8.0_212]
	at java.util.concurrent.ThreadPoolExecutor$Worker.run(ThreadPoolExecutor.java:624) [?:1.8.0_212]
	at java.lang.Thread.run(Thread.java:748) [?:1.8.0_212]
2019-09-04 10:44:52,179 [grpc-default-executor-5] INFO  client.GrpcClientProtocolClient (GrpcClientProtocolClient.java:onNext(255)) - client-86E38FB4E84C->c39abe71-7611-4001-9539-bba876860d2a: receive RaftClientReply:client-86E38FB4E84C->c39abe71-7611-4001-9539-bba876860d2a@group-4B9C4FB8C348, cid=196, FAILED org.apache.ratis.protocol.StateMachineException: org.apache.hadoop.hdds.scm.container.common.helpers.ContainerNotOpenException from Server c39abe71-7611-4001-9539-bba876860d2a: Container 1 in CLOSING state, logIndex=0, commits[c39abe71-7611-4001-9539-bba876860d2a:c16, 5edab1c0-df0e-4ea3-aa3c-59f2fee068b8:c14, 9596a9b3-71ac-4868-b50a-133dfe1be36f:c15]
2019-09-04 10:44:52,185 [grpc-default-executor-5] INFO  client.GrpcClientProtocolClient (GrpcClientProtocolClient.java:onNext(255)) - client-86E38FB4E84C->c39abe71-7611-4001-9539-bba876860d2a: receive RaftClientReply:client-86E38FB4E84C->c39abe71-7611-4001-9539-bba876860d2a@group-4B9C4FB8C348, cid=197, FAILED org.apache.ratis.protocol.StateMachineException: org.apache.hadoop.hdds.scm.container.common.helpers.ContainerNotOpenException from Server c39abe71-7611-4001-9539-bba876860d2a: Container 1 in CLOSING state, logIndex=0, commits[c39abe71-7611-4001-9539-bba876860d2a:c16, 5edab1c0-df0e-4ea3-aa3c-59f2fee068b8:c14, 9596a9b3-71ac-4868-b50a-133dfe1be36f:c15]
2019-09-04 10:44:52,386 [grpc-default-executor-9] INFO  client.GrpcClientProtocolClient (GrpcClientProtocolClient.java:onNext(255)) - client-9F921A14009E->fe4073e4-29d9-4752-9604-171b889365eb: receive RaftClientReply:client-9F921A14009E->fe4073e4-29d9-4752-9604-171b889365eb@group-01076F1D454A, cid=198, SUCCESS, logIndex=1, commits[fe4073e4-29d9-4752-9604-171b889365eb:c1, 85481c8f-e1d3-4452-9840-a26537f3638a:c0, 049a29fe-697a-4e80-ace1-9da2eaf17df4:c0]
2019-09-04 10:44:52,399 [grpc-default-executor-5] INFO  client.GrpcClientProtocolClient (GrpcClientProtocolClient.java:onNext(255)) - client-9F921A14009E->fe4073e4-29d9-4752-9604-171b889365eb: receive RaftClientReply:client-9F921A14009E->fe4073e4-29d9-4752-9604-171b889365eb@group-01076F1D454A, cid=199, SUCCESS, logIndex=3, commits[fe4073e4-29d9-4752-9604-171b889365eb:c5, 85481c8f-e1d3-4452-9840-a26537f3638a:c1, 049a29fe-697a-4e80-ace1-9da2eaf17df4:c1]
2019-09-04 10:44:52,469 [grpc-default-executor-5] INFO  client.GrpcClientProtocolClient (GrpcClientProtocolClient.java:onNext(255)) - client-9F921A14009E->fe4073e4-29d9-4752-9604-171b889365eb: receive RaftClientReply:client-9F921A14009E->fe4073e4-29d9-4752-9604-171b889365eb@group-01076F1D454A, cid=200, SUCCESS, logIndex=4, commits[fe4073e4-29d9-4752-9604-171b889365eb:c12, 85481c8f-e1d3-4452-9840-a26537f3638a:c7, 049a29fe-697a-4e80-ace1-9da2eaf17df4:c7]
2019-09-04 10:44:52,470 [grpc-default-executor-5] INFO  client.GrpcClientProtocolClient (GrpcClientProtocolClient.java:onNext(255)) - client-9F921A14009E->fe4073e4-29d9-4752-9604-171b889365eb: receive RaftClientReply:client-9F921A14009E->fe4073e4-29d9-4752-9604-171b889365eb@group-01076F1D454A, cid=201, SUCCESS, logIndex=5, commits[fe4073e4-29d9-4752-9604-171b889365eb:c12, 85481c8f-e1d3-4452-9840-a26537f3638a:c7, 049a29fe-697a-4e80-ace1-9da2eaf17df4:c7]
2019-09-04 10:44:52,470 [grpc-default-executor-5] INFO  client.GrpcClientProtocolClient (GrpcClientProtocolClient.java:onNext(255)) - client-9F921A14009E->fe4073e4-29d9-4752-9604-171b889365eb: receive RaftClientReply:client-9F921A14009E->fe4073e4-29d9-4752-9604-171b889365eb@group-01076F1D454A, cid=202, SUCCESS, logIndex=6, commits[fe4073e4-29d9-4752-9604-171b889365eb:c12, 85481c8f-e1d3-4452-9840-a26537f3638a:c7, 049a29fe-697a-4e80-ace1-9da2eaf17df4:c7]
2019-09-04 10:44:52,566 [grpc-default-executor-5] INFO  client.GrpcClientProtocolClient (GrpcClientProtocolClient.java:onNext(255)) - client-9F921A14009E->fe4073e4-29d9-4752-9604-171b889365eb: receive RaftClientReply:client-9F921A14009E->fe4073e4-29d9-4752-9604-171b889365eb@group-01076F1D454A, cid=203, SUCCESS, logIndex=7, commits[fe4073e4-29d9-4752-9604-171b889365eb:c12, 85481c8f-e1d3-4452-9840-a26537f3638a:c7, 049a29fe-697a-4e80-ace1-9da2eaf17df4:c7]
2019-09-04 10:44:52,582 [grpc-default-executor-5] INFO  client.GrpcClientProtocolClient (GrpcClientProtocolClient.java:onNext(255)) - client-9F921A14009E->fe4073e4-29d9-4752-9604-171b889365eb: receive RaftClientReply:client-9F921A14009E->fe4073e4-29d9-4752-9604-171b889365eb@group-01076F1D454A, cid=204, SUCCESS, logIndex=13, commits[fe4073e4-29d9-4752-9604-171b889365eb:c14, 85481c8f-e1d3-4452-9840-a26537f3638a:c12, 049a29fe-697a-4e80-ace1-9da2eaf17df4:c7]
2019-09-04 10:44:52,583 [grpc-default-executor-5] INFO  client.GrpcClientProtocolClient (GrpcClientProtocolClient.java:onNext(255)) - client-9F921A14009E->fe4073e4-29d9-4752-9604-171b889365eb: receive RaftClientReply:client-9F921A14009E->fe4073e4-29d9-4752-9604-171b889365eb@group-01076F1D454A, cid=205, SUCCESS, logIndex=14, commits[fe4073e4-29d9-4752-9604-171b889365eb:c14, 85481c8f-e1d3-4452-9840-a26537f3638a:c12, 049a29fe-697a-4e80-ace1-9da2eaf17df4:c7]
2019-09-04 10:44:52,594 [grpc-default-executor-10] INFO  client.GrpcClientProtocolClient (GrpcClientProtocolClient.java:onNext(255)) - client-9F921A14009E->fe4073e4-29d9-4752-9604-171b889365eb: receive RaftClientReply:client-9F921A14009E->fe4073e4-29d9-4752-9604-171b889365eb@group-01076F1D454A, cid=206, SUCCESS, logIndex=0, commits[fe4073e4-29d9-4752-9604-171b889365eb:c15, 85481c8f-e1d3-4452-9840-a26537f3638a:c14, 049a29fe-697a-4e80-ace1-9da2eaf17df4:c14]
2019-09-04 10:44:52,595 [main] INFO  ozone.MiniOzoneClusterImpl (MiniOzoneClusterImpl.java:shutdown(307)) - Shutting down the Mini Ozone Cluster
2019-09-04 10:44:52,595 [main] INFO  ozone.MiniOzoneClusterImpl (MiniOzoneClusterImpl.java:stop(322)) - Stopping the Mini Ozone Cluster
2019-09-04 10:44:52,596 [main] INFO  ozone.MiniOzoneClusterImpl (MiniOzoneClusterImpl.java:stop(324)) - Stopping the OzoneManager
2019-09-04 10:44:52,596 [main] INFO  ipc.Server (Server.java:stop(3082)) - Stopping server on 36466
2019-09-04 10:44:52,617 [IPC Server listener on 36466] INFO  ipc.Server (Server.java:run(1185)) - Stopping IPC Server listener on 36466
2019-09-04 10:44:52,618 [main] INFO  ratis.OzoneManagerDoubleBuffer (OzoneManagerDoubleBuffer.java:stop(248)) - Stopping OMDoubleBuffer flush thread
2019-09-04 10:44:52,629 [IPC Server Responder] INFO  ipc.Server (Server.java:run(1319)) - Stopping IPC Server Responder
2019-09-04 10:44:52,631 [OMDoubleBufferFlushThread] INFO  ratis.OzoneManagerDoubleBuffer (OzoneManagerDoubleBuffer.java:flushTransactions(191)) - OMDoubleBuffer flush thread OMDoubleBufferFlushThread is interrupted and will exit. OMDoubleBufferFlushThread
2019-09-04 10:44:52,631 [main] INFO  utils.BackgroundService (BackgroundService.java:shutdown(148)) - Shutting down service KeyDeletingService
2019-09-04 10:44:52,633 [main] INFO  handler.ContextHandler (ContextHandler.java:doStop(910)) - Stopped o.e.j.w.WebAppContext@512abf25{/,null,UNAVAILABLE}{/ozoneManager}
2019-09-04 10:44:52,633 [main] INFO  server.AbstractConnector (AbstractConnector.java:doStop(318)) - Stopped ServerConnector@515ab3f2{HTTP/1.1,[http/1.1]}{0.0.0.0:0}
2019-09-04 10:44:52,634 [main] INFO  handler.ContextHandler (ContextHandler.java:doStop(910)) - Stopped o.e.j.s.ServletContextHandler@6ddd1c51{/static,file:///workdir/hadoop-ozone/integration-test/target/test-classes/webapps/static,UNAVAILABLE}
2019-09-04 10:44:52,634 [main] INFO  handler.ContextHandler (ContextHandler.java:doStop(910)) - Stopped o.e.j.s.ServletContextHandler@492521c4{/logs,file:///workdir/hadoop-ozone/integration-test/target/log,UNAVAILABLE}
2019-09-04 10:44:52,637 [main] INFO  ozone.MiniOzoneClusterImpl (MiniOzoneClusterImpl.java:stop(330)) - Shutting the HddsDatanodes
2019-09-04 10:44:53,365 [Datanode State Machine Thread - 0] INFO  statemachine.DatanodeStateMachine (DatanodeStateMachine.java:lambda$startDaemon$0(350)) - Ozone container server started.
2019-09-04 10:44:53,365 [Datanode State Machine Thread - 0] INFO  statemachine.DatanodeStateMachine (DatanodeStateMachine.java:lambda$startDaemon$0(350)) - Ozone container server started.
2019-09-04 10:44:54,630 [grpc-default-executor-9] WARN  server.GrpcLogAppender (LogUtils.java:warn(134)) - c39abe71-7611-4001-9539-bba876860d2a->5edab1c0-df0e-4ea3-aa3c-59f2fee068b8: Failed appendEntries: org.apache.ratis.thirdparty.io.grpc.StatusRuntimeException: UNAVAILABLE: io exception
2019-09-04 10:44:54,631 [grpc-default-executor-9] INFO  impl.FollowerInfo (FollowerInfo.java:lambda$new$0(50)) - c39abe71-7611-4001-9539-bba876860d2a->5edab1c0-df0e-4ea3-aa3c-59f2fee068b8: nextIndex: updateUnconditionally 1 -> 0
2019-09-04 10:44:57,131 [grpc-default-executor-5] WARN  server.GrpcLogAppender (LogUtils.java:warn(134)) - c39abe71-7611-4001-9539-bba876860d2a->5edab1c0-df0e-4ea3-aa3c-59f2fee068b8: Failed appendEntries: org.apache.ratis.thirdparty.io.grpc.StatusRuntimeException: UNAVAILABLE: io exception
2019-09-04 10:44:57,131 [grpc-default-executor-5] INFO  impl.FollowerInfo (FollowerInfo.java:lambda$new$0(50)) - c39abe71-7611-4001-9539-bba876860d2a->5edab1c0-df0e-4ea3-aa3c-59f2fee068b8: nextIndex: updateUnconditionally 0 -> 0
2019-09-04 10:44:57,384 [EventQueue-StaleNodeForStaleNodeHandler] INFO  node.StaleNodeHandler (StaleNodeHandler.java:onMessage(58)) - Datanode 049a29fe-697a-4e80-ace1-9da2eaf17df4{ip: 192.168.5.153, host: pr-hdds-1982-decom-states-67zng-3388626213, networkLocation: /default-rack, certSerialId: null} moved to stale state. Finalizing its pipelines [PipelineID=c54012c5-5463-45de-97f9-01076f1d454a, PipelineID=4fcada8c-cfdd-4588-afab-2792fe12a644]
2019-09-04 10:44:57,384 [EventQueue-StaleNodeForStaleNodeHandler] INFO  pipeline.SCMPipelineManager (SCMPipelineManager.java:finalizeAndDestroyPipeline(311)) - destroying pipeline:Pipeline[ Id: c54012c5-5463-45de-97f9-01076f1d454a, Nodes: fe4073e4-29d9-4752-9604-171b889365eb{ip: 192.168.5.153, host: pr-hdds-1982-decom-states-67zng-3388626213, networkLocation: /default-rack, certSerialId: null}049a29fe-697a-4e80-ace1-9da2eaf17df4{ip: 192.168.5.153, host: pr-hdds-1982-decom-states-67zng-3388626213, networkLocation: /default-rack, certSerialId: null}85481c8f-e1d3-4452-9840-a26537f3638a{ip: 192.168.5.153, host: pr-hdds-1982-decom-states-67zng-3388626213, networkLocation: /default-rack, certSerialId: null}, Type:RATIS, Factor:THREE, State:OPEN]
2019-09-04 10:44:57,384 [EventQueue-StaleNodeForStaleNodeHandler] INFO  pipeline.PipelineStateManager (PipelineStateManager.java:finalizePipeline(123)) - Pipeline Pipeline[ Id: c54012c5-5463-45de-97f9-01076f1d454a, Nodes: fe4073e4-29d9-4752-9604-171b889365eb{ip: 192.168.5.153, host: pr-hdds-1982-decom-states-67zng-3388626213, networkLocation: /default-rack, certSerialId: null}049a29fe-697a-4e80-ace1-9da2eaf17df4{ip: 192.168.5.153, host: pr-hdds-1982-decom-states-67zng-3388626213, networkLocation: /default-rack, certSerialId: null}85481c8f-e1d3-4452-9840-a26537f3638a{ip: 192.168.5.153, host: pr-hdds-1982-decom-states-67zng-3388626213, networkLocation: /default-rack, certSerialId: null}, Type:RATIS, Factor:THREE, State:CLOSED] moved to CLOSED state
2019-09-04 10:44:57,385 [EventQueue-CloseContainerForCloseContainerEventHandler] INFO  container.CloseContainerEventHandler (CloseContainerEventHandler.java:onMessage(61)) - Close container Event triggered for container : #2
2019-09-04 10:44:57,385 [EventQueue-StaleNodeForStaleNodeHandler] INFO  pipeline.SCMPipelineManager (SCMPipelineManager.java:finalizeAndDestroyPipeline(311)) - destroying pipeline:Pipeline[ Id: 4fcada8c-cfdd-4588-afab-2792fe12a644, Nodes: 049a29fe-697a-4e80-ace1-9da2eaf17df4{ip: 192.168.5.153, host: pr-hdds-1982-decom-states-67zng-3388626213, networkLocation: /default-rack, certSerialId: null}, Type:RATIS, Factor:ONE, State:OPEN]
2019-09-04 10:44:57,385 [EventQueue-StaleNodeForStaleNodeHandler] INFO  pipeline.PipelineStateManager (PipelineStateManager.java:finalizePipeline(123)) - Pipeline Pipeline[ Id: 4fcada8c-cfdd-4588-afab-2792fe12a644, Nodes: 049a29fe-697a-4e80-ace1-9da2eaf17df4{ip: 192.168.5.153, host: pr-hdds-1982-decom-states-67zng-3388626213, networkLocation: /default-rack, certSerialId: null}, Type:RATIS, Factor:ONE, State:CLOSED] moved to CLOSED state
2019-09-04 10:44:57,386 [EventQueue-StaleNodeForStaleNodeHandler] INFO  node.StaleNodeHandler (StaleNodeHandler.java:onMessage(58)) - Datanode 85481c8f-e1d3-4452-9840-a26537f3638a{ip: 192.168.5.153, host: pr-hdds-1982-decom-states-67zng-3388626213, networkLocation: /default-rack, certSerialId: null} moved to stale state. Finalizing its pipelines [PipelineID=c54012c5-5463-45de-97f9-01076f1d454a, PipelineID=c03e8e0e-b818-4801-889b-3b9755a72b44]
2019-09-04 10:44:57,386 [EventQueue-StaleNodeForStaleNodeHandler] INFO  pipeline.SCMPipelineManager (SCMPipelineManager.java:finalizeAndDestroyPipeline(311)) - destroying pipeline:Pipeline[ Id: c54012c5-5463-45de-97f9-01076f1d454a, Nodes: fe4073e4-29d9-4752-9604-171b889365eb{ip: 192.168.5.153, host: pr-hdds-1982-decom-states-67zng-3388626213, networkLocation: /default-rack, certSerialId: null}049a29fe-697a-4e80-ace1-9da2eaf17df4{ip: 192.168.5.153, host: pr-hdds-1982-decom-states-67zng-3388626213, networkLocation: /default-rack, certSerialId: null}85481c8f-e1d3-4452-9840-a26537f3638a{ip: 192.168.5.153, host: pr-hdds-1982-decom-states-67zng-3388626213, networkLocation: /default-rack, certSerialId: null}, Type:RATIS, Factor:THREE, State:CLOSED]
2019-09-04 10:44:57,386 [EventQueue-StaleNodeForStaleNodeHandler] INFO  pipeline.SCMPipelineManager (SCMPipelineManager.java:finalizeAndDestroyPipeline(311)) - destroying pipeline:Pipeline[ Id: c03e8e0e-b818-4801-889b-3b9755a72b44, Nodes: 85481c8f-e1d3-4452-9840-a26537f3638a{ip: 192.168.5.153, host: pr-hdds-1982-decom-states-67zng-3388626213, networkLocation: /default-rack, certSerialId: null}, Type:RATIS, Factor:ONE, State:OPEN]
2019-09-04 10:44:57,386 [EventQueue-StaleNodeForStaleNodeHandler] INFO  pipeline.PipelineStateManager (PipelineStateManager.java:finalizePipeline(123)) - Pipeline Pipeline[ Id: c03e8e0e-b818-4801-889b-3b9755a72b44, Nodes: 85481c8f-e1d3-4452-9840-a26537f3638a{ip: 192.168.5.153, host: pr-hdds-1982-decom-states-67zng-3388626213, networkLocation: /default-rack, certSerialId: null}, Type:RATIS, Factor:ONE, State:CLOSED] moved to CLOSED state
2019-09-04 10:44:57,637 [ForkJoinPool.commonPool-worker-0] INFO  ozoneimpl.OzoneContainer (OzoneContainer.java:stop(215)) - Attempting to stop container services.
2019-09-04 10:44:57,637 [main] INFO  ozoneimpl.OzoneContainer (OzoneContainer.java:stop(215)) - Attempting to stop container services.
2019-09-04 10:44:57,638 [ForkJoinPool.commonPool-worker-0] INFO  impl.RaftServerProxy (RaftServerProxy.java:lambda$close$4(314)) - 049a29fe-697a-4e80-ace1-9da2eaf17df4: close
2019-09-04 10:44:57,638 [main] INFO  impl.RaftServerProxy (RaftServerProxy.java:lambda$close$4(314)) - 85481c8f-e1d3-4452-9840-a26537f3638a: close
2019-09-04 10:44:57,638 [ForkJoinPool.commonPool-worker-0] INFO  impl.RaftServerImpl (RaftServerImpl.java:lambda$shutdown$3(245)) - 049a29fe-697a-4e80-ace1-9da2eaf17df4: shutdown group-01076F1D454A
2019-09-04 10:44:57,639 [main] INFO  impl.RaftServerImpl (RaftServerImpl.java:lambda$shutdown$3(245)) - 85481c8f-e1d3-4452-9840-a26537f3638a: shutdown group-01076F1D454A
2019-09-04 10:44:57,639 [ForkJoinPool.commonPool-worker-0] INFO  util.JmxRegister (JmxRegister.java:unregister(73)) - Successfully un-registered JMX Bean with object name Ratis:service=RaftServer,group=group-01076F1D454A,id=049a29fe-697a-4e80-ace1-9da2eaf17df4
2019-09-04 10:44:57,639 [main] INFO  util.JmxRegister (JmxRegister.java:unregister(73)) - Successfully un-registered JMX Bean with object name Ratis:service=RaftServer,group=group-01076F1D454A,id=85481c8f-e1d3-4452-9840-a26537f3638a
2019-09-04 10:44:57,640 [ForkJoinPool.commonPool-worker-0] INFO  impl.RoleInfo (RoleInfo.java:shutdownFollowerState(121)) - 049a29fe-697a-4e80-ace1-9da2eaf17df4: shutdown FollowerState
2019-09-04 10:44:57,640 [main] INFO  impl.RoleInfo (RoleInfo.java:shutdownFollowerState(121)) - 85481c8f-e1d3-4452-9840-a26537f3638a: shutdown FollowerState
2019-09-04 10:44:57,641 [Thread-3661] INFO  impl.FollowerState (FollowerState.java:run(114)) - 049a29fe-697a-4e80-ace1-9da2eaf17df4: FollowerState was interrupted: java.lang.InterruptedException: sleep interrupted
2019-09-04 10:44:57,640 [StateMachineUpdater:049a29fe-697a-4e80-ace1-9da2eaf17df4:group-01076F1D454A] INFO  ratis.ContainerStateMachine (ContainerStateMachine.java:takeSnapshot(284)) - group-01076F1D454A: Taking a snapshot at:(t:2, i:14) file /workdir/hadoop-ozone/integration-test/target/test-dir/MiniOzoneClusterImpl-8ced44ca-4ee5-44c9-aeff-63b5df35a8b0/datanode-1/data/ratis/c54012c5-5463-45de-97f9-01076f1d454a/sm/snapshot.2_14
2019-09-04 10:44:57,640 [ForkJoinPool.commonPool-worker-0] INFO  impl.StateMachineUpdater (StateMachineUpdater.java:stopAndJoin(115)) - StateMachineUpdater:049a29fe-697a-4e80-ace1-9da2eaf17df4:group-01076F1D454A: set stopIndex = 15
2019-09-04 10:44:57,641 [Thread-3653] INFO  impl.FollowerState (FollowerState.java:run(114)) - 85481c8f-e1d3-4452-9840-a26537f3638a: FollowerState was interrupted: java.lang.InterruptedException: sleep interrupted
2019-09-04 10:44:57,641 [StateMachineUpdater:85481c8f-e1d3-4452-9840-a26537f3638a:group-01076F1D454A] INFO  ratis.ContainerStateMachine (ContainerStateMachine.java:takeSnapshot(284)) - group-01076F1D454A: Taking a snapshot at:(t:2, i:14) file /workdir/hadoop-ozone/integration-test/target/test-dir/MiniOzoneClusterImpl-8ced44ca-4ee5-44c9-aeff-63b5df35a8b0/datanode-3/data/ratis/c54012c5-5463-45de-97f9-01076f1d454a/sm/snapshot.2_14
2019-09-04 10:44:57,641 [main] INFO  impl.StateMachineUpdater (StateMachineUpdater.java:stopAndJoin(115)) - StateMachineUpdater:85481c8f-e1d3-4452-9840-a26537f3638a:group-01076F1D454A: set stopIndex = 15
2019-09-04 10:44:57,656 [StateMachineUpdater:85481c8f-e1d3-4452-9840-a26537f3638a:group-01076F1D454A] INFO  ratis.ContainerStateMachine (ContainerStateMachine.java:takeSnapshot(295)) - group-01076F1D454A: Finished taking a snapshot at:(t:2, i:14) file:/workdir/hadoop-ozone/integration-test/target/test-dir/MiniOzoneClusterImpl-8ced44ca-4ee5-44c9-aeff-63b5df35a8b0/datanode-3/data/ratis/c54012c5-5463-45de-97f9-01076f1d454a/sm/snapshot.2_14 time:15
2019-09-04 10:44:57,656 [StateMachineUpdater:049a29fe-697a-4e80-ace1-9da2eaf17df4:group-01076F1D454A] INFO  ratis.ContainerStateMachine (ContainerStateMachine.java:takeSnapshot(295)) - group-01076F1D454A: Finished taking a snapshot at:(t:2, i:14) file:/workdir/hadoop-ozone/integration-test/target/test-dir/MiniOzoneClusterImpl-8ced44ca-4ee5-44c9-aeff-63b5df35a8b0/datanode-1/data/ratis/c54012c5-5463-45de-97f9-01076f1d454a/sm/snapshot.2_14 time:16
2019-09-04 10:44:57,656 [StateMachineUpdater:85481c8f-e1d3-4452-9840-a26537f3638a:group-01076F1D454A] INFO  impl.StateMachineUpdater (StateMachineUpdater.java:takeSnapshot(242)) - StateMachineUpdater:85481c8f-e1d3-4452-9840-a26537f3638a:group-01076F1D454A: Took a snapshot at index 14
2019-09-04 10:44:57,656 [StateMachineUpdater:049a29fe-697a-4e80-ace1-9da2eaf17df4:group-01076F1D454A] INFO  impl.StateMachineUpdater (StateMachineUpdater.java:takeSnapshot(242)) - StateMachineUpdater:049a29fe-697a-4e80-ace1-9da2eaf17df4:group-01076F1D454A: Took a snapshot at index 14
2019-09-04 10:44:57,657 [StateMachineUpdater:85481c8f-e1d3-4452-9840-a26537f3638a:group-01076F1D454A] INFO  impl.StateMachineUpdater (StateMachineUpdater.java:lambda$new$0(80)) - StateMachineUpdater:85481c8f-e1d3-4452-9840-a26537f3638a:group-01076F1D454A: snapshotIndex: updateIncreasingly -1 -> 14
2019-09-04 10:44:57,657 [StateMachineUpdater:049a29fe-697a-4e80-ace1-9da2eaf17df4:group-01076F1D454A] INFO  impl.StateMachineUpdater (StateMachineUpdater.java:lambda$new$0(80)) - StateMachineUpdater:049a29fe-697a-4e80-ace1-9da2eaf17df4:group-01076F1D454A: snapshotIndex: updateIncreasingly -1 -> 14
2019-09-04 10:44:57,657 [ForkJoinPool.commonPool-worker-0] INFO  impl.RaftServerImpl (ServerState.java:close(394)) - 049a29fe-697a-4e80-ace1-9da2eaf17df4:group-01076F1D454A closes. The last applied log index is 15
2019-09-04 10:44:57,657 [main] INFO  impl.RaftServerImpl (ServerState.java:close(394)) - 85481c8f-e1d3-4452-9840-a26537f3638a:group-01076F1D454A closes. The last applied log index is 15
2019-09-04 10:44:57,658 [049a29fe-697a-4e80-ace1-9da2eaf17df4-SegmentedRaftLogWorker:Storage Directory /workdir/hadoop-ozone/integration-test/target/test-dir/MiniOzoneClusterImpl-8ced44ca-4ee5-44c9-aeff-63b5df35a8b0/datanode-1/data/ratis/c54012c5-5463-45de-97f9-01076f1d454a] INFO  segmented.SegmentedRaftLogWorker (SegmentedRaftLogWorker.java:run(313)) - 049a29fe-697a-4e80-ace1-9da2eaf17df4-SegmentedRaftLogWorker:Storage Directory /workdir/hadoop-ozone/integration-test/target/test-dir/MiniOzoneClusterImpl-8ced44ca-4ee5-44c9-aeff-63b5df35a8b0/datanode-1/data/ratis/c54012c5-5463-45de-97f9-01076f1d454a was interrupted, exiting. There are 0 tasks remaining in the queue.
2019-09-04 10:44:57,658 [85481c8f-e1d3-4452-9840-a26537f3638a-SegmentedRaftLogWorker:Storage Directory /workdir/hadoop-ozone/integration-test/target/test-dir/MiniOzoneClusterImpl-8ced44ca-4ee5-44c9-aeff-63b5df35a8b0/datanode-3/data/ratis/c54012c5-5463-45de-97f9-01076f1d454a] INFO  segmented.SegmentedRaftLogWorker (SegmentedRaftLogWorker.java:run(313)) - 85481c8f-e1d3-4452-9840-a26537f3638a-SegmentedRaftLogWorker:Storage Directory /workdir/hadoop-ozone/integration-test/target/test-dir/MiniOzoneClusterImpl-8ced44ca-4ee5-44c9-aeff-63b5df35a8b0/datanode-3/data/ratis/c54012c5-5463-45de-97f9-01076f1d454a was interrupted, exiting. There are 0 tasks remaining in the queue.
2019-09-04 10:44:57,665 [main] INFO  segmented.SegmentedRaftLogWorker (SegmentedRaftLogWorker.java:close(228)) - 85481c8f-e1d3-4452-9840-a26537f3638a-SegmentedRaftLogWorker:Storage Directory /workdir/hadoop-ozone/integration-test/target/test-dir/MiniOzoneClusterImpl-8ced44ca-4ee5-44c9-aeff-63b5df35a8b0/datanode-3/data/ratis/c54012c5-5463-45de-97f9-01076f1d454a close()
2019-09-04 10:44:57,665 [ForkJoinPool.commonPool-worker-0] INFO  segmented.SegmentedRaftLogWorker (SegmentedRaftLogWorker.java:close(228)) - 049a29fe-697a-4e80-ace1-9da2eaf17df4-SegmentedRaftLogWorker:Storage Directory /workdir/hadoop-ozone/integration-test/target/test-dir/MiniOzoneClusterImpl-8ced44ca-4ee5-44c9-aeff-63b5df35a8b0/datanode-1/data/ratis/c54012c5-5463-45de-97f9-01076f1d454a close()
2019-09-04 10:44:57,670 [main] INFO  impl.RaftServerImpl (RaftServerImpl.java:lambda$shutdown$3(245)) - 85481c8f-e1d3-4452-9840-a26537f3638a: shutdown group-3B9755A72B44
2019-09-04 10:44:57,674 [ForkJoinPool.commonPool-worker-0] INFO  impl.RaftServerImpl (RaftServerImpl.java:lambda$shutdown$3(245)) - 049a29fe-697a-4e80-ace1-9da2eaf17df4: shutdown group-2792FE12A644
2019-09-04 10:44:57,675 [main] INFO  util.JmxRegister (JmxRegister.java:unregister(73)) - Successfully un-registered JMX Bean with object name Ratis:service=RaftServer,group=group-3B9755A72B44,id=85481c8f-e1d3-4452-9840-a26537f3638a
2019-09-04 10:44:57,675 [ForkJoinPool.commonPool-worker-0] INFO  util.JmxRegister (JmxRegister.java:unregister(73)) - Successfully un-registered JMX Bean with object name Ratis:service=RaftServer,group=group-2792FE12A644,id=049a29fe-697a-4e80-ace1-9da2eaf17df4
2019-09-04 10:44:57,675 [main] INFO  impl.RoleInfo (RoleInfo.java:shutdownLeaderState(104)) - 85481c8f-e1d3-4452-9840-a26537f3638a: shutdown LeaderState
2019-09-04 10:44:57,676 [ForkJoinPool.commonPool-worker-0] INFO  impl.RoleInfo (RoleInfo.java:shutdownLeaderState(104)) - 049a29fe-697a-4e80-ace1-9da2eaf17df4: shutdown LeaderState
2019-09-04 10:44:57,676 [main] INFO  impl.PendingRequests (PendingRequests.java:sendNotLeaderResponses(202)) - 85481c8f-e1d3-4452-9840-a26537f3638a-PendingRequests: sendNotLeaderResponses
2019-09-04 10:44:57,676 [ForkJoinPool.commonPool-worker-0] INFO  impl.PendingRequests (PendingRequests.java:sendNotLeaderResponses(202)) - 049a29fe-697a-4e80-ace1-9da2eaf17df4-PendingRequests: sendNotLeaderResponses
2019-09-04 10:44:57,677 [main] INFO  impl.StateMachineUpdater (StateMachineUpdater.java:stopAndJoin(115)) - StateMachineUpdater:85481c8f-e1d3-4452-9840-a26537f3638a:group-3B9755A72B44: set stopIndex = 0
2019-09-04 10:44:57,678 [main] INFO  impl.RaftServerImpl (ServerState.java:close(394)) - 85481c8f-e1d3-4452-9840-a26537f3638a:group-3B9755A72B44 closes. The last applied log index is 0
2019-09-04 10:44:57,677 [ForkJoinPool.commonPool-worker-0] INFO  impl.StateMachineUpdater (StateMachineUpdater.java:stopAndJoin(115)) - StateMachineUpdater:049a29fe-697a-4e80-ace1-9da2eaf17df4:group-2792FE12A644: set stopIndex = 0
2019-09-04 10:44:57,678 [85481c8f-e1d3-4452-9840-a26537f3638a-SegmentedRaftLogWorker:Storage Directory /workdir/hadoop-ozone/integration-test/target/test-dir/MiniOzoneClusterImpl-8ced44ca-4ee5-44c9-aeff-63b5df35a8b0/datanode-3/data/ratis/c03e8e0e-b818-4801-889b-3b9755a72b44] INFO  segmented.SegmentedRaftLogWorker (SegmentedRaftLogWorker.java:run(313)) - 85481c8f-e1d3-4452-9840-a26537f3638a-SegmentedRaftLogWorker:Storage Directory /workdir/hadoop-ozone/integration-test/target/test-dir/MiniOzoneClusterImpl-8ced44ca-4ee5-44c9-aeff-63b5df35a8b0/datanode-3/data/ratis/c03e8e0e-b818-4801-889b-3b9755a72b44 was interrupted, exiting. There are 0 tasks remaining in the queue.
2019-09-04 10:44:57,678 [ForkJoinPool.commonPool-worker-0] INFO  impl.RaftServerImpl (ServerState.java:close(394)) - 049a29fe-697a-4e80-ace1-9da2eaf17df4:group-2792FE12A644 closes. The last applied log index is 0
2019-09-04 10:44:57,681 [main] INFO  segmented.SegmentedRaftLogWorker (SegmentedRaftLogWorker.java:close(228)) - 85481c8f-e1d3-4452-9840-a26537f3638a-SegmentedRaftLogWorker:Storage Directory /workdir/hadoop-ozone/integration-test/target/test-dir/MiniOzoneClusterImpl-8ced44ca-4ee5-44c9-aeff-63b5df35a8b0/datanode-3/data/ratis/c03e8e0e-b818-4801-889b-3b9755a72b44 close()
2019-09-04 10:44:57,681 [049a29fe-697a-4e80-ace1-9da2eaf17df4-SegmentedRaftLogWorker:Storage Directory /workdir/hadoop-ozone/integration-test/target/test-dir/MiniOzoneClusterImpl-8ced44ca-4ee5-44c9-aeff-63b5df35a8b0/datanode-1/data/ratis/4fcada8c-cfdd-4588-afab-2792fe12a644] INFO  segmented.SegmentedRaftLogWorker (SegmentedRaftLogWorker.java:run(313)) - 049a29fe-697a-4e80-ace1-9da2eaf17df4-SegmentedRaftLogWorker:Storage Directory /workdir/hadoop-ozone/integration-test/target/test-dir/MiniOzoneClusterImpl-8ced44ca-4ee5-44c9-aeff-63b5df35a8b0/datanode-1/data/ratis/4fcada8c-cfdd-4588-afab-2792fe12a644 was interrupted, exiting. There are 0 tasks remaining in the queue.
2019-09-04 10:44:57,685 [main] INFO  server.GrpcService (GrpcService.java:closeImpl(155)) - 85481c8f-e1d3-4452-9840-a26537f3638a: shutdown server with port 41097 now
2019-09-04 10:44:57,687 [ForkJoinPool.commonPool-worker-0] INFO  segmented.SegmentedRaftLogWorker (SegmentedRaftLogWorker.java:close(228)) - 049a29fe-697a-4e80-ace1-9da2eaf17df4-SegmentedRaftLogWorker:Storage Directory /workdir/hadoop-ozone/integration-test/target/test-dir/MiniOzoneClusterImpl-8ced44ca-4ee5-44c9-aeff-63b5df35a8b0/datanode-1/data/ratis/4fcada8c-cfdd-4588-afab-2792fe12a644 close()
2019-09-04 10:44:57,692 [grpc-default-executor-9] WARN  server.GrpcServerProtocolService (LogUtils.java:warn(134)) - 85481c8f-e1d3-4452-9840-a26537f3638a: appendEntries onError: org.apache.ratis.thirdparty.io.grpc.StatusRuntimeException: CANCELLED: cancelled before receiving half close
2019-09-04 10:44:57,692 [ForkJoinPool.commonPool-worker-0] INFO  server.GrpcService (GrpcService.java:closeImpl(155)) - 049a29fe-697a-4e80-ace1-9da2eaf17df4: shutdown server with port 34793 now
2019-09-04 10:44:57,692 [main] INFO  server.GrpcService (GrpcService.java:closeImpl(163)) - 85481c8f-e1d3-4452-9840-a26537f3638a: shutdown server with port 41097 successfully
2019-09-04 10:44:57,692 [grpc-default-executor-5] WARN  server.GrpcLogAppender (LogUtils.java:warn(134)) - fe4073e4-29d9-4752-9604-171b889365eb->85481c8f-e1d3-4452-9840-a26537f3638a: Failed appendEntries: org.apache.ratis.thirdparty.io.grpc.StatusRuntimeException: CANCELLED: HTTP/2 error code: CANCEL
Received Rst Stream
2019-09-04 10:44:57,693 [grpc-default-executor-9] WARN  server.GrpcLogAppender (LogUtils.java:warn(134)) - fe4073e4-29d9-4752-9604-171b889365eb->049a29fe-697a-4e80-ace1-9da2eaf17df4: Failed appendEntries: org.apache.ratis.thirdparty.io.grpc.StatusRuntimeException: CANCELLED: HTTP/2 error code: CANCEL
Received Rst Stream
2019-09-04 10:44:57,693 [ForkJoinPool.commonPool-worker-0] INFO  server.GrpcService (GrpcService.java:closeImpl(163)) - 049a29fe-697a-4e80-ace1-9da2eaf17df4: shutdown server with port 34793 successfully
2019-09-04 10:44:57,693 [grpc-default-executor-10] WARN  server.GrpcServerProtocolService (LogUtils.java:warn(134)) - 049a29fe-697a-4e80-ace1-9da2eaf17df4: appendEntries onError: org.apache.ratis.thirdparty.io.grpc.StatusRuntimeException: CANCELLED: cancelled before receiving half close
2019-09-04 10:44:57,693 [grpc-default-executor-9] INFO  impl.FollowerInfo (FollowerInfo.java:lambda$new$0(50)) - fe4073e4-29d9-4752-9604-171b889365eb->049a29fe-697a-4e80-ace1-9da2eaf17df4: nextIndex: updateUnconditionally 16 -> 15
2019-09-04 10:44:57,693 [grpc-default-executor-5] INFO  impl.FollowerInfo (FollowerInfo.java:lambda$new$0(50)) - fe4073e4-29d9-4752-9604-171b889365eb->85481c8f-e1d3-4452-9840-a26537f3638a: nextIndex: updateUnconditionally 16 -> 15
2019-09-04 10:44:57,700 [refreshUsed-/workdir/hadoop-ozone/integration-test/target/test-dir/MiniOzoneClusterImpl-8ced44ca-4ee5-44c9-aeff-63b5df35a8b0/datanode-1/data/containers] WARN  fs.CachingGetSpaceUsed (CachingGetSpaceUsed.java:run(183)) - Thread Interrupted waiting to refresh disk information: sleep interrupted
2019-09-04 10:44:57,702 [refreshUsed-/workdir/hadoop-ozone/integration-test/target/test-dir/MiniOzoneClusterImpl-8ced44ca-4ee5-44c9-aeff-63b5df35a8b0/datanode-3/data/containers] WARN  fs.CachingGetSpaceUsed (CachingGetSpaceUsed.java:run(183)) - Thread Interrupted waiting to refresh disk information: sleep interrupted
2019-09-04 10:44:57,715 [main] INFO  utils.BackgroundService (BackgroundService.java:shutdown(148)) - Shutting down service BlockDeletingService
2019-09-04 10:44:57,720 [main] INFO  statemachine.DatanodeStateMachine (DatanodeStateMachine.java:stopDaemon(395)) - Ozone container server stopped.
2019-09-04 10:44:57,721 [main] INFO  handler.ContextHandler (ContextHandler.java:doStop(910)) - Stopped o.e.j.w.WebAppContext@46468f0{/,null,UNAVAILABLE}{/hddsDatanode}
2019-09-04 10:44:57,722 [main] INFO  server.AbstractConnector (AbstractConnector.java:doStop(318)) - Stopped ServerConnector@5f8f1712{HTTP/1.1,[http/1.1]}{0.0.0.0:0}
2019-09-04 10:44:57,722 [main] INFO  handler.ContextHandler (ContextHandler.java:doStop(910)) - Stopped o.e.j.s.ServletContextHandler@682e422c{/static,jar:file:/home/user/.m2/repository/org/apache/hadoop/hadoop-hdds-container-service/0.5.0-SNAPSHOT/hadoop-hdds-container-service-0.5.0-SNAPSHOT.jar!/webapps/static,UNAVAILABLE}
2019-09-04 10:44:57,723 [main] INFO  handler.ContextHandler (ContextHandler.java:doStop(910)) - Stopped o.e.j.s.ServletContextHandler@4137aab0{/logs,file:///workdir/hadoop-ozone/integration-test/target/log,UNAVAILABLE}
2019-09-04 10:44:57,723 [ForkJoinPool.commonPool-worker-0] INFO  utils.BackgroundService (BackgroundService.java:shutdown(148)) - Shutting down service BlockDeletingService
2019-09-04 10:44:57,728 [ForkJoinPool.commonPool-worker-0] INFO  statemachine.DatanodeStateMachine (DatanodeStateMachine.java:stopDaemon(395)) - Ozone container server stopped.
2019-09-04 10:44:57,732 [ForkJoinPool.commonPool-worker-0] INFO  handler.ContextHandler (ContextHandler.java:doStop(910)) - Stopped o.e.j.w.WebAppContext@6459f4ea{/,null,UNAVAILABLE}{/hddsDatanode}
2019-09-04 10:44:57,733 [ForkJoinPool.commonPool-worker-0] INFO  server.AbstractConnector (AbstractConnector.java:doStop(318)) - Stopped ServerConnector@740b9a50{HTTP/1.1,[http/1.1]}{0.0.0.0:0}
2019-09-04 10:44:57,734 [ForkJoinPool.commonPool-worker-0] INFO  handler.ContextHandler (ContextHandler.java:doStop(910)) - Stopped o.e.j.s.ServletContextHandler@6314df3c{/static,jar:file:/home/user/.m2/repository/org/apache/hadoop/hadoop-hdds-container-service/0.5.0-SNAPSHOT/hadoop-hdds-container-service-0.5.0-SNAPSHOT.jar!/webapps/static,UNAVAILABLE}
2019-09-04 10:44:57,736 [ForkJoinPool.commonPool-worker-0] INFO  handler.ContextHandler (ContextHandler.java:doStop(910)) - Stopped o.e.j.s.ServletContextHandler@4270b142{/logs,file:///workdir/hadoop-ozone/integration-test/target/log,UNAVAILABLE}
2019-09-04 10:44:58,315 [Datanode State Machine Thread - 0] INFO  statemachine.DatanodeStateMachine (DatanodeStateMachine.java:lambda$startDaemon$0(350)) - Ozone container server started.
2019-09-04 10:44:58,677 [Datanode State Machine Thread - 0] INFO  statemachine.DatanodeStateMachine (DatanodeStateMachine.java:lambda$startDaemon$0(350)) - Ozone container server started.
2019-09-04 10:44:59,401 [grpc-default-executor-10] WARN  server.GrpcLogAppender (LogUtils.java:warn(134)) - fe4073e4-29d9-4752-9604-171b889365eb->85481c8f-e1d3-4452-9840-a26537f3638a: Failed appendEntries: org.apache.ratis.thirdparty.io.grpc.StatusRuntimeException: UNAVAILABLE: io exception
2019-09-04 10:44:59,401 [grpc-default-executor-2] WARN  server.GrpcLogAppender (LogUtils.java:warn(134)) - fe4073e4-29d9-4752-9604-171b889365eb->049a29fe-697a-4e80-ace1-9da2eaf17df4: Failed appendEntries: org.apache.ratis.thirdparty.io.grpc.StatusRuntimeException: UNAVAILABLE: io exception
2019-09-04 10:44:59,402 [grpc-default-executor-10] INFO  impl.FollowerInfo (FollowerInfo.java:lambda$new$0(50)) - fe4073e4-29d9-4752-9604-171b889365eb->85481c8f-e1d3-4452-9840-a26537f3638a: nextIndex: updateUnconditionally 16 -> 15
2019-09-04 10:44:59,402 [grpc-default-executor-2] INFO  impl.FollowerInfo (FollowerInfo.java:lambda$new$0(50)) - fe4073e4-29d9-4752-9604-171b889365eb->049a29fe-697a-4e80-ace1-9da2eaf17df4: nextIndex: updateUnconditionally 16 -> 15
2019-09-04 10:44:59,631 [grpc-default-executor-8] WARN  server.GrpcLogAppender (LogUtils.java:warn(134)) - c39abe71-7611-4001-9539-bba876860d2a->5edab1c0-df0e-4ea3-aa3c-59f2fee068b8: Failed appendEntries: org.apache.ratis.thirdparty.io.grpc.StatusRuntimeException: UNAVAILABLE: io exception
2019-09-04 10:44:59,631 [grpc-default-executor-8] INFO  impl.FollowerInfo (FollowerInfo.java:lambda$new$0(50)) - c39abe71-7611-4001-9539-bba876860d2a->5edab1c0-df0e-4ea3-aa3c-59f2fee068b8: nextIndex: updateUnconditionally 0 -> 0
2019-09-04 10:45:01,902 [grpc-default-executor-8] WARN  server.GrpcLogAppender (LogUtils.java:warn(134)) - fe4073e4-29d9-4752-9604-171b889365eb->85481c8f-e1d3-4452-9840-a26537f3638a: Failed appendEntries: org.apache.ratis.thirdparty.io.grpc.StatusRuntimeException: UNAVAILABLE: io exception
2019-09-04 10:45:01,902 [grpc-default-executor-2] WARN  server.GrpcLogAppender (LogUtils.java:warn(134)) - fe4073e4-29d9-4752-9604-171b889365eb->049a29fe-697a-4e80-ace1-9da2eaf17df4: Failed appendEntries: org.apache.ratis.thirdparty.io.grpc.StatusRuntimeException: UNAVAILABLE: io exception
2019-09-04 10:45:01,902 [grpc-default-executor-8] INFO  impl.FollowerInfo (FollowerInfo.java:lambda$new$0(50)) - fe4073e4-29d9-4752-9604-171b889365eb->85481c8f-e1d3-4452-9840-a26537f3638a: nextIndex: updateUnconditionally 15 -> 14
2019-09-04 10:45:01,902 [grpc-default-executor-2] INFO  impl.FollowerInfo (FollowerInfo.java:lambda$new$0(50)) - fe4073e4-29d9-4752-9604-171b889365eb->049a29fe-697a-4e80-ace1-9da2eaf17df4: nextIndex: updateUnconditionally 15 -> 14
2019-09-04 10:45:02,131 [grpc-default-executor-10] WARN  server.GrpcLogAppender (LogUtils.java:warn(134)) - c39abe71-7611-4001-9539-bba876860d2a->5edab1c0-df0e-4ea3-aa3c-59f2fee068b8: Failed appendEntries: org.apache.ratis.thirdparty.io.grpc.StatusRuntimeException: UNAVAILABLE: io exception
2019-09-04 10:45:02,132 [grpc-default-executor-10] INFO  impl.FollowerInfo (FollowerInfo.java:lambda$new$0(50)) - c39abe71-7611-4001-9539-bba876860d2a->5edab1c0-df0e-4ea3-aa3c-59f2fee068b8: nextIndex: updateUnconditionally 0 -> 0
2019-09-04 10:45:02,391 [EventQueue-StaleNodeForStaleNodeHandler] INFO  node.StaleNodeHandler (StaleNodeHandler.java:onMessage(58)) - Datanode e09b7eb1-4844-474a-a024-7bf910e612d1{ip: 192.168.5.153, host: pr-hdds-1982-decom-states-67zng-3388626213, networkLocation: /default-rack, certSerialId: null} moved to stale state. Finalizing its pipelines [PipelineID=959a4b34-6e45-4ef0-a14a-35185cdc127a]
2019-09-04 10:45:02,391 [EventQueue-StaleNodeForStaleNodeHandler] INFO  pipeline.SCMPipelineManager (SCMPipelineManager.java:finalizeAndDestroyPipeline(311)) - destroying pipeline:Pipeline[ Id: 959a4b34-6e45-4ef0-a14a-35185cdc127a, Nodes: e09b7eb1-4844-474a-a024-7bf910e612d1{ip: 192.168.5.153, host: pr-hdds-1982-decom-states-67zng-3388626213, networkLocation: /default-rack, certSerialId: null}, Type:RATIS, Factor:ONE, State:OPEN]
2019-09-04 10:45:02,391 [EventQueue-StaleNodeForStaleNodeHandler] INFO  pipeline.PipelineStateManager (PipelineStateManager.java:finalizePipeline(123)) - Pipeline Pipeline[ Id: 959a4b34-6e45-4ef0-a14a-35185cdc127a, Nodes: e09b7eb1-4844-474a-a024-7bf910e612d1{ip: 192.168.5.153, host: pr-hdds-1982-decom-states-67zng-3388626213, networkLocation: /default-rack, certSerialId: null}, Type:RATIS, Factor:ONE, State:CLOSED] moved to CLOSED state
2019-09-04 10:45:02,691 [EventQueue-StaleNodeForStaleNodeHandler] INFO  node.StaleNodeHandler (StaleNodeHandler.java:onMessage(58)) - Datanode 9596a9b3-71ac-4868-b50a-133dfe1be36f{ip: 192.168.5.153, host: pr-hdds-1982-decom-states-67zng-3388626213, networkLocation: /default-rack, certSerialId: null} moved to stale state. Finalizing its pipelines [PipelineID=f13a0c18-ac8e-48fe-acca-4b9c4fb8c348, PipelineID=ace78803-dd0e-42e8-aeac-63cd79acecd3]
2019-09-04 10:45:02,692 [EventQueue-StaleNodeForStaleNodeHandler] INFO  pipeline.SCMPipelineManager (SCMPipelineManager.java:finalizeAndDestroyPipeline(311)) - destroying pipeline:Pipeline[ Id: f13a0c18-ac8e-48fe-acca-4b9c4fb8c348, Nodes: 5edab1c0-df0e-4ea3-aa3c-59f2fee068b8{ip: 192.168.5.153, host: pr-hdds-1982-decom-states-67zng-3388626213, networkLocation: /default-rack, certSerialId: null}9596a9b3-71ac-4868-b50a-133dfe1be36f{ip: 192.168.5.153, host: pr-hdds-1982-decom-states-67zng-3388626213, networkLocation: /default-rack, certSerialId: null}c39abe71-7611-4001-9539-bba876860d2a{ip: 192.168.5.153, host: pr-hdds-1982-decom-states-67zng-3388626213, networkLocation: /default-rack, certSerialId: null}, Type:RATIS, Factor:THREE, State:CLOSED]
2019-09-04 10:45:02,692 [EventQueue-StaleNodeForStaleNodeHandler] INFO  pipeline.SCMPipelineManager (SCMPipelineManager.java:finalizeAndDestroyPipeline(311)) - destroying pipeline:Pipeline[ Id: ace78803-dd0e-42e8-aeac-63cd79acecd3, Nodes: 9596a9b3-71ac-4868-b50a-133dfe1be36f{ip: 192.168.5.153, host: pr-hdds-1982-decom-states-67zng-3388626213, networkLocation: /default-rack, certSerialId: null}, Type:RATIS, Factor:ONE, State:OPEN]
2019-09-04 10:45:02,692 [EventQueue-StaleNodeForStaleNodeHandler] INFO  pipeline.PipelineStateManager (PipelineStateManager.java:finalizePipeline(123)) - Pipeline Pipeline[ Id: ace78803-dd0e-42e8-aeac-63cd79acecd3, Nodes: 9596a9b3-71ac-4868-b50a-133dfe1be36f{ip: 192.168.5.153, host: pr-hdds-1982-decom-states-67zng-3388626213, networkLocation: /default-rack, certSerialId: null}, Type:RATIS, Factor:ONE, State:CLOSED] moved to CLOSED state
2019-09-04 10:45:02,729 [main] INFO  ozoneimpl.OzoneContainer (OzoneContainer.java:stop(215)) - Attempting to stop container services.
2019-09-04 10:45:02,730 [main] INFO  impl.RaftServerProxy (RaftServerProxy.java:lambda$close$4(314)) - e09b7eb1-4844-474a-a024-7bf910e612d1: close
2019-09-04 10:45:02,731 [main] INFO  impl.RaftServerImpl (RaftServerImpl.java:lambda$shutdown$3(245)) - e09b7eb1-4844-474a-a024-7bf910e612d1: shutdown group-35185CDC127A
2019-09-04 10:45:02,731 [main] INFO  util.JmxRegister (JmxRegister.java:unregister(73)) - Successfully un-registered JMX Bean with object name Ratis:service=RaftServer,group=group-35185CDC127A,id=e09b7eb1-4844-474a-a024-7bf910e612d1
2019-09-04 10:45:02,732 [main] INFO  impl.RoleInfo (RoleInfo.java:shutdownLeaderState(104)) - e09b7eb1-4844-474a-a024-7bf910e612d1: shutdown LeaderState
2019-09-04 10:45:02,732 [main] INFO  impl.PendingRequests (PendingRequests.java:sendNotLeaderResponses(202)) - e09b7eb1-4844-474a-a024-7bf910e612d1-PendingRequests: sendNotLeaderResponses
2019-09-04 10:45:02,733 [main] INFO  impl.StateMachineUpdater (StateMachineUpdater.java:stopAndJoin(115)) - StateMachineUpdater:e09b7eb1-4844-474a-a024-7bf910e612d1:group-35185CDC127A: set stopIndex = 0
2019-09-04 10:45:02,734 [main] INFO  impl.RaftServerImpl (ServerState.java:close(394)) - e09b7eb1-4844-474a-a024-7bf910e612d1:group-35185CDC127A closes. The last applied log index is 0
2019-09-04 10:45:02,735 [e09b7eb1-4844-474a-a024-7bf910e612d1-SegmentedRaftLogWorker:Storage Directory /workdir/hadoop-ozone/integration-test/target/test-dir/MiniOzoneClusterImpl-8ced44ca-4ee5-44c9-aeff-63b5df35a8b0/datanode-6/data/ratis/959a4b34-6e45-4ef0-a14a-35185cdc127a] INFO  segmented.SegmentedRaftLogWorker (SegmentedRaftLogWorker.java:run(313)) - e09b7eb1-4844-474a-a024-7bf910e612d1-SegmentedRaftLogWorker:Storage Directory /workdir/hadoop-ozone/integration-test/target/test-dir/MiniOzoneClusterImpl-8ced44ca-4ee5-44c9-aeff-63b5df35a8b0/datanode-6/data/ratis/959a4b34-6e45-4ef0-a14a-35185cdc127a was interrupted, exiting. There are 0 tasks remaining in the queue.
2019-09-04 10:45:02,738 [main] INFO  segmented.SegmentedRaftLogWorker (SegmentedRaftLogWorker.java:close(228)) - e09b7eb1-4844-474a-a024-7bf910e612d1-SegmentedRaftLogWorker:Storage Directory /workdir/hadoop-ozone/integration-test/target/test-dir/MiniOzoneClusterImpl-8ced44ca-4ee5-44c9-aeff-63b5df35a8b0/datanode-6/data/ratis/959a4b34-6e45-4ef0-a14a-35185cdc127a close()
2019-09-04 10:45:02,739 [ForkJoinPool.commonPool-worker-0] INFO  ozoneimpl.OzoneContainer (OzoneContainer.java:stop(215)) - Attempting to stop container services.
2019-09-04 10:45:02,744 [main] INFO  server.GrpcService (GrpcService.java:closeImpl(155)) - e09b7eb1-4844-474a-a024-7bf910e612d1: shutdown server with port 45694 now
2019-09-04 10:45:02,744 [ForkJoinPool.commonPool-worker-0] INFO  impl.RaftServerProxy (RaftServerProxy.java:lambda$close$4(314)) - 9596a9b3-71ac-4868-b50a-133dfe1be36f: close
2019-09-04 10:45:02,744 [main] INFO  server.GrpcService (GrpcService.java:closeImpl(163)) - e09b7eb1-4844-474a-a024-7bf910e612d1: shutdown server with port 45694 successfully
2019-09-04 10:45:02,745 [ForkJoinPool.commonPool-worker-0] INFO  impl.RaftServerImpl (RaftServerImpl.java:lambda$shutdown$3(245)) - 9596a9b3-71ac-4868-b50a-133dfe1be36f: shutdown group-4B9C4FB8C348
2019-09-04 10:45:02,745 [ForkJoinPool.commonPool-worker-0] INFO  util.JmxRegister (JmxRegister.java:unregister(73)) - Successfully un-registered JMX Bean with object name Ratis:service=RaftServer,group=group-4B9C4FB8C348,id=9596a9b3-71ac-4868-b50a-133dfe1be36f
2019-09-04 10:45:02,746 [ForkJoinPool.commonPool-worker-0] INFO  impl.RoleInfo (RoleInfo.java:shutdownFollowerState(121)) - 9596a9b3-71ac-4868-b50a-133dfe1be36f: shutdown FollowerState
2019-09-04 10:45:02,746 [ForkJoinPool.commonPool-worker-0] INFO  impl.StateMachineUpdater (StateMachineUpdater.java:stopAndJoin(115)) - StateMachineUpdater:9596a9b3-71ac-4868-b50a-133dfe1be36f:group-4B9C4FB8C348: set stopIndex = 16
2019-09-04 10:45:02,746 [Thread-3779] INFO  impl.FollowerState (FollowerState.java:run(114)) - 9596a9b3-71ac-4868-b50a-133dfe1be36f: FollowerState was interrupted: java.lang.InterruptedException: sleep interrupted
2019-09-04 10:45:02,746 [StateMachineUpdater:9596a9b3-71ac-4868-b50a-133dfe1be36f:group-4B9C4FB8C348] INFO  ratis.ContainerStateMachine (ContainerStateMachine.java:takeSnapshot(284)) - group-4B9C4FB8C348: Taking a snapshot at:(t:2, i:12) file /workdir/hadoop-ozone/integration-test/target/test-dir/MiniOzoneClusterImpl-8ced44ca-4ee5-44c9-aeff-63b5df35a8b0/datanode-2/data/ratis/f13a0c18-ac8e-48fe-acca-4b9c4fb8c348/sm/snapshot.2_12
2019-09-04 10:45:02,746 [refreshUsed-/workdir/hadoop-ozone/integration-test/target/test-dir/MiniOzoneClusterImpl-8ced44ca-4ee5-44c9-aeff-63b5df35a8b0/datanode-6/data/containers] WARN  fs.CachingGetSpaceUsed (CachingGetSpaceUsed.java:run(183)) - Thread Interrupted waiting to refresh disk information: sleep interrupted
2019-09-04 10:45:02,763 [StateMachineUpdater:9596a9b3-71ac-4868-b50a-133dfe1be36f:group-4B9C4FB8C348] INFO  ratis.ContainerStateMachine (ContainerStateMachine.java:takeSnapshot(295)) - group-4B9C4FB8C348: Finished taking a snapshot at:(t:2, i:12) file:/workdir/hadoop-ozone/integration-test/target/test-dir/MiniOzoneClusterImpl-8ced44ca-4ee5-44c9-aeff-63b5df35a8b0/datanode-2/data/ratis/f13a0c18-ac8e-48fe-acca-4b9c4fb8c348/sm/snapshot.2_12 time:17
2019-09-04 10:45:02,763 [StateMachineUpdater:9596a9b3-71ac-4868-b50a-133dfe1be36f:group-4B9C4FB8C348] INFO  impl.StateMachineUpdater (StateMachineUpdater.java:takeSnapshot(242)) - StateMachineUpdater:9596a9b3-71ac-4868-b50a-133dfe1be36f:group-4B9C4FB8C348: Took a snapshot at index 12
2019-09-04 10:45:02,763 [StateMachineUpdater:9596a9b3-71ac-4868-b50a-133dfe1be36f:group-4B9C4FB8C348] INFO  impl.StateMachineUpdater (StateMachineUpdater.java:lambda$new$0(80)) - StateMachineUpdater:9596a9b3-71ac-4868-b50a-133dfe1be36f:group-4B9C4FB8C348: snapshotIndex: updateIncreasingly -1 -> 12
2019-09-04 10:45:02,764 [ForkJoinPool.commonPool-worker-0] INFO  impl.RaftServerImpl (ServerState.java:close(394)) - 9596a9b3-71ac-4868-b50a-133dfe1be36f:group-4B9C4FB8C348 closes. The last applied log index is 16
2019-09-04 10:45:02,764 [9596a9b3-71ac-4868-b50a-133dfe1be36f-SegmentedRaftLogWorker:Storage Directory /workdir/hadoop-ozone/integration-test/target/test-dir/MiniOzoneClusterImpl-8ced44ca-4ee5-44c9-aeff-63b5df35a8b0/datanode-2/data/ratis/f13a0c18-ac8e-48fe-acca-4b9c4fb8c348] INFO  segmented.SegmentedRaftLogWorker (SegmentedRaftLogWorker.java:run(313)) - 9596a9b3-71ac-4868-b50a-133dfe1be36f-SegmentedRaftLogWorker:Storage Directory /workdir/hadoop-ozone/integration-test/target/test-dir/MiniOzoneClusterImpl-8ced44ca-4ee5-44c9-aeff-63b5df35a8b0/datanode-2/data/ratis/f13a0c18-ac8e-48fe-acca-4b9c4fb8c348 was interrupted, exiting. There are 0 tasks remaining in the queue.
2019-09-04 10:45:02,766 [ForkJoinPool.commonPool-worker-0] INFO  segmented.SegmentedRaftLogWorker (SegmentedRaftLogWorker.java:close(228)) - 9596a9b3-71ac-4868-b50a-133dfe1be36f-SegmentedRaftLogWorker:Storage Directory /workdir/hadoop-ozone/integration-test/target/test-dir/MiniOzoneClusterImpl-8ced44ca-4ee5-44c9-aeff-63b5df35a8b0/datanode-2/data/ratis/f13a0c18-ac8e-48fe-acca-4b9c4fb8c348 close()
2019-09-04 10:45:02,769 [ForkJoinPool.commonPool-worker-0] INFO  impl.RaftServerImpl (RaftServerImpl.java:lambda$shutdown$3(245)) - 9596a9b3-71ac-4868-b50a-133dfe1be36f: shutdown group-63CD79ACECD3
2019-09-04 10:45:02,769 [ForkJoinPool.commonPool-worker-0] INFO  util.JmxRegister (JmxRegister.java:unregister(73)) - Successfully un-registered JMX Bean with object name Ratis:service=RaftServer,group=group-63CD79ACECD3,id=9596a9b3-71ac-4868-b50a-133dfe1be36f
2019-09-04 10:45:02,769 [ForkJoinPool.commonPool-worker-0] INFO  impl.RoleInfo (RoleInfo.java:shutdownLeaderState(104)) - 9596a9b3-71ac-4868-b50a-133dfe1be36f: shutdown LeaderState
2019-09-04 10:45:02,769 [ForkJoinPool.commonPool-worker-0] INFO  impl.PendingRequests (PendingRequests.java:sendNotLeaderResponses(202)) - 9596a9b3-71ac-4868-b50a-133dfe1be36f-PendingRequests: sendNotLeaderResponses
2019-09-04 10:45:02,769 [main] INFO  utils.BackgroundService (BackgroundService.java:shutdown(148)) - Shutting down service BlockDeletingService
2019-09-04 10:45:02,770 [ForkJoinPool.commonPool-worker-0] INFO  impl.StateMachineUpdater (StateMachineUpdater.java:stopAndJoin(115)) - StateMachineUpdater:9596a9b3-71ac-4868-b50a-133dfe1be36f:group-63CD79ACECD3: set stopIndex = 0
2019-09-04 10:45:02,770 [ForkJoinPool.commonPool-worker-0] INFO  impl.RaftServerImpl (ServerState.java:close(394)) - 9596a9b3-71ac-4868-b50a-133dfe1be36f:group-63CD79ACECD3 closes. The last applied log index is 0
2019-09-04 10:45:02,774 [main] INFO  statemachine.DatanodeStateMachine (DatanodeStateMachine.java:stopDaemon(395)) - Ozone container server stopped.
2019-09-04 10:45:02,774 [9596a9b3-71ac-4868-b50a-133dfe1be36f-SegmentedRaftLogWorker:Storage Directory /workdir/hadoop-ozone/integration-test/target/test-dir/MiniOzoneClusterImpl-8ced44ca-4ee5-44c9-aeff-63b5df35a8b0/datanode-2/data/ratis/ace78803-dd0e-42e8-aeac-63cd79acecd3] INFO  segmented.SegmentedRaftLogWorker (SegmentedRaftLogWorker.java:run(313)) - 9596a9b3-71ac-4868-b50a-133dfe1be36f-SegmentedRaftLogWorker:Storage Directory /workdir/hadoop-ozone/integration-test/target/test-dir/MiniOzoneClusterImpl-8ced44ca-4ee5-44c9-aeff-63b5df35a8b0/datanode-2/data/ratis/ace78803-dd0e-42e8-aeac-63cd79acecd3 was interrupted, exiting. There are 0 tasks remaining in the queue.
2019-09-04 10:45:02,776 [ForkJoinPool.commonPool-worker-0] INFO  segmented.SegmentedRaftLogWorker (SegmentedRaftLogWorker.java:close(228)) - 9596a9b3-71ac-4868-b50a-133dfe1be36f-SegmentedRaftLogWorker:Storage Directory /workdir/hadoop-ozone/integration-test/target/test-dir/MiniOzoneClusterImpl-8ced44ca-4ee5-44c9-aeff-63b5df35a8b0/datanode-2/data/ratis/ace78803-dd0e-42e8-aeac-63cd79acecd3 close()
2019-09-04 10:45:02,779 [ForkJoinPool.commonPool-worker-0] INFO  server.GrpcService (GrpcService.java:closeImpl(155)) - 9596a9b3-71ac-4868-b50a-133dfe1be36f: shutdown server with port 37580 now
2019-09-04 10:45:02,779 [main] INFO  handler.ContextHandler (ContextHandler.java:doStop(910)) - Stopped o.e.j.w.WebAppContext@106c988{/,null,UNAVAILABLE}{/hddsDatanode}
2019-09-04 10:45:02,779 [grpc-default-executor-2] WARN  server.GrpcServerProtocolService (LogUtils.java:warn(134)) - 9596a9b3-71ac-4868-b50a-133dfe1be36f: appendEntries onError: org.apache.ratis.thirdparty.io.grpc.StatusRuntimeException: CANCELLED: cancelled before receiving half close
2019-09-04 10:45:02,780 [ForkJoinPool.commonPool-worker-0] INFO  server.GrpcService (GrpcService.java:closeImpl(163)) - 9596a9b3-71ac-4868-b50a-133dfe1be36f: shutdown server with port 37580 successfully
2019-09-04 10:45:02,781 [main] INFO  server.AbstractConnector (AbstractConnector.java:doStop(318)) - Stopped ServerConnector@21274afe{HTTP/1.1,[http/1.1]}{0.0.0.0:0}
2019-09-04 10:45:02,781 [grpc-default-executor-10] WARN  server.GrpcLogAppender (LogUtils.java:warn(134)) - c39abe71-7611-4001-9539-bba876860d2a->9596a9b3-71ac-4868-b50a-133dfe1be36f: Failed appendEntries: org.apache.ratis.thirdparty.io.grpc.StatusRuntimeException: CANCELLED: HTTP/2 error code: CANCEL
Received Rst Stream
2019-09-04 10:45:02,782 [grpc-default-executor-10] INFO  impl.FollowerInfo (FollowerInfo.java:lambda$new$0(50)) - c39abe71-7611-4001-9539-bba876860d2a->9596a9b3-71ac-4868-b50a-133dfe1be36f: nextIndex: updateUnconditionally 17 -> 16
2019-09-04 10:45:02,782 [main] INFO  handler.ContextHandler (ContextHandler.java:doStop(910)) - Stopped o.e.j.s.ServletContextHandler@39652a30{/static,jar:file:/home/user/.m2/repository/org/apache/hadoop/hadoop-hdds-container-service/0.5.0-SNAPSHOT/hadoop-hdds-container-service-0.5.0-SNAPSHOT.jar!/webapps/static,UNAVAILABLE}
2019-09-04 10:45:02,783 [main] INFO  handler.ContextHandler (ContextHandler.java:doStop(910)) - Stopped o.e.j.s.ServletContextHandler@203e705e{/logs,file:///workdir/hadoop-ozone/integration-test/target/log,UNAVAILABLE}
2019-09-04 10:45:02,784 [refreshUsed-/workdir/hadoop-ozone/integration-test/target/test-dir/MiniOzoneClusterImpl-8ced44ca-4ee5-44c9-aeff-63b5df35a8b0/datanode-2/data/containers] WARN  fs.CachingGetSpaceUsed (CachingGetSpaceUsed.java:run(183)) - Thread Interrupted waiting to refresh disk information: sleep interrupted
2019-09-04 10:45:02,800 [ForkJoinPool.commonPool-worker-0] INFO  utils.BackgroundService (BackgroundService.java:shutdown(148)) - Shutting down service BlockDeletingService
2019-09-04 10:45:02,803 [ForkJoinPool.commonPool-worker-0] INFO  statemachine.DatanodeStateMachine (DatanodeStateMachine.java:stopDaemon(395)) - Ozone container server stopped.
2019-09-04 10:45:02,807 [ForkJoinPool.commonPool-worker-0] INFO  handler.ContextHandler (ContextHandler.java:doStop(910)) - Stopped o.e.j.w.WebAppContext@4602f874{/,null,UNAVAILABLE}{/hddsDatanode}
2019-09-04 10:45:02,808 [ForkJoinPool.commonPool-worker-0] INFO  server.AbstractConnector (AbstractConnector.java:doStop(318)) - Stopped ServerConnector@7739aac4{HTTP/1.1,[http/1.1]}{0.0.0.0:0}
2019-09-04 10:45:02,810 [ForkJoinPool.commonPool-worker-0] INFO  handler.ContextHandler (ContextHandler.java:doStop(910)) - Stopped o.e.j.s.ServletContextHandler@7e3d2ebd{/static,jar:file:/home/user/.m2/repository/org/apache/hadoop/hadoop-hdds-container-service/0.5.0-SNAPSHOT/hadoop-hdds-container-service-0.5.0-SNAPSHOT.jar!/webapps/static,UNAVAILABLE}
2019-09-04 10:45:02,811 [ForkJoinPool.commonPool-worker-0] INFO  handler.ContextHandler (ContextHandler.java:doStop(910)) - Stopped o.e.j.s.ServletContextHandler@28d739f1{/logs,file:///workdir/hadoop-ozone/integration-test/target/log,UNAVAILABLE}
2019-09-04 10:45:03,396 [Datanode State Machine Thread - 0] INFO  statemachine.DatanodeStateMachine (DatanodeStateMachine.java:lambda$startDaemon$0(350)) - Ozone container server started.
2019-09-04 10:45:03,678 [Datanode State Machine Thread - 0] INFO  statemachine.DatanodeStateMachine (DatanodeStateMachine.java:lambda$startDaemon$0(350)) - Ozone container server started.
2019-09-04 10:45:04,402 [grpc-default-executor-10] WARN  server.GrpcLogAppender (LogUtils.java:warn(134)) - fe4073e4-29d9-4752-9604-171b889365eb->85481c8f-e1d3-4452-9840-a26537f3638a: Failed appendEntries: org.apache.ratis.thirdparty.io.grpc.StatusRuntimeException: UNAVAILABLE: io exception
2019-09-04 10:45:04,402 [grpc-default-executor-9] WARN  server.GrpcLogAppender (LogUtils.java:warn(134)) - fe4073e4-29d9-4752-9604-171b889365eb->049a29fe-697a-4e80-ace1-9da2eaf17df4: Failed appendEntries: org.apache.ratis.thirdparty.io.grpc.StatusRuntimeException: UNAVAILABLE: io exception
2019-09-04 10:45:04,402 [grpc-default-executor-10] INFO  impl.FollowerInfo (FollowerInfo.java:lambda$new$0(50)) - fe4073e4-29d9-4752-9604-171b889365eb->85481c8f-e1d3-4452-9840-a26537f3638a: nextIndex: updateUnconditionally 14 -> 13
2019-09-04 10:45:04,402 [grpc-default-executor-9] INFO  impl.FollowerInfo (FollowerInfo.java:lambda$new$0(50)) - fe4073e4-29d9-4752-9604-171b889365eb->049a29fe-697a-4e80-ace1-9da2eaf17df4: nextIndex: updateUnconditionally 14 -> 13
2019-09-04 10:45:04,632 [grpc-default-executor-2] WARN  server.GrpcLogAppender (LogUtils.java:warn(134)) - c39abe71-7611-4001-9539-bba876860d2a->5edab1c0-df0e-4ea3-aa3c-59f2fee068b8: Failed appendEntries: org.apache.ratis.thirdparty.io.grpc.StatusRuntimeException: UNAVAILABLE: io exception
2019-09-04 10:45:04,633 [grpc-default-executor-2] INFO  impl.FollowerInfo (FollowerInfo.java:lambda$new$0(50)) - c39abe71-7611-4001-9539-bba876860d2a->5edab1c0-df0e-4ea3-aa3c-59f2fee068b8: nextIndex: updateUnconditionally 0 -> 0
2019-09-04 10:45:04,634 [grpc-default-executor-2] WARN  server.GrpcLogAppender (LogUtils.java:warn(134)) - c39abe71-7611-4001-9539-bba876860d2a->9596a9b3-71ac-4868-b50a-133dfe1be36f: Failed appendEntries: org.apache.ratis.thirdparty.io.grpc.StatusRuntimeException: UNAVAILABLE: io exception
2019-09-04 10:45:04,634 [grpc-default-executor-2] INFO  impl.FollowerInfo (FollowerInfo.java:lambda$new$0(50)) - c39abe71-7611-4001-9539-bba876860d2a->9596a9b3-71ac-4868-b50a-133dfe1be36f: nextIndex: updateUnconditionally 16 -> 15
2019-09-04 10:45:06,902 [grpc-default-executor-5] WARN  server.GrpcLogAppender (LogUtils.java:warn(134)) - fe4073e4-29d9-4752-9604-171b889365eb->049a29fe-697a-4e80-ace1-9da2eaf17df4: Failed appendEntries: org.apache.ratis.thirdparty.io.grpc.StatusRuntimeException: UNAVAILABLE: io exception
2019-09-04 10:45:06,903 [grpc-default-executor-5] INFO  impl.FollowerInfo (FollowerInfo.java:lambda$new$0(50)) - fe4073e4-29d9-4752-9604-171b889365eb->049a29fe-697a-4e80-ace1-9da2eaf17df4: nextIndex: updateUnconditionally 13 -> 12
2019-09-04 10:45:06,903 [grpc-default-executor-11] WARN  server.GrpcLogAppender (LogUtils.java:warn(134)) - fe4073e4-29d9-4752-9604-171b889365eb->85481c8f-e1d3-4452-9840-a26537f3638a: Failed appendEntries: org.apache.ratis.thirdparty.io.grpc.StatusRuntimeException: UNAVAILABLE: io exception
2019-09-04 10:45:06,903 [grpc-default-executor-11] INFO  impl.FollowerInfo (FollowerInfo.java:lambda$new$0(50)) - fe4073e4-29d9-4752-9604-171b889365eb->85481c8f-e1d3-4452-9840-a26537f3638a: nextIndex: updateUnconditionally 13 -> 12
2019-09-04 10:45:07,133 [grpc-default-executor-8] WARN  server.GrpcLogAppender (LogUtils.java:warn(134)) - c39abe71-7611-4001-9539-bba876860d2a->5edab1c0-df0e-4ea3-aa3c-59f2fee068b8: Failed appendEntries: org.apache.ratis.thirdparty.io.grpc.StatusRuntimeException: UNAVAILABLE: io exception
2019-09-04 10:45:07,133 [grpc-default-executor-8] INFO  impl.FollowerInfo (FollowerInfo.java:lambda$new$0(50)) - c39abe71-7611-4001-9539-bba876860d2a->5edab1c0-df0e-4ea3-aa3c-59f2fee068b8: nextIndex: updateUnconditionally 0 -> 0
2019-09-04 10:45:07,134 [grpc-default-executor-5] WARN  server.GrpcLogAppender (LogUtils.java:warn(134)) - c39abe71-7611-4001-9539-bba876860d2a->9596a9b3-71ac-4868-b50a-133dfe1be36f: Failed appendEntries: org.apache.ratis.thirdparty.io.grpc.StatusRuntimeException: UNAVAILABLE: io exception
2019-09-04 10:45:07,134 [grpc-default-executor-5] INFO  impl.FollowerInfo (FollowerInfo.java:lambda$new$0(50)) - c39abe71-7611-4001-9539-bba876860d2a->9596a9b3-71ac-4868-b50a-133dfe1be36f: nextIndex: updateUnconditionally 15 -> 14
2019-09-04 10:45:07,497 [EventQueue-StaleNodeForStaleNodeHandler] INFO  node.StaleNodeHandler (StaleNodeHandler.java:onMessage(58)) - Datanode fe4073e4-29d9-4752-9604-171b889365eb{ip: 192.168.5.153, host: pr-hdds-1982-decom-states-67zng-3388626213, networkLocation: /default-rack, certSerialId: null} moved to stale state. Finalizing its pipelines [PipelineID=c54012c5-5463-45de-97f9-01076f1d454a, PipelineID=e1967e4c-b4c1-4f6c-b065-a6503f32e33c]
2019-09-04 10:45:07,497 [EventQueue-StaleNodeForStaleNodeHandler] INFO  pipeline.SCMPipelineManager (SCMPipelineManager.java:finalizeAndDestroyPipeline(311)) - destroying pipeline:Pipeline[ Id: c54012c5-5463-45de-97f9-01076f1d454a, Nodes: fe4073e4-29d9-4752-9604-171b889365eb{ip: 192.168.5.153, host: pr-hdds-1982-decom-states-67zng-3388626213, networkLocation: /default-rack, certSerialId: null}049a29fe-697a-4e80-ace1-9da2eaf17df4{ip: 192.168.5.153, host: pr-hdds-1982-decom-states-67zng-3388626213, networkLocation: /default-rack, certSerialId: null}85481c8f-e1d3-4452-9840-a26537f3638a{ip: 192.168.5.153, host: pr-hdds-1982-decom-states-67zng-3388626213, networkLocation: /default-rack, certSerialId: null}, Type:RATIS, Factor:THREE, State:CLOSED]
2019-09-04 10:45:07,498 [EventQueue-StaleNodeForStaleNodeHandler] INFO  pipeline.SCMPipelineManager (SCMPipelineManager.java:finalizeAndDestroyPipeline(311)) - destroying pipeline:Pipeline[ Id: e1967e4c-b4c1-4f6c-b065-a6503f32e33c, Nodes: fe4073e4-29d9-4752-9604-171b889365eb{ip: 192.168.5.153, host: pr-hdds-1982-decom-states-67zng-3388626213, networkLocation: /default-rack, certSerialId: null}, Type:RATIS, Factor:ONE, State:OPEN]
2019-09-04 10:45:07,498 [EventQueue-StaleNodeForStaleNodeHandler] INFO  pipeline.PipelineStateManager (PipelineStateManager.java:finalizePipeline(123)) - Pipeline Pipeline[ Id: e1967e4c-b4c1-4f6c-b065-a6503f32e33c, Nodes: fe4073e4-29d9-4752-9604-171b889365eb{ip: 192.168.5.153, host: pr-hdds-1982-decom-states-67zng-3388626213, networkLocation: /default-rack, certSerialId: null}, Type:RATIS, Factor:ONE, State:CLOSED] moved to CLOSED state
2019-09-04 10:45:07,697 [EventQueue-StaleNodeForStaleNodeHandler] INFO  node.StaleNodeHandler (StaleNodeHandler.java:onMessage(58)) - Datanode c39abe71-7611-4001-9539-bba876860d2a{ip: 192.168.5.153, host: pr-hdds-1982-decom-states-67zng-3388626213, networkLocation: /default-rack, certSerialId: null} moved to stale state. Finalizing its pipelines [PipelineID=f13a0c18-ac8e-48fe-acca-4b9c4fb8c348, PipelineID=29733ff5-3e4d-4744-9366-10d4c0a6bfc7]
2019-09-04 10:45:07,698 [EventQueue-StaleNodeForStaleNodeHandler] INFO  pipeline.SCMPipelineManager (SCMPipelineManager.java:finalizeAndDestroyPipeline(311)) - destroying pipeline:Pipeline[ Id: f13a0c18-ac8e-48fe-acca-4b9c4fb8c348, Nodes: 5edab1c0-df0e-4ea3-aa3c-59f2fee068b8{ip: 192.168.5.153, host: pr-hdds-1982-decom-states-67zng-3388626213, networkLocation: /default-rack, certSerialId: null}9596a9b3-71ac-4868-b50a-133dfe1be36f{ip: 192.168.5.153, host: pr-hdds-1982-decom-states-67zng-3388626213, networkLocation: /default-rack, certSerialId: null}c39abe71-7611-4001-9539-bba876860d2a{ip: 192.168.5.153, host: pr-hdds-1982-decom-states-67zng-3388626213, networkLocation: /default-rack, certSerialId: null}, Type:RATIS, Factor:THREE, State:CLOSED]
2019-09-04 10:45:07,698 [EventQueue-StaleNodeForStaleNodeHandler] INFO  pipeline.SCMPipelineManager (SCMPipelineManager.java:finalizeAndDestroyPipeline(311)) - destroying pipeline:Pipeline[ Id: 29733ff5-3e4d-4744-9366-10d4c0a6bfc7, Nodes: c39abe71-7611-4001-9539-bba876860d2a{ip: 192.168.5.153, host: pr-hdds-1982-decom-states-67zng-3388626213, networkLocation: /default-rack, certSerialId: null}, Type:RATIS, Factor:ONE, State:OPEN]
2019-09-04 10:45:07,698 [EventQueue-StaleNodeForStaleNodeHandler] INFO  pipeline.PipelineStateManager (PipelineStateManager.java:finalizePipeline(123)) - Pipeline Pipeline[ Id: 29733ff5-3e4d-4744-9366-10d4c0a6bfc7, Nodes: c39abe71-7611-4001-9539-bba876860d2a{ip: 192.168.5.153, host: pr-hdds-1982-decom-states-67zng-3388626213, networkLocation: /default-rack, certSerialId: null}, Type:RATIS, Factor:ONE, State:CLOSED] moved to CLOSED state
2019-09-04 10:45:07,787 [main] INFO  ozoneimpl.OzoneContainer (OzoneContainer.java:stop(215)) - Attempting to stop container services.
2019-09-04 10:45:07,787 [main] INFO  impl.RaftServerProxy (RaftServerProxy.java:lambda$close$4(314)) - c39abe71-7611-4001-9539-bba876860d2a: close
2019-09-04 10:45:07,787 [main] INFO  impl.RaftServerImpl (RaftServerImpl.java:lambda$shutdown$3(245)) - c39abe71-7611-4001-9539-bba876860d2a: shutdown group-4B9C4FB8C348
2019-09-04 10:45:07,788 [main] INFO  util.JmxRegister (JmxRegister.java:unregister(73)) - Successfully un-registered JMX Bean with object name Ratis:service=RaftServer,group=group-4B9C4FB8C348,id=c39abe71-7611-4001-9539-bba876860d2a
2019-09-04 10:45:07,788 [main] INFO  impl.RoleInfo (RoleInfo.java:shutdownLeaderState(104)) - c39abe71-7611-4001-9539-bba876860d2a: shutdown LeaderState
2019-09-04 10:45:07,791 [org.apache.ratis.server.impl.LogAppender$AppenderDaemon$$Lambda$506/1016559005@55e61d81] WARN  server.GrpcLogAppender (GrpcLogAppender.java:mayWait(143)) - GrpcLogAppender(c39abe71-7611-4001-9539-bba876860d2a->5edab1c0-df0e-4ea3-aa3c-59f2fee068b8): Wait interrupted by java.lang.InterruptedException
2019-09-04 10:45:07,791 [main] INFO  impl.PendingRequests (PendingRequests.java:sendNotLeaderResponses(202)) - c39abe71-7611-4001-9539-bba876860d2a-PendingRequests: sendNotLeaderResponses
2019-09-04 10:45:07,791 [org.apache.ratis.server.impl.LogAppender$AppenderDaemon$$Lambda$506/1016559005@13f17038] WARN  server.GrpcLogAppender (GrpcLogAppender.java:mayWait(143)) - GrpcLogAppender(c39abe71-7611-4001-9539-bba876860d2a->9596a9b3-71ac-4868-b50a-133dfe1be36f): Wait interrupted by java.lang.InterruptedException
2019-09-04 10:45:07,798 [main] INFO  impl.StateMachineUpdater (StateMachineUpdater.java:stopAndJoin(115)) - StateMachineUpdater:c39abe71-7611-4001-9539-bba876860d2a:group-4B9C4FB8C348: set stopIndex = 16
2019-09-04 10:45:07,798 [StateMachineUpdater:c39abe71-7611-4001-9539-bba876860d2a:group-4B9C4FB8C348] INFO  ratis.ContainerStateMachine (ContainerStateMachine.java:takeSnapshot(284)) - group-4B9C4FB8C348: Taking a snapshot at:(t:2, i:12) file /workdir/hadoop-ozone/integration-test/target/test-dir/MiniOzoneClusterImpl-8ced44ca-4ee5-44c9-aeff-63b5df35a8b0/datanode-5/data/ratis/f13a0c18-ac8e-48fe-acca-4b9c4fb8c348/sm/snapshot.2_12
2019-09-04 10:45:07,810 [StateMachineUpdater:c39abe71-7611-4001-9539-bba876860d2a:group-4B9C4FB8C348] INFO  ratis.ContainerStateMachine (ContainerStateMachine.java:takeSnapshot(295)) - group-4B9C4FB8C348: Finished taking a snapshot at:(t:2, i:12) file:/workdir/hadoop-ozone/integration-test/target/test-dir/MiniOzoneClusterImpl-8ced44ca-4ee5-44c9-aeff-63b5df35a8b0/datanode-5/data/ratis/f13a0c18-ac8e-48fe-acca-4b9c4fb8c348/sm/snapshot.2_12 time:13
2019-09-04 10:45:07,810 [StateMachineUpdater:c39abe71-7611-4001-9539-bba876860d2a:group-4B9C4FB8C348] INFO  impl.StateMachineUpdater (StateMachineUpdater.java:takeSnapshot(242)) - StateMachineUpdater:c39abe71-7611-4001-9539-bba876860d2a:group-4B9C4FB8C348: Took a snapshot at index 12
2019-09-04 10:45:07,810 [StateMachineUpdater:c39abe71-7611-4001-9539-bba876860d2a:group-4B9C4FB8C348] INFO  impl.StateMachineUpdater (StateMachineUpdater.java:lambda$new$0(80)) - StateMachineUpdater:c39abe71-7611-4001-9539-bba876860d2a:group-4B9C4FB8C348: snapshotIndex: updateIncreasingly -1 -> 12
2019-09-04 10:45:07,811 [main] INFO  impl.RaftServerImpl (ServerState.java:close(394)) - c39abe71-7611-4001-9539-bba876860d2a:group-4B9C4FB8C348 closes. The last applied log index is 16
2019-09-04 10:45:07,811 [c39abe71-7611-4001-9539-bba876860d2a-SegmentedRaftLogWorker:Storage Directory /workdir/hadoop-ozone/integration-test/target/test-dir/MiniOzoneClusterImpl-8ced44ca-4ee5-44c9-aeff-63b5df35a8b0/datanode-5/data/ratis/f13a0c18-ac8e-48fe-acca-4b9c4fb8c348] INFO  segmented.SegmentedRaftLogWorker (SegmentedRaftLogWorker.java:run(313)) - c39abe71-7611-4001-9539-bba876860d2a-SegmentedRaftLogWorker:Storage Directory /workdir/hadoop-ozone/integration-test/target/test-dir/MiniOzoneClusterImpl-8ced44ca-4ee5-44c9-aeff-63b5df35a8b0/datanode-5/data/ratis/f13a0c18-ac8e-48fe-acca-4b9c4fb8c348 was interrupted, exiting. There are 0 tasks remaining in the queue.
2019-09-04 10:45:07,813 [main] INFO  segmented.SegmentedRaftLogWorker (SegmentedRaftLogWorker.java:close(228)) - c39abe71-7611-4001-9539-bba876860d2a-SegmentedRaftLogWorker:Storage Directory /workdir/hadoop-ozone/integration-test/target/test-dir/MiniOzoneClusterImpl-8ced44ca-4ee5-44c9-aeff-63b5df35a8b0/datanode-5/data/ratis/f13a0c18-ac8e-48fe-acca-4b9c4fb8c348 close()
2019-09-04 10:45:07,813 [Command processor thread] ERROR commandhandler.CloseContainerCommandHandler (CloseContainerCommandHandler.java:handle(124)) - Can't close container #2
java.io.IOException
	at org.apache.hadoop.ozone.container.common.transport.server.ratis.XceiverServerRatis.submitRequest(XceiverServerRatis.java:484)
	at org.apache.hadoop.ozone.container.common.statemachine.commandhandler.CloseContainerCommandHandler.handle(CloseContainerCommandHandler.java:109)
	at org.apache.hadoop.ozone.container.common.statemachine.commandhandler.CommandDispatcher.handle(CommandDispatcher.java:99)
	at org.apache.hadoop.ozone.container.common.statemachine.DatanodeStateMachine.lambda$initCommandHandlerThread$1(DatanodeStateMachine.java:432)
	at java.lang.Thread.run(Thread.java:748)
Caused by: java.lang.InterruptedException
	at java.util.concurrent.CompletableFuture.reportGet(CompletableFuture.java:347)
	at java.util.concurrent.CompletableFuture.get(CompletableFuture.java:1895)
	at org.apache.hadoop.ozone.container.common.transport.server.ratis.XceiverServerRatis.submitRequest(XceiverServerRatis.java:482)
	... 4 more
2019-09-04 10:45:07,819 [main] INFO  impl.RaftServerImpl (RaftServerImpl.java:lambda$shutdown$3(245)) - c39abe71-7611-4001-9539-bba876860d2a: shutdown group-10D4C0A6BFC7
2019-09-04 10:45:07,813 [ForkJoinPool.commonPool-worker-0] INFO  ozoneimpl.OzoneContainer (OzoneContainer.java:stop(215)) - Attempting to stop container services.
2019-09-04 10:45:07,819 [main] INFO  util.JmxRegister (JmxRegister.java:unregister(73)) - Successfully un-registered JMX Bean with object name Ratis:service=RaftServer,group=group-10D4C0A6BFC7,id=c39abe71-7611-4001-9539-bba876860d2a
2019-09-04 10:45:07,820 [main] INFO  impl.RoleInfo (RoleInfo.java:shutdownLeaderState(104)) - c39abe71-7611-4001-9539-bba876860d2a: shutdown LeaderState
2019-09-04 10:45:07,820 [ForkJoinPool.commonPool-worker-0] INFO  impl.RaftServerProxy (RaftServerProxy.java:lambda$close$4(314)) - fe4073e4-29d9-4752-9604-171b889365eb: close
2019-09-04 10:45:07,820 [main] INFO  impl.PendingRequests (PendingRequests.java:sendNotLeaderResponses(202)) - c39abe71-7611-4001-9539-bba876860d2a-PendingRequests: sendNotLeaderResponses
2019-09-04 10:45:07,821 [ForkJoinPool.commonPool-worker-0] INFO  impl.RaftServerImpl (RaftServerImpl.java:lambda$shutdown$3(245)) - fe4073e4-29d9-4752-9604-171b889365eb: shutdown group-01076F1D454A
2019-09-04 10:45:07,821 [main] INFO  impl.StateMachineUpdater (StateMachineUpdater.java:stopAndJoin(115)) - StateMachineUpdater:c39abe71-7611-4001-9539-bba876860d2a:group-10D4C0A6BFC7: set stopIndex = 0
2019-09-04 10:45:07,822 [main] INFO  impl.RaftServerImpl (ServerState.java:close(394)) - c39abe71-7611-4001-9539-bba876860d2a:group-10D4C0A6BFC7 closes. The last applied log index is 0
2019-09-04 10:45:07,821 [ForkJoinPool.commonPool-worker-0] INFO  util.JmxRegister (JmxRegister.java:unregister(73)) - Successfully un-registered JMX Bean with object name Ratis:service=RaftServer,group=group-01076F1D454A,id=fe4073e4-29d9-4752-9604-171b889365eb
2019-09-04 10:45:07,822 [c39abe71-7611-4001-9539-bba876860d2a-SegmentedRaftLogWorker:Storage Directory /workdir/hadoop-ozone/integration-test/target/test-dir/MiniOzoneClusterImpl-8ced44ca-4ee5-44c9-aeff-63b5df35a8b0/datanode-5/data/ratis/29733ff5-3e4d-4744-9366-10d4c0a6bfc7] INFO  segmented.SegmentedRaftLogWorker (SegmentedRaftLogWorker.java:run(313)) - c39abe71-7611-4001-9539-bba876860d2a-SegmentedRaftLogWorker:Storage Directory /workdir/hadoop-ozone/integration-test/target/test-dir/MiniOzoneClusterImpl-8ced44ca-4ee5-44c9-aeff-63b5df35a8b0/datanode-5/data/ratis/29733ff5-3e4d-4744-9366-10d4c0a6bfc7 was interrupted, exiting. There are 0 tasks remaining in the queue.
2019-09-04 10:45:07,822 [ForkJoinPool.commonPool-worker-0] INFO  impl.RoleInfo (RoleInfo.java:shutdownLeaderState(104)) - fe4073e4-29d9-4752-9604-171b889365eb: shutdown LeaderState
2019-09-04 10:45:07,823 [main] INFO  segmented.SegmentedRaftLogWorker (SegmentedRaftLogWorker.java:close(228)) - c39abe71-7611-4001-9539-bba876860d2a-SegmentedRaftLogWorker:Storage Directory /workdir/hadoop-ozone/integration-test/target/test-dir/MiniOzoneClusterImpl-8ced44ca-4ee5-44c9-aeff-63b5df35a8b0/datanode-5/data/ratis/29733ff5-3e4d-4744-9366-10d4c0a6bfc7 close()
2019-09-04 10:45:07,825 [org.apache.ratis.server.impl.LogAppender$AppenderDaemon$$Lambda$506/1016559005@5a0bf16d] WARN  server.GrpcLogAppender (GrpcLogAppender.java:mayWait(143)) - GrpcLogAppender(fe4073e4-29d9-4752-9604-171b889365eb->049a29fe-697a-4e80-ace1-9da2eaf17df4): Wait interrupted by java.lang.InterruptedException
2019-09-04 10:45:07,825 [org.apache.ratis.server.impl.LogAppender$AppenderDaemon$$Lambda$506/1016559005@1f096ce8] WARN  server.GrpcLogAppender (GrpcLogAppender.java:mayWait(143)) - GrpcLogAppender(fe4073e4-29d9-4752-9604-171b889365eb->85481c8f-e1d3-4452-9840-a26537f3638a): Wait interrupted by java.lang.InterruptedException
2019-09-04 10:45:07,825 [ForkJoinPool.commonPool-worker-0] INFO  impl.PendingRequests (PendingRequests.java:sendNotLeaderResponses(202)) - fe4073e4-29d9-4752-9604-171b889365eb-PendingRequests: sendNotLeaderResponses
2019-09-04 10:45:07,826 [main] INFO  server.GrpcService (GrpcService.java:closeImpl(155)) - c39abe71-7611-4001-9539-bba876860d2a: shutdown server with port 36438 now
2019-09-04 10:45:07,826 [ForkJoinPool.commonPool-worker-0] INFO  impl.StateMachineUpdater (StateMachineUpdater.java:stopAndJoin(115)) - StateMachineUpdater:fe4073e4-29d9-4752-9604-171b889365eb:group-01076F1D454A: set stopIndex = 15
2019-09-04 10:45:07,827 [StateMachineUpdater:fe4073e4-29d9-4752-9604-171b889365eb:group-01076F1D454A] INFO  ratis.ContainerStateMachine (ContainerStateMachine.java:takeSnapshot(284)) - group-01076F1D454A: Taking a snapshot at:(t:2, i:14) file /workdir/hadoop-ozone/integration-test/target/test-dir/MiniOzoneClusterImpl-8ced44ca-4ee5-44c9-aeff-63b5df35a8b0/datanode-0/data/ratis/c54012c5-5463-45de-97f9-01076f1d454a/sm/snapshot.2_14
2019-09-04 10:45:07,827 [main] INFO  server.GrpcService (GrpcService.java:closeImpl(163)) - c39abe71-7611-4001-9539-bba876860d2a: shutdown server with port 36438 successfully
2019-09-04 10:45:07,829 [refreshUsed-/workdir/hadoop-ozone/integration-test/target/test-dir/MiniOzoneClusterImpl-8ced44ca-4ee5-44c9-aeff-63b5df35a8b0/datanode-5/data/containers] WARN  fs.CachingGetSpaceUsed (CachingGetSpaceUsed.java:run(183)) - Thread Interrupted waiting to refresh disk information: sleep interrupted
2019-09-04 10:45:07,845 [main] INFO  utils.BackgroundService (BackgroundService.java:shutdown(148)) - Shutting down service BlockDeletingService
2019-09-04 10:45:07,849 [main] INFO  statemachine.DatanodeStateMachine (DatanodeStateMachine.java:stopDaemon(395)) - Ozone container server stopped.
2019-09-04 10:45:07,850 [main] INFO  handler.ContextHandler (ContextHandler.java:doStop(910)) - Stopped o.e.j.w.WebAppContext@6169be09{/,null,UNAVAILABLE}{/hddsDatanode}
2019-09-04 10:45:07,851 [main] INFO  server.AbstractConnector (AbstractConnector.java:doStop(318)) - Stopped ServerConnector@5e3db14{HTTP/1.1,[http/1.1]}{0.0.0.0:0}
2019-09-04 10:45:07,851 [main] INFO  handler.ContextHandler (ContextHandler.java:doStop(910)) - Stopped o.e.j.s.ServletContextHandler@75bd28d{/static,jar:file:/home/user/.m2/repository/org/apache/hadoop/hadoop-hdds-container-service/0.5.0-SNAPSHOT/hadoop-hdds-container-service-0.5.0-SNAPSHOT.jar!/webapps/static,UNAVAILABLE}
2019-09-04 10:45:07,852 [main] INFO  handler.ContextHandler (ContextHandler.java:doStop(910)) - Stopped o.e.j.s.ServletContextHandler@509a6095{/logs,file:///workdir/hadoop-ozone/integration-test/target/log,UNAVAILABLE}
2019-09-04 10:45:07,870 [StateMachineUpdater:fe4073e4-29d9-4752-9604-171b889365eb:group-01076F1D454A] INFO  ratis.ContainerStateMachine (ContainerStateMachine.java:takeSnapshot(295)) - group-01076F1D454A: Finished taking a snapshot at:(t:2, i:14) file:/workdir/hadoop-ozone/integration-test/target/test-dir/MiniOzoneClusterImpl-8ced44ca-4ee5-44c9-aeff-63b5df35a8b0/datanode-0/data/ratis/c54012c5-5463-45de-97f9-01076f1d454a/sm/snapshot.2_14 time:44
2019-09-04 10:45:07,870 [StateMachineUpdater:fe4073e4-29d9-4752-9604-171b889365eb:group-01076F1D454A] INFO  impl.StateMachineUpdater (StateMachineUpdater.java:takeSnapshot(242)) - StateMachineUpdater:fe4073e4-29d9-4752-9604-171b889365eb:group-01076F1D454A: Took a snapshot at index 14
2019-09-04 10:45:07,870 [StateMachineUpdater:fe4073e4-29d9-4752-9604-171b889365eb:group-01076F1D454A] INFO  impl.StateMachineUpdater (StateMachineUpdater.java:lambda$new$0(80)) - StateMachineUpdater:fe4073e4-29d9-4752-9604-171b889365eb:group-01076F1D454A: snapshotIndex: updateIncreasingly -1 -> 14
2019-09-04 10:45:07,871 [ForkJoinPool.commonPool-worker-0] INFO  impl.RaftServerImpl (ServerState.java:close(394)) - fe4073e4-29d9-4752-9604-171b889365eb:group-01076F1D454A closes. The last applied log index is 15
2019-09-04 10:45:07,871 [fe4073e4-29d9-4752-9604-171b889365eb-SegmentedRaftLogWorker:Storage Directory /workdir/hadoop-ozone/integration-test/target/test-dir/MiniOzoneClusterImpl-8ced44ca-4ee5-44c9-aeff-63b5df35a8b0/datanode-0/data/ratis/c54012c5-5463-45de-97f9-01076f1d454a] INFO  segmented.SegmentedRaftLogWorker (SegmentedRaftLogWorker.java:run(313)) - fe4073e4-29d9-4752-9604-171b889365eb-SegmentedRaftLogWorker:Storage Directory /workdir/hadoop-ozone/integration-test/target/test-dir/MiniOzoneClusterImpl-8ced44ca-4ee5-44c9-aeff-63b5df35a8b0/datanode-0/data/ratis/c54012c5-5463-45de-97f9-01076f1d454a was interrupted, exiting. There are 0 tasks remaining in the queue.
2019-09-04 10:45:07,871 [ForkJoinPool.commonPool-worker-0] INFO  segmented.SegmentedRaftLogWorker (SegmentedRaftLogWorker.java:close(228)) - fe4073e4-29d9-4752-9604-171b889365eb-SegmentedRaftLogWorker:Storage Directory /workdir/hadoop-ozone/integration-test/target/test-dir/MiniOzoneClusterImpl-8ced44ca-4ee5-44c9-aeff-63b5df35a8b0/datanode-0/data/ratis/c54012c5-5463-45de-97f9-01076f1d454a close()
2019-09-04 10:45:07,873 [ForkJoinPool.commonPool-worker-0] INFO  impl.RaftServerImpl (RaftServerImpl.java:lambda$shutdown$3(245)) - fe4073e4-29d9-4752-9604-171b889365eb: shutdown group-A6503F32E33C
2019-09-04 10:45:07,873 [ForkJoinPool.commonPool-worker-0] INFO  util.JmxRegister (JmxRegister.java:unregister(73)) - Successfully un-registered JMX Bean with object name Ratis:service=RaftServer,group=group-A6503F32E33C,id=fe4073e4-29d9-4752-9604-171b889365eb
2019-09-04 10:45:07,874 [ForkJoinPool.commonPool-worker-0] INFO  impl.RoleInfo (RoleInfo.java:shutdownLeaderState(104)) - fe4073e4-29d9-4752-9604-171b889365eb: shutdown LeaderState
2019-09-04 10:45:07,874 [ForkJoinPool.commonPool-worker-0] INFO  impl.PendingRequests (PendingRequests.java:sendNotLeaderResponses(202)) - fe4073e4-29d9-4752-9604-171b889365eb-PendingRequests: sendNotLeaderResponses
2019-09-04 10:45:07,874 [ForkJoinPool.commonPool-worker-0] INFO  impl.StateMachineUpdater (StateMachineUpdater.java:stopAndJoin(115)) - StateMachineUpdater:fe4073e4-29d9-4752-9604-171b889365eb:group-A6503F32E33C: set stopIndex = 0
2019-09-04 10:45:07,875 [ForkJoinPool.commonPool-worker-0] INFO  impl.RaftServerImpl (ServerState.java:close(394)) - fe4073e4-29d9-4752-9604-171b889365eb:group-A6503F32E33C closes. The last applied log index is 0
2019-09-04 10:45:07,875 [fe4073e4-29d9-4752-9604-171b889365eb-SegmentedRaftLogWorker:Storage Directory /workdir/hadoop-ozone/integration-test/target/test-dir/MiniOzoneClusterImpl-8ced44ca-4ee5-44c9-aeff-63b5df35a8b0/datanode-0/data/ratis/e1967e4c-b4c1-4f6c-b065-a6503f32e33c] INFO  segmented.SegmentedRaftLogWorker (SegmentedRaftLogWorker.java:run(313)) - fe4073e4-29d9-4752-9604-171b889365eb-SegmentedRaftLogWorker:Storage Directory /workdir/hadoop-ozone/integration-test/target/test-dir/MiniOzoneClusterImpl-8ced44ca-4ee5-44c9-aeff-63b5df35a8b0/datanode-0/data/ratis/e1967e4c-b4c1-4f6c-b065-a6503f32e33c was interrupted, exiting. There are 0 tasks remaining in the queue.
2019-09-04 10:45:07,875 [ForkJoinPool.commonPool-worker-0] INFO  segmented.SegmentedRaftLogWorker (SegmentedRaftLogWorker.java:close(228)) - fe4073e4-29d9-4752-9604-171b889365eb-SegmentedRaftLogWorker:Storage Directory /workdir/hadoop-ozone/integration-test/target/test-dir/MiniOzoneClusterImpl-8ced44ca-4ee5-44c9-aeff-63b5df35a8b0/datanode-0/data/ratis/e1967e4c-b4c1-4f6c-b065-a6503f32e33c close()
2019-09-04 10:45:07,877 [ForkJoinPool.commonPool-worker-0] INFO  server.GrpcService (GrpcService.java:closeImpl(155)) - fe4073e4-29d9-4752-9604-171b889365eb: shutdown server with port 45385 now
2019-09-04 10:45:07,877 [grpc-default-executor-8] WARN  client.GrpcClientProtocolService (LogUtils.java:warn(134)) - 1-UnorderedRequestStreamObserver1: onError: org.apache.ratis.thirdparty.io.grpc.StatusRuntimeException: CANCELLED: cancelled before receiving half close
2019-09-04 10:45:07,877 [ForkJoinPool.commonPool-worker-0] INFO  server.GrpcService (GrpcService.java:closeImpl(163)) - fe4073e4-29d9-4752-9604-171b889365eb: shutdown server with port 45385 successfully
2019-09-04 10:45:07,879 [refreshUsed-/workdir/hadoop-ozone/integration-test/target/test-dir/MiniOzoneClusterImpl-8ced44ca-4ee5-44c9-aeff-63b5df35a8b0/datanode-0/data/containers] WARN  fs.CachingGetSpaceUsed (CachingGetSpaceUsed.java:run(183)) - Thread Interrupted waiting to refresh disk information: sleep interrupted
2019-09-04 10:45:07,900 [ForkJoinPool.commonPool-worker-0] INFO  utils.BackgroundService (BackgroundService.java:shutdown(148)) - Shutting down service BlockDeletingService
2019-09-04 10:45:07,904 [ForkJoinPool.commonPool-worker-0] INFO  statemachine.DatanodeStateMachine (DatanodeStateMachine.java:stopDaemon(395)) - Ozone container server stopped.
2019-09-04 10:45:07,907 [ForkJoinPool.commonPool-worker-0] INFO  handler.ContextHandler (ContextHandler.java:doStop(910)) - Stopped o.e.j.w.WebAppContext@41aebbb4{/,null,UNAVAILABLE}{/hddsDatanode}
2019-09-04 10:45:07,908 [ForkJoinPool.commonPool-worker-0] INFO  server.AbstractConnector (AbstractConnector.java:doStop(318)) - Stopped ServerConnector@afde064{HTTP/1.1,[http/1.1]}{0.0.0.0:0}
2019-09-04 10:45:07,909 [ForkJoinPool.commonPool-worker-0] INFO  handler.ContextHandler (ContextHandler.java:doStop(910)) - Stopped o.e.j.s.ServletContextHandler@3dfd6220{/static,jar:file:/home/user/.m2/repository/org/apache/hadoop/hadoop-hdds-container-service/0.5.0-SNAPSHOT/hadoop-hdds-container-service-0.5.0-SNAPSHOT.jar!/webapps/static,UNAVAILABLE}
2019-09-04 10:45:07,910 [ForkJoinPool.commonPool-worker-0] INFO  handler.ContextHandler (ContextHandler.java:doStop(910)) - Stopped o.e.j.s.ServletContextHandler@7c453c34{/logs,file:///workdir/hadoop-ozone/integration-test/target/log,UNAVAILABLE}
2019-09-04 10:45:07,911 [main] INFO  ozone.MiniOzoneClusterImpl (MiniOzoneClusterImpl.java:stop(339)) - Stopping the StorageContainerManager
2019-09-04 10:45:07,911 [main] INFO  server.StorageContainerManager (StorageContainerManager.java:stop(797)) - Stopping Replication Manager Service.
2019-09-04 10:45:07,911 [main] INFO  container.ReplicationManager (ReplicationManager.java:stop(203)) - Stopping Replication Monitor Thread.
2019-09-04 10:45:07,912 [main] INFO  server.StorageContainerManager (StorageContainerManager.java:stop(804)) - Stopping Lease Manager of the command watchers
2019-09-04 10:45:07,912 [main] INFO  server.StorageContainerManager (StorageContainerManager.java:stop(811)) - Stopping datanode service RPC server
2019-09-04 10:45:07,912 [main] INFO  server.SCMDatanodeProtocolServer (SCMDatanodeProtocolServer.java:stop(367)) - Stopping the RPC server for DataNodes
2019-09-04 10:45:07,912 [main] INFO  ipc.Server (Server.java:stop(3082)) - Stopping server on 42128
2019-09-04 10:45:07,914 [IPC Server listener on 42128] INFO  ipc.Server (Server.java:run(1185)) - Stopping IPC Server listener on 42128
2019-09-04 10:45:07,915 [IPC Server Responder] INFO  ipc.Server (Server.java:run(1319)) - Stopping IPC Server Responder
2019-09-04 10:45:07,998 [SCM Heartbeat Processing Thread - 0] WARN  node.NodeStateManager (NodeStateManager.java:scheduleNextHealthCheck(649)) - Current Thread is interrupted, shutting down HB processing thread for Node Manager.
2019-09-04 10:45:07,998 [main] INFO  server.StorageContainerManager (StorageContainerManager.java:stop(819)) - Stopping block service RPC server
2019-09-04 10:45:07,998 [main] INFO  server.SCMBlockProtocolServer (SCMBlockProtocolServer.java:stop(155)) - Stopping the RPC server for Block Protocol
2019-09-04 10:45:07,999 [main] INFO  ipc.Server (Server.java:stop(3082)) - Stopping server on 38767
2019-09-04 10:45:08,001 [IPC Server listener on 38767] INFO  ipc.Server (Server.java:run(1185)) - Stopping IPC Server listener on 38767
2019-09-04 10:45:08,001 [main] INFO  server.StorageContainerManager (StorageContainerManager.java:stop(826)) - Stopping the StorageContainerLocationProtocol RPC server
2019-09-04 10:45:08,001 [IPC Server Responder] INFO  ipc.Server (Server.java:run(1319)) - Stopping IPC Server Responder
2019-09-04 10:45:08,002 [main] INFO  server.SCMClientProtocolServer (SCMClientProtocolServer.java:stop(159)) - Stopping the RPC server for Client Protocol
2019-09-04 10:45:08,003 [main] INFO  ipc.Server (Server.java:stop(3082)) - Stopping server on 41292
2019-09-04 10:45:08,005 [IPC Server listener on 41292] INFO  ipc.Server (Server.java:run(1185)) - Stopping IPC Server listener on 41292
2019-09-04 10:45:08,005 [main] INFO  server.StorageContainerManager (StorageContainerManager.java:stop(833)) - Stopping Storage Container Manager HTTP server.
2019-09-04 10:45:08,005 [IPC Server Responder] INFO  ipc.Server (Server.java:run(1319)) - Stopping IPC Server Responder
2019-09-04 10:45:08,007 [main] INFO  handler.ContextHandler (ContextHandler.java:doStop(910)) - Stopped o.e.j.w.WebAppContext@9e02f84{/,null,UNAVAILABLE}{/scm}
2019-09-04 10:45:08,007 [main] INFO  server.AbstractConnector (AbstractConnector.java:doStop(318)) - Stopped ServerConnector@1e6060f1{HTTP/1.1,[http/1.1]}{0.0.0.0:0}
2019-09-04 10:45:08,008 [main] INFO  handler.ContextHandler (ContextHandler.java:doStop(910)) - Stopped o.e.j.s.ServletContextHandler@26c77f54{/static,file:///workdir/hadoop-ozone/integration-test/target/test-classes/webapps/static,UNAVAILABLE}
2019-09-04 10:45:08,008 [main] INFO  handler.ContextHandler (ContextHandler.java:doStop(910)) - Stopped o.e.j.s.ServletContextHandler@f5bf288{/logs,file:///workdir/hadoop-ozone/integration-test/target/log,UNAVAILABLE}
2019-09-04 10:45:08,009 [main] INFO  server.StorageContainerManager (StorageContainerManager.java:stop(844)) - Stopping Block Manager Service.
2019-09-04 10:45:08,009 [main] INFO  utils.BackgroundService (BackgroundService.java:shutdown(148)) - Shutting down service SCMBlockDeletingService
2019-09-04 10:45:08,010 [main] INFO  utils.BackgroundService (BackgroundService.java:shutdown(148)) - Shutting down service SCMBlockDeletingService
2019-09-04 10:45:08,010 [main] INFO  server.StorageContainerManager (StorageContainerManager.java:stop(866)) - Stopping SCM Event Queue.
2019-09-04 10:45:08,015 [main] INFO  impl.MetricsSystemImpl (MetricsSystemImpl.java:stop(210)) - Stopping HddsDatanode metrics system...
2019-09-04 10:45:08,025 [main] INFO  impl.MetricsSystemImpl (MetricsSystemImpl.java:stop(216)) - HddsDatanode metrics system stopped.
]]></system-out>
  </testcase>
  <testcase name="testFailureWithPrimeSizedData" classname="org.apache.hadoop.ozone.client.rpc.TestBlockOutputStreamWithFailures" time="35.365"/>
  <testcase name="testWatchForCommitWithCloseContainerException" classname="org.apache.hadoop.ozone.client.rpc.TestBlockOutputStreamWithFailures" time="34.84"/>
  <testcase name="testExceptionDuringClose" classname="org.apache.hadoop.ozone.client.rpc.TestBlockOutputStreamWithFailures" time="35.753"/>
</testsuite>