<?xml version="1.0" encoding="UTF-8"?>
<testsuite xmlns:xsi="http://www.w3.org/2001/XMLSchema-instance" xsi:noNamespaceSchemaLocation="https://maven.apache.org/surefire/maven-surefire-plugin/xsd/surefire-test-report.xsd" name="org.apache.hadoop.ozone.client.rpc.TestCommitWatcher" time="67.603" tests="2" errors="1" skipped="0" failures="1">
  <properties>
    <property name="awt.toolkit" value="sun.awt.X11.XToolkit"/>
    <property name="file.encoding.pkg" value="sun.io"/>
    <property name="java.specification.version" value="1.8"/>
    <property name="sun.cpu.isalist" value=""/>
    <property name="sun.jnu.encoding" value="UTF-8"/>
    <property name="java.class.path" value="/workdir/hadoop-ozone/integration-test/target/test-classes:/workdir/hadoop-ozone/integration-test/target/classes:/home/user/.m2/repository/org/apache/hadoop/hadoop-ozone-common/0.5.0-SNAPSHOT/hadoop-ozone-common-0.5.0-SNAPSHOT.jar:/home/user/.m2/repository/org/apache/commons/commons-compress/1.4.1/commons-compress-1.4.1.jar:/home/user/.m2/repository/org/tukaani/xz/1.0/xz-1.0.jar:/home/user/.m2/repository/org/apache/hadoop/hadoop-common/3.2.0/hadoop-common-3.2.0.jar:/home/user/.m2/repository/org/apache/hadoop/hadoop-hdfs/3.2.0/hadoop-hdfs-3.2.0.jar:/home/user/.m2/repository/org/apache/hadoop/hadoop-hdfs-client/3.2.0/hadoop-hdfs-client-3.2.0.jar:/home/user/.m2/repository/com/fasterxml/jackson/core/jackson-annotations/2.9.5/jackson-annotations-2.9.5.jar:/home/user/.m2/repository/org/apache/hadoop/hadoop-hdds-common/0.5.0-SNAPSHOT/hadoop-hdds-common-0.5.0-SNAPSHOT.jar:/home/user/.m2/repository/javax/annotation/javax.annotation-api/1.2/javax.annotation-api-1.2.jar:/home/user/.m2/repository/org/apache/ratis/ratis-server/0.4.0-2337318-SNAPSHOT/ratis-server-0.4.0-2337318-SNAPSHOT.jar:/home/user/.m2/repository/org/apache/ratis/ratis-thirdparty-misc/0.2.0/ratis-thirdparty-misc-0.2.0.jar:/home/user/.m2/repository/org/apache/ratis/ratis-proto/0.4.0-2337318-SNAPSHOT/ratis-proto-0.4.0-2337318-SNAPSHOT.jar:/home/user/.m2/repository/org/apache/ratis/ratis-common/0.4.0-2337318-SNAPSHOT/ratis-common-0.4.0-2337318-SNAPSHOT.jar:/home/user/.m2/repository/org/apache/ratis/ratis-client/0.4.0-2337318-SNAPSHOT/ratis-client-0.4.0-2337318-SNAPSHOT.jar:/home/user/.m2/repository/org/apache/ratis/ratis-metrics/0.4.0-2337318-SNAPSHOT/ratis-metrics-0.4.0-2337318-SNAPSHOT.jar:/home/user/.m2/repository/org/apache/ratis/ratis-netty/0.4.0-2337318-SNAPSHOT/ratis-netty-0.4.0-2337318-SNAPSHOT.jar:/home/user/.m2/repository/org/apache/ratis/ratis-grpc/0.4.0-2337318-SNAPSHOT/ratis-grpc-0.4.0-2337318-SNAPSHOT.jar:/home/user/.m2/repository/org/rocksdb/rocksdbjni/6.0.1/rocksdbjni-6.0.1.jar:/home/user/.m2/repository/org/apache/logging/log4j/log4j-api/2.11.0/log4j-api-2.11.0.jar:/home/user/.m2/repository/org/apache/logging/log4j/log4j-core/2.11.0/log4j-core-2.11.0.jar:/home/user/.m2/repository/com/lmax/disruptor/3.4.2/disruptor-3.4.2.jar:/home/user/.m2/repository/org/apache/commons/commons-pool2/2.6.0/commons-pool2-2.6.0.jar:/home/user/.m2/repository/org/bouncycastle/bcpkix-jdk15on/1.60/bcpkix-jdk15on-1.60.jar:/home/user/.m2/repository/commons-validator/commons-validator/1.6/commons-validator-1.6.jar:/home/user/.m2/repository/commons-digester/commons-digester/1.8.1/commons-digester-1.8.1.jar:/home/user/.m2/repository/io/jaegertracing/jaeger-client/0.33.1/jaeger-client-0.33.1.jar:/home/user/.m2/repository/io/jaegertracing/jaeger-thrift/0.33.1/jaeger-thrift-0.33.1.jar:/home/user/.m2/repository/org/apache/thrift/libthrift/0.11.0/libthrift-0.11.0.jar:/home/user/.m2/repository/com/squareup/okhttp3/okhttp/3.9.0/okhttp-3.9.0.jar:/home/user/.m2/repository/com/squareup/okio/okio/1.13.0/okio-1.13.0.jar:/home/user/.m2/repository/io/jaegertracing/jaeger-core/0.33.1/jaeger-core-0.33.1.jar:/home/user/.m2/repository/io/jaegertracing/jaeger-tracerresolver/0.33.1/jaeger-tracerresolver-0.33.1.jar:/home/user/.m2/repository/io/opentracing/contrib/opentracing-tracerresolver/0.1.5/opentracing-tracerresolver-0.1.5.jar:/home/user/.m2/repository/io/opentracing/opentracing-util/0.31.0/opentracing-util-0.31.0.jar:/home/user/.m2/repository/io/opentracing/opentracing-api/0.31.0/opentracing-api-0.31.0.jar:/home/user/.m2/repository/io/opentracing/opentracing-noop/0.31.0/opentracing-noop-0.31.0.jar:/home/user/.m2/repository/org/apache/hadoop/hadoop-hdds-server-framework/0.5.0-SNAPSHOT/hadoop-hdds-server-framework-0.5.0-SNAPSHOT.jar:/home/user/.m2/repository/org/apache/hadoop/hadoop-hdds-container-service/0.5.0-SNAPSHOT/hadoop-hdds-container-service-0.5.0-SNAPSHOT.jar:/home/user/.m2/repository/org/apache/hadoop/hadoop-hdds-client/0.5.0-SNAPSHOT/hadoop-hdds-client-0.5.0-SNAPSHOT.jar:/home/user/.m2/repository/org/apache/hadoop/hadoop-hdds-tools/0.5.0-SNAPSHOT/hadoop-hdds-tools-0.5.0-SNAPSHOT.jar:/home/user/.m2/repository/org/apache/hadoop/hadoop-hdds-server-scm/0.5.0-SNAPSHOT/hadoop-hdds-server-scm-0.5.0-SNAPSHOT.jar:/home/user/.m2/repository/org/apache/hadoop/hadoop-hdds-docs/0.5.0-SNAPSHOT/hadoop-hdds-docs-0.5.0-SNAPSHOT.jar:/home/user/.m2/repository/io/dropwizard/metrics/metrics-core/3.2.4/metrics-core-3.2.4.jar:/home/user/.m2/repository/org/hamcrest/hamcrest-all/1.3/hamcrest-all-1.3.jar:/home/user/.m2/repository/org/bouncycastle/bcprov-jdk15on/1.60/bcprov-jdk15on-1.60.jar:/home/user/.m2/repository/info/picocli/picocli/3.9.6/picocli-3.9.6.jar:/home/user/.m2/repository/com/google/protobuf/protobuf-java/2.5.0/protobuf-java-2.5.0.jar:/home/user/.m2/repository/com/google/guava/guava/11.0.2/guava-11.0.2.jar:/home/user/.m2/repository/org/apache/hadoop/hadoop-ozone-ozone-manager/0.5.0-SNAPSHOT/hadoop-ozone-ozone-manager-0.5.0-SNAPSHOT.jar:/home/user/.m2/repository/org/apache/hadoop/hadoop-minikdc/3.2.0/hadoop-minikdc-3.2.0.jar:/home/user/.m2/repository/commons-io/commons-io/2.5/commons-io-2.5.jar:/home/user/.m2/repository/org/apache/kerby/kerb-simplekdc/1.0.1/kerb-simplekdc-1.0.1.jar:/home/user/.m2/repository/org/apache/kerby/kerb-client/1.0.1/kerb-client-1.0.1.jar:/home/user/.m2/repository/org/apache/kerby/kerby-config/1.0.1/kerby-config-1.0.1.jar:/home/user/.m2/repository/org/apache/kerby/kerb-core/1.0.1/kerb-core-1.0.1.jar:/home/user/.m2/repository/org/apache/kerby/kerby-pkix/1.0.1/kerby-pkix-1.0.1.jar:/home/user/.m2/repository/org/apache/kerby/kerby-asn1/1.0.1/kerby-asn1-1.0.1.jar:/home/user/.m2/repository/org/apache/kerby/kerby-util/1.0.1/kerby-util-1.0.1.jar:/home/user/.m2/repository/org/apache/kerby/kerb-common/1.0.1/kerb-common-1.0.1.jar:/home/user/.m2/repository/org/apache/kerby/kerb-crypto/1.0.1/kerb-crypto-1.0.1.jar:/home/user/.m2/repository/org/apache/kerby/kerb-util/1.0.1/kerb-util-1.0.1.jar:/home/user/.m2/repository/org/apache/kerby/token-provider/1.0.1/token-provider-1.0.1.jar:/home/user/.m2/repository/org/apache/kerby/kerb-admin/1.0.1/kerb-admin-1.0.1.jar:/home/user/.m2/repository/org/apache/kerby/kerb-server/1.0.1/kerb-server-1.0.1.jar:/home/user/.m2/repository/org/apache/kerby/kerb-identity/1.0.1/kerb-identity-1.0.1.jar:/home/user/.m2/repository/org/apache/kerby/kerby-xdr/1.0.1/kerby-xdr-1.0.1.jar:/home/user/.m2/repository/org/slf4j/slf4j-log4j12/1.7.25/slf4j-log4j12-1.7.25.jar:/home/user/.m2/repository/org/apache/hadoop/hadoop-ozone-s3gateway/0.5.0-SNAPSHOT/hadoop-ozone-s3gateway-0.5.0-SNAPSHOT.jar:/home/user/.m2/repository/org/jboss/weld/servlet/weld-servlet/2.4.7.Final/weld-servlet-2.4.7.Final.jar:/home/user/.m2/repository/org/glassfish/jersey/containers/jersey-container-servlet-core/2.27/jersey-container-servlet-core-2.27.jar:/home/user/.m2/repository/org/glassfish/hk2/external/javax.inject/2.5.0-b42/javax.inject-2.5.0-b42.jar:/home/user/.m2/repository/org/glassfish/jersey/core/jersey-common/2.27/jersey-common-2.27.jar:/home/user/.m2/repository/org/glassfish/hk2/osgi-resource-locator/1.0.1/osgi-resource-locator-1.0.1.jar:/home/user/.m2/repository/javax/ws/rs/javax.ws.rs-api/2.1/javax.ws.rs-api-2.1.jar:/home/user/.m2/repository/org/glassfish/jersey/ext/cdi/jersey-cdi1x/2.27/jersey-cdi1x-2.27.jar:/home/user/.m2/repository/org/glassfish/jersey/inject/jersey-hk2/2.27/jersey-hk2-2.27.jar:/home/user/.m2/repository/org/glassfish/hk2/hk2-locator/2.5.0-b42/hk2-locator-2.5.0-b42.jar:/home/user/.m2/repository/org/javassist/javassist/3.22.0-CR2/javassist-3.22.0-CR2.jar:/home/user/.m2/repository/org/glassfish/hk2/hk2-api/2.5.0/hk2-api-2.5.0.jar:/home/user/.m2/repository/org/glassfish/hk2/external/jakarta.inject/2.5.0/jakarta.inject-2.5.0.jar:/home/user/.m2/repository/org/glassfish/hk2/hk2-utils/2.5.0/hk2-utils-2.5.0.jar:/home/user/.m2/repository/jakarta/annotation/jakarta.annotation-api/1.3.4/jakarta.annotation-api-1.3.4.jar:/home/user/.m2/repository/org/glassfish/hk2/external/aopalliance-repackaged/2.5.0/aopalliance-repackaged-2.5.0.jar:/home/user/.m2/repository/com/fasterxml/jackson/dataformat/jackson-dataformat-xml/2.9.0/jackson-dataformat-xml-2.9.0.jar:/home/user/.m2/repository/com/fasterxml/jackson/core/jackson-core/2.9.5/jackson-core-2.9.5.jar:/home/user/.m2/repository/com/fasterxml/jackson/module/jackson-module-jaxb-annotations/2.9.5/jackson-module-jaxb-annotations-2.9.5.jar:/home/user/.m2/repository/javax/enterprise/cdi-api/1.2/cdi-api-1.2.jar:/home/user/.m2/repository/javax/el/javax.el-api/3.0.0/javax.el-api-3.0.0.jar:/home/user/.m2/repository/javax/interceptor/javax.interceptor-api/1.2/javax.interceptor-api-1.2.jar:/home/user/.m2/repository/javax/inject/javax.inject/1/javax.inject-1.jar:/home/user/.m2/repository/com/sun/xml/bind/jaxb-impl/2.3.0.1/jaxb-impl-2.3.0.1.jar:/home/user/.m2/repository/com/sun/xml/bind/jaxb-core/2.3.0.1/jaxb-core-2.3.0.1.jar:/home/user/.m2/repository/javax/xml/bind/jaxb-api/2.3.0/jaxb-api-2.3.0.jar:/home/user/.m2/repository/javax/activation/activation/1.1.1/activation-1.1.1.jar:/home/user/.m2/repository/org/apache/hadoop/hadoop-ozone-csi/0.5.0-SNAPSHOT/hadoop-ozone-csi-0.5.0-SNAPSHOT.jar:/home/user/.m2/repository/com/google/protobuf/protobuf-java-util/3.5.1/protobuf-java-util-3.5.1.jar:/home/user/.m2/repository/org/apache/hadoop/hadoop-hdds-config/0.5.0-SNAPSHOT/hadoop-hdds-config-0.5.0-SNAPSHOT.jar:/home/user/.m2/repository/io/grpc/grpc-netty/1.17.1/grpc-netty-1.17.1.jar:/home/user/.m2/repository/io/grpc/grpc-core/1.17.1/grpc-core-1.17.1.jar:/home/user/.m2/repository/io/grpc/grpc-context/1.17.1/grpc-context-1.17.1.jar:/home/user/.m2/repository/com/google/errorprone/error_prone_annotations/2.2.0/error_prone_annotations-2.2.0.jar:/home/user/.m2/repository/org/codehaus/mojo/animal-sniffer-annotations/1.17/animal-sniffer-annotations-1.17.jar:/home/user/.m2/repository/io/opencensus/opencensus-api/0.17.0/opencensus-api-0.17.0.jar:/home/user/.m2/repository/io/opencensus/opencensus-contrib-grpc-metrics/0.17.0/opencensus-contrib-grpc-metrics-0.17.0.jar:/home/user/.m2/repository/io/netty/netty-codec-http2/4.1.30.Final/netty-codec-http2-4.1.30.Final.jar:/home/user/.m2/repository/io/netty/netty-codec-http/4.1.30.Final/netty-codec-http-4.1.30.Final.jar:/home/user/.m2/repository/io/netty/netty-codec/4.1.30.Final/netty-codec-4.1.30.Final.jar:/home/user/.m2/repository/io/netty/netty-handler/4.1.30.Final/netty-handler-4.1.30.Final.jar:/home/user/.m2/repository/io/netty/netty-handler-proxy/4.1.30.Final/netty-handler-proxy-4.1.30.Final.jar:/home/user/.m2/repository/io/netty/netty-codec-socks/4.1.30.Final/netty-codec-socks-4.1.30.Final.jar:/home/user/.m2/repository/io/netty/netty-transport-native-epoll/4.1.30.Final/netty-transport-native-epoll-4.1.30.Final.jar:/home/user/.m2/repository/io/netty/netty-common/4.1.30.Final/netty-common-4.1.30.Final.jar:/home/user/.m2/repository/io/netty/netty-buffer/4.1.30.Final/netty-buffer-4.1.30.Final.jar:/home/user/.m2/repository/io/netty/netty-transport/4.1.30.Final/netty-transport-4.1.30.Final.jar:/home/user/.m2/repository/io/netty/netty-resolver/4.1.30.Final/netty-resolver-4.1.30.Final.jar:/home/user/.m2/repository/io/netty/netty-transport-native-unix-common/4.1.30.Final/netty-transport-native-unix-common-4.1.30.Final.jar:/home/user/.m2/repository/io/grpc/grpc-protobuf/1.17.1/grpc-protobuf-1.17.1.jar:/home/user/.m2/repository/com/google/api/grpc/proto-google-common-protos/1.0.0/proto-google-common-protos-1.0.0.jar:/home/user/.m2/repository/io/grpc/grpc-protobuf-lite/1.17.1/grpc-protobuf-lite-1.17.1.jar:/home/user/.m2/repository/io/grpc/grpc-stub/1.17.1/grpc-stub-1.17.1.jar:/home/user/.m2/repository/org/apache/hadoop/hadoop-ozone-recon/0.5.0-SNAPSHOT/hadoop-ozone-recon-0.5.0-SNAPSHOT.jar:/home/user/.m2/repository/org/apache/hadoop/hadoop-ozone-reconcodegen/0.5.0-SNAPSHOT/hadoop-ozone-reconcodegen-0.5.0-SNAPSHOT.jar:/home/user/.m2/repository/com/google/inject/extensions/guice-multibindings/4.0/guice-multibindings-4.0.jar:/home/user/.m2/repository/com/google/inject/guice/4.0/guice-4.0.jar:/home/user/.m2/repository/aopalliance/aopalliance/1.0/aopalliance-1.0.jar:/home/user/.m2/repository/com/google/inject/extensions/guice-servlet/4.0/guice-servlet-4.0.jar:/home/user/.m2/repository/org/glassfish/jersey/containers/jersey-container-servlet/2.27/jersey-container-servlet-2.27.jar:/home/user/.m2/repository/org/glassfish/hk2/guice-bridge/2.5.0/guice-bridge-2.5.0.jar:/home/user/.m2/repository/org/glassfish/jersey/core/jersey-server/2.27/jersey-server-2.27.jar:/home/user/.m2/repository/org/glassfish/jersey/core/jersey-client/2.27/jersey-client-2.27.jar:/home/user/.m2/repository/org/glassfish/jersey/media/jersey-media-jaxb/2.27/jersey-media-jaxb-2.27.jar:/home/user/.m2/repository/javax/validation/validation-api/1.1.0.Final/validation-api-1.1.0.Final.jar:/home/user/.m2/repository/org/glassfish/jersey/media/jersey-media-json-jackson/2.27/jersey-media-json-jackson-2.27.jar:/home/user/.m2/repository/org/glassfish/jersey/ext/jersey-entity-filtering/2.27/jersey-entity-filtering-2.27.jar:/home/user/.m2/repository/com/google/inject/extensions/guice-assistedinject/4.0/guice-assistedinject-4.0.jar:/home/user/.m2/repository/org/jooq/jooq/3.11.10/jooq-3.11.10.jar:/home/user/.m2/repository/org/jooq/jooq-meta/3.11.10/jooq-meta-3.11.10.jar:/home/user/.m2/repository/org/jooq/jooq-codegen/3.11.10/jooq-codegen-3.11.10.jar:/home/user/.m2/repository/com/jolbox/bonecp/0.8.0.RELEASE/bonecp-0.8.0.RELEASE.jar:/home/user/.m2/repository/org/xerial/sqlite-jdbc/3.25.2/sqlite-jdbc-3.25.2.jar:/home/user/.m2/repository/org/springframework/spring-jdbc/5.1.3.RELEASE/spring-jdbc-5.1.3.RELEASE.jar:/home/user/.m2/repository/org/springframework/spring-beans/5.1.3.RELEASE/spring-beans-5.1.3.RELEASE.jar:/home/user/.m2/repository/org/springframework/spring-core/5.1.3.RELEASE/spring-core-5.1.3.RELEASE.jar:/home/user/.m2/repository/org/springframework/spring-jcl/5.1.3.RELEASE/spring-jcl-5.1.3.RELEASE.jar:/home/user/.m2/repository/org/springframework/spring-tx/5.1.3.RELEASE/spring-tx-5.1.3.RELEASE.jar:/home/user/.m2/repository/org/apache/hadoop/hadoop-ozone-client/0.5.0-SNAPSHOT/hadoop-ozone-client-0.5.0-SNAPSHOT.jar:/home/user/.m2/repository/commons-lang/commons-lang/2.6/commons-lang-2.6.jar:/home/user/.m2/repository/org/apache/hadoop/hadoop-ozone-ozone-manager/0.5.0-SNAPSHOT/hadoop-ozone-ozone-manager-0.5.0-SNAPSHOT-tests.jar:/home/user/.m2/repository/junit/junit/4.11/junit-4.11.jar:/home/user/.m2/repository/org/hamcrest/hamcrest-core/1.3/hamcrest-core-1.3.jar:/home/user/.m2/repository/org/openjdk/jmh/jmh-core/1.19/jmh-core-1.19.jar:/home/user/.m2/repository/net/sf/jopt-simple/jopt-simple/4.6/jopt-simple-4.6.jar:/home/user/.m2/repository/org/apache/commons/commons-math3/3.1.1/commons-math3-3.1.1.jar:/home/user/.m2/repository/org/openjdk/jmh/jmh-generator-annprocess/1.19/jmh-generator-annprocess-1.19.jar:/home/user/.m2/repository/org/mockito/mockito-all/1.8.5/mockito-all-1.8.5.jar:/home/user/.m2/repository/org/apache/hadoop/hadoop-kms/3.2.0/hadoop-kms-3.2.0.jar:/home/user/.m2/repository/org/apache/hadoop/hadoop-auth/3.2.0/hadoop-auth-3.2.0.jar:/home/user/.m2/repository/com/nimbusds/nimbus-jose-jwt/4.41.1/nimbus-jose-jwt-4.41.1.jar:/home/user/.m2/repository/com/github/stephenc/jcip/jcip-annotations/1.0-1/jcip-annotations-1.0-1.jar:/home/user/.m2/repository/net/minidev/json-smart/2.3/json-smart-2.3.jar:/home/user/.m2/repository/net/minidev/accessors-smart/1.2/accessors-smart-1.2.jar:/home/user/.m2/repository/org/ow2/asm/asm/5.0.4/asm-5.0.4.jar:/home/user/.m2/repository/org/apache/curator/curator-framework/2.12.0/curator-framework-2.12.0.jar:/home/user/.m2/repository/com/sun/jersey/jersey-core/1.19/jersey-core-1.19.jar:/home/user/.m2/repository/javax/ws/rs/jsr311-api/1.1.1/jsr311-api-1.1.1.jar:/home/user/.m2/repository/com/sun/jersey/jersey-server/1.19/jersey-server-1.19.jar:/home/user/.m2/repository/javax/servlet/javax.servlet-api/3.1.0/javax.servlet-api-3.1.0.jar:/home/user/.m2/repository/org/eclipse/jetty/jetty-server/9.3.24.v20180605/jetty-server-9.3.24.v20180605.jar:/home/user/.m2/repository/org/eclipse/jetty/jetty-http/9.3.24.v20180605/jetty-http-9.3.24.v20180605.jar:/home/user/.m2/repository/org/eclipse/jetty/jetty-io/9.3.24.v20180605/jetty-io-9.3.24.v20180605.jar:/home/user/.m2/repository/org/eclipse/jetty/jetty-webapp/9.3.24.v20180605/jetty-webapp-9.3.24.v20180605.jar:/home/user/.m2/repository/org/eclipse/jetty/jetty-xml/9.3.24.v20180605/jetty-xml-9.3.24.v20180605.jar:/home/user/.m2/repository/log4j/log4j/1.2.17/log4j-1.2.17.jar:/home/user/.m2/repository/org/slf4j/slf4j-api/1.7.25/slf4j-api-1.7.25.jar:/home/user/.m2/repository/org/slf4j/jul-to-slf4j/1.7.25/jul-to-slf4j-1.7.25.jar:/home/user/.m2/repository/org/eclipse/jetty/jetty-util/9.3.24.v20180605/jetty-util-9.3.24.v20180605.jar:/home/user/.m2/repository/com/fasterxml/jackson/core/jackson-databind/2.9.5/jackson-databind-2.9.5.jar:/home/user/.m2/repository/org/apache/hadoop/hadoop-kms/3.2.0/hadoop-kms-3.2.0-tests.jar:/home/user/.m2/repository/org/apache/hadoop/hadoop-hdds-server-scm/0.5.0-SNAPSHOT/hadoop-hdds-server-scm-0.5.0-SNAPSHOT-tests.jar:/home/user/.m2/repository/org/apache/hadoop/hadoop-hdds-container-service/0.5.0-SNAPSHOT/hadoop-hdds-container-service-0.5.0-SNAPSHOT-tests.jar:/home/user/.m2/repository/org/yaml/snakeyaml/1.16/snakeyaml-1.16.jar:/home/user/.m2/repository/org/apache/hadoop/hadoop-common/3.2.0/hadoop-common-3.2.0-tests.jar:/home/user/.m2/repository/org/apache/hadoop/hadoop-annotations/3.2.0/hadoop-annotations-3.2.0.jar:/usr/lib/jvm/java-1.8-openjdk/jre/../lib/tools.jar:/home/user/.m2/repository/commons-cli/commons-cli/1.2/commons-cli-1.2.jar:/home/user/.m2/repository/org/apache/httpcomponents/httpclient/4.5.2/httpclient-4.5.2.jar:/home/user/.m2/repository/org/apache/httpcomponents/httpcore/4.4.4/httpcore-4.4.4.jar:/home/user/.m2/repository/commons-codec/commons-codec/1.11/commons-codec-1.11.jar:/home/user/.m2/repository/commons-net/commons-net/3.6/commons-net-3.6.jar:/home/user/.m2/repository/commons-collections/commons-collections/3.2.2/commons-collections-3.2.2.jar:/home/user/.m2/repository/org/eclipse/jetty/jetty-servlet/9.3.24.v20180605/jetty-servlet-9.3.24.v20180605.jar:/home/user/.m2/repository/org/eclipse/jetty/jetty-security/9.3.24.v20180605/jetty-security-9.3.24.v20180605.jar:/home/user/.m2/repository/javax/servlet/jsp/jsp-api/2.1/jsp-api-2.1.jar:/home/user/.m2/repository/com/sun/jersey/jersey-servlet/1.19/jersey-servlet-1.19.jar:/home/user/.m2/repository/com/sun/jersey/jersey-json/1.19/jersey-json-1.19.jar:/home/user/.m2/repository/org/codehaus/jettison/jettison/1.1/jettison-1.1.jar:/home/user/.m2/repository/org/codehaus/jackson/jackson-core-asl/1.9.13/jackson-core-asl-1.9.13.jar:/home/user/.m2/repository/org/codehaus/jackson/jackson-mapper-asl/1.9.13/jackson-mapper-asl-1.9.13.jar:/home/user/.m2/repository/org/codehaus/jackson/jackson-jaxrs/1.9.13/jackson-jaxrs-1.9.13.jar:/home/user/.m2/repository/org/codehaus/jackson/jackson-xc/1.9.13/jackson-xc-1.9.13.jar:/home/user/.m2/repository/commons-logging/commons-logging/1.1.3/commons-logging-1.1.3.jar:/home/user/.m2/repository/commons-beanutils/commons-beanutils/1.9.3/commons-beanutils-1.9.3.jar:/home/user/.m2/repository/org/apache/commons/commons-configuration2/2.1.1/commons-configuration2-2.1.1.jar:/home/user/.m2/repository/org/apache/commons/commons-lang3/3.7/commons-lang3-3.7.jar:/home/user/.m2/repository/org/apache/commons/commons-text/1.4/commons-text-1.4.jar:/home/user/.m2/repository/org/apache/avro/avro/1.7.7/avro-1.7.7.jar:/home/user/.m2/repository/com/thoughtworks/paranamer/paranamer/2.3/paranamer-2.3.jar:/home/user/.m2/repository/org/xerial/snappy/snappy-java/1.0.5/snappy-java-1.0.5.jar:/home/user/.m2/repository/com/google/re2j/re2j/1.1/re2j-1.1.jar:/home/user/.m2/repository/com/google/code/gson/gson/2.2.4/gson-2.2.4.jar:/home/user/.m2/repository/com/jcraft/jsch/0.1.54/jsch-0.1.54.jar:/home/user/.m2/repository/org/apache/curator/curator-client/2.12.0/curator-client-2.12.0.jar:/home/user/.m2/repository/org/apache/curator/curator-recipes/2.12.0/curator-recipes-2.12.0.jar:/home/user/.m2/repository/com/google/code/findbugs/jsr305/3.0.0/jsr305-3.0.0.jar:/home/user/.m2/repository/org/apache/htrace/htrace-core4/4.1.0-incubating/htrace-core4-4.1.0-incubating.jar:/home/user/.m2/repository/org/apache/zookeeper/zookeeper/3.4.13/zookeeper-3.4.13.jar:/home/user/.m2/repository/org/apache/yetus/audience-annotations/0.5.0/audience-annotations-0.5.0.jar:/home/user/.m2/repository/org/codehaus/woodstox/stax2-api/3.1.4/stax2-api-3.1.4.jar:/home/user/.m2/repository/com/fasterxml/woodstox/woodstox-core/5.0.3/woodstox-core-5.0.3.jar:/home/user/.m2/repository/dnsjava/dnsjava/2.1.7/dnsjava-2.1.7.jar:/home/user/.m2/repository/org/apache/hadoop/hadoop-hdfs/3.2.0/hadoop-hdfs-3.2.0-tests.jar:/home/user/.m2/repository/org/eclipse/jetty/jetty-util-ajax/9.3.24.v20180605/jetty-util-ajax-9.3.24.v20180605.jar:/home/user/.m2/repository/commons-daemon/commons-daemon/1.0.13/commons-daemon-1.0.13.jar:/home/user/.m2/repository/io/netty/netty/3.10.5.Final/netty-3.10.5.Final.jar:/home/user/.m2/repository/io/netty/netty-all/4.0.52.Final/netty-all-4.0.52.Final.jar:/home/user/.m2/repository/org/fusesource/leveldbjni/leveldbjni-all/1.8/leveldbjni-all-1.8.jar:"/>
    <property name="java.vm.vendor" value="IcedTea"/>
    <property name="sun.arch.data.model" value="64"/>
    <property name="test.build.dir" value="/workdir/hadoop-ozone/integration-test/target/test-dir"/>
    <property name="test.cache.data" value=""/>
    <property name="java.vendor.url" value="https://icedtea.classpath.org"/>
    <property name="user.timezone" value=""/>
    <property name="java.vm.specification.version" value="1.8"/>
    <property name="os.name" value="Linux"/>
    <property name="test.build.data" value="/workdir/hadoop-ozone/integration-test/target/test-dir"/>
    <property name="user.country" value="US"/>
    <property name="sun.java.launcher" value="SUN_STANDARD"/>
    <property name="sun.boot.library.path" value="/usr/lib/jvm/java-1.8-openjdk/jre/lib/amd64"/>
    <property name="sun.java.command" value="/workdir/hadoop-ozone/integration-test/target/surefire/surefirebooter3540334565374801553.jar /workdir/hadoop-ozone/integration-test/target/surefire 2019-09-04T10-17-10_328-jvmRun1 surefire4611322712860084742tmp surefire_257018492412568466432tmp"/>
    <property name="test" value="!TestMiniChaosOzoneCluster"/>
    <property name="surefire.test.class.path" value="/workdir/hadoop-ozone/integration-test/target/test-classes:/workdir/hadoop-ozone/integration-test/target/classes:/home/user/.m2/repository/org/apache/hadoop/hadoop-ozone-common/0.5.0-SNAPSHOT/hadoop-ozone-common-0.5.0-SNAPSHOT.jar:/home/user/.m2/repository/org/apache/commons/commons-compress/1.4.1/commons-compress-1.4.1.jar:/home/user/.m2/repository/org/tukaani/xz/1.0/xz-1.0.jar:/home/user/.m2/repository/org/apache/hadoop/hadoop-common/3.2.0/hadoop-common-3.2.0.jar:/home/user/.m2/repository/org/apache/hadoop/hadoop-hdfs/3.2.0/hadoop-hdfs-3.2.0.jar:/home/user/.m2/repository/org/apache/hadoop/hadoop-hdfs-client/3.2.0/hadoop-hdfs-client-3.2.0.jar:/home/user/.m2/repository/com/fasterxml/jackson/core/jackson-annotations/2.9.5/jackson-annotations-2.9.5.jar:/home/user/.m2/repository/org/apache/hadoop/hadoop-hdds-common/0.5.0-SNAPSHOT/hadoop-hdds-common-0.5.0-SNAPSHOT.jar:/home/user/.m2/repository/javax/annotation/javax.annotation-api/1.2/javax.annotation-api-1.2.jar:/home/user/.m2/repository/org/apache/ratis/ratis-server/0.4.0-2337318-SNAPSHOT/ratis-server-0.4.0-2337318-SNAPSHOT.jar:/home/user/.m2/repository/org/apache/ratis/ratis-thirdparty-misc/0.2.0/ratis-thirdparty-misc-0.2.0.jar:/home/user/.m2/repository/org/apache/ratis/ratis-proto/0.4.0-2337318-SNAPSHOT/ratis-proto-0.4.0-2337318-SNAPSHOT.jar:/home/user/.m2/repository/org/apache/ratis/ratis-common/0.4.0-2337318-SNAPSHOT/ratis-common-0.4.0-2337318-SNAPSHOT.jar:/home/user/.m2/repository/org/apache/ratis/ratis-client/0.4.0-2337318-SNAPSHOT/ratis-client-0.4.0-2337318-SNAPSHOT.jar:/home/user/.m2/repository/org/apache/ratis/ratis-metrics/0.4.0-2337318-SNAPSHOT/ratis-metrics-0.4.0-2337318-SNAPSHOT.jar:/home/user/.m2/repository/org/apache/ratis/ratis-netty/0.4.0-2337318-SNAPSHOT/ratis-netty-0.4.0-2337318-SNAPSHOT.jar:/home/user/.m2/repository/org/apache/ratis/ratis-grpc/0.4.0-2337318-SNAPSHOT/ratis-grpc-0.4.0-2337318-SNAPSHOT.jar:/home/user/.m2/repository/org/rocksdb/rocksdbjni/6.0.1/rocksdbjni-6.0.1.jar:/home/user/.m2/repository/org/apache/logging/log4j/log4j-api/2.11.0/log4j-api-2.11.0.jar:/home/user/.m2/repository/org/apache/logging/log4j/log4j-core/2.11.0/log4j-core-2.11.0.jar:/home/user/.m2/repository/com/lmax/disruptor/3.4.2/disruptor-3.4.2.jar:/home/user/.m2/repository/org/apache/commons/commons-pool2/2.6.0/commons-pool2-2.6.0.jar:/home/user/.m2/repository/org/bouncycastle/bcpkix-jdk15on/1.60/bcpkix-jdk15on-1.60.jar:/home/user/.m2/repository/commons-validator/commons-validator/1.6/commons-validator-1.6.jar:/home/user/.m2/repository/commons-digester/commons-digester/1.8.1/commons-digester-1.8.1.jar:/home/user/.m2/repository/io/jaegertracing/jaeger-client/0.33.1/jaeger-client-0.33.1.jar:/home/user/.m2/repository/io/jaegertracing/jaeger-thrift/0.33.1/jaeger-thrift-0.33.1.jar:/home/user/.m2/repository/org/apache/thrift/libthrift/0.11.0/libthrift-0.11.0.jar:/home/user/.m2/repository/com/squareup/okhttp3/okhttp/3.9.0/okhttp-3.9.0.jar:/home/user/.m2/repository/com/squareup/okio/okio/1.13.0/okio-1.13.0.jar:/home/user/.m2/repository/io/jaegertracing/jaeger-core/0.33.1/jaeger-core-0.33.1.jar:/home/user/.m2/repository/io/jaegertracing/jaeger-tracerresolver/0.33.1/jaeger-tracerresolver-0.33.1.jar:/home/user/.m2/repository/io/opentracing/contrib/opentracing-tracerresolver/0.1.5/opentracing-tracerresolver-0.1.5.jar:/home/user/.m2/repository/io/opentracing/opentracing-util/0.31.0/opentracing-util-0.31.0.jar:/home/user/.m2/repository/io/opentracing/opentracing-api/0.31.0/opentracing-api-0.31.0.jar:/home/user/.m2/repository/io/opentracing/opentracing-noop/0.31.0/opentracing-noop-0.31.0.jar:/home/user/.m2/repository/org/apache/hadoop/hadoop-hdds-server-framework/0.5.0-SNAPSHOT/hadoop-hdds-server-framework-0.5.0-SNAPSHOT.jar:/home/user/.m2/repository/org/apache/hadoop/hadoop-hdds-container-service/0.5.0-SNAPSHOT/hadoop-hdds-container-service-0.5.0-SNAPSHOT.jar:/home/user/.m2/repository/org/apache/hadoop/hadoop-hdds-client/0.5.0-SNAPSHOT/hadoop-hdds-client-0.5.0-SNAPSHOT.jar:/home/user/.m2/repository/org/apache/hadoop/hadoop-hdds-tools/0.5.0-SNAPSHOT/hadoop-hdds-tools-0.5.0-SNAPSHOT.jar:/home/user/.m2/repository/org/apache/hadoop/hadoop-hdds-server-scm/0.5.0-SNAPSHOT/hadoop-hdds-server-scm-0.5.0-SNAPSHOT.jar:/home/user/.m2/repository/org/apache/hadoop/hadoop-hdds-docs/0.5.0-SNAPSHOT/hadoop-hdds-docs-0.5.0-SNAPSHOT.jar:/home/user/.m2/repository/io/dropwizard/metrics/metrics-core/3.2.4/metrics-core-3.2.4.jar:/home/user/.m2/repository/org/hamcrest/hamcrest-all/1.3/hamcrest-all-1.3.jar:/home/user/.m2/repository/org/bouncycastle/bcprov-jdk15on/1.60/bcprov-jdk15on-1.60.jar:/home/user/.m2/repository/info/picocli/picocli/3.9.6/picocli-3.9.6.jar:/home/user/.m2/repository/com/google/protobuf/protobuf-java/2.5.0/protobuf-java-2.5.0.jar:/home/user/.m2/repository/com/google/guava/guava/11.0.2/guava-11.0.2.jar:/home/user/.m2/repository/org/apache/hadoop/hadoop-ozone-ozone-manager/0.5.0-SNAPSHOT/hadoop-ozone-ozone-manager-0.5.0-SNAPSHOT.jar:/home/user/.m2/repository/org/apache/hadoop/hadoop-minikdc/3.2.0/hadoop-minikdc-3.2.0.jar:/home/user/.m2/repository/commons-io/commons-io/2.5/commons-io-2.5.jar:/home/user/.m2/repository/org/apache/kerby/kerb-simplekdc/1.0.1/kerb-simplekdc-1.0.1.jar:/home/user/.m2/repository/org/apache/kerby/kerb-client/1.0.1/kerb-client-1.0.1.jar:/home/user/.m2/repository/org/apache/kerby/kerby-config/1.0.1/kerby-config-1.0.1.jar:/home/user/.m2/repository/org/apache/kerby/kerb-core/1.0.1/kerb-core-1.0.1.jar:/home/user/.m2/repository/org/apache/kerby/kerby-pkix/1.0.1/kerby-pkix-1.0.1.jar:/home/user/.m2/repository/org/apache/kerby/kerby-asn1/1.0.1/kerby-asn1-1.0.1.jar:/home/user/.m2/repository/org/apache/kerby/kerby-util/1.0.1/kerby-util-1.0.1.jar:/home/user/.m2/repository/org/apache/kerby/kerb-common/1.0.1/kerb-common-1.0.1.jar:/home/user/.m2/repository/org/apache/kerby/kerb-crypto/1.0.1/kerb-crypto-1.0.1.jar:/home/user/.m2/repository/org/apache/kerby/kerb-util/1.0.1/kerb-util-1.0.1.jar:/home/user/.m2/repository/org/apache/kerby/token-provider/1.0.1/token-provider-1.0.1.jar:/home/user/.m2/repository/org/apache/kerby/kerb-admin/1.0.1/kerb-admin-1.0.1.jar:/home/user/.m2/repository/org/apache/kerby/kerb-server/1.0.1/kerb-server-1.0.1.jar:/home/user/.m2/repository/org/apache/kerby/kerb-identity/1.0.1/kerb-identity-1.0.1.jar:/home/user/.m2/repository/org/apache/kerby/kerby-xdr/1.0.1/kerby-xdr-1.0.1.jar:/home/user/.m2/repository/org/slf4j/slf4j-log4j12/1.7.25/slf4j-log4j12-1.7.25.jar:/home/user/.m2/repository/org/apache/hadoop/hadoop-ozone-s3gateway/0.5.0-SNAPSHOT/hadoop-ozone-s3gateway-0.5.0-SNAPSHOT.jar:/home/user/.m2/repository/org/jboss/weld/servlet/weld-servlet/2.4.7.Final/weld-servlet-2.4.7.Final.jar:/home/user/.m2/repository/org/glassfish/jersey/containers/jersey-container-servlet-core/2.27/jersey-container-servlet-core-2.27.jar:/home/user/.m2/repository/org/glassfish/hk2/external/javax.inject/2.5.0-b42/javax.inject-2.5.0-b42.jar:/home/user/.m2/repository/org/glassfish/jersey/core/jersey-common/2.27/jersey-common-2.27.jar:/home/user/.m2/repository/org/glassfish/hk2/osgi-resource-locator/1.0.1/osgi-resource-locator-1.0.1.jar:/home/user/.m2/repository/javax/ws/rs/javax.ws.rs-api/2.1/javax.ws.rs-api-2.1.jar:/home/user/.m2/repository/org/glassfish/jersey/ext/cdi/jersey-cdi1x/2.27/jersey-cdi1x-2.27.jar:/home/user/.m2/repository/org/glassfish/jersey/inject/jersey-hk2/2.27/jersey-hk2-2.27.jar:/home/user/.m2/repository/org/glassfish/hk2/hk2-locator/2.5.0-b42/hk2-locator-2.5.0-b42.jar:/home/user/.m2/repository/org/javassist/javassist/3.22.0-CR2/javassist-3.22.0-CR2.jar:/home/user/.m2/repository/org/glassfish/hk2/hk2-api/2.5.0/hk2-api-2.5.0.jar:/home/user/.m2/repository/org/glassfish/hk2/external/jakarta.inject/2.5.0/jakarta.inject-2.5.0.jar:/home/user/.m2/repository/org/glassfish/hk2/hk2-utils/2.5.0/hk2-utils-2.5.0.jar:/home/user/.m2/repository/jakarta/annotation/jakarta.annotation-api/1.3.4/jakarta.annotation-api-1.3.4.jar:/home/user/.m2/repository/org/glassfish/hk2/external/aopalliance-repackaged/2.5.0/aopalliance-repackaged-2.5.0.jar:/home/user/.m2/repository/com/fasterxml/jackson/dataformat/jackson-dataformat-xml/2.9.0/jackson-dataformat-xml-2.9.0.jar:/home/user/.m2/repository/com/fasterxml/jackson/core/jackson-core/2.9.5/jackson-core-2.9.5.jar:/home/user/.m2/repository/com/fasterxml/jackson/module/jackson-module-jaxb-annotations/2.9.5/jackson-module-jaxb-annotations-2.9.5.jar:/home/user/.m2/repository/javax/enterprise/cdi-api/1.2/cdi-api-1.2.jar:/home/user/.m2/repository/javax/el/javax.el-api/3.0.0/javax.el-api-3.0.0.jar:/home/user/.m2/repository/javax/interceptor/javax.interceptor-api/1.2/javax.interceptor-api-1.2.jar:/home/user/.m2/repository/javax/inject/javax.inject/1/javax.inject-1.jar:/home/user/.m2/repository/com/sun/xml/bind/jaxb-impl/2.3.0.1/jaxb-impl-2.3.0.1.jar:/home/user/.m2/repository/com/sun/xml/bind/jaxb-core/2.3.0.1/jaxb-core-2.3.0.1.jar:/home/user/.m2/repository/javax/xml/bind/jaxb-api/2.3.0/jaxb-api-2.3.0.jar:/home/user/.m2/repository/javax/activation/activation/1.1.1/activation-1.1.1.jar:/home/user/.m2/repository/org/apache/hadoop/hadoop-ozone-csi/0.5.0-SNAPSHOT/hadoop-ozone-csi-0.5.0-SNAPSHOT.jar:/home/user/.m2/repository/com/google/protobuf/protobuf-java-util/3.5.1/protobuf-java-util-3.5.1.jar:/home/user/.m2/repository/org/apache/hadoop/hadoop-hdds-config/0.5.0-SNAPSHOT/hadoop-hdds-config-0.5.0-SNAPSHOT.jar:/home/user/.m2/repository/io/grpc/grpc-netty/1.17.1/grpc-netty-1.17.1.jar:/home/user/.m2/repository/io/grpc/grpc-core/1.17.1/grpc-core-1.17.1.jar:/home/user/.m2/repository/io/grpc/grpc-context/1.17.1/grpc-context-1.17.1.jar:/home/user/.m2/repository/com/google/errorprone/error_prone_annotations/2.2.0/error_prone_annotations-2.2.0.jar:/home/user/.m2/repository/org/codehaus/mojo/animal-sniffer-annotations/1.17/animal-sniffer-annotations-1.17.jar:/home/user/.m2/repository/io/opencensus/opencensus-api/0.17.0/opencensus-api-0.17.0.jar:/home/user/.m2/repository/io/opencensus/opencensus-contrib-grpc-metrics/0.17.0/opencensus-contrib-grpc-metrics-0.17.0.jar:/home/user/.m2/repository/io/netty/netty-codec-http2/4.1.30.Final/netty-codec-http2-4.1.30.Final.jar:/home/user/.m2/repository/io/netty/netty-codec-http/4.1.30.Final/netty-codec-http-4.1.30.Final.jar:/home/user/.m2/repository/io/netty/netty-codec/4.1.30.Final/netty-codec-4.1.30.Final.jar:/home/user/.m2/repository/io/netty/netty-handler/4.1.30.Final/netty-handler-4.1.30.Final.jar:/home/user/.m2/repository/io/netty/netty-handler-proxy/4.1.30.Final/netty-handler-proxy-4.1.30.Final.jar:/home/user/.m2/repository/io/netty/netty-codec-socks/4.1.30.Final/netty-codec-socks-4.1.30.Final.jar:/home/user/.m2/repository/io/netty/netty-transport-native-epoll/4.1.30.Final/netty-transport-native-epoll-4.1.30.Final.jar:/home/user/.m2/repository/io/netty/netty-common/4.1.30.Final/netty-common-4.1.30.Final.jar:/home/user/.m2/repository/io/netty/netty-buffer/4.1.30.Final/netty-buffer-4.1.30.Final.jar:/home/user/.m2/repository/io/netty/netty-transport/4.1.30.Final/netty-transport-4.1.30.Final.jar:/home/user/.m2/repository/io/netty/netty-resolver/4.1.30.Final/netty-resolver-4.1.30.Final.jar:/home/user/.m2/repository/io/netty/netty-transport-native-unix-common/4.1.30.Final/netty-transport-native-unix-common-4.1.30.Final.jar:/home/user/.m2/repository/io/grpc/grpc-protobuf/1.17.1/grpc-protobuf-1.17.1.jar:/home/user/.m2/repository/com/google/api/grpc/proto-google-common-protos/1.0.0/proto-google-common-protos-1.0.0.jar:/home/user/.m2/repository/io/grpc/grpc-protobuf-lite/1.17.1/grpc-protobuf-lite-1.17.1.jar:/home/user/.m2/repository/io/grpc/grpc-stub/1.17.1/grpc-stub-1.17.1.jar:/home/user/.m2/repository/org/apache/hadoop/hadoop-ozone-recon/0.5.0-SNAPSHOT/hadoop-ozone-recon-0.5.0-SNAPSHOT.jar:/home/user/.m2/repository/org/apache/hadoop/hadoop-ozone-reconcodegen/0.5.0-SNAPSHOT/hadoop-ozone-reconcodegen-0.5.0-SNAPSHOT.jar:/home/user/.m2/repository/com/google/inject/extensions/guice-multibindings/4.0/guice-multibindings-4.0.jar:/home/user/.m2/repository/com/google/inject/guice/4.0/guice-4.0.jar:/home/user/.m2/repository/aopalliance/aopalliance/1.0/aopalliance-1.0.jar:/home/user/.m2/repository/com/google/inject/extensions/guice-servlet/4.0/guice-servlet-4.0.jar:/home/user/.m2/repository/org/glassfish/jersey/containers/jersey-container-servlet/2.27/jersey-container-servlet-2.27.jar:/home/user/.m2/repository/org/glassfish/hk2/guice-bridge/2.5.0/guice-bridge-2.5.0.jar:/home/user/.m2/repository/org/glassfish/jersey/core/jersey-server/2.27/jersey-server-2.27.jar:/home/user/.m2/repository/org/glassfish/jersey/core/jersey-client/2.27/jersey-client-2.27.jar:/home/user/.m2/repository/org/glassfish/jersey/media/jersey-media-jaxb/2.27/jersey-media-jaxb-2.27.jar:/home/user/.m2/repository/javax/validation/validation-api/1.1.0.Final/validation-api-1.1.0.Final.jar:/home/user/.m2/repository/org/glassfish/jersey/media/jersey-media-json-jackson/2.27/jersey-media-json-jackson-2.27.jar:/home/user/.m2/repository/org/glassfish/jersey/ext/jersey-entity-filtering/2.27/jersey-entity-filtering-2.27.jar:/home/user/.m2/repository/com/google/inject/extensions/guice-assistedinject/4.0/guice-assistedinject-4.0.jar:/home/user/.m2/repository/org/jooq/jooq/3.11.10/jooq-3.11.10.jar:/home/user/.m2/repository/org/jooq/jooq-meta/3.11.10/jooq-meta-3.11.10.jar:/home/user/.m2/repository/org/jooq/jooq-codegen/3.11.10/jooq-codegen-3.11.10.jar:/home/user/.m2/repository/com/jolbox/bonecp/0.8.0.RELEASE/bonecp-0.8.0.RELEASE.jar:/home/user/.m2/repository/org/xerial/sqlite-jdbc/3.25.2/sqlite-jdbc-3.25.2.jar:/home/user/.m2/repository/org/springframework/spring-jdbc/5.1.3.RELEASE/spring-jdbc-5.1.3.RELEASE.jar:/home/user/.m2/repository/org/springframework/spring-beans/5.1.3.RELEASE/spring-beans-5.1.3.RELEASE.jar:/home/user/.m2/repository/org/springframework/spring-core/5.1.3.RELEASE/spring-core-5.1.3.RELEASE.jar:/home/user/.m2/repository/org/springframework/spring-jcl/5.1.3.RELEASE/spring-jcl-5.1.3.RELEASE.jar:/home/user/.m2/repository/org/springframework/spring-tx/5.1.3.RELEASE/spring-tx-5.1.3.RELEASE.jar:/home/user/.m2/repository/org/apache/hadoop/hadoop-ozone-client/0.5.0-SNAPSHOT/hadoop-ozone-client-0.5.0-SNAPSHOT.jar:/home/user/.m2/repository/commons-lang/commons-lang/2.6/commons-lang-2.6.jar:/home/user/.m2/repository/org/apache/hadoop/hadoop-ozone-ozone-manager/0.5.0-SNAPSHOT/hadoop-ozone-ozone-manager-0.5.0-SNAPSHOT-tests.jar:/home/user/.m2/repository/junit/junit/4.11/junit-4.11.jar:/home/user/.m2/repository/org/hamcrest/hamcrest-core/1.3/hamcrest-core-1.3.jar:/home/user/.m2/repository/org/openjdk/jmh/jmh-core/1.19/jmh-core-1.19.jar:/home/user/.m2/repository/net/sf/jopt-simple/jopt-simple/4.6/jopt-simple-4.6.jar:/home/user/.m2/repository/org/apache/commons/commons-math3/3.1.1/commons-math3-3.1.1.jar:/home/user/.m2/repository/org/openjdk/jmh/jmh-generator-annprocess/1.19/jmh-generator-annprocess-1.19.jar:/home/user/.m2/repository/org/mockito/mockito-all/1.8.5/mockito-all-1.8.5.jar:/home/user/.m2/repository/org/apache/hadoop/hadoop-kms/3.2.0/hadoop-kms-3.2.0.jar:/home/user/.m2/repository/org/apache/hadoop/hadoop-auth/3.2.0/hadoop-auth-3.2.0.jar:/home/user/.m2/repository/com/nimbusds/nimbus-jose-jwt/4.41.1/nimbus-jose-jwt-4.41.1.jar:/home/user/.m2/repository/com/github/stephenc/jcip/jcip-annotations/1.0-1/jcip-annotations-1.0-1.jar:/home/user/.m2/repository/net/minidev/json-smart/2.3/json-smart-2.3.jar:/home/user/.m2/repository/net/minidev/accessors-smart/1.2/accessors-smart-1.2.jar:/home/user/.m2/repository/org/ow2/asm/asm/5.0.4/asm-5.0.4.jar:/home/user/.m2/repository/org/apache/curator/curator-framework/2.12.0/curator-framework-2.12.0.jar:/home/user/.m2/repository/com/sun/jersey/jersey-core/1.19/jersey-core-1.19.jar:/home/user/.m2/repository/javax/ws/rs/jsr311-api/1.1.1/jsr311-api-1.1.1.jar:/home/user/.m2/repository/com/sun/jersey/jersey-server/1.19/jersey-server-1.19.jar:/home/user/.m2/repository/javax/servlet/javax.servlet-api/3.1.0/javax.servlet-api-3.1.0.jar:/home/user/.m2/repository/org/eclipse/jetty/jetty-server/9.3.24.v20180605/jetty-server-9.3.24.v20180605.jar:/home/user/.m2/repository/org/eclipse/jetty/jetty-http/9.3.24.v20180605/jetty-http-9.3.24.v20180605.jar:/home/user/.m2/repository/org/eclipse/jetty/jetty-io/9.3.24.v20180605/jetty-io-9.3.24.v20180605.jar:/home/user/.m2/repository/org/eclipse/jetty/jetty-webapp/9.3.24.v20180605/jetty-webapp-9.3.24.v20180605.jar:/home/user/.m2/repository/org/eclipse/jetty/jetty-xml/9.3.24.v20180605/jetty-xml-9.3.24.v20180605.jar:/home/user/.m2/repository/log4j/log4j/1.2.17/log4j-1.2.17.jar:/home/user/.m2/repository/org/slf4j/slf4j-api/1.7.25/slf4j-api-1.7.25.jar:/home/user/.m2/repository/org/slf4j/jul-to-slf4j/1.7.25/jul-to-slf4j-1.7.25.jar:/home/user/.m2/repository/org/eclipse/jetty/jetty-util/9.3.24.v20180605/jetty-util-9.3.24.v20180605.jar:/home/user/.m2/repository/com/fasterxml/jackson/core/jackson-databind/2.9.5/jackson-databind-2.9.5.jar:/home/user/.m2/repository/org/apache/hadoop/hadoop-kms/3.2.0/hadoop-kms-3.2.0-tests.jar:/home/user/.m2/repository/org/apache/hadoop/hadoop-hdds-server-scm/0.5.0-SNAPSHOT/hadoop-hdds-server-scm-0.5.0-SNAPSHOT-tests.jar:/home/user/.m2/repository/org/apache/hadoop/hadoop-hdds-container-service/0.5.0-SNAPSHOT/hadoop-hdds-container-service-0.5.0-SNAPSHOT-tests.jar:/home/user/.m2/repository/org/yaml/snakeyaml/1.16/snakeyaml-1.16.jar:/home/user/.m2/repository/org/apache/hadoop/hadoop-common/3.2.0/hadoop-common-3.2.0-tests.jar:/home/user/.m2/repository/org/apache/hadoop/hadoop-annotations/3.2.0/hadoop-annotations-3.2.0.jar:/usr/lib/jvm/java-1.8-openjdk/jre/../lib/tools.jar:/home/user/.m2/repository/commons-cli/commons-cli/1.2/commons-cli-1.2.jar:/home/user/.m2/repository/org/apache/httpcomponents/httpclient/4.5.2/httpclient-4.5.2.jar:/home/user/.m2/repository/org/apache/httpcomponents/httpcore/4.4.4/httpcore-4.4.4.jar:/home/user/.m2/repository/commons-codec/commons-codec/1.11/commons-codec-1.11.jar:/home/user/.m2/repository/commons-net/commons-net/3.6/commons-net-3.6.jar:/home/user/.m2/repository/commons-collections/commons-collections/3.2.2/commons-collections-3.2.2.jar:/home/user/.m2/repository/org/eclipse/jetty/jetty-servlet/9.3.24.v20180605/jetty-servlet-9.3.24.v20180605.jar:/home/user/.m2/repository/org/eclipse/jetty/jetty-security/9.3.24.v20180605/jetty-security-9.3.24.v20180605.jar:/home/user/.m2/repository/javax/servlet/jsp/jsp-api/2.1/jsp-api-2.1.jar:/home/user/.m2/repository/com/sun/jersey/jersey-servlet/1.19/jersey-servlet-1.19.jar:/home/user/.m2/repository/com/sun/jersey/jersey-json/1.19/jersey-json-1.19.jar:/home/user/.m2/repository/org/codehaus/jettison/jettison/1.1/jettison-1.1.jar:/home/user/.m2/repository/org/codehaus/jackson/jackson-core-asl/1.9.13/jackson-core-asl-1.9.13.jar:/home/user/.m2/repository/org/codehaus/jackson/jackson-mapper-asl/1.9.13/jackson-mapper-asl-1.9.13.jar:/home/user/.m2/repository/org/codehaus/jackson/jackson-jaxrs/1.9.13/jackson-jaxrs-1.9.13.jar:/home/user/.m2/repository/org/codehaus/jackson/jackson-xc/1.9.13/jackson-xc-1.9.13.jar:/home/user/.m2/repository/commons-logging/commons-logging/1.1.3/commons-logging-1.1.3.jar:/home/user/.m2/repository/commons-beanutils/commons-beanutils/1.9.3/commons-beanutils-1.9.3.jar:/home/user/.m2/repository/org/apache/commons/commons-configuration2/2.1.1/commons-configuration2-2.1.1.jar:/home/user/.m2/repository/org/apache/commons/commons-lang3/3.7/commons-lang3-3.7.jar:/home/user/.m2/repository/org/apache/commons/commons-text/1.4/commons-text-1.4.jar:/home/user/.m2/repository/org/apache/avro/avro/1.7.7/avro-1.7.7.jar:/home/user/.m2/repository/com/thoughtworks/paranamer/paranamer/2.3/paranamer-2.3.jar:/home/user/.m2/repository/org/xerial/snappy/snappy-java/1.0.5/snappy-java-1.0.5.jar:/home/user/.m2/repository/com/google/re2j/re2j/1.1/re2j-1.1.jar:/home/user/.m2/repository/com/google/code/gson/gson/2.2.4/gson-2.2.4.jar:/home/user/.m2/repository/com/jcraft/jsch/0.1.54/jsch-0.1.54.jar:/home/user/.m2/repository/org/apache/curator/curator-client/2.12.0/curator-client-2.12.0.jar:/home/user/.m2/repository/org/apache/curator/curator-recipes/2.12.0/curator-recipes-2.12.0.jar:/home/user/.m2/repository/com/google/code/findbugs/jsr305/3.0.0/jsr305-3.0.0.jar:/home/user/.m2/repository/org/apache/htrace/htrace-core4/4.1.0-incubating/htrace-core4-4.1.0-incubating.jar:/home/user/.m2/repository/org/apache/zookeeper/zookeeper/3.4.13/zookeeper-3.4.13.jar:/home/user/.m2/repository/org/apache/yetus/audience-annotations/0.5.0/audience-annotations-0.5.0.jar:/home/user/.m2/repository/org/codehaus/woodstox/stax2-api/3.1.4/stax2-api-3.1.4.jar:/home/user/.m2/repository/com/fasterxml/woodstox/woodstox-core/5.0.3/woodstox-core-5.0.3.jar:/home/user/.m2/repository/dnsjava/dnsjava/2.1.7/dnsjava-2.1.7.jar:/home/user/.m2/repository/org/apache/hadoop/hadoop-hdfs/3.2.0/hadoop-hdfs-3.2.0-tests.jar:/home/user/.m2/repository/org/eclipse/jetty/jetty-util-ajax/9.3.24.v20180605/jetty-util-ajax-9.3.24.v20180605.jar:/home/user/.m2/repository/commons-daemon/commons-daemon/1.0.13/commons-daemon-1.0.13.jar:/home/user/.m2/repository/io/netty/netty/3.10.5.Final/netty-3.10.5.Final.jar:/home/user/.m2/repository/io/netty/netty-all/4.0.52.Final/netty-all-4.0.52.Final.jar:/home/user/.m2/repository/org/fusesource/leveldbjni/leveldbjni-all/1.8/leveldbjni-all-1.8.jar:"/>
    <property name="sun.cpu.endian" value="little"/>
    <property name="user.home" value="/home/user"/>
    <property name="user.language" value="en"/>
    <property name="java.specification.vendor" value="Oracle Corporation"/>
    <property name="java.home" value="/usr/lib/jvm/java-1.8-openjdk/jre"/>
    <property name="java.security.krb5.conf" value="/workdir/hadoop-ozone/integration-test/target/test-classes/krb5.conf"/>
    <property name="basedir" value="/workdir/hadoop-ozone/integration-test"/>
    <property name="file.separator" value="/"/>
    <property name="line.separator" value="&#10;"/>
    <property name="java.vm.specification.vendor" value="Oracle Corporation"/>
    <property name="java.specification.name" value="Java Platform API Specification"/>
    <property name="java.awt.graphicsenv" value="sun.awt.X11GraphicsEnvironment"/>
    <property name="surefire.real.class.path" value="/workdir/hadoop-ozone/integration-test/target/surefire/surefirebooter3540334565374801553.jar"/>
    <property name="hadoop.log.dir" value="/workdir/hadoop-ozone/integration-test/target/log"/>
    <property name="sun.boot.class.path" value="/usr/lib/jvm/java-1.8-openjdk/jre/lib/resources.jar:/usr/lib/jvm/java-1.8-openjdk/jre/lib/rt.jar:/usr/lib/jvm/java-1.8-openjdk/jre/lib/sunrsasign.jar:/usr/lib/jvm/java-1.8-openjdk/jre/lib/jsse.jar:/usr/lib/jvm/java-1.8-openjdk/jre/lib/jce.jar:/usr/lib/jvm/java-1.8-openjdk/jre/lib/charsets.jar:/usr/lib/jvm/java-1.8-openjdk/jre/lib/jfr.jar:/usr/lib/jvm/java-1.8-openjdk/jre/classes"/>
    <property name="sun.management.compiler" value="HotSpot 64-Bit Tiered Compilers"/>
    <property name="java.runtime.version" value="1.8.0_212-b04"/>
    <property name="java.net.preferIPv4Stack" value="true"/>
    <property name="user.name" value="jenkins1000"/>
    <property name="path.separator" value=":"/>
    <property name="java.security.egd" value="file:///dev/urandom"/>
    <property name="os.version" value="3.10.0-957.12.2.el7.x86_64"/>
    <property name="java.endorsed.dirs" value="/usr/lib/jvm/java-1.8-openjdk/jre/lib/endorsed"/>
    <property name="java.runtime.name" value="OpenJDK Runtime Environment"/>
    <property name="file.encoding" value="UTF-8"/>
    <property name="java.vm.name" value="OpenJDK 64-Bit Server VM"/>
    <property name="test.build.webapps" value=""/>
    <property name="localRepository" value="/home/user/.m2/repository"/>
    <property name="java.vendor.url.bug" value="https://icedtea.classpath.org/bugzilla"/>
    <property name="java.io.tmpdir" value="/tmp"/>
    <property name="require.test.libhadoop" value=""/>
    <property name="java.version" value="1.8.0_212"/>
    <property name="user.dir" value="/workdir/hadoop-ozone/integration-test"/>
    <property name="os.arch" value="amd64"/>
    <property name="java.vm.specification.name" value="Java Virtual Machine Specification"/>
    <property name="test.build.classes" value="/workdir/hadoop-ozone/integration-test/target/test-classes"/>
    <property name="java.awt.printerjob" value="sun.print.PSPrinterJob"/>
    <property name="sun.os.patch.level" value="unknown"/>
    <property name="hadoop.tmp.dir" value="/workdir/hadoop-ozone/integration-test/target/tmp"/>
    <property name="java.library.path" value="/usr/lib/jvm/java-1.8-openjdk/jre/lib/amd64/server:/usr/lib/jvm/java-1.8-openjdk/jre/lib/amd64:/usr/lib/jvm/java-1.8-openjdk/jre/../lib/amd64:/workdir/hadoop-ozone/integration-test/target/native/target/usr/local/lib:/workdir/hadoop-ozone/integration-test/../../hadoop-common-project/hadoop-common/target/native/target/usr/local/lib:/usr/java/packages/lib/amd64:/usr/lib64:/lib64:/lib:/usr/lib"/>
    <property name="java.vm.info" value="mixed mode"/>
    <property name="java.vendor" value="IcedTea"/>
    <property name="java.vm.version" value="25.212-b04"/>
    <property name="java.ext.dirs" value="/usr/lib/jvm/java-1.8-openjdk/jre/lib/ext:/usr/java/packages/lib/ext"/>
    <property name="sun.io.unicode.encoding" value="UnicodeLittle"/>
    <property name="java.class.version" value="52.0"/>
  </properties>
  <testcase name="testReleaseBuffers" classname="org.apache.hadoop.ozone.client.rpc.TestCommitWatcher" time="11.954">
    <error message="Could not allocate container. Cannot get any matching pipeline for Type:RATIS, Factor:THREE, State:PipelineState.OPEN&#10;	at org.apache.hadoop.hdds.scm.container.ContainerStateManager.allocateContainer(ContainerStateManager.java:260)&#10;	at org.apache.hadoop.hdds.scm.container.SCMContainerManager.allocateContainer(SCMContainerManager.java:247)&#10;	at org.apache.hadoop.hdds.scm.server.SCMClientProtocolServer.allocateContainer(SCMClientProtocolServer.java:186)&#10;	at org.apache.hadoop.ozone.protocolPB.StorageContainerLocationProtocolServerSideTranslatorPB.allocateContainer(StorageContainerLocationProtocolServerSideTranslatorPB.java:123)&#10;	at org.apache.hadoop.hdds.protocol.proto.StorageContainerLocationProtocolProtos$StorageContainerLocationProtocolService$2.callBlockingMethod(StorageContainerLocationProtocolProtos.java:21239)&#10;	at org.apache.hadoop.ipc.ProtobufRpcEngine$Server$ProtoBufRpcInvoker.call(ProtobufRpcEngine.java:524)&#10;	at org.apache.hadoop.ipc.RPC$Server.call(RPC.java:1025)&#10;	at org.apache.hadoop.ipc.Server$RpcCall.run(Server.java:876)&#10;	at org.apache.hadoop.ipc.Server$RpcCall.run(Server.java:822)&#10;	at java.security.AccessController.doPrivileged(Native Method)&#10;	at javax.security.auth.Subject.doAs(Subject.java:422)&#10;	at org.apache.hadoop.security.UserGroupInformation.doAs(UserGroupInformation.java:1730)&#10;	at org.apache.hadoop.ipc.Server$Handler.run(Server.java:2682)&#10;" type="org.apache.hadoop.ipc.RemoteException(java.io.IOException)">org.apache.hadoop.ipc.RemoteException(java.io.IOException): Could not allocate container. Cannot get any matching pipeline for Type:RATIS, Factor:THREE, State:PipelineState.OPEN
	at org.apache.hadoop.hdds.scm.container.ContainerStateManager.allocateContainer(ContainerStateManager.java:260)
	at org.apache.hadoop.hdds.scm.container.SCMContainerManager.allocateContainer(SCMContainerManager.java:247)
	at org.apache.hadoop.hdds.scm.server.SCMClientProtocolServer.allocateContainer(SCMClientProtocolServer.java:186)
	at org.apache.hadoop.ozone.protocolPB.StorageContainerLocationProtocolServerSideTranslatorPB.allocateContainer(StorageContainerLocationProtocolServerSideTranslatorPB.java:123)
	at org.apache.hadoop.hdds.protocol.proto.StorageContainerLocationProtocolProtos$StorageContainerLocationProtocolService$2.callBlockingMethod(StorageContainerLocationProtocolProtos.java:21239)
	at org.apache.hadoop.ipc.ProtobufRpcEngine$Server$ProtoBufRpcInvoker.call(ProtobufRpcEngine.java:524)
	at org.apache.hadoop.ipc.RPC$Server.call(RPC.java:1025)
	at org.apache.hadoop.ipc.Server$RpcCall.run(Server.java:876)
	at org.apache.hadoop.ipc.Server$RpcCall.run(Server.java:822)
	at java.security.AccessController.doPrivileged(Native Method)
	at javax.security.auth.Subject.doAs(Subject.java:422)
	at org.apache.hadoop.security.UserGroupInformation.doAs(UserGroupInformation.java:1730)
	at org.apache.hadoop.ipc.Server$Handler.run(Server.java:2682)

	at org.apache.hadoop.ipc.Client.getRpcResponse(Client.java:1511)
	at org.apache.hadoop.ipc.Client.call(Client.java:1457)
	at org.apache.hadoop.ipc.Client.call(Client.java:1367)
	at org.apache.hadoop.ipc.ProtobufRpcEngine$Invoker.invoke(ProtobufRpcEngine.java:228)
	at org.apache.hadoop.ipc.ProtobufRpcEngine$Invoker.invoke(ProtobufRpcEngine.java:116)
	at com.sun.proxy.$Proxy24.allocateContainer(Unknown Source)
	at org.apache.hadoop.hdds.scm.protocolPB.StorageContainerLocationProtocolClientSideTranslatorPB.allocateContainer(StorageContainerLocationProtocolClientSideTranslatorPB.java:127)
	at org.apache.hadoop.ozone.client.rpc.TestCommitWatcher.testReleaseBuffers(TestCommitWatcher.java:134)
	at sun.reflect.NativeMethodAccessorImpl.invoke0(Native Method)
	at sun.reflect.NativeMethodAccessorImpl.invoke(NativeMethodAccessorImpl.java:62)
	at sun.reflect.DelegatingMethodAccessorImpl.invoke(DelegatingMethodAccessorImpl.java:43)
	at java.lang.reflect.Method.invoke(Method.java:498)
	at org.junit.runners.model.FrameworkMethod$1.runReflectiveCall(FrameworkMethod.java:47)
	at org.junit.internal.runners.model.ReflectiveCallable.run(ReflectiveCallable.java:12)
	at org.junit.runners.model.FrameworkMethod.invokeExplosively(FrameworkMethod.java:44)
	at org.junit.internal.runners.statements.InvokeMethod.evaluate(InvokeMethod.java:17)
	at org.junit.runners.ParentRunner.runLeaf(ParentRunner.java:271)
	at org.junit.runners.BlockJUnit4ClassRunner.runChild(BlockJUnit4ClassRunner.java:70)
	at org.junit.runners.BlockJUnit4ClassRunner.runChild(BlockJUnit4ClassRunner.java:50)
	at org.junit.runners.ParentRunner$3.run(ParentRunner.java:238)
	at org.junit.runners.ParentRunner$1.schedule(ParentRunner.java:63)
	at org.junit.runners.ParentRunner.runChildren(ParentRunner.java:236)
	at org.junit.runners.ParentRunner.access$000(ParentRunner.java:53)
	at org.junit.runners.ParentRunner$2.evaluate(ParentRunner.java:229)
	at org.junit.internal.runners.statements.RunBefores.evaluate(RunBefores.java:26)
	at org.junit.internal.runners.statements.RunAfters.evaluate(RunAfters.java:27)
	at org.junit.runners.ParentRunner.run(ParentRunner.java:309)
	at org.apache.maven.surefire.junit4.JUnit4Provider.execute(JUnit4Provider.java:365)
	at org.apache.maven.surefire.junit4.JUnit4Provider.executeWithRerun(JUnit4Provider.java:273)
	at org.apache.maven.surefire.junit4.JUnit4Provider.executeTestSet(JUnit4Provider.java:238)
	at org.apache.maven.surefire.junit4.JUnit4Provider.invoke(JUnit4Provider.java:159)
	at org.apache.maven.surefire.booter.ForkedBooter.invokeProviderInSameClassLoader(ForkedBooter.java:384)
	at org.apache.maven.surefire.booter.ForkedBooter.runSuitesInProcess(ForkedBooter.java:345)
	at org.apache.maven.surefire.booter.ForkedBooter.execute(ForkedBooter.java:126)
	at org.apache.maven.surefire.booter.ForkedBooter.main(ForkedBooter.java:418)
</error>
    <system-out><![CDATA[2019-09-04 10:54:14,373 [main] WARN  server.ServerUtils (ServerUtils.java:getScmDbDir(145)) - ozone.scm.db.dirs is not configured. We recommend adding this setting. Falling back to ozone.metadata.dirs instead.
2019-09-04 10:54:15,447 [main] WARN  server.ServerUtils (ServerUtils.java:getScmDbDir(145)) - ozone.scm.db.dirs is not configured. We recommend adding this setting. Falling back to ozone.metadata.dirs instead.
2019-09-04 10:54:15,451 [main] WARN  server.ServerUtils (ServerUtils.java:getScmDbDir(145)) - ozone.scm.db.dirs is not configured. We recommend adding this setting. Falling back to ozone.metadata.dirs instead.
2019-09-04 10:54:15,470 [main] INFO  util.log (Log.java:initialized(192)) - Logging initialized @1859ms
2019-09-04 10:54:15,575 [main] INFO  db.DBStoreBuilder (DBStoreBuilder.java:addTable(110)) - using custom profile for table: deletedBlocks
2019-09-04 10:54:15,575 [main] INFO  db.DBStoreBuilder (DBStoreBuilder.java:processTables(161)) - Using default column profile:DBProfile.DISK for Table:deletedBlocks
2019-09-04 10:54:15,575 [main] INFO  db.DBStoreBuilder (DBStoreBuilder.java:addTable(110)) - using custom profile for table: validCerts
2019-09-04 10:54:15,576 [main] INFO  db.DBStoreBuilder (DBStoreBuilder.java:processTables(161)) - Using default column profile:DBProfile.DISK for Table:validCerts
2019-09-04 10:54:15,577 [main] INFO  db.DBStoreBuilder (DBStoreBuilder.java:addTable(110)) - using custom profile for table: revokedCerts
2019-09-04 10:54:15,577 [main] INFO  db.DBStoreBuilder (DBStoreBuilder.java:processTables(161)) - Using default column profile:DBProfile.DISK for Table:revokedCerts
2019-09-04 10:54:15,591 [main] INFO  db.DBStoreBuilder (DBStoreBuilder.java:addTable(110)) - using custom profile for table: default
2019-09-04 10:54:15,591 [main] INFO  db.DBStoreBuilder (DBStoreBuilder.java:processTables(167)) - Using default column profile:DBProfile.DISK for Table:default
2019-09-04 10:54:15,592 [main] INFO  db.DBStoreBuilder (DBStoreBuilder.java:getDbProfile(198)) - Using default options. DBProfile.DISK
2019-09-04 10:54:15,887 [main] INFO  net.NodeSchemaLoader (NodeSchemaLoader.java:loadSchemaFromFile(125)) - Loading file from sun.misc.CompoundEnumeration@34123d65
2019-09-04 10:54:15,890 [main] INFO  net.NodeSchemaLoader (NodeSchemaLoader.java:loadSchema(171)) - Loading network topology layer schema file
2019-09-04 10:54:15,994 [main] INFO  node.SCMNodeManager (SCMNodeManager.java:<init>(115)) - Entering startup safe mode.
2019-09-04 10:54:16,085 [main] INFO  algorithms.ContainerPlacementPolicyFactory (ContainerPlacementPolicyFactory.java:getPolicy(55)) - Create container placement policy of type org.apache.hadoop.hdds.scm.container.placement.algorithms.SCMContainerPlacementRandom
2019-09-04 10:54:16,106 [main] WARN  server.ServerUtils (ServerUtils.java:getScmDbDir(145)) - ozone.scm.db.dirs is not configured. We recommend adding this setting. Falling back to ozone.metadata.dirs instead.
2019-09-04 10:54:16,174 [main] INFO  pipeline.SCMPipelineManager (SCMPipelineManager.java:initializePipelineState(128)) - No pipeline exists in current db
2019-09-04 10:54:16,177 [main] WARN  server.ServerUtils (ServerUtils.java:getScmDbDir(145)) - ozone.scm.db.dirs is not configured. We recommend adding this setting. Falling back to ozone.metadata.dirs instead.
2019-09-04 10:54:16,290 [main] WARN  events.EventQueue (EventQueue.java:fireEvent(183)) - No event handler registered for event TypedEvent{payloadType=SafeModeStatus, name='SafeModeStatus'}
2019-09-04 10:54:16,734 [main] INFO  ipc.CallQueueManager (CallQueueManager.java:<init>(84)) - Using callQueue: class java.util.concurrent.LinkedBlockingQueue, queueCapacity: 2000, scheduler: class org.apache.hadoop.ipc.DefaultRpcScheduler, ipcBackoff: false.
2019-09-04 10:54:16,886 [Socket Reader #1 for port 46691] INFO  ipc.Server (Server.java:run(1074)) - Starting Socket Reader #1 for port 46691
2019-09-04 10:54:16,920 [main] INFO  ipc.CallQueueManager (CallQueueManager.java:<init>(84)) - Using callQueue: class java.util.concurrent.LinkedBlockingQueue, queueCapacity: 2000, scheduler: class org.apache.hadoop.ipc.DefaultRpcScheduler, ipcBackoff: false.
2019-09-04 10:54:16,921 [Socket Reader #1 for port 36700] INFO  ipc.Server (Server.java:run(1074)) - Starting Socket Reader #1 for port 36700
2019-09-04 10:54:16,932 [main] INFO  ipc.CallQueueManager (CallQueueManager.java:<init>(84)) - Using callQueue: class java.util.concurrent.LinkedBlockingQueue, queueCapacity: 2000, scheduler: class org.apache.hadoop.ipc.DefaultRpcScheduler, ipcBackoff: false.
2019-09-04 10:54:16,933 [Socket Reader #1 for port 38085] INFO  ipc.Server (Server.java:run(1074)) - Starting Socket Reader #1 for port 38085
2019-09-04 10:54:16,965 [main] INFO  hdfs.DFSUtil (DFSUtil.java:httpServerTemplateForNNAndJN(1641)) - Starting Web-server for scm at: http://0.0.0.0:0
2019-09-04 10:54:17,149 [main] INFO  server.AuthenticationFilter (AuthenticationFilter.java:constructSecretProvider(240)) - Unable to initialize FileSignerSecretProvider, falling back to use random secrets.
2019-09-04 10:54:17,159 [main] WARN  http.HttpRequestLog (HttpRequestLog.java:getRequestLog(97)) - Jetty request log can only be enabled using Log4j
2019-09-04 10:54:17,169 [main] INFO  http.HttpServer2 (HttpServer2.java:addGlobalFilter(975)) - Added global filter 'safety' (class=org.apache.hadoop.http.HttpServer2$QuotingInputFilter)
2019-09-04 10:54:17,172 [main] INFO  http.HttpServer2 (HttpServer2.java:addFilter(948)) - Added filter static_user_filter (class=org.apache.hadoop.http.lib.StaticUserWebFilter$StaticUserFilter) to context scm
2019-09-04 10:54:17,172 [main] INFO  http.HttpServer2 (HttpServer2.java:addFilter(958)) - Added filter static_user_filter (class=org.apache.hadoop.http.lib.StaticUserWebFilter$StaticUserFilter) to context static
2019-09-04 10:54:17,172 [main] INFO  http.HttpServer2 (HttpServer2.java:addFilter(958)) - Added filter static_user_filter (class=org.apache.hadoop.http.lib.StaticUserWebFilter$StaticUserFilter) to context logs
2019-09-04 10:54:17,210 [main] INFO  server.StorageContainerManager (StorageContainerManager.java:start(759)) - StorageContainerLocationProtocol RPC server is listening at /0.0.0.0:38085
2019-09-04 10:54:17,298 [main] WARN  impl.MetricsConfig (MetricsConfig.java:loadFirst(134)) - Cannot locate configuration: tried hadoop-metrics2-storagecontainermanager.properties,hadoop-metrics2.properties
2019-09-04 10:54:17,314 [main] INFO  impl.MetricsSystemImpl (MetricsSystemImpl.java:startTimer(374)) - Scheduled Metric snapshot period at 10 second(s).
2019-09-04 10:54:17,315 [main] INFO  impl.MetricsSystemImpl (MetricsSystemImpl.java:start(191)) - StorageContainerManager metrics system started
2019-09-04 10:54:17,548 [main] INFO  server.SCMClientProtocolServer (SCMClientProtocolServer.java:start(151)) - RPC server for Client  is listening at /0.0.0.0:38085
2019-09-04 10:54:17,548 [IPC Server Responder] INFO  ipc.Server (Server.java:run(1314)) - IPC Server Responder: starting
2019-09-04 10:54:17,548 [IPC Server listener on 38085] INFO  ipc.Server (Server.java:run(1153)) - IPC Server listener on 38085: starting
2019-09-04 10:54:17,551 [main] INFO  server.StorageContainerManager (StorageContainerManager.java:start(769)) - ScmBlockLocationProtocol RPC server is listening at /0.0.0.0:36700
2019-09-04 10:54:17,553 [main] INFO  server.SCMBlockProtocolServer (SCMBlockProtocolServer.java:start(146)) - RPC server for Block Protocol is listening at /0.0.0.0:36700
2019-09-04 10:54:17,553 [IPC Server Responder] INFO  ipc.Server (Server.java:run(1314)) - IPC Server Responder: starting
2019-09-04 10:54:17,553 [IPC Server listener on 36700] INFO  ipc.Server (Server.java:run(1153)) - IPC Server listener on 36700: starting
2019-09-04 10:54:17,555 [main] INFO  server.StorageContainerManager (StorageContainerManager.java:start(773)) - ScmDatanodeProtocl RPC server is listening at /0.0.0.0:46691
2019-09-04 10:54:17,555 [main] INFO  server.SCMDatanodeProtocolServer (SCMDatanodeProtocolServer.java:start(191)) - RPC server for DataNodes is listening at /0.0.0.0:46691
2019-09-04 10:54:17,556 [IPC Server Responder] INFO  ipc.Server (Server.java:run(1314)) - IPC Server Responder: starting
2019-09-04 10:54:17,556 [IPC Server listener on 46691] INFO  ipc.Server (Server.java:run(1153)) - IPC Server listener on 46691: starting
2019-09-04 10:54:17,561 [main] INFO  http.HttpServer2 (HttpServer2.java:bindListener(1191)) - Jetty bound to port 41248
2019-09-04 10:54:17,565 [main] INFO  server.Server (Server.java:doStart(351)) - jetty-9.3.24.v20180605, build timestamp: 2018-06-05T17:11:56Z, git hash: 84205aa28f11a4f31f2a3b86d1bba2cc8ab69827
2019-09-04 10:54:17,623 [main] INFO  handler.ContextHandler (ContextHandler.java:doStart(781)) - Started o.e.j.s.ServletContextHandler@260e86a1{/logs,file:///workdir/hadoop-ozone/integration-test/target/log,AVAILABLE}
2019-09-04 10:54:17,624 [main] INFO  handler.ContextHandler (ContextHandler.java:doStart(781)) - Started o.e.j.s.ServletContextHandler@12bd8a64{/static,file:///workdir/hadoop-ozone/integration-test/target/test-classes/webapps/static,AVAILABLE}
2019-09-04 10:54:17,665 [main] INFO  handler.ContextHandler (ContextHandler.java:doStart(781)) - Started o.e.j.w.WebAppContext@4eeea57d{/,file:///workdir/hadoop-ozone/integration-test/target/test-classes/webapps/scm/,AVAILABLE}{/scm}
2019-09-04 10:54:17,671 [main] INFO  server.AbstractConnector (AbstractConnector.java:doStart(278)) - Started ServerConnector@6bc248ed{HTTP/1.1,[http/1.1]}{0.0.0.0:41248}
2019-09-04 10:54:17,671 [main] INFO  server.Server (Server.java:doStart(419)) - Started @4061ms
2019-09-04 10:54:17,674 [main] INFO  impl.MetricsSinkAdapter (MetricsSinkAdapter.java:start(204)) - Sink prometheus started
2019-09-04 10:54:17,674 [main] INFO  impl.MetricsSystemImpl (MetricsSystemImpl.java:registerSink(301)) - Registered sink prometheus
2019-09-04 10:54:17,676 [main] INFO  server.BaseHttpServer (BaseHttpServer.java:updateConnectorAddress(215)) - HTTP server of SCM is listening at http://0.0.0.0:41248
2019-09-04 10:54:17,681 [org.apache.hadoop.util.JvmPauseMonitor$Monitor@3af4e0bf] INFO  util.JvmPauseMonitor (JvmPauseMonitor.java:run(188)) - Starting JVM pause monitor
2019-09-04 10:54:17,685 [main] WARN  server.ServerUtils (ServerUtils.java:getDBPath(222)) - ozone.om.db.dirs is not configured. We recommend adding this setting. Falling back to ozone.metadata.dirs instead.
2019-09-04 10:54:17,811 [main] WARN  server.ServerUtils (ServerUtils.java:getDBPath(222)) - ozone.om.db.dirs is not configured. We recommend adding this setting. Falling back to ozone.metadata.dirs instead.
2019-09-04 10:54:17,814 [main] WARN  server.ServerUtils (ServerUtils.java:getDBPath(222)) - ozone.om.db.dirs is not configured. We recommend adding this setting. Falling back to ozone.metadata.dirs instead.
2019-09-04 10:54:17,815 [main] INFO  om.OzoneManager (OzoneManager.java:setOMNodeDetails(649)) - OM Service ID is not set. Setting it to the default ID: omServiceIdDefault
2019-09-04 10:54:17,815 [main] INFO  om.OzoneManager (OzoneManager.java:setOMNodeDetails(655)) - OM Node ID is not set. Setting it to the OmStorage's OmID: 8fc82d1b-fc2e-4c0e-b972-6f4c01425f85
2019-09-04 10:54:17,817 [main] INFO  om.OzoneManager (OzoneManager.java:loadOMHAConfigs(606)) - Found matching OM address with OMServiceId: null, OMNodeId: null, RPC Address: localhost:0 and Ratis port: 9872
2019-09-04 10:54:18,543 [main] WARN  server.ServerUtils (ServerUtils.java:getDBPath(222)) - ozone.om.db.dirs is not configured. We recommend adding this setting. Falling back to ozone.metadata.dirs instead.
2019-09-04 10:54:18,551 [main] INFO  db.DBStoreBuilder (DBStoreBuilder.java:addTable(110)) - using custom profile for table: userTable
2019-09-04 10:54:18,551 [main] INFO  db.DBStoreBuilder (DBStoreBuilder.java:processTables(161)) - Using default column profile:DBProfile.DISK for Table:userTable
2019-09-04 10:54:18,551 [main] INFO  db.DBStoreBuilder (DBStoreBuilder.java:addTable(110)) - using custom profile for table: volumeTable
2019-09-04 10:54:18,552 [main] INFO  db.DBStoreBuilder (DBStoreBuilder.java:processTables(161)) - Using default column profile:DBProfile.DISK for Table:volumeTable
2019-09-04 10:54:18,552 [main] INFO  db.DBStoreBuilder (DBStoreBuilder.java:addTable(110)) - using custom profile for table: bucketTable
2019-09-04 10:54:18,552 [main] INFO  db.DBStoreBuilder (DBStoreBuilder.java:processTables(161)) - Using default column profile:DBProfile.DISK for Table:bucketTable
2019-09-04 10:54:18,552 [main] INFO  db.DBStoreBuilder (DBStoreBuilder.java:addTable(110)) - using custom profile for table: keyTable
2019-09-04 10:54:18,553 [main] INFO  db.DBStoreBuilder (DBStoreBuilder.java:processTables(161)) - Using default column profile:DBProfile.DISK for Table:keyTable
2019-09-04 10:54:18,553 [main] INFO  db.DBStoreBuilder (DBStoreBuilder.java:addTable(110)) - using custom profile for table: deletedTable
2019-09-04 10:54:18,553 [main] INFO  db.DBStoreBuilder (DBStoreBuilder.java:processTables(161)) - Using default column profile:DBProfile.DISK for Table:deletedTable
2019-09-04 10:54:18,553 [main] INFO  db.DBStoreBuilder (DBStoreBuilder.java:addTable(110)) - using custom profile for table: openKeyTable
2019-09-04 10:54:18,554 [main] INFO  db.DBStoreBuilder (DBStoreBuilder.java:processTables(161)) - Using default column profile:DBProfile.DISK for Table:openKeyTable
2019-09-04 10:54:18,554 [main] INFO  db.DBStoreBuilder (DBStoreBuilder.java:addTable(110)) - using custom profile for table: s3Table
2019-09-04 10:54:18,554 [main] INFO  db.DBStoreBuilder (DBStoreBuilder.java:processTables(161)) - Using default column profile:DBProfile.DISK for Table:s3Table
2019-09-04 10:54:18,554 [main] INFO  db.DBStoreBuilder (DBStoreBuilder.java:addTable(110)) - using custom profile for table: multipartInfoTable
2019-09-04 10:54:18,554 [main] INFO  db.DBStoreBuilder (DBStoreBuilder.java:processTables(161)) - Using default column profile:DBProfile.DISK for Table:multipartInfoTable
2019-09-04 10:54:18,555 [main] INFO  db.DBStoreBuilder (DBStoreBuilder.java:addTable(110)) - using custom profile for table: dTokenTable
2019-09-04 10:54:18,555 [main] INFO  db.DBStoreBuilder (DBStoreBuilder.java:processTables(161)) - Using default column profile:DBProfile.DISK for Table:dTokenTable
2019-09-04 10:54:18,555 [main] INFO  db.DBStoreBuilder (DBStoreBuilder.java:addTable(110)) - using custom profile for table: s3SecretTable
2019-09-04 10:54:18,555 [main] INFO  db.DBStoreBuilder (DBStoreBuilder.java:processTables(161)) - Using default column profile:DBProfile.DISK for Table:s3SecretTable
2019-09-04 10:54:18,556 [main] INFO  db.DBStoreBuilder (DBStoreBuilder.java:addTable(110)) - using custom profile for table: prefixTable
2019-09-04 10:54:18,556 [main] INFO  db.DBStoreBuilder (DBStoreBuilder.java:processTables(161)) - Using default column profile:DBProfile.DISK for Table:prefixTable
2019-09-04 10:54:18,556 [main] INFO  db.DBStoreBuilder (DBStoreBuilder.java:addTable(110)) - using custom profile for table: default
2019-09-04 10:54:18,556 [main] INFO  db.DBStoreBuilder (DBStoreBuilder.java:processTables(167)) - Using default column profile:DBProfile.DISK for Table:default
2019-09-04 10:54:18,557 [main] INFO  db.DBStoreBuilder (DBStoreBuilder.java:getDbProfile(198)) - Using default options. DBProfile.DISK
2019-09-04 10:54:19,149 [main] INFO  ipc.CallQueueManager (CallQueueManager.java:<init>(84)) - Using callQueue: class java.util.concurrent.LinkedBlockingQueue, queueCapacity: 2000, scheduler: class org.apache.hadoop.ipc.DefaultRpcScheduler, ipcBackoff: false.
2019-09-04 10:54:19,150 [Socket Reader #1 for port 45369] INFO  ipc.Server (Server.java:run(1074)) - Starting Socket Reader #1 for port 45369
2019-09-04 10:54:19,172 [main] INFO  om.OzoneManager (OzoneManager.java:start(1240)) - OzoneManager RPC server is listening at localhost/127.0.0.1:45369
2019-09-04 10:54:19,172 [main] INFO  impl.MetricsSystemImpl (MetricsSystemImpl.java:init(158)) - OzoneManager metrics system started (again)
2019-09-04 10:54:19,173 [IPC Server Responder] INFO  ipc.Server (Server.java:run(1314)) - IPC Server Responder: starting
2019-09-04 10:54:19,173 [IPC Server listener on 45369] INFO  ipc.Server (Server.java:run(1153)) - IPC Server listener on 45369: starting
2019-09-04 10:54:19,181 [main] INFO  hdfs.DFSUtil (DFSUtil.java:httpServerTemplateForNNAndJN(1641)) - Starting Web-server for ozoneManager at: http://0.0.0.0:0
2019-09-04 10:54:19,183 [main] INFO  server.AuthenticationFilter (AuthenticationFilter.java:constructSecretProvider(240)) - Unable to initialize FileSignerSecretProvider, falling back to use random secrets.
2019-09-04 10:54:19,184 [main] WARN  http.HttpRequestLog (HttpRequestLog.java:getRequestLog(97)) - Jetty request log can only be enabled using Log4j
2019-09-04 10:54:19,187 [main] INFO  http.HttpServer2 (HttpServer2.java:addGlobalFilter(975)) - Added global filter 'safety' (class=org.apache.hadoop.http.HttpServer2$QuotingInputFilter)
2019-09-04 10:54:19,188 [main] INFO  http.HttpServer2 (HttpServer2.java:addFilter(948)) - Added filter static_user_filter (class=org.apache.hadoop.http.lib.StaticUserWebFilter$StaticUserFilter) to context ozoneManager
2019-09-04 10:54:19,189 [main] INFO  http.HttpServer2 (HttpServer2.java:addFilter(958)) - Added filter static_user_filter (class=org.apache.hadoop.http.lib.StaticUserWebFilter$StaticUserFilter) to context static
2019-09-04 10:54:19,189 [main] INFO  http.HttpServer2 (HttpServer2.java:addFilter(958)) - Added filter static_user_filter (class=org.apache.hadoop.http.lib.StaticUserWebFilter$StaticUserFilter) to context logs
2019-09-04 10:54:19,192 [main] INFO  http.HttpServer2 (HttpServer2.java:bindListener(1191)) - Jetty bound to port 34691
2019-09-04 10:54:19,192 [main] INFO  server.Server (Server.java:doStart(351)) - jetty-9.3.24.v20180605, build timestamp: 2018-06-05T17:11:56Z, git hash: 84205aa28f11a4f31f2a3b86d1bba2cc8ab69827
2019-09-04 10:54:19,195 [main] INFO  handler.ContextHandler (ContextHandler.java:doStart(781)) - Started o.e.j.s.ServletContextHandler@5cf8edcf{/logs,file:///workdir/hadoop-ozone/integration-test/target/log,AVAILABLE}
2019-09-04 10:54:19,196 [main] INFO  handler.ContextHandler (ContextHandler.java:doStart(781)) - Started o.e.j.s.ServletContextHandler@629f066f{/static,file:///workdir/hadoop-ozone/integration-test/target/test-classes/webapps/static,AVAILABLE}
2019-09-04 10:54:19,202 [main] INFO  handler.ContextHandler (ContextHandler.java:doStart(781)) - Started o.e.j.w.WebAppContext@1cbb3d3b{/,file:///workdir/hadoop-ozone/integration-test/target/test-classes/webapps/ozoneManager/,AVAILABLE}{/ozoneManager}
2019-09-04 10:54:19,204 [main] INFO  server.AbstractConnector (AbstractConnector.java:doStart(278)) - Started ServerConnector@529cfee5{HTTP/1.1,[http/1.1]}{0.0.0.0:34691}
2019-09-04 10:54:19,205 [main] INFO  server.Server (Server.java:doStart(419)) - Started @5594ms
2019-09-04 10:54:19,205 [main] WARN  impl.MetricsSystemImpl (MetricsSystemImpl.java:register(276)) - Sink prometheus already exists!
2019-09-04 10:54:19,206 [main] INFO  server.BaseHttpServer (BaseHttpServer.java:updateConnectorAddress(215)) - HTTP server of OZONEMANAGER is listening at http://0.0.0.0:34691
2019-09-04 10:54:19,503 [main] INFO  impl.MetricsSystemImpl (MetricsSystemImpl.java:init(158)) - HddsDatanode metrics system started (again)
2019-09-04 10:54:19,553 [main] INFO  ozone.HddsDatanodeService (HddsDatanodeService.java:start(184)) - HddsDatanodeService host:pr-hdds-1982-decom-states-67zng-3388626213 ip:192.168.5.153
2019-09-04 10:54:19,596 [main] INFO  volume.HddsVolume (HddsVolume.java:<init>(176)) - Creating Volume: /workdir/hadoop-ozone/integration-test/target/test-dir/MiniOzoneClusterImpl-ef69ce0e-7233-4eeb-a967-488b402a98c8/datanode-0/data/containers/hdds of  storage type : DISK and capacity : 1482555576320
2019-09-04 10:54:19,599 [main] INFO  volume.VolumeSet (VolumeSet.java:initializeVolumeSet(170)) - Added Volume : /workdir/hadoop-ozone/integration-test/target/test-dir/MiniOzoneClusterImpl-ef69ce0e-7233-4eeb-a967-488b402a98c8/datanode-0/data/containers/hdds to VolumeSet
2019-09-04 10:54:19,603 [main] INFO  volume.ThrottledAsyncChecker (ThrottledAsyncChecker.java:schedule(140)) - Scheduling a check for org.apache.hadoop.ozone.container.common.volume.HddsVolume@3cee53dc
2019-09-04 10:54:19,624 [main] INFO  volume.HddsVolumeChecker (HddsVolumeChecker.java:checkAllVolumes(203)) - Scheduled health check for volume org.apache.hadoop.ozone.container.common.volume.HddsVolume@3cee53dc
2019-09-04 10:54:19,755 [main] INFO  impl.RaftServerProxy (ConfUtils.java:logGet(43)) - raft.rpc.type = GRPC (default)
2019-09-04 10:54:19,826 [main] INFO  grpc.GrpcFactory (GrpcFactory.java:checkPooledByteBufAllocatorUseCacheForAllThreads(45)) - PERFORMANCE WARNING: useCacheForAllThreads is true that may cause Netty to create a lot garbage objects and, as a result, trigger GC.
	It is recommended to disable useCacheForAllThreads by setting -Dorg.apache.ratis.thirdparty.io.netty.allocator.useCacheForAllThreads=false in command line.
2019-09-04 10:54:19,831 [main] INFO  grpc.GrpcConfigKeys$Server (ConfUtils.java:logGet(43)) - raft.grpc.server.port = 0 (default)
2019-09-04 10:54:19,832 [main] INFO  server.GrpcService (ConfUtils.java:logGet(43)) - raft.grpc.message.size.max = 33570816 (custom)
2019-09-04 10:54:19,833 [main] INFO  server.RaftServerConfigKeys (ConfUtils.java:logGet(43)) - raft.server.log.appender.buffer.byte-limit = 33554432 (custom)
2019-09-04 10:54:19,834 [main] INFO  server.GrpcService (ConfUtils.java:logGet(43)) - raft.grpc.flow.control.window = 1MB (=1048576) (default)
2019-09-04 10:54:19,835 [main] INFO  server.RaftServerConfigKeys (ConfUtils.java:logGet(43)) - raft.server.rpc.request.timeout = 3000ms (default)
2019-09-04 10:54:20,002 [main] INFO  server.RaftServerConfigKeys (ConfUtils.java:logGet(43)) - raft.server.storage.dir = [/workdir/hadoop-ozone/integration-test/target/test-dir/MiniOzoneClusterImpl-ef69ce0e-7233-4eeb-a967-488b402a98c8/datanode-0/data/ratis] (custom)
2019-09-04 10:54:20,085 [main] INFO  hdfs.DFSUtil (DFSUtil.java:httpServerTemplateForNNAndJN(1641)) - Starting Web-server for hddsDatanode at: http://0.0.0.0:0
2019-09-04 10:54:20,088 [main] INFO  server.AuthenticationFilter (AuthenticationFilter.java:constructSecretProvider(240)) - Unable to initialize FileSignerSecretProvider, falling back to use random secrets.
2019-09-04 10:54:20,089 [main] WARN  http.HttpRequestLog (HttpRequestLog.java:getRequestLog(97)) - Jetty request log can only be enabled using Log4j
2019-09-04 10:54:20,092 [main] INFO  http.HttpServer2 (HttpServer2.java:addGlobalFilter(975)) - Added global filter 'safety' (class=org.apache.hadoop.http.HttpServer2$QuotingInputFilter)
2019-09-04 10:54:20,093 [main] INFO  http.HttpServer2 (HttpServer2.java:addFilter(948)) - Added filter static_user_filter (class=org.apache.hadoop.http.lib.StaticUserWebFilter$StaticUserFilter) to context hddsDatanode
2019-09-04 10:54:20,093 [main] INFO  http.HttpServer2 (HttpServer2.java:addFilter(958)) - Added filter static_user_filter (class=org.apache.hadoop.http.lib.StaticUserWebFilter$StaticUserFilter) to context logs
2019-09-04 10:54:20,093 [main] INFO  http.HttpServer2 (HttpServer2.java:addFilter(958)) - Added filter static_user_filter (class=org.apache.hadoop.http.lib.StaticUserWebFilter$StaticUserFilter) to context static
2019-09-04 10:54:20,095 [main] INFO  http.HttpServer2 (HttpServer2.java:bindListener(1191)) - Jetty bound to port 33772
2019-09-04 10:54:20,096 [main] INFO  server.Server (Server.java:doStart(351)) - jetty-9.3.24.v20180605, build timestamp: 2018-06-05T17:11:56Z, git hash: 84205aa28f11a4f31f2a3b86d1bba2cc8ab69827
2019-09-04 10:54:20,098 [main] INFO  handler.ContextHandler (ContextHandler.java:doStart(781)) - Started o.e.j.s.ServletContextHandler@38d17d80{/logs,file:///workdir/hadoop-ozone/integration-test/target/log,AVAILABLE}
2019-09-04 10:54:20,099 [main] INFO  handler.ContextHandler (ContextHandler.java:doStart(781)) - Started o.e.j.s.ServletContextHandler@66273da0{/static,jar:file:/home/user/.m2/repository/org/apache/hadoop/hadoop-hdds-container-service/0.5.0-SNAPSHOT/hadoop-hdds-container-service-0.5.0-SNAPSHOT.jar!/webapps/static,AVAILABLE}
2019-09-04 10:54:20,142 [main] INFO  handler.ContextHandler (ContextHandler.java:doStart(781)) - Started o.e.j.w.WebAppContext@26f46fa6{/,file:///tmp/jetty-0.0.0.0-33772-hddsDatanode-_-any-2616173017061779668.dir/webapp/,AVAILABLE}{/hddsDatanode}
2019-09-04 10:54:20,144 [main] INFO  server.AbstractConnector (AbstractConnector.java:doStart(278)) - Started ServerConnector@227a47{HTTP/1.1,[http/1.1]}{0.0.0.0:33772}
2019-09-04 10:54:20,144 [main] INFO  server.Server (Server.java:doStart(419)) - Started @6533ms
2019-09-04 10:54:20,144 [main] WARN  impl.MetricsSystemImpl (MetricsSystemImpl.java:register(276)) - Sink prometheus already exists!
2019-09-04 10:54:20,145 [main] INFO  server.BaseHttpServer (BaseHttpServer.java:updateConnectorAddress(215)) - HTTP server of HDDSDATANODE is listening at http://0.0.0.0:33772
2019-09-04 10:54:20,147 [main] INFO  impl.MetricsSystemImpl (MetricsSystemImpl.java:init(158)) - HddsDatanode metrics system started (again)
2019-09-04 10:54:20,150 [main] INFO  ozone.HddsDatanodeService (HddsDatanodeService.java:start(184)) - HddsDatanodeService host:pr-hdds-1982-decom-states-67zng-3388626213 ip:192.168.5.153
2019-09-04 10:54:20,152 [org.apache.hadoop.util.JvmPauseMonitor$Monitor@5f076fb2] INFO  util.JvmPauseMonitor (JvmPauseMonitor.java:run(188)) - Starting JVM pause monitor
2019-09-04 10:54:20,158 [main] INFO  volume.HddsVolume (HddsVolume.java:<init>(176)) - Creating Volume: /workdir/hadoop-ozone/integration-test/target/test-dir/MiniOzoneClusterImpl-ef69ce0e-7233-4eeb-a967-488b402a98c8/datanode-1/data/containers/hdds of  storage type : DISK and capacity : 1482555576320
2019-09-04 10:54:20,158 [main] INFO  volume.VolumeSet (VolumeSet.java:initializeVolumeSet(170)) - Added Volume : /workdir/hadoop-ozone/integration-test/target/test-dir/MiniOzoneClusterImpl-ef69ce0e-7233-4eeb-a967-488b402a98c8/datanode-1/data/containers/hdds to VolumeSet
2019-09-04 10:54:20,159 [main] INFO  volume.ThrottledAsyncChecker (ThrottledAsyncChecker.java:schedule(140)) - Scheduling a check for org.apache.hadoop.ozone.container.common.volume.HddsVolume@5b852b49
2019-09-04 10:54:20,160 [main] INFO  volume.HddsVolumeChecker (HddsVolumeChecker.java:checkAllVolumes(203)) - Scheduled health check for volume org.apache.hadoop.ozone.container.common.volume.HddsVolume@5b852b49
2019-09-04 10:54:20,175 [main] INFO  impl.RaftServerProxy (ConfUtils.java:logGet(43)) - raft.rpc.type = GRPC (default)
2019-09-04 10:54:20,176 [main] INFO  grpc.GrpcFactory (GrpcFactory.java:checkPooledByteBufAllocatorUseCacheForAllThreads(45)) - PERFORMANCE WARNING: useCacheForAllThreads is true that may cause Netty to create a lot garbage objects and, as a result, trigger GC.
	It is recommended to disable useCacheForAllThreads by setting -Dorg.apache.ratis.thirdparty.io.netty.allocator.useCacheForAllThreads=false in command line.
2019-09-04 10:54:20,176 [main] INFO  grpc.GrpcConfigKeys$Server (ConfUtils.java:logGet(43)) - raft.grpc.server.port = 0 (default)
2019-09-04 10:54:20,176 [main] INFO  server.GrpcService (ConfUtils.java:logGet(43)) - raft.grpc.message.size.max = 33570816 (custom)
2019-09-04 10:54:20,176 [main] INFO  server.RaftServerConfigKeys (ConfUtils.java:logGet(43)) - raft.server.log.appender.buffer.byte-limit = 33554432 (custom)
2019-09-04 10:54:20,177 [main] INFO  server.GrpcService (ConfUtils.java:logGet(43)) - raft.grpc.flow.control.window = 1MB (=1048576) (default)
2019-09-04 10:54:20,177 [main] INFO  server.RaftServerConfigKeys (ConfUtils.java:logGet(43)) - raft.server.rpc.request.timeout = 3000ms (default)
2019-09-04 10:54:20,178 [main] INFO  server.RaftServerConfigKeys (ConfUtils.java:logGet(43)) - raft.server.storage.dir = [/workdir/hadoop-ozone/integration-test/target/test-dir/MiniOzoneClusterImpl-ef69ce0e-7233-4eeb-a967-488b402a98c8/datanode-1/data/ratis] (custom)
2019-09-04 10:54:20,179 [main] INFO  hdfs.DFSUtil (DFSUtil.java:httpServerTemplateForNNAndJN(1641)) - Starting Web-server for hddsDatanode at: http://0.0.0.0:0
2019-09-04 10:54:20,181 [main] INFO  server.AuthenticationFilter (AuthenticationFilter.java:constructSecretProvider(240)) - Unable to initialize FileSignerSecretProvider, falling back to use random secrets.
2019-09-04 10:54:20,182 [main] WARN  http.HttpRequestLog (HttpRequestLog.java:getRequestLog(97)) - Jetty request log can only be enabled using Log4j
2019-09-04 10:54:20,184 [main] INFO  http.HttpServer2 (HttpServer2.java:addGlobalFilter(975)) - Added global filter 'safety' (class=org.apache.hadoop.http.HttpServer2$QuotingInputFilter)
2019-09-04 10:54:20,185 [main] INFO  http.HttpServer2 (HttpServer2.java:addFilter(948)) - Added filter static_user_filter (class=org.apache.hadoop.http.lib.StaticUserWebFilter$StaticUserFilter) to context hddsDatanode
2019-09-04 10:54:20,185 [main] INFO  http.HttpServer2 (HttpServer2.java:addFilter(958)) - Added filter static_user_filter (class=org.apache.hadoop.http.lib.StaticUserWebFilter$StaticUserFilter) to context static
2019-09-04 10:54:20,185 [main] INFO  http.HttpServer2 (HttpServer2.java:addFilter(958)) - Added filter static_user_filter (class=org.apache.hadoop.http.lib.StaticUserWebFilter$StaticUserFilter) to context logs
2019-09-04 10:54:20,186 [main] INFO  http.HttpServer2 (HttpServer2.java:bindListener(1191)) - Jetty bound to port 38732
2019-09-04 10:54:20,186 [main] INFO  server.Server (Server.java:doStart(351)) - jetty-9.3.24.v20180605, build timestamp: 2018-06-05T17:11:56Z, git hash: 84205aa28f11a4f31f2a3b86d1bba2cc8ab69827
2019-09-04 10:54:20,191 [main] INFO  handler.ContextHandler (ContextHandler.java:doStart(781)) - Started o.e.j.s.ServletContextHandler@46963479{/logs,file:///workdir/hadoop-ozone/integration-test/target/log,AVAILABLE}
2019-09-04 10:54:20,192 [main] INFO  handler.ContextHandler (ContextHandler.java:doStart(781)) - Started o.e.j.s.ServletContextHandler@6dd1c3ed{/static,jar:file:/home/user/.m2/repository/org/apache/hadoop/hadoop-hdds-container-service/0.5.0-SNAPSHOT/hadoop-hdds-container-service-0.5.0-SNAPSHOT.jar!/webapps/static,AVAILABLE}
2019-09-04 10:54:20,221 [main] INFO  handler.ContextHandler (ContextHandler.java:doStart(781)) - Started o.e.j.w.WebAppContext@3ed7821{/,file:///tmp/jetty-0.0.0.0-38732-hddsDatanode-_-any-8636071328434641490.dir/webapp/,AVAILABLE}{/hddsDatanode}
2019-09-04 10:54:20,223 [main] INFO  server.AbstractConnector (AbstractConnector.java:doStart(278)) - Started ServerConnector@3bbf841e{HTTP/1.1,[http/1.1]}{0.0.0.0:38732}
2019-09-04 10:54:20,224 [main] INFO  server.Server (Server.java:doStart(419)) - Started @6613ms
2019-09-04 10:54:20,224 [main] WARN  impl.MetricsSystemImpl (MetricsSystemImpl.java:register(276)) - Sink prometheus already exists!
2019-09-04 10:54:20,225 [main] INFO  server.BaseHttpServer (BaseHttpServer.java:updateConnectorAddress(215)) - HTTP server of HDDSDATANODE is listening at http://0.0.0.0:38732
2019-09-04 10:54:20,225 [main] INFO  impl.MetricsSystemImpl (MetricsSystemImpl.java:init(158)) - HddsDatanode metrics system started (again)
2019-09-04 10:54:20,228 [main] INFO  ozone.HddsDatanodeService (HddsDatanodeService.java:start(184)) - HddsDatanodeService host:pr-hdds-1982-decom-states-67zng-3388626213 ip:192.168.5.153
2019-09-04 10:54:20,229 [org.apache.hadoop.util.JvmPauseMonitor$Monitor@69b1dcfe] INFO  util.JvmPauseMonitor (JvmPauseMonitor.java:run(188)) - Starting JVM pause monitor
2019-09-04 10:54:20,238 [main] INFO  volume.HddsVolume (HddsVolume.java:<init>(176)) - Creating Volume: /workdir/hadoop-ozone/integration-test/target/test-dir/MiniOzoneClusterImpl-ef69ce0e-7233-4eeb-a967-488b402a98c8/datanode-2/data/containers/hdds of  storage type : DISK and capacity : 1482555576320
2019-09-04 10:54:20,238 [main] INFO  volume.VolumeSet (VolumeSet.java:initializeVolumeSet(170)) - Added Volume : /workdir/hadoop-ozone/integration-test/target/test-dir/MiniOzoneClusterImpl-ef69ce0e-7233-4eeb-a967-488b402a98c8/datanode-2/data/containers/hdds to VolumeSet
2019-09-04 10:54:20,238 [main] INFO  volume.ThrottledAsyncChecker (ThrottledAsyncChecker.java:schedule(140)) - Scheduling a check for org.apache.hadoop.ozone.container.common.volume.HddsVolume@a451491
2019-09-04 10:54:20,239 [main] INFO  volume.HddsVolumeChecker (HddsVolumeChecker.java:checkAllVolumes(203)) - Scheduled health check for volume org.apache.hadoop.ozone.container.common.volume.HddsVolume@a451491
2019-09-04 10:54:20,251 [main] INFO  impl.RaftServerProxy (ConfUtils.java:logGet(43)) - raft.rpc.type = GRPC (default)
2019-09-04 10:54:20,251 [main] INFO  grpc.GrpcFactory (GrpcFactory.java:checkPooledByteBufAllocatorUseCacheForAllThreads(45)) - PERFORMANCE WARNING: useCacheForAllThreads is true that may cause Netty to create a lot garbage objects and, as a result, trigger GC.
	It is recommended to disable useCacheForAllThreads by setting -Dorg.apache.ratis.thirdparty.io.netty.allocator.useCacheForAllThreads=false in command line.
2019-09-04 10:54:20,251 [main] INFO  grpc.GrpcConfigKeys$Server (ConfUtils.java:logGet(43)) - raft.grpc.server.port = 0 (default)
2019-09-04 10:54:20,251 [main] INFO  server.GrpcService (ConfUtils.java:logGet(43)) - raft.grpc.message.size.max = 33570816 (custom)
2019-09-04 10:54:20,251 [main] INFO  server.RaftServerConfigKeys (ConfUtils.java:logGet(43)) - raft.server.log.appender.buffer.byte-limit = 33554432 (custom)
2019-09-04 10:54:20,252 [main] INFO  server.GrpcService (ConfUtils.java:logGet(43)) - raft.grpc.flow.control.window = 1MB (=1048576) (default)
2019-09-04 10:54:20,252 [main] INFO  server.RaftServerConfigKeys (ConfUtils.java:logGet(43)) - raft.server.rpc.request.timeout = 3000ms (default)
2019-09-04 10:54:20,252 [main] INFO  server.RaftServerConfigKeys (ConfUtils.java:logGet(43)) - raft.server.storage.dir = [/workdir/hadoop-ozone/integration-test/target/test-dir/MiniOzoneClusterImpl-ef69ce0e-7233-4eeb-a967-488b402a98c8/datanode-2/data/ratis] (custom)
2019-09-04 10:54:20,256 [main] INFO  hdfs.DFSUtil (DFSUtil.java:httpServerTemplateForNNAndJN(1641)) - Starting Web-server for hddsDatanode at: http://0.0.0.0:0
2019-09-04 10:54:20,258 [main] INFO  server.AuthenticationFilter (AuthenticationFilter.java:constructSecretProvider(240)) - Unable to initialize FileSignerSecretProvider, falling back to use random secrets.
2019-09-04 10:54:20,258 [main] WARN  http.HttpRequestLog (HttpRequestLog.java:getRequestLog(97)) - Jetty request log can only be enabled using Log4j
2019-09-04 10:54:20,260 [main] INFO  http.HttpServer2 (HttpServer2.java:addGlobalFilter(975)) - Added global filter 'safety' (class=org.apache.hadoop.http.HttpServer2$QuotingInputFilter)
2019-09-04 10:54:20,260 [main] INFO  http.HttpServer2 (HttpServer2.java:addFilter(948)) - Added filter static_user_filter (class=org.apache.hadoop.http.lib.StaticUserWebFilter$StaticUserFilter) to context hddsDatanode
2019-09-04 10:54:20,260 [main] INFO  http.HttpServer2 (HttpServer2.java:addFilter(958)) - Added filter static_user_filter (class=org.apache.hadoop.http.lib.StaticUserWebFilter$StaticUserFilter) to context logs
2019-09-04 10:54:20,261 [main] INFO  http.HttpServer2 (HttpServer2.java:addFilter(958)) - Added filter static_user_filter (class=org.apache.hadoop.http.lib.StaticUserWebFilter$StaticUserFilter) to context static
2019-09-04 10:54:20,261 [main] INFO  http.HttpServer2 (HttpServer2.java:bindListener(1191)) - Jetty bound to port 38667
2019-09-04 10:54:20,261 [main] INFO  server.Server (Server.java:doStart(351)) - jetty-9.3.24.v20180605, build timestamp: 2018-06-05T17:11:56Z, git hash: 84205aa28f11a4f31f2a3b86d1bba2cc8ab69827
2019-09-04 10:54:20,263 [main] INFO  handler.ContextHandler (ContextHandler.java:doStart(781)) - Started o.e.j.s.ServletContextHandler@6cc86152{/logs,file:///workdir/hadoop-ozone/integration-test/target/log,AVAILABLE}
2019-09-04 10:54:20,264 [main] INFO  handler.ContextHandler (ContextHandler.java:doStart(781)) - Started o.e.j.s.ServletContextHandler@7cbeac65{/static,jar:file:/home/user/.m2/repository/org/apache/hadoop/hadoop-hdds-container-service/0.5.0-SNAPSHOT/hadoop-hdds-container-service-0.5.0-SNAPSHOT.jar!/webapps/static,AVAILABLE}
2019-09-04 10:54:20,268 [Datanode State Machine Thread - 0] INFO  datanode.InitDatanodeState (InitDatanodeState.java:persistContainerDatanodeDetails(140)) - DatanodeDetails is persisted to /workdir/hadoop-ozone/integration-test/target/test-dir/MiniOzoneClusterImpl-ef69ce0e-7233-4eeb-a967-488b402a98c8/datanode-0/meta/datanode.id
2019-09-04 10:54:20,273 [Datanode State Machine Thread - 0] INFO  datanode.InitDatanodeState (InitDatanodeState.java:persistContainerDatanodeDetails(140)) - DatanodeDetails is persisted to /workdir/hadoop-ozone/integration-test/target/test-dir/MiniOzoneClusterImpl-ef69ce0e-7233-4eeb-a967-488b402a98c8/datanode-1/meta/datanode.id
2019-09-04 10:54:20,292 [main] INFO  handler.ContextHandler (ContextHandler.java:doStart(781)) - Started o.e.j.w.WebAppContext@1cd3b138{/,file:///tmp/jetty-0.0.0.0-38667-hddsDatanode-_-any-1572973236299166877.dir/webapp/,AVAILABLE}{/hddsDatanode}
2019-09-04 10:54:20,293 [main] INFO  server.AbstractConnector (AbstractConnector.java:doStart(278)) - Started ServerConnector@151bf776{HTTP/1.1,[http/1.1]}{0.0.0.0:38667}
2019-09-04 10:54:20,293 [main] INFO  server.Server (Server.java:doStart(419)) - Started @6683ms
2019-09-04 10:54:20,293 [main] WARN  impl.MetricsSystemImpl (MetricsSystemImpl.java:register(276)) - Sink prometheus already exists!
2019-09-04 10:54:20,295 [main] INFO  server.BaseHttpServer (BaseHttpServer.java:updateConnectorAddress(215)) - HTTP server of HDDSDATANODE is listening at http://0.0.0.0:38667
2019-09-04 10:54:20,296 [main] INFO  impl.MetricsSystemImpl (MetricsSystemImpl.java:init(158)) - HddsDatanode metrics system started (again)
2019-09-04 10:54:20,298 [org.apache.hadoop.util.JvmPauseMonitor$Monitor@6a3d35d2] INFO  util.JvmPauseMonitor (JvmPauseMonitor.java:run(188)) - Starting JVM pause monitor
2019-09-04 10:54:20,298 [main] INFO  ozone.HddsDatanodeService (HddsDatanodeService.java:start(184)) - HddsDatanodeService host:pr-hdds-1982-decom-states-67zng-3388626213 ip:192.168.5.153
2019-09-04 10:54:20,301 [Datanode State Machine Thread - 0] INFO  datanode.InitDatanodeState (InitDatanodeState.java:persistContainerDatanodeDetails(140)) - DatanodeDetails is persisted to /workdir/hadoop-ozone/integration-test/target/test-dir/MiniOzoneClusterImpl-ef69ce0e-7233-4eeb-a967-488b402a98c8/datanode-2/meta/datanode.id
2019-09-04 10:54:20,307 [main] INFO  volume.HddsVolume (HddsVolume.java:<init>(176)) - Creating Volume: /workdir/hadoop-ozone/integration-test/target/test-dir/MiniOzoneClusterImpl-ef69ce0e-7233-4eeb-a967-488b402a98c8/datanode-3/data/containers/hdds of  storage type : DISK and capacity : 1482555576320
2019-09-04 10:54:20,308 [main] INFO  volume.VolumeSet (VolumeSet.java:initializeVolumeSet(170)) - Added Volume : /workdir/hadoop-ozone/integration-test/target/test-dir/MiniOzoneClusterImpl-ef69ce0e-7233-4eeb-a967-488b402a98c8/datanode-3/data/containers/hdds to VolumeSet
2019-09-04 10:54:20,308 [main] INFO  volume.ThrottledAsyncChecker (ThrottledAsyncChecker.java:schedule(140)) - Scheduling a check for org.apache.hadoop.ozone.container.common.volume.HddsVolume@59cda16e
2019-09-04 10:54:20,308 [main] INFO  volume.HddsVolumeChecker (HddsVolumeChecker.java:checkAllVolumes(203)) - Scheduled health check for volume org.apache.hadoop.ozone.container.common.volume.HddsVolume@59cda16e
2019-09-04 10:54:20,323 [main] INFO  impl.RaftServerProxy (ConfUtils.java:logGet(43)) - raft.rpc.type = GRPC (default)
2019-09-04 10:54:20,323 [main] INFO  grpc.GrpcFactory (GrpcFactory.java:checkPooledByteBufAllocatorUseCacheForAllThreads(45)) - PERFORMANCE WARNING: useCacheForAllThreads is true that may cause Netty to create a lot garbage objects and, as a result, trigger GC.
	It is recommended to disable useCacheForAllThreads by setting -Dorg.apache.ratis.thirdparty.io.netty.allocator.useCacheForAllThreads=false in command line.
2019-09-04 10:54:20,323 [main] INFO  grpc.GrpcConfigKeys$Server (ConfUtils.java:logGet(43)) - raft.grpc.server.port = 0 (default)
2019-09-04 10:54:20,324 [main] INFO  server.GrpcService (ConfUtils.java:logGet(43)) - raft.grpc.message.size.max = 33570816 (custom)
2019-09-04 10:54:20,324 [main] INFO  server.RaftServerConfigKeys (ConfUtils.java:logGet(43)) - raft.server.log.appender.buffer.byte-limit = 33554432 (custom)
2019-09-04 10:54:20,324 [main] INFO  server.GrpcService (ConfUtils.java:logGet(43)) - raft.grpc.flow.control.window = 1MB (=1048576) (default)
2019-09-04 10:54:20,324 [main] INFO  server.RaftServerConfigKeys (ConfUtils.java:logGet(43)) - raft.server.rpc.request.timeout = 3000ms (default)
2019-09-04 10:54:20,325 [main] INFO  server.RaftServerConfigKeys (ConfUtils.java:logGet(43)) - raft.server.storage.dir = [/workdir/hadoop-ozone/integration-test/target/test-dir/MiniOzoneClusterImpl-ef69ce0e-7233-4eeb-a967-488b402a98c8/datanode-3/data/ratis] (custom)
2019-09-04 10:54:20,326 [main] INFO  hdfs.DFSUtil (DFSUtil.java:httpServerTemplateForNNAndJN(1641)) - Starting Web-server for hddsDatanode at: http://0.0.0.0:0
2019-09-04 10:54:20,328 [main] INFO  server.AuthenticationFilter (AuthenticationFilter.java:constructSecretProvider(240)) - Unable to initialize FileSignerSecretProvider, falling back to use random secrets.
2019-09-04 10:54:20,328 [main] WARN  http.HttpRequestLog (HttpRequestLog.java:getRequestLog(97)) - Jetty request log can only be enabled using Log4j
2019-09-04 10:54:20,330 [main] INFO  http.HttpServer2 (HttpServer2.java:addGlobalFilter(975)) - Added global filter 'safety' (class=org.apache.hadoop.http.HttpServer2$QuotingInputFilter)
2019-09-04 10:54:20,331 [main] INFO  http.HttpServer2 (HttpServer2.java:addFilter(948)) - Added filter static_user_filter (class=org.apache.hadoop.http.lib.StaticUserWebFilter$StaticUserFilter) to context hddsDatanode
2019-09-04 10:54:20,331 [main] INFO  http.HttpServer2 (HttpServer2.java:addFilter(958)) - Added filter static_user_filter (class=org.apache.hadoop.http.lib.StaticUserWebFilter$StaticUserFilter) to context static
2019-09-04 10:54:20,331 [main] INFO  http.HttpServer2 (HttpServer2.java:addFilter(958)) - Added filter static_user_filter (class=org.apache.hadoop.http.lib.StaticUserWebFilter$StaticUserFilter) to context logs
2019-09-04 10:54:20,332 [main] INFO  http.HttpServer2 (HttpServer2.java:bindListener(1191)) - Jetty bound to port 33287
2019-09-04 10:54:20,332 [main] INFO  server.Server (Server.java:doStart(351)) - jetty-9.3.24.v20180605, build timestamp: 2018-06-05T17:11:56Z, git hash: 84205aa28f11a4f31f2a3b86d1bba2cc8ab69827
2019-09-04 10:54:20,337 [main] INFO  handler.ContextHandler (ContextHandler.java:doStart(781)) - Started o.e.j.s.ServletContextHandler@6540cf1d{/logs,file:///workdir/hadoop-ozone/integration-test/target/log,AVAILABLE}
2019-09-04 10:54:20,338 [main] INFO  handler.ContextHandler (ContextHandler.java:doStart(781)) - Started o.e.j.s.ServletContextHandler@bc042d5{/static,jar:file:/home/user/.m2/repository/org/apache/hadoop/hadoop-hdds-container-service/0.5.0-SNAPSHOT/hadoop-hdds-container-service-0.5.0-SNAPSHOT.jar!/webapps/static,AVAILABLE}
2019-09-04 10:54:20,366 [main] INFO  handler.ContextHandler (ContextHandler.java:doStart(781)) - Started o.e.j.w.WebAppContext@5634d0f4{/,file:///tmp/jetty-0.0.0.0-33287-hddsDatanode-_-any-1307141680574372025.dir/webapp/,AVAILABLE}{/hddsDatanode}
2019-09-04 10:54:20,367 [main] INFO  server.AbstractConnector (AbstractConnector.java:doStart(278)) - Started ServerConnector@252a8aae{HTTP/1.1,[http/1.1]}{0.0.0.0:33287}
2019-09-04 10:54:20,368 [main] INFO  server.Server (Server.java:doStart(419)) - Started @6757ms
2019-09-04 10:54:20,368 [main] WARN  impl.MetricsSystemImpl (MetricsSystemImpl.java:register(276)) - Sink prometheus already exists!
2019-09-04 10:54:20,369 [main] INFO  server.BaseHttpServer (BaseHttpServer.java:updateConnectorAddress(215)) - HTTP server of HDDSDATANODE is listening at http://0.0.0.0:33287
2019-09-04 10:54:20,369 [main] INFO  impl.MetricsSystemImpl (MetricsSystemImpl.java:init(158)) - HddsDatanode metrics system started (again)
2019-09-04 10:54:20,372 [org.apache.hadoop.util.JvmPauseMonitor$Monitor@3a0210fd] INFO  util.JvmPauseMonitor (JvmPauseMonitor.java:run(188)) - Starting JVM pause monitor
2019-09-04 10:54:20,372 [main] INFO  ozone.HddsDatanodeService (HddsDatanodeService.java:start(184)) - HddsDatanodeService host:pr-hdds-1982-decom-states-67zng-3388626213 ip:192.168.5.153
2019-09-04 10:54:20,374 [Datanode State Machine Thread - 0] INFO  datanode.InitDatanodeState (InitDatanodeState.java:persistContainerDatanodeDetails(140)) - DatanodeDetails is persisted to /workdir/hadoop-ozone/integration-test/target/test-dir/MiniOzoneClusterImpl-ef69ce0e-7233-4eeb-a967-488b402a98c8/datanode-3/meta/datanode.id
2019-09-04 10:54:20,379 [main] INFO  volume.HddsVolume (HddsVolume.java:<init>(176)) - Creating Volume: /workdir/hadoop-ozone/integration-test/target/test-dir/MiniOzoneClusterImpl-ef69ce0e-7233-4eeb-a967-488b402a98c8/datanode-4/data/containers/hdds of  storage type : DISK and capacity : 1482555576320
2019-09-04 10:54:20,379 [main] INFO  volume.VolumeSet (VolumeSet.java:initializeVolumeSet(170)) - Added Volume : /workdir/hadoop-ozone/integration-test/target/test-dir/MiniOzoneClusterImpl-ef69ce0e-7233-4eeb-a967-488b402a98c8/datanode-4/data/containers/hdds to VolumeSet
2019-09-04 10:54:20,380 [main] INFO  volume.ThrottledAsyncChecker (ThrottledAsyncChecker.java:schedule(140)) - Scheduling a check for org.apache.hadoop.ozone.container.common.volume.HddsVolume@4052c8c2
2019-09-04 10:54:20,380 [main] INFO  volume.HddsVolumeChecker (HddsVolumeChecker.java:checkAllVolumes(203)) - Scheduled health check for volume org.apache.hadoop.ozone.container.common.volume.HddsVolume@4052c8c2
2019-09-04 10:54:20,395 [main] INFO  impl.RaftServerProxy (ConfUtils.java:logGet(43)) - raft.rpc.type = GRPC (default)
2019-09-04 10:54:20,395 [main] INFO  grpc.GrpcFactory (GrpcFactory.java:checkPooledByteBufAllocatorUseCacheForAllThreads(45)) - PERFORMANCE WARNING: useCacheForAllThreads is true that may cause Netty to create a lot garbage objects and, as a result, trigger GC.
	It is recommended to disable useCacheForAllThreads by setting -Dorg.apache.ratis.thirdparty.io.netty.allocator.useCacheForAllThreads=false in command line.
2019-09-04 10:54:20,395 [main] INFO  grpc.GrpcConfigKeys$Server (ConfUtils.java:logGet(43)) - raft.grpc.server.port = 0 (default)
2019-09-04 10:54:20,395 [main] INFO  server.GrpcService (ConfUtils.java:logGet(43)) - raft.grpc.message.size.max = 33570816 (custom)
2019-09-04 10:54:20,395 [main] INFO  server.RaftServerConfigKeys (ConfUtils.java:logGet(43)) - raft.server.log.appender.buffer.byte-limit = 33554432 (custom)
2019-09-04 10:54:20,396 [main] INFO  server.GrpcService (ConfUtils.java:logGet(43)) - raft.grpc.flow.control.window = 1MB (=1048576) (default)
2019-09-04 10:54:20,396 [main] INFO  server.RaftServerConfigKeys (ConfUtils.java:logGet(43)) - raft.server.rpc.request.timeout = 3000ms (default)
2019-09-04 10:54:20,397 [main] INFO  server.RaftServerConfigKeys (ConfUtils.java:logGet(43)) - raft.server.storage.dir = [/workdir/hadoop-ozone/integration-test/target/test-dir/MiniOzoneClusterImpl-ef69ce0e-7233-4eeb-a967-488b402a98c8/datanode-4/data/ratis] (custom)
2019-09-04 10:54:20,398 [main] INFO  hdfs.DFSUtil (DFSUtil.java:httpServerTemplateForNNAndJN(1641)) - Starting Web-server for hddsDatanode at: http://0.0.0.0:0
2019-09-04 10:54:20,400 [main] INFO  server.AuthenticationFilter (AuthenticationFilter.java:constructSecretProvider(240)) - Unable to initialize FileSignerSecretProvider, falling back to use random secrets.
2019-09-04 10:54:20,400 [main] WARN  http.HttpRequestLog (HttpRequestLog.java:getRequestLog(97)) - Jetty request log can only be enabled using Log4j
2019-09-04 10:54:20,402 [main] INFO  http.HttpServer2 (HttpServer2.java:addGlobalFilter(975)) - Added global filter 'safety' (class=org.apache.hadoop.http.HttpServer2$QuotingInputFilter)
2019-09-04 10:54:20,402 [main] INFO  http.HttpServer2 (HttpServer2.java:addFilter(948)) - Added filter static_user_filter (class=org.apache.hadoop.http.lib.StaticUserWebFilter$StaticUserFilter) to context hddsDatanode
2019-09-04 10:54:20,403 [main] INFO  http.HttpServer2 (HttpServer2.java:addFilter(958)) - Added filter static_user_filter (class=org.apache.hadoop.http.lib.StaticUserWebFilter$StaticUserFilter) to context logs
2019-09-04 10:54:20,403 [main] INFO  http.HttpServer2 (HttpServer2.java:addFilter(958)) - Added filter static_user_filter (class=org.apache.hadoop.http.lib.StaticUserWebFilter$StaticUserFilter) to context static
2019-09-04 10:54:20,404 [main] INFO  http.HttpServer2 (HttpServer2.java:bindListener(1191)) - Jetty bound to port 40808
2019-09-04 10:54:20,404 [main] INFO  server.Server (Server.java:doStart(351)) - jetty-9.3.24.v20180605, build timestamp: 2018-06-05T17:11:56Z, git hash: 84205aa28f11a4f31f2a3b86d1bba2cc8ab69827
2019-09-04 10:54:20,406 [main] INFO  handler.ContextHandler (ContextHandler.java:doStart(781)) - Started o.e.j.s.ServletContextHandler@748d2277{/logs,file:///workdir/hadoop-ozone/integration-test/target/log,AVAILABLE}
2019-09-04 10:54:20,406 [main] INFO  handler.ContextHandler (ContextHandler.java:doStart(781)) - Started o.e.j.s.ServletContextHandler@d5d5353{/static,jar:file:/home/user/.m2/repository/org/apache/hadoop/hadoop-hdds-container-service/0.5.0-SNAPSHOT/hadoop-hdds-container-service-0.5.0-SNAPSHOT.jar!/webapps/static,AVAILABLE}
2019-09-04 10:54:20,434 [main] INFO  handler.ContextHandler (ContextHandler.java:doStart(781)) - Started o.e.j.w.WebAppContext@2a369e14{/,file:///tmp/jetty-0.0.0.0-40808-hddsDatanode-_-any-255452080812420454.dir/webapp/,AVAILABLE}{/hddsDatanode}
2019-09-04 10:54:20,435 [main] INFO  server.AbstractConnector (AbstractConnector.java:doStart(278)) - Started ServerConnector@25aeb5ac{HTTP/1.1,[http/1.1]}{0.0.0.0:40808}
2019-09-04 10:54:20,436 [main] INFO  server.Server (Server.java:doStart(419)) - Started @6825ms
2019-09-04 10:54:20,436 [main] WARN  impl.MetricsSystemImpl (MetricsSystemImpl.java:register(276)) - Sink prometheus already exists!
2019-09-04 10:54:20,436 [main] INFO  server.BaseHttpServer (BaseHttpServer.java:updateConnectorAddress(215)) - HTTP server of HDDSDATANODE is listening at http://0.0.0.0:40808
2019-09-04 10:54:20,437 [main] INFO  impl.MetricsSystemImpl (MetricsSystemImpl.java:init(158)) - HddsDatanode metrics system started (again)
2019-09-04 10:54:20,440 [org.apache.hadoop.util.JvmPauseMonitor$Monitor@6fa9ea5a] INFO  util.JvmPauseMonitor (JvmPauseMonitor.java:run(188)) - Starting JVM pause monitor
2019-09-04 10:54:20,441 [main] INFO  ozone.HddsDatanodeService (HddsDatanodeService.java:start(184)) - HddsDatanodeService host:pr-hdds-1982-decom-states-67zng-3388626213 ip:192.168.5.153
2019-09-04 10:54:20,443 [Datanode State Machine Thread - 0] INFO  datanode.InitDatanodeState (InitDatanodeState.java:persistContainerDatanodeDetails(140)) - DatanodeDetails is persisted to /workdir/hadoop-ozone/integration-test/target/test-dir/MiniOzoneClusterImpl-ef69ce0e-7233-4eeb-a967-488b402a98c8/datanode-4/meta/datanode.id
2019-09-04 10:54:20,447 [main] INFO  volume.HddsVolume (HddsVolume.java:<init>(176)) - Creating Volume: /workdir/hadoop-ozone/integration-test/target/test-dir/MiniOzoneClusterImpl-ef69ce0e-7233-4eeb-a967-488b402a98c8/datanode-5/data/containers/hdds of  storage type : DISK and capacity : 1482555576320
2019-09-04 10:54:20,448 [main] INFO  volume.VolumeSet (VolumeSet.java:initializeVolumeSet(170)) - Added Volume : /workdir/hadoop-ozone/integration-test/target/test-dir/MiniOzoneClusterImpl-ef69ce0e-7233-4eeb-a967-488b402a98c8/datanode-5/data/containers/hdds to VolumeSet
2019-09-04 10:54:20,448 [main] INFO  volume.ThrottledAsyncChecker (ThrottledAsyncChecker.java:schedule(140)) - Scheduling a check for org.apache.hadoop.ozone.container.common.volume.HddsVolume@1d9bd4da
2019-09-04 10:54:20,448 [main] INFO  volume.HddsVolumeChecker (HddsVolumeChecker.java:checkAllVolumes(203)) - Scheduled health check for volume org.apache.hadoop.ozone.container.common.volume.HddsVolume@1d9bd4da
2019-09-04 10:54:20,463 [main] INFO  impl.RaftServerProxy (ConfUtils.java:logGet(43)) - raft.rpc.type = GRPC (default)
2019-09-04 10:54:20,463 [main] INFO  grpc.GrpcFactory (GrpcFactory.java:checkPooledByteBufAllocatorUseCacheForAllThreads(45)) - PERFORMANCE WARNING: useCacheForAllThreads is true that may cause Netty to create a lot garbage objects and, as a result, trigger GC.
	It is recommended to disable useCacheForAllThreads by setting -Dorg.apache.ratis.thirdparty.io.netty.allocator.useCacheForAllThreads=false in command line.
2019-09-04 10:54:20,463 [main] INFO  grpc.GrpcConfigKeys$Server (ConfUtils.java:logGet(43)) - raft.grpc.server.port = 0 (default)
2019-09-04 10:54:20,464 [main] INFO  server.GrpcService (ConfUtils.java:logGet(43)) - raft.grpc.message.size.max = 33570816 (custom)
2019-09-04 10:54:20,464 [main] INFO  server.RaftServerConfigKeys (ConfUtils.java:logGet(43)) - raft.server.log.appender.buffer.byte-limit = 33554432 (custom)
2019-09-04 10:54:20,464 [main] INFO  server.GrpcService (ConfUtils.java:logGet(43)) - raft.grpc.flow.control.window = 1MB (=1048576) (default)
2019-09-04 10:54:20,464 [main] INFO  server.RaftServerConfigKeys (ConfUtils.java:logGet(43)) - raft.server.rpc.request.timeout = 3000ms (default)
2019-09-04 10:54:20,465 [main] INFO  server.RaftServerConfigKeys (ConfUtils.java:logGet(43)) - raft.server.storage.dir = [/workdir/hadoop-ozone/integration-test/target/test-dir/MiniOzoneClusterImpl-ef69ce0e-7233-4eeb-a967-488b402a98c8/datanode-5/data/ratis] (custom)
2019-09-04 10:54:20,467 [main] INFO  hdfs.DFSUtil (DFSUtil.java:httpServerTemplateForNNAndJN(1641)) - Starting Web-server for hddsDatanode at: http://0.0.0.0:0
2019-09-04 10:54:20,468 [main] INFO  server.AuthenticationFilter (AuthenticationFilter.java:constructSecretProvider(240)) - Unable to initialize FileSignerSecretProvider, falling back to use random secrets.
2019-09-04 10:54:20,468 [main] WARN  http.HttpRequestLog (HttpRequestLog.java:getRequestLog(97)) - Jetty request log can only be enabled using Log4j
2019-09-04 10:54:20,470 [main] INFO  http.HttpServer2 (HttpServer2.java:addGlobalFilter(975)) - Added global filter 'safety' (class=org.apache.hadoop.http.HttpServer2$QuotingInputFilter)
2019-09-04 10:54:20,470 [main] INFO  http.HttpServer2 (HttpServer2.java:addFilter(948)) - Added filter static_user_filter (class=org.apache.hadoop.http.lib.StaticUserWebFilter$StaticUserFilter) to context hddsDatanode
2019-09-04 10:54:20,470 [main] INFO  http.HttpServer2 (HttpServer2.java:addFilter(958)) - Added filter static_user_filter (class=org.apache.hadoop.http.lib.StaticUserWebFilter$StaticUserFilter) to context static
2019-09-04 10:54:20,470 [main] INFO  http.HttpServer2 (HttpServer2.java:addFilter(958)) - Added filter static_user_filter (class=org.apache.hadoop.http.lib.StaticUserWebFilter$StaticUserFilter) to context logs
2019-09-04 10:54:20,471 [main] INFO  http.HttpServer2 (HttpServer2.java:bindListener(1191)) - Jetty bound to port 35947
2019-09-04 10:54:20,471 [main] INFO  server.Server (Server.java:doStart(351)) - jetty-9.3.24.v20180605, build timestamp: 2018-06-05T17:11:56Z, git hash: 84205aa28f11a4f31f2a3b86d1bba2cc8ab69827
2019-09-04 10:54:20,473 [main] INFO  handler.ContextHandler (ContextHandler.java:doStart(781)) - Started o.e.j.s.ServletContextHandler@6f911326{/logs,file:///workdir/hadoop-ozone/integration-test/target/log,AVAILABLE}
2019-09-04 10:54:20,473 [main] INFO  handler.ContextHandler (ContextHandler.java:doStart(781)) - Started o.e.j.s.ServletContextHandler@6e4f263e{/static,jar:file:/home/user/.m2/repository/org/apache/hadoop/hadoop-hdds-container-service/0.5.0-SNAPSHOT/hadoop-hdds-container-service-0.5.0-SNAPSHOT.jar!/webapps/static,AVAILABLE}
2019-09-04 10:54:20,500 [main] INFO  handler.ContextHandler (ContextHandler.java:doStart(781)) - Started o.e.j.w.WebAppContext@3d96fa9e{/,file:///tmp/jetty-0.0.0.0-35947-hddsDatanode-_-any-4959806857333956342.dir/webapp/,AVAILABLE}{/hddsDatanode}
2019-09-04 10:54:20,502 [main] INFO  server.AbstractConnector (AbstractConnector.java:doStart(278)) - Started ServerConnector@3b545206{HTTP/1.1,[http/1.1]}{0.0.0.0:35947}
2019-09-04 10:54:20,502 [main] INFO  server.Server (Server.java:doStart(419)) - Started @6891ms
2019-09-04 10:54:20,502 [main] WARN  impl.MetricsSystemImpl (MetricsSystemImpl.java:register(276)) - Sink prometheus already exists!
2019-09-04 10:54:20,503 [main] INFO  server.BaseHttpServer (BaseHttpServer.java:updateConnectorAddress(215)) - HTTP server of HDDSDATANODE is listening at http://0.0.0.0:35947
2019-09-04 10:54:20,503 [main] INFO  impl.MetricsSystemImpl (MetricsSystemImpl.java:init(158)) - HddsDatanode metrics system started (again)
2019-09-04 10:54:20,506 [org.apache.hadoop.util.JvmPauseMonitor$Monitor@3bf6e85] INFO  util.JvmPauseMonitor (JvmPauseMonitor.java:run(188)) - Starting JVM pause monitor
2019-09-04 10:54:20,507 [main] INFO  ozone.HddsDatanodeService (HddsDatanodeService.java:start(184)) - HddsDatanodeService host:pr-hdds-1982-decom-states-67zng-3388626213 ip:192.168.5.153
2019-09-04 10:54:20,508 [Datanode State Machine Thread - 0] INFO  datanode.InitDatanodeState (InitDatanodeState.java:persistContainerDatanodeDetails(140)) - DatanodeDetails is persisted to /workdir/hadoop-ozone/integration-test/target/test-dir/MiniOzoneClusterImpl-ef69ce0e-7233-4eeb-a967-488b402a98c8/datanode-5/meta/datanode.id
2019-09-04 10:54:20,513 [main] INFO  volume.HddsVolume (HddsVolume.java:<init>(176)) - Creating Volume: /workdir/hadoop-ozone/integration-test/target/test-dir/MiniOzoneClusterImpl-ef69ce0e-7233-4eeb-a967-488b402a98c8/datanode-6/data/containers/hdds of  storage type : DISK and capacity : 1482555576320
2019-09-04 10:54:20,513 [main] INFO  volume.VolumeSet (VolumeSet.java:initializeVolumeSet(170)) - Added Volume : /workdir/hadoop-ozone/integration-test/target/test-dir/MiniOzoneClusterImpl-ef69ce0e-7233-4eeb-a967-488b402a98c8/datanode-6/data/containers/hdds to VolumeSet
2019-09-04 10:54:20,513 [main] INFO  volume.ThrottledAsyncChecker (ThrottledAsyncChecker.java:schedule(140)) - Scheduling a check for org.apache.hadoop.ozone.container.common.volume.HddsVolume@3a37a501
2019-09-04 10:54:20,514 [main] INFO  volume.HddsVolumeChecker (HddsVolumeChecker.java:checkAllVolumes(203)) - Scheduled health check for volume org.apache.hadoop.ozone.container.common.volume.HddsVolume@3a37a501
2019-09-04 10:54:20,526 [main] INFO  impl.RaftServerProxy (ConfUtils.java:logGet(43)) - raft.rpc.type = GRPC (default)
2019-09-04 10:54:20,526 [main] INFO  grpc.GrpcFactory (GrpcFactory.java:checkPooledByteBufAllocatorUseCacheForAllThreads(45)) - PERFORMANCE WARNING: useCacheForAllThreads is true that may cause Netty to create a lot garbage objects and, as a result, trigger GC.
	It is recommended to disable useCacheForAllThreads by setting -Dorg.apache.ratis.thirdparty.io.netty.allocator.useCacheForAllThreads=false in command line.
2019-09-04 10:54:20,526 [main] INFO  grpc.GrpcConfigKeys$Server (ConfUtils.java:logGet(43)) - raft.grpc.server.port = 0 (default)
2019-09-04 10:54:20,527 [main] INFO  server.GrpcService (ConfUtils.java:logGet(43)) - raft.grpc.message.size.max = 33570816 (custom)
2019-09-04 10:54:20,527 [main] INFO  server.RaftServerConfigKeys (ConfUtils.java:logGet(43)) - raft.server.log.appender.buffer.byte-limit = 33554432 (custom)
2019-09-04 10:54:20,527 [main] INFO  server.GrpcService (ConfUtils.java:logGet(43)) - raft.grpc.flow.control.window = 1MB (=1048576) (default)
2019-09-04 10:54:20,527 [main] INFO  server.RaftServerConfigKeys (ConfUtils.java:logGet(43)) - raft.server.rpc.request.timeout = 3000ms (default)
2019-09-04 10:54:20,528 [main] INFO  server.RaftServerConfigKeys (ConfUtils.java:logGet(43)) - raft.server.storage.dir = [/workdir/hadoop-ozone/integration-test/target/test-dir/MiniOzoneClusterImpl-ef69ce0e-7233-4eeb-a967-488b402a98c8/datanode-6/data/ratis] (custom)
2019-09-04 10:54:20,529 [main] INFO  hdfs.DFSUtil (DFSUtil.java:httpServerTemplateForNNAndJN(1641)) - Starting Web-server for hddsDatanode at: http://0.0.0.0:0
2019-09-04 10:54:20,531 [main] INFO  server.AuthenticationFilter (AuthenticationFilter.java:constructSecretProvider(240)) - Unable to initialize FileSignerSecretProvider, falling back to use random secrets.
2019-09-04 10:54:20,531 [main] WARN  http.HttpRequestLog (HttpRequestLog.java:getRequestLog(97)) - Jetty request log can only be enabled using Log4j
2019-09-04 10:54:20,532 [main] INFO  http.HttpServer2 (HttpServer2.java:addGlobalFilter(975)) - Added global filter 'safety' (class=org.apache.hadoop.http.HttpServer2$QuotingInputFilter)
2019-09-04 10:54:20,533 [main] INFO  http.HttpServer2 (HttpServer2.java:addFilter(948)) - Added filter static_user_filter (class=org.apache.hadoop.http.lib.StaticUserWebFilter$StaticUserFilter) to context hddsDatanode
2019-09-04 10:54:20,533 [main] INFO  http.HttpServer2 (HttpServer2.java:addFilter(958)) - Added filter static_user_filter (class=org.apache.hadoop.http.lib.StaticUserWebFilter$StaticUserFilter) to context static
2019-09-04 10:54:20,533 [main] INFO  http.HttpServer2 (HttpServer2.java:addFilter(958)) - Added filter static_user_filter (class=org.apache.hadoop.http.lib.StaticUserWebFilter$StaticUserFilter) to context logs
2019-09-04 10:54:20,534 [main] INFO  http.HttpServer2 (HttpServer2.java:bindListener(1191)) - Jetty bound to port 43270
2019-09-04 10:54:20,534 [main] INFO  server.Server (Server.java:doStart(351)) - jetty-9.3.24.v20180605, build timestamp: 2018-06-05T17:11:56Z, git hash: 84205aa28f11a4f31f2a3b86d1bba2cc8ab69827
2019-09-04 10:54:20,536 [main] INFO  handler.ContextHandler (ContextHandler.java:doStart(781)) - Started o.e.j.s.ServletContextHandler@ae2db25{/logs,file:///workdir/hadoop-ozone/integration-test/target/log,AVAILABLE}
2019-09-04 10:54:20,536 [main] INFO  handler.ContextHandler (ContextHandler.java:doStart(781)) - Started o.e.j.s.ServletContextHandler@7afc4db9{/static,jar:file:/home/user/.m2/repository/org/apache/hadoop/hadoop-hdds-container-service/0.5.0-SNAPSHOT/hadoop-hdds-container-service-0.5.0-SNAPSHOT.jar!/webapps/static,AVAILABLE}
2019-09-04 10:54:20,564 [main] INFO  handler.ContextHandler (ContextHandler.java:doStart(781)) - Started o.e.j.w.WebAppContext@1e1e9ef3{/,file:///tmp/jetty-0.0.0.0-43270-hddsDatanode-_-any-6056487787184447046.dir/webapp/,AVAILABLE}{/hddsDatanode}
2019-09-04 10:54:20,565 [main] INFO  server.AbstractConnector (AbstractConnector.java:doStart(278)) - Started ServerConnector@3dd31157{HTTP/1.1,[http/1.1]}{0.0.0.0:43270}
2019-09-04 10:54:20,566 [main] INFO  server.Server (Server.java:doStart(419)) - Started @6955ms
2019-09-04 10:54:20,566 [main] WARN  impl.MetricsSystemImpl (MetricsSystemImpl.java:register(276)) - Sink prometheus already exists!
2019-09-04 10:54:20,566 [main] INFO  server.BaseHttpServer (BaseHttpServer.java:updateConnectorAddress(215)) - HTTP server of HDDSDATANODE is listening at http://0.0.0.0:43270
2019-09-04 10:54:20,568 [main] INFO  ozone.MiniOzoneClusterImpl (MiniOzoneClusterImpl.java:lambda$waitForClusterToBeReady$0(140)) - Waiting for cluster to be ready. Got 0 of 7 DN Heartbeats.
2019-09-04 10:54:20,569 [org.apache.hadoop.util.JvmPauseMonitor$Monitor@1686dde0] INFO  util.JvmPauseMonitor (JvmPauseMonitor.java:run(188)) - Starting JVM pause monitor
2019-09-04 10:54:20,572 [Datanode State Machine Thread - 0] INFO  datanode.InitDatanodeState (InitDatanodeState.java:persistContainerDatanodeDetails(140)) - DatanodeDetails is persisted to /workdir/hadoop-ozone/integration-test/target/test-dir/MiniOzoneClusterImpl-ef69ce0e-7233-4eeb-a967-488b402a98c8/datanode-6/meta/datanode.id
2019-09-04 10:54:21,569 [main] INFO  ozone.MiniOzoneClusterImpl (MiniOzoneClusterImpl.java:lambda$waitForClusterToBeReady$0(140)) - Waiting for cluster to be ready. Got 0 of 7 DN Heartbeats.
2019-09-04 10:54:22,570 [main] INFO  ozone.MiniOzoneClusterImpl (MiniOzoneClusterImpl.java:lambda$waitForClusterToBeReady$0(140)) - Waiting for cluster to be ready. Got 0 of 7 DN Heartbeats.
2019-09-04 10:54:23,571 [main] INFO  ozone.MiniOzoneClusterImpl (MiniOzoneClusterImpl.java:lambda$waitForClusterToBeReady$0(140)) - Waiting for cluster to be ready. Got 0 of 7 DN Heartbeats.
2019-09-04 10:54:24,572 [main] INFO  ozone.MiniOzoneClusterImpl (MiniOzoneClusterImpl.java:lambda$waitForClusterToBeReady$0(140)) - Waiting for cluster to be ready. Got 0 of 7 DN Heartbeats.
2019-09-04 10:54:25,331 [Datanode State Machine Thread - 0] INFO  ozoneimpl.OzoneContainer (OzoneContainer.java:start(201)) - Attempting to start container services.
2019-09-04 10:54:25,331 [Datanode State Machine Thread - 0] INFO  ozoneimpl.OzoneContainer (OzoneContainer.java:start(201)) - Attempting to start container services.
2019-09-04 10:54:25,331 [Datanode State Machine Thread - 0] INFO  ozoneimpl.OzoneContainer (OzoneContainer.java:start(201)) - Attempting to start container services.
2019-09-04 10:54:25,331 [Datanode State Machine Thread - 0] INFO  ozoneimpl.OzoneContainer (OzoneContainer.java:start(201)) - Attempting to start container services.
2019-09-04 10:54:25,331 [Datanode State Machine Thread - 0] INFO  ozoneimpl.OzoneContainer (OzoneContainer.java:start(201)) - Attempting to start container services.
2019-09-04 10:54:25,341 [Datanode State Machine Thread - 0] INFO  ozoneimpl.OzoneContainer (OzoneContainer.java:startContainerScrub(175)) - Background container scrubber has been disabled by hdds.containerscrub.enabled
2019-09-04 10:54:25,341 [Datanode State Machine Thread - 0] INFO  ozoneimpl.OzoneContainer (OzoneContainer.java:startContainerScrub(175)) - Background container scrubber has been disabled by hdds.containerscrub.enabled
2019-09-04 10:54:25,336 [Datanode State Machine Thread - 0] INFO  ozoneimpl.OzoneContainer (OzoneContainer.java:startContainerScrub(175)) - Background container scrubber has been disabled by hdds.containerscrub.enabled
2019-09-04 10:54:25,336 [Datanode State Machine Thread - 0] INFO  ozoneimpl.OzoneContainer (OzoneContainer.java:startContainerScrub(175)) - Background container scrubber has been disabled by hdds.containerscrub.enabled
2019-09-04 10:54:25,343 [Datanode State Machine Thread - 0] INFO  ratis.XceiverServerRatis (XceiverServerRatis.java:start(393)) - Starting XceiverServerRatis a94f35c6-e7cd-44f4-9fc5-5bedbc811dcb at port 0
2019-09-04 10:54:25,342 [Datanode State Machine Thread - 0] INFO  ratis.XceiverServerRatis (XceiverServerRatis.java:start(393)) - Starting XceiverServerRatis 306f7091-fd43-44cb-822b-63a12337bb6f at port 0
2019-09-04 10:54:25,341 [Datanode State Machine Thread - 0] INFO  ratis.XceiverServerRatis (XceiverServerRatis.java:start(393)) - Starting XceiverServerRatis 213a2534-c2c9-4b2f-9e79-48084afb3f04 at port 0
2019-09-04 10:54:25,341 [Datanode State Machine Thread - 0] INFO  ozoneimpl.OzoneContainer (OzoneContainer.java:startContainerScrub(175)) - Background container scrubber has been disabled by hdds.containerscrub.enabled
2019-09-04 10:54:25,343 [Datanode State Machine Thread - 0] INFO  ratis.XceiverServerRatis (XceiverServerRatis.java:start(393)) - Starting XceiverServerRatis 03b339be-1ad7-4cbc-8fdc-bf8ef692ccc8 at port 0
2019-09-04 10:54:25,344 [Datanode State Machine Thread - 0] INFO  ratis.XceiverServerRatis (XceiverServerRatis.java:start(393)) - Starting XceiverServerRatis fe2784b4-b5f2-487b-b9f0-5e140d6f1599 at port 0
2019-09-04 10:54:25,390 [Datanode State Machine Thread - 0] INFO  impl.RaftServerProxy (RaftServerProxy.java:lambda$start$3(299)) - 306f7091-fd43-44cb-822b-63a12337bb6f: start RPC server
2019-09-04 10:54:25,390 [Datanode State Machine Thread - 0] INFO  impl.RaftServerProxy (RaftServerProxy.java:lambda$start$3(299)) - 213a2534-c2c9-4b2f-9e79-48084afb3f04: start RPC server
2019-09-04 10:54:25,390 [Datanode State Machine Thread - 0] INFO  impl.RaftServerProxy (RaftServerProxy.java:lambda$start$3(299)) - fe2784b4-b5f2-487b-b9f0-5e140d6f1599: start RPC server
2019-09-04 10:54:25,390 [Datanode State Machine Thread - 0] INFO  impl.RaftServerProxy (RaftServerProxy.java:lambda$start$3(299)) - 03b339be-1ad7-4cbc-8fdc-bf8ef692ccc8: start RPC server
2019-09-04 10:54:25,390 [Datanode State Machine Thread - 0] INFO  impl.RaftServerProxy (RaftServerProxy.java:lambda$start$3(299)) - a94f35c6-e7cd-44f4-9fc5-5bedbc811dcb: start RPC server
2019-09-04 10:54:25,561 [Datanode State Machine Thread - 0] INFO  server.GrpcService (GrpcService.java:startImpl(149)) - 213a2534-c2c9-4b2f-9e79-48084afb3f04: GrpcService started, listening on 0.0.0.0/0.0.0.0:40278
2019-09-04 10:54:25,561 [Datanode State Machine Thread - 0] INFO  server.GrpcService (GrpcService.java:startImpl(149)) - 03b339be-1ad7-4cbc-8fdc-bf8ef692ccc8: GrpcService started, listening on 0.0.0.0/0.0.0.0:45742
2019-09-04 10:54:25,561 [Datanode State Machine Thread - 0] INFO  server.GrpcService (GrpcService.java:startImpl(149)) - 306f7091-fd43-44cb-822b-63a12337bb6f: GrpcService started, listening on 0.0.0.0/0.0.0.0:42255
2019-09-04 10:54:25,561 [Datanode State Machine Thread - 0] INFO  server.GrpcService (GrpcService.java:startImpl(149)) - a94f35c6-e7cd-44f4-9fc5-5bedbc811dcb: GrpcService started, listening on 0.0.0.0/0.0.0.0:36627
2019-09-04 10:54:25,561 [Datanode State Machine Thread - 0] INFO  server.GrpcService (GrpcService.java:startImpl(149)) - fe2784b4-b5f2-487b-b9f0-5e140d6f1599: GrpcService started, listening on 0.0.0.0/0.0.0.0:44153
2019-09-04 10:54:25,564 [Datanode State Machine Thread - 0] INFO  ratis.XceiverServerRatis (XceiverServerRatis.java:start(403)) - XceiverServerRatis a94f35c6-e7cd-44f4-9fc5-5bedbc811dcb is started using port 36627
2019-09-04 10:54:25,563 [Datanode State Machine Thread - 0] INFO  ratis.XceiverServerRatis (XceiverServerRatis.java:start(403)) - XceiverServerRatis 306f7091-fd43-44cb-822b-63a12337bb6f is started using port 42255
2019-09-04 10:54:25,563 [Datanode State Machine Thread - 0] INFO  ratis.XceiverServerRatis (XceiverServerRatis.java:start(403)) - XceiverServerRatis 03b339be-1ad7-4cbc-8fdc-bf8ef692ccc8 is started using port 45742
2019-09-04 10:54:25,563 [Datanode State Machine Thread - 0] INFO  ratis.XceiverServerRatis (XceiverServerRatis.java:start(403)) - XceiverServerRatis 213a2534-c2c9-4b2f-9e79-48084afb3f04 is started using port 40278
2019-09-04 10:54:25,564 [Datanode State Machine Thread - 0] INFO  ratis.XceiverServerRatis (XceiverServerRatis.java:start(403)) - XceiverServerRatis fe2784b4-b5f2-487b-b9f0-5e140d6f1599 is started using port 44153
2019-09-04 10:54:25,575 [main] INFO  ozone.MiniOzoneClusterImpl (MiniOzoneClusterImpl.java:lambda$waitForClusterToBeReady$0(140)) - Waiting for cluster to be ready. Got 0 of 7 DN Heartbeats.
2019-09-04 10:54:25,578 [Datanode State Machine Thread - 0] INFO  server.XceiverServerGrpc (XceiverServerGrpc.java:start(163)) - XceiverServerGrpc 213a2534-c2c9-4b2f-9e79-48084afb3f04 is started using port 40751
2019-09-04 10:54:25,579 [Datanode State Machine Thread - 0] INFO  server.XceiverServerGrpc (XceiverServerGrpc.java:start(163)) - XceiverServerGrpc fe2784b4-b5f2-487b-b9f0-5e140d6f1599 is started using port 35318
2019-09-04 10:54:25,579 [Datanode State Machine Thread - 0] INFO  server.XceiverServerGrpc (XceiverServerGrpc.java:start(163)) - XceiverServerGrpc 03b339be-1ad7-4cbc-8fdc-bf8ef692ccc8 is started using port 32870
2019-09-04 10:54:25,578 [Datanode State Machine Thread - 0] INFO  server.XceiverServerGrpc (XceiverServerGrpc.java:start(163)) - XceiverServerGrpc a94f35c6-e7cd-44f4-9fc5-5bedbc811dcb is started using port 44667
2019-09-04 10:54:25,578 [Datanode State Machine Thread - 0] INFO  server.XceiverServerGrpc (XceiverServerGrpc.java:start(163)) - XceiverServerGrpc 306f7091-fd43-44cb-822b-63a12337bb6f is started using port 37041
2019-09-04 10:54:26,206 [IPC Server handler 1 on 46691] INFO  net.NetworkTopology (NetworkTopologyImpl.java:add(110)) - Added a new node: /default-rack/03b339be-1ad7-4cbc-8fdc-bf8ef692ccc8
2019-09-04 10:54:26,206 [IPC Server handler 1 on 46691] INFO  node.SCMNodeManager (SCMNodeManager.java:register(271)) - Registered Data node : 03b339be-1ad7-4cbc-8fdc-bf8ef692ccc8{ip: 192.168.5.153, host: pr-hdds-1982-decom-states-67zng-3388626213, networkLocation: /default-rack, certSerialId: null}
2019-09-04 10:54:26,212 [EventQueue-NodeRegistrationContainerReportForDataNodeSafeModeRule] INFO  safemode.SCMSafeModeManager (DataNodeSafeModeRule.java:process(71)) - SCM in safe mode. 1 DataNodes registered, 1 required.
2019-09-04 10:54:26,213 [EventQueue-NodeRegistrationContainerReportForDataNodeSafeModeRule] INFO  safemode.SCMSafeModeManager (SCMSafeModeManager.java:validateSafeModeExitRules(177)) - ScmSafeModeManager, all rules are successfully validated
2019-09-04 10:54:26,213 [EventQueue-NodeRegistrationContainerReportForDataNodeSafeModeRule] INFO  safemode.SCMSafeModeManager (SCMSafeModeManager.java:exitSafeMode(193)) - SCM exiting safe mode.
2019-09-04 10:54:26,234 [IPC Server handler 2 on 46691] INFO  net.NetworkTopology (NetworkTopologyImpl.java:add(110)) - Added a new node: /default-rack/a94f35c6-e7cd-44f4-9fc5-5bedbc811dcb
2019-09-04 10:54:26,234 [IPC Server handler 2 on 46691] INFO  node.SCMNodeManager (SCMNodeManager.java:register(271)) - Registered Data node : a94f35c6-e7cd-44f4-9fc5-5bedbc811dcb{ip: 192.168.5.153, host: pr-hdds-1982-decom-states-67zng-3388626213, networkLocation: /default-rack, certSerialId: null}
2019-09-04 10:54:26,303 [IPC Server handler 3 on 46691] INFO  net.NetworkTopology (NetworkTopologyImpl.java:add(110)) - Added a new node: /default-rack/fe2784b4-b5f2-487b-b9f0-5e140d6f1599
2019-09-04 10:54:26,303 [IPC Server handler 3 on 46691] INFO  node.SCMNodeManager (SCMNodeManager.java:register(271)) - Registered Data node : fe2784b4-b5f2-487b-b9f0-5e140d6f1599{ip: 192.168.5.153, host: pr-hdds-1982-decom-states-67zng-3388626213, networkLocation: /default-rack, certSerialId: null}
2019-09-04 10:54:26,376 [IPC Server handler 4 on 46691] INFO  net.NetworkTopology (NetworkTopologyImpl.java:add(110)) - Added a new node: /default-rack/306f7091-fd43-44cb-822b-63a12337bb6f
2019-09-04 10:54:26,376 [IPC Server handler 4 on 46691] INFO  node.SCMNodeManager (SCMNodeManager.java:register(271)) - Registered Data node : 306f7091-fd43-44cb-822b-63a12337bb6f{ip: 192.168.5.153, host: pr-hdds-1982-decom-states-67zng-3388626213, networkLocation: /default-rack, certSerialId: null}
2019-09-04 10:54:26,448 [IPC Server handler 6 on 46691] INFO  net.NetworkTopology (NetworkTopologyImpl.java:add(110)) - Added a new node: /default-rack/213a2534-c2c9-4b2f-9e79-48084afb3f04
2019-09-04 10:54:26,448 [IPC Server handler 6 on 46691] INFO  node.SCMNodeManager (SCMNodeManager.java:register(271)) - Registered Data node : 213a2534-c2c9-4b2f-9e79-48084afb3f04{ip: 192.168.5.153, host: pr-hdds-1982-decom-states-67zng-3388626213, networkLocation: /default-rack, certSerialId: null}
2019-09-04 10:54:26,494 [Datanode State Machine Thread - 0] INFO  ozoneimpl.OzoneContainer (OzoneContainer.java:start(201)) - Attempting to start container services.
2019-09-04 10:54:26,494 [Datanode State Machine Thread - 0] INFO  ozoneimpl.OzoneContainer (OzoneContainer.java:start(201)) - Attempting to start container services.
2019-09-04 10:54:26,495 [Datanode State Machine Thread - 0] INFO  ozoneimpl.OzoneContainer (OzoneContainer.java:startContainerScrub(175)) - Background container scrubber has been disabled by hdds.containerscrub.enabled
2019-09-04 10:54:26,495 [Datanode State Machine Thread - 0] INFO  ozoneimpl.OzoneContainer (OzoneContainer.java:startContainerScrub(175)) - Background container scrubber has been disabled by hdds.containerscrub.enabled
2019-09-04 10:54:26,495 [Datanode State Machine Thread - 0] INFO  ratis.XceiverServerRatis (XceiverServerRatis.java:start(393)) - Starting XceiverServerRatis af967e59-4194-4ca7-b6c8-8e0983d32eae at port 0
2019-09-04 10:54:26,495 [Datanode State Machine Thread - 0] INFO  ratis.XceiverServerRatis (XceiverServerRatis.java:start(393)) - Starting XceiverServerRatis c850dde9-df95-42ce-934a-45470a023ce9 at port 0
2019-09-04 10:54:26,510 [Datanode State Machine Thread - 0] INFO  impl.RaftServerProxy (RaftServerProxy.java:lambda$start$3(299)) - af967e59-4194-4ca7-b6c8-8e0983d32eae: start RPC server
2019-09-04 10:54:26,510 [Datanode State Machine Thread - 0] INFO  impl.RaftServerProxy (RaftServerProxy.java:lambda$start$3(299)) - c850dde9-df95-42ce-934a-45470a023ce9: start RPC server
2019-09-04 10:54:26,517 [Datanode State Machine Thread - 0] INFO  server.GrpcService (GrpcService.java:startImpl(149)) - c850dde9-df95-42ce-934a-45470a023ce9: GrpcService started, listening on 0.0.0.0/0.0.0.0:40103
2019-09-04 10:54:26,517 [Datanode State Machine Thread - 0] INFO  server.GrpcService (GrpcService.java:startImpl(149)) - af967e59-4194-4ca7-b6c8-8e0983d32eae: GrpcService started, listening on 0.0.0.0/0.0.0.0:38797
2019-09-04 10:54:26,518 [Datanode State Machine Thread - 0] INFO  ratis.XceiverServerRatis (XceiverServerRatis.java:start(403)) - XceiverServerRatis c850dde9-df95-42ce-934a-45470a023ce9 is started using port 40103
2019-09-04 10:54:26,518 [Datanode State Machine Thread - 0] INFO  ratis.XceiverServerRatis (XceiverServerRatis.java:start(403)) - XceiverServerRatis af967e59-4194-4ca7-b6c8-8e0983d32eae is started using port 38797
2019-09-04 10:54:26,524 [Datanode State Machine Thread - 0] INFO  server.XceiverServerGrpc (XceiverServerGrpc.java:start(163)) - XceiverServerGrpc c850dde9-df95-42ce-934a-45470a023ce9 is started using port 34914
2019-09-04 10:54:26,524 [Datanode State Machine Thread - 0] INFO  server.XceiverServerGrpc (XceiverServerGrpc.java:start(163)) - XceiverServerGrpc af967e59-4194-4ca7-b6c8-8e0983d32eae is started using port 34557
2019-09-04 10:54:26,584 [main] INFO  ozone.MiniOzoneClusterImpl (MiniOzoneClusterImpl.java:lambda$waitForClusterToBeReady$0(140)) - Waiting for cluster to be ready. Got 5 of 7 DN Heartbeats.
2019-09-04 10:54:26,590 [IPC Server handler 1 on 46691] INFO  net.NetworkTopology (NetworkTopologyImpl.java:add(110)) - Added a new node: /default-rack/af967e59-4194-4ca7-b6c8-8e0983d32eae
2019-09-04 10:54:26,590 [IPC Server handler 1 on 46691] INFO  node.SCMNodeManager (SCMNodeManager.java:register(271)) - Registered Data node : af967e59-4194-4ca7-b6c8-8e0983d32eae{ip: 192.168.5.153, host: pr-hdds-1982-decom-states-67zng-3388626213, networkLocation: /default-rack, certSerialId: null}
2019-09-04 10:54:26,760 [grpc-default-executor-0] INFO  impl.RaftServerProxy (RaftServerProxy.java:addNew(89)) - 03b339be-1ad7-4cbc-8fdc-bf8ef692ccc8: addNew group-C8D388620CBA:[03b339be-1ad7-4cbc-8fdc-bf8ef692ccc8:192.168.5.153:45742] returns group-C8D388620CBA:java.util.concurrent.CompletableFuture@1ced42b3[Not completed]
2019-09-04 10:54:26,777 [pool-27-thread-1] INFO  impl.RaftServerImpl (RaftServerImpl.java:<init>(93)) - 03b339be-1ad7-4cbc-8fdc-bf8ef692ccc8: new RaftServerImpl for group-C8D388620CBA:[03b339be-1ad7-4cbc-8fdc-bf8ef692ccc8:192.168.5.153:45742] with ContainerStateMachine:uninitialized
2019-09-04 10:54:26,779 [pool-27-thread-1] INFO  server.RaftServerConfigKeys (ConfUtils.java:logGet(43)) - raft.server.rpc.timeout.min = 5s (custom)
2019-09-04 10:54:26,781 [pool-27-thread-1] INFO  server.RaftServerConfigKeys (ConfUtils.java:logGet(43)) - raft.server.rpc.timeout.max = 5200ms (custom)
2019-09-04 10:54:26,781 [pool-27-thread-1] INFO  server.RaftServerConfigKeys (ConfUtils.java:logGet(43)) - raft.server.rpcslowness.timeout = 120s (custom)
2019-09-04 10:54:26,782 [pool-27-thread-1] INFO  server.RaftServerConfigKeys (ConfUtils.java:logGet(43)) - raft.server.sleep.deviation.threshold = 300 (default)
2019-09-04 10:54:26,783 [pool-27-thread-1] INFO  server.RaftServerConfigKeys (ConfUtils.java:logGet(43)) - raft.server.log.appender.install.snapshot.enabled = false (custom)
2019-09-04 10:54:26,793 [pool-27-thread-1] INFO  impl.RaftServerImpl (ServerState.java:<init>(105)) - 03b339be-1ad7-4cbc-8fdc-bf8ef692ccc8:group-C8D388620CBA ConfigurationManager, init=-1: [03b339be-1ad7-4cbc-8fdc-bf8ef692ccc8:192.168.5.153:45742], old=null, confs=<EMPTY_MAP>
2019-09-04 10:54:26,793 [pool-27-thread-1] INFO  server.RaftServerConfigKeys (ConfUtils.java:logGet(43)) - raft.server.storage.dir = [/workdir/hadoop-ozone/integration-test/target/test-dir/MiniOzoneClusterImpl-ef69ce0e-7233-4eeb-a967-488b402a98c8/datanode-0/data/ratis] (custom)
2019-09-04 10:54:26,803 [pool-27-thread-1] INFO  storage.RaftStorageDirectory (RaftStorageDirectory.java:analyzeStorage(246)) - The storage directory /workdir/hadoop-ozone/integration-test/target/test-dir/MiniOzoneClusterImpl-ef69ce0e-7233-4eeb-a967-488b402a98c8/datanode-0/data/ratis/8e9652b2-320c-449a-8842-c8d388620cba does not exist. Creating ...
2019-09-04 10:54:27,584 [main] INFO  ozone.MiniOzoneClusterImpl (MiniOzoneClusterImpl.java:lambda$waitForClusterToBeReady$0(140)) - Waiting for cluster to be ready. Got 6 of 7 DN Heartbeats.
2019-09-04 10:54:28,521 [IPC Server handler 11 on 46691] INFO  net.NetworkTopology (NetworkTopologyImpl.java:add(110)) - Added a new node: /default-rack/c850dde9-df95-42ce-934a-45470a023ce9
2019-09-04 10:54:28,521 [IPC Server handler 11 on 46691] INFO  node.SCMNodeManager (SCMNodeManager.java:register(271)) - Registered Data node : c850dde9-df95-42ce-934a-45470a023ce9{ip: 192.168.5.153, host: pr-hdds-1982-decom-states-67zng-3388626213, networkLocation: /default-rack, certSerialId: null}
2019-09-04 10:54:28,584 [main] INFO  ozone.MiniOzoneClusterImpl (MiniOzoneClusterImpl.java:lambda$waitForClusterToBeReady$0(140)) - Cluster is ready. Got 7 of 7 DN Heartbeats.
2019-09-04 10:54:29,061 [main] INFO  rpc.RpcClient (RpcClient.java:createVolume(293)) - Creating Volume: testblockoutputstream, with jenkins1000 as owner.
2019-09-04 10:54:29,173 [IPC Server handler 4 on 45369] INFO  volume.OMVolumeCreateRequest (OMVolumeCreateRequest.java:validateAndUpdateCache(189)) - created volume:testblockoutputstream for user:jenkins1000
2019-09-04 10:54:29,219 [Thread-234] INFO  container.ReplicationManager (ReplicationManager.java:start(162)) - Starting Replication Monitor Thread.
2019-09-04 10:54:29,221 [ReplicationMonitor] INFO  container.ReplicationManager (ReplicationManager.java:run(225)) - Replication Monitor Thread took 1 milliseconds for processing 0 containers.
2019-09-04 10:54:29,404 [RATISCREATEPIPELINE1] ERROR pipeline.RatisPipelineProvider (RatisPipelineProvider.java:lambda$null$5(236)) - Failed invoke Ratis rpc org.apache.hadoop.hdds.scm.pipeline.RatisPipelineProvider$$Lambda$201/1423215268@12bd307d for 03b339be-1ad7-4cbc-8fdc-bf8ef692ccc8
org.apache.ratis.protocol.TimeoutIOException: deadline exceeded after 2961814846ns
	at org.apache.ratis.grpc.GrpcUtil.tryUnwrapException(GrpcUtil.java:82)
	at org.apache.ratis.grpc.GrpcUtil.unwrapException(GrpcUtil.java:75)
	at org.apache.ratis.grpc.client.GrpcClientProtocolClient.blockingCall(GrpcClientProtocolClient.java:169)
	at org.apache.ratis.grpc.client.GrpcClientProtocolClient.groupAdd(GrpcClientProtocolClient.java:138)
	at org.apache.ratis.grpc.client.GrpcClientRpc.sendRequest(GrpcClientRpc.java:94)
	at org.apache.ratis.client.impl.RaftClientImpl.sendRequest(RaftClientImpl.java:279)
	at org.apache.ratis.client.impl.RaftClientImpl.groupAdd(RaftClientImpl.java:206)
	at org.apache.hadoop.hdds.scm.pipeline.RatisPipelineProvider.lambda$initializePipeline$4(RatisPipelineProvider.java:195)
	at org.apache.hadoop.hdds.scm.pipeline.RatisPipelineProvider.lambda$null$5(RatisPipelineProvider.java:232)
	at java.util.stream.ForEachOps$ForEachOp$OfRef.accept(ForEachOps.java:184)
	at java.util.ArrayList$ArrayListSpliterator.forEachRemaining(ArrayList.java:1382)
	at java.util.stream.AbstractPipeline.copyInto(AbstractPipeline.java:482)
	at java.util.stream.ForEachOps$ForEachTask.compute(ForEachOps.java:291)
	at java.util.concurrent.CountedCompleter.exec(CountedCompleter.java:731)
	at java.util.concurrent.ForkJoinTask.doExec(ForkJoinTask.java:289)
	at java.util.concurrent.ForkJoinTask.doInvoke(ForkJoinTask.java:401)
	at java.util.concurrent.ForkJoinTask.invoke(ForkJoinTask.java:734)
	at java.util.stream.ForEachOps$ForEachOp.evaluateParallel(ForEachOps.java:160)
	at java.util.stream.ForEachOps$ForEachOp$OfRef.evaluateParallel(ForEachOps.java:174)
	at java.util.stream.AbstractPipeline.evaluate(AbstractPipeline.java:233)
	at java.util.stream.ReferencePipeline.forEach(ReferencePipeline.java:418)
	at java.util.stream.ReferencePipeline$Head.forEach(ReferencePipeline.java:583)
	at org.apache.hadoop.hdds.scm.pipeline.RatisPipelineProvider.lambda$callRatisRpc$6(RatisPipelineProvider.java:226)
	at java.util.concurrent.ForkJoinTask$AdaptedRunnableAction.exec(ForkJoinTask.java:1386)
	at java.util.concurrent.ForkJoinTask.doExec(ForkJoinTask.java:289)
	at java.util.concurrent.ForkJoinPool$WorkQueue.runTask(ForkJoinPool.java:1056)
	at java.util.concurrent.ForkJoinPool.runWorker(ForkJoinPool.java:1692)
	at java.util.concurrent.ForkJoinWorkerThread.run(ForkJoinWorkerThread.java:157)
Caused by: org.apache.ratis.thirdparty.io.grpc.StatusRuntimeException: DEADLINE_EXCEEDED: deadline exceeded after 2961814846ns
	at org.apache.ratis.thirdparty.io.grpc.stub.ClientCalls.toStatusRuntimeException(ClientCalls.java:233)
	at org.apache.ratis.thirdparty.io.grpc.stub.ClientCalls.getUnchecked(ClientCalls.java:214)
	at org.apache.ratis.thirdparty.io.grpc.stub.ClientCalls.blockingUnaryCall(ClientCalls.java:139)
	at org.apache.ratis.proto.grpc.AdminProtocolServiceGrpc$AdminProtocolServiceBlockingStub.groupManagement(AdminProtocolServiceGrpc.java:274)
	at org.apache.ratis.grpc.client.GrpcClientProtocolClient.lambda$groupAdd$3(GrpcClientProtocolClient.java:140)
	at org.apache.ratis.grpc.client.GrpcClientProtocolClient.blockingCall(GrpcClientProtocolClient.java:167)
	... 25 more
2019-09-04 10:54:29,476 [main] INFO  rpc.RpcClient (RpcClient.java:createBucket(432)) - Creating Bucket: testblockoutputstream/testblockoutputstream, with Versioning false and Storage Type set to DISK and Encryption set to false 
2019-09-04 10:54:29,491 [grpc-default-executor-0] INFO  impl.RaftServerProxy (RaftServerProxy.java:addNew(89)) - 306f7091-fd43-44cb-822b-63a12337bb6f: addNew group-305D90ED7D72:[af967e59-4194-4ca7-b6c8-8e0983d32eae:192.168.5.153:38797, a94f35c6-e7cd-44f4-9fc5-5bedbc811dcb:192.168.5.153:36627, 306f7091-fd43-44cb-822b-63a12337bb6f:192.168.5.153:42255] returns group-305D90ED7D72:java.util.concurrent.CompletableFuture@100aa058[Not completed]
2019-09-04 10:54:29,491 [grpc-default-executor-1] INFO  impl.RaftServerProxy (RaftServerProxy.java:addNew(89)) - af967e59-4194-4ca7-b6c8-8e0983d32eae: addNew group-305D90ED7D72:[af967e59-4194-4ca7-b6c8-8e0983d32eae:192.168.5.153:38797, a94f35c6-e7cd-44f4-9fc5-5bedbc811dcb:192.168.5.153:36627, 306f7091-fd43-44cb-822b-63a12337bb6f:192.168.5.153:42255] returns group-305D90ED7D72:java.util.concurrent.CompletableFuture@6aa53471[Not completed]
2019-09-04 10:54:29,495 [grpc-default-executor-2] INFO  impl.RaftServerProxy (RaftServerProxy.java:addNew(89)) - a94f35c6-e7cd-44f4-9fc5-5bedbc811dcb: addNew group-305D90ED7D72:[af967e59-4194-4ca7-b6c8-8e0983d32eae:192.168.5.153:38797, a94f35c6-e7cd-44f4-9fc5-5bedbc811dcb:192.168.5.153:36627, 306f7091-fd43-44cb-822b-63a12337bb6f:192.168.5.153:42255] returns group-305D90ED7D72:java.util.concurrent.CompletableFuture@6d85c775[Not completed]
2019-09-04 10:54:29,549 [pool-57-thread-1] INFO  impl.RaftServerImpl (RaftServerImpl.java:<init>(93)) - 306f7091-fd43-44cb-822b-63a12337bb6f: new RaftServerImpl for group-305D90ED7D72:[af967e59-4194-4ca7-b6c8-8e0983d32eae:192.168.5.153:38797, a94f35c6-e7cd-44f4-9fc5-5bedbc811dcb:192.168.5.153:36627, 306f7091-fd43-44cb-822b-63a12337bb6f:192.168.5.153:42255] with ContainerStateMachine:uninitialized
2019-09-04 10:54:29,556 [pool-57-thread-1] INFO  server.RaftServerConfigKeys (ConfUtils.java:logGet(43)) - raft.server.rpc.timeout.min = 5s (custom)
2019-09-04 10:54:29,575 [pool-57-thread-1] INFO  server.RaftServerConfigKeys (ConfUtils.java:logGet(43)) - raft.server.rpc.timeout.max = 5200ms (custom)
2019-09-04 10:54:29,575 [pool-57-thread-1] INFO  server.RaftServerConfigKeys (ConfUtils.java:logGet(43)) - raft.server.rpcslowness.timeout = 120s (custom)
2019-09-04 10:54:29,576 [pool-57-thread-1] INFO  server.RaftServerConfigKeys (ConfUtils.java:logGet(43)) - raft.server.sleep.deviation.threshold = 300 (default)
2019-09-04 10:54:29,576 [pool-57-thread-1] INFO  server.RaftServerConfigKeys (ConfUtils.java:logGet(43)) - raft.server.log.appender.install.snapshot.enabled = false (custom)
2019-09-04 10:54:29,576 [pool-57-thread-1] INFO  impl.RaftServerImpl (ServerState.java:<init>(105)) - 306f7091-fd43-44cb-822b-63a12337bb6f:group-305D90ED7D72 ConfigurationManager, init=-1: [af967e59-4194-4ca7-b6c8-8e0983d32eae:192.168.5.153:38797, a94f35c6-e7cd-44f4-9fc5-5bedbc811dcb:192.168.5.153:36627, 306f7091-fd43-44cb-822b-63a12337bb6f:192.168.5.153:42255], old=null, confs=<EMPTY_MAP>
2019-09-04 10:54:29,576 [pool-37-thread-1] INFO  impl.RaftServerImpl (RaftServerImpl.java:<init>(93)) - a94f35c6-e7cd-44f4-9fc5-5bedbc811dcb: new RaftServerImpl for group-305D90ED7D72:[af967e59-4194-4ca7-b6c8-8e0983d32eae:192.168.5.153:38797, a94f35c6-e7cd-44f4-9fc5-5bedbc811dcb:192.168.5.153:36627, 306f7091-fd43-44cb-822b-63a12337bb6f:192.168.5.153:42255] with ContainerStateMachine:uninitialized
2019-09-04 10:54:29,578 [pool-57-thread-1] INFO  server.RaftServerConfigKeys (ConfUtils.java:logGet(43)) - raft.server.storage.dir = [/workdir/hadoop-ozone/integration-test/target/test-dir/MiniOzoneClusterImpl-ef69ce0e-7233-4eeb-a967-488b402a98c8/datanode-3/data/ratis] (custom)
2019-09-04 10:54:29,578 [pool-37-thread-1] INFO  server.RaftServerConfigKeys (ConfUtils.java:logGet(43)) - raft.server.rpc.timeout.min = 5s (custom)
2019-09-04 10:54:29,579 [pool-37-thread-1] INFO  server.RaftServerConfigKeys (ConfUtils.java:logGet(43)) - raft.server.rpc.timeout.max = 5200ms (custom)
2019-09-04 10:54:29,579 [pool-37-thread-1] INFO  server.RaftServerConfigKeys (ConfUtils.java:logGet(43)) - raft.server.rpcslowness.timeout = 120s (custom)
2019-09-04 10:54:29,579 [pool-57-thread-1] INFO  storage.RaftStorageDirectory (RaftStorageDirectory.java:analyzeStorage(246)) - The storage directory /workdir/hadoop-ozone/integration-test/target/test-dir/MiniOzoneClusterImpl-ef69ce0e-7233-4eeb-a967-488b402a98c8/datanode-3/data/ratis/1dd8667d-5736-41dc-be65-305d90ed7d72 does not exist. Creating ...
2019-09-04 10:54:29,580 [pool-37-thread-1] INFO  server.RaftServerConfigKeys (ConfUtils.java:logGet(43)) - raft.server.sleep.deviation.threshold = 300 (default)
2019-09-04 10:54:29,582 [pool-37-thread-1] INFO  server.RaftServerConfigKeys (ConfUtils.java:logGet(43)) - raft.server.log.appender.install.snapshot.enabled = false (custom)
2019-09-04 10:54:29,582 [pool-87-thread-1] INFO  impl.RaftServerImpl (RaftServerImpl.java:<init>(93)) - af967e59-4194-4ca7-b6c8-8e0983d32eae: new RaftServerImpl for group-305D90ED7D72:[af967e59-4194-4ca7-b6c8-8e0983d32eae:192.168.5.153:38797, a94f35c6-e7cd-44f4-9fc5-5bedbc811dcb:192.168.5.153:36627, 306f7091-fd43-44cb-822b-63a12337bb6f:192.168.5.153:42255] with ContainerStateMachine:uninitialized
2019-09-04 10:54:29,582 [pool-37-thread-1] INFO  impl.RaftServerImpl (ServerState.java:<init>(105)) - a94f35c6-e7cd-44f4-9fc5-5bedbc811dcb:group-305D90ED7D72 ConfigurationManager, init=-1: [af967e59-4194-4ca7-b6c8-8e0983d32eae:192.168.5.153:38797, a94f35c6-e7cd-44f4-9fc5-5bedbc811dcb:192.168.5.153:36627, 306f7091-fd43-44cb-822b-63a12337bb6f:192.168.5.153:42255], old=null, confs=<EMPTY_MAP>
2019-09-04 10:54:29,582 [pool-87-thread-1] INFO  server.RaftServerConfigKeys (ConfUtils.java:logGet(43)) - raft.server.rpc.timeout.min = 5s (custom)
2019-09-04 10:54:29,583 [pool-37-thread-1] INFO  server.RaftServerConfigKeys (ConfUtils.java:logGet(43)) - raft.server.storage.dir = [/workdir/hadoop-ozone/integration-test/target/test-dir/MiniOzoneClusterImpl-ef69ce0e-7233-4eeb-a967-488b402a98c8/datanode-1/data/ratis] (custom)
2019-09-04 10:54:29,583 [pool-87-thread-1] INFO  server.RaftServerConfigKeys (ConfUtils.java:logGet(43)) - raft.server.rpc.timeout.max = 5200ms (custom)
2019-09-04 10:54:29,583 [pool-87-thread-1] INFO  server.RaftServerConfigKeys (ConfUtils.java:logGet(43)) - raft.server.rpcslowness.timeout = 120s (custom)
2019-09-04 10:54:29,583 [pool-37-thread-1] INFO  storage.RaftStorageDirectory (RaftStorageDirectory.java:analyzeStorage(246)) - The storage directory /workdir/hadoop-ozone/integration-test/target/test-dir/MiniOzoneClusterImpl-ef69ce0e-7233-4eeb-a967-488b402a98c8/datanode-1/data/ratis/1dd8667d-5736-41dc-be65-305d90ed7d72 does not exist. Creating ...
2019-09-04 10:54:29,584 [pool-87-thread-1] INFO  server.RaftServerConfigKeys (ConfUtils.java:logGet(43)) - raft.server.sleep.deviation.threshold = 300 (default)
2019-09-04 10:54:29,584 [pool-87-thread-1] INFO  server.RaftServerConfigKeys (ConfUtils.java:logGet(43)) - raft.server.log.appender.install.snapshot.enabled = false (custom)
2019-09-04 10:54:29,585 [pool-87-thread-1] INFO  impl.RaftServerImpl (ServerState.java:<init>(105)) - af967e59-4194-4ca7-b6c8-8e0983d32eae:group-305D90ED7D72 ConfigurationManager, init=-1: [af967e59-4194-4ca7-b6c8-8e0983d32eae:192.168.5.153:38797, a94f35c6-e7cd-44f4-9fc5-5bedbc811dcb:192.168.5.153:36627, 306f7091-fd43-44cb-822b-63a12337bb6f:192.168.5.153:42255], old=null, confs=<EMPTY_MAP>
2019-09-04 10:54:29,585 [pool-87-thread-1] INFO  server.RaftServerConfigKeys (ConfUtils.java:logGet(43)) - raft.server.storage.dir = [/workdir/hadoop-ozone/integration-test/target/test-dir/MiniOzoneClusterImpl-ef69ce0e-7233-4eeb-a967-488b402a98c8/datanode-6/data/ratis] (custom)
2019-09-04 10:54:29,585 [pool-87-thread-1] INFO  storage.RaftStorageDirectory (RaftStorageDirectory.java:analyzeStorage(246)) - The storage directory /workdir/hadoop-ozone/integration-test/target/test-dir/MiniOzoneClusterImpl-ef69ce0e-7233-4eeb-a967-488b402a98c8/datanode-6/data/ratis/1dd8667d-5736-41dc-be65-305d90ed7d72 does not exist. Creating ...
2019-09-04 10:54:29,591 [main] INFO  ozone.MiniOzoneClusterImpl (MiniOzoneClusterImpl.java:getStorageContainerLocationClient(227)) - Creating StorageContainerLocationProtocol RPC client with address /0.0.0.0:38085
2019-09-04 10:54:31,018 [pool-27-thread-1] INFO  storage.RaftStorageDirectory (RaftStorageDirectory.java:tryLock(328)) - Lock on /workdir/hadoop-ozone/integration-test/target/test-dir/MiniOzoneClusterImpl-ef69ce0e-7233-4eeb-a967-488b402a98c8/datanode-0/data/ratis/8e9652b2-320c-449a-8842-c8d388620cba/in_use.lock acquired by nodename 24377@pr-hdds-1982-decom-states-67zng-3388626213
2019-09-04 10:54:32,437 [RATISCREATEPIPELINE3] ERROR pipeline.RatisPipelineProvider (RatisPipelineProvider.java:lambda$null$5(236)) - Failed invoke Ratis rpc org.apache.hadoop.hdds.scm.pipeline.RatisPipelineProvider$$Lambda$201/1423215268@31bbfae8 for 306f7091-fd43-44cb-822b-63a12337bb6f
org.apache.ratis.protocol.TimeoutIOException: deadline exceeded after 2996329784ns
	at org.apache.ratis.grpc.GrpcUtil.tryUnwrapException(GrpcUtil.java:82)
	at org.apache.ratis.grpc.GrpcUtil.unwrapException(GrpcUtil.java:75)
	at org.apache.ratis.grpc.client.GrpcClientProtocolClient.blockingCall(GrpcClientProtocolClient.java:169)
	at org.apache.ratis.grpc.client.GrpcClientProtocolClient.groupAdd(GrpcClientProtocolClient.java:138)
	at org.apache.ratis.grpc.client.GrpcClientRpc.sendRequest(GrpcClientRpc.java:94)
	at org.apache.ratis.client.impl.RaftClientImpl.sendRequest(RaftClientImpl.java:279)
	at org.apache.ratis.client.impl.RaftClientImpl.groupAdd(RaftClientImpl.java:206)
	at org.apache.hadoop.hdds.scm.pipeline.RatisPipelineProvider.lambda$initializePipeline$4(RatisPipelineProvider.java:195)
	at org.apache.hadoop.hdds.scm.pipeline.RatisPipelineProvider.lambda$null$5(RatisPipelineProvider.java:232)
	at java.util.stream.ForEachOps$ForEachOp$OfRef.accept(ForEachOps.java:184)
	at java.util.ArrayList$ArrayListSpliterator.forEachRemaining(ArrayList.java:1382)
	at java.util.stream.AbstractPipeline.copyInto(AbstractPipeline.java:482)
	at java.util.stream.ForEachOps$ForEachTask.compute(ForEachOps.java:291)
	at java.util.concurrent.CountedCompleter.exec(CountedCompleter.java:731)
	at java.util.concurrent.ForkJoinTask.doExec(ForkJoinTask.java:289)
	at java.util.concurrent.ForkJoinPool$WorkQueue.runTask(ForkJoinPool.java:1056)
	at java.util.concurrent.ForkJoinPool.runWorker(ForkJoinPool.java:1692)
	at java.util.concurrent.ForkJoinWorkerThread.run(ForkJoinWorkerThread.java:157)
Caused by: org.apache.ratis.thirdparty.io.grpc.StatusRuntimeException: DEADLINE_EXCEEDED: deadline exceeded after 2996329784ns
	at org.apache.ratis.thirdparty.io.grpc.stub.ClientCalls.toStatusRuntimeException(ClientCalls.java:233)
	at org.apache.ratis.thirdparty.io.grpc.stub.ClientCalls.getUnchecked(ClientCalls.java:214)
	at org.apache.ratis.thirdparty.io.grpc.stub.ClientCalls.blockingUnaryCall(ClientCalls.java:139)
	at org.apache.ratis.proto.grpc.AdminProtocolServiceGrpc$AdminProtocolServiceBlockingStub.groupManagement(AdminProtocolServiceGrpc.java:274)
	at org.apache.ratis.grpc.client.GrpcClientProtocolClient.lambda$groupAdd$3(GrpcClientProtocolClient.java:140)
	at org.apache.ratis.grpc.client.GrpcClientProtocolClient.blockingCall(GrpcClientProtocolClient.java:167)
	... 15 more
2019-09-04 10:54:32,437 [RATISCREATEPIPELINE1] ERROR pipeline.RatisPipelineProvider (RatisPipelineProvider.java:lambda$null$5(236)) - Failed invoke Ratis rpc org.apache.hadoop.hdds.scm.pipeline.RatisPipelineProvider$$Lambda$201/1423215268@31bbfae8 for a94f35c6-e7cd-44f4-9fc5-5bedbc811dcb
org.apache.ratis.protocol.TimeoutIOException: deadline exceeded after 2998195257ns
	at org.apache.ratis.grpc.GrpcUtil.tryUnwrapException(GrpcUtil.java:82)
	at org.apache.ratis.grpc.GrpcUtil.unwrapException(GrpcUtil.java:75)
	at org.apache.ratis.grpc.client.GrpcClientProtocolClient.blockingCall(GrpcClientProtocolClient.java:169)
	at org.apache.ratis.grpc.client.GrpcClientProtocolClient.groupAdd(GrpcClientProtocolClient.java:138)
	at org.apache.ratis.grpc.client.GrpcClientRpc.sendRequest(GrpcClientRpc.java:94)
	at org.apache.ratis.client.impl.RaftClientImpl.sendRequest(RaftClientImpl.java:279)
	at org.apache.ratis.client.impl.RaftClientImpl.groupAdd(RaftClientImpl.java:206)
	at org.apache.hadoop.hdds.scm.pipeline.RatisPipelineProvider.lambda$initializePipeline$4(RatisPipelineProvider.java:195)
	at org.apache.hadoop.hdds.scm.pipeline.RatisPipelineProvider.lambda$null$5(RatisPipelineProvider.java:232)
	at java.util.stream.ForEachOps$ForEachOp$OfRef.accept(ForEachOps.java:184)
	at java.util.ArrayList$ArrayListSpliterator.forEachRemaining(ArrayList.java:1382)
	at java.util.stream.AbstractPipeline.copyInto(AbstractPipeline.java:482)
	at java.util.stream.ForEachOps$ForEachTask.compute(ForEachOps.java:291)
	at java.util.concurrent.CountedCompleter.exec(CountedCompleter.java:731)
	at java.util.concurrent.ForkJoinTask.doExec(ForkJoinTask.java:289)
	at java.util.concurrent.ForkJoinTask.doInvoke(ForkJoinTask.java:401)
	at java.util.concurrent.ForkJoinTask.invoke(ForkJoinTask.java:734)
	at java.util.stream.ForEachOps$ForEachOp.evaluateParallel(ForEachOps.java:160)
	at java.util.stream.ForEachOps$ForEachOp$OfRef.evaluateParallel(ForEachOps.java:174)
	at java.util.stream.AbstractPipeline.evaluate(AbstractPipeline.java:233)
	at java.util.stream.ReferencePipeline.forEach(ReferencePipeline.java:418)
	at java.util.stream.ReferencePipeline$Head.forEach(ReferencePipeline.java:583)
	at org.apache.hadoop.hdds.scm.pipeline.RatisPipelineProvider.lambda$callRatisRpc$6(RatisPipelineProvider.java:226)
	at java.util.concurrent.ForkJoinTask$AdaptedRunnableAction.exec(ForkJoinTask.java:1386)
	at java.util.concurrent.ForkJoinTask.doExec(ForkJoinTask.java:289)
	at java.util.concurrent.ForkJoinPool$WorkQueue.runTask(ForkJoinPool.java:1056)
	at java.util.concurrent.ForkJoinPool.runWorker(ForkJoinPool.java:1692)
	at java.util.concurrent.ForkJoinWorkerThread.run(ForkJoinWorkerThread.java:157)
Caused by: org.apache.ratis.thirdparty.io.grpc.StatusRuntimeException: DEADLINE_EXCEEDED: deadline exceeded after 2998195257ns
	at org.apache.ratis.thirdparty.io.grpc.stub.ClientCalls.toStatusRuntimeException(ClientCalls.java:233)
	at org.apache.ratis.thirdparty.io.grpc.stub.ClientCalls.getUnchecked(ClientCalls.java:214)
	at org.apache.ratis.thirdparty.io.grpc.stub.ClientCalls.blockingUnaryCall(ClientCalls.java:139)
	at org.apache.ratis.proto.grpc.AdminProtocolServiceGrpc$AdminProtocolServiceBlockingStub.groupManagement(AdminProtocolServiceGrpc.java:274)
	at org.apache.ratis.grpc.client.GrpcClientProtocolClient.lambda$groupAdd$3(GrpcClientProtocolClient.java:140)
	at org.apache.ratis.grpc.client.GrpcClientProtocolClient.blockingCall(GrpcClientProtocolClient.java:167)
	... 25 more
2019-09-04 10:54:32,446 [RATISCREATEPIPELINE2] ERROR pipeline.RatisPipelineProvider (RatisPipelineProvider.java:lambda$null$5(236)) - Failed invoke Ratis rpc org.apache.hadoop.hdds.scm.pipeline.RatisPipelineProvider$$Lambda$201/1423215268@31bbfae8 for af967e59-4194-4ca7-b6c8-8e0983d32eae
org.apache.ratis.protocol.TimeoutIOException: deadline exceeded after 2999690556ns
	at org.apache.ratis.grpc.GrpcUtil.tryUnwrapException(GrpcUtil.java:82)
	at org.apache.ratis.grpc.GrpcUtil.unwrapException(GrpcUtil.java:75)
	at org.apache.ratis.grpc.client.GrpcClientProtocolClient.blockingCall(GrpcClientProtocolClient.java:169)
	at org.apache.ratis.grpc.client.GrpcClientProtocolClient.groupAdd(GrpcClientProtocolClient.java:138)
	at org.apache.ratis.grpc.client.GrpcClientRpc.sendRequest(GrpcClientRpc.java:94)
	at org.apache.ratis.client.impl.RaftClientImpl.sendRequest(RaftClientImpl.java:279)
	at org.apache.ratis.client.impl.RaftClientImpl.groupAdd(RaftClientImpl.java:206)
	at org.apache.hadoop.hdds.scm.pipeline.RatisPipelineProvider.lambda$initializePipeline$4(RatisPipelineProvider.java:195)
	at org.apache.hadoop.hdds.scm.pipeline.RatisPipelineProvider.lambda$null$5(RatisPipelineProvider.java:232)
	at java.util.stream.ForEachOps$ForEachOp$OfRef.accept(ForEachOps.java:184)
	at java.util.ArrayList$ArrayListSpliterator.forEachRemaining(ArrayList.java:1382)
	at java.util.stream.AbstractPipeline.copyInto(AbstractPipeline.java:482)
	at java.util.stream.ForEachOps$ForEachTask.compute(ForEachOps.java:291)
	at java.util.concurrent.CountedCompleter.exec(CountedCompleter.java:731)
	at java.util.concurrent.ForkJoinTask.doExec(ForkJoinTask.java:289)
	at java.util.concurrent.ForkJoinPool$WorkQueue.runTask(ForkJoinPool.java:1056)
	at java.util.concurrent.ForkJoinPool.runWorker(ForkJoinPool.java:1692)
	at java.util.concurrent.ForkJoinWorkerThread.run(ForkJoinWorkerThread.java:157)
Caused by: org.apache.ratis.thirdparty.io.grpc.StatusRuntimeException: DEADLINE_EXCEEDED: deadline exceeded after 2999690556ns
	at org.apache.ratis.thirdparty.io.grpc.stub.ClientCalls.toStatusRuntimeException(ClientCalls.java:233)
	at org.apache.ratis.thirdparty.io.grpc.stub.ClientCalls.getUnchecked(ClientCalls.java:214)
	at org.apache.ratis.thirdparty.io.grpc.stub.ClientCalls.blockingUnaryCall(ClientCalls.java:139)
	at org.apache.ratis.proto.grpc.AdminProtocolServiceGrpc$AdminProtocolServiceBlockingStub.groupManagement(AdminProtocolServiceGrpc.java:274)
	at org.apache.ratis.grpc.client.GrpcClientProtocolClient.lambda$groupAdd$3(GrpcClientProtocolClient.java:140)
	at org.apache.ratis.grpc.client.GrpcClientProtocolClient.blockingCall(GrpcClientProtocolClient.java:167)
	... 15 more
2019-09-04 10:54:32,493 [grpc-default-executor-3] INFO  impl.RaftServerProxy (RaftServerProxy.java:addNew(89)) - 306f7091-fd43-44cb-822b-63a12337bb6f: addNew group-EA9A34BEEC33:[af967e59-4194-4ca7-b6c8-8e0983d32eae:192.168.5.153:38797, a94f35c6-e7cd-44f4-9fc5-5bedbc811dcb:192.168.5.153:36627, 306f7091-fd43-44cb-822b-63a12337bb6f:192.168.5.153:42255] returns group-EA9A34BEEC33:java.util.concurrent.CompletableFuture@3d95032e[Not completed]
2019-09-04 10:54:32,494 [grpc-default-executor-0] INFO  impl.RaftServerProxy (RaftServerProxy.java:addNew(89)) - af967e59-4194-4ca7-b6c8-8e0983d32eae: addNew group-EA9A34BEEC33:[af967e59-4194-4ca7-b6c8-8e0983d32eae:192.168.5.153:38797, a94f35c6-e7cd-44f4-9fc5-5bedbc811dcb:192.168.5.153:36627, 306f7091-fd43-44cb-822b-63a12337bb6f:192.168.5.153:42255] returns group-EA9A34BEEC33:java.util.concurrent.CompletableFuture@24358262[Not completed]
2019-09-04 10:54:32,496 [grpc-default-executor-0] INFO  impl.RaftServerProxy (RaftServerProxy.java:addNew(89)) - a94f35c6-e7cd-44f4-9fc5-5bedbc811dcb: addNew group-EA9A34BEEC33:[af967e59-4194-4ca7-b6c8-8e0983d32eae:192.168.5.153:38797, a94f35c6-e7cd-44f4-9fc5-5bedbc811dcb:192.168.5.153:36627, 306f7091-fd43-44cb-822b-63a12337bb6f:192.168.5.153:42255] returns group-EA9A34BEEC33:java.util.concurrent.CompletableFuture@68255fac[Not completed]
2019-09-04 10:54:33,818 [pool-57-thread-1] INFO  storage.RaftStorageDirectory (RaftStorageDirectory.java:tryLock(328)) - Lock on /workdir/hadoop-ozone/integration-test/target/test-dir/MiniOzoneClusterImpl-ef69ce0e-7233-4eeb-a967-488b402a98c8/datanode-3/data/ratis/1dd8667d-5736-41dc-be65-305d90ed7d72/in_use.lock acquired by nodename 24377@pr-hdds-1982-decom-states-67zng-3388626213
2019-09-04 10:54:33,818 [pool-37-thread-1] INFO  storage.RaftStorageDirectory (RaftStorageDirectory.java:tryLock(328)) - Lock on /workdir/hadoop-ozone/integration-test/target/test-dir/MiniOzoneClusterImpl-ef69ce0e-7233-4eeb-a967-488b402a98c8/datanode-1/data/ratis/1dd8667d-5736-41dc-be65-305d90ed7d72/in_use.lock acquired by nodename 24377@pr-hdds-1982-decom-states-67zng-3388626213
2019-09-04 10:54:33,818 [pool-87-thread-1] INFO  storage.RaftStorageDirectory (RaftStorageDirectory.java:tryLock(328)) - Lock on /workdir/hadoop-ozone/integration-test/target/test-dir/MiniOzoneClusterImpl-ef69ce0e-7233-4eeb-a967-488b402a98c8/datanode-6/data/ratis/1dd8667d-5736-41dc-be65-305d90ed7d72/in_use.lock acquired by nodename 24377@pr-hdds-1982-decom-states-67zng-3388626213
2019-09-04 10:54:35,466 [RATISCREATEPIPELINE3] ERROR pipeline.RatisPipelineProvider (RatisPipelineProvider.java:lambda$null$5(236)) - Failed invoke Ratis rpc org.apache.hadoop.hdds.scm.pipeline.RatisPipelineProvider$$Lambda$201/1423215268@1c17e686 for 306f7091-fd43-44cb-822b-63a12337bb6f
org.apache.ratis.protocol.TimeoutIOException: deadline exceeded after 2999795707ns
	at org.apache.ratis.grpc.GrpcUtil.tryUnwrapException(GrpcUtil.java:82)
	at org.apache.ratis.grpc.GrpcUtil.unwrapException(GrpcUtil.java:75)
	at org.apache.ratis.grpc.client.GrpcClientProtocolClient.blockingCall(GrpcClientProtocolClient.java:169)
	at org.apache.ratis.grpc.client.GrpcClientProtocolClient.groupAdd(GrpcClientProtocolClient.java:138)
	at org.apache.ratis.grpc.client.GrpcClientRpc.sendRequest(GrpcClientRpc.java:94)
	at org.apache.ratis.client.impl.RaftClientImpl.sendRequest(RaftClientImpl.java:279)
	at org.apache.ratis.client.impl.RaftClientImpl.groupAdd(RaftClientImpl.java:206)
	at org.apache.hadoop.hdds.scm.pipeline.RatisPipelineProvider.lambda$initializePipeline$4(RatisPipelineProvider.java:195)
	at org.apache.hadoop.hdds.scm.pipeline.RatisPipelineProvider.lambda$null$5(RatisPipelineProvider.java:232)
	at java.util.stream.ForEachOps$ForEachOp$OfRef.accept(ForEachOps.java:184)
	at java.util.ArrayList$ArrayListSpliterator.forEachRemaining(ArrayList.java:1382)
	at java.util.stream.AbstractPipeline.copyInto(AbstractPipeline.java:482)
	at java.util.stream.ForEachOps$ForEachTask.compute(ForEachOps.java:291)
	at java.util.concurrent.CountedCompleter.exec(CountedCompleter.java:731)
	at java.util.concurrent.ForkJoinTask.doExec(ForkJoinTask.java:289)
	at java.util.concurrent.ForkJoinPool$WorkQueue.runTask(ForkJoinPool.java:1056)
	at java.util.concurrent.ForkJoinPool.runWorker(ForkJoinPool.java:1692)
	at java.util.concurrent.ForkJoinWorkerThread.run(ForkJoinWorkerThread.java:157)
Caused by: org.apache.ratis.thirdparty.io.grpc.StatusRuntimeException: DEADLINE_EXCEEDED: deadline exceeded after 2999795707ns
	at org.apache.ratis.thirdparty.io.grpc.stub.ClientCalls.toStatusRuntimeException(ClientCalls.java:233)
	at org.apache.ratis.thirdparty.io.grpc.stub.ClientCalls.getUnchecked(ClientCalls.java:214)
	at org.apache.ratis.thirdparty.io.grpc.stub.ClientCalls.blockingUnaryCall(ClientCalls.java:139)
	at org.apache.ratis.proto.grpc.AdminProtocolServiceGrpc$AdminProtocolServiceBlockingStub.groupManagement(AdminProtocolServiceGrpc.java:274)
	at org.apache.ratis.grpc.client.GrpcClientProtocolClient.lambda$groupAdd$3(GrpcClientProtocolClient.java:140)
	at org.apache.ratis.grpc.client.GrpcClientProtocolClient.blockingCall(GrpcClientProtocolClient.java:167)
	... 15 more
2019-09-04 10:54:35,471 [RATISCREATEPIPELINE1] ERROR pipeline.RatisPipelineProvider (RatisPipelineProvider.java:lambda$null$5(236)) - Failed invoke Ratis rpc org.apache.hadoop.hdds.scm.pipeline.RatisPipelineProvider$$Lambda$201/1423215268@1c17e686 for a94f35c6-e7cd-44f4-9fc5-5bedbc811dcb
org.apache.ratis.protocol.TimeoutIOException: deadline exceeded after 2999818418ns
	at org.apache.ratis.grpc.GrpcUtil.tryUnwrapException(GrpcUtil.java:82)
	at org.apache.ratis.grpc.GrpcUtil.unwrapException(GrpcUtil.java:75)
	at org.apache.ratis.grpc.client.GrpcClientProtocolClient.blockingCall(GrpcClientProtocolClient.java:169)
	at org.apache.ratis.grpc.client.GrpcClientProtocolClient.groupAdd(GrpcClientProtocolClient.java:138)
	at org.apache.ratis.grpc.client.GrpcClientRpc.sendRequest(GrpcClientRpc.java:94)
	at org.apache.ratis.client.impl.RaftClientImpl.sendRequest(RaftClientImpl.java:279)
	at org.apache.ratis.client.impl.RaftClientImpl.groupAdd(RaftClientImpl.java:206)
	at org.apache.hadoop.hdds.scm.pipeline.RatisPipelineProvider.lambda$initializePipeline$4(RatisPipelineProvider.java:195)
	at org.apache.hadoop.hdds.scm.pipeline.RatisPipelineProvider.lambda$null$5(RatisPipelineProvider.java:232)
	at java.util.stream.ForEachOps$ForEachOp$OfRef.accept(ForEachOps.java:184)
	at java.util.ArrayList$ArrayListSpliterator.forEachRemaining(ArrayList.java:1382)
	at java.util.stream.AbstractPipeline.copyInto(AbstractPipeline.java:482)
	at java.util.stream.ForEachOps$ForEachTask.compute(ForEachOps.java:291)
	at java.util.concurrent.CountedCompleter.exec(CountedCompleter.java:731)
	at java.util.concurrent.ForkJoinTask.doExec(ForkJoinTask.java:289)
	at java.util.concurrent.ForkJoinTask.doInvoke(ForkJoinTask.java:401)
	at java.util.concurrent.ForkJoinTask.invoke(ForkJoinTask.java:734)
	at java.util.stream.ForEachOps$ForEachOp.evaluateParallel(ForEachOps.java:160)
	at java.util.stream.ForEachOps$ForEachOp$OfRef.evaluateParallel(ForEachOps.java:174)
	at java.util.stream.AbstractPipeline.evaluate(AbstractPipeline.java:233)
	at java.util.stream.ReferencePipeline.forEach(ReferencePipeline.java:418)
	at java.util.stream.ReferencePipeline$Head.forEach(ReferencePipeline.java:583)
	at org.apache.hadoop.hdds.scm.pipeline.RatisPipelineProvider.lambda$callRatisRpc$6(RatisPipelineProvider.java:226)
	at java.util.concurrent.ForkJoinTask$AdaptedRunnableAction.exec(ForkJoinTask.java:1386)
	at java.util.concurrent.ForkJoinTask.doExec(ForkJoinTask.java:289)
	at java.util.concurrent.ForkJoinPool$WorkQueue.runTask(ForkJoinPool.java:1056)
	at java.util.concurrent.ForkJoinPool.runWorker(ForkJoinPool.java:1692)
	at java.util.concurrent.ForkJoinWorkerThread.run(ForkJoinWorkerThread.java:157)
Caused by: org.apache.ratis.thirdparty.io.grpc.StatusRuntimeException: DEADLINE_EXCEEDED: deadline exceeded after 2999818418ns
	at org.apache.ratis.thirdparty.io.grpc.stub.ClientCalls.toStatusRuntimeException(ClientCalls.java:233)
	at org.apache.ratis.thirdparty.io.grpc.stub.ClientCalls.getUnchecked(ClientCalls.java:214)
	at org.apache.ratis.thirdparty.io.grpc.stub.ClientCalls.blockingUnaryCall(ClientCalls.java:139)
	at org.apache.ratis.proto.grpc.AdminProtocolServiceGrpc$AdminProtocolServiceBlockingStub.groupManagement(AdminProtocolServiceGrpc.java:274)
	at org.apache.ratis.grpc.client.GrpcClientProtocolClient.lambda$groupAdd$3(GrpcClientProtocolClient.java:140)
	at org.apache.ratis.grpc.client.GrpcClientProtocolClient.blockingCall(GrpcClientProtocolClient.java:167)
	... 25 more
2019-09-04 10:54:35,466 [RATISCREATEPIPELINE2] ERROR pipeline.RatisPipelineProvider (RatisPipelineProvider.java:lambda$null$5(236)) - Failed invoke Ratis rpc org.apache.hadoop.hdds.scm.pipeline.RatisPipelineProvider$$Lambda$201/1423215268@1c17e686 for af967e59-4194-4ca7-b6c8-8e0983d32eae
org.apache.ratis.protocol.TimeoutIOException: deadline exceeded after 2999808742ns
	at org.apache.ratis.grpc.GrpcUtil.tryUnwrapException(GrpcUtil.java:82)
	at org.apache.ratis.grpc.GrpcUtil.unwrapException(GrpcUtil.java:75)
	at org.apache.ratis.grpc.client.GrpcClientProtocolClient.blockingCall(GrpcClientProtocolClient.java:169)
	at org.apache.ratis.grpc.client.GrpcClientProtocolClient.groupAdd(GrpcClientProtocolClient.java:138)
	at org.apache.ratis.grpc.client.GrpcClientRpc.sendRequest(GrpcClientRpc.java:94)
	at org.apache.ratis.client.impl.RaftClientImpl.sendRequest(RaftClientImpl.java:279)
	at org.apache.ratis.client.impl.RaftClientImpl.groupAdd(RaftClientImpl.java:206)
	at org.apache.hadoop.hdds.scm.pipeline.RatisPipelineProvider.lambda$initializePipeline$4(RatisPipelineProvider.java:195)
	at org.apache.hadoop.hdds.scm.pipeline.RatisPipelineProvider.lambda$null$5(RatisPipelineProvider.java:232)
	at java.util.stream.ForEachOps$ForEachOp$OfRef.accept(ForEachOps.java:184)
	at java.util.ArrayList$ArrayListSpliterator.forEachRemaining(ArrayList.java:1382)
	at java.util.stream.AbstractPipeline.copyInto(AbstractPipeline.java:482)
	at java.util.stream.ForEachOps$ForEachTask.compute(ForEachOps.java:291)
	at java.util.concurrent.CountedCompleter.exec(CountedCompleter.java:731)
	at java.util.concurrent.ForkJoinTask.doExec(ForkJoinTask.java:289)
	at java.util.concurrent.ForkJoinPool$WorkQueue.runTask(ForkJoinPool.java:1056)
	at java.util.concurrent.ForkJoinPool.runWorker(ForkJoinPool.java:1692)
	at java.util.concurrent.ForkJoinWorkerThread.run(ForkJoinWorkerThread.java:157)
Caused by: org.apache.ratis.thirdparty.io.grpc.StatusRuntimeException: DEADLINE_EXCEEDED: deadline exceeded after 2999808742ns
	at org.apache.ratis.thirdparty.io.grpc.stub.ClientCalls.toStatusRuntimeException(ClientCalls.java:233)
	at org.apache.ratis.thirdparty.io.grpc.stub.ClientCalls.getUnchecked(ClientCalls.java:214)
	at org.apache.ratis.thirdparty.io.grpc.stub.ClientCalls.blockingUnaryCall(ClientCalls.java:139)
	at org.apache.ratis.proto.grpc.AdminProtocolServiceGrpc$AdminProtocolServiceBlockingStub.groupManagement(AdminProtocolServiceGrpc.java:274)
	at org.apache.ratis.grpc.client.GrpcClientProtocolClient.lambda$groupAdd$3(GrpcClientProtocolClient.java:140)
	at org.apache.ratis.grpc.client.GrpcClientProtocolClient.blockingCall(GrpcClientProtocolClient.java:167)
	... 15 more
2019-09-04 10:54:35,507 [grpc-default-executor-3] INFO  impl.RaftServerProxy (RaftServerProxy.java:addNew(89)) - af967e59-4194-4ca7-b6c8-8e0983d32eae: addNew group-A94D5FD2E5BF:[af967e59-4194-4ca7-b6c8-8e0983d32eae:192.168.5.153:38797] returns group-A94D5FD2E5BF:java.util.concurrent.CompletableFuture@7ca80915[Not completed]
2019-09-04 10:54:37,143 [pool-27-thread-1] INFO  storage.RaftStorage (RaftStorage.java:format(72)) - Storage directory /workdir/hadoop-ozone/integration-test/target/test-dir/MiniOzoneClusterImpl-ef69ce0e-7233-4eeb-a967-488b402a98c8/datanode-0/data/ratis/8e9652b2-320c-449a-8842-c8d388620cba has been successfully formatted.
2019-09-04 10:54:37,147 [pool-27-thread-1] INFO  ratis.ContainerStateMachine (ContainerStateMachine.java:loadSnapshot(227)) - group-C8D388620CBA: The snapshot info is null. Setting the last applied indexto:(t:0, i:~)
2019-09-04 10:54:37,147 [pool-27-thread-1] INFO  server.RaftServerConfigKeys (ConfUtils.java:logGet(43)) - raft.server.leader.election.timeout = 120s (custom)
2019-09-04 10:54:37,151 [pool-27-thread-1] INFO  server.RaftServerConfigKeys (ConfUtils.java:logGet(43)) - raft.server.log.use.memory = false (default)
2019-09-04 10:54:37,159 [pool-27-thread-1] INFO  server.RaftServerConfigKeys (ConfUtils.java:logGet(43)) - raft.server.log.purge.gap = 1000000 (custom)
2019-09-04 10:54:37,159 [pool-27-thread-1] INFO  server.RaftServerConfigKeys (ConfUtils.java:logGet(43)) - raft.server.log.appender.buffer.byte-limit = 33554432 (custom)
2019-09-04 10:54:37,161 [pool-27-thread-1] INFO  server.RaftServerConfigKeys (ConfUtils.java:logGet(43)) - raft.server.log.segment.size.max = 1048576 (custom)
2019-09-04 10:54:37,168 [pool-27-thread-1] INFO  server.RaftServerConfigKeys (ConfUtils.java:logGet(43)) - raft.server.log.segment.cache.num.max = 2 (custom)
2019-09-04 10:54:37,176 [pool-27-thread-1] INFO  segmented.SegmentedRaftLogWorker (SegmentedRaftLogWorker.java:<init>(172)) - new 03b339be-1ad7-4cbc-8fdc-bf8ef692ccc8-SegmentedRaftLogWorker:Storage Directory /workdir/hadoop-ozone/integration-test/target/test-dir/MiniOzoneClusterImpl-ef69ce0e-7233-4eeb-a967-488b402a98c8/datanode-0/data/ratis/8e9652b2-320c-449a-8842-c8d388620cba for RaftStorage:Storage Directory /workdir/hadoop-ozone/integration-test/target/test-dir/MiniOzoneClusterImpl-ef69ce0e-7233-4eeb-a967-488b402a98c8/datanode-0/data/ratis/8e9652b2-320c-449a-8842-c8d388620cba
2019-09-04 10:54:37,192 [pool-27-thread-1] INFO  server.RaftServerConfigKeys (ConfUtils.java:logGet(43)) - raft.server.log.queue.byte-limit = 2147483647 (custom)
2019-09-04 10:54:37,193 [pool-27-thread-1] INFO  server.RaftServerConfigKeys (ConfUtils.java:logGet(43)) - raft.server.log.queue.element-limit = 1024 (custom)
2019-09-04 10:54:37,199 [pool-27-thread-1] INFO  server.RaftServerConfigKeys (ConfUtils.java:logGet(43)) - raft.server.log.segment.size.max = 1048576 (custom)
2019-09-04 10:54:37,200 [pool-27-thread-1] INFO  server.RaftServerConfigKeys (ConfUtils.java:logGet(43)) - raft.server.log.preallocated.size = 16384 (custom)
2019-09-04 10:54:37,200 [pool-27-thread-1] INFO  server.RaftServerConfigKeys (ConfUtils.java:logGet(43)) - raft.server.log.write.buffer.size = 33554432 (custom)
2019-09-04 10:54:37,201 [pool-27-thread-1] INFO  server.RaftServerConfigKeys (ConfUtils.java:logGet(43)) - raft.server.log.force.sync.num = 128 (default)
2019-09-04 10:54:37,202 [pool-27-thread-1] INFO  server.RaftServerConfigKeys (ConfUtils.java:logGet(43)) - raft.server.log.statemachine.data.sync = true (default)
2019-09-04 10:54:37,202 [pool-27-thread-1] INFO  server.RaftServerConfigKeys (ConfUtils.java:logGet(43)) - raft.server.log.statemachine.data.sync.timeout = 10s (default)
2019-09-04 10:54:37,203 [pool-27-thread-1] INFO  server.RaftServerConfigKeys (ConfUtils.java:logGet(43)) - raft.server.log.statemachine.data.sync.timeout.retry = -1 (default)
2019-09-04 10:54:37,213 [pool-27-thread-1] INFO  server.RaftServerConfigKeys (ConfUtils.java:logGet(43)) - raft.server.log.statemachine.data.caching.enabled = true (custom)
2019-09-04 10:54:37,219 [pool-27-thread-1] INFO  segmented.SegmentedRaftLogWorker (SegmentedRaftLogWorker.java:lambda$new$0(132)) - 03b339be-1ad7-4cbc-8fdc-bf8ef692ccc8-SegmentedRaftLogWorker:Storage Directory /workdir/hadoop-ozone/integration-test/target/test-dir/MiniOzoneClusterImpl-ef69ce0e-7233-4eeb-a967-488b402a98c8/datanode-0/data/ratis/8e9652b2-320c-449a-8842-c8d388620cba: flushIndex: setUnconditionally 0 -> -1
2019-09-04 10:54:37,224 [pool-27-thread-1] INFO  server.RaftServerConfigKeys (ConfUtils.java:logGet(43)) - raft.server.snapshot.auto.trigger.enabled = true (custom)
2019-09-04 10:54:37,225 [pool-27-thread-1] INFO  server.RaftServerConfigKeys (ConfUtils.java:logGet(43)) - raft.server.snapshot.auto.trigger.threshold = 10000 (custom)
2019-09-04 10:54:37,225 [pool-27-thread-1] INFO  server.RaftServerConfigKeys (ConfUtils.java:logGet(43)) - raft.server.retrycache.expirytime = 600000ms (custom)
2019-09-04 10:54:37,251 [pool-27-thread-1] INFO  impl.RaftServerImpl (RaftServerImpl.java:start(180)) - 03b339be-1ad7-4cbc-8fdc-bf8ef692ccc8: start group-C8D388620CBA
2019-09-04 10:54:37,252 [pool-27-thread-1] INFO  impl.RaftServerImpl (RaftServerImpl.java:setRole(171)) - 03b339be-1ad7-4cbc-8fdc-bf8ef692ccc8:group-C8D388620CBA changes role from null to FOLLOWER at term 0 for startAsFollower
2019-09-04 10:54:37,253 [pool-27-thread-1] INFO  impl.RoleInfo (RoleInfo.java:updateAndGet(143)) - 03b339be-1ad7-4cbc-8fdc-bf8ef692ccc8: start FollowerState
2019-09-04 10:54:37,255 [pool-27-thread-1] INFO  util.JmxRegister (JmxRegister.java:tryRegister(44)) - Successfully registered JMX Bean with object name Ratis:service=RaftServer,group=group-C8D388620CBA,id=03b339be-1ad7-4cbc-8fdc-bf8ef692ccc8
2019-09-04 10:54:37,914 [pool-87-thread-1] INFO  storage.RaftStorage (RaftStorage.java:format(72)) - Storage directory /workdir/hadoop-ozone/integration-test/target/test-dir/MiniOzoneClusterImpl-ef69ce0e-7233-4eeb-a967-488b402a98c8/datanode-6/data/ratis/1dd8667d-5736-41dc-be65-305d90ed7d72 has been successfully formatted.
2019-09-04 10:54:37,914 [pool-37-thread-1] INFO  storage.RaftStorage (RaftStorage.java:format(72)) - Storage directory /workdir/hadoop-ozone/integration-test/target/test-dir/MiniOzoneClusterImpl-ef69ce0e-7233-4eeb-a967-488b402a98c8/datanode-1/data/ratis/1dd8667d-5736-41dc-be65-305d90ed7d72 has been successfully formatted.
2019-09-04 10:54:37,914 [pool-57-thread-1] INFO  storage.RaftStorage (RaftStorage.java:format(72)) - Storage directory /workdir/hadoop-ozone/integration-test/target/test-dir/MiniOzoneClusterImpl-ef69ce0e-7233-4eeb-a967-488b402a98c8/datanode-3/data/ratis/1dd8667d-5736-41dc-be65-305d90ed7d72 has been successfully formatted.
2019-09-04 10:54:37,919 [pool-37-thread-1] INFO  ratis.ContainerStateMachine (ContainerStateMachine.java:loadSnapshot(227)) - group-305D90ED7D72: The snapshot info is null. Setting the last applied indexto:(t:0, i:~)
2019-09-04 10:54:37,919 [pool-87-thread-1] INFO  ratis.ContainerStateMachine (ContainerStateMachine.java:loadSnapshot(227)) - group-305D90ED7D72: The snapshot info is null. Setting the last applied indexto:(t:0, i:~)
2019-09-04 10:54:37,919 [pool-57-thread-1] INFO  ratis.ContainerStateMachine (ContainerStateMachine.java:loadSnapshot(227)) - group-305D90ED7D72: The snapshot info is null. Setting the last applied indexto:(t:0, i:~)
2019-09-04 10:54:37,921 [pool-87-thread-1] INFO  server.RaftServerConfigKeys (ConfUtils.java:logGet(43)) - raft.server.leader.election.timeout = 120s (custom)
2019-09-04 10:54:37,921 [pool-37-thread-1] INFO  server.RaftServerConfigKeys (ConfUtils.java:logGet(43)) - raft.server.leader.election.timeout = 120s (custom)
2019-09-04 10:54:37,922 [pool-87-thread-1] INFO  server.RaftServerConfigKeys (ConfUtils.java:logGet(43)) - raft.server.log.use.memory = false (default)
2019-09-04 10:54:37,921 [pool-57-thread-1] INFO  server.RaftServerConfigKeys (ConfUtils.java:logGet(43)) - raft.server.leader.election.timeout = 120s (custom)
2019-09-04 10:54:37,922 [pool-87-thread-1] INFO  server.RaftServerConfigKeys (ConfUtils.java:logGet(43)) - raft.server.log.purge.gap = 1000000 (custom)
2019-09-04 10:54:37,922 [pool-57-thread-1] INFO  server.RaftServerConfigKeys (ConfUtils.java:logGet(43)) - raft.server.log.use.memory = false (default)
2019-09-04 10:54:37,922 [pool-37-thread-1] INFO  server.RaftServerConfigKeys (ConfUtils.java:logGet(43)) - raft.server.log.use.memory = false (default)
2019-09-04 10:54:37,923 [pool-57-thread-1] INFO  server.RaftServerConfigKeys (ConfUtils.java:logGet(43)) - raft.server.log.purge.gap = 1000000 (custom)
2019-09-04 10:54:37,923 [pool-87-thread-1] INFO  server.RaftServerConfigKeys (ConfUtils.java:logGet(43)) - raft.server.log.appender.buffer.byte-limit = 33554432 (custom)
2019-09-04 10:54:37,923 [pool-57-thread-1] INFO  server.RaftServerConfigKeys (ConfUtils.java:logGet(43)) - raft.server.log.appender.buffer.byte-limit = 33554432 (custom)
2019-09-04 10:54:37,923 [pool-37-thread-1] INFO  server.RaftServerConfigKeys (ConfUtils.java:logGet(43)) - raft.server.log.purge.gap = 1000000 (custom)
2019-09-04 10:54:37,923 [pool-57-thread-1] INFO  server.RaftServerConfigKeys (ConfUtils.java:logGet(43)) - raft.server.log.segment.size.max = 1048576 (custom)
2019-09-04 10:54:37,923 [pool-87-thread-1] INFO  server.RaftServerConfigKeys (ConfUtils.java:logGet(43)) - raft.server.log.segment.size.max = 1048576 (custom)
2019-09-04 10:54:37,924 [pool-57-thread-1] INFO  server.RaftServerConfigKeys (ConfUtils.java:logGet(43)) - raft.server.log.segment.cache.num.max = 2 (custom)
2019-09-04 10:54:37,924 [pool-37-thread-1] INFO  server.RaftServerConfigKeys (ConfUtils.java:logGet(43)) - raft.server.log.appender.buffer.byte-limit = 33554432 (custom)
2019-09-04 10:54:37,924 [pool-57-thread-1] INFO  segmented.SegmentedRaftLogWorker (SegmentedRaftLogWorker.java:<init>(172)) - new 306f7091-fd43-44cb-822b-63a12337bb6f-SegmentedRaftLogWorker:Storage Directory /workdir/hadoop-ozone/integration-test/target/test-dir/MiniOzoneClusterImpl-ef69ce0e-7233-4eeb-a967-488b402a98c8/datanode-3/data/ratis/1dd8667d-5736-41dc-be65-305d90ed7d72 for RaftStorage:Storage Directory /workdir/hadoop-ozone/integration-test/target/test-dir/MiniOzoneClusterImpl-ef69ce0e-7233-4eeb-a967-488b402a98c8/datanode-3/data/ratis/1dd8667d-5736-41dc-be65-305d90ed7d72
2019-09-04 10:54:37,924 [pool-87-thread-1] INFO  server.RaftServerConfigKeys (ConfUtils.java:logGet(43)) - raft.server.log.segment.cache.num.max = 2 (custom)
2019-09-04 10:54:37,926 [pool-57-thread-1] INFO  server.RaftServerConfigKeys (ConfUtils.java:logGet(43)) - raft.server.log.queue.byte-limit = 2147483647 (custom)
2019-09-04 10:54:37,926 [pool-37-thread-1] INFO  server.RaftServerConfigKeys (ConfUtils.java:logGet(43)) - raft.server.log.segment.size.max = 1048576 (custom)
2019-09-04 10:54:37,928 [pool-57-thread-1] INFO  server.RaftServerConfigKeys (ConfUtils.java:logGet(43)) - raft.server.log.queue.element-limit = 1024 (custom)
2019-09-04 10:54:37,928 [pool-87-thread-1] INFO  segmented.SegmentedRaftLogWorker (SegmentedRaftLogWorker.java:<init>(172)) - new af967e59-4194-4ca7-b6c8-8e0983d32eae-SegmentedRaftLogWorker:Storage Directory /workdir/hadoop-ozone/integration-test/target/test-dir/MiniOzoneClusterImpl-ef69ce0e-7233-4eeb-a967-488b402a98c8/datanode-6/data/ratis/1dd8667d-5736-41dc-be65-305d90ed7d72 for RaftStorage:Storage Directory /workdir/hadoop-ozone/integration-test/target/test-dir/MiniOzoneClusterImpl-ef69ce0e-7233-4eeb-a967-488b402a98c8/datanode-6/data/ratis/1dd8667d-5736-41dc-be65-305d90ed7d72
2019-09-04 10:54:37,928 [pool-37-thread-1] INFO  server.RaftServerConfigKeys (ConfUtils.java:logGet(43)) - raft.server.log.segment.cache.num.max = 2 (custom)
2019-09-04 10:54:37,928 [pool-87-thread-1] INFO  server.RaftServerConfigKeys (ConfUtils.java:logGet(43)) - raft.server.log.queue.byte-limit = 2147483647 (custom)
2019-09-04 10:54:37,928 [pool-57-thread-1] INFO  server.RaftServerConfigKeys (ConfUtils.java:logGet(43)) - raft.server.log.segment.size.max = 1048576 (custom)
2019-09-04 10:54:37,930 [pool-87-thread-1] INFO  server.RaftServerConfigKeys (ConfUtils.java:logGet(43)) - raft.server.log.queue.element-limit = 1024 (custom)
2019-09-04 10:54:37,929 [pool-37-thread-1] INFO  segmented.SegmentedRaftLogWorker (SegmentedRaftLogWorker.java:<init>(172)) - new a94f35c6-e7cd-44f4-9fc5-5bedbc811dcb-SegmentedRaftLogWorker:Storage Directory /workdir/hadoop-ozone/integration-test/target/test-dir/MiniOzoneClusterImpl-ef69ce0e-7233-4eeb-a967-488b402a98c8/datanode-1/data/ratis/1dd8667d-5736-41dc-be65-305d90ed7d72 for RaftStorage:Storage Directory /workdir/hadoop-ozone/integration-test/target/test-dir/MiniOzoneClusterImpl-ef69ce0e-7233-4eeb-a967-488b402a98c8/datanode-1/data/ratis/1dd8667d-5736-41dc-be65-305d90ed7d72
2019-09-04 10:54:37,931 [pool-57-thread-1] INFO  server.RaftServerConfigKeys (ConfUtils.java:logGet(43)) - raft.server.log.preallocated.size = 16384 (custom)
2019-09-04 10:54:37,931 [pool-37-thread-1] INFO  server.RaftServerConfigKeys (ConfUtils.java:logGet(43)) - raft.server.log.queue.byte-limit = 2147483647 (custom)
2019-09-04 10:54:37,931 [pool-87-thread-1] INFO  server.RaftServerConfigKeys (ConfUtils.java:logGet(43)) - raft.server.log.segment.size.max = 1048576 (custom)
2019-09-04 10:54:37,933 [pool-37-thread-1] INFO  server.RaftServerConfigKeys (ConfUtils.java:logGet(43)) - raft.server.log.queue.element-limit = 1024 (custom)
2019-09-04 10:54:37,931 [pool-57-thread-1] INFO  server.RaftServerConfigKeys (ConfUtils.java:logGet(43)) - raft.server.log.write.buffer.size = 33554432 (custom)
2019-09-04 10:54:37,933 [pool-87-thread-1] INFO  server.RaftServerConfigKeys (ConfUtils.java:logGet(43)) - raft.server.log.preallocated.size = 16384 (custom)
2019-09-04 10:54:37,933 [pool-57-thread-1] INFO  server.RaftServerConfigKeys (ConfUtils.java:logGet(43)) - raft.server.log.force.sync.num = 128 (default)
2019-09-04 10:54:37,933 [pool-37-thread-1] INFO  server.RaftServerConfigKeys (ConfUtils.java:logGet(43)) - raft.server.log.segment.size.max = 1048576 (custom)
2019-09-04 10:54:37,933 [pool-57-thread-1] INFO  server.RaftServerConfigKeys (ConfUtils.java:logGet(43)) - raft.server.log.statemachine.data.sync = true (default)
2019-09-04 10:54:37,933 [pool-87-thread-1] INFO  server.RaftServerConfigKeys (ConfUtils.java:logGet(43)) - raft.server.log.write.buffer.size = 33554432 (custom)
2019-09-04 10:54:37,934 [pool-57-thread-1] INFO  server.RaftServerConfigKeys (ConfUtils.java:logGet(43)) - raft.server.log.statemachine.data.sync.timeout = 10s (default)
2019-09-04 10:54:37,934 [pool-37-thread-1] INFO  server.RaftServerConfigKeys (ConfUtils.java:logGet(43)) - raft.server.log.preallocated.size = 16384 (custom)
2019-09-04 10:54:37,934 [pool-57-thread-1] INFO  server.RaftServerConfigKeys (ConfUtils.java:logGet(43)) - raft.server.log.statemachine.data.sync.timeout.retry = -1 (default)
2019-09-04 10:54:37,934 [pool-87-thread-1] INFO  server.RaftServerConfigKeys (ConfUtils.java:logGet(43)) - raft.server.log.force.sync.num = 128 (default)
2019-09-04 10:54:37,934 [pool-37-thread-1] INFO  server.RaftServerConfigKeys (ConfUtils.java:logGet(43)) - raft.server.log.write.buffer.size = 33554432 (custom)
2019-09-04 10:54:37,934 [pool-57-thread-1] INFO  server.RaftServerConfigKeys (ConfUtils.java:logGet(43)) - raft.server.log.statemachine.data.caching.enabled = true (custom)
2019-09-04 10:54:37,934 [pool-87-thread-1] INFO  server.RaftServerConfigKeys (ConfUtils.java:logGet(43)) - raft.server.log.statemachine.data.sync = true (default)
2019-09-04 10:54:37,935 [pool-37-thread-1] INFO  server.RaftServerConfigKeys (ConfUtils.java:logGet(43)) - raft.server.log.force.sync.num = 128 (default)
2019-09-04 10:54:37,935 [pool-57-thread-1] INFO  segmented.SegmentedRaftLogWorker (SegmentedRaftLogWorker.java:lambda$new$0(132)) - 306f7091-fd43-44cb-822b-63a12337bb6f-SegmentedRaftLogWorker:Storage Directory /workdir/hadoop-ozone/integration-test/target/test-dir/MiniOzoneClusterImpl-ef69ce0e-7233-4eeb-a967-488b402a98c8/datanode-3/data/ratis/1dd8667d-5736-41dc-be65-305d90ed7d72: flushIndex: setUnconditionally 0 -> -1
2019-09-04 10:54:37,935 [pool-87-thread-1] INFO  server.RaftServerConfigKeys (ConfUtils.java:logGet(43)) - raft.server.log.statemachine.data.sync.timeout = 10s (default)
2019-09-04 10:54:37,935 [pool-37-thread-1] INFO  server.RaftServerConfigKeys (ConfUtils.java:logGet(43)) - raft.server.log.statemachine.data.sync = true (default)
2019-09-04 10:54:37,935 [pool-57-thread-1] INFO  server.RaftServerConfigKeys (ConfUtils.java:logGet(43)) - raft.server.snapshot.auto.trigger.enabled = true (custom)
2019-09-04 10:54:37,935 [pool-87-thread-1] INFO  server.RaftServerConfigKeys (ConfUtils.java:logGet(43)) - raft.server.log.statemachine.data.sync.timeout.retry = -1 (default)
2019-09-04 10:54:37,935 [pool-57-thread-1] INFO  server.RaftServerConfigKeys (ConfUtils.java:logGet(43)) - raft.server.snapshot.auto.trigger.threshold = 10000 (custom)
2019-09-04 10:54:37,935 [pool-37-thread-1] INFO  server.RaftServerConfigKeys (ConfUtils.java:logGet(43)) - raft.server.log.statemachine.data.sync.timeout = 10s (default)
2019-09-04 10:54:37,936 [pool-57-thread-1] INFO  server.RaftServerConfigKeys (ConfUtils.java:logGet(43)) - raft.server.retrycache.expirytime = 600000ms (custom)
2019-09-04 10:54:37,936 [pool-87-thread-1] INFO  server.RaftServerConfigKeys (ConfUtils.java:logGet(43)) - raft.server.log.statemachine.data.caching.enabled = true (custom)
2019-09-04 10:54:37,936 [pool-37-thread-1] INFO  server.RaftServerConfigKeys (ConfUtils.java:logGet(43)) - raft.server.log.statemachine.data.sync.timeout.retry = -1 (default)
2019-09-04 10:54:37,936 [pool-87-thread-1] INFO  segmented.SegmentedRaftLogWorker (SegmentedRaftLogWorker.java:lambda$new$0(132)) - af967e59-4194-4ca7-b6c8-8e0983d32eae-SegmentedRaftLogWorker:Storage Directory /workdir/hadoop-ozone/integration-test/target/test-dir/MiniOzoneClusterImpl-ef69ce0e-7233-4eeb-a967-488b402a98c8/datanode-6/data/ratis/1dd8667d-5736-41dc-be65-305d90ed7d72: flushIndex: setUnconditionally 0 -> -1
2019-09-04 10:54:37,936 [pool-37-thread-1] INFO  server.RaftServerConfigKeys (ConfUtils.java:logGet(43)) - raft.server.log.statemachine.data.caching.enabled = true (custom)
2019-09-04 10:54:37,937 [pool-87-thread-1] INFO  server.RaftServerConfigKeys (ConfUtils.java:logGet(43)) - raft.server.snapshot.auto.trigger.enabled = true (custom)
2019-09-04 10:54:37,937 [pool-37-thread-1] INFO  segmented.SegmentedRaftLogWorker (SegmentedRaftLogWorker.java:lambda$new$0(132)) - a94f35c6-e7cd-44f4-9fc5-5bedbc811dcb-SegmentedRaftLogWorker:Storage Directory /workdir/hadoop-ozone/integration-test/target/test-dir/MiniOzoneClusterImpl-ef69ce0e-7233-4eeb-a967-488b402a98c8/datanode-1/data/ratis/1dd8667d-5736-41dc-be65-305d90ed7d72: flushIndex: setUnconditionally 0 -> -1
2019-09-04 10:54:37,937 [pool-87-thread-1] INFO  server.RaftServerConfigKeys (ConfUtils.java:logGet(43)) - raft.server.snapshot.auto.trigger.threshold = 10000 (custom)
2019-09-04 10:54:37,937 [pool-37-thread-1] INFO  server.RaftServerConfigKeys (ConfUtils.java:logGet(43)) - raft.server.snapshot.auto.trigger.enabled = true (custom)
2019-09-04 10:54:37,937 [pool-87-thread-1] INFO  server.RaftServerConfigKeys (ConfUtils.java:logGet(43)) - raft.server.retrycache.expirytime = 600000ms (custom)
2019-09-04 10:54:37,937 [pool-37-thread-1] INFO  server.RaftServerConfigKeys (ConfUtils.java:logGet(43)) - raft.server.snapshot.auto.trigger.threshold = 10000 (custom)
2019-09-04 10:54:37,938 [pool-37-thread-1] INFO  server.RaftServerConfigKeys (ConfUtils.java:logGet(43)) - raft.server.retrycache.expirytime = 600000ms (custom)
2019-09-04 10:54:37,938 [pool-57-thread-1] INFO  impl.RaftServerImpl (RaftServerImpl.java:<init>(93)) - 306f7091-fd43-44cb-822b-63a12337bb6f: new RaftServerImpl for group-EA9A34BEEC33:[af967e59-4194-4ca7-b6c8-8e0983d32eae:192.168.5.153:38797, a94f35c6-e7cd-44f4-9fc5-5bedbc811dcb:192.168.5.153:36627, 306f7091-fd43-44cb-822b-63a12337bb6f:192.168.5.153:42255] with ContainerStateMachine:uninitialized
2019-09-04 10:54:37,938 [pool-57-thread-1] INFO  server.RaftServerConfigKeys (ConfUtils.java:logGet(43)) - raft.server.rpc.timeout.min = 5s (custom)
2019-09-04 10:54:37,938 [pool-57-thread-1] INFO  server.RaftServerConfigKeys (ConfUtils.java:logGet(43)) - raft.server.rpc.timeout.max = 5200ms (custom)
2019-09-04 10:54:37,938 [pool-57-thread-1] INFO  server.RaftServerConfigKeys (ConfUtils.java:logGet(43)) - raft.server.rpcslowness.timeout = 120s (custom)
2019-09-04 10:54:37,938 [pool-57-thread-1] INFO  server.RaftServerConfigKeys (ConfUtils.java:logGet(43)) - raft.server.sleep.deviation.threshold = 300 (default)
2019-09-04 10:54:37,939 [pool-57-thread-1] INFO  server.RaftServerConfigKeys (ConfUtils.java:logGet(43)) - raft.server.log.appender.install.snapshot.enabled = false (custom)
2019-09-04 10:54:37,939 [pool-57-thread-1] INFO  impl.RaftServerImpl (ServerState.java:<init>(105)) - 306f7091-fd43-44cb-822b-63a12337bb6f:group-EA9A34BEEC33 ConfigurationManager, init=-1: [af967e59-4194-4ca7-b6c8-8e0983d32eae:192.168.5.153:38797, a94f35c6-e7cd-44f4-9fc5-5bedbc811dcb:192.168.5.153:36627, 306f7091-fd43-44cb-822b-63a12337bb6f:192.168.5.153:42255], old=null, confs=<EMPTY_MAP>
2019-09-04 10:54:37,939 [pool-57-thread-1] INFO  server.RaftServerConfigKeys (ConfUtils.java:logGet(43)) - raft.server.storage.dir = [/workdir/hadoop-ozone/integration-test/target/test-dir/MiniOzoneClusterImpl-ef69ce0e-7233-4eeb-a967-488b402a98c8/datanode-3/data/ratis] (custom)
2019-09-04 10:54:37,939 [pool-57-thread-1] INFO  storage.RaftStorageDirectory (RaftStorageDirectory.java:analyzeStorage(246)) - The storage directory /workdir/hadoop-ozone/integration-test/target/test-dir/MiniOzoneClusterImpl-ef69ce0e-7233-4eeb-a967-488b402a98c8/datanode-3/data/ratis/da25b56d-8bb5-432e-8aed-ea9a34beec33 does not exist. Creating ...
2019-09-04 10:54:37,939 [pool-87-thread-1] INFO  impl.RaftServerImpl (RaftServerImpl.java:<init>(93)) - af967e59-4194-4ca7-b6c8-8e0983d32eae: new RaftServerImpl for group-EA9A34BEEC33:[af967e59-4194-4ca7-b6c8-8e0983d32eae:192.168.5.153:38797, a94f35c6-e7cd-44f4-9fc5-5bedbc811dcb:192.168.5.153:36627, 306f7091-fd43-44cb-822b-63a12337bb6f:192.168.5.153:42255] with ContainerStateMachine:uninitialized
2019-09-04 10:54:37,940 [pool-87-thread-1] INFO  server.RaftServerConfigKeys (ConfUtils.java:logGet(43)) - raft.server.rpc.timeout.min = 5s (custom)
2019-09-04 10:54:37,940 [pool-87-thread-1] INFO  server.RaftServerConfigKeys (ConfUtils.java:logGet(43)) - raft.server.rpc.timeout.max = 5200ms (custom)
2019-09-04 10:54:37,940 [pool-87-thread-1] INFO  server.RaftServerConfigKeys (ConfUtils.java:logGet(43)) - raft.server.rpcslowness.timeout = 120s (custom)
2019-09-04 10:54:37,940 [pool-87-thread-1] INFO  server.RaftServerConfigKeys (ConfUtils.java:logGet(43)) - raft.server.sleep.deviation.threshold = 300 (default)
2019-09-04 10:54:37,940 [pool-87-thread-1] INFO  server.RaftServerConfigKeys (ConfUtils.java:logGet(43)) - raft.server.log.appender.install.snapshot.enabled = false (custom)
2019-09-04 10:54:37,940 [pool-37-thread-1] INFO  impl.RaftServerImpl (RaftServerImpl.java:<init>(93)) - a94f35c6-e7cd-44f4-9fc5-5bedbc811dcb: new RaftServerImpl for group-EA9A34BEEC33:[af967e59-4194-4ca7-b6c8-8e0983d32eae:192.168.5.153:38797, a94f35c6-e7cd-44f4-9fc5-5bedbc811dcb:192.168.5.153:36627, 306f7091-fd43-44cb-822b-63a12337bb6f:192.168.5.153:42255] with ContainerStateMachine:uninitialized
2019-09-04 10:54:37,940 [pool-87-thread-1] INFO  impl.RaftServerImpl (ServerState.java:<init>(105)) - af967e59-4194-4ca7-b6c8-8e0983d32eae:group-EA9A34BEEC33 ConfigurationManager, init=-1: [af967e59-4194-4ca7-b6c8-8e0983d32eae:192.168.5.153:38797, a94f35c6-e7cd-44f4-9fc5-5bedbc811dcb:192.168.5.153:36627, 306f7091-fd43-44cb-822b-63a12337bb6f:192.168.5.153:42255], old=null, confs=<EMPTY_MAP>
2019-09-04 10:54:37,940 [pool-37-thread-1] INFO  server.RaftServerConfigKeys (ConfUtils.java:logGet(43)) - raft.server.rpc.timeout.min = 5s (custom)
2019-09-04 10:54:37,941 [pool-87-thread-1] INFO  server.RaftServerConfigKeys (ConfUtils.java:logGet(43)) - raft.server.storage.dir = [/workdir/hadoop-ozone/integration-test/target/test-dir/MiniOzoneClusterImpl-ef69ce0e-7233-4eeb-a967-488b402a98c8/datanode-6/data/ratis] (custom)
2019-09-04 10:54:37,941 [pool-37-thread-1] INFO  server.RaftServerConfigKeys (ConfUtils.java:logGet(43)) - raft.server.rpc.timeout.max = 5200ms (custom)
2019-09-04 10:54:37,941 [pool-37-thread-1] INFO  server.RaftServerConfigKeys (ConfUtils.java:logGet(43)) - raft.server.rpcslowness.timeout = 120s (custom)
2019-09-04 10:54:37,941 [pool-87-thread-1] INFO  storage.RaftStorageDirectory (RaftStorageDirectory.java:analyzeStorage(246)) - The storage directory /workdir/hadoop-ozone/integration-test/target/test-dir/MiniOzoneClusterImpl-ef69ce0e-7233-4eeb-a967-488b402a98c8/datanode-6/data/ratis/da25b56d-8bb5-432e-8aed-ea9a34beec33 does not exist. Creating ...
2019-09-04 10:54:37,941 [pool-37-thread-1] INFO  server.RaftServerConfigKeys (ConfUtils.java:logGet(43)) - raft.server.sleep.deviation.threshold = 300 (default)
2019-09-04 10:54:37,941 [pool-37-thread-1] INFO  server.RaftServerConfigKeys (ConfUtils.java:logGet(43)) - raft.server.log.appender.install.snapshot.enabled = false (custom)
2019-09-04 10:54:37,941 [pool-37-thread-1] INFO  impl.RaftServerImpl (ServerState.java:<init>(105)) - a94f35c6-e7cd-44f4-9fc5-5bedbc811dcb:group-EA9A34BEEC33 ConfigurationManager, init=-1: [af967e59-4194-4ca7-b6c8-8e0983d32eae:192.168.5.153:38797, a94f35c6-e7cd-44f4-9fc5-5bedbc811dcb:192.168.5.153:36627, 306f7091-fd43-44cb-822b-63a12337bb6f:192.168.5.153:42255], old=null, confs=<EMPTY_MAP>
2019-09-04 10:54:37,942 [pool-37-thread-1] INFO  server.RaftServerConfigKeys (ConfUtils.java:logGet(43)) - raft.server.storage.dir = [/workdir/hadoop-ozone/integration-test/target/test-dir/MiniOzoneClusterImpl-ef69ce0e-7233-4eeb-a967-488b402a98c8/datanode-1/data/ratis] (custom)
2019-09-04 10:54:37,942 [pool-37-thread-1] INFO  storage.RaftStorageDirectory (RaftStorageDirectory.java:analyzeStorage(246)) - The storage directory /workdir/hadoop-ozone/integration-test/target/test-dir/MiniOzoneClusterImpl-ef69ce0e-7233-4eeb-a967-488b402a98c8/datanode-1/data/ratis/da25b56d-8bb5-432e-8aed-ea9a34beec33 does not exist. Creating ...
2019-09-04 10:54:38,491 [RATISCREATEPIPELINE1] ERROR pipeline.RatisPipelineProvider (RatisPipelineProvider.java:lambda$null$5(236)) - Failed invoke Ratis rpc org.apache.hadoop.hdds.scm.pipeline.RatisPipelineProvider$$Lambda$201/1423215268@3706f5d for af967e59-4194-4ca7-b6c8-8e0983d32eae
org.apache.ratis.protocol.TimeoutIOException: deadline exceeded after 2999586585ns
	at org.apache.ratis.grpc.GrpcUtil.tryUnwrapException(GrpcUtil.java:82)
	at org.apache.ratis.grpc.GrpcUtil.unwrapException(GrpcUtil.java:75)
	at org.apache.ratis.grpc.client.GrpcClientProtocolClient.blockingCall(GrpcClientProtocolClient.java:169)
	at org.apache.ratis.grpc.client.GrpcClientProtocolClient.groupAdd(GrpcClientProtocolClient.java:138)
	at org.apache.ratis.grpc.client.GrpcClientRpc.sendRequest(GrpcClientRpc.java:94)
	at org.apache.ratis.client.impl.RaftClientImpl.sendRequest(RaftClientImpl.java:279)
	at org.apache.ratis.client.impl.RaftClientImpl.groupAdd(RaftClientImpl.java:206)
	at org.apache.hadoop.hdds.scm.pipeline.RatisPipelineProvider.lambda$initializePipeline$4(RatisPipelineProvider.java:195)
	at org.apache.hadoop.hdds.scm.pipeline.RatisPipelineProvider.lambda$null$5(RatisPipelineProvider.java:232)
	at java.util.stream.ForEachOps$ForEachOp$OfRef.accept(ForEachOps.java:184)
	at java.util.ArrayList$ArrayListSpliterator.forEachRemaining(ArrayList.java:1382)
	at java.util.stream.AbstractPipeline.copyInto(AbstractPipeline.java:482)
	at java.util.stream.ForEachOps$ForEachTask.compute(ForEachOps.java:291)
	at java.util.concurrent.CountedCompleter.exec(CountedCompleter.java:731)
	at java.util.concurrent.ForkJoinTask.doExec(ForkJoinTask.java:289)
	at java.util.concurrent.ForkJoinTask.doInvoke(ForkJoinTask.java:401)
	at java.util.concurrent.ForkJoinTask.invoke(ForkJoinTask.java:734)
	at java.util.stream.ForEachOps$ForEachOp.evaluateParallel(ForEachOps.java:160)
	at java.util.stream.ForEachOps$ForEachOp$OfRef.evaluateParallel(ForEachOps.java:174)
	at java.util.stream.AbstractPipeline.evaluate(AbstractPipeline.java:233)
	at java.util.stream.ReferencePipeline.forEach(ReferencePipeline.java:418)
	at java.util.stream.ReferencePipeline$Head.forEach(ReferencePipeline.java:583)
	at org.apache.hadoop.hdds.scm.pipeline.RatisPipelineProvider.lambda$callRatisRpc$6(RatisPipelineProvider.java:226)
	at java.util.concurrent.ForkJoinTask$AdaptedRunnableAction.exec(ForkJoinTask.java:1386)
	at java.util.concurrent.ForkJoinTask.doExec(ForkJoinTask.java:289)
	at java.util.concurrent.ForkJoinPool$WorkQueue.runTask(ForkJoinPool.java:1056)
	at java.util.concurrent.ForkJoinPool.runWorker(ForkJoinPool.java:1692)
	at java.util.concurrent.ForkJoinWorkerThread.run(ForkJoinWorkerThread.java:157)
Caused by: org.apache.ratis.thirdparty.io.grpc.StatusRuntimeException: DEADLINE_EXCEEDED: deadline exceeded after 2999586585ns
	at org.apache.ratis.thirdparty.io.grpc.stub.ClientCalls.toStatusRuntimeException(ClientCalls.java:233)
	at org.apache.ratis.thirdparty.io.grpc.stub.ClientCalls.getUnchecked(ClientCalls.java:214)
	at org.apache.ratis.thirdparty.io.grpc.stub.ClientCalls.blockingUnaryCall(ClientCalls.java:139)
	at org.apache.ratis.proto.grpc.AdminProtocolServiceGrpc$AdminProtocolServiceBlockingStub.groupManagement(AdminProtocolServiceGrpc.java:274)
	at org.apache.ratis.grpc.client.GrpcClientProtocolClient.lambda$groupAdd$3(GrpcClientProtocolClient.java:140)
	at org.apache.ratis.grpc.client.GrpcClientProtocolClient.blockingCall(GrpcClientProtocolClient.java:167)
	... 25 more
2019-09-04 10:54:38,523 [grpc-default-executor-3] INFO  impl.RaftServerProxy (RaftServerProxy.java:addNew(89)) - a94f35c6-e7cd-44f4-9fc5-5bedbc811dcb: addNew group-F92D3B33CAEB:[af967e59-4194-4ca7-b6c8-8e0983d32eae:192.168.5.153:38797, a94f35c6-e7cd-44f4-9fc5-5bedbc811dcb:192.168.5.153:36627, 306f7091-fd43-44cb-822b-63a12337bb6f:192.168.5.153:42255] returns group-F92D3B33CAEB:java.util.concurrent.CompletableFuture@4d1e32a2[Not completed]
2019-09-04 10:54:38,523 [grpc-default-executor-2] INFO  impl.RaftServerProxy (RaftServerProxy.java:addNew(89)) - 306f7091-fd43-44cb-822b-63a12337bb6f: addNew group-F92D3B33CAEB:[af967e59-4194-4ca7-b6c8-8e0983d32eae:192.168.5.153:38797, a94f35c6-e7cd-44f4-9fc5-5bedbc811dcb:192.168.5.153:36627, 306f7091-fd43-44cb-822b-63a12337bb6f:192.168.5.153:42255] returns group-F92D3B33CAEB:java.util.concurrent.CompletableFuture@15b9a4af[Not completed]
2019-09-04 10:54:38,523 [grpc-default-executor-0] INFO  impl.RaftServerProxy (RaftServerProxy.java:addNew(89)) - af967e59-4194-4ca7-b6c8-8e0983d32eae: addNew group-F92D3B33CAEB:[af967e59-4194-4ca7-b6c8-8e0983d32eae:192.168.5.153:38797, a94f35c6-e7cd-44f4-9fc5-5bedbc811dcb:192.168.5.153:36627, 306f7091-fd43-44cb-822b-63a12337bb6f:192.168.5.153:42255] returns group-F92D3B33CAEB:java.util.concurrent.CompletableFuture@18cbdb6e[Not completed]
2019-09-04 10:54:41,515 [RATISCREATEPIPELINE2] ERROR pipeline.RatisPipelineProvider (RatisPipelineProvider.java:lambda$null$5(236)) - Failed invoke Ratis rpc org.apache.hadoop.hdds.scm.pipeline.RatisPipelineProvider$$Lambda$201/1423215268@11fea122 for af967e59-4194-4ca7-b6c8-8e0983d32eae
org.apache.ratis.protocol.TimeoutIOException: deadline exceeded after 2998043738ns
	at org.apache.ratis.grpc.GrpcUtil.tryUnwrapException(GrpcUtil.java:82)
	at org.apache.ratis.grpc.GrpcUtil.unwrapException(GrpcUtil.java:75)
	at org.apache.ratis.grpc.client.GrpcClientProtocolClient.blockingCall(GrpcClientProtocolClient.java:169)
	at org.apache.ratis.grpc.client.GrpcClientProtocolClient.groupAdd(GrpcClientProtocolClient.java:138)
	at org.apache.ratis.grpc.client.GrpcClientRpc.sendRequest(GrpcClientRpc.java:94)
	at org.apache.ratis.client.impl.RaftClientImpl.sendRequest(RaftClientImpl.java:279)
	at org.apache.ratis.client.impl.RaftClientImpl.groupAdd(RaftClientImpl.java:206)
	at org.apache.hadoop.hdds.scm.pipeline.RatisPipelineProvider.lambda$initializePipeline$4(RatisPipelineProvider.java:195)
	at org.apache.hadoop.hdds.scm.pipeline.RatisPipelineProvider.lambda$null$5(RatisPipelineProvider.java:232)
	at java.util.stream.ForEachOps$ForEachOp$OfRef.accept(ForEachOps.java:184)
	at java.util.ArrayList$ArrayListSpliterator.forEachRemaining(ArrayList.java:1382)
	at java.util.stream.AbstractPipeline.copyInto(AbstractPipeline.java:482)
	at java.util.stream.ForEachOps$ForEachTask.compute(ForEachOps.java:291)
	at java.util.concurrent.CountedCompleter.exec(CountedCompleter.java:731)
	at java.util.concurrent.ForkJoinTask.doExec(ForkJoinTask.java:289)
	at java.util.concurrent.ForkJoinPool$WorkQueue.runTask(ForkJoinPool.java:1056)
	at java.util.concurrent.ForkJoinPool.runWorker(ForkJoinPool.java:1692)
	at java.util.concurrent.ForkJoinWorkerThread.run(ForkJoinWorkerThread.java:157)
Caused by: org.apache.ratis.thirdparty.io.grpc.StatusRuntimeException: DEADLINE_EXCEEDED: deadline exceeded after 2998043738ns
	at org.apache.ratis.thirdparty.io.grpc.stub.ClientCalls.toStatusRuntimeException(ClientCalls.java:233)
	at org.apache.ratis.thirdparty.io.grpc.stub.ClientCalls.getUnchecked(ClientCalls.java:214)
	at org.apache.ratis.thirdparty.io.grpc.stub.ClientCalls.blockingUnaryCall(ClientCalls.java:139)
	at org.apache.ratis.proto.grpc.AdminProtocolServiceGrpc$AdminProtocolServiceBlockingStub.groupManagement(AdminProtocolServiceGrpc.java:274)
	at org.apache.ratis.grpc.client.GrpcClientProtocolClient.lambda$groupAdd$3(GrpcClientProtocolClient.java:140)
	at org.apache.ratis.grpc.client.GrpcClientProtocolClient.blockingCall(GrpcClientProtocolClient.java:167)
	... 15 more
2019-09-04 10:54:41,515 [RATISCREATEPIPELINE3] ERROR pipeline.RatisPipelineProvider (RatisPipelineProvider.java:lambda$null$5(236)) - Failed invoke Ratis rpc org.apache.hadoop.hdds.scm.pipeline.RatisPipelineProvider$$Lambda$201/1423215268@11fea122 for 306f7091-fd43-44cb-822b-63a12337bb6f
org.apache.ratis.protocol.TimeoutIOException: deadline exceeded after 2998079554ns
	at org.apache.ratis.grpc.GrpcUtil.tryUnwrapException(GrpcUtil.java:82)
	at org.apache.ratis.grpc.GrpcUtil.unwrapException(GrpcUtil.java:75)
	at org.apache.ratis.grpc.client.GrpcClientProtocolClient.blockingCall(GrpcClientProtocolClient.java:169)
	at org.apache.ratis.grpc.client.GrpcClientProtocolClient.groupAdd(GrpcClientProtocolClient.java:138)
	at org.apache.ratis.grpc.client.GrpcClientRpc.sendRequest(GrpcClientRpc.java:94)
	at org.apache.ratis.client.impl.RaftClientImpl.sendRequest(RaftClientImpl.java:279)
	at org.apache.ratis.client.impl.RaftClientImpl.groupAdd(RaftClientImpl.java:206)
	at org.apache.hadoop.hdds.scm.pipeline.RatisPipelineProvider.lambda$initializePipeline$4(RatisPipelineProvider.java:195)
	at org.apache.hadoop.hdds.scm.pipeline.RatisPipelineProvider.lambda$null$5(RatisPipelineProvider.java:232)
	at java.util.stream.ForEachOps$ForEachOp$OfRef.accept(ForEachOps.java:184)
	at java.util.ArrayList$ArrayListSpliterator.forEachRemaining(ArrayList.java:1382)
	at java.util.stream.AbstractPipeline.copyInto(AbstractPipeline.java:482)
	at java.util.stream.ForEachOps$ForEachTask.compute(ForEachOps.java:291)
	at java.util.concurrent.CountedCompleter.exec(CountedCompleter.java:731)
	at java.util.concurrent.ForkJoinTask.doExec(ForkJoinTask.java:289)
	at java.util.concurrent.ForkJoinPool$WorkQueue.runTask(ForkJoinPool.java:1056)
	at java.util.concurrent.ForkJoinPool.runWorker(ForkJoinPool.java:1692)
	at java.util.concurrent.ForkJoinWorkerThread.run(ForkJoinWorkerThread.java:157)
Caused by: org.apache.ratis.thirdparty.io.grpc.StatusRuntimeException: DEADLINE_EXCEEDED: deadline exceeded after 2998079554ns
	at org.apache.ratis.thirdparty.io.grpc.stub.ClientCalls.toStatusRuntimeException(ClientCalls.java:233)
	at org.apache.ratis.thirdparty.io.grpc.stub.ClientCalls.getUnchecked(ClientCalls.java:214)
	at org.apache.ratis.thirdparty.io.grpc.stub.ClientCalls.blockingUnaryCall(ClientCalls.java:139)
	at org.apache.ratis.proto.grpc.AdminProtocolServiceGrpc$AdminProtocolServiceBlockingStub.groupManagement(AdminProtocolServiceGrpc.java:274)
	at org.apache.ratis.grpc.client.GrpcClientProtocolClient.lambda$groupAdd$3(GrpcClientProtocolClient.java:140)
	at org.apache.ratis.grpc.client.GrpcClientProtocolClient.blockingCall(GrpcClientProtocolClient.java:167)
	... 15 more
2019-09-04 10:54:41,515 [RATISCREATEPIPELINE1] ERROR pipeline.RatisPipelineProvider (RatisPipelineProvider.java:lambda$null$5(236)) - Failed invoke Ratis rpc org.apache.hadoop.hdds.scm.pipeline.RatisPipelineProvider$$Lambda$201/1423215268@11fea122 for a94f35c6-e7cd-44f4-9fc5-5bedbc811dcb
org.apache.ratis.protocol.TimeoutIOException: deadline exceeded after 2999795265ns
	at org.apache.ratis.grpc.GrpcUtil.tryUnwrapException(GrpcUtil.java:82)
	at org.apache.ratis.grpc.GrpcUtil.unwrapException(GrpcUtil.java:75)
	at org.apache.ratis.grpc.client.GrpcClientProtocolClient.blockingCall(GrpcClientProtocolClient.java:169)
	at org.apache.ratis.grpc.client.GrpcClientProtocolClient.groupAdd(GrpcClientProtocolClient.java:138)
	at org.apache.ratis.grpc.client.GrpcClientRpc.sendRequest(GrpcClientRpc.java:94)
	at org.apache.ratis.client.impl.RaftClientImpl.sendRequest(RaftClientImpl.java:279)
	at org.apache.ratis.client.impl.RaftClientImpl.groupAdd(RaftClientImpl.java:206)
	at org.apache.hadoop.hdds.scm.pipeline.RatisPipelineProvider.lambda$initializePipeline$4(RatisPipelineProvider.java:195)
	at org.apache.hadoop.hdds.scm.pipeline.RatisPipelineProvider.lambda$null$5(RatisPipelineProvider.java:232)
	at java.util.stream.ForEachOps$ForEachOp$OfRef.accept(ForEachOps.java:184)
	at java.util.ArrayList$ArrayListSpliterator.forEachRemaining(ArrayList.java:1382)
	at java.util.stream.AbstractPipeline.copyInto(AbstractPipeline.java:482)
	at java.util.stream.ForEachOps$ForEachTask.compute(ForEachOps.java:291)
	at java.util.concurrent.CountedCompleter.exec(CountedCompleter.java:731)
	at java.util.concurrent.ForkJoinTask.doExec(ForkJoinTask.java:289)
	at java.util.concurrent.ForkJoinTask.doInvoke(ForkJoinTask.java:401)
	at java.util.concurrent.ForkJoinTask.invoke(ForkJoinTask.java:734)
	at java.util.stream.ForEachOps$ForEachOp.evaluateParallel(ForEachOps.java:160)
	at java.util.stream.ForEachOps$ForEachOp$OfRef.evaluateParallel(ForEachOps.java:174)
	at java.util.stream.AbstractPipeline.evaluate(AbstractPipeline.java:233)
	at java.util.stream.ReferencePipeline.forEach(ReferencePipeline.java:418)
	at java.util.stream.ReferencePipeline$Head.forEach(ReferencePipeline.java:583)
	at org.apache.hadoop.hdds.scm.pipeline.RatisPipelineProvider.lambda$callRatisRpc$6(RatisPipelineProvider.java:226)
	at java.util.concurrent.ForkJoinTask$AdaptedRunnableAction.exec(ForkJoinTask.java:1386)
	at java.util.concurrent.ForkJoinTask.doExec(ForkJoinTask.java:289)
	at java.util.concurrent.ForkJoinPool$WorkQueue.runTask(ForkJoinPool.java:1056)
	at java.util.concurrent.ForkJoinPool.runWorker(ForkJoinPool.java:1692)
	at java.util.concurrent.ForkJoinWorkerThread.run(ForkJoinWorkerThread.java:157)
Caused by: org.apache.ratis.thirdparty.io.grpc.StatusRuntimeException: DEADLINE_EXCEEDED: deadline exceeded after 2999795265ns
	at org.apache.ratis.thirdparty.io.grpc.stub.ClientCalls.toStatusRuntimeException(ClientCalls.java:233)
	at org.apache.ratis.thirdparty.io.grpc.stub.ClientCalls.getUnchecked(ClientCalls.java:214)
	at org.apache.ratis.thirdparty.io.grpc.stub.ClientCalls.blockingUnaryCall(ClientCalls.java:139)
	at org.apache.ratis.proto.grpc.AdminProtocolServiceGrpc$AdminProtocolServiceBlockingStub.groupManagement(AdminProtocolServiceGrpc.java:274)
	at org.apache.ratis.grpc.client.GrpcClientProtocolClient.lambda$groupAdd$3(GrpcClientProtocolClient.java:140)
	at org.apache.ratis.grpc.client.GrpcClientProtocolClient.blockingCall(GrpcClientProtocolClient.java:167)
	... 25 more
2019-09-04 10:54:41,528 [IPC Server handler 8 on 38085] INFO  ipc.Server (Server.java:logException(2726)) - IPC Server handler 8 on 38085, call Call#32 Retry#0 org.apache.hadoop.hdds.scm.protocol.StorageContainerLocationProtocol.allocateContainer from 192.168.5.153:35008
java.io.IOException: Could not allocate container. Cannot get any matching pipeline for Type:RATIS, Factor:THREE, State:PipelineState.OPEN
	at org.apache.hadoop.hdds.scm.container.ContainerStateManager.allocateContainer(ContainerStateManager.java:260)
	at org.apache.hadoop.hdds.scm.container.SCMContainerManager.allocateContainer(SCMContainerManager.java:247)
	at org.apache.hadoop.hdds.scm.server.SCMClientProtocolServer.allocateContainer(SCMClientProtocolServer.java:186)
	at org.apache.hadoop.ozone.protocolPB.StorageContainerLocationProtocolServerSideTranslatorPB.allocateContainer(StorageContainerLocationProtocolServerSideTranslatorPB.java:123)
	at org.apache.hadoop.hdds.protocol.proto.StorageContainerLocationProtocolProtos$StorageContainerLocationProtocolService$2.callBlockingMethod(StorageContainerLocationProtocolProtos.java:21239)
	at org.apache.hadoop.ipc.ProtobufRpcEngine$Server$ProtoBufRpcInvoker.call(ProtobufRpcEngine.java:524)
	at org.apache.hadoop.ipc.RPC$Server.call(RPC.java:1025)
	at org.apache.hadoop.ipc.Server$RpcCall.run(Server.java:876)
	at org.apache.hadoop.ipc.Server$RpcCall.run(Server.java:822)
	at java.security.AccessController.doPrivileged(Native Method)
	at javax.security.auth.Subject.doAs(Subject.java:422)
	at org.apache.hadoop.security.UserGroupInformation.doAs(UserGroupInformation.java:1730)
	at org.apache.hadoop.ipc.Server$Handler.run(Server.java:2682)
]]></system-out>
    <system-err><![CDATA[ERROR StatusLogger No Log4j 2 configuration file found. Using default configuration (logging only errors to the console), or user programmatically provided configurations. Set system property 'log4j2.debug' to show Log4j 2 internal initialization logging. See https://logging.apache.org/log4j/2.x/manual/configuration.html for instructions on how to configure Log4j 2
]]></system-err>
  </testcase>
  <testcase name="testReleaseBuffersOnException" classname="org.apache.hadoop.ozone.client.rpc.TestCommitWatcher" time="24.746">
    <failure type="java.lang.AssertionError">java.lang.AssertionError
	at org.junit.Assert.fail(Assert.java:86)
	at org.junit.Assert.assertTrue(Assert.java:41)
	at org.junit.Assert.assertTrue(Assert.java:52)
	at org.apache.hadoop.ozone.client.rpc.TestCommitWatcher.testReleaseBuffersOnException(TestCommitWatcher.java:287)
	at sun.reflect.NativeMethodAccessorImpl.invoke0(Native Method)
	at sun.reflect.NativeMethodAccessorImpl.invoke(NativeMethodAccessorImpl.java:62)
	at sun.reflect.DelegatingMethodAccessorImpl.invoke(DelegatingMethodAccessorImpl.java:43)
	at java.lang.reflect.Method.invoke(Method.java:498)
	at org.junit.runners.model.FrameworkMethod$1.runReflectiveCall(FrameworkMethod.java:47)
	at org.junit.internal.runners.model.ReflectiveCallable.run(ReflectiveCallable.java:12)
	at org.junit.runners.model.FrameworkMethod.invokeExplosively(FrameworkMethod.java:44)
	at org.junit.internal.runners.statements.InvokeMethod.evaluate(InvokeMethod.java:17)
	at org.junit.runners.ParentRunner.runLeaf(ParentRunner.java:271)
	at org.junit.runners.BlockJUnit4ClassRunner.runChild(BlockJUnit4ClassRunner.java:70)
	at org.junit.runners.BlockJUnit4ClassRunner.runChild(BlockJUnit4ClassRunner.java:50)
	at org.junit.runners.ParentRunner$3.run(ParentRunner.java:238)
	at org.junit.runners.ParentRunner$1.schedule(ParentRunner.java:63)
	at org.junit.runners.ParentRunner.runChildren(ParentRunner.java:236)
	at org.junit.runners.ParentRunner.access$000(ParentRunner.java:53)
	at org.junit.runners.ParentRunner$2.evaluate(ParentRunner.java:229)
	at org.junit.internal.runners.statements.RunBefores.evaluate(RunBefores.java:26)
	at org.junit.internal.runners.statements.RunAfters.evaluate(RunAfters.java:27)
	at org.junit.runners.ParentRunner.run(ParentRunner.java:309)
	at org.apache.maven.surefire.junit4.JUnit4Provider.execute(JUnit4Provider.java:365)
	at org.apache.maven.surefire.junit4.JUnit4Provider.executeWithRerun(JUnit4Provider.java:273)
	at org.apache.maven.surefire.junit4.JUnit4Provider.executeTestSet(JUnit4Provider.java:238)
	at org.apache.maven.surefire.junit4.JUnit4Provider.invoke(JUnit4Provider.java:159)
	at org.apache.maven.surefire.booter.ForkedBooter.invokeProviderInSameClassLoader(ForkedBooter.java:384)
	at org.apache.maven.surefire.booter.ForkedBooter.runSuitesInProcess(ForkedBooter.java:345)
	at org.apache.maven.surefire.booter.ForkedBooter.execute(ForkedBooter.java:126)
	at org.apache.maven.surefire.booter.ForkedBooter.main(ForkedBooter.java:418)
</failure>
    <system-out><![CDATA[2019-09-04 10:54:41,593 [grpc-default-executor-0] INFO  impl.RaftServerProxy (RaftServerProxy.java:addNew(89)) - a94f35c6-e7cd-44f4-9fc5-5bedbc811dcb: addNew group-D8B2F8BCBE85:[af967e59-4194-4ca7-b6c8-8e0983d32eae:192.168.5.153:38797, a94f35c6-e7cd-44f4-9fc5-5bedbc811dcb:192.168.5.153:36627, 306f7091-fd43-44cb-822b-63a12337bb6f:192.168.5.153:42255] returns group-D8B2F8BCBE85:java.util.concurrent.CompletableFuture@52ff9918[Not completed]
2019-09-04 10:54:41,601 [grpc-default-executor-0] INFO  impl.RaftServerProxy (RaftServerProxy.java:addNew(89)) - af967e59-4194-4ca7-b6c8-8e0983d32eae: addNew group-D8B2F8BCBE85:[af967e59-4194-4ca7-b6c8-8e0983d32eae:192.168.5.153:38797, a94f35c6-e7cd-44f4-9fc5-5bedbc811dcb:192.168.5.153:36627, 306f7091-fd43-44cb-822b-63a12337bb6f:192.168.5.153:42255] returns group-D8B2F8BCBE85:java.util.concurrent.CompletableFuture@3e2f956d[Not completed]
2019-09-04 10:54:41,601 [grpc-default-executor-2] INFO  impl.RaftServerProxy (RaftServerProxy.java:addNew(89)) - 306f7091-fd43-44cb-822b-63a12337bb6f: addNew group-D8B2F8BCBE85:[af967e59-4194-4ca7-b6c8-8e0983d32eae:192.168.5.153:38797, a94f35c6-e7cd-44f4-9fc5-5bedbc811dcb:192.168.5.153:36627, 306f7091-fd43-44cb-822b-63a12337bb6f:192.168.5.153:42255] returns group-D8B2F8BCBE85:java.util.concurrent.CompletableFuture@3f1c8e36[Not completed]
2019-09-04 10:54:42,265 [Thread-244] INFO  impl.FollowerState (FollowerState.java:run(106)) - 03b339be-1ad7-4cbc-8fdc-bf8ef692ccc8:group-C8D388620CBA changes to CANDIDATE, lastRpcTime:5012, electionTimeout:5011ms
2019-09-04 10:54:42,265 [Thread-244] INFO  impl.RoleInfo (RoleInfo.java:shutdownFollowerState(121)) - 03b339be-1ad7-4cbc-8fdc-bf8ef692ccc8: shutdown FollowerState
2019-09-04 10:54:42,268 [Thread-244] INFO  impl.RaftServerImpl (RaftServerImpl.java:setRole(171)) - 03b339be-1ad7-4cbc-8fdc-bf8ef692ccc8:group-C8D388620CBA changes role from FOLLOWER to CANDIDATE at term 0 for changeToCandidate
2019-09-04 10:54:42,274 [Thread-244] INFO  impl.RoleInfo (RoleInfo.java:updateAndGet(143)) - 03b339be-1ad7-4cbc-8fdc-bf8ef692ccc8: start LeaderElection
2019-09-04 10:54:42,303 [pool-57-thread-1] INFO  storage.RaftStorageDirectory (RaftStorageDirectory.java:tryLock(328)) - Lock on /workdir/hadoop-ozone/integration-test/target/test-dir/MiniOzoneClusterImpl-ef69ce0e-7233-4eeb-a967-488b402a98c8/datanode-3/data/ratis/da25b56d-8bb5-432e-8aed-ea9a34beec33/in_use.lock acquired by nodename 24377@pr-hdds-1982-decom-states-67zng-3388626213
2019-09-04 10:54:42,303 [pool-37-thread-1] INFO  storage.RaftStorageDirectory (RaftStorageDirectory.java:tryLock(328)) - Lock on /workdir/hadoop-ozone/integration-test/target/test-dir/MiniOzoneClusterImpl-ef69ce0e-7233-4eeb-a967-488b402a98c8/datanode-1/data/ratis/da25b56d-8bb5-432e-8aed-ea9a34beec33/in_use.lock acquired by nodename 24377@pr-hdds-1982-decom-states-67zng-3388626213
2019-09-04 10:54:42,303 [pool-87-thread-1] INFO  storage.RaftStorageDirectory (RaftStorageDirectory.java:tryLock(328)) - Lock on /workdir/hadoop-ozone/integration-test/target/test-dir/MiniOzoneClusterImpl-ef69ce0e-7233-4eeb-a967-488b402a98c8/datanode-6/data/ratis/da25b56d-8bb5-432e-8aed-ea9a34beec33/in_use.lock acquired by nodename 24377@pr-hdds-1982-decom-states-67zng-3388626213
2019-09-04 10:54:42,366 [03b339be-1ad7-4cbc-8fdc-bf8ef692ccc8:group-C8D388620CBA:LeaderElection1] INFO  impl.LeaderElection (LeaderElection.java:askForVotes(181)) - 03b339be-1ad7-4cbc-8fdc-bf8ef692ccc8:group-C8D388620CBA:LeaderElection1: begin an election at term 1 for -1: [03b339be-1ad7-4cbc-8fdc-bf8ef692ccc8:192.168.5.153:45742], old=null
2019-09-04 10:54:42,367 [pool-37-thread-1] INFO  storage.RaftStorage (RaftStorage.java:format(72)) - Storage directory /workdir/hadoop-ozone/integration-test/target/test-dir/MiniOzoneClusterImpl-ef69ce0e-7233-4eeb-a967-488b402a98c8/datanode-1/data/ratis/da25b56d-8bb5-432e-8aed-ea9a34beec33 has been successfully formatted.
2019-09-04 10:54:42,367 [pool-57-thread-1] INFO  storage.RaftStorage (RaftStorage.java:format(72)) - Storage directory /workdir/hadoop-ozone/integration-test/target/test-dir/MiniOzoneClusterImpl-ef69ce0e-7233-4eeb-a967-488b402a98c8/datanode-3/data/ratis/da25b56d-8bb5-432e-8aed-ea9a34beec33 has been successfully formatted.
2019-09-04 10:54:42,367 [pool-37-thread-1] INFO  ratis.ContainerStateMachine (ContainerStateMachine.java:loadSnapshot(227)) - group-EA9A34BEEC33: The snapshot info is null. Setting the last applied indexto:(t:0, i:~)
2019-09-04 10:54:42,367 [pool-87-thread-1] INFO  storage.RaftStorage (RaftStorage.java:format(72)) - Storage directory /workdir/hadoop-ozone/integration-test/target/test-dir/MiniOzoneClusterImpl-ef69ce0e-7233-4eeb-a967-488b402a98c8/datanode-6/data/ratis/da25b56d-8bb5-432e-8aed-ea9a34beec33 has been successfully formatted.
2019-09-04 10:54:42,367 [pool-57-thread-1] INFO  ratis.ContainerStateMachine (ContainerStateMachine.java:loadSnapshot(227)) - group-EA9A34BEEC33: The snapshot info is null. Setting the last applied indexto:(t:0, i:~)
2019-09-04 10:54:42,367 [pool-37-thread-1] INFO  server.RaftServerConfigKeys (ConfUtils.java:logGet(43)) - raft.server.leader.election.timeout = 120s (custom)
2019-09-04 10:54:42,368 [pool-87-thread-1] INFO  ratis.ContainerStateMachine (ContainerStateMachine.java:loadSnapshot(227)) - group-EA9A34BEEC33: The snapshot info is null. Setting the last applied indexto:(t:0, i:~)
2019-09-04 10:54:42,368 [pool-57-thread-1] INFO  server.RaftServerConfigKeys (ConfUtils.java:logGet(43)) - raft.server.leader.election.timeout = 120s (custom)
2019-09-04 10:54:42,368 [pool-87-thread-1] INFO  server.RaftServerConfigKeys (ConfUtils.java:logGet(43)) - raft.server.leader.election.timeout = 120s (custom)
2019-09-04 10:54:42,368 [pool-37-thread-1] INFO  server.RaftServerConfigKeys (ConfUtils.java:logGet(43)) - raft.server.log.use.memory = false (default)
2019-09-04 10:54:42,368 [03b339be-1ad7-4cbc-8fdc-bf8ef692ccc8:group-C8D388620CBA:LeaderElection1] INFO  impl.RoleInfo (RoleInfo.java:shutdownLeaderElection(134)) - 03b339be-1ad7-4cbc-8fdc-bf8ef692ccc8: shutdown LeaderElection
2019-09-04 10:54:42,368 [pool-87-thread-1] INFO  server.RaftServerConfigKeys (ConfUtils.java:logGet(43)) - raft.server.log.use.memory = false (default)
2019-09-04 10:54:42,368 [pool-57-thread-1] INFO  server.RaftServerConfigKeys (ConfUtils.java:logGet(43)) - raft.server.log.use.memory = false (default)
2019-09-04 10:54:42,369 [pool-87-thread-1] INFO  server.RaftServerConfigKeys (ConfUtils.java:logGet(43)) - raft.server.log.purge.gap = 1000000 (custom)
2019-09-04 10:54:42,369 [pool-37-thread-1] INFO  server.RaftServerConfigKeys (ConfUtils.java:logGet(43)) - raft.server.log.purge.gap = 1000000 (custom)
2019-09-04 10:54:42,369 [pool-87-thread-1] INFO  server.RaftServerConfigKeys (ConfUtils.java:logGet(43)) - raft.server.log.appender.buffer.byte-limit = 33554432 (custom)
2019-09-04 10:54:42,369 [pool-57-thread-1] INFO  server.RaftServerConfigKeys (ConfUtils.java:logGet(43)) - raft.server.log.purge.gap = 1000000 (custom)
2019-09-04 10:54:42,370 [pool-87-thread-1] INFO  server.RaftServerConfigKeys (ConfUtils.java:logGet(43)) - raft.server.log.segment.size.max = 1048576 (custom)
2019-09-04 10:54:42,369 [pool-37-thread-1] INFO  server.RaftServerConfigKeys (ConfUtils.java:logGet(43)) - raft.server.log.appender.buffer.byte-limit = 33554432 (custom)
2019-09-04 10:54:42,369 [03b339be-1ad7-4cbc-8fdc-bf8ef692ccc8:group-C8D388620CBA:LeaderElection1] INFO  impl.RaftServerImpl (RaftServerImpl.java:setRole(171)) - 03b339be-1ad7-4cbc-8fdc-bf8ef692ccc8:group-C8D388620CBA changes role from CANDIDATE to LEADER at term 1 for changeToLeader
2019-09-04 10:54:42,370 [pool-37-thread-1] INFO  server.RaftServerConfigKeys (ConfUtils.java:logGet(43)) - raft.server.log.segment.size.max = 1048576 (custom)
2019-09-04 10:54:42,370 [pool-87-thread-1] INFO  server.RaftServerConfigKeys (ConfUtils.java:logGet(43)) - raft.server.log.segment.cache.num.max = 2 (custom)
2019-09-04 10:54:42,370 [pool-57-thread-1] INFO  server.RaftServerConfigKeys (ConfUtils.java:logGet(43)) - raft.server.log.appender.buffer.byte-limit = 33554432 (custom)
2019-09-04 10:54:42,370 [pool-87-thread-1] INFO  segmented.SegmentedRaftLogWorker (SegmentedRaftLogWorker.java:<init>(172)) - new af967e59-4194-4ca7-b6c8-8e0983d32eae-SegmentedRaftLogWorker:Storage Directory /workdir/hadoop-ozone/integration-test/target/test-dir/MiniOzoneClusterImpl-ef69ce0e-7233-4eeb-a967-488b402a98c8/datanode-6/data/ratis/da25b56d-8bb5-432e-8aed-ea9a34beec33 for RaftStorage:Storage Directory /workdir/hadoop-ozone/integration-test/target/test-dir/MiniOzoneClusterImpl-ef69ce0e-7233-4eeb-a967-488b402a98c8/datanode-6/data/ratis/da25b56d-8bb5-432e-8aed-ea9a34beec33
2019-09-04 10:54:42,370 [pool-37-thread-1] INFO  server.RaftServerConfigKeys (ConfUtils.java:logGet(43)) - raft.server.log.segment.cache.num.max = 2 (custom)
2019-09-04 10:54:42,370 [03b339be-1ad7-4cbc-8fdc-bf8ef692ccc8:group-C8D388620CBA:LeaderElection1] INFO  impl.RaftServerImpl (ServerState.java:setLeader(263)) - 03b339be-1ad7-4cbc-8fdc-bf8ef692ccc8:group-C8D388620CBA change Leader from null to 03b339be-1ad7-4cbc-8fdc-bf8ef692ccc8 at term 1 for becomeLeader, leader elected after 5222ms
2019-09-04 10:54:42,371 [pool-87-thread-1] INFO  server.RaftServerConfigKeys (ConfUtils.java:logGet(43)) - raft.server.log.queue.byte-limit = 2147483647 (custom)
2019-09-04 10:54:42,371 [pool-37-thread-1] INFO  segmented.SegmentedRaftLogWorker (SegmentedRaftLogWorker.java:<init>(172)) - new a94f35c6-e7cd-44f4-9fc5-5bedbc811dcb-SegmentedRaftLogWorker:Storage Directory /workdir/hadoop-ozone/integration-test/target/test-dir/MiniOzoneClusterImpl-ef69ce0e-7233-4eeb-a967-488b402a98c8/datanode-1/data/ratis/da25b56d-8bb5-432e-8aed-ea9a34beec33 for RaftStorage:Storage Directory /workdir/hadoop-ozone/integration-test/target/test-dir/MiniOzoneClusterImpl-ef69ce0e-7233-4eeb-a967-488b402a98c8/datanode-1/data/ratis/da25b56d-8bb5-432e-8aed-ea9a34beec33
2019-09-04 10:54:42,370 [pool-57-thread-1] INFO  server.RaftServerConfigKeys (ConfUtils.java:logGet(43)) - raft.server.log.segment.size.max = 1048576 (custom)
2019-09-04 10:54:42,374 [pool-37-thread-1] INFO  server.RaftServerConfigKeys (ConfUtils.java:logGet(43)) - raft.server.log.queue.byte-limit = 2147483647 (custom)
2019-09-04 10:54:42,374 [pool-87-thread-1] INFO  server.RaftServerConfigKeys (ConfUtils.java:logGet(43)) - raft.server.log.queue.element-limit = 1024 (custom)
2019-09-04 10:54:42,376 [pool-37-thread-1] INFO  server.RaftServerConfigKeys (ConfUtils.java:logGet(43)) - raft.server.log.queue.element-limit = 1024 (custom)
2019-09-04 10:54:42,376 [pool-57-thread-1] INFO  server.RaftServerConfigKeys (ConfUtils.java:logGet(43)) - raft.server.log.segment.cache.num.max = 2 (custom)
2019-09-04 10:54:42,377 [pool-37-thread-1] INFO  server.RaftServerConfigKeys (ConfUtils.java:logGet(43)) - raft.server.log.segment.size.max = 1048576 (custom)
2019-09-04 10:54:42,376 [pool-87-thread-1] INFO  server.RaftServerConfigKeys (ConfUtils.java:logGet(43)) - raft.server.log.segment.size.max = 1048576 (custom)
2019-09-04 10:54:42,377 [pool-37-thread-1] INFO  server.RaftServerConfigKeys (ConfUtils.java:logGet(43)) - raft.server.log.preallocated.size = 16384 (custom)
2019-09-04 10:54:42,377 [pool-57-thread-1] INFO  segmented.SegmentedRaftLogWorker (SegmentedRaftLogWorker.java:<init>(172)) - new 306f7091-fd43-44cb-822b-63a12337bb6f-SegmentedRaftLogWorker:Storage Directory /workdir/hadoop-ozone/integration-test/target/test-dir/MiniOzoneClusterImpl-ef69ce0e-7233-4eeb-a967-488b402a98c8/datanode-3/data/ratis/da25b56d-8bb5-432e-8aed-ea9a34beec33 for RaftStorage:Storage Directory /workdir/hadoop-ozone/integration-test/target/test-dir/MiniOzoneClusterImpl-ef69ce0e-7233-4eeb-a967-488b402a98c8/datanode-3/data/ratis/da25b56d-8bb5-432e-8aed-ea9a34beec33
2019-09-04 10:54:42,380 [pool-37-thread-1] INFO  server.RaftServerConfigKeys (ConfUtils.java:logGet(43)) - raft.server.log.write.buffer.size = 33554432 (custom)
2019-09-04 10:54:42,377 [pool-87-thread-1] INFO  server.RaftServerConfigKeys (ConfUtils.java:logGet(43)) - raft.server.log.preallocated.size = 16384 (custom)
2019-09-04 10:54:42,380 [pool-37-thread-1] INFO  server.RaftServerConfigKeys (ConfUtils.java:logGet(43)) - raft.server.log.force.sync.num = 128 (default)
2019-09-04 10:54:42,380 [pool-57-thread-1] INFO  server.RaftServerConfigKeys (ConfUtils.java:logGet(43)) - raft.server.log.queue.byte-limit = 2147483647 (custom)
2019-09-04 10:54:42,383 [pool-37-thread-1] INFO  server.RaftServerConfigKeys (ConfUtils.java:logGet(43)) - raft.server.log.statemachine.data.sync = true (default)
2019-09-04 10:54:42,383 [pool-87-thread-1] INFO  server.RaftServerConfigKeys (ConfUtils.java:logGet(43)) - raft.server.log.write.buffer.size = 33554432 (custom)
2019-09-04 10:54:42,383 [pool-37-thread-1] INFO  server.RaftServerConfigKeys (ConfUtils.java:logGet(43)) - raft.server.log.statemachine.data.sync.timeout = 10s (default)
2019-09-04 10:54:42,383 [pool-57-thread-1] INFO  server.RaftServerConfigKeys (ConfUtils.java:logGet(43)) - raft.server.log.queue.element-limit = 1024 (custom)
2019-09-04 10:54:42,383 [pool-37-thread-1] INFO  server.RaftServerConfigKeys (ConfUtils.java:logGet(43)) - raft.server.log.statemachine.data.sync.timeout.retry = -1 (default)
2019-09-04 10:54:42,384 [pool-57-thread-1] INFO  server.RaftServerConfigKeys (ConfUtils.java:logGet(43)) - raft.server.log.segment.size.max = 1048576 (custom)
2019-09-04 10:54:42,383 [pool-87-thread-1] INFO  server.RaftServerConfigKeys (ConfUtils.java:logGet(43)) - raft.server.log.force.sync.num = 128 (default)
2019-09-04 10:54:42,384 [pool-57-thread-1] INFO  server.RaftServerConfigKeys (ConfUtils.java:logGet(43)) - raft.server.log.preallocated.size = 16384 (custom)
2019-09-04 10:54:42,384 [pool-37-thread-1] INFO  server.RaftServerConfigKeys (ConfUtils.java:logGet(43)) - raft.server.log.statemachine.data.caching.enabled = true (custom)
2019-09-04 10:54:42,384 [pool-57-thread-1] INFO  server.RaftServerConfigKeys (ConfUtils.java:logGet(43)) - raft.server.log.write.buffer.size = 33554432 (custom)
2019-09-04 10:54:42,385 [pool-57-thread-1] INFO  server.RaftServerConfigKeys (ConfUtils.java:logGet(43)) - raft.server.log.force.sync.num = 128 (default)
2019-09-04 10:54:42,385 [pool-37-thread-1] INFO  segmented.SegmentedRaftLogWorker (SegmentedRaftLogWorker.java:lambda$new$0(132)) - a94f35c6-e7cd-44f4-9fc5-5bedbc811dcb-SegmentedRaftLogWorker:Storage Directory /workdir/hadoop-ozone/integration-test/target/test-dir/MiniOzoneClusterImpl-ef69ce0e-7233-4eeb-a967-488b402a98c8/datanode-1/data/ratis/da25b56d-8bb5-432e-8aed-ea9a34beec33: flushIndex: setUnconditionally 0 -> -1
2019-09-04 10:54:42,384 [pool-87-thread-1] INFO  server.RaftServerConfigKeys (ConfUtils.java:logGet(43)) - raft.server.log.statemachine.data.sync = true (default)
2019-09-04 10:54:42,385 [pool-37-thread-1] INFO  server.RaftServerConfigKeys (ConfUtils.java:logGet(43)) - raft.server.snapshot.auto.trigger.enabled = true (custom)
2019-09-04 10:54:42,385 [pool-87-thread-1] INFO  server.RaftServerConfigKeys (ConfUtils.java:logGet(43)) - raft.server.log.statemachine.data.sync.timeout = 10s (default)
2019-09-04 10:54:42,385 [pool-57-thread-1] INFO  server.RaftServerConfigKeys (ConfUtils.java:logGet(43)) - raft.server.log.statemachine.data.sync = true (default)
2019-09-04 10:54:42,387 [pool-87-thread-1] INFO  server.RaftServerConfigKeys (ConfUtils.java:logGet(43)) - raft.server.log.statemachine.data.sync.timeout.retry = -1 (default)
2019-09-04 10:54:42,387 [03b339be-1ad7-4cbc-8fdc-bf8ef692ccc8:group-C8D388620CBA:LeaderElection1] INFO  server.RaftServerConfigKeys (ConfUtils.java:logGet(43)) - raft.server.staging.catchup.gap = 1000 (default)
2019-09-04 10:54:42,387 [pool-37-thread-1] INFO  server.RaftServerConfigKeys (ConfUtils.java:logGet(43)) - raft.server.snapshot.auto.trigger.threshold = 10000 (custom)
2019-09-04 10:54:42,388 [03b339be-1ad7-4cbc-8fdc-bf8ef692ccc8:group-C8D388620CBA:LeaderElection1] INFO  server.RaftServerConfigKeys (ConfUtils.java:logGet(43)) - raft.server.rpc.sleep.time = 25ms (default)
2019-09-04 10:54:42,387 [pool-87-thread-1] INFO  server.RaftServerConfigKeys (ConfUtils.java:logGet(43)) - raft.server.log.statemachine.data.caching.enabled = true (custom)
2019-09-04 10:54:42,387 [pool-57-thread-1] INFO  server.RaftServerConfigKeys (ConfUtils.java:logGet(43)) - raft.server.log.statemachine.data.sync.timeout = 10s (default)
2019-09-04 10:54:42,388 [pool-37-thread-1] INFO  server.RaftServerConfigKeys (ConfUtils.java:logGet(43)) - raft.server.retrycache.expirytime = 600000ms (custom)
2019-09-04 10:54:42,388 [pool-87-thread-1] INFO  segmented.SegmentedRaftLogWorker (SegmentedRaftLogWorker.java:lambda$new$0(132)) - af967e59-4194-4ca7-b6c8-8e0983d32eae-SegmentedRaftLogWorker:Storage Directory /workdir/hadoop-ozone/integration-test/target/test-dir/MiniOzoneClusterImpl-ef69ce0e-7233-4eeb-a967-488b402a98c8/datanode-6/data/ratis/da25b56d-8bb5-432e-8aed-ea9a34beec33: flushIndex: setUnconditionally 0 -> -1
2019-09-04 10:54:42,388 [pool-57-thread-1] INFO  server.RaftServerConfigKeys (ConfUtils.java:logGet(43)) - raft.server.log.statemachine.data.sync.timeout.retry = -1 (default)
2019-09-04 10:54:42,388 [pool-37-thread-1] INFO  impl.RaftServerImpl (RaftServerImpl.java:start(180)) - a94f35c6-e7cd-44f4-9fc5-5bedbc811dcb: start group-305D90ED7D72
2019-09-04 10:54:42,389 [pool-87-thread-1] INFO  server.RaftServerConfigKeys (ConfUtils.java:logGet(43)) - raft.server.snapshot.auto.trigger.enabled = true (custom)
2019-09-04 10:54:42,389 [pool-37-thread-1] INFO  impl.RaftServerImpl (RaftServerImpl.java:setRole(171)) - a94f35c6-e7cd-44f4-9fc5-5bedbc811dcb:group-305D90ED7D72 changes role from null to FOLLOWER at term 0 for startAsFollower
2019-09-04 10:54:42,389 [pool-57-thread-1] INFO  server.RaftServerConfigKeys (ConfUtils.java:logGet(43)) - raft.server.log.statemachine.data.caching.enabled = true (custom)
2019-09-04 10:54:42,389 [pool-37-thread-1] INFO  impl.RoleInfo (RoleInfo.java:updateAndGet(143)) - a94f35c6-e7cd-44f4-9fc5-5bedbc811dcb: start FollowerState
2019-09-04 10:54:42,389 [pool-87-thread-1] INFO  server.RaftServerConfigKeys (ConfUtils.java:logGet(43)) - raft.server.snapshot.auto.trigger.threshold = 10000 (custom)
2019-09-04 10:54:42,389 [pool-57-thread-1] INFO  segmented.SegmentedRaftLogWorker (SegmentedRaftLogWorker.java:lambda$new$0(132)) - 306f7091-fd43-44cb-822b-63a12337bb6f-SegmentedRaftLogWorker:Storage Directory /workdir/hadoop-ozone/integration-test/target/test-dir/MiniOzoneClusterImpl-ef69ce0e-7233-4eeb-a967-488b402a98c8/datanode-3/data/ratis/da25b56d-8bb5-432e-8aed-ea9a34beec33: flushIndex: setUnconditionally 0 -> -1
2019-09-04 10:54:42,390 [pool-87-thread-1] INFO  server.RaftServerConfigKeys (ConfUtils.java:logGet(43)) - raft.server.retrycache.expirytime = 600000ms (custom)
2019-09-04 10:54:42,390 [pool-37-thread-1] INFO  util.JmxRegister (JmxRegister.java:tryRegister(44)) - Successfully registered JMX Bean with object name Ratis:service=RaftServer,group=group-305D90ED7D72,id=a94f35c6-e7cd-44f4-9fc5-5bedbc811dcb
2019-09-04 10:54:42,392 [pool-57-thread-1] INFO  server.RaftServerConfigKeys (ConfUtils.java:logGet(43)) - raft.server.snapshot.auto.trigger.enabled = true (custom)
2019-09-04 10:54:42,392 [pool-57-thread-1] INFO  server.RaftServerConfigKeys (ConfUtils.java:logGet(43)) - raft.server.snapshot.auto.trigger.threshold = 10000 (custom)
2019-09-04 10:54:42,392 [pool-57-thread-1] INFO  server.RaftServerConfigKeys (ConfUtils.java:logGet(43)) - raft.server.retrycache.expirytime = 600000ms (custom)
2019-09-04 10:54:42,392 [pool-57-thread-1] INFO  impl.RaftServerImpl (RaftServerImpl.java:start(180)) - 306f7091-fd43-44cb-822b-63a12337bb6f: start group-305D90ED7D72
2019-09-04 10:54:42,392 [03b339be-1ad7-4cbc-8fdc-bf8ef692ccc8:group-C8D388620CBA:LeaderElection1] INFO  server.RaftServerConfigKeys (ConfUtils.java:logGet(43)) - raft.server.write.element-limit = 4096 (default)
2019-09-04 10:54:42,392 [pool-57-thread-1] INFO  impl.RaftServerImpl (RaftServerImpl.java:setRole(171)) - 306f7091-fd43-44cb-822b-63a12337bb6f:group-305D90ED7D72 changes role from null to FOLLOWER at term 0 for startAsFollower
2019-09-04 10:54:42,393 [pool-57-thread-1] INFO  impl.RoleInfo (RoleInfo.java:updateAndGet(143)) - 306f7091-fd43-44cb-822b-63a12337bb6f: start FollowerState
2019-09-04 10:54:42,393 [pool-57-thread-1] INFO  util.JmxRegister (JmxRegister.java:tryRegister(44)) - Successfully registered JMX Bean with object name Ratis:service=RaftServer,group=group-305D90ED7D72,id=306f7091-fd43-44cb-822b-63a12337bb6f
2019-09-04 10:54:42,394 [pool-87-thread-1] INFO  impl.RaftServerImpl (RaftServerImpl.java:<init>(93)) - af967e59-4194-4ca7-b6c8-8e0983d32eae: new RaftServerImpl for group-A94D5FD2E5BF:[af967e59-4194-4ca7-b6c8-8e0983d32eae:192.168.5.153:38797] with ContainerStateMachine:uninitialized
2019-09-04 10:54:42,394 [pool-87-thread-1] INFO  server.RaftServerConfigKeys (ConfUtils.java:logGet(43)) - raft.server.rpc.timeout.min = 5s (custom)
2019-09-04 10:54:42,395 [pool-87-thread-1] INFO  server.RaftServerConfigKeys (ConfUtils.java:logGet(43)) - raft.server.rpc.timeout.max = 5200ms (custom)
2019-09-04 10:54:42,395 [pool-37-thread-1] INFO  impl.RaftServerImpl (RaftServerImpl.java:<init>(93)) - a94f35c6-e7cd-44f4-9fc5-5bedbc811dcb: new RaftServerImpl for group-F92D3B33CAEB:[af967e59-4194-4ca7-b6c8-8e0983d32eae:192.168.5.153:38797, a94f35c6-e7cd-44f4-9fc5-5bedbc811dcb:192.168.5.153:36627, 306f7091-fd43-44cb-822b-63a12337bb6f:192.168.5.153:42255] with ContainerStateMachine:uninitialized
2019-09-04 10:54:42,395 [pool-87-thread-1] INFO  server.RaftServerConfigKeys (ConfUtils.java:logGet(43)) - raft.server.rpcslowness.timeout = 120s (custom)
2019-09-04 10:54:42,395 [pool-37-thread-1] INFO  server.RaftServerConfigKeys (ConfUtils.java:logGet(43)) - raft.server.rpc.timeout.min = 5s (custom)
2019-09-04 10:54:42,395 [pool-87-thread-1] INFO  server.RaftServerConfigKeys (ConfUtils.java:logGet(43)) - raft.server.sleep.deviation.threshold = 300 (default)
2019-09-04 10:54:42,395 [pool-37-thread-1] INFO  server.RaftServerConfigKeys (ConfUtils.java:logGet(43)) - raft.server.rpc.timeout.max = 5200ms (custom)
2019-09-04 10:54:42,395 [pool-87-thread-1] INFO  server.RaftServerConfigKeys (ConfUtils.java:logGet(43)) - raft.server.log.appender.install.snapshot.enabled = false (custom)
2019-09-04 10:54:42,395 [03b339be-1ad7-4cbc-8fdc-bf8ef692ccc8:group-C8D388620CBA:LeaderElection1] INFO  server.RaftServerConfigKeys (ConfUtils.java:logGet(43)) - raft.server.watch.timeout = 10s (default)
2019-09-04 10:54:42,396 [pool-87-thread-1] INFO  impl.RaftServerImpl (ServerState.java:<init>(105)) - af967e59-4194-4ca7-b6c8-8e0983d32eae:group-A94D5FD2E5BF ConfigurationManager, init=-1: [af967e59-4194-4ca7-b6c8-8e0983d32eae:192.168.5.153:38797], old=null, confs=<EMPTY_MAP>
2019-09-04 10:54:42,395 [pool-37-thread-1] INFO  server.RaftServerConfigKeys (ConfUtils.java:logGet(43)) - raft.server.rpcslowness.timeout = 120s (custom)
2019-09-04 10:54:42,396 [pool-57-thread-1] INFO  impl.RaftServerImpl (RaftServerImpl.java:<init>(93)) - 306f7091-fd43-44cb-822b-63a12337bb6f: new RaftServerImpl for group-F92D3B33CAEB:[af967e59-4194-4ca7-b6c8-8e0983d32eae:192.168.5.153:38797, a94f35c6-e7cd-44f4-9fc5-5bedbc811dcb:192.168.5.153:36627, 306f7091-fd43-44cb-822b-63a12337bb6f:192.168.5.153:42255] with ContainerStateMachine:uninitialized
2019-09-04 10:54:42,396 [03b339be-1ad7-4cbc-8fdc-bf8ef692ccc8:group-C8D388620CBA:LeaderElection1] INFO  server.RaftServerConfigKeys (ConfUtils.java:logGet(43)) - raft.server.watch.timeout.denomination = 1s (default)
2019-09-04 10:54:42,396 [pool-57-thread-1] INFO  server.RaftServerConfigKeys (ConfUtils.java:logGet(43)) - raft.server.rpc.timeout.min = 5s (custom)
2019-09-04 10:54:42,396 [pool-37-thread-1] INFO  server.RaftServerConfigKeys (ConfUtils.java:logGet(43)) - raft.server.sleep.deviation.threshold = 300 (default)
2019-09-04 10:54:42,396 [pool-87-thread-1] INFO  server.RaftServerConfigKeys (ConfUtils.java:logGet(43)) - raft.server.storage.dir = [/workdir/hadoop-ozone/integration-test/target/test-dir/MiniOzoneClusterImpl-ef69ce0e-7233-4eeb-a967-488b402a98c8/datanode-6/data/ratis] (custom)
2019-09-04 10:54:42,396 [pool-37-thread-1] INFO  server.RaftServerConfigKeys (ConfUtils.java:logGet(43)) - raft.server.log.appender.install.snapshot.enabled = false (custom)
2019-09-04 10:54:42,396 [pool-57-thread-1] INFO  server.RaftServerConfigKeys (ConfUtils.java:logGet(43)) - raft.server.rpc.timeout.max = 5200ms (custom)
2019-09-04 10:54:42,397 [pool-37-thread-1] INFO  impl.RaftServerImpl (ServerState.java:<init>(105)) - a94f35c6-e7cd-44f4-9fc5-5bedbc811dcb:group-F92D3B33CAEB ConfigurationManager, init=-1: [af967e59-4194-4ca7-b6c8-8e0983d32eae:192.168.5.153:38797, a94f35c6-e7cd-44f4-9fc5-5bedbc811dcb:192.168.5.153:36627, 306f7091-fd43-44cb-822b-63a12337bb6f:192.168.5.153:42255], old=null, confs=<EMPTY_MAP>
2019-09-04 10:54:42,397 [pool-57-thread-1] INFO  server.RaftServerConfigKeys (ConfUtils.java:logGet(43)) - raft.server.rpcslowness.timeout = 120s (custom)
2019-09-04 10:54:42,397 [pool-37-thread-1] INFO  server.RaftServerConfigKeys (ConfUtils.java:logGet(43)) - raft.server.storage.dir = [/workdir/hadoop-ozone/integration-test/target/test-dir/MiniOzoneClusterImpl-ef69ce0e-7233-4eeb-a967-488b402a98c8/datanode-1/data/ratis] (custom)
2019-09-04 10:54:42,397 [03b339be-1ad7-4cbc-8fdc-bf8ef692ccc8:group-C8D388620CBA:LeaderElection1] INFO  server.RaftServerConfigKeys (ConfUtils.java:logGet(43)) - raft.server.watch.element-limit = 65536 (default)
2019-09-04 10:54:42,397 [pool-87-thread-1] INFO  storage.RaftStorageDirectory (RaftStorageDirectory.java:analyzeStorage(246)) - The storage directory /workdir/hadoop-ozone/integration-test/target/test-dir/MiniOzoneClusterImpl-ef69ce0e-7233-4eeb-a967-488b402a98c8/datanode-6/data/ratis/b2685cbe-1f07-4a81-85dc-a94d5fd2e5bf does not exist. Creating ...
2019-09-04 10:54:42,397 [pool-37-thread-1] INFO  storage.RaftStorageDirectory (RaftStorageDirectory.java:analyzeStorage(246)) - The storage directory /workdir/hadoop-ozone/integration-test/target/test-dir/MiniOzoneClusterImpl-ef69ce0e-7233-4eeb-a967-488b402a98c8/datanode-1/data/ratis/b4bd29de-92c0-4f58-a2f1-f92d3b33caeb does not exist. Creating ...
2019-09-04 10:54:42,397 [pool-57-thread-1] INFO  server.RaftServerConfigKeys (ConfUtils.java:logGet(43)) - raft.server.sleep.deviation.threshold = 300 (default)
2019-09-04 10:54:42,398 [pool-57-thread-1] INFO  server.RaftServerConfigKeys (ConfUtils.java:logGet(43)) - raft.server.log.appender.install.snapshot.enabled = false (custom)
2019-09-04 10:54:42,398 [pool-57-thread-1] INFO  impl.RaftServerImpl (ServerState.java:<init>(105)) - 306f7091-fd43-44cb-822b-63a12337bb6f:group-F92D3B33CAEB ConfigurationManager, init=-1: [af967e59-4194-4ca7-b6c8-8e0983d32eae:192.168.5.153:38797, a94f35c6-e7cd-44f4-9fc5-5bedbc811dcb:192.168.5.153:36627, 306f7091-fd43-44cb-822b-63a12337bb6f:192.168.5.153:42255], old=null, confs=<EMPTY_MAP>
2019-09-04 10:54:42,398 [pool-57-thread-1] INFO  server.RaftServerConfigKeys (ConfUtils.java:logGet(43)) - raft.server.storage.dir = [/workdir/hadoop-ozone/integration-test/target/test-dir/MiniOzoneClusterImpl-ef69ce0e-7233-4eeb-a967-488b402a98c8/datanode-3/data/ratis] (custom)
2019-09-04 10:54:42,398 [pool-57-thread-1] INFO  storage.RaftStorageDirectory (RaftStorageDirectory.java:analyzeStorage(246)) - The storage directory /workdir/hadoop-ozone/integration-test/target/test-dir/MiniOzoneClusterImpl-ef69ce0e-7233-4eeb-a967-488b402a98c8/datanode-3/data/ratis/b4bd29de-92c0-4f58-a2f1-f92d3b33caeb does not exist. Creating ...
2019-09-04 10:54:42,405 [03b339be-1ad7-4cbc-8fdc-bf8ef692ccc8:group-C8D388620CBA:LeaderElection1] INFO  impl.RoleInfo (RoleInfo.java:updateAndGet(143)) - 03b339be-1ad7-4cbc-8fdc-bf8ef692ccc8: start LeaderState
2019-09-04 10:54:42,683 [pool-87-thread-1] INFO  storage.RaftStorageDirectory (RaftStorageDirectory.java:tryLock(328)) - Lock on /workdir/hadoop-ozone/integration-test/target/test-dir/MiniOzoneClusterImpl-ef69ce0e-7233-4eeb-a967-488b402a98c8/datanode-6/data/ratis/b2685cbe-1f07-4a81-85dc-a94d5fd2e5bf/in_use.lock acquired by nodename 24377@pr-hdds-1982-decom-states-67zng-3388626213
2019-09-04 10:54:42,683 [pool-57-thread-1] INFO  storage.RaftStorageDirectory (RaftStorageDirectory.java:tryLock(328)) - Lock on /workdir/hadoop-ozone/integration-test/target/test-dir/MiniOzoneClusterImpl-ef69ce0e-7233-4eeb-a967-488b402a98c8/datanode-3/data/ratis/b4bd29de-92c0-4f58-a2f1-f92d3b33caeb/in_use.lock acquired by nodename 24377@pr-hdds-1982-decom-states-67zng-3388626213
2019-09-04 10:54:42,683 [pool-37-thread-1] INFO  storage.RaftStorageDirectory (RaftStorageDirectory.java:tryLock(328)) - Lock on /workdir/hadoop-ozone/integration-test/target/test-dir/MiniOzoneClusterImpl-ef69ce0e-7233-4eeb-a967-488b402a98c8/datanode-1/data/ratis/b4bd29de-92c0-4f58-a2f1-f92d3b33caeb/in_use.lock acquired by nodename 24377@pr-hdds-1982-decom-states-67zng-3388626213
2019-09-04 10:54:42,701 [03b339be-1ad7-4cbc-8fdc-bf8ef692ccc8:group-C8D388620CBA:LeaderElection1] INFO  segmented.SegmentedRaftLogWorker (SegmentedRaftLogWorker.java:startLogSegment(380)) - 03b339be-1ad7-4cbc-8fdc-bf8ef692ccc8-SegmentedRaftLogWorker:Storage Directory /workdir/hadoop-ozone/integration-test/target/test-dir/MiniOzoneClusterImpl-ef69ce0e-7233-4eeb-a967-488b402a98c8/datanode-0/data/ratis/8e9652b2-320c-449a-8842-c8d388620cba: Starting segment from index:0
2019-09-04 10:54:42,715 [03b339be-1ad7-4cbc-8fdc-bf8ef692ccc8:group-C8D388620CBA:LeaderElection1] INFO  impl.RaftServerImpl (ServerState.java:setRaftConf(361)) - 03b339be-1ad7-4cbc-8fdc-bf8ef692ccc8:group-C8D388620CBA set configuration 0: [03b339be-1ad7-4cbc-8fdc-bf8ef692ccc8:192.168.5.153:45742], old=null at 0
2019-09-04 10:54:42,760 [pool-87-thread-1] INFO  storage.RaftStorage (RaftStorage.java:format(72)) - Storage directory /workdir/hadoop-ozone/integration-test/target/test-dir/MiniOzoneClusterImpl-ef69ce0e-7233-4eeb-a967-488b402a98c8/datanode-6/data/ratis/b2685cbe-1f07-4a81-85dc-a94d5fd2e5bf has been successfully formatted.
2019-09-04 10:54:42,760 [pool-57-thread-1] INFO  storage.RaftStorage (RaftStorage.java:format(72)) - Storage directory /workdir/hadoop-ozone/integration-test/target/test-dir/MiniOzoneClusterImpl-ef69ce0e-7233-4eeb-a967-488b402a98c8/datanode-3/data/ratis/b4bd29de-92c0-4f58-a2f1-f92d3b33caeb has been successfully formatted.
2019-09-04 10:54:42,761 [pool-87-thread-1] INFO  ratis.ContainerStateMachine (ContainerStateMachine.java:loadSnapshot(227)) - group-A94D5FD2E5BF: The snapshot info is null. Setting the last applied indexto:(t:0, i:~)
2019-09-04 10:54:42,760 [pool-37-thread-1] INFO  storage.RaftStorage (RaftStorage.java:format(72)) - Storage directory /workdir/hadoop-ozone/integration-test/target/test-dir/MiniOzoneClusterImpl-ef69ce0e-7233-4eeb-a967-488b402a98c8/datanode-1/data/ratis/b4bd29de-92c0-4f58-a2f1-f92d3b33caeb has been successfully formatted.
2019-09-04 10:54:42,761 [pool-87-thread-1] INFO  server.RaftServerConfigKeys (ConfUtils.java:logGet(43)) - raft.server.leader.election.timeout = 120s (custom)
2019-09-04 10:54:42,761 [pool-57-thread-1] INFO  ratis.ContainerStateMachine (ContainerStateMachine.java:loadSnapshot(227)) - group-F92D3B33CAEB: The snapshot info is null. Setting the last applied indexto:(t:0, i:~)
2019-09-04 10:54:42,761 [pool-37-thread-1] INFO  ratis.ContainerStateMachine (ContainerStateMachine.java:loadSnapshot(227)) - group-F92D3B33CAEB: The snapshot info is null. Setting the last applied indexto:(t:0, i:~)
2019-09-04 10:54:42,761 [pool-87-thread-1] INFO  server.RaftServerConfigKeys (ConfUtils.java:logGet(43)) - raft.server.log.use.memory = false (default)
2019-09-04 10:54:42,761 [pool-37-thread-1] INFO  server.RaftServerConfigKeys (ConfUtils.java:logGet(43)) - raft.server.leader.election.timeout = 120s (custom)
2019-09-04 10:54:42,761 [pool-87-thread-1] INFO  server.RaftServerConfigKeys (ConfUtils.java:logGet(43)) - raft.server.log.purge.gap = 1000000 (custom)
2019-09-04 10:54:42,761 [pool-57-thread-1] INFO  server.RaftServerConfigKeys (ConfUtils.java:logGet(43)) - raft.server.leader.election.timeout = 120s (custom)
2019-09-04 10:54:42,762 [pool-87-thread-1] INFO  server.RaftServerConfigKeys (ConfUtils.java:logGet(43)) - raft.server.log.appender.buffer.byte-limit = 33554432 (custom)
2019-09-04 10:54:42,762 [pool-37-thread-1] INFO  server.RaftServerConfigKeys (ConfUtils.java:logGet(43)) - raft.server.log.use.memory = false (default)
2019-09-04 10:54:42,762 [pool-87-thread-1] INFO  server.RaftServerConfigKeys (ConfUtils.java:logGet(43)) - raft.server.log.segment.size.max = 1048576 (custom)
2019-09-04 10:54:42,762 [pool-57-thread-1] INFO  server.RaftServerConfigKeys (ConfUtils.java:logGet(43)) - raft.server.log.use.memory = false (default)
2019-09-04 10:54:42,762 [pool-87-thread-1] INFO  server.RaftServerConfigKeys (ConfUtils.java:logGet(43)) - raft.server.log.segment.cache.num.max = 2 (custom)
2019-09-04 10:54:42,762 [pool-37-thread-1] INFO  server.RaftServerConfigKeys (ConfUtils.java:logGet(43)) - raft.server.log.purge.gap = 1000000 (custom)
2019-09-04 10:54:42,763 [pool-87-thread-1] INFO  segmented.SegmentedRaftLogWorker (SegmentedRaftLogWorker.java:<init>(172)) - new af967e59-4194-4ca7-b6c8-8e0983d32eae-SegmentedRaftLogWorker:Storage Directory /workdir/hadoop-ozone/integration-test/target/test-dir/MiniOzoneClusterImpl-ef69ce0e-7233-4eeb-a967-488b402a98c8/datanode-6/data/ratis/b2685cbe-1f07-4a81-85dc-a94d5fd2e5bf for RaftStorage:Storage Directory /workdir/hadoop-ozone/integration-test/target/test-dir/MiniOzoneClusterImpl-ef69ce0e-7233-4eeb-a967-488b402a98c8/datanode-6/data/ratis/b2685cbe-1f07-4a81-85dc-a94d5fd2e5bf
2019-09-04 10:54:42,763 [pool-57-thread-1] INFO  server.RaftServerConfigKeys (ConfUtils.java:logGet(43)) - raft.server.log.purge.gap = 1000000 (custom)
2019-09-04 10:54:42,763 [pool-87-thread-1] INFO  server.RaftServerConfigKeys (ConfUtils.java:logGet(43)) - raft.server.log.queue.byte-limit = 2147483647 (custom)
2019-09-04 10:54:42,766 [pool-87-thread-1] INFO  server.RaftServerConfigKeys (ConfUtils.java:logGet(43)) - raft.server.log.queue.element-limit = 1024 (custom)
2019-09-04 10:54:42,763 [pool-37-thread-1] INFO  server.RaftServerConfigKeys (ConfUtils.java:logGet(43)) - raft.server.log.appender.buffer.byte-limit = 33554432 (custom)
2019-09-04 10:54:42,766 [pool-87-thread-1] INFO  server.RaftServerConfigKeys (ConfUtils.java:logGet(43)) - raft.server.log.segment.size.max = 1048576 (custom)
2019-09-04 10:54:42,766 [pool-37-thread-1] INFO  server.RaftServerConfigKeys (ConfUtils.java:logGet(43)) - raft.server.log.segment.size.max = 1048576 (custom)
2019-09-04 10:54:42,763 [pool-57-thread-1] INFO  server.RaftServerConfigKeys (ConfUtils.java:logGet(43)) - raft.server.log.appender.buffer.byte-limit = 33554432 (custom)
2019-09-04 10:54:42,766 [pool-37-thread-1] INFO  server.RaftServerConfigKeys (ConfUtils.java:logGet(43)) - raft.server.log.segment.cache.num.max = 2 (custom)
2019-09-04 10:54:42,766 [pool-87-thread-1] INFO  server.RaftServerConfigKeys (ConfUtils.java:logGet(43)) - raft.server.log.preallocated.size = 16384 (custom)
2019-09-04 10:54:42,767 [pool-37-thread-1] INFO  segmented.SegmentedRaftLogWorker (SegmentedRaftLogWorker.java:<init>(172)) - new a94f35c6-e7cd-44f4-9fc5-5bedbc811dcb-SegmentedRaftLogWorker:Storage Directory /workdir/hadoop-ozone/integration-test/target/test-dir/MiniOzoneClusterImpl-ef69ce0e-7233-4eeb-a967-488b402a98c8/datanode-1/data/ratis/b4bd29de-92c0-4f58-a2f1-f92d3b33caeb for RaftStorage:Storage Directory /workdir/hadoop-ozone/integration-test/target/test-dir/MiniOzoneClusterImpl-ef69ce0e-7233-4eeb-a967-488b402a98c8/datanode-1/data/ratis/b4bd29de-92c0-4f58-a2f1-f92d3b33caeb
2019-09-04 10:54:42,766 [pool-57-thread-1] INFO  server.RaftServerConfigKeys (ConfUtils.java:logGet(43)) - raft.server.log.segment.size.max = 1048576 (custom)
2019-09-04 10:54:42,767 [pool-37-thread-1] INFO  server.RaftServerConfigKeys (ConfUtils.java:logGet(43)) - raft.server.log.queue.byte-limit = 2147483647 (custom)
2019-09-04 10:54:42,767 [pool-87-thread-1] INFO  server.RaftServerConfigKeys (ConfUtils.java:logGet(43)) - raft.server.log.write.buffer.size = 33554432 (custom)
2019-09-04 10:54:42,769 [pool-37-thread-1] INFO  server.RaftServerConfigKeys (ConfUtils.java:logGet(43)) - raft.server.log.queue.element-limit = 1024 (custom)
2019-09-04 10:54:42,767 [pool-57-thread-1] INFO  server.RaftServerConfigKeys (ConfUtils.java:logGet(43)) - raft.server.log.segment.cache.num.max = 2 (custom)
2019-09-04 10:54:42,770 [pool-37-thread-1] INFO  server.RaftServerConfigKeys (ConfUtils.java:logGet(43)) - raft.server.log.segment.size.max = 1048576 (custom)
2019-09-04 10:54:42,770 [pool-87-thread-1] INFO  server.RaftServerConfigKeys (ConfUtils.java:logGet(43)) - raft.server.log.force.sync.num = 128 (default)
2019-09-04 10:54:42,770 [pool-37-thread-1] INFO  server.RaftServerConfigKeys (ConfUtils.java:logGet(43)) - raft.server.log.preallocated.size = 16384 (custom)
2019-09-04 10:54:42,770 [pool-57-thread-1] INFO  segmented.SegmentedRaftLogWorker (SegmentedRaftLogWorker.java:<init>(172)) - new 306f7091-fd43-44cb-822b-63a12337bb6f-SegmentedRaftLogWorker:Storage Directory /workdir/hadoop-ozone/integration-test/target/test-dir/MiniOzoneClusterImpl-ef69ce0e-7233-4eeb-a967-488b402a98c8/datanode-3/data/ratis/b4bd29de-92c0-4f58-a2f1-f92d3b33caeb for RaftStorage:Storage Directory /workdir/hadoop-ozone/integration-test/target/test-dir/MiniOzoneClusterImpl-ef69ce0e-7233-4eeb-a967-488b402a98c8/datanode-3/data/ratis/b4bd29de-92c0-4f58-a2f1-f92d3b33caeb
2019-09-04 10:54:42,770 [pool-37-thread-1] INFO  server.RaftServerConfigKeys (ConfUtils.java:logGet(43)) - raft.server.log.write.buffer.size = 33554432 (custom)
2019-09-04 10:54:42,770 [pool-87-thread-1] INFO  server.RaftServerConfigKeys (ConfUtils.java:logGet(43)) - raft.server.log.statemachine.data.sync = true (default)
2019-09-04 10:54:42,771 [pool-37-thread-1] INFO  server.RaftServerConfigKeys (ConfUtils.java:logGet(43)) - raft.server.log.force.sync.num = 128 (default)
2019-09-04 10:54:42,771 [pool-57-thread-1] INFO  server.RaftServerConfigKeys (ConfUtils.java:logGet(43)) - raft.server.log.queue.byte-limit = 2147483647 (custom)
2019-09-04 10:54:42,775 [pool-37-thread-1] INFO  server.RaftServerConfigKeys (ConfUtils.java:logGet(43)) - raft.server.log.statemachine.data.sync = true (default)
2019-09-04 10:54:42,775 [pool-87-thread-1] INFO  server.RaftServerConfigKeys (ConfUtils.java:logGet(43)) - raft.server.log.statemachine.data.sync.timeout = 10s (default)
2019-09-04 10:54:42,775 [pool-57-thread-1] INFO  server.RaftServerConfigKeys (ConfUtils.java:logGet(43)) - raft.server.log.queue.element-limit = 1024 (custom)
2019-09-04 10:54:42,775 [pool-37-thread-1] INFO  server.RaftServerConfigKeys (ConfUtils.java:logGet(43)) - raft.server.log.statemachine.data.sync.timeout = 10s (default)
2019-09-04 10:54:42,775 [pool-87-thread-1] INFO  server.RaftServerConfigKeys (ConfUtils.java:logGet(43)) - raft.server.log.statemachine.data.sync.timeout.retry = -1 (default)
2019-09-04 10:54:42,776 [pool-37-thread-1] INFO  server.RaftServerConfigKeys (ConfUtils.java:logGet(43)) - raft.server.log.statemachine.data.sync.timeout.retry = -1 (default)
2019-09-04 10:54:42,775 [pool-57-thread-1] INFO  server.RaftServerConfigKeys (ConfUtils.java:logGet(43)) - raft.server.log.segment.size.max = 1048576 (custom)
2019-09-04 10:54:42,776 [pool-87-thread-1] INFO  server.RaftServerConfigKeys (ConfUtils.java:logGet(43)) - raft.server.log.statemachine.data.caching.enabled = true (custom)
2019-09-04 10:54:42,776 [pool-57-thread-1] INFO  server.RaftServerConfigKeys (ConfUtils.java:logGet(43)) - raft.server.log.preallocated.size = 16384 (custom)
2019-09-04 10:54:42,776 [pool-37-thread-1] INFO  server.RaftServerConfigKeys (ConfUtils.java:logGet(43)) - raft.server.log.statemachine.data.caching.enabled = true (custom)
2019-09-04 10:54:42,776 [pool-87-thread-1] INFO  segmented.SegmentedRaftLogWorker (SegmentedRaftLogWorker.java:lambda$new$0(132)) - af967e59-4194-4ca7-b6c8-8e0983d32eae-SegmentedRaftLogWorker:Storage Directory /workdir/hadoop-ozone/integration-test/target/test-dir/MiniOzoneClusterImpl-ef69ce0e-7233-4eeb-a967-488b402a98c8/datanode-6/data/ratis/b2685cbe-1f07-4a81-85dc-a94d5fd2e5bf: flushIndex: setUnconditionally 0 -> -1
2019-09-04 10:54:42,776 [pool-57-thread-1] INFO  server.RaftServerConfigKeys (ConfUtils.java:logGet(43)) - raft.server.log.write.buffer.size = 33554432 (custom)
2019-09-04 10:54:42,777 [pool-37-thread-1] INFO  segmented.SegmentedRaftLogWorker (SegmentedRaftLogWorker.java:lambda$new$0(132)) - a94f35c6-e7cd-44f4-9fc5-5bedbc811dcb-SegmentedRaftLogWorker:Storage Directory /workdir/hadoop-ozone/integration-test/target/test-dir/MiniOzoneClusterImpl-ef69ce0e-7233-4eeb-a967-488b402a98c8/datanode-1/data/ratis/b4bd29de-92c0-4f58-a2f1-f92d3b33caeb: flushIndex: setUnconditionally 0 -> -1
2019-09-04 10:54:42,777 [pool-87-thread-1] INFO  server.RaftServerConfigKeys (ConfUtils.java:logGet(43)) - raft.server.snapshot.auto.trigger.enabled = true (custom)
2019-09-04 10:54:42,777 [pool-57-thread-1] INFO  server.RaftServerConfigKeys (ConfUtils.java:logGet(43)) - raft.server.log.force.sync.num = 128 (default)
2019-09-04 10:54:42,777 [pool-37-thread-1] INFO  server.RaftServerConfigKeys (ConfUtils.java:logGet(43)) - raft.server.snapshot.auto.trigger.enabled = true (custom)
2019-09-04 10:54:42,777 [pool-87-thread-1] INFO  server.RaftServerConfigKeys (ConfUtils.java:logGet(43)) - raft.server.snapshot.auto.trigger.threshold = 10000 (custom)
2019-09-04 10:54:42,777 [pool-37-thread-1] INFO  server.RaftServerConfigKeys (ConfUtils.java:logGet(43)) - raft.server.snapshot.auto.trigger.threshold = 10000 (custom)
2019-09-04 10:54:42,777 [pool-57-thread-1] INFO  server.RaftServerConfigKeys (ConfUtils.java:logGet(43)) - raft.server.log.statemachine.data.sync = true (default)
2019-09-04 10:54:42,778 [pool-37-thread-1] INFO  server.RaftServerConfigKeys (ConfUtils.java:logGet(43)) - raft.server.retrycache.expirytime = 600000ms (custom)
2019-09-04 10:54:42,778 [pool-87-thread-1] INFO  server.RaftServerConfigKeys (ConfUtils.java:logGet(43)) - raft.server.retrycache.expirytime = 600000ms (custom)
2019-09-04 10:54:42,778 [pool-57-thread-1] INFO  server.RaftServerConfigKeys (ConfUtils.java:logGet(43)) - raft.server.log.statemachine.data.sync.timeout = 10s (default)
2019-09-04 10:54:42,778 [pool-87-thread-1] INFO  impl.RaftServerImpl (RaftServerImpl.java:start(180)) - af967e59-4194-4ca7-b6c8-8e0983d32eae: start group-305D90ED7D72
2019-09-04 10:54:42,778 [pool-57-thread-1] INFO  server.RaftServerConfigKeys (ConfUtils.java:logGet(43)) - raft.server.log.statemachine.data.sync.timeout.retry = -1 (default)
2019-09-04 10:54:42,778 [pool-87-thread-1] INFO  impl.RaftServerImpl (RaftServerImpl.java:setRole(171)) - af967e59-4194-4ca7-b6c8-8e0983d32eae:group-305D90ED7D72 changes role from null to FOLLOWER at term 0 for startAsFollower
2019-09-04 10:54:42,779 [pool-87-thread-1] INFO  impl.RoleInfo (RoleInfo.java:updateAndGet(143)) - af967e59-4194-4ca7-b6c8-8e0983d32eae: start FollowerState
2019-09-04 10:54:42,779 [pool-57-thread-1] INFO  server.RaftServerConfigKeys (ConfUtils.java:logGet(43)) - raft.server.log.statemachine.data.caching.enabled = true (custom)
2019-09-04 10:54:42,779 [pool-87-thread-1] INFO  util.JmxRegister (JmxRegister.java:tryRegister(44)) - Successfully registered JMX Bean with object name Ratis:service=RaftServer,group=group-305D90ED7D72,id=af967e59-4194-4ca7-b6c8-8e0983d32eae
2019-09-04 10:54:42,779 [pool-57-thread-1] INFO  segmented.SegmentedRaftLogWorker (SegmentedRaftLogWorker.java:lambda$new$0(132)) - 306f7091-fd43-44cb-822b-63a12337bb6f-SegmentedRaftLogWorker:Storage Directory /workdir/hadoop-ozone/integration-test/target/test-dir/MiniOzoneClusterImpl-ef69ce0e-7233-4eeb-a967-488b402a98c8/datanode-3/data/ratis/b4bd29de-92c0-4f58-a2f1-f92d3b33caeb: flushIndex: setUnconditionally 0 -> -1
2019-09-04 10:54:42,780 [pool-57-thread-1] INFO  server.RaftServerConfigKeys (ConfUtils.java:logGet(43)) - raft.server.snapshot.auto.trigger.enabled = true (custom)
2019-09-04 10:54:42,780 [pool-57-thread-1] INFO  server.RaftServerConfigKeys (ConfUtils.java:logGet(43)) - raft.server.snapshot.auto.trigger.threshold = 10000 (custom)
2019-09-04 10:54:42,781 [pool-57-thread-1] INFO  server.RaftServerConfigKeys (ConfUtils.java:logGet(43)) - raft.server.retrycache.expirytime = 600000ms (custom)
2019-09-04 10:54:42,781 [pool-37-thread-1] INFO  impl.RaftServerImpl (RaftServerImpl.java:<init>(93)) - a94f35c6-e7cd-44f4-9fc5-5bedbc811dcb: new RaftServerImpl for group-D8B2F8BCBE85:[af967e59-4194-4ca7-b6c8-8e0983d32eae:192.168.5.153:38797, a94f35c6-e7cd-44f4-9fc5-5bedbc811dcb:192.168.5.153:36627, 306f7091-fd43-44cb-822b-63a12337bb6f:192.168.5.153:42255] with ContainerStateMachine:uninitialized
2019-09-04 10:54:42,781 [pool-37-thread-1] INFO  server.RaftServerConfigKeys (ConfUtils.java:logGet(43)) - raft.server.rpc.timeout.min = 5s (custom)
2019-09-04 10:54:42,781 [pool-37-thread-1] INFO  server.RaftServerConfigKeys (ConfUtils.java:logGet(43)) - raft.server.rpc.timeout.max = 5200ms (custom)
2019-09-04 10:54:42,782 [pool-37-thread-1] INFO  server.RaftServerConfigKeys (ConfUtils.java:logGet(43)) - raft.server.rpcslowness.timeout = 120s (custom)
2019-09-04 10:54:42,782 [pool-87-thread-1] INFO  impl.RaftServerImpl (RaftServerImpl.java:<init>(93)) - af967e59-4194-4ca7-b6c8-8e0983d32eae: new RaftServerImpl for group-F92D3B33CAEB:[af967e59-4194-4ca7-b6c8-8e0983d32eae:192.168.5.153:38797, a94f35c6-e7cd-44f4-9fc5-5bedbc811dcb:192.168.5.153:36627, 306f7091-fd43-44cb-822b-63a12337bb6f:192.168.5.153:42255] with ContainerStateMachine:uninitialized
2019-09-04 10:54:42,782 [pool-37-thread-1] INFO  server.RaftServerConfigKeys (ConfUtils.java:logGet(43)) - raft.server.sleep.deviation.threshold = 300 (default)
2019-09-04 10:54:42,782 [pool-87-thread-1] INFO  server.RaftServerConfigKeys (ConfUtils.java:logGet(43)) - raft.server.rpc.timeout.min = 5s (custom)
2019-09-04 10:54:42,782 [pool-37-thread-1] INFO  server.RaftServerConfigKeys (ConfUtils.java:logGet(43)) - raft.server.log.appender.install.snapshot.enabled = false (custom)
2019-09-04 10:54:42,782 [pool-87-thread-1] INFO  server.RaftServerConfigKeys (ConfUtils.java:logGet(43)) - raft.server.rpc.timeout.max = 5200ms (custom)
2019-09-04 10:54:42,782 [pool-37-thread-1] INFO  impl.RaftServerImpl (ServerState.java:<init>(105)) - a94f35c6-e7cd-44f4-9fc5-5bedbc811dcb:group-D8B2F8BCBE85 ConfigurationManager, init=-1: [af967e59-4194-4ca7-b6c8-8e0983d32eae:192.168.5.153:38797, a94f35c6-e7cd-44f4-9fc5-5bedbc811dcb:192.168.5.153:36627, 306f7091-fd43-44cb-822b-63a12337bb6f:192.168.5.153:42255], old=null, confs=<EMPTY_MAP>
2019-09-04 10:54:42,782 [pool-87-thread-1] INFO  server.RaftServerConfigKeys (ConfUtils.java:logGet(43)) - raft.server.rpcslowness.timeout = 120s (custom)
2019-09-04 10:54:42,783 [pool-87-thread-1] INFO  server.RaftServerConfigKeys (ConfUtils.java:logGet(43)) - raft.server.sleep.deviation.threshold = 300 (default)
2019-09-04 10:54:42,783 [pool-37-thread-1] INFO  server.RaftServerConfigKeys (ConfUtils.java:logGet(43)) - raft.server.storage.dir = [/workdir/hadoop-ozone/integration-test/target/test-dir/MiniOzoneClusterImpl-ef69ce0e-7233-4eeb-a967-488b402a98c8/datanode-1/data/ratis] (custom)
2019-09-04 10:54:42,783 [pool-87-thread-1] INFO  server.RaftServerConfigKeys (ConfUtils.java:logGet(43)) - raft.server.log.appender.install.snapshot.enabled = false (custom)
2019-09-04 10:54:42,783 [pool-87-thread-1] INFO  impl.RaftServerImpl (ServerState.java:<init>(105)) - af967e59-4194-4ca7-b6c8-8e0983d32eae:group-F92D3B33CAEB ConfigurationManager, init=-1: [af967e59-4194-4ca7-b6c8-8e0983d32eae:192.168.5.153:38797, a94f35c6-e7cd-44f4-9fc5-5bedbc811dcb:192.168.5.153:36627, 306f7091-fd43-44cb-822b-63a12337bb6f:192.168.5.153:42255], old=null, confs=<EMPTY_MAP>
2019-09-04 10:54:42,783 [pool-87-thread-1] INFO  server.RaftServerConfigKeys (ConfUtils.java:logGet(43)) - raft.server.storage.dir = [/workdir/hadoop-ozone/integration-test/target/test-dir/MiniOzoneClusterImpl-ef69ce0e-7233-4eeb-a967-488b402a98c8/datanode-6/data/ratis] (custom)
2019-09-04 10:54:42,783 [pool-37-thread-1] INFO  storage.RaftStorageDirectory (RaftStorageDirectory.java:analyzeStorage(246)) - The storage directory /workdir/hadoop-ozone/integration-test/target/test-dir/MiniOzoneClusterImpl-ef69ce0e-7233-4eeb-a967-488b402a98c8/datanode-1/data/ratis/27e97680-5d69-47b8-82a7-d8b2f8bcbe85 does not exist. Creating ...
2019-09-04 10:54:42,783 [pool-87-thread-1] INFO  storage.RaftStorageDirectory (RaftStorageDirectory.java:analyzeStorage(246)) - The storage directory /workdir/hadoop-ozone/integration-test/target/test-dir/MiniOzoneClusterImpl-ef69ce0e-7233-4eeb-a967-488b402a98c8/datanode-6/data/ratis/b4bd29de-92c0-4f58-a2f1-f92d3b33caeb does not exist. Creating ...
2019-09-04 10:54:42,783 [pool-57-thread-1] INFO  impl.RaftServerImpl (RaftServerImpl.java:<init>(93)) - 306f7091-fd43-44cb-822b-63a12337bb6f: new RaftServerImpl for group-D8B2F8BCBE85:[af967e59-4194-4ca7-b6c8-8e0983d32eae:192.168.5.153:38797, a94f35c6-e7cd-44f4-9fc5-5bedbc811dcb:192.168.5.153:36627, 306f7091-fd43-44cb-822b-63a12337bb6f:192.168.5.153:42255] with ContainerStateMachine:uninitialized
2019-09-04 10:54:42,784 [pool-57-thread-1] INFO  server.RaftServerConfigKeys (ConfUtils.java:logGet(43)) - raft.server.rpc.timeout.min = 5s (custom)
2019-09-04 10:54:42,784 [pool-57-thread-1] INFO  server.RaftServerConfigKeys (ConfUtils.java:logGet(43)) - raft.server.rpc.timeout.max = 5200ms (custom)
2019-09-04 10:54:42,784 [pool-57-thread-1] INFO  server.RaftServerConfigKeys (ConfUtils.java:logGet(43)) - raft.server.rpcslowness.timeout = 120s (custom)
2019-09-04 10:54:42,784 [pool-57-thread-1] INFO  server.RaftServerConfigKeys (ConfUtils.java:logGet(43)) - raft.server.sleep.deviation.threshold = 300 (default)
2019-09-04 10:54:42,785 [pool-57-thread-1] INFO  server.RaftServerConfigKeys (ConfUtils.java:logGet(43)) - raft.server.log.appender.install.snapshot.enabled = false (custom)
2019-09-04 10:54:42,785 [pool-57-thread-1] INFO  impl.RaftServerImpl (ServerState.java:<init>(105)) - 306f7091-fd43-44cb-822b-63a12337bb6f:group-D8B2F8BCBE85 ConfigurationManager, init=-1: [af967e59-4194-4ca7-b6c8-8e0983d32eae:192.168.5.153:38797, a94f35c6-e7cd-44f4-9fc5-5bedbc811dcb:192.168.5.153:36627, 306f7091-fd43-44cb-822b-63a12337bb6f:192.168.5.153:42255], old=null, confs=<EMPTY_MAP>
2019-09-04 10:54:42,785 [pool-57-thread-1] INFO  server.RaftServerConfigKeys (ConfUtils.java:logGet(43)) - raft.server.storage.dir = [/workdir/hadoop-ozone/integration-test/target/test-dir/MiniOzoneClusterImpl-ef69ce0e-7233-4eeb-a967-488b402a98c8/datanode-3/data/ratis] (custom)
2019-09-04 10:54:42,786 [pool-57-thread-1] INFO  storage.RaftStorageDirectory (RaftStorageDirectory.java:analyzeStorage(246)) - The storage directory /workdir/hadoop-ozone/integration-test/target/test-dir/MiniOzoneClusterImpl-ef69ce0e-7233-4eeb-a967-488b402a98c8/datanode-3/data/ratis/27e97680-5d69-47b8-82a7-d8b2f8bcbe85 does not exist. Creating ...
2019-09-04 10:54:42,790 [pool-87-thread-1] INFO  storage.RaftStorageDirectory (RaftStorageDirectory.java:tryLock(328)) - Lock on /workdir/hadoop-ozone/integration-test/target/test-dir/MiniOzoneClusterImpl-ef69ce0e-7233-4eeb-a967-488b402a98c8/datanode-6/data/ratis/b4bd29de-92c0-4f58-a2f1-f92d3b33caeb/in_use.lock acquired by nodename 24377@pr-hdds-1982-decom-states-67zng-3388626213
2019-09-04 10:54:42,790 [pool-57-thread-1] INFO  storage.RaftStorageDirectory (RaftStorageDirectory.java:tryLock(328)) - Lock on /workdir/hadoop-ozone/integration-test/target/test-dir/MiniOzoneClusterImpl-ef69ce0e-7233-4eeb-a967-488b402a98c8/datanode-3/data/ratis/27e97680-5d69-47b8-82a7-d8b2f8bcbe85/in_use.lock acquired by nodename 24377@pr-hdds-1982-decom-states-67zng-3388626213
2019-09-04 10:54:42,790 [pool-37-thread-1] INFO  storage.RaftStorageDirectory (RaftStorageDirectory.java:tryLock(328)) - Lock on /workdir/hadoop-ozone/integration-test/target/test-dir/MiniOzoneClusterImpl-ef69ce0e-7233-4eeb-a967-488b402a98c8/datanode-1/data/ratis/27e97680-5d69-47b8-82a7-d8b2f8bcbe85/in_use.lock acquired by nodename 24377@pr-hdds-1982-decom-states-67zng-3388626213
2019-09-04 10:54:42,805 [pool-87-thread-1] INFO  storage.RaftStorage (RaftStorage.java:format(72)) - Storage directory /workdir/hadoop-ozone/integration-test/target/test-dir/MiniOzoneClusterImpl-ef69ce0e-7233-4eeb-a967-488b402a98c8/datanode-6/data/ratis/b4bd29de-92c0-4f58-a2f1-f92d3b33caeb has been successfully formatted.
2019-09-04 10:54:42,805 [pool-37-thread-1] INFO  storage.RaftStorage (RaftStorage.java:format(72)) - Storage directory /workdir/hadoop-ozone/integration-test/target/test-dir/MiniOzoneClusterImpl-ef69ce0e-7233-4eeb-a967-488b402a98c8/datanode-1/data/ratis/27e97680-5d69-47b8-82a7-d8b2f8bcbe85 has been successfully formatted.
2019-09-04 10:54:42,805 [pool-57-thread-1] INFO  storage.RaftStorage (RaftStorage.java:format(72)) - Storage directory /workdir/hadoop-ozone/integration-test/target/test-dir/MiniOzoneClusterImpl-ef69ce0e-7233-4eeb-a967-488b402a98c8/datanode-3/data/ratis/27e97680-5d69-47b8-82a7-d8b2f8bcbe85 has been successfully formatted.
2019-09-04 10:54:42,806 [pool-37-thread-1] INFO  ratis.ContainerStateMachine (ContainerStateMachine.java:loadSnapshot(227)) - group-D8B2F8BCBE85: The snapshot info is null. Setting the last applied indexto:(t:0, i:~)
2019-09-04 10:54:42,806 [pool-87-thread-1] INFO  ratis.ContainerStateMachine (ContainerStateMachine.java:loadSnapshot(227)) - group-F92D3B33CAEB: The snapshot info is null. Setting the last applied indexto:(t:0, i:~)
2019-09-04 10:54:42,806 [pool-37-thread-1] INFO  server.RaftServerConfigKeys (ConfUtils.java:logGet(43)) - raft.server.leader.election.timeout = 120s (custom)
2019-09-04 10:54:42,806 [pool-57-thread-1] INFO  ratis.ContainerStateMachine (ContainerStateMachine.java:loadSnapshot(227)) - group-D8B2F8BCBE85: The snapshot info is null. Setting the last applied indexto:(t:0, i:~)
2019-09-04 10:54:42,806 [pool-37-thread-1] INFO  server.RaftServerConfigKeys (ConfUtils.java:logGet(43)) - raft.server.log.use.memory = false (default)
2019-09-04 10:54:42,806 [pool-87-thread-1] INFO  server.RaftServerConfigKeys (ConfUtils.java:logGet(43)) - raft.server.leader.election.timeout = 120s (custom)
2019-09-04 10:54:42,806 [pool-37-thread-1] INFO  server.RaftServerConfigKeys (ConfUtils.java:logGet(43)) - raft.server.log.purge.gap = 1000000 (custom)
2019-09-04 10:54:42,806 [pool-57-thread-1] INFO  server.RaftServerConfigKeys (ConfUtils.java:logGet(43)) - raft.server.leader.election.timeout = 120s (custom)
2019-09-04 10:54:42,807 [pool-37-thread-1] INFO  server.RaftServerConfigKeys (ConfUtils.java:logGet(43)) - raft.server.log.appender.buffer.byte-limit = 33554432 (custom)
2019-09-04 10:54:42,806 [pool-87-thread-1] INFO  server.RaftServerConfigKeys (ConfUtils.java:logGet(43)) - raft.server.log.use.memory = false (default)
2019-09-04 10:54:42,807 [pool-37-thread-1] INFO  server.RaftServerConfigKeys (ConfUtils.java:logGet(43)) - raft.server.log.segment.size.max = 1048576 (custom)
2019-09-04 10:54:42,807 [pool-57-thread-1] INFO  server.RaftServerConfigKeys (ConfUtils.java:logGet(43)) - raft.server.log.use.memory = false (default)
2019-09-04 10:54:42,807 [pool-37-thread-1] INFO  server.RaftServerConfigKeys (ConfUtils.java:logGet(43)) - raft.server.log.segment.cache.num.max = 2 (custom)
2019-09-04 10:54:42,807 [pool-87-thread-1] INFO  server.RaftServerConfigKeys (ConfUtils.java:logGet(43)) - raft.server.log.purge.gap = 1000000 (custom)
2019-09-04 10:54:42,807 [pool-37-thread-1] INFO  segmented.SegmentedRaftLogWorker (SegmentedRaftLogWorker.java:<init>(172)) - new a94f35c6-e7cd-44f4-9fc5-5bedbc811dcb-SegmentedRaftLogWorker:Storage Directory /workdir/hadoop-ozone/integration-test/target/test-dir/MiniOzoneClusterImpl-ef69ce0e-7233-4eeb-a967-488b402a98c8/datanode-1/data/ratis/27e97680-5d69-47b8-82a7-d8b2f8bcbe85 for RaftStorage:Storage Directory /workdir/hadoop-ozone/integration-test/target/test-dir/MiniOzoneClusterImpl-ef69ce0e-7233-4eeb-a967-488b402a98c8/datanode-1/data/ratis/27e97680-5d69-47b8-82a7-d8b2f8bcbe85
2019-09-04 10:54:42,807 [pool-57-thread-1] INFO  server.RaftServerConfigKeys (ConfUtils.java:logGet(43)) - raft.server.log.purge.gap = 1000000 (custom)
2019-09-04 10:54:42,807 [pool-37-thread-1] INFO  server.RaftServerConfigKeys (ConfUtils.java:logGet(43)) - raft.server.log.queue.byte-limit = 2147483647 (custom)
2019-09-04 10:54:42,807 [pool-87-thread-1] INFO  server.RaftServerConfigKeys (ConfUtils.java:logGet(43)) - raft.server.log.appender.buffer.byte-limit = 33554432 (custom)
2019-09-04 10:54:42,810 [pool-37-thread-1] INFO  server.RaftServerConfigKeys (ConfUtils.java:logGet(43)) - raft.server.log.queue.element-limit = 1024 (custom)
2019-09-04 10:54:42,810 [pool-57-thread-1] INFO  server.RaftServerConfigKeys (ConfUtils.java:logGet(43)) - raft.server.log.appender.buffer.byte-limit = 33554432 (custom)
2019-09-04 10:54:42,810 [pool-37-thread-1] INFO  server.RaftServerConfigKeys (ConfUtils.java:logGet(43)) - raft.server.log.segment.size.max = 1048576 (custom)
2019-09-04 10:54:42,810 [pool-87-thread-1] INFO  server.RaftServerConfigKeys (ConfUtils.java:logGet(43)) - raft.server.log.segment.size.max = 1048576 (custom)
2019-09-04 10:54:42,810 [pool-37-thread-1] INFO  server.RaftServerConfigKeys (ConfUtils.java:logGet(43)) - raft.server.log.preallocated.size = 16384 (custom)
2019-09-04 10:54:42,810 [pool-57-thread-1] INFO  server.RaftServerConfigKeys (ConfUtils.java:logGet(43)) - raft.server.log.segment.size.max = 1048576 (custom)
2019-09-04 10:54:42,811 [pool-37-thread-1] INFO  server.RaftServerConfigKeys (ConfUtils.java:logGet(43)) - raft.server.log.write.buffer.size = 33554432 (custom)
2019-09-04 10:54:42,810 [pool-87-thread-1] INFO  server.RaftServerConfigKeys (ConfUtils.java:logGet(43)) - raft.server.log.segment.cache.num.max = 2 (custom)
2019-09-04 10:54:42,811 [pool-37-thread-1] INFO  server.RaftServerConfigKeys (ConfUtils.java:logGet(43)) - raft.server.log.force.sync.num = 128 (default)
2019-09-04 10:54:42,811 [pool-57-thread-1] INFO  server.RaftServerConfigKeys (ConfUtils.java:logGet(43)) - raft.server.log.segment.cache.num.max = 2 (custom)
2019-09-04 10:54:42,811 [pool-37-thread-1] INFO  server.RaftServerConfigKeys (ConfUtils.java:logGet(43)) - raft.server.log.statemachine.data.sync = true (default)
2019-09-04 10:54:42,811 [pool-87-thread-1] INFO  segmented.SegmentedRaftLogWorker (SegmentedRaftLogWorker.java:<init>(172)) - new af967e59-4194-4ca7-b6c8-8e0983d32eae-SegmentedRaftLogWorker:Storage Directory /workdir/hadoop-ozone/integration-test/target/test-dir/MiniOzoneClusterImpl-ef69ce0e-7233-4eeb-a967-488b402a98c8/datanode-6/data/ratis/b4bd29de-92c0-4f58-a2f1-f92d3b33caeb for RaftStorage:Storage Directory /workdir/hadoop-ozone/integration-test/target/test-dir/MiniOzoneClusterImpl-ef69ce0e-7233-4eeb-a967-488b402a98c8/datanode-6/data/ratis/b4bd29de-92c0-4f58-a2f1-f92d3b33caeb
2019-09-04 10:54:42,811 [pool-37-thread-1] INFO  server.RaftServerConfigKeys (ConfUtils.java:logGet(43)) - raft.server.log.statemachine.data.sync.timeout = 10s (default)
2019-09-04 10:54:42,811 [pool-57-thread-1] INFO  segmented.SegmentedRaftLogWorker (SegmentedRaftLogWorker.java:<init>(172)) - new 306f7091-fd43-44cb-822b-63a12337bb6f-SegmentedRaftLogWorker:Storage Directory /workdir/hadoop-ozone/integration-test/target/test-dir/MiniOzoneClusterImpl-ef69ce0e-7233-4eeb-a967-488b402a98c8/datanode-3/data/ratis/27e97680-5d69-47b8-82a7-d8b2f8bcbe85 for RaftStorage:Storage Directory /workdir/hadoop-ozone/integration-test/target/test-dir/MiniOzoneClusterImpl-ef69ce0e-7233-4eeb-a967-488b402a98c8/datanode-3/data/ratis/27e97680-5d69-47b8-82a7-d8b2f8bcbe85
2019-09-04 10:54:42,811 [pool-37-thread-1] INFO  server.RaftServerConfigKeys (ConfUtils.java:logGet(43)) - raft.server.log.statemachine.data.sync.timeout.retry = -1 (default)
2019-09-04 10:54:42,811 [pool-87-thread-1] INFO  server.RaftServerConfigKeys (ConfUtils.java:logGet(43)) - raft.server.log.queue.byte-limit = 2147483647 (custom)
2019-09-04 10:54:42,814 [pool-37-thread-1] INFO  server.RaftServerConfigKeys (ConfUtils.java:logGet(43)) - raft.server.log.statemachine.data.caching.enabled = true (custom)
2019-09-04 10:54:42,813 [pool-57-thread-1] INFO  server.RaftServerConfigKeys (ConfUtils.java:logGet(43)) - raft.server.log.queue.byte-limit = 2147483647 (custom)
2019-09-04 10:54:42,814 [pool-87-thread-1] INFO  server.RaftServerConfigKeys (ConfUtils.java:logGet(43)) - raft.server.log.queue.element-limit = 1024 (custom)
2019-09-04 10:54:42,814 [pool-37-thread-1] INFO  segmented.SegmentedRaftLogWorker (SegmentedRaftLogWorker.java:lambda$new$0(132)) - a94f35c6-e7cd-44f4-9fc5-5bedbc811dcb-SegmentedRaftLogWorker:Storage Directory /workdir/hadoop-ozone/integration-test/target/test-dir/MiniOzoneClusterImpl-ef69ce0e-7233-4eeb-a967-488b402a98c8/datanode-1/data/ratis/27e97680-5d69-47b8-82a7-d8b2f8bcbe85: flushIndex: setUnconditionally 0 -> -1
2019-09-04 10:54:42,814 [pool-57-thread-1] INFO  server.RaftServerConfigKeys (ConfUtils.java:logGet(43)) - raft.server.log.queue.element-limit = 1024 (custom)
2019-09-04 10:54:42,814 [pool-87-thread-1] INFO  server.RaftServerConfigKeys (ConfUtils.java:logGet(43)) - raft.server.log.segment.size.max = 1048576 (custom)
2019-09-04 10:54:42,815 [pool-37-thread-1] INFO  server.RaftServerConfigKeys (ConfUtils.java:logGet(43)) - raft.server.snapshot.auto.trigger.enabled = true (custom)
2019-09-04 10:54:42,815 [pool-57-thread-1] INFO  server.RaftServerConfigKeys (ConfUtils.java:logGet(43)) - raft.server.log.segment.size.max = 1048576 (custom)
2019-09-04 10:54:42,815 [pool-37-thread-1] INFO  server.RaftServerConfigKeys (ConfUtils.java:logGet(43)) - raft.server.snapshot.auto.trigger.threshold = 10000 (custom)
2019-09-04 10:54:42,815 [pool-87-thread-1] INFO  server.RaftServerConfigKeys (ConfUtils.java:logGet(43)) - raft.server.log.preallocated.size = 16384 (custom)
2019-09-04 10:54:42,815 [pool-57-thread-1] INFO  server.RaftServerConfigKeys (ConfUtils.java:logGet(43)) - raft.server.log.preallocated.size = 16384 (custom)
2019-09-04 10:54:42,815 [pool-87-thread-1] INFO  server.RaftServerConfigKeys (ConfUtils.java:logGet(43)) - raft.server.log.write.buffer.size = 33554432 (custom)
2019-09-04 10:54:42,815 [pool-37-thread-1] INFO  server.RaftServerConfigKeys (ConfUtils.java:logGet(43)) - raft.server.retrycache.expirytime = 600000ms (custom)
2019-09-04 10:54:42,815 [pool-87-thread-1] INFO  server.RaftServerConfigKeys (ConfUtils.java:logGet(43)) - raft.server.log.force.sync.num = 128 (default)
2019-09-04 10:54:42,815 [pool-57-thread-1] INFO  server.RaftServerConfigKeys (ConfUtils.java:logGet(43)) - raft.server.log.write.buffer.size = 33554432 (custom)
2019-09-04 10:54:42,815 [pool-87-thread-1] INFO  server.RaftServerConfigKeys (ConfUtils.java:logGet(43)) - raft.server.log.statemachine.data.sync = true (default)
2019-09-04 10:54:42,815 [pool-37-thread-1] INFO  impl.RaftServerImpl (RaftServerImpl.java:start(180)) - a94f35c6-e7cd-44f4-9fc5-5bedbc811dcb: start group-EA9A34BEEC33
2019-09-04 10:54:42,816 [pool-87-thread-1] INFO  server.RaftServerConfigKeys (ConfUtils.java:logGet(43)) - raft.server.log.statemachine.data.sync.timeout = 10s (default)
2019-09-04 10:54:42,816 [pool-57-thread-1] INFO  server.RaftServerConfigKeys (ConfUtils.java:logGet(43)) - raft.server.log.force.sync.num = 128 (default)
2019-09-04 10:54:42,816 [pool-87-thread-1] INFO  server.RaftServerConfigKeys (ConfUtils.java:logGet(43)) - raft.server.log.statemachine.data.sync.timeout.retry = -1 (default)
2019-09-04 10:54:42,816 [pool-37-thread-1] INFO  impl.RaftServerImpl (RaftServerImpl.java:setRole(171)) - a94f35c6-e7cd-44f4-9fc5-5bedbc811dcb:group-EA9A34BEEC33 changes role from null to FOLLOWER at term 0 for startAsFollower
2019-09-04 10:54:42,816 [pool-87-thread-1] INFO  server.RaftServerConfigKeys (ConfUtils.java:logGet(43)) - raft.server.log.statemachine.data.caching.enabled = true (custom)
2019-09-04 10:54:42,816 [pool-57-thread-1] INFO  server.RaftServerConfigKeys (ConfUtils.java:logGet(43)) - raft.server.log.statemachine.data.sync = true (default)
2019-09-04 10:54:42,816 [pool-37-thread-1] INFO  impl.RoleInfo (RoleInfo.java:updateAndGet(143)) - a94f35c6-e7cd-44f4-9fc5-5bedbc811dcb: start FollowerState
2019-09-04 10:54:42,816 [pool-57-thread-1] INFO  server.RaftServerConfigKeys (ConfUtils.java:logGet(43)) - raft.server.log.statemachine.data.sync.timeout = 10s (default)
2019-09-04 10:54:42,816 [pool-87-thread-1] INFO  segmented.SegmentedRaftLogWorker (SegmentedRaftLogWorker.java:lambda$new$0(132)) - af967e59-4194-4ca7-b6c8-8e0983d32eae-SegmentedRaftLogWorker:Storage Directory /workdir/hadoop-ozone/integration-test/target/test-dir/MiniOzoneClusterImpl-ef69ce0e-7233-4eeb-a967-488b402a98c8/datanode-6/data/ratis/b4bd29de-92c0-4f58-a2f1-f92d3b33caeb: flushIndex: setUnconditionally 0 -> -1
2019-09-04 10:54:42,817 [pool-57-thread-1] INFO  server.RaftServerConfigKeys (ConfUtils.java:logGet(43)) - raft.server.log.statemachine.data.sync.timeout.retry = -1 (default)
2019-09-04 10:54:42,817 [pool-37-thread-1] INFO  util.JmxRegister (JmxRegister.java:tryRegister(44)) - Successfully registered JMX Bean with object name Ratis:service=RaftServer,group=group-EA9A34BEEC33,id=a94f35c6-e7cd-44f4-9fc5-5bedbc811dcb
2019-09-04 10:54:42,817 [pool-87-thread-1] INFO  server.RaftServerConfigKeys (ConfUtils.java:logGet(43)) - raft.server.snapshot.auto.trigger.enabled = true (custom)
2019-09-04 10:54:42,817 [pool-57-thread-1] INFO  server.RaftServerConfigKeys (ConfUtils.java:logGet(43)) - raft.server.log.statemachine.data.caching.enabled = true (custom)
2019-09-04 10:54:42,817 [pool-87-thread-1] INFO  server.RaftServerConfigKeys (ConfUtils.java:logGet(43)) - raft.server.snapshot.auto.trigger.threshold = 10000 (custom)
2019-09-04 10:54:42,817 [pool-37-thread-1] INFO  impl.RaftServerImpl (RaftServerImpl.java:start(180)) - a94f35c6-e7cd-44f4-9fc5-5bedbc811dcb: start group-F92D3B33CAEB
2019-09-04 10:54:42,817 [pool-87-thread-1] INFO  server.RaftServerConfigKeys (ConfUtils.java:logGet(43)) - raft.server.retrycache.expirytime = 600000ms (custom)
2019-09-04 10:54:42,817 [pool-57-thread-1] INFO  segmented.SegmentedRaftLogWorker (SegmentedRaftLogWorker.java:lambda$new$0(132)) - 306f7091-fd43-44cb-822b-63a12337bb6f-SegmentedRaftLogWorker:Storage Directory /workdir/hadoop-ozone/integration-test/target/test-dir/MiniOzoneClusterImpl-ef69ce0e-7233-4eeb-a967-488b402a98c8/datanode-3/data/ratis/27e97680-5d69-47b8-82a7-d8b2f8bcbe85: flushIndex: setUnconditionally 0 -> -1
2019-09-04 10:54:42,817 [pool-37-thread-1] INFO  impl.RaftServerImpl (RaftServerImpl.java:setRole(171)) - a94f35c6-e7cd-44f4-9fc5-5bedbc811dcb:group-F92D3B33CAEB changes role from null to FOLLOWER at term 0 for startAsFollower
2019-09-04 10:54:42,818 [pool-37-thread-1] INFO  impl.RoleInfo (RoleInfo.java:updateAndGet(143)) - a94f35c6-e7cd-44f4-9fc5-5bedbc811dcb: start FollowerState
2019-09-04 10:54:42,818 [pool-57-thread-1] INFO  server.RaftServerConfigKeys (ConfUtils.java:logGet(43)) - raft.server.snapshot.auto.trigger.enabled = true (custom)
2019-09-04 10:54:42,818 [pool-57-thread-1] INFO  server.RaftServerConfigKeys (ConfUtils.java:logGet(43)) - raft.server.snapshot.auto.trigger.threshold = 10000 (custom)
2019-09-04 10:54:42,818 [pool-37-thread-1] INFO  util.JmxRegister (JmxRegister.java:tryRegister(44)) - Successfully registered JMX Bean with object name Ratis:service=RaftServer,group=group-F92D3B33CAEB,id=a94f35c6-e7cd-44f4-9fc5-5bedbc811dcb
2019-09-04 10:54:42,818 [pool-57-thread-1] INFO  server.RaftServerConfigKeys (ConfUtils.java:logGet(43)) - raft.server.retrycache.expirytime = 600000ms (custom)
2019-09-04 10:54:42,819 [pool-57-thread-1] INFO  impl.RaftServerImpl (RaftServerImpl.java:start(180)) - 306f7091-fd43-44cb-822b-63a12337bb6f: start group-EA9A34BEEC33
2019-09-04 10:54:42,819 [pool-37-thread-1] INFO  impl.RaftServerImpl (RaftServerImpl.java:start(180)) - a94f35c6-e7cd-44f4-9fc5-5bedbc811dcb: start group-D8B2F8BCBE85
2019-09-04 10:54:42,819 [pool-57-thread-1] INFO  impl.RaftServerImpl (RaftServerImpl.java:setRole(171)) - 306f7091-fd43-44cb-822b-63a12337bb6f:group-EA9A34BEEC33 changes role from null to FOLLOWER at term 0 for startAsFollower
2019-09-04 10:54:42,819 [pool-37-thread-1] INFO  impl.RaftServerImpl (RaftServerImpl.java:setRole(171)) - a94f35c6-e7cd-44f4-9fc5-5bedbc811dcb:group-D8B2F8BCBE85 changes role from null to FOLLOWER at term 0 for startAsFollower
2019-09-04 10:54:42,819 [pool-57-thread-1] INFO  impl.RoleInfo (RoleInfo.java:updateAndGet(143)) - 306f7091-fd43-44cb-822b-63a12337bb6f: start FollowerState
2019-09-04 10:54:42,819 [pool-37-thread-1] INFO  impl.RoleInfo (RoleInfo.java:updateAndGet(143)) - a94f35c6-e7cd-44f4-9fc5-5bedbc811dcb: start FollowerState
2019-09-04 10:54:42,819 [pool-57-thread-1] INFO  util.JmxRegister (JmxRegister.java:tryRegister(44)) - Successfully registered JMX Bean with object name Ratis:service=RaftServer,group=group-EA9A34BEEC33,id=306f7091-fd43-44cb-822b-63a12337bb6f
2019-09-04 10:54:42,819 [pool-37-thread-1] INFO  util.JmxRegister (JmxRegister.java:tryRegister(44)) - Successfully registered JMX Bean with object name Ratis:service=RaftServer,group=group-D8B2F8BCBE85,id=a94f35c6-e7cd-44f4-9fc5-5bedbc811dcb
2019-09-04 10:54:42,820 [pool-87-thread-1] INFO  impl.RaftServerImpl (RaftServerImpl.java:<init>(93)) - af967e59-4194-4ca7-b6c8-8e0983d32eae: new RaftServerImpl for group-D8B2F8BCBE85:[af967e59-4194-4ca7-b6c8-8e0983d32eae:192.168.5.153:38797, a94f35c6-e7cd-44f4-9fc5-5bedbc811dcb:192.168.5.153:36627, 306f7091-fd43-44cb-822b-63a12337bb6f:192.168.5.153:42255] with ContainerStateMachine:uninitialized
2019-09-04 10:54:42,820 [pool-57-thread-1] INFO  impl.RaftServerImpl (RaftServerImpl.java:start(180)) - 306f7091-fd43-44cb-822b-63a12337bb6f: start group-F92D3B33CAEB
2019-09-04 10:54:42,820 [pool-87-thread-1] INFO  server.RaftServerConfigKeys (ConfUtils.java:logGet(43)) - raft.server.rpc.timeout.min = 5s (custom)
2019-09-04 10:54:42,820 [pool-57-thread-1] INFO  impl.RaftServerImpl (RaftServerImpl.java:setRole(171)) - 306f7091-fd43-44cb-822b-63a12337bb6f:group-F92D3B33CAEB changes role from null to FOLLOWER at term 0 for startAsFollower
2019-09-04 10:54:42,820 [pool-87-thread-1] INFO  server.RaftServerConfigKeys (ConfUtils.java:logGet(43)) - raft.server.rpc.timeout.max = 5200ms (custom)
2019-09-04 10:54:42,820 [pool-57-thread-1] INFO  impl.RoleInfo (RoleInfo.java:updateAndGet(143)) - 306f7091-fd43-44cb-822b-63a12337bb6f: start FollowerState
2019-09-04 10:54:42,820 [pool-87-thread-1] INFO  server.RaftServerConfigKeys (ConfUtils.java:logGet(43)) - raft.server.rpcslowness.timeout = 120s (custom)
2019-09-04 10:54:42,821 [pool-87-thread-1] INFO  server.RaftServerConfigKeys (ConfUtils.java:logGet(43)) - raft.server.sleep.deviation.threshold = 300 (default)
2019-09-04 10:54:42,821 [pool-87-thread-1] INFO  server.RaftServerConfigKeys (ConfUtils.java:logGet(43)) - raft.server.log.appender.install.snapshot.enabled = false (custom)
2019-09-04 10:54:42,821 [pool-57-thread-1] INFO  util.JmxRegister (JmxRegister.java:tryRegister(44)) - Successfully registered JMX Bean with object name Ratis:service=RaftServer,group=group-F92D3B33CAEB,id=306f7091-fd43-44cb-822b-63a12337bb6f
2019-09-04 10:54:42,821 [pool-87-thread-1] INFO  impl.RaftServerImpl (ServerState.java:<init>(105)) - af967e59-4194-4ca7-b6c8-8e0983d32eae:group-D8B2F8BCBE85 ConfigurationManager, init=-1: [af967e59-4194-4ca7-b6c8-8e0983d32eae:192.168.5.153:38797, a94f35c6-e7cd-44f4-9fc5-5bedbc811dcb:192.168.5.153:36627, 306f7091-fd43-44cb-822b-63a12337bb6f:192.168.5.153:42255], old=null, confs=<EMPTY_MAP>
2019-09-04 10:54:42,821 [pool-87-thread-1] INFO  server.RaftServerConfigKeys (ConfUtils.java:logGet(43)) - raft.server.storage.dir = [/workdir/hadoop-ozone/integration-test/target/test-dir/MiniOzoneClusterImpl-ef69ce0e-7233-4eeb-a967-488b402a98c8/datanode-6/data/ratis] (custom)
2019-09-04 10:54:42,821 [pool-57-thread-1] INFO  impl.RaftServerImpl (RaftServerImpl.java:start(180)) - 306f7091-fd43-44cb-822b-63a12337bb6f: start group-D8B2F8BCBE85
2019-09-04 10:54:42,821 [pool-57-thread-1] INFO  impl.RaftServerImpl (RaftServerImpl.java:setRole(171)) - 306f7091-fd43-44cb-822b-63a12337bb6f:group-D8B2F8BCBE85 changes role from null to FOLLOWER at term 0 for startAsFollower
2019-09-04 10:54:42,821 [pool-87-thread-1] INFO  storage.RaftStorageDirectory (RaftStorageDirectory.java:analyzeStorage(246)) - The storage directory /workdir/hadoop-ozone/integration-test/target/test-dir/MiniOzoneClusterImpl-ef69ce0e-7233-4eeb-a967-488b402a98c8/datanode-6/data/ratis/27e97680-5d69-47b8-82a7-d8b2f8bcbe85 does not exist. Creating ...
2019-09-04 10:54:42,822 [pool-57-thread-1] INFO  impl.RoleInfo (RoleInfo.java:updateAndGet(143)) - 306f7091-fd43-44cb-822b-63a12337bb6f: start FollowerState
2019-09-04 10:54:42,824 [pool-57-thread-1] INFO  util.JmxRegister (JmxRegister.java:tryRegister(44)) - Successfully registered JMX Bean with object name Ratis:service=RaftServer,group=group-D8B2F8BCBE85,id=306f7091-fd43-44cb-822b-63a12337bb6f
2019-09-04 10:54:42,839 [pool-87-thread-1] INFO  storage.RaftStorageDirectory (RaftStorageDirectory.java:tryLock(328)) - Lock on /workdir/hadoop-ozone/integration-test/target/test-dir/MiniOzoneClusterImpl-ef69ce0e-7233-4eeb-a967-488b402a98c8/datanode-6/data/ratis/27e97680-5d69-47b8-82a7-d8b2f8bcbe85/in_use.lock acquired by nodename 24377@pr-hdds-1982-decom-states-67zng-3388626213
2019-09-04 10:54:42,854 [pool-87-thread-1] INFO  storage.RaftStorage (RaftStorage.java:format(72)) - Storage directory /workdir/hadoop-ozone/integration-test/target/test-dir/MiniOzoneClusterImpl-ef69ce0e-7233-4eeb-a967-488b402a98c8/datanode-6/data/ratis/27e97680-5d69-47b8-82a7-d8b2f8bcbe85 has been successfully formatted.
2019-09-04 10:54:42,854 [pool-87-thread-1] INFO  ratis.ContainerStateMachine (ContainerStateMachine.java:loadSnapshot(227)) - group-D8B2F8BCBE85: The snapshot info is null. Setting the last applied indexto:(t:0, i:~)
2019-09-04 10:54:42,854 [pool-87-thread-1] INFO  server.RaftServerConfigKeys (ConfUtils.java:logGet(43)) - raft.server.leader.election.timeout = 120s (custom)
2019-09-04 10:54:42,855 [pool-87-thread-1] INFO  server.RaftServerConfigKeys (ConfUtils.java:logGet(43)) - raft.server.log.use.memory = false (default)
2019-09-04 10:54:42,855 [pool-87-thread-1] INFO  server.RaftServerConfigKeys (ConfUtils.java:logGet(43)) - raft.server.log.purge.gap = 1000000 (custom)
2019-09-04 10:54:42,855 [pool-87-thread-1] INFO  server.RaftServerConfigKeys (ConfUtils.java:logGet(43)) - raft.server.log.appender.buffer.byte-limit = 33554432 (custom)
2019-09-04 10:54:42,855 [pool-87-thread-1] INFO  server.RaftServerConfigKeys (ConfUtils.java:logGet(43)) - raft.server.log.segment.size.max = 1048576 (custom)
2019-09-04 10:54:42,855 [pool-87-thread-1] INFO  server.RaftServerConfigKeys (ConfUtils.java:logGet(43)) - raft.server.log.segment.cache.num.max = 2 (custom)
2019-09-04 10:54:42,855 [pool-87-thread-1] INFO  segmented.SegmentedRaftLogWorker (SegmentedRaftLogWorker.java:<init>(172)) - new af967e59-4194-4ca7-b6c8-8e0983d32eae-SegmentedRaftLogWorker:Storage Directory /workdir/hadoop-ozone/integration-test/target/test-dir/MiniOzoneClusterImpl-ef69ce0e-7233-4eeb-a967-488b402a98c8/datanode-6/data/ratis/27e97680-5d69-47b8-82a7-d8b2f8bcbe85 for RaftStorage:Storage Directory /workdir/hadoop-ozone/integration-test/target/test-dir/MiniOzoneClusterImpl-ef69ce0e-7233-4eeb-a967-488b402a98c8/datanode-6/data/ratis/27e97680-5d69-47b8-82a7-d8b2f8bcbe85
2019-09-04 10:54:42,856 [pool-87-thread-1] INFO  server.RaftServerConfigKeys (ConfUtils.java:logGet(43)) - raft.server.log.queue.byte-limit = 2147483647 (custom)
2019-09-04 10:54:42,856 [pool-87-thread-1] INFO  server.RaftServerConfigKeys (ConfUtils.java:logGet(43)) - raft.server.log.queue.element-limit = 1024 (custom)
2019-09-04 10:54:42,856 [pool-87-thread-1] INFO  server.RaftServerConfigKeys (ConfUtils.java:logGet(43)) - raft.server.log.segment.size.max = 1048576 (custom)
2019-09-04 10:54:42,856 [pool-87-thread-1] INFO  server.RaftServerConfigKeys (ConfUtils.java:logGet(43)) - raft.server.log.preallocated.size = 16384 (custom)
2019-09-04 10:54:42,856 [pool-87-thread-1] INFO  server.RaftServerConfigKeys (ConfUtils.java:logGet(43)) - raft.server.log.write.buffer.size = 33554432 (custom)
2019-09-04 10:54:42,856 [pool-87-thread-1] INFO  server.RaftServerConfigKeys (ConfUtils.java:logGet(43)) - raft.server.log.force.sync.num = 128 (default)
2019-09-04 10:54:42,856 [pool-87-thread-1] INFO  server.RaftServerConfigKeys (ConfUtils.java:logGet(43)) - raft.server.log.statemachine.data.sync = true (default)
2019-09-04 10:54:42,856 [pool-87-thread-1] INFO  server.RaftServerConfigKeys (ConfUtils.java:logGet(43)) - raft.server.log.statemachine.data.sync.timeout = 10s (default)
2019-09-04 10:54:42,856 [pool-87-thread-1] INFO  server.RaftServerConfigKeys (ConfUtils.java:logGet(43)) - raft.server.log.statemachine.data.sync.timeout.retry = -1 (default)
2019-09-04 10:54:42,857 [pool-87-thread-1] INFO  server.RaftServerConfigKeys (ConfUtils.java:logGet(43)) - raft.server.log.statemachine.data.caching.enabled = true (custom)
2019-09-04 10:54:42,857 [pool-87-thread-1] INFO  segmented.SegmentedRaftLogWorker (SegmentedRaftLogWorker.java:lambda$new$0(132)) - af967e59-4194-4ca7-b6c8-8e0983d32eae-SegmentedRaftLogWorker:Storage Directory /workdir/hadoop-ozone/integration-test/target/test-dir/MiniOzoneClusterImpl-ef69ce0e-7233-4eeb-a967-488b402a98c8/datanode-6/data/ratis/27e97680-5d69-47b8-82a7-d8b2f8bcbe85: flushIndex: setUnconditionally 0 -> -1
2019-09-04 10:54:42,857 [pool-87-thread-1] INFO  server.RaftServerConfigKeys (ConfUtils.java:logGet(43)) - raft.server.snapshot.auto.trigger.enabled = true (custom)
2019-09-04 10:54:42,857 [pool-87-thread-1] INFO  server.RaftServerConfigKeys (ConfUtils.java:logGet(43)) - raft.server.snapshot.auto.trigger.threshold = 10000 (custom)
2019-09-04 10:54:42,857 [pool-87-thread-1] INFO  server.RaftServerConfigKeys (ConfUtils.java:logGet(43)) - raft.server.retrycache.expirytime = 600000ms (custom)
2019-09-04 10:54:42,858 [pool-87-thread-1] INFO  impl.RaftServerImpl (RaftServerImpl.java:start(180)) - af967e59-4194-4ca7-b6c8-8e0983d32eae: start group-EA9A34BEEC33
2019-09-04 10:54:42,858 [pool-87-thread-1] INFO  impl.RaftServerImpl (RaftServerImpl.java:setRole(171)) - af967e59-4194-4ca7-b6c8-8e0983d32eae:group-EA9A34BEEC33 changes role from null to FOLLOWER at term 0 for startAsFollower
2019-09-04 10:54:42,858 [pool-87-thread-1] INFO  impl.RoleInfo (RoleInfo.java:updateAndGet(143)) - af967e59-4194-4ca7-b6c8-8e0983d32eae: start FollowerState
2019-09-04 10:54:42,858 [pool-87-thread-1] INFO  util.JmxRegister (JmxRegister.java:tryRegister(44)) - Successfully registered JMX Bean with object name Ratis:service=RaftServer,group=group-EA9A34BEEC33,id=af967e59-4194-4ca7-b6c8-8e0983d32eae
2019-09-04 10:54:42,859 [pool-87-thread-1] INFO  impl.RaftServerImpl (RaftServerImpl.java:start(180)) - af967e59-4194-4ca7-b6c8-8e0983d32eae: start group-A94D5FD2E5BF
2019-09-04 10:54:42,859 [pool-87-thread-1] INFO  impl.RaftServerImpl (RaftServerImpl.java:setRole(171)) - af967e59-4194-4ca7-b6c8-8e0983d32eae:group-A94D5FD2E5BF changes role from null to FOLLOWER at term 0 for startAsFollower
2019-09-04 10:54:42,859 [pool-87-thread-1] INFO  impl.RoleInfo (RoleInfo.java:updateAndGet(143)) - af967e59-4194-4ca7-b6c8-8e0983d32eae: start FollowerState
2019-09-04 10:54:42,859 [pool-87-thread-1] INFO  util.JmxRegister (JmxRegister.java:tryRegister(44)) - Successfully registered JMX Bean with object name Ratis:service=RaftServer,group=group-A94D5FD2E5BF,id=af967e59-4194-4ca7-b6c8-8e0983d32eae
2019-09-04 10:54:42,860 [pool-87-thread-1] INFO  impl.RaftServerImpl (RaftServerImpl.java:start(180)) - af967e59-4194-4ca7-b6c8-8e0983d32eae: start group-F92D3B33CAEB
2019-09-04 10:54:42,860 [pool-87-thread-1] INFO  impl.RaftServerImpl (RaftServerImpl.java:setRole(171)) - af967e59-4194-4ca7-b6c8-8e0983d32eae:group-F92D3B33CAEB changes role from null to FOLLOWER at term 0 for startAsFollower
2019-09-04 10:54:42,860 [pool-87-thread-1] INFO  impl.RoleInfo (RoleInfo.java:updateAndGet(143)) - af967e59-4194-4ca7-b6c8-8e0983d32eae: start FollowerState
2019-09-04 10:54:42,860 [pool-87-thread-1] INFO  util.JmxRegister (JmxRegister.java:tryRegister(44)) - Successfully registered JMX Bean with object name Ratis:service=RaftServer,group=group-F92D3B33CAEB,id=af967e59-4194-4ca7-b6c8-8e0983d32eae
2019-09-04 10:54:42,861 [pool-87-thread-1] INFO  impl.RaftServerImpl (RaftServerImpl.java:start(180)) - af967e59-4194-4ca7-b6c8-8e0983d32eae: start group-D8B2F8BCBE85
2019-09-04 10:54:42,861 [pool-87-thread-1] INFO  impl.RaftServerImpl (RaftServerImpl.java:setRole(171)) - af967e59-4194-4ca7-b6c8-8e0983d32eae:group-D8B2F8BCBE85 changes role from null to FOLLOWER at term 0 for startAsFollower
2019-09-04 10:54:42,861 [pool-87-thread-1] INFO  impl.RoleInfo (RoleInfo.java:updateAndGet(143)) - af967e59-4194-4ca7-b6c8-8e0983d32eae: start FollowerState
2019-09-04 10:54:42,861 [pool-87-thread-1] INFO  util.JmxRegister (JmxRegister.java:tryRegister(44)) - Successfully registered JMX Bean with object name Ratis:service=RaftServer,group=group-D8B2F8BCBE85,id=af967e59-4194-4ca7-b6c8-8e0983d32eae
2019-09-04 10:54:42,911 [IPC Server handler 7 on 38085] INFO  pipeline.PipelineStateManager (PipelineStateManager.java:addPipeline(56)) - Created pipeline Pipeline[ Id: 27e97680-5d69-47b8-82a7-d8b2f8bcbe85, Nodes: af967e59-4194-4ca7-b6c8-8e0983d32eae{ip: 192.168.5.153, host: pr-hdds-1982-decom-states-67zng-3388626213, networkLocation: /default-rack, certSerialId: null}a94f35c6-e7cd-44f4-9fc5-5bedbc811dcb{ip: 192.168.5.153, host: pr-hdds-1982-decom-states-67zng-3388626213, networkLocation: /default-rack, certSerialId: null}306f7091-fd43-44cb-822b-63a12337bb6f{ip: 192.168.5.153, host: pr-hdds-1982-decom-states-67zng-3388626213, networkLocation: /default-rack, certSerialId: null}, Type:RATIS, Factor:THREE, State:OPEN]
2019-09-04 10:54:42,927 [03b339be-1ad7-4cbc-8fdc-bf8ef692ccc8-SegmentedRaftLogWorker:Storage Directory /workdir/hadoop-ozone/integration-test/target/test-dir/MiniOzoneClusterImpl-ef69ce0e-7233-4eeb-a967-488b402a98c8/datanode-0/data/ratis/8e9652b2-320c-449a-8842-c8d388620cba] INFO  segmented.SegmentedRaftLogWorker (SegmentedRaftLogWorker.java:execute(569)) - 03b339be-1ad7-4cbc-8fdc-bf8ef692ccc8-SegmentedRaftLogWorker:Storage Directory /workdir/hadoop-ozone/integration-test/target/test-dir/MiniOzoneClusterImpl-ef69ce0e-7233-4eeb-a967-488b402a98c8/datanode-0/data/ratis/8e9652b2-320c-449a-8842-c8d388620cba: created new log segment /workdir/hadoop-ozone/integration-test/target/test-dir/MiniOzoneClusterImpl-ef69ce0e-7233-4eeb-a967-488b402a98c8/datanode-0/data/ratis/8e9652b2-320c-449a-8842-c8d388620cba/current/log_inprogress_0
2019-09-04 10:54:42,940 [main] INFO  impl.MetricsSystemImpl (MetricsSystemImpl.java:init(158)) - XceiverClientMetrics metrics system started (again)
2019-09-04 10:54:43,106 [grpc-default-executor-2] INFO  client.GrpcClientProtocolClient (GrpcClientProtocolClient.java:onNext(255)) - client-B88B3A356146->af967e59-4194-4ca7-b6c8-8e0983d32eae: receive RaftClientReply:client-B88B3A356146->af967e59-4194-4ca7-b6c8-8e0983d32eae@group-D8B2F8BCBE85, cid=14, FAILED org.apache.ratis.protocol.NotLeaderException: Server af967e59-4194-4ca7-b6c8-8e0983d32eae is not the leader (null). Request must be sent to leader., logIndex=0, commits[af967e59-4194-4ca7-b6c8-8e0983d32eae:c-1]
2019-09-04 10:54:44,153 [grpc-default-executor-2] INFO  client.GrpcClientProtocolClient (GrpcClientProtocolClient.java:onNext(255)) - client-B88B3A356146->a94f35c6-e7cd-44f4-9fc5-5bedbc811dcb: receive RaftClientReply:client-B88B3A356146->a94f35c6-e7cd-44f4-9fc5-5bedbc811dcb@group-D8B2F8BCBE85, cid=14, FAILED org.apache.ratis.protocol.NotLeaderException: Server a94f35c6-e7cd-44f4-9fc5-5bedbc811dcb is not the leader (null). Request must be sent to leader., logIndex=0, commits[a94f35c6-e7cd-44f4-9fc5-5bedbc811dcb:c-1]
2019-09-04 10:54:45,192 [grpc-default-executor-0] INFO  client.GrpcClientProtocolClient (GrpcClientProtocolClient.java:onNext(255)) - client-B88B3A356146->af967e59-4194-4ca7-b6c8-8e0983d32eae: receive RaftClientReply:client-B88B3A356146->af967e59-4194-4ca7-b6c8-8e0983d32eae@group-D8B2F8BCBE85, cid=14, FAILED org.apache.ratis.protocol.NotLeaderException: Server af967e59-4194-4ca7-b6c8-8e0983d32eae is not the leader (null). Request must be sent to leader., logIndex=0, commits[af967e59-4194-4ca7-b6c8-8e0983d32eae:c-1]
2019-09-04 10:54:46,235 [grpc-default-executor-0] INFO  client.GrpcClientProtocolClient (GrpcClientProtocolClient.java:onNext(255)) - client-B88B3A356146->a94f35c6-e7cd-44f4-9fc5-5bedbc811dcb: receive RaftClientReply:client-B88B3A356146->a94f35c6-e7cd-44f4-9fc5-5bedbc811dcb@group-D8B2F8BCBE85, cid=14, FAILED org.apache.ratis.protocol.NotLeaderException: Server a94f35c6-e7cd-44f4-9fc5-5bedbc811dcb is not the leader (null). Request must be sent to leader., logIndex=0, commits[a94f35c6-e7cd-44f4-9fc5-5bedbc811dcb:c-1]
2019-09-04 10:54:47,271 [grpc-default-executor-2] INFO  client.GrpcClientProtocolClient (GrpcClientProtocolClient.java:onNext(255)) - client-B88B3A356146->af967e59-4194-4ca7-b6c8-8e0983d32eae: receive RaftClientReply:client-B88B3A356146->af967e59-4194-4ca7-b6c8-8e0983d32eae@group-D8B2F8BCBE85, cid=14, FAILED org.apache.ratis.protocol.NotLeaderException: Server af967e59-4194-4ca7-b6c8-8e0983d32eae is not the leader (null). Request must be sent to leader., logIndex=0, commits[af967e59-4194-4ca7-b6c8-8e0983d32eae:c-1]
2019-09-04 10:54:47,451 [Thread-257] INFO  impl.FollowerState (FollowerState.java:run(106)) - 306f7091-fd43-44cb-822b-63a12337bb6f:group-305D90ED7D72 changes to CANDIDATE, lastRpcTime:5058, electionTimeout:5053ms
2019-09-04 10:54:47,455 [Thread-257] INFO  impl.RoleInfo (RoleInfo.java:shutdownFollowerState(121)) - 306f7091-fd43-44cb-822b-63a12337bb6f: shutdown FollowerState
2019-09-04 10:54:47,455 [Thread-257] INFO  impl.RaftServerImpl (RaftServerImpl.java:setRole(171)) - 306f7091-fd43-44cb-822b-63a12337bb6f:group-305D90ED7D72 changes role from FOLLOWER to CANDIDATE at term 0 for changeToCandidate
2019-09-04 10:54:47,455 [Thread-257] INFO  impl.RoleInfo (RoleInfo.java:updateAndGet(143)) - 306f7091-fd43-44cb-822b-63a12337bb6f: start LeaderElection
2019-09-04 10:54:47,539 [Thread-253] INFO  impl.FollowerState (FollowerState.java:run(106)) - a94f35c6-e7cd-44f4-9fc5-5bedbc811dcb:group-305D90ED7D72 changes to CANDIDATE, lastRpcTime:5149, electionTimeout:5149ms
2019-09-04 10:54:47,547 [Thread-253] INFO  impl.RoleInfo (RoleInfo.java:shutdownFollowerState(121)) - a94f35c6-e7cd-44f4-9fc5-5bedbc811dcb: shutdown FollowerState
2019-09-04 10:54:47,547 [Thread-253] INFO  impl.RaftServerImpl (RaftServerImpl.java:setRole(171)) - a94f35c6-e7cd-44f4-9fc5-5bedbc811dcb:group-305D90ED7D72 changes role from FOLLOWER to CANDIDATE at term 0 for changeToCandidate
2019-09-04 10:54:47,547 [Thread-253] INFO  impl.RoleInfo (RoleInfo.java:updateAndGet(143)) - a94f35c6-e7cd-44f4-9fc5-5bedbc811dcb: start LeaderElection
2019-09-04 10:54:47,886 [Thread-284] INFO  impl.FollowerState (FollowerState.java:run(106)) - af967e59-4194-4ca7-b6c8-8e0983d32eae:group-F92D3B33CAEB changes to CANDIDATE, lastRpcTime:5026, electionTimeout:5026ms
2019-09-04 10:54:47,889 [Thread-284] INFO  impl.RoleInfo (RoleInfo.java:shutdownFollowerState(121)) - af967e59-4194-4ca7-b6c8-8e0983d32eae: shutdown FollowerState
2019-09-04 10:54:47,889 [Thread-284] INFO  impl.RaftServerImpl (RaftServerImpl.java:setRole(171)) - af967e59-4194-4ca7-b6c8-8e0983d32eae:group-F92D3B33CAEB changes role from FOLLOWER to CANDIDATE at term 0 for changeToCandidate
2019-09-04 10:54:47,889 [Thread-284] INFO  impl.RoleInfo (RoleInfo.java:updateAndGet(143)) - af967e59-4194-4ca7-b6c8-8e0983d32eae: start LeaderElection
2019-09-04 10:54:47,901 [Thread-268] INFO  impl.FollowerState (FollowerState.java:run(106)) - a94f35c6-e7cd-44f4-9fc5-5bedbc811dcb:group-F92D3B33CAEB changes to CANDIDATE, lastRpcTime:5083, electionTimeout:5083ms
2019-09-04 10:54:47,902 [Thread-268] INFO  impl.RoleInfo (RoleInfo.java:shutdownFollowerState(121)) - a94f35c6-e7cd-44f4-9fc5-5bedbc811dcb: shutdown FollowerState
2019-09-04 10:54:47,902 [Thread-268] INFO  impl.RaftServerImpl (RaftServerImpl.java:setRole(171)) - a94f35c6-e7cd-44f4-9fc5-5bedbc811dcb:group-F92D3B33CAEB changes role from FOLLOWER to CANDIDATE at term 0 for changeToCandidate
2019-09-04 10:54:47,902 [Thread-268] INFO  impl.RoleInfo (RoleInfo.java:updateAndGet(143)) - a94f35c6-e7cd-44f4-9fc5-5bedbc811dcb: start LeaderElection
2019-09-04 10:54:47,912 [Thread-261] INFO  impl.FollowerState (FollowerState.java:run(106)) - af967e59-4194-4ca7-b6c8-8e0983d32eae:group-305D90ED7D72 changes to CANDIDATE, lastRpcTime:5133, electionTimeout:5133ms
2019-09-04 10:54:47,913 [Thread-261] INFO  impl.RoleInfo (RoleInfo.java:shutdownFollowerState(121)) - af967e59-4194-4ca7-b6c8-8e0983d32eae: shutdown FollowerState
2019-09-04 10:54:47,913 [Thread-261] INFO  impl.RaftServerImpl (RaftServerImpl.java:setRole(171)) - af967e59-4194-4ca7-b6c8-8e0983d32eae:group-305D90ED7D72 changes role from FOLLOWER to CANDIDATE at term 0 for changeToCandidate
2019-09-04 10:54:47,913 [Thread-261] INFO  impl.RoleInfo (RoleInfo.java:updateAndGet(143)) - af967e59-4194-4ca7-b6c8-8e0983d32eae: start LeaderElection
2019-09-04 10:54:47,919 [Thread-272] INFO  impl.FollowerState (FollowerState.java:run(106)) - a94f35c6-e7cd-44f4-9fc5-5bedbc811dcb:group-D8B2F8BCBE85 changes to CANDIDATE, lastRpcTime:5100, electionTimeout:5096ms
2019-09-04 10:54:47,919 [Thread-272] INFO  impl.RoleInfo (RoleInfo.java:shutdownFollowerState(121)) - a94f35c6-e7cd-44f4-9fc5-5bedbc811dcb: shutdown FollowerState
2019-09-04 10:54:47,920 [Thread-272] INFO  impl.RaftServerImpl (RaftServerImpl.java:setRole(171)) - a94f35c6-e7cd-44f4-9fc5-5bedbc811dcb:group-D8B2F8BCBE85 changes role from FOLLOWER to CANDIDATE at term 0 for changeToCandidate
2019-09-04 10:54:47,920 [Thread-272] INFO  impl.RoleInfo (RoleInfo.java:updateAndGet(143)) - a94f35c6-e7cd-44f4-9fc5-5bedbc811dcb: start LeaderElection
2019-09-04 10:54:47,937 [306f7091-fd43-44cb-822b-63a12337bb6f:group-305D90ED7D72:LeaderElection2] INFO  impl.LeaderElection (LeaderElection.java:askForVotes(181)) - 306f7091-fd43-44cb-822b-63a12337bb6f:group-305D90ED7D72:LeaderElection2: begin an election at term 1 for -1: [af967e59-4194-4ca7-b6c8-8e0983d32eae:192.168.5.153:38797, a94f35c6-e7cd-44f4-9fc5-5bedbc811dcb:192.168.5.153:36627, 306f7091-fd43-44cb-822b-63a12337bb6f:192.168.5.153:42255], old=null
2019-09-04 10:54:47,944 [Thread-271] INFO  impl.FollowerState (FollowerState.java:run(106)) - 306f7091-fd43-44cb-822b-63a12337bb6f:group-EA9A34BEEC33 changes to CANDIDATE, lastRpcTime:5124, electionTimeout:5124ms
2019-09-04 10:54:47,944 [Thread-271] INFO  impl.RoleInfo (RoleInfo.java:shutdownFollowerState(121)) - 306f7091-fd43-44cb-822b-63a12337bb6f: shutdown FollowerState
2019-09-04 10:54:47,944 [Thread-271] INFO  impl.RaftServerImpl (RaftServerImpl.java:setRole(171)) - 306f7091-fd43-44cb-822b-63a12337bb6f:group-EA9A34BEEC33 changes role from FOLLOWER to CANDIDATE at term 0 for changeToCandidate
2019-09-04 10:54:47,944 [Thread-271] INFO  impl.RoleInfo (RoleInfo.java:updateAndGet(143)) - 306f7091-fd43-44cb-822b-63a12337bb6f: start LeaderElection
2019-09-04 10:54:47,947 [Thread-277] INFO  impl.FollowerState (FollowerState.java:run(106)) - 306f7091-fd43-44cb-822b-63a12337bb6f:group-D8B2F8BCBE85 changes to CANDIDATE, lastRpcTime:5125, electionTimeout:5123ms
2019-09-04 10:54:47,950 [Thread-277] INFO  impl.RoleInfo (RoleInfo.java:shutdownFollowerState(121)) - 306f7091-fd43-44cb-822b-63a12337bb6f: shutdown FollowerState
2019-09-04 10:54:47,950 [Thread-277] INFO  impl.RaftServerImpl (RaftServerImpl.java:setRole(171)) - 306f7091-fd43-44cb-822b-63a12337bb6f:group-D8B2F8BCBE85 changes role from FOLLOWER to CANDIDATE at term 0 for changeToCandidate
2019-09-04 10:54:47,951 [Thread-277] INFO  impl.RoleInfo (RoleInfo.java:updateAndGet(143)) - 306f7091-fd43-44cb-822b-63a12337bb6f: start LeaderElection
2019-09-04 10:54:47,953 [Thread-275] INFO  impl.FollowerState (FollowerState.java:run(106)) - 306f7091-fd43-44cb-822b-63a12337bb6f:group-F92D3B33CAEB changes to CANDIDATE, lastRpcTime:5132, electionTimeout:5131ms
2019-09-04 10:54:47,956 [Thread-275] INFO  impl.RoleInfo (RoleInfo.java:shutdownFollowerState(121)) - 306f7091-fd43-44cb-822b-63a12337bb6f: shutdown FollowerState
2019-09-04 10:54:47,956 [Thread-275] INFO  impl.RaftServerImpl (RaftServerImpl.java:setRole(171)) - 306f7091-fd43-44cb-822b-63a12337bb6f:group-F92D3B33CAEB changes role from FOLLOWER to CANDIDATE at term 0 for changeToCandidate
2019-09-04 10:54:47,957 [Thread-275] INFO  impl.RoleInfo (RoleInfo.java:updateAndGet(143)) - 306f7091-fd43-44cb-822b-63a12337bb6f: start LeaderElection
2019-09-04 10:54:47,977 [Thread-280] INFO  impl.FollowerState (FollowerState.java:run(106)) - af967e59-4194-4ca7-b6c8-8e0983d32eae:group-EA9A34BEEC33 changes to CANDIDATE, lastRpcTime:5119, electionTimeout:5119ms
2019-09-04 10:54:47,977 [Thread-280] INFO  impl.RoleInfo (RoleInfo.java:shutdownFollowerState(121)) - af967e59-4194-4ca7-b6c8-8e0983d32eae: shutdown FollowerState
2019-09-04 10:54:47,978 [Thread-280] INFO  impl.RaftServerImpl (RaftServerImpl.java:setRole(171)) - af967e59-4194-4ca7-b6c8-8e0983d32eae:group-EA9A34BEEC33 changes role from FOLLOWER to CANDIDATE at term 0 for changeToCandidate
2019-09-04 10:54:47,978 [Thread-280] INFO  impl.RoleInfo (RoleInfo.java:updateAndGet(143)) - af967e59-4194-4ca7-b6c8-8e0983d32eae: start LeaderElection
2019-09-04 10:54:48,000 [Thread-282] INFO  impl.FollowerState (FollowerState.java:run(106)) - af967e59-4194-4ca7-b6c8-8e0983d32eae:group-A94D5FD2E5BF changes to CANDIDATE, lastRpcTime:5141, electionTimeout:5141ms
2019-09-04 10:54:48,001 [Thread-282] INFO  impl.RoleInfo (RoleInfo.java:shutdownFollowerState(121)) - af967e59-4194-4ca7-b6c8-8e0983d32eae: shutdown FollowerState
2019-09-04 10:54:48,001 [Thread-282] INFO  impl.RaftServerImpl (RaftServerImpl.java:setRole(171)) - af967e59-4194-4ca7-b6c8-8e0983d32eae:group-A94D5FD2E5BF changes role from FOLLOWER to CANDIDATE at term 0 for changeToCandidate
2019-09-04 10:54:48,001 [Thread-282] INFO  impl.RoleInfo (RoleInfo.java:updateAndGet(143)) - af967e59-4194-4ca7-b6c8-8e0983d32eae: start LeaderElection
2019-09-04 10:54:48,016 [Thread-265] INFO  impl.FollowerState (FollowerState.java:run(106)) - a94f35c6-e7cd-44f4-9fc5-5bedbc811dcb:group-EA9A34BEEC33 changes to CANDIDATE, lastRpcTime:5199, electionTimeout:5199ms
2019-09-04 10:54:48,016 [Thread-265] INFO  impl.RoleInfo (RoleInfo.java:shutdownFollowerState(121)) - a94f35c6-e7cd-44f4-9fc5-5bedbc811dcb: shutdown FollowerState
2019-09-04 10:54:48,016 [Thread-265] INFO  impl.RaftServerImpl (RaftServerImpl.java:setRole(171)) - a94f35c6-e7cd-44f4-9fc5-5bedbc811dcb:group-EA9A34BEEC33 changes role from FOLLOWER to CANDIDATE at term 0 for changeToCandidate
2019-09-04 10:54:48,016 [Thread-265] INFO  impl.RoleInfo (RoleInfo.java:updateAndGet(143)) - a94f35c6-e7cd-44f4-9fc5-5bedbc811dcb: start LeaderElection
2019-09-04 10:54:48,046 [Thread-286] INFO  impl.FollowerState (FollowerState.java:run(106)) - af967e59-4194-4ca7-b6c8-8e0983d32eae:group-D8B2F8BCBE85 changes to CANDIDATE, lastRpcTime:5185, electionTimeout:5185ms
2019-09-04 10:54:48,046 [Thread-286] INFO  impl.RoleInfo (RoleInfo.java:shutdownFollowerState(121)) - af967e59-4194-4ca7-b6c8-8e0983d32eae: shutdown FollowerState
2019-09-04 10:54:48,046 [Thread-286] INFO  impl.RaftServerImpl (RaftServerImpl.java:setRole(171)) - af967e59-4194-4ca7-b6c8-8e0983d32eae:group-D8B2F8BCBE85 changes role from FOLLOWER to CANDIDATE at term 0 for changeToCandidate
2019-09-04 10:54:48,047 [Thread-286] INFO  impl.RoleInfo (RoleInfo.java:updateAndGet(143)) - af967e59-4194-4ca7-b6c8-8e0983d32eae: start LeaderElection
2019-09-04 10:54:48,149 [a94f35c6-e7cd-44f4-9fc5-5bedbc811dcb:group-F92D3B33CAEB:LeaderElection5] INFO  impl.LeaderElection (LeaderElection.java:askForVotes(181)) - a94f35c6-e7cd-44f4-9fc5-5bedbc811dcb:group-F92D3B33CAEB:LeaderElection5: begin an election at term 1 for -1: [af967e59-4194-4ca7-b6c8-8e0983d32eae:192.168.5.153:38797, a94f35c6-e7cd-44f4-9fc5-5bedbc811dcb:192.168.5.153:36627, 306f7091-fd43-44cb-822b-63a12337bb6f:192.168.5.153:42255], old=null
2019-09-04 10:54:48,150 [af967e59-4194-4ca7-b6c8-8e0983d32eae:group-F92D3B33CAEB:LeaderElection4] INFO  impl.LeaderElection (LeaderElection.java:askForVotes(181)) - af967e59-4194-4ca7-b6c8-8e0983d32eae:group-F92D3B33CAEB:LeaderElection4: begin an election at term 1 for -1: [af967e59-4194-4ca7-b6c8-8e0983d32eae:192.168.5.153:38797, a94f35c6-e7cd-44f4-9fc5-5bedbc811dcb:192.168.5.153:36627, 306f7091-fd43-44cb-822b-63a12337bb6f:192.168.5.153:42255], old=null
2019-09-04 10:54:48,149 [af967e59-4194-4ca7-b6c8-8e0983d32eae:group-305D90ED7D72:LeaderElection6] INFO  impl.LeaderElection (LeaderElection.java:askForVotes(181)) - af967e59-4194-4ca7-b6c8-8e0983d32eae:group-305D90ED7D72:LeaderElection6: begin an election at term 1 for -1: [af967e59-4194-4ca7-b6c8-8e0983d32eae:192.168.5.153:38797, a94f35c6-e7cd-44f4-9fc5-5bedbc811dcb:192.168.5.153:36627, 306f7091-fd43-44cb-822b-63a12337bb6f:192.168.5.153:42255], old=null
2019-09-04 10:54:48,150 [a94f35c6-e7cd-44f4-9fc5-5bedbc811dcb:group-305D90ED7D72:LeaderElection3] INFO  impl.LeaderElection (LeaderElection.java:askForVotes(181)) - a94f35c6-e7cd-44f4-9fc5-5bedbc811dcb:group-305D90ED7D72:LeaderElection3: begin an election at term 1 for -1: [af967e59-4194-4ca7-b6c8-8e0983d32eae:192.168.5.153:38797, a94f35c6-e7cd-44f4-9fc5-5bedbc811dcb:192.168.5.153:36627, 306f7091-fd43-44cb-822b-63a12337bb6f:192.168.5.153:42255], old=null
2019-09-04 10:54:48,149 [a94f35c6-e7cd-44f4-9fc5-5bedbc811dcb:group-D8B2F8BCBE85:LeaderElection7] INFO  impl.LeaderElection (LeaderElection.java:askForVotes(181)) - a94f35c6-e7cd-44f4-9fc5-5bedbc811dcb:group-D8B2F8BCBE85:LeaderElection7: begin an election at term 1 for -1: [af967e59-4194-4ca7-b6c8-8e0983d32eae:192.168.5.153:38797, a94f35c6-e7cd-44f4-9fc5-5bedbc811dcb:192.168.5.153:36627, 306f7091-fd43-44cb-822b-63a12337bb6f:192.168.5.153:42255], old=null
2019-09-04 10:54:48,184 [306f7091-fd43-44cb-822b-63a12337bb6f:group-305D90ED7D72:LeaderElection2] INFO  impl.LeaderElection (LeaderElection.java:logAndReturn(56)) - 306f7091-fd43-44cb-822b-63a12337bb6f:group-305D90ED7D72:LeaderElection2: Election REJECTED; received 2 response(s) [306f7091-fd43-44cb-822b-63a12337bb6f<-af967e59-4194-4ca7-b6c8-8e0983d32eae#0:FAIL-t1, 306f7091-fd43-44cb-822b-63a12337bb6f<-a94f35c6-e7cd-44f4-9fc5-5bedbc811dcb#0:FAIL-t1] and 0 exception(s); 306f7091-fd43-44cb-822b-63a12337bb6f:t1, leader=null, voted=306f7091-fd43-44cb-822b-63a12337bb6f, raftlog=306f7091-fd43-44cb-822b-63a12337bb6f-SegmentedRaftLog:OPENED:c-1,f-1,i0, conf=-1: [af967e59-4194-4ca7-b6c8-8e0983d32eae:192.168.5.153:38797, a94f35c6-e7cd-44f4-9fc5-5bedbc811dcb:192.168.5.153:36627, 306f7091-fd43-44cb-822b-63a12337bb6f:192.168.5.153:42255], old=null
2019-09-04 10:54:48,196 [306f7091-fd43-44cb-822b-63a12337bb6f:group-305D90ED7D72:LeaderElection2] INFO  impl.RaftServerImpl (RaftServerImpl.java:setRole(171)) - 306f7091-fd43-44cb-822b-63a12337bb6f:group-305D90ED7D72 changes role from CANDIDATE to FOLLOWER at term 1 for DISCOVERED_A_NEW_TERM
2019-09-04 10:54:48,196 [306f7091-fd43-44cb-822b-63a12337bb6f:group-305D90ED7D72:LeaderElection2] INFO  impl.RoleInfo (RoleInfo.java:shutdownLeaderElection(134)) - 306f7091-fd43-44cb-822b-63a12337bb6f: shutdown LeaderElection
2019-09-04 10:54:48,198 [306f7091-fd43-44cb-822b-63a12337bb6f:group-305D90ED7D72:LeaderElection2] INFO  impl.RoleInfo (RoleInfo.java:updateAndGet(143)) - 306f7091-fd43-44cb-822b-63a12337bb6f: start FollowerState
2019-09-04 10:54:48,234 [af967e59-4194-4ca7-b6c8-8e0983d32eae:group-305D90ED7D72:LeaderElection6] INFO  impl.LeaderElection (LeaderElection.java:logAndReturn(56)) - af967e59-4194-4ca7-b6c8-8e0983d32eae:group-305D90ED7D72:LeaderElection6: Election REJECTED; received 2 response(s) [af967e59-4194-4ca7-b6c8-8e0983d32eae<-a94f35c6-e7cd-44f4-9fc5-5bedbc811dcb#0:FAIL-t1, af967e59-4194-4ca7-b6c8-8e0983d32eae<-306f7091-fd43-44cb-822b-63a12337bb6f#0:FAIL-t1] and 0 exception(s); af967e59-4194-4ca7-b6c8-8e0983d32eae:t1, leader=null, voted=af967e59-4194-4ca7-b6c8-8e0983d32eae, raftlog=af967e59-4194-4ca7-b6c8-8e0983d32eae-SegmentedRaftLog:OPENED:c-1,f-1,i0, conf=-1: [af967e59-4194-4ca7-b6c8-8e0983d32eae:192.168.5.153:38797, a94f35c6-e7cd-44f4-9fc5-5bedbc811dcb:192.168.5.153:36627, 306f7091-fd43-44cb-822b-63a12337bb6f:192.168.5.153:42255], old=null
2019-09-04 10:54:48,236 [af967e59-4194-4ca7-b6c8-8e0983d32eae:group-305D90ED7D72:LeaderElection6] INFO  impl.RaftServerImpl (RaftServerImpl.java:setRole(171)) - af967e59-4194-4ca7-b6c8-8e0983d32eae:group-305D90ED7D72 changes role from CANDIDATE to FOLLOWER at term 1 for DISCOVERED_A_NEW_TERM
2019-09-04 10:54:48,238 [af967e59-4194-4ca7-b6c8-8e0983d32eae:group-305D90ED7D72:LeaderElection6] INFO  impl.RoleInfo (RoleInfo.java:shutdownLeaderElection(134)) - af967e59-4194-4ca7-b6c8-8e0983d32eae: shutdown LeaderElection
2019-09-04 10:54:48,240 [af967e59-4194-4ca7-b6c8-8e0983d32eae:group-305D90ED7D72:LeaderElection6] INFO  impl.RoleInfo (RoleInfo.java:updateAndGet(143)) - af967e59-4194-4ca7-b6c8-8e0983d32eae: start FollowerState
2019-09-04 10:54:48,245 [a94f35c6-e7cd-44f4-9fc5-5bedbc811dcb:group-305D90ED7D72:LeaderElection3] INFO  impl.LeaderElection (LeaderElection.java:logAndReturn(56)) - a94f35c6-e7cd-44f4-9fc5-5bedbc811dcb:group-305D90ED7D72:LeaderElection3: Election REJECTED; received 2 response(s) [a94f35c6-e7cd-44f4-9fc5-5bedbc811dcb<-af967e59-4194-4ca7-b6c8-8e0983d32eae#0:FAIL-t1, a94f35c6-e7cd-44f4-9fc5-5bedbc811dcb<-306f7091-fd43-44cb-822b-63a12337bb6f#0:FAIL-t1] and 0 exception(s); a94f35c6-e7cd-44f4-9fc5-5bedbc811dcb:t1, leader=null, voted=a94f35c6-e7cd-44f4-9fc5-5bedbc811dcb, raftlog=a94f35c6-e7cd-44f4-9fc5-5bedbc811dcb-SegmentedRaftLog:OPENED:c-1,f-1,i0, conf=-1: [af967e59-4194-4ca7-b6c8-8e0983d32eae:192.168.5.153:38797, a94f35c6-e7cd-44f4-9fc5-5bedbc811dcb:192.168.5.153:36627, 306f7091-fd43-44cb-822b-63a12337bb6f:192.168.5.153:42255], old=null
2019-09-04 10:54:48,247 [a94f35c6-e7cd-44f4-9fc5-5bedbc811dcb:group-305D90ED7D72:LeaderElection3] INFO  impl.RaftServerImpl (RaftServerImpl.java:setRole(171)) - a94f35c6-e7cd-44f4-9fc5-5bedbc811dcb:group-305D90ED7D72 changes role from CANDIDATE to FOLLOWER at term 1 for DISCOVERED_A_NEW_TERM
2019-09-04 10:54:48,247 [a94f35c6-e7cd-44f4-9fc5-5bedbc811dcb:group-305D90ED7D72:LeaderElection3] INFO  impl.RoleInfo (RoleInfo.java:shutdownLeaderElection(134)) - a94f35c6-e7cd-44f4-9fc5-5bedbc811dcb: shutdown LeaderElection
2019-09-04 10:54:48,250 [a94f35c6-e7cd-44f4-9fc5-5bedbc811dcb:group-305D90ED7D72:LeaderElection3] INFO  impl.RoleInfo (RoleInfo.java:updateAndGet(143)) - a94f35c6-e7cd-44f4-9fc5-5bedbc811dcb: start FollowerState
2019-09-04 10:54:48,308 [grpc-default-executor-0] INFO  client.GrpcClientProtocolClient (GrpcClientProtocolClient.java:onNext(255)) - client-B88B3A356146->306f7091-fd43-44cb-822b-63a12337bb6f: receive RaftClientReply:client-B88B3A356146->306f7091-fd43-44cb-822b-63a12337bb6f@group-D8B2F8BCBE85, cid=14, FAILED org.apache.ratis.protocol.NotLeaderException: Server 306f7091-fd43-44cb-822b-63a12337bb6f is not the leader (null). Request must be sent to leader., logIndex=0, commits[306f7091-fd43-44cb-822b-63a12337bb6f:c-1]
2019-09-04 10:54:49,339 [grpc-default-executor-0] INFO  client.GrpcClientProtocolClient (GrpcClientProtocolClient.java:onNext(255)) - client-B88B3A356146->af967e59-4194-4ca7-b6c8-8e0983d32eae: receive RaftClientReply:client-B88B3A356146->af967e59-4194-4ca7-b6c8-8e0983d32eae@group-D8B2F8BCBE85, cid=14, FAILED org.apache.ratis.protocol.NotLeaderException: Server af967e59-4194-4ca7-b6c8-8e0983d32eae is not the leader (null). Request must be sent to leader., logIndex=0, commits[af967e59-4194-4ca7-b6c8-8e0983d32eae:c-1]
2019-09-04 10:54:49,781 [af967e59-4194-4ca7-b6c8-8e0983d32eae:group-D8B2F8BCBE85:LeaderElection14] INFO  impl.LeaderElection (LeaderElection.java:askForVotes(181)) - af967e59-4194-4ca7-b6c8-8e0983d32eae:group-D8B2F8BCBE85:LeaderElection14: begin an election at term 1 for -1: [af967e59-4194-4ca7-b6c8-8e0983d32eae:192.168.5.153:38797, a94f35c6-e7cd-44f4-9fc5-5bedbc811dcb:192.168.5.153:36627, 306f7091-fd43-44cb-822b-63a12337bb6f:192.168.5.153:42255], old=null
2019-09-04 10:54:49,785 [af967e59-4194-4ca7-b6c8-8e0983d32eae:group-EA9A34BEEC33:LeaderElection11] INFO  impl.LeaderElection (LeaderElection.java:askForVotes(181)) - af967e59-4194-4ca7-b6c8-8e0983d32eae:group-EA9A34BEEC33:LeaderElection11: begin an election at term 1 for -1: [af967e59-4194-4ca7-b6c8-8e0983d32eae:192.168.5.153:38797, a94f35c6-e7cd-44f4-9fc5-5bedbc811dcb:192.168.5.153:36627, 306f7091-fd43-44cb-822b-63a12337bb6f:192.168.5.153:42255], old=null
2019-09-04 10:54:49,785 [a94f35c6-e7cd-44f4-9fc5-5bedbc811dcb:group-EA9A34BEEC33:LeaderElection13] INFO  impl.LeaderElection (LeaderElection.java:askForVotes(181)) - a94f35c6-e7cd-44f4-9fc5-5bedbc811dcb:group-EA9A34BEEC33:LeaderElection13: begin an election at term 1 for -1: [af967e59-4194-4ca7-b6c8-8e0983d32eae:192.168.5.153:38797, a94f35c6-e7cd-44f4-9fc5-5bedbc811dcb:192.168.5.153:36627, 306f7091-fd43-44cb-822b-63a12337bb6f:192.168.5.153:42255], old=null
2019-09-04 10:54:49,785 [306f7091-fd43-44cb-822b-63a12337bb6f:group-D8B2F8BCBE85:LeaderElection9] INFO  impl.LeaderElection (LeaderElection.java:askForVotes(181)) - 306f7091-fd43-44cb-822b-63a12337bb6f:group-D8B2F8BCBE85:LeaderElection9: begin an election at term 1 for -1: [af967e59-4194-4ca7-b6c8-8e0983d32eae:192.168.5.153:38797, a94f35c6-e7cd-44f4-9fc5-5bedbc811dcb:192.168.5.153:36627, 306f7091-fd43-44cb-822b-63a12337bb6f:192.168.5.153:42255], old=null
2019-09-04 10:54:49,785 [af967e59-4194-4ca7-b6c8-8e0983d32eae:group-A94D5FD2E5BF:LeaderElection12] INFO  impl.LeaderElection (LeaderElection.java:askForVotes(181)) - af967e59-4194-4ca7-b6c8-8e0983d32eae:group-A94D5FD2E5BF:LeaderElection12: begin an election at term 1 for -1: [af967e59-4194-4ca7-b6c8-8e0983d32eae:192.168.5.153:38797], old=null
2019-09-04 10:54:49,785 [306f7091-fd43-44cb-822b-63a12337bb6f:group-EA9A34BEEC33:LeaderElection8] INFO  impl.LeaderElection (LeaderElection.java:askForVotes(181)) - 306f7091-fd43-44cb-822b-63a12337bb6f:group-EA9A34BEEC33:LeaderElection8: begin an election at term 1 for -1: [af967e59-4194-4ca7-b6c8-8e0983d32eae:192.168.5.153:38797, a94f35c6-e7cd-44f4-9fc5-5bedbc811dcb:192.168.5.153:36627, 306f7091-fd43-44cb-822b-63a12337bb6f:192.168.5.153:42255], old=null
2019-09-04 10:54:49,788 [af967e59-4194-4ca7-b6c8-8e0983d32eae:group-A94D5FD2E5BF:LeaderElection12] INFO  impl.RoleInfo (RoleInfo.java:shutdownLeaderElection(134)) - af967e59-4194-4ca7-b6c8-8e0983d32eae: shutdown LeaderElection
2019-09-04 10:54:49,787 [306f7091-fd43-44cb-822b-63a12337bb6f:group-F92D3B33CAEB:LeaderElection10] INFO  impl.LeaderElection (LeaderElection.java:askForVotes(181)) - 306f7091-fd43-44cb-822b-63a12337bb6f:group-F92D3B33CAEB:LeaderElection10: begin an election at term 1 for -1: [af967e59-4194-4ca7-b6c8-8e0983d32eae:192.168.5.153:38797, a94f35c6-e7cd-44f4-9fc5-5bedbc811dcb:192.168.5.153:36627, 306f7091-fd43-44cb-822b-63a12337bb6f:192.168.5.153:42255], old=null
2019-09-04 10:54:49,789 [af967e59-4194-4ca7-b6c8-8e0983d32eae:group-A94D5FD2E5BF:LeaderElection12] INFO  impl.RaftServerImpl (RaftServerImpl.java:setRole(171)) - af967e59-4194-4ca7-b6c8-8e0983d32eae:group-A94D5FD2E5BF changes role from CANDIDATE to LEADER at term 1 for changeToLeader
2019-09-04 10:54:49,789 [af967e59-4194-4ca7-b6c8-8e0983d32eae:group-A94D5FD2E5BF:LeaderElection12] INFO  impl.RaftServerImpl (ServerState.java:setLeader(263)) - af967e59-4194-4ca7-b6c8-8e0983d32eae:group-A94D5FD2E5BF change Leader from null to af967e59-4194-4ca7-b6c8-8e0983d32eae at term 1 for becomeLeader, leader elected after 7028ms
2019-09-04 10:54:49,795 [af967e59-4194-4ca7-b6c8-8e0983d32eae:group-A94D5FD2E5BF:LeaderElection12] INFO  server.RaftServerConfigKeys (ConfUtils.java:logGet(43)) - raft.server.staging.catchup.gap = 1000 (default)
2019-09-04 10:54:49,795 [af967e59-4194-4ca7-b6c8-8e0983d32eae:group-A94D5FD2E5BF:LeaderElection12] INFO  server.RaftServerConfigKeys (ConfUtils.java:logGet(43)) - raft.server.rpc.sleep.time = 25ms (default)
2019-09-04 10:54:49,795 [af967e59-4194-4ca7-b6c8-8e0983d32eae:group-A94D5FD2E5BF:LeaderElection12] INFO  server.RaftServerConfigKeys (ConfUtils.java:logGet(43)) - raft.server.write.element-limit = 4096 (default)
2019-09-04 10:54:49,796 [af967e59-4194-4ca7-b6c8-8e0983d32eae:group-A94D5FD2E5BF:LeaderElection12] INFO  server.RaftServerConfigKeys (ConfUtils.java:logGet(43)) - raft.server.watch.timeout = 10s (default)
2019-09-04 10:54:49,796 [af967e59-4194-4ca7-b6c8-8e0983d32eae:group-F92D3B33CAEB:LeaderElection4] INFO  impl.LeaderElection (LeaderElection.java:logAndReturn(56)) - af967e59-4194-4ca7-b6c8-8e0983d32eae:group-F92D3B33CAEB:LeaderElection4: Election REJECTED; received 2 response(s) [af967e59-4194-4ca7-b6c8-8e0983d32eae<-a94f35c6-e7cd-44f4-9fc5-5bedbc811dcb#0:FAIL-t1, af967e59-4194-4ca7-b6c8-8e0983d32eae<-306f7091-fd43-44cb-822b-63a12337bb6f#0:FAIL-t1] and 0 exception(s); af967e59-4194-4ca7-b6c8-8e0983d32eae:t1, leader=null, voted=af967e59-4194-4ca7-b6c8-8e0983d32eae, raftlog=af967e59-4194-4ca7-b6c8-8e0983d32eae-SegmentedRaftLog:OPENED:c-1,f-1,i0, conf=-1: [af967e59-4194-4ca7-b6c8-8e0983d32eae:192.168.5.153:38797, a94f35c6-e7cd-44f4-9fc5-5bedbc811dcb:192.168.5.153:36627, 306f7091-fd43-44cb-822b-63a12337bb6f:192.168.5.153:42255], old=null
2019-09-04 10:54:49,796 [af967e59-4194-4ca7-b6c8-8e0983d32eae:group-A94D5FD2E5BF:LeaderElection12] INFO  server.RaftServerConfigKeys (ConfUtils.java:logGet(43)) - raft.server.watch.timeout.denomination = 1s (default)
2019-09-04 10:54:49,796 [af967e59-4194-4ca7-b6c8-8e0983d32eae:group-F92D3B33CAEB:LeaderElection4] INFO  impl.RaftServerImpl (RaftServerImpl.java:setRole(171)) - af967e59-4194-4ca7-b6c8-8e0983d32eae:group-F92D3B33CAEB changes role from CANDIDATE to FOLLOWER at term 1 for DISCOVERED_A_NEW_TERM
2019-09-04 10:54:49,799 [af967e59-4194-4ca7-b6c8-8e0983d32eae:group-A94D5FD2E5BF:LeaderElection12] INFO  server.RaftServerConfigKeys (ConfUtils.java:logGet(43)) - raft.server.watch.element-limit = 65536 (default)
2019-09-04 10:54:49,799 [af967e59-4194-4ca7-b6c8-8e0983d32eae:group-F92D3B33CAEB:LeaderElection4] INFO  impl.RoleInfo (RoleInfo.java:shutdownLeaderElection(134)) - af967e59-4194-4ca7-b6c8-8e0983d32eae: shutdown LeaderElection
2019-09-04 10:54:49,799 [af967e59-4194-4ca7-b6c8-8e0983d32eae:group-A94D5FD2E5BF:LeaderElection12] INFO  impl.RoleInfo (RoleInfo.java:updateAndGet(143)) - af967e59-4194-4ca7-b6c8-8e0983d32eae: start LeaderState
2019-09-04 10:54:49,799 [a94f35c6-e7cd-44f4-9fc5-5bedbc811dcb:group-D8B2F8BCBE85:LeaderElection7] INFO  impl.LeaderElection (LeaderElection.java:logAndReturn(56)) - a94f35c6-e7cd-44f4-9fc5-5bedbc811dcb:group-D8B2F8BCBE85:LeaderElection7: Election REJECTED; received 2 response(s) [a94f35c6-e7cd-44f4-9fc5-5bedbc811dcb<-af967e59-4194-4ca7-b6c8-8e0983d32eae#0:FAIL-t1, a94f35c6-e7cd-44f4-9fc5-5bedbc811dcb<-306f7091-fd43-44cb-822b-63a12337bb6f#0:FAIL-t1] and 0 exception(s); a94f35c6-e7cd-44f4-9fc5-5bedbc811dcb:t1, leader=null, voted=a94f35c6-e7cd-44f4-9fc5-5bedbc811dcb, raftlog=a94f35c6-e7cd-44f4-9fc5-5bedbc811dcb-SegmentedRaftLog:OPENED:c-1,f-1,i0, conf=-1: [af967e59-4194-4ca7-b6c8-8e0983d32eae:192.168.5.153:38797, a94f35c6-e7cd-44f4-9fc5-5bedbc811dcb:192.168.5.153:36627, 306f7091-fd43-44cb-822b-63a12337bb6f:192.168.5.153:42255], old=null
2019-09-04 10:54:49,800 [af967e59-4194-4ca7-b6c8-8e0983d32eae:group-F92D3B33CAEB:LeaderElection4] INFO  impl.RoleInfo (RoleInfo.java:updateAndGet(143)) - af967e59-4194-4ca7-b6c8-8e0983d32eae: start FollowerState
2019-09-04 10:54:49,800 [af967e59-4194-4ca7-b6c8-8e0983d32eae:group-A94D5FD2E5BF:LeaderElection12] INFO  segmented.SegmentedRaftLogWorker (SegmentedRaftLogWorker.java:startLogSegment(380)) - af967e59-4194-4ca7-b6c8-8e0983d32eae-SegmentedRaftLogWorker:Storage Directory /workdir/hadoop-ozone/integration-test/target/test-dir/MiniOzoneClusterImpl-ef69ce0e-7233-4eeb-a967-488b402a98c8/datanode-6/data/ratis/b2685cbe-1f07-4a81-85dc-a94d5fd2e5bf: Starting segment from index:0
2019-09-04 10:54:49,800 [a94f35c6-e7cd-44f4-9fc5-5bedbc811dcb:group-D8B2F8BCBE85:LeaderElection7] INFO  impl.RaftServerImpl (RaftServerImpl.java:setRole(171)) - a94f35c6-e7cd-44f4-9fc5-5bedbc811dcb:group-D8B2F8BCBE85 changes role from CANDIDATE to FOLLOWER at term 1 for DISCOVERED_A_NEW_TERM
2019-09-04 10:54:49,809 [a94f35c6-e7cd-44f4-9fc5-5bedbc811dcb:group-D8B2F8BCBE85:LeaderElection7] INFO  impl.RoleInfo (RoleInfo.java:shutdownLeaderElection(134)) - a94f35c6-e7cd-44f4-9fc5-5bedbc811dcb: shutdown LeaderElection
2019-09-04 10:54:49,812 [a94f35c6-e7cd-44f4-9fc5-5bedbc811dcb:group-D8B2F8BCBE85:LeaderElection7] INFO  impl.RoleInfo (RoleInfo.java:updateAndGet(143)) - a94f35c6-e7cd-44f4-9fc5-5bedbc811dcb: start FollowerState
2019-09-04 10:54:49,812 [af967e59-4194-4ca7-b6c8-8e0983d32eae:group-A94D5FD2E5BF:LeaderElection12] INFO  impl.RaftServerImpl (ServerState.java:setRaftConf(361)) - af967e59-4194-4ca7-b6c8-8e0983d32eae:group-A94D5FD2E5BF set configuration 0: [af967e59-4194-4ca7-b6c8-8e0983d32eae:192.168.5.153:38797], old=null at 0
2019-09-04 10:54:49,854 [a94f35c6-e7cd-44f4-9fc5-5bedbc811dcb:group-F92D3B33CAEB:LeaderElection5] INFO  impl.LeaderElection (LeaderElection.java:logAndReturn(56)) - a94f35c6-e7cd-44f4-9fc5-5bedbc811dcb:group-F92D3B33CAEB:LeaderElection5: Election REJECTED; received 2 response(s) [a94f35c6-e7cd-44f4-9fc5-5bedbc811dcb<-af967e59-4194-4ca7-b6c8-8e0983d32eae#0:FAIL-t1, a94f35c6-e7cd-44f4-9fc5-5bedbc811dcb<-306f7091-fd43-44cb-822b-63a12337bb6f#0:FAIL-t1] and 0 exception(s); a94f35c6-e7cd-44f4-9fc5-5bedbc811dcb:t1, leader=null, voted=a94f35c6-e7cd-44f4-9fc5-5bedbc811dcb, raftlog=a94f35c6-e7cd-44f4-9fc5-5bedbc811dcb-SegmentedRaftLog:OPENED:c-1,f-1,i0, conf=-1: [af967e59-4194-4ca7-b6c8-8e0983d32eae:192.168.5.153:38797, a94f35c6-e7cd-44f4-9fc5-5bedbc811dcb:192.168.5.153:36627, 306f7091-fd43-44cb-822b-63a12337bb6f:192.168.5.153:42255], old=null
2019-09-04 10:54:49,860 [a94f35c6-e7cd-44f4-9fc5-5bedbc811dcb:group-F92D3B33CAEB:LeaderElection5] INFO  impl.RaftServerImpl (RaftServerImpl.java:setRole(171)) - a94f35c6-e7cd-44f4-9fc5-5bedbc811dcb:group-F92D3B33CAEB changes role from CANDIDATE to FOLLOWER at term 1 for DISCOVERED_A_NEW_TERM
2019-09-04 10:54:49,860 [a94f35c6-e7cd-44f4-9fc5-5bedbc811dcb:group-F92D3B33CAEB:LeaderElection5] INFO  impl.RoleInfo (RoleInfo.java:shutdownLeaderElection(134)) - a94f35c6-e7cd-44f4-9fc5-5bedbc811dcb: shutdown LeaderElection
2019-09-04 10:54:49,865 [a94f35c6-e7cd-44f4-9fc5-5bedbc811dcb:group-F92D3B33CAEB:LeaderElection5] INFO  impl.RoleInfo (RoleInfo.java:updateAndGet(143)) - a94f35c6-e7cd-44f4-9fc5-5bedbc811dcb: start FollowerState
2019-09-04 10:54:49,883 [a94f35c6-e7cd-44f4-9fc5-5bedbc811dcb:group-EA9A34BEEC33:LeaderElection13] INFO  impl.LeaderElection (LeaderElection.java:logAndReturn(56)) - a94f35c6-e7cd-44f4-9fc5-5bedbc811dcb:group-EA9A34BEEC33:LeaderElection13: Election REJECTED; received 2 response(s) [a94f35c6-e7cd-44f4-9fc5-5bedbc811dcb<-af967e59-4194-4ca7-b6c8-8e0983d32eae#0:FAIL-t1, a94f35c6-e7cd-44f4-9fc5-5bedbc811dcb<-306f7091-fd43-44cb-822b-63a12337bb6f#0:FAIL-t1] and 0 exception(s); a94f35c6-e7cd-44f4-9fc5-5bedbc811dcb:t1, leader=null, voted=a94f35c6-e7cd-44f4-9fc5-5bedbc811dcb, raftlog=a94f35c6-e7cd-44f4-9fc5-5bedbc811dcb-SegmentedRaftLog:OPENED:c-1,f-1,i0, conf=-1: [af967e59-4194-4ca7-b6c8-8e0983d32eae:192.168.5.153:38797, a94f35c6-e7cd-44f4-9fc5-5bedbc811dcb:192.168.5.153:36627, 306f7091-fd43-44cb-822b-63a12337bb6f:192.168.5.153:42255], old=null
2019-09-04 10:54:49,886 [a94f35c6-e7cd-44f4-9fc5-5bedbc811dcb:group-EA9A34BEEC33:LeaderElection13] INFO  impl.RaftServerImpl (RaftServerImpl.java:setRole(171)) - a94f35c6-e7cd-44f4-9fc5-5bedbc811dcb:group-EA9A34BEEC33 changes role from CANDIDATE to FOLLOWER at term 1 for DISCOVERED_A_NEW_TERM
2019-09-04 10:54:49,886 [a94f35c6-e7cd-44f4-9fc5-5bedbc811dcb:group-EA9A34BEEC33:LeaderElection13] INFO  impl.RoleInfo (RoleInfo.java:shutdownLeaderElection(134)) - a94f35c6-e7cd-44f4-9fc5-5bedbc811dcb: shutdown LeaderElection
2019-09-04 10:54:49,887 [a94f35c6-e7cd-44f4-9fc5-5bedbc811dcb:group-EA9A34BEEC33:LeaderElection13] INFO  impl.RoleInfo (RoleInfo.java:updateAndGet(143)) - a94f35c6-e7cd-44f4-9fc5-5bedbc811dcb: start FollowerState
2019-09-04 10:54:49,888 [af967e59-4194-4ca7-b6c8-8e0983d32eae:group-D8B2F8BCBE85:LeaderElection14] INFO  impl.LeaderElection (LeaderElection.java:logAndReturn(56)) - af967e59-4194-4ca7-b6c8-8e0983d32eae:group-D8B2F8BCBE85:LeaderElection14: Election REJECTED; received 2 response(s) [af967e59-4194-4ca7-b6c8-8e0983d32eae<-306f7091-fd43-44cb-822b-63a12337bb6f#0:FAIL-t1, af967e59-4194-4ca7-b6c8-8e0983d32eae<-a94f35c6-e7cd-44f4-9fc5-5bedbc811dcb#0:FAIL-t1] and 0 exception(s); af967e59-4194-4ca7-b6c8-8e0983d32eae:t1, leader=null, voted=af967e59-4194-4ca7-b6c8-8e0983d32eae, raftlog=af967e59-4194-4ca7-b6c8-8e0983d32eae-SegmentedRaftLog:OPENED:c-1,f-1,i0, conf=-1: [af967e59-4194-4ca7-b6c8-8e0983d32eae:192.168.5.153:38797, a94f35c6-e7cd-44f4-9fc5-5bedbc811dcb:192.168.5.153:36627, 306f7091-fd43-44cb-822b-63a12337bb6f:192.168.5.153:42255], old=null
2019-09-04 10:54:49,890 [af967e59-4194-4ca7-b6c8-8e0983d32eae:group-D8B2F8BCBE85:LeaderElection14] INFO  impl.RaftServerImpl (RaftServerImpl.java:setRole(171)) - af967e59-4194-4ca7-b6c8-8e0983d32eae:group-D8B2F8BCBE85 changes role from CANDIDATE to FOLLOWER at term 1 for DISCOVERED_A_NEW_TERM
2019-09-04 10:54:49,891 [af967e59-4194-4ca7-b6c8-8e0983d32eae:group-D8B2F8BCBE85:LeaderElection14] INFO  impl.RoleInfo (RoleInfo.java:shutdownLeaderElection(134)) - af967e59-4194-4ca7-b6c8-8e0983d32eae: shutdown LeaderElection
2019-09-04 10:54:49,891 [af967e59-4194-4ca7-b6c8-8e0983d32eae:group-D8B2F8BCBE85:LeaderElection14] INFO  impl.RoleInfo (RoleInfo.java:updateAndGet(143)) - af967e59-4194-4ca7-b6c8-8e0983d32eae: start FollowerState
2019-09-04 10:54:49,891 [af967e59-4194-4ca7-b6c8-8e0983d32eae:group-EA9A34BEEC33:LeaderElection11] INFO  impl.LeaderElection (LeaderElection.java:logAndReturn(56)) - af967e59-4194-4ca7-b6c8-8e0983d32eae:group-EA9A34BEEC33:LeaderElection11: Election REJECTED; received 2 response(s) [af967e59-4194-4ca7-b6c8-8e0983d32eae<-306f7091-fd43-44cb-822b-63a12337bb6f#0:FAIL-t1, af967e59-4194-4ca7-b6c8-8e0983d32eae<-a94f35c6-e7cd-44f4-9fc5-5bedbc811dcb#0:FAIL-t1] and 0 exception(s); af967e59-4194-4ca7-b6c8-8e0983d32eae:t1, leader=null, voted=af967e59-4194-4ca7-b6c8-8e0983d32eae, raftlog=af967e59-4194-4ca7-b6c8-8e0983d32eae-SegmentedRaftLog:OPENED:c-1,f-1,i0, conf=-1: [af967e59-4194-4ca7-b6c8-8e0983d32eae:192.168.5.153:38797, a94f35c6-e7cd-44f4-9fc5-5bedbc811dcb:192.168.5.153:36627, 306f7091-fd43-44cb-822b-63a12337bb6f:192.168.5.153:42255], old=null
2019-09-04 10:54:49,894 [af967e59-4194-4ca7-b6c8-8e0983d32eae:group-EA9A34BEEC33:LeaderElection11] INFO  impl.RaftServerImpl (RaftServerImpl.java:setRole(171)) - af967e59-4194-4ca7-b6c8-8e0983d32eae:group-EA9A34BEEC33 changes role from CANDIDATE to FOLLOWER at term 1 for DISCOVERED_A_NEW_TERM
2019-09-04 10:54:49,894 [af967e59-4194-4ca7-b6c8-8e0983d32eae:group-EA9A34BEEC33:LeaderElection11] INFO  impl.RoleInfo (RoleInfo.java:shutdownLeaderElection(134)) - af967e59-4194-4ca7-b6c8-8e0983d32eae: shutdown LeaderElection
2019-09-04 10:54:49,894 [af967e59-4194-4ca7-b6c8-8e0983d32eae:group-EA9A34BEEC33:LeaderElection11] INFO  impl.RoleInfo (RoleInfo.java:updateAndGet(143)) - af967e59-4194-4ca7-b6c8-8e0983d32eae: start FollowerState
2019-09-04 10:54:49,895 [306f7091-fd43-44cb-822b-63a12337bb6f:group-F92D3B33CAEB:LeaderElection10] INFO  impl.LeaderElection (LeaderElection.java:logAndReturn(56)) - 306f7091-fd43-44cb-822b-63a12337bb6f:group-F92D3B33CAEB:LeaderElection10: Election REJECTED; received 2 response(s) [306f7091-fd43-44cb-822b-63a12337bb6f<-af967e59-4194-4ca7-b6c8-8e0983d32eae#0:FAIL-t1, 306f7091-fd43-44cb-822b-63a12337bb6f<-a94f35c6-e7cd-44f4-9fc5-5bedbc811dcb#0:FAIL-t1] and 0 exception(s); 306f7091-fd43-44cb-822b-63a12337bb6f:t1, leader=null, voted=306f7091-fd43-44cb-822b-63a12337bb6f, raftlog=306f7091-fd43-44cb-822b-63a12337bb6f-SegmentedRaftLog:OPENED:c-1,f-1,i0, conf=-1: [af967e59-4194-4ca7-b6c8-8e0983d32eae:192.168.5.153:38797, a94f35c6-e7cd-44f4-9fc5-5bedbc811dcb:192.168.5.153:36627, 306f7091-fd43-44cb-822b-63a12337bb6f:192.168.5.153:42255], old=null
2019-09-04 10:54:49,897 [306f7091-fd43-44cb-822b-63a12337bb6f:group-F92D3B33CAEB:LeaderElection10] INFO  impl.RaftServerImpl (RaftServerImpl.java:setRole(171)) - 306f7091-fd43-44cb-822b-63a12337bb6f:group-F92D3B33CAEB changes role from CANDIDATE to FOLLOWER at term 1 for DISCOVERED_A_NEW_TERM
2019-09-04 10:54:49,897 [306f7091-fd43-44cb-822b-63a12337bb6f:group-F92D3B33CAEB:LeaderElection10] INFO  impl.RoleInfo (RoleInfo.java:shutdownLeaderElection(134)) - 306f7091-fd43-44cb-822b-63a12337bb6f: shutdown LeaderElection
2019-09-04 10:54:49,897 [306f7091-fd43-44cb-822b-63a12337bb6f:group-D8B2F8BCBE85:LeaderElection9] INFO  impl.LeaderElection (LeaderElection.java:logAndReturn(56)) - 306f7091-fd43-44cb-822b-63a12337bb6f:group-D8B2F8BCBE85:LeaderElection9: Election REJECTED; received 2 response(s) [306f7091-fd43-44cb-822b-63a12337bb6f<-af967e59-4194-4ca7-b6c8-8e0983d32eae#0:FAIL-t1, 306f7091-fd43-44cb-822b-63a12337bb6f<-a94f35c6-e7cd-44f4-9fc5-5bedbc811dcb#0:FAIL-t1] and 0 exception(s); 306f7091-fd43-44cb-822b-63a12337bb6f:t1, leader=null, voted=306f7091-fd43-44cb-822b-63a12337bb6f, raftlog=306f7091-fd43-44cb-822b-63a12337bb6f-SegmentedRaftLog:OPENED:c-1,f-1,i0, conf=-1: [af967e59-4194-4ca7-b6c8-8e0983d32eae:192.168.5.153:38797, a94f35c6-e7cd-44f4-9fc5-5bedbc811dcb:192.168.5.153:36627, 306f7091-fd43-44cb-822b-63a12337bb6f:192.168.5.153:42255], old=null
2019-09-04 10:54:49,900 [306f7091-fd43-44cb-822b-63a12337bb6f:group-F92D3B33CAEB:LeaderElection10] INFO  impl.RoleInfo (RoleInfo.java:updateAndGet(143)) - 306f7091-fd43-44cb-822b-63a12337bb6f: start FollowerState
2019-09-04 10:54:49,900 [306f7091-fd43-44cb-822b-63a12337bb6f:group-D8B2F8BCBE85:LeaderElection9] INFO  impl.RaftServerImpl (RaftServerImpl.java:setRole(171)) - 306f7091-fd43-44cb-822b-63a12337bb6f:group-D8B2F8BCBE85 changes role from CANDIDATE to FOLLOWER at term 1 for DISCOVERED_A_NEW_TERM
2019-09-04 10:54:49,899 [306f7091-fd43-44cb-822b-63a12337bb6f:group-EA9A34BEEC33:LeaderElection8] INFO  impl.LeaderElection (LeaderElection.java:logAndReturn(56)) - 306f7091-fd43-44cb-822b-63a12337bb6f:group-EA9A34BEEC33:LeaderElection8: Election REJECTED; received 2 response(s) [306f7091-fd43-44cb-822b-63a12337bb6f<-af967e59-4194-4ca7-b6c8-8e0983d32eae#0:FAIL-t1, 306f7091-fd43-44cb-822b-63a12337bb6f<-a94f35c6-e7cd-44f4-9fc5-5bedbc811dcb#0:FAIL-t1] and 0 exception(s); 306f7091-fd43-44cb-822b-63a12337bb6f:t1, leader=null, voted=306f7091-fd43-44cb-822b-63a12337bb6f, raftlog=306f7091-fd43-44cb-822b-63a12337bb6f-SegmentedRaftLog:OPENED:c-1,f-1,i0, conf=-1: [af967e59-4194-4ca7-b6c8-8e0983d32eae:192.168.5.153:38797, a94f35c6-e7cd-44f4-9fc5-5bedbc811dcb:192.168.5.153:36627, 306f7091-fd43-44cb-822b-63a12337bb6f:192.168.5.153:42255], old=null
2019-09-04 10:54:49,902 [306f7091-fd43-44cb-822b-63a12337bb6f:group-D8B2F8BCBE85:LeaderElection9] INFO  impl.RoleInfo (RoleInfo.java:shutdownLeaderElection(134)) - 306f7091-fd43-44cb-822b-63a12337bb6f: shutdown LeaderElection
2019-09-04 10:54:49,903 [306f7091-fd43-44cb-822b-63a12337bb6f:group-EA9A34BEEC33:LeaderElection8] INFO  impl.RaftServerImpl (RaftServerImpl.java:setRole(171)) - 306f7091-fd43-44cb-822b-63a12337bb6f:group-EA9A34BEEC33 changes role from CANDIDATE to FOLLOWER at term 1 for DISCOVERED_A_NEW_TERM
2019-09-04 10:54:49,905 [306f7091-fd43-44cb-822b-63a12337bb6f:group-D8B2F8BCBE85:LeaderElection9] INFO  impl.RoleInfo (RoleInfo.java:updateAndGet(143)) - 306f7091-fd43-44cb-822b-63a12337bb6f: start FollowerState
2019-09-04 10:54:49,905 [306f7091-fd43-44cb-822b-63a12337bb6f:group-EA9A34BEEC33:LeaderElection8] INFO  impl.RoleInfo (RoleInfo.java:shutdownLeaderElection(134)) - 306f7091-fd43-44cb-822b-63a12337bb6f: shutdown LeaderElection
2019-09-04 10:54:49,906 [306f7091-fd43-44cb-822b-63a12337bb6f:group-EA9A34BEEC33:LeaderElection8] INFO  impl.RoleInfo (RoleInfo.java:updateAndGet(143)) - 306f7091-fd43-44cb-822b-63a12337bb6f: start FollowerState
2019-09-04 10:54:50,373 [grpc-default-executor-5] INFO  client.GrpcClientProtocolClient (GrpcClientProtocolClient.java:onNext(255)) - client-B88B3A356146->a94f35c6-e7cd-44f4-9fc5-5bedbc811dcb: receive RaftClientReply:client-B88B3A356146->a94f35c6-e7cd-44f4-9fc5-5bedbc811dcb@group-D8B2F8BCBE85, cid=14, FAILED org.apache.ratis.protocol.NotLeaderException: Server a94f35c6-e7cd-44f4-9fc5-5bedbc811dcb is not the leader (null). Request must be sent to leader., logIndex=0, commits[a94f35c6-e7cd-44f4-9fc5-5bedbc811dcb:c-1]
2019-09-04 10:54:51,405 [grpc-default-executor-5] INFO  client.GrpcClientProtocolClient (GrpcClientProtocolClient.java:onNext(255)) - client-B88B3A356146->306f7091-fd43-44cb-822b-63a12337bb6f: receive RaftClientReply:client-B88B3A356146->306f7091-fd43-44cb-822b-63a12337bb6f@group-D8B2F8BCBE85, cid=14, FAILED org.apache.ratis.protocol.NotLeaderException: Server 306f7091-fd43-44cb-822b-63a12337bb6f is not the leader (null). Request must be sent to leader., logIndex=0, commits[306f7091-fd43-44cb-822b-63a12337bb6f:c-1]
2019-09-04 10:54:51,783 [af967e59-4194-4ca7-b6c8-8e0983d32eae-SegmentedRaftLogWorker:Storage Directory /workdir/hadoop-ozone/integration-test/target/test-dir/MiniOzoneClusterImpl-ef69ce0e-7233-4eeb-a967-488b402a98c8/datanode-6/data/ratis/b2685cbe-1f07-4a81-85dc-a94d5fd2e5bf] INFO  segmented.SegmentedRaftLogWorker (SegmentedRaftLogWorker.java:execute(569)) - af967e59-4194-4ca7-b6c8-8e0983d32eae-SegmentedRaftLogWorker:Storage Directory /workdir/hadoop-ozone/integration-test/target/test-dir/MiniOzoneClusterImpl-ef69ce0e-7233-4eeb-a967-488b402a98c8/datanode-6/data/ratis/b2685cbe-1f07-4a81-85dc-a94d5fd2e5bf: created new log segment /workdir/hadoop-ozone/integration-test/target/test-dir/MiniOzoneClusterImpl-ef69ce0e-7233-4eeb-a967-488b402a98c8/datanode-6/data/ratis/b2685cbe-1f07-4a81-85dc-a94d5fd2e5bf/current/log_inprogress_0
2019-09-04 10:54:52,436 [grpc-default-executor-5] INFO  client.GrpcClientProtocolClient (GrpcClientProtocolClient.java:onNext(255)) - client-B88B3A356146->af967e59-4194-4ca7-b6c8-8e0983d32eae: receive RaftClientReply:client-B88B3A356146->af967e59-4194-4ca7-b6c8-8e0983d32eae@group-D8B2F8BCBE85, cid=14, FAILED org.apache.ratis.protocol.NotLeaderException: Server af967e59-4194-4ca7-b6c8-8e0983d32eae is not the leader (null). Request must be sent to leader., logIndex=0, commits[af967e59-4194-4ca7-b6c8-8e0983d32eae:c-1]
2019-09-04 10:54:53,314 [Thread-331] INFO  impl.FollowerState (FollowerState.java:run(106)) - a94f35c6-e7cd-44f4-9fc5-5bedbc811dcb:group-305D90ED7D72 changes to CANDIDATE, lastRpcTime:5063, electionTimeout:5062ms
2019-09-04 10:54:53,318 [Thread-331] INFO  impl.RoleInfo (RoleInfo.java:shutdownFollowerState(121)) - a94f35c6-e7cd-44f4-9fc5-5bedbc811dcb: shutdown FollowerState
2019-09-04 10:54:53,318 [Thread-331] INFO  impl.RaftServerImpl (RaftServerImpl.java:setRole(171)) - a94f35c6-e7cd-44f4-9fc5-5bedbc811dcb:group-305D90ED7D72 changes role from FOLLOWER to CANDIDATE at term 1 for changeToCandidate
2019-09-04 10:54:53,318 [Thread-331] INFO  impl.RoleInfo (RoleInfo.java:updateAndGet(143)) - a94f35c6-e7cd-44f4-9fc5-5bedbc811dcb: start LeaderElection
2019-09-04 10:54:53,347 [a94f35c6-e7cd-44f4-9fc5-5bedbc811dcb:group-305D90ED7D72:LeaderElection15] INFO  impl.LeaderElection (LeaderElection.java:askForVotes(181)) - a94f35c6-e7cd-44f4-9fc5-5bedbc811dcb:group-305D90ED7D72:LeaderElection15: begin an election at term 2 for -1: [af967e59-4194-4ca7-b6c8-8e0983d32eae:192.168.5.153:38797, a94f35c6-e7cd-44f4-9fc5-5bedbc811dcb:192.168.5.153:36627, 306f7091-fd43-44cb-822b-63a12337bb6f:192.168.5.153:42255], old=null
2019-09-04 10:54:53,357 [grpc-default-executor-4] INFO  impl.RaftServerImpl (RaftServerImpl.java:setRole(171)) - 306f7091-fd43-44cb-822b-63a12337bb6f:group-305D90ED7D72 changes role from FOLLOWER to FOLLOWER at term 2 for recognizeCandidate:a94f35c6-e7cd-44f4-9fc5-5bedbc811dcb
2019-09-04 10:54:53,357 [grpc-default-executor-5] INFO  impl.RaftServerImpl (RaftServerImpl.java:setRole(171)) - af967e59-4194-4ca7-b6c8-8e0983d32eae:group-305D90ED7D72 changes role from FOLLOWER to FOLLOWER at term 2 for recognizeCandidate:a94f35c6-e7cd-44f4-9fc5-5bedbc811dcb
2019-09-04 10:54:53,358 [grpc-default-executor-4] INFO  impl.RoleInfo (RoleInfo.java:shutdownFollowerState(121)) - 306f7091-fd43-44cb-822b-63a12337bb6f: shutdown FollowerState
2019-09-04 10:54:53,358 [grpc-default-executor-5] INFO  impl.RoleInfo (RoleInfo.java:shutdownFollowerState(121)) - af967e59-4194-4ca7-b6c8-8e0983d32eae: shutdown FollowerState
2019-09-04 10:54:53,358 [grpc-default-executor-4] INFO  impl.RoleInfo (RoleInfo.java:updateAndGet(143)) - 306f7091-fd43-44cb-822b-63a12337bb6f: start FollowerState
2019-09-04 10:54:53,358 [Thread-329] INFO  impl.FollowerState (FollowerState.java:run(114)) - 306f7091-fd43-44cb-822b-63a12337bb6f: FollowerState was interrupted: java.lang.InterruptedException: sleep interrupted
2019-09-04 10:54:53,358 [grpc-default-executor-5] INFO  impl.RoleInfo (RoleInfo.java:updateAndGet(143)) - af967e59-4194-4ca7-b6c8-8e0983d32eae: start FollowerState
2019-09-04 10:54:53,358 [Thread-330] INFO  impl.FollowerState (FollowerState.java:run(114)) - af967e59-4194-4ca7-b6c8-8e0983d32eae: FollowerState was interrupted: java.lang.InterruptedException: sleep interrupted
2019-09-04 10:54:53,385 [a94f35c6-e7cd-44f4-9fc5-5bedbc811dcb:group-305D90ED7D72:LeaderElection15] INFO  impl.LeaderElection (LeaderElection.java:logAndReturn(56)) - a94f35c6-e7cd-44f4-9fc5-5bedbc811dcb:group-305D90ED7D72:LeaderElection15: Election PASSED; received 1 response(s) [a94f35c6-e7cd-44f4-9fc5-5bedbc811dcb<-306f7091-fd43-44cb-822b-63a12337bb6f#0:OK-t2] and 0 exception(s); a94f35c6-e7cd-44f4-9fc5-5bedbc811dcb:t2, leader=null, voted=a94f35c6-e7cd-44f4-9fc5-5bedbc811dcb, raftlog=a94f35c6-e7cd-44f4-9fc5-5bedbc811dcb-SegmentedRaftLog:OPENED:c-1,f-1,i0, conf=-1: [af967e59-4194-4ca7-b6c8-8e0983d32eae:192.168.5.153:38797, a94f35c6-e7cd-44f4-9fc5-5bedbc811dcb:192.168.5.153:36627, 306f7091-fd43-44cb-822b-63a12337bb6f:192.168.5.153:42255], old=null
2019-09-04 10:54:53,385 [a94f35c6-e7cd-44f4-9fc5-5bedbc811dcb:group-305D90ED7D72:LeaderElection15] INFO  impl.RoleInfo (RoleInfo.java:shutdownLeaderElection(134)) - a94f35c6-e7cd-44f4-9fc5-5bedbc811dcb: shutdown LeaderElection
2019-09-04 10:54:53,388 [a94f35c6-e7cd-44f4-9fc5-5bedbc811dcb:group-305D90ED7D72:LeaderElection15] INFO  impl.RaftServerImpl (RaftServerImpl.java:setRole(171)) - a94f35c6-e7cd-44f4-9fc5-5bedbc811dcb:group-305D90ED7D72 changes role from CANDIDATE to LEADER at term 2 for changeToLeader
2019-09-04 10:54:53,388 [a94f35c6-e7cd-44f4-9fc5-5bedbc811dcb:group-305D90ED7D72:LeaderElection15] INFO  impl.RaftServerImpl (ServerState.java:setLeader(263)) - a94f35c6-e7cd-44f4-9fc5-5bedbc811dcb:group-305D90ED7D72 change Leader from null to a94f35c6-e7cd-44f4-9fc5-5bedbc811dcb at term 2 for becomeLeader, leader elected after 15466ms
2019-09-04 10:54:53,390 [a94f35c6-e7cd-44f4-9fc5-5bedbc811dcb:group-305D90ED7D72:LeaderElection15] INFO  server.RaftServerConfigKeys (ConfUtils.java:logGet(43)) - raft.server.staging.catchup.gap = 1000 (default)
2019-09-04 10:54:53,390 [a94f35c6-e7cd-44f4-9fc5-5bedbc811dcb:group-305D90ED7D72:LeaderElection15] INFO  server.RaftServerConfigKeys (ConfUtils.java:logGet(43)) - raft.server.rpc.sleep.time = 25ms (default)
2019-09-04 10:54:53,390 [a94f35c6-e7cd-44f4-9fc5-5bedbc811dcb:group-305D90ED7D72:LeaderElection15] INFO  server.RaftServerConfigKeys (ConfUtils.java:logGet(43)) - raft.server.write.element-limit = 4096 (default)
2019-09-04 10:54:53,391 [a94f35c6-e7cd-44f4-9fc5-5bedbc811dcb:group-305D90ED7D72:LeaderElection15] INFO  server.RaftServerConfigKeys (ConfUtils.java:logGet(43)) - raft.server.watch.timeout = 10s (default)
2019-09-04 10:54:53,391 [a94f35c6-e7cd-44f4-9fc5-5bedbc811dcb:group-305D90ED7D72:LeaderElection15] INFO  server.RaftServerConfigKeys (ConfUtils.java:logGet(43)) - raft.server.watch.timeout.denomination = 1s (default)
2019-09-04 10:54:53,391 [a94f35c6-e7cd-44f4-9fc5-5bedbc811dcb:group-305D90ED7D72:LeaderElection15] INFO  server.RaftServerConfigKeys (ConfUtils.java:logGet(43)) - raft.server.watch.element-limit = 65536 (default)
2019-09-04 10:54:53,394 [a94f35c6-e7cd-44f4-9fc5-5bedbc811dcb:group-305D90ED7D72:LeaderElection15] INFO  server.RaftServerConfigKeys (ConfUtils.java:logGet(43)) - raft.server.log.appender.snapshot.chunk.size.max = 16MB (=16777216) (default)
2019-09-04 10:54:53,395 [a94f35c6-e7cd-44f4-9fc5-5bedbc811dcb:group-305D90ED7D72:LeaderElection15] INFO  server.RaftServerConfigKeys (ConfUtils.java:logGet(43)) - raft.server.log.appender.buffer.byte-limit = 33554432 (custom)
2019-09-04 10:54:53,395 [a94f35c6-e7cd-44f4-9fc5-5bedbc811dcb:group-305D90ED7D72:LeaderElection15] INFO  server.RaftServerConfigKeys (ConfUtils.java:logGet(43)) - raft.server.log.appender.buffer.element-limit = 1 (custom)
2019-09-04 10:54:53,399 [a94f35c6-e7cd-44f4-9fc5-5bedbc811dcb:group-305D90ED7D72:LeaderElection15] INFO  grpc.GrpcConfigKeys$Server (ConfUtils.java:logGet(43)) - raft.grpc.server.leader.outstanding.appends.max = 128 (default)
2019-09-04 10:54:53,400 [a94f35c6-e7cd-44f4-9fc5-5bedbc811dcb:group-305D90ED7D72:LeaderElection15] INFO  server.RaftServerConfigKeys (ConfUtils.java:logGet(43)) - raft.server.rpc.request.timeout = 3000ms (default)
2019-09-04 10:54:53,400 [a94f35c6-e7cd-44f4-9fc5-5bedbc811dcb:group-305D90ED7D72:LeaderElection15] INFO  server.RaftServerConfigKeys (ConfUtils.java:logGet(43)) - raft.server.log.appender.install.snapshot.enabled = false (custom)
2019-09-04 10:54:53,400 [a94f35c6-e7cd-44f4-9fc5-5bedbc811dcb:group-305D90ED7D72:LeaderElection15] INFO  server.RaftServerConfigKeys (ConfUtils.java:logGet(43)) - raft.server.log.appender.snapshot.chunk.size.max = 16MB (=16777216) (default)
2019-09-04 10:54:53,401 [a94f35c6-e7cd-44f4-9fc5-5bedbc811dcb:group-305D90ED7D72:LeaderElection15] INFO  server.RaftServerConfigKeys (ConfUtils.java:logGet(43)) - raft.server.log.appender.buffer.byte-limit = 33554432 (custom)
2019-09-04 10:54:53,401 [a94f35c6-e7cd-44f4-9fc5-5bedbc811dcb:group-305D90ED7D72:LeaderElection15] INFO  server.RaftServerConfigKeys (ConfUtils.java:logGet(43)) - raft.server.log.appender.buffer.element-limit = 1 (custom)
2019-09-04 10:54:53,401 [a94f35c6-e7cd-44f4-9fc5-5bedbc811dcb:group-305D90ED7D72:LeaderElection15] INFO  grpc.GrpcConfigKeys$Server (ConfUtils.java:logGet(43)) - raft.grpc.server.leader.outstanding.appends.max = 128 (default)
2019-09-04 10:54:53,401 [a94f35c6-e7cd-44f4-9fc5-5bedbc811dcb:group-305D90ED7D72:LeaderElection15] INFO  server.RaftServerConfigKeys (ConfUtils.java:logGet(43)) - raft.server.rpc.request.timeout = 3000ms (default)
2019-09-04 10:54:53,402 [a94f35c6-e7cd-44f4-9fc5-5bedbc811dcb:group-305D90ED7D72:LeaderElection15] INFO  server.RaftServerConfigKeys (ConfUtils.java:logGet(43)) - raft.server.log.appender.install.snapshot.enabled = false (custom)
2019-09-04 10:54:53,403 [a94f35c6-e7cd-44f4-9fc5-5bedbc811dcb:group-305D90ED7D72:LeaderElection15] INFO  impl.RoleInfo (RoleInfo.java:updateAndGet(143)) - a94f35c6-e7cd-44f4-9fc5-5bedbc811dcb: start LeaderState
2019-09-04 10:54:53,404 [a94f35c6-e7cd-44f4-9fc5-5bedbc811dcb:group-305D90ED7D72:LeaderElection15] INFO  segmented.SegmentedRaftLogWorker (SegmentedRaftLogWorker.java:startLogSegment(380)) - a94f35c6-e7cd-44f4-9fc5-5bedbc811dcb-SegmentedRaftLogWorker:Storage Directory /workdir/hadoop-ozone/integration-test/target/test-dir/MiniOzoneClusterImpl-ef69ce0e-7233-4eeb-a967-488b402a98c8/datanode-1/data/ratis/1dd8667d-5736-41dc-be65-305d90ed7d72: Starting segment from index:0
2019-09-04 10:54:53,405 [a94f35c6-e7cd-44f4-9fc5-5bedbc811dcb:group-305D90ED7D72:LeaderElection15] INFO  impl.RaftServerImpl (ServerState.java:setRaftConf(361)) - a94f35c6-e7cd-44f4-9fc5-5bedbc811dcb:group-305D90ED7D72 set configuration 0: [af967e59-4194-4ca7-b6c8-8e0983d32eae:192.168.5.153:38797, a94f35c6-e7cd-44f4-9fc5-5bedbc811dcb:192.168.5.153:36627, 306f7091-fd43-44cb-822b-63a12337bb6f:192.168.5.153:42255], old=null at 0
2019-09-04 10:54:53,449 [a94f35c6-e7cd-44f4-9fc5-5bedbc811dcb-SegmentedRaftLogWorker:Storage Directory /workdir/hadoop-ozone/integration-test/target/test-dir/MiniOzoneClusterImpl-ef69ce0e-7233-4eeb-a967-488b402a98c8/datanode-1/data/ratis/1dd8667d-5736-41dc-be65-305d90ed7d72] INFO  segmented.SegmentedRaftLogWorker (SegmentedRaftLogWorker.java:execute(569)) - a94f35c6-e7cd-44f4-9fc5-5bedbc811dcb-SegmentedRaftLogWorker:Storage Directory /workdir/hadoop-ozone/integration-test/target/test-dir/MiniOzoneClusterImpl-ef69ce0e-7233-4eeb-a967-488b402a98c8/datanode-1/data/ratis/1dd8667d-5736-41dc-be65-305d90ed7d72: created new log segment /workdir/hadoop-ozone/integration-test/target/test-dir/MiniOzoneClusterImpl-ef69ce0e-7233-4eeb-a967-488b402a98c8/datanode-1/data/ratis/1dd8667d-5736-41dc-be65-305d90ed7d72/current/log_inprogress_0
2019-09-04 10:54:53,473 [grpc-default-executor-5] INFO  impl.RaftServerImpl (ServerState.java:setLeader(263)) - 306f7091-fd43-44cb-822b-63a12337bb6f:group-305D90ED7D72 change Leader from null to a94f35c6-e7cd-44f4-9fc5-5bedbc811dcb at term 2 for appendEntries, leader elected after 15552ms
2019-09-04 10:54:53,473 [grpc-default-executor-3] INFO  impl.RaftServerImpl (ServerState.java:setLeader(263)) - af967e59-4194-4ca7-b6c8-8e0983d32eae:group-305D90ED7D72 change Leader from null to a94f35c6-e7cd-44f4-9fc5-5bedbc811dcb at term 2 for appendEntries, leader elected after 15552ms
2019-09-04 10:54:53,491 [grpc-default-executor-4] INFO  client.GrpcClientProtocolClient (GrpcClientProtocolClient.java:onNext(255)) - client-B88B3A356146->306f7091-fd43-44cb-822b-63a12337bb6f: receive RaftClientReply:client-B88B3A356146->306f7091-fd43-44cb-822b-63a12337bb6f@group-D8B2F8BCBE85, cid=14, FAILED org.apache.ratis.protocol.NotLeaderException: Server 306f7091-fd43-44cb-822b-63a12337bb6f is not the leader (null). Request must be sent to leader., logIndex=0, commits[306f7091-fd43-44cb-822b-63a12337bb6f:c-1]
2019-09-04 10:54:53,522 [grpc-default-executor-3] INFO  impl.RaftServerImpl (ServerState.java:setRaftConf(361)) - 306f7091-fd43-44cb-822b-63a12337bb6f:group-305D90ED7D72 set configuration 0: [af967e59-4194-4ca7-b6c8-8e0983d32eae:192.168.5.153:38797, a94f35c6-e7cd-44f4-9fc5-5bedbc811dcb:192.168.5.153:36627, 306f7091-fd43-44cb-822b-63a12337bb6f:192.168.5.153:42255], old=null at 0
2019-09-04 10:54:53,522 [grpc-default-executor-5] INFO  impl.RaftServerImpl (ServerState.java:setRaftConf(361)) - af967e59-4194-4ca7-b6c8-8e0983d32eae:group-305D90ED7D72 set configuration 0: [af967e59-4194-4ca7-b6c8-8e0983d32eae:192.168.5.153:38797, a94f35c6-e7cd-44f4-9fc5-5bedbc811dcb:192.168.5.153:36627, 306f7091-fd43-44cb-822b-63a12337bb6f:192.168.5.153:42255], old=null at 0
2019-09-04 10:54:53,523 [grpc-default-executor-3] INFO  segmented.SegmentedRaftLogWorker (SegmentedRaftLogWorker.java:startLogSegment(380)) - 306f7091-fd43-44cb-822b-63a12337bb6f-SegmentedRaftLogWorker:Storage Directory /workdir/hadoop-ozone/integration-test/target/test-dir/MiniOzoneClusterImpl-ef69ce0e-7233-4eeb-a967-488b402a98c8/datanode-3/data/ratis/1dd8667d-5736-41dc-be65-305d90ed7d72: Starting segment from index:0
2019-09-04 10:54:53,523 [grpc-default-executor-5] INFO  segmented.SegmentedRaftLogWorker (SegmentedRaftLogWorker.java:startLogSegment(380)) - af967e59-4194-4ca7-b6c8-8e0983d32eae-SegmentedRaftLogWorker:Storage Directory /workdir/hadoop-ozone/integration-test/target/test-dir/MiniOzoneClusterImpl-ef69ce0e-7233-4eeb-a967-488b402a98c8/datanode-6/data/ratis/1dd8667d-5736-41dc-be65-305d90ed7d72: Starting segment from index:0
2019-09-04 10:54:53,573 [306f7091-fd43-44cb-822b-63a12337bb6f-SegmentedRaftLogWorker:Storage Directory /workdir/hadoop-ozone/integration-test/target/test-dir/MiniOzoneClusterImpl-ef69ce0e-7233-4eeb-a967-488b402a98c8/datanode-3/data/ratis/1dd8667d-5736-41dc-be65-305d90ed7d72] INFO  segmented.SegmentedRaftLogWorker (SegmentedRaftLogWorker.java:execute(569)) - 306f7091-fd43-44cb-822b-63a12337bb6f-SegmentedRaftLogWorker:Storage Directory /workdir/hadoop-ozone/integration-test/target/test-dir/MiniOzoneClusterImpl-ef69ce0e-7233-4eeb-a967-488b402a98c8/datanode-3/data/ratis/1dd8667d-5736-41dc-be65-305d90ed7d72: created new log segment /workdir/hadoop-ozone/integration-test/target/test-dir/MiniOzoneClusterImpl-ef69ce0e-7233-4eeb-a967-488b402a98c8/datanode-3/data/ratis/1dd8667d-5736-41dc-be65-305d90ed7d72/current/log_inprogress_0
2019-09-04 10:54:53,573 [af967e59-4194-4ca7-b6c8-8e0983d32eae-SegmentedRaftLogWorker:Storage Directory /workdir/hadoop-ozone/integration-test/target/test-dir/MiniOzoneClusterImpl-ef69ce0e-7233-4eeb-a967-488b402a98c8/datanode-6/data/ratis/1dd8667d-5736-41dc-be65-305d90ed7d72] INFO  segmented.SegmentedRaftLogWorker (SegmentedRaftLogWorker.java:execute(569)) - af967e59-4194-4ca7-b6c8-8e0983d32eae-SegmentedRaftLogWorker:Storage Directory /workdir/hadoop-ozone/integration-test/target/test-dir/MiniOzoneClusterImpl-ef69ce0e-7233-4eeb-a967-488b402a98c8/datanode-6/data/ratis/1dd8667d-5736-41dc-be65-305d90ed7d72: created new log segment /workdir/hadoop-ozone/integration-test/target/test-dir/MiniOzoneClusterImpl-ef69ce0e-7233-4eeb-a967-488b402a98c8/datanode-6/data/ratis/1dd8667d-5736-41dc-be65-305d90ed7d72/current/log_inprogress_0
2019-09-04 10:54:54,520 [grpc-default-executor-3] INFO  client.GrpcClientProtocolClient (GrpcClientProtocolClient.java:onNext(255)) - client-B88B3A356146->af967e59-4194-4ca7-b6c8-8e0983d32eae: receive RaftClientReply:client-B88B3A356146->af967e59-4194-4ca7-b6c8-8e0983d32eae@group-D8B2F8BCBE85, cid=14, FAILED org.apache.ratis.protocol.NotLeaderException: Server af967e59-4194-4ca7-b6c8-8e0983d32eae is not the leader (null). Request must be sent to leader., logIndex=0, commits[af967e59-4194-4ca7-b6c8-8e0983d32eae:c-1]
2019-09-04 10:54:54,924 [Thread-353] INFO  impl.FollowerState (FollowerState.java:run(106)) - a94f35c6-e7cd-44f4-9fc5-5bedbc811dcb:group-EA9A34BEEC33 changes to CANDIDATE, lastRpcTime:5036, electionTimeout:5036ms
2019-09-04 10:54:54,924 [Thread-353] INFO  impl.RoleInfo (RoleInfo.java:shutdownFollowerState(121)) - a94f35c6-e7cd-44f4-9fc5-5bedbc811dcb: shutdown FollowerState
2019-09-04 10:54:54,924 [Thread-353] INFO  impl.RaftServerImpl (RaftServerImpl.java:setRole(171)) - a94f35c6-e7cd-44f4-9fc5-5bedbc811dcb:group-EA9A34BEEC33 changes role from FOLLOWER to CANDIDATE at term 1 for changeToCandidate
2019-09-04 10:54:54,924 [Thread-353] INFO  impl.RoleInfo (RoleInfo.java:updateAndGet(143)) - a94f35c6-e7cd-44f4-9fc5-5bedbc811dcb: start LeaderElection
2019-09-04 10:54:54,944 [a94f35c6-e7cd-44f4-9fc5-5bedbc811dcb:group-EA9A34BEEC33:LeaderElection16] INFO  impl.LeaderElection (LeaderElection.java:askForVotes(181)) - a94f35c6-e7cd-44f4-9fc5-5bedbc811dcb:group-EA9A34BEEC33:LeaderElection16: begin an election at term 2 for -1: [af967e59-4194-4ca7-b6c8-8e0983d32eae:192.168.5.153:38797, a94f35c6-e7cd-44f4-9fc5-5bedbc811dcb:192.168.5.153:36627, 306f7091-fd43-44cb-822b-63a12337bb6f:192.168.5.153:42255], old=null
2019-09-04 10:54:54,949 [grpc-default-executor-3] INFO  impl.RaftServerImpl (RaftServerImpl.java:setRole(171)) - af967e59-4194-4ca7-b6c8-8e0983d32eae:group-EA9A34BEEC33 changes role from FOLLOWER to FOLLOWER at term 2 for recognizeCandidate:a94f35c6-e7cd-44f4-9fc5-5bedbc811dcb
2019-09-04 10:54:54,949 [grpc-default-executor-5] INFO  impl.RaftServerImpl (RaftServerImpl.java:setRole(171)) - 306f7091-fd43-44cb-822b-63a12337bb6f:group-EA9A34BEEC33 changes role from FOLLOWER to FOLLOWER at term 2 for recognizeCandidate:a94f35c6-e7cd-44f4-9fc5-5bedbc811dcb
2019-09-04 10:54:54,949 [grpc-default-executor-3] INFO  impl.RoleInfo (RoleInfo.java:shutdownFollowerState(121)) - af967e59-4194-4ca7-b6c8-8e0983d32eae: shutdown FollowerState
2019-09-04 10:54:54,949 [grpc-default-executor-5] INFO  impl.RoleInfo (RoleInfo.java:shutdownFollowerState(121)) - 306f7091-fd43-44cb-822b-63a12337bb6f: shutdown FollowerState
2019-09-04 10:54:54,949 [Thread-355] INFO  impl.FollowerState (FollowerState.java:run(114)) - af967e59-4194-4ca7-b6c8-8e0983d32eae: FollowerState was interrupted: java.lang.InterruptedException: sleep interrupted
2019-09-04 10:54:54,949 [grpc-default-executor-3] INFO  impl.RoleInfo (RoleInfo.java:updateAndGet(143)) - af967e59-4194-4ca7-b6c8-8e0983d32eae: start FollowerState
2019-09-04 10:54:54,954 [Thread-358] INFO  impl.FollowerState (FollowerState.java:run(114)) - 306f7091-fd43-44cb-822b-63a12337bb6f: FollowerState was interrupted: java.lang.InterruptedException: sleep interrupted
2019-09-04 10:54:54,953 [Thread-351] INFO  impl.FollowerState (FollowerState.java:run(106)) - a94f35c6-e7cd-44f4-9fc5-5bedbc811dcb:group-D8B2F8BCBE85 changes to CANDIDATE, lastRpcTime:5141, electionTimeout:5102ms
2019-09-04 10:54:54,949 [grpc-default-executor-5] INFO  impl.RoleInfo (RoleInfo.java:updateAndGet(143)) - 306f7091-fd43-44cb-822b-63a12337bb6f: start FollowerState
2019-09-04 10:54:54,970 [Thread-351] INFO  impl.RoleInfo (RoleInfo.java:shutdownFollowerState(121)) - a94f35c6-e7cd-44f4-9fc5-5bedbc811dcb: shutdown FollowerState
2019-09-04 10:54:54,970 [Thread-351] INFO  impl.RaftServerImpl (RaftServerImpl.java:setRole(171)) - a94f35c6-e7cd-44f4-9fc5-5bedbc811dcb:group-D8B2F8BCBE85 changes role from FOLLOWER to CANDIDATE at term 1 for changeToCandidate
2019-09-04 10:54:54,970 [Thread-351] INFO  impl.RoleInfo (RoleInfo.java:updateAndGet(143)) - a94f35c6-e7cd-44f4-9fc5-5bedbc811dcb: start LeaderElection
2019-09-04 10:54:54,975 [Thread-357] INFO  impl.FollowerState (FollowerState.java:run(106)) - 306f7091-fd43-44cb-822b-63a12337bb6f:group-D8B2F8BCBE85 changes to CANDIDATE, lastRpcTime:5069, electionTimeout:5069ms
2019-09-04 10:54:54,975 [Thread-357] INFO  impl.RoleInfo (RoleInfo.java:shutdownFollowerState(121)) - 306f7091-fd43-44cb-822b-63a12337bb6f: shutdown FollowerState
2019-09-04 10:54:54,975 [Thread-357] INFO  impl.RaftServerImpl (RaftServerImpl.java:setRole(171)) - 306f7091-fd43-44cb-822b-63a12337bb6f:group-D8B2F8BCBE85 changes role from FOLLOWER to CANDIDATE at term 1 for changeToCandidate
2019-09-04 10:54:54,975 [Thread-357] INFO  impl.RoleInfo (RoleInfo.java:updateAndGet(143)) - 306f7091-fd43-44cb-822b-63a12337bb6f: start LeaderElection
2019-09-04 10:54:54,984 [306f7091-fd43-44cb-822b-63a12337bb6f:group-D8B2F8BCBE85:LeaderElection18] INFO  impl.LeaderElection (LeaderElection.java:askForVotes(181)) - 306f7091-fd43-44cb-822b-63a12337bb6f:group-D8B2F8BCBE85:LeaderElection18: begin an election at term 2 for -1: [af967e59-4194-4ca7-b6c8-8e0983d32eae:192.168.5.153:38797, a94f35c6-e7cd-44f4-9fc5-5bedbc811dcb:192.168.5.153:36627, 306f7091-fd43-44cb-822b-63a12337bb6f:192.168.5.153:42255], old=null
2019-09-04 10:54:54,984 [a94f35c6-e7cd-44f4-9fc5-5bedbc811dcb:group-D8B2F8BCBE85:LeaderElection17] INFO  impl.LeaderElection (LeaderElection.java:askForVotes(181)) - a94f35c6-e7cd-44f4-9fc5-5bedbc811dcb:group-D8B2F8BCBE85:LeaderElection17: begin an election at term 2 for -1: [af967e59-4194-4ca7-b6c8-8e0983d32eae:192.168.5.153:38797, a94f35c6-e7cd-44f4-9fc5-5bedbc811dcb:192.168.5.153:36627, 306f7091-fd43-44cb-822b-63a12337bb6f:192.168.5.153:42255], old=null
2019-09-04 10:54:54,986 [a94f35c6-e7cd-44f4-9fc5-5bedbc811dcb:group-EA9A34BEEC33:LeaderElection16] INFO  impl.LeaderElection (LeaderElection.java:logAndReturn(56)) - a94f35c6-e7cd-44f4-9fc5-5bedbc811dcb:group-EA9A34BEEC33:LeaderElection16: Election PASSED; received 1 response(s) [a94f35c6-e7cd-44f4-9fc5-5bedbc811dcb<-af967e59-4194-4ca7-b6c8-8e0983d32eae#0:OK-t2] and 0 exception(s); a94f35c6-e7cd-44f4-9fc5-5bedbc811dcb:t2, leader=null, voted=a94f35c6-e7cd-44f4-9fc5-5bedbc811dcb, raftlog=a94f35c6-e7cd-44f4-9fc5-5bedbc811dcb-SegmentedRaftLog:OPENED:c-1,f-1,i0, conf=-1: [af967e59-4194-4ca7-b6c8-8e0983d32eae:192.168.5.153:38797, a94f35c6-e7cd-44f4-9fc5-5bedbc811dcb:192.168.5.153:36627, 306f7091-fd43-44cb-822b-63a12337bb6f:192.168.5.153:42255], old=null
2019-09-04 10:54:54,986 [a94f35c6-e7cd-44f4-9fc5-5bedbc811dcb:group-EA9A34BEEC33:LeaderElection16] INFO  impl.RoleInfo (RoleInfo.java:shutdownLeaderElection(134)) - a94f35c6-e7cd-44f4-9fc5-5bedbc811dcb: shutdown LeaderElection
2019-09-04 10:54:54,989 [a94f35c6-e7cd-44f4-9fc5-5bedbc811dcb:group-EA9A34BEEC33:LeaderElection16] INFO  impl.RaftServerImpl (RaftServerImpl.java:setRole(171)) - a94f35c6-e7cd-44f4-9fc5-5bedbc811dcb:group-EA9A34BEEC33 changes role from CANDIDATE to LEADER at term 2 for changeToLeader
2019-09-04 10:54:54,989 [a94f35c6-e7cd-44f4-9fc5-5bedbc811dcb:group-EA9A34BEEC33:LeaderElection16] INFO  impl.RaftServerImpl (ServerState.java:setLeader(263)) - a94f35c6-e7cd-44f4-9fc5-5bedbc811dcb:group-EA9A34BEEC33 change Leader from null to a94f35c6-e7cd-44f4-9fc5-5bedbc811dcb at term 2 for becomeLeader, leader elected after 12621ms
2019-09-04 10:54:54,989 [a94f35c6-e7cd-44f4-9fc5-5bedbc811dcb:group-EA9A34BEEC33:LeaderElection16] INFO  server.RaftServerConfigKeys (ConfUtils.java:logGet(43)) - raft.server.staging.catchup.gap = 1000 (default)
2019-09-04 10:54:54,989 [a94f35c6-e7cd-44f4-9fc5-5bedbc811dcb:group-EA9A34BEEC33:LeaderElection16] INFO  server.RaftServerConfigKeys (ConfUtils.java:logGet(43)) - raft.server.rpc.sleep.time = 25ms (default)
2019-09-04 10:54:54,989 [grpc-default-executor-5] INFO  impl.RaftServerImpl (RaftServerImpl.java:setRole(171)) - af967e59-4194-4ca7-b6c8-8e0983d32eae:group-D8B2F8BCBE85 changes role from FOLLOWER to FOLLOWER at term 2 for recognizeCandidate:306f7091-fd43-44cb-822b-63a12337bb6f
2019-09-04 10:54:54,990 [a94f35c6-e7cd-44f4-9fc5-5bedbc811dcb:group-EA9A34BEEC33:LeaderElection16] INFO  server.RaftServerConfigKeys (ConfUtils.java:logGet(43)) - raft.server.write.element-limit = 4096 (default)
2019-09-04 10:54:54,990 [grpc-default-executor-5] INFO  impl.RoleInfo (RoleInfo.java:shutdownFollowerState(121)) - af967e59-4194-4ca7-b6c8-8e0983d32eae: shutdown FollowerState
2019-09-04 10:54:54,990 [a94f35c6-e7cd-44f4-9fc5-5bedbc811dcb:group-EA9A34BEEC33:LeaderElection16] INFO  server.RaftServerConfigKeys (ConfUtils.java:logGet(43)) - raft.server.watch.timeout = 10s (default)
2019-09-04 10:54:54,990 [Thread-354] INFO  impl.FollowerState (FollowerState.java:run(114)) - af967e59-4194-4ca7-b6c8-8e0983d32eae: FollowerState was interrupted: java.lang.InterruptedException: sleep interrupted
2019-09-04 10:54:54,990 [grpc-default-executor-5] INFO  impl.RoleInfo (RoleInfo.java:updateAndGet(143)) - af967e59-4194-4ca7-b6c8-8e0983d32eae: start FollowerState
2019-09-04 10:54:54,990 [a94f35c6-e7cd-44f4-9fc5-5bedbc811dcb:group-EA9A34BEEC33:LeaderElection16] INFO  server.RaftServerConfigKeys (ConfUtils.java:logGet(43)) - raft.server.watch.timeout.denomination = 1s (default)
2019-09-04 10:54:54,990 [a94f35c6-e7cd-44f4-9fc5-5bedbc811dcb:group-EA9A34BEEC33:LeaderElection16] INFO  server.RaftServerConfigKeys (ConfUtils.java:logGet(43)) - raft.server.watch.element-limit = 65536 (default)
2019-09-04 10:54:54,991 [a94f35c6-e7cd-44f4-9fc5-5bedbc811dcb:group-EA9A34BEEC33:LeaderElection16] INFO  server.RaftServerConfigKeys (ConfUtils.java:logGet(43)) - raft.server.log.appender.snapshot.chunk.size.max = 16MB (=16777216) (default)
2019-09-04 10:54:54,991 [a94f35c6-e7cd-44f4-9fc5-5bedbc811dcb:group-EA9A34BEEC33:LeaderElection16] INFO  server.RaftServerConfigKeys (ConfUtils.java:logGet(43)) - raft.server.log.appender.buffer.byte-limit = 33554432 (custom)
2019-09-04 10:54:54,991 [a94f35c6-e7cd-44f4-9fc5-5bedbc811dcb:group-EA9A34BEEC33:LeaderElection16] INFO  server.RaftServerConfigKeys (ConfUtils.java:logGet(43)) - raft.server.log.appender.buffer.element-limit = 1 (custom)
2019-09-04 10:54:54,991 [a94f35c6-e7cd-44f4-9fc5-5bedbc811dcb:group-EA9A34BEEC33:LeaderElection16] INFO  grpc.GrpcConfigKeys$Server (ConfUtils.java:logGet(43)) - raft.grpc.server.leader.outstanding.appends.max = 128 (default)
2019-09-04 10:54:54,993 [a94f35c6-e7cd-44f4-9fc5-5bedbc811dcb:group-EA9A34BEEC33:LeaderElection16] INFO  server.RaftServerConfigKeys (ConfUtils.java:logGet(43)) - raft.server.rpc.request.timeout = 3000ms (default)
2019-09-04 10:54:54,994 [a94f35c6-e7cd-44f4-9fc5-5bedbc811dcb:group-EA9A34BEEC33:LeaderElection16] INFO  server.RaftServerConfigKeys (ConfUtils.java:logGet(43)) - raft.server.log.appender.install.snapshot.enabled = false (custom)
2019-09-04 10:54:54,994 [a94f35c6-e7cd-44f4-9fc5-5bedbc811dcb:group-EA9A34BEEC33:LeaderElection16] INFO  server.RaftServerConfigKeys (ConfUtils.java:logGet(43)) - raft.server.log.appender.snapshot.chunk.size.max = 16MB (=16777216) (default)
2019-09-04 10:54:54,994 [a94f35c6-e7cd-44f4-9fc5-5bedbc811dcb:group-EA9A34BEEC33:LeaderElection16] INFO  server.RaftServerConfigKeys (ConfUtils.java:logGet(43)) - raft.server.log.appender.buffer.byte-limit = 33554432 (custom)
2019-09-04 10:54:54,995 [a94f35c6-e7cd-44f4-9fc5-5bedbc811dcb:group-EA9A34BEEC33:LeaderElection16] INFO  server.RaftServerConfigKeys (ConfUtils.java:logGet(43)) - raft.server.log.appender.buffer.element-limit = 1 (custom)
2019-09-04 10:54:54,995 [a94f35c6-e7cd-44f4-9fc5-5bedbc811dcb:group-EA9A34BEEC33:LeaderElection16] INFO  grpc.GrpcConfigKeys$Server (ConfUtils.java:logGet(43)) - raft.grpc.server.leader.outstanding.appends.max = 128 (default)
2019-09-04 10:54:54,995 [a94f35c6-e7cd-44f4-9fc5-5bedbc811dcb:group-EA9A34BEEC33:LeaderElection16] INFO  server.RaftServerConfigKeys (ConfUtils.java:logGet(43)) - raft.server.rpc.request.timeout = 3000ms (default)
2019-09-04 10:54:54,995 [a94f35c6-e7cd-44f4-9fc5-5bedbc811dcb:group-EA9A34BEEC33:LeaderElection16] INFO  server.RaftServerConfigKeys (ConfUtils.java:logGet(43)) - raft.server.log.appender.install.snapshot.enabled = false (custom)
2019-09-04 10:54:54,996 [a94f35c6-e7cd-44f4-9fc5-5bedbc811dcb:group-EA9A34BEEC33:LeaderElection16] INFO  impl.RoleInfo (RoleInfo.java:updateAndGet(143)) - a94f35c6-e7cd-44f4-9fc5-5bedbc811dcb: start LeaderState
2019-09-04 10:54:54,996 [a94f35c6-e7cd-44f4-9fc5-5bedbc811dcb:group-EA9A34BEEC33:LeaderElection16] INFO  segmented.SegmentedRaftLogWorker (SegmentedRaftLogWorker.java:startLogSegment(380)) - a94f35c6-e7cd-44f4-9fc5-5bedbc811dcb-SegmentedRaftLogWorker:Storage Directory /workdir/hadoop-ozone/integration-test/target/test-dir/MiniOzoneClusterImpl-ef69ce0e-7233-4eeb-a967-488b402a98c8/datanode-1/data/ratis/da25b56d-8bb5-432e-8aed-ea9a34beec33: Starting segment from index:0
2019-09-04 10:54:54,997 [a94f35c6-e7cd-44f4-9fc5-5bedbc811dcb:group-EA9A34BEEC33:LeaderElection16] INFO  impl.RaftServerImpl (ServerState.java:setRaftConf(361)) - a94f35c6-e7cd-44f4-9fc5-5bedbc811dcb:group-EA9A34BEEC33 set configuration 0: [af967e59-4194-4ca7-b6c8-8e0983d32eae:192.168.5.153:38797, a94f35c6-e7cd-44f4-9fc5-5bedbc811dcb:192.168.5.153:36627, 306f7091-fd43-44cb-822b-63a12337bb6f:192.168.5.153:42255], old=null at 0
2019-09-04 10:54:55,028 [Thread-350] INFO  impl.FollowerState (FollowerState.java:run(106)) - af967e59-4194-4ca7-b6c8-8e0983d32eae:group-F92D3B33CAEB changes to CANDIDATE, lastRpcTime:5228, electionTimeout:5194ms
2019-09-04 10:54:55,030 [Thread-350] INFO  impl.RoleInfo (RoleInfo.java:shutdownFollowerState(121)) - af967e59-4194-4ca7-b6c8-8e0983d32eae: shutdown FollowerState
2019-09-04 10:54:55,028 [Thread-356] INFO  impl.FollowerState (FollowerState.java:run(106)) - 306f7091-fd43-44cb-822b-63a12337bb6f:group-F92D3B33CAEB changes to CANDIDATE, lastRpcTime:5128, electionTimeout:5124ms
2019-09-04 10:54:55,031 [Thread-350] INFO  impl.RaftServerImpl (RaftServerImpl.java:setRole(171)) - af967e59-4194-4ca7-b6c8-8e0983d32eae:group-F92D3B33CAEB changes role from FOLLOWER to CANDIDATE at term 1 for changeToCandidate
2019-09-04 10:54:55,031 [Thread-356] INFO  impl.RoleInfo (RoleInfo.java:shutdownFollowerState(121)) - 306f7091-fd43-44cb-822b-63a12337bb6f: shutdown FollowerState
2019-09-04 10:54:55,031 [Thread-350] INFO  impl.RoleInfo (RoleInfo.java:updateAndGet(143)) - af967e59-4194-4ca7-b6c8-8e0983d32eae: start LeaderElection
2019-09-04 10:54:55,031 [Thread-356] INFO  impl.RaftServerImpl (RaftServerImpl.java:setRole(171)) - 306f7091-fd43-44cb-822b-63a12337bb6f:group-F92D3B33CAEB changes role from FOLLOWER to CANDIDATE at term 1 for changeToCandidate
2019-09-04 10:54:55,031 [Thread-356] INFO  impl.RoleInfo (RoleInfo.java:updateAndGet(143)) - 306f7091-fd43-44cb-822b-63a12337bb6f: start LeaderElection
2019-09-04 10:54:55,032 [306f7091-fd43-44cb-822b-63a12337bb6f:group-D8B2F8BCBE85:LeaderElection18] INFO  impl.LeaderElection (LeaderElection.java:logAndReturn(56)) - 306f7091-fd43-44cb-822b-63a12337bb6f:group-D8B2F8BCBE85:LeaderElection18: Election PASSED; received 2 response(s) [306f7091-fd43-44cb-822b-63a12337bb6f<-af967e59-4194-4ca7-b6c8-8e0983d32eae#0:OK-t2, 306f7091-fd43-44cb-822b-63a12337bb6f<-a94f35c6-e7cd-44f4-9fc5-5bedbc811dcb#0:FAIL-t2] and 0 exception(s); 306f7091-fd43-44cb-822b-63a12337bb6f:t2, leader=null, voted=306f7091-fd43-44cb-822b-63a12337bb6f, raftlog=306f7091-fd43-44cb-822b-63a12337bb6f-SegmentedRaftLog:OPENED:c-1,f-1,i0, conf=-1: [af967e59-4194-4ca7-b6c8-8e0983d32eae:192.168.5.153:38797, a94f35c6-e7cd-44f4-9fc5-5bedbc811dcb:192.168.5.153:36627, 306f7091-fd43-44cb-822b-63a12337bb6f:192.168.5.153:42255], old=null
2019-09-04 10:54:55,032 [grpc-default-executor-5] INFO  impl.RaftServerImpl (ServerState.java:setLeader(263)) - af967e59-4194-4ca7-b6c8-8e0983d32eae:group-EA9A34BEEC33 change Leader from null to a94f35c6-e7cd-44f4-9fc5-5bedbc811dcb at term 2 for appendEntries, leader elected after 12663ms
2019-09-04 10:54:55,032 [306f7091-fd43-44cb-822b-63a12337bb6f:group-D8B2F8BCBE85:LeaderElection18] INFO  impl.RoleInfo (RoleInfo.java:shutdownLeaderElection(134)) - 306f7091-fd43-44cb-822b-63a12337bb6f: shutdown LeaderElection
2019-09-04 10:54:55,035 [grpc-default-executor-1] INFO  impl.RaftServerImpl (ServerState.java:setLeader(263)) - 306f7091-fd43-44cb-822b-63a12337bb6f:group-EA9A34BEEC33 change Leader from null to a94f35c6-e7cd-44f4-9fc5-5bedbc811dcb at term 2 for appendEntries, leader elected after 12666ms
2019-09-04 10:54:55,035 [306f7091-fd43-44cb-822b-63a12337bb6f:group-D8B2F8BCBE85:LeaderElection18] INFO  impl.RaftServerImpl (RaftServerImpl.java:setRole(171)) - 306f7091-fd43-44cb-822b-63a12337bb6f:group-D8B2F8BCBE85 changes role from CANDIDATE to LEADER at term 2 for changeToLeader
2019-09-04 10:54:55,035 [a94f35c6-e7cd-44f4-9fc5-5bedbc811dcb:group-D8B2F8BCBE85:LeaderElection17] INFO  impl.LeaderElection (LeaderElection.java:logAndReturn(56)) - a94f35c6-e7cd-44f4-9fc5-5bedbc811dcb:group-D8B2F8BCBE85:LeaderElection17: Election REJECTED; received 2 response(s) [a94f35c6-e7cd-44f4-9fc5-5bedbc811dcb<-af967e59-4194-4ca7-b6c8-8e0983d32eae#0:FAIL-t2, a94f35c6-e7cd-44f4-9fc5-5bedbc811dcb<-306f7091-fd43-44cb-822b-63a12337bb6f#0:FAIL-t2] and 0 exception(s); a94f35c6-e7cd-44f4-9fc5-5bedbc811dcb:t2, leader=null, voted=a94f35c6-e7cd-44f4-9fc5-5bedbc811dcb, raftlog=a94f35c6-e7cd-44f4-9fc5-5bedbc811dcb-SegmentedRaftLog:OPENED:c-1,f-1,i0, conf=-1: [af967e59-4194-4ca7-b6c8-8e0983d32eae:192.168.5.153:38797, a94f35c6-e7cd-44f4-9fc5-5bedbc811dcb:192.168.5.153:36627, 306f7091-fd43-44cb-822b-63a12337bb6f:192.168.5.153:42255], old=null
2019-09-04 10:54:55,035 [306f7091-fd43-44cb-822b-63a12337bb6f:group-D8B2F8BCBE85:LeaderElection18] INFO  impl.RaftServerImpl (ServerState.java:setLeader(263)) - 306f7091-fd43-44cb-822b-63a12337bb6f:group-D8B2F8BCBE85 change Leader from null to 306f7091-fd43-44cb-822b-63a12337bb6f at term 2 for becomeLeader, leader elected after 12228ms
2019-09-04 10:54:55,035 [a94f35c6-e7cd-44f4-9fc5-5bedbc811dcb:group-D8B2F8BCBE85:LeaderElection17] INFO  impl.RaftServerImpl (RaftServerImpl.java:setRole(171)) - a94f35c6-e7cd-44f4-9fc5-5bedbc811dcb:group-D8B2F8BCBE85 changes role from CANDIDATE to FOLLOWER at term 2 for DISCOVERED_A_NEW_TERM
2019-09-04 10:54:55,037 [306f7091-fd43-44cb-822b-63a12337bb6f:group-D8B2F8BCBE85:LeaderElection18] INFO  server.RaftServerConfigKeys (ConfUtils.java:logGet(43)) - raft.server.staging.catchup.gap = 1000 (default)
2019-09-04 10:54:55,037 [a94f35c6-e7cd-44f4-9fc5-5bedbc811dcb:group-D8B2F8BCBE85:LeaderElection17] INFO  impl.RoleInfo (RoleInfo.java:shutdownLeaderElection(134)) - a94f35c6-e7cd-44f4-9fc5-5bedbc811dcb: shutdown LeaderElection
2019-09-04 10:54:55,040 [306f7091-fd43-44cb-822b-63a12337bb6f:group-D8B2F8BCBE85:LeaderElection18] INFO  server.RaftServerConfigKeys (ConfUtils.java:logGet(43)) - raft.server.rpc.sleep.time = 25ms (default)
2019-09-04 10:54:55,040 [a94f35c6-e7cd-44f4-9fc5-5bedbc811dcb:group-D8B2F8BCBE85:LeaderElection17] INFO  impl.RoleInfo (RoleInfo.java:updateAndGet(143)) - a94f35c6-e7cd-44f4-9fc5-5bedbc811dcb: start FollowerState
2019-09-04 10:54:55,040 [306f7091-fd43-44cb-822b-63a12337bb6f:group-D8B2F8BCBE85:LeaderElection18] INFO  server.RaftServerConfigKeys (ConfUtils.java:logGet(43)) - raft.server.write.element-limit = 4096 (default)
2019-09-04 10:54:55,043 [306f7091-fd43-44cb-822b-63a12337bb6f:group-D8B2F8BCBE85:LeaderElection18] INFO  server.RaftServerConfigKeys (ConfUtils.java:logGet(43)) - raft.server.watch.timeout = 10s (default)
2019-09-04 10:54:55,043 [306f7091-fd43-44cb-822b-63a12337bb6f:group-D8B2F8BCBE85:LeaderElection18] INFO  server.RaftServerConfigKeys (ConfUtils.java:logGet(43)) - raft.server.watch.timeout.denomination = 1s (default)
2019-09-04 10:54:55,043 [306f7091-fd43-44cb-822b-63a12337bb6f:group-D8B2F8BCBE85:LeaderElection18] INFO  server.RaftServerConfigKeys (ConfUtils.java:logGet(43)) - raft.server.watch.element-limit = 65536 (default)
2019-09-04 10:54:55,043 [306f7091-fd43-44cb-822b-63a12337bb6f:group-D8B2F8BCBE85:LeaderElection18] INFO  server.RaftServerConfigKeys (ConfUtils.java:logGet(43)) - raft.server.log.appender.snapshot.chunk.size.max = 16MB (=16777216) (default)
2019-09-04 10:54:55,043 [306f7091-fd43-44cb-822b-63a12337bb6f:group-D8B2F8BCBE85:LeaderElection18] INFO  server.RaftServerConfigKeys (ConfUtils.java:logGet(43)) - raft.server.log.appender.buffer.byte-limit = 33554432 (custom)
2019-09-04 10:54:55,044 [306f7091-fd43-44cb-822b-63a12337bb6f:group-D8B2F8BCBE85:LeaderElection18] INFO  server.RaftServerConfigKeys (ConfUtils.java:logGet(43)) - raft.server.log.appender.buffer.element-limit = 1 (custom)
2019-09-04 10:54:55,044 [306f7091-fd43-44cb-822b-63a12337bb6f:group-D8B2F8BCBE85:LeaderElection18] INFO  grpc.GrpcConfigKeys$Server (ConfUtils.java:logGet(43)) - raft.grpc.server.leader.outstanding.appends.max = 128 (default)
2019-09-04 10:54:55,044 [306f7091-fd43-44cb-822b-63a12337bb6f:group-D8B2F8BCBE85:LeaderElection18] INFO  server.RaftServerConfigKeys (ConfUtils.java:logGet(43)) - raft.server.rpc.request.timeout = 3000ms (default)
2019-09-04 10:54:55,045 [306f7091-fd43-44cb-822b-63a12337bb6f:group-D8B2F8BCBE85:LeaderElection18] INFO  server.RaftServerConfigKeys (ConfUtils.java:logGet(43)) - raft.server.log.appender.install.snapshot.enabled = false (custom)
2019-09-04 10:54:55,045 [grpc-default-executor-5] INFO  impl.RaftServerImpl (ServerState.java:setRaftConf(361)) - af967e59-4194-4ca7-b6c8-8e0983d32eae:group-EA9A34BEEC33 set configuration 0: [af967e59-4194-4ca7-b6c8-8e0983d32eae:192.168.5.153:38797, a94f35c6-e7cd-44f4-9fc5-5bedbc811dcb:192.168.5.153:36627, 306f7091-fd43-44cb-822b-63a12337bb6f:192.168.5.153:42255], old=null at 0
2019-09-04 10:54:55,045 [grpc-default-executor-1] INFO  impl.RaftServerImpl (ServerState.java:setRaftConf(361)) - 306f7091-fd43-44cb-822b-63a12337bb6f:group-EA9A34BEEC33 set configuration 0: [af967e59-4194-4ca7-b6c8-8e0983d32eae:192.168.5.153:38797, a94f35c6-e7cd-44f4-9fc5-5bedbc811dcb:192.168.5.153:36627, 306f7091-fd43-44cb-822b-63a12337bb6f:192.168.5.153:42255], old=null at 0
2019-09-04 10:54:55,045 [306f7091-fd43-44cb-822b-63a12337bb6f:group-D8B2F8BCBE85:LeaderElection18] INFO  server.RaftServerConfigKeys (ConfUtils.java:logGet(43)) - raft.server.log.appender.snapshot.chunk.size.max = 16MB (=16777216) (default)
2019-09-04 10:54:55,046 [grpc-default-executor-1] INFO  segmented.SegmentedRaftLogWorker (SegmentedRaftLogWorker.java:startLogSegment(380)) - 306f7091-fd43-44cb-822b-63a12337bb6f-SegmentedRaftLogWorker:Storage Directory /workdir/hadoop-ozone/integration-test/target/test-dir/MiniOzoneClusterImpl-ef69ce0e-7233-4eeb-a967-488b402a98c8/datanode-3/data/ratis/da25b56d-8bb5-432e-8aed-ea9a34beec33: Starting segment from index:0
2019-09-04 10:54:55,045 [grpc-default-executor-5] INFO  segmented.SegmentedRaftLogWorker (SegmentedRaftLogWorker.java:startLogSegment(380)) - af967e59-4194-4ca7-b6c8-8e0983d32eae-SegmentedRaftLogWorker:Storage Directory /workdir/hadoop-ozone/integration-test/target/test-dir/MiniOzoneClusterImpl-ef69ce0e-7233-4eeb-a967-488b402a98c8/datanode-6/data/ratis/da25b56d-8bb5-432e-8aed-ea9a34beec33: Starting segment from index:0
2019-09-04 10:54:55,046 [306f7091-fd43-44cb-822b-63a12337bb6f:group-D8B2F8BCBE85:LeaderElection18] INFO  server.RaftServerConfigKeys (ConfUtils.java:logGet(43)) - raft.server.log.appender.buffer.byte-limit = 33554432 (custom)
2019-09-04 10:54:55,048 [306f7091-fd43-44cb-822b-63a12337bb6f:group-D8B2F8BCBE85:LeaderElection18] INFO  server.RaftServerConfigKeys (ConfUtils.java:logGet(43)) - raft.server.log.appender.buffer.element-limit = 1 (custom)
2019-09-04 10:54:55,048 [a94f35c6-e7cd-44f4-9fc5-5bedbc811dcb-SegmentedRaftLogWorker:Storage Directory /workdir/hadoop-ozone/integration-test/target/test-dir/MiniOzoneClusterImpl-ef69ce0e-7233-4eeb-a967-488b402a98c8/datanode-1/data/ratis/da25b56d-8bb5-432e-8aed-ea9a34beec33] INFO  segmented.SegmentedRaftLogWorker (SegmentedRaftLogWorker.java:execute(569)) - a94f35c6-e7cd-44f4-9fc5-5bedbc811dcb-SegmentedRaftLogWorker:Storage Directory /workdir/hadoop-ozone/integration-test/target/test-dir/MiniOzoneClusterImpl-ef69ce0e-7233-4eeb-a967-488b402a98c8/datanode-1/data/ratis/da25b56d-8bb5-432e-8aed-ea9a34beec33: created new log segment /workdir/hadoop-ozone/integration-test/target/test-dir/MiniOzoneClusterImpl-ef69ce0e-7233-4eeb-a967-488b402a98c8/datanode-1/data/ratis/da25b56d-8bb5-432e-8aed-ea9a34beec33/current/log_inprogress_0
2019-09-04 10:54:55,048 [306f7091-fd43-44cb-822b-63a12337bb6f:group-D8B2F8BCBE85:LeaderElection18] INFO  grpc.GrpcConfigKeys$Server (ConfUtils.java:logGet(43)) - raft.grpc.server.leader.outstanding.appends.max = 128 (default)
2019-09-04 10:54:55,049 [306f7091-fd43-44cb-822b-63a12337bb6f:group-D8B2F8BCBE85:LeaderElection18] INFO  server.RaftServerConfigKeys (ConfUtils.java:logGet(43)) - raft.server.rpc.request.timeout = 3000ms (default)
2019-09-04 10:54:55,049 [306f7091-fd43-44cb-822b-63a12337bb6f:group-D8B2F8BCBE85:LeaderElection18] INFO  server.RaftServerConfigKeys (ConfUtils.java:logGet(43)) - raft.server.log.appender.install.snapshot.enabled = false (custom)
2019-09-04 10:54:55,049 [306f7091-fd43-44cb-822b-63a12337bb6f:group-D8B2F8BCBE85:LeaderElection18] INFO  impl.RoleInfo (RoleInfo.java:updateAndGet(143)) - 306f7091-fd43-44cb-822b-63a12337bb6f: start LeaderState
2019-09-04 10:54:55,049 [306f7091-fd43-44cb-822b-63a12337bb6f:group-D8B2F8BCBE85:LeaderElection18] INFO  segmented.SegmentedRaftLogWorker (SegmentedRaftLogWorker.java:startLogSegment(380)) - 306f7091-fd43-44cb-822b-63a12337bb6f-SegmentedRaftLogWorker:Storage Directory /workdir/hadoop-ozone/integration-test/target/test-dir/MiniOzoneClusterImpl-ef69ce0e-7233-4eeb-a967-488b402a98c8/datanode-3/data/ratis/27e97680-5d69-47b8-82a7-d8b2f8bcbe85: Starting segment from index:0
2019-09-04 10:54:55,050 [306f7091-fd43-44cb-822b-63a12337bb6f:group-D8B2F8BCBE85:LeaderElection18] INFO  impl.RaftServerImpl (ServerState.java:setRaftConf(361)) - 306f7091-fd43-44cb-822b-63a12337bb6f:group-D8B2F8BCBE85 set configuration 0: [af967e59-4194-4ca7-b6c8-8e0983d32eae:192.168.5.153:38797, a94f35c6-e7cd-44f4-9fc5-5bedbc811dcb:192.168.5.153:36627, 306f7091-fd43-44cb-822b-63a12337bb6f:192.168.5.153:42255], old=null at 0
2019-09-04 10:54:55,086 [Thread-352] INFO  impl.FollowerState (FollowerState.java:run(106)) - a94f35c6-e7cd-44f4-9fc5-5bedbc811dcb:group-F92D3B33CAEB changes to CANDIDATE, lastRpcTime:5223, electionTimeout:5197ms
2019-09-04 10:54:55,086 [Thread-352] INFO  impl.RoleInfo (RoleInfo.java:shutdownFollowerState(121)) - a94f35c6-e7cd-44f4-9fc5-5bedbc811dcb: shutdown FollowerState
2019-09-04 10:54:55,086 [af967e59-4194-4ca7-b6c8-8e0983d32eae:group-F92D3B33CAEB:LeaderElection19] INFO  impl.LeaderElection (LeaderElection.java:askForVotes(181)) - af967e59-4194-4ca7-b6c8-8e0983d32eae:group-F92D3B33CAEB:LeaderElection19: begin an election at term 2 for -1: [af967e59-4194-4ca7-b6c8-8e0983d32eae:192.168.5.153:38797, a94f35c6-e7cd-44f4-9fc5-5bedbc811dcb:192.168.5.153:36627, 306f7091-fd43-44cb-822b-63a12337bb6f:192.168.5.153:42255], old=null
2019-09-04 10:54:55,086 [Thread-352] INFO  impl.RaftServerImpl (RaftServerImpl.java:setRole(171)) - a94f35c6-e7cd-44f4-9fc5-5bedbc811dcb:group-F92D3B33CAEB changes role from FOLLOWER to CANDIDATE at term 1 for changeToCandidate
2019-09-04 10:54:55,086 [306f7091-fd43-44cb-822b-63a12337bb6f:group-F92D3B33CAEB:LeaderElection20] INFO  impl.LeaderElection (LeaderElection.java:askForVotes(181)) - 306f7091-fd43-44cb-822b-63a12337bb6f:group-F92D3B33CAEB:LeaderElection20: begin an election at term 2 for -1: [af967e59-4194-4ca7-b6c8-8e0983d32eae:192.168.5.153:38797, a94f35c6-e7cd-44f4-9fc5-5bedbc811dcb:192.168.5.153:36627, 306f7091-fd43-44cb-822b-63a12337bb6f:192.168.5.153:42255], old=null
2019-09-04 10:54:55,087 [Thread-352] INFO  impl.RoleInfo (RoleInfo.java:updateAndGet(143)) - a94f35c6-e7cd-44f4-9fc5-5bedbc811dcb: start LeaderElection
2019-09-04 10:54:55,090 [grpc-default-executor-1] INFO  impl.RaftServerImpl (ServerState.java:setLeader(263)) - a94f35c6-e7cd-44f4-9fc5-5bedbc811dcb:group-D8B2F8BCBE85 change Leader from null to 306f7091-fd43-44cb-822b-63a12337bb6f at term 2 for appendEntries, leader elected after 12283ms
2019-09-04 10:54:55,090 [grpc-default-executor-5] INFO  impl.RaftServerImpl (ServerState.java:setLeader(263)) - af967e59-4194-4ca7-b6c8-8e0983d32eae:group-D8B2F8BCBE85 change Leader from null to 306f7091-fd43-44cb-822b-63a12337bb6f at term 2 for appendEntries, leader elected after 12235ms
2019-09-04 10:54:55,097 [grpc-default-executor-4] INFO  impl.RaftServerImpl (ServerState.java:setRaftConf(361)) - a94f35c6-e7cd-44f4-9fc5-5bedbc811dcb:group-D8B2F8BCBE85 set configuration 0: [af967e59-4194-4ca7-b6c8-8e0983d32eae:192.168.5.153:38797, a94f35c6-e7cd-44f4-9fc5-5bedbc811dcb:192.168.5.153:36627, 306f7091-fd43-44cb-822b-63a12337bb6f:192.168.5.153:42255], old=null at 0
2019-09-04 10:54:55,097 [grpc-default-executor-4] INFO  segmented.SegmentedRaftLogWorker (SegmentedRaftLogWorker.java:startLogSegment(380)) - a94f35c6-e7cd-44f4-9fc5-5bedbc811dcb-SegmentedRaftLogWorker:Storage Directory /workdir/hadoop-ozone/integration-test/target/test-dir/MiniOzoneClusterImpl-ef69ce0e-7233-4eeb-a967-488b402a98c8/datanode-1/data/ratis/27e97680-5d69-47b8-82a7-d8b2f8bcbe85: Starting segment from index:0
2019-09-04 10:54:55,097 [grpc-default-executor-5] INFO  impl.RaftServerImpl (ServerState.java:setRaftConf(361)) - af967e59-4194-4ca7-b6c8-8e0983d32eae:group-D8B2F8BCBE85 set configuration 0: [af967e59-4194-4ca7-b6c8-8e0983d32eae:192.168.5.153:38797, a94f35c6-e7cd-44f4-9fc5-5bedbc811dcb:192.168.5.153:36627, 306f7091-fd43-44cb-822b-63a12337bb6f:192.168.5.153:42255], old=null at 0
2019-09-04 10:54:55,098 [grpc-default-executor-5] INFO  segmented.SegmentedRaftLogWorker (SegmentedRaftLogWorker.java:startLogSegment(380)) - af967e59-4194-4ca7-b6c8-8e0983d32eae-SegmentedRaftLogWorker:Storage Directory /workdir/hadoop-ozone/integration-test/target/test-dir/MiniOzoneClusterImpl-ef69ce0e-7233-4eeb-a967-488b402a98c8/datanode-6/data/ratis/27e97680-5d69-47b8-82a7-d8b2f8bcbe85: Starting segment from index:0
2019-09-04 10:54:55,099 [306f7091-fd43-44cb-822b-63a12337bb6f-SegmentedRaftLogWorker:Storage Directory /workdir/hadoop-ozone/integration-test/target/test-dir/MiniOzoneClusterImpl-ef69ce0e-7233-4eeb-a967-488b402a98c8/datanode-3/data/ratis/da25b56d-8bb5-432e-8aed-ea9a34beec33] INFO  segmented.SegmentedRaftLogWorker (SegmentedRaftLogWorker.java:execute(569)) - 306f7091-fd43-44cb-822b-63a12337bb6f-SegmentedRaftLogWorker:Storage Directory /workdir/hadoop-ozone/integration-test/target/test-dir/MiniOzoneClusterImpl-ef69ce0e-7233-4eeb-a967-488b402a98c8/datanode-3/data/ratis/da25b56d-8bb5-432e-8aed-ea9a34beec33: created new log segment /workdir/hadoop-ozone/integration-test/target/test-dir/MiniOzoneClusterImpl-ef69ce0e-7233-4eeb-a967-488b402a98c8/datanode-3/data/ratis/da25b56d-8bb5-432e-8aed-ea9a34beec33/current/log_inprogress_0
2019-09-04 10:54:55,099 [af967e59-4194-4ca7-b6c8-8e0983d32eae-SegmentedRaftLogWorker:Storage Directory /workdir/hadoop-ozone/integration-test/target/test-dir/MiniOzoneClusterImpl-ef69ce0e-7233-4eeb-a967-488b402a98c8/datanode-6/data/ratis/da25b56d-8bb5-432e-8aed-ea9a34beec33] INFO  segmented.SegmentedRaftLogWorker (SegmentedRaftLogWorker.java:execute(569)) - af967e59-4194-4ca7-b6c8-8e0983d32eae-SegmentedRaftLogWorker:Storage Directory /workdir/hadoop-ozone/integration-test/target/test-dir/MiniOzoneClusterImpl-ef69ce0e-7233-4eeb-a967-488b402a98c8/datanode-6/data/ratis/da25b56d-8bb5-432e-8aed-ea9a34beec33: created new log segment /workdir/hadoop-ozone/integration-test/target/test-dir/MiniOzoneClusterImpl-ef69ce0e-7233-4eeb-a967-488b402a98c8/datanode-6/data/ratis/da25b56d-8bb5-432e-8aed-ea9a34beec33/current/log_inprogress_0
2019-09-04 10:54:55,099 [306f7091-fd43-44cb-822b-63a12337bb6f-SegmentedRaftLogWorker:Storage Directory /workdir/hadoop-ozone/integration-test/target/test-dir/MiniOzoneClusterImpl-ef69ce0e-7233-4eeb-a967-488b402a98c8/datanode-3/data/ratis/27e97680-5d69-47b8-82a7-d8b2f8bcbe85] INFO  segmented.SegmentedRaftLogWorker (SegmentedRaftLogWorker.java:execute(569)) - 306f7091-fd43-44cb-822b-63a12337bb6f-SegmentedRaftLogWorker:Storage Directory /workdir/hadoop-ozone/integration-test/target/test-dir/MiniOzoneClusterImpl-ef69ce0e-7233-4eeb-a967-488b402a98c8/datanode-3/data/ratis/27e97680-5d69-47b8-82a7-d8b2f8bcbe85: created new log segment /workdir/hadoop-ozone/integration-test/target/test-dir/MiniOzoneClusterImpl-ef69ce0e-7233-4eeb-a967-488b402a98c8/datanode-3/data/ratis/27e97680-5d69-47b8-82a7-d8b2f8bcbe85/current/log_inprogress_0
2019-09-04 10:54:55,102 [a94f35c6-e7cd-44f4-9fc5-5bedbc811dcb:group-F92D3B33CAEB:LeaderElection21] INFO  impl.LeaderElection (LeaderElection.java:askForVotes(181)) - a94f35c6-e7cd-44f4-9fc5-5bedbc811dcb:group-F92D3B33CAEB:LeaderElection21: begin an election at term 2 for -1: [af967e59-4194-4ca7-b6c8-8e0983d32eae:192.168.5.153:38797, a94f35c6-e7cd-44f4-9fc5-5bedbc811dcb:192.168.5.153:36627, 306f7091-fd43-44cb-822b-63a12337bb6f:192.168.5.153:42255], old=null
2019-09-04 10:54:55,103 [306f7091-fd43-44cb-822b-63a12337bb6f:group-F92D3B33CAEB:LeaderElection20] INFO  impl.LeaderElection (LeaderElection.java:logAndReturn(56)) - 306f7091-fd43-44cb-822b-63a12337bb6f:group-F92D3B33CAEB:LeaderElection20: Election REJECTED; received 2 response(s) [306f7091-fd43-44cb-822b-63a12337bb6f<-af967e59-4194-4ca7-b6c8-8e0983d32eae#0:FAIL-t2, 306f7091-fd43-44cb-822b-63a12337bb6f<-a94f35c6-e7cd-44f4-9fc5-5bedbc811dcb#0:FAIL-t2] and 0 exception(s); 306f7091-fd43-44cb-822b-63a12337bb6f:t2, leader=null, voted=306f7091-fd43-44cb-822b-63a12337bb6f, raftlog=306f7091-fd43-44cb-822b-63a12337bb6f-SegmentedRaftLog:OPENED:c-1,f-1,i0, conf=-1: [af967e59-4194-4ca7-b6c8-8e0983d32eae:192.168.5.153:38797, a94f35c6-e7cd-44f4-9fc5-5bedbc811dcb:192.168.5.153:36627, 306f7091-fd43-44cb-822b-63a12337bb6f:192.168.5.153:42255], old=null
2019-09-04 10:54:55,103 [306f7091-fd43-44cb-822b-63a12337bb6f:group-F92D3B33CAEB:LeaderElection20] INFO  impl.RaftServerImpl (RaftServerImpl.java:setRole(171)) - 306f7091-fd43-44cb-822b-63a12337bb6f:group-F92D3B33CAEB changes role from CANDIDATE to FOLLOWER at term 2 for DISCOVERED_A_NEW_TERM
2019-09-04 10:54:55,103 [af967e59-4194-4ca7-b6c8-8e0983d32eae:group-F92D3B33CAEB:LeaderElection19] INFO  impl.LeaderElection (LeaderElection.java:logAndReturn(56)) - af967e59-4194-4ca7-b6c8-8e0983d32eae:group-F92D3B33CAEB:LeaderElection19: Election REJECTED; received 2 response(s) [af967e59-4194-4ca7-b6c8-8e0983d32eae<-306f7091-fd43-44cb-822b-63a12337bb6f#0:FAIL-t2, af967e59-4194-4ca7-b6c8-8e0983d32eae<-a94f35c6-e7cd-44f4-9fc5-5bedbc811dcb#0:FAIL-t2] and 0 exception(s); af967e59-4194-4ca7-b6c8-8e0983d32eae:t2, leader=null, voted=af967e59-4194-4ca7-b6c8-8e0983d32eae, raftlog=af967e59-4194-4ca7-b6c8-8e0983d32eae-SegmentedRaftLog:OPENED:c-1,f-1,i0, conf=-1: [af967e59-4194-4ca7-b6c8-8e0983d32eae:192.168.5.153:38797, a94f35c6-e7cd-44f4-9fc5-5bedbc811dcb:192.168.5.153:36627, 306f7091-fd43-44cb-822b-63a12337bb6f:192.168.5.153:42255], old=null
2019-09-04 10:54:55,138 [306f7091-fd43-44cb-822b-63a12337bb6f:group-F92D3B33CAEB:LeaderElection20] INFO  impl.RoleInfo (RoleInfo.java:shutdownLeaderElection(134)) - 306f7091-fd43-44cb-822b-63a12337bb6f: shutdown LeaderElection
2019-09-04 10:54:55,139 [af967e59-4194-4ca7-b6c8-8e0983d32eae:group-F92D3B33CAEB:LeaderElection19] INFO  impl.RaftServerImpl (RaftServerImpl.java:setRole(171)) - af967e59-4194-4ca7-b6c8-8e0983d32eae:group-F92D3B33CAEB changes role from CANDIDATE to FOLLOWER at term 2 for DISCOVERED_A_NEW_TERM
2019-09-04 10:54:55,141 [af967e59-4194-4ca7-b6c8-8e0983d32eae:group-F92D3B33CAEB:LeaderElection19] INFO  impl.RoleInfo (RoleInfo.java:shutdownLeaderElection(134)) - af967e59-4194-4ca7-b6c8-8e0983d32eae: shutdown LeaderElection
2019-09-04 10:54:55,141 [306f7091-fd43-44cb-822b-63a12337bb6f:group-F92D3B33CAEB:LeaderElection20] INFO  impl.RoleInfo (RoleInfo.java:updateAndGet(143)) - 306f7091-fd43-44cb-822b-63a12337bb6f: start FollowerState
2019-09-04 10:54:55,141 [af967e59-4194-4ca7-b6c8-8e0983d32eae:group-F92D3B33CAEB:LeaderElection19] INFO  impl.RoleInfo (RoleInfo.java:updateAndGet(143)) - af967e59-4194-4ca7-b6c8-8e0983d32eae: start FollowerState
2019-09-04 10:54:55,147 [a94f35c6-e7cd-44f4-9fc5-5bedbc811dcb:group-F92D3B33CAEB:LeaderElection21] INFO  impl.LeaderElection (LeaderElection.java:logAndReturn(56)) - a94f35c6-e7cd-44f4-9fc5-5bedbc811dcb:group-F92D3B33CAEB:LeaderElection21: Election REJECTED; received 2 response(s) [a94f35c6-e7cd-44f4-9fc5-5bedbc811dcb<-af967e59-4194-4ca7-b6c8-8e0983d32eae#0:FAIL-t2, a94f35c6-e7cd-44f4-9fc5-5bedbc811dcb<-306f7091-fd43-44cb-822b-63a12337bb6f#0:FAIL-t2] and 0 exception(s); a94f35c6-e7cd-44f4-9fc5-5bedbc811dcb:t2, leader=null, voted=a94f35c6-e7cd-44f4-9fc5-5bedbc811dcb, raftlog=a94f35c6-e7cd-44f4-9fc5-5bedbc811dcb-SegmentedRaftLog:OPENED:c-1,f-1,i0, conf=-1: [af967e59-4194-4ca7-b6c8-8e0983d32eae:192.168.5.153:38797, a94f35c6-e7cd-44f4-9fc5-5bedbc811dcb:192.168.5.153:36627, 306f7091-fd43-44cb-822b-63a12337bb6f:192.168.5.153:42255], old=null
2019-09-04 10:54:55,147 [a94f35c6-e7cd-44f4-9fc5-5bedbc811dcb:group-F92D3B33CAEB:LeaderElection21] INFO  impl.RaftServerImpl (RaftServerImpl.java:setRole(171)) - a94f35c6-e7cd-44f4-9fc5-5bedbc811dcb:group-F92D3B33CAEB changes role from CANDIDATE to FOLLOWER at term 2 for DISCOVERED_A_NEW_TERM
2019-09-04 10:54:55,148 [a94f35c6-e7cd-44f4-9fc5-5bedbc811dcb:group-F92D3B33CAEB:LeaderElection21] INFO  impl.RoleInfo (RoleInfo.java:shutdownLeaderElection(134)) - a94f35c6-e7cd-44f4-9fc5-5bedbc811dcb: shutdown LeaderElection
2019-09-04 10:54:55,161 [a94f35c6-e7cd-44f4-9fc5-5bedbc811dcb-SegmentedRaftLogWorker:Storage Directory /workdir/hadoop-ozone/integration-test/target/test-dir/MiniOzoneClusterImpl-ef69ce0e-7233-4eeb-a967-488b402a98c8/datanode-1/data/ratis/27e97680-5d69-47b8-82a7-d8b2f8bcbe85] INFO  segmented.SegmentedRaftLogWorker (SegmentedRaftLogWorker.java:execute(569)) - a94f35c6-e7cd-44f4-9fc5-5bedbc811dcb-SegmentedRaftLogWorker:Storage Directory /workdir/hadoop-ozone/integration-test/target/test-dir/MiniOzoneClusterImpl-ef69ce0e-7233-4eeb-a967-488b402a98c8/datanode-1/data/ratis/27e97680-5d69-47b8-82a7-d8b2f8bcbe85: created new log segment /workdir/hadoop-ozone/integration-test/target/test-dir/MiniOzoneClusterImpl-ef69ce0e-7233-4eeb-a967-488b402a98c8/datanode-1/data/ratis/27e97680-5d69-47b8-82a7-d8b2f8bcbe85/current/log_inprogress_0
2019-09-04 10:54:55,161 [a94f35c6-e7cd-44f4-9fc5-5bedbc811dcb:group-F92D3B33CAEB:LeaderElection21] INFO  impl.RoleInfo (RoleInfo.java:updateAndGet(143)) - a94f35c6-e7cd-44f4-9fc5-5bedbc811dcb: start FollowerState
2019-09-04 10:54:55,161 [af967e59-4194-4ca7-b6c8-8e0983d32eae-SegmentedRaftLogWorker:Storage Directory /workdir/hadoop-ozone/integration-test/target/test-dir/MiniOzoneClusterImpl-ef69ce0e-7233-4eeb-a967-488b402a98c8/datanode-6/data/ratis/27e97680-5d69-47b8-82a7-d8b2f8bcbe85] INFO  segmented.SegmentedRaftLogWorker (SegmentedRaftLogWorker.java:execute(569)) - af967e59-4194-4ca7-b6c8-8e0983d32eae-SegmentedRaftLogWorker:Storage Directory /workdir/hadoop-ozone/integration-test/target/test-dir/MiniOzoneClusterImpl-ef69ce0e-7233-4eeb-a967-488b402a98c8/datanode-6/data/ratis/27e97680-5d69-47b8-82a7-d8b2f8bcbe85: created new log segment /workdir/hadoop-ozone/integration-test/target/test-dir/MiniOzoneClusterImpl-ef69ce0e-7233-4eeb-a967-488b402a98c8/datanode-6/data/ratis/27e97680-5d69-47b8-82a7-d8b2f8bcbe85/current/log_inprogress_0
2019-09-04 10:54:55,819 [grpc-default-executor-5] INFO  client.GrpcClientProtocolClient (GrpcClientProtocolClient.java:onNext(255)) - client-B88B3A356146->306f7091-fd43-44cb-822b-63a12337bb6f: receive RaftClientReply:client-B88B3A356146->306f7091-fd43-44cb-822b-63a12337bb6f@group-D8B2F8BCBE85, cid=14, SUCCESS, logIndex=1, commits[306f7091-fd43-44cb-822b-63a12337bb6f:c1, af967e59-4194-4ca7-b6c8-8e0983d32eae:c0, a94f35c6-e7cd-44f4-9fc5-5bedbc811dcb:c0]
2019-09-04 10:54:55,842 [pool-56-thread-4] WARN  impl.ChunkManagerImpl (ChunkUtils.java:validateChunkForOverwrite(203)) - Duplicate write chunk request. Chunk overwrite without explicit request. ChunkInfo{chunkName='1567594482952.data.0, offset=0, len=1048576}
2019-09-04 10:54:55,843 [pool-56-thread-4] WARN  impl.ChunkManagerImpl (ChunkManagerImpl.java:writeChunk(111)) - ChunkFile already exists/workdir/hadoop-ozone/integration-test/target/test-dir/MiniOzoneClusterImpl-ef69ce0e-7233-4eeb-a967-488b402a98c8/datanode-3/data/containers/hdds/f4f9c430-cdab-4be1-884f-41c75a7eeb9d/current/containerDir0/1/chunks/1567594482952.data.0.Deleting it.
2019-09-04 10:54:55,858 [pool-86-thread-2] WARN  impl.ChunkManagerImpl (ChunkUtils.java:validateChunkForOverwrite(203)) - Duplicate write chunk request. Chunk overwrite without explicit request. ChunkInfo{chunkName='1567594482952.data.0, offset=0, len=1048576}
2019-09-04 10:54:55,861 [pool-86-thread-2] WARN  impl.ChunkManagerImpl (ChunkManagerImpl.java:writeChunk(111)) - ChunkFile already exists/workdir/hadoop-ozone/integration-test/target/test-dir/MiniOzoneClusterImpl-ef69ce0e-7233-4eeb-a967-488b402a98c8/datanode-6/data/containers/hdds/f4f9c430-cdab-4be1-884f-41c75a7eeb9d/current/containerDir0/1/chunks/1567594482952.data.0.Deleting it.
2019-09-04 10:54:55,861 [pool-36-thread-2] WARN  impl.ChunkManagerImpl (ChunkUtils.java:validateChunkForOverwrite(203)) - Duplicate write chunk request. Chunk overwrite without explicit request. ChunkInfo{chunkName='1567594482952.data.0, offset=0, len=1048576}
2019-09-04 10:54:55,861 [pool-36-thread-2] WARN  impl.ChunkManagerImpl (ChunkManagerImpl.java:writeChunk(111)) - ChunkFile already exists/workdir/hadoop-ozone/integration-test/target/test-dir/MiniOzoneClusterImpl-ef69ce0e-7233-4eeb-a967-488b402a98c8/datanode-1/data/containers/hdds/f4f9c430-cdab-4be1-884f-41c75a7eeb9d/current/containerDir0/1/chunks/1567594482952.data.0.Deleting it.
2019-09-04 10:54:56,013 [grpc-default-executor-5] INFO  client.GrpcClientProtocolClient (GrpcClientProtocolClient.java:onNext(255)) - client-B88B3A356146->306f7091-fd43-44cb-822b-63a12337bb6f: receive RaftClientReply:client-B88B3A356146->306f7091-fd43-44cb-822b-63a12337bb6f@group-D8B2F8BCBE85, cid=15, SUCCESS, logIndex=3, commits[306f7091-fd43-44cb-822b-63a12337bb6f:c7, af967e59-4194-4ca7-b6c8-8e0983d32eae:c4, a94f35c6-e7cd-44f4-9fc5-5bedbc811dcb:c4]
2019-09-04 10:54:56,015 [grpc-default-executor-5] INFO  client.GrpcClientProtocolClient (GrpcClientProtocolClient.java:onNext(255)) - client-B88B3A356146->306f7091-fd43-44cb-822b-63a12337bb6f: receive RaftClientReply:client-B88B3A356146->306f7091-fd43-44cb-822b-63a12337bb6f@group-D8B2F8BCBE85, cid=16, SUCCESS, logIndex=4, commits[306f7091-fd43-44cb-822b-63a12337bb6f:c7, af967e59-4194-4ca7-b6c8-8e0983d32eae:c4, a94f35c6-e7cd-44f4-9fc5-5bedbc811dcb:c4]
2019-09-04 10:54:56,054 [grpc-default-executor-5] INFO  client.GrpcClientProtocolClient (GrpcClientProtocolClient.java:onNext(255)) - client-B88B3A356146->306f7091-fd43-44cb-822b-63a12337bb6f: receive RaftClientReply:client-B88B3A356146->306f7091-fd43-44cb-822b-63a12337bb6f@group-D8B2F8BCBE85, cid=17, SUCCESS, logIndex=5, commits[306f7091-fd43-44cb-822b-63a12337bb6f:c7, af967e59-4194-4ca7-b6c8-8e0983d32eae:c4, a94f35c6-e7cd-44f4-9fc5-5bedbc811dcb:c4]
2019-09-04 10:54:56,781 [Datanode State Machine Thread - 0] INFO  statemachine.DatanodeStateMachine (DatanodeStateMachine.java:lambda$startDaemon$0(350)) - Ozone container server started.
2019-09-04 10:54:58,847 [EventQueue-StaleNodeForStaleNodeHandler] INFO  node.StaleNodeHandler (StaleNodeHandler.java:onMessage(58)) - Datanode af967e59-4194-4ca7-b6c8-8e0983d32eae{ip: 192.168.5.153, host: pr-hdds-1982-decom-states-67zng-3388626213, networkLocation: /default-rack, certSerialId: null} moved to stale state. Finalizing its pipelines [PipelineID=27e97680-5d69-47b8-82a7-d8b2f8bcbe85]
2019-09-04 10:54:58,848 [EventQueue-StaleNodeForStaleNodeHandler] INFO  pipeline.SCMPipelineManager (SCMPipelineManager.java:finalizeAndDestroyPipeline(311)) - destroying pipeline:Pipeline[ Id: 27e97680-5d69-47b8-82a7-d8b2f8bcbe85, Nodes: af967e59-4194-4ca7-b6c8-8e0983d32eae{ip: 192.168.5.153, host: pr-hdds-1982-decom-states-67zng-3388626213, networkLocation: /default-rack, certSerialId: null}a94f35c6-e7cd-44f4-9fc5-5bedbc811dcb{ip: 192.168.5.153, host: pr-hdds-1982-decom-states-67zng-3388626213, networkLocation: /default-rack, certSerialId: null}306f7091-fd43-44cb-822b-63a12337bb6f{ip: 192.168.5.153, host: pr-hdds-1982-decom-states-67zng-3388626213, networkLocation: /default-rack, certSerialId: null}, Type:RATIS, Factor:THREE, State:OPEN]
2019-09-04 10:54:58,850 [EventQueue-StaleNodeForStaleNodeHandler] INFO  pipeline.PipelineStateManager (PipelineStateManager.java:finalizePipeline(123)) - Pipeline Pipeline[ Id: 27e97680-5d69-47b8-82a7-d8b2f8bcbe85, Nodes: af967e59-4194-4ca7-b6c8-8e0983d32eae{ip: 192.168.5.153, host: pr-hdds-1982-decom-states-67zng-3388626213, networkLocation: /default-rack, certSerialId: null}a94f35c6-e7cd-44f4-9fc5-5bedbc811dcb{ip: 192.168.5.153, host: pr-hdds-1982-decom-states-67zng-3388626213, networkLocation: /default-rack, certSerialId: null}306f7091-fd43-44cb-822b-63a12337bb6f{ip: 192.168.5.153, host: pr-hdds-1982-decom-states-67zng-3388626213, networkLocation: /default-rack, certSerialId: null}, Type:RATIS, Factor:THREE, State:CLOSED] moved to CLOSED state
2019-09-04 10:54:58,851 [EventQueue-CloseContainerForCloseContainerEventHandler] INFO  container.CloseContainerEventHandler (CloseContainerEventHandler.java:onMessage(61)) - Close container Event triggered for container : #1
2019-09-04 10:55:00,217 [Thread-427] INFO  impl.FollowerState (FollowerState.java:run(106)) - af967e59-4194-4ca7-b6c8-8e0983d32eae:group-F92D3B33CAEB changes to CANDIDATE, lastRpcTime:5076, electionTimeout:5074ms
2019-09-04 10:55:00,217 [Thread-427] INFO  impl.RoleInfo (RoleInfo.java:shutdownFollowerState(121)) - af967e59-4194-4ca7-b6c8-8e0983d32eae: shutdown FollowerState
2019-09-04 10:55:00,217 [Thread-427] INFO  impl.RaftServerImpl (RaftServerImpl.java:setRole(171)) - af967e59-4194-4ca7-b6c8-8e0983d32eae:group-F92D3B33CAEB changes role from FOLLOWER to CANDIDATE at term 2 for changeToCandidate
2019-09-04 10:55:00,218 [Thread-427] INFO  impl.RoleInfo (RoleInfo.java:updateAndGet(143)) - af967e59-4194-4ca7-b6c8-8e0983d32eae: start LeaderElection
2019-09-04 10:55:00,229 [Thread-426] INFO  impl.FollowerState (FollowerState.java:run(106)) - 306f7091-fd43-44cb-822b-63a12337bb6f:group-F92D3B33CAEB changes to CANDIDATE, lastRpcTime:5088, electionTimeout:5086ms
2019-09-04 10:55:00,229 [Thread-426] INFO  impl.RoleInfo (RoleInfo.java:shutdownFollowerState(121)) - 306f7091-fd43-44cb-822b-63a12337bb6f: shutdown FollowerState
2019-09-04 10:55:00,229 [Thread-426] INFO  impl.RaftServerImpl (RaftServerImpl.java:setRole(171)) - 306f7091-fd43-44cb-822b-63a12337bb6f:group-F92D3B33CAEB changes role from FOLLOWER to CANDIDATE at term 2 for changeToCandidate
2019-09-04 10:55:00,230 [Thread-426] INFO  impl.RoleInfo (RoleInfo.java:updateAndGet(143)) - 306f7091-fd43-44cb-822b-63a12337bb6f: start LeaderElection
2019-09-04 10:55:00,235 [Thread-428] INFO  impl.FollowerState (FollowerState.java:run(106)) - a94f35c6-e7cd-44f4-9fc5-5bedbc811dcb:group-F92D3B33CAEB changes to CANDIDATE, lastRpcTime:5074, electionTimeout:5074ms
2019-09-04 10:55:00,236 [Thread-428] INFO  impl.RoleInfo (RoleInfo.java:shutdownFollowerState(121)) - a94f35c6-e7cd-44f4-9fc5-5bedbc811dcb: shutdown FollowerState
2019-09-04 10:55:00,236 [Thread-428] INFO  impl.RaftServerImpl (RaftServerImpl.java:setRole(171)) - a94f35c6-e7cd-44f4-9fc5-5bedbc811dcb:group-F92D3B33CAEB changes role from FOLLOWER to CANDIDATE at term 2 for changeToCandidate
2019-09-04 10:55:00,236 [Thread-428] INFO  impl.RoleInfo (RoleInfo.java:updateAndGet(143)) - a94f35c6-e7cd-44f4-9fc5-5bedbc811dcb: start LeaderElection
2019-09-04 10:55:00,251 [306f7091-fd43-44cb-822b-63a12337bb6f:group-F92D3B33CAEB:LeaderElection23] INFO  impl.LeaderElection (LeaderElection.java:askForVotes(181)) - 306f7091-fd43-44cb-822b-63a12337bb6f:group-F92D3B33CAEB:LeaderElection23: begin an election at term 3 for -1: [af967e59-4194-4ca7-b6c8-8e0983d32eae:192.168.5.153:38797, a94f35c6-e7cd-44f4-9fc5-5bedbc811dcb:192.168.5.153:36627, 306f7091-fd43-44cb-822b-63a12337bb6f:192.168.5.153:42255], old=null
2019-09-04 10:55:00,251 [af967e59-4194-4ca7-b6c8-8e0983d32eae:group-F92D3B33CAEB:LeaderElection22] INFO  impl.LeaderElection (LeaderElection.java:askForVotes(181)) - af967e59-4194-4ca7-b6c8-8e0983d32eae:group-F92D3B33CAEB:LeaderElection22: begin an election at term 3 for -1: [af967e59-4194-4ca7-b6c8-8e0983d32eae:192.168.5.153:38797, a94f35c6-e7cd-44f4-9fc5-5bedbc811dcb:192.168.5.153:36627, 306f7091-fd43-44cb-822b-63a12337bb6f:192.168.5.153:42255], old=null
2019-09-04 10:55:00,252 [a94f35c6-e7cd-44f4-9fc5-5bedbc811dcb:group-F92D3B33CAEB:LeaderElection24] INFO  impl.LeaderElection (LeaderElection.java:askForVotes(181)) - a94f35c6-e7cd-44f4-9fc5-5bedbc811dcb:group-F92D3B33CAEB:LeaderElection24: begin an election at term 3 for -1: [af967e59-4194-4ca7-b6c8-8e0983d32eae:192.168.5.153:38797, a94f35c6-e7cd-44f4-9fc5-5bedbc811dcb:192.168.5.153:36627, 306f7091-fd43-44cb-822b-63a12337bb6f:192.168.5.153:42255], old=null
2019-09-04 10:55:00,259 [306f7091-fd43-44cb-822b-63a12337bb6f:group-F92D3B33CAEB:LeaderElection23] INFO  impl.LeaderElection (LeaderElection.java:logAndReturn(56)) - 306f7091-fd43-44cb-822b-63a12337bb6f:group-F92D3B33CAEB:LeaderElection23: Election REJECTED; received 2 response(s) [306f7091-fd43-44cb-822b-63a12337bb6f<-af967e59-4194-4ca7-b6c8-8e0983d32eae#0:FAIL-t3, 306f7091-fd43-44cb-822b-63a12337bb6f<-a94f35c6-e7cd-44f4-9fc5-5bedbc811dcb#0:FAIL-t3] and 0 exception(s); 306f7091-fd43-44cb-822b-63a12337bb6f:t3, leader=null, voted=306f7091-fd43-44cb-822b-63a12337bb6f, raftlog=306f7091-fd43-44cb-822b-63a12337bb6f-SegmentedRaftLog:OPENED:c-1,f-1,i0, conf=-1: [af967e59-4194-4ca7-b6c8-8e0983d32eae:192.168.5.153:38797, a94f35c6-e7cd-44f4-9fc5-5bedbc811dcb:192.168.5.153:36627, 306f7091-fd43-44cb-822b-63a12337bb6f:192.168.5.153:42255], old=null
2019-09-04 10:55:00,259 [af967e59-4194-4ca7-b6c8-8e0983d32eae:group-F92D3B33CAEB:LeaderElection22] INFO  impl.LeaderElection (LeaderElection.java:logAndReturn(56)) - af967e59-4194-4ca7-b6c8-8e0983d32eae:group-F92D3B33CAEB:LeaderElection22: Election REJECTED; received 2 response(s) [af967e59-4194-4ca7-b6c8-8e0983d32eae<-306f7091-fd43-44cb-822b-63a12337bb6f#0:FAIL-t3, af967e59-4194-4ca7-b6c8-8e0983d32eae<-a94f35c6-e7cd-44f4-9fc5-5bedbc811dcb#0:FAIL-t3] and 0 exception(s); af967e59-4194-4ca7-b6c8-8e0983d32eae:t3, leader=null, voted=af967e59-4194-4ca7-b6c8-8e0983d32eae, raftlog=af967e59-4194-4ca7-b6c8-8e0983d32eae-SegmentedRaftLog:OPENED:c-1,f-1,i0, conf=-1: [af967e59-4194-4ca7-b6c8-8e0983d32eae:192.168.5.153:38797, a94f35c6-e7cd-44f4-9fc5-5bedbc811dcb:192.168.5.153:36627, 306f7091-fd43-44cb-822b-63a12337bb6f:192.168.5.153:42255], old=null
2019-09-04 10:55:00,260 [306f7091-fd43-44cb-822b-63a12337bb6f:group-F92D3B33CAEB:LeaderElection23] INFO  impl.RaftServerImpl (RaftServerImpl.java:setRole(171)) - 306f7091-fd43-44cb-822b-63a12337bb6f:group-F92D3B33CAEB changes role from CANDIDATE to FOLLOWER at term 3 for DISCOVERED_A_NEW_TERM
2019-09-04 10:55:00,260 [af967e59-4194-4ca7-b6c8-8e0983d32eae:group-F92D3B33CAEB:LeaderElection22] INFO  impl.RaftServerImpl (RaftServerImpl.java:setRole(171)) - af967e59-4194-4ca7-b6c8-8e0983d32eae:group-F92D3B33CAEB changes role from CANDIDATE to FOLLOWER at term 3 for DISCOVERED_A_NEW_TERM
2019-09-04 10:55:00,260 [306f7091-fd43-44cb-822b-63a12337bb6f:group-F92D3B33CAEB:LeaderElection23] INFO  impl.RoleInfo (RoleInfo.java:shutdownLeaderElection(134)) - 306f7091-fd43-44cb-822b-63a12337bb6f: shutdown LeaderElection
2019-09-04 10:55:00,260 [af967e59-4194-4ca7-b6c8-8e0983d32eae:group-F92D3B33CAEB:LeaderElection22] INFO  impl.RoleInfo (RoleInfo.java:shutdownLeaderElection(134)) - af967e59-4194-4ca7-b6c8-8e0983d32eae: shutdown LeaderElection
2019-09-04 10:55:00,260 [306f7091-fd43-44cb-822b-63a12337bb6f:group-F92D3B33CAEB:LeaderElection23] INFO  impl.RoleInfo (RoleInfo.java:updateAndGet(143)) - 306f7091-fd43-44cb-822b-63a12337bb6f: start FollowerState
2019-09-04 10:55:00,260 [a94f35c6-e7cd-44f4-9fc5-5bedbc811dcb:group-F92D3B33CAEB:LeaderElection24] INFO  impl.LeaderElection (LeaderElection.java:logAndReturn(56)) - a94f35c6-e7cd-44f4-9fc5-5bedbc811dcb:group-F92D3B33CAEB:LeaderElection24: Election REJECTED; received 2 response(s) [a94f35c6-e7cd-44f4-9fc5-5bedbc811dcb<-af967e59-4194-4ca7-b6c8-8e0983d32eae#0:FAIL-t3, a94f35c6-e7cd-44f4-9fc5-5bedbc811dcb<-306f7091-fd43-44cb-822b-63a12337bb6f#0:FAIL-t3] and 0 exception(s); a94f35c6-e7cd-44f4-9fc5-5bedbc811dcb:t3, leader=null, voted=a94f35c6-e7cd-44f4-9fc5-5bedbc811dcb, raftlog=a94f35c6-e7cd-44f4-9fc5-5bedbc811dcb-SegmentedRaftLog:OPENED:c-1,f-1,i0, conf=-1: [af967e59-4194-4ca7-b6c8-8e0983d32eae:192.168.5.153:38797, a94f35c6-e7cd-44f4-9fc5-5bedbc811dcb:192.168.5.153:36627, 306f7091-fd43-44cb-822b-63a12337bb6f:192.168.5.153:42255], old=null
2019-09-04 10:55:00,260 [af967e59-4194-4ca7-b6c8-8e0983d32eae:group-F92D3B33CAEB:LeaderElection22] INFO  impl.RoleInfo (RoleInfo.java:updateAndGet(143)) - af967e59-4194-4ca7-b6c8-8e0983d32eae: start FollowerState
2019-09-04 10:55:00,261 [a94f35c6-e7cd-44f4-9fc5-5bedbc811dcb:group-F92D3B33CAEB:LeaderElection24] INFO  impl.RaftServerImpl (RaftServerImpl.java:setRole(171)) - a94f35c6-e7cd-44f4-9fc5-5bedbc811dcb:group-F92D3B33CAEB changes role from CANDIDATE to FOLLOWER at term 3 for DISCOVERED_A_NEW_TERM
2019-09-04 10:55:00,261 [a94f35c6-e7cd-44f4-9fc5-5bedbc811dcb:group-F92D3B33CAEB:LeaderElection24] INFO  impl.RoleInfo (RoleInfo.java:shutdownLeaderElection(134)) - a94f35c6-e7cd-44f4-9fc5-5bedbc811dcb: shutdown LeaderElection
2019-09-04 10:55:00,261 [a94f35c6-e7cd-44f4-9fc5-5bedbc811dcb:group-F92D3B33CAEB:LeaderElection24] INFO  impl.RoleInfo (RoleInfo.java:updateAndGet(143)) - a94f35c6-e7cd-44f4-9fc5-5bedbc811dcb: start FollowerState
2019-09-04 10:55:01,060 [main] INFO  ozoneimpl.OzoneContainer (OzoneContainer.java:stop(215)) - Attempting to stop container services.
2019-09-04 10:55:01,062 [main] INFO  impl.RaftServerProxy (RaftServerProxy.java:lambda$close$4(314)) - af967e59-4194-4ca7-b6c8-8e0983d32eae: close
2019-09-04 10:55:01,064 [main] INFO  impl.RaftServerImpl (RaftServerImpl.java:lambda$shutdown$3(245)) - af967e59-4194-4ca7-b6c8-8e0983d32eae: shutdown group-D8B2F8BCBE85
2019-09-04 10:55:01,064 [ForkJoinPool.commonPool-worker-1] INFO  impl.RaftServerImpl (RaftServerImpl.java:lambda$shutdown$3(245)) - af967e59-4194-4ca7-b6c8-8e0983d32eae: shutdown group-305D90ED7D72
2019-09-04 10:55:01,065 [main] INFO  util.JmxRegister (JmxRegister.java:unregister(73)) - Successfully un-registered JMX Bean with object name Ratis:service=RaftServer,group=group-D8B2F8BCBE85,id=af967e59-4194-4ca7-b6c8-8e0983d32eae
2019-09-04 10:55:01,065 [ForkJoinPool.commonPool-worker-1] INFO  util.JmxRegister (JmxRegister.java:unregister(73)) - Successfully un-registered JMX Bean with object name Ratis:service=RaftServer,group=group-305D90ED7D72,id=af967e59-4194-4ca7-b6c8-8e0983d32eae
2019-09-04 10:55:01,065 [main] INFO  impl.RoleInfo (RoleInfo.java:shutdownFollowerState(121)) - af967e59-4194-4ca7-b6c8-8e0983d32eae: shutdown FollowerState
2019-09-04 10:55:01,065 [ForkJoinPool.commonPool-worker-1] INFO  impl.RoleInfo (RoleInfo.java:shutdownFollowerState(121)) - af967e59-4194-4ca7-b6c8-8e0983d32eae: shutdown FollowerState
2019-09-04 10:55:01,066 [main] INFO  impl.StateMachineUpdater (StateMachineUpdater.java:stopAndJoin(115)) - StateMachineUpdater:af967e59-4194-4ca7-b6c8-8e0983d32eae:group-D8B2F8BCBE85: set stopIndex = 7
2019-09-04 10:55:01,069 [StateMachineUpdater:af967e59-4194-4ca7-b6c8-8e0983d32eae:group-D8B2F8BCBE85] INFO  ratis.ContainerStateMachine (ContainerStateMachine.java:takeSnapshot(284)) - group-D8B2F8BCBE85: Taking a snapshot at:(t:2, i:7) file /workdir/hadoop-ozone/integration-test/target/test-dir/MiniOzoneClusterImpl-ef69ce0e-7233-4eeb-a967-488b402a98c8/datanode-6/data/ratis/27e97680-5d69-47b8-82a7-d8b2f8bcbe85/sm/snapshot.2_7
2019-09-04 10:55:01,069 [Thread-373] INFO  impl.FollowerState (FollowerState.java:run(114)) - af967e59-4194-4ca7-b6c8-8e0983d32eae: FollowerState was interrupted: java.lang.InterruptedException: sleep interrupted
2019-09-04 10:55:01,066 [ForkJoinPool.commonPool-worker-1] INFO  impl.StateMachineUpdater (StateMachineUpdater.java:stopAndJoin(115)) - StateMachineUpdater:af967e59-4194-4ca7-b6c8-8e0983d32eae:group-305D90ED7D72: set stopIndex = 0
2019-09-04 10:55:01,066 [Thread-400] INFO  impl.FollowerState (FollowerState.java:run(114)) - af967e59-4194-4ca7-b6c8-8e0983d32eae: FollowerState was interrupted: java.lang.InterruptedException: sleep interrupted
2019-09-04 10:55:01,070 [ForkJoinPool.commonPool-worker-1] INFO  impl.RaftServerImpl (ServerState.java:close(394)) - af967e59-4194-4ca7-b6c8-8e0983d32eae:group-305D90ED7D72 closes. The last applied log index is 0
2019-09-04 10:55:01,074 [af967e59-4194-4ca7-b6c8-8e0983d32eae-SegmentedRaftLogWorker:Storage Directory /workdir/hadoop-ozone/integration-test/target/test-dir/MiniOzoneClusterImpl-ef69ce0e-7233-4eeb-a967-488b402a98c8/datanode-6/data/ratis/1dd8667d-5736-41dc-be65-305d90ed7d72] INFO  segmented.SegmentedRaftLogWorker (SegmentedRaftLogWorker.java:run(313)) - af967e59-4194-4ca7-b6c8-8e0983d32eae-SegmentedRaftLogWorker:Storage Directory /workdir/hadoop-ozone/integration-test/target/test-dir/MiniOzoneClusterImpl-ef69ce0e-7233-4eeb-a967-488b402a98c8/datanode-6/data/ratis/1dd8667d-5736-41dc-be65-305d90ed7d72 was interrupted, exiting. There are 0 tasks remaining in the queue.
2019-09-04 10:55:01,077 [ForkJoinPool.commonPool-worker-1] INFO  segmented.SegmentedRaftLogWorker (SegmentedRaftLogWorker.java:close(228)) - af967e59-4194-4ca7-b6c8-8e0983d32eae-SegmentedRaftLogWorker:Storage Directory /workdir/hadoop-ozone/integration-test/target/test-dir/MiniOzoneClusterImpl-ef69ce0e-7233-4eeb-a967-488b402a98c8/datanode-6/data/ratis/1dd8667d-5736-41dc-be65-305d90ed7d72 close()
2019-09-04 10:55:01,080 [ForkJoinPool.commonPool-worker-1] INFO  impl.RaftServerImpl (RaftServerImpl.java:lambda$shutdown$3(245)) - af967e59-4194-4ca7-b6c8-8e0983d32eae: shutdown group-EA9A34BEEC33
2019-09-04 10:55:01,081 [ForkJoinPool.commonPool-worker-1] INFO  util.JmxRegister (JmxRegister.java:unregister(73)) - Successfully un-registered JMX Bean with object name Ratis:service=RaftServer,group=group-EA9A34BEEC33,id=af967e59-4194-4ca7-b6c8-8e0983d32eae
2019-09-04 10:55:01,081 [ForkJoinPool.commonPool-worker-1] INFO  impl.RoleInfo (RoleInfo.java:shutdownFollowerState(121)) - af967e59-4194-4ca7-b6c8-8e0983d32eae: shutdown FollowerState
2019-09-04 10:55:01,081 [ForkJoinPool.commonPool-worker-1] INFO  impl.StateMachineUpdater (StateMachineUpdater.java:stopAndJoin(115)) - StateMachineUpdater:af967e59-4194-4ca7-b6c8-8e0983d32eae:group-EA9A34BEEC33: set stopIndex = 0
2019-09-04 10:55:01,081 [Thread-391] INFO  impl.FollowerState (FollowerState.java:run(114)) - af967e59-4194-4ca7-b6c8-8e0983d32eae: FollowerState was interrupted: java.lang.InterruptedException: sleep interrupted
2019-09-04 10:55:01,081 [ForkJoinPool.commonPool-worker-1] INFO  impl.RaftServerImpl (ServerState.java:close(394)) - af967e59-4194-4ca7-b6c8-8e0983d32eae:group-EA9A34BEEC33 closes. The last applied log index is 0
2019-09-04 10:55:01,082 [af967e59-4194-4ca7-b6c8-8e0983d32eae-SegmentedRaftLogWorker:Storage Directory /workdir/hadoop-ozone/integration-test/target/test-dir/MiniOzoneClusterImpl-ef69ce0e-7233-4eeb-a967-488b402a98c8/datanode-6/data/ratis/da25b56d-8bb5-432e-8aed-ea9a34beec33] INFO  segmented.SegmentedRaftLogWorker (SegmentedRaftLogWorker.java:run(313)) - af967e59-4194-4ca7-b6c8-8e0983d32eae-SegmentedRaftLogWorker:Storage Directory /workdir/hadoop-ozone/integration-test/target/test-dir/MiniOzoneClusterImpl-ef69ce0e-7233-4eeb-a967-488b402a98c8/datanode-6/data/ratis/da25b56d-8bb5-432e-8aed-ea9a34beec33 was interrupted, exiting. There are 0 tasks remaining in the queue.
2019-09-04 10:55:01,085 [ForkJoinPool.commonPool-worker-1] INFO  segmented.SegmentedRaftLogWorker (SegmentedRaftLogWorker.java:close(228)) - af967e59-4194-4ca7-b6c8-8e0983d32eae-SegmentedRaftLogWorker:Storage Directory /workdir/hadoop-ozone/integration-test/target/test-dir/MiniOzoneClusterImpl-ef69ce0e-7233-4eeb-a967-488b402a98c8/datanode-6/data/ratis/da25b56d-8bb5-432e-8aed-ea9a34beec33 close()
2019-09-04 10:55:01,088 [ForkJoinPool.commonPool-worker-1] INFO  impl.RaftServerImpl (RaftServerImpl.java:lambda$shutdown$3(245)) - af967e59-4194-4ca7-b6c8-8e0983d32eae: shutdown group-A94D5FD2E5BF
2019-09-04 10:55:01,089 [ForkJoinPool.commonPool-worker-1] INFO  util.JmxRegister (JmxRegister.java:unregister(73)) - Successfully un-registered JMX Bean with object name Ratis:service=RaftServer,group=group-A94D5FD2E5BF,id=af967e59-4194-4ca7-b6c8-8e0983d32eae
2019-09-04 10:55:01,089 [ForkJoinPool.commonPool-worker-1] INFO  impl.RoleInfo (RoleInfo.java:shutdownLeaderState(104)) - af967e59-4194-4ca7-b6c8-8e0983d32eae: shutdown LeaderState
2019-09-04 10:55:01,090 [ForkJoinPool.commonPool-worker-1] INFO  impl.PendingRequests (PendingRequests.java:sendNotLeaderResponses(202)) - af967e59-4194-4ca7-b6c8-8e0983d32eae-PendingRequests: sendNotLeaderResponses
2019-09-04 10:55:01,091 [ForkJoinPool.commonPool-worker-1] INFO  impl.StateMachineUpdater (StateMachineUpdater.java:stopAndJoin(115)) - StateMachineUpdater:af967e59-4194-4ca7-b6c8-8e0983d32eae:group-A94D5FD2E5BF: set stopIndex = 0
2019-09-04 10:55:01,091 [ForkJoinPool.commonPool-worker-1] INFO  impl.RaftServerImpl (ServerState.java:close(394)) - af967e59-4194-4ca7-b6c8-8e0983d32eae:group-A94D5FD2E5BF closes. The last applied log index is 0
2019-09-04 10:55:01,092 [af967e59-4194-4ca7-b6c8-8e0983d32eae-SegmentedRaftLogWorker:Storage Directory /workdir/hadoop-ozone/integration-test/target/test-dir/MiniOzoneClusterImpl-ef69ce0e-7233-4eeb-a967-488b402a98c8/datanode-6/data/ratis/b2685cbe-1f07-4a81-85dc-a94d5fd2e5bf] INFO  segmented.SegmentedRaftLogWorker (SegmentedRaftLogWorker.java:run(313)) - af967e59-4194-4ca7-b6c8-8e0983d32eae-SegmentedRaftLogWorker:Storage Directory /workdir/hadoop-ozone/integration-test/target/test-dir/MiniOzoneClusterImpl-ef69ce0e-7233-4eeb-a967-488b402a98c8/datanode-6/data/ratis/b2685cbe-1f07-4a81-85dc-a94d5fd2e5bf was interrupted, exiting. There are 0 tasks remaining in the queue.
2019-09-04 10:55:01,094 [ForkJoinPool.commonPool-worker-1] INFO  segmented.SegmentedRaftLogWorker (SegmentedRaftLogWorker.java:close(228)) - af967e59-4194-4ca7-b6c8-8e0983d32eae-SegmentedRaftLogWorker:Storage Directory /workdir/hadoop-ozone/integration-test/target/test-dir/MiniOzoneClusterImpl-ef69ce0e-7233-4eeb-a967-488b402a98c8/datanode-6/data/ratis/b2685cbe-1f07-4a81-85dc-a94d5fd2e5bf close()
2019-09-04 10:55:01,097 [ForkJoinPool.commonPool-worker-1] INFO  impl.RaftServerImpl (RaftServerImpl.java:lambda$shutdown$3(245)) - af967e59-4194-4ca7-b6c8-8e0983d32eae: shutdown group-F92D3B33CAEB
2019-09-04 10:55:01,097 [ForkJoinPool.commonPool-worker-1] INFO  util.JmxRegister (JmxRegister.java:unregister(73)) - Successfully un-registered JMX Bean with object name Ratis:service=RaftServer,group=group-F92D3B33CAEB,id=af967e59-4194-4ca7-b6c8-8e0983d32eae
2019-09-04 10:55:01,097 [ForkJoinPool.commonPool-worker-1] INFO  impl.RoleInfo (RoleInfo.java:shutdownFollowerState(121)) - af967e59-4194-4ca7-b6c8-8e0983d32eae: shutdown FollowerState
2019-09-04 10:55:01,097 [ForkJoinPool.commonPool-worker-1] INFO  impl.StateMachineUpdater (StateMachineUpdater.java:stopAndJoin(115)) - StateMachineUpdater:af967e59-4194-4ca7-b6c8-8e0983d32eae:group-F92D3B33CAEB: set stopIndex = -1
2019-09-04 10:55:01,097 [Thread-482] INFO  impl.FollowerState (FollowerState.java:run(114)) - af967e59-4194-4ca7-b6c8-8e0983d32eae: FollowerState was interrupted: java.lang.InterruptedException: sleep interrupted
2019-09-04 10:55:01,097 [ForkJoinPool.commonPool-worker-1] INFO  impl.RaftServerImpl (ServerState.java:close(394)) - af967e59-4194-4ca7-b6c8-8e0983d32eae:group-F92D3B33CAEB closes. The last applied log index is -1
2019-09-04 10:55:01,099 [af967e59-4194-4ca7-b6c8-8e0983d32eae-SegmentedRaftLogWorker:Storage Directory /workdir/hadoop-ozone/integration-test/target/test-dir/MiniOzoneClusterImpl-ef69ce0e-7233-4eeb-a967-488b402a98c8/datanode-6/data/ratis/b4bd29de-92c0-4f58-a2f1-f92d3b33caeb] INFO  segmented.SegmentedRaftLogWorker (SegmentedRaftLogWorker.java:run(313)) - af967e59-4194-4ca7-b6c8-8e0983d32eae-SegmentedRaftLogWorker:Storage Directory /workdir/hadoop-ozone/integration-test/target/test-dir/MiniOzoneClusterImpl-ef69ce0e-7233-4eeb-a967-488b402a98c8/datanode-6/data/ratis/b4bd29de-92c0-4f58-a2f1-f92d3b33caeb was interrupted, exiting. There are 0 tasks remaining in the queue.
2019-09-04 10:55:01,099 [ForkJoinPool.commonPool-worker-1] INFO  segmented.SegmentedRaftLogWorker (SegmentedRaftLogWorker.java:close(228)) - af967e59-4194-4ca7-b6c8-8e0983d32eae-SegmentedRaftLogWorker:Storage Directory /workdir/hadoop-ozone/integration-test/target/test-dir/MiniOzoneClusterImpl-ef69ce0e-7233-4eeb-a967-488b402a98c8/datanode-6/data/ratis/b4bd29de-92c0-4f58-a2f1-f92d3b33caeb close()
2019-09-04 10:55:01,135 [StateMachineUpdater:af967e59-4194-4ca7-b6c8-8e0983d32eae:group-D8B2F8BCBE85] INFO  ratis.ContainerStateMachine (ContainerStateMachine.java:takeSnapshot(295)) - group-D8B2F8BCBE85: Finished taking a snapshot at:(t:2, i:7) file:/workdir/hadoop-ozone/integration-test/target/test-dir/MiniOzoneClusterImpl-ef69ce0e-7233-4eeb-a967-488b402a98c8/datanode-6/data/ratis/27e97680-5d69-47b8-82a7-d8b2f8bcbe85/sm/snapshot.2_7 time:69
2019-09-04 10:55:01,135 [StateMachineUpdater:af967e59-4194-4ca7-b6c8-8e0983d32eae:group-D8B2F8BCBE85] INFO  impl.StateMachineUpdater (StateMachineUpdater.java:takeSnapshot(242)) - StateMachineUpdater:af967e59-4194-4ca7-b6c8-8e0983d32eae:group-D8B2F8BCBE85: Took a snapshot at index 7
2019-09-04 10:55:01,136 [StateMachineUpdater:af967e59-4194-4ca7-b6c8-8e0983d32eae:group-D8B2F8BCBE85] INFO  impl.StateMachineUpdater (StateMachineUpdater.java:lambda$new$0(80)) - StateMachineUpdater:af967e59-4194-4ca7-b6c8-8e0983d32eae:group-D8B2F8BCBE85: snapshotIndex: updateIncreasingly -1 -> 7
2019-09-04 10:55:01,142 [main] INFO  impl.RaftServerImpl (ServerState.java:close(394)) - af967e59-4194-4ca7-b6c8-8e0983d32eae:group-D8B2F8BCBE85 closes. The last applied log index is 7
2019-09-04 10:55:01,143 [af967e59-4194-4ca7-b6c8-8e0983d32eae-SegmentedRaftLogWorker:Storage Directory /workdir/hadoop-ozone/integration-test/target/test-dir/MiniOzoneClusterImpl-ef69ce0e-7233-4eeb-a967-488b402a98c8/datanode-6/data/ratis/27e97680-5d69-47b8-82a7-d8b2f8bcbe85] INFO  segmented.SegmentedRaftLogWorker (SegmentedRaftLogWorker.java:run(313)) - af967e59-4194-4ca7-b6c8-8e0983d32eae-SegmentedRaftLogWorker:Storage Directory /workdir/hadoop-ozone/integration-test/target/test-dir/MiniOzoneClusterImpl-ef69ce0e-7233-4eeb-a967-488b402a98c8/datanode-6/data/ratis/27e97680-5d69-47b8-82a7-d8b2f8bcbe85 was interrupted, exiting. There are 0 tasks remaining in the queue.
2019-09-04 10:55:01,144 [main] INFO  segmented.SegmentedRaftLogWorker (SegmentedRaftLogWorker.java:close(228)) - af967e59-4194-4ca7-b6c8-8e0983d32eae-SegmentedRaftLogWorker:Storage Directory /workdir/hadoop-ozone/integration-test/target/test-dir/MiniOzoneClusterImpl-ef69ce0e-7233-4eeb-a967-488b402a98c8/datanode-6/data/ratis/27e97680-5d69-47b8-82a7-d8b2f8bcbe85 close()
2019-09-04 10:55:01,148 [main] INFO  server.GrpcService (GrpcService.java:closeImpl(155)) - af967e59-4194-4ca7-b6c8-8e0983d32eae: shutdown server with port 38797 now
2019-09-04 10:55:01,154 [main] INFO  server.GrpcService (GrpcService.java:closeImpl(163)) - af967e59-4194-4ca7-b6c8-8e0983d32eae: shutdown server with port 38797 successfully
2019-09-04 10:55:01,154 [grpc-default-executor-3] WARN  server.GrpcServerProtocolService (LogUtils.java:warn(134)) - af967e59-4194-4ca7-b6c8-8e0983d32eae: appendEntries onError: org.apache.ratis.thirdparty.io.grpc.StatusRuntimeException: CANCELLED: cancelled before receiving half close
2019-09-04 10:55:01,154 [grpc-default-executor-4] WARN  server.GrpcServerProtocolService (LogUtils.java:warn(134)) - af967e59-4194-4ca7-b6c8-8e0983d32eae: appendEntries onError: org.apache.ratis.thirdparty.io.grpc.StatusRuntimeException: CANCELLED: cancelled before receiving half close
2019-09-04 10:55:01,154 [grpc-default-executor-1] WARN  server.GrpcServerProtocolService (LogUtils.java:warn(134)) - af967e59-4194-4ca7-b6c8-8e0983d32eae: appendEntries onError: org.apache.ratis.thirdparty.io.grpc.StatusRuntimeException: CANCELLED: cancelled before receiving half close
2019-09-04 10:55:01,157 [grpc-default-executor-1] WARN  server.GrpcLogAppender (LogUtils.java:warn(134)) - 306f7091-fd43-44cb-822b-63a12337bb6f->af967e59-4194-4ca7-b6c8-8e0983d32eae: Failed appendEntries: org.apache.ratis.thirdparty.io.grpc.StatusRuntimeException: CANCELLED: HTTP/2 error code: CANCEL
Received Rst Stream
2019-09-04 10:55:01,159 [grpc-default-executor-5] WARN  server.GrpcLogAppender (LogUtils.java:warn(134)) - a94f35c6-e7cd-44f4-9fc5-5bedbc811dcb->af967e59-4194-4ca7-b6c8-8e0983d32eae: Failed appendEntries: org.apache.ratis.thirdparty.io.grpc.StatusRuntimeException: CANCELLED: HTTP/2 error code: CANCEL
Received Rst Stream
2019-09-04 10:55:01,157 [grpc-default-executor-4] WARN  server.GrpcLogAppender (LogUtils.java:warn(134)) - a94f35c6-e7cd-44f4-9fc5-5bedbc811dcb->af967e59-4194-4ca7-b6c8-8e0983d32eae: Failed appendEntries: org.apache.ratis.thirdparty.io.grpc.StatusRuntimeException: CANCELLED: HTTP/2 error code: CANCEL
Received Rst Stream
2019-09-04 10:55:01,161 [grpc-default-executor-1] INFO  impl.FollowerInfo (FollowerInfo.java:lambda$new$0(50)) - 306f7091-fd43-44cb-822b-63a12337bb6f->af967e59-4194-4ca7-b6c8-8e0983d32eae: nextIndex: updateUnconditionally 8 -> 7
2019-09-04 10:55:01,162 [grpc-default-executor-4] INFO  impl.FollowerInfo (FollowerInfo.java:lambda$new$0(50)) - a94f35c6-e7cd-44f4-9fc5-5bedbc811dcb->af967e59-4194-4ca7-b6c8-8e0983d32eae: nextIndex: updateUnconditionally 1 -> 0
2019-09-04 10:55:01,161 [grpc-default-executor-5] INFO  impl.FollowerInfo (FollowerInfo.java:lambda$new$0(50)) - a94f35c6-e7cd-44f4-9fc5-5bedbc811dcb->af967e59-4194-4ca7-b6c8-8e0983d32eae: nextIndex: updateUnconditionally 1 -> 0
2019-09-04 10:55:01,167 [refreshUsed-/workdir/hadoop-ozone/integration-test/target/test-dir/MiniOzoneClusterImpl-ef69ce0e-7233-4eeb-a967-488b402a98c8/datanode-6/data/containers] WARN  fs.CachingGetSpaceUsed (CachingGetSpaceUsed.java:run(183)) - Thread Interrupted waiting to refresh disk information: sleep interrupted
2019-09-04 10:55:01,181 [main] INFO  utils.BackgroundService (BackgroundService.java:shutdown(148)) - Shutting down service BlockDeletingService
2019-09-04 10:55:01,185 [main] INFO  statemachine.DatanodeStateMachine (DatanodeStateMachine.java:stopDaemon(395)) - Ozone container server stopped.
2019-09-04 10:55:01,190 [main] INFO  handler.ContextHandler (ContextHandler.java:doStop(910)) - Stopped o.e.j.w.WebAppContext@1e1e9ef3{/,null,UNAVAILABLE}{/hddsDatanode}
2019-09-04 10:55:01,197 [main] INFO  server.AbstractConnector (AbstractConnector.java:doStop(318)) - Stopped ServerConnector@3dd31157{HTTP/1.1,[http/1.1]}{0.0.0.0:0}
2019-09-04 10:55:01,197 [main] INFO  handler.ContextHandler (ContextHandler.java:doStop(910)) - Stopped o.e.j.s.ServletContextHandler@7afc4db9{/static,jar:file:/home/user/.m2/repository/org/apache/hadoop/hadoop-hdds-container-service/0.5.0-SNAPSHOT/hadoop-hdds-container-service-0.5.0-SNAPSHOT.jar!/webapps/static,UNAVAILABLE}
2019-09-04 10:55:01,198 [main] INFO  handler.ContextHandler (ContextHandler.java:doStop(910)) - Stopped o.e.j.s.ServletContextHandler@ae2db25{/logs,file:///workdir/hadoop-ozone/integration-test/target/log,UNAVAILABLE}
2019-09-04 10:55:01,709 [grpc-default-executor-4] WARN  server.GrpcLogAppender (LogUtils.java:warn(134)) - 306f7091-fd43-44cb-822b-63a12337bb6f->af967e59-4194-4ca7-b6c8-8e0983d32eae: Failed appendEntries: org.apache.ratis.thirdparty.io.grpc.StatusRuntimeException: UNAVAILABLE: io exception
2019-09-04 10:55:01,712 [grpc-default-executor-4] INFO  impl.FollowerInfo (FollowerInfo.java:lambda$new$0(50)) - 306f7091-fd43-44cb-822b-63a12337bb6f->af967e59-4194-4ca7-b6c8-8e0983d32eae: nextIndex: updateUnconditionally 8 -> 7
2019-09-04 10:55:01,716 [grpc-default-executor-1] WARN  server.GrpcLogAppender (LogUtils.java:warn(134)) - 306f7091-fd43-44cb-822b-63a12337bb6f->af967e59-4194-4ca7-b6c8-8e0983d32eae: Failed appendEntries: org.apache.ratis.thirdparty.io.grpc.StatusRuntimeException: UNAVAILABLE: io exception
2019-09-04 10:55:01,718 [grpc-default-executor-1] INFO  impl.FollowerInfo (FollowerInfo.java:lambda$new$0(50)) - 306f7091-fd43-44cb-822b-63a12337bb6f->af967e59-4194-4ca7-b6c8-8e0983d32eae: nextIndex: updateUnconditionally 8 -> 7
2019-09-04 10:55:01,730 [grpc-default-executor-4] WARN  server.GrpcLogAppender (LogUtils.java:warn(134)) - 306f7091-fd43-44cb-822b-63a12337bb6f->af967e59-4194-4ca7-b6c8-8e0983d32eae: Failed appendEntries: org.apache.ratis.thirdparty.io.grpc.StatusRuntimeException: UNAVAILABLE: io exception
2019-09-04 10:55:01,737 [grpc-default-executor-4] INFO  impl.FollowerInfo (FollowerInfo.java:lambda$new$0(50)) - 306f7091-fd43-44cb-822b-63a12337bb6f->af967e59-4194-4ca7-b6c8-8e0983d32eae: nextIndex: updateUnconditionally 8 -> 7
2019-09-04 10:55:01,737 [RatisApplyTransactionExecutor 1] INFO  interfaces.Container (KeyValueContainer.java:flushAndSyncDB(382)) - Container 1 is synced with bcsId 5.
2019-09-04 10:55:01,738 [RatisApplyTransactionExecutor 1] INFO  interfaces.Container (KeyValueContainer.java:flushAndSyncDB(382)) - Container 1 is synced with bcsId 5.
2019-09-04 10:55:01,738 [RatisApplyTransactionExecutor 1] INFO  interfaces.Container (KeyValueContainer.java:flushAndSyncDB(382)) - Container 1 is synced with bcsId 5.
2019-09-04 10:55:01,739 [RatisApplyTransactionExecutor 1] INFO  interfaces.Container (KeyValueContainer.java:flushAndSyncDB(382)) - Container 1 is synced with bcsId 5.
2019-09-04 10:55:01,757 [Datanode State Machine Thread - 0] INFO  statemachine.DatanodeStateMachine (DatanodeStateMachine.java:lambda$startDaemon$0(350)) - Ozone container server started.
2019-09-04 10:55:01,758 [EventQueue-IncrementalContainerReportForIncrementalContainerReportHandler] INFO  container.IncrementalContainerReportHandler (AbstractContainerReportHandler.java:updateContainerState(176)) - Moving container #1 to CLOSED state, datanode 306f7091-fd43-44cb-822b-63a12337bb6f{ip: 192.168.5.153, host: pr-hdds-1982-decom-states-67zng-3388626213, networkLocation: /default-rack, certSerialId: null} reported CLOSED replica.
2019-09-04 10:55:02,658 [grpc-default-executor-5] WARN  server.GrpcLogAppender (LogUtils.java:warn(134)) - a94f35c6-e7cd-44f4-9fc5-5bedbc811dcb->af967e59-4194-4ca7-b6c8-8e0983d32eae: Failed appendEntries: org.apache.ratis.thirdparty.io.grpc.StatusRuntimeException: UNAVAILABLE: io exception
2019-09-04 10:55:02,661 [grpc-default-executor-5] INFO  impl.FollowerInfo (FollowerInfo.java:lambda$new$0(50)) - a94f35c6-e7cd-44f4-9fc5-5bedbc811dcb->af967e59-4194-4ca7-b6c8-8e0983d32eae: nextIndex: updateUnconditionally 0 -> 0
2019-09-04 10:55:03,609 [grpc-default-executor-1] WARN  server.GrpcLogAppender (LogUtils.java:warn(134)) - a94f35c6-e7cd-44f4-9fc5-5bedbc811dcb->af967e59-4194-4ca7-b6c8-8e0983d32eae: Failed appendEntries: org.apache.ratis.thirdparty.io.grpc.StatusRuntimeException: UNAVAILABLE: io exception
2019-09-04 10:55:03,612 [grpc-default-executor-1] INFO  impl.FollowerInfo (FollowerInfo.java:lambda$new$0(50)) - a94f35c6-e7cd-44f4-9fc5-5bedbc811dcb->af967e59-4194-4ca7-b6c8-8e0983d32eae: nextIndex: updateUnconditionally 0 -> 0
2019-09-04 10:55:03,858 [EventQueue-StaleNodeForStaleNodeHandler] INFO  node.StaleNodeHandler (StaleNodeHandler.java:onMessage(58)) - Datanode a94f35c6-e7cd-44f4-9fc5-5bedbc811dcb{ip: 192.168.5.153, host: pr-hdds-1982-decom-states-67zng-3388626213, networkLocation: /default-rack, certSerialId: null} moved to stale state. Finalizing its pipelines [PipelineID=27e97680-5d69-47b8-82a7-d8b2f8bcbe85]
2019-09-04 10:55:03,858 [EventQueue-StaleNodeForStaleNodeHandler] INFO  pipeline.SCMPipelineManager (SCMPipelineManager.java:finalizeAndDestroyPipeline(311)) - destroying pipeline:Pipeline[ Id: 27e97680-5d69-47b8-82a7-d8b2f8bcbe85, Nodes: af967e59-4194-4ca7-b6c8-8e0983d32eae{ip: 192.168.5.153, host: pr-hdds-1982-decom-states-67zng-3388626213, networkLocation: /default-rack, certSerialId: null}a94f35c6-e7cd-44f4-9fc5-5bedbc811dcb{ip: 192.168.5.153, host: pr-hdds-1982-decom-states-67zng-3388626213, networkLocation: /default-rack, certSerialId: null}306f7091-fd43-44cb-822b-63a12337bb6f{ip: 192.168.5.153, host: pr-hdds-1982-decom-states-67zng-3388626213, networkLocation: /default-rack, certSerialId: null}, Type:RATIS, Factor:THREE, State:CLOSED]
2019-09-04 10:55:04,234 [grpc-default-executor-4] WARN  server.GrpcLogAppender (LogUtils.java:warn(134)) - 306f7091-fd43-44cb-822b-63a12337bb6f->af967e59-4194-4ca7-b6c8-8e0983d32eae: Failed appendEntries: org.apache.ratis.thirdparty.io.grpc.StatusRuntimeException: UNAVAILABLE: io exception
2019-09-04 10:55:04,236 [grpc-default-executor-4] INFO  impl.FollowerInfo (FollowerInfo.java:lambda$new$0(50)) - 306f7091-fd43-44cb-822b-63a12337bb6f->af967e59-4194-4ca7-b6c8-8e0983d32eae: nextIndex: updateUnconditionally 7 -> 6
2019-09-04 10:55:05,174 [grpc-default-executor-1] WARN  server.GrpcLogAppender (LogUtils.java:warn(134)) - a94f35c6-e7cd-44f4-9fc5-5bedbc811dcb->af967e59-4194-4ca7-b6c8-8e0983d32eae: Failed appendEntries: org.apache.ratis.thirdparty.io.grpc.StatusRuntimeException: UNAVAILABLE: io exception
2019-09-04 10:55:05,176 [grpc-default-executor-1] INFO  impl.FollowerInfo (FollowerInfo.java:lambda$new$0(50)) - a94f35c6-e7cd-44f4-9fc5-5bedbc811dcb->af967e59-4194-4ca7-b6c8-8e0983d32eae: nextIndex: updateUnconditionally 0 -> 0
2019-09-04 10:55:05,337 [Thread-483] INFO  impl.FollowerState (FollowerState.java:run(106)) - a94f35c6-e7cd-44f4-9fc5-5bedbc811dcb:group-F92D3B33CAEB changes to CANDIDATE, lastRpcTime:5075, electionTimeout:5075ms
2019-09-04 10:55:05,337 [Thread-483] INFO  impl.RoleInfo (RoleInfo.java:shutdownFollowerState(121)) - a94f35c6-e7cd-44f4-9fc5-5bedbc811dcb: shutdown FollowerState
2019-09-04 10:55:05,337 [Thread-483] INFO  impl.RaftServerImpl (RaftServerImpl.java:setRole(171)) - a94f35c6-e7cd-44f4-9fc5-5bedbc811dcb:group-F92D3B33CAEB changes role from FOLLOWER to CANDIDATE at term 3 for changeToCandidate
2019-09-04 10:55:05,337 [Thread-483] INFO  impl.RoleInfo (RoleInfo.java:updateAndGet(143)) - a94f35c6-e7cd-44f4-9fc5-5bedbc811dcb: start LeaderElection
2019-09-04 10:55:05,356 [Thread-481] INFO  impl.FollowerState (FollowerState.java:run(106)) - 306f7091-fd43-44cb-822b-63a12337bb6f:group-F92D3B33CAEB changes to CANDIDATE, lastRpcTime:5095, electionTimeout:5095ms
2019-09-04 10:55:05,356 [Thread-481] INFO  impl.RoleInfo (RoleInfo.java:shutdownFollowerState(121)) - 306f7091-fd43-44cb-822b-63a12337bb6f: shutdown FollowerState
2019-09-04 10:55:05,356 [Thread-481] INFO  impl.RaftServerImpl (RaftServerImpl.java:setRole(171)) - 306f7091-fd43-44cb-822b-63a12337bb6f:group-F92D3B33CAEB changes role from FOLLOWER to CANDIDATE at term 3 for changeToCandidate
2019-09-04 10:55:05,357 [Thread-481] INFO  impl.RoleInfo (RoleInfo.java:updateAndGet(143)) - 306f7091-fd43-44cb-822b-63a12337bb6f: start LeaderElection
2019-09-04 10:55:05,372 [a94f35c6-e7cd-44f4-9fc5-5bedbc811dcb:group-F92D3B33CAEB:LeaderElection25] INFO  impl.LeaderElection (LeaderElection.java:askForVotes(181)) - a94f35c6-e7cd-44f4-9fc5-5bedbc811dcb:group-F92D3B33CAEB:LeaderElection25: begin an election at term 4 for -1: [af967e59-4194-4ca7-b6c8-8e0983d32eae:192.168.5.153:38797, a94f35c6-e7cd-44f4-9fc5-5bedbc811dcb:192.168.5.153:36627, 306f7091-fd43-44cb-822b-63a12337bb6f:192.168.5.153:42255], old=null
2019-09-04 10:55:05,375 [306f7091-fd43-44cb-822b-63a12337bb6f:group-F92D3B33CAEB:LeaderElection26] INFO  impl.LeaderElection (LeaderElection.java:askForVotes(181)) - 306f7091-fd43-44cb-822b-63a12337bb6f:group-F92D3B33CAEB:LeaderElection26: begin an election at term 4 for -1: [af967e59-4194-4ca7-b6c8-8e0983d32eae:192.168.5.153:38797, a94f35c6-e7cd-44f4-9fc5-5bedbc811dcb:192.168.5.153:36627, 306f7091-fd43-44cb-822b-63a12337bb6f:192.168.5.153:42255], old=null
2019-09-04 10:55:05,377 [a94f35c6-e7cd-44f4-9fc5-5bedbc811dcb:group-F92D3B33CAEB:LeaderElection25] INFO  impl.LeaderElection (LogUtils.java:infoOrTrace(149)) - a94f35c6-e7cd-44f4-9fc5-5bedbc811dcb:group-F92D3B33CAEB:LeaderElection25 got exception when requesting votes: {}
java.util.concurrent.ExecutionException: org.apache.ratis.thirdparty.io.grpc.StatusRuntimeException: UNAVAILABLE: io exception
	at java.util.concurrent.FutureTask.report(FutureTask.java:122)
	at java.util.concurrent.FutureTask.get(FutureTask.java:192)
	at org.apache.ratis.server.impl.LeaderElection.waitForResults(LeaderElection.java:262)
	at org.apache.ratis.server.impl.LeaderElection.askForVotes(LeaderElection.java:200)
	at org.apache.ratis.server.impl.LeaderElection.run(LeaderElection.java:130)
	at java.lang.Thread.run(Thread.java:748)
Caused by: org.apache.ratis.thirdparty.io.grpc.StatusRuntimeException: UNAVAILABLE: io exception
	at org.apache.ratis.thirdparty.io.grpc.stub.ClientCalls.toStatusRuntimeException(ClientCalls.java:233)
	at org.apache.ratis.thirdparty.io.grpc.stub.ClientCalls.getUnchecked(ClientCalls.java:214)
	at org.apache.ratis.thirdparty.io.grpc.stub.ClientCalls.blockingUnaryCall(ClientCalls.java:139)
	at org.apache.ratis.proto.grpc.RaftServerProtocolServiceGrpc$RaftServerProtocolServiceBlockingStub.requestVote(RaftServerProtocolServiceGrpc.java:265)
	at org.apache.ratis.grpc.server.GrpcServerProtocolClient.requestVote(GrpcServerProtocolClient.java:83)
	at org.apache.ratis.grpc.server.GrpcService.requestVote(GrpcService.java:195)
	at org.apache.ratis.server.impl.LeaderElection.lambda$submitRequests$1(LeaderElection.java:237)
	at java.util.concurrent.FutureTask.run(FutureTask.java:266)
	at java.util.concurrent.Executors$RunnableAdapter.call(Executors.java:511)
	at java.util.concurrent.FutureTask.run(FutureTask.java:266)
	at java.util.concurrent.ThreadPoolExecutor.runWorker(ThreadPoolExecutor.java:1149)
	at java.util.concurrent.ThreadPoolExecutor$Worker.run(ThreadPoolExecutor.java:624)
	... 1 more
Caused by: org.apache.ratis.thirdparty.io.netty.channel.AbstractChannel$AnnotatedConnectException: Connection refused: /192.168.5.153:38797
	at sun.nio.ch.SocketChannelImpl.checkConnect(Native Method)
	at sun.nio.ch.SocketChannelImpl.finishConnect(SocketChannelImpl.java:717)
	at org.apache.ratis.thirdparty.io.netty.channel.socket.nio.NioSocketChannel.doFinishConnect(NioSocketChannel.java:327)
	at org.apache.ratis.thirdparty.io.netty.channel.nio.AbstractNioChannel$AbstractNioUnsafe.finishConnect(AbstractNioChannel.java:340)
	at org.apache.ratis.thirdparty.io.netty.channel.nio.NioEventLoop.processSelectedKey(NioEventLoop.java:632)
	at org.apache.ratis.thirdparty.io.netty.channel.nio.NioEventLoop.processSelectedKeysOptimized(NioEventLoop.java:579)
	at org.apache.ratis.thirdparty.io.netty.channel.nio.NioEventLoop.processSelectedKeys(NioEventLoop.java:496)
	at org.apache.ratis.thirdparty.io.netty.channel.nio.NioEventLoop.run(NioEventLoop.java:458)
	at org.apache.ratis.thirdparty.io.netty.util.concurrent.SingleThreadEventExecutor$5.run(SingleThreadEventExecutor.java:897)
	at org.apache.ratis.thirdparty.io.netty.util.concurrent.FastThreadLocalRunnable.run(FastThreadLocalRunnable.java:30)
	... 1 more
Caused by: java.net.ConnectException: Connection refused
	... 11 more
2019-09-04 10:55:05,381 [a94f35c6-e7cd-44f4-9fc5-5bedbc811dcb:group-F92D3B33CAEB:LeaderElection25] INFO  impl.LeaderElection (LeaderElection.java:logAndReturn(56)) - a94f35c6-e7cd-44f4-9fc5-5bedbc811dcb:group-F92D3B33CAEB:LeaderElection25: Election REJECTED; received 1 response(s) [a94f35c6-e7cd-44f4-9fc5-5bedbc811dcb<-306f7091-fd43-44cb-822b-63a12337bb6f#0:FAIL-t4] and 1 exception(s); a94f35c6-e7cd-44f4-9fc5-5bedbc811dcb:t4, leader=null, voted=a94f35c6-e7cd-44f4-9fc5-5bedbc811dcb, raftlog=a94f35c6-e7cd-44f4-9fc5-5bedbc811dcb-SegmentedRaftLog:OPENED:c-1,f-1,i0, conf=-1: [af967e59-4194-4ca7-b6c8-8e0983d32eae:192.168.5.153:38797, a94f35c6-e7cd-44f4-9fc5-5bedbc811dcb:192.168.5.153:36627, 306f7091-fd43-44cb-822b-63a12337bb6f:192.168.5.153:42255], old=null
2019-09-04 10:55:05,382 [a94f35c6-e7cd-44f4-9fc5-5bedbc811dcb:group-F92D3B33CAEB:LeaderElection25] INFO  impl.LeaderElection (LogUtils.java:infoOrTrace(149)) -   Exception 0: {}
java.util.concurrent.ExecutionException: org.apache.ratis.thirdparty.io.grpc.StatusRuntimeException: UNAVAILABLE: io exception
	at java.util.concurrent.FutureTask.report(FutureTask.java:122)
	at java.util.concurrent.FutureTask.get(FutureTask.java:192)
	at org.apache.ratis.server.impl.LeaderElection.waitForResults(LeaderElection.java:262)
	at org.apache.ratis.server.impl.LeaderElection.askForVotes(LeaderElection.java:200)
	at org.apache.ratis.server.impl.LeaderElection.run(LeaderElection.java:130)
	at java.lang.Thread.run(Thread.java:748)
Caused by: org.apache.ratis.thirdparty.io.grpc.StatusRuntimeException: UNAVAILABLE: io exception
	at org.apache.ratis.thirdparty.io.grpc.stub.ClientCalls.toStatusRuntimeException(ClientCalls.java:233)
	at org.apache.ratis.thirdparty.io.grpc.stub.ClientCalls.getUnchecked(ClientCalls.java:214)
	at org.apache.ratis.thirdparty.io.grpc.stub.ClientCalls.blockingUnaryCall(ClientCalls.java:139)
	at org.apache.ratis.proto.grpc.RaftServerProtocolServiceGrpc$RaftServerProtocolServiceBlockingStub.requestVote(RaftServerProtocolServiceGrpc.java:265)
	at org.apache.ratis.grpc.server.GrpcServerProtocolClient.requestVote(GrpcServerProtocolClient.java:83)
	at org.apache.ratis.grpc.server.GrpcService.requestVote(GrpcService.java:195)
	at org.apache.ratis.server.impl.LeaderElection.lambda$submitRequests$1(LeaderElection.java:237)
	at java.util.concurrent.FutureTask.run(FutureTask.java:266)
	at java.util.concurrent.Executors$RunnableAdapter.call(Executors.java:511)
	at java.util.concurrent.FutureTask.run(FutureTask.java:266)
	at java.util.concurrent.ThreadPoolExecutor.runWorker(ThreadPoolExecutor.java:1149)
	at java.util.concurrent.ThreadPoolExecutor$Worker.run(ThreadPoolExecutor.java:624)
	... 1 more
Caused by: org.apache.ratis.thirdparty.io.netty.channel.AbstractChannel$AnnotatedConnectException: Connection refused: /192.168.5.153:38797
	at sun.nio.ch.SocketChannelImpl.checkConnect(Native Method)
	at sun.nio.ch.SocketChannelImpl.finishConnect(SocketChannelImpl.java:717)
	at org.apache.ratis.thirdparty.io.netty.channel.socket.nio.NioSocketChannel.doFinishConnect(NioSocketChannel.java:327)
	at org.apache.ratis.thirdparty.io.netty.channel.nio.AbstractNioChannel$AbstractNioUnsafe.finishConnect(AbstractNioChannel.java:340)
	at org.apache.ratis.thirdparty.io.netty.channel.nio.NioEventLoop.processSelectedKey(NioEventLoop.java:632)
	at org.apache.ratis.thirdparty.io.netty.channel.nio.NioEventLoop.processSelectedKeysOptimized(NioEventLoop.java:579)
	at org.apache.ratis.thirdparty.io.netty.channel.nio.NioEventLoop.processSelectedKeys(NioEventLoop.java:496)
	at org.apache.ratis.thirdparty.io.netty.channel.nio.NioEventLoop.run(NioEventLoop.java:458)
	at org.apache.ratis.thirdparty.io.netty.util.concurrent.SingleThreadEventExecutor$5.run(SingleThreadEventExecutor.java:897)
	at org.apache.ratis.thirdparty.io.netty.util.concurrent.FastThreadLocalRunnable.run(FastThreadLocalRunnable.java:30)
	... 1 more
Caused by: java.net.ConnectException: Connection refused
	... 11 more
2019-09-04 10:55:05,384 [a94f35c6-e7cd-44f4-9fc5-5bedbc811dcb:group-F92D3B33CAEB:LeaderElection25] INFO  impl.RaftServerImpl (RaftServerImpl.java:setRole(171)) - a94f35c6-e7cd-44f4-9fc5-5bedbc811dcb:group-F92D3B33CAEB changes role from CANDIDATE to FOLLOWER at term 4 for DISCOVERED_A_NEW_TERM
2019-09-04 10:55:05,384 [a94f35c6-e7cd-44f4-9fc5-5bedbc811dcb:group-F92D3B33CAEB:LeaderElection25] INFO  impl.RoleInfo (RoleInfo.java:shutdownLeaderElection(134)) - a94f35c6-e7cd-44f4-9fc5-5bedbc811dcb: shutdown LeaderElection
2019-09-04 10:55:05,385 [a94f35c6-e7cd-44f4-9fc5-5bedbc811dcb:group-F92D3B33CAEB:LeaderElection25] INFO  impl.RoleInfo (RoleInfo.java:updateAndGet(143)) - a94f35c6-e7cd-44f4-9fc5-5bedbc811dcb: start FollowerState
2019-09-04 10:55:05,386 [306f7091-fd43-44cb-822b-63a12337bb6f:group-F92D3B33CAEB:LeaderElection26] INFO  impl.LeaderElection (LogUtils.java:infoOrTrace(149)) - 306f7091-fd43-44cb-822b-63a12337bb6f:group-F92D3B33CAEB:LeaderElection26 got exception when requesting votes: {}
java.util.concurrent.ExecutionException: org.apache.ratis.thirdparty.io.grpc.StatusRuntimeException: UNAVAILABLE: io exception
	at java.util.concurrent.FutureTask.report(FutureTask.java:122)
	at java.util.concurrent.FutureTask.get(FutureTask.java:192)
	at org.apache.ratis.server.impl.LeaderElection.waitForResults(LeaderElection.java:262)
	at org.apache.ratis.server.impl.LeaderElection.askForVotes(LeaderElection.java:200)
	at org.apache.ratis.server.impl.LeaderElection.run(LeaderElection.java:130)
	at java.lang.Thread.run(Thread.java:748)
Caused by: org.apache.ratis.thirdparty.io.grpc.StatusRuntimeException: UNAVAILABLE: io exception
	at org.apache.ratis.thirdparty.io.grpc.stub.ClientCalls.toStatusRuntimeException(ClientCalls.java:233)
	at org.apache.ratis.thirdparty.io.grpc.stub.ClientCalls.getUnchecked(ClientCalls.java:214)
	at org.apache.ratis.thirdparty.io.grpc.stub.ClientCalls.blockingUnaryCall(ClientCalls.java:139)
	at org.apache.ratis.proto.grpc.RaftServerProtocolServiceGrpc$RaftServerProtocolServiceBlockingStub.requestVote(RaftServerProtocolServiceGrpc.java:265)
	at org.apache.ratis.grpc.server.GrpcServerProtocolClient.requestVote(GrpcServerProtocolClient.java:83)
	at org.apache.ratis.grpc.server.GrpcService.requestVote(GrpcService.java:195)
	at org.apache.ratis.server.impl.LeaderElection.lambda$submitRequests$1(LeaderElection.java:237)
	at java.util.concurrent.FutureTask.run(FutureTask.java:266)
	at java.util.concurrent.Executors$RunnableAdapter.call(Executors.java:511)
	at java.util.concurrent.FutureTask.run(FutureTask.java:266)
	at java.util.concurrent.ThreadPoolExecutor.runWorker(ThreadPoolExecutor.java:1149)
	at java.util.concurrent.ThreadPoolExecutor$Worker.run(ThreadPoolExecutor.java:624)
	... 1 more
Caused by: org.apache.ratis.thirdparty.io.netty.channel.AbstractChannel$AnnotatedConnectException: Connection refused: /192.168.5.153:38797
	at sun.nio.ch.SocketChannelImpl.checkConnect(Native Method)
	at sun.nio.ch.SocketChannelImpl.finishConnect(SocketChannelImpl.java:717)
	at org.apache.ratis.thirdparty.io.netty.channel.socket.nio.NioSocketChannel.doFinishConnect(NioSocketChannel.java:327)
	at org.apache.ratis.thirdparty.io.netty.channel.nio.AbstractNioChannel$AbstractNioUnsafe.finishConnect(AbstractNioChannel.java:340)
	at org.apache.ratis.thirdparty.io.netty.channel.nio.NioEventLoop.processSelectedKey(NioEventLoop.java:632)
	at org.apache.ratis.thirdparty.io.netty.channel.nio.NioEventLoop.processSelectedKeysOptimized(NioEventLoop.java:579)
	at org.apache.ratis.thirdparty.io.netty.channel.nio.NioEventLoop.processSelectedKeys(NioEventLoop.java:496)
	at org.apache.ratis.thirdparty.io.netty.channel.nio.NioEventLoop.run(NioEventLoop.java:458)
	at org.apache.ratis.thirdparty.io.netty.util.concurrent.SingleThreadEventExecutor$5.run(SingleThreadEventExecutor.java:897)
	at org.apache.ratis.thirdparty.io.netty.util.concurrent.FastThreadLocalRunnable.run(FastThreadLocalRunnable.java:30)
	... 1 more
Caused by: java.net.ConnectException: Connection refused
	... 11 more
2019-09-04 10:55:05,395 [306f7091-fd43-44cb-822b-63a12337bb6f:group-F92D3B33CAEB:LeaderElection26] INFO  impl.LeaderElection (LeaderElection.java:logAndReturn(56)) - 306f7091-fd43-44cb-822b-63a12337bb6f:group-F92D3B33CAEB:LeaderElection26: Election REJECTED; received 1 response(s) [306f7091-fd43-44cb-822b-63a12337bb6f<-a94f35c6-e7cd-44f4-9fc5-5bedbc811dcb#0:FAIL-t4] and 1 exception(s); 306f7091-fd43-44cb-822b-63a12337bb6f:t4, leader=null, voted=306f7091-fd43-44cb-822b-63a12337bb6f, raftlog=306f7091-fd43-44cb-822b-63a12337bb6f-SegmentedRaftLog:OPENED:c-1,f-1,i0, conf=-1: [af967e59-4194-4ca7-b6c8-8e0983d32eae:192.168.5.153:38797, a94f35c6-e7cd-44f4-9fc5-5bedbc811dcb:192.168.5.153:36627, 306f7091-fd43-44cb-822b-63a12337bb6f:192.168.5.153:42255], old=null
2019-09-04 10:55:05,395 [306f7091-fd43-44cb-822b-63a12337bb6f:group-F92D3B33CAEB:LeaderElection26] INFO  impl.LeaderElection (LogUtils.java:infoOrTrace(149)) -   Exception 0: {}
java.util.concurrent.ExecutionException: org.apache.ratis.thirdparty.io.grpc.StatusRuntimeException: UNAVAILABLE: io exception
	at java.util.concurrent.FutureTask.report(FutureTask.java:122)
	at java.util.concurrent.FutureTask.get(FutureTask.java:192)
	at org.apache.ratis.server.impl.LeaderElection.waitForResults(LeaderElection.java:262)
	at org.apache.ratis.server.impl.LeaderElection.askForVotes(LeaderElection.java:200)
	at org.apache.ratis.server.impl.LeaderElection.run(LeaderElection.java:130)
	at java.lang.Thread.run(Thread.java:748)
Caused by: org.apache.ratis.thirdparty.io.grpc.StatusRuntimeException: UNAVAILABLE: io exception
	at org.apache.ratis.thirdparty.io.grpc.stub.ClientCalls.toStatusRuntimeException(ClientCalls.java:233)
	at org.apache.ratis.thirdparty.io.grpc.stub.ClientCalls.getUnchecked(ClientCalls.java:214)
	at org.apache.ratis.thirdparty.io.grpc.stub.ClientCalls.blockingUnaryCall(ClientCalls.java:139)
	at org.apache.ratis.proto.grpc.RaftServerProtocolServiceGrpc$RaftServerProtocolServiceBlockingStub.requestVote(RaftServerProtocolServiceGrpc.java:265)
	at org.apache.ratis.grpc.server.GrpcServerProtocolClient.requestVote(GrpcServerProtocolClient.java:83)
	at org.apache.ratis.grpc.server.GrpcService.requestVote(GrpcService.java:195)
	at org.apache.ratis.server.impl.LeaderElection.lambda$submitRequests$1(LeaderElection.java:237)
	at java.util.concurrent.FutureTask.run(FutureTask.java:266)
	at java.util.concurrent.Executors$RunnableAdapter.call(Executors.java:511)
	at java.util.concurrent.FutureTask.run(FutureTask.java:266)
	at java.util.concurrent.ThreadPoolExecutor.runWorker(ThreadPoolExecutor.java:1149)
	at java.util.concurrent.ThreadPoolExecutor$Worker.run(ThreadPoolExecutor.java:624)
	... 1 more
Caused by: org.apache.ratis.thirdparty.io.netty.channel.AbstractChannel$AnnotatedConnectException: Connection refused: /192.168.5.153:38797
	at sun.nio.ch.SocketChannelImpl.checkConnect(Native Method)
	at sun.nio.ch.SocketChannelImpl.finishConnect(SocketChannelImpl.java:717)
	at org.apache.ratis.thirdparty.io.netty.channel.socket.nio.NioSocketChannel.doFinishConnect(NioSocketChannel.java:327)
	at org.apache.ratis.thirdparty.io.netty.channel.nio.AbstractNioChannel$AbstractNioUnsafe.finishConnect(AbstractNioChannel.java:340)
	at org.apache.ratis.thirdparty.io.netty.channel.nio.NioEventLoop.processSelectedKey(NioEventLoop.java:632)
	at org.apache.ratis.thirdparty.io.netty.channel.nio.NioEventLoop.processSelectedKeysOptimized(NioEventLoop.java:579)
	at org.apache.ratis.thirdparty.io.netty.channel.nio.NioEventLoop.processSelectedKeys(NioEventLoop.java:496)
	at org.apache.ratis.thirdparty.io.netty.channel.nio.NioEventLoop.run(NioEventLoop.java:458)
	at org.apache.ratis.thirdparty.io.netty.util.concurrent.SingleThreadEventExecutor$5.run(SingleThreadEventExecutor.java:897)
	at org.apache.ratis.thirdparty.io.netty.util.concurrent.FastThreadLocalRunnable.run(FastThreadLocalRunnable.java:30)
	... 1 more
Caused by: java.net.ConnectException: Connection refused
	... 11 more
2019-09-04 10:55:05,395 [306f7091-fd43-44cb-822b-63a12337bb6f:group-F92D3B33CAEB:LeaderElection26] INFO  impl.RaftServerImpl (RaftServerImpl.java:setRole(171)) - 306f7091-fd43-44cb-822b-63a12337bb6f:group-F92D3B33CAEB changes role from CANDIDATE to FOLLOWER at term 4 for DISCOVERED_A_NEW_TERM
2019-09-04 10:55:05,396 [306f7091-fd43-44cb-822b-63a12337bb6f:group-F92D3B33CAEB:LeaderElection26] INFO  impl.RoleInfo (RoleInfo.java:shutdownLeaderElection(134)) - 306f7091-fd43-44cb-822b-63a12337bb6f: shutdown LeaderElection
2019-09-04 10:55:05,396 [306f7091-fd43-44cb-822b-63a12337bb6f:group-F92D3B33CAEB:LeaderElection26] INFO  impl.RoleInfo (RoleInfo.java:updateAndGet(143)) - 306f7091-fd43-44cb-822b-63a12337bb6f: start FollowerState
2019-09-04 10:55:06,108 [grpc-default-executor-1] WARN  server.GrpcLogAppender (LogUtils.java:warn(134)) - a94f35c6-e7cd-44f4-9fc5-5bedbc811dcb->af967e59-4194-4ca7-b6c8-8e0983d32eae: Failed appendEntries: org.apache.ratis.thirdparty.io.grpc.StatusRuntimeException: UNAVAILABLE: io exception
2019-09-04 10:55:06,111 [grpc-default-executor-1] INFO  impl.FollowerInfo (FollowerInfo.java:lambda$new$0(50)) - a94f35c6-e7cd-44f4-9fc5-5bedbc811dcb->af967e59-4194-4ca7-b6c8-8e0983d32eae: nextIndex: updateUnconditionally 0 -> 0
2019-09-04 10:55:06,200 [main] INFO  ozoneimpl.OzoneContainer (OzoneContainer.java:stop(215)) - Attempting to stop container services.
2019-09-04 10:55:06,200 [main] INFO  impl.RaftServerProxy (RaftServerProxy.java:lambda$close$4(314)) - a94f35c6-e7cd-44f4-9fc5-5bedbc811dcb: close
2019-09-04 10:55:06,201 [main] INFO  impl.RaftServerImpl (RaftServerImpl.java:lambda$shutdown$3(245)) - a94f35c6-e7cd-44f4-9fc5-5bedbc811dcb: shutdown group-D8B2F8BCBE85
2019-09-04 10:55:06,201 [ForkJoinPool.commonPool-worker-0] INFO  impl.RaftServerImpl (RaftServerImpl.java:lambda$shutdown$3(245)) - a94f35c6-e7cd-44f4-9fc5-5bedbc811dcb: shutdown group-305D90ED7D72
2019-09-04 10:55:06,201 [main] INFO  util.JmxRegister (JmxRegister.java:unregister(73)) - Successfully un-registered JMX Bean with object name Ratis:service=RaftServer,group=group-D8B2F8BCBE85,id=a94f35c6-e7cd-44f4-9fc5-5bedbc811dcb
2019-09-04 10:55:06,202 [ForkJoinPool.commonPool-worker-0] INFO  util.JmxRegister (JmxRegister.java:unregister(73)) - Successfully un-registered JMX Bean with object name Ratis:service=RaftServer,group=group-305D90ED7D72,id=a94f35c6-e7cd-44f4-9fc5-5bedbc811dcb
2019-09-04 10:55:06,202 [main] INFO  impl.RoleInfo (RoleInfo.java:shutdownFollowerState(121)) - a94f35c6-e7cd-44f4-9fc5-5bedbc811dcb: shutdown FollowerState
2019-09-04 10:55:06,202 [ForkJoinPool.commonPool-worker-0] INFO  impl.RoleInfo (RoleInfo.java:shutdownLeaderState(104)) - a94f35c6-e7cd-44f4-9fc5-5bedbc811dcb: shutdown LeaderState
2019-09-04 10:55:06,202 [main] INFO  impl.StateMachineUpdater (StateMachineUpdater.java:stopAndJoin(115)) - StateMachineUpdater:a94f35c6-e7cd-44f4-9fc5-5bedbc811dcb:group-D8B2F8BCBE85: set stopIndex = 9
2019-09-04 10:55:06,206 [Thread-409] INFO  impl.FollowerState (FollowerState.java:run(114)) - a94f35c6-e7cd-44f4-9fc5-5bedbc811dcb: FollowerState was interrupted: java.lang.InterruptedException: sleep interrupted
2019-09-04 10:55:06,206 [ForkJoinPool.commonPool-worker-0] INFO  impl.PendingRequests (PendingRequests.java:sendNotLeaderResponses(202)) - a94f35c6-e7cd-44f4-9fc5-5bedbc811dcb-PendingRequests: sendNotLeaderResponses
2019-09-04 10:55:06,203 [StateMachineUpdater:a94f35c6-e7cd-44f4-9fc5-5bedbc811dcb:group-D8B2F8BCBE85] INFO  ratis.ContainerStateMachine (ContainerStateMachine.java:takeSnapshot(284)) - group-D8B2F8BCBE85: Taking a snapshot at:(t:2, i:8) file /workdir/hadoop-ozone/integration-test/target/test-dir/MiniOzoneClusterImpl-ef69ce0e-7233-4eeb-a967-488b402a98c8/datanode-1/data/ratis/27e97680-5d69-47b8-82a7-d8b2f8bcbe85/sm/snapshot.2_8
2019-09-04 10:55:06,209 [ForkJoinPool.commonPool-worker-0] INFO  impl.StateMachineUpdater (StateMachineUpdater.java:stopAndJoin(115)) - StateMachineUpdater:a94f35c6-e7cd-44f4-9fc5-5bedbc811dcb:group-305D90ED7D72: set stopIndex = 0
2019-09-04 10:55:06,207 [org.apache.ratis.server.impl.LogAppender$AppenderDaemon$$Lambda$480/1840780997@1ef82aed] WARN  server.GrpcLogAppender (GrpcLogAppender.java:mayWait(143)) - GrpcLogAppender(a94f35c6-e7cd-44f4-9fc5-5bedbc811dcb->306f7091-fd43-44cb-822b-63a12337bb6f): Wait interrupted by java.lang.InterruptedException
2019-09-04 10:55:06,207 [org.apache.ratis.server.impl.LogAppender$AppenderDaemon$$Lambda$480/1840780997@43c9e087] WARN  server.GrpcLogAppender (GrpcLogAppender.java:mayWait(143)) - GrpcLogAppender(a94f35c6-e7cd-44f4-9fc5-5bedbc811dcb->af967e59-4194-4ca7-b6c8-8e0983d32eae): Wait interrupted by java.lang.InterruptedException
2019-09-04 10:55:06,209 [ForkJoinPool.commonPool-worker-0] INFO  impl.RaftServerImpl (ServerState.java:close(394)) - a94f35c6-e7cd-44f4-9fc5-5bedbc811dcb:group-305D90ED7D72 closes. The last applied log index is 0
2019-09-04 10:55:06,210 [a94f35c6-e7cd-44f4-9fc5-5bedbc811dcb-SegmentedRaftLogWorker:Storage Directory /workdir/hadoop-ozone/integration-test/target/test-dir/MiniOzoneClusterImpl-ef69ce0e-7233-4eeb-a967-488b402a98c8/datanode-1/data/ratis/1dd8667d-5736-41dc-be65-305d90ed7d72] INFO  segmented.SegmentedRaftLogWorker (SegmentedRaftLogWorker.java:run(313)) - a94f35c6-e7cd-44f4-9fc5-5bedbc811dcb-SegmentedRaftLogWorker:Storage Directory /workdir/hadoop-ozone/integration-test/target/test-dir/MiniOzoneClusterImpl-ef69ce0e-7233-4eeb-a967-488b402a98c8/datanode-1/data/ratis/1dd8667d-5736-41dc-be65-305d90ed7d72 was interrupted, exiting. There are 0 tasks remaining in the queue.
2019-09-04 10:55:06,211 [ForkJoinPool.commonPool-worker-0] INFO  segmented.SegmentedRaftLogWorker (SegmentedRaftLogWorker.java:close(228)) - a94f35c6-e7cd-44f4-9fc5-5bedbc811dcb-SegmentedRaftLogWorker:Storage Directory /workdir/hadoop-ozone/integration-test/target/test-dir/MiniOzoneClusterImpl-ef69ce0e-7233-4eeb-a967-488b402a98c8/datanode-1/data/ratis/1dd8667d-5736-41dc-be65-305d90ed7d72 close()
2019-09-04 10:55:06,213 [ForkJoinPool.commonPool-worker-0] INFO  impl.RaftServerImpl (RaftServerImpl.java:lambda$shutdown$3(245)) - a94f35c6-e7cd-44f4-9fc5-5bedbc811dcb: shutdown group-EA9A34BEEC33
2019-09-04 10:55:06,213 [ForkJoinPool.commonPool-worker-0] INFO  util.JmxRegister (JmxRegister.java:unregister(73)) - Successfully un-registered JMX Bean with object name Ratis:service=RaftServer,group=group-EA9A34BEEC33,id=a94f35c6-e7cd-44f4-9fc5-5bedbc811dcb
2019-09-04 10:55:06,214 [ForkJoinPool.commonPool-worker-0] INFO  impl.RoleInfo (RoleInfo.java:shutdownLeaderState(104)) - a94f35c6-e7cd-44f4-9fc5-5bedbc811dcb: shutdown LeaderState
2019-09-04 10:55:06,216 [ForkJoinPool.commonPool-worker-0] INFO  impl.PendingRequests (PendingRequests.java:sendNotLeaderResponses(202)) - a94f35c6-e7cd-44f4-9fc5-5bedbc811dcb-PendingRequests: sendNotLeaderResponses
2019-09-04 10:55:06,216 [org.apache.ratis.server.impl.LogAppender$AppenderDaemon$$Lambda$480/1840780997@5a7e6ecf] WARN  server.GrpcLogAppender (GrpcLogAppender.java:mayWait(143)) - GrpcLogAppender(a94f35c6-e7cd-44f4-9fc5-5bedbc811dcb->306f7091-fd43-44cb-822b-63a12337bb6f): Wait interrupted by java.lang.InterruptedException
2019-09-04 10:55:06,216 [grpc-default-executor-1] INFO  server.GrpcServerProtocolService (GrpcServerProtocolService.java:onCompleted(104)) - 306f7091-fd43-44cb-822b-63a12337bb6f: appendEntries completed
2019-09-04 10:55:06,216 [ForkJoinPool.commonPool-worker-0] INFO  impl.StateMachineUpdater (StateMachineUpdater.java:stopAndJoin(115)) - StateMachineUpdater:a94f35c6-e7cd-44f4-9fc5-5bedbc811dcb:group-EA9A34BEEC33: set stopIndex = 0
2019-09-04 10:55:06,216 [org.apache.ratis.server.impl.LogAppender$AppenderDaemon$$Lambda$480/1840780997@1f7cf344] WARN  server.GrpcLogAppender (GrpcLogAppender.java:mayWait(143)) - GrpcLogAppender(a94f35c6-e7cd-44f4-9fc5-5bedbc811dcb->af967e59-4194-4ca7-b6c8-8e0983d32eae): Wait interrupted by java.lang.InterruptedException
2019-09-04 10:55:06,216 [ForkJoinPool.commonPool-worker-0] INFO  impl.RaftServerImpl (ServerState.java:close(394)) - a94f35c6-e7cd-44f4-9fc5-5bedbc811dcb:group-EA9A34BEEC33 closes. The last applied log index is 0
2019-09-04 10:55:06,217 [a94f35c6-e7cd-44f4-9fc5-5bedbc811dcb-SegmentedRaftLogWorker:Storage Directory /workdir/hadoop-ozone/integration-test/target/test-dir/MiniOzoneClusterImpl-ef69ce0e-7233-4eeb-a967-488b402a98c8/datanode-1/data/ratis/da25b56d-8bb5-432e-8aed-ea9a34beec33] INFO  segmented.SegmentedRaftLogWorker (SegmentedRaftLogWorker.java:run(313)) - a94f35c6-e7cd-44f4-9fc5-5bedbc811dcb-SegmentedRaftLogWorker:Storage Directory /workdir/hadoop-ozone/integration-test/target/test-dir/MiniOzoneClusterImpl-ef69ce0e-7233-4eeb-a967-488b402a98c8/datanode-1/data/ratis/da25b56d-8bb5-432e-8aed-ea9a34beec33 was interrupted, exiting. There are 0 tasks remaining in the queue.
2019-09-04 10:55:06,218 [ForkJoinPool.commonPool-worker-0] INFO  segmented.SegmentedRaftLogWorker (SegmentedRaftLogWorker.java:close(228)) - a94f35c6-e7cd-44f4-9fc5-5bedbc811dcb-SegmentedRaftLogWorker:Storage Directory /workdir/hadoop-ozone/integration-test/target/test-dir/MiniOzoneClusterImpl-ef69ce0e-7233-4eeb-a967-488b402a98c8/datanode-1/data/ratis/da25b56d-8bb5-432e-8aed-ea9a34beec33 close()
2019-09-04 10:55:06,220 [ForkJoinPool.commonPool-worker-0] INFO  impl.RaftServerImpl (RaftServerImpl.java:lambda$shutdown$3(245)) - a94f35c6-e7cd-44f4-9fc5-5bedbc811dcb: shutdown group-F92D3B33CAEB
2019-09-04 10:55:06,220 [grpc-default-executor-1] INFO  server.GrpcServerProtocolService (GrpcServerProtocolService.java:onCompleted(104)) - 306f7091-fd43-44cb-822b-63a12337bb6f: appendEntries completed
2019-09-04 10:55:06,220 [ForkJoinPool.commonPool-worker-0] INFO  util.JmxRegister (JmxRegister.java:unregister(73)) - Successfully un-registered JMX Bean with object name Ratis:service=RaftServer,group=group-F92D3B33CAEB,id=a94f35c6-e7cd-44f4-9fc5-5bedbc811dcb
2019-09-04 10:55:06,220 [ForkJoinPool.commonPool-worker-0] INFO  impl.RoleInfo (RoleInfo.java:shutdownFollowerState(121)) - a94f35c6-e7cd-44f4-9fc5-5bedbc811dcb: shutdown FollowerState
2019-09-04 10:55:06,220 [grpc-default-executor-4] INFO  server.GrpcLogAppender (GrpcLogAppender.java:onCompleted(292)) - a94f35c6-e7cd-44f4-9fc5-5bedbc811dcb->306f7091-fd43-44cb-822b-63a12337bb6f: follower responses appendEntries COMPLETED
2019-09-04 10:55:06,221 [Thread-499] INFO  impl.FollowerState (FollowerState.java:run(114)) - a94f35c6-e7cd-44f4-9fc5-5bedbc811dcb: FollowerState was interrupted: java.lang.InterruptedException: sleep interrupted
2019-09-04 10:55:06,220 [ForkJoinPool.commonPool-worker-0] INFO  impl.StateMachineUpdater (StateMachineUpdater.java:stopAndJoin(115)) - StateMachineUpdater:a94f35c6-e7cd-44f4-9fc5-5bedbc811dcb:group-F92D3B33CAEB: set stopIndex = -1
2019-09-04 10:55:06,221 [grpc-default-executor-4] INFO  impl.FollowerInfo (FollowerInfo.java:lambda$new$0(50)) - a94f35c6-e7cd-44f4-9fc5-5bedbc811dcb->306f7091-fd43-44cb-822b-63a12337bb6f: nextIndex: updateUnconditionally 1 -> 0
2019-09-04 10:55:06,222 [grpc-default-executor-1] INFO  server.GrpcLogAppender (GrpcLogAppender.java:onCompleted(292)) - a94f35c6-e7cd-44f4-9fc5-5bedbc811dcb->306f7091-fd43-44cb-822b-63a12337bb6f: follower responses appendEntries COMPLETED
2019-09-04 10:55:06,222 [ForkJoinPool.commonPool-worker-0] INFO  impl.RaftServerImpl (ServerState.java:close(394)) - a94f35c6-e7cd-44f4-9fc5-5bedbc811dcb:group-F92D3B33CAEB closes. The last applied log index is -1
2019-09-04 10:55:06,223 [grpc-default-executor-1] INFO  impl.FollowerInfo (FollowerInfo.java:lambda$new$0(50)) - a94f35c6-e7cd-44f4-9fc5-5bedbc811dcb->306f7091-fd43-44cb-822b-63a12337bb6f: nextIndex: updateUnconditionally 1 -> 0
2019-09-04 10:55:06,223 [a94f35c6-e7cd-44f4-9fc5-5bedbc811dcb-SegmentedRaftLogWorker:Storage Directory /workdir/hadoop-ozone/integration-test/target/test-dir/MiniOzoneClusterImpl-ef69ce0e-7233-4eeb-a967-488b402a98c8/datanode-1/data/ratis/b4bd29de-92c0-4f58-a2f1-f92d3b33caeb] INFO  segmented.SegmentedRaftLogWorker (SegmentedRaftLogWorker.java:run(313)) - a94f35c6-e7cd-44f4-9fc5-5bedbc811dcb-SegmentedRaftLogWorker:Storage Directory /workdir/hadoop-ozone/integration-test/target/test-dir/MiniOzoneClusterImpl-ef69ce0e-7233-4eeb-a967-488b402a98c8/datanode-1/data/ratis/b4bd29de-92c0-4f58-a2f1-f92d3b33caeb was interrupted, exiting. There are 0 tasks remaining in the queue.
2019-09-04 10:55:06,223 [ForkJoinPool.commonPool-worker-0] INFO  segmented.SegmentedRaftLogWorker (SegmentedRaftLogWorker.java:close(228)) - a94f35c6-e7cd-44f4-9fc5-5bedbc811dcb-SegmentedRaftLogWorker:Storage Directory /workdir/hadoop-ozone/integration-test/target/test-dir/MiniOzoneClusterImpl-ef69ce0e-7233-4eeb-a967-488b402a98c8/datanode-1/data/ratis/b4bd29de-92c0-4f58-a2f1-f92d3b33caeb close()
2019-09-04 10:55:06,241 [StateMachineUpdater:a94f35c6-e7cd-44f4-9fc5-5bedbc811dcb:group-D8B2F8BCBE85] INFO  ratis.ContainerStateMachine (ContainerStateMachine.java:takeSnapshot(295)) - group-D8B2F8BCBE85: Finished taking a snapshot at:(t:2, i:8) file:/workdir/hadoop-ozone/integration-test/target/test-dir/MiniOzoneClusterImpl-ef69ce0e-7233-4eeb-a967-488b402a98c8/datanode-1/data/ratis/27e97680-5d69-47b8-82a7-d8b2f8bcbe85/sm/snapshot.2_8 time:38
2019-09-04 10:55:06,241 [StateMachineUpdater:a94f35c6-e7cd-44f4-9fc5-5bedbc811dcb:group-D8B2F8BCBE85] INFO  impl.StateMachineUpdater (StateMachineUpdater.java:takeSnapshot(242)) - StateMachineUpdater:a94f35c6-e7cd-44f4-9fc5-5bedbc811dcb:group-D8B2F8BCBE85: Took a snapshot at index 8
2019-09-04 10:55:06,241 [StateMachineUpdater:a94f35c6-e7cd-44f4-9fc5-5bedbc811dcb:group-D8B2F8BCBE85] INFO  impl.StateMachineUpdater (StateMachineUpdater.java:lambda$new$0(80)) - StateMachineUpdater:a94f35c6-e7cd-44f4-9fc5-5bedbc811dcb:group-D8B2F8BCBE85: snapshotIndex: updateIncreasingly -1 -> 8
2019-09-04 10:55:06,242 [main] INFO  impl.RaftServerImpl (ServerState.java:close(394)) - a94f35c6-e7cd-44f4-9fc5-5bedbc811dcb:group-D8B2F8BCBE85 closes. The last applied log index is 9
2019-09-04 10:55:06,242 [a94f35c6-e7cd-44f4-9fc5-5bedbc811dcb-SegmentedRaftLogWorker:Storage Directory /workdir/hadoop-ozone/integration-test/target/test-dir/MiniOzoneClusterImpl-ef69ce0e-7233-4eeb-a967-488b402a98c8/datanode-1/data/ratis/27e97680-5d69-47b8-82a7-d8b2f8bcbe85] INFO  segmented.SegmentedRaftLogWorker (SegmentedRaftLogWorker.java:run(313)) - a94f35c6-e7cd-44f4-9fc5-5bedbc811dcb-SegmentedRaftLogWorker:Storage Directory /workdir/hadoop-ozone/integration-test/target/test-dir/MiniOzoneClusterImpl-ef69ce0e-7233-4eeb-a967-488b402a98c8/datanode-1/data/ratis/27e97680-5d69-47b8-82a7-d8b2f8bcbe85 was interrupted, exiting. There are 0 tasks remaining in the queue.
2019-09-04 10:55:06,243 [main] INFO  segmented.SegmentedRaftLogWorker (SegmentedRaftLogWorker.java:close(228)) - a94f35c6-e7cd-44f4-9fc5-5bedbc811dcb-SegmentedRaftLogWorker:Storage Directory /workdir/hadoop-ozone/integration-test/target/test-dir/MiniOzoneClusterImpl-ef69ce0e-7233-4eeb-a967-488b402a98c8/datanode-1/data/ratis/27e97680-5d69-47b8-82a7-d8b2f8bcbe85 close()
2019-09-04 10:55:06,246 [main] INFO  server.GrpcService (GrpcService.java:closeImpl(155)) - a94f35c6-e7cd-44f4-9fc5-5bedbc811dcb: shutdown server with port 36627 now
2019-09-04 10:55:06,248 [grpc-default-executor-4] WARN  server.GrpcServerProtocolService (LogUtils.java:warn(134)) - a94f35c6-e7cd-44f4-9fc5-5bedbc811dcb: appendEntries onError: org.apache.ratis.thirdparty.io.grpc.StatusRuntimeException: CANCELLED: cancelled before receiving half close
2019-09-04 10:55:06,248 [main] INFO  server.GrpcService (GrpcService.java:closeImpl(163)) - a94f35c6-e7cd-44f4-9fc5-5bedbc811dcb: shutdown server with port 36627 successfully
2019-09-04 10:55:06,248 [grpc-default-executor-4] WARN  server.GrpcLogAppender (LogUtils.java:warn(134)) - 306f7091-fd43-44cb-822b-63a12337bb6f->a94f35c6-e7cd-44f4-9fc5-5bedbc811dcb: Failed appendEntries: org.apache.ratis.thirdparty.io.grpc.StatusRuntimeException: CANCELLED: HTTP/2 error code: CANCEL
Received Rst Stream
2019-09-04 10:55:06,249 [grpc-default-executor-4] INFO  impl.FollowerInfo (FollowerInfo.java:lambda$new$0(50)) - 306f7091-fd43-44cb-822b-63a12337bb6f->a94f35c6-e7cd-44f4-9fc5-5bedbc811dcb: nextIndex: updateUnconditionally 10 -> 9
2019-09-04 10:55:06,250 [refreshUsed-/workdir/hadoop-ozone/integration-test/target/test-dir/MiniOzoneClusterImpl-ef69ce0e-7233-4eeb-a967-488b402a98c8/datanode-1/data/containers] WARN  fs.CachingGetSpaceUsed (CachingGetSpaceUsed.java:run(183)) - Thread Interrupted waiting to refresh disk information: sleep interrupted
2019-09-04 10:55:06,269 [main] INFO  utils.BackgroundService (BackgroundService.java:shutdown(148)) - Shutting down service BlockDeletingService
2019-09-04 10:55:06,272 [main] INFO  statemachine.DatanodeStateMachine (DatanodeStateMachine.java:stopDaemon(395)) - Ozone container server stopped.
2019-09-04 10:55:06,273 [main] INFO  handler.ContextHandler (ContextHandler.java:doStop(910)) - Stopped o.e.j.w.WebAppContext@3ed7821{/,null,UNAVAILABLE}{/hddsDatanode}
2019-09-04 10:55:06,274 [main] INFO  server.AbstractConnector (AbstractConnector.java:doStop(318)) - Stopped ServerConnector@3bbf841e{HTTP/1.1,[http/1.1]}{0.0.0.0:0}
2019-09-04 10:55:06,275 [main] INFO  handler.ContextHandler (ContextHandler.java:doStop(910)) - Stopped o.e.j.s.ServletContextHandler@6dd1c3ed{/static,jar:file:/home/user/.m2/repository/org/apache/hadoop/hadoop-hdds-container-service/0.5.0-SNAPSHOT/hadoop-hdds-container-service-0.5.0-SNAPSHOT.jar!/webapps/static,UNAVAILABLE}
2019-09-04 10:55:06,275 [main] INFO  handler.ContextHandler (ContextHandler.java:doStop(910)) - Stopped o.e.j.s.ServletContextHandler@46963479{/logs,file:///workdir/hadoop-ozone/integration-test/target/log,UNAVAILABLE}
2019-09-04 10:55:06,292 [grpc-default-executor-4] INFO  client.GrpcClientProtocolClient (GrpcClientProtocolClient.java:onNext(255)) - client-B88B3A356146->306f7091-fd43-44cb-822b-63a12337bb6f: receive RaftClientReply:client-B88B3A356146->306f7091-fd43-44cb-822b-63a12337bb6f@group-D8B2F8BCBE85, cid=18, SUCCESS, logIndex=0, commits[306f7091-fd43-44cb-822b-63a12337bb6f:c9, af967e59-4194-4ca7-b6c8-8e0983d32eae:c7, a94f35c6-e7cd-44f4-9fc5-5bedbc811dcb:c9]
]]></system-out>
  </testcase>
</testsuite>