<?xml version="1.0" encoding="UTF-8"?>
<testsuite xmlns:xsi="http://www.w3.org/2001/XMLSchema-instance" xsi:noNamespaceSchemaLocation="https://maven.apache.org/surefire/maven-surefire-plugin/xsd/surefire-test-report.xsd" name="org.apache.hadoop.ozone.client.rpc.TestMultiBlockWritesWithDnFailures" time="21.218" tests="1" errors="1" skipped="0" failures="0">
  <properties>
    <property name="awt.toolkit" value="sun.awt.X11.XToolkit"/>
    <property name="file.encoding.pkg" value="sun.io"/>
    <property name="java.specification.version" value="1.8"/>
    <property name="sun.cpu.isalist" value=""/>
    <property name="sun.jnu.encoding" value="UTF-8"/>
    <property name="java.class.path" value="/workdir/hadoop-ozone/integration-test/target/test-classes:/workdir/hadoop-ozone/integration-test/target/classes:/home/user/.m2/repository/org/apache/hadoop/hadoop-ozone-common/0.4.1-SNAPSHOT/hadoop-ozone-common-0.4.1-SNAPSHOT.jar:/home/user/.m2/repository/org/apache/commons/commons-compress/1.4.1/commons-compress-1.4.1.jar:/home/user/.m2/repository/org/tukaani/xz/1.0/xz-1.0.jar:/home/user/.m2/repository/org/apache/hadoop/hadoop-common/3.2.0/hadoop-common-3.2.0.jar:/home/user/.m2/repository/org/apache/hadoop/hadoop-hdfs/3.2.0/hadoop-hdfs-3.2.0.jar:/home/user/.m2/repository/org/apache/hadoop/hadoop-hdfs-client/3.2.0/hadoop-hdfs-client-3.2.0.jar:/home/user/.m2/repository/com/fasterxml/jackson/core/jackson-annotations/2.9.5/jackson-annotations-2.9.5.jar:/home/user/.m2/repository/org/apache/hadoop/hadoop-hdds-common/0.4.1-SNAPSHOT/hadoop-hdds-common-0.4.1-SNAPSHOT.jar:/home/user/.m2/repository/javax/annotation/javax.annotation-api/1.2/javax.annotation-api-1.2.jar:/home/user/.m2/repository/org/apache/ratis/ratis-server/0.4.0-2337318-SNAPSHOT/ratis-server-0.4.0-2337318-SNAPSHOT.jar:/home/user/.m2/repository/org/apache/ratis/ratis-thirdparty-misc/0.2.0/ratis-thirdparty-misc-0.2.0.jar:/home/user/.m2/repository/org/apache/ratis/ratis-proto/0.4.0-2337318-SNAPSHOT/ratis-proto-0.4.0-2337318-SNAPSHOT.jar:/home/user/.m2/repository/org/apache/ratis/ratis-common/0.4.0-2337318-SNAPSHOT/ratis-common-0.4.0-2337318-SNAPSHOT.jar:/home/user/.m2/repository/org/apache/ratis/ratis-client/0.4.0-2337318-SNAPSHOT/ratis-client-0.4.0-2337318-SNAPSHOT.jar:/home/user/.m2/repository/org/apache/ratis/ratis-metrics/0.4.0-2337318-SNAPSHOT/ratis-metrics-0.4.0-2337318-SNAPSHOT.jar:/home/user/.m2/repository/org/apache/ratis/ratis-netty/0.4.0-2337318-SNAPSHOT/ratis-netty-0.4.0-2337318-SNAPSHOT.jar:/home/user/.m2/repository/org/apache/ratis/ratis-grpc/0.4.0-2337318-SNAPSHOT/ratis-grpc-0.4.0-2337318-SNAPSHOT.jar:/home/user/.m2/repository/org/rocksdb/rocksdbjni/6.0.1/rocksdbjni-6.0.1.jar:/home/user/.m2/repository/org/apache/logging/log4j/log4j-api/2.11.0/log4j-api-2.11.0.jar:/home/user/.m2/repository/org/apache/logging/log4j/log4j-core/2.11.0/log4j-core-2.11.0.jar:/home/user/.m2/repository/com/lmax/disruptor/3.4.2/disruptor-3.4.2.jar:/home/user/.m2/repository/org/apache/commons/commons-pool2/2.6.0/commons-pool2-2.6.0.jar:/home/user/.m2/repository/org/bouncycastle/bcpkix-jdk15on/1.60/bcpkix-jdk15on-1.60.jar:/home/user/.m2/repository/commons-validator/commons-validator/1.6/commons-validator-1.6.jar:/home/user/.m2/repository/commons-digester/commons-digester/1.8.1/commons-digester-1.8.1.jar:/home/user/.m2/repository/io/jaegertracing/jaeger-client/0.33.1/jaeger-client-0.33.1.jar:/home/user/.m2/repository/io/jaegertracing/jaeger-thrift/0.33.1/jaeger-thrift-0.33.1.jar:/home/user/.m2/repository/org/apache/thrift/libthrift/0.11.0/libthrift-0.11.0.jar:/home/user/.m2/repository/com/squareup/okhttp3/okhttp/3.9.0/okhttp-3.9.0.jar:/home/user/.m2/repository/com/squareup/okio/okio/1.13.0/okio-1.13.0.jar:/home/user/.m2/repository/io/jaegertracing/jaeger-core/0.33.1/jaeger-core-0.33.1.jar:/home/user/.m2/repository/io/jaegertracing/jaeger-tracerresolver/0.33.1/jaeger-tracerresolver-0.33.1.jar:/home/user/.m2/repository/io/opentracing/contrib/opentracing-tracerresolver/0.1.5/opentracing-tracerresolver-0.1.5.jar:/home/user/.m2/repository/io/opentracing/opentracing-util/0.31.0/opentracing-util-0.31.0.jar:/home/user/.m2/repository/io/opentracing/opentracing-api/0.31.0/opentracing-api-0.31.0.jar:/home/user/.m2/repository/io/opentracing/opentracing-noop/0.31.0/opentracing-noop-0.31.0.jar:/home/user/.m2/repository/org/apache/hadoop/hadoop-hdds-server-framework/0.4.1-SNAPSHOT/hadoop-hdds-server-framework-0.4.1-SNAPSHOT.jar:/home/user/.m2/repository/org/apache/hadoop/hadoop-hdds-container-service/0.4.1-SNAPSHOT/hadoop-hdds-container-service-0.4.1-SNAPSHOT.jar:/home/user/.m2/repository/org/apache/hadoop/hadoop-hdds-client/0.4.1-SNAPSHOT/hadoop-hdds-client-0.4.1-SNAPSHOT.jar:/home/user/.m2/repository/org/apache/hadoop/hadoop-hdds-tools/0.4.1-SNAPSHOT/hadoop-hdds-tools-0.4.1-SNAPSHOT.jar:/home/user/.m2/repository/org/apache/hadoop/hadoop-hdds-server-scm/0.4.1-SNAPSHOT/hadoop-hdds-server-scm-0.4.1-SNAPSHOT.jar:/home/user/.m2/repository/org/apache/hadoop/hadoop-hdds-docs/0.4.1-SNAPSHOT/hadoop-hdds-docs-0.4.1-SNAPSHOT.jar:/home/user/.m2/repository/io/dropwizard/metrics/metrics-core/3.2.4/metrics-core-3.2.4.jar:/home/user/.m2/repository/org/hamcrest/hamcrest-all/1.3/hamcrest-all-1.3.jar:/home/user/.m2/repository/org/bouncycastle/bcprov-jdk15on/1.60/bcprov-jdk15on-1.60.jar:/home/user/.m2/repository/info/picocli/picocli/3.9.6/picocli-3.9.6.jar:/home/user/.m2/repository/com/google/protobuf/protobuf-java/2.5.0/protobuf-java-2.5.0.jar:/home/user/.m2/repository/com/google/guava/guava/11.0.2/guava-11.0.2.jar:/home/user/.m2/repository/org/apache/hadoop/hadoop-ozone-ozone-manager/0.4.1-SNAPSHOT/hadoop-ozone-ozone-manager-0.4.1-SNAPSHOT.jar:/home/user/.m2/repository/org/apache/hadoop/hadoop-minikdc/3.2.0/hadoop-minikdc-3.2.0.jar:/home/user/.m2/repository/commons-io/commons-io/2.5/commons-io-2.5.jar:/home/user/.m2/repository/org/apache/kerby/kerb-simplekdc/1.0.1/kerb-simplekdc-1.0.1.jar:/home/user/.m2/repository/org/apache/kerby/kerb-client/1.0.1/kerb-client-1.0.1.jar:/home/user/.m2/repository/org/apache/kerby/kerby-config/1.0.1/kerby-config-1.0.1.jar:/home/user/.m2/repository/org/apache/kerby/kerb-core/1.0.1/kerb-core-1.0.1.jar:/home/user/.m2/repository/org/apache/kerby/kerby-pkix/1.0.1/kerby-pkix-1.0.1.jar:/home/user/.m2/repository/org/apache/kerby/kerby-asn1/1.0.1/kerby-asn1-1.0.1.jar:/home/user/.m2/repository/org/apache/kerby/kerby-util/1.0.1/kerby-util-1.0.1.jar:/home/user/.m2/repository/org/apache/kerby/kerb-common/1.0.1/kerb-common-1.0.1.jar:/home/user/.m2/repository/org/apache/kerby/kerb-crypto/1.0.1/kerb-crypto-1.0.1.jar:/home/user/.m2/repository/org/apache/kerby/kerb-util/1.0.1/kerb-util-1.0.1.jar:/home/user/.m2/repository/org/apache/kerby/token-provider/1.0.1/token-provider-1.0.1.jar:/home/user/.m2/repository/org/apache/kerby/kerb-admin/1.0.1/kerb-admin-1.0.1.jar:/home/user/.m2/repository/org/apache/kerby/kerb-server/1.0.1/kerb-server-1.0.1.jar:/home/user/.m2/repository/org/apache/kerby/kerb-identity/1.0.1/kerb-identity-1.0.1.jar:/home/user/.m2/repository/org/apache/kerby/kerby-xdr/1.0.1/kerby-xdr-1.0.1.jar:/home/user/.m2/repository/org/slf4j/slf4j-log4j12/1.7.25/slf4j-log4j12-1.7.25.jar:/home/user/.m2/repository/org/apache/hadoop/hadoop-ozone-objectstore-service/0.4.1-SNAPSHOT/hadoop-ozone-objectstore-service-0.4.1-SNAPSHOT.jar:/home/user/.m2/repository/org/apache/hadoop/hadoop-ozone-s3gateway/0.4.1-SNAPSHOT/hadoop-ozone-s3gateway-0.4.1-SNAPSHOT.jar:/home/user/.m2/repository/org/jboss/weld/servlet/weld-servlet/2.4.7.Final/weld-servlet-2.4.7.Final.jar:/home/user/.m2/repository/org/glassfish/jersey/containers/jersey-container-servlet-core/2.27/jersey-container-servlet-core-2.27.jar:/home/user/.m2/repository/org/glassfish/hk2/external/javax.inject/2.5.0-b42/javax.inject-2.5.0-b42.jar:/home/user/.m2/repository/org/glassfish/jersey/core/jersey-common/2.27/jersey-common-2.27.jar:/home/user/.m2/repository/org/glassfish/hk2/osgi-resource-locator/1.0.1/osgi-resource-locator-1.0.1.jar:/home/user/.m2/repository/javax/ws/rs/javax.ws.rs-api/2.1/javax.ws.rs-api-2.1.jar:/home/user/.m2/repository/org/glassfish/jersey/ext/cdi/jersey-cdi1x/2.27/jersey-cdi1x-2.27.jar:/home/user/.m2/repository/org/glassfish/jersey/inject/jersey-hk2/2.27/jersey-hk2-2.27.jar:/home/user/.m2/repository/org/glassfish/hk2/hk2-locator/2.5.0-b42/hk2-locator-2.5.0-b42.jar:/home/user/.m2/repository/org/javassist/javassist/3.22.0-CR2/javassist-3.22.0-CR2.jar:/home/user/.m2/repository/org/glassfish/hk2/hk2-api/2.5.0/hk2-api-2.5.0.jar:/home/user/.m2/repository/org/glassfish/hk2/external/jakarta.inject/2.5.0/jakarta.inject-2.5.0.jar:/home/user/.m2/repository/org/glassfish/hk2/hk2-utils/2.5.0/hk2-utils-2.5.0.jar:/home/user/.m2/repository/jakarta/annotation/jakarta.annotation-api/1.3.4/jakarta.annotation-api-1.3.4.jar:/home/user/.m2/repository/org/glassfish/hk2/external/aopalliance-repackaged/2.5.0/aopalliance-repackaged-2.5.0.jar:/home/user/.m2/repository/com/fasterxml/jackson/dataformat/jackson-dataformat-xml/2.9.0/jackson-dataformat-xml-2.9.0.jar:/home/user/.m2/repository/com/fasterxml/jackson/core/jackson-core/2.9.5/jackson-core-2.9.5.jar:/home/user/.m2/repository/com/fasterxml/jackson/module/jackson-module-jaxb-annotations/2.9.5/jackson-module-jaxb-annotations-2.9.5.jar:/home/user/.m2/repository/javax/enterprise/cdi-api/1.2/cdi-api-1.2.jar:/home/user/.m2/repository/javax/el/javax.el-api/3.0.0/javax.el-api-3.0.0.jar:/home/user/.m2/repository/javax/interceptor/javax.interceptor-api/1.2/javax.interceptor-api-1.2.jar:/home/user/.m2/repository/javax/inject/javax.inject/1/javax.inject-1.jar:/home/user/.m2/repository/com/sun/xml/bind/jaxb-impl/2.3.0.1/jaxb-impl-2.3.0.1.jar:/home/user/.m2/repository/com/sun/xml/bind/jaxb-core/2.3.0.1/jaxb-core-2.3.0.1.jar:/home/user/.m2/repository/javax/xml/bind/jaxb-api/2.3.0/jaxb-api-2.3.0.jar:/home/user/.m2/repository/javax/activation/activation/1.1.1/activation-1.1.1.jar:/home/user/.m2/repository/org/apache/hadoop/hadoop-ozone-csi/0.4.1-SNAPSHOT/hadoop-ozone-csi-0.4.1-SNAPSHOT.jar:/home/user/.m2/repository/com/google/protobuf/protobuf-java-util/3.5.1/protobuf-java-util-3.5.1.jar:/home/user/.m2/repository/org/apache/hadoop/hadoop-hdds-config/0.4.1-SNAPSHOT/hadoop-hdds-config-0.4.1-SNAPSHOT.jar:/home/user/.m2/repository/io/grpc/grpc-netty/1.17.1/grpc-netty-1.17.1.jar:/home/user/.m2/repository/io/grpc/grpc-core/1.17.1/grpc-core-1.17.1.jar:/home/user/.m2/repository/io/grpc/grpc-context/1.17.1/grpc-context-1.17.1.jar:/home/user/.m2/repository/com/google/errorprone/error_prone_annotations/2.2.0/error_prone_annotations-2.2.0.jar:/home/user/.m2/repository/org/codehaus/mojo/animal-sniffer-annotations/1.17/animal-sniffer-annotations-1.17.jar:/home/user/.m2/repository/io/opencensus/opencensus-api/0.17.0/opencensus-api-0.17.0.jar:/home/user/.m2/repository/io/opencensus/opencensus-contrib-grpc-metrics/0.17.0/opencensus-contrib-grpc-metrics-0.17.0.jar:/home/user/.m2/repository/io/netty/netty-codec-http2/4.1.30.Final/netty-codec-http2-4.1.30.Final.jar:/home/user/.m2/repository/io/netty/netty-codec-http/4.1.30.Final/netty-codec-http-4.1.30.Final.jar:/home/user/.m2/repository/io/netty/netty-codec/4.1.30.Final/netty-codec-4.1.30.Final.jar:/home/user/.m2/repository/io/netty/netty-handler/4.1.30.Final/netty-handler-4.1.30.Final.jar:/home/user/.m2/repository/io/netty/netty-handler-proxy/4.1.30.Final/netty-handler-proxy-4.1.30.Final.jar:/home/user/.m2/repository/io/netty/netty-codec-socks/4.1.30.Final/netty-codec-socks-4.1.30.Final.jar:/home/user/.m2/repository/io/netty/netty-transport-native-epoll/4.1.30.Final/netty-transport-native-epoll-4.1.30.Final.jar:/home/user/.m2/repository/io/netty/netty-common/4.1.30.Final/netty-common-4.1.30.Final.jar:/home/user/.m2/repository/io/netty/netty-buffer/4.1.30.Final/netty-buffer-4.1.30.Final.jar:/home/user/.m2/repository/io/netty/netty-transport/4.1.30.Final/netty-transport-4.1.30.Final.jar:/home/user/.m2/repository/io/netty/netty-resolver/4.1.30.Final/netty-resolver-4.1.30.Final.jar:/home/user/.m2/repository/io/netty/netty-transport-native-unix-common/4.1.30.Final/netty-transport-native-unix-common-4.1.30.Final.jar:/home/user/.m2/repository/io/grpc/grpc-protobuf/1.17.1/grpc-protobuf-1.17.1.jar:/home/user/.m2/repository/com/google/api/grpc/proto-google-common-protos/1.0.0/proto-google-common-protos-1.0.0.jar:/home/user/.m2/repository/io/grpc/grpc-protobuf-lite/1.17.1/grpc-protobuf-lite-1.17.1.jar:/home/user/.m2/repository/io/grpc/grpc-stub/1.17.1/grpc-stub-1.17.1.jar:/home/user/.m2/repository/org/apache/hadoop/hadoop-ozone-recon/0.4.1-SNAPSHOT/hadoop-ozone-recon-0.4.1-SNAPSHOT.jar:/home/user/.m2/repository/org/apache/hadoop/hadoop-ozone-reconcodegen/0.4.1-SNAPSHOT/hadoop-ozone-reconcodegen-0.4.1-SNAPSHOT.jar:/home/user/.m2/repository/com/google/inject/extensions/guice-multibindings/4.0/guice-multibindings-4.0.jar:/home/user/.m2/repository/com/google/inject/guice/4.0/guice-4.0.jar:/home/user/.m2/repository/aopalliance/aopalliance/1.0/aopalliance-1.0.jar:/home/user/.m2/repository/com/google/inject/extensions/guice-servlet/4.0/guice-servlet-4.0.jar:/home/user/.m2/repository/org/glassfish/jersey/containers/jersey-container-servlet/2.27/jersey-container-servlet-2.27.jar:/home/user/.m2/repository/org/glassfish/hk2/guice-bridge/2.5.0/guice-bridge-2.5.0.jar:/home/user/.m2/repository/org/glassfish/jersey/core/jersey-server/2.27/jersey-server-2.27.jar:/home/user/.m2/repository/org/glassfish/jersey/core/jersey-client/2.27/jersey-client-2.27.jar:/home/user/.m2/repository/org/glassfish/jersey/media/jersey-media-jaxb/2.27/jersey-media-jaxb-2.27.jar:/home/user/.m2/repository/javax/validation/validation-api/1.1.0.Final/validation-api-1.1.0.Final.jar:/home/user/.m2/repository/org/glassfish/jersey/media/jersey-media-json-jackson/2.27/jersey-media-json-jackson-2.27.jar:/home/user/.m2/repository/org/glassfish/jersey/ext/jersey-entity-filtering/2.27/jersey-entity-filtering-2.27.jar:/home/user/.m2/repository/com/google/inject/extensions/guice-assistedinject/4.0/guice-assistedinject-4.0.jar:/home/user/.m2/repository/org/jooq/jooq/3.11.10/jooq-3.11.10.jar:/home/user/.m2/repository/org/jooq/jooq-meta/3.11.10/jooq-meta-3.11.10.jar:/home/user/.m2/repository/org/jooq/jooq-codegen/3.11.10/jooq-codegen-3.11.10.jar:/home/user/.m2/repository/com/jolbox/bonecp/0.8.0.RELEASE/bonecp-0.8.0.RELEASE.jar:/home/user/.m2/repository/org/xerial/sqlite-jdbc/3.25.2/sqlite-jdbc-3.25.2.jar:/home/user/.m2/repository/org/springframework/spring-jdbc/5.1.3.RELEASE/spring-jdbc-5.1.3.RELEASE.jar:/home/user/.m2/repository/org/springframework/spring-beans/5.1.3.RELEASE/spring-beans-5.1.3.RELEASE.jar:/home/user/.m2/repository/org/springframework/spring-core/5.1.3.RELEASE/spring-core-5.1.3.RELEASE.jar:/home/user/.m2/repository/org/springframework/spring-jcl/5.1.3.RELEASE/spring-jcl-5.1.3.RELEASE.jar:/home/user/.m2/repository/org/springframework/spring-tx/5.1.3.RELEASE/spring-tx-5.1.3.RELEASE.jar:/home/user/.m2/repository/org/apache/hadoop/hadoop-ozone-client/0.4.1-SNAPSHOT/hadoop-ozone-client-0.4.1-SNAPSHOT.jar:/home/user/.m2/repository/commons-lang/commons-lang/2.6/commons-lang-2.6.jar:/home/user/.m2/repository/org/apache/hadoop/hadoop-ozone-ozone-manager/0.4.1-SNAPSHOT/hadoop-ozone-ozone-manager-0.4.1-SNAPSHOT-tests.jar:/home/user/.m2/repository/junit/junit/4.11/junit-4.11.jar:/home/user/.m2/repository/org/hamcrest/hamcrest-core/1.3/hamcrest-core-1.3.jar:/home/user/.m2/repository/org/openjdk/jmh/jmh-core/1.19/jmh-core-1.19.jar:/home/user/.m2/repository/net/sf/jopt-simple/jopt-simple/4.6/jopt-simple-4.6.jar:/home/user/.m2/repository/org/apache/commons/commons-math3/3.1.1/commons-math3-3.1.1.jar:/home/user/.m2/repository/org/openjdk/jmh/jmh-generator-annprocess/1.19/jmh-generator-annprocess-1.19.jar:/home/user/.m2/repository/org/mockito/mockito-all/1.8.5/mockito-all-1.8.5.jar:/home/user/.m2/repository/org/apache/hadoop/hadoop-kms/3.2.0/hadoop-kms-3.2.0.jar:/home/user/.m2/repository/org/apache/hadoop/hadoop-auth/3.2.0/hadoop-auth-3.2.0.jar:/home/user/.m2/repository/com/nimbusds/nimbus-jose-jwt/4.41.1/nimbus-jose-jwt-4.41.1.jar:/home/user/.m2/repository/com/github/stephenc/jcip/jcip-annotations/1.0-1/jcip-annotations-1.0-1.jar:/home/user/.m2/repository/net/minidev/json-smart/2.3/json-smart-2.3.jar:/home/user/.m2/repository/net/minidev/accessors-smart/1.2/accessors-smart-1.2.jar:/home/user/.m2/repository/org/ow2/asm/asm/5.0.4/asm-5.0.4.jar:/home/user/.m2/repository/org/apache/curator/curator-framework/2.12.0/curator-framework-2.12.0.jar:/home/user/.m2/repository/com/sun/jersey/jersey-core/1.19/jersey-core-1.19.jar:/home/user/.m2/repository/javax/ws/rs/jsr311-api/1.1.1/jsr311-api-1.1.1.jar:/home/user/.m2/repository/com/sun/jersey/jersey-server/1.19/jersey-server-1.19.jar:/home/user/.m2/repository/javax/servlet/javax.servlet-api/3.1.0/javax.servlet-api-3.1.0.jar:/home/user/.m2/repository/org/eclipse/jetty/jetty-server/9.3.24.v20180605/jetty-server-9.3.24.v20180605.jar:/home/user/.m2/repository/org/eclipse/jetty/jetty-http/9.3.24.v20180605/jetty-http-9.3.24.v20180605.jar:/home/user/.m2/repository/org/eclipse/jetty/jetty-io/9.3.24.v20180605/jetty-io-9.3.24.v20180605.jar:/home/user/.m2/repository/org/eclipse/jetty/jetty-webapp/9.3.24.v20180605/jetty-webapp-9.3.24.v20180605.jar:/home/user/.m2/repository/org/eclipse/jetty/jetty-xml/9.3.24.v20180605/jetty-xml-9.3.24.v20180605.jar:/home/user/.m2/repository/log4j/log4j/1.2.17/log4j-1.2.17.jar:/home/user/.m2/repository/org/slf4j/slf4j-api/1.7.25/slf4j-api-1.7.25.jar:/home/user/.m2/repository/org/slf4j/jul-to-slf4j/1.7.25/jul-to-slf4j-1.7.25.jar:/home/user/.m2/repository/org/eclipse/jetty/jetty-util/9.3.24.v20180605/jetty-util-9.3.24.v20180605.jar:/home/user/.m2/repository/com/fasterxml/jackson/core/jackson-databind/2.9.5/jackson-databind-2.9.5.jar:/home/user/.m2/repository/org/apache/hadoop/hadoop-kms/3.2.0/hadoop-kms-3.2.0-tests.jar:/home/user/.m2/repository/org/apache/hadoop/hadoop-hdds-server-scm/0.4.1-SNAPSHOT/hadoop-hdds-server-scm-0.4.1-SNAPSHOT-tests.jar:/home/user/.m2/repository/org/apache/hadoop/hadoop-hdds-container-service/0.4.1-SNAPSHOT/hadoop-hdds-container-service-0.4.1-SNAPSHOT-tests.jar:/home/user/.m2/repository/org/yaml/snakeyaml/1.16/snakeyaml-1.16.jar:/home/user/.m2/repository/org/apache/hadoop/hadoop-common/3.2.0/hadoop-common-3.2.0-tests.jar:/home/user/.m2/repository/org/apache/hadoop/hadoop-annotations/3.2.0/hadoop-annotations-3.2.0.jar:/usr/lib/jvm/java-1.8-openjdk/jre/../lib/tools.jar:/home/user/.m2/repository/commons-cli/commons-cli/1.2/commons-cli-1.2.jar:/home/user/.m2/repository/org/apache/httpcomponents/httpclient/4.5.2/httpclient-4.5.2.jar:/home/user/.m2/repository/org/apache/httpcomponents/httpcore/4.4.4/httpcore-4.4.4.jar:/home/user/.m2/repository/commons-codec/commons-codec/1.11/commons-codec-1.11.jar:/home/user/.m2/repository/commons-net/commons-net/3.6/commons-net-3.6.jar:/home/user/.m2/repository/commons-collections/commons-collections/3.2.2/commons-collections-3.2.2.jar:/home/user/.m2/repository/org/eclipse/jetty/jetty-servlet/9.3.24.v20180605/jetty-servlet-9.3.24.v20180605.jar:/home/user/.m2/repository/org/eclipse/jetty/jetty-security/9.3.24.v20180605/jetty-security-9.3.24.v20180605.jar:/home/user/.m2/repository/javax/servlet/jsp/jsp-api/2.1/jsp-api-2.1.jar:/home/user/.m2/repository/com/sun/jersey/jersey-servlet/1.19/jersey-servlet-1.19.jar:/home/user/.m2/repository/com/sun/jersey/jersey-json/1.19/jersey-json-1.19.jar:/home/user/.m2/repository/org/codehaus/jettison/jettison/1.1/jettison-1.1.jar:/home/user/.m2/repository/org/codehaus/jackson/jackson-core-asl/1.9.13/jackson-core-asl-1.9.13.jar:/home/user/.m2/repository/org/codehaus/jackson/jackson-mapper-asl/1.9.13/jackson-mapper-asl-1.9.13.jar:/home/user/.m2/repository/org/codehaus/jackson/jackson-jaxrs/1.9.13/jackson-jaxrs-1.9.13.jar:/home/user/.m2/repository/org/codehaus/jackson/jackson-xc/1.9.13/jackson-xc-1.9.13.jar:/home/user/.m2/repository/commons-logging/commons-logging/1.1.3/commons-logging-1.1.3.jar:/home/user/.m2/repository/commons-beanutils/commons-beanutils/1.9.3/commons-beanutils-1.9.3.jar:/home/user/.m2/repository/org/apache/commons/commons-configuration2/2.1.1/commons-configuration2-2.1.1.jar:/home/user/.m2/repository/org/apache/commons/commons-lang3/3.7/commons-lang3-3.7.jar:/home/user/.m2/repository/org/apache/commons/commons-text/1.4/commons-text-1.4.jar:/home/user/.m2/repository/org/apache/avro/avro/1.7.7/avro-1.7.7.jar:/home/user/.m2/repository/com/thoughtworks/paranamer/paranamer/2.3/paranamer-2.3.jar:/home/user/.m2/repository/org/xerial/snappy/snappy-java/1.0.5/snappy-java-1.0.5.jar:/home/user/.m2/repository/com/google/re2j/re2j/1.1/re2j-1.1.jar:/home/user/.m2/repository/com/google/code/gson/gson/2.2.4/gson-2.2.4.jar:/home/user/.m2/repository/com/jcraft/jsch/0.1.54/jsch-0.1.54.jar:/home/user/.m2/repository/org/apache/curator/curator-client/2.12.0/curator-client-2.12.0.jar:/home/user/.m2/repository/org/apache/curator/curator-recipes/2.12.0/curator-recipes-2.12.0.jar:/home/user/.m2/repository/com/google/code/findbugs/jsr305/3.0.0/jsr305-3.0.0.jar:/home/user/.m2/repository/org/apache/htrace/htrace-core4/4.1.0-incubating/htrace-core4-4.1.0-incubating.jar:/home/user/.m2/repository/org/apache/zookeeper/zookeeper/3.4.13/zookeeper-3.4.13.jar:/home/user/.m2/repository/org/apache/yetus/audience-annotations/0.5.0/audience-annotations-0.5.0.jar:/home/user/.m2/repository/org/codehaus/woodstox/stax2-api/3.1.4/stax2-api-3.1.4.jar:/home/user/.m2/repository/com/fasterxml/woodstox/woodstox-core/5.0.3/woodstox-core-5.0.3.jar:/home/user/.m2/repository/dnsjava/dnsjava/2.1.7/dnsjava-2.1.7.jar:/home/user/.m2/repository/org/apache/hadoop/hadoop-hdfs/3.2.0/hadoop-hdfs-3.2.0-tests.jar:/home/user/.m2/repository/org/eclipse/jetty/jetty-util-ajax/9.3.24.v20180605/jetty-util-ajax-9.3.24.v20180605.jar:/home/user/.m2/repository/commons-daemon/commons-daemon/1.0.13/commons-daemon-1.0.13.jar:/home/user/.m2/repository/io/netty/netty/3.10.5.Final/netty-3.10.5.Final.jar:/home/user/.m2/repository/io/netty/netty-all/4.0.52.Final/netty-all-4.0.52.Final.jar:/home/user/.m2/repository/org/fusesource/leveldbjni/leveldbjni-all/1.8/leveldbjni-all-1.8.jar:"/>
    <property name="java.vm.vendor" value="IcedTea"/>
    <property name="sun.arch.data.model" value="64"/>
    <property name="test.build.dir" value="/workdir/hadoop-ozone/integration-test/target/test-dir"/>
    <property name="test.cache.data" value=""/>
    <property name="java.vendor.url" value="https://icedtea.classpath.org"/>
    <property name="user.timezone" value=""/>
    <property name="java.vm.specification.version" value="1.8"/>
    <property name="os.name" value="Linux"/>
    <property name="test.build.data" value="/workdir/hadoop-ozone/integration-test/target/test-dir"/>
    <property name="user.country" value="US"/>
    <property name="sun.java.launcher" value="SUN_STANDARD"/>
    <property name="sun.boot.library.path" value="/usr/lib/jvm/java-1.8-openjdk/jre/lib/amd64"/>
    <property name="sun.java.command" value="/workdir/hadoop-ozone/integration-test/target/surefire/surefirebooter6952538323970902468.jar /workdir/hadoop-ozone/integration-test/target/surefire 2019-08-02T03-13-05_649-jvmRun1 surefire6319649209710426160tmp surefire_455743217415984584385tmp"/>
    <property name="surefire.test.class.path" value="/workdir/hadoop-ozone/integration-test/target/test-classes:/workdir/hadoop-ozone/integration-test/target/classes:/home/user/.m2/repository/org/apache/hadoop/hadoop-ozone-common/0.4.1-SNAPSHOT/hadoop-ozone-common-0.4.1-SNAPSHOT.jar:/home/user/.m2/repository/org/apache/commons/commons-compress/1.4.1/commons-compress-1.4.1.jar:/home/user/.m2/repository/org/tukaani/xz/1.0/xz-1.0.jar:/home/user/.m2/repository/org/apache/hadoop/hadoop-common/3.2.0/hadoop-common-3.2.0.jar:/home/user/.m2/repository/org/apache/hadoop/hadoop-hdfs/3.2.0/hadoop-hdfs-3.2.0.jar:/home/user/.m2/repository/org/apache/hadoop/hadoop-hdfs-client/3.2.0/hadoop-hdfs-client-3.2.0.jar:/home/user/.m2/repository/com/fasterxml/jackson/core/jackson-annotations/2.9.5/jackson-annotations-2.9.5.jar:/home/user/.m2/repository/org/apache/hadoop/hadoop-hdds-common/0.4.1-SNAPSHOT/hadoop-hdds-common-0.4.1-SNAPSHOT.jar:/home/user/.m2/repository/javax/annotation/javax.annotation-api/1.2/javax.annotation-api-1.2.jar:/home/user/.m2/repository/org/apache/ratis/ratis-server/0.4.0-2337318-SNAPSHOT/ratis-server-0.4.0-2337318-SNAPSHOT.jar:/home/user/.m2/repository/org/apache/ratis/ratis-thirdparty-misc/0.2.0/ratis-thirdparty-misc-0.2.0.jar:/home/user/.m2/repository/org/apache/ratis/ratis-proto/0.4.0-2337318-SNAPSHOT/ratis-proto-0.4.0-2337318-SNAPSHOT.jar:/home/user/.m2/repository/org/apache/ratis/ratis-common/0.4.0-2337318-SNAPSHOT/ratis-common-0.4.0-2337318-SNAPSHOT.jar:/home/user/.m2/repository/org/apache/ratis/ratis-client/0.4.0-2337318-SNAPSHOT/ratis-client-0.4.0-2337318-SNAPSHOT.jar:/home/user/.m2/repository/org/apache/ratis/ratis-metrics/0.4.0-2337318-SNAPSHOT/ratis-metrics-0.4.0-2337318-SNAPSHOT.jar:/home/user/.m2/repository/org/apache/ratis/ratis-netty/0.4.0-2337318-SNAPSHOT/ratis-netty-0.4.0-2337318-SNAPSHOT.jar:/home/user/.m2/repository/org/apache/ratis/ratis-grpc/0.4.0-2337318-SNAPSHOT/ratis-grpc-0.4.0-2337318-SNAPSHOT.jar:/home/user/.m2/repository/org/rocksdb/rocksdbjni/6.0.1/rocksdbjni-6.0.1.jar:/home/user/.m2/repository/org/apache/logging/log4j/log4j-api/2.11.0/log4j-api-2.11.0.jar:/home/user/.m2/repository/org/apache/logging/log4j/log4j-core/2.11.0/log4j-core-2.11.0.jar:/home/user/.m2/repository/com/lmax/disruptor/3.4.2/disruptor-3.4.2.jar:/home/user/.m2/repository/org/apache/commons/commons-pool2/2.6.0/commons-pool2-2.6.0.jar:/home/user/.m2/repository/org/bouncycastle/bcpkix-jdk15on/1.60/bcpkix-jdk15on-1.60.jar:/home/user/.m2/repository/commons-validator/commons-validator/1.6/commons-validator-1.6.jar:/home/user/.m2/repository/commons-digester/commons-digester/1.8.1/commons-digester-1.8.1.jar:/home/user/.m2/repository/io/jaegertracing/jaeger-client/0.33.1/jaeger-client-0.33.1.jar:/home/user/.m2/repository/io/jaegertracing/jaeger-thrift/0.33.1/jaeger-thrift-0.33.1.jar:/home/user/.m2/repository/org/apache/thrift/libthrift/0.11.0/libthrift-0.11.0.jar:/home/user/.m2/repository/com/squareup/okhttp3/okhttp/3.9.0/okhttp-3.9.0.jar:/home/user/.m2/repository/com/squareup/okio/okio/1.13.0/okio-1.13.0.jar:/home/user/.m2/repository/io/jaegertracing/jaeger-core/0.33.1/jaeger-core-0.33.1.jar:/home/user/.m2/repository/io/jaegertracing/jaeger-tracerresolver/0.33.1/jaeger-tracerresolver-0.33.1.jar:/home/user/.m2/repository/io/opentracing/contrib/opentracing-tracerresolver/0.1.5/opentracing-tracerresolver-0.1.5.jar:/home/user/.m2/repository/io/opentracing/opentracing-util/0.31.0/opentracing-util-0.31.0.jar:/home/user/.m2/repository/io/opentracing/opentracing-api/0.31.0/opentracing-api-0.31.0.jar:/home/user/.m2/repository/io/opentracing/opentracing-noop/0.31.0/opentracing-noop-0.31.0.jar:/home/user/.m2/repository/org/apache/hadoop/hadoop-hdds-server-framework/0.4.1-SNAPSHOT/hadoop-hdds-server-framework-0.4.1-SNAPSHOT.jar:/home/user/.m2/repository/org/apache/hadoop/hadoop-hdds-container-service/0.4.1-SNAPSHOT/hadoop-hdds-container-service-0.4.1-SNAPSHOT.jar:/home/user/.m2/repository/org/apache/hadoop/hadoop-hdds-client/0.4.1-SNAPSHOT/hadoop-hdds-client-0.4.1-SNAPSHOT.jar:/home/user/.m2/repository/org/apache/hadoop/hadoop-hdds-tools/0.4.1-SNAPSHOT/hadoop-hdds-tools-0.4.1-SNAPSHOT.jar:/home/user/.m2/repository/org/apache/hadoop/hadoop-hdds-server-scm/0.4.1-SNAPSHOT/hadoop-hdds-server-scm-0.4.1-SNAPSHOT.jar:/home/user/.m2/repository/org/apache/hadoop/hadoop-hdds-docs/0.4.1-SNAPSHOT/hadoop-hdds-docs-0.4.1-SNAPSHOT.jar:/home/user/.m2/repository/io/dropwizard/metrics/metrics-core/3.2.4/metrics-core-3.2.4.jar:/home/user/.m2/repository/org/hamcrest/hamcrest-all/1.3/hamcrest-all-1.3.jar:/home/user/.m2/repository/org/bouncycastle/bcprov-jdk15on/1.60/bcprov-jdk15on-1.60.jar:/home/user/.m2/repository/info/picocli/picocli/3.9.6/picocli-3.9.6.jar:/home/user/.m2/repository/com/google/protobuf/protobuf-java/2.5.0/protobuf-java-2.5.0.jar:/home/user/.m2/repository/com/google/guava/guava/11.0.2/guava-11.0.2.jar:/home/user/.m2/repository/org/apache/hadoop/hadoop-ozone-ozone-manager/0.4.1-SNAPSHOT/hadoop-ozone-ozone-manager-0.4.1-SNAPSHOT.jar:/home/user/.m2/repository/org/apache/hadoop/hadoop-minikdc/3.2.0/hadoop-minikdc-3.2.0.jar:/home/user/.m2/repository/commons-io/commons-io/2.5/commons-io-2.5.jar:/home/user/.m2/repository/org/apache/kerby/kerb-simplekdc/1.0.1/kerb-simplekdc-1.0.1.jar:/home/user/.m2/repository/org/apache/kerby/kerb-client/1.0.1/kerb-client-1.0.1.jar:/home/user/.m2/repository/org/apache/kerby/kerby-config/1.0.1/kerby-config-1.0.1.jar:/home/user/.m2/repository/org/apache/kerby/kerb-core/1.0.1/kerb-core-1.0.1.jar:/home/user/.m2/repository/org/apache/kerby/kerby-pkix/1.0.1/kerby-pkix-1.0.1.jar:/home/user/.m2/repository/org/apache/kerby/kerby-asn1/1.0.1/kerby-asn1-1.0.1.jar:/home/user/.m2/repository/org/apache/kerby/kerby-util/1.0.1/kerby-util-1.0.1.jar:/home/user/.m2/repository/org/apache/kerby/kerb-common/1.0.1/kerb-common-1.0.1.jar:/home/user/.m2/repository/org/apache/kerby/kerb-crypto/1.0.1/kerb-crypto-1.0.1.jar:/home/user/.m2/repository/org/apache/kerby/kerb-util/1.0.1/kerb-util-1.0.1.jar:/home/user/.m2/repository/org/apache/kerby/token-provider/1.0.1/token-provider-1.0.1.jar:/home/user/.m2/repository/org/apache/kerby/kerb-admin/1.0.1/kerb-admin-1.0.1.jar:/home/user/.m2/repository/org/apache/kerby/kerb-server/1.0.1/kerb-server-1.0.1.jar:/home/user/.m2/repository/org/apache/kerby/kerb-identity/1.0.1/kerb-identity-1.0.1.jar:/home/user/.m2/repository/org/apache/kerby/kerby-xdr/1.0.1/kerby-xdr-1.0.1.jar:/home/user/.m2/repository/org/slf4j/slf4j-log4j12/1.7.25/slf4j-log4j12-1.7.25.jar:/home/user/.m2/repository/org/apache/hadoop/hadoop-ozone-objectstore-service/0.4.1-SNAPSHOT/hadoop-ozone-objectstore-service-0.4.1-SNAPSHOT.jar:/home/user/.m2/repository/org/apache/hadoop/hadoop-ozone-s3gateway/0.4.1-SNAPSHOT/hadoop-ozone-s3gateway-0.4.1-SNAPSHOT.jar:/home/user/.m2/repository/org/jboss/weld/servlet/weld-servlet/2.4.7.Final/weld-servlet-2.4.7.Final.jar:/home/user/.m2/repository/org/glassfish/jersey/containers/jersey-container-servlet-core/2.27/jersey-container-servlet-core-2.27.jar:/home/user/.m2/repository/org/glassfish/hk2/external/javax.inject/2.5.0-b42/javax.inject-2.5.0-b42.jar:/home/user/.m2/repository/org/glassfish/jersey/core/jersey-common/2.27/jersey-common-2.27.jar:/home/user/.m2/repository/org/glassfish/hk2/osgi-resource-locator/1.0.1/osgi-resource-locator-1.0.1.jar:/home/user/.m2/repository/javax/ws/rs/javax.ws.rs-api/2.1/javax.ws.rs-api-2.1.jar:/home/user/.m2/repository/org/glassfish/jersey/ext/cdi/jersey-cdi1x/2.27/jersey-cdi1x-2.27.jar:/home/user/.m2/repository/org/glassfish/jersey/inject/jersey-hk2/2.27/jersey-hk2-2.27.jar:/home/user/.m2/repository/org/glassfish/hk2/hk2-locator/2.5.0-b42/hk2-locator-2.5.0-b42.jar:/home/user/.m2/repository/org/javassist/javassist/3.22.0-CR2/javassist-3.22.0-CR2.jar:/home/user/.m2/repository/org/glassfish/hk2/hk2-api/2.5.0/hk2-api-2.5.0.jar:/home/user/.m2/repository/org/glassfish/hk2/external/jakarta.inject/2.5.0/jakarta.inject-2.5.0.jar:/home/user/.m2/repository/org/glassfish/hk2/hk2-utils/2.5.0/hk2-utils-2.5.0.jar:/home/user/.m2/repository/jakarta/annotation/jakarta.annotation-api/1.3.4/jakarta.annotation-api-1.3.4.jar:/home/user/.m2/repository/org/glassfish/hk2/external/aopalliance-repackaged/2.5.0/aopalliance-repackaged-2.5.0.jar:/home/user/.m2/repository/com/fasterxml/jackson/dataformat/jackson-dataformat-xml/2.9.0/jackson-dataformat-xml-2.9.0.jar:/home/user/.m2/repository/com/fasterxml/jackson/core/jackson-core/2.9.5/jackson-core-2.9.5.jar:/home/user/.m2/repository/com/fasterxml/jackson/module/jackson-module-jaxb-annotations/2.9.5/jackson-module-jaxb-annotations-2.9.5.jar:/home/user/.m2/repository/javax/enterprise/cdi-api/1.2/cdi-api-1.2.jar:/home/user/.m2/repository/javax/el/javax.el-api/3.0.0/javax.el-api-3.0.0.jar:/home/user/.m2/repository/javax/interceptor/javax.interceptor-api/1.2/javax.interceptor-api-1.2.jar:/home/user/.m2/repository/javax/inject/javax.inject/1/javax.inject-1.jar:/home/user/.m2/repository/com/sun/xml/bind/jaxb-impl/2.3.0.1/jaxb-impl-2.3.0.1.jar:/home/user/.m2/repository/com/sun/xml/bind/jaxb-core/2.3.0.1/jaxb-core-2.3.0.1.jar:/home/user/.m2/repository/javax/xml/bind/jaxb-api/2.3.0/jaxb-api-2.3.0.jar:/home/user/.m2/repository/javax/activation/activation/1.1.1/activation-1.1.1.jar:/home/user/.m2/repository/org/apache/hadoop/hadoop-ozone-csi/0.4.1-SNAPSHOT/hadoop-ozone-csi-0.4.1-SNAPSHOT.jar:/home/user/.m2/repository/com/google/protobuf/protobuf-java-util/3.5.1/protobuf-java-util-3.5.1.jar:/home/user/.m2/repository/org/apache/hadoop/hadoop-hdds-config/0.4.1-SNAPSHOT/hadoop-hdds-config-0.4.1-SNAPSHOT.jar:/home/user/.m2/repository/io/grpc/grpc-netty/1.17.1/grpc-netty-1.17.1.jar:/home/user/.m2/repository/io/grpc/grpc-core/1.17.1/grpc-core-1.17.1.jar:/home/user/.m2/repository/io/grpc/grpc-context/1.17.1/grpc-context-1.17.1.jar:/home/user/.m2/repository/com/google/errorprone/error_prone_annotations/2.2.0/error_prone_annotations-2.2.0.jar:/home/user/.m2/repository/org/codehaus/mojo/animal-sniffer-annotations/1.17/animal-sniffer-annotations-1.17.jar:/home/user/.m2/repository/io/opencensus/opencensus-api/0.17.0/opencensus-api-0.17.0.jar:/home/user/.m2/repository/io/opencensus/opencensus-contrib-grpc-metrics/0.17.0/opencensus-contrib-grpc-metrics-0.17.0.jar:/home/user/.m2/repository/io/netty/netty-codec-http2/4.1.30.Final/netty-codec-http2-4.1.30.Final.jar:/home/user/.m2/repository/io/netty/netty-codec-http/4.1.30.Final/netty-codec-http-4.1.30.Final.jar:/home/user/.m2/repository/io/netty/netty-codec/4.1.30.Final/netty-codec-4.1.30.Final.jar:/home/user/.m2/repository/io/netty/netty-handler/4.1.30.Final/netty-handler-4.1.30.Final.jar:/home/user/.m2/repository/io/netty/netty-handler-proxy/4.1.30.Final/netty-handler-proxy-4.1.30.Final.jar:/home/user/.m2/repository/io/netty/netty-codec-socks/4.1.30.Final/netty-codec-socks-4.1.30.Final.jar:/home/user/.m2/repository/io/netty/netty-transport-native-epoll/4.1.30.Final/netty-transport-native-epoll-4.1.30.Final.jar:/home/user/.m2/repository/io/netty/netty-common/4.1.30.Final/netty-common-4.1.30.Final.jar:/home/user/.m2/repository/io/netty/netty-buffer/4.1.30.Final/netty-buffer-4.1.30.Final.jar:/home/user/.m2/repository/io/netty/netty-transport/4.1.30.Final/netty-transport-4.1.30.Final.jar:/home/user/.m2/repository/io/netty/netty-resolver/4.1.30.Final/netty-resolver-4.1.30.Final.jar:/home/user/.m2/repository/io/netty/netty-transport-native-unix-common/4.1.30.Final/netty-transport-native-unix-common-4.1.30.Final.jar:/home/user/.m2/repository/io/grpc/grpc-protobuf/1.17.1/grpc-protobuf-1.17.1.jar:/home/user/.m2/repository/com/google/api/grpc/proto-google-common-protos/1.0.0/proto-google-common-protos-1.0.0.jar:/home/user/.m2/repository/io/grpc/grpc-protobuf-lite/1.17.1/grpc-protobuf-lite-1.17.1.jar:/home/user/.m2/repository/io/grpc/grpc-stub/1.17.1/grpc-stub-1.17.1.jar:/home/user/.m2/repository/org/apache/hadoop/hadoop-ozone-recon/0.4.1-SNAPSHOT/hadoop-ozone-recon-0.4.1-SNAPSHOT.jar:/home/user/.m2/repository/org/apache/hadoop/hadoop-ozone-reconcodegen/0.4.1-SNAPSHOT/hadoop-ozone-reconcodegen-0.4.1-SNAPSHOT.jar:/home/user/.m2/repository/com/google/inject/extensions/guice-multibindings/4.0/guice-multibindings-4.0.jar:/home/user/.m2/repository/com/google/inject/guice/4.0/guice-4.0.jar:/home/user/.m2/repository/aopalliance/aopalliance/1.0/aopalliance-1.0.jar:/home/user/.m2/repository/com/google/inject/extensions/guice-servlet/4.0/guice-servlet-4.0.jar:/home/user/.m2/repository/org/glassfish/jersey/containers/jersey-container-servlet/2.27/jersey-container-servlet-2.27.jar:/home/user/.m2/repository/org/glassfish/hk2/guice-bridge/2.5.0/guice-bridge-2.5.0.jar:/home/user/.m2/repository/org/glassfish/jersey/core/jersey-server/2.27/jersey-server-2.27.jar:/home/user/.m2/repository/org/glassfish/jersey/core/jersey-client/2.27/jersey-client-2.27.jar:/home/user/.m2/repository/org/glassfish/jersey/media/jersey-media-jaxb/2.27/jersey-media-jaxb-2.27.jar:/home/user/.m2/repository/javax/validation/validation-api/1.1.0.Final/validation-api-1.1.0.Final.jar:/home/user/.m2/repository/org/glassfish/jersey/media/jersey-media-json-jackson/2.27/jersey-media-json-jackson-2.27.jar:/home/user/.m2/repository/org/glassfish/jersey/ext/jersey-entity-filtering/2.27/jersey-entity-filtering-2.27.jar:/home/user/.m2/repository/com/google/inject/extensions/guice-assistedinject/4.0/guice-assistedinject-4.0.jar:/home/user/.m2/repository/org/jooq/jooq/3.11.10/jooq-3.11.10.jar:/home/user/.m2/repository/org/jooq/jooq-meta/3.11.10/jooq-meta-3.11.10.jar:/home/user/.m2/repository/org/jooq/jooq-codegen/3.11.10/jooq-codegen-3.11.10.jar:/home/user/.m2/repository/com/jolbox/bonecp/0.8.0.RELEASE/bonecp-0.8.0.RELEASE.jar:/home/user/.m2/repository/org/xerial/sqlite-jdbc/3.25.2/sqlite-jdbc-3.25.2.jar:/home/user/.m2/repository/org/springframework/spring-jdbc/5.1.3.RELEASE/spring-jdbc-5.1.3.RELEASE.jar:/home/user/.m2/repository/org/springframework/spring-beans/5.1.3.RELEASE/spring-beans-5.1.3.RELEASE.jar:/home/user/.m2/repository/org/springframework/spring-core/5.1.3.RELEASE/spring-core-5.1.3.RELEASE.jar:/home/user/.m2/repository/org/springframework/spring-jcl/5.1.3.RELEASE/spring-jcl-5.1.3.RELEASE.jar:/home/user/.m2/repository/org/springframework/spring-tx/5.1.3.RELEASE/spring-tx-5.1.3.RELEASE.jar:/home/user/.m2/repository/org/apache/hadoop/hadoop-ozone-client/0.4.1-SNAPSHOT/hadoop-ozone-client-0.4.1-SNAPSHOT.jar:/home/user/.m2/repository/commons-lang/commons-lang/2.6/commons-lang-2.6.jar:/home/user/.m2/repository/org/apache/hadoop/hadoop-ozone-ozone-manager/0.4.1-SNAPSHOT/hadoop-ozone-ozone-manager-0.4.1-SNAPSHOT-tests.jar:/home/user/.m2/repository/junit/junit/4.11/junit-4.11.jar:/home/user/.m2/repository/org/hamcrest/hamcrest-core/1.3/hamcrest-core-1.3.jar:/home/user/.m2/repository/org/openjdk/jmh/jmh-core/1.19/jmh-core-1.19.jar:/home/user/.m2/repository/net/sf/jopt-simple/jopt-simple/4.6/jopt-simple-4.6.jar:/home/user/.m2/repository/org/apache/commons/commons-math3/3.1.1/commons-math3-3.1.1.jar:/home/user/.m2/repository/org/openjdk/jmh/jmh-generator-annprocess/1.19/jmh-generator-annprocess-1.19.jar:/home/user/.m2/repository/org/mockito/mockito-all/1.8.5/mockito-all-1.8.5.jar:/home/user/.m2/repository/org/apache/hadoop/hadoop-kms/3.2.0/hadoop-kms-3.2.0.jar:/home/user/.m2/repository/org/apache/hadoop/hadoop-auth/3.2.0/hadoop-auth-3.2.0.jar:/home/user/.m2/repository/com/nimbusds/nimbus-jose-jwt/4.41.1/nimbus-jose-jwt-4.41.1.jar:/home/user/.m2/repository/com/github/stephenc/jcip/jcip-annotations/1.0-1/jcip-annotations-1.0-1.jar:/home/user/.m2/repository/net/minidev/json-smart/2.3/json-smart-2.3.jar:/home/user/.m2/repository/net/minidev/accessors-smart/1.2/accessors-smart-1.2.jar:/home/user/.m2/repository/org/ow2/asm/asm/5.0.4/asm-5.0.4.jar:/home/user/.m2/repository/org/apache/curator/curator-framework/2.12.0/curator-framework-2.12.0.jar:/home/user/.m2/repository/com/sun/jersey/jersey-core/1.19/jersey-core-1.19.jar:/home/user/.m2/repository/javax/ws/rs/jsr311-api/1.1.1/jsr311-api-1.1.1.jar:/home/user/.m2/repository/com/sun/jersey/jersey-server/1.19/jersey-server-1.19.jar:/home/user/.m2/repository/javax/servlet/javax.servlet-api/3.1.0/javax.servlet-api-3.1.0.jar:/home/user/.m2/repository/org/eclipse/jetty/jetty-server/9.3.24.v20180605/jetty-server-9.3.24.v20180605.jar:/home/user/.m2/repository/org/eclipse/jetty/jetty-http/9.3.24.v20180605/jetty-http-9.3.24.v20180605.jar:/home/user/.m2/repository/org/eclipse/jetty/jetty-io/9.3.24.v20180605/jetty-io-9.3.24.v20180605.jar:/home/user/.m2/repository/org/eclipse/jetty/jetty-webapp/9.3.24.v20180605/jetty-webapp-9.3.24.v20180605.jar:/home/user/.m2/repository/org/eclipse/jetty/jetty-xml/9.3.24.v20180605/jetty-xml-9.3.24.v20180605.jar:/home/user/.m2/repository/log4j/log4j/1.2.17/log4j-1.2.17.jar:/home/user/.m2/repository/org/slf4j/slf4j-api/1.7.25/slf4j-api-1.7.25.jar:/home/user/.m2/repository/org/slf4j/jul-to-slf4j/1.7.25/jul-to-slf4j-1.7.25.jar:/home/user/.m2/repository/org/eclipse/jetty/jetty-util/9.3.24.v20180605/jetty-util-9.3.24.v20180605.jar:/home/user/.m2/repository/com/fasterxml/jackson/core/jackson-databind/2.9.5/jackson-databind-2.9.5.jar:/home/user/.m2/repository/org/apache/hadoop/hadoop-kms/3.2.0/hadoop-kms-3.2.0-tests.jar:/home/user/.m2/repository/org/apache/hadoop/hadoop-hdds-server-scm/0.4.1-SNAPSHOT/hadoop-hdds-server-scm-0.4.1-SNAPSHOT-tests.jar:/home/user/.m2/repository/org/apache/hadoop/hadoop-hdds-container-service/0.4.1-SNAPSHOT/hadoop-hdds-container-service-0.4.1-SNAPSHOT-tests.jar:/home/user/.m2/repository/org/yaml/snakeyaml/1.16/snakeyaml-1.16.jar:/home/user/.m2/repository/org/apache/hadoop/hadoop-common/3.2.0/hadoop-common-3.2.0-tests.jar:/home/user/.m2/repository/org/apache/hadoop/hadoop-annotations/3.2.0/hadoop-annotations-3.2.0.jar:/usr/lib/jvm/java-1.8-openjdk/jre/../lib/tools.jar:/home/user/.m2/repository/commons-cli/commons-cli/1.2/commons-cli-1.2.jar:/home/user/.m2/repository/org/apache/httpcomponents/httpclient/4.5.2/httpclient-4.5.2.jar:/home/user/.m2/repository/org/apache/httpcomponents/httpcore/4.4.4/httpcore-4.4.4.jar:/home/user/.m2/repository/commons-codec/commons-codec/1.11/commons-codec-1.11.jar:/home/user/.m2/repository/commons-net/commons-net/3.6/commons-net-3.6.jar:/home/user/.m2/repository/commons-collections/commons-collections/3.2.2/commons-collections-3.2.2.jar:/home/user/.m2/repository/org/eclipse/jetty/jetty-servlet/9.3.24.v20180605/jetty-servlet-9.3.24.v20180605.jar:/home/user/.m2/repository/org/eclipse/jetty/jetty-security/9.3.24.v20180605/jetty-security-9.3.24.v20180605.jar:/home/user/.m2/repository/javax/servlet/jsp/jsp-api/2.1/jsp-api-2.1.jar:/home/user/.m2/repository/com/sun/jersey/jersey-servlet/1.19/jersey-servlet-1.19.jar:/home/user/.m2/repository/com/sun/jersey/jersey-json/1.19/jersey-json-1.19.jar:/home/user/.m2/repository/org/codehaus/jettison/jettison/1.1/jettison-1.1.jar:/home/user/.m2/repository/org/codehaus/jackson/jackson-core-asl/1.9.13/jackson-core-asl-1.9.13.jar:/home/user/.m2/repository/org/codehaus/jackson/jackson-mapper-asl/1.9.13/jackson-mapper-asl-1.9.13.jar:/home/user/.m2/repository/org/codehaus/jackson/jackson-jaxrs/1.9.13/jackson-jaxrs-1.9.13.jar:/home/user/.m2/repository/org/codehaus/jackson/jackson-xc/1.9.13/jackson-xc-1.9.13.jar:/home/user/.m2/repository/commons-logging/commons-logging/1.1.3/commons-logging-1.1.3.jar:/home/user/.m2/repository/commons-beanutils/commons-beanutils/1.9.3/commons-beanutils-1.9.3.jar:/home/user/.m2/repository/org/apache/commons/commons-configuration2/2.1.1/commons-configuration2-2.1.1.jar:/home/user/.m2/repository/org/apache/commons/commons-lang3/3.7/commons-lang3-3.7.jar:/home/user/.m2/repository/org/apache/commons/commons-text/1.4/commons-text-1.4.jar:/home/user/.m2/repository/org/apache/avro/avro/1.7.7/avro-1.7.7.jar:/home/user/.m2/repository/com/thoughtworks/paranamer/paranamer/2.3/paranamer-2.3.jar:/home/user/.m2/repository/org/xerial/snappy/snappy-java/1.0.5/snappy-java-1.0.5.jar:/home/user/.m2/repository/com/google/re2j/re2j/1.1/re2j-1.1.jar:/home/user/.m2/repository/com/google/code/gson/gson/2.2.4/gson-2.2.4.jar:/home/user/.m2/repository/com/jcraft/jsch/0.1.54/jsch-0.1.54.jar:/home/user/.m2/repository/org/apache/curator/curator-client/2.12.0/curator-client-2.12.0.jar:/home/user/.m2/repository/org/apache/curator/curator-recipes/2.12.0/curator-recipes-2.12.0.jar:/home/user/.m2/repository/com/google/code/findbugs/jsr305/3.0.0/jsr305-3.0.0.jar:/home/user/.m2/repository/org/apache/htrace/htrace-core4/4.1.0-incubating/htrace-core4-4.1.0-incubating.jar:/home/user/.m2/repository/org/apache/zookeeper/zookeeper/3.4.13/zookeeper-3.4.13.jar:/home/user/.m2/repository/org/apache/yetus/audience-annotations/0.5.0/audience-annotations-0.5.0.jar:/home/user/.m2/repository/org/codehaus/woodstox/stax2-api/3.1.4/stax2-api-3.1.4.jar:/home/user/.m2/repository/com/fasterxml/woodstox/woodstox-core/5.0.3/woodstox-core-5.0.3.jar:/home/user/.m2/repository/dnsjava/dnsjava/2.1.7/dnsjava-2.1.7.jar:/home/user/.m2/repository/org/apache/hadoop/hadoop-hdfs/3.2.0/hadoop-hdfs-3.2.0-tests.jar:/home/user/.m2/repository/org/eclipse/jetty/jetty-util-ajax/9.3.24.v20180605/jetty-util-ajax-9.3.24.v20180605.jar:/home/user/.m2/repository/commons-daemon/commons-daemon/1.0.13/commons-daemon-1.0.13.jar:/home/user/.m2/repository/io/netty/netty/3.10.5.Final/netty-3.10.5.Final.jar:/home/user/.m2/repository/io/netty/netty-all/4.0.52.Final/netty-all-4.0.52.Final.jar:/home/user/.m2/repository/org/fusesource/leveldbjni/leveldbjni-all/1.8/leveldbjni-all-1.8.jar:"/>
    <property name="sun.cpu.endian" value="little"/>
    <property name="user.home" value="/home/user"/>
    <property name="user.language" value="en"/>
    <property name="java.specification.vendor" value="Oracle Corporation"/>
    <property name="java.home" value="/usr/lib/jvm/java-1.8-openjdk/jre"/>
    <property name="java.security.krb5.conf" value="/workdir/hadoop-ozone/integration-test/target/test-classes/krb5.conf"/>
    <property name="basedir" value="/workdir/hadoop-ozone/integration-test"/>
    <property name="file.separator" value="/"/>
    <property name="line.separator" value="&#10;"/>
    <property name="java.vm.specification.vendor" value="Oracle Corporation"/>
    <property name="java.specification.name" value="Java Platform API Specification"/>
    <property name="java.awt.graphicsenv" value="sun.awt.X11GraphicsEnvironment"/>
    <property name="surefire.real.class.path" value="/workdir/hadoop-ozone/integration-test/target/surefire/surefirebooter6952538323970902468.jar"/>
    <property name="hadoop.log.dir" value="/workdir/hadoop-ozone/integration-test/target/log"/>
    <property name="sun.boot.class.path" value="/usr/lib/jvm/java-1.8-openjdk/jre/lib/resources.jar:/usr/lib/jvm/java-1.8-openjdk/jre/lib/rt.jar:/usr/lib/jvm/java-1.8-openjdk/jre/lib/sunrsasign.jar:/usr/lib/jvm/java-1.8-openjdk/jre/lib/jsse.jar:/usr/lib/jvm/java-1.8-openjdk/jre/lib/jce.jar:/usr/lib/jvm/java-1.8-openjdk/jre/lib/charsets.jar:/usr/lib/jvm/java-1.8-openjdk/jre/lib/jfr.jar:/usr/lib/jvm/java-1.8-openjdk/jre/classes"/>
    <property name="sun.management.compiler" value="HotSpot 64-Bit Tiered Compilers"/>
    <property name="java.runtime.version" value="1.8.0_212-b04"/>
    <property name="java.net.preferIPv4Stack" value="true"/>
    <property name="user.name" value="jenkins1000"/>
    <property name="path.separator" value=":"/>
    <property name="java.security.egd" value="file:///dev/urandom"/>
    <property name="os.version" value="3.10.0-957.12.2.el7.x86_64"/>
    <property name="java.endorsed.dirs" value="/usr/lib/jvm/java-1.8-openjdk/jre/lib/endorsed"/>
    <property name="java.runtime.name" value="OpenJDK Runtime Environment"/>
    <property name="file.encoding" value="UTF-8"/>
    <property name="java.vm.name" value="OpenJDK 64-Bit Server VM"/>
    <property name="test.build.webapps" value=""/>
    <property name="localRepository" value="/home/user/.m2/repository"/>
    <property name="java.vendor.url.bug" value="https://icedtea.classpath.org/bugzilla"/>
    <property name="java.io.tmpdir" value="/tmp"/>
    <property name="require.test.libhadoop" value=""/>
    <property name="java.version" value="1.8.0_212"/>
    <property name="user.dir" value="/workdir/hadoop-ozone/integration-test"/>
    <property name="os.arch" value="amd64"/>
    <property name="java.vm.specification.name" value="Java Virtual Machine Specification"/>
    <property name="test.build.classes" value="/workdir/hadoop-ozone/integration-test/target/test-classes"/>
    <property name="java.awt.printerjob" value="sun.print.PSPrinterJob"/>
    <property name="sun.os.patch.level" value="unknown"/>
    <property name="hadoop.tmp.dir" value="/workdir/hadoop-ozone/integration-test/target/tmp"/>
    <property name="java.library.path" value="/usr/lib/jvm/java-1.8-openjdk/jre/lib/amd64/server:/usr/lib/jvm/java-1.8-openjdk/jre/lib/amd64:/usr/lib/jvm/java-1.8-openjdk/jre/../lib/amd64:/workdir/hadoop-ozone/integration-test/target/native/target/usr/local/lib:/workdir/hadoop-ozone/integration-test/../../hadoop-common-project/hadoop-common/target/native/target/usr/local/lib:/usr/java/packages/lib/amd64:/usr/lib64:/lib64:/lib:/usr/lib"/>
    <property name="java.vm.info" value="mixed mode"/>
    <property name="java.vendor" value="IcedTea"/>
    <property name="java.vm.version" value="25.212-b04"/>
    <property name="java.ext.dirs" value="/usr/lib/jvm/java-1.8-openjdk/jre/lib/ext:/usr/java/packages/lib/ext"/>
    <property name="sun.io.unicode.encoding" value="UnicodeLittle"/>
    <property name="java.class.version" value="52.0"/>
  </properties>
  <testcase name="testMultiBlockWritesWithDnFailures" classname="org.apache.hadoop.ozone.client.rpc.TestMultiBlockWritesWithDnFailures" time="21.156">
    <error message="Allocated 0 blocks. Requested 1 blocks" type="INTERNAL_ERROR org.apache.hadoop.ozone.om.exceptions.OMException">INTERNAL_ERROR org.apache.hadoop.ozone.om.exceptions.OMException: Allocated 0 blocks. Requested 1 blocks
	at org.apache.hadoop.ozone.om.protocolPB.OzoneManagerProtocolClientSideTranslatorPB.handleError(OzoneManagerProtocolClientSideTranslatorPB.java:720)
	at org.apache.hadoop.ozone.om.protocolPB.OzoneManagerProtocolClientSideTranslatorPB.allocateBlock(OzoneManagerProtocolClientSideTranslatorPB.java:752)
	at org.apache.hadoop.ozone.client.io.BlockOutputStreamEntryPool.allocateNewBlock(BlockOutputStreamEntryPool.java:248)
	at org.apache.hadoop.ozone.client.io.BlockOutputStreamEntryPool.allocateBlockIfNeeded(BlockOutputStreamEntryPool.java:296)
	at org.apache.hadoop.ozone.client.io.KeyOutputStream.handleWrite(KeyOutputStream.java:201)
	at org.apache.hadoop.ozone.client.io.KeyOutputStream.handleRetry(KeyOutputStream.java:376)
	at org.apache.hadoop.ozone.client.io.KeyOutputStream.handleException(KeyOutputStream.java:325)
	at org.apache.hadoop.ozone.client.io.KeyOutputStream.handleWrite(KeyOutputStream.java:231)
	at org.apache.hadoop.ozone.client.io.KeyOutputStream.handleRetry(KeyOutputStream.java:376)
	at org.apache.hadoop.ozone.client.io.KeyOutputStream.handleException(KeyOutputStream.java:325)
	at org.apache.hadoop.ozone.client.io.KeyOutputStream.handleWrite(KeyOutputStream.java:231)
	at org.apache.hadoop.ozone.client.io.KeyOutputStream.write(KeyOutputStream.java:193)
	at org.apache.hadoop.ozone.client.io.OzoneOutputStream.write(OzoneOutputStream.java:49)
	at java.io.OutputStream.write(OutputStream.java:75)
	at org.apache.hadoop.ozone.client.rpc.TestMultiBlockWritesWithDnFailures.testMultiBlockWritesWithDnFailures(TestMultiBlockWritesWithDnFailures.java:122)
	at sun.reflect.NativeMethodAccessorImpl.invoke0(Native Method)
	at sun.reflect.NativeMethodAccessorImpl.invoke(NativeMethodAccessorImpl.java:62)
	at sun.reflect.DelegatingMethodAccessorImpl.invoke(DelegatingMethodAccessorImpl.java:43)
	at java.lang.reflect.Method.invoke(Method.java:498)
	at org.junit.runners.model.FrameworkMethod$1.runReflectiveCall(FrameworkMethod.java:47)
	at org.junit.internal.runners.model.ReflectiveCallable.run(ReflectiveCallable.java:12)
	at org.junit.runners.model.FrameworkMethod.invokeExplosively(FrameworkMethod.java:44)
	at org.junit.internal.runners.statements.InvokeMethod.evaluate(InvokeMethod.java:17)
	at org.junit.runners.ParentRunner.runLeaf(ParentRunner.java:271)
	at org.junit.runners.BlockJUnit4ClassRunner.runChild(BlockJUnit4ClassRunner.java:70)
	at org.junit.runners.BlockJUnit4ClassRunner.runChild(BlockJUnit4ClassRunner.java:50)
	at org.junit.runners.ParentRunner$3.run(ParentRunner.java:238)
	at org.junit.runners.ParentRunner$1.schedule(ParentRunner.java:63)
	at org.junit.runners.ParentRunner.runChildren(ParentRunner.java:236)
	at org.junit.runners.ParentRunner.access$000(ParentRunner.java:53)
	at org.junit.runners.ParentRunner$2.evaluate(ParentRunner.java:229)
	at org.junit.runners.ParentRunner.run(ParentRunner.java:309)
	at org.apache.maven.surefire.junit4.JUnit4Provider.execute(JUnit4Provider.java:365)
	at org.apache.maven.surefire.junit4.JUnit4Provider.executeWithRerun(JUnit4Provider.java:273)
	at org.apache.maven.surefire.junit4.JUnit4Provider.executeTestSet(JUnit4Provider.java:238)
	at org.apache.maven.surefire.junit4.JUnit4Provider.invoke(JUnit4Provider.java:159)
	at org.apache.maven.surefire.booter.ForkedBooter.invokeProviderInSameClassLoader(ForkedBooter.java:384)
	at org.apache.maven.surefire.booter.ForkedBooter.runSuitesInProcess(ForkedBooter.java:345)
	at org.apache.maven.surefire.booter.ForkedBooter.execute(ForkedBooter.java:126)
	at org.apache.maven.surefire.booter.ForkedBooter.main(ForkedBooter.java:418)
</error>
    <system-out><![CDATA[2019-08-02 03:50:34,289 WARN  server.ServerUtils (ServerUtils.java:getScmDbDir(145)) - ozone.scm.db.dirs is not configured. We recommend adding this setting. Falling back to ozone.metadata.dirs instead.
2019-08-02 03:50:34,426 WARN  server.ServerUtils (ServerUtils.java:getScmDbDir(145)) - ozone.scm.db.dirs is not configured. We recommend adding this setting. Falling back to ozone.metadata.dirs instead.
2019-08-02 03:50:34,429 WARN  server.ServerUtils (ServerUtils.java:getScmDbDir(145)) - ozone.scm.db.dirs is not configured. We recommend adding this setting. Falling back to ozone.metadata.dirs instead.
2019-08-02 03:50:34,448 INFO  util.log (Log.java:initialized(192)) - Logging initialized @865ms
2019-08-02 03:50:34,551 INFO  db.DBStoreBuilder (DBStoreBuilder.java:addTable(110)) - using custom profile for table: deletedBlocks
2019-08-02 03:50:34,551 INFO  db.DBStoreBuilder (DBStoreBuilder.java:processTables(161)) - Using default column profile:DBProfile.DISK for Table:deletedBlocks
2019-08-02 03:50:34,551 INFO  db.DBStoreBuilder (DBStoreBuilder.java:addTable(110)) - using custom profile for table: validCerts
2019-08-02 03:50:34,552 INFO  db.DBStoreBuilder (DBStoreBuilder.java:processTables(161)) - Using default column profile:DBProfile.DISK for Table:validCerts
2019-08-02 03:50:34,552 INFO  db.DBStoreBuilder (DBStoreBuilder.java:addTable(110)) - using custom profile for table: revokedCerts
2019-08-02 03:50:34,552 INFO  db.DBStoreBuilder (DBStoreBuilder.java:processTables(161)) - Using default column profile:DBProfile.DISK for Table:revokedCerts
2019-08-02 03:50:34,564 INFO  db.DBStoreBuilder (DBStoreBuilder.java:addTable(110)) - using custom profile for table: default
2019-08-02 03:50:34,564 INFO  db.DBStoreBuilder (DBStoreBuilder.java:processTables(167)) - Using default column profile:DBProfile.DISK for Table:default
2019-08-02 03:50:34,565 INFO  db.DBStoreBuilder (DBStoreBuilder.java:getDbProfile(198)) - Using default options. DBProfile.DISK
2019-08-02 03:50:34,748 INFO  net.NodeSchemaLoader (NodeSchemaLoader.java:loadSchemaFromFile(125)) - Loading file from sun.misc.CompoundEnumeration@7193666c
2019-08-02 03:50:34,753 INFO  net.NodeSchemaLoader (NodeSchemaLoader.java:loadSchema(171)) - Loading network topology layer schema file
2019-08-02 03:50:34,829 INFO  node.SCMNodeManager (SCMNodeManager.java:<init>(121)) - Entering startup safe mode.
2019-08-02 03:50:34,913 WARN  server.ServerUtils (ServerUtils.java:getScmDbDir(145)) - ozone.scm.db.dirs is not configured. We recommend adding this setting. Falling back to ozone.metadata.dirs instead.
2019-08-02 03:50:34,979 INFO  pipeline.SCMPipelineManager (SCMPipelineManager.java:initializePipelineState(126)) - No pipeline exists in current db
2019-08-02 03:50:34,983 WARN  server.ServerUtils (ServerUtils.java:getScmDbDir(145)) - ozone.scm.db.dirs is not configured. We recommend adding this setting. Falling back to ozone.metadata.dirs instead.
2019-08-02 03:50:35,099 WARN  events.EventQueue (EventQueue.java:fireEvent(175)) - No event handler registered for event TypedEvent{payloadType=SafeModeStatus, name='SafeModeStatus'}
2019-08-02 03:50:35,435 INFO  ipc.CallQueueManager (CallQueueManager.java:<init>(84)) - Using callQueue: class java.util.concurrent.LinkedBlockingQueue, queueCapacity: 2000, scheduler: class org.apache.hadoop.ipc.DefaultRpcScheduler, ipcBackoff: false.
2019-08-02 03:50:35,462 INFO  ipc.Server (Server.java:run(1074)) - Starting Socket Reader #1 for port 33925
2019-08-02 03:50:35,483 INFO  ipc.CallQueueManager (CallQueueManager.java:<init>(84)) - Using callQueue: class java.util.concurrent.LinkedBlockingQueue, queueCapacity: 2000, scheduler: class org.apache.hadoop.ipc.DefaultRpcScheduler, ipcBackoff: false.
2019-08-02 03:50:35,485 INFO  ipc.Server (Server.java:run(1074)) - Starting Socket Reader #1 for port 43763
2019-08-02 03:50:35,491 INFO  ipc.CallQueueManager (CallQueueManager.java:<init>(84)) - Using callQueue: class java.util.concurrent.LinkedBlockingQueue, queueCapacity: 2000, scheduler: class org.apache.hadoop.ipc.DefaultRpcScheduler, ipcBackoff: false.
2019-08-02 03:50:35,493 INFO  ipc.Server (Server.java:run(1074)) - Starting Socket Reader #1 for port 46811
2019-08-02 03:50:35,624 INFO  hdfs.DFSUtil (DFSUtil.java:httpServerTemplateForNNAndJN(1641)) - Starting Web-server for scm at: http://0.0.0.0:0
2019-08-02 03:50:35,788 INFO  server.AuthenticationFilter (AuthenticationFilter.java:constructSecretProvider(240)) - Unable to initialize FileSignerSecretProvider, falling back to use random secrets.
2019-08-02 03:50:35,795 WARN  http.HttpRequestLog (HttpRequestLog.java:getRequestLog(97)) - Jetty request log can only be enabled using Log4j
2019-08-02 03:50:35,803 INFO  http.HttpServer2 (HttpServer2.java:addGlobalFilter(975)) - Added global filter 'safety' (class=org.apache.hadoop.http.HttpServer2$QuotingInputFilter)
2019-08-02 03:50:35,806 INFO  http.HttpServer2 (HttpServer2.java:addFilter(948)) - Added filter static_user_filter (class=org.apache.hadoop.http.lib.StaticUserWebFilter$StaticUserFilter) to context scm
2019-08-02 03:50:35,806 INFO  http.HttpServer2 (HttpServer2.java:addFilter(958)) - Added filter static_user_filter (class=org.apache.hadoop.http.lib.StaticUserWebFilter$StaticUserFilter) to context logs
2019-08-02 03:50:35,806 INFO  http.HttpServer2 (HttpServer2.java:addFilter(958)) - Added filter static_user_filter (class=org.apache.hadoop.http.lib.StaticUserWebFilter$StaticUserFilter) to context static
2019-08-02 03:50:35,832 INFO  server.StorageContainerManager (StorageContainerManager.java:start(758)) - StorageContainerLocationProtocol RPC server is listening at /0.0.0.0:46811
2019-08-02 03:50:35,888 WARN  impl.MetricsConfig (MetricsConfig.java:loadFirst(134)) - Cannot locate configuration: tried hadoop-metrics2-storagecontainermanager.properties,hadoop-metrics2.properties
2019-08-02 03:50:35,901 INFO  impl.MetricsSystemImpl (MetricsSystemImpl.java:startTimer(374)) - Scheduled Metric snapshot period at 10 second(s).
2019-08-02 03:50:35,901 INFO  impl.MetricsSystemImpl (MetricsSystemImpl.java:start(191)) - StorageContainerManager metrics system started
2019-08-02 03:50:36,121 INFO  server.SCMClientProtocolServer (SCMClientProtocolServer.java:start(151)) - RPC server for Client  is listening at /0.0.0.0:46811
2019-08-02 03:50:36,123 INFO  ipc.Server (Server.java:run(1314)) - IPC Server Responder: starting
2019-08-02 03:50:36,123 INFO  ipc.Server (Server.java:run(1153)) - IPC Server listener on 46811: starting
2019-08-02 03:50:36,127 INFO  server.StorageContainerManager (StorageContainerManager.java:start(768)) - ScmBlockLocationProtocol RPC server is listening at /0.0.0.0:43763
2019-08-02 03:50:36,127 INFO  server.SCMBlockProtocolServer (SCMBlockProtocolServer.java:start(140)) - RPC server for Block Protocol is listening at /0.0.0.0:43763
2019-08-02 03:50:36,128 INFO  ipc.Server (Server.java:run(1314)) - IPC Server Responder: starting
2019-08-02 03:50:36,128 INFO  ipc.Server (Server.java:run(1153)) - IPC Server listener on 43763: starting
2019-08-02 03:50:36,137 INFO  server.StorageContainerManager (StorageContainerManager.java:start(772)) - ScmDatanodeProtocl RPC server is listening at /0.0.0.0:33925
2019-08-02 03:50:36,137 INFO  server.SCMDatanodeProtocolServer (SCMDatanodeProtocolServer.java:start(191)) - RPC server for DataNodes is listening at /0.0.0.0:33925
2019-08-02 03:50:36,138 INFO  ipc.Server (Server.java:run(1314)) - IPC Server Responder: starting
2019-08-02 03:50:36,139 INFO  ipc.Server (Server.java:run(1153)) - IPC Server listener on 33925: starting
2019-08-02 03:50:36,151 INFO  http.HttpServer2 (HttpServer2.java:bindListener(1191)) - Jetty bound to port 45582
2019-08-02 03:50:36,153 INFO  server.Server (Server.java:doStart(351)) - jetty-9.3.24.v20180605, build timestamp: 2018-06-05T17:11:56Z, git hash: 84205aa28f11a4f31f2a3b86d1bba2cc8ab69827
2019-08-02 03:50:36,192 INFO  handler.ContextHandler (ContextHandler.java:doStart(781)) - Started o.e.j.s.ServletContextHandler@75f95314{/logs,file:///workdir/hadoop-ozone/integration-test/target/log,AVAILABLE}
2019-08-02 03:50:36,193 INFO  handler.ContextHandler (ContextHandler.java:doStart(781)) - Started o.e.j.s.ServletContextHandler@6bbe2511{/static,file:///workdir/hadoop-ozone/integration-test/target/test-classes/webapps/static,AVAILABLE}
2019-08-02 03:50:36,226 INFO  handler.ContextHandler (ContextHandler.java:doStart(781)) - Started o.e.j.w.WebAppContext@285d851a{/,file:///workdir/hadoop-ozone/integration-test/target/test-classes/webapps/scm/,AVAILABLE}{/scm}
2019-08-02 03:50:36,231 INFO  server.AbstractConnector (AbstractConnector.java:doStart(278)) - Started ServerConnector@32232e55{HTTP/1.1,[http/1.1]}{0.0.0.0:45582}
2019-08-02 03:50:36,232 INFO  server.Server (Server.java:doStart(419)) - Started @2649ms
2019-08-02 03:50:36,233 INFO  server.BaseHttpServer (BaseHttpServer.java:updateConnectorAddress(207)) - HTTP server of SCM is listening at http://0.0.0.0:45582
2019-08-02 03:50:36,239 INFO  util.JvmPauseMonitor (JvmPauseMonitor.java:run(188)) - Starting JVM pause monitor
2019-08-02 03:50:36,240 WARN  server.ServerUtils (ServerUtils.java:getDBPath(222)) - ozone.om.db.dirs is not configured. We recommend adding this setting. Falling back to ozone.metadata.dirs instead.
2019-08-02 03:50:36,341 WARN  server.ServerUtils (ServerUtils.java:getDBPath(222)) - ozone.om.db.dirs is not configured. We recommend adding this setting. Falling back to ozone.metadata.dirs instead.
2019-08-02 03:50:36,342 WARN  server.ServerUtils (ServerUtils.java:getDBPath(222)) - ozone.om.db.dirs is not configured. We recommend adding this setting. Falling back to ozone.metadata.dirs instead.
2019-08-02 03:50:36,343 INFO  om.OzoneManager (OzoneManager.java:setOMNodeDetails(644)) - OM Service ID is not set. Setting it to the default ID: omServiceIdDefault
2019-08-02 03:50:36,343 INFO  om.OzoneManager (OzoneManager.java:setOMNodeDetails(650)) - OM Node ID is not set. Setting it to the OmStorage's OmID: c1463818-9f32-4fdf-a337-124548dbf73b
2019-08-02 03:50:36,344 INFO  om.OzoneManager (OzoneManager.java:loadOMHAConfigs(601)) - Found matching OM address with OMServiceId: null, OMNodeId: null, RPC Address: localhost:0 and Ratis port: 9872
2019-08-02 03:50:37,030 WARN  server.ServerUtils (ServerUtils.java:getDBPath(222)) - ozone.om.db.dirs is not configured. We recommend adding this setting. Falling back to ozone.metadata.dirs instead.
2019-08-02 03:50:37,038 INFO  db.DBStoreBuilder (DBStoreBuilder.java:addTable(110)) - using custom profile for table: userTable
2019-08-02 03:50:37,038 INFO  db.DBStoreBuilder (DBStoreBuilder.java:processTables(161)) - Using default column profile:DBProfile.DISK for Table:userTable
2019-08-02 03:50:37,038 INFO  db.DBStoreBuilder (DBStoreBuilder.java:addTable(110)) - using custom profile for table: volumeTable
2019-08-02 03:50:37,039 INFO  db.DBStoreBuilder (DBStoreBuilder.java:processTables(161)) - Using default column profile:DBProfile.DISK for Table:volumeTable
2019-08-02 03:50:37,039 INFO  db.DBStoreBuilder (DBStoreBuilder.java:addTable(110)) - using custom profile for table: bucketTable
2019-08-02 03:50:37,039 INFO  db.DBStoreBuilder (DBStoreBuilder.java:processTables(161)) - Using default column profile:DBProfile.DISK for Table:bucketTable
2019-08-02 03:50:37,039 INFO  db.DBStoreBuilder (DBStoreBuilder.java:addTable(110)) - using custom profile for table: keyTable
2019-08-02 03:50:37,039 INFO  db.DBStoreBuilder (DBStoreBuilder.java:processTables(161)) - Using default column profile:DBProfile.DISK for Table:keyTable
2019-08-02 03:50:37,040 INFO  db.DBStoreBuilder (DBStoreBuilder.java:addTable(110)) - using custom profile for table: deletedTable
2019-08-02 03:50:37,040 INFO  db.DBStoreBuilder (DBStoreBuilder.java:processTables(161)) - Using default column profile:DBProfile.DISK for Table:deletedTable
2019-08-02 03:50:37,040 INFO  db.DBStoreBuilder (DBStoreBuilder.java:addTable(110)) - using custom profile for table: openKeyTable
2019-08-02 03:50:37,040 INFO  db.DBStoreBuilder (DBStoreBuilder.java:processTables(161)) - Using default column profile:DBProfile.DISK for Table:openKeyTable
2019-08-02 03:50:37,041 INFO  db.DBStoreBuilder (DBStoreBuilder.java:addTable(110)) - using custom profile for table: s3Table
2019-08-02 03:50:37,041 INFO  db.DBStoreBuilder (DBStoreBuilder.java:processTables(161)) - Using default column profile:DBProfile.DISK for Table:s3Table
2019-08-02 03:50:37,041 INFO  db.DBStoreBuilder (DBStoreBuilder.java:addTable(110)) - using custom profile for table: multipartInfoTable
2019-08-02 03:50:37,041 INFO  db.DBStoreBuilder (DBStoreBuilder.java:processTables(161)) - Using default column profile:DBProfile.DISK for Table:multipartInfoTable
2019-08-02 03:50:37,042 INFO  db.DBStoreBuilder (DBStoreBuilder.java:addTable(110)) - using custom profile for table: dTokenTable
2019-08-02 03:50:37,042 INFO  db.DBStoreBuilder (DBStoreBuilder.java:processTables(161)) - Using default column profile:DBProfile.DISK for Table:dTokenTable
2019-08-02 03:50:37,043 INFO  db.DBStoreBuilder (DBStoreBuilder.java:addTable(110)) - using custom profile for table: s3SecretTable
2019-08-02 03:50:37,043 INFO  db.DBStoreBuilder (DBStoreBuilder.java:processTables(161)) - Using default column profile:DBProfile.DISK for Table:s3SecretTable
2019-08-02 03:50:37,043 INFO  db.DBStoreBuilder (DBStoreBuilder.java:addTable(110)) - using custom profile for table: prefixTable
2019-08-02 03:50:37,043 INFO  db.DBStoreBuilder (DBStoreBuilder.java:processTables(161)) - Using default column profile:DBProfile.DISK for Table:prefixTable
2019-08-02 03:50:37,044 INFO  db.DBStoreBuilder (DBStoreBuilder.java:addTable(110)) - using custom profile for table: default
2019-08-02 03:50:37,044 INFO  db.DBStoreBuilder (DBStoreBuilder.java:processTables(167)) - Using default column profile:DBProfile.DISK for Table:default
2019-08-02 03:50:37,044 INFO  db.DBStoreBuilder (DBStoreBuilder.java:getDbProfile(198)) - Using default options. DBProfile.DISK
2019-08-02 03:50:37,647 INFO  ipc.CallQueueManager (CallQueueManager.java:<init>(84)) - Using callQueue: class java.util.concurrent.LinkedBlockingQueue, queueCapacity: 2000, scheduler: class org.apache.hadoop.ipc.DefaultRpcScheduler, ipcBackoff: false.
2019-08-02 03:50:37,648 INFO  ipc.Server (Server.java:run(1074)) - Starting Socket Reader #1 for port 33309
2019-08-02 03:50:37,667 INFO  om.OzoneManager (OzoneManager.java:start(1255)) - OzoneManager RPC server is listening at localhost/127.0.0.1:33309
2019-08-02 03:50:37,667 INFO  impl.MetricsSystemImpl (MetricsSystemImpl.java:init(158)) - OzoneManager metrics system started (again)
2019-08-02 03:50:37,670 INFO  ipc.Server (Server.java:run(1314)) - IPC Server Responder: starting
2019-08-02 03:50:37,670 INFO  ipc.Server (Server.java:run(1153)) - IPC Server listener on 33309: starting
2019-08-02 03:50:37,685 INFO  hdfs.DFSUtil (DFSUtil.java:httpServerTemplateForNNAndJN(1641)) - Starting Web-server for ozoneManager at: http://0.0.0.0:0
2019-08-02 03:50:37,687 INFO  server.AuthenticationFilter (AuthenticationFilter.java:constructSecretProvider(240)) - Unable to initialize FileSignerSecretProvider, falling back to use random secrets.
2019-08-02 03:50:37,688 WARN  http.HttpRequestLog (HttpRequestLog.java:getRequestLog(97)) - Jetty request log can only be enabled using Log4j
2019-08-02 03:50:37,691 INFO  http.HttpServer2 (HttpServer2.java:addGlobalFilter(975)) - Added global filter 'safety' (class=org.apache.hadoop.http.HttpServer2$QuotingInputFilter)
2019-08-02 03:50:37,691 INFO  http.HttpServer2 (HttpServer2.java:addFilter(948)) - Added filter static_user_filter (class=org.apache.hadoop.http.lib.StaticUserWebFilter$StaticUserFilter) to context ozoneManager
2019-08-02 03:50:37,692 INFO  http.HttpServer2 (HttpServer2.java:addFilter(958)) - Added filter static_user_filter (class=org.apache.hadoop.http.lib.StaticUserWebFilter$StaticUserFilter) to context static
2019-08-02 03:50:37,692 INFO  http.HttpServer2 (HttpServer2.java:addFilter(958)) - Added filter static_user_filter (class=org.apache.hadoop.http.lib.StaticUserWebFilter$StaticUserFilter) to context logs
2019-08-02 03:50:37,694 INFO  http.HttpServer2 (HttpServer2.java:bindListener(1191)) - Jetty bound to port 39360
2019-08-02 03:50:37,694 INFO  server.Server (Server.java:doStart(351)) - jetty-9.3.24.v20180605, build timestamp: 2018-06-05T17:11:56Z, git hash: 84205aa28f11a4f31f2a3b86d1bba2cc8ab69827
2019-08-02 03:50:37,696 INFO  handler.ContextHandler (ContextHandler.java:doStart(781)) - Started o.e.j.s.ServletContextHandler@7808fb9{/logs,file:///workdir/hadoop-ozone/integration-test/target/log,AVAILABLE}
2019-08-02 03:50:37,697 INFO  handler.ContextHandler (ContextHandler.java:doStart(781)) - Started o.e.j.s.ServletContextHandler@6b580b88{/static,file:///workdir/hadoop-ozone/integration-test/target/test-classes/webapps/static,AVAILABLE}
2019-08-02 03:50:37,702 INFO  handler.ContextHandler (ContextHandler.java:doStart(781)) - Started o.e.j.w.WebAppContext@4a1c0752{/,file:///workdir/hadoop-ozone/integration-test/target/test-classes/webapps/ozoneManager/,AVAILABLE}{/ozoneManager}
2019-08-02 03:50:37,702 INFO  server.AbstractConnector (AbstractConnector.java:doStart(278)) - Started ServerConnector@332f25c8{HTTP/1.1,[http/1.1]}{0.0.0.0:39360}
2019-08-02 03:50:37,703 INFO  server.Server (Server.java:doStart(419)) - Started @4120ms
2019-08-02 03:50:37,704 INFO  server.BaseHttpServer (BaseHttpServer.java:updateConnectorAddress(207)) - HTTP server of OZONEMANAGER is listening at http://0.0.0.0:39360
2019-08-02 03:50:38,031 INFO  impl.MetricsSystemImpl (MetricsSystemImpl.java:init(158)) - HddsDatanode metrics system started (again)
2019-08-02 03:50:38,118 INFO  ozone.HddsDatanodeService (HddsDatanodeService.java:start(184)) - HddsDatanodeService host:byscane-nightly-xzrzg-2697134946 ip:192.168.157.195
2019-08-02 03:50:38,150 INFO  volume.HddsVolume (HddsVolume.java:<init>(176)) - Creating Volume: /workdir/hadoop-ozone/integration-test/target/test-dir/MiniOzoneClusterImpl-84113157-6906-4aba-8e15-158381d9b249/datanode-0/data/containers/hdds of  storage type : DISK and capacity : 52710309888
2019-08-02 03:50:38,152 INFO  volume.VolumeSet (VolumeSet.java:initializeVolumeSet(170)) - Added Volume : /workdir/hadoop-ozone/integration-test/target/test-dir/MiniOzoneClusterImpl-84113157-6906-4aba-8e15-158381d9b249/datanode-0/data/containers/hdds to VolumeSet
2019-08-02 03:50:38,154 INFO  volume.ThrottledAsyncChecker (ThrottledAsyncChecker.java:schedule(140)) - Scheduling a check for org.apache.hadoop.ozone.container.common.volume.HddsVolume@29a69a35
2019-08-02 03:50:38,172 INFO  volume.HddsVolumeChecker (HddsVolumeChecker.java:checkAllVolumes(203)) - Scheduled health check for volume org.apache.hadoop.ozone.container.common.volume.HddsVolume@29a69a35
2019-08-02 03:50:38,277 INFO  impl.RaftServerProxy (ConfUtils.java:logGet(43)) - raft.rpc.type = GRPC (default)
2019-08-02 03:50:38,348 INFO  grpc.GrpcFactory (GrpcFactory.java:checkPooledByteBufAllocatorUseCacheForAllThreads(45)) - PERFORMANCE WARNING: useCacheForAllThreads is true that may cause Netty to create a lot garbage objects and, as a result, trigger GC.
	It is recommended to disable useCacheForAllThreads by setting -Dorg.apache.ratis.thirdparty.io.netty.allocator.useCacheForAllThreads=false in command line.
2019-08-02 03:50:38,353 INFO  grpc.GrpcConfigKeys$Server (ConfUtils.java:logGet(43)) - raft.grpc.server.port = 0 (default)
2019-08-02 03:50:38,354 INFO  server.GrpcService (ConfUtils.java:logGet(43)) - raft.grpc.message.size.max = 33570816 (custom)
2019-08-02 03:50:38,355 INFO  server.RaftServerConfigKeys (ConfUtils.java:logGet(43)) - raft.server.log.appender.buffer.byte-limit = 33554432 (custom)
2019-08-02 03:50:38,356 INFO  server.GrpcService (ConfUtils.java:logGet(43)) - raft.grpc.flow.control.window = 1MB (=1048576) (default)
2019-08-02 03:50:38,357 INFO  server.RaftServerConfigKeys (ConfUtils.java:logGet(43)) - raft.server.rpc.request.timeout = 3000ms (default)
2019-08-02 03:50:38,510 INFO  server.RaftServerConfigKeys (ConfUtils.java:logGet(43)) - raft.server.storage.dir = [/workdir/hadoop-ozone/integration-test/target/test-dir/MiniOzoneClusterImpl-84113157-6906-4aba-8e15-158381d9b249/datanode-0/data/ratis] (custom)
2019-08-02 03:50:38,545 INFO  replication.SimpleContainerDownloader (SimpleContainerDownloader.java:<init>(72)) - Starting container downloader service to copy containers to replicate.
2019-08-02 03:50:38,557 INFO  hdfs.DFSUtil (DFSUtil.java:httpServerTemplateForNNAndJN(1641)) - Starting Web-server for hddsDatanode at: http://0.0.0.0:0
2019-08-02 03:50:38,559 INFO  server.AuthenticationFilter (AuthenticationFilter.java:constructSecretProvider(240)) - Unable to initialize FileSignerSecretProvider, falling back to use random secrets.
2019-08-02 03:50:38,559 WARN  http.HttpRequestLog (HttpRequestLog.java:getRequestLog(97)) - Jetty request log can only be enabled using Log4j
2019-08-02 03:50:38,561 INFO  http.HttpServer2 (HttpServer2.java:addGlobalFilter(975)) - Added global filter 'safety' (class=org.apache.hadoop.http.HttpServer2$QuotingInputFilter)
2019-08-02 03:50:38,562 INFO  http.HttpServer2 (HttpServer2.java:addFilter(948)) - Added filter static_user_filter (class=org.apache.hadoop.http.lib.StaticUserWebFilter$StaticUserFilter) to context hddsDatanode
2019-08-02 03:50:38,562 INFO  http.HttpServer2 (HttpServer2.java:addFilter(958)) - Added filter static_user_filter (class=org.apache.hadoop.http.lib.StaticUserWebFilter$StaticUserFilter) to context logs
2019-08-02 03:50:38,562 INFO  http.HttpServer2 (HttpServer2.java:addFilter(958)) - Added filter static_user_filter (class=org.apache.hadoop.http.lib.StaticUserWebFilter$StaticUserFilter) to context static
2019-08-02 03:50:38,563 INFO  http.HttpServer2 (HttpServer2.java:bindListener(1191)) - Jetty bound to port 41177
2019-08-02 03:50:38,563 INFO  server.Server (Server.java:doStart(351)) - jetty-9.3.24.v20180605, build timestamp: 2018-06-05T17:11:56Z, git hash: 84205aa28f11a4f31f2a3b86d1bba2cc8ab69827
2019-08-02 03:50:38,565 INFO  handler.ContextHandler (ContextHandler.java:doStart(781)) - Started o.e.j.s.ServletContextHandler@65c33b92{/logs,file:///workdir/hadoop-ozone/integration-test/target/log,AVAILABLE}
2019-08-02 03:50:38,566 INFO  handler.ContextHandler (ContextHandler.java:doStart(781)) - Started o.e.j.s.ServletContextHandler@4e08acf9{/static,jar:file:/home/user/.m2/repository/org/apache/hadoop/hadoop-hdds-container-service/0.4.1-SNAPSHOT/hadoop-hdds-container-service-0.4.1-SNAPSHOT.jar!/webapps/static,AVAILABLE}
2019-08-02 03:50:38,607 INFO  handler.ContextHandler (ContextHandler.java:doStart(781)) - Started o.e.j.w.WebAppContext@36417a54{/,file:///tmp/jetty-0.0.0.0-41177-hddsDatanode-_-any-341000044178403123.dir/webapp/,AVAILABLE}{/hddsDatanode}
2019-08-02 03:50:38,609 INFO  server.AbstractConnector (AbstractConnector.java:doStart(278)) - Started ServerConnector@2b8bb184{HTTP/1.1,[http/1.1]}{0.0.0.0:41177}
2019-08-02 03:50:38,613 INFO  server.Server (Server.java:doStart(419)) - Started @5030ms
2019-08-02 03:50:38,615 INFO  server.BaseHttpServer (BaseHttpServer.java:updateConnectorAddress(207)) - HTTP server of HDDSDATANODE is listening at http://0.0.0.0:41177
2019-08-02 03:50:39,771 INFO  ozone.HddsDatanodeService (HddsDatanodeService.java:startPlugins(395)) - Started plug-in org.apache.hadoop.ozone.web.OzoneHddsDatanodeService@623e0631
2019-08-02 03:50:39,775 INFO  impl.MetricsSystemImpl (MetricsSystemImpl.java:init(158)) - HddsDatanode metrics system started (again)
2019-08-02 03:50:39,779 INFO  ozone.HddsDatanodeService (HddsDatanodeService.java:start(184)) - HddsDatanodeService host:byscane-nightly-xzrzg-2697134946 ip:192.168.157.195
2019-08-02 03:50:39,782 INFO  util.JvmPauseMonitor (JvmPauseMonitor.java:run(188)) - Starting JVM pause monitor
2019-08-02 03:50:39,792 INFO  volume.HddsVolume (HddsVolume.java:<init>(176)) - Creating Volume: /workdir/hadoop-ozone/integration-test/target/test-dir/MiniOzoneClusterImpl-84113157-6906-4aba-8e15-158381d9b249/datanode-1/data/containers/hdds of  storage type : DISK and capacity : 52710309888
2019-08-02 03:50:39,793 INFO  volume.VolumeSet (VolumeSet.java:initializeVolumeSet(170)) - Added Volume : /workdir/hadoop-ozone/integration-test/target/test-dir/MiniOzoneClusterImpl-84113157-6906-4aba-8e15-158381d9b249/datanode-1/data/containers/hdds to VolumeSet
2019-08-02 03:50:39,794 INFO  volume.ThrottledAsyncChecker (ThrottledAsyncChecker.java:schedule(140)) - Scheduling a check for org.apache.hadoop.ozone.container.common.volume.HddsVolume@6e02721d
2019-08-02 03:50:39,796 INFO  volume.HddsVolumeChecker (HddsVolumeChecker.java:checkAllVolumes(203)) - Scheduled health check for volume org.apache.hadoop.ozone.container.common.volume.HddsVolume@6e02721d
2019-08-02 03:50:39,815 INFO  impl.RaftServerProxy (ConfUtils.java:logGet(43)) - raft.rpc.type = GRPC (default)
2019-08-02 03:50:39,816 INFO  grpc.GrpcFactory (GrpcFactory.java:checkPooledByteBufAllocatorUseCacheForAllThreads(45)) - PERFORMANCE WARNING: useCacheForAllThreads is true that may cause Netty to create a lot garbage objects and, as a result, trigger GC.
	It is recommended to disable useCacheForAllThreads by setting -Dorg.apache.ratis.thirdparty.io.netty.allocator.useCacheForAllThreads=false in command line.
2019-08-02 03:50:39,816 INFO  grpc.GrpcConfigKeys$Server (ConfUtils.java:logGet(43)) - raft.grpc.server.port = 0 (default)
2019-08-02 03:50:39,817 INFO  server.GrpcService (ConfUtils.java:logGet(43)) - raft.grpc.message.size.max = 33570816 (custom)
2019-08-02 03:50:39,817 INFO  server.RaftServerConfigKeys (ConfUtils.java:logGet(43)) - raft.server.log.appender.buffer.byte-limit = 33554432 (custom)
2019-08-02 03:50:39,817 INFO  server.GrpcService (ConfUtils.java:logGet(43)) - raft.grpc.flow.control.window = 1MB (=1048576) (default)
2019-08-02 03:50:39,818 INFO  server.RaftServerConfigKeys (ConfUtils.java:logGet(43)) - raft.server.rpc.request.timeout = 3000ms (default)
2019-08-02 03:50:39,818 INFO  server.RaftServerConfigKeys (ConfUtils.java:logGet(43)) - raft.server.storage.dir = [/workdir/hadoop-ozone/integration-test/target/test-dir/MiniOzoneClusterImpl-84113157-6906-4aba-8e15-158381d9b249/datanode-1/data/ratis] (custom)
2019-08-02 03:50:39,819 INFO  replication.SimpleContainerDownloader (SimpleContainerDownloader.java:<init>(72)) - Starting container downloader service to copy containers to replicate.
2019-08-02 03:50:39,821 INFO  hdfs.DFSUtil (DFSUtil.java:httpServerTemplateForNNAndJN(1641)) - Starting Web-server for hddsDatanode at: http://0.0.0.0:0
2019-08-02 03:50:39,823 INFO  server.AuthenticationFilter (AuthenticationFilter.java:constructSecretProvider(240)) - Unable to initialize FileSignerSecretProvider, falling back to use random secrets.
2019-08-02 03:50:39,824 WARN  http.HttpRequestLog (HttpRequestLog.java:getRequestLog(97)) - Jetty request log can only be enabled using Log4j
2019-08-02 03:50:39,827 INFO  http.HttpServer2 (HttpServer2.java:addGlobalFilter(975)) - Added global filter 'safety' (class=org.apache.hadoop.http.HttpServer2$QuotingInputFilter)
2019-08-02 03:50:39,828 INFO  http.HttpServer2 (HttpServer2.java:addFilter(948)) - Added filter static_user_filter (class=org.apache.hadoop.http.lib.StaticUserWebFilter$StaticUserFilter) to context hddsDatanode
2019-08-02 03:50:39,828 INFO  http.HttpServer2 (HttpServer2.java:addFilter(958)) - Added filter static_user_filter (class=org.apache.hadoop.http.lib.StaticUserWebFilter$StaticUserFilter) to context logs
2019-08-02 03:50:39,829 INFO  http.HttpServer2 (HttpServer2.java:addFilter(958)) - Added filter static_user_filter (class=org.apache.hadoop.http.lib.StaticUserWebFilter$StaticUserFilter) to context static
2019-08-02 03:50:39,830 INFO  http.HttpServer2 (HttpServer2.java:bindListener(1191)) - Jetty bound to port 41269
2019-08-02 03:50:39,830 INFO  server.Server (Server.java:doStart(351)) - jetty-9.3.24.v20180605, build timestamp: 2018-06-05T17:11:56Z, git hash: 84205aa28f11a4f31f2a3b86d1bba2cc8ab69827
2019-08-02 03:50:39,833 INFO  handler.ContextHandler (ContextHandler.java:doStart(781)) - Started o.e.j.s.ServletContextHandler@69a024a0{/logs,file:///workdir/hadoop-ozone/integration-test/target/log,AVAILABLE}
2019-08-02 03:50:39,834 INFO  handler.ContextHandler (ContextHandler.java:doStart(781)) - Started o.e.j.s.ServletContextHandler@2d7637e6{/static,jar:file:/home/user/.m2/repository/org/apache/hadoop/hadoop-hdds-container-service/0.4.1-SNAPSHOT/hadoop-hdds-container-service-0.4.1-SNAPSHOT.jar!/webapps/static,AVAILABLE}
2019-08-02 03:50:39,875 INFO  handler.ContextHandler (ContextHandler.java:doStart(781)) - Started o.e.j.w.WebAppContext@2ce03e86{/,file:///tmp/jetty-0.0.0.0-41269-hddsDatanode-_-any-1626472184394009843.dir/webapp/,AVAILABLE}{/hddsDatanode}
2019-08-02 03:50:39,876 INFO  server.AbstractConnector (AbstractConnector.java:doStart(278)) - Started ServerConnector@1c628f6a{HTTP/1.1,[http/1.1]}{0.0.0.0:41269}
2019-08-02 03:50:39,877 INFO  server.Server (Server.java:doStart(419)) - Started @6294ms
2019-08-02 03:50:39,879 INFO  server.BaseHttpServer (BaseHttpServer.java:updateConnectorAddress(207)) - HTTP server of HDDSDATANODE is listening at http://0.0.0.0:41269
2019-08-02 03:50:39,881 INFO  datanode.InitDatanodeState (InitDatanodeState.java:persistContainerDatanodeDetails(140)) - DatanodeDetails is persisted to /workdir/hadoop-ozone/integration-test/target/test-dir/MiniOzoneClusterImpl-84113157-6906-4aba-8e15-158381d9b249/datanode-0/meta/datanode.id
2019-08-02 03:50:40,010 INFO  ozone.HddsDatanodeService (HddsDatanodeService.java:startPlugins(395)) - Started plug-in org.apache.hadoop.ozone.web.OzoneHddsDatanodeService@ccd341d
2019-08-02 03:50:40,010 INFO  impl.MetricsSystemImpl (MetricsSystemImpl.java:init(158)) - HddsDatanode metrics system started (again)
2019-08-02 03:50:40,013 INFO  ozone.HddsDatanodeService (HddsDatanodeService.java:start(184)) - HddsDatanodeService host:byscane-nightly-xzrzg-2697134946 ip:192.168.157.195
2019-08-02 03:50:40,013 INFO  util.JvmPauseMonitor (JvmPauseMonitor.java:run(188)) - Starting JVM pause monitor
2019-08-02 03:50:40,023 INFO  volume.HddsVolume (HddsVolume.java:<init>(176)) - Creating Volume: /workdir/hadoop-ozone/integration-test/target/test-dir/MiniOzoneClusterImpl-84113157-6906-4aba-8e15-158381d9b249/datanode-2/data/containers/hdds of  storage type : DISK and capacity : 52710309888
2019-08-02 03:50:40,023 INFO  volume.VolumeSet (VolumeSet.java:initializeVolumeSet(170)) - Added Volume : /workdir/hadoop-ozone/integration-test/target/test-dir/MiniOzoneClusterImpl-84113157-6906-4aba-8e15-158381d9b249/datanode-2/data/containers/hdds to VolumeSet
2019-08-02 03:50:40,024 INFO  volume.ThrottledAsyncChecker (ThrottledAsyncChecker.java:schedule(140)) - Scheduling a check for org.apache.hadoop.ozone.container.common.volume.HddsVolume@7197b07f
2019-08-02 03:50:40,024 INFO  datanode.InitDatanodeState (InitDatanodeState.java:persistContainerDatanodeDetails(140)) - DatanodeDetails is persisted to /workdir/hadoop-ozone/integration-test/target/test-dir/MiniOzoneClusterImpl-84113157-6906-4aba-8e15-158381d9b249/datanode-1/meta/datanode.id
2019-08-02 03:50:40,025 INFO  volume.HddsVolumeChecker (HddsVolumeChecker.java:checkAllVolumes(203)) - Scheduled health check for volume org.apache.hadoop.ozone.container.common.volume.HddsVolume@7197b07f
2019-08-02 03:50:40,048 INFO  impl.RaftServerProxy (ConfUtils.java:logGet(43)) - raft.rpc.type = GRPC (default)
2019-08-02 03:50:40,048 INFO  grpc.GrpcFactory (GrpcFactory.java:checkPooledByteBufAllocatorUseCacheForAllThreads(45)) - PERFORMANCE WARNING: useCacheForAllThreads is true that may cause Netty to create a lot garbage objects and, as a result, trigger GC.
	It is recommended to disable useCacheForAllThreads by setting -Dorg.apache.ratis.thirdparty.io.netty.allocator.useCacheForAllThreads=false in command line.
2019-08-02 03:50:40,048 INFO  grpc.GrpcConfigKeys$Server (ConfUtils.java:logGet(43)) - raft.grpc.server.port = 0 (default)
2019-08-02 03:50:40,049 INFO  server.GrpcService (ConfUtils.java:logGet(43)) - raft.grpc.message.size.max = 33570816 (custom)
2019-08-02 03:50:40,049 INFO  server.RaftServerConfigKeys (ConfUtils.java:logGet(43)) - raft.server.log.appender.buffer.byte-limit = 33554432 (custom)
2019-08-02 03:50:40,049 INFO  server.GrpcService (ConfUtils.java:logGet(43)) - raft.grpc.flow.control.window = 1MB (=1048576) (default)
2019-08-02 03:50:40,050 INFO  server.RaftServerConfigKeys (ConfUtils.java:logGet(43)) - raft.server.rpc.request.timeout = 3000ms (default)
2019-08-02 03:50:40,050 INFO  server.RaftServerConfigKeys (ConfUtils.java:logGet(43)) - raft.server.storage.dir = [/workdir/hadoop-ozone/integration-test/target/test-dir/MiniOzoneClusterImpl-84113157-6906-4aba-8e15-158381d9b249/datanode-2/data/ratis] (custom)
2019-08-02 03:50:40,052 INFO  replication.SimpleContainerDownloader (SimpleContainerDownloader.java:<init>(72)) - Starting container downloader service to copy containers to replicate.
2019-08-02 03:50:40,053 INFO  hdfs.DFSUtil (DFSUtil.java:httpServerTemplateForNNAndJN(1641)) - Starting Web-server for hddsDatanode at: http://0.0.0.0:0
2019-08-02 03:50:40,055 INFO  server.AuthenticationFilter (AuthenticationFilter.java:constructSecretProvider(240)) - Unable to initialize FileSignerSecretProvider, falling back to use random secrets.
2019-08-02 03:50:40,055 WARN  http.HttpRequestLog (HttpRequestLog.java:getRequestLog(97)) - Jetty request log can only be enabled using Log4j
2019-08-02 03:50:40,057 INFO  http.HttpServer2 (HttpServer2.java:addGlobalFilter(975)) - Added global filter 'safety' (class=org.apache.hadoop.http.HttpServer2$QuotingInputFilter)
2019-08-02 03:50:40,058 INFO  http.HttpServer2 (HttpServer2.java:addFilter(948)) - Added filter static_user_filter (class=org.apache.hadoop.http.lib.StaticUserWebFilter$StaticUserFilter) to context hddsDatanode
2019-08-02 03:50:40,058 INFO  http.HttpServer2 (HttpServer2.java:addFilter(958)) - Added filter static_user_filter (class=org.apache.hadoop.http.lib.StaticUserWebFilter$StaticUserFilter) to context logs
2019-08-02 03:50:40,059 INFO  http.HttpServer2 (HttpServer2.java:addFilter(958)) - Added filter static_user_filter (class=org.apache.hadoop.http.lib.StaticUserWebFilter$StaticUserFilter) to context static
2019-08-02 03:50:40,059 INFO  http.HttpServer2 (HttpServer2.java:bindListener(1191)) - Jetty bound to port 45170
2019-08-02 03:50:40,060 INFO  server.Server (Server.java:doStart(351)) - jetty-9.3.24.v20180605, build timestamp: 2018-06-05T17:11:56Z, git hash: 84205aa28f11a4f31f2a3b86d1bba2cc8ab69827
2019-08-02 03:50:40,064 INFO  handler.ContextHandler (ContextHandler.java:doStart(781)) - Started o.e.j.s.ServletContextHandler@3e26482{/logs,file:///workdir/hadoop-ozone/integration-test/target/log,AVAILABLE}
2019-08-02 03:50:40,065 INFO  handler.ContextHandler (ContextHandler.java:doStart(781)) - Started o.e.j.s.ServletContextHandler@6b37df8e{/static,jar:file:/home/user/.m2/repository/org/apache/hadoop/hadoop-hdds-container-service/0.4.1-SNAPSHOT/hadoop-hdds-container-service-0.4.1-SNAPSHOT.jar!/webapps/static,AVAILABLE}
2019-08-02 03:50:40,100 INFO  handler.ContextHandler (ContextHandler.java:doStart(781)) - Started o.e.j.w.WebAppContext@6e8fdd19{/,file:///tmp/jetty-0.0.0.0-45170-hddsDatanode-_-any-3653391983453079358.dir/webapp/,AVAILABLE}{/hddsDatanode}
2019-08-02 03:50:40,101 INFO  server.AbstractConnector (AbstractConnector.java:doStart(278)) - Started ServerConnector@35787726{HTTP/1.1,[http/1.1]}{0.0.0.0:45170}
2019-08-02 03:50:40,102 INFO  server.Server (Server.java:doStart(419)) - Started @6519ms
2019-08-02 03:50:40,104 INFO  server.BaseHttpServer (BaseHttpServer.java:updateConnectorAddress(207)) - HTTP server of HDDSDATANODE is listening at http://0.0.0.0:45170
2019-08-02 03:50:40,228 INFO  ozone.HddsDatanodeService (HddsDatanodeService.java:startPlugins(395)) - Started plug-in org.apache.hadoop.ozone.web.OzoneHddsDatanodeService@209f3887
2019-08-02 03:50:40,229 INFO  impl.MetricsSystemImpl (MetricsSystemImpl.java:init(158)) - HddsDatanode metrics system started (again)
2019-08-02 03:50:40,232 INFO  ozone.HddsDatanodeService (HddsDatanodeService.java:start(184)) - HddsDatanodeService host:byscane-nightly-xzrzg-2697134946 ip:192.168.157.195
2019-08-02 03:50:40,233 INFO  util.JvmPauseMonitor (JvmPauseMonitor.java:run(188)) - Starting JVM pause monitor
2019-08-02 03:50:40,237 INFO  datanode.InitDatanodeState (InitDatanodeState.java:persistContainerDatanodeDetails(140)) - DatanodeDetails is persisted to /workdir/hadoop-ozone/integration-test/target/test-dir/MiniOzoneClusterImpl-84113157-6906-4aba-8e15-158381d9b249/datanode-2/meta/datanode.id
2019-08-02 03:50:40,242 INFO  volume.HddsVolume (HddsVolume.java:<init>(176)) - Creating Volume: /workdir/hadoop-ozone/integration-test/target/test-dir/MiniOzoneClusterImpl-84113157-6906-4aba-8e15-158381d9b249/datanode-3/data/containers/hdds of  storage type : DISK and capacity : 52710309888
2019-08-02 03:50:40,242 INFO  volume.VolumeSet (VolumeSet.java:initializeVolumeSet(170)) - Added Volume : /workdir/hadoop-ozone/integration-test/target/test-dir/MiniOzoneClusterImpl-84113157-6906-4aba-8e15-158381d9b249/datanode-3/data/containers/hdds to VolumeSet
2019-08-02 03:50:40,242 INFO  volume.ThrottledAsyncChecker (ThrottledAsyncChecker.java:schedule(140)) - Scheduling a check for org.apache.hadoop.ozone.container.common.volume.HddsVolume@58687fb7
2019-08-02 03:50:40,243 INFO  volume.HddsVolumeChecker (HddsVolumeChecker.java:checkAllVolumes(203)) - Scheduled health check for volume org.apache.hadoop.ozone.container.common.volume.HddsVolume@58687fb7
2019-08-02 03:50:40,257 INFO  impl.RaftServerProxy (ConfUtils.java:logGet(43)) - raft.rpc.type = GRPC (default)
2019-08-02 03:50:40,257 INFO  grpc.GrpcFactory (GrpcFactory.java:checkPooledByteBufAllocatorUseCacheForAllThreads(45)) - PERFORMANCE WARNING: useCacheForAllThreads is true that may cause Netty to create a lot garbage objects and, as a result, trigger GC.
	It is recommended to disable useCacheForAllThreads by setting -Dorg.apache.ratis.thirdparty.io.netty.allocator.useCacheForAllThreads=false in command line.
2019-08-02 03:50:40,257 INFO  grpc.GrpcConfigKeys$Server (ConfUtils.java:logGet(43)) - raft.grpc.server.port = 0 (default)
2019-08-02 03:50:40,258 INFO  server.GrpcService (ConfUtils.java:logGet(43)) - raft.grpc.message.size.max = 33570816 (custom)
2019-08-02 03:50:40,258 INFO  server.RaftServerConfigKeys (ConfUtils.java:logGet(43)) - raft.server.log.appender.buffer.byte-limit = 33554432 (custom)
2019-08-02 03:50:40,258 INFO  server.GrpcService (ConfUtils.java:logGet(43)) - raft.grpc.flow.control.window = 1MB (=1048576) (default)
2019-08-02 03:50:40,258 INFO  server.RaftServerConfigKeys (ConfUtils.java:logGet(43)) - raft.server.rpc.request.timeout = 3000ms (default)
2019-08-02 03:50:40,259 INFO  server.RaftServerConfigKeys (ConfUtils.java:logGet(43)) - raft.server.storage.dir = [/workdir/hadoop-ozone/integration-test/target/test-dir/MiniOzoneClusterImpl-84113157-6906-4aba-8e15-158381d9b249/datanode-3/data/ratis] (custom)
2019-08-02 03:50:40,260 INFO  replication.SimpleContainerDownloader (SimpleContainerDownloader.java:<init>(72)) - Starting container downloader service to copy containers to replicate.
2019-08-02 03:50:40,261 INFO  hdfs.DFSUtil (DFSUtil.java:httpServerTemplateForNNAndJN(1641)) - Starting Web-server for hddsDatanode at: http://0.0.0.0:0
2019-08-02 03:50:40,262 INFO  server.AuthenticationFilter (AuthenticationFilter.java:constructSecretProvider(240)) - Unable to initialize FileSignerSecretProvider, falling back to use random secrets.
2019-08-02 03:50:40,262 WARN  http.HttpRequestLog (HttpRequestLog.java:getRequestLog(97)) - Jetty request log can only be enabled using Log4j
2019-08-02 03:50:40,264 INFO  http.HttpServer2 (HttpServer2.java:addGlobalFilter(975)) - Added global filter 'safety' (class=org.apache.hadoop.http.HttpServer2$QuotingInputFilter)
2019-08-02 03:50:40,264 INFO  http.HttpServer2 (HttpServer2.java:addFilter(948)) - Added filter static_user_filter (class=org.apache.hadoop.http.lib.StaticUserWebFilter$StaticUserFilter) to context hddsDatanode
2019-08-02 03:50:40,264 INFO  http.HttpServer2 (HttpServer2.java:addFilter(958)) - Added filter static_user_filter (class=org.apache.hadoop.http.lib.StaticUserWebFilter$StaticUserFilter) to context static
2019-08-02 03:50:40,264 INFO  http.HttpServer2 (HttpServer2.java:addFilter(958)) - Added filter static_user_filter (class=org.apache.hadoop.http.lib.StaticUserWebFilter$StaticUserFilter) to context logs
2019-08-02 03:50:40,265 INFO  http.HttpServer2 (HttpServer2.java:bindListener(1191)) - Jetty bound to port 35625
2019-08-02 03:50:40,265 INFO  server.Server (Server.java:doStart(351)) - jetty-9.3.24.v20180605, build timestamp: 2018-06-05T17:11:56Z, git hash: 84205aa28f11a4f31f2a3b86d1bba2cc8ab69827
2019-08-02 03:50:40,268 INFO  handler.ContextHandler (ContextHandler.java:doStart(781)) - Started o.e.j.s.ServletContextHandler@14b275bd{/logs,file:///workdir/hadoop-ozone/integration-test/target/log,AVAILABLE}
2019-08-02 03:50:40,268 INFO  handler.ContextHandler (ContextHandler.java:doStart(781)) - Started o.e.j.s.ServletContextHandler@4b03cbad{/static,jar:file:/home/user/.m2/repository/org/apache/hadoop/hadoop-hdds-container-service/0.4.1-SNAPSHOT/hadoop-hdds-container-service-0.4.1-SNAPSHOT.jar!/webapps/static,AVAILABLE}
2019-08-02 03:50:40,296 INFO  handler.ContextHandler (ContextHandler.java:doStart(781)) - Started o.e.j.w.WebAppContext@6b162ecc{/,file:///tmp/jetty-0.0.0.0-35625-hddsDatanode-_-any-1964525664077686656.dir/webapp/,AVAILABLE}{/hddsDatanode}
2019-08-02 03:50:40,297 INFO  server.AbstractConnector (AbstractConnector.java:doStart(278)) - Started ServerConnector@3b4086c1{HTTP/1.1,[http/1.1]}{0.0.0.0:35625}
2019-08-02 03:50:40,297 INFO  server.Server (Server.java:doStart(419)) - Started @6715ms
2019-08-02 03:50:40,300 INFO  server.BaseHttpServer (BaseHttpServer.java:updateConnectorAddress(207)) - HTTP server of HDDSDATANODE is listening at http://0.0.0.0:35625
2019-08-02 03:50:40,420 INFO  ozone.HddsDatanodeService (HddsDatanodeService.java:startPlugins(395)) - Started plug-in org.apache.hadoop.ozone.web.OzoneHddsDatanodeService@34c7232c
2019-08-02 03:50:40,420 INFO  impl.MetricsSystemImpl (MetricsSystemImpl.java:init(158)) - HddsDatanode metrics system started (again)
2019-08-02 03:50:40,423 INFO  ozone.HddsDatanodeService (HddsDatanodeService.java:start(184)) - HddsDatanodeService host:byscane-nightly-xzrzg-2697134946 ip:192.168.157.195
2019-08-02 03:50:40,424 INFO  util.JvmPauseMonitor (JvmPauseMonitor.java:run(188)) - Starting JVM pause monitor
2019-08-02 03:50:40,428 INFO  datanode.InitDatanodeState (InitDatanodeState.java:persistContainerDatanodeDetails(140)) - DatanodeDetails is persisted to /workdir/hadoop-ozone/integration-test/target/test-dir/MiniOzoneClusterImpl-84113157-6906-4aba-8e15-158381d9b249/datanode-3/meta/datanode.id
2019-08-02 03:50:40,432 INFO  volume.HddsVolume (HddsVolume.java:<init>(176)) - Creating Volume: /workdir/hadoop-ozone/integration-test/target/test-dir/MiniOzoneClusterImpl-84113157-6906-4aba-8e15-158381d9b249/datanode-4/data/containers/hdds of  storage type : DISK and capacity : 52710309888
2019-08-02 03:50:40,432 INFO  volume.VolumeSet (VolumeSet.java:initializeVolumeSet(170)) - Added Volume : /workdir/hadoop-ozone/integration-test/target/test-dir/MiniOzoneClusterImpl-84113157-6906-4aba-8e15-158381d9b249/datanode-4/data/containers/hdds to VolumeSet
2019-08-02 03:50:40,433 INFO  volume.ThrottledAsyncChecker (ThrottledAsyncChecker.java:schedule(140)) - Scheduling a check for org.apache.hadoop.ozone.container.common.volume.HddsVolume@27a9f025
2019-08-02 03:50:40,434 INFO  volume.HddsVolumeChecker (HddsVolumeChecker.java:checkAllVolumes(203)) - Scheduled health check for volume org.apache.hadoop.ozone.container.common.volume.HddsVolume@27a9f025
2019-08-02 03:50:40,447 INFO  impl.RaftServerProxy (ConfUtils.java:logGet(43)) - raft.rpc.type = GRPC (default)
2019-08-02 03:50:40,447 INFO  grpc.GrpcFactory (GrpcFactory.java:checkPooledByteBufAllocatorUseCacheForAllThreads(45)) - PERFORMANCE WARNING: useCacheForAllThreads is true that may cause Netty to create a lot garbage objects and, as a result, trigger GC.
	It is recommended to disable useCacheForAllThreads by setting -Dorg.apache.ratis.thirdparty.io.netty.allocator.useCacheForAllThreads=false in command line.
2019-08-02 03:50:40,447 INFO  grpc.GrpcConfigKeys$Server (ConfUtils.java:logGet(43)) - raft.grpc.server.port = 0 (default)
2019-08-02 03:50:40,448 INFO  server.GrpcService (ConfUtils.java:logGet(43)) - raft.grpc.message.size.max = 33570816 (custom)
2019-08-02 03:50:40,448 INFO  server.RaftServerConfigKeys (ConfUtils.java:logGet(43)) - raft.server.log.appender.buffer.byte-limit = 33554432 (custom)
2019-08-02 03:50:40,448 INFO  server.GrpcService (ConfUtils.java:logGet(43)) - raft.grpc.flow.control.window = 1MB (=1048576) (default)
2019-08-02 03:50:40,448 INFO  server.RaftServerConfigKeys (ConfUtils.java:logGet(43)) - raft.server.rpc.request.timeout = 3000ms (default)
2019-08-02 03:50:40,449 INFO  server.RaftServerConfigKeys (ConfUtils.java:logGet(43)) - raft.server.storage.dir = [/workdir/hadoop-ozone/integration-test/target/test-dir/MiniOzoneClusterImpl-84113157-6906-4aba-8e15-158381d9b249/datanode-4/data/ratis] (custom)
2019-08-02 03:50:40,449 INFO  replication.SimpleContainerDownloader (SimpleContainerDownloader.java:<init>(72)) - Starting container downloader service to copy containers to replicate.
2019-08-02 03:50:40,451 INFO  hdfs.DFSUtil (DFSUtil.java:httpServerTemplateForNNAndJN(1641)) - Starting Web-server for hddsDatanode at: http://0.0.0.0:0
2019-08-02 03:50:40,452 INFO  server.AuthenticationFilter (AuthenticationFilter.java:constructSecretProvider(240)) - Unable to initialize FileSignerSecretProvider, falling back to use random secrets.
2019-08-02 03:50:40,452 WARN  http.HttpRequestLog (HttpRequestLog.java:getRequestLog(97)) - Jetty request log can only be enabled using Log4j
2019-08-02 03:50:40,454 INFO  http.HttpServer2 (HttpServer2.java:addGlobalFilter(975)) - Added global filter 'safety' (class=org.apache.hadoop.http.HttpServer2$QuotingInputFilter)
2019-08-02 03:50:40,454 INFO  http.HttpServer2 (HttpServer2.java:addFilter(948)) - Added filter static_user_filter (class=org.apache.hadoop.http.lib.StaticUserWebFilter$StaticUserFilter) to context hddsDatanode
2019-08-02 03:50:40,454 INFO  http.HttpServer2 (HttpServer2.java:addFilter(958)) - Added filter static_user_filter (class=org.apache.hadoop.http.lib.StaticUserWebFilter$StaticUserFilter) to context logs
2019-08-02 03:50:40,454 INFO  http.HttpServer2 (HttpServer2.java:addFilter(958)) - Added filter static_user_filter (class=org.apache.hadoop.http.lib.StaticUserWebFilter$StaticUserFilter) to context static
2019-08-02 03:50:40,455 INFO  http.HttpServer2 (HttpServer2.java:bindListener(1191)) - Jetty bound to port 45129
2019-08-02 03:50:40,455 INFO  server.Server (Server.java:doStart(351)) - jetty-9.3.24.v20180605, build timestamp: 2018-06-05T17:11:56Z, git hash: 84205aa28f11a4f31f2a3b86d1bba2cc8ab69827
2019-08-02 03:50:40,461 INFO  handler.ContextHandler (ContextHandler.java:doStart(781)) - Started o.e.j.s.ServletContextHandler@48d739f{/logs,file:///workdir/hadoop-ozone/integration-test/target/log,AVAILABLE}
2019-08-02 03:50:40,461 INFO  handler.ContextHandler (ContextHandler.java:doStart(781)) - Started o.e.j.s.ServletContextHandler@65cc5252{/static,jar:file:/home/user/.m2/repository/org/apache/hadoop/hadoop-hdds-container-service/0.4.1-SNAPSHOT/hadoop-hdds-container-service-0.4.1-SNAPSHOT.jar!/webapps/static,AVAILABLE}
2019-08-02 03:50:40,489 INFO  handler.ContextHandler (ContextHandler.java:doStart(781)) - Started o.e.j.w.WebAppContext@53d6e959{/,file:///tmp/jetty-0.0.0.0-45129-hddsDatanode-_-any-3983677599418219263.dir/webapp/,AVAILABLE}{/hddsDatanode}
2019-08-02 03:50:40,491 INFO  server.AbstractConnector (AbstractConnector.java:doStart(278)) - Started ServerConnector@3caee3a8{HTTP/1.1,[http/1.1]}{0.0.0.0:45129}
2019-08-02 03:50:40,491 INFO  server.Server (Server.java:doStart(419)) - Started @6908ms
2019-08-02 03:50:40,491 INFO  server.BaseHttpServer (BaseHttpServer.java:updateConnectorAddress(207)) - HTTP server of HDDSDATANODE is listening at http://0.0.0.0:45129
2019-08-02 03:50:40,608 INFO  ozone.HddsDatanodeService (HddsDatanodeService.java:startPlugins(395)) - Started plug-in org.apache.hadoop.ozone.web.OzoneHddsDatanodeService@454bcbbf
2019-08-02 03:50:40,609 INFO  impl.MetricsSystemImpl (MetricsSystemImpl.java:init(158)) - HddsDatanode metrics system started (again)
2019-08-02 03:50:40,613 INFO  ozone.HddsDatanodeService (HddsDatanodeService.java:start(184)) - HddsDatanodeService host:byscane-nightly-xzrzg-2697134946 ip:192.168.157.195
2019-08-02 03:50:40,614 INFO  util.JvmPauseMonitor (JvmPauseMonitor.java:run(188)) - Starting JVM pause monitor
2019-08-02 03:50:40,617 INFO  datanode.InitDatanodeState (InitDatanodeState.java:persistContainerDatanodeDetails(140)) - DatanodeDetails is persisted to /workdir/hadoop-ozone/integration-test/target/test-dir/MiniOzoneClusterImpl-84113157-6906-4aba-8e15-158381d9b249/datanode-4/meta/datanode.id
2019-08-02 03:50:40,621 INFO  volume.HddsVolume (HddsVolume.java:<init>(176)) - Creating Volume: /workdir/hadoop-ozone/integration-test/target/test-dir/MiniOzoneClusterImpl-84113157-6906-4aba-8e15-158381d9b249/datanode-5/data/containers/hdds of  storage type : DISK and capacity : 52710309888
2019-08-02 03:50:40,621 INFO  volume.VolumeSet (VolumeSet.java:initializeVolumeSet(170)) - Added Volume : /workdir/hadoop-ozone/integration-test/target/test-dir/MiniOzoneClusterImpl-84113157-6906-4aba-8e15-158381d9b249/datanode-5/data/containers/hdds to VolumeSet
2019-08-02 03:50:40,621 INFO  volume.ThrottledAsyncChecker (ThrottledAsyncChecker.java:schedule(140)) - Scheduling a check for org.apache.hadoop.ozone.container.common.volume.HddsVolume@115c946b
2019-08-02 03:50:40,622 INFO  volume.HddsVolumeChecker (HddsVolumeChecker.java:checkAllVolumes(203)) - Scheduled health check for volume org.apache.hadoop.ozone.container.common.volume.HddsVolume@115c946b
2019-08-02 03:50:40,636 INFO  impl.RaftServerProxy (ConfUtils.java:logGet(43)) - raft.rpc.type = GRPC (default)
2019-08-02 03:50:40,636 INFO  grpc.GrpcFactory (GrpcFactory.java:checkPooledByteBufAllocatorUseCacheForAllThreads(45)) - PERFORMANCE WARNING: useCacheForAllThreads is true that may cause Netty to create a lot garbage objects and, as a result, trigger GC.
	It is recommended to disable useCacheForAllThreads by setting -Dorg.apache.ratis.thirdparty.io.netty.allocator.useCacheForAllThreads=false in command line.
2019-08-02 03:50:40,636 INFO  grpc.GrpcConfigKeys$Server (ConfUtils.java:logGet(43)) - raft.grpc.server.port = 0 (default)
2019-08-02 03:50:40,636 INFO  server.GrpcService (ConfUtils.java:logGet(43)) - raft.grpc.message.size.max = 33570816 (custom)
2019-08-02 03:50:40,636 INFO  server.RaftServerConfigKeys (ConfUtils.java:logGet(43)) - raft.server.log.appender.buffer.byte-limit = 33554432 (custom)
2019-08-02 03:50:40,637 INFO  server.GrpcService (ConfUtils.java:logGet(43)) - raft.grpc.flow.control.window = 1MB (=1048576) (default)
2019-08-02 03:50:40,637 INFO  server.RaftServerConfigKeys (ConfUtils.java:logGet(43)) - raft.server.rpc.request.timeout = 3000ms (default)
2019-08-02 03:50:40,637 INFO  server.RaftServerConfigKeys (ConfUtils.java:logGet(43)) - raft.server.storage.dir = [/workdir/hadoop-ozone/integration-test/target/test-dir/MiniOzoneClusterImpl-84113157-6906-4aba-8e15-158381d9b249/datanode-5/data/ratis] (custom)
2019-08-02 03:50:40,638 INFO  replication.SimpleContainerDownloader (SimpleContainerDownloader.java:<init>(72)) - Starting container downloader service to copy containers to replicate.
2019-08-02 03:50:40,639 INFO  hdfs.DFSUtil (DFSUtil.java:httpServerTemplateForNNAndJN(1641)) - Starting Web-server for hddsDatanode at: http://0.0.0.0:0
2019-08-02 03:50:40,640 INFO  server.AuthenticationFilter (AuthenticationFilter.java:constructSecretProvider(240)) - Unable to initialize FileSignerSecretProvider, falling back to use random secrets.
2019-08-02 03:50:40,641 WARN  http.HttpRequestLog (HttpRequestLog.java:getRequestLog(97)) - Jetty request log can only be enabled using Log4j
2019-08-02 03:50:40,642 INFO  http.HttpServer2 (HttpServer2.java:addGlobalFilter(975)) - Added global filter 'safety' (class=org.apache.hadoop.http.HttpServer2$QuotingInputFilter)
2019-08-02 03:50:40,643 INFO  http.HttpServer2 (HttpServer2.java:addFilter(948)) - Added filter static_user_filter (class=org.apache.hadoop.http.lib.StaticUserWebFilter$StaticUserFilter) to context hddsDatanode
2019-08-02 03:50:40,643 INFO  http.HttpServer2 (HttpServer2.java:addFilter(958)) - Added filter static_user_filter (class=org.apache.hadoop.http.lib.StaticUserWebFilter$StaticUserFilter) to context static
2019-08-02 03:50:40,643 INFO  http.HttpServer2 (HttpServer2.java:addFilter(958)) - Added filter static_user_filter (class=org.apache.hadoop.http.lib.StaticUserWebFilter$StaticUserFilter) to context logs
2019-08-02 03:50:40,644 INFO  http.HttpServer2 (HttpServer2.java:bindListener(1191)) - Jetty bound to port 37037
2019-08-02 03:50:40,644 INFO  server.Server (Server.java:doStart(351)) - jetty-9.3.24.v20180605, build timestamp: 2018-06-05T17:11:56Z, git hash: 84205aa28f11a4f31f2a3b86d1bba2cc8ab69827
2019-08-02 03:50:40,647 INFO  handler.ContextHandler (ContextHandler.java:doStart(781)) - Started o.e.j.s.ServletContextHandler@36d582cb{/logs,file:///workdir/hadoop-ozone/integration-test/target/log,AVAILABLE}
2019-08-02 03:50:40,647 INFO  handler.ContextHandler (ContextHandler.java:doStart(781)) - Started o.e.j.s.ServletContextHandler@24d8f87a{/static,jar:file:/home/user/.m2/repository/org/apache/hadoop/hadoop-hdds-container-service/0.4.1-SNAPSHOT/hadoop-hdds-container-service-0.4.1-SNAPSHOT.jar!/webapps/static,AVAILABLE}
2019-08-02 03:50:40,675 INFO  handler.ContextHandler (ContextHandler.java:doStart(781)) - Started o.e.j.w.WebAppContext@4f3c7808{/,file:///tmp/jetty-0.0.0.0-37037-hddsDatanode-_-any-8514321992649438575.dir/webapp/,AVAILABLE}{/hddsDatanode}
2019-08-02 03:50:40,675 INFO  server.AbstractConnector (AbstractConnector.java:doStart(278)) - Started ServerConnector@4b4969ea{HTTP/1.1,[http/1.1]}{0.0.0.0:37037}
2019-08-02 03:50:40,676 INFO  server.Server (Server.java:doStart(419)) - Started @7094ms
2019-08-02 03:50:40,677 INFO  server.BaseHttpServer (BaseHttpServer.java:updateConnectorAddress(207)) - HTTP server of HDDSDATANODE is listening at http://0.0.0.0:37037
2019-08-02 03:50:40,803 INFO  ozone.HddsDatanodeService (HddsDatanodeService.java:startPlugins(395)) - Started plug-in org.apache.hadoop.ozone.web.OzoneHddsDatanodeService@230232b0
2019-08-02 03:50:40,806 INFO  ozone.MiniOzoneClusterImpl (MiniOzoneClusterImpl.java:lambda$waitForClusterToBeReady$0(142)) - Waiting for cluster to be ready. Got 0 of 6 DN Heartbeats.
2019-08-02 03:50:40,852 INFO  util.JvmPauseMonitor (JvmPauseMonitor.java:run(188)) - Starting JVM pause monitor
2019-08-02 03:50:40,857 INFO  datanode.InitDatanodeState (InitDatanodeState.java:persistContainerDatanodeDetails(140)) - DatanodeDetails is persisted to /workdir/hadoop-ozone/integration-test/target/test-dir/MiniOzoneClusterImpl-84113157-6906-4aba-8e15-158381d9b249/datanode-5/meta/datanode.id
2019-08-02 03:50:41,806 INFO  ozone.MiniOzoneClusterImpl (MiniOzoneClusterImpl.java:lambda$waitForClusterToBeReady$0(142)) - Waiting for cluster to be ready. Got 0 of 6 DN Heartbeats.
2019-08-02 03:50:41,843 INFO  ozoneimpl.OzoneContainer (OzoneContainer.java:start(186)) - Attempting to start container services.
2019-08-02 03:50:41,845 INFO  ozoneimpl.OzoneContainer (OzoneContainer.java:startContainerScrub(160)) - Background container scrubber has been disabled by hdds.containerscrub.enabled
2019-08-02 03:50:41,846 INFO  ratis.XceiverServerRatis (XceiverServerRatis.java:start(404)) - Starting XceiverServerRatis 567f9a7e-75e4-43e0-9e77-48523bbca25a at port 0
2019-08-02 03:50:41,871 INFO  impl.RaftServerProxy (RaftServerProxy.java:lambda$start$3(299)) - 567f9a7e-75e4-43e0-9e77-48523bbca25a: start RPC server
2019-08-02 03:50:42,002 INFO  server.GrpcService (GrpcService.java:startImpl(149)) - 567f9a7e-75e4-43e0-9e77-48523bbca25a: GrpcService started, listening on 0.0.0.0/0.0.0.0:35268
2019-08-02 03:50:42,003 INFO  ratis.XceiverServerRatis (XceiverServerRatis.java:start(414)) - XceiverServerRatis 567f9a7e-75e4-43e0-9e77-48523bbca25a is started using port 35268
2019-08-02 03:50:42,005 INFO  server.XceiverServerGrpc (XceiverServerGrpc.java:start(161)) - XceiverServerGrpc 567f9a7e-75e4-43e0-9e77-48523bbca25a is started using port 36597
2019-08-02 03:50:42,031 INFO  ozoneimpl.OzoneContainer (OzoneContainer.java:start(186)) - Attempting to start container services.
2019-08-02 03:50:42,034 INFO  ozoneimpl.OzoneContainer (OzoneContainer.java:startContainerScrub(160)) - Background container scrubber has been disabled by hdds.containerscrub.enabled
2019-08-02 03:50:42,034 INFO  ratis.XceiverServerRatis (XceiverServerRatis.java:start(404)) - Starting XceiverServerRatis 2e689469-91c8-4255-9cfa-8856feb34fdb at port 0
2019-08-02 03:50:42,044 INFO  impl.RaftServerProxy (RaftServerProxy.java:lambda$start$3(299)) - 2e689469-91c8-4255-9cfa-8856feb34fdb: start RPC server
2019-08-02 03:50:42,048 INFO  server.GrpcService (GrpcService.java:startImpl(149)) - 2e689469-91c8-4255-9cfa-8856feb34fdb: GrpcService started, listening on 0.0.0.0/0.0.0.0:43562
2019-08-02 03:50:42,048 INFO  ratis.XceiverServerRatis (XceiverServerRatis.java:start(414)) - XceiverServerRatis 2e689469-91c8-4255-9cfa-8856feb34fdb is started using port 43562
2019-08-02 03:50:42,050 INFO  server.XceiverServerGrpc (XceiverServerGrpc.java:start(161)) - XceiverServerGrpc 2e689469-91c8-4255-9cfa-8856feb34fdb is started using port 36936
2019-08-02 03:50:42,250 INFO  ozoneimpl.OzoneContainer (OzoneContainer.java:start(186)) - Attempting to start container services.
2019-08-02 03:50:42,252 INFO  ozoneimpl.OzoneContainer (OzoneContainer.java:startContainerScrub(160)) - Background container scrubber has been disabled by hdds.containerscrub.enabled
2019-08-02 03:50:42,252 INFO  ratis.XceiverServerRatis (XceiverServerRatis.java:start(404)) - Starting XceiverServerRatis a1a38639-c43a-4fb8-8d2b-e8dec4c28f9f at port 0
2019-08-02 03:50:42,260 INFO  impl.RaftServerProxy (RaftServerProxy.java:lambda$start$3(299)) - a1a38639-c43a-4fb8-8d2b-e8dec4c28f9f: start RPC server
2019-08-02 03:50:42,263 INFO  server.GrpcService (GrpcService.java:startImpl(149)) - a1a38639-c43a-4fb8-8d2b-e8dec4c28f9f: GrpcService started, listening on 0.0.0.0/0.0.0.0:39091
2019-08-02 03:50:42,264 INFO  ratis.XceiverServerRatis (XceiverServerRatis.java:start(414)) - XceiverServerRatis a1a38639-c43a-4fb8-8d2b-e8dec4c28f9f is started using port 39091
2019-08-02 03:50:42,266 INFO  server.XceiverServerGrpc (XceiverServerGrpc.java:start(161)) - XceiverServerGrpc a1a38639-c43a-4fb8-8d2b-e8dec4c28f9f is started using port 37438
2019-08-02 03:50:42,444 INFO  ozoneimpl.OzoneContainer (OzoneContainer.java:start(186)) - Attempting to start container services.
2019-08-02 03:50:42,448 INFO  ozoneimpl.OzoneContainer (OzoneContainer.java:startContainerScrub(160)) - Background container scrubber has been disabled by hdds.containerscrub.enabled
2019-08-02 03:50:42,448 INFO  ratis.XceiverServerRatis (XceiverServerRatis.java:start(404)) - Starting XceiverServerRatis 4604a97f-b47c-43a7-a2e6-2227e86dd80c at port 0
2019-08-02 03:50:42,459 INFO  impl.RaftServerProxy (RaftServerProxy.java:lambda$start$3(299)) - 4604a97f-b47c-43a7-a2e6-2227e86dd80c: start RPC server
2019-08-02 03:50:42,462 INFO  server.GrpcService (GrpcService.java:startImpl(149)) - 4604a97f-b47c-43a7-a2e6-2227e86dd80c: GrpcService started, listening on 0.0.0.0/0.0.0.0:44167
2019-08-02 03:50:42,463 INFO  ratis.XceiverServerRatis (XceiverServerRatis.java:start(414)) - XceiverServerRatis 4604a97f-b47c-43a7-a2e6-2227e86dd80c is started using port 44167
2019-08-02 03:50:42,467 INFO  server.XceiverServerGrpc (XceiverServerGrpc.java:start(161)) - XceiverServerGrpc 4604a97f-b47c-43a7-a2e6-2227e86dd80c is started using port 33023
2019-08-02 03:50:42,631 INFO  ozoneimpl.OzoneContainer (OzoneContainer.java:start(186)) - Attempting to start container services.
2019-08-02 03:50:42,642 INFO  ozoneimpl.OzoneContainer (OzoneContainer.java:startContainerScrub(160)) - Background container scrubber has been disabled by hdds.containerscrub.enabled
2019-08-02 03:50:42,642 INFO  ratis.XceiverServerRatis (XceiverServerRatis.java:start(404)) - Starting XceiverServerRatis 89ab80e0-388e-4661-bbc3-827c06d03540 at port 0
2019-08-02 03:50:42,653 INFO  impl.RaftServerProxy (RaftServerProxy.java:lambda$start$3(299)) - 89ab80e0-388e-4661-bbc3-827c06d03540: start RPC server
2019-08-02 03:50:42,657 INFO  server.GrpcService (GrpcService.java:startImpl(149)) - 89ab80e0-388e-4661-bbc3-827c06d03540: GrpcService started, listening on 0.0.0.0/0.0.0.0:42594
2019-08-02 03:50:42,657 INFO  ratis.XceiverServerRatis (XceiverServerRatis.java:start(414)) - XceiverServerRatis 89ab80e0-388e-4661-bbc3-827c06d03540 is started using port 42594
2019-08-02 03:50:42,660 INFO  server.XceiverServerGrpc (XceiverServerGrpc.java:start(161)) - XceiverServerGrpc 89ab80e0-388e-4661-bbc3-827c06d03540 is started using port 36233
2019-08-02 03:50:42,807 INFO  ozone.MiniOzoneClusterImpl (MiniOzoneClusterImpl.java:lambda$waitForClusterToBeReady$0(142)) - Waiting for cluster to be ready. Got 0 of 6 DN Heartbeats.
2019-08-02 03:50:42,869 INFO  ozoneimpl.OzoneContainer (OzoneContainer.java:start(186)) - Attempting to start container services.
2019-08-02 03:50:42,870 INFO  ozoneimpl.OzoneContainer (OzoneContainer.java:startContainerScrub(160)) - Background container scrubber has been disabled by hdds.containerscrub.enabled
2019-08-02 03:50:42,870 INFO  ratis.XceiverServerRatis (XceiverServerRatis.java:start(404)) - Starting XceiverServerRatis 900c4ec9-b430-440c-ab1c-ab410cc53093 at port 0
2019-08-02 03:50:42,878 INFO  impl.RaftServerProxy (RaftServerProxy.java:lambda$start$3(299)) - 900c4ec9-b430-440c-ab1c-ab410cc53093: start RPC server
2019-08-02 03:50:42,882 INFO  server.GrpcService (GrpcService.java:startImpl(149)) - 900c4ec9-b430-440c-ab1c-ab410cc53093: GrpcService started, listening on 0.0.0.0/0.0.0.0:46717
2019-08-02 03:50:42,882 INFO  ratis.XceiverServerRatis (XceiverServerRatis.java:start(414)) - XceiverServerRatis 900c4ec9-b430-440c-ab1c-ab410cc53093 is started using port 46717
2019-08-02 03:50:42,885 INFO  server.XceiverServerGrpc (XceiverServerGrpc.java:start(161)) - XceiverServerGrpc 900c4ec9-b430-440c-ab1c-ab410cc53093 is started using port 39739
2019-08-02 03:50:43,807 INFO  ozone.MiniOzoneClusterImpl (MiniOzoneClusterImpl.java:lambda$waitForClusterToBeReady$0(142)) - Waiting for cluster to be ready. Got 0 of 6 DN Heartbeats.
2019-08-02 03:50:43,831 INFO  net.NetworkTopology (NetworkTopologyImpl.java:add(110)) - Added a new node: /default-rack/567f9a7e-75e4-43e0-9e77-48523bbca25a
2019-08-02 03:50:43,831 INFO  node.SCMNodeManager (SCMNodeManager.java:register(273)) - Registered Data node : 567f9a7e-75e4-43e0-9e77-48523bbca25a{ip: 192.168.157.195, host: byscane-nightly-xzrzg-2697134946, networkLocation: /default-rack, certSerialId: null}
2019-08-02 03:50:43,838 INFO  safemode.SCMSafeModeManager (DataNodeSafeModeRule.java:process(71)) - SCM in safe mode. 1 DataNodes registered, 1 required.
2019-08-02 03:50:43,839 INFO  safemode.SCMSafeModeManager (SCMSafeModeManager.java:validateSafeModeExitRules(177)) - ScmSafeModeManager, all rules are successfully validated
2019-08-02 03:50:43,839 INFO  safemode.SCMSafeModeManager (SCMSafeModeManager.java:exitSafeMode(193)) - SCM exiting safe mode.
2019-08-02 03:50:44,018 INFO  net.NetworkTopology (NetworkTopologyImpl.java:add(110)) - Added a new node: /default-rack/2e689469-91c8-4255-9cfa-8856feb34fdb
2019-08-02 03:50:44,018 INFO  node.SCMNodeManager (SCMNodeManager.java:register(273)) - Registered Data node : 2e689469-91c8-4255-9cfa-8856feb34fdb{ip: 192.168.157.195, host: byscane-nightly-xzrzg-2697134946, networkLocation: /default-rack, certSerialId: null}
2019-08-02 03:50:44,239 INFO  net.NetworkTopology (NetworkTopologyImpl.java:add(110)) - Added a new node: /default-rack/a1a38639-c43a-4fb8-8d2b-e8dec4c28f9f
2019-08-02 03:50:44,239 INFO  node.SCMNodeManager (SCMNodeManager.java:register(273)) - Registered Data node : a1a38639-c43a-4fb8-8d2b-e8dec4c28f9f{ip: 192.168.157.195, host: byscane-nightly-xzrzg-2697134946, networkLocation: /default-rack, certSerialId: null}
2019-08-02 03:50:44,408 INFO  impl.RaftServerProxy (RaftServerProxy.java:addNew(89)) - 567f9a7e-75e4-43e0-9e77-48523bbca25a: addNew group-B9F70EB78DDA:[567f9a7e-75e4-43e0-9e77-48523bbca25a:192.168.157.195:35268] returns group-B9F70EB78DDA:java.util.concurrent.CompletableFuture@1295e2bf[Not completed]
2019-08-02 03:50:44,772 INFO  net.NetworkTopology (NetworkTopologyImpl.java:add(110)) - Added a new node: /default-rack/4604a97f-b47c-43a7-a2e6-2227e86dd80c
2019-08-02 03:50:44,772 INFO  net.NetworkTopology (NetworkTopologyImpl.java:add(110)) - Added a new node: /default-rack/89ab80e0-388e-4661-bbc3-827c06d03540
2019-08-02 03:50:44,773 INFO  node.SCMNodeManager (SCMNodeManager.java:register(273)) - Registered Data node : 4604a97f-b47c-43a7-a2e6-2227e86dd80c{ip: 192.168.157.195, host: byscane-nightly-xzrzg-2697134946, networkLocation: /default-rack, certSerialId: null}
2019-08-02 03:50:44,773 INFO  node.SCMNodeManager (SCMNodeManager.java:register(273)) - Registered Data node : 89ab80e0-388e-4661-bbc3-827c06d03540{ip: 192.168.157.195, host: byscane-nightly-xzrzg-2697134946, networkLocation: /default-rack, certSerialId: null}
2019-08-02 03:50:44,777 INFO  impl.RaftServerImpl (RaftServerImpl.java:<init>(93)) - 567f9a7e-75e4-43e0-9e77-48523bbca25a: new RaftServerImpl for group-B9F70EB78DDA:[567f9a7e-75e4-43e0-9e77-48523bbca25a:192.168.157.195:35268] with ContainerStateMachine:uninitialized
2019-08-02 03:50:44,779 INFO  server.RaftServerConfigKeys (ConfUtils.java:logGet(43)) - raft.server.rpc.timeout.min = 5s (custom)
2019-08-02 03:50:44,781 INFO  server.RaftServerConfigKeys (ConfUtils.java:logGet(43)) - raft.server.rpc.timeout.max = 5200ms (custom)
2019-08-02 03:50:44,781 INFO  server.RaftServerConfigKeys (ConfUtils.java:logGet(43)) - raft.server.rpcslowness.timeout = 120s (custom)
2019-08-02 03:50:44,782 INFO  server.RaftServerConfigKeys (ConfUtils.java:logGet(43)) - raft.server.sleep.deviation.threshold = 300 (default)
2019-08-02 03:50:44,783 INFO  server.RaftServerConfigKeys (ConfUtils.java:logGet(43)) - raft.server.log.appender.install.snapshot.enabled = false (custom)
2019-08-02 03:50:44,791 INFO  impl.RaftServerImpl (ServerState.java:<init>(105)) - 567f9a7e-75e4-43e0-9e77-48523bbca25a:group-B9F70EB78DDA ConfigurationManager, init=-1: [567f9a7e-75e4-43e0-9e77-48523bbca25a:192.168.157.195:35268], old=null, confs=<EMPTY_MAP>
2019-08-02 03:50:44,791 INFO  server.RaftServerConfigKeys (ConfUtils.java:logGet(43)) - raft.server.storage.dir = [/workdir/hadoop-ozone/integration-test/target/test-dir/MiniOzoneClusterImpl-84113157-6906-4aba-8e15-158381d9b249/datanode-0/data/ratis] (custom)
2019-08-02 03:50:44,799 INFO  storage.RaftStorageDirectory (RaftStorageDirectory.java:analyzeStorage(246)) - The storage directory /workdir/hadoop-ozone/integration-test/target/test-dir/MiniOzoneClusterImpl-84113157-6906-4aba-8e15-158381d9b249/datanode-0/data/ratis/12565779-2dfd-43d1-8af7-b9f70eb78dda does not exist. Creating ...
2019-08-02 03:50:44,808 INFO  ozone.MiniOzoneClusterImpl (MiniOzoneClusterImpl.java:lambda$waitForClusterToBeReady$0(142)) - Waiting for cluster to be ready. Got 5 of 6 DN Heartbeats.
2019-08-02 03:50:44,817 INFO  storage.RaftStorageDirectory (RaftStorageDirectory.java:tryLock(328)) - Lock on /workdir/hadoop-ozone/integration-test/target/test-dir/MiniOzoneClusterImpl-84113157-6906-4aba-8e15-158381d9b249/datanode-0/data/ratis/12565779-2dfd-43d1-8af7-b9f70eb78dda/in_use.lock acquired by nodename 2008@byscane-nightly-xzrzg-2697134946
2019-08-02 03:50:44,832 INFO  storage.RaftStorage (RaftStorage.java:format(72)) - Storage directory /workdir/hadoop-ozone/integration-test/target/test-dir/MiniOzoneClusterImpl-84113157-6906-4aba-8e15-158381d9b249/datanode-0/data/ratis/12565779-2dfd-43d1-8af7-b9f70eb78dda has been successfully formatted.
2019-08-02 03:50:44,834 INFO  ratis.ContainerStateMachine (ContainerStateMachine.java:loadSnapshot(213)) - group-B9F70EB78DDA: The snapshot info is null. Setting the last applied indexto:(t:0, i:~)
2019-08-02 03:50:44,834 INFO  server.RaftServerConfigKeys (ConfUtils.java:logGet(43)) - raft.server.leader.election.timeout = 120s (custom)
2019-08-02 03:50:44,836 INFO  server.RaftServerConfigKeys (ConfUtils.java:logGet(43)) - raft.server.log.use.memory = false (default)
2019-08-02 03:50:44,842 INFO  server.RaftServerConfigKeys (ConfUtils.java:logGet(43)) - raft.server.log.purge.gap = 1000000000 (custom)
2019-08-02 03:50:44,842 INFO  server.RaftServerConfigKeys (ConfUtils.java:logGet(43)) - raft.server.log.appender.buffer.byte-limit = 33554432 (custom)
2019-08-02 03:50:44,843 INFO  server.RaftServerConfigKeys (ConfUtils.java:logGet(43)) - raft.server.log.segment.size.max = 1048576 (custom)
2019-08-02 03:50:44,847 INFO  server.RaftServerConfigKeys (ConfUtils.java:logGet(43)) - raft.server.log.segment.cache.num.max = 2 (custom)
2019-08-02 03:50:44,852 INFO  segmented.SegmentedRaftLogWorker (SegmentedRaftLogWorker.java:<init>(172)) - new 567f9a7e-75e4-43e0-9e77-48523bbca25a-SegmentedRaftLogWorker:Storage Directory /workdir/hadoop-ozone/integration-test/target/test-dir/MiniOzoneClusterImpl-84113157-6906-4aba-8e15-158381d9b249/datanode-0/data/ratis/12565779-2dfd-43d1-8af7-b9f70eb78dda for RaftStorage:Storage Directory /workdir/hadoop-ozone/integration-test/target/test-dir/MiniOzoneClusterImpl-84113157-6906-4aba-8e15-158381d9b249/datanode-0/data/ratis/12565779-2dfd-43d1-8af7-b9f70eb78dda
2019-08-02 03:50:44,857 INFO  net.NetworkTopology (NetworkTopologyImpl.java:add(110)) - Added a new node: /default-rack/900c4ec9-b430-440c-ab1c-ab410cc53093
2019-08-02 03:50:44,857 INFO  node.SCMNodeManager (SCMNodeManager.java:register(273)) - Registered Data node : 900c4ec9-b430-440c-ab1c-ab410cc53093{ip: 192.168.157.195, host: byscane-nightly-xzrzg-2697134946, networkLocation: /default-rack, certSerialId: null}
2019-08-02 03:50:44,864 INFO  server.RaftServerConfigKeys (ConfUtils.java:logGet(43)) - raft.server.log.queue.byte-limit = 2147483647 (custom)
2019-08-02 03:50:44,866 INFO  server.RaftServerConfigKeys (ConfUtils.java:logGet(43)) - raft.server.log.queue.element-limit = 1024 (custom)
2019-08-02 03:50:44,871 INFO  server.RaftServerConfigKeys (ConfUtils.java:logGet(43)) - raft.server.log.segment.size.max = 1048576 (custom)
2019-08-02 03:50:44,871 INFO  server.RaftServerConfigKeys (ConfUtils.java:logGet(43)) - raft.server.log.preallocated.size = 16384 (custom)
2019-08-02 03:50:44,871 INFO  server.RaftServerConfigKeys (ConfUtils.java:logGet(43)) - raft.server.log.write.buffer.size = 33554432 (custom)
2019-08-02 03:50:44,872 INFO  server.RaftServerConfigKeys (ConfUtils.java:logGet(43)) - raft.server.log.force.sync.num = 128 (default)
2019-08-02 03:50:44,873 INFO  server.RaftServerConfigKeys (ConfUtils.java:logGet(43)) - raft.server.log.statemachine.data.sync = true (default)
2019-08-02 03:50:44,873 INFO  server.RaftServerConfigKeys (ConfUtils.java:logGet(43)) - raft.server.log.statemachine.data.sync.timeout = 10s (default)
2019-08-02 03:50:44,873 INFO  server.RaftServerConfigKeys (ConfUtils.java:logGet(43)) - raft.server.log.statemachine.data.sync.timeout.retry = -1 (default)
2019-08-02 03:50:44,881 INFO  server.RaftServerConfigKeys (ConfUtils.java:logGet(43)) - raft.server.log.statemachine.data.caching.enabled = true (custom)
2019-08-02 03:50:44,885 INFO  segmented.SegmentedRaftLogWorker (SegmentedRaftLogWorker.java:lambda$new$0(132)) - 567f9a7e-75e4-43e0-9e77-48523bbca25a-SegmentedRaftLogWorker:Storage Directory /workdir/hadoop-ozone/integration-test/target/test-dir/MiniOzoneClusterImpl-84113157-6906-4aba-8e15-158381d9b249/datanode-0/data/ratis/12565779-2dfd-43d1-8af7-b9f70eb78dda: flushIndex: setUnconditionally 0 -> -1
2019-08-02 03:50:44,889 INFO  server.RaftServerConfigKeys (ConfUtils.java:logGet(43)) - raft.server.snapshot.auto.trigger.enabled = true (custom)
2019-08-02 03:50:44,890 INFO  server.RaftServerConfigKeys (ConfUtils.java:logGet(43)) - raft.server.snapshot.auto.trigger.threshold = 10000 (custom)
2019-08-02 03:50:44,890 INFO  server.RaftServerConfigKeys (ConfUtils.java:logGet(43)) - raft.server.retrycache.expirytime = 600000ms (custom)
2019-08-02 03:50:44,909 INFO  impl.RaftServerImpl (RaftServerImpl.java:start(180)) - 567f9a7e-75e4-43e0-9e77-48523bbca25a: start group-B9F70EB78DDA
2019-08-02 03:50:44,910 INFO  impl.RaftServerImpl (RaftServerImpl.java:setRole(171)) - 567f9a7e-75e4-43e0-9e77-48523bbca25a:group-B9F70EB78DDA changes role from null to FOLLOWER at term 0 for startAsFollower
2019-08-02 03:50:44,911 INFO  impl.RoleInfo (RoleInfo.java:updateAndGet(143)) - 567f9a7e-75e4-43e0-9e77-48523bbca25a: start FollowerState
2019-08-02 03:50:44,912 INFO  util.JmxRegister (JmxRegister.java:tryRegister(44)) - Successfully registered JMX Bean with object name Ratis:service=RaftServer,group=group-B9F70EB78DDA,id=567f9a7e-75e4-43e0-9e77-48523bbca25a
2019-08-02 03:50:44,976 INFO  pipeline.PipelineStateManager (PipelineStateManager.java:addPipeline(56)) - Created pipeline Pipeline[ Id: 12565779-2dfd-43d1-8af7-b9f70eb78dda, Nodes: 567f9a7e-75e4-43e0-9e77-48523bbca25a{ip: 192.168.157.195, host: byscane-nightly-xzrzg-2697134946, networkLocation: /default-rack, certSerialId: null}, Type:RATIS, Factor:ONE, State:OPEN]
2019-08-02 03:50:45,005 INFO  impl.RaftServerProxy (RaftServerProxy.java:addNew(89)) - a1a38639-c43a-4fb8-8d2b-e8dec4c28f9f: addNew group-9913AA60831A:[a1a38639-c43a-4fb8-8d2b-e8dec4c28f9f:192.168.157.195:39091] returns group-9913AA60831A:java.util.concurrent.CompletableFuture@24392576[Not completed]
2019-08-02 03:50:45,051 INFO  impl.RaftServerImpl (RaftServerImpl.java:<init>(93)) - a1a38639-c43a-4fb8-8d2b-e8dec4c28f9f: new RaftServerImpl for group-9913AA60831A:[a1a38639-c43a-4fb8-8d2b-e8dec4c28f9f:192.168.157.195:39091] with ContainerStateMachine:uninitialized
2019-08-02 03:50:45,053 INFO  server.RaftServerConfigKeys (ConfUtils.java:logGet(43)) - raft.server.rpc.timeout.min = 5s (custom)
2019-08-02 03:50:45,053 INFO  server.RaftServerConfigKeys (ConfUtils.java:logGet(43)) - raft.server.rpc.timeout.max = 5200ms (custom)
2019-08-02 03:50:45,053 INFO  server.RaftServerConfigKeys (ConfUtils.java:logGet(43)) - raft.server.rpcslowness.timeout = 120s (custom)
2019-08-02 03:50:45,053 INFO  server.RaftServerConfigKeys (ConfUtils.java:logGet(43)) - raft.server.sleep.deviation.threshold = 300 (default)
2019-08-02 03:50:45,053 INFO  server.RaftServerConfigKeys (ConfUtils.java:logGet(43)) - raft.server.log.appender.install.snapshot.enabled = false (custom)
2019-08-02 03:50:45,054 INFO  impl.RaftServerImpl (ServerState.java:<init>(105)) - a1a38639-c43a-4fb8-8d2b-e8dec4c28f9f:group-9913AA60831A ConfigurationManager, init=-1: [a1a38639-c43a-4fb8-8d2b-e8dec4c28f9f:192.168.157.195:39091], old=null, confs=<EMPTY_MAP>
2019-08-02 03:50:45,054 INFO  server.RaftServerConfigKeys (ConfUtils.java:logGet(43)) - raft.server.storage.dir = [/workdir/hadoop-ozone/integration-test/target/test-dir/MiniOzoneClusterImpl-84113157-6906-4aba-8e15-158381d9b249/datanode-2/data/ratis] (custom)
2019-08-02 03:50:45,055 INFO  storage.RaftStorageDirectory (RaftStorageDirectory.java:analyzeStorage(246)) - The storage directory /workdir/hadoop-ozone/integration-test/target/test-dir/MiniOzoneClusterImpl-84113157-6906-4aba-8e15-158381d9b249/datanode-2/data/ratis/c23c3cc0-1988-4823-974f-9913aa60831a does not exist. Creating ...
2019-08-02 03:50:45,070 INFO  storage.RaftStorageDirectory (RaftStorageDirectory.java:tryLock(328)) - Lock on /workdir/hadoop-ozone/integration-test/target/test-dir/MiniOzoneClusterImpl-84113157-6906-4aba-8e15-158381d9b249/datanode-2/data/ratis/c23c3cc0-1988-4823-974f-9913aa60831a/in_use.lock acquired by nodename 2008@byscane-nightly-xzrzg-2697134946
2019-08-02 03:50:45,087 INFO  storage.RaftStorage (RaftStorage.java:format(72)) - Storage directory /workdir/hadoop-ozone/integration-test/target/test-dir/MiniOzoneClusterImpl-84113157-6906-4aba-8e15-158381d9b249/datanode-2/data/ratis/c23c3cc0-1988-4823-974f-9913aa60831a has been successfully formatted.
2019-08-02 03:50:45,088 INFO  ratis.ContainerStateMachine (ContainerStateMachine.java:loadSnapshot(213)) - group-9913AA60831A: The snapshot info is null. Setting the last applied indexto:(t:0, i:~)
2019-08-02 03:50:45,089 INFO  server.RaftServerConfigKeys (ConfUtils.java:logGet(43)) - raft.server.leader.election.timeout = 120s (custom)
2019-08-02 03:50:45,090 INFO  server.RaftServerConfigKeys (ConfUtils.java:logGet(43)) - raft.server.log.use.memory = false (default)
2019-08-02 03:50:45,090 INFO  server.RaftServerConfigKeys (ConfUtils.java:logGet(43)) - raft.server.log.purge.gap = 1000000000 (custom)
2019-08-02 03:50:45,090 INFO  server.RaftServerConfigKeys (ConfUtils.java:logGet(43)) - raft.server.log.appender.buffer.byte-limit = 33554432 (custom)
2019-08-02 03:50:45,090 INFO  server.RaftServerConfigKeys (ConfUtils.java:logGet(43)) - raft.server.log.segment.size.max = 1048576 (custom)
2019-08-02 03:50:45,091 INFO  server.RaftServerConfigKeys (ConfUtils.java:logGet(43)) - raft.server.log.segment.cache.num.max = 2 (custom)
2019-08-02 03:50:45,091 INFO  segmented.SegmentedRaftLogWorker (SegmentedRaftLogWorker.java:<init>(172)) - new a1a38639-c43a-4fb8-8d2b-e8dec4c28f9f-SegmentedRaftLogWorker:Storage Directory /workdir/hadoop-ozone/integration-test/target/test-dir/MiniOzoneClusterImpl-84113157-6906-4aba-8e15-158381d9b249/datanode-2/data/ratis/c23c3cc0-1988-4823-974f-9913aa60831a for RaftStorage:Storage Directory /workdir/hadoop-ozone/integration-test/target/test-dir/MiniOzoneClusterImpl-84113157-6906-4aba-8e15-158381d9b249/datanode-2/data/ratis/c23c3cc0-1988-4823-974f-9913aa60831a
2019-08-02 03:50:45,099 INFO  server.RaftServerConfigKeys (ConfUtils.java:logGet(43)) - raft.server.log.queue.byte-limit = 2147483647 (custom)
2019-08-02 03:50:45,100 INFO  server.RaftServerConfigKeys (ConfUtils.java:logGet(43)) - raft.server.log.queue.element-limit = 1024 (custom)
2019-08-02 03:50:45,100 INFO  server.RaftServerConfigKeys (ConfUtils.java:logGet(43)) - raft.server.log.segment.size.max = 1048576 (custom)
2019-08-02 03:50:45,100 INFO  server.RaftServerConfigKeys (ConfUtils.java:logGet(43)) - raft.server.log.preallocated.size = 16384 (custom)
2019-08-02 03:50:45,100 INFO  server.RaftServerConfigKeys (ConfUtils.java:logGet(43)) - raft.server.log.write.buffer.size = 33554432 (custom)
2019-08-02 03:50:45,101 INFO  server.RaftServerConfigKeys (ConfUtils.java:logGet(43)) - raft.server.log.force.sync.num = 128 (default)
2019-08-02 03:50:45,101 INFO  server.RaftServerConfigKeys (ConfUtils.java:logGet(43)) - raft.server.log.statemachine.data.sync = true (default)
2019-08-02 03:50:45,101 INFO  server.RaftServerConfigKeys (ConfUtils.java:logGet(43)) - raft.server.log.statemachine.data.sync.timeout = 10s (default)
2019-08-02 03:50:45,101 INFO  server.RaftServerConfigKeys (ConfUtils.java:logGet(43)) - raft.server.log.statemachine.data.sync.timeout.retry = -1 (default)
2019-08-02 03:50:45,102 INFO  server.RaftServerConfigKeys (ConfUtils.java:logGet(43)) - raft.server.log.statemachine.data.caching.enabled = true (custom)
2019-08-02 03:50:45,102 INFO  segmented.SegmentedRaftLogWorker (SegmentedRaftLogWorker.java:lambda$new$0(132)) - a1a38639-c43a-4fb8-8d2b-e8dec4c28f9f-SegmentedRaftLogWorker:Storage Directory /workdir/hadoop-ozone/integration-test/target/test-dir/MiniOzoneClusterImpl-84113157-6906-4aba-8e15-158381d9b249/datanode-2/data/ratis/c23c3cc0-1988-4823-974f-9913aa60831a: flushIndex: setUnconditionally 0 -> -1
2019-08-02 03:50:45,103 INFO  server.RaftServerConfigKeys (ConfUtils.java:logGet(43)) - raft.server.snapshot.auto.trigger.enabled = true (custom)
2019-08-02 03:50:45,103 INFO  server.RaftServerConfigKeys (ConfUtils.java:logGet(43)) - raft.server.snapshot.auto.trigger.threshold = 10000 (custom)
2019-08-02 03:50:45,103 INFO  server.RaftServerConfigKeys (ConfUtils.java:logGet(43)) - raft.server.retrycache.expirytime = 600000ms (custom)
2019-08-02 03:50:45,104 INFO  impl.RaftServerImpl (RaftServerImpl.java:start(180)) - a1a38639-c43a-4fb8-8d2b-e8dec4c28f9f: start group-9913AA60831A
2019-08-02 03:50:45,104 INFO  impl.RaftServerImpl (RaftServerImpl.java:setRole(171)) - a1a38639-c43a-4fb8-8d2b-e8dec4c28f9f:group-9913AA60831A changes role from null to FOLLOWER at term 0 for startAsFollower
2019-08-02 03:50:45,104 INFO  impl.RoleInfo (RoleInfo.java:updateAndGet(143)) - a1a38639-c43a-4fb8-8d2b-e8dec4c28f9f: start FollowerState
2019-08-02 03:50:45,106 INFO  util.JmxRegister (JmxRegister.java:tryRegister(44)) - Successfully registered JMX Bean with object name Ratis:service=RaftServer,group=group-9913AA60831A,id=a1a38639-c43a-4fb8-8d2b-e8dec4c28f9f
2019-08-02 03:50:45,119 INFO  pipeline.PipelineStateManager (PipelineStateManager.java:addPipeline(56)) - Created pipeline Pipeline[ Id: c23c3cc0-1988-4823-974f-9913aa60831a, Nodes: a1a38639-c43a-4fb8-8d2b-e8dec4c28f9f{ip: 192.168.157.195, host: byscane-nightly-xzrzg-2697134946, networkLocation: /default-rack, certSerialId: null}, Type:RATIS, Factor:ONE, State:OPEN]
2019-08-02 03:50:45,140 INFO  impl.RaftServerProxy (RaftServerProxy.java:addNew(89)) - 4604a97f-b47c-43a7-a2e6-2227e86dd80c: addNew group-0FA2CE1999D7:[4604a97f-b47c-43a7-a2e6-2227e86dd80c:192.168.157.195:44167] returns group-0FA2CE1999D7:java.util.concurrent.CompletableFuture@749b8e45[Not completed]
2019-08-02 03:50:45,149 INFO  impl.RaftServerImpl (RaftServerImpl.java:<init>(93)) - 4604a97f-b47c-43a7-a2e6-2227e86dd80c: new RaftServerImpl for group-0FA2CE1999D7:[4604a97f-b47c-43a7-a2e6-2227e86dd80c:192.168.157.195:44167] with ContainerStateMachine:uninitialized
2019-08-02 03:50:45,149 INFO  server.RaftServerConfigKeys (ConfUtils.java:logGet(43)) - raft.server.rpc.timeout.min = 5s (custom)
2019-08-02 03:50:45,149 INFO  server.RaftServerConfigKeys (ConfUtils.java:logGet(43)) - raft.server.rpc.timeout.max = 5200ms (custom)
2019-08-02 03:50:45,149 INFO  server.RaftServerConfigKeys (ConfUtils.java:logGet(43)) - raft.server.rpcslowness.timeout = 120s (custom)
2019-08-02 03:50:45,150 INFO  server.RaftServerConfigKeys (ConfUtils.java:logGet(43)) - raft.server.sleep.deviation.threshold = 300 (default)
2019-08-02 03:50:45,150 INFO  server.RaftServerConfigKeys (ConfUtils.java:logGet(43)) - raft.server.log.appender.install.snapshot.enabled = false (custom)
2019-08-02 03:50:45,150 INFO  impl.RaftServerImpl (ServerState.java:<init>(105)) - 4604a97f-b47c-43a7-a2e6-2227e86dd80c:group-0FA2CE1999D7 ConfigurationManager, init=-1: [4604a97f-b47c-43a7-a2e6-2227e86dd80c:192.168.157.195:44167], old=null, confs=<EMPTY_MAP>
2019-08-02 03:50:45,150 INFO  server.RaftServerConfigKeys (ConfUtils.java:logGet(43)) - raft.server.storage.dir = [/workdir/hadoop-ozone/integration-test/target/test-dir/MiniOzoneClusterImpl-84113157-6906-4aba-8e15-158381d9b249/datanode-3/data/ratis] (custom)
2019-08-02 03:50:45,151 INFO  storage.RaftStorageDirectory (RaftStorageDirectory.java:analyzeStorage(246)) - The storage directory /workdir/hadoop-ozone/integration-test/target/test-dir/MiniOzoneClusterImpl-84113157-6906-4aba-8e15-158381d9b249/datanode-3/data/ratis/1f94f398-6d02-4511-9a33-0fa2ce1999d7 does not exist. Creating ...
2019-08-02 03:50:45,165 INFO  storage.RaftStorageDirectory (RaftStorageDirectory.java:tryLock(328)) - Lock on /workdir/hadoop-ozone/integration-test/target/test-dir/MiniOzoneClusterImpl-84113157-6906-4aba-8e15-158381d9b249/datanode-3/data/ratis/1f94f398-6d02-4511-9a33-0fa2ce1999d7/in_use.lock acquired by nodename 2008@byscane-nightly-xzrzg-2697134946
2019-08-02 03:50:45,178 INFO  storage.RaftStorage (RaftStorage.java:format(72)) - Storage directory /workdir/hadoop-ozone/integration-test/target/test-dir/MiniOzoneClusterImpl-84113157-6906-4aba-8e15-158381d9b249/datanode-3/data/ratis/1f94f398-6d02-4511-9a33-0fa2ce1999d7 has been successfully formatted.
2019-08-02 03:50:45,179 INFO  ratis.ContainerStateMachine (ContainerStateMachine.java:loadSnapshot(213)) - group-0FA2CE1999D7: The snapshot info is null. Setting the last applied indexto:(t:0, i:~)
2019-08-02 03:50:45,179 INFO  server.RaftServerConfigKeys (ConfUtils.java:logGet(43)) - raft.server.leader.election.timeout = 120s (custom)
2019-08-02 03:50:45,179 INFO  server.RaftServerConfigKeys (ConfUtils.java:logGet(43)) - raft.server.log.use.memory = false (default)
2019-08-02 03:50:45,179 INFO  server.RaftServerConfigKeys (ConfUtils.java:logGet(43)) - raft.server.log.purge.gap = 1000000000 (custom)
2019-08-02 03:50:45,180 INFO  server.RaftServerConfigKeys (ConfUtils.java:logGet(43)) - raft.server.log.appender.buffer.byte-limit = 33554432 (custom)
2019-08-02 03:50:45,180 INFO  server.RaftServerConfigKeys (ConfUtils.java:logGet(43)) - raft.server.log.segment.size.max = 1048576 (custom)
2019-08-02 03:50:45,180 INFO  server.RaftServerConfigKeys (ConfUtils.java:logGet(43)) - raft.server.log.segment.cache.num.max = 2 (custom)
2019-08-02 03:50:45,180 INFO  segmented.SegmentedRaftLogWorker (SegmentedRaftLogWorker.java:<init>(172)) - new 4604a97f-b47c-43a7-a2e6-2227e86dd80c-SegmentedRaftLogWorker:Storage Directory /workdir/hadoop-ozone/integration-test/target/test-dir/MiniOzoneClusterImpl-84113157-6906-4aba-8e15-158381d9b249/datanode-3/data/ratis/1f94f398-6d02-4511-9a33-0fa2ce1999d7 for RaftStorage:Storage Directory /workdir/hadoop-ozone/integration-test/target/test-dir/MiniOzoneClusterImpl-84113157-6906-4aba-8e15-158381d9b249/datanode-3/data/ratis/1f94f398-6d02-4511-9a33-0fa2ce1999d7
2019-08-02 03:50:45,181 INFO  server.RaftServerConfigKeys (ConfUtils.java:logGet(43)) - raft.server.log.queue.byte-limit = 2147483647 (custom)
2019-08-02 03:50:45,181 INFO  server.RaftServerConfigKeys (ConfUtils.java:logGet(43)) - raft.server.log.queue.element-limit = 1024 (custom)
2019-08-02 03:50:45,181 INFO  server.RaftServerConfigKeys (ConfUtils.java:logGet(43)) - raft.server.log.segment.size.max = 1048576 (custom)
2019-08-02 03:50:45,182 INFO  server.RaftServerConfigKeys (ConfUtils.java:logGet(43)) - raft.server.log.preallocated.size = 16384 (custom)
2019-08-02 03:50:45,182 INFO  server.RaftServerConfigKeys (ConfUtils.java:logGet(43)) - raft.server.log.write.buffer.size = 33554432 (custom)
2019-08-02 03:50:45,182 INFO  server.RaftServerConfigKeys (ConfUtils.java:logGet(43)) - raft.server.log.force.sync.num = 128 (default)
2019-08-02 03:50:45,182 INFO  server.RaftServerConfigKeys (ConfUtils.java:logGet(43)) - raft.server.log.statemachine.data.sync = true (default)
2019-08-02 03:50:45,183 INFO  server.RaftServerConfigKeys (ConfUtils.java:logGet(43)) - raft.server.log.statemachine.data.sync.timeout = 10s (default)
2019-08-02 03:50:45,183 INFO  server.RaftServerConfigKeys (ConfUtils.java:logGet(43)) - raft.server.log.statemachine.data.sync.timeout.retry = -1 (default)
2019-08-02 03:50:45,183 INFO  server.RaftServerConfigKeys (ConfUtils.java:logGet(43)) - raft.server.log.statemachine.data.caching.enabled = true (custom)
2019-08-02 03:50:45,184 INFO  segmented.SegmentedRaftLogWorker (SegmentedRaftLogWorker.java:lambda$new$0(132)) - 4604a97f-b47c-43a7-a2e6-2227e86dd80c-SegmentedRaftLogWorker:Storage Directory /workdir/hadoop-ozone/integration-test/target/test-dir/MiniOzoneClusterImpl-84113157-6906-4aba-8e15-158381d9b249/datanode-3/data/ratis/1f94f398-6d02-4511-9a33-0fa2ce1999d7: flushIndex: setUnconditionally 0 -> -1
2019-08-02 03:50:45,184 INFO  server.RaftServerConfigKeys (ConfUtils.java:logGet(43)) - raft.server.snapshot.auto.trigger.enabled = true (custom)
2019-08-02 03:50:45,185 INFO  server.RaftServerConfigKeys (ConfUtils.java:logGet(43)) - raft.server.snapshot.auto.trigger.threshold = 10000 (custom)
2019-08-02 03:50:45,185 INFO  server.RaftServerConfigKeys (ConfUtils.java:logGet(43)) - raft.server.retrycache.expirytime = 600000ms (custom)
2019-08-02 03:50:45,185 INFO  impl.RaftServerImpl (RaftServerImpl.java:start(180)) - 4604a97f-b47c-43a7-a2e6-2227e86dd80c: start group-0FA2CE1999D7
2019-08-02 03:50:45,185 INFO  impl.RaftServerImpl (RaftServerImpl.java:setRole(171)) - 4604a97f-b47c-43a7-a2e6-2227e86dd80c:group-0FA2CE1999D7 changes role from null to FOLLOWER at term 0 for startAsFollower
2019-08-02 03:50:45,186 INFO  impl.RoleInfo (RoleInfo.java:updateAndGet(143)) - 4604a97f-b47c-43a7-a2e6-2227e86dd80c: start FollowerState
2019-08-02 03:50:45,186 INFO  util.JmxRegister (JmxRegister.java:tryRegister(44)) - Successfully registered JMX Bean with object name Ratis:service=RaftServer,group=group-0FA2CE1999D7,id=4604a97f-b47c-43a7-a2e6-2227e86dd80c
2019-08-02 03:50:45,199 INFO  pipeline.PipelineStateManager (PipelineStateManager.java:addPipeline(56)) - Created pipeline Pipeline[ Id: 1f94f398-6d02-4511-9a33-0fa2ce1999d7, Nodes: 4604a97f-b47c-43a7-a2e6-2227e86dd80c{ip: 192.168.157.195, host: byscane-nightly-xzrzg-2697134946, networkLocation: /default-rack, certSerialId: null}, Type:RATIS, Factor:ONE, State:OPEN]
2019-08-02 03:50:45,224 INFO  impl.RaftServerProxy (RaftServerProxy.java:addNew(89)) - 900c4ec9-b430-440c-ab1c-ab410cc53093: addNew group-37864819B441:[900c4ec9-b430-440c-ab1c-ab410cc53093:192.168.157.195:46717] returns group-37864819B441:java.util.concurrent.CompletableFuture@5992929f[Not completed]
2019-08-02 03:50:45,227 INFO  impl.RaftServerImpl (RaftServerImpl.java:<init>(93)) - 900c4ec9-b430-440c-ab1c-ab410cc53093: new RaftServerImpl for group-37864819B441:[900c4ec9-b430-440c-ab1c-ab410cc53093:192.168.157.195:46717] with ContainerStateMachine:uninitialized
2019-08-02 03:50:45,228 INFO  server.RaftServerConfigKeys (ConfUtils.java:logGet(43)) - raft.server.rpc.timeout.min = 5s (custom)
2019-08-02 03:50:45,228 INFO  server.RaftServerConfigKeys (ConfUtils.java:logGet(43)) - raft.server.rpc.timeout.max = 5200ms (custom)
2019-08-02 03:50:45,228 INFO  server.RaftServerConfigKeys (ConfUtils.java:logGet(43)) - raft.server.rpcslowness.timeout = 120s (custom)
2019-08-02 03:50:45,228 INFO  server.RaftServerConfigKeys (ConfUtils.java:logGet(43)) - raft.server.sleep.deviation.threshold = 300 (default)
2019-08-02 03:50:45,228 INFO  server.RaftServerConfigKeys (ConfUtils.java:logGet(43)) - raft.server.log.appender.install.snapshot.enabled = false (custom)
2019-08-02 03:50:45,228 INFO  impl.RaftServerImpl (ServerState.java:<init>(105)) - 900c4ec9-b430-440c-ab1c-ab410cc53093:group-37864819B441 ConfigurationManager, init=-1: [900c4ec9-b430-440c-ab1c-ab410cc53093:192.168.157.195:46717], old=null, confs=<EMPTY_MAP>
2019-08-02 03:50:45,229 INFO  server.RaftServerConfigKeys (ConfUtils.java:logGet(43)) - raft.server.storage.dir = [/workdir/hadoop-ozone/integration-test/target/test-dir/MiniOzoneClusterImpl-84113157-6906-4aba-8e15-158381d9b249/datanode-5/data/ratis] (custom)
2019-08-02 03:50:45,229 INFO  storage.RaftStorageDirectory (RaftStorageDirectory.java:analyzeStorage(246)) - The storage directory /workdir/hadoop-ozone/integration-test/target/test-dir/MiniOzoneClusterImpl-84113157-6906-4aba-8e15-158381d9b249/datanode-5/data/ratis/64ad46d8-8661-44d6-90e6-37864819b441 does not exist. Creating ...
2019-08-02 03:50:45,241 INFO  storage.RaftStorageDirectory (RaftStorageDirectory.java:tryLock(328)) - Lock on /workdir/hadoop-ozone/integration-test/target/test-dir/MiniOzoneClusterImpl-84113157-6906-4aba-8e15-158381d9b249/datanode-5/data/ratis/64ad46d8-8661-44d6-90e6-37864819b441/in_use.lock acquired by nodename 2008@byscane-nightly-xzrzg-2697134946
2019-08-02 03:50:45,254 INFO  storage.RaftStorage (RaftStorage.java:format(72)) - Storage directory /workdir/hadoop-ozone/integration-test/target/test-dir/MiniOzoneClusterImpl-84113157-6906-4aba-8e15-158381d9b249/datanode-5/data/ratis/64ad46d8-8661-44d6-90e6-37864819b441 has been successfully formatted.
2019-08-02 03:50:45,254 INFO  ratis.ContainerStateMachine (ContainerStateMachine.java:loadSnapshot(213)) - group-37864819B441: The snapshot info is null. Setting the last applied indexto:(t:0, i:~)
2019-08-02 03:50:45,254 INFO  server.RaftServerConfigKeys (ConfUtils.java:logGet(43)) - raft.server.leader.election.timeout = 120s (custom)
2019-08-02 03:50:45,255 INFO  server.RaftServerConfigKeys (ConfUtils.java:logGet(43)) - raft.server.log.use.memory = false (default)
2019-08-02 03:50:45,255 INFO  server.RaftServerConfigKeys (ConfUtils.java:logGet(43)) - raft.server.log.purge.gap = 1000000000 (custom)
2019-08-02 03:50:45,255 INFO  server.RaftServerConfigKeys (ConfUtils.java:logGet(43)) - raft.server.log.appender.buffer.byte-limit = 33554432 (custom)
2019-08-02 03:50:45,255 INFO  server.RaftServerConfigKeys (ConfUtils.java:logGet(43)) - raft.server.log.segment.size.max = 1048576 (custom)
2019-08-02 03:50:45,255 INFO  server.RaftServerConfigKeys (ConfUtils.java:logGet(43)) - raft.server.log.segment.cache.num.max = 2 (custom)
2019-08-02 03:50:45,255 INFO  segmented.SegmentedRaftLogWorker (SegmentedRaftLogWorker.java:<init>(172)) - new 900c4ec9-b430-440c-ab1c-ab410cc53093-SegmentedRaftLogWorker:Storage Directory /workdir/hadoop-ozone/integration-test/target/test-dir/MiniOzoneClusterImpl-84113157-6906-4aba-8e15-158381d9b249/datanode-5/data/ratis/64ad46d8-8661-44d6-90e6-37864819b441 for RaftStorage:Storage Directory /workdir/hadoop-ozone/integration-test/target/test-dir/MiniOzoneClusterImpl-84113157-6906-4aba-8e15-158381d9b249/datanode-5/data/ratis/64ad46d8-8661-44d6-90e6-37864819b441
2019-08-02 03:50:45,255 INFO  server.RaftServerConfigKeys (ConfUtils.java:logGet(43)) - raft.server.log.queue.byte-limit = 2147483647 (custom)
2019-08-02 03:50:45,256 INFO  server.RaftServerConfigKeys (ConfUtils.java:logGet(43)) - raft.server.log.queue.element-limit = 1024 (custom)
2019-08-02 03:50:45,256 INFO  server.RaftServerConfigKeys (ConfUtils.java:logGet(43)) - raft.server.log.segment.size.max = 1048576 (custom)
2019-08-02 03:50:45,256 INFO  server.RaftServerConfigKeys (ConfUtils.java:logGet(43)) - raft.server.log.preallocated.size = 16384 (custom)
2019-08-02 03:50:45,256 INFO  server.RaftServerConfigKeys (ConfUtils.java:logGet(43)) - raft.server.log.write.buffer.size = 33554432 (custom)
2019-08-02 03:50:45,257 INFO  server.RaftServerConfigKeys (ConfUtils.java:logGet(43)) - raft.server.log.force.sync.num = 128 (default)
2019-08-02 03:50:45,257 INFO  server.RaftServerConfigKeys (ConfUtils.java:logGet(43)) - raft.server.log.statemachine.data.sync = true (default)
2019-08-02 03:50:45,257 INFO  server.RaftServerConfigKeys (ConfUtils.java:logGet(43)) - raft.server.log.statemachine.data.sync.timeout = 10s (default)
2019-08-02 03:50:45,257 INFO  server.RaftServerConfigKeys (ConfUtils.java:logGet(43)) - raft.server.log.statemachine.data.sync.timeout.retry = -1 (default)
2019-08-02 03:50:45,258 INFO  server.RaftServerConfigKeys (ConfUtils.java:logGet(43)) - raft.server.log.statemachine.data.caching.enabled = true (custom)
2019-08-02 03:50:45,258 INFO  segmented.SegmentedRaftLogWorker (SegmentedRaftLogWorker.java:lambda$new$0(132)) - 900c4ec9-b430-440c-ab1c-ab410cc53093-SegmentedRaftLogWorker:Storage Directory /workdir/hadoop-ozone/integration-test/target/test-dir/MiniOzoneClusterImpl-84113157-6906-4aba-8e15-158381d9b249/datanode-5/data/ratis/64ad46d8-8661-44d6-90e6-37864819b441: flushIndex: setUnconditionally 0 -> -1
2019-08-02 03:50:45,258 INFO  server.RaftServerConfigKeys (ConfUtils.java:logGet(43)) - raft.server.snapshot.auto.trigger.enabled = true (custom)
2019-08-02 03:50:45,259 INFO  server.RaftServerConfigKeys (ConfUtils.java:logGet(43)) - raft.server.snapshot.auto.trigger.threshold = 10000 (custom)
2019-08-02 03:50:45,259 INFO  server.RaftServerConfigKeys (ConfUtils.java:logGet(43)) - raft.server.retrycache.expirytime = 600000ms (custom)
2019-08-02 03:50:45,259 INFO  impl.RaftServerImpl (RaftServerImpl.java:start(180)) - 900c4ec9-b430-440c-ab1c-ab410cc53093: start group-37864819B441
2019-08-02 03:50:45,259 INFO  impl.RaftServerImpl (RaftServerImpl.java:setRole(171)) - 900c4ec9-b430-440c-ab1c-ab410cc53093:group-37864819B441 changes role from null to FOLLOWER at term 0 for startAsFollower
2019-08-02 03:50:45,259 INFO  impl.RoleInfo (RoleInfo.java:updateAndGet(143)) - 900c4ec9-b430-440c-ab1c-ab410cc53093: start FollowerState
2019-08-02 03:50:45,260 INFO  util.JmxRegister (JmxRegister.java:tryRegister(44)) - Successfully registered JMX Bean with object name Ratis:service=RaftServer,group=group-37864819B441,id=900c4ec9-b430-440c-ab1c-ab410cc53093
2019-08-02 03:50:45,273 INFO  pipeline.PipelineStateManager (PipelineStateManager.java:addPipeline(56)) - Created pipeline Pipeline[ Id: 64ad46d8-8661-44d6-90e6-37864819b441, Nodes: 900c4ec9-b430-440c-ab1c-ab410cc53093{ip: 192.168.157.195, host: byscane-nightly-xzrzg-2697134946, networkLocation: /default-rack, certSerialId: null}, Type:RATIS, Factor:ONE, State:OPEN]
2019-08-02 03:50:45,294 INFO  impl.RaftServerProxy (RaftServerProxy.java:addNew(89)) - 2e689469-91c8-4255-9cfa-8856feb34fdb: addNew group-5A4F96F718DC:[2e689469-91c8-4255-9cfa-8856feb34fdb:192.168.157.195:43562] returns group-5A4F96F718DC:java.util.concurrent.CompletableFuture@47a3a4b3[Not completed]
2019-08-02 03:50:45,295 INFO  impl.RaftServerImpl (RaftServerImpl.java:<init>(93)) - 2e689469-91c8-4255-9cfa-8856feb34fdb: new RaftServerImpl for group-5A4F96F718DC:[2e689469-91c8-4255-9cfa-8856feb34fdb:192.168.157.195:43562] with ContainerStateMachine:uninitialized
2019-08-02 03:50:45,296 INFO  server.RaftServerConfigKeys (ConfUtils.java:logGet(43)) - raft.server.rpc.timeout.min = 5s (custom)
2019-08-02 03:50:45,296 INFO  server.RaftServerConfigKeys (ConfUtils.java:logGet(43)) - raft.server.rpc.timeout.max = 5200ms (custom)
2019-08-02 03:50:45,296 INFO  server.RaftServerConfigKeys (ConfUtils.java:logGet(43)) - raft.server.rpcslowness.timeout = 120s (custom)
2019-08-02 03:50:45,296 INFO  server.RaftServerConfigKeys (ConfUtils.java:logGet(43)) - raft.server.sleep.deviation.threshold = 300 (default)
2019-08-02 03:50:45,296 INFO  server.RaftServerConfigKeys (ConfUtils.java:logGet(43)) - raft.server.log.appender.install.snapshot.enabled = false (custom)
2019-08-02 03:50:45,296 INFO  impl.RaftServerImpl (ServerState.java:<init>(105)) - 2e689469-91c8-4255-9cfa-8856feb34fdb:group-5A4F96F718DC ConfigurationManager, init=-1: [2e689469-91c8-4255-9cfa-8856feb34fdb:192.168.157.195:43562], old=null, confs=<EMPTY_MAP>
2019-08-02 03:50:45,296 INFO  server.RaftServerConfigKeys (ConfUtils.java:logGet(43)) - raft.server.storage.dir = [/workdir/hadoop-ozone/integration-test/target/test-dir/MiniOzoneClusterImpl-84113157-6906-4aba-8e15-158381d9b249/datanode-1/data/ratis] (custom)
2019-08-02 03:50:45,297 INFO  storage.RaftStorageDirectory (RaftStorageDirectory.java:analyzeStorage(246)) - The storage directory /workdir/hadoop-ozone/integration-test/target/test-dir/MiniOzoneClusterImpl-84113157-6906-4aba-8e15-158381d9b249/datanode-1/data/ratis/5ceba08c-a310-481d-af71-5a4f96f718dc does not exist. Creating ...
2019-08-02 03:50:45,309 INFO  storage.RaftStorageDirectory (RaftStorageDirectory.java:tryLock(328)) - Lock on /workdir/hadoop-ozone/integration-test/target/test-dir/MiniOzoneClusterImpl-84113157-6906-4aba-8e15-158381d9b249/datanode-1/data/ratis/5ceba08c-a310-481d-af71-5a4f96f718dc/in_use.lock acquired by nodename 2008@byscane-nightly-xzrzg-2697134946
2019-08-02 03:50:45,322 INFO  storage.RaftStorage (RaftStorage.java:format(72)) - Storage directory /workdir/hadoop-ozone/integration-test/target/test-dir/MiniOzoneClusterImpl-84113157-6906-4aba-8e15-158381d9b249/datanode-1/data/ratis/5ceba08c-a310-481d-af71-5a4f96f718dc has been successfully formatted.
2019-08-02 03:50:45,322 INFO  ratis.ContainerStateMachine (ContainerStateMachine.java:loadSnapshot(213)) - group-5A4F96F718DC: The snapshot info is null. Setting the last applied indexto:(t:0, i:~)
2019-08-02 03:50:45,322 INFO  server.RaftServerConfigKeys (ConfUtils.java:logGet(43)) - raft.server.leader.election.timeout = 120s (custom)
2019-08-02 03:50:45,323 INFO  server.RaftServerConfigKeys (ConfUtils.java:logGet(43)) - raft.server.log.use.memory = false (default)
2019-08-02 03:50:45,323 INFO  server.RaftServerConfigKeys (ConfUtils.java:logGet(43)) - raft.server.log.purge.gap = 1000000000 (custom)
2019-08-02 03:50:45,323 INFO  server.RaftServerConfigKeys (ConfUtils.java:logGet(43)) - raft.server.log.appender.buffer.byte-limit = 33554432 (custom)
2019-08-02 03:50:45,323 INFO  server.RaftServerConfigKeys (ConfUtils.java:logGet(43)) - raft.server.log.segment.size.max = 1048576 (custom)
2019-08-02 03:50:45,323 INFO  server.RaftServerConfigKeys (ConfUtils.java:logGet(43)) - raft.server.log.segment.cache.num.max = 2 (custom)
2019-08-02 03:50:45,323 INFO  segmented.SegmentedRaftLogWorker (SegmentedRaftLogWorker.java:<init>(172)) - new 2e689469-91c8-4255-9cfa-8856feb34fdb-SegmentedRaftLogWorker:Storage Directory /workdir/hadoop-ozone/integration-test/target/test-dir/MiniOzoneClusterImpl-84113157-6906-4aba-8e15-158381d9b249/datanode-1/data/ratis/5ceba08c-a310-481d-af71-5a4f96f718dc for RaftStorage:Storage Directory /workdir/hadoop-ozone/integration-test/target/test-dir/MiniOzoneClusterImpl-84113157-6906-4aba-8e15-158381d9b249/datanode-1/data/ratis/5ceba08c-a310-481d-af71-5a4f96f718dc
2019-08-02 03:50:45,323 INFO  server.RaftServerConfigKeys (ConfUtils.java:logGet(43)) - raft.server.log.queue.byte-limit = 2147483647 (custom)
2019-08-02 03:50:45,324 INFO  server.RaftServerConfigKeys (ConfUtils.java:logGet(43)) - raft.server.log.queue.element-limit = 1024 (custom)
2019-08-02 03:50:45,324 INFO  server.RaftServerConfigKeys (ConfUtils.java:logGet(43)) - raft.server.log.segment.size.max = 1048576 (custom)
2019-08-02 03:50:45,324 INFO  server.RaftServerConfigKeys (ConfUtils.java:logGet(43)) - raft.server.log.preallocated.size = 16384 (custom)
2019-08-02 03:50:45,324 INFO  server.RaftServerConfigKeys (ConfUtils.java:logGet(43)) - raft.server.log.write.buffer.size = 33554432 (custom)
2019-08-02 03:50:45,324 INFO  server.RaftServerConfigKeys (ConfUtils.java:logGet(43)) - raft.server.log.force.sync.num = 128 (default)
2019-08-02 03:50:45,324 INFO  server.RaftServerConfigKeys (ConfUtils.java:logGet(43)) - raft.server.log.statemachine.data.sync = true (default)
2019-08-02 03:50:45,324 INFO  server.RaftServerConfigKeys (ConfUtils.java:logGet(43)) - raft.server.log.statemachine.data.sync.timeout = 10s (default)
2019-08-02 03:50:45,324 INFO  server.RaftServerConfigKeys (ConfUtils.java:logGet(43)) - raft.server.log.statemachine.data.sync.timeout.retry = -1 (default)
2019-08-02 03:50:45,325 INFO  server.RaftServerConfigKeys (ConfUtils.java:logGet(43)) - raft.server.log.statemachine.data.caching.enabled = true (custom)
2019-08-02 03:50:45,325 INFO  segmented.SegmentedRaftLogWorker (SegmentedRaftLogWorker.java:lambda$new$0(132)) - 2e689469-91c8-4255-9cfa-8856feb34fdb-SegmentedRaftLogWorker:Storage Directory /workdir/hadoop-ozone/integration-test/target/test-dir/MiniOzoneClusterImpl-84113157-6906-4aba-8e15-158381d9b249/datanode-1/data/ratis/5ceba08c-a310-481d-af71-5a4f96f718dc: flushIndex: setUnconditionally 0 -> -1
2019-08-02 03:50:45,325 INFO  server.RaftServerConfigKeys (ConfUtils.java:logGet(43)) - raft.server.snapshot.auto.trigger.enabled = true (custom)
2019-08-02 03:50:45,325 INFO  server.RaftServerConfigKeys (ConfUtils.java:logGet(43)) - raft.server.snapshot.auto.trigger.threshold = 10000 (custom)
2019-08-02 03:50:45,326 INFO  server.RaftServerConfigKeys (ConfUtils.java:logGet(43)) - raft.server.retrycache.expirytime = 600000ms (custom)
2019-08-02 03:50:45,326 INFO  impl.RaftServerImpl (RaftServerImpl.java:start(180)) - 2e689469-91c8-4255-9cfa-8856feb34fdb: start group-5A4F96F718DC
2019-08-02 03:50:45,326 INFO  impl.RaftServerImpl (RaftServerImpl.java:setRole(171)) - 2e689469-91c8-4255-9cfa-8856feb34fdb:group-5A4F96F718DC changes role from null to FOLLOWER at term 0 for startAsFollower
2019-08-02 03:50:45,326 INFO  impl.RoleInfo (RoleInfo.java:updateAndGet(143)) - 2e689469-91c8-4255-9cfa-8856feb34fdb: start FollowerState
2019-08-02 03:50:45,326 INFO  util.JmxRegister (JmxRegister.java:tryRegister(44)) - Successfully registered JMX Bean with object name Ratis:service=RaftServer,group=group-5A4F96F718DC,id=2e689469-91c8-4255-9cfa-8856feb34fdb
2019-08-02 03:50:45,338 INFO  pipeline.PipelineStateManager (PipelineStateManager.java:addPipeline(56)) - Created pipeline Pipeline[ Id: 5ceba08c-a310-481d-af71-5a4f96f718dc, Nodes: 2e689469-91c8-4255-9cfa-8856feb34fdb{ip: 192.168.157.195, host: byscane-nightly-xzrzg-2697134946, networkLocation: /default-rack, certSerialId: null}, Type:RATIS, Factor:ONE, State:OPEN]
2019-08-02 03:50:45,366 INFO  impl.RaftServerProxy (RaftServerProxy.java:addNew(89)) - 89ab80e0-388e-4661-bbc3-827c06d03540: addNew group-872C8800ADD7:[89ab80e0-388e-4661-bbc3-827c06d03540:192.168.157.195:42594] returns group-872C8800ADD7:java.util.concurrent.CompletableFuture@1477200f[Not completed]
2019-08-02 03:50:45,369 INFO  impl.RaftServerImpl (RaftServerImpl.java:<init>(93)) - 89ab80e0-388e-4661-bbc3-827c06d03540: new RaftServerImpl for group-872C8800ADD7:[89ab80e0-388e-4661-bbc3-827c06d03540:192.168.157.195:42594] with ContainerStateMachine:uninitialized
2019-08-02 03:50:45,369 INFO  server.RaftServerConfigKeys (ConfUtils.java:logGet(43)) - raft.server.rpc.timeout.min = 5s (custom)
2019-08-02 03:50:45,369 INFO  server.RaftServerConfigKeys (ConfUtils.java:logGet(43)) - raft.server.rpc.timeout.max = 5200ms (custom)
2019-08-02 03:50:45,369 INFO  server.RaftServerConfigKeys (ConfUtils.java:logGet(43)) - raft.server.rpcslowness.timeout = 120s (custom)
2019-08-02 03:50:45,369 INFO  server.RaftServerConfigKeys (ConfUtils.java:logGet(43)) - raft.server.sleep.deviation.threshold = 300 (default)
2019-08-02 03:50:45,370 INFO  server.RaftServerConfigKeys (ConfUtils.java:logGet(43)) - raft.server.log.appender.install.snapshot.enabled = false (custom)
2019-08-02 03:50:45,370 INFO  impl.RaftServerImpl (ServerState.java:<init>(105)) - 89ab80e0-388e-4661-bbc3-827c06d03540:group-872C8800ADD7 ConfigurationManager, init=-1: [89ab80e0-388e-4661-bbc3-827c06d03540:192.168.157.195:42594], old=null, confs=<EMPTY_MAP>
2019-08-02 03:50:45,370 INFO  server.RaftServerConfigKeys (ConfUtils.java:logGet(43)) - raft.server.storage.dir = [/workdir/hadoop-ozone/integration-test/target/test-dir/MiniOzoneClusterImpl-84113157-6906-4aba-8e15-158381d9b249/datanode-4/data/ratis] (custom)
2019-08-02 03:50:45,371 INFO  storage.RaftStorageDirectory (RaftStorageDirectory.java:analyzeStorage(246)) - The storage directory /workdir/hadoop-ozone/integration-test/target/test-dir/MiniOzoneClusterImpl-84113157-6906-4aba-8e15-158381d9b249/datanode-4/data/ratis/dbd09a0e-3bda-42ee-b5c8-872c8800add7 does not exist. Creating ...
2019-08-02 03:50:45,383 INFO  storage.RaftStorageDirectory (RaftStorageDirectory.java:tryLock(328)) - Lock on /workdir/hadoop-ozone/integration-test/target/test-dir/MiniOzoneClusterImpl-84113157-6906-4aba-8e15-158381d9b249/datanode-4/data/ratis/dbd09a0e-3bda-42ee-b5c8-872c8800add7/in_use.lock acquired by nodename 2008@byscane-nightly-xzrzg-2697134946
2019-08-02 03:50:45,397 INFO  storage.RaftStorage (RaftStorage.java:format(72)) - Storage directory /workdir/hadoop-ozone/integration-test/target/test-dir/MiniOzoneClusterImpl-84113157-6906-4aba-8e15-158381d9b249/datanode-4/data/ratis/dbd09a0e-3bda-42ee-b5c8-872c8800add7 has been successfully formatted.
2019-08-02 03:50:45,397 INFO  ratis.ContainerStateMachine (ContainerStateMachine.java:loadSnapshot(213)) - group-872C8800ADD7: The snapshot info is null. Setting the last applied indexto:(t:0, i:~)
2019-08-02 03:50:45,397 INFO  server.RaftServerConfigKeys (ConfUtils.java:logGet(43)) - raft.server.leader.election.timeout = 120s (custom)
2019-08-02 03:50:45,397 INFO  server.RaftServerConfigKeys (ConfUtils.java:logGet(43)) - raft.server.log.use.memory = false (default)
2019-08-02 03:50:45,397 INFO  server.RaftServerConfigKeys (ConfUtils.java:logGet(43)) - raft.server.log.purge.gap = 1000000000 (custom)
2019-08-02 03:50:45,397 INFO  server.RaftServerConfigKeys (ConfUtils.java:logGet(43)) - raft.server.log.appender.buffer.byte-limit = 33554432 (custom)
2019-08-02 03:50:45,398 INFO  server.RaftServerConfigKeys (ConfUtils.java:logGet(43)) - raft.server.log.segment.size.max = 1048576 (custom)
2019-08-02 03:50:45,398 INFO  server.RaftServerConfigKeys (ConfUtils.java:logGet(43)) - raft.server.log.segment.cache.num.max = 2 (custom)
2019-08-02 03:50:45,398 INFO  segmented.SegmentedRaftLogWorker (SegmentedRaftLogWorker.java:<init>(172)) - new 89ab80e0-388e-4661-bbc3-827c06d03540-SegmentedRaftLogWorker:Storage Directory /workdir/hadoop-ozone/integration-test/target/test-dir/MiniOzoneClusterImpl-84113157-6906-4aba-8e15-158381d9b249/datanode-4/data/ratis/dbd09a0e-3bda-42ee-b5c8-872c8800add7 for RaftStorage:Storage Directory /workdir/hadoop-ozone/integration-test/target/test-dir/MiniOzoneClusterImpl-84113157-6906-4aba-8e15-158381d9b249/datanode-4/data/ratis/dbd09a0e-3bda-42ee-b5c8-872c8800add7
2019-08-02 03:50:45,398 INFO  server.RaftServerConfigKeys (ConfUtils.java:logGet(43)) - raft.server.log.queue.byte-limit = 2147483647 (custom)
2019-08-02 03:50:45,398 INFO  server.RaftServerConfigKeys (ConfUtils.java:logGet(43)) - raft.server.log.queue.element-limit = 1024 (custom)
2019-08-02 03:50:45,399 INFO  server.RaftServerConfigKeys (ConfUtils.java:logGet(43)) - raft.server.log.segment.size.max = 1048576 (custom)
2019-08-02 03:50:45,399 INFO  server.RaftServerConfigKeys (ConfUtils.java:logGet(43)) - raft.server.log.preallocated.size = 16384 (custom)
2019-08-02 03:50:45,399 INFO  server.RaftServerConfigKeys (ConfUtils.java:logGet(43)) - raft.server.log.write.buffer.size = 33554432 (custom)
2019-08-02 03:50:45,399 INFO  server.RaftServerConfigKeys (ConfUtils.java:logGet(43)) - raft.server.log.force.sync.num = 128 (default)
2019-08-02 03:50:45,399 INFO  server.RaftServerConfigKeys (ConfUtils.java:logGet(43)) - raft.server.log.statemachine.data.sync = true (default)
2019-08-02 03:50:45,399 INFO  server.RaftServerConfigKeys (ConfUtils.java:logGet(43)) - raft.server.log.statemachine.data.sync.timeout = 10s (default)
2019-08-02 03:50:45,399 INFO  server.RaftServerConfigKeys (ConfUtils.java:logGet(43)) - raft.server.log.statemachine.data.sync.timeout.retry = -1 (default)
2019-08-02 03:50:45,400 INFO  server.RaftServerConfigKeys (ConfUtils.java:logGet(43)) - raft.server.log.statemachine.data.caching.enabled = true (custom)
2019-08-02 03:50:45,400 INFO  segmented.SegmentedRaftLogWorker (SegmentedRaftLogWorker.java:lambda$new$0(132)) - 89ab80e0-388e-4661-bbc3-827c06d03540-SegmentedRaftLogWorker:Storage Directory /workdir/hadoop-ozone/integration-test/target/test-dir/MiniOzoneClusterImpl-84113157-6906-4aba-8e15-158381d9b249/datanode-4/data/ratis/dbd09a0e-3bda-42ee-b5c8-872c8800add7: flushIndex: setUnconditionally 0 -> -1
2019-08-02 03:50:45,400 INFO  server.RaftServerConfigKeys (ConfUtils.java:logGet(43)) - raft.server.snapshot.auto.trigger.enabled = true (custom)
2019-08-02 03:50:45,400 INFO  server.RaftServerConfigKeys (ConfUtils.java:logGet(43)) - raft.server.snapshot.auto.trigger.threshold = 10000 (custom)
2019-08-02 03:50:45,401 INFO  server.RaftServerConfigKeys (ConfUtils.java:logGet(43)) - raft.server.retrycache.expirytime = 600000ms (custom)
2019-08-02 03:50:45,401 INFO  impl.RaftServerImpl (RaftServerImpl.java:start(180)) - 89ab80e0-388e-4661-bbc3-827c06d03540: start group-872C8800ADD7
2019-08-02 03:50:45,401 INFO  impl.RaftServerImpl (RaftServerImpl.java:setRole(171)) - 89ab80e0-388e-4661-bbc3-827c06d03540:group-872C8800ADD7 changes role from null to FOLLOWER at term 0 for startAsFollower
2019-08-02 03:50:45,401 INFO  impl.RoleInfo (RoleInfo.java:updateAndGet(143)) - 89ab80e0-388e-4661-bbc3-827c06d03540: start FollowerState
2019-08-02 03:50:45,401 INFO  util.JmxRegister (JmxRegister.java:tryRegister(44)) - Successfully registered JMX Bean with object name Ratis:service=RaftServer,group=group-872C8800ADD7,id=89ab80e0-388e-4661-bbc3-827c06d03540
2019-08-02 03:50:45,413 INFO  pipeline.PipelineStateManager (PipelineStateManager.java:addPipeline(56)) - Created pipeline Pipeline[ Id: dbd09a0e-3bda-42ee-b5c8-872c8800add7, Nodes: 89ab80e0-388e-4661-bbc3-827c06d03540{ip: 192.168.157.195, host: byscane-nightly-xzrzg-2697134946, networkLocation: /default-rack, certSerialId: null}, Type:RATIS, Factor:ONE, State:OPEN]
2019-08-02 03:50:45,453 INFO  impl.RaftServerProxy (RaftServerProxy.java:addNew(89)) - 4604a97f-b47c-43a7-a2e6-2227e86dd80c: addNew group-6DC78E9EEEB7:[900c4ec9-b430-440c-ab1c-ab410cc53093:192.168.157.195:46717, a1a38639-c43a-4fb8-8d2b-e8dec4c28f9f:192.168.157.195:39091, 4604a97f-b47c-43a7-a2e6-2227e86dd80c:192.168.157.195:44167] returns group-6DC78E9EEEB7:java.util.concurrent.CompletableFuture@564f4828[Not completed]
2019-08-02 03:50:45,453 INFO  impl.RaftServerProxy (RaftServerProxy.java:addNew(89)) - a1a38639-c43a-4fb8-8d2b-e8dec4c28f9f: addNew group-6DC78E9EEEB7:[900c4ec9-b430-440c-ab1c-ab410cc53093:192.168.157.195:46717, a1a38639-c43a-4fb8-8d2b-e8dec4c28f9f:192.168.157.195:39091, 4604a97f-b47c-43a7-a2e6-2227e86dd80c:192.168.157.195:44167] returns group-6DC78E9EEEB7:java.util.concurrent.CompletableFuture@3f413cf3[Not completed]
2019-08-02 03:50:45,454 INFO  impl.RaftServerImpl (RaftServerImpl.java:<init>(93)) - 4604a97f-b47c-43a7-a2e6-2227e86dd80c: new RaftServerImpl for group-6DC78E9EEEB7:[900c4ec9-b430-440c-ab1c-ab410cc53093:192.168.157.195:46717, a1a38639-c43a-4fb8-8d2b-e8dec4c28f9f:192.168.157.195:39091, 4604a97f-b47c-43a7-a2e6-2227e86dd80c:192.168.157.195:44167] with ContainerStateMachine:uninitialized
2019-08-02 03:50:45,454 INFO  server.RaftServerConfigKeys (ConfUtils.java:logGet(43)) - raft.server.rpc.timeout.min = 5s (custom)
2019-08-02 03:50:45,454 INFO  server.RaftServerConfigKeys (ConfUtils.java:logGet(43)) - raft.server.rpc.timeout.max = 5200ms (custom)
2019-08-02 03:50:45,455 INFO  server.RaftServerConfigKeys (ConfUtils.java:logGet(43)) - raft.server.rpcslowness.timeout = 120s (custom)
2019-08-02 03:50:45,455 INFO  server.RaftServerConfigKeys (ConfUtils.java:logGet(43)) - raft.server.sleep.deviation.threshold = 300 (default)
2019-08-02 03:50:45,455 INFO  server.RaftServerConfigKeys (ConfUtils.java:logGet(43)) - raft.server.log.appender.install.snapshot.enabled = false (custom)
2019-08-02 03:50:45,455 INFO  impl.RaftServerImpl (ServerState.java:<init>(105)) - 4604a97f-b47c-43a7-a2e6-2227e86dd80c:group-6DC78E9EEEB7 ConfigurationManager, init=-1: [900c4ec9-b430-440c-ab1c-ab410cc53093:192.168.157.195:46717, a1a38639-c43a-4fb8-8d2b-e8dec4c28f9f:192.168.157.195:39091, 4604a97f-b47c-43a7-a2e6-2227e86dd80c:192.168.157.195:44167], old=null, confs=<EMPTY_MAP>
2019-08-02 03:50:45,455 INFO  server.RaftServerConfigKeys (ConfUtils.java:logGet(43)) - raft.server.storage.dir = [/workdir/hadoop-ozone/integration-test/target/test-dir/MiniOzoneClusterImpl-84113157-6906-4aba-8e15-158381d9b249/datanode-3/data/ratis] (custom)
2019-08-02 03:50:45,455 INFO  impl.RaftServerImpl (RaftServerImpl.java:<init>(93)) - a1a38639-c43a-4fb8-8d2b-e8dec4c28f9f: new RaftServerImpl for group-6DC78E9EEEB7:[900c4ec9-b430-440c-ab1c-ab410cc53093:192.168.157.195:46717, a1a38639-c43a-4fb8-8d2b-e8dec4c28f9f:192.168.157.195:39091, 4604a97f-b47c-43a7-a2e6-2227e86dd80c:192.168.157.195:44167] with ContainerStateMachine:uninitialized
2019-08-02 03:50:45,457 INFO  storage.RaftStorageDirectory (RaftStorageDirectory.java:analyzeStorage(246)) - The storage directory /workdir/hadoop-ozone/integration-test/target/test-dir/MiniOzoneClusterImpl-84113157-6906-4aba-8e15-158381d9b249/datanode-3/data/ratis/55c268c0-03c9-4e07-80b0-6dc78e9eeeb7 does not exist. Creating ...
2019-08-02 03:50:45,457 INFO  server.RaftServerConfigKeys (ConfUtils.java:logGet(43)) - raft.server.rpc.timeout.min = 5s (custom)
2019-08-02 03:50:45,457 INFO  server.RaftServerConfigKeys (ConfUtils.java:logGet(43)) - raft.server.rpc.timeout.max = 5200ms (custom)
2019-08-02 03:50:45,457 INFO  server.RaftServerConfigKeys (ConfUtils.java:logGet(43)) - raft.server.rpcslowness.timeout = 120s (custom)
2019-08-02 03:50:45,457 INFO  impl.RaftServerProxy (RaftServerProxy.java:addNew(89)) - 900c4ec9-b430-440c-ab1c-ab410cc53093: addNew group-6DC78E9EEEB7:[900c4ec9-b430-440c-ab1c-ab410cc53093:192.168.157.195:46717, a1a38639-c43a-4fb8-8d2b-e8dec4c28f9f:192.168.157.195:39091, 4604a97f-b47c-43a7-a2e6-2227e86dd80c:192.168.157.195:44167] returns group-6DC78E9EEEB7:java.util.concurrent.CompletableFuture@7a43a57f[Not completed]
2019-08-02 03:50:45,458 INFO  server.RaftServerConfigKeys (ConfUtils.java:logGet(43)) - raft.server.sleep.deviation.threshold = 300 (default)
2019-08-02 03:50:45,458 INFO  server.RaftServerConfigKeys (ConfUtils.java:logGet(43)) - raft.server.log.appender.install.snapshot.enabled = false (custom)
2019-08-02 03:50:45,458 INFO  impl.RaftServerImpl (ServerState.java:<init>(105)) - a1a38639-c43a-4fb8-8d2b-e8dec4c28f9f:group-6DC78E9EEEB7 ConfigurationManager, init=-1: [900c4ec9-b430-440c-ab1c-ab410cc53093:192.168.157.195:46717, a1a38639-c43a-4fb8-8d2b-e8dec4c28f9f:192.168.157.195:39091, 4604a97f-b47c-43a7-a2e6-2227e86dd80c:192.168.157.195:44167], old=null, confs=<EMPTY_MAP>
2019-08-02 03:50:45,458 INFO  server.RaftServerConfigKeys (ConfUtils.java:logGet(43)) - raft.server.storage.dir = [/workdir/hadoop-ozone/integration-test/target/test-dir/MiniOzoneClusterImpl-84113157-6906-4aba-8e15-158381d9b249/datanode-2/data/ratis] (custom)
2019-08-02 03:50:45,459 INFO  impl.RaftServerImpl (RaftServerImpl.java:<init>(93)) - 900c4ec9-b430-440c-ab1c-ab410cc53093: new RaftServerImpl for group-6DC78E9EEEB7:[900c4ec9-b430-440c-ab1c-ab410cc53093:192.168.157.195:46717, a1a38639-c43a-4fb8-8d2b-e8dec4c28f9f:192.168.157.195:39091, 4604a97f-b47c-43a7-a2e6-2227e86dd80c:192.168.157.195:44167] with ContainerStateMachine:uninitialized
2019-08-02 03:50:45,459 INFO  storage.RaftStorageDirectory (RaftStorageDirectory.java:analyzeStorage(246)) - The storage directory /workdir/hadoop-ozone/integration-test/target/test-dir/MiniOzoneClusterImpl-84113157-6906-4aba-8e15-158381d9b249/datanode-2/data/ratis/55c268c0-03c9-4e07-80b0-6dc78e9eeeb7 does not exist. Creating ...
2019-08-02 03:50:45,459 INFO  server.RaftServerConfigKeys (ConfUtils.java:logGet(43)) - raft.server.rpc.timeout.min = 5s (custom)
2019-08-02 03:50:45,459 INFO  server.RaftServerConfigKeys (ConfUtils.java:logGet(43)) - raft.server.rpc.timeout.max = 5200ms (custom)
2019-08-02 03:50:45,459 INFO  server.RaftServerConfigKeys (ConfUtils.java:logGet(43)) - raft.server.rpcslowness.timeout = 120s (custom)
2019-08-02 03:50:45,460 INFO  server.RaftServerConfigKeys (ConfUtils.java:logGet(43)) - raft.server.sleep.deviation.threshold = 300 (default)
2019-08-02 03:50:45,460 INFO  server.RaftServerConfigKeys (ConfUtils.java:logGet(43)) - raft.server.log.appender.install.snapshot.enabled = false (custom)
2019-08-02 03:50:45,460 INFO  impl.RaftServerImpl (ServerState.java:<init>(105)) - 900c4ec9-b430-440c-ab1c-ab410cc53093:group-6DC78E9EEEB7 ConfigurationManager, init=-1: [900c4ec9-b430-440c-ab1c-ab410cc53093:192.168.157.195:46717, a1a38639-c43a-4fb8-8d2b-e8dec4c28f9f:192.168.157.195:39091, 4604a97f-b47c-43a7-a2e6-2227e86dd80c:192.168.157.195:44167], old=null, confs=<EMPTY_MAP>
2019-08-02 03:50:45,460 INFO  server.RaftServerConfigKeys (ConfUtils.java:logGet(43)) - raft.server.storage.dir = [/workdir/hadoop-ozone/integration-test/target/test-dir/MiniOzoneClusterImpl-84113157-6906-4aba-8e15-158381d9b249/datanode-5/data/ratis] (custom)
2019-08-02 03:50:45,461 INFO  storage.RaftStorageDirectory (RaftStorageDirectory.java:analyzeStorage(246)) - The storage directory /workdir/hadoop-ozone/integration-test/target/test-dir/MiniOzoneClusterImpl-84113157-6906-4aba-8e15-158381d9b249/datanode-5/data/ratis/55c268c0-03c9-4e07-80b0-6dc78e9eeeb7 does not exist. Creating ...
2019-08-02 03:50:45,470 INFO  storage.RaftStorageDirectory (RaftStorageDirectory.java:tryLock(328)) - Lock on /workdir/hadoop-ozone/integration-test/target/test-dir/MiniOzoneClusterImpl-84113157-6906-4aba-8e15-158381d9b249/datanode-3/data/ratis/55c268c0-03c9-4e07-80b0-6dc78e9eeeb7/in_use.lock acquired by nodename 2008@byscane-nightly-xzrzg-2697134946
2019-08-02 03:50:45,470 INFO  storage.RaftStorageDirectory (RaftStorageDirectory.java:tryLock(328)) - Lock on /workdir/hadoop-ozone/integration-test/target/test-dir/MiniOzoneClusterImpl-84113157-6906-4aba-8e15-158381d9b249/datanode-5/data/ratis/55c268c0-03c9-4e07-80b0-6dc78e9eeeb7/in_use.lock acquired by nodename 2008@byscane-nightly-xzrzg-2697134946
2019-08-02 03:50:45,470 INFO  storage.RaftStorageDirectory (RaftStorageDirectory.java:tryLock(328)) - Lock on /workdir/hadoop-ozone/integration-test/target/test-dir/MiniOzoneClusterImpl-84113157-6906-4aba-8e15-158381d9b249/datanode-2/data/ratis/55c268c0-03c9-4e07-80b0-6dc78e9eeeb7/in_use.lock acquired by nodename 2008@byscane-nightly-xzrzg-2697134946
2019-08-02 03:50:45,484 INFO  storage.RaftStorage (RaftStorage.java:format(72)) - Storage directory /workdir/hadoop-ozone/integration-test/target/test-dir/MiniOzoneClusterImpl-84113157-6906-4aba-8e15-158381d9b249/datanode-3/data/ratis/55c268c0-03c9-4e07-80b0-6dc78e9eeeb7 has been successfully formatted.
2019-08-02 03:50:45,484 INFO  storage.RaftStorage (RaftStorage.java:format(72)) - Storage directory /workdir/hadoop-ozone/integration-test/target/test-dir/MiniOzoneClusterImpl-84113157-6906-4aba-8e15-158381d9b249/datanode-2/data/ratis/55c268c0-03c9-4e07-80b0-6dc78e9eeeb7 has been successfully formatted.
2019-08-02 03:50:45,484 INFO  storage.RaftStorage (RaftStorage.java:format(72)) - Storage directory /workdir/hadoop-ozone/integration-test/target/test-dir/MiniOzoneClusterImpl-84113157-6906-4aba-8e15-158381d9b249/datanode-5/data/ratis/55c268c0-03c9-4e07-80b0-6dc78e9eeeb7 has been successfully formatted.
2019-08-02 03:50:45,485 INFO  ratis.ContainerStateMachine (ContainerStateMachine.java:loadSnapshot(213)) - group-6DC78E9EEEB7: The snapshot info is null. Setting the last applied indexto:(t:0, i:~)
2019-08-02 03:50:45,485 INFO  ratis.ContainerStateMachine (ContainerStateMachine.java:loadSnapshot(213)) - group-6DC78E9EEEB7: The snapshot info is null. Setting the last applied indexto:(t:0, i:~)
2019-08-02 03:50:45,485 INFO  ratis.ContainerStateMachine (ContainerStateMachine.java:loadSnapshot(213)) - group-6DC78E9EEEB7: The snapshot info is null. Setting the last applied indexto:(t:0, i:~)
2019-08-02 03:50:45,485 INFO  server.RaftServerConfigKeys (ConfUtils.java:logGet(43)) - raft.server.leader.election.timeout = 120s (custom)
2019-08-02 03:50:45,485 INFO  server.RaftServerConfigKeys (ConfUtils.java:logGet(43)) - raft.server.leader.election.timeout = 120s (custom)
2019-08-02 03:50:45,485 INFO  server.RaftServerConfigKeys (ConfUtils.java:logGet(43)) - raft.server.leader.election.timeout = 120s (custom)
2019-08-02 03:50:45,486 INFO  server.RaftServerConfigKeys (ConfUtils.java:logGet(43)) - raft.server.log.use.memory = false (default)
2019-08-02 03:50:45,485 INFO  server.RaftServerConfigKeys (ConfUtils.java:logGet(43)) - raft.server.log.use.memory = false (default)
2019-08-02 03:50:45,486 INFO  server.RaftServerConfigKeys (ConfUtils.java:logGet(43)) - raft.server.log.purge.gap = 1000000000 (custom)
2019-08-02 03:50:45,486 INFO  server.RaftServerConfigKeys (ConfUtils.java:logGet(43)) - raft.server.log.use.memory = false (default)
2019-08-02 03:50:45,486 INFO  server.RaftServerConfigKeys (ConfUtils.java:logGet(43)) - raft.server.log.appender.buffer.byte-limit = 33554432 (custom)
2019-08-02 03:50:45,486 INFO  server.RaftServerConfigKeys (ConfUtils.java:logGet(43)) - raft.server.log.purge.gap = 1000000000 (custom)
2019-08-02 03:50:45,487 INFO  server.RaftServerConfigKeys (ConfUtils.java:logGet(43)) - raft.server.log.segment.size.max = 1048576 (custom)
2019-08-02 03:50:45,486 INFO  server.RaftServerConfigKeys (ConfUtils.java:logGet(43)) - raft.server.log.purge.gap = 1000000000 (custom)
2019-08-02 03:50:45,487 INFO  server.RaftServerConfigKeys (ConfUtils.java:logGet(43)) - raft.server.log.segment.cache.num.max = 2 (custom)
2019-08-02 03:50:45,487 INFO  server.RaftServerConfigKeys (ConfUtils.java:logGet(43)) - raft.server.log.appender.buffer.byte-limit = 33554432 (custom)
2019-08-02 03:50:45,487 INFO  segmented.SegmentedRaftLogWorker (SegmentedRaftLogWorker.java:<init>(172)) - new 900c4ec9-b430-440c-ab1c-ab410cc53093-SegmentedRaftLogWorker:Storage Directory /workdir/hadoop-ozone/integration-test/target/test-dir/MiniOzoneClusterImpl-84113157-6906-4aba-8e15-158381d9b249/datanode-5/data/ratis/55c268c0-03c9-4e07-80b0-6dc78e9eeeb7 for RaftStorage:Storage Directory /workdir/hadoop-ozone/integration-test/target/test-dir/MiniOzoneClusterImpl-84113157-6906-4aba-8e15-158381d9b249/datanode-5/data/ratis/55c268c0-03c9-4e07-80b0-6dc78e9eeeb7
2019-08-02 03:50:45,487 INFO  server.RaftServerConfigKeys (ConfUtils.java:logGet(43)) - raft.server.log.appender.buffer.byte-limit = 33554432 (custom)
2019-08-02 03:50:45,488 INFO  server.RaftServerConfigKeys (ConfUtils.java:logGet(43)) - raft.server.log.queue.byte-limit = 2147483647 (custom)
2019-08-02 03:50:45,488 INFO  server.RaftServerConfigKeys (ConfUtils.java:logGet(43)) - raft.server.log.segment.size.max = 1048576 (custom)
2019-08-02 03:50:45,490 INFO  server.RaftServerConfigKeys (ConfUtils.java:logGet(43)) - raft.server.log.queue.element-limit = 1024 (custom)
2019-08-02 03:50:45,488 INFO  server.RaftServerConfigKeys (ConfUtils.java:logGet(43)) - raft.server.log.segment.size.max = 1048576 (custom)
2019-08-02 03:50:45,490 INFO  server.RaftServerConfigKeys (ConfUtils.java:logGet(43)) - raft.server.log.segment.size.max = 1048576 (custom)
2019-08-02 03:50:45,490 INFO  server.RaftServerConfigKeys (ConfUtils.java:logGet(43)) - raft.server.log.segment.cache.num.max = 2 (custom)
2019-08-02 03:50:45,491 INFO  server.RaftServerConfigKeys (ConfUtils.java:logGet(43)) - raft.server.log.preallocated.size = 16384 (custom)
2019-08-02 03:50:45,490 INFO  server.RaftServerConfigKeys (ConfUtils.java:logGet(43)) - raft.server.log.segment.cache.num.max = 2 (custom)
2019-08-02 03:50:45,491 INFO  server.RaftServerConfigKeys (ConfUtils.java:logGet(43)) - raft.server.log.write.buffer.size = 33554432 (custom)
2019-08-02 03:50:45,491 INFO  segmented.SegmentedRaftLogWorker (SegmentedRaftLogWorker.java:<init>(172)) - new 4604a97f-b47c-43a7-a2e6-2227e86dd80c-SegmentedRaftLogWorker:Storage Directory /workdir/hadoop-ozone/integration-test/target/test-dir/MiniOzoneClusterImpl-84113157-6906-4aba-8e15-158381d9b249/datanode-3/data/ratis/55c268c0-03c9-4e07-80b0-6dc78e9eeeb7 for RaftStorage:Storage Directory /workdir/hadoop-ozone/integration-test/target/test-dir/MiniOzoneClusterImpl-84113157-6906-4aba-8e15-158381d9b249/datanode-3/data/ratis/55c268c0-03c9-4e07-80b0-6dc78e9eeeb7
2019-08-02 03:50:45,491 INFO  server.RaftServerConfigKeys (ConfUtils.java:logGet(43)) - raft.server.log.force.sync.num = 128 (default)
2019-08-02 03:50:45,491 INFO  segmented.SegmentedRaftLogWorker (SegmentedRaftLogWorker.java:<init>(172)) - new a1a38639-c43a-4fb8-8d2b-e8dec4c28f9f-SegmentedRaftLogWorker:Storage Directory /workdir/hadoop-ozone/integration-test/target/test-dir/MiniOzoneClusterImpl-84113157-6906-4aba-8e15-158381d9b249/datanode-2/data/ratis/55c268c0-03c9-4e07-80b0-6dc78e9eeeb7 for RaftStorage:Storage Directory /workdir/hadoop-ozone/integration-test/target/test-dir/MiniOzoneClusterImpl-84113157-6906-4aba-8e15-158381d9b249/datanode-2/data/ratis/55c268c0-03c9-4e07-80b0-6dc78e9eeeb7
2019-08-02 03:50:45,492 INFO  server.RaftServerConfigKeys (ConfUtils.java:logGet(43)) - raft.server.log.statemachine.data.sync = true (default)
2019-08-02 03:50:45,491 INFO  server.RaftServerConfigKeys (ConfUtils.java:logGet(43)) - raft.server.log.queue.byte-limit = 2147483647 (custom)
2019-08-02 03:50:45,495 INFO  server.RaftServerConfigKeys (ConfUtils.java:logGet(43)) - raft.server.log.statemachine.data.sync.timeout = 10s (default)
2019-08-02 03:50:45,493 INFO  server.RaftServerConfigKeys (ConfUtils.java:logGet(43)) - raft.server.log.queue.byte-limit = 2147483647 (custom)
2019-08-02 03:50:45,495 INFO  server.RaftServerConfigKeys (ConfUtils.java:logGet(43)) - raft.server.log.statemachine.data.sync.timeout.retry = -1 (default)
2019-08-02 03:50:45,495 INFO  server.RaftServerConfigKeys (ConfUtils.java:logGet(43)) - raft.server.log.queue.element-limit = 1024 (custom)
2019-08-02 03:50:45,496 INFO  server.RaftServerConfigKeys (ConfUtils.java:logGet(43)) - raft.server.log.statemachine.data.caching.enabled = true (custom)
2019-08-02 03:50:45,496 INFO  server.RaftServerConfigKeys (ConfUtils.java:logGet(43)) - raft.server.log.queue.element-limit = 1024 (custom)
2019-08-02 03:50:45,496 INFO  segmented.SegmentedRaftLogWorker (SegmentedRaftLogWorker.java:lambda$new$0(132)) - 900c4ec9-b430-440c-ab1c-ab410cc53093-SegmentedRaftLogWorker:Storage Directory /workdir/hadoop-ozone/integration-test/target/test-dir/MiniOzoneClusterImpl-84113157-6906-4aba-8e15-158381d9b249/datanode-5/data/ratis/55c268c0-03c9-4e07-80b0-6dc78e9eeeb7: flushIndex: setUnconditionally 0 -> -1
2019-08-02 03:50:45,496 INFO  server.RaftServerConfigKeys (ConfUtils.java:logGet(43)) - raft.server.log.segment.size.max = 1048576 (custom)
2019-08-02 03:50:45,496 INFO  server.RaftServerConfigKeys (ConfUtils.java:logGet(43)) - raft.server.log.segment.size.max = 1048576 (custom)
2019-08-02 03:50:45,497 INFO  server.RaftServerConfigKeys (ConfUtils.java:logGet(43)) - raft.server.snapshot.auto.trigger.enabled = true (custom)
2019-08-02 03:50:45,497 INFO  server.RaftServerConfigKeys (ConfUtils.java:logGet(43)) - raft.server.log.preallocated.size = 16384 (custom)
2019-08-02 03:50:45,497 INFO  server.RaftServerConfigKeys (ConfUtils.java:logGet(43)) - raft.server.snapshot.auto.trigger.threshold = 10000 (custom)
2019-08-02 03:50:45,497 INFO  server.RaftServerConfigKeys (ConfUtils.java:logGet(43)) - raft.server.log.preallocated.size = 16384 (custom)
2019-08-02 03:50:45,497 INFO  server.RaftServerConfigKeys (ConfUtils.java:logGet(43)) - raft.server.retrycache.expirytime = 600000ms (custom)
2019-08-02 03:50:45,497 INFO  server.RaftServerConfigKeys (ConfUtils.java:logGet(43)) - raft.server.log.write.buffer.size = 33554432 (custom)
2019-08-02 03:50:45,498 INFO  impl.RaftServerImpl (RaftServerImpl.java:start(180)) - 900c4ec9-b430-440c-ab1c-ab410cc53093: start group-6DC78E9EEEB7
2019-08-02 03:50:45,498 INFO  impl.RaftServerImpl (RaftServerImpl.java:setRole(171)) - 900c4ec9-b430-440c-ab1c-ab410cc53093:group-6DC78E9EEEB7 changes role from null to FOLLOWER at term 0 for startAsFollower
2019-08-02 03:50:45,498 INFO  server.RaftServerConfigKeys (ConfUtils.java:logGet(43)) - raft.server.log.write.buffer.size = 33554432 (custom)
2019-08-02 03:50:45,498 INFO  impl.RoleInfo (RoleInfo.java:updateAndGet(143)) - 900c4ec9-b430-440c-ab1c-ab410cc53093: start FollowerState
2019-08-02 03:50:45,498 INFO  server.RaftServerConfigKeys (ConfUtils.java:logGet(43)) - raft.server.log.force.sync.num = 128 (default)
2019-08-02 03:50:45,498 INFO  server.RaftServerConfigKeys (ConfUtils.java:logGet(43)) - raft.server.log.force.sync.num = 128 (default)
2019-08-02 03:50:45,499 INFO  server.RaftServerConfigKeys (ConfUtils.java:logGet(43)) - raft.server.log.statemachine.data.sync = true (default)
2019-08-02 03:50:45,499 INFO  server.RaftServerConfigKeys (ConfUtils.java:logGet(43)) - raft.server.log.statemachine.data.sync = true (default)
2019-08-02 03:50:45,499 INFO  util.JmxRegister (JmxRegister.java:tryRegister(44)) - Successfully registered JMX Bean with object name Ratis:service=RaftServer,group=group-6DC78E9EEEB7,id=900c4ec9-b430-440c-ab1c-ab410cc53093
2019-08-02 03:50:45,499 INFO  server.RaftServerConfigKeys (ConfUtils.java:logGet(43)) - raft.server.log.statemachine.data.sync.timeout = 10s (default)
2019-08-02 03:50:45,499 INFO  server.RaftServerConfigKeys (ConfUtils.java:logGet(43)) - raft.server.log.statemachine.data.sync.timeout = 10s (default)
2019-08-02 03:50:45,500 INFO  server.RaftServerConfigKeys (ConfUtils.java:logGet(43)) - raft.server.log.statemachine.data.sync.timeout.retry = -1 (default)
2019-08-02 03:50:45,500 INFO  server.RaftServerConfigKeys (ConfUtils.java:logGet(43)) - raft.server.log.statemachine.data.sync.timeout.retry = -1 (default)
2019-08-02 03:50:45,500 INFO  server.RaftServerConfigKeys (ConfUtils.java:logGet(43)) - raft.server.log.statemachine.data.caching.enabled = true (custom)
2019-08-02 03:50:45,500 INFO  server.RaftServerConfigKeys (ConfUtils.java:logGet(43)) - raft.server.log.statemachine.data.caching.enabled = true (custom)
2019-08-02 03:50:45,502 INFO  segmented.SegmentedRaftLogWorker (SegmentedRaftLogWorker.java:lambda$new$0(132)) - a1a38639-c43a-4fb8-8d2b-e8dec4c28f9f-SegmentedRaftLogWorker:Storage Directory /workdir/hadoop-ozone/integration-test/target/test-dir/MiniOzoneClusterImpl-84113157-6906-4aba-8e15-158381d9b249/datanode-2/data/ratis/55c268c0-03c9-4e07-80b0-6dc78e9eeeb7: flushIndex: setUnconditionally 0 -> -1
2019-08-02 03:50:45,502 INFO  segmented.SegmentedRaftLogWorker (SegmentedRaftLogWorker.java:lambda$new$0(132)) - 4604a97f-b47c-43a7-a2e6-2227e86dd80c-SegmentedRaftLogWorker:Storage Directory /workdir/hadoop-ozone/integration-test/target/test-dir/MiniOzoneClusterImpl-84113157-6906-4aba-8e15-158381d9b249/datanode-3/data/ratis/55c268c0-03c9-4e07-80b0-6dc78e9eeeb7: flushIndex: setUnconditionally 0 -> -1
2019-08-02 03:50:45,502 INFO  server.RaftServerConfigKeys (ConfUtils.java:logGet(43)) - raft.server.snapshot.auto.trigger.enabled = true (custom)
2019-08-02 03:50:45,503 INFO  server.RaftServerConfigKeys (ConfUtils.java:logGet(43)) - raft.server.snapshot.auto.trigger.enabled = true (custom)
2019-08-02 03:50:45,503 INFO  server.RaftServerConfigKeys (ConfUtils.java:logGet(43)) - raft.server.snapshot.auto.trigger.threshold = 10000 (custom)
2019-08-02 03:50:45,504 INFO  server.RaftServerConfigKeys (ConfUtils.java:logGet(43)) - raft.server.snapshot.auto.trigger.threshold = 10000 (custom)
2019-08-02 03:50:45,506 INFO  server.RaftServerConfigKeys (ConfUtils.java:logGet(43)) - raft.server.retrycache.expirytime = 600000ms (custom)
2019-08-02 03:50:45,507 INFO  server.RaftServerConfigKeys (ConfUtils.java:logGet(43)) - raft.server.retrycache.expirytime = 600000ms (custom)
2019-08-02 03:50:45,508 INFO  impl.RaftServerImpl (RaftServerImpl.java:start(180)) - a1a38639-c43a-4fb8-8d2b-e8dec4c28f9f: start group-6DC78E9EEEB7
2019-08-02 03:50:45,508 INFO  impl.RaftServerImpl (RaftServerImpl.java:start(180)) - 4604a97f-b47c-43a7-a2e6-2227e86dd80c: start group-6DC78E9EEEB7
2019-08-02 03:50:45,509 INFO  impl.RaftServerImpl (RaftServerImpl.java:setRole(171)) - a1a38639-c43a-4fb8-8d2b-e8dec4c28f9f:group-6DC78E9EEEB7 changes role from null to FOLLOWER at term 0 for startAsFollower
2019-08-02 03:50:45,515 INFO  impl.RaftServerImpl (RaftServerImpl.java:setRole(171)) - 4604a97f-b47c-43a7-a2e6-2227e86dd80c:group-6DC78E9EEEB7 changes role from null to FOLLOWER at term 0 for startAsFollower
2019-08-02 03:50:45,516 INFO  impl.RoleInfo (RoleInfo.java:updateAndGet(143)) - 4604a97f-b47c-43a7-a2e6-2227e86dd80c: start FollowerState
2019-08-02 03:50:45,516 INFO  impl.RoleInfo (RoleInfo.java:updateAndGet(143)) - a1a38639-c43a-4fb8-8d2b-e8dec4c28f9f: start FollowerState
2019-08-02 03:50:45,518 INFO  util.JmxRegister (JmxRegister.java:tryRegister(44)) - Successfully registered JMX Bean with object name Ratis:service=RaftServer,group=group-6DC78E9EEEB7,id=4604a97f-b47c-43a7-a2e6-2227e86dd80c
2019-08-02 03:50:45,519 INFO  util.JmxRegister (JmxRegister.java:tryRegister(44)) - Successfully registered JMX Bean with object name Ratis:service=RaftServer,group=group-6DC78E9EEEB7,id=a1a38639-c43a-4fb8-8d2b-e8dec4c28f9f
2019-08-02 03:50:45,531 INFO  pipeline.PipelineStateManager (PipelineStateManager.java:addPipeline(56)) - Created pipeline Pipeline[ Id: 55c268c0-03c9-4e07-80b0-6dc78e9eeeb7, Nodes: a1a38639-c43a-4fb8-8d2b-e8dec4c28f9f{ip: 192.168.157.195, host: byscane-nightly-xzrzg-2697134946, networkLocation: /default-rack, certSerialId: null}4604a97f-b47c-43a7-a2e6-2227e86dd80c{ip: 192.168.157.195, host: byscane-nightly-xzrzg-2697134946, networkLocation: /default-rack, certSerialId: null}900c4ec9-b430-440c-ab1c-ab410cc53093{ip: 192.168.157.195, host: byscane-nightly-xzrzg-2697134946, networkLocation: /default-rack, certSerialId: null}, Type:RATIS, Factor:THREE, State:OPEN]
2019-08-02 03:50:45,557 INFO  impl.RaftServerProxy (RaftServerProxy.java:addNew(89)) - 2e689469-91c8-4255-9cfa-8856feb34fdb: addNew group-12B1EA9C05A1:[2e689469-91c8-4255-9cfa-8856feb34fdb:192.168.157.195:43562, 567f9a7e-75e4-43e0-9e77-48523bbca25a:192.168.157.195:35268, 89ab80e0-388e-4661-bbc3-827c06d03540:192.168.157.195:42594] returns group-12B1EA9C05A1:java.util.concurrent.CompletableFuture@538d4441[Not completed]
2019-08-02 03:50:45,561 INFO  impl.RaftServerProxy (RaftServerProxy.java:addNew(89)) - 567f9a7e-75e4-43e0-9e77-48523bbca25a: addNew group-12B1EA9C05A1:[2e689469-91c8-4255-9cfa-8856feb34fdb:192.168.157.195:43562, 567f9a7e-75e4-43e0-9e77-48523bbca25a:192.168.157.195:35268, 89ab80e0-388e-4661-bbc3-827c06d03540:192.168.157.195:42594] returns group-12B1EA9C05A1:java.util.concurrent.CompletableFuture@76858057[Not completed]
2019-08-02 03:50:45,563 INFO  impl.RaftServerImpl (RaftServerImpl.java:<init>(93)) - 2e689469-91c8-4255-9cfa-8856feb34fdb: new RaftServerImpl for group-12B1EA9C05A1:[2e689469-91c8-4255-9cfa-8856feb34fdb:192.168.157.195:43562, 567f9a7e-75e4-43e0-9e77-48523bbca25a:192.168.157.195:35268, 89ab80e0-388e-4661-bbc3-827c06d03540:192.168.157.195:42594] with ContainerStateMachine:uninitialized
2019-08-02 03:50:45,563 INFO  impl.RaftServerProxy (RaftServerProxy.java:addNew(89)) - 89ab80e0-388e-4661-bbc3-827c06d03540: addNew group-12B1EA9C05A1:[2e689469-91c8-4255-9cfa-8856feb34fdb:192.168.157.195:43562, 567f9a7e-75e4-43e0-9e77-48523bbca25a:192.168.157.195:35268, 89ab80e0-388e-4661-bbc3-827c06d03540:192.168.157.195:42594] returns group-12B1EA9C05A1:java.util.concurrent.CompletableFuture@7ed76167[Not completed]
2019-08-02 03:50:45,563 INFO  server.RaftServerConfigKeys (ConfUtils.java:logGet(43)) - raft.server.rpc.timeout.min = 5s (custom)
2019-08-02 03:50:45,564 INFO  server.RaftServerConfigKeys (ConfUtils.java:logGet(43)) - raft.server.rpc.timeout.max = 5200ms (custom)
2019-08-02 03:50:45,564 INFO  server.RaftServerConfigKeys (ConfUtils.java:logGet(43)) - raft.server.rpcslowness.timeout = 120s (custom)
2019-08-02 03:50:45,564 INFO  server.RaftServerConfigKeys (ConfUtils.java:logGet(43)) - raft.server.sleep.deviation.threshold = 300 (default)
2019-08-02 03:50:45,564 INFO  server.RaftServerConfigKeys (ConfUtils.java:logGet(43)) - raft.server.log.appender.install.snapshot.enabled = false (custom)
2019-08-02 03:50:45,564 INFO  impl.RaftServerImpl (ServerState.java:<init>(105)) - 2e689469-91c8-4255-9cfa-8856feb34fdb:group-12B1EA9C05A1 ConfigurationManager, init=-1: [2e689469-91c8-4255-9cfa-8856feb34fdb:192.168.157.195:43562, 567f9a7e-75e4-43e0-9e77-48523bbca25a:192.168.157.195:35268, 89ab80e0-388e-4661-bbc3-827c06d03540:192.168.157.195:42594], old=null, confs=<EMPTY_MAP>
2019-08-02 03:50:45,564 INFO  server.RaftServerConfigKeys (ConfUtils.java:logGet(43)) - raft.server.storage.dir = [/workdir/hadoop-ozone/integration-test/target/test-dir/MiniOzoneClusterImpl-84113157-6906-4aba-8e15-158381d9b249/datanode-1/data/ratis] (custom)
2019-08-02 03:50:45,565 INFO  storage.RaftStorageDirectory (RaftStorageDirectory.java:analyzeStorage(246)) - The storage directory /workdir/hadoop-ozone/integration-test/target/test-dir/MiniOzoneClusterImpl-84113157-6906-4aba-8e15-158381d9b249/datanode-1/data/ratis/3029c043-4546-4c1a-9272-12b1ea9c05a1 does not exist. Creating ...
2019-08-02 03:50:45,565 INFO  impl.RaftServerImpl (RaftServerImpl.java:<init>(93)) - 567f9a7e-75e4-43e0-9e77-48523bbca25a: new RaftServerImpl for group-12B1EA9C05A1:[2e689469-91c8-4255-9cfa-8856feb34fdb:192.168.157.195:43562, 567f9a7e-75e4-43e0-9e77-48523bbca25a:192.168.157.195:35268, 89ab80e0-388e-4661-bbc3-827c06d03540:192.168.157.195:42594] with ContainerStateMachine:uninitialized
2019-08-02 03:50:45,565 INFO  server.RaftServerConfigKeys (ConfUtils.java:logGet(43)) - raft.server.rpc.timeout.min = 5s (custom)
2019-08-02 03:50:45,565 INFO  server.RaftServerConfigKeys (ConfUtils.java:logGet(43)) - raft.server.rpc.timeout.max = 5200ms (custom)
2019-08-02 03:50:45,566 INFO  server.RaftServerConfigKeys (ConfUtils.java:logGet(43)) - raft.server.rpcslowness.timeout = 120s (custom)
2019-08-02 03:50:45,566 INFO  server.RaftServerConfigKeys (ConfUtils.java:logGet(43)) - raft.server.sleep.deviation.threshold = 300 (default)
2019-08-02 03:50:45,566 INFO  impl.RaftServerImpl (RaftServerImpl.java:<init>(93)) - 89ab80e0-388e-4661-bbc3-827c06d03540: new RaftServerImpl for group-12B1EA9C05A1:[2e689469-91c8-4255-9cfa-8856feb34fdb:192.168.157.195:43562, 567f9a7e-75e4-43e0-9e77-48523bbca25a:192.168.157.195:35268, 89ab80e0-388e-4661-bbc3-827c06d03540:192.168.157.195:42594] with ContainerStateMachine:uninitialized
2019-08-02 03:50:45,566 INFO  server.RaftServerConfigKeys (ConfUtils.java:logGet(43)) - raft.server.log.appender.install.snapshot.enabled = false (custom)
2019-08-02 03:50:45,566 INFO  server.RaftServerConfigKeys (ConfUtils.java:logGet(43)) - raft.server.rpc.timeout.min = 5s (custom)
2019-08-02 03:50:45,566 INFO  impl.RaftServerImpl (ServerState.java:<init>(105)) - 567f9a7e-75e4-43e0-9e77-48523bbca25a:group-12B1EA9C05A1 ConfigurationManager, init=-1: [2e689469-91c8-4255-9cfa-8856feb34fdb:192.168.157.195:43562, 567f9a7e-75e4-43e0-9e77-48523bbca25a:192.168.157.195:35268, 89ab80e0-388e-4661-bbc3-827c06d03540:192.168.157.195:42594], old=null, confs=<EMPTY_MAP>
2019-08-02 03:50:45,566 INFO  server.RaftServerConfigKeys (ConfUtils.java:logGet(43)) - raft.server.rpc.timeout.max = 5200ms (custom)
2019-08-02 03:50:45,567 INFO  server.RaftServerConfigKeys (ConfUtils.java:logGet(43)) - raft.server.storage.dir = [/workdir/hadoop-ozone/integration-test/target/test-dir/MiniOzoneClusterImpl-84113157-6906-4aba-8e15-158381d9b249/datanode-0/data/ratis] (custom)
2019-08-02 03:50:45,567 INFO  server.RaftServerConfigKeys (ConfUtils.java:logGet(43)) - raft.server.rpcslowness.timeout = 120s (custom)
2019-08-02 03:50:45,567 INFO  server.RaftServerConfigKeys (ConfUtils.java:logGet(43)) - raft.server.sleep.deviation.threshold = 300 (default)
2019-08-02 03:50:45,567 INFO  server.RaftServerConfigKeys (ConfUtils.java:logGet(43)) - raft.server.log.appender.install.snapshot.enabled = false (custom)
2019-08-02 03:50:45,567 INFO  storage.RaftStorageDirectory (RaftStorageDirectory.java:analyzeStorage(246)) - The storage directory /workdir/hadoop-ozone/integration-test/target/test-dir/MiniOzoneClusterImpl-84113157-6906-4aba-8e15-158381d9b249/datanode-0/data/ratis/3029c043-4546-4c1a-9272-12b1ea9c05a1 does not exist. Creating ...
2019-08-02 03:50:45,567 INFO  impl.RaftServerImpl (ServerState.java:<init>(105)) - 89ab80e0-388e-4661-bbc3-827c06d03540:group-12B1EA9C05A1 ConfigurationManager, init=-1: [2e689469-91c8-4255-9cfa-8856feb34fdb:192.168.157.195:43562, 567f9a7e-75e4-43e0-9e77-48523bbca25a:192.168.157.195:35268, 89ab80e0-388e-4661-bbc3-827c06d03540:192.168.157.195:42594], old=null, confs=<EMPTY_MAP>
2019-08-02 03:50:45,568 INFO  server.RaftServerConfigKeys (ConfUtils.java:logGet(43)) - raft.server.storage.dir = [/workdir/hadoop-ozone/integration-test/target/test-dir/MiniOzoneClusterImpl-84113157-6906-4aba-8e15-158381d9b249/datanode-4/data/ratis] (custom)
2019-08-02 03:50:45,568 INFO  storage.RaftStorageDirectory (RaftStorageDirectory.java:analyzeStorage(246)) - The storage directory /workdir/hadoop-ozone/integration-test/target/test-dir/MiniOzoneClusterImpl-84113157-6906-4aba-8e15-158381d9b249/datanode-4/data/ratis/3029c043-4546-4c1a-9272-12b1ea9c05a1 does not exist. Creating ...
2019-08-02 03:50:45,637 INFO  storage.RaftStorageDirectory (RaftStorageDirectory.java:tryLock(328)) - Lock on /workdir/hadoop-ozone/integration-test/target/test-dir/MiniOzoneClusterImpl-84113157-6906-4aba-8e15-158381d9b249/datanode-4/data/ratis/3029c043-4546-4c1a-9272-12b1ea9c05a1/in_use.lock acquired by nodename 2008@byscane-nightly-xzrzg-2697134946
2019-08-02 03:50:45,637 INFO  storage.RaftStorageDirectory (RaftStorageDirectory.java:tryLock(328)) - Lock on /workdir/hadoop-ozone/integration-test/target/test-dir/MiniOzoneClusterImpl-84113157-6906-4aba-8e15-158381d9b249/datanode-1/data/ratis/3029c043-4546-4c1a-9272-12b1ea9c05a1/in_use.lock acquired by nodename 2008@byscane-nightly-xzrzg-2697134946
2019-08-02 03:50:45,637 INFO  storage.RaftStorageDirectory (RaftStorageDirectory.java:tryLock(328)) - Lock on /workdir/hadoop-ozone/integration-test/target/test-dir/MiniOzoneClusterImpl-84113157-6906-4aba-8e15-158381d9b249/datanode-0/data/ratis/3029c043-4546-4c1a-9272-12b1ea9c05a1/in_use.lock acquired by nodename 2008@byscane-nightly-xzrzg-2697134946
2019-08-02 03:50:45,676 INFO  storage.RaftStorage (RaftStorage.java:format(72)) - Storage directory /workdir/hadoop-ozone/integration-test/target/test-dir/MiniOzoneClusterImpl-84113157-6906-4aba-8e15-158381d9b249/datanode-1/data/ratis/3029c043-4546-4c1a-9272-12b1ea9c05a1 has been successfully formatted.
2019-08-02 03:50:45,676 INFO  storage.RaftStorage (RaftStorage.java:format(72)) - Storage directory /workdir/hadoop-ozone/integration-test/target/test-dir/MiniOzoneClusterImpl-84113157-6906-4aba-8e15-158381d9b249/datanode-0/data/ratis/3029c043-4546-4c1a-9272-12b1ea9c05a1 has been successfully formatted.
2019-08-02 03:50:45,676 INFO  storage.RaftStorage (RaftStorage.java:format(72)) - Storage directory /workdir/hadoop-ozone/integration-test/target/test-dir/MiniOzoneClusterImpl-84113157-6906-4aba-8e15-158381d9b249/datanode-4/data/ratis/3029c043-4546-4c1a-9272-12b1ea9c05a1 has been successfully formatted.
2019-08-02 03:50:45,676 INFO  ratis.ContainerStateMachine (ContainerStateMachine.java:loadSnapshot(213)) - group-12B1EA9C05A1: The snapshot info is null. Setting the last applied indexto:(t:0, i:~)
2019-08-02 03:50:45,677 INFO  ratis.ContainerStateMachine (ContainerStateMachine.java:loadSnapshot(213)) - group-12B1EA9C05A1: The snapshot info is null. Setting the last applied indexto:(t:0, i:~)
2019-08-02 03:50:45,677 INFO  server.RaftServerConfigKeys (ConfUtils.java:logGet(43)) - raft.server.leader.election.timeout = 120s (custom)
2019-08-02 03:50:45,677 INFO  ratis.ContainerStateMachine (ContainerStateMachine.java:loadSnapshot(213)) - group-12B1EA9C05A1: The snapshot info is null. Setting the last applied indexto:(t:0, i:~)
2019-08-02 03:50:45,677 INFO  server.RaftServerConfigKeys (ConfUtils.java:logGet(43)) - raft.server.log.use.memory = false (default)
2019-08-02 03:50:45,677 INFO  server.RaftServerConfigKeys (ConfUtils.java:logGet(43)) - raft.server.leader.election.timeout = 120s (custom)
2019-08-02 03:50:45,678 INFO  server.RaftServerConfigKeys (ConfUtils.java:logGet(43)) - raft.server.log.purge.gap = 1000000000 (custom)
2019-08-02 03:50:45,677 INFO  server.RaftServerConfigKeys (ConfUtils.java:logGet(43)) - raft.server.leader.election.timeout = 120s (custom)
2019-08-02 03:50:45,678 INFO  server.RaftServerConfigKeys (ConfUtils.java:logGet(43)) - raft.server.log.appender.buffer.byte-limit = 33554432 (custom)
2019-08-02 03:50:45,678 INFO  server.RaftServerConfigKeys (ConfUtils.java:logGet(43)) - raft.server.log.use.memory = false (default)
2019-08-02 03:50:45,678 INFO  server.RaftServerConfigKeys (ConfUtils.java:logGet(43)) - raft.server.log.segment.size.max = 1048576 (custom)
2019-08-02 03:50:45,678 INFO  server.RaftServerConfigKeys (ConfUtils.java:logGet(43)) - raft.server.log.use.memory = false (default)
2019-08-02 03:50:45,679 INFO  server.RaftServerConfigKeys (ConfUtils.java:logGet(43)) - raft.server.log.segment.cache.num.max = 2 (custom)
2019-08-02 03:50:45,679 INFO  server.RaftServerConfigKeys (ConfUtils.java:logGet(43)) - raft.server.log.purge.gap = 1000000000 (custom)
2019-08-02 03:50:45,679 INFO  segmented.SegmentedRaftLogWorker (SegmentedRaftLogWorker.java:<init>(172)) - new 2e689469-91c8-4255-9cfa-8856feb34fdb-SegmentedRaftLogWorker:Storage Directory /workdir/hadoop-ozone/integration-test/target/test-dir/MiniOzoneClusterImpl-84113157-6906-4aba-8e15-158381d9b249/datanode-1/data/ratis/3029c043-4546-4c1a-9272-12b1ea9c05a1 for RaftStorage:Storage Directory /workdir/hadoop-ozone/integration-test/target/test-dir/MiniOzoneClusterImpl-84113157-6906-4aba-8e15-158381d9b249/datanode-1/data/ratis/3029c043-4546-4c1a-9272-12b1ea9c05a1
2019-08-02 03:50:45,679 INFO  server.RaftServerConfigKeys (ConfUtils.java:logGet(43)) - raft.server.log.purge.gap = 1000000000 (custom)
2019-08-02 03:50:45,680 INFO  server.RaftServerConfigKeys (ConfUtils.java:logGet(43)) - raft.server.log.queue.byte-limit = 2147483647 (custom)
2019-08-02 03:50:45,679 INFO  server.RaftServerConfigKeys (ConfUtils.java:logGet(43)) - raft.server.log.appender.buffer.byte-limit = 33554432 (custom)
2019-08-02 03:50:45,682 INFO  server.RaftServerConfigKeys (ConfUtils.java:logGet(43)) - raft.server.log.queue.element-limit = 1024 (custom)
2019-08-02 03:50:45,680 INFO  server.RaftServerConfigKeys (ConfUtils.java:logGet(43)) - raft.server.log.appender.buffer.byte-limit = 33554432 (custom)
2019-08-02 03:50:45,682 INFO  server.RaftServerConfigKeys (ConfUtils.java:logGet(43)) - raft.server.log.segment.size.max = 1048576 (custom)
2019-08-02 03:50:45,682 INFO  server.RaftServerConfigKeys (ConfUtils.java:logGet(43)) - raft.server.log.segment.size.max = 1048576 (custom)
2019-08-02 03:50:45,683 INFO  server.RaftServerConfigKeys (ConfUtils.java:logGet(43)) - raft.server.log.preallocated.size = 16384 (custom)
2019-08-02 03:50:45,683 INFO  server.RaftServerConfigKeys (ConfUtils.java:logGet(43)) - raft.server.log.segment.size.max = 1048576 (custom)
2019-08-02 03:50:45,683 INFO  server.RaftServerConfigKeys (ConfUtils.java:logGet(43)) - raft.server.log.write.buffer.size = 33554432 (custom)
2019-08-02 03:50:45,683 INFO  server.RaftServerConfigKeys (ConfUtils.java:logGet(43)) - raft.server.log.segment.cache.num.max = 2 (custom)
2019-08-02 03:50:45,683 INFO  server.RaftServerConfigKeys (ConfUtils.java:logGet(43)) - raft.server.log.force.sync.num = 128 (default)
2019-08-02 03:50:45,684 INFO  server.RaftServerConfigKeys (ConfUtils.java:logGet(43)) - raft.server.log.statemachine.data.sync = true (default)
2019-08-02 03:50:45,683 INFO  server.RaftServerConfigKeys (ConfUtils.java:logGet(43)) - raft.server.log.segment.cache.num.max = 2 (custom)
2019-08-02 03:50:45,684 INFO  server.RaftServerConfigKeys (ConfUtils.java:logGet(43)) - raft.server.log.statemachine.data.sync.timeout = 10s (default)
2019-08-02 03:50:45,684 INFO  segmented.SegmentedRaftLogWorker (SegmentedRaftLogWorker.java:<init>(172)) - new 567f9a7e-75e4-43e0-9e77-48523bbca25a-SegmentedRaftLogWorker:Storage Directory /workdir/hadoop-ozone/integration-test/target/test-dir/MiniOzoneClusterImpl-84113157-6906-4aba-8e15-158381d9b249/datanode-0/data/ratis/3029c043-4546-4c1a-9272-12b1ea9c05a1 for RaftStorage:Storage Directory /workdir/hadoop-ozone/integration-test/target/test-dir/MiniOzoneClusterImpl-84113157-6906-4aba-8e15-158381d9b249/datanode-0/data/ratis/3029c043-4546-4c1a-9272-12b1ea9c05a1
2019-08-02 03:50:45,684 INFO  server.RaftServerConfigKeys (ConfUtils.java:logGet(43)) - raft.server.log.statemachine.data.sync.timeout.retry = -1 (default)
2019-08-02 03:50:45,684 INFO  segmented.SegmentedRaftLogWorker (SegmentedRaftLogWorker.java:<init>(172)) - new 89ab80e0-388e-4661-bbc3-827c06d03540-SegmentedRaftLogWorker:Storage Directory /workdir/hadoop-ozone/integration-test/target/test-dir/MiniOzoneClusterImpl-84113157-6906-4aba-8e15-158381d9b249/datanode-4/data/ratis/3029c043-4546-4c1a-9272-12b1ea9c05a1 for RaftStorage:Storage Directory /workdir/hadoop-ozone/integration-test/target/test-dir/MiniOzoneClusterImpl-84113157-6906-4aba-8e15-158381d9b249/datanode-4/data/ratis/3029c043-4546-4c1a-9272-12b1ea9c05a1
2019-08-02 03:50:45,687 INFO  server.RaftServerConfigKeys (ConfUtils.java:logGet(43)) - raft.server.log.statemachine.data.caching.enabled = true (custom)
2019-08-02 03:50:45,685 INFO  server.RaftServerConfigKeys (ConfUtils.java:logGet(43)) - raft.server.log.queue.byte-limit = 2147483647 (custom)
2019-08-02 03:50:45,689 INFO  segmented.SegmentedRaftLogWorker (SegmentedRaftLogWorker.java:lambda$new$0(132)) - 2e689469-91c8-4255-9cfa-8856feb34fdb-SegmentedRaftLogWorker:Storage Directory /workdir/hadoop-ozone/integration-test/target/test-dir/MiniOzoneClusterImpl-84113157-6906-4aba-8e15-158381d9b249/datanode-1/data/ratis/3029c043-4546-4c1a-9272-12b1ea9c05a1: flushIndex: setUnconditionally 0 -> -1
2019-08-02 03:50:45,687 INFO  server.RaftServerConfigKeys (ConfUtils.java:logGet(43)) - raft.server.log.queue.byte-limit = 2147483647 (custom)
2019-08-02 03:50:45,689 INFO  server.RaftServerConfigKeys (ConfUtils.java:logGet(43)) - raft.server.snapshot.auto.trigger.enabled = true (custom)
2019-08-02 03:50:45,689 INFO  server.RaftServerConfigKeys (ConfUtils.java:logGet(43)) - raft.server.log.queue.element-limit = 1024 (custom)
2019-08-02 03:50:45,690 INFO  server.RaftServerConfigKeys (ConfUtils.java:logGet(43)) - raft.server.snapshot.auto.trigger.threshold = 10000 (custom)
2019-08-02 03:50:45,689 INFO  server.RaftServerConfigKeys (ConfUtils.java:logGet(43)) - raft.server.log.queue.element-limit = 1024 (custom)
2019-08-02 03:50:45,690 INFO  server.RaftServerConfigKeys (ConfUtils.java:logGet(43)) - raft.server.retrycache.expirytime = 600000ms (custom)
2019-08-02 03:50:45,690 INFO  server.RaftServerConfigKeys (ConfUtils.java:logGet(43)) - raft.server.log.segment.size.max = 1048576 (custom)
2019-08-02 03:50:45,690 INFO  impl.RaftServerImpl (RaftServerImpl.java:start(180)) - 2e689469-91c8-4255-9cfa-8856feb34fdb: start group-12B1EA9C05A1
2019-08-02 03:50:45,690 INFO  server.RaftServerConfigKeys (ConfUtils.java:logGet(43)) - raft.server.log.segment.size.max = 1048576 (custom)
2019-08-02 03:50:45,691 INFO  impl.RaftServerImpl (RaftServerImpl.java:setRole(171)) - 2e689469-91c8-4255-9cfa-8856feb34fdb:group-12B1EA9C05A1 changes role from null to FOLLOWER at term 0 for startAsFollower
2019-08-02 03:50:45,690 INFO  server.RaftServerConfigKeys (ConfUtils.java:logGet(43)) - raft.server.log.preallocated.size = 16384 (custom)
2019-08-02 03:50:45,691 INFO  impl.RoleInfo (RoleInfo.java:updateAndGet(143)) - 2e689469-91c8-4255-9cfa-8856feb34fdb: start FollowerState
2019-08-02 03:50:45,691 INFO  server.RaftServerConfigKeys (ConfUtils.java:logGet(43)) - raft.server.log.preallocated.size = 16384 (custom)
2019-08-02 03:50:45,691 INFO  server.RaftServerConfigKeys (ConfUtils.java:logGet(43)) - raft.server.log.write.buffer.size = 33554432 (custom)
2019-08-02 03:50:45,691 INFO  server.RaftServerConfigKeys (ConfUtils.java:logGet(43)) - raft.server.log.write.buffer.size = 33554432 (custom)
2019-08-02 03:50:45,692 INFO  server.RaftServerConfigKeys (ConfUtils.java:logGet(43)) - raft.server.log.force.sync.num = 128 (default)
2019-08-02 03:50:45,692 INFO  util.JmxRegister (JmxRegister.java:tryRegister(44)) - Successfully registered JMX Bean with object name Ratis:service=RaftServer,group=group-12B1EA9C05A1,id=2e689469-91c8-4255-9cfa-8856feb34fdb
2019-08-02 03:50:45,692 INFO  server.RaftServerConfigKeys (ConfUtils.java:logGet(43)) - raft.server.log.statemachine.data.sync = true (default)
2019-08-02 03:50:45,692 INFO  server.RaftServerConfigKeys (ConfUtils.java:logGet(43)) - raft.server.log.force.sync.num = 128 (default)
2019-08-02 03:50:45,692 INFO  server.RaftServerConfigKeys (ConfUtils.java:logGet(43)) - raft.server.log.statemachine.data.sync.timeout = 10s (default)
2019-08-02 03:50:45,693 INFO  server.RaftServerConfigKeys (ConfUtils.java:logGet(43)) - raft.server.log.statemachine.data.sync = true (default)
2019-08-02 03:50:45,693 INFO  server.RaftServerConfigKeys (ConfUtils.java:logGet(43)) - raft.server.log.statemachine.data.sync.timeout.retry = -1 (default)
2019-08-02 03:50:45,693 INFO  server.RaftServerConfigKeys (ConfUtils.java:logGet(43)) - raft.server.log.statemachine.data.sync.timeout = 10s (default)
2019-08-02 03:50:45,693 INFO  server.RaftServerConfigKeys (ConfUtils.java:logGet(43)) - raft.server.log.statemachine.data.caching.enabled = true (custom)
2019-08-02 03:50:45,693 INFO  server.RaftServerConfigKeys (ConfUtils.java:logGet(43)) - raft.server.log.statemachine.data.sync.timeout.retry = -1 (default)
2019-08-02 03:50:45,694 INFO  segmented.SegmentedRaftLogWorker (SegmentedRaftLogWorker.java:lambda$new$0(132)) - 567f9a7e-75e4-43e0-9e77-48523bbca25a-SegmentedRaftLogWorker:Storage Directory /workdir/hadoop-ozone/integration-test/target/test-dir/MiniOzoneClusterImpl-84113157-6906-4aba-8e15-158381d9b249/datanode-0/data/ratis/3029c043-4546-4c1a-9272-12b1ea9c05a1: flushIndex: setUnconditionally 0 -> -1
2019-08-02 03:50:45,694 INFO  server.RaftServerConfigKeys (ConfUtils.java:logGet(43)) - raft.server.log.statemachine.data.caching.enabled = true (custom)
2019-08-02 03:50:45,694 INFO  server.RaftServerConfigKeys (ConfUtils.java:logGet(43)) - raft.server.snapshot.auto.trigger.enabled = true (custom)
2019-08-02 03:50:45,694 INFO  segmented.SegmentedRaftLogWorker (SegmentedRaftLogWorker.java:lambda$new$0(132)) - 89ab80e0-388e-4661-bbc3-827c06d03540-SegmentedRaftLogWorker:Storage Directory /workdir/hadoop-ozone/integration-test/target/test-dir/MiniOzoneClusterImpl-84113157-6906-4aba-8e15-158381d9b249/datanode-4/data/ratis/3029c043-4546-4c1a-9272-12b1ea9c05a1: flushIndex: setUnconditionally 0 -> -1
2019-08-02 03:50:45,694 INFO  server.RaftServerConfigKeys (ConfUtils.java:logGet(43)) - raft.server.snapshot.auto.trigger.threshold = 10000 (custom)
2019-08-02 03:50:45,698 INFO  server.RaftServerConfigKeys (ConfUtils.java:logGet(43)) - raft.server.snapshot.auto.trigger.enabled = true (custom)
2019-08-02 03:50:45,699 INFO  server.RaftServerConfigKeys (ConfUtils.java:logGet(43)) - raft.server.retrycache.expirytime = 600000ms (custom)
2019-08-02 03:50:45,699 INFO  server.RaftServerConfigKeys (ConfUtils.java:logGet(43)) - raft.server.snapshot.auto.trigger.threshold = 10000 (custom)
2019-08-02 03:50:45,699 INFO  impl.RaftServerImpl (RaftServerImpl.java:start(180)) - 567f9a7e-75e4-43e0-9e77-48523bbca25a: start group-12B1EA9C05A1
2019-08-02 03:50:45,701 INFO  server.RaftServerConfigKeys (ConfUtils.java:logGet(43)) - raft.server.retrycache.expirytime = 600000ms (custom)
2019-08-02 03:50:45,701 INFO  impl.RaftServerImpl (RaftServerImpl.java:setRole(171)) - 567f9a7e-75e4-43e0-9e77-48523bbca25a:group-12B1EA9C05A1 changes role from null to FOLLOWER at term 0 for startAsFollower
2019-08-02 03:50:45,701 INFO  impl.RaftServerImpl (RaftServerImpl.java:start(180)) - 89ab80e0-388e-4661-bbc3-827c06d03540: start group-12B1EA9C05A1
2019-08-02 03:50:45,701 INFO  impl.RoleInfo (RoleInfo.java:updateAndGet(143)) - 567f9a7e-75e4-43e0-9e77-48523bbca25a: start FollowerState
2019-08-02 03:50:45,701 INFO  impl.RaftServerImpl (RaftServerImpl.java:setRole(171)) - 89ab80e0-388e-4661-bbc3-827c06d03540:group-12B1EA9C05A1 changes role from null to FOLLOWER at term 0 for startAsFollower
2019-08-02 03:50:45,703 INFO  impl.RoleInfo (RoleInfo.java:updateAndGet(143)) - 89ab80e0-388e-4661-bbc3-827c06d03540: start FollowerState
2019-08-02 03:50:45,704 INFO  util.JmxRegister (JmxRegister.java:tryRegister(44)) - Successfully registered JMX Bean with object name Ratis:service=RaftServer,group=group-12B1EA9C05A1,id=567f9a7e-75e4-43e0-9e77-48523bbca25a
2019-08-02 03:50:45,704 INFO  util.JmxRegister (JmxRegister.java:tryRegister(44)) - Successfully registered JMX Bean with object name Ratis:service=RaftServer,group=group-12B1EA9C05A1,id=89ab80e0-388e-4661-bbc3-827c06d03540
2019-08-02 03:50:45,720 INFO  pipeline.PipelineStateManager (PipelineStateManager.java:addPipeline(56)) - Created pipeline Pipeline[ Id: 3029c043-4546-4c1a-9272-12b1ea9c05a1, Nodes: 567f9a7e-75e4-43e0-9e77-48523bbca25a{ip: 192.168.157.195, host: byscane-nightly-xzrzg-2697134946, networkLocation: /default-rack, certSerialId: null}2e689469-91c8-4255-9cfa-8856feb34fdb{ip: 192.168.157.195, host: byscane-nightly-xzrzg-2697134946, networkLocation: /default-rack, certSerialId: null}89ab80e0-388e-4661-bbc3-827c06d03540{ip: 192.168.157.195, host: byscane-nightly-xzrzg-2697134946, networkLocation: /default-rack, certSerialId: null}, Type:RATIS, Factor:THREE, State:OPEN]
2019-08-02 03:50:45,809 INFO  ozone.MiniOzoneClusterImpl (MiniOzoneClusterImpl.java:lambda$waitForClusterToBeReady$0(142)) - Cluster is ready. Got 6 of 6 DN Heartbeats.
2019-08-02 03:50:46,152 INFO  rpc.RpcClient (RpcClient.java:createVolume(288)) - Creating Volume: datanodefailurehandlingtest, with jenkins1000 as owner.
2019-08-02 03:50:46,201 INFO  rpc.RpcClient (RpcClient.java:createBucket(425)) - Creating Bucket: datanodefailurehandlingtest/datanodefailurehandlingtest, with Versioning false and Storage Type set to DISK and Encryption set to false 
2019-08-02 03:50:46,449 INFO  impl.MetricsSystemImpl (MetricsSystemImpl.java:init(158)) - XceiverClientMetrics metrics system started (again)
2019-08-02 03:50:46,571 INFO  client.GrpcClientProtocolClient (GrpcClientProtocolClient.java:onNext(255)) - client-07B5B2F22D8B->567f9a7e-75e4-43e0-9e77-48523bbca25a: receive RaftClientReply:client-07B5B2F22D8B->567f9a7e-75e4-43e0-9e77-48523bbca25a@group-12B1EA9C05A1, cid=12, FAILED org.apache.ratis.protocol.NotLeaderException: Server 567f9a7e-75e4-43e0-9e77-48523bbca25a is not the leader (null). Request must be sent to leader., logIndex=0, commits[567f9a7e-75e4-43e0-9e77-48523bbca25a:c-1]
2019-08-02 03:50:46,841 INFO  container.ReplicationManager (ReplicationManager.java:start(155)) - Starting Replication Monitor Thread.
2019-08-02 03:50:46,846 INFO  container.ReplicationManager (ReplicationManager.java:run(207)) - Replication Monitor Thread took 4 milliseconds for processing 1 containers.
2019-08-02 03:50:47,633 INFO  client.GrpcClientProtocolClient (GrpcClientProtocolClient.java:onNext(255)) - client-07B5B2F22D8B->89ab80e0-388e-4661-bbc3-827c06d03540: receive RaftClientReply:client-07B5B2F22D8B->89ab80e0-388e-4661-bbc3-827c06d03540@group-12B1EA9C05A1, cid=12, FAILED org.apache.ratis.protocol.NotLeaderException: Server 89ab80e0-388e-4661-bbc3-827c06d03540 is not the leader (null). Request must be sent to leader., logIndex=0, commits[89ab80e0-388e-4661-bbc3-827c06d03540:c-1]
2019-08-02 03:50:48,672 INFO  client.GrpcClientProtocolClient (GrpcClientProtocolClient.java:onNext(255)) - client-07B5B2F22D8B->567f9a7e-75e4-43e0-9e77-48523bbca25a: receive RaftClientReply:client-07B5B2F22D8B->567f9a7e-75e4-43e0-9e77-48523bbca25a@group-12B1EA9C05A1, cid=12, FAILED org.apache.ratis.protocol.NotLeaderException: Server 567f9a7e-75e4-43e0-9e77-48523bbca25a is not the leader (null). Request must be sent to leader., logIndex=0, commits[567f9a7e-75e4-43e0-9e77-48523bbca25a:c-1]
2019-08-02 03:50:49,711 INFO  client.GrpcClientProtocolClient (GrpcClientProtocolClient.java:onNext(255)) - client-07B5B2F22D8B->89ab80e0-388e-4661-bbc3-827c06d03540: receive RaftClientReply:client-07B5B2F22D8B->89ab80e0-388e-4661-bbc3-827c06d03540@group-12B1EA9C05A1, cid=12, FAILED org.apache.ratis.protocol.NotLeaderException: Server 89ab80e0-388e-4661-bbc3-827c06d03540 is not the leader (null). Request must be sent to leader., logIndex=0, commits[89ab80e0-388e-4661-bbc3-827c06d03540:c-1]
2019-08-02 03:50:50,007 INFO  impl.FollowerState (FollowerState.java:run(106)) - 567f9a7e-75e4-43e0-9e77-48523bbca25a:group-B9F70EB78DDA changes to CANDIDATE, lastRpcTime:5097, electionTimeout:5096ms
2019-08-02 03:50:50,008 INFO  impl.RoleInfo (RoleInfo.java:shutdownFollowerState(121)) - 567f9a7e-75e4-43e0-9e77-48523bbca25a: shutdown FollowerState
2019-08-02 03:50:50,008 INFO  impl.RaftServerImpl (RaftServerImpl.java:setRole(171)) - 567f9a7e-75e4-43e0-9e77-48523bbca25a:group-B9F70EB78DDA changes role from FOLLOWER to CANDIDATE at term 0 for changeToCandidate
2019-08-02 03:50:50,012 INFO  impl.RoleInfo (RoleInfo.java:updateAndGet(143)) - 567f9a7e-75e4-43e0-9e77-48523bbca25a: start LeaderElection
2019-08-02 03:50:50,036 INFO  impl.LeaderElection (LeaderElection.java:askForVotes(181)) - 567f9a7e-75e4-43e0-9e77-48523bbca25a:group-B9F70EB78DDA:LeaderElection1: begin an election at term 1 for -1: [567f9a7e-75e4-43e0-9e77-48523bbca25a:192.168.157.195:35268], old=null
2019-08-02 03:50:50,038 INFO  impl.RoleInfo (RoleInfo.java:shutdownLeaderElection(134)) - 567f9a7e-75e4-43e0-9e77-48523bbca25a: shutdown LeaderElection
2019-08-02 03:50:50,039 INFO  impl.RaftServerImpl (RaftServerImpl.java:setRole(171)) - 567f9a7e-75e4-43e0-9e77-48523bbca25a:group-B9F70EB78DDA changes role from CANDIDATE to LEADER at term 1 for changeToLeader
2019-08-02 03:50:50,039 INFO  impl.RaftServerImpl (ServerState.java:setLeader(263)) - 567f9a7e-75e4-43e0-9e77-48523bbca25a:group-B9F70EB78DDA change Leader from null to 567f9a7e-75e4-43e0-9e77-48523bbca25a at term 1 for becomeLeader, leader elected after 5204ms
2019-08-02 03:50:50,048 INFO  server.RaftServerConfigKeys (ConfUtils.java:logGet(43)) - raft.server.staging.catchup.gap = 1000 (default)
2019-08-02 03:50:50,048 INFO  server.RaftServerConfigKeys (ConfUtils.java:logGet(43)) - raft.server.rpc.sleep.time = 25ms (default)
2019-08-02 03:50:50,051 INFO  server.RaftServerConfigKeys (ConfUtils.java:logGet(43)) - raft.server.write.element-limit = 4096 (default)
2019-08-02 03:50:50,054 INFO  server.RaftServerConfigKeys (ConfUtils.java:logGet(43)) - raft.server.watch.timeout = 10s (default)
2019-08-02 03:50:50,055 INFO  server.RaftServerConfigKeys (ConfUtils.java:logGet(43)) - raft.server.watch.timeout.denomination = 1s (default)
2019-08-02 03:50:50,056 INFO  server.RaftServerConfigKeys (ConfUtils.java:logGet(43)) - raft.server.watch.element-limit = 65536 (default)
2019-08-02 03:50:50,072 INFO  impl.RoleInfo (RoleInfo.java:updateAndGet(143)) - 567f9a7e-75e4-43e0-9e77-48523bbca25a: start LeaderState
2019-08-02 03:50:50,099 INFO  segmented.SegmentedRaftLogWorker (SegmentedRaftLogWorker.java:startLogSegment(380)) - 567f9a7e-75e4-43e0-9e77-48523bbca25a-SegmentedRaftLogWorker:Storage Directory /workdir/hadoop-ozone/integration-test/target/test-dir/MiniOzoneClusterImpl-84113157-6906-4aba-8e15-158381d9b249/datanode-0/data/ratis/12565779-2dfd-43d1-8af7-b9f70eb78dda: Starting segment from index:0
2019-08-02 03:50:50,108 INFO  impl.RaftServerImpl (ServerState.java:setRaftConf(361)) - 567f9a7e-75e4-43e0-9e77-48523bbca25a:group-B9F70EB78DDA set configuration 0: [567f9a7e-75e4-43e0-9e77-48523bbca25a:192.168.157.195:35268], old=null at 0
2019-08-02 03:50:50,226 INFO  impl.FollowerState (FollowerState.java:run(106)) - a1a38639-c43a-4fb8-8d2b-e8dec4c28f9f:group-9913AA60831A changes to CANDIDATE, lastRpcTime:5121, electionTimeout:5120ms
2019-08-02 03:50:50,228 INFO  impl.RoleInfo (RoleInfo.java:shutdownFollowerState(121)) - a1a38639-c43a-4fb8-8d2b-e8dec4c28f9f: shutdown FollowerState
2019-08-02 03:50:50,228 INFO  impl.RaftServerImpl (RaftServerImpl.java:setRole(171)) - a1a38639-c43a-4fb8-8d2b-e8dec4c28f9f:group-9913AA60831A changes role from FOLLOWER to CANDIDATE at term 0 for changeToCandidate
2019-08-02 03:50:50,228 INFO  impl.RoleInfo (RoleInfo.java:updateAndGet(143)) - a1a38639-c43a-4fb8-8d2b-e8dec4c28f9f: start LeaderElection
2019-08-02 03:50:50,234 INFO  impl.FollowerState (FollowerState.java:run(106)) - 4604a97f-b47c-43a7-a2e6-2227e86dd80c:group-0FA2CE1999D7 changes to CANDIDATE, lastRpcTime:5048, electionTimeout:5048ms
2019-08-02 03:50:50,234 INFO  impl.RoleInfo (RoleInfo.java:shutdownFollowerState(121)) - 4604a97f-b47c-43a7-a2e6-2227e86dd80c: shutdown FollowerState
2019-08-02 03:50:50,235 INFO  impl.RaftServerImpl (RaftServerImpl.java:setRole(171)) - 4604a97f-b47c-43a7-a2e6-2227e86dd80c:group-0FA2CE1999D7 changes role from FOLLOWER to CANDIDATE at term 0 for changeToCandidate
2019-08-02 03:50:50,235 INFO  impl.RoleInfo (RoleInfo.java:updateAndGet(143)) - 4604a97f-b47c-43a7-a2e6-2227e86dd80c: start LeaderElection
2019-08-02 03:50:50,248 INFO  impl.LeaderElection (LeaderElection.java:askForVotes(181)) - a1a38639-c43a-4fb8-8d2b-e8dec4c28f9f:group-9913AA60831A:LeaderElection2: begin an election at term 1 for -1: [a1a38639-c43a-4fb8-8d2b-e8dec4c28f9f:192.168.157.195:39091], old=null
2019-08-02 03:50:50,248 INFO  impl.LeaderElection (LeaderElection.java:askForVotes(181)) - 4604a97f-b47c-43a7-a2e6-2227e86dd80c:group-0FA2CE1999D7:LeaderElection3: begin an election at term 1 for -1: [4604a97f-b47c-43a7-a2e6-2227e86dd80c:192.168.157.195:44167], old=null
2019-08-02 03:50:50,250 INFO  impl.RoleInfo (RoleInfo.java:shutdownLeaderElection(134)) - a1a38639-c43a-4fb8-8d2b-e8dec4c28f9f: shutdown LeaderElection
2019-08-02 03:50:50,250 INFO  impl.RoleInfo (RoleInfo.java:shutdownLeaderElection(134)) - 4604a97f-b47c-43a7-a2e6-2227e86dd80c: shutdown LeaderElection
2019-08-02 03:50:50,250 INFO  impl.RaftServerImpl (RaftServerImpl.java:setRole(171)) - a1a38639-c43a-4fb8-8d2b-e8dec4c28f9f:group-9913AA60831A changes role from CANDIDATE to LEADER at term 1 for changeToLeader
2019-08-02 03:50:50,250 INFO  impl.RaftServerImpl (RaftServerImpl.java:setRole(171)) - 4604a97f-b47c-43a7-a2e6-2227e86dd80c:group-0FA2CE1999D7 changes role from CANDIDATE to LEADER at term 1 for changeToLeader
2019-08-02 03:50:50,250 INFO  impl.RaftServerImpl (ServerState.java:setLeader(263)) - a1a38639-c43a-4fb8-8d2b-e8dec4c28f9f:group-9913AA60831A change Leader from null to a1a38639-c43a-4fb8-8d2b-e8dec4c28f9f at term 1 for becomeLeader, leader elected after 5160ms
2019-08-02 03:50:50,250 INFO  impl.RaftServerImpl (ServerState.java:setLeader(263)) - 4604a97f-b47c-43a7-a2e6-2227e86dd80c:group-0FA2CE1999D7 change Leader from null to 4604a97f-b47c-43a7-a2e6-2227e86dd80c at term 1 for becomeLeader, leader elected after 5071ms
2019-08-02 03:50:50,252 INFO  server.RaftServerConfigKeys (ConfUtils.java:logGet(43)) - raft.server.staging.catchup.gap = 1000 (default)
2019-08-02 03:50:50,254 INFO  server.RaftServerConfigKeys (ConfUtils.java:logGet(43)) - raft.server.staging.catchup.gap = 1000 (default)
2019-08-02 03:50:50,254 INFO  server.RaftServerConfigKeys (ConfUtils.java:logGet(43)) - raft.server.rpc.sleep.time = 25ms (default)
2019-08-02 03:50:50,254 INFO  server.RaftServerConfigKeys (ConfUtils.java:logGet(43)) - raft.server.rpc.sleep.time = 25ms (default)
2019-08-02 03:50:50,254 INFO  server.RaftServerConfigKeys (ConfUtils.java:logGet(43)) - raft.server.write.element-limit = 4096 (default)
2019-08-02 03:50:50,255 INFO  server.RaftServerConfigKeys (ConfUtils.java:logGet(43)) - raft.server.write.element-limit = 4096 (default)
2019-08-02 03:50:50,255 INFO  server.RaftServerConfigKeys (ConfUtils.java:logGet(43)) - raft.server.watch.timeout = 10s (default)
2019-08-02 03:50:50,255 INFO  server.RaftServerConfigKeys (ConfUtils.java:logGet(43)) - raft.server.watch.timeout = 10s (default)
2019-08-02 03:50:50,255 INFO  server.RaftServerConfigKeys (ConfUtils.java:logGet(43)) - raft.server.watch.timeout.denomination = 1s (default)
2019-08-02 03:50:50,255 INFO  server.RaftServerConfigKeys (ConfUtils.java:logGet(43)) - raft.server.watch.timeout.denomination = 1s (default)
2019-08-02 03:50:50,255 INFO  server.RaftServerConfigKeys (ConfUtils.java:logGet(43)) - raft.server.watch.element-limit = 65536 (default)
2019-08-02 03:50:50,256 INFO  server.RaftServerConfigKeys (ConfUtils.java:logGet(43)) - raft.server.watch.element-limit = 65536 (default)
2019-08-02 03:50:50,256 INFO  impl.RoleInfo (RoleInfo.java:updateAndGet(143)) - a1a38639-c43a-4fb8-8d2b-e8dec4c28f9f: start LeaderState
2019-08-02 03:50:50,256 INFO  impl.RoleInfo (RoleInfo.java:updateAndGet(143)) - 4604a97f-b47c-43a7-a2e6-2227e86dd80c: start LeaderState
2019-08-02 03:50:50,256 INFO  segmented.SegmentedRaftLogWorker (SegmentedRaftLogWorker.java:startLogSegment(380)) - a1a38639-c43a-4fb8-8d2b-e8dec4c28f9f-SegmentedRaftLogWorker:Storage Directory /workdir/hadoop-ozone/integration-test/target/test-dir/MiniOzoneClusterImpl-84113157-6906-4aba-8e15-158381d9b249/datanode-2/data/ratis/c23c3cc0-1988-4823-974f-9913aa60831a: Starting segment from index:0
2019-08-02 03:50:50,256 INFO  segmented.SegmentedRaftLogWorker (SegmentedRaftLogWorker.java:startLogSegment(380)) - 4604a97f-b47c-43a7-a2e6-2227e86dd80c-SegmentedRaftLogWorker:Storage Directory /workdir/hadoop-ozone/integration-test/target/test-dir/MiniOzoneClusterImpl-84113157-6906-4aba-8e15-158381d9b249/datanode-3/data/ratis/1f94f398-6d02-4511-9a33-0fa2ce1999d7: Starting segment from index:0
2019-08-02 03:50:50,257 INFO  impl.RaftServerImpl (ServerState.java:setRaftConf(361)) - a1a38639-c43a-4fb8-8d2b-e8dec4c28f9f:group-9913AA60831A set configuration 0: [a1a38639-c43a-4fb8-8d2b-e8dec4c28f9f:192.168.157.195:39091], old=null at 0
2019-08-02 03:50:50,259 INFO  impl.RaftServerImpl (ServerState.java:setRaftConf(361)) - 4604a97f-b47c-43a7-a2e6-2227e86dd80c:group-0FA2CE1999D7 set configuration 0: [4604a97f-b47c-43a7-a2e6-2227e86dd80c:192.168.157.195:44167], old=null at 0
2019-08-02 03:50:50,368 INFO  segmented.SegmentedRaftLogWorker (SegmentedRaftLogWorker.java:execute(569)) - 4604a97f-b47c-43a7-a2e6-2227e86dd80c-SegmentedRaftLogWorker:Storage Directory /workdir/hadoop-ozone/integration-test/target/test-dir/MiniOzoneClusterImpl-84113157-6906-4aba-8e15-158381d9b249/datanode-3/data/ratis/1f94f398-6d02-4511-9a33-0fa2ce1999d7: created new log segment /workdir/hadoop-ozone/integration-test/target/test-dir/MiniOzoneClusterImpl-84113157-6906-4aba-8e15-158381d9b249/datanode-3/data/ratis/1f94f398-6d02-4511-9a33-0fa2ce1999d7/current/log_inprogress_0
2019-08-02 03:50:50,368 INFO  segmented.SegmentedRaftLogWorker (SegmentedRaftLogWorker.java:execute(569)) - a1a38639-c43a-4fb8-8d2b-e8dec4c28f9f-SegmentedRaftLogWorker:Storage Directory /workdir/hadoop-ozone/integration-test/target/test-dir/MiniOzoneClusterImpl-84113157-6906-4aba-8e15-158381d9b249/datanode-2/data/ratis/c23c3cc0-1988-4823-974f-9913aa60831a: created new log segment /workdir/hadoop-ozone/integration-test/target/test-dir/MiniOzoneClusterImpl-84113157-6906-4aba-8e15-158381d9b249/datanode-2/data/ratis/c23c3cc0-1988-4823-974f-9913aa60831a/current/log_inprogress_0
2019-08-02 03:50:50,368 INFO  segmented.SegmentedRaftLogWorker (SegmentedRaftLogWorker.java:execute(569)) - 567f9a7e-75e4-43e0-9e77-48523bbca25a-SegmentedRaftLogWorker:Storage Directory /workdir/hadoop-ozone/integration-test/target/test-dir/MiniOzoneClusterImpl-84113157-6906-4aba-8e15-158381d9b249/datanode-0/data/ratis/12565779-2dfd-43d1-8af7-b9f70eb78dda: created new log segment /workdir/hadoop-ozone/integration-test/target/test-dir/MiniOzoneClusterImpl-84113157-6906-4aba-8e15-158381d9b249/datanode-0/data/ratis/12565779-2dfd-43d1-8af7-b9f70eb78dda/current/log_inprogress_0
2019-08-02 03:50:50,410 INFO  impl.FollowerState (FollowerState.java:run(106)) - 900c4ec9-b430-440c-ab1c-ab410cc53093:group-37864819B441 changes to CANDIDATE, lastRpcTime:5150, electionTimeout:5150ms
2019-08-02 03:50:50,412 INFO  impl.RoleInfo (RoleInfo.java:shutdownFollowerState(121)) - 900c4ec9-b430-440c-ab1c-ab410cc53093: shutdown FollowerState
2019-08-02 03:50:50,412 INFO  impl.RaftServerImpl (RaftServerImpl.java:setRole(171)) - 900c4ec9-b430-440c-ab1c-ab410cc53093:group-37864819B441 changes role from FOLLOWER to CANDIDATE at term 0 for changeToCandidate
2019-08-02 03:50:50,412 INFO  impl.RoleInfo (RoleInfo.java:updateAndGet(143)) - 900c4ec9-b430-440c-ab1c-ab410cc53093: start LeaderElection
2019-08-02 03:50:50,429 INFO  impl.FollowerState (FollowerState.java:run(106)) - 2e689469-91c8-4255-9cfa-8856feb34fdb:group-5A4F96F718DC changes to CANDIDATE, lastRpcTime:5102, electionTimeout:5102ms
2019-08-02 03:50:50,430 INFO  impl.RoleInfo (RoleInfo.java:shutdownFollowerState(121)) - 2e689469-91c8-4255-9cfa-8856feb34fdb: shutdown FollowerState
2019-08-02 03:50:50,430 INFO  impl.LeaderElection (LeaderElection.java:askForVotes(181)) - 900c4ec9-b430-440c-ab1c-ab410cc53093:group-37864819B441:LeaderElection4: begin an election at term 1 for -1: [900c4ec9-b430-440c-ab1c-ab410cc53093:192.168.157.195:46717], old=null
2019-08-02 03:50:50,430 INFO  impl.RaftServerImpl (RaftServerImpl.java:setRole(171)) - 2e689469-91c8-4255-9cfa-8856feb34fdb:group-5A4F96F718DC changes role from FOLLOWER to CANDIDATE at term 0 for changeToCandidate
2019-08-02 03:50:50,431 INFO  impl.RoleInfo (RoleInfo.java:shutdownLeaderElection(134)) - 900c4ec9-b430-440c-ab1c-ab410cc53093: shutdown LeaderElection
2019-08-02 03:50:50,431 INFO  impl.RoleInfo (RoleInfo.java:updateAndGet(143)) - 2e689469-91c8-4255-9cfa-8856feb34fdb: start LeaderElection
2019-08-02 03:50:50,431 INFO  impl.RaftServerImpl (RaftServerImpl.java:setRole(171)) - 900c4ec9-b430-440c-ab1c-ab410cc53093:group-37864819B441 changes role from CANDIDATE to LEADER at term 1 for changeToLeader
2019-08-02 03:50:50,431 INFO  impl.RaftServerImpl (ServerState.java:setLeader(263)) - 900c4ec9-b430-440c-ab1c-ab410cc53093:group-37864819B441 change Leader from null to 900c4ec9-b430-440c-ab1c-ab410cc53093 at term 1 for becomeLeader, leader elected after 5176ms
2019-08-02 03:50:50,436 INFO  server.RaftServerConfigKeys (ConfUtils.java:logGet(43)) - raft.server.staging.catchup.gap = 1000 (default)
2019-08-02 03:50:50,436 INFO  server.RaftServerConfigKeys (ConfUtils.java:logGet(43)) - raft.server.rpc.sleep.time = 25ms (default)
2019-08-02 03:50:50,437 INFO  server.RaftServerConfigKeys (ConfUtils.java:logGet(43)) - raft.server.write.element-limit = 4096 (default)
2019-08-02 03:50:50,437 INFO  server.RaftServerConfigKeys (ConfUtils.java:logGet(43)) - raft.server.watch.timeout = 10s (default)
2019-08-02 03:50:50,437 INFO  server.RaftServerConfigKeys (ConfUtils.java:logGet(43)) - raft.server.watch.timeout.denomination = 1s (default)
2019-08-02 03:50:50,437 INFO  server.RaftServerConfigKeys (ConfUtils.java:logGet(43)) - raft.server.watch.element-limit = 65536 (default)
2019-08-02 03:50:50,438 INFO  impl.RoleInfo (RoleInfo.java:updateAndGet(143)) - 900c4ec9-b430-440c-ab1c-ab410cc53093: start LeaderState
2019-08-02 03:50:50,438 INFO  segmented.SegmentedRaftLogWorker (SegmentedRaftLogWorker.java:startLogSegment(380)) - 900c4ec9-b430-440c-ab1c-ab410cc53093-SegmentedRaftLogWorker:Storage Directory /workdir/hadoop-ozone/integration-test/target/test-dir/MiniOzoneClusterImpl-84113157-6906-4aba-8e15-158381d9b249/datanode-5/data/ratis/64ad46d8-8661-44d6-90e6-37864819b441: Starting segment from index:0
2019-08-02 03:50:50,439 INFO  impl.RaftServerImpl (ServerState.java:setRaftConf(361)) - 900c4ec9-b430-440c-ab1c-ab410cc53093:group-37864819B441 set configuration 0: [900c4ec9-b430-440c-ab1c-ab410cc53093:192.168.157.195:46717], old=null at 0
2019-08-02 03:50:50,459 INFO  impl.LeaderElection (LeaderElection.java:askForVotes(181)) - 2e689469-91c8-4255-9cfa-8856feb34fdb:group-5A4F96F718DC:LeaderElection5: begin an election at term 1 for -1: [2e689469-91c8-4255-9cfa-8856feb34fdb:192.168.157.195:43562], old=null
2019-08-02 03:50:50,459 INFO  impl.RoleInfo (RoleInfo.java:shutdownLeaderElection(134)) - 2e689469-91c8-4255-9cfa-8856feb34fdb: shutdown LeaderElection
2019-08-02 03:50:50,459 INFO  impl.RaftServerImpl (RaftServerImpl.java:setRole(171)) - 2e689469-91c8-4255-9cfa-8856feb34fdb:group-5A4F96F718DC changes role from CANDIDATE to LEADER at term 1 for changeToLeader
2019-08-02 03:50:50,459 INFO  impl.RaftServerImpl (ServerState.java:setLeader(263)) - 2e689469-91c8-4255-9cfa-8856feb34fdb:group-5A4F96F718DC change Leader from null to 2e689469-91c8-4255-9cfa-8856feb34fdb at term 1 for becomeLeader, leader elected after 5136ms
2019-08-02 03:50:50,461 INFO  server.RaftServerConfigKeys (ConfUtils.java:logGet(43)) - raft.server.staging.catchup.gap = 1000 (default)
2019-08-02 03:50:50,461 INFO  server.RaftServerConfigKeys (ConfUtils.java:logGet(43)) - raft.server.rpc.sleep.time = 25ms (default)
2019-08-02 03:50:50,462 INFO  server.RaftServerConfigKeys (ConfUtils.java:logGet(43)) - raft.server.write.element-limit = 4096 (default)
2019-08-02 03:50:50,462 INFO  server.RaftServerConfigKeys (ConfUtils.java:logGet(43)) - raft.server.watch.timeout = 10s (default)
2019-08-02 03:50:50,462 INFO  server.RaftServerConfigKeys (ConfUtils.java:logGet(43)) - raft.server.watch.timeout.denomination = 1s (default)
2019-08-02 03:50:50,462 INFO  server.RaftServerConfigKeys (ConfUtils.java:logGet(43)) - raft.server.watch.element-limit = 65536 (default)
2019-08-02 03:50:50,463 INFO  impl.RoleInfo (RoleInfo.java:updateAndGet(143)) - 2e689469-91c8-4255-9cfa-8856feb34fdb: start LeaderState
2019-08-02 03:50:50,463 INFO  segmented.SegmentedRaftLogWorker (SegmentedRaftLogWorker.java:startLogSegment(380)) - 2e689469-91c8-4255-9cfa-8856feb34fdb-SegmentedRaftLogWorker:Storage Directory /workdir/hadoop-ozone/integration-test/target/test-dir/MiniOzoneClusterImpl-84113157-6906-4aba-8e15-158381d9b249/datanode-1/data/ratis/5ceba08c-a310-481d-af71-5a4f96f718dc: Starting segment from index:0
2019-08-02 03:50:50,464 INFO  impl.RaftServerImpl (ServerState.java:setRaftConf(361)) - 2e689469-91c8-4255-9cfa-8856feb34fdb:group-5A4F96F718DC set configuration 0: [2e689469-91c8-4255-9cfa-8856feb34fdb:192.168.157.195:43562], old=null at 0
2019-08-02 03:50:50,483 INFO  segmented.SegmentedRaftLogWorker (SegmentedRaftLogWorker.java:execute(569)) - 900c4ec9-b430-440c-ab1c-ab410cc53093-SegmentedRaftLogWorker:Storage Directory /workdir/hadoop-ozone/integration-test/target/test-dir/MiniOzoneClusterImpl-84113157-6906-4aba-8e15-158381d9b249/datanode-5/data/ratis/64ad46d8-8661-44d6-90e6-37864819b441: created new log segment /workdir/hadoop-ozone/integration-test/target/test-dir/MiniOzoneClusterImpl-84113157-6906-4aba-8e15-158381d9b249/datanode-5/data/ratis/64ad46d8-8661-44d6-90e6-37864819b441/current/log_inprogress_0
2019-08-02 03:50:50,484 INFO  impl.FollowerState (FollowerState.java:run(106)) - 89ab80e0-388e-4661-bbc3-827c06d03540:group-872C8800ADD7 changes to CANDIDATE, lastRpcTime:5083, electionTimeout:5071ms
2019-08-02 03:50:50,484 INFO  impl.RoleInfo (RoleInfo.java:shutdownFollowerState(121)) - 89ab80e0-388e-4661-bbc3-827c06d03540: shutdown FollowerState
2019-08-02 03:50:50,484 INFO  impl.RaftServerImpl (RaftServerImpl.java:setRole(171)) - 89ab80e0-388e-4661-bbc3-827c06d03540:group-872C8800ADD7 changes role from FOLLOWER to CANDIDATE at term 0 for changeToCandidate
2019-08-02 03:50:50,485 INFO  impl.RoleInfo (RoleInfo.java:updateAndGet(143)) - 89ab80e0-388e-4661-bbc3-827c06d03540: start LeaderElection
2019-08-02 03:50:50,496 INFO  segmented.SegmentedRaftLogWorker (SegmentedRaftLogWorker.java:execute(569)) - 2e689469-91c8-4255-9cfa-8856feb34fdb-SegmentedRaftLogWorker:Storage Directory /workdir/hadoop-ozone/integration-test/target/test-dir/MiniOzoneClusterImpl-84113157-6906-4aba-8e15-158381d9b249/datanode-1/data/ratis/5ceba08c-a310-481d-af71-5a4f96f718dc: created new log segment /workdir/hadoop-ozone/integration-test/target/test-dir/MiniOzoneClusterImpl-84113157-6906-4aba-8e15-158381d9b249/datanode-1/data/ratis/5ceba08c-a310-481d-af71-5a4f96f718dc/current/log_inprogress_0
2019-08-02 03:50:50,498 INFO  impl.LeaderElection (LeaderElection.java:askForVotes(181)) - 89ab80e0-388e-4661-bbc3-827c06d03540:group-872C8800ADD7:LeaderElection6: begin an election at term 1 for -1: [89ab80e0-388e-4661-bbc3-827c06d03540:192.168.157.195:42594], old=null
2019-08-02 03:50:50,498 INFO  impl.RoleInfo (RoleInfo.java:shutdownLeaderElection(134)) - 89ab80e0-388e-4661-bbc3-827c06d03540: shutdown LeaderElection
2019-08-02 03:50:50,498 INFO  impl.RaftServerImpl (RaftServerImpl.java:setRole(171)) - 89ab80e0-388e-4661-bbc3-827c06d03540:group-872C8800ADD7 changes role from CANDIDATE to LEADER at term 1 for changeToLeader
2019-08-02 03:50:50,498 INFO  impl.RaftServerImpl (ServerState.java:setLeader(263)) - 89ab80e0-388e-4661-bbc3-827c06d03540:group-872C8800ADD7 change Leader from null to 89ab80e0-388e-4661-bbc3-827c06d03540 at term 1 for becomeLeader, leader elected after 5101ms
2019-08-02 03:50:50,500 INFO  server.RaftServerConfigKeys (ConfUtils.java:logGet(43)) - raft.server.staging.catchup.gap = 1000 (default)
2019-08-02 03:50:50,501 INFO  server.RaftServerConfigKeys (ConfUtils.java:logGet(43)) - raft.server.rpc.sleep.time = 25ms (default)
2019-08-02 03:50:50,501 INFO  server.RaftServerConfigKeys (ConfUtils.java:logGet(43)) - raft.server.write.element-limit = 4096 (default)
2019-08-02 03:50:50,501 INFO  server.RaftServerConfigKeys (ConfUtils.java:logGet(43)) - raft.server.watch.timeout = 10s (default)
2019-08-02 03:50:50,501 INFO  server.RaftServerConfigKeys (ConfUtils.java:logGet(43)) - raft.server.watch.timeout.denomination = 1s (default)
2019-08-02 03:50:50,501 INFO  server.RaftServerConfigKeys (ConfUtils.java:logGet(43)) - raft.server.watch.element-limit = 65536 (default)
2019-08-02 03:50:50,502 INFO  impl.RoleInfo (RoleInfo.java:updateAndGet(143)) - 89ab80e0-388e-4661-bbc3-827c06d03540: start LeaderState
2019-08-02 03:50:50,502 INFO  segmented.SegmentedRaftLogWorker (SegmentedRaftLogWorker.java:startLogSegment(380)) - 89ab80e0-388e-4661-bbc3-827c06d03540-SegmentedRaftLogWorker:Storage Directory /workdir/hadoop-ozone/integration-test/target/test-dir/MiniOzoneClusterImpl-84113157-6906-4aba-8e15-158381d9b249/datanode-4/data/ratis/dbd09a0e-3bda-42ee-b5c8-872c8800add7: Starting segment from index:0
2019-08-02 03:50:50,503 INFO  impl.RaftServerImpl (ServerState.java:setRaftConf(361)) - 89ab80e0-388e-4661-bbc3-827c06d03540:group-872C8800ADD7 set configuration 0: [89ab80e0-388e-4661-bbc3-827c06d03540:192.168.157.195:42594], old=null at 0
2019-08-02 03:50:50,536 INFO  segmented.SegmentedRaftLogWorker (SegmentedRaftLogWorker.java:execute(569)) - 89ab80e0-388e-4661-bbc3-827c06d03540-SegmentedRaftLogWorker:Storage Directory /workdir/hadoop-ozone/integration-test/target/test-dir/MiniOzoneClusterImpl-84113157-6906-4aba-8e15-158381d9b249/datanode-4/data/ratis/dbd09a0e-3bda-42ee-b5c8-872c8800add7: created new log segment /workdir/hadoop-ozone/integration-test/target/test-dir/MiniOzoneClusterImpl-84113157-6906-4aba-8e15-158381d9b249/datanode-4/data/ratis/dbd09a0e-3bda-42ee-b5c8-872c8800add7/current/log_inprogress_0
2019-08-02 03:50:50,652 INFO  impl.FollowerState (FollowerState.java:run(106)) - 4604a97f-b47c-43a7-a2e6-2227e86dd80c:group-6DC78E9EEEB7 changes to CANDIDATE, lastRpcTime:5135, electionTimeout:5134ms
2019-08-02 03:50:50,653 INFO  impl.RoleInfo (RoleInfo.java:shutdownFollowerState(121)) - 4604a97f-b47c-43a7-a2e6-2227e86dd80c: shutdown FollowerState
2019-08-02 03:50:50,653 INFO  impl.RaftServerImpl (RaftServerImpl.java:setRole(171)) - 4604a97f-b47c-43a7-a2e6-2227e86dd80c:group-6DC78E9EEEB7 changes role from FOLLOWER to CANDIDATE at term 0 for changeToCandidate
2019-08-02 03:50:50,653 INFO  impl.RoleInfo (RoleInfo.java:updateAndGet(143)) - 4604a97f-b47c-43a7-a2e6-2227e86dd80c: start LeaderElection
2019-08-02 03:50:50,657 INFO  impl.FollowerState (FollowerState.java:run(106)) - 900c4ec9-b430-440c-ab1c-ab410cc53093:group-6DC78E9EEEB7 changes to CANDIDATE, lastRpcTime:5158, electionTimeout:5157ms
2019-08-02 03:50:50,666 INFO  impl.RoleInfo (RoleInfo.java:shutdownFollowerState(121)) - 900c4ec9-b430-440c-ab1c-ab410cc53093: shutdown FollowerState
2019-08-02 03:50:50,666 INFO  impl.RaftServerImpl (RaftServerImpl.java:setRole(171)) - 900c4ec9-b430-440c-ab1c-ab410cc53093:group-6DC78E9EEEB7 changes role from FOLLOWER to CANDIDATE at term 0 for changeToCandidate
2019-08-02 03:50:50,667 INFO  impl.RoleInfo (RoleInfo.java:updateAndGet(143)) - 900c4ec9-b430-440c-ab1c-ab410cc53093: start LeaderElection
2019-08-02 03:50:50,683 INFO  impl.LeaderElection (LeaderElection.java:askForVotes(181)) - 900c4ec9-b430-440c-ab1c-ab410cc53093:group-6DC78E9EEEB7:LeaderElection8: begin an election at term 1 for -1: [900c4ec9-b430-440c-ab1c-ab410cc53093:192.168.157.195:46717, a1a38639-c43a-4fb8-8d2b-e8dec4c28f9f:192.168.157.195:39091, 4604a97f-b47c-43a7-a2e6-2227e86dd80c:192.168.157.195:44167], old=null
2019-08-02 03:50:50,683 INFO  impl.LeaderElection (LeaderElection.java:askForVotes(181)) - 4604a97f-b47c-43a7-a2e6-2227e86dd80c:group-6DC78E9EEEB7:LeaderElection7: begin an election at term 1 for -1: [900c4ec9-b430-440c-ab1c-ab410cc53093:192.168.157.195:46717, a1a38639-c43a-4fb8-8d2b-e8dec4c28f9f:192.168.157.195:39091, 4604a97f-b47c-43a7-a2e6-2227e86dd80c:192.168.157.195:44167], old=null
2019-08-02 03:50:50,693 INFO  impl.FollowerState (FollowerState.java:run(106)) - a1a38639-c43a-4fb8-8d2b-e8dec4c28f9f:group-6DC78E9EEEB7 changes to CANDIDATE, lastRpcTime:5176, electionTimeout:5174ms
2019-08-02 03:50:50,693 INFO  impl.RoleInfo (RoleInfo.java:shutdownFollowerState(121)) - a1a38639-c43a-4fb8-8d2b-e8dec4c28f9f: shutdown FollowerState
2019-08-02 03:50:50,693 INFO  impl.RaftServerImpl (RaftServerImpl.java:setRole(171)) - a1a38639-c43a-4fb8-8d2b-e8dec4c28f9f:group-6DC78E9EEEB7 changes role from FOLLOWER to CANDIDATE at term 0 for changeToCandidate
2019-08-02 03:50:50,693 INFO  impl.RoleInfo (RoleInfo.java:updateAndGet(143)) - a1a38639-c43a-4fb8-8d2b-e8dec4c28f9f: start LeaderElection
2019-08-02 03:50:50,723 INFO  impl.LeaderElection (LeaderElection.java:askForVotes(181)) - a1a38639-c43a-4fb8-8d2b-e8dec4c28f9f:group-6DC78E9EEEB7:LeaderElection9: begin an election at term 1 for -1: [900c4ec9-b430-440c-ab1c-ab410cc53093:192.168.157.195:46717, a1a38639-c43a-4fb8-8d2b-e8dec4c28f9f:192.168.157.195:39091, 4604a97f-b47c-43a7-a2e6-2227e86dd80c:192.168.157.195:44167], old=null
2019-08-02 03:50:50,761 INFO  impl.LeaderElection (LeaderElection.java:logAndReturn(56)) - 4604a97f-b47c-43a7-a2e6-2227e86dd80c:group-6DC78E9EEEB7:LeaderElection7: Election REJECTED; received 2 response(s) [4604a97f-b47c-43a7-a2e6-2227e86dd80c<-900c4ec9-b430-440c-ab1c-ab410cc53093#0:FAIL-t1, 4604a97f-b47c-43a7-a2e6-2227e86dd80c<-a1a38639-c43a-4fb8-8d2b-e8dec4c28f9f#0:FAIL-t1] and 0 exception(s); 4604a97f-b47c-43a7-a2e6-2227e86dd80c:t1, leader=null, voted=4604a97f-b47c-43a7-a2e6-2227e86dd80c, raftlog=4604a97f-b47c-43a7-a2e6-2227e86dd80c-SegmentedRaftLog:OPENED:c-1,f-1,i0, conf=-1: [900c4ec9-b430-440c-ab1c-ab410cc53093:192.168.157.195:46717, a1a38639-c43a-4fb8-8d2b-e8dec4c28f9f:192.168.157.195:39091, 4604a97f-b47c-43a7-a2e6-2227e86dd80c:192.168.157.195:44167], old=null
2019-08-02 03:50:50,771 INFO  impl.RaftServerImpl (RaftServerImpl.java:setRole(171)) - 4604a97f-b47c-43a7-a2e6-2227e86dd80c:group-6DC78E9EEEB7 changes role from CANDIDATE to FOLLOWER at term 1 for DISCOVERED_A_NEW_TERM
2019-08-02 03:50:50,771 INFO  impl.RoleInfo (RoleInfo.java:shutdownLeaderElection(134)) - 4604a97f-b47c-43a7-a2e6-2227e86dd80c: shutdown LeaderElection
2019-08-02 03:50:50,771 INFO  impl.RoleInfo (RoleInfo.java:updateAndGet(143)) - 4604a97f-b47c-43a7-a2e6-2227e86dd80c: start FollowerState
2019-08-02 03:50:50,774 INFO  impl.LeaderElection (LeaderElection.java:logAndReturn(56)) - 900c4ec9-b430-440c-ab1c-ab410cc53093:group-6DC78E9EEEB7:LeaderElection8: Election REJECTED; received 2 response(s) [900c4ec9-b430-440c-ab1c-ab410cc53093<-a1a38639-c43a-4fb8-8d2b-e8dec4c28f9f#0:FAIL-t1, 900c4ec9-b430-440c-ab1c-ab410cc53093<-4604a97f-b47c-43a7-a2e6-2227e86dd80c#0:FAIL-t1] and 0 exception(s); 900c4ec9-b430-440c-ab1c-ab410cc53093:t1, leader=null, voted=900c4ec9-b430-440c-ab1c-ab410cc53093, raftlog=900c4ec9-b430-440c-ab1c-ab410cc53093-SegmentedRaftLog:OPENED:c-1,f-1,i0, conf=-1: [900c4ec9-b430-440c-ab1c-ab410cc53093:192.168.157.195:46717, a1a38639-c43a-4fb8-8d2b-e8dec4c28f9f:192.168.157.195:39091, 4604a97f-b47c-43a7-a2e6-2227e86dd80c:192.168.157.195:44167], old=null
2019-08-02 03:50:50,776 INFO  impl.RaftServerImpl (RaftServerImpl.java:setRole(171)) - 900c4ec9-b430-440c-ab1c-ab410cc53093:group-6DC78E9EEEB7 changes role from CANDIDATE to FOLLOWER at term 1 for DISCOVERED_A_NEW_TERM
2019-08-02 03:50:50,776 INFO  impl.RoleInfo (RoleInfo.java:shutdownLeaderElection(134)) - 900c4ec9-b430-440c-ab1c-ab410cc53093: shutdown LeaderElection
2019-08-02 03:50:50,779 INFO  impl.RoleInfo (RoleInfo.java:updateAndGet(143)) - 900c4ec9-b430-440c-ab1c-ab410cc53093: start FollowerState
2019-08-02 03:50:50,786 INFO  impl.FollowerState (FollowerState.java:run(106)) - 567f9a7e-75e4-43e0-9e77-48523bbca25a:group-12B1EA9C05A1 changes to CANDIDATE, lastRpcTime:5085, electionTimeout:5083ms
2019-08-02 03:50:50,788 INFO  impl.RoleInfo (RoleInfo.java:shutdownFollowerState(121)) - 567f9a7e-75e4-43e0-9e77-48523bbca25a: shutdown FollowerState
2019-08-02 03:50:50,788 INFO  impl.RaftServerImpl (RaftServerImpl.java:setRole(171)) - 567f9a7e-75e4-43e0-9e77-48523bbca25a:group-12B1EA9C05A1 changes role from FOLLOWER to CANDIDATE at term 0 for changeToCandidate
2019-08-02 03:50:50,790 INFO  impl.RoleInfo (RoleInfo.java:updateAndGet(143)) - 567f9a7e-75e4-43e0-9e77-48523bbca25a: start LeaderElection
2019-08-02 03:50:50,798 INFO  client.GrpcClientProtocolClient (GrpcClientProtocolClient.java:onNext(255)) - client-07B5B2F22D8B->2e689469-91c8-4255-9cfa-8856feb34fdb: receive RaftClientReply:client-07B5B2F22D8B->2e689469-91c8-4255-9cfa-8856feb34fdb@group-12B1EA9C05A1, cid=12, FAILED org.apache.ratis.protocol.NotLeaderException: Server 2e689469-91c8-4255-9cfa-8856feb34fdb is not the leader (null). Request must be sent to leader., logIndex=0, commits[2e689469-91c8-4255-9cfa-8856feb34fdb:c-1]
2019-08-02 03:50:50,799 INFO  impl.FollowerState (FollowerState.java:run(106)) - 2e689469-91c8-4255-9cfa-8856feb34fdb:group-12B1EA9C05A1 changes to CANDIDATE, lastRpcTime:5108, electionTimeout:5107ms
2019-08-02 03:50:50,799 INFO  impl.RoleInfo (RoleInfo.java:shutdownFollowerState(121)) - 2e689469-91c8-4255-9cfa-8856feb34fdb: shutdown FollowerState
2019-08-02 03:50:50,799 INFO  impl.RaftServerImpl (RaftServerImpl.java:setRole(171)) - 2e689469-91c8-4255-9cfa-8856feb34fdb:group-12B1EA9C05A1 changes role from FOLLOWER to CANDIDATE at term 0 for changeToCandidate
2019-08-02 03:50:50,800 INFO  impl.RoleInfo (RoleInfo.java:updateAndGet(143)) - 2e689469-91c8-4255-9cfa-8856feb34fdb: start LeaderElection
2019-08-02 03:50:50,800 INFO  impl.LeaderElection (LeaderElection.java:logAndReturn(56)) - a1a38639-c43a-4fb8-8d2b-e8dec4c28f9f:group-6DC78E9EEEB7:LeaderElection9: Election REJECTED; received 2 response(s) [a1a38639-c43a-4fb8-8d2b-e8dec4c28f9f<-900c4ec9-b430-440c-ab1c-ab410cc53093#0:FAIL-t1, a1a38639-c43a-4fb8-8d2b-e8dec4c28f9f<-4604a97f-b47c-43a7-a2e6-2227e86dd80c#0:FAIL-t1] and 0 exception(s); a1a38639-c43a-4fb8-8d2b-e8dec4c28f9f:t1, leader=null, voted=a1a38639-c43a-4fb8-8d2b-e8dec4c28f9f, raftlog=a1a38639-c43a-4fb8-8d2b-e8dec4c28f9f-SegmentedRaftLog:OPENED:c-1,f-1,i0, conf=-1: [900c4ec9-b430-440c-ab1c-ab410cc53093:192.168.157.195:46717, a1a38639-c43a-4fb8-8d2b-e8dec4c28f9f:192.168.157.195:39091, 4604a97f-b47c-43a7-a2e6-2227e86dd80c:192.168.157.195:44167], old=null
2019-08-02 03:50:50,805 INFO  impl.RaftServerImpl (RaftServerImpl.java:setRole(171)) - a1a38639-c43a-4fb8-8d2b-e8dec4c28f9f:group-6DC78E9EEEB7 changes role from CANDIDATE to FOLLOWER at term 1 for DISCOVERED_A_NEW_TERM
2019-08-02 03:50:50,805 INFO  impl.RoleInfo (RoleInfo.java:shutdownLeaderElection(134)) - a1a38639-c43a-4fb8-8d2b-e8dec4c28f9f: shutdown LeaderElection
2019-08-02 03:50:50,806 INFO  impl.RoleInfo (RoleInfo.java:updateAndGet(143)) - a1a38639-c43a-4fb8-8d2b-e8dec4c28f9f: start FollowerState
2019-08-02 03:50:50,810 INFO  impl.LeaderElection (LeaderElection.java:askForVotes(181)) - 2e689469-91c8-4255-9cfa-8856feb34fdb:group-12B1EA9C05A1:LeaderElection11: begin an election at term 1 for -1: [2e689469-91c8-4255-9cfa-8856feb34fdb:192.168.157.195:43562, 567f9a7e-75e4-43e0-9e77-48523bbca25a:192.168.157.195:35268, 89ab80e0-388e-4661-bbc3-827c06d03540:192.168.157.195:42594], old=null
2019-08-02 03:50:50,811 INFO  impl.LeaderElection (LeaderElection.java:askForVotes(181)) - 567f9a7e-75e4-43e0-9e77-48523bbca25a:group-12B1EA9C05A1:LeaderElection10: begin an election at term 1 for -1: [2e689469-91c8-4255-9cfa-8856feb34fdb:192.168.157.195:43562, 567f9a7e-75e4-43e0-9e77-48523bbca25a:192.168.157.195:35268, 89ab80e0-388e-4661-bbc3-827c06d03540:192.168.157.195:42594], old=null
2019-08-02 03:50:50,829 INFO  impl.FollowerState (FollowerState.java:run(106)) - 89ab80e0-388e-4661-bbc3-827c06d03540:group-12B1EA9C05A1 changes to CANDIDATE, lastRpcTime:5123, electionTimeout:5122ms
2019-08-02 03:50:50,829 INFO  impl.RoleInfo (RoleInfo.java:shutdownFollowerState(121)) - 89ab80e0-388e-4661-bbc3-827c06d03540: shutdown FollowerState
2019-08-02 03:50:50,829 WARN  io.KeyOutputStream (KeyOutputStream.java:handleException(276)) - Encountered exception java.io.IOException: Unexpected Storage Container Exception: java.util.concurrent.CompletionException: java.util.concurrent.CompletionException: org.apache.ratis.protocol.RaftRetryFailureException: Failed RaftClientRequest:client-07B5B2F22D8B->2e689469-91c8-4255-9cfa-8856feb34fdb@group-12B1EA9C05A1, cid=12, seq=1*, RW, org.apache.hadoop.hdds.scm.XceiverClientRatis$$Lambda$314/1993403607@405bd905 for 5 attempts with RetryLimited(maxAttempts=5, sleepTime=1000ms) on the pipeline Pipeline[ Id: 3029c043-4546-4c1a-9272-12b1ea9c05a1, Nodes: 567f9a7e-75e4-43e0-9e77-48523bbca25a{ip: 192.168.157.195, host: byscane-nightly-xzrzg-2697134946, networkLocation: /default-rack, certSerialId: null}2e689469-91c8-4255-9cfa-8856feb34fdb{ip: 192.168.157.195, host: byscane-nightly-xzrzg-2697134946, networkLocation: /default-rack, certSerialId: null}89ab80e0-388e-4661-bbc3-827c06d03540{ip: 192.168.157.195, host: byscane-nightly-xzrzg-2697134946, networkLocation: /default-rack, certSerialId: null}, Type:RATIS, Factor:THREE, State:OPEN]. The last committed block length is 0, uncommitted data length is 2097152 retry count 0
2019-08-02 03:50:50,829 INFO  impl.RaftServerImpl (RaftServerImpl.java:setRole(171)) - 89ab80e0-388e-4661-bbc3-827c06d03540:group-12B1EA9C05A1 changes role from FOLLOWER to CANDIDATE at term 0 for changeToCandidate
2019-08-02 03:50:50,830 INFO  impl.RoleInfo (RoleInfo.java:updateAndGet(143)) - 89ab80e0-388e-4661-bbc3-827c06d03540: start LeaderElection
2019-08-02 03:50:50,847 INFO  impl.LeaderElection (LeaderElection.java:askForVotes(181)) - 89ab80e0-388e-4661-bbc3-827c06d03540:group-12B1EA9C05A1:LeaderElection12: begin an election at term 1 for -1: [2e689469-91c8-4255-9cfa-8856feb34fdb:192.168.157.195:43562, 567f9a7e-75e4-43e0-9e77-48523bbca25a:192.168.157.195:35268, 89ab80e0-388e-4661-bbc3-827c06d03540:192.168.157.195:42594], old=null
2019-08-02 03:50:50,859 INFO  impl.LeaderElection (LeaderElection.java:logAndReturn(56)) - 567f9a7e-75e4-43e0-9e77-48523bbca25a:group-12B1EA9C05A1:LeaderElection10: Election REJECTED; received 2 response(s) [567f9a7e-75e4-43e0-9e77-48523bbca25a<-2e689469-91c8-4255-9cfa-8856feb34fdb#0:FAIL-t1, 567f9a7e-75e4-43e0-9e77-48523bbca25a<-89ab80e0-388e-4661-bbc3-827c06d03540#0:FAIL-t1] and 0 exception(s); 567f9a7e-75e4-43e0-9e77-48523bbca25a:t1, leader=null, voted=567f9a7e-75e4-43e0-9e77-48523bbca25a, raftlog=567f9a7e-75e4-43e0-9e77-48523bbca25a-SegmentedRaftLog:OPENED:c-1,f-1,i0, conf=-1: [2e689469-91c8-4255-9cfa-8856feb34fdb:192.168.157.195:43562, 567f9a7e-75e4-43e0-9e77-48523bbca25a:192.168.157.195:35268, 89ab80e0-388e-4661-bbc3-827c06d03540:192.168.157.195:42594], old=null
2019-08-02 03:50:50,861 INFO  impl.RaftServerImpl (RaftServerImpl.java:setRole(171)) - 567f9a7e-75e4-43e0-9e77-48523bbca25a:group-12B1EA9C05A1 changes role from CANDIDATE to FOLLOWER at term 1 for DISCOVERED_A_NEW_TERM
2019-08-02 03:50:50,865 INFO  impl.RoleInfo (RoleInfo.java:shutdownLeaderElection(134)) - 567f9a7e-75e4-43e0-9e77-48523bbca25a: shutdown LeaderElection
2019-08-02 03:50:50,865 INFO  impl.LeaderElection (LeaderElection.java:logAndReturn(56)) - 2e689469-91c8-4255-9cfa-8856feb34fdb:group-12B1EA9C05A1:LeaderElection11: Election REJECTED; received 2 response(s) [2e689469-91c8-4255-9cfa-8856feb34fdb<-567f9a7e-75e4-43e0-9e77-48523bbca25a#0:FAIL-t1, 2e689469-91c8-4255-9cfa-8856feb34fdb<-89ab80e0-388e-4661-bbc3-827c06d03540#0:FAIL-t1] and 0 exception(s); 2e689469-91c8-4255-9cfa-8856feb34fdb:t1, leader=null, voted=2e689469-91c8-4255-9cfa-8856feb34fdb, raftlog=2e689469-91c8-4255-9cfa-8856feb34fdb-SegmentedRaftLog:OPENED:c-1,f-1,i0, conf=-1: [2e689469-91c8-4255-9cfa-8856feb34fdb:192.168.157.195:43562, 567f9a7e-75e4-43e0-9e77-48523bbca25a:192.168.157.195:35268, 89ab80e0-388e-4661-bbc3-827c06d03540:192.168.157.195:42594], old=null
2019-08-02 03:50:50,867 INFO  impl.RaftServerImpl (RaftServerImpl.java:setRole(171)) - 2e689469-91c8-4255-9cfa-8856feb34fdb:group-12B1EA9C05A1 changes role from CANDIDATE to FOLLOWER at term 1 for DISCOVERED_A_NEW_TERM
2019-08-02 03:50:50,869 INFO  impl.RoleInfo (RoleInfo.java:updateAndGet(143)) - 567f9a7e-75e4-43e0-9e77-48523bbca25a: start FollowerState
2019-08-02 03:50:50,872 INFO  impl.RoleInfo (RoleInfo.java:shutdownLeaderElection(134)) - 2e689469-91c8-4255-9cfa-8856feb34fdb: shutdown LeaderElection
2019-08-02 03:50:50,872 INFO  impl.RoleInfo (RoleInfo.java:updateAndGet(143)) - 2e689469-91c8-4255-9cfa-8856feb34fdb: start FollowerState
2019-08-02 03:50:50,895 INFO  impl.LeaderElection (LeaderElection.java:logAndReturn(56)) - 89ab80e0-388e-4661-bbc3-827c06d03540:group-12B1EA9C05A1:LeaderElection12: Election REJECTED; received 2 response(s) [89ab80e0-388e-4661-bbc3-827c06d03540<-2e689469-91c8-4255-9cfa-8856feb34fdb#0:FAIL-t1, 89ab80e0-388e-4661-bbc3-827c06d03540<-567f9a7e-75e4-43e0-9e77-48523bbca25a#0:FAIL-t1] and 0 exception(s); 89ab80e0-388e-4661-bbc3-827c06d03540:t1, leader=null, voted=89ab80e0-388e-4661-bbc3-827c06d03540, raftlog=89ab80e0-388e-4661-bbc3-827c06d03540-SegmentedRaftLog:OPENED:c-1,f-1,i0, conf=-1: [2e689469-91c8-4255-9cfa-8856feb34fdb:192.168.157.195:43562, 567f9a7e-75e4-43e0-9e77-48523bbca25a:192.168.157.195:35268, 89ab80e0-388e-4661-bbc3-827c06d03540:192.168.157.195:42594], old=null
2019-08-02 03:50:50,895 INFO  impl.RaftServerImpl (RaftServerImpl.java:setRole(171)) - 89ab80e0-388e-4661-bbc3-827c06d03540:group-12B1EA9C05A1 changes role from CANDIDATE to FOLLOWER at term 1 for DISCOVERED_A_NEW_TERM
2019-08-02 03:50:50,895 INFO  impl.RoleInfo (RoleInfo.java:shutdownLeaderElection(134)) - 89ab80e0-388e-4661-bbc3-827c06d03540: shutdown LeaderElection
2019-08-02 03:50:50,895 INFO  impl.RoleInfo (RoleInfo.java:updateAndGet(143)) - 89ab80e0-388e-4661-bbc3-827c06d03540: start FollowerState
2019-08-02 03:50:50,920 INFO  client.GrpcClientProtocolClient (GrpcClientProtocolClient.java:onNext(255)) - client-41E8E452353E->a1a38639-c43a-4fb8-8d2b-e8dec4c28f9f: receive RaftClientReply:client-41E8E452353E->a1a38639-c43a-4fb8-8d2b-e8dec4c28f9f@group-6DC78E9EEEB7, cid=16, FAILED org.apache.ratis.protocol.NotLeaderException: Server a1a38639-c43a-4fb8-8d2b-e8dec4c28f9f is not the leader (null). Request must be sent to leader., logIndex=0, commits[a1a38639-c43a-4fb8-8d2b-e8dec4c28f9f:c-1]
2019-08-02 03:50:51,957 INFO  client.GrpcClientProtocolClient (GrpcClientProtocolClient.java:onNext(255)) - client-41E8E452353E->4604a97f-b47c-43a7-a2e6-2227e86dd80c: receive RaftClientReply:client-41E8E452353E->4604a97f-b47c-43a7-a2e6-2227e86dd80c@group-6DC78E9EEEB7, cid=16, FAILED org.apache.ratis.protocol.NotLeaderException: Server 4604a97f-b47c-43a7-a2e6-2227e86dd80c is not the leader (null). Request must be sent to leader., logIndex=0, commits[4604a97f-b47c-43a7-a2e6-2227e86dd80c:c-1]
2019-08-02 03:50:52,990 INFO  client.GrpcClientProtocolClient (GrpcClientProtocolClient.java:onNext(255)) - client-41E8E452353E->a1a38639-c43a-4fb8-8d2b-e8dec4c28f9f: receive RaftClientReply:client-41E8E452353E->a1a38639-c43a-4fb8-8d2b-e8dec4c28f9f@group-6DC78E9EEEB7, cid=16, FAILED org.apache.ratis.protocol.NotLeaderException: Server a1a38639-c43a-4fb8-8d2b-e8dec4c28f9f is not the leader (null). Request must be sent to leader., logIndex=0, commits[a1a38639-c43a-4fb8-8d2b-e8dec4c28f9f:c-1]
2019-08-02 03:50:54,020 INFO  client.GrpcClientProtocolClient (GrpcClientProtocolClient.java:onNext(255)) - client-41E8E452353E->900c4ec9-b430-440c-ab1c-ab410cc53093: receive RaftClientReply:client-41E8E452353E->900c4ec9-b430-440c-ab1c-ab410cc53093@group-6DC78E9EEEB7, cid=16, FAILED org.apache.ratis.protocol.NotLeaderException: Server 900c4ec9-b430-440c-ab1c-ab410cc53093 is not the leader (null). Request must be sent to leader., logIndex=0, commits[900c4ec9-b430-440c-ab1c-ab410cc53093:c-1]
2019-08-02 03:50:55,053 INFO  client.GrpcClientProtocolClient (GrpcClientProtocolClient.java:onNext(255)) - client-41E8E452353E->a1a38639-c43a-4fb8-8d2b-e8dec4c28f9f: receive RaftClientReply:client-41E8E452353E->a1a38639-c43a-4fb8-8d2b-e8dec4c28f9f@group-6DC78E9EEEB7, cid=16, FAILED org.apache.ratis.protocol.NotLeaderException: Server a1a38639-c43a-4fb8-8d2b-e8dec4c28f9f is not the leader (null). Request must be sent to leader., logIndex=0, commits[a1a38639-c43a-4fb8-8d2b-e8dec4c28f9f:c-1]
2019-08-02 03:50:55,064 WARN  io.KeyOutputStream (KeyOutputStream.java:handleException(276)) - Encountered exception java.io.IOException: Unexpected Storage Container Exception: java.util.concurrent.CompletionException: java.util.concurrent.CompletionException: org.apache.ratis.protocol.RaftRetryFailureException: Failed RaftClientRequest:client-41E8E452353E->a1a38639-c43a-4fb8-8d2b-e8dec4c28f9f@group-6DC78E9EEEB7, cid=16, seq=1*, RW, org.apache.hadoop.hdds.scm.XceiverClientRatis$$Lambda$314/1993403607@2acd565c for 5 attempts with RetryLimited(maxAttempts=5, sleepTime=1000ms) on the pipeline Pipeline[ Id: 55c268c0-03c9-4e07-80b0-6dc78e9eeeb7, Nodes: a1a38639-c43a-4fb8-8d2b-e8dec4c28f9f{ip: 192.168.157.195, host: byscane-nightly-xzrzg-2697134946, networkLocation: /default-rack, certSerialId: null}4604a97f-b47c-43a7-a2e6-2227e86dd80c{ip: 192.168.157.195, host: byscane-nightly-xzrzg-2697134946, networkLocation: /default-rack, certSerialId: null}900c4ec9-b430-440c-ab1c-ab410cc53093{ip: 192.168.157.195, host: byscane-nightly-xzrzg-2697134946, networkLocation: /default-rack, certSerialId: null}, Type:RATIS, Factor:THREE, State:OPEN]. The last committed block length is 0, uncommitted data length is 2097152 retry count 1
2019-08-02 03:50:55,083 WARN  block.BlockManagerImpl (BlockManagerImpl.java:allocateBlock(192)) - Pipeline creation failed for type:RATIS factor:THREE. Retrying get pipelines call once.
org.apache.hadoop.hdds.scm.pipeline.InsufficientDatanodesException: Cannot create pipeline of factor 3 using 0 nodes.
	at org.apache.hadoop.hdds.scm.pipeline.RatisPipelineProvider.create(RatisPipelineProvider.java:151)
	at org.apache.hadoop.hdds.scm.pipeline.PipelineFactory.create(PipelineFactory.java:57)
	at org.apache.hadoop.hdds.scm.pipeline.SCMPipelineManager.createPipeline(SCMPipelineManager.java:149)
	at org.apache.hadoop.hdds.scm.block.BlockManagerImpl.allocateBlock(BlockManagerImpl.java:190)
	at org.apache.hadoop.hdds.scm.server.SCMBlockProtocolServer.allocateBlock(SCMBlockProtocolServer.java:175)
	at org.apache.hadoop.ozone.protocolPB.ScmBlockLocationProtocolServerSideTranslatorPB.allocateScmBlock(ScmBlockLocationProtocolServerSideTranslatorPB.java:153)
	at org.apache.hadoop.ozone.protocolPB.ScmBlockLocationProtocolServerSideTranslatorPB.send(ScmBlockLocationProtocolServerSideTranslatorPB.java:112)
	at org.apache.hadoop.hdds.protocol.proto.ScmBlockLocationProtocolProtos$ScmBlockLocationProtocolService$2.callBlockingMethod(ScmBlockLocationProtocolProtos.java:13157)
	at org.apache.hadoop.ipc.ProtobufRpcEngine$Server$ProtoBufRpcInvoker.call(ProtobufRpcEngine.java:524)
	at org.apache.hadoop.ipc.RPC$Server.call(RPC.java:1025)
	at org.apache.hadoop.ipc.Server$RpcCall.run(Server.java:876)
	at org.apache.hadoop.ipc.Server$RpcCall.run(Server.java:822)
	at java.security.AccessController.doPrivileged(Native Method)
	at javax.security.auth.Subject.doAs(Subject.java:422)
	at org.apache.hadoop.security.UserGroupInformation.doAs(UserGroupInformation.java:1730)
	at org.apache.hadoop.ipc.Server$Handler.run(Server.java:2682)
2019-08-02 03:50:55,088 INFO  block.BlockManagerImpl (BlockManagerImpl.java:allocateBlock(198)) - Could not find available pipeline of type:RATIS and factor:THREE even after retrying
2019-08-02 03:50:55,088 ERROR block.BlockManagerImpl (BlockManagerImpl.java:allocateBlock(222)) - Unable to allocate a block for the size: 4194304, type: RATIS, factor: THREE
03:50:55.095 [IPC Server handler 18 on 33309] ERROR OMAudit - user=jenkins1000 | ip=127.0.0.1 | op=ALLOCATE_BLOCK {volume=datanodefailurehandlingtest, bucket=datanodefailurehandlingtest, key=ratis3, dataSize=0, replicationType=null, replicationFactor=null, keyLocationInfo=null, clientID=102545348773085184} | ret=FAILURE
org.apache.hadoop.hdds.scm.exceptions.SCMException: Allocated 0 blocks. Requested 1 blocks
	at org.apache.hadoop.hdds.scm.protocolPB.ScmBlockLocationProtocolClientSideTranslatorPB.handleError(ScmBlockLocationProtocolClientSideTranslatorPB.java:118) ~[hadoop-hdds-common-0.4.1-SNAPSHOT.jar:?]
	at org.apache.hadoop.hdds.scm.protocolPB.ScmBlockLocationProtocolClientSideTranslatorPB.allocateBlock(ScmBlockLocationProtocolClientSideTranslatorPB.java:156) ~[hadoop-hdds-common-0.4.1-SNAPSHOT.jar:?]
	at sun.reflect.NativeMethodAccessorImpl.invoke0(Native Method) ~[?:1.8.0_212]
	at sun.reflect.NativeMethodAccessorImpl.invoke(NativeMethodAccessorImpl.java:62) ~[?:1.8.0_212]
	at sun.reflect.DelegatingMethodAccessorImpl.invoke(DelegatingMethodAccessorImpl.java:43) ~[?:1.8.0_212]
	at java.lang.reflect.Method.invoke(Method.java:498) ~[?:1.8.0_212]
	at org.apache.hadoop.hdds.tracing.TraceAllMethod.invoke(TraceAllMethod.java:66) ~[hadoop-hdds-common-0.4.1-SNAPSHOT.jar:?]
	at com.sun.proxy.$Proxy25.allocateBlock(Unknown Source) ~[?:?]
	at org.apache.hadoop.ozone.om.KeyManagerImpl.allocateBlock(KeyManagerImpl.java:333) ~[hadoop-ozone-ozone-manager-0.4.1-SNAPSHOT.jar:?]
	at org.apache.hadoop.ozone.om.KeyManagerImpl.allocateBlock(KeyManagerImpl.java:304) ~[hadoop-ozone-ozone-manager-0.4.1-SNAPSHOT.jar:?]
	at org.apache.hadoop.ozone.om.OzoneManager.allocateBlock(OzoneManager.java:2291) [hadoop-ozone-ozone-manager-0.4.1-SNAPSHOT.jar:?]
	at org.apache.hadoop.ozone.protocolPB.OzoneManagerRequestHandler.allocateBlock(OzoneManagerRequestHandler.java:717) [hadoop-ozone-ozone-manager-0.4.1-SNAPSHOT.jar:?]
	at org.apache.hadoop.ozone.protocolPB.OzoneManagerRequestHandler.handle(OzoneManagerRequestHandler.java:240) [hadoop-ozone-ozone-manager-0.4.1-SNAPSHOT.jar:?]
	at org.apache.hadoop.ozone.protocolPB.OzoneManagerProtocolServerSideTranslatorPB.submitRequestDirectlyToOM(OzoneManagerProtocolServerSideTranslatorPB.java:192) [hadoop-ozone-ozone-manager-0.4.1-SNAPSHOT.jar:?]
	at org.apache.hadoop.ozone.protocolPB.OzoneManagerProtocolServerSideTranslatorPB.submitRequest(OzoneManagerProtocolServerSideTranslatorPB.java:110) [hadoop-ozone-ozone-manager-0.4.1-SNAPSHOT.jar:?]
	at org.apache.hadoop.ozone.protocol.proto.OzoneManagerProtocolProtos$OzoneManagerService$2.callBlockingMethod(OzoneManagerProtocolProtos.java) [hadoop-ozone-common-0.4.1-SNAPSHOT.jar:?]
	at org.apache.hadoop.ipc.ProtobufRpcEngine$Server$ProtoBufRpcInvoker.call(ProtobufRpcEngine.java:524) [hadoop-common-3.2.0.jar:?]
	at org.apache.hadoop.ipc.RPC$Server.call(RPC.java:1025) [hadoop-common-3.2.0.jar:?]
	at org.apache.hadoop.ipc.Server$RpcCall.run(Server.java:876) [hadoop-common-3.2.0.jar:?]
	at org.apache.hadoop.ipc.Server$RpcCall.run(Server.java:822) [hadoop-common-3.2.0.jar:?]
	at java.security.AccessController.doPrivileged(Native Method) [?:1.8.0_212]
	at javax.security.auth.Subject.doAs(Subject.java:422) [?:1.8.0_212]
	at org.apache.hadoop.security.UserGroupInformation.doAs(UserGroupInformation.java:1730) [hadoop-common-3.2.0.jar:?]
	at org.apache.hadoop.ipc.Server$Handler.run(Server.java:2682) [hadoop-common-3.2.0.jar:?]
2019-08-02 03:50:55,118 ERROR io.BlockOutputStreamEntryPool (BlockOutputStreamEntryPool.java:allocateBlockIfNeeded(299)) - Try to allocate more blocks for write failed, already allocated 0 blocks for this write.
INTERNAL_ERROR org.apache.hadoop.ozone.om.exceptions.OMException: Allocated 0 blocks. Requested 1 blocks
	at org.apache.hadoop.ozone.om.protocolPB.OzoneManagerProtocolClientSideTranslatorPB.handleError(OzoneManagerProtocolClientSideTranslatorPB.java:720)
	at org.apache.hadoop.ozone.om.protocolPB.OzoneManagerProtocolClientSideTranslatorPB.allocateBlock(OzoneManagerProtocolClientSideTranslatorPB.java:752)
	at org.apache.hadoop.ozone.client.io.BlockOutputStreamEntryPool.allocateNewBlock(BlockOutputStreamEntryPool.java:248)
	at org.apache.hadoop.ozone.client.io.BlockOutputStreamEntryPool.allocateBlockIfNeeded(BlockOutputStreamEntryPool.java:296)
	at org.apache.hadoop.ozone.client.io.KeyOutputStream.handleWrite(KeyOutputStream.java:201)
	at org.apache.hadoop.ozone.client.io.KeyOutputStream.handleRetry(KeyOutputStream.java:376)
	at org.apache.hadoop.ozone.client.io.KeyOutputStream.handleException(KeyOutputStream.java:325)
	at org.apache.hadoop.ozone.client.io.KeyOutputStream.handleWrite(KeyOutputStream.java:231)
	at org.apache.hadoop.ozone.client.io.KeyOutputStream.handleRetry(KeyOutputStream.java:376)
	at org.apache.hadoop.ozone.client.io.KeyOutputStream.handleException(KeyOutputStream.java:325)
	at org.apache.hadoop.ozone.client.io.KeyOutputStream.handleWrite(KeyOutputStream.java:231)
	at org.apache.hadoop.ozone.client.io.KeyOutputStream.write(KeyOutputStream.java:193)
	at org.apache.hadoop.ozone.client.io.OzoneOutputStream.write(OzoneOutputStream.java:49)
	at java.io.OutputStream.write(OutputStream.java:75)
	at org.apache.hadoop.ozone.client.rpc.TestMultiBlockWritesWithDnFailures.testMultiBlockWritesWithDnFailures(TestMultiBlockWritesWithDnFailures.java:122)
	at sun.reflect.NativeMethodAccessorImpl.invoke0(Native Method)
	at sun.reflect.NativeMethodAccessorImpl.invoke(NativeMethodAccessorImpl.java:62)
	at sun.reflect.DelegatingMethodAccessorImpl.invoke(DelegatingMethodAccessorImpl.java:43)
	at java.lang.reflect.Method.invoke(Method.java:498)
	at org.junit.runners.model.FrameworkMethod$1.runReflectiveCall(FrameworkMethod.java:47)
	at org.junit.internal.runners.model.ReflectiveCallable.run(ReflectiveCallable.java:12)
	at org.junit.runners.model.FrameworkMethod.invokeExplosively(FrameworkMethod.java:44)
	at org.junit.internal.runners.statements.InvokeMethod.evaluate(InvokeMethod.java:17)
	at org.junit.runners.ParentRunner.runLeaf(ParentRunner.java:271)
	at org.junit.runners.BlockJUnit4ClassRunner.runChild(BlockJUnit4ClassRunner.java:70)
	at org.junit.runners.BlockJUnit4ClassRunner.runChild(BlockJUnit4ClassRunner.java:50)
	at org.junit.runners.ParentRunner$3.run(ParentRunner.java:238)
	at org.junit.runners.ParentRunner$1.schedule(ParentRunner.java:63)
	at org.junit.runners.ParentRunner.runChildren(ParentRunner.java:236)
	at org.junit.runners.ParentRunner.access$000(ParentRunner.java:53)
	at org.junit.runners.ParentRunner$2.evaluate(ParentRunner.java:229)
	at org.junit.runners.ParentRunner.run(ParentRunner.java:309)
	at org.apache.maven.surefire.junit4.JUnit4Provider.execute(JUnit4Provider.java:365)
	at org.apache.maven.surefire.junit4.JUnit4Provider.executeWithRerun(JUnit4Provider.java:273)
	at org.apache.maven.surefire.junit4.JUnit4Provider.executeTestSet(JUnit4Provider.java:238)
	at org.apache.maven.surefire.junit4.JUnit4Provider.invoke(JUnit4Provider.java:159)
	at org.apache.maven.surefire.booter.ForkedBooter.invokeProviderInSameClassLoader(ForkedBooter.java:384)
	at org.apache.maven.surefire.booter.ForkedBooter.runSuitesInProcess(ForkedBooter.java:345)
	at org.apache.maven.surefire.booter.ForkedBooter.execute(ForkedBooter.java:126)
	at org.apache.maven.surefire.booter.ForkedBooter.main(ForkedBooter.java:418)
]]></system-out>
    <system-err><![CDATA[ERROR StatusLogger No Log4j 2 configuration file found. Using default configuration (logging only errors to the console), or user programmatically provided configurations. Set system property 'log4j2.debug' to show Log4j 2 internal initialization logging. See https://logging.apache.org/log4j/2.x/manual/configuration.html for instructions on how to configure Log4j 2
Aug 02, 2019 3:50:38 AM com.sun.jersey.server.impl.application.WebApplicationImpl _initiate
INFO: Initiating Jersey application, version 'Jersey: 1.19 02/11/2015 03:25 AM'
Aug 02, 2019 3:50:39 AM com.sun.jersey.server.impl.application.WebApplicationImpl _initiate
INFO: Initiating Jersey application, version 'Jersey: 1.19 02/11/2015 03:25 AM'
Aug 02, 2019 3:50:40 AM com.sun.jersey.server.impl.application.WebApplicationImpl _initiate
INFO: Initiating Jersey application, version 'Jersey: 1.19 02/11/2015 03:25 AM'
Aug 02, 2019 3:50:40 AM com.sun.jersey.server.impl.application.WebApplicationImpl _initiate
INFO: Initiating Jersey application, version 'Jersey: 1.19 02/11/2015 03:25 AM'
Aug 02, 2019 3:50:40 AM com.sun.jersey.server.impl.application.WebApplicationImpl _initiate
INFO: Initiating Jersey application, version 'Jersey: 1.19 02/11/2015 03:25 AM'
Aug 02, 2019 3:50:40 AM com.sun.jersey.server.impl.application.WebApplicationImpl _initiate
INFO: Initiating Jersey application, version 'Jersey: 1.19 02/11/2015 03:25 AM'
]]></system-err>
  </testcase>
</testsuite>