<?xml version="1.0" encoding="UTF-8"?>
<testsuite xmlns:xsi="http://www.w3.org/2001/XMLSchema-instance" xsi:noNamespaceSchemaLocation="https://maven.apache.org/surefire/maven-surefire-plugin/xsd/surefire-test-report.xsd" name="org.apache.hadoop.ozone.TestStorageContainerManager" time="108.684" tests="9" errors="2" skipped="0" failures="1">
  <properties>
    <property name="awt.toolkit" value="sun.awt.X11.XToolkit"/>
    <property name="file.encoding.pkg" value="sun.io"/>
    <property name="java.specification.version" value="1.8"/>
    <property name="sun.cpu.isalist" value=""/>
    <property name="sun.jnu.encoding" value="UTF-8"/>
    <property name="java.class.path" value="/workdir/hadoop-ozone/integration-test/target/test-classes:/workdir/hadoop-ozone/integration-test/target/classes:/home/user/.m2/repository/org/apache/hadoop/hadoop-ozone-common/0.4.1-SNAPSHOT/hadoop-ozone-common-0.4.1-SNAPSHOT.jar:/home/user/.m2/repository/org/apache/commons/commons-compress/1.4.1/commons-compress-1.4.1.jar:/home/user/.m2/repository/org/tukaani/xz/1.0/xz-1.0.jar:/home/user/.m2/repository/org/apache/hadoop/hadoop-common/3.2.0/hadoop-common-3.2.0.jar:/home/user/.m2/repository/org/apache/hadoop/hadoop-hdfs/3.2.0/hadoop-hdfs-3.2.0.jar:/home/user/.m2/repository/org/apache/hadoop/hadoop-hdfs-client/3.2.0/hadoop-hdfs-client-3.2.0.jar:/home/user/.m2/repository/com/fasterxml/jackson/core/jackson-annotations/2.9.5/jackson-annotations-2.9.5.jar:/home/user/.m2/repository/org/apache/hadoop/hadoop-hdds-common/0.4.1-SNAPSHOT/hadoop-hdds-common-0.4.1-SNAPSHOT.jar:/home/user/.m2/repository/javax/annotation/javax.annotation-api/1.2/javax.annotation-api-1.2.jar:/home/user/.m2/repository/org/apache/ratis/ratis-server/0.4.0-2337318-SNAPSHOT/ratis-server-0.4.0-2337318-SNAPSHOT.jar:/home/user/.m2/repository/org/apache/ratis/ratis-thirdparty-misc/0.2.0/ratis-thirdparty-misc-0.2.0.jar:/home/user/.m2/repository/org/apache/ratis/ratis-proto/0.4.0-2337318-SNAPSHOT/ratis-proto-0.4.0-2337318-SNAPSHOT.jar:/home/user/.m2/repository/org/apache/ratis/ratis-common/0.4.0-2337318-SNAPSHOT/ratis-common-0.4.0-2337318-SNAPSHOT.jar:/home/user/.m2/repository/org/apache/ratis/ratis-client/0.4.0-2337318-SNAPSHOT/ratis-client-0.4.0-2337318-SNAPSHOT.jar:/home/user/.m2/repository/org/apache/ratis/ratis-metrics/0.4.0-2337318-SNAPSHOT/ratis-metrics-0.4.0-2337318-SNAPSHOT.jar:/home/user/.m2/repository/org/apache/ratis/ratis-netty/0.4.0-2337318-SNAPSHOT/ratis-netty-0.4.0-2337318-SNAPSHOT.jar:/home/user/.m2/repository/org/apache/ratis/ratis-grpc/0.4.0-2337318-SNAPSHOT/ratis-grpc-0.4.0-2337318-SNAPSHOT.jar:/home/user/.m2/repository/org/rocksdb/rocksdbjni/6.0.1/rocksdbjni-6.0.1.jar:/home/user/.m2/repository/org/apache/logging/log4j/log4j-api/2.11.0/log4j-api-2.11.0.jar:/home/user/.m2/repository/org/apache/logging/log4j/log4j-core/2.11.0/log4j-core-2.11.0.jar:/home/user/.m2/repository/com/lmax/disruptor/3.4.2/disruptor-3.4.2.jar:/home/user/.m2/repository/org/apache/commons/commons-pool2/2.6.0/commons-pool2-2.6.0.jar:/home/user/.m2/repository/org/bouncycastle/bcpkix-jdk15on/1.60/bcpkix-jdk15on-1.60.jar:/home/user/.m2/repository/commons-validator/commons-validator/1.6/commons-validator-1.6.jar:/home/user/.m2/repository/commons-digester/commons-digester/1.8.1/commons-digester-1.8.1.jar:/home/user/.m2/repository/io/jaegertracing/jaeger-client/0.33.1/jaeger-client-0.33.1.jar:/home/user/.m2/repository/io/jaegertracing/jaeger-thrift/0.33.1/jaeger-thrift-0.33.1.jar:/home/user/.m2/repository/org/apache/thrift/libthrift/0.11.0/libthrift-0.11.0.jar:/home/user/.m2/repository/com/squareup/okhttp3/okhttp/3.9.0/okhttp-3.9.0.jar:/home/user/.m2/repository/com/squareup/okio/okio/1.13.0/okio-1.13.0.jar:/home/user/.m2/repository/io/jaegertracing/jaeger-core/0.33.1/jaeger-core-0.33.1.jar:/home/user/.m2/repository/io/jaegertracing/jaeger-tracerresolver/0.33.1/jaeger-tracerresolver-0.33.1.jar:/home/user/.m2/repository/io/opentracing/contrib/opentracing-tracerresolver/0.1.5/opentracing-tracerresolver-0.1.5.jar:/home/user/.m2/repository/io/opentracing/opentracing-util/0.31.0/opentracing-util-0.31.0.jar:/home/user/.m2/repository/io/opentracing/opentracing-api/0.31.0/opentracing-api-0.31.0.jar:/home/user/.m2/repository/io/opentracing/opentracing-noop/0.31.0/opentracing-noop-0.31.0.jar:/home/user/.m2/repository/org/apache/hadoop/hadoop-hdds-server-framework/0.4.1-SNAPSHOT/hadoop-hdds-server-framework-0.4.1-SNAPSHOT.jar:/home/user/.m2/repository/org/apache/hadoop/hadoop-hdds-container-service/0.4.1-SNAPSHOT/hadoop-hdds-container-service-0.4.1-SNAPSHOT.jar:/home/user/.m2/repository/org/apache/hadoop/hadoop-hdds-client/0.4.1-SNAPSHOT/hadoop-hdds-client-0.4.1-SNAPSHOT.jar:/home/user/.m2/repository/org/apache/hadoop/hadoop-hdds-tools/0.4.1-SNAPSHOT/hadoop-hdds-tools-0.4.1-SNAPSHOT.jar:/home/user/.m2/repository/org/apache/hadoop/hadoop-hdds-server-scm/0.4.1-SNAPSHOT/hadoop-hdds-server-scm-0.4.1-SNAPSHOT.jar:/home/user/.m2/repository/org/apache/hadoop/hadoop-hdds-docs/0.4.1-SNAPSHOT/hadoop-hdds-docs-0.4.1-SNAPSHOT.jar:/home/user/.m2/repository/io/dropwizard/metrics/metrics-core/3.2.4/metrics-core-3.2.4.jar:/home/user/.m2/repository/org/hamcrest/hamcrest-all/1.3/hamcrest-all-1.3.jar:/home/user/.m2/repository/org/bouncycastle/bcprov-jdk15on/1.60/bcprov-jdk15on-1.60.jar:/home/user/.m2/repository/info/picocli/picocli/3.9.6/picocli-3.9.6.jar:/home/user/.m2/repository/com/google/protobuf/protobuf-java/2.5.0/protobuf-java-2.5.0.jar:/home/user/.m2/repository/com/google/guava/guava/11.0.2/guava-11.0.2.jar:/home/user/.m2/repository/org/apache/hadoop/hadoop-ozone-ozone-manager/0.4.1-SNAPSHOT/hadoop-ozone-ozone-manager-0.4.1-SNAPSHOT.jar:/home/user/.m2/repository/org/apache/hadoop/hadoop-minikdc/3.2.0/hadoop-minikdc-3.2.0.jar:/home/user/.m2/repository/commons-io/commons-io/2.5/commons-io-2.5.jar:/home/user/.m2/repository/org/apache/kerby/kerb-simplekdc/1.0.1/kerb-simplekdc-1.0.1.jar:/home/user/.m2/repository/org/apache/kerby/kerb-client/1.0.1/kerb-client-1.0.1.jar:/home/user/.m2/repository/org/apache/kerby/kerby-config/1.0.1/kerby-config-1.0.1.jar:/home/user/.m2/repository/org/apache/kerby/kerb-core/1.0.1/kerb-core-1.0.1.jar:/home/user/.m2/repository/org/apache/kerby/kerby-pkix/1.0.1/kerby-pkix-1.0.1.jar:/home/user/.m2/repository/org/apache/kerby/kerby-asn1/1.0.1/kerby-asn1-1.0.1.jar:/home/user/.m2/repository/org/apache/kerby/kerby-util/1.0.1/kerby-util-1.0.1.jar:/home/user/.m2/repository/org/apache/kerby/kerb-common/1.0.1/kerb-common-1.0.1.jar:/home/user/.m2/repository/org/apache/kerby/kerb-crypto/1.0.1/kerb-crypto-1.0.1.jar:/home/user/.m2/repository/org/apache/kerby/kerb-util/1.0.1/kerb-util-1.0.1.jar:/home/user/.m2/repository/org/apache/kerby/token-provider/1.0.1/token-provider-1.0.1.jar:/home/user/.m2/repository/org/apache/kerby/kerb-admin/1.0.1/kerb-admin-1.0.1.jar:/home/user/.m2/repository/org/apache/kerby/kerb-server/1.0.1/kerb-server-1.0.1.jar:/home/user/.m2/repository/org/apache/kerby/kerb-identity/1.0.1/kerb-identity-1.0.1.jar:/home/user/.m2/repository/org/apache/kerby/kerby-xdr/1.0.1/kerby-xdr-1.0.1.jar:/home/user/.m2/repository/org/slf4j/slf4j-log4j12/1.7.25/slf4j-log4j12-1.7.25.jar:/home/user/.m2/repository/org/apache/hadoop/hadoop-ozone-objectstore-service/0.4.1-SNAPSHOT/hadoop-ozone-objectstore-service-0.4.1-SNAPSHOT.jar:/home/user/.m2/repository/org/apache/hadoop/hadoop-ozone-s3gateway/0.4.1-SNAPSHOT/hadoop-ozone-s3gateway-0.4.1-SNAPSHOT.jar:/home/user/.m2/repository/org/jboss/weld/servlet/weld-servlet/2.4.7.Final/weld-servlet-2.4.7.Final.jar:/home/user/.m2/repository/org/glassfish/jersey/containers/jersey-container-servlet-core/2.27/jersey-container-servlet-core-2.27.jar:/home/user/.m2/repository/org/glassfish/hk2/external/javax.inject/2.5.0-b42/javax.inject-2.5.0-b42.jar:/home/user/.m2/repository/org/glassfish/jersey/core/jersey-common/2.27/jersey-common-2.27.jar:/home/user/.m2/repository/org/glassfish/hk2/osgi-resource-locator/1.0.1/osgi-resource-locator-1.0.1.jar:/home/user/.m2/repository/javax/ws/rs/javax.ws.rs-api/2.1/javax.ws.rs-api-2.1.jar:/home/user/.m2/repository/org/glassfish/jersey/ext/cdi/jersey-cdi1x/2.27/jersey-cdi1x-2.27.jar:/home/user/.m2/repository/org/glassfish/jersey/inject/jersey-hk2/2.27/jersey-hk2-2.27.jar:/home/user/.m2/repository/org/glassfish/hk2/hk2-locator/2.5.0-b42/hk2-locator-2.5.0-b42.jar:/home/user/.m2/repository/org/javassist/javassist/3.22.0-CR2/javassist-3.22.0-CR2.jar:/home/user/.m2/repository/org/glassfish/hk2/hk2-api/2.5.0/hk2-api-2.5.0.jar:/home/user/.m2/repository/org/glassfish/hk2/external/jakarta.inject/2.5.0/jakarta.inject-2.5.0.jar:/home/user/.m2/repository/org/glassfish/hk2/hk2-utils/2.5.0/hk2-utils-2.5.0.jar:/home/user/.m2/repository/jakarta/annotation/jakarta.annotation-api/1.3.4/jakarta.annotation-api-1.3.4.jar:/home/user/.m2/repository/org/glassfish/hk2/external/aopalliance-repackaged/2.5.0/aopalliance-repackaged-2.5.0.jar:/home/user/.m2/repository/com/fasterxml/jackson/dataformat/jackson-dataformat-xml/2.9.0/jackson-dataformat-xml-2.9.0.jar:/home/user/.m2/repository/com/fasterxml/jackson/core/jackson-core/2.9.5/jackson-core-2.9.5.jar:/home/user/.m2/repository/com/fasterxml/jackson/module/jackson-module-jaxb-annotations/2.9.5/jackson-module-jaxb-annotations-2.9.5.jar:/home/user/.m2/repository/javax/enterprise/cdi-api/1.2/cdi-api-1.2.jar:/home/user/.m2/repository/javax/el/javax.el-api/3.0.0/javax.el-api-3.0.0.jar:/home/user/.m2/repository/javax/interceptor/javax.interceptor-api/1.2/javax.interceptor-api-1.2.jar:/home/user/.m2/repository/javax/inject/javax.inject/1/javax.inject-1.jar:/home/user/.m2/repository/com/sun/xml/bind/jaxb-impl/2.3.0.1/jaxb-impl-2.3.0.1.jar:/home/user/.m2/repository/com/sun/xml/bind/jaxb-core/2.3.0.1/jaxb-core-2.3.0.1.jar:/home/user/.m2/repository/javax/xml/bind/jaxb-api/2.3.0/jaxb-api-2.3.0.jar:/home/user/.m2/repository/javax/activation/activation/1.1.1/activation-1.1.1.jar:/home/user/.m2/repository/org/apache/hadoop/hadoop-ozone-csi/0.4.1-SNAPSHOT/hadoop-ozone-csi-0.4.1-SNAPSHOT.jar:/home/user/.m2/repository/com/google/protobuf/protobuf-java-util/3.5.1/protobuf-java-util-3.5.1.jar:/home/user/.m2/repository/org/apache/hadoop/hadoop-hdds-config/0.4.1-SNAPSHOT/hadoop-hdds-config-0.4.1-SNAPSHOT.jar:/home/user/.m2/repository/io/grpc/grpc-netty/1.17.1/grpc-netty-1.17.1.jar:/home/user/.m2/repository/io/grpc/grpc-core/1.17.1/grpc-core-1.17.1.jar:/home/user/.m2/repository/io/grpc/grpc-context/1.17.1/grpc-context-1.17.1.jar:/home/user/.m2/repository/com/google/errorprone/error_prone_annotations/2.2.0/error_prone_annotations-2.2.0.jar:/home/user/.m2/repository/org/codehaus/mojo/animal-sniffer-annotations/1.17/animal-sniffer-annotations-1.17.jar:/home/user/.m2/repository/io/opencensus/opencensus-api/0.17.0/opencensus-api-0.17.0.jar:/home/user/.m2/repository/io/opencensus/opencensus-contrib-grpc-metrics/0.17.0/opencensus-contrib-grpc-metrics-0.17.0.jar:/home/user/.m2/repository/io/netty/netty-codec-http2/4.1.30.Final/netty-codec-http2-4.1.30.Final.jar:/home/user/.m2/repository/io/netty/netty-codec-http/4.1.30.Final/netty-codec-http-4.1.30.Final.jar:/home/user/.m2/repository/io/netty/netty-codec/4.1.30.Final/netty-codec-4.1.30.Final.jar:/home/user/.m2/repository/io/netty/netty-handler/4.1.30.Final/netty-handler-4.1.30.Final.jar:/home/user/.m2/repository/io/netty/netty-handler-proxy/4.1.30.Final/netty-handler-proxy-4.1.30.Final.jar:/home/user/.m2/repository/io/netty/netty-codec-socks/4.1.30.Final/netty-codec-socks-4.1.30.Final.jar:/home/user/.m2/repository/io/netty/netty-transport-native-epoll/4.1.30.Final/netty-transport-native-epoll-4.1.30.Final.jar:/home/user/.m2/repository/io/netty/netty-common/4.1.30.Final/netty-common-4.1.30.Final.jar:/home/user/.m2/repository/io/netty/netty-buffer/4.1.30.Final/netty-buffer-4.1.30.Final.jar:/home/user/.m2/repository/io/netty/netty-transport/4.1.30.Final/netty-transport-4.1.30.Final.jar:/home/user/.m2/repository/io/netty/netty-resolver/4.1.30.Final/netty-resolver-4.1.30.Final.jar:/home/user/.m2/repository/io/netty/netty-transport-native-unix-common/4.1.30.Final/netty-transport-native-unix-common-4.1.30.Final.jar:/home/user/.m2/repository/io/grpc/grpc-protobuf/1.17.1/grpc-protobuf-1.17.1.jar:/home/user/.m2/repository/com/google/api/grpc/proto-google-common-protos/1.0.0/proto-google-common-protos-1.0.0.jar:/home/user/.m2/repository/io/grpc/grpc-protobuf-lite/1.17.1/grpc-protobuf-lite-1.17.1.jar:/home/user/.m2/repository/io/grpc/grpc-stub/1.17.1/grpc-stub-1.17.1.jar:/home/user/.m2/repository/org/apache/hadoop/hadoop-ozone-recon/0.4.1-SNAPSHOT/hadoop-ozone-recon-0.4.1-SNAPSHOT.jar:/home/user/.m2/repository/org/apache/hadoop/hadoop-ozone-reconcodegen/0.4.1-SNAPSHOT/hadoop-ozone-reconcodegen-0.4.1-SNAPSHOT.jar:/home/user/.m2/repository/com/google/inject/extensions/guice-multibindings/4.0/guice-multibindings-4.0.jar:/home/user/.m2/repository/com/google/inject/guice/4.0/guice-4.0.jar:/home/user/.m2/repository/aopalliance/aopalliance/1.0/aopalliance-1.0.jar:/home/user/.m2/repository/com/google/inject/extensions/guice-servlet/4.0/guice-servlet-4.0.jar:/home/user/.m2/repository/org/glassfish/jersey/containers/jersey-container-servlet/2.27/jersey-container-servlet-2.27.jar:/home/user/.m2/repository/org/glassfish/hk2/guice-bridge/2.5.0/guice-bridge-2.5.0.jar:/home/user/.m2/repository/org/glassfish/jersey/core/jersey-server/2.27/jersey-server-2.27.jar:/home/user/.m2/repository/org/glassfish/jersey/core/jersey-client/2.27/jersey-client-2.27.jar:/home/user/.m2/repository/org/glassfish/jersey/media/jersey-media-jaxb/2.27/jersey-media-jaxb-2.27.jar:/home/user/.m2/repository/javax/validation/validation-api/1.1.0.Final/validation-api-1.1.0.Final.jar:/home/user/.m2/repository/org/glassfish/jersey/media/jersey-media-json-jackson/2.27/jersey-media-json-jackson-2.27.jar:/home/user/.m2/repository/org/glassfish/jersey/ext/jersey-entity-filtering/2.27/jersey-entity-filtering-2.27.jar:/home/user/.m2/repository/com/google/inject/extensions/guice-assistedinject/4.0/guice-assistedinject-4.0.jar:/home/user/.m2/repository/org/jooq/jooq/3.11.10/jooq-3.11.10.jar:/home/user/.m2/repository/org/jooq/jooq-meta/3.11.10/jooq-meta-3.11.10.jar:/home/user/.m2/repository/org/jooq/jooq-codegen/3.11.10/jooq-codegen-3.11.10.jar:/home/user/.m2/repository/com/jolbox/bonecp/0.8.0.RELEASE/bonecp-0.8.0.RELEASE.jar:/home/user/.m2/repository/org/xerial/sqlite-jdbc/3.25.2/sqlite-jdbc-3.25.2.jar:/home/user/.m2/repository/org/springframework/spring-jdbc/5.1.3.RELEASE/spring-jdbc-5.1.3.RELEASE.jar:/home/user/.m2/repository/org/springframework/spring-beans/5.1.3.RELEASE/spring-beans-5.1.3.RELEASE.jar:/home/user/.m2/repository/org/springframework/spring-core/5.1.3.RELEASE/spring-core-5.1.3.RELEASE.jar:/home/user/.m2/repository/org/springframework/spring-jcl/5.1.3.RELEASE/spring-jcl-5.1.3.RELEASE.jar:/home/user/.m2/repository/org/springframework/spring-tx/5.1.3.RELEASE/spring-tx-5.1.3.RELEASE.jar:/home/user/.m2/repository/org/apache/hadoop/hadoop-ozone-client/0.4.1-SNAPSHOT/hadoop-ozone-client-0.4.1-SNAPSHOT.jar:/home/user/.m2/repository/commons-lang/commons-lang/2.6/commons-lang-2.6.jar:/home/user/.m2/repository/org/apache/hadoop/hadoop-ozone-ozone-manager/0.4.1-SNAPSHOT/hadoop-ozone-ozone-manager-0.4.1-SNAPSHOT-tests.jar:/home/user/.m2/repository/junit/junit/4.11/junit-4.11.jar:/home/user/.m2/repository/org/hamcrest/hamcrest-core/1.3/hamcrest-core-1.3.jar:/home/user/.m2/repository/org/openjdk/jmh/jmh-core/1.19/jmh-core-1.19.jar:/home/user/.m2/repository/net/sf/jopt-simple/jopt-simple/4.6/jopt-simple-4.6.jar:/home/user/.m2/repository/org/apache/commons/commons-math3/3.1.1/commons-math3-3.1.1.jar:/home/user/.m2/repository/org/openjdk/jmh/jmh-generator-annprocess/1.19/jmh-generator-annprocess-1.19.jar:/home/user/.m2/repository/org/mockito/mockito-all/1.8.5/mockito-all-1.8.5.jar:/home/user/.m2/repository/org/apache/hadoop/hadoop-kms/3.2.0/hadoop-kms-3.2.0.jar:/home/user/.m2/repository/org/apache/hadoop/hadoop-auth/3.2.0/hadoop-auth-3.2.0.jar:/home/user/.m2/repository/com/nimbusds/nimbus-jose-jwt/4.41.1/nimbus-jose-jwt-4.41.1.jar:/home/user/.m2/repository/com/github/stephenc/jcip/jcip-annotations/1.0-1/jcip-annotations-1.0-1.jar:/home/user/.m2/repository/net/minidev/json-smart/2.3/json-smart-2.3.jar:/home/user/.m2/repository/net/minidev/accessors-smart/1.2/accessors-smart-1.2.jar:/home/user/.m2/repository/org/ow2/asm/asm/5.0.4/asm-5.0.4.jar:/home/user/.m2/repository/org/apache/curator/curator-framework/2.12.0/curator-framework-2.12.0.jar:/home/user/.m2/repository/com/sun/jersey/jersey-core/1.19/jersey-core-1.19.jar:/home/user/.m2/repository/javax/ws/rs/jsr311-api/1.1.1/jsr311-api-1.1.1.jar:/home/user/.m2/repository/com/sun/jersey/jersey-server/1.19/jersey-server-1.19.jar:/home/user/.m2/repository/javax/servlet/javax.servlet-api/3.1.0/javax.servlet-api-3.1.0.jar:/home/user/.m2/repository/org/eclipse/jetty/jetty-server/9.3.24.v20180605/jetty-server-9.3.24.v20180605.jar:/home/user/.m2/repository/org/eclipse/jetty/jetty-http/9.3.24.v20180605/jetty-http-9.3.24.v20180605.jar:/home/user/.m2/repository/org/eclipse/jetty/jetty-io/9.3.24.v20180605/jetty-io-9.3.24.v20180605.jar:/home/user/.m2/repository/org/eclipse/jetty/jetty-webapp/9.3.24.v20180605/jetty-webapp-9.3.24.v20180605.jar:/home/user/.m2/repository/org/eclipse/jetty/jetty-xml/9.3.24.v20180605/jetty-xml-9.3.24.v20180605.jar:/home/user/.m2/repository/log4j/log4j/1.2.17/log4j-1.2.17.jar:/home/user/.m2/repository/org/slf4j/slf4j-api/1.7.25/slf4j-api-1.7.25.jar:/home/user/.m2/repository/org/slf4j/jul-to-slf4j/1.7.25/jul-to-slf4j-1.7.25.jar:/home/user/.m2/repository/org/eclipse/jetty/jetty-util/9.3.24.v20180605/jetty-util-9.3.24.v20180605.jar:/home/user/.m2/repository/com/fasterxml/jackson/core/jackson-databind/2.9.5/jackson-databind-2.9.5.jar:/home/user/.m2/repository/org/apache/hadoop/hadoop-kms/3.2.0/hadoop-kms-3.2.0-tests.jar:/home/user/.m2/repository/org/apache/hadoop/hadoop-hdds-server-scm/0.4.1-SNAPSHOT/hadoop-hdds-server-scm-0.4.1-SNAPSHOT-tests.jar:/home/user/.m2/repository/org/apache/hadoop/hadoop-hdds-container-service/0.4.1-SNAPSHOT/hadoop-hdds-container-service-0.4.1-SNAPSHOT-tests.jar:/home/user/.m2/repository/org/yaml/snakeyaml/1.16/snakeyaml-1.16.jar:/home/user/.m2/repository/org/apache/hadoop/hadoop-common/3.2.0/hadoop-common-3.2.0-tests.jar:/home/user/.m2/repository/org/apache/hadoop/hadoop-annotations/3.2.0/hadoop-annotations-3.2.0.jar:/usr/lib/jvm/java-1.8-openjdk/jre/../lib/tools.jar:/home/user/.m2/repository/commons-cli/commons-cli/1.2/commons-cli-1.2.jar:/home/user/.m2/repository/org/apache/httpcomponents/httpclient/4.5.2/httpclient-4.5.2.jar:/home/user/.m2/repository/org/apache/httpcomponents/httpcore/4.4.4/httpcore-4.4.4.jar:/home/user/.m2/repository/commons-codec/commons-codec/1.11/commons-codec-1.11.jar:/home/user/.m2/repository/commons-net/commons-net/3.6/commons-net-3.6.jar:/home/user/.m2/repository/commons-collections/commons-collections/3.2.2/commons-collections-3.2.2.jar:/home/user/.m2/repository/org/eclipse/jetty/jetty-servlet/9.3.24.v20180605/jetty-servlet-9.3.24.v20180605.jar:/home/user/.m2/repository/org/eclipse/jetty/jetty-security/9.3.24.v20180605/jetty-security-9.3.24.v20180605.jar:/home/user/.m2/repository/javax/servlet/jsp/jsp-api/2.1/jsp-api-2.1.jar:/home/user/.m2/repository/com/sun/jersey/jersey-servlet/1.19/jersey-servlet-1.19.jar:/home/user/.m2/repository/com/sun/jersey/jersey-json/1.19/jersey-json-1.19.jar:/home/user/.m2/repository/org/codehaus/jettison/jettison/1.1/jettison-1.1.jar:/home/user/.m2/repository/org/codehaus/jackson/jackson-core-asl/1.9.13/jackson-core-asl-1.9.13.jar:/home/user/.m2/repository/org/codehaus/jackson/jackson-mapper-asl/1.9.13/jackson-mapper-asl-1.9.13.jar:/home/user/.m2/repository/org/codehaus/jackson/jackson-jaxrs/1.9.13/jackson-jaxrs-1.9.13.jar:/home/user/.m2/repository/org/codehaus/jackson/jackson-xc/1.9.13/jackson-xc-1.9.13.jar:/home/user/.m2/repository/commons-logging/commons-logging/1.1.3/commons-logging-1.1.3.jar:/home/user/.m2/repository/commons-beanutils/commons-beanutils/1.9.3/commons-beanutils-1.9.3.jar:/home/user/.m2/repository/org/apache/commons/commons-configuration2/2.1.1/commons-configuration2-2.1.1.jar:/home/user/.m2/repository/org/apache/commons/commons-lang3/3.7/commons-lang3-3.7.jar:/home/user/.m2/repository/org/apache/commons/commons-text/1.4/commons-text-1.4.jar:/home/user/.m2/repository/org/apache/avro/avro/1.7.7/avro-1.7.7.jar:/home/user/.m2/repository/com/thoughtworks/paranamer/paranamer/2.3/paranamer-2.3.jar:/home/user/.m2/repository/org/xerial/snappy/snappy-java/1.0.5/snappy-java-1.0.5.jar:/home/user/.m2/repository/com/google/re2j/re2j/1.1/re2j-1.1.jar:/home/user/.m2/repository/com/google/code/gson/gson/2.2.4/gson-2.2.4.jar:/home/user/.m2/repository/com/jcraft/jsch/0.1.54/jsch-0.1.54.jar:/home/user/.m2/repository/org/apache/curator/curator-client/2.12.0/curator-client-2.12.0.jar:/home/user/.m2/repository/org/apache/curator/curator-recipes/2.12.0/curator-recipes-2.12.0.jar:/home/user/.m2/repository/com/google/code/findbugs/jsr305/3.0.0/jsr305-3.0.0.jar:/home/user/.m2/repository/org/apache/htrace/htrace-core4/4.1.0-incubating/htrace-core4-4.1.0-incubating.jar:/home/user/.m2/repository/org/apache/zookeeper/zookeeper/3.4.13/zookeeper-3.4.13.jar:/home/user/.m2/repository/org/apache/yetus/audience-annotations/0.5.0/audience-annotations-0.5.0.jar:/home/user/.m2/repository/org/codehaus/woodstox/stax2-api/3.1.4/stax2-api-3.1.4.jar:/home/user/.m2/repository/com/fasterxml/woodstox/woodstox-core/5.0.3/woodstox-core-5.0.3.jar:/home/user/.m2/repository/dnsjava/dnsjava/2.1.7/dnsjava-2.1.7.jar:/home/user/.m2/repository/org/apache/hadoop/hadoop-hdfs/3.2.0/hadoop-hdfs-3.2.0-tests.jar:/home/user/.m2/repository/org/eclipse/jetty/jetty-util-ajax/9.3.24.v20180605/jetty-util-ajax-9.3.24.v20180605.jar:/home/user/.m2/repository/commons-daemon/commons-daemon/1.0.13/commons-daemon-1.0.13.jar:/home/user/.m2/repository/io/netty/netty/3.10.5.Final/netty-3.10.5.Final.jar:/home/user/.m2/repository/io/netty/netty-all/4.0.52.Final/netty-all-4.0.52.Final.jar:/home/user/.m2/repository/org/fusesource/leveldbjni/leveldbjni-all/1.8/leveldbjni-all-1.8.jar:"/>
    <property name="java.vm.vendor" value="IcedTea"/>
    <property name="sun.arch.data.model" value="64"/>
    <property name="test.build.dir" value="/workdir/hadoop-ozone/integration-test/target/test-dir"/>
    <property name="test.cache.data" value=""/>
    <property name="java.vendor.url" value="https://icedtea.classpath.org"/>
    <property name="user.timezone" value=""/>
    <property name="java.vm.specification.version" value="1.8"/>
    <property name="os.name" value="Linux"/>
    <property name="test.build.data" value="/workdir/hadoop-ozone/integration-test/target/test-dir"/>
    <property name="user.country" value="US"/>
    <property name="sun.java.launcher" value="SUN_STANDARD"/>
    <property name="sun.boot.library.path" value="/usr/lib/jvm/java-1.8-openjdk/jre/lib/amd64"/>
    <property name="sun.java.command" value="/workdir/hadoop-ozone/integration-test/target/surefire/surefirebooter6435433186435545875.jar /workdir/hadoop-ozone/integration-test/target/surefire 2019-08-02T03-13-05_649-jvmRun1 surefire8374615887573256358tmp surefire_787068213341407073190tmp"/>
    <property name="surefire.test.class.path" value="/workdir/hadoop-ozone/integration-test/target/test-classes:/workdir/hadoop-ozone/integration-test/target/classes:/home/user/.m2/repository/org/apache/hadoop/hadoop-ozone-common/0.4.1-SNAPSHOT/hadoop-ozone-common-0.4.1-SNAPSHOT.jar:/home/user/.m2/repository/org/apache/commons/commons-compress/1.4.1/commons-compress-1.4.1.jar:/home/user/.m2/repository/org/tukaani/xz/1.0/xz-1.0.jar:/home/user/.m2/repository/org/apache/hadoop/hadoop-common/3.2.0/hadoop-common-3.2.0.jar:/home/user/.m2/repository/org/apache/hadoop/hadoop-hdfs/3.2.0/hadoop-hdfs-3.2.0.jar:/home/user/.m2/repository/org/apache/hadoop/hadoop-hdfs-client/3.2.0/hadoop-hdfs-client-3.2.0.jar:/home/user/.m2/repository/com/fasterxml/jackson/core/jackson-annotations/2.9.5/jackson-annotations-2.9.5.jar:/home/user/.m2/repository/org/apache/hadoop/hadoop-hdds-common/0.4.1-SNAPSHOT/hadoop-hdds-common-0.4.1-SNAPSHOT.jar:/home/user/.m2/repository/javax/annotation/javax.annotation-api/1.2/javax.annotation-api-1.2.jar:/home/user/.m2/repository/org/apache/ratis/ratis-server/0.4.0-2337318-SNAPSHOT/ratis-server-0.4.0-2337318-SNAPSHOT.jar:/home/user/.m2/repository/org/apache/ratis/ratis-thirdparty-misc/0.2.0/ratis-thirdparty-misc-0.2.0.jar:/home/user/.m2/repository/org/apache/ratis/ratis-proto/0.4.0-2337318-SNAPSHOT/ratis-proto-0.4.0-2337318-SNAPSHOT.jar:/home/user/.m2/repository/org/apache/ratis/ratis-common/0.4.0-2337318-SNAPSHOT/ratis-common-0.4.0-2337318-SNAPSHOT.jar:/home/user/.m2/repository/org/apache/ratis/ratis-client/0.4.0-2337318-SNAPSHOT/ratis-client-0.4.0-2337318-SNAPSHOT.jar:/home/user/.m2/repository/org/apache/ratis/ratis-metrics/0.4.0-2337318-SNAPSHOT/ratis-metrics-0.4.0-2337318-SNAPSHOT.jar:/home/user/.m2/repository/org/apache/ratis/ratis-netty/0.4.0-2337318-SNAPSHOT/ratis-netty-0.4.0-2337318-SNAPSHOT.jar:/home/user/.m2/repository/org/apache/ratis/ratis-grpc/0.4.0-2337318-SNAPSHOT/ratis-grpc-0.4.0-2337318-SNAPSHOT.jar:/home/user/.m2/repository/org/rocksdb/rocksdbjni/6.0.1/rocksdbjni-6.0.1.jar:/home/user/.m2/repository/org/apache/logging/log4j/log4j-api/2.11.0/log4j-api-2.11.0.jar:/home/user/.m2/repository/org/apache/logging/log4j/log4j-core/2.11.0/log4j-core-2.11.0.jar:/home/user/.m2/repository/com/lmax/disruptor/3.4.2/disruptor-3.4.2.jar:/home/user/.m2/repository/org/apache/commons/commons-pool2/2.6.0/commons-pool2-2.6.0.jar:/home/user/.m2/repository/org/bouncycastle/bcpkix-jdk15on/1.60/bcpkix-jdk15on-1.60.jar:/home/user/.m2/repository/commons-validator/commons-validator/1.6/commons-validator-1.6.jar:/home/user/.m2/repository/commons-digester/commons-digester/1.8.1/commons-digester-1.8.1.jar:/home/user/.m2/repository/io/jaegertracing/jaeger-client/0.33.1/jaeger-client-0.33.1.jar:/home/user/.m2/repository/io/jaegertracing/jaeger-thrift/0.33.1/jaeger-thrift-0.33.1.jar:/home/user/.m2/repository/org/apache/thrift/libthrift/0.11.0/libthrift-0.11.0.jar:/home/user/.m2/repository/com/squareup/okhttp3/okhttp/3.9.0/okhttp-3.9.0.jar:/home/user/.m2/repository/com/squareup/okio/okio/1.13.0/okio-1.13.0.jar:/home/user/.m2/repository/io/jaegertracing/jaeger-core/0.33.1/jaeger-core-0.33.1.jar:/home/user/.m2/repository/io/jaegertracing/jaeger-tracerresolver/0.33.1/jaeger-tracerresolver-0.33.1.jar:/home/user/.m2/repository/io/opentracing/contrib/opentracing-tracerresolver/0.1.5/opentracing-tracerresolver-0.1.5.jar:/home/user/.m2/repository/io/opentracing/opentracing-util/0.31.0/opentracing-util-0.31.0.jar:/home/user/.m2/repository/io/opentracing/opentracing-api/0.31.0/opentracing-api-0.31.0.jar:/home/user/.m2/repository/io/opentracing/opentracing-noop/0.31.0/opentracing-noop-0.31.0.jar:/home/user/.m2/repository/org/apache/hadoop/hadoop-hdds-server-framework/0.4.1-SNAPSHOT/hadoop-hdds-server-framework-0.4.1-SNAPSHOT.jar:/home/user/.m2/repository/org/apache/hadoop/hadoop-hdds-container-service/0.4.1-SNAPSHOT/hadoop-hdds-container-service-0.4.1-SNAPSHOT.jar:/home/user/.m2/repository/org/apache/hadoop/hadoop-hdds-client/0.4.1-SNAPSHOT/hadoop-hdds-client-0.4.1-SNAPSHOT.jar:/home/user/.m2/repository/org/apache/hadoop/hadoop-hdds-tools/0.4.1-SNAPSHOT/hadoop-hdds-tools-0.4.1-SNAPSHOT.jar:/home/user/.m2/repository/org/apache/hadoop/hadoop-hdds-server-scm/0.4.1-SNAPSHOT/hadoop-hdds-server-scm-0.4.1-SNAPSHOT.jar:/home/user/.m2/repository/org/apache/hadoop/hadoop-hdds-docs/0.4.1-SNAPSHOT/hadoop-hdds-docs-0.4.1-SNAPSHOT.jar:/home/user/.m2/repository/io/dropwizard/metrics/metrics-core/3.2.4/metrics-core-3.2.4.jar:/home/user/.m2/repository/org/hamcrest/hamcrest-all/1.3/hamcrest-all-1.3.jar:/home/user/.m2/repository/org/bouncycastle/bcprov-jdk15on/1.60/bcprov-jdk15on-1.60.jar:/home/user/.m2/repository/info/picocli/picocli/3.9.6/picocli-3.9.6.jar:/home/user/.m2/repository/com/google/protobuf/protobuf-java/2.5.0/protobuf-java-2.5.0.jar:/home/user/.m2/repository/com/google/guava/guava/11.0.2/guava-11.0.2.jar:/home/user/.m2/repository/org/apache/hadoop/hadoop-ozone-ozone-manager/0.4.1-SNAPSHOT/hadoop-ozone-ozone-manager-0.4.1-SNAPSHOT.jar:/home/user/.m2/repository/org/apache/hadoop/hadoop-minikdc/3.2.0/hadoop-minikdc-3.2.0.jar:/home/user/.m2/repository/commons-io/commons-io/2.5/commons-io-2.5.jar:/home/user/.m2/repository/org/apache/kerby/kerb-simplekdc/1.0.1/kerb-simplekdc-1.0.1.jar:/home/user/.m2/repository/org/apache/kerby/kerb-client/1.0.1/kerb-client-1.0.1.jar:/home/user/.m2/repository/org/apache/kerby/kerby-config/1.0.1/kerby-config-1.0.1.jar:/home/user/.m2/repository/org/apache/kerby/kerb-core/1.0.1/kerb-core-1.0.1.jar:/home/user/.m2/repository/org/apache/kerby/kerby-pkix/1.0.1/kerby-pkix-1.0.1.jar:/home/user/.m2/repository/org/apache/kerby/kerby-asn1/1.0.1/kerby-asn1-1.0.1.jar:/home/user/.m2/repository/org/apache/kerby/kerby-util/1.0.1/kerby-util-1.0.1.jar:/home/user/.m2/repository/org/apache/kerby/kerb-common/1.0.1/kerb-common-1.0.1.jar:/home/user/.m2/repository/org/apache/kerby/kerb-crypto/1.0.1/kerb-crypto-1.0.1.jar:/home/user/.m2/repository/org/apache/kerby/kerb-util/1.0.1/kerb-util-1.0.1.jar:/home/user/.m2/repository/org/apache/kerby/token-provider/1.0.1/token-provider-1.0.1.jar:/home/user/.m2/repository/org/apache/kerby/kerb-admin/1.0.1/kerb-admin-1.0.1.jar:/home/user/.m2/repository/org/apache/kerby/kerb-server/1.0.1/kerb-server-1.0.1.jar:/home/user/.m2/repository/org/apache/kerby/kerb-identity/1.0.1/kerb-identity-1.0.1.jar:/home/user/.m2/repository/org/apache/kerby/kerby-xdr/1.0.1/kerby-xdr-1.0.1.jar:/home/user/.m2/repository/org/slf4j/slf4j-log4j12/1.7.25/slf4j-log4j12-1.7.25.jar:/home/user/.m2/repository/org/apache/hadoop/hadoop-ozone-objectstore-service/0.4.1-SNAPSHOT/hadoop-ozone-objectstore-service-0.4.1-SNAPSHOT.jar:/home/user/.m2/repository/org/apache/hadoop/hadoop-ozone-s3gateway/0.4.1-SNAPSHOT/hadoop-ozone-s3gateway-0.4.1-SNAPSHOT.jar:/home/user/.m2/repository/org/jboss/weld/servlet/weld-servlet/2.4.7.Final/weld-servlet-2.4.7.Final.jar:/home/user/.m2/repository/org/glassfish/jersey/containers/jersey-container-servlet-core/2.27/jersey-container-servlet-core-2.27.jar:/home/user/.m2/repository/org/glassfish/hk2/external/javax.inject/2.5.0-b42/javax.inject-2.5.0-b42.jar:/home/user/.m2/repository/org/glassfish/jersey/core/jersey-common/2.27/jersey-common-2.27.jar:/home/user/.m2/repository/org/glassfish/hk2/osgi-resource-locator/1.0.1/osgi-resource-locator-1.0.1.jar:/home/user/.m2/repository/javax/ws/rs/javax.ws.rs-api/2.1/javax.ws.rs-api-2.1.jar:/home/user/.m2/repository/org/glassfish/jersey/ext/cdi/jersey-cdi1x/2.27/jersey-cdi1x-2.27.jar:/home/user/.m2/repository/org/glassfish/jersey/inject/jersey-hk2/2.27/jersey-hk2-2.27.jar:/home/user/.m2/repository/org/glassfish/hk2/hk2-locator/2.5.0-b42/hk2-locator-2.5.0-b42.jar:/home/user/.m2/repository/org/javassist/javassist/3.22.0-CR2/javassist-3.22.0-CR2.jar:/home/user/.m2/repository/org/glassfish/hk2/hk2-api/2.5.0/hk2-api-2.5.0.jar:/home/user/.m2/repository/org/glassfish/hk2/external/jakarta.inject/2.5.0/jakarta.inject-2.5.0.jar:/home/user/.m2/repository/org/glassfish/hk2/hk2-utils/2.5.0/hk2-utils-2.5.0.jar:/home/user/.m2/repository/jakarta/annotation/jakarta.annotation-api/1.3.4/jakarta.annotation-api-1.3.4.jar:/home/user/.m2/repository/org/glassfish/hk2/external/aopalliance-repackaged/2.5.0/aopalliance-repackaged-2.5.0.jar:/home/user/.m2/repository/com/fasterxml/jackson/dataformat/jackson-dataformat-xml/2.9.0/jackson-dataformat-xml-2.9.0.jar:/home/user/.m2/repository/com/fasterxml/jackson/core/jackson-core/2.9.5/jackson-core-2.9.5.jar:/home/user/.m2/repository/com/fasterxml/jackson/module/jackson-module-jaxb-annotations/2.9.5/jackson-module-jaxb-annotations-2.9.5.jar:/home/user/.m2/repository/javax/enterprise/cdi-api/1.2/cdi-api-1.2.jar:/home/user/.m2/repository/javax/el/javax.el-api/3.0.0/javax.el-api-3.0.0.jar:/home/user/.m2/repository/javax/interceptor/javax.interceptor-api/1.2/javax.interceptor-api-1.2.jar:/home/user/.m2/repository/javax/inject/javax.inject/1/javax.inject-1.jar:/home/user/.m2/repository/com/sun/xml/bind/jaxb-impl/2.3.0.1/jaxb-impl-2.3.0.1.jar:/home/user/.m2/repository/com/sun/xml/bind/jaxb-core/2.3.0.1/jaxb-core-2.3.0.1.jar:/home/user/.m2/repository/javax/xml/bind/jaxb-api/2.3.0/jaxb-api-2.3.0.jar:/home/user/.m2/repository/javax/activation/activation/1.1.1/activation-1.1.1.jar:/home/user/.m2/repository/org/apache/hadoop/hadoop-ozone-csi/0.4.1-SNAPSHOT/hadoop-ozone-csi-0.4.1-SNAPSHOT.jar:/home/user/.m2/repository/com/google/protobuf/protobuf-java-util/3.5.1/protobuf-java-util-3.5.1.jar:/home/user/.m2/repository/org/apache/hadoop/hadoop-hdds-config/0.4.1-SNAPSHOT/hadoop-hdds-config-0.4.1-SNAPSHOT.jar:/home/user/.m2/repository/io/grpc/grpc-netty/1.17.1/grpc-netty-1.17.1.jar:/home/user/.m2/repository/io/grpc/grpc-core/1.17.1/grpc-core-1.17.1.jar:/home/user/.m2/repository/io/grpc/grpc-context/1.17.1/grpc-context-1.17.1.jar:/home/user/.m2/repository/com/google/errorprone/error_prone_annotations/2.2.0/error_prone_annotations-2.2.0.jar:/home/user/.m2/repository/org/codehaus/mojo/animal-sniffer-annotations/1.17/animal-sniffer-annotations-1.17.jar:/home/user/.m2/repository/io/opencensus/opencensus-api/0.17.0/opencensus-api-0.17.0.jar:/home/user/.m2/repository/io/opencensus/opencensus-contrib-grpc-metrics/0.17.0/opencensus-contrib-grpc-metrics-0.17.0.jar:/home/user/.m2/repository/io/netty/netty-codec-http2/4.1.30.Final/netty-codec-http2-4.1.30.Final.jar:/home/user/.m2/repository/io/netty/netty-codec-http/4.1.30.Final/netty-codec-http-4.1.30.Final.jar:/home/user/.m2/repository/io/netty/netty-codec/4.1.30.Final/netty-codec-4.1.30.Final.jar:/home/user/.m2/repository/io/netty/netty-handler/4.1.30.Final/netty-handler-4.1.30.Final.jar:/home/user/.m2/repository/io/netty/netty-handler-proxy/4.1.30.Final/netty-handler-proxy-4.1.30.Final.jar:/home/user/.m2/repository/io/netty/netty-codec-socks/4.1.30.Final/netty-codec-socks-4.1.30.Final.jar:/home/user/.m2/repository/io/netty/netty-transport-native-epoll/4.1.30.Final/netty-transport-native-epoll-4.1.30.Final.jar:/home/user/.m2/repository/io/netty/netty-common/4.1.30.Final/netty-common-4.1.30.Final.jar:/home/user/.m2/repository/io/netty/netty-buffer/4.1.30.Final/netty-buffer-4.1.30.Final.jar:/home/user/.m2/repository/io/netty/netty-transport/4.1.30.Final/netty-transport-4.1.30.Final.jar:/home/user/.m2/repository/io/netty/netty-resolver/4.1.30.Final/netty-resolver-4.1.30.Final.jar:/home/user/.m2/repository/io/netty/netty-transport-native-unix-common/4.1.30.Final/netty-transport-native-unix-common-4.1.30.Final.jar:/home/user/.m2/repository/io/grpc/grpc-protobuf/1.17.1/grpc-protobuf-1.17.1.jar:/home/user/.m2/repository/com/google/api/grpc/proto-google-common-protos/1.0.0/proto-google-common-protos-1.0.0.jar:/home/user/.m2/repository/io/grpc/grpc-protobuf-lite/1.17.1/grpc-protobuf-lite-1.17.1.jar:/home/user/.m2/repository/io/grpc/grpc-stub/1.17.1/grpc-stub-1.17.1.jar:/home/user/.m2/repository/org/apache/hadoop/hadoop-ozone-recon/0.4.1-SNAPSHOT/hadoop-ozone-recon-0.4.1-SNAPSHOT.jar:/home/user/.m2/repository/org/apache/hadoop/hadoop-ozone-reconcodegen/0.4.1-SNAPSHOT/hadoop-ozone-reconcodegen-0.4.1-SNAPSHOT.jar:/home/user/.m2/repository/com/google/inject/extensions/guice-multibindings/4.0/guice-multibindings-4.0.jar:/home/user/.m2/repository/com/google/inject/guice/4.0/guice-4.0.jar:/home/user/.m2/repository/aopalliance/aopalliance/1.0/aopalliance-1.0.jar:/home/user/.m2/repository/com/google/inject/extensions/guice-servlet/4.0/guice-servlet-4.0.jar:/home/user/.m2/repository/org/glassfish/jersey/containers/jersey-container-servlet/2.27/jersey-container-servlet-2.27.jar:/home/user/.m2/repository/org/glassfish/hk2/guice-bridge/2.5.0/guice-bridge-2.5.0.jar:/home/user/.m2/repository/org/glassfish/jersey/core/jersey-server/2.27/jersey-server-2.27.jar:/home/user/.m2/repository/org/glassfish/jersey/core/jersey-client/2.27/jersey-client-2.27.jar:/home/user/.m2/repository/org/glassfish/jersey/media/jersey-media-jaxb/2.27/jersey-media-jaxb-2.27.jar:/home/user/.m2/repository/javax/validation/validation-api/1.1.0.Final/validation-api-1.1.0.Final.jar:/home/user/.m2/repository/org/glassfish/jersey/media/jersey-media-json-jackson/2.27/jersey-media-json-jackson-2.27.jar:/home/user/.m2/repository/org/glassfish/jersey/ext/jersey-entity-filtering/2.27/jersey-entity-filtering-2.27.jar:/home/user/.m2/repository/com/google/inject/extensions/guice-assistedinject/4.0/guice-assistedinject-4.0.jar:/home/user/.m2/repository/org/jooq/jooq/3.11.10/jooq-3.11.10.jar:/home/user/.m2/repository/org/jooq/jooq-meta/3.11.10/jooq-meta-3.11.10.jar:/home/user/.m2/repository/org/jooq/jooq-codegen/3.11.10/jooq-codegen-3.11.10.jar:/home/user/.m2/repository/com/jolbox/bonecp/0.8.0.RELEASE/bonecp-0.8.0.RELEASE.jar:/home/user/.m2/repository/org/xerial/sqlite-jdbc/3.25.2/sqlite-jdbc-3.25.2.jar:/home/user/.m2/repository/org/springframework/spring-jdbc/5.1.3.RELEASE/spring-jdbc-5.1.3.RELEASE.jar:/home/user/.m2/repository/org/springframework/spring-beans/5.1.3.RELEASE/spring-beans-5.1.3.RELEASE.jar:/home/user/.m2/repository/org/springframework/spring-core/5.1.3.RELEASE/spring-core-5.1.3.RELEASE.jar:/home/user/.m2/repository/org/springframework/spring-jcl/5.1.3.RELEASE/spring-jcl-5.1.3.RELEASE.jar:/home/user/.m2/repository/org/springframework/spring-tx/5.1.3.RELEASE/spring-tx-5.1.3.RELEASE.jar:/home/user/.m2/repository/org/apache/hadoop/hadoop-ozone-client/0.4.1-SNAPSHOT/hadoop-ozone-client-0.4.1-SNAPSHOT.jar:/home/user/.m2/repository/commons-lang/commons-lang/2.6/commons-lang-2.6.jar:/home/user/.m2/repository/org/apache/hadoop/hadoop-ozone-ozone-manager/0.4.1-SNAPSHOT/hadoop-ozone-ozone-manager-0.4.1-SNAPSHOT-tests.jar:/home/user/.m2/repository/junit/junit/4.11/junit-4.11.jar:/home/user/.m2/repository/org/hamcrest/hamcrest-core/1.3/hamcrest-core-1.3.jar:/home/user/.m2/repository/org/openjdk/jmh/jmh-core/1.19/jmh-core-1.19.jar:/home/user/.m2/repository/net/sf/jopt-simple/jopt-simple/4.6/jopt-simple-4.6.jar:/home/user/.m2/repository/org/apache/commons/commons-math3/3.1.1/commons-math3-3.1.1.jar:/home/user/.m2/repository/org/openjdk/jmh/jmh-generator-annprocess/1.19/jmh-generator-annprocess-1.19.jar:/home/user/.m2/repository/org/mockito/mockito-all/1.8.5/mockito-all-1.8.5.jar:/home/user/.m2/repository/org/apache/hadoop/hadoop-kms/3.2.0/hadoop-kms-3.2.0.jar:/home/user/.m2/repository/org/apache/hadoop/hadoop-auth/3.2.0/hadoop-auth-3.2.0.jar:/home/user/.m2/repository/com/nimbusds/nimbus-jose-jwt/4.41.1/nimbus-jose-jwt-4.41.1.jar:/home/user/.m2/repository/com/github/stephenc/jcip/jcip-annotations/1.0-1/jcip-annotations-1.0-1.jar:/home/user/.m2/repository/net/minidev/json-smart/2.3/json-smart-2.3.jar:/home/user/.m2/repository/net/minidev/accessors-smart/1.2/accessors-smart-1.2.jar:/home/user/.m2/repository/org/ow2/asm/asm/5.0.4/asm-5.0.4.jar:/home/user/.m2/repository/org/apache/curator/curator-framework/2.12.0/curator-framework-2.12.0.jar:/home/user/.m2/repository/com/sun/jersey/jersey-core/1.19/jersey-core-1.19.jar:/home/user/.m2/repository/javax/ws/rs/jsr311-api/1.1.1/jsr311-api-1.1.1.jar:/home/user/.m2/repository/com/sun/jersey/jersey-server/1.19/jersey-server-1.19.jar:/home/user/.m2/repository/javax/servlet/javax.servlet-api/3.1.0/javax.servlet-api-3.1.0.jar:/home/user/.m2/repository/org/eclipse/jetty/jetty-server/9.3.24.v20180605/jetty-server-9.3.24.v20180605.jar:/home/user/.m2/repository/org/eclipse/jetty/jetty-http/9.3.24.v20180605/jetty-http-9.3.24.v20180605.jar:/home/user/.m2/repository/org/eclipse/jetty/jetty-io/9.3.24.v20180605/jetty-io-9.3.24.v20180605.jar:/home/user/.m2/repository/org/eclipse/jetty/jetty-webapp/9.3.24.v20180605/jetty-webapp-9.3.24.v20180605.jar:/home/user/.m2/repository/org/eclipse/jetty/jetty-xml/9.3.24.v20180605/jetty-xml-9.3.24.v20180605.jar:/home/user/.m2/repository/log4j/log4j/1.2.17/log4j-1.2.17.jar:/home/user/.m2/repository/org/slf4j/slf4j-api/1.7.25/slf4j-api-1.7.25.jar:/home/user/.m2/repository/org/slf4j/jul-to-slf4j/1.7.25/jul-to-slf4j-1.7.25.jar:/home/user/.m2/repository/org/eclipse/jetty/jetty-util/9.3.24.v20180605/jetty-util-9.3.24.v20180605.jar:/home/user/.m2/repository/com/fasterxml/jackson/core/jackson-databind/2.9.5/jackson-databind-2.9.5.jar:/home/user/.m2/repository/org/apache/hadoop/hadoop-kms/3.2.0/hadoop-kms-3.2.0-tests.jar:/home/user/.m2/repository/org/apache/hadoop/hadoop-hdds-server-scm/0.4.1-SNAPSHOT/hadoop-hdds-server-scm-0.4.1-SNAPSHOT-tests.jar:/home/user/.m2/repository/org/apache/hadoop/hadoop-hdds-container-service/0.4.1-SNAPSHOT/hadoop-hdds-container-service-0.4.1-SNAPSHOT-tests.jar:/home/user/.m2/repository/org/yaml/snakeyaml/1.16/snakeyaml-1.16.jar:/home/user/.m2/repository/org/apache/hadoop/hadoop-common/3.2.0/hadoop-common-3.2.0-tests.jar:/home/user/.m2/repository/org/apache/hadoop/hadoop-annotations/3.2.0/hadoop-annotations-3.2.0.jar:/usr/lib/jvm/java-1.8-openjdk/jre/../lib/tools.jar:/home/user/.m2/repository/commons-cli/commons-cli/1.2/commons-cli-1.2.jar:/home/user/.m2/repository/org/apache/httpcomponents/httpclient/4.5.2/httpclient-4.5.2.jar:/home/user/.m2/repository/org/apache/httpcomponents/httpcore/4.4.4/httpcore-4.4.4.jar:/home/user/.m2/repository/commons-codec/commons-codec/1.11/commons-codec-1.11.jar:/home/user/.m2/repository/commons-net/commons-net/3.6/commons-net-3.6.jar:/home/user/.m2/repository/commons-collections/commons-collections/3.2.2/commons-collections-3.2.2.jar:/home/user/.m2/repository/org/eclipse/jetty/jetty-servlet/9.3.24.v20180605/jetty-servlet-9.3.24.v20180605.jar:/home/user/.m2/repository/org/eclipse/jetty/jetty-security/9.3.24.v20180605/jetty-security-9.3.24.v20180605.jar:/home/user/.m2/repository/javax/servlet/jsp/jsp-api/2.1/jsp-api-2.1.jar:/home/user/.m2/repository/com/sun/jersey/jersey-servlet/1.19/jersey-servlet-1.19.jar:/home/user/.m2/repository/com/sun/jersey/jersey-json/1.19/jersey-json-1.19.jar:/home/user/.m2/repository/org/codehaus/jettison/jettison/1.1/jettison-1.1.jar:/home/user/.m2/repository/org/codehaus/jackson/jackson-core-asl/1.9.13/jackson-core-asl-1.9.13.jar:/home/user/.m2/repository/org/codehaus/jackson/jackson-mapper-asl/1.9.13/jackson-mapper-asl-1.9.13.jar:/home/user/.m2/repository/org/codehaus/jackson/jackson-jaxrs/1.9.13/jackson-jaxrs-1.9.13.jar:/home/user/.m2/repository/org/codehaus/jackson/jackson-xc/1.9.13/jackson-xc-1.9.13.jar:/home/user/.m2/repository/commons-logging/commons-logging/1.1.3/commons-logging-1.1.3.jar:/home/user/.m2/repository/commons-beanutils/commons-beanutils/1.9.3/commons-beanutils-1.9.3.jar:/home/user/.m2/repository/org/apache/commons/commons-configuration2/2.1.1/commons-configuration2-2.1.1.jar:/home/user/.m2/repository/org/apache/commons/commons-lang3/3.7/commons-lang3-3.7.jar:/home/user/.m2/repository/org/apache/commons/commons-text/1.4/commons-text-1.4.jar:/home/user/.m2/repository/org/apache/avro/avro/1.7.7/avro-1.7.7.jar:/home/user/.m2/repository/com/thoughtworks/paranamer/paranamer/2.3/paranamer-2.3.jar:/home/user/.m2/repository/org/xerial/snappy/snappy-java/1.0.5/snappy-java-1.0.5.jar:/home/user/.m2/repository/com/google/re2j/re2j/1.1/re2j-1.1.jar:/home/user/.m2/repository/com/google/code/gson/gson/2.2.4/gson-2.2.4.jar:/home/user/.m2/repository/com/jcraft/jsch/0.1.54/jsch-0.1.54.jar:/home/user/.m2/repository/org/apache/curator/curator-client/2.12.0/curator-client-2.12.0.jar:/home/user/.m2/repository/org/apache/curator/curator-recipes/2.12.0/curator-recipes-2.12.0.jar:/home/user/.m2/repository/com/google/code/findbugs/jsr305/3.0.0/jsr305-3.0.0.jar:/home/user/.m2/repository/org/apache/htrace/htrace-core4/4.1.0-incubating/htrace-core4-4.1.0-incubating.jar:/home/user/.m2/repository/org/apache/zookeeper/zookeeper/3.4.13/zookeeper-3.4.13.jar:/home/user/.m2/repository/org/apache/yetus/audience-annotations/0.5.0/audience-annotations-0.5.0.jar:/home/user/.m2/repository/org/codehaus/woodstox/stax2-api/3.1.4/stax2-api-3.1.4.jar:/home/user/.m2/repository/com/fasterxml/woodstox/woodstox-core/5.0.3/woodstox-core-5.0.3.jar:/home/user/.m2/repository/dnsjava/dnsjava/2.1.7/dnsjava-2.1.7.jar:/home/user/.m2/repository/org/apache/hadoop/hadoop-hdfs/3.2.0/hadoop-hdfs-3.2.0-tests.jar:/home/user/.m2/repository/org/eclipse/jetty/jetty-util-ajax/9.3.24.v20180605/jetty-util-ajax-9.3.24.v20180605.jar:/home/user/.m2/repository/commons-daemon/commons-daemon/1.0.13/commons-daemon-1.0.13.jar:/home/user/.m2/repository/io/netty/netty/3.10.5.Final/netty-3.10.5.Final.jar:/home/user/.m2/repository/io/netty/netty-all/4.0.52.Final/netty-all-4.0.52.Final.jar:/home/user/.m2/repository/org/fusesource/leveldbjni/leveldbjni-all/1.8/leveldbjni-all-1.8.jar:"/>
    <property name="sun.cpu.endian" value="little"/>
    <property name="user.home" value="/home/user"/>
    <property name="user.language" value="en"/>
    <property name="java.specification.vendor" value="Oracle Corporation"/>
    <property name="java.home" value="/usr/lib/jvm/java-1.8-openjdk/jre"/>
    <property name="java.security.krb5.conf" value="/workdir/hadoop-ozone/integration-test/target/test-classes/krb5.conf"/>
    <property name="basedir" value="/workdir/hadoop-ozone/integration-test"/>
    <property name="file.separator" value="/"/>
    <property name="line.separator" value="&#10;"/>
    <property name="java.vm.specification.vendor" value="Oracle Corporation"/>
    <property name="java.specification.name" value="Java Platform API Specification"/>
    <property name="java.awt.graphicsenv" value="sun.awt.X11GraphicsEnvironment"/>
    <property name="surefire.real.class.path" value="/workdir/hadoop-ozone/integration-test/target/surefire/surefirebooter6435433186435545875.jar"/>
    <property name="hadoop.log.dir" value="/workdir/hadoop-ozone/integration-test/target/log"/>
    <property name="sun.boot.class.path" value="/usr/lib/jvm/java-1.8-openjdk/jre/lib/resources.jar:/usr/lib/jvm/java-1.8-openjdk/jre/lib/rt.jar:/usr/lib/jvm/java-1.8-openjdk/jre/lib/sunrsasign.jar:/usr/lib/jvm/java-1.8-openjdk/jre/lib/jsse.jar:/usr/lib/jvm/java-1.8-openjdk/jre/lib/jce.jar:/usr/lib/jvm/java-1.8-openjdk/jre/lib/charsets.jar:/usr/lib/jvm/java-1.8-openjdk/jre/lib/jfr.jar:/usr/lib/jvm/java-1.8-openjdk/jre/classes"/>
    <property name="sun.management.compiler" value="HotSpot 64-Bit Tiered Compilers"/>
    <property name="java.runtime.version" value="1.8.0_212-b04"/>
    <property name="java.net.preferIPv4Stack" value="true"/>
    <property name="user.name" value="jenkins1000"/>
    <property name="path.separator" value=":"/>
    <property name="java.security.egd" value="file:///dev/urandom"/>
    <property name="os.version" value="3.10.0-957.12.2.el7.x86_64"/>
    <property name="java.endorsed.dirs" value="/usr/lib/jvm/java-1.8-openjdk/jre/lib/endorsed"/>
    <property name="java.runtime.name" value="OpenJDK Runtime Environment"/>
    <property name="file.encoding" value="UTF-8"/>
    <property name="java.vm.name" value="OpenJDK 64-Bit Server VM"/>
    <property name="test.build.webapps" value=""/>
    <property name="localRepository" value="/home/user/.m2/repository"/>
    <property name="java.vendor.url.bug" value="https://icedtea.classpath.org/bugzilla"/>
    <property name="java.io.tmpdir" value="/tmp"/>
    <property name="require.test.libhadoop" value=""/>
    <property name="java.version" value="1.8.0_212"/>
    <property name="user.dir" value="/workdir/hadoop-ozone/integration-test"/>
    <property name="os.arch" value="amd64"/>
    <property name="java.vm.specification.name" value="Java Virtual Machine Specification"/>
    <property name="test.build.classes" value="/workdir/hadoop-ozone/integration-test/target/test-classes"/>
    <property name="java.awt.printerjob" value="sun.print.PSPrinterJob"/>
    <property name="sun.os.patch.level" value="unknown"/>
    <property name="hadoop.tmp.dir" value="/workdir/hadoop-ozone/integration-test/target/tmp"/>
    <property name="java.library.path" value="/usr/lib/jvm/java-1.8-openjdk/jre/lib/amd64/server:/usr/lib/jvm/java-1.8-openjdk/jre/lib/amd64:/usr/lib/jvm/java-1.8-openjdk/jre/../lib/amd64:/workdir/hadoop-ozone/integration-test/target/native/target/usr/local/lib:/workdir/hadoop-ozone/integration-test/../../hadoop-common-project/hadoop-common/target/native/target/usr/local/lib:/usr/java/packages/lib/amd64:/usr/lib64:/lib64:/lib:/usr/lib"/>
    <property name="java.vm.info" value="mixed mode"/>
    <property name="java.vendor" value="IcedTea"/>
    <property name="java.vm.version" value="25.212-b04"/>
    <property name="java.ext.dirs" value="/usr/lib/jvm/java-1.8-openjdk/jre/lib/ext:/usr/java/packages/lib/ext"/>
    <property name="sun.io.unicode.encoding" value="UnicodeLittle"/>
    <property name="java.class.version" value="52.0"/>
  </properties>
  <testcase name="testBlockDeletionTransactions" classname="org.apache.hadoop.ozone.TestStorageContainerManager" time="19.028"/>
  <testcase name="testBlockDeletingThrottling" classname="org.apache.hadoop.ozone.TestStorageContainerManager" time="7.051">
    <error message="Unexpected Storage Container Exception: org.apache.hadoop.hdds.scm.container.common.helpers.StorageContainerException: ContainerID 6 creation failed" type="java.io.IOException">java.io.IOException: Unexpected Storage Container Exception: org.apache.hadoop.hdds.scm.container.common.helpers.StorageContainerException: ContainerID 6 creation failed
	at org.apache.hadoop.hdds.scm.storage.BlockOutputStream.setIoException(BlockOutputStream.java:541)
	at org.apache.hadoop.hdds.scm.storage.BlockOutputStream.validateResponse(BlockOutputStream.java:532)
	at org.apache.hadoop.hdds.scm.storage.BlockOutputStream.lambda$writeChunkToContainer$2(BlockOutputStream.java:606)
	at java.util.concurrent.CompletableFuture.uniApply(CompletableFuture.java:602)
	at java.util.concurrent.CompletableFuture$UniApply.tryFire(CompletableFuture.java:577)
	at java.util.concurrent.CompletableFuture$Completion.run(CompletableFuture.java:442)
	at java.util.concurrent.ThreadPoolExecutor.runWorker(ThreadPoolExecutor.java:1149)
	at java.util.concurrent.ThreadPoolExecutor$Worker.run(ThreadPoolExecutor.java:624)
	at java.lang.Thread.run(Thread.java:748)
Caused by: org.apache.hadoop.hdds.scm.container.common.helpers.StorageContainerException: ContainerID 6 creation failed
	at org.apache.hadoop.hdds.scm.storage.ContainerProtocolCalls.validateContainerResponse(ContainerProtocolCalls.java:536)
	at org.apache.hadoop.hdds.scm.storage.BlockOutputStream.validateResponse(BlockOutputStream.java:529)
	... 7 more
</error>
    <system-out><![CDATA[2019-08-02 04:32:42,460 WARN  server.ServerUtils (ServerUtils.java:getScmDbDir(145)) - ozone.scm.db.dirs is not configured. We recommend adding this setting. Falling back to ozone.metadata.dirs instead.
2019-08-02 04:32:42,476 WARN  server.ServerUtils (ServerUtils.java:getScmDbDir(145)) - ozone.scm.db.dirs is not configured. We recommend adding this setting. Falling back to ozone.metadata.dirs instead.
2019-08-02 04:32:42,476 WARN  server.ServerUtils (ServerUtils.java:getScmDbDir(145)) - ozone.scm.db.dirs is not configured. We recommend adding this setting. Falling back to ozone.metadata.dirs instead.
2019-08-02 04:32:42,477 INFO  db.DBStoreBuilder (DBStoreBuilder.java:addTable(110)) - using custom profile for table: deletedBlocks
2019-08-02 04:32:42,477 INFO  db.DBStoreBuilder (DBStoreBuilder.java:processTables(161)) - Using default column profile:DBProfile.DISK for Table:deletedBlocks
2019-08-02 04:32:42,478 INFO  db.DBStoreBuilder (DBStoreBuilder.java:addTable(110)) - using custom profile for table: validCerts
2019-08-02 04:32:42,478 INFO  db.DBStoreBuilder (DBStoreBuilder.java:processTables(161)) - Using default column profile:DBProfile.DISK for Table:validCerts
2019-08-02 04:32:42,478 INFO  db.DBStoreBuilder (DBStoreBuilder.java:addTable(110)) - using custom profile for table: revokedCerts
2019-08-02 04:32:42,478 INFO  db.DBStoreBuilder (DBStoreBuilder.java:processTables(161)) - Using default column profile:DBProfile.DISK for Table:revokedCerts
2019-08-02 04:32:42,479 INFO  db.DBStoreBuilder (DBStoreBuilder.java:addTable(110)) - using custom profile for table: default
2019-08-02 04:32:42,479 INFO  db.DBStoreBuilder (DBStoreBuilder.java:processTables(167)) - Using default column profile:DBProfile.DISK for Table:default
2019-08-02 04:32:42,479 INFO  db.DBStoreBuilder (DBStoreBuilder.java:getDbProfile(198)) - Using default options. DBProfile.DISK
2019-08-02 04:32:42,630 INFO  net.NodeSchemaLoader (NodeSchemaLoader.java:loadSchemaFromFile(125)) - Loading file from sun.misc.CompoundEnumeration@1f906c94
2019-08-02 04:32:42,630 INFO  net.NodeSchemaLoader (NodeSchemaLoader.java:loadSchema(171)) - Loading network topology layer schema file
2019-08-02 04:32:42,636 INFO  node.SCMNodeManager (SCMNodeManager.java:<init>(121)) - Entering startup safe mode.
2019-08-02 04:32:42,637 WARN  server.ServerUtils (ServerUtils.java:getScmDbDir(145)) - ozone.scm.db.dirs is not configured. We recommend adding this setting. Falling back to ozone.metadata.dirs instead.
2019-08-02 04:32:42,663 INFO  pipeline.SCMPipelineManager (SCMPipelineManager.java:initializePipelineState(126)) - No pipeline exists in current db
2019-08-02 04:32:42,663 WARN  server.ServerUtils (ServerUtils.java:getScmDbDir(145)) - ozone.scm.db.dirs is not configured. We recommend adding this setting. Falling back to ozone.metadata.dirs instead.
2019-08-02 04:32:42,729 WARN  events.EventQueue (EventQueue.java:fireEvent(175)) - No event handler registered for event TypedEvent{payloadType=SafeModeStatus, name='SafeModeStatus'}
2019-08-02 04:32:42,730 INFO  ipc.CallQueueManager (CallQueueManager.java:<init>(84)) - Using callQueue: class java.util.concurrent.LinkedBlockingQueue, queueCapacity: 2000, scheduler: class org.apache.hadoop.ipc.DefaultRpcScheduler, ipcBackoff: false.
2019-08-02 04:32:42,731 INFO  ipc.Server (Server.java:run(1074)) - Starting Socket Reader #1 for port 36712
2019-08-02 04:32:42,733 INFO  ipc.CallQueueManager (CallQueueManager.java:<init>(84)) - Using callQueue: class java.util.concurrent.LinkedBlockingQueue, queueCapacity: 2000, scheduler: class org.apache.hadoop.ipc.DefaultRpcScheduler, ipcBackoff: false.
2019-08-02 04:32:42,734 INFO  ipc.Server (Server.java:run(1074)) - Starting Socket Reader #1 for port 42383
2019-08-02 04:32:42,736 INFO  ipc.CallQueueManager (CallQueueManager.java:<init>(84)) - Using callQueue: class java.util.concurrent.LinkedBlockingQueue, queueCapacity: 2000, scheduler: class org.apache.hadoop.ipc.DefaultRpcScheduler, ipcBackoff: false.
2019-08-02 04:32:42,736 INFO  ipc.Server (Server.java:run(1074)) - Starting Socket Reader #1 for port 43433
2019-08-02 04:32:42,740 INFO  hdfs.DFSUtil (DFSUtil.java:httpServerTemplateForNNAndJN(1641)) - Starting Web-server for scm at: http://0.0.0.0:0
2019-08-02 04:32:42,743 INFO  server.AuthenticationFilter (AuthenticationFilter.java:constructSecretProvider(240)) - Unable to initialize FileSignerSecretProvider, falling back to use random secrets.
2019-08-02 04:32:42,744 WARN  http.HttpRequestLog (HttpRequestLog.java:getRequestLog(97)) - Jetty request log can only be enabled using Log4j
2019-08-02 04:32:42,747 INFO  http.HttpServer2 (HttpServer2.java:addGlobalFilter(975)) - Added global filter 'safety' (class=org.apache.hadoop.http.HttpServer2$QuotingInputFilter)
2019-08-02 04:32:42,748 INFO  http.HttpServer2 (HttpServer2.java:addFilter(948)) - Added filter static_user_filter (class=org.apache.hadoop.http.lib.StaticUserWebFilter$StaticUserFilter) to context scm
2019-08-02 04:32:42,748 INFO  http.HttpServer2 (HttpServer2.java:addFilter(958)) - Added filter static_user_filter (class=org.apache.hadoop.http.lib.StaticUserWebFilter$StaticUserFilter) to context static
2019-08-02 04:32:42,748 INFO  http.HttpServer2 (HttpServer2.java:addFilter(958)) - Added filter static_user_filter (class=org.apache.hadoop.http.lib.StaticUserWebFilter$StaticUserFilter) to context logs
2019-08-02 04:32:42,752 INFO  server.StorageContainerManager (StorageContainerManager.java:start(758)) - StorageContainerLocationProtocol RPC server is listening at /0.0.0.0:43433
2019-08-02 04:32:42,754 WARN  impl.MetricsConfig (MetricsConfig.java:loadFirst(134)) - Cannot locate configuration: tried hadoop-metrics2-storagecontainermanager.properties,hadoop-metrics2.properties
2019-08-02 04:32:42,756 INFO  impl.MetricsSystemImpl (MetricsSystemImpl.java:startTimer(374)) - Scheduled Metric snapshot period at 10 second(s).
2019-08-02 04:32:42,756 INFO  impl.MetricsSystemImpl (MetricsSystemImpl.java:start(191)) - StorageContainerManager metrics system started
2019-08-02 04:32:42,787 INFO  server.SCMClientProtocolServer (SCMClientProtocolServer.java:start(151)) - RPC server for Client  is listening at /0.0.0.0:43433
2019-08-02 04:32:42,787 INFO  ipc.Server (Server.java:run(1314)) - IPC Server Responder: starting
2019-08-02 04:32:42,787 INFO  ipc.Server (Server.java:run(1153)) - IPC Server listener on 43433: starting
2019-08-02 04:32:42,791 INFO  server.StorageContainerManager (StorageContainerManager.java:start(768)) - ScmBlockLocationProtocol RPC server is listening at /0.0.0.0:42383
2019-08-02 04:32:42,791 INFO  server.SCMBlockProtocolServer (SCMBlockProtocolServer.java:start(140)) - RPC server for Block Protocol is listening at /0.0.0.0:42383
2019-08-02 04:32:42,791 INFO  ipc.Server (Server.java:run(1314)) - IPC Server Responder: starting
2019-08-02 04:32:42,792 INFO  ipc.Server (Server.java:run(1153)) - IPC Server listener on 42383: starting
2019-08-02 04:32:42,795 INFO  server.StorageContainerManager (StorageContainerManager.java:start(772)) - ScmDatanodeProtocl RPC server is listening at /0.0.0.0:36712
2019-08-02 04:32:42,796 INFO  server.SCMDatanodeProtocolServer (SCMDatanodeProtocolServer.java:start(191)) - RPC server for DataNodes is listening at /0.0.0.0:36712
2019-08-02 04:32:42,796 INFO  ipc.Server (Server.java:run(1314)) - IPC Server Responder: starting
2019-08-02 04:32:42,796 INFO  ipc.Server (Server.java:run(1153)) - IPC Server listener on 36712: starting
2019-08-02 04:32:42,800 INFO  http.HttpServer2 (HttpServer2.java:bindListener(1191)) - Jetty bound to port 42248
2019-08-02 04:32:42,800 INFO  server.Server (Server.java:doStart(351)) - jetty-9.3.24.v20180605, build timestamp: 2018-06-05T17:11:56Z, git hash: 84205aa28f11a4f31f2a3b86d1bba2cc8ab69827
2019-08-02 04:32:42,802 INFO  handler.ContextHandler (ContextHandler.java:doStart(781)) - Started o.e.j.s.ServletContextHandler@2fb8a8c3{/logs,file:///workdir/hadoop-ozone/integration-test/target/log,AVAILABLE}
2019-08-02 04:32:42,803 INFO  handler.ContextHandler (ContextHandler.java:doStart(781)) - Started o.e.j.s.ServletContextHandler@138413ec{/static,file:///workdir/hadoop-ozone/integration-test/target/test-classes/webapps/static,AVAILABLE}
2019-08-02 04:32:42,810 INFO  handler.ContextHandler (ContextHandler.java:doStart(781)) - Started o.e.j.w.WebAppContext@e2a2b04{/,file:///workdir/hadoop-ozone/integration-test/target/test-classes/webapps/scm/,AVAILABLE}{/scm}
2019-08-02 04:32:42,811 INFO  server.AbstractConnector (AbstractConnector.java:doStart(278)) - Started ServerConnector@9c76ac6{HTTP/1.1,[http/1.1]}{0.0.0.0:42248}
2019-08-02 04:32:42,812 INFO  server.Server (Server.java:doStart(419)) - Started @20158ms
2019-08-02 04:32:42,814 INFO  server.BaseHttpServer (BaseHttpServer.java:updateConnectorAddress(207)) - HTTP server of SCM is listening at http://0.0.0.0:42248
2019-08-02 04:32:42,815 WARN  server.ServerUtils (ServerUtils.java:getDBPath(222)) - ozone.om.db.dirs is not configured. We recommend adding this setting. Falling back to ozone.metadata.dirs instead.
2019-08-02 04:32:42,815 INFO  util.JvmPauseMonitor (JvmPauseMonitor.java:run(188)) - Starting JVM pause monitor
2019-08-02 04:32:42,829 WARN  server.ServerUtils (ServerUtils.java:getDBPath(222)) - ozone.om.db.dirs is not configured. We recommend adding this setting. Falling back to ozone.metadata.dirs instead.
2019-08-02 04:32:42,830 WARN  server.ServerUtils (ServerUtils.java:getDBPath(222)) - ozone.om.db.dirs is not configured. We recommend adding this setting. Falling back to ozone.metadata.dirs instead.
2019-08-02 04:32:42,830 INFO  om.OzoneManager (OzoneManager.java:setOMNodeDetails(644)) - OM Service ID is not set. Setting it to the default ID: omServiceIdDefault
2019-08-02 04:32:42,830 INFO  om.OzoneManager (OzoneManager.java:setOMNodeDetails(650)) - OM Node ID is not set. Setting it to the OmStorage's OmID: 55ede2e6-2e75-4b2e-a6a9-cb14a1c4021a
2019-08-02 04:32:42,830 INFO  om.OzoneManager (OzoneManager.java:loadOMHAConfigs(601)) - Found matching OM address with OMServiceId: null, OMNodeId: null, RPC Address: localhost:0 and Ratis port: 9872
2019-08-02 04:32:42,838 WARN  server.ServerUtils (ServerUtils.java:getDBPath(222)) - ozone.om.db.dirs is not configured. We recommend adding this setting. Falling back to ozone.metadata.dirs instead.
2019-08-02 04:32:42,839 INFO  db.DBStoreBuilder (DBStoreBuilder.java:addTable(110)) - using custom profile for table: userTable
2019-08-02 04:32:42,839 INFO  db.DBStoreBuilder (DBStoreBuilder.java:processTables(161)) - Using default column profile:DBProfile.DISK for Table:userTable
2019-08-02 04:32:42,839 INFO  db.DBStoreBuilder (DBStoreBuilder.java:addTable(110)) - using custom profile for table: volumeTable
2019-08-02 04:32:42,839 INFO  db.DBStoreBuilder (DBStoreBuilder.java:processTables(161)) - Using default column profile:DBProfile.DISK for Table:volumeTable
2019-08-02 04:32:42,840 INFO  db.DBStoreBuilder (DBStoreBuilder.java:addTable(110)) - using custom profile for table: bucketTable
2019-08-02 04:32:42,840 INFO  db.DBStoreBuilder (DBStoreBuilder.java:processTables(161)) - Using default column profile:DBProfile.DISK for Table:bucketTable
2019-08-02 04:32:42,840 INFO  db.DBStoreBuilder (DBStoreBuilder.java:addTable(110)) - using custom profile for table: keyTable
2019-08-02 04:32:42,840 INFO  db.DBStoreBuilder (DBStoreBuilder.java:processTables(161)) - Using default column profile:DBProfile.DISK for Table:keyTable
2019-08-02 04:32:42,841 INFO  db.DBStoreBuilder (DBStoreBuilder.java:addTable(110)) - using custom profile for table: deletedTable
2019-08-02 04:32:42,841 INFO  db.DBStoreBuilder (DBStoreBuilder.java:processTables(161)) - Using default column profile:DBProfile.DISK for Table:deletedTable
2019-08-02 04:32:42,841 INFO  db.DBStoreBuilder (DBStoreBuilder.java:addTable(110)) - using custom profile for table: openKeyTable
2019-08-02 04:32:42,841 INFO  db.DBStoreBuilder (DBStoreBuilder.java:processTables(161)) - Using default column profile:DBProfile.DISK for Table:openKeyTable
2019-08-02 04:32:42,841 INFO  db.DBStoreBuilder (DBStoreBuilder.java:addTable(110)) - using custom profile for table: s3Table
2019-08-02 04:32:42,842 INFO  db.DBStoreBuilder (DBStoreBuilder.java:processTables(161)) - Using default column profile:DBProfile.DISK for Table:s3Table
2019-08-02 04:32:42,842 INFO  db.DBStoreBuilder (DBStoreBuilder.java:addTable(110)) - using custom profile for table: multipartInfoTable
2019-08-02 04:32:42,842 INFO  db.DBStoreBuilder (DBStoreBuilder.java:processTables(161)) - Using default column profile:DBProfile.DISK for Table:multipartInfoTable
2019-08-02 04:32:42,842 INFO  db.DBStoreBuilder (DBStoreBuilder.java:addTable(110)) - using custom profile for table: dTokenTable
2019-08-02 04:32:42,842 INFO  db.DBStoreBuilder (DBStoreBuilder.java:processTables(161)) - Using default column profile:DBProfile.DISK for Table:dTokenTable
2019-08-02 04:32:42,843 INFO  db.DBStoreBuilder (DBStoreBuilder.java:addTable(110)) - using custom profile for table: s3SecretTable
2019-08-02 04:32:42,843 INFO  db.DBStoreBuilder (DBStoreBuilder.java:processTables(161)) - Using default column profile:DBProfile.DISK for Table:s3SecretTable
2019-08-02 04:32:42,843 INFO  db.DBStoreBuilder (DBStoreBuilder.java:addTable(110)) - using custom profile for table: prefixTable
2019-08-02 04:32:42,843 INFO  db.DBStoreBuilder (DBStoreBuilder.java:processTables(161)) - Using default column profile:DBProfile.DISK for Table:prefixTable
2019-08-02 04:32:42,844 INFO  db.DBStoreBuilder (DBStoreBuilder.java:addTable(110)) - using custom profile for table: default
2019-08-02 04:32:42,844 INFO  db.DBStoreBuilder (DBStoreBuilder.java:processTables(167)) - Using default column profile:DBProfile.DISK for Table:default
2019-08-02 04:32:42,844 INFO  db.DBStoreBuilder (DBStoreBuilder.java:getDbProfile(198)) - Using default options. DBProfile.DISK
2019-08-02 04:32:43,349 INFO  ipc.CallQueueManager (CallQueueManager.java:<init>(84)) - Using callQueue: class java.util.concurrent.LinkedBlockingQueue, queueCapacity: 2000, scheduler: class org.apache.hadoop.ipc.DefaultRpcScheduler, ipcBackoff: false.
2019-08-02 04:32:43,350 INFO  ipc.Server (Server.java:run(1074)) - Starting Socket Reader #1 for port 46362
2019-08-02 04:32:43,365 INFO  om.OzoneManager (OzoneManager.java:start(1255)) - OzoneManager RPC server is listening at localhost/127.0.0.1:46362
2019-08-02 04:32:43,365 INFO  impl.MetricsSystemImpl (MetricsSystemImpl.java:init(158)) - OzoneManager metrics system started (again)
2019-08-02 04:32:43,365 INFO  ipc.Server (Server.java:run(1314)) - IPC Server Responder: starting
2019-08-02 04:32:43,366 INFO  ipc.Server (Server.java:run(1153)) - IPC Server listener on 46362: starting
2019-08-02 04:32:43,371 INFO  hdfs.DFSUtil (DFSUtil.java:httpServerTemplateForNNAndJN(1641)) - Starting Web-server for ozoneManager at: http://0.0.0.0:0
2019-08-02 04:32:43,374 INFO  server.AuthenticationFilter (AuthenticationFilter.java:constructSecretProvider(240)) - Unable to initialize FileSignerSecretProvider, falling back to use random secrets.
2019-08-02 04:32:43,374 WARN  http.HttpRequestLog (HttpRequestLog.java:getRequestLog(97)) - Jetty request log can only be enabled using Log4j
2019-08-02 04:32:43,377 INFO  http.HttpServer2 (HttpServer2.java:addGlobalFilter(975)) - Added global filter 'safety' (class=org.apache.hadoop.http.HttpServer2$QuotingInputFilter)
2019-08-02 04:32:43,378 INFO  http.HttpServer2 (HttpServer2.java:addFilter(948)) - Added filter static_user_filter (class=org.apache.hadoop.http.lib.StaticUserWebFilter$StaticUserFilter) to context ozoneManager
2019-08-02 04:32:43,378 INFO  http.HttpServer2 (HttpServer2.java:addFilter(958)) - Added filter static_user_filter (class=org.apache.hadoop.http.lib.StaticUserWebFilter$StaticUserFilter) to context logs
2019-08-02 04:32:43,378 INFO  http.HttpServer2 (HttpServer2.java:addFilter(958)) - Added filter static_user_filter (class=org.apache.hadoop.http.lib.StaticUserWebFilter$StaticUserFilter) to context static
2019-08-02 04:32:43,379 INFO  http.HttpServer2 (HttpServer2.java:bindListener(1191)) - Jetty bound to port 43690
2019-08-02 04:32:43,380 INFO  server.Server (Server.java:doStart(351)) - jetty-9.3.24.v20180605, build timestamp: 2018-06-05T17:11:56Z, git hash: 84205aa28f11a4f31f2a3b86d1bba2cc8ab69827
2019-08-02 04:32:43,382 INFO  handler.ContextHandler (ContextHandler.java:doStart(781)) - Started o.e.j.s.ServletContextHandler@2e812a06{/logs,file:///workdir/hadoop-ozone/integration-test/target/log,AVAILABLE}
2019-08-02 04:32:43,383 INFO  handler.ContextHandler (ContextHandler.java:doStart(781)) - Started o.e.j.s.ServletContextHandler@333d0337{/static,file:///workdir/hadoop-ozone/integration-test/target/test-classes/webapps/static,AVAILABLE}
2019-08-02 04:32:43,390 INFO  handler.ContextHandler (ContextHandler.java:doStart(781)) - Started o.e.j.w.WebAppContext@27401078{/,file:///workdir/hadoop-ozone/integration-test/target/test-classes/webapps/ozoneManager/,AVAILABLE}{/ozoneManager}
2019-08-02 04:32:43,391 INFO  server.AbstractConnector (AbstractConnector.java:doStart(278)) - Started ServerConnector@6be92964{HTTP/1.1,[http/1.1]}{0.0.0.0:43690}
2019-08-02 04:32:43,392 INFO  server.Server (Server.java:doStart(419)) - Started @20738ms
2019-08-02 04:32:43,393 INFO  server.BaseHttpServer (BaseHttpServer.java:updateConnectorAddress(207)) - HTTP server of OZONEMANAGER is listening at http://0.0.0.0:43690
2019-08-02 04:32:43,414 INFO  impl.MetricsSystemImpl (MetricsSystemImpl.java:init(158)) - HddsDatanode metrics system started (again)
2019-08-02 04:32:43,417 INFO  ozone.HddsDatanodeService (HddsDatanodeService.java:start(184)) - HddsDatanodeService host:byscane-nightly-xzrzg-2697134946 ip:192.168.157.195
2019-08-02 04:32:43,427 INFO  volume.HddsVolume (HddsVolume.java:<init>(176)) - Creating Volume: /workdir/hadoop-ozone/integration-test/target/test-dir/MiniOzoneClusterImpl-9b402d2a-9712-4946-9ffe-50302b18019b/datanode-0/data/containers/hdds of  storage type : DISK and capacity : 52710309888
2019-08-02 04:32:43,428 INFO  volume.VolumeSet (VolumeSet.java:initializeVolumeSet(170)) - Added Volume : /workdir/hadoop-ozone/integration-test/target/test-dir/MiniOzoneClusterImpl-9b402d2a-9712-4946-9ffe-50302b18019b/datanode-0/data/containers/hdds to VolumeSet
2019-08-02 04:32:43,429 INFO  volume.ThrottledAsyncChecker (ThrottledAsyncChecker.java:schedule(140)) - Scheduling a check for org.apache.hadoop.ozone.container.common.volume.HddsVolume@67820257
2019-08-02 04:32:43,430 INFO  volume.HddsVolumeChecker (HddsVolumeChecker.java:checkAllVolumes(203)) - Scheduled health check for volume org.apache.hadoop.ozone.container.common.volume.HddsVolume@67820257
2019-08-02 04:32:43,452 INFO  impl.RaftServerProxy (ConfUtils.java:logGet(43)) - raft.rpc.type = GRPC (default)
2019-08-02 04:32:43,452 INFO  grpc.GrpcFactory (GrpcFactory.java:checkPooledByteBufAllocatorUseCacheForAllThreads(45)) - PERFORMANCE WARNING: useCacheForAllThreads is true that may cause Netty to create a lot garbage objects and, as a result, trigger GC.
	It is recommended to disable useCacheForAllThreads by setting -Dorg.apache.ratis.thirdparty.io.netty.allocator.useCacheForAllThreads=false in command line.
2019-08-02 04:32:43,453 INFO  grpc.GrpcConfigKeys$Server (ConfUtils.java:logGet(43)) - raft.grpc.server.port = 0 (default)
2019-08-02 04:32:43,454 INFO  server.GrpcService (ConfUtils.java:logGet(43)) - raft.grpc.message.size.max = 33570816 (custom)
2019-08-02 04:32:43,454 INFO  server.RaftServerConfigKeys (ConfUtils.java:logGet(43)) - raft.server.log.appender.buffer.byte-limit = 33554432 (custom)
2019-08-02 04:32:43,454 INFO  server.GrpcService (ConfUtils.java:logGet(43)) - raft.grpc.flow.control.window = 1MB (=1048576) (default)
2019-08-02 04:32:43,454 INFO  server.RaftServerConfigKeys (ConfUtils.java:logGet(43)) - raft.server.rpc.request.timeout = 3000ms (default)
2019-08-02 04:32:43,455 INFO  server.RaftServerConfigKeys (ConfUtils.java:logGet(43)) - raft.server.storage.dir = [/workdir/hadoop-ozone/integration-test/target/test-dir/MiniOzoneClusterImpl-9b402d2a-9712-4946-9ffe-50302b18019b/datanode-0/data/ratis] (custom)
2019-08-02 04:32:43,456 INFO  replication.SimpleContainerDownloader (SimpleContainerDownloader.java:<init>(72)) - Starting container downloader service to copy containers to replicate.
2019-08-02 04:32:43,458 INFO  hdfs.DFSUtil (DFSUtil.java:httpServerTemplateForNNAndJN(1641)) - Starting Web-server for hddsDatanode at: http://0.0.0.0:0
2019-08-02 04:32:43,459 INFO  server.AuthenticationFilter (AuthenticationFilter.java:constructSecretProvider(240)) - Unable to initialize FileSignerSecretProvider, falling back to use random secrets.
2019-08-02 04:32:43,460 WARN  http.HttpRequestLog (HttpRequestLog.java:getRequestLog(97)) - Jetty request log can only be enabled using Log4j
2019-08-02 04:32:43,462 INFO  http.HttpServer2 (HttpServer2.java:addGlobalFilter(975)) - Added global filter 'safety' (class=org.apache.hadoop.http.HttpServer2$QuotingInputFilter)
2019-08-02 04:32:43,463 INFO  http.HttpServer2 (HttpServer2.java:addFilter(948)) - Added filter static_user_filter (class=org.apache.hadoop.http.lib.StaticUserWebFilter$StaticUserFilter) to context hddsDatanode
2019-08-02 04:32:43,463 INFO  http.HttpServer2 (HttpServer2.java:addFilter(958)) - Added filter static_user_filter (class=org.apache.hadoop.http.lib.StaticUserWebFilter$StaticUserFilter) to context static
2019-08-02 04:32:43,463 INFO  http.HttpServer2 (HttpServer2.java:addFilter(958)) - Added filter static_user_filter (class=org.apache.hadoop.http.lib.StaticUserWebFilter$StaticUserFilter) to context logs
2019-08-02 04:32:43,464 INFO  http.HttpServer2 (HttpServer2.java:bindListener(1191)) - Jetty bound to port 41834
2019-08-02 04:32:43,464 INFO  server.Server (Server.java:doStart(351)) - jetty-9.3.24.v20180605, build timestamp: 2018-06-05T17:11:56Z, git hash: 84205aa28f11a4f31f2a3b86d1bba2cc8ab69827
2019-08-02 04:32:43,468 INFO  handler.ContextHandler (ContextHandler.java:doStart(781)) - Started o.e.j.s.ServletContextHandler@55363abc{/logs,file:///workdir/hadoop-ozone/integration-test/target/log,AVAILABLE}
2019-08-02 04:32:43,468 INFO  handler.ContextHandler (ContextHandler.java:doStart(781)) - Started o.e.j.s.ServletContextHandler@5b630093{/static,jar:file:/home/user/.m2/repository/org/apache/hadoop/hadoop-hdds-container-service/0.4.1-SNAPSHOT/hadoop-hdds-container-service-0.4.1-SNAPSHOT.jar!/webapps/static,AVAILABLE}
2019-08-02 04:32:43,505 INFO  handler.ContextHandler (ContextHandler.java:doStart(781)) - Started o.e.j.w.WebAppContext@7231e8a2{/,file:///tmp/jetty-0.0.0.0-41834-hddsDatanode-_-any-4534287956476349392.dir/webapp/,AVAILABLE}{/hddsDatanode}
2019-08-02 04:32:43,505 INFO  server.AbstractConnector (AbstractConnector.java:doStart(278)) - Started ServerConnector@63091cf5{HTTP/1.1,[http/1.1]}{0.0.0.0:41834}
2019-08-02 04:32:43,506 INFO  server.Server (Server.java:doStart(419)) - Started @20853ms
2019-08-02 04:32:43,507 INFO  server.BaseHttpServer (BaseHttpServer.java:updateConnectorAddress(207)) - HTTP server of HDDSDATANODE is listening at http://0.0.0.0:41834
2019-08-02 04:32:43,650 INFO  ozone.HddsDatanodeService (HddsDatanodeService.java:startPlugins(395)) - Started plug-in org.apache.hadoop.ozone.web.OzoneHddsDatanodeService@1521a3c8
2019-08-02 04:32:43,650 INFO  ozone.MiniOzoneClusterImpl (MiniOzoneClusterImpl.java:lambda$waitForClusterToBeReady$0(142)) - Waiting for cluster to be ready. Got 0 of 1 DN Heartbeats.
2019-08-02 04:32:43,654 INFO  util.JvmPauseMonitor (JvmPauseMonitor.java:run(188)) - Starting JVM pause monitor
2019-08-02 04:32:43,661 INFO  datanode.InitDatanodeState (InitDatanodeState.java:persistContainerDatanodeDetails(140)) - DatanodeDetails is persisted to /workdir/hadoop-ozone/integration-test/target/test-dir/MiniOzoneClusterImpl-9b402d2a-9712-4946-9ffe-50302b18019b/datanode-0/meta/datanode.id
2019-08-02 04:32:44,652 INFO  ozone.MiniOzoneClusterImpl (MiniOzoneClusterImpl.java:lambda$waitForClusterToBeReady$0(142)) - Waiting for cluster to be ready. Got 0 of 1 DN Heartbeats.
2019-08-02 04:32:45,653 INFO  ozone.MiniOzoneClusterImpl (MiniOzoneClusterImpl.java:lambda$waitForClusterToBeReady$0(142)) - Waiting for cluster to be ready. Got 0 of 1 DN Heartbeats.
2019-08-02 04:32:45,677 INFO  ozoneimpl.OzoneContainer (OzoneContainer.java:start(186)) - Attempting to start container services.
2019-08-02 04:32:45,678 INFO  ozoneimpl.OzoneContainer (OzoneContainer.java:startContainerScrub(160)) - Background container scrubber has been disabled by hdds.containerscrub.enabled
2019-08-02 04:32:45,679 INFO  ratis.XceiverServerRatis (XceiverServerRatis.java:start(404)) - Starting XceiverServerRatis 79bc594c-4a70-475f-8656-798001aef16d at port 0
2019-08-02 04:32:45,688 INFO  impl.RaftServerProxy (RaftServerProxy.java:lambda$start$3(299)) - 79bc594c-4a70-475f-8656-798001aef16d: start RPC server
2019-08-02 04:32:45,692 INFO  server.GrpcService (GrpcService.java:startImpl(149)) - 79bc594c-4a70-475f-8656-798001aef16d: GrpcService started, listening on 0.0.0.0/0.0.0.0:45659
2019-08-02 04:32:45,692 INFO  ratis.XceiverServerRatis (XceiverServerRatis.java:start(414)) - XceiverServerRatis 79bc594c-4a70-475f-8656-798001aef16d is started using port 45659
2019-08-02 04:32:45,694 INFO  server.XceiverServerGrpc (XceiverServerGrpc.java:start(161)) - XceiverServerGrpc 79bc594c-4a70-475f-8656-798001aef16d is started using port 46821
2019-08-02 04:32:46,653 INFO  ozone.MiniOzoneClusterImpl (MiniOzoneClusterImpl.java:lambda$waitForClusterToBeReady$0(142)) - Waiting for cluster to be ready. Got 0 of 1 DN Heartbeats.
2019-08-02 04:32:47,654 INFO  ozone.MiniOzoneClusterImpl (MiniOzoneClusterImpl.java:lambda$waitForClusterToBeReady$0(142)) - Waiting for cluster to be ready. Got 0 of 1 DN Heartbeats.
2019-08-02 04:32:47,659 INFO  net.NetworkTopology (NetworkTopologyImpl.java:add(110)) - Added a new node: /default-rack/79bc594c-4a70-475f-8656-798001aef16d
2019-08-02 04:32:47,660 INFO  node.SCMNodeManager (SCMNodeManager.java:register(273)) - Registered Data node : 79bc594c-4a70-475f-8656-798001aef16d{ip: 192.168.157.195, host: byscane-nightly-xzrzg-2697134946, networkLocation: /default-rack, certSerialId: null}
2019-08-02 04:32:47,663 INFO  safemode.SCMSafeModeManager (DataNodeSafeModeRule.java:process(71)) - SCM in safe mode. 1 DataNodes registered, 1 required.
2019-08-02 04:32:47,664 INFO  safemode.SCMSafeModeManager (SCMSafeModeManager.java:validateSafeModeExitRules(177)) - ScmSafeModeManager, all rules are successfully validated
2019-08-02 04:32:47,664 INFO  safemode.SCMSafeModeManager (SCMSafeModeManager.java:exitSafeMode(193)) - SCM exiting safe mode.
2019-08-02 04:32:47,682 INFO  impl.RaftServerProxy (RaftServerProxy.java:addNew(89)) - 79bc594c-4a70-475f-8656-798001aef16d: addNew group-818B42D2BB8C:[79bc594c-4a70-475f-8656-798001aef16d:192.168.157.195:45659] returns group-818B42D2BB8C:java.util.concurrent.CompletableFuture@5e0bf6c9[Not completed]
2019-08-02 04:32:47,684 INFO  impl.RaftServerImpl (RaftServerImpl.java:<init>(93)) - 79bc594c-4a70-475f-8656-798001aef16d: new RaftServerImpl for group-818B42D2BB8C:[79bc594c-4a70-475f-8656-798001aef16d:192.168.157.195:45659] with ContainerStateMachine:uninitialized
2019-08-02 04:32:47,685 INFO  server.RaftServerConfigKeys (ConfUtils.java:logGet(43)) - raft.server.rpc.timeout.min = 5s (custom)
2019-08-02 04:32:47,686 INFO  server.RaftServerConfigKeys (ConfUtils.java:logGet(43)) - raft.server.rpc.timeout.max = 5200ms (custom)
2019-08-02 04:32:47,686 INFO  server.RaftServerConfigKeys (ConfUtils.java:logGet(43)) - raft.server.rpcslowness.timeout = 120s (custom)
2019-08-02 04:32:47,686 INFO  server.RaftServerConfigKeys (ConfUtils.java:logGet(43)) - raft.server.sleep.deviation.threshold = 300 (default)
2019-08-02 04:32:47,686 INFO  server.RaftServerConfigKeys (ConfUtils.java:logGet(43)) - raft.server.log.appender.install.snapshot.enabled = false (custom)
2019-08-02 04:32:47,686 INFO  impl.RaftServerImpl (ServerState.java:<init>(105)) - 79bc594c-4a70-475f-8656-798001aef16d:group-818B42D2BB8C ConfigurationManager, init=-1: [79bc594c-4a70-475f-8656-798001aef16d:192.168.157.195:45659], old=null, confs=<EMPTY_MAP>
2019-08-02 04:32:47,687 INFO  server.RaftServerConfigKeys (ConfUtils.java:logGet(43)) - raft.server.storage.dir = [/workdir/hadoop-ozone/integration-test/target/test-dir/MiniOzoneClusterImpl-9b402d2a-9712-4946-9ffe-50302b18019b/datanode-0/data/ratis] (custom)
2019-08-02 04:32:47,687 INFO  storage.RaftStorageDirectory (RaftStorageDirectory.java:analyzeStorage(246)) - The storage directory /workdir/hadoop-ozone/integration-test/target/test-dir/MiniOzoneClusterImpl-9b402d2a-9712-4946-9ffe-50302b18019b/datanode-0/data/ratis/3eb8d393-aef8-463b-886b-818b42d2bb8c does not exist. Creating ...
2019-08-02 04:32:47,701 INFO  storage.RaftStorageDirectory (RaftStorageDirectory.java:tryLock(328)) - Lock on /workdir/hadoop-ozone/integration-test/target/test-dir/MiniOzoneClusterImpl-9b402d2a-9712-4946-9ffe-50302b18019b/datanode-0/data/ratis/3eb8d393-aef8-463b-886b-818b42d2bb8c/in_use.lock acquired by nodename 20279@byscane-nightly-xzrzg-2697134946
2019-08-02 04:32:47,715 INFO  storage.RaftStorage (RaftStorage.java:format(72)) - Storage directory /workdir/hadoop-ozone/integration-test/target/test-dir/MiniOzoneClusterImpl-9b402d2a-9712-4946-9ffe-50302b18019b/datanode-0/data/ratis/3eb8d393-aef8-463b-886b-818b42d2bb8c has been successfully formatted.
2019-08-02 04:32:47,715 INFO  ratis.ContainerStateMachine (ContainerStateMachine.java:loadSnapshot(213)) - group-818B42D2BB8C: The snapshot info is null. Setting the last applied indexto:(t:0, i:~)
2019-08-02 04:32:47,716 INFO  server.RaftServerConfigKeys (ConfUtils.java:logGet(43)) - raft.server.leader.election.timeout = 120s (custom)
2019-08-02 04:32:47,716 INFO  server.RaftServerConfigKeys (ConfUtils.java:logGet(43)) - raft.server.log.use.memory = false (default)
2019-08-02 04:32:47,716 INFO  server.RaftServerConfigKeys (ConfUtils.java:logGet(43)) - raft.server.log.purge.gap = 1000000000 (custom)
2019-08-02 04:32:47,716 INFO  server.RaftServerConfigKeys (ConfUtils.java:logGet(43)) - raft.server.log.appender.buffer.byte-limit = 33554432 (custom)
2019-08-02 04:32:47,716 INFO  server.RaftServerConfigKeys (ConfUtils.java:logGet(43)) - raft.server.log.segment.size.max = 1048576 (custom)
2019-08-02 04:32:47,717 INFO  server.RaftServerConfigKeys (ConfUtils.java:logGet(43)) - raft.server.log.segment.cache.num.max = 2 (custom)
2019-08-02 04:32:47,717 INFO  segmented.SegmentedRaftLogWorker (SegmentedRaftLogWorker.java:<init>(172)) - new 79bc594c-4a70-475f-8656-798001aef16d-SegmentedRaftLogWorker:Storage Directory /workdir/hadoop-ozone/integration-test/target/test-dir/MiniOzoneClusterImpl-9b402d2a-9712-4946-9ffe-50302b18019b/datanode-0/data/ratis/3eb8d393-aef8-463b-886b-818b42d2bb8c for RaftStorage:Storage Directory /workdir/hadoop-ozone/integration-test/target/test-dir/MiniOzoneClusterImpl-9b402d2a-9712-4946-9ffe-50302b18019b/datanode-0/data/ratis/3eb8d393-aef8-463b-886b-818b42d2bb8c
2019-08-02 04:32:47,717 INFO  server.RaftServerConfigKeys (ConfUtils.java:logGet(43)) - raft.server.log.queue.byte-limit = 2147483647 (custom)
2019-08-02 04:32:47,717 INFO  server.RaftServerConfigKeys (ConfUtils.java:logGet(43)) - raft.server.log.queue.element-limit = 1024 (custom)
2019-08-02 04:32:47,718 INFO  server.RaftServerConfigKeys (ConfUtils.java:logGet(43)) - raft.server.log.segment.size.max = 1048576 (custom)
2019-08-02 04:32:47,718 INFO  server.RaftServerConfigKeys (ConfUtils.java:logGet(43)) - raft.server.log.preallocated.size = 16384 (custom)
2019-08-02 04:32:47,718 INFO  server.RaftServerConfigKeys (ConfUtils.java:logGet(43)) - raft.server.log.write.buffer.size = 33554432 (custom)
2019-08-02 04:32:47,718 INFO  server.RaftServerConfigKeys (ConfUtils.java:logGet(43)) - raft.server.log.force.sync.num = 128 (default)
2019-08-02 04:32:47,718 INFO  server.RaftServerConfigKeys (ConfUtils.java:logGet(43)) - raft.server.log.statemachine.data.sync = true (default)
2019-08-02 04:32:47,719 INFO  server.RaftServerConfigKeys (ConfUtils.java:logGet(43)) - raft.server.log.statemachine.data.sync.timeout = 10s (default)
2019-08-02 04:32:47,719 INFO  server.RaftServerConfigKeys (ConfUtils.java:logGet(43)) - raft.server.log.statemachine.data.sync.timeout.retry = -1 (default)
2019-08-02 04:32:47,719 INFO  server.RaftServerConfigKeys (ConfUtils.java:logGet(43)) - raft.server.log.statemachine.data.caching.enabled = true (custom)
2019-08-02 04:32:47,720 INFO  segmented.SegmentedRaftLogWorker (SegmentedRaftLogWorker.java:lambda$new$0(132)) - 79bc594c-4a70-475f-8656-798001aef16d-SegmentedRaftLogWorker:Storage Directory /workdir/hadoop-ozone/integration-test/target/test-dir/MiniOzoneClusterImpl-9b402d2a-9712-4946-9ffe-50302b18019b/datanode-0/data/ratis/3eb8d393-aef8-463b-886b-818b42d2bb8c: flushIndex: setUnconditionally 0 -> -1
2019-08-02 04:32:47,720 INFO  server.RaftServerConfigKeys (ConfUtils.java:logGet(43)) - raft.server.snapshot.auto.trigger.enabled = true (custom)
2019-08-02 04:32:47,720 INFO  server.RaftServerConfigKeys (ConfUtils.java:logGet(43)) - raft.server.snapshot.auto.trigger.threshold = 10000 (custom)
2019-08-02 04:32:47,721 INFO  server.RaftServerConfigKeys (ConfUtils.java:logGet(43)) - raft.server.retrycache.expirytime = 600000ms (custom)
2019-08-02 04:32:47,721 INFO  impl.RaftServerImpl (RaftServerImpl.java:start(180)) - 79bc594c-4a70-475f-8656-798001aef16d: start group-818B42D2BB8C
2019-08-02 04:32:47,721 INFO  impl.RaftServerImpl (RaftServerImpl.java:setRole(171)) - 79bc594c-4a70-475f-8656-798001aef16d:group-818B42D2BB8C changes role from null to FOLLOWER at term 0 for startAsFollower
2019-08-02 04:32:47,721 INFO  impl.RoleInfo (RoleInfo.java:updateAndGet(143)) - 79bc594c-4a70-475f-8656-798001aef16d: start FollowerState
2019-08-02 04:32:47,722 INFO  util.JmxRegister (JmxRegister.java:tryRegister(44)) - Successfully registered JMX Bean with object name Ratis:service=RaftServer,group=group-818B42D2BB8C,id=79bc594c-4a70-475f-8656-798001aef16d
2019-08-02 04:32:47,731 INFO  pipeline.PipelineStateManager (PipelineStateManager.java:addPipeline(56)) - Created pipeline Pipeline[ Id: 3eb8d393-aef8-463b-886b-818b42d2bb8c, Nodes: 79bc594c-4a70-475f-8656-798001aef16d{ip: 192.168.157.195, host: byscane-nightly-xzrzg-2697134946, networkLocation: /default-rack, certSerialId: null}, Type:RATIS, Factor:ONE, State:OPEN]
2019-08-02 04:32:48,655 INFO  ozone.MiniOzoneClusterImpl (MiniOzoneClusterImpl.java:lambda$waitForClusterToBeReady$0(142)) - Cluster is ready. Got 1 of 1 DN Heartbeats.
2019-08-02 04:32:48,848 INFO  pipeline.PipelineStateManager (PipelineStateManager.java:addPipeline(56)) - Created pipeline Pipeline[ Id: c223562e-7413-4e9c-b5bf-29d981d3965d, Nodes: 79bc594c-4a70-475f-8656-798001aef16d{ip: 192.168.157.195, host: byscane-nightly-xzrzg-2697134946, networkLocation: /default-rack, certSerialId: null}, Type:STAND_ALONE, Factor:ONE, State:OPEN]
2019-08-02 04:32:49,442 INFO  keyvalue.KeyValueHandler (ContainerUtils.java:logAndReturnError(146)) - Operation: CreateContainer : Trace ID: 2e5d71d0435c2a4e:2e5d71d0435c2a4e:0:0 : Message: Container creation failed, due to disk out of space : Result: DISK_OUT_OF_SPACE
04:32:49.443 [grpc-default-executor-1] ERROR DNAudit - user=null | ip=null | op=WRITE_CHUNK {blockData=conID: 6 locID: 102545514126573589 bcsId: 0} | ret=FAILURE
org.apache.hadoop.hdds.scm.container.common.helpers.StorageContainerException: ContainerID 6 creation failed
	at org.apache.hadoop.ozone.container.common.impl.HddsDispatcher.dispatchRequest(HddsDispatcher.java:227) [hadoop-hdds-container-service-0.4.1-SNAPSHOT.jar:?]
	at org.apache.hadoop.ozone.container.common.impl.HddsDispatcher.dispatch(HddsDispatcher.java:148) [hadoop-hdds-container-service-0.4.1-SNAPSHOT.jar:?]
	at org.apache.hadoop.ozone.container.common.transport.server.GrpcXceiverService$1.onNext(GrpcXceiverService.java:73) [hadoop-hdds-container-service-0.4.1-SNAPSHOT.jar:?]
	at org.apache.hadoop.ozone.container.common.transport.server.GrpcXceiverService$1.onNext(GrpcXceiverService.java:61) [hadoop-hdds-container-service-0.4.1-SNAPSHOT.jar:?]
	at org.apache.ratis.thirdparty.io.grpc.stub.ServerCalls$StreamingServerCallHandler$StreamingServerCallListener.onMessage(ServerCalls.java:248) [ratis-thirdparty-misc-0.2.0.jar:0.2.0]
	at org.apache.ratis.thirdparty.io.grpc.ForwardingServerCallListener.onMessage(ForwardingServerCallListener.java:33) [ratis-thirdparty-misc-0.2.0.jar:0.2.0]
	at org.apache.ratis.thirdparty.io.grpc.Contexts$ContextualizedServerCallListener.onMessage(Contexts.java:76) [ratis-thirdparty-misc-0.2.0.jar:0.2.0]
	at org.apache.ratis.thirdparty.io.grpc.ForwardingServerCallListener.onMessage(ForwardingServerCallListener.java:33) [ratis-thirdparty-misc-0.2.0.jar:0.2.0]
	at org.apache.hadoop.hdds.tracing.GrpcServerInterceptor$1.onMessage(GrpcServerInterceptor.java:46) [hadoop-hdds-common-0.4.1-SNAPSHOT.jar:?]
	at org.apache.ratis.thirdparty.io.grpc.internal.ServerCallImpl$ServerStreamListenerImpl.messagesAvailable(ServerCallImpl.java:263) [ratis-thirdparty-misc-0.2.0.jar:0.2.0]
	at org.apache.ratis.thirdparty.io.grpc.internal.ServerImpl$JumpToApplicationThreadServerStreamListener$1MessagesAvailable.runInContext(ServerImpl.java:686) [ratis-thirdparty-misc-0.2.0.jar:0.2.0]
	at org.apache.ratis.thirdparty.io.grpc.internal.ContextRunnable.run(ContextRunnable.java:37) [ratis-thirdparty-misc-0.2.0.jar:0.2.0]
	at org.apache.ratis.thirdparty.io.grpc.internal.SerializingExecutor.run(SerializingExecutor.java:123) [ratis-thirdparty-misc-0.2.0.jar:0.2.0]
	at java.util.concurrent.ThreadPoolExecutor.runWorker(ThreadPoolExecutor.java:1149) [?:1.8.0_212]
	at java.util.concurrent.ThreadPoolExecutor$Worker.run(ThreadPoolExecutor.java:624) [?:1.8.0_212]
	at java.lang.Thread.run(Thread.java:748) [?:1.8.0_212]
2019-08-02 04:32:49,452 INFO  impl.HddsDispatcher (ContainerUtils.java:logAndReturnError(146)) - Operation: WriteChunk : Trace ID: 2e5d71d0435c2a4e:2e5d71d0435c2a4e:0:0 : Message: ContainerID 6 creation failed : Result: DISK_OUT_OF_SPACE
2019-08-02 04:32:49,456 ERROR storage.BlockOutputStream (BlockOutputStream.java:validateResponse(531)) - Unexpected Storage Container Exception: 
org.apache.hadoop.hdds.scm.container.common.helpers.StorageContainerException: ContainerID 6 creation failed
	at org.apache.hadoop.hdds.scm.storage.ContainerProtocolCalls.validateContainerResponse(ContainerProtocolCalls.java:536)
	at org.apache.hadoop.hdds.scm.storage.BlockOutputStream.validateResponse(BlockOutputStream.java:529)
	at org.apache.hadoop.hdds.scm.storage.BlockOutputStream.lambda$writeChunkToContainer$2(BlockOutputStream.java:606)
	at java.util.concurrent.CompletableFuture.uniApply(CompletableFuture.java:602)
	at java.util.concurrent.CompletableFuture$UniApply.tryFire(CompletableFuture.java:577)
	at java.util.concurrent.CompletableFuture$Completion.run(CompletableFuture.java:442)
	at java.util.concurrent.ThreadPoolExecutor.runWorker(ThreadPoolExecutor.java:1149)
	at java.util.concurrent.ThreadPoolExecutor$Worker.run(ThreadPoolExecutor.java:624)
	at java.lang.Thread.run(Thread.java:748)
04:32:49.457 [grpc-default-executor-0] ERROR DNAudit - user=null | ip=null | op=PUT_BLOCK {blockData=[blockId=conID: 6 locID: 102545514126573589 bcsId: 0,size=5]} | ret=FAILURE
org.apache.hadoop.hdds.scm.container.common.helpers.StorageContainerException: ContainerID 6 does not exist
	at org.apache.hadoop.ozone.container.common.impl.HddsDispatcher.dispatchRequest(HddsDispatcher.java:242) [hadoop-hdds-container-service-0.4.1-SNAPSHOT.jar:?]
	at org.apache.hadoop.ozone.container.common.impl.HddsDispatcher.dispatch(HddsDispatcher.java:148) [hadoop-hdds-container-service-0.4.1-SNAPSHOT.jar:?]
	at org.apache.hadoop.ozone.container.common.transport.server.GrpcXceiverService$1.onNext(GrpcXceiverService.java:73) [hadoop-hdds-container-service-0.4.1-SNAPSHOT.jar:?]
	at org.apache.hadoop.ozone.container.common.transport.server.GrpcXceiverService$1.onNext(GrpcXceiverService.java:61) [hadoop-hdds-container-service-0.4.1-SNAPSHOT.jar:?]
	at org.apache.ratis.thirdparty.io.grpc.stub.ServerCalls$StreamingServerCallHandler$StreamingServerCallListener.onMessage(ServerCalls.java:248) [ratis-thirdparty-misc-0.2.0.jar:0.2.0]
	at org.apache.ratis.thirdparty.io.grpc.ForwardingServerCallListener.onMessage(ForwardingServerCallListener.java:33) [ratis-thirdparty-misc-0.2.0.jar:0.2.0]
	at org.apache.ratis.thirdparty.io.grpc.Contexts$ContextualizedServerCallListener.onMessage(Contexts.java:76) [ratis-thirdparty-misc-0.2.0.jar:0.2.0]
	at org.apache.ratis.thirdparty.io.grpc.ForwardingServerCallListener.onMessage(ForwardingServerCallListener.java:33) [ratis-thirdparty-misc-0.2.0.jar:0.2.0]
	at org.apache.hadoop.hdds.tracing.GrpcServerInterceptor$1.onMessage(GrpcServerInterceptor.java:46) [hadoop-hdds-common-0.4.1-SNAPSHOT.jar:?]
	at org.apache.ratis.thirdparty.io.grpc.internal.ServerCallImpl$ServerStreamListenerImpl.messagesAvailable(ServerCallImpl.java:263) [ratis-thirdparty-misc-0.2.0.jar:0.2.0]
	at org.apache.ratis.thirdparty.io.grpc.internal.ServerImpl$JumpToApplicationThreadServerStreamListener$1MessagesAvailable.runInContext(ServerImpl.java:686) [ratis-thirdparty-misc-0.2.0.jar:0.2.0]
	at org.apache.ratis.thirdparty.io.grpc.internal.ContextRunnable.run(ContextRunnable.java:37) [ratis-thirdparty-misc-0.2.0.jar:0.2.0]
	at org.apache.ratis.thirdparty.io.grpc.internal.SerializingExecutor.run(SerializingExecutor.java:123) [ratis-thirdparty-misc-0.2.0.jar:0.2.0]
	at java.util.concurrent.ThreadPoolExecutor.runWorker(ThreadPoolExecutor.java:1149) [?:1.8.0_212]
	at java.util.concurrent.ThreadPoolExecutor$Worker.run(ThreadPoolExecutor.java:624) [?:1.8.0_212]
	at java.lang.Thread.run(Thread.java:748) [?:1.8.0_212]
2019-08-02 04:32:49,458 INFO  impl.HddsDispatcher (ContainerUtils.java:logAndReturnError(146)) - Operation: PutBlock : Trace ID: b8580a6b8465f602:b8580a6b8465f602:0:0 : Message: ContainerID 6 does not exist : Result: CONTAINER_NOT_FOUND
]]></system-out>
    <system-err><![CDATA[Aug 02, 2019 4:32:43 AM com.sun.jersey.server.impl.application.WebApplicationImpl _initiate
INFO: Initiating Jersey application, version 'Jersey: 1.19 02/11/2015 03:25 AM'
Aug 02, 2019 4:32:48 AM com.sun.jersey.server.impl.application.WebApplicationImpl _initiate
INFO: Initiating Jersey application, version 'Jersey: 1.19 02/11/2015 03:25 AM'
]]></system-err>
  </testcase>
  <testcase name="testSCMReinitialization" classname="org.apache.hadoop.ozone.TestStorageContainerManager" time="11.158"/>
  <testcase name="testCloseContainerCommandOnRestart" classname="org.apache.hadoop.ozone.TestStorageContainerManager" time="7.182">
    <error message="Unexpected Storage Container Exception: org.apache.hadoop.hdds.scm.container.common.helpers.StorageContainerException: ContainerID 6 creation failed" type="java.io.IOException">java.io.IOException: Unexpected Storage Container Exception: org.apache.hadoop.hdds.scm.container.common.helpers.StorageContainerException: ContainerID 6 creation failed
	at org.apache.hadoop.hdds.scm.storage.BlockOutputStream.setIoException(BlockOutputStream.java:541)
	at org.apache.hadoop.hdds.scm.storage.BlockOutputStream.validateResponse(BlockOutputStream.java:532)
	at org.apache.hadoop.hdds.scm.storage.BlockOutputStream.lambda$writeChunkToContainer$2(BlockOutputStream.java:606)
	at java.util.concurrent.CompletableFuture.uniApply(CompletableFuture.java:602)
	at java.util.concurrent.CompletableFuture$UniApply.tryFire(CompletableFuture.java:577)
	at java.util.concurrent.CompletableFuture$Completion.run(CompletableFuture.java:442)
	at java.util.concurrent.ThreadPoolExecutor.runWorker(ThreadPoolExecutor.java:1149)
	at java.util.concurrent.ThreadPoolExecutor$Worker.run(ThreadPoolExecutor.java:624)
	at java.lang.Thread.run(Thread.java:748)
Caused by: org.apache.hadoop.hdds.scm.container.common.helpers.StorageContainerException: ContainerID 6 creation failed
	at org.apache.hadoop.hdds.scm.storage.ContainerProtocolCalls.validateContainerResponse(ContainerProtocolCalls.java:536)
	at org.apache.hadoop.hdds.scm.storage.BlockOutputStream.validateResponse(BlockOutputStream.java:529)
	... 7 more
</error>
    <system-out><![CDATA[2019-08-02 04:33:00,667 WARN  server.ServerUtils (ServerUtils.java:getScmDbDir(145)) - ozone.scm.db.dirs is not configured. We recommend adding this setting. Falling back to ozone.metadata.dirs instead.
2019-08-02 04:33:00,683 WARN  server.ServerUtils (ServerUtils.java:getScmDbDir(145)) - ozone.scm.db.dirs is not configured. We recommend adding this setting. Falling back to ozone.metadata.dirs instead.
2019-08-02 04:33:00,683 WARN  server.ServerUtils (ServerUtils.java:getScmDbDir(145)) - ozone.scm.db.dirs is not configured. We recommend adding this setting. Falling back to ozone.metadata.dirs instead.
2019-08-02 04:33:00,684 INFO  db.DBStoreBuilder (DBStoreBuilder.java:addTable(110)) - using custom profile for table: deletedBlocks
2019-08-02 04:33:00,684 INFO  db.DBStoreBuilder (DBStoreBuilder.java:processTables(161)) - Using default column profile:DBProfile.DISK for Table:deletedBlocks
2019-08-02 04:33:00,684 INFO  db.DBStoreBuilder (DBStoreBuilder.java:addTable(110)) - using custom profile for table: validCerts
2019-08-02 04:33:00,684 INFO  db.DBStoreBuilder (DBStoreBuilder.java:processTables(161)) - Using default column profile:DBProfile.DISK for Table:validCerts
2019-08-02 04:33:00,685 INFO  db.DBStoreBuilder (DBStoreBuilder.java:addTable(110)) - using custom profile for table: revokedCerts
2019-08-02 04:33:00,685 INFO  db.DBStoreBuilder (DBStoreBuilder.java:processTables(161)) - Using default column profile:DBProfile.DISK for Table:revokedCerts
2019-08-02 04:33:00,685 INFO  db.DBStoreBuilder (DBStoreBuilder.java:addTable(110)) - using custom profile for table: default
2019-08-02 04:33:00,685 INFO  db.DBStoreBuilder (DBStoreBuilder.java:processTables(167)) - Using default column profile:DBProfile.DISK for Table:default
2019-08-02 04:33:00,686 INFO  db.DBStoreBuilder (DBStoreBuilder.java:getDbProfile(198)) - Using default options. DBProfile.DISK
2019-08-02 04:33:00,880 INFO  net.NodeSchemaLoader (NodeSchemaLoader.java:loadSchemaFromFile(125)) - Loading file from sun.misc.CompoundEnumeration@450ce77c
2019-08-02 04:33:00,880 INFO  net.NodeSchemaLoader (NodeSchemaLoader.java:loadSchema(171)) - Loading network topology layer schema file
2019-08-02 04:33:00,887 INFO  node.SCMNodeManager (SCMNodeManager.java:<init>(121)) - Entering startup safe mode.
2019-08-02 04:33:00,888 WARN  server.ServerUtils (ServerUtils.java:getScmDbDir(145)) - ozone.scm.db.dirs is not configured. We recommend adding this setting. Falling back to ozone.metadata.dirs instead.
2019-08-02 04:33:00,940 INFO  pipeline.SCMPipelineManager (SCMPipelineManager.java:initializePipelineState(126)) - No pipeline exists in current db
2019-08-02 04:33:00,940 WARN  server.ServerUtils (ServerUtils.java:getScmDbDir(145)) - ozone.scm.db.dirs is not configured. We recommend adding this setting. Falling back to ozone.metadata.dirs instead.
2019-08-02 04:33:00,999 WARN  events.EventQueue (EventQueue.java:fireEvent(175)) - No event handler registered for event TypedEvent{payloadType=SafeModeStatus, name='SafeModeStatus'}
2019-08-02 04:33:01,000 INFO  ipc.CallQueueManager (CallQueueManager.java:<init>(84)) - Using callQueue: class java.util.concurrent.LinkedBlockingQueue, queueCapacity: 2000, scheduler: class org.apache.hadoop.ipc.DefaultRpcScheduler, ipcBackoff: false.
2019-08-02 04:33:01,001 INFO  ipc.Server (Server.java:run(1074)) - Starting Socket Reader #1 for port 44717
2019-08-02 04:33:01,004 INFO  ipc.CallQueueManager (CallQueueManager.java:<init>(84)) - Using callQueue: class java.util.concurrent.LinkedBlockingQueue, queueCapacity: 2000, scheduler: class org.apache.hadoop.ipc.DefaultRpcScheduler, ipcBackoff: false.
2019-08-02 04:33:01,005 INFO  ipc.Server (Server.java:run(1074)) - Starting Socket Reader #1 for port 37518
2019-08-02 04:33:01,007 INFO  ipc.CallQueueManager (CallQueueManager.java:<init>(84)) - Using callQueue: class java.util.concurrent.LinkedBlockingQueue, queueCapacity: 2000, scheduler: class org.apache.hadoop.ipc.DefaultRpcScheduler, ipcBackoff: false.
2019-08-02 04:33:01,008 INFO  ipc.Server (Server.java:run(1074)) - Starting Socket Reader #1 for port 45059
2019-08-02 04:33:01,011 INFO  hdfs.DFSUtil (DFSUtil.java:httpServerTemplateForNNAndJN(1641)) - Starting Web-server for scm at: http://0.0.0.0:0
2019-08-02 04:33:01,013 INFO  server.AuthenticationFilter (AuthenticationFilter.java:constructSecretProvider(240)) - Unable to initialize FileSignerSecretProvider, falling back to use random secrets.
2019-08-02 04:33:01,014 WARN  http.HttpRequestLog (HttpRequestLog.java:getRequestLog(97)) - Jetty request log can only be enabled using Log4j
2019-08-02 04:33:01,017 INFO  http.HttpServer2 (HttpServer2.java:addGlobalFilter(975)) - Added global filter 'safety' (class=org.apache.hadoop.http.HttpServer2$QuotingInputFilter)
2019-08-02 04:33:01,018 INFO  http.HttpServer2 (HttpServer2.java:addFilter(948)) - Added filter static_user_filter (class=org.apache.hadoop.http.lib.StaticUserWebFilter$StaticUserFilter) to context scm
2019-08-02 04:33:01,018 INFO  http.HttpServer2 (HttpServer2.java:addFilter(958)) - Added filter static_user_filter (class=org.apache.hadoop.http.lib.StaticUserWebFilter$StaticUserFilter) to context logs
2019-08-02 04:33:01,018 INFO  http.HttpServer2 (HttpServer2.java:addFilter(958)) - Added filter static_user_filter (class=org.apache.hadoop.http.lib.StaticUserWebFilter$StaticUserFilter) to context static
2019-08-02 04:33:01,022 INFO  server.StorageContainerManager (StorageContainerManager.java:start(758)) - StorageContainerLocationProtocol RPC server is listening at /0.0.0.0:45059
2019-08-02 04:33:01,025 WARN  impl.MetricsConfig (MetricsConfig.java:loadFirst(134)) - Cannot locate configuration: tried hadoop-metrics2-storagecontainermanager.properties,hadoop-metrics2.properties
2019-08-02 04:33:01,026 INFO  impl.MetricsSystemImpl (MetricsSystemImpl.java:startTimer(374)) - Scheduled Metric snapshot period at 10 second(s).
2019-08-02 04:33:01,027 INFO  impl.MetricsSystemImpl (MetricsSystemImpl.java:start(191)) - StorageContainerManager metrics system started
2019-08-02 04:33:01,136 INFO  server.SCMClientProtocolServer (SCMClientProtocolServer.java:start(151)) - RPC server for Client  is listening at /0.0.0.0:45059
2019-08-02 04:33:01,136 INFO  ipc.Server (Server.java:run(1314)) - IPC Server Responder: starting
2019-08-02 04:33:01,136 INFO  ipc.Server (Server.java:run(1153)) - IPC Server listener on 45059: starting
2019-08-02 04:33:01,143 INFO  server.StorageContainerManager (StorageContainerManager.java:start(768)) - ScmBlockLocationProtocol RPC server is listening at /0.0.0.0:37518
2019-08-02 04:33:01,143 INFO  server.SCMBlockProtocolServer (SCMBlockProtocolServer.java:start(140)) - RPC server for Block Protocol is listening at /0.0.0.0:37518
2019-08-02 04:33:01,143 INFO  ipc.Server (Server.java:run(1314)) - IPC Server Responder: starting
2019-08-02 04:33:01,143 INFO  ipc.Server (Server.java:run(1153)) - IPC Server listener on 37518: starting
2019-08-02 04:33:01,149 INFO  server.StorageContainerManager (StorageContainerManager.java:start(772)) - ScmDatanodeProtocl RPC server is listening at /0.0.0.0:44717
2019-08-02 04:33:01,149 INFO  server.SCMDatanodeProtocolServer (SCMDatanodeProtocolServer.java:start(191)) - RPC server for DataNodes is listening at /0.0.0.0:44717
2019-08-02 04:33:01,150 INFO  ipc.Server (Server.java:run(1314)) - IPC Server Responder: starting
2019-08-02 04:33:01,150 INFO  ipc.Server (Server.java:run(1153)) - IPC Server listener on 44717: starting
2019-08-02 04:33:01,157 INFO  http.HttpServer2 (HttpServer2.java:bindListener(1191)) - Jetty bound to port 34346
2019-08-02 04:33:01,157 INFO  server.Server (Server.java:doStart(351)) - jetty-9.3.24.v20180605, build timestamp: 2018-06-05T17:11:56Z, git hash: 84205aa28f11a4f31f2a3b86d1bba2cc8ab69827
2019-08-02 04:33:01,159 INFO  handler.ContextHandler (ContextHandler.java:doStart(781)) - Started o.e.j.s.ServletContextHandler@4c6bb1d9{/logs,file:///workdir/hadoop-ozone/integration-test/target/log,AVAILABLE}
2019-08-02 04:33:01,159 INFO  handler.ContextHandler (ContextHandler.java:doStart(781)) - Started o.e.j.s.ServletContextHandler@6faf1673{/static,file:///workdir/hadoop-ozone/integration-test/target/test-classes/webapps/static,AVAILABLE}
2019-08-02 04:33:01,165 INFO  handler.ContextHandler (ContextHandler.java:doStart(781)) - Started o.e.j.w.WebAppContext@6071b3fa{/,file:///workdir/hadoop-ozone/integration-test/target/test-classes/webapps/scm/,AVAILABLE}{/scm}
2019-08-02 04:33:01,166 INFO  server.AbstractConnector (AbstractConnector.java:doStart(278)) - Started ServerConnector@63d591df{HTTP/1.1,[http/1.1]}{0.0.0.0:34346}
2019-08-02 04:33:01,167 INFO  server.Server (Server.java:doStart(419)) - Started @38514ms
2019-08-02 04:33:01,168 INFO  server.BaseHttpServer (BaseHttpServer.java:updateConnectorAddress(207)) - HTTP server of SCM is listening at http://0.0.0.0:34346
2019-08-02 04:33:01,169 WARN  server.ServerUtils (ServerUtils.java:getDBPath(222)) - ozone.om.db.dirs is not configured. We recommend adding this setting. Falling back to ozone.metadata.dirs instead.
2019-08-02 04:33:01,170 INFO  util.JvmPauseMonitor (JvmPauseMonitor.java:run(188)) - Starting JVM pause monitor
2019-08-02 04:33:01,184 WARN  server.ServerUtils (ServerUtils.java:getDBPath(222)) - ozone.om.db.dirs is not configured. We recommend adding this setting. Falling back to ozone.metadata.dirs instead.
2019-08-02 04:33:01,184 WARN  server.ServerUtils (ServerUtils.java:getDBPath(222)) - ozone.om.db.dirs is not configured. We recommend adding this setting. Falling back to ozone.metadata.dirs instead.
2019-08-02 04:33:01,185 INFO  om.OzoneManager (OzoneManager.java:setOMNodeDetails(644)) - OM Service ID is not set. Setting it to the default ID: omServiceIdDefault
2019-08-02 04:33:01,185 INFO  om.OzoneManager (OzoneManager.java:setOMNodeDetails(650)) - OM Node ID is not set. Setting it to the OmStorage's OmID: 0d69f2f6-2ce2-4d86-82b9-25f3a22db254
2019-08-02 04:33:01,185 INFO  om.OzoneManager (OzoneManager.java:loadOMHAConfigs(601)) - Found matching OM address with OMServiceId: null, OMNodeId: null, RPC Address: localhost:0 and Ratis port: 9872
2019-08-02 04:33:01,194 WARN  server.ServerUtils (ServerUtils.java:getDBPath(222)) - ozone.om.db.dirs is not configured. We recommend adding this setting. Falling back to ozone.metadata.dirs instead.
2019-08-02 04:33:01,194 INFO  db.DBStoreBuilder (DBStoreBuilder.java:addTable(110)) - using custom profile for table: userTable
2019-08-02 04:33:01,194 INFO  db.DBStoreBuilder (DBStoreBuilder.java:processTables(161)) - Using default column profile:DBProfile.DISK for Table:userTable
2019-08-02 04:33:01,195 INFO  db.DBStoreBuilder (DBStoreBuilder.java:addTable(110)) - using custom profile for table: volumeTable
2019-08-02 04:33:01,195 INFO  db.DBStoreBuilder (DBStoreBuilder.java:processTables(161)) - Using default column profile:DBProfile.DISK for Table:volumeTable
2019-08-02 04:33:01,195 INFO  db.DBStoreBuilder (DBStoreBuilder.java:addTable(110)) - using custom profile for table: bucketTable
2019-08-02 04:33:01,195 INFO  db.DBStoreBuilder (DBStoreBuilder.java:processTables(161)) - Using default column profile:DBProfile.DISK for Table:bucketTable
2019-08-02 04:33:01,195 INFO  db.DBStoreBuilder (DBStoreBuilder.java:addTable(110)) - using custom profile for table: keyTable
2019-08-02 04:33:01,196 INFO  db.DBStoreBuilder (DBStoreBuilder.java:processTables(161)) - Using default column profile:DBProfile.DISK for Table:keyTable
2019-08-02 04:33:01,196 INFO  db.DBStoreBuilder (DBStoreBuilder.java:addTable(110)) - using custom profile for table: deletedTable
2019-08-02 04:33:01,196 INFO  db.DBStoreBuilder (DBStoreBuilder.java:processTables(161)) - Using default column profile:DBProfile.DISK for Table:deletedTable
2019-08-02 04:33:01,196 INFO  db.DBStoreBuilder (DBStoreBuilder.java:addTable(110)) - using custom profile for table: openKeyTable
2019-08-02 04:33:01,196 INFO  db.DBStoreBuilder (DBStoreBuilder.java:processTables(161)) - Using default column profile:DBProfile.DISK for Table:openKeyTable
2019-08-02 04:33:01,197 INFO  db.DBStoreBuilder (DBStoreBuilder.java:addTable(110)) - using custom profile for table: s3Table
2019-08-02 04:33:01,197 INFO  db.DBStoreBuilder (DBStoreBuilder.java:processTables(161)) - Using default column profile:DBProfile.DISK for Table:s3Table
2019-08-02 04:33:01,197 INFO  db.DBStoreBuilder (DBStoreBuilder.java:addTable(110)) - using custom profile for table: multipartInfoTable
2019-08-02 04:33:01,197 INFO  db.DBStoreBuilder (DBStoreBuilder.java:processTables(161)) - Using default column profile:DBProfile.DISK for Table:multipartInfoTable
2019-08-02 04:33:01,197 INFO  db.DBStoreBuilder (DBStoreBuilder.java:addTable(110)) - using custom profile for table: dTokenTable
2019-08-02 04:33:01,197 INFO  db.DBStoreBuilder (DBStoreBuilder.java:processTables(161)) - Using default column profile:DBProfile.DISK for Table:dTokenTable
2019-08-02 04:33:01,198 INFO  db.DBStoreBuilder (DBStoreBuilder.java:addTable(110)) - using custom profile for table: s3SecretTable
2019-08-02 04:33:01,198 INFO  db.DBStoreBuilder (DBStoreBuilder.java:processTables(161)) - Using default column profile:DBProfile.DISK for Table:s3SecretTable
2019-08-02 04:33:01,198 INFO  db.DBStoreBuilder (DBStoreBuilder.java:addTable(110)) - using custom profile for table: prefixTable
2019-08-02 04:33:01,198 INFO  db.DBStoreBuilder (DBStoreBuilder.java:processTables(161)) - Using default column profile:DBProfile.DISK for Table:prefixTable
2019-08-02 04:33:01,198 INFO  db.DBStoreBuilder (DBStoreBuilder.java:addTable(110)) - using custom profile for table: default
2019-08-02 04:33:01,198 INFO  db.DBStoreBuilder (DBStoreBuilder.java:processTables(167)) - Using default column profile:DBProfile.DISK for Table:default
2019-08-02 04:33:01,199 INFO  db.DBStoreBuilder (DBStoreBuilder.java:getDbProfile(198)) - Using default options. DBProfile.DISK
2019-08-02 04:33:01,670 INFO  ipc.CallQueueManager (CallQueueManager.java:<init>(84)) - Using callQueue: class java.util.concurrent.LinkedBlockingQueue, queueCapacity: 2000, scheduler: class org.apache.hadoop.ipc.DefaultRpcScheduler, ipcBackoff: false.
2019-08-02 04:33:01,673 INFO  ipc.Server (Server.java:run(1074)) - Starting Socket Reader #1 for port 37405
2019-08-02 04:33:01,687 INFO  om.OzoneManager (OzoneManager.java:start(1255)) - OzoneManager RPC server is listening at localhost/127.0.0.1:37405
2019-08-02 04:33:01,687 INFO  impl.MetricsSystemImpl (MetricsSystemImpl.java:init(158)) - OzoneManager metrics system started (again)
2019-08-02 04:33:01,688 INFO  ipc.Server (Server.java:run(1314)) - IPC Server Responder: starting
2019-08-02 04:33:01,690 INFO  ipc.Server (Server.java:run(1153)) - IPC Server listener on 37405: starting
2019-08-02 04:33:01,696 INFO  hdfs.DFSUtil (DFSUtil.java:httpServerTemplateForNNAndJN(1641)) - Starting Web-server for ozoneManager at: http://0.0.0.0:0
2019-08-02 04:33:01,699 INFO  server.AuthenticationFilter (AuthenticationFilter.java:constructSecretProvider(240)) - Unable to initialize FileSignerSecretProvider, falling back to use random secrets.
2019-08-02 04:33:01,700 WARN  http.HttpRequestLog (HttpRequestLog.java:getRequestLog(97)) - Jetty request log can only be enabled using Log4j
2019-08-02 04:33:01,703 INFO  http.HttpServer2 (HttpServer2.java:addGlobalFilter(975)) - Added global filter 'safety' (class=org.apache.hadoop.http.HttpServer2$QuotingInputFilter)
2019-08-02 04:33:01,705 INFO  http.HttpServer2 (HttpServer2.java:addFilter(948)) - Added filter static_user_filter (class=org.apache.hadoop.http.lib.StaticUserWebFilter$StaticUserFilter) to context ozoneManager
2019-08-02 04:33:01,705 INFO  http.HttpServer2 (HttpServer2.java:addFilter(958)) - Added filter static_user_filter (class=org.apache.hadoop.http.lib.StaticUserWebFilter$StaticUserFilter) to context static
2019-08-02 04:33:01,705 INFO  http.HttpServer2 (HttpServer2.java:addFilter(958)) - Added filter static_user_filter (class=org.apache.hadoop.http.lib.StaticUserWebFilter$StaticUserFilter) to context logs
2019-08-02 04:33:01,707 INFO  http.HttpServer2 (HttpServer2.java:bindListener(1191)) - Jetty bound to port 37978
2019-08-02 04:33:01,707 INFO  server.Server (Server.java:doStart(351)) - jetty-9.3.24.v20180605, build timestamp: 2018-06-05T17:11:56Z, git hash: 84205aa28f11a4f31f2a3b86d1bba2cc8ab69827
2019-08-02 04:33:01,709 INFO  handler.ContextHandler (ContextHandler.java:doStart(781)) - Started o.e.j.s.ServletContextHandler@223cad12{/logs,file:///workdir/hadoop-ozone/integration-test/target/log,AVAILABLE}
2019-08-02 04:33:01,710 INFO  handler.ContextHandler (ContextHandler.java:doStart(781)) - Started o.e.j.s.ServletContextHandler@7cc3a6b5{/static,file:///workdir/hadoop-ozone/integration-test/target/test-classes/webapps/static,AVAILABLE}
2019-08-02 04:33:01,717 INFO  handler.ContextHandler (ContextHandler.java:doStart(781)) - Started o.e.j.w.WebAppContext@a857341{/,file:///workdir/hadoop-ozone/integration-test/target/test-classes/webapps/ozoneManager/,AVAILABLE}{/ozoneManager}
2019-08-02 04:33:01,717 INFO  server.AbstractConnector (AbstractConnector.java:doStart(278)) - Started ServerConnector@bac6538{HTTP/1.1,[http/1.1]}{0.0.0.0:37978}
2019-08-02 04:33:01,719 INFO  server.Server (Server.java:doStart(419)) - Started @39065ms
2019-08-02 04:33:01,720 INFO  server.BaseHttpServer (BaseHttpServer.java:updateConnectorAddress(207)) - HTTP server of OZONEMANAGER is listening at http://0.0.0.0:37978
2019-08-02 04:33:01,724 INFO  impl.MetricsSystemImpl (MetricsSystemImpl.java:init(158)) - HddsDatanode metrics system started (again)
2019-08-02 04:33:01,729 INFO  ozone.HddsDatanodeService (HddsDatanodeService.java:start(184)) - HddsDatanodeService host:byscane-nightly-xzrzg-2697134946 ip:192.168.157.195
2019-08-02 04:33:01,740 INFO  volume.HddsVolume (HddsVolume.java:<init>(176)) - Creating Volume: /workdir/hadoop-ozone/integration-test/target/test-dir/MiniOzoneClusterImpl-80d82252-1d5c-4b46-bb1a-b0b18b4704a2/datanode-0/data/containers/hdds of  storage type : DISK and capacity : 52710309888
2019-08-02 04:33:01,740 INFO  volume.VolumeSet (VolumeSet.java:initializeVolumeSet(170)) - Added Volume : /workdir/hadoop-ozone/integration-test/target/test-dir/MiniOzoneClusterImpl-80d82252-1d5c-4b46-bb1a-b0b18b4704a2/datanode-0/data/containers/hdds to VolumeSet
2019-08-02 04:33:01,740 INFO  volume.ThrottledAsyncChecker (ThrottledAsyncChecker.java:schedule(140)) - Scheduling a check for org.apache.hadoop.ozone.container.common.volume.HddsVolume@78983273
2019-08-02 04:33:01,741 INFO  volume.HddsVolumeChecker (HddsVolumeChecker.java:checkAllVolumes(203)) - Scheduled health check for volume org.apache.hadoop.ozone.container.common.volume.HddsVolume@78983273
2019-08-02 04:33:01,762 INFO  impl.RaftServerProxy (ConfUtils.java:logGet(43)) - raft.rpc.type = GRPC (default)
2019-08-02 04:33:01,762 INFO  grpc.GrpcFactory (GrpcFactory.java:checkPooledByteBufAllocatorUseCacheForAllThreads(45)) - PERFORMANCE WARNING: useCacheForAllThreads is true that may cause Netty to create a lot garbage objects and, as a result, trigger GC.
	It is recommended to disable useCacheForAllThreads by setting -Dorg.apache.ratis.thirdparty.io.netty.allocator.useCacheForAllThreads=false in command line.
2019-08-02 04:33:01,763 INFO  grpc.GrpcConfigKeys$Server (ConfUtils.java:logGet(43)) - raft.grpc.server.port = 0 (default)
2019-08-02 04:33:01,763 INFO  server.GrpcService (ConfUtils.java:logGet(43)) - raft.grpc.message.size.max = 33570816 (custom)
2019-08-02 04:33:01,763 INFO  server.RaftServerConfigKeys (ConfUtils.java:logGet(43)) - raft.server.log.appender.buffer.byte-limit = 33554432 (custom)
2019-08-02 04:33:01,763 INFO  server.GrpcService (ConfUtils.java:logGet(43)) - raft.grpc.flow.control.window = 1MB (=1048576) (default)
2019-08-02 04:33:01,763 INFO  server.RaftServerConfigKeys (ConfUtils.java:logGet(43)) - raft.server.rpc.request.timeout = 3000ms (default)
2019-08-02 04:33:01,764 INFO  server.RaftServerConfigKeys (ConfUtils.java:logGet(43)) - raft.server.storage.dir = [/workdir/hadoop-ozone/integration-test/target/test-dir/MiniOzoneClusterImpl-80d82252-1d5c-4b46-bb1a-b0b18b4704a2/datanode-0/data/ratis] (custom)
2019-08-02 04:33:01,765 INFO  replication.SimpleContainerDownloader (SimpleContainerDownloader.java:<init>(72)) - Starting container downloader service to copy containers to replicate.
2019-08-02 04:33:01,766 INFO  hdfs.DFSUtil (DFSUtil.java:httpServerTemplateForNNAndJN(1641)) - Starting Web-server for hddsDatanode at: http://0.0.0.0:0
2019-08-02 04:33:01,768 INFO  server.AuthenticationFilter (AuthenticationFilter.java:constructSecretProvider(240)) - Unable to initialize FileSignerSecretProvider, falling back to use random secrets.
2019-08-02 04:33:01,768 WARN  http.HttpRequestLog (HttpRequestLog.java:getRequestLog(97)) - Jetty request log can only be enabled using Log4j
2019-08-02 04:33:01,770 INFO  http.HttpServer2 (HttpServer2.java:addGlobalFilter(975)) - Added global filter 'safety' (class=org.apache.hadoop.http.HttpServer2$QuotingInputFilter)
2019-08-02 04:33:01,770 INFO  http.HttpServer2 (HttpServer2.java:addFilter(948)) - Added filter static_user_filter (class=org.apache.hadoop.http.lib.StaticUserWebFilter$StaticUserFilter) to context hddsDatanode
2019-08-02 04:33:01,771 INFO  http.HttpServer2 (HttpServer2.java:addFilter(958)) - Added filter static_user_filter (class=org.apache.hadoop.http.lib.StaticUserWebFilter$StaticUserFilter) to context logs
2019-08-02 04:33:01,771 INFO  http.HttpServer2 (HttpServer2.java:addFilter(958)) - Added filter static_user_filter (class=org.apache.hadoop.http.lib.StaticUserWebFilter$StaticUserFilter) to context static
2019-08-02 04:33:01,771 INFO  http.HttpServer2 (HttpServer2.java:bindListener(1191)) - Jetty bound to port 33502
2019-08-02 04:33:01,772 INFO  server.Server (Server.java:doStart(351)) - jetty-9.3.24.v20180605, build timestamp: 2018-06-05T17:11:56Z, git hash: 84205aa28f11a4f31f2a3b86d1bba2cc8ab69827
2019-08-02 04:33:01,773 INFO  handler.ContextHandler (ContextHandler.java:doStart(781)) - Started o.e.j.s.ServletContextHandler@4c322200{/logs,file:///workdir/hadoop-ozone/integration-test/target/log,AVAILABLE}
2019-08-02 04:33:01,774 INFO  handler.ContextHandler (ContextHandler.java:doStart(781)) - Started o.e.j.s.ServletContextHandler@36403ec4{/static,jar:file:/home/user/.m2/repository/org/apache/hadoop/hadoop-hdds-container-service/0.4.1-SNAPSHOT/hadoop-hdds-container-service-0.4.1-SNAPSHOT.jar!/webapps/static,AVAILABLE}
2019-08-02 04:33:01,809 INFO  handler.ContextHandler (ContextHandler.java:doStart(781)) - Started o.e.j.w.WebAppContext@8c315aa{/,file:///tmp/jetty-0.0.0.0-33502-hddsDatanode-_-any-467504736062979549.dir/webapp/,AVAILABLE}{/hddsDatanode}
2019-08-02 04:33:01,809 INFO  server.AbstractConnector (AbstractConnector.java:doStart(278)) - Started ServerConnector@20924b61{HTTP/1.1,[http/1.1]}{0.0.0.0:33502}
2019-08-02 04:33:01,811 INFO  server.Server (Server.java:doStart(419)) - Started @39158ms
2019-08-02 04:33:01,812 INFO  server.BaseHttpServer (BaseHttpServer.java:updateConnectorAddress(207)) - HTTP server of HDDSDATANODE is listening at http://0.0.0.0:33502
2019-08-02 04:33:01,936 INFO  ozone.HddsDatanodeService (HddsDatanodeService.java:startPlugins(395)) - Started plug-in org.apache.hadoop.ozone.web.OzoneHddsDatanodeService@5c4b5332
2019-08-02 04:33:01,936 INFO  ozone.MiniOzoneClusterImpl (MiniOzoneClusterImpl.java:lambda$waitForClusterToBeReady$0(142)) - Waiting for cluster to be ready. Got 0 of 1 DN Heartbeats.
2019-08-02 04:33:01,939 INFO  util.JvmPauseMonitor (JvmPauseMonitor.java:run(188)) - Starting JVM pause monitor
2019-08-02 04:33:01,941 INFO  datanode.InitDatanodeState (InitDatanodeState.java:persistContainerDatanodeDetails(140)) - DatanodeDetails is persisted to /workdir/hadoop-ozone/integration-test/target/test-dir/MiniOzoneClusterImpl-80d82252-1d5c-4b46-bb1a-b0b18b4704a2/datanode-0/meta/datanode.id
2019-08-02 04:33:02,936 INFO  ozone.MiniOzoneClusterImpl (MiniOzoneClusterImpl.java:lambda$waitForClusterToBeReady$0(142)) - Waiting for cluster to be ready. Got 0 of 1 DN Heartbeats.
2019-08-02 04:33:03,937 INFO  ozone.MiniOzoneClusterImpl (MiniOzoneClusterImpl.java:lambda$waitForClusterToBeReady$0(142)) - Waiting for cluster to be ready. Got 0 of 1 DN Heartbeats.
2019-08-02 04:33:03,960 INFO  ozoneimpl.OzoneContainer (OzoneContainer.java:start(186)) - Attempting to start container services.
2019-08-02 04:33:03,962 INFO  ozoneimpl.OzoneContainer (OzoneContainer.java:startContainerScrub(160)) - Background container scrubber has been disabled by hdds.containerscrub.enabled
2019-08-02 04:33:03,962 INFO  ratis.XceiverServerRatis (XceiverServerRatis.java:start(404)) - Starting XceiverServerRatis e8c17c51-7fe0-4f94-a384-a91693fabea3 at port 0
2019-08-02 04:33:03,974 INFO  impl.RaftServerProxy (RaftServerProxy.java:lambda$start$3(299)) - e8c17c51-7fe0-4f94-a384-a91693fabea3: start RPC server
2019-08-02 04:33:03,977 INFO  server.GrpcService (GrpcService.java:startImpl(149)) - e8c17c51-7fe0-4f94-a384-a91693fabea3: GrpcService started, listening on 0.0.0.0/0.0.0.0:45068
2019-08-02 04:33:03,977 INFO  ratis.XceiverServerRatis (XceiverServerRatis.java:start(414)) - XceiverServerRatis e8c17c51-7fe0-4f94-a384-a91693fabea3 is started using port 45068
2019-08-02 04:33:03,979 INFO  server.XceiverServerGrpc (XceiverServerGrpc.java:start(161)) - XceiverServerGrpc e8c17c51-7fe0-4f94-a384-a91693fabea3 is started using port 45936
2019-08-02 04:33:04,937 INFO  ozone.MiniOzoneClusterImpl (MiniOzoneClusterImpl.java:lambda$waitForClusterToBeReady$0(142)) - Waiting for cluster to be ready. Got 0 of 1 DN Heartbeats.
2019-08-02 04:33:05,938 INFO  ozone.MiniOzoneClusterImpl (MiniOzoneClusterImpl.java:lambda$waitForClusterToBeReady$0(142)) - Waiting for cluster to be ready. Got 0 of 1 DN Heartbeats.
2019-08-02 04:33:05,942 INFO  net.NetworkTopology (NetworkTopologyImpl.java:add(110)) - Added a new node: /default-rack/e8c17c51-7fe0-4f94-a384-a91693fabea3
2019-08-02 04:33:05,944 INFO  node.SCMNodeManager (SCMNodeManager.java:register(273)) - Registered Data node : e8c17c51-7fe0-4f94-a384-a91693fabea3{ip: 192.168.157.195, host: byscane-nightly-xzrzg-2697134946, networkLocation: /default-rack, certSerialId: null}
2019-08-02 04:33:05,949 INFO  safemode.SCMSafeModeManager (DataNodeSafeModeRule.java:process(71)) - SCM in safe mode. 1 DataNodes registered, 1 required.
2019-08-02 04:33:05,950 INFO  safemode.SCMSafeModeManager (SCMSafeModeManager.java:validateSafeModeExitRules(177)) - ScmSafeModeManager, all rules are successfully validated
2019-08-02 04:33:05,950 INFO  safemode.SCMSafeModeManager (SCMSafeModeManager.java:exitSafeMode(193)) - SCM exiting safe mode.
2019-08-02 04:33:05,973 INFO  impl.RaftServerProxy (RaftServerProxy.java:addNew(89)) - e8c17c51-7fe0-4f94-a384-a91693fabea3: addNew group-87DD1D829C03:[e8c17c51-7fe0-4f94-a384-a91693fabea3:192.168.157.195:45068] returns group-87DD1D829C03:java.util.concurrent.CompletableFuture@27d812a1[Not completed]
2019-08-02 04:33:05,975 INFO  impl.RaftServerImpl (RaftServerImpl.java:<init>(93)) - e8c17c51-7fe0-4f94-a384-a91693fabea3: new RaftServerImpl for group-87DD1D829C03:[e8c17c51-7fe0-4f94-a384-a91693fabea3:192.168.157.195:45068] with ContainerStateMachine:uninitialized
2019-08-02 04:33:05,976 INFO  server.RaftServerConfigKeys (ConfUtils.java:logGet(43)) - raft.server.rpc.timeout.min = 5s (custom)
2019-08-02 04:33:05,977 INFO  server.RaftServerConfigKeys (ConfUtils.java:logGet(43)) - raft.server.rpc.timeout.max = 5200ms (custom)
2019-08-02 04:33:05,977 INFO  server.RaftServerConfigKeys (ConfUtils.java:logGet(43)) - raft.server.rpcslowness.timeout = 120s (custom)
2019-08-02 04:33:05,977 INFO  server.RaftServerConfigKeys (ConfUtils.java:logGet(43)) - raft.server.sleep.deviation.threshold = 300 (default)
2019-08-02 04:33:05,977 INFO  server.RaftServerConfigKeys (ConfUtils.java:logGet(43)) - raft.server.log.appender.install.snapshot.enabled = false (custom)
2019-08-02 04:33:05,977 INFO  impl.RaftServerImpl (ServerState.java:<init>(105)) - e8c17c51-7fe0-4f94-a384-a91693fabea3:group-87DD1D829C03 ConfigurationManager, init=-1: [e8c17c51-7fe0-4f94-a384-a91693fabea3:192.168.157.195:45068], old=null, confs=<EMPTY_MAP>
2019-08-02 04:33:05,978 INFO  server.RaftServerConfigKeys (ConfUtils.java:logGet(43)) - raft.server.storage.dir = [/workdir/hadoop-ozone/integration-test/target/test-dir/MiniOzoneClusterImpl-80d82252-1d5c-4b46-bb1a-b0b18b4704a2/datanode-0/data/ratis] (custom)
2019-08-02 04:33:05,978 INFO  storage.RaftStorageDirectory (RaftStorageDirectory.java:analyzeStorage(246)) - The storage directory /workdir/hadoop-ozone/integration-test/target/test-dir/MiniOzoneClusterImpl-80d82252-1d5c-4b46-bb1a-b0b18b4704a2/datanode-0/data/ratis/6dfa2cfa-970a-413d-8150-87dd1d829c03 does not exist. Creating ...
2019-08-02 04:33:05,992 INFO  storage.RaftStorageDirectory (RaftStorageDirectory.java:tryLock(328)) - Lock on /workdir/hadoop-ozone/integration-test/target/test-dir/MiniOzoneClusterImpl-80d82252-1d5c-4b46-bb1a-b0b18b4704a2/datanode-0/data/ratis/6dfa2cfa-970a-413d-8150-87dd1d829c03/in_use.lock acquired by nodename 20279@byscane-nightly-xzrzg-2697134946
2019-08-02 04:33:06,005 INFO  storage.RaftStorage (RaftStorage.java:format(72)) - Storage directory /workdir/hadoop-ozone/integration-test/target/test-dir/MiniOzoneClusterImpl-80d82252-1d5c-4b46-bb1a-b0b18b4704a2/datanode-0/data/ratis/6dfa2cfa-970a-413d-8150-87dd1d829c03 has been successfully formatted.
2019-08-02 04:33:06,005 INFO  ratis.ContainerStateMachine (ContainerStateMachine.java:loadSnapshot(213)) - group-87DD1D829C03: The snapshot info is null. Setting the last applied indexto:(t:0, i:~)
2019-08-02 04:33:06,006 INFO  server.RaftServerConfigKeys (ConfUtils.java:logGet(43)) - raft.server.leader.election.timeout = 120s (custom)
2019-08-02 04:33:06,006 INFO  server.RaftServerConfigKeys (ConfUtils.java:logGet(43)) - raft.server.log.use.memory = false (default)
2019-08-02 04:33:06,006 INFO  server.RaftServerConfigKeys (ConfUtils.java:logGet(43)) - raft.server.log.purge.gap = 1000000000 (custom)
2019-08-02 04:33:06,006 INFO  server.RaftServerConfigKeys (ConfUtils.java:logGet(43)) - raft.server.log.appender.buffer.byte-limit = 33554432 (custom)
2019-08-02 04:33:06,006 INFO  server.RaftServerConfigKeys (ConfUtils.java:logGet(43)) - raft.server.log.segment.size.max = 1048576 (custom)
2019-08-02 04:33:06,006 INFO  server.RaftServerConfigKeys (ConfUtils.java:logGet(43)) - raft.server.log.segment.cache.num.max = 2 (custom)
2019-08-02 04:33:06,007 INFO  segmented.SegmentedRaftLogWorker (SegmentedRaftLogWorker.java:<init>(172)) - new e8c17c51-7fe0-4f94-a384-a91693fabea3-SegmentedRaftLogWorker:Storage Directory /workdir/hadoop-ozone/integration-test/target/test-dir/MiniOzoneClusterImpl-80d82252-1d5c-4b46-bb1a-b0b18b4704a2/datanode-0/data/ratis/6dfa2cfa-970a-413d-8150-87dd1d829c03 for RaftStorage:Storage Directory /workdir/hadoop-ozone/integration-test/target/test-dir/MiniOzoneClusterImpl-80d82252-1d5c-4b46-bb1a-b0b18b4704a2/datanode-0/data/ratis/6dfa2cfa-970a-413d-8150-87dd1d829c03
2019-08-02 04:33:06,007 INFO  server.RaftServerConfigKeys (ConfUtils.java:logGet(43)) - raft.server.log.queue.byte-limit = 2147483647 (custom)
2019-08-02 04:33:06,007 INFO  server.RaftServerConfigKeys (ConfUtils.java:logGet(43)) - raft.server.log.queue.element-limit = 1024 (custom)
2019-08-02 04:33:06,007 INFO  server.RaftServerConfigKeys (ConfUtils.java:logGet(43)) - raft.server.log.segment.size.max = 1048576 (custom)
2019-08-02 04:33:06,008 INFO  server.RaftServerConfigKeys (ConfUtils.java:logGet(43)) - raft.server.log.preallocated.size = 16384 (custom)
2019-08-02 04:33:06,008 INFO  server.RaftServerConfigKeys (ConfUtils.java:logGet(43)) - raft.server.log.write.buffer.size = 33554432 (custom)
2019-08-02 04:33:06,008 INFO  server.RaftServerConfigKeys (ConfUtils.java:logGet(43)) - raft.server.log.force.sync.num = 128 (default)
2019-08-02 04:33:06,008 INFO  server.RaftServerConfigKeys (ConfUtils.java:logGet(43)) - raft.server.log.statemachine.data.sync = true (default)
2019-08-02 04:33:06,008 INFO  server.RaftServerConfigKeys (ConfUtils.java:logGet(43)) - raft.server.log.statemachine.data.sync.timeout = 10s (default)
2019-08-02 04:33:06,008 INFO  server.RaftServerConfigKeys (ConfUtils.java:logGet(43)) - raft.server.log.statemachine.data.sync.timeout.retry = -1 (default)
2019-08-02 04:33:06,009 INFO  server.RaftServerConfigKeys (ConfUtils.java:logGet(43)) - raft.server.log.statemachine.data.caching.enabled = true (custom)
2019-08-02 04:33:06,009 INFO  segmented.SegmentedRaftLogWorker (SegmentedRaftLogWorker.java:lambda$new$0(132)) - e8c17c51-7fe0-4f94-a384-a91693fabea3-SegmentedRaftLogWorker:Storage Directory /workdir/hadoop-ozone/integration-test/target/test-dir/MiniOzoneClusterImpl-80d82252-1d5c-4b46-bb1a-b0b18b4704a2/datanode-0/data/ratis/6dfa2cfa-970a-413d-8150-87dd1d829c03: flushIndex: setUnconditionally 0 -> -1
2019-08-02 04:33:06,009 INFO  server.RaftServerConfigKeys (ConfUtils.java:logGet(43)) - raft.server.snapshot.auto.trigger.enabled = true (custom)
2019-08-02 04:33:06,010 INFO  server.RaftServerConfigKeys (ConfUtils.java:logGet(43)) - raft.server.snapshot.auto.trigger.threshold = 10000 (custom)
2019-08-02 04:33:06,010 INFO  server.RaftServerConfigKeys (ConfUtils.java:logGet(43)) - raft.server.retrycache.expirytime = 600000ms (custom)
2019-08-02 04:33:06,010 INFO  impl.RaftServerImpl (RaftServerImpl.java:start(180)) - e8c17c51-7fe0-4f94-a384-a91693fabea3: start group-87DD1D829C03
2019-08-02 04:33:06,010 INFO  impl.RaftServerImpl (RaftServerImpl.java:setRole(171)) - e8c17c51-7fe0-4f94-a384-a91693fabea3:group-87DD1D829C03 changes role from null to FOLLOWER at term 0 for startAsFollower
2019-08-02 04:33:06,010 INFO  impl.RoleInfo (RoleInfo.java:updateAndGet(143)) - e8c17c51-7fe0-4f94-a384-a91693fabea3: start FollowerState
2019-08-02 04:33:06,011 INFO  util.JmxRegister (JmxRegister.java:tryRegister(44)) - Successfully registered JMX Bean with object name Ratis:service=RaftServer,group=group-87DD1D829C03,id=e8c17c51-7fe0-4f94-a384-a91693fabea3
2019-08-02 04:33:06,021 INFO  pipeline.PipelineStateManager (PipelineStateManager.java:addPipeline(56)) - Created pipeline Pipeline[ Id: 6dfa2cfa-970a-413d-8150-87dd1d829c03, Nodes: e8c17c51-7fe0-4f94-a384-a91693fabea3{ip: 192.168.157.195, host: byscane-nightly-xzrzg-2697134946, networkLocation: /default-rack, certSerialId: null}, Type:RATIS, Factor:ONE, State:OPEN]
2019-08-02 04:33:06,938 INFO  ozone.MiniOzoneClusterImpl (MiniOzoneClusterImpl.java:lambda$waitForClusterToBeReady$0(142)) - Cluster is ready. Got 1 of 1 DN Heartbeats.
2019-08-02 04:33:07,210 INFO  pipeline.PipelineStateManager (PipelineStateManager.java:addPipeline(56)) - Created pipeline Pipeline[ Id: 6b262449-d3a0-461a-8b66-f4e5a5354881, Nodes: e8c17c51-7fe0-4f94-a384-a91693fabea3{ip: 192.168.157.195, host: byscane-nightly-xzrzg-2697134946, networkLocation: /default-rack, certSerialId: null}, Type:STAND_ALONE, Factor:ONE, State:OPEN]
2019-08-02 04:33:07,813 INFO  keyvalue.KeyValueHandler (ContainerUtils.java:logAndReturnError(146)) - Operation: CreateContainer : Trace ID: 90d455c19775cfa4:90d455c19775cfa4:0:0 : Message: Container creation failed, due to disk out of space : Result: DISK_OUT_OF_SPACE
04:33:07.815 [grpc-default-executor-0] ERROR DNAudit - user=null | ip=null | op=WRITE_CHUNK {blockData=conID: 6 locID: 102545515335319585 bcsId: 0} | ret=FAILURE
org.apache.hadoop.hdds.scm.container.common.helpers.StorageContainerException: ContainerID 6 creation failed
	at org.apache.hadoop.ozone.container.common.impl.HddsDispatcher.dispatchRequest(HddsDispatcher.java:227) [hadoop-hdds-container-service-0.4.1-SNAPSHOT.jar:?]
	at org.apache.hadoop.ozone.container.common.impl.HddsDispatcher.dispatch(HddsDispatcher.java:148) [hadoop-hdds-container-service-0.4.1-SNAPSHOT.jar:?]
	at org.apache.hadoop.ozone.container.common.transport.server.GrpcXceiverService$1.onNext(GrpcXceiverService.java:73) [hadoop-hdds-container-service-0.4.1-SNAPSHOT.jar:?]
	at org.apache.hadoop.ozone.container.common.transport.server.GrpcXceiverService$1.onNext(GrpcXceiverService.java:61) [hadoop-hdds-container-service-0.4.1-SNAPSHOT.jar:?]
	at org.apache.ratis.thirdparty.io.grpc.stub.ServerCalls$StreamingServerCallHandler$StreamingServerCallListener.onMessage(ServerCalls.java:248) [ratis-thirdparty-misc-0.2.0.jar:0.2.0]
	at org.apache.ratis.thirdparty.io.grpc.ForwardingServerCallListener.onMessage(ForwardingServerCallListener.java:33) [ratis-thirdparty-misc-0.2.0.jar:0.2.0]
	at org.apache.ratis.thirdparty.io.grpc.Contexts$ContextualizedServerCallListener.onMessage(Contexts.java:76) [ratis-thirdparty-misc-0.2.0.jar:0.2.0]
	at org.apache.ratis.thirdparty.io.grpc.ForwardingServerCallListener.onMessage(ForwardingServerCallListener.java:33) [ratis-thirdparty-misc-0.2.0.jar:0.2.0]
	at org.apache.hadoop.hdds.tracing.GrpcServerInterceptor$1.onMessage(GrpcServerInterceptor.java:46) [hadoop-hdds-common-0.4.1-SNAPSHOT.jar:?]
	at org.apache.ratis.thirdparty.io.grpc.internal.ServerCallImpl$ServerStreamListenerImpl.messagesAvailable(ServerCallImpl.java:263) [ratis-thirdparty-misc-0.2.0.jar:0.2.0]
	at org.apache.ratis.thirdparty.io.grpc.internal.ServerImpl$JumpToApplicationThreadServerStreamListener$1MessagesAvailable.runInContext(ServerImpl.java:686) [ratis-thirdparty-misc-0.2.0.jar:0.2.0]
	at org.apache.ratis.thirdparty.io.grpc.internal.ContextRunnable.run(ContextRunnable.java:37) [ratis-thirdparty-misc-0.2.0.jar:0.2.0]
	at org.apache.ratis.thirdparty.io.grpc.internal.SerializingExecutor.run(SerializingExecutor.java:123) [ratis-thirdparty-misc-0.2.0.jar:0.2.0]
	at java.util.concurrent.ThreadPoolExecutor.runWorker(ThreadPoolExecutor.java:1149) [?:1.8.0_212]
	at java.util.concurrent.ThreadPoolExecutor$Worker.run(ThreadPoolExecutor.java:624) [?:1.8.0_212]
	at java.lang.Thread.run(Thread.java:748) [?:1.8.0_212]
2019-08-02 04:33:07,817 INFO  impl.HddsDispatcher (ContainerUtils.java:logAndReturnError(146)) - Operation: WriteChunk : Trace ID: 90d455c19775cfa4:90d455c19775cfa4:0:0 : Message: ContainerID 6 creation failed : Result: DISK_OUT_OF_SPACE
2019-08-02 04:33:07,819 ERROR storage.BlockOutputStream (BlockOutputStream.java:validateResponse(531)) - Unexpected Storage Container Exception: 
org.apache.hadoop.hdds.scm.container.common.helpers.StorageContainerException: ContainerID 6 creation failed
	at org.apache.hadoop.hdds.scm.storage.ContainerProtocolCalls.validateContainerResponse(ContainerProtocolCalls.java:536)
	at org.apache.hadoop.hdds.scm.storage.BlockOutputStream.validateResponse(BlockOutputStream.java:529)
	at org.apache.hadoop.hdds.scm.storage.BlockOutputStream.lambda$writeChunkToContainer$2(BlockOutputStream.java:606)
	at java.util.concurrent.CompletableFuture.uniApply(CompletableFuture.java:602)
	at java.util.concurrent.CompletableFuture$UniApply.tryFire(CompletableFuture.java:577)
	at java.util.concurrent.CompletableFuture$Completion.run(CompletableFuture.java:442)
	at java.util.concurrent.ThreadPoolExecutor.runWorker(ThreadPoolExecutor.java:1149)
	at java.util.concurrent.ThreadPoolExecutor$Worker.run(ThreadPoolExecutor.java:624)
	at java.lang.Thread.run(Thread.java:748)
04:33:07.823 [grpc-default-executor-0] ERROR DNAudit - user=null | ip=null | op=PUT_BLOCK {blockData=[blockId=conID: 6 locID: 102545515335319585 bcsId: 0,size=5]} | ret=FAILURE
org.apache.hadoop.hdds.scm.container.common.helpers.StorageContainerException: ContainerID 6 does not exist
	at org.apache.hadoop.ozone.container.common.impl.HddsDispatcher.dispatchRequest(HddsDispatcher.java:242) [hadoop-hdds-container-service-0.4.1-SNAPSHOT.jar:?]
	at org.apache.hadoop.ozone.container.common.impl.HddsDispatcher.dispatch(HddsDispatcher.java:148) [hadoop-hdds-container-service-0.4.1-SNAPSHOT.jar:?]
	at org.apache.hadoop.ozone.container.common.transport.server.GrpcXceiverService$1.onNext(GrpcXceiverService.java:73) [hadoop-hdds-container-service-0.4.1-SNAPSHOT.jar:?]
	at org.apache.hadoop.ozone.container.common.transport.server.GrpcXceiverService$1.onNext(GrpcXceiverService.java:61) [hadoop-hdds-container-service-0.4.1-SNAPSHOT.jar:?]
	at org.apache.ratis.thirdparty.io.grpc.stub.ServerCalls$StreamingServerCallHandler$StreamingServerCallListener.onMessage(ServerCalls.java:248) [ratis-thirdparty-misc-0.2.0.jar:0.2.0]
	at org.apache.ratis.thirdparty.io.grpc.ForwardingServerCallListener.onMessage(ForwardingServerCallListener.java:33) [ratis-thirdparty-misc-0.2.0.jar:0.2.0]
	at org.apache.ratis.thirdparty.io.grpc.Contexts$ContextualizedServerCallListener.onMessage(Contexts.java:76) [ratis-thirdparty-misc-0.2.0.jar:0.2.0]
	at org.apache.ratis.thirdparty.io.grpc.ForwardingServerCallListener.onMessage(ForwardingServerCallListener.java:33) [ratis-thirdparty-misc-0.2.0.jar:0.2.0]
	at org.apache.hadoop.hdds.tracing.GrpcServerInterceptor$1.onMessage(GrpcServerInterceptor.java:46) [hadoop-hdds-common-0.4.1-SNAPSHOT.jar:?]
	at org.apache.ratis.thirdparty.io.grpc.internal.ServerCallImpl$ServerStreamListenerImpl.messagesAvailable(ServerCallImpl.java:263) [ratis-thirdparty-misc-0.2.0.jar:0.2.0]
	at org.apache.ratis.thirdparty.io.grpc.internal.ServerImpl$JumpToApplicationThreadServerStreamListener$1MessagesAvailable.runInContext(ServerImpl.java:686) [ratis-thirdparty-misc-0.2.0.jar:0.2.0]
	at org.apache.ratis.thirdparty.io.grpc.internal.ContextRunnable.run(ContextRunnable.java:37) [ratis-thirdparty-misc-0.2.0.jar:0.2.0]
	at org.apache.ratis.thirdparty.io.grpc.internal.SerializingExecutor.run(SerializingExecutor.java:123) [ratis-thirdparty-misc-0.2.0.jar:0.2.0]
	at java.util.concurrent.ThreadPoolExecutor.runWorker(ThreadPoolExecutor.java:1149) [?:1.8.0_212]
	at java.util.concurrent.ThreadPoolExecutor$Worker.run(ThreadPoolExecutor.java:624) [?:1.8.0_212]
	at java.lang.Thread.run(Thread.java:748) [?:1.8.0_212]
2019-08-02 04:33:07,823 INFO  impl.HddsDispatcher (ContainerUtils.java:logAndReturnError(146)) - Operation: PutBlock : Trace ID: 9578fbf14621dfdd:9578fbf14621dfdd:0:0 : Message: ContainerID 6 does not exist : Result: CONTAINER_NOT_FOUND
]]></system-out>
    <system-err><![CDATA[Aug 02, 2019 4:33:01 AM com.sun.jersey.server.impl.application.WebApplicationImpl _initiate
INFO: Initiating Jersey application, version 'Jersey: 1.19 02/11/2015 03:25 AM'
Aug 02, 2019 4:33:06 AM com.sun.jersey.server.impl.application.WebApplicationImpl _initiate
INFO: Initiating Jersey application, version 'Jersey: 1.19 02/11/2015 03:25 AM'
Aug 02, 2019 4:33:07 AM org.apache.ratis.thirdparty.io.grpc.internal.ManagedChannelOrphanWrapper$ManagedChannelReference cleanQueue
SEVERE: *~*~*~ Channel ManagedChannelImpl{logId=28, target=192.168.157.195:46821} was not shutdown properly!!! ~*~*~*
    Make sure to call shutdown()/shutdownNow() and wait until awaitTermination() returns true.
java.lang.RuntimeException: ManagedChannel allocation site
	at org.apache.ratis.thirdparty.io.grpc.internal.ManagedChannelOrphanWrapper$ManagedChannelReference.<init>(ManagedChannelOrphanWrapper.java:103)
	at org.apache.ratis.thirdparty.io.grpc.internal.ManagedChannelOrphanWrapper.<init>(ManagedChannelOrphanWrapper.java:53)
	at org.apache.ratis.thirdparty.io.grpc.internal.ManagedChannelOrphanWrapper.<init>(ManagedChannelOrphanWrapper.java:44)
	at org.apache.ratis.thirdparty.io.grpc.internal.AbstractManagedChannelImplBuilder.build(AbstractManagedChannelImplBuilder.java:411)
	at org.apache.hadoop.hdds.scm.XceiverClientGrpc.connectToDatanode(XceiverClientGrpc.java:174)
	at org.apache.hadoop.hdds.scm.XceiverClientGrpc.reconnect(XceiverClientGrpc.java:422)
	at org.apache.hadoop.hdds.scm.XceiverClientGrpc.sendCommandAsync(XceiverClientGrpc.java:371)
	at org.apache.hadoop.hdds.scm.XceiverClientGrpc.sendCommandAsync(XceiverClientGrpc.java:346)
	at org.apache.hadoop.hdds.scm.storage.ContainerProtocolCalls.writeChunkAsync(ContainerProtocolCalls.java:310)
	at org.apache.hadoop.hdds.scm.storage.BlockOutputStream.writeChunkToContainer(BlockOutputStream.java:601)
	at org.apache.hadoop.hdds.scm.storage.BlockOutputStream.writeChunk(BlockOutputStream.java:459)
	at org.apache.hadoop.hdds.scm.storage.BlockOutputStream.handleFlush(BlockOutputStream.java:470)
	at org.apache.hadoop.hdds.scm.storage.BlockOutputStream.close(BlockOutputStream.java:493)
	at org.apache.hadoop.ozone.client.io.BlockOutputStreamEntry.close(BlockOutputStreamEntry.java:143)
	at org.apache.hadoop.ozone.client.io.KeyOutputStream.handleFlushOrClose(KeyOutputStream.java:434)
	at org.apache.hadoop.ozone.client.io.KeyOutputStream.close(KeyOutputStream.java:472)
	at org.apache.hadoop.ozone.client.io.OzoneOutputStream.close(OzoneOutputStream.java:60)
	at org.apache.hadoop.ozone.TestStorageContainerManagerHelper.createKeys(TestStorageContainerManagerHelper.java:102)
	at org.apache.hadoop.ozone.TestStorageContainerManager.testBlockDeletingThrottling(TestStorageContainerManager.java:338)
	at sun.reflect.NativeMethodAccessorImpl.invoke0(Native Method)
	at sun.reflect.NativeMethodAccessorImpl.invoke(NativeMethodAccessorImpl.java:62)
	at sun.reflect.DelegatingMethodAccessorImpl.invoke(DelegatingMethodAccessorImpl.java:43)
	at java.lang.reflect.Method.invoke(Method.java:498)
	at org.junit.runners.model.FrameworkMethod$1.runReflectiveCall(FrameworkMethod.java:47)
	at org.junit.internal.runners.model.ReflectiveCallable.run(ReflectiveCallable.java:12)
	at org.junit.runners.model.FrameworkMethod.invokeExplosively(FrameworkMethod.java:44)
	at org.junit.internal.runners.statements.InvokeMethod.evaluate(InvokeMethod.java:17)
	at org.junit.internal.runners.statements.FailOnTimeout$StatementThread.run(FailOnTimeout.java:74)

Aug 02, 2019 4:33:07 AM org.apache.ratis.thirdparty.io.grpc.internal.ManagedChannelOrphanWrapper$ManagedChannelReference cleanQueue
SEVERE: *~*~*~ Channel ManagedChannelImpl{logId=12, target=192.168.157.195:36760} was not shutdown properly!!! ~*~*~*
    Make sure to call shutdown()/shutdownNow() and wait until awaitTermination() returns true.
java.lang.RuntimeException: ManagedChannel allocation site
	at org.apache.ratis.thirdparty.io.grpc.internal.ManagedChannelOrphanWrapper$ManagedChannelReference.<init>(ManagedChannelOrphanWrapper.java:103)
	at org.apache.ratis.thirdparty.io.grpc.internal.ManagedChannelOrphanWrapper.<init>(ManagedChannelOrphanWrapper.java:53)
	at org.apache.ratis.thirdparty.io.grpc.internal.ManagedChannelOrphanWrapper.<init>(ManagedChannelOrphanWrapper.java:44)
	at org.apache.ratis.thirdparty.io.grpc.internal.AbstractManagedChannelImplBuilder.build(AbstractManagedChannelImplBuilder.java:411)
	at org.apache.hadoop.hdds.scm.XceiverClientGrpc.connectToDatanode(XceiverClientGrpc.java:174)
	at org.apache.hadoop.hdds.scm.XceiverClientGrpc.reconnect(XceiverClientGrpc.java:422)
	at org.apache.hadoop.hdds.scm.XceiverClientGrpc.sendCommandAsync(XceiverClientGrpc.java:371)
	at org.apache.hadoop.hdds.scm.XceiverClientGrpc.sendCommandAsync(XceiverClientGrpc.java:346)
	at org.apache.hadoop.hdds.scm.storage.ContainerProtocolCalls.writeChunkAsync(ContainerProtocolCalls.java:310)
	at org.apache.hadoop.hdds.scm.storage.BlockOutputStream.writeChunkToContainer(BlockOutputStream.java:601)
	at org.apache.hadoop.hdds.scm.storage.BlockOutputStream.writeChunk(BlockOutputStream.java:459)
	at org.apache.hadoop.hdds.scm.storage.BlockOutputStream.handleFlush(BlockOutputStream.java:470)
	at org.apache.hadoop.hdds.scm.storage.BlockOutputStream.close(BlockOutputStream.java:493)
	at org.apache.hadoop.ozone.client.io.BlockOutputStreamEntry.close(BlockOutputStreamEntry.java:143)
	at org.apache.hadoop.ozone.client.io.KeyOutputStream.handleFlushOrClose(KeyOutputStream.java:434)
	at org.apache.hadoop.ozone.client.io.KeyOutputStream.close(KeyOutputStream.java:472)
	at org.apache.hadoop.ozone.client.io.OzoneOutputStream.close(OzoneOutputStream.java:60)
	at org.apache.hadoop.ozone.TestStorageContainerManagerHelper.createKeys(TestStorageContainerManagerHelper.java:102)
	at org.apache.hadoop.ozone.TestStorageContainerManager.testBlockDeletionTransactions(TestStorageContainerManager.java:249)
	at sun.reflect.NativeMethodAccessorImpl.invoke0(Native Method)
	at sun.reflect.NativeMethodAccessorImpl.invoke(NativeMethodAccessorImpl.java:62)
	at sun.reflect.DelegatingMethodAccessorImpl.invoke(DelegatingMethodAccessorImpl.java:43)
	at java.lang.reflect.Method.invoke(Method.java:498)
	at org.junit.runners.model.FrameworkMethod$1.runReflectiveCall(FrameworkMethod.java:47)
	at org.junit.internal.runners.model.ReflectiveCallable.run(ReflectiveCallable.java:12)
	at org.junit.runners.model.FrameworkMethod.invokeExplosively(FrameworkMethod.java:44)
	at org.junit.internal.runners.statements.InvokeMethod.evaluate(InvokeMethod.java:17)
	at org.junit.internal.runners.statements.FailOnTimeout$StatementThread.run(FailOnTimeout.java:74)

]]></system-err>
  </testcase>
  <testcase name="testRpcPermission" classname="org.apache.hadoop.ozone.TestStorageContainerManager" time="34.462"/>
  <testcase name="testSCMInitializationFailure" classname="org.apache.hadoop.ozone.TestStorageContainerManager" time="0.023"/>
  <testcase name="testSCMInitialization" classname="org.apache.hadoop.ozone.TestStorageContainerManager" time="0.04"/>
  <testcase name="testScmProcessDatanodeHeartbeat" classname="org.apache.hadoop.ozone.TestStorageContainerManager" time="29.016">
    <failure type="java.lang.AssertionError">java.lang.AssertionError
	at org.junit.Assert.fail(Assert.java:86)
	at org.junit.Assert.assertTrue(Assert.java:41)
	at org.junit.Assert.assertTrue(Assert.java:52)
	at org.apache.hadoop.ozone.TestStorageContainerManager.testScmProcessDatanodeHeartbeat(TestStorageContainerManager.java:531)
	at sun.reflect.NativeMethodAccessorImpl.invoke0(Native Method)
	at sun.reflect.NativeMethodAccessorImpl.invoke(NativeMethodAccessorImpl.java:62)
	at sun.reflect.DelegatingMethodAccessorImpl.invoke(DelegatingMethodAccessorImpl.java:43)
	at java.lang.reflect.Method.invoke(Method.java:498)
	at org.junit.runners.model.FrameworkMethod$1.runReflectiveCall(FrameworkMethod.java:47)
	at org.junit.internal.runners.model.ReflectiveCallable.run(ReflectiveCallable.java:12)
	at org.junit.runners.model.FrameworkMethod.invokeExplosively(FrameworkMethod.java:44)
	at org.junit.internal.runners.statements.InvokeMethod.evaluate(InvokeMethod.java:17)
	at org.junit.internal.runners.statements.FailOnTimeout$StatementThread.run(FailOnTimeout.java:74)
</failure>
    <system-out><![CDATA[2019-08-02 04:33:42,370 WARN  server.ServerUtils (ServerUtils.java:getScmDbDir(145)) - ozone.scm.db.dirs is not configured. We recommend adding this setting. Falling back to ozone.metadata.dirs instead.
2019-08-02 04:33:42,383 WARN  server.ServerUtils (ServerUtils.java:getScmDbDir(145)) - ozone.scm.db.dirs is not configured. We recommend adding this setting. Falling back to ozone.metadata.dirs instead.
2019-08-02 04:33:42,384 WARN  server.ServerUtils (ServerUtils.java:getScmDbDir(145)) - ozone.scm.db.dirs is not configured. We recommend adding this setting. Falling back to ozone.metadata.dirs instead.
2019-08-02 04:33:42,384 INFO  db.DBStoreBuilder (DBStoreBuilder.java:addTable(110)) - using custom profile for table: deletedBlocks
2019-08-02 04:33:42,384 INFO  db.DBStoreBuilder (DBStoreBuilder.java:processTables(161)) - Using default column profile:DBProfile.DISK for Table:deletedBlocks
2019-08-02 04:33:42,385 INFO  db.DBStoreBuilder (DBStoreBuilder.java:addTable(110)) - using custom profile for table: validCerts
2019-08-02 04:33:42,385 INFO  db.DBStoreBuilder (DBStoreBuilder.java:processTables(161)) - Using default column profile:DBProfile.DISK for Table:validCerts
2019-08-02 04:33:42,385 INFO  db.DBStoreBuilder (DBStoreBuilder.java:addTable(110)) - using custom profile for table: revokedCerts
2019-08-02 04:33:42,385 INFO  db.DBStoreBuilder (DBStoreBuilder.java:processTables(161)) - Using default column profile:DBProfile.DISK for Table:revokedCerts
2019-08-02 04:33:42,385 INFO  db.DBStoreBuilder (DBStoreBuilder.java:addTable(110)) - using custom profile for table: default
2019-08-02 04:33:42,386 INFO  db.DBStoreBuilder (DBStoreBuilder.java:processTables(167)) - Using default column profile:DBProfile.DISK for Table:default
2019-08-02 04:33:42,386 INFO  db.DBStoreBuilder (DBStoreBuilder.java:getDbProfile(198)) - Using default options. DBProfile.DISK
2019-08-02 04:33:42,550 INFO  net.NodeSchemaLoader (NodeSchemaLoader.java:loadSchemaFromFile(125)) - Loading file from sun.misc.CompoundEnumeration@209089fe
2019-08-02 04:33:42,551 INFO  net.NodeSchemaLoader (NodeSchemaLoader.java:loadSchema(171)) - Loading network topology layer schema file
2019-08-02 04:33:42,556 WARN  server.ServerUtils (ServerUtils.java:sanitizeUserArgs(70)) - ozone.scm.stale.node.interval value = 300000 is larger than max = 100000 based on the key value of ozone.scm.heartbeat.thread.interval, reset to the max value 100000.
2019-08-02 04:33:42,557 WARN  server.ServerUtils (ServerUtils.java:sanitizeUserArgs(70)) - ozone.scm.stale.node.interval value = 300000 is larger than max = 100000 based on the key value of ozone.scm.heartbeat.thread.interval, reset to the max value 100000.
2019-08-02 04:33:42,557 INFO  node.SCMNodeManager (SCMNodeManager.java:<init>(121)) - Entering startup safe mode.
2019-08-02 04:33:42,558 INFO  Configuration.deprecation (Configuration.java:logDeprecation(1394)) - hadoop.configured.node.mapping is deprecated. Instead, use net.topology.configured.node.mapping
2019-08-02 04:33:42,559 WARN  server.ServerUtils (ServerUtils.java:getScmDbDir(145)) - ozone.scm.db.dirs is not configured. We recommend adding this setting. Falling back to ozone.metadata.dirs instead.
2019-08-02 04:33:42,582 INFO  pipeline.SCMPipelineManager (SCMPipelineManager.java:initializePipelineState(126)) - No pipeline exists in current db
2019-08-02 04:33:42,582 WARN  server.ServerUtils (ServerUtils.java:getScmDbDir(145)) - ozone.scm.db.dirs is not configured. We recommend adding this setting. Falling back to ozone.metadata.dirs instead.
2019-08-02 04:33:42,608 WARN  events.EventQueue (EventQueue.java:fireEvent(175)) - No event handler registered for event TypedEvent{payloadType=SafeModeStatus, name='SafeModeStatus'}
2019-08-02 04:33:42,609 INFO  ipc.CallQueueManager (CallQueueManager.java:<init>(84)) - Using callQueue: class java.util.concurrent.LinkedBlockingQueue, queueCapacity: 2000, scheduler: class org.apache.hadoop.ipc.DefaultRpcScheduler, ipcBackoff: false.
2019-08-02 04:33:42,610 INFO  ipc.Server (Server.java:run(1074)) - Starting Socket Reader #1 for port 45071
2019-08-02 04:33:42,613 INFO  ipc.CallQueueManager (CallQueueManager.java:<init>(84)) - Using callQueue: class java.util.concurrent.LinkedBlockingQueue, queueCapacity: 2000, scheduler: class org.apache.hadoop.ipc.DefaultRpcScheduler, ipcBackoff: false.
2019-08-02 04:33:42,614 INFO  ipc.Server (Server.java:run(1074)) - Starting Socket Reader #1 for port 38793
2019-08-02 04:33:42,616 INFO  ipc.CallQueueManager (CallQueueManager.java:<init>(84)) - Using callQueue: class java.util.concurrent.LinkedBlockingQueue, queueCapacity: 2000, scheduler: class org.apache.hadoop.ipc.DefaultRpcScheduler, ipcBackoff: false.
2019-08-02 04:33:42,617 INFO  ipc.Server (Server.java:run(1074)) - Starting Socket Reader #1 for port 40628
2019-08-02 04:33:42,621 INFO  hdfs.DFSUtil (DFSUtil.java:httpServerTemplateForNNAndJN(1641)) - Starting Web-server for scm at: http://0.0.0.0:0
2019-08-02 04:33:42,630 INFO  server.AuthenticationFilter (AuthenticationFilter.java:constructSecretProvider(240)) - Unable to initialize FileSignerSecretProvider, falling back to use random secrets.
2019-08-02 04:33:42,631 WARN  http.HttpRequestLog (HttpRequestLog.java:getRequestLog(97)) - Jetty request log can only be enabled using Log4j
2019-08-02 04:33:42,633 INFO  http.HttpServer2 (HttpServer2.java:addGlobalFilter(975)) - Added global filter 'safety' (class=org.apache.hadoop.http.HttpServer2$QuotingInputFilter)
2019-08-02 04:33:42,634 INFO  http.HttpServer2 (HttpServer2.java:addFilter(948)) - Added filter static_user_filter (class=org.apache.hadoop.http.lib.StaticUserWebFilter$StaticUserFilter) to context scm
2019-08-02 04:33:42,634 INFO  http.HttpServer2 (HttpServer2.java:addFilter(958)) - Added filter static_user_filter (class=org.apache.hadoop.http.lib.StaticUserWebFilter$StaticUserFilter) to context static
2019-08-02 04:33:42,635 INFO  http.HttpServer2 (HttpServer2.java:addFilter(958)) - Added filter static_user_filter (class=org.apache.hadoop.http.lib.StaticUserWebFilter$StaticUserFilter) to context logs
2019-08-02 04:33:42,637 INFO  server.StorageContainerManager (StorageContainerManager.java:start(758)) - StorageContainerLocationProtocol RPC server is listening at /0.0.0.0:40628
2019-08-02 04:33:42,639 WARN  impl.MetricsConfig (MetricsConfig.java:loadFirst(134)) - Cannot locate configuration: tried hadoop-metrics2-storagecontainermanager.properties,hadoop-metrics2.properties
2019-08-02 04:33:42,640 INFO  impl.MetricsSystemImpl (MetricsSystemImpl.java:startTimer(374)) - Scheduled Metric snapshot period at 10 second(s).
2019-08-02 04:33:42,640 INFO  impl.MetricsSystemImpl (MetricsSystemImpl.java:start(191)) - StorageContainerManager metrics system started
2019-08-02 04:33:42,783 INFO  server.SCMClientProtocolServer (SCMClientProtocolServer.java:start(151)) - RPC server for Client  is listening at /0.0.0.0:40628
2019-08-02 04:33:42,783 INFO  ipc.Server (Server.java:run(1314)) - IPC Server Responder: starting
2019-08-02 04:33:42,783 INFO  ipc.Server (Server.java:run(1153)) - IPC Server listener on 40628: starting
2019-08-02 04:33:42,789 INFO  server.StorageContainerManager (StorageContainerManager.java:start(768)) - ScmBlockLocationProtocol RPC server is listening at /0.0.0.0:38793
2019-08-02 04:33:42,790 INFO  server.SCMBlockProtocolServer (SCMBlockProtocolServer.java:start(140)) - RPC server for Block Protocol is listening at /0.0.0.0:38793
2019-08-02 04:33:42,790 INFO  ipc.Server (Server.java:run(1314)) - IPC Server Responder: starting
2019-08-02 04:33:42,790 INFO  ipc.Server (Server.java:run(1153)) - IPC Server listener on 38793: starting
2019-08-02 04:33:42,795 INFO  server.StorageContainerManager (StorageContainerManager.java:start(772)) - ScmDatanodeProtocl RPC server is listening at /0.0.0.0:45071
2019-08-02 04:33:42,795 INFO  server.SCMDatanodeProtocolServer (SCMDatanodeProtocolServer.java:start(191)) - RPC server for DataNodes is listening at /0.0.0.0:45071
2019-08-02 04:33:42,795 INFO  ipc.Server (Server.java:run(1153)) - IPC Server listener on 45071: starting
2019-08-02 04:33:42,795 INFO  ipc.Server (Server.java:run(1314)) - IPC Server Responder: starting
2019-08-02 04:33:42,800 INFO  http.HttpServer2 (HttpServer2.java:bindListener(1191)) - Jetty bound to port 35722
2019-08-02 04:33:42,800 INFO  server.Server (Server.java:doStart(351)) - jetty-9.3.24.v20180605, build timestamp: 2018-06-05T17:11:56Z, git hash: 84205aa28f11a4f31f2a3b86d1bba2cc8ab69827
2019-08-02 04:33:42,802 INFO  handler.ContextHandler (ContextHandler.java:doStart(781)) - Started o.e.j.s.ServletContextHandler@447d94c1{/logs,file:///workdir/hadoop-ozone/integration-test/target/log,AVAILABLE}
2019-08-02 04:33:42,803 INFO  handler.ContextHandler (ContextHandler.java:doStart(781)) - Started o.e.j.s.ServletContextHandler@165b412b{/static,file:///workdir/hadoop-ozone/integration-test/target/test-classes/webapps/static,AVAILABLE}
2019-08-02 04:33:42,808 INFO  handler.ContextHandler (ContextHandler.java:doStart(781)) - Started o.e.j.w.WebAppContext@2ecf6047{/,file:///workdir/hadoop-ozone/integration-test/target/test-classes/webapps/scm/,AVAILABLE}{/scm}
2019-08-02 04:33:42,808 INFO  server.AbstractConnector (AbstractConnector.java:doStart(278)) - Started ServerConnector@1996f9ec{HTTP/1.1,[http/1.1]}{0.0.0.0:35722}
2019-08-02 04:33:42,814 INFO  server.Server (Server.java:doStart(419)) - Started @80161ms
2019-08-02 04:33:42,815 INFO  server.BaseHttpServer (BaseHttpServer.java:updateConnectorAddress(207)) - HTTP server of SCM is listening at http://0.0.0.0:35722
2019-08-02 04:33:42,820 WARN  server.ServerUtils (ServerUtils.java:getDBPath(222)) - ozone.om.db.dirs is not configured. We recommend adding this setting. Falling back to ozone.metadata.dirs instead.
2019-08-02 04:33:42,820 INFO  util.JvmPauseMonitor (JvmPauseMonitor.java:run(188)) - Starting JVM pause monitor
2019-08-02 04:33:42,846 WARN  server.ServerUtils (ServerUtils.java:getDBPath(222)) - ozone.om.db.dirs is not configured. We recommend adding this setting. Falling back to ozone.metadata.dirs instead.
2019-08-02 04:33:42,846 WARN  server.ServerUtils (ServerUtils.java:getDBPath(222)) - ozone.om.db.dirs is not configured. We recommend adding this setting. Falling back to ozone.metadata.dirs instead.
2019-08-02 04:33:42,846 INFO  om.OzoneManager (OzoneManager.java:setOMNodeDetails(644)) - OM Service ID is not set. Setting it to the default ID: omServiceIdDefault
2019-08-02 04:33:42,846 INFO  om.OzoneManager (OzoneManager.java:setOMNodeDetails(650)) - OM Node ID is not set. Setting it to the OmStorage's OmID: c4dd8c55-a674-445f-b1ae-7b67adc7077f
2019-08-02 04:33:42,846 INFO  om.OzoneManager (OzoneManager.java:loadOMHAConfigs(601)) - Found matching OM address with OMServiceId: null, OMNodeId: null, RPC Address: localhost:0 and Ratis port: 9872
2019-08-02 04:33:42,858 WARN  server.ServerUtils (ServerUtils.java:getDBPath(222)) - ozone.om.db.dirs is not configured. We recommend adding this setting. Falling back to ozone.metadata.dirs instead.
2019-08-02 04:33:42,858 INFO  db.DBStoreBuilder (DBStoreBuilder.java:addTable(110)) - using custom profile for table: userTable
2019-08-02 04:33:42,858 INFO  db.DBStoreBuilder (DBStoreBuilder.java:processTables(161)) - Using default column profile:DBProfile.DISK for Table:userTable
2019-08-02 04:33:42,859 INFO  db.DBStoreBuilder (DBStoreBuilder.java:addTable(110)) - using custom profile for table: volumeTable
2019-08-02 04:33:42,859 INFO  db.DBStoreBuilder (DBStoreBuilder.java:processTables(161)) - Using default column profile:DBProfile.DISK for Table:volumeTable
2019-08-02 04:33:42,859 INFO  db.DBStoreBuilder (DBStoreBuilder.java:addTable(110)) - using custom profile for table: bucketTable
2019-08-02 04:33:42,859 INFO  db.DBStoreBuilder (DBStoreBuilder.java:processTables(161)) - Using default column profile:DBProfile.DISK for Table:bucketTable
2019-08-02 04:33:42,859 INFO  db.DBStoreBuilder (DBStoreBuilder.java:addTable(110)) - using custom profile for table: keyTable
2019-08-02 04:33:42,859 INFO  db.DBStoreBuilder (DBStoreBuilder.java:processTables(161)) - Using default column profile:DBProfile.DISK for Table:keyTable
2019-08-02 04:33:42,860 INFO  db.DBStoreBuilder (DBStoreBuilder.java:addTable(110)) - using custom profile for table: deletedTable
2019-08-02 04:33:42,860 INFO  db.DBStoreBuilder (DBStoreBuilder.java:processTables(161)) - Using default column profile:DBProfile.DISK for Table:deletedTable
2019-08-02 04:33:42,860 INFO  db.DBStoreBuilder (DBStoreBuilder.java:addTable(110)) - using custom profile for table: openKeyTable
2019-08-02 04:33:42,860 INFO  db.DBStoreBuilder (DBStoreBuilder.java:processTables(161)) - Using default column profile:DBProfile.DISK for Table:openKeyTable
2019-08-02 04:33:42,860 INFO  db.DBStoreBuilder (DBStoreBuilder.java:addTable(110)) - using custom profile for table: s3Table
2019-08-02 04:33:42,860 INFO  db.DBStoreBuilder (DBStoreBuilder.java:processTables(161)) - Using default column profile:DBProfile.DISK for Table:s3Table
2019-08-02 04:33:42,860 INFO  db.DBStoreBuilder (DBStoreBuilder.java:addTable(110)) - using custom profile for table: multipartInfoTable
2019-08-02 04:33:42,861 INFO  db.DBStoreBuilder (DBStoreBuilder.java:processTables(161)) - Using default column profile:DBProfile.DISK for Table:multipartInfoTable
2019-08-02 04:33:42,861 INFO  db.DBStoreBuilder (DBStoreBuilder.java:addTable(110)) - using custom profile for table: dTokenTable
2019-08-02 04:33:42,861 INFO  db.DBStoreBuilder (DBStoreBuilder.java:processTables(161)) - Using default column profile:DBProfile.DISK for Table:dTokenTable
2019-08-02 04:33:42,861 INFO  db.DBStoreBuilder (DBStoreBuilder.java:addTable(110)) - using custom profile for table: s3SecretTable
2019-08-02 04:33:42,861 INFO  db.DBStoreBuilder (DBStoreBuilder.java:processTables(161)) - Using default column profile:DBProfile.DISK for Table:s3SecretTable
2019-08-02 04:33:42,861 INFO  db.DBStoreBuilder (DBStoreBuilder.java:addTable(110)) - using custom profile for table: prefixTable
2019-08-02 04:33:42,861 INFO  db.DBStoreBuilder (DBStoreBuilder.java:processTables(161)) - Using default column profile:DBProfile.DISK for Table:prefixTable
2019-08-02 04:33:42,862 INFO  db.DBStoreBuilder (DBStoreBuilder.java:addTable(110)) - using custom profile for table: default
2019-08-02 04:33:42,862 INFO  db.DBStoreBuilder (DBStoreBuilder.java:processTables(167)) - Using default column profile:DBProfile.DISK for Table:default
2019-08-02 04:33:42,862 INFO  db.DBStoreBuilder (DBStoreBuilder.java:getDbProfile(198)) - Using default options. DBProfile.DISK
2019-08-02 04:33:43,377 INFO  ipc.CallQueueManager (CallQueueManager.java:<init>(84)) - Using callQueue: class java.util.concurrent.LinkedBlockingQueue, queueCapacity: 2000, scheduler: class org.apache.hadoop.ipc.DefaultRpcScheduler, ipcBackoff: false.
2019-08-02 04:33:43,377 INFO  ipc.Server (Server.java:run(1074)) - Starting Socket Reader #1 for port 38905
2019-08-02 04:33:43,393 INFO  om.OzoneManager (OzoneManager.java:start(1255)) - OzoneManager RPC server is listening at localhost/127.0.0.1:38905
2019-08-02 04:33:43,393 INFO  impl.MetricsSystemImpl (MetricsSystemImpl.java:init(158)) - OzoneManager metrics system started (again)
2019-08-02 04:33:43,394 INFO  ipc.Server (Server.java:run(1314)) - IPC Server Responder: starting
2019-08-02 04:33:43,394 INFO  ipc.Server (Server.java:run(1153)) - IPC Server listener on 38905: starting
2019-08-02 04:33:43,402 INFO  hdfs.DFSUtil (DFSUtil.java:httpServerTemplateForNNAndJN(1641)) - Starting Web-server for ozoneManager at: http://0.0.0.0:0
2019-08-02 04:33:43,403 INFO  server.AuthenticationFilter (AuthenticationFilter.java:constructSecretProvider(240)) - Unable to initialize FileSignerSecretProvider, falling back to use random secrets.
2019-08-02 04:33:43,404 WARN  http.HttpRequestLog (HttpRequestLog.java:getRequestLog(97)) - Jetty request log can only be enabled using Log4j
2019-08-02 04:33:43,405 INFO  http.HttpServer2 (HttpServer2.java:addGlobalFilter(975)) - Added global filter 'safety' (class=org.apache.hadoop.http.HttpServer2$QuotingInputFilter)
2019-08-02 04:33:43,406 INFO  http.HttpServer2 (HttpServer2.java:addFilter(948)) - Added filter static_user_filter (class=org.apache.hadoop.http.lib.StaticUserWebFilter$StaticUserFilter) to context ozoneManager
2019-08-02 04:33:43,406 INFO  http.HttpServer2 (HttpServer2.java:addFilter(958)) - Added filter static_user_filter (class=org.apache.hadoop.http.lib.StaticUserWebFilter$StaticUserFilter) to context static
2019-08-02 04:33:43,406 INFO  http.HttpServer2 (HttpServer2.java:addFilter(958)) - Added filter static_user_filter (class=org.apache.hadoop.http.lib.StaticUserWebFilter$StaticUserFilter) to context logs
2019-08-02 04:33:43,407 INFO  http.HttpServer2 (HttpServer2.java:bindListener(1191)) - Jetty bound to port 38017
2019-08-02 04:33:43,407 INFO  server.Server (Server.java:doStart(351)) - jetty-9.3.24.v20180605, build timestamp: 2018-06-05T17:11:56Z, git hash: 84205aa28f11a4f31f2a3b86d1bba2cc8ab69827
2019-08-02 04:33:43,409 INFO  handler.ContextHandler (ContextHandler.java:doStart(781)) - Started o.e.j.s.ServletContextHandler@7f24e1ba{/logs,file:///workdir/hadoop-ozone/integration-test/target/log,AVAILABLE}
2019-08-02 04:33:43,409 INFO  handler.ContextHandler (ContextHandler.java:doStart(781)) - Started o.e.j.s.ServletContextHandler@5d012a40{/static,file:///workdir/hadoop-ozone/integration-test/target/test-classes/webapps/static,AVAILABLE}
2019-08-02 04:33:43,413 INFO  handler.ContextHandler (ContextHandler.java:doStart(781)) - Started o.e.j.w.WebAppContext@770f8bc4{/,file:///workdir/hadoop-ozone/integration-test/target/test-classes/webapps/ozoneManager/,AVAILABLE}{/ozoneManager}
2019-08-02 04:33:43,414 INFO  server.AbstractConnector (AbstractConnector.java:doStart(278)) - Started ServerConnector@3891b799{HTTP/1.1,[http/1.1]}{0.0.0.0:38017}
2019-08-02 04:33:43,415 INFO  server.Server (Server.java:doStart(419)) - Started @80762ms
2019-08-02 04:33:43,416 INFO  server.BaseHttpServer (BaseHttpServer.java:updateConnectorAddress(207)) - HTTP server of OZONEMANAGER is listening at http://0.0.0.0:38017
2019-08-02 04:33:43,423 INFO  impl.MetricsSystemImpl (MetricsSystemImpl.java:init(158)) - HddsDatanode metrics system started (again)
2019-08-02 04:33:43,432 INFO  ozone.HddsDatanodeService (HddsDatanodeService.java:start(184)) - HddsDatanodeService host:byscane-nightly-xzrzg-2697134946 ip:192.168.157.195
2019-08-02 04:33:43,443 INFO  volume.HddsVolume (HddsVolume.java:<init>(176)) - Creating Volume: /workdir/hadoop-ozone/integration-test/target/test-dir/MiniOzoneClusterImpl-2f6342cd-94eb-4ccf-897b-8b7dca55c299/datanode-0/data/containers/hdds of  storage type : DISK and capacity : 52710309888
2019-08-02 04:33:43,443 INFO  volume.VolumeSet (VolumeSet.java:initializeVolumeSet(170)) - Added Volume : /workdir/hadoop-ozone/integration-test/target/test-dir/MiniOzoneClusterImpl-2f6342cd-94eb-4ccf-897b-8b7dca55c299/datanode-0/data/containers/hdds to VolumeSet
2019-08-02 04:33:43,443 INFO  volume.ThrottledAsyncChecker (ThrottledAsyncChecker.java:schedule(140)) - Scheduling a check for org.apache.hadoop.ozone.container.common.volume.HddsVolume@670a626d
2019-08-02 04:33:43,444 INFO  volume.HddsVolumeChecker (HddsVolumeChecker.java:checkAllVolumes(203)) - Scheduled health check for volume org.apache.hadoop.ozone.container.common.volume.HddsVolume@670a626d
2019-08-02 04:33:43,473 INFO  impl.RaftServerProxy (ConfUtils.java:logGet(43)) - raft.rpc.type = GRPC (default)
2019-08-02 04:33:43,473 INFO  grpc.GrpcFactory (GrpcFactory.java:checkPooledByteBufAllocatorUseCacheForAllThreads(45)) - PERFORMANCE WARNING: useCacheForAllThreads is true that may cause Netty to create a lot garbage objects and, as a result, trigger GC.
	It is recommended to disable useCacheForAllThreads by setting -Dorg.apache.ratis.thirdparty.io.netty.allocator.useCacheForAllThreads=false in command line.
2019-08-02 04:33:43,473 INFO  grpc.GrpcConfigKeys$Server (ConfUtils.java:logGet(43)) - raft.grpc.server.port = 0 (default)
2019-08-02 04:33:43,474 INFO  server.GrpcService (ConfUtils.java:logGet(43)) - raft.grpc.message.size.max = 33570816 (custom)
2019-08-02 04:33:43,474 INFO  server.RaftServerConfigKeys (ConfUtils.java:logGet(43)) - raft.server.log.appender.buffer.byte-limit = 33554432 (custom)
2019-08-02 04:33:43,474 INFO  server.GrpcService (ConfUtils.java:logGet(43)) - raft.grpc.flow.control.window = 1MB (=1048576) (default)
2019-08-02 04:33:43,474 INFO  server.RaftServerConfigKeys (ConfUtils.java:logGet(43)) - raft.server.rpc.request.timeout = 3000ms (default)
2019-08-02 04:33:43,475 INFO  server.RaftServerConfigKeys (ConfUtils.java:logGet(43)) - raft.server.storage.dir = [/workdir/hadoop-ozone/integration-test/target/test-dir/MiniOzoneClusterImpl-2f6342cd-94eb-4ccf-897b-8b7dca55c299/datanode-0/data/ratis] (custom)
2019-08-02 04:33:43,476 INFO  replication.SimpleContainerDownloader (SimpleContainerDownloader.java:<init>(72)) - Starting container downloader service to copy containers to replicate.
2019-08-02 04:33:43,477 INFO  hdfs.DFSUtil (DFSUtil.java:httpServerTemplateForNNAndJN(1641)) - Starting Web-server for hddsDatanode at: http://0.0.0.0:0
2019-08-02 04:33:43,479 INFO  server.AuthenticationFilter (AuthenticationFilter.java:constructSecretProvider(240)) - Unable to initialize FileSignerSecretProvider, falling back to use random secrets.
2019-08-02 04:33:43,479 WARN  http.HttpRequestLog (HttpRequestLog.java:getRequestLog(97)) - Jetty request log can only be enabled using Log4j
2019-08-02 04:33:43,480 INFO  http.HttpServer2 (HttpServer2.java:addGlobalFilter(975)) - Added global filter 'safety' (class=org.apache.hadoop.http.HttpServer2$QuotingInputFilter)
2019-08-02 04:33:43,481 INFO  http.HttpServer2 (HttpServer2.java:addFilter(948)) - Added filter static_user_filter (class=org.apache.hadoop.http.lib.StaticUserWebFilter$StaticUserFilter) to context hddsDatanode
2019-08-02 04:33:43,481 INFO  http.HttpServer2 (HttpServer2.java:addFilter(958)) - Added filter static_user_filter (class=org.apache.hadoop.http.lib.StaticUserWebFilter$StaticUserFilter) to context logs
2019-08-02 04:33:43,481 INFO  http.HttpServer2 (HttpServer2.java:addFilter(958)) - Added filter static_user_filter (class=org.apache.hadoop.http.lib.StaticUserWebFilter$StaticUserFilter) to context static
2019-08-02 04:33:43,482 INFO  http.HttpServer2 (HttpServer2.java:bindListener(1191)) - Jetty bound to port 44998
2019-08-02 04:33:43,482 INFO  server.Server (Server.java:doStart(351)) - jetty-9.3.24.v20180605, build timestamp: 2018-06-05T17:11:56Z, git hash: 84205aa28f11a4f31f2a3b86d1bba2cc8ab69827
2019-08-02 04:33:43,484 INFO  handler.ContextHandler (ContextHandler.java:doStart(781)) - Started o.e.j.s.ServletContextHandler@69727392{/logs,file:///workdir/hadoop-ozone/integration-test/target/log,AVAILABLE}
2019-08-02 04:33:43,484 INFO  handler.ContextHandler (ContextHandler.java:doStart(781)) - Started o.e.j.s.ServletContextHandler@71fae00e{/static,jar:file:/home/user/.m2/repository/org/apache/hadoop/hadoop-hdds-container-service/0.4.1-SNAPSHOT/hadoop-hdds-container-service-0.4.1-SNAPSHOT.jar!/webapps/static,AVAILABLE}
2019-08-02 04:33:43,513 INFO  handler.ContextHandler (ContextHandler.java:doStart(781)) - Started o.e.j.w.WebAppContext@3a1b4288{/,file:///tmp/jetty-0.0.0.0-44998-hddsDatanode-_-any-1971938735572502648.dir/webapp/,AVAILABLE}{/hddsDatanode}
2019-08-02 04:33:43,513 INFO  server.AbstractConnector (AbstractConnector.java:doStart(278)) - Started ServerConnector@44b162f2{HTTP/1.1,[http/1.1]}{0.0.0.0:44998}
2019-08-02 04:33:43,513 INFO  server.Server (Server.java:doStart(419)) - Started @80860ms
2019-08-02 04:33:43,516 INFO  server.BaseHttpServer (BaseHttpServer.java:updateConnectorAddress(207)) - HTTP server of HDDSDATANODE is listening at http://0.0.0.0:44998
2019-08-02 04:33:43,622 INFO  ozone.HddsDatanodeService (HddsDatanodeService.java:startPlugins(395)) - Started plug-in org.apache.hadoop.ozone.web.OzoneHddsDatanodeService@55be9e5e
2019-08-02 04:33:43,623 INFO  impl.MetricsSystemImpl (MetricsSystemImpl.java:init(158)) - HddsDatanode metrics system started (again)
2019-08-02 04:33:43,634 INFO  util.JvmPauseMonitor (JvmPauseMonitor.java:run(188)) - Starting JVM pause monitor
2019-08-02 04:33:43,634 INFO  ozone.HddsDatanodeService (HddsDatanodeService.java:start(184)) - HddsDatanodeService host:byscane-nightly-xzrzg-2697134946 ip:192.168.157.195
2019-08-02 04:33:43,636 INFO  datanode.InitDatanodeState (InitDatanodeState.java:persistContainerDatanodeDetails(140)) - DatanodeDetails is persisted to /workdir/hadoop-ozone/integration-test/target/test-dir/MiniOzoneClusterImpl-2f6342cd-94eb-4ccf-897b-8b7dca55c299/datanode-0/meta/datanode.id
2019-08-02 04:33:43,644 INFO  volume.HddsVolume (HddsVolume.java:<init>(176)) - Creating Volume: /workdir/hadoop-ozone/integration-test/target/test-dir/MiniOzoneClusterImpl-2f6342cd-94eb-4ccf-897b-8b7dca55c299/datanode-1/data/containers/hdds of  storage type : DISK and capacity : 52710309888
2019-08-02 04:33:43,644 INFO  volume.VolumeSet (VolumeSet.java:initializeVolumeSet(170)) - Added Volume : /workdir/hadoop-ozone/integration-test/target/test-dir/MiniOzoneClusterImpl-2f6342cd-94eb-4ccf-897b-8b7dca55c299/datanode-1/data/containers/hdds to VolumeSet
2019-08-02 04:33:43,644 INFO  volume.ThrottledAsyncChecker (ThrottledAsyncChecker.java:schedule(140)) - Scheduling a check for org.apache.hadoop.ozone.container.common.volume.HddsVolume@73ef823a
2019-08-02 04:33:43,645 INFO  volume.HddsVolumeChecker (HddsVolumeChecker.java:checkAllVolumes(203)) - Scheduled health check for volume org.apache.hadoop.ozone.container.common.volume.HddsVolume@73ef823a
2019-08-02 04:33:43,660 INFO  impl.RaftServerProxy (ConfUtils.java:logGet(43)) - raft.rpc.type = GRPC (default)
2019-08-02 04:33:43,660 INFO  grpc.GrpcFactory (GrpcFactory.java:checkPooledByteBufAllocatorUseCacheForAllThreads(45)) - PERFORMANCE WARNING: useCacheForAllThreads is true that may cause Netty to create a lot garbage objects and, as a result, trigger GC.
	It is recommended to disable useCacheForAllThreads by setting -Dorg.apache.ratis.thirdparty.io.netty.allocator.useCacheForAllThreads=false in command line.
2019-08-02 04:33:43,660 INFO  grpc.GrpcConfigKeys$Server (ConfUtils.java:logGet(43)) - raft.grpc.server.port = 0 (default)
2019-08-02 04:33:43,661 INFO  server.GrpcService (ConfUtils.java:logGet(43)) - raft.grpc.message.size.max = 33570816 (custom)
2019-08-02 04:33:43,661 INFO  server.RaftServerConfigKeys (ConfUtils.java:logGet(43)) - raft.server.log.appender.buffer.byte-limit = 33554432 (custom)
2019-08-02 04:33:43,661 INFO  server.GrpcService (ConfUtils.java:logGet(43)) - raft.grpc.flow.control.window = 1MB (=1048576) (default)
2019-08-02 04:33:43,661 INFO  server.RaftServerConfigKeys (ConfUtils.java:logGet(43)) - raft.server.rpc.request.timeout = 3000ms (default)
2019-08-02 04:33:43,662 INFO  server.RaftServerConfigKeys (ConfUtils.java:logGet(43)) - raft.server.storage.dir = [/workdir/hadoop-ozone/integration-test/target/test-dir/MiniOzoneClusterImpl-2f6342cd-94eb-4ccf-897b-8b7dca55c299/datanode-1/data/ratis] (custom)
2019-08-02 04:33:43,662 INFO  replication.SimpleContainerDownloader (SimpleContainerDownloader.java:<init>(72)) - Starting container downloader service to copy containers to replicate.
2019-08-02 04:33:43,663 INFO  hdfs.DFSUtil (DFSUtil.java:httpServerTemplateForNNAndJN(1641)) - Starting Web-server for hddsDatanode at: http://0.0.0.0:0
2019-08-02 04:33:43,664 INFO  server.AuthenticationFilter (AuthenticationFilter.java:constructSecretProvider(240)) - Unable to initialize FileSignerSecretProvider, falling back to use random secrets.
2019-08-02 04:33:43,665 WARN  http.HttpRequestLog (HttpRequestLog.java:getRequestLog(97)) - Jetty request log can only be enabled using Log4j
2019-08-02 04:33:43,666 INFO  http.HttpServer2 (HttpServer2.java:addGlobalFilter(975)) - Added global filter 'safety' (class=org.apache.hadoop.http.HttpServer2$QuotingInputFilter)
2019-08-02 04:33:43,666 INFO  http.HttpServer2 (HttpServer2.java:addFilter(948)) - Added filter static_user_filter (class=org.apache.hadoop.http.lib.StaticUserWebFilter$StaticUserFilter) to context hddsDatanode
2019-08-02 04:33:43,666 INFO  http.HttpServer2 (HttpServer2.java:addFilter(958)) - Added filter static_user_filter (class=org.apache.hadoop.http.lib.StaticUserWebFilter$StaticUserFilter) to context logs
2019-08-02 04:33:43,666 INFO  http.HttpServer2 (HttpServer2.java:addFilter(958)) - Added filter static_user_filter (class=org.apache.hadoop.http.lib.StaticUserWebFilter$StaticUserFilter) to context static
2019-08-02 04:33:43,667 INFO  http.HttpServer2 (HttpServer2.java:bindListener(1191)) - Jetty bound to port 33046
2019-08-02 04:33:43,667 INFO  server.Server (Server.java:doStart(351)) - jetty-9.3.24.v20180605, build timestamp: 2018-06-05T17:11:56Z, git hash: 84205aa28f11a4f31f2a3b86d1bba2cc8ab69827
2019-08-02 04:33:43,669 INFO  handler.ContextHandler (ContextHandler.java:doStart(781)) - Started o.e.j.s.ServletContextHandler@a1f78db{/logs,file:///workdir/hadoop-ozone/integration-test/target/log,AVAILABLE}
2019-08-02 04:33:43,669 INFO  handler.ContextHandler (ContextHandler.java:doStart(781)) - Started o.e.j.s.ServletContextHandler@2ee8d7f7{/static,jar:file:/home/user/.m2/repository/org/apache/hadoop/hadoop-hdds-container-service/0.4.1-SNAPSHOT/hadoop-hdds-container-service-0.4.1-SNAPSHOT.jar!/webapps/static,AVAILABLE}
2019-08-02 04:33:43,696 INFO  handler.ContextHandler (ContextHandler.java:doStart(781)) - Started o.e.j.w.WebAppContext@395ad88f{/,file:///tmp/jetty-0.0.0.0-33046-hddsDatanode-_-any-3017818942052303399.dir/webapp/,AVAILABLE}{/hddsDatanode}
2019-08-02 04:33:43,696 INFO  server.AbstractConnector (AbstractConnector.java:doStart(278)) - Started ServerConnector@7441833d{HTTP/1.1,[http/1.1]}{0.0.0.0:33046}
2019-08-02 04:33:43,698 INFO  server.Server (Server.java:doStart(419)) - Started @81044ms
2019-08-02 04:33:43,698 INFO  server.BaseHttpServer (BaseHttpServer.java:updateConnectorAddress(207)) - HTTP server of HDDSDATANODE is listening at http://0.0.0.0:33046
2019-08-02 04:33:43,802 INFO  ozone.HddsDatanodeService (HddsDatanodeService.java:startPlugins(395)) - Started plug-in org.apache.hadoop.ozone.web.OzoneHddsDatanodeService@24cded7d
2019-08-02 04:33:43,802 INFO  impl.MetricsSystemImpl (MetricsSystemImpl.java:init(158)) - HddsDatanode metrics system started (again)
2019-08-02 04:33:43,814 INFO  util.JvmPauseMonitor (JvmPauseMonitor.java:run(188)) - Starting JVM pause monitor
2019-08-02 04:33:43,814 INFO  ozone.HddsDatanodeService (HddsDatanodeService.java:start(184)) - HddsDatanodeService host:byscane-nightly-xzrzg-2697134946 ip:192.168.157.195
2019-08-02 04:33:43,816 INFO  datanode.InitDatanodeState (InitDatanodeState.java:persistContainerDatanodeDetails(140)) - DatanodeDetails is persisted to /workdir/hadoop-ozone/integration-test/target/test-dir/MiniOzoneClusterImpl-2f6342cd-94eb-4ccf-897b-8b7dca55c299/datanode-1/meta/datanode.id
2019-08-02 04:33:43,824 INFO  volume.HddsVolume (HddsVolume.java:<init>(176)) - Creating Volume: /workdir/hadoop-ozone/integration-test/target/test-dir/MiniOzoneClusterImpl-2f6342cd-94eb-4ccf-897b-8b7dca55c299/datanode-2/data/containers/hdds of  storage type : DISK and capacity : 52710309888
2019-08-02 04:33:43,824 INFO  volume.VolumeSet (VolumeSet.java:initializeVolumeSet(170)) - Added Volume : /workdir/hadoop-ozone/integration-test/target/test-dir/MiniOzoneClusterImpl-2f6342cd-94eb-4ccf-897b-8b7dca55c299/datanode-2/data/containers/hdds to VolumeSet
2019-08-02 04:33:43,824 INFO  volume.ThrottledAsyncChecker (ThrottledAsyncChecker.java:schedule(140)) - Scheduling a check for org.apache.hadoop.ozone.container.common.volume.HddsVolume@6d9f6543
2019-08-02 04:33:43,825 INFO  volume.HddsVolumeChecker (HddsVolumeChecker.java:checkAllVolumes(203)) - Scheduled health check for volume org.apache.hadoop.ozone.container.common.volume.HddsVolume@6d9f6543
2019-08-02 04:33:43,839 INFO  impl.RaftServerProxy (ConfUtils.java:logGet(43)) - raft.rpc.type = GRPC (default)
2019-08-02 04:33:43,840 INFO  grpc.GrpcFactory (GrpcFactory.java:checkPooledByteBufAllocatorUseCacheForAllThreads(45)) - PERFORMANCE WARNING: useCacheForAllThreads is true that may cause Netty to create a lot garbage objects and, as a result, trigger GC.
	It is recommended to disable useCacheForAllThreads by setting -Dorg.apache.ratis.thirdparty.io.netty.allocator.useCacheForAllThreads=false in command line.
2019-08-02 04:33:43,840 INFO  grpc.GrpcConfigKeys$Server (ConfUtils.java:logGet(43)) - raft.grpc.server.port = 0 (default)
2019-08-02 04:33:43,840 INFO  server.GrpcService (ConfUtils.java:logGet(43)) - raft.grpc.message.size.max = 33570816 (custom)
2019-08-02 04:33:43,840 INFO  server.RaftServerConfigKeys (ConfUtils.java:logGet(43)) - raft.server.log.appender.buffer.byte-limit = 33554432 (custom)
2019-08-02 04:33:43,840 INFO  server.GrpcService (ConfUtils.java:logGet(43)) - raft.grpc.flow.control.window = 1MB (=1048576) (default)
2019-08-02 04:33:43,841 INFO  server.RaftServerConfigKeys (ConfUtils.java:logGet(43)) - raft.server.rpc.request.timeout = 3000ms (default)
2019-08-02 04:33:43,841 INFO  server.RaftServerConfigKeys (ConfUtils.java:logGet(43)) - raft.server.storage.dir = [/workdir/hadoop-ozone/integration-test/target/test-dir/MiniOzoneClusterImpl-2f6342cd-94eb-4ccf-897b-8b7dca55c299/datanode-2/data/ratis] (custom)
2019-08-02 04:33:43,841 INFO  replication.SimpleContainerDownloader (SimpleContainerDownloader.java:<init>(72)) - Starting container downloader service to copy containers to replicate.
2019-08-02 04:33:43,842 INFO  hdfs.DFSUtil (DFSUtil.java:httpServerTemplateForNNAndJN(1641)) - Starting Web-server for hddsDatanode at: http://0.0.0.0:0
2019-08-02 04:33:43,844 INFO  server.AuthenticationFilter (AuthenticationFilter.java:constructSecretProvider(240)) - Unable to initialize FileSignerSecretProvider, falling back to use random secrets.
2019-08-02 04:33:43,844 WARN  http.HttpRequestLog (HttpRequestLog.java:getRequestLog(97)) - Jetty request log can only be enabled using Log4j
2019-08-02 04:33:43,845 INFO  http.HttpServer2 (HttpServer2.java:addGlobalFilter(975)) - Added global filter 'safety' (class=org.apache.hadoop.http.HttpServer2$QuotingInputFilter)
2019-08-02 04:33:43,846 INFO  http.HttpServer2 (HttpServer2.java:addFilter(948)) - Added filter static_user_filter (class=org.apache.hadoop.http.lib.StaticUserWebFilter$StaticUserFilter) to context hddsDatanode
2019-08-02 04:33:43,846 INFO  http.HttpServer2 (HttpServer2.java:addFilter(958)) - Added filter static_user_filter (class=org.apache.hadoop.http.lib.StaticUserWebFilter$StaticUserFilter) to context static
2019-08-02 04:33:43,846 INFO  http.HttpServer2 (HttpServer2.java:addFilter(958)) - Added filter static_user_filter (class=org.apache.hadoop.http.lib.StaticUserWebFilter$StaticUserFilter) to context logs
2019-08-02 04:33:43,846 INFO  http.HttpServer2 (HttpServer2.java:bindListener(1191)) - Jetty bound to port 44798
2019-08-02 04:33:43,847 INFO  server.Server (Server.java:doStart(351)) - jetty-9.3.24.v20180605, build timestamp: 2018-06-05T17:11:56Z, git hash: 84205aa28f11a4f31f2a3b86d1bba2cc8ab69827
2019-08-02 04:33:43,848 INFO  handler.ContextHandler (ContextHandler.java:doStart(781)) - Started o.e.j.s.ServletContextHandler@5d91732a{/logs,file:///workdir/hadoop-ozone/integration-test/target/log,AVAILABLE}
2019-08-02 04:33:43,849 INFO  handler.ContextHandler (ContextHandler.java:doStart(781)) - Started o.e.j.s.ServletContextHandler@683b687e{/static,jar:file:/home/user/.m2/repository/org/apache/hadoop/hadoop-hdds-container-service/0.4.1-SNAPSHOT/hadoop-hdds-container-service-0.4.1-SNAPSHOT.jar!/webapps/static,AVAILABLE}
2019-08-02 04:33:43,875 INFO  handler.ContextHandler (ContextHandler.java:doStart(781)) - Started o.e.j.w.WebAppContext@50871bab{/,file:///tmp/jetty-0.0.0.0-44798-hddsDatanode-_-any-3542594442489719394.dir/webapp/,AVAILABLE}{/hddsDatanode}
2019-08-02 04:33:43,876 INFO  server.AbstractConnector (AbstractConnector.java:doStart(278)) - Started ServerConnector@35e3e6b5{HTTP/1.1,[http/1.1]}{0.0.0.0:44798}
2019-08-02 04:33:43,878 INFO  server.Server (Server.java:doStart(419)) - Started @81224ms
2019-08-02 04:33:43,878 INFO  server.BaseHttpServer (BaseHttpServer.java:updateConnectorAddress(207)) - HTTP server of HDDSDATANODE is listening at http://0.0.0.0:44798
2019-08-02 04:33:43,981 INFO  ozone.HddsDatanodeService (HddsDatanodeService.java:startPlugins(395)) - Started plug-in org.apache.hadoop.ozone.web.OzoneHddsDatanodeService@4522009a
2019-08-02 04:33:43,981 INFO  ozone.MiniOzoneClusterImpl (MiniOzoneClusterImpl.java:lambda$waitForClusterToBeReady$0(142)) - Waiting for cluster to be ready. Got 0 of 3 DN Heartbeats.
2019-08-02 04:33:43,994 INFO  util.JvmPauseMonitor (JvmPauseMonitor.java:run(188)) - Starting JVM pause monitor
2019-08-02 04:33:43,999 INFO  datanode.InitDatanodeState (InitDatanodeState.java:persistContainerDatanodeDetails(140)) - DatanodeDetails is persisted to /workdir/hadoop-ozone/integration-test/target/test-dir/MiniOzoneClusterImpl-2f6342cd-94eb-4ccf-897b-8b7dca55c299/datanode-2/meta/datanode.id
2019-08-02 04:33:44,982 INFO  ozone.MiniOzoneClusterImpl (MiniOzoneClusterImpl.java:lambda$waitForClusterToBeReady$0(142)) - Waiting for cluster to be ready. Got 0 of 3 DN Heartbeats.
2019-08-02 04:33:45,655 INFO  ozoneimpl.OzoneContainer (OzoneContainer.java:start(186)) - Attempting to start container services.
2019-08-02 04:33:45,656 INFO  ozoneimpl.OzoneContainer (OzoneContainer.java:startContainerScrub(160)) - Background container scrubber has been disabled by hdds.containerscrub.enabled
2019-08-02 04:33:45,656 INFO  ratis.XceiverServerRatis (XceiverServerRatis.java:start(404)) - Starting XceiverServerRatis 5144f4a4-9259-4118-a241-19d5ca06460f at port 0
2019-08-02 04:33:45,663 INFO  impl.RaftServerProxy (RaftServerProxy.java:lambda$start$3(299)) - 5144f4a4-9259-4118-a241-19d5ca06460f: start RPC server
2019-08-02 04:33:45,669 INFO  server.GrpcService (GrpcService.java:startImpl(149)) - 5144f4a4-9259-4118-a241-19d5ca06460f: GrpcService started, listening on 0.0.0.0/0.0.0.0:41319
2019-08-02 04:33:45,669 INFO  ratis.XceiverServerRatis (XceiverServerRatis.java:start(414)) - XceiverServerRatis 5144f4a4-9259-4118-a241-19d5ca06460f is started using port 41319
2019-08-02 04:33:45,679 INFO  server.XceiverServerGrpc (XceiverServerGrpc.java:start(161)) - XceiverServerGrpc 5144f4a4-9259-4118-a241-19d5ca06460f is started using port 46454
2019-08-02 04:33:45,841 INFO  ozoneimpl.OzoneContainer (OzoneContainer.java:start(186)) - Attempting to start container services.
2019-08-02 04:33:45,841 INFO  ozoneimpl.OzoneContainer (OzoneContainer.java:startContainerScrub(160)) - Background container scrubber has been disabled by hdds.containerscrub.enabled
2019-08-02 04:33:45,841 INFO  ratis.XceiverServerRatis (XceiverServerRatis.java:start(404)) - Starting XceiverServerRatis d3d6266b-e4ba-4296-9c21-6cc0c08ba586 at port 0
2019-08-02 04:33:45,851 INFO  impl.RaftServerProxy (RaftServerProxy.java:lambda$start$3(299)) - d3d6266b-e4ba-4296-9c21-6cc0c08ba586: start RPC server
2019-08-02 04:33:45,856 INFO  server.GrpcService (GrpcService.java:startImpl(149)) - d3d6266b-e4ba-4296-9c21-6cc0c08ba586: GrpcService started, listening on 0.0.0.0/0.0.0.0:44099
2019-08-02 04:33:45,856 INFO  ratis.XceiverServerRatis (XceiverServerRatis.java:start(414)) - XceiverServerRatis d3d6266b-e4ba-4296-9c21-6cc0c08ba586 is started using port 44099
2019-08-02 04:33:45,861 INFO  server.XceiverServerGrpc (XceiverServerGrpc.java:start(161)) - XceiverServerGrpc d3d6266b-e4ba-4296-9c21-6cc0c08ba586 is started using port 46747
2019-08-02 04:33:45,982 INFO  ozone.MiniOzoneClusterImpl (MiniOzoneClusterImpl.java:lambda$waitForClusterToBeReady$0(142)) - Waiting for cluster to be ready. Got 0 of 3 DN Heartbeats.
2019-08-02 04:33:46,010 INFO  ozoneimpl.OzoneContainer (OzoneContainer.java:start(186)) - Attempting to start container services.
2019-08-02 04:33:46,010 INFO  ozoneimpl.OzoneContainer (OzoneContainer.java:startContainerScrub(160)) - Background container scrubber has been disabled by hdds.containerscrub.enabled
2019-08-02 04:33:46,010 INFO  ratis.XceiverServerRatis (XceiverServerRatis.java:start(404)) - Starting XceiverServerRatis e984044d-f85a-4bee-aedf-bc9633eec2cb at port 0
2019-08-02 04:33:46,018 INFO  impl.RaftServerProxy (RaftServerProxy.java:lambda$start$3(299)) - e984044d-f85a-4bee-aedf-bc9633eec2cb: start RPC server
2019-08-02 04:33:46,023 INFO  server.GrpcService (GrpcService.java:startImpl(149)) - e984044d-f85a-4bee-aedf-bc9633eec2cb: GrpcService started, listening on 0.0.0.0/0.0.0.0:42216
2019-08-02 04:33:46,023 INFO  ratis.XceiverServerRatis (XceiverServerRatis.java:start(414)) - XceiverServerRatis e984044d-f85a-4bee-aedf-bc9633eec2cb is started using port 42216
2019-08-02 04:33:46,033 INFO  server.XceiverServerGrpc (XceiverServerGrpc.java:start(161)) - XceiverServerGrpc e984044d-f85a-4bee-aedf-bc9633eec2cb is started using port 37339
2019-08-02 04:33:46,983 INFO  ozone.MiniOzoneClusterImpl (MiniOzoneClusterImpl.java:lambda$waitForClusterToBeReady$0(142)) - Waiting for cluster to be ready. Got 0 of 3 DN Heartbeats.
2019-08-02 04:33:47,642 INFO  net.NetworkTopology (NetworkTopologyImpl.java:add(110)) - Added a new node: /default-rack/5144f4a4-9259-4118-a241-19d5ca06460f
2019-08-02 04:33:47,645 INFO  node.SCMNodeManager (SCMNodeManager.java:register(273)) - Registered Data node : 5144f4a4-9259-4118-a241-19d5ca06460f{ip: 192.168.157.195, host: byscane-nightly-xzrzg-2697134946, networkLocation: /default-rack, certSerialId: null}
2019-08-02 04:33:47,646 INFO  safemode.SCMSafeModeManager (DataNodeSafeModeRule.java:process(71)) - SCM in safe mode. 1 DataNodes registered, 1 required.
2019-08-02 04:33:47,649 INFO  safemode.SCMSafeModeManager (SCMSafeModeManager.java:validateSafeModeExitRules(177)) - ScmSafeModeManager, all rules are successfully validated
2019-08-02 04:33:47,649 INFO  safemode.SCMSafeModeManager (SCMSafeModeManager.java:exitSafeMode(193)) - SCM exiting safe mode.
2019-08-02 04:33:47,675 INFO  impl.RaftServerProxy (RaftServerProxy.java:addNew(89)) - 5144f4a4-9259-4118-a241-19d5ca06460f: addNew group-BC62337C1682:[5144f4a4-9259-4118-a241-19d5ca06460f:192.168.157.195:41319] returns group-BC62337C1682:java.util.concurrent.CompletableFuture@73c6016c[Not completed]
2019-08-02 04:33:47,681 INFO  impl.RaftServerImpl (RaftServerImpl.java:<init>(93)) - 5144f4a4-9259-4118-a241-19d5ca06460f: new RaftServerImpl for group-BC62337C1682:[5144f4a4-9259-4118-a241-19d5ca06460f:192.168.157.195:41319] with ContainerStateMachine:uninitialized
2019-08-02 04:33:47,681 INFO  server.RaftServerConfigKeys (ConfUtils.java:logGet(43)) - raft.server.rpc.timeout.min = 5s (custom)
2019-08-02 04:33:47,682 INFO  server.RaftServerConfigKeys (ConfUtils.java:logGet(43)) - raft.server.rpc.timeout.max = 5200ms (custom)
2019-08-02 04:33:47,682 INFO  server.RaftServerConfigKeys (ConfUtils.java:logGet(43)) - raft.server.rpcslowness.timeout = 120s (custom)
2019-08-02 04:33:47,682 INFO  server.RaftServerConfigKeys (ConfUtils.java:logGet(43)) - raft.server.sleep.deviation.threshold = 300 (default)
2019-08-02 04:33:47,682 INFO  server.RaftServerConfigKeys (ConfUtils.java:logGet(43)) - raft.server.log.appender.install.snapshot.enabled = false (custom)
2019-08-02 04:33:47,682 INFO  impl.RaftServerImpl (ServerState.java:<init>(105)) - 5144f4a4-9259-4118-a241-19d5ca06460f:group-BC62337C1682 ConfigurationManager, init=-1: [5144f4a4-9259-4118-a241-19d5ca06460f:192.168.157.195:41319], old=null, confs=<EMPTY_MAP>
2019-08-02 04:33:47,682 INFO  server.RaftServerConfigKeys (ConfUtils.java:logGet(43)) - raft.server.storage.dir = [/workdir/hadoop-ozone/integration-test/target/test-dir/MiniOzoneClusterImpl-2f6342cd-94eb-4ccf-897b-8b7dca55c299/datanode-0/data/ratis] (custom)
2019-08-02 04:33:47,684 INFO  storage.RaftStorageDirectory (RaftStorageDirectory.java:analyzeStorage(246)) - The storage directory /workdir/hadoop-ozone/integration-test/target/test-dir/MiniOzoneClusterImpl-2f6342cd-94eb-4ccf-897b-8b7dca55c299/datanode-0/data/ratis/9ceeedd6-6cb0-44bf-9be3-bc62337c1682 does not exist. Creating ...
2019-08-02 04:33:47,698 INFO  storage.RaftStorageDirectory (RaftStorageDirectory.java:tryLock(328)) - Lock on /workdir/hadoop-ozone/integration-test/target/test-dir/MiniOzoneClusterImpl-2f6342cd-94eb-4ccf-897b-8b7dca55c299/datanode-0/data/ratis/9ceeedd6-6cb0-44bf-9be3-bc62337c1682/in_use.lock acquired by nodename 20279@byscane-nightly-xzrzg-2697134946
2019-08-02 04:33:47,711 INFO  storage.RaftStorage (RaftStorage.java:format(72)) - Storage directory /workdir/hadoop-ozone/integration-test/target/test-dir/MiniOzoneClusterImpl-2f6342cd-94eb-4ccf-897b-8b7dca55c299/datanode-0/data/ratis/9ceeedd6-6cb0-44bf-9be3-bc62337c1682 has been successfully formatted.
2019-08-02 04:33:47,711 INFO  ratis.ContainerStateMachine (ContainerStateMachine.java:loadSnapshot(213)) - group-BC62337C1682: The snapshot info is null. Setting the last applied indexto:(t:0, i:~)
2019-08-02 04:33:47,711 INFO  server.RaftServerConfigKeys (ConfUtils.java:logGet(43)) - raft.server.leader.election.timeout = 120s (custom)
2019-08-02 04:33:47,712 INFO  server.RaftServerConfigKeys (ConfUtils.java:logGet(43)) - raft.server.log.use.memory = false (default)
2019-08-02 04:33:47,712 INFO  server.RaftServerConfigKeys (ConfUtils.java:logGet(43)) - raft.server.log.purge.gap = 1000000000 (custom)
2019-08-02 04:33:47,712 INFO  server.RaftServerConfigKeys (ConfUtils.java:logGet(43)) - raft.server.log.appender.buffer.byte-limit = 33554432 (custom)
2019-08-02 04:33:47,712 INFO  server.RaftServerConfigKeys (ConfUtils.java:logGet(43)) - raft.server.log.segment.size.max = 1048576 (custom)
2019-08-02 04:33:47,712 INFO  server.RaftServerConfigKeys (ConfUtils.java:logGet(43)) - raft.server.log.segment.cache.num.max = 2 (custom)
2019-08-02 04:33:47,713 INFO  segmented.SegmentedRaftLogWorker (SegmentedRaftLogWorker.java:<init>(172)) - new 5144f4a4-9259-4118-a241-19d5ca06460f-SegmentedRaftLogWorker:Storage Directory /workdir/hadoop-ozone/integration-test/target/test-dir/MiniOzoneClusterImpl-2f6342cd-94eb-4ccf-897b-8b7dca55c299/datanode-0/data/ratis/9ceeedd6-6cb0-44bf-9be3-bc62337c1682 for RaftStorage:Storage Directory /workdir/hadoop-ozone/integration-test/target/test-dir/MiniOzoneClusterImpl-2f6342cd-94eb-4ccf-897b-8b7dca55c299/datanode-0/data/ratis/9ceeedd6-6cb0-44bf-9be3-bc62337c1682
2019-08-02 04:33:47,713 INFO  server.RaftServerConfigKeys (ConfUtils.java:logGet(43)) - raft.server.log.queue.byte-limit = 2147483647 (custom)
2019-08-02 04:33:47,713 INFO  server.RaftServerConfigKeys (ConfUtils.java:logGet(43)) - raft.server.log.queue.element-limit = 1024 (custom)
2019-08-02 04:33:47,713 INFO  server.RaftServerConfigKeys (ConfUtils.java:logGet(43)) - raft.server.log.segment.size.max = 1048576 (custom)
2019-08-02 04:33:47,713 INFO  server.RaftServerConfigKeys (ConfUtils.java:logGet(43)) - raft.server.log.preallocated.size = 16384 (custom)
2019-08-02 04:33:47,714 INFO  server.RaftServerConfigKeys (ConfUtils.java:logGet(43)) - raft.server.log.write.buffer.size = 33554432 (custom)
2019-08-02 04:33:47,714 INFO  server.RaftServerConfigKeys (ConfUtils.java:logGet(43)) - raft.server.log.force.sync.num = 128 (default)
2019-08-02 04:33:47,714 INFO  server.RaftServerConfigKeys (ConfUtils.java:logGet(43)) - raft.server.log.statemachine.data.sync = true (default)
2019-08-02 04:33:47,714 INFO  server.RaftServerConfigKeys (ConfUtils.java:logGet(43)) - raft.server.log.statemachine.data.sync.timeout = 10s (default)
2019-08-02 04:33:47,714 INFO  server.RaftServerConfigKeys (ConfUtils.java:logGet(43)) - raft.server.log.statemachine.data.sync.timeout.retry = -1 (default)
2019-08-02 04:33:47,715 INFO  server.RaftServerConfigKeys (ConfUtils.java:logGet(43)) - raft.server.log.statemachine.data.caching.enabled = true (custom)
2019-08-02 04:33:47,715 INFO  segmented.SegmentedRaftLogWorker (SegmentedRaftLogWorker.java:lambda$new$0(132)) - 5144f4a4-9259-4118-a241-19d5ca06460f-SegmentedRaftLogWorker:Storage Directory /workdir/hadoop-ozone/integration-test/target/test-dir/MiniOzoneClusterImpl-2f6342cd-94eb-4ccf-897b-8b7dca55c299/datanode-0/data/ratis/9ceeedd6-6cb0-44bf-9be3-bc62337c1682: flushIndex: setUnconditionally 0 -> -1
2019-08-02 04:33:47,715 INFO  server.RaftServerConfigKeys (ConfUtils.java:logGet(43)) - raft.server.snapshot.auto.trigger.enabled = true (custom)
2019-08-02 04:33:47,716 INFO  server.RaftServerConfigKeys (ConfUtils.java:logGet(43)) - raft.server.snapshot.auto.trigger.threshold = 10000 (custom)
2019-08-02 04:33:47,716 INFO  server.RaftServerConfigKeys (ConfUtils.java:logGet(43)) - raft.server.retrycache.expirytime = 600000ms (custom)
2019-08-02 04:33:47,716 INFO  impl.RaftServerImpl (RaftServerImpl.java:start(180)) - 5144f4a4-9259-4118-a241-19d5ca06460f: start group-BC62337C1682
2019-08-02 04:33:47,716 INFO  impl.RaftServerImpl (RaftServerImpl.java:setRole(171)) - 5144f4a4-9259-4118-a241-19d5ca06460f:group-BC62337C1682 changes role from null to FOLLOWER at term 0 for startAsFollower
2019-08-02 04:33:47,716 INFO  impl.RoleInfo (RoleInfo.java:updateAndGet(143)) - 5144f4a4-9259-4118-a241-19d5ca06460f: start FollowerState
2019-08-02 04:33:47,717 INFO  util.JmxRegister (JmxRegister.java:tryRegister(44)) - Successfully registered JMX Bean with object name Ratis:service=RaftServer,group=group-BC62337C1682,id=5144f4a4-9259-4118-a241-19d5ca06460f
2019-08-02 04:33:47,728 INFO  pipeline.PipelineStateManager (PipelineStateManager.java:addPipeline(56)) - Created pipeline Pipeline[ Id: 9ceeedd6-6cb0-44bf-9be3-bc62337c1682, Nodes: 5144f4a4-9259-4118-a241-19d5ca06460f{ip: 192.168.157.195, host: byscane-nightly-xzrzg-2697134946, networkLocation: /default-rack, certSerialId: null}, Type:RATIS, Factor:ONE, State:OPEN]
2019-08-02 04:33:47,816 INFO  net.NetworkTopology (NetworkTopologyImpl.java:add(110)) - Added a new node: /default-rack/d3d6266b-e4ba-4296-9c21-6cc0c08ba586
2019-08-02 04:33:47,817 INFO  node.SCMNodeManager (SCMNodeManager.java:register(273)) - Registered Data node : d3d6266b-e4ba-4296-9c21-6cc0c08ba586{ip: 192.168.157.195, host: byscane-nightly-xzrzg-2697134946, networkLocation: /default-rack, certSerialId: null}
2019-08-02 04:33:47,836 INFO  impl.RaftServerProxy (RaftServerProxy.java:addNew(89)) - d3d6266b-e4ba-4296-9c21-6cc0c08ba586: addNew group-4D37AC0AFB49:[d3d6266b-e4ba-4296-9c21-6cc0c08ba586:192.168.157.195:44099] returns group-4D37AC0AFB49:java.util.concurrent.CompletableFuture@10e46ef4[Not completed]
2019-08-02 04:33:47,841 INFO  impl.RaftServerImpl (RaftServerImpl.java:<init>(93)) - d3d6266b-e4ba-4296-9c21-6cc0c08ba586: new RaftServerImpl for group-4D37AC0AFB49:[d3d6266b-e4ba-4296-9c21-6cc0c08ba586:192.168.157.195:44099] with ContainerStateMachine:uninitialized
2019-08-02 04:33:47,841 INFO  server.RaftServerConfigKeys (ConfUtils.java:logGet(43)) - raft.server.rpc.timeout.min = 5s (custom)
2019-08-02 04:33:47,842 INFO  server.RaftServerConfigKeys (ConfUtils.java:logGet(43)) - raft.server.rpc.timeout.max = 5200ms (custom)
2019-08-02 04:33:47,842 INFO  server.RaftServerConfigKeys (ConfUtils.java:logGet(43)) - raft.server.rpcslowness.timeout = 120s (custom)
2019-08-02 04:33:47,842 INFO  server.RaftServerConfigKeys (ConfUtils.java:logGet(43)) - raft.server.sleep.deviation.threshold = 300 (default)
2019-08-02 04:33:47,842 INFO  server.RaftServerConfigKeys (ConfUtils.java:logGet(43)) - raft.server.log.appender.install.snapshot.enabled = false (custom)
2019-08-02 04:33:47,842 INFO  impl.RaftServerImpl (ServerState.java:<init>(105)) - d3d6266b-e4ba-4296-9c21-6cc0c08ba586:group-4D37AC0AFB49 ConfigurationManager, init=-1: [d3d6266b-e4ba-4296-9c21-6cc0c08ba586:192.168.157.195:44099], old=null, confs=<EMPTY_MAP>
2019-08-02 04:33:47,842 INFO  server.RaftServerConfigKeys (ConfUtils.java:logGet(43)) - raft.server.storage.dir = [/workdir/hadoop-ozone/integration-test/target/test-dir/MiniOzoneClusterImpl-2f6342cd-94eb-4ccf-897b-8b7dca55c299/datanode-1/data/ratis] (custom)
2019-08-02 04:33:47,843 INFO  storage.RaftStorageDirectory (RaftStorageDirectory.java:analyzeStorage(246)) - The storage directory /workdir/hadoop-ozone/integration-test/target/test-dir/MiniOzoneClusterImpl-2f6342cd-94eb-4ccf-897b-8b7dca55c299/datanode-1/data/ratis/b73dc379-8226-4c05-ade4-4d37ac0afb49 does not exist. Creating ...
2019-08-02 04:33:47,855 INFO  storage.RaftStorageDirectory (RaftStorageDirectory.java:tryLock(328)) - Lock on /workdir/hadoop-ozone/integration-test/target/test-dir/MiniOzoneClusterImpl-2f6342cd-94eb-4ccf-897b-8b7dca55c299/datanode-1/data/ratis/b73dc379-8226-4c05-ade4-4d37ac0afb49/in_use.lock acquired by nodename 20279@byscane-nightly-xzrzg-2697134946
2019-08-02 04:33:47,868 INFO  storage.RaftStorage (RaftStorage.java:format(72)) - Storage directory /workdir/hadoop-ozone/integration-test/target/test-dir/MiniOzoneClusterImpl-2f6342cd-94eb-4ccf-897b-8b7dca55c299/datanode-1/data/ratis/b73dc379-8226-4c05-ade4-4d37ac0afb49 has been successfully formatted.
2019-08-02 04:33:47,869 INFO  ratis.ContainerStateMachine (ContainerStateMachine.java:loadSnapshot(213)) - group-4D37AC0AFB49: The snapshot info is null. Setting the last applied indexto:(t:0, i:~)
2019-08-02 04:33:47,869 INFO  server.RaftServerConfigKeys (ConfUtils.java:logGet(43)) - raft.server.leader.election.timeout = 120s (custom)
2019-08-02 04:33:47,869 INFO  server.RaftServerConfigKeys (ConfUtils.java:logGet(43)) - raft.server.log.use.memory = false (default)
2019-08-02 04:33:47,869 INFO  server.RaftServerConfigKeys (ConfUtils.java:logGet(43)) - raft.server.log.purge.gap = 1000000000 (custom)
2019-08-02 04:33:47,869 INFO  server.RaftServerConfigKeys (ConfUtils.java:logGet(43)) - raft.server.log.appender.buffer.byte-limit = 33554432 (custom)
2019-08-02 04:33:47,869 INFO  server.RaftServerConfigKeys (ConfUtils.java:logGet(43)) - raft.server.log.segment.size.max = 1048576 (custom)
2019-08-02 04:33:47,870 INFO  server.RaftServerConfigKeys (ConfUtils.java:logGet(43)) - raft.server.log.segment.cache.num.max = 2 (custom)
2019-08-02 04:33:47,870 INFO  segmented.SegmentedRaftLogWorker (SegmentedRaftLogWorker.java:<init>(172)) - new d3d6266b-e4ba-4296-9c21-6cc0c08ba586-SegmentedRaftLogWorker:Storage Directory /workdir/hadoop-ozone/integration-test/target/test-dir/MiniOzoneClusterImpl-2f6342cd-94eb-4ccf-897b-8b7dca55c299/datanode-1/data/ratis/b73dc379-8226-4c05-ade4-4d37ac0afb49 for RaftStorage:Storage Directory /workdir/hadoop-ozone/integration-test/target/test-dir/MiniOzoneClusterImpl-2f6342cd-94eb-4ccf-897b-8b7dca55c299/datanode-1/data/ratis/b73dc379-8226-4c05-ade4-4d37ac0afb49
2019-08-02 04:33:47,870 INFO  server.RaftServerConfigKeys (ConfUtils.java:logGet(43)) - raft.server.log.queue.byte-limit = 2147483647 (custom)
2019-08-02 04:33:47,870 INFO  server.RaftServerConfigKeys (ConfUtils.java:logGet(43)) - raft.server.log.queue.element-limit = 1024 (custom)
2019-08-02 04:33:47,870 INFO  server.RaftServerConfigKeys (ConfUtils.java:logGet(43)) - raft.server.log.segment.size.max = 1048576 (custom)
2019-08-02 04:33:47,871 INFO  server.RaftServerConfigKeys (ConfUtils.java:logGet(43)) - raft.server.log.preallocated.size = 16384 (custom)
2019-08-02 04:33:47,871 INFO  server.RaftServerConfigKeys (ConfUtils.java:logGet(43)) - raft.server.log.write.buffer.size = 33554432 (custom)
2019-08-02 04:33:47,871 INFO  server.RaftServerConfigKeys (ConfUtils.java:logGet(43)) - raft.server.log.force.sync.num = 128 (default)
2019-08-02 04:33:47,871 INFO  server.RaftServerConfigKeys (ConfUtils.java:logGet(43)) - raft.server.log.statemachine.data.sync = true (default)
2019-08-02 04:33:47,871 INFO  server.RaftServerConfigKeys (ConfUtils.java:logGet(43)) - raft.server.log.statemachine.data.sync.timeout = 10s (default)
2019-08-02 04:33:47,871 INFO  server.RaftServerConfigKeys (ConfUtils.java:logGet(43)) - raft.server.log.statemachine.data.sync.timeout.retry = -1 (default)
2019-08-02 04:33:47,872 INFO  server.RaftServerConfigKeys (ConfUtils.java:logGet(43)) - raft.server.log.statemachine.data.caching.enabled = true (custom)
2019-08-02 04:33:47,872 INFO  segmented.SegmentedRaftLogWorker (SegmentedRaftLogWorker.java:lambda$new$0(132)) - d3d6266b-e4ba-4296-9c21-6cc0c08ba586-SegmentedRaftLogWorker:Storage Directory /workdir/hadoop-ozone/integration-test/target/test-dir/MiniOzoneClusterImpl-2f6342cd-94eb-4ccf-897b-8b7dca55c299/datanode-1/data/ratis/b73dc379-8226-4c05-ade4-4d37ac0afb49: flushIndex: setUnconditionally 0 -> -1
2019-08-02 04:33:47,873 INFO  server.RaftServerConfigKeys (ConfUtils.java:logGet(43)) - raft.server.snapshot.auto.trigger.enabled = true (custom)
2019-08-02 04:33:47,873 INFO  server.RaftServerConfigKeys (ConfUtils.java:logGet(43)) - raft.server.snapshot.auto.trigger.threshold = 10000 (custom)
2019-08-02 04:33:47,873 INFO  server.RaftServerConfigKeys (ConfUtils.java:logGet(43)) - raft.server.retrycache.expirytime = 600000ms (custom)
2019-08-02 04:33:47,873 INFO  impl.RaftServerImpl (RaftServerImpl.java:start(180)) - d3d6266b-e4ba-4296-9c21-6cc0c08ba586: start group-4D37AC0AFB49
2019-08-02 04:33:47,873 INFO  impl.RaftServerImpl (RaftServerImpl.java:setRole(171)) - d3d6266b-e4ba-4296-9c21-6cc0c08ba586:group-4D37AC0AFB49 changes role from null to FOLLOWER at term 0 for startAsFollower
2019-08-02 04:33:47,873 INFO  impl.RoleInfo (RoleInfo.java:updateAndGet(143)) - d3d6266b-e4ba-4296-9c21-6cc0c08ba586: start FollowerState
2019-08-02 04:33:47,874 INFO  util.JmxRegister (JmxRegister.java:tryRegister(44)) - Successfully registered JMX Bean with object name Ratis:service=RaftServer,group=group-4D37AC0AFB49,id=d3d6266b-e4ba-4296-9c21-6cc0c08ba586
2019-08-02 04:33:47,888 INFO  pipeline.PipelineStateManager (PipelineStateManager.java:addPipeline(56)) - Created pipeline Pipeline[ Id: b73dc379-8226-4c05-ade4-4d37ac0afb49, Nodes: d3d6266b-e4ba-4296-9c21-6cc0c08ba586{ip: 192.168.157.195, host: byscane-nightly-xzrzg-2697134946, networkLocation: /default-rack, certSerialId: null}, Type:RATIS, Factor:ONE, State:OPEN]
2019-08-02 04:33:47,983 INFO  ozone.MiniOzoneClusterImpl (MiniOzoneClusterImpl.java:lambda$waitForClusterToBeReady$0(142)) - Waiting for cluster to be ready. Got 2 of 3 DN Heartbeats.
2019-08-02 04:33:47,995 INFO  net.NetworkTopology (NetworkTopologyImpl.java:add(110)) - Added a new node: /default-rack/e984044d-f85a-4bee-aedf-bc9633eec2cb
2019-08-02 04:33:47,995 INFO  node.SCMNodeManager (SCMNodeManager.java:register(273)) - Registered Data node : e984044d-f85a-4bee-aedf-bc9633eec2cb{ip: 192.168.157.195, host: byscane-nightly-xzrzg-2697134946, networkLocation: /default-rack, certSerialId: null}
2019-08-02 04:33:48,017 INFO  impl.RaftServerProxy (RaftServerProxy.java:addNew(89)) - e984044d-f85a-4bee-aedf-bc9633eec2cb: addNew group-A118C04D4945:[e984044d-f85a-4bee-aedf-bc9633eec2cb:192.168.157.195:42216] returns group-A118C04D4945:java.util.concurrent.CompletableFuture@1d328f81[Not completed]
2019-08-02 04:33:48,022 INFO  impl.RaftServerImpl (RaftServerImpl.java:<init>(93)) - e984044d-f85a-4bee-aedf-bc9633eec2cb: new RaftServerImpl for group-A118C04D4945:[e984044d-f85a-4bee-aedf-bc9633eec2cb:192.168.157.195:42216] with ContainerStateMachine:uninitialized
2019-08-02 04:33:48,022 INFO  server.RaftServerConfigKeys (ConfUtils.java:logGet(43)) - raft.server.rpc.timeout.min = 5s (custom)
2019-08-02 04:33:48,023 INFO  server.RaftServerConfigKeys (ConfUtils.java:logGet(43)) - raft.server.rpc.timeout.max = 5200ms (custom)
2019-08-02 04:33:48,023 INFO  server.RaftServerConfigKeys (ConfUtils.java:logGet(43)) - raft.server.rpcslowness.timeout = 120s (custom)
2019-08-02 04:33:48,023 INFO  server.RaftServerConfigKeys (ConfUtils.java:logGet(43)) - raft.server.sleep.deviation.threshold = 300 (default)
2019-08-02 04:33:48,023 INFO  server.RaftServerConfigKeys (ConfUtils.java:logGet(43)) - raft.server.log.appender.install.snapshot.enabled = false (custom)
2019-08-02 04:33:48,023 INFO  impl.RaftServerImpl (ServerState.java:<init>(105)) - e984044d-f85a-4bee-aedf-bc9633eec2cb:group-A118C04D4945 ConfigurationManager, init=-1: [e984044d-f85a-4bee-aedf-bc9633eec2cb:192.168.157.195:42216], old=null, confs=<EMPTY_MAP>
2019-08-02 04:33:48,024 INFO  server.RaftServerConfigKeys (ConfUtils.java:logGet(43)) - raft.server.storage.dir = [/workdir/hadoop-ozone/integration-test/target/test-dir/MiniOzoneClusterImpl-2f6342cd-94eb-4ccf-897b-8b7dca55c299/datanode-2/data/ratis] (custom)
2019-08-02 04:33:48,024 INFO  storage.RaftStorageDirectory (RaftStorageDirectory.java:analyzeStorage(246)) - The storage directory /workdir/hadoop-ozone/integration-test/target/test-dir/MiniOzoneClusterImpl-2f6342cd-94eb-4ccf-897b-8b7dca55c299/datanode-2/data/ratis/05346927-0243-4595-8a6c-a118c04d4945 does not exist. Creating ...
2019-08-02 04:33:48,045 INFO  storage.RaftStorageDirectory (RaftStorageDirectory.java:tryLock(328)) - Lock on /workdir/hadoop-ozone/integration-test/target/test-dir/MiniOzoneClusterImpl-2f6342cd-94eb-4ccf-897b-8b7dca55c299/datanode-2/data/ratis/05346927-0243-4595-8a6c-a118c04d4945/in_use.lock acquired by nodename 20279@byscane-nightly-xzrzg-2697134946
2019-08-02 04:33:48,059 INFO  storage.RaftStorage (RaftStorage.java:format(72)) - Storage directory /workdir/hadoop-ozone/integration-test/target/test-dir/MiniOzoneClusterImpl-2f6342cd-94eb-4ccf-897b-8b7dca55c299/datanode-2/data/ratis/05346927-0243-4595-8a6c-a118c04d4945 has been successfully formatted.
2019-08-02 04:33:48,059 INFO  ratis.ContainerStateMachine (ContainerStateMachine.java:loadSnapshot(213)) - group-A118C04D4945: The snapshot info is null. Setting the last applied indexto:(t:0, i:~)
2019-08-02 04:33:48,059 INFO  server.RaftServerConfigKeys (ConfUtils.java:logGet(43)) - raft.server.leader.election.timeout = 120s (custom)
2019-08-02 04:33:48,059 INFO  server.RaftServerConfigKeys (ConfUtils.java:logGet(43)) - raft.server.log.use.memory = false (default)
2019-08-02 04:33:48,059 INFO  server.RaftServerConfigKeys (ConfUtils.java:logGet(43)) - raft.server.log.purge.gap = 1000000000 (custom)
2019-08-02 04:33:48,060 INFO  server.RaftServerConfigKeys (ConfUtils.java:logGet(43)) - raft.server.log.appender.buffer.byte-limit = 33554432 (custom)
2019-08-02 04:33:48,060 INFO  server.RaftServerConfigKeys (ConfUtils.java:logGet(43)) - raft.server.log.segment.size.max = 1048576 (custom)
2019-08-02 04:33:48,060 INFO  server.RaftServerConfigKeys (ConfUtils.java:logGet(43)) - raft.server.log.segment.cache.num.max = 2 (custom)
2019-08-02 04:33:48,060 INFO  segmented.SegmentedRaftLogWorker (SegmentedRaftLogWorker.java:<init>(172)) - new e984044d-f85a-4bee-aedf-bc9633eec2cb-SegmentedRaftLogWorker:Storage Directory /workdir/hadoop-ozone/integration-test/target/test-dir/MiniOzoneClusterImpl-2f6342cd-94eb-4ccf-897b-8b7dca55c299/datanode-2/data/ratis/05346927-0243-4595-8a6c-a118c04d4945 for RaftStorage:Storage Directory /workdir/hadoop-ozone/integration-test/target/test-dir/MiniOzoneClusterImpl-2f6342cd-94eb-4ccf-897b-8b7dca55c299/datanode-2/data/ratis/05346927-0243-4595-8a6c-a118c04d4945
2019-08-02 04:33:48,060 INFO  server.RaftServerConfigKeys (ConfUtils.java:logGet(43)) - raft.server.log.queue.byte-limit = 2147483647 (custom)
2019-08-02 04:33:48,061 INFO  server.RaftServerConfigKeys (ConfUtils.java:logGet(43)) - raft.server.log.queue.element-limit = 1024 (custom)
2019-08-02 04:33:48,061 INFO  server.RaftServerConfigKeys (ConfUtils.java:logGet(43)) - raft.server.log.segment.size.max = 1048576 (custom)
2019-08-02 04:33:48,061 INFO  server.RaftServerConfigKeys (ConfUtils.java:logGet(43)) - raft.server.log.preallocated.size = 16384 (custom)
2019-08-02 04:33:48,061 INFO  server.RaftServerConfigKeys (ConfUtils.java:logGet(43)) - raft.server.log.write.buffer.size = 33554432 (custom)
2019-08-02 04:33:48,061 INFO  server.RaftServerConfigKeys (ConfUtils.java:logGet(43)) - raft.server.log.force.sync.num = 128 (default)
2019-08-02 04:33:48,062 INFO  server.RaftServerConfigKeys (ConfUtils.java:logGet(43)) - raft.server.log.statemachine.data.sync = true (default)
2019-08-02 04:33:48,062 INFO  server.RaftServerConfigKeys (ConfUtils.java:logGet(43)) - raft.server.log.statemachine.data.sync.timeout = 10s (default)
2019-08-02 04:33:48,062 INFO  server.RaftServerConfigKeys (ConfUtils.java:logGet(43)) - raft.server.log.statemachine.data.sync.timeout.retry = -1 (default)
2019-08-02 04:33:48,062 INFO  server.RaftServerConfigKeys (ConfUtils.java:logGet(43)) - raft.server.log.statemachine.data.caching.enabled = true (custom)
2019-08-02 04:33:48,063 INFO  segmented.SegmentedRaftLogWorker (SegmentedRaftLogWorker.java:lambda$new$0(132)) - e984044d-f85a-4bee-aedf-bc9633eec2cb-SegmentedRaftLogWorker:Storage Directory /workdir/hadoop-ozone/integration-test/target/test-dir/MiniOzoneClusterImpl-2f6342cd-94eb-4ccf-897b-8b7dca55c299/datanode-2/data/ratis/05346927-0243-4595-8a6c-a118c04d4945: flushIndex: setUnconditionally 0 -> -1
2019-08-02 04:33:48,063 INFO  server.RaftServerConfigKeys (ConfUtils.java:logGet(43)) - raft.server.snapshot.auto.trigger.enabled = true (custom)
2019-08-02 04:33:48,063 INFO  server.RaftServerConfigKeys (ConfUtils.java:logGet(43)) - raft.server.snapshot.auto.trigger.threshold = 10000 (custom)
2019-08-02 04:33:48,063 INFO  server.RaftServerConfigKeys (ConfUtils.java:logGet(43)) - raft.server.retrycache.expirytime = 600000ms (custom)
2019-08-02 04:33:48,064 INFO  impl.RaftServerImpl (RaftServerImpl.java:start(180)) - e984044d-f85a-4bee-aedf-bc9633eec2cb: start group-A118C04D4945
2019-08-02 04:33:48,064 INFO  impl.RaftServerImpl (RaftServerImpl.java:setRole(171)) - e984044d-f85a-4bee-aedf-bc9633eec2cb:group-A118C04D4945 changes role from null to FOLLOWER at term 0 for startAsFollower
2019-08-02 04:33:48,064 INFO  impl.RoleInfo (RoleInfo.java:updateAndGet(143)) - e984044d-f85a-4bee-aedf-bc9633eec2cb: start FollowerState
2019-08-02 04:33:48,064 INFO  util.JmxRegister (JmxRegister.java:tryRegister(44)) - Successfully registered JMX Bean with object name Ratis:service=RaftServer,group=group-A118C04D4945,id=e984044d-f85a-4bee-aedf-bc9633eec2cb
2019-08-02 04:33:48,078 INFO  pipeline.PipelineStateManager (PipelineStateManager.java:addPipeline(56)) - Created pipeline Pipeline[ Id: 05346927-0243-4595-8a6c-a118c04d4945, Nodes: e984044d-f85a-4bee-aedf-bc9633eec2cb{ip: 192.168.157.195, host: byscane-nightly-xzrzg-2697134946, networkLocation: /default-rack, certSerialId: null}, Type:RATIS, Factor:ONE, State:OPEN]
2019-08-02 04:33:48,129 INFO  impl.RaftServerProxy (RaftServerProxy.java:addNew(89)) - 5144f4a4-9259-4118-a241-19d5ca06460f: addNew group-E2DF9713282C:[e984044d-f85a-4bee-aedf-bc9633eec2cb:192.168.157.195:42216, d3d6266b-e4ba-4296-9c21-6cc0c08ba586:192.168.157.195:44099, 5144f4a4-9259-4118-a241-19d5ca06460f:192.168.157.195:41319] returns group-E2DF9713282C:java.util.concurrent.CompletableFuture@47133267[Not completed]
2019-08-02 04:33:48,129 INFO  impl.RaftServerProxy (RaftServerProxy.java:addNew(89)) - e984044d-f85a-4bee-aedf-bc9633eec2cb: addNew group-E2DF9713282C:[e984044d-f85a-4bee-aedf-bc9633eec2cb:192.168.157.195:42216, d3d6266b-e4ba-4296-9c21-6cc0c08ba586:192.168.157.195:44099, 5144f4a4-9259-4118-a241-19d5ca06460f:192.168.157.195:41319] returns group-E2DF9713282C:java.util.concurrent.CompletableFuture@33882e1e[Not completed]
2019-08-02 04:33:48,129 INFO  impl.RaftServerProxy (RaftServerProxy.java:addNew(89)) - d3d6266b-e4ba-4296-9c21-6cc0c08ba586: addNew group-E2DF9713282C:[e984044d-f85a-4bee-aedf-bc9633eec2cb:192.168.157.195:42216, d3d6266b-e4ba-4296-9c21-6cc0c08ba586:192.168.157.195:44099, 5144f4a4-9259-4118-a241-19d5ca06460f:192.168.157.195:41319] returns group-E2DF9713282C:java.util.concurrent.CompletableFuture@2b7ad1c2[Not completed]
2019-08-02 04:33:48,130 INFO  impl.RaftServerImpl (RaftServerImpl.java:<init>(93)) - 5144f4a4-9259-4118-a241-19d5ca06460f: new RaftServerImpl for group-E2DF9713282C:[e984044d-f85a-4bee-aedf-bc9633eec2cb:192.168.157.195:42216, d3d6266b-e4ba-4296-9c21-6cc0c08ba586:192.168.157.195:44099, 5144f4a4-9259-4118-a241-19d5ca06460f:192.168.157.195:41319] with ContainerStateMachine:uninitialized
2019-08-02 04:33:48,130 INFO  server.RaftServerConfigKeys (ConfUtils.java:logGet(43)) - raft.server.rpc.timeout.min = 5s (custom)
2019-08-02 04:33:48,130 INFO  impl.RaftServerImpl (RaftServerImpl.java:<init>(93)) - e984044d-f85a-4bee-aedf-bc9633eec2cb: new RaftServerImpl for group-E2DF9713282C:[e984044d-f85a-4bee-aedf-bc9633eec2cb:192.168.157.195:42216, d3d6266b-e4ba-4296-9c21-6cc0c08ba586:192.168.157.195:44099, 5144f4a4-9259-4118-a241-19d5ca06460f:192.168.157.195:41319] with ContainerStateMachine:uninitialized
2019-08-02 04:33:48,130 INFO  server.RaftServerConfigKeys (ConfUtils.java:logGet(43)) - raft.server.rpc.timeout.max = 5200ms (custom)
2019-08-02 04:33:48,131 INFO  server.RaftServerConfigKeys (ConfUtils.java:logGet(43)) - raft.server.rpc.timeout.min = 5s (custom)
2019-08-02 04:33:48,131 INFO  impl.RaftServerImpl (RaftServerImpl.java:<init>(93)) - d3d6266b-e4ba-4296-9c21-6cc0c08ba586: new RaftServerImpl for group-E2DF9713282C:[e984044d-f85a-4bee-aedf-bc9633eec2cb:192.168.157.195:42216, d3d6266b-e4ba-4296-9c21-6cc0c08ba586:192.168.157.195:44099, 5144f4a4-9259-4118-a241-19d5ca06460f:192.168.157.195:41319] with ContainerStateMachine:uninitialized
2019-08-02 04:33:48,131 INFO  server.RaftServerConfigKeys (ConfUtils.java:logGet(43)) - raft.server.rpcslowness.timeout = 120s (custom)
2019-08-02 04:33:48,131 INFO  server.RaftServerConfigKeys (ConfUtils.java:logGet(43)) - raft.server.rpc.timeout.min = 5s (custom)
2019-08-02 04:33:48,131 INFO  server.RaftServerConfigKeys (ConfUtils.java:logGet(43)) - raft.server.rpc.timeout.max = 5200ms (custom)
2019-08-02 04:33:48,131 INFO  server.RaftServerConfigKeys (ConfUtils.java:logGet(43)) - raft.server.rpc.timeout.max = 5200ms (custom)
2019-08-02 04:33:48,131 INFO  server.RaftServerConfigKeys (ConfUtils.java:logGet(43)) - raft.server.sleep.deviation.threshold = 300 (default)
2019-08-02 04:33:48,132 INFO  server.RaftServerConfigKeys (ConfUtils.java:logGet(43)) - raft.server.rpcslowness.timeout = 120s (custom)
2019-08-02 04:33:48,132 INFO  server.RaftServerConfigKeys (ConfUtils.java:logGet(43)) - raft.server.rpcslowness.timeout = 120s (custom)
2019-08-02 04:33:48,132 INFO  server.RaftServerConfigKeys (ConfUtils.java:logGet(43)) - raft.server.sleep.deviation.threshold = 300 (default)
2019-08-02 04:33:48,132 INFO  server.RaftServerConfigKeys (ConfUtils.java:logGet(43)) - raft.server.log.appender.install.snapshot.enabled = false (custom)
2019-08-02 04:33:48,132 INFO  server.RaftServerConfigKeys (ConfUtils.java:logGet(43)) - raft.server.log.appender.install.snapshot.enabled = false (custom)
2019-08-02 04:33:48,132 INFO  server.RaftServerConfigKeys (ConfUtils.java:logGet(43)) - raft.server.sleep.deviation.threshold = 300 (default)
2019-08-02 04:33:48,133 INFO  impl.RaftServerImpl (ServerState.java:<init>(105)) - d3d6266b-e4ba-4296-9c21-6cc0c08ba586:group-E2DF9713282C ConfigurationManager, init=-1: [e984044d-f85a-4bee-aedf-bc9633eec2cb:192.168.157.195:42216, d3d6266b-e4ba-4296-9c21-6cc0c08ba586:192.168.157.195:44099, 5144f4a4-9259-4118-a241-19d5ca06460f:192.168.157.195:41319], old=null, confs=<EMPTY_MAP>
2019-08-02 04:33:48,133 INFO  impl.RaftServerImpl (ServerState.java:<init>(105)) - 5144f4a4-9259-4118-a241-19d5ca06460f:group-E2DF9713282C ConfigurationManager, init=-1: [e984044d-f85a-4bee-aedf-bc9633eec2cb:192.168.157.195:42216, d3d6266b-e4ba-4296-9c21-6cc0c08ba586:192.168.157.195:44099, 5144f4a4-9259-4118-a241-19d5ca06460f:192.168.157.195:41319], old=null, confs=<EMPTY_MAP>
2019-08-02 04:33:48,133 INFO  server.RaftServerConfigKeys (ConfUtils.java:logGet(43)) - raft.server.storage.dir = [/workdir/hadoop-ozone/integration-test/target/test-dir/MiniOzoneClusterImpl-2f6342cd-94eb-4ccf-897b-8b7dca55c299/datanode-1/data/ratis] (custom)
2019-08-02 04:33:48,133 INFO  server.RaftServerConfigKeys (ConfUtils.java:logGet(43)) - raft.server.log.appender.install.snapshot.enabled = false (custom)
2019-08-02 04:33:48,133 INFO  server.RaftServerConfigKeys (ConfUtils.java:logGet(43)) - raft.server.storage.dir = [/workdir/hadoop-ozone/integration-test/target/test-dir/MiniOzoneClusterImpl-2f6342cd-94eb-4ccf-897b-8b7dca55c299/datanode-0/data/ratis] (custom)
2019-08-02 04:33:48,134 INFO  impl.RaftServerImpl (ServerState.java:<init>(105)) - e984044d-f85a-4bee-aedf-bc9633eec2cb:group-E2DF9713282C ConfigurationManager, init=-1: [e984044d-f85a-4bee-aedf-bc9633eec2cb:192.168.157.195:42216, d3d6266b-e4ba-4296-9c21-6cc0c08ba586:192.168.157.195:44099, 5144f4a4-9259-4118-a241-19d5ca06460f:192.168.157.195:41319], old=null, confs=<EMPTY_MAP>
2019-08-02 04:33:48,134 INFO  storage.RaftStorageDirectory (RaftStorageDirectory.java:analyzeStorage(246)) - The storage directory /workdir/hadoop-ozone/integration-test/target/test-dir/MiniOzoneClusterImpl-2f6342cd-94eb-4ccf-897b-8b7dca55c299/datanode-1/data/ratis/d4bb99ae-2743-4c6b-9190-e2df9713282c does not exist. Creating ...
2019-08-02 04:33:48,134 INFO  storage.RaftStorageDirectory (RaftStorageDirectory.java:analyzeStorage(246)) - The storage directory /workdir/hadoop-ozone/integration-test/target/test-dir/MiniOzoneClusterImpl-2f6342cd-94eb-4ccf-897b-8b7dca55c299/datanode-0/data/ratis/d4bb99ae-2743-4c6b-9190-e2df9713282c does not exist. Creating ...
2019-08-02 04:33:48,134 INFO  server.RaftServerConfigKeys (ConfUtils.java:logGet(43)) - raft.server.storage.dir = [/workdir/hadoop-ozone/integration-test/target/test-dir/MiniOzoneClusterImpl-2f6342cd-94eb-4ccf-897b-8b7dca55c299/datanode-2/data/ratis] (custom)
2019-08-02 04:33:48,135 INFO  storage.RaftStorageDirectory (RaftStorageDirectory.java:analyzeStorage(246)) - The storage directory /workdir/hadoop-ozone/integration-test/target/test-dir/MiniOzoneClusterImpl-2f6342cd-94eb-4ccf-897b-8b7dca55c299/datanode-2/data/ratis/d4bb99ae-2743-4c6b-9190-e2df9713282c does not exist. Creating ...
2019-08-02 04:33:48,148 INFO  storage.RaftStorageDirectory (RaftStorageDirectory.java:tryLock(328)) - Lock on /workdir/hadoop-ozone/integration-test/target/test-dir/MiniOzoneClusterImpl-2f6342cd-94eb-4ccf-897b-8b7dca55c299/datanode-1/data/ratis/d4bb99ae-2743-4c6b-9190-e2df9713282c/in_use.lock acquired by nodename 20279@byscane-nightly-xzrzg-2697134946
2019-08-02 04:33:48,148 INFO  storage.RaftStorageDirectory (RaftStorageDirectory.java:tryLock(328)) - Lock on /workdir/hadoop-ozone/integration-test/target/test-dir/MiniOzoneClusterImpl-2f6342cd-94eb-4ccf-897b-8b7dca55c299/datanode-2/data/ratis/d4bb99ae-2743-4c6b-9190-e2df9713282c/in_use.lock acquired by nodename 20279@byscane-nightly-xzrzg-2697134946
2019-08-02 04:33:48,148 INFO  storage.RaftStorageDirectory (RaftStorageDirectory.java:tryLock(328)) - Lock on /workdir/hadoop-ozone/integration-test/target/test-dir/MiniOzoneClusterImpl-2f6342cd-94eb-4ccf-897b-8b7dca55c299/datanode-0/data/ratis/d4bb99ae-2743-4c6b-9190-e2df9713282c/in_use.lock acquired by nodename 20279@byscane-nightly-xzrzg-2697134946
2019-08-02 04:33:48,161 INFO  storage.RaftStorage (RaftStorage.java:format(72)) - Storage directory /workdir/hadoop-ozone/integration-test/target/test-dir/MiniOzoneClusterImpl-2f6342cd-94eb-4ccf-897b-8b7dca55c299/datanode-2/data/ratis/d4bb99ae-2743-4c6b-9190-e2df9713282c has been successfully formatted.
2019-08-02 04:33:48,161 INFO  storage.RaftStorage (RaftStorage.java:format(72)) - Storage directory /workdir/hadoop-ozone/integration-test/target/test-dir/MiniOzoneClusterImpl-2f6342cd-94eb-4ccf-897b-8b7dca55c299/datanode-1/data/ratis/d4bb99ae-2743-4c6b-9190-e2df9713282c has been successfully formatted.
2019-08-02 04:33:48,161 INFO  storage.RaftStorage (RaftStorage.java:format(72)) - Storage directory /workdir/hadoop-ozone/integration-test/target/test-dir/MiniOzoneClusterImpl-2f6342cd-94eb-4ccf-897b-8b7dca55c299/datanode-0/data/ratis/d4bb99ae-2743-4c6b-9190-e2df9713282c has been successfully formatted.
2019-08-02 04:33:48,162 INFO  ratis.ContainerStateMachine (ContainerStateMachine.java:loadSnapshot(213)) - group-E2DF9713282C: The snapshot info is null. Setting the last applied indexto:(t:0, i:~)
2019-08-02 04:33:48,162 INFO  ratis.ContainerStateMachine (ContainerStateMachine.java:loadSnapshot(213)) - group-E2DF9713282C: The snapshot info is null. Setting the last applied indexto:(t:0, i:~)
2019-08-02 04:33:48,162 INFO  server.RaftServerConfigKeys (ConfUtils.java:logGet(43)) - raft.server.leader.election.timeout = 120s (custom)
2019-08-02 04:33:48,162 INFO  ratis.ContainerStateMachine (ContainerStateMachine.java:loadSnapshot(213)) - group-E2DF9713282C: The snapshot info is null. Setting the last applied indexto:(t:0, i:~)
2019-08-02 04:33:48,163 INFO  server.RaftServerConfigKeys (ConfUtils.java:logGet(43)) - raft.server.log.use.memory = false (default)
2019-08-02 04:33:48,162 INFO  server.RaftServerConfigKeys (ConfUtils.java:logGet(43)) - raft.server.leader.election.timeout = 120s (custom)
2019-08-02 04:33:48,163 INFO  server.RaftServerConfigKeys (ConfUtils.java:logGet(43)) - raft.server.log.purge.gap = 1000000000 (custom)
2019-08-02 04:33:48,163 INFO  server.RaftServerConfigKeys (ConfUtils.java:logGet(43)) - raft.server.leader.election.timeout = 120s (custom)
2019-08-02 04:33:48,163 INFO  server.RaftServerConfigKeys (ConfUtils.java:logGet(43)) - raft.server.log.appender.buffer.byte-limit = 33554432 (custom)
2019-08-02 04:33:48,163 INFO  server.RaftServerConfigKeys (ConfUtils.java:logGet(43)) - raft.server.log.use.memory = false (default)
2019-08-02 04:33:48,164 INFO  server.RaftServerConfigKeys (ConfUtils.java:logGet(43)) - raft.server.log.segment.size.max = 1048576 (custom)
2019-08-02 04:33:48,163 INFO  server.RaftServerConfigKeys (ConfUtils.java:logGet(43)) - raft.server.log.use.memory = false (default)
2019-08-02 04:33:48,164 INFO  server.RaftServerConfigKeys (ConfUtils.java:logGet(43)) - raft.server.log.segment.cache.num.max = 2 (custom)
2019-08-02 04:33:48,164 INFO  server.RaftServerConfigKeys (ConfUtils.java:logGet(43)) - raft.server.log.purge.gap = 1000000000 (custom)
2019-08-02 04:33:48,164 INFO  segmented.SegmentedRaftLogWorker (SegmentedRaftLogWorker.java:<init>(172)) - new d3d6266b-e4ba-4296-9c21-6cc0c08ba586-SegmentedRaftLogWorker:Storage Directory /workdir/hadoop-ozone/integration-test/target/test-dir/MiniOzoneClusterImpl-2f6342cd-94eb-4ccf-897b-8b7dca55c299/datanode-1/data/ratis/d4bb99ae-2743-4c6b-9190-e2df9713282c for RaftStorage:Storage Directory /workdir/hadoop-ozone/integration-test/target/test-dir/MiniOzoneClusterImpl-2f6342cd-94eb-4ccf-897b-8b7dca55c299/datanode-1/data/ratis/d4bb99ae-2743-4c6b-9190-e2df9713282c
2019-08-02 04:33:48,164 INFO  server.RaftServerConfigKeys (ConfUtils.java:logGet(43)) - raft.server.log.purge.gap = 1000000000 (custom)
2019-08-02 04:33:48,165 INFO  server.RaftServerConfigKeys (ConfUtils.java:logGet(43)) - raft.server.log.queue.byte-limit = 2147483647 (custom)
2019-08-02 04:33:48,165 INFO  server.RaftServerConfigKeys (ConfUtils.java:logGet(43)) - raft.server.log.appender.buffer.byte-limit = 33554432 (custom)
2019-08-02 04:33:48,167 INFO  server.RaftServerConfigKeys (ConfUtils.java:logGet(43)) - raft.server.log.queue.element-limit = 1024 (custom)
2019-08-02 04:33:48,165 INFO  server.RaftServerConfigKeys (ConfUtils.java:logGet(43)) - raft.server.log.appender.buffer.byte-limit = 33554432 (custom)
2019-08-02 04:33:48,168 INFO  server.RaftServerConfigKeys (ConfUtils.java:logGet(43)) - raft.server.log.segment.size.max = 1048576 (custom)
2019-08-02 04:33:48,167 INFO  server.RaftServerConfigKeys (ConfUtils.java:logGet(43)) - raft.server.log.segment.size.max = 1048576 (custom)
2019-08-02 04:33:48,168 INFO  server.RaftServerConfigKeys (ConfUtils.java:logGet(43)) - raft.server.log.preallocated.size = 16384 (custom)
2019-08-02 04:33:48,168 INFO  server.RaftServerConfigKeys (ConfUtils.java:logGet(43)) - raft.server.log.segment.size.max = 1048576 (custom)
2019-08-02 04:33:48,168 INFO  server.RaftServerConfigKeys (ConfUtils.java:logGet(43)) - raft.server.log.write.buffer.size = 33554432 (custom)
2019-08-02 04:33:48,168 INFO  server.RaftServerConfigKeys (ConfUtils.java:logGet(43)) - raft.server.log.segment.cache.num.max = 2 (custom)
2019-08-02 04:33:48,169 INFO  server.RaftServerConfigKeys (ConfUtils.java:logGet(43)) - raft.server.log.force.sync.num = 128 (default)
2019-08-02 04:33:48,169 INFO  server.RaftServerConfigKeys (ConfUtils.java:logGet(43)) - raft.server.log.segment.cache.num.max = 2 (custom)
2019-08-02 04:33:48,169 INFO  server.RaftServerConfigKeys (ConfUtils.java:logGet(43)) - raft.server.log.statemachine.data.sync = true (default)
2019-08-02 04:33:48,169 INFO  segmented.SegmentedRaftLogWorker (SegmentedRaftLogWorker.java:<init>(172)) - new e984044d-f85a-4bee-aedf-bc9633eec2cb-SegmentedRaftLogWorker:Storage Directory /workdir/hadoop-ozone/integration-test/target/test-dir/MiniOzoneClusterImpl-2f6342cd-94eb-4ccf-897b-8b7dca55c299/datanode-2/data/ratis/d4bb99ae-2743-4c6b-9190-e2df9713282c for RaftStorage:Storage Directory /workdir/hadoop-ozone/integration-test/target/test-dir/MiniOzoneClusterImpl-2f6342cd-94eb-4ccf-897b-8b7dca55c299/datanode-2/data/ratis/d4bb99ae-2743-4c6b-9190-e2df9713282c
2019-08-02 04:33:48,169 INFO  server.RaftServerConfigKeys (ConfUtils.java:logGet(43)) - raft.server.log.statemachine.data.sync.timeout = 10s (default)
2019-08-02 04:33:48,169 INFO  segmented.SegmentedRaftLogWorker (SegmentedRaftLogWorker.java:<init>(172)) - new 5144f4a4-9259-4118-a241-19d5ca06460f-SegmentedRaftLogWorker:Storage Directory /workdir/hadoop-ozone/integration-test/target/test-dir/MiniOzoneClusterImpl-2f6342cd-94eb-4ccf-897b-8b7dca55c299/datanode-0/data/ratis/d4bb99ae-2743-4c6b-9190-e2df9713282c for RaftStorage:Storage Directory /workdir/hadoop-ozone/integration-test/target/test-dir/MiniOzoneClusterImpl-2f6342cd-94eb-4ccf-897b-8b7dca55c299/datanode-0/data/ratis/d4bb99ae-2743-4c6b-9190-e2df9713282c
2019-08-02 04:33:48,170 INFO  server.RaftServerConfigKeys (ConfUtils.java:logGet(43)) - raft.server.log.statemachine.data.sync.timeout.retry = -1 (default)
2019-08-02 04:33:48,170 INFO  server.RaftServerConfigKeys (ConfUtils.java:logGet(43)) - raft.server.log.queue.byte-limit = 2147483647 (custom)
2019-08-02 04:33:48,181 INFO  server.RaftServerConfigKeys (ConfUtils.java:logGet(43)) - raft.server.log.statemachine.data.caching.enabled = true (custom)
2019-08-02 04:33:48,172 INFO  server.RaftServerConfigKeys (ConfUtils.java:logGet(43)) - raft.server.log.queue.byte-limit = 2147483647 (custom)
2019-08-02 04:33:48,184 INFO  segmented.SegmentedRaftLogWorker (SegmentedRaftLogWorker.java:lambda$new$0(132)) - d3d6266b-e4ba-4296-9c21-6cc0c08ba586-SegmentedRaftLogWorker:Storage Directory /workdir/hadoop-ozone/integration-test/target/test-dir/MiniOzoneClusterImpl-2f6342cd-94eb-4ccf-897b-8b7dca55c299/datanode-1/data/ratis/d4bb99ae-2743-4c6b-9190-e2df9713282c: flushIndex: setUnconditionally 0 -> -1
2019-08-02 04:33:48,181 INFO  server.RaftServerConfigKeys (ConfUtils.java:logGet(43)) - raft.server.log.queue.element-limit = 1024 (custom)
2019-08-02 04:33:48,184 INFO  server.RaftServerConfigKeys (ConfUtils.java:logGet(43)) - raft.server.log.queue.element-limit = 1024 (custom)
2019-08-02 04:33:48,184 INFO  server.RaftServerConfigKeys (ConfUtils.java:logGet(43)) - raft.server.log.segment.size.max = 1048576 (custom)
2019-08-02 04:33:48,184 INFO  server.RaftServerConfigKeys (ConfUtils.java:logGet(43)) - raft.server.snapshot.auto.trigger.enabled = true (custom)
2019-08-02 04:33:48,184 INFO  server.RaftServerConfigKeys (ConfUtils.java:logGet(43)) - raft.server.log.preallocated.size = 16384 (custom)
2019-08-02 04:33:48,184 INFO  server.RaftServerConfigKeys (ConfUtils.java:logGet(43)) - raft.server.log.segment.size.max = 1048576 (custom)
2019-08-02 04:33:48,185 INFO  server.RaftServerConfigKeys (ConfUtils.java:logGet(43)) - raft.server.log.write.buffer.size = 33554432 (custom)
2019-08-02 04:33:48,185 INFO  server.RaftServerConfigKeys (ConfUtils.java:logGet(43)) - raft.server.snapshot.auto.trigger.threshold = 10000 (custom)
2019-08-02 04:33:48,185 INFO  server.RaftServerConfigKeys (ConfUtils.java:logGet(43)) - raft.server.log.force.sync.num = 128 (default)
2019-08-02 04:33:48,185 INFO  server.RaftServerConfigKeys (ConfUtils.java:logGet(43)) - raft.server.log.preallocated.size = 16384 (custom)
2019-08-02 04:33:48,186 INFO  server.RaftServerConfigKeys (ConfUtils.java:logGet(43)) - raft.server.log.statemachine.data.sync = true (default)
2019-08-02 04:33:48,185 INFO  server.RaftServerConfigKeys (ConfUtils.java:logGet(43)) - raft.server.retrycache.expirytime = 600000ms (custom)
2019-08-02 04:33:48,186 INFO  server.RaftServerConfigKeys (ConfUtils.java:logGet(43)) - raft.server.log.statemachine.data.sync.timeout = 10s (default)
2019-08-02 04:33:48,186 INFO  server.RaftServerConfigKeys (ConfUtils.java:logGet(43)) - raft.server.log.write.buffer.size = 33554432 (custom)
2019-08-02 04:33:48,186 INFO  server.RaftServerConfigKeys (ConfUtils.java:logGet(43)) - raft.server.log.statemachine.data.sync.timeout.retry = -1 (default)
2019-08-02 04:33:48,186 INFO  impl.RaftServerImpl (RaftServerImpl.java:start(180)) - d3d6266b-e4ba-4296-9c21-6cc0c08ba586: start group-E2DF9713282C
2019-08-02 04:33:48,187 INFO  server.RaftServerConfigKeys (ConfUtils.java:logGet(43)) - raft.server.log.statemachine.data.caching.enabled = true (custom)
2019-08-02 04:33:48,187 INFO  server.RaftServerConfigKeys (ConfUtils.java:logGet(43)) - raft.server.log.force.sync.num = 128 (default)
2019-08-02 04:33:48,187 INFO  impl.RaftServerImpl (RaftServerImpl.java:setRole(171)) - d3d6266b-e4ba-4296-9c21-6cc0c08ba586:group-E2DF9713282C changes role from null to FOLLOWER at term 0 for startAsFollower
2019-08-02 04:33:48,187 INFO  segmented.SegmentedRaftLogWorker (SegmentedRaftLogWorker.java:lambda$new$0(132)) - e984044d-f85a-4bee-aedf-bc9633eec2cb-SegmentedRaftLogWorker:Storage Directory /workdir/hadoop-ozone/integration-test/target/test-dir/MiniOzoneClusterImpl-2f6342cd-94eb-4ccf-897b-8b7dca55c299/datanode-2/data/ratis/d4bb99ae-2743-4c6b-9190-e2df9713282c: flushIndex: setUnconditionally 0 -> -1
2019-08-02 04:33:48,187 INFO  server.RaftServerConfigKeys (ConfUtils.java:logGet(43)) - raft.server.log.statemachine.data.sync = true (default)
2019-08-02 04:33:48,187 INFO  impl.RoleInfo (RoleInfo.java:updateAndGet(143)) - d3d6266b-e4ba-4296-9c21-6cc0c08ba586: start FollowerState
2019-08-02 04:33:48,188 INFO  server.RaftServerConfigKeys (ConfUtils.java:logGet(43)) - raft.server.log.statemachine.data.sync.timeout = 10s (default)
2019-08-02 04:33:48,188 INFO  server.RaftServerConfigKeys (ConfUtils.java:logGet(43)) - raft.server.snapshot.auto.trigger.enabled = true (custom)
2019-08-02 04:33:48,188 INFO  util.JmxRegister (JmxRegister.java:tryRegister(44)) - Successfully registered JMX Bean with object name Ratis:service=RaftServer,group=group-E2DF9713282C,id=d3d6266b-e4ba-4296-9c21-6cc0c08ba586
2019-08-02 04:33:48,188 INFO  server.RaftServerConfigKeys (ConfUtils.java:logGet(43)) - raft.server.log.statemachine.data.sync.timeout.retry = -1 (default)
2019-08-02 04:33:48,188 INFO  server.RaftServerConfigKeys (ConfUtils.java:logGet(43)) - raft.server.snapshot.auto.trigger.threshold = 10000 (custom)
2019-08-02 04:33:48,189 INFO  server.RaftServerConfigKeys (ConfUtils.java:logGet(43)) - raft.server.log.statemachine.data.caching.enabled = true (custom)
2019-08-02 04:33:48,189 INFO  server.RaftServerConfigKeys (ConfUtils.java:logGet(43)) - raft.server.retrycache.expirytime = 600000ms (custom)
2019-08-02 04:33:48,189 INFO  segmented.SegmentedRaftLogWorker (SegmentedRaftLogWorker.java:lambda$new$0(132)) - 5144f4a4-9259-4118-a241-19d5ca06460f-SegmentedRaftLogWorker:Storage Directory /workdir/hadoop-ozone/integration-test/target/test-dir/MiniOzoneClusterImpl-2f6342cd-94eb-4ccf-897b-8b7dca55c299/datanode-0/data/ratis/d4bb99ae-2743-4c6b-9190-e2df9713282c: flushIndex: setUnconditionally 0 -> -1
2019-08-02 04:33:48,189 INFO  impl.RaftServerImpl (RaftServerImpl.java:start(180)) - e984044d-f85a-4bee-aedf-bc9633eec2cb: start group-E2DF9713282C
2019-08-02 04:33:48,190 INFO  impl.RaftServerImpl (RaftServerImpl.java:setRole(171)) - e984044d-f85a-4bee-aedf-bc9633eec2cb:group-E2DF9713282C changes role from null to FOLLOWER at term 0 for startAsFollower
2019-08-02 04:33:48,190 INFO  server.RaftServerConfigKeys (ConfUtils.java:logGet(43)) - raft.server.snapshot.auto.trigger.enabled = true (custom)
2019-08-02 04:33:48,190 INFO  impl.RoleInfo (RoleInfo.java:updateAndGet(143)) - e984044d-f85a-4bee-aedf-bc9633eec2cb: start FollowerState
2019-08-02 04:33:48,190 INFO  server.RaftServerConfigKeys (ConfUtils.java:logGet(43)) - raft.server.snapshot.auto.trigger.threshold = 10000 (custom)
2019-08-02 04:33:48,190 INFO  server.RaftServerConfigKeys (ConfUtils.java:logGet(43)) - raft.server.retrycache.expirytime = 600000ms (custom)
2019-08-02 04:33:48,190 INFO  util.JmxRegister (JmxRegister.java:tryRegister(44)) - Successfully registered JMX Bean with object name Ratis:service=RaftServer,group=group-E2DF9713282C,id=e984044d-f85a-4bee-aedf-bc9633eec2cb
2019-08-02 04:33:48,193 INFO  impl.RaftServerImpl (RaftServerImpl.java:start(180)) - 5144f4a4-9259-4118-a241-19d5ca06460f: start group-E2DF9713282C
2019-08-02 04:33:48,193 INFO  impl.RaftServerImpl (RaftServerImpl.java:setRole(171)) - 5144f4a4-9259-4118-a241-19d5ca06460f:group-E2DF9713282C changes role from null to FOLLOWER at term 0 for startAsFollower
2019-08-02 04:33:48,193 INFO  impl.RoleInfo (RoleInfo.java:updateAndGet(143)) - 5144f4a4-9259-4118-a241-19d5ca06460f: start FollowerState
2019-08-02 04:33:48,195 INFO  util.JmxRegister (JmxRegister.java:tryRegister(44)) - Successfully registered JMX Bean with object name Ratis:service=RaftServer,group=group-E2DF9713282C,id=5144f4a4-9259-4118-a241-19d5ca06460f
2019-08-02 04:33:48,215 INFO  pipeline.PipelineStateManager (PipelineStateManager.java:addPipeline(56)) - Created pipeline Pipeline[ Id: d4bb99ae-2743-4c6b-9190-e2df9713282c, Nodes: e984044d-f85a-4bee-aedf-bc9633eec2cb{ip: 192.168.157.195, host: byscane-nightly-xzrzg-2697134946, networkLocation: /default-rack, certSerialId: null}5144f4a4-9259-4118-a241-19d5ca06460f{ip: 192.168.157.195, host: byscane-nightly-xzrzg-2697134946, networkLocation: /default-rack, certSerialId: null}d3d6266b-e4ba-4296-9c21-6cc0c08ba586{ip: 192.168.157.195, host: byscane-nightly-xzrzg-2697134946, networkLocation: /default-rack, certSerialId: null}, Type:RATIS, Factor:THREE, State:OPEN]
2019-08-02 04:33:48,983 INFO  ozone.MiniOzoneClusterImpl (MiniOzoneClusterImpl.java:lambda$waitForClusterToBeReady$0(142)) - Cluster is ready. Got 3 of 3 DN Heartbeats.
2019-08-02 04:33:50,655 INFO  container.ReplicationManager (ReplicationManager.java:start(155)) - Starting Replication Monitor Thread.
2019-08-02 04:33:50,662 INFO  container.ReplicationManager (ReplicationManager.java:run(207)) - Replication Monitor Thread took 0 milliseconds for processing 0 containers.
2019-08-02 04:33:52,770 INFO  impl.FollowerState (FollowerState.java:run(106)) - 5144f4a4-9259-4118-a241-19d5ca06460f:group-BC62337C1682 changes to CANDIDATE, lastRpcTime:5053, electionTimeout:5053ms
2019-08-02 04:33:52,770 INFO  impl.RoleInfo (RoleInfo.java:shutdownFollowerState(121)) - 5144f4a4-9259-4118-a241-19d5ca06460f: shutdown FollowerState
2019-08-02 04:33:52,771 INFO  impl.RaftServerImpl (RaftServerImpl.java:setRole(171)) - 5144f4a4-9259-4118-a241-19d5ca06460f:group-BC62337C1682 changes role from FOLLOWER to CANDIDATE at term 0 for changeToCandidate
2019-08-02 04:33:52,771 INFO  impl.RoleInfo (RoleInfo.java:updateAndGet(143)) - 5144f4a4-9259-4118-a241-19d5ca06460f: start LeaderElection
2019-08-02 04:33:52,795 INFO  impl.LeaderElection (LeaderElection.java:askForVotes(181)) - 5144f4a4-9259-4118-a241-19d5ca06460f:group-BC62337C1682:LeaderElection8: begin an election at term 1 for -1: [5144f4a4-9259-4118-a241-19d5ca06460f:192.168.157.195:41319], old=null
2019-08-02 04:33:52,795 INFO  impl.RoleInfo (RoleInfo.java:shutdownLeaderElection(134)) - 5144f4a4-9259-4118-a241-19d5ca06460f: shutdown LeaderElection
2019-08-02 04:33:52,795 INFO  impl.RaftServerImpl (RaftServerImpl.java:setRole(171)) - 5144f4a4-9259-4118-a241-19d5ca06460f:group-BC62337C1682 changes role from CANDIDATE to LEADER at term 1 for changeToLeader
2019-08-02 04:33:52,795 INFO  impl.RaftServerImpl (ServerState.java:setLeader(263)) - 5144f4a4-9259-4118-a241-19d5ca06460f:group-BC62337C1682 change Leader from null to 5144f4a4-9259-4118-a241-19d5ca06460f at term 1 for becomeLeader, leader elected after 5083ms
2019-08-02 04:33:52,798 INFO  server.RaftServerConfigKeys (ConfUtils.java:logGet(43)) - raft.server.staging.catchup.gap = 1000 (default)
2019-08-02 04:33:52,798 INFO  server.RaftServerConfigKeys (ConfUtils.java:logGet(43)) - raft.server.rpc.sleep.time = 25ms (default)
2019-08-02 04:33:52,798 INFO  server.RaftServerConfigKeys (ConfUtils.java:logGet(43)) - raft.server.write.element-limit = 4096 (default)
2019-08-02 04:33:52,799 INFO  server.RaftServerConfigKeys (ConfUtils.java:logGet(43)) - raft.server.watch.timeout = 10s (default)
2019-08-02 04:33:52,799 INFO  server.RaftServerConfigKeys (ConfUtils.java:logGet(43)) - raft.server.watch.timeout.denomination = 1s (default)
2019-08-02 04:33:52,799 INFO  server.RaftServerConfigKeys (ConfUtils.java:logGet(43)) - raft.server.watch.element-limit = 65536 (default)
2019-08-02 04:33:52,799 INFO  impl.RoleInfo (RoleInfo.java:updateAndGet(143)) - 5144f4a4-9259-4118-a241-19d5ca06460f: start LeaderState
2019-08-02 04:33:52,800 INFO  segmented.SegmentedRaftLogWorker (SegmentedRaftLogWorker.java:startLogSegment(380)) - 5144f4a4-9259-4118-a241-19d5ca06460f-SegmentedRaftLogWorker:Storage Directory /workdir/hadoop-ozone/integration-test/target/test-dir/MiniOzoneClusterImpl-2f6342cd-94eb-4ccf-897b-8b7dca55c299/datanode-0/data/ratis/9ceeedd6-6cb0-44bf-9be3-bc62337c1682: Starting segment from index:0
2019-08-02 04:33:52,800 INFO  impl.RaftServerImpl (ServerState.java:setRaftConf(361)) - 5144f4a4-9259-4118-a241-19d5ca06460f:group-BC62337C1682 set configuration 0: [5144f4a4-9259-4118-a241-19d5ca06460f:192.168.157.195:41319], old=null at 0
2019-08-02 04:33:52,845 INFO  segmented.SegmentedRaftLogWorker (SegmentedRaftLogWorker.java:execute(569)) - 5144f4a4-9259-4118-a241-19d5ca06460f-SegmentedRaftLogWorker:Storage Directory /workdir/hadoop-ozone/integration-test/target/test-dir/MiniOzoneClusterImpl-2f6342cd-94eb-4ccf-897b-8b7dca55c299/datanode-0/data/ratis/9ceeedd6-6cb0-44bf-9be3-bc62337c1682: created new log segment /workdir/hadoop-ozone/integration-test/target/test-dir/MiniOzoneClusterImpl-2f6342cd-94eb-4ccf-897b-8b7dca55c299/datanode-0/data/ratis/9ceeedd6-6cb0-44bf-9be3-bc62337c1682/current/log_inprogress_0
2019-08-02 04:33:52,931 INFO  impl.FollowerState (FollowerState.java:run(106)) - d3d6266b-e4ba-4296-9c21-6cc0c08ba586:group-4D37AC0AFB49 changes to CANDIDATE, lastRpcTime:5057, electionTimeout:5057ms
2019-08-02 04:33:52,931 INFO  impl.RoleInfo (RoleInfo.java:shutdownFollowerState(121)) - d3d6266b-e4ba-4296-9c21-6cc0c08ba586: shutdown FollowerState
2019-08-02 04:33:52,931 INFO  impl.RaftServerImpl (RaftServerImpl.java:setRole(171)) - d3d6266b-e4ba-4296-9c21-6cc0c08ba586:group-4D37AC0AFB49 changes role from FOLLOWER to CANDIDATE at term 0 for changeToCandidate
2019-08-02 04:33:52,932 INFO  impl.RoleInfo (RoleInfo.java:updateAndGet(143)) - d3d6266b-e4ba-4296-9c21-6cc0c08ba586: start LeaderElection
2019-08-02 04:33:52,953 INFO  impl.LeaderElection (LeaderElection.java:askForVotes(181)) - d3d6266b-e4ba-4296-9c21-6cc0c08ba586:group-4D37AC0AFB49:LeaderElection9: begin an election at term 1 for -1: [d3d6266b-e4ba-4296-9c21-6cc0c08ba586:192.168.157.195:44099], old=null
2019-08-02 04:33:52,955 INFO  impl.RoleInfo (RoleInfo.java:shutdownLeaderElection(134)) - d3d6266b-e4ba-4296-9c21-6cc0c08ba586: shutdown LeaderElection
2019-08-02 04:33:52,955 INFO  impl.RaftServerImpl (RaftServerImpl.java:setRole(171)) - d3d6266b-e4ba-4296-9c21-6cc0c08ba586:group-4D37AC0AFB49 changes role from CANDIDATE to LEADER at term 1 for changeToLeader
2019-08-02 04:33:52,955 INFO  impl.RaftServerImpl (ServerState.java:setLeader(263)) - d3d6266b-e4ba-4296-9c21-6cc0c08ba586:group-4D37AC0AFB49 change Leader from null to d3d6266b-e4ba-4296-9c21-6cc0c08ba586 at term 1 for becomeLeader, leader elected after 5086ms
2019-08-02 04:33:52,958 INFO  server.RaftServerConfigKeys (ConfUtils.java:logGet(43)) - raft.server.staging.catchup.gap = 1000 (default)
2019-08-02 04:33:52,958 INFO  server.RaftServerConfigKeys (ConfUtils.java:logGet(43)) - raft.server.rpc.sleep.time = 25ms (default)
2019-08-02 04:33:52,959 INFO  server.RaftServerConfigKeys (ConfUtils.java:logGet(43)) - raft.server.write.element-limit = 4096 (default)
2019-08-02 04:33:52,959 INFO  server.RaftServerConfigKeys (ConfUtils.java:logGet(43)) - raft.server.watch.timeout = 10s (default)
2019-08-02 04:33:52,959 INFO  server.RaftServerConfigKeys (ConfUtils.java:logGet(43)) - raft.server.watch.timeout.denomination = 1s (default)
2019-08-02 04:33:52,959 INFO  server.RaftServerConfigKeys (ConfUtils.java:logGet(43)) - raft.server.watch.element-limit = 65536 (default)
2019-08-02 04:33:52,959 INFO  impl.RoleInfo (RoleInfo.java:updateAndGet(143)) - d3d6266b-e4ba-4296-9c21-6cc0c08ba586: start LeaderState
2019-08-02 04:33:52,960 INFO  segmented.SegmentedRaftLogWorker (SegmentedRaftLogWorker.java:startLogSegment(380)) - d3d6266b-e4ba-4296-9c21-6cc0c08ba586-SegmentedRaftLogWorker:Storage Directory /workdir/hadoop-ozone/integration-test/target/test-dir/MiniOzoneClusterImpl-2f6342cd-94eb-4ccf-897b-8b7dca55c299/datanode-1/data/ratis/b73dc379-8226-4c05-ade4-4d37ac0afb49: Starting segment from index:0
2019-08-02 04:33:52,960 INFO  impl.RaftServerImpl (ServerState.java:setRaftConf(361)) - d3d6266b-e4ba-4296-9c21-6cc0c08ba586:group-4D37AC0AFB49 set configuration 0: [d3d6266b-e4ba-4296-9c21-6cc0c08ba586:192.168.157.195:44099], old=null at 0
2019-08-02 04:33:52,993 INFO  segmented.SegmentedRaftLogWorker (SegmentedRaftLogWorker.java:execute(569)) - d3d6266b-e4ba-4296-9c21-6cc0c08ba586-SegmentedRaftLogWorker:Storage Directory /workdir/hadoop-ozone/integration-test/target/test-dir/MiniOzoneClusterImpl-2f6342cd-94eb-4ccf-897b-8b7dca55c299/datanode-1/data/ratis/b73dc379-8226-4c05-ade4-4d37ac0afb49: created new log segment /workdir/hadoop-ozone/integration-test/target/test-dir/MiniOzoneClusterImpl-2f6342cd-94eb-4ccf-897b-8b7dca55c299/datanode-1/data/ratis/b73dc379-8226-4c05-ade4-4d37ac0afb49/current/log_inprogress_0
2019-08-02 04:33:53,249 INFO  impl.FollowerState (FollowerState.java:run(106)) - e984044d-f85a-4bee-aedf-bc9633eec2cb:group-A118C04D4945 changes to CANDIDATE, lastRpcTime:5184, electionTimeout:5184ms
2019-08-02 04:33:53,249 INFO  impl.RoleInfo (RoleInfo.java:shutdownFollowerState(121)) - e984044d-f85a-4bee-aedf-bc9633eec2cb: shutdown FollowerState
2019-08-02 04:33:53,249 INFO  impl.RaftServerImpl (RaftServerImpl.java:setRole(171)) - e984044d-f85a-4bee-aedf-bc9633eec2cb:group-A118C04D4945 changes role from FOLLOWER to CANDIDATE at term 0 for changeToCandidate
2019-08-02 04:33:53,249 INFO  impl.RoleInfo (RoleInfo.java:updateAndGet(143)) - e984044d-f85a-4bee-aedf-bc9633eec2cb: start LeaderElection
2019-08-02 04:33:53,279 INFO  impl.LeaderElection (LeaderElection.java:askForVotes(181)) - e984044d-f85a-4bee-aedf-bc9633eec2cb:group-A118C04D4945:LeaderElection10: begin an election at term 1 for -1: [e984044d-f85a-4bee-aedf-bc9633eec2cb:192.168.157.195:42216], old=null
2019-08-02 04:33:53,281 INFO  impl.RoleInfo (RoleInfo.java:shutdownLeaderElection(134)) - e984044d-f85a-4bee-aedf-bc9633eec2cb: shutdown LeaderElection
2019-08-02 04:33:53,282 INFO  impl.RaftServerImpl (RaftServerImpl.java:setRole(171)) - e984044d-f85a-4bee-aedf-bc9633eec2cb:group-A118C04D4945 changes role from CANDIDATE to LEADER at term 1 for changeToLeader
2019-08-02 04:33:53,282 INFO  impl.RaftServerImpl (ServerState.java:setLeader(263)) - e984044d-f85a-4bee-aedf-bc9633eec2cb:group-A118C04D4945 change Leader from null to e984044d-f85a-4bee-aedf-bc9633eec2cb at term 1 for becomeLeader, leader elected after 5222ms
2019-08-02 04:33:53,284 INFO  server.RaftServerConfigKeys (ConfUtils.java:logGet(43)) - raft.server.staging.catchup.gap = 1000 (default)
2019-08-02 04:33:53,285 INFO  server.RaftServerConfigKeys (ConfUtils.java:logGet(43)) - raft.server.rpc.sleep.time = 25ms (default)
2019-08-02 04:33:53,285 INFO  server.RaftServerConfigKeys (ConfUtils.java:logGet(43)) - raft.server.write.element-limit = 4096 (default)
2019-08-02 04:33:53,285 INFO  server.RaftServerConfigKeys (ConfUtils.java:logGet(43)) - raft.server.watch.timeout = 10s (default)
2019-08-02 04:33:53,285 INFO  server.RaftServerConfigKeys (ConfUtils.java:logGet(43)) - raft.server.watch.timeout.denomination = 1s (default)
2019-08-02 04:33:53,285 INFO  server.RaftServerConfigKeys (ConfUtils.java:logGet(43)) - raft.server.watch.element-limit = 65536 (default)
2019-08-02 04:33:53,286 INFO  impl.RoleInfo (RoleInfo.java:updateAndGet(143)) - e984044d-f85a-4bee-aedf-bc9633eec2cb: start LeaderState
2019-08-02 04:33:53,286 INFO  segmented.SegmentedRaftLogWorker (SegmentedRaftLogWorker.java:startLogSegment(380)) - e984044d-f85a-4bee-aedf-bc9633eec2cb-SegmentedRaftLogWorker:Storage Directory /workdir/hadoop-ozone/integration-test/target/test-dir/MiniOzoneClusterImpl-2f6342cd-94eb-4ccf-897b-8b7dca55c299/datanode-2/data/ratis/05346927-0243-4595-8a6c-a118c04d4945: Starting segment from index:0
2019-08-02 04:33:53,287 INFO  impl.RaftServerImpl (ServerState.java:setRaftConf(361)) - e984044d-f85a-4bee-aedf-bc9633eec2cb:group-A118C04D4945 set configuration 0: [e984044d-f85a-4bee-aedf-bc9633eec2cb:192.168.157.195:42216], old=null at 0
2019-08-02 04:33:53,307 INFO  impl.FollowerState (FollowerState.java:run(106)) - d3d6266b-e4ba-4296-9c21-6cc0c08ba586:group-E2DF9713282C changes to CANDIDATE, lastRpcTime:5119, electionTimeout:5105ms
2019-08-02 04:33:53,307 INFO  impl.RoleInfo (RoleInfo.java:shutdownFollowerState(121)) - d3d6266b-e4ba-4296-9c21-6cc0c08ba586: shutdown FollowerState
2019-08-02 04:33:53,308 INFO  impl.RaftServerImpl (RaftServerImpl.java:setRole(171)) - d3d6266b-e4ba-4296-9c21-6cc0c08ba586:group-E2DF9713282C changes role from FOLLOWER to CANDIDATE at term 0 for changeToCandidate
2019-08-02 04:33:53,309 INFO  impl.RoleInfo (RoleInfo.java:updateAndGet(143)) - d3d6266b-e4ba-4296-9c21-6cc0c08ba586: start LeaderElection
2019-08-02 04:33:53,320 INFO  segmented.SegmentedRaftLogWorker (SegmentedRaftLogWorker.java:execute(569)) - e984044d-f85a-4bee-aedf-bc9633eec2cb-SegmentedRaftLogWorker:Storage Directory /workdir/hadoop-ozone/integration-test/target/test-dir/MiniOzoneClusterImpl-2f6342cd-94eb-4ccf-897b-8b7dca55c299/datanode-2/data/ratis/05346927-0243-4595-8a6c-a118c04d4945: created new log segment /workdir/hadoop-ozone/integration-test/target/test-dir/MiniOzoneClusterImpl-2f6342cd-94eb-4ccf-897b-8b7dca55c299/datanode-2/data/ratis/05346927-0243-4595-8a6c-a118c04d4945/current/log_inprogress_0
2019-08-02 04:33:53,320 INFO  impl.LeaderElection (LeaderElection.java:askForVotes(181)) - d3d6266b-e4ba-4296-9c21-6cc0c08ba586:group-E2DF9713282C:LeaderElection11: begin an election at term 1 for -1: [e984044d-f85a-4bee-aedf-bc9633eec2cb:192.168.157.195:42216, d3d6266b-e4ba-4296-9c21-6cc0c08ba586:192.168.157.195:44099, 5144f4a4-9259-4118-a241-19d5ca06460f:192.168.157.195:41319], old=null
2019-08-02 04:33:53,361 INFO  impl.FollowerState (FollowerState.java:run(106)) - e984044d-f85a-4bee-aedf-bc9633eec2cb:group-E2DF9713282C changes to CANDIDATE, lastRpcTime:5170, electionTimeout:5170ms
2019-08-02 04:33:53,363 INFO  impl.RoleInfo (RoleInfo.java:shutdownFollowerState(121)) - e984044d-f85a-4bee-aedf-bc9633eec2cb: shutdown FollowerState
2019-08-02 04:33:53,364 INFO  impl.RaftServerImpl (RaftServerImpl.java:setRole(171)) - e984044d-f85a-4bee-aedf-bc9633eec2cb:group-E2DF9713282C changes role from FOLLOWER to CANDIDATE at term 0 for changeToCandidate
2019-08-02 04:33:53,364 INFO  impl.RoleInfo (RoleInfo.java:updateAndGet(143)) - e984044d-f85a-4bee-aedf-bc9633eec2cb: start LeaderElection
2019-08-02 04:33:53,374 INFO  impl.RaftServerImpl (RaftServerImpl.java:setRole(171)) - 5144f4a4-9259-4118-a241-19d5ca06460f:group-E2DF9713282C changes role from FOLLOWER to FOLLOWER at term 1 for recognizeCandidate:d3d6266b-e4ba-4296-9c21-6cc0c08ba586
2019-08-02 04:33:53,374 INFO  impl.RaftServerImpl (RaftServerImpl.java:setRole(171)) - e984044d-f85a-4bee-aedf-bc9633eec2cb:group-E2DF9713282C changes role from CANDIDATE to FOLLOWER at term 1 for recognizeCandidate:d3d6266b-e4ba-4296-9c21-6cc0c08ba586
2019-08-02 04:33:53,374 INFO  impl.RoleInfo (RoleInfo.java:shutdownFollowerState(121)) - 5144f4a4-9259-4118-a241-19d5ca06460f: shutdown FollowerState
2019-08-02 04:33:53,374 INFO  impl.RoleInfo (RoleInfo.java:shutdownLeaderElection(134)) - e984044d-f85a-4bee-aedf-bc9633eec2cb: shutdown LeaderElection
2019-08-02 04:33:53,374 INFO  impl.RoleInfo (RoleInfo.java:updateAndGet(143)) - 5144f4a4-9259-4118-a241-19d5ca06460f: start FollowerState
2019-08-02 04:33:53,375 INFO  impl.FollowerState (FollowerState.java:run(114)) - 5144f4a4-9259-4118-a241-19d5ca06460f: FollowerState was interrupted: java.lang.InterruptedException: sleep interrupted
2019-08-02 04:33:53,375 INFO  impl.RoleInfo (RoleInfo.java:updateAndGet(143)) - e984044d-f85a-4bee-aedf-bc9633eec2cb: start FollowerState
2019-08-02 04:33:53,415 INFO  impl.LeaderElection (LeaderElection.java:logAndReturn(56)) - d3d6266b-e4ba-4296-9c21-6cc0c08ba586:group-E2DF9713282C:LeaderElection11: Election PASSED; received 2 response(s) [d3d6266b-e4ba-4296-9c21-6cc0c08ba586<-e984044d-f85a-4bee-aedf-bc9633eec2cb#0:FAIL-t1, d3d6266b-e4ba-4296-9c21-6cc0c08ba586<-5144f4a4-9259-4118-a241-19d5ca06460f#0:OK-t1] and 0 exception(s); d3d6266b-e4ba-4296-9c21-6cc0c08ba586:t1, leader=null, voted=d3d6266b-e4ba-4296-9c21-6cc0c08ba586, raftlog=d3d6266b-e4ba-4296-9c21-6cc0c08ba586-SegmentedRaftLog:OPENED:c-1,f-1,i0, conf=-1: [e984044d-f85a-4bee-aedf-bc9633eec2cb:192.168.157.195:42216, d3d6266b-e4ba-4296-9c21-6cc0c08ba586:192.168.157.195:44099, 5144f4a4-9259-4118-a241-19d5ca06460f:192.168.157.195:41319], old=null
2019-08-02 04:33:53,415 INFO  impl.RoleInfo (RoleInfo.java:shutdownLeaderElection(134)) - d3d6266b-e4ba-4296-9c21-6cc0c08ba586: shutdown LeaderElection
2019-08-02 04:33:53,415 INFO  impl.RaftServerImpl (RaftServerImpl.java:setRole(171)) - d3d6266b-e4ba-4296-9c21-6cc0c08ba586:group-E2DF9713282C changes role from CANDIDATE to LEADER at term 1 for changeToLeader
2019-08-02 04:33:53,418 INFO  impl.RaftServerImpl (ServerState.java:setLeader(263)) - d3d6266b-e4ba-4296-9c21-6cc0c08ba586:group-E2DF9713282C change Leader from null to d3d6266b-e4ba-4296-9c21-6cc0c08ba586 at term 1 for becomeLeader, leader elected after 5253ms
2019-08-02 04:33:53,418 INFO  server.RaftServerConfigKeys (ConfUtils.java:logGet(43)) - raft.server.staging.catchup.gap = 1000 (default)
2019-08-02 04:33:53,418 INFO  server.RaftServerConfigKeys (ConfUtils.java:logGet(43)) - raft.server.rpc.sleep.time = 25ms (default)
2019-08-02 04:33:53,418 INFO  server.RaftServerConfigKeys (ConfUtils.java:logGet(43)) - raft.server.write.element-limit = 4096 (default)
2019-08-02 04:33:53,418 INFO  server.RaftServerConfigKeys (ConfUtils.java:logGet(43)) - raft.server.watch.timeout = 10s (default)
2019-08-02 04:33:53,418 INFO  server.RaftServerConfigKeys (ConfUtils.java:logGet(43)) - raft.server.watch.timeout.denomination = 1s (default)
2019-08-02 04:33:53,419 INFO  server.RaftServerConfigKeys (ConfUtils.java:logGet(43)) - raft.server.watch.element-limit = 65536 (default)
2019-08-02 04:33:53,419 INFO  impl.LeaderElection (LeaderElection.java:askForVotes(181)) - e984044d-f85a-4bee-aedf-bc9633eec2cb:group-E2DF9713282C:LeaderElection12: begin an election at term 2 for -1: [e984044d-f85a-4bee-aedf-bc9633eec2cb:192.168.157.195:42216, d3d6266b-e4ba-4296-9c21-6cc0c08ba586:192.168.157.195:44099, 5144f4a4-9259-4118-a241-19d5ca06460f:192.168.157.195:41319], old=null
2019-08-02 04:33:53,421 INFO  impl.LeaderElection (LeaderElection.java:logAndReturn(56)) - e984044d-f85a-4bee-aedf-bc9633eec2cb:group-E2DF9713282C:LeaderElection12: Election REJECTED; received 0 response(s) [] and 0 exception(s); e984044d-f85a-4bee-aedf-bc9633eec2cb:t2, leader=null, voted=e984044d-f85a-4bee-aedf-bc9633eec2cb, raftlog=e984044d-f85a-4bee-aedf-bc9633eec2cb-SegmentedRaftLog:OPENED:c-1,f-1,i0, conf=-1: [e984044d-f85a-4bee-aedf-bc9633eec2cb:192.168.157.195:42216, d3d6266b-e4ba-4296-9c21-6cc0c08ba586:192.168.157.195:44099, 5144f4a4-9259-4118-a241-19d5ca06460f:192.168.157.195:41319], old=null
2019-08-02 04:33:53,424 INFO  server.RaftServerConfigKeys (ConfUtils.java:logGet(43)) - raft.server.log.appender.snapshot.chunk.size.max = 16MB (=16777216) (default)
2019-08-02 04:33:53,434 INFO  server.RaftServerConfigKeys (ConfUtils.java:logGet(43)) - raft.server.log.appender.buffer.byte-limit = 33554432 (custom)
2019-08-02 04:33:53,435 INFO  server.RaftServerConfigKeys (ConfUtils.java:logGet(43)) - raft.server.log.appender.buffer.element-limit = 1 (custom)
2019-08-02 04:33:53,451 INFO  grpc.GrpcConfigKeys$Server (ConfUtils.java:logGet(43)) - raft.grpc.server.leader.outstanding.appends.max = 128 (default)
2019-08-02 04:33:53,456 INFO  server.RaftServerConfigKeys (ConfUtils.java:logGet(43)) - raft.server.rpc.request.timeout = 3000ms (default)
2019-08-02 04:33:53,456 INFO  impl.RaftServerImpl (RaftServerImpl.java:setRole(171)) - 5144f4a4-9259-4118-a241-19d5ca06460f:group-E2DF9713282C changes role from FOLLOWER to FOLLOWER at term 2 for recognizeCandidate:e984044d-f85a-4bee-aedf-bc9633eec2cb
2019-08-02 04:33:53,458 INFO  server.RaftServerConfigKeys (ConfUtils.java:logGet(43)) - raft.server.log.appender.install.snapshot.enabled = false (custom)
2019-08-02 04:33:53,458 INFO  impl.RoleInfo (RoleInfo.java:shutdownFollowerState(121)) - 5144f4a4-9259-4118-a241-19d5ca06460f: shutdown FollowerState
2019-08-02 04:33:53,459 INFO  server.RaftServerConfigKeys (ConfUtils.java:logGet(43)) - raft.server.log.appender.snapshot.chunk.size.max = 16MB (=16777216) (default)
2019-08-02 04:33:53,459 INFO  impl.RoleInfo (RoleInfo.java:updateAndGet(143)) - 5144f4a4-9259-4118-a241-19d5ca06460f: start FollowerState
2019-08-02 04:33:53,459 INFO  impl.FollowerState (FollowerState.java:run(114)) - 5144f4a4-9259-4118-a241-19d5ca06460f: FollowerState was interrupted: java.lang.InterruptedException: sleep interrupted
2019-08-02 04:33:53,459 INFO  server.RaftServerConfigKeys (ConfUtils.java:logGet(43)) - raft.server.log.appender.buffer.byte-limit = 33554432 (custom)
2019-08-02 04:33:53,461 INFO  server.RaftServerConfigKeys (ConfUtils.java:logGet(43)) - raft.server.log.appender.buffer.element-limit = 1 (custom)
2019-08-02 04:33:53,462 INFO  grpc.GrpcConfigKeys$Server (ConfUtils.java:logGet(43)) - raft.grpc.server.leader.outstanding.appends.max = 128 (default)
2019-08-02 04:33:53,462 INFO  server.RaftServerConfigKeys (ConfUtils.java:logGet(43)) - raft.server.rpc.request.timeout = 3000ms (default)
2019-08-02 04:33:53,462 INFO  server.RaftServerConfigKeys (ConfUtils.java:logGet(43)) - raft.server.log.appender.install.snapshot.enabled = false (custom)
2019-08-02 04:33:53,466 INFO  impl.RoleInfo (RoleInfo.java:updateAndGet(143)) - d3d6266b-e4ba-4296-9c21-6cc0c08ba586: start LeaderState
2019-08-02 04:33:53,466 INFO  segmented.SegmentedRaftLogWorker (SegmentedRaftLogWorker.java:startLogSegment(380)) - d3d6266b-e4ba-4296-9c21-6cc0c08ba586-SegmentedRaftLogWorker:Storage Directory /workdir/hadoop-ozone/integration-test/target/test-dir/MiniOzoneClusterImpl-2f6342cd-94eb-4ccf-897b-8b7dca55c299/datanode-1/data/ratis/d4bb99ae-2743-4c6b-9190-e2df9713282c: Starting segment from index:0
2019-08-02 04:33:53,467 INFO  impl.RaftServerImpl (ServerState.java:setRaftConf(361)) - d3d6266b-e4ba-4296-9c21-6cc0c08ba586:group-E2DF9713282C set configuration 0: [e984044d-f85a-4bee-aedf-bc9633eec2cb:192.168.157.195:42216, d3d6266b-e4ba-4296-9c21-6cc0c08ba586:192.168.157.195:44099, 5144f4a4-9259-4118-a241-19d5ca06460f:192.168.157.195:41319], old=null at 0
2019-08-02 04:33:53,490 INFO  impl.RaftServerImpl (ServerState.java:setLeader(263)) - d3d6266b-e4ba-4296-9c21-6cc0c08ba586:group-E2DF9713282C change Leader from d3d6266b-e4ba-4296-9c21-6cc0c08ba586 to null at term 2 for updateCurrentTerm
2019-08-02 04:33:53,491 INFO  impl.RaftServerImpl (RaftServerImpl.java:setRole(171)) - d3d6266b-e4ba-4296-9c21-6cc0c08ba586:group-E2DF9713282C changes role from LEADER to FOLLOWER at term 2 for recognizeCandidate:e984044d-f85a-4bee-aedf-bc9633eec2cb
2019-08-02 04:33:53,491 INFO  impl.RoleInfo (RoleInfo.java:shutdownLeaderState(104)) - d3d6266b-e4ba-4296-9c21-6cc0c08ba586: shutdown LeaderState
2019-08-02 04:33:53,496 INFO  impl.PendingRequests (PendingRequests.java:sendNotLeaderResponses(202)) - d3d6266b-e4ba-4296-9c21-6cc0c08ba586-PendingRequests: sendNotLeaderResponses
2019-08-02 04:33:53,496 INFO  impl.RoleInfo (RoleInfo.java:updateAndGet(143)) - d3d6266b-e4ba-4296-9c21-6cc0c08ba586: start FollowerState
2019-08-02 04:33:53,503 WARN  server.GrpcLogAppender (GrpcLogAppender.java:mayWait(143)) - GrpcLogAppender(d3d6266b-e4ba-4296-9c21-6cc0c08ba586->5144f4a4-9259-4118-a241-19d5ca06460f): Wait interrupted by java.lang.InterruptedException
2019-08-02 04:33:53,503 INFO  segmented.SegmentedRaftLogWorker (SegmentedRaftLogWorker.java:execute(569)) - d3d6266b-e4ba-4296-9c21-6cc0c08ba586-SegmentedRaftLogWorker:Storage Directory /workdir/hadoop-ozone/integration-test/target/test-dir/MiniOzoneClusterImpl-2f6342cd-94eb-4ccf-897b-8b7dca55c299/datanode-1/data/ratis/d4bb99ae-2743-4c6b-9190-e2df9713282c: created new log segment /workdir/hadoop-ozone/integration-test/target/test-dir/MiniOzoneClusterImpl-2f6342cd-94eb-4ccf-897b-8b7dca55c299/datanode-1/data/ratis/d4bb99ae-2743-4c6b-9190-e2df9713282c/current/log_inprogress_0
2019-08-02 04:33:53,503 WARN  server.GrpcLogAppender (GrpcLogAppender.java:mayWait(143)) - GrpcLogAppender(d3d6266b-e4ba-4296-9c21-6cc0c08ba586->e984044d-f85a-4bee-aedf-bc9633eec2cb): Wait interrupted by java.lang.InterruptedException
2019-08-02 04:33:53,515 INFO  server.GrpcServerProtocolService (GrpcServerProtocolService.java:onCompleted(104)) - e984044d-f85a-4bee-aedf-bc9633eec2cb: appendEntries completed
2019-08-02 04:33:53,518 INFO  server.GrpcServerProtocolService (GrpcServerProtocolService.java:onCompleted(104)) - 5144f4a4-9259-4118-a241-19d5ca06460f: appendEntries completed
2019-08-02 04:33:53,524 INFO  server.GrpcLogAppender (GrpcLogAppender.java:onCompleted(292)) - d3d6266b-e4ba-4296-9c21-6cc0c08ba586->e984044d-f85a-4bee-aedf-bc9633eec2cb: follower responses appendEntries COMPLETED
2019-08-02 04:33:53,532 INFO  server.GrpcLogAppender (GrpcLogAppender.java:onCompleted(292)) - d3d6266b-e4ba-4296-9c21-6cc0c08ba586->5144f4a4-9259-4118-a241-19d5ca06460f: follower responses appendEntries COMPLETED
2019-08-02 04:33:53,538 INFO  impl.FollowerInfo (FollowerInfo.java:lambda$new$0(50)) - d3d6266b-e4ba-4296-9c21-6cc0c08ba586->5144f4a4-9259-4118-a241-19d5ca06460f: nextIndex: updateUnconditionally 0 -> 0
2019-08-02 04:33:53,538 INFO  impl.FollowerInfo (FollowerInfo.java:lambda$new$0(50)) - d3d6266b-e4ba-4296-9c21-6cc0c08ba586->e984044d-f85a-4bee-aedf-bc9633eec2cb: nextIndex: updateUnconditionally 0 -> 0
2019-08-02 04:33:58,386 INFO  impl.FollowerState (FollowerState.java:run(106)) - e984044d-f85a-4bee-aedf-bc9633eec2cb:group-E2DF9713282C changes to CANDIDATE, lastRpcTime:5011, electionTimeout:5008ms
2019-08-02 04:33:58,386 INFO  impl.RoleInfo (RoleInfo.java:shutdownFollowerState(121)) - e984044d-f85a-4bee-aedf-bc9633eec2cb: shutdown FollowerState
2019-08-02 04:33:58,386 INFO  impl.RaftServerImpl (RaftServerImpl.java:setRole(171)) - e984044d-f85a-4bee-aedf-bc9633eec2cb:group-E2DF9713282C changes role from FOLLOWER to CANDIDATE at term 2 for changeToCandidate
2019-08-02 04:33:58,387 INFO  impl.RoleInfo (RoleInfo.java:updateAndGet(143)) - e984044d-f85a-4bee-aedf-bc9633eec2cb: start LeaderElection
2019-08-02 04:33:58,405 INFO  impl.LeaderElection (LeaderElection.java:askForVotes(181)) - e984044d-f85a-4bee-aedf-bc9633eec2cb:group-E2DF9713282C:LeaderElection13: begin an election at term 3 for -1: [e984044d-f85a-4bee-aedf-bc9633eec2cb:192.168.157.195:42216, d3d6266b-e4ba-4296-9c21-6cc0c08ba586:192.168.157.195:44099, 5144f4a4-9259-4118-a241-19d5ca06460f:192.168.157.195:41319], old=null
2019-08-02 04:33:58,416 INFO  impl.RaftServerImpl (RaftServerImpl.java:setRole(171)) - 5144f4a4-9259-4118-a241-19d5ca06460f:group-E2DF9713282C changes role from FOLLOWER to FOLLOWER at term 3 for recognizeCandidate:e984044d-f85a-4bee-aedf-bc9633eec2cb
2019-08-02 04:33:58,416 INFO  impl.RaftServerImpl (RaftServerImpl.java:setRole(171)) - d3d6266b-e4ba-4296-9c21-6cc0c08ba586:group-E2DF9713282C changes role from FOLLOWER to FOLLOWER at term 3 for recognizeCandidate:e984044d-f85a-4bee-aedf-bc9633eec2cb
2019-08-02 04:33:58,416 INFO  impl.RoleInfo (RoleInfo.java:shutdownFollowerState(121)) - 5144f4a4-9259-4118-a241-19d5ca06460f: shutdown FollowerState
2019-08-02 04:33:58,416 INFO  impl.RoleInfo (RoleInfo.java:shutdownFollowerState(121)) - d3d6266b-e4ba-4296-9c21-6cc0c08ba586: shutdown FollowerState
2019-08-02 04:33:58,417 INFO  impl.FollowerState (FollowerState.java:run(114)) - 5144f4a4-9259-4118-a241-19d5ca06460f: FollowerState was interrupted: java.lang.InterruptedException: sleep interrupted
2019-08-02 04:33:58,416 INFO  impl.RoleInfo (RoleInfo.java:updateAndGet(143)) - 5144f4a4-9259-4118-a241-19d5ca06460f: start FollowerState
2019-08-02 04:33:58,417 INFO  impl.FollowerState (FollowerState.java:run(114)) - d3d6266b-e4ba-4296-9c21-6cc0c08ba586: FollowerState was interrupted: java.lang.InterruptedException: sleep interrupted
2019-08-02 04:33:58,417 INFO  impl.RoleInfo (RoleInfo.java:updateAndGet(143)) - d3d6266b-e4ba-4296-9c21-6cc0c08ba586: start FollowerState
2019-08-02 04:33:58,438 INFO  impl.LeaderElection (LeaderElection.java:logAndReturn(56)) - e984044d-f85a-4bee-aedf-bc9633eec2cb:group-E2DF9713282C:LeaderElection13: Election PASSED; received 1 response(s) [e984044d-f85a-4bee-aedf-bc9633eec2cb<-5144f4a4-9259-4118-a241-19d5ca06460f#0:OK-t3] and 0 exception(s); e984044d-f85a-4bee-aedf-bc9633eec2cb:t3, leader=null, voted=e984044d-f85a-4bee-aedf-bc9633eec2cb, raftlog=e984044d-f85a-4bee-aedf-bc9633eec2cb-SegmentedRaftLog:OPENED:c-1,f-1,i0, conf=-1: [e984044d-f85a-4bee-aedf-bc9633eec2cb:192.168.157.195:42216, d3d6266b-e4ba-4296-9c21-6cc0c08ba586:192.168.157.195:44099, 5144f4a4-9259-4118-a241-19d5ca06460f:192.168.157.195:41319], old=null
2019-08-02 04:33:58,438 INFO  impl.RoleInfo (RoleInfo.java:shutdownLeaderElection(134)) - e984044d-f85a-4bee-aedf-bc9633eec2cb: shutdown LeaderElection
2019-08-02 04:33:58,439 INFO  impl.RaftServerImpl (RaftServerImpl.java:setRole(171)) - e984044d-f85a-4bee-aedf-bc9633eec2cb:group-E2DF9713282C changes role from CANDIDATE to LEADER at term 3 for changeToLeader
2019-08-02 04:33:58,441 INFO  impl.RaftServerImpl (ServerState.java:setLeader(263)) - e984044d-f85a-4bee-aedf-bc9633eec2cb:group-E2DF9713282C change Leader from null to e984044d-f85a-4bee-aedf-bc9633eec2cb at term 3 for becomeLeader, leader elected after 10278ms
2019-08-02 04:33:58,441 INFO  server.RaftServerConfigKeys (ConfUtils.java:logGet(43)) - raft.server.staging.catchup.gap = 1000 (default)
2019-08-02 04:33:58,442 INFO  server.RaftServerConfigKeys (ConfUtils.java:logGet(43)) - raft.server.rpc.sleep.time = 25ms (default)
2019-08-02 04:33:58,442 INFO  server.RaftServerConfigKeys (ConfUtils.java:logGet(43)) - raft.server.write.element-limit = 4096 (default)
2019-08-02 04:33:58,442 INFO  server.RaftServerConfigKeys (ConfUtils.java:logGet(43)) - raft.server.watch.timeout = 10s (default)
2019-08-02 04:33:58,442 INFO  server.RaftServerConfigKeys (ConfUtils.java:logGet(43)) - raft.server.watch.timeout.denomination = 1s (default)
2019-08-02 04:33:58,442 INFO  server.RaftServerConfigKeys (ConfUtils.java:logGet(43)) - raft.server.watch.element-limit = 65536 (default)
2019-08-02 04:33:58,443 INFO  server.RaftServerConfigKeys (ConfUtils.java:logGet(43)) - raft.server.log.appender.snapshot.chunk.size.max = 16MB (=16777216) (default)
2019-08-02 04:33:58,443 INFO  server.RaftServerConfigKeys (ConfUtils.java:logGet(43)) - raft.server.log.appender.buffer.byte-limit = 33554432 (custom)
2019-08-02 04:33:58,443 INFO  server.RaftServerConfigKeys (ConfUtils.java:logGet(43)) - raft.server.log.appender.buffer.element-limit = 1 (custom)
2019-08-02 04:33:58,443 INFO  grpc.GrpcConfigKeys$Server (ConfUtils.java:logGet(43)) - raft.grpc.server.leader.outstanding.appends.max = 128 (default)
2019-08-02 04:33:58,444 INFO  server.RaftServerConfigKeys (ConfUtils.java:logGet(43)) - raft.server.rpc.request.timeout = 3000ms (default)
2019-08-02 04:33:58,444 INFO  server.RaftServerConfigKeys (ConfUtils.java:logGet(43)) - raft.server.log.appender.install.snapshot.enabled = false (custom)
2019-08-02 04:33:58,444 INFO  server.RaftServerConfigKeys (ConfUtils.java:logGet(43)) - raft.server.log.appender.snapshot.chunk.size.max = 16MB (=16777216) (default)
2019-08-02 04:33:58,444 INFO  server.RaftServerConfigKeys (ConfUtils.java:logGet(43)) - raft.server.log.appender.buffer.byte-limit = 33554432 (custom)
2019-08-02 04:33:58,444 INFO  server.RaftServerConfigKeys (ConfUtils.java:logGet(43)) - raft.server.log.appender.buffer.element-limit = 1 (custom)
2019-08-02 04:33:58,445 INFO  grpc.GrpcConfigKeys$Server (ConfUtils.java:logGet(43)) - raft.grpc.server.leader.outstanding.appends.max = 128 (default)
2019-08-02 04:33:58,445 INFO  server.RaftServerConfigKeys (ConfUtils.java:logGet(43)) - raft.server.rpc.request.timeout = 3000ms (default)
2019-08-02 04:33:58,445 INFO  server.RaftServerConfigKeys (ConfUtils.java:logGet(43)) - raft.server.log.appender.install.snapshot.enabled = false (custom)
2019-08-02 04:33:58,445 INFO  impl.RoleInfo (RoleInfo.java:updateAndGet(143)) - e984044d-f85a-4bee-aedf-bc9633eec2cb: start LeaderState
2019-08-02 04:33:58,445 INFO  segmented.SegmentedRaftLogWorker (SegmentedRaftLogWorker.java:startLogSegment(380)) - e984044d-f85a-4bee-aedf-bc9633eec2cb-SegmentedRaftLogWorker:Storage Directory /workdir/hadoop-ozone/integration-test/target/test-dir/MiniOzoneClusterImpl-2f6342cd-94eb-4ccf-897b-8b7dca55c299/datanode-2/data/ratis/d4bb99ae-2743-4c6b-9190-e2df9713282c: Starting segment from index:0
2019-08-02 04:33:58,446 INFO  impl.RaftServerImpl (ServerState.java:setRaftConf(361)) - e984044d-f85a-4bee-aedf-bc9633eec2cb:group-E2DF9713282C set configuration 0: [e984044d-f85a-4bee-aedf-bc9633eec2cb:192.168.157.195:42216, d3d6266b-e4ba-4296-9c21-6cc0c08ba586:192.168.157.195:44099, 5144f4a4-9259-4118-a241-19d5ca06460f:192.168.157.195:41319], old=null at 0
2019-08-02 04:33:58,483 INFO  segmented.SegmentedRaftLogWorker (SegmentedRaftLogWorker.java:execute(569)) - e984044d-f85a-4bee-aedf-bc9633eec2cb-SegmentedRaftLogWorker:Storage Directory /workdir/hadoop-ozone/integration-test/target/test-dir/MiniOzoneClusterImpl-2f6342cd-94eb-4ccf-897b-8b7dca55c299/datanode-2/data/ratis/d4bb99ae-2743-4c6b-9190-e2df9713282c: created new log segment /workdir/hadoop-ozone/integration-test/target/test-dir/MiniOzoneClusterImpl-2f6342cd-94eb-4ccf-897b-8b7dca55c299/datanode-2/data/ratis/d4bb99ae-2743-4c6b-9190-e2df9713282c/current/log_inprogress_0
2019-08-02 04:33:58,488 INFO  impl.RaftServerImpl (ServerState.java:setLeader(263)) - 5144f4a4-9259-4118-a241-19d5ca06460f:group-E2DF9713282C change Leader from null to e984044d-f85a-4bee-aedf-bc9633eec2cb at term 3 for appendEntries, leader elected after 10324ms
2019-08-02 04:33:58,488 INFO  impl.RaftServerImpl (ServerState.java:setLeader(263)) - d3d6266b-e4ba-4296-9c21-6cc0c08ba586:group-E2DF9713282C change Leader from null to e984044d-f85a-4bee-aedf-bc9633eec2cb at term 3 for appendEntries, leader elected after 4997ms
2019-08-02 04:33:58,534 INFO  impl.RaftServerImpl (ServerState.java:setRaftConf(361)) - d3d6266b-e4ba-4296-9c21-6cc0c08ba586:group-E2DF9713282C set configuration 0: [e984044d-f85a-4bee-aedf-bc9633eec2cb:192.168.157.195:42216, d3d6266b-e4ba-4296-9c21-6cc0c08ba586:192.168.157.195:44099, 5144f4a4-9259-4118-a241-19d5ca06460f:192.168.157.195:41319], old=null at 0
2019-08-02 04:33:58,534 INFO  impl.RaftServerImpl (ServerState.java:setRaftConf(361)) - 5144f4a4-9259-4118-a241-19d5ca06460f:group-E2DF9713282C set configuration 0: [e984044d-f85a-4bee-aedf-bc9633eec2cb:192.168.157.195:42216, d3d6266b-e4ba-4296-9c21-6cc0c08ba586:192.168.157.195:44099, 5144f4a4-9259-4118-a241-19d5ca06460f:192.168.157.195:41319], old=null at 0
2019-08-02 04:33:58,535 INFO  segmented.SegmentedRaftLogWorker (SegmentedRaftLogWorker.java:startLogSegment(380)) - 5144f4a4-9259-4118-a241-19d5ca06460f-SegmentedRaftLogWorker:Storage Directory /workdir/hadoop-ozone/integration-test/target/test-dir/MiniOzoneClusterImpl-2f6342cd-94eb-4ccf-897b-8b7dca55c299/datanode-0/data/ratis/d4bb99ae-2743-4c6b-9190-e2df9713282c: Starting segment from index:0
2019-08-02 04:33:58,538 INFO  segmented.SegmentedRaftLogWorker (SegmentedRaftLogWorker.java:truncate(396)) - d3d6266b-e4ba-4296-9c21-6cc0c08ba586-SegmentedRaftLogWorker:Storage Directory /workdir/hadoop-ozone/integration-test/target/test-dir/MiniOzoneClusterImpl-2f6342cd-94eb-4ccf-897b-8b7dca55c299/datanode-1/data/ratis/d4bb99ae-2743-4c6b-9190-e2df9713282c: Truncating segments toTruncate: null
  toDelete: [(0, 0) isOpen? true, length=0, newEndIndex=-1], start index 0
2019-08-02 04:33:58,539 INFO  segmented.SegmentedRaftLogWorker (SegmentedRaftLogWorker.java:startLogSegment(380)) - d3d6266b-e4ba-4296-9c21-6cc0c08ba586-SegmentedRaftLogWorker:Storage Directory /workdir/hadoop-ozone/integration-test/target/test-dir/MiniOzoneClusterImpl-2f6342cd-94eb-4ccf-897b-8b7dca55c299/datanode-1/data/ratis/d4bb99ae-2743-4c6b-9190-e2df9713282c: Starting segment from index:0
2019-08-02 04:33:58,540 INFO  segmented.SegmentedRaftLogWorker (SegmentedRaftLogWorker.java:execute(633)) - d3d6266b-e4ba-4296-9c21-6cc0c08ba586-SegmentedRaftLogWorker:Storage Directory /workdir/hadoop-ozone/integration-test/target/test-dir/MiniOzoneClusterImpl-2f6342cd-94eb-4ccf-897b-8b7dca55c299/datanode-1/data/ratis/d4bb99ae-2743-4c6b-9190-e2df9713282c: Deleted log file /workdir/hadoop-ozone/integration-test/target/test-dir/MiniOzoneClusterImpl-2f6342cd-94eb-4ccf-897b-8b7dca55c299/datanode-1/data/ratis/d4bb99ae-2743-4c6b-9190-e2df9713282c/current/log_inprogress_0
2019-08-02 04:33:58,541 INFO  segmented.SegmentedRaftLogWorker (SegmentedRaftLogWorker.java:lambda$new$0(132)) - d3d6266b-e4ba-4296-9c21-6cc0c08ba586-SegmentedRaftLogWorker:Storage Directory /workdir/hadoop-ozone/integration-test/target/test-dir/MiniOzoneClusterImpl-2f6342cd-94eb-4ccf-897b-8b7dca55c299/datanode-1/data/ratis/d4bb99ae-2743-4c6b-9190-e2df9713282c: flushIndex: setUnconditionally 0 -> -1
2019-08-02 04:33:58,565 INFO  segmented.SegmentedRaftLogWorker (SegmentedRaftLogWorker.java:execute(569)) - 5144f4a4-9259-4118-a241-19d5ca06460f-SegmentedRaftLogWorker:Storage Directory /workdir/hadoop-ozone/integration-test/target/test-dir/MiniOzoneClusterImpl-2f6342cd-94eb-4ccf-897b-8b7dca55c299/datanode-0/data/ratis/d4bb99ae-2743-4c6b-9190-e2df9713282c: created new log segment /workdir/hadoop-ozone/integration-test/target/test-dir/MiniOzoneClusterImpl-2f6342cd-94eb-4ccf-897b-8b7dca55c299/datanode-0/data/ratis/d4bb99ae-2743-4c6b-9190-e2df9713282c/current/log_inprogress_0
2019-08-02 04:33:58,565 INFO  segmented.SegmentedRaftLogWorker (SegmentedRaftLogWorker.java:execute(569)) - d3d6266b-e4ba-4296-9c21-6cc0c08ba586-SegmentedRaftLogWorker:Storage Directory /workdir/hadoop-ozone/integration-test/target/test-dir/MiniOzoneClusterImpl-2f6342cd-94eb-4ccf-897b-8b7dca55c299/datanode-1/data/ratis/d4bb99ae-2743-4c6b-9190-e2df9713282c: created new log segment /workdir/hadoop-ozone/integration-test/target/test-dir/MiniOzoneClusterImpl-2f6342cd-94eb-4ccf-897b-8b7dca55c299/datanode-1/data/ratis/d4bb99ae-2743-4c6b-9190-e2df9713282c/current/log_inprogress_0
2019-08-02 04:34:00,986 INFO  ozone.MiniOzoneClusterImpl (MiniOzoneClusterImpl.java:shutdown(321)) - Shutting down the Mini Ozone Cluster
2019-08-02 04:34:00,990 INFO  ozone.MiniOzoneClusterImpl (MiniOzoneClusterImpl.java:stop(336)) - Stopping the Mini Ozone Cluster
2019-08-02 04:34:00,990 INFO  ozone.MiniOzoneClusterImpl (MiniOzoneClusterImpl.java:stop(338)) - Stopping the OzoneManager
2019-08-02 04:34:00,990 INFO  ipc.Server (Server.java:stop(3082)) - Stopping server on 38905
2019-08-02 04:34:00,996 INFO  ipc.Server (Server.java:run(1185)) - Stopping IPC Server listener on 38905
2019-08-02 04:34:00,999 INFO  utils.BackgroundService (BackgroundService.java:shutdown(148)) - Shutting down service KeyDeletingService
2019-08-02 04:34:00,999 INFO  ipc.Server (Server.java:run(1319)) - Stopping IPC Server Responder
2019-08-02 04:34:01,014 INFO  handler.ContextHandler (ContextHandler.java:doStop(910)) - Stopped o.e.j.w.WebAppContext@770f8bc4{/,null,UNAVAILABLE}{/ozoneManager}
2019-08-02 04:34:01,015 INFO  server.AbstractConnector (AbstractConnector.java:doStop(318)) - Stopped ServerConnector@3891b799{HTTP/1.1,[http/1.1]}{0.0.0.0:0}
2019-08-02 04:34:01,015 INFO  handler.ContextHandler (ContextHandler.java:doStop(910)) - Stopped o.e.j.s.ServletContextHandler@5d012a40{/static,file:///workdir/hadoop-ozone/integration-test/target/test-classes/webapps/static,UNAVAILABLE}
2019-08-02 04:34:01,015 INFO  handler.ContextHandler (ContextHandler.java:doStop(910)) - Stopped o.e.j.s.ServletContextHandler@7f24e1ba{/logs,file:///workdir/hadoop-ozone/integration-test/target/log,UNAVAILABLE}
2019-08-02 04:34:01,018 INFO  ozone.MiniOzoneClusterImpl (MiniOzoneClusterImpl.java:stop(344)) - Shutting the HddsDatanodes
2019-08-02 04:34:01,018 INFO  datanode.ObjectStoreHandler (ObjectStoreHandler.java:close(155)) - Closing ObjectStoreHandler.
2019-08-02 04:34:01,018 INFO  datanode.ObjectStoreHandler (ObjectStoreHandler.java:close(155)) - Closing ObjectStoreHandler.
2019-08-02 04:34:01,019 INFO  ozone.HddsDatanodeService (HddsDatanodeService.java:stop(451)) - Stopped plug-in org.apache.hadoop.ozone.web.OzoneHddsDatanodeService@24cded7d
2019-08-02 04:34:01,019 INFO  ozone.HddsDatanodeService (HddsDatanodeService.java:stop(451)) - Stopped plug-in org.apache.hadoop.ozone.web.OzoneHddsDatanodeService@55be9e5e
2019-08-02 04:34:01,635 INFO  statemachine.DatanodeStateMachine (DatanodeStateMachine.java:lambda$startDaemon$0(350)) - Ozone container server started.
2019-08-02 04:34:01,822 INFO  statemachine.DatanodeStateMachine (DatanodeStateMachine.java:lambda$startDaemon$0(350)) - Ozone container server started.
2019-08-02 04:34:06,020 INFO  ozoneimpl.OzoneContainer (OzoneContainer.java:stop(199)) - Attempting to stop container services.
2019-08-02 04:34:06,020 INFO  ozoneimpl.OzoneContainer (OzoneContainer.java:stop(199)) - Attempting to stop container services.
2019-08-02 04:34:06,020 INFO  impl.RaftServerProxy (RaftServerProxy.java:lambda$close$4(314)) - d3d6266b-e4ba-4296-9c21-6cc0c08ba586: close
2019-08-02 04:34:06,021 INFO  impl.RaftServerProxy (RaftServerProxy.java:lambda$close$4(314)) - 5144f4a4-9259-4118-a241-19d5ca06460f: close
2019-08-02 04:34:06,021 INFO  impl.RaftServerImpl (RaftServerImpl.java:lambda$shutdown$3(245)) - d3d6266b-e4ba-4296-9c21-6cc0c08ba586: shutdown group-4D37AC0AFB49
2019-08-02 04:34:06,021 INFO  impl.RaftServerImpl (RaftServerImpl.java:lambda$shutdown$3(245)) - 5144f4a4-9259-4118-a241-19d5ca06460f: shutdown group-BC62337C1682
2019-08-02 04:34:06,022 INFO  util.JmxRegister (JmxRegister.java:unregister(73)) - Successfully un-registered JMX Bean with object name Ratis:service=RaftServer,group=group-4D37AC0AFB49,id=d3d6266b-e4ba-4296-9c21-6cc0c08ba586
2019-08-02 04:34:06,022 INFO  util.JmxRegister (JmxRegister.java:unregister(73)) - Successfully un-registered JMX Bean with object name Ratis:service=RaftServer,group=group-BC62337C1682,id=5144f4a4-9259-4118-a241-19d5ca06460f
2019-08-02 04:34:06,022 INFO  impl.RoleInfo (RoleInfo.java:shutdownLeaderState(104)) - d3d6266b-e4ba-4296-9c21-6cc0c08ba586: shutdown LeaderState
2019-08-02 04:34:06,023 INFO  impl.RoleInfo (RoleInfo.java:shutdownLeaderState(104)) - 5144f4a4-9259-4118-a241-19d5ca06460f: shutdown LeaderState
2019-08-02 04:34:06,023 INFO  impl.PendingRequests (PendingRequests.java:sendNotLeaderResponses(202)) - d3d6266b-e4ba-4296-9c21-6cc0c08ba586-PendingRequests: sendNotLeaderResponses
2019-08-02 04:34:06,023 INFO  impl.PendingRequests (PendingRequests.java:sendNotLeaderResponses(202)) - 5144f4a4-9259-4118-a241-19d5ca06460f-PendingRequests: sendNotLeaderResponses
2019-08-02 04:34:06,024 INFO  impl.StateMachineUpdater (StateMachineUpdater.java:stopAndJoin(115)) - StateMachineUpdater:d3d6266b-e4ba-4296-9c21-6cc0c08ba586:group-4D37AC0AFB49: set stopIndex = 0
2019-08-02 04:34:06,024 INFO  impl.StateMachineUpdater (StateMachineUpdater.java:stopAndJoin(115)) - StateMachineUpdater:5144f4a4-9259-4118-a241-19d5ca06460f:group-BC62337C1682: set stopIndex = 0
2019-08-02 04:34:06,025 INFO  impl.RaftServerImpl (ServerState.java:close(394)) - 5144f4a4-9259-4118-a241-19d5ca06460f:group-BC62337C1682 closes. The last applied log index is 0
2019-08-02 04:34:06,024 INFO  impl.RaftServerImpl (ServerState.java:close(394)) - d3d6266b-e4ba-4296-9c21-6cc0c08ba586:group-4D37AC0AFB49 closes. The last applied log index is 0
2019-08-02 04:34:06,025 INFO  segmented.SegmentedRaftLogWorker (SegmentedRaftLogWorker.java:run(313)) - 5144f4a4-9259-4118-a241-19d5ca06460f-SegmentedRaftLogWorker:Storage Directory /workdir/hadoop-ozone/integration-test/target/test-dir/MiniOzoneClusterImpl-2f6342cd-94eb-4ccf-897b-8b7dca55c299/datanode-0/data/ratis/9ceeedd6-6cb0-44bf-9be3-bc62337c1682 was interrupted, exiting. There are 0 tasks remaining in the queue.
2019-08-02 04:34:06,026 INFO  segmented.SegmentedRaftLogWorker (SegmentedRaftLogWorker.java:run(313)) - d3d6266b-e4ba-4296-9c21-6cc0c08ba586-SegmentedRaftLogWorker:Storage Directory /workdir/hadoop-ozone/integration-test/target/test-dir/MiniOzoneClusterImpl-2f6342cd-94eb-4ccf-897b-8b7dca55c299/datanode-1/data/ratis/b73dc379-8226-4c05-ade4-4d37ac0afb49 was interrupted, exiting. There are 0 tasks remaining in the queue.
2019-08-02 04:34:06,031 INFO  segmented.SegmentedRaftLogWorker (SegmentedRaftLogWorker.java:close(228)) - d3d6266b-e4ba-4296-9c21-6cc0c08ba586-SegmentedRaftLogWorker:Storage Directory /workdir/hadoop-ozone/integration-test/target/test-dir/MiniOzoneClusterImpl-2f6342cd-94eb-4ccf-897b-8b7dca55c299/datanode-1/data/ratis/b73dc379-8226-4c05-ade4-4d37ac0afb49 close()
2019-08-02 04:34:06,031 INFO  segmented.SegmentedRaftLogWorker (SegmentedRaftLogWorker.java:close(228)) - 5144f4a4-9259-4118-a241-19d5ca06460f-SegmentedRaftLogWorker:Storage Directory /workdir/hadoop-ozone/integration-test/target/test-dir/MiniOzoneClusterImpl-2f6342cd-94eb-4ccf-897b-8b7dca55c299/datanode-0/data/ratis/9ceeedd6-6cb0-44bf-9be3-bc62337c1682 close()
2019-08-02 04:34:06,036 INFO  impl.RaftServerImpl (RaftServerImpl.java:lambda$shutdown$3(245)) - d3d6266b-e4ba-4296-9c21-6cc0c08ba586: shutdown group-E2DF9713282C
2019-08-02 04:34:06,041 INFO  impl.RaftServerImpl (RaftServerImpl.java:lambda$shutdown$3(245)) - 5144f4a4-9259-4118-a241-19d5ca06460f: shutdown group-E2DF9713282C
2019-08-02 04:34:06,041 INFO  util.JmxRegister (JmxRegister.java:unregister(73)) - Successfully un-registered JMX Bean with object name Ratis:service=RaftServer,group=group-E2DF9713282C,id=d3d6266b-e4ba-4296-9c21-6cc0c08ba586
2019-08-02 04:34:06,042 INFO  impl.RoleInfo (RoleInfo.java:shutdownFollowerState(121)) - d3d6266b-e4ba-4296-9c21-6cc0c08ba586: shutdown FollowerState
2019-08-02 04:34:06,041 INFO  util.JmxRegister (JmxRegister.java:unregister(73)) - Successfully un-registered JMX Bean with object name Ratis:service=RaftServer,group=group-E2DF9713282C,id=5144f4a4-9259-4118-a241-19d5ca06460f
2019-08-02 04:34:06,042 INFO  impl.FollowerState (FollowerState.java:run(114)) - d3d6266b-e4ba-4296-9c21-6cc0c08ba586: FollowerState was interrupted: java.lang.InterruptedException: sleep interrupted
2019-08-02 04:34:06,042 INFO  impl.StateMachineUpdater (StateMachineUpdater.java:stopAndJoin(115)) - StateMachineUpdater:d3d6266b-e4ba-4296-9c21-6cc0c08ba586:group-E2DF9713282C: set stopIndex = 0
2019-08-02 04:34:06,045 INFO  impl.RaftServerImpl (ServerState.java:close(394)) - d3d6266b-e4ba-4296-9c21-6cc0c08ba586:group-E2DF9713282C closes. The last applied log index is 0
2019-08-02 04:34:06,042 INFO  impl.RoleInfo (RoleInfo.java:shutdownFollowerState(121)) - 5144f4a4-9259-4118-a241-19d5ca06460f: shutdown FollowerState
2019-08-02 04:34:06,045 INFO  segmented.SegmentedRaftLogWorker (SegmentedRaftLogWorker.java:run(313)) - d3d6266b-e4ba-4296-9c21-6cc0c08ba586-SegmentedRaftLogWorker:Storage Directory /workdir/hadoop-ozone/integration-test/target/test-dir/MiniOzoneClusterImpl-2f6342cd-94eb-4ccf-897b-8b7dca55c299/datanode-1/data/ratis/d4bb99ae-2743-4c6b-9190-e2df9713282c was interrupted, exiting. There are 0 tasks remaining in the queue.
2019-08-02 04:34:06,046 INFO  impl.FollowerState (FollowerState.java:run(114)) - 5144f4a4-9259-4118-a241-19d5ca06460f: FollowerState was interrupted: java.lang.InterruptedException: sleep interrupted
2019-08-02 04:34:06,046 INFO  impl.StateMachineUpdater (StateMachineUpdater.java:stopAndJoin(115)) - StateMachineUpdater:5144f4a4-9259-4118-a241-19d5ca06460f:group-E2DF9713282C: set stopIndex = 0
2019-08-02 04:34:06,051 INFO  impl.RaftServerImpl (ServerState.java:close(394)) - 5144f4a4-9259-4118-a241-19d5ca06460f:group-E2DF9713282C closes. The last applied log index is 0
2019-08-02 04:34:06,049 INFO  segmented.SegmentedRaftLogWorker (SegmentedRaftLogWorker.java:close(228)) - d3d6266b-e4ba-4296-9c21-6cc0c08ba586-SegmentedRaftLogWorker:Storage Directory /workdir/hadoop-ozone/integration-test/target/test-dir/MiniOzoneClusterImpl-2f6342cd-94eb-4ccf-897b-8b7dca55c299/datanode-1/data/ratis/d4bb99ae-2743-4c6b-9190-e2df9713282c close()
2019-08-02 04:34:06,052 INFO  segmented.SegmentedRaftLogWorker (SegmentedRaftLogWorker.java:run(313)) - 5144f4a4-9259-4118-a241-19d5ca06460f-SegmentedRaftLogWorker:Storage Directory /workdir/hadoop-ozone/integration-test/target/test-dir/MiniOzoneClusterImpl-2f6342cd-94eb-4ccf-897b-8b7dca55c299/datanode-0/data/ratis/d4bb99ae-2743-4c6b-9190-e2df9713282c was interrupted, exiting. There are 0 tasks remaining in the queue.
2019-08-02 04:34:06,059 INFO  server.GrpcService (GrpcService.java:closeImpl(155)) - d3d6266b-e4ba-4296-9c21-6cc0c08ba586: shutdown server with port 44099 now
2019-08-02 04:34:06,059 INFO  segmented.SegmentedRaftLogWorker (SegmentedRaftLogWorker.java:close(228)) - 5144f4a4-9259-4118-a241-19d5ca06460f-SegmentedRaftLogWorker:Storage Directory /workdir/hadoop-ozone/integration-test/target/test-dir/MiniOzoneClusterImpl-2f6342cd-94eb-4ccf-897b-8b7dca55c299/datanode-0/data/ratis/d4bb99ae-2743-4c6b-9190-e2df9713282c close()
2019-08-02 04:34:06,064 INFO  server.GrpcService (GrpcService.java:closeImpl(155)) - 5144f4a4-9259-4118-a241-19d5ca06460f: shutdown server with port 41319 now
2019-08-02 04:34:06,070 WARN  server.GrpcServerProtocolService (LogUtils.java:warn(134)) - 5144f4a4-9259-4118-a241-19d5ca06460f: appendEntries onError: org.apache.ratis.thirdparty.io.grpc.StatusRuntimeException: CANCELLED: cancelled before receiving half close
2019-08-02 04:34:06,070 WARN  server.GrpcServerProtocolService (LogUtils.java:warn(134)) - d3d6266b-e4ba-4296-9c21-6cc0c08ba586: appendEntries onError: org.apache.ratis.thirdparty.io.grpc.StatusRuntimeException: CANCELLED: cancelled before receiving half close
2019-08-02 04:34:06,076 INFO  server.GrpcService (GrpcService.java:closeImpl(163)) - 5144f4a4-9259-4118-a241-19d5ca06460f: shutdown server with port 41319 successfully
2019-08-02 04:34:06,076 INFO  server.GrpcService (GrpcService.java:closeImpl(163)) - d3d6266b-e4ba-4296-9c21-6cc0c08ba586: shutdown server with port 44099 successfully
2019-08-02 04:34:06,077 WARN  server.GrpcLogAppender (LogUtils.java:warn(134)) - e984044d-f85a-4bee-aedf-bc9633eec2cb->d3d6266b-e4ba-4296-9c21-6cc0c08ba586: Failed appendEntries: org.apache.ratis.thirdparty.io.grpc.StatusRuntimeException: CANCELLED: HTTP/2 error code: CANCEL
Received Rst Stream
2019-08-02 04:34:06,077 WARN  server.GrpcLogAppender (LogUtils.java:warn(134)) - e984044d-f85a-4bee-aedf-bc9633eec2cb->5144f4a4-9259-4118-a241-19d5ca06460f: Failed appendEntries: org.apache.ratis.thirdparty.io.grpc.StatusRuntimeException: CANCELLED: HTTP/2 error code: CANCEL
Received Rst Stream
2019-08-02 04:34:06,080 INFO  utils.BackgroundService (BackgroundService.java:shutdown(148)) - Shutting down service BlockDeletingService
2019-08-02 04:34:06,083 INFO  impl.FollowerInfo (FollowerInfo.java:lambda$new$0(50)) - e984044d-f85a-4bee-aedf-bc9633eec2cb->5144f4a4-9259-4118-a241-19d5ca06460f: nextIndex: updateUnconditionally 1 -> 0
2019-08-02 04:34:06,083 INFO  utils.BackgroundService (BackgroundService.java:shutdown(148)) - Shutting down service BlockDeletingService
2019-08-02 04:34:06,080 INFO  impl.FollowerInfo (FollowerInfo.java:lambda$new$0(50)) - e984044d-f85a-4bee-aedf-bc9633eec2cb->d3d6266b-e4ba-4296-9c21-6cc0c08ba586: nextIndex: updateUnconditionally 1 -> 0
2019-08-02 04:34:06,084 WARN  fs.CachingGetSpaceUsed (CachingGetSpaceUsed.java:run(183)) - Thread Interrupted waiting to refresh disk information: sleep interrupted
2019-08-02 04:34:06,084 WARN  fs.CachingGetSpaceUsed (CachingGetSpaceUsed.java:run(183)) - Thread Interrupted waiting to refresh disk information: sleep interrupted
2019-08-02 04:34:06,112 INFO  statemachine.DatanodeStateMachine (DatanodeStateMachine.java:stopDaemon(395)) - Ozone container server stopped.
2019-08-02 04:34:06,118 INFO  statemachine.DatanodeStateMachine (DatanodeStateMachine.java:stopDaemon(395)) - Ozone container server stopped.
2019-08-02 04:34:06,128 WARN  server.GrpcLogAppender (LogUtils.java:warn(134)) - e984044d-f85a-4bee-aedf-bc9633eec2cb->5144f4a4-9259-4118-a241-19d5ca06460f: Failed appendEntries: org.apache.ratis.thirdparty.io.grpc.StatusRuntimeException: UNAVAILABLE: io exception
2019-08-02 04:34:06,130 INFO  handler.ContextHandler (ContextHandler.java:doStop(910)) - Stopped o.e.j.w.WebAppContext@3a1b4288{/,null,UNAVAILABLE}{/hddsDatanode}
2019-08-02 04:34:06,128 WARN  server.GrpcLogAppender (LogUtils.java:warn(134)) - e984044d-f85a-4bee-aedf-bc9633eec2cb->d3d6266b-e4ba-4296-9c21-6cc0c08ba586: Failed appendEntries: org.apache.ratis.thirdparty.io.grpc.StatusRuntimeException: UNAVAILABLE: io exception
2019-08-02 04:34:06,128 INFO  handler.ContextHandler (ContextHandler.java:doStop(910)) - Stopped o.e.j.w.WebAppContext@395ad88f{/,null,UNAVAILABLE}{/hddsDatanode}
2019-08-02 04:34:06,134 INFO  impl.FollowerInfo (FollowerInfo.java:lambda$new$0(50)) - e984044d-f85a-4bee-aedf-bc9633eec2cb->d3d6266b-e4ba-4296-9c21-6cc0c08ba586: nextIndex: updateUnconditionally 0 -> 0
2019-08-02 04:34:06,134 INFO  server.AbstractConnector (AbstractConnector.java:doStop(318)) - Stopped ServerConnector@44b162f2{HTTP/1.1,[http/1.1]}{0.0.0.0:0}
2019-08-02 04:34:06,132 INFO  impl.FollowerInfo (FollowerInfo.java:lambda$new$0(50)) - e984044d-f85a-4bee-aedf-bc9633eec2cb->5144f4a4-9259-4118-a241-19d5ca06460f: nextIndex: updateUnconditionally 0 -> 0
2019-08-02 04:34:06,137 INFO  handler.ContextHandler (ContextHandler.java:doStop(910)) - Stopped o.e.j.s.ServletContextHandler@71fae00e{/static,jar:file:/home/user/.m2/repository/org/apache/hadoop/hadoop-hdds-container-service/0.4.1-SNAPSHOT/hadoop-hdds-container-service-0.4.1-SNAPSHOT.jar!/webapps/static,UNAVAILABLE}
2019-08-02 04:34:06,135 INFO  server.AbstractConnector (AbstractConnector.java:doStop(318)) - Stopped ServerConnector@7441833d{HTTP/1.1,[http/1.1]}{0.0.0.0:0}
2019-08-02 04:34:06,139 INFO  handler.ContextHandler (ContextHandler.java:doStop(910)) - Stopped o.e.j.s.ServletContextHandler@69727392{/logs,file:///workdir/hadoop-ozone/integration-test/target/log,UNAVAILABLE}
2019-08-02 04:34:06,139 INFO  handler.ContextHandler (ContextHandler.java:doStop(910)) - Stopped o.e.j.s.ServletContextHandler@2ee8d7f7{/static,jar:file:/home/user/.m2/repository/org/apache/hadoop/hadoop-hdds-container-service/0.4.1-SNAPSHOT/hadoop-hdds-container-service-0.4.1-SNAPSHOT.jar!/webapps/static,UNAVAILABLE}
2019-08-02 04:34:06,140 INFO  handler.ContextHandler (ContextHandler.java:doStop(910)) - Stopped o.e.j.s.ServletContextHandler@a1f78db{/logs,file:///workdir/hadoop-ozone/integration-test/target/log,UNAVAILABLE}
2019-08-02 04:34:06,140 INFO  datanode.ObjectStoreHandler (ObjectStoreHandler.java:close(155)) - Closing ObjectStoreHandler.
2019-08-02 04:34:06,141 INFO  ozone.HddsDatanodeService (HddsDatanodeService.java:stop(451)) - Stopped plug-in org.apache.hadoop.ozone.web.OzoneHddsDatanodeService@4522009a
2019-08-02 04:34:07,002 INFO  statemachine.DatanodeStateMachine (DatanodeStateMachine.java:lambda$startDaemon$0(350)) - Ozone container server started.
2019-08-02 04:34:08,611 WARN  server.GrpcLogAppender (LogUtils.java:warn(134)) - e984044d-f85a-4bee-aedf-bc9633eec2cb->d3d6266b-e4ba-4296-9c21-6cc0c08ba586: Failed appendEntries: org.apache.ratis.thirdparty.io.grpc.StatusRuntimeException: UNAVAILABLE: io exception
2019-08-02 04:34:08,611 WARN  server.GrpcLogAppender (LogUtils.java:warn(134)) - e984044d-f85a-4bee-aedf-bc9633eec2cb->5144f4a4-9259-4118-a241-19d5ca06460f: Failed appendEntries: org.apache.ratis.thirdparty.io.grpc.StatusRuntimeException: UNAVAILABLE: io exception
2019-08-02 04:34:08,614 INFO  impl.FollowerInfo (FollowerInfo.java:lambda$new$0(50)) - e984044d-f85a-4bee-aedf-bc9633eec2cb->d3d6266b-e4ba-4296-9c21-6cc0c08ba586: nextIndex: updateUnconditionally 0 -> 0
2019-08-02 04:34:08,616 INFO  impl.FollowerInfo (FollowerInfo.java:lambda$new$0(50)) - e984044d-f85a-4bee-aedf-bc9633eec2cb->5144f4a4-9259-4118-a241-19d5ca06460f: nextIndex: updateUnconditionally 0 -> 0
2019-08-02 04:34:11,114 WARN  server.GrpcLogAppender (LogUtils.java:warn(134)) - e984044d-f85a-4bee-aedf-bc9633eec2cb->d3d6266b-e4ba-4296-9c21-6cc0c08ba586: Failed appendEntries: org.apache.ratis.thirdparty.io.grpc.StatusRuntimeException: UNAVAILABLE: io exception
2019-08-02 04:34:11,115 WARN  server.GrpcLogAppender (LogUtils.java:warn(134)) - e984044d-f85a-4bee-aedf-bc9633eec2cb->5144f4a4-9259-4118-a241-19d5ca06460f: Failed appendEntries: org.apache.ratis.thirdparty.io.grpc.StatusRuntimeException: UNAVAILABLE: io exception
2019-08-02 04:34:11,119 INFO  impl.FollowerInfo (FollowerInfo.java:lambda$new$0(50)) - e984044d-f85a-4bee-aedf-bc9633eec2cb->d3d6266b-e4ba-4296-9c21-6cc0c08ba586: nextIndex: updateUnconditionally 0 -> 0
2019-08-02 04:34:11,119 INFO  impl.FollowerInfo (FollowerInfo.java:lambda$new$0(50)) - e984044d-f85a-4bee-aedf-bc9633eec2cb->5144f4a4-9259-4118-a241-19d5ca06460f: nextIndex: updateUnconditionally 0 -> 0
2019-08-02 04:34:11,142 INFO  ozoneimpl.OzoneContainer (OzoneContainer.java:stop(199)) - Attempting to stop container services.
2019-08-02 04:34:11,142 INFO  impl.RaftServerProxy (RaftServerProxy.java:lambda$close$4(314)) - e984044d-f85a-4bee-aedf-bc9633eec2cb: close
2019-08-02 04:34:11,143 INFO  impl.RaftServerImpl (RaftServerImpl.java:lambda$shutdown$3(245)) - e984044d-f85a-4bee-aedf-bc9633eec2cb: shutdown group-A118C04D4945
2019-08-02 04:34:11,143 INFO  util.JmxRegister (JmxRegister.java:unregister(73)) - Successfully un-registered JMX Bean with object name Ratis:service=RaftServer,group=group-A118C04D4945,id=e984044d-f85a-4bee-aedf-bc9633eec2cb
2019-08-02 04:34:11,143 INFO  impl.RoleInfo (RoleInfo.java:shutdownLeaderState(104)) - e984044d-f85a-4bee-aedf-bc9633eec2cb: shutdown LeaderState
2019-08-02 04:34:11,144 INFO  impl.PendingRequests (PendingRequests.java:sendNotLeaderResponses(202)) - e984044d-f85a-4bee-aedf-bc9633eec2cb-PendingRequests: sendNotLeaderResponses
2019-08-02 04:34:11,144 INFO  impl.StateMachineUpdater (StateMachineUpdater.java:stopAndJoin(115)) - StateMachineUpdater:e984044d-f85a-4bee-aedf-bc9633eec2cb:group-A118C04D4945: set stopIndex = 0
2019-08-02 04:34:11,144 INFO  impl.RaftServerImpl (ServerState.java:close(394)) - e984044d-f85a-4bee-aedf-bc9633eec2cb:group-A118C04D4945 closes. The last applied log index is 0
2019-08-02 04:34:11,145 INFO  segmented.SegmentedRaftLogWorker (SegmentedRaftLogWorker.java:run(313)) - e984044d-f85a-4bee-aedf-bc9633eec2cb-SegmentedRaftLogWorker:Storage Directory /workdir/hadoop-ozone/integration-test/target/test-dir/MiniOzoneClusterImpl-2f6342cd-94eb-4ccf-897b-8b7dca55c299/datanode-2/data/ratis/05346927-0243-4595-8a6c-a118c04d4945 was interrupted, exiting. There are 0 tasks remaining in the queue.
2019-08-02 04:34:11,147 INFO  segmented.SegmentedRaftLogWorker (SegmentedRaftLogWorker.java:close(228)) - e984044d-f85a-4bee-aedf-bc9633eec2cb-SegmentedRaftLogWorker:Storage Directory /workdir/hadoop-ozone/integration-test/target/test-dir/MiniOzoneClusterImpl-2f6342cd-94eb-4ccf-897b-8b7dca55c299/datanode-2/data/ratis/05346927-0243-4595-8a6c-a118c04d4945 close()
2019-08-02 04:34:11,161 INFO  impl.RaftServerImpl (RaftServerImpl.java:lambda$shutdown$3(245)) - e984044d-f85a-4bee-aedf-bc9633eec2cb: shutdown group-E2DF9713282C
2019-08-02 04:34:11,162 INFO  util.JmxRegister (JmxRegister.java:unregister(73)) - Successfully un-registered JMX Bean with object name Ratis:service=RaftServer,group=group-E2DF9713282C,id=e984044d-f85a-4bee-aedf-bc9633eec2cb
2019-08-02 04:34:11,162 INFO  impl.RoleInfo (RoleInfo.java:shutdownLeaderState(104)) - e984044d-f85a-4bee-aedf-bc9633eec2cb: shutdown LeaderState
2019-08-02 04:34:11,166 INFO  impl.PendingRequests (PendingRequests.java:sendNotLeaderResponses(202)) - e984044d-f85a-4bee-aedf-bc9633eec2cb-PendingRequests: sendNotLeaderResponses
2019-08-02 04:34:11,166 WARN  server.GrpcLogAppender (GrpcLogAppender.java:mayWait(143)) - GrpcLogAppender(e984044d-f85a-4bee-aedf-bc9633eec2cb->d3d6266b-e4ba-4296-9c21-6cc0c08ba586): Wait interrupted by java.lang.InterruptedException
2019-08-02 04:34:11,166 WARN  server.GrpcLogAppender (GrpcLogAppender.java:mayWait(143)) - GrpcLogAppender(e984044d-f85a-4bee-aedf-bc9633eec2cb->5144f4a4-9259-4118-a241-19d5ca06460f): Wait interrupted by java.lang.InterruptedException
2019-08-02 04:34:11,166 INFO  impl.StateMachineUpdater (StateMachineUpdater.java:stopAndJoin(115)) - StateMachineUpdater:e984044d-f85a-4bee-aedf-bc9633eec2cb:group-E2DF9713282C: set stopIndex = 0
2019-08-02 04:34:11,170 INFO  impl.RaftServerImpl (ServerState.java:close(394)) - e984044d-f85a-4bee-aedf-bc9633eec2cb:group-E2DF9713282C closes. The last applied log index is 0
2019-08-02 04:34:11,171 INFO  segmented.SegmentedRaftLogWorker (SegmentedRaftLogWorker.java:run(313)) - e984044d-f85a-4bee-aedf-bc9633eec2cb-SegmentedRaftLogWorker:Storage Directory /workdir/hadoop-ozone/integration-test/target/test-dir/MiniOzoneClusterImpl-2f6342cd-94eb-4ccf-897b-8b7dca55c299/datanode-2/data/ratis/d4bb99ae-2743-4c6b-9190-e2df9713282c was interrupted, exiting. There are 0 tasks remaining in the queue.
2019-08-02 04:34:11,171 INFO  segmented.SegmentedRaftLogWorker (SegmentedRaftLogWorker.java:close(228)) - e984044d-f85a-4bee-aedf-bc9633eec2cb-SegmentedRaftLogWorker:Storage Directory /workdir/hadoop-ozone/integration-test/target/test-dir/MiniOzoneClusterImpl-2f6342cd-94eb-4ccf-897b-8b7dca55c299/datanode-2/data/ratis/d4bb99ae-2743-4c6b-9190-e2df9713282c close()
2019-08-02 04:34:11,173 INFO  server.GrpcService (GrpcService.java:closeImpl(155)) - e984044d-f85a-4bee-aedf-bc9633eec2cb: shutdown server with port 42216 now
2019-08-02 04:34:11,173 INFO  server.GrpcService (GrpcService.java:closeImpl(163)) - e984044d-f85a-4bee-aedf-bc9633eec2cb: shutdown server with port 42216 successfully
2019-08-02 04:34:11,175 INFO  utils.BackgroundService (BackgroundService.java:shutdown(148)) - Shutting down service BlockDeletingService
2019-08-02 04:34:11,176 WARN  fs.CachingGetSpaceUsed (CachingGetSpaceUsed.java:run(183)) - Thread Interrupted waiting to refresh disk information: sleep interrupted
2019-08-02 04:34:11,198 INFO  statemachine.DatanodeStateMachine (DatanodeStateMachine.java:stopDaemon(395)) - Ozone container server stopped.
2019-08-02 04:34:11,215 INFO  handler.ContextHandler (ContextHandler.java:doStop(910)) - Stopped o.e.j.w.WebAppContext@50871bab{/,null,UNAVAILABLE}{/hddsDatanode}
2019-08-02 04:34:11,216 INFO  server.AbstractConnector (AbstractConnector.java:doStop(318)) - Stopped ServerConnector@35e3e6b5{HTTP/1.1,[http/1.1]}{0.0.0.0:0}
2019-08-02 04:34:11,218 INFO  handler.ContextHandler (ContextHandler.java:doStop(910)) - Stopped o.e.j.s.ServletContextHandler@683b687e{/static,jar:file:/home/user/.m2/repository/org/apache/hadoop/hadoop-hdds-container-service/0.4.1-SNAPSHOT/hadoop-hdds-container-service-0.4.1-SNAPSHOT.jar!/webapps/static,UNAVAILABLE}
2019-08-02 04:34:11,221 INFO  handler.ContextHandler (ContextHandler.java:doStop(910)) - Stopped o.e.j.s.ServletContextHandler@5d91732a{/logs,file:///workdir/hadoop-ozone/integration-test/target/log,UNAVAILABLE}
2019-08-02 04:34:11,222 INFO  ozone.MiniOzoneClusterImpl (MiniOzoneClusterImpl.java:stop(353)) - Stopping the StorageContainerManager
2019-08-02 04:34:11,222 INFO  server.StorageContainerManager (StorageContainerManager.java:stop(796)) - Stopping Replication Manager Service.
2019-08-02 04:34:11,222 INFO  container.ReplicationManager (ReplicationManager.java:stop(187)) - Stopping Replication Monitor Thread.
2019-08-02 04:34:11,222 INFO  server.StorageContainerManager (StorageContainerManager.java:stop(803)) - Stopping Lease Manager of the command watchers
2019-08-02 04:34:11,223 INFO  server.StorageContainerManager (StorageContainerManager.java:stop(810)) - Stopping datanode service RPC server
2019-08-02 04:34:11,223 INFO  server.SCMDatanodeProtocolServer (SCMDatanodeProtocolServer.java:stop(367)) - Stopping the RPC server for DataNodes
2019-08-02 04:34:11,223 INFO  ipc.Server (Server.java:stop(3082)) - Stopping server on 45071
2019-08-02 04:34:11,225 INFO  ipc.Server (Server.java:run(1185)) - Stopping IPC Server listener on 45071
2019-08-02 04:34:11,225 INFO  ipc.Server (Server.java:run(1319)) - Stopping IPC Server Responder
2019-08-02 04:34:11,321 WARN  node.NodeStateManager (NodeStateManager.java:scheduleNextHealthCheck(631)) - Current Thread is interrupted, shutting down HB processing thread for Node Manager.
2019-08-02 04:34:11,321 INFO  server.StorageContainerManager (StorageContainerManager.java:stop(818)) - Stopping block service RPC server
2019-08-02 04:34:11,321 INFO  server.SCMBlockProtocolServer (SCMBlockProtocolServer.java:stop(148)) - Stopping the RPC server for Block Protocol
2019-08-02 04:34:11,321 INFO  ipc.Server (Server.java:stop(3082)) - Stopping server on 38793
2019-08-02 04:34:11,324 INFO  ipc.Server (Server.java:run(1185)) - Stopping IPC Server listener on 38793
2019-08-02 04:34:11,324 INFO  ipc.Server (Server.java:run(1319)) - Stopping IPC Server Responder
2019-08-02 04:34:11,324 INFO  server.StorageContainerManager (StorageContainerManager.java:stop(825)) - Stopping the StorageContainerLocationProtocol RPC server
2019-08-02 04:34:11,327 INFO  server.SCMClientProtocolServer (SCMClientProtocolServer.java:stop(159)) - Stopping the RPC server for Client Protocol
2019-08-02 04:34:11,327 INFO  ipc.Server (Server.java:stop(3082)) - Stopping server on 40628
2019-08-02 04:34:11,334 INFO  ipc.Server (Server.java:run(1185)) - Stopping IPC Server listener on 40628
2019-08-02 04:34:11,339 INFO  server.StorageContainerManager (StorageContainerManager.java:stop(832)) - Stopping Storage Container Manager HTTP server.
2019-08-02 04:34:11,339 INFO  ipc.Server (Server.java:run(1319)) - Stopping IPC Server Responder
2019-08-02 04:34:11,342 INFO  handler.ContextHandler (ContextHandler.java:doStop(910)) - Stopped o.e.j.w.WebAppContext@2ecf6047{/,null,UNAVAILABLE}{/scm}
2019-08-02 04:34:11,344 INFO  server.AbstractConnector (AbstractConnector.java:doStop(318)) - Stopped ServerConnector@1996f9ec{HTTP/1.1,[http/1.1]}{0.0.0.0:0}
2019-08-02 04:34:11,344 INFO  handler.ContextHandler (ContextHandler.java:doStop(910)) - Stopped o.e.j.s.ServletContextHandler@165b412b{/static,file:///workdir/hadoop-ozone/integration-test/target/test-classes/webapps/static,UNAVAILABLE}
2019-08-02 04:34:11,345 INFO  handler.ContextHandler (ContextHandler.java:doStop(910)) - Stopped o.e.j.s.ServletContextHandler@447d94c1{/logs,file:///workdir/hadoop-ozone/integration-test/target/log,UNAVAILABLE}
2019-08-02 04:34:11,345 INFO  server.StorageContainerManager (StorageContainerManager.java:stop(843)) - Stopping Block Manager Service.
2019-08-02 04:34:11,346 INFO  utils.BackgroundService (BackgroundService.java:shutdown(148)) - Shutting down service SCMBlockDeletingService
2019-08-02 04:34:11,347 INFO  utils.BackgroundService (BackgroundService.java:shutdown(148)) - Shutting down service SCMBlockDeletingService
2019-08-02 04:34:11,348 INFO  server.StorageContainerManager (StorageContainerManager.java:stop(865)) - Stopping SCM Event Queue.
2019-08-02 04:34:11,351 INFO  impl.MetricsSystemImpl (MetricsSystemImpl.java:stop(210)) - Stopping HddsDatanode metrics system...
2019-08-02 04:34:11,355 INFO  impl.MetricsSystemImpl (MetricsSystemImpl.java:stop(216)) - HddsDatanode metrics system stopped.
]]></system-out>
    <system-err><![CDATA[Aug 02, 2019 4:33:43 AM com.sun.jersey.server.impl.application.WebApplicationImpl _initiate
INFO: Initiating Jersey application, version 'Jersey: 1.19 02/11/2015 03:25 AM'
Aug 02, 2019 4:33:43 AM com.sun.jersey.server.impl.application.WebApplicationImpl _initiate
INFO: Initiating Jersey application, version 'Jersey: 1.19 02/11/2015 03:25 AM'
Aug 02, 2019 4:33:43 AM com.sun.jersey.server.impl.application.WebApplicationImpl _initiate
INFO: Initiating Jersey application, version 'Jersey: 1.19 02/11/2015 03:25 AM'
]]></system-err>
  </testcase>
  <testcase name="testScmInfo" classname="org.apache.hadoop.ozone.TestStorageContainerManager" time="0.33"/>
</testsuite>