<?xml version="1.0" encoding="UTF-8"?>
<testsuite xmlns:xsi="http://www.w3.org/2001/XMLSchema-instance" xsi:noNamespaceSchemaLocation="https://maven.apache.org/surefire/maven-surefire-plugin/xsd/surefire-test-report.xsd" name="org.apache.hadoop.ozone.client.rpc.TestBlockOutputStreamWithFailures" time="672.584" tests="8" errors="0" skipped="0" failures="1">
  <properties>
    <property name="awt.toolkit" value="sun.awt.X11.XToolkit"/>
    <property name="file.encoding.pkg" value="sun.io"/>
    <property name="java.specification.version" value="1.8"/>
    <property name="sun.cpu.isalist" value=""/>
    <property name="sun.jnu.encoding" value="UTF-8"/>
    <property name="java.class.path" value="/workdir/hadoop-ozone/integration-test/target/test-classes:/workdir/hadoop-ozone/integration-test/target/classes:/home/user/.m2/repository/org/apache/hadoop/hadoop-ozone-common/0.4.1-SNAPSHOT/hadoop-ozone-common-0.4.1-SNAPSHOT.jar:/home/user/.m2/repository/org/apache/commons/commons-compress/1.4.1/commons-compress-1.4.1.jar:/home/user/.m2/repository/org/tukaani/xz/1.0/xz-1.0.jar:/home/user/.m2/repository/org/apache/hadoop/hadoop-common/3.2.0/hadoop-common-3.2.0.jar:/home/user/.m2/repository/org/apache/hadoop/hadoop-hdfs/3.2.0/hadoop-hdfs-3.2.0.jar:/home/user/.m2/repository/org/apache/hadoop/hadoop-hdfs-client/3.2.0/hadoop-hdfs-client-3.2.0.jar:/home/user/.m2/repository/com/fasterxml/jackson/core/jackson-annotations/2.9.5/jackson-annotations-2.9.5.jar:/home/user/.m2/repository/org/apache/hadoop/hadoop-hdds-common/0.4.1-SNAPSHOT/hadoop-hdds-common-0.4.1-SNAPSHOT.jar:/home/user/.m2/repository/javax/annotation/javax.annotation-api/1.2/javax.annotation-api-1.2.jar:/home/user/.m2/repository/org/apache/ratis/ratis-server/0.4.0-2337318-SNAPSHOT/ratis-server-0.4.0-2337318-SNAPSHOT.jar:/home/user/.m2/repository/org/apache/ratis/ratis-thirdparty-misc/0.2.0/ratis-thirdparty-misc-0.2.0.jar:/home/user/.m2/repository/org/apache/ratis/ratis-proto/0.4.0-2337318-SNAPSHOT/ratis-proto-0.4.0-2337318-SNAPSHOT.jar:/home/user/.m2/repository/org/apache/ratis/ratis-common/0.4.0-2337318-SNAPSHOT/ratis-common-0.4.0-2337318-SNAPSHOT.jar:/home/user/.m2/repository/org/apache/ratis/ratis-client/0.4.0-2337318-SNAPSHOT/ratis-client-0.4.0-2337318-SNAPSHOT.jar:/home/user/.m2/repository/org/apache/ratis/ratis-metrics/0.4.0-2337318-SNAPSHOT/ratis-metrics-0.4.0-2337318-SNAPSHOT.jar:/home/user/.m2/repository/org/apache/ratis/ratis-netty/0.4.0-2337318-SNAPSHOT/ratis-netty-0.4.0-2337318-SNAPSHOT.jar:/home/user/.m2/repository/org/apache/ratis/ratis-grpc/0.4.0-2337318-SNAPSHOT/ratis-grpc-0.4.0-2337318-SNAPSHOT.jar:/home/user/.m2/repository/org/rocksdb/rocksdbjni/6.0.1/rocksdbjni-6.0.1.jar:/home/user/.m2/repository/org/apache/logging/log4j/log4j-api/2.11.0/log4j-api-2.11.0.jar:/home/user/.m2/repository/org/apache/logging/log4j/log4j-core/2.11.0/log4j-core-2.11.0.jar:/home/user/.m2/repository/com/lmax/disruptor/3.4.2/disruptor-3.4.2.jar:/home/user/.m2/repository/org/apache/commons/commons-pool2/2.6.0/commons-pool2-2.6.0.jar:/home/user/.m2/repository/org/bouncycastle/bcpkix-jdk15on/1.60/bcpkix-jdk15on-1.60.jar:/home/user/.m2/repository/commons-validator/commons-validator/1.6/commons-validator-1.6.jar:/home/user/.m2/repository/commons-digester/commons-digester/1.8.1/commons-digester-1.8.1.jar:/home/user/.m2/repository/io/jaegertracing/jaeger-client/0.33.1/jaeger-client-0.33.1.jar:/home/user/.m2/repository/io/jaegertracing/jaeger-thrift/0.33.1/jaeger-thrift-0.33.1.jar:/home/user/.m2/repository/org/apache/thrift/libthrift/0.11.0/libthrift-0.11.0.jar:/home/user/.m2/repository/com/squareup/okhttp3/okhttp/3.9.0/okhttp-3.9.0.jar:/home/user/.m2/repository/com/squareup/okio/okio/1.13.0/okio-1.13.0.jar:/home/user/.m2/repository/io/jaegertracing/jaeger-core/0.33.1/jaeger-core-0.33.1.jar:/home/user/.m2/repository/io/jaegertracing/jaeger-tracerresolver/0.33.1/jaeger-tracerresolver-0.33.1.jar:/home/user/.m2/repository/io/opentracing/contrib/opentracing-tracerresolver/0.1.5/opentracing-tracerresolver-0.1.5.jar:/home/user/.m2/repository/io/opentracing/opentracing-util/0.31.0/opentracing-util-0.31.0.jar:/home/user/.m2/repository/io/opentracing/opentracing-api/0.31.0/opentracing-api-0.31.0.jar:/home/user/.m2/repository/io/opentracing/opentracing-noop/0.31.0/opentracing-noop-0.31.0.jar:/home/user/.m2/repository/org/apache/hadoop/hadoop-hdds-server-framework/0.4.1-SNAPSHOT/hadoop-hdds-server-framework-0.4.1-SNAPSHOT.jar:/home/user/.m2/repository/org/apache/hadoop/hadoop-hdds-container-service/0.4.1-SNAPSHOT/hadoop-hdds-container-service-0.4.1-SNAPSHOT.jar:/home/user/.m2/repository/org/apache/hadoop/hadoop-hdds-client/0.4.1-SNAPSHOT/hadoop-hdds-client-0.4.1-SNAPSHOT.jar:/home/user/.m2/repository/org/apache/hadoop/hadoop-hdds-tools/0.4.1-SNAPSHOT/hadoop-hdds-tools-0.4.1-SNAPSHOT.jar:/home/user/.m2/repository/org/apache/hadoop/hadoop-hdds-server-scm/0.4.1-SNAPSHOT/hadoop-hdds-server-scm-0.4.1-SNAPSHOT.jar:/home/user/.m2/repository/org/apache/hadoop/hadoop-hdds-docs/0.4.1-SNAPSHOT/hadoop-hdds-docs-0.4.1-SNAPSHOT.jar:/home/user/.m2/repository/io/dropwizard/metrics/metrics-core/3.2.4/metrics-core-3.2.4.jar:/home/user/.m2/repository/org/hamcrest/hamcrest-all/1.3/hamcrest-all-1.3.jar:/home/user/.m2/repository/org/bouncycastle/bcprov-jdk15on/1.60/bcprov-jdk15on-1.60.jar:/home/user/.m2/repository/info/picocli/picocli/3.9.6/picocli-3.9.6.jar:/home/user/.m2/repository/com/google/protobuf/protobuf-java/2.5.0/protobuf-java-2.5.0.jar:/home/user/.m2/repository/com/google/guava/guava/11.0.2/guava-11.0.2.jar:/home/user/.m2/repository/org/apache/hadoop/hadoop-ozone-ozone-manager/0.4.1-SNAPSHOT/hadoop-ozone-ozone-manager-0.4.1-SNAPSHOT.jar:/home/user/.m2/repository/org/apache/hadoop/hadoop-minikdc/3.2.0/hadoop-minikdc-3.2.0.jar:/home/user/.m2/repository/commons-io/commons-io/2.5/commons-io-2.5.jar:/home/user/.m2/repository/org/apache/kerby/kerb-simplekdc/1.0.1/kerb-simplekdc-1.0.1.jar:/home/user/.m2/repository/org/apache/kerby/kerb-client/1.0.1/kerb-client-1.0.1.jar:/home/user/.m2/repository/org/apache/kerby/kerby-config/1.0.1/kerby-config-1.0.1.jar:/home/user/.m2/repository/org/apache/kerby/kerb-core/1.0.1/kerb-core-1.0.1.jar:/home/user/.m2/repository/org/apache/kerby/kerby-pkix/1.0.1/kerby-pkix-1.0.1.jar:/home/user/.m2/repository/org/apache/kerby/kerby-asn1/1.0.1/kerby-asn1-1.0.1.jar:/home/user/.m2/repository/org/apache/kerby/kerby-util/1.0.1/kerby-util-1.0.1.jar:/home/user/.m2/repository/org/apache/kerby/kerb-common/1.0.1/kerb-common-1.0.1.jar:/home/user/.m2/repository/org/apache/kerby/kerb-crypto/1.0.1/kerb-crypto-1.0.1.jar:/home/user/.m2/repository/org/apache/kerby/kerb-util/1.0.1/kerb-util-1.0.1.jar:/home/user/.m2/repository/org/apache/kerby/token-provider/1.0.1/token-provider-1.0.1.jar:/home/user/.m2/repository/org/apache/kerby/kerb-admin/1.0.1/kerb-admin-1.0.1.jar:/home/user/.m2/repository/org/apache/kerby/kerb-server/1.0.1/kerb-server-1.0.1.jar:/home/user/.m2/repository/org/apache/kerby/kerb-identity/1.0.1/kerb-identity-1.0.1.jar:/home/user/.m2/repository/org/apache/kerby/kerby-xdr/1.0.1/kerby-xdr-1.0.1.jar:/home/user/.m2/repository/org/slf4j/slf4j-log4j12/1.7.25/slf4j-log4j12-1.7.25.jar:/home/user/.m2/repository/org/apache/hadoop/hadoop-ozone-objectstore-service/0.4.1-SNAPSHOT/hadoop-ozone-objectstore-service-0.4.1-SNAPSHOT.jar:/home/user/.m2/repository/org/apache/hadoop/hadoop-ozone-s3gateway/0.4.1-SNAPSHOT/hadoop-ozone-s3gateway-0.4.1-SNAPSHOT.jar:/home/user/.m2/repository/org/jboss/weld/servlet/weld-servlet/2.4.7.Final/weld-servlet-2.4.7.Final.jar:/home/user/.m2/repository/org/glassfish/jersey/containers/jersey-container-servlet-core/2.27/jersey-container-servlet-core-2.27.jar:/home/user/.m2/repository/org/glassfish/hk2/external/javax.inject/2.5.0-b42/javax.inject-2.5.0-b42.jar:/home/user/.m2/repository/org/glassfish/jersey/core/jersey-common/2.27/jersey-common-2.27.jar:/home/user/.m2/repository/org/glassfish/hk2/osgi-resource-locator/1.0.1/osgi-resource-locator-1.0.1.jar:/home/user/.m2/repository/javax/ws/rs/javax.ws.rs-api/2.1/javax.ws.rs-api-2.1.jar:/home/user/.m2/repository/org/glassfish/jersey/ext/cdi/jersey-cdi1x/2.27/jersey-cdi1x-2.27.jar:/home/user/.m2/repository/org/glassfish/jersey/inject/jersey-hk2/2.27/jersey-hk2-2.27.jar:/home/user/.m2/repository/org/glassfish/hk2/hk2-locator/2.5.0-b42/hk2-locator-2.5.0-b42.jar:/home/user/.m2/repository/org/javassist/javassist/3.22.0-CR2/javassist-3.22.0-CR2.jar:/home/user/.m2/repository/org/glassfish/hk2/hk2-api/2.5.0/hk2-api-2.5.0.jar:/home/user/.m2/repository/org/glassfish/hk2/external/jakarta.inject/2.5.0/jakarta.inject-2.5.0.jar:/home/user/.m2/repository/org/glassfish/hk2/hk2-utils/2.5.0/hk2-utils-2.5.0.jar:/home/user/.m2/repository/jakarta/annotation/jakarta.annotation-api/1.3.4/jakarta.annotation-api-1.3.4.jar:/home/user/.m2/repository/org/glassfish/hk2/external/aopalliance-repackaged/2.5.0/aopalliance-repackaged-2.5.0.jar:/home/user/.m2/repository/com/fasterxml/jackson/dataformat/jackson-dataformat-xml/2.9.0/jackson-dataformat-xml-2.9.0.jar:/home/user/.m2/repository/com/fasterxml/jackson/core/jackson-core/2.9.5/jackson-core-2.9.5.jar:/home/user/.m2/repository/com/fasterxml/jackson/module/jackson-module-jaxb-annotations/2.9.5/jackson-module-jaxb-annotations-2.9.5.jar:/home/user/.m2/repository/javax/enterprise/cdi-api/1.2/cdi-api-1.2.jar:/home/user/.m2/repository/javax/el/javax.el-api/3.0.0/javax.el-api-3.0.0.jar:/home/user/.m2/repository/javax/interceptor/javax.interceptor-api/1.2/javax.interceptor-api-1.2.jar:/home/user/.m2/repository/javax/inject/javax.inject/1/javax.inject-1.jar:/home/user/.m2/repository/com/sun/xml/bind/jaxb-impl/2.3.0.1/jaxb-impl-2.3.0.1.jar:/home/user/.m2/repository/com/sun/xml/bind/jaxb-core/2.3.0.1/jaxb-core-2.3.0.1.jar:/home/user/.m2/repository/javax/xml/bind/jaxb-api/2.3.0/jaxb-api-2.3.0.jar:/home/user/.m2/repository/javax/activation/activation/1.1.1/activation-1.1.1.jar:/home/user/.m2/repository/org/apache/hadoop/hadoop-ozone-csi/0.4.1-SNAPSHOT/hadoop-ozone-csi-0.4.1-SNAPSHOT.jar:/home/user/.m2/repository/com/google/protobuf/protobuf-java-util/3.5.1/protobuf-java-util-3.5.1.jar:/home/user/.m2/repository/org/apache/hadoop/hadoop-hdds-config/0.4.1-SNAPSHOT/hadoop-hdds-config-0.4.1-SNAPSHOT.jar:/home/user/.m2/repository/io/grpc/grpc-netty/1.17.1/grpc-netty-1.17.1.jar:/home/user/.m2/repository/io/grpc/grpc-core/1.17.1/grpc-core-1.17.1.jar:/home/user/.m2/repository/io/grpc/grpc-context/1.17.1/grpc-context-1.17.1.jar:/home/user/.m2/repository/com/google/errorprone/error_prone_annotations/2.2.0/error_prone_annotations-2.2.0.jar:/home/user/.m2/repository/org/codehaus/mojo/animal-sniffer-annotations/1.17/animal-sniffer-annotations-1.17.jar:/home/user/.m2/repository/io/opencensus/opencensus-api/0.17.0/opencensus-api-0.17.0.jar:/home/user/.m2/repository/io/opencensus/opencensus-contrib-grpc-metrics/0.17.0/opencensus-contrib-grpc-metrics-0.17.0.jar:/home/user/.m2/repository/io/netty/netty-codec-http2/4.1.30.Final/netty-codec-http2-4.1.30.Final.jar:/home/user/.m2/repository/io/netty/netty-codec-http/4.1.30.Final/netty-codec-http-4.1.30.Final.jar:/home/user/.m2/repository/io/netty/netty-codec/4.1.30.Final/netty-codec-4.1.30.Final.jar:/home/user/.m2/repository/io/netty/netty-handler/4.1.30.Final/netty-handler-4.1.30.Final.jar:/home/user/.m2/repository/io/netty/netty-handler-proxy/4.1.30.Final/netty-handler-proxy-4.1.30.Final.jar:/home/user/.m2/repository/io/netty/netty-codec-socks/4.1.30.Final/netty-codec-socks-4.1.30.Final.jar:/home/user/.m2/repository/io/netty/netty-transport-native-epoll/4.1.30.Final/netty-transport-native-epoll-4.1.30.Final.jar:/home/user/.m2/repository/io/netty/netty-common/4.1.30.Final/netty-common-4.1.30.Final.jar:/home/user/.m2/repository/io/netty/netty-buffer/4.1.30.Final/netty-buffer-4.1.30.Final.jar:/home/user/.m2/repository/io/netty/netty-transport/4.1.30.Final/netty-transport-4.1.30.Final.jar:/home/user/.m2/repository/io/netty/netty-resolver/4.1.30.Final/netty-resolver-4.1.30.Final.jar:/home/user/.m2/repository/io/netty/netty-transport-native-unix-common/4.1.30.Final/netty-transport-native-unix-common-4.1.30.Final.jar:/home/user/.m2/repository/io/grpc/grpc-protobuf/1.17.1/grpc-protobuf-1.17.1.jar:/home/user/.m2/repository/com/google/api/grpc/proto-google-common-protos/1.0.0/proto-google-common-protos-1.0.0.jar:/home/user/.m2/repository/io/grpc/grpc-protobuf-lite/1.17.1/grpc-protobuf-lite-1.17.1.jar:/home/user/.m2/repository/io/grpc/grpc-stub/1.17.1/grpc-stub-1.17.1.jar:/home/user/.m2/repository/org/apache/hadoop/hadoop-ozone-recon/0.4.1-SNAPSHOT/hadoop-ozone-recon-0.4.1-SNAPSHOT.jar:/home/user/.m2/repository/org/apache/hadoop/hadoop-ozone-reconcodegen/0.4.1-SNAPSHOT/hadoop-ozone-reconcodegen-0.4.1-SNAPSHOT.jar:/home/user/.m2/repository/com/google/inject/extensions/guice-multibindings/4.0/guice-multibindings-4.0.jar:/home/user/.m2/repository/com/google/inject/guice/4.0/guice-4.0.jar:/home/user/.m2/repository/aopalliance/aopalliance/1.0/aopalliance-1.0.jar:/home/user/.m2/repository/com/google/inject/extensions/guice-servlet/4.0/guice-servlet-4.0.jar:/home/user/.m2/repository/org/glassfish/jersey/containers/jersey-container-servlet/2.27/jersey-container-servlet-2.27.jar:/home/user/.m2/repository/org/glassfish/hk2/guice-bridge/2.5.0/guice-bridge-2.5.0.jar:/home/user/.m2/repository/org/glassfish/jersey/core/jersey-server/2.27/jersey-server-2.27.jar:/home/user/.m2/repository/org/glassfish/jersey/core/jersey-client/2.27/jersey-client-2.27.jar:/home/user/.m2/repository/org/glassfish/jersey/media/jersey-media-jaxb/2.27/jersey-media-jaxb-2.27.jar:/home/user/.m2/repository/javax/validation/validation-api/1.1.0.Final/validation-api-1.1.0.Final.jar:/home/user/.m2/repository/org/glassfish/jersey/media/jersey-media-json-jackson/2.27/jersey-media-json-jackson-2.27.jar:/home/user/.m2/repository/org/glassfish/jersey/ext/jersey-entity-filtering/2.27/jersey-entity-filtering-2.27.jar:/home/user/.m2/repository/com/google/inject/extensions/guice-assistedinject/4.0/guice-assistedinject-4.0.jar:/home/user/.m2/repository/org/jooq/jooq/3.11.10/jooq-3.11.10.jar:/home/user/.m2/repository/org/jooq/jooq-meta/3.11.10/jooq-meta-3.11.10.jar:/home/user/.m2/repository/org/jooq/jooq-codegen/3.11.10/jooq-codegen-3.11.10.jar:/home/user/.m2/repository/com/jolbox/bonecp/0.8.0.RELEASE/bonecp-0.8.0.RELEASE.jar:/home/user/.m2/repository/org/xerial/sqlite-jdbc/3.25.2/sqlite-jdbc-3.25.2.jar:/home/user/.m2/repository/org/springframework/spring-jdbc/5.1.3.RELEASE/spring-jdbc-5.1.3.RELEASE.jar:/home/user/.m2/repository/org/springframework/spring-beans/5.1.3.RELEASE/spring-beans-5.1.3.RELEASE.jar:/home/user/.m2/repository/org/springframework/spring-core/5.1.3.RELEASE/spring-core-5.1.3.RELEASE.jar:/home/user/.m2/repository/org/springframework/spring-jcl/5.1.3.RELEASE/spring-jcl-5.1.3.RELEASE.jar:/home/user/.m2/repository/org/springframework/spring-tx/5.1.3.RELEASE/spring-tx-5.1.3.RELEASE.jar:/home/user/.m2/repository/org/apache/hadoop/hadoop-ozone-client/0.4.1-SNAPSHOT/hadoop-ozone-client-0.4.1-SNAPSHOT.jar:/home/user/.m2/repository/commons-lang/commons-lang/2.6/commons-lang-2.6.jar:/home/user/.m2/repository/org/apache/hadoop/hadoop-ozone-ozone-manager/0.4.1-SNAPSHOT/hadoop-ozone-ozone-manager-0.4.1-SNAPSHOT-tests.jar:/home/user/.m2/repository/junit/junit/4.11/junit-4.11.jar:/home/user/.m2/repository/org/hamcrest/hamcrest-core/1.3/hamcrest-core-1.3.jar:/home/user/.m2/repository/org/openjdk/jmh/jmh-core/1.19/jmh-core-1.19.jar:/home/user/.m2/repository/net/sf/jopt-simple/jopt-simple/4.6/jopt-simple-4.6.jar:/home/user/.m2/repository/org/apache/commons/commons-math3/3.1.1/commons-math3-3.1.1.jar:/home/user/.m2/repository/org/openjdk/jmh/jmh-generator-annprocess/1.19/jmh-generator-annprocess-1.19.jar:/home/user/.m2/repository/org/mockito/mockito-all/1.8.5/mockito-all-1.8.5.jar:/home/user/.m2/repository/org/apache/hadoop/hadoop-kms/3.2.0/hadoop-kms-3.2.0.jar:/home/user/.m2/repository/org/apache/hadoop/hadoop-auth/3.2.0/hadoop-auth-3.2.0.jar:/home/user/.m2/repository/com/nimbusds/nimbus-jose-jwt/4.41.1/nimbus-jose-jwt-4.41.1.jar:/home/user/.m2/repository/com/github/stephenc/jcip/jcip-annotations/1.0-1/jcip-annotations-1.0-1.jar:/home/user/.m2/repository/net/minidev/json-smart/2.3/json-smart-2.3.jar:/home/user/.m2/repository/net/minidev/accessors-smart/1.2/accessors-smart-1.2.jar:/home/user/.m2/repository/org/ow2/asm/asm/5.0.4/asm-5.0.4.jar:/home/user/.m2/repository/org/apache/curator/curator-framework/2.12.0/curator-framework-2.12.0.jar:/home/user/.m2/repository/com/sun/jersey/jersey-core/1.19/jersey-core-1.19.jar:/home/user/.m2/repository/javax/ws/rs/jsr311-api/1.1.1/jsr311-api-1.1.1.jar:/home/user/.m2/repository/com/sun/jersey/jersey-server/1.19/jersey-server-1.19.jar:/home/user/.m2/repository/javax/servlet/javax.servlet-api/3.1.0/javax.servlet-api-3.1.0.jar:/home/user/.m2/repository/org/eclipse/jetty/jetty-server/9.3.24.v20180605/jetty-server-9.3.24.v20180605.jar:/home/user/.m2/repository/org/eclipse/jetty/jetty-http/9.3.24.v20180605/jetty-http-9.3.24.v20180605.jar:/home/user/.m2/repository/org/eclipse/jetty/jetty-io/9.3.24.v20180605/jetty-io-9.3.24.v20180605.jar:/home/user/.m2/repository/org/eclipse/jetty/jetty-webapp/9.3.24.v20180605/jetty-webapp-9.3.24.v20180605.jar:/home/user/.m2/repository/org/eclipse/jetty/jetty-xml/9.3.24.v20180605/jetty-xml-9.3.24.v20180605.jar:/home/user/.m2/repository/log4j/log4j/1.2.17/log4j-1.2.17.jar:/home/user/.m2/repository/org/slf4j/slf4j-api/1.7.25/slf4j-api-1.7.25.jar:/home/user/.m2/repository/org/slf4j/jul-to-slf4j/1.7.25/jul-to-slf4j-1.7.25.jar:/home/user/.m2/repository/org/eclipse/jetty/jetty-util/9.3.24.v20180605/jetty-util-9.3.24.v20180605.jar:/home/user/.m2/repository/com/fasterxml/jackson/core/jackson-databind/2.9.5/jackson-databind-2.9.5.jar:/home/user/.m2/repository/org/apache/hadoop/hadoop-kms/3.2.0/hadoop-kms-3.2.0-tests.jar:/home/user/.m2/repository/org/apache/hadoop/hadoop-hdds-server-scm/0.4.1-SNAPSHOT/hadoop-hdds-server-scm-0.4.1-SNAPSHOT-tests.jar:/home/user/.m2/repository/org/apache/hadoop/hadoop-hdds-container-service/0.4.1-SNAPSHOT/hadoop-hdds-container-service-0.4.1-SNAPSHOT-tests.jar:/home/user/.m2/repository/org/yaml/snakeyaml/1.16/snakeyaml-1.16.jar:/home/user/.m2/repository/org/apache/hadoop/hadoop-common/3.2.0/hadoop-common-3.2.0-tests.jar:/home/user/.m2/repository/org/apache/hadoop/hadoop-annotations/3.2.0/hadoop-annotations-3.2.0.jar:/usr/lib/jvm/java-1.8-openjdk/jre/../lib/tools.jar:/home/user/.m2/repository/commons-cli/commons-cli/1.2/commons-cli-1.2.jar:/home/user/.m2/repository/org/apache/httpcomponents/httpclient/4.5.2/httpclient-4.5.2.jar:/home/user/.m2/repository/org/apache/httpcomponents/httpcore/4.4.4/httpcore-4.4.4.jar:/home/user/.m2/repository/commons-codec/commons-codec/1.11/commons-codec-1.11.jar:/home/user/.m2/repository/commons-net/commons-net/3.6/commons-net-3.6.jar:/home/user/.m2/repository/commons-collections/commons-collections/3.2.2/commons-collections-3.2.2.jar:/home/user/.m2/repository/org/eclipse/jetty/jetty-servlet/9.3.24.v20180605/jetty-servlet-9.3.24.v20180605.jar:/home/user/.m2/repository/org/eclipse/jetty/jetty-security/9.3.24.v20180605/jetty-security-9.3.24.v20180605.jar:/home/user/.m2/repository/javax/servlet/jsp/jsp-api/2.1/jsp-api-2.1.jar:/home/user/.m2/repository/com/sun/jersey/jersey-servlet/1.19/jersey-servlet-1.19.jar:/home/user/.m2/repository/com/sun/jersey/jersey-json/1.19/jersey-json-1.19.jar:/home/user/.m2/repository/org/codehaus/jettison/jettison/1.1/jettison-1.1.jar:/home/user/.m2/repository/org/codehaus/jackson/jackson-core-asl/1.9.13/jackson-core-asl-1.9.13.jar:/home/user/.m2/repository/org/codehaus/jackson/jackson-mapper-asl/1.9.13/jackson-mapper-asl-1.9.13.jar:/home/user/.m2/repository/org/codehaus/jackson/jackson-jaxrs/1.9.13/jackson-jaxrs-1.9.13.jar:/home/user/.m2/repository/org/codehaus/jackson/jackson-xc/1.9.13/jackson-xc-1.9.13.jar:/home/user/.m2/repository/commons-logging/commons-logging/1.1.3/commons-logging-1.1.3.jar:/home/user/.m2/repository/commons-beanutils/commons-beanutils/1.9.3/commons-beanutils-1.9.3.jar:/home/user/.m2/repository/org/apache/commons/commons-configuration2/2.1.1/commons-configuration2-2.1.1.jar:/home/user/.m2/repository/org/apache/commons/commons-lang3/3.7/commons-lang3-3.7.jar:/home/user/.m2/repository/org/apache/commons/commons-text/1.4/commons-text-1.4.jar:/home/user/.m2/repository/org/apache/avro/avro/1.7.7/avro-1.7.7.jar:/home/user/.m2/repository/com/thoughtworks/paranamer/paranamer/2.3/paranamer-2.3.jar:/home/user/.m2/repository/org/xerial/snappy/snappy-java/1.0.5/snappy-java-1.0.5.jar:/home/user/.m2/repository/com/google/re2j/re2j/1.1/re2j-1.1.jar:/home/user/.m2/repository/com/google/code/gson/gson/2.2.4/gson-2.2.4.jar:/home/user/.m2/repository/com/jcraft/jsch/0.1.54/jsch-0.1.54.jar:/home/user/.m2/repository/org/apache/curator/curator-client/2.12.0/curator-client-2.12.0.jar:/home/user/.m2/repository/org/apache/curator/curator-recipes/2.12.0/curator-recipes-2.12.0.jar:/home/user/.m2/repository/com/google/code/findbugs/jsr305/3.0.0/jsr305-3.0.0.jar:/home/user/.m2/repository/org/apache/htrace/htrace-core4/4.1.0-incubating/htrace-core4-4.1.0-incubating.jar:/home/user/.m2/repository/org/apache/zookeeper/zookeeper/3.4.13/zookeeper-3.4.13.jar:/home/user/.m2/repository/org/apache/yetus/audience-annotations/0.5.0/audience-annotations-0.5.0.jar:/home/user/.m2/repository/org/codehaus/woodstox/stax2-api/3.1.4/stax2-api-3.1.4.jar:/home/user/.m2/repository/com/fasterxml/woodstox/woodstox-core/5.0.3/woodstox-core-5.0.3.jar:/home/user/.m2/repository/dnsjava/dnsjava/2.1.7/dnsjava-2.1.7.jar:/home/user/.m2/repository/org/apache/hadoop/hadoop-hdfs/3.2.0/hadoop-hdfs-3.2.0-tests.jar:/home/user/.m2/repository/org/eclipse/jetty/jetty-util-ajax/9.3.24.v20180605/jetty-util-ajax-9.3.24.v20180605.jar:/home/user/.m2/repository/commons-daemon/commons-daemon/1.0.13/commons-daemon-1.0.13.jar:/home/user/.m2/repository/io/netty/netty/3.10.5.Final/netty-3.10.5.Final.jar:/home/user/.m2/repository/io/netty/netty-all/4.0.52.Final/netty-all-4.0.52.Final.jar:/home/user/.m2/repository/org/fusesource/leveldbjni/leveldbjni-all/1.8/leveldbjni-all-1.8.jar:"/>
    <property name="java.vm.vendor" value="IcedTea"/>
    <property name="sun.arch.data.model" value="64"/>
    <property name="test.build.dir" value="/workdir/hadoop-ozone/integration-test/target/test-dir"/>
    <property name="test.cache.data" value=""/>
    <property name="java.vendor.url" value="https://icedtea.classpath.org"/>
    <property name="user.timezone" value=""/>
    <property name="java.vm.specification.version" value="1.8"/>
    <property name="os.name" value="Linux"/>
    <property name="test.build.data" value="/workdir/hadoop-ozone/integration-test/target/test-dir"/>
    <property name="user.country" value="US"/>
    <property name="sun.java.launcher" value="SUN_STANDARD"/>
    <property name="sun.boot.library.path" value="/usr/lib/jvm/java-1.8-openjdk/jre/lib/amd64"/>
    <property name="sun.java.command" value="/workdir/hadoop-ozone/integration-test/target/surefire/surefirebooter4712526653128536087.jar /workdir/hadoop-ozone/integration-test/target/surefire 2019-08-02T03-13-05_649-jvmRun1 surefire87881022696006561tmp surefire_545945838450603076471tmp"/>
    <property name="surefire.test.class.path" value="/workdir/hadoop-ozone/integration-test/target/test-classes:/workdir/hadoop-ozone/integration-test/target/classes:/home/user/.m2/repository/org/apache/hadoop/hadoop-ozone-common/0.4.1-SNAPSHOT/hadoop-ozone-common-0.4.1-SNAPSHOT.jar:/home/user/.m2/repository/org/apache/commons/commons-compress/1.4.1/commons-compress-1.4.1.jar:/home/user/.m2/repository/org/tukaani/xz/1.0/xz-1.0.jar:/home/user/.m2/repository/org/apache/hadoop/hadoop-common/3.2.0/hadoop-common-3.2.0.jar:/home/user/.m2/repository/org/apache/hadoop/hadoop-hdfs/3.2.0/hadoop-hdfs-3.2.0.jar:/home/user/.m2/repository/org/apache/hadoop/hadoop-hdfs-client/3.2.0/hadoop-hdfs-client-3.2.0.jar:/home/user/.m2/repository/com/fasterxml/jackson/core/jackson-annotations/2.9.5/jackson-annotations-2.9.5.jar:/home/user/.m2/repository/org/apache/hadoop/hadoop-hdds-common/0.4.1-SNAPSHOT/hadoop-hdds-common-0.4.1-SNAPSHOT.jar:/home/user/.m2/repository/javax/annotation/javax.annotation-api/1.2/javax.annotation-api-1.2.jar:/home/user/.m2/repository/org/apache/ratis/ratis-server/0.4.0-2337318-SNAPSHOT/ratis-server-0.4.0-2337318-SNAPSHOT.jar:/home/user/.m2/repository/org/apache/ratis/ratis-thirdparty-misc/0.2.0/ratis-thirdparty-misc-0.2.0.jar:/home/user/.m2/repository/org/apache/ratis/ratis-proto/0.4.0-2337318-SNAPSHOT/ratis-proto-0.4.0-2337318-SNAPSHOT.jar:/home/user/.m2/repository/org/apache/ratis/ratis-common/0.4.0-2337318-SNAPSHOT/ratis-common-0.4.0-2337318-SNAPSHOT.jar:/home/user/.m2/repository/org/apache/ratis/ratis-client/0.4.0-2337318-SNAPSHOT/ratis-client-0.4.0-2337318-SNAPSHOT.jar:/home/user/.m2/repository/org/apache/ratis/ratis-metrics/0.4.0-2337318-SNAPSHOT/ratis-metrics-0.4.0-2337318-SNAPSHOT.jar:/home/user/.m2/repository/org/apache/ratis/ratis-netty/0.4.0-2337318-SNAPSHOT/ratis-netty-0.4.0-2337318-SNAPSHOT.jar:/home/user/.m2/repository/org/apache/ratis/ratis-grpc/0.4.0-2337318-SNAPSHOT/ratis-grpc-0.4.0-2337318-SNAPSHOT.jar:/home/user/.m2/repository/org/rocksdb/rocksdbjni/6.0.1/rocksdbjni-6.0.1.jar:/home/user/.m2/repository/org/apache/logging/log4j/log4j-api/2.11.0/log4j-api-2.11.0.jar:/home/user/.m2/repository/org/apache/logging/log4j/log4j-core/2.11.0/log4j-core-2.11.0.jar:/home/user/.m2/repository/com/lmax/disruptor/3.4.2/disruptor-3.4.2.jar:/home/user/.m2/repository/org/apache/commons/commons-pool2/2.6.0/commons-pool2-2.6.0.jar:/home/user/.m2/repository/org/bouncycastle/bcpkix-jdk15on/1.60/bcpkix-jdk15on-1.60.jar:/home/user/.m2/repository/commons-validator/commons-validator/1.6/commons-validator-1.6.jar:/home/user/.m2/repository/commons-digester/commons-digester/1.8.1/commons-digester-1.8.1.jar:/home/user/.m2/repository/io/jaegertracing/jaeger-client/0.33.1/jaeger-client-0.33.1.jar:/home/user/.m2/repository/io/jaegertracing/jaeger-thrift/0.33.1/jaeger-thrift-0.33.1.jar:/home/user/.m2/repository/org/apache/thrift/libthrift/0.11.0/libthrift-0.11.0.jar:/home/user/.m2/repository/com/squareup/okhttp3/okhttp/3.9.0/okhttp-3.9.0.jar:/home/user/.m2/repository/com/squareup/okio/okio/1.13.0/okio-1.13.0.jar:/home/user/.m2/repository/io/jaegertracing/jaeger-core/0.33.1/jaeger-core-0.33.1.jar:/home/user/.m2/repository/io/jaegertracing/jaeger-tracerresolver/0.33.1/jaeger-tracerresolver-0.33.1.jar:/home/user/.m2/repository/io/opentracing/contrib/opentracing-tracerresolver/0.1.5/opentracing-tracerresolver-0.1.5.jar:/home/user/.m2/repository/io/opentracing/opentracing-util/0.31.0/opentracing-util-0.31.0.jar:/home/user/.m2/repository/io/opentracing/opentracing-api/0.31.0/opentracing-api-0.31.0.jar:/home/user/.m2/repository/io/opentracing/opentracing-noop/0.31.0/opentracing-noop-0.31.0.jar:/home/user/.m2/repository/org/apache/hadoop/hadoop-hdds-server-framework/0.4.1-SNAPSHOT/hadoop-hdds-server-framework-0.4.1-SNAPSHOT.jar:/home/user/.m2/repository/org/apache/hadoop/hadoop-hdds-container-service/0.4.1-SNAPSHOT/hadoop-hdds-container-service-0.4.1-SNAPSHOT.jar:/home/user/.m2/repository/org/apache/hadoop/hadoop-hdds-client/0.4.1-SNAPSHOT/hadoop-hdds-client-0.4.1-SNAPSHOT.jar:/home/user/.m2/repository/org/apache/hadoop/hadoop-hdds-tools/0.4.1-SNAPSHOT/hadoop-hdds-tools-0.4.1-SNAPSHOT.jar:/home/user/.m2/repository/org/apache/hadoop/hadoop-hdds-server-scm/0.4.1-SNAPSHOT/hadoop-hdds-server-scm-0.4.1-SNAPSHOT.jar:/home/user/.m2/repository/org/apache/hadoop/hadoop-hdds-docs/0.4.1-SNAPSHOT/hadoop-hdds-docs-0.4.1-SNAPSHOT.jar:/home/user/.m2/repository/io/dropwizard/metrics/metrics-core/3.2.4/metrics-core-3.2.4.jar:/home/user/.m2/repository/org/hamcrest/hamcrest-all/1.3/hamcrest-all-1.3.jar:/home/user/.m2/repository/org/bouncycastle/bcprov-jdk15on/1.60/bcprov-jdk15on-1.60.jar:/home/user/.m2/repository/info/picocli/picocli/3.9.6/picocli-3.9.6.jar:/home/user/.m2/repository/com/google/protobuf/protobuf-java/2.5.0/protobuf-java-2.5.0.jar:/home/user/.m2/repository/com/google/guava/guava/11.0.2/guava-11.0.2.jar:/home/user/.m2/repository/org/apache/hadoop/hadoop-ozone-ozone-manager/0.4.1-SNAPSHOT/hadoop-ozone-ozone-manager-0.4.1-SNAPSHOT.jar:/home/user/.m2/repository/org/apache/hadoop/hadoop-minikdc/3.2.0/hadoop-minikdc-3.2.0.jar:/home/user/.m2/repository/commons-io/commons-io/2.5/commons-io-2.5.jar:/home/user/.m2/repository/org/apache/kerby/kerb-simplekdc/1.0.1/kerb-simplekdc-1.0.1.jar:/home/user/.m2/repository/org/apache/kerby/kerb-client/1.0.1/kerb-client-1.0.1.jar:/home/user/.m2/repository/org/apache/kerby/kerby-config/1.0.1/kerby-config-1.0.1.jar:/home/user/.m2/repository/org/apache/kerby/kerb-core/1.0.1/kerb-core-1.0.1.jar:/home/user/.m2/repository/org/apache/kerby/kerby-pkix/1.0.1/kerby-pkix-1.0.1.jar:/home/user/.m2/repository/org/apache/kerby/kerby-asn1/1.0.1/kerby-asn1-1.0.1.jar:/home/user/.m2/repository/org/apache/kerby/kerby-util/1.0.1/kerby-util-1.0.1.jar:/home/user/.m2/repository/org/apache/kerby/kerb-common/1.0.1/kerb-common-1.0.1.jar:/home/user/.m2/repository/org/apache/kerby/kerb-crypto/1.0.1/kerb-crypto-1.0.1.jar:/home/user/.m2/repository/org/apache/kerby/kerb-util/1.0.1/kerb-util-1.0.1.jar:/home/user/.m2/repository/org/apache/kerby/token-provider/1.0.1/token-provider-1.0.1.jar:/home/user/.m2/repository/org/apache/kerby/kerb-admin/1.0.1/kerb-admin-1.0.1.jar:/home/user/.m2/repository/org/apache/kerby/kerb-server/1.0.1/kerb-server-1.0.1.jar:/home/user/.m2/repository/org/apache/kerby/kerb-identity/1.0.1/kerb-identity-1.0.1.jar:/home/user/.m2/repository/org/apache/kerby/kerby-xdr/1.0.1/kerby-xdr-1.0.1.jar:/home/user/.m2/repository/org/slf4j/slf4j-log4j12/1.7.25/slf4j-log4j12-1.7.25.jar:/home/user/.m2/repository/org/apache/hadoop/hadoop-ozone-objectstore-service/0.4.1-SNAPSHOT/hadoop-ozone-objectstore-service-0.4.1-SNAPSHOT.jar:/home/user/.m2/repository/org/apache/hadoop/hadoop-ozone-s3gateway/0.4.1-SNAPSHOT/hadoop-ozone-s3gateway-0.4.1-SNAPSHOT.jar:/home/user/.m2/repository/org/jboss/weld/servlet/weld-servlet/2.4.7.Final/weld-servlet-2.4.7.Final.jar:/home/user/.m2/repository/org/glassfish/jersey/containers/jersey-container-servlet-core/2.27/jersey-container-servlet-core-2.27.jar:/home/user/.m2/repository/org/glassfish/hk2/external/javax.inject/2.5.0-b42/javax.inject-2.5.0-b42.jar:/home/user/.m2/repository/org/glassfish/jersey/core/jersey-common/2.27/jersey-common-2.27.jar:/home/user/.m2/repository/org/glassfish/hk2/osgi-resource-locator/1.0.1/osgi-resource-locator-1.0.1.jar:/home/user/.m2/repository/javax/ws/rs/javax.ws.rs-api/2.1/javax.ws.rs-api-2.1.jar:/home/user/.m2/repository/org/glassfish/jersey/ext/cdi/jersey-cdi1x/2.27/jersey-cdi1x-2.27.jar:/home/user/.m2/repository/org/glassfish/jersey/inject/jersey-hk2/2.27/jersey-hk2-2.27.jar:/home/user/.m2/repository/org/glassfish/hk2/hk2-locator/2.5.0-b42/hk2-locator-2.5.0-b42.jar:/home/user/.m2/repository/org/javassist/javassist/3.22.0-CR2/javassist-3.22.0-CR2.jar:/home/user/.m2/repository/org/glassfish/hk2/hk2-api/2.5.0/hk2-api-2.5.0.jar:/home/user/.m2/repository/org/glassfish/hk2/external/jakarta.inject/2.5.0/jakarta.inject-2.5.0.jar:/home/user/.m2/repository/org/glassfish/hk2/hk2-utils/2.5.0/hk2-utils-2.5.0.jar:/home/user/.m2/repository/jakarta/annotation/jakarta.annotation-api/1.3.4/jakarta.annotation-api-1.3.4.jar:/home/user/.m2/repository/org/glassfish/hk2/external/aopalliance-repackaged/2.5.0/aopalliance-repackaged-2.5.0.jar:/home/user/.m2/repository/com/fasterxml/jackson/dataformat/jackson-dataformat-xml/2.9.0/jackson-dataformat-xml-2.9.0.jar:/home/user/.m2/repository/com/fasterxml/jackson/core/jackson-core/2.9.5/jackson-core-2.9.5.jar:/home/user/.m2/repository/com/fasterxml/jackson/module/jackson-module-jaxb-annotations/2.9.5/jackson-module-jaxb-annotations-2.9.5.jar:/home/user/.m2/repository/javax/enterprise/cdi-api/1.2/cdi-api-1.2.jar:/home/user/.m2/repository/javax/el/javax.el-api/3.0.0/javax.el-api-3.0.0.jar:/home/user/.m2/repository/javax/interceptor/javax.interceptor-api/1.2/javax.interceptor-api-1.2.jar:/home/user/.m2/repository/javax/inject/javax.inject/1/javax.inject-1.jar:/home/user/.m2/repository/com/sun/xml/bind/jaxb-impl/2.3.0.1/jaxb-impl-2.3.0.1.jar:/home/user/.m2/repository/com/sun/xml/bind/jaxb-core/2.3.0.1/jaxb-core-2.3.0.1.jar:/home/user/.m2/repository/javax/xml/bind/jaxb-api/2.3.0/jaxb-api-2.3.0.jar:/home/user/.m2/repository/javax/activation/activation/1.1.1/activation-1.1.1.jar:/home/user/.m2/repository/org/apache/hadoop/hadoop-ozone-csi/0.4.1-SNAPSHOT/hadoop-ozone-csi-0.4.1-SNAPSHOT.jar:/home/user/.m2/repository/com/google/protobuf/protobuf-java-util/3.5.1/protobuf-java-util-3.5.1.jar:/home/user/.m2/repository/org/apache/hadoop/hadoop-hdds-config/0.4.1-SNAPSHOT/hadoop-hdds-config-0.4.1-SNAPSHOT.jar:/home/user/.m2/repository/io/grpc/grpc-netty/1.17.1/grpc-netty-1.17.1.jar:/home/user/.m2/repository/io/grpc/grpc-core/1.17.1/grpc-core-1.17.1.jar:/home/user/.m2/repository/io/grpc/grpc-context/1.17.1/grpc-context-1.17.1.jar:/home/user/.m2/repository/com/google/errorprone/error_prone_annotations/2.2.0/error_prone_annotations-2.2.0.jar:/home/user/.m2/repository/org/codehaus/mojo/animal-sniffer-annotations/1.17/animal-sniffer-annotations-1.17.jar:/home/user/.m2/repository/io/opencensus/opencensus-api/0.17.0/opencensus-api-0.17.0.jar:/home/user/.m2/repository/io/opencensus/opencensus-contrib-grpc-metrics/0.17.0/opencensus-contrib-grpc-metrics-0.17.0.jar:/home/user/.m2/repository/io/netty/netty-codec-http2/4.1.30.Final/netty-codec-http2-4.1.30.Final.jar:/home/user/.m2/repository/io/netty/netty-codec-http/4.1.30.Final/netty-codec-http-4.1.30.Final.jar:/home/user/.m2/repository/io/netty/netty-codec/4.1.30.Final/netty-codec-4.1.30.Final.jar:/home/user/.m2/repository/io/netty/netty-handler/4.1.30.Final/netty-handler-4.1.30.Final.jar:/home/user/.m2/repository/io/netty/netty-handler-proxy/4.1.30.Final/netty-handler-proxy-4.1.30.Final.jar:/home/user/.m2/repository/io/netty/netty-codec-socks/4.1.30.Final/netty-codec-socks-4.1.30.Final.jar:/home/user/.m2/repository/io/netty/netty-transport-native-epoll/4.1.30.Final/netty-transport-native-epoll-4.1.30.Final.jar:/home/user/.m2/repository/io/netty/netty-common/4.1.30.Final/netty-common-4.1.30.Final.jar:/home/user/.m2/repository/io/netty/netty-buffer/4.1.30.Final/netty-buffer-4.1.30.Final.jar:/home/user/.m2/repository/io/netty/netty-transport/4.1.30.Final/netty-transport-4.1.30.Final.jar:/home/user/.m2/repository/io/netty/netty-resolver/4.1.30.Final/netty-resolver-4.1.30.Final.jar:/home/user/.m2/repository/io/netty/netty-transport-native-unix-common/4.1.30.Final/netty-transport-native-unix-common-4.1.30.Final.jar:/home/user/.m2/repository/io/grpc/grpc-protobuf/1.17.1/grpc-protobuf-1.17.1.jar:/home/user/.m2/repository/com/google/api/grpc/proto-google-common-protos/1.0.0/proto-google-common-protos-1.0.0.jar:/home/user/.m2/repository/io/grpc/grpc-protobuf-lite/1.17.1/grpc-protobuf-lite-1.17.1.jar:/home/user/.m2/repository/io/grpc/grpc-stub/1.17.1/grpc-stub-1.17.1.jar:/home/user/.m2/repository/org/apache/hadoop/hadoop-ozone-recon/0.4.1-SNAPSHOT/hadoop-ozone-recon-0.4.1-SNAPSHOT.jar:/home/user/.m2/repository/org/apache/hadoop/hadoop-ozone-reconcodegen/0.4.1-SNAPSHOT/hadoop-ozone-reconcodegen-0.4.1-SNAPSHOT.jar:/home/user/.m2/repository/com/google/inject/extensions/guice-multibindings/4.0/guice-multibindings-4.0.jar:/home/user/.m2/repository/com/google/inject/guice/4.0/guice-4.0.jar:/home/user/.m2/repository/aopalliance/aopalliance/1.0/aopalliance-1.0.jar:/home/user/.m2/repository/com/google/inject/extensions/guice-servlet/4.0/guice-servlet-4.0.jar:/home/user/.m2/repository/org/glassfish/jersey/containers/jersey-container-servlet/2.27/jersey-container-servlet-2.27.jar:/home/user/.m2/repository/org/glassfish/hk2/guice-bridge/2.5.0/guice-bridge-2.5.0.jar:/home/user/.m2/repository/org/glassfish/jersey/core/jersey-server/2.27/jersey-server-2.27.jar:/home/user/.m2/repository/org/glassfish/jersey/core/jersey-client/2.27/jersey-client-2.27.jar:/home/user/.m2/repository/org/glassfish/jersey/media/jersey-media-jaxb/2.27/jersey-media-jaxb-2.27.jar:/home/user/.m2/repository/javax/validation/validation-api/1.1.0.Final/validation-api-1.1.0.Final.jar:/home/user/.m2/repository/org/glassfish/jersey/media/jersey-media-json-jackson/2.27/jersey-media-json-jackson-2.27.jar:/home/user/.m2/repository/org/glassfish/jersey/ext/jersey-entity-filtering/2.27/jersey-entity-filtering-2.27.jar:/home/user/.m2/repository/com/google/inject/extensions/guice-assistedinject/4.0/guice-assistedinject-4.0.jar:/home/user/.m2/repository/org/jooq/jooq/3.11.10/jooq-3.11.10.jar:/home/user/.m2/repository/org/jooq/jooq-meta/3.11.10/jooq-meta-3.11.10.jar:/home/user/.m2/repository/org/jooq/jooq-codegen/3.11.10/jooq-codegen-3.11.10.jar:/home/user/.m2/repository/com/jolbox/bonecp/0.8.0.RELEASE/bonecp-0.8.0.RELEASE.jar:/home/user/.m2/repository/org/xerial/sqlite-jdbc/3.25.2/sqlite-jdbc-3.25.2.jar:/home/user/.m2/repository/org/springframework/spring-jdbc/5.1.3.RELEASE/spring-jdbc-5.1.3.RELEASE.jar:/home/user/.m2/repository/org/springframework/spring-beans/5.1.3.RELEASE/spring-beans-5.1.3.RELEASE.jar:/home/user/.m2/repository/org/springframework/spring-core/5.1.3.RELEASE/spring-core-5.1.3.RELEASE.jar:/home/user/.m2/repository/org/springframework/spring-jcl/5.1.3.RELEASE/spring-jcl-5.1.3.RELEASE.jar:/home/user/.m2/repository/org/springframework/spring-tx/5.1.3.RELEASE/spring-tx-5.1.3.RELEASE.jar:/home/user/.m2/repository/org/apache/hadoop/hadoop-ozone-client/0.4.1-SNAPSHOT/hadoop-ozone-client-0.4.1-SNAPSHOT.jar:/home/user/.m2/repository/commons-lang/commons-lang/2.6/commons-lang-2.6.jar:/home/user/.m2/repository/org/apache/hadoop/hadoop-ozone-ozone-manager/0.4.1-SNAPSHOT/hadoop-ozone-ozone-manager-0.4.1-SNAPSHOT-tests.jar:/home/user/.m2/repository/junit/junit/4.11/junit-4.11.jar:/home/user/.m2/repository/org/hamcrest/hamcrest-core/1.3/hamcrest-core-1.3.jar:/home/user/.m2/repository/org/openjdk/jmh/jmh-core/1.19/jmh-core-1.19.jar:/home/user/.m2/repository/net/sf/jopt-simple/jopt-simple/4.6/jopt-simple-4.6.jar:/home/user/.m2/repository/org/apache/commons/commons-math3/3.1.1/commons-math3-3.1.1.jar:/home/user/.m2/repository/org/openjdk/jmh/jmh-generator-annprocess/1.19/jmh-generator-annprocess-1.19.jar:/home/user/.m2/repository/org/mockito/mockito-all/1.8.5/mockito-all-1.8.5.jar:/home/user/.m2/repository/org/apache/hadoop/hadoop-kms/3.2.0/hadoop-kms-3.2.0.jar:/home/user/.m2/repository/org/apache/hadoop/hadoop-auth/3.2.0/hadoop-auth-3.2.0.jar:/home/user/.m2/repository/com/nimbusds/nimbus-jose-jwt/4.41.1/nimbus-jose-jwt-4.41.1.jar:/home/user/.m2/repository/com/github/stephenc/jcip/jcip-annotations/1.0-1/jcip-annotations-1.0-1.jar:/home/user/.m2/repository/net/minidev/json-smart/2.3/json-smart-2.3.jar:/home/user/.m2/repository/net/minidev/accessors-smart/1.2/accessors-smart-1.2.jar:/home/user/.m2/repository/org/ow2/asm/asm/5.0.4/asm-5.0.4.jar:/home/user/.m2/repository/org/apache/curator/curator-framework/2.12.0/curator-framework-2.12.0.jar:/home/user/.m2/repository/com/sun/jersey/jersey-core/1.19/jersey-core-1.19.jar:/home/user/.m2/repository/javax/ws/rs/jsr311-api/1.1.1/jsr311-api-1.1.1.jar:/home/user/.m2/repository/com/sun/jersey/jersey-server/1.19/jersey-server-1.19.jar:/home/user/.m2/repository/javax/servlet/javax.servlet-api/3.1.0/javax.servlet-api-3.1.0.jar:/home/user/.m2/repository/org/eclipse/jetty/jetty-server/9.3.24.v20180605/jetty-server-9.3.24.v20180605.jar:/home/user/.m2/repository/org/eclipse/jetty/jetty-http/9.3.24.v20180605/jetty-http-9.3.24.v20180605.jar:/home/user/.m2/repository/org/eclipse/jetty/jetty-io/9.3.24.v20180605/jetty-io-9.3.24.v20180605.jar:/home/user/.m2/repository/org/eclipse/jetty/jetty-webapp/9.3.24.v20180605/jetty-webapp-9.3.24.v20180605.jar:/home/user/.m2/repository/org/eclipse/jetty/jetty-xml/9.3.24.v20180605/jetty-xml-9.3.24.v20180605.jar:/home/user/.m2/repository/log4j/log4j/1.2.17/log4j-1.2.17.jar:/home/user/.m2/repository/org/slf4j/slf4j-api/1.7.25/slf4j-api-1.7.25.jar:/home/user/.m2/repository/org/slf4j/jul-to-slf4j/1.7.25/jul-to-slf4j-1.7.25.jar:/home/user/.m2/repository/org/eclipse/jetty/jetty-util/9.3.24.v20180605/jetty-util-9.3.24.v20180605.jar:/home/user/.m2/repository/com/fasterxml/jackson/core/jackson-databind/2.9.5/jackson-databind-2.9.5.jar:/home/user/.m2/repository/org/apache/hadoop/hadoop-kms/3.2.0/hadoop-kms-3.2.0-tests.jar:/home/user/.m2/repository/org/apache/hadoop/hadoop-hdds-server-scm/0.4.1-SNAPSHOT/hadoop-hdds-server-scm-0.4.1-SNAPSHOT-tests.jar:/home/user/.m2/repository/org/apache/hadoop/hadoop-hdds-container-service/0.4.1-SNAPSHOT/hadoop-hdds-container-service-0.4.1-SNAPSHOT-tests.jar:/home/user/.m2/repository/org/yaml/snakeyaml/1.16/snakeyaml-1.16.jar:/home/user/.m2/repository/org/apache/hadoop/hadoop-common/3.2.0/hadoop-common-3.2.0-tests.jar:/home/user/.m2/repository/org/apache/hadoop/hadoop-annotations/3.2.0/hadoop-annotations-3.2.0.jar:/usr/lib/jvm/java-1.8-openjdk/jre/../lib/tools.jar:/home/user/.m2/repository/commons-cli/commons-cli/1.2/commons-cli-1.2.jar:/home/user/.m2/repository/org/apache/httpcomponents/httpclient/4.5.2/httpclient-4.5.2.jar:/home/user/.m2/repository/org/apache/httpcomponents/httpcore/4.4.4/httpcore-4.4.4.jar:/home/user/.m2/repository/commons-codec/commons-codec/1.11/commons-codec-1.11.jar:/home/user/.m2/repository/commons-net/commons-net/3.6/commons-net-3.6.jar:/home/user/.m2/repository/commons-collections/commons-collections/3.2.2/commons-collections-3.2.2.jar:/home/user/.m2/repository/org/eclipse/jetty/jetty-servlet/9.3.24.v20180605/jetty-servlet-9.3.24.v20180605.jar:/home/user/.m2/repository/org/eclipse/jetty/jetty-security/9.3.24.v20180605/jetty-security-9.3.24.v20180605.jar:/home/user/.m2/repository/javax/servlet/jsp/jsp-api/2.1/jsp-api-2.1.jar:/home/user/.m2/repository/com/sun/jersey/jersey-servlet/1.19/jersey-servlet-1.19.jar:/home/user/.m2/repository/com/sun/jersey/jersey-json/1.19/jersey-json-1.19.jar:/home/user/.m2/repository/org/codehaus/jettison/jettison/1.1/jettison-1.1.jar:/home/user/.m2/repository/org/codehaus/jackson/jackson-core-asl/1.9.13/jackson-core-asl-1.9.13.jar:/home/user/.m2/repository/org/codehaus/jackson/jackson-mapper-asl/1.9.13/jackson-mapper-asl-1.9.13.jar:/home/user/.m2/repository/org/codehaus/jackson/jackson-jaxrs/1.9.13/jackson-jaxrs-1.9.13.jar:/home/user/.m2/repository/org/codehaus/jackson/jackson-xc/1.9.13/jackson-xc-1.9.13.jar:/home/user/.m2/repository/commons-logging/commons-logging/1.1.3/commons-logging-1.1.3.jar:/home/user/.m2/repository/commons-beanutils/commons-beanutils/1.9.3/commons-beanutils-1.9.3.jar:/home/user/.m2/repository/org/apache/commons/commons-configuration2/2.1.1/commons-configuration2-2.1.1.jar:/home/user/.m2/repository/org/apache/commons/commons-lang3/3.7/commons-lang3-3.7.jar:/home/user/.m2/repository/org/apache/commons/commons-text/1.4/commons-text-1.4.jar:/home/user/.m2/repository/org/apache/avro/avro/1.7.7/avro-1.7.7.jar:/home/user/.m2/repository/com/thoughtworks/paranamer/paranamer/2.3/paranamer-2.3.jar:/home/user/.m2/repository/org/xerial/snappy/snappy-java/1.0.5/snappy-java-1.0.5.jar:/home/user/.m2/repository/com/google/re2j/re2j/1.1/re2j-1.1.jar:/home/user/.m2/repository/com/google/code/gson/gson/2.2.4/gson-2.2.4.jar:/home/user/.m2/repository/com/jcraft/jsch/0.1.54/jsch-0.1.54.jar:/home/user/.m2/repository/org/apache/curator/curator-client/2.12.0/curator-client-2.12.0.jar:/home/user/.m2/repository/org/apache/curator/curator-recipes/2.12.0/curator-recipes-2.12.0.jar:/home/user/.m2/repository/com/google/code/findbugs/jsr305/3.0.0/jsr305-3.0.0.jar:/home/user/.m2/repository/org/apache/htrace/htrace-core4/4.1.0-incubating/htrace-core4-4.1.0-incubating.jar:/home/user/.m2/repository/org/apache/zookeeper/zookeeper/3.4.13/zookeeper-3.4.13.jar:/home/user/.m2/repository/org/apache/yetus/audience-annotations/0.5.0/audience-annotations-0.5.0.jar:/home/user/.m2/repository/org/codehaus/woodstox/stax2-api/3.1.4/stax2-api-3.1.4.jar:/home/user/.m2/repository/com/fasterxml/woodstox/woodstox-core/5.0.3/woodstox-core-5.0.3.jar:/home/user/.m2/repository/dnsjava/dnsjava/2.1.7/dnsjava-2.1.7.jar:/home/user/.m2/repository/org/apache/hadoop/hadoop-hdfs/3.2.0/hadoop-hdfs-3.2.0-tests.jar:/home/user/.m2/repository/org/eclipse/jetty/jetty-util-ajax/9.3.24.v20180605/jetty-util-ajax-9.3.24.v20180605.jar:/home/user/.m2/repository/commons-daemon/commons-daemon/1.0.13/commons-daemon-1.0.13.jar:/home/user/.m2/repository/io/netty/netty/3.10.5.Final/netty-3.10.5.Final.jar:/home/user/.m2/repository/io/netty/netty-all/4.0.52.Final/netty-all-4.0.52.Final.jar:/home/user/.m2/repository/org/fusesource/leveldbjni/leveldbjni-all/1.8/leveldbjni-all-1.8.jar:"/>
    <property name="sun.cpu.endian" value="little"/>
    <property name="user.home" value="/home/user"/>
    <property name="user.language" value="en"/>
    <property name="java.specification.vendor" value="Oracle Corporation"/>
    <property name="java.home" value="/usr/lib/jvm/java-1.8-openjdk/jre"/>
    <property name="java.security.krb5.conf" value="/workdir/hadoop-ozone/integration-test/target/test-classes/krb5.conf"/>
    <property name="basedir" value="/workdir/hadoop-ozone/integration-test"/>
    <property name="file.separator" value="/"/>
    <property name="line.separator" value="&#10;"/>
    <property name="java.vm.specification.vendor" value="Oracle Corporation"/>
    <property name="java.specification.name" value="Java Platform API Specification"/>
    <property name="java.awt.graphicsenv" value="sun.awt.X11GraphicsEnvironment"/>
    <property name="surefire.real.class.path" value="/workdir/hadoop-ozone/integration-test/target/surefire/surefirebooter4712526653128536087.jar"/>
    <property name="hadoop.log.dir" value="/workdir/hadoop-ozone/integration-test/target/log"/>
    <property name="sun.boot.class.path" value="/usr/lib/jvm/java-1.8-openjdk/jre/lib/resources.jar:/usr/lib/jvm/java-1.8-openjdk/jre/lib/rt.jar:/usr/lib/jvm/java-1.8-openjdk/jre/lib/sunrsasign.jar:/usr/lib/jvm/java-1.8-openjdk/jre/lib/jsse.jar:/usr/lib/jvm/java-1.8-openjdk/jre/lib/jce.jar:/usr/lib/jvm/java-1.8-openjdk/jre/lib/charsets.jar:/usr/lib/jvm/java-1.8-openjdk/jre/lib/jfr.jar:/usr/lib/jvm/java-1.8-openjdk/jre/classes"/>
    <property name="sun.management.compiler" value="HotSpot 64-Bit Tiered Compilers"/>
    <property name="java.runtime.version" value="1.8.0_212-b04"/>
    <property name="java.net.preferIPv4Stack" value="true"/>
    <property name="user.name" value="jenkins1000"/>
    <property name="path.separator" value=":"/>
    <property name="java.security.egd" value="file:///dev/urandom"/>
    <property name="os.version" value="3.10.0-957.12.2.el7.x86_64"/>
    <property name="java.endorsed.dirs" value="/usr/lib/jvm/java-1.8-openjdk/jre/lib/endorsed"/>
    <property name="java.runtime.name" value="OpenJDK Runtime Environment"/>
    <property name="file.encoding" value="UTF-8"/>
    <property name="java.vm.name" value="OpenJDK 64-Bit Server VM"/>
    <property name="test.build.webapps" value=""/>
    <property name="localRepository" value="/home/user/.m2/repository"/>
    <property name="java.vendor.url.bug" value="https://icedtea.classpath.org/bugzilla"/>
    <property name="java.io.tmpdir" value="/tmp"/>
    <property name="require.test.libhadoop" value=""/>
    <property name="java.version" value="1.8.0_212"/>
    <property name="user.dir" value="/workdir/hadoop-ozone/integration-test"/>
    <property name="os.arch" value="amd64"/>
    <property name="java.vm.specification.name" value="Java Virtual Machine Specification"/>
    <property name="test.build.classes" value="/workdir/hadoop-ozone/integration-test/target/test-classes"/>
    <property name="java.awt.printerjob" value="sun.print.PSPrinterJob"/>
    <property name="sun.os.patch.level" value="unknown"/>
    <property name="hadoop.tmp.dir" value="/workdir/hadoop-ozone/integration-test/target/tmp"/>
    <property name="java.library.path" value="/usr/lib/jvm/java-1.8-openjdk/jre/lib/amd64/server:/usr/lib/jvm/java-1.8-openjdk/jre/lib/amd64:/usr/lib/jvm/java-1.8-openjdk/jre/../lib/amd64:/workdir/hadoop-ozone/integration-test/target/native/target/usr/local/lib:/workdir/hadoop-ozone/integration-test/../../hadoop-common-project/hadoop-common/target/native/target/usr/local/lib:/usr/java/packages/lib/amd64:/usr/lib64:/lib64:/lib:/usr/lib"/>
    <property name="java.vm.info" value="mixed mode"/>
    <property name="java.vendor" value="IcedTea"/>
    <property name="java.vm.version" value="25.212-b04"/>
    <property name="java.ext.dirs" value="/usr/lib/jvm/java-1.8-openjdk/jre/lib/ext:/usr/java/packages/lib/ext"/>
    <property name="sun.io.unicode.encoding" value="UnicodeLittle"/>
    <property name="java.class.version" value="52.0"/>
  </properties>
  <testcase name="test2DatanodesFailure" classname="org.apache.hadoop.ozone.client.rpc.TestBlockOutputStreamWithFailures" time="49.082">
    <failure type="java.lang.AssertionError">java.lang.AssertionError
	at org.junit.Assert.fail(Assert.java:86)
	at org.junit.Assert.assertTrue(Assert.java:41)
	at org.junit.Assert.assertTrue(Assert.java:52)
	at org.apache.hadoop.ozone.client.rpc.TestBlockOutputStreamWithFailures.test2DatanodesFailure(TestBlockOutputStreamWithFailures.java:507)
	at sun.reflect.NativeMethodAccessorImpl.invoke0(Native Method)
	at sun.reflect.NativeMethodAccessorImpl.invoke(NativeMethodAccessorImpl.java:62)
	at sun.reflect.DelegatingMethodAccessorImpl.invoke(DelegatingMethodAccessorImpl.java:43)
	at java.lang.reflect.Method.invoke(Method.java:498)
	at org.junit.runners.model.FrameworkMethod$1.runReflectiveCall(FrameworkMethod.java:47)
	at org.junit.internal.runners.model.ReflectiveCallable.run(ReflectiveCallable.java:12)
	at org.junit.runners.model.FrameworkMethod.invokeExplosively(FrameworkMethod.java:44)
	at org.junit.internal.runners.statements.InvokeMethod.evaluate(InvokeMethod.java:17)
	at org.junit.internal.runners.statements.RunBefores.evaluate(RunBefores.java:26)
	at org.junit.internal.runners.statements.RunAfters.evaluate(RunAfters.java:27)
	at org.junit.runners.ParentRunner.runLeaf(ParentRunner.java:271)
	at org.junit.runners.BlockJUnit4ClassRunner.runChild(BlockJUnit4ClassRunner.java:70)
	at org.junit.runners.BlockJUnit4ClassRunner.runChild(BlockJUnit4ClassRunner.java:50)
	at org.junit.runners.ParentRunner$3.run(ParentRunner.java:238)
	at org.junit.runners.ParentRunner$1.schedule(ParentRunner.java:63)
	at org.junit.runners.ParentRunner.runChildren(ParentRunner.java:236)
	at org.junit.runners.ParentRunner.access$000(ParentRunner.java:53)
	at org.junit.runners.ParentRunner$2.evaluate(ParentRunner.java:229)
	at org.junit.runners.ParentRunner.run(ParentRunner.java:309)
	at org.apache.maven.surefire.junit4.JUnit4Provider.execute(JUnit4Provider.java:365)
	at org.apache.maven.surefire.junit4.JUnit4Provider.executeWithRerun(JUnit4Provider.java:273)
	at org.apache.maven.surefire.junit4.JUnit4Provider.executeTestSet(JUnit4Provider.java:238)
	at org.apache.maven.surefire.junit4.JUnit4Provider.invoke(JUnit4Provider.java:159)
	at org.apache.maven.surefire.booter.ForkedBooter.invokeProviderInSameClassLoader(ForkedBooter.java:384)
	at org.apache.maven.surefire.booter.ForkedBooter.runSuitesInProcess(ForkedBooter.java:345)
	at org.apache.maven.surefire.booter.ForkedBooter.execute(ForkedBooter.java:126)
	at org.apache.maven.surefire.booter.ForkedBooter.main(ForkedBooter.java:418)
</failure>
    <system-out><![CDATA[2019-08-02 04:04:31,208 WARN  server.ServerUtils (ServerUtils.java:getScmDbDir(145)) - ozone.scm.db.dirs is not configured. We recommend adding this setting. Falling back to ozone.metadata.dirs instead.
2019-08-02 04:04:31,344 WARN  server.ServerUtils (ServerUtils.java:getScmDbDir(145)) - ozone.scm.db.dirs is not configured. We recommend adding this setting. Falling back to ozone.metadata.dirs instead.
2019-08-02 04:04:31,349 WARN  server.ServerUtils (ServerUtils.java:getScmDbDir(145)) - ozone.scm.db.dirs is not configured. We recommend adding this setting. Falling back to ozone.metadata.dirs instead.
2019-08-02 04:04:31,372 INFO  util.log (Log.java:initialized(192)) - Logging initialized @885ms
2019-08-02 04:04:31,512 INFO  db.DBStoreBuilder (DBStoreBuilder.java:addTable(110)) - using custom profile for table: deletedBlocks
2019-08-02 04:04:31,512 INFO  db.DBStoreBuilder (DBStoreBuilder.java:processTables(161)) - Using default column profile:DBProfile.DISK for Table:deletedBlocks
2019-08-02 04:04:31,512 INFO  db.DBStoreBuilder (DBStoreBuilder.java:addTable(110)) - using custom profile for table: validCerts
2019-08-02 04:04:31,513 INFO  db.DBStoreBuilder (DBStoreBuilder.java:processTables(161)) - Using default column profile:DBProfile.DISK for Table:validCerts
2019-08-02 04:04:31,513 INFO  db.DBStoreBuilder (DBStoreBuilder.java:addTable(110)) - using custom profile for table: revokedCerts
2019-08-02 04:04:31,513 INFO  db.DBStoreBuilder (DBStoreBuilder.java:processTables(161)) - Using default column profile:DBProfile.DISK for Table:revokedCerts
2019-08-02 04:04:31,527 INFO  db.DBStoreBuilder (DBStoreBuilder.java:addTable(110)) - using custom profile for table: default
2019-08-02 04:04:31,527 INFO  db.DBStoreBuilder (DBStoreBuilder.java:processTables(167)) - Using default column profile:DBProfile.DISK for Table:default
2019-08-02 04:04:31,528 INFO  db.DBStoreBuilder (DBStoreBuilder.java:getDbProfile(198)) - Using default options. DBProfile.DISK
2019-08-02 04:04:31,725 INFO  net.NodeSchemaLoader (NodeSchemaLoader.java:loadSchemaFromFile(125)) - Loading file from sun.misc.CompoundEnumeration@7714e963
2019-08-02 04:04:31,730 INFO  net.NodeSchemaLoader (NodeSchemaLoader.java:loadSchema(171)) - Loading network topology layer schema file
2019-08-02 04:04:31,809 INFO  node.SCMNodeManager (SCMNodeManager.java:<init>(121)) - Entering startup safe mode.
2019-08-02 04:04:31,893 WARN  server.ServerUtils (ServerUtils.java:getScmDbDir(145)) - ozone.scm.db.dirs is not configured. We recommend adding this setting. Falling back to ozone.metadata.dirs instead.
2019-08-02 04:04:31,953 INFO  pipeline.SCMPipelineManager (SCMPipelineManager.java:initializePipelineState(126)) - No pipeline exists in current db
2019-08-02 04:04:31,955 WARN  server.ServerUtils (ServerUtils.java:getScmDbDir(145)) - ozone.scm.db.dirs is not configured. We recommend adding this setting. Falling back to ozone.metadata.dirs instead.
2019-08-02 04:04:32,073 WARN  events.EventQueue (EventQueue.java:fireEvent(175)) - No event handler registered for event TypedEvent{payloadType=SafeModeStatus, name='SafeModeStatus'}
2019-08-02 04:04:32,451 INFO  ipc.CallQueueManager (CallQueueManager.java:<init>(84)) - Using callQueue: class java.util.concurrent.LinkedBlockingQueue, queueCapacity: 2000, scheduler: class org.apache.hadoop.ipc.DefaultRpcScheduler, ipcBackoff: false.
2019-08-02 04:04:32,480 INFO  ipc.Server (Server.java:run(1074)) - Starting Socket Reader #1 for port 41159
2019-08-02 04:04:32,502 INFO  ipc.CallQueueManager (CallQueueManager.java:<init>(84)) - Using callQueue: class java.util.concurrent.LinkedBlockingQueue, queueCapacity: 2000, scheduler: class org.apache.hadoop.ipc.DefaultRpcScheduler, ipcBackoff: false.
2019-08-02 04:04:32,503 INFO  ipc.Server (Server.java:run(1074)) - Starting Socket Reader #1 for port 37994
2019-08-02 04:04:32,510 INFO  ipc.CallQueueManager (CallQueueManager.java:<init>(84)) - Using callQueue: class java.util.concurrent.LinkedBlockingQueue, queueCapacity: 2000, scheduler: class org.apache.hadoop.ipc.DefaultRpcScheduler, ipcBackoff: false.
2019-08-02 04:04:32,511 INFO  ipc.Server (Server.java:run(1074)) - Starting Socket Reader #1 for port 44159
2019-08-02 04:04:32,651 INFO  hdfs.DFSUtil (DFSUtil.java:httpServerTemplateForNNAndJN(1641)) - Starting Web-server for scm at: http://0.0.0.0:0
2019-08-02 04:04:32,808 INFO  server.AuthenticationFilter (AuthenticationFilter.java:constructSecretProvider(240)) - Unable to initialize FileSignerSecretProvider, falling back to use random secrets.
2019-08-02 04:04:32,816 WARN  http.HttpRequestLog (HttpRequestLog.java:getRequestLog(97)) - Jetty request log can only be enabled using Log4j
2019-08-02 04:04:32,823 INFO  http.HttpServer2 (HttpServer2.java:addGlobalFilter(975)) - Added global filter 'safety' (class=org.apache.hadoop.http.HttpServer2$QuotingInputFilter)
2019-08-02 04:04:32,826 INFO  http.HttpServer2 (HttpServer2.java:addFilter(948)) - Added filter static_user_filter (class=org.apache.hadoop.http.lib.StaticUserWebFilter$StaticUserFilter) to context scm
2019-08-02 04:04:32,826 INFO  http.HttpServer2 (HttpServer2.java:addFilter(958)) - Added filter static_user_filter (class=org.apache.hadoop.http.lib.StaticUserWebFilter$StaticUserFilter) to context logs
2019-08-02 04:04:32,826 INFO  http.HttpServer2 (HttpServer2.java:addFilter(958)) - Added filter static_user_filter (class=org.apache.hadoop.http.lib.StaticUserWebFilter$StaticUserFilter) to context static
2019-08-02 04:04:32,854 INFO  server.StorageContainerManager (StorageContainerManager.java:start(758)) - StorageContainerLocationProtocol RPC server is listening at /0.0.0.0:44159
2019-08-02 04:04:32,910 WARN  impl.MetricsConfig (MetricsConfig.java:loadFirst(134)) - Cannot locate configuration: tried hadoop-metrics2-storagecontainermanager.properties,hadoop-metrics2.properties
2019-08-02 04:04:32,922 INFO  impl.MetricsSystemImpl (MetricsSystemImpl.java:startTimer(374)) - Scheduled Metric snapshot period at 10 second(s).
2019-08-02 04:04:32,922 INFO  impl.MetricsSystemImpl (MetricsSystemImpl.java:start(191)) - StorageContainerManager metrics system started
2019-08-02 04:04:33,137 INFO  server.SCMClientProtocolServer (SCMClientProtocolServer.java:start(151)) - RPC server for Client  is listening at /0.0.0.0:44159
2019-08-02 04:04:33,139 INFO  ipc.Server (Server.java:run(1314)) - IPC Server Responder: starting
2019-08-02 04:04:33,139 INFO  ipc.Server (Server.java:run(1153)) - IPC Server listener on 44159: starting
2019-08-02 04:04:33,143 INFO  server.StorageContainerManager (StorageContainerManager.java:start(768)) - ScmBlockLocationProtocol RPC server is listening at /0.0.0.0:37994
2019-08-02 04:04:33,143 INFO  server.SCMBlockProtocolServer (SCMBlockProtocolServer.java:start(140)) - RPC server for Block Protocol is listening at /0.0.0.0:37994
2019-08-02 04:04:33,143 INFO  ipc.Server (Server.java:run(1314)) - IPC Server Responder: starting
2019-08-02 04:04:33,143 INFO  ipc.Server (Server.java:run(1153)) - IPC Server listener on 37994: starting
2019-08-02 04:04:33,151 INFO  server.StorageContainerManager (StorageContainerManager.java:start(772)) - ScmDatanodeProtocl RPC server is listening at /0.0.0.0:41159
2019-08-02 04:04:33,151 INFO  server.SCMDatanodeProtocolServer (SCMDatanodeProtocolServer.java:start(191)) - RPC server for DataNodes is listening at /0.0.0.0:41159
2019-08-02 04:04:33,153 INFO  ipc.Server (Server.java:run(1314)) - IPC Server Responder: starting
2019-08-02 04:04:33,154 INFO  ipc.Server (Server.java:run(1153)) - IPC Server listener on 41159: starting
2019-08-02 04:04:33,167 INFO  http.HttpServer2 (HttpServer2.java:bindListener(1191)) - Jetty bound to port 40202
2019-08-02 04:04:33,169 INFO  server.Server (Server.java:doStart(351)) - jetty-9.3.24.v20180605, build timestamp: 2018-06-05T17:11:56Z, git hash: 84205aa28f11a4f31f2a3b86d1bba2cc8ab69827
2019-08-02 04:04:33,208 INFO  handler.ContextHandler (ContextHandler.java:doStart(781)) - Started o.e.j.s.ServletContextHandler@76012793{/logs,file:///workdir/hadoop-ozone/integration-test/target/log,AVAILABLE}
2019-08-02 04:04:33,208 INFO  handler.ContextHandler (ContextHandler.java:doStart(781)) - Started o.e.j.s.ServletContextHandler@79d94571{/static,file:///workdir/hadoop-ozone/integration-test/target/test-classes/webapps/static,AVAILABLE}
2019-08-02 04:04:33,240 INFO  handler.ContextHandler (ContextHandler.java:doStart(781)) - Started o.e.j.w.WebAppContext@15a902e7{/,file:///workdir/hadoop-ozone/integration-test/target/test-classes/webapps/scm/,AVAILABLE}{/scm}
2019-08-02 04:04:33,245 INFO  server.AbstractConnector (AbstractConnector.java:doStart(278)) - Started ServerConnector@2416a51{HTTP/1.1,[http/1.1]}{0.0.0.0:40202}
2019-08-02 04:04:33,246 INFO  server.Server (Server.java:doStart(419)) - Started @2759ms
2019-08-02 04:04:33,247 INFO  server.BaseHttpServer (BaseHttpServer.java:updateConnectorAddress(207)) - HTTP server of SCM is listening at http://0.0.0.0:40202
2019-08-02 04:04:33,252 INFO  util.JvmPauseMonitor (JvmPauseMonitor.java:run(188)) - Starting JVM pause monitor
2019-08-02 04:04:33,254 WARN  server.ServerUtils (ServerUtils.java:getDBPath(222)) - ozone.om.db.dirs is not configured. We recommend adding this setting. Falling back to ozone.metadata.dirs instead.
2019-08-02 04:04:33,351 WARN  server.ServerUtils (ServerUtils.java:getDBPath(222)) - ozone.om.db.dirs is not configured. We recommend adding this setting. Falling back to ozone.metadata.dirs instead.
2019-08-02 04:04:33,352 WARN  server.ServerUtils (ServerUtils.java:getDBPath(222)) - ozone.om.db.dirs is not configured. We recommend adding this setting. Falling back to ozone.metadata.dirs instead.
2019-08-02 04:04:33,353 INFO  om.OzoneManager (OzoneManager.java:setOMNodeDetails(644)) - OM Service ID is not set. Setting it to the default ID: omServiceIdDefault
2019-08-02 04:04:33,353 INFO  om.OzoneManager (OzoneManager.java:setOMNodeDetails(650)) - OM Node ID is not set. Setting it to the OmStorage's OmID: f72d97b8-4ac5-414d-973e-2157472c57f2
2019-08-02 04:04:33,354 INFO  om.OzoneManager (OzoneManager.java:loadOMHAConfigs(601)) - Found matching OM address with OMServiceId: null, OMNodeId: null, RPC Address: localhost:0 and Ratis port: 9872
2019-08-02 04:04:34,074 WARN  server.ServerUtils (ServerUtils.java:getDBPath(222)) - ozone.om.db.dirs is not configured. We recommend adding this setting. Falling back to ozone.metadata.dirs instead.
2019-08-02 04:04:34,081 INFO  db.DBStoreBuilder (DBStoreBuilder.java:addTable(110)) - using custom profile for table: userTable
2019-08-02 04:04:34,081 INFO  db.DBStoreBuilder (DBStoreBuilder.java:processTables(161)) - Using default column profile:DBProfile.DISK for Table:userTable
2019-08-02 04:04:34,082 INFO  db.DBStoreBuilder (DBStoreBuilder.java:addTable(110)) - using custom profile for table: volumeTable
2019-08-02 04:04:34,082 INFO  db.DBStoreBuilder (DBStoreBuilder.java:processTables(161)) - Using default column profile:DBProfile.DISK for Table:volumeTable
2019-08-02 04:04:34,083 INFO  db.DBStoreBuilder (DBStoreBuilder.java:addTable(110)) - using custom profile for table: bucketTable
2019-08-02 04:04:34,083 INFO  db.DBStoreBuilder (DBStoreBuilder.java:processTables(161)) - Using default column profile:DBProfile.DISK for Table:bucketTable
2019-08-02 04:04:34,083 INFO  db.DBStoreBuilder (DBStoreBuilder.java:addTable(110)) - using custom profile for table: keyTable
2019-08-02 04:04:34,083 INFO  db.DBStoreBuilder (DBStoreBuilder.java:processTables(161)) - Using default column profile:DBProfile.DISK for Table:keyTable
2019-08-02 04:04:34,084 INFO  db.DBStoreBuilder (DBStoreBuilder.java:addTable(110)) - using custom profile for table: deletedTable
2019-08-02 04:04:34,084 INFO  db.DBStoreBuilder (DBStoreBuilder.java:processTables(161)) - Using default column profile:DBProfile.DISK for Table:deletedTable
2019-08-02 04:04:34,084 INFO  db.DBStoreBuilder (DBStoreBuilder.java:addTable(110)) - using custom profile for table: openKeyTable
2019-08-02 04:04:34,084 INFO  db.DBStoreBuilder (DBStoreBuilder.java:processTables(161)) - Using default column profile:DBProfile.DISK for Table:openKeyTable
2019-08-02 04:04:34,085 INFO  db.DBStoreBuilder (DBStoreBuilder.java:addTable(110)) - using custom profile for table: s3Table
2019-08-02 04:04:34,085 INFO  db.DBStoreBuilder (DBStoreBuilder.java:processTables(161)) - Using default column profile:DBProfile.DISK for Table:s3Table
2019-08-02 04:04:34,085 INFO  db.DBStoreBuilder (DBStoreBuilder.java:addTable(110)) - using custom profile for table: multipartInfoTable
2019-08-02 04:04:34,085 INFO  db.DBStoreBuilder (DBStoreBuilder.java:processTables(161)) - Using default column profile:DBProfile.DISK for Table:multipartInfoTable
2019-08-02 04:04:34,086 INFO  db.DBStoreBuilder (DBStoreBuilder.java:addTable(110)) - using custom profile for table: dTokenTable
2019-08-02 04:04:34,086 INFO  db.DBStoreBuilder (DBStoreBuilder.java:processTables(161)) - Using default column profile:DBProfile.DISK for Table:dTokenTable
2019-08-02 04:04:34,087 INFO  db.DBStoreBuilder (DBStoreBuilder.java:addTable(110)) - using custom profile for table: s3SecretTable
2019-08-02 04:04:34,087 INFO  db.DBStoreBuilder (DBStoreBuilder.java:processTables(161)) - Using default column profile:DBProfile.DISK for Table:s3SecretTable
2019-08-02 04:04:34,087 INFO  db.DBStoreBuilder (DBStoreBuilder.java:addTable(110)) - using custom profile for table: prefixTable
2019-08-02 04:04:34,087 INFO  db.DBStoreBuilder (DBStoreBuilder.java:processTables(161)) - Using default column profile:DBProfile.DISK for Table:prefixTable
2019-08-02 04:04:34,088 INFO  db.DBStoreBuilder (DBStoreBuilder.java:addTable(110)) - using custom profile for table: default
2019-08-02 04:04:34,088 INFO  db.DBStoreBuilder (DBStoreBuilder.java:processTables(167)) - Using default column profile:DBProfile.DISK for Table:default
2019-08-02 04:04:34,088 INFO  db.DBStoreBuilder (DBStoreBuilder.java:getDbProfile(198)) - Using default options. DBProfile.DISK
2019-08-02 04:04:34,549 INFO  ipc.CallQueueManager (CallQueueManager.java:<init>(84)) - Using callQueue: class java.util.concurrent.LinkedBlockingQueue, queueCapacity: 2000, scheduler: class org.apache.hadoop.ipc.DefaultRpcScheduler, ipcBackoff: false.
2019-08-02 04:04:34,551 INFO  ipc.Server (Server.java:run(1074)) - Starting Socket Reader #1 for port 42022
2019-08-02 04:04:34,569 INFO  om.OzoneManager (OzoneManager.java:start(1255)) - OzoneManager RPC server is listening at localhost/127.0.0.1:42022
2019-08-02 04:04:34,570 INFO  impl.MetricsSystemImpl (MetricsSystemImpl.java:init(158)) - OzoneManager metrics system started (again)
2019-08-02 04:04:34,572 INFO  ipc.Server (Server.java:run(1314)) - IPC Server Responder: starting
2019-08-02 04:04:34,572 INFO  ipc.Server (Server.java:run(1153)) - IPC Server listener on 42022: starting
2019-08-02 04:04:34,586 INFO  hdfs.DFSUtil (DFSUtil.java:httpServerTemplateForNNAndJN(1641)) - Starting Web-server for ozoneManager at: http://0.0.0.0:0
2019-08-02 04:04:34,588 INFO  server.AuthenticationFilter (AuthenticationFilter.java:constructSecretProvider(240)) - Unable to initialize FileSignerSecretProvider, falling back to use random secrets.
2019-08-02 04:04:34,589 WARN  http.HttpRequestLog (HttpRequestLog.java:getRequestLog(97)) - Jetty request log can only be enabled using Log4j
2019-08-02 04:04:34,593 INFO  http.HttpServer2 (HttpServer2.java:addGlobalFilter(975)) - Added global filter 'safety' (class=org.apache.hadoop.http.HttpServer2$QuotingInputFilter)
2019-08-02 04:04:34,595 INFO  http.HttpServer2 (HttpServer2.java:addFilter(948)) - Added filter static_user_filter (class=org.apache.hadoop.http.lib.StaticUserWebFilter$StaticUserFilter) to context ozoneManager
2019-08-02 04:04:34,595 INFO  http.HttpServer2 (HttpServer2.java:addFilter(958)) - Added filter static_user_filter (class=org.apache.hadoop.http.lib.StaticUserWebFilter$StaticUserFilter) to context logs
2019-08-02 04:04:34,595 INFO  http.HttpServer2 (HttpServer2.java:addFilter(958)) - Added filter static_user_filter (class=org.apache.hadoop.http.lib.StaticUserWebFilter$StaticUserFilter) to context static
2019-08-02 04:04:34,599 INFO  http.HttpServer2 (HttpServer2.java:bindListener(1191)) - Jetty bound to port 45261
2019-08-02 04:04:34,599 INFO  server.Server (Server.java:doStart(351)) - jetty-9.3.24.v20180605, build timestamp: 2018-06-05T17:11:56Z, git hash: 84205aa28f11a4f31f2a3b86d1bba2cc8ab69827
2019-08-02 04:04:34,605 INFO  handler.ContextHandler (ContextHandler.java:doStart(781)) - Started o.e.j.s.ServletContextHandler@6e6fce47{/logs,file:///workdir/hadoop-ozone/integration-test/target/log,AVAILABLE}
2019-08-02 04:04:34,606 INFO  handler.ContextHandler (ContextHandler.java:doStart(781)) - Started o.e.j.s.ServletContextHandler@6ce90bc5{/static,file:///workdir/hadoop-ozone/integration-test/target/test-classes/webapps/static,AVAILABLE}
2019-08-02 04:04:34,615 INFO  handler.ContextHandler (ContextHandler.java:doStart(781)) - Started o.e.j.w.WebAppContext@61d01788{/,file:///workdir/hadoop-ozone/integration-test/target/test-classes/webapps/ozoneManager/,AVAILABLE}{/ozoneManager}
2019-08-02 04:04:34,616 INFO  server.AbstractConnector (AbstractConnector.java:doStart(278)) - Started ServerConnector@2b9b7f1f{HTTP/1.1,[http/1.1]}{0.0.0.0:45261}
2019-08-02 04:04:34,617 INFO  server.Server (Server.java:doStart(419)) - Started @4130ms
2019-08-02 04:04:34,618 INFO  server.BaseHttpServer (BaseHttpServer.java:updateConnectorAddress(207)) - HTTP server of OZONEMANAGER is listening at http://0.0.0.0:45261
2019-08-02 04:04:34,972 INFO  impl.MetricsSystemImpl (MetricsSystemImpl.java:init(158)) - HddsDatanode metrics system started (again)
2019-08-02 04:04:35,057 INFO  ozone.HddsDatanodeService (HddsDatanodeService.java:start(184)) - HddsDatanodeService host:byscane-nightly-xzrzg-2697134946 ip:192.168.157.195
2019-08-02 04:04:35,089 INFO  volume.HddsVolume (HddsVolume.java:<init>(176)) - Creating Volume: /workdir/hadoop-ozone/integration-test/target/test-dir/MiniOzoneClusterImpl-aeec6eb3-b278-40e8-882d-ded1a49b8218/datanode-0/data/containers/hdds of  storage type : DISK and capacity : 52710309888
2019-08-02 04:04:35,091 INFO  volume.VolumeSet (VolumeSet.java:initializeVolumeSet(170)) - Added Volume : /workdir/hadoop-ozone/integration-test/target/test-dir/MiniOzoneClusterImpl-aeec6eb3-b278-40e8-882d-ded1a49b8218/datanode-0/data/containers/hdds to VolumeSet
2019-08-02 04:04:35,094 INFO  volume.ThrottledAsyncChecker (ThrottledAsyncChecker.java:schedule(140)) - Scheduling a check for org.apache.hadoop.ozone.container.common.volume.HddsVolume@6345e7b9
2019-08-02 04:04:35,111 INFO  volume.HddsVolumeChecker (HddsVolumeChecker.java:checkAllVolumes(203)) - Scheduled health check for volume org.apache.hadoop.ozone.container.common.volume.HddsVolume@6345e7b9
2019-08-02 04:04:35,214 INFO  impl.RaftServerProxy (ConfUtils.java:logGet(43)) - raft.rpc.type = GRPC (default)
2019-08-02 04:04:35,279 INFO  grpc.GrpcFactory (GrpcFactory.java:checkPooledByteBufAllocatorUseCacheForAllThreads(45)) - PERFORMANCE WARNING: useCacheForAllThreads is true that may cause Netty to create a lot garbage objects and, as a result, trigger GC.
	It is recommended to disable useCacheForAllThreads by setting -Dorg.apache.ratis.thirdparty.io.netty.allocator.useCacheForAllThreads=false in command line.
2019-08-02 04:04:35,284 INFO  grpc.GrpcConfigKeys$Server (ConfUtils.java:logGet(43)) - raft.grpc.server.port = 0 (default)
2019-08-02 04:04:35,285 INFO  server.GrpcService (ConfUtils.java:logGet(43)) - raft.grpc.message.size.max = 33570816 (custom)
2019-08-02 04:04:35,286 INFO  server.RaftServerConfigKeys (ConfUtils.java:logGet(43)) - raft.server.log.appender.buffer.byte-limit = 33554432 (custom)
2019-08-02 04:04:35,287 INFO  server.GrpcService (ConfUtils.java:logGet(43)) - raft.grpc.flow.control.window = 1MB (=1048576) (default)
2019-08-02 04:04:35,288 INFO  server.RaftServerConfigKeys (ConfUtils.java:logGet(43)) - raft.server.rpc.request.timeout = 3000ms (default)
2019-08-02 04:04:35,441 INFO  server.RaftServerConfigKeys (ConfUtils.java:logGet(43)) - raft.server.storage.dir = [/workdir/hadoop-ozone/integration-test/target/test-dir/MiniOzoneClusterImpl-aeec6eb3-b278-40e8-882d-ded1a49b8218/datanode-0/data/ratis] (custom)
2019-08-02 04:04:35,496 INFO  replication.SimpleContainerDownloader (SimpleContainerDownloader.java:<init>(72)) - Starting container downloader service to copy containers to replicate.
2019-08-02 04:04:35,513 INFO  hdfs.DFSUtil (DFSUtil.java:httpServerTemplateForNNAndJN(1641)) - Starting Web-server for hddsDatanode at: http://0.0.0.0:0
2019-08-02 04:04:35,515 INFO  server.AuthenticationFilter (AuthenticationFilter.java:constructSecretProvider(240)) - Unable to initialize FileSignerSecretProvider, falling back to use random secrets.
2019-08-02 04:04:35,517 WARN  http.HttpRequestLog (HttpRequestLog.java:getRequestLog(97)) - Jetty request log can only be enabled using Log4j
2019-08-02 04:04:35,519 INFO  http.HttpServer2 (HttpServer2.java:addGlobalFilter(975)) - Added global filter 'safety' (class=org.apache.hadoop.http.HttpServer2$QuotingInputFilter)
2019-08-02 04:04:35,519 INFO  http.HttpServer2 (HttpServer2.java:addFilter(948)) - Added filter static_user_filter (class=org.apache.hadoop.http.lib.StaticUserWebFilter$StaticUserFilter) to context hddsDatanode
2019-08-02 04:04:35,520 INFO  http.HttpServer2 (HttpServer2.java:addFilter(958)) - Added filter static_user_filter (class=org.apache.hadoop.http.lib.StaticUserWebFilter$StaticUserFilter) to context static
2019-08-02 04:04:35,520 INFO  http.HttpServer2 (HttpServer2.java:addFilter(958)) - Added filter static_user_filter (class=org.apache.hadoop.http.lib.StaticUserWebFilter$StaticUserFilter) to context logs
2019-08-02 04:04:35,521 INFO  http.HttpServer2 (HttpServer2.java:bindListener(1191)) - Jetty bound to port 40801
2019-08-02 04:04:35,522 INFO  server.Server (Server.java:doStart(351)) - jetty-9.3.24.v20180605, build timestamp: 2018-06-05T17:11:56Z, git hash: 84205aa28f11a4f31f2a3b86d1bba2cc8ab69827
2019-08-02 04:04:35,524 INFO  handler.ContextHandler (ContextHandler.java:doStart(781)) - Started o.e.j.s.ServletContextHandler@42ea287{/logs,file:///workdir/hadoop-ozone/integration-test/target/log,AVAILABLE}
2019-08-02 04:04:35,525 INFO  handler.ContextHandler (ContextHandler.java:doStart(781)) - Started o.e.j.s.ServletContextHandler@1f0b3cfe{/static,jar:file:/home/user/.m2/repository/org/apache/hadoop/hadoop-hdds-container-service/0.4.1-SNAPSHOT/hadoop-hdds-container-service-0.4.1-SNAPSHOT.jar!/webapps/static,AVAILABLE}
2019-08-02 04:04:35,559 INFO  handler.ContextHandler (ContextHandler.java:doStart(781)) - Started o.e.j.w.WebAppContext@dc79225{/,file:///tmp/jetty-0.0.0.0-40801-hddsDatanode-_-any-8285255971286140928.dir/webapp/,AVAILABLE}{/hddsDatanode}
2019-08-02 04:04:35,560 INFO  server.AbstractConnector (AbstractConnector.java:doStart(278)) - Started ServerConnector@30e9ca13{HTTP/1.1,[http/1.1]}{0.0.0.0:40801}
2019-08-02 04:04:35,565 INFO  server.Server (Server.java:doStart(419)) - Started @5078ms
2019-08-02 04:04:35,567 INFO  server.BaseHttpServer (BaseHttpServer.java:updateConnectorAddress(207)) - HTTP server of HDDSDATANODE is listening at http://0.0.0.0:40801
2019-08-02 04:04:36,777 INFO  ozone.HddsDatanodeService (HddsDatanodeService.java:startPlugins(395)) - Started plug-in org.apache.hadoop.ozone.web.OzoneHddsDatanodeService@364fd4ae
2019-08-02 04:04:36,779 INFO  impl.MetricsSystemImpl (MetricsSystemImpl.java:init(158)) - HddsDatanode metrics system started (again)
2019-08-02 04:04:36,785 INFO  ozone.HddsDatanodeService (HddsDatanodeService.java:start(184)) - HddsDatanodeService host:byscane-nightly-xzrzg-2697134946 ip:192.168.157.195
2019-08-02 04:04:36,788 INFO  util.JvmPauseMonitor (JvmPauseMonitor.java:run(188)) - Starting JVM pause monitor
2019-08-02 04:04:36,796 INFO  volume.HddsVolume (HddsVolume.java:<init>(176)) - Creating Volume: /workdir/hadoop-ozone/integration-test/target/test-dir/MiniOzoneClusterImpl-aeec6eb3-b278-40e8-882d-ded1a49b8218/datanode-1/data/containers/hdds of  storage type : DISK and capacity : 52710309888
2019-08-02 04:04:36,796 INFO  volume.VolumeSet (VolumeSet.java:initializeVolumeSet(170)) - Added Volume : /workdir/hadoop-ozone/integration-test/target/test-dir/MiniOzoneClusterImpl-aeec6eb3-b278-40e8-882d-ded1a49b8218/datanode-1/data/containers/hdds to VolumeSet
2019-08-02 04:04:36,797 INFO  volume.ThrottledAsyncChecker (ThrottledAsyncChecker.java:schedule(140)) - Scheduling a check for org.apache.hadoop.ozone.container.common.volume.HddsVolume@5c059a68
2019-08-02 04:04:36,799 INFO  volume.HddsVolumeChecker (HddsVolumeChecker.java:checkAllVolumes(203)) - Scheduled health check for volume org.apache.hadoop.ozone.container.common.volume.HddsVolume@5c059a68
2019-08-02 04:04:36,820 INFO  impl.RaftServerProxy (ConfUtils.java:logGet(43)) - raft.rpc.type = GRPC (default)
2019-08-02 04:04:36,820 INFO  grpc.GrpcFactory (GrpcFactory.java:checkPooledByteBufAllocatorUseCacheForAllThreads(45)) - PERFORMANCE WARNING: useCacheForAllThreads is true that may cause Netty to create a lot garbage objects and, as a result, trigger GC.
	It is recommended to disable useCacheForAllThreads by setting -Dorg.apache.ratis.thirdparty.io.netty.allocator.useCacheForAllThreads=false in command line.
2019-08-02 04:04:36,820 INFO  grpc.GrpcConfigKeys$Server (ConfUtils.java:logGet(43)) - raft.grpc.server.port = 0 (default)
2019-08-02 04:04:36,821 INFO  server.GrpcService (ConfUtils.java:logGet(43)) - raft.grpc.message.size.max = 33570816 (custom)
2019-08-02 04:04:36,821 INFO  server.RaftServerConfigKeys (ConfUtils.java:logGet(43)) - raft.server.log.appender.buffer.byte-limit = 33554432 (custom)
2019-08-02 04:04:36,821 INFO  server.GrpcService (ConfUtils.java:logGet(43)) - raft.grpc.flow.control.window = 1MB (=1048576) (default)
2019-08-02 04:04:36,821 INFO  server.RaftServerConfigKeys (ConfUtils.java:logGet(43)) - raft.server.rpc.request.timeout = 3000ms (default)
2019-08-02 04:04:36,822 INFO  server.RaftServerConfigKeys (ConfUtils.java:logGet(43)) - raft.server.storage.dir = [/workdir/hadoop-ozone/integration-test/target/test-dir/MiniOzoneClusterImpl-aeec6eb3-b278-40e8-882d-ded1a49b8218/datanode-1/data/ratis] (custom)
2019-08-02 04:04:36,823 INFO  replication.SimpleContainerDownloader (SimpleContainerDownloader.java:<init>(72)) - Starting container downloader service to copy containers to replicate.
2019-08-02 04:04:36,824 INFO  hdfs.DFSUtil (DFSUtil.java:httpServerTemplateForNNAndJN(1641)) - Starting Web-server for hddsDatanode at: http://0.0.0.0:0
2019-08-02 04:04:36,828 INFO  server.AuthenticationFilter (AuthenticationFilter.java:constructSecretProvider(240)) - Unable to initialize FileSignerSecretProvider, falling back to use random secrets.
2019-08-02 04:04:36,829 WARN  http.HttpRequestLog (HttpRequestLog.java:getRequestLog(97)) - Jetty request log can only be enabled using Log4j
2019-08-02 04:04:36,832 INFO  http.HttpServer2 (HttpServer2.java:addGlobalFilter(975)) - Added global filter 'safety' (class=org.apache.hadoop.http.HttpServer2$QuotingInputFilter)
2019-08-02 04:04:36,833 INFO  http.HttpServer2 (HttpServer2.java:addFilter(948)) - Added filter static_user_filter (class=org.apache.hadoop.http.lib.StaticUserWebFilter$StaticUserFilter) to context hddsDatanode
2019-08-02 04:04:36,833 INFO  http.HttpServer2 (HttpServer2.java:addFilter(958)) - Added filter static_user_filter (class=org.apache.hadoop.http.lib.StaticUserWebFilter$StaticUserFilter) to context logs
2019-08-02 04:04:36,833 INFO  http.HttpServer2 (HttpServer2.java:addFilter(958)) - Added filter static_user_filter (class=org.apache.hadoop.http.lib.StaticUserWebFilter$StaticUserFilter) to context static
2019-08-02 04:04:36,835 INFO  http.HttpServer2 (HttpServer2.java:bindListener(1191)) - Jetty bound to port 44880
2019-08-02 04:04:36,835 INFO  server.Server (Server.java:doStart(351)) - jetty-9.3.24.v20180605, build timestamp: 2018-06-05T17:11:56Z, git hash: 84205aa28f11a4f31f2a3b86d1bba2cc8ab69827
2019-08-02 04:04:36,838 INFO  handler.ContextHandler (ContextHandler.java:doStart(781)) - Started o.e.j.s.ServletContextHandler@515b9d4a{/logs,file:///workdir/hadoop-ozone/integration-test/target/log,AVAILABLE}
2019-08-02 04:04:36,839 INFO  handler.ContextHandler (ContextHandler.java:doStart(781)) - Started o.e.j.s.ServletContextHandler@32a4ecbe{/static,jar:file:/home/user/.m2/repository/org/apache/hadoop/hadoop-hdds-container-service/0.4.1-SNAPSHOT/hadoop-hdds-container-service-0.4.1-SNAPSHOT.jar!/webapps/static,AVAILABLE}
2019-08-02 04:04:36,879 INFO  handler.ContextHandler (ContextHandler.java:doStart(781)) - Started o.e.j.w.WebAppContext@747835f5{/,file:///tmp/jetty-0.0.0.0-44880-hddsDatanode-_-any-5942332223229109277.dir/webapp/,AVAILABLE}{/hddsDatanode}
2019-08-02 04:04:36,880 INFO  server.AbstractConnector (AbstractConnector.java:doStart(278)) - Started ServerConnector@594131f2{HTTP/1.1,[http/1.1]}{0.0.0.0:44880}
2019-08-02 04:04:36,880 INFO  server.Server (Server.java:doStart(419)) - Started @6394ms
2019-08-02 04:04:36,882 INFO  server.BaseHttpServer (BaseHttpServer.java:updateConnectorAddress(207)) - HTTP server of HDDSDATANODE is listening at http://0.0.0.0:44880
2019-08-02 04:04:36,917 INFO  datanode.InitDatanodeState (InitDatanodeState.java:persistContainerDatanodeDetails(140)) - DatanodeDetails is persisted to /workdir/hadoop-ozone/integration-test/target/test-dir/MiniOzoneClusterImpl-aeec6eb3-b278-40e8-882d-ded1a49b8218/datanode-0/meta/datanode.id
2019-08-02 04:04:37,029 INFO  ozone.HddsDatanodeService (HddsDatanodeService.java:startPlugins(395)) - Started plug-in org.apache.hadoop.ozone.web.OzoneHddsDatanodeService@20d19f2c
2019-08-02 04:04:37,030 INFO  impl.MetricsSystemImpl (MetricsSystemImpl.java:init(158)) - HddsDatanode metrics system started (again)
2019-08-02 04:04:37,032 INFO  ozone.HddsDatanodeService (HddsDatanodeService.java:start(184)) - HddsDatanodeService host:byscane-nightly-xzrzg-2697134946 ip:192.168.157.195
2019-08-02 04:04:37,033 INFO  util.JvmPauseMonitor (JvmPauseMonitor.java:run(188)) - Starting JVM pause monitor
2019-08-02 04:04:37,042 INFO  volume.HddsVolume (HddsVolume.java:<init>(176)) - Creating Volume: /workdir/hadoop-ozone/integration-test/target/test-dir/MiniOzoneClusterImpl-aeec6eb3-b278-40e8-882d-ded1a49b8218/datanode-2/data/containers/hdds of  storage type : DISK and capacity : 52710309888
2019-08-02 04:04:37,042 INFO  volume.VolumeSet (VolumeSet.java:initializeVolumeSet(170)) - Added Volume : /workdir/hadoop-ozone/integration-test/target/test-dir/MiniOzoneClusterImpl-aeec6eb3-b278-40e8-882d-ded1a49b8218/datanode-2/data/containers/hdds to VolumeSet
2019-08-02 04:04:37,042 INFO  volume.ThrottledAsyncChecker (ThrottledAsyncChecker.java:schedule(140)) - Scheduling a check for org.apache.hadoop.ozone.container.common.volume.HddsVolume@30a7653e
2019-08-02 04:04:37,043 INFO  datanode.InitDatanodeState (InitDatanodeState.java:persistContainerDatanodeDetails(140)) - DatanodeDetails is persisted to /workdir/hadoop-ozone/integration-test/target/test-dir/MiniOzoneClusterImpl-aeec6eb3-b278-40e8-882d-ded1a49b8218/datanode-1/meta/datanode.id
2019-08-02 04:04:37,043 INFO  volume.HddsVolumeChecker (HddsVolumeChecker.java:checkAllVolumes(203)) - Scheduled health check for volume org.apache.hadoop.ozone.container.common.volume.HddsVolume@30a7653e
2019-08-02 04:04:37,057 INFO  impl.RaftServerProxy (ConfUtils.java:logGet(43)) - raft.rpc.type = GRPC (default)
2019-08-02 04:04:37,057 INFO  grpc.GrpcFactory (GrpcFactory.java:checkPooledByteBufAllocatorUseCacheForAllThreads(45)) - PERFORMANCE WARNING: useCacheForAllThreads is true that may cause Netty to create a lot garbage objects and, as a result, trigger GC.
	It is recommended to disable useCacheForAllThreads by setting -Dorg.apache.ratis.thirdparty.io.netty.allocator.useCacheForAllThreads=false in command line.
2019-08-02 04:04:37,057 INFO  grpc.GrpcConfigKeys$Server (ConfUtils.java:logGet(43)) - raft.grpc.server.port = 0 (default)
2019-08-02 04:04:37,058 INFO  server.GrpcService (ConfUtils.java:logGet(43)) - raft.grpc.message.size.max = 33570816 (custom)
2019-08-02 04:04:37,058 INFO  server.RaftServerConfigKeys (ConfUtils.java:logGet(43)) - raft.server.log.appender.buffer.byte-limit = 33554432 (custom)
2019-08-02 04:04:37,058 INFO  server.GrpcService (ConfUtils.java:logGet(43)) - raft.grpc.flow.control.window = 1MB (=1048576) (default)
2019-08-02 04:04:37,058 INFO  server.RaftServerConfigKeys (ConfUtils.java:logGet(43)) - raft.server.rpc.request.timeout = 3000ms (default)
2019-08-02 04:04:37,059 INFO  server.RaftServerConfigKeys (ConfUtils.java:logGet(43)) - raft.server.storage.dir = [/workdir/hadoop-ozone/integration-test/target/test-dir/MiniOzoneClusterImpl-aeec6eb3-b278-40e8-882d-ded1a49b8218/datanode-2/data/ratis] (custom)
2019-08-02 04:04:37,060 INFO  replication.SimpleContainerDownloader (SimpleContainerDownloader.java:<init>(72)) - Starting container downloader service to copy containers to replicate.
2019-08-02 04:04:37,061 INFO  hdfs.DFSUtil (DFSUtil.java:httpServerTemplateForNNAndJN(1641)) - Starting Web-server for hddsDatanode at: http://0.0.0.0:0
2019-08-02 04:04:37,062 INFO  server.AuthenticationFilter (AuthenticationFilter.java:constructSecretProvider(240)) - Unable to initialize FileSignerSecretProvider, falling back to use random secrets.
2019-08-02 04:04:37,062 WARN  http.HttpRequestLog (HttpRequestLog.java:getRequestLog(97)) - Jetty request log can only be enabled using Log4j
2019-08-02 04:04:37,064 INFO  http.HttpServer2 (HttpServer2.java:addGlobalFilter(975)) - Added global filter 'safety' (class=org.apache.hadoop.http.HttpServer2$QuotingInputFilter)
2019-08-02 04:04:37,064 INFO  http.HttpServer2 (HttpServer2.java:addFilter(948)) - Added filter static_user_filter (class=org.apache.hadoop.http.lib.StaticUserWebFilter$StaticUserFilter) to context hddsDatanode
2019-08-02 04:04:37,065 INFO  http.HttpServer2 (HttpServer2.java:addFilter(958)) - Added filter static_user_filter (class=org.apache.hadoop.http.lib.StaticUserWebFilter$StaticUserFilter) to context static
2019-08-02 04:04:37,065 INFO  http.HttpServer2 (HttpServer2.java:addFilter(958)) - Added filter static_user_filter (class=org.apache.hadoop.http.lib.StaticUserWebFilter$StaticUserFilter) to context logs
2019-08-02 04:04:37,066 INFO  http.HttpServer2 (HttpServer2.java:bindListener(1191)) - Jetty bound to port 43928
2019-08-02 04:04:37,066 INFO  server.Server (Server.java:doStart(351)) - jetty-9.3.24.v20180605, build timestamp: 2018-06-05T17:11:56Z, git hash: 84205aa28f11a4f31f2a3b86d1bba2cc8ab69827
2019-08-02 04:04:37,069 INFO  handler.ContextHandler (ContextHandler.java:doStart(781)) - Started o.e.j.s.ServletContextHandler@6b63abdc{/logs,file:///workdir/hadoop-ozone/integration-test/target/log,AVAILABLE}
2019-08-02 04:04:37,070 INFO  handler.ContextHandler (ContextHandler.java:doStart(781)) - Started o.e.j.s.ServletContextHandler@5f08fe00{/static,jar:file:/home/user/.m2/repository/org/apache/hadoop/hadoop-hdds-container-service/0.4.1-SNAPSHOT/hadoop-hdds-container-service-0.4.1-SNAPSHOT.jar!/webapps/static,AVAILABLE}
2019-08-02 04:04:37,099 INFO  handler.ContextHandler (ContextHandler.java:doStart(781)) - Started o.e.j.w.WebAppContext@27976390{/,file:///tmp/jetty-0.0.0.0-43928-hddsDatanode-_-any-4220406137752669222.dir/webapp/,AVAILABLE}{/hddsDatanode}
2019-08-02 04:04:37,099 INFO  server.AbstractConnector (AbstractConnector.java:doStart(278)) - Started ServerConnector@37e0056e{HTTP/1.1,[http/1.1]}{0.0.0.0:43928}
2019-08-02 04:04:37,101 INFO  server.Server (Server.java:doStart(419)) - Started @6614ms
2019-08-02 04:04:37,102 INFO  server.BaseHttpServer (BaseHttpServer.java:updateConnectorAddress(207)) - HTTP server of HDDSDATANODE is listening at http://0.0.0.0:43928
2019-08-02 04:04:37,235 INFO  ozone.HddsDatanodeService (HddsDatanodeService.java:startPlugins(395)) - Started plug-in org.apache.hadoop.ozone.web.OzoneHddsDatanodeService@1e00bfe2
2019-08-02 04:04:37,235 INFO  impl.MetricsSystemImpl (MetricsSystemImpl.java:init(158)) - HddsDatanode metrics system started (again)
2019-08-02 04:04:37,238 INFO  ozone.HddsDatanodeService (HddsDatanodeService.java:start(184)) - HddsDatanodeService host:byscane-nightly-xzrzg-2697134946 ip:192.168.157.195
2019-08-02 04:04:37,239 INFO  util.JvmPauseMonitor (JvmPauseMonitor.java:run(188)) - Starting JVM pause monitor
2019-08-02 04:04:37,242 INFO  datanode.InitDatanodeState (InitDatanodeState.java:persistContainerDatanodeDetails(140)) - DatanodeDetails is persisted to /workdir/hadoop-ozone/integration-test/target/test-dir/MiniOzoneClusterImpl-aeec6eb3-b278-40e8-882d-ded1a49b8218/datanode-2/meta/datanode.id
2019-08-02 04:04:37,246 INFO  volume.HddsVolume (HddsVolume.java:<init>(176)) - Creating Volume: /workdir/hadoop-ozone/integration-test/target/test-dir/MiniOzoneClusterImpl-aeec6eb3-b278-40e8-882d-ded1a49b8218/datanode-3/data/containers/hdds of  storage type : DISK and capacity : 52710309888
2019-08-02 04:04:37,246 INFO  volume.VolumeSet (VolumeSet.java:initializeVolumeSet(170)) - Added Volume : /workdir/hadoop-ozone/integration-test/target/test-dir/MiniOzoneClusterImpl-aeec6eb3-b278-40e8-882d-ded1a49b8218/datanode-3/data/containers/hdds to VolumeSet
2019-08-02 04:04:37,246 INFO  volume.ThrottledAsyncChecker (ThrottledAsyncChecker.java:schedule(140)) - Scheduling a check for org.apache.hadoop.ozone.container.common.volume.HddsVolume@49580ca8
2019-08-02 04:04:37,247 INFO  volume.HddsVolumeChecker (HddsVolumeChecker.java:checkAllVolumes(203)) - Scheduled health check for volume org.apache.hadoop.ozone.container.common.volume.HddsVolume@49580ca8
2019-08-02 04:04:37,262 INFO  impl.RaftServerProxy (ConfUtils.java:logGet(43)) - raft.rpc.type = GRPC (default)
2019-08-02 04:04:37,262 INFO  grpc.GrpcFactory (GrpcFactory.java:checkPooledByteBufAllocatorUseCacheForAllThreads(45)) - PERFORMANCE WARNING: useCacheForAllThreads is true that may cause Netty to create a lot garbage objects and, as a result, trigger GC.
	It is recommended to disable useCacheForAllThreads by setting -Dorg.apache.ratis.thirdparty.io.netty.allocator.useCacheForAllThreads=false in command line.
2019-08-02 04:04:37,263 INFO  grpc.GrpcConfigKeys$Server (ConfUtils.java:logGet(43)) - raft.grpc.server.port = 0 (default)
2019-08-02 04:04:37,263 INFO  server.GrpcService (ConfUtils.java:logGet(43)) - raft.grpc.message.size.max = 33570816 (custom)
2019-08-02 04:04:37,263 INFO  server.RaftServerConfigKeys (ConfUtils.java:logGet(43)) - raft.server.log.appender.buffer.byte-limit = 33554432 (custom)
2019-08-02 04:04:37,264 INFO  server.GrpcService (ConfUtils.java:logGet(43)) - raft.grpc.flow.control.window = 1MB (=1048576) (default)
2019-08-02 04:04:37,264 INFO  server.RaftServerConfigKeys (ConfUtils.java:logGet(43)) - raft.server.rpc.request.timeout = 3000ms (default)
2019-08-02 04:04:37,265 INFO  server.RaftServerConfigKeys (ConfUtils.java:logGet(43)) - raft.server.storage.dir = [/workdir/hadoop-ozone/integration-test/target/test-dir/MiniOzoneClusterImpl-aeec6eb3-b278-40e8-882d-ded1a49b8218/datanode-3/data/ratis] (custom)
2019-08-02 04:04:37,266 INFO  replication.SimpleContainerDownloader (SimpleContainerDownloader.java:<init>(72)) - Starting container downloader service to copy containers to replicate.
2019-08-02 04:04:37,268 INFO  hdfs.DFSUtil (DFSUtil.java:httpServerTemplateForNNAndJN(1641)) - Starting Web-server for hddsDatanode at: http://0.0.0.0:0
2019-08-02 04:04:37,269 INFO  server.AuthenticationFilter (AuthenticationFilter.java:constructSecretProvider(240)) - Unable to initialize FileSignerSecretProvider, falling back to use random secrets.
2019-08-02 04:04:37,269 WARN  http.HttpRequestLog (HttpRequestLog.java:getRequestLog(97)) - Jetty request log can only be enabled using Log4j
2019-08-02 04:04:37,271 INFO  http.HttpServer2 (HttpServer2.java:addGlobalFilter(975)) - Added global filter 'safety' (class=org.apache.hadoop.http.HttpServer2$QuotingInputFilter)
2019-08-02 04:04:37,271 INFO  http.HttpServer2 (HttpServer2.java:addFilter(948)) - Added filter static_user_filter (class=org.apache.hadoop.http.lib.StaticUserWebFilter$StaticUserFilter) to context hddsDatanode
2019-08-02 04:04:37,271 INFO  http.HttpServer2 (HttpServer2.java:addFilter(958)) - Added filter static_user_filter (class=org.apache.hadoop.http.lib.StaticUserWebFilter$StaticUserFilter) to context static
2019-08-02 04:04:37,272 INFO  http.HttpServer2 (HttpServer2.java:addFilter(958)) - Added filter static_user_filter (class=org.apache.hadoop.http.lib.StaticUserWebFilter$StaticUserFilter) to context logs
2019-08-02 04:04:37,272 INFO  http.HttpServer2 (HttpServer2.java:bindListener(1191)) - Jetty bound to port 36837
2019-08-02 04:04:37,272 INFO  server.Server (Server.java:doStart(351)) - jetty-9.3.24.v20180605, build timestamp: 2018-06-05T17:11:56Z, git hash: 84205aa28f11a4f31f2a3b86d1bba2cc8ab69827
2019-08-02 04:04:37,275 INFO  handler.ContextHandler (ContextHandler.java:doStart(781)) - Started o.e.j.s.ServletContextHandler@5b29ab61{/logs,file:///workdir/hadoop-ozone/integration-test/target/log,AVAILABLE}
2019-08-02 04:04:37,276 INFO  handler.ContextHandler (ContextHandler.java:doStart(781)) - Started o.e.j.s.ServletContextHandler@1e1e837d{/static,jar:file:/home/user/.m2/repository/org/apache/hadoop/hadoop-hdds-container-service/0.4.1-SNAPSHOT/hadoop-hdds-container-service-0.4.1-SNAPSHOT.jar!/webapps/static,AVAILABLE}
2019-08-02 04:04:37,303 INFO  handler.ContextHandler (ContextHandler.java:doStart(781)) - Started o.e.j.w.WebAppContext@33d7765a{/,file:///tmp/jetty-0.0.0.0-36837-hddsDatanode-_-any-3363375009020947846.dir/webapp/,AVAILABLE}{/hddsDatanode}
2019-08-02 04:04:37,304 INFO  server.AbstractConnector (AbstractConnector.java:doStart(278)) - Started ServerConnector@69ed5ea2{HTTP/1.1,[http/1.1]}{0.0.0.0:36837}
2019-08-02 04:04:37,305 INFO  server.Server (Server.java:doStart(419)) - Started @6818ms
2019-08-02 04:04:37,305 INFO  server.BaseHttpServer (BaseHttpServer.java:updateConnectorAddress(207)) - HTTP server of HDDSDATANODE is listening at http://0.0.0.0:36837
2019-08-02 04:04:37,495 INFO  ozone.HddsDatanodeService (HddsDatanodeService.java:startPlugins(395)) - Started plug-in org.apache.hadoop.ozone.web.OzoneHddsDatanodeService@285a4fe3
2019-08-02 04:04:37,495 INFO  impl.MetricsSystemImpl (MetricsSystemImpl.java:init(158)) - HddsDatanode metrics system started (again)
2019-08-02 04:04:37,499 INFO  ozone.HddsDatanodeService (HddsDatanodeService.java:start(184)) - HddsDatanodeService host:byscane-nightly-xzrzg-2697134946 ip:192.168.157.195
2019-08-02 04:04:37,500 INFO  util.JvmPauseMonitor (JvmPauseMonitor.java:run(188)) - Starting JVM pause monitor
2019-08-02 04:04:37,503 INFO  datanode.InitDatanodeState (InitDatanodeState.java:persistContainerDatanodeDetails(140)) - DatanodeDetails is persisted to /workdir/hadoop-ozone/integration-test/target/test-dir/MiniOzoneClusterImpl-aeec6eb3-b278-40e8-882d-ded1a49b8218/datanode-3/meta/datanode.id
2019-08-02 04:04:37,508 INFO  volume.HddsVolume (HddsVolume.java:<init>(176)) - Creating Volume: /workdir/hadoop-ozone/integration-test/target/test-dir/MiniOzoneClusterImpl-aeec6eb3-b278-40e8-882d-ded1a49b8218/datanode-4/data/containers/hdds of  storage type : DISK and capacity : 52710309888
2019-08-02 04:04:37,508 INFO  volume.VolumeSet (VolumeSet.java:initializeVolumeSet(170)) - Added Volume : /workdir/hadoop-ozone/integration-test/target/test-dir/MiniOzoneClusterImpl-aeec6eb3-b278-40e8-882d-ded1a49b8218/datanode-4/data/containers/hdds to VolumeSet
2019-08-02 04:04:37,509 INFO  volume.ThrottledAsyncChecker (ThrottledAsyncChecker.java:schedule(140)) - Scheduling a check for org.apache.hadoop.ozone.container.common.volume.HddsVolume@45037e16
2019-08-02 04:04:37,509 INFO  volume.HddsVolumeChecker (HddsVolumeChecker.java:checkAllVolumes(203)) - Scheduled health check for volume org.apache.hadoop.ozone.container.common.volume.HddsVolume@45037e16
2019-08-02 04:04:37,525 INFO  impl.RaftServerProxy (ConfUtils.java:logGet(43)) - raft.rpc.type = GRPC (default)
2019-08-02 04:04:37,525 INFO  grpc.GrpcFactory (GrpcFactory.java:checkPooledByteBufAllocatorUseCacheForAllThreads(45)) - PERFORMANCE WARNING: useCacheForAllThreads is true that may cause Netty to create a lot garbage objects and, as a result, trigger GC.
	It is recommended to disable useCacheForAllThreads by setting -Dorg.apache.ratis.thirdparty.io.netty.allocator.useCacheForAllThreads=false in command line.
2019-08-02 04:04:37,525 INFO  grpc.GrpcConfigKeys$Server (ConfUtils.java:logGet(43)) - raft.grpc.server.port = 0 (default)
2019-08-02 04:04:37,525 INFO  server.GrpcService (ConfUtils.java:logGet(43)) - raft.grpc.message.size.max = 33570816 (custom)
2019-08-02 04:04:37,526 INFO  server.RaftServerConfigKeys (ConfUtils.java:logGet(43)) - raft.server.log.appender.buffer.byte-limit = 33554432 (custom)
2019-08-02 04:04:37,526 INFO  server.GrpcService (ConfUtils.java:logGet(43)) - raft.grpc.flow.control.window = 1MB (=1048576) (default)
2019-08-02 04:04:37,526 INFO  server.RaftServerConfigKeys (ConfUtils.java:logGet(43)) - raft.server.rpc.request.timeout = 3000ms (default)
2019-08-02 04:04:37,527 INFO  server.RaftServerConfigKeys (ConfUtils.java:logGet(43)) - raft.server.storage.dir = [/workdir/hadoop-ozone/integration-test/target/test-dir/MiniOzoneClusterImpl-aeec6eb3-b278-40e8-882d-ded1a49b8218/datanode-4/data/ratis] (custom)
2019-08-02 04:04:37,527 INFO  replication.SimpleContainerDownloader (SimpleContainerDownloader.java:<init>(72)) - Starting container downloader service to copy containers to replicate.
2019-08-02 04:04:37,529 INFO  hdfs.DFSUtil (DFSUtil.java:httpServerTemplateForNNAndJN(1641)) - Starting Web-server for hddsDatanode at: http://0.0.0.0:0
2019-08-02 04:04:37,531 INFO  server.AuthenticationFilter (AuthenticationFilter.java:constructSecretProvider(240)) - Unable to initialize FileSignerSecretProvider, falling back to use random secrets.
2019-08-02 04:04:37,532 WARN  http.HttpRequestLog (HttpRequestLog.java:getRequestLog(97)) - Jetty request log can only be enabled using Log4j
2019-08-02 04:04:37,534 INFO  http.HttpServer2 (HttpServer2.java:addGlobalFilter(975)) - Added global filter 'safety' (class=org.apache.hadoop.http.HttpServer2$QuotingInputFilter)
2019-08-02 04:04:37,535 INFO  http.HttpServer2 (HttpServer2.java:addFilter(948)) - Added filter static_user_filter (class=org.apache.hadoop.http.lib.StaticUserWebFilter$StaticUserFilter) to context hddsDatanode
2019-08-02 04:04:37,536 INFO  http.HttpServer2 (HttpServer2.java:addFilter(958)) - Added filter static_user_filter (class=org.apache.hadoop.http.lib.StaticUserWebFilter$StaticUserFilter) to context static
2019-08-02 04:04:37,536 INFO  http.HttpServer2 (HttpServer2.java:addFilter(958)) - Added filter static_user_filter (class=org.apache.hadoop.http.lib.StaticUserWebFilter$StaticUserFilter) to context logs
2019-08-02 04:04:37,537 INFO  http.HttpServer2 (HttpServer2.java:bindListener(1191)) - Jetty bound to port 34407
2019-08-02 04:04:37,537 INFO  server.Server (Server.java:doStart(351)) - jetty-9.3.24.v20180605, build timestamp: 2018-06-05T17:11:56Z, git hash: 84205aa28f11a4f31f2a3b86d1bba2cc8ab69827
2019-08-02 04:04:37,544 INFO  handler.ContextHandler (ContextHandler.java:doStart(781)) - Started o.e.j.s.ServletContextHandler@2dbfa972{/logs,file:///workdir/hadoop-ozone/integration-test/target/log,AVAILABLE}
2019-08-02 04:04:37,545 INFO  handler.ContextHandler (ContextHandler.java:doStart(781)) - Started o.e.j.s.ServletContextHandler@41aebbb4{/static,jar:file:/home/user/.m2/repository/org/apache/hadoop/hadoop-hdds-container-service/0.4.1-SNAPSHOT/hadoop-hdds-container-service-0.4.1-SNAPSHOT.jar!/webapps/static,AVAILABLE}
2019-08-02 04:04:37,586 INFO  handler.ContextHandler (ContextHandler.java:doStart(781)) - Started o.e.j.w.WebAppContext@6629643d{/,file:///tmp/jetty-0.0.0.0-34407-hddsDatanode-_-any-3322829980508824460.dir/webapp/,AVAILABLE}{/hddsDatanode}
2019-08-02 04:04:37,587 INFO  server.AbstractConnector (AbstractConnector.java:doStart(278)) - Started ServerConnector@2dd178f3{HTTP/1.1,[http/1.1]}{0.0.0.0:34407}
2019-08-02 04:04:37,587 INFO  server.Server (Server.java:doStart(419)) - Started @7101ms
2019-08-02 04:04:37,588 INFO  server.BaseHttpServer (BaseHttpServer.java:updateConnectorAddress(207)) - HTTP server of HDDSDATANODE is listening at http://0.0.0.0:34407
2019-08-02 04:04:37,720 INFO  ozone.HddsDatanodeService (HddsDatanodeService.java:startPlugins(395)) - Started plug-in org.apache.hadoop.ozone.web.OzoneHddsDatanodeService@7364f68
2019-08-02 04:04:37,721 INFO  impl.MetricsSystemImpl (MetricsSystemImpl.java:init(158)) - HddsDatanode metrics system started (again)
2019-08-02 04:04:37,724 INFO  ozone.HddsDatanodeService (HddsDatanodeService.java:start(184)) - HddsDatanodeService host:byscane-nightly-xzrzg-2697134946 ip:192.168.157.195
2019-08-02 04:04:37,725 INFO  util.JvmPauseMonitor (JvmPauseMonitor.java:run(188)) - Starting JVM pause monitor
2019-08-02 04:04:37,728 INFO  datanode.InitDatanodeState (InitDatanodeState.java:persistContainerDatanodeDetails(140)) - DatanodeDetails is persisted to /workdir/hadoop-ozone/integration-test/target/test-dir/MiniOzoneClusterImpl-aeec6eb3-b278-40e8-882d-ded1a49b8218/datanode-4/meta/datanode.id
2019-08-02 04:04:37,734 INFO  volume.HddsVolume (HddsVolume.java:<init>(176)) - Creating Volume: /workdir/hadoop-ozone/integration-test/target/test-dir/MiniOzoneClusterImpl-aeec6eb3-b278-40e8-882d-ded1a49b8218/datanode-5/data/containers/hdds of  storage type : DISK and capacity : 52710309888
2019-08-02 04:04:37,734 INFO  volume.VolumeSet (VolumeSet.java:initializeVolumeSet(170)) - Added Volume : /workdir/hadoop-ozone/integration-test/target/test-dir/MiniOzoneClusterImpl-aeec6eb3-b278-40e8-882d-ded1a49b8218/datanode-5/data/containers/hdds to VolumeSet
2019-08-02 04:04:37,734 INFO  volume.ThrottledAsyncChecker (ThrottledAsyncChecker.java:schedule(140)) - Scheduling a check for org.apache.hadoop.ozone.container.common.volume.HddsVolume@4bc9ca97
2019-08-02 04:04:37,735 INFO  volume.HddsVolumeChecker (HddsVolumeChecker.java:checkAllVolumes(203)) - Scheduled health check for volume org.apache.hadoop.ozone.container.common.volume.HddsVolume@4bc9ca97
2019-08-02 04:04:37,749 INFO  impl.RaftServerProxy (ConfUtils.java:logGet(43)) - raft.rpc.type = GRPC (default)
2019-08-02 04:04:37,749 INFO  grpc.GrpcFactory (GrpcFactory.java:checkPooledByteBufAllocatorUseCacheForAllThreads(45)) - PERFORMANCE WARNING: useCacheForAllThreads is true that may cause Netty to create a lot garbage objects and, as a result, trigger GC.
	It is recommended to disable useCacheForAllThreads by setting -Dorg.apache.ratis.thirdparty.io.netty.allocator.useCacheForAllThreads=false in command line.
2019-08-02 04:04:37,749 INFO  grpc.GrpcConfigKeys$Server (ConfUtils.java:logGet(43)) - raft.grpc.server.port = 0 (default)
2019-08-02 04:04:37,749 INFO  server.GrpcService (ConfUtils.java:logGet(43)) - raft.grpc.message.size.max = 33570816 (custom)
2019-08-02 04:04:37,750 INFO  server.RaftServerConfigKeys (ConfUtils.java:logGet(43)) - raft.server.log.appender.buffer.byte-limit = 33554432 (custom)
2019-08-02 04:04:37,750 INFO  server.GrpcService (ConfUtils.java:logGet(43)) - raft.grpc.flow.control.window = 1MB (=1048576) (default)
2019-08-02 04:04:37,750 INFO  server.RaftServerConfigKeys (ConfUtils.java:logGet(43)) - raft.server.rpc.request.timeout = 3000ms (default)
2019-08-02 04:04:37,751 INFO  server.RaftServerConfigKeys (ConfUtils.java:logGet(43)) - raft.server.storage.dir = [/workdir/hadoop-ozone/integration-test/target/test-dir/MiniOzoneClusterImpl-aeec6eb3-b278-40e8-882d-ded1a49b8218/datanode-5/data/ratis] (custom)
2019-08-02 04:04:37,751 INFO  replication.SimpleContainerDownloader (SimpleContainerDownloader.java:<init>(72)) - Starting container downloader service to copy containers to replicate.
2019-08-02 04:04:37,752 INFO  hdfs.DFSUtil (DFSUtil.java:httpServerTemplateForNNAndJN(1641)) - Starting Web-server for hddsDatanode at: http://0.0.0.0:0
2019-08-02 04:04:37,753 INFO  server.AuthenticationFilter (AuthenticationFilter.java:constructSecretProvider(240)) - Unable to initialize FileSignerSecretProvider, falling back to use random secrets.
2019-08-02 04:04:37,754 WARN  http.HttpRequestLog (HttpRequestLog.java:getRequestLog(97)) - Jetty request log can only be enabled using Log4j
2019-08-02 04:04:37,756 INFO  http.HttpServer2 (HttpServer2.java:addGlobalFilter(975)) - Added global filter 'safety' (class=org.apache.hadoop.http.HttpServer2$QuotingInputFilter)
2019-08-02 04:04:37,756 INFO  http.HttpServer2 (HttpServer2.java:addFilter(948)) - Added filter static_user_filter (class=org.apache.hadoop.http.lib.StaticUserWebFilter$StaticUserFilter) to context hddsDatanode
2019-08-02 04:04:37,756 INFO  http.HttpServer2 (HttpServer2.java:addFilter(958)) - Added filter static_user_filter (class=org.apache.hadoop.http.lib.StaticUserWebFilter$StaticUserFilter) to context logs
2019-08-02 04:04:37,756 INFO  http.HttpServer2 (HttpServer2.java:addFilter(958)) - Added filter static_user_filter (class=org.apache.hadoop.http.lib.StaticUserWebFilter$StaticUserFilter) to context static
2019-08-02 04:04:37,757 INFO  http.HttpServer2 (HttpServer2.java:bindListener(1191)) - Jetty bound to port 34079
2019-08-02 04:04:37,757 INFO  server.Server (Server.java:doStart(351)) - jetty-9.3.24.v20180605, build timestamp: 2018-06-05T17:11:56Z, git hash: 84205aa28f11a4f31f2a3b86d1bba2cc8ab69827
2019-08-02 04:04:37,760 INFO  handler.ContextHandler (ContextHandler.java:doStart(781)) - Started o.e.j.s.ServletContextHandler@3f048c86{/logs,file:///workdir/hadoop-ozone/integration-test/target/log,AVAILABLE}
2019-08-02 04:04:37,760 INFO  handler.ContextHandler (ContextHandler.java:doStart(781)) - Started o.e.j.s.ServletContextHandler@1de13f34{/static,jar:file:/home/user/.m2/repository/org/apache/hadoop/hadoop-hdds-container-service/0.4.1-SNAPSHOT/hadoop-hdds-container-service-0.4.1-SNAPSHOT.jar!/webapps/static,AVAILABLE}
2019-08-02 04:04:37,788 INFO  handler.ContextHandler (ContextHandler.java:doStart(781)) - Started o.e.j.w.WebAppContext@256589a1{/,file:///tmp/jetty-0.0.0.0-34079-hddsDatanode-_-any-8555405121133442058.dir/webapp/,AVAILABLE}{/hddsDatanode}
2019-08-02 04:04:37,789 INFO  server.AbstractConnector (AbstractConnector.java:doStart(278)) - Started ServerConnector@935493d{HTTP/1.1,[http/1.1]}{0.0.0.0:34079}
2019-08-02 04:04:37,789 INFO  server.Server (Server.java:doStart(419)) - Started @7303ms
2019-08-02 04:04:37,790 INFO  server.BaseHttpServer (BaseHttpServer.java:updateConnectorAddress(207)) - HTTP server of HDDSDATANODE is listening at http://0.0.0.0:34079
2019-08-02 04:04:38,024 INFO  ozone.HddsDatanodeService (HddsDatanodeService.java:startPlugins(395)) - Started plug-in org.apache.hadoop.ozone.web.OzoneHddsDatanodeService@49cc9b2a
2019-08-02 04:04:38,024 INFO  impl.MetricsSystemImpl (MetricsSystemImpl.java:init(158)) - HddsDatanode metrics system started (again)
2019-08-02 04:04:38,029 INFO  ozone.HddsDatanodeService (HddsDatanodeService.java:start(184)) - HddsDatanodeService host:byscane-nightly-xzrzg-2697134946 ip:192.168.157.195
2019-08-02 04:04:38,030 INFO  util.JvmPauseMonitor (JvmPauseMonitor.java:run(188)) - Starting JVM pause monitor
2019-08-02 04:04:38,033 INFO  datanode.InitDatanodeState (InitDatanodeState.java:persistContainerDatanodeDetails(140)) - DatanodeDetails is persisted to /workdir/hadoop-ozone/integration-test/target/test-dir/MiniOzoneClusterImpl-aeec6eb3-b278-40e8-882d-ded1a49b8218/datanode-5/meta/datanode.id
2019-08-02 04:04:38,039 INFO  volume.HddsVolume (HddsVolume.java:<init>(176)) - Creating Volume: /workdir/hadoop-ozone/integration-test/target/test-dir/MiniOzoneClusterImpl-aeec6eb3-b278-40e8-882d-ded1a49b8218/datanode-6/data/containers/hdds of  storage type : DISK and capacity : 52710309888
2019-08-02 04:04:38,040 INFO  volume.VolumeSet (VolumeSet.java:initializeVolumeSet(170)) - Added Volume : /workdir/hadoop-ozone/integration-test/target/test-dir/MiniOzoneClusterImpl-aeec6eb3-b278-40e8-882d-ded1a49b8218/datanode-6/data/containers/hdds to VolumeSet
2019-08-02 04:04:38,040 INFO  volume.ThrottledAsyncChecker (ThrottledAsyncChecker.java:schedule(140)) - Scheduling a check for org.apache.hadoop.ozone.container.common.volume.HddsVolume@4f5c30b1
2019-08-02 04:04:38,041 INFO  volume.HddsVolumeChecker (HddsVolumeChecker.java:checkAllVolumes(203)) - Scheduled health check for volume org.apache.hadoop.ozone.container.common.volume.HddsVolume@4f5c30b1
2019-08-02 04:04:38,060 INFO  impl.RaftServerProxy (ConfUtils.java:logGet(43)) - raft.rpc.type = GRPC (default)
2019-08-02 04:04:38,060 INFO  grpc.GrpcFactory (GrpcFactory.java:checkPooledByteBufAllocatorUseCacheForAllThreads(45)) - PERFORMANCE WARNING: useCacheForAllThreads is true that may cause Netty to create a lot garbage objects and, as a result, trigger GC.
	It is recommended to disable useCacheForAllThreads by setting -Dorg.apache.ratis.thirdparty.io.netty.allocator.useCacheForAllThreads=false in command line.
2019-08-02 04:04:38,061 INFO  grpc.GrpcConfigKeys$Server (ConfUtils.java:logGet(43)) - raft.grpc.server.port = 0 (default)
2019-08-02 04:04:38,061 INFO  server.GrpcService (ConfUtils.java:logGet(43)) - raft.grpc.message.size.max = 33570816 (custom)
2019-08-02 04:04:38,061 INFO  server.RaftServerConfigKeys (ConfUtils.java:logGet(43)) - raft.server.log.appender.buffer.byte-limit = 33554432 (custom)
2019-08-02 04:04:38,061 INFO  server.GrpcService (ConfUtils.java:logGet(43)) - raft.grpc.flow.control.window = 1MB (=1048576) (default)
2019-08-02 04:04:38,062 INFO  server.RaftServerConfigKeys (ConfUtils.java:logGet(43)) - raft.server.rpc.request.timeout = 3000ms (default)
2019-08-02 04:04:38,062 INFO  server.RaftServerConfigKeys (ConfUtils.java:logGet(43)) - raft.server.storage.dir = [/workdir/hadoop-ozone/integration-test/target/test-dir/MiniOzoneClusterImpl-aeec6eb3-b278-40e8-882d-ded1a49b8218/datanode-6/data/ratis] (custom)
2019-08-02 04:04:38,063 INFO  replication.SimpleContainerDownloader (SimpleContainerDownloader.java:<init>(72)) - Starting container downloader service to copy containers to replicate.
2019-08-02 04:04:38,065 INFO  hdfs.DFSUtil (DFSUtil.java:httpServerTemplateForNNAndJN(1641)) - Starting Web-server for hddsDatanode at: http://0.0.0.0:0
2019-08-02 04:04:38,066 INFO  server.AuthenticationFilter (AuthenticationFilter.java:constructSecretProvider(240)) - Unable to initialize FileSignerSecretProvider, falling back to use random secrets.
2019-08-02 04:04:38,067 WARN  http.HttpRequestLog (HttpRequestLog.java:getRequestLog(97)) - Jetty request log can only be enabled using Log4j
2019-08-02 04:04:38,068 INFO  http.HttpServer2 (HttpServer2.java:addGlobalFilter(975)) - Added global filter 'safety' (class=org.apache.hadoop.http.HttpServer2$QuotingInputFilter)
2019-08-02 04:04:38,069 INFO  http.HttpServer2 (HttpServer2.java:addFilter(948)) - Added filter static_user_filter (class=org.apache.hadoop.http.lib.StaticUserWebFilter$StaticUserFilter) to context hddsDatanode
2019-08-02 04:04:38,069 INFO  http.HttpServer2 (HttpServer2.java:addFilter(958)) - Added filter static_user_filter (class=org.apache.hadoop.http.lib.StaticUserWebFilter$StaticUserFilter) to context logs
2019-08-02 04:04:38,069 INFO  http.HttpServer2 (HttpServer2.java:addFilter(958)) - Added filter static_user_filter (class=org.apache.hadoop.http.lib.StaticUserWebFilter$StaticUserFilter) to context static
2019-08-02 04:04:38,070 INFO  http.HttpServer2 (HttpServer2.java:bindListener(1191)) - Jetty bound to port 43712
2019-08-02 04:04:38,071 INFO  server.Server (Server.java:doStart(351)) - jetty-9.3.24.v20180605, build timestamp: 2018-06-05T17:11:56Z, git hash: 84205aa28f11a4f31f2a3b86d1bba2cc8ab69827
2019-08-02 04:04:38,073 INFO  handler.ContextHandler (ContextHandler.java:doStart(781)) - Started o.e.j.s.ServletContextHandler@2a5abd3c{/logs,file:///workdir/hadoop-ozone/integration-test/target/log,AVAILABLE}
2019-08-02 04:04:38,074 INFO  handler.ContextHandler (ContextHandler.java:doStart(781)) - Started o.e.j.s.ServletContextHandler@25c1f5ee{/static,jar:file:/home/user/.m2/repository/org/apache/hadoop/hadoop-hdds-container-service/0.4.1-SNAPSHOT/hadoop-hdds-container-service-0.4.1-SNAPSHOT.jar!/webapps/static,AVAILABLE}
2019-08-02 04:04:38,106 INFO  handler.ContextHandler (ContextHandler.java:doStart(781)) - Started o.e.j.w.WebAppContext@58c42c8c{/,file:///tmp/jetty-0.0.0.0-43712-hddsDatanode-_-any-4696869066683235939.dir/webapp/,AVAILABLE}{/hddsDatanode}
2019-08-02 04:04:38,107 INFO  server.AbstractConnector (AbstractConnector.java:doStart(278)) - Started ServerConnector@3af236d0{HTTP/1.1,[http/1.1]}{0.0.0.0:43712}
2019-08-02 04:04:38,108 INFO  server.Server (Server.java:doStart(419)) - Started @7621ms
2019-08-02 04:04:38,108 INFO  server.BaseHttpServer (BaseHttpServer.java:updateConnectorAddress(207)) - HTTP server of HDDSDATANODE is listening at http://0.0.0.0:43712
2019-08-02 04:04:38,230 INFO  ozone.HddsDatanodeService (HddsDatanodeService.java:startPlugins(395)) - Started plug-in org.apache.hadoop.ozone.web.OzoneHddsDatanodeService@1e6bd263
2019-08-02 04:04:38,233 INFO  ozone.MiniOzoneClusterImpl (MiniOzoneClusterImpl.java:lambda$waitForClusterToBeReady$0(142)) - Waiting for cluster to be ready. Got 0 of 7 DN Heartbeats.
2019-08-02 04:04:38,234 INFO  util.JvmPauseMonitor (JvmPauseMonitor.java:run(188)) - Starting JVM pause monitor
2019-08-02 04:04:38,236 INFO  datanode.InitDatanodeState (InitDatanodeState.java:persistContainerDatanodeDetails(140)) - DatanodeDetails is persisted to /workdir/hadoop-ozone/integration-test/target/test-dir/MiniOzoneClusterImpl-aeec6eb3-b278-40e8-882d-ded1a49b8218/datanode-6/meta/datanode.id
2019-08-02 04:04:38,847 INFO  ozoneimpl.OzoneContainer (OzoneContainer.java:start(186)) - Attempting to start container services.
2019-08-02 04:04:38,849 INFO  ozoneimpl.OzoneContainer (OzoneContainer.java:startContainerScrub(160)) - Background container scrubber has been disabled by hdds.containerscrub.enabled
2019-08-02 04:04:38,850 INFO  ratis.XceiverServerRatis (XceiverServerRatis.java:start(404)) - Starting XceiverServerRatis 8671fb5a-4fbf-4e50-b0d6-03783498dd0e at port 0
2019-08-02 04:04:38,874 INFO  impl.RaftServerProxy (RaftServerProxy.java:lambda$start$3(299)) - 8671fb5a-4fbf-4e50-b0d6-03783498dd0e: start RPC server
2019-08-02 04:04:39,004 INFO  server.GrpcService (GrpcService.java:startImpl(149)) - 8671fb5a-4fbf-4e50-b0d6-03783498dd0e: GrpcService started, listening on 0.0.0.0/0.0.0.0:45928
2019-08-02 04:04:39,005 INFO  ratis.XceiverServerRatis (XceiverServerRatis.java:start(414)) - XceiverServerRatis 8671fb5a-4fbf-4e50-b0d6-03783498dd0e is started using port 45928
2019-08-02 04:04:39,008 INFO  server.XceiverServerGrpc (XceiverServerGrpc.java:start(161)) - XceiverServerGrpc 8671fb5a-4fbf-4e50-b0d6-03783498dd0e is started using port 42213
2019-08-02 04:04:39,051 INFO  ozoneimpl.OzoneContainer (OzoneContainer.java:start(186)) - Attempting to start container services.
2019-08-02 04:04:39,054 INFO  ozoneimpl.OzoneContainer (OzoneContainer.java:startContainerScrub(160)) - Background container scrubber has been disabled by hdds.containerscrub.enabled
2019-08-02 04:04:39,054 INFO  ratis.XceiverServerRatis (XceiverServerRatis.java:start(404)) - Starting XceiverServerRatis 320d30ba-a9a6-45ed-a240-9f96a2f7937d at port 0
2019-08-02 04:04:39,064 INFO  impl.RaftServerProxy (RaftServerProxy.java:lambda$start$3(299)) - 320d30ba-a9a6-45ed-a240-9f96a2f7937d: start RPC server
2019-08-02 04:04:39,069 INFO  server.GrpcService (GrpcService.java:startImpl(149)) - 320d30ba-a9a6-45ed-a240-9f96a2f7937d: GrpcService started, listening on 0.0.0.0/0.0.0.0:38950
2019-08-02 04:04:39,069 INFO  ratis.XceiverServerRatis (XceiverServerRatis.java:start(414)) - XceiverServerRatis 320d30ba-a9a6-45ed-a240-9f96a2f7937d is started using port 38950
2019-08-02 04:04:39,071 INFO  server.XceiverServerGrpc (XceiverServerGrpc.java:start(161)) - XceiverServerGrpc 320d30ba-a9a6-45ed-a240-9f96a2f7937d is started using port 43307
2019-08-02 04:04:39,234 INFO  ozone.MiniOzoneClusterImpl (MiniOzoneClusterImpl.java:lambda$waitForClusterToBeReady$0(142)) - Waiting for cluster to be ready. Got 0 of 7 DN Heartbeats.
2019-08-02 04:04:39,256 INFO  ozoneimpl.OzoneContainer (OzoneContainer.java:start(186)) - Attempting to start container services.
2019-08-02 04:04:39,262 INFO  ozoneimpl.OzoneContainer (OzoneContainer.java:startContainerScrub(160)) - Background container scrubber has been disabled by hdds.containerscrub.enabled
2019-08-02 04:04:39,262 INFO  ratis.XceiverServerRatis (XceiverServerRatis.java:start(404)) - Starting XceiverServerRatis 11e07cc4-2815-49a6-9644-343718e24947 at port 0
2019-08-02 04:04:39,272 INFO  impl.RaftServerProxy (RaftServerProxy.java:lambda$start$3(299)) - 11e07cc4-2815-49a6-9644-343718e24947: start RPC server
2019-08-02 04:04:39,276 INFO  server.GrpcService (GrpcService.java:startImpl(149)) - 11e07cc4-2815-49a6-9644-343718e24947: GrpcService started, listening on 0.0.0.0/0.0.0.0:36751
2019-08-02 04:04:39,276 INFO  ratis.XceiverServerRatis (XceiverServerRatis.java:start(414)) - XceiverServerRatis 11e07cc4-2815-49a6-9644-343718e24947 is started using port 36751
2019-08-02 04:04:39,279 INFO  server.XceiverServerGrpc (XceiverServerGrpc.java:start(161)) - XceiverServerGrpc 11e07cc4-2815-49a6-9644-343718e24947 is started using port 37005
2019-08-02 04:04:39,518 INFO  ozoneimpl.OzoneContainer (OzoneContainer.java:start(186)) - Attempting to start container services.
2019-08-02 04:04:39,518 INFO  ozoneimpl.OzoneContainer (OzoneContainer.java:startContainerScrub(160)) - Background container scrubber has been disabled by hdds.containerscrub.enabled
2019-08-02 04:04:39,519 INFO  ratis.XceiverServerRatis (XceiverServerRatis.java:start(404)) - Starting XceiverServerRatis faf30cc2-09b5-45b5-a1b8-700f8cb23344 at port 0
2019-08-02 04:04:39,530 INFO  impl.RaftServerProxy (RaftServerProxy.java:lambda$start$3(299)) - faf30cc2-09b5-45b5-a1b8-700f8cb23344: start RPC server
2019-08-02 04:04:39,534 INFO  server.GrpcService (GrpcService.java:startImpl(149)) - faf30cc2-09b5-45b5-a1b8-700f8cb23344: GrpcService started, listening on 0.0.0.0/0.0.0.0:41778
2019-08-02 04:04:39,534 INFO  ratis.XceiverServerRatis (XceiverServerRatis.java:start(414)) - XceiverServerRatis faf30cc2-09b5-45b5-a1b8-700f8cb23344 is started using port 41778
2019-08-02 04:04:39,538 INFO  server.XceiverServerGrpc (XceiverServerGrpc.java:start(161)) - XceiverServerGrpc faf30cc2-09b5-45b5-a1b8-700f8cb23344 is started using port 38929
2019-08-02 04:04:39,740 INFO  ozoneimpl.OzoneContainer (OzoneContainer.java:start(186)) - Attempting to start container services.
2019-08-02 04:04:39,740 INFO  ozoneimpl.OzoneContainer (OzoneContainer.java:startContainerScrub(160)) - Background container scrubber has been disabled by hdds.containerscrub.enabled
2019-08-02 04:04:39,740 INFO  ratis.XceiverServerRatis (XceiverServerRatis.java:start(404)) - Starting XceiverServerRatis 24bc3d7e-0c9c-4a07-9432-ba9705483e95 at port 0
2019-08-02 04:04:39,749 INFO  impl.RaftServerProxy (RaftServerProxy.java:lambda$start$3(299)) - 24bc3d7e-0c9c-4a07-9432-ba9705483e95: start RPC server
2019-08-02 04:04:39,753 INFO  server.GrpcService (GrpcService.java:startImpl(149)) - 24bc3d7e-0c9c-4a07-9432-ba9705483e95: GrpcService started, listening on 0.0.0.0/0.0.0.0:43938
2019-08-02 04:04:39,754 INFO  ratis.XceiverServerRatis (XceiverServerRatis.java:start(414)) - XceiverServerRatis 24bc3d7e-0c9c-4a07-9432-ba9705483e95 is started using port 43938
2019-08-02 04:04:39,757 INFO  server.XceiverServerGrpc (XceiverServerGrpc.java:start(161)) - XceiverServerGrpc 24bc3d7e-0c9c-4a07-9432-ba9705483e95 is started using port 37709
2019-08-02 04:04:40,042 INFO  ozoneimpl.OzoneContainer (OzoneContainer.java:start(186)) - Attempting to start container services.
2019-08-02 04:04:40,042 INFO  ozoneimpl.OzoneContainer (OzoneContainer.java:startContainerScrub(160)) - Background container scrubber has been disabled by hdds.containerscrub.enabled
2019-08-02 04:04:40,042 INFO  ratis.XceiverServerRatis (XceiverServerRatis.java:start(404)) - Starting XceiverServerRatis e067c9fb-d080-4f42-b6b8-c2e0c1743bb2 at port 0
2019-08-02 04:04:40,049 INFO  impl.RaftServerProxy (RaftServerProxy.java:lambda$start$3(299)) - e067c9fb-d080-4f42-b6b8-c2e0c1743bb2: start RPC server
2019-08-02 04:04:40,054 INFO  server.GrpcService (GrpcService.java:startImpl(149)) - e067c9fb-d080-4f42-b6b8-c2e0c1743bb2: GrpcService started, listening on 0.0.0.0/0.0.0.0:43507
2019-08-02 04:04:40,054 INFO  ratis.XceiverServerRatis (XceiverServerRatis.java:start(414)) - XceiverServerRatis e067c9fb-d080-4f42-b6b8-c2e0c1743bb2 is started using port 43507
2019-08-02 04:04:40,058 INFO  server.XceiverServerGrpc (XceiverServerGrpc.java:start(161)) - XceiverServerGrpc e067c9fb-d080-4f42-b6b8-c2e0c1743bb2 is started using port 39966
2019-08-02 04:04:40,237 INFO  ozone.MiniOzoneClusterImpl (MiniOzoneClusterImpl.java:lambda$waitForClusterToBeReady$0(142)) - Waiting for cluster to be ready. Got 0 of 7 DN Heartbeats.
2019-08-02 04:04:40,251 INFO  ozoneimpl.OzoneContainer (OzoneContainer.java:start(186)) - Attempting to start container services.
2019-08-02 04:04:40,251 INFO  ozoneimpl.OzoneContainer (OzoneContainer.java:startContainerScrub(160)) - Background container scrubber has been disabled by hdds.containerscrub.enabled
2019-08-02 04:04:40,251 INFO  ratis.XceiverServerRatis (XceiverServerRatis.java:start(404)) - Starting XceiverServerRatis 3abb2d55-b329-421f-aa81-7118684fd7c2 at port 0
2019-08-02 04:04:40,259 INFO  impl.RaftServerProxy (RaftServerProxy.java:lambda$start$3(299)) - 3abb2d55-b329-421f-aa81-7118684fd7c2: start RPC server
2019-08-02 04:04:40,265 INFO  server.GrpcService (GrpcService.java:startImpl(149)) - 3abb2d55-b329-421f-aa81-7118684fd7c2: GrpcService started, listening on 0.0.0.0/0.0.0.0:33147
2019-08-02 04:04:40,265 INFO  ratis.XceiverServerRatis (XceiverServerRatis.java:start(414)) - XceiverServerRatis 3abb2d55-b329-421f-aa81-7118684fd7c2 is started using port 33147
2019-08-02 04:04:40,269 INFO  server.XceiverServerGrpc (XceiverServerGrpc.java:start(161)) - XceiverServerGrpc 3abb2d55-b329-421f-aa81-7118684fd7c2 is started using port 36852
2019-08-02 04:04:40,843 INFO  net.NetworkTopology (NetworkTopologyImpl.java:add(110)) - Added a new node: /default-rack/8671fb5a-4fbf-4e50-b0d6-03783498dd0e
2019-08-02 04:04:40,843 INFO  node.SCMNodeManager (SCMNodeManager.java:register(273)) - Registered Data node : 8671fb5a-4fbf-4e50-b0d6-03783498dd0e{ip: 192.168.157.195, host: byscane-nightly-xzrzg-2697134946, networkLocation: /default-rack, certSerialId: null}
2019-08-02 04:04:40,849 INFO  safemode.SCMSafeModeManager (DataNodeSafeModeRule.java:process(71)) - SCM in safe mode. 1 DataNodes registered, 1 required.
2019-08-02 04:04:40,849 INFO  safemode.SCMSafeModeManager (SCMSafeModeManager.java:validateSafeModeExitRules(177)) - ScmSafeModeManager, all rules are successfully validated
2019-08-02 04:04:40,850 INFO  safemode.SCMSafeModeManager (SCMSafeModeManager.java:exitSafeMode(193)) - SCM exiting safe mode.
2019-08-02 04:04:41,037 INFO  net.NetworkTopology (NetworkTopologyImpl.java:add(110)) - Added a new node: /default-rack/320d30ba-a9a6-45ed-a240-9f96a2f7937d
2019-08-02 04:04:41,038 INFO  node.SCMNodeManager (SCMNodeManager.java:register(273)) - Registered Data node : 320d30ba-a9a6-45ed-a240-9f96a2f7937d{ip: 192.168.157.195, host: byscane-nightly-xzrzg-2697134946, networkLocation: /default-rack, certSerialId: null}
2019-08-02 04:04:41,239 INFO  ozone.MiniOzoneClusterImpl (MiniOzoneClusterImpl.java:lambda$waitForClusterToBeReady$0(142)) - Waiting for cluster to be ready. Got 2 of 7 DN Heartbeats.
2019-08-02 04:04:41,247 INFO  net.NetworkTopology (NetworkTopologyImpl.java:add(110)) - Added a new node: /default-rack/11e07cc4-2815-49a6-9644-343718e24947
2019-08-02 04:04:41,247 INFO  node.SCMNodeManager (SCMNodeManager.java:register(273)) - Registered Data node : 11e07cc4-2815-49a6-9644-343718e24947{ip: 192.168.157.195, host: byscane-nightly-xzrzg-2697134946, networkLocation: /default-rack, certSerialId: null}
2019-08-02 04:04:41,707 INFO  net.NetworkTopology (NetworkTopologyImpl.java:add(110)) - Added a new node: /default-rack/faf30cc2-09b5-45b5-a1b8-700f8cb23344
2019-08-02 04:04:41,707 INFO  node.SCMNodeManager (SCMNodeManager.java:register(273)) - Registered Data node : faf30cc2-09b5-45b5-a1b8-700f8cb23344{ip: 192.168.157.195, host: byscane-nightly-xzrzg-2697134946, networkLocation: /default-rack, certSerialId: null}
2019-08-02 04:04:41,748 INFO  net.NetworkTopology (NetworkTopologyImpl.java:add(110)) - Added a new node: /default-rack/24bc3d7e-0c9c-4a07-9432-ba9705483e95
2019-08-02 04:04:41,748 INFO  node.SCMNodeManager (SCMNodeManager.java:register(273)) - Registered Data node : 24bc3d7e-0c9c-4a07-9432-ba9705483e95{ip: 192.168.157.195, host: byscane-nightly-xzrzg-2697134946, networkLocation: /default-rack, certSerialId: null}
2019-08-02 04:04:41,762 INFO  impl.RaftServerProxy (RaftServerProxy.java:addNew(89)) - 8671fb5a-4fbf-4e50-b0d6-03783498dd0e: addNew group-9750D361A68A:[8671fb5a-4fbf-4e50-b0d6-03783498dd0e:192.168.157.195:45928] returns group-9750D361A68A:java.util.concurrent.CompletableFuture@b3988df[Not completed]
2019-08-02 04:04:41,784 INFO  impl.RaftServerImpl (RaftServerImpl.java:<init>(93)) - 8671fb5a-4fbf-4e50-b0d6-03783498dd0e: new RaftServerImpl for group-9750D361A68A:[8671fb5a-4fbf-4e50-b0d6-03783498dd0e:192.168.157.195:45928] with ContainerStateMachine:uninitialized
2019-08-02 04:04:41,787 INFO  server.RaftServerConfigKeys (ConfUtils.java:logGet(43)) - raft.server.rpc.timeout.min = 5s (custom)
2019-08-02 04:04:41,788 INFO  server.RaftServerConfigKeys (ConfUtils.java:logGet(43)) - raft.server.rpc.timeout.max = 5200ms (custom)
2019-08-02 04:04:41,788 INFO  server.RaftServerConfigKeys (ConfUtils.java:logGet(43)) - raft.server.rpcslowness.timeout = 120s (custom)
2019-08-02 04:04:41,790 INFO  server.RaftServerConfigKeys (ConfUtils.java:logGet(43)) - raft.server.sleep.deviation.threshold = 300 (default)
2019-08-02 04:04:41,791 INFO  server.RaftServerConfigKeys (ConfUtils.java:logGet(43)) - raft.server.log.appender.install.snapshot.enabled = false (custom)
2019-08-02 04:04:41,801 INFO  impl.RaftServerImpl (ServerState.java:<init>(105)) - 8671fb5a-4fbf-4e50-b0d6-03783498dd0e:group-9750D361A68A ConfigurationManager, init=-1: [8671fb5a-4fbf-4e50-b0d6-03783498dd0e:192.168.157.195:45928], old=null, confs=<EMPTY_MAP>
2019-08-02 04:04:41,801 INFO  server.RaftServerConfigKeys (ConfUtils.java:logGet(43)) - raft.server.storage.dir = [/workdir/hadoop-ozone/integration-test/target/test-dir/MiniOzoneClusterImpl-aeec6eb3-b278-40e8-882d-ded1a49b8218/datanode-0/data/ratis] (custom)
2019-08-02 04:04:41,811 INFO  storage.RaftStorageDirectory (RaftStorageDirectory.java:analyzeStorage(246)) - The storage directory /workdir/hadoop-ozone/integration-test/target/test-dir/MiniOzoneClusterImpl-aeec6eb3-b278-40e8-882d-ded1a49b8218/datanode-0/data/ratis/25d72e81-26ea-4e08-b196-9750d361a68a does not exist. Creating ...
2019-08-02 04:04:41,829 INFO  storage.RaftStorageDirectory (RaftStorageDirectory.java:tryLock(328)) - Lock on /workdir/hadoop-ozone/integration-test/target/test-dir/MiniOzoneClusterImpl-aeec6eb3-b278-40e8-882d-ded1a49b8218/datanode-0/data/ratis/25d72e81-26ea-4e08-b196-9750d361a68a/in_use.lock acquired by nodename 31130@byscane-nightly-xzrzg-2697134946
2019-08-02 04:04:41,845 INFO  storage.RaftStorage (RaftStorage.java:format(72)) - Storage directory /workdir/hadoop-ozone/integration-test/target/test-dir/MiniOzoneClusterImpl-aeec6eb3-b278-40e8-882d-ded1a49b8218/datanode-0/data/ratis/25d72e81-26ea-4e08-b196-9750d361a68a has been successfully formatted.
2019-08-02 04:04:41,848 INFO  ratis.ContainerStateMachine (ContainerStateMachine.java:loadSnapshot(213)) - group-9750D361A68A: The snapshot info is null. Setting the last applied indexto:(t:0, i:~)
2019-08-02 04:04:41,848 INFO  server.RaftServerConfigKeys (ConfUtils.java:logGet(43)) - raft.server.leader.election.timeout = 120s (custom)
2019-08-02 04:04:41,851 INFO  server.RaftServerConfigKeys (ConfUtils.java:logGet(43)) - raft.server.log.use.memory = false (default)
2019-08-02 04:04:41,857 INFO  server.RaftServerConfigKeys (ConfUtils.java:logGet(43)) - raft.server.log.purge.gap = 1000000000 (custom)
2019-08-02 04:04:41,858 INFO  server.RaftServerConfigKeys (ConfUtils.java:logGet(43)) - raft.server.log.appender.buffer.byte-limit = 33554432 (custom)
2019-08-02 04:04:41,860 INFO  server.RaftServerConfigKeys (ConfUtils.java:logGet(43)) - raft.server.log.segment.size.max = 1048576 (custom)
2019-08-02 04:04:41,865 INFO  server.RaftServerConfigKeys (ConfUtils.java:logGet(43)) - raft.server.log.segment.cache.num.max = 2 (custom)
2019-08-02 04:04:41,872 INFO  segmented.SegmentedRaftLogWorker (SegmentedRaftLogWorker.java:<init>(172)) - new 8671fb5a-4fbf-4e50-b0d6-03783498dd0e-SegmentedRaftLogWorker:Storage Directory /workdir/hadoop-ozone/integration-test/target/test-dir/MiniOzoneClusterImpl-aeec6eb3-b278-40e8-882d-ded1a49b8218/datanode-0/data/ratis/25d72e81-26ea-4e08-b196-9750d361a68a for RaftStorage:Storage Directory /workdir/hadoop-ozone/integration-test/target/test-dir/MiniOzoneClusterImpl-aeec6eb3-b278-40e8-882d-ded1a49b8218/datanode-0/data/ratis/25d72e81-26ea-4e08-b196-9750d361a68a
2019-08-02 04:04:41,885 INFO  server.RaftServerConfigKeys (ConfUtils.java:logGet(43)) - raft.server.log.queue.byte-limit = 2147483647 (custom)
2019-08-02 04:04:41,885 INFO  server.RaftServerConfigKeys (ConfUtils.java:logGet(43)) - raft.server.log.queue.element-limit = 1024 (custom)
2019-08-02 04:04:41,891 INFO  server.RaftServerConfigKeys (ConfUtils.java:logGet(43)) - raft.server.log.segment.size.max = 1048576 (custom)
2019-08-02 04:04:41,891 INFO  server.RaftServerConfigKeys (ConfUtils.java:logGet(43)) - raft.server.log.preallocated.size = 16384 (custom)
2019-08-02 04:04:41,891 INFO  server.RaftServerConfigKeys (ConfUtils.java:logGet(43)) - raft.server.log.write.buffer.size = 33554432 (custom)
2019-08-02 04:04:41,892 INFO  server.RaftServerConfigKeys (ConfUtils.java:logGet(43)) - raft.server.log.force.sync.num = 128 (default)
2019-08-02 04:04:41,893 INFO  server.RaftServerConfigKeys (ConfUtils.java:logGet(43)) - raft.server.log.statemachine.data.sync = true (default)
2019-08-02 04:04:41,893 INFO  server.RaftServerConfigKeys (ConfUtils.java:logGet(43)) - raft.server.log.statemachine.data.sync.timeout = 10s (default)
2019-08-02 04:04:41,894 INFO  server.RaftServerConfigKeys (ConfUtils.java:logGet(43)) - raft.server.log.statemachine.data.sync.timeout.retry = -1 (default)
2019-08-02 04:04:41,902 INFO  server.RaftServerConfigKeys (ConfUtils.java:logGet(43)) - raft.server.log.statemachine.data.caching.enabled = true (custom)
2019-08-02 04:04:41,907 INFO  segmented.SegmentedRaftLogWorker (SegmentedRaftLogWorker.java:lambda$new$0(132)) - 8671fb5a-4fbf-4e50-b0d6-03783498dd0e-SegmentedRaftLogWorker:Storage Directory /workdir/hadoop-ozone/integration-test/target/test-dir/MiniOzoneClusterImpl-aeec6eb3-b278-40e8-882d-ded1a49b8218/datanode-0/data/ratis/25d72e81-26ea-4e08-b196-9750d361a68a: flushIndex: setUnconditionally 0 -> -1
2019-08-02 04:04:41,911 INFO  server.RaftServerConfigKeys (ConfUtils.java:logGet(43)) - raft.server.snapshot.auto.trigger.enabled = true (custom)
2019-08-02 04:04:41,912 INFO  server.RaftServerConfigKeys (ConfUtils.java:logGet(43)) - raft.server.snapshot.auto.trigger.threshold = 10000 (custom)
2019-08-02 04:04:41,913 INFO  server.RaftServerConfigKeys (ConfUtils.java:logGet(43)) - raft.server.retrycache.expirytime = 600000ms (custom)
2019-08-02 04:04:41,932 INFO  impl.RaftServerImpl (RaftServerImpl.java:start(180)) - 8671fb5a-4fbf-4e50-b0d6-03783498dd0e: start group-9750D361A68A
2019-08-02 04:04:41,933 INFO  impl.RaftServerImpl (RaftServerImpl.java:setRole(171)) - 8671fb5a-4fbf-4e50-b0d6-03783498dd0e:group-9750D361A68A changes role from null to FOLLOWER at term 0 for startAsFollower
2019-08-02 04:04:41,934 INFO  impl.RoleInfo (RoleInfo.java:updateAndGet(143)) - 8671fb5a-4fbf-4e50-b0d6-03783498dd0e: start FollowerState
2019-08-02 04:04:41,936 INFO  util.JmxRegister (JmxRegister.java:tryRegister(44)) - Successfully registered JMX Bean with object name Ratis:service=RaftServer,group=group-9750D361A68A,id=8671fb5a-4fbf-4e50-b0d6-03783498dd0e
2019-08-02 04:04:41,998 INFO  pipeline.PipelineStateManager (PipelineStateManager.java:addPipeline(56)) - Created pipeline Pipeline[ Id: 25d72e81-26ea-4e08-b196-9750d361a68a, Nodes: 8671fb5a-4fbf-4e50-b0d6-03783498dd0e{ip: 192.168.157.195, host: byscane-nightly-xzrzg-2697134946, networkLocation: /default-rack, certSerialId: null}, Type:RATIS, Factor:ONE, State:OPEN]
2019-08-02 04:04:42,039 INFO  net.NetworkTopology (NetworkTopologyImpl.java:add(110)) - Added a new node: /default-rack/e067c9fb-d080-4f42-b6b8-c2e0c1743bb2
2019-08-02 04:04:42,039 INFO  impl.RaftServerProxy (RaftServerProxy.java:addNew(89)) - 320d30ba-a9a6-45ed-a240-9f96a2f7937d: addNew group-CCFB56A489E5:[320d30ba-a9a6-45ed-a240-9f96a2f7937d:192.168.157.195:38950] returns group-CCFB56A489E5:java.util.concurrent.CompletableFuture@8063da2[Not completed]
2019-08-02 04:04:42,039 INFO  node.SCMNodeManager (SCMNodeManager.java:register(273)) - Registered Data node : e067c9fb-d080-4f42-b6b8-c2e0c1743bb2{ip: 192.168.157.195, host: byscane-nightly-xzrzg-2697134946, networkLocation: /default-rack, certSerialId: null}
2019-08-02 04:04:42,091 INFO  impl.RaftServerImpl (RaftServerImpl.java:<init>(93)) - 320d30ba-a9a6-45ed-a240-9f96a2f7937d: new RaftServerImpl for group-CCFB56A489E5:[320d30ba-a9a6-45ed-a240-9f96a2f7937d:192.168.157.195:38950] with ContainerStateMachine:uninitialized
2019-08-02 04:04:42,095 INFO  server.RaftServerConfigKeys (ConfUtils.java:logGet(43)) - raft.server.rpc.timeout.min = 5s (custom)
2019-08-02 04:04:42,095 INFO  server.RaftServerConfigKeys (ConfUtils.java:logGet(43)) - raft.server.rpc.timeout.max = 5200ms (custom)
2019-08-02 04:04:42,095 INFO  server.RaftServerConfigKeys (ConfUtils.java:logGet(43)) - raft.server.rpcslowness.timeout = 120s (custom)
2019-08-02 04:04:42,095 INFO  server.RaftServerConfigKeys (ConfUtils.java:logGet(43)) - raft.server.sleep.deviation.threshold = 300 (default)
2019-08-02 04:04:42,095 INFO  server.RaftServerConfigKeys (ConfUtils.java:logGet(43)) - raft.server.log.appender.install.snapshot.enabled = false (custom)
2019-08-02 04:04:42,096 INFO  impl.RaftServerImpl (ServerState.java:<init>(105)) - 320d30ba-a9a6-45ed-a240-9f96a2f7937d:group-CCFB56A489E5 ConfigurationManager, init=-1: [320d30ba-a9a6-45ed-a240-9f96a2f7937d:192.168.157.195:38950], old=null, confs=<EMPTY_MAP>
2019-08-02 04:04:42,096 INFO  server.RaftServerConfigKeys (ConfUtils.java:logGet(43)) - raft.server.storage.dir = [/workdir/hadoop-ozone/integration-test/target/test-dir/MiniOzoneClusterImpl-aeec6eb3-b278-40e8-882d-ded1a49b8218/datanode-1/data/ratis] (custom)
2019-08-02 04:04:42,096 INFO  storage.RaftStorageDirectory (RaftStorageDirectory.java:analyzeStorage(246)) - The storage directory /workdir/hadoop-ozone/integration-test/target/test-dir/MiniOzoneClusterImpl-aeec6eb3-b278-40e8-882d-ded1a49b8218/datanode-1/data/ratis/e9a95ebe-af84-4cfa-b33f-ccfb56a489e5 does not exist. Creating ...
2019-08-02 04:04:42,111 INFO  storage.RaftStorageDirectory (RaftStorageDirectory.java:tryLock(328)) - Lock on /workdir/hadoop-ozone/integration-test/target/test-dir/MiniOzoneClusterImpl-aeec6eb3-b278-40e8-882d-ded1a49b8218/datanode-1/data/ratis/e9a95ebe-af84-4cfa-b33f-ccfb56a489e5/in_use.lock acquired by nodename 31130@byscane-nightly-xzrzg-2697134946
2019-08-02 04:04:42,131 INFO  storage.RaftStorage (RaftStorage.java:format(72)) - Storage directory /workdir/hadoop-ozone/integration-test/target/test-dir/MiniOzoneClusterImpl-aeec6eb3-b278-40e8-882d-ded1a49b8218/datanode-1/data/ratis/e9a95ebe-af84-4cfa-b33f-ccfb56a489e5 has been successfully formatted.
2019-08-02 04:04:42,133 INFO  ratis.ContainerStateMachine (ContainerStateMachine.java:loadSnapshot(213)) - group-CCFB56A489E5: The snapshot info is null. Setting the last applied indexto:(t:0, i:~)
2019-08-02 04:04:42,135 INFO  server.RaftServerConfigKeys (ConfUtils.java:logGet(43)) - raft.server.leader.election.timeout = 120s (custom)
2019-08-02 04:04:42,135 INFO  server.RaftServerConfigKeys (ConfUtils.java:logGet(43)) - raft.server.log.use.memory = false (default)
2019-08-02 04:04:42,136 INFO  server.RaftServerConfigKeys (ConfUtils.java:logGet(43)) - raft.server.log.purge.gap = 1000000000 (custom)
2019-08-02 04:04:42,136 INFO  server.RaftServerConfigKeys (ConfUtils.java:logGet(43)) - raft.server.log.appender.buffer.byte-limit = 33554432 (custom)
2019-08-02 04:04:42,136 INFO  server.RaftServerConfigKeys (ConfUtils.java:logGet(43)) - raft.server.log.segment.size.max = 1048576 (custom)
2019-08-02 04:04:42,136 INFO  server.RaftServerConfigKeys (ConfUtils.java:logGet(43)) - raft.server.log.segment.cache.num.max = 2 (custom)
2019-08-02 04:04:42,137 INFO  segmented.SegmentedRaftLogWorker (SegmentedRaftLogWorker.java:<init>(172)) - new 320d30ba-a9a6-45ed-a240-9f96a2f7937d-SegmentedRaftLogWorker:Storage Directory /workdir/hadoop-ozone/integration-test/target/test-dir/MiniOzoneClusterImpl-aeec6eb3-b278-40e8-882d-ded1a49b8218/datanode-1/data/ratis/e9a95ebe-af84-4cfa-b33f-ccfb56a489e5 for RaftStorage:Storage Directory /workdir/hadoop-ozone/integration-test/target/test-dir/MiniOzoneClusterImpl-aeec6eb3-b278-40e8-882d-ded1a49b8218/datanode-1/data/ratis/e9a95ebe-af84-4cfa-b33f-ccfb56a489e5
2019-08-02 04:04:42,139 INFO  server.RaftServerConfigKeys (ConfUtils.java:logGet(43)) - raft.server.log.queue.byte-limit = 2147483647 (custom)
2019-08-02 04:04:42,139 INFO  server.RaftServerConfigKeys (ConfUtils.java:logGet(43)) - raft.server.log.queue.element-limit = 1024 (custom)
2019-08-02 04:04:42,139 INFO  server.RaftServerConfigKeys (ConfUtils.java:logGet(43)) - raft.server.log.segment.size.max = 1048576 (custom)
2019-08-02 04:04:42,139 INFO  server.RaftServerConfigKeys (ConfUtils.java:logGet(43)) - raft.server.log.preallocated.size = 16384 (custom)
2019-08-02 04:04:42,140 INFO  server.RaftServerConfigKeys (ConfUtils.java:logGet(43)) - raft.server.log.write.buffer.size = 33554432 (custom)
2019-08-02 04:04:42,140 INFO  server.RaftServerConfigKeys (ConfUtils.java:logGet(43)) - raft.server.log.force.sync.num = 128 (default)
2019-08-02 04:04:42,140 INFO  server.RaftServerConfigKeys (ConfUtils.java:logGet(43)) - raft.server.log.statemachine.data.sync = true (default)
2019-08-02 04:04:42,140 INFO  server.RaftServerConfigKeys (ConfUtils.java:logGet(43)) - raft.server.log.statemachine.data.sync.timeout = 10s (default)
2019-08-02 04:04:42,140 INFO  server.RaftServerConfigKeys (ConfUtils.java:logGet(43)) - raft.server.log.statemachine.data.sync.timeout.retry = -1 (default)
2019-08-02 04:04:42,141 INFO  server.RaftServerConfigKeys (ConfUtils.java:logGet(43)) - raft.server.log.statemachine.data.caching.enabled = true (custom)
2019-08-02 04:04:42,141 INFO  segmented.SegmentedRaftLogWorker (SegmentedRaftLogWorker.java:lambda$new$0(132)) - 320d30ba-a9a6-45ed-a240-9f96a2f7937d-SegmentedRaftLogWorker:Storage Directory /workdir/hadoop-ozone/integration-test/target/test-dir/MiniOzoneClusterImpl-aeec6eb3-b278-40e8-882d-ded1a49b8218/datanode-1/data/ratis/e9a95ebe-af84-4cfa-b33f-ccfb56a489e5: flushIndex: setUnconditionally 0 -> -1
2019-08-02 04:04:42,142 INFO  server.RaftServerConfigKeys (ConfUtils.java:logGet(43)) - raft.server.snapshot.auto.trigger.enabled = true (custom)
2019-08-02 04:04:42,142 INFO  server.RaftServerConfigKeys (ConfUtils.java:logGet(43)) - raft.server.snapshot.auto.trigger.threshold = 10000 (custom)
2019-08-02 04:04:42,142 INFO  server.RaftServerConfigKeys (ConfUtils.java:logGet(43)) - raft.server.retrycache.expirytime = 600000ms (custom)
2019-08-02 04:04:42,143 INFO  impl.RaftServerImpl (RaftServerImpl.java:start(180)) - 320d30ba-a9a6-45ed-a240-9f96a2f7937d: start group-CCFB56A489E5
2019-08-02 04:04:42,143 INFO  impl.RaftServerImpl (RaftServerImpl.java:setRole(171)) - 320d30ba-a9a6-45ed-a240-9f96a2f7937d:group-CCFB56A489E5 changes role from null to FOLLOWER at term 0 for startAsFollower
2019-08-02 04:04:42,143 INFO  impl.RoleInfo (RoleInfo.java:updateAndGet(143)) - 320d30ba-a9a6-45ed-a240-9f96a2f7937d: start FollowerState
2019-08-02 04:04:42,145 INFO  util.JmxRegister (JmxRegister.java:tryRegister(44)) - Successfully registered JMX Bean with object name Ratis:service=RaftServer,group=group-CCFB56A489E5,id=320d30ba-a9a6-45ed-a240-9f96a2f7937d
2019-08-02 04:04:42,166 INFO  pipeline.PipelineStateManager (PipelineStateManager.java:addPipeline(56)) - Created pipeline Pipeline[ Id: e9a95ebe-af84-4cfa-b33f-ccfb56a489e5, Nodes: 320d30ba-a9a6-45ed-a240-9f96a2f7937d{ip: 192.168.157.195, host: byscane-nightly-xzrzg-2697134946, networkLocation: /default-rack, certSerialId: null}, Type:RATIS, Factor:ONE, State:OPEN]
2019-08-02 04:04:42,196 INFO  impl.RaftServerProxy (RaftServerProxy.java:addNew(89)) - faf30cc2-09b5-45b5-a1b8-700f8cb23344: addNew group-C7EBC0A67CBD:[faf30cc2-09b5-45b5-a1b8-700f8cb23344:192.168.157.195:41778] returns group-C7EBC0A67CBD:java.util.concurrent.CompletableFuture@579a7245[Not completed]
2019-08-02 04:04:42,211 INFO  impl.RaftServerImpl (RaftServerImpl.java:<init>(93)) - faf30cc2-09b5-45b5-a1b8-700f8cb23344: new RaftServerImpl for group-C7EBC0A67CBD:[faf30cc2-09b5-45b5-a1b8-700f8cb23344:192.168.157.195:41778] with ContainerStateMachine:uninitialized
2019-08-02 04:04:42,211 INFO  server.RaftServerConfigKeys (ConfUtils.java:logGet(43)) - raft.server.rpc.timeout.min = 5s (custom)
2019-08-02 04:04:42,211 INFO  server.RaftServerConfigKeys (ConfUtils.java:logGet(43)) - raft.server.rpc.timeout.max = 5200ms (custom)
2019-08-02 04:04:42,211 INFO  server.RaftServerConfigKeys (ConfUtils.java:logGet(43)) - raft.server.rpcslowness.timeout = 120s (custom)
2019-08-02 04:04:42,211 INFO  server.RaftServerConfigKeys (ConfUtils.java:logGet(43)) - raft.server.sleep.deviation.threshold = 300 (default)
2019-08-02 04:04:42,212 INFO  server.RaftServerConfigKeys (ConfUtils.java:logGet(43)) - raft.server.log.appender.install.snapshot.enabled = false (custom)
2019-08-02 04:04:42,212 INFO  impl.RaftServerImpl (ServerState.java:<init>(105)) - faf30cc2-09b5-45b5-a1b8-700f8cb23344:group-C7EBC0A67CBD ConfigurationManager, init=-1: [faf30cc2-09b5-45b5-a1b8-700f8cb23344:192.168.157.195:41778], old=null, confs=<EMPTY_MAP>
2019-08-02 04:04:42,212 INFO  server.RaftServerConfigKeys (ConfUtils.java:logGet(43)) - raft.server.storage.dir = [/workdir/hadoop-ozone/integration-test/target/test-dir/MiniOzoneClusterImpl-aeec6eb3-b278-40e8-882d-ded1a49b8218/datanode-3/data/ratis] (custom)
2019-08-02 04:04:42,212 INFO  storage.RaftStorageDirectory (RaftStorageDirectory.java:analyzeStorage(246)) - The storage directory /workdir/hadoop-ozone/integration-test/target/test-dir/MiniOzoneClusterImpl-aeec6eb3-b278-40e8-882d-ded1a49b8218/datanode-3/data/ratis/d8502fcb-9a34-4071-a9be-c7ebc0a67cbd does not exist. Creating ...
2019-08-02 04:04:42,226 INFO  storage.RaftStorageDirectory (RaftStorageDirectory.java:tryLock(328)) - Lock on /workdir/hadoop-ozone/integration-test/target/test-dir/MiniOzoneClusterImpl-aeec6eb3-b278-40e8-882d-ded1a49b8218/datanode-3/data/ratis/d8502fcb-9a34-4071-a9be-c7ebc0a67cbd/in_use.lock acquired by nodename 31130@byscane-nightly-xzrzg-2697134946
2019-08-02 04:04:42,237 INFO  net.NetworkTopology (NetworkTopologyImpl.java:add(110)) - Added a new node: /default-rack/3abb2d55-b329-421f-aa81-7118684fd7c2
2019-08-02 04:04:42,237 INFO  node.SCMNodeManager (SCMNodeManager.java:register(273)) - Registered Data node : 3abb2d55-b329-421f-aa81-7118684fd7c2{ip: 192.168.157.195, host: byscane-nightly-xzrzg-2697134946, networkLocation: /default-rack, certSerialId: null}
2019-08-02 04:04:42,239 INFO  storage.RaftStorage (RaftStorage.java:format(72)) - Storage directory /workdir/hadoop-ozone/integration-test/target/test-dir/MiniOzoneClusterImpl-aeec6eb3-b278-40e8-882d-ded1a49b8218/datanode-3/data/ratis/d8502fcb-9a34-4071-a9be-c7ebc0a67cbd has been successfully formatted.
2019-08-02 04:04:42,239 INFO  ratis.ContainerStateMachine (ContainerStateMachine.java:loadSnapshot(213)) - group-C7EBC0A67CBD: The snapshot info is null. Setting the last applied indexto:(t:0, i:~)
2019-08-02 04:04:42,239 INFO  ozone.MiniOzoneClusterImpl (MiniOzoneClusterImpl.java:lambda$waitForClusterToBeReady$0(142)) - Cluster is ready. Got 7 of 7 DN Heartbeats.
2019-08-02 04:04:42,240 INFO  server.RaftServerConfigKeys (ConfUtils.java:logGet(43)) - raft.server.leader.election.timeout = 120s (custom)
2019-08-02 04:04:42,240 INFO  server.RaftServerConfigKeys (ConfUtils.java:logGet(43)) - raft.server.log.use.memory = false (default)
2019-08-02 04:04:42,240 INFO  server.RaftServerConfigKeys (ConfUtils.java:logGet(43)) - raft.server.log.purge.gap = 1000000000 (custom)
2019-08-02 04:04:42,240 INFO  server.RaftServerConfigKeys (ConfUtils.java:logGet(43)) - raft.server.log.appender.buffer.byte-limit = 33554432 (custom)
2019-08-02 04:04:42,241 INFO  server.RaftServerConfigKeys (ConfUtils.java:logGet(43)) - raft.server.log.segment.size.max = 1048576 (custom)
2019-08-02 04:04:42,241 INFO  server.RaftServerConfigKeys (ConfUtils.java:logGet(43)) - raft.server.log.segment.cache.num.max = 2 (custom)
2019-08-02 04:04:42,241 INFO  segmented.SegmentedRaftLogWorker (SegmentedRaftLogWorker.java:<init>(172)) - new faf30cc2-09b5-45b5-a1b8-700f8cb23344-SegmentedRaftLogWorker:Storage Directory /workdir/hadoop-ozone/integration-test/target/test-dir/MiniOzoneClusterImpl-aeec6eb3-b278-40e8-882d-ded1a49b8218/datanode-3/data/ratis/d8502fcb-9a34-4071-a9be-c7ebc0a67cbd for RaftStorage:Storage Directory /workdir/hadoop-ozone/integration-test/target/test-dir/MiniOzoneClusterImpl-aeec6eb3-b278-40e8-882d-ded1a49b8218/datanode-3/data/ratis/d8502fcb-9a34-4071-a9be-c7ebc0a67cbd
2019-08-02 04:04:42,241 INFO  server.RaftServerConfigKeys (ConfUtils.java:logGet(43)) - raft.server.log.queue.byte-limit = 2147483647 (custom)
2019-08-02 04:04:42,241 INFO  server.RaftServerConfigKeys (ConfUtils.java:logGet(43)) - raft.server.log.queue.element-limit = 1024 (custom)
2019-08-02 04:04:42,242 INFO  server.RaftServerConfigKeys (ConfUtils.java:logGet(43)) - raft.server.log.segment.size.max = 1048576 (custom)
2019-08-02 04:04:42,242 INFO  server.RaftServerConfigKeys (ConfUtils.java:logGet(43)) - raft.server.log.preallocated.size = 16384 (custom)
2019-08-02 04:04:42,242 INFO  server.RaftServerConfigKeys (ConfUtils.java:logGet(43)) - raft.server.log.write.buffer.size = 33554432 (custom)
2019-08-02 04:04:42,242 INFO  server.RaftServerConfigKeys (ConfUtils.java:logGet(43)) - raft.server.log.force.sync.num = 128 (default)
2019-08-02 04:04:42,242 INFO  server.RaftServerConfigKeys (ConfUtils.java:logGet(43)) - raft.server.log.statemachine.data.sync = true (default)
2019-08-02 04:04:42,243 INFO  server.RaftServerConfigKeys (ConfUtils.java:logGet(43)) - raft.server.log.statemachine.data.sync.timeout = 10s (default)
2019-08-02 04:04:42,243 INFO  server.RaftServerConfigKeys (ConfUtils.java:logGet(43)) - raft.server.log.statemachine.data.sync.timeout.retry = -1 (default)
2019-08-02 04:04:42,243 INFO  server.RaftServerConfigKeys (ConfUtils.java:logGet(43)) - raft.server.log.statemachine.data.caching.enabled = true (custom)
2019-08-02 04:04:42,244 INFO  segmented.SegmentedRaftLogWorker (SegmentedRaftLogWorker.java:lambda$new$0(132)) - faf30cc2-09b5-45b5-a1b8-700f8cb23344-SegmentedRaftLogWorker:Storage Directory /workdir/hadoop-ozone/integration-test/target/test-dir/MiniOzoneClusterImpl-aeec6eb3-b278-40e8-882d-ded1a49b8218/datanode-3/data/ratis/d8502fcb-9a34-4071-a9be-c7ebc0a67cbd: flushIndex: setUnconditionally 0 -> -1
2019-08-02 04:04:42,244 INFO  server.RaftServerConfigKeys (ConfUtils.java:logGet(43)) - raft.server.snapshot.auto.trigger.enabled = true (custom)
2019-08-02 04:04:42,244 INFO  server.RaftServerConfigKeys (ConfUtils.java:logGet(43)) - raft.server.snapshot.auto.trigger.threshold = 10000 (custom)
2019-08-02 04:04:42,245 INFO  server.RaftServerConfigKeys (ConfUtils.java:logGet(43)) - raft.server.retrycache.expirytime = 600000ms (custom)
2019-08-02 04:04:42,245 INFO  impl.RaftServerImpl (RaftServerImpl.java:start(180)) - faf30cc2-09b5-45b5-a1b8-700f8cb23344: start group-C7EBC0A67CBD
2019-08-02 04:04:42,245 INFO  impl.RaftServerImpl (RaftServerImpl.java:setRole(171)) - faf30cc2-09b5-45b5-a1b8-700f8cb23344:group-C7EBC0A67CBD changes role from null to FOLLOWER at term 0 for startAsFollower
2019-08-02 04:04:42,245 INFO  impl.RoleInfo (RoleInfo.java:updateAndGet(143)) - faf30cc2-09b5-45b5-a1b8-700f8cb23344: start FollowerState
2019-08-02 04:04:42,246 INFO  util.JmxRegister (JmxRegister.java:tryRegister(44)) - Successfully registered JMX Bean with object name Ratis:service=RaftServer,group=group-C7EBC0A67CBD,id=faf30cc2-09b5-45b5-a1b8-700f8cb23344
2019-08-02 04:04:42,260 INFO  pipeline.PipelineStateManager (PipelineStateManager.java:addPipeline(56)) - Created pipeline Pipeline[ Id: d8502fcb-9a34-4071-a9be-c7ebc0a67cbd, Nodes: faf30cc2-09b5-45b5-a1b8-700f8cb23344{ip: 192.168.157.195, host: byscane-nightly-xzrzg-2697134946, networkLocation: /default-rack, certSerialId: null}, Type:RATIS, Factor:ONE, State:OPEN]
2019-08-02 04:04:42,288 INFO  impl.RaftServerProxy (RaftServerProxy.java:addNew(89)) - e067c9fb-d080-4f42-b6b8-c2e0c1743bb2: addNew group-CB2F59591791:[e067c9fb-d080-4f42-b6b8-c2e0c1743bb2:192.168.157.195:43507] returns group-CB2F59591791:java.util.concurrent.CompletableFuture@8e0a966[Not completed]
2019-08-02 04:04:42,294 INFO  impl.RaftServerImpl (RaftServerImpl.java:<init>(93)) - e067c9fb-d080-4f42-b6b8-c2e0c1743bb2: new RaftServerImpl for group-CB2F59591791:[e067c9fb-d080-4f42-b6b8-c2e0c1743bb2:192.168.157.195:43507] with ContainerStateMachine:uninitialized
2019-08-02 04:04:42,294 INFO  server.RaftServerConfigKeys (ConfUtils.java:logGet(43)) - raft.server.rpc.timeout.min = 5s (custom)
2019-08-02 04:04:42,294 INFO  server.RaftServerConfigKeys (ConfUtils.java:logGet(43)) - raft.server.rpc.timeout.max = 5200ms (custom)
2019-08-02 04:04:42,295 INFO  server.RaftServerConfigKeys (ConfUtils.java:logGet(43)) - raft.server.rpcslowness.timeout = 120s (custom)
2019-08-02 04:04:42,295 INFO  server.RaftServerConfigKeys (ConfUtils.java:logGet(43)) - raft.server.sleep.deviation.threshold = 300 (default)
2019-08-02 04:04:42,295 INFO  server.RaftServerConfigKeys (ConfUtils.java:logGet(43)) - raft.server.log.appender.install.snapshot.enabled = false (custom)
2019-08-02 04:04:42,295 INFO  impl.RaftServerImpl (ServerState.java:<init>(105)) - e067c9fb-d080-4f42-b6b8-c2e0c1743bb2:group-CB2F59591791 ConfigurationManager, init=-1: [e067c9fb-d080-4f42-b6b8-c2e0c1743bb2:192.168.157.195:43507], old=null, confs=<EMPTY_MAP>
2019-08-02 04:04:42,295 INFO  server.RaftServerConfigKeys (ConfUtils.java:logGet(43)) - raft.server.storage.dir = [/workdir/hadoop-ozone/integration-test/target/test-dir/MiniOzoneClusterImpl-aeec6eb3-b278-40e8-882d-ded1a49b8218/datanode-5/data/ratis] (custom)
2019-08-02 04:04:42,296 INFO  storage.RaftStorageDirectory (RaftStorageDirectory.java:analyzeStorage(246)) - The storage directory /workdir/hadoop-ozone/integration-test/target/test-dir/MiniOzoneClusterImpl-aeec6eb3-b278-40e8-882d-ded1a49b8218/datanode-5/data/ratis/e53a9ba5-36df-4136-a533-cb2f59591791 does not exist. Creating ...
2019-08-02 04:04:42,309 INFO  storage.RaftStorageDirectory (RaftStorageDirectory.java:tryLock(328)) - Lock on /workdir/hadoop-ozone/integration-test/target/test-dir/MiniOzoneClusterImpl-aeec6eb3-b278-40e8-882d-ded1a49b8218/datanode-5/data/ratis/e53a9ba5-36df-4136-a533-cb2f59591791/in_use.lock acquired by nodename 31130@byscane-nightly-xzrzg-2697134946
2019-08-02 04:04:42,325 INFO  storage.RaftStorage (RaftStorage.java:format(72)) - Storage directory /workdir/hadoop-ozone/integration-test/target/test-dir/MiniOzoneClusterImpl-aeec6eb3-b278-40e8-882d-ded1a49b8218/datanode-5/data/ratis/e53a9ba5-36df-4136-a533-cb2f59591791 has been successfully formatted.
2019-08-02 04:04:42,327 INFO  ratis.ContainerStateMachine (ContainerStateMachine.java:loadSnapshot(213)) - group-CB2F59591791: The snapshot info is null. Setting the last applied indexto:(t:0, i:~)
2019-08-02 04:04:42,327 INFO  server.RaftServerConfigKeys (ConfUtils.java:logGet(43)) - raft.server.leader.election.timeout = 120s (custom)
2019-08-02 04:04:42,327 INFO  server.RaftServerConfigKeys (ConfUtils.java:logGet(43)) - raft.server.log.use.memory = false (default)
2019-08-02 04:04:42,328 INFO  server.RaftServerConfigKeys (ConfUtils.java:logGet(43)) - raft.server.log.purge.gap = 1000000000 (custom)
2019-08-02 04:04:42,328 INFO  server.RaftServerConfigKeys (ConfUtils.java:logGet(43)) - raft.server.log.appender.buffer.byte-limit = 33554432 (custom)
2019-08-02 04:04:42,328 INFO  server.RaftServerConfigKeys (ConfUtils.java:logGet(43)) - raft.server.log.segment.size.max = 1048576 (custom)
2019-08-02 04:04:42,328 INFO  server.RaftServerConfigKeys (ConfUtils.java:logGet(43)) - raft.server.log.segment.cache.num.max = 2 (custom)
2019-08-02 04:04:42,328 INFO  segmented.SegmentedRaftLogWorker (SegmentedRaftLogWorker.java:<init>(172)) - new e067c9fb-d080-4f42-b6b8-c2e0c1743bb2-SegmentedRaftLogWorker:Storage Directory /workdir/hadoop-ozone/integration-test/target/test-dir/MiniOzoneClusterImpl-aeec6eb3-b278-40e8-882d-ded1a49b8218/datanode-5/data/ratis/e53a9ba5-36df-4136-a533-cb2f59591791 for RaftStorage:Storage Directory /workdir/hadoop-ozone/integration-test/target/test-dir/MiniOzoneClusterImpl-aeec6eb3-b278-40e8-882d-ded1a49b8218/datanode-5/data/ratis/e53a9ba5-36df-4136-a533-cb2f59591791
2019-08-02 04:04:42,329 INFO  server.RaftServerConfigKeys (ConfUtils.java:logGet(43)) - raft.server.log.queue.byte-limit = 2147483647 (custom)
2019-08-02 04:04:42,329 INFO  server.RaftServerConfigKeys (ConfUtils.java:logGet(43)) - raft.server.log.queue.element-limit = 1024 (custom)
2019-08-02 04:04:42,329 INFO  server.RaftServerConfigKeys (ConfUtils.java:logGet(43)) - raft.server.log.segment.size.max = 1048576 (custom)
2019-08-02 04:04:42,329 INFO  server.RaftServerConfigKeys (ConfUtils.java:logGet(43)) - raft.server.log.preallocated.size = 16384 (custom)
2019-08-02 04:04:42,329 INFO  server.RaftServerConfigKeys (ConfUtils.java:logGet(43)) - raft.server.log.write.buffer.size = 33554432 (custom)
2019-08-02 04:04:42,330 INFO  server.RaftServerConfigKeys (ConfUtils.java:logGet(43)) - raft.server.log.force.sync.num = 128 (default)
2019-08-02 04:04:42,330 INFO  server.RaftServerConfigKeys (ConfUtils.java:logGet(43)) - raft.server.log.statemachine.data.sync = true (default)
2019-08-02 04:04:42,330 INFO  server.RaftServerConfigKeys (ConfUtils.java:logGet(43)) - raft.server.log.statemachine.data.sync.timeout = 10s (default)
2019-08-02 04:04:42,330 INFO  server.RaftServerConfigKeys (ConfUtils.java:logGet(43)) - raft.server.log.statemachine.data.sync.timeout.retry = -1 (default)
2019-08-02 04:04:42,330 INFO  server.RaftServerConfigKeys (ConfUtils.java:logGet(43)) - raft.server.log.statemachine.data.caching.enabled = true (custom)
2019-08-02 04:04:42,331 INFO  segmented.SegmentedRaftLogWorker (SegmentedRaftLogWorker.java:lambda$new$0(132)) - e067c9fb-d080-4f42-b6b8-c2e0c1743bb2-SegmentedRaftLogWorker:Storage Directory /workdir/hadoop-ozone/integration-test/target/test-dir/MiniOzoneClusterImpl-aeec6eb3-b278-40e8-882d-ded1a49b8218/datanode-5/data/ratis/e53a9ba5-36df-4136-a533-cb2f59591791: flushIndex: setUnconditionally 0 -> -1
2019-08-02 04:04:42,331 INFO  server.RaftServerConfigKeys (ConfUtils.java:logGet(43)) - raft.server.snapshot.auto.trigger.enabled = true (custom)
2019-08-02 04:04:42,331 INFO  server.RaftServerConfigKeys (ConfUtils.java:logGet(43)) - raft.server.snapshot.auto.trigger.threshold = 10000 (custom)
2019-08-02 04:04:42,332 INFO  server.RaftServerConfigKeys (ConfUtils.java:logGet(43)) - raft.server.retrycache.expirytime = 600000ms (custom)
2019-08-02 04:04:42,332 INFO  impl.RaftServerImpl (RaftServerImpl.java:start(180)) - e067c9fb-d080-4f42-b6b8-c2e0c1743bb2: start group-CB2F59591791
2019-08-02 04:04:42,332 INFO  impl.RaftServerImpl (RaftServerImpl.java:setRole(171)) - e067c9fb-d080-4f42-b6b8-c2e0c1743bb2:group-CB2F59591791 changes role from null to FOLLOWER at term 0 for startAsFollower
2019-08-02 04:04:42,332 INFO  impl.RoleInfo (RoleInfo.java:updateAndGet(143)) - e067c9fb-d080-4f42-b6b8-c2e0c1743bb2: start FollowerState
2019-08-02 04:04:42,333 INFO  util.JmxRegister (JmxRegister.java:tryRegister(44)) - Successfully registered JMX Bean with object name Ratis:service=RaftServer,group=group-CB2F59591791,id=e067c9fb-d080-4f42-b6b8-c2e0c1743bb2
2019-08-02 04:04:42,354 INFO  pipeline.PipelineStateManager (PipelineStateManager.java:addPipeline(56)) - Created pipeline Pipeline[ Id: e53a9ba5-36df-4136-a533-cb2f59591791, Nodes: e067c9fb-d080-4f42-b6b8-c2e0c1743bb2{ip: 192.168.157.195, host: byscane-nightly-xzrzg-2697134946, networkLocation: /default-rack, certSerialId: null}, Type:RATIS, Factor:ONE, State:OPEN]
2019-08-02 04:04:42,379 INFO  impl.RaftServerProxy (RaftServerProxy.java:addNew(89)) - 11e07cc4-2815-49a6-9644-343718e24947: addNew group-C46AE5E9CF6D:[11e07cc4-2815-49a6-9644-343718e24947:192.168.157.195:36751] returns group-C46AE5E9CF6D:java.util.concurrent.CompletableFuture@182ee60d[Not completed]
2019-08-02 04:04:42,383 INFO  impl.RaftServerImpl (RaftServerImpl.java:<init>(93)) - 11e07cc4-2815-49a6-9644-343718e24947: new RaftServerImpl for group-C46AE5E9CF6D:[11e07cc4-2815-49a6-9644-343718e24947:192.168.157.195:36751] with ContainerStateMachine:uninitialized
2019-08-02 04:04:42,383 INFO  server.RaftServerConfigKeys (ConfUtils.java:logGet(43)) - raft.server.rpc.timeout.min = 5s (custom)
2019-08-02 04:04:42,383 INFO  server.RaftServerConfigKeys (ConfUtils.java:logGet(43)) - raft.server.rpc.timeout.max = 5200ms (custom)
2019-08-02 04:04:42,383 INFO  server.RaftServerConfigKeys (ConfUtils.java:logGet(43)) - raft.server.rpcslowness.timeout = 120s (custom)
2019-08-02 04:04:42,383 INFO  server.RaftServerConfigKeys (ConfUtils.java:logGet(43)) - raft.server.sleep.deviation.threshold = 300 (default)
2019-08-02 04:04:42,383 INFO  server.RaftServerConfigKeys (ConfUtils.java:logGet(43)) - raft.server.log.appender.install.snapshot.enabled = false (custom)
2019-08-02 04:04:42,383 INFO  impl.RaftServerImpl (ServerState.java:<init>(105)) - 11e07cc4-2815-49a6-9644-343718e24947:group-C46AE5E9CF6D ConfigurationManager, init=-1: [11e07cc4-2815-49a6-9644-343718e24947:192.168.157.195:36751], old=null, confs=<EMPTY_MAP>
2019-08-02 04:04:42,384 INFO  server.RaftServerConfigKeys (ConfUtils.java:logGet(43)) - raft.server.storage.dir = [/workdir/hadoop-ozone/integration-test/target/test-dir/MiniOzoneClusterImpl-aeec6eb3-b278-40e8-882d-ded1a49b8218/datanode-2/data/ratis] (custom)
2019-08-02 04:04:42,384 INFO  storage.RaftStorageDirectory (RaftStorageDirectory.java:analyzeStorage(246)) - The storage directory /workdir/hadoop-ozone/integration-test/target/test-dir/MiniOzoneClusterImpl-aeec6eb3-b278-40e8-882d-ded1a49b8218/datanode-2/data/ratis/1dae0b36-9b4c-4e23-b554-c46ae5e9cf6d does not exist. Creating ...
2019-08-02 04:04:42,390 INFO  storage.RaftStorageDirectory (RaftStorageDirectory.java:tryLock(328)) - Lock on /workdir/hadoop-ozone/integration-test/target/test-dir/MiniOzoneClusterImpl-aeec6eb3-b278-40e8-882d-ded1a49b8218/datanode-2/data/ratis/1dae0b36-9b4c-4e23-b554-c46ae5e9cf6d/in_use.lock acquired by nodename 31130@byscane-nightly-xzrzg-2697134946
2019-08-02 04:04:42,403 INFO  storage.RaftStorage (RaftStorage.java:format(72)) - Storage directory /workdir/hadoop-ozone/integration-test/target/test-dir/MiniOzoneClusterImpl-aeec6eb3-b278-40e8-882d-ded1a49b8218/datanode-2/data/ratis/1dae0b36-9b4c-4e23-b554-c46ae5e9cf6d has been successfully formatted.
2019-08-02 04:04:42,403 INFO  ratis.ContainerStateMachine (ContainerStateMachine.java:loadSnapshot(213)) - group-C46AE5E9CF6D: The snapshot info is null. Setting the last applied indexto:(t:0, i:~)
2019-08-02 04:04:42,403 INFO  server.RaftServerConfigKeys (ConfUtils.java:logGet(43)) - raft.server.leader.election.timeout = 120s (custom)
2019-08-02 04:04:42,403 INFO  server.RaftServerConfigKeys (ConfUtils.java:logGet(43)) - raft.server.log.use.memory = false (default)
2019-08-02 04:04:42,404 INFO  server.RaftServerConfigKeys (ConfUtils.java:logGet(43)) - raft.server.log.purge.gap = 1000000000 (custom)
2019-08-02 04:04:42,404 INFO  server.RaftServerConfigKeys (ConfUtils.java:logGet(43)) - raft.server.log.appender.buffer.byte-limit = 33554432 (custom)
2019-08-02 04:04:42,404 INFO  server.RaftServerConfigKeys (ConfUtils.java:logGet(43)) - raft.server.log.segment.size.max = 1048576 (custom)
2019-08-02 04:04:42,404 INFO  server.RaftServerConfigKeys (ConfUtils.java:logGet(43)) - raft.server.log.segment.cache.num.max = 2 (custom)
2019-08-02 04:04:42,404 INFO  segmented.SegmentedRaftLogWorker (SegmentedRaftLogWorker.java:<init>(172)) - new 11e07cc4-2815-49a6-9644-343718e24947-SegmentedRaftLogWorker:Storage Directory /workdir/hadoop-ozone/integration-test/target/test-dir/MiniOzoneClusterImpl-aeec6eb3-b278-40e8-882d-ded1a49b8218/datanode-2/data/ratis/1dae0b36-9b4c-4e23-b554-c46ae5e9cf6d for RaftStorage:Storage Directory /workdir/hadoop-ozone/integration-test/target/test-dir/MiniOzoneClusterImpl-aeec6eb3-b278-40e8-882d-ded1a49b8218/datanode-2/data/ratis/1dae0b36-9b4c-4e23-b554-c46ae5e9cf6d
2019-08-02 04:04:42,405 INFO  server.RaftServerConfigKeys (ConfUtils.java:logGet(43)) - raft.server.log.queue.byte-limit = 2147483647 (custom)
2019-08-02 04:04:42,405 INFO  server.RaftServerConfigKeys (ConfUtils.java:logGet(43)) - raft.server.log.queue.element-limit = 1024 (custom)
2019-08-02 04:04:42,405 INFO  server.RaftServerConfigKeys (ConfUtils.java:logGet(43)) - raft.server.log.segment.size.max = 1048576 (custom)
2019-08-02 04:04:42,405 INFO  server.RaftServerConfigKeys (ConfUtils.java:logGet(43)) - raft.server.log.preallocated.size = 16384 (custom)
2019-08-02 04:04:42,405 INFO  server.RaftServerConfigKeys (ConfUtils.java:logGet(43)) - raft.server.log.write.buffer.size = 33554432 (custom)
2019-08-02 04:04:42,405 INFO  server.RaftServerConfigKeys (ConfUtils.java:logGet(43)) - raft.server.log.force.sync.num = 128 (default)
2019-08-02 04:04:42,406 INFO  server.RaftServerConfigKeys (ConfUtils.java:logGet(43)) - raft.server.log.statemachine.data.sync = true (default)
2019-08-02 04:04:42,406 INFO  server.RaftServerConfigKeys (ConfUtils.java:logGet(43)) - raft.server.log.statemachine.data.sync.timeout = 10s (default)
2019-08-02 04:04:42,406 INFO  server.RaftServerConfigKeys (ConfUtils.java:logGet(43)) - raft.server.log.statemachine.data.sync.timeout.retry = -1 (default)
2019-08-02 04:04:42,406 INFO  server.RaftServerConfigKeys (ConfUtils.java:logGet(43)) - raft.server.log.statemachine.data.caching.enabled = true (custom)
2019-08-02 04:04:42,407 INFO  segmented.SegmentedRaftLogWorker (SegmentedRaftLogWorker.java:lambda$new$0(132)) - 11e07cc4-2815-49a6-9644-343718e24947-SegmentedRaftLogWorker:Storage Directory /workdir/hadoop-ozone/integration-test/target/test-dir/MiniOzoneClusterImpl-aeec6eb3-b278-40e8-882d-ded1a49b8218/datanode-2/data/ratis/1dae0b36-9b4c-4e23-b554-c46ae5e9cf6d: flushIndex: setUnconditionally 0 -> -1
2019-08-02 04:04:42,407 INFO  server.RaftServerConfigKeys (ConfUtils.java:logGet(43)) - raft.server.snapshot.auto.trigger.enabled = true (custom)
2019-08-02 04:04:42,407 INFO  server.RaftServerConfigKeys (ConfUtils.java:logGet(43)) - raft.server.snapshot.auto.trigger.threshold = 10000 (custom)
2019-08-02 04:04:42,407 INFO  server.RaftServerConfigKeys (ConfUtils.java:logGet(43)) - raft.server.retrycache.expirytime = 600000ms (custom)
2019-08-02 04:04:42,407 INFO  impl.RaftServerImpl (RaftServerImpl.java:start(180)) - 11e07cc4-2815-49a6-9644-343718e24947: start group-C46AE5E9CF6D
2019-08-02 04:04:42,408 INFO  impl.RaftServerImpl (RaftServerImpl.java:setRole(171)) - 11e07cc4-2815-49a6-9644-343718e24947:group-C46AE5E9CF6D changes role from null to FOLLOWER at term 0 for startAsFollower
2019-08-02 04:04:42,408 INFO  impl.RoleInfo (RoleInfo.java:updateAndGet(143)) - 11e07cc4-2815-49a6-9644-343718e24947: start FollowerState
2019-08-02 04:04:42,408 INFO  util.JmxRegister (JmxRegister.java:tryRegister(44)) - Successfully registered JMX Bean with object name Ratis:service=RaftServer,group=group-C46AE5E9CF6D,id=11e07cc4-2815-49a6-9644-343718e24947
2019-08-02 04:04:42,429 INFO  pipeline.PipelineStateManager (PipelineStateManager.java:addPipeline(56)) - Created pipeline Pipeline[ Id: 1dae0b36-9b4c-4e23-b554-c46ae5e9cf6d, Nodes: 11e07cc4-2815-49a6-9644-343718e24947{ip: 192.168.157.195, host: byscane-nightly-xzrzg-2697134946, networkLocation: /default-rack, certSerialId: null}, Type:RATIS, Factor:ONE, State:OPEN]
2019-08-02 04:04:42,457 INFO  impl.RaftServerProxy (RaftServerProxy.java:addNew(89)) - 24bc3d7e-0c9c-4a07-9432-ba9705483e95: addNew group-80A188006C23:[24bc3d7e-0c9c-4a07-9432-ba9705483e95:192.168.157.195:43938] returns group-80A188006C23:java.util.concurrent.CompletableFuture@2851f081[Not completed]
2019-08-02 04:04:42,462 INFO  impl.RaftServerImpl (RaftServerImpl.java:<init>(93)) - 24bc3d7e-0c9c-4a07-9432-ba9705483e95: new RaftServerImpl for group-80A188006C23:[24bc3d7e-0c9c-4a07-9432-ba9705483e95:192.168.157.195:43938] with ContainerStateMachine:uninitialized
2019-08-02 04:04:42,463 INFO  server.RaftServerConfigKeys (ConfUtils.java:logGet(43)) - raft.server.rpc.timeout.min = 5s (custom)
2019-08-02 04:04:42,463 INFO  server.RaftServerConfigKeys (ConfUtils.java:logGet(43)) - raft.server.rpc.timeout.max = 5200ms (custom)
2019-08-02 04:04:42,463 INFO  server.RaftServerConfigKeys (ConfUtils.java:logGet(43)) - raft.server.rpcslowness.timeout = 120s (custom)
2019-08-02 04:04:42,463 INFO  server.RaftServerConfigKeys (ConfUtils.java:logGet(43)) - raft.server.sleep.deviation.threshold = 300 (default)
2019-08-02 04:04:42,463 INFO  server.RaftServerConfigKeys (ConfUtils.java:logGet(43)) - raft.server.log.appender.install.snapshot.enabled = false (custom)
2019-08-02 04:04:42,464 INFO  impl.RaftServerImpl (ServerState.java:<init>(105)) - 24bc3d7e-0c9c-4a07-9432-ba9705483e95:group-80A188006C23 ConfigurationManager, init=-1: [24bc3d7e-0c9c-4a07-9432-ba9705483e95:192.168.157.195:43938], old=null, confs=<EMPTY_MAP>
2019-08-02 04:04:42,464 INFO  server.RaftServerConfigKeys (ConfUtils.java:logGet(43)) - raft.server.storage.dir = [/workdir/hadoop-ozone/integration-test/target/test-dir/MiniOzoneClusterImpl-aeec6eb3-b278-40e8-882d-ded1a49b8218/datanode-4/data/ratis] (custom)
2019-08-02 04:04:42,464 INFO  storage.RaftStorageDirectory (RaftStorageDirectory.java:analyzeStorage(246)) - The storage directory /workdir/hadoop-ozone/integration-test/target/test-dir/MiniOzoneClusterImpl-aeec6eb3-b278-40e8-882d-ded1a49b8218/datanode-4/data/ratis/9c5e861b-e682-47cc-be83-80a188006c23 does not exist. Creating ...
2019-08-02 04:04:42,478 INFO  storage.RaftStorageDirectory (RaftStorageDirectory.java:tryLock(328)) - Lock on /workdir/hadoop-ozone/integration-test/target/test-dir/MiniOzoneClusterImpl-aeec6eb3-b278-40e8-882d-ded1a49b8218/datanode-4/data/ratis/9c5e861b-e682-47cc-be83-80a188006c23/in_use.lock acquired by nodename 31130@byscane-nightly-xzrzg-2697134946
2019-08-02 04:04:42,492 INFO  storage.RaftStorage (RaftStorage.java:format(72)) - Storage directory /workdir/hadoop-ozone/integration-test/target/test-dir/MiniOzoneClusterImpl-aeec6eb3-b278-40e8-882d-ded1a49b8218/datanode-4/data/ratis/9c5e861b-e682-47cc-be83-80a188006c23 has been successfully formatted.
2019-08-02 04:04:42,492 INFO  ratis.ContainerStateMachine (ContainerStateMachine.java:loadSnapshot(213)) - group-80A188006C23: The snapshot info is null. Setting the last applied indexto:(t:0, i:~)
2019-08-02 04:04:42,492 INFO  server.RaftServerConfigKeys (ConfUtils.java:logGet(43)) - raft.server.leader.election.timeout = 120s (custom)
2019-08-02 04:04:42,492 INFO  server.RaftServerConfigKeys (ConfUtils.java:logGet(43)) - raft.server.log.use.memory = false (default)
2019-08-02 04:04:42,492 INFO  server.RaftServerConfigKeys (ConfUtils.java:logGet(43)) - raft.server.log.purge.gap = 1000000000 (custom)
2019-08-02 04:04:42,493 INFO  server.RaftServerConfigKeys (ConfUtils.java:logGet(43)) - raft.server.log.appender.buffer.byte-limit = 33554432 (custom)
2019-08-02 04:04:42,493 INFO  server.RaftServerConfigKeys (ConfUtils.java:logGet(43)) - raft.server.log.segment.size.max = 1048576 (custom)
2019-08-02 04:04:42,493 INFO  server.RaftServerConfigKeys (ConfUtils.java:logGet(43)) - raft.server.log.segment.cache.num.max = 2 (custom)
2019-08-02 04:04:42,493 INFO  segmented.SegmentedRaftLogWorker (SegmentedRaftLogWorker.java:<init>(172)) - new 24bc3d7e-0c9c-4a07-9432-ba9705483e95-SegmentedRaftLogWorker:Storage Directory /workdir/hadoop-ozone/integration-test/target/test-dir/MiniOzoneClusterImpl-aeec6eb3-b278-40e8-882d-ded1a49b8218/datanode-4/data/ratis/9c5e861b-e682-47cc-be83-80a188006c23 for RaftStorage:Storage Directory /workdir/hadoop-ozone/integration-test/target/test-dir/MiniOzoneClusterImpl-aeec6eb3-b278-40e8-882d-ded1a49b8218/datanode-4/data/ratis/9c5e861b-e682-47cc-be83-80a188006c23
2019-08-02 04:04:42,493 INFO  server.RaftServerConfigKeys (ConfUtils.java:logGet(43)) - raft.server.log.queue.byte-limit = 2147483647 (custom)
2019-08-02 04:04:42,494 INFO  server.RaftServerConfigKeys (ConfUtils.java:logGet(43)) - raft.server.log.queue.element-limit = 1024 (custom)
2019-08-02 04:04:42,494 INFO  server.RaftServerConfigKeys (ConfUtils.java:logGet(43)) - raft.server.log.segment.size.max = 1048576 (custom)
2019-08-02 04:04:42,494 INFO  server.RaftServerConfigKeys (ConfUtils.java:logGet(43)) - raft.server.log.preallocated.size = 16384 (custom)
2019-08-02 04:04:42,494 INFO  server.RaftServerConfigKeys (ConfUtils.java:logGet(43)) - raft.server.log.write.buffer.size = 33554432 (custom)
2019-08-02 04:04:42,494 INFO  server.RaftServerConfigKeys (ConfUtils.java:logGet(43)) - raft.server.log.force.sync.num = 128 (default)
2019-08-02 04:04:42,495 INFO  server.RaftServerConfigKeys (ConfUtils.java:logGet(43)) - raft.server.log.statemachine.data.sync = true (default)
2019-08-02 04:04:42,495 INFO  server.RaftServerConfigKeys (ConfUtils.java:logGet(43)) - raft.server.log.statemachine.data.sync.timeout = 10s (default)
2019-08-02 04:04:42,495 INFO  server.RaftServerConfigKeys (ConfUtils.java:logGet(43)) - raft.server.log.statemachine.data.sync.timeout.retry = -1 (default)
2019-08-02 04:04:42,496 INFO  server.RaftServerConfigKeys (ConfUtils.java:logGet(43)) - raft.server.log.statemachine.data.caching.enabled = true (custom)
2019-08-02 04:04:42,496 INFO  segmented.SegmentedRaftLogWorker (SegmentedRaftLogWorker.java:lambda$new$0(132)) - 24bc3d7e-0c9c-4a07-9432-ba9705483e95-SegmentedRaftLogWorker:Storage Directory /workdir/hadoop-ozone/integration-test/target/test-dir/MiniOzoneClusterImpl-aeec6eb3-b278-40e8-882d-ded1a49b8218/datanode-4/data/ratis/9c5e861b-e682-47cc-be83-80a188006c23: flushIndex: setUnconditionally 0 -> -1
2019-08-02 04:04:42,496 INFO  server.RaftServerConfigKeys (ConfUtils.java:logGet(43)) - raft.server.snapshot.auto.trigger.enabled = true (custom)
2019-08-02 04:04:42,496 INFO  server.RaftServerConfigKeys (ConfUtils.java:logGet(43)) - raft.server.snapshot.auto.trigger.threshold = 10000 (custom)
2019-08-02 04:04:42,497 INFO  server.RaftServerConfigKeys (ConfUtils.java:logGet(43)) - raft.server.retrycache.expirytime = 600000ms (custom)
2019-08-02 04:04:42,497 INFO  impl.RaftServerImpl (RaftServerImpl.java:start(180)) - 24bc3d7e-0c9c-4a07-9432-ba9705483e95: start group-80A188006C23
2019-08-02 04:04:42,497 INFO  impl.RaftServerImpl (RaftServerImpl.java:setRole(171)) - 24bc3d7e-0c9c-4a07-9432-ba9705483e95:group-80A188006C23 changes role from null to FOLLOWER at term 0 for startAsFollower
2019-08-02 04:04:42,497 INFO  impl.RoleInfo (RoleInfo.java:updateAndGet(143)) - 24bc3d7e-0c9c-4a07-9432-ba9705483e95: start FollowerState
2019-08-02 04:04:42,498 INFO  util.JmxRegister (JmxRegister.java:tryRegister(44)) - Successfully registered JMX Bean with object name Ratis:service=RaftServer,group=group-80A188006C23,id=24bc3d7e-0c9c-4a07-9432-ba9705483e95
2019-08-02 04:04:42,512 INFO  pipeline.PipelineStateManager (PipelineStateManager.java:addPipeline(56)) - Created pipeline Pipeline[ Id: 9c5e861b-e682-47cc-be83-80a188006c23, Nodes: 24bc3d7e-0c9c-4a07-9432-ba9705483e95{ip: 192.168.157.195, host: byscane-nightly-xzrzg-2697134946, networkLocation: /default-rack, certSerialId: null}, Type:RATIS, Factor:ONE, State:OPEN]
2019-08-02 04:04:42,533 INFO  impl.RaftServerProxy (RaftServerProxy.java:addNew(89)) - 3abb2d55-b329-421f-aa81-7118684fd7c2: addNew group-232A945293A2:[3abb2d55-b329-421f-aa81-7118684fd7c2:192.168.157.195:33147] returns group-232A945293A2:java.util.concurrent.CompletableFuture@f440c3d[Not completed]
2019-08-02 04:04:42,537 INFO  impl.RaftServerImpl (RaftServerImpl.java:<init>(93)) - 3abb2d55-b329-421f-aa81-7118684fd7c2: new RaftServerImpl for group-232A945293A2:[3abb2d55-b329-421f-aa81-7118684fd7c2:192.168.157.195:33147] with ContainerStateMachine:uninitialized
2019-08-02 04:04:42,538 INFO  server.RaftServerConfigKeys (ConfUtils.java:logGet(43)) - raft.server.rpc.timeout.min = 5s (custom)
2019-08-02 04:04:42,538 INFO  server.RaftServerConfigKeys (ConfUtils.java:logGet(43)) - raft.server.rpc.timeout.max = 5200ms (custom)
2019-08-02 04:04:42,538 INFO  server.RaftServerConfigKeys (ConfUtils.java:logGet(43)) - raft.server.rpcslowness.timeout = 120s (custom)
2019-08-02 04:04:42,538 INFO  server.RaftServerConfigKeys (ConfUtils.java:logGet(43)) - raft.server.sleep.deviation.threshold = 300 (default)
2019-08-02 04:04:42,538 INFO  server.RaftServerConfigKeys (ConfUtils.java:logGet(43)) - raft.server.log.appender.install.snapshot.enabled = false (custom)
2019-08-02 04:04:42,538 INFO  impl.RaftServerImpl (ServerState.java:<init>(105)) - 3abb2d55-b329-421f-aa81-7118684fd7c2:group-232A945293A2 ConfigurationManager, init=-1: [3abb2d55-b329-421f-aa81-7118684fd7c2:192.168.157.195:33147], old=null, confs=<EMPTY_MAP>
2019-08-02 04:04:42,539 INFO  server.RaftServerConfigKeys (ConfUtils.java:logGet(43)) - raft.server.storage.dir = [/workdir/hadoop-ozone/integration-test/target/test-dir/MiniOzoneClusterImpl-aeec6eb3-b278-40e8-882d-ded1a49b8218/datanode-6/data/ratis] (custom)
2019-08-02 04:04:42,539 INFO  storage.RaftStorageDirectory (RaftStorageDirectory.java:analyzeStorage(246)) - The storage directory /workdir/hadoop-ozone/integration-test/target/test-dir/MiniOzoneClusterImpl-aeec6eb3-b278-40e8-882d-ded1a49b8218/datanode-6/data/ratis/08396517-acbb-4873-8bca-232a945293a2 does not exist. Creating ...
2019-08-02 04:04:42,552 INFO  storage.RaftStorageDirectory (RaftStorageDirectory.java:tryLock(328)) - Lock on /workdir/hadoop-ozone/integration-test/target/test-dir/MiniOzoneClusterImpl-aeec6eb3-b278-40e8-882d-ded1a49b8218/datanode-6/data/ratis/08396517-acbb-4873-8bca-232a945293a2/in_use.lock acquired by nodename 31130@byscane-nightly-xzrzg-2697134946
2019-08-02 04:04:42,566 INFO  storage.RaftStorage (RaftStorage.java:format(72)) - Storage directory /workdir/hadoop-ozone/integration-test/target/test-dir/MiniOzoneClusterImpl-aeec6eb3-b278-40e8-882d-ded1a49b8218/datanode-6/data/ratis/08396517-acbb-4873-8bca-232a945293a2 has been successfully formatted.
2019-08-02 04:04:42,566 INFO  ratis.ContainerStateMachine (ContainerStateMachine.java:loadSnapshot(213)) - group-232A945293A2: The snapshot info is null. Setting the last applied indexto:(t:0, i:~)
2019-08-02 04:04:42,566 INFO  server.RaftServerConfigKeys (ConfUtils.java:logGet(43)) - raft.server.leader.election.timeout = 120s (custom)
2019-08-02 04:04:42,566 INFO  server.RaftServerConfigKeys (ConfUtils.java:logGet(43)) - raft.server.log.use.memory = false (default)
2019-08-02 04:04:42,566 INFO  server.RaftServerConfigKeys (ConfUtils.java:logGet(43)) - raft.server.log.purge.gap = 1000000000 (custom)
2019-08-02 04:04:42,566 INFO  server.RaftServerConfigKeys (ConfUtils.java:logGet(43)) - raft.server.log.appender.buffer.byte-limit = 33554432 (custom)
2019-08-02 04:04:42,567 INFO  server.RaftServerConfigKeys (ConfUtils.java:logGet(43)) - raft.server.log.segment.size.max = 1048576 (custom)
2019-08-02 04:04:42,567 INFO  server.RaftServerConfigKeys (ConfUtils.java:logGet(43)) - raft.server.log.segment.cache.num.max = 2 (custom)
2019-08-02 04:04:42,567 INFO  segmented.SegmentedRaftLogWorker (SegmentedRaftLogWorker.java:<init>(172)) - new 3abb2d55-b329-421f-aa81-7118684fd7c2-SegmentedRaftLogWorker:Storage Directory /workdir/hadoop-ozone/integration-test/target/test-dir/MiniOzoneClusterImpl-aeec6eb3-b278-40e8-882d-ded1a49b8218/datanode-6/data/ratis/08396517-acbb-4873-8bca-232a945293a2 for RaftStorage:Storage Directory /workdir/hadoop-ozone/integration-test/target/test-dir/MiniOzoneClusterImpl-aeec6eb3-b278-40e8-882d-ded1a49b8218/datanode-6/data/ratis/08396517-acbb-4873-8bca-232a945293a2
2019-08-02 04:04:42,567 INFO  server.RaftServerConfigKeys (ConfUtils.java:logGet(43)) - raft.server.log.queue.byte-limit = 2147483647 (custom)
2019-08-02 04:04:42,567 INFO  server.RaftServerConfigKeys (ConfUtils.java:logGet(43)) - raft.server.log.queue.element-limit = 1024 (custom)
2019-08-02 04:04:42,568 INFO  server.RaftServerConfigKeys (ConfUtils.java:logGet(43)) - raft.server.log.segment.size.max = 1048576 (custom)
2019-08-02 04:04:42,568 INFO  server.RaftServerConfigKeys (ConfUtils.java:logGet(43)) - raft.server.log.preallocated.size = 16384 (custom)
2019-08-02 04:04:42,568 INFO  server.RaftServerConfigKeys (ConfUtils.java:logGet(43)) - raft.server.log.write.buffer.size = 33554432 (custom)
2019-08-02 04:04:42,568 INFO  server.RaftServerConfigKeys (ConfUtils.java:logGet(43)) - raft.server.log.force.sync.num = 128 (default)
2019-08-02 04:04:42,568 INFO  server.RaftServerConfigKeys (ConfUtils.java:logGet(43)) - raft.server.log.statemachine.data.sync = true (default)
2019-08-02 04:04:42,568 INFO  server.RaftServerConfigKeys (ConfUtils.java:logGet(43)) - raft.server.log.statemachine.data.sync.timeout = 10s (default)
2019-08-02 04:04:42,568 INFO  server.RaftServerConfigKeys (ConfUtils.java:logGet(43)) - raft.server.log.statemachine.data.sync.timeout.retry = -1 (default)
2019-08-02 04:04:42,569 INFO  server.RaftServerConfigKeys (ConfUtils.java:logGet(43)) - raft.server.log.statemachine.data.caching.enabled = true (custom)
2019-08-02 04:04:42,569 INFO  segmented.SegmentedRaftLogWorker (SegmentedRaftLogWorker.java:lambda$new$0(132)) - 3abb2d55-b329-421f-aa81-7118684fd7c2-SegmentedRaftLogWorker:Storage Directory /workdir/hadoop-ozone/integration-test/target/test-dir/MiniOzoneClusterImpl-aeec6eb3-b278-40e8-882d-ded1a49b8218/datanode-6/data/ratis/08396517-acbb-4873-8bca-232a945293a2: flushIndex: setUnconditionally 0 -> -1
2019-08-02 04:04:42,569 INFO  server.RaftServerConfigKeys (ConfUtils.java:logGet(43)) - raft.server.snapshot.auto.trigger.enabled = true (custom)
2019-08-02 04:04:42,570 INFO  server.RaftServerConfigKeys (ConfUtils.java:logGet(43)) - raft.server.snapshot.auto.trigger.threshold = 10000 (custom)
2019-08-02 04:04:42,570 INFO  server.RaftServerConfigKeys (ConfUtils.java:logGet(43)) - raft.server.retrycache.expirytime = 600000ms (custom)
2019-08-02 04:04:42,570 INFO  impl.RaftServerImpl (RaftServerImpl.java:start(180)) - 3abb2d55-b329-421f-aa81-7118684fd7c2: start group-232A945293A2
2019-08-02 04:04:42,570 INFO  impl.RaftServerImpl (RaftServerImpl.java:setRole(171)) - 3abb2d55-b329-421f-aa81-7118684fd7c2:group-232A945293A2 changes role from null to FOLLOWER at term 0 for startAsFollower
2019-08-02 04:04:42,570 INFO  impl.RoleInfo (RoleInfo.java:updateAndGet(143)) - 3abb2d55-b329-421f-aa81-7118684fd7c2: start FollowerState
2019-08-02 04:04:42,571 INFO  util.JmxRegister (JmxRegister.java:tryRegister(44)) - Successfully registered JMX Bean with object name Ratis:service=RaftServer,group=group-232A945293A2,id=3abb2d55-b329-421f-aa81-7118684fd7c2
2019-08-02 04:04:42,590 INFO  pipeline.PipelineStateManager (PipelineStateManager.java:addPipeline(56)) - Created pipeline Pipeline[ Id: 08396517-acbb-4873-8bca-232a945293a2, Nodes: 3abb2d55-b329-421f-aa81-7118684fd7c2{ip: 192.168.157.195, host: byscane-nightly-xzrzg-2697134946, networkLocation: /default-rack, certSerialId: null}, Type:RATIS, Factor:ONE, State:OPEN]
2019-08-02 04:04:42,630 INFO  impl.RaftServerProxy (RaftServerProxy.java:addNew(89)) - e067c9fb-d080-4f42-b6b8-c2e0c1743bb2: addNew group-F0F8787FC39C:[faf30cc2-09b5-45b5-a1b8-700f8cb23344:192.168.157.195:41778, e067c9fb-d080-4f42-b6b8-c2e0c1743bb2:192.168.157.195:43507, 320d30ba-a9a6-45ed-a240-9f96a2f7937d:192.168.157.195:38950] returns group-F0F8787FC39C:java.util.concurrent.CompletableFuture@55a3964b[Not completed]
2019-08-02 04:04:42,633 INFO  impl.RaftServerProxy (RaftServerProxy.java:addNew(89)) - 320d30ba-a9a6-45ed-a240-9f96a2f7937d: addNew group-F0F8787FC39C:[faf30cc2-09b5-45b5-a1b8-700f8cb23344:192.168.157.195:41778, e067c9fb-d080-4f42-b6b8-c2e0c1743bb2:192.168.157.195:43507, 320d30ba-a9a6-45ed-a240-9f96a2f7937d:192.168.157.195:38950] returns group-F0F8787FC39C:java.util.concurrent.CompletableFuture@55b52943[Not completed]
2019-08-02 04:04:42,635 INFO  impl.RaftServerProxy (RaftServerProxy.java:addNew(89)) - faf30cc2-09b5-45b5-a1b8-700f8cb23344: addNew group-F0F8787FC39C:[faf30cc2-09b5-45b5-a1b8-700f8cb23344:192.168.157.195:41778, e067c9fb-d080-4f42-b6b8-c2e0c1743bb2:192.168.157.195:43507, 320d30ba-a9a6-45ed-a240-9f96a2f7937d:192.168.157.195:38950] returns group-F0F8787FC39C:java.util.concurrent.CompletableFuture@10a1129b[Not completed]
2019-08-02 04:04:42,635 INFO  impl.RaftServerImpl (RaftServerImpl.java:<init>(93)) - e067c9fb-d080-4f42-b6b8-c2e0c1743bb2: new RaftServerImpl for group-F0F8787FC39C:[faf30cc2-09b5-45b5-a1b8-700f8cb23344:192.168.157.195:41778, e067c9fb-d080-4f42-b6b8-c2e0c1743bb2:192.168.157.195:43507, 320d30ba-a9a6-45ed-a240-9f96a2f7937d:192.168.157.195:38950] with ContainerStateMachine:uninitialized
2019-08-02 04:04:42,636 INFO  server.RaftServerConfigKeys (ConfUtils.java:logGet(43)) - raft.server.rpc.timeout.min = 5s (custom)
2019-08-02 04:04:42,636 INFO  server.RaftServerConfigKeys (ConfUtils.java:logGet(43)) - raft.server.rpc.timeout.max = 5200ms (custom)
2019-08-02 04:04:42,636 INFO  server.RaftServerConfigKeys (ConfUtils.java:logGet(43)) - raft.server.rpcslowness.timeout = 120s (custom)
2019-08-02 04:04:42,638 INFO  server.RaftServerConfigKeys (ConfUtils.java:logGet(43)) - raft.server.sleep.deviation.threshold = 300 (default)
2019-08-02 04:04:42,638 INFO  server.RaftServerConfigKeys (ConfUtils.java:logGet(43)) - raft.server.log.appender.install.snapshot.enabled = false (custom)
2019-08-02 04:04:42,638 INFO  impl.RaftServerImpl (RaftServerImpl.java:<init>(93)) - 320d30ba-a9a6-45ed-a240-9f96a2f7937d: new RaftServerImpl for group-F0F8787FC39C:[faf30cc2-09b5-45b5-a1b8-700f8cb23344:192.168.157.195:41778, e067c9fb-d080-4f42-b6b8-c2e0c1743bb2:192.168.157.195:43507, 320d30ba-a9a6-45ed-a240-9f96a2f7937d:192.168.157.195:38950] with ContainerStateMachine:uninitialized
2019-08-02 04:04:42,638 INFO  impl.RaftServerImpl (ServerState.java:<init>(105)) - e067c9fb-d080-4f42-b6b8-c2e0c1743bb2:group-F0F8787FC39C ConfigurationManager, init=-1: [faf30cc2-09b5-45b5-a1b8-700f8cb23344:192.168.157.195:41778, e067c9fb-d080-4f42-b6b8-c2e0c1743bb2:192.168.157.195:43507, 320d30ba-a9a6-45ed-a240-9f96a2f7937d:192.168.157.195:38950], old=null, confs=<EMPTY_MAP>
2019-08-02 04:04:42,638 INFO  server.RaftServerConfigKeys (ConfUtils.java:logGet(43)) - raft.server.rpc.timeout.min = 5s (custom)
2019-08-02 04:04:42,639 INFO  server.RaftServerConfigKeys (ConfUtils.java:logGet(43)) - raft.server.storage.dir = [/workdir/hadoop-ozone/integration-test/target/test-dir/MiniOzoneClusterImpl-aeec6eb3-b278-40e8-882d-ded1a49b8218/datanode-5/data/ratis] (custom)
2019-08-02 04:04:42,639 INFO  server.RaftServerConfigKeys (ConfUtils.java:logGet(43)) - raft.server.rpc.timeout.max = 5200ms (custom)
2019-08-02 04:04:42,639 INFO  server.RaftServerConfigKeys (ConfUtils.java:logGet(43)) - raft.server.rpcslowness.timeout = 120s (custom)
2019-08-02 04:04:42,639 INFO  impl.RaftServerImpl (RaftServerImpl.java:<init>(93)) - faf30cc2-09b5-45b5-a1b8-700f8cb23344: new RaftServerImpl for group-F0F8787FC39C:[faf30cc2-09b5-45b5-a1b8-700f8cb23344:192.168.157.195:41778, e067c9fb-d080-4f42-b6b8-c2e0c1743bb2:192.168.157.195:43507, 320d30ba-a9a6-45ed-a240-9f96a2f7937d:192.168.157.195:38950] with ContainerStateMachine:uninitialized
2019-08-02 04:04:42,639 INFO  server.RaftServerConfigKeys (ConfUtils.java:logGet(43)) - raft.server.sleep.deviation.threshold = 300 (default)
2019-08-02 04:04:42,646 INFO  storage.RaftStorageDirectory (RaftStorageDirectory.java:analyzeStorage(246)) - The storage directory /workdir/hadoop-ozone/integration-test/target/test-dir/MiniOzoneClusterImpl-aeec6eb3-b278-40e8-882d-ded1a49b8218/datanode-5/data/ratis/741faea4-2505-4149-9ea4-f0f8787fc39c does not exist. Creating ...
2019-08-02 04:04:42,641 INFO  server.RaftServerConfigKeys (ConfUtils.java:logGet(43)) - raft.server.rpc.timeout.min = 5s (custom)
2019-08-02 04:04:42,652 INFO  server.RaftServerConfigKeys (ConfUtils.java:logGet(43)) - raft.server.log.appender.install.snapshot.enabled = false (custom)
2019-08-02 04:04:42,652 INFO  server.RaftServerConfigKeys (ConfUtils.java:logGet(43)) - raft.server.rpc.timeout.max = 5200ms (custom)
2019-08-02 04:04:42,653 INFO  impl.RaftServerImpl (ServerState.java:<init>(105)) - 320d30ba-a9a6-45ed-a240-9f96a2f7937d:group-F0F8787FC39C ConfigurationManager, init=-1: [faf30cc2-09b5-45b5-a1b8-700f8cb23344:192.168.157.195:41778, e067c9fb-d080-4f42-b6b8-c2e0c1743bb2:192.168.157.195:43507, 320d30ba-a9a6-45ed-a240-9f96a2f7937d:192.168.157.195:38950], old=null, confs=<EMPTY_MAP>
2019-08-02 04:04:42,653 INFO  server.RaftServerConfigKeys (ConfUtils.java:logGet(43)) - raft.server.rpcslowness.timeout = 120s (custom)
2019-08-02 04:04:42,653 INFO  server.RaftServerConfigKeys (ConfUtils.java:logGet(43)) - raft.server.storage.dir = [/workdir/hadoop-ozone/integration-test/target/test-dir/MiniOzoneClusterImpl-aeec6eb3-b278-40e8-882d-ded1a49b8218/datanode-1/data/ratis] (custom)
2019-08-02 04:04:42,653 INFO  server.RaftServerConfigKeys (ConfUtils.java:logGet(43)) - raft.server.sleep.deviation.threshold = 300 (default)
2019-08-02 04:04:42,653 INFO  server.RaftServerConfigKeys (ConfUtils.java:logGet(43)) - raft.server.log.appender.install.snapshot.enabled = false (custom)
2019-08-02 04:04:42,653 INFO  storage.RaftStorageDirectory (RaftStorageDirectory.java:analyzeStorage(246)) - The storage directory /workdir/hadoop-ozone/integration-test/target/test-dir/MiniOzoneClusterImpl-aeec6eb3-b278-40e8-882d-ded1a49b8218/datanode-1/data/ratis/741faea4-2505-4149-9ea4-f0f8787fc39c does not exist. Creating ...
2019-08-02 04:04:42,654 INFO  impl.RaftServerImpl (ServerState.java:<init>(105)) - faf30cc2-09b5-45b5-a1b8-700f8cb23344:group-F0F8787FC39C ConfigurationManager, init=-1: [faf30cc2-09b5-45b5-a1b8-700f8cb23344:192.168.157.195:41778, e067c9fb-d080-4f42-b6b8-c2e0c1743bb2:192.168.157.195:43507, 320d30ba-a9a6-45ed-a240-9f96a2f7937d:192.168.157.195:38950], old=null, confs=<EMPTY_MAP>
2019-08-02 04:04:42,654 INFO  server.RaftServerConfigKeys (ConfUtils.java:logGet(43)) - raft.server.storage.dir = [/workdir/hadoop-ozone/integration-test/target/test-dir/MiniOzoneClusterImpl-aeec6eb3-b278-40e8-882d-ded1a49b8218/datanode-3/data/ratis] (custom)
2019-08-02 04:04:42,654 INFO  storage.RaftStorageDirectory (RaftStorageDirectory.java:analyzeStorage(246)) - The storage directory /workdir/hadoop-ozone/integration-test/target/test-dir/MiniOzoneClusterImpl-aeec6eb3-b278-40e8-882d-ded1a49b8218/datanode-3/data/ratis/741faea4-2505-4149-9ea4-f0f8787fc39c does not exist. Creating ...
2019-08-02 04:04:42,666 INFO  storage.RaftStorageDirectory (RaftStorageDirectory.java:tryLock(328)) - Lock on /workdir/hadoop-ozone/integration-test/target/test-dir/MiniOzoneClusterImpl-aeec6eb3-b278-40e8-882d-ded1a49b8218/datanode-3/data/ratis/741faea4-2505-4149-9ea4-f0f8787fc39c/in_use.lock acquired by nodename 31130@byscane-nightly-xzrzg-2697134946
2019-08-02 04:04:42,666 INFO  storage.RaftStorageDirectory (RaftStorageDirectory.java:tryLock(328)) - Lock on /workdir/hadoop-ozone/integration-test/target/test-dir/MiniOzoneClusterImpl-aeec6eb3-b278-40e8-882d-ded1a49b8218/datanode-5/data/ratis/741faea4-2505-4149-9ea4-f0f8787fc39c/in_use.lock acquired by nodename 31130@byscane-nightly-xzrzg-2697134946
2019-08-02 04:04:42,666 INFO  storage.RaftStorageDirectory (RaftStorageDirectory.java:tryLock(328)) - Lock on /workdir/hadoop-ozone/integration-test/target/test-dir/MiniOzoneClusterImpl-aeec6eb3-b278-40e8-882d-ded1a49b8218/datanode-1/data/ratis/741faea4-2505-4149-9ea4-f0f8787fc39c/in_use.lock acquired by nodename 31130@byscane-nightly-xzrzg-2697134946
2019-08-02 04:04:42,684 INFO  storage.RaftStorage (RaftStorage.java:format(72)) - Storage directory /workdir/hadoop-ozone/integration-test/target/test-dir/MiniOzoneClusterImpl-aeec6eb3-b278-40e8-882d-ded1a49b8218/datanode-3/data/ratis/741faea4-2505-4149-9ea4-f0f8787fc39c has been successfully formatted.
2019-08-02 04:04:42,684 INFO  storage.RaftStorage (RaftStorage.java:format(72)) - Storage directory /workdir/hadoop-ozone/integration-test/target/test-dir/MiniOzoneClusterImpl-aeec6eb3-b278-40e8-882d-ded1a49b8218/datanode-5/data/ratis/741faea4-2505-4149-9ea4-f0f8787fc39c has been successfully formatted.
2019-08-02 04:04:42,684 INFO  storage.RaftStorage (RaftStorage.java:format(72)) - Storage directory /workdir/hadoop-ozone/integration-test/target/test-dir/MiniOzoneClusterImpl-aeec6eb3-b278-40e8-882d-ded1a49b8218/datanode-1/data/ratis/741faea4-2505-4149-9ea4-f0f8787fc39c has been successfully formatted.
2019-08-02 04:04:42,685 INFO  ratis.ContainerStateMachine (ContainerStateMachine.java:loadSnapshot(213)) - group-F0F8787FC39C: The snapshot info is null. Setting the last applied indexto:(t:0, i:~)
2019-08-02 04:04:42,685 INFO  ratis.ContainerStateMachine (ContainerStateMachine.java:loadSnapshot(213)) - group-F0F8787FC39C: The snapshot info is null. Setting the last applied indexto:(t:0, i:~)
2019-08-02 04:04:42,685 INFO  ratis.ContainerStateMachine (ContainerStateMachine.java:loadSnapshot(213)) - group-F0F8787FC39C: The snapshot info is null. Setting the last applied indexto:(t:0, i:~)
2019-08-02 04:04:42,685 INFO  server.RaftServerConfigKeys (ConfUtils.java:logGet(43)) - raft.server.leader.election.timeout = 120s (custom)
2019-08-02 04:04:42,685 INFO  server.RaftServerConfigKeys (ConfUtils.java:logGet(43)) - raft.server.leader.election.timeout = 120s (custom)
2019-08-02 04:04:42,685 INFO  server.RaftServerConfigKeys (ConfUtils.java:logGet(43)) - raft.server.log.use.memory = false (default)
2019-08-02 04:04:42,685 INFO  server.RaftServerConfigKeys (ConfUtils.java:logGet(43)) - raft.server.leader.election.timeout = 120s (custom)
2019-08-02 04:04:42,686 INFO  server.RaftServerConfigKeys (ConfUtils.java:logGet(43)) - raft.server.log.purge.gap = 1000000000 (custom)
2019-08-02 04:04:42,685 INFO  server.RaftServerConfigKeys (ConfUtils.java:logGet(43)) - raft.server.log.use.memory = false (default)
2019-08-02 04:04:42,686 INFO  server.RaftServerConfigKeys (ConfUtils.java:logGet(43)) - raft.server.log.appender.buffer.byte-limit = 33554432 (custom)
2019-08-02 04:04:42,686 INFO  server.RaftServerConfigKeys (ConfUtils.java:logGet(43)) - raft.server.log.use.memory = false (default)
2019-08-02 04:04:42,686 INFO  server.RaftServerConfigKeys (ConfUtils.java:logGet(43)) - raft.server.log.segment.size.max = 1048576 (custom)
2019-08-02 04:04:42,686 INFO  server.RaftServerConfigKeys (ConfUtils.java:logGet(43)) - raft.server.log.purge.gap = 1000000000 (custom)
2019-08-02 04:04:42,687 INFO  server.RaftServerConfigKeys (ConfUtils.java:logGet(43)) - raft.server.log.segment.cache.num.max = 2 (custom)
2019-08-02 04:04:42,686 INFO  server.RaftServerConfigKeys (ConfUtils.java:logGet(43)) - raft.server.log.purge.gap = 1000000000 (custom)
2019-08-02 04:04:42,687 INFO  segmented.SegmentedRaftLogWorker (SegmentedRaftLogWorker.java:<init>(172)) - new 320d30ba-a9a6-45ed-a240-9f96a2f7937d-SegmentedRaftLogWorker:Storage Directory /workdir/hadoop-ozone/integration-test/target/test-dir/MiniOzoneClusterImpl-aeec6eb3-b278-40e8-882d-ded1a49b8218/datanode-1/data/ratis/741faea4-2505-4149-9ea4-f0f8787fc39c for RaftStorage:Storage Directory /workdir/hadoop-ozone/integration-test/target/test-dir/MiniOzoneClusterImpl-aeec6eb3-b278-40e8-882d-ded1a49b8218/datanode-1/data/ratis/741faea4-2505-4149-9ea4-f0f8787fc39c
2019-08-02 04:04:42,687 INFO  server.RaftServerConfigKeys (ConfUtils.java:logGet(43)) - raft.server.log.appender.buffer.byte-limit = 33554432 (custom)
2019-08-02 04:04:42,687 INFO  server.RaftServerConfigKeys (ConfUtils.java:logGet(43)) - raft.server.log.queue.byte-limit = 2147483647 (custom)
2019-08-02 04:04:42,687 INFO  server.RaftServerConfigKeys (ConfUtils.java:logGet(43)) - raft.server.log.appender.buffer.byte-limit = 33554432 (custom)
2019-08-02 04:04:42,690 INFO  server.RaftServerConfigKeys (ConfUtils.java:logGet(43)) - raft.server.log.queue.element-limit = 1024 (custom)
2019-08-02 04:04:42,689 INFO  server.RaftServerConfigKeys (ConfUtils.java:logGet(43)) - raft.server.log.segment.size.max = 1048576 (custom)
2019-08-02 04:04:42,690 INFO  server.RaftServerConfigKeys (ConfUtils.java:logGet(43)) - raft.server.log.segment.size.max = 1048576 (custom)
2019-08-02 04:04:42,690 INFO  server.RaftServerConfigKeys (ConfUtils.java:logGet(43)) - raft.server.log.segment.size.max = 1048576 (custom)
2019-08-02 04:04:42,690 INFO  server.RaftServerConfigKeys (ConfUtils.java:logGet(43)) - raft.server.log.preallocated.size = 16384 (custom)
2019-08-02 04:04:42,690 INFO  server.RaftServerConfigKeys (ConfUtils.java:logGet(43)) - raft.server.log.segment.cache.num.max = 2 (custom)
2019-08-02 04:04:42,691 INFO  server.RaftServerConfigKeys (ConfUtils.java:logGet(43)) - raft.server.log.write.buffer.size = 33554432 (custom)
2019-08-02 04:04:42,691 INFO  server.RaftServerConfigKeys (ConfUtils.java:logGet(43)) - raft.server.log.segment.cache.num.max = 2 (custom)
2019-08-02 04:04:42,691 INFO  server.RaftServerConfigKeys (ConfUtils.java:logGet(43)) - raft.server.log.force.sync.num = 128 (default)
2019-08-02 04:04:42,691 INFO  segmented.SegmentedRaftLogWorker (SegmentedRaftLogWorker.java:<init>(172)) - new faf30cc2-09b5-45b5-a1b8-700f8cb23344-SegmentedRaftLogWorker:Storage Directory /workdir/hadoop-ozone/integration-test/target/test-dir/MiniOzoneClusterImpl-aeec6eb3-b278-40e8-882d-ded1a49b8218/datanode-3/data/ratis/741faea4-2505-4149-9ea4-f0f8787fc39c for RaftStorage:Storage Directory /workdir/hadoop-ozone/integration-test/target/test-dir/MiniOzoneClusterImpl-aeec6eb3-b278-40e8-882d-ded1a49b8218/datanode-3/data/ratis/741faea4-2505-4149-9ea4-f0f8787fc39c
2019-08-02 04:04:42,691 INFO  server.RaftServerConfigKeys (ConfUtils.java:logGet(43)) - raft.server.log.statemachine.data.sync = true (default)
2019-08-02 04:04:42,691 INFO  segmented.SegmentedRaftLogWorker (SegmentedRaftLogWorker.java:<init>(172)) - new e067c9fb-d080-4f42-b6b8-c2e0c1743bb2-SegmentedRaftLogWorker:Storage Directory /workdir/hadoop-ozone/integration-test/target/test-dir/MiniOzoneClusterImpl-aeec6eb3-b278-40e8-882d-ded1a49b8218/datanode-5/data/ratis/741faea4-2505-4149-9ea4-f0f8787fc39c for RaftStorage:Storage Directory /workdir/hadoop-ozone/integration-test/target/test-dir/MiniOzoneClusterImpl-aeec6eb3-b278-40e8-882d-ded1a49b8218/datanode-5/data/ratis/741faea4-2505-4149-9ea4-f0f8787fc39c
2019-08-02 04:04:42,692 INFO  server.RaftServerConfigKeys (ConfUtils.java:logGet(43)) - raft.server.log.statemachine.data.sync.timeout = 10s (default)
2019-08-02 04:04:42,691 INFO  server.RaftServerConfigKeys (ConfUtils.java:logGet(43)) - raft.server.log.queue.byte-limit = 2147483647 (custom)
2019-08-02 04:04:42,694 INFO  server.RaftServerConfigKeys (ConfUtils.java:logGet(43)) - raft.server.log.statemachine.data.sync.timeout.retry = -1 (default)
2019-08-02 04:04:42,694 INFO  server.RaftServerConfigKeys (ConfUtils.java:logGet(43)) - raft.server.log.queue.byte-limit = 2147483647 (custom)
2019-08-02 04:04:42,696 INFO  server.RaftServerConfigKeys (ConfUtils.java:logGet(43)) - raft.server.log.statemachine.data.caching.enabled = true (custom)
2019-08-02 04:04:42,696 INFO  server.RaftServerConfigKeys (ConfUtils.java:logGet(43)) - raft.server.log.queue.element-limit = 1024 (custom)
2019-08-02 04:04:42,696 INFO  server.RaftServerConfigKeys (ConfUtils.java:logGet(43)) - raft.server.log.queue.element-limit = 1024 (custom)
2019-08-02 04:04:42,697 INFO  server.RaftServerConfigKeys (ConfUtils.java:logGet(43)) - raft.server.log.segment.size.max = 1048576 (custom)
2019-08-02 04:04:42,697 INFO  segmented.SegmentedRaftLogWorker (SegmentedRaftLogWorker.java:lambda$new$0(132)) - 320d30ba-a9a6-45ed-a240-9f96a2f7937d-SegmentedRaftLogWorker:Storage Directory /workdir/hadoop-ozone/integration-test/target/test-dir/MiniOzoneClusterImpl-aeec6eb3-b278-40e8-882d-ded1a49b8218/datanode-1/data/ratis/741faea4-2505-4149-9ea4-f0f8787fc39c: flushIndex: setUnconditionally 0 -> -1
2019-08-02 04:04:42,697 INFO  server.RaftServerConfigKeys (ConfUtils.java:logGet(43)) - raft.server.log.preallocated.size = 16384 (custom)
2019-08-02 04:04:42,697 INFO  server.RaftServerConfigKeys (ConfUtils.java:logGet(43)) - raft.server.log.segment.size.max = 1048576 (custom)
2019-08-02 04:04:42,697 INFO  server.RaftServerConfigKeys (ConfUtils.java:logGet(43)) - raft.server.snapshot.auto.trigger.enabled = true (custom)
2019-08-02 04:04:42,697 INFO  server.RaftServerConfigKeys (ConfUtils.java:logGet(43)) - raft.server.log.write.buffer.size = 33554432 (custom)
2019-08-02 04:04:42,698 INFO  server.RaftServerConfigKeys (ConfUtils.java:logGet(43)) - raft.server.snapshot.auto.trigger.threshold = 10000 (custom)
2019-08-02 04:04:42,698 INFO  server.RaftServerConfigKeys (ConfUtils.java:logGet(43)) - raft.server.log.preallocated.size = 16384 (custom)
2019-08-02 04:04:42,698 INFO  server.RaftServerConfigKeys (ConfUtils.java:logGet(43)) - raft.server.retrycache.expirytime = 600000ms (custom)
2019-08-02 04:04:42,698 INFO  server.RaftServerConfigKeys (ConfUtils.java:logGet(43)) - raft.server.log.force.sync.num = 128 (default)
2019-08-02 04:04:42,698 INFO  impl.RaftServerImpl (RaftServerImpl.java:start(180)) - 320d30ba-a9a6-45ed-a240-9f96a2f7937d: start group-F0F8787FC39C
2019-08-02 04:04:42,699 INFO  impl.RaftServerImpl (RaftServerImpl.java:setRole(171)) - 320d30ba-a9a6-45ed-a240-9f96a2f7937d:group-F0F8787FC39C changes role from null to FOLLOWER at term 0 for startAsFollower
2019-08-02 04:04:42,698 INFO  server.RaftServerConfigKeys (ConfUtils.java:logGet(43)) - raft.server.log.write.buffer.size = 33554432 (custom)
2019-08-02 04:04:42,699 INFO  impl.RoleInfo (RoleInfo.java:updateAndGet(143)) - 320d30ba-a9a6-45ed-a240-9f96a2f7937d: start FollowerState
2019-08-02 04:04:42,698 INFO  server.RaftServerConfigKeys (ConfUtils.java:logGet(43)) - raft.server.log.statemachine.data.sync = true (default)
2019-08-02 04:04:42,699 INFO  server.RaftServerConfigKeys (ConfUtils.java:logGet(43)) - raft.server.log.force.sync.num = 128 (default)
2019-08-02 04:04:42,699 INFO  util.JmxRegister (JmxRegister.java:tryRegister(44)) - Successfully registered JMX Bean with object name Ratis:service=RaftServer,group=group-F0F8787FC39C,id=320d30ba-a9a6-45ed-a240-9f96a2f7937d
2019-08-02 04:04:42,699 INFO  server.RaftServerConfigKeys (ConfUtils.java:logGet(43)) - raft.server.log.statemachine.data.sync.timeout = 10s (default)
2019-08-02 04:04:42,699 INFO  server.RaftServerConfigKeys (ConfUtils.java:logGet(43)) - raft.server.log.statemachine.data.sync = true (default)
2019-08-02 04:04:42,700 INFO  server.RaftServerConfigKeys (ConfUtils.java:logGet(43)) - raft.server.log.statemachine.data.sync.timeout.retry = -1 (default)
2019-08-02 04:04:42,700 INFO  server.RaftServerConfigKeys (ConfUtils.java:logGet(43)) - raft.server.log.statemachine.data.sync.timeout = 10s (default)
2019-08-02 04:04:42,700 INFO  server.RaftServerConfigKeys (ConfUtils.java:logGet(43)) - raft.server.log.statemachine.data.caching.enabled = true (custom)
2019-08-02 04:04:42,700 INFO  server.RaftServerConfigKeys (ConfUtils.java:logGet(43)) - raft.server.log.statemachine.data.sync.timeout.retry = -1 (default)
2019-08-02 04:04:42,701 INFO  segmented.SegmentedRaftLogWorker (SegmentedRaftLogWorker.java:lambda$new$0(132)) - faf30cc2-09b5-45b5-a1b8-700f8cb23344-SegmentedRaftLogWorker:Storage Directory /workdir/hadoop-ozone/integration-test/target/test-dir/MiniOzoneClusterImpl-aeec6eb3-b278-40e8-882d-ded1a49b8218/datanode-3/data/ratis/741faea4-2505-4149-9ea4-f0f8787fc39c: flushIndex: setUnconditionally 0 -> -1
2019-08-02 04:04:42,701 INFO  server.RaftServerConfigKeys (ConfUtils.java:logGet(43)) - raft.server.log.statemachine.data.caching.enabled = true (custom)
2019-08-02 04:04:42,701 INFO  server.RaftServerConfigKeys (ConfUtils.java:logGet(43)) - raft.server.snapshot.auto.trigger.enabled = true (custom)
2019-08-02 04:04:42,701 INFO  segmented.SegmentedRaftLogWorker (SegmentedRaftLogWorker.java:lambda$new$0(132)) - e067c9fb-d080-4f42-b6b8-c2e0c1743bb2-SegmentedRaftLogWorker:Storage Directory /workdir/hadoop-ozone/integration-test/target/test-dir/MiniOzoneClusterImpl-aeec6eb3-b278-40e8-882d-ded1a49b8218/datanode-5/data/ratis/741faea4-2505-4149-9ea4-f0f8787fc39c: flushIndex: setUnconditionally 0 -> -1
2019-08-02 04:04:42,701 INFO  server.RaftServerConfigKeys (ConfUtils.java:logGet(43)) - raft.server.snapshot.auto.trigger.threshold = 10000 (custom)
2019-08-02 04:04:42,702 INFO  server.RaftServerConfigKeys (ConfUtils.java:logGet(43)) - raft.server.snapshot.auto.trigger.enabled = true (custom)
2019-08-02 04:04:42,702 INFO  server.RaftServerConfigKeys (ConfUtils.java:logGet(43)) - raft.server.retrycache.expirytime = 600000ms (custom)
2019-08-02 04:04:42,702 INFO  server.RaftServerConfigKeys (ConfUtils.java:logGet(43)) - raft.server.snapshot.auto.trigger.threshold = 10000 (custom)
2019-08-02 04:04:42,702 INFO  impl.RaftServerImpl (RaftServerImpl.java:start(180)) - faf30cc2-09b5-45b5-a1b8-700f8cb23344: start group-F0F8787FC39C
2019-08-02 04:04:42,704 INFO  server.RaftServerConfigKeys (ConfUtils.java:logGet(43)) - raft.server.retrycache.expirytime = 600000ms (custom)
2019-08-02 04:04:42,704 INFO  impl.RaftServerImpl (RaftServerImpl.java:setRole(171)) - faf30cc2-09b5-45b5-a1b8-700f8cb23344:group-F0F8787FC39C changes role from null to FOLLOWER at term 0 for startAsFollower
2019-08-02 04:04:42,705 INFO  impl.RaftServerImpl (RaftServerImpl.java:start(180)) - e067c9fb-d080-4f42-b6b8-c2e0c1743bb2: start group-F0F8787FC39C
2019-08-02 04:04:42,707 INFO  impl.RoleInfo (RoleInfo.java:updateAndGet(143)) - faf30cc2-09b5-45b5-a1b8-700f8cb23344: start FollowerState
2019-08-02 04:04:42,707 INFO  impl.RaftServerImpl (RaftServerImpl.java:setRole(171)) - e067c9fb-d080-4f42-b6b8-c2e0c1743bb2:group-F0F8787FC39C changes role from null to FOLLOWER at term 0 for startAsFollower
2019-08-02 04:04:42,707 INFO  impl.RoleInfo (RoleInfo.java:updateAndGet(143)) - e067c9fb-d080-4f42-b6b8-c2e0c1743bb2: start FollowerState
2019-08-02 04:04:42,707 INFO  util.JmxRegister (JmxRegister.java:tryRegister(44)) - Successfully registered JMX Bean with object name Ratis:service=RaftServer,group=group-F0F8787FC39C,id=faf30cc2-09b5-45b5-a1b8-700f8cb23344
2019-08-02 04:04:42,710 INFO  util.JmxRegister (JmxRegister.java:tryRegister(44)) - Successfully registered JMX Bean with object name Ratis:service=RaftServer,group=group-F0F8787FC39C,id=e067c9fb-d080-4f42-b6b8-c2e0c1743bb2
2019-08-02 04:04:42,742 INFO  pipeline.PipelineStateManager (PipelineStateManager.java:addPipeline(56)) - Created pipeline Pipeline[ Id: 741faea4-2505-4149-9ea4-f0f8787fc39c, Nodes: 320d30ba-a9a6-45ed-a240-9f96a2f7937d{ip: 192.168.157.195, host: byscane-nightly-xzrzg-2697134946, networkLocation: /default-rack, certSerialId: null}faf30cc2-09b5-45b5-a1b8-700f8cb23344{ip: 192.168.157.195, host: byscane-nightly-xzrzg-2697134946, networkLocation: /default-rack, certSerialId: null}e067c9fb-d080-4f42-b6b8-c2e0c1743bb2{ip: 192.168.157.195, host: byscane-nightly-xzrzg-2697134946, networkLocation: /default-rack, certSerialId: null}, Type:RATIS, Factor:THREE, State:OPEN]
2019-08-02 04:04:42,749 INFO  rpc.RpcClient (RpcClient.java:createVolume(288)) - Creating Volume: testblockoutputstream, with jenkins1000 as owner.
2019-08-02 04:04:42,785 INFO  impl.RaftServerProxy (RaftServerProxy.java:addNew(89)) - 24bc3d7e-0c9c-4a07-9432-ba9705483e95: addNew group-A554F16BB3E7:[8671fb5a-4fbf-4e50-b0d6-03783498dd0e:192.168.157.195:45928, 11e07cc4-2815-49a6-9644-343718e24947:192.168.157.195:36751, 24bc3d7e-0c9c-4a07-9432-ba9705483e95:192.168.157.195:43938] returns group-A554F16BB3E7:java.util.concurrent.CompletableFuture@25de296e[Not completed]
2019-08-02 04:04:42,787 INFO  impl.RaftServerProxy (RaftServerProxy.java:addNew(89)) - 11e07cc4-2815-49a6-9644-343718e24947: addNew group-A554F16BB3E7:[8671fb5a-4fbf-4e50-b0d6-03783498dd0e:192.168.157.195:45928, 11e07cc4-2815-49a6-9644-343718e24947:192.168.157.195:36751, 24bc3d7e-0c9c-4a07-9432-ba9705483e95:192.168.157.195:43938] returns group-A554F16BB3E7:java.util.concurrent.CompletableFuture@21fbc42b[Not completed]
2019-08-02 04:04:42,788 INFO  impl.RaftServerProxy (RaftServerProxy.java:addNew(89)) - 8671fb5a-4fbf-4e50-b0d6-03783498dd0e: addNew group-A554F16BB3E7:[8671fb5a-4fbf-4e50-b0d6-03783498dd0e:192.168.157.195:45928, 11e07cc4-2815-49a6-9644-343718e24947:192.168.157.195:36751, 24bc3d7e-0c9c-4a07-9432-ba9705483e95:192.168.157.195:43938] returns group-A554F16BB3E7:java.util.concurrent.CompletableFuture@5d24ff69[Not completed]
2019-08-02 04:04:42,790 INFO  impl.RaftServerImpl (RaftServerImpl.java:<init>(93)) - 24bc3d7e-0c9c-4a07-9432-ba9705483e95: new RaftServerImpl for group-A554F16BB3E7:[8671fb5a-4fbf-4e50-b0d6-03783498dd0e:192.168.157.195:45928, 11e07cc4-2815-49a6-9644-343718e24947:192.168.157.195:36751, 24bc3d7e-0c9c-4a07-9432-ba9705483e95:192.168.157.195:43938] with ContainerStateMachine:uninitialized
2019-08-02 04:04:42,790 INFO  server.RaftServerConfigKeys (ConfUtils.java:logGet(43)) - raft.server.rpc.timeout.min = 5s (custom)
2019-08-02 04:04:42,791 INFO  server.RaftServerConfigKeys (ConfUtils.java:logGet(43)) - raft.server.rpc.timeout.max = 5200ms (custom)
2019-08-02 04:04:42,791 INFO  server.RaftServerConfigKeys (ConfUtils.java:logGet(43)) - raft.server.rpcslowness.timeout = 120s (custom)
2019-08-02 04:04:42,791 INFO  server.RaftServerConfigKeys (ConfUtils.java:logGet(43)) - raft.server.sleep.deviation.threshold = 300 (default)
2019-08-02 04:04:42,791 INFO  server.RaftServerConfigKeys (ConfUtils.java:logGet(43)) - raft.server.log.appender.install.snapshot.enabled = false (custom)
2019-08-02 04:04:42,791 INFO  impl.RaftServerImpl (RaftServerImpl.java:<init>(93)) - 8671fb5a-4fbf-4e50-b0d6-03783498dd0e: new RaftServerImpl for group-A554F16BB3E7:[8671fb5a-4fbf-4e50-b0d6-03783498dd0e:192.168.157.195:45928, 11e07cc4-2815-49a6-9644-343718e24947:192.168.157.195:36751, 24bc3d7e-0c9c-4a07-9432-ba9705483e95:192.168.157.195:43938] with ContainerStateMachine:uninitialized
2019-08-02 04:04:42,791 INFO  impl.RaftServerImpl (ServerState.java:<init>(105)) - 24bc3d7e-0c9c-4a07-9432-ba9705483e95:group-A554F16BB3E7 ConfigurationManager, init=-1: [8671fb5a-4fbf-4e50-b0d6-03783498dd0e:192.168.157.195:45928, 11e07cc4-2815-49a6-9644-343718e24947:192.168.157.195:36751, 24bc3d7e-0c9c-4a07-9432-ba9705483e95:192.168.157.195:43938], old=null, confs=<EMPTY_MAP>
2019-08-02 04:04:42,792 INFO  server.RaftServerConfigKeys (ConfUtils.java:logGet(43)) - raft.server.rpc.timeout.min = 5s (custom)
2019-08-02 04:04:42,792 INFO  server.RaftServerConfigKeys (ConfUtils.java:logGet(43)) - raft.server.storage.dir = [/workdir/hadoop-ozone/integration-test/target/test-dir/MiniOzoneClusterImpl-aeec6eb3-b278-40e8-882d-ded1a49b8218/datanode-4/data/ratis] (custom)
2019-08-02 04:04:42,792 INFO  server.RaftServerConfigKeys (ConfUtils.java:logGet(43)) - raft.server.rpc.timeout.max = 5200ms (custom)
2019-08-02 04:04:42,792 INFO  impl.RaftServerImpl (RaftServerImpl.java:<init>(93)) - 11e07cc4-2815-49a6-9644-343718e24947: new RaftServerImpl for group-A554F16BB3E7:[8671fb5a-4fbf-4e50-b0d6-03783498dd0e:192.168.157.195:45928, 11e07cc4-2815-49a6-9644-343718e24947:192.168.157.195:36751, 24bc3d7e-0c9c-4a07-9432-ba9705483e95:192.168.157.195:43938] with ContainerStateMachine:uninitialized
2019-08-02 04:04:42,792 INFO  storage.RaftStorageDirectory (RaftStorageDirectory.java:analyzeStorage(246)) - The storage directory /workdir/hadoop-ozone/integration-test/target/test-dir/MiniOzoneClusterImpl-aeec6eb3-b278-40e8-882d-ded1a49b8218/datanode-4/data/ratis/48b73e62-ef5f-4ef2-bc50-a554f16bb3e7 does not exist. Creating ...
2019-08-02 04:04:42,792 INFO  server.RaftServerConfigKeys (ConfUtils.java:logGet(43)) - raft.server.rpcslowness.timeout = 120s (custom)
2019-08-02 04:04:42,793 INFO  server.RaftServerConfigKeys (ConfUtils.java:logGet(43)) - raft.server.rpc.timeout.min = 5s (custom)
2019-08-02 04:04:42,793 INFO  server.RaftServerConfigKeys (ConfUtils.java:logGet(43)) - raft.server.sleep.deviation.threshold = 300 (default)
2019-08-02 04:04:42,793 INFO  server.RaftServerConfigKeys (ConfUtils.java:logGet(43)) - raft.server.rpc.timeout.max = 5200ms (custom)
2019-08-02 04:04:42,793 INFO  server.RaftServerConfigKeys (ConfUtils.java:logGet(43)) - raft.server.log.appender.install.snapshot.enabled = false (custom)
2019-08-02 04:04:42,793 INFO  server.RaftServerConfigKeys (ConfUtils.java:logGet(43)) - raft.server.rpcslowness.timeout = 120s (custom)
2019-08-02 04:04:42,794 INFO  impl.RaftServerImpl (ServerState.java:<init>(105)) - 8671fb5a-4fbf-4e50-b0d6-03783498dd0e:group-A554F16BB3E7 ConfigurationManager, init=-1: [8671fb5a-4fbf-4e50-b0d6-03783498dd0e:192.168.157.195:45928, 11e07cc4-2815-49a6-9644-343718e24947:192.168.157.195:36751, 24bc3d7e-0c9c-4a07-9432-ba9705483e95:192.168.157.195:43938], old=null, confs=<EMPTY_MAP>
2019-08-02 04:04:42,794 INFO  server.RaftServerConfigKeys (ConfUtils.java:logGet(43)) - raft.server.sleep.deviation.threshold = 300 (default)
2019-08-02 04:04:42,794 INFO  server.RaftServerConfigKeys (ConfUtils.java:logGet(43)) - raft.server.log.appender.install.snapshot.enabled = false (custom)
2019-08-02 04:04:42,794 INFO  server.RaftServerConfigKeys (ConfUtils.java:logGet(43)) - raft.server.storage.dir = [/workdir/hadoop-ozone/integration-test/target/test-dir/MiniOzoneClusterImpl-aeec6eb3-b278-40e8-882d-ded1a49b8218/datanode-0/data/ratis] (custom)
2019-08-02 04:04:42,794 INFO  impl.RaftServerImpl (ServerState.java:<init>(105)) - 11e07cc4-2815-49a6-9644-343718e24947:group-A554F16BB3E7 ConfigurationManager, init=-1: [8671fb5a-4fbf-4e50-b0d6-03783498dd0e:192.168.157.195:45928, 11e07cc4-2815-49a6-9644-343718e24947:192.168.157.195:36751, 24bc3d7e-0c9c-4a07-9432-ba9705483e95:192.168.157.195:43938], old=null, confs=<EMPTY_MAP>
2019-08-02 04:04:42,795 INFO  server.RaftServerConfigKeys (ConfUtils.java:logGet(43)) - raft.server.storage.dir = [/workdir/hadoop-ozone/integration-test/target/test-dir/MiniOzoneClusterImpl-aeec6eb3-b278-40e8-882d-ded1a49b8218/datanode-2/data/ratis] (custom)
2019-08-02 04:04:42,795 INFO  storage.RaftStorageDirectory (RaftStorageDirectory.java:analyzeStorage(246)) - The storage directory /workdir/hadoop-ozone/integration-test/target/test-dir/MiniOzoneClusterImpl-aeec6eb3-b278-40e8-882d-ded1a49b8218/datanode-0/data/ratis/48b73e62-ef5f-4ef2-bc50-a554f16bb3e7 does not exist. Creating ...
2019-08-02 04:04:42,795 INFO  storage.RaftStorageDirectory (RaftStorageDirectory.java:analyzeStorage(246)) - The storage directory /workdir/hadoop-ozone/integration-test/target/test-dir/MiniOzoneClusterImpl-aeec6eb3-b278-40e8-882d-ded1a49b8218/datanode-2/data/ratis/48b73e62-ef5f-4ef2-bc50-a554f16bb3e7 does not exist. Creating ...
2019-08-02 04:04:42,806 INFO  storage.RaftStorageDirectory (RaftStorageDirectory.java:tryLock(328)) - Lock on /workdir/hadoop-ozone/integration-test/target/test-dir/MiniOzoneClusterImpl-aeec6eb3-b278-40e8-882d-ded1a49b8218/datanode-4/data/ratis/48b73e62-ef5f-4ef2-bc50-a554f16bb3e7/in_use.lock acquired by nodename 31130@byscane-nightly-xzrzg-2697134946
2019-08-02 04:04:42,807 INFO  storage.RaftStorageDirectory (RaftStorageDirectory.java:tryLock(328)) - Lock on /workdir/hadoop-ozone/integration-test/target/test-dir/MiniOzoneClusterImpl-aeec6eb3-b278-40e8-882d-ded1a49b8218/datanode-0/data/ratis/48b73e62-ef5f-4ef2-bc50-a554f16bb3e7/in_use.lock acquired by nodename 31130@byscane-nightly-xzrzg-2697134946
2019-08-02 04:04:42,806 INFO  storage.RaftStorageDirectory (RaftStorageDirectory.java:tryLock(328)) - Lock on /workdir/hadoop-ozone/integration-test/target/test-dir/MiniOzoneClusterImpl-aeec6eb3-b278-40e8-882d-ded1a49b8218/datanode-2/data/ratis/48b73e62-ef5f-4ef2-bc50-a554f16bb3e7/in_use.lock acquired by nodename 31130@byscane-nightly-xzrzg-2697134946
2019-08-02 04:04:42,821 INFO  storage.RaftStorage (RaftStorage.java:format(72)) - Storage directory /workdir/hadoop-ozone/integration-test/target/test-dir/MiniOzoneClusterImpl-aeec6eb3-b278-40e8-882d-ded1a49b8218/datanode-4/data/ratis/48b73e62-ef5f-4ef2-bc50-a554f16bb3e7 has been successfully formatted.
2019-08-02 04:04:42,821 INFO  storage.RaftStorage (RaftStorage.java:format(72)) - Storage directory /workdir/hadoop-ozone/integration-test/target/test-dir/MiniOzoneClusterImpl-aeec6eb3-b278-40e8-882d-ded1a49b8218/datanode-0/data/ratis/48b73e62-ef5f-4ef2-bc50-a554f16bb3e7 has been successfully formatted.
2019-08-02 04:04:42,821 INFO  storage.RaftStorage (RaftStorage.java:format(72)) - Storage directory /workdir/hadoop-ozone/integration-test/target/test-dir/MiniOzoneClusterImpl-aeec6eb3-b278-40e8-882d-ded1a49b8218/datanode-2/data/ratis/48b73e62-ef5f-4ef2-bc50-a554f16bb3e7 has been successfully formatted.
2019-08-02 04:04:42,821 INFO  ratis.ContainerStateMachine (ContainerStateMachine.java:loadSnapshot(213)) - group-A554F16BB3E7: The snapshot info is null. Setting the last applied indexto:(t:0, i:~)
2019-08-02 04:04:42,821 INFO  ratis.ContainerStateMachine (ContainerStateMachine.java:loadSnapshot(213)) - group-A554F16BB3E7: The snapshot info is null. Setting the last applied indexto:(t:0, i:~)
2019-08-02 04:04:42,821 INFO  server.RaftServerConfigKeys (ConfUtils.java:logGet(43)) - raft.server.leader.election.timeout = 120s (custom)
2019-08-02 04:04:42,821 INFO  ratis.ContainerStateMachine (ContainerStateMachine.java:loadSnapshot(213)) - group-A554F16BB3E7: The snapshot info is null. Setting the last applied indexto:(t:0, i:~)
2019-08-02 04:04:42,822 INFO  server.RaftServerConfigKeys (ConfUtils.java:logGet(43)) - raft.server.log.use.memory = false (default)
2019-08-02 04:04:42,822 INFO  server.RaftServerConfigKeys (ConfUtils.java:logGet(43)) - raft.server.leader.election.timeout = 120s (custom)
2019-08-02 04:04:42,822 INFO  server.RaftServerConfigKeys (ConfUtils.java:logGet(43)) - raft.server.log.purge.gap = 1000000000 (custom)
2019-08-02 04:04:42,822 INFO  server.RaftServerConfigKeys (ConfUtils.java:logGet(43)) - raft.server.leader.election.timeout = 120s (custom)
2019-08-02 04:04:42,822 INFO  server.RaftServerConfigKeys (ConfUtils.java:logGet(43)) - raft.server.log.appender.buffer.byte-limit = 33554432 (custom)
2019-08-02 04:04:42,822 INFO  server.RaftServerConfigKeys (ConfUtils.java:logGet(43)) - raft.server.log.use.memory = false (default)
2019-08-02 04:04:42,823 INFO  server.RaftServerConfigKeys (ConfUtils.java:logGet(43)) - raft.server.log.segment.size.max = 1048576 (custom)
2019-08-02 04:04:42,822 INFO  server.RaftServerConfigKeys (ConfUtils.java:logGet(43)) - raft.server.log.use.memory = false (default)
2019-08-02 04:04:42,823 INFO  server.RaftServerConfigKeys (ConfUtils.java:logGet(43)) - raft.server.log.segment.cache.num.max = 2 (custom)
2019-08-02 04:04:42,823 INFO  server.RaftServerConfigKeys (ConfUtils.java:logGet(43)) - raft.server.log.purge.gap = 1000000000 (custom)
2019-08-02 04:04:42,823 INFO  segmented.SegmentedRaftLogWorker (SegmentedRaftLogWorker.java:<init>(172)) - new 24bc3d7e-0c9c-4a07-9432-ba9705483e95-SegmentedRaftLogWorker:Storage Directory /workdir/hadoop-ozone/integration-test/target/test-dir/MiniOzoneClusterImpl-aeec6eb3-b278-40e8-882d-ded1a49b8218/datanode-4/data/ratis/48b73e62-ef5f-4ef2-bc50-a554f16bb3e7 for RaftStorage:Storage Directory /workdir/hadoop-ozone/integration-test/target/test-dir/MiniOzoneClusterImpl-aeec6eb3-b278-40e8-882d-ded1a49b8218/datanode-4/data/ratis/48b73e62-ef5f-4ef2-bc50-a554f16bb3e7
2019-08-02 04:04:42,823 INFO  server.RaftServerConfigKeys (ConfUtils.java:logGet(43)) - raft.server.log.purge.gap = 1000000000 (custom)
2019-08-02 04:04:42,824 INFO  server.RaftServerConfigKeys (ConfUtils.java:logGet(43)) - raft.server.log.queue.byte-limit = 2147483647 (custom)
2019-08-02 04:04:42,823 INFO  server.RaftServerConfigKeys (ConfUtils.java:logGet(43)) - raft.server.log.appender.buffer.byte-limit = 33554432 (custom)
2019-08-02 04:04:42,825 INFO  server.RaftServerConfigKeys (ConfUtils.java:logGet(43)) - raft.server.log.queue.element-limit = 1024 (custom)
2019-08-02 04:04:42,824 INFO  server.RaftServerConfigKeys (ConfUtils.java:logGet(43)) - raft.server.log.appender.buffer.byte-limit = 33554432 (custom)
2019-08-02 04:04:42,826 INFO  server.RaftServerConfigKeys (ConfUtils.java:logGet(43)) - raft.server.log.segment.size.max = 1048576 (custom)
2019-08-02 04:04:42,826 INFO  server.RaftServerConfigKeys (ConfUtils.java:logGet(43)) - raft.server.log.segment.size.max = 1048576 (custom)
2019-08-02 04:04:42,826 INFO  server.RaftServerConfigKeys (ConfUtils.java:logGet(43)) - raft.server.log.preallocated.size = 16384 (custom)
2019-08-02 04:04:42,826 INFO  server.RaftServerConfigKeys (ConfUtils.java:logGet(43)) - raft.server.log.segment.size.max = 1048576 (custom)
2019-08-02 04:04:42,826 INFO  rpc.RpcClient (RpcClient.java:createBucket(425)) - Creating Bucket: testblockoutputstream/testblockoutputstream, with Versioning false and Storage Type set to DISK and Encryption set to false 
2019-08-02 04:04:42,827 INFO  server.RaftServerConfigKeys (ConfUtils.java:logGet(43)) - raft.server.log.segment.cache.num.max = 2 (custom)
2019-08-02 04:04:42,827 INFO  server.RaftServerConfigKeys (ConfUtils.java:logGet(43)) - raft.server.log.write.buffer.size = 33554432 (custom)
2019-08-02 04:04:42,827 INFO  server.RaftServerConfigKeys (ConfUtils.java:logGet(43)) - raft.server.log.force.sync.num = 128 (default)
2019-08-02 04:04:42,826 INFO  server.RaftServerConfigKeys (ConfUtils.java:logGet(43)) - raft.server.log.segment.cache.num.max = 2 (custom)
2019-08-02 04:04:42,827 INFO  server.RaftServerConfigKeys (ConfUtils.java:logGet(43)) - raft.server.log.statemachine.data.sync = true (default)
2019-08-02 04:04:42,827 INFO  segmented.SegmentedRaftLogWorker (SegmentedRaftLogWorker.java:<init>(172)) - new 11e07cc4-2815-49a6-9644-343718e24947-SegmentedRaftLogWorker:Storage Directory /workdir/hadoop-ozone/integration-test/target/test-dir/MiniOzoneClusterImpl-aeec6eb3-b278-40e8-882d-ded1a49b8218/datanode-2/data/ratis/48b73e62-ef5f-4ef2-bc50-a554f16bb3e7 for RaftStorage:Storage Directory /workdir/hadoop-ozone/integration-test/target/test-dir/MiniOzoneClusterImpl-aeec6eb3-b278-40e8-882d-ded1a49b8218/datanode-2/data/ratis/48b73e62-ef5f-4ef2-bc50-a554f16bb3e7
2019-08-02 04:04:42,828 INFO  server.RaftServerConfigKeys (ConfUtils.java:logGet(43)) - raft.server.log.statemachine.data.sync.timeout = 10s (default)
2019-08-02 04:04:42,828 INFO  segmented.SegmentedRaftLogWorker (SegmentedRaftLogWorker.java:<init>(172)) - new 8671fb5a-4fbf-4e50-b0d6-03783498dd0e-SegmentedRaftLogWorker:Storage Directory /workdir/hadoop-ozone/integration-test/target/test-dir/MiniOzoneClusterImpl-aeec6eb3-b278-40e8-882d-ded1a49b8218/datanode-0/data/ratis/48b73e62-ef5f-4ef2-bc50-a554f16bb3e7 for RaftStorage:Storage Directory /workdir/hadoop-ozone/integration-test/target/test-dir/MiniOzoneClusterImpl-aeec6eb3-b278-40e8-882d-ded1a49b8218/datanode-0/data/ratis/48b73e62-ef5f-4ef2-bc50-a554f16bb3e7
2019-08-02 04:04:42,828 INFO  server.RaftServerConfigKeys (ConfUtils.java:logGet(43)) - raft.server.log.statemachine.data.sync.timeout.retry = -1 (default)
2019-08-02 04:04:42,828 INFO  server.RaftServerConfigKeys (ConfUtils.java:logGet(43)) - raft.server.log.queue.byte-limit = 2147483647 (custom)
2019-08-02 04:04:42,832 INFO  server.RaftServerConfigKeys (ConfUtils.java:logGet(43)) - raft.server.log.statemachine.data.caching.enabled = true (custom)
2019-08-02 04:04:42,831 INFO  server.RaftServerConfigKeys (ConfUtils.java:logGet(43)) - raft.server.log.queue.byte-limit = 2147483647 (custom)
2019-08-02 04:04:42,833 INFO  server.RaftServerConfigKeys (ConfUtils.java:logGet(43)) - raft.server.log.queue.element-limit = 1024 (custom)
2019-08-02 04:04:42,833 INFO  segmented.SegmentedRaftLogWorker (SegmentedRaftLogWorker.java:lambda$new$0(132)) - 24bc3d7e-0c9c-4a07-9432-ba9705483e95-SegmentedRaftLogWorker:Storage Directory /workdir/hadoop-ozone/integration-test/target/test-dir/MiniOzoneClusterImpl-aeec6eb3-b278-40e8-882d-ded1a49b8218/datanode-4/data/ratis/48b73e62-ef5f-4ef2-bc50-a554f16bb3e7: flushIndex: setUnconditionally 0 -> -1
2019-08-02 04:04:42,833 INFO  server.RaftServerConfigKeys (ConfUtils.java:logGet(43)) - raft.server.log.queue.element-limit = 1024 (custom)
2019-08-02 04:04:42,833 INFO  server.RaftServerConfigKeys (ConfUtils.java:logGet(43)) - raft.server.log.segment.size.max = 1048576 (custom)
2019-08-02 04:04:42,834 INFO  server.RaftServerConfigKeys (ConfUtils.java:logGet(43)) - raft.server.snapshot.auto.trigger.enabled = true (custom)
2019-08-02 04:04:42,834 INFO  server.RaftServerConfigKeys (ConfUtils.java:logGet(43)) - raft.server.log.segment.size.max = 1048576 (custom)
2019-08-02 04:04:42,834 INFO  server.RaftServerConfigKeys (ConfUtils.java:logGet(43)) - raft.server.snapshot.auto.trigger.threshold = 10000 (custom)
2019-08-02 04:04:42,834 INFO  server.RaftServerConfigKeys (ConfUtils.java:logGet(43)) - raft.server.log.preallocated.size = 16384 (custom)
2019-08-02 04:04:42,834 INFO  server.RaftServerConfigKeys (ConfUtils.java:logGet(43)) - raft.server.retrycache.expirytime = 600000ms (custom)
2019-08-02 04:04:42,834 INFO  server.RaftServerConfigKeys (ConfUtils.java:logGet(43)) - raft.server.log.preallocated.size = 16384 (custom)
2019-08-02 04:04:42,835 INFO  impl.RaftServerImpl (RaftServerImpl.java:start(180)) - 24bc3d7e-0c9c-4a07-9432-ba9705483e95: start group-A554F16BB3E7
2019-08-02 04:04:42,835 INFO  impl.RaftServerImpl (RaftServerImpl.java:setRole(171)) - 24bc3d7e-0c9c-4a07-9432-ba9705483e95:group-A554F16BB3E7 changes role from null to FOLLOWER at term 0 for startAsFollower
2019-08-02 04:04:42,834 INFO  server.RaftServerConfigKeys (ConfUtils.java:logGet(43)) - raft.server.log.write.buffer.size = 33554432 (custom)
2019-08-02 04:04:42,835 INFO  impl.RoleInfo (RoleInfo.java:updateAndGet(143)) - 24bc3d7e-0c9c-4a07-9432-ba9705483e95: start FollowerState
2019-08-02 04:04:42,835 INFO  server.RaftServerConfigKeys (ConfUtils.java:logGet(43)) - raft.server.log.write.buffer.size = 33554432 (custom)
2019-08-02 04:04:42,835 INFO  server.RaftServerConfigKeys (ConfUtils.java:logGet(43)) - raft.server.log.force.sync.num = 128 (default)
2019-08-02 04:04:42,835 INFO  util.JmxRegister (JmxRegister.java:tryRegister(44)) - Successfully registered JMX Bean with object name Ratis:service=RaftServer,group=group-A554F16BB3E7,id=24bc3d7e-0c9c-4a07-9432-ba9705483e95
2019-08-02 04:04:42,835 INFO  server.RaftServerConfigKeys (ConfUtils.java:logGet(43)) - raft.server.log.force.sync.num = 128 (default)
2019-08-02 04:04:42,836 INFO  server.RaftServerConfigKeys (ConfUtils.java:logGet(43)) - raft.server.log.statemachine.data.sync = true (default)
2019-08-02 04:04:42,836 INFO  server.RaftServerConfigKeys (ConfUtils.java:logGet(43)) - raft.server.log.statemachine.data.sync = true (default)
2019-08-02 04:04:42,836 INFO  server.RaftServerConfigKeys (ConfUtils.java:logGet(43)) - raft.server.log.statemachine.data.sync.timeout = 10s (default)
2019-08-02 04:04:42,836 INFO  server.RaftServerConfigKeys (ConfUtils.java:logGet(43)) - raft.server.log.statemachine.data.sync.timeout = 10s (default)
2019-08-02 04:04:42,836 INFO  server.RaftServerConfigKeys (ConfUtils.java:logGet(43)) - raft.server.log.statemachine.data.sync.timeout.retry = -1 (default)
2019-08-02 04:04:42,837 INFO  server.RaftServerConfigKeys (ConfUtils.java:logGet(43)) - raft.server.log.statemachine.data.sync.timeout.retry = -1 (default)
2019-08-02 04:04:42,837 INFO  server.RaftServerConfigKeys (ConfUtils.java:logGet(43)) - raft.server.log.statemachine.data.caching.enabled = true (custom)
2019-08-02 04:04:42,837 INFO  server.RaftServerConfigKeys (ConfUtils.java:logGet(43)) - raft.server.log.statemachine.data.caching.enabled = true (custom)
2019-08-02 04:04:42,837 INFO  segmented.SegmentedRaftLogWorker (SegmentedRaftLogWorker.java:lambda$new$0(132)) - 11e07cc4-2815-49a6-9644-343718e24947-SegmentedRaftLogWorker:Storage Directory /workdir/hadoop-ozone/integration-test/target/test-dir/MiniOzoneClusterImpl-aeec6eb3-b278-40e8-882d-ded1a49b8218/datanode-2/data/ratis/48b73e62-ef5f-4ef2-bc50-a554f16bb3e7: flushIndex: setUnconditionally 0 -> -1
2019-08-02 04:04:42,837 INFO  segmented.SegmentedRaftLogWorker (SegmentedRaftLogWorker.java:lambda$new$0(132)) - 8671fb5a-4fbf-4e50-b0d6-03783498dd0e-SegmentedRaftLogWorker:Storage Directory /workdir/hadoop-ozone/integration-test/target/test-dir/MiniOzoneClusterImpl-aeec6eb3-b278-40e8-882d-ded1a49b8218/datanode-0/data/ratis/48b73e62-ef5f-4ef2-bc50-a554f16bb3e7: flushIndex: setUnconditionally 0 -> -1
2019-08-02 04:04:42,837 INFO  server.RaftServerConfigKeys (ConfUtils.java:logGet(43)) - raft.server.snapshot.auto.trigger.enabled = true (custom)
2019-08-02 04:04:42,838 INFO  server.RaftServerConfigKeys (ConfUtils.java:logGet(43)) - raft.server.snapshot.auto.trigger.threshold = 10000 (custom)
2019-08-02 04:04:42,838 INFO  server.RaftServerConfigKeys (ConfUtils.java:logGet(43)) - raft.server.snapshot.auto.trigger.enabled = true (custom)
2019-08-02 04:04:42,838 INFO  server.RaftServerConfigKeys (ConfUtils.java:logGet(43)) - raft.server.retrycache.expirytime = 600000ms (custom)
2019-08-02 04:04:42,838 INFO  server.RaftServerConfigKeys (ConfUtils.java:logGet(43)) - raft.server.snapshot.auto.trigger.threshold = 10000 (custom)
2019-08-02 04:04:42,838 INFO  impl.RaftServerImpl (RaftServerImpl.java:start(180)) - 11e07cc4-2815-49a6-9644-343718e24947: start group-A554F16BB3E7
2019-08-02 04:04:42,838 INFO  impl.RaftServerImpl (RaftServerImpl.java:setRole(171)) - 11e07cc4-2815-49a6-9644-343718e24947:group-A554F16BB3E7 changes role from null to FOLLOWER at term 0 for startAsFollower
2019-08-02 04:04:42,838 INFO  server.RaftServerConfigKeys (ConfUtils.java:logGet(43)) - raft.server.retrycache.expirytime = 600000ms (custom)
2019-08-02 04:04:42,838 INFO  impl.RoleInfo (RoleInfo.java:updateAndGet(143)) - 11e07cc4-2815-49a6-9644-343718e24947: start FollowerState
2019-08-02 04:04:42,840 INFO  impl.RaftServerImpl (RaftServerImpl.java:start(180)) - 8671fb5a-4fbf-4e50-b0d6-03783498dd0e: start group-A554F16BB3E7
2019-08-02 04:04:42,848 INFO  impl.RaftServerImpl (RaftServerImpl.java:setRole(171)) - 8671fb5a-4fbf-4e50-b0d6-03783498dd0e:group-A554F16BB3E7 changes role from null to FOLLOWER at term 0 for startAsFollower
2019-08-02 04:04:42,853 INFO  util.JmxRegister (JmxRegister.java:tryRegister(44)) - Successfully registered JMX Bean with object name Ratis:service=RaftServer,group=group-A554F16BB3E7,id=11e07cc4-2815-49a6-9644-343718e24947
2019-08-02 04:04:42,853 INFO  impl.RoleInfo (RoleInfo.java:updateAndGet(143)) - 8671fb5a-4fbf-4e50-b0d6-03783498dd0e: start FollowerState
2019-08-02 04:04:42,856 INFO  util.JmxRegister (JmxRegister.java:tryRegister(44)) - Successfully registered JMX Bean with object name Ratis:service=RaftServer,group=group-A554F16BB3E7,id=8671fb5a-4fbf-4e50-b0d6-03783498dd0e
2019-08-02 04:04:42,874 INFO  pipeline.PipelineStateManager (PipelineStateManager.java:addPipeline(56)) - Created pipeline Pipeline[ Id: 48b73e62-ef5f-4ef2-bc50-a554f16bb3e7, Nodes: 11e07cc4-2815-49a6-9644-343718e24947{ip: 192.168.157.195, host: byscane-nightly-xzrzg-2697134946, networkLocation: /default-rack, certSerialId: null}24bc3d7e-0c9c-4a07-9432-ba9705483e95{ip: 192.168.157.195, host: byscane-nightly-xzrzg-2697134946, networkLocation: /default-rack, certSerialId: null}8671fb5a-4fbf-4e50-b0d6-03783498dd0e{ip: 192.168.157.195, host: byscane-nightly-xzrzg-2697134946, networkLocation: /default-rack, certSerialId: null}, Type:RATIS, Factor:THREE, State:OPEN]
2019-08-02 04:04:42,881 INFO  impl.MetricsSystemImpl (MetricsSystemImpl.java:init(158)) - XceiverClientMetrics metrics system started (again)
2019-08-02 04:04:43,140 INFO  client.GrpcClientProtocolClient (GrpcClientProtocolClient.java:onNext(255)) - client-E29A480F3F1D->320d30ba-a9a6-45ed-a240-9f96a2f7937d: receive RaftClientReply:client-E29A480F3F1D->320d30ba-a9a6-45ed-a240-9f96a2f7937d@group-F0F8787FC39C, cid=13, FAILED org.apache.ratis.protocol.NotLeaderException: Server 320d30ba-a9a6-45ed-a240-9f96a2f7937d is not the leader (null). Request must be sent to leader., logIndex=0, commits[320d30ba-a9a6-45ed-a240-9f96a2f7937d:c-1]
2019-08-02 04:04:43,852 INFO  container.ReplicationManager (ReplicationManager.java:start(155)) - Starting Replication Monitor Thread.
2019-08-02 04:04:43,857 INFO  container.ReplicationManager (ReplicationManager.java:run(207)) - Replication Monitor Thread took 5 milliseconds for processing 1 containers.
2019-08-02 04:04:44,189 INFO  client.GrpcClientProtocolClient (GrpcClientProtocolClient.java:onNext(255)) - client-E29A480F3F1D->faf30cc2-09b5-45b5-a1b8-700f8cb23344: receive RaftClientReply:client-E29A480F3F1D->faf30cc2-09b5-45b5-a1b8-700f8cb23344@group-F0F8787FC39C, cid=13, FAILED org.apache.ratis.protocol.NotLeaderException: Server faf30cc2-09b5-45b5-a1b8-700f8cb23344 is not the leader (null). Request must be sent to leader., logIndex=0, commits[faf30cc2-09b5-45b5-a1b8-700f8cb23344:c-1]
2019-08-02 04:04:45,216 INFO  client.GrpcClientProtocolClient (GrpcClientProtocolClient.java:onNext(255)) - client-E29A480F3F1D->320d30ba-a9a6-45ed-a240-9f96a2f7937d: receive RaftClientReply:client-E29A480F3F1D->320d30ba-a9a6-45ed-a240-9f96a2f7937d@group-F0F8787FC39C, cid=13, FAILED org.apache.ratis.protocol.NotLeaderException: Server 320d30ba-a9a6-45ed-a240-9f96a2f7937d is not the leader (null). Request must be sent to leader., logIndex=0, commits[320d30ba-a9a6-45ed-a240-9f96a2f7937d:c-1]
2019-08-02 04:04:46,243 INFO  client.GrpcClientProtocolClient (GrpcClientProtocolClient.java:onNext(255)) - client-E29A480F3F1D->e067c9fb-d080-4f42-b6b8-c2e0c1743bb2: receive RaftClientReply:client-E29A480F3F1D->e067c9fb-d080-4f42-b6b8-c2e0c1743bb2@group-F0F8787FC39C, cid=13, FAILED org.apache.ratis.protocol.NotLeaderException: Server e067c9fb-d080-4f42-b6b8-c2e0c1743bb2 is not the leader (null). Request must be sent to leader., logIndex=0, commits[e067c9fb-d080-4f42-b6b8-c2e0c1743bb2:c-1]
2019-08-02 04:04:47,003 INFO  impl.FollowerState (FollowerState.java:run(106)) - 8671fb5a-4fbf-4e50-b0d6-03783498dd0e:group-9750D361A68A changes to CANDIDATE, lastRpcTime:5068, electionTimeout:5068ms
2019-08-02 04:04:47,003 INFO  impl.RoleInfo (RoleInfo.java:shutdownFollowerState(121)) - 8671fb5a-4fbf-4e50-b0d6-03783498dd0e: shutdown FollowerState
2019-08-02 04:04:47,003 INFO  impl.RaftServerImpl (RaftServerImpl.java:setRole(171)) - 8671fb5a-4fbf-4e50-b0d6-03783498dd0e:group-9750D361A68A changes role from FOLLOWER to CANDIDATE at term 0 for changeToCandidate
2019-08-02 04:04:47,007 INFO  impl.RoleInfo (RoleInfo.java:updateAndGet(143)) - 8671fb5a-4fbf-4e50-b0d6-03783498dd0e: start LeaderElection
2019-08-02 04:04:47,030 INFO  impl.LeaderElection (LeaderElection.java:askForVotes(181)) - 8671fb5a-4fbf-4e50-b0d6-03783498dd0e:group-9750D361A68A:LeaderElection1: begin an election at term 1 for -1: [8671fb5a-4fbf-4e50-b0d6-03783498dd0e:192.168.157.195:45928], old=null
2019-08-02 04:04:47,033 INFO  impl.RoleInfo (RoleInfo.java:shutdownLeaderElection(134)) - 8671fb5a-4fbf-4e50-b0d6-03783498dd0e: shutdown LeaderElection
2019-08-02 04:04:47,034 INFO  impl.RaftServerImpl (RaftServerImpl.java:setRole(171)) - 8671fb5a-4fbf-4e50-b0d6-03783498dd0e:group-9750D361A68A changes role from CANDIDATE to LEADER at term 1 for changeToLeader
2019-08-02 04:04:47,034 INFO  impl.RaftServerImpl (ServerState.java:setLeader(263)) - 8671fb5a-4fbf-4e50-b0d6-03783498dd0e:group-9750D361A68A change Leader from null to 8671fb5a-4fbf-4e50-b0d6-03783498dd0e at term 1 for becomeLeader, leader elected after 5185ms
2019-08-02 04:04:47,044 INFO  server.RaftServerConfigKeys (ConfUtils.java:logGet(43)) - raft.server.staging.catchup.gap = 1000 (default)
2019-08-02 04:04:47,044 INFO  server.RaftServerConfigKeys (ConfUtils.java:logGet(43)) - raft.server.rpc.sleep.time = 25ms (default)
2019-08-02 04:04:47,048 INFO  server.RaftServerConfigKeys (ConfUtils.java:logGet(43)) - raft.server.write.element-limit = 4096 (default)
2019-08-02 04:04:47,051 INFO  server.RaftServerConfigKeys (ConfUtils.java:logGet(43)) - raft.server.watch.timeout = 10s (default)
2019-08-02 04:04:47,052 INFO  server.RaftServerConfigKeys (ConfUtils.java:logGet(43)) - raft.server.watch.timeout.denomination = 1s (default)
2019-08-02 04:04:47,053 INFO  server.RaftServerConfigKeys (ConfUtils.java:logGet(43)) - raft.server.watch.element-limit = 65536 (default)
2019-08-02 04:04:47,063 INFO  impl.RoleInfo (RoleInfo.java:updateAndGet(143)) - 8671fb5a-4fbf-4e50-b0d6-03783498dd0e: start LeaderState
2019-08-02 04:04:47,090 INFO  segmented.SegmentedRaftLogWorker (SegmentedRaftLogWorker.java:startLogSegment(380)) - 8671fb5a-4fbf-4e50-b0d6-03783498dd0e-SegmentedRaftLogWorker:Storage Directory /workdir/hadoop-ozone/integration-test/target/test-dir/MiniOzoneClusterImpl-aeec6eb3-b278-40e8-882d-ded1a49b8218/datanode-0/data/ratis/25d72e81-26ea-4e08-b196-9750d361a68a: Starting segment from index:0
2019-08-02 04:04:47,099 INFO  impl.RaftServerImpl (ServerState.java:setRaftConf(361)) - 8671fb5a-4fbf-4e50-b0d6-03783498dd0e:group-9750D361A68A set configuration 0: [8671fb5a-4fbf-4e50-b0d6-03783498dd0e:192.168.157.195:45928], old=null at 0
2019-08-02 04:04:47,277 INFO  client.GrpcClientProtocolClient (GrpcClientProtocolClient.java:onNext(255)) - client-E29A480F3F1D->320d30ba-a9a6-45ed-a240-9f96a2f7937d: receive RaftClientReply:client-E29A480F3F1D->320d30ba-a9a6-45ed-a240-9f96a2f7937d@group-F0F8787FC39C, cid=13, FAILED org.apache.ratis.protocol.NotLeaderException: Server 320d30ba-a9a6-45ed-a240-9f96a2f7937d is not the leader (null). Request must be sent to leader., logIndex=0, commits[320d30ba-a9a6-45ed-a240-9f96a2f7937d:c-1]
2019-08-02 04:04:47,289 INFO  impl.FollowerState (FollowerState.java:run(106)) - 320d30ba-a9a6-45ed-a240-9f96a2f7937d:group-CCFB56A489E5 changes to CANDIDATE, lastRpcTime:5146, electionTimeout:5144ms
2019-08-02 04:04:47,290 INFO  impl.RoleInfo (RoleInfo.java:shutdownFollowerState(121)) - 320d30ba-a9a6-45ed-a240-9f96a2f7937d: shutdown FollowerState
2019-08-02 04:04:47,291 INFO  impl.RaftServerImpl (RaftServerImpl.java:setRole(171)) - 320d30ba-a9a6-45ed-a240-9f96a2f7937d:group-CCFB56A489E5 changes role from FOLLOWER to CANDIDATE at term 0 for changeToCandidate
2019-08-02 04:04:47,291 INFO  impl.RoleInfo (RoleInfo.java:updateAndGet(143)) - 320d30ba-a9a6-45ed-a240-9f96a2f7937d: start LeaderElection
2019-08-02 04:04:47,296 INFO  segmented.SegmentedRaftLogWorker (SegmentedRaftLogWorker.java:execute(569)) - 8671fb5a-4fbf-4e50-b0d6-03783498dd0e-SegmentedRaftLogWorker:Storage Directory /workdir/hadoop-ozone/integration-test/target/test-dir/MiniOzoneClusterImpl-aeec6eb3-b278-40e8-882d-ded1a49b8218/datanode-0/data/ratis/25d72e81-26ea-4e08-b196-9750d361a68a: created new log segment /workdir/hadoop-ozone/integration-test/target/test-dir/MiniOzoneClusterImpl-aeec6eb3-b278-40e8-882d-ded1a49b8218/datanode-0/data/ratis/25d72e81-26ea-4e08-b196-9750d361a68a/current/log_inprogress_0
2019-08-02 04:04:47,298 INFO  impl.LeaderElection (LeaderElection.java:askForVotes(181)) - 320d30ba-a9a6-45ed-a240-9f96a2f7937d:group-CCFB56A489E5:LeaderElection2: begin an election at term 1 for -1: [320d30ba-a9a6-45ed-a240-9f96a2f7937d:192.168.157.195:38950], old=null
2019-08-02 04:04:47,299 INFO  impl.RoleInfo (RoleInfo.java:shutdownLeaderElection(134)) - 320d30ba-a9a6-45ed-a240-9f96a2f7937d: shutdown LeaderElection
2019-08-02 04:04:47,299 INFO  impl.RaftServerImpl (RaftServerImpl.java:setRole(171)) - 320d30ba-a9a6-45ed-a240-9f96a2f7937d:group-CCFB56A489E5 changes role from CANDIDATE to LEADER at term 1 for changeToLeader
2019-08-02 04:04:47,299 INFO  impl.RaftServerImpl (ServerState.java:setLeader(263)) - 320d30ba-a9a6-45ed-a240-9f96a2f7937d:group-CCFB56A489E5 change Leader from null to 320d30ba-a9a6-45ed-a240-9f96a2f7937d at term 1 for becomeLeader, leader elected after 5164ms
2019-08-02 04:04:47,300 INFO  server.RaftServerConfigKeys (ConfUtils.java:logGet(43)) - raft.server.staging.catchup.gap = 1000 (default)
2019-08-02 04:04:47,301 INFO  server.RaftServerConfigKeys (ConfUtils.java:logGet(43)) - raft.server.rpc.sleep.time = 25ms (default)
2019-08-02 04:04:47,301 INFO  server.RaftServerConfigKeys (ConfUtils.java:logGet(43)) - raft.server.write.element-limit = 4096 (default)
2019-08-02 04:04:47,301 INFO  server.RaftServerConfigKeys (ConfUtils.java:logGet(43)) - raft.server.watch.timeout = 10s (default)
2019-08-02 04:04:47,301 INFO  server.RaftServerConfigKeys (ConfUtils.java:logGet(43)) - raft.server.watch.timeout.denomination = 1s (default)
2019-08-02 04:04:47,301 INFO  server.RaftServerConfigKeys (ConfUtils.java:logGet(43)) - raft.server.watch.element-limit = 65536 (default)
2019-08-02 04:04:47,302 INFO  impl.RoleInfo (RoleInfo.java:updateAndGet(143)) - 320d30ba-a9a6-45ed-a240-9f96a2f7937d: start LeaderState
2019-08-02 04:04:47,302 INFO  segmented.SegmentedRaftLogWorker (SegmentedRaftLogWorker.java:startLogSegment(380)) - 320d30ba-a9a6-45ed-a240-9f96a2f7937d-SegmentedRaftLogWorker:Storage Directory /workdir/hadoop-ozone/integration-test/target/test-dir/MiniOzoneClusterImpl-aeec6eb3-b278-40e8-882d-ded1a49b8218/datanode-1/data/ratis/e9a95ebe-af84-4cfa-b33f-ccfb56a489e5: Starting segment from index:0
2019-08-02 04:04:47,302 INFO  impl.RaftServerImpl (ServerState.java:setRaftConf(361)) - 320d30ba-a9a6-45ed-a240-9f96a2f7937d:group-CCFB56A489E5 set configuration 0: [320d30ba-a9a6-45ed-a240-9f96a2f7937d:192.168.157.195:38950], old=null at 0
2019-08-02 04:04:47,333 INFO  segmented.SegmentedRaftLogWorker (SegmentedRaftLogWorker.java:execute(569)) - 320d30ba-a9a6-45ed-a240-9f96a2f7937d-SegmentedRaftLogWorker:Storage Directory /workdir/hadoop-ozone/integration-test/target/test-dir/MiniOzoneClusterImpl-aeec6eb3-b278-40e8-882d-ded1a49b8218/datanode-1/data/ratis/e9a95ebe-af84-4cfa-b33f-ccfb56a489e5: created new log segment /workdir/hadoop-ozone/integration-test/target/test-dir/MiniOzoneClusterImpl-aeec6eb3-b278-40e8-882d-ded1a49b8218/datanode-1/data/ratis/e9a95ebe-af84-4cfa-b33f-ccfb56a489e5/current/log_inprogress_0
2019-08-02 04:04:47,387 INFO  impl.FollowerState (FollowerState.java:run(106)) - faf30cc2-09b5-45b5-a1b8-700f8cb23344:group-C7EBC0A67CBD changes to CANDIDATE, lastRpcTime:5141, electionTimeout:5141ms
2019-08-02 04:04:47,387 INFO  impl.RoleInfo (RoleInfo.java:shutdownFollowerState(121)) - faf30cc2-09b5-45b5-a1b8-700f8cb23344: shutdown FollowerState
2019-08-02 04:04:47,387 INFO  impl.RaftServerImpl (RaftServerImpl.java:setRole(171)) - faf30cc2-09b5-45b5-a1b8-700f8cb23344:group-C7EBC0A67CBD changes role from FOLLOWER to CANDIDATE at term 0 for changeToCandidate
2019-08-02 04:04:47,387 INFO  impl.RoleInfo (RoleInfo.java:updateAndGet(143)) - faf30cc2-09b5-45b5-a1b8-700f8cb23344: start LeaderElection
2019-08-02 04:04:47,407 INFO  impl.LeaderElection (LeaderElection.java:askForVotes(181)) - faf30cc2-09b5-45b5-a1b8-700f8cb23344:group-C7EBC0A67CBD:LeaderElection3: begin an election at term 1 for -1: [faf30cc2-09b5-45b5-a1b8-700f8cb23344:192.168.157.195:41778], old=null
2019-08-02 04:04:47,409 INFO  impl.RoleInfo (RoleInfo.java:shutdownLeaderElection(134)) - faf30cc2-09b5-45b5-a1b8-700f8cb23344: shutdown LeaderElection
2019-08-02 04:04:47,409 INFO  impl.RaftServerImpl (RaftServerImpl.java:setRole(171)) - faf30cc2-09b5-45b5-a1b8-700f8cb23344:group-C7EBC0A67CBD changes role from CANDIDATE to LEADER at term 1 for changeToLeader
2019-08-02 04:04:47,409 INFO  impl.RaftServerImpl (ServerState.java:setLeader(263)) - faf30cc2-09b5-45b5-a1b8-700f8cb23344:group-C7EBC0A67CBD change Leader from null to faf30cc2-09b5-45b5-a1b8-700f8cb23344 at term 1 for becomeLeader, leader elected after 5169ms
2019-08-02 04:04:47,411 INFO  server.RaftServerConfigKeys (ConfUtils.java:logGet(43)) - raft.server.staging.catchup.gap = 1000 (default)
2019-08-02 04:04:47,411 INFO  server.RaftServerConfigKeys (ConfUtils.java:logGet(43)) - raft.server.rpc.sleep.time = 25ms (default)
2019-08-02 04:04:47,411 INFO  server.RaftServerConfigKeys (ConfUtils.java:logGet(43)) - raft.server.write.element-limit = 4096 (default)
2019-08-02 04:04:47,411 INFO  server.RaftServerConfigKeys (ConfUtils.java:logGet(43)) - raft.server.watch.timeout = 10s (default)
2019-08-02 04:04:47,412 INFO  server.RaftServerConfigKeys (ConfUtils.java:logGet(43)) - raft.server.watch.timeout.denomination = 1s (default)
2019-08-02 04:04:47,412 INFO  server.RaftServerConfigKeys (ConfUtils.java:logGet(43)) - raft.server.watch.element-limit = 65536 (default)
2019-08-02 04:04:47,412 INFO  impl.RoleInfo (RoleInfo.java:updateAndGet(143)) - faf30cc2-09b5-45b5-a1b8-700f8cb23344: start LeaderState
2019-08-02 04:04:47,412 INFO  segmented.SegmentedRaftLogWorker (SegmentedRaftLogWorker.java:startLogSegment(380)) - faf30cc2-09b5-45b5-a1b8-700f8cb23344-SegmentedRaftLogWorker:Storage Directory /workdir/hadoop-ozone/integration-test/target/test-dir/MiniOzoneClusterImpl-aeec6eb3-b278-40e8-882d-ded1a49b8218/datanode-3/data/ratis/d8502fcb-9a34-4071-a9be-c7ebc0a67cbd: Starting segment from index:0
2019-08-02 04:04:47,413 INFO  impl.RaftServerImpl (ServerState.java:setRaftConf(361)) - faf30cc2-09b5-45b5-a1b8-700f8cb23344:group-C7EBC0A67CBD set configuration 0: [faf30cc2-09b5-45b5-a1b8-700f8cb23344:192.168.157.195:41778], old=null at 0
2019-08-02 04:04:47,435 INFO  impl.FollowerState (FollowerState.java:run(106)) - e067c9fb-d080-4f42-b6b8-c2e0c1743bb2:group-CB2F59591791 changes to CANDIDATE, lastRpcTime:5102, electionTimeout:5089ms
2019-08-02 04:04:47,435 INFO  impl.RoleInfo (RoleInfo.java:shutdownFollowerState(121)) - e067c9fb-d080-4f42-b6b8-c2e0c1743bb2: shutdown FollowerState
2019-08-02 04:04:47,435 INFO  impl.RaftServerImpl (RaftServerImpl.java:setRole(171)) - e067c9fb-d080-4f42-b6b8-c2e0c1743bb2:group-CB2F59591791 changes role from FOLLOWER to CANDIDATE at term 0 for changeToCandidate
2019-08-02 04:04:47,435 INFO  impl.RoleInfo (RoleInfo.java:updateAndGet(143)) - e067c9fb-d080-4f42-b6b8-c2e0c1743bb2: start LeaderElection
2019-08-02 04:04:47,447 INFO  segmented.SegmentedRaftLogWorker (SegmentedRaftLogWorker.java:execute(569)) - faf30cc2-09b5-45b5-a1b8-700f8cb23344-SegmentedRaftLogWorker:Storage Directory /workdir/hadoop-ozone/integration-test/target/test-dir/MiniOzoneClusterImpl-aeec6eb3-b278-40e8-882d-ded1a49b8218/datanode-3/data/ratis/d8502fcb-9a34-4071-a9be-c7ebc0a67cbd: created new log segment /workdir/hadoop-ozone/integration-test/target/test-dir/MiniOzoneClusterImpl-aeec6eb3-b278-40e8-882d-ded1a49b8218/datanode-3/data/ratis/d8502fcb-9a34-4071-a9be-c7ebc0a67cbd/current/log_inprogress_0
2019-08-02 04:04:47,447 INFO  impl.LeaderElection (LeaderElection.java:askForVotes(181)) - e067c9fb-d080-4f42-b6b8-c2e0c1743bb2:group-CB2F59591791:LeaderElection4: begin an election at term 1 for -1: [e067c9fb-d080-4f42-b6b8-c2e0c1743bb2:192.168.157.195:43507], old=null
2019-08-02 04:04:47,448 INFO  impl.RoleInfo (RoleInfo.java:shutdownLeaderElection(134)) - e067c9fb-d080-4f42-b6b8-c2e0c1743bb2: shutdown LeaderElection
2019-08-02 04:04:47,448 INFO  impl.RaftServerImpl (RaftServerImpl.java:setRole(171)) - e067c9fb-d080-4f42-b6b8-c2e0c1743bb2:group-CB2F59591791 changes role from CANDIDATE to LEADER at term 1 for changeToLeader
2019-08-02 04:04:47,448 INFO  impl.RaftServerImpl (ServerState.java:setLeader(263)) - e067c9fb-d080-4f42-b6b8-c2e0c1743bb2:group-CB2F59591791 change Leader from null to e067c9fb-d080-4f42-b6b8-c2e0c1743bb2 at term 1 for becomeLeader, leader elected after 5120ms
2019-08-02 04:04:47,450 INFO  server.RaftServerConfigKeys (ConfUtils.java:logGet(43)) - raft.server.staging.catchup.gap = 1000 (default)
2019-08-02 04:04:47,450 INFO  server.RaftServerConfigKeys (ConfUtils.java:logGet(43)) - raft.server.rpc.sleep.time = 25ms (default)
2019-08-02 04:04:47,450 INFO  server.RaftServerConfigKeys (ConfUtils.java:logGet(43)) - raft.server.write.element-limit = 4096 (default)
2019-08-02 04:04:47,450 INFO  server.RaftServerConfigKeys (ConfUtils.java:logGet(43)) - raft.server.watch.timeout = 10s (default)
2019-08-02 04:04:47,451 INFO  server.RaftServerConfigKeys (ConfUtils.java:logGet(43)) - raft.server.watch.timeout.denomination = 1s (default)
2019-08-02 04:04:47,451 INFO  server.RaftServerConfigKeys (ConfUtils.java:logGet(43)) - raft.server.watch.element-limit = 65536 (default)
2019-08-02 04:04:47,451 INFO  impl.RoleInfo (RoleInfo.java:updateAndGet(143)) - e067c9fb-d080-4f42-b6b8-c2e0c1743bb2: start LeaderState
2019-08-02 04:04:47,451 INFO  segmented.SegmentedRaftLogWorker (SegmentedRaftLogWorker.java:startLogSegment(380)) - e067c9fb-d080-4f42-b6b8-c2e0c1743bb2-SegmentedRaftLogWorker:Storage Directory /workdir/hadoop-ozone/integration-test/target/test-dir/MiniOzoneClusterImpl-aeec6eb3-b278-40e8-882d-ded1a49b8218/datanode-5/data/ratis/e53a9ba5-36df-4136-a533-cb2f59591791: Starting segment from index:0
2019-08-02 04:04:47,452 INFO  impl.RaftServerImpl (ServerState.java:setRaftConf(361)) - e067c9fb-d080-4f42-b6b8-c2e0c1743bb2:group-CB2F59591791 set configuration 0: [e067c9fb-d080-4f42-b6b8-c2e0c1743bb2:192.168.157.195:43507], old=null at 0
2019-08-02 04:04:47,483 INFO  segmented.SegmentedRaftLogWorker (SegmentedRaftLogWorker.java:execute(569)) - e067c9fb-d080-4f42-b6b8-c2e0c1743bb2-SegmentedRaftLogWorker:Storage Directory /workdir/hadoop-ozone/integration-test/target/test-dir/MiniOzoneClusterImpl-aeec6eb3-b278-40e8-882d-ded1a49b8218/datanode-5/data/ratis/e53a9ba5-36df-4136-a533-cb2f59591791: created new log segment /workdir/hadoop-ozone/integration-test/target/test-dir/MiniOzoneClusterImpl-aeec6eb3-b278-40e8-882d-ded1a49b8218/datanode-5/data/ratis/e53a9ba5-36df-4136-a533-cb2f59591791/current/log_inprogress_0
2019-08-02 04:04:47,498 INFO  impl.FollowerState (FollowerState.java:run(106)) - 24bc3d7e-0c9c-4a07-9432-ba9705483e95:group-80A188006C23 changes to CANDIDATE, lastRpcTime:5000, electionTimeout:5000ms
2019-08-02 04:04:47,498 INFO  impl.RoleInfo (RoleInfo.java:shutdownFollowerState(121)) - 24bc3d7e-0c9c-4a07-9432-ba9705483e95: shutdown FollowerState
2019-08-02 04:04:47,498 INFO  impl.RaftServerImpl (RaftServerImpl.java:setRole(171)) - 24bc3d7e-0c9c-4a07-9432-ba9705483e95:group-80A188006C23 changes role from FOLLOWER to CANDIDATE at term 0 for changeToCandidate
2019-08-02 04:04:47,498 INFO  impl.RoleInfo (RoleInfo.java:updateAndGet(143)) - 24bc3d7e-0c9c-4a07-9432-ba9705483e95: start LeaderElection
2019-08-02 04:04:47,516 INFO  impl.LeaderElection (LeaderElection.java:askForVotes(181)) - 24bc3d7e-0c9c-4a07-9432-ba9705483e95:group-80A188006C23:LeaderElection5: begin an election at term 1 for -1: [24bc3d7e-0c9c-4a07-9432-ba9705483e95:192.168.157.195:43938], old=null
2019-08-02 04:04:47,517 INFO  impl.RoleInfo (RoleInfo.java:shutdownLeaderElection(134)) - 24bc3d7e-0c9c-4a07-9432-ba9705483e95: shutdown LeaderElection
2019-08-02 04:04:47,518 INFO  impl.RaftServerImpl (RaftServerImpl.java:setRole(171)) - 24bc3d7e-0c9c-4a07-9432-ba9705483e95:group-80A188006C23 changes role from CANDIDATE to LEADER at term 1 for changeToLeader
2019-08-02 04:04:47,518 INFO  impl.RaftServerImpl (ServerState.java:setLeader(263)) - 24bc3d7e-0c9c-4a07-9432-ba9705483e95:group-80A188006C23 change Leader from null to 24bc3d7e-0c9c-4a07-9432-ba9705483e95 at term 1 for becomeLeader, leader elected after 5025ms
2019-08-02 04:04:47,519 INFO  server.RaftServerConfigKeys (ConfUtils.java:logGet(43)) - raft.server.staging.catchup.gap = 1000 (default)
2019-08-02 04:04:47,519 INFO  server.RaftServerConfigKeys (ConfUtils.java:logGet(43)) - raft.server.rpc.sleep.time = 25ms (default)
2019-08-02 04:04:47,519 INFO  server.RaftServerConfigKeys (ConfUtils.java:logGet(43)) - raft.server.write.element-limit = 4096 (default)
2019-08-02 04:04:47,520 INFO  server.RaftServerConfigKeys (ConfUtils.java:logGet(43)) - raft.server.watch.timeout = 10s (default)
2019-08-02 04:04:47,520 INFO  server.RaftServerConfigKeys (ConfUtils.java:logGet(43)) - raft.server.watch.timeout.denomination = 1s (default)
2019-08-02 04:04:47,520 INFO  server.RaftServerConfigKeys (ConfUtils.java:logGet(43)) - raft.server.watch.element-limit = 65536 (default)
2019-08-02 04:04:47,520 INFO  impl.RoleInfo (RoleInfo.java:updateAndGet(143)) - 24bc3d7e-0c9c-4a07-9432-ba9705483e95: start LeaderState
2019-08-02 04:04:47,521 INFO  segmented.SegmentedRaftLogWorker (SegmentedRaftLogWorker.java:startLogSegment(380)) - 24bc3d7e-0c9c-4a07-9432-ba9705483e95-SegmentedRaftLogWorker:Storage Directory /workdir/hadoop-ozone/integration-test/target/test-dir/MiniOzoneClusterImpl-aeec6eb3-b278-40e8-882d-ded1a49b8218/datanode-4/data/ratis/9c5e861b-e682-47cc-be83-80a188006c23: Starting segment from index:0
2019-08-02 04:04:47,521 INFO  impl.RaftServerImpl (ServerState.java:setRaftConf(361)) - 24bc3d7e-0c9c-4a07-9432-ba9705483e95:group-80A188006C23 set configuration 0: [24bc3d7e-0c9c-4a07-9432-ba9705483e95:192.168.157.195:43938], old=null at 0
2019-08-02 04:04:47,541 INFO  impl.FollowerState (FollowerState.java:run(106)) - 11e07cc4-2815-49a6-9644-343718e24947:group-C46AE5E9CF6D changes to CANDIDATE, lastRpcTime:5133, electionTimeout:5121ms
2019-08-02 04:04:47,542 INFO  impl.RoleInfo (RoleInfo.java:shutdownFollowerState(121)) - 11e07cc4-2815-49a6-9644-343718e24947: shutdown FollowerState
2019-08-02 04:04:47,542 INFO  impl.RaftServerImpl (RaftServerImpl.java:setRole(171)) - 11e07cc4-2815-49a6-9644-343718e24947:group-C46AE5E9CF6D changes role from FOLLOWER to CANDIDATE at term 0 for changeToCandidate
2019-08-02 04:04:47,542 INFO  impl.RoleInfo (RoleInfo.java:updateAndGet(143)) - 11e07cc4-2815-49a6-9644-343718e24947: start LeaderElection
2019-08-02 04:04:47,555 INFO  segmented.SegmentedRaftLogWorker (SegmentedRaftLogWorker.java:execute(569)) - 24bc3d7e-0c9c-4a07-9432-ba9705483e95-SegmentedRaftLogWorker:Storage Directory /workdir/hadoop-ozone/integration-test/target/test-dir/MiniOzoneClusterImpl-aeec6eb3-b278-40e8-882d-ded1a49b8218/datanode-4/data/ratis/9c5e861b-e682-47cc-be83-80a188006c23: created new log segment /workdir/hadoop-ozone/integration-test/target/test-dir/MiniOzoneClusterImpl-aeec6eb3-b278-40e8-882d-ded1a49b8218/datanode-4/data/ratis/9c5e861b-e682-47cc-be83-80a188006c23/current/log_inprogress_0
2019-08-02 04:04:47,555 INFO  impl.LeaderElection (LeaderElection.java:askForVotes(181)) - 11e07cc4-2815-49a6-9644-343718e24947:group-C46AE5E9CF6D:LeaderElection6: begin an election at term 1 for -1: [11e07cc4-2815-49a6-9644-343718e24947:192.168.157.195:36751], old=null
2019-08-02 04:04:47,555 INFO  impl.RoleInfo (RoleInfo.java:shutdownLeaderElection(134)) - 11e07cc4-2815-49a6-9644-343718e24947: shutdown LeaderElection
2019-08-02 04:04:47,555 INFO  impl.RaftServerImpl (RaftServerImpl.java:setRole(171)) - 11e07cc4-2815-49a6-9644-343718e24947:group-C46AE5E9CF6D changes role from CANDIDATE to LEADER at term 1 for changeToLeader
2019-08-02 04:04:47,555 INFO  impl.RaftServerImpl (ServerState.java:setLeader(263)) - 11e07cc4-2815-49a6-9644-343718e24947:group-C46AE5E9CF6D change Leader from null to 11e07cc4-2815-49a6-9644-343718e24947 at term 1 for becomeLeader, leader elected after 5151ms
2019-08-02 04:04:47,557 INFO  server.RaftServerConfigKeys (ConfUtils.java:logGet(43)) - raft.server.staging.catchup.gap = 1000 (default)
2019-08-02 04:04:47,557 INFO  server.RaftServerConfigKeys (ConfUtils.java:logGet(43)) - raft.server.rpc.sleep.time = 25ms (default)
2019-08-02 04:04:47,557 INFO  server.RaftServerConfigKeys (ConfUtils.java:logGet(43)) - raft.server.write.element-limit = 4096 (default)
2019-08-02 04:04:47,557 INFO  server.RaftServerConfigKeys (ConfUtils.java:logGet(43)) - raft.server.watch.timeout = 10s (default)
2019-08-02 04:04:47,557 INFO  server.RaftServerConfigKeys (ConfUtils.java:logGet(43)) - raft.server.watch.timeout.denomination = 1s (default)
2019-08-02 04:04:47,558 INFO  server.RaftServerConfigKeys (ConfUtils.java:logGet(43)) - raft.server.watch.element-limit = 65536 (default)
2019-08-02 04:04:47,558 INFO  impl.RoleInfo (RoleInfo.java:updateAndGet(143)) - 11e07cc4-2815-49a6-9644-343718e24947: start LeaderState
2019-08-02 04:04:47,558 INFO  segmented.SegmentedRaftLogWorker (SegmentedRaftLogWorker.java:startLogSegment(380)) - 11e07cc4-2815-49a6-9644-343718e24947-SegmentedRaftLogWorker:Storage Directory /workdir/hadoop-ozone/integration-test/target/test-dir/MiniOzoneClusterImpl-aeec6eb3-b278-40e8-882d-ded1a49b8218/datanode-2/data/ratis/1dae0b36-9b4c-4e23-b554-c46ae5e9cf6d: Starting segment from index:0
2019-08-02 04:04:47,559 INFO  impl.RaftServerImpl (ServerState.java:setRaftConf(361)) - 11e07cc4-2815-49a6-9644-343718e24947:group-C46AE5E9CF6D set configuration 0: [11e07cc4-2815-49a6-9644-343718e24947:192.168.157.195:36751], old=null at 0
2019-08-02 04:04:47,582 INFO  segmented.SegmentedRaftLogWorker (SegmentedRaftLogWorker.java:execute(569)) - 11e07cc4-2815-49a6-9644-343718e24947-SegmentedRaftLogWorker:Storage Directory /workdir/hadoop-ozone/integration-test/target/test-dir/MiniOzoneClusterImpl-aeec6eb3-b278-40e8-882d-ded1a49b8218/datanode-2/data/ratis/1dae0b36-9b4c-4e23-b554-c46ae5e9cf6d: created new log segment /workdir/hadoop-ozone/integration-test/target/test-dir/MiniOzoneClusterImpl-aeec6eb3-b278-40e8-882d-ded1a49b8218/datanode-2/data/ratis/1dae0b36-9b4c-4e23-b554-c46ae5e9cf6d/current/log_inprogress_0
2019-08-02 04:04:47,703 INFO  impl.FollowerState (FollowerState.java:run(106)) - 3abb2d55-b329-421f-aa81-7118684fd7c2:group-232A945293A2 changes to CANDIDATE, lastRpcTime:5132, electionTimeout:5132ms
2019-08-02 04:04:47,705 INFO  impl.RoleInfo (RoleInfo.java:shutdownFollowerState(121)) - 3abb2d55-b329-421f-aa81-7118684fd7c2: shutdown FollowerState
2019-08-02 04:04:47,705 INFO  impl.RaftServerImpl (RaftServerImpl.java:setRole(171)) - 3abb2d55-b329-421f-aa81-7118684fd7c2:group-232A945293A2 changes role from FOLLOWER to CANDIDATE at term 0 for changeToCandidate
2019-08-02 04:04:47,706 INFO  impl.RoleInfo (RoleInfo.java:updateAndGet(143)) - 3abb2d55-b329-421f-aa81-7118684fd7c2: start LeaderElection
2019-08-02 04:04:47,723 INFO  impl.LeaderElection (LeaderElection.java:askForVotes(181)) - 3abb2d55-b329-421f-aa81-7118684fd7c2:group-232A945293A2:LeaderElection7: begin an election at term 1 for -1: [3abb2d55-b329-421f-aa81-7118684fd7c2:192.168.157.195:33147], old=null
2019-08-02 04:04:47,725 INFO  impl.RoleInfo (RoleInfo.java:shutdownLeaderElection(134)) - 3abb2d55-b329-421f-aa81-7118684fd7c2: shutdown LeaderElection
2019-08-02 04:04:47,725 INFO  impl.RaftServerImpl (RaftServerImpl.java:setRole(171)) - 3abb2d55-b329-421f-aa81-7118684fd7c2:group-232A945293A2 changes role from CANDIDATE to LEADER at term 1 for changeToLeader
2019-08-02 04:04:47,725 INFO  impl.RaftServerImpl (ServerState.java:setLeader(263)) - 3abb2d55-b329-421f-aa81-7118684fd7c2:group-232A945293A2 change Leader from null to 3abb2d55-b329-421f-aa81-7118684fd7c2 at term 1 for becomeLeader, leader elected after 5159ms
2019-08-02 04:04:47,727 INFO  server.RaftServerConfigKeys (ConfUtils.java:logGet(43)) - raft.server.staging.catchup.gap = 1000 (default)
2019-08-02 04:04:47,728 INFO  server.RaftServerConfigKeys (ConfUtils.java:logGet(43)) - raft.server.rpc.sleep.time = 25ms (default)
2019-08-02 04:04:47,728 INFO  server.RaftServerConfigKeys (ConfUtils.java:logGet(43)) - raft.server.write.element-limit = 4096 (default)
2019-08-02 04:04:47,728 INFO  server.RaftServerConfigKeys (ConfUtils.java:logGet(43)) - raft.server.watch.timeout = 10s (default)
2019-08-02 04:04:47,728 INFO  server.RaftServerConfigKeys (ConfUtils.java:logGet(43)) - raft.server.watch.timeout.denomination = 1s (default)
2019-08-02 04:04:47,728 INFO  server.RaftServerConfigKeys (ConfUtils.java:logGet(43)) - raft.server.watch.element-limit = 65536 (default)
2019-08-02 04:04:47,729 INFO  impl.RoleInfo (RoleInfo.java:updateAndGet(143)) - 3abb2d55-b329-421f-aa81-7118684fd7c2: start LeaderState
2019-08-02 04:04:47,729 INFO  segmented.SegmentedRaftLogWorker (SegmentedRaftLogWorker.java:startLogSegment(380)) - 3abb2d55-b329-421f-aa81-7118684fd7c2-SegmentedRaftLogWorker:Storage Directory /workdir/hadoop-ozone/integration-test/target/test-dir/MiniOzoneClusterImpl-aeec6eb3-b278-40e8-882d-ded1a49b8218/datanode-6/data/ratis/08396517-acbb-4873-8bca-232a945293a2: Starting segment from index:0
2019-08-02 04:04:47,729 INFO  impl.RaftServerImpl (ServerState.java:setRaftConf(361)) - 3abb2d55-b329-421f-aa81-7118684fd7c2:group-232A945293A2 set configuration 0: [3abb2d55-b329-421f-aa81-7118684fd7c2:192.168.157.195:33147], old=null at 0
2019-08-02 04:04:47,764 INFO  segmented.SegmentedRaftLogWorker (SegmentedRaftLogWorker.java:execute(569)) - 3abb2d55-b329-421f-aa81-7118684fd7c2-SegmentedRaftLogWorker:Storage Directory /workdir/hadoop-ozone/integration-test/target/test-dir/MiniOzoneClusterImpl-aeec6eb3-b278-40e8-882d-ded1a49b8218/datanode-6/data/ratis/08396517-acbb-4873-8bca-232a945293a2: created new log segment /workdir/hadoop-ozone/integration-test/target/test-dir/MiniOzoneClusterImpl-aeec6eb3-b278-40e8-882d-ded1a49b8218/datanode-6/data/ratis/08396517-acbb-4873-8bca-232a945293a2/current/log_inprogress_0
2019-08-02 04:04:47,822 INFO  impl.FollowerState (FollowerState.java:run(106)) - faf30cc2-09b5-45b5-a1b8-700f8cb23344:group-F0F8787FC39C changes to CANDIDATE, lastRpcTime:5115, electionTimeout:5115ms
2019-08-02 04:04:47,823 INFO  impl.RoleInfo (RoleInfo.java:shutdownFollowerState(121)) - faf30cc2-09b5-45b5-a1b8-700f8cb23344: shutdown FollowerState
2019-08-02 04:04:47,823 INFO  impl.RaftServerImpl (RaftServerImpl.java:setRole(171)) - faf30cc2-09b5-45b5-a1b8-700f8cb23344:group-F0F8787FC39C changes role from FOLLOWER to CANDIDATE at term 0 for changeToCandidate
2019-08-02 04:04:47,823 INFO  impl.RoleInfo (RoleInfo.java:updateAndGet(143)) - faf30cc2-09b5-45b5-a1b8-700f8cb23344: start LeaderElection
2019-08-02 04:04:47,838 INFO  impl.FollowerState (FollowerState.java:run(106)) - 320d30ba-a9a6-45ed-a240-9f96a2f7937d:group-F0F8787FC39C changes to CANDIDATE, lastRpcTime:5139, electionTimeout:5139ms
2019-08-02 04:04:47,840 INFO  impl.RoleInfo (RoleInfo.java:shutdownFollowerState(121)) - 320d30ba-a9a6-45ed-a240-9f96a2f7937d: shutdown FollowerState
2019-08-02 04:04:47,841 INFO  impl.RaftServerImpl (RaftServerImpl.java:setRole(171)) - 320d30ba-a9a6-45ed-a240-9f96a2f7937d:group-F0F8787FC39C changes role from FOLLOWER to CANDIDATE at term 0 for changeToCandidate
2019-08-02 04:04:47,841 INFO  impl.RoleInfo (RoleInfo.java:updateAndGet(143)) - 320d30ba-a9a6-45ed-a240-9f96a2f7937d: start LeaderElection
2019-08-02 04:04:47,843 INFO  impl.LeaderElection (LeaderElection.java:askForVotes(181)) - faf30cc2-09b5-45b5-a1b8-700f8cb23344:group-F0F8787FC39C:LeaderElection8: begin an election at term 1 for -1: [faf30cc2-09b5-45b5-a1b8-700f8cb23344:192.168.157.195:41778, e067c9fb-d080-4f42-b6b8-c2e0c1743bb2:192.168.157.195:43507, 320d30ba-a9a6-45ed-a240-9f96a2f7937d:192.168.157.195:38950], old=null
2019-08-02 04:04:47,867 INFO  impl.FollowerState (FollowerState.java:run(106)) - e067c9fb-d080-4f42-b6b8-c2e0c1743bb2:group-F0F8787FC39C changes to CANDIDATE, lastRpcTime:5159, electionTimeout:5151ms
2019-08-02 04:04:47,867 INFO  impl.RoleInfo (RoleInfo.java:shutdownFollowerState(121)) - e067c9fb-d080-4f42-b6b8-c2e0c1743bb2: shutdown FollowerState
2019-08-02 04:04:47,867 INFO  impl.LeaderElection (LeaderElection.java:askForVotes(181)) - 320d30ba-a9a6-45ed-a240-9f96a2f7937d:group-F0F8787FC39C:LeaderElection9: begin an election at term 1 for -1: [faf30cc2-09b5-45b5-a1b8-700f8cb23344:192.168.157.195:41778, e067c9fb-d080-4f42-b6b8-c2e0c1743bb2:192.168.157.195:43507, 320d30ba-a9a6-45ed-a240-9f96a2f7937d:192.168.157.195:38950], old=null
2019-08-02 04:04:47,867 INFO  impl.RaftServerImpl (RaftServerImpl.java:setRole(171)) - e067c9fb-d080-4f42-b6b8-c2e0c1743bb2:group-F0F8787FC39C changes role from FOLLOWER to CANDIDATE at term 0 for changeToCandidate
2019-08-02 04:04:47,867 INFO  impl.RoleInfo (RoleInfo.java:updateAndGet(143)) - e067c9fb-d080-4f42-b6b8-c2e0c1743bb2: start LeaderElection
2019-08-02 04:04:47,894 INFO  impl.LeaderElection (LeaderElection.java:askForVotes(181)) - e067c9fb-d080-4f42-b6b8-c2e0c1743bb2:group-F0F8787FC39C:LeaderElection10: begin an election at term 1 for -1: [faf30cc2-09b5-45b5-a1b8-700f8cb23344:192.168.157.195:41778, e067c9fb-d080-4f42-b6b8-c2e0c1743bb2:192.168.157.195:43507, 320d30ba-a9a6-45ed-a240-9f96a2f7937d:192.168.157.195:38950], old=null
2019-08-02 04:04:47,900 INFO  impl.FollowerState (FollowerState.java:run(106)) - 11e07cc4-2815-49a6-9644-343718e24947:group-A554F16BB3E7 changes to CANDIDATE, lastRpcTime:5061, electionTimeout:5046ms
2019-08-02 04:04:47,900 INFO  impl.RoleInfo (RoleInfo.java:shutdownFollowerState(121)) - 11e07cc4-2815-49a6-9644-343718e24947: shutdown FollowerState
2019-08-02 04:04:47,902 INFO  impl.RaftServerImpl (RaftServerImpl.java:setRole(171)) - 11e07cc4-2815-49a6-9644-343718e24947:group-A554F16BB3E7 changes role from FOLLOWER to CANDIDATE at term 0 for changeToCandidate
2019-08-02 04:04:47,903 INFO  impl.RoleInfo (RoleInfo.java:updateAndGet(143)) - 11e07cc4-2815-49a6-9644-343718e24947: start LeaderElection
2019-08-02 04:04:47,919 INFO  impl.LeaderElection (LeaderElection.java:logAndReturn(56)) - 320d30ba-a9a6-45ed-a240-9f96a2f7937d:group-F0F8787FC39C:LeaderElection9: Election REJECTED; received 2 response(s) [320d30ba-a9a6-45ed-a240-9f96a2f7937d<-e067c9fb-d080-4f42-b6b8-c2e0c1743bb2#0:FAIL-t1, 320d30ba-a9a6-45ed-a240-9f96a2f7937d<-faf30cc2-09b5-45b5-a1b8-700f8cb23344#0:FAIL-t1] and 0 exception(s); 320d30ba-a9a6-45ed-a240-9f96a2f7937d:t1, leader=null, voted=320d30ba-a9a6-45ed-a240-9f96a2f7937d, raftlog=320d30ba-a9a6-45ed-a240-9f96a2f7937d-SegmentedRaftLog:OPENED:c-1,f-1,i0, conf=-1: [faf30cc2-09b5-45b5-a1b8-700f8cb23344:192.168.157.195:41778, e067c9fb-d080-4f42-b6b8-c2e0c1743bb2:192.168.157.195:43507, 320d30ba-a9a6-45ed-a240-9f96a2f7937d:192.168.157.195:38950], old=null
2019-08-02 04:04:47,919 INFO  impl.LeaderElection (LeaderElection.java:logAndReturn(56)) - faf30cc2-09b5-45b5-a1b8-700f8cb23344:group-F0F8787FC39C:LeaderElection8: Election REJECTED; received 2 response(s) [faf30cc2-09b5-45b5-a1b8-700f8cb23344<-e067c9fb-d080-4f42-b6b8-c2e0c1743bb2#0:FAIL-t1, faf30cc2-09b5-45b5-a1b8-700f8cb23344<-320d30ba-a9a6-45ed-a240-9f96a2f7937d#0:FAIL-t1] and 0 exception(s); faf30cc2-09b5-45b5-a1b8-700f8cb23344:t1, leader=null, voted=faf30cc2-09b5-45b5-a1b8-700f8cb23344, raftlog=faf30cc2-09b5-45b5-a1b8-700f8cb23344-SegmentedRaftLog:OPENED:c-1,f-1,i0, conf=-1: [faf30cc2-09b5-45b5-a1b8-700f8cb23344:192.168.157.195:41778, e067c9fb-d080-4f42-b6b8-c2e0c1743bb2:192.168.157.195:43507, 320d30ba-a9a6-45ed-a240-9f96a2f7937d:192.168.157.195:38950], old=null
2019-08-02 04:04:47,923 INFO  impl.RaftServerImpl (RaftServerImpl.java:setRole(171)) - 320d30ba-a9a6-45ed-a240-9f96a2f7937d:group-F0F8787FC39C changes role from CANDIDATE to FOLLOWER at term 1 for DISCOVERED_A_NEW_TERM
2019-08-02 04:04:47,923 INFO  impl.RaftServerImpl (RaftServerImpl.java:setRole(171)) - faf30cc2-09b5-45b5-a1b8-700f8cb23344:group-F0F8787FC39C changes role from CANDIDATE to FOLLOWER at term 1 for DISCOVERED_A_NEW_TERM
2019-08-02 04:04:47,930 INFO  impl.RoleInfo (RoleInfo.java:shutdownLeaderElection(134)) - 320d30ba-a9a6-45ed-a240-9f96a2f7937d: shutdown LeaderElection
2019-08-02 04:04:47,926 INFO  impl.FollowerState (FollowerState.java:run(106)) - 24bc3d7e-0c9c-4a07-9432-ba9705483e95:group-A554F16BB3E7 changes to CANDIDATE, lastRpcTime:5091, electionTimeout:5090ms
2019-08-02 04:04:47,931 INFO  impl.RoleInfo (RoleInfo.java:shutdownFollowerState(121)) - 24bc3d7e-0c9c-4a07-9432-ba9705483e95: shutdown FollowerState
2019-08-02 04:04:47,926 INFO  impl.LeaderElection (LeaderElection.java:askForVotes(181)) - 11e07cc4-2815-49a6-9644-343718e24947:group-A554F16BB3E7:LeaderElection11: begin an election at term 1 for -1: [8671fb5a-4fbf-4e50-b0d6-03783498dd0e:192.168.157.195:45928, 11e07cc4-2815-49a6-9644-343718e24947:192.168.157.195:36751, 24bc3d7e-0c9c-4a07-9432-ba9705483e95:192.168.157.195:43938], old=null
2019-08-02 04:04:47,931 INFO  impl.RaftServerImpl (RaftServerImpl.java:setRole(171)) - 24bc3d7e-0c9c-4a07-9432-ba9705483e95:group-A554F16BB3E7 changes role from FOLLOWER to CANDIDATE at term 0 for changeToCandidate
2019-08-02 04:04:47,931 INFO  impl.RoleInfo (RoleInfo.java:updateAndGet(143)) - 320d30ba-a9a6-45ed-a240-9f96a2f7937d: start FollowerState
2019-08-02 04:04:47,931 INFO  impl.RoleInfo (RoleInfo.java:shutdownLeaderElection(134)) - faf30cc2-09b5-45b5-a1b8-700f8cb23344: shutdown LeaderElection
2019-08-02 04:04:47,933 INFO  impl.RoleInfo (RoleInfo.java:updateAndGet(143)) - 24bc3d7e-0c9c-4a07-9432-ba9705483e95: start LeaderElection
2019-08-02 04:04:47,935 INFO  impl.RoleInfo (RoleInfo.java:updateAndGet(143)) - faf30cc2-09b5-45b5-a1b8-700f8cb23344: start FollowerState
2019-08-02 04:04:47,943 WARN  impl.FollowerState (FollowerState.java:run(118)) - 24bc3d7e-0c9c-4a07-9432-ba9705483e95: FollowerState caught an exception
java.lang.IllegalStateException: ILLEGAL TRANSITION: In 24bc3d7e-0c9c-4a07-9432-ba9705483e95:group-A554F16BB3E7:LeaderElection12, CLOSED -> RUNNING
	at org.apache.ratis.util.Preconditions.assertTrue(Preconditions.java:63)
	at org.apache.ratis.util.LifeCycle$State.validate(LifeCycle.java:123)
	at org.apache.ratis.util.LifeCycle.transition(LifeCycle.java:143)
	at org.apache.ratis.util.LifeCycle.startAndTransition(LifeCycle.java:203)
	at org.apache.ratis.server.impl.LeaderElection.start(LeaderElection.java:120)
	at org.apache.ratis.server.impl.RoleInfo.startLeaderElection(RoleInfo.java:128)
	at org.apache.ratis.server.impl.RaftServerImpl.changeToCandidate(RaftServerImpl.java:411)
	at org.apache.ratis.server.impl.FollowerState.run(FollowerState.java:109)
2019-08-02 04:04:47,946 INFO  impl.LeaderElection (LeaderElection.java:logAndReturn(56)) - e067c9fb-d080-4f42-b6b8-c2e0c1743bb2:group-F0F8787FC39C:LeaderElection10: Election REJECTED; received 2 response(s) [e067c9fb-d080-4f42-b6b8-c2e0c1743bb2<-faf30cc2-09b5-45b5-a1b8-700f8cb23344#0:FAIL-t1, e067c9fb-d080-4f42-b6b8-c2e0c1743bb2<-320d30ba-a9a6-45ed-a240-9f96a2f7937d#0:FAIL-t1] and 0 exception(s); e067c9fb-d080-4f42-b6b8-c2e0c1743bb2:t1, leader=null, voted=e067c9fb-d080-4f42-b6b8-c2e0c1743bb2, raftlog=e067c9fb-d080-4f42-b6b8-c2e0c1743bb2-SegmentedRaftLog:OPENED:c-1,f-1,i0, conf=-1: [faf30cc2-09b5-45b5-a1b8-700f8cb23344:192.168.157.195:41778, e067c9fb-d080-4f42-b6b8-c2e0c1743bb2:192.168.157.195:43507, 320d30ba-a9a6-45ed-a240-9f96a2f7937d:192.168.157.195:38950], old=null
2019-08-02 04:04:47,948 INFO  impl.RaftServerImpl (RaftServerImpl.java:setRole(171)) - e067c9fb-d080-4f42-b6b8-c2e0c1743bb2:group-F0F8787FC39C changes role from CANDIDATE to FOLLOWER at term 1 for DISCOVERED_A_NEW_TERM
2019-08-02 04:04:47,948 INFO  impl.RoleInfo (RoleInfo.java:shutdownLeaderElection(134)) - e067c9fb-d080-4f42-b6b8-c2e0c1743bb2: shutdown LeaderElection
2019-08-02 04:04:47,951 INFO  impl.RoleInfo (RoleInfo.java:updateAndGet(143)) - e067c9fb-d080-4f42-b6b8-c2e0c1743bb2: start FollowerState
2019-08-02 04:04:47,956 INFO  impl.RaftServerImpl (RaftServerImpl.java:setRole(171)) - 8671fb5a-4fbf-4e50-b0d6-03783498dd0e:group-A554F16BB3E7 changes role from FOLLOWER to FOLLOWER at term 1 for recognizeCandidate:11e07cc4-2815-49a6-9644-343718e24947
2019-08-02 04:04:47,958 INFO  impl.RoleInfo (RoleInfo.java:shutdownFollowerState(121)) - 8671fb5a-4fbf-4e50-b0d6-03783498dd0e: shutdown FollowerState
2019-08-02 04:04:47,958 INFO  impl.FollowerState (FollowerState.java:run(114)) - 8671fb5a-4fbf-4e50-b0d6-03783498dd0e: FollowerState was interrupted: java.lang.InterruptedException: sleep interrupted
2019-08-02 04:04:47,961 INFO  impl.RoleInfo (RoleInfo.java:updateAndGet(143)) - 8671fb5a-4fbf-4e50-b0d6-03783498dd0e: start FollowerState
2019-08-02 04:04:47,961 INFO  impl.RaftServerImpl (RaftServerImpl.java:setRole(171)) - 24bc3d7e-0c9c-4a07-9432-ba9705483e95:group-A554F16BB3E7 changes role from CANDIDATE to FOLLOWER at term 1 for recognizeCandidate:11e07cc4-2815-49a6-9644-343718e24947
2019-08-02 04:04:47,962 INFO  impl.RoleInfo (RoleInfo.java:shutdownLeaderElection(134)) - 24bc3d7e-0c9c-4a07-9432-ba9705483e95: shutdown LeaderElection
2019-08-02 04:04:47,963 INFO  impl.RoleInfo (RoleInfo.java:updateAndGet(143)) - 24bc3d7e-0c9c-4a07-9432-ba9705483e95: start FollowerState
2019-08-02 04:04:47,982 INFO  impl.LeaderElection (LeaderElection.java:logAndReturn(56)) - 11e07cc4-2815-49a6-9644-343718e24947:group-A554F16BB3E7:LeaderElection11: Election PASSED; received 2 response(s) [11e07cc4-2815-49a6-9644-343718e24947<-8671fb5a-4fbf-4e50-b0d6-03783498dd0e#0:OK-t1, 11e07cc4-2815-49a6-9644-343718e24947<-24bc3d7e-0c9c-4a07-9432-ba9705483e95#0:FAIL-t1] and 0 exception(s); 11e07cc4-2815-49a6-9644-343718e24947:t1, leader=null, voted=11e07cc4-2815-49a6-9644-343718e24947, raftlog=11e07cc4-2815-49a6-9644-343718e24947-SegmentedRaftLog:OPENED:c-1,f-1,i0, conf=-1: [8671fb5a-4fbf-4e50-b0d6-03783498dd0e:192.168.157.195:45928, 11e07cc4-2815-49a6-9644-343718e24947:192.168.157.195:36751, 24bc3d7e-0c9c-4a07-9432-ba9705483e95:192.168.157.195:43938], old=null
2019-08-02 04:04:47,982 INFO  impl.RoleInfo (RoleInfo.java:shutdownLeaderElection(134)) - 11e07cc4-2815-49a6-9644-343718e24947: shutdown LeaderElection
2019-08-02 04:04:47,982 INFO  impl.RaftServerImpl (RaftServerImpl.java:setRole(171)) - 11e07cc4-2815-49a6-9644-343718e24947:group-A554F16BB3E7 changes role from CANDIDATE to LEADER at term 1 for changeToLeader
2019-08-02 04:04:47,985 INFO  impl.RaftServerImpl (ServerState.java:setLeader(263)) - 11e07cc4-2815-49a6-9644-343718e24947:group-A554F16BB3E7 change Leader from null to 11e07cc4-2815-49a6-9644-343718e24947 at term 1 for becomeLeader, leader elected after 5162ms
2019-08-02 04:04:47,985 INFO  server.RaftServerConfigKeys (ConfUtils.java:logGet(43)) - raft.server.staging.catchup.gap = 1000 (default)
2019-08-02 04:04:47,985 INFO  server.RaftServerConfigKeys (ConfUtils.java:logGet(43)) - raft.server.rpc.sleep.time = 25ms (default)
2019-08-02 04:04:47,985 INFO  server.RaftServerConfigKeys (ConfUtils.java:logGet(43)) - raft.server.write.element-limit = 4096 (default)
2019-08-02 04:04:47,986 INFO  server.RaftServerConfigKeys (ConfUtils.java:logGet(43)) - raft.server.watch.timeout = 10s (default)
2019-08-02 04:04:47,986 INFO  server.RaftServerConfigKeys (ConfUtils.java:logGet(43)) - raft.server.watch.timeout.denomination = 1s (default)
2019-08-02 04:04:47,986 INFO  server.RaftServerConfigKeys (ConfUtils.java:logGet(43)) - raft.server.watch.element-limit = 65536 (default)
2019-08-02 04:04:47,989 INFO  server.RaftServerConfigKeys (ConfUtils.java:logGet(43)) - raft.server.log.appender.snapshot.chunk.size.max = 16MB (=16777216) (default)
2019-08-02 04:04:47,989 INFO  server.RaftServerConfigKeys (ConfUtils.java:logGet(43)) - raft.server.log.appender.buffer.byte-limit = 33554432 (custom)
2019-08-02 04:04:47,990 INFO  server.RaftServerConfigKeys (ConfUtils.java:logGet(43)) - raft.server.log.appender.buffer.element-limit = 1 (custom)
2019-08-02 04:04:47,993 INFO  grpc.GrpcConfigKeys$Server (ConfUtils.java:logGet(43)) - raft.grpc.server.leader.outstanding.appends.max = 128 (default)
2019-08-02 04:04:47,994 INFO  server.RaftServerConfigKeys (ConfUtils.java:logGet(43)) - raft.server.rpc.request.timeout = 3000ms (default)
2019-08-02 04:04:47,994 INFO  server.RaftServerConfigKeys (ConfUtils.java:logGet(43)) - raft.server.log.appender.install.snapshot.enabled = false (custom)
2019-08-02 04:04:47,995 INFO  server.RaftServerConfigKeys (ConfUtils.java:logGet(43)) - raft.server.log.appender.snapshot.chunk.size.max = 16MB (=16777216) (default)
2019-08-02 04:04:47,995 INFO  server.RaftServerConfigKeys (ConfUtils.java:logGet(43)) - raft.server.log.appender.buffer.byte-limit = 33554432 (custom)
2019-08-02 04:04:47,995 INFO  server.RaftServerConfigKeys (ConfUtils.java:logGet(43)) - raft.server.log.appender.buffer.element-limit = 1 (custom)
2019-08-02 04:04:47,995 INFO  grpc.GrpcConfigKeys$Server (ConfUtils.java:logGet(43)) - raft.grpc.server.leader.outstanding.appends.max = 128 (default)
2019-08-02 04:04:47,995 INFO  server.RaftServerConfigKeys (ConfUtils.java:logGet(43)) - raft.server.rpc.request.timeout = 3000ms (default)
2019-08-02 04:04:47,995 INFO  server.RaftServerConfigKeys (ConfUtils.java:logGet(43)) - raft.server.log.appender.install.snapshot.enabled = false (custom)
2019-08-02 04:04:47,997 INFO  impl.RoleInfo (RoleInfo.java:updateAndGet(143)) - 11e07cc4-2815-49a6-9644-343718e24947: start LeaderState
2019-08-02 04:04:47,997 INFO  segmented.SegmentedRaftLogWorker (SegmentedRaftLogWorker.java:startLogSegment(380)) - 11e07cc4-2815-49a6-9644-343718e24947-SegmentedRaftLogWorker:Storage Directory /workdir/hadoop-ozone/integration-test/target/test-dir/MiniOzoneClusterImpl-aeec6eb3-b278-40e8-882d-ded1a49b8218/datanode-2/data/ratis/48b73e62-ef5f-4ef2-bc50-a554f16bb3e7: Starting segment from index:0
2019-08-02 04:04:47,998 INFO  impl.RaftServerImpl (ServerState.java:setRaftConf(361)) - 11e07cc4-2815-49a6-9644-343718e24947:group-A554F16BB3E7 set configuration 0: [8671fb5a-4fbf-4e50-b0d6-03783498dd0e:192.168.157.195:45928, 11e07cc4-2815-49a6-9644-343718e24947:192.168.157.195:36751, 24bc3d7e-0c9c-4a07-9432-ba9705483e95:192.168.157.195:43938], old=null at 0
2019-08-02 04:04:48,036 INFO  segmented.SegmentedRaftLogWorker (SegmentedRaftLogWorker.java:execute(569)) - 11e07cc4-2815-49a6-9644-343718e24947-SegmentedRaftLogWorker:Storage Directory /workdir/hadoop-ozone/integration-test/target/test-dir/MiniOzoneClusterImpl-aeec6eb3-b278-40e8-882d-ded1a49b8218/datanode-2/data/ratis/48b73e62-ef5f-4ef2-bc50-a554f16bb3e7: created new log segment /workdir/hadoop-ozone/integration-test/target/test-dir/MiniOzoneClusterImpl-aeec6eb3-b278-40e8-882d-ded1a49b8218/datanode-2/data/ratis/48b73e62-ef5f-4ef2-bc50-a554f16bb3e7/current/log_inprogress_0
2019-08-02 04:04:48,048 INFO  impl.RaftServerImpl (ServerState.java:setLeader(263)) - 24bc3d7e-0c9c-4a07-9432-ba9705483e95:group-A554F16BB3E7 change Leader from null to 11e07cc4-2815-49a6-9644-343718e24947 at term 1 for appendEntries, leader elected after 5226ms
2019-08-02 04:04:48,050 INFO  impl.RaftServerImpl (ServerState.java:setLeader(263)) - 8671fb5a-4fbf-4e50-b0d6-03783498dd0e:group-A554F16BB3E7 change Leader from null to 11e07cc4-2815-49a6-9644-343718e24947 at term 1 for appendEntries, leader elected after 5228ms
2019-08-02 04:04:48,095 INFO  impl.RaftServerImpl (ServerState.java:setRaftConf(361)) - 24bc3d7e-0c9c-4a07-9432-ba9705483e95:group-A554F16BB3E7 set configuration 0: [8671fb5a-4fbf-4e50-b0d6-03783498dd0e:192.168.157.195:45928, 11e07cc4-2815-49a6-9644-343718e24947:192.168.157.195:36751, 24bc3d7e-0c9c-4a07-9432-ba9705483e95:192.168.157.195:43938], old=null at 0
2019-08-02 04:04:48,095 INFO  impl.RaftServerImpl (ServerState.java:setRaftConf(361)) - 8671fb5a-4fbf-4e50-b0d6-03783498dd0e:group-A554F16BB3E7 set configuration 0: [8671fb5a-4fbf-4e50-b0d6-03783498dd0e:192.168.157.195:45928, 11e07cc4-2815-49a6-9644-343718e24947:192.168.157.195:36751, 24bc3d7e-0c9c-4a07-9432-ba9705483e95:192.168.157.195:43938], old=null at 0
2019-08-02 04:04:48,095 INFO  segmented.SegmentedRaftLogWorker (SegmentedRaftLogWorker.java:startLogSegment(380)) - 24bc3d7e-0c9c-4a07-9432-ba9705483e95-SegmentedRaftLogWorker:Storage Directory /workdir/hadoop-ozone/integration-test/target/test-dir/MiniOzoneClusterImpl-aeec6eb3-b278-40e8-882d-ded1a49b8218/datanode-4/data/ratis/48b73e62-ef5f-4ef2-bc50-a554f16bb3e7: Starting segment from index:0
2019-08-02 04:04:48,095 INFO  segmented.SegmentedRaftLogWorker (SegmentedRaftLogWorker.java:startLogSegment(380)) - 8671fb5a-4fbf-4e50-b0d6-03783498dd0e-SegmentedRaftLogWorker:Storage Directory /workdir/hadoop-ozone/integration-test/target/test-dir/MiniOzoneClusterImpl-aeec6eb3-b278-40e8-882d-ded1a49b8218/datanode-0/data/ratis/48b73e62-ef5f-4ef2-bc50-a554f16bb3e7: Starting segment from index:0
2019-08-02 04:04:48,126 INFO  segmented.SegmentedRaftLogWorker (SegmentedRaftLogWorker.java:execute(569)) - 8671fb5a-4fbf-4e50-b0d6-03783498dd0e-SegmentedRaftLogWorker:Storage Directory /workdir/hadoop-ozone/integration-test/target/test-dir/MiniOzoneClusterImpl-aeec6eb3-b278-40e8-882d-ded1a49b8218/datanode-0/data/ratis/48b73e62-ef5f-4ef2-bc50-a554f16bb3e7: created new log segment /workdir/hadoop-ozone/integration-test/target/test-dir/MiniOzoneClusterImpl-aeec6eb3-b278-40e8-882d-ded1a49b8218/datanode-0/data/ratis/48b73e62-ef5f-4ef2-bc50-a554f16bb3e7/current/log_inprogress_0
2019-08-02 04:04:48,126 INFO  segmented.SegmentedRaftLogWorker (SegmentedRaftLogWorker.java:execute(569)) - 24bc3d7e-0c9c-4a07-9432-ba9705483e95-SegmentedRaftLogWorker:Storage Directory /workdir/hadoop-ozone/integration-test/target/test-dir/MiniOzoneClusterImpl-aeec6eb3-b278-40e8-882d-ded1a49b8218/datanode-4/data/ratis/48b73e62-ef5f-4ef2-bc50-a554f16bb3e7: created new log segment /workdir/hadoop-ozone/integration-test/target/test-dir/MiniOzoneClusterImpl-aeec6eb3-b278-40e8-882d-ded1a49b8218/datanode-4/data/ratis/48b73e62-ef5f-4ef2-bc50-a554f16bb3e7/current/log_inprogress_0
2019-08-02 04:04:48,301 INFO  client.GrpcClientProtocolClient (GrpcClientProtocolClient.java:onNext(255)) - client-E29A480F3F1D->faf30cc2-09b5-45b5-a1b8-700f8cb23344: receive RaftClientReply:client-E29A480F3F1D->faf30cc2-09b5-45b5-a1b8-700f8cb23344@group-F0F8787FC39C, cid=13, FAILED org.apache.ratis.protocol.NotLeaderException: Server faf30cc2-09b5-45b5-a1b8-700f8cb23344 is not the leader (null). Request must be sent to leader., logIndex=0, commits[faf30cc2-09b5-45b5-a1b8-700f8cb23344:c-1]
2019-08-02 04:04:49,327 INFO  client.GrpcClientProtocolClient (GrpcClientProtocolClient.java:onNext(255)) - client-E29A480F3F1D->e067c9fb-d080-4f42-b6b8-c2e0c1743bb2: receive RaftClientReply:client-E29A480F3F1D->e067c9fb-d080-4f42-b6b8-c2e0c1743bb2@group-F0F8787FC39C, cid=13, FAILED org.apache.ratis.protocol.NotLeaderException: Server e067c9fb-d080-4f42-b6b8-c2e0c1743bb2 is not the leader (null). Request must be sent to leader., logIndex=0, commits[e067c9fb-d080-4f42-b6b8-c2e0c1743bb2:c-1]
2019-08-02 04:04:50,354 INFO  client.GrpcClientProtocolClient (GrpcClientProtocolClient.java:onNext(255)) - client-E29A480F3F1D->320d30ba-a9a6-45ed-a240-9f96a2f7937d: receive RaftClientReply:client-E29A480F3F1D->320d30ba-a9a6-45ed-a240-9f96a2f7937d@group-F0F8787FC39C, cid=13, FAILED org.apache.ratis.protocol.NotLeaderException: Server 320d30ba-a9a6-45ed-a240-9f96a2f7937d is not the leader (null). Request must be sent to leader., logIndex=0, commits[320d30ba-a9a6-45ed-a240-9f96a2f7937d:c-1]
2019-08-02 04:04:51,380 INFO  client.GrpcClientProtocolClient (GrpcClientProtocolClient.java:onNext(255)) - client-E29A480F3F1D->e067c9fb-d080-4f42-b6b8-c2e0c1743bb2: receive RaftClientReply:client-E29A480F3F1D->e067c9fb-d080-4f42-b6b8-c2e0c1743bb2@group-F0F8787FC39C, cid=13, FAILED org.apache.ratis.protocol.NotLeaderException: Server e067c9fb-d080-4f42-b6b8-c2e0c1743bb2 is not the leader (null). Request must be sent to leader., logIndex=0, commits[e067c9fb-d080-4f42-b6b8-c2e0c1743bb2:c-1]
2019-08-02 04:04:52,404 INFO  client.GrpcClientProtocolClient (GrpcClientProtocolClient.java:onNext(255)) - client-E29A480F3F1D->faf30cc2-09b5-45b5-a1b8-700f8cb23344: receive RaftClientReply:client-E29A480F3F1D->faf30cc2-09b5-45b5-a1b8-700f8cb23344@group-F0F8787FC39C, cid=13, FAILED org.apache.ratis.protocol.NotLeaderException: Server faf30cc2-09b5-45b5-a1b8-700f8cb23344 is not the leader (null). Request must be sent to leader., logIndex=0, commits[faf30cc2-09b5-45b5-a1b8-700f8cb23344:c-1]
2019-08-02 04:04:53,012 INFO  impl.FollowerState (FollowerState.java:run(106)) - e067c9fb-d080-4f42-b6b8-c2e0c1743bb2:group-F0F8787FC39C changes to CANDIDATE, lastRpcTime:5060, electionTimeout:5059ms
2019-08-02 04:04:53,012 INFO  impl.RoleInfo (RoleInfo.java:shutdownFollowerState(121)) - e067c9fb-d080-4f42-b6b8-c2e0c1743bb2: shutdown FollowerState
2019-08-02 04:04:53,012 INFO  impl.RaftServerImpl (RaftServerImpl.java:setRole(171)) - e067c9fb-d080-4f42-b6b8-c2e0c1743bb2:group-F0F8787FC39C changes role from FOLLOWER to CANDIDATE at term 1 for changeToCandidate
2019-08-02 04:04:53,012 INFO  impl.RoleInfo (RoleInfo.java:updateAndGet(143)) - e067c9fb-d080-4f42-b6b8-c2e0c1743bb2: start LeaderElection
2019-08-02 04:04:53,030 INFO  impl.LeaderElection (LeaderElection.java:askForVotes(181)) - e067c9fb-d080-4f42-b6b8-c2e0c1743bb2:group-F0F8787FC39C:LeaderElection13: begin an election at term 2 for -1: [faf30cc2-09b5-45b5-a1b8-700f8cb23344:192.168.157.195:41778, e067c9fb-d080-4f42-b6b8-c2e0c1743bb2:192.168.157.195:43507, 320d30ba-a9a6-45ed-a240-9f96a2f7937d:192.168.157.195:38950], old=null
2019-08-02 04:04:53,037 INFO  impl.RaftServerImpl (RaftServerImpl.java:setRole(171)) - faf30cc2-09b5-45b5-a1b8-700f8cb23344:group-F0F8787FC39C changes role from FOLLOWER to FOLLOWER at term 2 for recognizeCandidate:e067c9fb-d080-4f42-b6b8-c2e0c1743bb2
2019-08-02 04:04:53,037 INFO  impl.RaftServerImpl (RaftServerImpl.java:setRole(171)) - 320d30ba-a9a6-45ed-a240-9f96a2f7937d:group-F0F8787FC39C changes role from FOLLOWER to FOLLOWER at term 2 for recognizeCandidate:e067c9fb-d080-4f42-b6b8-c2e0c1743bb2
2019-08-02 04:04:53,037 INFO  impl.RoleInfo (RoleInfo.java:shutdownFollowerState(121)) - faf30cc2-09b5-45b5-a1b8-700f8cb23344: shutdown FollowerState
2019-08-02 04:04:53,037 INFO  impl.RoleInfo (RoleInfo.java:shutdownFollowerState(121)) - 320d30ba-a9a6-45ed-a240-9f96a2f7937d: shutdown FollowerState
2019-08-02 04:04:53,037 INFO  impl.RoleInfo (RoleInfo.java:updateAndGet(143)) - faf30cc2-09b5-45b5-a1b8-700f8cb23344: start FollowerState
2019-08-02 04:04:53,038 INFO  impl.RoleInfo (RoleInfo.java:updateAndGet(143)) - 320d30ba-a9a6-45ed-a240-9f96a2f7937d: start FollowerState
2019-08-02 04:04:53,038 INFO  impl.FollowerState (FollowerState.java:run(114)) - faf30cc2-09b5-45b5-a1b8-700f8cb23344: FollowerState was interrupted: java.lang.InterruptedException: sleep interrupted
2019-08-02 04:04:53,038 INFO  impl.FollowerState (FollowerState.java:run(114)) - 320d30ba-a9a6-45ed-a240-9f96a2f7937d: FollowerState was interrupted: java.lang.InterruptedException: sleep interrupted
2019-08-02 04:04:53,058 INFO  impl.LeaderElection (LeaderElection.java:logAndReturn(56)) - e067c9fb-d080-4f42-b6b8-c2e0c1743bb2:group-F0F8787FC39C:LeaderElection13: Election PASSED; received 1 response(s) [e067c9fb-d080-4f42-b6b8-c2e0c1743bb2<-320d30ba-a9a6-45ed-a240-9f96a2f7937d#0:OK-t2] and 0 exception(s); e067c9fb-d080-4f42-b6b8-c2e0c1743bb2:t2, leader=null, voted=e067c9fb-d080-4f42-b6b8-c2e0c1743bb2, raftlog=e067c9fb-d080-4f42-b6b8-c2e0c1743bb2-SegmentedRaftLog:OPENED:c-1,f-1,i0, conf=-1: [faf30cc2-09b5-45b5-a1b8-700f8cb23344:192.168.157.195:41778, e067c9fb-d080-4f42-b6b8-c2e0c1743bb2:192.168.157.195:43507, 320d30ba-a9a6-45ed-a240-9f96a2f7937d:192.168.157.195:38950], old=null
2019-08-02 04:04:53,058 INFO  impl.RoleInfo (RoleInfo.java:shutdownLeaderElection(134)) - e067c9fb-d080-4f42-b6b8-c2e0c1743bb2: shutdown LeaderElection
2019-08-02 04:04:53,061 INFO  impl.RaftServerImpl (RaftServerImpl.java:setRole(171)) - e067c9fb-d080-4f42-b6b8-c2e0c1743bb2:group-F0F8787FC39C changes role from CANDIDATE to LEADER at term 2 for changeToLeader
2019-08-02 04:04:53,061 INFO  impl.RaftServerImpl (ServerState.java:setLeader(263)) - e067c9fb-d080-4f42-b6b8-c2e0c1743bb2:group-F0F8787FC39C change Leader from null to e067c9fb-d080-4f42-b6b8-c2e0c1743bb2 at term 2 for becomeLeader, leader elected after 10375ms
2019-08-02 04:04:53,061 INFO  server.RaftServerConfigKeys (ConfUtils.java:logGet(43)) - raft.server.staging.catchup.gap = 1000 (default)
2019-08-02 04:04:53,061 INFO  server.RaftServerConfigKeys (ConfUtils.java:logGet(43)) - raft.server.rpc.sleep.time = 25ms (default)
2019-08-02 04:04:53,062 INFO  server.RaftServerConfigKeys (ConfUtils.java:logGet(43)) - raft.server.write.element-limit = 4096 (default)
2019-08-02 04:04:53,062 INFO  server.RaftServerConfigKeys (ConfUtils.java:logGet(43)) - raft.server.watch.timeout = 10s (default)
2019-08-02 04:04:53,062 INFO  server.RaftServerConfigKeys (ConfUtils.java:logGet(43)) - raft.server.watch.timeout.denomination = 1s (default)
2019-08-02 04:04:53,062 INFO  server.RaftServerConfigKeys (ConfUtils.java:logGet(43)) - raft.server.watch.element-limit = 65536 (default)
2019-08-02 04:04:53,063 INFO  server.RaftServerConfigKeys (ConfUtils.java:logGet(43)) - raft.server.log.appender.snapshot.chunk.size.max = 16MB (=16777216) (default)
2019-08-02 04:04:53,063 INFO  server.RaftServerConfigKeys (ConfUtils.java:logGet(43)) - raft.server.log.appender.buffer.byte-limit = 33554432 (custom)
2019-08-02 04:04:53,063 INFO  server.RaftServerConfigKeys (ConfUtils.java:logGet(43)) - raft.server.log.appender.buffer.element-limit = 1 (custom)
2019-08-02 04:04:53,063 INFO  grpc.GrpcConfigKeys$Server (ConfUtils.java:logGet(43)) - raft.grpc.server.leader.outstanding.appends.max = 128 (default)
2019-08-02 04:04:53,064 INFO  server.RaftServerConfigKeys (ConfUtils.java:logGet(43)) - raft.server.rpc.request.timeout = 3000ms (default)
2019-08-02 04:04:53,064 INFO  server.RaftServerConfigKeys (ConfUtils.java:logGet(43)) - raft.server.log.appender.install.snapshot.enabled = false (custom)
2019-08-02 04:04:53,064 INFO  server.RaftServerConfigKeys (ConfUtils.java:logGet(43)) - raft.server.log.appender.snapshot.chunk.size.max = 16MB (=16777216) (default)
2019-08-02 04:04:53,064 INFO  server.RaftServerConfigKeys (ConfUtils.java:logGet(43)) - raft.server.log.appender.buffer.byte-limit = 33554432 (custom)
2019-08-02 04:04:53,064 INFO  server.RaftServerConfigKeys (ConfUtils.java:logGet(43)) - raft.server.log.appender.buffer.element-limit = 1 (custom)
2019-08-02 04:04:53,065 INFO  grpc.GrpcConfigKeys$Server (ConfUtils.java:logGet(43)) - raft.grpc.server.leader.outstanding.appends.max = 128 (default)
2019-08-02 04:04:53,065 INFO  server.RaftServerConfigKeys (ConfUtils.java:logGet(43)) - raft.server.rpc.request.timeout = 3000ms (default)
2019-08-02 04:04:53,065 INFO  server.RaftServerConfigKeys (ConfUtils.java:logGet(43)) - raft.server.log.appender.install.snapshot.enabled = false (custom)
2019-08-02 04:04:53,065 INFO  impl.RoleInfo (RoleInfo.java:updateAndGet(143)) - e067c9fb-d080-4f42-b6b8-c2e0c1743bb2: start LeaderState
2019-08-02 04:04:53,066 INFO  segmented.SegmentedRaftLogWorker (SegmentedRaftLogWorker.java:startLogSegment(380)) - e067c9fb-d080-4f42-b6b8-c2e0c1743bb2-SegmentedRaftLogWorker:Storage Directory /workdir/hadoop-ozone/integration-test/target/test-dir/MiniOzoneClusterImpl-aeec6eb3-b278-40e8-882d-ded1a49b8218/datanode-5/data/ratis/741faea4-2505-4149-9ea4-f0f8787fc39c: Starting segment from index:0
2019-08-02 04:04:53,067 INFO  impl.RaftServerImpl (ServerState.java:setRaftConf(361)) - e067c9fb-d080-4f42-b6b8-c2e0c1743bb2:group-F0F8787FC39C set configuration 0: [faf30cc2-09b5-45b5-a1b8-700f8cb23344:192.168.157.195:41778, e067c9fb-d080-4f42-b6b8-c2e0c1743bb2:192.168.157.195:43507, 320d30ba-a9a6-45ed-a240-9f96a2f7937d:192.168.157.195:38950], old=null at 0
2019-08-02 04:04:53,089 INFO  impl.RaftServerImpl (ServerState.java:setLeader(263)) - 320d30ba-a9a6-45ed-a240-9f96a2f7937d:group-F0F8787FC39C change Leader from null to e067c9fb-d080-4f42-b6b8-c2e0c1743bb2 at term 2 for appendEntries, leader elected after 10404ms
2019-08-02 04:04:53,092 INFO  impl.RaftServerImpl (ServerState.java:setLeader(263)) - faf30cc2-09b5-45b5-a1b8-700f8cb23344:group-F0F8787FC39C change Leader from null to e067c9fb-d080-4f42-b6b8-c2e0c1743bb2 at term 2 for appendEntries, leader elected after 10406ms
2019-08-02 04:04:53,096 INFO  impl.RaftServerImpl (ServerState.java:setRaftConf(361)) - 320d30ba-a9a6-45ed-a240-9f96a2f7937d:group-F0F8787FC39C set configuration 0: [faf30cc2-09b5-45b5-a1b8-700f8cb23344:192.168.157.195:41778, e067c9fb-d080-4f42-b6b8-c2e0c1743bb2:192.168.157.195:43507, 320d30ba-a9a6-45ed-a240-9f96a2f7937d:192.168.157.195:38950], old=null at 0
2019-08-02 04:04:53,096 INFO  impl.RaftServerImpl (ServerState.java:setRaftConf(361)) - faf30cc2-09b5-45b5-a1b8-700f8cb23344:group-F0F8787FC39C set configuration 0: [faf30cc2-09b5-45b5-a1b8-700f8cb23344:192.168.157.195:41778, e067c9fb-d080-4f42-b6b8-c2e0c1743bb2:192.168.157.195:43507, 320d30ba-a9a6-45ed-a240-9f96a2f7937d:192.168.157.195:38950], old=null at 0
2019-08-02 04:04:53,097 INFO  segmented.SegmentedRaftLogWorker (SegmentedRaftLogWorker.java:startLogSegment(380)) - 320d30ba-a9a6-45ed-a240-9f96a2f7937d-SegmentedRaftLogWorker:Storage Directory /workdir/hadoop-ozone/integration-test/target/test-dir/MiniOzoneClusterImpl-aeec6eb3-b278-40e8-882d-ded1a49b8218/datanode-1/data/ratis/741faea4-2505-4149-9ea4-f0f8787fc39c: Starting segment from index:0
2019-08-02 04:04:53,097 INFO  segmented.SegmentedRaftLogWorker (SegmentedRaftLogWorker.java:startLogSegment(380)) - faf30cc2-09b5-45b5-a1b8-700f8cb23344-SegmentedRaftLogWorker:Storage Directory /workdir/hadoop-ozone/integration-test/target/test-dir/MiniOzoneClusterImpl-aeec6eb3-b278-40e8-882d-ded1a49b8218/datanode-3/data/ratis/741faea4-2505-4149-9ea4-f0f8787fc39c: Starting segment from index:0
2019-08-02 04:04:53,099 INFO  segmented.SegmentedRaftLogWorker (SegmentedRaftLogWorker.java:execute(569)) - e067c9fb-d080-4f42-b6b8-c2e0c1743bb2-SegmentedRaftLogWorker:Storage Directory /workdir/hadoop-ozone/integration-test/target/test-dir/MiniOzoneClusterImpl-aeec6eb3-b278-40e8-882d-ded1a49b8218/datanode-5/data/ratis/741faea4-2505-4149-9ea4-f0f8787fc39c: created new log segment /workdir/hadoop-ozone/integration-test/target/test-dir/MiniOzoneClusterImpl-aeec6eb3-b278-40e8-882d-ded1a49b8218/datanode-5/data/ratis/741faea4-2505-4149-9ea4-f0f8787fc39c/current/log_inprogress_0
2019-08-02 04:04:53,129 INFO  segmented.SegmentedRaftLogWorker (SegmentedRaftLogWorker.java:execute(569)) - faf30cc2-09b5-45b5-a1b8-700f8cb23344-SegmentedRaftLogWorker:Storage Directory /workdir/hadoop-ozone/integration-test/target/test-dir/MiniOzoneClusterImpl-aeec6eb3-b278-40e8-882d-ded1a49b8218/datanode-3/data/ratis/741faea4-2505-4149-9ea4-f0f8787fc39c: created new log segment /workdir/hadoop-ozone/integration-test/target/test-dir/MiniOzoneClusterImpl-aeec6eb3-b278-40e8-882d-ded1a49b8218/datanode-3/data/ratis/741faea4-2505-4149-9ea4-f0f8787fc39c/current/log_inprogress_0
2019-08-02 04:04:53,129 INFO  segmented.SegmentedRaftLogWorker (SegmentedRaftLogWorker.java:execute(569)) - 320d30ba-a9a6-45ed-a240-9f96a2f7937d-SegmentedRaftLogWorker:Storage Directory /workdir/hadoop-ozone/integration-test/target/test-dir/MiniOzoneClusterImpl-aeec6eb3-b278-40e8-882d-ded1a49b8218/datanode-1/data/ratis/741faea4-2505-4149-9ea4-f0f8787fc39c: created new log segment /workdir/hadoop-ozone/integration-test/target/test-dir/MiniOzoneClusterImpl-aeec6eb3-b278-40e8-882d-ded1a49b8218/datanode-1/data/ratis/741faea4-2505-4149-9ea4-f0f8787fc39c/current/log_inprogress_0
2019-08-02 04:04:53,428 INFO  client.GrpcClientProtocolClient (GrpcClientProtocolClient.java:onNext(255)) - client-E29A480F3F1D->320d30ba-a9a6-45ed-a240-9f96a2f7937d: receive RaftClientReply:client-E29A480F3F1D->320d30ba-a9a6-45ed-a240-9f96a2f7937d@group-F0F8787FC39C, cid=13, FAILED org.apache.ratis.protocol.NotLeaderException: Server 320d30ba-a9a6-45ed-a240-9f96a2f7937d is not the leader (e067c9fb-d080-4f42-b6b8-c2e0c1743bb2:192.168.157.195:43507). Request must be sent to leader., logIndex=0, commits[320d30ba-a9a6-45ed-a240-9f96a2f7937d:c-1, faf30cc2-09b5-45b5-a1b8-700f8cb23344:c-1, e067c9fb-d080-4f42-b6b8-c2e0c1743bb2:c-1]
2019-08-02 04:04:53,693 INFO  client.GrpcClientProtocolClient (GrpcClientProtocolClient.java:onNext(255)) - client-E29A480F3F1D->e067c9fb-d080-4f42-b6b8-c2e0c1743bb2: receive RaftClientReply:client-E29A480F3F1D->e067c9fb-d080-4f42-b6b8-c2e0c1743bb2@group-F0F8787FC39C, cid=13, SUCCESS, logIndex=1, commits[e067c9fb-d080-4f42-b6b8-c2e0c1743bb2:c1, faf30cc2-09b5-45b5-a1b8-700f8cb23344:c0, 320d30ba-a9a6-45ed-a240-9f96a2f7937d:c0]
2019-08-02 04:04:53,743 INFO  client.GrpcClientProtocolClient (GrpcClientProtocolClient.java:onNext(255)) - client-E29A480F3F1D->e067c9fb-d080-4f42-b6b8-c2e0c1743bb2: receive RaftClientReply:client-E29A480F3F1D->e067c9fb-d080-4f42-b6b8-c2e0c1743bb2@group-F0F8787FC39C, cid=14, SUCCESS, logIndex=3, commits[e067c9fb-d080-4f42-b6b8-c2e0c1743bb2:c4, faf30cc2-09b5-45b5-a1b8-700f8cb23344:c2, 320d30ba-a9a6-45ed-a240-9f96a2f7937d:c2]
2019-08-02 04:04:53,802 INFO  client.GrpcClientProtocolClient (GrpcClientProtocolClient.java:onNext(255)) - client-E29A480F3F1D->e067c9fb-d080-4f42-b6b8-c2e0c1743bb2: receive RaftClientReply:client-E29A480F3F1D->e067c9fb-d080-4f42-b6b8-c2e0c1743bb2@group-F0F8787FC39C, cid=15, SUCCESS, logIndex=4, commits[e067c9fb-d080-4f42-b6b8-c2e0c1743bb2:c12, faf30cc2-09b5-45b5-a1b8-700f8cb23344:c9, 320d30ba-a9a6-45ed-a240-9f96a2f7937d:c9]
2019-08-02 04:04:53,806 INFO  client.GrpcClientProtocolClient (GrpcClientProtocolClient.java:onNext(255)) - client-E29A480F3F1D->e067c9fb-d080-4f42-b6b8-c2e0c1743bb2: receive RaftClientReply:client-E29A480F3F1D->e067c9fb-d080-4f42-b6b8-c2e0c1743bb2@group-F0F8787FC39C, cid=16, SUCCESS, logIndex=5, commits[e067c9fb-d080-4f42-b6b8-c2e0c1743bb2:c12, faf30cc2-09b5-45b5-a1b8-700f8cb23344:c9, 320d30ba-a9a6-45ed-a240-9f96a2f7937d:c9]
2019-08-02 04:04:53,807 INFO  client.GrpcClientProtocolClient (GrpcClientProtocolClient.java:onNext(255)) - client-E29A480F3F1D->e067c9fb-d080-4f42-b6b8-c2e0c1743bb2: receive RaftClientReply:client-E29A480F3F1D->e067c9fb-d080-4f42-b6b8-c2e0c1743bb2@group-F0F8787FC39C, cid=17, SUCCESS, logIndex=6, commits[e067c9fb-d080-4f42-b6b8-c2e0c1743bb2:c12, faf30cc2-09b5-45b5-a1b8-700f8cb23344:c9, 320d30ba-a9a6-45ed-a240-9f96a2f7937d:c9]
2019-08-02 04:04:53,899 INFO  client.GrpcClientProtocolClient (GrpcClientProtocolClient.java:onNext(255)) - client-E29A480F3F1D->e067c9fb-d080-4f42-b6b8-c2e0c1743bb2: receive RaftClientReply:client-E29A480F3F1D->e067c9fb-d080-4f42-b6b8-c2e0c1743bb2@group-F0F8787FC39C, cid=18, SUCCESS, logIndex=9, commits[e067c9fb-d080-4f42-b6b8-c2e0c1743bb2:c12, faf30cc2-09b5-45b5-a1b8-700f8cb23344:c9, 320d30ba-a9a6-45ed-a240-9f96a2f7937d:c9]
2019-08-02 04:04:53,941 INFO  client.GrpcClientProtocolClient (GrpcClientProtocolClient.java:onNext(255)) - client-E29A480F3F1D->e067c9fb-d080-4f42-b6b8-c2e0c1743bb2: receive RaftClientReply:client-E29A480F3F1D->e067c9fb-d080-4f42-b6b8-c2e0c1743bb2@group-F0F8787FC39C, cid=19, SUCCESS, logIndex=13, commits[e067c9fb-d080-4f42-b6b8-c2e0c1743bb2:c14, faf30cc2-09b5-45b5-a1b8-700f8cb23344:c12, 320d30ba-a9a6-45ed-a240-9f96a2f7937d:c12]
2019-08-02 04:04:53,943 INFO  client.GrpcClientProtocolClient (GrpcClientProtocolClient.java:onNext(255)) - client-E29A480F3F1D->e067c9fb-d080-4f42-b6b8-c2e0c1743bb2: receive RaftClientReply:client-E29A480F3F1D->e067c9fb-d080-4f42-b6b8-c2e0c1743bb2@group-F0F8787FC39C, cid=20, SUCCESS, logIndex=14, commits[e067c9fb-d080-4f42-b6b8-c2e0c1743bb2:c14, faf30cc2-09b5-45b5-a1b8-700f8cb23344:c12, 320d30ba-a9a6-45ed-a240-9f96a2f7937d:c12]
2019-08-02 04:04:53,969 INFO  client.GrpcClientProtocolClient (GrpcClientProtocolClient.java:onNext(255)) - client-E29A480F3F1D->e067c9fb-d080-4f42-b6b8-c2e0c1743bb2: receive RaftClientReply:client-E29A480F3F1D->e067c9fb-d080-4f42-b6b8-c2e0c1743bb2@group-F0F8787FC39C, cid=21, SUCCESS, logIndex=0, commits[e067c9fb-d080-4f42-b6b8-c2e0c1743bb2:c15, faf30cc2-09b5-45b5-a1b8-700f8cb23344:c14, 320d30ba-a9a6-45ed-a240-9f96a2f7937d:c14]
2019-08-02 04:04:53,971 INFO  datanode.ObjectStoreHandler (ObjectStoreHandler.java:close(155)) - Closing ObjectStoreHandler.
2019-08-02 04:04:53,972 INFO  ozone.HddsDatanodeService (HddsDatanodeService.java:stop(451)) - Stopped plug-in org.apache.hadoop.ozone.web.OzoneHddsDatanodeService@20d19f2c
2019-08-02 04:04:54,657 INFO  statemachine.DatanodeStateMachine (DatanodeStateMachine.java:lambda$startDaemon$0(350)) - Ozone container server started.
2019-08-02 04:04:58,700 INFO  node.StaleNodeHandler (StaleNodeHandler.java:onMessage(58)) - Datanode 320d30ba-a9a6-45ed-a240-9f96a2f7937d{ip: 192.168.157.195, host: byscane-nightly-xzrzg-2697134946, networkLocation: /default-rack, certSerialId: null} moved to stale state. Finalizing its pipelines [PipelineID=741faea4-2505-4149-9ea4-f0f8787fc39c, PipelineID=e9a95ebe-af84-4cfa-b33f-ccfb56a489e5]
2019-08-02 04:04:58,701 INFO  pipeline.SCMPipelineManager (SCMPipelineManager.java:finalizeAndDestroyPipeline(309)) - destroying pipeline:Pipeline[ Id: 741faea4-2505-4149-9ea4-f0f8787fc39c, Nodes: 320d30ba-a9a6-45ed-a240-9f96a2f7937d{ip: 192.168.157.195, host: byscane-nightly-xzrzg-2697134946, networkLocation: /default-rack, certSerialId: null}faf30cc2-09b5-45b5-a1b8-700f8cb23344{ip: 192.168.157.195, host: byscane-nightly-xzrzg-2697134946, networkLocation: /default-rack, certSerialId: null}e067c9fb-d080-4f42-b6b8-c2e0c1743bb2{ip: 192.168.157.195, host: byscane-nightly-xzrzg-2697134946, networkLocation: /default-rack, certSerialId: null}, Type:RATIS, Factor:THREE, State:OPEN]
2019-08-02 04:04:58,702 INFO  pipeline.PipelineStateManager (PipelineStateManager.java:finalizePipeline(123)) - Pipeline Pipeline[ Id: 741faea4-2505-4149-9ea4-f0f8787fc39c, Nodes: 320d30ba-a9a6-45ed-a240-9f96a2f7937d{ip: 192.168.157.195, host: byscane-nightly-xzrzg-2697134946, networkLocation: /default-rack, certSerialId: null}faf30cc2-09b5-45b5-a1b8-700f8cb23344{ip: 192.168.157.195, host: byscane-nightly-xzrzg-2697134946, networkLocation: /default-rack, certSerialId: null}e067c9fb-d080-4f42-b6b8-c2e0c1743bb2{ip: 192.168.157.195, host: byscane-nightly-xzrzg-2697134946, networkLocation: /default-rack, certSerialId: null}, Type:RATIS, Factor:THREE, State:CLOSED] moved to CLOSED state
2019-08-02 04:04:58,703 INFO  container.CloseContainerEventHandler (CloseContainerEventHandler.java:onMessage(61)) - Close container Event triggered for container : #1
2019-08-02 04:04:58,706 INFO  pipeline.SCMPipelineManager (SCMPipelineManager.java:finalizeAndDestroyPipeline(309)) - destroying pipeline:Pipeline[ Id: e9a95ebe-af84-4cfa-b33f-ccfb56a489e5, Nodes: 320d30ba-a9a6-45ed-a240-9f96a2f7937d{ip: 192.168.157.195, host: byscane-nightly-xzrzg-2697134946, networkLocation: /default-rack, certSerialId: null}, Type:RATIS, Factor:ONE, State:OPEN]
2019-08-02 04:04:58,709 INFO  pipeline.PipelineStateManager (PipelineStateManager.java:finalizePipeline(123)) - Pipeline Pipeline[ Id: e9a95ebe-af84-4cfa-b33f-ccfb56a489e5, Nodes: 320d30ba-a9a6-45ed-a240-9f96a2f7937d{ip: 192.168.157.195, host: byscane-nightly-xzrzg-2697134946, networkLocation: /default-rack, certSerialId: null}, Type:RATIS, Factor:ONE, State:CLOSED] moved to CLOSED state
2019-08-02 04:04:58,975 INFO  ozoneimpl.OzoneContainer (OzoneContainer.java:stop(199)) - Attempting to stop container services.
2019-08-02 04:04:58,976 INFO  impl.RaftServerProxy (RaftServerProxy.java:lambda$close$4(314)) - 320d30ba-a9a6-45ed-a240-9f96a2f7937d: close
2019-08-02 04:04:58,978 INFO  impl.RaftServerImpl (RaftServerImpl.java:lambda$shutdown$3(245)) - 320d30ba-a9a6-45ed-a240-9f96a2f7937d: shutdown group-F0F8787FC39C
2019-08-02 04:04:58,978 INFO  util.JmxRegister (JmxRegister.java:unregister(73)) - Successfully un-registered JMX Bean with object name Ratis:service=RaftServer,group=group-F0F8787FC39C,id=320d30ba-a9a6-45ed-a240-9f96a2f7937d
2019-08-02 04:04:58,979 INFO  impl.RoleInfo (RoleInfo.java:shutdownFollowerState(121)) - 320d30ba-a9a6-45ed-a240-9f96a2f7937d: shutdown FollowerState
2019-08-02 04:04:58,979 INFO  impl.StateMachineUpdater (StateMachineUpdater.java:stopAndJoin(115)) - StateMachineUpdater:320d30ba-a9a6-45ed-a240-9f96a2f7937d:group-F0F8787FC39C: set stopIndex = 16
2019-08-02 04:04:58,980 INFO  ratis.ContainerStateMachine (ContainerStateMachine.java:takeSnapshot(262)) - group-F0F8787FC39C: Taking a snapshot at:(t:2, i:14) file /workdir/hadoop-ozone/integration-test/target/test-dir/MiniOzoneClusterImpl-aeec6eb3-b278-40e8-882d-ded1a49b8218/datanode-1/data/ratis/741faea4-2505-4149-9ea4-f0f8787fc39c/sm/snapshot.2_14
2019-08-02 04:04:58,979 INFO  impl.FollowerState (FollowerState.java:run(114)) - 320d30ba-a9a6-45ed-a240-9f96a2f7937d: FollowerState was interrupted: java.lang.InterruptedException: sleep interrupted
2019-08-02 04:04:59,007 INFO  ratis.ContainerStateMachine (ContainerStateMachine.java:takeSnapshot(273)) - group-F0F8787FC39C: Finished taking a snapshot at:(t:2, i:14) file:/workdir/hadoop-ozone/integration-test/target/test-dir/MiniOzoneClusterImpl-aeec6eb3-b278-40e8-882d-ded1a49b8218/datanode-1/data/ratis/741faea4-2505-4149-9ea4-f0f8787fc39c/sm/snapshot.2_14 time:28
2019-08-02 04:04:59,007 INFO  impl.StateMachineUpdater (StateMachineUpdater.java:takeSnapshot(242)) - StateMachineUpdater:320d30ba-a9a6-45ed-a240-9f96a2f7937d:group-F0F8787FC39C: Took a snapshot at index 14
2019-08-02 04:04:59,009 INFO  impl.StateMachineUpdater (StateMachineUpdater.java:lambda$new$0(80)) - StateMachineUpdater:320d30ba-a9a6-45ed-a240-9f96a2f7937d:group-F0F8787FC39C: snapshotIndex: updateIncreasingly -1 -> 14
2019-08-02 04:04:59,015 INFO  impl.RaftServerImpl (ServerState.java:close(394)) - 320d30ba-a9a6-45ed-a240-9f96a2f7937d:group-F0F8787FC39C closes. The last applied log index is 16
2019-08-02 04:04:59,017 INFO  segmented.SegmentedRaftLogWorker (SegmentedRaftLogWorker.java:run(313)) - 320d30ba-a9a6-45ed-a240-9f96a2f7937d-SegmentedRaftLogWorker:Storage Directory /workdir/hadoop-ozone/integration-test/target/test-dir/MiniOzoneClusterImpl-aeec6eb3-b278-40e8-882d-ded1a49b8218/datanode-1/data/ratis/741faea4-2505-4149-9ea4-f0f8787fc39c was interrupted, exiting. There are 0 tasks remaining in the queue.
2019-08-02 04:04:59,020 INFO  segmented.SegmentedRaftLogWorker (SegmentedRaftLogWorker.java:close(228)) - 320d30ba-a9a6-45ed-a240-9f96a2f7937d-SegmentedRaftLogWorker:Storage Directory /workdir/hadoop-ozone/integration-test/target/test-dir/MiniOzoneClusterImpl-aeec6eb3-b278-40e8-882d-ded1a49b8218/datanode-1/data/ratis/741faea4-2505-4149-9ea4-f0f8787fc39c close()
2019-08-02 04:04:59,024 INFO  impl.RaftServerImpl (RaftServerImpl.java:lambda$shutdown$3(245)) - 320d30ba-a9a6-45ed-a240-9f96a2f7937d: shutdown group-CCFB56A489E5
2019-08-02 04:04:59,024 INFO  util.JmxRegister (JmxRegister.java:unregister(73)) - Successfully un-registered JMX Bean with object name Ratis:service=RaftServer,group=group-CCFB56A489E5,id=320d30ba-a9a6-45ed-a240-9f96a2f7937d
2019-08-02 04:04:59,025 INFO  impl.RoleInfo (RoleInfo.java:shutdownLeaderState(104)) - 320d30ba-a9a6-45ed-a240-9f96a2f7937d: shutdown LeaderState
2019-08-02 04:04:59,026 INFO  impl.PendingRequests (PendingRequests.java:sendNotLeaderResponses(202)) - 320d30ba-a9a6-45ed-a240-9f96a2f7937d-PendingRequests: sendNotLeaderResponses
2019-08-02 04:04:59,028 INFO  impl.StateMachineUpdater (StateMachineUpdater.java:stopAndJoin(115)) - StateMachineUpdater:320d30ba-a9a6-45ed-a240-9f96a2f7937d:group-CCFB56A489E5: set stopIndex = 0
2019-08-02 04:04:59,028 INFO  impl.RaftServerImpl (ServerState.java:close(394)) - 320d30ba-a9a6-45ed-a240-9f96a2f7937d:group-CCFB56A489E5 closes. The last applied log index is 0
2019-08-02 04:04:59,029 INFO  segmented.SegmentedRaftLogWorker (SegmentedRaftLogWorker.java:run(313)) - 320d30ba-a9a6-45ed-a240-9f96a2f7937d-SegmentedRaftLogWorker:Storage Directory /workdir/hadoop-ozone/integration-test/target/test-dir/MiniOzoneClusterImpl-aeec6eb3-b278-40e8-882d-ded1a49b8218/datanode-1/data/ratis/e9a95ebe-af84-4cfa-b33f-ccfb56a489e5 was interrupted, exiting. There are 0 tasks remaining in the queue.
2019-08-02 04:04:59,031 INFO  segmented.SegmentedRaftLogWorker (SegmentedRaftLogWorker.java:close(228)) - 320d30ba-a9a6-45ed-a240-9f96a2f7937d-SegmentedRaftLogWorker:Storage Directory /workdir/hadoop-ozone/integration-test/target/test-dir/MiniOzoneClusterImpl-aeec6eb3-b278-40e8-882d-ded1a49b8218/datanode-1/data/ratis/e9a95ebe-af84-4cfa-b33f-ccfb56a489e5 close()
2019-08-02 04:04:59,035 INFO  server.GrpcService (GrpcService.java:closeImpl(155)) - 320d30ba-a9a6-45ed-a240-9f96a2f7937d: shutdown server with port 38950 now
2019-08-02 04:04:59,046 INFO  server.GrpcService (GrpcService.java:closeImpl(163)) - 320d30ba-a9a6-45ed-a240-9f96a2f7937d: shutdown server with port 38950 successfully
2019-08-02 04:04:59,047 WARN  server.GrpcServerProtocolService (LogUtils.java:warn(134)) - 320d30ba-a9a6-45ed-a240-9f96a2f7937d: appendEntries onError: org.apache.ratis.thirdparty.io.grpc.StatusRuntimeException: CANCELLED: cancelled before receiving half close
2019-08-02 04:04:59,048 WARN  server.GrpcLogAppender (LogUtils.java:warn(134)) - e067c9fb-d080-4f42-b6b8-c2e0c1743bb2->320d30ba-a9a6-45ed-a240-9f96a2f7937d: Failed appendEntries: org.apache.ratis.thirdparty.io.grpc.StatusRuntimeException: CANCELLED: HTTP/2 error code: CANCEL
Received Rst Stream
2019-08-02 04:04:59,051 INFO  utils.BackgroundService (BackgroundService.java:shutdown(148)) - Shutting down service BlockDeletingService
2019-08-02 04:04:59,052 INFO  impl.FollowerInfo (FollowerInfo.java:lambda$new$0(50)) - e067c9fb-d080-4f42-b6b8-c2e0c1743bb2->320d30ba-a9a6-45ed-a240-9f96a2f7937d: nextIndex: updateUnconditionally 17 -> 16
2019-08-02 04:04:59,053 WARN  fs.CachingGetSpaceUsed (CachingGetSpaceUsed.java:run(183)) - Thread Interrupted waiting to refresh disk information: sleep interrupted
2019-08-02 04:04:59,079 INFO  statemachine.DatanodeStateMachine (DatanodeStateMachine.java:stopDaemon(395)) - Ozone container server stopped.
2019-08-02 04:04:59,095 INFO  handler.ContextHandler (ContextHandler.java:doStop(910)) - Stopped o.e.j.w.WebAppContext@747835f5{/,null,UNAVAILABLE}{/hddsDatanode}
2019-08-02 04:04:59,103 INFO  server.AbstractConnector (AbstractConnector.java:doStop(318)) - Stopped ServerConnector@594131f2{HTTP/1.1,[http/1.1]}{0.0.0.0:0}
2019-08-02 04:04:59,103 INFO  handler.ContextHandler (ContextHandler.java:doStop(910)) - Stopped o.e.j.s.ServletContextHandler@32a4ecbe{/static,jar:file:/home/user/.m2/repository/org/apache/hadoop/hadoop-hdds-container-service/0.4.1-SNAPSHOT/hadoop-hdds-container-service-0.4.1-SNAPSHOT.jar!/webapps/static,UNAVAILABLE}
2019-08-02 04:04:59,104 INFO  handler.ContextHandler (ContextHandler.java:doStop(910)) - Stopped o.e.j.s.ServletContextHandler@515b9d4a{/logs,file:///workdir/hadoop-ozone/integration-test/target/log,UNAVAILABLE}
2019-08-02 04:04:59,106 INFO  datanode.ObjectStoreHandler (ObjectStoreHandler.java:close(155)) - Closing ObjectStoreHandler.
2019-08-02 04:04:59,107 INFO  ozone.HddsDatanodeService (HddsDatanodeService.java:stop(451)) - Stopped plug-in org.apache.hadoop.ozone.web.OzoneHddsDatanodeService@285a4fe3
2019-08-02 04:04:59,660 INFO  statemachine.DatanodeStateMachine (DatanodeStateMachine.java:lambda$startDaemon$0(350)) - Ozone container server started.
2019-08-02 04:05:00,648 WARN  server.GrpcLogAppender (LogUtils.java:warn(134)) - e067c9fb-d080-4f42-b6b8-c2e0c1743bb2->320d30ba-a9a6-45ed-a240-9f96a2f7937d: Failed appendEntries: org.apache.ratis.thirdparty.io.grpc.StatusRuntimeException: UNAVAILABLE: io exception
2019-08-02 04:05:00,652 INFO  impl.FollowerInfo (FollowerInfo.java:lambda$new$0(50)) - e067c9fb-d080-4f42-b6b8-c2e0c1743bb2->320d30ba-a9a6-45ed-a240-9f96a2f7937d: nextIndex: updateUnconditionally 17 -> 16
2019-08-02 04:05:00,658 WARN  server.GrpcLogAppender (LogUtils.java:warn(134)) - e067c9fb-d080-4f42-b6b8-c2e0c1743bb2->320d30ba-a9a6-45ed-a240-9f96a2f7937d: Failed appendEntries: org.apache.ratis.thirdparty.io.grpc.StatusRuntimeException: UNAVAILABLE: io exception
2019-08-02 04:05:00,663 INFO  impl.FollowerInfo (FollowerInfo.java:lambda$new$0(50)) - e067c9fb-d080-4f42-b6b8-c2e0c1743bb2->320d30ba-a9a6-45ed-a240-9f96a2f7937d: nextIndex: updateUnconditionally 17 -> 16
2019-08-02 04:05:00,673 WARN  server.GrpcLogAppender (LogUtils.java:warn(134)) - e067c9fb-d080-4f42-b6b8-c2e0c1743bb2->320d30ba-a9a6-45ed-a240-9f96a2f7937d: Failed appendEntries: org.apache.ratis.thirdparty.io.grpc.StatusRuntimeException: UNAVAILABLE: io exception
2019-08-02 04:05:00,675 INFO  impl.FollowerInfo (FollowerInfo.java:lambda$new$0(50)) - e067c9fb-d080-4f42-b6b8-c2e0c1743bb2->320d30ba-a9a6-45ed-a240-9f96a2f7937d: nextIndex: updateUnconditionally 17 -> 16
2019-08-02 04:05:00,724 INFO  interfaces.Container (KeyValueContainer.java:compactDB(356)) - Container 1 is closed with bcsId 14.
2019-08-02 04:05:00,732 INFO  container.IncrementalContainerReportHandler (AbstractContainerReportHandler.java:updateContainerState(176)) - Moving container #1 to CLOSED state, datanode e067c9fb-d080-4f42-b6b8-c2e0c1743bb2{ip: 192.168.157.195, host: byscane-nightly-xzrzg-2697134946, networkLocation: /default-rack, certSerialId: null} reported CLOSED replica.
2019-08-02 04:05:00,739 INFO  interfaces.Container (KeyValueContainer.java:compactDB(356)) - Container 1 is closed with bcsId 14.
2019-08-02 04:05:03,178 WARN  server.GrpcLogAppender (LogUtils.java:warn(134)) - e067c9fb-d080-4f42-b6b8-c2e0c1743bb2->320d30ba-a9a6-45ed-a240-9f96a2f7937d: Failed appendEntries: org.apache.ratis.thirdparty.io.grpc.StatusRuntimeException: UNAVAILABLE: io exception
2019-08-02 04:05:03,180 INFO  impl.FollowerInfo (FollowerInfo.java:lambda$new$0(50)) - e067c9fb-d080-4f42-b6b8-c2e0c1743bb2->320d30ba-a9a6-45ed-a240-9f96a2f7937d: nextIndex: updateUnconditionally 16 -> 15
2019-08-02 04:05:03,708 INFO  node.StaleNodeHandler (StaleNodeHandler.java:onMessage(58)) - Datanode faf30cc2-09b5-45b5-a1b8-700f8cb23344{ip: 192.168.157.195, host: byscane-nightly-xzrzg-2697134946, networkLocation: /default-rack, certSerialId: null} moved to stale state. Finalizing its pipelines [PipelineID=d8502fcb-9a34-4071-a9be-c7ebc0a67cbd, PipelineID=741faea4-2505-4149-9ea4-f0f8787fc39c]
2019-08-02 04:05:03,708 INFO  pipeline.SCMPipelineManager (SCMPipelineManager.java:finalizeAndDestroyPipeline(309)) - destroying pipeline:Pipeline[ Id: d8502fcb-9a34-4071-a9be-c7ebc0a67cbd, Nodes: faf30cc2-09b5-45b5-a1b8-700f8cb23344{ip: 192.168.157.195, host: byscane-nightly-xzrzg-2697134946, networkLocation: /default-rack, certSerialId: null}, Type:RATIS, Factor:ONE, State:OPEN]
2019-08-02 04:05:03,709 INFO  pipeline.PipelineStateManager (PipelineStateManager.java:finalizePipeline(123)) - Pipeline Pipeline[ Id: d8502fcb-9a34-4071-a9be-c7ebc0a67cbd, Nodes: faf30cc2-09b5-45b5-a1b8-700f8cb23344{ip: 192.168.157.195, host: byscane-nightly-xzrzg-2697134946, networkLocation: /default-rack, certSerialId: null}, Type:RATIS, Factor:ONE, State:CLOSED] moved to CLOSED state
2019-08-02 04:05:03,709 INFO  pipeline.SCMPipelineManager (SCMPipelineManager.java:finalizeAndDestroyPipeline(309)) - destroying pipeline:Pipeline[ Id: 741faea4-2505-4149-9ea4-f0f8787fc39c, Nodes: 320d30ba-a9a6-45ed-a240-9f96a2f7937d{ip: 192.168.157.195, host: byscane-nightly-xzrzg-2697134946, networkLocation: /default-rack, certSerialId: null}faf30cc2-09b5-45b5-a1b8-700f8cb23344{ip: 192.168.157.195, host: byscane-nightly-xzrzg-2697134946, networkLocation: /default-rack, certSerialId: null}e067c9fb-d080-4f42-b6b8-c2e0c1743bb2{ip: 192.168.157.195, host: byscane-nightly-xzrzg-2697134946, networkLocation: /default-rack, certSerialId: null}, Type:RATIS, Factor:THREE, State:CLOSED]
2019-08-02 04:05:04,108 INFO  ozoneimpl.OzoneContainer (OzoneContainer.java:stop(199)) - Attempting to stop container services.
2019-08-02 04:05:04,109 INFO  impl.RaftServerProxy (RaftServerProxy.java:lambda$close$4(314)) - faf30cc2-09b5-45b5-a1b8-700f8cb23344: close
2019-08-02 04:05:04,110 INFO  impl.RaftServerImpl (RaftServerImpl.java:lambda$shutdown$3(245)) - faf30cc2-09b5-45b5-a1b8-700f8cb23344: shutdown group-C7EBC0A67CBD
2019-08-02 04:05:04,110 INFO  impl.RaftServerImpl (RaftServerImpl.java:lambda$shutdown$3(245)) - faf30cc2-09b5-45b5-a1b8-700f8cb23344: shutdown group-F0F8787FC39C
2019-08-02 04:05:04,110 INFO  util.JmxRegister (JmxRegister.java:unregister(73)) - Successfully un-registered JMX Bean with object name Ratis:service=RaftServer,group=group-C7EBC0A67CBD,id=faf30cc2-09b5-45b5-a1b8-700f8cb23344
2019-08-02 04:05:04,113 INFO  util.JmxRegister (JmxRegister.java:unregister(73)) - Successfully un-registered JMX Bean with object name Ratis:service=RaftServer,group=group-F0F8787FC39C,id=faf30cc2-09b5-45b5-a1b8-700f8cb23344
2019-08-02 04:05:04,113 INFO  impl.RoleInfo (RoleInfo.java:shutdownLeaderState(104)) - faf30cc2-09b5-45b5-a1b8-700f8cb23344: shutdown LeaderState
2019-08-02 04:05:04,114 INFO  impl.RoleInfo (RoleInfo.java:shutdownFollowerState(121)) - faf30cc2-09b5-45b5-a1b8-700f8cb23344: shutdown FollowerState
2019-08-02 04:05:04,114 INFO  impl.PendingRequests (PendingRequests.java:sendNotLeaderResponses(202)) - faf30cc2-09b5-45b5-a1b8-700f8cb23344-PendingRequests: sendNotLeaderResponses
2019-08-02 04:05:04,115 INFO  ratis.ContainerStateMachine (ContainerStateMachine.java:takeSnapshot(262)) - group-F0F8787FC39C: Taking a snapshot at:(t:2, i:17) file /workdir/hadoop-ozone/integration-test/target/test-dir/MiniOzoneClusterImpl-aeec6eb3-b278-40e8-882d-ded1a49b8218/datanode-3/data/ratis/741faea4-2505-4149-9ea4-f0f8787fc39c/sm/snapshot.2_17
2019-08-02 04:05:04,114 INFO  impl.FollowerState (FollowerState.java:run(114)) - faf30cc2-09b5-45b5-a1b8-700f8cb23344: FollowerState was interrupted: java.lang.InterruptedException: sleep interrupted
2019-08-02 04:05:04,114 INFO  impl.StateMachineUpdater (StateMachineUpdater.java:stopAndJoin(115)) - StateMachineUpdater:faf30cc2-09b5-45b5-a1b8-700f8cb23344:group-F0F8787FC39C: set stopIndex = 18
2019-08-02 04:05:04,115 INFO  impl.StateMachineUpdater (StateMachineUpdater.java:stopAndJoin(115)) - StateMachineUpdater:faf30cc2-09b5-45b5-a1b8-700f8cb23344:group-C7EBC0A67CBD: set stopIndex = 0
2019-08-02 04:05:04,118 INFO  impl.RaftServerImpl (ServerState.java:close(394)) - faf30cc2-09b5-45b5-a1b8-700f8cb23344:group-C7EBC0A67CBD closes. The last applied log index is 0
2019-08-02 04:05:04,118 INFO  segmented.SegmentedRaftLogWorker (SegmentedRaftLogWorker.java:run(313)) - faf30cc2-09b5-45b5-a1b8-700f8cb23344-SegmentedRaftLogWorker:Storage Directory /workdir/hadoop-ozone/integration-test/target/test-dir/MiniOzoneClusterImpl-aeec6eb3-b278-40e8-882d-ded1a49b8218/datanode-3/data/ratis/d8502fcb-9a34-4071-a9be-c7ebc0a67cbd was interrupted, exiting. There are 0 tasks remaining in the queue.
2019-08-02 04:05:04,121 INFO  segmented.SegmentedRaftLogWorker (SegmentedRaftLogWorker.java:close(228)) - faf30cc2-09b5-45b5-a1b8-700f8cb23344-SegmentedRaftLogWorker:Storage Directory /workdir/hadoop-ozone/integration-test/target/test-dir/MiniOzoneClusterImpl-aeec6eb3-b278-40e8-882d-ded1a49b8218/datanode-3/data/ratis/d8502fcb-9a34-4071-a9be-c7ebc0a67cbd close()
2019-08-02 04:05:04,131 INFO  ratis.ContainerStateMachine (ContainerStateMachine.java:takeSnapshot(273)) - group-F0F8787FC39C: Finished taking a snapshot at:(t:2, i:17) file:/workdir/hadoop-ozone/integration-test/target/test-dir/MiniOzoneClusterImpl-aeec6eb3-b278-40e8-882d-ded1a49b8218/datanode-3/data/ratis/741faea4-2505-4149-9ea4-f0f8787fc39c/sm/snapshot.2_17 time:17
2019-08-02 04:05:04,132 INFO  impl.StateMachineUpdater (StateMachineUpdater.java:takeSnapshot(242)) - StateMachineUpdater:faf30cc2-09b5-45b5-a1b8-700f8cb23344:group-F0F8787FC39C: Took a snapshot at index 17
2019-08-02 04:05:04,132 INFO  impl.StateMachineUpdater (StateMachineUpdater.java:lambda$new$0(80)) - StateMachineUpdater:faf30cc2-09b5-45b5-a1b8-700f8cb23344:group-F0F8787FC39C: snapshotIndex: updateIncreasingly -1 -> 17
2019-08-02 04:05:04,132 INFO  impl.RaftServerImpl (ServerState.java:close(394)) - faf30cc2-09b5-45b5-a1b8-700f8cb23344:group-F0F8787FC39C closes. The last applied log index is 18
2019-08-02 04:05:04,133 INFO  segmented.SegmentedRaftLogWorker (SegmentedRaftLogWorker.java:run(313)) - faf30cc2-09b5-45b5-a1b8-700f8cb23344-SegmentedRaftLogWorker:Storage Directory /workdir/hadoop-ozone/integration-test/target/test-dir/MiniOzoneClusterImpl-aeec6eb3-b278-40e8-882d-ded1a49b8218/datanode-3/data/ratis/741faea4-2505-4149-9ea4-f0f8787fc39c was interrupted, exiting. There are 0 tasks remaining in the queue.
2019-08-02 04:05:04,135 INFO  segmented.SegmentedRaftLogWorker (SegmentedRaftLogWorker.java:close(228)) - faf30cc2-09b5-45b5-a1b8-700f8cb23344-SegmentedRaftLogWorker:Storage Directory /workdir/hadoop-ozone/integration-test/target/test-dir/MiniOzoneClusterImpl-aeec6eb3-b278-40e8-882d-ded1a49b8218/datanode-3/data/ratis/741faea4-2505-4149-9ea4-f0f8787fc39c close()
2019-08-02 04:05:04,139 INFO  server.GrpcService (GrpcService.java:closeImpl(155)) - faf30cc2-09b5-45b5-a1b8-700f8cb23344: shutdown server with port 41778 now
2019-08-02 04:05:04,155 WARN  server.GrpcServerProtocolService (LogUtils.java:warn(134)) - faf30cc2-09b5-45b5-a1b8-700f8cb23344: appendEntries onError: org.apache.ratis.thirdparty.io.grpc.StatusRuntimeException: CANCELLED: cancelled before receiving half close
2019-08-02 04:05:04,155 INFO  server.GrpcService (GrpcService.java:closeImpl(163)) - faf30cc2-09b5-45b5-a1b8-700f8cb23344: shutdown server with port 41778 successfully
2019-08-02 04:05:04,156 WARN  server.GrpcLogAppender (LogUtils.java:warn(134)) - e067c9fb-d080-4f42-b6b8-c2e0c1743bb2->faf30cc2-09b5-45b5-a1b8-700f8cb23344: Failed appendEntries: org.apache.ratis.thirdparty.io.grpc.StatusRuntimeException: CANCELLED: HTTP/2 error code: CANCEL
Received Rst Stream
2019-08-02 04:05:04,157 INFO  impl.FollowerInfo (FollowerInfo.java:lambda$new$0(50)) - e067c9fb-d080-4f42-b6b8-c2e0c1743bb2->faf30cc2-09b5-45b5-a1b8-700f8cb23344: nextIndex: updateUnconditionally 19 -> 18
2019-08-02 04:05:04,158 INFO  utils.BackgroundService (BackgroundService.java:shutdown(148)) - Shutting down service BlockDeletingService
2019-08-02 04:05:04,161 WARN  fs.CachingGetSpaceUsed (CachingGetSpaceUsed.java:run(183)) - Thread Interrupted waiting to refresh disk information: sleep interrupted
2019-08-02 04:05:04,182 INFO  statemachine.DatanodeStateMachine (DatanodeStateMachine.java:stopDaemon(395)) - Ozone container server stopped.
2019-08-02 04:05:04,184 INFO  handler.ContextHandler (ContextHandler.java:doStop(910)) - Stopped o.e.j.w.WebAppContext@33d7765a{/,null,UNAVAILABLE}{/hddsDatanode}
2019-08-02 04:05:04,185 INFO  server.AbstractConnector (AbstractConnector.java:doStop(318)) - Stopped ServerConnector@69ed5ea2{HTTP/1.1,[http/1.1]}{0.0.0.0:0}
2019-08-02 04:05:04,185 INFO  handler.ContextHandler (ContextHandler.java:doStop(910)) - Stopped o.e.j.s.ServletContextHandler@1e1e837d{/static,jar:file:/home/user/.m2/repository/org/apache/hadoop/hadoop-hdds-container-service/0.4.1-SNAPSHOT/hadoop-hdds-container-service-0.4.1-SNAPSHOT.jar!/webapps/static,UNAVAILABLE}
2019-08-02 04:05:04,186 INFO  handler.ContextHandler (ContextHandler.java:doStop(910)) - Stopped o.e.j.s.ServletContextHandler@5b29ab61{/logs,file:///workdir/hadoop-ozone/integration-test/target/log,UNAVAILABLE}
04:05:04.193 [grpc-default-executor-4] ERROR DNAudit - user=null | ip=null | op=WRITE_CHUNK {blockData=conID: 1 locID: 102545403606138881 bcsId: 14} | ret=FAILURE
org.apache.hadoop.hdds.scm.container.common.helpers.ContainerNotOpenException: Container 1 in CLOSED state
	at org.apache.hadoop.ozone.container.common.impl.HddsDispatcher.validateContainerCommand(HddsDispatcher.java:408) ~[hadoop-hdds-container-service-0.4.1-SNAPSHOT.jar:?]
	at org.apache.hadoop.ozone.container.common.transport.server.ratis.ContainerStateMachine.startTransaction(ContainerStateMachine.java:288) ~[hadoop-hdds-container-service-0.4.1-SNAPSHOT.jar:?]
	at org.apache.ratis.server.impl.RaftServerImpl.submitClientRequestAsync(RaftServerImpl.java:566) ~[ratis-server-0.4.0-2337318-SNAPSHOT.jar:0.4.0-2337318-SNAPSHOT]
	at org.apache.ratis.server.impl.RaftServerProxy.lambda$submitClientRequestAsync$7(RaftServerProxy.java:333) ~[ratis-server-0.4.0-2337318-SNAPSHOT.jar:0.4.0-2337318-SNAPSHOT]
	at org.apache.ratis.server.impl.RaftServerProxy.lambda$null$5(RaftServerProxy.java:328) ~[ratis-server-0.4.0-2337318-SNAPSHOT.jar:0.4.0-2337318-SNAPSHOT]
	at org.apache.ratis.util.JavaUtils.callAsUnchecked(JavaUtils.java:109) ~[ratis-common-0.4.0-2337318-SNAPSHOT.jar:0.4.0-2337318-SNAPSHOT]
	at org.apache.ratis.server.impl.RaftServerProxy.lambda$submitRequest$6(RaftServerProxy.java:328) ~[ratis-server-0.4.0-2337318-SNAPSHOT.jar:0.4.0-2337318-SNAPSHOT]
	at java.util.concurrent.CompletableFuture.uniComposeStage(CompletableFuture.java:981) ~[?:1.8.0_212]
	at java.util.concurrent.CompletableFuture.thenCompose(CompletableFuture.java:2124) ~[?:1.8.0_212]
	at org.apache.ratis.server.impl.RaftServerProxy.submitRequest(RaftServerProxy.java:327) ~[ratis-server-0.4.0-2337318-SNAPSHOT.jar:0.4.0-2337318-SNAPSHOT]
	at org.apache.ratis.server.impl.RaftServerProxy.submitClientRequestAsync(RaftServerProxy.java:333) ~[ratis-server-0.4.0-2337318-SNAPSHOT.jar:0.4.0-2337318-SNAPSHOT]
	at org.apache.ratis.grpc.client.GrpcClientProtocolService$RequestStreamObserver.processClientRequest(GrpcClientProtocolService.java:220) ~[ratis-grpc-0.4.0-2337318-SNAPSHOT.jar:0.4.0-2337318-SNAPSHOT]
	at org.apache.ratis.grpc.client.GrpcClientProtocolService$OrderedRequestStreamObserver.processClientRequest(GrpcClientProtocolService.java:326) ~[ratis-grpc-0.4.0-2337318-SNAPSHOT.jar:0.4.0-2337318-SNAPSHOT]
	at org.apache.ratis.util.SlidingWindow$Server.processRequestsFromHead(SlidingWindow.java:429) [ratis-common-0.4.0-2337318-SNAPSHOT.jar:0.4.0-2337318-SNAPSHOT]
	at org.apache.ratis.util.SlidingWindow$Server.receivedRequest(SlidingWindow.java:421) [ratis-common-0.4.0-2337318-SNAPSHOT.jar:0.4.0-2337318-SNAPSHOT]
	at org.apache.ratis.grpc.client.GrpcClientProtocolService$OrderedRequestStreamObserver.processClientRequest(GrpcClientProtocolService.java:345) [ratis-grpc-0.4.0-2337318-SNAPSHOT.jar:0.4.0-2337318-SNAPSHOT]
	at org.apache.ratis.grpc.client.GrpcClientProtocolService$RequestStreamObserver.onNext(GrpcClientProtocolService.java:240) [ratis-grpc-0.4.0-2337318-SNAPSHOT.jar:0.4.0-2337318-SNAPSHOT]
	at org.apache.ratis.grpc.client.GrpcClientProtocolService$RequestStreamObserver.onNext(GrpcClientProtocolService.java:168) [ratis-grpc-0.4.0-2337318-SNAPSHOT.jar:0.4.0-2337318-SNAPSHOT]
	at org.apache.ratis.thirdparty.io.grpc.stub.ServerCalls$StreamingServerCallHandler$StreamingServerCallListener.onMessage(ServerCalls.java:248) [ratis-thirdparty-misc-0.2.0.jar:0.2.0]
	at org.apache.ratis.thirdparty.io.grpc.internal.ServerCallImpl$ServerStreamListenerImpl.messagesAvailable(ServerCallImpl.java:263) [ratis-thirdparty-misc-0.2.0.jar:0.2.0]
	at org.apache.ratis.thirdparty.io.grpc.internal.ServerImpl$JumpToApplicationThreadServerStreamListener$1MessagesAvailable.runInContext(ServerImpl.java:686) [ratis-thirdparty-misc-0.2.0.jar:0.2.0]
	at org.apache.ratis.thirdparty.io.grpc.internal.ContextRunnable.run(ContextRunnable.java:37) [ratis-thirdparty-misc-0.2.0.jar:0.2.0]
	at org.apache.ratis.thirdparty.io.grpc.internal.SerializingExecutor.run(SerializingExecutor.java:123) [ratis-thirdparty-misc-0.2.0.jar:0.2.0]
	at java.util.concurrent.ThreadPoolExecutor.runWorker(ThreadPoolExecutor.java:1149) [?:1.8.0_212]
	at java.util.concurrent.ThreadPoolExecutor$Worker.run(ThreadPoolExecutor.java:624) [?:1.8.0_212]
	at java.lang.Thread.run(Thread.java:748) [?:1.8.0_212]
04:05:04.231 [grpc-default-executor-4] ERROR DNAudit - user=null | ip=null | op=WRITE_CHUNK {blockData=conID: 1 locID: 102545403606138881 bcsId: 14} | ret=FAILURE
org.apache.hadoop.hdds.scm.container.common.helpers.ContainerNotOpenException: Container 1 in CLOSED state
	at org.apache.hadoop.ozone.container.common.impl.HddsDispatcher.validateContainerCommand(HddsDispatcher.java:408) ~[hadoop-hdds-container-service-0.4.1-SNAPSHOT.jar:?]
	at org.apache.hadoop.ozone.container.common.transport.server.ratis.ContainerStateMachine.startTransaction(ContainerStateMachine.java:288) ~[hadoop-hdds-container-service-0.4.1-SNAPSHOT.jar:?]
	at org.apache.ratis.server.impl.RaftServerImpl.submitClientRequestAsync(RaftServerImpl.java:566) ~[ratis-server-0.4.0-2337318-SNAPSHOT.jar:0.4.0-2337318-SNAPSHOT]
	at org.apache.ratis.server.impl.RaftServerProxy.lambda$submitClientRequestAsync$7(RaftServerProxy.java:333) ~[ratis-server-0.4.0-2337318-SNAPSHOT.jar:0.4.0-2337318-SNAPSHOT]
	at org.apache.ratis.server.impl.RaftServerProxy.lambda$null$5(RaftServerProxy.java:328) ~[ratis-server-0.4.0-2337318-SNAPSHOT.jar:0.4.0-2337318-SNAPSHOT]
	at org.apache.ratis.util.JavaUtils.callAsUnchecked(JavaUtils.java:109) ~[ratis-common-0.4.0-2337318-SNAPSHOT.jar:0.4.0-2337318-SNAPSHOT]
	at org.apache.ratis.server.impl.RaftServerProxy.lambda$submitRequest$6(RaftServerProxy.java:328) ~[ratis-server-0.4.0-2337318-SNAPSHOT.jar:0.4.0-2337318-SNAPSHOT]
	at java.util.concurrent.CompletableFuture.uniComposeStage(CompletableFuture.java:981) ~[?:1.8.0_212]
	at java.util.concurrent.CompletableFuture.thenCompose(CompletableFuture.java:2124) ~[?:1.8.0_212]
	at org.apache.ratis.server.impl.RaftServerProxy.submitRequest(RaftServerProxy.java:327) ~[ratis-server-0.4.0-2337318-SNAPSHOT.jar:0.4.0-2337318-SNAPSHOT]
	at org.apache.ratis.server.impl.RaftServerProxy.submitClientRequestAsync(RaftServerProxy.java:333) ~[ratis-server-0.4.0-2337318-SNAPSHOT.jar:0.4.0-2337318-SNAPSHOT]
	at org.apache.ratis.grpc.client.GrpcClientProtocolService$RequestStreamObserver.processClientRequest(GrpcClientProtocolService.java:220) ~[ratis-grpc-0.4.0-2337318-SNAPSHOT.jar:0.4.0-2337318-SNAPSHOT]
	at org.apache.ratis.grpc.client.GrpcClientProtocolService$OrderedRequestStreamObserver.processClientRequest(GrpcClientProtocolService.java:326) ~[ratis-grpc-0.4.0-2337318-SNAPSHOT.jar:0.4.0-2337318-SNAPSHOT]
	at org.apache.ratis.util.SlidingWindow$Server.processRequestsFromHead(SlidingWindow.java:429) [ratis-common-0.4.0-2337318-SNAPSHOT.jar:0.4.0-2337318-SNAPSHOT]
	at org.apache.ratis.util.SlidingWindow$Server.receivedRequest(SlidingWindow.java:421) [ratis-common-0.4.0-2337318-SNAPSHOT.jar:0.4.0-2337318-SNAPSHOT]
	at org.apache.ratis.grpc.client.GrpcClientProtocolService$OrderedRequestStreamObserver.processClientRequest(GrpcClientProtocolService.java:345) [ratis-grpc-0.4.0-2337318-SNAPSHOT.jar:0.4.0-2337318-SNAPSHOT]
	at org.apache.ratis.grpc.client.GrpcClientProtocolService$RequestStreamObserver.onNext(GrpcClientProtocolService.java:240) [ratis-grpc-0.4.0-2337318-SNAPSHOT.jar:0.4.0-2337318-SNAPSHOT]
	at org.apache.ratis.grpc.client.GrpcClientProtocolService$RequestStreamObserver.onNext(GrpcClientProtocolService.java:168) [ratis-grpc-0.4.0-2337318-SNAPSHOT.jar:0.4.0-2337318-SNAPSHOT]
	at org.apache.ratis.thirdparty.io.grpc.stub.ServerCalls$StreamingServerCallHandler$StreamingServerCallListener.onMessage(ServerCalls.java:248) [ratis-thirdparty-misc-0.2.0.jar:0.2.0]
	at org.apache.ratis.thirdparty.io.grpc.internal.ServerCallImpl$ServerStreamListenerImpl.messagesAvailable(ServerCallImpl.java:263) [ratis-thirdparty-misc-0.2.0.jar:0.2.0]
	at org.apache.ratis.thirdparty.io.grpc.internal.ServerImpl$JumpToApplicationThreadServerStreamListener$1MessagesAvailable.runInContext(ServerImpl.java:686) [ratis-thirdparty-misc-0.2.0.jar:0.2.0]
	at org.apache.ratis.thirdparty.io.grpc.internal.ContextRunnable.run(ContextRunnable.java:37) [ratis-thirdparty-misc-0.2.0.jar:0.2.0]
	at org.apache.ratis.thirdparty.io.grpc.internal.SerializingExecutor.run(SerializingExecutor.java:123) [ratis-thirdparty-misc-0.2.0.jar:0.2.0]
	at java.util.concurrent.ThreadPoolExecutor.runWorker(ThreadPoolExecutor.java:1149) [?:1.8.0_212]
	at java.util.concurrent.ThreadPoolExecutor$Worker.run(ThreadPoolExecutor.java:624) [?:1.8.0_212]
	at java.lang.Thread.run(Thread.java:748) [?:1.8.0_212]
04:05:04.239 [grpc-default-executor-4] ERROR DNAudit - user=null | ip=null | op=PUT_BLOCK {blockData=[blockId=conID: 1 locID: 102545403606138881 bcsId: 0,size=650]} | ret=FAILURE
org.apache.hadoop.hdds.scm.container.common.helpers.ContainerNotOpenException: Container 1 in CLOSED state
	at org.apache.hadoop.ozone.container.common.impl.HddsDispatcher.validateContainerCommand(HddsDispatcher.java:408) ~[hadoop-hdds-container-service-0.4.1-SNAPSHOT.jar:?]
	at org.apache.hadoop.ozone.container.common.transport.server.ratis.ContainerStateMachine.startTransaction(ContainerStateMachine.java:288) ~[hadoop-hdds-container-service-0.4.1-SNAPSHOT.jar:?]
	at org.apache.ratis.server.impl.RaftServerImpl.submitClientRequestAsync(RaftServerImpl.java:566) ~[ratis-server-0.4.0-2337318-SNAPSHOT.jar:0.4.0-2337318-SNAPSHOT]
	at org.apache.ratis.server.impl.RaftServerProxy.lambda$submitClientRequestAsync$7(RaftServerProxy.java:333) ~[ratis-server-0.4.0-2337318-SNAPSHOT.jar:0.4.0-2337318-SNAPSHOT]
	at org.apache.ratis.server.impl.RaftServerProxy.lambda$null$5(RaftServerProxy.java:328) ~[ratis-server-0.4.0-2337318-SNAPSHOT.jar:0.4.0-2337318-SNAPSHOT]
	at org.apache.ratis.util.JavaUtils.callAsUnchecked(JavaUtils.java:109) ~[ratis-common-0.4.0-2337318-SNAPSHOT.jar:0.4.0-2337318-SNAPSHOT]
	at org.apache.ratis.server.impl.RaftServerProxy.lambda$submitRequest$6(RaftServerProxy.java:328) ~[ratis-server-0.4.0-2337318-SNAPSHOT.jar:0.4.0-2337318-SNAPSHOT]
	at java.util.concurrent.CompletableFuture.uniComposeStage(CompletableFuture.java:981) ~[?:1.8.0_212]
	at java.util.concurrent.CompletableFuture.thenCompose(CompletableFuture.java:2124) ~[?:1.8.0_212]
	at org.apache.ratis.server.impl.RaftServerProxy.submitRequest(RaftServerProxy.java:327) ~[ratis-server-0.4.0-2337318-SNAPSHOT.jar:0.4.0-2337318-SNAPSHOT]
	at org.apache.ratis.server.impl.RaftServerProxy.submitClientRequestAsync(RaftServerProxy.java:333) ~[ratis-server-0.4.0-2337318-SNAPSHOT.jar:0.4.0-2337318-SNAPSHOT]
	at org.apache.ratis.grpc.client.GrpcClientProtocolService$RequestStreamObserver.processClientRequest(GrpcClientProtocolService.java:220) ~[ratis-grpc-0.4.0-2337318-SNAPSHOT.jar:0.4.0-2337318-SNAPSHOT]
	at org.apache.ratis.grpc.client.GrpcClientProtocolService$OrderedRequestStreamObserver.processClientRequest(GrpcClientProtocolService.java:326) ~[ratis-grpc-0.4.0-2337318-SNAPSHOT.jar:0.4.0-2337318-SNAPSHOT]
	at org.apache.ratis.util.SlidingWindow$Server.processRequestsFromHead(SlidingWindow.java:429) [ratis-common-0.4.0-2337318-SNAPSHOT.jar:0.4.0-2337318-SNAPSHOT]
	at org.apache.ratis.util.SlidingWindow$Server.receivedRequest(SlidingWindow.java:421) [ratis-common-0.4.0-2337318-SNAPSHOT.jar:0.4.0-2337318-SNAPSHOT]
	at org.apache.ratis.grpc.client.GrpcClientProtocolService$OrderedRequestStreamObserver.processClientRequest(GrpcClientProtocolService.java:345) [ratis-grpc-0.4.0-2337318-SNAPSHOT.jar:0.4.0-2337318-SNAPSHOT]
	at org.apache.ratis.grpc.client.GrpcClientProtocolService$RequestStreamObserver.onNext(GrpcClientProtocolService.java:240) [ratis-grpc-0.4.0-2337318-SNAPSHOT.jar:0.4.0-2337318-SNAPSHOT]
	at org.apache.ratis.grpc.client.GrpcClientProtocolService$RequestStreamObserver.onNext(GrpcClientProtocolService.java:168) [ratis-grpc-0.4.0-2337318-SNAPSHOT.jar:0.4.0-2337318-SNAPSHOT]
	at org.apache.ratis.thirdparty.io.grpc.stub.ServerCalls$StreamingServerCallHandler$StreamingServerCallListener.onMessage(ServerCalls.java:248) [ratis-thirdparty-misc-0.2.0.jar:0.2.0]
	at org.apache.ratis.thirdparty.io.grpc.internal.ServerCallImpl$ServerStreamListenerImpl.messagesAvailable(ServerCallImpl.java:263) [ratis-thirdparty-misc-0.2.0.jar:0.2.0]
	at org.apache.ratis.thirdparty.io.grpc.internal.ServerImpl$JumpToApplicationThreadServerStreamListener$1MessagesAvailable.runInContext(ServerImpl.java:686) [ratis-thirdparty-misc-0.2.0.jar:0.2.0]
	at org.apache.ratis.thirdparty.io.grpc.internal.ContextRunnable.run(ContextRunnable.java:37) [ratis-thirdparty-misc-0.2.0.jar:0.2.0]
	at org.apache.ratis.thirdparty.io.grpc.internal.SerializingExecutor.run(SerializingExecutor.java:123) [ratis-thirdparty-misc-0.2.0.jar:0.2.0]
	at java.util.concurrent.ThreadPoolExecutor.runWorker(ThreadPoolExecutor.java:1149) [?:1.8.0_212]
	at java.util.concurrent.ThreadPoolExecutor$Worker.run(ThreadPoolExecutor.java:624) [?:1.8.0_212]
	at java.lang.Thread.run(Thread.java:748) [?:1.8.0_212]
2019-08-02 04:05:04,246 INFO  client.GrpcClientProtocolClient (GrpcClientProtocolClient.java:onNext(255)) - client-E29A480F3F1D->e067c9fb-d080-4f42-b6b8-c2e0c1743bb2: receive RaftClientReply:client-E29A480F3F1D->e067c9fb-d080-4f42-b6b8-c2e0c1743bb2@group-F0F8787FC39C, cid=22, FAILED org.apache.ratis.protocol.StateMachineException: org.apache.hadoop.hdds.scm.container.common.helpers.ContainerNotOpenException from Server e067c9fb-d080-4f42-b6b8-c2e0c1743bb2: Container 1 in CLOSED state, logIndex=0, commits[e067c9fb-d080-4f42-b6b8-c2e0c1743bb2:c18, faf30cc2-09b5-45b5-a1b8-700f8cb23344:c18, 320d30ba-a9a6-45ed-a240-9f96a2f7937d:c16]
04:05:04.246 [grpc-default-executor-4] ERROR DNAudit - user=null | ip=null | op=WRITE_CHUNK {blockData=conID: 1 locID: 102545403606138881 bcsId: 14} | ret=FAILURE
org.apache.hadoop.hdds.scm.container.common.helpers.ContainerNotOpenException: Container 1 in CLOSED state
	at org.apache.hadoop.ozone.container.common.impl.HddsDispatcher.validateContainerCommand(HddsDispatcher.java:408) ~[hadoop-hdds-container-service-0.4.1-SNAPSHOT.jar:?]
	at org.apache.hadoop.ozone.container.common.transport.server.ratis.ContainerStateMachine.startTransaction(ContainerStateMachine.java:288) ~[hadoop-hdds-container-service-0.4.1-SNAPSHOT.jar:?]
	at org.apache.ratis.server.impl.RaftServerImpl.submitClientRequestAsync(RaftServerImpl.java:566) ~[ratis-server-0.4.0-2337318-SNAPSHOT.jar:0.4.0-2337318-SNAPSHOT]
	at org.apache.ratis.server.impl.RaftServerProxy.lambda$submitClientRequestAsync$7(RaftServerProxy.java:333) ~[ratis-server-0.4.0-2337318-SNAPSHOT.jar:0.4.0-2337318-SNAPSHOT]
	at org.apache.ratis.server.impl.RaftServerProxy.lambda$null$5(RaftServerProxy.java:328) ~[ratis-server-0.4.0-2337318-SNAPSHOT.jar:0.4.0-2337318-SNAPSHOT]
	at org.apache.ratis.util.JavaUtils.callAsUnchecked(JavaUtils.java:109) ~[ratis-common-0.4.0-2337318-SNAPSHOT.jar:0.4.0-2337318-SNAPSHOT]
	at org.apache.ratis.server.impl.RaftServerProxy.lambda$submitRequest$6(RaftServerProxy.java:328) ~[ratis-server-0.4.0-2337318-SNAPSHOT.jar:0.4.0-2337318-SNAPSHOT]
	at java.util.concurrent.CompletableFuture.uniComposeStage(CompletableFuture.java:981) ~[?:1.8.0_212]
	at java.util.concurrent.CompletableFuture.thenCompose(CompletableFuture.java:2124) ~[?:1.8.0_212]
	at org.apache.ratis.server.impl.RaftServerProxy.submitRequest(RaftServerProxy.java:327) ~[ratis-server-0.4.0-2337318-SNAPSHOT.jar:0.4.0-2337318-SNAPSHOT]
	at org.apache.ratis.server.impl.RaftServerProxy.submitClientRequestAsync(RaftServerProxy.java:333) ~[ratis-server-0.4.0-2337318-SNAPSHOT.jar:0.4.0-2337318-SNAPSHOT]
	at org.apache.ratis.grpc.client.GrpcClientProtocolService$RequestStreamObserver.processClientRequest(GrpcClientProtocolService.java:220) ~[ratis-grpc-0.4.0-2337318-SNAPSHOT.jar:0.4.0-2337318-SNAPSHOT]
	at org.apache.ratis.grpc.client.GrpcClientProtocolService$OrderedRequestStreamObserver.processClientRequest(GrpcClientProtocolService.java:326) ~[ratis-grpc-0.4.0-2337318-SNAPSHOT.jar:0.4.0-2337318-SNAPSHOT]
	at org.apache.ratis.util.SlidingWindow$Server.processRequestsFromHead(SlidingWindow.java:429) [ratis-common-0.4.0-2337318-SNAPSHOT.jar:0.4.0-2337318-SNAPSHOT]
	at org.apache.ratis.util.SlidingWindow$Server.receivedRequest(SlidingWindow.java:421) [ratis-common-0.4.0-2337318-SNAPSHOT.jar:0.4.0-2337318-SNAPSHOT]
	at org.apache.ratis.grpc.client.GrpcClientProtocolService$OrderedRequestStreamObserver.processClientRequest(GrpcClientProtocolService.java:345) [ratis-grpc-0.4.0-2337318-SNAPSHOT.jar:0.4.0-2337318-SNAPSHOT]
	at org.apache.ratis.grpc.client.GrpcClientProtocolService$RequestStreamObserver.onNext(GrpcClientProtocolService.java:240) [ratis-grpc-0.4.0-2337318-SNAPSHOT.jar:0.4.0-2337318-SNAPSHOT]
	at org.apache.ratis.grpc.client.GrpcClientProtocolService$RequestStreamObserver.onNext(GrpcClientProtocolService.java:168) [ratis-grpc-0.4.0-2337318-SNAPSHOT.jar:0.4.0-2337318-SNAPSHOT]
	at org.apache.ratis.thirdparty.io.grpc.stub.ServerCalls$StreamingServerCallHandler$StreamingServerCallListener.onMessage(ServerCalls.java:248) [ratis-thirdparty-misc-0.2.0.jar:0.2.0]
	at org.apache.ratis.thirdparty.io.grpc.internal.ServerCallImpl$ServerStreamListenerImpl.messagesAvailable(ServerCallImpl.java:263) [ratis-thirdparty-misc-0.2.0.jar:0.2.0]
	at org.apache.ratis.thirdparty.io.grpc.internal.ServerImpl$JumpToApplicationThreadServerStreamListener$1MessagesAvailable.runInContext(ServerImpl.java:686) [ratis-thirdparty-misc-0.2.0.jar:0.2.0]
	at org.apache.ratis.thirdparty.io.grpc.internal.ContextRunnable.run(ContextRunnable.java:37) [ratis-thirdparty-misc-0.2.0.jar:0.2.0]
	at org.apache.ratis.thirdparty.io.grpc.internal.SerializingExecutor.run(SerializingExecutor.java:123) [ratis-thirdparty-misc-0.2.0.jar:0.2.0]
	at java.util.concurrent.ThreadPoolExecutor.runWorker(ThreadPoolExecutor.java:1149) [?:1.8.0_212]
	at java.util.concurrent.ThreadPoolExecutor$Worker.run(ThreadPoolExecutor.java:624) [?:1.8.0_212]
	at java.lang.Thread.run(Thread.java:748) [?:1.8.0_212]
2019-08-02 04:05:04,251 INFO  client.GrpcClientProtocolClient (GrpcClientProtocolClient.java:onNext(255)) - client-E29A480F3F1D->e067c9fb-d080-4f42-b6b8-c2e0c1743bb2: receive RaftClientReply:client-E29A480F3F1D->e067c9fb-d080-4f42-b6b8-c2e0c1743bb2@group-F0F8787FC39C, cid=23, FAILED org.apache.ratis.protocol.StateMachineException: org.apache.hadoop.hdds.scm.container.common.helpers.ContainerNotOpenException from Server e067c9fb-d080-4f42-b6b8-c2e0c1743bb2: Container 1 in CLOSED state, logIndex=0, commits[e067c9fb-d080-4f42-b6b8-c2e0c1743bb2:c18, faf30cc2-09b5-45b5-a1b8-700f8cb23344:c18, 320d30ba-a9a6-45ed-a240-9f96a2f7937d:c16]
04:05:04.252 [grpc-default-executor-4] ERROR DNAudit - user=null | ip=null | op=WRITE_CHUNK {blockData=conID: 1 locID: 102545403606138881 bcsId: 14} | ret=FAILURE
org.apache.hadoop.hdds.scm.container.common.helpers.ContainerNotOpenException: Container 1 in CLOSED state
	at org.apache.hadoop.ozone.container.common.impl.HddsDispatcher.validateContainerCommand(HddsDispatcher.java:408) ~[hadoop-hdds-container-service-0.4.1-SNAPSHOT.jar:?]
	at org.apache.hadoop.ozone.container.common.transport.server.ratis.ContainerStateMachine.startTransaction(ContainerStateMachine.java:288) ~[hadoop-hdds-container-service-0.4.1-SNAPSHOT.jar:?]
	at org.apache.ratis.server.impl.RaftServerImpl.submitClientRequestAsync(RaftServerImpl.java:566) ~[ratis-server-0.4.0-2337318-SNAPSHOT.jar:0.4.0-2337318-SNAPSHOT]
	at org.apache.ratis.server.impl.RaftServerProxy.lambda$submitClientRequestAsync$7(RaftServerProxy.java:333) ~[ratis-server-0.4.0-2337318-SNAPSHOT.jar:0.4.0-2337318-SNAPSHOT]
	at org.apache.ratis.server.impl.RaftServerProxy.lambda$null$5(RaftServerProxy.java:328) ~[ratis-server-0.4.0-2337318-SNAPSHOT.jar:0.4.0-2337318-SNAPSHOT]
	at org.apache.ratis.util.JavaUtils.callAsUnchecked(JavaUtils.java:109) ~[ratis-common-0.4.0-2337318-SNAPSHOT.jar:0.4.0-2337318-SNAPSHOT]
	at org.apache.ratis.server.impl.RaftServerProxy.lambda$submitRequest$6(RaftServerProxy.java:328) ~[ratis-server-0.4.0-2337318-SNAPSHOT.jar:0.4.0-2337318-SNAPSHOT]
	at java.util.concurrent.CompletableFuture.uniComposeStage(CompletableFuture.java:981) ~[?:1.8.0_212]
	at java.util.concurrent.CompletableFuture.thenCompose(CompletableFuture.java:2124) ~[?:1.8.0_212]
	at org.apache.ratis.server.impl.RaftServerProxy.submitRequest(RaftServerProxy.java:327) ~[ratis-server-0.4.0-2337318-SNAPSHOT.jar:0.4.0-2337318-SNAPSHOT]
	at org.apache.ratis.server.impl.RaftServerProxy.submitClientRequestAsync(RaftServerProxy.java:333) ~[ratis-server-0.4.0-2337318-SNAPSHOT.jar:0.4.0-2337318-SNAPSHOT]
	at org.apache.ratis.grpc.client.GrpcClientProtocolService$RequestStreamObserver.processClientRequest(GrpcClientProtocolService.java:220) ~[ratis-grpc-0.4.0-2337318-SNAPSHOT.jar:0.4.0-2337318-SNAPSHOT]
	at org.apache.ratis.grpc.client.GrpcClientProtocolService$OrderedRequestStreamObserver.processClientRequest(GrpcClientProtocolService.java:326) ~[ratis-grpc-0.4.0-2337318-SNAPSHOT.jar:0.4.0-2337318-SNAPSHOT]
	at org.apache.ratis.util.SlidingWindow$Server.processRequestsFromHead(SlidingWindow.java:429) [ratis-common-0.4.0-2337318-SNAPSHOT.jar:0.4.0-2337318-SNAPSHOT]
	at org.apache.ratis.util.SlidingWindow$Server.receivedRequest(SlidingWindow.java:421) [ratis-common-0.4.0-2337318-SNAPSHOT.jar:0.4.0-2337318-SNAPSHOT]
	at org.apache.ratis.grpc.client.GrpcClientProtocolService$OrderedRequestStreamObserver.processClientRequest(GrpcClientProtocolService.java:345) [ratis-grpc-0.4.0-2337318-SNAPSHOT.jar:0.4.0-2337318-SNAPSHOT]
	at org.apache.ratis.grpc.client.GrpcClientProtocolService$RequestStreamObserver.onNext(GrpcClientProtocolService.java:240) [ratis-grpc-0.4.0-2337318-SNAPSHOT.jar:0.4.0-2337318-SNAPSHOT]
	at org.apache.ratis.grpc.client.GrpcClientProtocolService$RequestStreamObserver.onNext(GrpcClientProtocolService.java:168) [ratis-grpc-0.4.0-2337318-SNAPSHOT.jar:0.4.0-2337318-SNAPSHOT]
	at org.apache.ratis.thirdparty.io.grpc.stub.ServerCalls$StreamingServerCallHandler$StreamingServerCallListener.onMessage(ServerCalls.java:248) [ratis-thirdparty-misc-0.2.0.jar:0.2.0]
	at org.apache.ratis.thirdparty.io.grpc.internal.ServerCallImpl$ServerStreamListenerImpl.messagesAvailable(ServerCallImpl.java:263) [ratis-thirdparty-misc-0.2.0.jar:0.2.0]
	at org.apache.ratis.thirdparty.io.grpc.internal.ServerImpl$JumpToApplicationThreadServerStreamListener$1MessagesAvailable.runInContext(ServerImpl.java:686) [ratis-thirdparty-misc-0.2.0.jar:0.2.0]
	at org.apache.ratis.thirdparty.io.grpc.internal.ContextRunnable.run(ContextRunnable.java:37) [ratis-thirdparty-misc-0.2.0.jar:0.2.0]
	at org.apache.ratis.thirdparty.io.grpc.internal.SerializingExecutor.run(SerializingExecutor.java:123) [ratis-thirdparty-misc-0.2.0.jar:0.2.0]
	at java.util.concurrent.ThreadPoolExecutor.runWorker(ThreadPoolExecutor.java:1149) [?:1.8.0_212]
	at java.util.concurrent.ThreadPoolExecutor$Worker.run(ThreadPoolExecutor.java:624) [?:1.8.0_212]
	at java.lang.Thread.run(Thread.java:748) [?:1.8.0_212]
2019-08-02 04:05:04,256 INFO  client.GrpcClientProtocolClient (GrpcClientProtocolClient.java:onNext(255)) - client-E29A480F3F1D->e067c9fb-d080-4f42-b6b8-c2e0c1743bb2: receive RaftClientReply:client-E29A480F3F1D->e067c9fb-d080-4f42-b6b8-c2e0c1743bb2@group-F0F8787FC39C, cid=24, FAILED org.apache.ratis.protocol.StateMachineException: org.apache.hadoop.hdds.scm.container.common.helpers.ContainerNotOpenException from Server e067c9fb-d080-4f42-b6b8-c2e0c1743bb2: Container 1 in CLOSED state, logIndex=0, commits[e067c9fb-d080-4f42-b6b8-c2e0c1743bb2:c18, faf30cc2-09b5-45b5-a1b8-700f8cb23344:c18, 320d30ba-a9a6-45ed-a240-9f96a2f7937d:c16]
2019-08-02 04:05:04,260 INFO  client.GrpcClientProtocolClient (GrpcClientProtocolClient.java:onNext(255)) - client-E29A480F3F1D->e067c9fb-d080-4f42-b6b8-c2e0c1743bb2: receive RaftClientReply:client-E29A480F3F1D->e067c9fb-d080-4f42-b6b8-c2e0c1743bb2@group-F0F8787FC39C, cid=25, FAILED org.apache.ratis.protocol.StateMachineException: org.apache.hadoop.hdds.scm.container.common.helpers.ContainerNotOpenException from Server e067c9fb-d080-4f42-b6b8-c2e0c1743bb2: Container 1 in CLOSED state, logIndex=0, commits[e067c9fb-d080-4f42-b6b8-c2e0c1743bb2:c18, faf30cc2-09b5-45b5-a1b8-700f8cb23344:c18, 320d30ba-a9a6-45ed-a240-9f96a2f7937d:c16]
04:05:04.260 [grpc-default-executor-4] ERROR DNAudit - user=null | ip=null | op=PUT_BLOCK {blockData=[blockId=conID: 1 locID: 102545403606138881 bcsId: 0,size=800]} | ret=FAILURE
org.apache.hadoop.hdds.scm.container.common.helpers.ContainerNotOpenException: Container 1 in CLOSED state
	at org.apache.hadoop.ozone.container.common.impl.HddsDispatcher.validateContainerCommand(HddsDispatcher.java:408) ~[hadoop-hdds-container-service-0.4.1-SNAPSHOT.jar:?]
	at org.apache.hadoop.ozone.container.common.transport.server.ratis.ContainerStateMachine.startTransaction(ContainerStateMachine.java:288) ~[hadoop-hdds-container-service-0.4.1-SNAPSHOT.jar:?]
	at org.apache.ratis.server.impl.RaftServerImpl.submitClientRequestAsync(RaftServerImpl.java:566) ~[ratis-server-0.4.0-2337318-SNAPSHOT.jar:0.4.0-2337318-SNAPSHOT]
	at org.apache.ratis.server.impl.RaftServerProxy.lambda$submitClientRequestAsync$7(RaftServerProxy.java:333) ~[ratis-server-0.4.0-2337318-SNAPSHOT.jar:0.4.0-2337318-SNAPSHOT]
	at org.apache.ratis.server.impl.RaftServerProxy.lambda$null$5(RaftServerProxy.java:328) ~[ratis-server-0.4.0-2337318-SNAPSHOT.jar:0.4.0-2337318-SNAPSHOT]
	at org.apache.ratis.util.JavaUtils.callAsUnchecked(JavaUtils.java:109) ~[ratis-common-0.4.0-2337318-SNAPSHOT.jar:0.4.0-2337318-SNAPSHOT]
	at org.apache.ratis.server.impl.RaftServerProxy.lambda$submitRequest$6(RaftServerProxy.java:328) ~[ratis-server-0.4.0-2337318-SNAPSHOT.jar:0.4.0-2337318-SNAPSHOT]
	at java.util.concurrent.CompletableFuture.uniComposeStage(CompletableFuture.java:981) ~[?:1.8.0_212]
	at java.util.concurrent.CompletableFuture.thenCompose(CompletableFuture.java:2124) ~[?:1.8.0_212]
	at org.apache.ratis.server.impl.RaftServerProxy.submitRequest(RaftServerProxy.java:327) ~[ratis-server-0.4.0-2337318-SNAPSHOT.jar:0.4.0-2337318-SNAPSHOT]
	at org.apache.ratis.server.impl.RaftServerProxy.submitClientRequestAsync(RaftServerProxy.java:333) ~[ratis-server-0.4.0-2337318-SNAPSHOT.jar:0.4.0-2337318-SNAPSHOT]
	at org.apache.ratis.grpc.client.GrpcClientProtocolService$RequestStreamObserver.processClientRequest(GrpcClientProtocolService.java:220) ~[ratis-grpc-0.4.0-2337318-SNAPSHOT.jar:0.4.0-2337318-SNAPSHOT]
	at org.apache.ratis.grpc.client.GrpcClientProtocolService$OrderedRequestStreamObserver.processClientRequest(GrpcClientProtocolService.java:326) ~[ratis-grpc-0.4.0-2337318-SNAPSHOT.jar:0.4.0-2337318-SNAPSHOT]
	at org.apache.ratis.util.SlidingWindow$Server.processRequestsFromHead(SlidingWindow.java:429) [ratis-common-0.4.0-2337318-SNAPSHOT.jar:0.4.0-2337318-SNAPSHOT]
	at org.apache.ratis.util.SlidingWindow$Server.receivedRequest(SlidingWindow.java:421) [ratis-common-0.4.0-2337318-SNAPSHOT.jar:0.4.0-2337318-SNAPSHOT]
	at org.apache.ratis.grpc.client.GrpcClientProtocolService$OrderedRequestStreamObserver.processClientRequest(GrpcClientProtocolService.java:345) [ratis-grpc-0.4.0-2337318-SNAPSHOT.jar:0.4.0-2337318-SNAPSHOT]
	at org.apache.ratis.grpc.client.GrpcClientProtocolService$RequestStreamObserver.onNext(GrpcClientProtocolService.java:240) [ratis-grpc-0.4.0-2337318-SNAPSHOT.jar:0.4.0-2337318-SNAPSHOT]
	at org.apache.ratis.grpc.client.GrpcClientProtocolService$RequestStreamObserver.onNext(GrpcClientProtocolService.java:168) [ratis-grpc-0.4.0-2337318-SNAPSHOT.jar:0.4.0-2337318-SNAPSHOT]
	at org.apache.ratis.thirdparty.io.grpc.stub.ServerCalls$StreamingServerCallHandler$StreamingServerCallListener.onMessage(ServerCalls.java:248) [ratis-thirdparty-misc-0.2.0.jar:0.2.0]
	at org.apache.ratis.thirdparty.io.grpc.internal.ServerCallImpl$ServerStreamListenerImpl.messagesAvailable(ServerCallImpl.java:263) [ratis-thirdparty-misc-0.2.0.jar:0.2.0]
	at org.apache.ratis.thirdparty.io.grpc.internal.ServerImpl$JumpToApplicationThreadServerStreamListener$1MessagesAvailable.runInContext(ServerImpl.java:686) [ratis-thirdparty-misc-0.2.0.jar:0.2.0]
	at org.apache.ratis.thirdparty.io.grpc.internal.ContextRunnable.run(ContextRunnable.java:37) [ratis-thirdparty-misc-0.2.0.jar:0.2.0]
	at org.apache.ratis.thirdparty.io.grpc.internal.SerializingExecutor.run(SerializingExecutor.java:123) [ratis-thirdparty-misc-0.2.0.jar:0.2.0]
	at java.util.concurrent.ThreadPoolExecutor.runWorker(ThreadPoolExecutor.java:1149) [?:1.8.0_212]
	at java.util.concurrent.ThreadPoolExecutor$Worker.run(ThreadPoolExecutor.java:624) [?:1.8.0_212]
	at java.lang.Thread.run(Thread.java:748) [?:1.8.0_212]
2019-08-02 04:05:04,265 INFO  client.GrpcClientProtocolClient (GrpcClientProtocolClient.java:onNext(255)) - client-E29A480F3F1D->e067c9fb-d080-4f42-b6b8-c2e0c1743bb2: receive RaftClientReply:client-E29A480F3F1D->e067c9fb-d080-4f42-b6b8-c2e0c1743bb2@group-F0F8787FC39C, cid=26, FAILED org.apache.ratis.protocol.StateMachineException: org.apache.hadoop.hdds.scm.container.common.helpers.ContainerNotOpenException from Server e067c9fb-d080-4f42-b6b8-c2e0c1743bb2: Container 1 in CLOSED state, logIndex=0, commits[e067c9fb-d080-4f42-b6b8-c2e0c1743bb2:c18, faf30cc2-09b5-45b5-a1b8-700f8cb23344:c18, 320d30ba-a9a6-45ed-a240-9f96a2f7937d:c16]
2019-08-02 04:05:04,268 INFO  client.GrpcClientProtocolClient (GrpcClientProtocolClient.java:onNext(255)) - client-E29A480F3F1D->e067c9fb-d080-4f42-b6b8-c2e0c1743bb2: receive RaftClientReply:client-E29A480F3F1D->e067c9fb-d080-4f42-b6b8-c2e0c1743bb2@group-F0F8787FC39C, cid=27, FAILED org.apache.ratis.protocol.StateMachineException: org.apache.hadoop.hdds.scm.container.common.helpers.ContainerNotOpenException from Server e067c9fb-d080-4f42-b6b8-c2e0c1743bb2: Container 1 in CLOSED state, logIndex=0, commits[e067c9fb-d080-4f42-b6b8-c2e0c1743bb2:c18, faf30cc2-09b5-45b5-a1b8-700f8cb23344:c18, 320d30ba-a9a6-45ed-a240-9f96a2f7937d:c16]
2019-08-02 04:05:04,493 INFO  client.GrpcClientProtocolClient (GrpcClientProtocolClient.java:onNext(255)) - client-0B4F4A3B0EBF->11e07cc4-2815-49a6-9644-343718e24947: receive RaftClientReply:client-0B4F4A3B0EBF->11e07cc4-2815-49a6-9644-343718e24947@group-A554F16BB3E7, cid=28, SUCCESS, logIndex=1, commits[11e07cc4-2815-49a6-9644-343718e24947:c1, 8671fb5a-4fbf-4e50-b0d6-03783498dd0e:c0, 24bc3d7e-0c9c-4a07-9432-ba9705483e95:c0]
2019-08-02 04:05:04,535 INFO  client.GrpcClientProtocolClient (GrpcClientProtocolClient.java:onNext(255)) - client-0B4F4A3B0EBF->11e07cc4-2815-49a6-9644-343718e24947: receive RaftClientReply:client-0B4F4A3B0EBF->11e07cc4-2815-49a6-9644-343718e24947@group-A554F16BB3E7, cid=29, SUCCESS, logIndex=3, commits[11e07cc4-2815-49a6-9644-343718e24947:c4, 8671fb5a-4fbf-4e50-b0d6-03783498dd0e:c2, 24bc3d7e-0c9c-4a07-9432-ba9705483e95:c2]
2019-08-02 04:05:04,592 INFO  client.GrpcClientProtocolClient (GrpcClientProtocolClient.java:onNext(255)) - client-0B4F4A3B0EBF->11e07cc4-2815-49a6-9644-343718e24947: receive RaftClientReply:client-0B4F4A3B0EBF->11e07cc4-2815-49a6-9644-343718e24947@group-A554F16BB3E7, cid=30, SUCCESS, logIndex=4, commits[11e07cc4-2815-49a6-9644-343718e24947:c12, 8671fb5a-4fbf-4e50-b0d6-03783498dd0e:c7, 24bc3d7e-0c9c-4a07-9432-ba9705483e95:c7]
2019-08-02 04:05:04,595 INFO  client.GrpcClientProtocolClient (GrpcClientProtocolClient.java:onNext(255)) - client-0B4F4A3B0EBF->11e07cc4-2815-49a6-9644-343718e24947: receive RaftClientReply:client-0B4F4A3B0EBF->11e07cc4-2815-49a6-9644-343718e24947@group-A554F16BB3E7, cid=31, SUCCESS, logIndex=5, commits[11e07cc4-2815-49a6-9644-343718e24947:c12, 8671fb5a-4fbf-4e50-b0d6-03783498dd0e:c7, 24bc3d7e-0c9c-4a07-9432-ba9705483e95:c7]
2019-08-02 04:05:04,595 INFO  client.GrpcClientProtocolClient (GrpcClientProtocolClient.java:onNext(255)) - client-0B4F4A3B0EBF->11e07cc4-2815-49a6-9644-343718e24947: receive RaftClientReply:client-0B4F4A3B0EBF->11e07cc4-2815-49a6-9644-343718e24947@group-A554F16BB3E7, cid=32, SUCCESS, logIndex=6, commits[11e07cc4-2815-49a6-9644-343718e24947:c12, 8671fb5a-4fbf-4e50-b0d6-03783498dd0e:c7, 24bc3d7e-0c9c-4a07-9432-ba9705483e95:c7]
2019-08-02 04:05:04,696 INFO  client.GrpcClientProtocolClient (GrpcClientProtocolClient.java:onNext(255)) - client-0B4F4A3B0EBF->11e07cc4-2815-49a6-9644-343718e24947: receive RaftClientReply:client-0B4F4A3B0EBF->11e07cc4-2815-49a6-9644-343718e24947@group-A554F16BB3E7, cid=33, SUCCESS, logIndex=7, commits[11e07cc4-2815-49a6-9644-343718e24947:c12, 8671fb5a-4fbf-4e50-b0d6-03783498dd0e:c7, 24bc3d7e-0c9c-4a07-9432-ba9705483e95:c7]
2019-08-02 04:05:04,716 INFO  client.GrpcClientProtocolClient (GrpcClientProtocolClient.java:onNext(255)) - client-0B4F4A3B0EBF->11e07cc4-2815-49a6-9644-343718e24947: receive RaftClientReply:client-0B4F4A3B0EBF->11e07cc4-2815-49a6-9644-343718e24947@group-A554F16BB3E7, cid=34, SUCCESS, logIndex=13, commits[11e07cc4-2815-49a6-9644-343718e24947:c14, 8671fb5a-4fbf-4e50-b0d6-03783498dd0e:c12, 24bc3d7e-0c9c-4a07-9432-ba9705483e95:c12]
2019-08-02 04:05:04,718 INFO  client.GrpcClientProtocolClient (GrpcClientProtocolClient.java:onNext(255)) - client-0B4F4A3B0EBF->11e07cc4-2815-49a6-9644-343718e24947: receive RaftClientReply:client-0B4F4A3B0EBF->11e07cc4-2815-49a6-9644-343718e24947@group-A554F16BB3E7, cid=35, SUCCESS, logIndex=14, commits[11e07cc4-2815-49a6-9644-343718e24947:c14, 8671fb5a-4fbf-4e50-b0d6-03783498dd0e:c12, 24bc3d7e-0c9c-4a07-9432-ba9705483e95:c12]
2019-08-02 04:05:04,731 INFO  client.GrpcClientProtocolClient (GrpcClientProtocolClient.java:onNext(255)) - client-0B4F4A3B0EBF->11e07cc4-2815-49a6-9644-343718e24947: receive RaftClientReply:client-0B4F4A3B0EBF->11e07cc4-2815-49a6-9644-343718e24947@group-A554F16BB3E7, cid=36, SUCCESS, logIndex=0, commits[11e07cc4-2815-49a6-9644-343718e24947:c14, 8671fb5a-4fbf-4e50-b0d6-03783498dd0e:c14, 24bc3d7e-0c9c-4a07-9432-ba9705483e95:c14]
2019-08-02 04:05:04,732 INFO  ozone.MiniOzoneClusterImpl (MiniOzoneClusterImpl.java:shutdown(321)) - Shutting down the Mini Ozone Cluster
2019-08-02 04:05:04,733 INFO  ozone.MiniOzoneClusterImpl (MiniOzoneClusterImpl.java:stop(336)) - Stopping the Mini Ozone Cluster
2019-08-02 04:05:04,733 INFO  ozone.MiniOzoneClusterImpl (MiniOzoneClusterImpl.java:stop(338)) - Stopping the OzoneManager
2019-08-02 04:05:04,734 INFO  ipc.Server (Server.java:stop(3082)) - Stopping server on 42022
2019-08-02 04:05:04,734 INFO  ipc.Server (Server.java:run(1185)) - Stopping IPC Server listener on 42022
2019-08-02 04:05:04,735 INFO  utils.BackgroundService (BackgroundService.java:shutdown(148)) - Shutting down service KeyDeletingService
2019-08-02 04:05:04,735 INFO  ipc.Server (Server.java:run(1319)) - Stopping IPC Server Responder
2019-08-02 04:05:04,738 INFO  handler.ContextHandler (ContextHandler.java:doStop(910)) - Stopped o.e.j.w.WebAppContext@61d01788{/,null,UNAVAILABLE}{/ozoneManager}
2019-08-02 04:05:04,740 INFO  server.AbstractConnector (AbstractConnector.java:doStop(318)) - Stopped ServerConnector@2b9b7f1f{HTTP/1.1,[http/1.1]}{0.0.0.0:0}
2019-08-02 04:05:04,741 INFO  handler.ContextHandler (ContextHandler.java:doStop(910)) - Stopped o.e.j.s.ServletContextHandler@6ce90bc5{/static,file:///workdir/hadoop-ozone/integration-test/target/test-classes/webapps/static,UNAVAILABLE}
2019-08-02 04:05:04,741 INFO  handler.ContextHandler (ContextHandler.java:doStop(910)) - Stopped o.e.j.s.ServletContextHandler@6e6fce47{/logs,file:///workdir/hadoop-ozone/integration-test/target/log,UNAVAILABLE}
2019-08-02 04:05:04,746 INFO  ozone.MiniOzoneClusterImpl (MiniOzoneClusterImpl.java:stop(344)) - Shutting the HddsDatanodes
2019-08-02 04:05:04,747 INFO  datanode.ObjectStoreHandler (ObjectStoreHandler.java:close(155)) - Closing ObjectStoreHandler.
2019-08-02 04:05:04,748 INFO  ozone.HddsDatanodeService (HddsDatanodeService.java:stop(451)) - Stopped plug-in org.apache.hadoop.ozone.web.OzoneHddsDatanodeService@7364f68
2019-08-02 04:05:04,748 INFO  datanode.ObjectStoreHandler (ObjectStoreHandler.java:close(155)) - Closing ObjectStoreHandler.
2019-08-02 04:05:04,751 INFO  ozone.HddsDatanodeService (HddsDatanodeService.java:stop(451)) - Stopped plug-in org.apache.hadoop.ozone.web.OzoneHddsDatanodeService@1e00bfe2
2019-08-02 04:05:05,466 INFO  statemachine.DatanodeStateMachine (DatanodeStateMachine.java:lambda$startDaemon$0(350)) - Ozone container server started.
2019-08-02 04:05:05,466 INFO  statemachine.DatanodeStateMachine (DatanodeStateMachine.java:lambda$startDaemon$0(350)) - Ozone container server started.
2019-08-02 04:05:05,687 WARN  server.GrpcLogAppender (LogUtils.java:warn(134)) - e067c9fb-d080-4f42-b6b8-c2e0c1743bb2->320d30ba-a9a6-45ed-a240-9f96a2f7937d: Failed appendEntries: org.apache.ratis.thirdparty.io.grpc.StatusRuntimeException: UNAVAILABLE: io exception
2019-08-02 04:05:05,687 WARN  server.GrpcLogAppender (LogUtils.java:warn(134)) - e067c9fb-d080-4f42-b6b8-c2e0c1743bb2->faf30cc2-09b5-45b5-a1b8-700f8cb23344: Failed appendEntries: org.apache.ratis.thirdparty.io.grpc.StatusRuntimeException: UNAVAILABLE: io exception
2019-08-02 04:05:05,691 INFO  impl.FollowerInfo (FollowerInfo.java:lambda$new$0(50)) - e067c9fb-d080-4f42-b6b8-c2e0c1743bb2->320d30ba-a9a6-45ed-a240-9f96a2f7937d: nextIndex: updateUnconditionally 15 -> 14
2019-08-02 04:05:05,691 INFO  impl.FollowerInfo (FollowerInfo.java:lambda$new$0(50)) - e067c9fb-d080-4f42-b6b8-c2e0c1743bb2->faf30cc2-09b5-45b5-a1b8-700f8cb23344: nextIndex: updateUnconditionally 18 -> 17
2019-08-02 04:05:08,189 WARN  server.GrpcLogAppender (LogUtils.java:warn(134)) - e067c9fb-d080-4f42-b6b8-c2e0c1743bb2->faf30cc2-09b5-45b5-a1b8-700f8cb23344: Failed appendEntries: org.apache.ratis.thirdparty.io.grpc.StatusRuntimeException: UNAVAILABLE: io exception
2019-08-02 04:05:08,189 WARN  server.GrpcLogAppender (LogUtils.java:warn(134)) - e067c9fb-d080-4f42-b6b8-c2e0c1743bb2->320d30ba-a9a6-45ed-a240-9f96a2f7937d: Failed appendEntries: org.apache.ratis.thirdparty.io.grpc.StatusRuntimeException: UNAVAILABLE: io exception
2019-08-02 04:05:08,192 INFO  impl.FollowerInfo (FollowerInfo.java:lambda$new$0(50)) - e067c9fb-d080-4f42-b6b8-c2e0c1743bb2->faf30cc2-09b5-45b5-a1b8-700f8cb23344: nextIndex: updateUnconditionally 17 -> 16
2019-08-02 04:05:08,194 INFO  impl.FollowerInfo (FollowerInfo.java:lambda$new$0(50)) - e067c9fb-d080-4f42-b6b8-c2e0c1743bb2->320d30ba-a9a6-45ed-a240-9f96a2f7937d: nextIndex: updateUnconditionally 14 -> 13
2019-08-02 04:05:09,518 INFO  node.StaleNodeHandler (StaleNodeHandler.java:onMessage(58)) - Datanode 11e07cc4-2815-49a6-9644-343718e24947{ip: 192.168.157.195, host: byscane-nightly-xzrzg-2697134946, networkLocation: /default-rack, certSerialId: null} moved to stale state. Finalizing its pipelines [PipelineID=48b73e62-ef5f-4ef2-bc50-a554f16bb3e7, PipelineID=1dae0b36-9b4c-4e23-b554-c46ae5e9cf6d]
2019-08-02 04:05:09,519 INFO  pipeline.SCMPipelineManager (SCMPipelineManager.java:finalizeAndDestroyPipeline(309)) - destroying pipeline:Pipeline[ Id: 48b73e62-ef5f-4ef2-bc50-a554f16bb3e7, Nodes: 11e07cc4-2815-49a6-9644-343718e24947{ip: 192.168.157.195, host: byscane-nightly-xzrzg-2697134946, networkLocation: /default-rack, certSerialId: null}24bc3d7e-0c9c-4a07-9432-ba9705483e95{ip: 192.168.157.195, host: byscane-nightly-xzrzg-2697134946, networkLocation: /default-rack, certSerialId: null}8671fb5a-4fbf-4e50-b0d6-03783498dd0e{ip: 192.168.157.195, host: byscane-nightly-xzrzg-2697134946, networkLocation: /default-rack, certSerialId: null}, Type:RATIS, Factor:THREE, State:OPEN]
2019-08-02 04:05:09,519 INFO  pipeline.PipelineStateManager (PipelineStateManager.java:finalizePipeline(123)) - Pipeline Pipeline[ Id: 48b73e62-ef5f-4ef2-bc50-a554f16bb3e7, Nodes: 11e07cc4-2815-49a6-9644-343718e24947{ip: 192.168.157.195, host: byscane-nightly-xzrzg-2697134946, networkLocation: /default-rack, certSerialId: null}24bc3d7e-0c9c-4a07-9432-ba9705483e95{ip: 192.168.157.195, host: byscane-nightly-xzrzg-2697134946, networkLocation: /default-rack, certSerialId: null}8671fb5a-4fbf-4e50-b0d6-03783498dd0e{ip: 192.168.157.195, host: byscane-nightly-xzrzg-2697134946, networkLocation: /default-rack, certSerialId: null}, Type:RATIS, Factor:THREE, State:CLOSED] moved to CLOSED state
2019-08-02 04:05:09,519 INFO  container.CloseContainerEventHandler (CloseContainerEventHandler.java:onMessage(61)) - Close container Event triggered for container : #2
2019-08-02 04:05:09,527 INFO  pipeline.SCMPipelineManager (SCMPipelineManager.java:finalizeAndDestroyPipeline(309)) - destroying pipeline:Pipeline[ Id: 1dae0b36-9b4c-4e23-b554-c46ae5e9cf6d, Nodes: 11e07cc4-2815-49a6-9644-343718e24947{ip: 192.168.157.195, host: byscane-nightly-xzrzg-2697134946, networkLocation: /default-rack, certSerialId: null}, Type:RATIS, Factor:ONE, State:OPEN]
2019-08-02 04:05:09,527 INFO  pipeline.PipelineStateManager (PipelineStateManager.java:finalizePipeline(123)) - Pipeline Pipeline[ Id: 1dae0b36-9b4c-4e23-b554-c46ae5e9cf6d, Nodes: 11e07cc4-2815-49a6-9644-343718e24947{ip: 192.168.157.195, host: byscane-nightly-xzrzg-2697134946, networkLocation: /default-rack, certSerialId: null}, Type:RATIS, Factor:ONE, State:CLOSED] moved to CLOSED state
2019-08-02 04:05:09,528 INFO  node.StaleNodeHandler (StaleNodeHandler.java:onMessage(58)) - Datanode 24bc3d7e-0c9c-4a07-9432-ba9705483e95{ip: 192.168.157.195, host: byscane-nightly-xzrzg-2697134946, networkLocation: /default-rack, certSerialId: null} moved to stale state. Finalizing its pipelines [PipelineID=48b73e62-ef5f-4ef2-bc50-a554f16bb3e7, PipelineID=9c5e861b-e682-47cc-be83-80a188006c23]
2019-08-02 04:05:09,528 INFO  pipeline.SCMPipelineManager (SCMPipelineManager.java:finalizeAndDestroyPipeline(309)) - destroying pipeline:Pipeline[ Id: 48b73e62-ef5f-4ef2-bc50-a554f16bb3e7, Nodes: 11e07cc4-2815-49a6-9644-343718e24947{ip: 192.168.157.195, host: byscane-nightly-xzrzg-2697134946, networkLocation: /default-rack, certSerialId: null}24bc3d7e-0c9c-4a07-9432-ba9705483e95{ip: 192.168.157.195, host: byscane-nightly-xzrzg-2697134946, networkLocation: /default-rack, certSerialId: null}8671fb5a-4fbf-4e50-b0d6-03783498dd0e{ip: 192.168.157.195, host: byscane-nightly-xzrzg-2697134946, networkLocation: /default-rack, certSerialId: null}, Type:RATIS, Factor:THREE, State:CLOSED]
2019-08-02 04:05:09,528 INFO  pipeline.SCMPipelineManager (SCMPipelineManager.java:finalizeAndDestroyPipeline(309)) - destroying pipeline:Pipeline[ Id: 9c5e861b-e682-47cc-be83-80a188006c23, Nodes: 24bc3d7e-0c9c-4a07-9432-ba9705483e95{ip: 192.168.157.195, host: byscane-nightly-xzrzg-2697134946, networkLocation: /default-rack, certSerialId: null}, Type:RATIS, Factor:ONE, State:OPEN]
2019-08-02 04:05:09,528 INFO  pipeline.PipelineStateManager (PipelineStateManager.java:finalizePipeline(123)) - Pipeline Pipeline[ Id: 9c5e861b-e682-47cc-be83-80a188006c23, Nodes: 24bc3d7e-0c9c-4a07-9432-ba9705483e95{ip: 192.168.157.195, host: byscane-nightly-xzrzg-2697134946, networkLocation: /default-rack, certSerialId: null}, Type:RATIS, Factor:ONE, State:CLOSED] moved to CLOSED state
2019-08-02 04:05:09,749 INFO  ozoneimpl.OzoneContainer (OzoneContainer.java:stop(199)) - Attempting to stop container services.
2019-08-02 04:05:09,750 INFO  impl.RaftServerProxy (RaftServerProxy.java:lambda$close$4(314)) - 24bc3d7e-0c9c-4a07-9432-ba9705483e95: close
2019-08-02 04:05:09,750 INFO  impl.RaftServerImpl (RaftServerImpl.java:lambda$shutdown$3(245)) - 24bc3d7e-0c9c-4a07-9432-ba9705483e95: shutdown group-A554F16BB3E7
2019-08-02 04:05:09,750 INFO  util.JmxRegister (JmxRegister.java:unregister(73)) - Successfully un-registered JMX Bean with object name Ratis:service=RaftServer,group=group-A554F16BB3E7,id=24bc3d7e-0c9c-4a07-9432-ba9705483e95
2019-08-02 04:05:09,751 INFO  impl.RoleInfo (RoleInfo.java:shutdownFollowerState(121)) - 24bc3d7e-0c9c-4a07-9432-ba9705483e95: shutdown FollowerState
2019-08-02 04:05:09,751 INFO  impl.StateMachineUpdater (StateMachineUpdater.java:stopAndJoin(115)) - StateMachineUpdater:24bc3d7e-0c9c-4a07-9432-ba9705483e95:group-A554F16BB3E7: set stopIndex = 16
2019-08-02 04:05:09,751 INFO  ratis.ContainerStateMachine (ContainerStateMachine.java:takeSnapshot(262)) - group-A554F16BB3E7: Taking a snapshot at:(t:1, i:14) file /workdir/hadoop-ozone/integration-test/target/test-dir/MiniOzoneClusterImpl-aeec6eb3-b278-40e8-882d-ded1a49b8218/datanode-4/data/ratis/48b73e62-ef5f-4ef2-bc50-a554f16bb3e7/sm/snapshot.1_14
2019-08-02 04:05:09,751 INFO  impl.FollowerState (FollowerState.java:run(114)) - 24bc3d7e-0c9c-4a07-9432-ba9705483e95: FollowerState was interrupted: java.lang.InterruptedException: sleep interrupted
2019-08-02 04:05:09,755 INFO  ozoneimpl.OzoneContainer (OzoneContainer.java:stop(199)) - Attempting to stop container services.
2019-08-02 04:05:09,755 INFO  impl.RaftServerProxy (RaftServerProxy.java:lambda$close$4(314)) - 11e07cc4-2815-49a6-9644-343718e24947: close
2019-08-02 04:05:09,756 INFO  impl.RaftServerImpl (RaftServerImpl.java:lambda$shutdown$3(245)) - 11e07cc4-2815-49a6-9644-343718e24947: shutdown group-A554F16BB3E7
2019-08-02 04:05:09,756 INFO  util.JmxRegister (JmxRegister.java:unregister(73)) - Successfully un-registered JMX Bean with object name Ratis:service=RaftServer,group=group-A554F16BB3E7,id=11e07cc4-2815-49a6-9644-343718e24947
2019-08-02 04:05:09,756 INFO  impl.RoleInfo (RoleInfo.java:shutdownLeaderState(104)) - 11e07cc4-2815-49a6-9644-343718e24947: shutdown LeaderState
2019-08-02 04:05:09,759 INFO  impl.PendingRequests (PendingRequests.java:sendNotLeaderResponses(202)) - 11e07cc4-2815-49a6-9644-343718e24947-PendingRequests: sendNotLeaderResponses
2019-08-02 04:05:09,761 WARN  server.GrpcLogAppender (GrpcLogAppender.java:mayWait(143)) - GrpcLogAppender(11e07cc4-2815-49a6-9644-343718e24947->8671fb5a-4fbf-4e50-b0d6-03783498dd0e): Wait interrupted by java.lang.InterruptedException
2019-08-02 04:05:09,761 WARN  server.GrpcLogAppender (GrpcLogAppender.java:mayWait(143)) - GrpcLogAppender(11e07cc4-2815-49a6-9644-343718e24947->24bc3d7e-0c9c-4a07-9432-ba9705483e95): Wait interrupted by java.lang.InterruptedException
2019-08-02 04:05:09,764 INFO  impl.StateMachineUpdater (StateMachineUpdater.java:stopAndJoin(115)) - StateMachineUpdater:11e07cc4-2815-49a6-9644-343718e24947:group-A554F16BB3E7: set stopIndex = 16
2019-08-02 04:05:09,764 INFO  ratis.ContainerStateMachine (ContainerStateMachine.java:takeSnapshot(262)) - group-A554F16BB3E7: Taking a snapshot at:(t:1, i:14) file /workdir/hadoop-ozone/integration-test/target/test-dir/MiniOzoneClusterImpl-aeec6eb3-b278-40e8-882d-ded1a49b8218/datanode-2/data/ratis/48b73e62-ef5f-4ef2-bc50-a554f16bb3e7/sm/snapshot.1_14
2019-08-02 04:05:09,765 INFO  server.GrpcServerProtocolService (GrpcServerProtocolService.java:onCompleted(104)) - 8671fb5a-4fbf-4e50-b0d6-03783498dd0e: appendEntries completed
2019-08-02 04:05:09,767 INFO  server.GrpcServerProtocolService (GrpcServerProtocolService.java:onCompleted(104)) - 24bc3d7e-0c9c-4a07-9432-ba9705483e95: appendEntries completed
2019-08-02 04:05:09,769 INFO  ratis.ContainerStateMachine (ContainerStateMachine.java:takeSnapshot(273)) - group-A554F16BB3E7: Finished taking a snapshot at:(t:1, i:14) file:/workdir/hadoop-ozone/integration-test/target/test-dir/MiniOzoneClusterImpl-aeec6eb3-b278-40e8-882d-ded1a49b8218/datanode-2/data/ratis/48b73e62-ef5f-4ef2-bc50-a554f16bb3e7/sm/snapshot.1_14 time:5
2019-08-02 04:05:09,769 INFO  ratis.ContainerStateMachine (ContainerStateMachine.java:takeSnapshot(273)) - group-A554F16BB3E7: Finished taking a snapshot at:(t:1, i:14) file:/workdir/hadoop-ozone/integration-test/target/test-dir/MiniOzoneClusterImpl-aeec6eb3-b278-40e8-882d-ded1a49b8218/datanode-4/data/ratis/48b73e62-ef5f-4ef2-bc50-a554f16bb3e7/sm/snapshot.1_14 time:18
2019-08-02 04:05:09,769 INFO  server.GrpcLogAppender (GrpcLogAppender.java:onCompleted(292)) - 11e07cc4-2815-49a6-9644-343718e24947->8671fb5a-4fbf-4e50-b0d6-03783498dd0e: follower responses appendEntries COMPLETED
2019-08-02 04:05:09,769 INFO  impl.StateMachineUpdater (StateMachineUpdater.java:takeSnapshot(242)) - StateMachineUpdater:11e07cc4-2815-49a6-9644-343718e24947:group-A554F16BB3E7: Took a snapshot at index 14
2019-08-02 04:05:09,771 INFO  server.GrpcLogAppender (GrpcLogAppender.java:onCompleted(292)) - 11e07cc4-2815-49a6-9644-343718e24947->24bc3d7e-0c9c-4a07-9432-ba9705483e95: follower responses appendEntries COMPLETED
2019-08-02 04:05:09,769 INFO  impl.StateMachineUpdater (StateMachineUpdater.java:takeSnapshot(242)) - StateMachineUpdater:24bc3d7e-0c9c-4a07-9432-ba9705483e95:group-A554F16BB3E7: Took a snapshot at index 14
2019-08-02 04:05:09,772 INFO  impl.FollowerInfo (FollowerInfo.java:lambda$new$0(50)) - 11e07cc4-2815-49a6-9644-343718e24947->8671fb5a-4fbf-4e50-b0d6-03783498dd0e: nextIndex: updateUnconditionally 17 -> 16
2019-08-02 04:05:09,772 INFO  impl.StateMachineUpdater (StateMachineUpdater.java:lambda$new$0(80)) - StateMachineUpdater:11e07cc4-2815-49a6-9644-343718e24947:group-A554F16BB3E7: snapshotIndex: updateIncreasingly -1 -> 14
2019-08-02 04:05:09,772 INFO  impl.FollowerInfo (FollowerInfo.java:lambda$new$0(50)) - 11e07cc4-2815-49a6-9644-343718e24947->24bc3d7e-0c9c-4a07-9432-ba9705483e95: nextIndex: updateUnconditionally 17 -> 16
2019-08-02 04:05:09,772 INFO  impl.StateMachineUpdater (StateMachineUpdater.java:lambda$new$0(80)) - StateMachineUpdater:24bc3d7e-0c9c-4a07-9432-ba9705483e95:group-A554F16BB3E7: snapshotIndex: updateIncreasingly -1 -> 14
2019-08-02 04:05:09,773 INFO  impl.RaftServerImpl (ServerState.java:close(394)) - 11e07cc4-2815-49a6-9644-343718e24947:group-A554F16BB3E7 closes. The last applied log index is 16
2019-08-02 04:05:09,773 INFO  impl.RaftServerImpl (ServerState.java:close(394)) - 24bc3d7e-0c9c-4a07-9432-ba9705483e95:group-A554F16BB3E7 closes. The last applied log index is 16
2019-08-02 04:05:09,773 INFO  segmented.SegmentedRaftLogWorker (SegmentedRaftLogWorker.java:run(313)) - 11e07cc4-2815-49a6-9644-343718e24947-SegmentedRaftLogWorker:Storage Directory /workdir/hadoop-ozone/integration-test/target/test-dir/MiniOzoneClusterImpl-aeec6eb3-b278-40e8-882d-ded1a49b8218/datanode-2/data/ratis/48b73e62-ef5f-4ef2-bc50-a554f16bb3e7 was interrupted, exiting. There are 0 tasks remaining in the queue.
2019-08-02 04:05:09,774 INFO  segmented.SegmentedRaftLogWorker (SegmentedRaftLogWorker.java:run(313)) - 24bc3d7e-0c9c-4a07-9432-ba9705483e95-SegmentedRaftLogWorker:Storage Directory /workdir/hadoop-ozone/integration-test/target/test-dir/MiniOzoneClusterImpl-aeec6eb3-b278-40e8-882d-ded1a49b8218/datanode-4/data/ratis/48b73e62-ef5f-4ef2-bc50-a554f16bb3e7 was interrupted, exiting. There are 0 tasks remaining in the queue.
2019-08-02 04:05:09,777 INFO  segmented.SegmentedRaftLogWorker (SegmentedRaftLogWorker.java:close(228)) - 11e07cc4-2815-49a6-9644-343718e24947-SegmentedRaftLogWorker:Storage Directory /workdir/hadoop-ozone/integration-test/target/test-dir/MiniOzoneClusterImpl-aeec6eb3-b278-40e8-882d-ded1a49b8218/datanode-2/data/ratis/48b73e62-ef5f-4ef2-bc50-a554f16bb3e7 close()
2019-08-02 04:05:09,777 INFO  segmented.SegmentedRaftLogWorker (SegmentedRaftLogWorker.java:close(228)) - 24bc3d7e-0c9c-4a07-9432-ba9705483e95-SegmentedRaftLogWorker:Storage Directory /workdir/hadoop-ozone/integration-test/target/test-dir/MiniOzoneClusterImpl-aeec6eb3-b278-40e8-882d-ded1a49b8218/datanode-4/data/ratis/48b73e62-ef5f-4ef2-bc50-a554f16bb3e7 close()
2019-08-02 04:05:09,779 INFO  impl.RaftServerImpl (RaftServerImpl.java:lambda$shutdown$3(245)) - 11e07cc4-2815-49a6-9644-343718e24947: shutdown group-C46AE5E9CF6D
2019-08-02 04:05:09,782 INFO  impl.RaftServerImpl (RaftServerImpl.java:lambda$shutdown$3(245)) - 24bc3d7e-0c9c-4a07-9432-ba9705483e95: shutdown group-80A188006C23
2019-08-02 04:05:09,782 INFO  util.JmxRegister (JmxRegister.java:unregister(73)) - Successfully un-registered JMX Bean with object name Ratis:service=RaftServer,group=group-C46AE5E9CF6D,id=11e07cc4-2815-49a6-9644-343718e24947
2019-08-02 04:05:09,783 INFO  util.JmxRegister (JmxRegister.java:unregister(73)) - Successfully un-registered JMX Bean with object name Ratis:service=RaftServer,group=group-80A188006C23,id=24bc3d7e-0c9c-4a07-9432-ba9705483e95
2019-08-02 04:05:09,783 INFO  impl.RoleInfo (RoleInfo.java:shutdownLeaderState(104)) - 11e07cc4-2815-49a6-9644-343718e24947: shutdown LeaderState
2019-08-02 04:05:09,783 INFO  impl.RoleInfo (RoleInfo.java:shutdownLeaderState(104)) - 24bc3d7e-0c9c-4a07-9432-ba9705483e95: shutdown LeaderState
2019-08-02 04:05:09,784 INFO  impl.PendingRequests (PendingRequests.java:sendNotLeaderResponses(202)) - 11e07cc4-2815-49a6-9644-343718e24947-PendingRequests: sendNotLeaderResponses
2019-08-02 04:05:09,784 INFO  impl.PendingRequests (PendingRequests.java:sendNotLeaderResponses(202)) - 24bc3d7e-0c9c-4a07-9432-ba9705483e95-PendingRequests: sendNotLeaderResponses
2019-08-02 04:05:09,784 INFO  impl.StateMachineUpdater (StateMachineUpdater.java:stopAndJoin(115)) - StateMachineUpdater:11e07cc4-2815-49a6-9644-343718e24947:group-C46AE5E9CF6D: set stopIndex = 0
2019-08-02 04:05:09,785 INFO  impl.StateMachineUpdater (StateMachineUpdater.java:stopAndJoin(115)) - StateMachineUpdater:24bc3d7e-0c9c-4a07-9432-ba9705483e95:group-80A188006C23: set stopIndex = 0
2019-08-02 04:05:09,785 INFO  impl.RaftServerImpl (ServerState.java:close(394)) - 11e07cc4-2815-49a6-9644-343718e24947:group-C46AE5E9CF6D closes. The last applied log index is 0
2019-08-02 04:05:09,785 INFO  impl.RaftServerImpl (ServerState.java:close(394)) - 24bc3d7e-0c9c-4a07-9432-ba9705483e95:group-80A188006C23 closes. The last applied log index is 0
2019-08-02 04:05:09,786 INFO  segmented.SegmentedRaftLogWorker (SegmentedRaftLogWorker.java:run(313)) - 11e07cc4-2815-49a6-9644-343718e24947-SegmentedRaftLogWorker:Storage Directory /workdir/hadoop-ozone/integration-test/target/test-dir/MiniOzoneClusterImpl-aeec6eb3-b278-40e8-882d-ded1a49b8218/datanode-2/data/ratis/1dae0b36-9b4c-4e23-b554-c46ae5e9cf6d was interrupted, exiting. There are 0 tasks remaining in the queue.
2019-08-02 04:05:09,786 INFO  segmented.SegmentedRaftLogWorker (SegmentedRaftLogWorker.java:run(313)) - 24bc3d7e-0c9c-4a07-9432-ba9705483e95-SegmentedRaftLogWorker:Storage Directory /workdir/hadoop-ozone/integration-test/target/test-dir/MiniOzoneClusterImpl-aeec6eb3-b278-40e8-882d-ded1a49b8218/datanode-4/data/ratis/9c5e861b-e682-47cc-be83-80a188006c23 was interrupted, exiting. There are 0 tasks remaining in the queue.
2019-08-02 04:05:09,789 INFO  segmented.SegmentedRaftLogWorker (SegmentedRaftLogWorker.java:close(228)) - 11e07cc4-2815-49a6-9644-343718e24947-SegmentedRaftLogWorker:Storage Directory /workdir/hadoop-ozone/integration-test/target/test-dir/MiniOzoneClusterImpl-aeec6eb3-b278-40e8-882d-ded1a49b8218/datanode-2/data/ratis/1dae0b36-9b4c-4e23-b554-c46ae5e9cf6d close()
2019-08-02 04:05:09,791 INFO  segmented.SegmentedRaftLogWorker (SegmentedRaftLogWorker.java:close(228)) - 24bc3d7e-0c9c-4a07-9432-ba9705483e95-SegmentedRaftLogWorker:Storage Directory /workdir/hadoop-ozone/integration-test/target/test-dir/MiniOzoneClusterImpl-aeec6eb3-b278-40e8-882d-ded1a49b8218/datanode-4/data/ratis/9c5e861b-e682-47cc-be83-80a188006c23 close()
2019-08-02 04:05:09,794 INFO  server.GrpcService (GrpcService.java:closeImpl(155)) - 11e07cc4-2815-49a6-9644-343718e24947: shutdown server with port 36751 now
2019-08-02 04:05:09,796 INFO  server.GrpcService (GrpcService.java:closeImpl(155)) - 24bc3d7e-0c9c-4a07-9432-ba9705483e95: shutdown server with port 43938 now
2019-08-02 04:05:09,799 INFO  server.GrpcService (GrpcService.java:closeImpl(163)) - 24bc3d7e-0c9c-4a07-9432-ba9705483e95: shutdown server with port 43938 successfully
2019-08-02 04:05:09,799 INFO  server.GrpcService (GrpcService.java:closeImpl(163)) - 11e07cc4-2815-49a6-9644-343718e24947: shutdown server with port 36751 successfully
2019-08-02 04:05:09,801 WARN  client.GrpcClientProtocolService (LogUtils.java:warn(134)) - 1-UnorderedRequestStreamObserver1: onError: org.apache.ratis.thirdparty.io.grpc.StatusRuntimeException: CANCELLED: cancelled before receiving half close
2019-08-02 04:05:09,808 INFO  utils.BackgroundService (BackgroundService.java:shutdown(148)) - Shutting down service BlockDeletingService
2019-08-02 04:05:09,811 WARN  fs.CachingGetSpaceUsed (CachingGetSpaceUsed.java:run(183)) - Thread Interrupted waiting to refresh disk information: sleep interrupted
2019-08-02 04:05:09,814 INFO  utils.BackgroundService (BackgroundService.java:shutdown(148)) - Shutting down service BlockDeletingService
2019-08-02 04:05:09,818 WARN  fs.CachingGetSpaceUsed (CachingGetSpaceUsed.java:run(183)) - Thread Interrupted waiting to refresh disk information: sleep interrupted
2019-08-02 04:05:09,829 INFO  statemachine.DatanodeStateMachine (DatanodeStateMachine.java:stopDaemon(395)) - Ozone container server stopped.
2019-08-02 04:05:09,830 INFO  handler.ContextHandler (ContextHandler.java:doStop(910)) - Stopped o.e.j.w.WebAppContext@6629643d{/,null,UNAVAILABLE}{/hddsDatanode}
2019-08-02 04:05:09,830 INFO  server.AbstractConnector (AbstractConnector.java:doStop(318)) - Stopped ServerConnector@2dd178f3{HTTP/1.1,[http/1.1]}{0.0.0.0:0}
2019-08-02 04:05:09,831 INFO  handler.ContextHandler (ContextHandler.java:doStop(910)) - Stopped o.e.j.s.ServletContextHandler@41aebbb4{/static,jar:file:/home/user/.m2/repository/org/apache/hadoop/hadoop-hdds-container-service/0.4.1-SNAPSHOT/hadoop-hdds-container-service-0.4.1-SNAPSHOT.jar!/webapps/static,UNAVAILABLE}
2019-08-02 04:05:09,831 INFO  handler.ContextHandler (ContextHandler.java:doStop(910)) - Stopped o.e.j.s.ServletContextHandler@2dbfa972{/logs,file:///workdir/hadoop-ozone/integration-test/target/log,UNAVAILABLE}
2019-08-02 04:05:09,832 INFO  datanode.ObjectStoreHandler (ObjectStoreHandler.java:close(155)) - Closing ObjectStoreHandler.
2019-08-02 04:05:09,833 INFO  ozone.HddsDatanodeService (HddsDatanodeService.java:stop(451)) - Stopped plug-in org.apache.hadoop.ozone.web.OzoneHddsDatanodeService@1e6bd263
2019-08-02 04:05:09,836 INFO  statemachine.DatanodeStateMachine (DatanodeStateMachine.java:stopDaemon(395)) - Ozone container server stopped.
2019-08-02 04:05:09,840 INFO  handler.ContextHandler (ContextHandler.java:doStop(910)) - Stopped o.e.j.w.WebAppContext@27976390{/,null,UNAVAILABLE}{/hddsDatanode}
2019-08-02 04:05:09,840 INFO  server.AbstractConnector (AbstractConnector.java:doStop(318)) - Stopped ServerConnector@37e0056e{HTTP/1.1,[http/1.1]}{0.0.0.0:0}
2019-08-02 04:05:09,842 INFO  handler.ContextHandler (ContextHandler.java:doStop(910)) - Stopped o.e.j.s.ServletContextHandler@5f08fe00{/static,jar:file:/home/user/.m2/repository/org/apache/hadoop/hadoop-hdds-container-service/0.4.1-SNAPSHOT/hadoop-hdds-container-service-0.4.1-SNAPSHOT.jar!/webapps/static,UNAVAILABLE}
2019-08-02 04:05:09,843 INFO  handler.ContextHandler (ContextHandler.java:doStop(910)) - Stopped o.e.j.s.ServletContextHandler@6b63abdc{/logs,file:///workdir/hadoop-ozone/integration-test/target/log,UNAVAILABLE}
2019-08-02 04:05:09,844 INFO  datanode.ObjectStoreHandler (ObjectStoreHandler.java:close(155)) - Closing ObjectStoreHandler.
2019-08-02 04:05:09,844 INFO  ozone.HddsDatanodeService (HddsDatanodeService.java:stop(451)) - Stopped plug-in org.apache.hadoop.ozone.web.OzoneHddsDatanodeService@364fd4ae
2019-08-02 04:05:10,235 INFO  statemachine.DatanodeStateMachine (DatanodeStateMachine.java:lambda$startDaemon$0(350)) - Ozone container server started.
2019-08-02 04:05:10,468 INFO  statemachine.DatanodeStateMachine (DatanodeStateMachine.java:lambda$startDaemon$0(350)) - Ozone container server started.
2019-08-02 04:05:10,690 WARN  server.GrpcLogAppender (LogUtils.java:warn(134)) - e067c9fb-d080-4f42-b6b8-c2e0c1743bb2->320d30ba-a9a6-45ed-a240-9f96a2f7937d: Failed appendEntries: org.apache.ratis.thirdparty.io.grpc.StatusRuntimeException: UNAVAILABLE: io exception
2019-08-02 04:05:10,690 WARN  server.GrpcLogAppender (LogUtils.java:warn(134)) - e067c9fb-d080-4f42-b6b8-c2e0c1743bb2->faf30cc2-09b5-45b5-a1b8-700f8cb23344: Failed appendEntries: org.apache.ratis.thirdparty.io.grpc.StatusRuntimeException: UNAVAILABLE: io exception
2019-08-02 04:05:10,694 INFO  impl.FollowerInfo (FollowerInfo.java:lambda$new$0(50)) - e067c9fb-d080-4f42-b6b8-c2e0c1743bb2->320d30ba-a9a6-45ed-a240-9f96a2f7937d: nextIndex: updateUnconditionally 13 -> 12
2019-08-02 04:05:10,695 INFO  impl.FollowerInfo (FollowerInfo.java:lambda$new$0(50)) - e067c9fb-d080-4f42-b6b8-c2e0c1743bb2->faf30cc2-09b5-45b5-a1b8-700f8cb23344: nextIndex: updateUnconditionally 16 -> 15
2019-08-02 04:05:13,192 WARN  server.GrpcLogAppender (LogUtils.java:warn(134)) - e067c9fb-d080-4f42-b6b8-c2e0c1743bb2->faf30cc2-09b5-45b5-a1b8-700f8cb23344: Failed appendEntries: org.apache.ratis.thirdparty.io.grpc.StatusRuntimeException: UNAVAILABLE: io exception
2019-08-02 04:05:13,192 WARN  server.GrpcLogAppender (LogUtils.java:warn(134)) - e067c9fb-d080-4f42-b6b8-c2e0c1743bb2->320d30ba-a9a6-45ed-a240-9f96a2f7937d: Failed appendEntries: org.apache.ratis.thirdparty.io.grpc.StatusRuntimeException: UNAVAILABLE: io exception
2019-08-02 04:05:13,196 INFO  impl.FollowerInfo (FollowerInfo.java:lambda$new$0(50)) - e067c9fb-d080-4f42-b6b8-c2e0c1743bb2->faf30cc2-09b5-45b5-a1b8-700f8cb23344: nextIndex: updateUnconditionally 15 -> 14
2019-08-02 04:05:13,196 INFO  impl.FollowerInfo (FollowerInfo.java:lambda$new$0(50)) - e067c9fb-d080-4f42-b6b8-c2e0c1743bb2->320d30ba-a9a6-45ed-a240-9f96a2f7937d: nextIndex: updateUnconditionally 12 -> 11
2019-08-02 04:05:14,327 INFO  node.StaleNodeHandler (StaleNodeHandler.java:onMessage(58)) - Datanode 3abb2d55-b329-421f-aa81-7118684fd7c2{ip: 192.168.157.195, host: byscane-nightly-xzrzg-2697134946, networkLocation: /default-rack, certSerialId: null} moved to stale state. Finalizing its pipelines [PipelineID=08396517-acbb-4873-8bca-232a945293a2]
2019-08-02 04:05:14,328 INFO  pipeline.SCMPipelineManager (SCMPipelineManager.java:finalizeAndDestroyPipeline(309)) - destroying pipeline:Pipeline[ Id: 08396517-acbb-4873-8bca-232a945293a2, Nodes: 3abb2d55-b329-421f-aa81-7118684fd7c2{ip: 192.168.157.195, host: byscane-nightly-xzrzg-2697134946, networkLocation: /default-rack, certSerialId: null}, Type:RATIS, Factor:ONE, State:OPEN]
2019-08-02 04:05:14,328 INFO  pipeline.PipelineStateManager (PipelineStateManager.java:finalizePipeline(123)) - Pipeline Pipeline[ Id: 08396517-acbb-4873-8bca-232a945293a2, Nodes: 3abb2d55-b329-421f-aa81-7118684fd7c2{ip: 192.168.157.195, host: byscane-nightly-xzrzg-2697134946, networkLocation: /default-rack, certSerialId: null}, Type:RATIS, Factor:ONE, State:CLOSED] moved to CLOSED state
2019-08-02 04:05:14,528 INFO  node.StaleNodeHandler (StaleNodeHandler.java:onMessage(58)) - Datanode 8671fb5a-4fbf-4e50-b0d6-03783498dd0e{ip: 192.168.157.195, host: byscane-nightly-xzrzg-2697134946, networkLocation: /default-rack, certSerialId: null} moved to stale state. Finalizing its pipelines [PipelineID=48b73e62-ef5f-4ef2-bc50-a554f16bb3e7, PipelineID=25d72e81-26ea-4e08-b196-9750d361a68a]
2019-08-02 04:05:14,528 INFO  pipeline.SCMPipelineManager (SCMPipelineManager.java:finalizeAndDestroyPipeline(309)) - destroying pipeline:Pipeline[ Id: 48b73e62-ef5f-4ef2-bc50-a554f16bb3e7, Nodes: 11e07cc4-2815-49a6-9644-343718e24947{ip: 192.168.157.195, host: byscane-nightly-xzrzg-2697134946, networkLocation: /default-rack, certSerialId: null}24bc3d7e-0c9c-4a07-9432-ba9705483e95{ip: 192.168.157.195, host: byscane-nightly-xzrzg-2697134946, networkLocation: /default-rack, certSerialId: null}8671fb5a-4fbf-4e50-b0d6-03783498dd0e{ip: 192.168.157.195, host: byscane-nightly-xzrzg-2697134946, networkLocation: /default-rack, certSerialId: null}, Type:RATIS, Factor:THREE, State:CLOSED]
2019-08-02 04:05:14,528 INFO  pipeline.SCMPipelineManager (SCMPipelineManager.java:finalizeAndDestroyPipeline(309)) - destroying pipeline:Pipeline[ Id: 25d72e81-26ea-4e08-b196-9750d361a68a, Nodes: 8671fb5a-4fbf-4e50-b0d6-03783498dd0e{ip: 192.168.157.195, host: byscane-nightly-xzrzg-2697134946, networkLocation: /default-rack, certSerialId: null}, Type:RATIS, Factor:ONE, State:OPEN]
2019-08-02 04:05:14,528 INFO  pipeline.PipelineStateManager (PipelineStateManager.java:finalizePipeline(123)) - Pipeline Pipeline[ Id: 25d72e81-26ea-4e08-b196-9750d361a68a, Nodes: 8671fb5a-4fbf-4e50-b0d6-03783498dd0e{ip: 192.168.157.195, host: byscane-nightly-xzrzg-2697134946, networkLocation: /default-rack, certSerialId: null}, Type:RATIS, Factor:ONE, State:CLOSED] moved to CLOSED state
2019-08-02 04:05:14,834 INFO  ozoneimpl.OzoneContainer (OzoneContainer.java:stop(199)) - Attempting to stop container services.
2019-08-02 04:05:14,835 INFO  impl.RaftServerProxy (RaftServerProxy.java:lambda$close$4(314)) - 3abb2d55-b329-421f-aa81-7118684fd7c2: close
2019-08-02 04:05:14,835 INFO  impl.RaftServerImpl (RaftServerImpl.java:lambda$shutdown$3(245)) - 3abb2d55-b329-421f-aa81-7118684fd7c2: shutdown group-232A945293A2
2019-08-02 04:05:14,836 INFO  util.JmxRegister (JmxRegister.java:unregister(73)) - Successfully un-registered JMX Bean with object name Ratis:service=RaftServer,group=group-232A945293A2,id=3abb2d55-b329-421f-aa81-7118684fd7c2
2019-08-02 04:05:14,836 INFO  impl.RoleInfo (RoleInfo.java:shutdownLeaderState(104)) - 3abb2d55-b329-421f-aa81-7118684fd7c2: shutdown LeaderState
2019-08-02 04:05:14,837 INFO  impl.PendingRequests (PendingRequests.java:sendNotLeaderResponses(202)) - 3abb2d55-b329-421f-aa81-7118684fd7c2-PendingRequests: sendNotLeaderResponses
2019-08-02 04:05:14,837 INFO  impl.StateMachineUpdater (StateMachineUpdater.java:stopAndJoin(115)) - StateMachineUpdater:3abb2d55-b329-421f-aa81-7118684fd7c2:group-232A945293A2: set stopIndex = 0
2019-08-02 04:05:14,838 INFO  impl.RaftServerImpl (ServerState.java:close(394)) - 3abb2d55-b329-421f-aa81-7118684fd7c2:group-232A945293A2 closes. The last applied log index is 0
2019-08-02 04:05:14,838 INFO  segmented.SegmentedRaftLogWorker (SegmentedRaftLogWorker.java:run(313)) - 3abb2d55-b329-421f-aa81-7118684fd7c2-SegmentedRaftLogWorker:Storage Directory /workdir/hadoop-ozone/integration-test/target/test-dir/MiniOzoneClusterImpl-aeec6eb3-b278-40e8-882d-ded1a49b8218/datanode-6/data/ratis/08396517-acbb-4873-8bca-232a945293a2 was interrupted, exiting. There are 0 tasks remaining in the queue.
2019-08-02 04:05:14,841 INFO  segmented.SegmentedRaftLogWorker (SegmentedRaftLogWorker.java:close(228)) - 3abb2d55-b329-421f-aa81-7118684fd7c2-SegmentedRaftLogWorker:Storage Directory /workdir/hadoop-ozone/integration-test/target/test-dir/MiniOzoneClusterImpl-aeec6eb3-b278-40e8-882d-ded1a49b8218/datanode-6/data/ratis/08396517-acbb-4873-8bca-232a945293a2 close()
2019-08-02 04:05:14,844 INFO  server.GrpcService (GrpcService.java:closeImpl(155)) - 3abb2d55-b329-421f-aa81-7118684fd7c2: shutdown server with port 33147 now
2019-08-02 04:05:14,847 INFO  server.GrpcService (GrpcService.java:closeImpl(163)) - 3abb2d55-b329-421f-aa81-7118684fd7c2: shutdown server with port 33147 successfully
2019-08-02 04:05:14,847 INFO  ozoneimpl.OzoneContainer (OzoneContainer.java:stop(199)) - Attempting to stop container services.
2019-08-02 04:05:14,848 INFO  impl.RaftServerProxy (RaftServerProxy.java:lambda$close$4(314)) - 8671fb5a-4fbf-4e50-b0d6-03783498dd0e: close
2019-08-02 04:05:14,848 INFO  utils.BackgroundService (BackgroundService.java:shutdown(148)) - Shutting down service BlockDeletingService
2019-08-02 04:05:14,849 INFO  impl.RaftServerImpl (RaftServerImpl.java:lambda$shutdown$3(245)) - 8671fb5a-4fbf-4e50-b0d6-03783498dd0e: shutdown group-A554F16BB3E7
2019-08-02 04:05:14,849 INFO  util.JmxRegister (JmxRegister.java:unregister(73)) - Successfully un-registered JMX Bean with object name Ratis:service=RaftServer,group=group-A554F16BB3E7,id=8671fb5a-4fbf-4e50-b0d6-03783498dd0e
2019-08-02 04:05:14,850 INFO  impl.RoleInfo (RoleInfo.java:shutdownFollowerState(121)) - 8671fb5a-4fbf-4e50-b0d6-03783498dd0e: shutdown FollowerState
2019-08-02 04:05:14,850 INFO  impl.StateMachineUpdater (StateMachineUpdater.java:stopAndJoin(115)) - StateMachineUpdater:8671fb5a-4fbf-4e50-b0d6-03783498dd0e:group-A554F16BB3E7: set stopIndex = 16
2019-08-02 04:05:14,850 INFO  impl.FollowerState (FollowerState.java:run(114)) - 8671fb5a-4fbf-4e50-b0d6-03783498dd0e: FollowerState was interrupted: java.lang.InterruptedException: sleep interrupted
2019-08-02 04:05:14,850 INFO  ratis.ContainerStateMachine (ContainerStateMachine.java:takeSnapshot(262)) - group-A554F16BB3E7: Taking a snapshot at:(t:1, i:14) file /workdir/hadoop-ozone/integration-test/target/test-dir/MiniOzoneClusterImpl-aeec6eb3-b278-40e8-882d-ded1a49b8218/datanode-0/data/ratis/48b73e62-ef5f-4ef2-bc50-a554f16bb3e7/sm/snapshot.1_14
2019-08-02 04:05:14,858 WARN  fs.CachingGetSpaceUsed (CachingGetSpaceUsed.java:run(183)) - Thread Interrupted waiting to refresh disk information: sleep interrupted
2019-08-02 04:05:14,870 INFO  ratis.ContainerStateMachine (ContainerStateMachine.java:takeSnapshot(273)) - group-A554F16BB3E7: Finished taking a snapshot at:(t:1, i:14) file:/workdir/hadoop-ozone/integration-test/target/test-dir/MiniOzoneClusterImpl-aeec6eb3-b278-40e8-882d-ded1a49b8218/datanode-0/data/ratis/48b73e62-ef5f-4ef2-bc50-a554f16bb3e7/sm/snapshot.1_14 time:20
2019-08-02 04:05:14,870 INFO  impl.StateMachineUpdater (StateMachineUpdater.java:takeSnapshot(242)) - StateMachineUpdater:8671fb5a-4fbf-4e50-b0d6-03783498dd0e:group-A554F16BB3E7: Took a snapshot at index 14
2019-08-02 04:05:14,871 INFO  impl.StateMachineUpdater (StateMachineUpdater.java:lambda$new$0(80)) - StateMachineUpdater:8671fb5a-4fbf-4e50-b0d6-03783498dd0e:group-A554F16BB3E7: snapshotIndex: updateIncreasingly -1 -> 14
2019-08-02 04:05:14,871 INFO  impl.RaftServerImpl (ServerState.java:close(394)) - 8671fb5a-4fbf-4e50-b0d6-03783498dd0e:group-A554F16BB3E7 closes. The last applied log index is 16
2019-08-02 04:05:14,872 INFO  segmented.SegmentedRaftLogWorker (SegmentedRaftLogWorker.java:run(313)) - 8671fb5a-4fbf-4e50-b0d6-03783498dd0e-SegmentedRaftLogWorker:Storage Directory /workdir/hadoop-ozone/integration-test/target/test-dir/MiniOzoneClusterImpl-aeec6eb3-b278-40e8-882d-ded1a49b8218/datanode-0/data/ratis/48b73e62-ef5f-4ef2-bc50-a554f16bb3e7 was interrupted, exiting. There are 0 tasks remaining in the queue.
2019-08-02 04:05:14,873 INFO  segmented.SegmentedRaftLogWorker (SegmentedRaftLogWorker.java:close(228)) - 8671fb5a-4fbf-4e50-b0d6-03783498dd0e-SegmentedRaftLogWorker:Storage Directory /workdir/hadoop-ozone/integration-test/target/test-dir/MiniOzoneClusterImpl-aeec6eb3-b278-40e8-882d-ded1a49b8218/datanode-0/data/ratis/48b73e62-ef5f-4ef2-bc50-a554f16bb3e7 close()
2019-08-02 04:05:14,879 INFO  impl.RaftServerImpl (RaftServerImpl.java:lambda$shutdown$3(245)) - 8671fb5a-4fbf-4e50-b0d6-03783498dd0e: shutdown group-9750D361A68A
2019-08-02 04:05:14,879 INFO  util.JmxRegister (JmxRegister.java:unregister(73)) - Successfully un-registered JMX Bean with object name Ratis:service=RaftServer,group=group-9750D361A68A,id=8671fb5a-4fbf-4e50-b0d6-03783498dd0e
2019-08-02 04:05:14,879 INFO  impl.RoleInfo (RoleInfo.java:shutdownLeaderState(104)) - 8671fb5a-4fbf-4e50-b0d6-03783498dd0e: shutdown LeaderState
2019-08-02 04:05:14,880 INFO  impl.PendingRequests (PendingRequests.java:sendNotLeaderResponses(202)) - 8671fb5a-4fbf-4e50-b0d6-03783498dd0e-PendingRequests: sendNotLeaderResponses
2019-08-02 04:05:14,880 INFO  impl.StateMachineUpdater (StateMachineUpdater.java:stopAndJoin(115)) - StateMachineUpdater:8671fb5a-4fbf-4e50-b0d6-03783498dd0e:group-9750D361A68A: set stopIndex = 0
2019-08-02 04:05:14,882 INFO  impl.RaftServerImpl (ServerState.java:close(394)) - 8671fb5a-4fbf-4e50-b0d6-03783498dd0e:group-9750D361A68A closes. The last applied log index is 0
2019-08-02 04:05:14,885 INFO  statemachine.DatanodeStateMachine (DatanodeStateMachine.java:stopDaemon(395)) - Ozone container server stopped.
2019-08-02 04:05:14,885 INFO  segmented.SegmentedRaftLogWorker (SegmentedRaftLogWorker.java:run(313)) - 8671fb5a-4fbf-4e50-b0d6-03783498dd0e-SegmentedRaftLogWorker:Storage Directory /workdir/hadoop-ozone/integration-test/target/test-dir/MiniOzoneClusterImpl-aeec6eb3-b278-40e8-882d-ded1a49b8218/datanode-0/data/ratis/25d72e81-26ea-4e08-b196-9750d361a68a was interrupted, exiting. There are 0 tasks remaining in the queue.
2019-08-02 04:05:14,886 INFO  segmented.SegmentedRaftLogWorker (SegmentedRaftLogWorker.java:close(228)) - 8671fb5a-4fbf-4e50-b0d6-03783498dd0e-SegmentedRaftLogWorker:Storage Directory /workdir/hadoop-ozone/integration-test/target/test-dir/MiniOzoneClusterImpl-aeec6eb3-b278-40e8-882d-ded1a49b8218/datanode-0/data/ratis/25d72e81-26ea-4e08-b196-9750d361a68a close()
2019-08-02 04:05:14,887 INFO  server.GrpcService (GrpcService.java:closeImpl(155)) - 8671fb5a-4fbf-4e50-b0d6-03783498dd0e: shutdown server with port 45928 now
2019-08-02 04:05:14,888 INFO  server.GrpcService (GrpcService.java:closeImpl(163)) - 8671fb5a-4fbf-4e50-b0d6-03783498dd0e: shutdown server with port 45928 successfully
2019-08-02 04:05:14,898 INFO  handler.ContextHandler (ContextHandler.java:doStop(910)) - Stopped o.e.j.w.WebAppContext@58c42c8c{/,null,UNAVAILABLE}{/hddsDatanode}
2019-08-02 04:05:14,898 INFO  utils.BackgroundService (BackgroundService.java:shutdown(148)) - Shutting down service BlockDeletingService
2019-08-02 04:05:14,900 INFO  server.AbstractConnector (AbstractConnector.java:doStop(318)) - Stopped ServerConnector@3af236d0{HTTP/1.1,[http/1.1]}{0.0.0.0:0}
2019-08-02 04:05:14,901 INFO  handler.ContextHandler (ContextHandler.java:doStop(910)) - Stopped o.e.j.s.ServletContextHandler@25c1f5ee{/static,jar:file:/home/user/.m2/repository/org/apache/hadoop/hadoop-hdds-container-service/0.4.1-SNAPSHOT/hadoop-hdds-container-service-0.4.1-SNAPSHOT.jar!/webapps/static,UNAVAILABLE}
2019-08-02 04:05:14,902 INFO  handler.ContextHandler (ContextHandler.java:doStop(910)) - Stopped o.e.j.s.ServletContextHandler@2a5abd3c{/logs,file:///workdir/hadoop-ozone/integration-test/target/log,UNAVAILABLE}
2019-08-02 04:05:14,903 WARN  fs.CachingGetSpaceUsed (CachingGetSpaceUsed.java:run(183)) - Thread Interrupted waiting to refresh disk information: sleep interrupted
2019-08-02 04:05:14,905 INFO  datanode.ObjectStoreHandler (ObjectStoreHandler.java:close(155)) - Closing ObjectStoreHandler.
2019-08-02 04:05:14,905 INFO  ozone.HddsDatanodeService (HddsDatanodeService.java:stop(451)) - Stopped plug-in org.apache.hadoop.ozone.web.OzoneHddsDatanodeService@49cc9b2a
2019-08-02 04:05:14,920 INFO  statemachine.DatanodeStateMachine (DatanodeStateMachine.java:stopDaemon(395)) - Ozone container server stopped.
2019-08-02 04:05:14,923 INFO  handler.ContextHandler (ContextHandler.java:doStop(910)) - Stopped o.e.j.w.WebAppContext@dc79225{/,null,UNAVAILABLE}{/hddsDatanode}
2019-08-02 04:05:14,924 INFO  server.AbstractConnector (AbstractConnector.java:doStop(318)) - Stopped ServerConnector@30e9ca13{HTTP/1.1,[http/1.1]}{0.0.0.0:0}
2019-08-02 04:05:14,925 INFO  handler.ContextHandler (ContextHandler.java:doStop(910)) - Stopped o.e.j.s.ServletContextHandler@1f0b3cfe{/static,jar:file:/home/user/.m2/repository/org/apache/hadoop/hadoop-hdds-container-service/0.4.1-SNAPSHOT/hadoop-hdds-container-service-0.4.1-SNAPSHOT.jar!/webapps/static,UNAVAILABLE}
2019-08-02 04:05:14,926 INFO  handler.ContextHandler (ContextHandler.java:doStop(910)) - Stopped o.e.j.s.ServletContextHandler@42ea287{/logs,file:///workdir/hadoop-ozone/integration-test/target/log,UNAVAILABLE}
2019-08-02 04:05:15,693 WARN  server.GrpcLogAppender (LogUtils.java:warn(134)) - e067c9fb-d080-4f42-b6b8-c2e0c1743bb2->faf30cc2-09b5-45b5-a1b8-700f8cb23344: Failed appendEntries: org.apache.ratis.thirdparty.io.grpc.StatusRuntimeException: UNAVAILABLE: io exception
2019-08-02 04:05:15,693 WARN  server.GrpcLogAppender (LogUtils.java:warn(134)) - e067c9fb-d080-4f42-b6b8-c2e0c1743bb2->320d30ba-a9a6-45ed-a240-9f96a2f7937d: Failed appendEntries: org.apache.ratis.thirdparty.io.grpc.StatusRuntimeException: UNAVAILABLE: io exception
2019-08-02 04:05:15,695 INFO  impl.FollowerInfo (FollowerInfo.java:lambda$new$0(50)) - e067c9fb-d080-4f42-b6b8-c2e0c1743bb2->faf30cc2-09b5-45b5-a1b8-700f8cb23344: nextIndex: updateUnconditionally 14 -> 13
2019-08-02 04:05:15,697 INFO  impl.FollowerInfo (FollowerInfo.java:lambda$new$0(50)) - e067c9fb-d080-4f42-b6b8-c2e0c1743bb2->320d30ba-a9a6-45ed-a240-9f96a2f7937d: nextIndex: updateUnconditionally 11 -> 10
2019-08-02 04:05:15,726 INFO  statemachine.DatanodeStateMachine (DatanodeStateMachine.java:lambda$startDaemon$0(350)) - Ozone container server started.
2019-08-02 04:05:18,195 WARN  server.GrpcLogAppender (LogUtils.java:warn(134)) - e067c9fb-d080-4f42-b6b8-c2e0c1743bb2->faf30cc2-09b5-45b5-a1b8-700f8cb23344: Failed appendEntries: org.apache.ratis.thirdparty.io.grpc.StatusRuntimeException: UNAVAILABLE: io exception
2019-08-02 04:05:18,195 WARN  server.GrpcLogAppender (LogUtils.java:warn(134)) - e067c9fb-d080-4f42-b6b8-c2e0c1743bb2->320d30ba-a9a6-45ed-a240-9f96a2f7937d: Failed appendEntries: org.apache.ratis.thirdparty.io.grpc.StatusRuntimeException: UNAVAILABLE: io exception
2019-08-02 04:05:18,197 INFO  impl.FollowerInfo (FollowerInfo.java:lambda$new$0(50)) - e067c9fb-d080-4f42-b6b8-c2e0c1743bb2->faf30cc2-09b5-45b5-a1b8-700f8cb23344: nextIndex: updateUnconditionally 13 -> 12
2019-08-02 04:05:18,199 INFO  impl.FollowerInfo (FollowerInfo.java:lambda$new$0(50)) - e067c9fb-d080-4f42-b6b8-c2e0c1743bb2->320d30ba-a9a6-45ed-a240-9f96a2f7937d: nextIndex: updateUnconditionally 10 -> 9
2019-08-02 04:05:19,738 INFO  node.StaleNodeHandler (StaleNodeHandler.java:onMessage(58)) - Datanode e067c9fb-d080-4f42-b6b8-c2e0c1743bb2{ip: 192.168.157.195, host: byscane-nightly-xzrzg-2697134946, networkLocation: /default-rack, certSerialId: null} moved to stale state. Finalizing its pipelines [PipelineID=e53a9ba5-36df-4136-a533-cb2f59591791, PipelineID=741faea4-2505-4149-9ea4-f0f8787fc39c]
2019-08-02 04:05:19,739 INFO  pipeline.SCMPipelineManager (SCMPipelineManager.java:finalizeAndDestroyPipeline(309)) - destroying pipeline:Pipeline[ Id: e53a9ba5-36df-4136-a533-cb2f59591791, Nodes: e067c9fb-d080-4f42-b6b8-c2e0c1743bb2{ip: 192.168.157.195, host: byscane-nightly-xzrzg-2697134946, networkLocation: /default-rack, certSerialId: null}, Type:RATIS, Factor:ONE, State:OPEN]
2019-08-02 04:05:19,739 INFO  pipeline.PipelineStateManager (PipelineStateManager.java:finalizePipeline(123)) - Pipeline Pipeline[ Id: e53a9ba5-36df-4136-a533-cb2f59591791, Nodes: e067c9fb-d080-4f42-b6b8-c2e0c1743bb2{ip: 192.168.157.195, host: byscane-nightly-xzrzg-2697134946, networkLocation: /default-rack, certSerialId: null}, Type:RATIS, Factor:ONE, State:CLOSED] moved to CLOSED state
2019-08-02 04:05:19,739 INFO  pipeline.SCMPipelineManager (SCMPipelineManager.java:finalizeAndDestroyPipeline(309)) - destroying pipeline:Pipeline[ Id: 741faea4-2505-4149-9ea4-f0f8787fc39c, Nodes: 320d30ba-a9a6-45ed-a240-9f96a2f7937d{ip: 192.168.157.195, host: byscane-nightly-xzrzg-2697134946, networkLocation: /default-rack, certSerialId: null}faf30cc2-09b5-45b5-a1b8-700f8cb23344{ip: 192.168.157.195, host: byscane-nightly-xzrzg-2697134946, networkLocation: /default-rack, certSerialId: null}e067c9fb-d080-4f42-b6b8-c2e0c1743bb2{ip: 192.168.157.195, host: byscane-nightly-xzrzg-2697134946, networkLocation: /default-rack, certSerialId: null}, Type:RATIS, Factor:THREE, State:CLOSED]
2019-08-02 04:05:19,906 INFO  ozoneimpl.OzoneContainer (OzoneContainer.java:stop(199)) - Attempting to stop container services.
2019-08-02 04:05:19,907 INFO  impl.RaftServerProxy (RaftServerProxy.java:lambda$close$4(314)) - e067c9fb-d080-4f42-b6b8-c2e0c1743bb2: close
2019-08-02 04:05:19,908 INFO  impl.RaftServerImpl (RaftServerImpl.java:lambda$shutdown$3(245)) - e067c9fb-d080-4f42-b6b8-c2e0c1743bb2: shutdown group-CB2F59591791
2019-08-02 04:05:19,908 INFO  impl.RaftServerImpl (RaftServerImpl.java:lambda$shutdown$3(245)) - e067c9fb-d080-4f42-b6b8-c2e0c1743bb2: shutdown group-F0F8787FC39C
2019-08-02 04:05:19,908 INFO  util.JmxRegister (JmxRegister.java:unregister(73)) - Successfully un-registered JMX Bean with object name Ratis:service=RaftServer,group=group-CB2F59591791,id=e067c9fb-d080-4f42-b6b8-c2e0c1743bb2
2019-08-02 04:05:19,909 INFO  util.JmxRegister (JmxRegister.java:unregister(73)) - Successfully un-registered JMX Bean with object name Ratis:service=RaftServer,group=group-F0F8787FC39C,id=e067c9fb-d080-4f42-b6b8-c2e0c1743bb2
2019-08-02 04:05:19,909 INFO  impl.RoleInfo (RoleInfo.java:shutdownLeaderState(104)) - e067c9fb-d080-4f42-b6b8-c2e0c1743bb2: shutdown LeaderState
2019-08-02 04:05:19,909 INFO  impl.RoleInfo (RoleInfo.java:shutdownLeaderState(104)) - e067c9fb-d080-4f42-b6b8-c2e0c1743bb2: shutdown LeaderState
2019-08-02 04:05:19,910 INFO  impl.PendingRequests (PendingRequests.java:sendNotLeaderResponses(202)) - e067c9fb-d080-4f42-b6b8-c2e0c1743bb2-PendingRequests: sendNotLeaderResponses
2019-08-02 04:05:19,912 WARN  server.GrpcLogAppender (GrpcLogAppender.java:mayWait(143)) - GrpcLogAppender(e067c9fb-d080-4f42-b6b8-c2e0c1743bb2->320d30ba-a9a6-45ed-a240-9f96a2f7937d): Wait interrupted by java.lang.InterruptedException
2019-08-02 04:05:19,912 INFO  impl.PendingRequests (PendingRequests.java:sendNotLeaderResponses(202)) - e067c9fb-d080-4f42-b6b8-c2e0c1743bb2-PendingRequests: sendNotLeaderResponses
2019-08-02 04:05:19,912 WARN  server.GrpcLogAppender (GrpcLogAppender.java:mayWait(143)) - GrpcLogAppender(e067c9fb-d080-4f42-b6b8-c2e0c1743bb2->faf30cc2-09b5-45b5-a1b8-700f8cb23344): Wait interrupted by java.lang.InterruptedException
2019-08-02 04:05:19,913 INFO  impl.StateMachineUpdater (StateMachineUpdater.java:stopAndJoin(115)) - StateMachineUpdater:e067c9fb-d080-4f42-b6b8-c2e0c1743bb2:group-CB2F59591791: set stopIndex = 0
2019-08-02 04:05:19,917 INFO  ratis.ContainerStateMachine (ContainerStateMachine.java:takeSnapshot(262)) - group-F0F8787FC39C: Taking a snapshot at:(t:2, i:18) file /workdir/hadoop-ozone/integration-test/target/test-dir/MiniOzoneClusterImpl-aeec6eb3-b278-40e8-882d-ded1a49b8218/datanode-5/data/ratis/741faea4-2505-4149-9ea4-f0f8787fc39c/sm/snapshot.2_18
2019-08-02 04:05:19,916 INFO  impl.StateMachineUpdater (StateMachineUpdater.java:stopAndJoin(115)) - StateMachineUpdater:e067c9fb-d080-4f42-b6b8-c2e0c1743bb2:group-F0F8787FC39C: set stopIndex = 18
2019-08-02 04:05:19,917 INFO  impl.RaftServerImpl (ServerState.java:close(394)) - e067c9fb-d080-4f42-b6b8-c2e0c1743bb2:group-CB2F59591791 closes. The last applied log index is 0
2019-08-02 04:05:19,918 INFO  segmented.SegmentedRaftLogWorker (SegmentedRaftLogWorker.java:run(313)) - e067c9fb-d080-4f42-b6b8-c2e0c1743bb2-SegmentedRaftLogWorker:Storage Directory /workdir/hadoop-ozone/integration-test/target/test-dir/MiniOzoneClusterImpl-aeec6eb3-b278-40e8-882d-ded1a49b8218/datanode-5/data/ratis/e53a9ba5-36df-4136-a533-cb2f59591791 was interrupted, exiting. There are 0 tasks remaining in the queue.
2019-08-02 04:05:19,918 INFO  segmented.SegmentedRaftLogWorker (SegmentedRaftLogWorker.java:close(228)) - e067c9fb-d080-4f42-b6b8-c2e0c1743bb2-SegmentedRaftLogWorker:Storage Directory /workdir/hadoop-ozone/integration-test/target/test-dir/MiniOzoneClusterImpl-aeec6eb3-b278-40e8-882d-ded1a49b8218/datanode-5/data/ratis/e53a9ba5-36df-4136-a533-cb2f59591791 close()
2019-08-02 04:05:19,930 INFO  ratis.ContainerStateMachine (ContainerStateMachine.java:takeSnapshot(273)) - group-F0F8787FC39C: Finished taking a snapshot at:(t:2, i:18) file:/workdir/hadoop-ozone/integration-test/target/test-dir/MiniOzoneClusterImpl-aeec6eb3-b278-40e8-882d-ded1a49b8218/datanode-5/data/ratis/741faea4-2505-4149-9ea4-f0f8787fc39c/sm/snapshot.2_18 time:14
2019-08-02 04:05:19,930 INFO  impl.StateMachineUpdater (StateMachineUpdater.java:takeSnapshot(242)) - StateMachineUpdater:e067c9fb-d080-4f42-b6b8-c2e0c1743bb2:group-F0F8787FC39C: Took a snapshot at index 18
2019-08-02 04:05:19,930 INFO  impl.StateMachineUpdater (StateMachineUpdater.java:lambda$new$0(80)) - StateMachineUpdater:e067c9fb-d080-4f42-b6b8-c2e0c1743bb2:group-F0F8787FC39C: snapshotIndex: updateIncreasingly -1 -> 18
2019-08-02 04:05:19,931 INFO  impl.RaftServerImpl (ServerState.java:close(394)) - e067c9fb-d080-4f42-b6b8-c2e0c1743bb2:group-F0F8787FC39C closes. The last applied log index is 18
2019-08-02 04:05:19,931 INFO  segmented.SegmentedRaftLogWorker (SegmentedRaftLogWorker.java:run(313)) - e067c9fb-d080-4f42-b6b8-c2e0c1743bb2-SegmentedRaftLogWorker:Storage Directory /workdir/hadoop-ozone/integration-test/target/test-dir/MiniOzoneClusterImpl-aeec6eb3-b278-40e8-882d-ded1a49b8218/datanode-5/data/ratis/741faea4-2505-4149-9ea4-f0f8787fc39c was interrupted, exiting. There are 0 tasks remaining in the queue.
2019-08-02 04:05:19,931 INFO  segmented.SegmentedRaftLogWorker (SegmentedRaftLogWorker.java:close(228)) - e067c9fb-d080-4f42-b6b8-c2e0c1743bb2-SegmentedRaftLogWorker:Storage Directory /workdir/hadoop-ozone/integration-test/target/test-dir/MiniOzoneClusterImpl-aeec6eb3-b278-40e8-882d-ded1a49b8218/datanode-5/data/ratis/741faea4-2505-4149-9ea4-f0f8787fc39c close()
2019-08-02 04:05:19,933 INFO  server.GrpcService (GrpcService.java:closeImpl(155)) - e067c9fb-d080-4f42-b6b8-c2e0c1743bb2: shutdown server with port 43507 now
2019-08-02 04:05:19,933 INFO  server.GrpcService (GrpcService.java:closeImpl(163)) - e067c9fb-d080-4f42-b6b8-c2e0c1743bb2: shutdown server with port 43507 successfully
2019-08-02 04:05:19,935 INFO  utils.BackgroundService (BackgroundService.java:shutdown(148)) - Shutting down service BlockDeletingService
2019-08-02 04:05:19,938 WARN  fs.CachingGetSpaceUsed (CachingGetSpaceUsed.java:run(183)) - Thread Interrupted waiting to refresh disk information: sleep interrupted
2019-08-02 04:05:19,955 INFO  statemachine.DatanodeStateMachine (DatanodeStateMachine.java:stopDaemon(395)) - Ozone container server stopped.
2019-08-02 04:05:19,967 INFO  handler.ContextHandler (ContextHandler.java:doStop(910)) - Stopped o.e.j.w.WebAppContext@256589a1{/,null,UNAVAILABLE}{/hddsDatanode}
2019-08-02 04:05:19,968 INFO  server.AbstractConnector (AbstractConnector.java:doStop(318)) - Stopped ServerConnector@935493d{HTTP/1.1,[http/1.1]}{0.0.0.0:0}
2019-08-02 04:05:19,968 INFO  handler.ContextHandler (ContextHandler.java:doStop(910)) - Stopped o.e.j.s.ServletContextHandler@1de13f34{/static,jar:file:/home/user/.m2/repository/org/apache/hadoop/hadoop-hdds-container-service/0.4.1-SNAPSHOT/hadoop-hdds-container-service-0.4.1-SNAPSHOT.jar!/webapps/static,UNAVAILABLE}
2019-08-02 04:05:19,969 INFO  handler.ContextHandler (ContextHandler.java:doStop(910)) - Stopped o.e.j.s.ServletContextHandler@3f048c86{/logs,file:///workdir/hadoop-ozone/integration-test/target/log,UNAVAILABLE}
2019-08-02 04:05:19,971 INFO  ozone.MiniOzoneClusterImpl (MiniOzoneClusterImpl.java:stop(353)) - Stopping the StorageContainerManager
2019-08-02 04:05:19,971 INFO  server.StorageContainerManager (StorageContainerManager.java:stop(796)) - Stopping Replication Manager Service.
2019-08-02 04:05:19,971 INFO  container.ReplicationManager (ReplicationManager.java:stop(187)) - Stopping Replication Monitor Thread.
2019-08-02 04:05:19,971 INFO  server.StorageContainerManager (StorageContainerManager.java:stop(803)) - Stopping Lease Manager of the command watchers
2019-08-02 04:05:19,972 INFO  server.StorageContainerManager (StorageContainerManager.java:stop(810)) - Stopping datanode service RPC server
2019-08-02 04:05:19,972 INFO  server.SCMDatanodeProtocolServer (SCMDatanodeProtocolServer.java:stop(367)) - Stopping the RPC server for DataNodes
2019-08-02 04:05:19,972 INFO  ipc.Server (Server.java:stop(3082)) - Stopping server on 41159
2019-08-02 04:05:19,975 INFO  ipc.Server (Server.java:run(1185)) - Stopping IPC Server listener on 41159
2019-08-02 04:05:19,975 INFO  ipc.Server (Server.java:run(1319)) - Stopping IPC Server Responder
2019-08-02 04:05:20,039 WARN  node.NodeStateManager (NodeStateManager.java:scheduleNextHealthCheck(631)) - Current Thread is interrupted, shutting down HB processing thread for Node Manager.
2019-08-02 04:05:20,039 INFO  server.StorageContainerManager (StorageContainerManager.java:stop(818)) - Stopping block service RPC server
2019-08-02 04:05:20,040 INFO  server.SCMBlockProtocolServer (SCMBlockProtocolServer.java:stop(148)) - Stopping the RPC server for Block Protocol
2019-08-02 04:05:20,040 INFO  ipc.Server (Server.java:stop(3082)) - Stopping server on 37994
2019-08-02 04:05:20,041 INFO  ipc.Server (Server.java:run(1185)) - Stopping IPC Server listener on 37994
2019-08-02 04:05:20,041 INFO  server.StorageContainerManager (StorageContainerManager.java:stop(825)) - Stopping the StorageContainerLocationProtocol RPC server
2019-08-02 04:05:20,042 INFO  server.SCMClientProtocolServer (SCMClientProtocolServer.java:stop(159)) - Stopping the RPC server for Client Protocol
2019-08-02 04:05:20,042 INFO  ipc.Server (Server.java:stop(3082)) - Stopping server on 44159
2019-08-02 04:05:20,042 INFO  ipc.Server (Server.java:run(1319)) - Stopping IPC Server Responder
2019-08-02 04:05:20,045 INFO  ipc.Server (Server.java:run(1185)) - Stopping IPC Server listener on 44159
2019-08-02 04:05:20,045 INFO  server.StorageContainerManager (StorageContainerManager.java:stop(832)) - Stopping Storage Container Manager HTTP server.
2019-08-02 04:05:20,045 INFO  ipc.Server (Server.java:run(1319)) - Stopping IPC Server Responder
2019-08-02 04:05:20,046 INFO  handler.ContextHandler (ContextHandler.java:doStop(910)) - Stopped o.e.j.w.WebAppContext@15a902e7{/,null,UNAVAILABLE}{/scm}
2019-08-02 04:05:20,047 INFO  server.AbstractConnector (AbstractConnector.java:doStop(318)) - Stopped ServerConnector@2416a51{HTTP/1.1,[http/1.1]}{0.0.0.0:0}
2019-08-02 04:05:20,047 INFO  handler.ContextHandler (ContextHandler.java:doStop(910)) - Stopped o.e.j.s.ServletContextHandler@79d94571{/static,file:///workdir/hadoop-ozone/integration-test/target/test-classes/webapps/static,UNAVAILABLE}
2019-08-02 04:05:20,048 INFO  handler.ContextHandler (ContextHandler.java:doStop(910)) - Stopped o.e.j.s.ServletContextHandler@76012793{/logs,file:///workdir/hadoop-ozone/integration-test/target/log,UNAVAILABLE}
2019-08-02 04:05:20,049 INFO  server.StorageContainerManager (StorageContainerManager.java:stop(843)) - Stopping Block Manager Service.
2019-08-02 04:05:20,050 INFO  utils.BackgroundService (BackgroundService.java:shutdown(148)) - Shutting down service SCMBlockDeletingService
2019-08-02 04:05:20,050 INFO  utils.BackgroundService (BackgroundService.java:shutdown(148)) - Shutting down service SCMBlockDeletingService
2019-08-02 04:05:20,051 INFO  server.StorageContainerManager (StorageContainerManager.java:stop(865)) - Stopping SCM Event Queue.
2019-08-02 04:05:20,058 INFO  impl.MetricsSystemImpl (MetricsSystemImpl.java:stop(210)) - Stopping XceiverClientMetrics metrics system...
2019-08-02 04:05:20,066 INFO  impl.MetricsSystemImpl (MetricsSystemImpl.java:stop(216)) - XceiverClientMetrics metrics system stopped.
]]></system-out>
    <system-err><![CDATA[ERROR StatusLogger No Log4j 2 configuration file found. Using default configuration (logging only errors to the console), or user programmatically provided configurations. Set system property 'log4j2.debug' to show Log4j 2 internal initialization logging. See https://logging.apache.org/log4j/2.x/manual/configuration.html for instructions on how to configure Log4j 2
Aug 02, 2019 4:04:35 AM com.sun.jersey.server.impl.application.WebApplicationImpl _initiate
INFO: Initiating Jersey application, version 'Jersey: 1.19 02/11/2015 03:25 AM'
Aug 02, 2019 4:04:36 AM com.sun.jersey.server.impl.application.WebApplicationImpl _initiate
INFO: Initiating Jersey application, version 'Jersey: 1.19 02/11/2015 03:25 AM'
Aug 02, 2019 4:04:37 AM com.sun.jersey.server.impl.application.WebApplicationImpl _initiate
INFO: Initiating Jersey application, version 'Jersey: 1.19 02/11/2015 03:25 AM'
Aug 02, 2019 4:04:37 AM com.sun.jersey.server.impl.application.WebApplicationImpl _initiate
INFO: Initiating Jersey application, version 'Jersey: 1.19 02/11/2015 03:25 AM'
Aug 02, 2019 4:04:37 AM com.sun.jersey.server.impl.application.WebApplicationImpl _initiate
INFO: Initiating Jersey application, version 'Jersey: 1.19 02/11/2015 03:25 AM'
Aug 02, 2019 4:04:37 AM com.sun.jersey.server.impl.application.WebApplicationImpl _initiate
INFO: Initiating Jersey application, version 'Jersey: 1.19 02/11/2015 03:25 AM'
Aug 02, 2019 4:04:38 AM com.sun.jersey.server.impl.application.WebApplicationImpl _initiate
INFO: Initiating Jersey application, version 'Jersey: 1.19 02/11/2015 03:25 AM'
Exception in thread "24bc3d7e-0c9c-4a07-9432-ba9705483e95:group-A554F16BB3E7:LeaderElection12" java.lang.IllegalStateException: ILLEGAL TRANSITION: In 24bc3d7e-0c9c-4a07-9432-ba9705483e95:group-A554F16BB3E7:LeaderElection12, STARTING -> CLOSED
	at org.apache.ratis.util.Preconditions.assertTrue(Preconditions.java:63)
	at org.apache.ratis.util.LifeCycle$State.validate(LifeCycle.java:123)
	at org.apache.ratis.util.LifeCycle.transition(LifeCycle.java:143)
	at org.apache.ratis.server.impl.LeaderElection.run(LeaderElection.java:154)
	at java.lang.Thread.run(Thread.java:748)
]]></system-err>
  </testcase>
  <testcase name="testDatanodeFailureWithPreAllocation" classname="org.apache.hadoop.ozone.client.rpc.TestBlockOutputStreamWithFailures" time="226.398"/>
  <testcase name="testDatanodeFailureWithSingleNodeRatis" classname="org.apache.hadoop.ozone.client.rpc.TestBlockOutputStreamWithFailures" time="224.834"/>
  <testcase name="testWatchForCommitWithSingleNodeRatis" classname="org.apache.hadoop.ozone.client.rpc.TestBlockOutputStreamWithFailures" time="34.171"/>
  <testcase name="testWatchForCommitDatanodeFailure" classname="org.apache.hadoop.ozone.client.rpc.TestBlockOutputStreamWithFailures" time="33.826"/>
  <testcase name="testFailureWithPrimeSizedData" classname="org.apache.hadoop.ozone.client.rpc.TestBlockOutputStreamWithFailures" time="34.588"/>
  <testcase name="testWatchForCommitWithCloseContainerException" classname="org.apache.hadoop.ozone.client.rpc.TestBlockOutputStreamWithFailures" time="35.022"/>
  <testcase name="testExceptionDuringClose" classname="org.apache.hadoop.ozone.client.rpc.TestBlockOutputStreamWithFailures" time="34.434"/>
</testsuite>