<?xml version="1.0" encoding="UTF-8"?>
<testsuite xmlns:xsi="http://www.w3.org/2001/XMLSchema-instance" xsi:noNamespaceSchemaLocation="https://maven.apache.org/surefire/maven-surefire-plugin/xsd/surefire-test-report.xsd" name="org.apache.hadoop.ozone.client.rpc.TestBlockOutputStreamWithFailures" time="737.629" tests="8" errors="0" skipped="0" failures="1">
  <properties>
    <property name="awt.toolkit" value="sun.awt.X11.XToolkit"/>
    <property name="file.encoding.pkg" value="sun.io"/>
    <property name="java.specification.version" value="1.8"/>
    <property name="sun.cpu.isalist" value=""/>
    <property name="sun.jnu.encoding" value="UTF-8"/>
    <property name="java.class.path" value="/workdir/hadoop-ozone/integration-test/target/test-classes:/workdir/hadoop-ozone/integration-test/target/classes:/home/user/.m2/repository/org/apache/hadoop/hadoop-ozone-common/0.4.1-SNAPSHOT/hadoop-ozone-common-0.4.1-SNAPSHOT.jar:/home/user/.m2/repository/org/apache/commons/commons-compress/1.4.1/commons-compress-1.4.1.jar:/home/user/.m2/repository/org/tukaani/xz/1.0/xz-1.0.jar:/home/user/.m2/repository/org/apache/hadoop/hadoop-common/3.2.0/hadoop-common-3.2.0.jar:/home/user/.m2/repository/org/apache/hadoop/hadoop-hdfs/3.2.0/hadoop-hdfs-3.2.0.jar:/home/user/.m2/repository/org/apache/hadoop/hadoop-hdfs-client/3.2.0/hadoop-hdfs-client-3.2.0.jar:/home/user/.m2/repository/com/fasterxml/jackson/core/jackson-annotations/2.9.5/jackson-annotations-2.9.5.jar:/home/user/.m2/repository/org/apache/hadoop/hadoop-hdds-common/0.4.1-SNAPSHOT/hadoop-hdds-common-0.4.1-SNAPSHOT.jar:/home/user/.m2/repository/javax/annotation/javax.annotation-api/1.2/javax.annotation-api-1.2.jar:/home/user/.m2/repository/org/apache/ratis/ratis-server/0.4.0-2337318-SNAPSHOT/ratis-server-0.4.0-2337318-SNAPSHOT.jar:/home/user/.m2/repository/org/apache/ratis/ratis-thirdparty-misc/0.2.0/ratis-thirdparty-misc-0.2.0.jar:/home/user/.m2/repository/org/apache/ratis/ratis-proto/0.4.0-2337318-SNAPSHOT/ratis-proto-0.4.0-2337318-SNAPSHOT.jar:/home/user/.m2/repository/org/apache/ratis/ratis-common/0.4.0-2337318-SNAPSHOT/ratis-common-0.4.0-2337318-SNAPSHOT.jar:/home/user/.m2/repository/org/apache/ratis/ratis-client/0.4.0-2337318-SNAPSHOT/ratis-client-0.4.0-2337318-SNAPSHOT.jar:/home/user/.m2/repository/org/apache/ratis/ratis-metrics/0.4.0-2337318-SNAPSHOT/ratis-metrics-0.4.0-2337318-SNAPSHOT.jar:/home/user/.m2/repository/org/apache/ratis/ratis-netty/0.4.0-2337318-SNAPSHOT/ratis-netty-0.4.0-2337318-SNAPSHOT.jar:/home/user/.m2/repository/org/apache/ratis/ratis-grpc/0.4.0-2337318-SNAPSHOT/ratis-grpc-0.4.0-2337318-SNAPSHOT.jar:/home/user/.m2/repository/org/rocksdb/rocksdbjni/6.0.1/rocksdbjni-6.0.1.jar:/home/user/.m2/repository/org/apache/logging/log4j/log4j-api/2.11.0/log4j-api-2.11.0.jar:/home/user/.m2/repository/org/apache/logging/log4j/log4j-core/2.11.0/log4j-core-2.11.0.jar:/home/user/.m2/repository/com/lmax/disruptor/3.4.2/disruptor-3.4.2.jar:/home/user/.m2/repository/org/apache/commons/commons-pool2/2.6.0/commons-pool2-2.6.0.jar:/home/user/.m2/repository/org/bouncycastle/bcpkix-jdk15on/1.60/bcpkix-jdk15on-1.60.jar:/home/user/.m2/repository/commons-validator/commons-validator/1.6/commons-validator-1.6.jar:/home/user/.m2/repository/commons-digester/commons-digester/1.8.1/commons-digester-1.8.1.jar:/home/user/.m2/repository/io/jaegertracing/jaeger-client/0.33.1/jaeger-client-0.33.1.jar:/home/user/.m2/repository/io/jaegertracing/jaeger-thrift/0.33.1/jaeger-thrift-0.33.1.jar:/home/user/.m2/repository/org/apache/thrift/libthrift/0.11.0/libthrift-0.11.0.jar:/home/user/.m2/repository/com/squareup/okhttp3/okhttp/3.9.0/okhttp-3.9.0.jar:/home/user/.m2/repository/com/squareup/okio/okio/1.13.0/okio-1.13.0.jar:/home/user/.m2/repository/io/jaegertracing/jaeger-core/0.33.1/jaeger-core-0.33.1.jar:/home/user/.m2/repository/io/jaegertracing/jaeger-tracerresolver/0.33.1/jaeger-tracerresolver-0.33.1.jar:/home/user/.m2/repository/io/opentracing/contrib/opentracing-tracerresolver/0.1.5/opentracing-tracerresolver-0.1.5.jar:/home/user/.m2/repository/io/opentracing/opentracing-util/0.31.0/opentracing-util-0.31.0.jar:/home/user/.m2/repository/io/opentracing/opentracing-api/0.31.0/opentracing-api-0.31.0.jar:/home/user/.m2/repository/io/opentracing/opentracing-noop/0.31.0/opentracing-noop-0.31.0.jar:/home/user/.m2/repository/org/apache/hadoop/hadoop-hdds-server-framework/0.4.1-SNAPSHOT/hadoop-hdds-server-framework-0.4.1-SNAPSHOT.jar:/home/user/.m2/repository/org/apache/hadoop/hadoop-hdds-container-service/0.4.1-SNAPSHOT/hadoop-hdds-container-service-0.4.1-SNAPSHOT.jar:/home/user/.m2/repository/org/apache/hadoop/hadoop-hdds-client/0.4.1-SNAPSHOT/hadoop-hdds-client-0.4.1-SNAPSHOT.jar:/home/user/.m2/repository/org/apache/hadoop/hadoop-hdds-tools/0.4.1-SNAPSHOT/hadoop-hdds-tools-0.4.1-SNAPSHOT.jar:/home/user/.m2/repository/org/apache/hadoop/hadoop-hdds-server-scm/0.4.1-SNAPSHOT/hadoop-hdds-server-scm-0.4.1-SNAPSHOT.jar:/home/user/.m2/repository/org/apache/hadoop/hadoop-hdds-docs/0.4.1-SNAPSHOT/hadoop-hdds-docs-0.4.1-SNAPSHOT.jar:/home/user/.m2/repository/io/dropwizard/metrics/metrics-core/3.2.4/metrics-core-3.2.4.jar:/home/user/.m2/repository/org/hamcrest/hamcrest-all/1.3/hamcrest-all-1.3.jar:/home/user/.m2/repository/org/bouncycastle/bcprov-jdk15on/1.60/bcprov-jdk15on-1.60.jar:/home/user/.m2/repository/info/picocli/picocli/3.9.6/picocli-3.9.6.jar:/home/user/.m2/repository/com/google/protobuf/protobuf-java/2.5.0/protobuf-java-2.5.0.jar:/home/user/.m2/repository/com/google/guava/guava/11.0.2/guava-11.0.2.jar:/home/user/.m2/repository/org/apache/hadoop/hadoop-ozone-ozone-manager/0.4.1-SNAPSHOT/hadoop-ozone-ozone-manager-0.4.1-SNAPSHOT.jar:/home/user/.m2/repository/org/apache/hadoop/hadoop-minikdc/3.2.0/hadoop-minikdc-3.2.0.jar:/home/user/.m2/repository/commons-io/commons-io/2.5/commons-io-2.5.jar:/home/user/.m2/repository/org/apache/kerby/kerb-simplekdc/1.0.1/kerb-simplekdc-1.0.1.jar:/home/user/.m2/repository/org/apache/kerby/kerb-client/1.0.1/kerb-client-1.0.1.jar:/home/user/.m2/repository/org/apache/kerby/kerby-config/1.0.1/kerby-config-1.0.1.jar:/home/user/.m2/repository/org/apache/kerby/kerb-core/1.0.1/kerb-core-1.0.1.jar:/home/user/.m2/repository/org/apache/kerby/kerby-pkix/1.0.1/kerby-pkix-1.0.1.jar:/home/user/.m2/repository/org/apache/kerby/kerby-asn1/1.0.1/kerby-asn1-1.0.1.jar:/home/user/.m2/repository/org/apache/kerby/kerby-util/1.0.1/kerby-util-1.0.1.jar:/home/user/.m2/repository/org/apache/kerby/kerb-common/1.0.1/kerb-common-1.0.1.jar:/home/user/.m2/repository/org/apache/kerby/kerb-crypto/1.0.1/kerb-crypto-1.0.1.jar:/home/user/.m2/repository/org/apache/kerby/kerb-util/1.0.1/kerb-util-1.0.1.jar:/home/user/.m2/repository/org/apache/kerby/token-provider/1.0.1/token-provider-1.0.1.jar:/home/user/.m2/repository/org/apache/kerby/kerb-admin/1.0.1/kerb-admin-1.0.1.jar:/home/user/.m2/repository/org/apache/kerby/kerb-server/1.0.1/kerb-server-1.0.1.jar:/home/user/.m2/repository/org/apache/kerby/kerb-identity/1.0.1/kerb-identity-1.0.1.jar:/home/user/.m2/repository/org/apache/kerby/kerby-xdr/1.0.1/kerby-xdr-1.0.1.jar:/home/user/.m2/repository/org/slf4j/slf4j-log4j12/1.7.25/slf4j-log4j12-1.7.25.jar:/home/user/.m2/repository/org/apache/hadoop/hadoop-ozone-objectstore-service/0.4.1-SNAPSHOT/hadoop-ozone-objectstore-service-0.4.1-SNAPSHOT.jar:/home/user/.m2/repository/org/apache/hadoop/hadoop-ozone-s3gateway/0.4.1-SNAPSHOT/hadoop-ozone-s3gateway-0.4.1-SNAPSHOT.jar:/home/user/.m2/repository/org/jboss/weld/servlet/weld-servlet/2.4.7.Final/weld-servlet-2.4.7.Final.jar:/home/user/.m2/repository/org/glassfish/jersey/containers/jersey-container-servlet-core/2.27/jersey-container-servlet-core-2.27.jar:/home/user/.m2/repository/org/glassfish/hk2/external/javax.inject/2.5.0-b42/javax.inject-2.5.0-b42.jar:/home/user/.m2/repository/org/glassfish/jersey/core/jersey-common/2.27/jersey-common-2.27.jar:/home/user/.m2/repository/org/glassfish/hk2/osgi-resource-locator/1.0.1/osgi-resource-locator-1.0.1.jar:/home/user/.m2/repository/javax/ws/rs/javax.ws.rs-api/2.1/javax.ws.rs-api-2.1.jar:/home/user/.m2/repository/org/glassfish/jersey/ext/cdi/jersey-cdi1x/2.27/jersey-cdi1x-2.27.jar:/home/user/.m2/repository/org/glassfish/jersey/inject/jersey-hk2/2.27/jersey-hk2-2.27.jar:/home/user/.m2/repository/org/glassfish/hk2/hk2-locator/2.5.0-b42/hk2-locator-2.5.0-b42.jar:/home/user/.m2/repository/org/javassist/javassist/3.22.0-CR2/javassist-3.22.0-CR2.jar:/home/user/.m2/repository/org/glassfish/hk2/hk2-api/2.5.0/hk2-api-2.5.0.jar:/home/user/.m2/repository/org/glassfish/hk2/external/jakarta.inject/2.5.0/jakarta.inject-2.5.0.jar:/home/user/.m2/repository/org/glassfish/hk2/hk2-utils/2.5.0/hk2-utils-2.5.0.jar:/home/user/.m2/repository/jakarta/annotation/jakarta.annotation-api/1.3.4/jakarta.annotation-api-1.3.4.jar:/home/user/.m2/repository/org/glassfish/hk2/external/aopalliance-repackaged/2.5.0/aopalliance-repackaged-2.5.0.jar:/home/user/.m2/repository/com/fasterxml/jackson/dataformat/jackson-dataformat-xml/2.9.0/jackson-dataformat-xml-2.9.0.jar:/home/user/.m2/repository/com/fasterxml/jackson/core/jackson-core/2.9.5/jackson-core-2.9.5.jar:/home/user/.m2/repository/com/fasterxml/jackson/module/jackson-module-jaxb-annotations/2.9.5/jackson-module-jaxb-annotations-2.9.5.jar:/home/user/.m2/repository/javax/enterprise/cdi-api/1.2/cdi-api-1.2.jar:/home/user/.m2/repository/javax/el/javax.el-api/3.0.0/javax.el-api-3.0.0.jar:/home/user/.m2/repository/javax/interceptor/javax.interceptor-api/1.2/javax.interceptor-api-1.2.jar:/home/user/.m2/repository/javax/inject/javax.inject/1/javax.inject-1.jar:/home/user/.m2/repository/com/sun/xml/bind/jaxb-impl/2.3.0.1/jaxb-impl-2.3.0.1.jar:/home/user/.m2/repository/com/sun/xml/bind/jaxb-core/2.3.0.1/jaxb-core-2.3.0.1.jar:/home/user/.m2/repository/javax/xml/bind/jaxb-api/2.3.0/jaxb-api-2.3.0.jar:/home/user/.m2/repository/javax/activation/activation/1.1.1/activation-1.1.1.jar:/home/user/.m2/repository/org/apache/hadoop/hadoop-ozone-csi/0.4.1-SNAPSHOT/hadoop-ozone-csi-0.4.1-SNAPSHOT.jar:/home/user/.m2/repository/com/google/protobuf/protobuf-java-util/3.5.1/protobuf-java-util-3.5.1.jar:/home/user/.m2/repository/org/apache/hadoop/hadoop-hdds-config/0.4.1-SNAPSHOT/hadoop-hdds-config-0.4.1-SNAPSHOT.jar:/home/user/.m2/repository/io/grpc/grpc-netty/1.17.1/grpc-netty-1.17.1.jar:/home/user/.m2/repository/io/grpc/grpc-core/1.17.1/grpc-core-1.17.1.jar:/home/user/.m2/repository/io/grpc/grpc-context/1.17.1/grpc-context-1.17.1.jar:/home/user/.m2/repository/com/google/errorprone/error_prone_annotations/2.2.0/error_prone_annotations-2.2.0.jar:/home/user/.m2/repository/org/codehaus/mojo/animal-sniffer-annotations/1.17/animal-sniffer-annotations-1.17.jar:/home/user/.m2/repository/io/opencensus/opencensus-api/0.17.0/opencensus-api-0.17.0.jar:/home/user/.m2/repository/io/opencensus/opencensus-contrib-grpc-metrics/0.17.0/opencensus-contrib-grpc-metrics-0.17.0.jar:/home/user/.m2/repository/io/netty/netty-codec-http2/4.1.30.Final/netty-codec-http2-4.1.30.Final.jar:/home/user/.m2/repository/io/netty/netty-codec-http/4.1.30.Final/netty-codec-http-4.1.30.Final.jar:/home/user/.m2/repository/io/netty/netty-codec/4.1.30.Final/netty-codec-4.1.30.Final.jar:/home/user/.m2/repository/io/netty/netty-handler/4.1.30.Final/netty-handler-4.1.30.Final.jar:/home/user/.m2/repository/io/netty/netty-handler-proxy/4.1.30.Final/netty-handler-proxy-4.1.30.Final.jar:/home/user/.m2/repository/io/netty/netty-codec-socks/4.1.30.Final/netty-codec-socks-4.1.30.Final.jar:/home/user/.m2/repository/io/netty/netty-transport-native-epoll/4.1.30.Final/netty-transport-native-epoll-4.1.30.Final.jar:/home/user/.m2/repository/io/netty/netty-common/4.1.30.Final/netty-common-4.1.30.Final.jar:/home/user/.m2/repository/io/netty/netty-buffer/4.1.30.Final/netty-buffer-4.1.30.Final.jar:/home/user/.m2/repository/io/netty/netty-transport/4.1.30.Final/netty-transport-4.1.30.Final.jar:/home/user/.m2/repository/io/netty/netty-resolver/4.1.30.Final/netty-resolver-4.1.30.Final.jar:/home/user/.m2/repository/io/netty/netty-transport-native-unix-common/4.1.30.Final/netty-transport-native-unix-common-4.1.30.Final.jar:/home/user/.m2/repository/io/grpc/grpc-protobuf/1.17.1/grpc-protobuf-1.17.1.jar:/home/user/.m2/repository/com/google/api/grpc/proto-google-common-protos/1.0.0/proto-google-common-protos-1.0.0.jar:/home/user/.m2/repository/io/grpc/grpc-protobuf-lite/1.17.1/grpc-protobuf-lite-1.17.1.jar:/home/user/.m2/repository/io/grpc/grpc-stub/1.17.1/grpc-stub-1.17.1.jar:/home/user/.m2/repository/org/apache/hadoop/hadoop-ozone-recon/0.4.1-SNAPSHOT/hadoop-ozone-recon-0.4.1-SNAPSHOT.jar:/home/user/.m2/repository/org/apache/hadoop/hadoop-ozone-reconcodegen/0.4.1-SNAPSHOT/hadoop-ozone-reconcodegen-0.4.1-SNAPSHOT.jar:/home/user/.m2/repository/com/google/inject/extensions/guice-multibindings/4.0/guice-multibindings-4.0.jar:/home/user/.m2/repository/com/google/inject/guice/4.0/guice-4.0.jar:/home/user/.m2/repository/aopalliance/aopalliance/1.0/aopalliance-1.0.jar:/home/user/.m2/repository/com/google/inject/extensions/guice-servlet/4.0/guice-servlet-4.0.jar:/home/user/.m2/repository/org/glassfish/jersey/containers/jersey-container-servlet/2.27/jersey-container-servlet-2.27.jar:/home/user/.m2/repository/org/glassfish/hk2/guice-bridge/2.5.0/guice-bridge-2.5.0.jar:/home/user/.m2/repository/org/glassfish/jersey/core/jersey-server/2.27/jersey-server-2.27.jar:/home/user/.m2/repository/org/glassfish/jersey/core/jersey-client/2.27/jersey-client-2.27.jar:/home/user/.m2/repository/org/glassfish/jersey/media/jersey-media-jaxb/2.27/jersey-media-jaxb-2.27.jar:/home/user/.m2/repository/javax/validation/validation-api/1.1.0.Final/validation-api-1.1.0.Final.jar:/home/user/.m2/repository/org/glassfish/jersey/media/jersey-media-json-jackson/2.27/jersey-media-json-jackson-2.27.jar:/home/user/.m2/repository/org/glassfish/jersey/ext/jersey-entity-filtering/2.27/jersey-entity-filtering-2.27.jar:/home/user/.m2/repository/com/google/inject/extensions/guice-assistedinject/4.0/guice-assistedinject-4.0.jar:/home/user/.m2/repository/org/jooq/jooq/3.11.10/jooq-3.11.10.jar:/home/user/.m2/repository/org/jooq/jooq-meta/3.11.10/jooq-meta-3.11.10.jar:/home/user/.m2/repository/org/jooq/jooq-codegen/3.11.10/jooq-codegen-3.11.10.jar:/home/user/.m2/repository/com/jolbox/bonecp/0.8.0.RELEASE/bonecp-0.8.0.RELEASE.jar:/home/user/.m2/repository/org/xerial/sqlite-jdbc/3.25.2/sqlite-jdbc-3.25.2.jar:/home/user/.m2/repository/org/springframework/spring-jdbc/5.1.3.RELEASE/spring-jdbc-5.1.3.RELEASE.jar:/home/user/.m2/repository/org/springframework/spring-beans/5.1.3.RELEASE/spring-beans-5.1.3.RELEASE.jar:/home/user/.m2/repository/org/springframework/spring-core/5.1.3.RELEASE/spring-core-5.1.3.RELEASE.jar:/home/user/.m2/repository/org/springframework/spring-jcl/5.1.3.RELEASE/spring-jcl-5.1.3.RELEASE.jar:/home/user/.m2/repository/org/springframework/spring-tx/5.1.3.RELEASE/spring-tx-5.1.3.RELEASE.jar:/home/user/.m2/repository/org/apache/hadoop/hadoop-ozone-client/0.4.1-SNAPSHOT/hadoop-ozone-client-0.4.1-SNAPSHOT.jar:/home/user/.m2/repository/commons-lang/commons-lang/2.6/commons-lang-2.6.jar:/home/user/.m2/repository/org/apache/hadoop/hadoop-ozone-ozone-manager/0.4.1-SNAPSHOT/hadoop-ozone-ozone-manager-0.4.1-SNAPSHOT-tests.jar:/home/user/.m2/repository/junit/junit/4.11/junit-4.11.jar:/home/user/.m2/repository/org/hamcrest/hamcrest-core/1.3/hamcrest-core-1.3.jar:/home/user/.m2/repository/org/openjdk/jmh/jmh-core/1.19/jmh-core-1.19.jar:/home/user/.m2/repository/net/sf/jopt-simple/jopt-simple/4.6/jopt-simple-4.6.jar:/home/user/.m2/repository/org/apache/commons/commons-math3/3.1.1/commons-math3-3.1.1.jar:/home/user/.m2/repository/org/openjdk/jmh/jmh-generator-annprocess/1.19/jmh-generator-annprocess-1.19.jar:/home/user/.m2/repository/org/mockito/mockito-all/1.8.5/mockito-all-1.8.5.jar:/home/user/.m2/repository/org/apache/hadoop/hadoop-kms/3.2.0/hadoop-kms-3.2.0.jar:/home/user/.m2/repository/org/apache/hadoop/hadoop-auth/3.2.0/hadoop-auth-3.2.0.jar:/home/user/.m2/repository/com/nimbusds/nimbus-jose-jwt/4.41.1/nimbus-jose-jwt-4.41.1.jar:/home/user/.m2/repository/com/github/stephenc/jcip/jcip-annotations/1.0-1/jcip-annotations-1.0-1.jar:/home/user/.m2/repository/net/minidev/json-smart/2.3/json-smart-2.3.jar:/home/user/.m2/repository/net/minidev/accessors-smart/1.2/accessors-smart-1.2.jar:/home/user/.m2/repository/org/ow2/asm/asm/5.0.4/asm-5.0.4.jar:/home/user/.m2/repository/org/apache/curator/curator-framework/2.12.0/curator-framework-2.12.0.jar:/home/user/.m2/repository/com/sun/jersey/jersey-core/1.19/jersey-core-1.19.jar:/home/user/.m2/repository/javax/ws/rs/jsr311-api/1.1.1/jsr311-api-1.1.1.jar:/home/user/.m2/repository/com/sun/jersey/jersey-server/1.19/jersey-server-1.19.jar:/home/user/.m2/repository/javax/servlet/javax.servlet-api/3.1.0/javax.servlet-api-3.1.0.jar:/home/user/.m2/repository/org/eclipse/jetty/jetty-server/9.3.24.v20180605/jetty-server-9.3.24.v20180605.jar:/home/user/.m2/repository/org/eclipse/jetty/jetty-http/9.3.24.v20180605/jetty-http-9.3.24.v20180605.jar:/home/user/.m2/repository/org/eclipse/jetty/jetty-io/9.3.24.v20180605/jetty-io-9.3.24.v20180605.jar:/home/user/.m2/repository/org/eclipse/jetty/jetty-webapp/9.3.24.v20180605/jetty-webapp-9.3.24.v20180605.jar:/home/user/.m2/repository/org/eclipse/jetty/jetty-xml/9.3.24.v20180605/jetty-xml-9.3.24.v20180605.jar:/home/user/.m2/repository/log4j/log4j/1.2.17/log4j-1.2.17.jar:/home/user/.m2/repository/org/slf4j/slf4j-api/1.7.25/slf4j-api-1.7.25.jar:/home/user/.m2/repository/org/slf4j/jul-to-slf4j/1.7.25/jul-to-slf4j-1.7.25.jar:/home/user/.m2/repository/org/eclipse/jetty/jetty-util/9.3.24.v20180605/jetty-util-9.3.24.v20180605.jar:/home/user/.m2/repository/com/fasterxml/jackson/core/jackson-databind/2.9.5/jackson-databind-2.9.5.jar:/home/user/.m2/repository/org/apache/hadoop/hadoop-kms/3.2.0/hadoop-kms-3.2.0-tests.jar:/home/user/.m2/repository/org/apache/hadoop/hadoop-hdds-server-scm/0.4.1-SNAPSHOT/hadoop-hdds-server-scm-0.4.1-SNAPSHOT-tests.jar:/home/user/.m2/repository/org/apache/hadoop/hadoop-hdds-container-service/0.4.1-SNAPSHOT/hadoop-hdds-container-service-0.4.1-SNAPSHOT-tests.jar:/home/user/.m2/repository/org/yaml/snakeyaml/1.16/snakeyaml-1.16.jar:/home/user/.m2/repository/org/apache/hadoop/hadoop-common/3.2.0/hadoop-common-3.2.0-tests.jar:/home/user/.m2/repository/org/apache/hadoop/hadoop-annotations/3.2.0/hadoop-annotations-3.2.0.jar:/usr/lib/jvm/java-1.8-openjdk/jre/../lib/tools.jar:/home/user/.m2/repository/commons-cli/commons-cli/1.2/commons-cli-1.2.jar:/home/user/.m2/repository/org/apache/httpcomponents/httpclient/4.5.2/httpclient-4.5.2.jar:/home/user/.m2/repository/org/apache/httpcomponents/httpcore/4.4.4/httpcore-4.4.4.jar:/home/user/.m2/repository/commons-codec/commons-codec/1.11/commons-codec-1.11.jar:/home/user/.m2/repository/commons-net/commons-net/3.6/commons-net-3.6.jar:/home/user/.m2/repository/commons-collections/commons-collections/3.2.2/commons-collections-3.2.2.jar:/home/user/.m2/repository/org/eclipse/jetty/jetty-servlet/9.3.24.v20180605/jetty-servlet-9.3.24.v20180605.jar:/home/user/.m2/repository/org/eclipse/jetty/jetty-security/9.3.24.v20180605/jetty-security-9.3.24.v20180605.jar:/home/user/.m2/repository/javax/servlet/jsp/jsp-api/2.1/jsp-api-2.1.jar:/home/user/.m2/repository/com/sun/jersey/jersey-servlet/1.19/jersey-servlet-1.19.jar:/home/user/.m2/repository/com/sun/jersey/jersey-json/1.19/jersey-json-1.19.jar:/home/user/.m2/repository/org/codehaus/jettison/jettison/1.1/jettison-1.1.jar:/home/user/.m2/repository/org/codehaus/jackson/jackson-core-asl/1.9.13/jackson-core-asl-1.9.13.jar:/home/user/.m2/repository/org/codehaus/jackson/jackson-mapper-asl/1.9.13/jackson-mapper-asl-1.9.13.jar:/home/user/.m2/repository/org/codehaus/jackson/jackson-jaxrs/1.9.13/jackson-jaxrs-1.9.13.jar:/home/user/.m2/repository/org/codehaus/jackson/jackson-xc/1.9.13/jackson-xc-1.9.13.jar:/home/user/.m2/repository/commons-logging/commons-logging/1.1.3/commons-logging-1.1.3.jar:/home/user/.m2/repository/commons-beanutils/commons-beanutils/1.9.3/commons-beanutils-1.9.3.jar:/home/user/.m2/repository/org/apache/commons/commons-configuration2/2.1.1/commons-configuration2-2.1.1.jar:/home/user/.m2/repository/org/apache/commons/commons-lang3/3.7/commons-lang3-3.7.jar:/home/user/.m2/repository/org/apache/commons/commons-text/1.4/commons-text-1.4.jar:/home/user/.m2/repository/org/apache/avro/avro/1.7.7/avro-1.7.7.jar:/home/user/.m2/repository/com/thoughtworks/paranamer/paranamer/2.3/paranamer-2.3.jar:/home/user/.m2/repository/org/xerial/snappy/snappy-java/1.0.5/snappy-java-1.0.5.jar:/home/user/.m2/repository/com/google/re2j/re2j/1.1/re2j-1.1.jar:/home/user/.m2/repository/com/google/code/gson/gson/2.2.4/gson-2.2.4.jar:/home/user/.m2/repository/com/jcraft/jsch/0.1.54/jsch-0.1.54.jar:/home/user/.m2/repository/org/apache/curator/curator-client/2.12.0/curator-client-2.12.0.jar:/home/user/.m2/repository/org/apache/curator/curator-recipes/2.12.0/curator-recipes-2.12.0.jar:/home/user/.m2/repository/com/google/code/findbugs/jsr305/3.0.0/jsr305-3.0.0.jar:/home/user/.m2/repository/org/apache/htrace/htrace-core4/4.1.0-incubating/htrace-core4-4.1.0-incubating.jar:/home/user/.m2/repository/org/apache/zookeeper/zookeeper/3.4.13/zookeeper-3.4.13.jar:/home/user/.m2/repository/org/apache/yetus/audience-annotations/0.5.0/audience-annotations-0.5.0.jar:/home/user/.m2/repository/org/codehaus/woodstox/stax2-api/3.1.4/stax2-api-3.1.4.jar:/home/user/.m2/repository/com/fasterxml/woodstox/woodstox-core/5.0.3/woodstox-core-5.0.3.jar:/home/user/.m2/repository/dnsjava/dnsjava/2.1.7/dnsjava-2.1.7.jar:/home/user/.m2/repository/org/apache/hadoop/hadoop-hdfs/3.2.0/hadoop-hdfs-3.2.0-tests.jar:/home/user/.m2/repository/org/eclipse/jetty/jetty-util-ajax/9.3.24.v20180605/jetty-util-ajax-9.3.24.v20180605.jar:/home/user/.m2/repository/commons-daemon/commons-daemon/1.0.13/commons-daemon-1.0.13.jar:/home/user/.m2/repository/io/netty/netty/3.10.5.Final/netty-3.10.5.Final.jar:/home/user/.m2/repository/io/netty/netty-all/4.0.52.Final/netty-all-4.0.52.Final.jar:/home/user/.m2/repository/org/fusesource/leveldbjni/leveldbjni-all/1.8/leveldbjni-all-1.8.jar:"/>
    <property name="java.vm.vendor" value="IcedTea"/>
    <property name="sun.arch.data.model" value="64"/>
    <property name="test.build.dir" value="/workdir/hadoop-ozone/integration-test/target/test-dir"/>
    <property name="test.cache.data" value=""/>
    <property name="java.vendor.url" value="https://icedtea.classpath.org"/>
    <property name="user.timezone" value=""/>
    <property name="java.vm.specification.version" value="1.8"/>
    <property name="os.name" value="Linux"/>
    <property name="test.build.data" value="/workdir/hadoop-ozone/integration-test/target/test-dir"/>
    <property name="user.country" value="US"/>
    <property name="sun.java.launcher" value="SUN_STANDARD"/>
    <property name="sun.boot.library.path" value="/usr/lib/jvm/java-1.8-openjdk/jre/lib/amd64"/>
    <property name="sun.java.command" value="/workdir/hadoop-ozone/integration-test/target/surefire/surefirebooter5154317807133674735.jar /workdir/hadoop-ozone/integration-test/target/surefire 2019-08-18T03-13-03_085-jvmRun1 surefire8265999868490793939tmp surefire_206704504834626916759tmp"/>
    <property name="test" value="!TestMiniChaosOzoneCluster"/>
    <property name="surefire.test.class.path" value="/workdir/hadoop-ozone/integration-test/target/test-classes:/workdir/hadoop-ozone/integration-test/target/classes:/home/user/.m2/repository/org/apache/hadoop/hadoop-ozone-common/0.4.1-SNAPSHOT/hadoop-ozone-common-0.4.1-SNAPSHOT.jar:/home/user/.m2/repository/org/apache/commons/commons-compress/1.4.1/commons-compress-1.4.1.jar:/home/user/.m2/repository/org/tukaani/xz/1.0/xz-1.0.jar:/home/user/.m2/repository/org/apache/hadoop/hadoop-common/3.2.0/hadoop-common-3.2.0.jar:/home/user/.m2/repository/org/apache/hadoop/hadoop-hdfs/3.2.0/hadoop-hdfs-3.2.0.jar:/home/user/.m2/repository/org/apache/hadoop/hadoop-hdfs-client/3.2.0/hadoop-hdfs-client-3.2.0.jar:/home/user/.m2/repository/com/fasterxml/jackson/core/jackson-annotations/2.9.5/jackson-annotations-2.9.5.jar:/home/user/.m2/repository/org/apache/hadoop/hadoop-hdds-common/0.4.1-SNAPSHOT/hadoop-hdds-common-0.4.1-SNAPSHOT.jar:/home/user/.m2/repository/javax/annotation/javax.annotation-api/1.2/javax.annotation-api-1.2.jar:/home/user/.m2/repository/org/apache/ratis/ratis-server/0.4.0-2337318-SNAPSHOT/ratis-server-0.4.0-2337318-SNAPSHOT.jar:/home/user/.m2/repository/org/apache/ratis/ratis-thirdparty-misc/0.2.0/ratis-thirdparty-misc-0.2.0.jar:/home/user/.m2/repository/org/apache/ratis/ratis-proto/0.4.0-2337318-SNAPSHOT/ratis-proto-0.4.0-2337318-SNAPSHOT.jar:/home/user/.m2/repository/org/apache/ratis/ratis-common/0.4.0-2337318-SNAPSHOT/ratis-common-0.4.0-2337318-SNAPSHOT.jar:/home/user/.m2/repository/org/apache/ratis/ratis-client/0.4.0-2337318-SNAPSHOT/ratis-client-0.4.0-2337318-SNAPSHOT.jar:/home/user/.m2/repository/org/apache/ratis/ratis-metrics/0.4.0-2337318-SNAPSHOT/ratis-metrics-0.4.0-2337318-SNAPSHOT.jar:/home/user/.m2/repository/org/apache/ratis/ratis-netty/0.4.0-2337318-SNAPSHOT/ratis-netty-0.4.0-2337318-SNAPSHOT.jar:/home/user/.m2/repository/org/apache/ratis/ratis-grpc/0.4.0-2337318-SNAPSHOT/ratis-grpc-0.4.0-2337318-SNAPSHOT.jar:/home/user/.m2/repository/org/rocksdb/rocksdbjni/6.0.1/rocksdbjni-6.0.1.jar:/home/user/.m2/repository/org/apache/logging/log4j/log4j-api/2.11.0/log4j-api-2.11.0.jar:/home/user/.m2/repository/org/apache/logging/log4j/log4j-core/2.11.0/log4j-core-2.11.0.jar:/home/user/.m2/repository/com/lmax/disruptor/3.4.2/disruptor-3.4.2.jar:/home/user/.m2/repository/org/apache/commons/commons-pool2/2.6.0/commons-pool2-2.6.0.jar:/home/user/.m2/repository/org/bouncycastle/bcpkix-jdk15on/1.60/bcpkix-jdk15on-1.60.jar:/home/user/.m2/repository/commons-validator/commons-validator/1.6/commons-validator-1.6.jar:/home/user/.m2/repository/commons-digester/commons-digester/1.8.1/commons-digester-1.8.1.jar:/home/user/.m2/repository/io/jaegertracing/jaeger-client/0.33.1/jaeger-client-0.33.1.jar:/home/user/.m2/repository/io/jaegertracing/jaeger-thrift/0.33.1/jaeger-thrift-0.33.1.jar:/home/user/.m2/repository/org/apache/thrift/libthrift/0.11.0/libthrift-0.11.0.jar:/home/user/.m2/repository/com/squareup/okhttp3/okhttp/3.9.0/okhttp-3.9.0.jar:/home/user/.m2/repository/com/squareup/okio/okio/1.13.0/okio-1.13.0.jar:/home/user/.m2/repository/io/jaegertracing/jaeger-core/0.33.1/jaeger-core-0.33.1.jar:/home/user/.m2/repository/io/jaegertracing/jaeger-tracerresolver/0.33.1/jaeger-tracerresolver-0.33.1.jar:/home/user/.m2/repository/io/opentracing/contrib/opentracing-tracerresolver/0.1.5/opentracing-tracerresolver-0.1.5.jar:/home/user/.m2/repository/io/opentracing/opentracing-util/0.31.0/opentracing-util-0.31.0.jar:/home/user/.m2/repository/io/opentracing/opentracing-api/0.31.0/opentracing-api-0.31.0.jar:/home/user/.m2/repository/io/opentracing/opentracing-noop/0.31.0/opentracing-noop-0.31.0.jar:/home/user/.m2/repository/org/apache/hadoop/hadoop-hdds-server-framework/0.4.1-SNAPSHOT/hadoop-hdds-server-framework-0.4.1-SNAPSHOT.jar:/home/user/.m2/repository/org/apache/hadoop/hadoop-hdds-container-service/0.4.1-SNAPSHOT/hadoop-hdds-container-service-0.4.1-SNAPSHOT.jar:/home/user/.m2/repository/org/apache/hadoop/hadoop-hdds-client/0.4.1-SNAPSHOT/hadoop-hdds-client-0.4.1-SNAPSHOT.jar:/home/user/.m2/repository/org/apache/hadoop/hadoop-hdds-tools/0.4.1-SNAPSHOT/hadoop-hdds-tools-0.4.1-SNAPSHOT.jar:/home/user/.m2/repository/org/apache/hadoop/hadoop-hdds-server-scm/0.4.1-SNAPSHOT/hadoop-hdds-server-scm-0.4.1-SNAPSHOT.jar:/home/user/.m2/repository/org/apache/hadoop/hadoop-hdds-docs/0.4.1-SNAPSHOT/hadoop-hdds-docs-0.4.1-SNAPSHOT.jar:/home/user/.m2/repository/io/dropwizard/metrics/metrics-core/3.2.4/metrics-core-3.2.4.jar:/home/user/.m2/repository/org/hamcrest/hamcrest-all/1.3/hamcrest-all-1.3.jar:/home/user/.m2/repository/org/bouncycastle/bcprov-jdk15on/1.60/bcprov-jdk15on-1.60.jar:/home/user/.m2/repository/info/picocli/picocli/3.9.6/picocli-3.9.6.jar:/home/user/.m2/repository/com/google/protobuf/protobuf-java/2.5.0/protobuf-java-2.5.0.jar:/home/user/.m2/repository/com/google/guava/guava/11.0.2/guava-11.0.2.jar:/home/user/.m2/repository/org/apache/hadoop/hadoop-ozone-ozone-manager/0.4.1-SNAPSHOT/hadoop-ozone-ozone-manager-0.4.1-SNAPSHOT.jar:/home/user/.m2/repository/org/apache/hadoop/hadoop-minikdc/3.2.0/hadoop-minikdc-3.2.0.jar:/home/user/.m2/repository/commons-io/commons-io/2.5/commons-io-2.5.jar:/home/user/.m2/repository/org/apache/kerby/kerb-simplekdc/1.0.1/kerb-simplekdc-1.0.1.jar:/home/user/.m2/repository/org/apache/kerby/kerb-client/1.0.1/kerb-client-1.0.1.jar:/home/user/.m2/repository/org/apache/kerby/kerby-config/1.0.1/kerby-config-1.0.1.jar:/home/user/.m2/repository/org/apache/kerby/kerb-core/1.0.1/kerb-core-1.0.1.jar:/home/user/.m2/repository/org/apache/kerby/kerby-pkix/1.0.1/kerby-pkix-1.0.1.jar:/home/user/.m2/repository/org/apache/kerby/kerby-asn1/1.0.1/kerby-asn1-1.0.1.jar:/home/user/.m2/repository/org/apache/kerby/kerby-util/1.0.1/kerby-util-1.0.1.jar:/home/user/.m2/repository/org/apache/kerby/kerb-common/1.0.1/kerb-common-1.0.1.jar:/home/user/.m2/repository/org/apache/kerby/kerb-crypto/1.0.1/kerb-crypto-1.0.1.jar:/home/user/.m2/repository/org/apache/kerby/kerb-util/1.0.1/kerb-util-1.0.1.jar:/home/user/.m2/repository/org/apache/kerby/token-provider/1.0.1/token-provider-1.0.1.jar:/home/user/.m2/repository/org/apache/kerby/kerb-admin/1.0.1/kerb-admin-1.0.1.jar:/home/user/.m2/repository/org/apache/kerby/kerb-server/1.0.1/kerb-server-1.0.1.jar:/home/user/.m2/repository/org/apache/kerby/kerb-identity/1.0.1/kerb-identity-1.0.1.jar:/home/user/.m2/repository/org/apache/kerby/kerby-xdr/1.0.1/kerby-xdr-1.0.1.jar:/home/user/.m2/repository/org/slf4j/slf4j-log4j12/1.7.25/slf4j-log4j12-1.7.25.jar:/home/user/.m2/repository/org/apache/hadoop/hadoop-ozone-objectstore-service/0.4.1-SNAPSHOT/hadoop-ozone-objectstore-service-0.4.1-SNAPSHOT.jar:/home/user/.m2/repository/org/apache/hadoop/hadoop-ozone-s3gateway/0.4.1-SNAPSHOT/hadoop-ozone-s3gateway-0.4.1-SNAPSHOT.jar:/home/user/.m2/repository/org/jboss/weld/servlet/weld-servlet/2.4.7.Final/weld-servlet-2.4.7.Final.jar:/home/user/.m2/repository/org/glassfish/jersey/containers/jersey-container-servlet-core/2.27/jersey-container-servlet-core-2.27.jar:/home/user/.m2/repository/org/glassfish/hk2/external/javax.inject/2.5.0-b42/javax.inject-2.5.0-b42.jar:/home/user/.m2/repository/org/glassfish/jersey/core/jersey-common/2.27/jersey-common-2.27.jar:/home/user/.m2/repository/org/glassfish/hk2/osgi-resource-locator/1.0.1/osgi-resource-locator-1.0.1.jar:/home/user/.m2/repository/javax/ws/rs/javax.ws.rs-api/2.1/javax.ws.rs-api-2.1.jar:/home/user/.m2/repository/org/glassfish/jersey/ext/cdi/jersey-cdi1x/2.27/jersey-cdi1x-2.27.jar:/home/user/.m2/repository/org/glassfish/jersey/inject/jersey-hk2/2.27/jersey-hk2-2.27.jar:/home/user/.m2/repository/org/glassfish/hk2/hk2-locator/2.5.0-b42/hk2-locator-2.5.0-b42.jar:/home/user/.m2/repository/org/javassist/javassist/3.22.0-CR2/javassist-3.22.0-CR2.jar:/home/user/.m2/repository/org/glassfish/hk2/hk2-api/2.5.0/hk2-api-2.5.0.jar:/home/user/.m2/repository/org/glassfish/hk2/external/jakarta.inject/2.5.0/jakarta.inject-2.5.0.jar:/home/user/.m2/repository/org/glassfish/hk2/hk2-utils/2.5.0/hk2-utils-2.5.0.jar:/home/user/.m2/repository/jakarta/annotation/jakarta.annotation-api/1.3.4/jakarta.annotation-api-1.3.4.jar:/home/user/.m2/repository/org/glassfish/hk2/external/aopalliance-repackaged/2.5.0/aopalliance-repackaged-2.5.0.jar:/home/user/.m2/repository/com/fasterxml/jackson/dataformat/jackson-dataformat-xml/2.9.0/jackson-dataformat-xml-2.9.0.jar:/home/user/.m2/repository/com/fasterxml/jackson/core/jackson-core/2.9.5/jackson-core-2.9.5.jar:/home/user/.m2/repository/com/fasterxml/jackson/module/jackson-module-jaxb-annotations/2.9.5/jackson-module-jaxb-annotations-2.9.5.jar:/home/user/.m2/repository/javax/enterprise/cdi-api/1.2/cdi-api-1.2.jar:/home/user/.m2/repository/javax/el/javax.el-api/3.0.0/javax.el-api-3.0.0.jar:/home/user/.m2/repository/javax/interceptor/javax.interceptor-api/1.2/javax.interceptor-api-1.2.jar:/home/user/.m2/repository/javax/inject/javax.inject/1/javax.inject-1.jar:/home/user/.m2/repository/com/sun/xml/bind/jaxb-impl/2.3.0.1/jaxb-impl-2.3.0.1.jar:/home/user/.m2/repository/com/sun/xml/bind/jaxb-core/2.3.0.1/jaxb-core-2.3.0.1.jar:/home/user/.m2/repository/javax/xml/bind/jaxb-api/2.3.0/jaxb-api-2.3.0.jar:/home/user/.m2/repository/javax/activation/activation/1.1.1/activation-1.1.1.jar:/home/user/.m2/repository/org/apache/hadoop/hadoop-ozone-csi/0.4.1-SNAPSHOT/hadoop-ozone-csi-0.4.1-SNAPSHOT.jar:/home/user/.m2/repository/com/google/protobuf/protobuf-java-util/3.5.1/protobuf-java-util-3.5.1.jar:/home/user/.m2/repository/org/apache/hadoop/hadoop-hdds-config/0.4.1-SNAPSHOT/hadoop-hdds-config-0.4.1-SNAPSHOT.jar:/home/user/.m2/repository/io/grpc/grpc-netty/1.17.1/grpc-netty-1.17.1.jar:/home/user/.m2/repository/io/grpc/grpc-core/1.17.1/grpc-core-1.17.1.jar:/home/user/.m2/repository/io/grpc/grpc-context/1.17.1/grpc-context-1.17.1.jar:/home/user/.m2/repository/com/google/errorprone/error_prone_annotations/2.2.0/error_prone_annotations-2.2.0.jar:/home/user/.m2/repository/org/codehaus/mojo/animal-sniffer-annotations/1.17/animal-sniffer-annotations-1.17.jar:/home/user/.m2/repository/io/opencensus/opencensus-api/0.17.0/opencensus-api-0.17.0.jar:/home/user/.m2/repository/io/opencensus/opencensus-contrib-grpc-metrics/0.17.0/opencensus-contrib-grpc-metrics-0.17.0.jar:/home/user/.m2/repository/io/netty/netty-codec-http2/4.1.30.Final/netty-codec-http2-4.1.30.Final.jar:/home/user/.m2/repository/io/netty/netty-codec-http/4.1.30.Final/netty-codec-http-4.1.30.Final.jar:/home/user/.m2/repository/io/netty/netty-codec/4.1.30.Final/netty-codec-4.1.30.Final.jar:/home/user/.m2/repository/io/netty/netty-handler/4.1.30.Final/netty-handler-4.1.30.Final.jar:/home/user/.m2/repository/io/netty/netty-handler-proxy/4.1.30.Final/netty-handler-proxy-4.1.30.Final.jar:/home/user/.m2/repository/io/netty/netty-codec-socks/4.1.30.Final/netty-codec-socks-4.1.30.Final.jar:/home/user/.m2/repository/io/netty/netty-transport-native-epoll/4.1.30.Final/netty-transport-native-epoll-4.1.30.Final.jar:/home/user/.m2/repository/io/netty/netty-common/4.1.30.Final/netty-common-4.1.30.Final.jar:/home/user/.m2/repository/io/netty/netty-buffer/4.1.30.Final/netty-buffer-4.1.30.Final.jar:/home/user/.m2/repository/io/netty/netty-transport/4.1.30.Final/netty-transport-4.1.30.Final.jar:/home/user/.m2/repository/io/netty/netty-resolver/4.1.30.Final/netty-resolver-4.1.30.Final.jar:/home/user/.m2/repository/io/netty/netty-transport-native-unix-common/4.1.30.Final/netty-transport-native-unix-common-4.1.30.Final.jar:/home/user/.m2/repository/io/grpc/grpc-protobuf/1.17.1/grpc-protobuf-1.17.1.jar:/home/user/.m2/repository/com/google/api/grpc/proto-google-common-protos/1.0.0/proto-google-common-protos-1.0.0.jar:/home/user/.m2/repository/io/grpc/grpc-protobuf-lite/1.17.1/grpc-protobuf-lite-1.17.1.jar:/home/user/.m2/repository/io/grpc/grpc-stub/1.17.1/grpc-stub-1.17.1.jar:/home/user/.m2/repository/org/apache/hadoop/hadoop-ozone-recon/0.4.1-SNAPSHOT/hadoop-ozone-recon-0.4.1-SNAPSHOT.jar:/home/user/.m2/repository/org/apache/hadoop/hadoop-ozone-reconcodegen/0.4.1-SNAPSHOT/hadoop-ozone-reconcodegen-0.4.1-SNAPSHOT.jar:/home/user/.m2/repository/com/google/inject/extensions/guice-multibindings/4.0/guice-multibindings-4.0.jar:/home/user/.m2/repository/com/google/inject/guice/4.0/guice-4.0.jar:/home/user/.m2/repository/aopalliance/aopalliance/1.0/aopalliance-1.0.jar:/home/user/.m2/repository/com/google/inject/extensions/guice-servlet/4.0/guice-servlet-4.0.jar:/home/user/.m2/repository/org/glassfish/jersey/containers/jersey-container-servlet/2.27/jersey-container-servlet-2.27.jar:/home/user/.m2/repository/org/glassfish/hk2/guice-bridge/2.5.0/guice-bridge-2.5.0.jar:/home/user/.m2/repository/org/glassfish/jersey/core/jersey-server/2.27/jersey-server-2.27.jar:/home/user/.m2/repository/org/glassfish/jersey/core/jersey-client/2.27/jersey-client-2.27.jar:/home/user/.m2/repository/org/glassfish/jersey/media/jersey-media-jaxb/2.27/jersey-media-jaxb-2.27.jar:/home/user/.m2/repository/javax/validation/validation-api/1.1.0.Final/validation-api-1.1.0.Final.jar:/home/user/.m2/repository/org/glassfish/jersey/media/jersey-media-json-jackson/2.27/jersey-media-json-jackson-2.27.jar:/home/user/.m2/repository/org/glassfish/jersey/ext/jersey-entity-filtering/2.27/jersey-entity-filtering-2.27.jar:/home/user/.m2/repository/com/google/inject/extensions/guice-assistedinject/4.0/guice-assistedinject-4.0.jar:/home/user/.m2/repository/org/jooq/jooq/3.11.10/jooq-3.11.10.jar:/home/user/.m2/repository/org/jooq/jooq-meta/3.11.10/jooq-meta-3.11.10.jar:/home/user/.m2/repository/org/jooq/jooq-codegen/3.11.10/jooq-codegen-3.11.10.jar:/home/user/.m2/repository/com/jolbox/bonecp/0.8.0.RELEASE/bonecp-0.8.0.RELEASE.jar:/home/user/.m2/repository/org/xerial/sqlite-jdbc/3.25.2/sqlite-jdbc-3.25.2.jar:/home/user/.m2/repository/org/springframework/spring-jdbc/5.1.3.RELEASE/spring-jdbc-5.1.3.RELEASE.jar:/home/user/.m2/repository/org/springframework/spring-beans/5.1.3.RELEASE/spring-beans-5.1.3.RELEASE.jar:/home/user/.m2/repository/org/springframework/spring-core/5.1.3.RELEASE/spring-core-5.1.3.RELEASE.jar:/home/user/.m2/repository/org/springframework/spring-jcl/5.1.3.RELEASE/spring-jcl-5.1.3.RELEASE.jar:/home/user/.m2/repository/org/springframework/spring-tx/5.1.3.RELEASE/spring-tx-5.1.3.RELEASE.jar:/home/user/.m2/repository/org/apache/hadoop/hadoop-ozone-client/0.4.1-SNAPSHOT/hadoop-ozone-client-0.4.1-SNAPSHOT.jar:/home/user/.m2/repository/commons-lang/commons-lang/2.6/commons-lang-2.6.jar:/home/user/.m2/repository/org/apache/hadoop/hadoop-ozone-ozone-manager/0.4.1-SNAPSHOT/hadoop-ozone-ozone-manager-0.4.1-SNAPSHOT-tests.jar:/home/user/.m2/repository/junit/junit/4.11/junit-4.11.jar:/home/user/.m2/repository/org/hamcrest/hamcrest-core/1.3/hamcrest-core-1.3.jar:/home/user/.m2/repository/org/openjdk/jmh/jmh-core/1.19/jmh-core-1.19.jar:/home/user/.m2/repository/net/sf/jopt-simple/jopt-simple/4.6/jopt-simple-4.6.jar:/home/user/.m2/repository/org/apache/commons/commons-math3/3.1.1/commons-math3-3.1.1.jar:/home/user/.m2/repository/org/openjdk/jmh/jmh-generator-annprocess/1.19/jmh-generator-annprocess-1.19.jar:/home/user/.m2/repository/org/mockito/mockito-all/1.8.5/mockito-all-1.8.5.jar:/home/user/.m2/repository/org/apache/hadoop/hadoop-kms/3.2.0/hadoop-kms-3.2.0.jar:/home/user/.m2/repository/org/apache/hadoop/hadoop-auth/3.2.0/hadoop-auth-3.2.0.jar:/home/user/.m2/repository/com/nimbusds/nimbus-jose-jwt/4.41.1/nimbus-jose-jwt-4.41.1.jar:/home/user/.m2/repository/com/github/stephenc/jcip/jcip-annotations/1.0-1/jcip-annotations-1.0-1.jar:/home/user/.m2/repository/net/minidev/json-smart/2.3/json-smart-2.3.jar:/home/user/.m2/repository/net/minidev/accessors-smart/1.2/accessors-smart-1.2.jar:/home/user/.m2/repository/org/ow2/asm/asm/5.0.4/asm-5.0.4.jar:/home/user/.m2/repository/org/apache/curator/curator-framework/2.12.0/curator-framework-2.12.0.jar:/home/user/.m2/repository/com/sun/jersey/jersey-core/1.19/jersey-core-1.19.jar:/home/user/.m2/repository/javax/ws/rs/jsr311-api/1.1.1/jsr311-api-1.1.1.jar:/home/user/.m2/repository/com/sun/jersey/jersey-server/1.19/jersey-server-1.19.jar:/home/user/.m2/repository/javax/servlet/javax.servlet-api/3.1.0/javax.servlet-api-3.1.0.jar:/home/user/.m2/repository/org/eclipse/jetty/jetty-server/9.3.24.v20180605/jetty-server-9.3.24.v20180605.jar:/home/user/.m2/repository/org/eclipse/jetty/jetty-http/9.3.24.v20180605/jetty-http-9.3.24.v20180605.jar:/home/user/.m2/repository/org/eclipse/jetty/jetty-io/9.3.24.v20180605/jetty-io-9.3.24.v20180605.jar:/home/user/.m2/repository/org/eclipse/jetty/jetty-webapp/9.3.24.v20180605/jetty-webapp-9.3.24.v20180605.jar:/home/user/.m2/repository/org/eclipse/jetty/jetty-xml/9.3.24.v20180605/jetty-xml-9.3.24.v20180605.jar:/home/user/.m2/repository/log4j/log4j/1.2.17/log4j-1.2.17.jar:/home/user/.m2/repository/org/slf4j/slf4j-api/1.7.25/slf4j-api-1.7.25.jar:/home/user/.m2/repository/org/slf4j/jul-to-slf4j/1.7.25/jul-to-slf4j-1.7.25.jar:/home/user/.m2/repository/org/eclipse/jetty/jetty-util/9.3.24.v20180605/jetty-util-9.3.24.v20180605.jar:/home/user/.m2/repository/com/fasterxml/jackson/core/jackson-databind/2.9.5/jackson-databind-2.9.5.jar:/home/user/.m2/repository/org/apache/hadoop/hadoop-kms/3.2.0/hadoop-kms-3.2.0-tests.jar:/home/user/.m2/repository/org/apache/hadoop/hadoop-hdds-server-scm/0.4.1-SNAPSHOT/hadoop-hdds-server-scm-0.4.1-SNAPSHOT-tests.jar:/home/user/.m2/repository/org/apache/hadoop/hadoop-hdds-container-service/0.4.1-SNAPSHOT/hadoop-hdds-container-service-0.4.1-SNAPSHOT-tests.jar:/home/user/.m2/repository/org/yaml/snakeyaml/1.16/snakeyaml-1.16.jar:/home/user/.m2/repository/org/apache/hadoop/hadoop-common/3.2.0/hadoop-common-3.2.0-tests.jar:/home/user/.m2/repository/org/apache/hadoop/hadoop-annotations/3.2.0/hadoop-annotations-3.2.0.jar:/usr/lib/jvm/java-1.8-openjdk/jre/../lib/tools.jar:/home/user/.m2/repository/commons-cli/commons-cli/1.2/commons-cli-1.2.jar:/home/user/.m2/repository/org/apache/httpcomponents/httpclient/4.5.2/httpclient-4.5.2.jar:/home/user/.m2/repository/org/apache/httpcomponents/httpcore/4.4.4/httpcore-4.4.4.jar:/home/user/.m2/repository/commons-codec/commons-codec/1.11/commons-codec-1.11.jar:/home/user/.m2/repository/commons-net/commons-net/3.6/commons-net-3.6.jar:/home/user/.m2/repository/commons-collections/commons-collections/3.2.2/commons-collections-3.2.2.jar:/home/user/.m2/repository/org/eclipse/jetty/jetty-servlet/9.3.24.v20180605/jetty-servlet-9.3.24.v20180605.jar:/home/user/.m2/repository/org/eclipse/jetty/jetty-security/9.3.24.v20180605/jetty-security-9.3.24.v20180605.jar:/home/user/.m2/repository/javax/servlet/jsp/jsp-api/2.1/jsp-api-2.1.jar:/home/user/.m2/repository/com/sun/jersey/jersey-servlet/1.19/jersey-servlet-1.19.jar:/home/user/.m2/repository/com/sun/jersey/jersey-json/1.19/jersey-json-1.19.jar:/home/user/.m2/repository/org/codehaus/jettison/jettison/1.1/jettison-1.1.jar:/home/user/.m2/repository/org/codehaus/jackson/jackson-core-asl/1.9.13/jackson-core-asl-1.9.13.jar:/home/user/.m2/repository/org/codehaus/jackson/jackson-mapper-asl/1.9.13/jackson-mapper-asl-1.9.13.jar:/home/user/.m2/repository/org/codehaus/jackson/jackson-jaxrs/1.9.13/jackson-jaxrs-1.9.13.jar:/home/user/.m2/repository/org/codehaus/jackson/jackson-xc/1.9.13/jackson-xc-1.9.13.jar:/home/user/.m2/repository/commons-logging/commons-logging/1.1.3/commons-logging-1.1.3.jar:/home/user/.m2/repository/commons-beanutils/commons-beanutils/1.9.3/commons-beanutils-1.9.3.jar:/home/user/.m2/repository/org/apache/commons/commons-configuration2/2.1.1/commons-configuration2-2.1.1.jar:/home/user/.m2/repository/org/apache/commons/commons-lang3/3.7/commons-lang3-3.7.jar:/home/user/.m2/repository/org/apache/commons/commons-text/1.4/commons-text-1.4.jar:/home/user/.m2/repository/org/apache/avro/avro/1.7.7/avro-1.7.7.jar:/home/user/.m2/repository/com/thoughtworks/paranamer/paranamer/2.3/paranamer-2.3.jar:/home/user/.m2/repository/org/xerial/snappy/snappy-java/1.0.5/snappy-java-1.0.5.jar:/home/user/.m2/repository/com/google/re2j/re2j/1.1/re2j-1.1.jar:/home/user/.m2/repository/com/google/code/gson/gson/2.2.4/gson-2.2.4.jar:/home/user/.m2/repository/com/jcraft/jsch/0.1.54/jsch-0.1.54.jar:/home/user/.m2/repository/org/apache/curator/curator-client/2.12.0/curator-client-2.12.0.jar:/home/user/.m2/repository/org/apache/curator/curator-recipes/2.12.0/curator-recipes-2.12.0.jar:/home/user/.m2/repository/com/google/code/findbugs/jsr305/3.0.0/jsr305-3.0.0.jar:/home/user/.m2/repository/org/apache/htrace/htrace-core4/4.1.0-incubating/htrace-core4-4.1.0-incubating.jar:/home/user/.m2/repository/org/apache/zookeeper/zookeeper/3.4.13/zookeeper-3.4.13.jar:/home/user/.m2/repository/org/apache/yetus/audience-annotations/0.5.0/audience-annotations-0.5.0.jar:/home/user/.m2/repository/org/codehaus/woodstox/stax2-api/3.1.4/stax2-api-3.1.4.jar:/home/user/.m2/repository/com/fasterxml/woodstox/woodstox-core/5.0.3/woodstox-core-5.0.3.jar:/home/user/.m2/repository/dnsjava/dnsjava/2.1.7/dnsjava-2.1.7.jar:/home/user/.m2/repository/org/apache/hadoop/hadoop-hdfs/3.2.0/hadoop-hdfs-3.2.0-tests.jar:/home/user/.m2/repository/org/eclipse/jetty/jetty-util-ajax/9.3.24.v20180605/jetty-util-ajax-9.3.24.v20180605.jar:/home/user/.m2/repository/commons-daemon/commons-daemon/1.0.13/commons-daemon-1.0.13.jar:/home/user/.m2/repository/io/netty/netty/3.10.5.Final/netty-3.10.5.Final.jar:/home/user/.m2/repository/io/netty/netty-all/4.0.52.Final/netty-all-4.0.52.Final.jar:/home/user/.m2/repository/org/fusesource/leveldbjni/leveldbjni-all/1.8/leveldbjni-all-1.8.jar:"/>
    <property name="sun.cpu.endian" value="little"/>
    <property name="user.home" value="/home/user"/>
    <property name="user.language" value="en"/>
    <property name="java.specification.vendor" value="Oracle Corporation"/>
    <property name="java.home" value="/usr/lib/jvm/java-1.8-openjdk/jre"/>
    <property name="java.security.krb5.conf" value="/workdir/hadoop-ozone/integration-test/target/test-classes/krb5.conf"/>
    <property name="basedir" value="/workdir/hadoop-ozone/integration-test"/>
    <property name="file.separator" value="/"/>
    <property name="line.separator" value="&#10;"/>
    <property name="java.vm.specification.vendor" value="Oracle Corporation"/>
    <property name="java.specification.name" value="Java Platform API Specification"/>
    <property name="java.awt.graphicsenv" value="sun.awt.X11GraphicsEnvironment"/>
    <property name="surefire.real.class.path" value="/workdir/hadoop-ozone/integration-test/target/surefire/surefirebooter5154317807133674735.jar"/>
    <property name="hadoop.log.dir" value="/workdir/hadoop-ozone/integration-test/target/log"/>
    <property name="sun.boot.class.path" value="/usr/lib/jvm/java-1.8-openjdk/jre/lib/resources.jar:/usr/lib/jvm/java-1.8-openjdk/jre/lib/rt.jar:/usr/lib/jvm/java-1.8-openjdk/jre/lib/sunrsasign.jar:/usr/lib/jvm/java-1.8-openjdk/jre/lib/jsse.jar:/usr/lib/jvm/java-1.8-openjdk/jre/lib/jce.jar:/usr/lib/jvm/java-1.8-openjdk/jre/lib/charsets.jar:/usr/lib/jvm/java-1.8-openjdk/jre/lib/jfr.jar:/usr/lib/jvm/java-1.8-openjdk/jre/classes"/>
    <property name="sun.management.compiler" value="HotSpot 64-Bit Tiered Compilers"/>
    <property name="java.runtime.version" value="1.8.0_212-b04"/>
    <property name="java.net.preferIPv4Stack" value="true"/>
    <property name="user.name" value="jenkins1000"/>
    <property name="path.separator" value=":"/>
    <property name="java.security.egd" value="file:///dev/urandom"/>
    <property name="os.version" value="3.10.0-957.12.2.el7.x86_64"/>
    <property name="java.endorsed.dirs" value="/usr/lib/jvm/java-1.8-openjdk/jre/lib/endorsed"/>
    <property name="java.runtime.name" value="OpenJDK Runtime Environment"/>
    <property name="file.encoding" value="UTF-8"/>
    <property name="java.vm.name" value="OpenJDK 64-Bit Server VM"/>
    <property name="test.build.webapps" value=""/>
    <property name="localRepository" value="/home/user/.m2/repository"/>
    <property name="java.vendor.url.bug" value="https://icedtea.classpath.org/bugzilla"/>
    <property name="java.io.tmpdir" value="/tmp"/>
    <property name="require.test.libhadoop" value=""/>
    <property name="java.version" value="1.8.0_212"/>
    <property name="user.dir" value="/workdir/hadoop-ozone/integration-test"/>
    <property name="os.arch" value="amd64"/>
    <property name="java.vm.specification.name" value="Java Virtual Machine Specification"/>
    <property name="test.build.classes" value="/workdir/hadoop-ozone/integration-test/target/test-classes"/>
    <property name="java.awt.printerjob" value="sun.print.PSPrinterJob"/>
    <property name="sun.os.patch.level" value="unknown"/>
    <property name="hadoop.tmp.dir" value="/workdir/hadoop-ozone/integration-test/target/tmp"/>
    <property name="java.library.path" value="/usr/lib/jvm/java-1.8-openjdk/jre/lib/amd64/server:/usr/lib/jvm/java-1.8-openjdk/jre/lib/amd64:/usr/lib/jvm/java-1.8-openjdk/jre/../lib/amd64:/workdir/hadoop-ozone/integration-test/target/native/target/usr/local/lib:/workdir/hadoop-ozone/integration-test/../../hadoop-common-project/hadoop-common/target/native/target/usr/local/lib:/usr/java/packages/lib/amd64:/usr/lib64:/lib64:/lib:/usr/lib"/>
    <property name="java.vm.info" value="mixed mode"/>
    <property name="java.vendor" value="IcedTea"/>
    <property name="java.vm.version" value="25.212-b04"/>
    <property name="java.ext.dirs" value="/usr/lib/jvm/java-1.8-openjdk/jre/lib/ext:/usr/java/packages/lib/ext"/>
    <property name="sun.io.unicode.encoding" value="UnicodeLittle"/>
    <property name="java.class.version" value="52.0"/>
  </properties>
  <testcase name="test2DatanodesFailure" classname="org.apache.hadoop.ozone.client.rpc.TestBlockOutputStreamWithFailures" time="105.359"/>
  <testcase name="testDatanodeFailureWithPreAllocation" classname="org.apache.hadoop.ozone.client.rpc.TestBlockOutputStreamWithFailures" time="225.055"/>
  <testcase name="testDatanodeFailureWithSingleNodeRatis" classname="org.apache.hadoop.ozone.client.rpc.TestBlockOutputStreamWithFailures" time="224.576"/>
  <testcase name="testWatchForCommitWithSingleNodeRatis" classname="org.apache.hadoop.ozone.client.rpc.TestBlockOutputStreamWithFailures" time="35.563"/>
  <testcase name="testWatchForCommitDatanodeFailure" classname="org.apache.hadoop.ozone.client.rpc.TestBlockOutputStreamWithFailures" time="43.031">
    <failure message="expected:&lt;2&gt; but was:&lt;3&gt;" type="java.lang.AssertionError"><![CDATA[java.lang.AssertionError: expected:<2> but was:<3>
	at org.junit.Assert.fail(Assert.java:88)
	at org.junit.Assert.failNotEquals(Assert.java:743)
	at org.junit.Assert.assertEquals(Assert.java:118)
	at org.junit.Assert.assertEquals(Assert.java:555)
	at org.junit.Assert.assertEquals(Assert.java:542)
	at org.apache.hadoop.ozone.client.rpc.TestBlockOutputStreamWithFailures.testWatchForCommitDatanodeFailure(TestBlockOutputStreamWithFailures.java:366)
	at sun.reflect.NativeMethodAccessorImpl.invoke0(Native Method)
	at sun.reflect.NativeMethodAccessorImpl.invoke(NativeMethodAccessorImpl.java:62)
	at sun.reflect.DelegatingMethodAccessorImpl.invoke(DelegatingMethodAccessorImpl.java:43)
	at java.lang.reflect.Method.invoke(Method.java:498)
	at org.junit.runners.model.FrameworkMethod$1.runReflectiveCall(FrameworkMethod.java:47)
	at org.junit.internal.runners.model.ReflectiveCallable.run(ReflectiveCallable.java:12)
	at org.junit.runners.model.FrameworkMethod.invokeExplosively(FrameworkMethod.java:44)
	at org.junit.internal.runners.statements.InvokeMethod.evaluate(InvokeMethod.java:17)
	at org.junit.internal.runners.statements.RunBefores.evaluate(RunBefores.java:26)
	at org.junit.internal.runners.statements.RunAfters.evaluate(RunAfters.java:27)
	at org.junit.runners.ParentRunner.runLeaf(ParentRunner.java:271)
	at org.junit.runners.BlockJUnit4ClassRunner.runChild(BlockJUnit4ClassRunner.java:70)
	at org.junit.runners.BlockJUnit4ClassRunner.runChild(BlockJUnit4ClassRunner.java:50)
	at org.junit.runners.ParentRunner$3.run(ParentRunner.java:238)
	at org.junit.runners.ParentRunner$1.schedule(ParentRunner.java:63)
	at org.junit.runners.ParentRunner.runChildren(ParentRunner.java:236)
	at org.junit.runners.ParentRunner.access$000(ParentRunner.java:53)
	at org.junit.runners.ParentRunner$2.evaluate(ParentRunner.java:229)
	at org.junit.runners.ParentRunner.run(ParentRunner.java:309)
	at org.apache.maven.surefire.junit4.JUnit4Provider.execute(JUnit4Provider.java:365)
	at org.apache.maven.surefire.junit4.JUnit4Provider.executeWithRerun(JUnit4Provider.java:273)
	at org.apache.maven.surefire.junit4.JUnit4Provider.executeTestSet(JUnit4Provider.java:238)
	at org.apache.maven.surefire.junit4.JUnit4Provider.invoke(JUnit4Provider.java:159)
	at org.apache.maven.surefire.booter.ForkedBooter.invokeProviderInSameClassLoader(ForkedBooter.java:384)
	at org.apache.maven.surefire.booter.ForkedBooter.runSuitesInProcess(ForkedBooter.java:345)
	at org.apache.maven.surefire.booter.ForkedBooter.execute(ForkedBooter.java:126)
	at org.apache.maven.surefire.booter.ForkedBooter.main(ForkedBooter.java:418)
]]></failure>
    <system-out><![CDATA[2019-08-18 03:30:31,815 WARN  server.ServerUtils (ServerUtils.java:getScmDbDir(145)) - ozone.scm.db.dirs is not configured. We recommend adding this setting. Falling back to ozone.metadata.dirs instead.
2019-08-18 03:30:31,830 WARN  server.ServerUtils (ServerUtils.java:getScmDbDir(145)) - ozone.scm.db.dirs is not configured. We recommend adding this setting. Falling back to ozone.metadata.dirs instead.
2019-08-18 03:30:31,830 WARN  server.ServerUtils (ServerUtils.java:getScmDbDir(145)) - ozone.scm.db.dirs is not configured. We recommend adding this setting. Falling back to ozone.metadata.dirs instead.
2019-08-18 03:30:31,831 INFO  db.DBStoreBuilder (DBStoreBuilder.java:addTable(110)) - using custom profile for table: deletedBlocks
2019-08-18 03:30:31,831 INFO  db.DBStoreBuilder (DBStoreBuilder.java:processTables(161)) - Using default column profile:DBProfile.DISK for Table:deletedBlocks
2019-08-18 03:30:31,831 INFO  db.DBStoreBuilder (DBStoreBuilder.java:addTable(110)) - using custom profile for table: validCerts
2019-08-18 03:30:31,831 INFO  db.DBStoreBuilder (DBStoreBuilder.java:processTables(161)) - Using default column profile:DBProfile.DISK for Table:validCerts
2019-08-18 03:30:31,831 INFO  db.DBStoreBuilder (DBStoreBuilder.java:addTable(110)) - using custom profile for table: revokedCerts
2019-08-18 03:30:31,832 INFO  db.DBStoreBuilder (DBStoreBuilder.java:processTables(161)) - Using default column profile:DBProfile.DISK for Table:revokedCerts
2019-08-18 03:30:31,832 INFO  db.DBStoreBuilder (DBStoreBuilder.java:addTable(110)) - using custom profile for table: default
2019-08-18 03:30:31,832 INFO  db.DBStoreBuilder (DBStoreBuilder.java:processTables(167)) - Using default column profile:DBProfile.DISK for Table:default
2019-08-18 03:30:31,832 INFO  db.DBStoreBuilder (DBStoreBuilder.java:getDbProfile(198)) - Using default options. DBProfile.DISK
2019-08-18 03:30:31,989 INFO  net.NodeSchemaLoader (NodeSchemaLoader.java:loadSchemaFromFile(125)) - Loading file from sun.misc.CompoundEnumeration@3304362e
2019-08-18 03:30:31,990 INFO  net.NodeSchemaLoader (NodeSchemaLoader.java:loadSchema(171)) - Loading network topology layer schema file
2019-08-18 03:30:31,994 INFO  node.SCMNodeManager (SCMNodeManager.java:<init>(121)) - Entering startup safe mode.
2019-08-18 03:30:31,994 WARN  server.ServerUtils (ServerUtils.java:getScmDbDir(145)) - ozone.scm.db.dirs is not configured. We recommend adding this setting. Falling back to ozone.metadata.dirs instead.
2019-08-18 03:30:32,045 INFO  pipeline.SCMPipelineManager (SCMPipelineManager.java:initializePipelineState(126)) - No pipeline exists in current db
2019-08-18 03:30:32,045 WARN  server.ServerUtils (ServerUtils.java:getScmDbDir(145)) - ozone.scm.db.dirs is not configured. We recommend adding this setting. Falling back to ozone.metadata.dirs instead.
2019-08-18 03:30:32,099 WARN  events.EventQueue (EventQueue.java:fireEvent(175)) - No event handler registered for event TypedEvent{payloadType=SafeModeStatus, name='SafeModeStatus'}
2019-08-18 03:30:32,100 INFO  ipc.CallQueueManager (CallQueueManager.java:<init>(84)) - Using callQueue: class java.util.concurrent.LinkedBlockingQueue, queueCapacity: 2000, scheduler: class org.apache.hadoop.ipc.DefaultRpcScheduler, ipcBackoff: false.
2019-08-18 03:30:32,101 INFO  ipc.Server (Server.java:run(1074)) - Starting Socket Reader #1 for port 45260
2019-08-18 03:30:32,104 INFO  ipc.CallQueueManager (CallQueueManager.java:<init>(84)) - Using callQueue: class java.util.concurrent.LinkedBlockingQueue, queueCapacity: 2000, scheduler: class org.apache.hadoop.ipc.DefaultRpcScheduler, ipcBackoff: false.
2019-08-18 03:30:32,104 INFO  ipc.Server (Server.java:run(1074)) - Starting Socket Reader #1 for port 43922
2019-08-18 03:30:32,106 INFO  ipc.CallQueueManager (CallQueueManager.java:<init>(84)) - Using callQueue: class java.util.concurrent.LinkedBlockingQueue, queueCapacity: 2000, scheduler: class org.apache.hadoop.ipc.DefaultRpcScheduler, ipcBackoff: false.
2019-08-18 03:30:32,107 INFO  ipc.Server (Server.java:run(1074)) - Starting Socket Reader #1 for port 36407
2019-08-18 03:30:32,111 INFO  hdfs.DFSUtil (DFSUtil.java:httpServerTemplateForNNAndJN(1641)) - Starting Web-server for scm at: http://0.0.0.0:0
2019-08-18 03:30:32,113 INFO  server.AuthenticationFilter (AuthenticationFilter.java:constructSecretProvider(240)) - Unable to initialize FileSignerSecretProvider, falling back to use random secrets.
2019-08-18 03:30:32,114 WARN  http.HttpRequestLog (HttpRequestLog.java:getRequestLog(97)) - Jetty request log can only be enabled using Log4j
2019-08-18 03:30:32,116 INFO  http.HttpServer2 (HttpServer2.java:addGlobalFilter(975)) - Added global filter 'safety' (class=org.apache.hadoop.http.HttpServer2$QuotingInputFilter)
2019-08-18 03:30:32,116 INFO  http.HttpServer2 (HttpServer2.java:addFilter(948)) - Added filter static_user_filter (class=org.apache.hadoop.http.lib.StaticUserWebFilter$StaticUserFilter) to context scm
2019-08-18 03:30:32,116 INFO  http.HttpServer2 (HttpServer2.java:addFilter(958)) - Added filter static_user_filter (class=org.apache.hadoop.http.lib.StaticUserWebFilter$StaticUserFilter) to context logs
2019-08-18 03:30:32,117 INFO  http.HttpServer2 (HttpServer2.java:addFilter(958)) - Added filter static_user_filter (class=org.apache.hadoop.http.lib.StaticUserWebFilter$StaticUserFilter) to context static
2019-08-18 03:30:32,120 INFO  server.StorageContainerManager (StorageContainerManager.java:start(759)) - StorageContainerLocationProtocol RPC server is listening at /0.0.0.0:36407
2019-08-18 03:30:32,122 WARN  impl.MetricsConfig (MetricsConfig.java:loadFirst(134)) - Cannot locate configuration: tried hadoop-metrics2-storagecontainermanager.properties,hadoop-metrics2.properties
2019-08-18 03:30:32,123 INFO  impl.MetricsSystemImpl (MetricsSystemImpl.java:startTimer(374)) - Scheduled Metric snapshot period at 10 second(s).
2019-08-18 03:30:32,123 INFO  impl.MetricsSystemImpl (MetricsSystemImpl.java:start(191)) - StorageContainerManager metrics system started
2019-08-18 03:30:32,190 INFO  server.SCMClientProtocolServer (SCMClientProtocolServer.java:start(151)) - RPC server for Client  is listening at /0.0.0.0:36407
2019-08-18 03:30:32,191 INFO  ipc.Server (Server.java:run(1314)) - IPC Server Responder: starting
2019-08-18 03:30:32,191 INFO  ipc.Server (Server.java:run(1153)) - IPC Server listener on 36407: starting
2019-08-18 03:30:32,196 INFO  server.StorageContainerManager (StorageContainerManager.java:start(769)) - ScmBlockLocationProtocol RPC server is listening at /0.0.0.0:43922
2019-08-18 03:30:32,196 INFO  server.SCMBlockProtocolServer (SCMBlockProtocolServer.java:start(140)) - RPC server for Block Protocol is listening at /0.0.0.0:43922
2019-08-18 03:30:32,196 INFO  ipc.Server (Server.java:run(1314)) - IPC Server Responder: starting
2019-08-18 03:30:32,197 INFO  ipc.Server (Server.java:run(1153)) - IPC Server listener on 43922: starting
2019-08-18 03:30:32,200 INFO  server.StorageContainerManager (StorageContainerManager.java:start(773)) - ScmDatanodeProtocl RPC server is listening at /0.0.0.0:45260
2019-08-18 03:30:32,200 INFO  server.SCMDatanodeProtocolServer (SCMDatanodeProtocolServer.java:start(191)) - RPC server for DataNodes is listening at /0.0.0.0:45260
2019-08-18 03:30:32,201 INFO  ipc.Server (Server.java:run(1314)) - IPC Server Responder: starting
2019-08-18 03:30:32,201 INFO  ipc.Server (Server.java:run(1153)) - IPC Server listener on 45260: starting
2019-08-18 03:30:32,204 INFO  http.HttpServer2 (HttpServer2.java:bindListener(1191)) - Jetty bound to port 42326
2019-08-18 03:30:32,204 INFO  server.Server (Server.java:doStart(351)) - jetty-9.3.24.v20180605, build timestamp: 2018-06-05T17:11:56Z, git hash: 84205aa28f11a4f31f2a3b86d1bba2cc8ab69827
2019-08-18 03:30:32,206 INFO  handler.ContextHandler (ContextHandler.java:doStart(781)) - Started o.e.j.s.ServletContextHandler@6238b10a{/logs,file:///workdir/hadoop-ozone/integration-test/target/log,AVAILABLE}
2019-08-18 03:30:32,206 INFO  handler.ContextHandler (ContextHandler.java:doStart(781)) - Started o.e.j.s.ServletContextHandler@26c494d7{/static,file:///workdir/hadoop-ozone/integration-test/target/test-classes/webapps/static,AVAILABLE}
2019-08-18 03:30:32,211 INFO  handler.ContextHandler (ContextHandler.java:doStart(781)) - Started o.e.j.w.WebAppContext@63bb719d{/,file:///workdir/hadoop-ozone/integration-test/target/test-classes/webapps/scm/,AVAILABLE}{/scm}
2019-08-18 03:30:32,211 INFO  server.AbstractConnector (AbstractConnector.java:doStart(278)) - Started ServerConnector@38e100ab{HTTP/1.1,[http/1.1]}{0.0.0.0:42326}
2019-08-18 03:30:32,211 INFO  server.Server (Server.java:doStart(419)) - Started @591532ms
2019-08-18 03:30:32,214 INFO  server.BaseHttpServer (BaseHttpServer.java:updateConnectorAddress(207)) - HTTP server of SCM is listening at http://0.0.0.0:42326
2019-08-18 03:30:32,214 WARN  server.ServerUtils (ServerUtils.java:getDBPath(222)) - ozone.om.db.dirs is not configured. We recommend adding this setting. Falling back to ozone.metadata.dirs instead.
2019-08-18 03:30:32,215 INFO  util.JvmPauseMonitor (JvmPauseMonitor.java:run(188)) - Starting JVM pause monitor
2019-08-18 03:30:32,229 WARN  server.ServerUtils (ServerUtils.java:getDBPath(222)) - ozone.om.db.dirs is not configured. We recommend adding this setting. Falling back to ozone.metadata.dirs instead.
2019-08-18 03:30:32,230 WARN  server.ServerUtils (ServerUtils.java:getDBPath(222)) - ozone.om.db.dirs is not configured. We recommend adding this setting. Falling back to ozone.metadata.dirs instead.
2019-08-18 03:30:32,230 INFO  om.OzoneManager (OzoneManager.java:setOMNodeDetails(644)) - OM Service ID is not set. Setting it to the default ID: omServiceIdDefault
2019-08-18 03:30:32,230 INFO  om.OzoneManager (OzoneManager.java:setOMNodeDetails(650)) - OM Node ID is not set. Setting it to the OmStorage's OmID: 569ab912-5b1a-4f15-aade-bb9bf9154733
2019-08-18 03:30:32,230 INFO  om.OzoneManager (OzoneManager.java:loadOMHAConfigs(601)) - Found matching OM address with OMServiceId: null, OMNodeId: null, RPC Address: localhost:0 and Ratis port: 9872
2019-08-18 03:30:32,235 WARN  server.ServerUtils (ServerUtils.java:getDBPath(222)) - ozone.om.db.dirs is not configured. We recommend adding this setting. Falling back to ozone.metadata.dirs instead.
2019-08-18 03:30:32,235 INFO  db.DBStoreBuilder (DBStoreBuilder.java:addTable(110)) - using custom profile for table: userTable
2019-08-18 03:30:32,236 INFO  db.DBStoreBuilder (DBStoreBuilder.java:processTables(161)) - Using default column profile:DBProfile.DISK for Table:userTable
2019-08-18 03:30:32,236 INFO  db.DBStoreBuilder (DBStoreBuilder.java:addTable(110)) - using custom profile for table: volumeTable
2019-08-18 03:30:32,236 INFO  db.DBStoreBuilder (DBStoreBuilder.java:processTables(161)) - Using default column profile:DBProfile.DISK for Table:volumeTable
2019-08-18 03:30:32,236 INFO  db.DBStoreBuilder (DBStoreBuilder.java:addTable(110)) - using custom profile for table: bucketTable
2019-08-18 03:30:32,236 INFO  db.DBStoreBuilder (DBStoreBuilder.java:processTables(161)) - Using default column profile:DBProfile.DISK for Table:bucketTable
2019-08-18 03:30:32,236 INFO  db.DBStoreBuilder (DBStoreBuilder.java:addTable(110)) - using custom profile for table: keyTable
2019-08-18 03:30:32,237 INFO  db.DBStoreBuilder (DBStoreBuilder.java:processTables(161)) - Using default column profile:DBProfile.DISK for Table:keyTable
2019-08-18 03:30:32,237 INFO  db.DBStoreBuilder (DBStoreBuilder.java:addTable(110)) - using custom profile for table: deletedTable
2019-08-18 03:30:32,237 INFO  db.DBStoreBuilder (DBStoreBuilder.java:processTables(161)) - Using default column profile:DBProfile.DISK for Table:deletedTable
2019-08-18 03:30:32,237 INFO  db.DBStoreBuilder (DBStoreBuilder.java:addTable(110)) - using custom profile for table: openKeyTable
2019-08-18 03:30:32,237 INFO  db.DBStoreBuilder (DBStoreBuilder.java:processTables(161)) - Using default column profile:DBProfile.DISK for Table:openKeyTable
2019-08-18 03:30:32,237 INFO  db.DBStoreBuilder (DBStoreBuilder.java:addTable(110)) - using custom profile for table: s3Table
2019-08-18 03:30:32,238 INFO  db.DBStoreBuilder (DBStoreBuilder.java:processTables(161)) - Using default column profile:DBProfile.DISK for Table:s3Table
2019-08-18 03:30:32,238 INFO  db.DBStoreBuilder (DBStoreBuilder.java:addTable(110)) - using custom profile for table: multipartInfoTable
2019-08-18 03:30:32,238 INFO  db.DBStoreBuilder (DBStoreBuilder.java:processTables(161)) - Using default column profile:DBProfile.DISK for Table:multipartInfoTable
2019-08-18 03:30:32,238 INFO  db.DBStoreBuilder (DBStoreBuilder.java:addTable(110)) - using custom profile for table: dTokenTable
2019-08-18 03:30:32,238 INFO  db.DBStoreBuilder (DBStoreBuilder.java:processTables(161)) - Using default column profile:DBProfile.DISK for Table:dTokenTable
2019-08-18 03:30:32,238 INFO  db.DBStoreBuilder (DBStoreBuilder.java:addTable(110)) - using custom profile for table: s3SecretTable
2019-08-18 03:30:32,239 INFO  db.DBStoreBuilder (DBStoreBuilder.java:processTables(161)) - Using default column profile:DBProfile.DISK for Table:s3SecretTable
2019-08-18 03:30:32,239 INFO  db.DBStoreBuilder (DBStoreBuilder.java:addTable(110)) - using custom profile for table: prefixTable
2019-08-18 03:30:32,239 INFO  db.DBStoreBuilder (DBStoreBuilder.java:processTables(161)) - Using default column profile:DBProfile.DISK for Table:prefixTable
2019-08-18 03:30:32,239 INFO  db.DBStoreBuilder (DBStoreBuilder.java:addTable(110)) - using custom profile for table: default
2019-08-18 03:30:32,239 INFO  db.DBStoreBuilder (DBStoreBuilder.java:processTables(167)) - Using default column profile:DBProfile.DISK for Table:default
2019-08-18 03:30:32,239 INFO  db.DBStoreBuilder (DBStoreBuilder.java:getDbProfile(198)) - Using default options. DBProfile.DISK
2019-08-18 03:30:32,746 INFO  ipc.CallQueueManager (CallQueueManager.java:<init>(84)) - Using callQueue: class java.util.concurrent.LinkedBlockingQueue, queueCapacity: 2000, scheduler: class org.apache.hadoop.ipc.DefaultRpcScheduler, ipcBackoff: false.
2019-08-18 03:30:32,747 INFO  ipc.Server (Server.java:run(1074)) - Starting Socket Reader #1 for port 42393
2019-08-18 03:30:32,766 INFO  om.OzoneManager (OzoneManager.java:start(1255)) - OzoneManager RPC server is listening at localhost/127.0.0.1:42393
2019-08-18 03:30:32,766 INFO  impl.MetricsSystemImpl (MetricsSystemImpl.java:init(158)) - OzoneManager metrics system started (again)
2019-08-18 03:30:32,767 INFO  ipc.Server (Server.java:run(1314)) - IPC Server Responder: starting
2019-08-18 03:30:32,767 INFO  ipc.Server (Server.java:run(1153)) - IPC Server listener on 42393: starting
2019-08-18 03:30:32,774 INFO  hdfs.DFSUtil (DFSUtil.java:httpServerTemplateForNNAndJN(1641)) - Starting Web-server for ozoneManager at: http://0.0.0.0:0
2019-08-18 03:30:32,775 INFO  server.AuthenticationFilter (AuthenticationFilter.java:constructSecretProvider(240)) - Unable to initialize FileSignerSecretProvider, falling back to use random secrets.
2019-08-18 03:30:32,776 WARN  http.HttpRequestLog (HttpRequestLog.java:getRequestLog(97)) - Jetty request log can only be enabled using Log4j
2019-08-18 03:30:32,777 INFO  http.HttpServer2 (HttpServer2.java:addGlobalFilter(975)) - Added global filter 'safety' (class=org.apache.hadoop.http.HttpServer2$QuotingInputFilter)
2019-08-18 03:30:32,778 INFO  http.HttpServer2 (HttpServer2.java:addFilter(948)) - Added filter static_user_filter (class=org.apache.hadoop.http.lib.StaticUserWebFilter$StaticUserFilter) to context ozoneManager
2019-08-18 03:30:32,778 INFO  http.HttpServer2 (HttpServer2.java:addFilter(958)) - Added filter static_user_filter (class=org.apache.hadoop.http.lib.StaticUserWebFilter$StaticUserFilter) to context static
2019-08-18 03:30:32,778 INFO  http.HttpServer2 (HttpServer2.java:addFilter(958)) - Added filter static_user_filter (class=org.apache.hadoop.http.lib.StaticUserWebFilter$StaticUserFilter) to context logs
2019-08-18 03:30:32,779 INFO  http.HttpServer2 (HttpServer2.java:bindListener(1191)) - Jetty bound to port 33420
2019-08-18 03:30:32,779 INFO  server.Server (Server.java:doStart(351)) - jetty-9.3.24.v20180605, build timestamp: 2018-06-05T17:11:56Z, git hash: 84205aa28f11a4f31f2a3b86d1bba2cc8ab69827
2019-08-18 03:30:32,781 INFO  handler.ContextHandler (ContextHandler.java:doStart(781)) - Started o.e.j.s.ServletContextHandler@668ea404{/logs,file:///workdir/hadoop-ozone/integration-test/target/log,AVAILABLE}
2019-08-18 03:30:32,781 INFO  handler.ContextHandler (ContextHandler.java:doStart(781)) - Started o.e.j.s.ServletContextHandler@62109320{/static,file:///workdir/hadoop-ozone/integration-test/target/test-classes/webapps/static,AVAILABLE}
2019-08-18 03:30:32,786 INFO  handler.ContextHandler (ContextHandler.java:doStart(781)) - Started o.e.j.w.WebAppContext@318beab4{/,file:///workdir/hadoop-ozone/integration-test/target/test-classes/webapps/ozoneManager/,AVAILABLE}{/ozoneManager}
2019-08-18 03:30:32,787 INFO  server.AbstractConnector (AbstractConnector.java:doStart(278)) - Started ServerConnector@79a88f45{HTTP/1.1,[http/1.1]}{0.0.0.0:33420}
2019-08-18 03:30:32,787 INFO  server.Server (Server.java:doStart(419)) - Started @592107ms
2019-08-18 03:30:32,788 INFO  server.BaseHttpServer (BaseHttpServer.java:updateConnectorAddress(207)) - HTTP server of OZONEMANAGER is listening at http://0.0.0.0:33420
2019-08-18 03:30:32,803 INFO  impl.MetricsSystemImpl (MetricsSystemImpl.java:init(158)) - HddsDatanode metrics system started (again)
2019-08-18 03:30:32,805 INFO  ozone.HddsDatanodeService (HddsDatanodeService.java:start(184)) - HddsDatanodeService host:byscane-nightly-jvqb9-734128259 ip:192.168.69.121
2019-08-18 03:30:32,816 INFO  volume.HddsVolume (HddsVolume.java:<init>(176)) - Creating Volume: /workdir/hadoop-ozone/integration-test/target/test-dir/MiniOzoneClusterImpl-9099f0a0-2df3-4059-97d9-a1f48415580d/datanode-0/data/containers/hdds of  storage type : DISK and capacity : 1482555576320
2019-08-18 03:30:32,816 INFO  volume.VolumeSet (VolumeSet.java:initializeVolumeSet(170)) - Added Volume : /workdir/hadoop-ozone/integration-test/target/test-dir/MiniOzoneClusterImpl-9099f0a0-2df3-4059-97d9-a1f48415580d/datanode-0/data/containers/hdds to VolumeSet
2019-08-18 03:30:32,817 INFO  volume.ThrottledAsyncChecker (ThrottledAsyncChecker.java:schedule(140)) - Scheduling a check for org.apache.hadoop.ozone.container.common.volume.HddsVolume@18a349cb
2019-08-18 03:30:32,817 INFO  volume.HddsVolumeChecker (HddsVolumeChecker.java:checkAllVolumes(203)) - Scheduled health check for volume org.apache.hadoop.ozone.container.common.volume.HddsVolume@18a349cb
2019-08-18 03:30:32,832 INFO  impl.RaftServerProxy (ConfUtils.java:logGet(43)) - raft.rpc.type = GRPC (default)
2019-08-18 03:30:32,832 INFO  grpc.GrpcFactory (GrpcFactory.java:checkPooledByteBufAllocatorUseCacheForAllThreads(45)) - PERFORMANCE WARNING: useCacheForAllThreads is true that may cause Netty to create a lot garbage objects and, as a result, trigger GC.
	It is recommended to disable useCacheForAllThreads by setting -Dorg.apache.ratis.thirdparty.io.netty.allocator.useCacheForAllThreads=false in command line.
2019-08-18 03:30:32,833 INFO  grpc.GrpcConfigKeys$Server (ConfUtils.java:logGet(43)) - raft.grpc.server.port = 0 (default)
2019-08-18 03:30:32,833 INFO  server.GrpcService (ConfUtils.java:logGet(43)) - raft.grpc.message.size.max = 33570816 (custom)
2019-08-18 03:30:32,833 INFO  server.RaftServerConfigKeys (ConfUtils.java:logGet(43)) - raft.server.log.appender.buffer.byte-limit = 33554432 (custom)
2019-08-18 03:30:32,833 INFO  server.GrpcService (ConfUtils.java:logGet(43)) - raft.grpc.flow.control.window = 1MB (=1048576) (default)
2019-08-18 03:30:32,833 INFO  server.RaftServerConfigKeys (ConfUtils.java:logGet(43)) - raft.server.rpc.request.timeout = 3000ms (default)
2019-08-18 03:30:32,834 INFO  server.RaftServerConfigKeys (ConfUtils.java:logGet(43)) - raft.server.storage.dir = [/workdir/hadoop-ozone/integration-test/target/test-dir/MiniOzoneClusterImpl-9099f0a0-2df3-4059-97d9-a1f48415580d/datanode-0/data/ratis] (custom)
2019-08-18 03:30:32,834 INFO  replication.SimpleContainerDownloader (SimpleContainerDownloader.java:<init>(72)) - Starting container downloader service to copy containers to replicate.
2019-08-18 03:30:32,835 INFO  hdfs.DFSUtil (DFSUtil.java:httpServerTemplateForNNAndJN(1641)) - Starting Web-server for hddsDatanode at: http://0.0.0.0:0
2019-08-18 03:30:32,837 INFO  server.AuthenticationFilter (AuthenticationFilter.java:constructSecretProvider(240)) - Unable to initialize FileSignerSecretProvider, falling back to use random secrets.
2019-08-18 03:30:32,837 WARN  http.HttpRequestLog (HttpRequestLog.java:getRequestLog(97)) - Jetty request log can only be enabled using Log4j
2019-08-18 03:30:32,838 INFO  http.HttpServer2 (HttpServer2.java:addGlobalFilter(975)) - Added global filter 'safety' (class=org.apache.hadoop.http.HttpServer2$QuotingInputFilter)
2019-08-18 03:30:32,839 INFO  http.HttpServer2 (HttpServer2.java:addFilter(948)) - Added filter static_user_filter (class=org.apache.hadoop.http.lib.StaticUserWebFilter$StaticUserFilter) to context hddsDatanode
2019-08-18 03:30:32,839 INFO  http.HttpServer2 (HttpServer2.java:addFilter(958)) - Added filter static_user_filter (class=org.apache.hadoop.http.lib.StaticUserWebFilter$StaticUserFilter) to context static
2019-08-18 03:30:32,839 INFO  http.HttpServer2 (HttpServer2.java:addFilter(958)) - Added filter static_user_filter (class=org.apache.hadoop.http.lib.StaticUserWebFilter$StaticUserFilter) to context logs
2019-08-18 03:30:32,840 INFO  http.HttpServer2 (HttpServer2.java:bindListener(1191)) - Jetty bound to port 33098
2019-08-18 03:30:32,840 INFO  server.Server (Server.java:doStart(351)) - jetty-9.3.24.v20180605, build timestamp: 2018-06-05T17:11:56Z, git hash: 84205aa28f11a4f31f2a3b86d1bba2cc8ab69827
2019-08-18 03:30:32,841 INFO  handler.ContextHandler (ContextHandler.java:doStart(781)) - Started o.e.j.s.ServletContextHandler@6e200307{/logs,file:///workdir/hadoop-ozone/integration-test/target/log,AVAILABLE}
2019-08-18 03:30:32,842 INFO  handler.ContextHandler (ContextHandler.java:doStart(781)) - Started o.e.j.s.ServletContextHandler@6db59e26{/static,jar:file:/home/user/.m2/repository/org/apache/hadoop/hadoop-hdds-container-service/0.4.1-SNAPSHOT/hadoop-hdds-container-service-0.4.1-SNAPSHOT.jar!/webapps/static,AVAILABLE}
2019-08-18 03:30:32,871 INFO  handler.ContextHandler (ContextHandler.java:doStart(781)) - Started o.e.j.w.WebAppContext@7d7d7b1a{/,file:///tmp/jetty-0.0.0.0-33098-hddsDatanode-_-any-1901362011610025584.dir/webapp/,AVAILABLE}{/hddsDatanode}
2019-08-18 03:30:32,871 INFO  server.AbstractConnector (AbstractConnector.java:doStart(278)) - Started ServerConnector@67836d4{HTTP/1.1,[http/1.1]}{0.0.0.0:33098}
2019-08-18 03:30:32,871 INFO  server.Server (Server.java:doStart(419)) - Started @592192ms
2019-08-18 03:30:32,873 INFO  server.BaseHttpServer (BaseHttpServer.java:updateConnectorAddress(207)) - HTTP server of HDDSDATANODE is listening at http://0.0.0.0:33098
2019-08-18 03:30:32,970 INFO  ozone.HddsDatanodeService (HddsDatanodeService.java:startPlugins(395)) - Started plug-in org.apache.hadoop.ozone.web.OzoneHddsDatanodeService@e417628
2019-08-18 03:30:32,971 INFO  impl.MetricsSystemImpl (MetricsSystemImpl.java:init(158)) - HddsDatanode metrics system started (again)
2019-08-18 03:30:32,973 INFO  ozone.HddsDatanodeService (HddsDatanodeService.java:start(184)) - HddsDatanodeService host:byscane-nightly-jvqb9-734128259 ip:192.168.69.121
2019-08-18 03:30:32,973 INFO  util.JvmPauseMonitor (JvmPauseMonitor.java:run(188)) - Starting JVM pause monitor
2019-08-18 03:30:32,975 INFO  datanode.InitDatanodeState (InitDatanodeState.java:persistContainerDatanodeDetails(140)) - DatanodeDetails is persisted to /workdir/hadoop-ozone/integration-test/target/test-dir/MiniOzoneClusterImpl-9099f0a0-2df3-4059-97d9-a1f48415580d/datanode-0/meta/datanode.id
2019-08-18 03:30:32,983 INFO  volume.HddsVolume (HddsVolume.java:<init>(176)) - Creating Volume: /workdir/hadoop-ozone/integration-test/target/test-dir/MiniOzoneClusterImpl-9099f0a0-2df3-4059-97d9-a1f48415580d/datanode-1/data/containers/hdds of  storage type : DISK and capacity : 1482555576320
2019-08-18 03:30:32,983 INFO  volume.VolumeSet (VolumeSet.java:initializeVolumeSet(170)) - Added Volume : /workdir/hadoop-ozone/integration-test/target/test-dir/MiniOzoneClusterImpl-9099f0a0-2df3-4059-97d9-a1f48415580d/datanode-1/data/containers/hdds to VolumeSet
2019-08-18 03:30:32,983 INFO  volume.ThrottledAsyncChecker (ThrottledAsyncChecker.java:schedule(140)) - Scheduling a check for org.apache.hadoop.ozone.container.common.volume.HddsVolume@7ef570be
2019-08-18 03:30:32,984 INFO  volume.HddsVolumeChecker (HddsVolumeChecker.java:checkAllVolumes(203)) - Scheduled health check for volume org.apache.hadoop.ozone.container.common.volume.HddsVolume@7ef570be
2019-08-18 03:30:32,997 INFO  impl.RaftServerProxy (ConfUtils.java:logGet(43)) - raft.rpc.type = GRPC (default)
2019-08-18 03:30:32,997 INFO  grpc.GrpcFactory (GrpcFactory.java:checkPooledByteBufAllocatorUseCacheForAllThreads(45)) - PERFORMANCE WARNING: useCacheForAllThreads is true that may cause Netty to create a lot garbage objects and, as a result, trigger GC.
	It is recommended to disable useCacheForAllThreads by setting -Dorg.apache.ratis.thirdparty.io.netty.allocator.useCacheForAllThreads=false in command line.
2019-08-18 03:30:32,997 INFO  grpc.GrpcConfigKeys$Server (ConfUtils.java:logGet(43)) - raft.grpc.server.port = 0 (default)
2019-08-18 03:30:32,997 INFO  server.GrpcService (ConfUtils.java:logGet(43)) - raft.grpc.message.size.max = 33570816 (custom)
2019-08-18 03:30:32,998 INFO  server.RaftServerConfigKeys (ConfUtils.java:logGet(43)) - raft.server.log.appender.buffer.byte-limit = 33554432 (custom)
2019-08-18 03:30:32,998 INFO  server.GrpcService (ConfUtils.java:logGet(43)) - raft.grpc.flow.control.window = 1MB (=1048576) (default)
2019-08-18 03:30:32,998 INFO  server.RaftServerConfigKeys (ConfUtils.java:logGet(43)) - raft.server.rpc.request.timeout = 3000ms (default)
2019-08-18 03:30:32,998 INFO  server.RaftServerConfigKeys (ConfUtils.java:logGet(43)) - raft.server.storage.dir = [/workdir/hadoop-ozone/integration-test/target/test-dir/MiniOzoneClusterImpl-9099f0a0-2df3-4059-97d9-a1f48415580d/datanode-1/data/ratis] (custom)
2019-08-18 03:30:32,999 INFO  replication.SimpleContainerDownloader (SimpleContainerDownloader.java:<init>(72)) - Starting container downloader service to copy containers to replicate.
2019-08-18 03:30:33,000 INFO  hdfs.DFSUtil (DFSUtil.java:httpServerTemplateForNNAndJN(1641)) - Starting Web-server for hddsDatanode at: http://0.0.0.0:0
2019-08-18 03:30:33,001 INFO  server.AuthenticationFilter (AuthenticationFilter.java:constructSecretProvider(240)) - Unable to initialize FileSignerSecretProvider, falling back to use random secrets.
2019-08-18 03:30:33,001 WARN  http.HttpRequestLog (HttpRequestLog.java:getRequestLog(97)) - Jetty request log can only be enabled using Log4j
2019-08-18 03:30:33,002 INFO  http.HttpServer2 (HttpServer2.java:addGlobalFilter(975)) - Added global filter 'safety' (class=org.apache.hadoop.http.HttpServer2$QuotingInputFilter)
2019-08-18 03:30:33,002 INFO  http.HttpServer2 (HttpServer2.java:addFilter(948)) - Added filter static_user_filter (class=org.apache.hadoop.http.lib.StaticUserWebFilter$StaticUserFilter) to context hddsDatanode
2019-08-18 03:30:33,003 INFO  http.HttpServer2 (HttpServer2.java:addFilter(958)) - Added filter static_user_filter (class=org.apache.hadoop.http.lib.StaticUserWebFilter$StaticUserFilter) to context logs
2019-08-18 03:30:33,003 INFO  http.HttpServer2 (HttpServer2.java:addFilter(958)) - Added filter static_user_filter (class=org.apache.hadoop.http.lib.StaticUserWebFilter$StaticUserFilter) to context static
2019-08-18 03:30:33,003 INFO  http.HttpServer2 (HttpServer2.java:bindListener(1191)) - Jetty bound to port 43254
2019-08-18 03:30:33,003 INFO  server.Server (Server.java:doStart(351)) - jetty-9.3.24.v20180605, build timestamp: 2018-06-05T17:11:56Z, git hash: 84205aa28f11a4f31f2a3b86d1bba2cc8ab69827
2019-08-18 03:30:33,005 INFO  handler.ContextHandler (ContextHandler.java:doStart(781)) - Started o.e.j.s.ServletContextHandler@34714012{/logs,file:///workdir/hadoop-ozone/integration-test/target/log,AVAILABLE}
2019-08-18 03:30:33,005 INFO  handler.ContextHandler (ContextHandler.java:doStart(781)) - Started o.e.j.s.ServletContextHandler@11eb8842{/static,jar:file:/home/user/.m2/repository/org/apache/hadoop/hadoop-hdds-container-service/0.4.1-SNAPSHOT/hadoop-hdds-container-service-0.4.1-SNAPSHOT.jar!/webapps/static,AVAILABLE}
2019-08-18 03:30:33,031 INFO  handler.ContextHandler (ContextHandler.java:doStart(781)) - Started o.e.j.w.WebAppContext@6441da2c{/,file:///tmp/jetty-0.0.0.0-43254-hddsDatanode-_-any-177457266099168598.dir/webapp/,AVAILABLE}{/hddsDatanode}
2019-08-18 03:30:33,031 INFO  server.AbstractConnector (AbstractConnector.java:doStart(278)) - Started ServerConnector@61b11d35{HTTP/1.1,[http/1.1]}{0.0.0.0:43254}
2019-08-18 03:30:33,031 INFO  server.Server (Server.java:doStart(419)) - Started @592352ms
2019-08-18 03:30:33,033 INFO  server.BaseHttpServer (BaseHttpServer.java:updateConnectorAddress(207)) - HTTP server of HDDSDATANODE is listening at http://0.0.0.0:43254
2019-08-18 03:30:33,128 INFO  ozone.HddsDatanodeService (HddsDatanodeService.java:startPlugins(395)) - Started plug-in org.apache.hadoop.ozone.web.OzoneHddsDatanodeService@467625e3
2019-08-18 03:30:33,128 INFO  impl.MetricsSystemImpl (MetricsSystemImpl.java:init(158)) - HddsDatanode metrics system started (again)
2019-08-18 03:30:33,130 INFO  ozone.HddsDatanodeService (HddsDatanodeService.java:start(184)) - HddsDatanodeService host:byscane-nightly-jvqb9-734128259 ip:192.168.69.121
2019-08-18 03:30:33,131 INFO  util.JvmPauseMonitor (JvmPauseMonitor.java:run(188)) - Starting JVM pause monitor
2019-08-18 03:30:33,132 INFO  datanode.InitDatanodeState (InitDatanodeState.java:persistContainerDatanodeDetails(140)) - DatanodeDetails is persisted to /workdir/hadoop-ozone/integration-test/target/test-dir/MiniOzoneClusterImpl-9099f0a0-2df3-4059-97d9-a1f48415580d/datanode-1/meta/datanode.id
2019-08-18 03:30:33,140 INFO  volume.HddsVolume (HddsVolume.java:<init>(176)) - Creating Volume: /workdir/hadoop-ozone/integration-test/target/test-dir/MiniOzoneClusterImpl-9099f0a0-2df3-4059-97d9-a1f48415580d/datanode-2/data/containers/hdds of  storage type : DISK and capacity : 1482555576320
2019-08-18 03:30:33,141 INFO  volume.VolumeSet (VolumeSet.java:initializeVolumeSet(170)) - Added Volume : /workdir/hadoop-ozone/integration-test/target/test-dir/MiniOzoneClusterImpl-9099f0a0-2df3-4059-97d9-a1f48415580d/datanode-2/data/containers/hdds to VolumeSet
2019-08-18 03:30:33,141 INFO  volume.ThrottledAsyncChecker (ThrottledAsyncChecker.java:schedule(140)) - Scheduling a check for org.apache.hadoop.ozone.container.common.volume.HddsVolume@5e8f0c54
2019-08-18 03:30:33,141 INFO  volume.HddsVolumeChecker (HddsVolumeChecker.java:checkAllVolumes(203)) - Scheduled health check for volume org.apache.hadoop.ozone.container.common.volume.HddsVolume@5e8f0c54
2019-08-18 03:30:33,155 INFO  impl.RaftServerProxy (ConfUtils.java:logGet(43)) - raft.rpc.type = GRPC (default)
2019-08-18 03:30:33,155 INFO  grpc.GrpcFactory (GrpcFactory.java:checkPooledByteBufAllocatorUseCacheForAllThreads(45)) - PERFORMANCE WARNING: useCacheForAllThreads is true that may cause Netty to create a lot garbage objects and, as a result, trigger GC.
	It is recommended to disable useCacheForAllThreads by setting -Dorg.apache.ratis.thirdparty.io.netty.allocator.useCacheForAllThreads=false in command line.
2019-08-18 03:30:33,155 INFO  grpc.GrpcConfigKeys$Server (ConfUtils.java:logGet(43)) - raft.grpc.server.port = 0 (default)
2019-08-18 03:30:33,155 INFO  server.GrpcService (ConfUtils.java:logGet(43)) - raft.grpc.message.size.max = 33570816 (custom)
2019-08-18 03:30:33,156 INFO  server.RaftServerConfigKeys (ConfUtils.java:logGet(43)) - raft.server.log.appender.buffer.byte-limit = 33554432 (custom)
2019-08-18 03:30:33,156 INFO  server.GrpcService (ConfUtils.java:logGet(43)) - raft.grpc.flow.control.window = 1MB (=1048576) (default)
2019-08-18 03:30:33,156 INFO  server.RaftServerConfigKeys (ConfUtils.java:logGet(43)) - raft.server.rpc.request.timeout = 3000ms (default)
2019-08-18 03:30:33,156 INFO  server.RaftServerConfigKeys (ConfUtils.java:logGet(43)) - raft.server.storage.dir = [/workdir/hadoop-ozone/integration-test/target/test-dir/MiniOzoneClusterImpl-9099f0a0-2df3-4059-97d9-a1f48415580d/datanode-2/data/ratis] (custom)
2019-08-18 03:30:33,157 INFO  replication.SimpleContainerDownloader (SimpleContainerDownloader.java:<init>(72)) - Starting container downloader service to copy containers to replicate.
2019-08-18 03:30:33,158 INFO  hdfs.DFSUtil (DFSUtil.java:httpServerTemplateForNNAndJN(1641)) - Starting Web-server for hddsDatanode at: http://0.0.0.0:0
2019-08-18 03:30:33,159 INFO  server.AuthenticationFilter (AuthenticationFilter.java:constructSecretProvider(240)) - Unable to initialize FileSignerSecretProvider, falling back to use random secrets.
2019-08-18 03:30:33,159 WARN  http.HttpRequestLog (HttpRequestLog.java:getRequestLog(97)) - Jetty request log can only be enabled using Log4j
2019-08-18 03:30:33,160 INFO  http.HttpServer2 (HttpServer2.java:addGlobalFilter(975)) - Added global filter 'safety' (class=org.apache.hadoop.http.HttpServer2$QuotingInputFilter)
2019-08-18 03:30:33,161 INFO  http.HttpServer2 (HttpServer2.java:addFilter(948)) - Added filter static_user_filter (class=org.apache.hadoop.http.lib.StaticUserWebFilter$StaticUserFilter) to context hddsDatanode
2019-08-18 03:30:33,161 INFO  http.HttpServer2 (HttpServer2.java:addFilter(958)) - Added filter static_user_filter (class=org.apache.hadoop.http.lib.StaticUserWebFilter$StaticUserFilter) to context static
2019-08-18 03:30:33,161 INFO  http.HttpServer2 (HttpServer2.java:addFilter(958)) - Added filter static_user_filter (class=org.apache.hadoop.http.lib.StaticUserWebFilter$StaticUserFilter) to context logs
2019-08-18 03:30:33,161 INFO  http.HttpServer2 (HttpServer2.java:bindListener(1191)) - Jetty bound to port 36322
2019-08-18 03:30:33,162 INFO  server.Server (Server.java:doStart(351)) - jetty-9.3.24.v20180605, build timestamp: 2018-06-05T17:11:56Z, git hash: 84205aa28f11a4f31f2a3b86d1bba2cc8ab69827
2019-08-18 03:30:33,163 INFO  handler.ContextHandler (ContextHandler.java:doStart(781)) - Started o.e.j.s.ServletContextHandler@44f8d884{/logs,file:///workdir/hadoop-ozone/integration-test/target/log,AVAILABLE}
2019-08-18 03:30:33,163 INFO  handler.ContextHandler (ContextHandler.java:doStart(781)) - Started o.e.j.s.ServletContextHandler@5f9f1886{/static,jar:file:/home/user/.m2/repository/org/apache/hadoop/hadoop-hdds-container-service/0.4.1-SNAPSHOT/hadoop-hdds-container-service-0.4.1-SNAPSHOT.jar!/webapps/static,AVAILABLE}
2019-08-18 03:30:33,189 INFO  handler.ContextHandler (ContextHandler.java:doStart(781)) - Started o.e.j.w.WebAppContext@11ce61d1{/,file:///tmp/jetty-0.0.0.0-36322-hddsDatanode-_-any-3042696174566928069.dir/webapp/,AVAILABLE}{/hddsDatanode}
2019-08-18 03:30:33,189 INFO  server.AbstractConnector (AbstractConnector.java:doStart(278)) - Started ServerConnector@759862a2{HTTP/1.1,[http/1.1]}{0.0.0.0:36322}
2019-08-18 03:30:33,190 INFO  server.Server (Server.java:doStart(419)) - Started @592510ms
2019-08-18 03:30:33,192 INFO  server.BaseHttpServer (BaseHttpServer.java:updateConnectorAddress(207)) - HTTP server of HDDSDATANODE is listening at http://0.0.0.0:36322
2019-08-18 03:30:33,456 INFO  ozone.HddsDatanodeService (HddsDatanodeService.java:startPlugins(395)) - Started plug-in org.apache.hadoop.ozone.web.OzoneHddsDatanodeService@4eb43d2f
2019-08-18 03:30:33,456 INFO  impl.MetricsSystemImpl (MetricsSystemImpl.java:init(158)) - HddsDatanode metrics system started (again)
2019-08-18 03:30:33,459 INFO  ozone.HddsDatanodeService (HddsDatanodeService.java:start(184)) - HddsDatanodeService host:byscane-nightly-jvqb9-734128259 ip:192.168.69.121
2019-08-18 03:30:33,459 INFO  util.JvmPauseMonitor (JvmPauseMonitor.java:run(188)) - Starting JVM pause monitor
2019-08-18 03:30:33,461 INFO  datanode.InitDatanodeState (InitDatanodeState.java:persistContainerDatanodeDetails(140)) - DatanodeDetails is persisted to /workdir/hadoop-ozone/integration-test/target/test-dir/MiniOzoneClusterImpl-9099f0a0-2df3-4059-97d9-a1f48415580d/datanode-2/meta/datanode.id
2019-08-18 03:30:33,470 INFO  volume.HddsVolume (HddsVolume.java:<init>(176)) - Creating Volume: /workdir/hadoop-ozone/integration-test/target/test-dir/MiniOzoneClusterImpl-9099f0a0-2df3-4059-97d9-a1f48415580d/datanode-3/data/containers/hdds of  storage type : DISK and capacity : 1482555576320
2019-08-18 03:30:33,470 INFO  volume.VolumeSet (VolumeSet.java:initializeVolumeSet(170)) - Added Volume : /workdir/hadoop-ozone/integration-test/target/test-dir/MiniOzoneClusterImpl-9099f0a0-2df3-4059-97d9-a1f48415580d/datanode-3/data/containers/hdds to VolumeSet
2019-08-18 03:30:33,470 INFO  volume.ThrottledAsyncChecker (ThrottledAsyncChecker.java:schedule(140)) - Scheduling a check for org.apache.hadoop.ozone.container.common.volume.HddsVolume@6860c000
2019-08-18 03:30:33,471 INFO  volume.HddsVolumeChecker (HddsVolumeChecker.java:checkAllVolumes(203)) - Scheduled health check for volume org.apache.hadoop.ozone.container.common.volume.HddsVolume@6860c000
2019-08-18 03:30:33,489 INFO  impl.RaftServerProxy (ConfUtils.java:logGet(43)) - raft.rpc.type = GRPC (default)
2019-08-18 03:30:33,489 INFO  grpc.GrpcFactory (GrpcFactory.java:checkPooledByteBufAllocatorUseCacheForAllThreads(45)) - PERFORMANCE WARNING: useCacheForAllThreads is true that may cause Netty to create a lot garbage objects and, as a result, trigger GC.
	It is recommended to disable useCacheForAllThreads by setting -Dorg.apache.ratis.thirdparty.io.netty.allocator.useCacheForAllThreads=false in command line.
2019-08-18 03:30:33,490 INFO  grpc.GrpcConfigKeys$Server (ConfUtils.java:logGet(43)) - raft.grpc.server.port = 0 (default)
2019-08-18 03:30:33,490 INFO  server.GrpcService (ConfUtils.java:logGet(43)) - raft.grpc.message.size.max = 33570816 (custom)
2019-08-18 03:30:33,490 INFO  server.RaftServerConfigKeys (ConfUtils.java:logGet(43)) - raft.server.log.appender.buffer.byte-limit = 33554432 (custom)
2019-08-18 03:30:33,490 INFO  server.GrpcService (ConfUtils.java:logGet(43)) - raft.grpc.flow.control.window = 1MB (=1048576) (default)
2019-08-18 03:30:33,490 INFO  server.RaftServerConfigKeys (ConfUtils.java:logGet(43)) - raft.server.rpc.request.timeout = 3000ms (default)
2019-08-18 03:30:33,491 INFO  server.RaftServerConfigKeys (ConfUtils.java:logGet(43)) - raft.server.storage.dir = [/workdir/hadoop-ozone/integration-test/target/test-dir/MiniOzoneClusterImpl-9099f0a0-2df3-4059-97d9-a1f48415580d/datanode-3/data/ratis] (custom)
2019-08-18 03:30:33,491 INFO  replication.SimpleContainerDownloader (SimpleContainerDownloader.java:<init>(72)) - Starting container downloader service to copy containers to replicate.
2019-08-18 03:30:33,492 INFO  hdfs.DFSUtil (DFSUtil.java:httpServerTemplateForNNAndJN(1641)) - Starting Web-server for hddsDatanode at: http://0.0.0.0:0
2019-08-18 03:30:33,493 INFO  server.AuthenticationFilter (AuthenticationFilter.java:constructSecretProvider(240)) - Unable to initialize FileSignerSecretProvider, falling back to use random secrets.
2019-08-18 03:30:33,494 WARN  http.HttpRequestLog (HttpRequestLog.java:getRequestLog(97)) - Jetty request log can only be enabled using Log4j
2019-08-18 03:30:33,495 INFO  http.HttpServer2 (HttpServer2.java:addGlobalFilter(975)) - Added global filter 'safety' (class=org.apache.hadoop.http.HttpServer2$QuotingInputFilter)
2019-08-18 03:30:33,495 INFO  http.HttpServer2 (HttpServer2.java:addFilter(948)) - Added filter static_user_filter (class=org.apache.hadoop.http.lib.StaticUserWebFilter$StaticUserFilter) to context hddsDatanode
2019-08-18 03:30:33,496 INFO  http.HttpServer2 (HttpServer2.java:addFilter(958)) - Added filter static_user_filter (class=org.apache.hadoop.http.lib.StaticUserWebFilter$StaticUserFilter) to context logs
2019-08-18 03:30:33,496 INFO  http.HttpServer2 (HttpServer2.java:addFilter(958)) - Added filter static_user_filter (class=org.apache.hadoop.http.lib.StaticUserWebFilter$StaticUserFilter) to context static
2019-08-18 03:30:33,496 INFO  http.HttpServer2 (HttpServer2.java:bindListener(1191)) - Jetty bound to port 37137
2019-08-18 03:30:33,497 INFO  server.Server (Server.java:doStart(351)) - jetty-9.3.24.v20180605, build timestamp: 2018-06-05T17:11:56Z, git hash: 84205aa28f11a4f31f2a3b86d1bba2cc8ab69827
2019-08-18 03:30:33,498 INFO  handler.ContextHandler (ContextHandler.java:doStart(781)) - Started o.e.j.s.ServletContextHandler@4f876114{/logs,file:///workdir/hadoop-ozone/integration-test/target/log,AVAILABLE}
2019-08-18 03:30:33,498 INFO  handler.ContextHandler (ContextHandler.java:doStart(781)) - Started o.e.j.s.ServletContextHandler@608448e7{/static,jar:file:/home/user/.m2/repository/org/apache/hadoop/hadoop-hdds-container-service/0.4.1-SNAPSHOT/hadoop-hdds-container-service-0.4.1-SNAPSHOT.jar!/webapps/static,AVAILABLE}
2019-08-18 03:30:33,526 INFO  handler.ContextHandler (ContextHandler.java:doStart(781)) - Started o.e.j.w.WebAppContext@3b4cce5a{/,file:///tmp/jetty-0.0.0.0-37137-hddsDatanode-_-any-2109832355124489136.dir/webapp/,AVAILABLE}{/hddsDatanode}
2019-08-18 03:30:33,527 INFO  server.AbstractConnector (AbstractConnector.java:doStart(278)) - Started ServerConnector@58178b69{HTTP/1.1,[http/1.1]}{0.0.0.0:37137}
2019-08-18 03:30:33,527 INFO  server.Server (Server.java:doStart(419)) - Started @592847ms
2019-08-18 03:30:33,529 INFO  server.BaseHttpServer (BaseHttpServer.java:updateConnectorAddress(207)) - HTTP server of HDDSDATANODE is listening at http://0.0.0.0:37137
2019-08-18 03:30:33,624 INFO  ozone.HddsDatanodeService (HddsDatanodeService.java:startPlugins(395)) - Started plug-in org.apache.hadoop.ozone.web.OzoneHddsDatanodeService@1c0f32ad
2019-08-18 03:30:33,624 INFO  impl.MetricsSystemImpl (MetricsSystemImpl.java:init(158)) - HddsDatanode metrics system started (again)
2019-08-18 03:30:33,627 INFO  ozone.HddsDatanodeService (HddsDatanodeService.java:start(184)) - HddsDatanodeService host:byscane-nightly-jvqb9-734128259 ip:192.168.69.121
2019-08-18 03:30:33,627 INFO  util.JvmPauseMonitor (JvmPauseMonitor.java:run(188)) - Starting JVM pause monitor
2019-08-18 03:30:33,629 INFO  datanode.InitDatanodeState (InitDatanodeState.java:persistContainerDatanodeDetails(140)) - DatanodeDetails is persisted to /workdir/hadoop-ozone/integration-test/target/test-dir/MiniOzoneClusterImpl-9099f0a0-2df3-4059-97d9-a1f48415580d/datanode-3/meta/datanode.id
2019-08-18 03:30:33,638 INFO  volume.HddsVolume (HddsVolume.java:<init>(176)) - Creating Volume: /workdir/hadoop-ozone/integration-test/target/test-dir/MiniOzoneClusterImpl-9099f0a0-2df3-4059-97d9-a1f48415580d/datanode-4/data/containers/hdds of  storage type : DISK and capacity : 1482555576320
2019-08-18 03:30:33,639 INFO  volume.VolumeSet (VolumeSet.java:initializeVolumeSet(170)) - Added Volume : /workdir/hadoop-ozone/integration-test/target/test-dir/MiniOzoneClusterImpl-9099f0a0-2df3-4059-97d9-a1f48415580d/datanode-4/data/containers/hdds to VolumeSet
2019-08-18 03:30:33,639 INFO  volume.ThrottledAsyncChecker (ThrottledAsyncChecker.java:schedule(140)) - Scheduling a check for org.apache.hadoop.ozone.container.common.volume.HddsVolume@5aef36a9
2019-08-18 03:30:33,639 INFO  volume.HddsVolumeChecker (HddsVolumeChecker.java:checkAllVolumes(203)) - Scheduled health check for volume org.apache.hadoop.ozone.container.common.volume.HddsVolume@5aef36a9
2019-08-18 03:30:33,653 INFO  impl.RaftServerProxy (ConfUtils.java:logGet(43)) - raft.rpc.type = GRPC (default)
2019-08-18 03:30:33,654 INFO  grpc.GrpcFactory (GrpcFactory.java:checkPooledByteBufAllocatorUseCacheForAllThreads(45)) - PERFORMANCE WARNING: useCacheForAllThreads is true that may cause Netty to create a lot garbage objects and, as a result, trigger GC.
	It is recommended to disable useCacheForAllThreads by setting -Dorg.apache.ratis.thirdparty.io.netty.allocator.useCacheForAllThreads=false in command line.
2019-08-18 03:30:33,654 INFO  grpc.GrpcConfigKeys$Server (ConfUtils.java:logGet(43)) - raft.grpc.server.port = 0 (default)
2019-08-18 03:30:33,654 INFO  server.GrpcService (ConfUtils.java:logGet(43)) - raft.grpc.message.size.max = 33570816 (custom)
2019-08-18 03:30:33,654 INFO  server.RaftServerConfigKeys (ConfUtils.java:logGet(43)) - raft.server.log.appender.buffer.byte-limit = 33554432 (custom)
2019-08-18 03:30:33,654 INFO  server.GrpcService (ConfUtils.java:logGet(43)) - raft.grpc.flow.control.window = 1MB (=1048576) (default)
2019-08-18 03:30:33,654 INFO  server.RaftServerConfigKeys (ConfUtils.java:logGet(43)) - raft.server.rpc.request.timeout = 3000ms (default)
2019-08-18 03:30:33,655 INFO  server.RaftServerConfigKeys (ConfUtils.java:logGet(43)) - raft.server.storage.dir = [/workdir/hadoop-ozone/integration-test/target/test-dir/MiniOzoneClusterImpl-9099f0a0-2df3-4059-97d9-a1f48415580d/datanode-4/data/ratis] (custom)
2019-08-18 03:30:33,655 INFO  replication.SimpleContainerDownloader (SimpleContainerDownloader.java:<init>(72)) - Starting container downloader service to copy containers to replicate.
2019-08-18 03:30:33,656 INFO  hdfs.DFSUtil (DFSUtil.java:httpServerTemplateForNNAndJN(1641)) - Starting Web-server for hddsDatanode at: http://0.0.0.0:0
2019-08-18 03:30:33,657 INFO  server.AuthenticationFilter (AuthenticationFilter.java:constructSecretProvider(240)) - Unable to initialize FileSignerSecretProvider, falling back to use random secrets.
2019-08-18 03:30:33,658 WARN  http.HttpRequestLog (HttpRequestLog.java:getRequestLog(97)) - Jetty request log can only be enabled using Log4j
2019-08-18 03:30:33,659 INFO  http.HttpServer2 (HttpServer2.java:addGlobalFilter(975)) - Added global filter 'safety' (class=org.apache.hadoop.http.HttpServer2$QuotingInputFilter)
2019-08-18 03:30:33,659 INFO  http.HttpServer2 (HttpServer2.java:addFilter(948)) - Added filter static_user_filter (class=org.apache.hadoop.http.lib.StaticUserWebFilter$StaticUserFilter) to context hddsDatanode
2019-08-18 03:30:33,659 INFO  http.HttpServer2 (HttpServer2.java:addFilter(958)) - Added filter static_user_filter (class=org.apache.hadoop.http.lib.StaticUserWebFilter$StaticUserFilter) to context static
2019-08-18 03:30:33,659 INFO  http.HttpServer2 (HttpServer2.java:addFilter(958)) - Added filter static_user_filter (class=org.apache.hadoop.http.lib.StaticUserWebFilter$StaticUserFilter) to context logs
2019-08-18 03:30:33,660 INFO  http.HttpServer2 (HttpServer2.java:bindListener(1191)) - Jetty bound to port 37574
2019-08-18 03:30:33,660 INFO  server.Server (Server.java:doStart(351)) - jetty-9.3.24.v20180605, build timestamp: 2018-06-05T17:11:56Z, git hash: 84205aa28f11a4f31f2a3b86d1bba2cc8ab69827
2019-08-18 03:30:33,661 INFO  handler.ContextHandler (ContextHandler.java:doStart(781)) - Started o.e.j.s.ServletContextHandler@4dbeae45{/logs,file:///workdir/hadoop-ozone/integration-test/target/log,AVAILABLE}
2019-08-18 03:30:33,662 INFO  handler.ContextHandler (ContextHandler.java:doStart(781)) - Started o.e.j.s.ServletContextHandler@688e6d4e{/static,jar:file:/home/user/.m2/repository/org/apache/hadoop/hadoop-hdds-container-service/0.4.1-SNAPSHOT/hadoop-hdds-container-service-0.4.1-SNAPSHOT.jar!/webapps/static,AVAILABLE}
2019-08-18 03:30:33,688 INFO  handler.ContextHandler (ContextHandler.java:doStart(781)) - Started o.e.j.w.WebAppContext@1a983294{/,file:///tmp/jetty-0.0.0.0-37574-hddsDatanode-_-any-3071623428093466451.dir/webapp/,AVAILABLE}{/hddsDatanode}
2019-08-18 03:30:33,688 INFO  server.AbstractConnector (AbstractConnector.java:doStart(278)) - Started ServerConnector@209ab1d7{HTTP/1.1,[http/1.1]}{0.0.0.0:37574}
2019-08-18 03:30:33,690 INFO  server.Server (Server.java:doStart(419)) - Started @593010ms
2019-08-18 03:30:33,691 INFO  server.BaseHttpServer (BaseHttpServer.java:updateConnectorAddress(207)) - HTTP server of HDDSDATANODE is listening at http://0.0.0.0:37574
2019-08-18 03:30:33,788 INFO  ozone.HddsDatanodeService (HddsDatanodeService.java:startPlugins(395)) - Started plug-in org.apache.hadoop.ozone.web.OzoneHddsDatanodeService@33e6176b
2019-08-18 03:30:33,789 INFO  impl.MetricsSystemImpl (MetricsSystemImpl.java:init(158)) - HddsDatanode metrics system started (again)
2019-08-18 03:30:33,792 INFO  ozone.HddsDatanodeService (HddsDatanodeService.java:start(184)) - HddsDatanodeService host:byscane-nightly-jvqb9-734128259 ip:192.168.69.121
2019-08-18 03:30:33,792 INFO  util.JvmPauseMonitor (JvmPauseMonitor.java:run(188)) - Starting JVM pause monitor
2019-08-18 03:30:33,793 INFO  datanode.InitDatanodeState (InitDatanodeState.java:persistContainerDatanodeDetails(140)) - DatanodeDetails is persisted to /workdir/hadoop-ozone/integration-test/target/test-dir/MiniOzoneClusterImpl-9099f0a0-2df3-4059-97d9-a1f48415580d/datanode-4/meta/datanode.id
2019-08-18 03:30:33,802 INFO  volume.HddsVolume (HddsVolume.java:<init>(176)) - Creating Volume: /workdir/hadoop-ozone/integration-test/target/test-dir/MiniOzoneClusterImpl-9099f0a0-2df3-4059-97d9-a1f48415580d/datanode-5/data/containers/hdds of  storage type : DISK and capacity : 1482555576320
2019-08-18 03:30:33,802 INFO  volume.VolumeSet (VolumeSet.java:initializeVolumeSet(170)) - Added Volume : /workdir/hadoop-ozone/integration-test/target/test-dir/MiniOzoneClusterImpl-9099f0a0-2df3-4059-97d9-a1f48415580d/datanode-5/data/containers/hdds to VolumeSet
2019-08-18 03:30:33,802 INFO  volume.ThrottledAsyncChecker (ThrottledAsyncChecker.java:schedule(140)) - Scheduling a check for org.apache.hadoop.ozone.container.common.volume.HddsVolume@30ae6721
2019-08-18 03:30:33,803 INFO  volume.HddsVolumeChecker (HddsVolumeChecker.java:checkAllVolumes(203)) - Scheduled health check for volume org.apache.hadoop.ozone.container.common.volume.HddsVolume@30ae6721
2019-08-18 03:30:33,817 INFO  impl.RaftServerProxy (ConfUtils.java:logGet(43)) - raft.rpc.type = GRPC (default)
2019-08-18 03:30:33,817 INFO  grpc.GrpcFactory (GrpcFactory.java:checkPooledByteBufAllocatorUseCacheForAllThreads(45)) - PERFORMANCE WARNING: useCacheForAllThreads is true that may cause Netty to create a lot garbage objects and, as a result, trigger GC.
	It is recommended to disable useCacheForAllThreads by setting -Dorg.apache.ratis.thirdparty.io.netty.allocator.useCacheForAllThreads=false in command line.
2019-08-18 03:30:33,817 INFO  grpc.GrpcConfigKeys$Server (ConfUtils.java:logGet(43)) - raft.grpc.server.port = 0 (default)
2019-08-18 03:30:33,818 INFO  server.GrpcService (ConfUtils.java:logGet(43)) - raft.grpc.message.size.max = 33570816 (custom)
2019-08-18 03:30:33,818 INFO  server.RaftServerConfigKeys (ConfUtils.java:logGet(43)) - raft.server.log.appender.buffer.byte-limit = 33554432 (custom)
2019-08-18 03:30:33,818 INFO  server.GrpcService (ConfUtils.java:logGet(43)) - raft.grpc.flow.control.window = 1MB (=1048576) (default)
2019-08-18 03:30:33,818 INFO  server.RaftServerConfigKeys (ConfUtils.java:logGet(43)) - raft.server.rpc.request.timeout = 3000ms (default)
2019-08-18 03:30:33,819 INFO  server.RaftServerConfigKeys (ConfUtils.java:logGet(43)) - raft.server.storage.dir = [/workdir/hadoop-ozone/integration-test/target/test-dir/MiniOzoneClusterImpl-9099f0a0-2df3-4059-97d9-a1f48415580d/datanode-5/data/ratis] (custom)
2019-08-18 03:30:33,819 INFO  replication.SimpleContainerDownloader (SimpleContainerDownloader.java:<init>(72)) - Starting container downloader service to copy containers to replicate.
2019-08-18 03:30:33,820 INFO  hdfs.DFSUtil (DFSUtil.java:httpServerTemplateForNNAndJN(1641)) - Starting Web-server for hddsDatanode at: http://0.0.0.0:0
2019-08-18 03:30:33,821 INFO  server.AuthenticationFilter (AuthenticationFilter.java:constructSecretProvider(240)) - Unable to initialize FileSignerSecretProvider, falling back to use random secrets.
2019-08-18 03:30:33,821 WARN  http.HttpRequestLog (HttpRequestLog.java:getRequestLog(97)) - Jetty request log can only be enabled using Log4j
2019-08-18 03:30:33,822 INFO  http.HttpServer2 (HttpServer2.java:addGlobalFilter(975)) - Added global filter 'safety' (class=org.apache.hadoop.http.HttpServer2$QuotingInputFilter)
2019-08-18 03:30:33,823 INFO  http.HttpServer2 (HttpServer2.java:addFilter(948)) - Added filter static_user_filter (class=org.apache.hadoop.http.lib.StaticUserWebFilter$StaticUserFilter) to context hddsDatanode
2019-08-18 03:30:33,823 INFO  http.HttpServer2 (HttpServer2.java:addFilter(958)) - Added filter static_user_filter (class=org.apache.hadoop.http.lib.StaticUserWebFilter$StaticUserFilter) to context static
2019-08-18 03:30:33,823 INFO  http.HttpServer2 (HttpServer2.java:addFilter(958)) - Added filter static_user_filter (class=org.apache.hadoop.http.lib.StaticUserWebFilter$StaticUserFilter) to context logs
2019-08-18 03:30:33,824 INFO  http.HttpServer2 (HttpServer2.java:bindListener(1191)) - Jetty bound to port 34102
2019-08-18 03:30:33,824 INFO  server.Server (Server.java:doStart(351)) - jetty-9.3.24.v20180605, build timestamp: 2018-06-05T17:11:56Z, git hash: 84205aa28f11a4f31f2a3b86d1bba2cc8ab69827
2019-08-18 03:30:33,825 INFO  handler.ContextHandler (ContextHandler.java:doStart(781)) - Started o.e.j.s.ServletContextHandler@ca90087{/logs,file:///workdir/hadoop-ozone/integration-test/target/log,AVAILABLE}
2019-08-18 03:30:33,825 INFO  handler.ContextHandler (ContextHandler.java:doStart(781)) - Started o.e.j.s.ServletContextHandler@6dde03ce{/static,jar:file:/home/user/.m2/repository/org/apache/hadoop/hadoop-hdds-container-service/0.4.1-SNAPSHOT/hadoop-hdds-container-service-0.4.1-SNAPSHOT.jar!/webapps/static,AVAILABLE}
2019-08-18 03:30:33,851 INFO  handler.ContextHandler (ContextHandler.java:doStart(781)) - Started o.e.j.w.WebAppContext@73fa97a9{/,file:///tmp/jetty-0.0.0.0-34102-hddsDatanode-_-any-3571310682537179933.dir/webapp/,AVAILABLE}{/hddsDatanode}
2019-08-18 03:30:33,852 INFO  server.AbstractConnector (AbstractConnector.java:doStart(278)) - Started ServerConnector@93fb20b{HTTP/1.1,[http/1.1]}{0.0.0.0:34102}
2019-08-18 03:30:33,852 INFO  server.Server (Server.java:doStart(419)) - Started @593172ms
2019-08-18 03:30:33,854 INFO  server.BaseHttpServer (BaseHttpServer.java:updateConnectorAddress(207)) - HTTP server of HDDSDATANODE is listening at http://0.0.0.0:34102
2019-08-18 03:30:33,949 INFO  ozone.HddsDatanodeService (HddsDatanodeService.java:startPlugins(395)) - Started plug-in org.apache.hadoop.ozone.web.OzoneHddsDatanodeService@4a467f08
2019-08-18 03:30:33,949 INFO  impl.MetricsSystemImpl (MetricsSystemImpl.java:init(158)) - HddsDatanode metrics system started (again)
2019-08-18 03:30:33,953 INFO  ozone.HddsDatanodeService (HddsDatanodeService.java:start(184)) - HddsDatanodeService host:byscane-nightly-jvqb9-734128259 ip:192.168.69.121
2019-08-18 03:30:33,953 INFO  util.JvmPauseMonitor (JvmPauseMonitor.java:run(188)) - Starting JVM pause monitor
2019-08-18 03:30:33,954 INFO  datanode.InitDatanodeState (InitDatanodeState.java:persistContainerDatanodeDetails(140)) - DatanodeDetails is persisted to /workdir/hadoop-ozone/integration-test/target/test-dir/MiniOzoneClusterImpl-9099f0a0-2df3-4059-97d9-a1f48415580d/datanode-5/meta/datanode.id
2019-08-18 03:30:33,964 INFO  volume.HddsVolume (HddsVolume.java:<init>(176)) - Creating Volume: /workdir/hadoop-ozone/integration-test/target/test-dir/MiniOzoneClusterImpl-9099f0a0-2df3-4059-97d9-a1f48415580d/datanode-6/data/containers/hdds of  storage type : DISK and capacity : 1482555576320
2019-08-18 03:30:33,964 INFO  volume.VolumeSet (VolumeSet.java:initializeVolumeSet(170)) - Added Volume : /workdir/hadoop-ozone/integration-test/target/test-dir/MiniOzoneClusterImpl-9099f0a0-2df3-4059-97d9-a1f48415580d/datanode-6/data/containers/hdds to VolumeSet
2019-08-18 03:30:33,965 INFO  volume.ThrottledAsyncChecker (ThrottledAsyncChecker.java:schedule(140)) - Scheduling a check for org.apache.hadoop.ozone.container.common.volume.HddsVolume@670481b2
2019-08-18 03:30:33,965 INFO  volume.HddsVolumeChecker (HddsVolumeChecker.java:checkAllVolumes(203)) - Scheduled health check for volume org.apache.hadoop.ozone.container.common.volume.HddsVolume@670481b2
2019-08-18 03:30:33,979 INFO  impl.RaftServerProxy (ConfUtils.java:logGet(43)) - raft.rpc.type = GRPC (default)
2019-08-18 03:30:33,979 INFO  grpc.GrpcFactory (GrpcFactory.java:checkPooledByteBufAllocatorUseCacheForAllThreads(45)) - PERFORMANCE WARNING: useCacheForAllThreads is true that may cause Netty to create a lot garbage objects and, as a result, trigger GC.
	It is recommended to disable useCacheForAllThreads by setting -Dorg.apache.ratis.thirdparty.io.netty.allocator.useCacheForAllThreads=false in command line.
2019-08-18 03:30:33,980 INFO  grpc.GrpcConfigKeys$Server (ConfUtils.java:logGet(43)) - raft.grpc.server.port = 0 (default)
2019-08-18 03:30:33,980 INFO  server.GrpcService (ConfUtils.java:logGet(43)) - raft.grpc.message.size.max = 33570816 (custom)
2019-08-18 03:30:33,980 INFO  server.RaftServerConfigKeys (ConfUtils.java:logGet(43)) - raft.server.log.appender.buffer.byte-limit = 33554432 (custom)
2019-08-18 03:30:33,980 INFO  server.GrpcService (ConfUtils.java:logGet(43)) - raft.grpc.flow.control.window = 1MB (=1048576) (default)
2019-08-18 03:30:33,980 INFO  server.RaftServerConfigKeys (ConfUtils.java:logGet(43)) - raft.server.rpc.request.timeout = 3000ms (default)
2019-08-18 03:30:33,981 INFO  server.RaftServerConfigKeys (ConfUtils.java:logGet(43)) - raft.server.storage.dir = [/workdir/hadoop-ozone/integration-test/target/test-dir/MiniOzoneClusterImpl-9099f0a0-2df3-4059-97d9-a1f48415580d/datanode-6/data/ratis] (custom)
2019-08-18 03:30:33,981 INFO  replication.SimpleContainerDownloader (SimpleContainerDownloader.java:<init>(72)) - Starting container downloader service to copy containers to replicate.
2019-08-18 03:30:33,982 INFO  hdfs.DFSUtil (DFSUtil.java:httpServerTemplateForNNAndJN(1641)) - Starting Web-server for hddsDatanode at: http://0.0.0.0:0
2019-08-18 03:30:33,983 INFO  server.AuthenticationFilter (AuthenticationFilter.java:constructSecretProvider(240)) - Unable to initialize FileSignerSecretProvider, falling back to use random secrets.
2019-08-18 03:30:33,983 WARN  http.HttpRequestLog (HttpRequestLog.java:getRequestLog(97)) - Jetty request log can only be enabled using Log4j
2019-08-18 03:30:33,985 INFO  http.HttpServer2 (HttpServer2.java:addGlobalFilter(975)) - Added global filter 'safety' (class=org.apache.hadoop.http.HttpServer2$QuotingInputFilter)
2019-08-18 03:30:33,985 INFO  http.HttpServer2 (HttpServer2.java:addFilter(948)) - Added filter static_user_filter (class=org.apache.hadoop.http.lib.StaticUserWebFilter$StaticUserFilter) to context hddsDatanode
2019-08-18 03:30:33,985 INFO  http.HttpServer2 (HttpServer2.java:addFilter(958)) - Added filter static_user_filter (class=org.apache.hadoop.http.lib.StaticUserWebFilter$StaticUserFilter) to context logs
2019-08-18 03:30:33,985 INFO  http.HttpServer2 (HttpServer2.java:addFilter(958)) - Added filter static_user_filter (class=org.apache.hadoop.http.lib.StaticUserWebFilter$StaticUserFilter) to context static
2019-08-18 03:30:33,986 INFO  http.HttpServer2 (HttpServer2.java:bindListener(1191)) - Jetty bound to port 34239
2019-08-18 03:30:33,986 INFO  server.Server (Server.java:doStart(351)) - jetty-9.3.24.v20180605, build timestamp: 2018-06-05T17:11:56Z, git hash: 84205aa28f11a4f31f2a3b86d1bba2cc8ab69827
2019-08-18 03:30:33,987 INFO  handler.ContextHandler (ContextHandler.java:doStart(781)) - Started o.e.j.s.ServletContextHandler@6980e66a{/logs,file:///workdir/hadoop-ozone/integration-test/target/log,AVAILABLE}
2019-08-18 03:30:33,988 INFO  handler.ContextHandler (ContextHandler.java:doStart(781)) - Started o.e.j.s.ServletContextHandler@7ec63b9a{/static,jar:file:/home/user/.m2/repository/org/apache/hadoop/hadoop-hdds-container-service/0.4.1-SNAPSHOT/hadoop-hdds-container-service-0.4.1-SNAPSHOT.jar!/webapps/static,AVAILABLE}
2019-08-18 03:30:34,014 INFO  handler.ContextHandler (ContextHandler.java:doStart(781)) - Started o.e.j.w.WebAppContext@6dabad5c{/,file:///tmp/jetty-0.0.0.0-34239-hddsDatanode-_-any-7599110169120010104.dir/webapp/,AVAILABLE}{/hddsDatanode}
2019-08-18 03:30:34,014 INFO  server.AbstractConnector (AbstractConnector.java:doStart(278)) - Started ServerConnector@1bfa398e{HTTP/1.1,[http/1.1]}{0.0.0.0:34239}
2019-08-18 03:30:34,014 INFO  server.Server (Server.java:doStart(419)) - Started @593335ms
2019-08-18 03:30:34,016 INFO  server.BaseHttpServer (BaseHttpServer.java:updateConnectorAddress(207)) - HTTP server of HDDSDATANODE is listening at http://0.0.0.0:34239
2019-08-18 03:30:34,110 INFO  ozone.HddsDatanodeService (HddsDatanodeService.java:startPlugins(395)) - Started plug-in org.apache.hadoop.ozone.web.OzoneHddsDatanodeService@36e6e59f
2019-08-18 03:30:34,111 INFO  ozone.MiniOzoneClusterImpl (MiniOzoneClusterImpl.java:lambda$waitForClusterToBeReady$0(142)) - Waiting for cluster to be ready. Got 0 of 7 DN Heartbeats.
2019-08-18 03:30:34,112 INFO  util.JvmPauseMonitor (JvmPauseMonitor.java:run(188)) - Starting JVM pause monitor
2019-08-18 03:30:34,113 INFO  datanode.InitDatanodeState (InitDatanodeState.java:persistContainerDatanodeDetails(140)) - DatanodeDetails is persisted to /workdir/hadoop-ozone/integration-test/target/test-dir/MiniOzoneClusterImpl-9099f0a0-2df3-4059-97d9-a1f48415580d/datanode-6/meta/datanode.id
2019-08-18 03:30:35,005 INFO  ozoneimpl.OzoneContainer (OzoneContainer.java:start(186)) - Attempting to start container services.
2019-08-18 03:30:35,006 INFO  ozoneimpl.OzoneContainer (OzoneContainer.java:startContainerScrub(160)) - Background container scrubber has been disabled by hdds.containerscrub.enabled
2019-08-18 03:30:35,006 INFO  ratis.XceiverServerRatis (XceiverServerRatis.java:start(404)) - Starting XceiverServerRatis 21fb6f03-9348-41f1-8a24-77c54b6d0f63 at port 0
2019-08-18 03:30:35,014 INFO  impl.RaftServerProxy (RaftServerProxy.java:lambda$start$3(299)) - 21fb6f03-9348-41f1-8a24-77c54b6d0f63: start RPC server
2019-08-18 03:30:35,017 INFO  server.GrpcService (GrpcService.java:startImpl(149)) - 21fb6f03-9348-41f1-8a24-77c54b6d0f63: GrpcService started, listening on 0.0.0.0/0.0.0.0:43957
2019-08-18 03:30:35,017 INFO  ratis.XceiverServerRatis (XceiverServerRatis.java:start(414)) - XceiverServerRatis 21fb6f03-9348-41f1-8a24-77c54b6d0f63 is started using port 43957
2019-08-18 03:30:35,018 INFO  server.XceiverServerGrpc (XceiverServerGrpc.java:start(161)) - XceiverServerGrpc 21fb6f03-9348-41f1-8a24-77c54b6d0f63 is started using port 33191
2019-08-18 03:30:35,111 INFO  ozone.MiniOzoneClusterImpl (MiniOzoneClusterImpl.java:lambda$waitForClusterToBeReady$0(142)) - Waiting for cluster to be ready. Got 0 of 7 DN Heartbeats.
2019-08-18 03:30:35,146 INFO  ozoneimpl.OzoneContainer (OzoneContainer.java:start(186)) - Attempting to start container services.
2019-08-18 03:30:35,147 INFO  ozoneimpl.OzoneContainer (OzoneContainer.java:startContainerScrub(160)) - Background container scrubber has been disabled by hdds.containerscrub.enabled
2019-08-18 03:30:35,147 INFO  ratis.XceiverServerRatis (XceiverServerRatis.java:start(404)) - Starting XceiverServerRatis 9278e409-f4e1-4cb1-9539-38fd79302033 at port 0
2019-08-18 03:30:35,154 INFO  impl.RaftServerProxy (RaftServerProxy.java:lambda$start$3(299)) - 9278e409-f4e1-4cb1-9539-38fd79302033: start RPC server
2019-08-18 03:30:35,156 INFO  server.GrpcService (GrpcService.java:startImpl(149)) - 9278e409-f4e1-4cb1-9539-38fd79302033: GrpcService started, listening on 0.0.0.0/0.0.0.0:37289
2019-08-18 03:30:35,156 INFO  ratis.XceiverServerRatis (XceiverServerRatis.java:start(414)) - XceiverServerRatis 9278e409-f4e1-4cb1-9539-38fd79302033 is started using port 37289
2019-08-18 03:30:35,158 INFO  server.XceiverServerGrpc (XceiverServerGrpc.java:start(161)) - XceiverServerGrpc 9278e409-f4e1-4cb1-9539-38fd79302033 is started using port 45204
2019-08-18 03:30:35,474 INFO  ozoneimpl.OzoneContainer (OzoneContainer.java:start(186)) - Attempting to start container services.
2019-08-18 03:30:35,474 INFO  ozoneimpl.OzoneContainer (OzoneContainer.java:startContainerScrub(160)) - Background container scrubber has been disabled by hdds.containerscrub.enabled
2019-08-18 03:30:35,474 INFO  ratis.XceiverServerRatis (XceiverServerRatis.java:start(404)) - Starting XceiverServerRatis 15ed8384-c868-4ea0-ba4a-9269eb510e43 at port 0
2019-08-18 03:30:35,482 INFO  impl.RaftServerProxy (RaftServerProxy.java:lambda$start$3(299)) - 15ed8384-c868-4ea0-ba4a-9269eb510e43: start RPC server
2019-08-18 03:30:35,483 INFO  server.GrpcService (GrpcService.java:startImpl(149)) - 15ed8384-c868-4ea0-ba4a-9269eb510e43: GrpcService started, listening on 0.0.0.0/0.0.0.0:35462
2019-08-18 03:30:35,483 INFO  ratis.XceiverServerRatis (XceiverServerRatis.java:start(414)) - XceiverServerRatis 15ed8384-c868-4ea0-ba4a-9269eb510e43 is started using port 35462
2019-08-18 03:30:35,487 INFO  server.XceiverServerGrpc (XceiverServerGrpc.java:start(161)) - XceiverServerGrpc 15ed8384-c868-4ea0-ba4a-9269eb510e43 is started using port 42816
2019-08-18 03:30:35,641 INFO  ozoneimpl.OzoneContainer (OzoneContainer.java:start(186)) - Attempting to start container services.
2019-08-18 03:30:35,642 INFO  ozoneimpl.OzoneContainer (OzoneContainer.java:startContainerScrub(160)) - Background container scrubber has been disabled by hdds.containerscrub.enabled
2019-08-18 03:30:35,642 INFO  ratis.XceiverServerRatis (XceiverServerRatis.java:start(404)) - Starting XceiverServerRatis 14a95ce3-2ce8-42f0-83d3-2c800e36461d at port 0
2019-08-18 03:30:35,649 INFO  impl.RaftServerProxy (RaftServerProxy.java:lambda$start$3(299)) - 14a95ce3-2ce8-42f0-83d3-2c800e36461d: start RPC server
2019-08-18 03:30:35,650 INFO  server.GrpcService (GrpcService.java:startImpl(149)) - 14a95ce3-2ce8-42f0-83d3-2c800e36461d: GrpcService started, listening on 0.0.0.0/0.0.0.0:39595
2019-08-18 03:30:35,650 INFO  ratis.XceiverServerRatis (XceiverServerRatis.java:start(414)) - XceiverServerRatis 14a95ce3-2ce8-42f0-83d3-2c800e36461d is started using port 39595
2019-08-18 03:30:35,651 INFO  server.XceiverServerGrpc (XceiverServerGrpc.java:start(161)) - XceiverServerGrpc 14a95ce3-2ce8-42f0-83d3-2c800e36461d is started using port 36098
2019-08-18 03:30:35,807 INFO  ozoneimpl.OzoneContainer (OzoneContainer.java:start(186)) - Attempting to start container services.
2019-08-18 03:30:35,808 INFO  ozoneimpl.OzoneContainer (OzoneContainer.java:startContainerScrub(160)) - Background container scrubber has been disabled by hdds.containerscrub.enabled
2019-08-18 03:30:35,808 INFO  ratis.XceiverServerRatis (XceiverServerRatis.java:start(404)) - Starting XceiverServerRatis 18ecf6ef-f37f-416b-84f4-1f5a860991da at port 0
2019-08-18 03:30:35,815 INFO  impl.RaftServerProxy (RaftServerProxy.java:lambda$start$3(299)) - 18ecf6ef-f37f-416b-84f4-1f5a860991da: start RPC server
2019-08-18 03:30:35,818 INFO  server.GrpcService (GrpcService.java:startImpl(149)) - 18ecf6ef-f37f-416b-84f4-1f5a860991da: GrpcService started, listening on 0.0.0.0/0.0.0.0:42653
2019-08-18 03:30:35,818 INFO  ratis.XceiverServerRatis (XceiverServerRatis.java:start(414)) - XceiverServerRatis 18ecf6ef-f37f-416b-84f4-1f5a860991da is started using port 42653
2019-08-18 03:30:35,819 INFO  server.XceiverServerGrpc (XceiverServerGrpc.java:start(161)) - XceiverServerGrpc 18ecf6ef-f37f-416b-84f4-1f5a860991da is started using port 34515
2019-08-18 03:30:35,967 INFO  ozoneimpl.OzoneContainer (OzoneContainer.java:start(186)) - Attempting to start container services.
2019-08-18 03:30:35,967 INFO  ozoneimpl.OzoneContainer (OzoneContainer.java:startContainerScrub(160)) - Background container scrubber has been disabled by hdds.containerscrub.enabled
2019-08-18 03:30:35,968 INFO  ratis.XceiverServerRatis (XceiverServerRatis.java:start(404)) - Starting XceiverServerRatis b5ebf1d2-50b1-44fd-809a-910fb604fdc3 at port 0
2019-08-18 03:30:35,975 INFO  impl.RaftServerProxy (RaftServerProxy.java:lambda$start$3(299)) - b5ebf1d2-50b1-44fd-809a-910fb604fdc3: start RPC server
2019-08-18 03:30:35,978 INFO  server.GrpcService (GrpcService.java:startImpl(149)) - b5ebf1d2-50b1-44fd-809a-910fb604fdc3: GrpcService started, listening on 0.0.0.0/0.0.0.0:42687
2019-08-18 03:30:35,978 INFO  ratis.XceiverServerRatis (XceiverServerRatis.java:start(414)) - XceiverServerRatis b5ebf1d2-50b1-44fd-809a-910fb604fdc3 is started using port 42687
2019-08-18 03:30:35,979 INFO  server.XceiverServerGrpc (XceiverServerGrpc.java:start(161)) - XceiverServerGrpc b5ebf1d2-50b1-44fd-809a-910fb604fdc3 is started using port 45859
2019-08-18 03:30:36,111 INFO  ozone.MiniOzoneClusterImpl (MiniOzoneClusterImpl.java:lambda$waitForClusterToBeReady$0(142)) - Waiting for cluster to be ready. Got 0 of 7 DN Heartbeats.
2019-08-18 03:30:36,125 INFO  ozoneimpl.OzoneContainer (OzoneContainer.java:start(186)) - Attempting to start container services.
2019-08-18 03:30:36,126 INFO  ozoneimpl.OzoneContainer (OzoneContainer.java:startContainerScrub(160)) - Background container scrubber has been disabled by hdds.containerscrub.enabled
2019-08-18 03:30:36,126 INFO  ratis.XceiverServerRatis (XceiverServerRatis.java:start(404)) - Starting XceiverServerRatis 9ab46049-e7d2-400a-a45d-e7385b6e5d10 at port 0
2019-08-18 03:30:36,133 INFO  impl.RaftServerProxy (RaftServerProxy.java:lambda$start$3(299)) - 9ab46049-e7d2-400a-a45d-e7385b6e5d10: start RPC server
2019-08-18 03:30:36,134 INFO  server.GrpcService (GrpcService.java:startImpl(149)) - 9ab46049-e7d2-400a-a45d-e7385b6e5d10: GrpcService started, listening on 0.0.0.0/0.0.0.0:38478
2019-08-18 03:30:36,134 INFO  ratis.XceiverServerRatis (XceiverServerRatis.java:start(414)) - XceiverServerRatis 9ab46049-e7d2-400a-a45d-e7385b6e5d10 is started using port 38478
2019-08-18 03:30:36,144 INFO  server.XceiverServerGrpc (XceiverServerGrpc.java:start(161)) - XceiverServerGrpc 9ab46049-e7d2-400a-a45d-e7385b6e5d10 is started using port 35570
2019-08-18 03:30:36,978 INFO  net.NetworkTopology (NetworkTopologyImpl.java:add(110)) - Added a new node: /default-rack/21fb6f03-9348-41f1-8a24-77c54b6d0f63
2019-08-18 03:30:36,978 INFO  node.SCMNodeManager (SCMNodeManager.java:register(273)) - Registered Data node : 21fb6f03-9348-41f1-8a24-77c54b6d0f63{ip: 192.168.69.121, host: byscane-nightly-jvqb9-734128259, networkLocation: /default-rack, certSerialId: null}
2019-08-18 03:30:36,982 INFO  safemode.SCMSafeModeManager (DataNodeSafeModeRule.java:process(71)) - SCM in safe mode. 1 DataNodes registered, 1 required.
2019-08-18 03:30:36,984 INFO  safemode.SCMSafeModeManager (SCMSafeModeManager.java:validateSafeModeExitRules(177)) - ScmSafeModeManager, all rules are successfully validated
2019-08-18 03:30:36,984 INFO  safemode.SCMSafeModeManager (SCMSafeModeManager.java:exitSafeMode(193)) - SCM exiting safe mode.
2019-08-18 03:30:37,003 INFO  impl.RaftServerProxy (RaftServerProxy.java:addNew(89)) - 21fb6f03-9348-41f1-8a24-77c54b6d0f63: addNew group-E41CD7B36B4B:[21fb6f03-9348-41f1-8a24-77c54b6d0f63:192.168.69.121:43957] returns group-E41CD7B36B4B:java.util.concurrent.CompletableFuture@43d89342[Not completed]
2019-08-18 03:30:37,005 INFO  impl.RaftServerImpl (RaftServerImpl.java:<init>(93)) - 21fb6f03-9348-41f1-8a24-77c54b6d0f63: new RaftServerImpl for group-E41CD7B36B4B:[21fb6f03-9348-41f1-8a24-77c54b6d0f63:192.168.69.121:43957] with ContainerStateMachine:uninitialized
2019-08-18 03:30:37,005 INFO  server.RaftServerConfigKeys (ConfUtils.java:logGet(43)) - raft.server.rpc.timeout.min = 5s (custom)
2019-08-18 03:30:37,005 INFO  server.RaftServerConfigKeys (ConfUtils.java:logGet(43)) - raft.server.rpc.timeout.max = 5200ms (custom)
2019-08-18 03:30:37,005 INFO  server.RaftServerConfigKeys (ConfUtils.java:logGet(43)) - raft.server.rpcslowness.timeout = 120s (custom)
2019-08-18 03:30:37,005 INFO  server.RaftServerConfigKeys (ConfUtils.java:logGet(43)) - raft.server.sleep.deviation.threshold = 300 (default)
2019-08-18 03:30:37,005 INFO  server.RaftServerConfigKeys (ConfUtils.java:logGet(43)) - raft.server.log.appender.install.snapshot.enabled = false (custom)
2019-08-18 03:30:37,006 INFO  impl.RaftServerImpl (ServerState.java:<init>(105)) - 21fb6f03-9348-41f1-8a24-77c54b6d0f63:group-E41CD7B36B4B ConfigurationManager, init=-1: [21fb6f03-9348-41f1-8a24-77c54b6d0f63:192.168.69.121:43957], old=null, confs=<EMPTY_MAP>
2019-08-18 03:30:37,006 INFO  server.RaftServerConfigKeys (ConfUtils.java:logGet(43)) - raft.server.storage.dir = [/workdir/hadoop-ozone/integration-test/target/test-dir/MiniOzoneClusterImpl-9099f0a0-2df3-4059-97d9-a1f48415580d/datanode-0/data/ratis] (custom)
2019-08-18 03:30:37,006 INFO  storage.RaftStorageDirectory (RaftStorageDirectory.java:analyzeStorage(246)) - The storage directory /workdir/hadoop-ozone/integration-test/target/test-dir/MiniOzoneClusterImpl-9099f0a0-2df3-4059-97d9-a1f48415580d/datanode-0/data/ratis/7fe74373-2a20-4d60-bbea-e41cd7b36b4b does not exist. Creating ...
2019-08-18 03:30:37,020 INFO  storage.RaftStorageDirectory (RaftStorageDirectory.java:tryLock(328)) - Lock on /workdir/hadoop-ozone/integration-test/target/test-dir/MiniOzoneClusterImpl-9099f0a0-2df3-4059-97d9-a1f48415580d/datanode-0/data/ratis/7fe74373-2a20-4d60-bbea-e41cd7b36b4b/in_use.lock acquired by nodename 17074@byscane-nightly-jvqb9-734128259
2019-08-18 03:30:37,033 INFO  storage.RaftStorage (RaftStorage.java:format(72)) - Storage directory /workdir/hadoop-ozone/integration-test/target/test-dir/MiniOzoneClusterImpl-9099f0a0-2df3-4059-97d9-a1f48415580d/datanode-0/data/ratis/7fe74373-2a20-4d60-bbea-e41cd7b36b4b has been successfully formatted.
2019-08-18 03:30:37,033 INFO  ratis.ContainerStateMachine (ContainerStateMachine.java:loadSnapshot(213)) - group-E41CD7B36B4B: The snapshot info is null. Setting the last applied indexto:(t:0, i:~)
2019-08-18 03:30:37,034 INFO  server.RaftServerConfigKeys (ConfUtils.java:logGet(43)) - raft.server.leader.election.timeout = 120s (custom)
2019-08-18 03:30:37,034 INFO  server.RaftServerConfigKeys (ConfUtils.java:logGet(43)) - raft.server.log.use.memory = false (default)
2019-08-18 03:30:37,034 INFO  server.RaftServerConfigKeys (ConfUtils.java:logGet(43)) - raft.server.log.purge.gap = 1000000000 (custom)
2019-08-18 03:30:37,034 INFO  server.RaftServerConfigKeys (ConfUtils.java:logGet(43)) - raft.server.log.appender.buffer.byte-limit = 33554432 (custom)
2019-08-18 03:30:37,034 INFO  server.RaftServerConfigKeys (ConfUtils.java:logGet(43)) - raft.server.log.segment.size.max = 1048576 (custom)
2019-08-18 03:30:37,034 INFO  server.RaftServerConfigKeys (ConfUtils.java:logGet(43)) - raft.server.log.segment.cache.num.max = 2 (custom)
2019-08-18 03:30:37,034 INFO  segmented.SegmentedRaftLogWorker (SegmentedRaftLogWorker.java:<init>(172)) - new 21fb6f03-9348-41f1-8a24-77c54b6d0f63-SegmentedRaftLogWorker:Storage Directory /workdir/hadoop-ozone/integration-test/target/test-dir/MiniOzoneClusterImpl-9099f0a0-2df3-4059-97d9-a1f48415580d/datanode-0/data/ratis/7fe74373-2a20-4d60-bbea-e41cd7b36b4b for RaftStorage:Storage Directory /workdir/hadoop-ozone/integration-test/target/test-dir/MiniOzoneClusterImpl-9099f0a0-2df3-4059-97d9-a1f48415580d/datanode-0/data/ratis/7fe74373-2a20-4d60-bbea-e41cd7b36b4b
2019-08-18 03:30:37,035 INFO  server.RaftServerConfigKeys (ConfUtils.java:logGet(43)) - raft.server.log.queue.byte-limit = 2147483647 (custom)
2019-08-18 03:30:37,035 INFO  server.RaftServerConfigKeys (ConfUtils.java:logGet(43)) - raft.server.log.queue.element-limit = 1024 (custom)
2019-08-18 03:30:37,035 INFO  server.RaftServerConfigKeys (ConfUtils.java:logGet(43)) - raft.server.log.segment.size.max = 1048576 (custom)
2019-08-18 03:30:37,035 INFO  server.RaftServerConfigKeys (ConfUtils.java:logGet(43)) - raft.server.log.preallocated.size = 16384 (custom)
2019-08-18 03:30:37,035 INFO  server.RaftServerConfigKeys (ConfUtils.java:logGet(43)) - raft.server.log.write.buffer.size = 33554432 (custom)
2019-08-18 03:30:37,036 INFO  server.RaftServerConfigKeys (ConfUtils.java:logGet(43)) - raft.server.log.force.sync.num = 128 (default)
2019-08-18 03:30:37,036 INFO  server.RaftServerConfigKeys (ConfUtils.java:logGet(43)) - raft.server.log.statemachine.data.sync = true (default)
2019-08-18 03:30:37,036 INFO  server.RaftServerConfigKeys (ConfUtils.java:logGet(43)) - raft.server.log.statemachine.data.sync.timeout = 10s (default)
2019-08-18 03:30:37,036 INFO  server.RaftServerConfigKeys (ConfUtils.java:logGet(43)) - raft.server.log.statemachine.data.sync.timeout.retry = -1 (default)
2019-08-18 03:30:37,036 INFO  server.RaftServerConfigKeys (ConfUtils.java:logGet(43)) - raft.server.log.statemachine.data.caching.enabled = true (custom)
2019-08-18 03:30:37,037 INFO  segmented.SegmentedRaftLogWorker (SegmentedRaftLogWorker.java:lambda$new$0(132)) - 21fb6f03-9348-41f1-8a24-77c54b6d0f63-SegmentedRaftLogWorker:Storage Directory /workdir/hadoop-ozone/integration-test/target/test-dir/MiniOzoneClusterImpl-9099f0a0-2df3-4059-97d9-a1f48415580d/datanode-0/data/ratis/7fe74373-2a20-4d60-bbea-e41cd7b36b4b: flushIndex: setUnconditionally 0 -> -1
2019-08-18 03:30:37,037 INFO  server.RaftServerConfigKeys (ConfUtils.java:logGet(43)) - raft.server.snapshot.auto.trigger.enabled = true (custom)
2019-08-18 03:30:37,037 INFO  server.RaftServerConfigKeys (ConfUtils.java:logGet(43)) - raft.server.snapshot.auto.trigger.threshold = 10000 (custom)
2019-08-18 03:30:37,037 INFO  server.RaftServerConfigKeys (ConfUtils.java:logGet(43)) - raft.server.retrycache.expirytime = 600000ms (custom)
2019-08-18 03:30:37,038 INFO  impl.RaftServerImpl (RaftServerImpl.java:start(180)) - 21fb6f03-9348-41f1-8a24-77c54b6d0f63: start group-E41CD7B36B4B
2019-08-18 03:30:37,038 INFO  impl.RaftServerImpl (RaftServerImpl.java:setRole(171)) - 21fb6f03-9348-41f1-8a24-77c54b6d0f63:group-E41CD7B36B4B changes role from null to FOLLOWER at term 0 for startAsFollower
2019-08-18 03:30:37,038 INFO  impl.RoleInfo (RoleInfo.java:updateAndGet(143)) - 21fb6f03-9348-41f1-8a24-77c54b6d0f63: start FollowerState
2019-08-18 03:30:37,039 INFO  util.JmxRegister (JmxRegister.java:tryRegister(44)) - Successfully registered JMX Bean with object name Ratis:service=RaftServer,group=group-E41CD7B36B4B,id=21fb6f03-9348-41f1-8a24-77c54b6d0f63
2019-08-18 03:30:37,041 INFO  pipeline.PipelineStateManager (PipelineStateManager.java:addPipeline(56)) - Created pipeline Pipeline[ Id: 7fe74373-2a20-4d60-bbea-e41cd7b36b4b, Nodes: 21fb6f03-9348-41f1-8a24-77c54b6d0f63{ip: 192.168.69.121, host: byscane-nightly-jvqb9-734128259, networkLocation: /default-rack, certSerialId: null}, Type:RATIS, Factor:ONE, State:OPEN]
2019-08-18 03:30:37,112 INFO  ozone.MiniOzoneClusterImpl (MiniOzoneClusterImpl.java:lambda$waitForClusterToBeReady$0(142)) - Waiting for cluster to be ready. Got 1 of 7 DN Heartbeats.
2019-08-18 03:30:37,132 INFO  net.NetworkTopology (NetworkTopologyImpl.java:add(110)) - Added a new node: /default-rack/9278e409-f4e1-4cb1-9539-38fd79302033
2019-08-18 03:30:37,132 INFO  node.SCMNodeManager (SCMNodeManager.java:register(273)) - Registered Data node : 9278e409-f4e1-4cb1-9539-38fd79302033{ip: 192.168.69.121, host: byscane-nightly-jvqb9-734128259, networkLocation: /default-rack, certSerialId: null}
2019-08-18 03:30:37,141 INFO  impl.RaftServerProxy (RaftServerProxy.java:addNew(89)) - 9278e409-f4e1-4cb1-9539-38fd79302033: addNew group-9F3960AC7324:[9278e409-f4e1-4cb1-9539-38fd79302033:192.168.69.121:37289] returns group-9F3960AC7324:java.util.concurrent.CompletableFuture@530c5bd7[Not completed]
2019-08-18 03:30:37,142 INFO  impl.RaftServerImpl (RaftServerImpl.java:<init>(93)) - 9278e409-f4e1-4cb1-9539-38fd79302033: new RaftServerImpl for group-9F3960AC7324:[9278e409-f4e1-4cb1-9539-38fd79302033:192.168.69.121:37289] with ContainerStateMachine:uninitialized
2019-08-18 03:30:37,143 INFO  server.RaftServerConfigKeys (ConfUtils.java:logGet(43)) - raft.server.rpc.timeout.min = 5s (custom)
2019-08-18 03:30:37,143 INFO  server.RaftServerConfigKeys (ConfUtils.java:logGet(43)) - raft.server.rpc.timeout.max = 5200ms (custom)
2019-08-18 03:30:37,143 INFO  server.RaftServerConfigKeys (ConfUtils.java:logGet(43)) - raft.server.rpcslowness.timeout = 120s (custom)
2019-08-18 03:30:37,143 INFO  server.RaftServerConfigKeys (ConfUtils.java:logGet(43)) - raft.server.sleep.deviation.threshold = 300 (default)
2019-08-18 03:30:37,143 INFO  server.RaftServerConfigKeys (ConfUtils.java:logGet(43)) - raft.server.log.appender.install.snapshot.enabled = false (custom)
2019-08-18 03:30:37,143 INFO  impl.RaftServerImpl (ServerState.java:<init>(105)) - 9278e409-f4e1-4cb1-9539-38fd79302033:group-9F3960AC7324 ConfigurationManager, init=-1: [9278e409-f4e1-4cb1-9539-38fd79302033:192.168.69.121:37289], old=null, confs=<EMPTY_MAP>
2019-08-18 03:30:37,143 INFO  server.RaftServerConfigKeys (ConfUtils.java:logGet(43)) - raft.server.storage.dir = [/workdir/hadoop-ozone/integration-test/target/test-dir/MiniOzoneClusterImpl-9099f0a0-2df3-4059-97d9-a1f48415580d/datanode-1/data/ratis] (custom)
2019-08-18 03:30:37,144 INFO  storage.RaftStorageDirectory (RaftStorageDirectory.java:analyzeStorage(246)) - The storage directory /workdir/hadoop-ozone/integration-test/target/test-dir/MiniOzoneClusterImpl-9099f0a0-2df3-4059-97d9-a1f48415580d/datanode-1/data/ratis/3ead9bcd-c2c6-4d79-afa0-9f3960ac7324 does not exist. Creating ...
2019-08-18 03:30:37,157 INFO  storage.RaftStorageDirectory (RaftStorageDirectory.java:tryLock(328)) - Lock on /workdir/hadoop-ozone/integration-test/target/test-dir/MiniOzoneClusterImpl-9099f0a0-2df3-4059-97d9-a1f48415580d/datanode-1/data/ratis/3ead9bcd-c2c6-4d79-afa0-9f3960ac7324/in_use.lock acquired by nodename 17074@byscane-nightly-jvqb9-734128259
2019-08-18 03:30:37,170 INFO  storage.RaftStorage (RaftStorage.java:format(72)) - Storage directory /workdir/hadoop-ozone/integration-test/target/test-dir/MiniOzoneClusterImpl-9099f0a0-2df3-4059-97d9-a1f48415580d/datanode-1/data/ratis/3ead9bcd-c2c6-4d79-afa0-9f3960ac7324 has been successfully formatted.
2019-08-18 03:30:37,171 INFO  ratis.ContainerStateMachine (ContainerStateMachine.java:loadSnapshot(213)) - group-9F3960AC7324: The snapshot info is null. Setting the last applied indexto:(t:0, i:~)
2019-08-18 03:30:37,171 INFO  server.RaftServerConfigKeys (ConfUtils.java:logGet(43)) - raft.server.leader.election.timeout = 120s (custom)
2019-08-18 03:30:37,171 INFO  server.RaftServerConfigKeys (ConfUtils.java:logGet(43)) - raft.server.log.use.memory = false (default)
2019-08-18 03:30:37,171 INFO  server.RaftServerConfigKeys (ConfUtils.java:logGet(43)) - raft.server.log.purge.gap = 1000000000 (custom)
2019-08-18 03:30:37,171 INFO  server.RaftServerConfigKeys (ConfUtils.java:logGet(43)) - raft.server.log.appender.buffer.byte-limit = 33554432 (custom)
2019-08-18 03:30:37,171 INFO  server.RaftServerConfigKeys (ConfUtils.java:logGet(43)) - raft.server.log.segment.size.max = 1048576 (custom)
2019-08-18 03:30:37,171 INFO  server.RaftServerConfigKeys (ConfUtils.java:logGet(43)) - raft.server.log.segment.cache.num.max = 2 (custom)
2019-08-18 03:30:37,172 INFO  segmented.SegmentedRaftLogWorker (SegmentedRaftLogWorker.java:<init>(172)) - new 9278e409-f4e1-4cb1-9539-38fd79302033-SegmentedRaftLogWorker:Storage Directory /workdir/hadoop-ozone/integration-test/target/test-dir/MiniOzoneClusterImpl-9099f0a0-2df3-4059-97d9-a1f48415580d/datanode-1/data/ratis/3ead9bcd-c2c6-4d79-afa0-9f3960ac7324 for RaftStorage:Storage Directory /workdir/hadoop-ozone/integration-test/target/test-dir/MiniOzoneClusterImpl-9099f0a0-2df3-4059-97d9-a1f48415580d/datanode-1/data/ratis/3ead9bcd-c2c6-4d79-afa0-9f3960ac7324
2019-08-18 03:30:37,172 INFO  server.RaftServerConfigKeys (ConfUtils.java:logGet(43)) - raft.server.log.queue.byte-limit = 2147483647 (custom)
2019-08-18 03:30:37,172 INFO  server.RaftServerConfigKeys (ConfUtils.java:logGet(43)) - raft.server.log.queue.element-limit = 1024 (custom)
2019-08-18 03:30:37,172 INFO  server.RaftServerConfigKeys (ConfUtils.java:logGet(43)) - raft.server.log.segment.size.max = 1048576 (custom)
2019-08-18 03:30:37,172 INFO  server.RaftServerConfigKeys (ConfUtils.java:logGet(43)) - raft.server.log.preallocated.size = 16384 (custom)
2019-08-18 03:30:37,172 INFO  server.RaftServerConfigKeys (ConfUtils.java:logGet(43)) - raft.server.log.write.buffer.size = 33554432 (custom)
2019-08-18 03:30:37,172 INFO  server.RaftServerConfigKeys (ConfUtils.java:logGet(43)) - raft.server.log.force.sync.num = 128 (default)
2019-08-18 03:30:37,173 INFO  server.RaftServerConfigKeys (ConfUtils.java:logGet(43)) - raft.server.log.statemachine.data.sync = true (default)
2019-08-18 03:30:37,173 INFO  server.RaftServerConfigKeys (ConfUtils.java:logGet(43)) - raft.server.log.statemachine.data.sync.timeout = 10s (default)
2019-08-18 03:30:37,173 INFO  server.RaftServerConfigKeys (ConfUtils.java:logGet(43)) - raft.server.log.statemachine.data.sync.timeout.retry = -1 (default)
2019-08-18 03:30:37,173 INFO  server.RaftServerConfigKeys (ConfUtils.java:logGet(43)) - raft.server.log.statemachine.data.caching.enabled = true (custom)
2019-08-18 03:30:37,174 INFO  segmented.SegmentedRaftLogWorker (SegmentedRaftLogWorker.java:lambda$new$0(132)) - 9278e409-f4e1-4cb1-9539-38fd79302033-SegmentedRaftLogWorker:Storage Directory /workdir/hadoop-ozone/integration-test/target/test-dir/MiniOzoneClusterImpl-9099f0a0-2df3-4059-97d9-a1f48415580d/datanode-1/data/ratis/3ead9bcd-c2c6-4d79-afa0-9f3960ac7324: flushIndex: setUnconditionally 0 -> -1
2019-08-18 03:30:37,174 INFO  server.RaftServerConfigKeys (ConfUtils.java:logGet(43)) - raft.server.snapshot.auto.trigger.enabled = true (custom)
2019-08-18 03:30:37,174 INFO  server.RaftServerConfigKeys (ConfUtils.java:logGet(43)) - raft.server.snapshot.auto.trigger.threshold = 10000 (custom)
2019-08-18 03:30:37,174 INFO  server.RaftServerConfigKeys (ConfUtils.java:logGet(43)) - raft.server.retrycache.expirytime = 600000ms (custom)
2019-08-18 03:30:37,175 INFO  impl.RaftServerImpl (RaftServerImpl.java:start(180)) - 9278e409-f4e1-4cb1-9539-38fd79302033: start group-9F3960AC7324
2019-08-18 03:30:37,175 INFO  impl.RaftServerImpl (RaftServerImpl.java:setRole(171)) - 9278e409-f4e1-4cb1-9539-38fd79302033:group-9F3960AC7324 changes role from null to FOLLOWER at term 0 for startAsFollower
2019-08-18 03:30:37,175 INFO  impl.RoleInfo (RoleInfo.java:updateAndGet(143)) - 9278e409-f4e1-4cb1-9539-38fd79302033: start FollowerState
2019-08-18 03:30:37,175 INFO  util.JmxRegister (JmxRegister.java:tryRegister(44)) - Successfully registered JMX Bean with object name Ratis:service=RaftServer,group=group-9F3960AC7324,id=9278e409-f4e1-4cb1-9539-38fd79302033
2019-08-18 03:30:37,177 INFO  pipeline.PipelineStateManager (PipelineStateManager.java:addPipeline(56)) - Created pipeline Pipeline[ Id: 3ead9bcd-c2c6-4d79-afa0-9f3960ac7324, Nodes: 9278e409-f4e1-4cb1-9539-38fd79302033{ip: 192.168.69.121, host: byscane-nightly-jvqb9-734128259, networkLocation: /default-rack, certSerialId: null}, Type:RATIS, Factor:ONE, State:OPEN]
2019-08-18 03:30:37,461 INFO  net.NetworkTopology (NetworkTopologyImpl.java:add(110)) - Added a new node: /default-rack/15ed8384-c868-4ea0-ba4a-9269eb510e43
2019-08-18 03:30:37,462 INFO  node.SCMNodeManager (SCMNodeManager.java:register(273)) - Registered Data node : 15ed8384-c868-4ea0-ba4a-9269eb510e43{ip: 192.168.69.121, host: byscane-nightly-jvqb9-734128259, networkLocation: /default-rack, certSerialId: null}
2019-08-18 03:30:37,471 INFO  impl.RaftServerProxy (RaftServerProxy.java:addNew(89)) - 15ed8384-c868-4ea0-ba4a-9269eb510e43: addNew group-1C6B322CFC2D:[15ed8384-c868-4ea0-ba4a-9269eb510e43:192.168.69.121:35462] returns group-1C6B322CFC2D:java.util.concurrent.CompletableFuture@c526da3[Not completed]
2019-08-18 03:30:37,472 INFO  impl.RaftServerImpl (RaftServerImpl.java:<init>(93)) - 15ed8384-c868-4ea0-ba4a-9269eb510e43: new RaftServerImpl for group-1C6B322CFC2D:[15ed8384-c868-4ea0-ba4a-9269eb510e43:192.168.69.121:35462] with ContainerStateMachine:uninitialized
2019-08-18 03:30:37,472 INFO  server.RaftServerConfigKeys (ConfUtils.java:logGet(43)) - raft.server.rpc.timeout.min = 5s (custom)
2019-08-18 03:30:37,472 INFO  server.RaftServerConfigKeys (ConfUtils.java:logGet(43)) - raft.server.rpc.timeout.max = 5200ms (custom)
2019-08-18 03:30:37,472 INFO  server.RaftServerConfigKeys (ConfUtils.java:logGet(43)) - raft.server.rpcslowness.timeout = 120s (custom)
2019-08-18 03:30:37,472 INFO  server.RaftServerConfigKeys (ConfUtils.java:logGet(43)) - raft.server.sleep.deviation.threshold = 300 (default)
2019-08-18 03:30:37,473 INFO  server.RaftServerConfigKeys (ConfUtils.java:logGet(43)) - raft.server.log.appender.install.snapshot.enabled = false (custom)
2019-08-18 03:30:37,473 INFO  impl.RaftServerImpl (ServerState.java:<init>(105)) - 15ed8384-c868-4ea0-ba4a-9269eb510e43:group-1C6B322CFC2D ConfigurationManager, init=-1: [15ed8384-c868-4ea0-ba4a-9269eb510e43:192.168.69.121:35462], old=null, confs=<EMPTY_MAP>
2019-08-18 03:30:37,473 INFO  server.RaftServerConfigKeys (ConfUtils.java:logGet(43)) - raft.server.storage.dir = [/workdir/hadoop-ozone/integration-test/target/test-dir/MiniOzoneClusterImpl-9099f0a0-2df3-4059-97d9-a1f48415580d/datanode-2/data/ratis] (custom)
2019-08-18 03:30:37,473 INFO  storage.RaftStorageDirectory (RaftStorageDirectory.java:analyzeStorage(246)) - The storage directory /workdir/hadoop-ozone/integration-test/target/test-dir/MiniOzoneClusterImpl-9099f0a0-2df3-4059-97d9-a1f48415580d/datanode-2/data/ratis/177846f1-4b70-470b-b925-1c6b322cfc2d does not exist. Creating ...
2019-08-18 03:30:37,486 INFO  storage.RaftStorageDirectory (RaftStorageDirectory.java:tryLock(328)) - Lock on /workdir/hadoop-ozone/integration-test/target/test-dir/MiniOzoneClusterImpl-9099f0a0-2df3-4059-97d9-a1f48415580d/datanode-2/data/ratis/177846f1-4b70-470b-b925-1c6b322cfc2d/in_use.lock acquired by nodename 17074@byscane-nightly-jvqb9-734128259
2019-08-18 03:30:37,500 INFO  storage.RaftStorage (RaftStorage.java:format(72)) - Storage directory /workdir/hadoop-ozone/integration-test/target/test-dir/MiniOzoneClusterImpl-9099f0a0-2df3-4059-97d9-a1f48415580d/datanode-2/data/ratis/177846f1-4b70-470b-b925-1c6b322cfc2d has been successfully formatted.
2019-08-18 03:30:37,500 INFO  ratis.ContainerStateMachine (ContainerStateMachine.java:loadSnapshot(213)) - group-1C6B322CFC2D: The snapshot info is null. Setting the last applied indexto:(t:0, i:~)
2019-08-18 03:30:37,500 INFO  server.RaftServerConfigKeys (ConfUtils.java:logGet(43)) - raft.server.leader.election.timeout = 120s (custom)
2019-08-18 03:30:37,500 INFO  server.RaftServerConfigKeys (ConfUtils.java:logGet(43)) - raft.server.log.use.memory = false (default)
2019-08-18 03:30:37,500 INFO  server.RaftServerConfigKeys (ConfUtils.java:logGet(43)) - raft.server.log.purge.gap = 1000000000 (custom)
2019-08-18 03:30:37,501 INFO  server.RaftServerConfigKeys (ConfUtils.java:logGet(43)) - raft.server.log.appender.buffer.byte-limit = 33554432 (custom)
2019-08-18 03:30:37,501 INFO  server.RaftServerConfigKeys (ConfUtils.java:logGet(43)) - raft.server.log.segment.size.max = 1048576 (custom)
2019-08-18 03:30:37,501 INFO  server.RaftServerConfigKeys (ConfUtils.java:logGet(43)) - raft.server.log.segment.cache.num.max = 2 (custom)
2019-08-18 03:30:37,501 INFO  segmented.SegmentedRaftLogWorker (SegmentedRaftLogWorker.java:<init>(172)) - new 15ed8384-c868-4ea0-ba4a-9269eb510e43-SegmentedRaftLogWorker:Storage Directory /workdir/hadoop-ozone/integration-test/target/test-dir/MiniOzoneClusterImpl-9099f0a0-2df3-4059-97d9-a1f48415580d/datanode-2/data/ratis/177846f1-4b70-470b-b925-1c6b322cfc2d for RaftStorage:Storage Directory /workdir/hadoop-ozone/integration-test/target/test-dir/MiniOzoneClusterImpl-9099f0a0-2df3-4059-97d9-a1f48415580d/datanode-2/data/ratis/177846f1-4b70-470b-b925-1c6b322cfc2d
2019-08-18 03:30:37,501 INFO  server.RaftServerConfigKeys (ConfUtils.java:logGet(43)) - raft.server.log.queue.byte-limit = 2147483647 (custom)
2019-08-18 03:30:37,501 INFO  server.RaftServerConfigKeys (ConfUtils.java:logGet(43)) - raft.server.log.queue.element-limit = 1024 (custom)
2019-08-18 03:30:37,502 INFO  server.RaftServerConfigKeys (ConfUtils.java:logGet(43)) - raft.server.log.segment.size.max = 1048576 (custom)
2019-08-18 03:30:37,502 INFO  server.RaftServerConfigKeys (ConfUtils.java:logGet(43)) - raft.server.log.preallocated.size = 16384 (custom)
2019-08-18 03:30:37,502 INFO  server.RaftServerConfigKeys (ConfUtils.java:logGet(43)) - raft.server.log.write.buffer.size = 33554432 (custom)
2019-08-18 03:30:37,502 INFO  server.RaftServerConfigKeys (ConfUtils.java:logGet(43)) - raft.server.log.force.sync.num = 128 (default)
2019-08-18 03:30:37,502 INFO  server.RaftServerConfigKeys (ConfUtils.java:logGet(43)) - raft.server.log.statemachine.data.sync = true (default)
2019-08-18 03:30:37,502 INFO  server.RaftServerConfigKeys (ConfUtils.java:logGet(43)) - raft.server.log.statemachine.data.sync.timeout = 10s (default)
2019-08-18 03:30:37,502 INFO  server.RaftServerConfigKeys (ConfUtils.java:logGet(43)) - raft.server.log.statemachine.data.sync.timeout.retry = -1 (default)
2019-08-18 03:30:37,503 INFO  server.RaftServerConfigKeys (ConfUtils.java:logGet(43)) - raft.server.log.statemachine.data.caching.enabled = true (custom)
2019-08-18 03:30:37,503 INFO  segmented.SegmentedRaftLogWorker (SegmentedRaftLogWorker.java:lambda$new$0(132)) - 15ed8384-c868-4ea0-ba4a-9269eb510e43-SegmentedRaftLogWorker:Storage Directory /workdir/hadoop-ozone/integration-test/target/test-dir/MiniOzoneClusterImpl-9099f0a0-2df3-4059-97d9-a1f48415580d/datanode-2/data/ratis/177846f1-4b70-470b-b925-1c6b322cfc2d: flushIndex: setUnconditionally 0 -> -1
2019-08-18 03:30:37,503 INFO  server.RaftServerConfigKeys (ConfUtils.java:logGet(43)) - raft.server.snapshot.auto.trigger.enabled = true (custom)
2019-08-18 03:30:37,504 INFO  server.RaftServerConfigKeys (ConfUtils.java:logGet(43)) - raft.server.snapshot.auto.trigger.threshold = 10000 (custom)
2019-08-18 03:30:37,504 INFO  server.RaftServerConfigKeys (ConfUtils.java:logGet(43)) - raft.server.retrycache.expirytime = 600000ms (custom)
2019-08-18 03:30:37,504 INFO  impl.RaftServerImpl (RaftServerImpl.java:start(180)) - 15ed8384-c868-4ea0-ba4a-9269eb510e43: start group-1C6B322CFC2D
2019-08-18 03:30:37,504 INFO  impl.RaftServerImpl (RaftServerImpl.java:setRole(171)) - 15ed8384-c868-4ea0-ba4a-9269eb510e43:group-1C6B322CFC2D changes role from null to FOLLOWER at term 0 for startAsFollower
2019-08-18 03:30:37,504 INFO  impl.RoleInfo (RoleInfo.java:updateAndGet(143)) - 15ed8384-c868-4ea0-ba4a-9269eb510e43: start FollowerState
2019-08-18 03:30:37,505 INFO  util.JmxRegister (JmxRegister.java:tryRegister(44)) - Successfully registered JMX Bean with object name Ratis:service=RaftServer,group=group-1C6B322CFC2D,id=15ed8384-c868-4ea0-ba4a-9269eb510e43
2019-08-18 03:30:37,507 INFO  pipeline.PipelineStateManager (PipelineStateManager.java:addPipeline(56)) - Created pipeline Pipeline[ Id: 177846f1-4b70-470b-b925-1c6b322cfc2d, Nodes: 15ed8384-c868-4ea0-ba4a-9269eb510e43{ip: 192.168.69.121, host: byscane-nightly-jvqb9-734128259, networkLocation: /default-rack, certSerialId: null}, Type:RATIS, Factor:ONE, State:OPEN]
2019-08-18 03:30:37,519 INFO  impl.RaftServerProxy (RaftServerProxy.java:addNew(89)) - 15ed8384-c868-4ea0-ba4a-9269eb510e43: addNew group-ED751AD489E6:[9278e409-f4e1-4cb1-9539-38fd79302033:192.168.69.121:37289, 21fb6f03-9348-41f1-8a24-77c54b6d0f63:192.168.69.121:43957, 15ed8384-c868-4ea0-ba4a-9269eb510e43:192.168.69.121:35462] returns group-ED751AD489E6:java.util.concurrent.CompletableFuture@47864103[Not completed]
2019-08-18 03:30:37,519 INFO  impl.RaftServerProxy (RaftServerProxy.java:addNew(89)) - 9278e409-f4e1-4cb1-9539-38fd79302033: addNew group-ED751AD489E6:[9278e409-f4e1-4cb1-9539-38fd79302033:192.168.69.121:37289, 21fb6f03-9348-41f1-8a24-77c54b6d0f63:192.168.69.121:43957, 15ed8384-c868-4ea0-ba4a-9269eb510e43:192.168.69.121:35462] returns group-ED751AD489E6:java.util.concurrent.CompletableFuture@188000ad[Not completed]
2019-08-18 03:30:37,519 INFO  impl.RaftServerProxy (RaftServerProxy.java:addNew(89)) - 21fb6f03-9348-41f1-8a24-77c54b6d0f63: addNew group-ED751AD489E6:[9278e409-f4e1-4cb1-9539-38fd79302033:192.168.69.121:37289, 21fb6f03-9348-41f1-8a24-77c54b6d0f63:192.168.69.121:43957, 15ed8384-c868-4ea0-ba4a-9269eb510e43:192.168.69.121:35462] returns group-ED751AD489E6:java.util.concurrent.CompletableFuture@2563b8f4[Not completed]
2019-08-18 03:30:37,520 INFO  impl.RaftServerImpl (RaftServerImpl.java:<init>(93)) - 15ed8384-c868-4ea0-ba4a-9269eb510e43: new RaftServerImpl for group-ED751AD489E6:[9278e409-f4e1-4cb1-9539-38fd79302033:192.168.69.121:37289, 21fb6f03-9348-41f1-8a24-77c54b6d0f63:192.168.69.121:43957, 15ed8384-c868-4ea0-ba4a-9269eb510e43:192.168.69.121:35462] with ContainerStateMachine:uninitialized
2019-08-18 03:30:37,520 INFO  server.RaftServerConfigKeys (ConfUtils.java:logGet(43)) - raft.server.rpc.timeout.min = 5s (custom)
2019-08-18 03:30:37,520 INFO  server.RaftServerConfigKeys (ConfUtils.java:logGet(43)) - raft.server.rpc.timeout.max = 5200ms (custom)
2019-08-18 03:30:37,520 INFO  server.RaftServerConfigKeys (ConfUtils.java:logGet(43)) - raft.server.rpcslowness.timeout = 120s (custom)
2019-08-18 03:30:37,521 INFO  server.RaftServerConfigKeys (ConfUtils.java:logGet(43)) - raft.server.sleep.deviation.threshold = 300 (default)
2019-08-18 03:30:37,521 INFO  server.RaftServerConfigKeys (ConfUtils.java:logGet(43)) - raft.server.log.appender.install.snapshot.enabled = false (custom)
2019-08-18 03:30:37,521 INFO  impl.RaftServerImpl (ServerState.java:<init>(105)) - 15ed8384-c868-4ea0-ba4a-9269eb510e43:group-ED751AD489E6 ConfigurationManager, init=-1: [9278e409-f4e1-4cb1-9539-38fd79302033:192.168.69.121:37289, 21fb6f03-9348-41f1-8a24-77c54b6d0f63:192.168.69.121:43957, 15ed8384-c868-4ea0-ba4a-9269eb510e43:192.168.69.121:35462], old=null, confs=<EMPTY_MAP>
2019-08-18 03:30:37,521 INFO  impl.RaftServerImpl (RaftServerImpl.java:<init>(93)) - 21fb6f03-9348-41f1-8a24-77c54b6d0f63: new RaftServerImpl for group-ED751AD489E6:[9278e409-f4e1-4cb1-9539-38fd79302033:192.168.69.121:37289, 21fb6f03-9348-41f1-8a24-77c54b6d0f63:192.168.69.121:43957, 15ed8384-c868-4ea0-ba4a-9269eb510e43:192.168.69.121:35462] with ContainerStateMachine:uninitialized
2019-08-18 03:30:37,521 INFO  server.RaftServerConfigKeys (ConfUtils.java:logGet(43)) - raft.server.storage.dir = [/workdir/hadoop-ozone/integration-test/target/test-dir/MiniOzoneClusterImpl-9099f0a0-2df3-4059-97d9-a1f48415580d/datanode-2/data/ratis] (custom)
2019-08-18 03:30:37,521 INFO  server.RaftServerConfigKeys (ConfUtils.java:logGet(43)) - raft.server.rpc.timeout.min = 5s (custom)
2019-08-18 03:30:37,521 INFO  impl.RaftServerImpl (RaftServerImpl.java:<init>(93)) - 9278e409-f4e1-4cb1-9539-38fd79302033: new RaftServerImpl for group-ED751AD489E6:[9278e409-f4e1-4cb1-9539-38fd79302033:192.168.69.121:37289, 21fb6f03-9348-41f1-8a24-77c54b6d0f63:192.168.69.121:43957, 15ed8384-c868-4ea0-ba4a-9269eb510e43:192.168.69.121:35462] with ContainerStateMachine:uninitialized
2019-08-18 03:30:37,521 INFO  storage.RaftStorageDirectory (RaftStorageDirectory.java:analyzeStorage(246)) - The storage directory /workdir/hadoop-ozone/integration-test/target/test-dir/MiniOzoneClusterImpl-9099f0a0-2df3-4059-97d9-a1f48415580d/datanode-2/data/ratis/0f2428ab-ccc8-44e3-8d42-ed751ad489e6 does not exist. Creating ...
2019-08-18 03:30:37,521 INFO  server.RaftServerConfigKeys (ConfUtils.java:logGet(43)) - raft.server.rpc.timeout.max = 5200ms (custom)
2019-08-18 03:30:37,521 INFO  server.RaftServerConfigKeys (ConfUtils.java:logGet(43)) - raft.server.rpc.timeout.min = 5s (custom)
2019-08-18 03:30:37,522 INFO  server.RaftServerConfigKeys (ConfUtils.java:logGet(43)) - raft.server.rpcslowness.timeout = 120s (custom)
2019-08-18 03:30:37,522 INFO  server.RaftServerConfigKeys (ConfUtils.java:logGet(43)) - raft.server.rpc.timeout.max = 5200ms (custom)
2019-08-18 03:30:37,522 INFO  server.RaftServerConfigKeys (ConfUtils.java:logGet(43)) - raft.server.sleep.deviation.threshold = 300 (default)
2019-08-18 03:30:37,522 INFO  server.RaftServerConfigKeys (ConfUtils.java:logGet(43)) - raft.server.rpcslowness.timeout = 120s (custom)
2019-08-18 03:30:37,522 INFO  server.RaftServerConfigKeys (ConfUtils.java:logGet(43)) - raft.server.log.appender.install.snapshot.enabled = false (custom)
2019-08-18 03:30:37,522 INFO  server.RaftServerConfigKeys (ConfUtils.java:logGet(43)) - raft.server.sleep.deviation.threshold = 300 (default)
2019-08-18 03:30:37,523 INFO  impl.RaftServerImpl (ServerState.java:<init>(105)) - 21fb6f03-9348-41f1-8a24-77c54b6d0f63:group-ED751AD489E6 ConfigurationManager, init=-1: [9278e409-f4e1-4cb1-9539-38fd79302033:192.168.69.121:37289, 21fb6f03-9348-41f1-8a24-77c54b6d0f63:192.168.69.121:43957, 15ed8384-c868-4ea0-ba4a-9269eb510e43:192.168.69.121:35462], old=null, confs=<EMPTY_MAP>
2019-08-18 03:30:37,523 INFO  server.RaftServerConfigKeys (ConfUtils.java:logGet(43)) - raft.server.log.appender.install.snapshot.enabled = false (custom)
2019-08-18 03:30:37,523 INFO  server.RaftServerConfigKeys (ConfUtils.java:logGet(43)) - raft.server.storage.dir = [/workdir/hadoop-ozone/integration-test/target/test-dir/MiniOzoneClusterImpl-9099f0a0-2df3-4059-97d9-a1f48415580d/datanode-0/data/ratis] (custom)
2019-08-18 03:30:37,523 INFO  impl.RaftServerImpl (ServerState.java:<init>(105)) - 9278e409-f4e1-4cb1-9539-38fd79302033:group-ED751AD489E6 ConfigurationManager, init=-1: [9278e409-f4e1-4cb1-9539-38fd79302033:192.168.69.121:37289, 21fb6f03-9348-41f1-8a24-77c54b6d0f63:192.168.69.121:43957, 15ed8384-c868-4ea0-ba4a-9269eb510e43:192.168.69.121:35462], old=null, confs=<EMPTY_MAP>
2019-08-18 03:30:37,523 INFO  server.RaftServerConfigKeys (ConfUtils.java:logGet(43)) - raft.server.storage.dir = [/workdir/hadoop-ozone/integration-test/target/test-dir/MiniOzoneClusterImpl-9099f0a0-2df3-4059-97d9-a1f48415580d/datanode-1/data/ratis] (custom)
2019-08-18 03:30:37,523 INFO  storage.RaftStorageDirectory (RaftStorageDirectory.java:analyzeStorage(246)) - The storage directory /workdir/hadoop-ozone/integration-test/target/test-dir/MiniOzoneClusterImpl-9099f0a0-2df3-4059-97d9-a1f48415580d/datanode-0/data/ratis/0f2428ab-ccc8-44e3-8d42-ed751ad489e6 does not exist. Creating ...
2019-08-18 03:30:37,524 INFO  storage.RaftStorageDirectory (RaftStorageDirectory.java:analyzeStorage(246)) - The storage directory /workdir/hadoop-ozone/integration-test/target/test-dir/MiniOzoneClusterImpl-9099f0a0-2df3-4059-97d9-a1f48415580d/datanode-1/data/ratis/0f2428ab-ccc8-44e3-8d42-ed751ad489e6 does not exist. Creating ...
2019-08-18 03:30:37,535 INFO  storage.RaftStorageDirectory (RaftStorageDirectory.java:tryLock(328)) - Lock on /workdir/hadoop-ozone/integration-test/target/test-dir/MiniOzoneClusterImpl-9099f0a0-2df3-4059-97d9-a1f48415580d/datanode-2/data/ratis/0f2428ab-ccc8-44e3-8d42-ed751ad489e6/in_use.lock acquired by nodename 17074@byscane-nightly-jvqb9-734128259
2019-08-18 03:30:37,535 INFO  storage.RaftStorageDirectory (RaftStorageDirectory.java:tryLock(328)) - Lock on /workdir/hadoop-ozone/integration-test/target/test-dir/MiniOzoneClusterImpl-9099f0a0-2df3-4059-97d9-a1f48415580d/datanode-0/data/ratis/0f2428ab-ccc8-44e3-8d42-ed751ad489e6/in_use.lock acquired by nodename 17074@byscane-nightly-jvqb9-734128259
2019-08-18 03:30:37,535 INFO  storage.RaftStorageDirectory (RaftStorageDirectory.java:tryLock(328)) - Lock on /workdir/hadoop-ozone/integration-test/target/test-dir/MiniOzoneClusterImpl-9099f0a0-2df3-4059-97d9-a1f48415580d/datanode-1/data/ratis/0f2428ab-ccc8-44e3-8d42-ed751ad489e6/in_use.lock acquired by nodename 17074@byscane-nightly-jvqb9-734128259
2019-08-18 03:30:37,549 INFO  storage.RaftStorage (RaftStorage.java:format(72)) - Storage directory /workdir/hadoop-ozone/integration-test/target/test-dir/MiniOzoneClusterImpl-9099f0a0-2df3-4059-97d9-a1f48415580d/datanode-2/data/ratis/0f2428ab-ccc8-44e3-8d42-ed751ad489e6 has been successfully formatted.
2019-08-18 03:30:37,549 INFO  storage.RaftStorage (RaftStorage.java:format(72)) - Storage directory /workdir/hadoop-ozone/integration-test/target/test-dir/MiniOzoneClusterImpl-9099f0a0-2df3-4059-97d9-a1f48415580d/datanode-1/data/ratis/0f2428ab-ccc8-44e3-8d42-ed751ad489e6 has been successfully formatted.
2019-08-18 03:30:37,549 INFO  storage.RaftStorage (RaftStorage.java:format(72)) - Storage directory /workdir/hadoop-ozone/integration-test/target/test-dir/MiniOzoneClusterImpl-9099f0a0-2df3-4059-97d9-a1f48415580d/datanode-0/data/ratis/0f2428ab-ccc8-44e3-8d42-ed751ad489e6 has been successfully formatted.
2019-08-18 03:30:37,549 INFO  ratis.ContainerStateMachine (ContainerStateMachine.java:loadSnapshot(213)) - group-ED751AD489E6: The snapshot info is null. Setting the last applied indexto:(t:0, i:~)
2019-08-18 03:30:37,550 INFO  ratis.ContainerStateMachine (ContainerStateMachine.java:loadSnapshot(213)) - group-ED751AD489E6: The snapshot info is null. Setting the last applied indexto:(t:0, i:~)
2019-08-18 03:30:37,549 INFO  ratis.ContainerStateMachine (ContainerStateMachine.java:loadSnapshot(213)) - group-ED751AD489E6: The snapshot info is null. Setting the last applied indexto:(t:0, i:~)
2019-08-18 03:30:37,550 INFO  server.RaftServerConfigKeys (ConfUtils.java:logGet(43)) - raft.server.leader.election.timeout = 120s (custom)
2019-08-18 03:30:37,550 INFO  server.RaftServerConfigKeys (ConfUtils.java:logGet(43)) - raft.server.leader.election.timeout = 120s (custom)
2019-08-18 03:30:37,550 INFO  server.RaftServerConfigKeys (ConfUtils.java:logGet(43)) - raft.server.log.use.memory = false (default)
2019-08-18 03:30:37,550 INFO  server.RaftServerConfigKeys (ConfUtils.java:logGet(43)) - raft.server.leader.election.timeout = 120s (custom)
2019-08-18 03:30:37,550 INFO  server.RaftServerConfigKeys (ConfUtils.java:logGet(43)) - raft.server.log.purge.gap = 1000000000 (custom)
2019-08-18 03:30:37,550 INFO  server.RaftServerConfigKeys (ConfUtils.java:logGet(43)) - raft.server.log.use.memory = false (default)
2019-08-18 03:30:37,551 INFO  server.RaftServerConfigKeys (ConfUtils.java:logGet(43)) - raft.server.log.appender.buffer.byte-limit = 33554432 (custom)
2019-08-18 03:30:37,550 INFO  server.RaftServerConfigKeys (ConfUtils.java:logGet(43)) - raft.server.log.use.memory = false (default)
2019-08-18 03:30:37,551 INFO  server.RaftServerConfigKeys (ConfUtils.java:logGet(43)) - raft.server.log.segment.size.max = 1048576 (custom)
2019-08-18 03:30:37,551 INFO  server.RaftServerConfigKeys (ConfUtils.java:logGet(43)) - raft.server.log.purge.gap = 1000000000 (custom)
2019-08-18 03:30:37,551 INFO  server.RaftServerConfigKeys (ConfUtils.java:logGet(43)) - raft.server.log.segment.cache.num.max = 2 (custom)
2019-08-18 03:30:37,551 INFO  server.RaftServerConfigKeys (ConfUtils.java:logGet(43)) - raft.server.log.purge.gap = 1000000000 (custom)
2019-08-18 03:30:37,552 INFO  segmented.SegmentedRaftLogWorker (SegmentedRaftLogWorker.java:<init>(172)) - new 21fb6f03-9348-41f1-8a24-77c54b6d0f63-SegmentedRaftLogWorker:Storage Directory /workdir/hadoop-ozone/integration-test/target/test-dir/MiniOzoneClusterImpl-9099f0a0-2df3-4059-97d9-a1f48415580d/datanode-0/data/ratis/0f2428ab-ccc8-44e3-8d42-ed751ad489e6 for RaftStorage:Storage Directory /workdir/hadoop-ozone/integration-test/target/test-dir/MiniOzoneClusterImpl-9099f0a0-2df3-4059-97d9-a1f48415580d/datanode-0/data/ratis/0f2428ab-ccc8-44e3-8d42-ed751ad489e6
2019-08-18 03:30:37,551 INFO  server.RaftServerConfigKeys (ConfUtils.java:logGet(43)) - raft.server.log.appender.buffer.byte-limit = 33554432 (custom)
2019-08-18 03:30:37,552 INFO  server.RaftServerConfigKeys (ConfUtils.java:logGet(43)) - raft.server.log.queue.byte-limit = 2147483647 (custom)
2019-08-18 03:30:37,552 INFO  server.RaftServerConfigKeys (ConfUtils.java:logGet(43)) - raft.server.log.queue.element-limit = 1024 (custom)
2019-08-18 03:30:37,552 INFO  server.RaftServerConfigKeys (ConfUtils.java:logGet(43)) - raft.server.log.appender.buffer.byte-limit = 33554432 (custom)
2019-08-18 03:30:37,552 INFO  server.RaftServerConfigKeys (ConfUtils.java:logGet(43)) - raft.server.log.segment.size.max = 1048576 (custom)
2019-08-18 03:30:37,552 INFO  server.RaftServerConfigKeys (ConfUtils.java:logGet(43)) - raft.server.log.segment.size.max = 1048576 (custom)
2019-08-18 03:30:37,553 INFO  server.RaftServerConfigKeys (ConfUtils.java:logGet(43)) - raft.server.log.preallocated.size = 16384 (custom)
2019-08-18 03:30:37,553 INFO  server.RaftServerConfigKeys (ConfUtils.java:logGet(43)) - raft.server.log.segment.size.max = 1048576 (custom)
2019-08-18 03:30:37,553 INFO  server.RaftServerConfigKeys (ConfUtils.java:logGet(43)) - raft.server.log.write.buffer.size = 33554432 (custom)
2019-08-18 03:30:37,553 INFO  server.RaftServerConfigKeys (ConfUtils.java:logGet(43)) - raft.server.log.segment.cache.num.max = 2 (custom)
2019-08-18 03:30:37,553 INFO  server.RaftServerConfigKeys (ConfUtils.java:logGet(43)) - raft.server.log.force.sync.num = 128 (default)
2019-08-18 03:30:37,554 INFO  server.RaftServerConfigKeys (ConfUtils.java:logGet(43)) - raft.server.log.statemachine.data.sync = true (default)
2019-08-18 03:30:37,553 INFO  server.RaftServerConfigKeys (ConfUtils.java:logGet(43)) - raft.server.log.segment.cache.num.max = 2 (custom)
2019-08-18 03:30:37,554 INFO  server.RaftServerConfigKeys (ConfUtils.java:logGet(43)) - raft.server.log.statemachine.data.sync.timeout = 10s (default)
2019-08-18 03:30:37,554 INFO  server.RaftServerConfigKeys (ConfUtils.java:logGet(43)) - raft.server.log.statemachine.data.sync.timeout.retry = -1 (default)
2019-08-18 03:30:37,554 INFO  segmented.SegmentedRaftLogWorker (SegmentedRaftLogWorker.java:<init>(172)) - new 9278e409-f4e1-4cb1-9539-38fd79302033-SegmentedRaftLogWorker:Storage Directory /workdir/hadoop-ozone/integration-test/target/test-dir/MiniOzoneClusterImpl-9099f0a0-2df3-4059-97d9-a1f48415580d/datanode-1/data/ratis/0f2428ab-ccc8-44e3-8d42-ed751ad489e6 for RaftStorage:Storage Directory /workdir/hadoop-ozone/integration-test/target/test-dir/MiniOzoneClusterImpl-9099f0a0-2df3-4059-97d9-a1f48415580d/datanode-1/data/ratis/0f2428ab-ccc8-44e3-8d42-ed751ad489e6
2019-08-18 03:30:37,554 INFO  server.RaftServerConfigKeys (ConfUtils.java:logGet(43)) - raft.server.log.statemachine.data.caching.enabled = true (custom)
2019-08-18 03:30:37,554 INFO  segmented.SegmentedRaftLogWorker (SegmentedRaftLogWorker.java:<init>(172)) - new 15ed8384-c868-4ea0-ba4a-9269eb510e43-SegmentedRaftLogWorker:Storage Directory /workdir/hadoop-ozone/integration-test/target/test-dir/MiniOzoneClusterImpl-9099f0a0-2df3-4059-97d9-a1f48415580d/datanode-2/data/ratis/0f2428ab-ccc8-44e3-8d42-ed751ad489e6 for RaftStorage:Storage Directory /workdir/hadoop-ozone/integration-test/target/test-dir/MiniOzoneClusterImpl-9099f0a0-2df3-4059-97d9-a1f48415580d/datanode-2/data/ratis/0f2428ab-ccc8-44e3-8d42-ed751ad489e6
2019-08-18 03:30:37,554 INFO  server.RaftServerConfigKeys (ConfUtils.java:logGet(43)) - raft.server.log.queue.byte-limit = 2147483647 (custom)
2019-08-18 03:30:37,555 INFO  segmented.SegmentedRaftLogWorker (SegmentedRaftLogWorker.java:lambda$new$0(132)) - 21fb6f03-9348-41f1-8a24-77c54b6d0f63-SegmentedRaftLogWorker:Storage Directory /workdir/hadoop-ozone/integration-test/target/test-dir/MiniOzoneClusterImpl-9099f0a0-2df3-4059-97d9-a1f48415580d/datanode-0/data/ratis/0f2428ab-ccc8-44e3-8d42-ed751ad489e6: flushIndex: setUnconditionally 0 -> -1
2019-08-18 03:30:37,555 INFO  server.RaftServerConfigKeys (ConfUtils.java:logGet(43)) - raft.server.log.queue.byte-limit = 2147483647 (custom)
2019-08-18 03:30:37,555 INFO  server.RaftServerConfigKeys (ConfUtils.java:logGet(43)) - raft.server.log.queue.element-limit = 1024 (custom)
2019-08-18 03:30:37,555 INFO  server.RaftServerConfigKeys (ConfUtils.java:logGet(43)) - raft.server.snapshot.auto.trigger.enabled = true (custom)
2019-08-18 03:30:37,555 INFO  server.RaftServerConfigKeys (ConfUtils.java:logGet(43)) - raft.server.log.queue.element-limit = 1024 (custom)
2019-08-18 03:30:37,556 INFO  server.RaftServerConfigKeys (ConfUtils.java:logGet(43)) - raft.server.snapshot.auto.trigger.threshold = 10000 (custom)
2019-08-18 03:30:37,555 INFO  server.RaftServerConfigKeys (ConfUtils.java:logGet(43)) - raft.server.log.segment.size.max = 1048576 (custom)
2019-08-18 03:30:37,556 INFO  server.RaftServerConfigKeys (ConfUtils.java:logGet(43)) - raft.server.retrycache.expirytime = 600000ms (custom)
2019-08-18 03:30:37,556 INFO  server.RaftServerConfigKeys (ConfUtils.java:logGet(43)) - raft.server.log.segment.size.max = 1048576 (custom)
2019-08-18 03:30:37,556 INFO  impl.RaftServerImpl (RaftServerImpl.java:start(180)) - 21fb6f03-9348-41f1-8a24-77c54b6d0f63: start group-ED751AD489E6
2019-08-18 03:30:37,556 INFO  server.RaftServerConfigKeys (ConfUtils.java:logGet(43)) - raft.server.log.preallocated.size = 16384 (custom)
2019-08-18 03:30:37,557 INFO  impl.RaftServerImpl (RaftServerImpl.java:setRole(171)) - 21fb6f03-9348-41f1-8a24-77c54b6d0f63:group-ED751AD489E6 changes role from null to FOLLOWER at term 0 for startAsFollower
2019-08-18 03:30:37,556 INFO  server.RaftServerConfigKeys (ConfUtils.java:logGet(43)) - raft.server.log.preallocated.size = 16384 (custom)
2019-08-18 03:30:37,557 INFO  impl.RoleInfo (RoleInfo.java:updateAndGet(143)) - 21fb6f03-9348-41f1-8a24-77c54b6d0f63: start FollowerState
2019-08-18 03:30:37,557 INFO  server.RaftServerConfigKeys (ConfUtils.java:logGet(43)) - raft.server.log.write.buffer.size = 33554432 (custom)
2019-08-18 03:30:37,557 INFO  server.RaftServerConfigKeys (ConfUtils.java:logGet(43)) - raft.server.log.write.buffer.size = 33554432 (custom)
2019-08-18 03:30:37,557 INFO  server.RaftServerConfigKeys (ConfUtils.java:logGet(43)) - raft.server.log.force.sync.num = 128 (default)
2019-08-18 03:30:37,557 INFO  server.RaftServerConfigKeys (ConfUtils.java:logGet(43)) - raft.server.log.force.sync.num = 128 (default)
2019-08-18 03:30:37,570 INFO  util.JmxRegister (JmxRegister.java:tryRegister(44)) - Successfully registered JMX Bean with object name Ratis:service=RaftServer,group=group-ED751AD489E6,id=21fb6f03-9348-41f1-8a24-77c54b6d0f63
2019-08-18 03:30:37,570 INFO  server.RaftServerConfigKeys (ConfUtils.java:logGet(43)) - raft.server.log.statemachine.data.sync = true (default)
2019-08-18 03:30:37,570 INFO  server.RaftServerConfigKeys (ConfUtils.java:logGet(43)) - raft.server.log.statemachine.data.sync = true (default)
2019-08-18 03:30:37,571 INFO  server.RaftServerConfigKeys (ConfUtils.java:logGet(43)) - raft.server.log.statemachine.data.sync.timeout = 10s (default)
2019-08-18 03:30:37,571 INFO  server.RaftServerConfigKeys (ConfUtils.java:logGet(43)) - raft.server.log.statemachine.data.sync.timeout = 10s (default)
2019-08-18 03:30:37,579 INFO  server.RaftServerConfigKeys (ConfUtils.java:logGet(43)) - raft.server.log.statemachine.data.sync.timeout.retry = -1 (default)
2019-08-18 03:30:37,579 INFO  server.RaftServerConfigKeys (ConfUtils.java:logGet(43)) - raft.server.log.statemachine.data.sync.timeout.retry = -1 (default)
2019-08-18 03:30:37,579 INFO  server.RaftServerConfigKeys (ConfUtils.java:logGet(43)) - raft.server.log.statemachine.data.caching.enabled = true (custom)
2019-08-18 03:30:37,579 INFO  server.RaftServerConfigKeys (ConfUtils.java:logGet(43)) - raft.server.log.statemachine.data.caching.enabled = true (custom)
2019-08-18 03:30:37,580 INFO  segmented.SegmentedRaftLogWorker (SegmentedRaftLogWorker.java:lambda$new$0(132)) - 15ed8384-c868-4ea0-ba4a-9269eb510e43-SegmentedRaftLogWorker:Storage Directory /workdir/hadoop-ozone/integration-test/target/test-dir/MiniOzoneClusterImpl-9099f0a0-2df3-4059-97d9-a1f48415580d/datanode-2/data/ratis/0f2428ab-ccc8-44e3-8d42-ed751ad489e6: flushIndex: setUnconditionally 0 -> -1
2019-08-18 03:30:37,580 INFO  segmented.SegmentedRaftLogWorker (SegmentedRaftLogWorker.java:lambda$new$0(132)) - 9278e409-f4e1-4cb1-9539-38fd79302033-SegmentedRaftLogWorker:Storage Directory /workdir/hadoop-ozone/integration-test/target/test-dir/MiniOzoneClusterImpl-9099f0a0-2df3-4059-97d9-a1f48415580d/datanode-1/data/ratis/0f2428ab-ccc8-44e3-8d42-ed751ad489e6: flushIndex: setUnconditionally 0 -> -1
2019-08-18 03:30:37,580 INFO  server.RaftServerConfigKeys (ConfUtils.java:logGet(43)) - raft.server.snapshot.auto.trigger.enabled = true (custom)
2019-08-18 03:30:37,580 INFO  server.RaftServerConfigKeys (ConfUtils.java:logGet(43)) - raft.server.snapshot.auto.trigger.enabled = true (custom)
2019-08-18 03:30:37,580 INFO  server.RaftServerConfigKeys (ConfUtils.java:logGet(43)) - raft.server.snapshot.auto.trigger.threshold = 10000 (custom)
2019-08-18 03:30:37,580 INFO  server.RaftServerConfigKeys (ConfUtils.java:logGet(43)) - raft.server.snapshot.auto.trigger.threshold = 10000 (custom)
2019-08-18 03:30:37,580 INFO  server.RaftServerConfigKeys (ConfUtils.java:logGet(43)) - raft.server.retrycache.expirytime = 600000ms (custom)
2019-08-18 03:30:37,581 INFO  server.RaftServerConfigKeys (ConfUtils.java:logGet(43)) - raft.server.retrycache.expirytime = 600000ms (custom)
2019-08-18 03:30:37,581 INFO  impl.RaftServerImpl (RaftServerImpl.java:start(180)) - 15ed8384-c868-4ea0-ba4a-9269eb510e43: start group-ED751AD489E6
2019-08-18 03:30:37,581 INFO  impl.RaftServerImpl (RaftServerImpl.java:start(180)) - 9278e409-f4e1-4cb1-9539-38fd79302033: start group-ED751AD489E6
2019-08-18 03:30:37,581 INFO  impl.RaftServerImpl (RaftServerImpl.java:setRole(171)) - 15ed8384-c868-4ea0-ba4a-9269eb510e43:group-ED751AD489E6 changes role from null to FOLLOWER at term 0 for startAsFollower
2019-08-18 03:30:37,581 INFO  impl.RaftServerImpl (RaftServerImpl.java:setRole(171)) - 9278e409-f4e1-4cb1-9539-38fd79302033:group-ED751AD489E6 changes role from null to FOLLOWER at term 0 for startAsFollower
2019-08-18 03:30:37,581 INFO  impl.RoleInfo (RoleInfo.java:updateAndGet(143)) - 15ed8384-c868-4ea0-ba4a-9269eb510e43: start FollowerState
2019-08-18 03:30:37,581 INFO  impl.RoleInfo (RoleInfo.java:updateAndGet(143)) - 9278e409-f4e1-4cb1-9539-38fd79302033: start FollowerState
2019-08-18 03:30:37,582 INFO  util.JmxRegister (JmxRegister.java:tryRegister(44)) - Successfully registered JMX Bean with object name Ratis:service=RaftServer,group=group-ED751AD489E6,id=15ed8384-c868-4ea0-ba4a-9269eb510e43
2019-08-18 03:30:37,582 INFO  util.JmxRegister (JmxRegister.java:tryRegister(44)) - Successfully registered JMX Bean with object name Ratis:service=RaftServer,group=group-ED751AD489E6,id=9278e409-f4e1-4cb1-9539-38fd79302033
2019-08-18 03:30:37,584 INFO  pipeline.PipelineStateManager (PipelineStateManager.java:addPipeline(56)) - Created pipeline Pipeline[ Id: 0f2428ab-ccc8-44e3-8d42-ed751ad489e6, Nodes: 15ed8384-c868-4ea0-ba4a-9269eb510e43{ip: 192.168.69.121, host: byscane-nightly-jvqb9-734128259, networkLocation: /default-rack, certSerialId: null}9278e409-f4e1-4cb1-9539-38fd79302033{ip: 192.168.69.121, host: byscane-nightly-jvqb9-734128259, networkLocation: /default-rack, certSerialId: null}21fb6f03-9348-41f1-8a24-77c54b6d0f63{ip: 192.168.69.121, host: byscane-nightly-jvqb9-734128259, networkLocation: /default-rack, certSerialId: null}, Type:RATIS, Factor:THREE, State:OPEN]
2019-08-18 03:30:37,628 INFO  net.NetworkTopology (NetworkTopologyImpl.java:add(110)) - Added a new node: /default-rack/14a95ce3-2ce8-42f0-83d3-2c800e36461d
2019-08-18 03:30:37,628 INFO  node.SCMNodeManager (SCMNodeManager.java:register(273)) - Registered Data node : 14a95ce3-2ce8-42f0-83d3-2c800e36461d{ip: 192.168.69.121, host: byscane-nightly-jvqb9-734128259, networkLocation: /default-rack, certSerialId: null}
2019-08-18 03:30:37,637 INFO  impl.RaftServerProxy (RaftServerProxy.java:addNew(89)) - 14a95ce3-2ce8-42f0-83d3-2c800e36461d: addNew group-B74EC4358BA8:[14a95ce3-2ce8-42f0-83d3-2c800e36461d:192.168.69.121:39595] returns group-B74EC4358BA8:java.util.concurrent.CompletableFuture@4b1b36f[Not completed]
2019-08-18 03:30:37,638 INFO  impl.RaftServerImpl (RaftServerImpl.java:<init>(93)) - 14a95ce3-2ce8-42f0-83d3-2c800e36461d: new RaftServerImpl for group-B74EC4358BA8:[14a95ce3-2ce8-42f0-83d3-2c800e36461d:192.168.69.121:39595] with ContainerStateMachine:uninitialized
2019-08-18 03:30:37,638 INFO  server.RaftServerConfigKeys (ConfUtils.java:logGet(43)) - raft.server.rpc.timeout.min = 5s (custom)
2019-08-18 03:30:37,638 INFO  server.RaftServerConfigKeys (ConfUtils.java:logGet(43)) - raft.server.rpc.timeout.max = 5200ms (custom)
2019-08-18 03:30:37,638 INFO  server.RaftServerConfigKeys (ConfUtils.java:logGet(43)) - raft.server.rpcslowness.timeout = 120s (custom)
2019-08-18 03:30:37,638 INFO  server.RaftServerConfigKeys (ConfUtils.java:logGet(43)) - raft.server.sleep.deviation.threshold = 300 (default)
2019-08-18 03:30:37,638 INFO  server.RaftServerConfigKeys (ConfUtils.java:logGet(43)) - raft.server.log.appender.install.snapshot.enabled = false (custom)
2019-08-18 03:30:37,639 INFO  impl.RaftServerImpl (ServerState.java:<init>(105)) - 14a95ce3-2ce8-42f0-83d3-2c800e36461d:group-B74EC4358BA8 ConfigurationManager, init=-1: [14a95ce3-2ce8-42f0-83d3-2c800e36461d:192.168.69.121:39595], old=null, confs=<EMPTY_MAP>
2019-08-18 03:30:37,639 INFO  server.RaftServerConfigKeys (ConfUtils.java:logGet(43)) - raft.server.storage.dir = [/workdir/hadoop-ozone/integration-test/target/test-dir/MiniOzoneClusterImpl-9099f0a0-2df3-4059-97d9-a1f48415580d/datanode-3/data/ratis] (custom)
2019-08-18 03:30:37,639 INFO  storage.RaftStorageDirectory (RaftStorageDirectory.java:analyzeStorage(246)) - The storage directory /workdir/hadoop-ozone/integration-test/target/test-dir/MiniOzoneClusterImpl-9099f0a0-2df3-4059-97d9-a1f48415580d/datanode-3/data/ratis/9dccf818-b550-41c9-a0af-b74ec4358ba8 does not exist. Creating ...
2019-08-18 03:30:37,652 INFO  storage.RaftStorageDirectory (RaftStorageDirectory.java:tryLock(328)) - Lock on /workdir/hadoop-ozone/integration-test/target/test-dir/MiniOzoneClusterImpl-9099f0a0-2df3-4059-97d9-a1f48415580d/datanode-3/data/ratis/9dccf818-b550-41c9-a0af-b74ec4358ba8/in_use.lock acquired by nodename 17074@byscane-nightly-jvqb9-734128259
2019-08-18 03:30:37,667 INFO  storage.RaftStorage (RaftStorage.java:format(72)) - Storage directory /workdir/hadoop-ozone/integration-test/target/test-dir/MiniOzoneClusterImpl-9099f0a0-2df3-4059-97d9-a1f48415580d/datanode-3/data/ratis/9dccf818-b550-41c9-a0af-b74ec4358ba8 has been successfully formatted.
2019-08-18 03:30:37,667 INFO  ratis.ContainerStateMachine (ContainerStateMachine.java:loadSnapshot(213)) - group-B74EC4358BA8: The snapshot info is null. Setting the last applied indexto:(t:0, i:~)
2019-08-18 03:30:37,667 INFO  server.RaftServerConfigKeys (ConfUtils.java:logGet(43)) - raft.server.leader.election.timeout = 120s (custom)
2019-08-18 03:30:37,667 INFO  server.RaftServerConfigKeys (ConfUtils.java:logGet(43)) - raft.server.log.use.memory = false (default)
2019-08-18 03:30:37,667 INFO  server.RaftServerConfigKeys (ConfUtils.java:logGet(43)) - raft.server.log.purge.gap = 1000000000 (custom)
2019-08-18 03:30:37,667 INFO  server.RaftServerConfigKeys (ConfUtils.java:logGet(43)) - raft.server.log.appender.buffer.byte-limit = 33554432 (custom)
2019-08-18 03:30:37,667 INFO  server.RaftServerConfigKeys (ConfUtils.java:logGet(43)) - raft.server.log.segment.size.max = 1048576 (custom)
2019-08-18 03:30:37,668 INFO  server.RaftServerConfigKeys (ConfUtils.java:logGet(43)) - raft.server.log.segment.cache.num.max = 2 (custom)
2019-08-18 03:30:37,668 INFO  segmented.SegmentedRaftLogWorker (SegmentedRaftLogWorker.java:<init>(172)) - new 14a95ce3-2ce8-42f0-83d3-2c800e36461d-SegmentedRaftLogWorker:Storage Directory /workdir/hadoop-ozone/integration-test/target/test-dir/MiniOzoneClusterImpl-9099f0a0-2df3-4059-97d9-a1f48415580d/datanode-3/data/ratis/9dccf818-b550-41c9-a0af-b74ec4358ba8 for RaftStorage:Storage Directory /workdir/hadoop-ozone/integration-test/target/test-dir/MiniOzoneClusterImpl-9099f0a0-2df3-4059-97d9-a1f48415580d/datanode-3/data/ratis/9dccf818-b550-41c9-a0af-b74ec4358ba8
2019-08-18 03:30:37,668 INFO  server.RaftServerConfigKeys (ConfUtils.java:logGet(43)) - raft.server.log.queue.byte-limit = 2147483647 (custom)
2019-08-18 03:30:37,668 INFO  server.RaftServerConfigKeys (ConfUtils.java:logGet(43)) - raft.server.log.queue.element-limit = 1024 (custom)
2019-08-18 03:30:37,668 INFO  server.RaftServerConfigKeys (ConfUtils.java:logGet(43)) - raft.server.log.segment.size.max = 1048576 (custom)
2019-08-18 03:30:37,668 INFO  server.RaftServerConfigKeys (ConfUtils.java:logGet(43)) - raft.server.log.preallocated.size = 16384 (custom)
2019-08-18 03:30:37,669 INFO  server.RaftServerConfigKeys (ConfUtils.java:logGet(43)) - raft.server.log.write.buffer.size = 33554432 (custom)
2019-08-18 03:30:37,669 INFO  server.RaftServerConfigKeys (ConfUtils.java:logGet(43)) - raft.server.log.force.sync.num = 128 (default)
2019-08-18 03:30:37,669 INFO  server.RaftServerConfigKeys (ConfUtils.java:logGet(43)) - raft.server.log.statemachine.data.sync = true (default)
2019-08-18 03:30:37,669 INFO  server.RaftServerConfigKeys (ConfUtils.java:logGet(43)) - raft.server.log.statemachine.data.sync.timeout = 10s (default)
2019-08-18 03:30:37,669 INFO  server.RaftServerConfigKeys (ConfUtils.java:logGet(43)) - raft.server.log.statemachine.data.sync.timeout.retry = -1 (default)
2019-08-18 03:30:37,669 INFO  server.RaftServerConfigKeys (ConfUtils.java:logGet(43)) - raft.server.log.statemachine.data.caching.enabled = true (custom)
2019-08-18 03:30:37,670 INFO  segmented.SegmentedRaftLogWorker (SegmentedRaftLogWorker.java:lambda$new$0(132)) - 14a95ce3-2ce8-42f0-83d3-2c800e36461d-SegmentedRaftLogWorker:Storage Directory /workdir/hadoop-ozone/integration-test/target/test-dir/MiniOzoneClusterImpl-9099f0a0-2df3-4059-97d9-a1f48415580d/datanode-3/data/ratis/9dccf818-b550-41c9-a0af-b74ec4358ba8: flushIndex: setUnconditionally 0 -> -1
2019-08-18 03:30:37,670 INFO  server.RaftServerConfigKeys (ConfUtils.java:logGet(43)) - raft.server.snapshot.auto.trigger.enabled = true (custom)
2019-08-18 03:30:37,670 INFO  server.RaftServerConfigKeys (ConfUtils.java:logGet(43)) - raft.server.snapshot.auto.trigger.threshold = 10000 (custom)
2019-08-18 03:30:37,670 INFO  server.RaftServerConfigKeys (ConfUtils.java:logGet(43)) - raft.server.retrycache.expirytime = 600000ms (custom)
2019-08-18 03:30:37,671 INFO  impl.RaftServerImpl (RaftServerImpl.java:start(180)) - 14a95ce3-2ce8-42f0-83d3-2c800e36461d: start group-B74EC4358BA8
2019-08-18 03:30:37,671 INFO  impl.RaftServerImpl (RaftServerImpl.java:setRole(171)) - 14a95ce3-2ce8-42f0-83d3-2c800e36461d:group-B74EC4358BA8 changes role from null to FOLLOWER at term 0 for startAsFollower
2019-08-18 03:30:37,671 INFO  impl.RoleInfo (RoleInfo.java:updateAndGet(143)) - 14a95ce3-2ce8-42f0-83d3-2c800e36461d: start FollowerState
2019-08-18 03:30:37,672 INFO  util.JmxRegister (JmxRegister.java:tryRegister(44)) - Successfully registered JMX Bean with object name Ratis:service=RaftServer,group=group-B74EC4358BA8,id=14a95ce3-2ce8-42f0-83d3-2c800e36461d
2019-08-18 03:30:37,673 INFO  pipeline.PipelineStateManager (PipelineStateManager.java:addPipeline(56)) - Created pipeline Pipeline[ Id: 9dccf818-b550-41c9-a0af-b74ec4358ba8, Nodes: 14a95ce3-2ce8-42f0-83d3-2c800e36461d{ip: 192.168.69.121, host: byscane-nightly-jvqb9-734128259, networkLocation: /default-rack, certSerialId: null}, Type:RATIS, Factor:ONE, State:OPEN]
2019-08-18 03:30:37,793 INFO  net.NetworkTopology (NetworkTopologyImpl.java:add(110)) - Added a new node: /default-rack/18ecf6ef-f37f-416b-84f4-1f5a860991da
2019-08-18 03:30:37,793 INFO  node.SCMNodeManager (SCMNodeManager.java:register(273)) - Registered Data node : 18ecf6ef-f37f-416b-84f4-1f5a860991da{ip: 192.168.69.121, host: byscane-nightly-jvqb9-734128259, networkLocation: /default-rack, certSerialId: null}
2019-08-18 03:30:37,800 INFO  impl.RaftServerProxy (RaftServerProxy.java:addNew(89)) - 18ecf6ef-f37f-416b-84f4-1f5a860991da: addNew group-97770003885C:[18ecf6ef-f37f-416b-84f4-1f5a860991da:192.168.69.121:42653] returns group-97770003885C:java.util.concurrent.CompletableFuture@21ea58d8[Not completed]
2019-08-18 03:30:37,801 INFO  impl.RaftServerImpl (RaftServerImpl.java:<init>(93)) - 18ecf6ef-f37f-416b-84f4-1f5a860991da: new RaftServerImpl for group-97770003885C:[18ecf6ef-f37f-416b-84f4-1f5a860991da:192.168.69.121:42653] with ContainerStateMachine:uninitialized
2019-08-18 03:30:37,801 INFO  server.RaftServerConfigKeys (ConfUtils.java:logGet(43)) - raft.server.rpc.timeout.min = 5s (custom)
2019-08-18 03:30:37,801 INFO  server.RaftServerConfigKeys (ConfUtils.java:logGet(43)) - raft.server.rpc.timeout.max = 5200ms (custom)
2019-08-18 03:30:37,801 INFO  server.RaftServerConfigKeys (ConfUtils.java:logGet(43)) - raft.server.rpcslowness.timeout = 120s (custom)
2019-08-18 03:30:37,802 INFO  server.RaftServerConfigKeys (ConfUtils.java:logGet(43)) - raft.server.sleep.deviation.threshold = 300 (default)
2019-08-18 03:30:37,802 INFO  server.RaftServerConfigKeys (ConfUtils.java:logGet(43)) - raft.server.log.appender.install.snapshot.enabled = false (custom)
2019-08-18 03:30:37,802 INFO  impl.RaftServerImpl (ServerState.java:<init>(105)) - 18ecf6ef-f37f-416b-84f4-1f5a860991da:group-97770003885C ConfigurationManager, init=-1: [18ecf6ef-f37f-416b-84f4-1f5a860991da:192.168.69.121:42653], old=null, confs=<EMPTY_MAP>
2019-08-18 03:30:37,802 INFO  server.RaftServerConfigKeys (ConfUtils.java:logGet(43)) - raft.server.storage.dir = [/workdir/hadoop-ozone/integration-test/target/test-dir/MiniOzoneClusterImpl-9099f0a0-2df3-4059-97d9-a1f48415580d/datanode-4/data/ratis] (custom)
2019-08-18 03:30:37,802 INFO  storage.RaftStorageDirectory (RaftStorageDirectory.java:analyzeStorage(246)) - The storage directory /workdir/hadoop-ozone/integration-test/target/test-dir/MiniOzoneClusterImpl-9099f0a0-2df3-4059-97d9-a1f48415580d/datanode-4/data/ratis/d7ec1348-3ecd-4505-922b-97770003885c does not exist. Creating ...
2019-08-18 03:30:37,816 INFO  storage.RaftStorageDirectory (RaftStorageDirectory.java:tryLock(328)) - Lock on /workdir/hadoop-ozone/integration-test/target/test-dir/MiniOzoneClusterImpl-9099f0a0-2df3-4059-97d9-a1f48415580d/datanode-4/data/ratis/d7ec1348-3ecd-4505-922b-97770003885c/in_use.lock acquired by nodename 17074@byscane-nightly-jvqb9-734128259
2019-08-18 03:30:37,830 INFO  storage.RaftStorage (RaftStorage.java:format(72)) - Storage directory /workdir/hadoop-ozone/integration-test/target/test-dir/MiniOzoneClusterImpl-9099f0a0-2df3-4059-97d9-a1f48415580d/datanode-4/data/ratis/d7ec1348-3ecd-4505-922b-97770003885c has been successfully formatted.
2019-08-18 03:30:37,830 INFO  ratis.ContainerStateMachine (ContainerStateMachine.java:loadSnapshot(213)) - group-97770003885C: The snapshot info is null. Setting the last applied indexto:(t:0, i:~)
2019-08-18 03:30:37,830 INFO  server.RaftServerConfigKeys (ConfUtils.java:logGet(43)) - raft.server.leader.election.timeout = 120s (custom)
2019-08-18 03:30:37,831 INFO  server.RaftServerConfigKeys (ConfUtils.java:logGet(43)) - raft.server.log.use.memory = false (default)
2019-08-18 03:30:37,831 INFO  server.RaftServerConfigKeys (ConfUtils.java:logGet(43)) - raft.server.log.purge.gap = 1000000000 (custom)
2019-08-18 03:30:37,831 INFO  server.RaftServerConfigKeys (ConfUtils.java:logGet(43)) - raft.server.log.appender.buffer.byte-limit = 33554432 (custom)
2019-08-18 03:30:37,831 INFO  server.RaftServerConfigKeys (ConfUtils.java:logGet(43)) - raft.server.log.segment.size.max = 1048576 (custom)
2019-08-18 03:30:37,831 INFO  server.RaftServerConfigKeys (ConfUtils.java:logGet(43)) - raft.server.log.segment.cache.num.max = 2 (custom)
2019-08-18 03:30:37,831 INFO  segmented.SegmentedRaftLogWorker (SegmentedRaftLogWorker.java:<init>(172)) - new 18ecf6ef-f37f-416b-84f4-1f5a860991da-SegmentedRaftLogWorker:Storage Directory /workdir/hadoop-ozone/integration-test/target/test-dir/MiniOzoneClusterImpl-9099f0a0-2df3-4059-97d9-a1f48415580d/datanode-4/data/ratis/d7ec1348-3ecd-4505-922b-97770003885c for RaftStorage:Storage Directory /workdir/hadoop-ozone/integration-test/target/test-dir/MiniOzoneClusterImpl-9099f0a0-2df3-4059-97d9-a1f48415580d/datanode-4/data/ratis/d7ec1348-3ecd-4505-922b-97770003885c
2019-08-18 03:30:37,831 INFO  server.RaftServerConfigKeys (ConfUtils.java:logGet(43)) - raft.server.log.queue.byte-limit = 2147483647 (custom)
2019-08-18 03:30:37,832 INFO  server.RaftServerConfigKeys (ConfUtils.java:logGet(43)) - raft.server.log.queue.element-limit = 1024 (custom)
2019-08-18 03:30:37,832 INFO  server.RaftServerConfigKeys (ConfUtils.java:logGet(43)) - raft.server.log.segment.size.max = 1048576 (custom)
2019-08-18 03:30:37,832 INFO  server.RaftServerConfigKeys (ConfUtils.java:logGet(43)) - raft.server.log.preallocated.size = 16384 (custom)
2019-08-18 03:30:37,832 INFO  server.RaftServerConfigKeys (ConfUtils.java:logGet(43)) - raft.server.log.write.buffer.size = 33554432 (custom)
2019-08-18 03:30:37,832 INFO  server.RaftServerConfigKeys (ConfUtils.java:logGet(43)) - raft.server.log.force.sync.num = 128 (default)
2019-08-18 03:30:37,832 INFO  server.RaftServerConfigKeys (ConfUtils.java:logGet(43)) - raft.server.log.statemachine.data.sync = true (default)
2019-08-18 03:30:37,833 INFO  server.RaftServerConfigKeys (ConfUtils.java:logGet(43)) - raft.server.log.statemachine.data.sync.timeout = 10s (default)
2019-08-18 03:30:37,833 INFO  server.RaftServerConfigKeys (ConfUtils.java:logGet(43)) - raft.server.log.statemachine.data.sync.timeout.retry = -1 (default)
2019-08-18 03:30:37,833 INFO  server.RaftServerConfigKeys (ConfUtils.java:logGet(43)) - raft.server.log.statemachine.data.caching.enabled = true (custom)
2019-08-18 03:30:37,833 INFO  segmented.SegmentedRaftLogWorker (SegmentedRaftLogWorker.java:lambda$new$0(132)) - 18ecf6ef-f37f-416b-84f4-1f5a860991da-SegmentedRaftLogWorker:Storage Directory /workdir/hadoop-ozone/integration-test/target/test-dir/MiniOzoneClusterImpl-9099f0a0-2df3-4059-97d9-a1f48415580d/datanode-4/data/ratis/d7ec1348-3ecd-4505-922b-97770003885c: flushIndex: setUnconditionally 0 -> -1
2019-08-18 03:30:37,834 INFO  server.RaftServerConfigKeys (ConfUtils.java:logGet(43)) - raft.server.snapshot.auto.trigger.enabled = true (custom)
2019-08-18 03:30:37,834 INFO  server.RaftServerConfigKeys (ConfUtils.java:logGet(43)) - raft.server.snapshot.auto.trigger.threshold = 10000 (custom)
2019-08-18 03:30:37,834 INFO  server.RaftServerConfigKeys (ConfUtils.java:logGet(43)) - raft.server.retrycache.expirytime = 600000ms (custom)
2019-08-18 03:30:37,834 INFO  impl.RaftServerImpl (RaftServerImpl.java:start(180)) - 18ecf6ef-f37f-416b-84f4-1f5a860991da: start group-97770003885C
2019-08-18 03:30:37,834 INFO  impl.RaftServerImpl (RaftServerImpl.java:setRole(171)) - 18ecf6ef-f37f-416b-84f4-1f5a860991da:group-97770003885C changes role from null to FOLLOWER at term 0 for startAsFollower
2019-08-18 03:30:37,835 INFO  impl.RoleInfo (RoleInfo.java:updateAndGet(143)) - 18ecf6ef-f37f-416b-84f4-1f5a860991da: start FollowerState
2019-08-18 03:30:37,835 INFO  util.JmxRegister (JmxRegister.java:tryRegister(44)) - Successfully registered JMX Bean with object name Ratis:service=RaftServer,group=group-97770003885C,id=18ecf6ef-f37f-416b-84f4-1f5a860991da
2019-08-18 03:30:37,837 INFO  pipeline.PipelineStateManager (PipelineStateManager.java:addPipeline(56)) - Created pipeline Pipeline[ Id: d7ec1348-3ecd-4505-922b-97770003885c, Nodes: 18ecf6ef-f37f-416b-84f4-1f5a860991da{ip: 192.168.69.121, host: byscane-nightly-jvqb9-734128259, networkLocation: /default-rack, certSerialId: null}, Type:RATIS, Factor:ONE, State:OPEN]
2019-08-18 03:30:37,953 INFO  net.NetworkTopology (NetworkTopologyImpl.java:add(110)) - Added a new node: /default-rack/b5ebf1d2-50b1-44fd-809a-910fb604fdc3
2019-08-18 03:30:37,953 INFO  node.SCMNodeManager (SCMNodeManager.java:register(273)) - Registered Data node : b5ebf1d2-50b1-44fd-809a-910fb604fdc3{ip: 192.168.69.121, host: byscane-nightly-jvqb9-734128259, networkLocation: /default-rack, certSerialId: null}
2019-08-18 03:30:37,960 INFO  impl.RaftServerProxy (RaftServerProxy.java:addNew(89)) - b5ebf1d2-50b1-44fd-809a-910fb604fdc3: addNew group-BF104C73D0FB:[b5ebf1d2-50b1-44fd-809a-910fb604fdc3:192.168.69.121:42687] returns group-BF104C73D0FB:java.util.concurrent.CompletableFuture@1b6c300e[Not completed]
2019-08-18 03:30:37,961 INFO  impl.RaftServerImpl (RaftServerImpl.java:<init>(93)) - b5ebf1d2-50b1-44fd-809a-910fb604fdc3: new RaftServerImpl for group-BF104C73D0FB:[b5ebf1d2-50b1-44fd-809a-910fb604fdc3:192.168.69.121:42687] with ContainerStateMachine:uninitialized
2019-08-18 03:30:37,961 INFO  server.RaftServerConfigKeys (ConfUtils.java:logGet(43)) - raft.server.rpc.timeout.min = 5s (custom)
2019-08-18 03:30:37,961 INFO  server.RaftServerConfigKeys (ConfUtils.java:logGet(43)) - raft.server.rpc.timeout.max = 5200ms (custom)
2019-08-18 03:30:37,961 INFO  server.RaftServerConfigKeys (ConfUtils.java:logGet(43)) - raft.server.rpcslowness.timeout = 120s (custom)
2019-08-18 03:30:37,962 INFO  server.RaftServerConfigKeys (ConfUtils.java:logGet(43)) - raft.server.sleep.deviation.threshold = 300 (default)
2019-08-18 03:30:37,962 INFO  server.RaftServerConfigKeys (ConfUtils.java:logGet(43)) - raft.server.log.appender.install.snapshot.enabled = false (custom)
2019-08-18 03:30:37,962 INFO  impl.RaftServerImpl (ServerState.java:<init>(105)) - b5ebf1d2-50b1-44fd-809a-910fb604fdc3:group-BF104C73D0FB ConfigurationManager, init=-1: [b5ebf1d2-50b1-44fd-809a-910fb604fdc3:192.168.69.121:42687], old=null, confs=<EMPTY_MAP>
2019-08-18 03:30:37,962 INFO  server.RaftServerConfigKeys (ConfUtils.java:logGet(43)) - raft.server.storage.dir = [/workdir/hadoop-ozone/integration-test/target/test-dir/MiniOzoneClusterImpl-9099f0a0-2df3-4059-97d9-a1f48415580d/datanode-5/data/ratis] (custom)
2019-08-18 03:30:37,962 INFO  storage.RaftStorageDirectory (RaftStorageDirectory.java:analyzeStorage(246)) - The storage directory /workdir/hadoop-ozone/integration-test/target/test-dir/MiniOzoneClusterImpl-9099f0a0-2df3-4059-97d9-a1f48415580d/datanode-5/data/ratis/92cf1ef8-dc5e-4684-a026-bf104c73d0fb does not exist. Creating ...
2019-08-18 03:30:37,975 INFO  storage.RaftStorageDirectory (RaftStorageDirectory.java:tryLock(328)) - Lock on /workdir/hadoop-ozone/integration-test/target/test-dir/MiniOzoneClusterImpl-9099f0a0-2df3-4059-97d9-a1f48415580d/datanode-5/data/ratis/92cf1ef8-dc5e-4684-a026-bf104c73d0fb/in_use.lock acquired by nodename 17074@byscane-nightly-jvqb9-734128259
2019-08-18 03:30:37,989 INFO  storage.RaftStorage (RaftStorage.java:format(72)) - Storage directory /workdir/hadoop-ozone/integration-test/target/test-dir/MiniOzoneClusterImpl-9099f0a0-2df3-4059-97d9-a1f48415580d/datanode-5/data/ratis/92cf1ef8-dc5e-4684-a026-bf104c73d0fb has been successfully formatted.
2019-08-18 03:30:37,989 INFO  ratis.ContainerStateMachine (ContainerStateMachine.java:loadSnapshot(213)) - group-BF104C73D0FB: The snapshot info is null. Setting the last applied indexto:(t:0, i:~)
2019-08-18 03:30:37,989 INFO  server.RaftServerConfigKeys (ConfUtils.java:logGet(43)) - raft.server.leader.election.timeout = 120s (custom)
2019-08-18 03:30:37,990 INFO  server.RaftServerConfigKeys (ConfUtils.java:logGet(43)) - raft.server.log.use.memory = false (default)
2019-08-18 03:30:37,990 INFO  server.RaftServerConfigKeys (ConfUtils.java:logGet(43)) - raft.server.log.purge.gap = 1000000000 (custom)
2019-08-18 03:30:37,990 INFO  server.RaftServerConfigKeys (ConfUtils.java:logGet(43)) - raft.server.log.appender.buffer.byte-limit = 33554432 (custom)
2019-08-18 03:30:37,990 INFO  server.RaftServerConfigKeys (ConfUtils.java:logGet(43)) - raft.server.log.segment.size.max = 1048576 (custom)
2019-08-18 03:30:37,990 INFO  server.RaftServerConfigKeys (ConfUtils.java:logGet(43)) - raft.server.log.segment.cache.num.max = 2 (custom)
2019-08-18 03:30:37,990 INFO  segmented.SegmentedRaftLogWorker (SegmentedRaftLogWorker.java:<init>(172)) - new b5ebf1d2-50b1-44fd-809a-910fb604fdc3-SegmentedRaftLogWorker:Storage Directory /workdir/hadoop-ozone/integration-test/target/test-dir/MiniOzoneClusterImpl-9099f0a0-2df3-4059-97d9-a1f48415580d/datanode-5/data/ratis/92cf1ef8-dc5e-4684-a026-bf104c73d0fb for RaftStorage:Storage Directory /workdir/hadoop-ozone/integration-test/target/test-dir/MiniOzoneClusterImpl-9099f0a0-2df3-4059-97d9-a1f48415580d/datanode-5/data/ratis/92cf1ef8-dc5e-4684-a026-bf104c73d0fb
2019-08-18 03:30:37,991 INFO  server.RaftServerConfigKeys (ConfUtils.java:logGet(43)) - raft.server.log.queue.byte-limit = 2147483647 (custom)
2019-08-18 03:30:37,991 INFO  server.RaftServerConfigKeys (ConfUtils.java:logGet(43)) - raft.server.log.queue.element-limit = 1024 (custom)
2019-08-18 03:30:37,991 INFO  server.RaftServerConfigKeys (ConfUtils.java:logGet(43)) - raft.server.log.segment.size.max = 1048576 (custom)
2019-08-18 03:30:37,991 INFO  server.RaftServerConfigKeys (ConfUtils.java:logGet(43)) - raft.server.log.preallocated.size = 16384 (custom)
2019-08-18 03:30:37,991 INFO  server.RaftServerConfigKeys (ConfUtils.java:logGet(43)) - raft.server.log.write.buffer.size = 33554432 (custom)
2019-08-18 03:30:37,991 INFO  server.RaftServerConfigKeys (ConfUtils.java:logGet(43)) - raft.server.log.force.sync.num = 128 (default)
2019-08-18 03:30:37,991 INFO  server.RaftServerConfigKeys (ConfUtils.java:logGet(43)) - raft.server.log.statemachine.data.sync = true (default)
2019-08-18 03:30:37,992 INFO  server.RaftServerConfigKeys (ConfUtils.java:logGet(43)) - raft.server.log.statemachine.data.sync.timeout = 10s (default)
2019-08-18 03:30:37,992 INFO  server.RaftServerConfigKeys (ConfUtils.java:logGet(43)) - raft.server.log.statemachine.data.sync.timeout.retry = -1 (default)
2019-08-18 03:30:37,992 INFO  server.RaftServerConfigKeys (ConfUtils.java:logGet(43)) - raft.server.log.statemachine.data.caching.enabled = true (custom)
2019-08-18 03:30:37,992 INFO  segmented.SegmentedRaftLogWorker (SegmentedRaftLogWorker.java:lambda$new$0(132)) - b5ebf1d2-50b1-44fd-809a-910fb604fdc3-SegmentedRaftLogWorker:Storage Directory /workdir/hadoop-ozone/integration-test/target/test-dir/MiniOzoneClusterImpl-9099f0a0-2df3-4059-97d9-a1f48415580d/datanode-5/data/ratis/92cf1ef8-dc5e-4684-a026-bf104c73d0fb: flushIndex: setUnconditionally 0 -> -1
2019-08-18 03:30:37,993 INFO  server.RaftServerConfigKeys (ConfUtils.java:logGet(43)) - raft.server.snapshot.auto.trigger.enabled = true (custom)
2019-08-18 03:30:37,993 INFO  server.RaftServerConfigKeys (ConfUtils.java:logGet(43)) - raft.server.snapshot.auto.trigger.threshold = 10000 (custom)
2019-08-18 03:30:37,993 INFO  server.RaftServerConfigKeys (ConfUtils.java:logGet(43)) - raft.server.retrycache.expirytime = 600000ms (custom)
2019-08-18 03:30:37,993 INFO  impl.RaftServerImpl (RaftServerImpl.java:start(180)) - b5ebf1d2-50b1-44fd-809a-910fb604fdc3: start group-BF104C73D0FB
2019-08-18 03:30:37,993 INFO  impl.RaftServerImpl (RaftServerImpl.java:setRole(171)) - b5ebf1d2-50b1-44fd-809a-910fb604fdc3:group-BF104C73D0FB changes role from null to FOLLOWER at term 0 for startAsFollower
2019-08-18 03:30:37,994 INFO  impl.RoleInfo (RoleInfo.java:updateAndGet(143)) - b5ebf1d2-50b1-44fd-809a-910fb604fdc3: start FollowerState
2019-08-18 03:30:37,994 INFO  util.JmxRegister (JmxRegister.java:tryRegister(44)) - Successfully registered JMX Bean with object name Ratis:service=RaftServer,group=group-BF104C73D0FB,id=b5ebf1d2-50b1-44fd-809a-910fb604fdc3
2019-08-18 03:30:37,996 INFO  pipeline.PipelineStateManager (PipelineStateManager.java:addPipeline(56)) - Created pipeline Pipeline[ Id: 92cf1ef8-dc5e-4684-a026-bf104c73d0fb, Nodes: b5ebf1d2-50b1-44fd-809a-910fb604fdc3{ip: 192.168.69.121, host: byscane-nightly-jvqb9-734128259, networkLocation: /default-rack, certSerialId: null}, Type:RATIS, Factor:ONE, State:OPEN]
2019-08-18 03:30:38,009 INFO  impl.RaftServerProxy (RaftServerProxy.java:addNew(89)) - 14a95ce3-2ce8-42f0-83d3-2c800e36461d: addNew group-E316804E628A:[14a95ce3-2ce8-42f0-83d3-2c800e36461d:192.168.69.121:39595, 18ecf6ef-f37f-416b-84f4-1f5a860991da:192.168.69.121:42653, b5ebf1d2-50b1-44fd-809a-910fb604fdc3:192.168.69.121:42687] returns group-E316804E628A:java.util.concurrent.CompletableFuture@6c788a2f[Not completed]
2019-08-18 03:30:38,009 INFO  impl.RaftServerProxy (RaftServerProxy.java:addNew(89)) - b5ebf1d2-50b1-44fd-809a-910fb604fdc3: addNew group-E316804E628A:[14a95ce3-2ce8-42f0-83d3-2c800e36461d:192.168.69.121:39595, 18ecf6ef-f37f-416b-84f4-1f5a860991da:192.168.69.121:42653, b5ebf1d2-50b1-44fd-809a-910fb604fdc3:192.168.69.121:42687] returns group-E316804E628A:java.util.concurrent.CompletableFuture@d751cd1[Not completed]
2019-08-18 03:30:38,009 INFO  impl.RaftServerProxy (RaftServerProxy.java:addNew(89)) - 18ecf6ef-f37f-416b-84f4-1f5a860991da: addNew group-E316804E628A:[14a95ce3-2ce8-42f0-83d3-2c800e36461d:192.168.69.121:39595, 18ecf6ef-f37f-416b-84f4-1f5a860991da:192.168.69.121:42653, b5ebf1d2-50b1-44fd-809a-910fb604fdc3:192.168.69.121:42687] returns group-E316804E628A:java.util.concurrent.CompletableFuture@10bfbf2f[Not completed]
2019-08-18 03:30:38,010 INFO  impl.RaftServerImpl (RaftServerImpl.java:<init>(93)) - 18ecf6ef-f37f-416b-84f4-1f5a860991da: new RaftServerImpl for group-E316804E628A:[14a95ce3-2ce8-42f0-83d3-2c800e36461d:192.168.69.121:39595, 18ecf6ef-f37f-416b-84f4-1f5a860991da:192.168.69.121:42653, b5ebf1d2-50b1-44fd-809a-910fb604fdc3:192.168.69.121:42687] with ContainerStateMachine:uninitialized
2019-08-18 03:30:38,010 INFO  server.RaftServerConfigKeys (ConfUtils.java:logGet(43)) - raft.server.rpc.timeout.min = 5s (custom)
2019-08-18 03:30:38,010 INFO  server.RaftServerConfigKeys (ConfUtils.java:logGet(43)) - raft.server.rpc.timeout.max = 5200ms (custom)
2019-08-18 03:30:38,010 INFO  impl.RaftServerImpl (RaftServerImpl.java:<init>(93)) - b5ebf1d2-50b1-44fd-809a-910fb604fdc3: new RaftServerImpl for group-E316804E628A:[14a95ce3-2ce8-42f0-83d3-2c800e36461d:192.168.69.121:39595, 18ecf6ef-f37f-416b-84f4-1f5a860991da:192.168.69.121:42653, b5ebf1d2-50b1-44fd-809a-910fb604fdc3:192.168.69.121:42687] with ContainerStateMachine:uninitialized
2019-08-18 03:30:38,010 INFO  server.RaftServerConfigKeys (ConfUtils.java:logGet(43)) - raft.server.rpcslowness.timeout = 120s (custom)
2019-08-18 03:30:38,010 INFO  server.RaftServerConfigKeys (ConfUtils.java:logGet(43)) - raft.server.rpc.timeout.min = 5s (custom)
2019-08-18 03:30:38,010 INFO  impl.RaftServerImpl (RaftServerImpl.java:<init>(93)) - 14a95ce3-2ce8-42f0-83d3-2c800e36461d: new RaftServerImpl for group-E316804E628A:[14a95ce3-2ce8-42f0-83d3-2c800e36461d:192.168.69.121:39595, 18ecf6ef-f37f-416b-84f4-1f5a860991da:192.168.69.121:42653, b5ebf1d2-50b1-44fd-809a-910fb604fdc3:192.168.69.121:42687] with ContainerStateMachine:uninitialized
2019-08-18 03:30:38,010 INFO  server.RaftServerConfigKeys (ConfUtils.java:logGet(43)) - raft.server.sleep.deviation.threshold = 300 (default)
2019-08-18 03:30:38,011 INFO  server.RaftServerConfigKeys (ConfUtils.java:logGet(43)) - raft.server.rpc.timeout.min = 5s (custom)
2019-08-18 03:30:38,010 INFO  server.RaftServerConfigKeys (ConfUtils.java:logGet(43)) - raft.server.rpc.timeout.max = 5200ms (custom)
2019-08-18 03:30:38,011 INFO  server.RaftServerConfigKeys (ConfUtils.java:logGet(43)) - raft.server.rpc.timeout.max = 5200ms (custom)
2019-08-18 03:30:38,011 INFO  server.RaftServerConfigKeys (ConfUtils.java:logGet(43)) - raft.server.log.appender.install.snapshot.enabled = false (custom)
2019-08-18 03:30:38,011 INFO  server.RaftServerConfigKeys (ConfUtils.java:logGet(43)) - raft.server.rpcslowness.timeout = 120s (custom)
2019-08-18 03:30:38,011 INFO  server.RaftServerConfigKeys (ConfUtils.java:logGet(43)) - raft.server.rpcslowness.timeout = 120s (custom)
2019-08-18 03:30:38,011 INFO  server.RaftServerConfigKeys (ConfUtils.java:logGet(43)) - raft.server.sleep.deviation.threshold = 300 (default)
2019-08-18 03:30:38,011 INFO  impl.RaftServerImpl (ServerState.java:<init>(105)) - 18ecf6ef-f37f-416b-84f4-1f5a860991da:group-E316804E628A ConfigurationManager, init=-1: [14a95ce3-2ce8-42f0-83d3-2c800e36461d:192.168.69.121:39595, 18ecf6ef-f37f-416b-84f4-1f5a860991da:192.168.69.121:42653, b5ebf1d2-50b1-44fd-809a-910fb604fdc3:192.168.69.121:42687], old=null, confs=<EMPTY_MAP>
2019-08-18 03:30:38,012 INFO  server.RaftServerConfigKeys (ConfUtils.java:logGet(43)) - raft.server.log.appender.install.snapshot.enabled = false (custom)
2019-08-18 03:30:38,011 INFO  server.RaftServerConfigKeys (ConfUtils.java:logGet(43)) - raft.server.sleep.deviation.threshold = 300 (default)
2019-08-18 03:30:38,012 INFO  impl.RaftServerImpl (ServerState.java:<init>(105)) - 14a95ce3-2ce8-42f0-83d3-2c800e36461d:group-E316804E628A ConfigurationManager, init=-1: [14a95ce3-2ce8-42f0-83d3-2c800e36461d:192.168.69.121:39595, 18ecf6ef-f37f-416b-84f4-1f5a860991da:192.168.69.121:42653, b5ebf1d2-50b1-44fd-809a-910fb604fdc3:192.168.69.121:42687], old=null, confs=<EMPTY_MAP>
2019-08-18 03:30:38,012 INFO  server.RaftServerConfigKeys (ConfUtils.java:logGet(43)) - raft.server.storage.dir = [/workdir/hadoop-ozone/integration-test/target/test-dir/MiniOzoneClusterImpl-9099f0a0-2df3-4059-97d9-a1f48415580d/datanode-4/data/ratis] (custom)
2019-08-18 03:30:38,012 INFO  server.RaftServerConfigKeys (ConfUtils.java:logGet(43)) - raft.server.storage.dir = [/workdir/hadoop-ozone/integration-test/target/test-dir/MiniOzoneClusterImpl-9099f0a0-2df3-4059-97d9-a1f48415580d/datanode-3/data/ratis] (custom)
2019-08-18 03:30:38,012 INFO  server.RaftServerConfigKeys (ConfUtils.java:logGet(43)) - raft.server.log.appender.install.snapshot.enabled = false (custom)
2019-08-18 03:30:38,013 INFO  storage.RaftStorageDirectory (RaftStorageDirectory.java:analyzeStorage(246)) - The storage directory /workdir/hadoop-ozone/integration-test/target/test-dir/MiniOzoneClusterImpl-9099f0a0-2df3-4059-97d9-a1f48415580d/datanode-4/data/ratis/27975262-0b23-4271-8341-e316804e628a does not exist. Creating ...
2019-08-18 03:30:38,013 INFO  impl.RaftServerImpl (ServerState.java:<init>(105)) - b5ebf1d2-50b1-44fd-809a-910fb604fdc3:group-E316804E628A ConfigurationManager, init=-1: [14a95ce3-2ce8-42f0-83d3-2c800e36461d:192.168.69.121:39595, 18ecf6ef-f37f-416b-84f4-1f5a860991da:192.168.69.121:42653, b5ebf1d2-50b1-44fd-809a-910fb604fdc3:192.168.69.121:42687], old=null, confs=<EMPTY_MAP>
2019-08-18 03:30:38,013 INFO  storage.RaftStorageDirectory (RaftStorageDirectory.java:analyzeStorage(246)) - The storage directory /workdir/hadoop-ozone/integration-test/target/test-dir/MiniOzoneClusterImpl-9099f0a0-2df3-4059-97d9-a1f48415580d/datanode-3/data/ratis/27975262-0b23-4271-8341-e316804e628a does not exist. Creating ...
2019-08-18 03:30:38,013 INFO  server.RaftServerConfigKeys (ConfUtils.java:logGet(43)) - raft.server.storage.dir = [/workdir/hadoop-ozone/integration-test/target/test-dir/MiniOzoneClusterImpl-9099f0a0-2df3-4059-97d9-a1f48415580d/datanode-5/data/ratis] (custom)
2019-08-18 03:30:38,013 INFO  storage.RaftStorageDirectory (RaftStorageDirectory.java:analyzeStorage(246)) - The storage directory /workdir/hadoop-ozone/integration-test/target/test-dir/MiniOzoneClusterImpl-9099f0a0-2df3-4059-97d9-a1f48415580d/datanode-5/data/ratis/27975262-0b23-4271-8341-e316804e628a does not exist. Creating ...
2019-08-18 03:30:38,026 INFO  storage.RaftStorageDirectory (RaftStorageDirectory.java:tryLock(328)) - Lock on /workdir/hadoop-ozone/integration-test/target/test-dir/MiniOzoneClusterImpl-9099f0a0-2df3-4059-97d9-a1f48415580d/datanode-5/data/ratis/27975262-0b23-4271-8341-e316804e628a/in_use.lock acquired by nodename 17074@byscane-nightly-jvqb9-734128259
2019-08-18 03:30:38,026 INFO  storage.RaftStorageDirectory (RaftStorageDirectory.java:tryLock(328)) - Lock on /workdir/hadoop-ozone/integration-test/target/test-dir/MiniOzoneClusterImpl-9099f0a0-2df3-4059-97d9-a1f48415580d/datanode-3/data/ratis/27975262-0b23-4271-8341-e316804e628a/in_use.lock acquired by nodename 17074@byscane-nightly-jvqb9-734128259
2019-08-18 03:30:38,026 INFO  storage.RaftStorageDirectory (RaftStorageDirectory.java:tryLock(328)) - Lock on /workdir/hadoop-ozone/integration-test/target/test-dir/MiniOzoneClusterImpl-9099f0a0-2df3-4059-97d9-a1f48415580d/datanode-4/data/ratis/27975262-0b23-4271-8341-e316804e628a/in_use.lock acquired by nodename 17074@byscane-nightly-jvqb9-734128259
2019-08-18 03:30:38,047 INFO  storage.RaftStorage (RaftStorage.java:format(72)) - Storage directory /workdir/hadoop-ozone/integration-test/target/test-dir/MiniOzoneClusterImpl-9099f0a0-2df3-4059-97d9-a1f48415580d/datanode-5/data/ratis/27975262-0b23-4271-8341-e316804e628a has been successfully formatted.
2019-08-18 03:30:38,047 INFO  storage.RaftStorage (RaftStorage.java:format(72)) - Storage directory /workdir/hadoop-ozone/integration-test/target/test-dir/MiniOzoneClusterImpl-9099f0a0-2df3-4059-97d9-a1f48415580d/datanode-3/data/ratis/27975262-0b23-4271-8341-e316804e628a has been successfully formatted.
2019-08-18 03:30:38,047 INFO  storage.RaftStorage (RaftStorage.java:format(72)) - Storage directory /workdir/hadoop-ozone/integration-test/target/test-dir/MiniOzoneClusterImpl-9099f0a0-2df3-4059-97d9-a1f48415580d/datanode-4/data/ratis/27975262-0b23-4271-8341-e316804e628a has been successfully formatted.
2019-08-18 03:30:38,047 INFO  ratis.ContainerStateMachine (ContainerStateMachine.java:loadSnapshot(213)) - group-E316804E628A: The snapshot info is null. Setting the last applied indexto:(t:0, i:~)
2019-08-18 03:30:38,047 INFO  ratis.ContainerStateMachine (ContainerStateMachine.java:loadSnapshot(213)) - group-E316804E628A: The snapshot info is null. Setting the last applied indexto:(t:0, i:~)
2019-08-18 03:30:38,047 INFO  server.RaftServerConfigKeys (ConfUtils.java:logGet(43)) - raft.server.leader.election.timeout = 120s (custom)
2019-08-18 03:30:38,047 INFO  ratis.ContainerStateMachine (ContainerStateMachine.java:loadSnapshot(213)) - group-E316804E628A: The snapshot info is null. Setting the last applied indexto:(t:0, i:~)
2019-08-18 03:30:38,048 INFO  server.RaftServerConfigKeys (ConfUtils.java:logGet(43)) - raft.server.log.use.memory = false (default)
2019-08-18 03:30:38,047 INFO  server.RaftServerConfigKeys (ConfUtils.java:logGet(43)) - raft.server.leader.election.timeout = 120s (custom)
2019-08-18 03:30:38,048 INFO  server.RaftServerConfigKeys (ConfUtils.java:logGet(43)) - raft.server.log.purge.gap = 1000000000 (custom)
2019-08-18 03:30:38,048 INFO  server.RaftServerConfigKeys (ConfUtils.java:logGet(43)) - raft.server.leader.election.timeout = 120s (custom)
2019-08-18 03:30:38,048 INFO  server.RaftServerConfigKeys (ConfUtils.java:logGet(43)) - raft.server.log.appender.buffer.byte-limit = 33554432 (custom)
2019-08-18 03:30:38,048 INFO  server.RaftServerConfigKeys (ConfUtils.java:logGet(43)) - raft.server.log.use.memory = false (default)
2019-08-18 03:30:38,049 INFO  server.RaftServerConfigKeys (ConfUtils.java:logGet(43)) - raft.server.log.segment.size.max = 1048576 (custom)
2019-08-18 03:30:38,048 INFO  server.RaftServerConfigKeys (ConfUtils.java:logGet(43)) - raft.server.log.use.memory = false (default)
2019-08-18 03:30:38,049 INFO  server.RaftServerConfigKeys (ConfUtils.java:logGet(43)) - raft.server.log.segment.cache.num.max = 2 (custom)
2019-08-18 03:30:38,049 INFO  server.RaftServerConfigKeys (ConfUtils.java:logGet(43)) - raft.server.log.purge.gap = 1000000000 (custom)
2019-08-18 03:30:38,049 INFO  segmented.SegmentedRaftLogWorker (SegmentedRaftLogWorker.java:<init>(172)) - new 14a95ce3-2ce8-42f0-83d3-2c800e36461d-SegmentedRaftLogWorker:Storage Directory /workdir/hadoop-ozone/integration-test/target/test-dir/MiniOzoneClusterImpl-9099f0a0-2df3-4059-97d9-a1f48415580d/datanode-3/data/ratis/27975262-0b23-4271-8341-e316804e628a for RaftStorage:Storage Directory /workdir/hadoop-ozone/integration-test/target/test-dir/MiniOzoneClusterImpl-9099f0a0-2df3-4059-97d9-a1f48415580d/datanode-3/data/ratis/27975262-0b23-4271-8341-e316804e628a
2019-08-18 03:30:38,049 INFO  server.RaftServerConfigKeys (ConfUtils.java:logGet(43)) - raft.server.log.purge.gap = 1000000000 (custom)
2019-08-18 03:30:38,049 INFO  server.RaftServerConfigKeys (ConfUtils.java:logGet(43)) - raft.server.log.queue.byte-limit = 2147483647 (custom)
2019-08-18 03:30:38,049 INFO  server.RaftServerConfigKeys (ConfUtils.java:logGet(43)) - raft.server.log.appender.buffer.byte-limit = 33554432 (custom)
2019-08-18 03:30:38,050 INFO  server.RaftServerConfigKeys (ConfUtils.java:logGet(43)) - raft.server.log.queue.element-limit = 1024 (custom)
2019-08-18 03:30:38,050 INFO  server.RaftServerConfigKeys (ConfUtils.java:logGet(43)) - raft.server.log.appender.buffer.byte-limit = 33554432 (custom)
2019-08-18 03:30:38,050 INFO  server.RaftServerConfigKeys (ConfUtils.java:logGet(43)) - raft.server.log.segment.size.max = 1048576 (custom)
2019-08-18 03:30:38,050 INFO  server.RaftServerConfigKeys (ConfUtils.java:logGet(43)) - raft.server.log.segment.size.max = 1048576 (custom)
2019-08-18 03:30:38,050 INFO  server.RaftServerConfigKeys (ConfUtils.java:logGet(43)) - raft.server.log.preallocated.size = 16384 (custom)
2019-08-18 03:30:38,051 INFO  server.RaftServerConfigKeys (ConfUtils.java:logGet(43)) - raft.server.log.write.buffer.size = 33554432 (custom)
2019-08-18 03:30:38,050 INFO  server.RaftServerConfigKeys (ConfUtils.java:logGet(43)) - raft.server.log.segment.size.max = 1048576 (custom)
2019-08-18 03:30:38,051 INFO  server.RaftServerConfigKeys (ConfUtils.java:logGet(43)) - raft.server.log.force.sync.num = 128 (default)
2019-08-18 03:30:38,050 INFO  server.RaftServerConfigKeys (ConfUtils.java:logGet(43)) - raft.server.log.segment.cache.num.max = 2 (custom)
2019-08-18 03:30:38,051 INFO  server.RaftServerConfigKeys (ConfUtils.java:logGet(43)) - raft.server.log.statemachine.data.sync = true (default)
2019-08-18 03:30:38,051 INFO  server.RaftServerConfigKeys (ConfUtils.java:logGet(43)) - raft.server.log.segment.cache.num.max = 2 (custom)
2019-08-18 03:30:38,051 INFO  server.RaftServerConfigKeys (ConfUtils.java:logGet(43)) - raft.server.log.statemachine.data.sync.timeout = 10s (default)
2019-08-18 03:30:38,051 INFO  segmented.SegmentedRaftLogWorker (SegmentedRaftLogWorker.java:<init>(172)) - new b5ebf1d2-50b1-44fd-809a-910fb604fdc3-SegmentedRaftLogWorker:Storage Directory /workdir/hadoop-ozone/integration-test/target/test-dir/MiniOzoneClusterImpl-9099f0a0-2df3-4059-97d9-a1f48415580d/datanode-5/data/ratis/27975262-0b23-4271-8341-e316804e628a for RaftStorage:Storage Directory /workdir/hadoop-ozone/integration-test/target/test-dir/MiniOzoneClusterImpl-9099f0a0-2df3-4059-97d9-a1f48415580d/datanode-5/data/ratis/27975262-0b23-4271-8341-e316804e628a
2019-08-18 03:30:38,052 INFO  server.RaftServerConfigKeys (ConfUtils.java:logGet(43)) - raft.server.log.statemachine.data.sync.timeout.retry = -1 (default)
2019-08-18 03:30:38,052 INFO  segmented.SegmentedRaftLogWorker (SegmentedRaftLogWorker.java:<init>(172)) - new 18ecf6ef-f37f-416b-84f4-1f5a860991da-SegmentedRaftLogWorker:Storage Directory /workdir/hadoop-ozone/integration-test/target/test-dir/MiniOzoneClusterImpl-9099f0a0-2df3-4059-97d9-a1f48415580d/datanode-4/data/ratis/27975262-0b23-4271-8341-e316804e628a for RaftStorage:Storage Directory /workdir/hadoop-ozone/integration-test/target/test-dir/MiniOzoneClusterImpl-9099f0a0-2df3-4059-97d9-a1f48415580d/datanode-4/data/ratis/27975262-0b23-4271-8341-e316804e628a
2019-08-18 03:30:38,052 INFO  server.RaftServerConfigKeys (ConfUtils.java:logGet(43)) - raft.server.log.statemachine.data.caching.enabled = true (custom)
2019-08-18 03:30:38,052 INFO  server.RaftServerConfigKeys (ConfUtils.java:logGet(43)) - raft.server.log.queue.byte-limit = 2147483647 (custom)
2019-08-18 03:30:38,052 INFO  server.RaftServerConfigKeys (ConfUtils.java:logGet(43)) - raft.server.log.queue.byte-limit = 2147483647 (custom)
2019-08-18 03:30:38,052 INFO  segmented.SegmentedRaftLogWorker (SegmentedRaftLogWorker.java:lambda$new$0(132)) - 14a95ce3-2ce8-42f0-83d3-2c800e36461d-SegmentedRaftLogWorker:Storage Directory /workdir/hadoop-ozone/integration-test/target/test-dir/MiniOzoneClusterImpl-9099f0a0-2df3-4059-97d9-a1f48415580d/datanode-3/data/ratis/27975262-0b23-4271-8341-e316804e628a: flushIndex: setUnconditionally 0 -> -1
2019-08-18 03:30:38,052 INFO  server.RaftServerConfigKeys (ConfUtils.java:logGet(43)) - raft.server.log.queue.element-limit = 1024 (custom)
2019-08-18 03:30:38,053 INFO  server.RaftServerConfigKeys (ConfUtils.java:logGet(43)) - raft.server.log.queue.element-limit = 1024 (custom)
2019-08-18 03:30:38,053 INFO  server.RaftServerConfigKeys (ConfUtils.java:logGet(43)) - raft.server.snapshot.auto.trigger.enabled = true (custom)
2019-08-18 03:30:38,053 INFO  server.RaftServerConfigKeys (ConfUtils.java:logGet(43)) - raft.server.log.segment.size.max = 1048576 (custom)
2019-08-18 03:30:38,053 INFO  server.RaftServerConfigKeys (ConfUtils.java:logGet(43)) - raft.server.snapshot.auto.trigger.threshold = 10000 (custom)
2019-08-18 03:30:38,053 INFO  server.RaftServerConfigKeys (ConfUtils.java:logGet(43)) - raft.server.log.segment.size.max = 1048576 (custom)
2019-08-18 03:30:38,054 INFO  server.RaftServerConfigKeys (ConfUtils.java:logGet(43)) - raft.server.retrycache.expirytime = 600000ms (custom)
2019-08-18 03:30:38,053 INFO  server.RaftServerConfigKeys (ConfUtils.java:logGet(43)) - raft.server.log.preallocated.size = 16384 (custom)
2019-08-18 03:30:38,054 INFO  impl.RaftServerImpl (RaftServerImpl.java:start(180)) - 14a95ce3-2ce8-42f0-83d3-2c800e36461d: start group-E316804E628A
2019-08-18 03:30:38,054 INFO  server.RaftServerConfigKeys (ConfUtils.java:logGet(43)) - raft.server.log.preallocated.size = 16384 (custom)
2019-08-18 03:30:38,054 INFO  impl.RaftServerImpl (RaftServerImpl.java:setRole(171)) - 14a95ce3-2ce8-42f0-83d3-2c800e36461d:group-E316804E628A changes role from null to FOLLOWER at term 0 for startAsFollower
2019-08-18 03:30:38,054 INFO  server.RaftServerConfigKeys (ConfUtils.java:logGet(43)) - raft.server.log.write.buffer.size = 33554432 (custom)
2019-08-18 03:30:38,054 INFO  impl.RoleInfo (RoleInfo.java:updateAndGet(143)) - 14a95ce3-2ce8-42f0-83d3-2c800e36461d: start FollowerState
2019-08-18 03:30:38,054 INFO  server.RaftServerConfigKeys (ConfUtils.java:logGet(43)) - raft.server.log.write.buffer.size = 33554432 (custom)
2019-08-18 03:30:38,055 INFO  server.RaftServerConfigKeys (ConfUtils.java:logGet(43)) - raft.server.log.force.sync.num = 128 (default)
2019-08-18 03:30:38,055 INFO  util.JmxRegister (JmxRegister.java:tryRegister(44)) - Successfully registered JMX Bean with object name Ratis:service=RaftServer,group=group-E316804E628A,id=14a95ce3-2ce8-42f0-83d3-2c800e36461d
2019-08-18 03:30:38,055 INFO  server.RaftServerConfigKeys (ConfUtils.java:logGet(43)) - raft.server.log.force.sync.num = 128 (default)
2019-08-18 03:30:38,055 INFO  server.RaftServerConfigKeys (ConfUtils.java:logGet(43)) - raft.server.log.statemachine.data.sync = true (default)
2019-08-18 03:30:38,055 INFO  server.RaftServerConfigKeys (ConfUtils.java:logGet(43)) - raft.server.log.statemachine.data.sync = true (default)
2019-08-18 03:30:38,055 INFO  server.RaftServerConfigKeys (ConfUtils.java:logGet(43)) - raft.server.log.statemachine.data.sync.timeout = 10s (default)
2019-08-18 03:30:38,056 INFO  server.RaftServerConfigKeys (ConfUtils.java:logGet(43)) - raft.server.log.statemachine.data.sync.timeout = 10s (default)
2019-08-18 03:30:38,056 INFO  server.RaftServerConfigKeys (ConfUtils.java:logGet(43)) - raft.server.log.statemachine.data.sync.timeout.retry = -1 (default)
2019-08-18 03:30:38,056 INFO  server.RaftServerConfigKeys (ConfUtils.java:logGet(43)) - raft.server.log.statemachine.data.sync.timeout.retry = -1 (default)
2019-08-18 03:30:38,056 INFO  server.RaftServerConfigKeys (ConfUtils.java:logGet(43)) - raft.server.log.statemachine.data.caching.enabled = true (custom)
2019-08-18 03:30:38,056 INFO  server.RaftServerConfigKeys (ConfUtils.java:logGet(43)) - raft.server.log.statemachine.data.caching.enabled = true (custom)
2019-08-18 03:30:38,056 INFO  segmented.SegmentedRaftLogWorker (SegmentedRaftLogWorker.java:lambda$new$0(132)) - b5ebf1d2-50b1-44fd-809a-910fb604fdc3-SegmentedRaftLogWorker:Storage Directory /workdir/hadoop-ozone/integration-test/target/test-dir/MiniOzoneClusterImpl-9099f0a0-2df3-4059-97d9-a1f48415580d/datanode-5/data/ratis/27975262-0b23-4271-8341-e316804e628a: flushIndex: setUnconditionally 0 -> -1
2019-08-18 03:30:38,057 INFO  segmented.SegmentedRaftLogWorker (SegmentedRaftLogWorker.java:lambda$new$0(132)) - 18ecf6ef-f37f-416b-84f4-1f5a860991da-SegmentedRaftLogWorker:Storage Directory /workdir/hadoop-ozone/integration-test/target/test-dir/MiniOzoneClusterImpl-9099f0a0-2df3-4059-97d9-a1f48415580d/datanode-4/data/ratis/27975262-0b23-4271-8341-e316804e628a: flushIndex: setUnconditionally 0 -> -1
2019-08-18 03:30:38,057 INFO  server.RaftServerConfigKeys (ConfUtils.java:logGet(43)) - raft.server.snapshot.auto.trigger.enabled = true (custom)
2019-08-18 03:30:38,057 INFO  server.RaftServerConfigKeys (ConfUtils.java:logGet(43)) - raft.server.snapshot.auto.trigger.threshold = 10000 (custom)
2019-08-18 03:30:38,057 INFO  server.RaftServerConfigKeys (ConfUtils.java:logGet(43)) - raft.server.snapshot.auto.trigger.enabled = true (custom)
2019-08-18 03:30:38,057 INFO  server.RaftServerConfigKeys (ConfUtils.java:logGet(43)) - raft.server.retrycache.expirytime = 600000ms (custom)
2019-08-18 03:30:38,057 INFO  server.RaftServerConfigKeys (ConfUtils.java:logGet(43)) - raft.server.snapshot.auto.trigger.threshold = 10000 (custom)
2019-08-18 03:30:38,057 INFO  impl.RaftServerImpl (RaftServerImpl.java:start(180)) - b5ebf1d2-50b1-44fd-809a-910fb604fdc3: start group-E316804E628A
2019-08-18 03:30:38,058 INFO  server.RaftServerConfigKeys (ConfUtils.java:logGet(43)) - raft.server.retrycache.expirytime = 600000ms (custom)
2019-08-18 03:30:38,058 INFO  impl.RaftServerImpl (RaftServerImpl.java:setRole(171)) - b5ebf1d2-50b1-44fd-809a-910fb604fdc3:group-E316804E628A changes role from null to FOLLOWER at term 0 for startAsFollower
2019-08-18 03:30:38,058 INFO  impl.RaftServerImpl (RaftServerImpl.java:start(180)) - 18ecf6ef-f37f-416b-84f4-1f5a860991da: start group-E316804E628A
2019-08-18 03:30:38,058 INFO  impl.RoleInfo (RoleInfo.java:updateAndGet(143)) - b5ebf1d2-50b1-44fd-809a-910fb604fdc3: start FollowerState
2019-08-18 03:30:38,058 INFO  impl.RaftServerImpl (RaftServerImpl.java:setRole(171)) - 18ecf6ef-f37f-416b-84f4-1f5a860991da:group-E316804E628A changes role from null to FOLLOWER at term 0 for startAsFollower
2019-08-18 03:30:38,058 INFO  impl.RoleInfo (RoleInfo.java:updateAndGet(143)) - 18ecf6ef-f37f-416b-84f4-1f5a860991da: start FollowerState
2019-08-18 03:30:38,058 INFO  util.JmxRegister (JmxRegister.java:tryRegister(44)) - Successfully registered JMX Bean with object name Ratis:service=RaftServer,group=group-E316804E628A,id=b5ebf1d2-50b1-44fd-809a-910fb604fdc3
2019-08-18 03:30:38,059 INFO  util.JmxRegister (JmxRegister.java:tryRegister(44)) - Successfully registered JMX Bean with object name Ratis:service=RaftServer,group=group-E316804E628A,id=18ecf6ef-f37f-416b-84f4-1f5a860991da
2019-08-18 03:30:38,061 INFO  pipeline.PipelineStateManager (PipelineStateManager.java:addPipeline(56)) - Created pipeline Pipeline[ Id: 27975262-0b23-4271-8341-e316804e628a, Nodes: b5ebf1d2-50b1-44fd-809a-910fb604fdc3{ip: 192.168.69.121, host: byscane-nightly-jvqb9-734128259, networkLocation: /default-rack, certSerialId: null}14a95ce3-2ce8-42f0-83d3-2c800e36461d{ip: 192.168.69.121, host: byscane-nightly-jvqb9-734128259, networkLocation: /default-rack, certSerialId: null}18ecf6ef-f37f-416b-84f4-1f5a860991da{ip: 192.168.69.121, host: byscane-nightly-jvqb9-734128259, networkLocation: /default-rack, certSerialId: null}, Type:RATIS, Factor:THREE, State:OPEN]
2019-08-18 03:30:38,112 INFO  ozone.MiniOzoneClusterImpl (MiniOzoneClusterImpl.java:lambda$waitForClusterToBeReady$0(142)) - Waiting for cluster to be ready. Got 6 of 7 DN Heartbeats.
2019-08-18 03:30:38,113 INFO  net.NetworkTopology (NetworkTopologyImpl.java:add(110)) - Added a new node: /default-rack/9ab46049-e7d2-400a-a45d-e7385b6e5d10
2019-08-18 03:30:38,113 INFO  node.SCMNodeManager (SCMNodeManager.java:register(273)) - Registered Data node : 9ab46049-e7d2-400a-a45d-e7385b6e5d10{ip: 192.168.69.121, host: byscane-nightly-jvqb9-734128259, networkLocation: /default-rack, certSerialId: null}
2019-08-18 03:30:38,123 INFO  impl.RaftServerProxy (RaftServerProxy.java:addNew(89)) - 9ab46049-e7d2-400a-a45d-e7385b6e5d10: addNew group-B8ABAE4D0AC7:[9ab46049-e7d2-400a-a45d-e7385b6e5d10:192.168.69.121:38478] returns group-B8ABAE4D0AC7:java.util.concurrent.CompletableFuture@f1bc9ca[Not completed]
2019-08-18 03:30:38,124 INFO  impl.RaftServerImpl (RaftServerImpl.java:<init>(93)) - 9ab46049-e7d2-400a-a45d-e7385b6e5d10: new RaftServerImpl for group-B8ABAE4D0AC7:[9ab46049-e7d2-400a-a45d-e7385b6e5d10:192.168.69.121:38478] with ContainerStateMachine:uninitialized
2019-08-18 03:30:38,124 INFO  server.RaftServerConfigKeys (ConfUtils.java:logGet(43)) - raft.server.rpc.timeout.min = 5s (custom)
2019-08-18 03:30:38,124 INFO  server.RaftServerConfigKeys (ConfUtils.java:logGet(43)) - raft.server.rpc.timeout.max = 5200ms (custom)
2019-08-18 03:30:38,124 INFO  server.RaftServerConfigKeys (ConfUtils.java:logGet(43)) - raft.server.rpcslowness.timeout = 120s (custom)
2019-08-18 03:30:38,124 INFO  server.RaftServerConfigKeys (ConfUtils.java:logGet(43)) - raft.server.sleep.deviation.threshold = 300 (default)
2019-08-18 03:30:38,125 INFO  server.RaftServerConfigKeys (ConfUtils.java:logGet(43)) - raft.server.log.appender.install.snapshot.enabled = false (custom)
2019-08-18 03:30:38,125 INFO  impl.RaftServerImpl (ServerState.java:<init>(105)) - 9ab46049-e7d2-400a-a45d-e7385b6e5d10:group-B8ABAE4D0AC7 ConfigurationManager, init=-1: [9ab46049-e7d2-400a-a45d-e7385b6e5d10:192.168.69.121:38478], old=null, confs=<EMPTY_MAP>
2019-08-18 03:30:38,125 INFO  server.RaftServerConfigKeys (ConfUtils.java:logGet(43)) - raft.server.storage.dir = [/workdir/hadoop-ozone/integration-test/target/test-dir/MiniOzoneClusterImpl-9099f0a0-2df3-4059-97d9-a1f48415580d/datanode-6/data/ratis] (custom)
2019-08-18 03:30:38,125 INFO  storage.RaftStorageDirectory (RaftStorageDirectory.java:analyzeStorage(246)) - The storage directory /workdir/hadoop-ozone/integration-test/target/test-dir/MiniOzoneClusterImpl-9099f0a0-2df3-4059-97d9-a1f48415580d/datanode-6/data/ratis/b2526aca-afea-4c19-b4fd-b8abae4d0ac7 does not exist. Creating ...
2019-08-18 03:30:38,138 INFO  storage.RaftStorageDirectory (RaftStorageDirectory.java:tryLock(328)) - Lock on /workdir/hadoop-ozone/integration-test/target/test-dir/MiniOzoneClusterImpl-9099f0a0-2df3-4059-97d9-a1f48415580d/datanode-6/data/ratis/b2526aca-afea-4c19-b4fd-b8abae4d0ac7/in_use.lock acquired by nodename 17074@byscane-nightly-jvqb9-734128259
2019-08-18 03:30:38,152 INFO  storage.RaftStorage (RaftStorage.java:format(72)) - Storage directory /workdir/hadoop-ozone/integration-test/target/test-dir/MiniOzoneClusterImpl-9099f0a0-2df3-4059-97d9-a1f48415580d/datanode-6/data/ratis/b2526aca-afea-4c19-b4fd-b8abae4d0ac7 has been successfully formatted.
2019-08-18 03:30:38,153 INFO  ratis.ContainerStateMachine (ContainerStateMachine.java:loadSnapshot(213)) - group-B8ABAE4D0AC7: The snapshot info is null. Setting the last applied indexto:(t:0, i:~)
2019-08-18 03:30:38,153 INFO  server.RaftServerConfigKeys (ConfUtils.java:logGet(43)) - raft.server.leader.election.timeout = 120s (custom)
2019-08-18 03:30:38,153 INFO  server.RaftServerConfigKeys (ConfUtils.java:logGet(43)) - raft.server.log.use.memory = false (default)
2019-08-18 03:30:38,153 INFO  server.RaftServerConfigKeys (ConfUtils.java:logGet(43)) - raft.server.log.purge.gap = 1000000000 (custom)
2019-08-18 03:30:38,153 INFO  server.RaftServerConfigKeys (ConfUtils.java:logGet(43)) - raft.server.log.appender.buffer.byte-limit = 33554432 (custom)
2019-08-18 03:30:38,153 INFO  server.RaftServerConfigKeys (ConfUtils.java:logGet(43)) - raft.server.log.segment.size.max = 1048576 (custom)
2019-08-18 03:30:38,154 INFO  server.RaftServerConfigKeys (ConfUtils.java:logGet(43)) - raft.server.log.segment.cache.num.max = 2 (custom)
2019-08-18 03:30:38,154 INFO  segmented.SegmentedRaftLogWorker (SegmentedRaftLogWorker.java:<init>(172)) - new 9ab46049-e7d2-400a-a45d-e7385b6e5d10-SegmentedRaftLogWorker:Storage Directory /workdir/hadoop-ozone/integration-test/target/test-dir/MiniOzoneClusterImpl-9099f0a0-2df3-4059-97d9-a1f48415580d/datanode-6/data/ratis/b2526aca-afea-4c19-b4fd-b8abae4d0ac7 for RaftStorage:Storage Directory /workdir/hadoop-ozone/integration-test/target/test-dir/MiniOzoneClusterImpl-9099f0a0-2df3-4059-97d9-a1f48415580d/datanode-6/data/ratis/b2526aca-afea-4c19-b4fd-b8abae4d0ac7
2019-08-18 03:30:38,154 INFO  server.RaftServerConfigKeys (ConfUtils.java:logGet(43)) - raft.server.log.queue.byte-limit = 2147483647 (custom)
2019-08-18 03:30:38,154 INFO  server.RaftServerConfigKeys (ConfUtils.java:logGet(43)) - raft.server.log.queue.element-limit = 1024 (custom)
2019-08-18 03:30:38,154 INFO  server.RaftServerConfigKeys (ConfUtils.java:logGet(43)) - raft.server.log.segment.size.max = 1048576 (custom)
2019-08-18 03:30:38,154 INFO  server.RaftServerConfigKeys (ConfUtils.java:logGet(43)) - raft.server.log.preallocated.size = 16384 (custom)
2019-08-18 03:30:38,155 INFO  server.RaftServerConfigKeys (ConfUtils.java:logGet(43)) - raft.server.log.write.buffer.size = 33554432 (custom)
2019-08-18 03:30:38,155 INFO  server.RaftServerConfigKeys (ConfUtils.java:logGet(43)) - raft.server.log.force.sync.num = 128 (default)
2019-08-18 03:30:38,155 INFO  server.RaftServerConfigKeys (ConfUtils.java:logGet(43)) - raft.server.log.statemachine.data.sync = true (default)
2019-08-18 03:30:38,155 INFO  server.RaftServerConfigKeys (ConfUtils.java:logGet(43)) - raft.server.log.statemachine.data.sync.timeout = 10s (default)
2019-08-18 03:30:38,155 INFO  server.RaftServerConfigKeys (ConfUtils.java:logGet(43)) - raft.server.log.statemachine.data.sync.timeout.retry = -1 (default)
2019-08-18 03:30:38,155 INFO  server.RaftServerConfigKeys (ConfUtils.java:logGet(43)) - raft.server.log.statemachine.data.caching.enabled = true (custom)
2019-08-18 03:30:38,156 INFO  segmented.SegmentedRaftLogWorker (SegmentedRaftLogWorker.java:lambda$new$0(132)) - 9ab46049-e7d2-400a-a45d-e7385b6e5d10-SegmentedRaftLogWorker:Storage Directory /workdir/hadoop-ozone/integration-test/target/test-dir/MiniOzoneClusterImpl-9099f0a0-2df3-4059-97d9-a1f48415580d/datanode-6/data/ratis/b2526aca-afea-4c19-b4fd-b8abae4d0ac7: flushIndex: setUnconditionally 0 -> -1
2019-08-18 03:30:38,156 INFO  server.RaftServerConfigKeys (ConfUtils.java:logGet(43)) - raft.server.snapshot.auto.trigger.enabled = true (custom)
2019-08-18 03:30:38,156 INFO  server.RaftServerConfigKeys (ConfUtils.java:logGet(43)) - raft.server.snapshot.auto.trigger.threshold = 10000 (custom)
2019-08-18 03:30:38,156 INFO  server.RaftServerConfigKeys (ConfUtils.java:logGet(43)) - raft.server.retrycache.expirytime = 600000ms (custom)
2019-08-18 03:30:38,157 INFO  impl.RaftServerImpl (RaftServerImpl.java:start(180)) - 9ab46049-e7d2-400a-a45d-e7385b6e5d10: start group-B8ABAE4D0AC7
2019-08-18 03:30:38,157 INFO  impl.RaftServerImpl (RaftServerImpl.java:setRole(171)) - 9ab46049-e7d2-400a-a45d-e7385b6e5d10:group-B8ABAE4D0AC7 changes role from null to FOLLOWER at term 0 for startAsFollower
2019-08-18 03:30:38,157 INFO  impl.RoleInfo (RoleInfo.java:updateAndGet(143)) - 9ab46049-e7d2-400a-a45d-e7385b6e5d10: start FollowerState
2019-08-18 03:30:38,157 INFO  util.JmxRegister (JmxRegister.java:tryRegister(44)) - Successfully registered JMX Bean with object name Ratis:service=RaftServer,group=group-B8ABAE4D0AC7,id=9ab46049-e7d2-400a-a45d-e7385b6e5d10
2019-08-18 03:30:38,159 INFO  pipeline.PipelineStateManager (PipelineStateManager.java:addPipeline(56)) - Created pipeline Pipeline[ Id: b2526aca-afea-4c19-b4fd-b8abae4d0ac7, Nodes: 9ab46049-e7d2-400a-a45d-e7385b6e5d10{ip: 192.168.69.121, host: byscane-nightly-jvqb9-734128259, networkLocation: /default-rack, certSerialId: null}, Type:RATIS, Factor:ONE, State:OPEN]
2019-08-18 03:30:39,113 INFO  ozone.MiniOzoneClusterImpl (MiniOzoneClusterImpl.java:lambda$waitForClusterToBeReady$0(142)) - Cluster is ready. Got 7 of 7 DN Heartbeats.
2019-08-18 03:30:39,154 INFO  rpc.RpcClient (RpcClient.java:createVolume(288)) - Creating Volume: testblockoutputstream, with jenkins1000 as owner.
2019-08-18 03:30:39,169 INFO  rpc.RpcClient (RpcClient.java:createBucket(427)) - Creating Bucket: testblockoutputstream/testblockoutputstream, with Versioning false and Storage Type set to DISK and Encryption set to false 
2019-08-18 03:30:39,207 INFO  client.GrpcClientProtocolClient (GrpcClientProtocolClient.java:onNext(255)) - client-7414E31120FA->b5ebf1d2-50b1-44fd-809a-910fb604fdc3: receive RaftClientReply:client-7414E31120FA->b5ebf1d2-50b1-44fd-809a-910fb604fdc3@group-E316804E628A, cid=183, FAILED org.apache.ratis.protocol.NotLeaderException: Server b5ebf1d2-50b1-44fd-809a-910fb604fdc3 is not the leader (null). Request must be sent to leader., logIndex=0, commits[b5ebf1d2-50b1-44fd-809a-910fb604fdc3:c-1]
2019-08-18 03:30:39,985 INFO  container.ReplicationManager (ReplicationManager.java:start(152)) - Starting Replication Monitor Thread.
2019-08-18 03:30:39,990 INFO  container.ReplicationManager (ReplicationManager.java:run(215)) - Replication Monitor Thread took 0 milliseconds for processing 1 containers.
2019-08-18 03:30:40,220 INFO  client.GrpcClientProtocolClient (GrpcClientProtocolClient.java:onNext(255)) - client-7414E31120FA->18ecf6ef-f37f-416b-84f4-1f5a860991da: receive RaftClientReply:client-7414E31120FA->18ecf6ef-f37f-416b-84f4-1f5a860991da@group-E316804E628A, cid=183, FAILED org.apache.ratis.protocol.NotLeaderException: Server 18ecf6ef-f37f-416b-84f4-1f5a860991da is not the leader (null). Request must be sent to leader., logIndex=0, commits[18ecf6ef-f37f-416b-84f4-1f5a860991da:c-1]
2019-08-18 03:30:41,231 INFO  client.GrpcClientProtocolClient (GrpcClientProtocolClient.java:onNext(255)) - client-7414E31120FA->b5ebf1d2-50b1-44fd-809a-910fb604fdc3: receive RaftClientReply:client-7414E31120FA->b5ebf1d2-50b1-44fd-809a-910fb604fdc3@group-E316804E628A, cid=183, FAILED org.apache.ratis.protocol.NotLeaderException: Server b5ebf1d2-50b1-44fd-809a-910fb604fdc3 is not the leader (null). Request must be sent to leader., logIndex=0, commits[b5ebf1d2-50b1-44fd-809a-910fb604fdc3:c-1]
2019-08-18 03:30:42,147 INFO  impl.FollowerState (FollowerState.java:run(106)) - 21fb6f03-9348-41f1-8a24-77c54b6d0f63:group-E41CD7B36B4B changes to CANDIDATE, lastRpcTime:5109, electionTimeout:5109ms
2019-08-18 03:30:42,148 INFO  impl.RoleInfo (RoleInfo.java:shutdownFollowerState(121)) - 21fb6f03-9348-41f1-8a24-77c54b6d0f63: shutdown FollowerState
2019-08-18 03:30:42,148 INFO  impl.RaftServerImpl (RaftServerImpl.java:setRole(171)) - 21fb6f03-9348-41f1-8a24-77c54b6d0f63:group-E41CD7B36B4B changes role from FOLLOWER to CANDIDATE at term 0 for changeToCandidate
2019-08-18 03:30:42,148 INFO  impl.RoleInfo (RoleInfo.java:updateAndGet(143)) - 21fb6f03-9348-41f1-8a24-77c54b6d0f63: start LeaderElection
2019-08-18 03:30:42,170 INFO  impl.LeaderElection (LeaderElection.java:askForVotes(181)) - 21fb6f03-9348-41f1-8a24-77c54b6d0f63:group-E41CD7B36B4B:LeaderElection65: begin an election at term 1 for -1: [21fb6f03-9348-41f1-8a24-77c54b6d0f63:192.168.69.121:43957], old=null
2019-08-18 03:30:42,171 INFO  impl.RoleInfo (RoleInfo.java:shutdownLeaderElection(134)) - 21fb6f03-9348-41f1-8a24-77c54b6d0f63: shutdown LeaderElection
2019-08-18 03:30:42,171 INFO  impl.RaftServerImpl (RaftServerImpl.java:setRole(171)) - 21fb6f03-9348-41f1-8a24-77c54b6d0f63:group-E41CD7B36B4B changes role from CANDIDATE to LEADER at term 1 for changeToLeader
2019-08-18 03:30:42,171 INFO  impl.RaftServerImpl (ServerState.java:setLeader(263)) - 21fb6f03-9348-41f1-8a24-77c54b6d0f63:group-E41CD7B36B4B change Leader from null to 21fb6f03-9348-41f1-8a24-77c54b6d0f63 at term 1 for becomeLeader, leader elected after 5137ms
2019-08-18 03:30:42,171 INFO  server.RaftServerConfigKeys (ConfUtils.java:logGet(43)) - raft.server.staging.catchup.gap = 1000 (default)
2019-08-18 03:30:42,171 INFO  server.RaftServerConfigKeys (ConfUtils.java:logGet(43)) - raft.server.rpc.sleep.time = 25ms (default)
2019-08-18 03:30:42,171 INFO  server.RaftServerConfigKeys (ConfUtils.java:logGet(43)) - raft.server.write.element-limit = 4096 (default)
2019-08-18 03:30:42,172 INFO  server.RaftServerConfigKeys (ConfUtils.java:logGet(43)) - raft.server.watch.timeout = 10s (default)
2019-08-18 03:30:42,172 INFO  server.RaftServerConfigKeys (ConfUtils.java:logGet(43)) - raft.server.watch.timeout.denomination = 1s (default)
2019-08-18 03:30:42,172 INFO  server.RaftServerConfigKeys (ConfUtils.java:logGet(43)) - raft.server.watch.element-limit = 65536 (default)
2019-08-18 03:30:42,172 INFO  impl.RoleInfo (RoleInfo.java:updateAndGet(143)) - 21fb6f03-9348-41f1-8a24-77c54b6d0f63: start LeaderState
2019-08-18 03:30:42,172 INFO  segmented.SegmentedRaftLogWorker (SegmentedRaftLogWorker.java:startLogSegment(380)) - 21fb6f03-9348-41f1-8a24-77c54b6d0f63-SegmentedRaftLogWorker:Storage Directory /workdir/hadoop-ozone/integration-test/target/test-dir/MiniOzoneClusterImpl-9099f0a0-2df3-4059-97d9-a1f48415580d/datanode-0/data/ratis/7fe74373-2a20-4d60-bbea-e41cd7b36b4b: Starting segment from index:0
2019-08-18 03:30:42,173 INFO  impl.RaftServerImpl (ServerState.java:setRaftConf(361)) - 21fb6f03-9348-41f1-8a24-77c54b6d0f63:group-E41CD7B36B4B set configuration 0: [21fb6f03-9348-41f1-8a24-77c54b6d0f63:192.168.69.121:43957], old=null at 0
2019-08-18 03:30:42,204 INFO  segmented.SegmentedRaftLogWorker (SegmentedRaftLogWorker.java:execute(569)) - 21fb6f03-9348-41f1-8a24-77c54b6d0f63-SegmentedRaftLogWorker:Storage Directory /workdir/hadoop-ozone/integration-test/target/test-dir/MiniOzoneClusterImpl-9099f0a0-2df3-4059-97d9-a1f48415580d/datanode-0/data/ratis/7fe74373-2a20-4d60-bbea-e41cd7b36b4b: created new log segment /workdir/hadoop-ozone/integration-test/target/test-dir/MiniOzoneClusterImpl-9099f0a0-2df3-4059-97d9-a1f48415580d/datanode-0/data/ratis/7fe74373-2a20-4d60-bbea-e41cd7b36b4b/current/log_inprogress_0
2019-08-18 03:30:42,252 INFO  client.GrpcClientProtocolClient (GrpcClientProtocolClient.java:onNext(255)) - client-7414E31120FA->14a95ce3-2ce8-42f0-83d3-2c800e36461d: receive RaftClientReply:client-7414E31120FA->14a95ce3-2ce8-42f0-83d3-2c800e36461d@group-E316804E628A, cid=183, FAILED org.apache.ratis.protocol.NotLeaderException: Server 14a95ce3-2ce8-42f0-83d3-2c800e36461d is not the leader (null). Request must be sent to leader., logIndex=0, commits[14a95ce3-2ce8-42f0-83d3-2c800e36461d:c-1]
2019-08-18 03:30:42,300 INFO  impl.FollowerState (FollowerState.java:run(106)) - 9278e409-f4e1-4cb1-9539-38fd79302033:group-9F3960AC7324 changes to CANDIDATE, lastRpcTime:5125, electionTimeout:5125ms
2019-08-18 03:30:42,301 INFO  impl.RoleInfo (RoleInfo.java:shutdownFollowerState(121)) - 9278e409-f4e1-4cb1-9539-38fd79302033: shutdown FollowerState
2019-08-18 03:30:42,301 INFO  impl.RaftServerImpl (RaftServerImpl.java:setRole(171)) - 9278e409-f4e1-4cb1-9539-38fd79302033:group-9F3960AC7324 changes role from FOLLOWER to CANDIDATE at term 0 for changeToCandidate
2019-08-18 03:30:42,301 INFO  impl.RoleInfo (RoleInfo.java:updateAndGet(143)) - 9278e409-f4e1-4cb1-9539-38fd79302033: start LeaderElection
2019-08-18 03:30:42,320 INFO  impl.LeaderElection (LeaderElection.java:askForVotes(181)) - 9278e409-f4e1-4cb1-9539-38fd79302033:group-9F3960AC7324:LeaderElection66: begin an election at term 1 for -1: [9278e409-f4e1-4cb1-9539-38fd79302033:192.168.69.121:37289], old=null
2019-08-18 03:30:42,320 INFO  impl.RoleInfo (RoleInfo.java:shutdownLeaderElection(134)) - 9278e409-f4e1-4cb1-9539-38fd79302033: shutdown LeaderElection
2019-08-18 03:30:42,320 INFO  impl.RaftServerImpl (RaftServerImpl.java:setRole(171)) - 9278e409-f4e1-4cb1-9539-38fd79302033:group-9F3960AC7324 changes role from CANDIDATE to LEADER at term 1 for changeToLeader
2019-08-18 03:30:42,320 INFO  impl.RaftServerImpl (ServerState.java:setLeader(263)) - 9278e409-f4e1-4cb1-9539-38fd79302033:group-9F3960AC7324 change Leader from null to 9278e409-f4e1-4cb1-9539-38fd79302033 at term 1 for becomeLeader, leader elected after 5149ms
2019-08-18 03:30:42,320 INFO  server.RaftServerConfigKeys (ConfUtils.java:logGet(43)) - raft.server.staging.catchup.gap = 1000 (default)
2019-08-18 03:30:42,320 INFO  server.RaftServerConfigKeys (ConfUtils.java:logGet(43)) - raft.server.rpc.sleep.time = 25ms (default)
2019-08-18 03:30:42,321 INFO  server.RaftServerConfigKeys (ConfUtils.java:logGet(43)) - raft.server.write.element-limit = 4096 (default)
2019-08-18 03:30:42,321 INFO  server.RaftServerConfigKeys (ConfUtils.java:logGet(43)) - raft.server.watch.timeout = 10s (default)
2019-08-18 03:30:42,321 INFO  server.RaftServerConfigKeys (ConfUtils.java:logGet(43)) - raft.server.watch.timeout.denomination = 1s (default)
2019-08-18 03:30:42,321 INFO  server.RaftServerConfigKeys (ConfUtils.java:logGet(43)) - raft.server.watch.element-limit = 65536 (default)
2019-08-18 03:30:42,321 INFO  impl.RoleInfo (RoleInfo.java:updateAndGet(143)) - 9278e409-f4e1-4cb1-9539-38fd79302033: start LeaderState
2019-08-18 03:30:42,321 INFO  segmented.SegmentedRaftLogWorker (SegmentedRaftLogWorker.java:startLogSegment(380)) - 9278e409-f4e1-4cb1-9539-38fd79302033-SegmentedRaftLogWorker:Storage Directory /workdir/hadoop-ozone/integration-test/target/test-dir/MiniOzoneClusterImpl-9099f0a0-2df3-4059-97d9-a1f48415580d/datanode-1/data/ratis/3ead9bcd-c2c6-4d79-afa0-9f3960ac7324: Starting segment from index:0
2019-08-18 03:30:42,322 INFO  impl.RaftServerImpl (ServerState.java:setRaftConf(361)) - 9278e409-f4e1-4cb1-9539-38fd79302033:group-9F3960AC7324 set configuration 0: [9278e409-f4e1-4cb1-9539-38fd79302033:192.168.69.121:37289], old=null at 0
2019-08-18 03:30:42,357 INFO  segmented.SegmentedRaftLogWorker (SegmentedRaftLogWorker.java:execute(569)) - 9278e409-f4e1-4cb1-9539-38fd79302033-SegmentedRaftLogWorker:Storage Directory /workdir/hadoop-ozone/integration-test/target/test-dir/MiniOzoneClusterImpl-9099f0a0-2df3-4059-97d9-a1f48415580d/datanode-1/data/ratis/3ead9bcd-c2c6-4d79-afa0-9f3960ac7324: created new log segment /workdir/hadoop-ozone/integration-test/target/test-dir/MiniOzoneClusterImpl-9099f0a0-2df3-4059-97d9-a1f48415580d/datanode-1/data/ratis/3ead9bcd-c2c6-4d79-afa0-9f3960ac7324/current/log_inprogress_0
2019-08-18 03:30:42,596 INFO  impl.FollowerState (FollowerState.java:run(106)) - 9278e409-f4e1-4cb1-9539-38fd79302033:group-ED751AD489E6 changes to CANDIDATE, lastRpcTime:5014, electionTimeout:5014ms
2019-08-18 03:30:42,596 INFO  impl.RoleInfo (RoleInfo.java:shutdownFollowerState(121)) - 9278e409-f4e1-4cb1-9539-38fd79302033: shutdown FollowerState
2019-08-18 03:30:42,596 INFO  impl.RaftServerImpl (RaftServerImpl.java:setRole(171)) - 9278e409-f4e1-4cb1-9539-38fd79302033:group-ED751AD489E6 changes role from FOLLOWER to CANDIDATE at term 0 for changeToCandidate
2019-08-18 03:30:42,597 INFO  impl.RoleInfo (RoleInfo.java:updateAndGet(143)) - 9278e409-f4e1-4cb1-9539-38fd79302033: start LeaderElection
2019-08-18 03:30:42,609 INFO  impl.FollowerState (FollowerState.java:run(106)) - 15ed8384-c868-4ea0-ba4a-9269eb510e43:group-ED751AD489E6 changes to CANDIDATE, lastRpcTime:5027, electionTimeout:5027ms
2019-08-18 03:30:42,609 INFO  impl.RoleInfo (RoleInfo.java:shutdownFollowerState(121)) - 15ed8384-c868-4ea0-ba4a-9269eb510e43: shutdown FollowerState
2019-08-18 03:30:42,609 INFO  impl.RaftServerImpl (RaftServerImpl.java:setRole(171)) - 15ed8384-c868-4ea0-ba4a-9269eb510e43:group-ED751AD489E6 changes role from FOLLOWER to CANDIDATE at term 0 for changeToCandidate
2019-08-18 03:30:42,609 INFO  impl.RoleInfo (RoleInfo.java:updateAndGet(143)) - 15ed8384-c868-4ea0-ba4a-9269eb510e43: start LeaderElection
2019-08-18 03:30:42,616 INFO  impl.LeaderElection (LeaderElection.java:askForVotes(181)) - 9278e409-f4e1-4cb1-9539-38fd79302033:group-ED751AD489E6:LeaderElection67: begin an election at term 1 for -1: [9278e409-f4e1-4cb1-9539-38fd79302033:192.168.69.121:37289, 21fb6f03-9348-41f1-8a24-77c54b6d0f63:192.168.69.121:43957, 15ed8384-c868-4ea0-ba4a-9269eb510e43:192.168.69.121:35462], old=null
2019-08-18 03:30:42,619 INFO  impl.LeaderElection (LeaderElection.java:askForVotes(181)) - 15ed8384-c868-4ea0-ba4a-9269eb510e43:group-ED751AD489E6:LeaderElection68: begin an election at term 1 for -1: [9278e409-f4e1-4cb1-9539-38fd79302033:192.168.69.121:37289, 21fb6f03-9348-41f1-8a24-77c54b6d0f63:192.168.69.121:43957, 15ed8384-c868-4ea0-ba4a-9269eb510e43:192.168.69.121:35462], old=null
2019-08-18 03:30:42,622 INFO  impl.RaftServerImpl (RaftServerImpl.java:setRole(171)) - 21fb6f03-9348-41f1-8a24-77c54b6d0f63:group-ED751AD489E6 changes role from FOLLOWER to FOLLOWER at term 1 for recognizeCandidate:9278e409-f4e1-4cb1-9539-38fd79302033
2019-08-18 03:30:42,625 INFO  impl.RoleInfo (RoleInfo.java:shutdownFollowerState(121)) - 21fb6f03-9348-41f1-8a24-77c54b6d0f63: shutdown FollowerState
2019-08-18 03:30:42,625 INFO  impl.RoleInfo (RoleInfo.java:updateAndGet(143)) - 21fb6f03-9348-41f1-8a24-77c54b6d0f63: start FollowerState
2019-08-18 03:30:42,625 INFO  impl.FollowerState (FollowerState.java:run(114)) - 21fb6f03-9348-41f1-8a24-77c54b6d0f63: FollowerState was interrupted: java.lang.InterruptedException: sleep interrupted
2019-08-18 03:30:42,649 INFO  impl.LeaderElection (LeaderElection.java:logAndReturn(56)) - 9278e409-f4e1-4cb1-9539-38fd79302033:group-ED751AD489E6:LeaderElection67: Election PASSED; received 2 response(s) [9278e409-f4e1-4cb1-9539-38fd79302033<-21fb6f03-9348-41f1-8a24-77c54b6d0f63#0:OK-t1, 9278e409-f4e1-4cb1-9539-38fd79302033<-15ed8384-c868-4ea0-ba4a-9269eb510e43#0:FAIL-t1] and 0 exception(s); 9278e409-f4e1-4cb1-9539-38fd79302033:t1, leader=null, voted=9278e409-f4e1-4cb1-9539-38fd79302033, raftlog=9278e409-f4e1-4cb1-9539-38fd79302033-SegmentedRaftLog:OPENED:c-1,f-1,i0, conf=-1: [9278e409-f4e1-4cb1-9539-38fd79302033:192.168.69.121:37289, 21fb6f03-9348-41f1-8a24-77c54b6d0f63:192.168.69.121:43957, 15ed8384-c868-4ea0-ba4a-9269eb510e43:192.168.69.121:35462], old=null
2019-08-18 03:30:42,650 INFO  impl.LeaderElection (LeaderElection.java:logAndReturn(56)) - 15ed8384-c868-4ea0-ba4a-9269eb510e43:group-ED751AD489E6:LeaderElection68: Election REJECTED; received 2 response(s) [15ed8384-c868-4ea0-ba4a-9269eb510e43<-9278e409-f4e1-4cb1-9539-38fd79302033#0:FAIL-t1, 15ed8384-c868-4ea0-ba4a-9269eb510e43<-21fb6f03-9348-41f1-8a24-77c54b6d0f63#0:FAIL-t1] and 0 exception(s); 15ed8384-c868-4ea0-ba4a-9269eb510e43:t1, leader=null, voted=15ed8384-c868-4ea0-ba4a-9269eb510e43, raftlog=15ed8384-c868-4ea0-ba4a-9269eb510e43-SegmentedRaftLog:OPENED:c-1,f-1,i0, conf=-1: [9278e409-f4e1-4cb1-9539-38fd79302033:192.168.69.121:37289, 21fb6f03-9348-41f1-8a24-77c54b6d0f63:192.168.69.121:43957, 15ed8384-c868-4ea0-ba4a-9269eb510e43:192.168.69.121:35462], old=null
2019-08-18 03:30:42,650 INFO  impl.RoleInfo (RoleInfo.java:shutdownLeaderElection(134)) - 9278e409-f4e1-4cb1-9539-38fd79302033: shutdown LeaderElection
2019-08-18 03:30:42,650 INFO  impl.RaftServerImpl (RaftServerImpl.java:setRole(171)) - 15ed8384-c868-4ea0-ba4a-9269eb510e43:group-ED751AD489E6 changes role from CANDIDATE to FOLLOWER at term 1 for DISCOVERED_A_NEW_TERM
2019-08-18 03:30:42,650 INFO  impl.RaftServerImpl (RaftServerImpl.java:setRole(171)) - 9278e409-f4e1-4cb1-9539-38fd79302033:group-ED751AD489E6 changes role from CANDIDATE to LEADER at term 1 for changeToLeader
2019-08-18 03:30:42,650 INFO  impl.RoleInfo (RoleInfo.java:shutdownLeaderElection(134)) - 15ed8384-c868-4ea0-ba4a-9269eb510e43: shutdown LeaderElection
2019-08-18 03:30:42,650 INFO  impl.RaftServerImpl (ServerState.java:setLeader(263)) - 9278e409-f4e1-4cb1-9539-38fd79302033:group-ED751AD489E6 change Leader from null to 9278e409-f4e1-4cb1-9539-38fd79302033 at term 1 for becomeLeader, leader elected after 5100ms
2019-08-18 03:30:42,650 INFO  impl.RoleInfo (RoleInfo.java:updateAndGet(143)) - 15ed8384-c868-4ea0-ba4a-9269eb510e43: start FollowerState
2019-08-18 03:30:42,650 INFO  server.RaftServerConfigKeys (ConfUtils.java:logGet(43)) - raft.server.staging.catchup.gap = 1000 (default)
2019-08-18 03:30:42,651 INFO  server.RaftServerConfigKeys (ConfUtils.java:logGet(43)) - raft.server.rpc.sleep.time = 25ms (default)
2019-08-18 03:30:42,651 INFO  server.RaftServerConfigKeys (ConfUtils.java:logGet(43)) - raft.server.write.element-limit = 4096 (default)
2019-08-18 03:30:42,651 INFO  server.RaftServerConfigKeys (ConfUtils.java:logGet(43)) - raft.server.watch.timeout = 10s (default)
2019-08-18 03:30:42,651 INFO  server.RaftServerConfigKeys (ConfUtils.java:logGet(43)) - raft.server.watch.timeout.denomination = 1s (default)
2019-08-18 03:30:42,651 INFO  server.RaftServerConfigKeys (ConfUtils.java:logGet(43)) - raft.server.watch.element-limit = 65536 (default)
2019-08-18 03:30:42,651 INFO  server.RaftServerConfigKeys (ConfUtils.java:logGet(43)) - raft.server.log.appender.snapshot.chunk.size.max = 16MB (=16777216) (default)
2019-08-18 03:30:42,652 INFO  server.RaftServerConfigKeys (ConfUtils.java:logGet(43)) - raft.server.log.appender.buffer.byte-limit = 33554432 (custom)
2019-08-18 03:30:42,652 INFO  server.RaftServerConfigKeys (ConfUtils.java:logGet(43)) - raft.server.log.appender.buffer.element-limit = 1 (custom)
2019-08-18 03:30:42,652 INFO  grpc.GrpcConfigKeys$Server (ConfUtils.java:logGet(43)) - raft.grpc.server.leader.outstanding.appends.max = 128 (default)
2019-08-18 03:30:42,652 INFO  server.RaftServerConfigKeys (ConfUtils.java:logGet(43)) - raft.server.rpc.request.timeout = 3000ms (default)
2019-08-18 03:30:42,652 INFO  server.RaftServerConfigKeys (ConfUtils.java:logGet(43)) - raft.server.log.appender.install.snapshot.enabled = false (custom)
2019-08-18 03:30:42,653 INFO  server.RaftServerConfigKeys (ConfUtils.java:logGet(43)) - raft.server.log.appender.snapshot.chunk.size.max = 16MB (=16777216) (default)
2019-08-18 03:30:42,653 INFO  server.RaftServerConfigKeys (ConfUtils.java:logGet(43)) - raft.server.log.appender.buffer.byte-limit = 33554432 (custom)
2019-08-18 03:30:42,653 INFO  server.RaftServerConfigKeys (ConfUtils.java:logGet(43)) - raft.server.log.appender.buffer.element-limit = 1 (custom)
2019-08-18 03:30:42,653 INFO  grpc.GrpcConfigKeys$Server (ConfUtils.java:logGet(43)) - raft.grpc.server.leader.outstanding.appends.max = 128 (default)
2019-08-18 03:30:42,653 INFO  server.RaftServerConfigKeys (ConfUtils.java:logGet(43)) - raft.server.rpc.request.timeout = 3000ms (default)
2019-08-18 03:30:42,653 INFO  server.RaftServerConfigKeys (ConfUtils.java:logGet(43)) - raft.server.log.appender.install.snapshot.enabled = false (custom)
2019-08-18 03:30:42,654 INFO  impl.RoleInfo (RoleInfo.java:updateAndGet(143)) - 9278e409-f4e1-4cb1-9539-38fd79302033: start LeaderState
2019-08-18 03:30:42,654 INFO  segmented.SegmentedRaftLogWorker (SegmentedRaftLogWorker.java:startLogSegment(380)) - 9278e409-f4e1-4cb1-9539-38fd79302033-SegmentedRaftLogWorker:Storage Directory /workdir/hadoop-ozone/integration-test/target/test-dir/MiniOzoneClusterImpl-9099f0a0-2df3-4059-97d9-a1f48415580d/datanode-1/data/ratis/0f2428ab-ccc8-44e3-8d42-ed751ad489e6: Starting segment from index:0
2019-08-18 03:30:42,655 INFO  impl.RaftServerImpl (ServerState.java:setRaftConf(361)) - 9278e409-f4e1-4cb1-9539-38fd79302033:group-ED751AD489E6 set configuration 0: [9278e409-f4e1-4cb1-9539-38fd79302033:192.168.69.121:37289, 21fb6f03-9348-41f1-8a24-77c54b6d0f63:192.168.69.121:43957, 15ed8384-c868-4ea0-ba4a-9269eb510e43:192.168.69.121:35462], old=null at 0
2019-08-18 03:30:42,656 INFO  impl.RaftServerImpl (ServerState.java:setLeader(263)) - 21fb6f03-9348-41f1-8a24-77c54b6d0f63:group-ED751AD489E6 change Leader from null to 9278e409-f4e1-4cb1-9539-38fd79302033 at term 1 for appendEntries, leader elected after 5106ms
2019-08-18 03:30:42,656 INFO  impl.RaftServerImpl (ServerState.java:setLeader(263)) - 15ed8384-c868-4ea0-ba4a-9269eb510e43:group-ED751AD489E6 change Leader from null to 9278e409-f4e1-4cb1-9539-38fd79302033 at term 1 for appendEntries, leader elected after 5105ms
2019-08-18 03:30:42,656 INFO  impl.FollowerState (FollowerState.java:run(106)) - 15ed8384-c868-4ea0-ba4a-9269eb510e43:group-1C6B322CFC2D changes to CANDIDATE, lastRpcTime:5151, electionTimeout:5151ms
2019-08-18 03:30:42,656 INFO  impl.RoleInfo (RoleInfo.java:shutdownFollowerState(121)) - 15ed8384-c868-4ea0-ba4a-9269eb510e43: shutdown FollowerState
2019-08-18 03:30:42,657 INFO  impl.RaftServerImpl (RaftServerImpl.java:setRole(171)) - 15ed8384-c868-4ea0-ba4a-9269eb510e43:group-1C6B322CFC2D changes role from FOLLOWER to CANDIDATE at term 0 for changeToCandidate
2019-08-18 03:30:42,657 INFO  impl.RoleInfo (RoleInfo.java:updateAndGet(143)) - 15ed8384-c868-4ea0-ba4a-9269eb510e43: start LeaderElection
2019-08-18 03:30:42,688 INFO  segmented.SegmentedRaftLogWorker (SegmentedRaftLogWorker.java:execute(569)) - 9278e409-f4e1-4cb1-9539-38fd79302033-SegmentedRaftLogWorker:Storage Directory /workdir/hadoop-ozone/integration-test/target/test-dir/MiniOzoneClusterImpl-9099f0a0-2df3-4059-97d9-a1f48415580d/datanode-1/data/ratis/0f2428ab-ccc8-44e3-8d42-ed751ad489e6: created new log segment /workdir/hadoop-ozone/integration-test/target/test-dir/MiniOzoneClusterImpl-9099f0a0-2df3-4059-97d9-a1f48415580d/datanode-1/data/ratis/0f2428ab-ccc8-44e3-8d42-ed751ad489e6/current/log_inprogress_0
2019-08-18 03:30:42,689 INFO  impl.RaftServerImpl (ServerState.java:setRaftConf(361)) - 15ed8384-c868-4ea0-ba4a-9269eb510e43:group-ED751AD489E6 set configuration 0: [9278e409-f4e1-4cb1-9539-38fd79302033:192.168.69.121:37289, 21fb6f03-9348-41f1-8a24-77c54b6d0f63:192.168.69.121:43957, 15ed8384-c868-4ea0-ba4a-9269eb510e43:192.168.69.121:35462], old=null at 0
2019-08-18 03:30:42,689 INFO  impl.RaftServerImpl (ServerState.java:setRaftConf(361)) - 21fb6f03-9348-41f1-8a24-77c54b6d0f63:group-ED751AD489E6 set configuration 0: [9278e409-f4e1-4cb1-9539-38fd79302033:192.168.69.121:37289, 21fb6f03-9348-41f1-8a24-77c54b6d0f63:192.168.69.121:43957, 15ed8384-c868-4ea0-ba4a-9269eb510e43:192.168.69.121:35462], old=null at 0
2019-08-18 03:30:42,689 INFO  segmented.SegmentedRaftLogWorker (SegmentedRaftLogWorker.java:startLogSegment(380)) - 15ed8384-c868-4ea0-ba4a-9269eb510e43-SegmentedRaftLogWorker:Storage Directory /workdir/hadoop-ozone/integration-test/target/test-dir/MiniOzoneClusterImpl-9099f0a0-2df3-4059-97d9-a1f48415580d/datanode-2/data/ratis/0f2428ab-ccc8-44e3-8d42-ed751ad489e6: Starting segment from index:0
2019-08-18 03:30:42,690 INFO  segmented.SegmentedRaftLogWorker (SegmentedRaftLogWorker.java:startLogSegment(380)) - 21fb6f03-9348-41f1-8a24-77c54b6d0f63-SegmentedRaftLogWorker:Storage Directory /workdir/hadoop-ozone/integration-test/target/test-dir/MiniOzoneClusterImpl-9099f0a0-2df3-4059-97d9-a1f48415580d/datanode-0/data/ratis/0f2428ab-ccc8-44e3-8d42-ed751ad489e6: Starting segment from index:0
2019-08-18 03:30:42,701 INFO  impl.LeaderElection (LeaderElection.java:askForVotes(181)) - 15ed8384-c868-4ea0-ba4a-9269eb510e43:group-1C6B322CFC2D:LeaderElection69: begin an election at term 1 for -1: [15ed8384-c868-4ea0-ba4a-9269eb510e43:192.168.69.121:35462], old=null
2019-08-18 03:30:42,701 INFO  impl.RoleInfo (RoleInfo.java:shutdownLeaderElection(134)) - 15ed8384-c868-4ea0-ba4a-9269eb510e43: shutdown LeaderElection
2019-08-18 03:30:42,701 INFO  impl.RaftServerImpl (RaftServerImpl.java:setRole(171)) - 15ed8384-c868-4ea0-ba4a-9269eb510e43:group-1C6B322CFC2D changes role from CANDIDATE to LEADER at term 1 for changeToLeader
2019-08-18 03:30:42,701 INFO  impl.RaftServerImpl (ServerState.java:setLeader(263)) - 15ed8384-c868-4ea0-ba4a-9269eb510e43:group-1C6B322CFC2D change Leader from null to 15ed8384-c868-4ea0-ba4a-9269eb510e43 at term 1 for becomeLeader, leader elected after 5201ms
2019-08-18 03:30:42,701 INFO  server.RaftServerConfigKeys (ConfUtils.java:logGet(43)) - raft.server.staging.catchup.gap = 1000 (default)
2019-08-18 03:30:42,702 INFO  server.RaftServerConfigKeys (ConfUtils.java:logGet(43)) - raft.server.rpc.sleep.time = 25ms (default)
2019-08-18 03:30:42,702 INFO  server.RaftServerConfigKeys (ConfUtils.java:logGet(43)) - raft.server.write.element-limit = 4096 (default)
2019-08-18 03:30:42,702 INFO  server.RaftServerConfigKeys (ConfUtils.java:logGet(43)) - raft.server.watch.timeout = 10s (default)
2019-08-18 03:30:42,702 INFO  server.RaftServerConfigKeys (ConfUtils.java:logGet(43)) - raft.server.watch.timeout.denomination = 1s (default)
2019-08-18 03:30:42,702 INFO  server.RaftServerConfigKeys (ConfUtils.java:logGet(43)) - raft.server.watch.element-limit = 65536 (default)
2019-08-18 03:30:42,702 INFO  impl.RoleInfo (RoleInfo.java:updateAndGet(143)) - 15ed8384-c868-4ea0-ba4a-9269eb510e43: start LeaderState
2019-08-18 03:30:42,702 INFO  segmented.SegmentedRaftLogWorker (SegmentedRaftLogWorker.java:startLogSegment(380)) - 15ed8384-c868-4ea0-ba4a-9269eb510e43-SegmentedRaftLogWorker:Storage Directory /workdir/hadoop-ozone/integration-test/target/test-dir/MiniOzoneClusterImpl-9099f0a0-2df3-4059-97d9-a1f48415580d/datanode-2/data/ratis/177846f1-4b70-470b-b925-1c6b322cfc2d: Starting segment from index:0
2019-08-18 03:30:42,704 INFO  impl.RaftServerImpl (ServerState.java:setRaftConf(361)) - 15ed8384-c868-4ea0-ba4a-9269eb510e43:group-1C6B322CFC2D set configuration 0: [15ed8384-c868-4ea0-ba4a-9269eb510e43:192.168.69.121:35462], old=null at 0
2019-08-18 03:30:42,741 INFO  segmented.SegmentedRaftLogWorker (SegmentedRaftLogWorker.java:execute(569)) - 15ed8384-c868-4ea0-ba4a-9269eb510e43-SegmentedRaftLogWorker:Storage Directory /workdir/hadoop-ozone/integration-test/target/test-dir/MiniOzoneClusterImpl-9099f0a0-2df3-4059-97d9-a1f48415580d/datanode-2/data/ratis/0f2428ab-ccc8-44e3-8d42-ed751ad489e6: created new log segment /workdir/hadoop-ozone/integration-test/target/test-dir/MiniOzoneClusterImpl-9099f0a0-2df3-4059-97d9-a1f48415580d/datanode-2/data/ratis/0f2428ab-ccc8-44e3-8d42-ed751ad489e6/current/log_inprogress_0
2019-08-18 03:30:42,741 INFO  segmented.SegmentedRaftLogWorker (SegmentedRaftLogWorker.java:execute(569)) - 21fb6f03-9348-41f1-8a24-77c54b6d0f63-SegmentedRaftLogWorker:Storage Directory /workdir/hadoop-ozone/integration-test/target/test-dir/MiniOzoneClusterImpl-9099f0a0-2df3-4059-97d9-a1f48415580d/datanode-0/data/ratis/0f2428ab-ccc8-44e3-8d42-ed751ad489e6: created new log segment /workdir/hadoop-ozone/integration-test/target/test-dir/MiniOzoneClusterImpl-9099f0a0-2df3-4059-97d9-a1f48415580d/datanode-0/data/ratis/0f2428ab-ccc8-44e3-8d42-ed751ad489e6/current/log_inprogress_0
2019-08-18 03:30:42,741 INFO  segmented.SegmentedRaftLogWorker (SegmentedRaftLogWorker.java:execute(569)) - 15ed8384-c868-4ea0-ba4a-9269eb510e43-SegmentedRaftLogWorker:Storage Directory /workdir/hadoop-ozone/integration-test/target/test-dir/MiniOzoneClusterImpl-9099f0a0-2df3-4059-97d9-a1f48415580d/datanode-2/data/ratis/177846f1-4b70-470b-b925-1c6b322cfc2d: created new log segment /workdir/hadoop-ozone/integration-test/target/test-dir/MiniOzoneClusterImpl-9099f0a0-2df3-4059-97d9-a1f48415580d/datanode-2/data/ratis/177846f1-4b70-470b-b925-1c6b322cfc2d/current/log_inprogress_0
2019-08-18 03:30:42,853 INFO  impl.FollowerState (FollowerState.java:run(106)) - 14a95ce3-2ce8-42f0-83d3-2c800e36461d:group-B74EC4358BA8 changes to CANDIDATE, lastRpcTime:5181, electionTimeout:5181ms
2019-08-18 03:30:42,853 INFO  impl.RoleInfo (RoleInfo.java:shutdownFollowerState(121)) - 14a95ce3-2ce8-42f0-83d3-2c800e36461d: shutdown FollowerState
2019-08-18 03:30:42,853 INFO  impl.RaftServerImpl (RaftServerImpl.java:setRole(171)) - 14a95ce3-2ce8-42f0-83d3-2c800e36461d:group-B74EC4358BA8 changes role from FOLLOWER to CANDIDATE at term 0 for changeToCandidate
2019-08-18 03:30:42,853 INFO  impl.RoleInfo (RoleInfo.java:updateAndGet(143)) - 14a95ce3-2ce8-42f0-83d3-2c800e36461d: start LeaderElection
2019-08-18 03:30:42,872 INFO  impl.LeaderElection (LeaderElection.java:askForVotes(181)) - 14a95ce3-2ce8-42f0-83d3-2c800e36461d:group-B74EC4358BA8:LeaderElection70: begin an election at term 1 for -1: [14a95ce3-2ce8-42f0-83d3-2c800e36461d:192.168.69.121:39595], old=null
2019-08-18 03:30:42,872 INFO  impl.RoleInfo (RoleInfo.java:shutdownLeaderElection(134)) - 14a95ce3-2ce8-42f0-83d3-2c800e36461d: shutdown LeaderElection
2019-08-18 03:30:42,872 INFO  impl.RaftServerImpl (RaftServerImpl.java:setRole(171)) - 14a95ce3-2ce8-42f0-83d3-2c800e36461d:group-B74EC4358BA8 changes role from CANDIDATE to LEADER at term 1 for changeToLeader
2019-08-18 03:30:42,872 INFO  impl.RaftServerImpl (ServerState.java:setLeader(263)) - 14a95ce3-2ce8-42f0-83d3-2c800e36461d:group-B74EC4358BA8 change Leader from null to 14a95ce3-2ce8-42f0-83d3-2c800e36461d at term 1 for becomeLeader, leader elected after 5205ms
2019-08-18 03:30:42,872 INFO  server.RaftServerConfigKeys (ConfUtils.java:logGet(43)) - raft.server.staging.catchup.gap = 1000 (default)
2019-08-18 03:30:42,872 INFO  server.RaftServerConfigKeys (ConfUtils.java:logGet(43)) - raft.server.rpc.sleep.time = 25ms (default)
2019-08-18 03:30:42,872 INFO  server.RaftServerConfigKeys (ConfUtils.java:logGet(43)) - raft.server.write.element-limit = 4096 (default)
2019-08-18 03:30:42,873 INFO  server.RaftServerConfigKeys (ConfUtils.java:logGet(43)) - raft.server.watch.timeout = 10s (default)
2019-08-18 03:30:42,873 INFO  server.RaftServerConfigKeys (ConfUtils.java:logGet(43)) - raft.server.watch.timeout.denomination = 1s (default)
2019-08-18 03:30:42,873 INFO  server.RaftServerConfigKeys (ConfUtils.java:logGet(43)) - raft.server.watch.element-limit = 65536 (default)
2019-08-18 03:30:42,873 INFO  impl.RoleInfo (RoleInfo.java:updateAndGet(143)) - 14a95ce3-2ce8-42f0-83d3-2c800e36461d: start LeaderState
2019-08-18 03:30:42,873 INFO  segmented.SegmentedRaftLogWorker (SegmentedRaftLogWorker.java:startLogSegment(380)) - 14a95ce3-2ce8-42f0-83d3-2c800e36461d-SegmentedRaftLogWorker:Storage Directory /workdir/hadoop-ozone/integration-test/target/test-dir/MiniOzoneClusterImpl-9099f0a0-2df3-4059-97d9-a1f48415580d/datanode-3/data/ratis/9dccf818-b550-41c9-a0af-b74ec4358ba8: Starting segment from index:0
2019-08-18 03:30:42,874 INFO  impl.RaftServerImpl (ServerState.java:setRaftConf(361)) - 14a95ce3-2ce8-42f0-83d3-2c800e36461d:group-B74EC4358BA8 set configuration 0: [14a95ce3-2ce8-42f0-83d3-2c800e36461d:192.168.69.121:39595], old=null at 0
2019-08-18 03:30:42,906 INFO  segmented.SegmentedRaftLogWorker (SegmentedRaftLogWorker.java:execute(569)) - 14a95ce3-2ce8-42f0-83d3-2c800e36461d-SegmentedRaftLogWorker:Storage Directory /workdir/hadoop-ozone/integration-test/target/test-dir/MiniOzoneClusterImpl-9099f0a0-2df3-4059-97d9-a1f48415580d/datanode-3/data/ratis/9dccf818-b550-41c9-a0af-b74ec4358ba8: created new log segment /workdir/hadoop-ozone/integration-test/target/test-dir/MiniOzoneClusterImpl-9099f0a0-2df3-4059-97d9-a1f48415580d/datanode-3/data/ratis/9dccf818-b550-41c9-a0af-b74ec4358ba8/current/log_inprogress_0
2019-08-18 03:30:42,993 INFO  impl.FollowerState (FollowerState.java:run(106)) - 18ecf6ef-f37f-416b-84f4-1f5a860991da:group-97770003885C changes to CANDIDATE, lastRpcTime:5158, electionTimeout:5158ms
2019-08-18 03:30:42,993 INFO  impl.RoleInfo (RoleInfo.java:shutdownFollowerState(121)) - 18ecf6ef-f37f-416b-84f4-1f5a860991da: shutdown FollowerState
2019-08-18 03:30:42,993 INFO  impl.RaftServerImpl (RaftServerImpl.java:setRole(171)) - 18ecf6ef-f37f-416b-84f4-1f5a860991da:group-97770003885C changes role from FOLLOWER to CANDIDATE at term 0 for changeToCandidate
2019-08-18 03:30:42,994 INFO  impl.RoleInfo (RoleInfo.java:updateAndGet(143)) - 18ecf6ef-f37f-416b-84f4-1f5a860991da: start LeaderElection
2019-08-18 03:30:43,012 INFO  impl.LeaderElection (LeaderElection.java:askForVotes(181)) - 18ecf6ef-f37f-416b-84f4-1f5a860991da:group-97770003885C:LeaderElection71: begin an election at term 1 for -1: [18ecf6ef-f37f-416b-84f4-1f5a860991da:192.168.69.121:42653], old=null
2019-08-18 03:30:43,012 INFO  impl.RoleInfo (RoleInfo.java:shutdownLeaderElection(134)) - 18ecf6ef-f37f-416b-84f4-1f5a860991da: shutdown LeaderElection
2019-08-18 03:30:43,012 INFO  impl.RaftServerImpl (RaftServerImpl.java:setRole(171)) - 18ecf6ef-f37f-416b-84f4-1f5a860991da:group-97770003885C changes role from CANDIDATE to LEADER at term 1 for changeToLeader
2019-08-18 03:30:43,012 INFO  impl.RaftServerImpl (ServerState.java:setLeader(263)) - 18ecf6ef-f37f-416b-84f4-1f5a860991da:group-97770003885C change Leader from null to 18ecf6ef-f37f-416b-84f4-1f5a860991da at term 1 for becomeLeader, leader elected after 5181ms
2019-08-18 03:30:43,012 INFO  server.RaftServerConfigKeys (ConfUtils.java:logGet(43)) - raft.server.staging.catchup.gap = 1000 (default)
2019-08-18 03:30:43,012 INFO  server.RaftServerConfigKeys (ConfUtils.java:logGet(43)) - raft.server.rpc.sleep.time = 25ms (default)
2019-08-18 03:30:43,012 INFO  server.RaftServerConfigKeys (ConfUtils.java:logGet(43)) - raft.server.write.element-limit = 4096 (default)
2019-08-18 03:30:43,013 INFO  server.RaftServerConfigKeys (ConfUtils.java:logGet(43)) - raft.server.watch.timeout = 10s (default)
2019-08-18 03:30:43,013 INFO  server.RaftServerConfigKeys (ConfUtils.java:logGet(43)) - raft.server.watch.timeout.denomination = 1s (default)
2019-08-18 03:30:43,013 INFO  server.RaftServerConfigKeys (ConfUtils.java:logGet(43)) - raft.server.watch.element-limit = 65536 (default)
2019-08-18 03:30:43,013 INFO  impl.RoleInfo (RoleInfo.java:updateAndGet(143)) - 18ecf6ef-f37f-416b-84f4-1f5a860991da: start LeaderState
2019-08-18 03:30:43,013 INFO  segmented.SegmentedRaftLogWorker (SegmentedRaftLogWorker.java:startLogSegment(380)) - 18ecf6ef-f37f-416b-84f4-1f5a860991da-SegmentedRaftLogWorker:Storage Directory /workdir/hadoop-ozone/integration-test/target/test-dir/MiniOzoneClusterImpl-9099f0a0-2df3-4059-97d9-a1f48415580d/datanode-4/data/ratis/d7ec1348-3ecd-4505-922b-97770003885c: Starting segment from index:0
2019-08-18 03:30:43,014 INFO  impl.RaftServerImpl (ServerState.java:setRaftConf(361)) - 18ecf6ef-f37f-416b-84f4-1f5a860991da:group-97770003885C set configuration 0: [18ecf6ef-f37f-416b-84f4-1f5a860991da:192.168.69.121:42653], old=null at 0
2019-08-18 03:30:43,047 INFO  segmented.SegmentedRaftLogWorker (SegmentedRaftLogWorker.java:execute(569)) - 18ecf6ef-f37f-416b-84f4-1f5a860991da-SegmentedRaftLogWorker:Storage Directory /workdir/hadoop-ozone/integration-test/target/test-dir/MiniOzoneClusterImpl-9099f0a0-2df3-4059-97d9-a1f48415580d/datanode-4/data/ratis/d7ec1348-3ecd-4505-922b-97770003885c: created new log segment /workdir/hadoop-ozone/integration-test/target/test-dir/MiniOzoneClusterImpl-9099f0a0-2df3-4059-97d9-a1f48415580d/datanode-4/data/ratis/d7ec1348-3ecd-4505-922b-97770003885c/current/log_inprogress_0
2019-08-18 03:30:43,069 INFO  impl.FollowerState (FollowerState.java:run(106)) - b5ebf1d2-50b1-44fd-809a-910fb604fdc3:group-E316804E628A changes to CANDIDATE, lastRpcTime:5010, electionTimeout:5010ms
2019-08-18 03:30:43,069 INFO  impl.RoleInfo (RoleInfo.java:shutdownFollowerState(121)) - b5ebf1d2-50b1-44fd-809a-910fb604fdc3: shutdown FollowerState
2019-08-18 03:30:43,069 INFO  impl.RaftServerImpl (RaftServerImpl.java:setRole(171)) - b5ebf1d2-50b1-44fd-809a-910fb604fdc3:group-E316804E628A changes role from FOLLOWER to CANDIDATE at term 0 for changeToCandidate
2019-08-18 03:30:43,069 INFO  impl.RoleInfo (RoleInfo.java:updateAndGet(143)) - b5ebf1d2-50b1-44fd-809a-910fb604fdc3: start LeaderElection
2019-08-18 03:30:43,088 INFO  impl.LeaderElection (LeaderElection.java:askForVotes(181)) - b5ebf1d2-50b1-44fd-809a-910fb604fdc3:group-E316804E628A:LeaderElection72: begin an election at term 1 for -1: [14a95ce3-2ce8-42f0-83d3-2c800e36461d:192.168.69.121:39595, 18ecf6ef-f37f-416b-84f4-1f5a860991da:192.168.69.121:42653, b5ebf1d2-50b1-44fd-809a-910fb604fdc3:192.168.69.121:42687], old=null
2019-08-18 03:30:43,092 INFO  impl.RaftServerImpl (RaftServerImpl.java:setRole(171)) - 18ecf6ef-f37f-416b-84f4-1f5a860991da:group-E316804E628A changes role from FOLLOWER to FOLLOWER at term 1 for recognizeCandidate:b5ebf1d2-50b1-44fd-809a-910fb604fdc3
2019-08-18 03:30:43,095 INFO  impl.RaftServerImpl (RaftServerImpl.java:setRole(171)) - 14a95ce3-2ce8-42f0-83d3-2c800e36461d:group-E316804E628A changes role from FOLLOWER to FOLLOWER at term 1 for recognizeCandidate:b5ebf1d2-50b1-44fd-809a-910fb604fdc3
2019-08-18 03:30:43,095 INFO  impl.RoleInfo (RoleInfo.java:shutdownFollowerState(121)) - 18ecf6ef-f37f-416b-84f4-1f5a860991da: shutdown FollowerState
2019-08-18 03:30:43,095 INFO  impl.RoleInfo (RoleInfo.java:shutdownFollowerState(121)) - 14a95ce3-2ce8-42f0-83d3-2c800e36461d: shutdown FollowerState
2019-08-18 03:30:43,096 INFO  impl.FollowerState (FollowerState.java:run(114)) - 18ecf6ef-f37f-416b-84f4-1f5a860991da: FollowerState was interrupted: java.lang.InterruptedException: sleep interrupted
2019-08-18 03:30:43,095 INFO  impl.RoleInfo (RoleInfo.java:updateAndGet(143)) - 18ecf6ef-f37f-416b-84f4-1f5a860991da: start FollowerState
2019-08-18 03:30:43,096 INFO  impl.FollowerState (FollowerState.java:run(114)) - 14a95ce3-2ce8-42f0-83d3-2c800e36461d: FollowerState was interrupted: java.lang.InterruptedException: sleep interrupted
2019-08-18 03:30:43,096 INFO  impl.RoleInfo (RoleInfo.java:updateAndGet(143)) - 14a95ce3-2ce8-42f0-83d3-2c800e36461d: start FollowerState
2019-08-18 03:30:43,105 INFO  impl.FollowerState (FollowerState.java:run(106)) - b5ebf1d2-50b1-44fd-809a-910fb604fdc3:group-BF104C73D0FB changes to CANDIDATE, lastRpcTime:5111, electionTimeout:5111ms
2019-08-18 03:30:43,105 INFO  impl.RoleInfo (RoleInfo.java:shutdownFollowerState(121)) - b5ebf1d2-50b1-44fd-809a-910fb604fdc3: shutdown FollowerState
2019-08-18 03:30:43,105 INFO  impl.RaftServerImpl (RaftServerImpl.java:setRole(171)) - b5ebf1d2-50b1-44fd-809a-910fb604fdc3:group-BF104C73D0FB changes role from FOLLOWER to CANDIDATE at term 0 for changeToCandidate
2019-08-18 03:30:43,105 INFO  impl.RoleInfo (RoleInfo.java:updateAndGet(143)) - b5ebf1d2-50b1-44fd-809a-910fb604fdc3: start LeaderElection
2019-08-18 03:30:43,114 INFO  impl.LeaderElection (LeaderElection.java:askForVotes(181)) - b5ebf1d2-50b1-44fd-809a-910fb604fdc3:group-BF104C73D0FB:LeaderElection73: begin an election at term 1 for -1: [b5ebf1d2-50b1-44fd-809a-910fb604fdc3:192.168.69.121:42687], old=null
2019-08-18 03:30:43,114 INFO  impl.RoleInfo (RoleInfo.java:shutdownLeaderElection(134)) - b5ebf1d2-50b1-44fd-809a-910fb604fdc3: shutdown LeaderElection
2019-08-18 03:30:43,114 INFO  impl.RaftServerImpl (RaftServerImpl.java:setRole(171)) - b5ebf1d2-50b1-44fd-809a-910fb604fdc3:group-BF104C73D0FB changes role from CANDIDATE to LEADER at term 1 for changeToLeader
2019-08-18 03:30:43,115 INFO  impl.RaftServerImpl (ServerState.java:setLeader(263)) - b5ebf1d2-50b1-44fd-809a-910fb604fdc3:group-BF104C73D0FB change Leader from null to b5ebf1d2-50b1-44fd-809a-910fb604fdc3 at term 1 for becomeLeader, leader elected after 5125ms
2019-08-18 03:30:43,115 INFO  server.RaftServerConfigKeys (ConfUtils.java:logGet(43)) - raft.server.staging.catchup.gap = 1000 (default)
2019-08-18 03:30:43,115 INFO  server.RaftServerConfigKeys (ConfUtils.java:logGet(43)) - raft.server.rpc.sleep.time = 25ms (default)
2019-08-18 03:30:43,115 INFO  server.RaftServerConfigKeys (ConfUtils.java:logGet(43)) - raft.server.write.element-limit = 4096 (default)
2019-08-18 03:30:43,115 INFO  impl.LeaderElection (LeaderElection.java:logAndReturn(56)) - b5ebf1d2-50b1-44fd-809a-910fb604fdc3:group-E316804E628A:LeaderElection72: Election PASSED; received 1 response(s) [b5ebf1d2-50b1-44fd-809a-910fb604fdc3<-18ecf6ef-f37f-416b-84f4-1f5a860991da#0:OK-t1] and 0 exception(s); b5ebf1d2-50b1-44fd-809a-910fb604fdc3:t1, leader=null, voted=b5ebf1d2-50b1-44fd-809a-910fb604fdc3, raftlog=b5ebf1d2-50b1-44fd-809a-910fb604fdc3-SegmentedRaftLog:OPENED:c-1,f-1,i0, conf=-1: [14a95ce3-2ce8-42f0-83d3-2c800e36461d:192.168.69.121:39595, 18ecf6ef-f37f-416b-84f4-1f5a860991da:192.168.69.121:42653, b5ebf1d2-50b1-44fd-809a-910fb604fdc3:192.168.69.121:42687], old=null
2019-08-18 03:30:43,115 INFO  server.RaftServerConfigKeys (ConfUtils.java:logGet(43)) - raft.server.watch.timeout = 10s (default)
2019-08-18 03:30:43,115 INFO  impl.RoleInfo (RoleInfo.java:shutdownLeaderElection(134)) - b5ebf1d2-50b1-44fd-809a-910fb604fdc3: shutdown LeaderElection
2019-08-18 03:30:43,115 INFO  server.RaftServerConfigKeys (ConfUtils.java:logGet(43)) - raft.server.watch.timeout.denomination = 1s (default)
2019-08-18 03:30:43,116 INFO  impl.RaftServerImpl (RaftServerImpl.java:setRole(171)) - b5ebf1d2-50b1-44fd-809a-910fb604fdc3:group-E316804E628A changes role from CANDIDATE to LEADER at term 1 for changeToLeader
2019-08-18 03:30:43,116 INFO  server.RaftServerConfigKeys (ConfUtils.java:logGet(43)) - raft.server.watch.element-limit = 65536 (default)
2019-08-18 03:30:43,116 INFO  impl.RaftServerImpl (ServerState.java:setLeader(263)) - b5ebf1d2-50b1-44fd-809a-910fb604fdc3:group-E316804E628A change Leader from null to b5ebf1d2-50b1-44fd-809a-910fb604fdc3 at term 1 for becomeLeader, leader elected after 5068ms
2019-08-18 03:30:43,116 INFO  impl.RoleInfo (RoleInfo.java:updateAndGet(143)) - b5ebf1d2-50b1-44fd-809a-910fb604fdc3: start LeaderState
2019-08-18 03:30:43,116 INFO  server.RaftServerConfigKeys (ConfUtils.java:logGet(43)) - raft.server.staging.catchup.gap = 1000 (default)
2019-08-18 03:30:43,116 INFO  segmented.SegmentedRaftLogWorker (SegmentedRaftLogWorker.java:startLogSegment(380)) - b5ebf1d2-50b1-44fd-809a-910fb604fdc3-SegmentedRaftLogWorker:Storage Directory /workdir/hadoop-ozone/integration-test/target/test-dir/MiniOzoneClusterImpl-9099f0a0-2df3-4059-97d9-a1f48415580d/datanode-5/data/ratis/92cf1ef8-dc5e-4684-a026-bf104c73d0fb: Starting segment from index:0
2019-08-18 03:30:43,116 INFO  server.RaftServerConfigKeys (ConfUtils.java:logGet(43)) - raft.server.rpc.sleep.time = 25ms (default)
2019-08-18 03:30:43,117 INFO  server.RaftServerConfigKeys (ConfUtils.java:logGet(43)) - raft.server.write.element-limit = 4096 (default)
2019-08-18 03:30:43,117 INFO  impl.RaftServerImpl (ServerState.java:setRaftConf(361)) - b5ebf1d2-50b1-44fd-809a-910fb604fdc3:group-BF104C73D0FB set configuration 0: [b5ebf1d2-50b1-44fd-809a-910fb604fdc3:192.168.69.121:42687], old=null at 0
2019-08-18 03:30:43,117 INFO  server.RaftServerConfigKeys (ConfUtils.java:logGet(43)) - raft.server.watch.timeout = 10s (default)
2019-08-18 03:30:43,138 INFO  server.RaftServerConfigKeys (ConfUtils.java:logGet(43)) - raft.server.watch.timeout.denomination = 1s (default)
2019-08-18 03:30:43,138 INFO  server.RaftServerConfigKeys (ConfUtils.java:logGet(43)) - raft.server.watch.element-limit = 65536 (default)
2019-08-18 03:30:43,138 INFO  server.RaftServerConfigKeys (ConfUtils.java:logGet(43)) - raft.server.log.appender.snapshot.chunk.size.max = 16MB (=16777216) (default)
2019-08-18 03:30:43,138 INFO  server.RaftServerConfigKeys (ConfUtils.java:logGet(43)) - raft.server.log.appender.buffer.byte-limit = 33554432 (custom)
2019-08-18 03:30:43,139 INFO  server.RaftServerConfigKeys (ConfUtils.java:logGet(43)) - raft.server.log.appender.buffer.element-limit = 1 (custom)
2019-08-18 03:30:43,139 INFO  grpc.GrpcConfigKeys$Server (ConfUtils.java:logGet(43)) - raft.grpc.server.leader.outstanding.appends.max = 128 (default)
2019-08-18 03:30:43,139 INFO  server.RaftServerConfigKeys (ConfUtils.java:logGet(43)) - raft.server.rpc.request.timeout = 3000ms (default)
2019-08-18 03:30:43,139 INFO  server.RaftServerConfigKeys (ConfUtils.java:logGet(43)) - raft.server.log.appender.install.snapshot.enabled = false (custom)
2019-08-18 03:30:43,139 INFO  server.RaftServerConfigKeys (ConfUtils.java:logGet(43)) - raft.server.log.appender.snapshot.chunk.size.max = 16MB (=16777216) (default)
2019-08-18 03:30:43,140 INFO  server.RaftServerConfigKeys (ConfUtils.java:logGet(43)) - raft.server.log.appender.buffer.byte-limit = 33554432 (custom)
2019-08-18 03:30:43,140 INFO  server.RaftServerConfigKeys (ConfUtils.java:logGet(43)) - raft.server.log.appender.buffer.element-limit = 1 (custom)
2019-08-18 03:30:43,140 INFO  grpc.GrpcConfigKeys$Server (ConfUtils.java:logGet(43)) - raft.grpc.server.leader.outstanding.appends.max = 128 (default)
2019-08-18 03:30:43,140 INFO  server.RaftServerConfigKeys (ConfUtils.java:logGet(43)) - raft.server.rpc.request.timeout = 3000ms (default)
2019-08-18 03:30:43,140 INFO  server.RaftServerConfigKeys (ConfUtils.java:logGet(43)) - raft.server.log.appender.install.snapshot.enabled = false (custom)
2019-08-18 03:30:43,140 INFO  impl.RoleInfo (RoleInfo.java:updateAndGet(143)) - b5ebf1d2-50b1-44fd-809a-910fb604fdc3: start LeaderState
2019-08-18 03:30:43,141 INFO  segmented.SegmentedRaftLogWorker (SegmentedRaftLogWorker.java:startLogSegment(380)) - b5ebf1d2-50b1-44fd-809a-910fb604fdc3-SegmentedRaftLogWorker:Storage Directory /workdir/hadoop-ozone/integration-test/target/test-dir/MiniOzoneClusterImpl-9099f0a0-2df3-4059-97d9-a1f48415580d/datanode-5/data/ratis/27975262-0b23-4271-8341-e316804e628a: Starting segment from index:0
2019-08-18 03:30:43,142 INFO  impl.RaftServerImpl (ServerState.java:setRaftConf(361)) - b5ebf1d2-50b1-44fd-809a-910fb604fdc3:group-E316804E628A set configuration 0: [14a95ce3-2ce8-42f0-83d3-2c800e36461d:192.168.69.121:39595, 18ecf6ef-f37f-416b-84f4-1f5a860991da:192.168.69.121:42653, b5ebf1d2-50b1-44fd-809a-910fb604fdc3:192.168.69.121:42687], old=null at 0
2019-08-18 03:30:43,162 INFO  impl.RaftServerImpl (ServerState.java:setLeader(263)) - 14a95ce3-2ce8-42f0-83d3-2c800e36461d:group-E316804E628A change Leader from null to b5ebf1d2-50b1-44fd-809a-910fb604fdc3 at term 1 for appendEntries, leader elected after 5114ms
2019-08-18 03:30:43,162 INFO  segmented.SegmentedRaftLogWorker (SegmentedRaftLogWorker.java:execute(569)) - b5ebf1d2-50b1-44fd-809a-910fb604fdc3-SegmentedRaftLogWorker:Storage Directory /workdir/hadoop-ozone/integration-test/target/test-dir/MiniOzoneClusterImpl-9099f0a0-2df3-4059-97d9-a1f48415580d/datanode-5/data/ratis/92cf1ef8-dc5e-4684-a026-bf104c73d0fb: created new log segment /workdir/hadoop-ozone/integration-test/target/test-dir/MiniOzoneClusterImpl-9099f0a0-2df3-4059-97d9-a1f48415580d/datanode-5/data/ratis/92cf1ef8-dc5e-4684-a026-bf104c73d0fb/current/log_inprogress_0
2019-08-18 03:30:43,163 INFO  impl.RaftServerImpl (ServerState.java:setLeader(263)) - 18ecf6ef-f37f-416b-84f4-1f5a860991da:group-E316804E628A change Leader from null to b5ebf1d2-50b1-44fd-809a-910fb604fdc3 at term 1 for appendEntries, leader elected after 5114ms
2019-08-18 03:30:43,166 INFO  impl.RaftServerImpl (ServerState.java:setRaftConf(361)) - 14a95ce3-2ce8-42f0-83d3-2c800e36461d:group-E316804E628A set configuration 0: [14a95ce3-2ce8-42f0-83d3-2c800e36461d:192.168.69.121:39595, 18ecf6ef-f37f-416b-84f4-1f5a860991da:192.168.69.121:42653, b5ebf1d2-50b1-44fd-809a-910fb604fdc3:192.168.69.121:42687], old=null at 0
2019-08-18 03:30:43,166 INFO  segmented.SegmentedRaftLogWorker (SegmentedRaftLogWorker.java:startLogSegment(380)) - 14a95ce3-2ce8-42f0-83d3-2c800e36461d-SegmentedRaftLogWorker:Storage Directory /workdir/hadoop-ozone/integration-test/target/test-dir/MiniOzoneClusterImpl-9099f0a0-2df3-4059-97d9-a1f48415580d/datanode-3/data/ratis/27975262-0b23-4271-8341-e316804e628a: Starting segment from index:0
2019-08-18 03:30:43,167 INFO  impl.RaftServerImpl (ServerState.java:setRaftConf(361)) - 18ecf6ef-f37f-416b-84f4-1f5a860991da:group-E316804E628A set configuration 0: [14a95ce3-2ce8-42f0-83d3-2c800e36461d:192.168.69.121:39595, 18ecf6ef-f37f-416b-84f4-1f5a860991da:192.168.69.121:42653, b5ebf1d2-50b1-44fd-809a-910fb604fdc3:192.168.69.121:42687], old=null at 0
2019-08-18 03:30:43,167 INFO  segmented.SegmentedRaftLogWorker (SegmentedRaftLogWorker.java:startLogSegment(380)) - 18ecf6ef-f37f-416b-84f4-1f5a860991da-SegmentedRaftLogWorker:Storage Directory /workdir/hadoop-ozone/integration-test/target/test-dir/MiniOzoneClusterImpl-9099f0a0-2df3-4059-97d9-a1f48415580d/datanode-4/data/ratis/27975262-0b23-4271-8341-e316804e628a: Starting segment from index:0
2019-08-18 03:30:43,175 INFO  segmented.SegmentedRaftLogWorker (SegmentedRaftLogWorker.java:execute(569)) - b5ebf1d2-50b1-44fd-809a-910fb604fdc3-SegmentedRaftLogWorker:Storage Directory /workdir/hadoop-ozone/integration-test/target/test-dir/MiniOzoneClusterImpl-9099f0a0-2df3-4059-97d9-a1f48415580d/datanode-5/data/ratis/27975262-0b23-4271-8341-e316804e628a: created new log segment /workdir/hadoop-ozone/integration-test/target/test-dir/MiniOzoneClusterImpl-9099f0a0-2df3-4059-97d9-a1f48415580d/datanode-5/data/ratis/27975262-0b23-4271-8341-e316804e628a/current/log_inprogress_0
2019-08-18 03:30:43,199 INFO  segmented.SegmentedRaftLogWorker (SegmentedRaftLogWorker.java:execute(569)) - 18ecf6ef-f37f-416b-84f4-1f5a860991da-SegmentedRaftLogWorker:Storage Directory /workdir/hadoop-ozone/integration-test/target/test-dir/MiniOzoneClusterImpl-9099f0a0-2df3-4059-97d9-a1f48415580d/datanode-4/data/ratis/27975262-0b23-4271-8341-e316804e628a: created new log segment /workdir/hadoop-ozone/integration-test/target/test-dir/MiniOzoneClusterImpl-9099f0a0-2df3-4059-97d9-a1f48415580d/datanode-4/data/ratis/27975262-0b23-4271-8341-e316804e628a/current/log_inprogress_0
2019-08-18 03:30:43,199 INFO  segmented.SegmentedRaftLogWorker (SegmentedRaftLogWorker.java:execute(569)) - 14a95ce3-2ce8-42f0-83d3-2c800e36461d-SegmentedRaftLogWorker:Storage Directory /workdir/hadoop-ozone/integration-test/target/test-dir/MiniOzoneClusterImpl-9099f0a0-2df3-4059-97d9-a1f48415580d/datanode-3/data/ratis/27975262-0b23-4271-8341-e316804e628a: created new log segment /workdir/hadoop-ozone/integration-test/target/test-dir/MiniOzoneClusterImpl-9099f0a0-2df3-4059-97d9-a1f48415580d/datanode-3/data/ratis/27975262-0b23-4271-8341-e316804e628a/current/log_inprogress_0
2019-08-18 03:30:43,261 INFO  client.GrpcClientProtocolClient (GrpcClientProtocolClient.java:onNext(255)) - client-7414E31120FA->18ecf6ef-f37f-416b-84f4-1f5a860991da: receive RaftClientReply:client-7414E31120FA->18ecf6ef-f37f-416b-84f4-1f5a860991da@group-E316804E628A, cid=183, FAILED org.apache.ratis.protocol.NotLeaderException: Server 18ecf6ef-f37f-416b-84f4-1f5a860991da is not the leader (b5ebf1d2-50b1-44fd-809a-910fb604fdc3:192.168.69.121:42687). Request must be sent to leader., logIndex=0, commits[18ecf6ef-f37f-416b-84f4-1f5a860991da:c-1, 14a95ce3-2ce8-42f0-83d3-2c800e36461d:c-1, b5ebf1d2-50b1-44fd-809a-910fb604fdc3:c-1]
2019-08-18 03:30:43,323 INFO  impl.FollowerState (FollowerState.java:run(106)) - 9ab46049-e7d2-400a-a45d-e7385b6e5d10:group-B8ABAE4D0AC7 changes to CANDIDATE, lastRpcTime:5166, electionTimeout:5166ms
2019-08-18 03:30:43,323 INFO  impl.RoleInfo (RoleInfo.java:shutdownFollowerState(121)) - 9ab46049-e7d2-400a-a45d-e7385b6e5d10: shutdown FollowerState
2019-08-18 03:30:43,324 INFO  impl.RaftServerImpl (RaftServerImpl.java:setRole(171)) - 9ab46049-e7d2-400a-a45d-e7385b6e5d10:group-B8ABAE4D0AC7 changes role from FOLLOWER to CANDIDATE at term 0 for changeToCandidate
2019-08-18 03:30:43,324 INFO  impl.RoleInfo (RoleInfo.java:updateAndGet(143)) - 9ab46049-e7d2-400a-a45d-e7385b6e5d10: start LeaderElection
2019-08-18 03:30:43,339 INFO  impl.LeaderElection (LeaderElection.java:askForVotes(181)) - 9ab46049-e7d2-400a-a45d-e7385b6e5d10:group-B8ABAE4D0AC7:LeaderElection74: begin an election at term 1 for -1: [9ab46049-e7d2-400a-a45d-e7385b6e5d10:192.168.69.121:38478], old=null
2019-08-18 03:30:43,339 INFO  impl.RoleInfo (RoleInfo.java:shutdownLeaderElection(134)) - 9ab46049-e7d2-400a-a45d-e7385b6e5d10: shutdown LeaderElection
2019-08-18 03:30:43,339 INFO  impl.RaftServerImpl (RaftServerImpl.java:setRole(171)) - 9ab46049-e7d2-400a-a45d-e7385b6e5d10:group-B8ABAE4D0AC7 changes role from CANDIDATE to LEADER at term 1 for changeToLeader
2019-08-18 03:30:43,339 INFO  impl.RaftServerImpl (ServerState.java:setLeader(263)) - 9ab46049-e7d2-400a-a45d-e7385b6e5d10:group-B8ABAE4D0AC7 change Leader from null to 9ab46049-e7d2-400a-a45d-e7385b6e5d10 at term 1 for becomeLeader, leader elected after 5186ms
2019-08-18 03:30:43,339 INFO  server.RaftServerConfigKeys (ConfUtils.java:logGet(43)) - raft.server.staging.catchup.gap = 1000 (default)
2019-08-18 03:30:43,339 INFO  server.RaftServerConfigKeys (ConfUtils.java:logGet(43)) - raft.server.rpc.sleep.time = 25ms (default)
2019-08-18 03:30:43,340 INFO  server.RaftServerConfigKeys (ConfUtils.java:logGet(43)) - raft.server.write.element-limit = 4096 (default)
2019-08-18 03:30:43,340 INFO  server.RaftServerConfigKeys (ConfUtils.java:logGet(43)) - raft.server.watch.timeout = 10s (default)
2019-08-18 03:30:43,340 INFO  server.RaftServerConfigKeys (ConfUtils.java:logGet(43)) - raft.server.watch.timeout.denomination = 1s (default)
2019-08-18 03:30:43,340 INFO  server.RaftServerConfigKeys (ConfUtils.java:logGet(43)) - raft.server.watch.element-limit = 65536 (default)
2019-08-18 03:30:43,340 INFO  impl.RoleInfo (RoleInfo.java:updateAndGet(143)) - 9ab46049-e7d2-400a-a45d-e7385b6e5d10: start LeaderState
2019-08-18 03:30:43,341 INFO  segmented.SegmentedRaftLogWorker (SegmentedRaftLogWorker.java:startLogSegment(380)) - 9ab46049-e7d2-400a-a45d-e7385b6e5d10-SegmentedRaftLogWorker:Storage Directory /workdir/hadoop-ozone/integration-test/target/test-dir/MiniOzoneClusterImpl-9099f0a0-2df3-4059-97d9-a1f48415580d/datanode-6/data/ratis/b2526aca-afea-4c19-b4fd-b8abae4d0ac7: Starting segment from index:0
2019-08-18 03:30:43,341 INFO  impl.RaftServerImpl (ServerState.java:setRaftConf(361)) - 9ab46049-e7d2-400a-a45d-e7385b6e5d10:group-B8ABAE4D0AC7 set configuration 0: [9ab46049-e7d2-400a-a45d-e7385b6e5d10:192.168.69.121:38478], old=null at 0
2019-08-18 03:30:43,378 INFO  segmented.SegmentedRaftLogWorker (SegmentedRaftLogWorker.java:execute(569)) - 9ab46049-e7d2-400a-a45d-e7385b6e5d10-SegmentedRaftLogWorker:Storage Directory /workdir/hadoop-ozone/integration-test/target/test-dir/MiniOzoneClusterImpl-9099f0a0-2df3-4059-97d9-a1f48415580d/datanode-6/data/ratis/b2526aca-afea-4c19-b4fd-b8abae4d0ac7: created new log segment /workdir/hadoop-ozone/integration-test/target/test-dir/MiniOzoneClusterImpl-9099f0a0-2df3-4059-97d9-a1f48415580d/datanode-6/data/ratis/b2526aca-afea-4c19-b4fd-b8abae4d0ac7/current/log_inprogress_0
2019-08-18 03:30:43,413 INFO  client.GrpcClientProtocolClient (GrpcClientProtocolClient.java:onNext(255)) - client-7414E31120FA->b5ebf1d2-50b1-44fd-809a-910fb604fdc3: receive RaftClientReply:client-7414E31120FA->b5ebf1d2-50b1-44fd-809a-910fb604fdc3@group-E316804E628A, cid=183, SUCCESS, logIndex=1, commits[b5ebf1d2-50b1-44fd-809a-910fb604fdc3:c1, 14a95ce3-2ce8-42f0-83d3-2c800e36461d:c0, 18ecf6ef-f37f-416b-84f4-1f5a860991da:c0]
2019-08-18 03:30:43,427 INFO  client.GrpcClientProtocolClient (GrpcClientProtocolClient.java:onNext(255)) - client-7414E31120FA->b5ebf1d2-50b1-44fd-809a-910fb604fdc3: receive RaftClientReply:client-7414E31120FA->b5ebf1d2-50b1-44fd-809a-910fb604fdc3@group-E316804E628A, cid=184, SUCCESS, logIndex=3, commits[b5ebf1d2-50b1-44fd-809a-910fb604fdc3:c5, 14a95ce3-2ce8-42f0-83d3-2c800e36461d:c1, 18ecf6ef-f37f-416b-84f4-1f5a860991da:c1]
2019-08-18 03:30:43,485 INFO  client.GrpcClientProtocolClient (GrpcClientProtocolClient.java:onNext(255)) - client-7414E31120FA->b5ebf1d2-50b1-44fd-809a-910fb604fdc3: receive RaftClientReply:client-7414E31120FA->b5ebf1d2-50b1-44fd-809a-910fb604fdc3@group-E316804E628A, cid=185, SUCCESS, logIndex=4, commits[b5ebf1d2-50b1-44fd-809a-910fb604fdc3:c10, 14a95ce3-2ce8-42f0-83d3-2c800e36461d:c7, 18ecf6ef-f37f-416b-84f4-1f5a860991da:c7]
2019-08-18 03:30:43,487 INFO  client.GrpcClientProtocolClient (GrpcClientProtocolClient.java:onNext(255)) - client-7414E31120FA->b5ebf1d2-50b1-44fd-809a-910fb604fdc3: receive RaftClientReply:client-7414E31120FA->b5ebf1d2-50b1-44fd-809a-910fb604fdc3@group-E316804E628A, cid=186, SUCCESS, logIndex=5, commits[b5ebf1d2-50b1-44fd-809a-910fb604fdc3:c10, 14a95ce3-2ce8-42f0-83d3-2c800e36461d:c7, 18ecf6ef-f37f-416b-84f4-1f5a860991da:c7]
2019-08-18 03:30:43,487 INFO  client.GrpcClientProtocolClient (GrpcClientProtocolClient.java:onNext(255)) - client-7414E31120FA->b5ebf1d2-50b1-44fd-809a-910fb604fdc3: receive RaftClientReply:client-7414E31120FA->b5ebf1d2-50b1-44fd-809a-910fb604fdc3@group-E316804E628A, cid=187, SUCCESS, logIndex=6, commits[b5ebf1d2-50b1-44fd-809a-910fb604fdc3:c10, 14a95ce3-2ce8-42f0-83d3-2c800e36461d:c7, 18ecf6ef-f37f-416b-84f4-1f5a860991da:c7]
2019-08-18 03:30:43,582 INFO  client.GrpcClientProtocolClient (GrpcClientProtocolClient.java:onNext(255)) - client-7414E31120FA->b5ebf1d2-50b1-44fd-809a-910fb604fdc3: receive RaftClientReply:client-7414E31120FA->b5ebf1d2-50b1-44fd-809a-910fb604fdc3@group-E316804E628A, cid=188, SUCCESS, logIndex=7, commits[b5ebf1d2-50b1-44fd-809a-910fb604fdc3:c10, 14a95ce3-2ce8-42f0-83d3-2c800e36461d:c7, 18ecf6ef-f37f-416b-84f4-1f5a860991da:c7]
2019-08-18 03:30:43,607 INFO  client.GrpcClientProtocolClient (GrpcClientProtocolClient.java:onNext(255)) - client-7414E31120FA->b5ebf1d2-50b1-44fd-809a-910fb604fdc3: receive RaftClientReply:client-7414E31120FA->b5ebf1d2-50b1-44fd-809a-910fb604fdc3@group-E316804E628A, cid=189, SUCCESS, logIndex=11, commits[b5ebf1d2-50b1-44fd-809a-910fb604fdc3:c12, 14a95ce3-2ce8-42f0-83d3-2c800e36461d:c10, 18ecf6ef-f37f-416b-84f4-1f5a860991da:c10]
2019-08-18 03:30:43,608 INFO  client.GrpcClientProtocolClient (GrpcClientProtocolClient.java:onNext(255)) - client-7414E31120FA->b5ebf1d2-50b1-44fd-809a-910fb604fdc3: receive RaftClientReply:client-7414E31120FA->b5ebf1d2-50b1-44fd-809a-910fb604fdc3@group-E316804E628A, cid=190, SUCCESS, logIndex=12, commits[b5ebf1d2-50b1-44fd-809a-910fb604fdc3:c12, 14a95ce3-2ce8-42f0-83d3-2c800e36461d:c10, 18ecf6ef-f37f-416b-84f4-1f5a860991da:c10]
2019-08-18 03:30:43,623 INFO  client.GrpcClientProtocolClient (GrpcClientProtocolClient.java:onNext(255)) - client-7414E31120FA->b5ebf1d2-50b1-44fd-809a-910fb604fdc3: receive RaftClientReply:client-7414E31120FA->b5ebf1d2-50b1-44fd-809a-910fb604fdc3@group-E316804E628A, cid=191, SUCCESS, logIndex=0, commits[b5ebf1d2-50b1-44fd-809a-910fb604fdc3:c13, 14a95ce3-2ce8-42f0-83d3-2c800e36461d:c12, 18ecf6ef-f37f-416b-84f4-1f5a860991da:c12]
2019-08-18 03:30:43,623 INFO  datanode.ObjectStoreHandler (ObjectStoreHandler.java:close(155)) - Closing ObjectStoreHandler.
2019-08-18 03:30:43,624 INFO  ozone.HddsDatanodeService (HddsDatanodeService.java:stop(451)) - Stopped plug-in org.apache.hadoop.ozone.web.OzoneHddsDatanodeService@4a467f08
2019-08-18 03:30:44,395 INFO  statemachine.DatanodeStateMachine (DatanodeStateMachine.java:lambda$startDaemon$0(350)) - Ozone container server started.
2019-08-18 03:30:48,402 INFO  node.StaleNodeHandler (StaleNodeHandler.java:onMessage(58)) - Datanode b5ebf1d2-50b1-44fd-809a-910fb604fdc3{ip: 192.168.69.121, host: byscane-nightly-jvqb9-734128259, networkLocation: /default-rack, certSerialId: null} moved to stale state. Finalizing its pipelines [PipelineID=92cf1ef8-dc5e-4684-a026-bf104c73d0fb, PipelineID=27975262-0b23-4271-8341-e316804e628a]
2019-08-18 03:30:48,402 INFO  pipeline.SCMPipelineManager (SCMPipelineManager.java:finalizeAndDestroyPipeline(309)) - destroying pipeline:Pipeline[ Id: 92cf1ef8-dc5e-4684-a026-bf104c73d0fb, Nodes: b5ebf1d2-50b1-44fd-809a-910fb604fdc3{ip: 192.168.69.121, host: byscane-nightly-jvqb9-734128259, networkLocation: /default-rack, certSerialId: null}, Type:RATIS, Factor:ONE, State:OPEN]
2019-08-18 03:30:48,403 INFO  pipeline.PipelineStateManager (PipelineStateManager.java:finalizePipeline(123)) - Pipeline Pipeline[ Id: 92cf1ef8-dc5e-4684-a026-bf104c73d0fb, Nodes: b5ebf1d2-50b1-44fd-809a-910fb604fdc3{ip: 192.168.69.121, host: byscane-nightly-jvqb9-734128259, networkLocation: /default-rack, certSerialId: null}, Type:RATIS, Factor:ONE, State:CLOSED] moved to CLOSED state
2019-08-18 03:30:48,403 INFO  pipeline.SCMPipelineManager (SCMPipelineManager.java:finalizeAndDestroyPipeline(309)) - destroying pipeline:Pipeline[ Id: 27975262-0b23-4271-8341-e316804e628a, Nodes: b5ebf1d2-50b1-44fd-809a-910fb604fdc3{ip: 192.168.69.121, host: byscane-nightly-jvqb9-734128259, networkLocation: /default-rack, certSerialId: null}14a95ce3-2ce8-42f0-83d3-2c800e36461d{ip: 192.168.69.121, host: byscane-nightly-jvqb9-734128259, networkLocation: /default-rack, certSerialId: null}18ecf6ef-f37f-416b-84f4-1f5a860991da{ip: 192.168.69.121, host: byscane-nightly-jvqb9-734128259, networkLocation: /default-rack, certSerialId: null}, Type:RATIS, Factor:THREE, State:OPEN]
2019-08-18 03:30:48,403 INFO  pipeline.PipelineStateManager (PipelineStateManager.java:finalizePipeline(123)) - Pipeline Pipeline[ Id: 27975262-0b23-4271-8341-e316804e628a, Nodes: b5ebf1d2-50b1-44fd-809a-910fb604fdc3{ip: 192.168.69.121, host: byscane-nightly-jvqb9-734128259, networkLocation: /default-rack, certSerialId: null}14a95ce3-2ce8-42f0-83d3-2c800e36461d{ip: 192.168.69.121, host: byscane-nightly-jvqb9-734128259, networkLocation: /default-rack, certSerialId: null}18ecf6ef-f37f-416b-84f4-1f5a860991da{ip: 192.168.69.121, host: byscane-nightly-jvqb9-734128259, networkLocation: /default-rack, certSerialId: null}, Type:RATIS, Factor:THREE, State:CLOSED] moved to CLOSED state
2019-08-18 03:30:48,404 INFO  container.CloseContainerEventHandler (CloseContainerEventHandler.java:onMessage(61)) - Close container Event triggered for container : #1
2019-08-18 03:30:48,627 INFO  ozoneimpl.OzoneContainer (OzoneContainer.java:stop(199)) - Attempting to stop container services.
2019-08-18 03:30:48,627 INFO  impl.RaftServerProxy (RaftServerProxy.java:lambda$close$4(314)) - b5ebf1d2-50b1-44fd-809a-910fb604fdc3: close
2019-08-18 03:30:48,628 INFO  impl.RaftServerImpl (RaftServerImpl.java:lambda$shutdown$3(245)) - b5ebf1d2-50b1-44fd-809a-910fb604fdc3: shutdown group-BF104C73D0FB
2019-08-18 03:30:48,629 INFO  util.JmxRegister (JmxRegister.java:unregister(73)) - Successfully un-registered JMX Bean with object name Ratis:service=RaftServer,group=group-BF104C73D0FB,id=b5ebf1d2-50b1-44fd-809a-910fb604fdc3
2019-08-18 03:30:48,629 INFO  impl.RoleInfo (RoleInfo.java:shutdownLeaderState(104)) - b5ebf1d2-50b1-44fd-809a-910fb604fdc3: shutdown LeaderState
2019-08-18 03:30:48,630 INFO  impl.PendingRequests (PendingRequests.java:sendNotLeaderResponses(202)) - b5ebf1d2-50b1-44fd-809a-910fb604fdc3-PendingRequests: sendNotLeaderResponses
2019-08-18 03:30:48,630 INFO  impl.StateMachineUpdater (StateMachineUpdater.java:stopAndJoin(115)) - StateMachineUpdater:b5ebf1d2-50b1-44fd-809a-910fb604fdc3:group-BF104C73D0FB: set stopIndex = 0
2019-08-18 03:30:48,631 INFO  impl.RaftServerImpl (ServerState.java:close(394)) - b5ebf1d2-50b1-44fd-809a-910fb604fdc3:group-BF104C73D0FB closes. The last applied log index is 0
2019-08-18 03:30:48,631 INFO  segmented.SegmentedRaftLogWorker (SegmentedRaftLogWorker.java:run(313)) - b5ebf1d2-50b1-44fd-809a-910fb604fdc3-SegmentedRaftLogWorker:Storage Directory /workdir/hadoop-ozone/integration-test/target/test-dir/MiniOzoneClusterImpl-9099f0a0-2df3-4059-97d9-a1f48415580d/datanode-5/data/ratis/92cf1ef8-dc5e-4684-a026-bf104c73d0fb was interrupted, exiting. There are 0 tasks remaining in the queue.
2019-08-18 03:30:48,635 INFO  segmented.SegmentedRaftLogWorker (SegmentedRaftLogWorker.java:close(228)) - b5ebf1d2-50b1-44fd-809a-910fb604fdc3-SegmentedRaftLogWorker:Storage Directory /workdir/hadoop-ozone/integration-test/target/test-dir/MiniOzoneClusterImpl-9099f0a0-2df3-4059-97d9-a1f48415580d/datanode-5/data/ratis/92cf1ef8-dc5e-4684-a026-bf104c73d0fb close()
2019-08-18 03:30:48,640 INFO  impl.RaftServerImpl (RaftServerImpl.java:lambda$shutdown$3(245)) - b5ebf1d2-50b1-44fd-809a-910fb604fdc3: shutdown group-E316804E628A
2019-08-18 03:30:48,640 INFO  util.JmxRegister (JmxRegister.java:unregister(73)) - Successfully un-registered JMX Bean with object name Ratis:service=RaftServer,group=group-E316804E628A,id=b5ebf1d2-50b1-44fd-809a-910fb604fdc3
2019-08-18 03:30:48,640 INFO  impl.RoleInfo (RoleInfo.java:shutdownLeaderState(104)) - b5ebf1d2-50b1-44fd-809a-910fb604fdc3: shutdown LeaderState
2019-08-18 03:30:48,646 WARN  server.GrpcLogAppender (GrpcLogAppender.java:mayWait(143)) - GrpcLogAppender(b5ebf1d2-50b1-44fd-809a-910fb604fdc3->14a95ce3-2ce8-42f0-83d3-2c800e36461d): Wait interrupted by java.lang.InterruptedException
2019-08-18 03:30:48,646 WARN  server.GrpcLogAppender (GrpcLogAppender.java:mayWait(143)) - GrpcLogAppender(b5ebf1d2-50b1-44fd-809a-910fb604fdc3->18ecf6ef-f37f-416b-84f4-1f5a860991da): Wait interrupted by java.lang.InterruptedException
2019-08-18 03:30:48,646 INFO  impl.PendingRequests (PendingRequests.java:sendNotLeaderResponses(202)) - b5ebf1d2-50b1-44fd-809a-910fb604fdc3-PendingRequests: sendNotLeaderResponses
2019-08-18 03:30:48,646 INFO  server.GrpcServerProtocolService (GrpcServerProtocolService.java:onCompleted(104)) - 18ecf6ef-f37f-416b-84f4-1f5a860991da: appendEntries completed
2019-08-18 03:30:48,651 INFO  impl.StateMachineUpdater (StateMachineUpdater.java:stopAndJoin(115)) - StateMachineUpdater:b5ebf1d2-50b1-44fd-809a-910fb604fdc3:group-E316804E628A: set stopIndex = 14
2019-08-18 03:30:48,646 INFO  server.GrpcServerProtocolService (GrpcServerProtocolService.java:onCompleted(104)) - 14a95ce3-2ce8-42f0-83d3-2c800e36461d: appendEntries completed
2019-08-18 03:30:48,652 INFO  server.GrpcLogAppender (GrpcLogAppender.java:onCompleted(292)) - b5ebf1d2-50b1-44fd-809a-910fb604fdc3->18ecf6ef-f37f-416b-84f4-1f5a860991da: follower responses appendEntries COMPLETED
2019-08-18 03:30:48,652 INFO  ratis.ContainerStateMachine (ContainerStateMachine.java:takeSnapshot(262)) - group-E316804E628A: Taking a snapshot at:(t:1, i:12) file /workdir/hadoop-ozone/integration-test/target/test-dir/MiniOzoneClusterImpl-9099f0a0-2df3-4059-97d9-a1f48415580d/datanode-5/data/ratis/27975262-0b23-4271-8341-e316804e628a/sm/snapshot.1_12
2019-08-18 03:30:48,652 INFO  impl.FollowerInfo (FollowerInfo.java:lambda$new$0(50)) - b5ebf1d2-50b1-44fd-809a-910fb604fdc3->18ecf6ef-f37f-416b-84f4-1f5a860991da: nextIndex: updateUnconditionally 15 -> 14
2019-08-18 03:30:48,652 INFO  server.GrpcLogAppender (GrpcLogAppender.java:onCompleted(292)) - b5ebf1d2-50b1-44fd-809a-910fb604fdc3->14a95ce3-2ce8-42f0-83d3-2c800e36461d: follower responses appendEntries COMPLETED
2019-08-18 03:30:48,653 INFO  impl.FollowerInfo (FollowerInfo.java:lambda$new$0(50)) - b5ebf1d2-50b1-44fd-809a-910fb604fdc3->14a95ce3-2ce8-42f0-83d3-2c800e36461d: nextIndex: updateUnconditionally 15 -> 14
2019-08-18 03:30:48,666 INFO  ratis.ContainerStateMachine (ContainerStateMachine.java:takeSnapshot(273)) - group-E316804E628A: Finished taking a snapshot at:(t:1, i:12) file:/workdir/hadoop-ozone/integration-test/target/test-dir/MiniOzoneClusterImpl-9099f0a0-2df3-4059-97d9-a1f48415580d/datanode-5/data/ratis/27975262-0b23-4271-8341-e316804e628a/sm/snapshot.1_12 time:14
2019-08-18 03:30:48,666 INFO  impl.StateMachineUpdater (StateMachineUpdater.java:takeSnapshot(242)) - StateMachineUpdater:b5ebf1d2-50b1-44fd-809a-910fb604fdc3:group-E316804E628A: Took a snapshot at index 12
2019-08-18 03:30:48,666 INFO  impl.StateMachineUpdater (StateMachineUpdater.java:lambda$new$0(80)) - StateMachineUpdater:b5ebf1d2-50b1-44fd-809a-910fb604fdc3:group-E316804E628A: snapshotIndex: updateIncreasingly -1 -> 12
2019-08-18 03:30:48,666 INFO  impl.RaftServerImpl (ServerState.java:close(394)) - b5ebf1d2-50b1-44fd-809a-910fb604fdc3:group-E316804E628A closes. The last applied log index is 14
2019-08-18 03:30:48,667 INFO  segmented.SegmentedRaftLogWorker (SegmentedRaftLogWorker.java:run(313)) - b5ebf1d2-50b1-44fd-809a-910fb604fdc3-SegmentedRaftLogWorker:Storage Directory /workdir/hadoop-ozone/integration-test/target/test-dir/MiniOzoneClusterImpl-9099f0a0-2df3-4059-97d9-a1f48415580d/datanode-5/data/ratis/27975262-0b23-4271-8341-e316804e628a was interrupted, exiting. There are 0 tasks remaining in the queue.
2019-08-18 03:30:48,669 INFO  segmented.SegmentedRaftLogWorker (SegmentedRaftLogWorker.java:close(228)) - b5ebf1d2-50b1-44fd-809a-910fb604fdc3-SegmentedRaftLogWorker:Storage Directory /workdir/hadoop-ozone/integration-test/target/test-dir/MiniOzoneClusterImpl-9099f0a0-2df3-4059-97d9-a1f48415580d/datanode-5/data/ratis/27975262-0b23-4271-8341-e316804e628a close()
2019-08-18 03:30:48,674 INFO  server.GrpcService (GrpcService.java:closeImpl(155)) - b5ebf1d2-50b1-44fd-809a-910fb604fdc3: shutdown server with port 42687 now
2019-08-18 03:30:48,675 WARN  client.GrpcClientProtocolService (LogUtils.java:warn(134)) - 3-UnorderedRequestStreamObserver3: onError: org.apache.ratis.thirdparty.io.grpc.StatusRuntimeException: CANCELLED: cancelled before receiving half close
2019-08-18 03:30:48,678 INFO  server.GrpcService (GrpcService.java:closeImpl(163)) - b5ebf1d2-50b1-44fd-809a-910fb604fdc3: shutdown server with port 42687 successfully
2019-08-18 03:30:48,680 INFO  utils.BackgroundService (BackgroundService.java:shutdown(148)) - Shutting down service BlockDeletingService
2019-08-18 03:30:48,681 WARN  fs.CachingGetSpaceUsed (CachingGetSpaceUsed.java:run(183)) - Thread Interrupted waiting to refresh disk information: sleep interrupted
2019-08-18 03:30:48,708 INFO  statemachine.DatanodeStateMachine (DatanodeStateMachine.java:stopDaemon(395)) - Ozone container server stopped.
2019-08-18 03:30:48,709 INFO  handler.ContextHandler (ContextHandler.java:doStop(910)) - Stopped o.e.j.w.WebAppContext@73fa97a9{/,null,UNAVAILABLE}{/hddsDatanode}
2019-08-18 03:30:48,710 INFO  server.AbstractConnector (AbstractConnector.java:doStop(318)) - Stopped ServerConnector@93fb20b{HTTP/1.1,[http/1.1]}{0.0.0.0:0}
2019-08-18 03:30:48,710 INFO  handler.ContextHandler (ContextHandler.java:doStop(910)) - Stopped o.e.j.s.ServletContextHandler@6dde03ce{/static,jar:file:/home/user/.m2/repository/org/apache/hadoop/hadoop-hdds-container-service/0.4.1-SNAPSHOT/hadoop-hdds-container-service-0.4.1-SNAPSHOT.jar!/webapps/static,UNAVAILABLE}
2019-08-18 03:30:48,711 INFO  handler.ContextHandler (ContextHandler.java:doStop(910)) - Stopped o.e.j.s.ServletContextHandler@ca90087{/logs,file:///workdir/hadoop-ozone/integration-test/target/log,UNAVAILABLE}
2019-08-18 03:30:50,731 INFO  client.GrpcClientProtocolClient (GrpcClientProtocolClient.java:onNext(255)) - client-7414E31120FA->14a95ce3-2ce8-42f0-83d3-2c800e36461d: receive RaftClientReply:client-7414E31120FA->14a95ce3-2ce8-42f0-83d3-2c800e36461d@group-E316804E628A, cid=192, FAILED org.apache.ratis.protocol.NotLeaderException: Server 14a95ce3-2ce8-42f0-83d3-2c800e36461d is not the leader (b5ebf1d2-50b1-44fd-809a-910fb604fdc3:192.168.69.121:42687). Request must be sent to leader., logIndex=0, commits[14a95ce3-2ce8-42f0-83d3-2c800e36461d:c14, 18ecf6ef-f37f-416b-84f4-1f5a860991da:c14, b5ebf1d2-50b1-44fd-809a-910fb604fdc3:c14]
2019-08-18 03:30:51,754 INFO  client.GrpcClientProtocolClient (GrpcClientProtocolClient.java:onNext(255)) - client-7414E31120FA->14a95ce3-2ce8-42f0-83d3-2c800e36461d: receive RaftClientReply:client-7414E31120FA->14a95ce3-2ce8-42f0-83d3-2c800e36461d@group-E316804E628A, cid=192, FAILED org.apache.ratis.protocol.NotLeaderException: Server 14a95ce3-2ce8-42f0-83d3-2c800e36461d is not the leader (b5ebf1d2-50b1-44fd-809a-910fb604fdc3:192.168.69.121:42687). Request must be sent to leader., logIndex=0, commits[14a95ce3-2ce8-42f0-83d3-2c800e36461d:c14, 18ecf6ef-f37f-416b-84f4-1f5a860991da:c14, b5ebf1d2-50b1-44fd-809a-910fb604fdc3:c14]
2019-08-18 03:30:52,769 INFO  client.GrpcClientProtocolClient (GrpcClientProtocolClient.java:onNext(255)) - client-7414E31120FA->18ecf6ef-f37f-416b-84f4-1f5a860991da: receive RaftClientReply:client-7414E31120FA->18ecf6ef-f37f-416b-84f4-1f5a860991da@group-E316804E628A, cid=192, FAILED org.apache.ratis.protocol.NotLeaderException: Server 18ecf6ef-f37f-416b-84f4-1f5a860991da is not the leader (b5ebf1d2-50b1-44fd-809a-910fb604fdc3:192.168.69.121:42687). Request must be sent to leader., logIndex=0, commits[18ecf6ef-f37f-416b-84f4-1f5a860991da:c14, 14a95ce3-2ce8-42f0-83d3-2c800e36461d:c14, b5ebf1d2-50b1-44fd-809a-910fb604fdc3:c14]
2019-08-18 03:30:53,783 INFO  client.GrpcClientProtocolClient (GrpcClientProtocolClient.java:onNext(255)) - client-7414E31120FA->14a95ce3-2ce8-42f0-83d3-2c800e36461d: receive RaftClientReply:client-7414E31120FA->14a95ce3-2ce8-42f0-83d3-2c800e36461d@group-E316804E628A, cid=192, FAILED org.apache.ratis.protocol.NotLeaderException: Server 14a95ce3-2ce8-42f0-83d3-2c800e36461d is not the leader (b5ebf1d2-50b1-44fd-809a-910fb604fdc3:192.168.69.121:42687). Request must be sent to leader., logIndex=0, commits[14a95ce3-2ce8-42f0-83d3-2c800e36461d:c14, 18ecf6ef-f37f-416b-84f4-1f5a860991da:c14, b5ebf1d2-50b1-44fd-809a-910fb604fdc3:c14]
2019-08-18 03:30:54,797 INFO  client.GrpcClientProtocolClient (GrpcClientProtocolClient.java:onNext(255)) - client-7414E31120FA->14a95ce3-2ce8-42f0-83d3-2c800e36461d: receive RaftClientReply:client-7414E31120FA->14a95ce3-2ce8-42f0-83d3-2c800e36461d@group-E316804E628A, cid=192, FAILED org.apache.ratis.protocol.NotLeaderException: Server 14a95ce3-2ce8-42f0-83d3-2c800e36461d is not the leader (b5ebf1d2-50b1-44fd-809a-910fb604fdc3:192.168.69.121:42687). Request must be sent to leader., logIndex=0, commits[14a95ce3-2ce8-42f0-83d3-2c800e36461d:c14, 18ecf6ef-f37f-416b-84f4-1f5a860991da:c14, b5ebf1d2-50b1-44fd-809a-910fb604fdc3:c14]
2019-08-18 03:30:55,811 INFO  client.GrpcClientProtocolClient (GrpcClientProtocolClient.java:onNext(255)) - client-7414E31120FA->18ecf6ef-f37f-416b-84f4-1f5a860991da: receive RaftClientReply:client-7414E31120FA->18ecf6ef-f37f-416b-84f4-1f5a860991da@group-E316804E628A, cid=192, FAILED org.apache.ratis.protocol.NotLeaderException: Server 18ecf6ef-f37f-416b-84f4-1f5a860991da is not the leader (b5ebf1d2-50b1-44fd-809a-910fb604fdc3:192.168.69.121:42687). Request must be sent to leader., logIndex=0, commits[18ecf6ef-f37f-416b-84f4-1f5a860991da:c14, 14a95ce3-2ce8-42f0-83d3-2c800e36461d:c14, b5ebf1d2-50b1-44fd-809a-910fb604fdc3:c14]
2019-08-18 03:30:56,826 INFO  client.GrpcClientProtocolClient (GrpcClientProtocolClient.java:onNext(255)) - client-7414E31120FA->14a95ce3-2ce8-42f0-83d3-2c800e36461d: receive RaftClientReply:client-7414E31120FA->14a95ce3-2ce8-42f0-83d3-2c800e36461d@group-E316804E628A, cid=192, FAILED org.apache.ratis.protocol.NotLeaderException: Server 14a95ce3-2ce8-42f0-83d3-2c800e36461d is not the leader (b5ebf1d2-50b1-44fd-809a-910fb604fdc3:192.168.69.121:42687). Request must be sent to leader., logIndex=0, commits[14a95ce3-2ce8-42f0-83d3-2c800e36461d:c14, 18ecf6ef-f37f-416b-84f4-1f5a860991da:c14, b5ebf1d2-50b1-44fd-809a-910fb604fdc3:c14]
2019-08-18 03:30:57,844 INFO  client.GrpcClientProtocolClient (GrpcClientProtocolClient.java:onNext(255)) - client-7414E31120FA->18ecf6ef-f37f-416b-84f4-1f5a860991da: receive RaftClientReply:client-7414E31120FA->18ecf6ef-f37f-416b-84f4-1f5a860991da@group-E316804E628A, cid=192, FAILED org.apache.ratis.protocol.NotLeaderException: Server 18ecf6ef-f37f-416b-84f4-1f5a860991da is not the leader (b5ebf1d2-50b1-44fd-809a-910fb604fdc3:192.168.69.121:42687). Request must be sent to leader., logIndex=0, commits[18ecf6ef-f37f-416b-84f4-1f5a860991da:c14, 14a95ce3-2ce8-42f0-83d3-2c800e36461d:c14, b5ebf1d2-50b1-44fd-809a-910fb604fdc3:c14]
2019-08-18 03:30:58,315 INFO  impl.FollowerState (FollowerState.java:run(106)) - 18ecf6ef-f37f-416b-84f4-1f5a860991da:group-E316804E628A changes to CANDIDATE, lastRpcTime:9687, electionTimeout:5178ms
2019-08-18 03:30:58,315 INFO  impl.RoleInfo (RoleInfo.java:shutdownFollowerState(121)) - 18ecf6ef-f37f-416b-84f4-1f5a860991da: shutdown FollowerState
2019-08-18 03:30:58,316 INFO  impl.RaftServerImpl (RaftServerImpl.java:setRole(171)) - 18ecf6ef-f37f-416b-84f4-1f5a860991da:group-E316804E628A changes role from FOLLOWER to CANDIDATE at term 1 for changeToCandidate
2019-08-18 03:30:58,316 INFO  impl.RoleInfo (RoleInfo.java:updateAndGet(143)) - 18ecf6ef-f37f-416b-84f4-1f5a860991da: start LeaderElection
2019-08-18 03:30:58,319 INFO  impl.RaftServerImpl (ServerState.java:setLeader(263)) - 18ecf6ef-f37f-416b-84f4-1f5a860991da:group-E316804E628A change Leader from b5ebf1d2-50b1-44fd-809a-910fb604fdc3 to null at term 1 for initElection
2019-08-18 03:30:58,333 INFO  impl.LeaderElection (LeaderElection.java:askForVotes(181)) - 18ecf6ef-f37f-416b-84f4-1f5a860991da:group-E316804E628A:LeaderElection75: begin an election at term 2 for 0: [14a95ce3-2ce8-42f0-83d3-2c800e36461d:192.168.69.121:39595, 18ecf6ef-f37f-416b-84f4-1f5a860991da:192.168.69.121:42653, b5ebf1d2-50b1-44fd-809a-910fb604fdc3:192.168.69.121:42687], old=null
2019-08-18 03:30:58,336 INFO  impl.LeaderElection (LogUtils.java:infoOrTrace(149)) - 18ecf6ef-f37f-416b-84f4-1f5a860991da:group-E316804E628A:LeaderElection75 got exception when requesting votes: {}
java.util.concurrent.ExecutionException: org.apache.ratis.thirdparty.io.grpc.StatusRuntimeException: UNAVAILABLE: io exception
	at java.util.concurrent.FutureTask.report(FutureTask.java:122)
	at java.util.concurrent.FutureTask.get(FutureTask.java:192)
	at org.apache.ratis.server.impl.LeaderElection.waitForResults(LeaderElection.java:262)
	at org.apache.ratis.server.impl.LeaderElection.askForVotes(LeaderElection.java:200)
	at org.apache.ratis.server.impl.LeaderElection.run(LeaderElection.java:130)
	at java.lang.Thread.run(Thread.java:748)
Caused by: org.apache.ratis.thirdparty.io.grpc.StatusRuntimeException: UNAVAILABLE: io exception
	at org.apache.ratis.thirdparty.io.grpc.stub.ClientCalls.toStatusRuntimeException(ClientCalls.java:233)
	at org.apache.ratis.thirdparty.io.grpc.stub.ClientCalls.getUnchecked(ClientCalls.java:214)
	at org.apache.ratis.thirdparty.io.grpc.stub.ClientCalls.blockingUnaryCall(ClientCalls.java:139)
	at org.apache.ratis.proto.grpc.RaftServerProtocolServiceGrpc$RaftServerProtocolServiceBlockingStub.requestVote(RaftServerProtocolServiceGrpc.java:265)
	at org.apache.ratis.grpc.server.GrpcServerProtocolClient.requestVote(GrpcServerProtocolClient.java:83)
	at org.apache.ratis.grpc.server.GrpcService.requestVote(GrpcService.java:195)
	at org.apache.ratis.server.impl.LeaderElection.lambda$submitRequests$1(LeaderElection.java:237)
	at java.util.concurrent.FutureTask.run(FutureTask.java:266)
	at java.util.concurrent.Executors$RunnableAdapter.call(Executors.java:511)
	at java.util.concurrent.FutureTask.run(FutureTask.java:266)
	at java.util.concurrent.ThreadPoolExecutor.runWorker(ThreadPoolExecutor.java:1149)
	at java.util.concurrent.ThreadPoolExecutor$Worker.run(ThreadPoolExecutor.java:624)
	... 1 more
Caused by: org.apache.ratis.thirdparty.io.netty.channel.AbstractChannel$AnnotatedConnectException: Connection refused: /192.168.69.121:42687
	at sun.nio.ch.SocketChannelImpl.checkConnect(Native Method)
	at sun.nio.ch.SocketChannelImpl.finishConnect(SocketChannelImpl.java:717)
	at org.apache.ratis.thirdparty.io.netty.channel.socket.nio.NioSocketChannel.doFinishConnect(NioSocketChannel.java:327)
	at org.apache.ratis.thirdparty.io.netty.channel.nio.AbstractNioChannel$AbstractNioUnsafe.finishConnect(AbstractNioChannel.java:340)
	at org.apache.ratis.thirdparty.io.netty.channel.nio.NioEventLoop.processSelectedKey(NioEventLoop.java:632)
	at org.apache.ratis.thirdparty.io.netty.channel.nio.NioEventLoop.processSelectedKeysOptimized(NioEventLoop.java:579)
	at org.apache.ratis.thirdparty.io.netty.channel.nio.NioEventLoop.processSelectedKeys(NioEventLoop.java:496)
	at org.apache.ratis.thirdparty.io.netty.channel.nio.NioEventLoop.run(NioEventLoop.java:458)
	at org.apache.ratis.thirdparty.io.netty.util.concurrent.SingleThreadEventExecutor$5.run(SingleThreadEventExecutor.java:897)
	at org.apache.ratis.thirdparty.io.netty.util.concurrent.FastThreadLocalRunnable.run(FastThreadLocalRunnable.java:30)
	... 1 more
Caused by: java.net.ConnectException: Connection refused
	... 11 more
2019-08-18 03:30:58,340 INFO  impl.RaftServerImpl (ServerState.java:setLeader(263)) - 14a95ce3-2ce8-42f0-83d3-2c800e36461d:group-E316804E628A change Leader from b5ebf1d2-50b1-44fd-809a-910fb604fdc3 to null at term 2 for updateCurrentTerm
2019-08-18 03:30:58,340 INFO  impl.RaftServerImpl (RaftServerImpl.java:setRole(171)) - 14a95ce3-2ce8-42f0-83d3-2c800e36461d:group-E316804E628A changes role from FOLLOWER to FOLLOWER at term 2 for recognizeCandidate:18ecf6ef-f37f-416b-84f4-1f5a860991da
2019-08-18 03:30:58,340 INFO  impl.RoleInfo (RoleInfo.java:shutdownFollowerState(121)) - 14a95ce3-2ce8-42f0-83d3-2c800e36461d: shutdown FollowerState
2019-08-18 03:30:58,340 INFO  impl.RoleInfo (RoleInfo.java:updateAndGet(143)) - 14a95ce3-2ce8-42f0-83d3-2c800e36461d: start FollowerState
2019-08-18 03:30:58,341 INFO  impl.FollowerState (FollowerState.java:run(114)) - 14a95ce3-2ce8-42f0-83d3-2c800e36461d: FollowerState was interrupted: java.lang.InterruptedException: sleep interrupted
2019-08-18 03:30:58,358 INFO  impl.LeaderElection (LeaderElection.java:logAndReturn(56)) - 18ecf6ef-f37f-416b-84f4-1f5a860991da:group-E316804E628A:LeaderElection75: Election PASSED; received 1 response(s) [18ecf6ef-f37f-416b-84f4-1f5a860991da<-14a95ce3-2ce8-42f0-83d3-2c800e36461d#0:OK-t2] and 1 exception(s); 18ecf6ef-f37f-416b-84f4-1f5a860991da:t2, leader=null, voted=18ecf6ef-f37f-416b-84f4-1f5a860991da, raftlog=18ecf6ef-f37f-416b-84f4-1f5a860991da-SegmentedRaftLog:OPENED:c14,f14,i14, conf=0: [14a95ce3-2ce8-42f0-83d3-2c800e36461d:192.168.69.121:39595, 18ecf6ef-f37f-416b-84f4-1f5a860991da:192.168.69.121:42653, b5ebf1d2-50b1-44fd-809a-910fb604fdc3:192.168.69.121:42687], old=null
2019-08-18 03:30:58,358 INFO  impl.LeaderElection (LogUtils.java:infoOrTrace(149)) -   Exception 0: {}
java.util.concurrent.ExecutionException: org.apache.ratis.thirdparty.io.grpc.StatusRuntimeException: UNAVAILABLE: io exception
	at java.util.concurrent.FutureTask.report(FutureTask.java:122)
	at java.util.concurrent.FutureTask.get(FutureTask.java:192)
	at org.apache.ratis.server.impl.LeaderElection.waitForResults(LeaderElection.java:262)
	at org.apache.ratis.server.impl.LeaderElection.askForVotes(LeaderElection.java:200)
	at org.apache.ratis.server.impl.LeaderElection.run(LeaderElection.java:130)
	at java.lang.Thread.run(Thread.java:748)
Caused by: org.apache.ratis.thirdparty.io.grpc.StatusRuntimeException: UNAVAILABLE: io exception
	at org.apache.ratis.thirdparty.io.grpc.stub.ClientCalls.toStatusRuntimeException(ClientCalls.java:233)
	at org.apache.ratis.thirdparty.io.grpc.stub.ClientCalls.getUnchecked(ClientCalls.java:214)
	at org.apache.ratis.thirdparty.io.grpc.stub.ClientCalls.blockingUnaryCall(ClientCalls.java:139)
	at org.apache.ratis.proto.grpc.RaftServerProtocolServiceGrpc$RaftServerProtocolServiceBlockingStub.requestVote(RaftServerProtocolServiceGrpc.java:265)
	at org.apache.ratis.grpc.server.GrpcServerProtocolClient.requestVote(GrpcServerProtocolClient.java:83)
	at org.apache.ratis.grpc.server.GrpcService.requestVote(GrpcService.java:195)
	at org.apache.ratis.server.impl.LeaderElection.lambda$submitRequests$1(LeaderElection.java:237)
	at java.util.concurrent.FutureTask.run(FutureTask.java:266)
	at java.util.concurrent.Executors$RunnableAdapter.call(Executors.java:511)
	at java.util.concurrent.FutureTask.run(FutureTask.java:266)
	at java.util.concurrent.ThreadPoolExecutor.runWorker(ThreadPoolExecutor.java:1149)
	at java.util.concurrent.ThreadPoolExecutor$Worker.run(ThreadPoolExecutor.java:624)
	... 1 more
Caused by: org.apache.ratis.thirdparty.io.netty.channel.AbstractChannel$AnnotatedConnectException: Connection refused: /192.168.69.121:42687
	at sun.nio.ch.SocketChannelImpl.checkConnect(Native Method)
	at sun.nio.ch.SocketChannelImpl.finishConnect(SocketChannelImpl.java:717)
	at org.apache.ratis.thirdparty.io.netty.channel.socket.nio.NioSocketChannel.doFinishConnect(NioSocketChannel.java:327)
	at org.apache.ratis.thirdparty.io.netty.channel.nio.AbstractNioChannel$AbstractNioUnsafe.finishConnect(AbstractNioChannel.java:340)
	at org.apache.ratis.thirdparty.io.netty.channel.nio.NioEventLoop.processSelectedKey(NioEventLoop.java:632)
	at org.apache.ratis.thirdparty.io.netty.channel.nio.NioEventLoop.processSelectedKeysOptimized(NioEventLoop.java:579)
	at org.apache.ratis.thirdparty.io.netty.channel.nio.NioEventLoop.processSelectedKeys(NioEventLoop.java:496)
	at org.apache.ratis.thirdparty.io.netty.channel.nio.NioEventLoop.run(NioEventLoop.java:458)
	at org.apache.ratis.thirdparty.io.netty.util.concurrent.SingleThreadEventExecutor$5.run(SingleThreadEventExecutor.java:897)
	at org.apache.ratis.thirdparty.io.netty.util.concurrent.FastThreadLocalRunnable.run(FastThreadLocalRunnable.java:30)
	... 1 more
Caused by: java.net.ConnectException: Connection refused
	... 11 more
2019-08-18 03:30:58,358 INFO  impl.RoleInfo (RoleInfo.java:shutdownLeaderElection(134)) - 18ecf6ef-f37f-416b-84f4-1f5a860991da: shutdown LeaderElection
2019-08-18 03:30:58,359 INFO  impl.RaftServerImpl (RaftServerImpl.java:setRole(171)) - 18ecf6ef-f37f-416b-84f4-1f5a860991da:group-E316804E628A changes role from CANDIDATE to LEADER at term 2 for changeToLeader
2019-08-18 03:30:58,359 INFO  impl.RaftServerImpl (ServerState.java:setLeader(263)) - 18ecf6ef-f37f-416b-84f4-1f5a860991da:group-E316804E628A change Leader from null to 18ecf6ef-f37f-416b-84f4-1f5a860991da at term 2 for becomeLeader, leader elected after 39ms
2019-08-18 03:30:58,359 INFO  server.RaftServerConfigKeys (ConfUtils.java:logGet(43)) - raft.server.staging.catchup.gap = 1000 (default)
2019-08-18 03:30:58,359 INFO  server.RaftServerConfigKeys (ConfUtils.java:logGet(43)) - raft.server.rpc.sleep.time = 25ms (default)
2019-08-18 03:30:58,359 INFO  server.RaftServerConfigKeys (ConfUtils.java:logGet(43)) - raft.server.write.element-limit = 4096 (default)
2019-08-18 03:30:58,359 INFO  server.RaftServerConfigKeys (ConfUtils.java:logGet(43)) - raft.server.watch.timeout = 10s (default)
2019-08-18 03:30:58,359 INFO  server.RaftServerConfigKeys (ConfUtils.java:logGet(43)) - raft.server.watch.timeout.denomination = 1s (default)
2019-08-18 03:30:58,360 INFO  server.RaftServerConfigKeys (ConfUtils.java:logGet(43)) - raft.server.watch.element-limit = 65536 (default)
2019-08-18 03:30:58,360 INFO  server.RaftServerConfigKeys (ConfUtils.java:logGet(43)) - raft.server.log.appender.snapshot.chunk.size.max = 16MB (=16777216) (default)
2019-08-18 03:30:58,360 INFO  server.RaftServerConfigKeys (ConfUtils.java:logGet(43)) - raft.server.log.appender.buffer.byte-limit = 33554432 (custom)
2019-08-18 03:30:58,360 INFO  server.RaftServerConfigKeys (ConfUtils.java:logGet(43)) - raft.server.log.appender.buffer.element-limit = 1 (custom)
2019-08-18 03:30:58,361 INFO  grpc.GrpcConfigKeys$Server (ConfUtils.java:logGet(43)) - raft.grpc.server.leader.outstanding.appends.max = 128 (default)
2019-08-18 03:30:58,361 INFO  server.RaftServerConfigKeys (ConfUtils.java:logGet(43)) - raft.server.rpc.request.timeout = 3000ms (default)
2019-08-18 03:30:58,361 INFO  server.RaftServerConfigKeys (ConfUtils.java:logGet(43)) - raft.server.log.appender.install.snapshot.enabled = false (custom)
2019-08-18 03:30:58,361 INFO  server.RaftServerConfigKeys (ConfUtils.java:logGet(43)) - raft.server.log.appender.snapshot.chunk.size.max = 16MB (=16777216) (default)
2019-08-18 03:30:58,361 INFO  server.RaftServerConfigKeys (ConfUtils.java:logGet(43)) - raft.server.log.appender.buffer.byte-limit = 33554432 (custom)
2019-08-18 03:30:58,361 INFO  server.RaftServerConfigKeys (ConfUtils.java:logGet(43)) - raft.server.log.appender.buffer.element-limit = 1 (custom)
2019-08-18 03:30:58,362 INFO  grpc.GrpcConfigKeys$Server (ConfUtils.java:logGet(43)) - raft.grpc.server.leader.outstanding.appends.max = 128 (default)
2019-08-18 03:30:58,362 INFO  server.RaftServerConfigKeys (ConfUtils.java:logGet(43)) - raft.server.rpc.request.timeout = 3000ms (default)
2019-08-18 03:30:58,362 INFO  server.RaftServerConfigKeys (ConfUtils.java:logGet(43)) - raft.server.log.appender.install.snapshot.enabled = false (custom)
2019-08-18 03:30:58,362 INFO  impl.RoleInfo (RoleInfo.java:updateAndGet(143)) - 18ecf6ef-f37f-416b-84f4-1f5a860991da: start LeaderState
2019-08-18 03:30:58,363 INFO  segmented.SegmentedRaftLogWorker (SegmentedRaftLogWorker.java:rollLogSegment(385)) - 18ecf6ef-f37f-416b-84f4-1f5a860991da-SegmentedRaftLogWorker:Storage Directory /workdir/hadoop-ozone/integration-test/target/test-dir/MiniOzoneClusterImpl-9099f0a0-2df3-4059-97d9-a1f48415580d/datanode-4/data/ratis/27975262-0b23-4271-8341-e316804e628a: Rolling segment log-0_14 to index:14
2019-08-18 03:30:58,366 INFO  impl.RaftServerImpl (ServerState.java:setRaftConf(361)) - 18ecf6ef-f37f-416b-84f4-1f5a860991da:group-E316804E628A set configuration 15: [14a95ce3-2ce8-42f0-83d3-2c800e36461d:192.168.69.121:39595, 18ecf6ef-f37f-416b-84f4-1f5a860991da:192.168.69.121:42653, b5ebf1d2-50b1-44fd-809a-910fb604fdc3:192.168.69.121:42687], old=null at 15
2019-08-18 03:30:58,366 INFO  segmented.SegmentedRaftLogWorker (SegmentedRaftLogWorker.java:execute(526)) - 18ecf6ef-f37f-416b-84f4-1f5a860991da-SegmentedRaftLogWorker:Storage Directory /workdir/hadoop-ozone/integration-test/target/test-dir/MiniOzoneClusterImpl-9099f0a0-2df3-4059-97d9-a1f48415580d/datanode-4/data/ratis/27975262-0b23-4271-8341-e316804e628a: Rolled log segment from /workdir/hadoop-ozone/integration-test/target/test-dir/MiniOzoneClusterImpl-9099f0a0-2df3-4059-97d9-a1f48415580d/datanode-4/data/ratis/27975262-0b23-4271-8341-e316804e628a/current/log_inprogress_0 to /workdir/hadoop-ozone/integration-test/target/test-dir/MiniOzoneClusterImpl-9099f0a0-2df3-4059-97d9-a1f48415580d/datanode-4/data/ratis/27975262-0b23-4271-8341-e316804e628a/current/log_0-14
2019-08-18 03:30:58,366 WARN  server.GrpcLogAppender (LogUtils.java:warn(134)) - 18ecf6ef-f37f-416b-84f4-1f5a860991da->b5ebf1d2-50b1-44fd-809a-910fb604fdc3: Failed appendEntries: org.apache.ratis.thirdparty.io.grpc.StatusRuntimeException: UNAVAILABLE: io exception
2019-08-18 03:30:58,367 INFO  impl.FollowerInfo (FollowerInfo.java:lambda$new$0(50)) - 18ecf6ef-f37f-416b-84f4-1f5a860991da->b5ebf1d2-50b1-44fd-809a-910fb604fdc3: nextIndex: updateUnconditionally 15 -> 1
2019-08-18 03:30:58,367 INFO  impl.RaftServerImpl (ServerState.java:setLeader(263)) - 14a95ce3-2ce8-42f0-83d3-2c800e36461d:group-E316804E628A change Leader from null to 18ecf6ef-f37f-416b-84f4-1f5a860991da at term 2 for appendEntries, leader elected after 27ms
2019-08-18 03:30:58,370 INFO  impl.RaftServerImpl (ServerState.java:setRaftConf(361)) - 14a95ce3-2ce8-42f0-83d3-2c800e36461d:group-E316804E628A set configuration 15: [14a95ce3-2ce8-42f0-83d3-2c800e36461d:192.168.69.121:39595, 18ecf6ef-f37f-416b-84f4-1f5a860991da:192.168.69.121:42653, b5ebf1d2-50b1-44fd-809a-910fb604fdc3:192.168.69.121:42687], old=null at 15
2019-08-18 03:30:58,371 INFO  segmented.SegmentedRaftLogWorker (SegmentedRaftLogWorker.java:rollLogSegment(385)) - 14a95ce3-2ce8-42f0-83d3-2c800e36461d-SegmentedRaftLogWorker:Storage Directory /workdir/hadoop-ozone/integration-test/target/test-dir/MiniOzoneClusterImpl-9099f0a0-2df3-4059-97d9-a1f48415580d/datanode-3/data/ratis/27975262-0b23-4271-8341-e316804e628a: Rolling segment log-0_14 to index:14
2019-08-18 03:30:58,371 INFO  segmented.SegmentedRaftLogWorker (SegmentedRaftLogWorker.java:execute(526)) - 14a95ce3-2ce8-42f0-83d3-2c800e36461d-SegmentedRaftLogWorker:Storage Directory /workdir/hadoop-ozone/integration-test/target/test-dir/MiniOzoneClusterImpl-9099f0a0-2df3-4059-97d9-a1f48415580d/datanode-3/data/ratis/27975262-0b23-4271-8341-e316804e628a: Rolled log segment from /workdir/hadoop-ozone/integration-test/target/test-dir/MiniOzoneClusterImpl-9099f0a0-2df3-4059-97d9-a1f48415580d/datanode-3/data/ratis/27975262-0b23-4271-8341-e316804e628a/current/log_inprogress_0 to /workdir/hadoop-ozone/integration-test/target/test-dir/MiniOzoneClusterImpl-9099f0a0-2df3-4059-97d9-a1f48415580d/datanode-3/data/ratis/27975262-0b23-4271-8341-e316804e628a/current/log_0-14
2019-08-18 03:30:58,398 INFO  segmented.SegmentedRaftLogWorker (SegmentedRaftLogWorker.java:execute(569)) - 14a95ce3-2ce8-42f0-83d3-2c800e36461d-SegmentedRaftLogWorker:Storage Directory /workdir/hadoop-ozone/integration-test/target/test-dir/MiniOzoneClusterImpl-9099f0a0-2df3-4059-97d9-a1f48415580d/datanode-3/data/ratis/27975262-0b23-4271-8341-e316804e628a: created new log segment /workdir/hadoop-ozone/integration-test/target/test-dir/MiniOzoneClusterImpl-9099f0a0-2df3-4059-97d9-a1f48415580d/datanode-3/data/ratis/27975262-0b23-4271-8341-e316804e628a/current/log_inprogress_15
2019-08-18 03:30:58,398 INFO  segmented.SegmentedRaftLogWorker (SegmentedRaftLogWorker.java:execute(569)) - 18ecf6ef-f37f-416b-84f4-1f5a860991da-SegmentedRaftLogWorker:Storage Directory /workdir/hadoop-ozone/integration-test/target/test-dir/MiniOzoneClusterImpl-9099f0a0-2df3-4059-97d9-a1f48415580d/datanode-4/data/ratis/27975262-0b23-4271-8341-e316804e628a: created new log segment /workdir/hadoop-ozone/integration-test/target/test-dir/MiniOzoneClusterImpl-9099f0a0-2df3-4059-97d9-a1f48415580d/datanode-4/data/ratis/27975262-0b23-4271-8341-e316804e628a/current/log_inprogress_15
2019-08-18 03:30:58,435 WARN  server.GrpcLogAppender (LogUtils.java:warn(134)) - 18ecf6ef-f37f-416b-84f4-1f5a860991da->b5ebf1d2-50b1-44fd-809a-910fb604fdc3: Failed appendEntries: org.apache.ratis.thirdparty.io.grpc.StatusRuntimeException: UNAVAILABLE: io exception
2019-08-18 03:30:58,435 INFO  impl.FollowerInfo (FollowerInfo.java:lambda$new$0(50)) - 18ecf6ef-f37f-416b-84f4-1f5a860991da->b5ebf1d2-50b1-44fd-809a-910fb604fdc3: nextIndex: updateUnconditionally 2 -> 1
03:30:58.854 [grpc-default-executor-7] ERROR DNAudit - user=null | ip=null | op=WRITE_CHUNK {blockData=conID: 1 locID: 102635866632028174 bcsId: 12} | ret=FAILURE
org.apache.hadoop.hdds.scm.container.common.helpers.ContainerNotOpenException: Container 1 in CLOSING state
	at org.apache.hadoop.ozone.container.common.impl.HddsDispatcher.validateContainerCommand(HddsDispatcher.java:408) ~[hadoop-hdds-container-service-0.4.1-SNAPSHOT.jar:?]
	at org.apache.hadoop.ozone.container.common.transport.server.ratis.ContainerStateMachine.startTransaction(ContainerStateMachine.java:288) ~[hadoop-hdds-container-service-0.4.1-SNAPSHOT.jar:?]
	at org.apache.ratis.server.impl.RaftServerImpl.submitClientRequestAsync(RaftServerImpl.java:566) ~[ratis-server-0.4.0-2337318-SNAPSHOT.jar:0.4.0-2337318-SNAPSHOT]
	at org.apache.ratis.server.impl.RaftServerProxy.lambda$submitClientRequestAsync$7(RaftServerProxy.java:333) ~[ratis-server-0.4.0-2337318-SNAPSHOT.jar:0.4.0-2337318-SNAPSHOT]
	at org.apache.ratis.server.impl.RaftServerProxy.lambda$null$5(RaftServerProxy.java:328) ~[ratis-server-0.4.0-2337318-SNAPSHOT.jar:0.4.0-2337318-SNAPSHOT]
	at org.apache.ratis.util.JavaUtils.callAsUnchecked(JavaUtils.java:109) ~[ratis-common-0.4.0-2337318-SNAPSHOT.jar:0.4.0-2337318-SNAPSHOT]
	at org.apache.ratis.server.impl.RaftServerProxy.lambda$submitRequest$6(RaftServerProxy.java:328) ~[ratis-server-0.4.0-2337318-SNAPSHOT.jar:0.4.0-2337318-SNAPSHOT]
	at java.util.concurrent.CompletableFuture.uniComposeStage(CompletableFuture.java:981) ~[?:1.8.0_212]
	at java.util.concurrent.CompletableFuture.thenCompose(CompletableFuture.java:2124) ~[?:1.8.0_212]
	at org.apache.ratis.server.impl.RaftServerProxy.submitRequest(RaftServerProxy.java:327) ~[ratis-server-0.4.0-2337318-SNAPSHOT.jar:0.4.0-2337318-SNAPSHOT]
	at org.apache.ratis.server.impl.RaftServerProxy.submitClientRequestAsync(RaftServerProxy.java:333) ~[ratis-server-0.4.0-2337318-SNAPSHOT.jar:0.4.0-2337318-SNAPSHOT]
	at org.apache.ratis.grpc.client.GrpcClientProtocolService$RequestStreamObserver.processClientRequest(GrpcClientProtocolService.java:220) ~[ratis-grpc-0.4.0-2337318-SNAPSHOT.jar:0.4.0-2337318-SNAPSHOT]
	at org.apache.ratis.grpc.client.GrpcClientProtocolService$OrderedRequestStreamObserver.processClientRequest(GrpcClientProtocolService.java:326) ~[ratis-grpc-0.4.0-2337318-SNAPSHOT.jar:0.4.0-2337318-SNAPSHOT]
	at org.apache.ratis.util.SlidingWindow$Server.processRequestsFromHead(SlidingWindow.java:429) [ratis-common-0.4.0-2337318-SNAPSHOT.jar:0.4.0-2337318-SNAPSHOT]
	at org.apache.ratis.util.SlidingWindow$Server.receivedRequest(SlidingWindow.java:421) [ratis-common-0.4.0-2337318-SNAPSHOT.jar:0.4.0-2337318-SNAPSHOT]
	at org.apache.ratis.grpc.client.GrpcClientProtocolService$OrderedRequestStreamObserver.processClientRequest(GrpcClientProtocolService.java:345) [ratis-grpc-0.4.0-2337318-SNAPSHOT.jar:0.4.0-2337318-SNAPSHOT]
	at org.apache.ratis.grpc.client.GrpcClientProtocolService$RequestStreamObserver.onNext(GrpcClientProtocolService.java:240) [ratis-grpc-0.4.0-2337318-SNAPSHOT.jar:0.4.0-2337318-SNAPSHOT]
	at org.apache.ratis.grpc.client.GrpcClientProtocolService$RequestStreamObserver.onNext(GrpcClientProtocolService.java:168) [ratis-grpc-0.4.0-2337318-SNAPSHOT.jar:0.4.0-2337318-SNAPSHOT]
	at org.apache.ratis.thirdparty.io.grpc.stub.ServerCalls$StreamingServerCallHandler$StreamingServerCallListener.onMessage(ServerCalls.java:248) [ratis-thirdparty-misc-0.2.0.jar:0.2.0]
	at org.apache.ratis.thirdparty.io.grpc.internal.ServerCallImpl$ServerStreamListenerImpl.messagesAvailable(ServerCallImpl.java:263) [ratis-thirdparty-misc-0.2.0.jar:0.2.0]
	at org.apache.ratis.thirdparty.io.grpc.internal.ServerImpl$JumpToApplicationThreadServerStreamListener$1MessagesAvailable.runInContext(ServerImpl.java:686) [ratis-thirdparty-misc-0.2.0.jar:0.2.0]
	at org.apache.ratis.thirdparty.io.grpc.internal.ContextRunnable.run(ContextRunnable.java:37) [ratis-thirdparty-misc-0.2.0.jar:0.2.0]
	at org.apache.ratis.thirdparty.io.grpc.internal.SerializingExecutor.run(SerializingExecutor.java:123) [ratis-thirdparty-misc-0.2.0.jar:0.2.0]
	at java.util.concurrent.ThreadPoolExecutor.runWorker(ThreadPoolExecutor.java:1149) [?:1.8.0_212]
	at java.util.concurrent.ThreadPoolExecutor$Worker.run(ThreadPoolExecutor.java:624) [?:1.8.0_212]
	at java.lang.Thread.run(Thread.java:748) [?:1.8.0_212]
2019-08-18 03:30:58,867 INFO  client.GrpcClientProtocolClient (GrpcClientProtocolClient.java:onNext(255)) - client-7414E31120FA->18ecf6ef-f37f-416b-84f4-1f5a860991da: receive RaftClientReply:client-7414E31120FA->18ecf6ef-f37f-416b-84f4-1f5a860991da@group-E316804E628A, cid=192, FAILED org.apache.ratis.protocol.StateMachineException: org.apache.hadoop.hdds.scm.container.common.helpers.ContainerNotOpenException from Server 18ecf6ef-f37f-416b-84f4-1f5a860991da: Container 1 in CLOSING state, logIndex=0, commits[18ecf6ef-f37f-416b-84f4-1f5a860991da:c16, 14a95ce3-2ce8-42f0-83d3-2c800e36461d:c15, b5ebf1d2-50b1-44fd-809a-910fb604fdc3:c14]
03:30:58.868 [grpc-default-executor-5] ERROR DNAudit - user=null | ip=null | op=WRITE_CHUNK {blockData=conID: 1 locID: 102635866632028174 bcsId: 12} | ret=FAILURE
org.apache.hadoop.hdds.scm.container.common.helpers.ContainerNotOpenException: Container 1 in CLOSING state
	at org.apache.hadoop.ozone.container.common.impl.HddsDispatcher.validateContainerCommand(HddsDispatcher.java:408) ~[hadoop-hdds-container-service-0.4.1-SNAPSHOT.jar:?]
	at org.apache.hadoop.ozone.container.common.transport.server.ratis.ContainerStateMachine.startTransaction(ContainerStateMachine.java:288) ~[hadoop-hdds-container-service-0.4.1-SNAPSHOT.jar:?]
	at org.apache.ratis.server.impl.RaftServerImpl.submitClientRequestAsync(RaftServerImpl.java:566) ~[ratis-server-0.4.0-2337318-SNAPSHOT.jar:0.4.0-2337318-SNAPSHOT]
	at org.apache.ratis.server.impl.RaftServerProxy.lambda$submitClientRequestAsync$7(RaftServerProxy.java:333) ~[ratis-server-0.4.0-2337318-SNAPSHOT.jar:0.4.0-2337318-SNAPSHOT]
	at org.apache.ratis.server.impl.RaftServerProxy.lambda$null$5(RaftServerProxy.java:328) ~[ratis-server-0.4.0-2337318-SNAPSHOT.jar:0.4.0-2337318-SNAPSHOT]
	at org.apache.ratis.util.JavaUtils.callAsUnchecked(JavaUtils.java:109) ~[ratis-common-0.4.0-2337318-SNAPSHOT.jar:0.4.0-2337318-SNAPSHOT]
	at org.apache.ratis.server.impl.RaftServerProxy.lambda$submitRequest$6(RaftServerProxy.java:328) ~[ratis-server-0.4.0-2337318-SNAPSHOT.jar:0.4.0-2337318-SNAPSHOT]
	at java.util.concurrent.CompletableFuture.uniComposeStage(CompletableFuture.java:981) ~[?:1.8.0_212]
	at java.util.concurrent.CompletableFuture.thenCompose(CompletableFuture.java:2124) ~[?:1.8.0_212]
	at org.apache.ratis.server.impl.RaftServerProxy.submitRequest(RaftServerProxy.java:327) ~[ratis-server-0.4.0-2337318-SNAPSHOT.jar:0.4.0-2337318-SNAPSHOT]
	at org.apache.ratis.server.impl.RaftServerProxy.submitClientRequestAsync(RaftServerProxy.java:333) ~[ratis-server-0.4.0-2337318-SNAPSHOT.jar:0.4.0-2337318-SNAPSHOT]
	at org.apache.ratis.grpc.client.GrpcClientProtocolService$RequestStreamObserver.processClientRequest(GrpcClientProtocolService.java:220) ~[ratis-grpc-0.4.0-2337318-SNAPSHOT.jar:0.4.0-2337318-SNAPSHOT]
	at org.apache.ratis.grpc.client.GrpcClientProtocolService$OrderedRequestStreamObserver.processClientRequest(GrpcClientProtocolService.java:326) ~[ratis-grpc-0.4.0-2337318-SNAPSHOT.jar:0.4.0-2337318-SNAPSHOT]
	at org.apache.ratis.util.SlidingWindow$Server.processRequestsFromHead(SlidingWindow.java:429) [ratis-common-0.4.0-2337318-SNAPSHOT.jar:0.4.0-2337318-SNAPSHOT]
	at org.apache.ratis.util.SlidingWindow$Server.receivedRequest(SlidingWindow.java:421) [ratis-common-0.4.0-2337318-SNAPSHOT.jar:0.4.0-2337318-SNAPSHOT]
	at org.apache.ratis.grpc.client.GrpcClientProtocolService$OrderedRequestStreamObserver.processClientRequest(GrpcClientProtocolService.java:345) [ratis-grpc-0.4.0-2337318-SNAPSHOT.jar:0.4.0-2337318-SNAPSHOT]
	at org.apache.ratis.grpc.client.GrpcClientProtocolService$RequestStreamObserver.onNext(GrpcClientProtocolService.java:240) [ratis-grpc-0.4.0-2337318-SNAPSHOT.jar:0.4.0-2337318-SNAPSHOT]
	at org.apache.ratis.grpc.client.GrpcClientProtocolService$RequestStreamObserver.onNext(GrpcClientProtocolService.java:168) [ratis-grpc-0.4.0-2337318-SNAPSHOT.jar:0.4.0-2337318-SNAPSHOT]
	at org.apache.ratis.thirdparty.io.grpc.stub.ServerCalls$StreamingServerCallHandler$StreamingServerCallListener.onMessage(ServerCalls.java:248) [ratis-thirdparty-misc-0.2.0.jar:0.2.0]
	at org.apache.ratis.thirdparty.io.grpc.internal.ServerCallImpl$ServerStreamListenerImpl.messagesAvailable(ServerCallImpl.java:263) [ratis-thirdparty-misc-0.2.0.jar:0.2.0]
	at org.apache.ratis.thirdparty.io.grpc.internal.ServerImpl$JumpToApplicationThreadServerStreamListener$1MessagesAvailable.runInContext(ServerImpl.java:686) [ratis-thirdparty-misc-0.2.0.jar:0.2.0]
	at org.apache.ratis.thirdparty.io.grpc.internal.ContextRunnable.run(ContextRunnable.java:37) [ratis-thirdparty-misc-0.2.0.jar:0.2.0]
	at org.apache.ratis.thirdparty.io.grpc.internal.SerializingExecutor.run(SerializingExecutor.java:123) [ratis-thirdparty-misc-0.2.0.jar:0.2.0]
	at java.util.concurrent.ThreadPoolExecutor.runWorker(ThreadPoolExecutor.java:1149) [?:1.8.0_212]
	at java.util.concurrent.ThreadPoolExecutor$Worker.run(ThreadPoolExecutor.java:624) [?:1.8.0_212]
	at java.lang.Thread.run(Thread.java:748) [?:1.8.0_212]
03:30:58.871 [grpc-default-executor-5] ERROR DNAudit - user=null | ip=null | op=PUT_BLOCK {blockData=[blockId=conID: 1 locID: 102635866632028174 bcsId: 0,size=650]} | ret=FAILURE
org.apache.hadoop.hdds.scm.container.common.helpers.ContainerNotOpenException: Container 1 in CLOSING state
	at org.apache.hadoop.ozone.container.common.impl.HddsDispatcher.validateContainerCommand(HddsDispatcher.java:408) ~[hadoop-hdds-container-service-0.4.1-SNAPSHOT.jar:?]
	at org.apache.hadoop.ozone.container.common.transport.server.ratis.ContainerStateMachine.startTransaction(ContainerStateMachine.java:288) ~[hadoop-hdds-container-service-0.4.1-SNAPSHOT.jar:?]
	at org.apache.ratis.server.impl.RaftServerImpl.submitClientRequestAsync(RaftServerImpl.java:566) ~[ratis-server-0.4.0-2337318-SNAPSHOT.jar:0.4.0-2337318-SNAPSHOT]
	at org.apache.ratis.server.impl.RaftServerProxy.lambda$submitClientRequestAsync$7(RaftServerProxy.java:333) ~[ratis-server-0.4.0-2337318-SNAPSHOT.jar:0.4.0-2337318-SNAPSHOT]
	at org.apache.ratis.server.impl.RaftServerProxy.lambda$null$5(RaftServerProxy.java:328) ~[ratis-server-0.4.0-2337318-SNAPSHOT.jar:0.4.0-2337318-SNAPSHOT]
	at org.apache.ratis.util.JavaUtils.callAsUnchecked(JavaUtils.java:109) ~[ratis-common-0.4.0-2337318-SNAPSHOT.jar:0.4.0-2337318-SNAPSHOT]
	at org.apache.ratis.server.impl.RaftServerProxy.lambda$submitRequest$6(RaftServerProxy.java:328) ~[ratis-server-0.4.0-2337318-SNAPSHOT.jar:0.4.0-2337318-SNAPSHOT]
	at java.util.concurrent.CompletableFuture.uniComposeStage(CompletableFuture.java:981) ~[?:1.8.0_212]
	at java.util.concurrent.CompletableFuture.thenCompose(CompletableFuture.java:2124) ~[?:1.8.0_212]
	at org.apache.ratis.server.impl.RaftServerProxy.submitRequest(RaftServerProxy.java:327) ~[ratis-server-0.4.0-2337318-SNAPSHOT.jar:0.4.0-2337318-SNAPSHOT]
	at org.apache.ratis.server.impl.RaftServerProxy.submitClientRequestAsync(RaftServerProxy.java:333) ~[ratis-server-0.4.0-2337318-SNAPSHOT.jar:0.4.0-2337318-SNAPSHOT]
	at org.apache.ratis.grpc.client.GrpcClientProtocolService$RequestStreamObserver.processClientRequest(GrpcClientProtocolService.java:220) ~[ratis-grpc-0.4.0-2337318-SNAPSHOT.jar:0.4.0-2337318-SNAPSHOT]
	at org.apache.ratis.grpc.client.GrpcClientProtocolService$OrderedRequestStreamObserver.processClientRequest(GrpcClientProtocolService.java:326) ~[ratis-grpc-0.4.0-2337318-SNAPSHOT.jar:0.4.0-2337318-SNAPSHOT]
	at org.apache.ratis.util.SlidingWindow$Server.processRequestsFromHead(SlidingWindow.java:429) [ratis-common-0.4.0-2337318-SNAPSHOT.jar:0.4.0-2337318-SNAPSHOT]
	at org.apache.ratis.util.SlidingWindow$Server.receivedRequest(SlidingWindow.java:421) [ratis-common-0.4.0-2337318-SNAPSHOT.jar:0.4.0-2337318-SNAPSHOT]
	at org.apache.ratis.grpc.client.GrpcClientProtocolService$OrderedRequestStreamObserver.processClientRequest(GrpcClientProtocolService.java:345) [ratis-grpc-0.4.0-2337318-SNAPSHOT.jar:0.4.0-2337318-SNAPSHOT]
	at org.apache.ratis.grpc.client.GrpcClientProtocolService$RequestStreamObserver.onNext(GrpcClientProtocolService.java:240) [ratis-grpc-0.4.0-2337318-SNAPSHOT.jar:0.4.0-2337318-SNAPSHOT]
	at org.apache.ratis.grpc.client.GrpcClientProtocolService$RequestStreamObserver.onNext(GrpcClientProtocolService.java:168) [ratis-grpc-0.4.0-2337318-SNAPSHOT.jar:0.4.0-2337318-SNAPSHOT]
	at org.apache.ratis.thirdparty.io.grpc.stub.ServerCalls$StreamingServerCallHandler$StreamingServerCallListener.onMessage(ServerCalls.java:248) [ratis-thirdparty-misc-0.2.0.jar:0.2.0]
	at org.apache.ratis.thirdparty.io.grpc.internal.ServerCallImpl$ServerStreamListenerImpl.messagesAvailable(ServerCallImpl.java:263) [ratis-thirdparty-misc-0.2.0.jar:0.2.0]
	at org.apache.ratis.thirdparty.io.grpc.internal.ServerImpl$JumpToApplicationThreadServerStreamListener$1MessagesAvailable.runInContext(ServerImpl.java:686) [ratis-thirdparty-misc-0.2.0.jar:0.2.0]
	at org.apache.ratis.thirdparty.io.grpc.internal.ContextRunnable.run(ContextRunnable.java:37) [ratis-thirdparty-misc-0.2.0.jar:0.2.0]
	at org.apache.ratis.thirdparty.io.grpc.internal.SerializingExecutor.run(SerializingExecutor.java:123) [ratis-thirdparty-misc-0.2.0.jar:0.2.0]
	at java.util.concurrent.ThreadPoolExecutor.runWorker(ThreadPoolExecutor.java:1149) [?:1.8.0_212]
	at java.util.concurrent.ThreadPoolExecutor$Worker.run(ThreadPoolExecutor.java:624) [?:1.8.0_212]
	at java.lang.Thread.run(Thread.java:748) [?:1.8.0_212]
03:30:58.880 [grpc-default-executor-5] ERROR DNAudit - user=null | ip=null | op=WRITE_CHUNK {blockData=conID: 1 locID: 102635866632028174 bcsId: 12} | ret=FAILURE
org.apache.hadoop.hdds.scm.container.common.helpers.ContainerNotOpenException: Container 1 in CLOSING state
	at org.apache.hadoop.ozone.container.common.impl.HddsDispatcher.validateContainerCommand(HddsDispatcher.java:408) ~[hadoop-hdds-container-service-0.4.1-SNAPSHOT.jar:?]
	at org.apache.hadoop.ozone.container.common.transport.server.ratis.ContainerStateMachine.startTransaction(ContainerStateMachine.java:288) ~[hadoop-hdds-container-service-0.4.1-SNAPSHOT.jar:?]
	at org.apache.ratis.server.impl.RaftServerImpl.submitClientRequestAsync(RaftServerImpl.java:566) ~[ratis-server-0.4.0-2337318-SNAPSHOT.jar:0.4.0-2337318-SNAPSHOT]
	at org.apache.ratis.server.impl.RaftServerProxy.lambda$submitClientRequestAsync$7(RaftServerProxy.java:333) ~[ratis-server-0.4.0-2337318-SNAPSHOT.jar:0.4.0-2337318-SNAPSHOT]
	at org.apache.ratis.server.impl.RaftServerProxy.lambda$null$5(RaftServerProxy.java:328) ~[ratis-server-0.4.0-2337318-SNAPSHOT.jar:0.4.0-2337318-SNAPSHOT]
	at org.apache.ratis.util.JavaUtils.callAsUnchecked(JavaUtils.java:109) ~[ratis-common-0.4.0-2337318-SNAPSHOT.jar:0.4.0-2337318-SNAPSHOT]
	at org.apache.ratis.server.impl.RaftServerProxy.lambda$submitRequest$6(RaftServerProxy.java:328) ~[ratis-server-0.4.0-2337318-SNAPSHOT.jar:0.4.0-2337318-SNAPSHOT]
	at java.util.concurrent.CompletableFuture.uniComposeStage(CompletableFuture.java:981) ~[?:1.8.0_212]
	at java.util.concurrent.CompletableFuture.thenCompose(CompletableFuture.java:2124) ~[?:1.8.0_212]
	at org.apache.ratis.server.impl.RaftServerProxy.submitRequest(RaftServerProxy.java:327) ~[ratis-server-0.4.0-2337318-SNAPSHOT.jar:0.4.0-2337318-SNAPSHOT]
	at org.apache.ratis.server.impl.RaftServerProxy.submitClientRequestAsync(RaftServerProxy.java:333) ~[ratis-server-0.4.0-2337318-SNAPSHOT.jar:0.4.0-2337318-SNAPSHOT]
	at org.apache.ratis.grpc.client.GrpcClientProtocolService$RequestStreamObserver.processClientRequest(GrpcClientProtocolService.java:220) ~[ratis-grpc-0.4.0-2337318-SNAPSHOT.jar:0.4.0-2337318-SNAPSHOT]
	at org.apache.ratis.grpc.client.GrpcClientProtocolService$OrderedRequestStreamObserver.processClientRequest(GrpcClientProtocolService.java:326) ~[ratis-grpc-0.4.0-2337318-SNAPSHOT.jar:0.4.0-2337318-SNAPSHOT]
	at org.apache.ratis.util.SlidingWindow$Server.processRequestsFromHead(SlidingWindow.java:429) [ratis-common-0.4.0-2337318-SNAPSHOT.jar:0.4.0-2337318-SNAPSHOT]
	at org.apache.ratis.util.SlidingWindow$Server.receivedRequest(SlidingWindow.java:421) [ratis-common-0.4.0-2337318-SNAPSHOT.jar:0.4.0-2337318-SNAPSHOT]
	at org.apache.ratis.grpc.client.GrpcClientProtocolService$OrderedRequestStreamObserver.processClientRequest(GrpcClientProtocolService.java:345) [ratis-grpc-0.4.0-2337318-SNAPSHOT.jar:0.4.0-2337318-SNAPSHOT]
	at org.apache.ratis.grpc.client.GrpcClientProtocolService$RequestStreamObserver.onNext(GrpcClientProtocolService.java:240) [ratis-grpc-0.4.0-2337318-SNAPSHOT.jar:0.4.0-2337318-SNAPSHOT]
	at org.apache.ratis.grpc.client.GrpcClientProtocolService$RequestStreamObserver.onNext(GrpcClientProtocolService.java:168) [ratis-grpc-0.4.0-2337318-SNAPSHOT.jar:0.4.0-2337318-SNAPSHOT]
	at org.apache.ratis.thirdparty.io.grpc.stub.ServerCalls$StreamingServerCallHandler$StreamingServerCallListener.onMessage(ServerCalls.java:248) [ratis-thirdparty-misc-0.2.0.jar:0.2.0]
	at org.apache.ratis.thirdparty.io.grpc.internal.ServerCallImpl$ServerStreamListenerImpl.messagesAvailable(ServerCallImpl.java:263) [ratis-thirdparty-misc-0.2.0.jar:0.2.0]
	at org.apache.ratis.thirdparty.io.grpc.internal.ServerImpl$JumpToApplicationThreadServerStreamListener$1MessagesAvailable.runInContext(ServerImpl.java:686) [ratis-thirdparty-misc-0.2.0.jar:0.2.0]
	at org.apache.ratis.thirdparty.io.grpc.internal.ContextRunnable.run(ContextRunnable.java:37) [ratis-thirdparty-misc-0.2.0.jar:0.2.0]
	at org.apache.ratis.thirdparty.io.grpc.internal.SerializingExecutor.run(SerializingExecutor.java:123) [ratis-thirdparty-misc-0.2.0.jar:0.2.0]
	at java.util.concurrent.ThreadPoolExecutor.runWorker(ThreadPoolExecutor.java:1149) [?:1.8.0_212]
	at java.util.concurrent.ThreadPoolExecutor$Worker.run(ThreadPoolExecutor.java:624) [?:1.8.0_212]
	at java.lang.Thread.run(Thread.java:748) [?:1.8.0_212]
2019-08-18 03:30:58,882 INFO  client.GrpcClientProtocolClient (GrpcClientProtocolClient.java:onNext(255)) - client-7414E31120FA->18ecf6ef-f37f-416b-84f4-1f5a860991da: receive RaftClientReply:client-7414E31120FA->18ecf6ef-f37f-416b-84f4-1f5a860991da@group-E316804E628A, cid=193, FAILED org.apache.ratis.protocol.StateMachineException: org.apache.hadoop.hdds.scm.container.common.helpers.ContainerNotOpenException from Server 18ecf6ef-f37f-416b-84f4-1f5a860991da: Container 1 in CLOSING state, logIndex=0, commits[18ecf6ef-f37f-416b-84f4-1f5a860991da:c16, 14a95ce3-2ce8-42f0-83d3-2c800e36461d:c15, b5ebf1d2-50b1-44fd-809a-910fb604fdc3:c14]
03:30:58.888 [grpc-default-executor-5] ERROR DNAudit - user=null | ip=null | op=WRITE_CHUNK {blockData=conID: 1 locID: 102635866632028174 bcsId: 12} | ret=FAILURE
org.apache.hadoop.hdds.scm.container.common.helpers.ContainerNotOpenException: Container 1 in CLOSING state
	at org.apache.hadoop.ozone.container.common.impl.HddsDispatcher.validateContainerCommand(HddsDispatcher.java:408) ~[hadoop-hdds-container-service-0.4.1-SNAPSHOT.jar:?]
	at org.apache.hadoop.ozone.container.common.transport.server.ratis.ContainerStateMachine.startTransaction(ContainerStateMachine.java:288) ~[hadoop-hdds-container-service-0.4.1-SNAPSHOT.jar:?]
	at org.apache.ratis.server.impl.RaftServerImpl.submitClientRequestAsync(RaftServerImpl.java:566) ~[ratis-server-0.4.0-2337318-SNAPSHOT.jar:0.4.0-2337318-SNAPSHOT]
	at org.apache.ratis.server.impl.RaftServerProxy.lambda$submitClientRequestAsync$7(RaftServerProxy.java:333) ~[ratis-server-0.4.0-2337318-SNAPSHOT.jar:0.4.0-2337318-SNAPSHOT]
	at org.apache.ratis.server.impl.RaftServerProxy.lambda$null$5(RaftServerProxy.java:328) ~[ratis-server-0.4.0-2337318-SNAPSHOT.jar:0.4.0-2337318-SNAPSHOT]
	at org.apache.ratis.util.JavaUtils.callAsUnchecked(JavaUtils.java:109) ~[ratis-common-0.4.0-2337318-SNAPSHOT.jar:0.4.0-2337318-SNAPSHOT]
	at org.apache.ratis.server.impl.RaftServerProxy.lambda$submitRequest$6(RaftServerProxy.java:328) ~[ratis-server-0.4.0-2337318-SNAPSHOT.jar:0.4.0-2337318-SNAPSHOT]
	at java.util.concurrent.CompletableFuture.uniComposeStage(CompletableFuture.java:981) ~[?:1.8.0_212]
	at java.util.concurrent.CompletableFuture.thenCompose(CompletableFuture.java:2124) ~[?:1.8.0_212]
	at org.apache.ratis.server.impl.RaftServerProxy.submitRequest(RaftServerProxy.java:327) ~[ratis-server-0.4.0-2337318-SNAPSHOT.jar:0.4.0-2337318-SNAPSHOT]
	at org.apache.ratis.server.impl.RaftServerProxy.submitClientRequestAsync(RaftServerProxy.java:333) ~[ratis-server-0.4.0-2337318-SNAPSHOT.jar:0.4.0-2337318-SNAPSHOT]
	at org.apache.ratis.grpc.client.GrpcClientProtocolService$RequestStreamObserver.processClientRequest(GrpcClientProtocolService.java:220) ~[ratis-grpc-0.4.0-2337318-SNAPSHOT.jar:0.4.0-2337318-SNAPSHOT]
	at org.apache.ratis.grpc.client.GrpcClientProtocolService$OrderedRequestStreamObserver.processClientRequest(GrpcClientProtocolService.java:326) ~[ratis-grpc-0.4.0-2337318-SNAPSHOT.jar:0.4.0-2337318-SNAPSHOT]
	at org.apache.ratis.util.SlidingWindow$Server.processRequestsFromHead(SlidingWindow.java:429) [ratis-common-0.4.0-2337318-SNAPSHOT.jar:0.4.0-2337318-SNAPSHOT]
	at org.apache.ratis.util.SlidingWindow$Server.receivedRequest(SlidingWindow.java:421) [ratis-common-0.4.0-2337318-SNAPSHOT.jar:0.4.0-2337318-SNAPSHOT]
	at org.apache.ratis.grpc.client.GrpcClientProtocolService$OrderedRequestStreamObserver.processClientRequest(GrpcClientProtocolService.java:345) [ratis-grpc-0.4.0-2337318-SNAPSHOT.jar:0.4.0-2337318-SNAPSHOT]
	at org.apache.ratis.grpc.client.GrpcClientProtocolService$RequestStreamObserver.onNext(GrpcClientProtocolService.java:240) [ratis-grpc-0.4.0-2337318-SNAPSHOT.jar:0.4.0-2337318-SNAPSHOT]
	at org.apache.ratis.grpc.client.GrpcClientProtocolService$RequestStreamObserver.onNext(GrpcClientProtocolService.java:168) [ratis-grpc-0.4.0-2337318-SNAPSHOT.jar:0.4.0-2337318-SNAPSHOT]
	at org.apache.ratis.thirdparty.io.grpc.stub.ServerCalls$StreamingServerCallHandler$StreamingServerCallListener.onMessage(ServerCalls.java:248) [ratis-thirdparty-misc-0.2.0.jar:0.2.0]
	at org.apache.ratis.thirdparty.io.grpc.internal.ServerCallImpl$ServerStreamListenerImpl.messagesAvailable(ServerCallImpl.java:263) [ratis-thirdparty-misc-0.2.0.jar:0.2.0]
	at org.apache.ratis.thirdparty.io.grpc.internal.ServerImpl$JumpToApplicationThreadServerStreamListener$1MessagesAvailable.runInContext(ServerImpl.java:686) [ratis-thirdparty-misc-0.2.0.jar:0.2.0]
	at org.apache.ratis.thirdparty.io.grpc.internal.ContextRunnable.run(ContextRunnable.java:37) [ratis-thirdparty-misc-0.2.0.jar:0.2.0]
	at org.apache.ratis.thirdparty.io.grpc.internal.SerializingExecutor.run(SerializingExecutor.java:123) [ratis-thirdparty-misc-0.2.0.jar:0.2.0]
	at java.util.concurrent.ThreadPoolExecutor.runWorker(ThreadPoolExecutor.java:1149) [?:1.8.0_212]
	at java.util.concurrent.ThreadPoolExecutor$Worker.run(ThreadPoolExecutor.java:624) [?:1.8.0_212]
	at java.lang.Thread.run(Thread.java:748) [?:1.8.0_212]
2019-08-18 03:30:58,889 INFO  client.GrpcClientProtocolClient (GrpcClientProtocolClient.java:onNext(255)) - client-7414E31120FA->18ecf6ef-f37f-416b-84f4-1f5a860991da: receive RaftClientReply:client-7414E31120FA->18ecf6ef-f37f-416b-84f4-1f5a860991da@group-E316804E628A, cid=194, FAILED org.apache.ratis.protocol.StateMachineException: org.apache.hadoop.hdds.scm.container.common.helpers.ContainerNotOpenException from Server 18ecf6ef-f37f-416b-84f4-1f5a860991da: Container 1 in CLOSING state, logIndex=0, commits[18ecf6ef-f37f-416b-84f4-1f5a860991da:c16, 14a95ce3-2ce8-42f0-83d3-2c800e36461d:c15, b5ebf1d2-50b1-44fd-809a-910fb604fdc3:c14]
03:30:58.895 [grpc-default-executor-5] ERROR DNAudit - user=null | ip=null | op=PUT_BLOCK {blockData=[blockId=conID: 1 locID: 102635866632028174 bcsId: 0,size=800]} | ret=FAILURE
org.apache.hadoop.hdds.scm.container.common.helpers.ContainerNotOpenException: Container 1 in CLOSING state
	at org.apache.hadoop.ozone.container.common.impl.HddsDispatcher.validateContainerCommand(HddsDispatcher.java:408) ~[hadoop-hdds-container-service-0.4.1-SNAPSHOT.jar:?]
	at org.apache.hadoop.ozone.container.common.transport.server.ratis.ContainerStateMachine.startTransaction(ContainerStateMachine.java:288) ~[hadoop-hdds-container-service-0.4.1-SNAPSHOT.jar:?]
	at org.apache.ratis.server.impl.RaftServerImpl.submitClientRequestAsync(RaftServerImpl.java:566) ~[ratis-server-0.4.0-2337318-SNAPSHOT.jar:0.4.0-2337318-SNAPSHOT]
	at org.apache.ratis.server.impl.RaftServerProxy.lambda$submitClientRequestAsync$7(RaftServerProxy.java:333) ~[ratis-server-0.4.0-2337318-SNAPSHOT.jar:0.4.0-2337318-SNAPSHOT]
	at org.apache.ratis.server.impl.RaftServerProxy.lambda$null$5(RaftServerProxy.java:328) ~[ratis-server-0.4.0-2337318-SNAPSHOT.jar:0.4.0-2337318-SNAPSHOT]
	at org.apache.ratis.util.JavaUtils.callAsUnchecked(JavaUtils.java:109) ~[ratis-common-0.4.0-2337318-SNAPSHOT.jar:0.4.0-2337318-SNAPSHOT]
	at org.apache.ratis.server.impl.RaftServerProxy.lambda$submitRequest$6(RaftServerProxy.java:328) ~[ratis-server-0.4.0-2337318-SNAPSHOT.jar:0.4.0-2337318-SNAPSHOT]
	at java.util.concurrent.CompletableFuture.uniComposeStage(CompletableFuture.java:981) ~[?:1.8.0_212]
	at java.util.concurrent.CompletableFuture.thenCompose(CompletableFuture.java:2124) ~[?:1.8.0_212]
	at org.apache.ratis.server.impl.RaftServerProxy.submitRequest(RaftServerProxy.java:327) ~[ratis-server-0.4.0-2337318-SNAPSHOT.jar:0.4.0-2337318-SNAPSHOT]
	at org.apache.ratis.server.impl.RaftServerProxy.submitClientRequestAsync(RaftServerProxy.java:333) ~[ratis-server-0.4.0-2337318-SNAPSHOT.jar:0.4.0-2337318-SNAPSHOT]
	at org.apache.ratis.grpc.client.GrpcClientProtocolService$RequestStreamObserver.processClientRequest(GrpcClientProtocolService.java:220) ~[ratis-grpc-0.4.0-2337318-SNAPSHOT.jar:0.4.0-2337318-SNAPSHOT]
	at org.apache.ratis.grpc.client.GrpcClientProtocolService$OrderedRequestStreamObserver.processClientRequest(GrpcClientProtocolService.java:326) ~[ratis-grpc-0.4.0-2337318-SNAPSHOT.jar:0.4.0-2337318-SNAPSHOT]
	at org.apache.ratis.util.SlidingWindow$Server.processRequestsFromHead(SlidingWindow.java:429) [ratis-common-0.4.0-2337318-SNAPSHOT.jar:0.4.0-2337318-SNAPSHOT]
	at org.apache.ratis.util.SlidingWindow$Server.receivedRequest(SlidingWindow.java:421) [ratis-common-0.4.0-2337318-SNAPSHOT.jar:0.4.0-2337318-SNAPSHOT]
	at org.apache.ratis.grpc.client.GrpcClientProtocolService$OrderedRequestStreamObserver.processClientRequest(GrpcClientProtocolService.java:345) [ratis-grpc-0.4.0-2337318-SNAPSHOT.jar:0.4.0-2337318-SNAPSHOT]
	at org.apache.ratis.grpc.client.GrpcClientProtocolService$RequestStreamObserver.onNext(GrpcClientProtocolService.java:240) [ratis-grpc-0.4.0-2337318-SNAPSHOT.jar:0.4.0-2337318-SNAPSHOT]
	at org.apache.ratis.grpc.client.GrpcClientProtocolService$RequestStreamObserver.onNext(GrpcClientProtocolService.java:168) [ratis-grpc-0.4.0-2337318-SNAPSHOT.jar:0.4.0-2337318-SNAPSHOT]
	at org.apache.ratis.thirdparty.io.grpc.stub.ServerCalls$StreamingServerCallHandler$StreamingServerCallListener.onMessage(ServerCalls.java:248) [ratis-thirdparty-misc-0.2.0.jar:0.2.0]
	at org.apache.ratis.thirdparty.io.grpc.internal.ServerCallImpl$ServerStreamListenerImpl.messagesAvailable(ServerCallImpl.java:263) [ratis-thirdparty-misc-0.2.0.jar:0.2.0]
	at org.apache.ratis.thirdparty.io.grpc.internal.ServerImpl$JumpToApplicationThreadServerStreamListener$1MessagesAvailable.runInContext(ServerImpl.java:686) [ratis-thirdparty-misc-0.2.0.jar:0.2.0]
	at org.apache.ratis.thirdparty.io.grpc.internal.ContextRunnable.run(ContextRunnable.java:37) [ratis-thirdparty-misc-0.2.0.jar:0.2.0]
	at org.apache.ratis.thirdparty.io.grpc.internal.SerializingExecutor.run(SerializingExecutor.java:123) [ratis-thirdparty-misc-0.2.0.jar:0.2.0]
	at java.util.concurrent.ThreadPoolExecutor.runWorker(ThreadPoolExecutor.java:1149) [?:1.8.0_212]
	at java.util.concurrent.ThreadPoolExecutor$Worker.run(ThreadPoolExecutor.java:624) [?:1.8.0_212]
	at java.lang.Thread.run(Thread.java:748) [?:1.8.0_212]
2019-08-18 03:30:58,896 INFO  client.GrpcClientProtocolClient (GrpcClientProtocolClient.java:onNext(255)) - client-7414E31120FA->18ecf6ef-f37f-416b-84f4-1f5a860991da: receive RaftClientReply:client-7414E31120FA->18ecf6ef-f37f-416b-84f4-1f5a860991da@group-E316804E628A, cid=195, FAILED org.apache.ratis.protocol.StateMachineException: org.apache.hadoop.hdds.scm.container.common.helpers.ContainerNotOpenException from Server 18ecf6ef-f37f-416b-84f4-1f5a860991da: Container 1 in CLOSING state, logIndex=0, commits[18ecf6ef-f37f-416b-84f4-1f5a860991da:c16, 14a95ce3-2ce8-42f0-83d3-2c800e36461d:c15, b5ebf1d2-50b1-44fd-809a-910fb604fdc3:c14]
2019-08-18 03:30:58,908 INFO  client.GrpcClientProtocolClient (GrpcClientProtocolClient.java:onNext(255)) - client-7414E31120FA->18ecf6ef-f37f-416b-84f4-1f5a860991da: receive RaftClientReply:client-7414E31120FA->18ecf6ef-f37f-416b-84f4-1f5a860991da@group-E316804E628A, cid=196, FAILED org.apache.ratis.protocol.StateMachineException: org.apache.hadoop.hdds.scm.container.common.helpers.ContainerNotOpenException from Server 18ecf6ef-f37f-416b-84f4-1f5a860991da: Container 1 in CLOSING state, logIndex=0, commits[18ecf6ef-f37f-416b-84f4-1f5a860991da:c16, 14a95ce3-2ce8-42f0-83d3-2c800e36461d:c15, b5ebf1d2-50b1-44fd-809a-910fb604fdc3:c14]
2019-08-18 03:30:58,909 INFO  client.GrpcClientProtocolClient (GrpcClientProtocolClient.java:onNext(255)) - client-7414E31120FA->18ecf6ef-f37f-416b-84f4-1f5a860991da: receive RaftClientReply:client-7414E31120FA->18ecf6ef-f37f-416b-84f4-1f5a860991da@group-E316804E628A, cid=197, FAILED org.apache.ratis.protocol.StateMachineException: org.apache.hadoop.hdds.scm.container.common.helpers.ContainerNotOpenException from Server 18ecf6ef-f37f-416b-84f4-1f5a860991da: Container 1 in CLOSING state, logIndex=0, commits[18ecf6ef-f37f-416b-84f4-1f5a860991da:c16, 14a95ce3-2ce8-42f0-83d3-2c800e36461d:c15, b5ebf1d2-50b1-44fd-809a-910fb604fdc3:c14]
2019-08-18 03:30:58,957 INFO  client.GrpcClientProtocolClient (GrpcClientProtocolClient.java:onNext(255)) - client-4CF232DFCF33->15ed8384-c868-4ea0-ba4a-9269eb510e43: receive RaftClientReply:client-4CF232DFCF33->15ed8384-c868-4ea0-ba4a-9269eb510e43@group-ED751AD489E6, cid=198, FAILED org.apache.ratis.protocol.NotLeaderException: Server 15ed8384-c868-4ea0-ba4a-9269eb510e43 is not the leader (9278e409-f4e1-4cb1-9539-38fd79302033:192.168.69.121:37289). Request must be sent to leader., logIndex=0, commits[15ed8384-c868-4ea0-ba4a-9269eb510e43:c0, 9278e409-f4e1-4cb1-9539-38fd79302033:c0, 21fb6f03-9348-41f1-8a24-77c54b6d0f63:c0]
2019-08-18 03:30:59,127 INFO  client.GrpcClientProtocolClient (GrpcClientProtocolClient.java:onNext(255)) - client-4CF232DFCF33->9278e409-f4e1-4cb1-9539-38fd79302033: receive RaftClientReply:client-4CF232DFCF33->9278e409-f4e1-4cb1-9539-38fd79302033@group-ED751AD489E6, cid=198, SUCCESS, logIndex=1, commits[9278e409-f4e1-4cb1-9539-38fd79302033:c1, 21fb6f03-9348-41f1-8a24-77c54b6d0f63:c0, 15ed8384-c868-4ea0-ba4a-9269eb510e43:c0]
2019-08-18 03:30:59,150 INFO  client.GrpcClientProtocolClient (GrpcClientProtocolClient.java:onNext(255)) - client-4CF232DFCF33->9278e409-f4e1-4cb1-9539-38fd79302033: receive RaftClientReply:client-4CF232DFCF33->9278e409-f4e1-4cb1-9539-38fd79302033@group-ED751AD489E6, cid=199, SUCCESS, logIndex=3, commits[9278e409-f4e1-4cb1-9539-38fd79302033:c4, 21fb6f03-9348-41f1-8a24-77c54b6d0f63:c1, 15ed8384-c868-4ea0-ba4a-9269eb510e43:c1]
2019-08-18 03:30:59,190 INFO  client.GrpcClientProtocolClient (GrpcClientProtocolClient.java:onNext(255)) - client-4CF232DFCF33->9278e409-f4e1-4cb1-9539-38fd79302033: receive RaftClientReply:client-4CF232DFCF33->9278e409-f4e1-4cb1-9539-38fd79302033@group-ED751AD489E6, cid=200, SUCCESS, logIndex=4, commits[9278e409-f4e1-4cb1-9539-38fd79302033:c11, 21fb6f03-9348-41f1-8a24-77c54b6d0f63:c8, 15ed8384-c868-4ea0-ba4a-9269eb510e43:c7]
2019-08-18 03:30:59,191 INFO  client.GrpcClientProtocolClient (GrpcClientProtocolClient.java:onNext(255)) - client-4CF232DFCF33->9278e409-f4e1-4cb1-9539-38fd79302033: receive RaftClientReply:client-4CF232DFCF33->9278e409-f4e1-4cb1-9539-38fd79302033@group-ED751AD489E6, cid=201, SUCCESS, logIndex=5, commits[9278e409-f4e1-4cb1-9539-38fd79302033:c11, 21fb6f03-9348-41f1-8a24-77c54b6d0f63:c8, 15ed8384-c868-4ea0-ba4a-9269eb510e43:c7]
2019-08-18 03:30:59,191 INFO  client.GrpcClientProtocolClient (GrpcClientProtocolClient.java:onNext(255)) - client-4CF232DFCF33->9278e409-f4e1-4cb1-9539-38fd79302033: receive RaftClientReply:client-4CF232DFCF33->9278e409-f4e1-4cb1-9539-38fd79302033@group-ED751AD489E6, cid=202, SUCCESS, logIndex=6, commits[9278e409-f4e1-4cb1-9539-38fd79302033:c11, 21fb6f03-9348-41f1-8a24-77c54b6d0f63:c8, 15ed8384-c868-4ea0-ba4a-9269eb510e43:c7]
2019-08-18 03:30:59,287 INFO  client.GrpcClientProtocolClient (GrpcClientProtocolClient.java:onNext(255)) - client-4CF232DFCF33->9278e409-f4e1-4cb1-9539-38fd79302033: receive RaftClientReply:client-4CF232DFCF33->9278e409-f4e1-4cb1-9539-38fd79302033@group-ED751AD489E6, cid=203, SUCCESS, logIndex=7, commits[9278e409-f4e1-4cb1-9539-38fd79302033:c11, 21fb6f03-9348-41f1-8a24-77c54b6d0f63:c8, 15ed8384-c868-4ea0-ba4a-9269eb510e43:c7]
2019-08-18 03:30:59,301 INFO  client.GrpcClientProtocolClient (GrpcClientProtocolClient.java:onNext(255)) - client-4CF232DFCF33->9278e409-f4e1-4cb1-9539-38fd79302033: receive RaftClientReply:client-4CF232DFCF33->9278e409-f4e1-4cb1-9539-38fd79302033@group-ED751AD489E6, cid=204, SUCCESS, logIndex=12, commits[9278e409-f4e1-4cb1-9539-38fd79302033:c13, 21fb6f03-9348-41f1-8a24-77c54b6d0f63:c11, 15ed8384-c868-4ea0-ba4a-9269eb510e43:c11]
2019-08-18 03:30:59,302 INFO  client.GrpcClientProtocolClient (GrpcClientProtocolClient.java:onNext(255)) - client-4CF232DFCF33->9278e409-f4e1-4cb1-9539-38fd79302033: receive RaftClientReply:client-4CF232DFCF33->9278e409-f4e1-4cb1-9539-38fd79302033@group-ED751AD489E6, cid=205, SUCCESS, logIndex=13, commits[9278e409-f4e1-4cb1-9539-38fd79302033:c13, 21fb6f03-9348-41f1-8a24-77c54b6d0f63:c11, 15ed8384-c868-4ea0-ba4a-9269eb510e43:c11]
2019-08-18 03:30:59,310 INFO  client.GrpcClientProtocolClient (GrpcClientProtocolClient.java:onNext(255)) - client-4CF232DFCF33->9278e409-f4e1-4cb1-9539-38fd79302033: receive RaftClientReply:client-4CF232DFCF33->9278e409-f4e1-4cb1-9539-38fd79302033@group-ED751AD489E6, cid=206, SUCCESS, logIndex=0, commits[9278e409-f4e1-4cb1-9539-38fd79302033:c15, 21fb6f03-9348-41f1-8a24-77c54b6d0f63:c13, 15ed8384-c868-4ea0-ba4a-9269eb510e43:c13]
2019-08-18 03:30:59,311 INFO  ozone.MiniOzoneClusterImpl (MiniOzoneClusterImpl.java:shutdown(321)) - Shutting down the Mini Ozone Cluster
2019-08-18 03:30:59,312 INFO  ozone.MiniOzoneClusterImpl (MiniOzoneClusterImpl.java:stop(336)) - Stopping the Mini Ozone Cluster
2019-08-18 03:30:59,312 INFO  ozone.MiniOzoneClusterImpl (MiniOzoneClusterImpl.java:stop(338)) - Stopping the OzoneManager
2019-08-18 03:30:59,312 INFO  ipc.Server (Server.java:stop(3082)) - Stopping server on 42393
2019-08-18 03:30:59,326 INFO  ipc.Server (Server.java:run(1185)) - Stopping IPC Server listener on 42393
2019-08-18 03:30:59,331 INFO  utils.BackgroundService (BackgroundService.java:shutdown(148)) - Shutting down service KeyDeletingService
2019-08-18 03:30:59,330 INFO  ipc.Server (Server.java:run(1319)) - Stopping IPC Server Responder
2019-08-18 03:30:59,374 INFO  handler.ContextHandler (ContextHandler.java:doStop(910)) - Stopped o.e.j.w.WebAppContext@318beab4{/,null,UNAVAILABLE}{/ozoneManager}
2019-08-18 03:30:59,374 INFO  server.AbstractConnector (AbstractConnector.java:doStop(318)) - Stopped ServerConnector@79a88f45{HTTP/1.1,[http/1.1]}{0.0.0.0:0}
2019-08-18 03:30:59,375 INFO  handler.ContextHandler (ContextHandler.java:doStop(910)) - Stopped o.e.j.s.ServletContextHandler@62109320{/static,file:///workdir/hadoop-ozone/integration-test/target/test-classes/webapps/static,UNAVAILABLE}
2019-08-18 03:30:59,375 INFO  handler.ContextHandler (ContextHandler.java:doStop(910)) - Stopped o.e.j.s.ServletContextHandler@668ea404{/logs,file:///workdir/hadoop-ozone/integration-test/target/log,UNAVAILABLE}
2019-08-18 03:30:59,379 INFO  ozone.MiniOzoneClusterImpl (MiniOzoneClusterImpl.java:stop(344)) - Shutting the HddsDatanodes
2019-08-18 03:30:59,379 INFO  datanode.ObjectStoreHandler (ObjectStoreHandler.java:close(155)) - Closing ObjectStoreHandler.
2019-08-18 03:30:59,379 INFO  datanode.ObjectStoreHandler (ObjectStoreHandler.java:close(155)) - Closing ObjectStoreHandler.
2019-08-18 03:30:59,380 INFO  ozone.HddsDatanodeService (HddsDatanodeService.java:stop(451)) - Stopped plug-in org.apache.hadoop.ozone.web.OzoneHddsDatanodeService@33e6176b
2019-08-18 03:30:59,380 INFO  ozone.HddsDatanodeService (HddsDatanodeService.java:stop(451)) - Stopped plug-in org.apache.hadoop.ozone.web.OzoneHddsDatanodeService@467625e3
2019-08-18 03:30:59,416 INFO  statemachine.DatanodeStateMachine (DatanodeStateMachine.java:lambda$startDaemon$0(350)) - Ozone container server started.
2019-08-18 03:31:00,107 INFO  statemachine.DatanodeStateMachine (DatanodeStateMachine.java:lambda$startDaemon$0(350)) - Ozone container server started.
2019-08-18 03:31:00,935 WARN  server.GrpcLogAppender (LogUtils.java:warn(134)) - 18ecf6ef-f37f-416b-84f4-1f5a860991da->b5ebf1d2-50b1-44fd-809a-910fb604fdc3: Failed appendEntries: org.apache.ratis.thirdparty.io.grpc.StatusRuntimeException: UNAVAILABLE: io exception
2019-08-18 03:31:00,936 INFO  impl.FollowerInfo (FollowerInfo.java:lambda$new$0(50)) - 18ecf6ef-f37f-416b-84f4-1f5a860991da->b5ebf1d2-50b1-44fd-809a-910fb604fdc3: nextIndex: updateUnconditionally 1 -> 0
2019-08-18 03:31:03,431 INFO  node.StaleNodeHandler (StaleNodeHandler.java:onMessage(58)) - Datanode 18ecf6ef-f37f-416b-84f4-1f5a860991da{ip: 192.168.69.121, host: byscane-nightly-jvqb9-734128259, networkLocation: /default-rack, certSerialId: null} moved to stale state. Finalizing its pipelines [PipelineID=27975262-0b23-4271-8341-e316804e628a, PipelineID=d7ec1348-3ecd-4505-922b-97770003885c]
2019-08-18 03:31:03,431 INFO  pipeline.SCMPipelineManager (SCMPipelineManager.java:finalizeAndDestroyPipeline(309)) - destroying pipeline:Pipeline[ Id: 27975262-0b23-4271-8341-e316804e628a, Nodes: b5ebf1d2-50b1-44fd-809a-910fb604fdc3{ip: 192.168.69.121, host: byscane-nightly-jvqb9-734128259, networkLocation: /default-rack, certSerialId: null}14a95ce3-2ce8-42f0-83d3-2c800e36461d{ip: 192.168.69.121, host: byscane-nightly-jvqb9-734128259, networkLocation: /default-rack, certSerialId: null}18ecf6ef-f37f-416b-84f4-1f5a860991da{ip: 192.168.69.121, host: byscane-nightly-jvqb9-734128259, networkLocation: /default-rack, certSerialId: null}, Type:RATIS, Factor:THREE, State:CLOSED]
2019-08-18 03:31:03,432 INFO  pipeline.SCMPipelineManager (SCMPipelineManager.java:finalizeAndDestroyPipeline(309)) - destroying pipeline:Pipeline[ Id: d7ec1348-3ecd-4505-922b-97770003885c, Nodes: 18ecf6ef-f37f-416b-84f4-1f5a860991da{ip: 192.168.69.121, host: byscane-nightly-jvqb9-734128259, networkLocation: /default-rack, certSerialId: null}, Type:RATIS, Factor:ONE, State:OPEN]
2019-08-18 03:31:03,432 INFO  pipeline.PipelineStateManager (PipelineStateManager.java:finalizePipeline(123)) - Pipeline Pipeline[ Id: d7ec1348-3ecd-4505-922b-97770003885c, Nodes: 18ecf6ef-f37f-416b-84f4-1f5a860991da{ip: 192.168.69.121, host: byscane-nightly-jvqb9-734128259, networkLocation: /default-rack, certSerialId: null}, Type:RATIS, Factor:ONE, State:CLOSED] moved to CLOSED state
2019-08-18 03:31:03,436 WARN  server.GrpcLogAppender (LogUtils.java:warn(134)) - 18ecf6ef-f37f-416b-84f4-1f5a860991da->b5ebf1d2-50b1-44fd-809a-910fb604fdc3: Failed appendEntries: org.apache.ratis.thirdparty.io.grpc.StatusRuntimeException: UNAVAILABLE: io exception
2019-08-18 03:31:03,436 INFO  impl.FollowerInfo (FollowerInfo.java:lambda$new$0(50)) - 18ecf6ef-f37f-416b-84f4-1f5a860991da->b5ebf1d2-50b1-44fd-809a-910fb604fdc3: nextIndex: updateUnconditionally 0 -> 0
2019-08-18 03:31:04,132 INFO  node.StaleNodeHandler (StaleNodeHandler.java:onMessage(58)) - Datanode 9278e409-f4e1-4cb1-9539-38fd79302033{ip: 192.168.69.121, host: byscane-nightly-jvqb9-734128259, networkLocation: /default-rack, certSerialId: null} moved to stale state. Finalizing its pipelines [PipelineID=0f2428ab-ccc8-44e3-8d42-ed751ad489e6, PipelineID=3ead9bcd-c2c6-4d79-afa0-9f3960ac7324]
2019-08-18 03:31:04,132 INFO  pipeline.SCMPipelineManager (SCMPipelineManager.java:finalizeAndDestroyPipeline(309)) - destroying pipeline:Pipeline[ Id: 0f2428ab-ccc8-44e3-8d42-ed751ad489e6, Nodes: 15ed8384-c868-4ea0-ba4a-9269eb510e43{ip: 192.168.69.121, host: byscane-nightly-jvqb9-734128259, networkLocation: /default-rack, certSerialId: null}9278e409-f4e1-4cb1-9539-38fd79302033{ip: 192.168.69.121, host: byscane-nightly-jvqb9-734128259, networkLocation: /default-rack, certSerialId: null}21fb6f03-9348-41f1-8a24-77c54b6d0f63{ip: 192.168.69.121, host: byscane-nightly-jvqb9-734128259, networkLocation: /default-rack, certSerialId: null}, Type:RATIS, Factor:THREE, State:OPEN]
2019-08-18 03:31:04,132 INFO  pipeline.PipelineStateManager (PipelineStateManager.java:finalizePipeline(123)) - Pipeline Pipeline[ Id: 0f2428ab-ccc8-44e3-8d42-ed751ad489e6, Nodes: 15ed8384-c868-4ea0-ba4a-9269eb510e43{ip: 192.168.69.121, host: byscane-nightly-jvqb9-734128259, networkLocation: /default-rack, certSerialId: null}9278e409-f4e1-4cb1-9539-38fd79302033{ip: 192.168.69.121, host: byscane-nightly-jvqb9-734128259, networkLocation: /default-rack, certSerialId: null}21fb6f03-9348-41f1-8a24-77c54b6d0f63{ip: 192.168.69.121, host: byscane-nightly-jvqb9-734128259, networkLocation: /default-rack, certSerialId: null}, Type:RATIS, Factor:THREE, State:CLOSED] moved to CLOSED state
2019-08-18 03:31:04,133 INFO  container.CloseContainerEventHandler (CloseContainerEventHandler.java:onMessage(61)) - Close container Event triggered for container : #2
2019-08-18 03:31:04,133 INFO  pipeline.SCMPipelineManager (SCMPipelineManager.java:finalizeAndDestroyPipeline(309)) - destroying pipeline:Pipeline[ Id: 3ead9bcd-c2c6-4d79-afa0-9f3960ac7324, Nodes: 9278e409-f4e1-4cb1-9539-38fd79302033{ip: 192.168.69.121, host: byscane-nightly-jvqb9-734128259, networkLocation: /default-rack, certSerialId: null}, Type:RATIS, Factor:ONE, State:OPEN]
2019-08-18 03:31:04,133 INFO  pipeline.PipelineStateManager (PipelineStateManager.java:finalizePipeline(123)) - Pipeline Pipeline[ Id: 3ead9bcd-c2c6-4d79-afa0-9f3960ac7324, Nodes: 9278e409-f4e1-4cb1-9539-38fd79302033{ip: 192.168.69.121, host: byscane-nightly-jvqb9-734128259, networkLocation: /default-rack, certSerialId: null}, Type:RATIS, Factor:ONE, State:CLOSED] moved to CLOSED state
2019-08-18 03:31:04,381 INFO  ozoneimpl.OzoneContainer (OzoneContainer.java:stop(199)) - Attempting to stop container services.
2019-08-18 03:31:04,381 INFO  ozoneimpl.OzoneContainer (OzoneContainer.java:stop(199)) - Attempting to stop container services.
2019-08-18 03:31:04,382 INFO  impl.RaftServerProxy (RaftServerProxy.java:lambda$close$4(314)) - 18ecf6ef-f37f-416b-84f4-1f5a860991da: close
2019-08-18 03:31:04,382 INFO  impl.RaftServerProxy (RaftServerProxy.java:lambda$close$4(314)) - 9278e409-f4e1-4cb1-9539-38fd79302033: close
2019-08-18 03:31:04,383 INFO  impl.RaftServerImpl (RaftServerImpl.java:lambda$shutdown$3(245)) - 18ecf6ef-f37f-416b-84f4-1f5a860991da: shutdown group-E316804E628A
2019-08-18 03:31:04,383 INFO  impl.RaftServerImpl (RaftServerImpl.java:lambda$shutdown$3(245)) - 9278e409-f4e1-4cb1-9539-38fd79302033: shutdown group-ED751AD489E6
2019-08-18 03:31:04,383 INFO  util.JmxRegister (JmxRegister.java:unregister(73)) - Successfully un-registered JMX Bean with object name Ratis:service=RaftServer,group=group-E316804E628A,id=18ecf6ef-f37f-416b-84f4-1f5a860991da
2019-08-18 03:31:04,390 INFO  util.JmxRegister (JmxRegister.java:unregister(73)) - Successfully un-registered JMX Bean with object name Ratis:service=RaftServer,group=group-ED751AD489E6,id=9278e409-f4e1-4cb1-9539-38fd79302033
2019-08-18 03:31:04,390 INFO  impl.RoleInfo (RoleInfo.java:shutdownLeaderState(104)) - 18ecf6ef-f37f-416b-84f4-1f5a860991da: shutdown LeaderState
2019-08-18 03:31:04,391 INFO  impl.RoleInfo (RoleInfo.java:shutdownLeaderState(104)) - 9278e409-f4e1-4cb1-9539-38fd79302033: shutdown LeaderState
2019-08-18 03:31:04,396 WARN  server.GrpcLogAppender (GrpcLogAppender.java:mayWait(143)) - GrpcLogAppender(18ecf6ef-f37f-416b-84f4-1f5a860991da->14a95ce3-2ce8-42f0-83d3-2c800e36461d): Wait interrupted by java.lang.InterruptedException
2019-08-18 03:31:04,396 WARN  server.GrpcLogAppender (GrpcLogAppender.java:mayWait(143)) - GrpcLogAppender(18ecf6ef-f37f-416b-84f4-1f5a860991da->b5ebf1d2-50b1-44fd-809a-910fb604fdc3): Wait interrupted by java.lang.InterruptedException
2019-08-18 03:31:04,396 INFO  impl.PendingRequests (PendingRequests.java:sendNotLeaderResponses(202)) - 18ecf6ef-f37f-416b-84f4-1f5a860991da-PendingRequests: sendNotLeaderResponses
2019-08-18 03:31:04,401 INFO  server.GrpcServerProtocolService (GrpcServerProtocolService.java:onCompleted(104)) - 14a95ce3-2ce8-42f0-83d3-2c800e36461d: appendEntries completed
2019-08-18 03:31:04,400 WARN  server.GrpcLogAppender (GrpcLogAppender.java:mayWait(143)) - GrpcLogAppender(9278e409-f4e1-4cb1-9539-38fd79302033->21fb6f03-9348-41f1-8a24-77c54b6d0f63): Wait interrupted by java.lang.InterruptedException
2019-08-18 03:31:04,403 INFO  impl.StateMachineUpdater (StateMachineUpdater.java:stopAndJoin(115)) - StateMachineUpdater:18ecf6ef-f37f-416b-84f4-1f5a860991da:group-E316804E628A: set stopIndex = 16
2019-08-18 03:31:04,400 WARN  server.GrpcLogAppender (GrpcLogAppender.java:mayWait(143)) - GrpcLogAppender(9278e409-f4e1-4cb1-9539-38fd79302033->15ed8384-c868-4ea0-ba4a-9269eb510e43): Wait interrupted by java.lang.InterruptedException
2019-08-18 03:31:04,404 INFO  server.GrpcServerProtocolService (GrpcServerProtocolService.java:onCompleted(104)) - 21fb6f03-9348-41f1-8a24-77c54b6d0f63: appendEntries completed
2019-08-18 03:31:04,400 INFO  impl.PendingRequests (PendingRequests.java:sendNotLeaderResponses(202)) - 9278e409-f4e1-4cb1-9539-38fd79302033-PendingRequests: sendNotLeaderResponses
2019-08-18 03:31:04,405 INFO  server.GrpcLogAppender (GrpcLogAppender.java:onCompleted(292)) - 9278e409-f4e1-4cb1-9539-38fd79302033->21fb6f03-9348-41f1-8a24-77c54b6d0f63: follower responses appendEntries COMPLETED
2019-08-18 03:31:04,404 INFO  server.GrpcServerProtocolService (GrpcServerProtocolService.java:onCompleted(104)) - 15ed8384-c868-4ea0-ba4a-9269eb510e43: appendEntries completed
2019-08-18 03:31:04,409 INFO  impl.FollowerInfo (FollowerInfo.java:lambda$new$0(50)) - 9278e409-f4e1-4cb1-9539-38fd79302033->21fb6f03-9348-41f1-8a24-77c54b6d0f63: nextIndex: updateUnconditionally 16 -> 15
2019-08-18 03:31:04,404 INFO  server.GrpcLogAppender (GrpcLogAppender.java:onCompleted(292)) - 18ecf6ef-f37f-416b-84f4-1f5a860991da->14a95ce3-2ce8-42f0-83d3-2c800e36461d: follower responses appendEntries COMPLETED
2019-08-18 03:31:04,404 INFO  ratis.ContainerStateMachine (ContainerStateMachine.java:takeSnapshot(262)) - group-E316804E628A: Taking a snapshot at:(t:1, i:12) file /workdir/hadoop-ozone/integration-test/target/test-dir/MiniOzoneClusterImpl-9099f0a0-2df3-4059-97d9-a1f48415580d/datanode-4/data/ratis/27975262-0b23-4271-8341-e316804e628a/sm/snapshot.1_12
2019-08-18 03:31:04,409 INFO  server.GrpcLogAppender (GrpcLogAppender.java:onCompleted(292)) - 9278e409-f4e1-4cb1-9539-38fd79302033->15ed8384-c868-4ea0-ba4a-9269eb510e43: follower responses appendEntries COMPLETED
2019-08-18 03:31:04,409 INFO  ratis.ContainerStateMachine (ContainerStateMachine.java:takeSnapshot(262)) - group-ED751AD489E6: Taking a snapshot at:(t:1, i:13) file /workdir/hadoop-ozone/integration-test/target/test-dir/MiniOzoneClusterImpl-9099f0a0-2df3-4059-97d9-a1f48415580d/datanode-1/data/ratis/0f2428ab-ccc8-44e3-8d42-ed751ad489e6/sm/snapshot.1_13
2019-08-18 03:31:04,409 INFO  impl.StateMachineUpdater (StateMachineUpdater.java:stopAndJoin(115)) - StateMachineUpdater:9278e409-f4e1-4cb1-9539-38fd79302033:group-ED751AD489E6: set stopIndex = 15
2019-08-18 03:31:04,410 INFO  impl.FollowerInfo (FollowerInfo.java:lambda$new$0(50)) - 9278e409-f4e1-4cb1-9539-38fd79302033->15ed8384-c868-4ea0-ba4a-9269eb510e43: nextIndex: updateUnconditionally 16 -> 15
2019-08-18 03:31:04,410 INFO  impl.FollowerInfo (FollowerInfo.java:lambda$new$0(50)) - 18ecf6ef-f37f-416b-84f4-1f5a860991da->14a95ce3-2ce8-42f0-83d3-2c800e36461d: nextIndex: updateUnconditionally 17 -> 16
2019-08-18 03:31:04,424 INFO  ratis.ContainerStateMachine (ContainerStateMachine.java:takeSnapshot(273)) - group-E316804E628A: Finished taking a snapshot at:(t:1, i:12) file:/workdir/hadoop-ozone/integration-test/target/test-dir/MiniOzoneClusterImpl-9099f0a0-2df3-4059-97d9-a1f48415580d/datanode-4/data/ratis/27975262-0b23-4271-8341-e316804e628a/sm/snapshot.1_12 time:20
2019-08-18 03:31:04,424 INFO  ratis.ContainerStateMachine (ContainerStateMachine.java:takeSnapshot(273)) - group-ED751AD489E6: Finished taking a snapshot at:(t:1, i:13) file:/workdir/hadoop-ozone/integration-test/target/test-dir/MiniOzoneClusterImpl-9099f0a0-2df3-4059-97d9-a1f48415580d/datanode-1/data/ratis/0f2428ab-ccc8-44e3-8d42-ed751ad489e6/sm/snapshot.1_13 time:14
2019-08-18 03:31:04,424 INFO  impl.StateMachineUpdater (StateMachineUpdater.java:takeSnapshot(242)) - StateMachineUpdater:9278e409-f4e1-4cb1-9539-38fd79302033:group-ED751AD489E6: Took a snapshot at index 13
2019-08-18 03:31:04,424 INFO  impl.StateMachineUpdater (StateMachineUpdater.java:takeSnapshot(242)) - StateMachineUpdater:18ecf6ef-f37f-416b-84f4-1f5a860991da:group-E316804E628A: Took a snapshot at index 12
2019-08-18 03:31:04,424 INFO  impl.StateMachineUpdater (StateMachineUpdater.java:lambda$new$0(80)) - StateMachineUpdater:9278e409-f4e1-4cb1-9539-38fd79302033:group-ED751AD489E6: snapshotIndex: updateIncreasingly -1 -> 13
2019-08-18 03:31:04,424 INFO  impl.StateMachineUpdater (StateMachineUpdater.java:lambda$new$0(80)) - StateMachineUpdater:18ecf6ef-f37f-416b-84f4-1f5a860991da:group-E316804E628A: snapshotIndex: updateIncreasingly -1 -> 12
2019-08-18 03:31:04,425 INFO  impl.RaftServerImpl (ServerState.java:close(394)) - 9278e409-f4e1-4cb1-9539-38fd79302033:group-ED751AD489E6 closes. The last applied log index is 15
2019-08-18 03:31:04,425 INFO  impl.RaftServerImpl (ServerState.java:close(394)) - 18ecf6ef-f37f-416b-84f4-1f5a860991da:group-E316804E628A closes. The last applied log index is 16
2019-08-18 03:31:04,425 INFO  segmented.SegmentedRaftLogWorker (SegmentedRaftLogWorker.java:run(313)) - 9278e409-f4e1-4cb1-9539-38fd79302033-SegmentedRaftLogWorker:Storage Directory /workdir/hadoop-ozone/integration-test/target/test-dir/MiniOzoneClusterImpl-9099f0a0-2df3-4059-97d9-a1f48415580d/datanode-1/data/ratis/0f2428ab-ccc8-44e3-8d42-ed751ad489e6 was interrupted, exiting. There are 0 tasks remaining in the queue.
2019-08-18 03:31:04,426 INFO  segmented.SegmentedRaftLogWorker (SegmentedRaftLogWorker.java:run(313)) - 18ecf6ef-f37f-416b-84f4-1f5a860991da-SegmentedRaftLogWorker:Storage Directory /workdir/hadoop-ozone/integration-test/target/test-dir/MiniOzoneClusterImpl-9099f0a0-2df3-4059-97d9-a1f48415580d/datanode-4/data/ratis/27975262-0b23-4271-8341-e316804e628a was interrupted, exiting. There are 0 tasks remaining in the queue.
2019-08-18 03:31:04,430 INFO  segmented.SegmentedRaftLogWorker (SegmentedRaftLogWorker.java:close(228)) - 18ecf6ef-f37f-416b-84f4-1f5a860991da-SegmentedRaftLogWorker:Storage Directory /workdir/hadoop-ozone/integration-test/target/test-dir/MiniOzoneClusterImpl-9099f0a0-2df3-4059-97d9-a1f48415580d/datanode-4/data/ratis/27975262-0b23-4271-8341-e316804e628a close()
2019-08-18 03:31:04,430 INFO  segmented.SegmentedRaftLogWorker (SegmentedRaftLogWorker.java:close(228)) - 9278e409-f4e1-4cb1-9539-38fd79302033-SegmentedRaftLogWorker:Storage Directory /workdir/hadoop-ozone/integration-test/target/test-dir/MiniOzoneClusterImpl-9099f0a0-2df3-4059-97d9-a1f48415580d/datanode-1/data/ratis/0f2428ab-ccc8-44e3-8d42-ed751ad489e6 close()
2019-08-18 03:31:04,435 INFO  impl.RaftServerImpl (RaftServerImpl.java:lambda$shutdown$3(245)) - 18ecf6ef-f37f-416b-84f4-1f5a860991da: shutdown group-97770003885C
2019-08-18 03:31:04,439 INFO  impl.RaftServerImpl (RaftServerImpl.java:lambda$shutdown$3(245)) - 9278e409-f4e1-4cb1-9539-38fd79302033: shutdown group-9F3960AC7324
2019-08-18 03:31:04,440 INFO  util.JmxRegister (JmxRegister.java:unregister(73)) - Successfully un-registered JMX Bean with object name Ratis:service=RaftServer,group=group-97770003885C,id=18ecf6ef-f37f-416b-84f4-1f5a860991da
2019-08-18 03:31:04,440 INFO  util.JmxRegister (JmxRegister.java:unregister(73)) - Successfully un-registered JMX Bean with object name Ratis:service=RaftServer,group=group-9F3960AC7324,id=9278e409-f4e1-4cb1-9539-38fd79302033
2019-08-18 03:31:04,440 INFO  impl.RoleInfo (RoleInfo.java:shutdownLeaderState(104)) - 18ecf6ef-f37f-416b-84f4-1f5a860991da: shutdown LeaderState
2019-08-18 03:31:04,441 INFO  impl.RoleInfo (RoleInfo.java:shutdownLeaderState(104)) - 9278e409-f4e1-4cb1-9539-38fd79302033: shutdown LeaderState
2019-08-18 03:31:04,441 INFO  impl.PendingRequests (PendingRequests.java:sendNotLeaderResponses(202)) - 18ecf6ef-f37f-416b-84f4-1f5a860991da-PendingRequests: sendNotLeaderResponses
2019-08-18 03:31:04,441 INFO  impl.PendingRequests (PendingRequests.java:sendNotLeaderResponses(202)) - 9278e409-f4e1-4cb1-9539-38fd79302033-PendingRequests: sendNotLeaderResponses
2019-08-18 03:31:04,442 INFO  impl.StateMachineUpdater (StateMachineUpdater.java:stopAndJoin(115)) - StateMachineUpdater:18ecf6ef-f37f-416b-84f4-1f5a860991da:group-97770003885C: set stopIndex = 0
2019-08-18 03:31:04,442 INFO  impl.StateMachineUpdater (StateMachineUpdater.java:stopAndJoin(115)) - StateMachineUpdater:9278e409-f4e1-4cb1-9539-38fd79302033:group-9F3960AC7324: set stopIndex = 0
2019-08-18 03:31:04,442 INFO  impl.RaftServerImpl (ServerState.java:close(394)) - 18ecf6ef-f37f-416b-84f4-1f5a860991da:group-97770003885C closes. The last applied log index is 0
2019-08-18 03:31:04,443 INFO  impl.RaftServerImpl (ServerState.java:close(394)) - 9278e409-f4e1-4cb1-9539-38fd79302033:group-9F3960AC7324 closes. The last applied log index is 0
2019-08-18 03:31:04,443 INFO  segmented.SegmentedRaftLogWorker (SegmentedRaftLogWorker.java:run(313)) - 18ecf6ef-f37f-416b-84f4-1f5a860991da-SegmentedRaftLogWorker:Storage Directory /workdir/hadoop-ozone/integration-test/target/test-dir/MiniOzoneClusterImpl-9099f0a0-2df3-4059-97d9-a1f48415580d/datanode-4/data/ratis/d7ec1348-3ecd-4505-922b-97770003885c was interrupted, exiting. There are 0 tasks remaining in the queue.
2019-08-18 03:31:04,443 INFO  segmented.SegmentedRaftLogWorker (SegmentedRaftLogWorker.java:run(313)) - 9278e409-f4e1-4cb1-9539-38fd79302033-SegmentedRaftLogWorker:Storage Directory /workdir/hadoop-ozone/integration-test/target/test-dir/MiniOzoneClusterImpl-9099f0a0-2df3-4059-97d9-a1f48415580d/datanode-1/data/ratis/3ead9bcd-c2c6-4d79-afa0-9f3960ac7324 was interrupted, exiting. There are 0 tasks remaining in the queue.
2019-08-18 03:31:04,446 INFO  segmented.SegmentedRaftLogWorker (SegmentedRaftLogWorker.java:close(228)) - 18ecf6ef-f37f-416b-84f4-1f5a860991da-SegmentedRaftLogWorker:Storage Directory /workdir/hadoop-ozone/integration-test/target/test-dir/MiniOzoneClusterImpl-9099f0a0-2df3-4059-97d9-a1f48415580d/datanode-4/data/ratis/d7ec1348-3ecd-4505-922b-97770003885c close()
2019-08-18 03:31:04,448 INFO  segmented.SegmentedRaftLogWorker (SegmentedRaftLogWorker.java:close(228)) - 9278e409-f4e1-4cb1-9539-38fd79302033-SegmentedRaftLogWorker:Storage Directory /workdir/hadoop-ozone/integration-test/target/test-dir/MiniOzoneClusterImpl-9099f0a0-2df3-4059-97d9-a1f48415580d/datanode-1/data/ratis/3ead9bcd-c2c6-4d79-afa0-9f3960ac7324 close()
2019-08-18 03:31:04,452 INFO  server.GrpcService (GrpcService.java:closeImpl(155)) - 18ecf6ef-f37f-416b-84f4-1f5a860991da: shutdown server with port 42653 now
2019-08-18 03:31:04,456 INFO  server.GrpcService (GrpcService.java:closeImpl(155)) - 9278e409-f4e1-4cb1-9539-38fd79302033: shutdown server with port 37289 now
2019-08-18 03:31:04,457 INFO  server.GrpcService (GrpcService.java:closeImpl(163)) - 18ecf6ef-f37f-416b-84f4-1f5a860991da: shutdown server with port 42653 successfully
2019-08-18 03:31:04,457 WARN  client.GrpcClientProtocolService (LogUtils.java:warn(134)) - 1-UnorderedRequestStreamObserver1: onError: org.apache.ratis.thirdparty.io.grpc.StatusRuntimeException: CANCELLED: cancelled before receiving half close
2019-08-18 03:31:04,457 INFO  server.GrpcService (GrpcService.java:closeImpl(163)) - 9278e409-f4e1-4cb1-9539-38fd79302033: shutdown server with port 37289 successfully
2019-08-18 03:31:04,459 INFO  utils.BackgroundService (BackgroundService.java:shutdown(148)) - Shutting down service BlockDeletingService
2019-08-18 03:31:04,461 INFO  utils.BackgroundService (BackgroundService.java:shutdown(148)) - Shutting down service BlockDeletingService
2019-08-18 03:31:04,462 WARN  fs.CachingGetSpaceUsed (CachingGetSpaceUsed.java:run(183)) - Thread Interrupted waiting to refresh disk information: sleep interrupted
2019-08-18 03:31:04,463 WARN  fs.CachingGetSpaceUsed (CachingGetSpaceUsed.java:run(183)) - Thread Interrupted waiting to refresh disk information: sleep interrupted
2019-08-18 03:31:04,498 INFO  statemachine.DatanodeStateMachine (DatanodeStateMachine.java:stopDaemon(395)) - Ozone container server stopped.
2019-08-18 03:31:04,499 INFO  statemachine.DatanodeStateMachine (DatanodeStateMachine.java:stopDaemon(395)) - Ozone container server stopped.
2019-08-18 03:31:04,506 INFO  handler.ContextHandler (ContextHandler.java:doStop(910)) - Stopped o.e.j.w.WebAppContext@6441da2c{/,null,UNAVAILABLE}{/hddsDatanode}
2019-08-18 03:31:04,506 INFO  handler.ContextHandler (ContextHandler.java:doStop(910)) - Stopped o.e.j.w.WebAppContext@1a983294{/,null,UNAVAILABLE}{/hddsDatanode}
2019-08-18 03:31:04,506 INFO  server.AbstractConnector (AbstractConnector.java:doStop(318)) - Stopped ServerConnector@61b11d35{HTTP/1.1,[http/1.1]}{0.0.0.0:0}
2019-08-18 03:31:04,507 INFO  server.AbstractConnector (AbstractConnector.java:doStop(318)) - Stopped ServerConnector@209ab1d7{HTTP/1.1,[http/1.1]}{0.0.0.0:0}
2019-08-18 03:31:04,508 INFO  handler.ContextHandler (ContextHandler.java:doStop(910)) - Stopped o.e.j.s.ServletContextHandler@11eb8842{/static,jar:file:/home/user/.m2/repository/org/apache/hadoop/hadoop-hdds-container-service/0.4.1-SNAPSHOT/hadoop-hdds-container-service-0.4.1-SNAPSHOT.jar!/webapps/static,UNAVAILABLE}
2019-08-18 03:31:04,509 INFO  handler.ContextHandler (ContextHandler.java:doStop(910)) - Stopped o.e.j.s.ServletContextHandler@688e6d4e{/static,jar:file:/home/user/.m2/repository/org/apache/hadoop/hadoop-hdds-container-service/0.4.1-SNAPSHOT/hadoop-hdds-container-service-0.4.1-SNAPSHOT.jar!/webapps/static,UNAVAILABLE}
2019-08-18 03:31:04,511 INFO  handler.ContextHandler (ContextHandler.java:doStop(910)) - Stopped o.e.j.s.ServletContextHandler@34714012{/logs,file:///workdir/hadoop-ozone/integration-test/target/log,UNAVAILABLE}
2019-08-18 03:31:04,511 INFO  handler.ContextHandler (ContextHandler.java:doStop(910)) - Stopped o.e.j.s.ServletContextHandler@4dbeae45{/logs,file:///workdir/hadoop-ozone/integration-test/target/log,UNAVAILABLE}
2019-08-18 03:31:04,512 INFO  datanode.ObjectStoreHandler (ObjectStoreHandler.java:close(155)) - Closing ObjectStoreHandler.
2019-08-18 03:31:04,512 INFO  ozone.HddsDatanodeService (HddsDatanodeService.java:stop(451)) - Stopped plug-in org.apache.hadoop.ozone.web.OzoneHddsDatanodeService@4eb43d2f
2019-08-18 03:31:04,513 INFO  datanode.ObjectStoreHandler (ObjectStoreHandler.java:close(155)) - Closing ObjectStoreHandler.
2019-08-18 03:31:04,513 INFO  ozone.HddsDatanodeService (HddsDatanodeService.java:stop(451)) - Stopped plug-in org.apache.hadoop.ozone.web.OzoneHddsDatanodeService@1c0f32ad
2019-08-18 03:31:05,108 INFO  statemachine.DatanodeStateMachine (DatanodeStateMachine.java:lambda$startDaemon$0(350)) - Ozone container server started.
2019-08-18 03:31:05,417 INFO  statemachine.DatanodeStateMachine (DatanodeStateMachine.java:lambda$startDaemon$0(350)) - Ozone container server started.
2019-08-18 03:31:08,490 INFO  impl.FollowerState (FollowerState.java:run(106)) - 14a95ce3-2ce8-42f0-83d3-2c800e36461d:group-E316804E628A changes to CANDIDATE, lastRpcTime:5054, electionTimeout:5019ms
2019-08-18 03:31:08,490 INFO  impl.RoleInfo (RoleInfo.java:shutdownFollowerState(121)) - 14a95ce3-2ce8-42f0-83d3-2c800e36461d: shutdown FollowerState
2019-08-18 03:31:08,490 INFO  impl.RaftServerImpl (RaftServerImpl.java:setRole(171)) - 14a95ce3-2ce8-42f0-83d3-2c800e36461d:group-E316804E628A changes role from FOLLOWER to CANDIDATE at term 2 for changeToCandidate
2019-08-18 03:31:08,490 INFO  impl.RoleInfo (RoleInfo.java:updateAndGet(143)) - 14a95ce3-2ce8-42f0-83d3-2c800e36461d: start LeaderElection
2019-08-18 03:31:08,494 INFO  impl.RaftServerImpl (ServerState.java:setLeader(263)) - 14a95ce3-2ce8-42f0-83d3-2c800e36461d:group-E316804E628A change Leader from 18ecf6ef-f37f-416b-84f4-1f5a860991da to null at term 2 for initElection
2019-08-18 03:31:08,508 INFO  impl.LeaderElection (LeaderElection.java:askForVotes(181)) - 14a95ce3-2ce8-42f0-83d3-2c800e36461d:group-E316804E628A:LeaderElection76: begin an election at term 3 for 15: [14a95ce3-2ce8-42f0-83d3-2c800e36461d:192.168.69.121:39595, 18ecf6ef-f37f-416b-84f4-1f5a860991da:192.168.69.121:42653, b5ebf1d2-50b1-44fd-809a-910fb604fdc3:192.168.69.121:42687], old=null
2019-08-18 03:31:08,511 INFO  impl.LeaderElection (LogUtils.java:infoOrTrace(149)) - 14a95ce3-2ce8-42f0-83d3-2c800e36461d:group-E316804E628A:LeaderElection76 got exception when requesting votes: {}
java.util.concurrent.ExecutionException: org.apache.ratis.thirdparty.io.grpc.StatusRuntimeException: UNAVAILABLE: io exception
	at java.util.concurrent.FutureTask.report(FutureTask.java:122)
	at java.util.concurrent.FutureTask.get(FutureTask.java:192)
	at org.apache.ratis.server.impl.LeaderElection.waitForResults(LeaderElection.java:262)
	at org.apache.ratis.server.impl.LeaderElection.askForVotes(LeaderElection.java:200)
	at org.apache.ratis.server.impl.LeaderElection.run(LeaderElection.java:130)
	at java.lang.Thread.run(Thread.java:748)
Caused by: org.apache.ratis.thirdparty.io.grpc.StatusRuntimeException: UNAVAILABLE: io exception
	at org.apache.ratis.thirdparty.io.grpc.stub.ClientCalls.toStatusRuntimeException(ClientCalls.java:233)
	at org.apache.ratis.thirdparty.io.grpc.stub.ClientCalls.getUnchecked(ClientCalls.java:214)
	at org.apache.ratis.thirdparty.io.grpc.stub.ClientCalls.blockingUnaryCall(ClientCalls.java:139)
	at org.apache.ratis.proto.grpc.RaftServerProtocolServiceGrpc$RaftServerProtocolServiceBlockingStub.requestVote(RaftServerProtocolServiceGrpc.java:265)
	at org.apache.ratis.grpc.server.GrpcServerProtocolClient.requestVote(GrpcServerProtocolClient.java:83)
	at org.apache.ratis.grpc.server.GrpcService.requestVote(GrpcService.java:195)
	at org.apache.ratis.server.impl.LeaderElection.lambda$submitRequests$1(LeaderElection.java:237)
	at java.util.concurrent.FutureTask.run(FutureTask.java:266)
	at java.util.concurrent.Executors$RunnableAdapter.call(Executors.java:511)
	at java.util.concurrent.FutureTask.run(FutureTask.java:266)
	at java.util.concurrent.ThreadPoolExecutor.runWorker(ThreadPoolExecutor.java:1149)
	at java.util.concurrent.ThreadPoolExecutor$Worker.run(ThreadPoolExecutor.java:624)
	... 1 more
Caused by: org.apache.ratis.thirdparty.io.netty.channel.AbstractChannel$AnnotatedConnectException: Connection refused: /192.168.69.121:42687
	at sun.nio.ch.SocketChannelImpl.checkConnect(Native Method)
	at sun.nio.ch.SocketChannelImpl.finishConnect(SocketChannelImpl.java:717)
	at org.apache.ratis.thirdparty.io.netty.channel.socket.nio.NioSocketChannel.doFinishConnect(NioSocketChannel.java:327)
	at org.apache.ratis.thirdparty.io.netty.channel.nio.AbstractNioChannel$AbstractNioUnsafe.finishConnect(AbstractNioChannel.java:340)
	at org.apache.ratis.thirdparty.io.netty.channel.nio.NioEventLoop.processSelectedKey(NioEventLoop.java:632)
	at org.apache.ratis.thirdparty.io.netty.channel.nio.NioEventLoop.processSelectedKeysOptimized(NioEventLoop.java:579)
	at org.apache.ratis.thirdparty.io.netty.channel.nio.NioEventLoop.processSelectedKeys(NioEventLoop.java:496)
	at org.apache.ratis.thirdparty.io.netty.channel.nio.NioEventLoop.run(NioEventLoop.java:458)
	at org.apache.ratis.thirdparty.io.netty.util.concurrent.SingleThreadEventExecutor$5.run(SingleThreadEventExecutor.java:897)
	at org.apache.ratis.thirdparty.io.netty.util.concurrent.FastThreadLocalRunnable.run(FastThreadLocalRunnable.java:30)
	... 1 more
Caused by: java.net.ConnectException: Connection refused
	... 11 more
2019-08-18 03:31:08,514 INFO  impl.LeaderElection (LogUtils.java:infoOrTrace(149)) - 14a95ce3-2ce8-42f0-83d3-2c800e36461d:group-E316804E628A:LeaderElection76 got exception when requesting votes: {}
java.util.concurrent.ExecutionException: org.apache.ratis.thirdparty.io.grpc.StatusRuntimeException: UNAVAILABLE: io exception
	at java.util.concurrent.FutureTask.report(FutureTask.java:122)
	at java.util.concurrent.FutureTask.get(FutureTask.java:192)
	at org.apache.ratis.server.impl.LeaderElection.waitForResults(LeaderElection.java:262)
	at org.apache.ratis.server.impl.LeaderElection.askForVotes(LeaderElection.java:200)
	at org.apache.ratis.server.impl.LeaderElection.run(LeaderElection.java:130)
	at java.lang.Thread.run(Thread.java:748)
Caused by: org.apache.ratis.thirdparty.io.grpc.StatusRuntimeException: UNAVAILABLE: io exception
	at org.apache.ratis.thirdparty.io.grpc.stub.ClientCalls.toStatusRuntimeException(ClientCalls.java:233)
	at org.apache.ratis.thirdparty.io.grpc.stub.ClientCalls.getUnchecked(ClientCalls.java:214)
	at org.apache.ratis.thirdparty.io.grpc.stub.ClientCalls.blockingUnaryCall(ClientCalls.java:139)
	at org.apache.ratis.proto.grpc.RaftServerProtocolServiceGrpc$RaftServerProtocolServiceBlockingStub.requestVote(RaftServerProtocolServiceGrpc.java:265)
	at org.apache.ratis.grpc.server.GrpcServerProtocolClient.requestVote(GrpcServerProtocolClient.java:83)
	at org.apache.ratis.grpc.server.GrpcService.requestVote(GrpcService.java:195)
	at org.apache.ratis.server.impl.LeaderElection.lambda$submitRequests$1(LeaderElection.java:237)
	at java.util.concurrent.FutureTask.run(FutureTask.java:266)
	at java.util.concurrent.Executors$RunnableAdapter.call(Executors.java:511)
	at java.util.concurrent.FutureTask.run(FutureTask.java:266)
	at java.util.concurrent.ThreadPoolExecutor.runWorker(ThreadPoolExecutor.java:1149)
	at java.util.concurrent.ThreadPoolExecutor$Worker.run(ThreadPoolExecutor.java:624)
	... 1 more
Caused by: org.apache.ratis.thirdparty.io.netty.channel.AbstractChannel$AnnotatedConnectException: Connection refused: /192.168.69.121:42653
	at sun.nio.ch.SocketChannelImpl.checkConnect(Native Method)
	at sun.nio.ch.SocketChannelImpl.finishConnect(SocketChannelImpl.java:717)
	at org.apache.ratis.thirdparty.io.netty.channel.socket.nio.NioSocketChannel.doFinishConnect(NioSocketChannel.java:327)
	at org.apache.ratis.thirdparty.io.netty.channel.nio.AbstractNioChannel$AbstractNioUnsafe.finishConnect(AbstractNioChannel.java:340)
	at org.apache.ratis.thirdparty.io.netty.channel.nio.NioEventLoop.processSelectedKey(NioEventLoop.java:632)
	at org.apache.ratis.thirdparty.io.netty.channel.nio.NioEventLoop.processSelectedKeysOptimized(NioEventLoop.java:579)
	at org.apache.ratis.thirdparty.io.netty.channel.nio.NioEventLoop.processSelectedKeys(NioEventLoop.java:496)
	at org.apache.ratis.thirdparty.io.netty.channel.nio.NioEventLoop.run(NioEventLoop.java:458)
	at org.apache.ratis.thirdparty.io.netty.util.concurrent.SingleThreadEventExecutor$5.run(SingleThreadEventExecutor.java:897)
	at org.apache.ratis.thirdparty.io.netty.util.concurrent.FastThreadLocalRunnable.run(FastThreadLocalRunnable.java:30)
	... 1 more
Caused by: java.net.ConnectException: Connection refused
	... 11 more
2019-08-18 03:31:08,516 INFO  impl.LeaderElection (LeaderElection.java:logAndReturn(56)) - 14a95ce3-2ce8-42f0-83d3-2c800e36461d:group-E316804E628A:LeaderElection76: Election REJECTED; received 0 response(s) [] and 2 exception(s); 14a95ce3-2ce8-42f0-83d3-2c800e36461d:t3, leader=null, voted=14a95ce3-2ce8-42f0-83d3-2c800e36461d, raftlog=14a95ce3-2ce8-42f0-83d3-2c800e36461d-SegmentedRaftLog:OPENED:c16,f16,i16, conf=15: [14a95ce3-2ce8-42f0-83d3-2c800e36461d:192.168.69.121:39595, 18ecf6ef-f37f-416b-84f4-1f5a860991da:192.168.69.121:42653, b5ebf1d2-50b1-44fd-809a-910fb604fdc3:192.168.69.121:42687], old=null
2019-08-18 03:31:08,516 INFO  impl.LeaderElection (LogUtils.java:infoOrTrace(149)) -   Exception 0: {}
java.util.concurrent.ExecutionException: org.apache.ratis.thirdparty.io.grpc.StatusRuntimeException: UNAVAILABLE: io exception
	at java.util.concurrent.FutureTask.report(FutureTask.java:122)
	at java.util.concurrent.FutureTask.get(FutureTask.java:192)
	at org.apache.ratis.server.impl.LeaderElection.waitForResults(LeaderElection.java:262)
	at org.apache.ratis.server.impl.LeaderElection.askForVotes(LeaderElection.java:200)
	at org.apache.ratis.server.impl.LeaderElection.run(LeaderElection.java:130)
	at java.lang.Thread.run(Thread.java:748)
Caused by: org.apache.ratis.thirdparty.io.grpc.StatusRuntimeException: UNAVAILABLE: io exception
	at org.apache.ratis.thirdparty.io.grpc.stub.ClientCalls.toStatusRuntimeException(ClientCalls.java:233)
	at org.apache.ratis.thirdparty.io.grpc.stub.ClientCalls.getUnchecked(ClientCalls.java:214)
	at org.apache.ratis.thirdparty.io.grpc.stub.ClientCalls.blockingUnaryCall(ClientCalls.java:139)
	at org.apache.ratis.proto.grpc.RaftServerProtocolServiceGrpc$RaftServerProtocolServiceBlockingStub.requestVote(RaftServerProtocolServiceGrpc.java:265)
	at org.apache.ratis.grpc.server.GrpcServerProtocolClient.requestVote(GrpcServerProtocolClient.java:83)
	at org.apache.ratis.grpc.server.GrpcService.requestVote(GrpcService.java:195)
	at org.apache.ratis.server.impl.LeaderElection.lambda$submitRequests$1(LeaderElection.java:237)
	at java.util.concurrent.FutureTask.run(FutureTask.java:266)
	at java.util.concurrent.Executors$RunnableAdapter.call(Executors.java:511)
	at java.util.concurrent.FutureTask.run(FutureTask.java:266)
	at java.util.concurrent.ThreadPoolExecutor.runWorker(ThreadPoolExecutor.java:1149)
	at java.util.concurrent.ThreadPoolExecutor$Worker.run(ThreadPoolExecutor.java:624)
	... 1 more
Caused by: org.apache.ratis.thirdparty.io.netty.channel.AbstractChannel$AnnotatedConnectException: Connection refused: /192.168.69.121:42687
	at sun.nio.ch.SocketChannelImpl.checkConnect(Native Method)
	at sun.nio.ch.SocketChannelImpl.finishConnect(SocketChannelImpl.java:717)
	at org.apache.ratis.thirdparty.io.netty.channel.socket.nio.NioSocketChannel.doFinishConnect(NioSocketChannel.java:327)
	at org.apache.ratis.thirdparty.io.netty.channel.nio.AbstractNioChannel$AbstractNioUnsafe.finishConnect(AbstractNioChannel.java:340)
	at org.apache.ratis.thirdparty.io.netty.channel.nio.NioEventLoop.processSelectedKey(NioEventLoop.java:632)
	at org.apache.ratis.thirdparty.io.netty.channel.nio.NioEventLoop.processSelectedKeysOptimized(NioEventLoop.java:579)
	at org.apache.ratis.thirdparty.io.netty.channel.nio.NioEventLoop.processSelectedKeys(NioEventLoop.java:496)
	at org.apache.ratis.thirdparty.io.netty.channel.nio.NioEventLoop.run(NioEventLoop.java:458)
	at org.apache.ratis.thirdparty.io.netty.util.concurrent.SingleThreadEventExecutor$5.run(SingleThreadEventExecutor.java:897)
	at org.apache.ratis.thirdparty.io.netty.util.concurrent.FastThreadLocalRunnable.run(FastThreadLocalRunnable.java:30)
	... 1 more
Caused by: java.net.ConnectException: Connection refused
	... 11 more
2019-08-18 03:31:08,516 INFO  impl.LeaderElection (LogUtils.java:infoOrTrace(149)) -   Exception 1: {}
java.util.concurrent.ExecutionException: org.apache.ratis.thirdparty.io.grpc.StatusRuntimeException: UNAVAILABLE: io exception
	at java.util.concurrent.FutureTask.report(FutureTask.java:122)
	at java.util.concurrent.FutureTask.get(FutureTask.java:192)
	at org.apache.ratis.server.impl.LeaderElection.waitForResults(LeaderElection.java:262)
	at org.apache.ratis.server.impl.LeaderElection.askForVotes(LeaderElection.java:200)
	at org.apache.ratis.server.impl.LeaderElection.run(LeaderElection.java:130)
	at java.lang.Thread.run(Thread.java:748)
Caused by: org.apache.ratis.thirdparty.io.grpc.StatusRuntimeException: UNAVAILABLE: io exception
	at org.apache.ratis.thirdparty.io.grpc.stub.ClientCalls.toStatusRuntimeException(ClientCalls.java:233)
	at org.apache.ratis.thirdparty.io.grpc.stub.ClientCalls.getUnchecked(ClientCalls.java:214)
	at org.apache.ratis.thirdparty.io.grpc.stub.ClientCalls.blockingUnaryCall(ClientCalls.java:139)
	at org.apache.ratis.proto.grpc.RaftServerProtocolServiceGrpc$RaftServerProtocolServiceBlockingStub.requestVote(RaftServerProtocolServiceGrpc.java:265)
	at org.apache.ratis.grpc.server.GrpcServerProtocolClient.requestVote(GrpcServerProtocolClient.java:83)
	at org.apache.ratis.grpc.server.GrpcService.requestVote(GrpcService.java:195)
	at org.apache.ratis.server.impl.LeaderElection.lambda$submitRequests$1(LeaderElection.java:237)
	at java.util.concurrent.FutureTask.run(FutureTask.java:266)
	at java.util.concurrent.Executors$RunnableAdapter.call(Executors.java:511)
	at java.util.concurrent.FutureTask.run(FutureTask.java:266)
	at java.util.concurrent.ThreadPoolExecutor.runWorker(ThreadPoolExecutor.java:1149)
	at java.util.concurrent.ThreadPoolExecutor$Worker.run(ThreadPoolExecutor.java:624)
	... 1 more
Caused by: org.apache.ratis.thirdparty.io.netty.channel.AbstractChannel$AnnotatedConnectException: Connection refused: /192.168.69.121:42653
	at sun.nio.ch.SocketChannelImpl.checkConnect(Native Method)
	at sun.nio.ch.SocketChannelImpl.finishConnect(SocketChannelImpl.java:717)
	at org.apache.ratis.thirdparty.io.netty.channel.socket.nio.NioSocketChannel.doFinishConnect(NioSocketChannel.java:327)
	at org.apache.ratis.thirdparty.io.netty.channel.nio.AbstractNioChannel$AbstractNioUnsafe.finishConnect(AbstractNioChannel.java:340)
	at org.apache.ratis.thirdparty.io.netty.channel.nio.NioEventLoop.processSelectedKey(NioEventLoop.java:632)
	at org.apache.ratis.thirdparty.io.netty.channel.nio.NioEventLoop.processSelectedKeysOptimized(NioEventLoop.java:579)
	at org.apache.ratis.thirdparty.io.netty.channel.nio.NioEventLoop.processSelectedKeys(NioEventLoop.java:496)
	at org.apache.ratis.thirdparty.io.netty.channel.nio.NioEventLoop.run(NioEventLoop.java:458)
	at org.apache.ratis.thirdparty.io.netty.util.concurrent.SingleThreadEventExecutor$5.run(SingleThreadEventExecutor.java:897)
	at org.apache.ratis.thirdparty.io.netty.util.concurrent.FastThreadLocalRunnable.run(FastThreadLocalRunnable.java:30)
	... 1 more
Caused by: java.net.ConnectException: Connection refused
	... 11 more
2019-08-18 03:31:08,517 INFO  impl.RaftServerImpl (RaftServerImpl.java:setRole(171)) - 14a95ce3-2ce8-42f0-83d3-2c800e36461d:group-E316804E628A changes role from CANDIDATE to FOLLOWER at term 3 for DISCOVERED_A_NEW_TERM
2019-08-18 03:31:08,517 INFO  impl.RoleInfo (RoleInfo.java:shutdownLeaderElection(134)) - 14a95ce3-2ce8-42f0-83d3-2c800e36461d: shutdown LeaderElection
2019-08-18 03:31:08,517 INFO  impl.RoleInfo (RoleInfo.java:updateAndGet(143)) - 14a95ce3-2ce8-42f0-83d3-2c800e36461d: start FollowerState
2019-08-18 03:31:09,142 INFO  node.StaleNodeHandler (StaleNodeHandler.java:onMessage(58)) - Datanode 15ed8384-c868-4ea0-ba4a-9269eb510e43{ip: 192.168.69.121, host: byscane-nightly-jvqb9-734128259, networkLocation: /default-rack, certSerialId: null} moved to stale state. Finalizing its pipelines [PipelineID=0f2428ab-ccc8-44e3-8d42-ed751ad489e6, PipelineID=177846f1-4b70-470b-b925-1c6b322cfc2d]
2019-08-18 03:31:09,142 INFO  pipeline.SCMPipelineManager (SCMPipelineManager.java:finalizeAndDestroyPipeline(309)) - destroying pipeline:Pipeline[ Id: 0f2428ab-ccc8-44e3-8d42-ed751ad489e6, Nodes: 15ed8384-c868-4ea0-ba4a-9269eb510e43{ip: 192.168.69.121, host: byscane-nightly-jvqb9-734128259, networkLocation: /default-rack, certSerialId: null}9278e409-f4e1-4cb1-9539-38fd79302033{ip: 192.168.69.121, host: byscane-nightly-jvqb9-734128259, networkLocation: /default-rack, certSerialId: null}21fb6f03-9348-41f1-8a24-77c54b6d0f63{ip: 192.168.69.121, host: byscane-nightly-jvqb9-734128259, networkLocation: /default-rack, certSerialId: null}, Type:RATIS, Factor:THREE, State:CLOSED]
2019-08-18 03:31:09,142 INFO  pipeline.SCMPipelineManager (SCMPipelineManager.java:finalizeAndDestroyPipeline(309)) - destroying pipeline:Pipeline[ Id: 177846f1-4b70-470b-b925-1c6b322cfc2d, Nodes: 15ed8384-c868-4ea0-ba4a-9269eb510e43{ip: 192.168.69.121, host: byscane-nightly-jvqb9-734128259, networkLocation: /default-rack, certSerialId: null}, Type:RATIS, Factor:ONE, State:OPEN]
2019-08-18 03:31:09,143 INFO  pipeline.PipelineStateManager (PipelineStateManager.java:finalizePipeline(123)) - Pipeline Pipeline[ Id: 177846f1-4b70-470b-b925-1c6b322cfc2d, Nodes: 15ed8384-c868-4ea0-ba4a-9269eb510e43{ip: 192.168.69.121, host: byscane-nightly-jvqb9-734128259, networkLocation: /default-rack, certSerialId: null}, Type:RATIS, Factor:ONE, State:CLOSED] moved to CLOSED state
2019-08-18 03:31:09,443 INFO  node.StaleNodeHandler (StaleNodeHandler.java:onMessage(58)) - Datanode 14a95ce3-2ce8-42f0-83d3-2c800e36461d{ip: 192.168.69.121, host: byscane-nightly-jvqb9-734128259, networkLocation: /default-rack, certSerialId: null} moved to stale state. Finalizing its pipelines [PipelineID=9dccf818-b550-41c9-a0af-b74ec4358ba8, PipelineID=27975262-0b23-4271-8341-e316804e628a]
2019-08-18 03:31:09,443 INFO  pipeline.SCMPipelineManager (SCMPipelineManager.java:finalizeAndDestroyPipeline(309)) - destroying pipeline:Pipeline[ Id: 9dccf818-b550-41c9-a0af-b74ec4358ba8, Nodes: 14a95ce3-2ce8-42f0-83d3-2c800e36461d{ip: 192.168.69.121, host: byscane-nightly-jvqb9-734128259, networkLocation: /default-rack, certSerialId: null}, Type:RATIS, Factor:ONE, State:OPEN]
2019-08-18 03:31:09,444 INFO  pipeline.PipelineStateManager (PipelineStateManager.java:finalizePipeline(123)) - Pipeline Pipeline[ Id: 9dccf818-b550-41c9-a0af-b74ec4358ba8, Nodes: 14a95ce3-2ce8-42f0-83d3-2c800e36461d{ip: 192.168.69.121, host: byscane-nightly-jvqb9-734128259, networkLocation: /default-rack, certSerialId: null}, Type:RATIS, Factor:ONE, State:CLOSED] moved to CLOSED state
2019-08-18 03:31:09,444 INFO  pipeline.SCMPipelineManager (SCMPipelineManager.java:finalizeAndDestroyPipeline(309)) - destroying pipeline:Pipeline[ Id: 27975262-0b23-4271-8341-e316804e628a, Nodes: b5ebf1d2-50b1-44fd-809a-910fb604fdc3{ip: 192.168.69.121, host: byscane-nightly-jvqb9-734128259, networkLocation: /default-rack, certSerialId: null}14a95ce3-2ce8-42f0-83d3-2c800e36461d{ip: 192.168.69.121, host: byscane-nightly-jvqb9-734128259, networkLocation: /default-rack, certSerialId: null}18ecf6ef-f37f-416b-84f4-1f5a860991da{ip: 192.168.69.121, host: byscane-nightly-jvqb9-734128259, networkLocation: /default-rack, certSerialId: null}, Type:RATIS, Factor:THREE, State:CLOSED]
2019-08-18 03:31:09,513 INFO  ozoneimpl.OzoneContainer (OzoneContainer.java:stop(199)) - Attempting to stop container services.
2019-08-18 03:31:09,514 INFO  impl.RaftServerProxy (RaftServerProxy.java:lambda$close$4(314)) - 15ed8384-c868-4ea0-ba4a-9269eb510e43: close
2019-08-18 03:31:09,514 INFO  ozoneimpl.OzoneContainer (OzoneContainer.java:stop(199)) - Attempting to stop container services.
2019-08-18 03:31:09,514 INFO  impl.RaftServerImpl (RaftServerImpl.java:lambda$shutdown$3(245)) - 15ed8384-c868-4ea0-ba4a-9269eb510e43: shutdown group-ED751AD489E6
2019-08-18 03:31:09,515 INFO  util.JmxRegister (JmxRegister.java:unregister(73)) - Successfully un-registered JMX Bean with object name Ratis:service=RaftServer,group=group-ED751AD489E6,id=15ed8384-c868-4ea0-ba4a-9269eb510e43
2019-08-18 03:31:09,515 INFO  impl.RaftServerProxy (RaftServerProxy.java:lambda$close$4(314)) - 14a95ce3-2ce8-42f0-83d3-2c800e36461d: close
2019-08-18 03:31:09,515 INFO  impl.RoleInfo (RoleInfo.java:shutdownFollowerState(121)) - 15ed8384-c868-4ea0-ba4a-9269eb510e43: shutdown FollowerState
2019-08-18 03:31:09,516 INFO  impl.RaftServerImpl (RaftServerImpl.java:lambda$shutdown$3(245)) - 14a95ce3-2ce8-42f0-83d3-2c800e36461d: shutdown group-B74EC4358BA8
2019-08-18 03:31:09,516 INFO  ratis.ContainerStateMachine (ContainerStateMachine.java:takeSnapshot(262)) - group-ED751AD489E6: Taking a snapshot at:(t:1, i:13) file /workdir/hadoop-ozone/integration-test/target/test-dir/MiniOzoneClusterImpl-9099f0a0-2df3-4059-97d9-a1f48415580d/datanode-2/data/ratis/0f2428ab-ccc8-44e3-8d42-ed751ad489e6/sm/snapshot.1_13
2019-08-18 03:31:09,516 INFO  impl.FollowerState (FollowerState.java:run(114)) - 15ed8384-c868-4ea0-ba4a-9269eb510e43: FollowerState was interrupted: java.lang.InterruptedException: sleep interrupted
2019-08-18 03:31:09,516 INFO  impl.StateMachineUpdater (StateMachineUpdater.java:stopAndJoin(115)) - StateMachineUpdater:15ed8384-c868-4ea0-ba4a-9269eb510e43:group-ED751AD489E6: set stopIndex = 15
2019-08-18 03:31:09,517 INFO  util.JmxRegister (JmxRegister.java:unregister(73)) - Successfully un-registered JMX Bean with object name Ratis:service=RaftServer,group=group-B74EC4358BA8,id=14a95ce3-2ce8-42f0-83d3-2c800e36461d
2019-08-18 03:31:09,521 INFO  impl.RoleInfo (RoleInfo.java:shutdownLeaderState(104)) - 14a95ce3-2ce8-42f0-83d3-2c800e36461d: shutdown LeaderState
2019-08-18 03:31:09,521 INFO  impl.PendingRequests (PendingRequests.java:sendNotLeaderResponses(202)) - 14a95ce3-2ce8-42f0-83d3-2c800e36461d-PendingRequests: sendNotLeaderResponses
2019-08-18 03:31:09,522 INFO  impl.StateMachineUpdater (StateMachineUpdater.java:stopAndJoin(115)) - StateMachineUpdater:14a95ce3-2ce8-42f0-83d3-2c800e36461d:group-B74EC4358BA8: set stopIndex = 0
2019-08-18 03:31:09,522 INFO  impl.RaftServerImpl (ServerState.java:close(394)) - 14a95ce3-2ce8-42f0-83d3-2c800e36461d:group-B74EC4358BA8 closes. The last applied log index is 0
2019-08-18 03:31:09,523 INFO  segmented.SegmentedRaftLogWorker (SegmentedRaftLogWorker.java:run(313)) - 14a95ce3-2ce8-42f0-83d3-2c800e36461d-SegmentedRaftLogWorker:Storage Directory /workdir/hadoop-ozone/integration-test/target/test-dir/MiniOzoneClusterImpl-9099f0a0-2df3-4059-97d9-a1f48415580d/datanode-3/data/ratis/9dccf818-b550-41c9-a0af-b74ec4358ba8 was interrupted, exiting. There are 0 tasks remaining in the queue.
2019-08-18 03:31:09,525 INFO  segmented.SegmentedRaftLogWorker (SegmentedRaftLogWorker.java:close(228)) - 14a95ce3-2ce8-42f0-83d3-2c800e36461d-SegmentedRaftLogWorker:Storage Directory /workdir/hadoop-ozone/integration-test/target/test-dir/MiniOzoneClusterImpl-9099f0a0-2df3-4059-97d9-a1f48415580d/datanode-3/data/ratis/9dccf818-b550-41c9-a0af-b74ec4358ba8 close()
2019-08-18 03:31:09,529 INFO  impl.RaftServerImpl (RaftServerImpl.java:lambda$shutdown$3(245)) - 14a95ce3-2ce8-42f0-83d3-2c800e36461d: shutdown group-E316804E628A
2019-08-18 03:31:09,529 INFO  util.JmxRegister (JmxRegister.java:unregister(73)) - Successfully un-registered JMX Bean with object name Ratis:service=RaftServer,group=group-E316804E628A,id=14a95ce3-2ce8-42f0-83d3-2c800e36461d
2019-08-18 03:31:09,530 INFO  impl.RoleInfo (RoleInfo.java:shutdownFollowerState(121)) - 14a95ce3-2ce8-42f0-83d3-2c800e36461d: shutdown FollowerState
2019-08-18 03:31:09,530 INFO  impl.StateMachineUpdater (StateMachineUpdater.java:stopAndJoin(115)) - StateMachineUpdater:14a95ce3-2ce8-42f0-83d3-2c800e36461d:group-E316804E628A: set stopIndex = 16
2019-08-18 03:31:09,530 INFO  impl.FollowerState (FollowerState.java:run(114)) - 14a95ce3-2ce8-42f0-83d3-2c800e36461d: FollowerState was interrupted: java.lang.InterruptedException: sleep interrupted
2019-08-18 03:31:09,530 INFO  ratis.ContainerStateMachine (ContainerStateMachine.java:takeSnapshot(262)) - group-E316804E628A: Taking a snapshot at:(t:1, i:12) file /workdir/hadoop-ozone/integration-test/target/test-dir/MiniOzoneClusterImpl-9099f0a0-2df3-4059-97d9-a1f48415580d/datanode-3/data/ratis/27975262-0b23-4271-8341-e316804e628a/sm/snapshot.1_12
2019-08-18 03:31:09,533 INFO  ratis.ContainerStateMachine (ContainerStateMachine.java:takeSnapshot(273)) - group-ED751AD489E6: Finished taking a snapshot at:(t:1, i:13) file:/workdir/hadoop-ozone/integration-test/target/test-dir/MiniOzoneClusterImpl-9099f0a0-2df3-4059-97d9-a1f48415580d/datanode-2/data/ratis/0f2428ab-ccc8-44e3-8d42-ed751ad489e6/sm/snapshot.1_13 time:17
2019-08-18 03:31:09,534 INFO  impl.StateMachineUpdater (StateMachineUpdater.java:takeSnapshot(242)) - StateMachineUpdater:15ed8384-c868-4ea0-ba4a-9269eb510e43:group-ED751AD489E6: Took a snapshot at index 13
2019-08-18 03:31:09,534 INFO  impl.StateMachineUpdater (StateMachineUpdater.java:lambda$new$0(80)) - StateMachineUpdater:15ed8384-c868-4ea0-ba4a-9269eb510e43:group-ED751AD489E6: snapshotIndex: updateIncreasingly -1 -> 13
2019-08-18 03:31:09,534 INFO  impl.RaftServerImpl (ServerState.java:close(394)) - 15ed8384-c868-4ea0-ba4a-9269eb510e43:group-ED751AD489E6 closes. The last applied log index is 15
2019-08-18 03:31:09,535 INFO  segmented.SegmentedRaftLogWorker (SegmentedRaftLogWorker.java:run(313)) - 15ed8384-c868-4ea0-ba4a-9269eb510e43-SegmentedRaftLogWorker:Storage Directory /workdir/hadoop-ozone/integration-test/target/test-dir/MiniOzoneClusterImpl-9099f0a0-2df3-4059-97d9-a1f48415580d/datanode-2/data/ratis/0f2428ab-ccc8-44e3-8d42-ed751ad489e6 was interrupted, exiting. There are 0 tasks remaining in the queue.
2019-08-18 03:31:09,537 INFO  ratis.ContainerStateMachine (ContainerStateMachine.java:takeSnapshot(273)) - group-E316804E628A: Finished taking a snapshot at:(t:1, i:12) file:/workdir/hadoop-ozone/integration-test/target/test-dir/MiniOzoneClusterImpl-9099f0a0-2df3-4059-97d9-a1f48415580d/datanode-3/data/ratis/27975262-0b23-4271-8341-e316804e628a/sm/snapshot.1_12 time:6
2019-08-18 03:31:09,537 INFO  impl.StateMachineUpdater (StateMachineUpdater.java:takeSnapshot(242)) - StateMachineUpdater:14a95ce3-2ce8-42f0-83d3-2c800e36461d:group-E316804E628A: Took a snapshot at index 12
2019-08-18 03:31:09,537 INFO  segmented.SegmentedRaftLogWorker (SegmentedRaftLogWorker.java:close(228)) - 15ed8384-c868-4ea0-ba4a-9269eb510e43-SegmentedRaftLogWorker:Storage Directory /workdir/hadoop-ozone/integration-test/target/test-dir/MiniOzoneClusterImpl-9099f0a0-2df3-4059-97d9-a1f48415580d/datanode-2/data/ratis/0f2428ab-ccc8-44e3-8d42-ed751ad489e6 close()
2019-08-18 03:31:09,537 INFO  impl.StateMachineUpdater (StateMachineUpdater.java:lambda$new$0(80)) - StateMachineUpdater:14a95ce3-2ce8-42f0-83d3-2c800e36461d:group-E316804E628A: snapshotIndex: updateIncreasingly -1 -> 12
2019-08-18 03:31:09,541 INFO  impl.RaftServerImpl (RaftServerImpl.java:lambda$shutdown$3(245)) - 15ed8384-c868-4ea0-ba4a-9269eb510e43: shutdown group-1C6B322CFC2D
2019-08-18 03:31:09,541 INFO  impl.RaftServerImpl (ServerState.java:close(394)) - 14a95ce3-2ce8-42f0-83d3-2c800e36461d:group-E316804E628A closes. The last applied log index is 16
2019-08-18 03:31:09,541 INFO  util.JmxRegister (JmxRegister.java:unregister(73)) - Successfully un-registered JMX Bean with object name Ratis:service=RaftServer,group=group-1C6B322CFC2D,id=15ed8384-c868-4ea0-ba4a-9269eb510e43
2019-08-18 03:31:09,541 INFO  segmented.SegmentedRaftLogWorker (SegmentedRaftLogWorker.java:run(313)) - 14a95ce3-2ce8-42f0-83d3-2c800e36461d-SegmentedRaftLogWorker:Storage Directory /workdir/hadoop-ozone/integration-test/target/test-dir/MiniOzoneClusterImpl-9099f0a0-2df3-4059-97d9-a1f48415580d/datanode-3/data/ratis/27975262-0b23-4271-8341-e316804e628a was interrupted, exiting. There are 0 tasks remaining in the queue.
2019-08-18 03:31:09,542 INFO  impl.RoleInfo (RoleInfo.java:shutdownLeaderState(104)) - 15ed8384-c868-4ea0-ba4a-9269eb510e43: shutdown LeaderState
2019-08-18 03:31:09,544 INFO  segmented.SegmentedRaftLogWorker (SegmentedRaftLogWorker.java:close(228)) - 14a95ce3-2ce8-42f0-83d3-2c800e36461d-SegmentedRaftLogWorker:Storage Directory /workdir/hadoop-ozone/integration-test/target/test-dir/MiniOzoneClusterImpl-9099f0a0-2df3-4059-97d9-a1f48415580d/datanode-3/data/ratis/27975262-0b23-4271-8341-e316804e628a close()
2019-08-18 03:31:09,544 INFO  impl.PendingRequests (PendingRequests.java:sendNotLeaderResponses(202)) - 15ed8384-c868-4ea0-ba4a-9269eb510e43-PendingRequests: sendNotLeaderResponses
2019-08-18 03:31:09,548 INFO  server.GrpcService (GrpcService.java:closeImpl(155)) - 14a95ce3-2ce8-42f0-83d3-2c800e36461d: shutdown server with port 39595 now
2019-08-18 03:31:09,548 INFO  impl.StateMachineUpdater (StateMachineUpdater.java:stopAndJoin(115)) - StateMachineUpdater:15ed8384-c868-4ea0-ba4a-9269eb510e43:group-1C6B322CFC2D: set stopIndex = 0
2019-08-18 03:31:09,548 INFO  server.GrpcService (GrpcService.java:closeImpl(163)) - 14a95ce3-2ce8-42f0-83d3-2c800e36461d: shutdown server with port 39595 successfully
2019-08-18 03:31:09,548 INFO  impl.RaftServerImpl (ServerState.java:close(394)) - 15ed8384-c868-4ea0-ba4a-9269eb510e43:group-1C6B322CFC2D closes. The last applied log index is 0
2019-08-18 03:31:09,549 INFO  segmented.SegmentedRaftLogWorker (SegmentedRaftLogWorker.java:run(313)) - 15ed8384-c868-4ea0-ba4a-9269eb510e43-SegmentedRaftLogWorker:Storage Directory /workdir/hadoop-ozone/integration-test/target/test-dir/MiniOzoneClusterImpl-9099f0a0-2df3-4059-97d9-a1f48415580d/datanode-2/data/ratis/177846f1-4b70-470b-b925-1c6b322cfc2d was interrupted, exiting. There are 0 tasks remaining in the queue.
2019-08-18 03:31:09,559 INFO  segmented.SegmentedRaftLogWorker (SegmentedRaftLogWorker.java:close(228)) - 15ed8384-c868-4ea0-ba4a-9269eb510e43-SegmentedRaftLogWorker:Storage Directory /workdir/hadoop-ozone/integration-test/target/test-dir/MiniOzoneClusterImpl-9099f0a0-2df3-4059-97d9-a1f48415580d/datanode-2/data/ratis/177846f1-4b70-470b-b925-1c6b322cfc2d close()
2019-08-18 03:31:09,559 INFO  utils.BackgroundService (BackgroundService.java:shutdown(148)) - Shutting down service BlockDeletingService
2019-08-18 03:31:09,561 INFO  server.GrpcService (GrpcService.java:closeImpl(155)) - 15ed8384-c868-4ea0-ba4a-9269eb510e43: shutdown server with port 35462 now
2019-08-18 03:31:09,564 INFO  server.GrpcService (GrpcService.java:closeImpl(163)) - 15ed8384-c868-4ea0-ba4a-9269eb510e43: shutdown server with port 35462 successfully
2019-08-18 03:31:09,564 WARN  fs.CachingGetSpaceUsed (CachingGetSpaceUsed.java:run(183)) - Thread Interrupted waiting to refresh disk information: sleep interrupted
2019-08-18 03:31:09,566 INFO  utils.BackgroundService (BackgroundService.java:shutdown(148)) - Shutting down service BlockDeletingService
2019-08-18 03:31:09,569 WARN  fs.CachingGetSpaceUsed (CachingGetSpaceUsed.java:run(183)) - Thread Interrupted waiting to refresh disk information: sleep interrupted
2019-08-18 03:31:09,584 INFO  statemachine.DatanodeStateMachine (DatanodeStateMachine.java:stopDaemon(395)) - Ozone container server stopped.
2019-08-18 03:31:09,585 INFO  handler.ContextHandler (ContextHandler.java:doStop(910)) - Stopped o.e.j.w.WebAppContext@3b4cce5a{/,null,UNAVAILABLE}{/hddsDatanode}
2019-08-18 03:31:09,586 INFO  server.AbstractConnector (AbstractConnector.java:doStop(318)) - Stopped ServerConnector@58178b69{HTTP/1.1,[http/1.1]}{0.0.0.0:0}
2019-08-18 03:31:09,586 INFO  handler.ContextHandler (ContextHandler.java:doStop(910)) - Stopped o.e.j.s.ServletContextHandler@608448e7{/static,jar:file:/home/user/.m2/repository/org/apache/hadoop/hadoop-hdds-container-service/0.4.1-SNAPSHOT/hadoop-hdds-container-service-0.4.1-SNAPSHOT.jar!/webapps/static,UNAVAILABLE}
2019-08-18 03:31:09,586 INFO  handler.ContextHandler (ContextHandler.java:doStop(910)) - Stopped o.e.j.s.ServletContextHandler@4f876114{/logs,file:///workdir/hadoop-ozone/integration-test/target/log,UNAVAILABLE}
2019-08-18 03:31:09,588 INFO  datanode.ObjectStoreHandler (ObjectStoreHandler.java:close(155)) - Closing ObjectStoreHandler.
2019-08-18 03:31:09,588 INFO  ozone.HddsDatanodeService (HddsDatanodeService.java:stop(451)) - Stopped plug-in org.apache.hadoop.ozone.web.OzoneHddsDatanodeService@36e6e59f
2019-08-18 03:31:09,594 INFO  statemachine.DatanodeStateMachine (DatanodeStateMachine.java:stopDaemon(395)) - Ozone container server stopped.
2019-08-18 03:31:09,598 INFO  handler.ContextHandler (ContextHandler.java:doStop(910)) - Stopped o.e.j.w.WebAppContext@11ce61d1{/,null,UNAVAILABLE}{/hddsDatanode}
2019-08-18 03:31:09,599 INFO  server.AbstractConnector (AbstractConnector.java:doStop(318)) - Stopped ServerConnector@759862a2{HTTP/1.1,[http/1.1]}{0.0.0.0:0}
2019-08-18 03:31:09,600 INFO  handler.ContextHandler (ContextHandler.java:doStop(910)) - Stopped o.e.j.s.ServletContextHandler@5f9f1886{/static,jar:file:/home/user/.m2/repository/org/apache/hadoop/hadoop-hdds-container-service/0.4.1-SNAPSHOT/hadoop-hdds-container-service-0.4.1-SNAPSHOT.jar!/webapps/static,UNAVAILABLE}
2019-08-18 03:31:09,601 INFO  handler.ContextHandler (ContextHandler.java:doStop(910)) - Stopped o.e.j.s.ServletContextHandler@44f8d884{/logs,file:///workdir/hadoop-ozone/integration-test/target/log,UNAVAILABLE}
2019-08-18 03:31:09,602 INFO  datanode.ObjectStoreHandler (ObjectStoreHandler.java:close(155)) - Closing ObjectStoreHandler.
2019-08-18 03:31:09,603 INFO  ozone.HddsDatanodeService (HddsDatanodeService.java:stop(451)) - Stopped plug-in org.apache.hadoop.ozone.web.OzoneHddsDatanodeService@e417628
2019-08-18 03:31:10,114 INFO  statemachine.DatanodeStateMachine (DatanodeStateMachine.java:lambda$startDaemon$0(350)) - Ozone container server started.
2019-08-18 03:31:10,125 INFO  statemachine.DatanodeStateMachine (DatanodeStateMachine.java:lambda$startDaemon$0(350)) - Ozone container server started.
2019-08-18 03:31:13,337 INFO  impl.FollowerState (FollowerState.java:run(106)) - 21fb6f03-9348-41f1-8a24-77c54b6d0f63:group-ED751AD489E6 changes to CANDIDATE, lastRpcTime:9027, electionTimeout:5134ms
2019-08-18 03:31:13,337 INFO  impl.RoleInfo (RoleInfo.java:shutdownFollowerState(121)) - 21fb6f03-9348-41f1-8a24-77c54b6d0f63: shutdown FollowerState
2019-08-18 03:31:13,338 INFO  impl.RaftServerImpl (RaftServerImpl.java:setRole(171)) - 21fb6f03-9348-41f1-8a24-77c54b6d0f63:group-ED751AD489E6 changes role from FOLLOWER to CANDIDATE at term 1 for changeToCandidate
2019-08-18 03:31:13,338 INFO  impl.RoleInfo (RoleInfo.java:updateAndGet(143)) - 21fb6f03-9348-41f1-8a24-77c54b6d0f63: start LeaderElection
2019-08-18 03:31:13,341 INFO  impl.RaftServerImpl (ServerState.java:setLeader(263)) - 21fb6f03-9348-41f1-8a24-77c54b6d0f63:group-ED751AD489E6 change Leader from 9278e409-f4e1-4cb1-9539-38fd79302033 to null at term 1 for initElection
2019-08-18 03:31:13,356 INFO  impl.LeaderElection (LeaderElection.java:askForVotes(181)) - 21fb6f03-9348-41f1-8a24-77c54b6d0f63:group-ED751AD489E6:LeaderElection77: begin an election at term 2 for 0: [9278e409-f4e1-4cb1-9539-38fd79302033:192.168.69.121:37289, 21fb6f03-9348-41f1-8a24-77c54b6d0f63:192.168.69.121:43957, 15ed8384-c868-4ea0-ba4a-9269eb510e43:192.168.69.121:35462], old=null
2019-08-18 03:31:13,360 INFO  impl.LeaderElection (LogUtils.java:infoOrTrace(149)) - 21fb6f03-9348-41f1-8a24-77c54b6d0f63:group-ED751AD489E6:LeaderElection77 got exception when requesting votes: {}
java.util.concurrent.ExecutionException: org.apache.ratis.thirdparty.io.grpc.StatusRuntimeException: UNAVAILABLE: io exception
	at java.util.concurrent.FutureTask.report(FutureTask.java:122)
	at java.util.concurrent.FutureTask.get(FutureTask.java:192)
	at org.apache.ratis.server.impl.LeaderElection.waitForResults(LeaderElection.java:262)
	at org.apache.ratis.server.impl.LeaderElection.askForVotes(LeaderElection.java:200)
	at org.apache.ratis.server.impl.LeaderElection.run(LeaderElection.java:130)
	at java.lang.Thread.run(Thread.java:748)
Caused by: org.apache.ratis.thirdparty.io.grpc.StatusRuntimeException: UNAVAILABLE: io exception
	at org.apache.ratis.thirdparty.io.grpc.stub.ClientCalls.toStatusRuntimeException(ClientCalls.java:233)
	at org.apache.ratis.thirdparty.io.grpc.stub.ClientCalls.getUnchecked(ClientCalls.java:214)
	at org.apache.ratis.thirdparty.io.grpc.stub.ClientCalls.blockingUnaryCall(ClientCalls.java:139)
	at org.apache.ratis.proto.grpc.RaftServerProtocolServiceGrpc$RaftServerProtocolServiceBlockingStub.requestVote(RaftServerProtocolServiceGrpc.java:265)
	at org.apache.ratis.grpc.server.GrpcServerProtocolClient.requestVote(GrpcServerProtocolClient.java:83)
	at org.apache.ratis.grpc.server.GrpcService.requestVote(GrpcService.java:195)
	at org.apache.ratis.server.impl.LeaderElection.lambda$submitRequests$1(LeaderElection.java:237)
	at java.util.concurrent.FutureTask.run(FutureTask.java:266)
	at java.util.concurrent.Executors$RunnableAdapter.call(Executors.java:511)
	at java.util.concurrent.FutureTask.run(FutureTask.java:266)
	at java.util.concurrent.ThreadPoolExecutor.runWorker(ThreadPoolExecutor.java:1149)
	at java.util.concurrent.ThreadPoolExecutor$Worker.run(ThreadPoolExecutor.java:624)
	... 1 more
Caused by: org.apache.ratis.thirdparty.io.netty.channel.AbstractChannel$AnnotatedConnectException: Connection refused: /192.168.69.121:37289
	at sun.nio.ch.SocketChannelImpl.checkConnect(Native Method)
	at sun.nio.ch.SocketChannelImpl.finishConnect(SocketChannelImpl.java:717)
	at org.apache.ratis.thirdparty.io.netty.channel.socket.nio.NioSocketChannel.doFinishConnect(NioSocketChannel.java:327)
	at org.apache.ratis.thirdparty.io.netty.channel.nio.AbstractNioChannel$AbstractNioUnsafe.finishConnect(AbstractNioChannel.java:340)
	at org.apache.ratis.thirdparty.io.netty.channel.nio.NioEventLoop.processSelectedKey(NioEventLoop.java:632)
	at org.apache.ratis.thirdparty.io.netty.channel.nio.NioEventLoop.processSelectedKeysOptimized(NioEventLoop.java:579)
	at org.apache.ratis.thirdparty.io.netty.channel.nio.NioEventLoop.processSelectedKeys(NioEventLoop.java:496)
	at org.apache.ratis.thirdparty.io.netty.channel.nio.NioEventLoop.run(NioEventLoop.java:458)
	at org.apache.ratis.thirdparty.io.netty.util.concurrent.SingleThreadEventExecutor$5.run(SingleThreadEventExecutor.java:897)
	at org.apache.ratis.thirdparty.io.netty.util.concurrent.FastThreadLocalRunnable.run(FastThreadLocalRunnable.java:30)
	... 1 more
Caused by: java.net.ConnectException: Connection refused
	... 11 more
2019-08-18 03:31:13,363 INFO  impl.LeaderElection (LogUtils.java:infoOrTrace(149)) - 21fb6f03-9348-41f1-8a24-77c54b6d0f63:group-ED751AD489E6:LeaderElection77 got exception when requesting votes: {}
java.util.concurrent.ExecutionException: org.apache.ratis.thirdparty.io.grpc.StatusRuntimeException: UNAVAILABLE: io exception
	at java.util.concurrent.FutureTask.report(FutureTask.java:122)
	at java.util.concurrent.FutureTask.get(FutureTask.java:192)
	at org.apache.ratis.server.impl.LeaderElection.waitForResults(LeaderElection.java:262)
	at org.apache.ratis.server.impl.LeaderElection.askForVotes(LeaderElection.java:200)
	at org.apache.ratis.server.impl.LeaderElection.run(LeaderElection.java:130)
	at java.lang.Thread.run(Thread.java:748)
Caused by: org.apache.ratis.thirdparty.io.grpc.StatusRuntimeException: UNAVAILABLE: io exception
	at org.apache.ratis.thirdparty.io.grpc.stub.ClientCalls.toStatusRuntimeException(ClientCalls.java:233)
	at org.apache.ratis.thirdparty.io.grpc.stub.ClientCalls.getUnchecked(ClientCalls.java:214)
	at org.apache.ratis.thirdparty.io.grpc.stub.ClientCalls.blockingUnaryCall(ClientCalls.java:139)
	at org.apache.ratis.proto.grpc.RaftServerProtocolServiceGrpc$RaftServerProtocolServiceBlockingStub.requestVote(RaftServerProtocolServiceGrpc.java:265)
	at org.apache.ratis.grpc.server.GrpcServerProtocolClient.requestVote(GrpcServerProtocolClient.java:83)
	at org.apache.ratis.grpc.server.GrpcService.requestVote(GrpcService.java:195)
	at org.apache.ratis.server.impl.LeaderElection.lambda$submitRequests$1(LeaderElection.java:237)
	at java.util.concurrent.FutureTask.run(FutureTask.java:266)
	at java.util.concurrent.Executors$RunnableAdapter.call(Executors.java:511)
	at java.util.concurrent.FutureTask.run(FutureTask.java:266)
	at java.util.concurrent.ThreadPoolExecutor.runWorker(ThreadPoolExecutor.java:1149)
	at java.util.concurrent.ThreadPoolExecutor$Worker.run(ThreadPoolExecutor.java:624)
	... 1 more
Caused by: org.apache.ratis.thirdparty.io.netty.channel.AbstractChannel$AnnotatedConnectException: Connection refused: /192.168.69.121:35462
	at sun.nio.ch.SocketChannelImpl.checkConnect(Native Method)
	at sun.nio.ch.SocketChannelImpl.finishConnect(SocketChannelImpl.java:717)
	at org.apache.ratis.thirdparty.io.netty.channel.socket.nio.NioSocketChannel.doFinishConnect(NioSocketChannel.java:327)
	at org.apache.ratis.thirdparty.io.netty.channel.nio.AbstractNioChannel$AbstractNioUnsafe.finishConnect(AbstractNioChannel.java:340)
	at org.apache.ratis.thirdparty.io.netty.channel.nio.NioEventLoop.processSelectedKey(NioEventLoop.java:632)
	at org.apache.ratis.thirdparty.io.netty.channel.nio.NioEventLoop.processSelectedKeysOptimized(NioEventLoop.java:579)
	at org.apache.ratis.thirdparty.io.netty.channel.nio.NioEventLoop.processSelectedKeys(NioEventLoop.java:496)
	at org.apache.ratis.thirdparty.io.netty.channel.nio.NioEventLoop.run(NioEventLoop.java:458)
	at org.apache.ratis.thirdparty.io.netty.util.concurrent.SingleThreadEventExecutor$5.run(SingleThreadEventExecutor.java:897)
	at org.apache.ratis.thirdparty.io.netty.util.concurrent.FastThreadLocalRunnable.run(FastThreadLocalRunnable.java:30)
	... 1 more
Caused by: java.net.ConnectException: Connection refused
	... 11 more
2019-08-18 03:31:13,364 INFO  impl.LeaderElection (LeaderElection.java:logAndReturn(56)) - 21fb6f03-9348-41f1-8a24-77c54b6d0f63:group-ED751AD489E6:LeaderElection77: Election REJECTED; received 0 response(s) [] and 2 exception(s); 21fb6f03-9348-41f1-8a24-77c54b6d0f63:t2, leader=null, voted=21fb6f03-9348-41f1-8a24-77c54b6d0f63, raftlog=21fb6f03-9348-41f1-8a24-77c54b6d0f63-SegmentedRaftLog:OPENED:c15,f15,i15, conf=0: [9278e409-f4e1-4cb1-9539-38fd79302033:192.168.69.121:37289, 21fb6f03-9348-41f1-8a24-77c54b6d0f63:192.168.69.121:43957, 15ed8384-c868-4ea0-ba4a-9269eb510e43:192.168.69.121:35462], old=null
2019-08-18 03:31:13,364 INFO  impl.LeaderElection (LogUtils.java:infoOrTrace(149)) -   Exception 0: {}
java.util.concurrent.ExecutionException: org.apache.ratis.thirdparty.io.grpc.StatusRuntimeException: UNAVAILABLE: io exception
	at java.util.concurrent.FutureTask.report(FutureTask.java:122)
	at java.util.concurrent.FutureTask.get(FutureTask.java:192)
	at org.apache.ratis.server.impl.LeaderElection.waitForResults(LeaderElection.java:262)
	at org.apache.ratis.server.impl.LeaderElection.askForVotes(LeaderElection.java:200)
	at org.apache.ratis.server.impl.LeaderElection.run(LeaderElection.java:130)
	at java.lang.Thread.run(Thread.java:748)
Caused by: org.apache.ratis.thirdparty.io.grpc.StatusRuntimeException: UNAVAILABLE: io exception
	at org.apache.ratis.thirdparty.io.grpc.stub.ClientCalls.toStatusRuntimeException(ClientCalls.java:233)
	at org.apache.ratis.thirdparty.io.grpc.stub.ClientCalls.getUnchecked(ClientCalls.java:214)
	at org.apache.ratis.thirdparty.io.grpc.stub.ClientCalls.blockingUnaryCall(ClientCalls.java:139)
	at org.apache.ratis.proto.grpc.RaftServerProtocolServiceGrpc$RaftServerProtocolServiceBlockingStub.requestVote(RaftServerProtocolServiceGrpc.java:265)
	at org.apache.ratis.grpc.server.GrpcServerProtocolClient.requestVote(GrpcServerProtocolClient.java:83)
	at org.apache.ratis.grpc.server.GrpcService.requestVote(GrpcService.java:195)
	at org.apache.ratis.server.impl.LeaderElection.lambda$submitRequests$1(LeaderElection.java:237)
	at java.util.concurrent.FutureTask.run(FutureTask.java:266)
	at java.util.concurrent.Executors$RunnableAdapter.call(Executors.java:511)
	at java.util.concurrent.FutureTask.run(FutureTask.java:266)
	at java.util.concurrent.ThreadPoolExecutor.runWorker(ThreadPoolExecutor.java:1149)
	at java.util.concurrent.ThreadPoolExecutor$Worker.run(ThreadPoolExecutor.java:624)
	... 1 more
Caused by: org.apache.ratis.thirdparty.io.netty.channel.AbstractChannel$AnnotatedConnectException: Connection refused: /192.168.69.121:37289
	at sun.nio.ch.SocketChannelImpl.checkConnect(Native Method)
	at sun.nio.ch.SocketChannelImpl.finishConnect(SocketChannelImpl.java:717)
	at org.apache.ratis.thirdparty.io.netty.channel.socket.nio.NioSocketChannel.doFinishConnect(NioSocketChannel.java:327)
	at org.apache.ratis.thirdparty.io.netty.channel.nio.AbstractNioChannel$AbstractNioUnsafe.finishConnect(AbstractNioChannel.java:340)
	at org.apache.ratis.thirdparty.io.netty.channel.nio.NioEventLoop.processSelectedKey(NioEventLoop.java:632)
	at org.apache.ratis.thirdparty.io.netty.channel.nio.NioEventLoop.processSelectedKeysOptimized(NioEventLoop.java:579)
	at org.apache.ratis.thirdparty.io.netty.channel.nio.NioEventLoop.processSelectedKeys(NioEventLoop.java:496)
	at org.apache.ratis.thirdparty.io.netty.channel.nio.NioEventLoop.run(NioEventLoop.java:458)
	at org.apache.ratis.thirdparty.io.netty.util.concurrent.SingleThreadEventExecutor$5.run(SingleThreadEventExecutor.java:897)
	at org.apache.ratis.thirdparty.io.netty.util.concurrent.FastThreadLocalRunnable.run(FastThreadLocalRunnable.java:30)
	... 1 more
Caused by: java.net.ConnectException: Connection refused
	... 11 more
2019-08-18 03:31:13,365 INFO  impl.LeaderElection (LogUtils.java:infoOrTrace(149)) -   Exception 1: {}
java.util.concurrent.ExecutionException: org.apache.ratis.thirdparty.io.grpc.StatusRuntimeException: UNAVAILABLE: io exception
	at java.util.concurrent.FutureTask.report(FutureTask.java:122)
	at java.util.concurrent.FutureTask.get(FutureTask.java:192)
	at org.apache.ratis.server.impl.LeaderElection.waitForResults(LeaderElection.java:262)
	at org.apache.ratis.server.impl.LeaderElection.askForVotes(LeaderElection.java:200)
	at org.apache.ratis.server.impl.LeaderElection.run(LeaderElection.java:130)
	at java.lang.Thread.run(Thread.java:748)
Caused by: org.apache.ratis.thirdparty.io.grpc.StatusRuntimeException: UNAVAILABLE: io exception
	at org.apache.ratis.thirdparty.io.grpc.stub.ClientCalls.toStatusRuntimeException(ClientCalls.java:233)
	at org.apache.ratis.thirdparty.io.grpc.stub.ClientCalls.getUnchecked(ClientCalls.java:214)
	at org.apache.ratis.thirdparty.io.grpc.stub.ClientCalls.blockingUnaryCall(ClientCalls.java:139)
	at org.apache.ratis.proto.grpc.RaftServerProtocolServiceGrpc$RaftServerProtocolServiceBlockingStub.requestVote(RaftServerProtocolServiceGrpc.java:265)
	at org.apache.ratis.grpc.server.GrpcServerProtocolClient.requestVote(GrpcServerProtocolClient.java:83)
	at org.apache.ratis.grpc.server.GrpcService.requestVote(GrpcService.java:195)
	at org.apache.ratis.server.impl.LeaderElection.lambda$submitRequests$1(LeaderElection.java:237)
	at java.util.concurrent.FutureTask.run(FutureTask.java:266)
	at java.util.concurrent.Executors$RunnableAdapter.call(Executors.java:511)
	at java.util.concurrent.FutureTask.run(FutureTask.java:266)
	at java.util.concurrent.ThreadPoolExecutor.runWorker(ThreadPoolExecutor.java:1149)
	at java.util.concurrent.ThreadPoolExecutor$Worker.run(ThreadPoolExecutor.java:624)
	... 1 more
Caused by: org.apache.ratis.thirdparty.io.netty.channel.AbstractChannel$AnnotatedConnectException: Connection refused: /192.168.69.121:35462
	at sun.nio.ch.SocketChannelImpl.checkConnect(Native Method)
	at sun.nio.ch.SocketChannelImpl.finishConnect(SocketChannelImpl.java:717)
	at org.apache.ratis.thirdparty.io.netty.channel.socket.nio.NioSocketChannel.doFinishConnect(NioSocketChannel.java:327)
	at org.apache.ratis.thirdparty.io.netty.channel.nio.AbstractNioChannel$AbstractNioUnsafe.finishConnect(AbstractNioChannel.java:340)
	at org.apache.ratis.thirdparty.io.netty.channel.nio.NioEventLoop.processSelectedKey(NioEventLoop.java:632)
	at org.apache.ratis.thirdparty.io.netty.channel.nio.NioEventLoop.processSelectedKeysOptimized(NioEventLoop.java:579)
	at org.apache.ratis.thirdparty.io.netty.channel.nio.NioEventLoop.processSelectedKeys(NioEventLoop.java:496)
	at org.apache.ratis.thirdparty.io.netty.channel.nio.NioEventLoop.run(NioEventLoop.java:458)
	at org.apache.ratis.thirdparty.io.netty.util.concurrent.SingleThreadEventExecutor$5.run(SingleThreadEventExecutor.java:897)
	at org.apache.ratis.thirdparty.io.netty.util.concurrent.FastThreadLocalRunnable.run(FastThreadLocalRunnable.java:30)
	... 1 more
Caused by: java.net.ConnectException: Connection refused
	... 11 more
2019-08-18 03:31:13,365 INFO  impl.RaftServerImpl (RaftServerImpl.java:setRole(171)) - 21fb6f03-9348-41f1-8a24-77c54b6d0f63:group-ED751AD489E6 changes role from CANDIDATE to FOLLOWER at term 2 for DISCOVERED_A_NEW_TERM
2019-08-18 03:31:13,365 INFO  impl.RoleInfo (RoleInfo.java:shutdownLeaderElection(134)) - 21fb6f03-9348-41f1-8a24-77c54b6d0f63: shutdown LeaderElection
2019-08-18 03:31:13,365 INFO  impl.RoleInfo (RoleInfo.java:updateAndGet(143)) - 21fb6f03-9348-41f1-8a24-77c54b6d0f63: start FollowerState
2019-08-18 03:31:14,150 INFO  node.StaleNodeHandler (StaleNodeHandler.java:onMessage(58)) - Datanode 21fb6f03-9348-41f1-8a24-77c54b6d0f63{ip: 192.168.69.121, host: byscane-nightly-jvqb9-734128259, networkLocation: /default-rack, certSerialId: null} moved to stale state. Finalizing its pipelines [PipelineID=0f2428ab-ccc8-44e3-8d42-ed751ad489e6, PipelineID=7fe74373-2a20-4d60-bbea-e41cd7b36b4b]
2019-08-18 03:31:14,150 INFO  pipeline.SCMPipelineManager (SCMPipelineManager.java:finalizeAndDestroyPipeline(309)) - destroying pipeline:Pipeline[ Id: 0f2428ab-ccc8-44e3-8d42-ed751ad489e6, Nodes: 15ed8384-c868-4ea0-ba4a-9269eb510e43{ip: 192.168.69.121, host: byscane-nightly-jvqb9-734128259, networkLocation: /default-rack, certSerialId: null}9278e409-f4e1-4cb1-9539-38fd79302033{ip: 192.168.69.121, host: byscane-nightly-jvqb9-734128259, networkLocation: /default-rack, certSerialId: null}21fb6f03-9348-41f1-8a24-77c54b6d0f63{ip: 192.168.69.121, host: byscane-nightly-jvqb9-734128259, networkLocation: /default-rack, certSerialId: null}, Type:RATIS, Factor:THREE, State:CLOSED]
2019-08-18 03:31:14,151 INFO  pipeline.SCMPipelineManager (SCMPipelineManager.java:finalizeAndDestroyPipeline(309)) - destroying pipeline:Pipeline[ Id: 7fe74373-2a20-4d60-bbea-e41cd7b36b4b, Nodes: 21fb6f03-9348-41f1-8a24-77c54b6d0f63{ip: 192.168.69.121, host: byscane-nightly-jvqb9-734128259, networkLocation: /default-rack, certSerialId: null}, Type:RATIS, Factor:ONE, State:OPEN]
2019-08-18 03:31:14,151 INFO  pipeline.PipelineStateManager (PipelineStateManager.java:finalizePipeline(123)) - Pipeline Pipeline[ Id: 7fe74373-2a20-4d60-bbea-e41cd7b36b4b, Nodes: 21fb6f03-9348-41f1-8a24-77c54b6d0f63{ip: 192.168.69.121, host: byscane-nightly-jvqb9-734128259, networkLocation: /default-rack, certSerialId: null}, Type:RATIS, Factor:ONE, State:CLOSED] moved to CLOSED state
2019-08-18 03:31:14,151 INFO  node.StaleNodeHandler (StaleNodeHandler.java:onMessage(58)) - Datanode 9ab46049-e7d2-400a-a45d-e7385b6e5d10{ip: 192.168.69.121, host: byscane-nightly-jvqb9-734128259, networkLocation: /default-rack, certSerialId: null} moved to stale state. Finalizing its pipelines [PipelineID=b2526aca-afea-4c19-b4fd-b8abae4d0ac7]
2019-08-18 03:31:14,151 INFO  pipeline.SCMPipelineManager (SCMPipelineManager.java:finalizeAndDestroyPipeline(309)) - destroying pipeline:Pipeline[ Id: b2526aca-afea-4c19-b4fd-b8abae4d0ac7, Nodes: 9ab46049-e7d2-400a-a45d-e7385b6e5d10{ip: 192.168.69.121, host: byscane-nightly-jvqb9-734128259, networkLocation: /default-rack, certSerialId: null}, Type:RATIS, Factor:ONE, State:OPEN]
2019-08-18 03:31:14,151 INFO  pipeline.PipelineStateManager (PipelineStateManager.java:finalizePipeline(123)) - Pipeline Pipeline[ Id: b2526aca-afea-4c19-b4fd-b8abae4d0ac7, Nodes: 9ab46049-e7d2-400a-a45d-e7385b6e5d10{ip: 192.168.69.121, host: byscane-nightly-jvqb9-734128259, networkLocation: /default-rack, certSerialId: null}, Type:RATIS, Factor:ONE, State:CLOSED] moved to CLOSED state
2019-08-18 03:31:14,589 INFO  ozoneimpl.OzoneContainer (OzoneContainer.java:stop(199)) - Attempting to stop container services.
2019-08-18 03:31:14,590 INFO  impl.RaftServerProxy (RaftServerProxy.java:lambda$close$4(314)) - 9ab46049-e7d2-400a-a45d-e7385b6e5d10: close
2019-08-18 03:31:14,590 INFO  impl.RaftServerImpl (RaftServerImpl.java:lambda$shutdown$3(245)) - 9ab46049-e7d2-400a-a45d-e7385b6e5d10: shutdown group-B8ABAE4D0AC7
2019-08-18 03:31:14,591 INFO  util.JmxRegister (JmxRegister.java:unregister(73)) - Successfully un-registered JMX Bean with object name Ratis:service=RaftServer,group=group-B8ABAE4D0AC7,id=9ab46049-e7d2-400a-a45d-e7385b6e5d10
2019-08-18 03:31:14,591 INFO  impl.RoleInfo (RoleInfo.java:shutdownLeaderState(104)) - 9ab46049-e7d2-400a-a45d-e7385b6e5d10: shutdown LeaderState
2019-08-18 03:31:14,592 INFO  impl.PendingRequests (PendingRequests.java:sendNotLeaderResponses(202)) - 9ab46049-e7d2-400a-a45d-e7385b6e5d10-PendingRequests: sendNotLeaderResponses
2019-08-18 03:31:14,592 INFO  impl.StateMachineUpdater (StateMachineUpdater.java:stopAndJoin(115)) - StateMachineUpdater:9ab46049-e7d2-400a-a45d-e7385b6e5d10:group-B8ABAE4D0AC7: set stopIndex = 0
2019-08-18 03:31:14,593 INFO  impl.RaftServerImpl (ServerState.java:close(394)) - 9ab46049-e7d2-400a-a45d-e7385b6e5d10:group-B8ABAE4D0AC7 closes. The last applied log index is 0
2019-08-18 03:31:14,593 INFO  segmented.SegmentedRaftLogWorker (SegmentedRaftLogWorker.java:run(313)) - 9ab46049-e7d2-400a-a45d-e7385b6e5d10-SegmentedRaftLogWorker:Storage Directory /workdir/hadoop-ozone/integration-test/target/test-dir/MiniOzoneClusterImpl-9099f0a0-2df3-4059-97d9-a1f48415580d/datanode-6/data/ratis/b2526aca-afea-4c19-b4fd-b8abae4d0ac7 was interrupted, exiting. There are 0 tasks remaining in the queue.
2019-08-18 03:31:14,594 INFO  segmented.SegmentedRaftLogWorker (SegmentedRaftLogWorker.java:close(228)) - 9ab46049-e7d2-400a-a45d-e7385b6e5d10-SegmentedRaftLogWorker:Storage Directory /workdir/hadoop-ozone/integration-test/target/test-dir/MiniOzoneClusterImpl-9099f0a0-2df3-4059-97d9-a1f48415580d/datanode-6/data/ratis/b2526aca-afea-4c19-b4fd-b8abae4d0ac7 close()
2019-08-18 03:31:14,596 INFO  server.GrpcService (GrpcService.java:closeImpl(155)) - 9ab46049-e7d2-400a-a45d-e7385b6e5d10: shutdown server with port 38478 now
2019-08-18 03:31:14,597 INFO  server.GrpcService (GrpcService.java:closeImpl(163)) - 9ab46049-e7d2-400a-a45d-e7385b6e5d10: shutdown server with port 38478 successfully
2019-08-18 03:31:14,599 INFO  utils.BackgroundService (BackgroundService.java:shutdown(148)) - Shutting down service BlockDeletingService
2019-08-18 03:31:14,603 INFO  ozoneimpl.OzoneContainer (OzoneContainer.java:stop(199)) - Attempting to stop container services.
2019-08-18 03:31:14,604 WARN  fs.CachingGetSpaceUsed (CachingGetSpaceUsed.java:run(183)) - Thread Interrupted waiting to refresh disk information: sleep interrupted
2019-08-18 03:31:14,604 INFO  impl.RaftServerProxy (RaftServerProxy.java:lambda$close$4(314)) - 21fb6f03-9348-41f1-8a24-77c54b6d0f63: close
2019-08-18 03:31:14,604 INFO  impl.RaftServerImpl (RaftServerImpl.java:lambda$shutdown$3(245)) - 21fb6f03-9348-41f1-8a24-77c54b6d0f63: shutdown group-ED751AD489E6
2019-08-18 03:31:14,604 INFO  util.JmxRegister (JmxRegister.java:unregister(73)) - Successfully un-registered JMX Bean with object name Ratis:service=RaftServer,group=group-ED751AD489E6,id=21fb6f03-9348-41f1-8a24-77c54b6d0f63
2019-08-18 03:31:14,605 INFO  impl.RoleInfo (RoleInfo.java:shutdownFollowerState(121)) - 21fb6f03-9348-41f1-8a24-77c54b6d0f63: shutdown FollowerState
2019-08-18 03:31:14,605 INFO  impl.StateMachineUpdater (StateMachineUpdater.java:stopAndJoin(115)) - StateMachineUpdater:21fb6f03-9348-41f1-8a24-77c54b6d0f63:group-ED751AD489E6: set stopIndex = 15
2019-08-18 03:31:14,605 INFO  ratis.ContainerStateMachine (ContainerStateMachine.java:takeSnapshot(262)) - group-ED751AD489E6: Taking a snapshot at:(t:1, i:13) file /workdir/hadoop-ozone/integration-test/target/test-dir/MiniOzoneClusterImpl-9099f0a0-2df3-4059-97d9-a1f48415580d/datanode-0/data/ratis/0f2428ab-ccc8-44e3-8d42-ed751ad489e6/sm/snapshot.1_13
2019-08-18 03:31:14,605 INFO  impl.FollowerState (FollowerState.java:run(114)) - 21fb6f03-9348-41f1-8a24-77c54b6d0f63: FollowerState was interrupted: java.lang.InterruptedException: sleep interrupted
2019-08-18 03:31:14,625 INFO  ratis.ContainerStateMachine (ContainerStateMachine.java:takeSnapshot(273)) - group-ED751AD489E6: Finished taking a snapshot at:(t:1, i:13) file:/workdir/hadoop-ozone/integration-test/target/test-dir/MiniOzoneClusterImpl-9099f0a0-2df3-4059-97d9-a1f48415580d/datanode-0/data/ratis/0f2428ab-ccc8-44e3-8d42-ed751ad489e6/sm/snapshot.1_13 time:19
2019-08-18 03:31:14,626 INFO  statemachine.DatanodeStateMachine (DatanodeStateMachine.java:stopDaemon(395)) - Ozone container server stopped.
2019-08-18 03:31:14,626 INFO  impl.StateMachineUpdater (StateMachineUpdater.java:takeSnapshot(242)) - StateMachineUpdater:21fb6f03-9348-41f1-8a24-77c54b6d0f63:group-ED751AD489E6: Took a snapshot at index 13
2019-08-18 03:31:14,627 INFO  impl.StateMachineUpdater (StateMachineUpdater.java:lambda$new$0(80)) - StateMachineUpdater:21fb6f03-9348-41f1-8a24-77c54b6d0f63:group-ED751AD489E6: snapshotIndex: updateIncreasingly -1 -> 13
2019-08-18 03:31:14,627 INFO  impl.RaftServerImpl (ServerState.java:close(394)) - 21fb6f03-9348-41f1-8a24-77c54b6d0f63:group-ED751AD489E6 closes. The last applied log index is 15
2019-08-18 03:31:14,627 INFO  handler.ContextHandler (ContextHandler.java:doStop(910)) - Stopped o.e.j.w.WebAppContext@6dabad5c{/,null,UNAVAILABLE}{/hddsDatanode}
2019-08-18 03:31:14,628 INFO  segmented.SegmentedRaftLogWorker (SegmentedRaftLogWorker.java:run(313)) - 21fb6f03-9348-41f1-8a24-77c54b6d0f63-SegmentedRaftLogWorker:Storage Directory /workdir/hadoop-ozone/integration-test/target/test-dir/MiniOzoneClusterImpl-9099f0a0-2df3-4059-97d9-a1f48415580d/datanode-0/data/ratis/0f2428ab-ccc8-44e3-8d42-ed751ad489e6 was interrupted, exiting. There are 0 tasks remaining in the queue.
2019-08-18 03:31:14,628 INFO  segmented.SegmentedRaftLogWorker (SegmentedRaftLogWorker.java:close(228)) - 21fb6f03-9348-41f1-8a24-77c54b6d0f63-SegmentedRaftLogWorker:Storage Directory /workdir/hadoop-ozone/integration-test/target/test-dir/MiniOzoneClusterImpl-9099f0a0-2df3-4059-97d9-a1f48415580d/datanode-0/data/ratis/0f2428ab-ccc8-44e3-8d42-ed751ad489e6 close()
2019-08-18 03:31:14,628 INFO  server.AbstractConnector (AbstractConnector.java:doStop(318)) - Stopped ServerConnector@1bfa398e{HTTP/1.1,[http/1.1]}{0.0.0.0:0}
2019-08-18 03:31:14,630 INFO  impl.RaftServerImpl (RaftServerImpl.java:lambda$shutdown$3(245)) - 21fb6f03-9348-41f1-8a24-77c54b6d0f63: shutdown group-E41CD7B36B4B
2019-08-18 03:31:14,630 INFO  handler.ContextHandler (ContextHandler.java:doStop(910)) - Stopped o.e.j.s.ServletContextHandler@7ec63b9a{/static,jar:file:/home/user/.m2/repository/org/apache/hadoop/hadoop-hdds-container-service/0.4.1-SNAPSHOT/hadoop-hdds-container-service-0.4.1-SNAPSHOT.jar!/webapps/static,UNAVAILABLE}
2019-08-18 03:31:14,630 INFO  util.JmxRegister (JmxRegister.java:unregister(73)) - Successfully un-registered JMX Bean with object name Ratis:service=RaftServer,group=group-E41CD7B36B4B,id=21fb6f03-9348-41f1-8a24-77c54b6d0f63
2019-08-18 03:31:14,631 INFO  handler.ContextHandler (ContextHandler.java:doStop(910)) - Stopped o.e.j.s.ServletContextHandler@6980e66a{/logs,file:///workdir/hadoop-ozone/integration-test/target/log,UNAVAILABLE}
2019-08-18 03:31:14,631 INFO  impl.RoleInfo (RoleInfo.java:shutdownLeaderState(104)) - 21fb6f03-9348-41f1-8a24-77c54b6d0f63: shutdown LeaderState
2019-08-18 03:31:14,632 INFO  impl.PendingRequests (PendingRequests.java:sendNotLeaderResponses(202)) - 21fb6f03-9348-41f1-8a24-77c54b6d0f63-PendingRequests: sendNotLeaderResponses
2019-08-18 03:31:14,632 INFO  impl.StateMachineUpdater (StateMachineUpdater.java:stopAndJoin(115)) - StateMachineUpdater:21fb6f03-9348-41f1-8a24-77c54b6d0f63:group-E41CD7B36B4B: set stopIndex = 0
2019-08-18 03:31:14,633 INFO  impl.RaftServerImpl (ServerState.java:close(394)) - 21fb6f03-9348-41f1-8a24-77c54b6d0f63:group-E41CD7B36B4B closes. The last applied log index is 0
2019-08-18 03:31:14,633 INFO  segmented.SegmentedRaftLogWorker (SegmentedRaftLogWorker.java:run(313)) - 21fb6f03-9348-41f1-8a24-77c54b6d0f63-SegmentedRaftLogWorker:Storage Directory /workdir/hadoop-ozone/integration-test/target/test-dir/MiniOzoneClusterImpl-9099f0a0-2df3-4059-97d9-a1f48415580d/datanode-0/data/ratis/7fe74373-2a20-4d60-bbea-e41cd7b36b4b was interrupted, exiting. There are 0 tasks remaining in the queue.
2019-08-18 03:31:14,633 INFO  segmented.SegmentedRaftLogWorker (SegmentedRaftLogWorker.java:close(228)) - 21fb6f03-9348-41f1-8a24-77c54b6d0f63-SegmentedRaftLogWorker:Storage Directory /workdir/hadoop-ozone/integration-test/target/test-dir/MiniOzoneClusterImpl-9099f0a0-2df3-4059-97d9-a1f48415580d/datanode-0/data/ratis/7fe74373-2a20-4d60-bbea-e41cd7b36b4b close()
2019-08-18 03:31:14,635 INFO  server.GrpcService (GrpcService.java:closeImpl(155)) - 21fb6f03-9348-41f1-8a24-77c54b6d0f63: shutdown server with port 43957 now
2019-08-18 03:31:14,635 INFO  server.GrpcService (GrpcService.java:closeImpl(163)) - 21fb6f03-9348-41f1-8a24-77c54b6d0f63: shutdown server with port 43957 successfully
2019-08-18 03:31:14,637 INFO  utils.BackgroundService (BackgroundService.java:shutdown(148)) - Shutting down service BlockDeletingService
2019-08-18 03:31:14,638 WARN  fs.CachingGetSpaceUsed (CachingGetSpaceUsed.java:run(183)) - Thread Interrupted waiting to refresh disk information: sleep interrupted
2019-08-18 03:31:14,657 INFO  statemachine.DatanodeStateMachine (DatanodeStateMachine.java:stopDaemon(395)) - Ozone container server stopped.
2019-08-18 03:31:14,660 INFO  handler.ContextHandler (ContextHandler.java:doStop(910)) - Stopped o.e.j.w.WebAppContext@7d7d7b1a{/,null,UNAVAILABLE}{/hddsDatanode}
2019-08-18 03:31:14,661 INFO  server.AbstractConnector (AbstractConnector.java:doStop(318)) - Stopped ServerConnector@67836d4{HTTP/1.1,[http/1.1]}{0.0.0.0:0}
2019-08-18 03:31:14,662 INFO  handler.ContextHandler (ContextHandler.java:doStop(910)) - Stopped o.e.j.s.ServletContextHandler@6db59e26{/static,jar:file:/home/user/.m2/repository/org/apache/hadoop/hadoop-hdds-container-service/0.4.1-SNAPSHOT/hadoop-hdds-container-service-0.4.1-SNAPSHOT.jar!/webapps/static,UNAVAILABLE}
2019-08-18 03:31:14,663 INFO  handler.ContextHandler (ContextHandler.java:doStop(910)) - Stopped o.e.j.s.ServletContextHandler@6e200307{/logs,file:///workdir/hadoop-ozone/integration-test/target/log,UNAVAILABLE}
2019-08-18 03:31:14,664 INFO  ozone.MiniOzoneClusterImpl (MiniOzoneClusterImpl.java:stop(353)) - Stopping the StorageContainerManager
2019-08-18 03:31:14,664 INFO  server.StorageContainerManager (StorageContainerManager.java:stop(797)) - Stopping Replication Manager Service.
2019-08-18 03:31:14,664 INFO  container.ReplicationManager (ReplicationManager.java:stop(193)) - Stopping Replication Monitor Thread.
2019-08-18 03:31:14,665 INFO  server.StorageContainerManager (StorageContainerManager.java:stop(804)) - Stopping Lease Manager of the command watchers
2019-08-18 03:31:14,665 INFO  server.StorageContainerManager (StorageContainerManager.java:stop(811)) - Stopping datanode service RPC server
2019-08-18 03:31:14,665 INFO  server.SCMDatanodeProtocolServer (SCMDatanodeProtocolServer.java:stop(367)) - Stopping the RPC server for DataNodes
2019-08-18 03:31:14,665 INFO  ipc.Server (Server.java:stop(3082)) - Stopping server on 45260
2019-08-18 03:31:14,668 INFO  ipc.Server (Server.java:run(1185)) - Stopping IPC Server listener on 45260
2019-08-18 03:31:14,668 INFO  ipc.Server (Server.java:run(1319)) - Stopping IPC Server Responder
2019-08-18 03:31:14,751 WARN  node.NodeStateManager (NodeStateManager.java:scheduleNextHealthCheck(646)) - Current Thread is interrupted, shutting down HB processing thread for Node Manager.
2019-08-18 03:31:14,751 INFO  server.StorageContainerManager (StorageContainerManager.java:stop(819)) - Stopping block service RPC server
2019-08-18 03:31:14,751 INFO  server.SCMBlockProtocolServer (SCMBlockProtocolServer.java:stop(148)) - Stopping the RPC server for Block Protocol
2019-08-18 03:31:14,751 INFO  ipc.Server (Server.java:stop(3082)) - Stopping server on 43922
2019-08-18 03:31:14,753 INFO  ipc.Server (Server.java:run(1185)) - Stopping IPC Server listener on 43922
2019-08-18 03:31:14,753 INFO  server.StorageContainerManager (StorageContainerManager.java:stop(826)) - Stopping the StorageContainerLocationProtocol RPC server
2019-08-18 03:31:14,754 INFO  server.SCMClientProtocolServer (SCMClientProtocolServer.java:stop(159)) - Stopping the RPC server for Client Protocol
2019-08-18 03:31:14,754 INFO  ipc.Server (Server.java:stop(3082)) - Stopping server on 36407
2019-08-18 03:31:14,753 INFO  ipc.Server (Server.java:run(1319)) - Stopping IPC Server Responder
2019-08-18 03:31:14,757 INFO  ipc.Server (Server.java:run(1185)) - Stopping IPC Server listener on 36407
2019-08-18 03:31:14,757 INFO  server.StorageContainerManager (StorageContainerManager.java:stop(833)) - Stopping Storage Container Manager HTTP server.
2019-08-18 03:31:14,757 INFO  ipc.Server (Server.java:run(1319)) - Stopping IPC Server Responder
2019-08-18 03:31:14,758 INFO  handler.ContextHandler (ContextHandler.java:doStop(910)) - Stopped o.e.j.w.WebAppContext@63bb719d{/,null,UNAVAILABLE}{/scm}
2019-08-18 03:31:14,759 INFO  server.AbstractConnector (AbstractConnector.java:doStop(318)) - Stopped ServerConnector@38e100ab{HTTP/1.1,[http/1.1]}{0.0.0.0:0}
2019-08-18 03:31:14,760 INFO  handler.ContextHandler (ContextHandler.java:doStop(910)) - Stopped o.e.j.s.ServletContextHandler@26c494d7{/static,file:///workdir/hadoop-ozone/integration-test/target/test-classes/webapps/static,UNAVAILABLE}
2019-08-18 03:31:14,760 INFO  handler.ContextHandler (ContextHandler.java:doStop(910)) - Stopped o.e.j.s.ServletContextHandler@6238b10a{/logs,file:///workdir/hadoop-ozone/integration-test/target/log,UNAVAILABLE}
2019-08-18 03:31:14,761 INFO  server.StorageContainerManager (StorageContainerManager.java:stop(844)) - Stopping Block Manager Service.
2019-08-18 03:31:14,761 INFO  utils.BackgroundService (BackgroundService.java:shutdown(148)) - Shutting down service SCMBlockDeletingService
2019-08-18 03:31:14,761 INFO  utils.BackgroundService (BackgroundService.java:shutdown(148)) - Shutting down service SCMBlockDeletingService
2019-08-18 03:31:14,762 INFO  server.StorageContainerManager (StorageContainerManager.java:stop(866)) - Stopping SCM Event Queue.
2019-08-18 03:31:14,766 INFO  impl.MetricsSystemImpl (MetricsSystemImpl.java:stop(210)) - Stopping HddsDatanode metrics system...
2019-08-18 03:31:14,777 INFO  impl.MetricsSystemImpl (MetricsSystemImpl.java:stop(216)) - HddsDatanode metrics system stopped.
]]></system-out>
    <system-err><![CDATA[Aug 18, 2019 3:30:32 AM com.sun.jersey.server.impl.application.WebApplicationImpl _initiate
INFO: Initiating Jersey application, version 'Jersey: 1.19 02/11/2015 03:25 AM'
Aug 18, 2019 3:30:33 AM com.sun.jersey.server.impl.application.WebApplicationImpl _initiate
INFO: Initiating Jersey application, version 'Jersey: 1.19 02/11/2015 03:25 AM'
Aug 18, 2019 3:30:33 AM com.sun.jersey.server.impl.application.WebApplicationImpl _initiate
INFO: Initiating Jersey application, version 'Jersey: 1.19 02/11/2015 03:25 AM'
Aug 18, 2019 3:30:33 AM com.sun.jersey.server.impl.application.WebApplicationImpl _initiate
INFO: Initiating Jersey application, version 'Jersey: 1.19 02/11/2015 03:25 AM'
Aug 18, 2019 3:30:33 AM com.sun.jersey.server.impl.application.WebApplicationImpl _initiate
INFO: Initiating Jersey application, version 'Jersey: 1.19 02/11/2015 03:25 AM'
Aug 18, 2019 3:30:33 AM com.sun.jersey.server.impl.application.WebApplicationImpl _initiate
INFO: Initiating Jersey application, version 'Jersey: 1.19 02/11/2015 03:25 AM'
Aug 18, 2019 3:30:34 AM com.sun.jersey.server.impl.application.WebApplicationImpl _initiate
INFO: Initiating Jersey application, version 'Jersey: 1.19 02/11/2015 03:25 AM'
Aug 18, 2019 3:30:36 AM org.apache.ratis.thirdparty.io.grpc.internal.ManagedChannelOrphanWrapper$ManagedChannelReference cleanQueue
SEVERE: *~*~*~ Channel ManagedChannelImpl{logId=2961, target=192.168.69.121:37985} was not shutdown properly!!! ~*~*~*
    Make sure to call shutdown()/shutdownNow() and wait until awaitTermination() returns true.
java.lang.RuntimeException: ManagedChannel allocation site
	at org.apache.ratis.thirdparty.io.grpc.internal.ManagedChannelOrphanWrapper$ManagedChannelReference.<init>(ManagedChannelOrphanWrapper.java:103)
	at org.apache.ratis.thirdparty.io.grpc.internal.ManagedChannelOrphanWrapper.<init>(ManagedChannelOrphanWrapper.java:53)
	at org.apache.ratis.thirdparty.io.grpc.internal.ManagedChannelOrphanWrapper.<init>(ManagedChannelOrphanWrapper.java:44)
	at org.apache.ratis.thirdparty.io.grpc.internal.AbstractManagedChannelImplBuilder.build(AbstractManagedChannelImplBuilder.java:411)
	at org.apache.ratis.grpc.client.GrpcClientProtocolClient.<init>(GrpcClientProtocolClient.java:119)
	at org.apache.ratis.grpc.client.GrpcClientRpc.lambda$new$0(GrpcClientRpc.java:55)
	at org.apache.ratis.util.PeerProxyMap$PeerAndProxy.lambda$getProxy$0(PeerProxyMap.java:61)
	at org.apache.ratis.util.LifeCycle.startAndTransition(LifeCycle.java:202)
	at org.apache.ratis.util.PeerProxyMap$PeerAndProxy.getProxy(PeerProxyMap.java:60)
	at org.apache.ratis.util.PeerProxyMap.getProxy(PeerProxyMap.java:107)
	at org.apache.ratis.grpc.client.GrpcClientRpc.sendRequestAsync(GrpcClientRpc.java:66)
	at org.apache.ratis.client.impl.OrderedAsync.sendRequest(OrderedAsync.java:208)
	at org.apache.ratis.client.impl.OrderedAsync.sendRequestWithRetry(OrderedAsync.java:169)
	at org.apache.ratis.util.SlidingWindow$Client.sendOrDelayRequest(SlidingWindow.java:278)
	at org.apache.ratis.util.SlidingWindow$Client.submitNewRequest(SlidingWindow.java:257)
	at org.apache.ratis.client.impl.OrderedAsync.send(OrderedAsync.java:155)
	at org.apache.ratis.client.impl.RaftClientImpl.sendAsync(RaftClientImpl.java:145)
	at org.apache.ratis.client.impl.RaftClientImpl.sendAsync(RaftClientImpl.java:125)
	at org.apache.hadoop.hdds.scm.XceiverClientRatis.sendRequestAsync(XceiverClientRatis.java:224)
	at org.apache.hadoop.hdds.scm.XceiverClientRatis.sendCommandAsync(XceiverClientRatis.java:302)
	at org.apache.hadoop.hdds.scm.storage.ContainerProtocolCalls.writeChunkAsync(ContainerProtocolCalls.java:310)
	at org.apache.hadoop.hdds.scm.storage.BlockOutputStream.writeChunkToContainer(BlockOutputStream.java:601)
	at org.apache.hadoop.hdds.scm.storage.BlockOutputStream.writeChunk(BlockOutputStream.java:459)
	at org.apache.hadoop.hdds.scm.storage.BlockOutputStream.writeOnRetry(BlockOutputStream.java:285)
	at org.apache.hadoop.ozone.client.io.BlockOutputStreamEntry.writeOnRetry(BlockOutputStreamEntry.java:200)
	at org.apache.hadoop.ozone.client.io.KeyOutputStream.handleWrite(KeyOutputStream.java:209)
	at org.apache.hadoop.ozone.client.io.KeyOutputStream.handleRetry(KeyOutputStream.java:376)
	at org.apache.hadoop.ozone.client.io.KeyOutputStream.handleException(KeyOutputStream.java:325)
	at org.apache.hadoop.ozone.client.io.KeyOutputStream.handleFlushOrClose(KeyOutputStream.java:448)
	at org.apache.hadoop.ozone.client.io.KeyOutputStream.handleWrite(KeyOutputStream.java:235)
	at org.apache.hadoop.ozone.client.io.KeyOutputStream.write(KeyOutputStream.java:193)
	at org.apache.hadoop.ozone.client.io.OzoneOutputStream.write(OzoneOutputStream.java:49)
	at java.io.OutputStream.write(OutputStream.java:75)
	at org.apache.hadoop.ozone.client.rpc.TestBlockOutputStreamWithFailures.testWatchForCommitWithSingleNodeRatis(TestBlockOutputStreamWithFailures.java:885)
	at sun.reflect.NativeMethodAccessorImpl.invoke0(Native Method)
	at sun.reflect.NativeMethodAccessorImpl.invoke(NativeMethodAccessorImpl.java:62)
	at sun.reflect.DelegatingMethodAccessorImpl.invoke(DelegatingMethodAccessorImpl.java:43)
	at java.lang.reflect.Method.invoke(Method.java:498)
	at org.junit.runners.model.FrameworkMethod$1.runReflectiveCall(FrameworkMethod.java:47)
	at org.junit.internal.runners.model.ReflectiveCallable.run(ReflectiveCallable.java:12)
	at org.junit.runners.model.FrameworkMethod.invokeExplosively(FrameworkMethod.java:44)
	at org.junit.internal.runners.statements.InvokeMethod.evaluate(InvokeMethod.java:17)
	at org.junit.internal.runners.statements.RunBefores.evaluate(RunBefores.java:26)
	at org.junit.internal.runners.statements.RunAfters.evaluate(RunAfters.java:27)
	at org.junit.runners.ParentRunner.runLeaf(ParentRunner.java:271)
	at org.junit.runners.BlockJUnit4ClassRunner.runChild(BlockJUnit4ClassRunner.java:70)
	at org.junit.runners.BlockJUnit4ClassRunner.runChild(BlockJUnit4ClassRunner.java:50)
	at org.junit.runners.ParentRunner$3.run(ParentRunner.java:238)
	at org.junit.runners.ParentRunner$1.schedule(ParentRunner.java:63)
	at org.junit.runners.ParentRunner.runChildren(ParentRunner.java:236)
	at org.junit.runners.ParentRunner.access$000(ParentRunner.java:53)
	at org.junit.runners.ParentRunner$2.evaluate(ParentRunner.java:229)
	at org.junit.runners.ParentRunner.run(ParentRunner.java:309)
	at org.apache.maven.surefire.junit4.JUnit4Provider.execute(JUnit4Provider.java:365)
	at org.apache.maven.surefire.junit4.JUnit4Provider.executeWithRerun(JUnit4Provider.java:273)
	at org.apache.maven.surefire.junit4.JUnit4Provider.executeTestSet(JUnit4Provider.java:238)
	at org.apache.maven.surefire.junit4.JUnit4Provider.invoke(JUnit4Provider.java:159)
	at org.apache.maven.surefire.booter.ForkedBooter.invokeProviderInSameClassLoader(ForkedBooter.java:384)
	at org.apache.maven.surefire.booter.ForkedBooter.runSuitesInProcess(ForkedBooter.java:345)
	at org.apache.maven.surefire.booter.ForkedBooter.execute(ForkedBooter.java:126)
	at org.apache.maven.surefire.booter.ForkedBooter.main(ForkedBooter.java:418)

Aug 18, 2019 3:30:36 AM org.apache.ratis.thirdparty.io.grpc.internal.ManagedChannelOrphanWrapper$ManagedChannelReference cleanQueue
SEVERE: *~*~*~ Channel ManagedChannelImpl{logId=2966, target=192.168.69.121:40261} was not shutdown properly!!! ~*~*~*
    Make sure to call shutdown()/shutdownNow() and wait until awaitTermination() returns true.
java.lang.RuntimeException: ManagedChannel allocation site
	at org.apache.ratis.thirdparty.io.grpc.internal.ManagedChannelOrphanWrapper$ManagedChannelReference.<init>(ManagedChannelOrphanWrapper.java:103)
	at org.apache.ratis.thirdparty.io.grpc.internal.ManagedChannelOrphanWrapper.<init>(ManagedChannelOrphanWrapper.java:53)
	at org.apache.ratis.thirdparty.io.grpc.internal.ManagedChannelOrphanWrapper.<init>(ManagedChannelOrphanWrapper.java:44)
	at org.apache.ratis.thirdparty.io.grpc.internal.AbstractManagedChannelImplBuilder.build(AbstractManagedChannelImplBuilder.java:411)
	at org.apache.hadoop.hdds.scm.XceiverClientGrpc.connectToDatanode(XceiverClientGrpc.java:174)
	at org.apache.hadoop.hdds.scm.XceiverClientGrpc.reconnect(XceiverClientGrpc.java:422)
	at org.apache.hadoop.hdds.scm.XceiverClientGrpc.sendCommandAsync(XceiverClientGrpc.java:371)
	at org.apache.hadoop.hdds.scm.XceiverClientGrpc.sendCommandWithRetry(XceiverClientGrpc.java:284)
	at org.apache.hadoop.hdds.scm.XceiverClientGrpc.sendCommandWithTraceIDAndRetry(XceiverClientGrpc.java:250)
	at org.apache.hadoop.hdds.scm.XceiverClientGrpc.sendCommand(XceiverClientGrpc.java:233)
	at org.apache.hadoop.hdds.scm.storage.ContainerProtocolCalls.getBlock(ContainerProtocolCalls.java:118)
	at org.apache.hadoop.hdds.scm.storage.BlockInputStream.getChunkInfos(BlockInputStream.java:167)
	at org.apache.hadoop.hdds.scm.storage.BlockInputStream.initialize(BlockInputStream.java:118)
	at org.apache.hadoop.hdds.scm.storage.BlockInputStream.read(BlockInputStream.java:222)
	at org.apache.hadoop.ozone.client.io.KeyInputStream.read(KeyInputStream.java:171)
	at org.apache.hadoop.ozone.client.io.OzoneInputStream.read(OzoneInputStream.java:47)
	at java.io.InputStream.read(InputStream.java:101)
	at org.apache.hadoop.ozone.container.ContainerTestHelper.validateData(ContainerTestHelper.java:709)
	at org.apache.hadoop.ozone.client.rpc.TestBlockOutputStreamWithFailures.validateData(TestBlockOutputStreamWithFailures.java:1216)
	at org.apache.hadoop.ozone.client.rpc.TestBlockOutputStreamWithFailures.testWatchForCommitWithSingleNodeRatis(TestBlockOutputStreamWithFailures.java:918)
	at sun.reflect.NativeMethodAccessorImpl.invoke0(Native Method)
	at sun.reflect.NativeMethodAccessorImpl.invoke(NativeMethodAccessorImpl.java:62)
	at sun.reflect.DelegatingMethodAccessorImpl.invoke(DelegatingMethodAccessorImpl.java:43)
	at java.lang.reflect.Method.invoke(Method.java:498)
	at org.junit.runners.model.FrameworkMethod$1.runReflectiveCall(FrameworkMethod.java:47)
	at org.junit.internal.runners.model.ReflectiveCallable.run(ReflectiveCallable.java:12)
	at org.junit.runners.model.FrameworkMethod.invokeExplosively(FrameworkMethod.java:44)
	at org.junit.internal.runners.statements.InvokeMethod.evaluate(InvokeMethod.java:17)
	at org.junit.internal.runners.statements.RunBefores.evaluate(RunBefores.java:26)
	at org.junit.internal.runners.statements.RunAfters.evaluate(RunAfters.java:27)
	at org.junit.runners.ParentRunner.runLeaf(ParentRunner.java:271)
	at org.junit.runners.BlockJUnit4ClassRunner.runChild(BlockJUnit4ClassRunner.java:70)
	at org.junit.runners.BlockJUnit4ClassRunner.runChild(BlockJUnit4ClassRunner.java:50)
	at org.junit.runners.ParentRunner$3.run(ParentRunner.java:238)
	at org.junit.runners.ParentRunner$1.schedule(ParentRunner.java:63)
	at org.junit.runners.ParentRunner.runChildren(ParentRunner.java:236)
	at org.junit.runners.ParentRunner.access$000(ParentRunner.java:53)
	at org.junit.runners.ParentRunner$2.evaluate(ParentRunner.java:229)
	at org.junit.runners.ParentRunner.run(ParentRunner.java:309)
	at org.apache.maven.surefire.junit4.JUnit4Provider.execute(JUnit4Provider.java:365)
	at org.apache.maven.surefire.junit4.JUnit4Provider.executeWithRerun(JUnit4Provider.java:273)
	at org.apache.maven.surefire.junit4.JUnit4Provider.executeTestSet(JUnit4Provider.java:238)
	at org.apache.maven.surefire.junit4.JUnit4Provider.invoke(JUnit4Provider.java:159)
	at org.apache.maven.surefire.booter.ForkedBooter.invokeProviderInSameClassLoader(ForkedBooter.java:384)
	at org.apache.maven.surefire.booter.ForkedBooter.runSuitesInProcess(ForkedBooter.java:345)
	at org.apache.maven.surefire.booter.ForkedBooter.execute(ForkedBooter.java:126)
	at org.apache.maven.surefire.booter.ForkedBooter.main(ForkedBooter.java:418)

Aug 18, 2019 3:30:36 AM org.apache.ratis.thirdparty.io.grpc.internal.ManagedChannelOrphanWrapper$ManagedChannelReference cleanQueue
SEVERE: *~*~*~ Channel ManagedChannelImpl{logId=2956, target=192.168.69.121:40272} was not shutdown properly!!! ~*~*~*
    Make sure to call shutdown()/shutdownNow() and wait until awaitTermination() returns true.
java.lang.RuntimeException: ManagedChannel allocation site
	at org.apache.ratis.thirdparty.io.grpc.internal.ManagedChannelOrphanWrapper$ManagedChannelReference.<init>(ManagedChannelOrphanWrapper.java:103)
	at org.apache.ratis.thirdparty.io.grpc.internal.ManagedChannelOrphanWrapper.<init>(ManagedChannelOrphanWrapper.java:53)
	at org.apache.ratis.thirdparty.io.grpc.internal.ManagedChannelOrphanWrapper.<init>(ManagedChannelOrphanWrapper.java:44)
	at org.apache.ratis.thirdparty.io.grpc.internal.AbstractManagedChannelImplBuilder.build(AbstractManagedChannelImplBuilder.java:411)
	at org.apache.ratis.grpc.client.GrpcClientProtocolClient.<init>(GrpcClientProtocolClient.java:119)
	at org.apache.ratis.grpc.client.GrpcClientRpc.lambda$new$0(GrpcClientRpc.java:55)
	at org.apache.ratis.util.PeerProxyMap$PeerAndProxy.lambda$getProxy$0(PeerProxyMap.java:61)
	at org.apache.ratis.util.LifeCycle.startAndTransition(LifeCycle.java:202)
	at org.apache.ratis.util.PeerProxyMap$PeerAndProxy.getProxy(PeerProxyMap.java:60)
	at org.apache.ratis.util.PeerProxyMap.getProxy(PeerProxyMap.java:107)
	at org.apache.ratis.grpc.client.GrpcClientRpc.sendRequestAsync(GrpcClientRpc.java:66)
	at org.apache.ratis.client.impl.OrderedAsync.sendRequest(OrderedAsync.java:208)
	at org.apache.ratis.client.impl.OrderedAsync.sendRequestWithRetry(OrderedAsync.java:169)
	at org.apache.ratis.util.SlidingWindow$Client.sendOrDelayRequest(SlidingWindow.java:278)
	at org.apache.ratis.util.SlidingWindow$Client.retry(SlidingWindow.java:294)
	at org.apache.ratis.client.impl.OrderedAsync.lambda$scheduleWithTimeout$7(OrderedAsync.java:195)
	at org.apache.ratis.util.TimeoutScheduler.lambda$onTimeout$0(TimeoutScheduler.java:85)
	at org.apache.ratis.util.TimeoutScheduler.lambda$onTimeout$1(TimeoutScheduler.java:104)
	at org.apache.ratis.util.LogUtils.runAndLog(LogUtils.java:50)
	at org.apache.ratis.util.LogUtils$1.run(LogUtils.java:91)
	at java.util.concurrent.Executors$RunnableAdapter.call(Executors.java:511)
	at java.util.concurrent.FutureTask.run(FutureTask.java:266)
	at java.util.concurrent.ScheduledThreadPoolExecutor$ScheduledFutureTask.access$201(ScheduledThreadPoolExecutor.java:180)
	at java.util.concurrent.ScheduledThreadPoolExecutor$ScheduledFutureTask.run(ScheduledThreadPoolExecutor.java:293)
	at java.util.concurrent.ThreadPoolExecutor.runWorker(ThreadPoolExecutor.java:1149)
	at java.util.concurrent.ThreadPoolExecutor$Worker.run(ThreadPoolExecutor.java:624)
	at java.lang.Thread.run(Thread.java:748)

Aug 18, 2019 3:30:36 AM org.apache.ratis.thirdparty.io.grpc.internal.ManagedChannelOrphanWrapper$ManagedChannelReference cleanQueue
SEVERE: *~*~*~ Channel ManagedChannelImpl{logId=2971, target=192.168.69.121:42464} was not shutdown properly!!! ~*~*~*
    Make sure to call shutdown()/shutdownNow() and wait until awaitTermination() returns true.
java.lang.RuntimeException: ManagedChannel allocation site
	at org.apache.ratis.thirdparty.io.grpc.internal.ManagedChannelOrphanWrapper$ManagedChannelReference.<init>(ManagedChannelOrphanWrapper.java:103)
	at org.apache.ratis.thirdparty.io.grpc.internal.ManagedChannelOrphanWrapper.<init>(ManagedChannelOrphanWrapper.java:53)
	at org.apache.ratis.thirdparty.io.grpc.internal.ManagedChannelOrphanWrapper.<init>(ManagedChannelOrphanWrapper.java:44)
	at org.apache.ratis.thirdparty.io.grpc.internal.AbstractManagedChannelImplBuilder.build(AbstractManagedChannelImplBuilder.java:411)
	at org.apache.hadoop.hdds.scm.XceiverClientGrpc.connectToDatanode(XceiverClientGrpc.java:174)
	at org.apache.hadoop.hdds.scm.XceiverClientGrpc.reconnect(XceiverClientGrpc.java:422)
	at org.apache.hadoop.hdds.scm.XceiverClientGrpc.sendCommandAsync(XceiverClientGrpc.java:371)
	at org.apache.hadoop.hdds.scm.XceiverClientGrpc.sendCommandWithRetry(XceiverClientGrpc.java:284)
	at org.apache.hadoop.hdds.scm.XceiverClientGrpc.sendCommandWithTraceIDAndRetry(XceiverClientGrpc.java:250)
	at org.apache.hadoop.hdds.scm.XceiverClientGrpc.sendCommand(XceiverClientGrpc.java:233)
	at org.apache.hadoop.hdds.scm.storage.ContainerProtocolCalls.getBlock(ContainerProtocolCalls.java:118)
	at org.apache.hadoop.hdds.scm.storage.BlockInputStream.getChunkInfos(BlockInputStream.java:167)
	at org.apache.hadoop.hdds.scm.storage.BlockInputStream.initialize(BlockInputStream.java:118)
	at org.apache.hadoop.hdds.scm.storage.BlockInputStream.read(BlockInputStream.java:222)
	at org.apache.hadoop.ozone.client.io.KeyInputStream.read(KeyInputStream.java:171)
	at org.apache.hadoop.ozone.client.io.OzoneInputStream.read(OzoneInputStream.java:47)
	at java.io.InputStream.read(InputStream.java:101)
	at org.apache.hadoop.ozone.container.ContainerTestHelper.validateData(ContainerTestHelper.java:709)
	at org.apache.hadoop.ozone.client.rpc.TestBlockOutputStreamWithFailures.validateData(TestBlockOutputStreamWithFailures.java:1216)
	at org.apache.hadoop.ozone.client.rpc.TestBlockOutputStreamWithFailures.testWatchForCommitWithSingleNodeRatis(TestBlockOutputStreamWithFailures.java:918)
	at sun.reflect.NativeMethodAccessorImpl.invoke0(Native Method)
	at sun.reflect.NativeMethodAccessorImpl.invoke(NativeMethodAccessorImpl.java:62)
	at sun.reflect.DelegatingMethodAccessorImpl.invoke(DelegatingMethodAccessorImpl.java:43)
	at java.lang.reflect.Method.invoke(Method.java:498)
	at org.junit.runners.model.FrameworkMethod$1.runReflectiveCall(FrameworkMethod.java:47)
	at org.junit.internal.runners.model.ReflectiveCallable.run(ReflectiveCallable.java:12)
	at org.junit.runners.model.FrameworkMethod.invokeExplosively(FrameworkMethod.java:44)
	at org.junit.internal.runners.statements.InvokeMethod.evaluate(InvokeMethod.java:17)
	at org.junit.internal.runners.statements.RunBefores.evaluate(RunBefores.java:26)
	at org.junit.internal.runners.statements.RunAfters.evaluate(RunAfters.java:27)
	at org.junit.runners.ParentRunner.runLeaf(ParentRunner.java:271)
	at org.junit.runners.BlockJUnit4ClassRunner.runChild(BlockJUnit4ClassRunner.java:70)
	at org.junit.runners.BlockJUnit4ClassRunner.runChild(BlockJUnit4ClassRunner.java:50)
	at org.junit.runners.ParentRunner$3.run(ParentRunner.java:238)
	at org.junit.runners.ParentRunner$1.schedule(ParentRunner.java:63)
	at org.junit.runners.ParentRunner.runChildren(ParentRunner.java:236)
	at org.junit.runners.ParentRunner.access$000(ParentRunner.java:53)
	at org.junit.runners.ParentRunner$2.evaluate(ParentRunner.java:229)
	at org.junit.runners.ParentRunner.run(ParentRunner.java:309)
	at org.apache.maven.surefire.junit4.JUnit4Provider.execute(JUnit4Provider.java:365)
	at org.apache.maven.surefire.junit4.JUnit4Provider.executeWithRerun(JUnit4Provider.java:273)
	at org.apache.maven.surefire.junit4.JUnit4Provider.executeTestSet(JUnit4Provider.java:238)
	at org.apache.maven.surefire.junit4.JUnit4Provider.invoke(JUnit4Provider.java:159)
	at org.apache.maven.surefire.booter.ForkedBooter.invokeProviderInSameClassLoader(ForkedBooter.java:384)
	at org.apache.maven.surefire.booter.ForkedBooter.runSuitesInProcess(ForkedBooter.java:345)
	at org.apache.maven.surefire.booter.ForkedBooter.execute(ForkedBooter.java:126)
	at org.apache.maven.surefire.booter.ForkedBooter.main(ForkedBooter.java:418)

]]></system-err>
  </testcase>
  <testcase name="testFailureWithPrimeSizedData" classname="org.apache.hadoop.ozone.client.rpc.TestBlockOutputStreamWithFailures" time="34.393"/>
  <testcase name="testWatchForCommitWithCloseContainerException" classname="org.apache.hadoop.ozone.client.rpc.TestBlockOutputStreamWithFailures" time="35.115"/>
  <testcase name="testExceptionDuringClose" classname="org.apache.hadoop.ozone.client.rpc.TestBlockOutputStreamWithFailures" time="34.309"/>
</testsuite>