<?xml version="1.0" encoding="UTF-8"?>
<testsuite xmlns:xsi="http://www.w3.org/2001/XMLSchema-instance" xsi:noNamespaceSchemaLocation="https://maven.apache.org/surefire/maven-surefire-plugin/xsd/surefire-test-report.xsd" name="org.apache.hadoop.ozone.client.rpc.TestOzoneClientRetriesOnException" time="76.874" tests="2" errors="1" skipped="0" failures="0">
  <properties>
    <property name="awt.toolkit" value="sun.awt.X11.XToolkit"/>
    <property name="file.encoding.pkg" value="sun.io"/>
    <property name="java.specification.version" value="1.8"/>
    <property name="sun.cpu.isalist" value=""/>
    <property name="sun.jnu.encoding" value="UTF-8"/>
    <property name="java.class.path" value="/workdir/hadoop-ozone/integration-test/target/test-classes:/workdir/hadoop-ozone/integration-test/target/classes:/home/user/.m2/repository/org/apache/hadoop/hadoop-ozone-common/0.4.1-SNAPSHOT/hadoop-ozone-common-0.4.1-SNAPSHOT.jar:/home/user/.m2/repository/org/apache/commons/commons-compress/1.4.1/commons-compress-1.4.1.jar:/home/user/.m2/repository/org/tukaani/xz/1.0/xz-1.0.jar:/home/user/.m2/repository/org/apache/hadoop/hadoop-common/3.2.0/hadoop-common-3.2.0.jar:/home/user/.m2/repository/org/apache/hadoop/hadoop-hdfs/3.2.0/hadoop-hdfs-3.2.0.jar:/home/user/.m2/repository/org/apache/hadoop/hadoop-hdfs-client/3.2.0/hadoop-hdfs-client-3.2.0.jar:/home/user/.m2/repository/com/fasterxml/jackson/core/jackson-annotations/2.9.5/jackson-annotations-2.9.5.jar:/home/user/.m2/repository/org/apache/hadoop/hadoop-hdds-common/0.4.1-SNAPSHOT/hadoop-hdds-common-0.4.1-SNAPSHOT.jar:/home/user/.m2/repository/javax/annotation/javax.annotation-api/1.2/javax.annotation-api-1.2.jar:/home/user/.m2/repository/org/apache/ratis/ratis-server/0.4.0-2337318-SNAPSHOT/ratis-server-0.4.0-2337318-SNAPSHOT.jar:/home/user/.m2/repository/org/apache/ratis/ratis-thirdparty-misc/0.2.0/ratis-thirdparty-misc-0.2.0.jar:/home/user/.m2/repository/org/apache/ratis/ratis-proto/0.4.0-2337318-SNAPSHOT/ratis-proto-0.4.0-2337318-SNAPSHOT.jar:/home/user/.m2/repository/org/apache/ratis/ratis-common/0.4.0-2337318-SNAPSHOT/ratis-common-0.4.0-2337318-SNAPSHOT.jar:/home/user/.m2/repository/org/apache/ratis/ratis-client/0.4.0-2337318-SNAPSHOT/ratis-client-0.4.0-2337318-SNAPSHOT.jar:/home/user/.m2/repository/org/apache/ratis/ratis-metrics/0.4.0-2337318-SNAPSHOT/ratis-metrics-0.4.0-2337318-SNAPSHOT.jar:/home/user/.m2/repository/org/apache/ratis/ratis-netty/0.4.0-2337318-SNAPSHOT/ratis-netty-0.4.0-2337318-SNAPSHOT.jar:/home/user/.m2/repository/org/apache/ratis/ratis-grpc/0.4.0-2337318-SNAPSHOT/ratis-grpc-0.4.0-2337318-SNAPSHOT.jar:/home/user/.m2/repository/org/rocksdb/rocksdbjni/6.0.1/rocksdbjni-6.0.1.jar:/home/user/.m2/repository/org/apache/logging/log4j/log4j-api/2.11.0/log4j-api-2.11.0.jar:/home/user/.m2/repository/org/apache/logging/log4j/log4j-core/2.11.0/log4j-core-2.11.0.jar:/home/user/.m2/repository/com/lmax/disruptor/3.4.2/disruptor-3.4.2.jar:/home/user/.m2/repository/org/apache/commons/commons-pool2/2.6.0/commons-pool2-2.6.0.jar:/home/user/.m2/repository/org/bouncycastle/bcpkix-jdk15on/1.60/bcpkix-jdk15on-1.60.jar:/home/user/.m2/repository/commons-validator/commons-validator/1.6/commons-validator-1.6.jar:/home/user/.m2/repository/commons-digester/commons-digester/1.8.1/commons-digester-1.8.1.jar:/home/user/.m2/repository/io/jaegertracing/jaeger-client/0.33.1/jaeger-client-0.33.1.jar:/home/user/.m2/repository/io/jaegertracing/jaeger-thrift/0.33.1/jaeger-thrift-0.33.1.jar:/home/user/.m2/repository/org/apache/thrift/libthrift/0.11.0/libthrift-0.11.0.jar:/home/user/.m2/repository/com/squareup/okhttp3/okhttp/3.9.0/okhttp-3.9.0.jar:/home/user/.m2/repository/com/squareup/okio/okio/1.13.0/okio-1.13.0.jar:/home/user/.m2/repository/io/jaegertracing/jaeger-core/0.33.1/jaeger-core-0.33.1.jar:/home/user/.m2/repository/io/jaegertracing/jaeger-tracerresolver/0.33.1/jaeger-tracerresolver-0.33.1.jar:/home/user/.m2/repository/io/opentracing/contrib/opentracing-tracerresolver/0.1.5/opentracing-tracerresolver-0.1.5.jar:/home/user/.m2/repository/io/opentracing/opentracing-util/0.31.0/opentracing-util-0.31.0.jar:/home/user/.m2/repository/io/opentracing/opentracing-api/0.31.0/opentracing-api-0.31.0.jar:/home/user/.m2/repository/io/opentracing/opentracing-noop/0.31.0/opentracing-noop-0.31.0.jar:/home/user/.m2/repository/org/apache/hadoop/hadoop-hdds-server-framework/0.4.1-SNAPSHOT/hadoop-hdds-server-framework-0.4.1-SNAPSHOT.jar:/home/user/.m2/repository/org/apache/hadoop/hadoop-hdds-container-service/0.4.1-SNAPSHOT/hadoop-hdds-container-service-0.4.1-SNAPSHOT.jar:/home/user/.m2/repository/org/apache/hadoop/hadoop-hdds-client/0.4.1-SNAPSHOT/hadoop-hdds-client-0.4.1-SNAPSHOT.jar:/home/user/.m2/repository/org/apache/hadoop/hadoop-hdds-tools/0.4.1-SNAPSHOT/hadoop-hdds-tools-0.4.1-SNAPSHOT.jar:/home/user/.m2/repository/org/apache/hadoop/hadoop-hdds-server-scm/0.4.1-SNAPSHOT/hadoop-hdds-server-scm-0.4.1-SNAPSHOT.jar:/home/user/.m2/repository/org/apache/hadoop/hadoop-hdds-docs/0.4.1-SNAPSHOT/hadoop-hdds-docs-0.4.1-SNAPSHOT.jar:/home/user/.m2/repository/io/dropwizard/metrics/metrics-core/3.2.4/metrics-core-3.2.4.jar:/home/user/.m2/repository/org/hamcrest/hamcrest-all/1.3/hamcrest-all-1.3.jar:/home/user/.m2/repository/org/bouncycastle/bcprov-jdk15on/1.60/bcprov-jdk15on-1.60.jar:/home/user/.m2/repository/info/picocli/picocli/3.9.6/picocli-3.9.6.jar:/home/user/.m2/repository/com/google/protobuf/protobuf-java/2.5.0/protobuf-java-2.5.0.jar:/home/user/.m2/repository/com/google/guava/guava/11.0.2/guava-11.0.2.jar:/home/user/.m2/repository/org/apache/hadoop/hadoop-ozone-ozone-manager/0.4.1-SNAPSHOT/hadoop-ozone-ozone-manager-0.4.1-SNAPSHOT.jar:/home/user/.m2/repository/org/apache/hadoop/hadoop-minikdc/3.2.0/hadoop-minikdc-3.2.0.jar:/home/user/.m2/repository/commons-io/commons-io/2.5/commons-io-2.5.jar:/home/user/.m2/repository/org/apache/kerby/kerb-simplekdc/1.0.1/kerb-simplekdc-1.0.1.jar:/home/user/.m2/repository/org/apache/kerby/kerb-client/1.0.1/kerb-client-1.0.1.jar:/home/user/.m2/repository/org/apache/kerby/kerby-config/1.0.1/kerby-config-1.0.1.jar:/home/user/.m2/repository/org/apache/kerby/kerb-core/1.0.1/kerb-core-1.0.1.jar:/home/user/.m2/repository/org/apache/kerby/kerby-pkix/1.0.1/kerby-pkix-1.0.1.jar:/home/user/.m2/repository/org/apache/kerby/kerby-asn1/1.0.1/kerby-asn1-1.0.1.jar:/home/user/.m2/repository/org/apache/kerby/kerby-util/1.0.1/kerby-util-1.0.1.jar:/home/user/.m2/repository/org/apache/kerby/kerb-common/1.0.1/kerb-common-1.0.1.jar:/home/user/.m2/repository/org/apache/kerby/kerb-crypto/1.0.1/kerb-crypto-1.0.1.jar:/home/user/.m2/repository/org/apache/kerby/kerb-util/1.0.1/kerb-util-1.0.1.jar:/home/user/.m2/repository/org/apache/kerby/token-provider/1.0.1/token-provider-1.0.1.jar:/home/user/.m2/repository/org/apache/kerby/kerb-admin/1.0.1/kerb-admin-1.0.1.jar:/home/user/.m2/repository/org/apache/kerby/kerb-server/1.0.1/kerb-server-1.0.1.jar:/home/user/.m2/repository/org/apache/kerby/kerb-identity/1.0.1/kerb-identity-1.0.1.jar:/home/user/.m2/repository/org/apache/kerby/kerby-xdr/1.0.1/kerby-xdr-1.0.1.jar:/home/user/.m2/repository/org/slf4j/slf4j-log4j12/1.7.25/slf4j-log4j12-1.7.25.jar:/home/user/.m2/repository/org/apache/hadoop/hadoop-ozone-objectstore-service/0.4.1-SNAPSHOT/hadoop-ozone-objectstore-service-0.4.1-SNAPSHOT.jar:/home/user/.m2/repository/org/apache/hadoop/hadoop-ozone-s3gateway/0.4.1-SNAPSHOT/hadoop-ozone-s3gateway-0.4.1-SNAPSHOT.jar:/home/user/.m2/repository/org/jboss/weld/servlet/weld-servlet/2.4.7.Final/weld-servlet-2.4.7.Final.jar:/home/user/.m2/repository/org/glassfish/jersey/containers/jersey-container-servlet-core/2.27/jersey-container-servlet-core-2.27.jar:/home/user/.m2/repository/org/glassfish/hk2/external/javax.inject/2.5.0-b42/javax.inject-2.5.0-b42.jar:/home/user/.m2/repository/org/glassfish/jersey/core/jersey-common/2.27/jersey-common-2.27.jar:/home/user/.m2/repository/org/glassfish/hk2/osgi-resource-locator/1.0.1/osgi-resource-locator-1.0.1.jar:/home/user/.m2/repository/javax/ws/rs/javax.ws.rs-api/2.1/javax.ws.rs-api-2.1.jar:/home/user/.m2/repository/org/glassfish/jersey/ext/cdi/jersey-cdi1x/2.27/jersey-cdi1x-2.27.jar:/home/user/.m2/repository/org/glassfish/jersey/inject/jersey-hk2/2.27/jersey-hk2-2.27.jar:/home/user/.m2/repository/org/glassfish/hk2/hk2-locator/2.5.0-b42/hk2-locator-2.5.0-b42.jar:/home/user/.m2/repository/org/javassist/javassist/3.22.0-CR2/javassist-3.22.0-CR2.jar:/home/user/.m2/repository/org/glassfish/hk2/hk2-api/2.5.0/hk2-api-2.5.0.jar:/home/user/.m2/repository/org/glassfish/hk2/external/jakarta.inject/2.5.0/jakarta.inject-2.5.0.jar:/home/user/.m2/repository/org/glassfish/hk2/hk2-utils/2.5.0/hk2-utils-2.5.0.jar:/home/user/.m2/repository/jakarta/annotation/jakarta.annotation-api/1.3.4/jakarta.annotation-api-1.3.4.jar:/home/user/.m2/repository/org/glassfish/hk2/external/aopalliance-repackaged/2.5.0/aopalliance-repackaged-2.5.0.jar:/home/user/.m2/repository/com/fasterxml/jackson/dataformat/jackson-dataformat-xml/2.9.0/jackson-dataformat-xml-2.9.0.jar:/home/user/.m2/repository/com/fasterxml/jackson/core/jackson-core/2.9.5/jackson-core-2.9.5.jar:/home/user/.m2/repository/com/fasterxml/jackson/module/jackson-module-jaxb-annotations/2.9.5/jackson-module-jaxb-annotations-2.9.5.jar:/home/user/.m2/repository/javax/enterprise/cdi-api/1.2/cdi-api-1.2.jar:/home/user/.m2/repository/javax/el/javax.el-api/3.0.0/javax.el-api-3.0.0.jar:/home/user/.m2/repository/javax/interceptor/javax.interceptor-api/1.2/javax.interceptor-api-1.2.jar:/home/user/.m2/repository/javax/inject/javax.inject/1/javax.inject-1.jar:/home/user/.m2/repository/com/sun/xml/bind/jaxb-impl/2.3.0.1/jaxb-impl-2.3.0.1.jar:/home/user/.m2/repository/com/sun/xml/bind/jaxb-core/2.3.0.1/jaxb-core-2.3.0.1.jar:/home/user/.m2/repository/javax/xml/bind/jaxb-api/2.3.0/jaxb-api-2.3.0.jar:/home/user/.m2/repository/javax/activation/activation/1.1.1/activation-1.1.1.jar:/home/user/.m2/repository/org/apache/hadoop/hadoop-ozone-csi/0.4.1-SNAPSHOT/hadoop-ozone-csi-0.4.1-SNAPSHOT.jar:/home/user/.m2/repository/com/google/protobuf/protobuf-java-util/3.5.1/protobuf-java-util-3.5.1.jar:/home/user/.m2/repository/org/apache/hadoop/hadoop-hdds-config/0.4.1-SNAPSHOT/hadoop-hdds-config-0.4.1-SNAPSHOT.jar:/home/user/.m2/repository/io/grpc/grpc-netty/1.17.1/grpc-netty-1.17.1.jar:/home/user/.m2/repository/io/grpc/grpc-core/1.17.1/grpc-core-1.17.1.jar:/home/user/.m2/repository/io/grpc/grpc-context/1.17.1/grpc-context-1.17.1.jar:/home/user/.m2/repository/com/google/errorprone/error_prone_annotations/2.2.0/error_prone_annotations-2.2.0.jar:/home/user/.m2/repository/org/codehaus/mojo/animal-sniffer-annotations/1.17/animal-sniffer-annotations-1.17.jar:/home/user/.m2/repository/io/opencensus/opencensus-api/0.17.0/opencensus-api-0.17.0.jar:/home/user/.m2/repository/io/opencensus/opencensus-contrib-grpc-metrics/0.17.0/opencensus-contrib-grpc-metrics-0.17.0.jar:/home/user/.m2/repository/io/netty/netty-codec-http2/4.1.30.Final/netty-codec-http2-4.1.30.Final.jar:/home/user/.m2/repository/io/netty/netty-codec-http/4.1.30.Final/netty-codec-http-4.1.30.Final.jar:/home/user/.m2/repository/io/netty/netty-codec/4.1.30.Final/netty-codec-4.1.30.Final.jar:/home/user/.m2/repository/io/netty/netty-handler/4.1.30.Final/netty-handler-4.1.30.Final.jar:/home/user/.m2/repository/io/netty/netty-handler-proxy/4.1.30.Final/netty-handler-proxy-4.1.30.Final.jar:/home/user/.m2/repository/io/netty/netty-codec-socks/4.1.30.Final/netty-codec-socks-4.1.30.Final.jar:/home/user/.m2/repository/io/netty/netty-transport-native-epoll/4.1.30.Final/netty-transport-native-epoll-4.1.30.Final.jar:/home/user/.m2/repository/io/netty/netty-common/4.1.30.Final/netty-common-4.1.30.Final.jar:/home/user/.m2/repository/io/netty/netty-buffer/4.1.30.Final/netty-buffer-4.1.30.Final.jar:/home/user/.m2/repository/io/netty/netty-transport/4.1.30.Final/netty-transport-4.1.30.Final.jar:/home/user/.m2/repository/io/netty/netty-resolver/4.1.30.Final/netty-resolver-4.1.30.Final.jar:/home/user/.m2/repository/io/netty/netty-transport-native-unix-common/4.1.30.Final/netty-transport-native-unix-common-4.1.30.Final.jar:/home/user/.m2/repository/io/grpc/grpc-protobuf/1.17.1/grpc-protobuf-1.17.1.jar:/home/user/.m2/repository/com/google/api/grpc/proto-google-common-protos/1.0.0/proto-google-common-protos-1.0.0.jar:/home/user/.m2/repository/io/grpc/grpc-protobuf-lite/1.17.1/grpc-protobuf-lite-1.17.1.jar:/home/user/.m2/repository/io/grpc/grpc-stub/1.17.1/grpc-stub-1.17.1.jar:/home/user/.m2/repository/org/apache/hadoop/hadoop-ozone-recon/0.4.1-SNAPSHOT/hadoop-ozone-recon-0.4.1-SNAPSHOT.jar:/home/user/.m2/repository/org/apache/hadoop/hadoop-ozone-reconcodegen/0.4.1-SNAPSHOT/hadoop-ozone-reconcodegen-0.4.1-SNAPSHOT.jar:/home/user/.m2/repository/com/google/inject/extensions/guice-multibindings/4.0/guice-multibindings-4.0.jar:/home/user/.m2/repository/com/google/inject/guice/4.0/guice-4.0.jar:/home/user/.m2/repository/aopalliance/aopalliance/1.0/aopalliance-1.0.jar:/home/user/.m2/repository/com/google/inject/extensions/guice-servlet/4.0/guice-servlet-4.0.jar:/home/user/.m2/repository/org/glassfish/jersey/containers/jersey-container-servlet/2.27/jersey-container-servlet-2.27.jar:/home/user/.m2/repository/org/glassfish/hk2/guice-bridge/2.5.0/guice-bridge-2.5.0.jar:/home/user/.m2/repository/org/glassfish/jersey/core/jersey-server/2.27/jersey-server-2.27.jar:/home/user/.m2/repository/org/glassfish/jersey/core/jersey-client/2.27/jersey-client-2.27.jar:/home/user/.m2/repository/org/glassfish/jersey/media/jersey-media-jaxb/2.27/jersey-media-jaxb-2.27.jar:/home/user/.m2/repository/javax/validation/validation-api/1.1.0.Final/validation-api-1.1.0.Final.jar:/home/user/.m2/repository/org/glassfish/jersey/media/jersey-media-json-jackson/2.27/jersey-media-json-jackson-2.27.jar:/home/user/.m2/repository/org/glassfish/jersey/ext/jersey-entity-filtering/2.27/jersey-entity-filtering-2.27.jar:/home/user/.m2/repository/com/google/inject/extensions/guice-assistedinject/4.0/guice-assistedinject-4.0.jar:/home/user/.m2/repository/org/jooq/jooq/3.11.10/jooq-3.11.10.jar:/home/user/.m2/repository/org/jooq/jooq-meta/3.11.10/jooq-meta-3.11.10.jar:/home/user/.m2/repository/org/jooq/jooq-codegen/3.11.10/jooq-codegen-3.11.10.jar:/home/user/.m2/repository/com/jolbox/bonecp/0.8.0.RELEASE/bonecp-0.8.0.RELEASE.jar:/home/user/.m2/repository/org/xerial/sqlite-jdbc/3.25.2/sqlite-jdbc-3.25.2.jar:/home/user/.m2/repository/org/springframework/spring-jdbc/5.1.3.RELEASE/spring-jdbc-5.1.3.RELEASE.jar:/home/user/.m2/repository/org/springframework/spring-beans/5.1.3.RELEASE/spring-beans-5.1.3.RELEASE.jar:/home/user/.m2/repository/org/springframework/spring-core/5.1.3.RELEASE/spring-core-5.1.3.RELEASE.jar:/home/user/.m2/repository/org/springframework/spring-jcl/5.1.3.RELEASE/spring-jcl-5.1.3.RELEASE.jar:/home/user/.m2/repository/org/springframework/spring-tx/5.1.3.RELEASE/spring-tx-5.1.3.RELEASE.jar:/home/user/.m2/repository/org/apache/hadoop/hadoop-ozone-client/0.4.1-SNAPSHOT/hadoop-ozone-client-0.4.1-SNAPSHOT.jar:/home/user/.m2/repository/commons-lang/commons-lang/2.6/commons-lang-2.6.jar:/home/user/.m2/repository/org/apache/hadoop/hadoop-ozone-ozone-manager/0.4.1-SNAPSHOT/hadoop-ozone-ozone-manager-0.4.1-SNAPSHOT-tests.jar:/home/user/.m2/repository/junit/junit/4.11/junit-4.11.jar:/home/user/.m2/repository/org/hamcrest/hamcrest-core/1.3/hamcrest-core-1.3.jar:/home/user/.m2/repository/org/openjdk/jmh/jmh-core/1.19/jmh-core-1.19.jar:/home/user/.m2/repository/net/sf/jopt-simple/jopt-simple/4.6/jopt-simple-4.6.jar:/home/user/.m2/repository/org/apache/commons/commons-math3/3.1.1/commons-math3-3.1.1.jar:/home/user/.m2/repository/org/openjdk/jmh/jmh-generator-annprocess/1.19/jmh-generator-annprocess-1.19.jar:/home/user/.m2/repository/org/mockito/mockito-all/1.8.5/mockito-all-1.8.5.jar:/home/user/.m2/repository/org/apache/hadoop/hadoop-kms/3.2.0/hadoop-kms-3.2.0.jar:/home/user/.m2/repository/org/apache/hadoop/hadoop-auth/3.2.0/hadoop-auth-3.2.0.jar:/home/user/.m2/repository/com/nimbusds/nimbus-jose-jwt/4.41.1/nimbus-jose-jwt-4.41.1.jar:/home/user/.m2/repository/com/github/stephenc/jcip/jcip-annotations/1.0-1/jcip-annotations-1.0-1.jar:/home/user/.m2/repository/net/minidev/json-smart/2.3/json-smart-2.3.jar:/home/user/.m2/repository/net/minidev/accessors-smart/1.2/accessors-smart-1.2.jar:/home/user/.m2/repository/org/ow2/asm/asm/5.0.4/asm-5.0.4.jar:/home/user/.m2/repository/org/apache/curator/curator-framework/2.12.0/curator-framework-2.12.0.jar:/home/user/.m2/repository/com/sun/jersey/jersey-core/1.19/jersey-core-1.19.jar:/home/user/.m2/repository/javax/ws/rs/jsr311-api/1.1.1/jsr311-api-1.1.1.jar:/home/user/.m2/repository/com/sun/jersey/jersey-server/1.19/jersey-server-1.19.jar:/home/user/.m2/repository/javax/servlet/javax.servlet-api/3.1.0/javax.servlet-api-3.1.0.jar:/home/user/.m2/repository/org/eclipse/jetty/jetty-server/9.3.24.v20180605/jetty-server-9.3.24.v20180605.jar:/home/user/.m2/repository/org/eclipse/jetty/jetty-http/9.3.24.v20180605/jetty-http-9.3.24.v20180605.jar:/home/user/.m2/repository/org/eclipse/jetty/jetty-io/9.3.24.v20180605/jetty-io-9.3.24.v20180605.jar:/home/user/.m2/repository/org/eclipse/jetty/jetty-webapp/9.3.24.v20180605/jetty-webapp-9.3.24.v20180605.jar:/home/user/.m2/repository/org/eclipse/jetty/jetty-xml/9.3.24.v20180605/jetty-xml-9.3.24.v20180605.jar:/home/user/.m2/repository/log4j/log4j/1.2.17/log4j-1.2.17.jar:/home/user/.m2/repository/org/slf4j/slf4j-api/1.7.25/slf4j-api-1.7.25.jar:/home/user/.m2/repository/org/slf4j/jul-to-slf4j/1.7.25/jul-to-slf4j-1.7.25.jar:/home/user/.m2/repository/org/eclipse/jetty/jetty-util/9.3.24.v20180605/jetty-util-9.3.24.v20180605.jar:/home/user/.m2/repository/com/fasterxml/jackson/core/jackson-databind/2.9.5/jackson-databind-2.9.5.jar:/home/user/.m2/repository/org/apache/hadoop/hadoop-kms/3.2.0/hadoop-kms-3.2.0-tests.jar:/home/user/.m2/repository/org/apache/hadoop/hadoop-hdds-server-scm/0.4.1-SNAPSHOT/hadoop-hdds-server-scm-0.4.1-SNAPSHOT-tests.jar:/home/user/.m2/repository/org/apache/hadoop/hadoop-hdds-container-service/0.4.1-SNAPSHOT/hadoop-hdds-container-service-0.4.1-SNAPSHOT-tests.jar:/home/user/.m2/repository/org/yaml/snakeyaml/1.16/snakeyaml-1.16.jar:/home/user/.m2/repository/org/apache/hadoop/hadoop-common/3.2.0/hadoop-common-3.2.0-tests.jar:/home/user/.m2/repository/org/apache/hadoop/hadoop-annotations/3.2.0/hadoop-annotations-3.2.0.jar:/usr/lib/jvm/java-1.8-openjdk/jre/../lib/tools.jar:/home/user/.m2/repository/commons-cli/commons-cli/1.2/commons-cli-1.2.jar:/home/user/.m2/repository/org/apache/httpcomponents/httpclient/4.5.2/httpclient-4.5.2.jar:/home/user/.m2/repository/org/apache/httpcomponents/httpcore/4.4.4/httpcore-4.4.4.jar:/home/user/.m2/repository/commons-codec/commons-codec/1.11/commons-codec-1.11.jar:/home/user/.m2/repository/commons-net/commons-net/3.6/commons-net-3.6.jar:/home/user/.m2/repository/commons-collections/commons-collections/3.2.2/commons-collections-3.2.2.jar:/home/user/.m2/repository/org/eclipse/jetty/jetty-servlet/9.3.24.v20180605/jetty-servlet-9.3.24.v20180605.jar:/home/user/.m2/repository/org/eclipse/jetty/jetty-security/9.3.24.v20180605/jetty-security-9.3.24.v20180605.jar:/home/user/.m2/repository/javax/servlet/jsp/jsp-api/2.1/jsp-api-2.1.jar:/home/user/.m2/repository/com/sun/jersey/jersey-servlet/1.19/jersey-servlet-1.19.jar:/home/user/.m2/repository/com/sun/jersey/jersey-json/1.19/jersey-json-1.19.jar:/home/user/.m2/repository/org/codehaus/jettison/jettison/1.1/jettison-1.1.jar:/home/user/.m2/repository/org/codehaus/jackson/jackson-core-asl/1.9.13/jackson-core-asl-1.9.13.jar:/home/user/.m2/repository/org/codehaus/jackson/jackson-mapper-asl/1.9.13/jackson-mapper-asl-1.9.13.jar:/home/user/.m2/repository/org/codehaus/jackson/jackson-jaxrs/1.9.13/jackson-jaxrs-1.9.13.jar:/home/user/.m2/repository/org/codehaus/jackson/jackson-xc/1.9.13/jackson-xc-1.9.13.jar:/home/user/.m2/repository/commons-logging/commons-logging/1.1.3/commons-logging-1.1.3.jar:/home/user/.m2/repository/commons-beanutils/commons-beanutils/1.9.3/commons-beanutils-1.9.3.jar:/home/user/.m2/repository/org/apache/commons/commons-configuration2/2.1.1/commons-configuration2-2.1.1.jar:/home/user/.m2/repository/org/apache/commons/commons-lang3/3.7/commons-lang3-3.7.jar:/home/user/.m2/repository/org/apache/commons/commons-text/1.4/commons-text-1.4.jar:/home/user/.m2/repository/org/apache/avro/avro/1.7.7/avro-1.7.7.jar:/home/user/.m2/repository/com/thoughtworks/paranamer/paranamer/2.3/paranamer-2.3.jar:/home/user/.m2/repository/org/xerial/snappy/snappy-java/1.0.5/snappy-java-1.0.5.jar:/home/user/.m2/repository/com/google/re2j/re2j/1.1/re2j-1.1.jar:/home/user/.m2/repository/com/google/code/gson/gson/2.2.4/gson-2.2.4.jar:/home/user/.m2/repository/com/jcraft/jsch/0.1.54/jsch-0.1.54.jar:/home/user/.m2/repository/org/apache/curator/curator-client/2.12.0/curator-client-2.12.0.jar:/home/user/.m2/repository/org/apache/curator/curator-recipes/2.12.0/curator-recipes-2.12.0.jar:/home/user/.m2/repository/com/google/code/findbugs/jsr305/3.0.0/jsr305-3.0.0.jar:/home/user/.m2/repository/org/apache/htrace/htrace-core4/4.1.0-incubating/htrace-core4-4.1.0-incubating.jar:/home/user/.m2/repository/org/apache/zookeeper/zookeeper/3.4.13/zookeeper-3.4.13.jar:/home/user/.m2/repository/org/apache/yetus/audience-annotations/0.5.0/audience-annotations-0.5.0.jar:/home/user/.m2/repository/org/codehaus/woodstox/stax2-api/3.1.4/stax2-api-3.1.4.jar:/home/user/.m2/repository/com/fasterxml/woodstox/woodstox-core/5.0.3/woodstox-core-5.0.3.jar:/home/user/.m2/repository/dnsjava/dnsjava/2.1.7/dnsjava-2.1.7.jar:/home/user/.m2/repository/org/apache/hadoop/hadoop-hdfs/3.2.0/hadoop-hdfs-3.2.0-tests.jar:/home/user/.m2/repository/org/eclipse/jetty/jetty-util-ajax/9.3.24.v20180605/jetty-util-ajax-9.3.24.v20180605.jar:/home/user/.m2/repository/commons-daemon/commons-daemon/1.0.13/commons-daemon-1.0.13.jar:/home/user/.m2/repository/io/netty/netty/3.10.5.Final/netty-3.10.5.Final.jar:/home/user/.m2/repository/io/netty/netty-all/4.0.52.Final/netty-all-4.0.52.Final.jar:/home/user/.m2/repository/org/fusesource/leveldbjni/leveldbjni-all/1.8/leveldbjni-all-1.8.jar:"/>
    <property name="java.vm.vendor" value="IcedTea"/>
    <property name="sun.arch.data.model" value="64"/>
    <property name="test.build.dir" value="/workdir/hadoop-ozone/integration-test/target/test-dir"/>
    <property name="test.cache.data" value=""/>
    <property name="java.vendor.url" value="https://icedtea.classpath.org"/>
    <property name="user.timezone" value=""/>
    <property name="java.vm.specification.version" value="1.8"/>
    <property name="os.name" value="Linux"/>
    <property name="test.build.data" value="/workdir/hadoop-ozone/integration-test/target/test-dir"/>
    <property name="user.country" value="US"/>
    <property name="sun.java.launcher" value="SUN_STANDARD"/>
    <property name="sun.boot.library.path" value="/usr/lib/jvm/java-1.8-openjdk/jre/lib/amd64"/>
    <property name="sun.java.command" value="/workdir/hadoop-ozone/integration-test/target/surefire/surefirebooter2229209396206287083.jar /workdir/hadoop-ozone/integration-test/target/surefire 2019-08-18T03-13-03_085-jvmRun1 surefire3666576620992417314tmp surefire_367592031934920622721tmp"/>
    <property name="test" value="!TestMiniChaosOzoneCluster"/>
    <property name="surefire.test.class.path" value="/workdir/hadoop-ozone/integration-test/target/test-classes:/workdir/hadoop-ozone/integration-test/target/classes:/home/user/.m2/repository/org/apache/hadoop/hadoop-ozone-common/0.4.1-SNAPSHOT/hadoop-ozone-common-0.4.1-SNAPSHOT.jar:/home/user/.m2/repository/org/apache/commons/commons-compress/1.4.1/commons-compress-1.4.1.jar:/home/user/.m2/repository/org/tukaani/xz/1.0/xz-1.0.jar:/home/user/.m2/repository/org/apache/hadoop/hadoop-common/3.2.0/hadoop-common-3.2.0.jar:/home/user/.m2/repository/org/apache/hadoop/hadoop-hdfs/3.2.0/hadoop-hdfs-3.2.0.jar:/home/user/.m2/repository/org/apache/hadoop/hadoop-hdfs-client/3.2.0/hadoop-hdfs-client-3.2.0.jar:/home/user/.m2/repository/com/fasterxml/jackson/core/jackson-annotations/2.9.5/jackson-annotations-2.9.5.jar:/home/user/.m2/repository/org/apache/hadoop/hadoop-hdds-common/0.4.1-SNAPSHOT/hadoop-hdds-common-0.4.1-SNAPSHOT.jar:/home/user/.m2/repository/javax/annotation/javax.annotation-api/1.2/javax.annotation-api-1.2.jar:/home/user/.m2/repository/org/apache/ratis/ratis-server/0.4.0-2337318-SNAPSHOT/ratis-server-0.4.0-2337318-SNAPSHOT.jar:/home/user/.m2/repository/org/apache/ratis/ratis-thirdparty-misc/0.2.0/ratis-thirdparty-misc-0.2.0.jar:/home/user/.m2/repository/org/apache/ratis/ratis-proto/0.4.0-2337318-SNAPSHOT/ratis-proto-0.4.0-2337318-SNAPSHOT.jar:/home/user/.m2/repository/org/apache/ratis/ratis-common/0.4.0-2337318-SNAPSHOT/ratis-common-0.4.0-2337318-SNAPSHOT.jar:/home/user/.m2/repository/org/apache/ratis/ratis-client/0.4.0-2337318-SNAPSHOT/ratis-client-0.4.0-2337318-SNAPSHOT.jar:/home/user/.m2/repository/org/apache/ratis/ratis-metrics/0.4.0-2337318-SNAPSHOT/ratis-metrics-0.4.0-2337318-SNAPSHOT.jar:/home/user/.m2/repository/org/apache/ratis/ratis-netty/0.4.0-2337318-SNAPSHOT/ratis-netty-0.4.0-2337318-SNAPSHOT.jar:/home/user/.m2/repository/org/apache/ratis/ratis-grpc/0.4.0-2337318-SNAPSHOT/ratis-grpc-0.4.0-2337318-SNAPSHOT.jar:/home/user/.m2/repository/org/rocksdb/rocksdbjni/6.0.1/rocksdbjni-6.0.1.jar:/home/user/.m2/repository/org/apache/logging/log4j/log4j-api/2.11.0/log4j-api-2.11.0.jar:/home/user/.m2/repository/org/apache/logging/log4j/log4j-core/2.11.0/log4j-core-2.11.0.jar:/home/user/.m2/repository/com/lmax/disruptor/3.4.2/disruptor-3.4.2.jar:/home/user/.m2/repository/org/apache/commons/commons-pool2/2.6.0/commons-pool2-2.6.0.jar:/home/user/.m2/repository/org/bouncycastle/bcpkix-jdk15on/1.60/bcpkix-jdk15on-1.60.jar:/home/user/.m2/repository/commons-validator/commons-validator/1.6/commons-validator-1.6.jar:/home/user/.m2/repository/commons-digester/commons-digester/1.8.1/commons-digester-1.8.1.jar:/home/user/.m2/repository/io/jaegertracing/jaeger-client/0.33.1/jaeger-client-0.33.1.jar:/home/user/.m2/repository/io/jaegertracing/jaeger-thrift/0.33.1/jaeger-thrift-0.33.1.jar:/home/user/.m2/repository/org/apache/thrift/libthrift/0.11.0/libthrift-0.11.0.jar:/home/user/.m2/repository/com/squareup/okhttp3/okhttp/3.9.0/okhttp-3.9.0.jar:/home/user/.m2/repository/com/squareup/okio/okio/1.13.0/okio-1.13.0.jar:/home/user/.m2/repository/io/jaegertracing/jaeger-core/0.33.1/jaeger-core-0.33.1.jar:/home/user/.m2/repository/io/jaegertracing/jaeger-tracerresolver/0.33.1/jaeger-tracerresolver-0.33.1.jar:/home/user/.m2/repository/io/opentracing/contrib/opentracing-tracerresolver/0.1.5/opentracing-tracerresolver-0.1.5.jar:/home/user/.m2/repository/io/opentracing/opentracing-util/0.31.0/opentracing-util-0.31.0.jar:/home/user/.m2/repository/io/opentracing/opentracing-api/0.31.0/opentracing-api-0.31.0.jar:/home/user/.m2/repository/io/opentracing/opentracing-noop/0.31.0/opentracing-noop-0.31.0.jar:/home/user/.m2/repository/org/apache/hadoop/hadoop-hdds-server-framework/0.4.1-SNAPSHOT/hadoop-hdds-server-framework-0.4.1-SNAPSHOT.jar:/home/user/.m2/repository/org/apache/hadoop/hadoop-hdds-container-service/0.4.1-SNAPSHOT/hadoop-hdds-container-service-0.4.1-SNAPSHOT.jar:/home/user/.m2/repository/org/apache/hadoop/hadoop-hdds-client/0.4.1-SNAPSHOT/hadoop-hdds-client-0.4.1-SNAPSHOT.jar:/home/user/.m2/repository/org/apache/hadoop/hadoop-hdds-tools/0.4.1-SNAPSHOT/hadoop-hdds-tools-0.4.1-SNAPSHOT.jar:/home/user/.m2/repository/org/apache/hadoop/hadoop-hdds-server-scm/0.4.1-SNAPSHOT/hadoop-hdds-server-scm-0.4.1-SNAPSHOT.jar:/home/user/.m2/repository/org/apache/hadoop/hadoop-hdds-docs/0.4.1-SNAPSHOT/hadoop-hdds-docs-0.4.1-SNAPSHOT.jar:/home/user/.m2/repository/io/dropwizard/metrics/metrics-core/3.2.4/metrics-core-3.2.4.jar:/home/user/.m2/repository/org/hamcrest/hamcrest-all/1.3/hamcrest-all-1.3.jar:/home/user/.m2/repository/org/bouncycastle/bcprov-jdk15on/1.60/bcprov-jdk15on-1.60.jar:/home/user/.m2/repository/info/picocli/picocli/3.9.6/picocli-3.9.6.jar:/home/user/.m2/repository/com/google/protobuf/protobuf-java/2.5.0/protobuf-java-2.5.0.jar:/home/user/.m2/repository/com/google/guava/guava/11.0.2/guava-11.0.2.jar:/home/user/.m2/repository/org/apache/hadoop/hadoop-ozone-ozone-manager/0.4.1-SNAPSHOT/hadoop-ozone-ozone-manager-0.4.1-SNAPSHOT.jar:/home/user/.m2/repository/org/apache/hadoop/hadoop-minikdc/3.2.0/hadoop-minikdc-3.2.0.jar:/home/user/.m2/repository/commons-io/commons-io/2.5/commons-io-2.5.jar:/home/user/.m2/repository/org/apache/kerby/kerb-simplekdc/1.0.1/kerb-simplekdc-1.0.1.jar:/home/user/.m2/repository/org/apache/kerby/kerb-client/1.0.1/kerb-client-1.0.1.jar:/home/user/.m2/repository/org/apache/kerby/kerby-config/1.0.1/kerby-config-1.0.1.jar:/home/user/.m2/repository/org/apache/kerby/kerb-core/1.0.1/kerb-core-1.0.1.jar:/home/user/.m2/repository/org/apache/kerby/kerby-pkix/1.0.1/kerby-pkix-1.0.1.jar:/home/user/.m2/repository/org/apache/kerby/kerby-asn1/1.0.1/kerby-asn1-1.0.1.jar:/home/user/.m2/repository/org/apache/kerby/kerby-util/1.0.1/kerby-util-1.0.1.jar:/home/user/.m2/repository/org/apache/kerby/kerb-common/1.0.1/kerb-common-1.0.1.jar:/home/user/.m2/repository/org/apache/kerby/kerb-crypto/1.0.1/kerb-crypto-1.0.1.jar:/home/user/.m2/repository/org/apache/kerby/kerb-util/1.0.1/kerb-util-1.0.1.jar:/home/user/.m2/repository/org/apache/kerby/token-provider/1.0.1/token-provider-1.0.1.jar:/home/user/.m2/repository/org/apache/kerby/kerb-admin/1.0.1/kerb-admin-1.0.1.jar:/home/user/.m2/repository/org/apache/kerby/kerb-server/1.0.1/kerb-server-1.0.1.jar:/home/user/.m2/repository/org/apache/kerby/kerb-identity/1.0.1/kerb-identity-1.0.1.jar:/home/user/.m2/repository/org/apache/kerby/kerby-xdr/1.0.1/kerby-xdr-1.0.1.jar:/home/user/.m2/repository/org/slf4j/slf4j-log4j12/1.7.25/slf4j-log4j12-1.7.25.jar:/home/user/.m2/repository/org/apache/hadoop/hadoop-ozone-objectstore-service/0.4.1-SNAPSHOT/hadoop-ozone-objectstore-service-0.4.1-SNAPSHOT.jar:/home/user/.m2/repository/org/apache/hadoop/hadoop-ozone-s3gateway/0.4.1-SNAPSHOT/hadoop-ozone-s3gateway-0.4.1-SNAPSHOT.jar:/home/user/.m2/repository/org/jboss/weld/servlet/weld-servlet/2.4.7.Final/weld-servlet-2.4.7.Final.jar:/home/user/.m2/repository/org/glassfish/jersey/containers/jersey-container-servlet-core/2.27/jersey-container-servlet-core-2.27.jar:/home/user/.m2/repository/org/glassfish/hk2/external/javax.inject/2.5.0-b42/javax.inject-2.5.0-b42.jar:/home/user/.m2/repository/org/glassfish/jersey/core/jersey-common/2.27/jersey-common-2.27.jar:/home/user/.m2/repository/org/glassfish/hk2/osgi-resource-locator/1.0.1/osgi-resource-locator-1.0.1.jar:/home/user/.m2/repository/javax/ws/rs/javax.ws.rs-api/2.1/javax.ws.rs-api-2.1.jar:/home/user/.m2/repository/org/glassfish/jersey/ext/cdi/jersey-cdi1x/2.27/jersey-cdi1x-2.27.jar:/home/user/.m2/repository/org/glassfish/jersey/inject/jersey-hk2/2.27/jersey-hk2-2.27.jar:/home/user/.m2/repository/org/glassfish/hk2/hk2-locator/2.5.0-b42/hk2-locator-2.5.0-b42.jar:/home/user/.m2/repository/org/javassist/javassist/3.22.0-CR2/javassist-3.22.0-CR2.jar:/home/user/.m2/repository/org/glassfish/hk2/hk2-api/2.5.0/hk2-api-2.5.0.jar:/home/user/.m2/repository/org/glassfish/hk2/external/jakarta.inject/2.5.0/jakarta.inject-2.5.0.jar:/home/user/.m2/repository/org/glassfish/hk2/hk2-utils/2.5.0/hk2-utils-2.5.0.jar:/home/user/.m2/repository/jakarta/annotation/jakarta.annotation-api/1.3.4/jakarta.annotation-api-1.3.4.jar:/home/user/.m2/repository/org/glassfish/hk2/external/aopalliance-repackaged/2.5.0/aopalliance-repackaged-2.5.0.jar:/home/user/.m2/repository/com/fasterxml/jackson/dataformat/jackson-dataformat-xml/2.9.0/jackson-dataformat-xml-2.9.0.jar:/home/user/.m2/repository/com/fasterxml/jackson/core/jackson-core/2.9.5/jackson-core-2.9.5.jar:/home/user/.m2/repository/com/fasterxml/jackson/module/jackson-module-jaxb-annotations/2.9.5/jackson-module-jaxb-annotations-2.9.5.jar:/home/user/.m2/repository/javax/enterprise/cdi-api/1.2/cdi-api-1.2.jar:/home/user/.m2/repository/javax/el/javax.el-api/3.0.0/javax.el-api-3.0.0.jar:/home/user/.m2/repository/javax/interceptor/javax.interceptor-api/1.2/javax.interceptor-api-1.2.jar:/home/user/.m2/repository/javax/inject/javax.inject/1/javax.inject-1.jar:/home/user/.m2/repository/com/sun/xml/bind/jaxb-impl/2.3.0.1/jaxb-impl-2.3.0.1.jar:/home/user/.m2/repository/com/sun/xml/bind/jaxb-core/2.3.0.1/jaxb-core-2.3.0.1.jar:/home/user/.m2/repository/javax/xml/bind/jaxb-api/2.3.0/jaxb-api-2.3.0.jar:/home/user/.m2/repository/javax/activation/activation/1.1.1/activation-1.1.1.jar:/home/user/.m2/repository/org/apache/hadoop/hadoop-ozone-csi/0.4.1-SNAPSHOT/hadoop-ozone-csi-0.4.1-SNAPSHOT.jar:/home/user/.m2/repository/com/google/protobuf/protobuf-java-util/3.5.1/protobuf-java-util-3.5.1.jar:/home/user/.m2/repository/org/apache/hadoop/hadoop-hdds-config/0.4.1-SNAPSHOT/hadoop-hdds-config-0.4.1-SNAPSHOT.jar:/home/user/.m2/repository/io/grpc/grpc-netty/1.17.1/grpc-netty-1.17.1.jar:/home/user/.m2/repository/io/grpc/grpc-core/1.17.1/grpc-core-1.17.1.jar:/home/user/.m2/repository/io/grpc/grpc-context/1.17.1/grpc-context-1.17.1.jar:/home/user/.m2/repository/com/google/errorprone/error_prone_annotations/2.2.0/error_prone_annotations-2.2.0.jar:/home/user/.m2/repository/org/codehaus/mojo/animal-sniffer-annotations/1.17/animal-sniffer-annotations-1.17.jar:/home/user/.m2/repository/io/opencensus/opencensus-api/0.17.0/opencensus-api-0.17.0.jar:/home/user/.m2/repository/io/opencensus/opencensus-contrib-grpc-metrics/0.17.0/opencensus-contrib-grpc-metrics-0.17.0.jar:/home/user/.m2/repository/io/netty/netty-codec-http2/4.1.30.Final/netty-codec-http2-4.1.30.Final.jar:/home/user/.m2/repository/io/netty/netty-codec-http/4.1.30.Final/netty-codec-http-4.1.30.Final.jar:/home/user/.m2/repository/io/netty/netty-codec/4.1.30.Final/netty-codec-4.1.30.Final.jar:/home/user/.m2/repository/io/netty/netty-handler/4.1.30.Final/netty-handler-4.1.30.Final.jar:/home/user/.m2/repository/io/netty/netty-handler-proxy/4.1.30.Final/netty-handler-proxy-4.1.30.Final.jar:/home/user/.m2/repository/io/netty/netty-codec-socks/4.1.30.Final/netty-codec-socks-4.1.30.Final.jar:/home/user/.m2/repository/io/netty/netty-transport-native-epoll/4.1.30.Final/netty-transport-native-epoll-4.1.30.Final.jar:/home/user/.m2/repository/io/netty/netty-common/4.1.30.Final/netty-common-4.1.30.Final.jar:/home/user/.m2/repository/io/netty/netty-buffer/4.1.30.Final/netty-buffer-4.1.30.Final.jar:/home/user/.m2/repository/io/netty/netty-transport/4.1.30.Final/netty-transport-4.1.30.Final.jar:/home/user/.m2/repository/io/netty/netty-resolver/4.1.30.Final/netty-resolver-4.1.30.Final.jar:/home/user/.m2/repository/io/netty/netty-transport-native-unix-common/4.1.30.Final/netty-transport-native-unix-common-4.1.30.Final.jar:/home/user/.m2/repository/io/grpc/grpc-protobuf/1.17.1/grpc-protobuf-1.17.1.jar:/home/user/.m2/repository/com/google/api/grpc/proto-google-common-protos/1.0.0/proto-google-common-protos-1.0.0.jar:/home/user/.m2/repository/io/grpc/grpc-protobuf-lite/1.17.1/grpc-protobuf-lite-1.17.1.jar:/home/user/.m2/repository/io/grpc/grpc-stub/1.17.1/grpc-stub-1.17.1.jar:/home/user/.m2/repository/org/apache/hadoop/hadoop-ozone-recon/0.4.1-SNAPSHOT/hadoop-ozone-recon-0.4.1-SNAPSHOT.jar:/home/user/.m2/repository/org/apache/hadoop/hadoop-ozone-reconcodegen/0.4.1-SNAPSHOT/hadoop-ozone-reconcodegen-0.4.1-SNAPSHOT.jar:/home/user/.m2/repository/com/google/inject/extensions/guice-multibindings/4.0/guice-multibindings-4.0.jar:/home/user/.m2/repository/com/google/inject/guice/4.0/guice-4.0.jar:/home/user/.m2/repository/aopalliance/aopalliance/1.0/aopalliance-1.0.jar:/home/user/.m2/repository/com/google/inject/extensions/guice-servlet/4.0/guice-servlet-4.0.jar:/home/user/.m2/repository/org/glassfish/jersey/containers/jersey-container-servlet/2.27/jersey-container-servlet-2.27.jar:/home/user/.m2/repository/org/glassfish/hk2/guice-bridge/2.5.0/guice-bridge-2.5.0.jar:/home/user/.m2/repository/org/glassfish/jersey/core/jersey-server/2.27/jersey-server-2.27.jar:/home/user/.m2/repository/org/glassfish/jersey/core/jersey-client/2.27/jersey-client-2.27.jar:/home/user/.m2/repository/org/glassfish/jersey/media/jersey-media-jaxb/2.27/jersey-media-jaxb-2.27.jar:/home/user/.m2/repository/javax/validation/validation-api/1.1.0.Final/validation-api-1.1.0.Final.jar:/home/user/.m2/repository/org/glassfish/jersey/media/jersey-media-json-jackson/2.27/jersey-media-json-jackson-2.27.jar:/home/user/.m2/repository/org/glassfish/jersey/ext/jersey-entity-filtering/2.27/jersey-entity-filtering-2.27.jar:/home/user/.m2/repository/com/google/inject/extensions/guice-assistedinject/4.0/guice-assistedinject-4.0.jar:/home/user/.m2/repository/org/jooq/jooq/3.11.10/jooq-3.11.10.jar:/home/user/.m2/repository/org/jooq/jooq-meta/3.11.10/jooq-meta-3.11.10.jar:/home/user/.m2/repository/org/jooq/jooq-codegen/3.11.10/jooq-codegen-3.11.10.jar:/home/user/.m2/repository/com/jolbox/bonecp/0.8.0.RELEASE/bonecp-0.8.0.RELEASE.jar:/home/user/.m2/repository/org/xerial/sqlite-jdbc/3.25.2/sqlite-jdbc-3.25.2.jar:/home/user/.m2/repository/org/springframework/spring-jdbc/5.1.3.RELEASE/spring-jdbc-5.1.3.RELEASE.jar:/home/user/.m2/repository/org/springframework/spring-beans/5.1.3.RELEASE/spring-beans-5.1.3.RELEASE.jar:/home/user/.m2/repository/org/springframework/spring-core/5.1.3.RELEASE/spring-core-5.1.3.RELEASE.jar:/home/user/.m2/repository/org/springframework/spring-jcl/5.1.3.RELEASE/spring-jcl-5.1.3.RELEASE.jar:/home/user/.m2/repository/org/springframework/spring-tx/5.1.3.RELEASE/spring-tx-5.1.3.RELEASE.jar:/home/user/.m2/repository/org/apache/hadoop/hadoop-ozone-client/0.4.1-SNAPSHOT/hadoop-ozone-client-0.4.1-SNAPSHOT.jar:/home/user/.m2/repository/commons-lang/commons-lang/2.6/commons-lang-2.6.jar:/home/user/.m2/repository/org/apache/hadoop/hadoop-ozone-ozone-manager/0.4.1-SNAPSHOT/hadoop-ozone-ozone-manager-0.4.1-SNAPSHOT-tests.jar:/home/user/.m2/repository/junit/junit/4.11/junit-4.11.jar:/home/user/.m2/repository/org/hamcrest/hamcrest-core/1.3/hamcrest-core-1.3.jar:/home/user/.m2/repository/org/openjdk/jmh/jmh-core/1.19/jmh-core-1.19.jar:/home/user/.m2/repository/net/sf/jopt-simple/jopt-simple/4.6/jopt-simple-4.6.jar:/home/user/.m2/repository/org/apache/commons/commons-math3/3.1.1/commons-math3-3.1.1.jar:/home/user/.m2/repository/org/openjdk/jmh/jmh-generator-annprocess/1.19/jmh-generator-annprocess-1.19.jar:/home/user/.m2/repository/org/mockito/mockito-all/1.8.5/mockito-all-1.8.5.jar:/home/user/.m2/repository/org/apache/hadoop/hadoop-kms/3.2.0/hadoop-kms-3.2.0.jar:/home/user/.m2/repository/org/apache/hadoop/hadoop-auth/3.2.0/hadoop-auth-3.2.0.jar:/home/user/.m2/repository/com/nimbusds/nimbus-jose-jwt/4.41.1/nimbus-jose-jwt-4.41.1.jar:/home/user/.m2/repository/com/github/stephenc/jcip/jcip-annotations/1.0-1/jcip-annotations-1.0-1.jar:/home/user/.m2/repository/net/minidev/json-smart/2.3/json-smart-2.3.jar:/home/user/.m2/repository/net/minidev/accessors-smart/1.2/accessors-smart-1.2.jar:/home/user/.m2/repository/org/ow2/asm/asm/5.0.4/asm-5.0.4.jar:/home/user/.m2/repository/org/apache/curator/curator-framework/2.12.0/curator-framework-2.12.0.jar:/home/user/.m2/repository/com/sun/jersey/jersey-core/1.19/jersey-core-1.19.jar:/home/user/.m2/repository/javax/ws/rs/jsr311-api/1.1.1/jsr311-api-1.1.1.jar:/home/user/.m2/repository/com/sun/jersey/jersey-server/1.19/jersey-server-1.19.jar:/home/user/.m2/repository/javax/servlet/javax.servlet-api/3.1.0/javax.servlet-api-3.1.0.jar:/home/user/.m2/repository/org/eclipse/jetty/jetty-server/9.3.24.v20180605/jetty-server-9.3.24.v20180605.jar:/home/user/.m2/repository/org/eclipse/jetty/jetty-http/9.3.24.v20180605/jetty-http-9.3.24.v20180605.jar:/home/user/.m2/repository/org/eclipse/jetty/jetty-io/9.3.24.v20180605/jetty-io-9.3.24.v20180605.jar:/home/user/.m2/repository/org/eclipse/jetty/jetty-webapp/9.3.24.v20180605/jetty-webapp-9.3.24.v20180605.jar:/home/user/.m2/repository/org/eclipse/jetty/jetty-xml/9.3.24.v20180605/jetty-xml-9.3.24.v20180605.jar:/home/user/.m2/repository/log4j/log4j/1.2.17/log4j-1.2.17.jar:/home/user/.m2/repository/org/slf4j/slf4j-api/1.7.25/slf4j-api-1.7.25.jar:/home/user/.m2/repository/org/slf4j/jul-to-slf4j/1.7.25/jul-to-slf4j-1.7.25.jar:/home/user/.m2/repository/org/eclipse/jetty/jetty-util/9.3.24.v20180605/jetty-util-9.3.24.v20180605.jar:/home/user/.m2/repository/com/fasterxml/jackson/core/jackson-databind/2.9.5/jackson-databind-2.9.5.jar:/home/user/.m2/repository/org/apache/hadoop/hadoop-kms/3.2.0/hadoop-kms-3.2.0-tests.jar:/home/user/.m2/repository/org/apache/hadoop/hadoop-hdds-server-scm/0.4.1-SNAPSHOT/hadoop-hdds-server-scm-0.4.1-SNAPSHOT-tests.jar:/home/user/.m2/repository/org/apache/hadoop/hadoop-hdds-container-service/0.4.1-SNAPSHOT/hadoop-hdds-container-service-0.4.1-SNAPSHOT-tests.jar:/home/user/.m2/repository/org/yaml/snakeyaml/1.16/snakeyaml-1.16.jar:/home/user/.m2/repository/org/apache/hadoop/hadoop-common/3.2.0/hadoop-common-3.2.0-tests.jar:/home/user/.m2/repository/org/apache/hadoop/hadoop-annotations/3.2.0/hadoop-annotations-3.2.0.jar:/usr/lib/jvm/java-1.8-openjdk/jre/../lib/tools.jar:/home/user/.m2/repository/commons-cli/commons-cli/1.2/commons-cli-1.2.jar:/home/user/.m2/repository/org/apache/httpcomponents/httpclient/4.5.2/httpclient-4.5.2.jar:/home/user/.m2/repository/org/apache/httpcomponents/httpcore/4.4.4/httpcore-4.4.4.jar:/home/user/.m2/repository/commons-codec/commons-codec/1.11/commons-codec-1.11.jar:/home/user/.m2/repository/commons-net/commons-net/3.6/commons-net-3.6.jar:/home/user/.m2/repository/commons-collections/commons-collections/3.2.2/commons-collections-3.2.2.jar:/home/user/.m2/repository/org/eclipse/jetty/jetty-servlet/9.3.24.v20180605/jetty-servlet-9.3.24.v20180605.jar:/home/user/.m2/repository/org/eclipse/jetty/jetty-security/9.3.24.v20180605/jetty-security-9.3.24.v20180605.jar:/home/user/.m2/repository/javax/servlet/jsp/jsp-api/2.1/jsp-api-2.1.jar:/home/user/.m2/repository/com/sun/jersey/jersey-servlet/1.19/jersey-servlet-1.19.jar:/home/user/.m2/repository/com/sun/jersey/jersey-json/1.19/jersey-json-1.19.jar:/home/user/.m2/repository/org/codehaus/jettison/jettison/1.1/jettison-1.1.jar:/home/user/.m2/repository/org/codehaus/jackson/jackson-core-asl/1.9.13/jackson-core-asl-1.9.13.jar:/home/user/.m2/repository/org/codehaus/jackson/jackson-mapper-asl/1.9.13/jackson-mapper-asl-1.9.13.jar:/home/user/.m2/repository/org/codehaus/jackson/jackson-jaxrs/1.9.13/jackson-jaxrs-1.9.13.jar:/home/user/.m2/repository/org/codehaus/jackson/jackson-xc/1.9.13/jackson-xc-1.9.13.jar:/home/user/.m2/repository/commons-logging/commons-logging/1.1.3/commons-logging-1.1.3.jar:/home/user/.m2/repository/commons-beanutils/commons-beanutils/1.9.3/commons-beanutils-1.9.3.jar:/home/user/.m2/repository/org/apache/commons/commons-configuration2/2.1.1/commons-configuration2-2.1.1.jar:/home/user/.m2/repository/org/apache/commons/commons-lang3/3.7/commons-lang3-3.7.jar:/home/user/.m2/repository/org/apache/commons/commons-text/1.4/commons-text-1.4.jar:/home/user/.m2/repository/org/apache/avro/avro/1.7.7/avro-1.7.7.jar:/home/user/.m2/repository/com/thoughtworks/paranamer/paranamer/2.3/paranamer-2.3.jar:/home/user/.m2/repository/org/xerial/snappy/snappy-java/1.0.5/snappy-java-1.0.5.jar:/home/user/.m2/repository/com/google/re2j/re2j/1.1/re2j-1.1.jar:/home/user/.m2/repository/com/google/code/gson/gson/2.2.4/gson-2.2.4.jar:/home/user/.m2/repository/com/jcraft/jsch/0.1.54/jsch-0.1.54.jar:/home/user/.m2/repository/org/apache/curator/curator-client/2.12.0/curator-client-2.12.0.jar:/home/user/.m2/repository/org/apache/curator/curator-recipes/2.12.0/curator-recipes-2.12.0.jar:/home/user/.m2/repository/com/google/code/findbugs/jsr305/3.0.0/jsr305-3.0.0.jar:/home/user/.m2/repository/org/apache/htrace/htrace-core4/4.1.0-incubating/htrace-core4-4.1.0-incubating.jar:/home/user/.m2/repository/org/apache/zookeeper/zookeeper/3.4.13/zookeeper-3.4.13.jar:/home/user/.m2/repository/org/apache/yetus/audience-annotations/0.5.0/audience-annotations-0.5.0.jar:/home/user/.m2/repository/org/codehaus/woodstox/stax2-api/3.1.4/stax2-api-3.1.4.jar:/home/user/.m2/repository/com/fasterxml/woodstox/woodstox-core/5.0.3/woodstox-core-5.0.3.jar:/home/user/.m2/repository/dnsjava/dnsjava/2.1.7/dnsjava-2.1.7.jar:/home/user/.m2/repository/org/apache/hadoop/hadoop-hdfs/3.2.0/hadoop-hdfs-3.2.0-tests.jar:/home/user/.m2/repository/org/eclipse/jetty/jetty-util-ajax/9.3.24.v20180605/jetty-util-ajax-9.3.24.v20180605.jar:/home/user/.m2/repository/commons-daemon/commons-daemon/1.0.13/commons-daemon-1.0.13.jar:/home/user/.m2/repository/io/netty/netty/3.10.5.Final/netty-3.10.5.Final.jar:/home/user/.m2/repository/io/netty/netty-all/4.0.52.Final/netty-all-4.0.52.Final.jar:/home/user/.m2/repository/org/fusesource/leveldbjni/leveldbjni-all/1.8/leveldbjni-all-1.8.jar:"/>
    <property name="sun.cpu.endian" value="little"/>
    <property name="user.home" value="/home/user"/>
    <property name="user.language" value="en"/>
    <property name="java.specification.vendor" value="Oracle Corporation"/>
    <property name="java.home" value="/usr/lib/jvm/java-1.8-openjdk/jre"/>
    <property name="java.security.krb5.conf" value="/workdir/hadoop-ozone/integration-test/target/test-classes/krb5.conf"/>
    <property name="basedir" value="/workdir/hadoop-ozone/integration-test"/>
    <property name="file.separator" value="/"/>
    <property name="line.separator" value="&#10;"/>
    <property name="java.vm.specification.vendor" value="Oracle Corporation"/>
    <property name="java.specification.name" value="Java Platform API Specification"/>
    <property name="java.awt.graphicsenv" value="sun.awt.X11GraphicsEnvironment"/>
    <property name="surefire.real.class.path" value="/workdir/hadoop-ozone/integration-test/target/surefire/surefirebooter2229209396206287083.jar"/>
    <property name="hadoop.log.dir" value="/workdir/hadoop-ozone/integration-test/target/log"/>
    <property name="sun.boot.class.path" value="/usr/lib/jvm/java-1.8-openjdk/jre/lib/resources.jar:/usr/lib/jvm/java-1.8-openjdk/jre/lib/rt.jar:/usr/lib/jvm/java-1.8-openjdk/jre/lib/sunrsasign.jar:/usr/lib/jvm/java-1.8-openjdk/jre/lib/jsse.jar:/usr/lib/jvm/java-1.8-openjdk/jre/lib/jce.jar:/usr/lib/jvm/java-1.8-openjdk/jre/lib/charsets.jar:/usr/lib/jvm/java-1.8-openjdk/jre/lib/jfr.jar:/usr/lib/jvm/java-1.8-openjdk/jre/classes"/>
    <property name="sun.management.compiler" value="HotSpot 64-Bit Tiered Compilers"/>
    <property name="java.runtime.version" value="1.8.0_212-b04"/>
    <property name="java.net.preferIPv4Stack" value="true"/>
    <property name="user.name" value="jenkins1000"/>
    <property name="path.separator" value=":"/>
    <property name="java.security.egd" value="file:///dev/urandom"/>
    <property name="os.version" value="3.10.0-957.12.2.el7.x86_64"/>
    <property name="java.endorsed.dirs" value="/usr/lib/jvm/java-1.8-openjdk/jre/lib/endorsed"/>
    <property name="java.runtime.name" value="OpenJDK Runtime Environment"/>
    <property name="file.encoding" value="UTF-8"/>
    <property name="java.vm.name" value="OpenJDK 64-Bit Server VM"/>
    <property name="test.build.webapps" value=""/>
    <property name="localRepository" value="/home/user/.m2/repository"/>
    <property name="java.vendor.url.bug" value="https://icedtea.classpath.org/bugzilla"/>
    <property name="java.io.tmpdir" value="/tmp"/>
    <property name="require.test.libhadoop" value=""/>
    <property name="java.version" value="1.8.0_212"/>
    <property name="user.dir" value="/workdir/hadoop-ozone/integration-test"/>
    <property name="os.arch" value="amd64"/>
    <property name="java.vm.specification.name" value="Java Virtual Machine Specification"/>
    <property name="test.build.classes" value="/workdir/hadoop-ozone/integration-test/target/test-classes"/>
    <property name="java.awt.printerjob" value="sun.print.PSPrinterJob"/>
    <property name="sun.os.patch.level" value="unknown"/>
    <property name="hadoop.tmp.dir" value="/workdir/hadoop-ozone/integration-test/target/tmp"/>
    <property name="java.library.path" value="/usr/lib/jvm/java-1.8-openjdk/jre/lib/amd64/server:/usr/lib/jvm/java-1.8-openjdk/jre/lib/amd64:/usr/lib/jvm/java-1.8-openjdk/jre/../lib/amd64:/workdir/hadoop-ozone/integration-test/target/native/target/usr/local/lib:/workdir/hadoop-ozone/integration-test/../../hadoop-common-project/hadoop-common/target/native/target/usr/local/lib:/usr/java/packages/lib/amd64:/usr/lib64:/lib64:/lib:/usr/lib"/>
    <property name="java.vm.info" value="mixed mode"/>
    <property name="java.vendor" value="IcedTea"/>
    <property name="java.vm.version" value="25.212-b04"/>
    <property name="java.ext.dirs" value="/usr/lib/jvm/java-1.8-openjdk/jre/lib/ext:/usr/java/packages/lib/ext"/>
    <property name="sun.io.unicode.encoding" value="UnicodeLittle"/>
    <property name="java.class.version" value="52.0"/>
  </properties>
  <testcase name="testGroupMismatchExceptionHandling" classname="org.apache.hadoop.ozone.client.rpc.TestOzoneClientRetriesOnException" time="44.066"/>
  <testcase name="testMaxRetriesByOzoneClient" classname="org.apache.hadoop.ozone.client.rpc.TestOzoneClientRetriesOnException" time="32.586">
    <error message="Failed to command cmdType: CreateContainer&#10;containerID: 1&#10;datanodeUuid: &quot;bedc83fc-80bb-46d5-9978-f874350dfebb&quot;&#10;createContainer {&#10;}&#10;" type="java.io.IOException">java.io.IOException: 
Failed to command cmdType: CreateContainer
containerID: 1
datanodeUuid: "bedc83fc-80bb-46d5-9978-f874350dfebb"
createContainer {
}

	at org.apache.hadoop.hdds.scm.XceiverClientSpi.sendCommand(XceiverClientSpi.java:113)
	at org.apache.hadoop.ozone.client.rpc.TestOzoneClientRetriesOnException.testMaxRetriesByOzoneClient(TestOzoneClientRetriesOnException.java:190)
	at sun.reflect.NativeMethodAccessorImpl.invoke0(Native Method)
	at sun.reflect.NativeMethodAccessorImpl.invoke(NativeMethodAccessorImpl.java:62)
	at sun.reflect.DelegatingMethodAccessorImpl.invoke(DelegatingMethodAccessorImpl.java:43)
	at java.lang.reflect.Method.invoke(Method.java:498)
	at org.junit.runners.model.FrameworkMethod$1.runReflectiveCall(FrameworkMethod.java:47)
	at org.junit.internal.runners.model.ReflectiveCallable.run(ReflectiveCallable.java:12)
	at org.junit.runners.model.FrameworkMethod.invokeExplosively(FrameworkMethod.java:44)
	at org.junit.internal.runners.statements.InvokeMethod.evaluate(InvokeMethod.java:17)
	at org.junit.internal.runners.statements.RunBefores.evaluate(RunBefores.java:26)
	at org.junit.internal.runners.statements.RunAfters.evaluate(RunAfters.java:27)
	at org.junit.runners.ParentRunner.runLeaf(ParentRunner.java:271)
	at org.junit.runners.BlockJUnit4ClassRunner.runChild(BlockJUnit4ClassRunner.java:70)
	at org.junit.runners.BlockJUnit4ClassRunner.runChild(BlockJUnit4ClassRunner.java:50)
	at org.junit.runners.ParentRunner$3.run(ParentRunner.java:238)
	at org.junit.runners.ParentRunner$1.schedule(ParentRunner.java:63)
	at org.junit.runners.ParentRunner.runChildren(ParentRunner.java:236)
	at org.junit.runners.ParentRunner.access$000(ParentRunner.java:53)
	at org.junit.runners.ParentRunner$2.evaluate(ParentRunner.java:229)
	at org.junit.runners.ParentRunner.run(ParentRunner.java:309)
	at org.apache.maven.surefire.junit4.JUnit4Provider.execute(JUnit4Provider.java:365)
	at org.apache.maven.surefire.junit4.JUnit4Provider.executeWithRerun(JUnit4Provider.java:273)
	at org.apache.maven.surefire.junit4.JUnit4Provider.executeTestSet(JUnit4Provider.java:238)
	at org.apache.maven.surefire.junit4.JUnit4Provider.invoke(JUnit4Provider.java:159)
	at org.apache.maven.surefire.booter.ForkedBooter.invokeProviderInSameClassLoader(ForkedBooter.java:384)
	at org.apache.maven.surefire.booter.ForkedBooter.runSuitesInProcess(ForkedBooter.java:345)
	at org.apache.maven.surefire.booter.ForkedBooter.execute(ForkedBooter.java:126)
	at org.apache.maven.surefire.booter.ForkedBooter.main(ForkedBooter.java:418)
Caused by: java.util.concurrent.ExecutionException: org.apache.ratis.protocol.StateMachineException: java.util.concurrent.CompletionException: java.lang.IllegalArgumentException
	at java.util.concurrent.CompletableFuture.reportGet(CompletableFuture.java:357)
	at java.util.concurrent.CompletableFuture.get(CompletableFuture.java:1895)
	at org.apache.hadoop.hdds.scm.XceiverClientSpi.sendCommand(XceiverClientSpi.java:110)
	... 28 more
Caused by: org.apache.ratis.protocol.StateMachineException: java.util.concurrent.CompletionException: java.lang.IllegalArgumentException
	at java.util.concurrent.CompletableFuture.encodeThrowable(CompletableFuture.java:273)
	at java.util.concurrent.CompletableFuture.completeThrowable(CompletableFuture.java:280)
	at java.util.concurrent.CompletableFuture$AsyncSupply.run(CompletableFuture.java:1592)
	at java.util.concurrent.ThreadPoolExecutor.runWorker(ThreadPoolExecutor.java:1149)
	at java.util.concurrent.ThreadPoolExecutor$Worker.run(ThreadPoolExecutor.java:624)
	at java.lang.Thread.run(Thread.java:748)
</error>
    <system-out><![CDATA[2019-08-18 03:52:22,388 WARN  server.ServerUtils (ServerUtils.java:getScmDbDir(145)) - ozone.scm.db.dirs is not configured. We recommend adding this setting. Falling back to ozone.metadata.dirs instead.
2019-08-18 03:52:22,413 WARN  server.ServerUtils (ServerUtils.java:getScmDbDir(145)) - ozone.scm.db.dirs is not configured. We recommend adding this setting. Falling back to ozone.metadata.dirs instead.
2019-08-18 03:52:22,414 WARN  server.ServerUtils (ServerUtils.java:getScmDbDir(145)) - ozone.scm.db.dirs is not configured. We recommend adding this setting. Falling back to ozone.metadata.dirs instead.
2019-08-18 03:52:22,414 INFO  db.DBStoreBuilder (DBStoreBuilder.java:addTable(110)) - using custom profile for table: deletedBlocks
2019-08-18 03:52:22,415 INFO  db.DBStoreBuilder (DBStoreBuilder.java:processTables(161)) - Using default column profile:DBProfile.DISK for Table:deletedBlocks
2019-08-18 03:52:22,415 INFO  db.DBStoreBuilder (DBStoreBuilder.java:addTable(110)) - using custom profile for table: validCerts
2019-08-18 03:52:22,415 INFO  db.DBStoreBuilder (DBStoreBuilder.java:processTables(161)) - Using default column profile:DBProfile.DISK for Table:validCerts
2019-08-18 03:52:22,415 INFO  db.DBStoreBuilder (DBStoreBuilder.java:addTable(110)) - using custom profile for table: revokedCerts
2019-08-18 03:52:22,415 INFO  db.DBStoreBuilder (DBStoreBuilder.java:processTables(161)) - Using default column profile:DBProfile.DISK for Table:revokedCerts
2019-08-18 03:52:22,416 INFO  db.DBStoreBuilder (DBStoreBuilder.java:addTable(110)) - using custom profile for table: default
2019-08-18 03:52:22,416 INFO  db.DBStoreBuilder (DBStoreBuilder.java:processTables(167)) - Using default column profile:DBProfile.DISK for Table:default
2019-08-18 03:52:22,416 INFO  db.DBStoreBuilder (DBStoreBuilder.java:getDbProfile(198)) - Using default options. DBProfile.DISK
2019-08-18 03:52:22,586 INFO  net.NodeSchemaLoader (NodeSchemaLoader.java:loadSchemaFromFile(125)) - Loading file from sun.misc.CompoundEnumeration@38c10190
2019-08-18 03:52:22,586 INFO  net.NodeSchemaLoader (NodeSchemaLoader.java:loadSchema(171)) - Loading network topology layer schema file
2019-08-18 03:52:22,592 WARN  server.ServerUtils (ServerUtils.java:sanitizeUserArgs(70)) - ozone.scm.stale.node.interval value = 300000 is larger than max = 100000 based on the key value of ozone.scm.heartbeat.thread.interval, reset to the max value 100000.
2019-08-18 03:52:22,592 WARN  server.ServerUtils (ServerUtils.java:sanitizeUserArgs(70)) - ozone.scm.stale.node.interval value = 300000 is larger than max = 100000 based on the key value of ozone.scm.heartbeat.thread.interval, reset to the max value 100000.
2019-08-18 03:52:22,593 INFO  node.SCMNodeManager (SCMNodeManager.java:<init>(121)) - Entering startup safe mode.
2019-08-18 03:52:22,594 WARN  server.ServerUtils (ServerUtils.java:getScmDbDir(145)) - ozone.scm.db.dirs is not configured. We recommend adding this setting. Falling back to ozone.metadata.dirs instead.
2019-08-18 03:52:22,644 INFO  pipeline.SCMPipelineManager (SCMPipelineManager.java:initializePipelineState(126)) - No pipeline exists in current db
2019-08-18 03:52:22,644 WARN  server.ServerUtils (ServerUtils.java:getScmDbDir(145)) - ozone.scm.db.dirs is not configured. We recommend adding this setting. Falling back to ozone.metadata.dirs instead.
2019-08-18 03:52:22,697 WARN  events.EventQueue (EventQueue.java:fireEvent(175)) - No event handler registered for event TypedEvent{payloadType=SafeModeStatus, name='SafeModeStatus'}
2019-08-18 03:52:22,698 INFO  ipc.CallQueueManager (CallQueueManager.java:<init>(84)) - Using callQueue: class java.util.concurrent.LinkedBlockingQueue, queueCapacity: 2000, scheduler: class org.apache.hadoop.ipc.DefaultRpcScheduler, ipcBackoff: false.
2019-08-18 03:52:22,699 INFO  ipc.Server (Server.java:run(1074)) - Starting Socket Reader #1 for port 42392
2019-08-18 03:52:22,701 INFO  ipc.CallQueueManager (CallQueueManager.java:<init>(84)) - Using callQueue: class java.util.concurrent.LinkedBlockingQueue, queueCapacity: 2000, scheduler: class org.apache.hadoop.ipc.DefaultRpcScheduler, ipcBackoff: false.
2019-08-18 03:52:22,702 INFO  ipc.Server (Server.java:run(1074)) - Starting Socket Reader #1 for port 43780
2019-08-18 03:52:22,703 INFO  ipc.CallQueueManager (CallQueueManager.java:<init>(84)) - Using callQueue: class java.util.concurrent.LinkedBlockingQueue, queueCapacity: 2000, scheduler: class org.apache.hadoop.ipc.DefaultRpcScheduler, ipcBackoff: false.
2019-08-18 03:52:22,704 INFO  ipc.Server (Server.java:run(1074)) - Starting Socket Reader #1 for port 37673
2019-08-18 03:52:22,707 INFO  hdfs.DFSUtil (DFSUtil.java:httpServerTemplateForNNAndJN(1641)) - Starting Web-server for scm at: http://0.0.0.0:0
2019-08-18 03:52:22,710 INFO  server.AuthenticationFilter (AuthenticationFilter.java:constructSecretProvider(240)) - Unable to initialize FileSignerSecretProvider, falling back to use random secrets.
2019-08-18 03:52:22,711 WARN  http.HttpRequestLog (HttpRequestLog.java:getRequestLog(97)) - Jetty request log can only be enabled using Log4j
2019-08-18 03:52:22,713 INFO  http.HttpServer2 (HttpServer2.java:addGlobalFilter(975)) - Added global filter 'safety' (class=org.apache.hadoop.http.HttpServer2$QuotingInputFilter)
2019-08-18 03:52:22,715 INFO  http.HttpServer2 (HttpServer2.java:addFilter(948)) - Added filter static_user_filter (class=org.apache.hadoop.http.lib.StaticUserWebFilter$StaticUserFilter) to context scm
2019-08-18 03:52:22,715 INFO  http.HttpServer2 (HttpServer2.java:addFilter(958)) - Added filter static_user_filter (class=org.apache.hadoop.http.lib.StaticUserWebFilter$StaticUserFilter) to context static
2019-08-18 03:52:22,715 INFO  http.HttpServer2 (HttpServer2.java:addFilter(958)) - Added filter static_user_filter (class=org.apache.hadoop.http.lib.StaticUserWebFilter$StaticUserFilter) to context logs
2019-08-18 03:52:22,719 INFO  server.StorageContainerManager (StorageContainerManager.java:start(759)) - StorageContainerLocationProtocol RPC server is listening at /0.0.0.0:37673
2019-08-18 03:52:22,721 WARN  impl.MetricsConfig (MetricsConfig.java:loadFirst(134)) - Cannot locate configuration: tried hadoop-metrics2-storagecontainermanager.properties,hadoop-metrics2.properties
2019-08-18 03:52:22,722 INFO  impl.MetricsSystemImpl (MetricsSystemImpl.java:startTimer(374)) - Scheduled Metric snapshot period at 10 second(s).
2019-08-18 03:52:22,723 INFO  impl.MetricsSystemImpl (MetricsSystemImpl.java:start(191)) - StorageContainerManager metrics system started
2019-08-18 03:52:22,785 INFO  server.SCMClientProtocolServer (SCMClientProtocolServer.java:start(151)) - RPC server for Client  is listening at /0.0.0.0:37673
2019-08-18 03:52:22,786 INFO  ipc.Server (Server.java:run(1314)) - IPC Server Responder: starting
2019-08-18 03:52:22,787 INFO  ipc.Server (Server.java:run(1153)) - IPC Server listener on 37673: starting
2019-08-18 03:52:22,791 INFO  server.StorageContainerManager (StorageContainerManager.java:start(769)) - ScmBlockLocationProtocol RPC server is listening at /0.0.0.0:43780
2019-08-18 03:52:22,792 INFO  server.SCMBlockProtocolServer (SCMBlockProtocolServer.java:start(140)) - RPC server for Block Protocol is listening at /0.0.0.0:43780
2019-08-18 03:52:22,792 INFO  ipc.Server (Server.java:run(1314)) - IPC Server Responder: starting
2019-08-18 03:52:22,792 INFO  ipc.Server (Server.java:run(1153)) - IPC Server listener on 43780: starting
2019-08-18 03:52:22,797 INFO  server.StorageContainerManager (StorageContainerManager.java:start(773)) - ScmDatanodeProtocl RPC server is listening at /0.0.0.0:42392
2019-08-18 03:52:22,797 INFO  server.SCMDatanodeProtocolServer (SCMDatanodeProtocolServer.java:start(191)) - RPC server for DataNodes is listening at /0.0.0.0:42392
2019-08-18 03:52:22,797 INFO  ipc.Server (Server.java:run(1314)) - IPC Server Responder: starting
2019-08-18 03:52:22,798 INFO  ipc.Server (Server.java:run(1153)) - IPC Server listener on 42392: starting
2019-08-18 03:52:22,802 INFO  http.HttpServer2 (HttpServer2.java:bindListener(1191)) - Jetty bound to port 36390
2019-08-18 03:52:22,803 INFO  server.Server (Server.java:doStart(351)) - jetty-9.3.24.v20180605, build timestamp: 2018-06-05T17:11:56Z, git hash: 84205aa28f11a4f31f2a3b86d1bba2cc8ab69827
2019-08-18 03:52:22,805 INFO  handler.ContextHandler (ContextHandler.java:doStart(781)) - Started o.e.j.s.ServletContextHandler@4abbe41c{/logs,file:///workdir/hadoop-ozone/integration-test/target/log,AVAILABLE}
2019-08-18 03:52:22,806 INFO  handler.ContextHandler (ContextHandler.java:doStart(781)) - Started o.e.j.s.ServletContextHandler@6d7b2319{/static,file:///workdir/hadoop-ozone/integration-test/target/test-classes/webapps/static,AVAILABLE}
2019-08-18 03:52:22,811 INFO  handler.ContextHandler (ContextHandler.java:doStart(781)) - Started o.e.j.w.WebAppContext@7db791df{/,file:///workdir/hadoop-ozone/integration-test/target/test-classes/webapps/scm/,AVAILABLE}{/scm}
2019-08-18 03:52:22,811 INFO  server.AbstractConnector (AbstractConnector.java:doStart(278)) - Started ServerConnector@1bfa5a13{HTTP/1.1,[http/1.1]}{0.0.0.0:36390}
2019-08-18 03:52:22,813 INFO  server.Server (Server.java:doStart(419)) - Started @45066ms
2019-08-18 03:52:22,813 INFO  server.BaseHttpServer (BaseHttpServer.java:updateConnectorAddress(207)) - HTTP server of SCM is listening at http://0.0.0.0:36390
2019-08-18 03:52:22,814 WARN  server.ServerUtils (ServerUtils.java:getDBPath(222)) - ozone.om.db.dirs is not configured. We recommend adding this setting. Falling back to ozone.metadata.dirs instead.
2019-08-18 03:52:22,814 INFO  util.JvmPauseMonitor (JvmPauseMonitor.java:run(188)) - Starting JVM pause monitor
2019-08-18 03:52:22,829 WARN  server.ServerUtils (ServerUtils.java:getDBPath(222)) - ozone.om.db.dirs is not configured. We recommend adding this setting. Falling back to ozone.metadata.dirs instead.
2019-08-18 03:52:22,829 WARN  server.ServerUtils (ServerUtils.java:getDBPath(222)) - ozone.om.db.dirs is not configured. We recommend adding this setting. Falling back to ozone.metadata.dirs instead.
2019-08-18 03:52:22,830 INFO  om.OzoneManager (OzoneManager.java:setOMNodeDetails(644)) - OM Service ID is not set. Setting it to the default ID: omServiceIdDefault
2019-08-18 03:52:22,830 INFO  om.OzoneManager (OzoneManager.java:setOMNodeDetails(650)) - OM Node ID is not set. Setting it to the OmStorage's OmID: e1668510-3777-48d1-9b21-09300f7df9d9
2019-08-18 03:52:22,830 INFO  om.OzoneManager (OzoneManager.java:loadOMHAConfigs(601)) - Found matching OM address with OMServiceId: null, OMNodeId: null, RPC Address: localhost:0 and Ratis port: 9872
2019-08-18 03:52:22,839 WARN  server.ServerUtils (ServerUtils.java:getDBPath(222)) - ozone.om.db.dirs is not configured. We recommend adding this setting. Falling back to ozone.metadata.dirs instead.
2019-08-18 03:52:22,840 INFO  db.DBStoreBuilder (DBStoreBuilder.java:addTable(110)) - using custom profile for table: userTable
2019-08-18 03:52:22,840 INFO  db.DBStoreBuilder (DBStoreBuilder.java:processTables(161)) - Using default column profile:DBProfile.DISK for Table:userTable
2019-08-18 03:52:22,840 INFO  db.DBStoreBuilder (DBStoreBuilder.java:addTable(110)) - using custom profile for table: volumeTable
2019-08-18 03:52:22,841 INFO  db.DBStoreBuilder (DBStoreBuilder.java:processTables(161)) - Using default column profile:DBProfile.DISK for Table:volumeTable
2019-08-18 03:52:22,841 INFO  db.DBStoreBuilder (DBStoreBuilder.java:addTable(110)) - using custom profile for table: bucketTable
2019-08-18 03:52:22,841 INFO  db.DBStoreBuilder (DBStoreBuilder.java:processTables(161)) - Using default column profile:DBProfile.DISK for Table:bucketTable
2019-08-18 03:52:22,841 INFO  db.DBStoreBuilder (DBStoreBuilder.java:addTable(110)) - using custom profile for table: keyTable
2019-08-18 03:52:22,842 INFO  db.DBStoreBuilder (DBStoreBuilder.java:processTables(161)) - Using default column profile:DBProfile.DISK for Table:keyTable
2019-08-18 03:52:22,842 INFO  db.DBStoreBuilder (DBStoreBuilder.java:addTable(110)) - using custom profile for table: deletedTable
2019-08-18 03:52:22,842 INFO  db.DBStoreBuilder (DBStoreBuilder.java:processTables(161)) - Using default column profile:DBProfile.DISK for Table:deletedTable
2019-08-18 03:52:22,842 INFO  db.DBStoreBuilder (DBStoreBuilder.java:addTable(110)) - using custom profile for table: openKeyTable
2019-08-18 03:52:22,842 INFO  db.DBStoreBuilder (DBStoreBuilder.java:processTables(161)) - Using default column profile:DBProfile.DISK for Table:openKeyTable
2019-08-18 03:52:22,843 INFO  db.DBStoreBuilder (DBStoreBuilder.java:addTable(110)) - using custom profile for table: s3Table
2019-08-18 03:52:22,843 INFO  db.DBStoreBuilder (DBStoreBuilder.java:processTables(161)) - Using default column profile:DBProfile.DISK for Table:s3Table
2019-08-18 03:52:22,843 INFO  db.DBStoreBuilder (DBStoreBuilder.java:addTable(110)) - using custom profile for table: multipartInfoTable
2019-08-18 03:52:22,843 INFO  db.DBStoreBuilder (DBStoreBuilder.java:processTables(161)) - Using default column profile:DBProfile.DISK for Table:multipartInfoTable
2019-08-18 03:52:22,844 INFO  db.DBStoreBuilder (DBStoreBuilder.java:addTable(110)) - using custom profile for table: dTokenTable
2019-08-18 03:52:22,844 INFO  db.DBStoreBuilder (DBStoreBuilder.java:processTables(161)) - Using default column profile:DBProfile.DISK for Table:dTokenTable
2019-08-18 03:52:22,844 INFO  db.DBStoreBuilder (DBStoreBuilder.java:addTable(110)) - using custom profile for table: s3SecretTable
2019-08-18 03:52:22,844 INFO  db.DBStoreBuilder (DBStoreBuilder.java:processTables(161)) - Using default column profile:DBProfile.DISK for Table:s3SecretTable
2019-08-18 03:52:22,845 INFO  db.DBStoreBuilder (DBStoreBuilder.java:addTable(110)) - using custom profile for table: prefixTable
2019-08-18 03:52:22,845 INFO  db.DBStoreBuilder (DBStoreBuilder.java:processTables(161)) - Using default column profile:DBProfile.DISK for Table:prefixTable
2019-08-18 03:52:22,845 INFO  db.DBStoreBuilder (DBStoreBuilder.java:addTable(110)) - using custom profile for table: default
2019-08-18 03:52:22,845 INFO  db.DBStoreBuilder (DBStoreBuilder.java:processTables(167)) - Using default column profile:DBProfile.DISK for Table:default
2019-08-18 03:52:22,845 INFO  db.DBStoreBuilder (DBStoreBuilder.java:getDbProfile(198)) - Using default options. DBProfile.DISK
2019-08-18 03:52:23,321 INFO  ipc.CallQueueManager (CallQueueManager.java:<init>(84)) - Using callQueue: class java.util.concurrent.LinkedBlockingQueue, queueCapacity: 2000, scheduler: class org.apache.hadoop.ipc.DefaultRpcScheduler, ipcBackoff: false.
2019-08-18 03:52:23,322 INFO  ipc.Server (Server.java:run(1074)) - Starting Socket Reader #1 for port 37712
2019-08-18 03:52:23,342 INFO  om.OzoneManager (OzoneManager.java:start(1255)) - OzoneManager RPC server is listening at localhost/127.0.0.1:37712
2019-08-18 03:52:23,342 INFO  impl.MetricsSystemImpl (MetricsSystemImpl.java:init(158)) - OzoneManager metrics system started (again)
2019-08-18 03:52:23,343 INFO  ipc.Server (Server.java:run(1314)) - IPC Server Responder: starting
2019-08-18 03:52:23,343 INFO  ipc.Server (Server.java:run(1153)) - IPC Server listener on 37712: starting
2019-08-18 03:52:23,351 INFO  hdfs.DFSUtil (DFSUtil.java:httpServerTemplateForNNAndJN(1641)) - Starting Web-server for ozoneManager at: http://0.0.0.0:0
2019-08-18 03:52:23,353 INFO  server.AuthenticationFilter (AuthenticationFilter.java:constructSecretProvider(240)) - Unable to initialize FileSignerSecretProvider, falling back to use random secrets.
2019-08-18 03:52:23,354 WARN  http.HttpRequestLog (HttpRequestLog.java:getRequestLog(97)) - Jetty request log can only be enabled using Log4j
2019-08-18 03:52:23,357 INFO  http.HttpServer2 (HttpServer2.java:addGlobalFilter(975)) - Added global filter 'safety' (class=org.apache.hadoop.http.HttpServer2$QuotingInputFilter)
2019-08-18 03:52:23,357 INFO  http.HttpServer2 (HttpServer2.java:addFilter(948)) - Added filter static_user_filter (class=org.apache.hadoop.http.lib.StaticUserWebFilter$StaticUserFilter) to context ozoneManager
2019-08-18 03:52:23,358 INFO  http.HttpServer2 (HttpServer2.java:addFilter(958)) - Added filter static_user_filter (class=org.apache.hadoop.http.lib.StaticUserWebFilter$StaticUserFilter) to context logs
2019-08-18 03:52:23,358 INFO  http.HttpServer2 (HttpServer2.java:addFilter(958)) - Added filter static_user_filter (class=org.apache.hadoop.http.lib.StaticUserWebFilter$StaticUserFilter) to context static
2019-08-18 03:52:23,359 INFO  http.HttpServer2 (HttpServer2.java:bindListener(1191)) - Jetty bound to port 34863
2019-08-18 03:52:23,359 INFO  server.Server (Server.java:doStart(351)) - jetty-9.3.24.v20180605, build timestamp: 2018-06-05T17:11:56Z, git hash: 84205aa28f11a4f31f2a3b86d1bba2cc8ab69827
2019-08-18 03:52:23,363 INFO  handler.ContextHandler (ContextHandler.java:doStart(781)) - Started o.e.j.s.ServletContextHandler@5238896f{/logs,file:///workdir/hadoop-ozone/integration-test/target/log,AVAILABLE}
2019-08-18 03:52:23,364 INFO  handler.ContextHandler (ContextHandler.java:doStart(781)) - Started o.e.j.s.ServletContextHandler@4a2e1e52{/static,file:///workdir/hadoop-ozone/integration-test/target/test-classes/webapps/static,AVAILABLE}
2019-08-18 03:52:23,370 INFO  handler.ContextHandler (ContextHandler.java:doStart(781)) - Started o.e.j.w.WebAppContext@1d4cc7{/,file:///workdir/hadoop-ozone/integration-test/target/test-classes/webapps/ozoneManager/,AVAILABLE}{/ozoneManager}
2019-08-18 03:52:23,371 INFO  server.AbstractConnector (AbstractConnector.java:doStart(278)) - Started ServerConnector@7d28cdcd{HTTP/1.1,[http/1.1]}{0.0.0.0:34863}
2019-08-18 03:52:23,372 INFO  server.Server (Server.java:doStart(419)) - Started @45626ms
2019-08-18 03:52:23,373 INFO  server.BaseHttpServer (BaseHttpServer.java:updateConnectorAddress(207)) - HTTP server of OZONEMANAGER is listening at http://0.0.0.0:34863
2019-08-18 03:52:23,394 INFO  impl.MetricsSystemImpl (MetricsSystemImpl.java:init(158)) - HddsDatanode metrics system started (again)
2019-08-18 03:52:23,397 INFO  ozone.HddsDatanodeService (HddsDatanodeService.java:start(184)) - HddsDatanodeService host:byscane-nightly-jvqb9-734128259 ip:192.168.69.121
2019-08-18 03:52:23,405 INFO  volume.HddsVolume (HddsVolume.java:<init>(176)) - Creating Volume: /workdir/hadoop-ozone/integration-test/target/test-dir/MiniOzoneClusterImpl-0f5add87-0c11-4011-93e8-a360484efc1f/datanode-0/data/containers/hdds of  storage type : DISK and capacity : 1482555576320
2019-08-18 03:52:23,405 INFO  volume.VolumeSet (VolumeSet.java:initializeVolumeSet(170)) - Added Volume : /workdir/hadoop-ozone/integration-test/target/test-dir/MiniOzoneClusterImpl-0f5add87-0c11-4011-93e8-a360484efc1f/datanode-0/data/containers/hdds to VolumeSet
2019-08-18 03:52:23,405 INFO  volume.ThrottledAsyncChecker (ThrottledAsyncChecker.java:schedule(140)) - Scheduling a check for org.apache.hadoop.ozone.container.common.volume.HddsVolume@192b472d
2019-08-18 03:52:23,406 INFO  volume.HddsVolumeChecker (HddsVolumeChecker.java:checkAllVolumes(203)) - Scheduled health check for volume org.apache.hadoop.ozone.container.common.volume.HddsVolume@192b472d
2019-08-18 03:52:23,423 INFO  impl.RaftServerProxy (ConfUtils.java:logGet(43)) - raft.rpc.type = GRPC (default)
2019-08-18 03:52:23,423 INFO  grpc.GrpcFactory (GrpcFactory.java:checkPooledByteBufAllocatorUseCacheForAllThreads(45)) - PERFORMANCE WARNING: useCacheForAllThreads is true that may cause Netty to create a lot garbage objects and, as a result, trigger GC.
	It is recommended to disable useCacheForAllThreads by setting -Dorg.apache.ratis.thirdparty.io.netty.allocator.useCacheForAllThreads=false in command line.
2019-08-18 03:52:23,424 INFO  grpc.GrpcConfigKeys$Server (ConfUtils.java:logGet(43)) - raft.grpc.server.port = 0 (default)
2019-08-18 03:52:23,424 INFO  server.GrpcService (ConfUtils.java:logGet(43)) - raft.grpc.message.size.max = 33570816 (custom)
2019-08-18 03:52:23,424 INFO  server.RaftServerConfigKeys (ConfUtils.java:logGet(43)) - raft.server.log.appender.buffer.byte-limit = 33554432 (custom)
2019-08-18 03:52:23,425 INFO  server.GrpcService (ConfUtils.java:logGet(43)) - raft.grpc.flow.control.window = 1MB (=1048576) (default)
2019-08-18 03:52:23,425 INFO  server.RaftServerConfigKeys (ConfUtils.java:logGet(43)) - raft.server.rpc.request.timeout = 3000ms (default)
2019-08-18 03:52:23,426 INFO  server.RaftServerConfigKeys (ConfUtils.java:logGet(43)) - raft.server.storage.dir = [/workdir/hadoop-ozone/integration-test/target/test-dir/MiniOzoneClusterImpl-0f5add87-0c11-4011-93e8-a360484efc1f/datanode-0/data/ratis] (custom)
2019-08-18 03:52:23,426 INFO  replication.SimpleContainerDownloader (SimpleContainerDownloader.java:<init>(72)) - Starting container downloader service to copy containers to replicate.
2019-08-18 03:52:23,428 INFO  hdfs.DFSUtil (DFSUtil.java:httpServerTemplateForNNAndJN(1641)) - Starting Web-server for hddsDatanode at: http://0.0.0.0:0
2019-08-18 03:52:23,429 INFO  server.AuthenticationFilter (AuthenticationFilter.java:constructSecretProvider(240)) - Unable to initialize FileSignerSecretProvider, falling back to use random secrets.
2019-08-18 03:52:23,430 WARN  http.HttpRequestLog (HttpRequestLog.java:getRequestLog(97)) - Jetty request log can only be enabled using Log4j
2019-08-18 03:52:23,432 INFO  http.HttpServer2 (HttpServer2.java:addGlobalFilter(975)) - Added global filter 'safety' (class=org.apache.hadoop.http.HttpServer2$QuotingInputFilter)
2019-08-18 03:52:23,433 INFO  http.HttpServer2 (HttpServer2.java:addFilter(948)) - Added filter static_user_filter (class=org.apache.hadoop.http.lib.StaticUserWebFilter$StaticUserFilter) to context hddsDatanode
2019-08-18 03:52:23,433 INFO  http.HttpServer2 (HttpServer2.java:addFilter(958)) - Added filter static_user_filter (class=org.apache.hadoop.http.lib.StaticUserWebFilter$StaticUserFilter) to context logs
2019-08-18 03:52:23,433 INFO  http.HttpServer2 (HttpServer2.java:addFilter(958)) - Added filter static_user_filter (class=org.apache.hadoop.http.lib.StaticUserWebFilter$StaticUserFilter) to context static
2019-08-18 03:52:23,434 INFO  http.HttpServer2 (HttpServer2.java:bindListener(1191)) - Jetty bound to port 36361
2019-08-18 03:52:23,434 INFO  server.Server (Server.java:doStart(351)) - jetty-9.3.24.v20180605, build timestamp: 2018-06-05T17:11:56Z, git hash: 84205aa28f11a4f31f2a3b86d1bba2cc8ab69827
2019-08-18 03:52:23,436 INFO  handler.ContextHandler (ContextHandler.java:doStart(781)) - Started o.e.j.s.ServletContextHandler@3688baab{/logs,file:///workdir/hadoop-ozone/integration-test/target/log,AVAILABLE}
2019-08-18 03:52:23,437 INFO  handler.ContextHandler (ContextHandler.java:doStart(781)) - Started o.e.j.s.ServletContextHandler@6ba060af{/static,jar:file:/home/user/.m2/repository/org/apache/hadoop/hadoop-hdds-container-service/0.4.1-SNAPSHOT/hadoop-hdds-container-service-0.4.1-SNAPSHOT.jar!/webapps/static,AVAILABLE}
2019-08-18 03:52:23,467 INFO  handler.ContextHandler (ContextHandler.java:doStart(781)) - Started o.e.j.w.WebAppContext@283d3628{/,file:///tmp/jetty-0.0.0.0-36361-hddsDatanode-_-any-1770791913404895771.dir/webapp/,AVAILABLE}{/hddsDatanode}
2019-08-18 03:52:23,468 INFO  server.AbstractConnector (AbstractConnector.java:doStart(278)) - Started ServerConnector@5b3518e1{HTTP/1.1,[http/1.1]}{0.0.0.0:36361}
2019-08-18 03:52:23,469 INFO  server.Server (Server.java:doStart(419)) - Started @45723ms
2019-08-18 03:52:23,470 INFO  server.BaseHttpServer (BaseHttpServer.java:updateConnectorAddress(207)) - HTTP server of HDDSDATANODE is listening at http://0.0.0.0:36361
2019-08-18 03:52:23,601 INFO  ozone.HddsDatanodeService (HddsDatanodeService.java:startPlugins(395)) - Started plug-in org.apache.hadoop.ozone.web.OzoneHddsDatanodeService@2bfc8558
2019-08-18 03:52:23,602 INFO  impl.MetricsSystemImpl (MetricsSystemImpl.java:init(158)) - HddsDatanode metrics system started (again)
2019-08-18 03:52:23,605 INFO  ozone.HddsDatanodeService (HddsDatanodeService.java:start(184)) - HddsDatanodeService host:byscane-nightly-jvqb9-734128259 ip:192.168.69.121
2019-08-18 03:52:23,606 INFO  util.JvmPauseMonitor (JvmPauseMonitor.java:run(188)) - Starting JVM pause monitor
2019-08-18 03:52:23,608 INFO  datanode.InitDatanodeState (InitDatanodeState.java:persistContainerDatanodeDetails(140)) - DatanodeDetails is persisted to /workdir/hadoop-ozone/integration-test/target/test-dir/MiniOzoneClusterImpl-0f5add87-0c11-4011-93e8-a360484efc1f/datanode-0/meta/datanode.id
2019-08-18 03:52:23,612 INFO  volume.HddsVolume (HddsVolume.java:<init>(176)) - Creating Volume: /workdir/hadoop-ozone/integration-test/target/test-dir/MiniOzoneClusterImpl-0f5add87-0c11-4011-93e8-a360484efc1f/datanode-1/data/containers/hdds of  storage type : DISK and capacity : 1482555576320
2019-08-18 03:52:23,612 INFO  volume.VolumeSet (VolumeSet.java:initializeVolumeSet(170)) - Added Volume : /workdir/hadoop-ozone/integration-test/target/test-dir/MiniOzoneClusterImpl-0f5add87-0c11-4011-93e8-a360484efc1f/datanode-1/data/containers/hdds to VolumeSet
2019-08-18 03:52:23,613 INFO  volume.ThrottledAsyncChecker (ThrottledAsyncChecker.java:schedule(140)) - Scheduling a check for org.apache.hadoop.ozone.container.common.volume.HddsVolume@a357c3e
2019-08-18 03:52:23,613 INFO  volume.HddsVolumeChecker (HddsVolumeChecker.java:checkAllVolumes(203)) - Scheduled health check for volume org.apache.hadoop.ozone.container.common.volume.HddsVolume@a357c3e
2019-08-18 03:52:23,626 INFO  impl.RaftServerProxy (ConfUtils.java:logGet(43)) - raft.rpc.type = GRPC (default)
2019-08-18 03:52:23,626 INFO  grpc.GrpcFactory (GrpcFactory.java:checkPooledByteBufAllocatorUseCacheForAllThreads(45)) - PERFORMANCE WARNING: useCacheForAllThreads is true that may cause Netty to create a lot garbage objects and, as a result, trigger GC.
	It is recommended to disable useCacheForAllThreads by setting -Dorg.apache.ratis.thirdparty.io.netty.allocator.useCacheForAllThreads=false in command line.
2019-08-18 03:52:23,627 INFO  grpc.GrpcConfigKeys$Server (ConfUtils.java:logGet(43)) - raft.grpc.server.port = 0 (default)
2019-08-18 03:52:23,627 INFO  server.GrpcService (ConfUtils.java:logGet(43)) - raft.grpc.message.size.max = 33570816 (custom)
2019-08-18 03:52:23,627 INFO  server.RaftServerConfigKeys (ConfUtils.java:logGet(43)) - raft.server.log.appender.buffer.byte-limit = 33554432 (custom)
2019-08-18 03:52:23,627 INFO  server.GrpcService (ConfUtils.java:logGet(43)) - raft.grpc.flow.control.window = 1MB (=1048576) (default)
2019-08-18 03:52:23,627 INFO  server.RaftServerConfigKeys (ConfUtils.java:logGet(43)) - raft.server.rpc.request.timeout = 3000ms (default)
2019-08-18 03:52:23,628 INFO  server.RaftServerConfigKeys (ConfUtils.java:logGet(43)) - raft.server.storage.dir = [/workdir/hadoop-ozone/integration-test/target/test-dir/MiniOzoneClusterImpl-0f5add87-0c11-4011-93e8-a360484efc1f/datanode-1/data/ratis] (custom)
2019-08-18 03:52:23,628 INFO  replication.SimpleContainerDownloader (SimpleContainerDownloader.java:<init>(72)) - Starting container downloader service to copy containers to replicate.
2019-08-18 03:52:23,629 INFO  hdfs.DFSUtil (DFSUtil.java:httpServerTemplateForNNAndJN(1641)) - Starting Web-server for hddsDatanode at: http://0.0.0.0:0
2019-08-18 03:52:23,630 INFO  server.AuthenticationFilter (AuthenticationFilter.java:constructSecretProvider(240)) - Unable to initialize FileSignerSecretProvider, falling back to use random secrets.
2019-08-18 03:52:23,631 WARN  http.HttpRequestLog (HttpRequestLog.java:getRequestLog(97)) - Jetty request log can only be enabled using Log4j
2019-08-18 03:52:23,632 INFO  http.HttpServer2 (HttpServer2.java:addGlobalFilter(975)) - Added global filter 'safety' (class=org.apache.hadoop.http.HttpServer2$QuotingInputFilter)
2019-08-18 03:52:23,632 INFO  http.HttpServer2 (HttpServer2.java:addFilter(948)) - Added filter static_user_filter (class=org.apache.hadoop.http.lib.StaticUserWebFilter$StaticUserFilter) to context hddsDatanode
2019-08-18 03:52:23,633 INFO  http.HttpServer2 (HttpServer2.java:addFilter(958)) - Added filter static_user_filter (class=org.apache.hadoop.http.lib.StaticUserWebFilter$StaticUserFilter) to context static
2019-08-18 03:52:23,633 INFO  http.HttpServer2 (HttpServer2.java:addFilter(958)) - Added filter static_user_filter (class=org.apache.hadoop.http.lib.StaticUserWebFilter$StaticUserFilter) to context logs
2019-08-18 03:52:23,633 INFO  http.HttpServer2 (HttpServer2.java:bindListener(1191)) - Jetty bound to port 38667
2019-08-18 03:52:23,633 INFO  server.Server (Server.java:doStart(351)) - jetty-9.3.24.v20180605, build timestamp: 2018-06-05T17:11:56Z, git hash: 84205aa28f11a4f31f2a3b86d1bba2cc8ab69827
2019-08-18 03:52:23,636 INFO  handler.ContextHandler (ContextHandler.java:doStart(781)) - Started o.e.j.s.ServletContextHandler@33187485{/logs,file:///workdir/hadoop-ozone/integration-test/target/log,AVAILABLE}
2019-08-18 03:52:23,636 INFO  handler.ContextHandler (ContextHandler.java:doStart(781)) - Started o.e.j.s.ServletContextHandler@5d2e6f62{/static,jar:file:/home/user/.m2/repository/org/apache/hadoop/hadoop-hdds-container-service/0.4.1-SNAPSHOT/hadoop-hdds-container-service-0.4.1-SNAPSHOT.jar!/webapps/static,AVAILABLE}
2019-08-18 03:52:23,663 INFO  handler.ContextHandler (ContextHandler.java:doStart(781)) - Started o.e.j.w.WebAppContext@1aed6f0b{/,file:///tmp/jetty-0.0.0.0-38667-hddsDatanode-_-any-6340380161898772676.dir/webapp/,AVAILABLE}{/hddsDatanode}
2019-08-18 03:52:23,664 INFO  server.AbstractConnector (AbstractConnector.java:doStart(278)) - Started ServerConnector@3b3546a3{HTTP/1.1,[http/1.1]}{0.0.0.0:38667}
2019-08-18 03:52:23,665 INFO  server.Server (Server.java:doStart(419)) - Started @45919ms
2019-08-18 03:52:23,666 INFO  server.BaseHttpServer (BaseHttpServer.java:updateConnectorAddress(207)) - HTTP server of HDDSDATANODE is listening at http://0.0.0.0:38667
2019-08-18 03:52:23,785 INFO  ozone.HddsDatanodeService (HddsDatanodeService.java:startPlugins(395)) - Started plug-in org.apache.hadoop.ozone.web.OzoneHddsDatanodeService@6a6e9289
2019-08-18 03:52:23,785 INFO  impl.MetricsSystemImpl (MetricsSystemImpl.java:init(158)) - HddsDatanode metrics system started (again)
2019-08-18 03:52:23,789 INFO  ozone.HddsDatanodeService (HddsDatanodeService.java:start(184)) - HddsDatanodeService host:byscane-nightly-jvqb9-734128259 ip:192.168.69.121
2019-08-18 03:52:23,790 INFO  util.JvmPauseMonitor (JvmPauseMonitor.java:run(188)) - Starting JVM pause monitor
2019-08-18 03:52:23,792 INFO  datanode.InitDatanodeState (InitDatanodeState.java:persistContainerDatanodeDetails(140)) - DatanodeDetails is persisted to /workdir/hadoop-ozone/integration-test/target/test-dir/MiniOzoneClusterImpl-0f5add87-0c11-4011-93e8-a360484efc1f/datanode-1/meta/datanode.id
2019-08-18 03:52:23,797 INFO  volume.HddsVolume (HddsVolume.java:<init>(176)) - Creating Volume: /workdir/hadoop-ozone/integration-test/target/test-dir/MiniOzoneClusterImpl-0f5add87-0c11-4011-93e8-a360484efc1f/datanode-2/data/containers/hdds of  storage type : DISK and capacity : 1482555576320
2019-08-18 03:52:23,797 INFO  volume.VolumeSet (VolumeSet.java:initializeVolumeSet(170)) - Added Volume : /workdir/hadoop-ozone/integration-test/target/test-dir/MiniOzoneClusterImpl-0f5add87-0c11-4011-93e8-a360484efc1f/datanode-2/data/containers/hdds to VolumeSet
2019-08-18 03:52:23,797 INFO  volume.ThrottledAsyncChecker (ThrottledAsyncChecker.java:schedule(140)) - Scheduling a check for org.apache.hadoop.ozone.container.common.volume.HddsVolume@7ee12d58
2019-08-18 03:52:23,798 INFO  volume.HddsVolumeChecker (HddsVolumeChecker.java:checkAllVolumes(203)) - Scheduled health check for volume org.apache.hadoop.ozone.container.common.volume.HddsVolume@7ee12d58
2019-08-18 03:52:23,815 INFO  impl.RaftServerProxy (ConfUtils.java:logGet(43)) - raft.rpc.type = GRPC (default)
2019-08-18 03:52:23,815 INFO  grpc.GrpcFactory (GrpcFactory.java:checkPooledByteBufAllocatorUseCacheForAllThreads(45)) - PERFORMANCE WARNING: useCacheForAllThreads is true that may cause Netty to create a lot garbage objects and, as a result, trigger GC.
	It is recommended to disable useCacheForAllThreads by setting -Dorg.apache.ratis.thirdparty.io.netty.allocator.useCacheForAllThreads=false in command line.
2019-08-18 03:52:23,815 INFO  grpc.GrpcConfigKeys$Server (ConfUtils.java:logGet(43)) - raft.grpc.server.port = 0 (default)
2019-08-18 03:52:23,815 INFO  server.GrpcService (ConfUtils.java:logGet(43)) - raft.grpc.message.size.max = 33570816 (custom)
2019-08-18 03:52:23,815 INFO  server.RaftServerConfigKeys (ConfUtils.java:logGet(43)) - raft.server.log.appender.buffer.byte-limit = 33554432 (custom)
2019-08-18 03:52:23,816 INFO  server.GrpcService (ConfUtils.java:logGet(43)) - raft.grpc.flow.control.window = 1MB (=1048576) (default)
2019-08-18 03:52:23,816 INFO  server.RaftServerConfigKeys (ConfUtils.java:logGet(43)) - raft.server.rpc.request.timeout = 3000ms (default)
2019-08-18 03:52:23,816 INFO  server.RaftServerConfigKeys (ConfUtils.java:logGet(43)) - raft.server.storage.dir = [/workdir/hadoop-ozone/integration-test/target/test-dir/MiniOzoneClusterImpl-0f5add87-0c11-4011-93e8-a360484efc1f/datanode-2/data/ratis] (custom)
2019-08-18 03:52:23,817 INFO  replication.SimpleContainerDownloader (SimpleContainerDownloader.java:<init>(72)) - Starting container downloader service to copy containers to replicate.
2019-08-18 03:52:23,818 INFO  hdfs.DFSUtil (DFSUtil.java:httpServerTemplateForNNAndJN(1641)) - Starting Web-server for hddsDatanode at: http://0.0.0.0:0
2019-08-18 03:52:23,819 INFO  server.AuthenticationFilter (AuthenticationFilter.java:constructSecretProvider(240)) - Unable to initialize FileSignerSecretProvider, falling back to use random secrets.
2019-08-18 03:52:23,819 WARN  http.HttpRequestLog (HttpRequestLog.java:getRequestLog(97)) - Jetty request log can only be enabled using Log4j
2019-08-18 03:52:23,820 INFO  http.HttpServer2 (HttpServer2.java:addGlobalFilter(975)) - Added global filter 'safety' (class=org.apache.hadoop.http.HttpServer2$QuotingInputFilter)
2019-08-18 03:52:23,821 INFO  http.HttpServer2 (HttpServer2.java:addFilter(948)) - Added filter static_user_filter (class=org.apache.hadoop.http.lib.StaticUserWebFilter$StaticUserFilter) to context hddsDatanode
2019-08-18 03:52:23,821 INFO  http.HttpServer2 (HttpServer2.java:addFilter(958)) - Added filter static_user_filter (class=org.apache.hadoop.http.lib.StaticUserWebFilter$StaticUserFilter) to context logs
2019-08-18 03:52:23,821 INFO  http.HttpServer2 (HttpServer2.java:addFilter(958)) - Added filter static_user_filter (class=org.apache.hadoop.http.lib.StaticUserWebFilter$StaticUserFilter) to context static
2019-08-18 03:52:23,822 INFO  http.HttpServer2 (HttpServer2.java:bindListener(1191)) - Jetty bound to port 44450
2019-08-18 03:52:23,822 INFO  server.Server (Server.java:doStart(351)) - jetty-9.3.24.v20180605, build timestamp: 2018-06-05T17:11:56Z, git hash: 84205aa28f11a4f31f2a3b86d1bba2cc8ab69827
2019-08-18 03:52:23,823 INFO  handler.ContextHandler (ContextHandler.java:doStart(781)) - Started o.e.j.s.ServletContextHandler@7e4ac598{/logs,file:///workdir/hadoop-ozone/integration-test/target/log,AVAILABLE}
2019-08-18 03:52:23,824 INFO  handler.ContextHandler (ContextHandler.java:doStart(781)) - Started o.e.j.s.ServletContextHandler@f76872f{/static,jar:file:/home/user/.m2/repository/org/apache/hadoop/hadoop-hdds-container-service/0.4.1-SNAPSHOT/hadoop-hdds-container-service-0.4.1-SNAPSHOT.jar!/webapps/static,AVAILABLE}
2019-08-18 03:52:23,851 INFO  handler.ContextHandler (ContextHandler.java:doStart(781)) - Started o.e.j.w.WebAppContext@22e813fc{/,file:///tmp/jetty-0.0.0.0-44450-hddsDatanode-_-any-6458316953546315011.dir/webapp/,AVAILABLE}{/hddsDatanode}
2019-08-18 03:52:23,851 INFO  server.AbstractConnector (AbstractConnector.java:doStart(278)) - Started ServerConnector@433d93e7{HTTP/1.1,[http/1.1]}{0.0.0.0:44450}
2019-08-18 03:52:23,852 INFO  server.Server (Server.java:doStart(419)) - Started @46106ms
2019-08-18 03:52:23,853 INFO  server.BaseHttpServer (BaseHttpServer.java:updateConnectorAddress(207)) - HTTP server of HDDSDATANODE is listening at http://0.0.0.0:44450
2019-08-18 03:52:23,965 INFO  ozone.HddsDatanodeService (HddsDatanodeService.java:startPlugins(395)) - Started plug-in org.apache.hadoop.ozone.web.OzoneHddsDatanodeService@6697f3d
2019-08-18 03:52:23,965 INFO  impl.MetricsSystemImpl (MetricsSystemImpl.java:init(158)) - HddsDatanode metrics system started (again)
2019-08-18 03:52:23,970 INFO  util.JvmPauseMonitor (JvmPauseMonitor.java:run(188)) - Starting JVM pause monitor
2019-08-18 03:52:23,970 INFO  ozone.HddsDatanodeService (HddsDatanodeService.java:start(184)) - HddsDatanodeService host:byscane-nightly-jvqb9-734128259 ip:192.168.69.121
2019-08-18 03:52:23,971 INFO  datanode.InitDatanodeState (InitDatanodeState.java:persistContainerDatanodeDetails(140)) - DatanodeDetails is persisted to /workdir/hadoop-ozone/integration-test/target/test-dir/MiniOzoneClusterImpl-0f5add87-0c11-4011-93e8-a360484efc1f/datanode-2/meta/datanode.id
2019-08-18 03:52:23,977 INFO  volume.HddsVolume (HddsVolume.java:<init>(176)) - Creating Volume: /workdir/hadoop-ozone/integration-test/target/test-dir/MiniOzoneClusterImpl-0f5add87-0c11-4011-93e8-a360484efc1f/datanode-3/data/containers/hdds of  storage type : DISK and capacity : 1482555576320
2019-08-18 03:52:23,977 INFO  volume.VolumeSet (VolumeSet.java:initializeVolumeSet(170)) - Added Volume : /workdir/hadoop-ozone/integration-test/target/test-dir/MiniOzoneClusterImpl-0f5add87-0c11-4011-93e8-a360484efc1f/datanode-3/data/containers/hdds to VolumeSet
2019-08-18 03:52:23,978 INFO  volume.ThrottledAsyncChecker (ThrottledAsyncChecker.java:schedule(140)) - Scheduling a check for org.apache.hadoop.ozone.container.common.volume.HddsVolume@67a6a2d0
2019-08-18 03:52:23,978 INFO  volume.HddsVolumeChecker (HddsVolumeChecker.java:checkAllVolumes(203)) - Scheduled health check for volume org.apache.hadoop.ozone.container.common.volume.HddsVolume@67a6a2d0
2019-08-18 03:52:23,993 INFO  impl.RaftServerProxy (ConfUtils.java:logGet(43)) - raft.rpc.type = GRPC (default)
2019-08-18 03:52:23,993 INFO  grpc.GrpcFactory (GrpcFactory.java:checkPooledByteBufAllocatorUseCacheForAllThreads(45)) - PERFORMANCE WARNING: useCacheForAllThreads is true that may cause Netty to create a lot garbage objects and, as a result, trigger GC.
	It is recommended to disable useCacheForAllThreads by setting -Dorg.apache.ratis.thirdparty.io.netty.allocator.useCacheForAllThreads=false in command line.
2019-08-18 03:52:23,993 INFO  grpc.GrpcConfigKeys$Server (ConfUtils.java:logGet(43)) - raft.grpc.server.port = 0 (default)
2019-08-18 03:52:23,993 INFO  server.GrpcService (ConfUtils.java:logGet(43)) - raft.grpc.message.size.max = 33570816 (custom)
2019-08-18 03:52:23,993 INFO  server.RaftServerConfigKeys (ConfUtils.java:logGet(43)) - raft.server.log.appender.buffer.byte-limit = 33554432 (custom)
2019-08-18 03:52:23,994 INFO  server.GrpcService (ConfUtils.java:logGet(43)) - raft.grpc.flow.control.window = 1MB (=1048576) (default)
2019-08-18 03:52:23,994 INFO  server.RaftServerConfigKeys (ConfUtils.java:logGet(43)) - raft.server.rpc.request.timeout = 3000ms (default)
2019-08-18 03:52:23,994 INFO  server.RaftServerConfigKeys (ConfUtils.java:logGet(43)) - raft.server.storage.dir = [/workdir/hadoop-ozone/integration-test/target/test-dir/MiniOzoneClusterImpl-0f5add87-0c11-4011-93e8-a360484efc1f/datanode-3/data/ratis] (custom)
2019-08-18 03:52:23,995 INFO  replication.SimpleContainerDownloader (SimpleContainerDownloader.java:<init>(72)) - Starting container downloader service to copy containers to replicate.
2019-08-18 03:52:23,996 INFO  hdfs.DFSUtil (DFSUtil.java:httpServerTemplateForNNAndJN(1641)) - Starting Web-server for hddsDatanode at: http://0.0.0.0:0
2019-08-18 03:52:23,997 INFO  server.AuthenticationFilter (AuthenticationFilter.java:constructSecretProvider(240)) - Unable to initialize FileSignerSecretProvider, falling back to use random secrets.
2019-08-18 03:52:23,997 WARN  http.HttpRequestLog (HttpRequestLog.java:getRequestLog(97)) - Jetty request log can only be enabled using Log4j
2019-08-18 03:52:23,998 INFO  http.HttpServer2 (HttpServer2.java:addGlobalFilter(975)) - Added global filter 'safety' (class=org.apache.hadoop.http.HttpServer2$QuotingInputFilter)
2019-08-18 03:52:23,999 INFO  http.HttpServer2 (HttpServer2.java:addFilter(948)) - Added filter static_user_filter (class=org.apache.hadoop.http.lib.StaticUserWebFilter$StaticUserFilter) to context hddsDatanode
2019-08-18 03:52:24,000 INFO  http.HttpServer2 (HttpServer2.java:addFilter(958)) - Added filter static_user_filter (class=org.apache.hadoop.http.lib.StaticUserWebFilter$StaticUserFilter) to context logs
2019-08-18 03:52:24,000 INFO  http.HttpServer2 (HttpServer2.java:addFilter(958)) - Added filter static_user_filter (class=org.apache.hadoop.http.lib.StaticUserWebFilter$StaticUserFilter) to context static
2019-08-18 03:52:24,000 INFO  http.HttpServer2 (HttpServer2.java:bindListener(1191)) - Jetty bound to port 39466
2019-08-18 03:52:24,000 INFO  server.Server (Server.java:doStart(351)) - jetty-9.3.24.v20180605, build timestamp: 2018-06-05T17:11:56Z, git hash: 84205aa28f11a4f31f2a3b86d1bba2cc8ab69827
2019-08-18 03:52:24,002 INFO  handler.ContextHandler (ContextHandler.java:doStart(781)) - Started o.e.j.s.ServletContextHandler@5fa5c8cf{/logs,file:///workdir/hadoop-ozone/integration-test/target/log,AVAILABLE}
2019-08-18 03:52:24,003 INFO  handler.ContextHandler (ContextHandler.java:doStart(781)) - Started o.e.j.s.ServletContextHandler@768f4b42{/static,jar:file:/home/user/.m2/repository/org/apache/hadoop/hadoop-hdds-container-service/0.4.1-SNAPSHOT/hadoop-hdds-container-service-0.4.1-SNAPSHOT.jar!/webapps/static,AVAILABLE}
2019-08-18 03:52:24,029 INFO  handler.ContextHandler (ContextHandler.java:doStart(781)) - Started o.e.j.w.WebAppContext@bcfe29c{/,file:///tmp/jetty-0.0.0.0-39466-hddsDatanode-_-any-6809431465226998634.dir/webapp/,AVAILABLE}{/hddsDatanode}
2019-08-18 03:52:24,030 INFO  server.AbstractConnector (AbstractConnector.java:doStart(278)) - Started ServerConnector@37f71c05{HTTP/1.1,[http/1.1]}{0.0.0.0:39466}
2019-08-18 03:52:24,031 INFO  server.Server (Server.java:doStart(419)) - Started @46285ms
2019-08-18 03:52:24,032 INFO  server.BaseHttpServer (BaseHttpServer.java:updateConnectorAddress(207)) - HTTP server of HDDSDATANODE is listening at http://0.0.0.0:39466
2019-08-18 03:52:24,148 INFO  ozone.HddsDatanodeService (HddsDatanodeService.java:startPlugins(395)) - Started plug-in org.apache.hadoop.ozone.web.OzoneHddsDatanodeService@5d32c1c7
2019-08-18 03:52:24,149 INFO  impl.MetricsSystemImpl (MetricsSystemImpl.java:init(158)) - HddsDatanode metrics system started (again)
2019-08-18 03:52:24,154 INFO  util.JvmPauseMonitor (JvmPauseMonitor.java:run(188)) - Starting JVM pause monitor
2019-08-18 03:52:24,154 INFO  ozone.HddsDatanodeService (HddsDatanodeService.java:start(184)) - HddsDatanodeService host:byscane-nightly-jvqb9-734128259 ip:192.168.69.121
2019-08-18 03:52:24,155 INFO  datanode.InitDatanodeState (InitDatanodeState.java:persistContainerDatanodeDetails(140)) - DatanodeDetails is persisted to /workdir/hadoop-ozone/integration-test/target/test-dir/MiniOzoneClusterImpl-0f5add87-0c11-4011-93e8-a360484efc1f/datanode-3/meta/datanode.id
2019-08-18 03:52:24,162 INFO  volume.HddsVolume (HddsVolume.java:<init>(176)) - Creating Volume: /workdir/hadoop-ozone/integration-test/target/test-dir/MiniOzoneClusterImpl-0f5add87-0c11-4011-93e8-a360484efc1f/datanode-4/data/containers/hdds of  storage type : DISK and capacity : 1482555576320
2019-08-18 03:52:24,162 INFO  volume.VolumeSet (VolumeSet.java:initializeVolumeSet(170)) - Added Volume : /workdir/hadoop-ozone/integration-test/target/test-dir/MiniOzoneClusterImpl-0f5add87-0c11-4011-93e8-a360484efc1f/datanode-4/data/containers/hdds to VolumeSet
2019-08-18 03:52:24,162 INFO  volume.ThrottledAsyncChecker (ThrottledAsyncChecker.java:schedule(140)) - Scheduling a check for org.apache.hadoop.ozone.container.common.volume.HddsVolume@5c41b8d8
2019-08-18 03:52:24,162 INFO  volume.HddsVolumeChecker (HddsVolumeChecker.java:checkAllVolumes(203)) - Scheduled health check for volume org.apache.hadoop.ozone.container.common.volume.HddsVolume@5c41b8d8
2019-08-18 03:52:24,178 INFO  impl.RaftServerProxy (ConfUtils.java:logGet(43)) - raft.rpc.type = GRPC (default)
2019-08-18 03:52:24,178 INFO  grpc.GrpcFactory (GrpcFactory.java:checkPooledByteBufAllocatorUseCacheForAllThreads(45)) - PERFORMANCE WARNING: useCacheForAllThreads is true that may cause Netty to create a lot garbage objects and, as a result, trigger GC.
	It is recommended to disable useCacheForAllThreads by setting -Dorg.apache.ratis.thirdparty.io.netty.allocator.useCacheForAllThreads=false in command line.
2019-08-18 03:52:24,178 INFO  grpc.GrpcConfigKeys$Server (ConfUtils.java:logGet(43)) - raft.grpc.server.port = 0 (default)
2019-08-18 03:52:24,179 INFO  server.GrpcService (ConfUtils.java:logGet(43)) - raft.grpc.message.size.max = 33570816 (custom)
2019-08-18 03:52:24,179 INFO  server.RaftServerConfigKeys (ConfUtils.java:logGet(43)) - raft.server.log.appender.buffer.byte-limit = 33554432 (custom)
2019-08-18 03:52:24,179 INFO  server.GrpcService (ConfUtils.java:logGet(43)) - raft.grpc.flow.control.window = 1MB (=1048576) (default)
2019-08-18 03:52:24,179 INFO  server.RaftServerConfigKeys (ConfUtils.java:logGet(43)) - raft.server.rpc.request.timeout = 3000ms (default)
2019-08-18 03:52:24,180 INFO  server.RaftServerConfigKeys (ConfUtils.java:logGet(43)) - raft.server.storage.dir = [/workdir/hadoop-ozone/integration-test/target/test-dir/MiniOzoneClusterImpl-0f5add87-0c11-4011-93e8-a360484efc1f/datanode-4/data/ratis] (custom)
2019-08-18 03:52:24,180 INFO  replication.SimpleContainerDownloader (SimpleContainerDownloader.java:<init>(72)) - Starting container downloader service to copy containers to replicate.
2019-08-18 03:52:24,181 INFO  hdfs.DFSUtil (DFSUtil.java:httpServerTemplateForNNAndJN(1641)) - Starting Web-server for hddsDatanode at: http://0.0.0.0:0
2019-08-18 03:52:24,183 INFO  server.AuthenticationFilter (AuthenticationFilter.java:constructSecretProvider(240)) - Unable to initialize FileSignerSecretProvider, falling back to use random secrets.
2019-08-18 03:52:24,183 WARN  http.HttpRequestLog (HttpRequestLog.java:getRequestLog(97)) - Jetty request log can only be enabled using Log4j
2019-08-18 03:52:24,184 INFO  http.HttpServer2 (HttpServer2.java:addGlobalFilter(975)) - Added global filter 'safety' (class=org.apache.hadoop.http.HttpServer2$QuotingInputFilter)
2019-08-18 03:52:24,185 INFO  http.HttpServer2 (HttpServer2.java:addFilter(948)) - Added filter static_user_filter (class=org.apache.hadoop.http.lib.StaticUserWebFilter$StaticUserFilter) to context hddsDatanode
2019-08-18 03:52:24,185 INFO  http.HttpServer2 (HttpServer2.java:addFilter(958)) - Added filter static_user_filter (class=org.apache.hadoop.http.lib.StaticUserWebFilter$StaticUserFilter) to context static
2019-08-18 03:52:24,185 INFO  http.HttpServer2 (HttpServer2.java:addFilter(958)) - Added filter static_user_filter (class=org.apache.hadoop.http.lib.StaticUserWebFilter$StaticUserFilter) to context logs
2019-08-18 03:52:24,186 INFO  http.HttpServer2 (HttpServer2.java:bindListener(1191)) - Jetty bound to port 38361
2019-08-18 03:52:24,186 INFO  server.Server (Server.java:doStart(351)) - jetty-9.3.24.v20180605, build timestamp: 2018-06-05T17:11:56Z, git hash: 84205aa28f11a4f31f2a3b86d1bba2cc8ab69827
2019-08-18 03:52:24,189 INFO  handler.ContextHandler (ContextHandler.java:doStart(781)) - Started o.e.j.s.ServletContextHandler@43756cb{/logs,file:///workdir/hadoop-ozone/integration-test/target/log,AVAILABLE}
2019-08-18 03:52:24,189 INFO  handler.ContextHandler (ContextHandler.java:doStart(781)) - Started o.e.j.s.ServletContextHandler@4e96cb04{/static,jar:file:/home/user/.m2/repository/org/apache/hadoop/hadoop-hdds-container-service/0.4.1-SNAPSHOT/hadoop-hdds-container-service-0.4.1-SNAPSHOT.jar!/webapps/static,AVAILABLE}
2019-08-18 03:52:24,218 INFO  handler.ContextHandler (ContextHandler.java:doStart(781)) - Started o.e.j.w.WebAppContext@51cca357{/,file:///tmp/jetty-0.0.0.0-38361-hddsDatanode-_-any-1434828280382933993.dir/webapp/,AVAILABLE}{/hddsDatanode}
2019-08-18 03:52:24,219 INFO  server.AbstractConnector (AbstractConnector.java:doStart(278)) - Started ServerConnector@3a9c11fb{HTTP/1.1,[http/1.1]}{0.0.0.0:38361}
2019-08-18 03:52:24,220 INFO  server.Server (Server.java:doStart(419)) - Started @46474ms
2019-08-18 03:52:24,221 INFO  server.BaseHttpServer (BaseHttpServer.java:updateConnectorAddress(207)) - HTTP server of HDDSDATANODE is listening at http://0.0.0.0:38361
2019-08-18 03:52:24,411 INFO  ozone.HddsDatanodeService (HddsDatanodeService.java:startPlugins(395)) - Started plug-in org.apache.hadoop.ozone.web.OzoneHddsDatanodeService@5ad40184
2019-08-18 03:52:24,411 INFO  impl.MetricsSystemImpl (MetricsSystemImpl.java:init(158)) - HddsDatanode metrics system started (again)
2019-08-18 03:52:24,417 INFO  util.JvmPauseMonitor (JvmPauseMonitor.java:run(188)) - Starting JVM pause monitor
2019-08-18 03:52:24,418 INFO  ozone.HddsDatanodeService (HddsDatanodeService.java:start(184)) - HddsDatanodeService host:byscane-nightly-jvqb9-734128259 ip:192.168.69.121
2019-08-18 03:52:24,418 INFO  datanode.InitDatanodeState (InitDatanodeState.java:persistContainerDatanodeDetails(140)) - DatanodeDetails is persisted to /workdir/hadoop-ozone/integration-test/target/test-dir/MiniOzoneClusterImpl-0f5add87-0c11-4011-93e8-a360484efc1f/datanode-4/meta/datanode.id
2019-08-18 03:52:24,426 INFO  volume.HddsVolume (HddsVolume.java:<init>(176)) - Creating Volume: /workdir/hadoop-ozone/integration-test/target/test-dir/MiniOzoneClusterImpl-0f5add87-0c11-4011-93e8-a360484efc1f/datanode-5/data/containers/hdds of  storage type : DISK and capacity : 1482555576320
2019-08-18 03:52:24,426 INFO  volume.VolumeSet (VolumeSet.java:initializeVolumeSet(170)) - Added Volume : /workdir/hadoop-ozone/integration-test/target/test-dir/MiniOzoneClusterImpl-0f5add87-0c11-4011-93e8-a360484efc1f/datanode-5/data/containers/hdds to VolumeSet
2019-08-18 03:52:24,426 INFO  volume.ThrottledAsyncChecker (ThrottledAsyncChecker.java:schedule(140)) - Scheduling a check for org.apache.hadoop.ozone.container.common.volume.HddsVolume@2b3b1124
2019-08-18 03:52:24,427 INFO  volume.HddsVolumeChecker (HddsVolumeChecker.java:checkAllVolumes(203)) - Scheduled health check for volume org.apache.hadoop.ozone.container.common.volume.HddsVolume@2b3b1124
2019-08-18 03:52:24,448 INFO  impl.RaftServerProxy (ConfUtils.java:logGet(43)) - raft.rpc.type = GRPC (default)
2019-08-18 03:52:24,448 INFO  grpc.GrpcFactory (GrpcFactory.java:checkPooledByteBufAllocatorUseCacheForAllThreads(45)) - PERFORMANCE WARNING: useCacheForAllThreads is true that may cause Netty to create a lot garbage objects and, as a result, trigger GC.
	It is recommended to disable useCacheForAllThreads by setting -Dorg.apache.ratis.thirdparty.io.netty.allocator.useCacheForAllThreads=false in command line.
2019-08-18 03:52:24,448 INFO  grpc.GrpcConfigKeys$Server (ConfUtils.java:logGet(43)) - raft.grpc.server.port = 0 (default)
2019-08-18 03:52:24,449 INFO  server.GrpcService (ConfUtils.java:logGet(43)) - raft.grpc.message.size.max = 33570816 (custom)
2019-08-18 03:52:24,449 INFO  server.RaftServerConfigKeys (ConfUtils.java:logGet(43)) - raft.server.log.appender.buffer.byte-limit = 33554432 (custom)
2019-08-18 03:52:24,449 INFO  server.GrpcService (ConfUtils.java:logGet(43)) - raft.grpc.flow.control.window = 1MB (=1048576) (default)
2019-08-18 03:52:24,450 INFO  server.RaftServerConfigKeys (ConfUtils.java:logGet(43)) - raft.server.rpc.request.timeout = 3000ms (default)
2019-08-18 03:52:24,450 INFO  server.RaftServerConfigKeys (ConfUtils.java:logGet(43)) - raft.server.storage.dir = [/workdir/hadoop-ozone/integration-test/target/test-dir/MiniOzoneClusterImpl-0f5add87-0c11-4011-93e8-a360484efc1f/datanode-5/data/ratis] (custom)
2019-08-18 03:52:24,451 INFO  replication.SimpleContainerDownloader (SimpleContainerDownloader.java:<init>(72)) - Starting container downloader service to copy containers to replicate.
2019-08-18 03:52:24,452 INFO  hdfs.DFSUtil (DFSUtil.java:httpServerTemplateForNNAndJN(1641)) - Starting Web-server for hddsDatanode at: http://0.0.0.0:0
2019-08-18 03:52:24,454 INFO  server.AuthenticationFilter (AuthenticationFilter.java:constructSecretProvider(240)) - Unable to initialize FileSignerSecretProvider, falling back to use random secrets.
2019-08-18 03:52:24,455 WARN  http.HttpRequestLog (HttpRequestLog.java:getRequestLog(97)) - Jetty request log can only be enabled using Log4j
2019-08-18 03:52:24,457 INFO  http.HttpServer2 (HttpServer2.java:addGlobalFilter(975)) - Added global filter 'safety' (class=org.apache.hadoop.http.HttpServer2$QuotingInputFilter)
2019-08-18 03:52:24,457 INFO  http.HttpServer2 (HttpServer2.java:addFilter(948)) - Added filter static_user_filter (class=org.apache.hadoop.http.lib.StaticUserWebFilter$StaticUserFilter) to context hddsDatanode
2019-08-18 03:52:24,458 INFO  http.HttpServer2 (HttpServer2.java:addFilter(958)) - Added filter static_user_filter (class=org.apache.hadoop.http.lib.StaticUserWebFilter$StaticUserFilter) to context logs
2019-08-18 03:52:24,458 INFO  http.HttpServer2 (HttpServer2.java:addFilter(958)) - Added filter static_user_filter (class=org.apache.hadoop.http.lib.StaticUserWebFilter$StaticUserFilter) to context static
2019-08-18 03:52:24,459 INFO  http.HttpServer2 (HttpServer2.java:bindListener(1191)) - Jetty bound to port 34666
2019-08-18 03:52:24,459 INFO  server.Server (Server.java:doStart(351)) - jetty-9.3.24.v20180605, build timestamp: 2018-06-05T17:11:56Z, git hash: 84205aa28f11a4f31f2a3b86d1bba2cc8ab69827
2019-08-18 03:52:24,461 INFO  handler.ContextHandler (ContextHandler.java:doStart(781)) - Started o.e.j.s.ServletContextHandler@34a33343{/logs,file:///workdir/hadoop-ozone/integration-test/target/log,AVAILABLE}
2019-08-18 03:52:24,462 INFO  handler.ContextHandler (ContextHandler.java:doStart(781)) - Started o.e.j.s.ServletContextHandler@459e120b{/static,jar:file:/home/user/.m2/repository/org/apache/hadoop/hadoop-hdds-container-service/0.4.1-SNAPSHOT/hadoop-hdds-container-service-0.4.1-SNAPSHOT.jar!/webapps/static,AVAILABLE}
2019-08-18 03:52:24,505 INFO  handler.ContextHandler (ContextHandler.java:doStart(781)) - Started o.e.j.w.WebAppContext@186f7434{/,file:///tmp/jetty-0.0.0.0-34666-hddsDatanode-_-any-5892883109975994152.dir/webapp/,AVAILABLE}{/hddsDatanode}
2019-08-18 03:52:24,505 INFO  server.AbstractConnector (AbstractConnector.java:doStart(278)) - Started ServerConnector@2374452a{HTTP/1.1,[http/1.1]}{0.0.0.0:34666}
2019-08-18 03:52:24,507 INFO  server.Server (Server.java:doStart(419)) - Started @46760ms
2019-08-18 03:52:24,507 INFO  server.BaseHttpServer (BaseHttpServer.java:updateConnectorAddress(207)) - HTTP server of HDDSDATANODE is listening at http://0.0.0.0:34666
2019-08-18 03:52:24,624 INFO  ozone.HddsDatanodeService (HddsDatanodeService.java:startPlugins(395)) - Started plug-in org.apache.hadoop.ozone.web.OzoneHddsDatanodeService@4cd8db31
2019-08-18 03:52:24,625 INFO  impl.MetricsSystemImpl (MetricsSystemImpl.java:init(158)) - HddsDatanode metrics system started (again)
2019-08-18 03:52:24,631 INFO  util.JvmPauseMonitor (JvmPauseMonitor.java:run(188)) - Starting JVM pause monitor
2019-08-18 03:52:24,631 INFO  ozone.HddsDatanodeService (HddsDatanodeService.java:start(184)) - HddsDatanodeService host:byscane-nightly-jvqb9-734128259 ip:192.168.69.121
2019-08-18 03:52:24,633 INFO  datanode.InitDatanodeState (InitDatanodeState.java:persistContainerDatanodeDetails(140)) - DatanodeDetails is persisted to /workdir/hadoop-ozone/integration-test/target/test-dir/MiniOzoneClusterImpl-0f5add87-0c11-4011-93e8-a360484efc1f/datanode-5/meta/datanode.id
2019-08-18 03:52:24,639 INFO  volume.HddsVolume (HddsVolume.java:<init>(176)) - Creating Volume: /workdir/hadoop-ozone/integration-test/target/test-dir/MiniOzoneClusterImpl-0f5add87-0c11-4011-93e8-a360484efc1f/datanode-6/data/containers/hdds of  storage type : DISK and capacity : 1482555576320
2019-08-18 03:52:24,640 INFO  volume.VolumeSet (VolumeSet.java:initializeVolumeSet(170)) - Added Volume : /workdir/hadoop-ozone/integration-test/target/test-dir/MiniOzoneClusterImpl-0f5add87-0c11-4011-93e8-a360484efc1f/datanode-6/data/containers/hdds to VolumeSet
2019-08-18 03:52:24,640 INFO  volume.ThrottledAsyncChecker (ThrottledAsyncChecker.java:schedule(140)) - Scheduling a check for org.apache.hadoop.ozone.container.common.volume.HddsVolume@6c36051c
2019-08-18 03:52:24,640 INFO  volume.HddsVolumeChecker (HddsVolumeChecker.java:checkAllVolumes(203)) - Scheduled health check for volume org.apache.hadoop.ozone.container.common.volume.HddsVolume@6c36051c
2019-08-18 03:52:24,655 INFO  impl.RaftServerProxy (ConfUtils.java:logGet(43)) - raft.rpc.type = GRPC (default)
2019-08-18 03:52:24,655 INFO  grpc.GrpcFactory (GrpcFactory.java:checkPooledByteBufAllocatorUseCacheForAllThreads(45)) - PERFORMANCE WARNING: useCacheForAllThreads is true that may cause Netty to create a lot garbage objects and, as a result, trigger GC.
	It is recommended to disable useCacheForAllThreads by setting -Dorg.apache.ratis.thirdparty.io.netty.allocator.useCacheForAllThreads=false in command line.
2019-08-18 03:52:24,655 INFO  grpc.GrpcConfigKeys$Server (ConfUtils.java:logGet(43)) - raft.grpc.server.port = 0 (default)
2019-08-18 03:52:24,655 INFO  server.GrpcService (ConfUtils.java:logGet(43)) - raft.grpc.message.size.max = 33570816 (custom)
2019-08-18 03:52:24,656 INFO  server.RaftServerConfigKeys (ConfUtils.java:logGet(43)) - raft.server.log.appender.buffer.byte-limit = 33554432 (custom)
2019-08-18 03:52:24,656 INFO  server.GrpcService (ConfUtils.java:logGet(43)) - raft.grpc.flow.control.window = 1MB (=1048576) (default)
2019-08-18 03:52:24,656 INFO  server.RaftServerConfigKeys (ConfUtils.java:logGet(43)) - raft.server.rpc.request.timeout = 3000ms (default)
2019-08-18 03:52:24,656 INFO  server.RaftServerConfigKeys (ConfUtils.java:logGet(43)) - raft.server.storage.dir = [/workdir/hadoop-ozone/integration-test/target/test-dir/MiniOzoneClusterImpl-0f5add87-0c11-4011-93e8-a360484efc1f/datanode-6/data/ratis] (custom)
2019-08-18 03:52:24,657 INFO  replication.SimpleContainerDownloader (SimpleContainerDownloader.java:<init>(72)) - Starting container downloader service to copy containers to replicate.
2019-08-18 03:52:24,658 INFO  hdfs.DFSUtil (DFSUtil.java:httpServerTemplateForNNAndJN(1641)) - Starting Web-server for hddsDatanode at: http://0.0.0.0:0
2019-08-18 03:52:24,659 INFO  server.AuthenticationFilter (AuthenticationFilter.java:constructSecretProvider(240)) - Unable to initialize FileSignerSecretProvider, falling back to use random secrets.
2019-08-18 03:52:24,660 WARN  http.HttpRequestLog (HttpRequestLog.java:getRequestLog(97)) - Jetty request log can only be enabled using Log4j
2019-08-18 03:52:24,661 INFO  http.HttpServer2 (HttpServer2.java:addGlobalFilter(975)) - Added global filter 'safety' (class=org.apache.hadoop.http.HttpServer2$QuotingInputFilter)
2019-08-18 03:52:24,661 INFO  http.HttpServer2 (HttpServer2.java:addFilter(948)) - Added filter static_user_filter (class=org.apache.hadoop.http.lib.StaticUserWebFilter$StaticUserFilter) to context hddsDatanode
2019-08-18 03:52:24,662 INFO  http.HttpServer2 (HttpServer2.java:addFilter(958)) - Added filter static_user_filter (class=org.apache.hadoop.http.lib.StaticUserWebFilter$StaticUserFilter) to context logs
2019-08-18 03:52:24,662 INFO  http.HttpServer2 (HttpServer2.java:addFilter(958)) - Added filter static_user_filter (class=org.apache.hadoop.http.lib.StaticUserWebFilter$StaticUserFilter) to context static
2019-08-18 03:52:24,662 INFO  http.HttpServer2 (HttpServer2.java:bindListener(1191)) - Jetty bound to port 42369
2019-08-18 03:52:24,662 INFO  server.Server (Server.java:doStart(351)) - jetty-9.3.24.v20180605, build timestamp: 2018-06-05T17:11:56Z, git hash: 84205aa28f11a4f31f2a3b86d1bba2cc8ab69827
2019-08-18 03:52:24,664 INFO  handler.ContextHandler (ContextHandler.java:doStart(781)) - Started o.e.j.s.ServletContextHandler@57bd9c2b{/logs,file:///workdir/hadoop-ozone/integration-test/target/log,AVAILABLE}
2019-08-18 03:52:24,665 INFO  handler.ContextHandler (ContextHandler.java:doStart(781)) - Started o.e.j.s.ServletContextHandler@1939a394{/static,jar:file:/home/user/.m2/repository/org/apache/hadoop/hadoop-hdds-container-service/0.4.1-SNAPSHOT/hadoop-hdds-container-service-0.4.1-SNAPSHOT.jar!/webapps/static,AVAILABLE}
2019-08-18 03:52:24,691 INFO  handler.ContextHandler (ContextHandler.java:doStart(781)) - Started o.e.j.w.WebAppContext@115ef673{/,file:///tmp/jetty-0.0.0.0-42369-hddsDatanode-_-any-8039959197054342480.dir/webapp/,AVAILABLE}{/hddsDatanode}
2019-08-18 03:52:24,692 INFO  server.AbstractConnector (AbstractConnector.java:doStart(278)) - Started ServerConnector@8ce3f27{HTTP/1.1,[http/1.1]}{0.0.0.0:42369}
2019-08-18 03:52:24,693 INFO  server.Server (Server.java:doStart(419)) - Started @46947ms
2019-08-18 03:52:24,694 INFO  server.BaseHttpServer (BaseHttpServer.java:updateConnectorAddress(207)) - HTTP server of HDDSDATANODE is listening at http://0.0.0.0:42369
2019-08-18 03:52:24,816 INFO  ozone.HddsDatanodeService (HddsDatanodeService.java:startPlugins(395)) - Started plug-in org.apache.hadoop.ozone.web.OzoneHddsDatanodeService@2aa0feb2
2019-08-18 03:52:24,817 INFO  ozone.MiniOzoneClusterImpl (MiniOzoneClusterImpl.java:lambda$waitForClusterToBeReady$0(142)) - Waiting for cluster to be ready. Got 0 of 7 DN Heartbeats.
2019-08-18 03:52:24,820 INFO  util.JvmPauseMonitor (JvmPauseMonitor.java:run(188)) - Starting JVM pause monitor
2019-08-18 03:52:24,821 INFO  datanode.InitDatanodeState (InitDatanodeState.java:persistContainerDatanodeDetails(140)) - DatanodeDetails is persisted to /workdir/hadoop-ozone/integration-test/target/test-dir/MiniOzoneClusterImpl-0f5add87-0c11-4011-93e8-a360484efc1f/datanode-6/meta/datanode.id
2019-08-18 03:52:25,647 INFO  ozoneimpl.OzoneContainer (OzoneContainer.java:start(186)) - Attempting to start container services.
2019-08-18 03:52:25,649 INFO  ozoneimpl.OzoneContainer (OzoneContainer.java:startContainerScrub(160)) - Background container scrubber has been disabled by hdds.containerscrub.enabled
2019-08-18 03:52:25,650 INFO  ratis.XceiverServerRatis (XceiverServerRatis.java:start(404)) - Starting XceiverServerRatis bedc83fc-80bb-46d5-9978-f874350dfebb at port 0
2019-08-18 03:52:25,660 INFO  impl.RaftServerProxy (RaftServerProxy.java:lambda$start$3(299)) - bedc83fc-80bb-46d5-9978-f874350dfebb: start RPC server
2019-08-18 03:52:25,662 INFO  server.GrpcService (GrpcService.java:startImpl(149)) - bedc83fc-80bb-46d5-9978-f874350dfebb: GrpcService started, listening on 0.0.0.0/0.0.0.0:33633
2019-08-18 03:52:25,662 INFO  ratis.XceiverServerRatis (XceiverServerRatis.java:start(414)) - XceiverServerRatis bedc83fc-80bb-46d5-9978-f874350dfebb is started using port 33633
2019-08-18 03:52:25,665 INFO  server.XceiverServerGrpc (XceiverServerGrpc.java:start(161)) - XceiverServerGrpc bedc83fc-80bb-46d5-9978-f874350dfebb is started using port 32877
2019-08-18 03:52:25,807 INFO  ozoneimpl.OzoneContainer (OzoneContainer.java:start(186)) - Attempting to start container services.
2019-08-18 03:52:25,815 INFO  ozoneimpl.OzoneContainer (OzoneContainer.java:startContainerScrub(160)) - Background container scrubber has been disabled by hdds.containerscrub.enabled
2019-08-18 03:52:25,815 INFO  ratis.XceiverServerRatis (XceiverServerRatis.java:start(404)) - Starting XceiverServerRatis d946b57f-2ac4-4164-80e1-83456a07be7d at port 0
2019-08-18 03:52:25,817 INFO  ozone.MiniOzoneClusterImpl (MiniOzoneClusterImpl.java:lambda$waitForClusterToBeReady$0(142)) - Waiting for cluster to be ready. Got 0 of 7 DN Heartbeats.
2019-08-18 03:52:25,824 INFO  impl.RaftServerProxy (RaftServerProxy.java:lambda$start$3(299)) - d946b57f-2ac4-4164-80e1-83456a07be7d: start RPC server
2019-08-18 03:52:25,826 INFO  server.GrpcService (GrpcService.java:startImpl(149)) - d946b57f-2ac4-4164-80e1-83456a07be7d: GrpcService started, listening on 0.0.0.0/0.0.0.0:40839
2019-08-18 03:52:25,827 INFO  ratis.XceiverServerRatis (XceiverServerRatis.java:start(414)) - XceiverServerRatis d946b57f-2ac4-4164-80e1-83456a07be7d is started using port 40839
2019-08-18 03:52:25,833 INFO  server.XceiverServerGrpc (XceiverServerGrpc.java:start(161)) - XceiverServerGrpc d946b57f-2ac4-4164-80e1-83456a07be7d is started using port 44312
2019-08-18 03:52:25,985 INFO  ozoneimpl.OzoneContainer (OzoneContainer.java:start(186)) - Attempting to start container services.
2019-08-18 03:52:25,985 INFO  ozoneimpl.OzoneContainer (OzoneContainer.java:startContainerScrub(160)) - Background container scrubber has been disabled by hdds.containerscrub.enabled
2019-08-18 03:52:25,985 INFO  ratis.XceiverServerRatis (XceiverServerRatis.java:start(404)) - Starting XceiverServerRatis edfea4d6-7835-43b7-9134-afe94d20d7b8 at port 0
2019-08-18 03:52:25,995 INFO  impl.RaftServerProxy (RaftServerProxy.java:lambda$start$3(299)) - edfea4d6-7835-43b7-9134-afe94d20d7b8: start RPC server
2019-08-18 03:52:25,998 INFO  server.GrpcService (GrpcService.java:startImpl(149)) - edfea4d6-7835-43b7-9134-afe94d20d7b8: GrpcService started, listening on 0.0.0.0/0.0.0.0:38343
2019-08-18 03:52:25,998 INFO  ratis.XceiverServerRatis (XceiverServerRatis.java:start(414)) - XceiverServerRatis edfea4d6-7835-43b7-9134-afe94d20d7b8 is started using port 38343
2019-08-18 03:52:26,005 INFO  server.XceiverServerGrpc (XceiverServerGrpc.java:start(161)) - XceiverServerGrpc edfea4d6-7835-43b7-9134-afe94d20d7b8 is started using port 33782
2019-08-18 03:52:26,169 INFO  ozoneimpl.OzoneContainer (OzoneContainer.java:start(186)) - Attempting to start container services.
2019-08-18 03:52:26,169 INFO  ozoneimpl.OzoneContainer (OzoneContainer.java:startContainerScrub(160)) - Background container scrubber has been disabled by hdds.containerscrub.enabled
2019-08-18 03:52:26,169 INFO  ratis.XceiverServerRatis (XceiverServerRatis.java:start(404)) - Starting XceiverServerRatis e0bdcbff-667f-41c3-ad1f-791ce553c40c at port 0
2019-08-18 03:52:26,179 INFO  impl.RaftServerProxy (RaftServerProxy.java:lambda$start$3(299)) - e0bdcbff-667f-41c3-ad1f-791ce553c40c: start RPC server
2019-08-18 03:52:26,180 INFO  server.GrpcService (GrpcService.java:startImpl(149)) - e0bdcbff-667f-41c3-ad1f-791ce553c40c: GrpcService started, listening on 0.0.0.0/0.0.0.0:45055
2019-08-18 03:52:26,180 INFO  ratis.XceiverServerRatis (XceiverServerRatis.java:start(414)) - XceiverServerRatis e0bdcbff-667f-41c3-ad1f-791ce553c40c is started using port 45055
2019-08-18 03:52:26,181 INFO  server.XceiverServerGrpc (XceiverServerGrpc.java:start(161)) - XceiverServerGrpc e0bdcbff-667f-41c3-ad1f-791ce553c40c is started using port 33729
2019-08-18 03:52:26,449 INFO  ozoneimpl.OzoneContainer (OzoneContainer.java:start(186)) - Attempting to start container services.
2019-08-18 03:52:26,449 INFO  ozoneimpl.OzoneContainer (OzoneContainer.java:startContainerScrub(160)) - Background container scrubber has been disabled by hdds.containerscrub.enabled
2019-08-18 03:52:26,449 INFO  ratis.XceiverServerRatis (XceiverServerRatis.java:start(404)) - Starting XceiverServerRatis 55f42c00-1b28-4f45-b737-7e010e517182 at port 0
2019-08-18 03:52:26,458 INFO  impl.RaftServerProxy (RaftServerProxy.java:lambda$start$3(299)) - 55f42c00-1b28-4f45-b737-7e010e517182: start RPC server
2019-08-18 03:52:26,459 INFO  server.GrpcService (GrpcService.java:startImpl(149)) - 55f42c00-1b28-4f45-b737-7e010e517182: GrpcService started, listening on 0.0.0.0/0.0.0.0:35894
2019-08-18 03:52:26,459 INFO  ratis.XceiverServerRatis (XceiverServerRatis.java:start(414)) - XceiverServerRatis 55f42c00-1b28-4f45-b737-7e010e517182 is started using port 35894
2019-08-18 03:52:26,460 INFO  server.XceiverServerGrpc (XceiverServerGrpc.java:start(161)) - XceiverServerGrpc 55f42c00-1b28-4f45-b737-7e010e517182 is started using port 35763
2019-08-18 03:52:26,646 INFO  ozoneimpl.OzoneContainer (OzoneContainer.java:start(186)) - Attempting to start container services.
2019-08-18 03:52:26,646 INFO  ozoneimpl.OzoneContainer (OzoneContainer.java:startContainerScrub(160)) - Background container scrubber has been disabled by hdds.containerscrub.enabled
2019-08-18 03:52:26,646 INFO  ratis.XceiverServerRatis (XceiverServerRatis.java:start(404)) - Starting XceiverServerRatis fff5aa8a-9f35-47d4-ab2a-a764a6e25882 at port 0
2019-08-18 03:52:26,655 INFO  impl.RaftServerProxy (RaftServerProxy.java:lambda$start$3(299)) - fff5aa8a-9f35-47d4-ab2a-a764a6e25882: start RPC server
2019-08-18 03:52:26,656 INFO  server.GrpcService (GrpcService.java:startImpl(149)) - fff5aa8a-9f35-47d4-ab2a-a764a6e25882: GrpcService started, listening on 0.0.0.0/0.0.0.0:40458
2019-08-18 03:52:26,656 INFO  ratis.XceiverServerRatis (XceiverServerRatis.java:start(414)) - XceiverServerRatis fff5aa8a-9f35-47d4-ab2a-a764a6e25882 is started using port 40458
2019-08-18 03:52:26,659 INFO  server.XceiverServerGrpc (XceiverServerGrpc.java:start(161)) - XceiverServerGrpc fff5aa8a-9f35-47d4-ab2a-a764a6e25882 is started using port 40377
2019-08-18 03:52:26,818 INFO  ozone.MiniOzoneClusterImpl (MiniOzoneClusterImpl.java:lambda$waitForClusterToBeReady$0(142)) - Waiting for cluster to be ready. Got 0 of 7 DN Heartbeats.
2019-08-18 03:52:26,835 INFO  ozoneimpl.OzoneContainer (OzoneContainer.java:start(186)) - Attempting to start container services.
2019-08-18 03:52:26,835 INFO  ozoneimpl.OzoneContainer (OzoneContainer.java:startContainerScrub(160)) - Background container scrubber has been disabled by hdds.containerscrub.enabled
2019-08-18 03:52:26,835 INFO  ratis.XceiverServerRatis (XceiverServerRatis.java:start(404)) - Starting XceiverServerRatis 5a79ed89-f4f5-4cd9-8c3c-0b581ab6347d at port 0
2019-08-18 03:52:26,844 INFO  impl.RaftServerProxy (RaftServerProxy.java:lambda$start$3(299)) - 5a79ed89-f4f5-4cd9-8c3c-0b581ab6347d: start RPC server
2019-08-18 03:52:26,847 INFO  server.GrpcService (GrpcService.java:startImpl(149)) - 5a79ed89-f4f5-4cd9-8c3c-0b581ab6347d: GrpcService started, listening on 0.0.0.0/0.0.0.0:40242
2019-08-18 03:52:26,847 INFO  ratis.XceiverServerRatis (XceiverServerRatis.java:start(414)) - XceiverServerRatis 5a79ed89-f4f5-4cd9-8c3c-0b581ab6347d is started using port 40242
2019-08-18 03:52:26,848 INFO  server.XceiverServerGrpc (XceiverServerGrpc.java:start(161)) - XceiverServerGrpc 5a79ed89-f4f5-4cd9-8c3c-0b581ab6347d is started using port 39750
2019-08-18 03:52:27,612 INFO  net.NetworkTopology (NetworkTopologyImpl.java:add(110)) - Added a new node: /default-rack/bedc83fc-80bb-46d5-9978-f874350dfebb
2019-08-18 03:52:27,615 INFO  node.SCMNodeManager (SCMNodeManager.java:register(273)) - Registered Data node : bedc83fc-80bb-46d5-9978-f874350dfebb{ip: 192.168.69.121, host: byscane-nightly-jvqb9-734128259, networkLocation: /default-rack, certSerialId: null}
2019-08-18 03:52:27,617 INFO  safemode.SCMSafeModeManager (DataNodeSafeModeRule.java:process(71)) - SCM in safe mode. 1 DataNodes registered, 1 required.
2019-08-18 03:52:27,619 INFO  safemode.SCMSafeModeManager (SCMSafeModeManager.java:validateSafeModeExitRules(177)) - ScmSafeModeManager, all rules are successfully validated
2019-08-18 03:52:27,620 INFO  safemode.SCMSafeModeManager (SCMSafeModeManager.java:exitSafeMode(193)) - SCM exiting safe mode.
2019-08-18 03:52:27,640 INFO  impl.RaftServerProxy (RaftServerProxy.java:addNew(89)) - bedc83fc-80bb-46d5-9978-f874350dfebb: addNew group-40B462DB29EB:[bedc83fc-80bb-46d5-9978-f874350dfebb:192.168.69.121:33633] returns group-40B462DB29EB:java.util.concurrent.CompletableFuture@19e974bd[Not completed]
2019-08-18 03:52:27,643 INFO  impl.RaftServerImpl (RaftServerImpl.java:<init>(93)) - bedc83fc-80bb-46d5-9978-f874350dfebb: new RaftServerImpl for group-40B462DB29EB:[bedc83fc-80bb-46d5-9978-f874350dfebb:192.168.69.121:33633] with ContainerStateMachine:uninitialized
2019-08-18 03:52:27,643 INFO  server.RaftServerConfigKeys (ConfUtils.java:logGet(43)) - raft.server.rpc.timeout.min = 5s (custom)
2019-08-18 03:52:27,643 INFO  server.RaftServerConfigKeys (ConfUtils.java:logGet(43)) - raft.server.rpc.timeout.max = 5200ms (custom)
2019-08-18 03:52:27,643 INFO  server.RaftServerConfigKeys (ConfUtils.java:logGet(43)) - raft.server.rpcslowness.timeout = 120s (custom)
2019-08-18 03:52:27,644 INFO  server.RaftServerConfigKeys (ConfUtils.java:logGet(43)) - raft.server.sleep.deviation.threshold = 300 (default)
2019-08-18 03:52:27,644 INFO  server.RaftServerConfigKeys (ConfUtils.java:logGet(43)) - raft.server.log.appender.install.snapshot.enabled = false (custom)
2019-08-18 03:52:27,644 INFO  impl.RaftServerImpl (ServerState.java:<init>(105)) - bedc83fc-80bb-46d5-9978-f874350dfebb:group-40B462DB29EB ConfigurationManager, init=-1: [bedc83fc-80bb-46d5-9978-f874350dfebb:192.168.69.121:33633], old=null, confs=<EMPTY_MAP>
2019-08-18 03:52:27,644 INFO  server.RaftServerConfigKeys (ConfUtils.java:logGet(43)) - raft.server.storage.dir = [/workdir/hadoop-ozone/integration-test/target/test-dir/MiniOzoneClusterImpl-0f5add87-0c11-4011-93e8-a360484efc1f/datanode-0/data/ratis] (custom)
2019-08-18 03:52:27,645 INFO  storage.RaftStorageDirectory (RaftStorageDirectory.java:analyzeStorage(246)) - The storage directory /workdir/hadoop-ozone/integration-test/target/test-dir/MiniOzoneClusterImpl-0f5add87-0c11-4011-93e8-a360484efc1f/datanode-0/data/ratis/240482f7-5ecd-4a16-be40-40b462db29eb does not exist. Creating ...
2019-08-18 03:52:27,659 INFO  storage.RaftStorageDirectory (RaftStorageDirectory.java:tryLock(328)) - Lock on /workdir/hadoop-ozone/integration-test/target/test-dir/MiniOzoneClusterImpl-0f5add87-0c11-4011-93e8-a360484efc1f/datanode-0/data/ratis/240482f7-5ecd-4a16-be40-40b462db29eb/in_use.lock acquired by nodename 2368@byscane-nightly-jvqb9-734128259
2019-08-18 03:52:27,673 INFO  storage.RaftStorage (RaftStorage.java:format(72)) - Storage directory /workdir/hadoop-ozone/integration-test/target/test-dir/MiniOzoneClusterImpl-0f5add87-0c11-4011-93e8-a360484efc1f/datanode-0/data/ratis/240482f7-5ecd-4a16-be40-40b462db29eb has been successfully formatted.
2019-08-18 03:52:27,673 INFO  ratis.ContainerStateMachine (ContainerStateMachine.java:loadSnapshot(213)) - group-40B462DB29EB: The snapshot info is null. Setting the last applied indexto:(t:0, i:~)
2019-08-18 03:52:27,674 INFO  server.RaftServerConfigKeys (ConfUtils.java:logGet(43)) - raft.server.leader.election.timeout = 120s (custom)
2019-08-18 03:52:27,674 INFO  server.RaftServerConfigKeys (ConfUtils.java:logGet(43)) - raft.server.log.use.memory = false (default)
2019-08-18 03:52:27,674 INFO  server.RaftServerConfigKeys (ConfUtils.java:logGet(43)) - raft.server.log.purge.gap = 1000000000 (custom)
2019-08-18 03:52:27,674 INFO  server.RaftServerConfigKeys (ConfUtils.java:logGet(43)) - raft.server.log.appender.buffer.byte-limit = 33554432 (custom)
2019-08-18 03:52:27,675 INFO  server.RaftServerConfigKeys (ConfUtils.java:logGet(43)) - raft.server.log.segment.size.max = 1048576 (custom)
2019-08-18 03:52:27,675 INFO  server.RaftServerConfigKeys (ConfUtils.java:logGet(43)) - raft.server.log.segment.cache.num.max = 2 (custom)
2019-08-18 03:52:27,675 INFO  segmented.SegmentedRaftLogWorker (SegmentedRaftLogWorker.java:<init>(172)) - new bedc83fc-80bb-46d5-9978-f874350dfebb-SegmentedRaftLogWorker:Storage Directory /workdir/hadoop-ozone/integration-test/target/test-dir/MiniOzoneClusterImpl-0f5add87-0c11-4011-93e8-a360484efc1f/datanode-0/data/ratis/240482f7-5ecd-4a16-be40-40b462db29eb for RaftStorage:Storage Directory /workdir/hadoop-ozone/integration-test/target/test-dir/MiniOzoneClusterImpl-0f5add87-0c11-4011-93e8-a360484efc1f/datanode-0/data/ratis/240482f7-5ecd-4a16-be40-40b462db29eb
2019-08-18 03:52:27,676 INFO  server.RaftServerConfigKeys (ConfUtils.java:logGet(43)) - raft.server.log.queue.byte-limit = 2147483647 (custom)
2019-08-18 03:52:27,676 INFO  server.RaftServerConfigKeys (ConfUtils.java:logGet(43)) - raft.server.log.queue.element-limit = 1024 (custom)
2019-08-18 03:52:27,676 INFO  server.RaftServerConfigKeys (ConfUtils.java:logGet(43)) - raft.server.log.segment.size.max = 1048576 (custom)
2019-08-18 03:52:27,677 INFO  server.RaftServerConfigKeys (ConfUtils.java:logGet(43)) - raft.server.log.preallocated.size = 16384 (custom)
2019-08-18 03:52:27,677 INFO  server.RaftServerConfigKeys (ConfUtils.java:logGet(43)) - raft.server.log.write.buffer.size = 33554432 (custom)
2019-08-18 03:52:27,677 INFO  server.RaftServerConfigKeys (ConfUtils.java:logGet(43)) - raft.server.log.force.sync.num = 128 (default)
2019-08-18 03:52:27,677 INFO  server.RaftServerConfigKeys (ConfUtils.java:logGet(43)) - raft.server.log.statemachine.data.sync = true (default)
2019-08-18 03:52:27,677 INFO  server.RaftServerConfigKeys (ConfUtils.java:logGet(43)) - raft.server.log.statemachine.data.sync.timeout = 10s (default)
2019-08-18 03:52:27,677 INFO  server.RaftServerConfigKeys (ConfUtils.java:logGet(43)) - raft.server.log.statemachine.data.sync.timeout.retry = -1 (default)
2019-08-18 03:52:27,678 INFO  server.RaftServerConfigKeys (ConfUtils.java:logGet(43)) - raft.server.log.statemachine.data.caching.enabled = true (custom)
2019-08-18 03:52:27,679 INFO  segmented.SegmentedRaftLogWorker (SegmentedRaftLogWorker.java:lambda$new$0(132)) - bedc83fc-80bb-46d5-9978-f874350dfebb-SegmentedRaftLogWorker:Storage Directory /workdir/hadoop-ozone/integration-test/target/test-dir/MiniOzoneClusterImpl-0f5add87-0c11-4011-93e8-a360484efc1f/datanode-0/data/ratis/240482f7-5ecd-4a16-be40-40b462db29eb: flushIndex: setUnconditionally 0 -> -1
2019-08-18 03:52:27,679 INFO  server.RaftServerConfigKeys (ConfUtils.java:logGet(43)) - raft.server.snapshot.auto.trigger.enabled = true (custom)
2019-08-18 03:52:27,679 INFO  server.RaftServerConfigKeys (ConfUtils.java:logGet(43)) - raft.server.snapshot.auto.trigger.threshold = 10000 (custom)
2019-08-18 03:52:27,680 INFO  server.RaftServerConfigKeys (ConfUtils.java:logGet(43)) - raft.server.retrycache.expirytime = 600000ms (custom)
2019-08-18 03:52:27,680 INFO  impl.RaftServerImpl (RaftServerImpl.java:start(180)) - bedc83fc-80bb-46d5-9978-f874350dfebb: start group-40B462DB29EB
2019-08-18 03:52:27,681 INFO  impl.RaftServerImpl (RaftServerImpl.java:setRole(171)) - bedc83fc-80bb-46d5-9978-f874350dfebb:group-40B462DB29EB changes role from null to FOLLOWER at term 0 for startAsFollower
2019-08-18 03:52:27,681 INFO  impl.RoleInfo (RoleInfo.java:updateAndGet(143)) - bedc83fc-80bb-46d5-9978-f874350dfebb: start FollowerState
2019-08-18 03:52:27,682 INFO  util.JmxRegister (JmxRegister.java:tryRegister(44)) - Successfully registered JMX Bean with object name Ratis:service=RaftServer,group=group-40B462DB29EB,id=bedc83fc-80bb-46d5-9978-f874350dfebb
2019-08-18 03:52:27,688 INFO  pipeline.PipelineStateManager (PipelineStateManager.java:addPipeline(56)) - Created pipeline Pipeline[ Id: 240482f7-5ecd-4a16-be40-40b462db29eb, Nodes: bedc83fc-80bb-46d5-9978-f874350dfebb{ip: 192.168.69.121, host: byscane-nightly-jvqb9-734128259, networkLocation: /default-rack, certSerialId: null}, Type:RATIS, Factor:ONE, State:OPEN]
2019-08-18 03:52:27,792 INFO  net.NetworkTopology (NetworkTopologyImpl.java:add(110)) - Added a new node: /default-rack/d946b57f-2ac4-4164-80e1-83456a07be7d
2019-08-18 03:52:27,792 INFO  node.SCMNodeManager (SCMNodeManager.java:register(273)) - Registered Data node : d946b57f-2ac4-4164-80e1-83456a07be7d{ip: 192.168.69.121, host: byscane-nightly-jvqb9-734128259, networkLocation: /default-rack, certSerialId: null}
2019-08-18 03:52:27,804 INFO  impl.RaftServerProxy (RaftServerProxy.java:addNew(89)) - d946b57f-2ac4-4164-80e1-83456a07be7d: addNew group-17D99F4483FA:[d946b57f-2ac4-4164-80e1-83456a07be7d:192.168.69.121:40839] returns group-17D99F4483FA:java.util.concurrent.CompletableFuture@430ab570[Not completed]
2019-08-18 03:52:27,808 INFO  impl.RaftServerImpl (RaftServerImpl.java:<init>(93)) - d946b57f-2ac4-4164-80e1-83456a07be7d: new RaftServerImpl for group-17D99F4483FA:[d946b57f-2ac4-4164-80e1-83456a07be7d:192.168.69.121:40839] with ContainerStateMachine:uninitialized
2019-08-18 03:52:27,808 INFO  server.RaftServerConfigKeys (ConfUtils.java:logGet(43)) - raft.server.rpc.timeout.min = 5s (custom)
2019-08-18 03:52:27,808 INFO  server.RaftServerConfigKeys (ConfUtils.java:logGet(43)) - raft.server.rpc.timeout.max = 5200ms (custom)
2019-08-18 03:52:27,809 INFO  server.RaftServerConfigKeys (ConfUtils.java:logGet(43)) - raft.server.rpcslowness.timeout = 120s (custom)
2019-08-18 03:52:27,809 INFO  server.RaftServerConfigKeys (ConfUtils.java:logGet(43)) - raft.server.sleep.deviation.threshold = 300 (default)
2019-08-18 03:52:27,809 INFO  server.RaftServerConfigKeys (ConfUtils.java:logGet(43)) - raft.server.log.appender.install.snapshot.enabled = false (custom)
2019-08-18 03:52:27,809 INFO  impl.RaftServerImpl (ServerState.java:<init>(105)) - d946b57f-2ac4-4164-80e1-83456a07be7d:group-17D99F4483FA ConfigurationManager, init=-1: [d946b57f-2ac4-4164-80e1-83456a07be7d:192.168.69.121:40839], old=null, confs=<EMPTY_MAP>
2019-08-18 03:52:27,809 INFO  server.RaftServerConfigKeys (ConfUtils.java:logGet(43)) - raft.server.storage.dir = [/workdir/hadoop-ozone/integration-test/target/test-dir/MiniOzoneClusterImpl-0f5add87-0c11-4011-93e8-a360484efc1f/datanode-1/data/ratis] (custom)
2019-08-18 03:52:27,810 INFO  storage.RaftStorageDirectory (RaftStorageDirectory.java:analyzeStorage(246)) - The storage directory /workdir/hadoop-ozone/integration-test/target/test-dir/MiniOzoneClusterImpl-0f5add87-0c11-4011-93e8-a360484efc1f/datanode-1/data/ratis/b99524b5-b0c2-4b25-b1c4-17d99f4483fa does not exist. Creating ...
2019-08-18 03:52:27,818 INFO  ozone.MiniOzoneClusterImpl (MiniOzoneClusterImpl.java:lambda$waitForClusterToBeReady$0(142)) - Waiting for cluster to be ready. Got 2 of 7 DN Heartbeats.
2019-08-18 03:52:27,823 INFO  storage.RaftStorageDirectory (RaftStorageDirectory.java:tryLock(328)) - Lock on /workdir/hadoop-ozone/integration-test/target/test-dir/MiniOzoneClusterImpl-0f5add87-0c11-4011-93e8-a360484efc1f/datanode-1/data/ratis/b99524b5-b0c2-4b25-b1c4-17d99f4483fa/in_use.lock acquired by nodename 2368@byscane-nightly-jvqb9-734128259
2019-08-18 03:52:27,837 INFO  storage.RaftStorage (RaftStorage.java:format(72)) - Storage directory /workdir/hadoop-ozone/integration-test/target/test-dir/MiniOzoneClusterImpl-0f5add87-0c11-4011-93e8-a360484efc1f/datanode-1/data/ratis/b99524b5-b0c2-4b25-b1c4-17d99f4483fa has been successfully formatted.
2019-08-18 03:52:27,837 INFO  ratis.ContainerStateMachine (ContainerStateMachine.java:loadSnapshot(213)) - group-17D99F4483FA: The snapshot info is null. Setting the last applied indexto:(t:0, i:~)
2019-08-18 03:52:27,838 INFO  server.RaftServerConfigKeys (ConfUtils.java:logGet(43)) - raft.server.leader.election.timeout = 120s (custom)
2019-08-18 03:52:27,838 INFO  server.RaftServerConfigKeys (ConfUtils.java:logGet(43)) - raft.server.log.use.memory = false (default)
2019-08-18 03:52:27,838 INFO  server.RaftServerConfigKeys (ConfUtils.java:logGet(43)) - raft.server.log.purge.gap = 1000000000 (custom)
2019-08-18 03:52:27,838 INFO  server.RaftServerConfigKeys (ConfUtils.java:logGet(43)) - raft.server.log.appender.buffer.byte-limit = 33554432 (custom)
2019-08-18 03:52:27,838 INFO  server.RaftServerConfigKeys (ConfUtils.java:logGet(43)) - raft.server.log.segment.size.max = 1048576 (custom)
2019-08-18 03:52:27,839 INFO  server.RaftServerConfigKeys (ConfUtils.java:logGet(43)) - raft.server.log.segment.cache.num.max = 2 (custom)
2019-08-18 03:52:27,839 INFO  segmented.SegmentedRaftLogWorker (SegmentedRaftLogWorker.java:<init>(172)) - new d946b57f-2ac4-4164-80e1-83456a07be7d-SegmentedRaftLogWorker:Storage Directory /workdir/hadoop-ozone/integration-test/target/test-dir/MiniOzoneClusterImpl-0f5add87-0c11-4011-93e8-a360484efc1f/datanode-1/data/ratis/b99524b5-b0c2-4b25-b1c4-17d99f4483fa for RaftStorage:Storage Directory /workdir/hadoop-ozone/integration-test/target/test-dir/MiniOzoneClusterImpl-0f5add87-0c11-4011-93e8-a360484efc1f/datanode-1/data/ratis/b99524b5-b0c2-4b25-b1c4-17d99f4483fa
2019-08-18 03:52:27,839 INFO  server.RaftServerConfigKeys (ConfUtils.java:logGet(43)) - raft.server.log.queue.byte-limit = 2147483647 (custom)
2019-08-18 03:52:27,839 INFO  server.RaftServerConfigKeys (ConfUtils.java:logGet(43)) - raft.server.log.queue.element-limit = 1024 (custom)
2019-08-18 03:52:27,840 INFO  server.RaftServerConfigKeys (ConfUtils.java:logGet(43)) - raft.server.log.segment.size.max = 1048576 (custom)
2019-08-18 03:52:27,840 INFO  server.RaftServerConfigKeys (ConfUtils.java:logGet(43)) - raft.server.log.preallocated.size = 16384 (custom)
2019-08-18 03:52:27,840 INFO  server.RaftServerConfigKeys (ConfUtils.java:logGet(43)) - raft.server.log.write.buffer.size = 33554432 (custom)
2019-08-18 03:52:27,840 INFO  server.RaftServerConfigKeys (ConfUtils.java:logGet(43)) - raft.server.log.force.sync.num = 128 (default)
2019-08-18 03:52:27,840 INFO  server.RaftServerConfigKeys (ConfUtils.java:logGet(43)) - raft.server.log.statemachine.data.sync = true (default)
2019-08-18 03:52:27,841 INFO  server.RaftServerConfigKeys (ConfUtils.java:logGet(43)) - raft.server.log.statemachine.data.sync.timeout = 10s (default)
2019-08-18 03:52:27,841 INFO  server.RaftServerConfigKeys (ConfUtils.java:logGet(43)) - raft.server.log.statemachine.data.sync.timeout.retry = -1 (default)
2019-08-18 03:52:27,841 INFO  server.RaftServerConfigKeys (ConfUtils.java:logGet(43)) - raft.server.log.statemachine.data.caching.enabled = true (custom)
2019-08-18 03:52:27,841 INFO  segmented.SegmentedRaftLogWorker (SegmentedRaftLogWorker.java:lambda$new$0(132)) - d946b57f-2ac4-4164-80e1-83456a07be7d-SegmentedRaftLogWorker:Storage Directory /workdir/hadoop-ozone/integration-test/target/test-dir/MiniOzoneClusterImpl-0f5add87-0c11-4011-93e8-a360484efc1f/datanode-1/data/ratis/b99524b5-b0c2-4b25-b1c4-17d99f4483fa: flushIndex: setUnconditionally 0 -> -1
2019-08-18 03:52:27,842 INFO  server.RaftServerConfigKeys (ConfUtils.java:logGet(43)) - raft.server.snapshot.auto.trigger.enabled = true (custom)
2019-08-18 03:52:27,842 INFO  server.RaftServerConfigKeys (ConfUtils.java:logGet(43)) - raft.server.snapshot.auto.trigger.threshold = 10000 (custom)
2019-08-18 03:52:27,842 INFO  server.RaftServerConfigKeys (ConfUtils.java:logGet(43)) - raft.server.retrycache.expirytime = 600000ms (custom)
2019-08-18 03:52:27,843 INFO  impl.RaftServerImpl (RaftServerImpl.java:start(180)) - d946b57f-2ac4-4164-80e1-83456a07be7d: start group-17D99F4483FA
2019-08-18 03:52:27,843 INFO  impl.RaftServerImpl (RaftServerImpl.java:setRole(171)) - d946b57f-2ac4-4164-80e1-83456a07be7d:group-17D99F4483FA changes role from null to FOLLOWER at term 0 for startAsFollower
2019-08-18 03:52:27,843 INFO  impl.RoleInfo (RoleInfo.java:updateAndGet(143)) - d946b57f-2ac4-4164-80e1-83456a07be7d: start FollowerState
2019-08-18 03:52:27,843 INFO  util.JmxRegister (JmxRegister.java:tryRegister(44)) - Successfully registered JMX Bean with object name Ratis:service=RaftServer,group=group-17D99F4483FA,id=d946b57f-2ac4-4164-80e1-83456a07be7d
2019-08-18 03:52:27,847 INFO  pipeline.PipelineStateManager (PipelineStateManager.java:addPipeline(56)) - Created pipeline Pipeline[ Id: b99524b5-b0c2-4b25-b1c4-17d99f4483fa, Nodes: d946b57f-2ac4-4164-80e1-83456a07be7d{ip: 192.168.69.121, host: byscane-nightly-jvqb9-734128259, networkLocation: /default-rack, certSerialId: null}, Type:RATIS, Factor:ONE, State:OPEN]
2019-08-18 03:52:27,971 INFO  net.NetworkTopology (NetworkTopologyImpl.java:add(110)) - Added a new node: /default-rack/edfea4d6-7835-43b7-9134-afe94d20d7b8
2019-08-18 03:52:27,971 INFO  node.SCMNodeManager (SCMNodeManager.java:register(273)) - Registered Data node : edfea4d6-7835-43b7-9134-afe94d20d7b8{ip: 192.168.69.121, host: byscane-nightly-jvqb9-734128259, networkLocation: /default-rack, certSerialId: null}
2019-08-18 03:52:27,980 INFO  impl.RaftServerProxy (RaftServerProxy.java:addNew(89)) - edfea4d6-7835-43b7-9134-afe94d20d7b8: addNew group-2D2DD83C09F4:[edfea4d6-7835-43b7-9134-afe94d20d7b8:192.168.69.121:38343] returns group-2D2DD83C09F4:java.util.concurrent.CompletableFuture@2c9555ba[Not completed]
2019-08-18 03:52:27,987 INFO  impl.RaftServerImpl (RaftServerImpl.java:<init>(93)) - edfea4d6-7835-43b7-9134-afe94d20d7b8: new RaftServerImpl for group-2D2DD83C09F4:[edfea4d6-7835-43b7-9134-afe94d20d7b8:192.168.69.121:38343] with ContainerStateMachine:uninitialized
2019-08-18 03:52:27,987 INFO  server.RaftServerConfigKeys (ConfUtils.java:logGet(43)) - raft.server.rpc.timeout.min = 5s (custom)
2019-08-18 03:52:27,988 INFO  server.RaftServerConfigKeys (ConfUtils.java:logGet(43)) - raft.server.rpc.timeout.max = 5200ms (custom)
2019-08-18 03:52:27,988 INFO  server.RaftServerConfigKeys (ConfUtils.java:logGet(43)) - raft.server.rpcslowness.timeout = 120s (custom)
2019-08-18 03:52:27,988 INFO  server.RaftServerConfigKeys (ConfUtils.java:logGet(43)) - raft.server.sleep.deviation.threshold = 300 (default)
2019-08-18 03:52:27,988 INFO  server.RaftServerConfigKeys (ConfUtils.java:logGet(43)) - raft.server.log.appender.install.snapshot.enabled = false (custom)
2019-08-18 03:52:27,988 INFO  impl.RaftServerImpl (ServerState.java:<init>(105)) - edfea4d6-7835-43b7-9134-afe94d20d7b8:group-2D2DD83C09F4 ConfigurationManager, init=-1: [edfea4d6-7835-43b7-9134-afe94d20d7b8:192.168.69.121:38343], old=null, confs=<EMPTY_MAP>
2019-08-18 03:52:27,989 INFO  server.RaftServerConfigKeys (ConfUtils.java:logGet(43)) - raft.server.storage.dir = [/workdir/hadoop-ozone/integration-test/target/test-dir/MiniOzoneClusterImpl-0f5add87-0c11-4011-93e8-a360484efc1f/datanode-2/data/ratis] (custom)
2019-08-18 03:52:27,989 INFO  storage.RaftStorageDirectory (RaftStorageDirectory.java:analyzeStorage(246)) - The storage directory /workdir/hadoop-ozone/integration-test/target/test-dir/MiniOzoneClusterImpl-0f5add87-0c11-4011-93e8-a360484efc1f/datanode-2/data/ratis/267d8d08-47ff-47b6-aa5a-2d2dd83c09f4 does not exist. Creating ...
2019-08-18 03:52:28,002 INFO  storage.RaftStorageDirectory (RaftStorageDirectory.java:tryLock(328)) - Lock on /workdir/hadoop-ozone/integration-test/target/test-dir/MiniOzoneClusterImpl-0f5add87-0c11-4011-93e8-a360484efc1f/datanode-2/data/ratis/267d8d08-47ff-47b6-aa5a-2d2dd83c09f4/in_use.lock acquired by nodename 2368@byscane-nightly-jvqb9-734128259
2019-08-18 03:52:28,016 INFO  storage.RaftStorage (RaftStorage.java:format(72)) - Storage directory /workdir/hadoop-ozone/integration-test/target/test-dir/MiniOzoneClusterImpl-0f5add87-0c11-4011-93e8-a360484efc1f/datanode-2/data/ratis/267d8d08-47ff-47b6-aa5a-2d2dd83c09f4 has been successfully formatted.
2019-08-18 03:52:28,017 INFO  ratis.ContainerStateMachine (ContainerStateMachine.java:loadSnapshot(213)) - group-2D2DD83C09F4: The snapshot info is null. Setting the last applied indexto:(t:0, i:~)
2019-08-18 03:52:28,017 INFO  server.RaftServerConfigKeys (ConfUtils.java:logGet(43)) - raft.server.leader.election.timeout = 120s (custom)
2019-08-18 03:52:28,017 INFO  server.RaftServerConfigKeys (ConfUtils.java:logGet(43)) - raft.server.log.use.memory = false (default)
2019-08-18 03:52:28,017 INFO  server.RaftServerConfigKeys (ConfUtils.java:logGet(43)) - raft.server.log.purge.gap = 1000000000 (custom)
2019-08-18 03:52:28,018 INFO  server.RaftServerConfigKeys (ConfUtils.java:logGet(43)) - raft.server.log.appender.buffer.byte-limit = 33554432 (custom)
2019-08-18 03:52:28,018 INFO  server.RaftServerConfigKeys (ConfUtils.java:logGet(43)) - raft.server.log.segment.size.max = 1048576 (custom)
2019-08-18 03:52:28,018 INFO  server.RaftServerConfigKeys (ConfUtils.java:logGet(43)) - raft.server.log.segment.cache.num.max = 2 (custom)
2019-08-18 03:52:28,018 INFO  segmented.SegmentedRaftLogWorker (SegmentedRaftLogWorker.java:<init>(172)) - new edfea4d6-7835-43b7-9134-afe94d20d7b8-SegmentedRaftLogWorker:Storage Directory /workdir/hadoop-ozone/integration-test/target/test-dir/MiniOzoneClusterImpl-0f5add87-0c11-4011-93e8-a360484efc1f/datanode-2/data/ratis/267d8d08-47ff-47b6-aa5a-2d2dd83c09f4 for RaftStorage:Storage Directory /workdir/hadoop-ozone/integration-test/target/test-dir/MiniOzoneClusterImpl-0f5add87-0c11-4011-93e8-a360484efc1f/datanode-2/data/ratis/267d8d08-47ff-47b6-aa5a-2d2dd83c09f4
2019-08-18 03:52:28,018 INFO  server.RaftServerConfigKeys (ConfUtils.java:logGet(43)) - raft.server.log.queue.byte-limit = 2147483647 (custom)
2019-08-18 03:52:28,018 INFO  server.RaftServerConfigKeys (ConfUtils.java:logGet(43)) - raft.server.log.queue.element-limit = 1024 (custom)
2019-08-18 03:52:28,019 INFO  server.RaftServerConfigKeys (ConfUtils.java:logGet(43)) - raft.server.log.segment.size.max = 1048576 (custom)
2019-08-18 03:52:28,019 INFO  server.RaftServerConfigKeys (ConfUtils.java:logGet(43)) - raft.server.log.preallocated.size = 16384 (custom)
2019-08-18 03:52:28,019 INFO  server.RaftServerConfigKeys (ConfUtils.java:logGet(43)) - raft.server.log.write.buffer.size = 33554432 (custom)
2019-08-18 03:52:28,019 INFO  server.RaftServerConfigKeys (ConfUtils.java:logGet(43)) - raft.server.log.force.sync.num = 128 (default)
2019-08-18 03:52:28,020 INFO  server.RaftServerConfigKeys (ConfUtils.java:logGet(43)) - raft.server.log.statemachine.data.sync = true (default)
2019-08-18 03:52:28,020 INFO  server.RaftServerConfigKeys (ConfUtils.java:logGet(43)) - raft.server.log.statemachine.data.sync.timeout = 10s (default)
2019-08-18 03:52:28,020 INFO  server.RaftServerConfigKeys (ConfUtils.java:logGet(43)) - raft.server.log.statemachine.data.sync.timeout.retry = -1 (default)
2019-08-18 03:52:28,020 INFO  server.RaftServerConfigKeys (ConfUtils.java:logGet(43)) - raft.server.log.statemachine.data.caching.enabled = true (custom)
2019-08-18 03:52:28,021 INFO  segmented.SegmentedRaftLogWorker (SegmentedRaftLogWorker.java:lambda$new$0(132)) - edfea4d6-7835-43b7-9134-afe94d20d7b8-SegmentedRaftLogWorker:Storage Directory /workdir/hadoop-ozone/integration-test/target/test-dir/MiniOzoneClusterImpl-0f5add87-0c11-4011-93e8-a360484efc1f/datanode-2/data/ratis/267d8d08-47ff-47b6-aa5a-2d2dd83c09f4: flushIndex: setUnconditionally 0 -> -1
2019-08-18 03:52:28,021 INFO  server.RaftServerConfigKeys (ConfUtils.java:logGet(43)) - raft.server.snapshot.auto.trigger.enabled = true (custom)
2019-08-18 03:52:28,021 INFO  server.RaftServerConfigKeys (ConfUtils.java:logGet(43)) - raft.server.snapshot.auto.trigger.threshold = 10000 (custom)
2019-08-18 03:52:28,021 INFO  server.RaftServerConfigKeys (ConfUtils.java:logGet(43)) - raft.server.retrycache.expirytime = 600000ms (custom)
2019-08-18 03:52:28,022 INFO  impl.RaftServerImpl (RaftServerImpl.java:start(180)) - edfea4d6-7835-43b7-9134-afe94d20d7b8: start group-2D2DD83C09F4
2019-08-18 03:52:28,022 INFO  impl.RaftServerImpl (RaftServerImpl.java:setRole(171)) - edfea4d6-7835-43b7-9134-afe94d20d7b8:group-2D2DD83C09F4 changes role from null to FOLLOWER at term 0 for startAsFollower
2019-08-18 03:52:28,022 INFO  impl.RoleInfo (RoleInfo.java:updateAndGet(143)) - edfea4d6-7835-43b7-9134-afe94d20d7b8: start FollowerState
2019-08-18 03:52:28,023 INFO  util.JmxRegister (JmxRegister.java:tryRegister(44)) - Successfully registered JMX Bean with object name Ratis:service=RaftServer,group=group-2D2DD83C09F4,id=edfea4d6-7835-43b7-9134-afe94d20d7b8
2019-08-18 03:52:28,026 INFO  pipeline.PipelineStateManager (PipelineStateManager.java:addPipeline(56)) - Created pipeline Pipeline[ Id: 267d8d08-47ff-47b6-aa5a-2d2dd83c09f4, Nodes: edfea4d6-7835-43b7-9134-afe94d20d7b8{ip: 192.168.69.121, host: byscane-nightly-jvqb9-734128259, networkLocation: /default-rack, certSerialId: null}, Type:RATIS, Factor:ONE, State:OPEN]
2019-08-18 03:52:28,056 INFO  impl.RaftServerProxy (RaftServerProxy.java:addNew(89)) - bedc83fc-80bb-46d5-9978-f874350dfebb: addNew group-77C134CF9127:[bedc83fc-80bb-46d5-9978-f874350dfebb:192.168.69.121:33633, edfea4d6-7835-43b7-9134-afe94d20d7b8:192.168.69.121:38343, d946b57f-2ac4-4164-80e1-83456a07be7d:192.168.69.121:40839] returns group-77C134CF9127:java.util.concurrent.CompletableFuture@782ee09f[Not completed]
2019-08-18 03:52:28,056 INFO  impl.RaftServerProxy (RaftServerProxy.java:addNew(89)) - d946b57f-2ac4-4164-80e1-83456a07be7d: addNew group-77C134CF9127:[bedc83fc-80bb-46d5-9978-f874350dfebb:192.168.69.121:33633, edfea4d6-7835-43b7-9134-afe94d20d7b8:192.168.69.121:38343, d946b57f-2ac4-4164-80e1-83456a07be7d:192.168.69.121:40839] returns group-77C134CF9127:java.util.concurrent.CompletableFuture@3377e17[Not completed]
2019-08-18 03:52:28,057 INFO  impl.RaftServerProxy (RaftServerProxy.java:addNew(89)) - edfea4d6-7835-43b7-9134-afe94d20d7b8: addNew group-77C134CF9127:[bedc83fc-80bb-46d5-9978-f874350dfebb:192.168.69.121:33633, edfea4d6-7835-43b7-9134-afe94d20d7b8:192.168.69.121:38343, d946b57f-2ac4-4164-80e1-83456a07be7d:192.168.69.121:40839] returns group-77C134CF9127:java.util.concurrent.CompletableFuture@8edd3f4[Not completed]
2019-08-18 03:52:28,058 INFO  impl.RaftServerImpl (RaftServerImpl.java:<init>(93)) - bedc83fc-80bb-46d5-9978-f874350dfebb: new RaftServerImpl for group-77C134CF9127:[bedc83fc-80bb-46d5-9978-f874350dfebb:192.168.69.121:33633, edfea4d6-7835-43b7-9134-afe94d20d7b8:192.168.69.121:38343, d946b57f-2ac4-4164-80e1-83456a07be7d:192.168.69.121:40839] with ContainerStateMachine:uninitialized
2019-08-18 03:52:28,059 INFO  server.RaftServerConfigKeys (ConfUtils.java:logGet(43)) - raft.server.rpc.timeout.min = 5s (custom)
2019-08-18 03:52:28,059 INFO  server.RaftServerConfigKeys (ConfUtils.java:logGet(43)) - raft.server.rpc.timeout.max = 5200ms (custom)
2019-08-18 03:52:28,059 INFO  server.RaftServerConfigKeys (ConfUtils.java:logGet(43)) - raft.server.rpcslowness.timeout = 120s (custom)
2019-08-18 03:52:28,059 INFO  impl.RaftServerImpl (RaftServerImpl.java:<init>(93)) - edfea4d6-7835-43b7-9134-afe94d20d7b8: new RaftServerImpl for group-77C134CF9127:[bedc83fc-80bb-46d5-9978-f874350dfebb:192.168.69.121:33633, edfea4d6-7835-43b7-9134-afe94d20d7b8:192.168.69.121:38343, d946b57f-2ac4-4164-80e1-83456a07be7d:192.168.69.121:40839] with ContainerStateMachine:uninitialized
2019-08-18 03:52:28,059 INFO  server.RaftServerConfigKeys (ConfUtils.java:logGet(43)) - raft.server.sleep.deviation.threshold = 300 (default)
2019-08-18 03:52:28,059 INFO  server.RaftServerConfigKeys (ConfUtils.java:logGet(43)) - raft.server.rpc.timeout.min = 5s (custom)
2019-08-18 03:52:28,060 INFO  server.RaftServerConfigKeys (ConfUtils.java:logGet(43)) - raft.server.log.appender.install.snapshot.enabled = false (custom)
2019-08-18 03:52:28,060 INFO  server.RaftServerConfigKeys (ConfUtils.java:logGet(43)) - raft.server.rpc.timeout.max = 5200ms (custom)
2019-08-18 03:52:28,060 INFO  impl.RaftServerImpl (ServerState.java:<init>(105)) - bedc83fc-80bb-46d5-9978-f874350dfebb:group-77C134CF9127 ConfigurationManager, init=-1: [bedc83fc-80bb-46d5-9978-f874350dfebb:192.168.69.121:33633, edfea4d6-7835-43b7-9134-afe94d20d7b8:192.168.69.121:38343, d946b57f-2ac4-4164-80e1-83456a07be7d:192.168.69.121:40839], old=null, confs=<EMPTY_MAP>
2019-08-18 03:52:28,060 INFO  server.RaftServerConfigKeys (ConfUtils.java:logGet(43)) - raft.server.rpcslowness.timeout = 120s (custom)
2019-08-18 03:52:28,060 INFO  impl.RaftServerImpl (RaftServerImpl.java:<init>(93)) - d946b57f-2ac4-4164-80e1-83456a07be7d: new RaftServerImpl for group-77C134CF9127:[bedc83fc-80bb-46d5-9978-f874350dfebb:192.168.69.121:33633, edfea4d6-7835-43b7-9134-afe94d20d7b8:192.168.69.121:38343, d946b57f-2ac4-4164-80e1-83456a07be7d:192.168.69.121:40839] with ContainerStateMachine:uninitialized
2019-08-18 03:52:28,060 INFO  server.RaftServerConfigKeys (ConfUtils.java:logGet(43)) - raft.server.sleep.deviation.threshold = 300 (default)
2019-08-18 03:52:28,061 INFO  server.RaftServerConfigKeys (ConfUtils.java:logGet(43)) - raft.server.log.appender.install.snapshot.enabled = false (custom)
2019-08-18 03:52:28,060 INFO  server.RaftServerConfigKeys (ConfUtils.java:logGet(43)) - raft.server.storage.dir = [/workdir/hadoop-ozone/integration-test/target/test-dir/MiniOzoneClusterImpl-0f5add87-0c11-4011-93e8-a360484efc1f/datanode-0/data/ratis] (custom)
2019-08-18 03:52:28,061 INFO  impl.RaftServerImpl (ServerState.java:<init>(105)) - edfea4d6-7835-43b7-9134-afe94d20d7b8:group-77C134CF9127 ConfigurationManager, init=-1: [bedc83fc-80bb-46d5-9978-f874350dfebb:192.168.69.121:33633, edfea4d6-7835-43b7-9134-afe94d20d7b8:192.168.69.121:38343, d946b57f-2ac4-4164-80e1-83456a07be7d:192.168.69.121:40839], old=null, confs=<EMPTY_MAP>
2019-08-18 03:52:28,060 INFO  server.RaftServerConfigKeys (ConfUtils.java:logGet(43)) - raft.server.rpc.timeout.min = 5s (custom)
2019-08-18 03:52:28,061 INFO  server.RaftServerConfigKeys (ConfUtils.java:logGet(43)) - raft.server.storage.dir = [/workdir/hadoop-ozone/integration-test/target/test-dir/MiniOzoneClusterImpl-0f5add87-0c11-4011-93e8-a360484efc1f/datanode-2/data/ratis] (custom)
2019-08-18 03:52:28,061 INFO  server.RaftServerConfigKeys (ConfUtils.java:logGet(43)) - raft.server.rpc.timeout.max = 5200ms (custom)
2019-08-18 03:52:28,061 INFO  storage.RaftStorageDirectory (RaftStorageDirectory.java:analyzeStorage(246)) - The storage directory /workdir/hadoop-ozone/integration-test/target/test-dir/MiniOzoneClusterImpl-0f5add87-0c11-4011-93e8-a360484efc1f/datanode-0/data/ratis/2c277e85-f0b4-4d1d-94e6-77c134cf9127 does not exist. Creating ...
2019-08-18 03:52:28,062 INFO  storage.RaftStorageDirectory (RaftStorageDirectory.java:analyzeStorage(246)) - The storage directory /workdir/hadoop-ozone/integration-test/target/test-dir/MiniOzoneClusterImpl-0f5add87-0c11-4011-93e8-a360484efc1f/datanode-2/data/ratis/2c277e85-f0b4-4d1d-94e6-77c134cf9127 does not exist. Creating ...
2019-08-18 03:52:28,062 INFO  server.RaftServerConfigKeys (ConfUtils.java:logGet(43)) - raft.server.rpcslowness.timeout = 120s (custom)
2019-08-18 03:52:28,062 INFO  server.RaftServerConfigKeys (ConfUtils.java:logGet(43)) - raft.server.sleep.deviation.threshold = 300 (default)
2019-08-18 03:52:28,062 INFO  server.RaftServerConfigKeys (ConfUtils.java:logGet(43)) - raft.server.log.appender.install.snapshot.enabled = false (custom)
2019-08-18 03:52:28,062 INFO  impl.RaftServerImpl (ServerState.java:<init>(105)) - d946b57f-2ac4-4164-80e1-83456a07be7d:group-77C134CF9127 ConfigurationManager, init=-1: [bedc83fc-80bb-46d5-9978-f874350dfebb:192.168.69.121:33633, edfea4d6-7835-43b7-9134-afe94d20d7b8:192.168.69.121:38343, d946b57f-2ac4-4164-80e1-83456a07be7d:192.168.69.121:40839], old=null, confs=<EMPTY_MAP>
2019-08-18 03:52:28,063 INFO  server.RaftServerConfigKeys (ConfUtils.java:logGet(43)) - raft.server.storage.dir = [/workdir/hadoop-ozone/integration-test/target/test-dir/MiniOzoneClusterImpl-0f5add87-0c11-4011-93e8-a360484efc1f/datanode-1/data/ratis] (custom)
2019-08-18 03:52:28,063 INFO  storage.RaftStorageDirectory (RaftStorageDirectory.java:analyzeStorage(246)) - The storage directory /workdir/hadoop-ozone/integration-test/target/test-dir/MiniOzoneClusterImpl-0f5add87-0c11-4011-93e8-a360484efc1f/datanode-1/data/ratis/2c277e85-f0b4-4d1d-94e6-77c134cf9127 does not exist. Creating ...
2019-08-18 03:52:28,076 INFO  storage.RaftStorageDirectory (RaftStorageDirectory.java:tryLock(328)) - Lock on /workdir/hadoop-ozone/integration-test/target/test-dir/MiniOzoneClusterImpl-0f5add87-0c11-4011-93e8-a360484efc1f/datanode-0/data/ratis/2c277e85-f0b4-4d1d-94e6-77c134cf9127/in_use.lock acquired by nodename 2368@byscane-nightly-jvqb9-734128259
2019-08-18 03:52:28,076 INFO  storage.RaftStorageDirectory (RaftStorageDirectory.java:tryLock(328)) - Lock on /workdir/hadoop-ozone/integration-test/target/test-dir/MiniOzoneClusterImpl-0f5add87-0c11-4011-93e8-a360484efc1f/datanode-2/data/ratis/2c277e85-f0b4-4d1d-94e6-77c134cf9127/in_use.lock acquired by nodename 2368@byscane-nightly-jvqb9-734128259
2019-08-18 03:52:28,076 INFO  storage.RaftStorageDirectory (RaftStorageDirectory.java:tryLock(328)) - Lock on /workdir/hadoop-ozone/integration-test/target/test-dir/MiniOzoneClusterImpl-0f5add87-0c11-4011-93e8-a360484efc1f/datanode-1/data/ratis/2c277e85-f0b4-4d1d-94e6-77c134cf9127/in_use.lock acquired by nodename 2368@byscane-nightly-jvqb9-734128259
2019-08-18 03:52:28,090 INFO  storage.RaftStorage (RaftStorage.java:format(72)) - Storage directory /workdir/hadoop-ozone/integration-test/target/test-dir/MiniOzoneClusterImpl-0f5add87-0c11-4011-93e8-a360484efc1f/datanode-2/data/ratis/2c277e85-f0b4-4d1d-94e6-77c134cf9127 has been successfully formatted.
2019-08-18 03:52:28,090 INFO  storage.RaftStorage (RaftStorage.java:format(72)) - Storage directory /workdir/hadoop-ozone/integration-test/target/test-dir/MiniOzoneClusterImpl-0f5add87-0c11-4011-93e8-a360484efc1f/datanode-0/data/ratis/2c277e85-f0b4-4d1d-94e6-77c134cf9127 has been successfully formatted.
2019-08-18 03:52:28,090 INFO  ratis.ContainerStateMachine (ContainerStateMachine.java:loadSnapshot(213)) - group-77C134CF9127: The snapshot info is null. Setting the last applied indexto:(t:0, i:~)
2019-08-18 03:52:28,090 INFO  storage.RaftStorage (RaftStorage.java:format(72)) - Storage directory /workdir/hadoop-ozone/integration-test/target/test-dir/MiniOzoneClusterImpl-0f5add87-0c11-4011-93e8-a360484efc1f/datanode-1/data/ratis/2c277e85-f0b4-4d1d-94e6-77c134cf9127 has been successfully formatted.
2019-08-18 03:52:28,090 INFO  server.RaftServerConfigKeys (ConfUtils.java:logGet(43)) - raft.server.leader.election.timeout = 120s (custom)
2019-08-18 03:52:28,090 INFO  ratis.ContainerStateMachine (ContainerStateMachine.java:loadSnapshot(213)) - group-77C134CF9127: The snapshot info is null. Setting the last applied indexto:(t:0, i:~)
2019-08-18 03:52:28,091 INFO  server.RaftServerConfigKeys (ConfUtils.java:logGet(43)) - raft.server.log.use.memory = false (default)
2019-08-18 03:52:28,091 INFO  ratis.ContainerStateMachine (ContainerStateMachine.java:loadSnapshot(213)) - group-77C134CF9127: The snapshot info is null. Setting the last applied indexto:(t:0, i:~)
2019-08-18 03:52:28,091 INFO  server.RaftServerConfigKeys (ConfUtils.java:logGet(43)) - raft.server.log.purge.gap = 1000000000 (custom)
2019-08-18 03:52:28,091 INFO  server.RaftServerConfigKeys (ConfUtils.java:logGet(43)) - raft.server.leader.election.timeout = 120s (custom)
2019-08-18 03:52:28,091 INFO  server.RaftServerConfigKeys (ConfUtils.java:logGet(43)) - raft.server.log.appender.buffer.byte-limit = 33554432 (custom)
2019-08-18 03:52:28,091 INFO  server.RaftServerConfigKeys (ConfUtils.java:logGet(43)) - raft.server.leader.election.timeout = 120s (custom)
2019-08-18 03:52:28,092 INFO  server.RaftServerConfigKeys (ConfUtils.java:logGet(43)) - raft.server.log.segment.size.max = 1048576 (custom)
2019-08-18 03:52:28,092 INFO  server.RaftServerConfigKeys (ConfUtils.java:logGet(43)) - raft.server.log.use.memory = false (default)
2019-08-18 03:52:28,092 INFO  server.RaftServerConfigKeys (ConfUtils.java:logGet(43)) - raft.server.log.segment.cache.num.max = 2 (custom)
2019-08-18 03:52:28,092 INFO  server.RaftServerConfigKeys (ConfUtils.java:logGet(43)) - raft.server.log.use.memory = false (default)
2019-08-18 03:52:28,092 INFO  segmented.SegmentedRaftLogWorker (SegmentedRaftLogWorker.java:<init>(172)) - new edfea4d6-7835-43b7-9134-afe94d20d7b8-SegmentedRaftLogWorker:Storage Directory /workdir/hadoop-ozone/integration-test/target/test-dir/MiniOzoneClusterImpl-0f5add87-0c11-4011-93e8-a360484efc1f/datanode-2/data/ratis/2c277e85-f0b4-4d1d-94e6-77c134cf9127 for RaftStorage:Storage Directory /workdir/hadoop-ozone/integration-test/target/test-dir/MiniOzoneClusterImpl-0f5add87-0c11-4011-93e8-a360484efc1f/datanode-2/data/ratis/2c277e85-f0b4-4d1d-94e6-77c134cf9127
2019-08-18 03:52:28,092 INFO  server.RaftServerConfigKeys (ConfUtils.java:logGet(43)) - raft.server.log.purge.gap = 1000000000 (custom)
2019-08-18 03:52:28,093 INFO  server.RaftServerConfigKeys (ConfUtils.java:logGet(43)) - raft.server.log.queue.byte-limit = 2147483647 (custom)
2019-08-18 03:52:28,093 INFO  server.RaftServerConfigKeys (ConfUtils.java:logGet(43)) - raft.server.log.purge.gap = 1000000000 (custom)
2019-08-18 03:52:28,093 INFO  server.RaftServerConfigKeys (ConfUtils.java:logGet(43)) - raft.server.log.queue.element-limit = 1024 (custom)
2019-08-18 03:52:28,093 INFO  server.RaftServerConfigKeys (ConfUtils.java:logGet(43)) - raft.server.log.appender.buffer.byte-limit = 33554432 (custom)
2019-08-18 03:52:28,093 INFO  server.RaftServerConfigKeys (ConfUtils.java:logGet(43)) - raft.server.log.segment.size.max = 1048576 (custom)
2019-08-18 03:52:28,093 INFO  server.RaftServerConfigKeys (ConfUtils.java:logGet(43)) - raft.server.log.appender.buffer.byte-limit = 33554432 (custom)
2019-08-18 03:52:28,094 INFO  server.RaftServerConfigKeys (ConfUtils.java:logGet(43)) - raft.server.log.preallocated.size = 16384 (custom)
2019-08-18 03:52:28,094 INFO  server.RaftServerConfigKeys (ConfUtils.java:logGet(43)) - raft.server.log.segment.size.max = 1048576 (custom)
2019-08-18 03:52:28,094 INFO  server.RaftServerConfigKeys (ConfUtils.java:logGet(43)) - raft.server.log.write.buffer.size = 33554432 (custom)
2019-08-18 03:52:28,094 INFO  server.RaftServerConfigKeys (ConfUtils.java:logGet(43)) - raft.server.log.segment.size.max = 1048576 (custom)
2019-08-18 03:52:28,094 INFO  server.RaftServerConfigKeys (ConfUtils.java:logGet(43)) - raft.server.log.force.sync.num = 128 (default)
2019-08-18 03:52:28,094 INFO  server.RaftServerConfigKeys (ConfUtils.java:logGet(43)) - raft.server.log.segment.cache.num.max = 2 (custom)
2019-08-18 03:52:28,095 INFO  server.RaftServerConfigKeys (ConfUtils.java:logGet(43)) - raft.server.log.statemachine.data.sync = true (default)
2019-08-18 03:52:28,094 INFO  server.RaftServerConfigKeys (ConfUtils.java:logGet(43)) - raft.server.log.segment.cache.num.max = 2 (custom)
2019-08-18 03:52:28,095 INFO  server.RaftServerConfigKeys (ConfUtils.java:logGet(43)) - raft.server.log.statemachine.data.sync.timeout = 10s (default)
2019-08-18 03:52:28,095 INFO  server.RaftServerConfigKeys (ConfUtils.java:logGet(43)) - raft.server.log.statemachine.data.sync.timeout.retry = -1 (default)
2019-08-18 03:52:28,095 INFO  segmented.SegmentedRaftLogWorker (SegmentedRaftLogWorker.java:<init>(172)) - new bedc83fc-80bb-46d5-9978-f874350dfebb-SegmentedRaftLogWorker:Storage Directory /workdir/hadoop-ozone/integration-test/target/test-dir/MiniOzoneClusterImpl-0f5add87-0c11-4011-93e8-a360484efc1f/datanode-0/data/ratis/2c277e85-f0b4-4d1d-94e6-77c134cf9127 for RaftStorage:Storage Directory /workdir/hadoop-ozone/integration-test/target/test-dir/MiniOzoneClusterImpl-0f5add87-0c11-4011-93e8-a360484efc1f/datanode-0/data/ratis/2c277e85-f0b4-4d1d-94e6-77c134cf9127
2019-08-18 03:52:28,096 INFO  server.RaftServerConfigKeys (ConfUtils.java:logGet(43)) - raft.server.log.statemachine.data.caching.enabled = true (custom)
2019-08-18 03:52:28,095 INFO  segmented.SegmentedRaftLogWorker (SegmentedRaftLogWorker.java:<init>(172)) - new d946b57f-2ac4-4164-80e1-83456a07be7d-SegmentedRaftLogWorker:Storage Directory /workdir/hadoop-ozone/integration-test/target/test-dir/MiniOzoneClusterImpl-0f5add87-0c11-4011-93e8-a360484efc1f/datanode-1/data/ratis/2c277e85-f0b4-4d1d-94e6-77c134cf9127 for RaftStorage:Storage Directory /workdir/hadoop-ozone/integration-test/target/test-dir/MiniOzoneClusterImpl-0f5add87-0c11-4011-93e8-a360484efc1f/datanode-1/data/ratis/2c277e85-f0b4-4d1d-94e6-77c134cf9127
2019-08-18 03:52:28,096 INFO  server.RaftServerConfigKeys (ConfUtils.java:logGet(43)) - raft.server.log.queue.byte-limit = 2147483647 (custom)
2019-08-18 03:52:28,096 INFO  server.RaftServerConfigKeys (ConfUtils.java:logGet(43)) - raft.server.log.queue.byte-limit = 2147483647 (custom)
2019-08-18 03:52:28,096 INFO  segmented.SegmentedRaftLogWorker (SegmentedRaftLogWorker.java:lambda$new$0(132)) - edfea4d6-7835-43b7-9134-afe94d20d7b8-SegmentedRaftLogWorker:Storage Directory /workdir/hadoop-ozone/integration-test/target/test-dir/MiniOzoneClusterImpl-0f5add87-0c11-4011-93e8-a360484efc1f/datanode-2/data/ratis/2c277e85-f0b4-4d1d-94e6-77c134cf9127: flushIndex: setUnconditionally 0 -> -1
2019-08-18 03:52:28,096 INFO  server.RaftServerConfigKeys (ConfUtils.java:logGet(43)) - raft.server.log.queue.element-limit = 1024 (custom)
2019-08-18 03:52:28,096 INFO  server.RaftServerConfigKeys (ConfUtils.java:logGet(43)) - raft.server.log.queue.element-limit = 1024 (custom)
2019-08-18 03:52:28,097 INFO  server.RaftServerConfigKeys (ConfUtils.java:logGet(43)) - raft.server.snapshot.auto.trigger.enabled = true (custom)
2019-08-18 03:52:28,097 INFO  server.RaftServerConfigKeys (ConfUtils.java:logGet(43)) - raft.server.log.segment.size.max = 1048576 (custom)
2019-08-18 03:52:28,097 INFO  server.RaftServerConfigKeys (ConfUtils.java:logGet(43)) - raft.server.snapshot.auto.trigger.threshold = 10000 (custom)
2019-08-18 03:52:28,097 INFO  server.RaftServerConfigKeys (ConfUtils.java:logGet(43)) - raft.server.log.segment.size.max = 1048576 (custom)
2019-08-18 03:52:28,097 INFO  server.RaftServerConfigKeys (ConfUtils.java:logGet(43)) - raft.server.retrycache.expirytime = 600000ms (custom)
2019-08-18 03:52:28,097 INFO  server.RaftServerConfigKeys (ConfUtils.java:logGet(43)) - raft.server.log.preallocated.size = 16384 (custom)
2019-08-18 03:52:28,098 INFO  impl.RaftServerImpl (RaftServerImpl.java:start(180)) - edfea4d6-7835-43b7-9134-afe94d20d7b8: start group-77C134CF9127
2019-08-18 03:52:28,097 INFO  server.RaftServerConfigKeys (ConfUtils.java:logGet(43)) - raft.server.log.preallocated.size = 16384 (custom)
2019-08-18 03:52:28,098 INFO  impl.RaftServerImpl (RaftServerImpl.java:setRole(171)) - edfea4d6-7835-43b7-9134-afe94d20d7b8:group-77C134CF9127 changes role from null to FOLLOWER at term 0 for startAsFollower
2019-08-18 03:52:28,098 INFO  server.RaftServerConfigKeys (ConfUtils.java:logGet(43)) - raft.server.log.write.buffer.size = 33554432 (custom)
2019-08-18 03:52:28,098 INFO  impl.RoleInfo (RoleInfo.java:updateAndGet(143)) - edfea4d6-7835-43b7-9134-afe94d20d7b8: start FollowerState
2019-08-18 03:52:28,098 INFO  server.RaftServerConfigKeys (ConfUtils.java:logGet(43)) - raft.server.log.write.buffer.size = 33554432 (custom)
2019-08-18 03:52:28,098 INFO  server.RaftServerConfigKeys (ConfUtils.java:logGet(43)) - raft.server.log.force.sync.num = 128 (default)
2019-08-18 03:52:28,099 INFO  server.RaftServerConfigKeys (ConfUtils.java:logGet(43)) - raft.server.log.force.sync.num = 128 (default)
2019-08-18 03:52:28,111 INFO  server.RaftServerConfigKeys (ConfUtils.java:logGet(43)) - raft.server.log.statemachine.data.sync = true (default)
2019-08-18 03:52:28,111 INFO  util.JmxRegister (JmxRegister.java:tryRegister(44)) - Successfully registered JMX Bean with object name Ratis:service=RaftServer,group=group-77C134CF9127,id=edfea4d6-7835-43b7-9134-afe94d20d7b8
2019-08-18 03:52:28,111 INFO  server.RaftServerConfigKeys (ConfUtils.java:logGet(43)) - raft.server.log.statemachine.data.sync.timeout = 10s (default)
2019-08-18 03:52:28,111 INFO  server.RaftServerConfigKeys (ConfUtils.java:logGet(43)) - raft.server.log.statemachine.data.sync = true (default)
2019-08-18 03:52:28,111 INFO  server.RaftServerConfigKeys (ConfUtils.java:logGet(43)) - raft.server.log.statemachine.data.sync.timeout.retry = -1 (default)
2019-08-18 03:52:28,119 INFO  server.RaftServerConfigKeys (ConfUtils.java:logGet(43)) - raft.server.log.statemachine.data.sync.timeout = 10s (default)
2019-08-18 03:52:28,120 INFO  server.RaftServerConfigKeys (ConfUtils.java:logGet(43)) - raft.server.log.statemachine.data.caching.enabled = true (custom)
2019-08-18 03:52:28,120 INFO  server.RaftServerConfigKeys (ConfUtils.java:logGet(43)) - raft.server.log.statemachine.data.sync.timeout.retry = -1 (default)
2019-08-18 03:52:28,120 INFO  server.RaftServerConfigKeys (ConfUtils.java:logGet(43)) - raft.server.log.statemachine.data.caching.enabled = true (custom)
2019-08-18 03:52:28,120 INFO  segmented.SegmentedRaftLogWorker (SegmentedRaftLogWorker.java:lambda$new$0(132)) - d946b57f-2ac4-4164-80e1-83456a07be7d-SegmentedRaftLogWorker:Storage Directory /workdir/hadoop-ozone/integration-test/target/test-dir/MiniOzoneClusterImpl-0f5add87-0c11-4011-93e8-a360484efc1f/datanode-1/data/ratis/2c277e85-f0b4-4d1d-94e6-77c134cf9127: flushIndex: setUnconditionally 0 -> -1
2019-08-18 03:52:28,120 INFO  segmented.SegmentedRaftLogWorker (SegmentedRaftLogWorker.java:lambda$new$0(132)) - bedc83fc-80bb-46d5-9978-f874350dfebb-SegmentedRaftLogWorker:Storage Directory /workdir/hadoop-ozone/integration-test/target/test-dir/MiniOzoneClusterImpl-0f5add87-0c11-4011-93e8-a360484efc1f/datanode-0/data/ratis/2c277e85-f0b4-4d1d-94e6-77c134cf9127: flushIndex: setUnconditionally 0 -> -1
2019-08-18 03:52:28,121 INFO  server.RaftServerConfigKeys (ConfUtils.java:logGet(43)) - raft.server.snapshot.auto.trigger.enabled = true (custom)
2019-08-18 03:52:28,121 INFO  server.RaftServerConfigKeys (ConfUtils.java:logGet(43)) - raft.server.snapshot.auto.trigger.threshold = 10000 (custom)
2019-08-18 03:52:28,121 INFO  server.RaftServerConfigKeys (ConfUtils.java:logGet(43)) - raft.server.snapshot.auto.trigger.enabled = true (custom)
2019-08-18 03:52:28,121 INFO  server.RaftServerConfigKeys (ConfUtils.java:logGet(43)) - raft.server.retrycache.expirytime = 600000ms (custom)
2019-08-18 03:52:28,121 INFO  server.RaftServerConfigKeys (ConfUtils.java:logGet(43)) - raft.server.snapshot.auto.trigger.threshold = 10000 (custom)
2019-08-18 03:52:28,121 INFO  impl.RaftServerImpl (RaftServerImpl.java:start(180)) - d946b57f-2ac4-4164-80e1-83456a07be7d: start group-77C134CF9127
2019-08-18 03:52:28,121 INFO  server.RaftServerConfigKeys (ConfUtils.java:logGet(43)) - raft.server.retrycache.expirytime = 600000ms (custom)
2019-08-18 03:52:28,121 INFO  impl.RaftServerImpl (RaftServerImpl.java:setRole(171)) - d946b57f-2ac4-4164-80e1-83456a07be7d:group-77C134CF9127 changes role from null to FOLLOWER at term 0 for startAsFollower
2019-08-18 03:52:28,122 INFO  impl.RaftServerImpl (RaftServerImpl.java:start(180)) - bedc83fc-80bb-46d5-9978-f874350dfebb: start group-77C134CF9127
2019-08-18 03:52:28,122 INFO  impl.RoleInfo (RoleInfo.java:updateAndGet(143)) - d946b57f-2ac4-4164-80e1-83456a07be7d: start FollowerState
2019-08-18 03:52:28,122 INFO  impl.RaftServerImpl (RaftServerImpl.java:setRole(171)) - bedc83fc-80bb-46d5-9978-f874350dfebb:group-77C134CF9127 changes role from null to FOLLOWER at term 0 for startAsFollower
2019-08-18 03:52:28,122 INFO  impl.RoleInfo (RoleInfo.java:updateAndGet(143)) - bedc83fc-80bb-46d5-9978-f874350dfebb: start FollowerState
2019-08-18 03:52:28,122 INFO  util.JmxRegister (JmxRegister.java:tryRegister(44)) - Successfully registered JMX Bean with object name Ratis:service=RaftServer,group=group-77C134CF9127,id=d946b57f-2ac4-4164-80e1-83456a07be7d
2019-08-18 03:52:28,123 INFO  util.JmxRegister (JmxRegister.java:tryRegister(44)) - Successfully registered JMX Bean with object name Ratis:service=RaftServer,group=group-77C134CF9127,id=bedc83fc-80bb-46d5-9978-f874350dfebb
2019-08-18 03:52:28,126 INFO  pipeline.PipelineStateManager (PipelineStateManager.java:addPipeline(56)) - Created pipeline Pipeline[ Id: 2c277e85-f0b4-4d1d-94e6-77c134cf9127, Nodes: bedc83fc-80bb-46d5-9978-f874350dfebb{ip: 192.168.69.121, host: byscane-nightly-jvqb9-734128259, networkLocation: /default-rack, certSerialId: null}d946b57f-2ac4-4164-80e1-83456a07be7d{ip: 192.168.69.121, host: byscane-nightly-jvqb9-734128259, networkLocation: /default-rack, certSerialId: null}edfea4d6-7835-43b7-9134-afe94d20d7b8{ip: 192.168.69.121, host: byscane-nightly-jvqb9-734128259, networkLocation: /default-rack, certSerialId: null}, Type:RATIS, Factor:THREE, State:OPEN]
2019-08-18 03:52:28,155 INFO  net.NetworkTopology (NetworkTopologyImpl.java:add(110)) - Added a new node: /default-rack/e0bdcbff-667f-41c3-ad1f-791ce553c40c
2019-08-18 03:52:28,155 INFO  node.SCMNodeManager (SCMNodeManager.java:register(273)) - Registered Data node : e0bdcbff-667f-41c3-ad1f-791ce553c40c{ip: 192.168.69.121, host: byscane-nightly-jvqb9-734128259, networkLocation: /default-rack, certSerialId: null}
2019-08-18 03:52:28,165 INFO  impl.RaftServerProxy (RaftServerProxy.java:addNew(89)) - e0bdcbff-667f-41c3-ad1f-791ce553c40c: addNew group-94AA20BF4045:[e0bdcbff-667f-41c3-ad1f-791ce553c40c:192.168.69.121:45055] returns group-94AA20BF4045:java.util.concurrent.CompletableFuture@6527becb[Not completed]
2019-08-18 03:52:28,171 INFO  impl.RaftServerImpl (RaftServerImpl.java:<init>(93)) - e0bdcbff-667f-41c3-ad1f-791ce553c40c: new RaftServerImpl for group-94AA20BF4045:[e0bdcbff-667f-41c3-ad1f-791ce553c40c:192.168.69.121:45055] with ContainerStateMachine:uninitialized
2019-08-18 03:52:28,171 INFO  server.RaftServerConfigKeys (ConfUtils.java:logGet(43)) - raft.server.rpc.timeout.min = 5s (custom)
2019-08-18 03:52:28,172 INFO  server.RaftServerConfigKeys (ConfUtils.java:logGet(43)) - raft.server.rpc.timeout.max = 5200ms (custom)
2019-08-18 03:52:28,172 INFO  server.RaftServerConfigKeys (ConfUtils.java:logGet(43)) - raft.server.rpcslowness.timeout = 120s (custom)
2019-08-18 03:52:28,172 INFO  server.RaftServerConfigKeys (ConfUtils.java:logGet(43)) - raft.server.sleep.deviation.threshold = 300 (default)
2019-08-18 03:52:28,172 INFO  server.RaftServerConfigKeys (ConfUtils.java:logGet(43)) - raft.server.log.appender.install.snapshot.enabled = false (custom)
2019-08-18 03:52:28,172 INFO  impl.RaftServerImpl (ServerState.java:<init>(105)) - e0bdcbff-667f-41c3-ad1f-791ce553c40c:group-94AA20BF4045 ConfigurationManager, init=-1: [e0bdcbff-667f-41c3-ad1f-791ce553c40c:192.168.69.121:45055], old=null, confs=<EMPTY_MAP>
2019-08-18 03:52:28,172 INFO  server.RaftServerConfigKeys (ConfUtils.java:logGet(43)) - raft.server.storage.dir = [/workdir/hadoop-ozone/integration-test/target/test-dir/MiniOzoneClusterImpl-0f5add87-0c11-4011-93e8-a360484efc1f/datanode-3/data/ratis] (custom)
2019-08-18 03:52:28,173 INFO  storage.RaftStorageDirectory (RaftStorageDirectory.java:analyzeStorage(246)) - The storage directory /workdir/hadoop-ozone/integration-test/target/test-dir/MiniOzoneClusterImpl-0f5add87-0c11-4011-93e8-a360484efc1f/datanode-3/data/ratis/8e211373-2737-4caf-a511-94aa20bf4045 does not exist. Creating ...
2019-08-18 03:52:28,186 INFO  storage.RaftStorageDirectory (RaftStorageDirectory.java:tryLock(328)) - Lock on /workdir/hadoop-ozone/integration-test/target/test-dir/MiniOzoneClusterImpl-0f5add87-0c11-4011-93e8-a360484efc1f/datanode-3/data/ratis/8e211373-2737-4caf-a511-94aa20bf4045/in_use.lock acquired by nodename 2368@byscane-nightly-jvqb9-734128259
2019-08-18 03:52:28,200 INFO  storage.RaftStorage (RaftStorage.java:format(72)) - Storage directory /workdir/hadoop-ozone/integration-test/target/test-dir/MiniOzoneClusterImpl-0f5add87-0c11-4011-93e8-a360484efc1f/datanode-3/data/ratis/8e211373-2737-4caf-a511-94aa20bf4045 has been successfully formatted.
2019-08-18 03:52:28,200 INFO  ratis.ContainerStateMachine (ContainerStateMachine.java:loadSnapshot(213)) - group-94AA20BF4045: The snapshot info is null. Setting the last applied indexto:(t:0, i:~)
2019-08-18 03:52:28,201 INFO  server.RaftServerConfigKeys (ConfUtils.java:logGet(43)) - raft.server.leader.election.timeout = 120s (custom)
2019-08-18 03:52:28,201 INFO  server.RaftServerConfigKeys (ConfUtils.java:logGet(43)) - raft.server.log.use.memory = false (default)
2019-08-18 03:52:28,201 INFO  server.RaftServerConfigKeys (ConfUtils.java:logGet(43)) - raft.server.log.purge.gap = 1000000000 (custom)
2019-08-18 03:52:28,201 INFO  server.RaftServerConfigKeys (ConfUtils.java:logGet(43)) - raft.server.log.appender.buffer.byte-limit = 33554432 (custom)
2019-08-18 03:52:28,201 INFO  server.RaftServerConfigKeys (ConfUtils.java:logGet(43)) - raft.server.log.segment.size.max = 1048576 (custom)
2019-08-18 03:52:28,202 INFO  server.RaftServerConfigKeys (ConfUtils.java:logGet(43)) - raft.server.log.segment.cache.num.max = 2 (custom)
2019-08-18 03:52:28,202 INFO  segmented.SegmentedRaftLogWorker (SegmentedRaftLogWorker.java:<init>(172)) - new e0bdcbff-667f-41c3-ad1f-791ce553c40c-SegmentedRaftLogWorker:Storage Directory /workdir/hadoop-ozone/integration-test/target/test-dir/MiniOzoneClusterImpl-0f5add87-0c11-4011-93e8-a360484efc1f/datanode-3/data/ratis/8e211373-2737-4caf-a511-94aa20bf4045 for RaftStorage:Storage Directory /workdir/hadoop-ozone/integration-test/target/test-dir/MiniOzoneClusterImpl-0f5add87-0c11-4011-93e8-a360484efc1f/datanode-3/data/ratis/8e211373-2737-4caf-a511-94aa20bf4045
2019-08-18 03:52:28,202 INFO  server.RaftServerConfigKeys (ConfUtils.java:logGet(43)) - raft.server.log.queue.byte-limit = 2147483647 (custom)
2019-08-18 03:52:28,202 INFO  server.RaftServerConfigKeys (ConfUtils.java:logGet(43)) - raft.server.log.queue.element-limit = 1024 (custom)
2019-08-18 03:52:28,202 INFO  server.RaftServerConfigKeys (ConfUtils.java:logGet(43)) - raft.server.log.segment.size.max = 1048576 (custom)
2019-08-18 03:52:28,203 INFO  server.RaftServerConfigKeys (ConfUtils.java:logGet(43)) - raft.server.log.preallocated.size = 16384 (custom)
2019-08-18 03:52:28,203 INFO  server.RaftServerConfigKeys (ConfUtils.java:logGet(43)) - raft.server.log.write.buffer.size = 33554432 (custom)
2019-08-18 03:52:28,203 INFO  server.RaftServerConfigKeys (ConfUtils.java:logGet(43)) - raft.server.log.force.sync.num = 128 (default)
2019-08-18 03:52:28,203 INFO  server.RaftServerConfigKeys (ConfUtils.java:logGet(43)) - raft.server.log.statemachine.data.sync = true (default)
2019-08-18 03:52:28,203 INFO  server.RaftServerConfigKeys (ConfUtils.java:logGet(43)) - raft.server.log.statemachine.data.sync.timeout = 10s (default)
2019-08-18 03:52:28,203 INFO  server.RaftServerConfigKeys (ConfUtils.java:logGet(43)) - raft.server.log.statemachine.data.sync.timeout.retry = -1 (default)
2019-08-18 03:52:28,204 INFO  server.RaftServerConfigKeys (ConfUtils.java:logGet(43)) - raft.server.log.statemachine.data.caching.enabled = true (custom)
2019-08-18 03:52:28,204 INFO  segmented.SegmentedRaftLogWorker (SegmentedRaftLogWorker.java:lambda$new$0(132)) - e0bdcbff-667f-41c3-ad1f-791ce553c40c-SegmentedRaftLogWorker:Storage Directory /workdir/hadoop-ozone/integration-test/target/test-dir/MiniOzoneClusterImpl-0f5add87-0c11-4011-93e8-a360484efc1f/datanode-3/data/ratis/8e211373-2737-4caf-a511-94aa20bf4045: flushIndex: setUnconditionally 0 -> -1
2019-08-18 03:52:28,205 INFO  server.RaftServerConfigKeys (ConfUtils.java:logGet(43)) - raft.server.snapshot.auto.trigger.enabled = true (custom)
2019-08-18 03:52:28,205 INFO  server.RaftServerConfigKeys (ConfUtils.java:logGet(43)) - raft.server.snapshot.auto.trigger.threshold = 10000 (custom)
2019-08-18 03:52:28,205 INFO  server.RaftServerConfigKeys (ConfUtils.java:logGet(43)) - raft.server.retrycache.expirytime = 600000ms (custom)
2019-08-18 03:52:28,205 INFO  impl.RaftServerImpl (RaftServerImpl.java:start(180)) - e0bdcbff-667f-41c3-ad1f-791ce553c40c: start group-94AA20BF4045
2019-08-18 03:52:28,205 INFO  impl.RaftServerImpl (RaftServerImpl.java:setRole(171)) - e0bdcbff-667f-41c3-ad1f-791ce553c40c:group-94AA20BF4045 changes role from null to FOLLOWER at term 0 for startAsFollower
2019-08-18 03:52:28,205 INFO  impl.RoleInfo (RoleInfo.java:updateAndGet(143)) - e0bdcbff-667f-41c3-ad1f-791ce553c40c: start FollowerState
2019-08-18 03:52:28,206 INFO  util.JmxRegister (JmxRegister.java:tryRegister(44)) - Successfully registered JMX Bean with object name Ratis:service=RaftServer,group=group-94AA20BF4045,id=e0bdcbff-667f-41c3-ad1f-791ce553c40c
2019-08-18 03:52:28,209 INFO  pipeline.PipelineStateManager (PipelineStateManager.java:addPipeline(56)) - Created pipeline Pipeline[ Id: 8e211373-2737-4caf-a511-94aa20bf4045, Nodes: e0bdcbff-667f-41c3-ad1f-791ce553c40c{ip: 192.168.69.121, host: byscane-nightly-jvqb9-734128259, networkLocation: /default-rack, certSerialId: null}, Type:RATIS, Factor:ONE, State:OPEN]
2019-08-18 03:52:28,418 INFO  net.NetworkTopology (NetworkTopologyImpl.java:add(110)) - Added a new node: /default-rack/55f42c00-1b28-4f45-b737-7e010e517182
2019-08-18 03:52:28,418 INFO  node.SCMNodeManager (SCMNodeManager.java:register(273)) - Registered Data node : 55f42c00-1b28-4f45-b737-7e010e517182{ip: 192.168.69.121, host: byscane-nightly-jvqb9-734128259, networkLocation: /default-rack, certSerialId: null}
2019-08-18 03:52:28,431 INFO  impl.RaftServerProxy (RaftServerProxy.java:addNew(89)) - 55f42c00-1b28-4f45-b737-7e010e517182: addNew group-7EE6F9A3CF45:[55f42c00-1b28-4f45-b737-7e010e517182:192.168.69.121:35894] returns group-7EE6F9A3CF45:java.util.concurrent.CompletableFuture@212a1bda[Not completed]
2019-08-18 03:52:28,438 INFO  impl.RaftServerImpl (RaftServerImpl.java:<init>(93)) - 55f42c00-1b28-4f45-b737-7e010e517182: new RaftServerImpl for group-7EE6F9A3CF45:[55f42c00-1b28-4f45-b737-7e010e517182:192.168.69.121:35894] with ContainerStateMachine:uninitialized
2019-08-18 03:52:28,439 INFO  server.RaftServerConfigKeys (ConfUtils.java:logGet(43)) - raft.server.rpc.timeout.min = 5s (custom)
2019-08-18 03:52:28,439 INFO  server.RaftServerConfigKeys (ConfUtils.java:logGet(43)) - raft.server.rpc.timeout.max = 5200ms (custom)
2019-08-18 03:52:28,439 INFO  server.RaftServerConfigKeys (ConfUtils.java:logGet(43)) - raft.server.rpcslowness.timeout = 120s (custom)
2019-08-18 03:52:28,439 INFO  server.RaftServerConfigKeys (ConfUtils.java:logGet(43)) - raft.server.sleep.deviation.threshold = 300 (default)
2019-08-18 03:52:28,439 INFO  server.RaftServerConfigKeys (ConfUtils.java:logGet(43)) - raft.server.log.appender.install.snapshot.enabled = false (custom)
2019-08-18 03:52:28,440 INFO  impl.RaftServerImpl (ServerState.java:<init>(105)) - 55f42c00-1b28-4f45-b737-7e010e517182:group-7EE6F9A3CF45 ConfigurationManager, init=-1: [55f42c00-1b28-4f45-b737-7e010e517182:192.168.69.121:35894], old=null, confs=<EMPTY_MAP>
2019-08-18 03:52:28,440 INFO  server.RaftServerConfigKeys (ConfUtils.java:logGet(43)) - raft.server.storage.dir = [/workdir/hadoop-ozone/integration-test/target/test-dir/MiniOzoneClusterImpl-0f5add87-0c11-4011-93e8-a360484efc1f/datanode-4/data/ratis] (custom)
2019-08-18 03:52:28,440 INFO  storage.RaftStorageDirectory (RaftStorageDirectory.java:analyzeStorage(246)) - The storage directory /workdir/hadoop-ozone/integration-test/target/test-dir/MiniOzoneClusterImpl-0f5add87-0c11-4011-93e8-a360484efc1f/datanode-4/data/ratis/4766caf1-31fc-4ab0-9e82-7ee6f9a3cf45 does not exist. Creating ...
2019-08-18 03:52:28,453 INFO  storage.RaftStorageDirectory (RaftStorageDirectory.java:tryLock(328)) - Lock on /workdir/hadoop-ozone/integration-test/target/test-dir/MiniOzoneClusterImpl-0f5add87-0c11-4011-93e8-a360484efc1f/datanode-4/data/ratis/4766caf1-31fc-4ab0-9e82-7ee6f9a3cf45/in_use.lock acquired by nodename 2368@byscane-nightly-jvqb9-734128259
2019-08-18 03:52:28,474 INFO  storage.RaftStorage (RaftStorage.java:format(72)) - Storage directory /workdir/hadoop-ozone/integration-test/target/test-dir/MiniOzoneClusterImpl-0f5add87-0c11-4011-93e8-a360484efc1f/datanode-4/data/ratis/4766caf1-31fc-4ab0-9e82-7ee6f9a3cf45 has been successfully formatted.
2019-08-18 03:52:28,474 INFO  ratis.ContainerStateMachine (ContainerStateMachine.java:loadSnapshot(213)) - group-7EE6F9A3CF45: The snapshot info is null. Setting the last applied indexto:(t:0, i:~)
2019-08-18 03:52:28,474 INFO  server.RaftServerConfigKeys (ConfUtils.java:logGet(43)) - raft.server.leader.election.timeout = 120s (custom)
2019-08-18 03:52:28,475 INFO  server.RaftServerConfigKeys (ConfUtils.java:logGet(43)) - raft.server.log.use.memory = false (default)
2019-08-18 03:52:28,475 INFO  server.RaftServerConfigKeys (ConfUtils.java:logGet(43)) - raft.server.log.purge.gap = 1000000000 (custom)
2019-08-18 03:52:28,475 INFO  server.RaftServerConfigKeys (ConfUtils.java:logGet(43)) - raft.server.log.appender.buffer.byte-limit = 33554432 (custom)
2019-08-18 03:52:28,475 INFO  server.RaftServerConfigKeys (ConfUtils.java:logGet(43)) - raft.server.log.segment.size.max = 1048576 (custom)
2019-08-18 03:52:28,475 INFO  server.RaftServerConfigKeys (ConfUtils.java:logGet(43)) - raft.server.log.segment.cache.num.max = 2 (custom)
2019-08-18 03:52:28,475 INFO  segmented.SegmentedRaftLogWorker (SegmentedRaftLogWorker.java:<init>(172)) - new 55f42c00-1b28-4f45-b737-7e010e517182-SegmentedRaftLogWorker:Storage Directory /workdir/hadoop-ozone/integration-test/target/test-dir/MiniOzoneClusterImpl-0f5add87-0c11-4011-93e8-a360484efc1f/datanode-4/data/ratis/4766caf1-31fc-4ab0-9e82-7ee6f9a3cf45 for RaftStorage:Storage Directory /workdir/hadoop-ozone/integration-test/target/test-dir/MiniOzoneClusterImpl-0f5add87-0c11-4011-93e8-a360484efc1f/datanode-4/data/ratis/4766caf1-31fc-4ab0-9e82-7ee6f9a3cf45
2019-08-18 03:52:28,476 INFO  server.RaftServerConfigKeys (ConfUtils.java:logGet(43)) - raft.server.log.queue.byte-limit = 2147483647 (custom)
2019-08-18 03:52:28,476 INFO  server.RaftServerConfigKeys (ConfUtils.java:logGet(43)) - raft.server.log.queue.element-limit = 1024 (custom)
2019-08-18 03:52:28,476 INFO  server.RaftServerConfigKeys (ConfUtils.java:logGet(43)) - raft.server.log.segment.size.max = 1048576 (custom)
2019-08-18 03:52:28,476 INFO  server.RaftServerConfigKeys (ConfUtils.java:logGet(43)) - raft.server.log.preallocated.size = 16384 (custom)
2019-08-18 03:52:28,477 INFO  server.RaftServerConfigKeys (ConfUtils.java:logGet(43)) - raft.server.log.write.buffer.size = 33554432 (custom)
2019-08-18 03:52:28,477 INFO  server.RaftServerConfigKeys (ConfUtils.java:logGet(43)) - raft.server.log.force.sync.num = 128 (default)
2019-08-18 03:52:28,477 INFO  server.RaftServerConfigKeys (ConfUtils.java:logGet(43)) - raft.server.log.statemachine.data.sync = true (default)
2019-08-18 03:52:28,477 INFO  server.RaftServerConfigKeys (ConfUtils.java:logGet(43)) - raft.server.log.statemachine.data.sync.timeout = 10s (default)
2019-08-18 03:52:28,477 INFO  server.RaftServerConfigKeys (ConfUtils.java:logGet(43)) - raft.server.log.statemachine.data.sync.timeout.retry = -1 (default)
2019-08-18 03:52:28,478 INFO  server.RaftServerConfigKeys (ConfUtils.java:logGet(43)) - raft.server.log.statemachine.data.caching.enabled = true (custom)
2019-08-18 03:52:28,478 INFO  segmented.SegmentedRaftLogWorker (SegmentedRaftLogWorker.java:lambda$new$0(132)) - 55f42c00-1b28-4f45-b737-7e010e517182-SegmentedRaftLogWorker:Storage Directory /workdir/hadoop-ozone/integration-test/target/test-dir/MiniOzoneClusterImpl-0f5add87-0c11-4011-93e8-a360484efc1f/datanode-4/data/ratis/4766caf1-31fc-4ab0-9e82-7ee6f9a3cf45: flushIndex: setUnconditionally 0 -> -1
2019-08-18 03:52:28,478 INFO  server.RaftServerConfigKeys (ConfUtils.java:logGet(43)) - raft.server.snapshot.auto.trigger.enabled = true (custom)
2019-08-18 03:52:28,479 INFO  server.RaftServerConfigKeys (ConfUtils.java:logGet(43)) - raft.server.snapshot.auto.trigger.threshold = 10000 (custom)
2019-08-18 03:52:28,479 INFO  server.RaftServerConfigKeys (ConfUtils.java:logGet(43)) - raft.server.retrycache.expirytime = 600000ms (custom)
2019-08-18 03:52:28,479 INFO  impl.RaftServerImpl (RaftServerImpl.java:start(180)) - 55f42c00-1b28-4f45-b737-7e010e517182: start group-7EE6F9A3CF45
2019-08-18 03:52:28,479 INFO  impl.RaftServerImpl (RaftServerImpl.java:setRole(171)) - 55f42c00-1b28-4f45-b737-7e010e517182:group-7EE6F9A3CF45 changes role from null to FOLLOWER at term 0 for startAsFollower
2019-08-18 03:52:28,479 INFO  impl.RoleInfo (RoleInfo.java:updateAndGet(143)) - 55f42c00-1b28-4f45-b737-7e010e517182: start FollowerState
2019-08-18 03:52:28,480 INFO  util.JmxRegister (JmxRegister.java:tryRegister(44)) - Successfully registered JMX Bean with object name Ratis:service=RaftServer,group=group-7EE6F9A3CF45,id=55f42c00-1b28-4f45-b737-7e010e517182
2019-08-18 03:52:28,483 INFO  pipeline.PipelineStateManager (PipelineStateManager.java:addPipeline(56)) - Created pipeline Pipeline[ Id: 4766caf1-31fc-4ab0-9e82-7ee6f9a3cf45, Nodes: 55f42c00-1b28-4f45-b737-7e010e517182{ip: 192.168.69.121, host: byscane-nightly-jvqb9-734128259, networkLocation: /default-rack, certSerialId: null}, Type:RATIS, Factor:ONE, State:OPEN]
2019-08-18 03:52:28,633 INFO  net.NetworkTopology (NetworkTopologyImpl.java:add(110)) - Added a new node: /default-rack/fff5aa8a-9f35-47d4-ab2a-a764a6e25882
2019-08-18 03:52:28,634 INFO  node.SCMNodeManager (SCMNodeManager.java:register(273)) - Registered Data node : fff5aa8a-9f35-47d4-ab2a-a764a6e25882{ip: 192.168.69.121, host: byscane-nightly-jvqb9-734128259, networkLocation: /default-rack, certSerialId: null}
2019-08-18 03:52:28,646 INFO  impl.RaftServerProxy (RaftServerProxy.java:addNew(89)) - fff5aa8a-9f35-47d4-ab2a-a764a6e25882: addNew group-D89D5EA862B7:[fff5aa8a-9f35-47d4-ab2a-a764a6e25882:192.168.69.121:40458] returns group-D89D5EA862B7:java.util.concurrent.CompletableFuture@81c27f0[Not completed]
2019-08-18 03:52:28,652 INFO  impl.RaftServerImpl (RaftServerImpl.java:<init>(93)) - fff5aa8a-9f35-47d4-ab2a-a764a6e25882: new RaftServerImpl for group-D89D5EA862B7:[fff5aa8a-9f35-47d4-ab2a-a764a6e25882:192.168.69.121:40458] with ContainerStateMachine:uninitialized
2019-08-18 03:52:28,652 INFO  server.RaftServerConfigKeys (ConfUtils.java:logGet(43)) - raft.server.rpc.timeout.min = 5s (custom)
2019-08-18 03:52:28,652 INFO  server.RaftServerConfigKeys (ConfUtils.java:logGet(43)) - raft.server.rpc.timeout.max = 5200ms (custom)
2019-08-18 03:52:28,652 INFO  server.RaftServerConfigKeys (ConfUtils.java:logGet(43)) - raft.server.rpcslowness.timeout = 120s (custom)
2019-08-18 03:52:28,653 INFO  server.RaftServerConfigKeys (ConfUtils.java:logGet(43)) - raft.server.sleep.deviation.threshold = 300 (default)
2019-08-18 03:52:28,653 INFO  server.RaftServerConfigKeys (ConfUtils.java:logGet(43)) - raft.server.log.appender.install.snapshot.enabled = false (custom)
2019-08-18 03:52:28,653 INFO  impl.RaftServerImpl (ServerState.java:<init>(105)) - fff5aa8a-9f35-47d4-ab2a-a764a6e25882:group-D89D5EA862B7 ConfigurationManager, init=-1: [fff5aa8a-9f35-47d4-ab2a-a764a6e25882:192.168.69.121:40458], old=null, confs=<EMPTY_MAP>
2019-08-18 03:52:28,653 INFO  server.RaftServerConfigKeys (ConfUtils.java:logGet(43)) - raft.server.storage.dir = [/workdir/hadoop-ozone/integration-test/target/test-dir/MiniOzoneClusterImpl-0f5add87-0c11-4011-93e8-a360484efc1f/datanode-5/data/ratis] (custom)
2019-08-18 03:52:28,654 INFO  storage.RaftStorageDirectory (RaftStorageDirectory.java:analyzeStorage(246)) - The storage directory /workdir/hadoop-ozone/integration-test/target/test-dir/MiniOzoneClusterImpl-0f5add87-0c11-4011-93e8-a360484efc1f/datanode-5/data/ratis/cffdd504-d8be-465d-a59e-d89d5ea862b7 does not exist. Creating ...
2019-08-18 03:52:28,667 INFO  storage.RaftStorageDirectory (RaftStorageDirectory.java:tryLock(328)) - Lock on /workdir/hadoop-ozone/integration-test/target/test-dir/MiniOzoneClusterImpl-0f5add87-0c11-4011-93e8-a360484efc1f/datanode-5/data/ratis/cffdd504-d8be-465d-a59e-d89d5ea862b7/in_use.lock acquired by nodename 2368@byscane-nightly-jvqb9-734128259
2019-08-18 03:52:28,681 INFO  storage.RaftStorage (RaftStorage.java:format(72)) - Storage directory /workdir/hadoop-ozone/integration-test/target/test-dir/MiniOzoneClusterImpl-0f5add87-0c11-4011-93e8-a360484efc1f/datanode-5/data/ratis/cffdd504-d8be-465d-a59e-d89d5ea862b7 has been successfully formatted.
2019-08-18 03:52:28,681 INFO  ratis.ContainerStateMachine (ContainerStateMachine.java:loadSnapshot(213)) - group-D89D5EA862B7: The snapshot info is null. Setting the last applied indexto:(t:0, i:~)
2019-08-18 03:52:28,681 INFO  server.RaftServerConfigKeys (ConfUtils.java:logGet(43)) - raft.server.leader.election.timeout = 120s (custom)
2019-08-18 03:52:28,681 INFO  server.RaftServerConfigKeys (ConfUtils.java:logGet(43)) - raft.server.log.use.memory = false (default)
2019-08-18 03:52:28,682 INFO  server.RaftServerConfigKeys (ConfUtils.java:logGet(43)) - raft.server.log.purge.gap = 1000000000 (custom)
2019-08-18 03:52:28,682 INFO  server.RaftServerConfigKeys (ConfUtils.java:logGet(43)) - raft.server.log.appender.buffer.byte-limit = 33554432 (custom)
2019-08-18 03:52:28,682 INFO  server.RaftServerConfigKeys (ConfUtils.java:logGet(43)) - raft.server.log.segment.size.max = 1048576 (custom)
2019-08-18 03:52:28,682 INFO  server.RaftServerConfigKeys (ConfUtils.java:logGet(43)) - raft.server.log.segment.cache.num.max = 2 (custom)
2019-08-18 03:52:28,682 INFO  segmented.SegmentedRaftLogWorker (SegmentedRaftLogWorker.java:<init>(172)) - new fff5aa8a-9f35-47d4-ab2a-a764a6e25882-SegmentedRaftLogWorker:Storage Directory /workdir/hadoop-ozone/integration-test/target/test-dir/MiniOzoneClusterImpl-0f5add87-0c11-4011-93e8-a360484efc1f/datanode-5/data/ratis/cffdd504-d8be-465d-a59e-d89d5ea862b7 for RaftStorage:Storage Directory /workdir/hadoop-ozone/integration-test/target/test-dir/MiniOzoneClusterImpl-0f5add87-0c11-4011-93e8-a360484efc1f/datanode-5/data/ratis/cffdd504-d8be-465d-a59e-d89d5ea862b7
2019-08-18 03:52:28,682 INFO  server.RaftServerConfigKeys (ConfUtils.java:logGet(43)) - raft.server.log.queue.byte-limit = 2147483647 (custom)
2019-08-18 03:52:28,683 INFO  server.RaftServerConfigKeys (ConfUtils.java:logGet(43)) - raft.server.log.queue.element-limit = 1024 (custom)
2019-08-18 03:52:28,683 INFO  server.RaftServerConfigKeys (ConfUtils.java:logGet(43)) - raft.server.log.segment.size.max = 1048576 (custom)
2019-08-18 03:52:28,683 INFO  server.RaftServerConfigKeys (ConfUtils.java:logGet(43)) - raft.server.log.preallocated.size = 16384 (custom)
2019-08-18 03:52:28,683 INFO  server.RaftServerConfigKeys (ConfUtils.java:logGet(43)) - raft.server.log.write.buffer.size = 33554432 (custom)
2019-08-18 03:52:28,683 INFO  server.RaftServerConfigKeys (ConfUtils.java:logGet(43)) - raft.server.log.force.sync.num = 128 (default)
2019-08-18 03:52:28,684 INFO  server.RaftServerConfigKeys (ConfUtils.java:logGet(43)) - raft.server.log.statemachine.data.sync = true (default)
2019-08-18 03:52:28,684 INFO  server.RaftServerConfigKeys (ConfUtils.java:logGet(43)) - raft.server.log.statemachine.data.sync.timeout = 10s (default)
2019-08-18 03:52:28,684 INFO  server.RaftServerConfigKeys (ConfUtils.java:logGet(43)) - raft.server.log.statemachine.data.sync.timeout.retry = -1 (default)
2019-08-18 03:52:28,684 INFO  server.RaftServerConfigKeys (ConfUtils.java:logGet(43)) - raft.server.log.statemachine.data.caching.enabled = true (custom)
2019-08-18 03:52:28,685 INFO  segmented.SegmentedRaftLogWorker (SegmentedRaftLogWorker.java:lambda$new$0(132)) - fff5aa8a-9f35-47d4-ab2a-a764a6e25882-SegmentedRaftLogWorker:Storage Directory /workdir/hadoop-ozone/integration-test/target/test-dir/MiniOzoneClusterImpl-0f5add87-0c11-4011-93e8-a360484efc1f/datanode-5/data/ratis/cffdd504-d8be-465d-a59e-d89d5ea862b7: flushIndex: setUnconditionally 0 -> -1
2019-08-18 03:52:28,685 INFO  server.RaftServerConfigKeys (ConfUtils.java:logGet(43)) - raft.server.snapshot.auto.trigger.enabled = true (custom)
2019-08-18 03:52:28,685 INFO  server.RaftServerConfigKeys (ConfUtils.java:logGet(43)) - raft.server.snapshot.auto.trigger.threshold = 10000 (custom)
2019-08-18 03:52:28,685 INFO  server.RaftServerConfigKeys (ConfUtils.java:logGet(43)) - raft.server.retrycache.expirytime = 600000ms (custom)
2019-08-18 03:52:28,686 INFO  impl.RaftServerImpl (RaftServerImpl.java:start(180)) - fff5aa8a-9f35-47d4-ab2a-a764a6e25882: start group-D89D5EA862B7
2019-08-18 03:52:28,686 INFO  impl.RaftServerImpl (RaftServerImpl.java:setRole(171)) - fff5aa8a-9f35-47d4-ab2a-a764a6e25882:group-D89D5EA862B7 changes role from null to FOLLOWER at term 0 for startAsFollower
2019-08-18 03:52:28,686 INFO  impl.RoleInfo (RoleInfo.java:updateAndGet(143)) - fff5aa8a-9f35-47d4-ab2a-a764a6e25882: start FollowerState
2019-08-18 03:52:28,686 INFO  util.JmxRegister (JmxRegister.java:tryRegister(44)) - Successfully registered JMX Bean with object name Ratis:service=RaftServer,group=group-D89D5EA862B7,id=fff5aa8a-9f35-47d4-ab2a-a764a6e25882
2019-08-18 03:52:28,689 INFO  pipeline.PipelineStateManager (PipelineStateManager.java:addPipeline(56)) - Created pipeline Pipeline[ Id: cffdd504-d8be-465d-a59e-d89d5ea862b7, Nodes: fff5aa8a-9f35-47d4-ab2a-a764a6e25882{ip: 192.168.69.121, host: byscane-nightly-jvqb9-734128259, networkLocation: /default-rack, certSerialId: null}, Type:RATIS, Factor:ONE, State:OPEN]
2019-08-18 03:52:28,706 INFO  impl.RaftServerProxy (RaftServerProxy.java:addNew(89)) - e0bdcbff-667f-41c3-ad1f-791ce553c40c: addNew group-90B8AF4E75E2:[55f42c00-1b28-4f45-b737-7e010e517182:192.168.69.121:35894, fff5aa8a-9f35-47d4-ab2a-a764a6e25882:192.168.69.121:40458, e0bdcbff-667f-41c3-ad1f-791ce553c40c:192.168.69.121:45055] returns group-90B8AF4E75E2:java.util.concurrent.CompletableFuture@191ccbbb[Not completed]
2019-08-18 03:52:28,707 INFO  impl.RaftServerProxy (RaftServerProxy.java:addNew(89)) - 55f42c00-1b28-4f45-b737-7e010e517182: addNew group-90B8AF4E75E2:[55f42c00-1b28-4f45-b737-7e010e517182:192.168.69.121:35894, fff5aa8a-9f35-47d4-ab2a-a764a6e25882:192.168.69.121:40458, e0bdcbff-667f-41c3-ad1f-791ce553c40c:192.168.69.121:45055] returns group-90B8AF4E75E2:java.util.concurrent.CompletableFuture@719926c0[Not completed]
2019-08-18 03:52:28,707 INFO  impl.RaftServerProxy (RaftServerProxy.java:addNew(89)) - fff5aa8a-9f35-47d4-ab2a-a764a6e25882: addNew group-90B8AF4E75E2:[55f42c00-1b28-4f45-b737-7e010e517182:192.168.69.121:35894, fff5aa8a-9f35-47d4-ab2a-a764a6e25882:192.168.69.121:40458, e0bdcbff-667f-41c3-ad1f-791ce553c40c:192.168.69.121:45055] returns group-90B8AF4E75E2:java.util.concurrent.CompletableFuture@3860c045[Not completed]
2019-08-18 03:52:28,707 INFO  impl.RaftServerImpl (RaftServerImpl.java:<init>(93)) - e0bdcbff-667f-41c3-ad1f-791ce553c40c: new RaftServerImpl for group-90B8AF4E75E2:[55f42c00-1b28-4f45-b737-7e010e517182:192.168.69.121:35894, fff5aa8a-9f35-47d4-ab2a-a764a6e25882:192.168.69.121:40458, e0bdcbff-667f-41c3-ad1f-791ce553c40c:192.168.69.121:45055] with ContainerStateMachine:uninitialized
2019-08-18 03:52:28,708 INFO  server.RaftServerConfigKeys (ConfUtils.java:logGet(43)) - raft.server.rpc.timeout.min = 5s (custom)
2019-08-18 03:52:28,708 INFO  server.RaftServerConfigKeys (ConfUtils.java:logGet(43)) - raft.server.rpc.timeout.max = 5200ms (custom)
2019-08-18 03:52:28,708 INFO  server.RaftServerConfigKeys (ConfUtils.java:logGet(43)) - raft.server.rpcslowness.timeout = 120s (custom)
2019-08-18 03:52:28,708 INFO  server.RaftServerConfigKeys (ConfUtils.java:logGet(43)) - raft.server.sleep.deviation.threshold = 300 (default)
2019-08-18 03:52:28,708 INFO  impl.RaftServerImpl (RaftServerImpl.java:<init>(93)) - fff5aa8a-9f35-47d4-ab2a-a764a6e25882: new RaftServerImpl for group-90B8AF4E75E2:[55f42c00-1b28-4f45-b737-7e010e517182:192.168.69.121:35894, fff5aa8a-9f35-47d4-ab2a-a764a6e25882:192.168.69.121:40458, e0bdcbff-667f-41c3-ad1f-791ce553c40c:192.168.69.121:45055] with ContainerStateMachine:uninitialized
2019-08-18 03:52:28,708 INFO  server.RaftServerConfigKeys (ConfUtils.java:logGet(43)) - raft.server.log.appender.install.snapshot.enabled = false (custom)
2019-08-18 03:52:28,709 INFO  server.RaftServerConfigKeys (ConfUtils.java:logGet(43)) - raft.server.rpc.timeout.min = 5s (custom)
2019-08-18 03:52:28,709 INFO  impl.RaftServerImpl (ServerState.java:<init>(105)) - e0bdcbff-667f-41c3-ad1f-791ce553c40c:group-90B8AF4E75E2 ConfigurationManager, init=-1: [55f42c00-1b28-4f45-b737-7e010e517182:192.168.69.121:35894, fff5aa8a-9f35-47d4-ab2a-a764a6e25882:192.168.69.121:40458, e0bdcbff-667f-41c3-ad1f-791ce553c40c:192.168.69.121:45055], old=null, confs=<EMPTY_MAP>
2019-08-18 03:52:28,709 INFO  impl.RaftServerImpl (RaftServerImpl.java:<init>(93)) - 55f42c00-1b28-4f45-b737-7e010e517182: new RaftServerImpl for group-90B8AF4E75E2:[55f42c00-1b28-4f45-b737-7e010e517182:192.168.69.121:35894, fff5aa8a-9f35-47d4-ab2a-a764a6e25882:192.168.69.121:40458, e0bdcbff-667f-41c3-ad1f-791ce553c40c:192.168.69.121:45055] with ContainerStateMachine:uninitialized
2019-08-18 03:52:28,709 INFO  server.RaftServerConfigKeys (ConfUtils.java:logGet(43)) - raft.server.rpc.timeout.max = 5200ms (custom)
2019-08-18 03:52:28,709 INFO  server.RaftServerConfigKeys (ConfUtils.java:logGet(43)) - raft.server.rpc.timeout.min = 5s (custom)
2019-08-18 03:52:28,709 INFO  server.RaftServerConfigKeys (ConfUtils.java:logGet(43)) - raft.server.storage.dir = [/workdir/hadoop-ozone/integration-test/target/test-dir/MiniOzoneClusterImpl-0f5add87-0c11-4011-93e8-a360484efc1f/datanode-3/data/ratis] (custom)
2019-08-18 03:52:28,709 INFO  server.RaftServerConfigKeys (ConfUtils.java:logGet(43)) - raft.server.rpc.timeout.max = 5200ms (custom)
2019-08-18 03:52:28,709 INFO  server.RaftServerConfigKeys (ConfUtils.java:logGet(43)) - raft.server.rpcslowness.timeout = 120s (custom)
2019-08-18 03:52:28,710 INFO  storage.RaftStorageDirectory (RaftStorageDirectory.java:analyzeStorage(246)) - The storage directory /workdir/hadoop-ozone/integration-test/target/test-dir/MiniOzoneClusterImpl-0f5add87-0c11-4011-93e8-a360484efc1f/datanode-3/data/ratis/61ea4d95-16ce-49bf-be1d-90b8af4e75e2 does not exist. Creating ...
2019-08-18 03:52:28,710 INFO  server.RaftServerConfigKeys (ConfUtils.java:logGet(43)) - raft.server.rpcslowness.timeout = 120s (custom)
2019-08-18 03:52:28,710 INFO  server.RaftServerConfigKeys (ConfUtils.java:logGet(43)) - raft.server.sleep.deviation.threshold = 300 (default)
2019-08-18 03:52:28,710 INFO  server.RaftServerConfigKeys (ConfUtils.java:logGet(43)) - raft.server.sleep.deviation.threshold = 300 (default)
2019-08-18 03:52:28,710 INFO  server.RaftServerConfigKeys (ConfUtils.java:logGet(43)) - raft.server.log.appender.install.snapshot.enabled = false (custom)
2019-08-18 03:52:28,711 INFO  server.RaftServerConfigKeys (ConfUtils.java:logGet(43)) - raft.server.log.appender.install.snapshot.enabled = false (custom)
2019-08-18 03:52:28,711 INFO  impl.RaftServerImpl (ServerState.java:<init>(105)) - fff5aa8a-9f35-47d4-ab2a-a764a6e25882:group-90B8AF4E75E2 ConfigurationManager, init=-1: [55f42c00-1b28-4f45-b737-7e010e517182:192.168.69.121:35894, fff5aa8a-9f35-47d4-ab2a-a764a6e25882:192.168.69.121:40458, e0bdcbff-667f-41c3-ad1f-791ce553c40c:192.168.69.121:45055], old=null, confs=<EMPTY_MAP>
2019-08-18 03:52:28,711 INFO  impl.RaftServerImpl (ServerState.java:<init>(105)) - 55f42c00-1b28-4f45-b737-7e010e517182:group-90B8AF4E75E2 ConfigurationManager, init=-1: [55f42c00-1b28-4f45-b737-7e010e517182:192.168.69.121:35894, fff5aa8a-9f35-47d4-ab2a-a764a6e25882:192.168.69.121:40458, e0bdcbff-667f-41c3-ad1f-791ce553c40c:192.168.69.121:45055], old=null, confs=<EMPTY_MAP>
2019-08-18 03:52:28,711 INFO  server.RaftServerConfigKeys (ConfUtils.java:logGet(43)) - raft.server.storage.dir = [/workdir/hadoop-ozone/integration-test/target/test-dir/MiniOzoneClusterImpl-0f5add87-0c11-4011-93e8-a360484efc1f/datanode-5/data/ratis] (custom)
2019-08-18 03:52:28,711 INFO  server.RaftServerConfigKeys (ConfUtils.java:logGet(43)) - raft.server.storage.dir = [/workdir/hadoop-ozone/integration-test/target/test-dir/MiniOzoneClusterImpl-0f5add87-0c11-4011-93e8-a360484efc1f/datanode-4/data/ratis] (custom)
2019-08-18 03:52:28,712 INFO  storage.RaftStorageDirectory (RaftStorageDirectory.java:analyzeStorage(246)) - The storage directory /workdir/hadoop-ozone/integration-test/target/test-dir/MiniOzoneClusterImpl-0f5add87-0c11-4011-93e8-a360484efc1f/datanode-5/data/ratis/61ea4d95-16ce-49bf-be1d-90b8af4e75e2 does not exist. Creating ...
2019-08-18 03:52:28,712 INFO  storage.RaftStorageDirectory (RaftStorageDirectory.java:analyzeStorage(246)) - The storage directory /workdir/hadoop-ozone/integration-test/target/test-dir/MiniOzoneClusterImpl-0f5add87-0c11-4011-93e8-a360484efc1f/datanode-4/data/ratis/61ea4d95-16ce-49bf-be1d-90b8af4e75e2 does not exist. Creating ...
2019-08-18 03:52:28,723 INFO  storage.RaftStorageDirectory (RaftStorageDirectory.java:tryLock(328)) - Lock on /workdir/hadoop-ozone/integration-test/target/test-dir/MiniOzoneClusterImpl-0f5add87-0c11-4011-93e8-a360484efc1f/datanode-3/data/ratis/61ea4d95-16ce-49bf-be1d-90b8af4e75e2/in_use.lock acquired by nodename 2368@byscane-nightly-jvqb9-734128259
2019-08-18 03:52:28,723 INFO  storage.RaftStorageDirectory (RaftStorageDirectory.java:tryLock(328)) - Lock on /workdir/hadoop-ozone/integration-test/target/test-dir/MiniOzoneClusterImpl-0f5add87-0c11-4011-93e8-a360484efc1f/datanode-5/data/ratis/61ea4d95-16ce-49bf-be1d-90b8af4e75e2/in_use.lock acquired by nodename 2368@byscane-nightly-jvqb9-734128259
2019-08-18 03:52:28,723 INFO  storage.RaftStorageDirectory (RaftStorageDirectory.java:tryLock(328)) - Lock on /workdir/hadoop-ozone/integration-test/target/test-dir/MiniOzoneClusterImpl-0f5add87-0c11-4011-93e8-a360484efc1f/datanode-4/data/ratis/61ea4d95-16ce-49bf-be1d-90b8af4e75e2/in_use.lock acquired by nodename 2368@byscane-nightly-jvqb9-734128259
2019-08-18 03:52:28,737 INFO  storage.RaftStorage (RaftStorage.java:format(72)) - Storage directory /workdir/hadoop-ozone/integration-test/target/test-dir/MiniOzoneClusterImpl-0f5add87-0c11-4011-93e8-a360484efc1f/datanode-4/data/ratis/61ea4d95-16ce-49bf-be1d-90b8af4e75e2 has been successfully formatted.
2019-08-18 03:52:28,737 INFO  storage.RaftStorage (RaftStorage.java:format(72)) - Storage directory /workdir/hadoop-ozone/integration-test/target/test-dir/MiniOzoneClusterImpl-0f5add87-0c11-4011-93e8-a360484efc1f/datanode-5/data/ratis/61ea4d95-16ce-49bf-be1d-90b8af4e75e2 has been successfully formatted.
2019-08-18 03:52:28,737 INFO  ratis.ContainerStateMachine (ContainerStateMachine.java:loadSnapshot(213)) - group-90B8AF4E75E2: The snapshot info is null. Setting the last applied indexto:(t:0, i:~)
2019-08-18 03:52:28,737 INFO  storage.RaftStorage (RaftStorage.java:format(72)) - Storage directory /workdir/hadoop-ozone/integration-test/target/test-dir/MiniOzoneClusterImpl-0f5add87-0c11-4011-93e8-a360484efc1f/datanode-3/data/ratis/61ea4d95-16ce-49bf-be1d-90b8af4e75e2 has been successfully formatted.
2019-08-18 03:52:28,737 INFO  ratis.ContainerStateMachine (ContainerStateMachine.java:loadSnapshot(213)) - group-90B8AF4E75E2: The snapshot info is null. Setting the last applied indexto:(t:0, i:~)
2019-08-18 03:52:28,738 INFO  ratis.ContainerStateMachine (ContainerStateMachine.java:loadSnapshot(213)) - group-90B8AF4E75E2: The snapshot info is null. Setting the last applied indexto:(t:0, i:~)
2019-08-18 03:52:28,738 INFO  server.RaftServerConfigKeys (ConfUtils.java:logGet(43)) - raft.server.leader.election.timeout = 120s (custom)
2019-08-18 03:52:28,738 INFO  server.RaftServerConfigKeys (ConfUtils.java:logGet(43)) - raft.server.leader.election.timeout = 120s (custom)
2019-08-18 03:52:28,738 INFO  server.RaftServerConfigKeys (ConfUtils.java:logGet(43)) - raft.server.leader.election.timeout = 120s (custom)
2019-08-18 03:52:28,738 INFO  server.RaftServerConfigKeys (ConfUtils.java:logGet(43)) - raft.server.log.use.memory = false (default)
2019-08-18 03:52:28,738 INFO  server.RaftServerConfigKeys (ConfUtils.java:logGet(43)) - raft.server.log.use.memory = false (default)
2019-08-18 03:52:28,739 INFO  server.RaftServerConfigKeys (ConfUtils.java:logGet(43)) - raft.server.log.purge.gap = 1000000000 (custom)
2019-08-18 03:52:28,738 INFO  server.RaftServerConfigKeys (ConfUtils.java:logGet(43)) - raft.server.log.use.memory = false (default)
2019-08-18 03:52:28,739 INFO  server.RaftServerConfigKeys (ConfUtils.java:logGet(43)) - raft.server.log.appender.buffer.byte-limit = 33554432 (custom)
2019-08-18 03:52:28,739 INFO  server.RaftServerConfigKeys (ConfUtils.java:logGet(43)) - raft.server.log.purge.gap = 1000000000 (custom)
2019-08-18 03:52:28,739 INFO  server.RaftServerConfigKeys (ConfUtils.java:logGet(43)) - raft.server.log.segment.size.max = 1048576 (custom)
2019-08-18 03:52:28,739 INFO  server.RaftServerConfigKeys (ConfUtils.java:logGet(43)) - raft.server.log.purge.gap = 1000000000 (custom)
2019-08-18 03:52:28,740 INFO  server.RaftServerConfigKeys (ConfUtils.java:logGet(43)) - raft.server.log.segment.cache.num.max = 2 (custom)
2019-08-18 03:52:28,739 INFO  server.RaftServerConfigKeys (ConfUtils.java:logGet(43)) - raft.server.log.appender.buffer.byte-limit = 33554432 (custom)
2019-08-18 03:52:28,740 INFO  segmented.SegmentedRaftLogWorker (SegmentedRaftLogWorker.java:<init>(172)) - new e0bdcbff-667f-41c3-ad1f-791ce553c40c-SegmentedRaftLogWorker:Storage Directory /workdir/hadoop-ozone/integration-test/target/test-dir/MiniOzoneClusterImpl-0f5add87-0c11-4011-93e8-a360484efc1f/datanode-3/data/ratis/61ea4d95-16ce-49bf-be1d-90b8af4e75e2 for RaftStorage:Storage Directory /workdir/hadoop-ozone/integration-test/target/test-dir/MiniOzoneClusterImpl-0f5add87-0c11-4011-93e8-a360484efc1f/datanode-3/data/ratis/61ea4d95-16ce-49bf-be1d-90b8af4e75e2
2019-08-18 03:52:28,740 INFO  server.RaftServerConfigKeys (ConfUtils.java:logGet(43)) - raft.server.log.appender.buffer.byte-limit = 33554432 (custom)
2019-08-18 03:52:28,740 INFO  server.RaftServerConfigKeys (ConfUtils.java:logGet(43)) - raft.server.log.queue.byte-limit = 2147483647 (custom)
2019-08-18 03:52:28,740 INFO  server.RaftServerConfigKeys (ConfUtils.java:logGet(43)) - raft.server.log.segment.size.max = 1048576 (custom)
2019-08-18 03:52:28,741 INFO  server.RaftServerConfigKeys (ConfUtils.java:logGet(43)) - raft.server.log.queue.element-limit = 1024 (custom)
2019-08-18 03:52:28,740 INFO  server.RaftServerConfigKeys (ConfUtils.java:logGet(43)) - raft.server.log.segment.size.max = 1048576 (custom)
2019-08-18 03:52:28,741 INFO  server.RaftServerConfigKeys (ConfUtils.java:logGet(43)) - raft.server.log.segment.size.max = 1048576 (custom)
2019-08-18 03:52:28,741 INFO  server.RaftServerConfigKeys (ConfUtils.java:logGet(43)) - raft.server.log.preallocated.size = 16384 (custom)
2019-08-18 03:52:28,741 INFO  server.RaftServerConfigKeys (ConfUtils.java:logGet(43)) - raft.server.log.segment.cache.num.max = 2 (custom)
2019-08-18 03:52:28,741 INFO  server.RaftServerConfigKeys (ConfUtils.java:logGet(43)) - raft.server.log.write.buffer.size = 33554432 (custom)
2019-08-18 03:52:28,741 INFO  server.RaftServerConfigKeys (ConfUtils.java:logGet(43)) - raft.server.log.segment.cache.num.max = 2 (custom)
2019-08-18 03:52:28,742 INFO  server.RaftServerConfigKeys (ConfUtils.java:logGet(43)) - raft.server.log.force.sync.num = 128 (default)
2019-08-18 03:52:28,742 INFO  segmented.SegmentedRaftLogWorker (SegmentedRaftLogWorker.java:<init>(172)) - new 55f42c00-1b28-4f45-b737-7e010e517182-SegmentedRaftLogWorker:Storage Directory /workdir/hadoop-ozone/integration-test/target/test-dir/MiniOzoneClusterImpl-0f5add87-0c11-4011-93e8-a360484efc1f/datanode-4/data/ratis/61ea4d95-16ce-49bf-be1d-90b8af4e75e2 for RaftStorage:Storage Directory /workdir/hadoop-ozone/integration-test/target/test-dir/MiniOzoneClusterImpl-0f5add87-0c11-4011-93e8-a360484efc1f/datanode-4/data/ratis/61ea4d95-16ce-49bf-be1d-90b8af4e75e2
2019-08-18 03:52:28,742 INFO  server.RaftServerConfigKeys (ConfUtils.java:logGet(43)) - raft.server.log.statemachine.data.sync = true (default)
2019-08-18 03:52:28,742 INFO  segmented.SegmentedRaftLogWorker (SegmentedRaftLogWorker.java:<init>(172)) - new fff5aa8a-9f35-47d4-ab2a-a764a6e25882-SegmentedRaftLogWorker:Storage Directory /workdir/hadoop-ozone/integration-test/target/test-dir/MiniOzoneClusterImpl-0f5add87-0c11-4011-93e8-a360484efc1f/datanode-5/data/ratis/61ea4d95-16ce-49bf-be1d-90b8af4e75e2 for RaftStorage:Storage Directory /workdir/hadoop-ozone/integration-test/target/test-dir/MiniOzoneClusterImpl-0f5add87-0c11-4011-93e8-a360484efc1f/datanode-5/data/ratis/61ea4d95-16ce-49bf-be1d-90b8af4e75e2
2019-08-18 03:52:28,742 INFO  server.RaftServerConfigKeys (ConfUtils.java:logGet(43)) - raft.server.log.statemachine.data.sync.timeout = 10s (default)
2019-08-18 03:52:28,742 INFO  server.RaftServerConfigKeys (ConfUtils.java:logGet(43)) - raft.server.log.queue.byte-limit = 2147483647 (custom)
2019-08-18 03:52:28,743 INFO  server.RaftServerConfigKeys (ConfUtils.java:logGet(43)) - raft.server.log.statemachine.data.sync.timeout.retry = -1 (default)
2019-08-18 03:52:28,743 INFO  server.RaftServerConfigKeys (ConfUtils.java:logGet(43)) - raft.server.log.queue.byte-limit = 2147483647 (custom)
2019-08-18 03:52:28,743 INFO  server.RaftServerConfigKeys (ConfUtils.java:logGet(43)) - raft.server.log.statemachine.data.caching.enabled = true (custom)
2019-08-18 03:52:28,743 INFO  server.RaftServerConfigKeys (ConfUtils.java:logGet(43)) - raft.server.log.queue.element-limit = 1024 (custom)
2019-08-18 03:52:28,743 INFO  server.RaftServerConfigKeys (ConfUtils.java:logGet(43)) - raft.server.log.queue.element-limit = 1024 (custom)
2019-08-18 03:52:28,743 INFO  server.RaftServerConfigKeys (ConfUtils.java:logGet(43)) - raft.server.log.segment.size.max = 1048576 (custom)
2019-08-18 03:52:28,743 INFO  segmented.SegmentedRaftLogWorker (SegmentedRaftLogWorker.java:lambda$new$0(132)) - e0bdcbff-667f-41c3-ad1f-791ce553c40c-SegmentedRaftLogWorker:Storage Directory /workdir/hadoop-ozone/integration-test/target/test-dir/MiniOzoneClusterImpl-0f5add87-0c11-4011-93e8-a360484efc1f/datanode-3/data/ratis/61ea4d95-16ce-49bf-be1d-90b8af4e75e2: flushIndex: setUnconditionally 0 -> -1
2019-08-18 03:52:28,744 INFO  server.RaftServerConfigKeys (ConfUtils.java:logGet(43)) - raft.server.log.preallocated.size = 16384 (custom)
2019-08-18 03:52:28,744 INFO  server.RaftServerConfigKeys (ConfUtils.java:logGet(43)) - raft.server.log.segment.size.max = 1048576 (custom)
2019-08-18 03:52:28,744 INFO  server.RaftServerConfigKeys (ConfUtils.java:logGet(43)) - raft.server.snapshot.auto.trigger.enabled = true (custom)
2019-08-18 03:52:28,744 INFO  server.RaftServerConfigKeys (ConfUtils.java:logGet(43)) - raft.server.log.write.buffer.size = 33554432 (custom)
2019-08-18 03:52:28,744 INFO  server.RaftServerConfigKeys (ConfUtils.java:logGet(43)) - raft.server.snapshot.auto.trigger.threshold = 10000 (custom)
2019-08-18 03:52:28,745 INFO  server.RaftServerConfigKeys (ConfUtils.java:logGet(43)) - raft.server.log.force.sync.num = 128 (default)
2019-08-18 03:52:28,744 INFO  server.RaftServerConfigKeys (ConfUtils.java:logGet(43)) - raft.server.log.preallocated.size = 16384 (custom)
2019-08-18 03:52:28,745 INFO  server.RaftServerConfigKeys (ConfUtils.java:logGet(43)) - raft.server.log.statemachine.data.sync = true (default)
2019-08-18 03:52:28,745 INFO  server.RaftServerConfigKeys (ConfUtils.java:logGet(43)) - raft.server.retrycache.expirytime = 600000ms (custom)
2019-08-18 03:52:28,745 INFO  server.RaftServerConfigKeys (ConfUtils.java:logGet(43)) - raft.server.log.statemachine.data.sync.timeout = 10s (default)
2019-08-18 03:52:28,745 INFO  server.RaftServerConfigKeys (ConfUtils.java:logGet(43)) - raft.server.log.write.buffer.size = 33554432 (custom)
2019-08-18 03:52:28,746 INFO  server.RaftServerConfigKeys (ConfUtils.java:logGet(43)) - raft.server.log.statemachine.data.sync.timeout.retry = -1 (default)
2019-08-18 03:52:28,746 INFO  impl.RaftServerImpl (RaftServerImpl.java:start(180)) - e0bdcbff-667f-41c3-ad1f-791ce553c40c: start group-90B8AF4E75E2
2019-08-18 03:52:28,746 INFO  server.RaftServerConfigKeys (ConfUtils.java:logGet(43)) - raft.server.log.statemachine.data.caching.enabled = true (custom)
2019-08-18 03:52:28,746 INFO  server.RaftServerConfigKeys (ConfUtils.java:logGet(43)) - raft.server.log.force.sync.num = 128 (default)
2019-08-18 03:52:28,746 INFO  impl.RaftServerImpl (RaftServerImpl.java:setRole(171)) - e0bdcbff-667f-41c3-ad1f-791ce553c40c:group-90B8AF4E75E2 changes role from null to FOLLOWER at term 0 for startAsFollower
2019-08-18 03:52:28,746 INFO  server.RaftServerConfigKeys (ConfUtils.java:logGet(43)) - raft.server.log.statemachine.data.sync = true (default)
2019-08-18 03:52:28,746 INFO  segmented.SegmentedRaftLogWorker (SegmentedRaftLogWorker.java:lambda$new$0(132)) - 55f42c00-1b28-4f45-b737-7e010e517182-SegmentedRaftLogWorker:Storage Directory /workdir/hadoop-ozone/integration-test/target/test-dir/MiniOzoneClusterImpl-0f5add87-0c11-4011-93e8-a360484efc1f/datanode-4/data/ratis/61ea4d95-16ce-49bf-be1d-90b8af4e75e2: flushIndex: setUnconditionally 0 -> -1
2019-08-18 03:52:28,747 INFO  server.RaftServerConfigKeys (ConfUtils.java:logGet(43)) - raft.server.log.statemachine.data.sync.timeout = 10s (default)
2019-08-18 03:52:28,747 INFO  impl.RoleInfo (RoleInfo.java:updateAndGet(143)) - e0bdcbff-667f-41c3-ad1f-791ce553c40c: start FollowerState
2019-08-18 03:52:28,747 INFO  server.RaftServerConfigKeys (ConfUtils.java:logGet(43)) - raft.server.snapshot.auto.trigger.enabled = true (custom)
2019-08-18 03:52:28,747 INFO  server.RaftServerConfigKeys (ConfUtils.java:logGet(43)) - raft.server.log.statemachine.data.sync.timeout.retry = -1 (default)
2019-08-18 03:52:28,748 INFO  util.JmxRegister (JmxRegister.java:tryRegister(44)) - Successfully registered JMX Bean with object name Ratis:service=RaftServer,group=group-90B8AF4E75E2,id=e0bdcbff-667f-41c3-ad1f-791ce553c40c
2019-08-18 03:52:28,747 INFO  server.RaftServerConfigKeys (ConfUtils.java:logGet(43)) - raft.server.snapshot.auto.trigger.threshold = 10000 (custom)
2019-08-18 03:52:28,748 INFO  server.RaftServerConfigKeys (ConfUtils.java:logGet(43)) - raft.server.log.statemachine.data.caching.enabled = true (custom)
2019-08-18 03:52:28,748 INFO  server.RaftServerConfigKeys (ConfUtils.java:logGet(43)) - raft.server.retrycache.expirytime = 600000ms (custom)
2019-08-18 03:52:28,748 INFO  segmented.SegmentedRaftLogWorker (SegmentedRaftLogWorker.java:lambda$new$0(132)) - fff5aa8a-9f35-47d4-ab2a-a764a6e25882-SegmentedRaftLogWorker:Storage Directory /workdir/hadoop-ozone/integration-test/target/test-dir/MiniOzoneClusterImpl-0f5add87-0c11-4011-93e8-a360484efc1f/datanode-5/data/ratis/61ea4d95-16ce-49bf-be1d-90b8af4e75e2: flushIndex: setUnconditionally 0 -> -1
2019-08-18 03:52:28,748 INFO  impl.RaftServerImpl (RaftServerImpl.java:start(180)) - 55f42c00-1b28-4f45-b737-7e010e517182: start group-90B8AF4E75E2
2019-08-18 03:52:28,749 INFO  impl.RaftServerImpl (RaftServerImpl.java:setRole(171)) - 55f42c00-1b28-4f45-b737-7e010e517182:group-90B8AF4E75E2 changes role from null to FOLLOWER at term 0 for startAsFollower
2019-08-18 03:52:28,749 INFO  server.RaftServerConfigKeys (ConfUtils.java:logGet(43)) - raft.server.snapshot.auto.trigger.enabled = true (custom)
2019-08-18 03:52:28,749 INFO  impl.RoleInfo (RoleInfo.java:updateAndGet(143)) - 55f42c00-1b28-4f45-b737-7e010e517182: start FollowerState
2019-08-18 03:52:28,749 INFO  server.RaftServerConfigKeys (ConfUtils.java:logGet(43)) - raft.server.snapshot.auto.trigger.threshold = 10000 (custom)
2019-08-18 03:52:28,749 INFO  server.RaftServerConfigKeys (ConfUtils.java:logGet(43)) - raft.server.retrycache.expirytime = 600000ms (custom)
2019-08-18 03:52:28,749 INFO  util.JmxRegister (JmxRegister.java:tryRegister(44)) - Successfully registered JMX Bean with object name Ratis:service=RaftServer,group=group-90B8AF4E75E2,id=55f42c00-1b28-4f45-b737-7e010e517182
2019-08-18 03:52:28,750 INFO  impl.RaftServerImpl (RaftServerImpl.java:start(180)) - fff5aa8a-9f35-47d4-ab2a-a764a6e25882: start group-90B8AF4E75E2
2019-08-18 03:52:28,750 INFO  impl.RaftServerImpl (RaftServerImpl.java:setRole(171)) - fff5aa8a-9f35-47d4-ab2a-a764a6e25882:group-90B8AF4E75E2 changes role from null to FOLLOWER at term 0 for startAsFollower
2019-08-18 03:52:28,750 INFO  impl.RoleInfo (RoleInfo.java:updateAndGet(143)) - fff5aa8a-9f35-47d4-ab2a-a764a6e25882: start FollowerState
2019-08-18 03:52:28,750 INFO  util.JmxRegister (JmxRegister.java:tryRegister(44)) - Successfully registered JMX Bean with object name Ratis:service=RaftServer,group=group-90B8AF4E75E2,id=fff5aa8a-9f35-47d4-ab2a-a764a6e25882
2019-08-18 03:52:28,753 INFO  pipeline.PipelineStateManager (PipelineStateManager.java:addPipeline(56)) - Created pipeline Pipeline[ Id: 61ea4d95-16ce-49bf-be1d-90b8af4e75e2, Nodes: fff5aa8a-9f35-47d4-ab2a-a764a6e25882{ip: 192.168.69.121, host: byscane-nightly-jvqb9-734128259, networkLocation: /default-rack, certSerialId: null}e0bdcbff-667f-41c3-ad1f-791ce553c40c{ip: 192.168.69.121, host: byscane-nightly-jvqb9-734128259, networkLocation: /default-rack, certSerialId: null}55f42c00-1b28-4f45-b737-7e010e517182{ip: 192.168.69.121, host: byscane-nightly-jvqb9-734128259, networkLocation: /default-rack, certSerialId: null}, Type:RATIS, Factor:THREE, State:OPEN]
2019-08-18 03:52:28,819 INFO  ozone.MiniOzoneClusterImpl (MiniOzoneClusterImpl.java:lambda$waitForClusterToBeReady$0(142)) - Waiting for cluster to be ready. Got 6 of 7 DN Heartbeats.
2019-08-18 03:52:28,821 INFO  net.NetworkTopology (NetworkTopologyImpl.java:add(110)) - Added a new node: /default-rack/5a79ed89-f4f5-4cd9-8c3c-0b581ab6347d
2019-08-18 03:52:28,822 INFO  node.SCMNodeManager (SCMNodeManager.java:register(273)) - Registered Data node : 5a79ed89-f4f5-4cd9-8c3c-0b581ab6347d{ip: 192.168.69.121, host: byscane-nightly-jvqb9-734128259, networkLocation: /default-rack, certSerialId: null}
2019-08-18 03:52:28,833 INFO  impl.RaftServerProxy (RaftServerProxy.java:addNew(89)) - 5a79ed89-f4f5-4cd9-8c3c-0b581ab6347d: addNew group-46FCC7582597:[5a79ed89-f4f5-4cd9-8c3c-0b581ab6347d:192.168.69.121:40242] returns group-46FCC7582597:java.util.concurrent.CompletableFuture@3f9f8e0e[Not completed]
2019-08-18 03:52:28,838 INFO  impl.RaftServerImpl (RaftServerImpl.java:<init>(93)) - 5a79ed89-f4f5-4cd9-8c3c-0b581ab6347d: new RaftServerImpl for group-46FCC7582597:[5a79ed89-f4f5-4cd9-8c3c-0b581ab6347d:192.168.69.121:40242] with ContainerStateMachine:uninitialized
2019-08-18 03:52:28,839 INFO  server.RaftServerConfigKeys (ConfUtils.java:logGet(43)) - raft.server.rpc.timeout.min = 5s (custom)
2019-08-18 03:52:28,839 INFO  server.RaftServerConfigKeys (ConfUtils.java:logGet(43)) - raft.server.rpc.timeout.max = 5200ms (custom)
2019-08-18 03:52:28,839 INFO  server.RaftServerConfigKeys (ConfUtils.java:logGet(43)) - raft.server.rpcslowness.timeout = 120s (custom)
2019-08-18 03:52:28,839 INFO  server.RaftServerConfigKeys (ConfUtils.java:logGet(43)) - raft.server.sleep.deviation.threshold = 300 (default)
2019-08-18 03:52:28,839 INFO  server.RaftServerConfigKeys (ConfUtils.java:logGet(43)) - raft.server.log.appender.install.snapshot.enabled = false (custom)
2019-08-18 03:52:28,840 INFO  impl.RaftServerImpl (ServerState.java:<init>(105)) - 5a79ed89-f4f5-4cd9-8c3c-0b581ab6347d:group-46FCC7582597 ConfigurationManager, init=-1: [5a79ed89-f4f5-4cd9-8c3c-0b581ab6347d:192.168.69.121:40242], old=null, confs=<EMPTY_MAP>
2019-08-18 03:52:28,840 INFO  server.RaftServerConfigKeys (ConfUtils.java:logGet(43)) - raft.server.storage.dir = [/workdir/hadoop-ozone/integration-test/target/test-dir/MiniOzoneClusterImpl-0f5add87-0c11-4011-93e8-a360484efc1f/datanode-6/data/ratis] (custom)
2019-08-18 03:52:28,840 INFO  storage.RaftStorageDirectory (RaftStorageDirectory.java:analyzeStorage(246)) - The storage directory /workdir/hadoop-ozone/integration-test/target/test-dir/MiniOzoneClusterImpl-0f5add87-0c11-4011-93e8-a360484efc1f/datanode-6/data/ratis/d6236f59-b047-4ca9-a806-46fcc7582597 does not exist. Creating ...
2019-08-18 03:52:28,854 INFO  storage.RaftStorageDirectory (RaftStorageDirectory.java:tryLock(328)) - Lock on /workdir/hadoop-ozone/integration-test/target/test-dir/MiniOzoneClusterImpl-0f5add87-0c11-4011-93e8-a360484efc1f/datanode-6/data/ratis/d6236f59-b047-4ca9-a806-46fcc7582597/in_use.lock acquired by nodename 2368@byscane-nightly-jvqb9-734128259
2019-08-18 03:52:28,868 INFO  storage.RaftStorage (RaftStorage.java:format(72)) - Storage directory /workdir/hadoop-ozone/integration-test/target/test-dir/MiniOzoneClusterImpl-0f5add87-0c11-4011-93e8-a360484efc1f/datanode-6/data/ratis/d6236f59-b047-4ca9-a806-46fcc7582597 has been successfully formatted.
2019-08-18 03:52:28,868 INFO  ratis.ContainerStateMachine (ContainerStateMachine.java:loadSnapshot(213)) - group-46FCC7582597: The snapshot info is null. Setting the last applied indexto:(t:0, i:~)
2019-08-18 03:52:28,868 INFO  server.RaftServerConfigKeys (ConfUtils.java:logGet(43)) - raft.server.leader.election.timeout = 120s (custom)
2019-08-18 03:52:28,868 INFO  server.RaftServerConfigKeys (ConfUtils.java:logGet(43)) - raft.server.log.use.memory = false (default)
2019-08-18 03:52:28,868 INFO  server.RaftServerConfigKeys (ConfUtils.java:logGet(43)) - raft.server.log.purge.gap = 1000000000 (custom)
2019-08-18 03:52:28,869 INFO  server.RaftServerConfigKeys (ConfUtils.java:logGet(43)) - raft.server.log.appender.buffer.byte-limit = 33554432 (custom)
2019-08-18 03:52:28,869 INFO  server.RaftServerConfigKeys (ConfUtils.java:logGet(43)) - raft.server.log.segment.size.max = 1048576 (custom)
2019-08-18 03:52:28,869 INFO  server.RaftServerConfigKeys (ConfUtils.java:logGet(43)) - raft.server.log.segment.cache.num.max = 2 (custom)
2019-08-18 03:52:28,869 INFO  segmented.SegmentedRaftLogWorker (SegmentedRaftLogWorker.java:<init>(172)) - new 5a79ed89-f4f5-4cd9-8c3c-0b581ab6347d-SegmentedRaftLogWorker:Storage Directory /workdir/hadoop-ozone/integration-test/target/test-dir/MiniOzoneClusterImpl-0f5add87-0c11-4011-93e8-a360484efc1f/datanode-6/data/ratis/d6236f59-b047-4ca9-a806-46fcc7582597 for RaftStorage:Storage Directory /workdir/hadoop-ozone/integration-test/target/test-dir/MiniOzoneClusterImpl-0f5add87-0c11-4011-93e8-a360484efc1f/datanode-6/data/ratis/d6236f59-b047-4ca9-a806-46fcc7582597
2019-08-18 03:52:28,869 INFO  server.RaftServerConfigKeys (ConfUtils.java:logGet(43)) - raft.server.log.queue.byte-limit = 2147483647 (custom)
2019-08-18 03:52:28,870 INFO  server.RaftServerConfigKeys (ConfUtils.java:logGet(43)) - raft.server.log.queue.element-limit = 1024 (custom)
2019-08-18 03:52:28,870 INFO  server.RaftServerConfigKeys (ConfUtils.java:logGet(43)) - raft.server.log.segment.size.max = 1048576 (custom)
2019-08-18 03:52:28,870 INFO  server.RaftServerConfigKeys (ConfUtils.java:logGet(43)) - raft.server.log.preallocated.size = 16384 (custom)
2019-08-18 03:52:28,870 INFO  server.RaftServerConfigKeys (ConfUtils.java:logGet(43)) - raft.server.log.write.buffer.size = 33554432 (custom)
2019-08-18 03:52:28,870 INFO  server.RaftServerConfigKeys (ConfUtils.java:logGet(43)) - raft.server.log.force.sync.num = 128 (default)
2019-08-18 03:52:28,870 INFO  server.RaftServerConfigKeys (ConfUtils.java:logGet(43)) - raft.server.log.statemachine.data.sync = true (default)
2019-08-18 03:52:28,871 INFO  server.RaftServerConfigKeys (ConfUtils.java:logGet(43)) - raft.server.log.statemachine.data.sync.timeout = 10s (default)
2019-08-18 03:52:28,871 INFO  server.RaftServerConfigKeys (ConfUtils.java:logGet(43)) - raft.server.log.statemachine.data.sync.timeout.retry = -1 (default)
2019-08-18 03:52:28,871 INFO  server.RaftServerConfigKeys (ConfUtils.java:logGet(43)) - raft.server.log.statemachine.data.caching.enabled = true (custom)
2019-08-18 03:52:28,872 INFO  segmented.SegmentedRaftLogWorker (SegmentedRaftLogWorker.java:lambda$new$0(132)) - 5a79ed89-f4f5-4cd9-8c3c-0b581ab6347d-SegmentedRaftLogWorker:Storage Directory /workdir/hadoop-ozone/integration-test/target/test-dir/MiniOzoneClusterImpl-0f5add87-0c11-4011-93e8-a360484efc1f/datanode-6/data/ratis/d6236f59-b047-4ca9-a806-46fcc7582597: flushIndex: setUnconditionally 0 -> -1
2019-08-18 03:52:28,872 INFO  server.RaftServerConfigKeys (ConfUtils.java:logGet(43)) - raft.server.snapshot.auto.trigger.enabled = true (custom)
2019-08-18 03:52:28,872 INFO  server.RaftServerConfigKeys (ConfUtils.java:logGet(43)) - raft.server.snapshot.auto.trigger.threshold = 10000 (custom)
2019-08-18 03:52:28,872 INFO  server.RaftServerConfigKeys (ConfUtils.java:logGet(43)) - raft.server.retrycache.expirytime = 600000ms (custom)
2019-08-18 03:52:28,873 INFO  impl.RaftServerImpl (RaftServerImpl.java:start(180)) - 5a79ed89-f4f5-4cd9-8c3c-0b581ab6347d: start group-46FCC7582597
2019-08-18 03:52:28,873 INFO  impl.RaftServerImpl (RaftServerImpl.java:setRole(171)) - 5a79ed89-f4f5-4cd9-8c3c-0b581ab6347d:group-46FCC7582597 changes role from null to FOLLOWER at term 0 for startAsFollower
2019-08-18 03:52:28,873 INFO  impl.RoleInfo (RoleInfo.java:updateAndGet(143)) - 5a79ed89-f4f5-4cd9-8c3c-0b581ab6347d: start FollowerState
2019-08-18 03:52:28,873 INFO  util.JmxRegister (JmxRegister.java:tryRegister(44)) - Successfully registered JMX Bean with object name Ratis:service=RaftServer,group=group-46FCC7582597,id=5a79ed89-f4f5-4cd9-8c3c-0b581ab6347d
2019-08-18 03:52:28,876 INFO  pipeline.PipelineStateManager (PipelineStateManager.java:addPipeline(56)) - Created pipeline Pipeline[ Id: d6236f59-b047-4ca9-a806-46fcc7582597, Nodes: 5a79ed89-f4f5-4cd9-8c3c-0b581ab6347d{ip: 192.168.69.121, host: byscane-nightly-jvqb9-734128259, networkLocation: /default-rack, certSerialId: null}, Type:RATIS, Factor:ONE, State:OPEN]
2019-08-18 03:52:29,819 INFO  ozone.MiniOzoneClusterImpl (MiniOzoneClusterImpl.java:lambda$waitForClusterToBeReady$0(142)) - Cluster is ready. Got 7 of 7 DN Heartbeats.
2019-08-18 03:52:29,867 INFO  rpc.RpcClient (RpcClient.java:createVolume(288)) - Creating Volume: testblockoutputstreamwithretries, with jenkins1000 as owner.
2019-08-18 03:52:29,892 INFO  rpc.RpcClient (RpcClient.java:createBucket(427)) - Creating Bucket: testblockoutputstreamwithretries/testblockoutputstreamwithretries, with Versioning false and Storage Type set to DISK and Encryption set to false 
2019-08-18 03:52:29,938 INFO  client.GrpcClientProtocolClient (GrpcClientProtocolClient.java:onNext(255)) - client-3D58899A9696->bedc83fc-80bb-46d5-9978-f874350dfebb: receive RaftClientReply:client-3D58899A9696->bedc83fc-80bb-46d5-9978-f874350dfebb@group-77C134CF9127, cid=42, FAILED org.apache.ratis.protocol.NotLeaderException: Server bedc83fc-80bb-46d5-9978-f874350dfebb is not the leader (null). Request must be sent to leader., logIndex=0, commits[bedc83fc-80bb-46d5-9978-f874350dfebb:c-1]
2019-08-18 03:52:30,623 INFO  container.ReplicationManager (ReplicationManager.java:start(152)) - Starting Replication Monitor Thread.
2019-08-18 03:52:30,628 INFO  container.ReplicationManager (ReplicationManager.java:run(215)) - Replication Monitor Thread took 0 milliseconds for processing 3 containers.
2019-08-18 03:52:30,969 INFO  client.GrpcClientProtocolClient (GrpcClientProtocolClient.java:onNext(255)) - client-3D58899A9696->edfea4d6-7835-43b7-9134-afe94d20d7b8: receive RaftClientReply:client-3D58899A9696->edfea4d6-7835-43b7-9134-afe94d20d7b8@group-77C134CF9127, cid=42, FAILED org.apache.ratis.protocol.NotLeaderException: Server edfea4d6-7835-43b7-9134-afe94d20d7b8 is not the leader (null). Request must be sent to leader., logIndex=0, commits[edfea4d6-7835-43b7-9134-afe94d20d7b8:c-1]
2019-08-18 03:52:31,994 INFO  client.GrpcClientProtocolClient (GrpcClientProtocolClient.java:onNext(255)) - client-3D58899A9696->d946b57f-2ac4-4164-80e1-83456a07be7d: receive RaftClientReply:client-3D58899A9696->d946b57f-2ac4-4164-80e1-83456a07be7d@group-77C134CF9127, cid=42, FAILED org.apache.ratis.protocol.NotLeaderException: Server d946b57f-2ac4-4164-80e1-83456a07be7d is not the leader (null). Request must be sent to leader., logIndex=0, commits[d946b57f-2ac4-4164-80e1-83456a07be7d:c-1]
2019-08-18 03:52:32,747 INFO  impl.FollowerState (FollowerState.java:run(106)) - bedc83fc-80bb-46d5-9978-f874350dfebb:group-40B462DB29EB changes to CANDIDATE, lastRpcTime:5066, electionTimeout:5066ms
2019-08-18 03:52:32,748 INFO  impl.RoleInfo (RoleInfo.java:shutdownFollowerState(121)) - bedc83fc-80bb-46d5-9978-f874350dfebb: shutdown FollowerState
2019-08-18 03:52:32,748 INFO  impl.RaftServerImpl (RaftServerImpl.java:setRole(171)) - bedc83fc-80bb-46d5-9978-f874350dfebb:group-40B462DB29EB changes role from FOLLOWER to CANDIDATE at term 0 for changeToCandidate
2019-08-18 03:52:32,748 INFO  impl.RoleInfo (RoleInfo.java:updateAndGet(143)) - bedc83fc-80bb-46d5-9978-f874350dfebb: start LeaderElection
2019-08-18 03:52:32,778 INFO  impl.LeaderElection (LeaderElection.java:askForVotes(181)) - bedc83fc-80bb-46d5-9978-f874350dfebb:group-40B462DB29EB:LeaderElection15: begin an election at term 1 for -1: [bedc83fc-80bb-46d5-9978-f874350dfebb:192.168.69.121:33633], old=null
2019-08-18 03:52:32,778 INFO  impl.RoleInfo (RoleInfo.java:shutdownLeaderElection(134)) - bedc83fc-80bb-46d5-9978-f874350dfebb: shutdown LeaderElection
2019-08-18 03:52:32,778 INFO  impl.RaftServerImpl (RaftServerImpl.java:setRole(171)) - bedc83fc-80bb-46d5-9978-f874350dfebb:group-40B462DB29EB changes role from CANDIDATE to LEADER at term 1 for changeToLeader
2019-08-18 03:52:32,778 INFO  impl.RaftServerImpl (ServerState.java:setLeader(263)) - bedc83fc-80bb-46d5-9978-f874350dfebb:group-40B462DB29EB change Leader from null to bedc83fc-80bb-46d5-9978-f874350dfebb at term 1 for becomeLeader, leader elected after 5104ms
2019-08-18 03:52:32,781 INFO  server.RaftServerConfigKeys (ConfUtils.java:logGet(43)) - raft.server.staging.catchup.gap = 1000 (default)
2019-08-18 03:52:32,781 INFO  server.RaftServerConfigKeys (ConfUtils.java:logGet(43)) - raft.server.rpc.sleep.time = 25ms (default)
2019-08-18 03:52:32,781 INFO  server.RaftServerConfigKeys (ConfUtils.java:logGet(43)) - raft.server.write.element-limit = 4096 (default)
2019-08-18 03:52:32,781 INFO  server.RaftServerConfigKeys (ConfUtils.java:logGet(43)) - raft.server.watch.timeout = 10s (default)
2019-08-18 03:52:32,781 INFO  server.RaftServerConfigKeys (ConfUtils.java:logGet(43)) - raft.server.watch.timeout.denomination = 1s (default)
2019-08-18 03:52:32,782 INFO  server.RaftServerConfigKeys (ConfUtils.java:logGet(43)) - raft.server.watch.element-limit = 65536 (default)
2019-08-18 03:52:32,782 INFO  impl.RoleInfo (RoleInfo.java:updateAndGet(143)) - bedc83fc-80bb-46d5-9978-f874350dfebb: start LeaderState
2019-08-18 03:52:32,782 INFO  segmented.SegmentedRaftLogWorker (SegmentedRaftLogWorker.java:startLogSegment(380)) - bedc83fc-80bb-46d5-9978-f874350dfebb-SegmentedRaftLogWorker:Storage Directory /workdir/hadoop-ozone/integration-test/target/test-dir/MiniOzoneClusterImpl-0f5add87-0c11-4011-93e8-a360484efc1f/datanode-0/data/ratis/240482f7-5ecd-4a16-be40-40b462db29eb: Starting segment from index:0
2019-08-18 03:52:32,783 INFO  impl.RaftServerImpl (ServerState.java:setRaftConf(361)) - bedc83fc-80bb-46d5-9978-f874350dfebb:group-40B462DB29EB set configuration 0: [bedc83fc-80bb-46d5-9978-f874350dfebb:192.168.69.121:33633], old=null at 0
2019-08-18 03:52:32,816 INFO  segmented.SegmentedRaftLogWorker (SegmentedRaftLogWorker.java:execute(569)) - bedc83fc-80bb-46d5-9978-f874350dfebb-SegmentedRaftLogWorker:Storage Directory /workdir/hadoop-ozone/integration-test/target/test-dir/MiniOzoneClusterImpl-0f5add87-0c11-4011-93e8-a360484efc1f/datanode-0/data/ratis/240482f7-5ecd-4a16-be40-40b462db29eb: created new log segment /workdir/hadoop-ozone/integration-test/target/test-dir/MiniOzoneClusterImpl-0f5add87-0c11-4011-93e8-a360484efc1f/datanode-0/data/ratis/240482f7-5ecd-4a16-be40-40b462db29eb/current/log_inprogress_0
2019-08-18 03:52:32,922 INFO  impl.FollowerState (FollowerState.java:run(106)) - d946b57f-2ac4-4164-80e1-83456a07be7d:group-17D99F4483FA changes to CANDIDATE, lastRpcTime:5078, electionTimeout:5078ms
2019-08-18 03:52:32,922 INFO  impl.RoleInfo (RoleInfo.java:shutdownFollowerState(121)) - d946b57f-2ac4-4164-80e1-83456a07be7d: shutdown FollowerState
2019-08-18 03:52:32,922 INFO  impl.RaftServerImpl (RaftServerImpl.java:setRole(171)) - d946b57f-2ac4-4164-80e1-83456a07be7d:group-17D99F4483FA changes role from FOLLOWER to CANDIDATE at term 0 for changeToCandidate
2019-08-18 03:52:32,922 INFO  impl.RoleInfo (RoleInfo.java:updateAndGet(143)) - d946b57f-2ac4-4164-80e1-83456a07be7d: start LeaderElection
2019-08-18 03:52:32,944 INFO  impl.LeaderElection (LeaderElection.java:askForVotes(181)) - d946b57f-2ac4-4164-80e1-83456a07be7d:group-17D99F4483FA:LeaderElection16: begin an election at term 1 for -1: [d946b57f-2ac4-4164-80e1-83456a07be7d:192.168.69.121:40839], old=null
2019-08-18 03:52:32,944 INFO  impl.RoleInfo (RoleInfo.java:shutdownLeaderElection(134)) - d946b57f-2ac4-4164-80e1-83456a07be7d: shutdown LeaderElection
2019-08-18 03:52:32,944 INFO  impl.RaftServerImpl (RaftServerImpl.java:setRole(171)) - d946b57f-2ac4-4164-80e1-83456a07be7d:group-17D99F4483FA changes role from CANDIDATE to LEADER at term 1 for changeToLeader
2019-08-18 03:52:32,944 INFO  impl.RaftServerImpl (ServerState.java:setLeader(263)) - d946b57f-2ac4-4164-80e1-83456a07be7d:group-17D99F4483FA change Leader from null to d946b57f-2ac4-4164-80e1-83456a07be7d at term 1 for becomeLeader, leader elected after 5106ms
2019-08-18 03:52:32,946 INFO  server.RaftServerConfigKeys (ConfUtils.java:logGet(43)) - raft.server.staging.catchup.gap = 1000 (default)
2019-08-18 03:52:32,947 INFO  server.RaftServerConfigKeys (ConfUtils.java:logGet(43)) - raft.server.rpc.sleep.time = 25ms (default)
2019-08-18 03:52:32,947 INFO  server.RaftServerConfigKeys (ConfUtils.java:logGet(43)) - raft.server.write.element-limit = 4096 (default)
2019-08-18 03:52:32,947 INFO  server.RaftServerConfigKeys (ConfUtils.java:logGet(43)) - raft.server.watch.timeout = 10s (default)
2019-08-18 03:52:32,947 INFO  server.RaftServerConfigKeys (ConfUtils.java:logGet(43)) - raft.server.watch.timeout.denomination = 1s (default)
2019-08-18 03:52:32,947 INFO  server.RaftServerConfigKeys (ConfUtils.java:logGet(43)) - raft.server.watch.element-limit = 65536 (default)
2019-08-18 03:52:32,948 INFO  impl.RoleInfo (RoleInfo.java:updateAndGet(143)) - d946b57f-2ac4-4164-80e1-83456a07be7d: start LeaderState
2019-08-18 03:52:32,948 INFO  segmented.SegmentedRaftLogWorker (SegmentedRaftLogWorker.java:startLogSegment(380)) - d946b57f-2ac4-4164-80e1-83456a07be7d-SegmentedRaftLogWorker:Storage Directory /workdir/hadoop-ozone/integration-test/target/test-dir/MiniOzoneClusterImpl-0f5add87-0c11-4011-93e8-a360484efc1f/datanode-1/data/ratis/b99524b5-b0c2-4b25-b1c4-17d99f4483fa: Starting segment from index:0
2019-08-18 03:52:32,949 INFO  impl.RaftServerImpl (ServerState.java:setRaftConf(361)) - d946b57f-2ac4-4164-80e1-83456a07be7d:group-17D99F4483FA set configuration 0: [d946b57f-2ac4-4164-80e1-83456a07be7d:192.168.69.121:40839], old=null at 0
2019-08-18 03:52:32,983 INFO  segmented.SegmentedRaftLogWorker (SegmentedRaftLogWorker.java:execute(569)) - d946b57f-2ac4-4164-80e1-83456a07be7d-SegmentedRaftLogWorker:Storage Directory /workdir/hadoop-ozone/integration-test/target/test-dir/MiniOzoneClusterImpl-0f5add87-0c11-4011-93e8-a360484efc1f/datanode-1/data/ratis/b99524b5-b0c2-4b25-b1c4-17d99f4483fa: created new log segment /workdir/hadoop-ozone/integration-test/target/test-dir/MiniOzoneClusterImpl-0f5add87-0c11-4011-93e8-a360484efc1f/datanode-1/data/ratis/b99524b5-b0c2-4b25-b1c4-17d99f4483fa/current/log_inprogress_0
2019-08-18 03:52:33,013 INFO  client.GrpcClientProtocolClient (GrpcClientProtocolClient.java:onNext(255)) - client-3D58899A9696->bedc83fc-80bb-46d5-9978-f874350dfebb: receive RaftClientReply:client-3D58899A9696->bedc83fc-80bb-46d5-9978-f874350dfebb@group-77C134CF9127, cid=42, FAILED org.apache.ratis.protocol.NotLeaderException: Server bedc83fc-80bb-46d5-9978-f874350dfebb is not the leader (null). Request must be sent to leader., logIndex=0, commits[bedc83fc-80bb-46d5-9978-f874350dfebb:c-1]
2019-08-18 03:52:33,173 INFO  impl.FollowerState (FollowerState.java:run(106)) - bedc83fc-80bb-46d5-9978-f874350dfebb:group-77C134CF9127 changes to CANDIDATE, lastRpcTime:5050, electionTimeout:5050ms
2019-08-18 03:52:33,173 INFO  impl.RoleInfo (RoleInfo.java:shutdownFollowerState(121)) - bedc83fc-80bb-46d5-9978-f874350dfebb: shutdown FollowerState
2019-08-18 03:52:33,173 INFO  impl.RaftServerImpl (RaftServerImpl.java:setRole(171)) - bedc83fc-80bb-46d5-9978-f874350dfebb:group-77C134CF9127 changes role from FOLLOWER to CANDIDATE at term 0 for changeToCandidate
2019-08-18 03:52:33,173 INFO  impl.RoleInfo (RoleInfo.java:updateAndGet(143)) - bedc83fc-80bb-46d5-9978-f874350dfebb: start LeaderElection
2019-08-18 03:52:33,185 INFO  impl.FollowerState (FollowerState.java:run(106)) - edfea4d6-7835-43b7-9134-afe94d20d7b8:group-77C134CF9127 changes to CANDIDATE, lastRpcTime:5086, electionTimeout:5086ms
2019-08-18 03:52:33,185 INFO  impl.RoleInfo (RoleInfo.java:shutdownFollowerState(121)) - edfea4d6-7835-43b7-9134-afe94d20d7b8: shutdown FollowerState
2019-08-18 03:52:33,185 INFO  impl.RaftServerImpl (RaftServerImpl.java:setRole(171)) - edfea4d6-7835-43b7-9134-afe94d20d7b8:group-77C134CF9127 changes role from FOLLOWER to CANDIDATE at term 0 for changeToCandidate
2019-08-18 03:52:33,185 INFO  impl.RoleInfo (RoleInfo.java:updateAndGet(143)) - edfea4d6-7835-43b7-9134-afe94d20d7b8: start LeaderElection
2019-08-18 03:52:33,202 INFO  impl.LeaderElection (LeaderElection.java:askForVotes(181)) - bedc83fc-80bb-46d5-9978-f874350dfebb:group-77C134CF9127:LeaderElection17: begin an election at term 1 for -1: [bedc83fc-80bb-46d5-9978-f874350dfebb:192.168.69.121:33633, edfea4d6-7835-43b7-9134-afe94d20d7b8:192.168.69.121:38343, d946b57f-2ac4-4164-80e1-83456a07be7d:192.168.69.121:40839], old=null
2019-08-18 03:52:33,207 INFO  impl.FollowerState (FollowerState.java:run(106)) - e0bdcbff-667f-41c3-ad1f-791ce553c40c:group-94AA20BF4045 changes to CANDIDATE, lastRpcTime:5001, electionTimeout:5001ms
2019-08-18 03:52:33,207 INFO  impl.RoleInfo (RoleInfo.java:shutdownFollowerState(121)) - e0bdcbff-667f-41c3-ad1f-791ce553c40c: shutdown FollowerState
2019-08-18 03:52:33,207 INFO  impl.RaftServerImpl (RaftServerImpl.java:setRole(171)) - e0bdcbff-667f-41c3-ad1f-791ce553c40c:group-94AA20BF4045 changes role from FOLLOWER to CANDIDATE at term 0 for changeToCandidate
2019-08-18 03:52:33,208 INFO  impl.RoleInfo (RoleInfo.java:updateAndGet(143)) - e0bdcbff-667f-41c3-ad1f-791ce553c40c: start LeaderElection
2019-08-18 03:52:33,208 INFO  impl.RaftServerImpl (RaftServerImpl.java:setRole(171)) - d946b57f-2ac4-4164-80e1-83456a07be7d:group-77C134CF9127 changes role from FOLLOWER to FOLLOWER at term 1 for recognizeCandidate:bedc83fc-80bb-46d5-9978-f874350dfebb
2019-08-18 03:52:33,214 INFO  impl.FollowerState (FollowerState.java:run(106)) - edfea4d6-7835-43b7-9134-afe94d20d7b8:group-2D2DD83C09F4 changes to CANDIDATE, lastRpcTime:5192, electionTimeout:5191ms
2019-08-18 03:52:33,215 INFO  impl.RoleInfo (RoleInfo.java:shutdownFollowerState(121)) - d946b57f-2ac4-4164-80e1-83456a07be7d: shutdown FollowerState
2019-08-18 03:52:33,215 INFO  impl.RoleInfo (RoleInfo.java:shutdownFollowerState(121)) - edfea4d6-7835-43b7-9134-afe94d20d7b8: shutdown FollowerState
2019-08-18 03:52:33,215 INFO  impl.RoleInfo (RoleInfo.java:updateAndGet(143)) - d946b57f-2ac4-4164-80e1-83456a07be7d: start FollowerState
2019-08-18 03:52:33,215 INFO  impl.FollowerState (FollowerState.java:run(114)) - d946b57f-2ac4-4164-80e1-83456a07be7d: FollowerState was interrupted: java.lang.InterruptedException: sleep interrupted
2019-08-18 03:52:33,215 INFO  impl.RaftServerImpl (RaftServerImpl.java:setRole(171)) - edfea4d6-7835-43b7-9134-afe94d20d7b8:group-2D2DD83C09F4 changes role from FOLLOWER to CANDIDATE at term 0 for changeToCandidate
2019-08-18 03:52:33,215 INFO  impl.LeaderElection (LeaderElection.java:askForVotes(181)) - edfea4d6-7835-43b7-9134-afe94d20d7b8:group-77C134CF9127:LeaderElection18: begin an election at term 1 for -1: [bedc83fc-80bb-46d5-9978-f874350dfebb:192.168.69.121:33633, edfea4d6-7835-43b7-9134-afe94d20d7b8:192.168.69.121:38343, d946b57f-2ac4-4164-80e1-83456a07be7d:192.168.69.121:40839], old=null
2019-08-18 03:52:33,219 INFO  impl.LeaderElection (LeaderElection.java:askForVotes(181)) - e0bdcbff-667f-41c3-ad1f-791ce553c40c:group-94AA20BF4045:LeaderElection19: begin an election at term 1 for -1: [e0bdcbff-667f-41c3-ad1f-791ce553c40c:192.168.69.121:45055], old=null
2019-08-18 03:52:33,219 INFO  impl.RoleInfo (RoleInfo.java:updateAndGet(143)) - edfea4d6-7835-43b7-9134-afe94d20d7b8: start LeaderElection
2019-08-18 03:52:33,219 INFO  impl.RoleInfo (RoleInfo.java:shutdownLeaderElection(134)) - e0bdcbff-667f-41c3-ad1f-791ce553c40c: shutdown LeaderElection
2019-08-18 03:52:33,219 INFO  impl.RaftServerImpl (RaftServerImpl.java:setRole(171)) - e0bdcbff-667f-41c3-ad1f-791ce553c40c:group-94AA20BF4045 changes role from CANDIDATE to LEADER at term 1 for changeToLeader
2019-08-18 03:52:33,219 INFO  impl.RaftServerImpl (ServerState.java:setLeader(263)) - e0bdcbff-667f-41c3-ad1f-791ce553c40c:group-94AA20BF4045 change Leader from null to e0bdcbff-667f-41c3-ad1f-791ce553c40c at term 1 for becomeLeader, leader elected after 5018ms
2019-08-18 03:52:33,223 INFO  server.RaftServerConfigKeys (ConfUtils.java:logGet(43)) - raft.server.staging.catchup.gap = 1000 (default)
2019-08-18 03:52:33,223 INFO  server.RaftServerConfigKeys (ConfUtils.java:logGet(43)) - raft.server.rpc.sleep.time = 25ms (default)
2019-08-18 03:52:33,226 INFO  server.RaftServerConfigKeys (ConfUtils.java:logGet(43)) - raft.server.write.element-limit = 4096 (default)
2019-08-18 03:52:33,226 INFO  server.RaftServerConfigKeys (ConfUtils.java:logGet(43)) - raft.server.watch.timeout = 10s (default)
2019-08-18 03:52:33,226 INFO  server.RaftServerConfigKeys (ConfUtils.java:logGet(43)) - raft.server.watch.timeout.denomination = 1s (default)
2019-08-18 03:52:33,226 INFO  server.RaftServerConfigKeys (ConfUtils.java:logGet(43)) - raft.server.watch.element-limit = 65536 (default)
2019-08-18 03:52:33,227 INFO  impl.RoleInfo (RoleInfo.java:updateAndGet(143)) - e0bdcbff-667f-41c3-ad1f-791ce553c40c: start LeaderState
2019-08-18 03:52:33,227 INFO  segmented.SegmentedRaftLogWorker (SegmentedRaftLogWorker.java:startLogSegment(380)) - e0bdcbff-667f-41c3-ad1f-791ce553c40c-SegmentedRaftLogWorker:Storage Directory /workdir/hadoop-ozone/integration-test/target/test-dir/MiniOzoneClusterImpl-0f5add87-0c11-4011-93e8-a360484efc1f/datanode-3/data/ratis/8e211373-2737-4caf-a511-94aa20bf4045: Starting segment from index:0
2019-08-18 03:52:33,228 INFO  impl.RaftServerImpl (ServerState.java:setRaftConf(361)) - e0bdcbff-667f-41c3-ad1f-791ce553c40c:group-94AA20BF4045 set configuration 0: [e0bdcbff-667f-41c3-ad1f-791ce553c40c:192.168.69.121:45055], old=null at 0
2019-08-18 03:52:33,248 INFO  impl.LeaderElection (LeaderElection.java:askForVotes(181)) - edfea4d6-7835-43b7-9134-afe94d20d7b8:group-2D2DD83C09F4:LeaderElection20: begin an election at term 1 for -1: [edfea4d6-7835-43b7-9134-afe94d20d7b8:192.168.69.121:38343], old=null
2019-08-18 03:52:33,249 INFO  impl.RoleInfo (RoleInfo.java:shutdownLeaderElection(134)) - edfea4d6-7835-43b7-9134-afe94d20d7b8: shutdown LeaderElection
2019-08-18 03:52:33,249 INFO  impl.RaftServerImpl (RaftServerImpl.java:setRole(171)) - edfea4d6-7835-43b7-9134-afe94d20d7b8:group-2D2DD83C09F4 changes role from CANDIDATE to LEADER at term 1 for changeToLeader
2019-08-18 03:52:33,249 INFO  impl.RaftServerImpl (ServerState.java:setLeader(263)) - edfea4d6-7835-43b7-9134-afe94d20d7b8:group-2D2DD83C09F4 change Leader from null to edfea4d6-7835-43b7-9134-afe94d20d7b8 at term 1 for becomeLeader, leader elected after 5231ms
2019-08-18 03:52:33,251 INFO  server.RaftServerConfigKeys (ConfUtils.java:logGet(43)) - raft.server.staging.catchup.gap = 1000 (default)
2019-08-18 03:52:33,252 INFO  server.RaftServerConfigKeys (ConfUtils.java:logGet(43)) - raft.server.rpc.sleep.time = 25ms (default)
2019-08-18 03:52:33,252 INFO  server.RaftServerConfigKeys (ConfUtils.java:logGet(43)) - raft.server.write.element-limit = 4096 (default)
2019-08-18 03:52:33,252 INFO  server.RaftServerConfigKeys (ConfUtils.java:logGet(43)) - raft.server.watch.timeout = 10s (default)
2019-08-18 03:52:33,252 INFO  server.RaftServerConfigKeys (ConfUtils.java:logGet(43)) - raft.server.watch.timeout.denomination = 1s (default)
2019-08-18 03:52:33,252 INFO  server.RaftServerConfigKeys (ConfUtils.java:logGet(43)) - raft.server.watch.element-limit = 65536 (default)
2019-08-18 03:52:33,253 INFO  impl.RoleInfo (RoleInfo.java:updateAndGet(143)) - edfea4d6-7835-43b7-9134-afe94d20d7b8: start LeaderState
2019-08-18 03:52:33,253 INFO  segmented.SegmentedRaftLogWorker (SegmentedRaftLogWorker.java:startLogSegment(380)) - edfea4d6-7835-43b7-9134-afe94d20d7b8-SegmentedRaftLogWorker:Storage Directory /workdir/hadoop-ozone/integration-test/target/test-dir/MiniOzoneClusterImpl-0f5add87-0c11-4011-93e8-a360484efc1f/datanode-2/data/ratis/267d8d08-47ff-47b6-aa5a-2d2dd83c09f4: Starting segment from index:0
2019-08-18 03:52:33,253 INFO  impl.LeaderElection (LeaderElection.java:logAndReturn(56)) - bedc83fc-80bb-46d5-9978-f874350dfebb:group-77C134CF9127:LeaderElection17: Election PASSED; received 2 response(s) [bedc83fc-80bb-46d5-9978-f874350dfebb<-edfea4d6-7835-43b7-9134-afe94d20d7b8#0:FAIL-t1, bedc83fc-80bb-46d5-9978-f874350dfebb<-d946b57f-2ac4-4164-80e1-83456a07be7d#0:OK-t1] and 0 exception(s); bedc83fc-80bb-46d5-9978-f874350dfebb:t1, leader=null, voted=bedc83fc-80bb-46d5-9978-f874350dfebb, raftlog=bedc83fc-80bb-46d5-9978-f874350dfebb-SegmentedRaftLog:OPENED:c-1,f-1,i0, conf=-1: [bedc83fc-80bb-46d5-9978-f874350dfebb:192.168.69.121:33633, edfea4d6-7835-43b7-9134-afe94d20d7b8:192.168.69.121:38343, d946b57f-2ac4-4164-80e1-83456a07be7d:192.168.69.121:40839], old=null
2019-08-18 03:52:33,254 INFO  impl.RoleInfo (RoleInfo.java:shutdownLeaderElection(134)) - bedc83fc-80bb-46d5-9978-f874350dfebb: shutdown LeaderElection
2019-08-18 03:52:33,254 INFO  impl.RaftServerImpl (ServerState.java:setRaftConf(361)) - edfea4d6-7835-43b7-9134-afe94d20d7b8:group-2D2DD83C09F4 set configuration 0: [edfea4d6-7835-43b7-9134-afe94d20d7b8:192.168.69.121:38343], old=null at 0
2019-08-18 03:52:33,254 INFO  impl.RaftServerImpl (RaftServerImpl.java:setRole(171)) - bedc83fc-80bb-46d5-9978-f874350dfebb:group-77C134CF9127 changes role from CANDIDATE to LEADER at term 1 for changeToLeader
2019-08-18 03:52:33,273 INFO  impl.RaftServerImpl (ServerState.java:setLeader(263)) - bedc83fc-80bb-46d5-9978-f874350dfebb:group-77C134CF9127 change Leader from null to bedc83fc-80bb-46d5-9978-f874350dfebb at term 1 for becomeLeader, leader elected after 5163ms
2019-08-18 03:52:33,273 INFO  segmented.SegmentedRaftLogWorker (SegmentedRaftLogWorker.java:execute(569)) - e0bdcbff-667f-41c3-ad1f-791ce553c40c-SegmentedRaftLogWorker:Storage Directory /workdir/hadoop-ozone/integration-test/target/test-dir/MiniOzoneClusterImpl-0f5add87-0c11-4011-93e8-a360484efc1f/datanode-3/data/ratis/8e211373-2737-4caf-a511-94aa20bf4045: created new log segment /workdir/hadoop-ozone/integration-test/target/test-dir/MiniOzoneClusterImpl-0f5add87-0c11-4011-93e8-a360484efc1f/datanode-3/data/ratis/8e211373-2737-4caf-a511-94aa20bf4045/current/log_inprogress_0
2019-08-18 03:52:33,273 INFO  server.RaftServerConfigKeys (ConfUtils.java:logGet(43)) - raft.server.staging.catchup.gap = 1000 (default)
2019-08-18 03:52:33,274 INFO  server.RaftServerConfigKeys (ConfUtils.java:logGet(43)) - raft.server.rpc.sleep.time = 25ms (default)
2019-08-18 03:52:33,274 INFO  server.RaftServerConfigKeys (ConfUtils.java:logGet(43)) - raft.server.write.element-limit = 4096 (default)
2019-08-18 03:52:33,274 INFO  server.RaftServerConfigKeys (ConfUtils.java:logGet(43)) - raft.server.watch.timeout = 10s (default)
2019-08-18 03:52:33,274 INFO  server.RaftServerConfigKeys (ConfUtils.java:logGet(43)) - raft.server.watch.timeout.denomination = 1s (default)
2019-08-18 03:52:33,274 INFO  impl.LeaderElection (LeaderElection.java:logAndReturn(56)) - edfea4d6-7835-43b7-9134-afe94d20d7b8:group-77C134CF9127:LeaderElection18: Election REJECTED; received 2 response(s) [edfea4d6-7835-43b7-9134-afe94d20d7b8<-bedc83fc-80bb-46d5-9978-f874350dfebb#0:FAIL-t1, edfea4d6-7835-43b7-9134-afe94d20d7b8<-d946b57f-2ac4-4164-80e1-83456a07be7d#0:FAIL-t1] and 0 exception(s); edfea4d6-7835-43b7-9134-afe94d20d7b8:t1, leader=null, voted=edfea4d6-7835-43b7-9134-afe94d20d7b8, raftlog=edfea4d6-7835-43b7-9134-afe94d20d7b8-SegmentedRaftLog:OPENED:c-1,f-1,i0, conf=-1: [bedc83fc-80bb-46d5-9978-f874350dfebb:192.168.69.121:33633, edfea4d6-7835-43b7-9134-afe94d20d7b8:192.168.69.121:38343, d946b57f-2ac4-4164-80e1-83456a07be7d:192.168.69.121:40839], old=null
2019-08-18 03:52:33,274 INFO  server.RaftServerConfigKeys (ConfUtils.java:logGet(43)) - raft.server.watch.element-limit = 65536 (default)
2019-08-18 03:52:33,275 INFO  impl.RaftServerImpl (RaftServerImpl.java:setRole(171)) - edfea4d6-7835-43b7-9134-afe94d20d7b8:group-77C134CF9127 changes role from CANDIDATE to FOLLOWER at term 1 for DISCOVERED_A_NEW_TERM
2019-08-18 03:52:33,275 INFO  impl.RoleInfo (RoleInfo.java:shutdownLeaderElection(134)) - edfea4d6-7835-43b7-9134-afe94d20d7b8: shutdown LeaderElection
2019-08-18 03:52:33,275 INFO  server.RaftServerConfigKeys (ConfUtils.java:logGet(43)) - raft.server.log.appender.snapshot.chunk.size.max = 16MB (=16777216) (default)
2019-08-18 03:52:33,275 INFO  impl.RoleInfo (RoleInfo.java:updateAndGet(143)) - edfea4d6-7835-43b7-9134-afe94d20d7b8: start FollowerState
2019-08-18 03:52:33,275 INFO  server.RaftServerConfigKeys (ConfUtils.java:logGet(43)) - raft.server.log.appender.buffer.byte-limit = 33554432 (custom)
2019-08-18 03:52:33,276 INFO  server.RaftServerConfigKeys (ConfUtils.java:logGet(43)) - raft.server.log.appender.buffer.element-limit = 1 (custom)
2019-08-18 03:52:33,276 INFO  grpc.GrpcConfigKeys$Server (ConfUtils.java:logGet(43)) - raft.grpc.server.leader.outstanding.appends.max = 128 (default)
2019-08-18 03:52:33,276 INFO  server.RaftServerConfigKeys (ConfUtils.java:logGet(43)) - raft.server.rpc.request.timeout = 3000ms (default)
2019-08-18 03:52:33,276 INFO  server.RaftServerConfigKeys (ConfUtils.java:logGet(43)) - raft.server.log.appender.install.snapshot.enabled = false (custom)
2019-08-18 03:52:33,277 INFO  server.RaftServerConfigKeys (ConfUtils.java:logGet(43)) - raft.server.log.appender.snapshot.chunk.size.max = 16MB (=16777216) (default)
2019-08-18 03:52:33,277 INFO  server.RaftServerConfigKeys (ConfUtils.java:logGet(43)) - raft.server.log.appender.buffer.byte-limit = 33554432 (custom)
2019-08-18 03:52:33,277 INFO  server.RaftServerConfigKeys (ConfUtils.java:logGet(43)) - raft.server.log.appender.buffer.element-limit = 1 (custom)
2019-08-18 03:52:33,277 INFO  grpc.GrpcConfigKeys$Server (ConfUtils.java:logGet(43)) - raft.grpc.server.leader.outstanding.appends.max = 128 (default)
2019-08-18 03:52:33,277 INFO  server.RaftServerConfigKeys (ConfUtils.java:logGet(43)) - raft.server.rpc.request.timeout = 3000ms (default)
2019-08-18 03:52:33,278 INFO  server.RaftServerConfigKeys (ConfUtils.java:logGet(43)) - raft.server.log.appender.install.snapshot.enabled = false (custom)
2019-08-18 03:52:33,278 INFO  impl.RoleInfo (RoleInfo.java:updateAndGet(143)) - bedc83fc-80bb-46d5-9978-f874350dfebb: start LeaderState
2019-08-18 03:52:33,278 INFO  segmented.SegmentedRaftLogWorker (SegmentedRaftLogWorker.java:startLogSegment(380)) - bedc83fc-80bb-46d5-9978-f874350dfebb-SegmentedRaftLogWorker:Storage Directory /workdir/hadoop-ozone/integration-test/target/test-dir/MiniOzoneClusterImpl-0f5add87-0c11-4011-93e8-a360484efc1f/datanode-0/data/ratis/2c277e85-f0b4-4d1d-94e6-77c134cf9127: Starting segment from index:0
2019-08-18 03:52:33,279 INFO  impl.RaftServerImpl (ServerState.java:setRaftConf(361)) - bedc83fc-80bb-46d5-9978-f874350dfebb:group-77C134CF9127 set configuration 0: [bedc83fc-80bb-46d5-9978-f874350dfebb:192.168.69.121:33633, edfea4d6-7835-43b7-9134-afe94d20d7b8:192.168.69.121:38343, d946b57f-2ac4-4164-80e1-83456a07be7d:192.168.69.121:40839], old=null at 0
2019-08-18 03:52:33,281 INFO  impl.RaftServerImpl (ServerState.java:setLeader(263)) - edfea4d6-7835-43b7-9134-afe94d20d7b8:group-77C134CF9127 change Leader from null to bedc83fc-80bb-46d5-9978-f874350dfebb at term 1 for appendEntries, leader elected after 5190ms
2019-08-18 03:52:33,281 INFO  impl.RaftServerImpl (ServerState.java:setLeader(263)) - d946b57f-2ac4-4164-80e1-83456a07be7d:group-77C134CF9127 change Leader from null to bedc83fc-80bb-46d5-9978-f874350dfebb at term 1 for appendEntries, leader elected after 5189ms
2019-08-18 03:52:33,301 INFO  segmented.SegmentedRaftLogWorker (SegmentedRaftLogWorker.java:execute(569)) - edfea4d6-7835-43b7-9134-afe94d20d7b8-SegmentedRaftLogWorker:Storage Directory /workdir/hadoop-ozone/integration-test/target/test-dir/MiniOzoneClusterImpl-0f5add87-0c11-4011-93e8-a360484efc1f/datanode-2/data/ratis/267d8d08-47ff-47b6-aa5a-2d2dd83c09f4: created new log segment /workdir/hadoop-ozone/integration-test/target/test-dir/MiniOzoneClusterImpl-0f5add87-0c11-4011-93e8-a360484efc1f/datanode-2/data/ratis/267d8d08-47ff-47b6-aa5a-2d2dd83c09f4/current/log_inprogress_0
2019-08-18 03:52:33,304 INFO  impl.RaftServerImpl (ServerState.java:setRaftConf(361)) - edfea4d6-7835-43b7-9134-afe94d20d7b8:group-77C134CF9127 set configuration 0: [bedc83fc-80bb-46d5-9978-f874350dfebb:192.168.69.121:33633, edfea4d6-7835-43b7-9134-afe94d20d7b8:192.168.69.121:38343, d946b57f-2ac4-4164-80e1-83456a07be7d:192.168.69.121:40839], old=null at 0
2019-08-18 03:52:33,304 INFO  impl.RaftServerImpl (ServerState.java:setRaftConf(361)) - d946b57f-2ac4-4164-80e1-83456a07be7d:group-77C134CF9127 set configuration 0: [bedc83fc-80bb-46d5-9978-f874350dfebb:192.168.69.121:33633, edfea4d6-7835-43b7-9134-afe94d20d7b8:192.168.69.121:38343, d946b57f-2ac4-4164-80e1-83456a07be7d:192.168.69.121:40839], old=null at 0
2019-08-18 03:52:33,304 INFO  segmented.SegmentedRaftLogWorker (SegmentedRaftLogWorker.java:startLogSegment(380)) - edfea4d6-7835-43b7-9134-afe94d20d7b8-SegmentedRaftLogWorker:Storage Directory /workdir/hadoop-ozone/integration-test/target/test-dir/MiniOzoneClusterImpl-0f5add87-0c11-4011-93e8-a360484efc1f/datanode-2/data/ratis/2c277e85-f0b4-4d1d-94e6-77c134cf9127: Starting segment from index:0
2019-08-18 03:52:33,305 INFO  segmented.SegmentedRaftLogWorker (SegmentedRaftLogWorker.java:startLogSegment(380)) - d946b57f-2ac4-4164-80e1-83456a07be7d-SegmentedRaftLogWorker:Storage Directory /workdir/hadoop-ozone/integration-test/target/test-dir/MiniOzoneClusterImpl-0f5add87-0c11-4011-93e8-a360484efc1f/datanode-1/data/ratis/2c277e85-f0b4-4d1d-94e6-77c134cf9127: Starting segment from index:0
2019-08-18 03:52:33,313 INFO  segmented.SegmentedRaftLogWorker (SegmentedRaftLogWorker.java:execute(569)) - bedc83fc-80bb-46d5-9978-f874350dfebb-SegmentedRaftLogWorker:Storage Directory /workdir/hadoop-ozone/integration-test/target/test-dir/MiniOzoneClusterImpl-0f5add87-0c11-4011-93e8-a360484efc1f/datanode-0/data/ratis/2c277e85-f0b4-4d1d-94e6-77c134cf9127: created new log segment /workdir/hadoop-ozone/integration-test/target/test-dir/MiniOzoneClusterImpl-0f5add87-0c11-4011-93e8-a360484efc1f/datanode-0/data/ratis/2c277e85-f0b4-4d1d-94e6-77c134cf9127/current/log_inprogress_0
2019-08-18 03:52:33,328 INFO  segmented.SegmentedRaftLogWorker (SegmentedRaftLogWorker.java:execute(569)) - d946b57f-2ac4-4164-80e1-83456a07be7d-SegmentedRaftLogWorker:Storage Directory /workdir/hadoop-ozone/integration-test/target/test-dir/MiniOzoneClusterImpl-0f5add87-0c11-4011-93e8-a360484efc1f/datanode-1/data/ratis/2c277e85-f0b4-4d1d-94e6-77c134cf9127: created new log segment /workdir/hadoop-ozone/integration-test/target/test-dir/MiniOzoneClusterImpl-0f5add87-0c11-4011-93e8-a360484efc1f/datanode-1/data/ratis/2c277e85-f0b4-4d1d-94e6-77c134cf9127/current/log_inprogress_0
2019-08-18 03:52:33,328 INFO  segmented.SegmentedRaftLogWorker (SegmentedRaftLogWorker.java:execute(569)) - edfea4d6-7835-43b7-9134-afe94d20d7b8-SegmentedRaftLogWorker:Storage Directory /workdir/hadoop-ozone/integration-test/target/test-dir/MiniOzoneClusterImpl-0f5add87-0c11-4011-93e8-a360484efc1f/datanode-2/data/ratis/2c277e85-f0b4-4d1d-94e6-77c134cf9127: created new log segment /workdir/hadoop-ozone/integration-test/target/test-dir/MiniOzoneClusterImpl-0f5add87-0c11-4011-93e8-a360484efc1f/datanode-2/data/ratis/2c277e85-f0b4-4d1d-94e6-77c134cf9127/current/log_inprogress_0
2019-08-18 03:52:33,587 INFO  impl.FollowerState (FollowerState.java:run(106)) - 55f42c00-1b28-4f45-b737-7e010e517182:group-7EE6F9A3CF45 changes to CANDIDATE, lastRpcTime:5107, electionTimeout:5107ms
2019-08-18 03:52:33,587 INFO  impl.RoleInfo (RoleInfo.java:shutdownFollowerState(121)) - 55f42c00-1b28-4f45-b737-7e010e517182: shutdown FollowerState
2019-08-18 03:52:33,587 INFO  impl.RaftServerImpl (RaftServerImpl.java:setRole(171)) - 55f42c00-1b28-4f45-b737-7e010e517182:group-7EE6F9A3CF45 changes role from FOLLOWER to CANDIDATE at term 0 for changeToCandidate
2019-08-18 03:52:33,588 INFO  impl.RoleInfo (RoleInfo.java:updateAndGet(143)) - 55f42c00-1b28-4f45-b737-7e010e517182: start LeaderElection
2019-08-18 03:52:33,607 INFO  impl.LeaderElection (LeaderElection.java:askForVotes(181)) - 55f42c00-1b28-4f45-b737-7e010e517182:group-7EE6F9A3CF45:LeaderElection21: begin an election at term 1 for -1: [55f42c00-1b28-4f45-b737-7e010e517182:192.168.69.121:35894], old=null
2019-08-18 03:52:33,607 INFO  impl.RoleInfo (RoleInfo.java:shutdownLeaderElection(134)) - 55f42c00-1b28-4f45-b737-7e010e517182: shutdown LeaderElection
2019-08-18 03:52:33,607 INFO  impl.RaftServerImpl (RaftServerImpl.java:setRole(171)) - 55f42c00-1b28-4f45-b737-7e010e517182:group-7EE6F9A3CF45 changes role from CANDIDATE to LEADER at term 1 for changeToLeader
2019-08-18 03:52:33,607 INFO  impl.RaftServerImpl (ServerState.java:setLeader(263)) - 55f42c00-1b28-4f45-b737-7e010e517182:group-7EE6F9A3CF45 change Leader from null to 55f42c00-1b28-4f45-b737-7e010e517182 at term 1 for becomeLeader, leader elected after 5132ms
2019-08-18 03:52:33,610 INFO  server.RaftServerConfigKeys (ConfUtils.java:logGet(43)) - raft.server.staging.catchup.gap = 1000 (default)
2019-08-18 03:52:33,610 INFO  server.RaftServerConfigKeys (ConfUtils.java:logGet(43)) - raft.server.rpc.sleep.time = 25ms (default)
2019-08-18 03:52:33,610 INFO  server.RaftServerConfigKeys (ConfUtils.java:logGet(43)) - raft.server.write.element-limit = 4096 (default)
2019-08-18 03:52:33,611 INFO  server.RaftServerConfigKeys (ConfUtils.java:logGet(43)) - raft.server.watch.timeout = 10s (default)
2019-08-18 03:52:33,611 INFO  server.RaftServerConfigKeys (ConfUtils.java:logGet(43)) - raft.server.watch.timeout.denomination = 1s (default)
2019-08-18 03:52:33,611 INFO  server.RaftServerConfigKeys (ConfUtils.java:logGet(43)) - raft.server.watch.element-limit = 65536 (default)
2019-08-18 03:52:33,611 INFO  impl.RoleInfo (RoleInfo.java:updateAndGet(143)) - 55f42c00-1b28-4f45-b737-7e010e517182: start LeaderState
2019-08-18 03:52:33,612 INFO  segmented.SegmentedRaftLogWorker (SegmentedRaftLogWorker.java:startLogSegment(380)) - 55f42c00-1b28-4f45-b737-7e010e517182-SegmentedRaftLogWorker:Storage Directory /workdir/hadoop-ozone/integration-test/target/test-dir/MiniOzoneClusterImpl-0f5add87-0c11-4011-93e8-a360484efc1f/datanode-4/data/ratis/4766caf1-31fc-4ab0-9e82-7ee6f9a3cf45: Starting segment from index:0
2019-08-18 03:52:33,612 INFO  impl.RaftServerImpl (ServerState.java:setRaftConf(361)) - 55f42c00-1b28-4f45-b737-7e010e517182:group-7EE6F9A3CF45 set configuration 0: [55f42c00-1b28-4f45-b737-7e010e517182:192.168.69.121:35894], old=null at 0
2019-08-18 03:52:33,648 INFO  segmented.SegmentedRaftLogWorker (SegmentedRaftLogWorker.java:execute(569)) - 55f42c00-1b28-4f45-b737-7e010e517182-SegmentedRaftLogWorker:Storage Directory /workdir/hadoop-ozone/integration-test/target/test-dir/MiniOzoneClusterImpl-0f5add87-0c11-4011-93e8-a360484efc1f/datanode-4/data/ratis/4766caf1-31fc-4ab0-9e82-7ee6f9a3cf45: created new log segment /workdir/hadoop-ozone/integration-test/target/test-dir/MiniOzoneClusterImpl-0f5add87-0c11-4011-93e8-a360484efc1f/datanode-4/data/ratis/4766caf1-31fc-4ab0-9e82-7ee6f9a3cf45/current/log_inprogress_0
2019-08-18 03:52:33,705 INFO  impl.FollowerState (FollowerState.java:run(106)) - fff5aa8a-9f35-47d4-ab2a-a764a6e25882:group-D89D5EA862B7 changes to CANDIDATE, lastRpcTime:5019, electionTimeout:5019ms
2019-08-18 03:52:33,706 INFO  impl.RoleInfo (RoleInfo.java:shutdownFollowerState(121)) - fff5aa8a-9f35-47d4-ab2a-a764a6e25882: shutdown FollowerState
2019-08-18 03:52:33,706 INFO  impl.RaftServerImpl (RaftServerImpl.java:setRole(171)) - fff5aa8a-9f35-47d4-ab2a-a764a6e25882:group-D89D5EA862B7 changes role from FOLLOWER to CANDIDATE at term 0 for changeToCandidate
2019-08-18 03:52:33,706 INFO  impl.RoleInfo (RoleInfo.java:updateAndGet(143)) - fff5aa8a-9f35-47d4-ab2a-a764a6e25882: start LeaderElection
2019-08-18 03:52:33,725 INFO  impl.LeaderElection (LeaderElection.java:askForVotes(181)) - fff5aa8a-9f35-47d4-ab2a-a764a6e25882:group-D89D5EA862B7:LeaderElection22: begin an election at term 1 for -1: [fff5aa8a-9f35-47d4-ab2a-a764a6e25882:192.168.69.121:40458], old=null
2019-08-18 03:52:33,725 INFO  impl.RoleInfo (RoleInfo.java:shutdownLeaderElection(134)) - fff5aa8a-9f35-47d4-ab2a-a764a6e25882: shutdown LeaderElection
2019-08-18 03:52:33,725 INFO  impl.RaftServerImpl (RaftServerImpl.java:setRole(171)) - fff5aa8a-9f35-47d4-ab2a-a764a6e25882:group-D89D5EA862B7 changes role from CANDIDATE to LEADER at term 1 for changeToLeader
2019-08-18 03:52:33,726 INFO  impl.RaftServerImpl (ServerState.java:setLeader(263)) - fff5aa8a-9f35-47d4-ab2a-a764a6e25882:group-D89D5EA862B7 change Leader from null to fff5aa8a-9f35-47d4-ab2a-a764a6e25882 at term 1 for becomeLeader, leader elected after 5044ms
2019-08-18 03:52:33,728 INFO  server.RaftServerConfigKeys (ConfUtils.java:logGet(43)) - raft.server.staging.catchup.gap = 1000 (default)
2019-08-18 03:52:33,728 INFO  server.RaftServerConfigKeys (ConfUtils.java:logGet(43)) - raft.server.rpc.sleep.time = 25ms (default)
2019-08-18 03:52:33,728 INFO  server.RaftServerConfigKeys (ConfUtils.java:logGet(43)) - raft.server.write.element-limit = 4096 (default)
2019-08-18 03:52:33,729 INFO  server.RaftServerConfigKeys (ConfUtils.java:logGet(43)) - raft.server.watch.timeout = 10s (default)
2019-08-18 03:52:33,729 INFO  server.RaftServerConfigKeys (ConfUtils.java:logGet(43)) - raft.server.watch.timeout.denomination = 1s (default)
2019-08-18 03:52:33,729 INFO  server.RaftServerConfigKeys (ConfUtils.java:logGet(43)) - raft.server.watch.element-limit = 65536 (default)
2019-08-18 03:52:33,729 INFO  impl.RoleInfo (RoleInfo.java:updateAndGet(143)) - fff5aa8a-9f35-47d4-ab2a-a764a6e25882: start LeaderState
2019-08-18 03:52:33,730 INFO  segmented.SegmentedRaftLogWorker (SegmentedRaftLogWorker.java:startLogSegment(380)) - fff5aa8a-9f35-47d4-ab2a-a764a6e25882-SegmentedRaftLogWorker:Storage Directory /workdir/hadoop-ozone/integration-test/target/test-dir/MiniOzoneClusterImpl-0f5add87-0c11-4011-93e8-a360484efc1f/datanode-5/data/ratis/cffdd504-d8be-465d-a59e-d89d5ea862b7: Starting segment from index:0
2019-08-18 03:52:33,730 INFO  impl.RaftServerImpl (ServerState.java:setRaftConf(361)) - fff5aa8a-9f35-47d4-ab2a-a764a6e25882:group-D89D5EA862B7 set configuration 0: [fff5aa8a-9f35-47d4-ab2a-a764a6e25882:192.168.69.121:40458], old=null at 0
2019-08-18 03:52:33,765 INFO  segmented.SegmentedRaftLogWorker (SegmentedRaftLogWorker.java:execute(569)) - fff5aa8a-9f35-47d4-ab2a-a764a6e25882-SegmentedRaftLogWorker:Storage Directory /workdir/hadoop-ozone/integration-test/target/test-dir/MiniOzoneClusterImpl-0f5add87-0c11-4011-93e8-a360484efc1f/datanode-5/data/ratis/cffdd504-d8be-465d-a59e-d89d5ea862b7: created new log segment /workdir/hadoop-ozone/integration-test/target/test-dir/MiniOzoneClusterImpl-0f5add87-0c11-4011-93e8-a360484efc1f/datanode-5/data/ratis/cffdd504-d8be-465d-a59e-d89d5ea862b7/current/log_inprogress_0
2019-08-18 03:52:33,776 INFO  impl.FollowerState (FollowerState.java:run(106)) - e0bdcbff-667f-41c3-ad1f-791ce553c40c:group-90B8AF4E75E2 changes to CANDIDATE, lastRpcTime:5029, electionTimeout:5028ms
2019-08-18 03:52:33,776 INFO  impl.RoleInfo (RoleInfo.java:shutdownFollowerState(121)) - e0bdcbff-667f-41c3-ad1f-791ce553c40c: shutdown FollowerState
2019-08-18 03:52:33,776 INFO  impl.RaftServerImpl (RaftServerImpl.java:setRole(171)) - e0bdcbff-667f-41c3-ad1f-791ce553c40c:group-90B8AF4E75E2 changes role from FOLLOWER to CANDIDATE at term 0 for changeToCandidate
2019-08-18 03:52:33,776 INFO  impl.RoleInfo (RoleInfo.java:updateAndGet(143)) - e0bdcbff-667f-41c3-ad1f-791ce553c40c: start LeaderElection
2019-08-18 03:52:33,795 INFO  impl.LeaderElection (LeaderElection.java:askForVotes(181)) - e0bdcbff-667f-41c3-ad1f-791ce553c40c:group-90B8AF4E75E2:LeaderElection23: begin an election at term 1 for -1: [55f42c00-1b28-4f45-b737-7e010e517182:192.168.69.121:35894, fff5aa8a-9f35-47d4-ab2a-a764a6e25882:192.168.69.121:40458, e0bdcbff-667f-41c3-ad1f-791ce553c40c:192.168.69.121:45055], old=null
2019-08-18 03:52:33,796 INFO  impl.FollowerState (FollowerState.java:run(106)) - 55f42c00-1b28-4f45-b737-7e010e517182:group-90B8AF4E75E2 changes to CANDIDATE, lastRpcTime:5047, electionTimeout:5047ms
2019-08-18 03:52:33,797 INFO  impl.RoleInfo (RoleInfo.java:shutdownFollowerState(121)) - 55f42c00-1b28-4f45-b737-7e010e517182: shutdown FollowerState
2019-08-18 03:52:33,797 INFO  impl.RaftServerImpl (RaftServerImpl.java:setRole(171)) - 55f42c00-1b28-4f45-b737-7e010e517182:group-90B8AF4E75E2 changes role from FOLLOWER to CANDIDATE at term 0 for changeToCandidate
2019-08-18 03:52:33,797 INFO  impl.RoleInfo (RoleInfo.java:updateAndGet(143)) - 55f42c00-1b28-4f45-b737-7e010e517182: start LeaderElection
2019-08-18 03:52:33,809 INFO  impl.RaftServerImpl (RaftServerImpl.java:setRole(171)) - fff5aa8a-9f35-47d4-ab2a-a764a6e25882:group-90B8AF4E75E2 changes role from FOLLOWER to FOLLOWER at term 1 for recognizeCandidate:e0bdcbff-667f-41c3-ad1f-791ce553c40c
2019-08-18 03:52:33,809 INFO  impl.RoleInfo (RoleInfo.java:shutdownFollowerState(121)) - fff5aa8a-9f35-47d4-ab2a-a764a6e25882: shutdown FollowerState
2019-08-18 03:52:33,809 INFO  impl.RoleInfo (RoleInfo.java:updateAndGet(143)) - fff5aa8a-9f35-47d4-ab2a-a764a6e25882: start FollowerState
2019-08-18 03:52:33,809 INFO  impl.FollowerState (FollowerState.java:run(114)) - fff5aa8a-9f35-47d4-ab2a-a764a6e25882: FollowerState was interrupted: java.lang.InterruptedException: sleep interrupted
2019-08-18 03:52:33,818 INFO  impl.LeaderElection (LeaderElection.java:askForVotes(181)) - 55f42c00-1b28-4f45-b737-7e010e517182:group-90B8AF4E75E2:LeaderElection24: begin an election at term 1 for -1: [55f42c00-1b28-4f45-b737-7e010e517182:192.168.69.121:35894, fff5aa8a-9f35-47d4-ab2a-a764a6e25882:192.168.69.121:40458, e0bdcbff-667f-41c3-ad1f-791ce553c40c:192.168.69.121:45055], old=null
2019-08-18 03:52:33,822 INFO  impl.LeaderElection (LeaderElection.java:logAndReturn(56)) - e0bdcbff-667f-41c3-ad1f-791ce553c40c:group-90B8AF4E75E2:LeaderElection23: Election PASSED; received 2 response(s) [e0bdcbff-667f-41c3-ad1f-791ce553c40c<-55f42c00-1b28-4f45-b737-7e010e517182#0:FAIL-t1, e0bdcbff-667f-41c3-ad1f-791ce553c40c<-fff5aa8a-9f35-47d4-ab2a-a764a6e25882#0:OK-t1] and 0 exception(s); e0bdcbff-667f-41c3-ad1f-791ce553c40c:t1, leader=null, voted=e0bdcbff-667f-41c3-ad1f-791ce553c40c, raftlog=e0bdcbff-667f-41c3-ad1f-791ce553c40c-SegmentedRaftLog:OPENED:c-1,f-1,i0, conf=-1: [55f42c00-1b28-4f45-b737-7e010e517182:192.168.69.121:35894, fff5aa8a-9f35-47d4-ab2a-a764a6e25882:192.168.69.121:40458, e0bdcbff-667f-41c3-ad1f-791ce553c40c:192.168.69.121:45055], old=null
2019-08-18 03:52:33,822 INFO  impl.RoleInfo (RoleInfo.java:shutdownLeaderElection(134)) - e0bdcbff-667f-41c3-ad1f-791ce553c40c: shutdown LeaderElection
2019-08-18 03:52:33,823 INFO  impl.RaftServerImpl (RaftServerImpl.java:setRole(171)) - e0bdcbff-667f-41c3-ad1f-791ce553c40c:group-90B8AF4E75E2 changes role from CANDIDATE to LEADER at term 1 for changeToLeader
2019-08-18 03:52:33,823 INFO  impl.RaftServerImpl (ServerState.java:setLeader(263)) - e0bdcbff-667f-41c3-ad1f-791ce553c40c:group-90B8AF4E75E2 change Leader from null to e0bdcbff-667f-41c3-ad1f-791ce553c40c at term 1 for becomeLeader, leader elected after 5084ms
2019-08-18 03:52:33,823 INFO  server.RaftServerConfigKeys (ConfUtils.java:logGet(43)) - raft.server.staging.catchup.gap = 1000 (default)
2019-08-18 03:52:33,823 INFO  server.RaftServerConfigKeys (ConfUtils.java:logGet(43)) - raft.server.rpc.sleep.time = 25ms (default)
2019-08-18 03:52:33,823 INFO  server.RaftServerConfigKeys (ConfUtils.java:logGet(43)) - raft.server.write.element-limit = 4096 (default)
2019-08-18 03:52:33,823 INFO  server.RaftServerConfigKeys (ConfUtils.java:logGet(43)) - raft.server.watch.timeout = 10s (default)
2019-08-18 03:52:33,824 INFO  server.RaftServerConfigKeys (ConfUtils.java:logGet(43)) - raft.server.watch.timeout.denomination = 1s (default)
2019-08-18 03:52:33,824 INFO  server.RaftServerConfigKeys (ConfUtils.java:logGet(43)) - raft.server.watch.element-limit = 65536 (default)
2019-08-18 03:52:33,824 INFO  server.RaftServerConfigKeys (ConfUtils.java:logGet(43)) - raft.server.log.appender.snapshot.chunk.size.max = 16MB (=16777216) (default)
2019-08-18 03:52:33,824 INFO  server.RaftServerConfigKeys (ConfUtils.java:logGet(43)) - raft.server.log.appender.buffer.byte-limit = 33554432 (custom)
2019-08-18 03:52:33,825 INFO  server.RaftServerConfigKeys (ConfUtils.java:logGet(43)) - raft.server.log.appender.buffer.element-limit = 1 (custom)
2019-08-18 03:52:33,825 INFO  grpc.GrpcConfigKeys$Server (ConfUtils.java:logGet(43)) - raft.grpc.server.leader.outstanding.appends.max = 128 (default)
2019-08-18 03:52:33,825 INFO  server.RaftServerConfigKeys (ConfUtils.java:logGet(43)) - raft.server.rpc.request.timeout = 3000ms (default)
2019-08-18 03:52:33,825 INFO  server.RaftServerConfigKeys (ConfUtils.java:logGet(43)) - raft.server.log.appender.install.snapshot.enabled = false (custom)
2019-08-18 03:52:33,825 INFO  server.RaftServerConfigKeys (ConfUtils.java:logGet(43)) - raft.server.log.appender.snapshot.chunk.size.max = 16MB (=16777216) (default)
2019-08-18 03:52:33,826 INFO  server.RaftServerConfigKeys (ConfUtils.java:logGet(43)) - raft.server.log.appender.buffer.byte-limit = 33554432 (custom)
2019-08-18 03:52:33,826 INFO  server.RaftServerConfigKeys (ConfUtils.java:logGet(43)) - raft.server.log.appender.buffer.element-limit = 1 (custom)
2019-08-18 03:52:33,826 INFO  grpc.GrpcConfigKeys$Server (ConfUtils.java:logGet(43)) - raft.grpc.server.leader.outstanding.appends.max = 128 (default)
2019-08-18 03:52:33,826 INFO  server.RaftServerConfigKeys (ConfUtils.java:logGet(43)) - raft.server.rpc.request.timeout = 3000ms (default)
2019-08-18 03:52:33,826 INFO  server.RaftServerConfigKeys (ConfUtils.java:logGet(43)) - raft.server.log.appender.install.snapshot.enabled = false (custom)
2019-08-18 03:52:33,827 INFO  impl.RoleInfo (RoleInfo.java:updateAndGet(143)) - e0bdcbff-667f-41c3-ad1f-791ce553c40c: start LeaderState
2019-08-18 03:52:33,827 INFO  segmented.SegmentedRaftLogWorker (SegmentedRaftLogWorker.java:startLogSegment(380)) - e0bdcbff-667f-41c3-ad1f-791ce553c40c-SegmentedRaftLogWorker:Storage Directory /workdir/hadoop-ozone/integration-test/target/test-dir/MiniOzoneClusterImpl-0f5add87-0c11-4011-93e8-a360484efc1f/datanode-3/data/ratis/61ea4d95-16ce-49bf-be1d-90b8af4e75e2: Starting segment from index:0
2019-08-18 03:52:33,828 INFO  impl.RaftServerImpl (ServerState.java:setRaftConf(361)) - e0bdcbff-667f-41c3-ad1f-791ce553c40c:group-90B8AF4E75E2 set configuration 0: [55f42c00-1b28-4f45-b737-7e010e517182:192.168.69.121:35894, fff5aa8a-9f35-47d4-ab2a-a764a6e25882:192.168.69.121:40458, e0bdcbff-667f-41c3-ad1f-791ce553c40c:192.168.69.121:45055], old=null at 0
2019-08-18 03:52:33,847 INFO  impl.RaftServerImpl (RaftServerImpl.java:requestVote(754)) - e0bdcbff-667f-41c3-ad1f-791ce553c40c-LEADER: Withhold vote from candidate 55f42c00-1b28-4f45-b737-7e010e517182 with term 1. State: leader=e0bdcbff-667f-41c3-ad1f-791ce553c40c, term=1, lastRpcElapsed=null
2019-08-18 03:52:33,850 INFO  impl.LeaderElection (LeaderElection.java:logAndReturn(56)) - 55f42c00-1b28-4f45-b737-7e010e517182:group-90B8AF4E75E2:LeaderElection24: Election REJECTED; received 2 response(s) [55f42c00-1b28-4f45-b737-7e010e517182<-fff5aa8a-9f35-47d4-ab2a-a764a6e25882#0:FAIL-t1, 55f42c00-1b28-4f45-b737-7e010e517182<-e0bdcbff-667f-41c3-ad1f-791ce553c40c#0:FAIL-t1] and 0 exception(s); 55f42c00-1b28-4f45-b737-7e010e517182:t1, leader=null, voted=55f42c00-1b28-4f45-b737-7e010e517182, raftlog=55f42c00-1b28-4f45-b737-7e010e517182-SegmentedRaftLog:OPENED:c-1,f-1,i0, conf=-1: [55f42c00-1b28-4f45-b737-7e010e517182:192.168.69.121:35894, fff5aa8a-9f35-47d4-ab2a-a764a6e25882:192.168.69.121:40458, e0bdcbff-667f-41c3-ad1f-791ce553c40c:192.168.69.121:45055], old=null
2019-08-18 03:52:33,850 INFO  impl.RaftServerImpl (ServerState.java:setLeader(263)) - fff5aa8a-9f35-47d4-ab2a-a764a6e25882:group-90B8AF4E75E2 change Leader from null to e0bdcbff-667f-41c3-ad1f-791ce553c40c at term 1 for appendEntries, leader elected after 5111ms
2019-08-18 03:52:33,850 INFO  impl.RaftServerImpl (RaftServerImpl.java:setRole(171)) - 55f42c00-1b28-4f45-b737-7e010e517182:group-90B8AF4E75E2 changes role from CANDIDATE to FOLLOWER at term 1 for appendEntries
2019-08-18 03:52:33,850 INFO  impl.RoleInfo (RoleInfo.java:shutdownLeaderElection(134)) - 55f42c00-1b28-4f45-b737-7e010e517182: shutdown LeaderElection
2019-08-18 03:52:33,853 INFO  impl.RoleInfo (RoleInfo.java:updateAndGet(143)) - 55f42c00-1b28-4f45-b737-7e010e517182: start FollowerState
2019-08-18 03:52:33,854 INFO  impl.RaftServerImpl (ServerState.java:setLeader(263)) - 55f42c00-1b28-4f45-b737-7e010e517182:group-90B8AF4E75E2 change Leader from null to e0bdcbff-667f-41c3-ad1f-791ce553c40c at term 1 for appendEntries, leader elected after 5116ms
2019-08-18 03:52:33,858 INFO  impl.RaftServerImpl (ServerState.java:setRaftConf(361)) - fff5aa8a-9f35-47d4-ab2a-a764a6e25882:group-90B8AF4E75E2 set configuration 0: [55f42c00-1b28-4f45-b737-7e010e517182:192.168.69.121:35894, fff5aa8a-9f35-47d4-ab2a-a764a6e25882:192.168.69.121:40458, e0bdcbff-667f-41c3-ad1f-791ce553c40c:192.168.69.121:45055], old=null at 0
2019-08-18 03:52:33,858 INFO  segmented.SegmentedRaftLogWorker (SegmentedRaftLogWorker.java:startLogSegment(380)) - fff5aa8a-9f35-47d4-ab2a-a764a6e25882-SegmentedRaftLogWorker:Storage Directory /workdir/hadoop-ozone/integration-test/target/test-dir/MiniOzoneClusterImpl-0f5add87-0c11-4011-93e8-a360484efc1f/datanode-5/data/ratis/61ea4d95-16ce-49bf-be1d-90b8af4e75e2: Starting segment from index:0
2019-08-18 03:52:33,859 INFO  impl.RaftServerImpl (ServerState.java:setRaftConf(361)) - 55f42c00-1b28-4f45-b737-7e010e517182:group-90B8AF4E75E2 set configuration 0: [55f42c00-1b28-4f45-b737-7e010e517182:192.168.69.121:35894, fff5aa8a-9f35-47d4-ab2a-a764a6e25882:192.168.69.121:40458, e0bdcbff-667f-41c3-ad1f-791ce553c40c:192.168.69.121:45055], old=null at 0
2019-08-18 03:52:33,860 INFO  segmented.SegmentedRaftLogWorker (SegmentedRaftLogWorker.java:startLogSegment(380)) - 55f42c00-1b28-4f45-b737-7e010e517182-SegmentedRaftLogWorker:Storage Directory /workdir/hadoop-ozone/integration-test/target/test-dir/MiniOzoneClusterImpl-0f5add87-0c11-4011-93e8-a360484efc1f/datanode-4/data/ratis/61ea4d95-16ce-49bf-be1d-90b8af4e75e2: Starting segment from index:0
2019-08-18 03:52:33,860 INFO  segmented.SegmentedRaftLogWorker (SegmentedRaftLogWorker.java:execute(569)) - e0bdcbff-667f-41c3-ad1f-791ce553c40c-SegmentedRaftLogWorker:Storage Directory /workdir/hadoop-ozone/integration-test/target/test-dir/MiniOzoneClusterImpl-0f5add87-0c11-4011-93e8-a360484efc1f/datanode-3/data/ratis/61ea4d95-16ce-49bf-be1d-90b8af4e75e2: created new log segment /workdir/hadoop-ozone/integration-test/target/test-dir/MiniOzoneClusterImpl-0f5add87-0c11-4011-93e8-a360484efc1f/datanode-3/data/ratis/61ea4d95-16ce-49bf-be1d-90b8af4e75e2/current/log_inprogress_0
2019-08-18 03:52:33,890 INFO  segmented.SegmentedRaftLogWorker (SegmentedRaftLogWorker.java:execute(569)) - 55f42c00-1b28-4f45-b737-7e010e517182-SegmentedRaftLogWorker:Storage Directory /workdir/hadoop-ozone/integration-test/target/test-dir/MiniOzoneClusterImpl-0f5add87-0c11-4011-93e8-a360484efc1f/datanode-4/data/ratis/61ea4d95-16ce-49bf-be1d-90b8af4e75e2: created new log segment /workdir/hadoop-ozone/integration-test/target/test-dir/MiniOzoneClusterImpl-0f5add87-0c11-4011-93e8-a360484efc1f/datanode-4/data/ratis/61ea4d95-16ce-49bf-be1d-90b8af4e75e2/current/log_inprogress_0
2019-08-18 03:52:33,891 INFO  segmented.SegmentedRaftLogWorker (SegmentedRaftLogWorker.java:execute(569)) - fff5aa8a-9f35-47d4-ab2a-a764a6e25882-SegmentedRaftLogWorker:Storage Directory /workdir/hadoop-ozone/integration-test/target/test-dir/MiniOzoneClusterImpl-0f5add87-0c11-4011-93e8-a360484efc1f/datanode-5/data/ratis/61ea4d95-16ce-49bf-be1d-90b8af4e75e2: created new log segment /workdir/hadoop-ozone/integration-test/target/test-dir/MiniOzoneClusterImpl-0f5add87-0c11-4011-93e8-a360484efc1f/datanode-5/data/ratis/61ea4d95-16ce-49bf-be1d-90b8af4e75e2/current/log_inprogress_0
2019-08-18 03:52:34,032 INFO  client.GrpcClientProtocolClient (GrpcClientProtocolClient.java:onNext(255)) - client-3D58899A9696->edfea4d6-7835-43b7-9134-afe94d20d7b8: receive RaftClientReply:client-3D58899A9696->edfea4d6-7835-43b7-9134-afe94d20d7b8@group-77C134CF9127, cid=42, FAILED org.apache.ratis.protocol.NotLeaderException: Server edfea4d6-7835-43b7-9134-afe94d20d7b8 is not the leader (bedc83fc-80bb-46d5-9978-f874350dfebb:192.168.69.121:33633). Request must be sent to leader., logIndex=0, commits[edfea4d6-7835-43b7-9134-afe94d20d7b8:c-1, bedc83fc-80bb-46d5-9978-f874350dfebb:c-1, d946b57f-2ac4-4164-80e1-83456a07be7d:c-1]
2019-08-18 03:52:34,067 INFO  impl.FollowerState (FollowerState.java:run(106)) - 5a79ed89-f4f5-4cd9-8c3c-0b581ab6347d:group-46FCC7582597 changes to CANDIDATE, lastRpcTime:5194, electionTimeout:5194ms
2019-08-18 03:52:34,068 INFO  impl.RoleInfo (RoleInfo.java:shutdownFollowerState(121)) - 5a79ed89-f4f5-4cd9-8c3c-0b581ab6347d: shutdown FollowerState
2019-08-18 03:52:34,068 INFO  impl.RaftServerImpl (RaftServerImpl.java:setRole(171)) - 5a79ed89-f4f5-4cd9-8c3c-0b581ab6347d:group-46FCC7582597 changes role from FOLLOWER to CANDIDATE at term 0 for changeToCandidate
2019-08-18 03:52:34,068 INFO  impl.RoleInfo (RoleInfo.java:updateAndGet(143)) - 5a79ed89-f4f5-4cd9-8c3c-0b581ab6347d: start LeaderElection
2019-08-18 03:52:34,079 INFO  impl.LeaderElection (LeaderElection.java:askForVotes(181)) - 5a79ed89-f4f5-4cd9-8c3c-0b581ab6347d:group-46FCC7582597:LeaderElection25: begin an election at term 1 for -1: [5a79ed89-f4f5-4cd9-8c3c-0b581ab6347d:192.168.69.121:40242], old=null
2019-08-18 03:52:34,079 INFO  impl.RoleInfo (RoleInfo.java:shutdownLeaderElection(134)) - 5a79ed89-f4f5-4cd9-8c3c-0b581ab6347d: shutdown LeaderElection
2019-08-18 03:52:34,079 INFO  impl.RaftServerImpl (RaftServerImpl.java:setRole(171)) - 5a79ed89-f4f5-4cd9-8c3c-0b581ab6347d:group-46FCC7582597 changes role from CANDIDATE to LEADER at term 1 for changeToLeader
2019-08-18 03:52:34,079 INFO  impl.RaftServerImpl (ServerState.java:setLeader(263)) - 5a79ed89-f4f5-4cd9-8c3c-0b581ab6347d:group-46FCC7582597 change Leader from null to 5a79ed89-f4f5-4cd9-8c3c-0b581ab6347d at term 1 for becomeLeader, leader elected after 5211ms
2019-08-18 03:52:34,090 INFO  server.RaftServerConfigKeys (ConfUtils.java:logGet(43)) - raft.server.staging.catchup.gap = 1000 (default)
2019-08-18 03:52:34,090 INFO  server.RaftServerConfigKeys (ConfUtils.java:logGet(43)) - raft.server.rpc.sleep.time = 25ms (default)
2019-08-18 03:52:34,090 INFO  server.RaftServerConfigKeys (ConfUtils.java:logGet(43)) - raft.server.write.element-limit = 4096 (default)
2019-08-18 03:52:34,091 INFO  server.RaftServerConfigKeys (ConfUtils.java:logGet(43)) - raft.server.watch.timeout = 10s (default)
2019-08-18 03:52:34,091 INFO  server.RaftServerConfigKeys (ConfUtils.java:logGet(43)) - raft.server.watch.timeout.denomination = 1s (default)
2019-08-18 03:52:34,091 INFO  server.RaftServerConfigKeys (ConfUtils.java:logGet(43)) - raft.server.watch.element-limit = 65536 (default)
2019-08-18 03:52:34,091 INFO  impl.RoleInfo (RoleInfo.java:updateAndGet(143)) - 5a79ed89-f4f5-4cd9-8c3c-0b581ab6347d: start LeaderState
2019-08-18 03:52:34,091 INFO  segmented.SegmentedRaftLogWorker (SegmentedRaftLogWorker.java:startLogSegment(380)) - 5a79ed89-f4f5-4cd9-8c3c-0b581ab6347d-SegmentedRaftLogWorker:Storage Directory /workdir/hadoop-ozone/integration-test/target/test-dir/MiniOzoneClusterImpl-0f5add87-0c11-4011-93e8-a360484efc1f/datanode-6/data/ratis/d6236f59-b047-4ca9-a806-46fcc7582597: Starting segment from index:0
2019-08-18 03:52:34,092 INFO  impl.RaftServerImpl (ServerState.java:setRaftConf(361)) - 5a79ed89-f4f5-4cd9-8c3c-0b581ab6347d:group-46FCC7582597 set configuration 0: [5a79ed89-f4f5-4cd9-8c3c-0b581ab6347d:192.168.69.121:40242], old=null at 0
2019-08-18 03:52:34,127 INFO  segmented.SegmentedRaftLogWorker (SegmentedRaftLogWorker.java:execute(569)) - 5a79ed89-f4f5-4cd9-8c3c-0b581ab6347d-SegmentedRaftLogWorker:Storage Directory /workdir/hadoop-ozone/integration-test/target/test-dir/MiniOzoneClusterImpl-0f5add87-0c11-4011-93e8-a360484efc1f/datanode-6/data/ratis/d6236f59-b047-4ca9-a806-46fcc7582597: created new log segment /workdir/hadoop-ozone/integration-test/target/test-dir/MiniOzoneClusterImpl-0f5add87-0c11-4011-93e8-a360484efc1f/datanode-6/data/ratis/d6236f59-b047-4ca9-a806-46fcc7582597/current/log_inprogress_0
2019-08-18 03:52:34,141 INFO  client.GrpcClientProtocolClient (GrpcClientProtocolClient.java:onNext(255)) - client-3D58899A9696->bedc83fc-80bb-46d5-9978-f874350dfebb: receive RaftClientReply:client-3D58899A9696->bedc83fc-80bb-46d5-9978-f874350dfebb@group-77C134CF9127, cid=42, SUCCESS, logIndex=1, commits[bedc83fc-80bb-46d5-9978-f874350dfebb:c2, edfea4d6-7835-43b7-9134-afe94d20d7b8:c1, d946b57f-2ac4-4164-80e1-83456a07be7d:c1]
2019-08-18 03:52:34,236 INFO  client.GrpcClientProtocolClient (GrpcClientProtocolClient.java:onNext(255)) - client-3D58899A9696->bedc83fc-80bb-46d5-9978-f874350dfebb: receive RaftClientReply:client-3D58899A9696->bedc83fc-80bb-46d5-9978-f874350dfebb@group-77C134CF9127, cid=43, SUCCESS, logIndex=3, commits[bedc83fc-80bb-46d5-9978-f874350dfebb:c4, edfea4d6-7835-43b7-9134-afe94d20d7b8:c3, d946b57f-2ac4-4164-80e1-83456a07be7d:c3]
2019-08-18 03:52:34,351 INFO  client.GrpcClientProtocolClient (GrpcClientProtocolClient.java:onNext(255)) - client-3D58899A9696->bedc83fc-80bb-46d5-9978-f874350dfebb: receive RaftClientReply:client-3D58899A9696->bedc83fc-80bb-46d5-9978-f874350dfebb@group-77C134CF9127, cid=44, SUCCESS, logIndex=5, commits[bedc83fc-80bb-46d5-9978-f874350dfebb:c6, edfea4d6-7835-43b7-9134-afe94d20d7b8:c5, d946b57f-2ac4-4164-80e1-83456a07be7d:c5]
2019-08-18 03:52:34,381 INFO  client.GrpcClientProtocolClient (GrpcClientProtocolClient.java:onNext(255)) - client-3D58899A9696->bedc83fc-80bb-46d5-9978-f874350dfebb: receive RaftClientReply:client-3D58899A9696->bedc83fc-80bb-46d5-9978-f874350dfebb@group-77C134CF9127, cid=45, FAILED org.apache.ratis.protocol.StateMachineException: java.util.concurrent.CompletionException: java.lang.IllegalArgumentException, logIndex=7, commits[bedc83fc-80bb-46d5-9978-f874350dfebb:c7, edfea4d6-7835-43b7-9134-afe94d20d7b8:c6, d946b57f-2ac4-4164-80e1-83456a07be7d:c6]
2019-08-18 03:52:34,385 INFO  ozone.MiniOzoneClusterImpl (MiniOzoneClusterImpl.java:shutdown(321)) - Shutting down the Mini Ozone Cluster
2019-08-18 03:52:34,386 INFO  ozone.MiniOzoneClusterImpl (MiniOzoneClusterImpl.java:stop(336)) - Stopping the Mini Ozone Cluster
2019-08-18 03:52:34,386 INFO  ozone.MiniOzoneClusterImpl (MiniOzoneClusterImpl.java:stop(338)) - Stopping the OzoneManager
2019-08-18 03:52:34,386 INFO  ipc.Server (Server.java:stop(3082)) - Stopping server on 37712
2019-08-18 03:52:34,400 INFO  ipc.Server (Server.java:run(1185)) - Stopping IPC Server listener on 37712
2019-08-18 03:52:34,405 INFO  ipc.Server (Server.java:run(1319)) - Stopping IPC Server Responder
2019-08-18 03:52:34,408 INFO  utils.BackgroundService (BackgroundService.java:shutdown(148)) - Shutting down service KeyDeletingService
2019-08-18 03:52:34,429 INFO  handler.ContextHandler (ContextHandler.java:doStop(910)) - Stopped o.e.j.w.WebAppContext@1d4cc7{/,null,UNAVAILABLE}{/ozoneManager}
2019-08-18 03:52:34,430 INFO  server.AbstractConnector (AbstractConnector.java:doStop(318)) - Stopped ServerConnector@7d28cdcd{HTTP/1.1,[http/1.1]}{0.0.0.0:0}
2019-08-18 03:52:34,431 INFO  handler.ContextHandler (ContextHandler.java:doStop(910)) - Stopped o.e.j.s.ServletContextHandler@4a2e1e52{/static,file:///workdir/hadoop-ozone/integration-test/target/test-classes/webapps/static,UNAVAILABLE}
2019-08-18 03:52:34,432 INFO  handler.ContextHandler (ContextHandler.java:doStop(910)) - Stopped o.e.j.s.ServletContextHandler@5238896f{/logs,file:///workdir/hadoop-ozone/integration-test/target/log,UNAVAILABLE}
2019-08-18 03:52:34,436 INFO  ozone.MiniOzoneClusterImpl (MiniOzoneClusterImpl.java:stop(344)) - Shutting the HddsDatanodes
2019-08-18 03:52:34,437 INFO  datanode.ObjectStoreHandler (ObjectStoreHandler.java:close(155)) - Closing ObjectStoreHandler.
2019-08-18 03:52:34,437 INFO  datanode.ObjectStoreHandler (ObjectStoreHandler.java:close(155)) - Closing ObjectStoreHandler.
2019-08-18 03:52:34,438 INFO  ozone.HddsDatanodeService (HddsDatanodeService.java:stop(451)) - Stopped plug-in org.apache.hadoop.ozone.web.OzoneHddsDatanodeService@5ad40184
2019-08-18 03:52:34,438 INFO  ozone.HddsDatanodeService (HddsDatanodeService.java:stop(451)) - Stopped plug-in org.apache.hadoop.ozone.web.OzoneHddsDatanodeService@6a6e9289
2019-08-18 03:52:35,400 INFO  statemachine.DatanodeStateMachine (DatanodeStateMachine.java:lambda$startDaemon$0(350)) - Ozone container server started.
2019-08-18 03:52:35,428 INFO  statemachine.DatanodeStateMachine (DatanodeStateMachine.java:lambda$startDaemon$0(350)) - Ozone container server started.
2019-08-18 03:52:39,439 INFO  ozoneimpl.OzoneContainer (OzoneContainer.java:stop(199)) - Attempting to stop container services.
2019-08-18 03:52:39,440 INFO  ozoneimpl.OzoneContainer (OzoneContainer.java:stop(199)) - Attempting to stop container services.
2019-08-18 03:52:39,440 INFO  impl.RaftServerProxy (RaftServerProxy.java:lambda$close$4(314)) - 55f42c00-1b28-4f45-b737-7e010e517182: close
2019-08-18 03:52:39,440 INFO  impl.RaftServerProxy (RaftServerProxy.java:lambda$close$4(314)) - d946b57f-2ac4-4164-80e1-83456a07be7d: close
2019-08-18 03:52:39,441 INFO  impl.RaftServerImpl (RaftServerImpl.java:lambda$shutdown$3(245)) - 55f42c00-1b28-4f45-b737-7e010e517182: shutdown group-90B8AF4E75E2
2019-08-18 03:52:39,441 INFO  impl.RaftServerImpl (RaftServerImpl.java:lambda$shutdown$3(245)) - d946b57f-2ac4-4164-80e1-83456a07be7d: shutdown group-17D99F4483FA
2019-08-18 03:52:39,441 INFO  util.JmxRegister (JmxRegister.java:unregister(73)) - Successfully un-registered JMX Bean with object name Ratis:service=RaftServer,group=group-90B8AF4E75E2,id=55f42c00-1b28-4f45-b737-7e010e517182
2019-08-18 03:52:39,442 INFO  util.JmxRegister (JmxRegister.java:unregister(73)) - Successfully un-registered JMX Bean with object name Ratis:service=RaftServer,group=group-17D99F4483FA,id=d946b57f-2ac4-4164-80e1-83456a07be7d
2019-08-18 03:52:39,442 INFO  impl.RoleInfo (RoleInfo.java:shutdownFollowerState(121)) - 55f42c00-1b28-4f45-b737-7e010e517182: shutdown FollowerState
2019-08-18 03:52:39,442 INFO  impl.RoleInfo (RoleInfo.java:shutdownLeaderState(104)) - d946b57f-2ac4-4164-80e1-83456a07be7d: shutdown LeaderState
2019-08-18 03:52:39,443 INFO  impl.FollowerState (FollowerState.java:run(114)) - 55f42c00-1b28-4f45-b737-7e010e517182: FollowerState was interrupted: java.lang.InterruptedException: sleep interrupted
2019-08-18 03:52:39,443 INFO  impl.StateMachineUpdater (StateMachineUpdater.java:stopAndJoin(115)) - StateMachineUpdater:55f42c00-1b28-4f45-b737-7e010e517182:group-90B8AF4E75E2: set stopIndex = 0
2019-08-18 03:52:39,448 INFO  impl.RaftServerImpl (ServerState.java:close(394)) - 55f42c00-1b28-4f45-b737-7e010e517182:group-90B8AF4E75E2 closes. The last applied log index is 0
2019-08-18 03:52:39,443 INFO  impl.PendingRequests (PendingRequests.java:sendNotLeaderResponses(202)) - d946b57f-2ac4-4164-80e1-83456a07be7d-PendingRequests: sendNotLeaderResponses
2019-08-18 03:52:39,449 INFO  segmented.SegmentedRaftLogWorker (SegmentedRaftLogWorker.java:run(313)) - 55f42c00-1b28-4f45-b737-7e010e517182-SegmentedRaftLogWorker:Storage Directory /workdir/hadoop-ozone/integration-test/target/test-dir/MiniOzoneClusterImpl-0f5add87-0c11-4011-93e8-a360484efc1f/datanode-4/data/ratis/61ea4d95-16ce-49bf-be1d-90b8af4e75e2 was interrupted, exiting. There are 0 tasks remaining in the queue.
2019-08-18 03:52:39,449 INFO  impl.StateMachineUpdater (StateMachineUpdater.java:stopAndJoin(115)) - StateMachineUpdater:d946b57f-2ac4-4164-80e1-83456a07be7d:group-17D99F4483FA: set stopIndex = 0
2019-08-18 03:52:39,452 INFO  impl.RaftServerImpl (ServerState.java:close(394)) - d946b57f-2ac4-4164-80e1-83456a07be7d:group-17D99F4483FA closes. The last applied log index is 0
2019-08-18 03:52:39,452 INFO  segmented.SegmentedRaftLogWorker (SegmentedRaftLogWorker.java:close(228)) - 55f42c00-1b28-4f45-b737-7e010e517182-SegmentedRaftLogWorker:Storage Directory /workdir/hadoop-ozone/integration-test/target/test-dir/MiniOzoneClusterImpl-0f5add87-0c11-4011-93e8-a360484efc1f/datanode-4/data/ratis/61ea4d95-16ce-49bf-be1d-90b8af4e75e2 close()
2019-08-18 03:52:39,452 INFO  segmented.SegmentedRaftLogWorker (SegmentedRaftLogWorker.java:run(313)) - d946b57f-2ac4-4164-80e1-83456a07be7d-SegmentedRaftLogWorker:Storage Directory /workdir/hadoop-ozone/integration-test/target/test-dir/MiniOzoneClusterImpl-0f5add87-0c11-4011-93e8-a360484efc1f/datanode-1/data/ratis/b99524b5-b0c2-4b25-b1c4-17d99f4483fa was interrupted, exiting. There are 0 tasks remaining in the queue.
2019-08-18 03:52:39,457 INFO  impl.RaftServerImpl (RaftServerImpl.java:lambda$shutdown$3(245)) - 55f42c00-1b28-4f45-b737-7e010e517182: shutdown group-7EE6F9A3CF45
2019-08-18 03:52:39,460 INFO  segmented.SegmentedRaftLogWorker (SegmentedRaftLogWorker.java:close(228)) - d946b57f-2ac4-4164-80e1-83456a07be7d-SegmentedRaftLogWorker:Storage Directory /workdir/hadoop-ozone/integration-test/target/test-dir/MiniOzoneClusterImpl-0f5add87-0c11-4011-93e8-a360484efc1f/datanode-1/data/ratis/b99524b5-b0c2-4b25-b1c4-17d99f4483fa close()
2019-08-18 03:52:39,460 INFO  util.JmxRegister (JmxRegister.java:unregister(73)) - Successfully un-registered JMX Bean with object name Ratis:service=RaftServer,group=group-7EE6F9A3CF45,id=55f42c00-1b28-4f45-b737-7e010e517182
2019-08-18 03:52:39,465 INFO  impl.RoleInfo (RoleInfo.java:shutdownLeaderState(104)) - 55f42c00-1b28-4f45-b737-7e010e517182: shutdown LeaderState
2019-08-18 03:52:39,465 INFO  impl.RaftServerImpl (RaftServerImpl.java:lambda$shutdown$3(245)) - d946b57f-2ac4-4164-80e1-83456a07be7d: shutdown group-77C134CF9127
2019-08-18 03:52:39,466 INFO  impl.PendingRequests (PendingRequests.java:sendNotLeaderResponses(202)) - 55f42c00-1b28-4f45-b737-7e010e517182-PendingRequests: sendNotLeaderResponses
2019-08-18 03:52:39,466 INFO  util.JmxRegister (JmxRegister.java:unregister(73)) - Successfully un-registered JMX Bean with object name Ratis:service=RaftServer,group=group-77C134CF9127,id=d946b57f-2ac4-4164-80e1-83456a07be7d
2019-08-18 03:52:39,467 INFO  impl.StateMachineUpdater (StateMachineUpdater.java:stopAndJoin(115)) - StateMachineUpdater:55f42c00-1b28-4f45-b737-7e010e517182:group-7EE6F9A3CF45: set stopIndex = 0
2019-08-18 03:52:39,467 INFO  impl.RoleInfo (RoleInfo.java:shutdownFollowerState(121)) - d946b57f-2ac4-4164-80e1-83456a07be7d: shutdown FollowerState
2019-08-18 03:52:39,467 INFO  impl.RaftServerImpl (ServerState.java:close(394)) - 55f42c00-1b28-4f45-b737-7e010e517182:group-7EE6F9A3CF45 closes. The last applied log index is 0
2019-08-18 03:52:39,468 INFO  impl.FollowerState (FollowerState.java:run(114)) - d946b57f-2ac4-4164-80e1-83456a07be7d: FollowerState was interrupted: java.lang.InterruptedException: sleep interrupted
2019-08-18 03:52:39,468 INFO  segmented.SegmentedRaftLogWorker (SegmentedRaftLogWorker.java:run(313)) - 55f42c00-1b28-4f45-b737-7e010e517182-SegmentedRaftLogWorker:Storage Directory /workdir/hadoop-ozone/integration-test/target/test-dir/MiniOzoneClusterImpl-0f5add87-0c11-4011-93e8-a360484efc1f/datanode-4/data/ratis/4766caf1-31fc-4ab0-9e82-7ee6f9a3cf45 was interrupted, exiting. There are 0 tasks remaining in the queue.
2019-08-18 03:52:39,468 INFO  ratis.ContainerStateMachine (ContainerStateMachine.java:takeSnapshot(262)) - group-77C134CF9127: Taking a snapshot at:(t:1, i:6) file /workdir/hadoop-ozone/integration-test/target/test-dir/MiniOzoneClusterImpl-0f5add87-0c11-4011-93e8-a360484efc1f/datanode-1/data/ratis/2c277e85-f0b4-4d1d-94e6-77c134cf9127/sm/snapshot.1_6
2019-08-18 03:52:39,468 INFO  impl.StateMachineUpdater (StateMachineUpdater.java:stopAndJoin(115)) - StateMachineUpdater:d946b57f-2ac4-4164-80e1-83456a07be7d:group-77C134CF9127: set stopIndex = 8
2019-08-18 03:52:39,473 INFO  segmented.SegmentedRaftLogWorker (SegmentedRaftLogWorker.java:close(228)) - 55f42c00-1b28-4f45-b737-7e010e517182-SegmentedRaftLogWorker:Storage Directory /workdir/hadoop-ozone/integration-test/target/test-dir/MiniOzoneClusterImpl-0f5add87-0c11-4011-93e8-a360484efc1f/datanode-4/data/ratis/4766caf1-31fc-4ab0-9e82-7ee6f9a3cf45 close()
2019-08-18 03:52:39,478 INFO  server.GrpcService (GrpcService.java:closeImpl(155)) - 55f42c00-1b28-4f45-b737-7e010e517182: shutdown server with port 35894 now
2019-08-18 03:52:39,483 WARN  server.GrpcServerProtocolService (LogUtils.java:warn(134)) - 55f42c00-1b28-4f45-b737-7e010e517182: appendEntries onError: org.apache.ratis.thirdparty.io.grpc.StatusRuntimeException: CANCELLED: cancelled before receiving half close
2019-08-18 03:52:39,483 INFO  server.GrpcService (GrpcService.java:closeImpl(163)) - 55f42c00-1b28-4f45-b737-7e010e517182: shutdown server with port 35894 successfully
2019-08-18 03:52:39,484 WARN  server.GrpcLogAppender (LogUtils.java:warn(134)) - e0bdcbff-667f-41c3-ad1f-791ce553c40c->55f42c00-1b28-4f45-b737-7e010e517182: Failed appendEntries: org.apache.ratis.thirdparty.io.grpc.StatusRuntimeException: CANCELLED: HTTP/2 error code: CANCEL
Received Rst Stream
2019-08-18 03:52:39,487 INFO  ratis.ContainerStateMachine (ContainerStateMachine.java:takeSnapshot(273)) - group-77C134CF9127: Finished taking a snapshot at:(t:1, i:6) file:/workdir/hadoop-ozone/integration-test/target/test-dir/MiniOzoneClusterImpl-0f5add87-0c11-4011-93e8-a360484efc1f/datanode-1/data/ratis/2c277e85-f0b4-4d1d-94e6-77c134cf9127/sm/snapshot.1_6 time:20
2019-08-18 03:52:39,487 INFO  impl.FollowerInfo (FollowerInfo.java:lambda$new$0(50)) - e0bdcbff-667f-41c3-ad1f-791ce553c40c->55f42c00-1b28-4f45-b737-7e010e517182: nextIndex: updateUnconditionally 1 -> 0
2019-08-18 03:52:39,487 INFO  impl.StateMachineUpdater (StateMachineUpdater.java:takeSnapshot(242)) - StateMachineUpdater:d946b57f-2ac4-4164-80e1-83456a07be7d:group-77C134CF9127: Took a snapshot at index 6
2019-08-18 03:52:39,488 INFO  utils.BackgroundService (BackgroundService.java:shutdown(148)) - Shutting down service BlockDeletingService
2019-08-18 03:52:39,488 INFO  impl.StateMachineUpdater (StateMachineUpdater.java:lambda$new$0(80)) - StateMachineUpdater:d946b57f-2ac4-4164-80e1-83456a07be7d:group-77C134CF9127: snapshotIndex: updateIncreasingly -1 -> 6
2019-08-18 03:52:39,490 WARN  fs.CachingGetSpaceUsed (CachingGetSpaceUsed.java:run(183)) - Thread Interrupted waiting to refresh disk information: sleep interrupted
2019-08-18 03:52:39,491 INFO  impl.RaftServerImpl (ServerState.java:close(394)) - d946b57f-2ac4-4164-80e1-83456a07be7d:group-77C134CF9127 closes. The last applied log index is 8
2019-08-18 03:52:39,491 INFO  segmented.SegmentedRaftLogWorker (SegmentedRaftLogWorker.java:run(313)) - d946b57f-2ac4-4164-80e1-83456a07be7d-SegmentedRaftLogWorker:Storage Directory /workdir/hadoop-ozone/integration-test/target/test-dir/MiniOzoneClusterImpl-0f5add87-0c11-4011-93e8-a360484efc1f/datanode-1/data/ratis/2c277e85-f0b4-4d1d-94e6-77c134cf9127 was interrupted, exiting. There are 0 tasks remaining in the queue.
2019-08-18 03:52:39,494 INFO  segmented.SegmentedRaftLogWorker (SegmentedRaftLogWorker.java:close(228)) - d946b57f-2ac4-4164-80e1-83456a07be7d-SegmentedRaftLogWorker:Storage Directory /workdir/hadoop-ozone/integration-test/target/test-dir/MiniOzoneClusterImpl-0f5add87-0c11-4011-93e8-a360484efc1f/datanode-1/data/ratis/2c277e85-f0b4-4d1d-94e6-77c134cf9127 close()
2019-08-18 03:52:39,510 INFO  server.GrpcService (GrpcService.java:closeImpl(155)) - d946b57f-2ac4-4164-80e1-83456a07be7d: shutdown server with port 40839 now
2019-08-18 03:52:39,511 WARN  server.GrpcServerProtocolService (LogUtils.java:warn(134)) - d946b57f-2ac4-4164-80e1-83456a07be7d: appendEntries onError: org.apache.ratis.thirdparty.io.grpc.StatusRuntimeException: CANCELLED: cancelled before receiving half close
2019-08-18 03:52:39,511 INFO  server.GrpcService (GrpcService.java:closeImpl(163)) - d946b57f-2ac4-4164-80e1-83456a07be7d: shutdown server with port 40839 successfully
2019-08-18 03:52:39,511 WARN  server.GrpcLogAppender (LogUtils.java:warn(134)) - bedc83fc-80bb-46d5-9978-f874350dfebb->d946b57f-2ac4-4164-80e1-83456a07be7d: Failed appendEntries: org.apache.ratis.thirdparty.io.grpc.StatusRuntimeException: CANCELLED: HTTP/2 error code: CANCEL
Received Rst Stream
2019-08-18 03:52:39,514 INFO  impl.FollowerInfo (FollowerInfo.java:lambda$new$0(50)) - bedc83fc-80bb-46d5-9978-f874350dfebb->d946b57f-2ac4-4164-80e1-83456a07be7d: nextIndex: updateUnconditionally 9 -> 8
2019-08-18 03:52:39,515 INFO  utils.BackgroundService (BackgroundService.java:shutdown(148)) - Shutting down service BlockDeletingService
2019-08-18 03:52:39,519 WARN  fs.CachingGetSpaceUsed (CachingGetSpaceUsed.java:run(183)) - Thread Interrupted waiting to refresh disk information: sleep interrupted
2019-08-18 03:52:39,540 INFO  statemachine.DatanodeStateMachine (DatanodeStateMachine.java:stopDaemon(395)) - Ozone container server stopped.
2019-08-18 03:52:39,546 INFO  statemachine.DatanodeStateMachine (DatanodeStateMachine.java:stopDaemon(395)) - Ozone container server stopped.
2019-08-18 03:52:39,548 INFO  handler.ContextHandler (ContextHandler.java:doStop(910)) - Stopped o.e.j.w.WebAppContext@51cca357{/,null,UNAVAILABLE}{/hddsDatanode}
2019-08-18 03:52:39,552 INFO  handler.ContextHandler (ContextHandler.java:doStop(910)) - Stopped o.e.j.w.WebAppContext@1aed6f0b{/,null,UNAVAILABLE}{/hddsDatanode}
2019-08-18 03:52:39,552 INFO  server.AbstractConnector (AbstractConnector.java:doStop(318)) - Stopped ServerConnector@3a9c11fb{HTTP/1.1,[http/1.1]}{0.0.0.0:0}
2019-08-18 03:52:39,553 INFO  handler.ContextHandler (ContextHandler.java:doStop(910)) - Stopped o.e.j.s.ServletContextHandler@4e96cb04{/static,jar:file:/home/user/.m2/repository/org/apache/hadoop/hadoop-hdds-container-service/0.4.1-SNAPSHOT/hadoop-hdds-container-service-0.4.1-SNAPSHOT.jar!/webapps/static,UNAVAILABLE}
2019-08-18 03:52:39,553 INFO  server.AbstractConnector (AbstractConnector.java:doStop(318)) - Stopped ServerConnector@3b3546a3{HTTP/1.1,[http/1.1]}{0.0.0.0:0}
2019-08-18 03:52:39,553 INFO  handler.ContextHandler (ContextHandler.java:doStop(910)) - Stopped o.e.j.s.ServletContextHandler@43756cb{/logs,file:///workdir/hadoop-ozone/integration-test/target/log,UNAVAILABLE}
2019-08-18 03:52:39,555 INFO  handler.ContextHandler (ContextHandler.java:doStop(910)) - Stopped o.e.j.s.ServletContextHandler@5d2e6f62{/static,jar:file:/home/user/.m2/repository/org/apache/hadoop/hadoop-hdds-container-service/0.4.1-SNAPSHOT/hadoop-hdds-container-service-0.4.1-SNAPSHOT.jar!/webapps/static,UNAVAILABLE}
2019-08-18 03:52:39,558 INFO  handler.ContextHandler (ContextHandler.java:doStop(910)) - Stopped o.e.j.s.ServletContextHandler@33187485{/logs,file:///workdir/hadoop-ozone/integration-test/target/log,UNAVAILABLE}
2019-08-18 03:52:39,559 INFO  datanode.ObjectStoreHandler (ObjectStoreHandler.java:close(155)) - Closing ObjectStoreHandler.
2019-08-18 03:52:39,559 INFO  ozone.HddsDatanodeService (HddsDatanodeService.java:stop(451)) - Stopped plug-in org.apache.hadoop.ozone.web.OzoneHddsDatanodeService@5d32c1c7
2019-08-18 03:52:39,560 INFO  datanode.ObjectStoreHandler (ObjectStoreHandler.java:close(155)) - Closing ObjectStoreHandler.
2019-08-18 03:52:39,560 INFO  ozone.HddsDatanodeService (HddsDatanodeService.java:stop(451)) - Stopped plug-in org.apache.hadoop.ozone.web.OzoneHddsDatanodeService@6697f3d
2019-08-18 03:52:40,153 INFO  statemachine.DatanodeStateMachine (DatanodeStateMachine.java:lambda$startDaemon$0(350)) - Ozone container server started.
2019-08-18 03:52:40,409 INFO  statemachine.DatanodeStateMachine (DatanodeStateMachine.java:lambda$startDaemon$0(350)) - Ozone container server started.
2019-08-18 03:52:41,416 WARN  server.GrpcLogAppender (LogUtils.java:warn(134)) - e0bdcbff-667f-41c3-ad1f-791ce553c40c->55f42c00-1b28-4f45-b737-7e010e517182: Failed appendEntries: org.apache.ratis.thirdparty.io.grpc.StatusRuntimeException: UNAVAILABLE: io exception
2019-08-18 03:52:41,419 INFO  impl.FollowerInfo (FollowerInfo.java:lambda$new$0(50)) - e0bdcbff-667f-41c3-ad1f-791ce553c40c->55f42c00-1b28-4f45-b737-7e010e517182: nextIndex: updateUnconditionally 0 -> 0
2019-08-18 03:52:41,891 WARN  server.GrpcLogAppender (LogUtils.java:warn(134)) - bedc83fc-80bb-46d5-9978-f874350dfebb->d946b57f-2ac4-4164-80e1-83456a07be7d: Failed appendEntries: org.apache.ratis.thirdparty.io.grpc.StatusRuntimeException: UNAVAILABLE: io exception
2019-08-18 03:52:41,895 INFO  impl.FollowerInfo (FollowerInfo.java:lambda$new$0(50)) - bedc83fc-80bb-46d5-9978-f874350dfebb->d946b57f-2ac4-4164-80e1-83456a07be7d: nextIndex: updateUnconditionally 8 -> 7
2019-08-18 03:52:43,917 WARN  server.GrpcLogAppender (LogUtils.java:warn(134)) - e0bdcbff-667f-41c3-ad1f-791ce553c40c->55f42c00-1b28-4f45-b737-7e010e517182: Failed appendEntries: org.apache.ratis.thirdparty.io.grpc.StatusRuntimeException: UNAVAILABLE: io exception
2019-08-18 03:52:43,920 INFO  impl.FollowerInfo (FollowerInfo.java:lambda$new$0(50)) - e0bdcbff-667f-41c3-ad1f-791ce553c40c->55f42c00-1b28-4f45-b737-7e010e517182: nextIndex: updateUnconditionally 0 -> 0
2019-08-18 03:52:44,393 WARN  server.GrpcLogAppender (LogUtils.java:warn(134)) - bedc83fc-80bb-46d5-9978-f874350dfebb->d946b57f-2ac4-4164-80e1-83456a07be7d: Failed appendEntries: org.apache.ratis.thirdparty.io.grpc.StatusRuntimeException: UNAVAILABLE: io exception
2019-08-18 03:52:44,395 INFO  impl.FollowerInfo (FollowerInfo.java:lambda$new$0(50)) - bedc83fc-80bb-46d5-9978-f874350dfebb->d946b57f-2ac4-4164-80e1-83456a07be7d: nextIndex: updateUnconditionally 7 -> 6
2019-08-18 03:52:44,560 INFO  ozoneimpl.OzoneContainer (OzoneContainer.java:stop(199)) - Attempting to stop container services.
2019-08-18 03:52:44,561 INFO  impl.RaftServerProxy (RaftServerProxy.java:lambda$close$4(314)) - e0bdcbff-667f-41c3-ad1f-791ce553c40c: close
2019-08-18 03:52:44,561 INFO  ozoneimpl.OzoneContainer (OzoneContainer.java:stop(199)) - Attempting to stop container services.
2019-08-18 03:52:44,561 INFO  impl.RaftServerImpl (RaftServerImpl.java:lambda$shutdown$3(245)) - e0bdcbff-667f-41c3-ad1f-791ce553c40c: shutdown group-90B8AF4E75E2
2019-08-18 03:52:44,562 INFO  impl.RaftServerProxy (RaftServerProxy.java:lambda$close$4(314)) - edfea4d6-7835-43b7-9134-afe94d20d7b8: close
2019-08-18 03:52:44,562 INFO  util.JmxRegister (JmxRegister.java:unregister(73)) - Successfully un-registered JMX Bean with object name Ratis:service=RaftServer,group=group-90B8AF4E75E2,id=e0bdcbff-667f-41c3-ad1f-791ce553c40c
2019-08-18 03:52:44,562 INFO  impl.RaftServerImpl (RaftServerImpl.java:lambda$shutdown$3(245)) - edfea4d6-7835-43b7-9134-afe94d20d7b8: shutdown group-2D2DD83C09F4
2019-08-18 03:52:44,563 INFO  impl.RoleInfo (RoleInfo.java:shutdownLeaderState(104)) - e0bdcbff-667f-41c3-ad1f-791ce553c40c: shutdown LeaderState
2019-08-18 03:52:44,563 INFO  util.JmxRegister (JmxRegister.java:unregister(73)) - Successfully un-registered JMX Bean with object name Ratis:service=RaftServer,group=group-2D2DD83C09F4,id=edfea4d6-7835-43b7-9134-afe94d20d7b8
2019-08-18 03:52:44,568 WARN  server.GrpcLogAppender (GrpcLogAppender.java:mayWait(143)) - GrpcLogAppender(e0bdcbff-667f-41c3-ad1f-791ce553c40c->55f42c00-1b28-4f45-b737-7e010e517182): Wait interrupted by java.lang.InterruptedException
2019-08-18 03:52:44,568 INFO  impl.PendingRequests (PendingRequests.java:sendNotLeaderResponses(202)) - e0bdcbff-667f-41c3-ad1f-791ce553c40c-PendingRequests: sendNotLeaderResponses
2019-08-18 03:52:44,568 WARN  server.GrpcLogAppender (GrpcLogAppender.java:mayWait(143)) - GrpcLogAppender(e0bdcbff-667f-41c3-ad1f-791ce553c40c->fff5aa8a-9f35-47d4-ab2a-a764a6e25882): Wait interrupted by java.lang.InterruptedException
2019-08-18 03:52:44,569 INFO  impl.StateMachineUpdater (StateMachineUpdater.java:stopAndJoin(115)) - StateMachineUpdater:e0bdcbff-667f-41c3-ad1f-791ce553c40c:group-90B8AF4E75E2: set stopIndex = 0
2019-08-18 03:52:44,568 INFO  impl.RoleInfo (RoleInfo.java:shutdownLeaderState(104)) - edfea4d6-7835-43b7-9134-afe94d20d7b8: shutdown LeaderState
2019-08-18 03:52:44,569 INFO  impl.RaftServerImpl (ServerState.java:close(394)) - e0bdcbff-667f-41c3-ad1f-791ce553c40c:group-90B8AF4E75E2 closes. The last applied log index is 0
2019-08-18 03:52:44,570 INFO  impl.PendingRequests (PendingRequests.java:sendNotLeaderResponses(202)) - edfea4d6-7835-43b7-9134-afe94d20d7b8-PendingRequests: sendNotLeaderResponses
2019-08-18 03:52:44,570 INFO  server.GrpcServerProtocolService (GrpcServerProtocolService.java:onCompleted(104)) - fff5aa8a-9f35-47d4-ab2a-a764a6e25882: appendEntries completed
2019-08-18 03:52:44,571 INFO  impl.StateMachineUpdater (StateMachineUpdater.java:stopAndJoin(115)) - StateMachineUpdater:edfea4d6-7835-43b7-9134-afe94d20d7b8:group-2D2DD83C09F4: set stopIndex = 0
2019-08-18 03:52:44,570 INFO  segmented.SegmentedRaftLogWorker (SegmentedRaftLogWorker.java:run(313)) - e0bdcbff-667f-41c3-ad1f-791ce553c40c-SegmentedRaftLogWorker:Storage Directory /workdir/hadoop-ozone/integration-test/target/test-dir/MiniOzoneClusterImpl-0f5add87-0c11-4011-93e8-a360484efc1f/datanode-3/data/ratis/61ea4d95-16ce-49bf-be1d-90b8af4e75e2 was interrupted, exiting. There are 0 tasks remaining in the queue.
2019-08-18 03:52:44,571 INFO  impl.RaftServerImpl (ServerState.java:close(394)) - edfea4d6-7835-43b7-9134-afe94d20d7b8:group-2D2DD83C09F4 closes. The last applied log index is 0
2019-08-18 03:52:44,574 INFO  segmented.SegmentedRaftLogWorker (SegmentedRaftLogWorker.java:close(228)) - e0bdcbff-667f-41c3-ad1f-791ce553c40c-SegmentedRaftLogWorker:Storage Directory /workdir/hadoop-ozone/integration-test/target/test-dir/MiniOzoneClusterImpl-0f5add87-0c11-4011-93e8-a360484efc1f/datanode-3/data/ratis/61ea4d95-16ce-49bf-be1d-90b8af4e75e2 close()
2019-08-18 03:52:44,574 INFO  segmented.SegmentedRaftLogWorker (SegmentedRaftLogWorker.java:run(313)) - edfea4d6-7835-43b7-9134-afe94d20d7b8-SegmentedRaftLogWorker:Storage Directory /workdir/hadoop-ozone/integration-test/target/test-dir/MiniOzoneClusterImpl-0f5add87-0c11-4011-93e8-a360484efc1f/datanode-2/data/ratis/267d8d08-47ff-47b6-aa5a-2d2dd83c09f4 was interrupted, exiting. There are 0 tasks remaining in the queue.
2019-08-18 03:52:44,574 INFO  server.GrpcLogAppender (GrpcLogAppender.java:onCompleted(292)) - e0bdcbff-667f-41c3-ad1f-791ce553c40c->fff5aa8a-9f35-47d4-ab2a-a764a6e25882: follower responses appendEntries COMPLETED
2019-08-18 03:52:44,578 INFO  segmented.SegmentedRaftLogWorker (SegmentedRaftLogWorker.java:close(228)) - edfea4d6-7835-43b7-9134-afe94d20d7b8-SegmentedRaftLogWorker:Storage Directory /workdir/hadoop-ozone/integration-test/target/test-dir/MiniOzoneClusterImpl-0f5add87-0c11-4011-93e8-a360484efc1f/datanode-2/data/ratis/267d8d08-47ff-47b6-aa5a-2d2dd83c09f4 close()
2019-08-18 03:52:44,576 INFO  impl.RaftServerImpl (RaftServerImpl.java:lambda$shutdown$3(245)) - e0bdcbff-667f-41c3-ad1f-791ce553c40c: shutdown group-94AA20BF4045
2019-08-18 03:52:44,583 INFO  impl.RaftServerImpl (RaftServerImpl.java:lambda$shutdown$3(245)) - edfea4d6-7835-43b7-9134-afe94d20d7b8: shutdown group-77C134CF9127
2019-08-18 03:52:44,581 INFO  impl.FollowerInfo (FollowerInfo.java:lambda$new$0(50)) - e0bdcbff-667f-41c3-ad1f-791ce553c40c->fff5aa8a-9f35-47d4-ab2a-a764a6e25882: nextIndex: updateUnconditionally 1 -> 0
2019-08-18 03:52:44,583 INFO  util.JmxRegister (JmxRegister.java:unregister(73)) - Successfully un-registered JMX Bean with object name Ratis:service=RaftServer,group=group-77C134CF9127,id=edfea4d6-7835-43b7-9134-afe94d20d7b8
2019-08-18 03:52:44,583 INFO  util.JmxRegister (JmxRegister.java:unregister(73)) - Successfully un-registered JMX Bean with object name Ratis:service=RaftServer,group=group-94AA20BF4045,id=e0bdcbff-667f-41c3-ad1f-791ce553c40c
2019-08-18 03:52:44,584 INFO  impl.RoleInfo (RoleInfo.java:shutdownFollowerState(121)) - edfea4d6-7835-43b7-9134-afe94d20d7b8: shutdown FollowerState
2019-08-18 03:52:44,584 INFO  impl.RoleInfo (RoleInfo.java:shutdownLeaderState(104)) - e0bdcbff-667f-41c3-ad1f-791ce553c40c: shutdown LeaderState
2019-08-18 03:52:44,585 INFO  ratis.ContainerStateMachine (ContainerStateMachine.java:takeSnapshot(262)) - group-77C134CF9127: Taking a snapshot at:(t:1, i:6) file /workdir/hadoop-ozone/integration-test/target/test-dir/MiniOzoneClusterImpl-0f5add87-0c11-4011-93e8-a360484efc1f/datanode-2/data/ratis/2c277e85-f0b4-4d1d-94e6-77c134cf9127/sm/snapshot.1_6
2019-08-18 03:52:44,585 INFO  impl.FollowerState (FollowerState.java:run(114)) - edfea4d6-7835-43b7-9134-afe94d20d7b8: FollowerState was interrupted: java.lang.InterruptedException: sleep interrupted
2019-08-18 03:52:44,585 INFO  impl.StateMachineUpdater (StateMachineUpdater.java:stopAndJoin(115)) - StateMachineUpdater:edfea4d6-7835-43b7-9134-afe94d20d7b8:group-77C134CF9127: set stopIndex = 8
2019-08-18 03:52:44,585 INFO  impl.PendingRequests (PendingRequests.java:sendNotLeaderResponses(202)) - e0bdcbff-667f-41c3-ad1f-791ce553c40c-PendingRequests: sendNotLeaderResponses
2019-08-18 03:52:44,588 INFO  impl.StateMachineUpdater (StateMachineUpdater.java:stopAndJoin(115)) - StateMachineUpdater:e0bdcbff-667f-41c3-ad1f-791ce553c40c:group-94AA20BF4045: set stopIndex = 0
2019-08-18 03:52:44,589 INFO  impl.RaftServerImpl (ServerState.java:close(394)) - e0bdcbff-667f-41c3-ad1f-791ce553c40c:group-94AA20BF4045 closes. The last applied log index is 0
2019-08-18 03:52:44,589 INFO  segmented.SegmentedRaftLogWorker (SegmentedRaftLogWorker.java:run(313)) - e0bdcbff-667f-41c3-ad1f-791ce553c40c-SegmentedRaftLogWorker:Storage Directory /workdir/hadoop-ozone/integration-test/target/test-dir/MiniOzoneClusterImpl-0f5add87-0c11-4011-93e8-a360484efc1f/datanode-3/data/ratis/8e211373-2737-4caf-a511-94aa20bf4045 was interrupted, exiting. There are 0 tasks remaining in the queue.
2019-08-18 03:52:44,599 INFO  segmented.SegmentedRaftLogWorker (SegmentedRaftLogWorker.java:close(228)) - e0bdcbff-667f-41c3-ad1f-791ce553c40c-SegmentedRaftLogWorker:Storage Directory /workdir/hadoop-ozone/integration-test/target/test-dir/MiniOzoneClusterImpl-0f5add87-0c11-4011-93e8-a360484efc1f/datanode-3/data/ratis/8e211373-2737-4caf-a511-94aa20bf4045 close()
2019-08-18 03:52:44,602 INFO  ratis.ContainerStateMachine (ContainerStateMachine.java:takeSnapshot(273)) - group-77C134CF9127: Finished taking a snapshot at:(t:1, i:6) file:/workdir/hadoop-ozone/integration-test/target/test-dir/MiniOzoneClusterImpl-0f5add87-0c11-4011-93e8-a360484efc1f/datanode-2/data/ratis/2c277e85-f0b4-4d1d-94e6-77c134cf9127/sm/snapshot.1_6 time:15
2019-08-18 03:52:44,602 INFO  server.GrpcService (GrpcService.java:closeImpl(155)) - e0bdcbff-667f-41c3-ad1f-791ce553c40c: shutdown server with port 45055 now
2019-08-18 03:52:44,602 INFO  impl.StateMachineUpdater (StateMachineUpdater.java:takeSnapshot(242)) - StateMachineUpdater:edfea4d6-7835-43b7-9134-afe94d20d7b8:group-77C134CF9127: Took a snapshot at index 6
2019-08-18 03:52:44,603 INFO  impl.StateMachineUpdater (StateMachineUpdater.java:lambda$new$0(80)) - StateMachineUpdater:edfea4d6-7835-43b7-9134-afe94d20d7b8:group-77C134CF9127: snapshotIndex: updateIncreasingly -1 -> 6
2019-08-18 03:52:44,605 INFO  server.GrpcService (GrpcService.java:closeImpl(163)) - e0bdcbff-667f-41c3-ad1f-791ce553c40c: shutdown server with port 45055 successfully
2019-08-18 03:52:44,605 INFO  impl.RaftServerImpl (ServerState.java:close(394)) - edfea4d6-7835-43b7-9134-afe94d20d7b8:group-77C134CF9127 closes. The last applied log index is 8
2019-08-18 03:52:44,606 INFO  segmented.SegmentedRaftLogWorker (SegmentedRaftLogWorker.java:run(313)) - edfea4d6-7835-43b7-9134-afe94d20d7b8-SegmentedRaftLogWorker:Storage Directory /workdir/hadoop-ozone/integration-test/target/test-dir/MiniOzoneClusterImpl-0f5add87-0c11-4011-93e8-a360484efc1f/datanode-2/data/ratis/2c277e85-f0b4-4d1d-94e6-77c134cf9127 was interrupted, exiting. There are 0 tasks remaining in the queue.
2019-08-18 03:52:44,608 INFO  segmented.SegmentedRaftLogWorker (SegmentedRaftLogWorker.java:close(228)) - edfea4d6-7835-43b7-9134-afe94d20d7b8-SegmentedRaftLogWorker:Storage Directory /workdir/hadoop-ozone/integration-test/target/test-dir/MiniOzoneClusterImpl-0f5add87-0c11-4011-93e8-a360484efc1f/datanode-2/data/ratis/2c277e85-f0b4-4d1d-94e6-77c134cf9127 close()
2019-08-18 03:52:44,610 INFO  server.GrpcService (GrpcService.java:closeImpl(155)) - edfea4d6-7835-43b7-9134-afe94d20d7b8: shutdown server with port 38343 now
2019-08-18 03:52:44,615 WARN  server.GrpcServerProtocolService (LogUtils.java:warn(134)) - edfea4d6-7835-43b7-9134-afe94d20d7b8: appendEntries onError: org.apache.ratis.thirdparty.io.grpc.StatusRuntimeException: CANCELLED: cancelled before receiving half close
2019-08-18 03:52:44,615 INFO  server.GrpcService (GrpcService.java:closeImpl(163)) - edfea4d6-7835-43b7-9134-afe94d20d7b8: shutdown server with port 38343 successfully
2019-08-18 03:52:44,615 WARN  server.GrpcLogAppender (LogUtils.java:warn(134)) - bedc83fc-80bb-46d5-9978-f874350dfebb->edfea4d6-7835-43b7-9134-afe94d20d7b8: Failed appendEntries: org.apache.ratis.thirdparty.io.grpc.StatusRuntimeException: CANCELLED: HTTP/2 error code: CANCEL
Received Rst Stream
2019-08-18 03:52:44,619 INFO  impl.FollowerInfo (FollowerInfo.java:lambda$new$0(50)) - bedc83fc-80bb-46d5-9978-f874350dfebb->edfea4d6-7835-43b7-9134-afe94d20d7b8: nextIndex: updateUnconditionally 9 -> 8
2019-08-18 03:52:44,619 INFO  utils.BackgroundService (BackgroundService.java:shutdown(148)) - Shutting down service BlockDeletingService
2019-08-18 03:52:44,620 INFO  utils.BackgroundService (BackgroundService.java:shutdown(148)) - Shutting down service BlockDeletingService
2019-08-18 03:52:44,621 WARN  fs.CachingGetSpaceUsed (CachingGetSpaceUsed.java:run(183)) - Thread Interrupted waiting to refresh disk information: sleep interrupted
2019-08-18 03:52:44,623 WARN  fs.CachingGetSpaceUsed (CachingGetSpaceUsed.java:run(183)) - Thread Interrupted waiting to refresh disk information: sleep interrupted
2019-08-18 03:52:44,638 INFO  statemachine.DatanodeStateMachine (DatanodeStateMachine.java:stopDaemon(395)) - Ozone container server stopped.
2019-08-18 03:52:44,644 INFO  statemachine.DatanodeStateMachine (DatanodeStateMachine.java:stopDaemon(395)) - Ozone container server stopped.
2019-08-18 03:52:44,644 INFO  handler.ContextHandler (ContextHandler.java:doStop(910)) - Stopped o.e.j.w.WebAppContext@bcfe29c{/,null,UNAVAILABLE}{/hddsDatanode}
2019-08-18 03:52:44,649 INFO  handler.ContextHandler (ContextHandler.java:doStop(910)) - Stopped o.e.j.w.WebAppContext@22e813fc{/,null,UNAVAILABLE}{/hddsDatanode}
2019-08-18 03:52:44,650 INFO  server.AbstractConnector (AbstractConnector.java:doStop(318)) - Stopped ServerConnector@37f71c05{HTTP/1.1,[http/1.1]}{0.0.0.0:0}
2019-08-18 03:52:44,650 INFO  server.AbstractConnector (AbstractConnector.java:doStop(318)) - Stopped ServerConnector@433d93e7{HTTP/1.1,[http/1.1]}{0.0.0.0:0}
2019-08-18 03:52:44,650 INFO  handler.ContextHandler (ContextHandler.java:doStop(910)) - Stopped o.e.j.s.ServletContextHandler@768f4b42{/static,jar:file:/home/user/.m2/repository/org/apache/hadoop/hadoop-hdds-container-service/0.4.1-SNAPSHOT/hadoop-hdds-container-service-0.4.1-SNAPSHOT.jar!/webapps/static,UNAVAILABLE}
2019-08-18 03:52:44,652 INFO  handler.ContextHandler (ContextHandler.java:doStop(910)) - Stopped o.e.j.s.ServletContextHandler@f76872f{/static,jar:file:/home/user/.m2/repository/org/apache/hadoop/hadoop-hdds-container-service/0.4.1-SNAPSHOT/hadoop-hdds-container-service-0.4.1-SNAPSHOT.jar!/webapps/static,UNAVAILABLE}
2019-08-18 03:52:44,652 INFO  handler.ContextHandler (ContextHandler.java:doStop(910)) - Stopped o.e.j.s.ServletContextHandler@5fa5c8cf{/logs,file:///workdir/hadoop-ozone/integration-test/target/log,UNAVAILABLE}
2019-08-18 03:52:44,654 INFO  handler.ContextHandler (ContextHandler.java:doStop(910)) - Stopped o.e.j.s.ServletContextHandler@7e4ac598{/logs,file:///workdir/hadoop-ozone/integration-test/target/log,UNAVAILABLE}
2019-08-18 03:52:44,655 INFO  datanode.ObjectStoreHandler (ObjectStoreHandler.java:close(155)) - Closing ObjectStoreHandler.
2019-08-18 03:52:44,656 INFO  ozone.HddsDatanodeService (HddsDatanodeService.java:stop(451)) - Stopped plug-in org.apache.hadoop.ozone.web.OzoneHddsDatanodeService@2aa0feb2
2019-08-18 03:52:44,656 INFO  datanode.ObjectStoreHandler (ObjectStoreHandler.java:close(155)) - Closing ObjectStoreHandler.
2019-08-18 03:52:44,657 INFO  ozone.HddsDatanodeService (HddsDatanodeService.java:stop(451)) - Stopped plug-in org.apache.hadoop.ozone.web.OzoneHddsDatanodeService@2bfc8558
2019-08-18 03:52:44,821 INFO  statemachine.DatanodeStateMachine (DatanodeStateMachine.java:lambda$startDaemon$0(350)) - Ozone container server started.
2019-08-18 03:52:45,350 INFO  statemachine.DatanodeStateMachine (DatanodeStateMachine.java:lambda$startDaemon$0(350)) - Ozone container server started.
2019-08-18 03:52:46,894 WARN  server.GrpcLogAppender (LogUtils.java:warn(134)) - bedc83fc-80bb-46d5-9978-f874350dfebb->d946b57f-2ac4-4164-80e1-83456a07be7d: Failed appendEntries: org.apache.ratis.thirdparty.io.grpc.StatusRuntimeException: UNAVAILABLE: io exception
2019-08-18 03:52:46,897 INFO  impl.FollowerInfo (FollowerInfo.java:lambda$new$0(50)) - bedc83fc-80bb-46d5-9978-f874350dfebb->d946b57f-2ac4-4164-80e1-83456a07be7d: nextIndex: updateUnconditionally 6 -> 5
2019-08-18 03:52:46,902 WARN  server.GrpcLogAppender (LogUtils.java:warn(134)) - bedc83fc-80bb-46d5-9978-f874350dfebb->edfea4d6-7835-43b7-9134-afe94d20d7b8: Failed appendEntries: org.apache.ratis.thirdparty.io.grpc.StatusRuntimeException: UNAVAILABLE: io exception
2019-08-18 03:52:46,904 INFO  impl.FollowerInfo (FollowerInfo.java:lambda$new$0(50)) - bedc83fc-80bb-46d5-9978-f874350dfebb->edfea4d6-7835-43b7-9134-afe94d20d7b8: nextIndex: updateUnconditionally 8 -> 7
2019-08-18 03:52:49,122 INFO  impl.FollowerState (FollowerState.java:run(106)) - fff5aa8a-9f35-47d4-ab2a-a764a6e25882:group-90B8AF4E75E2 changes to CANDIDATE, lastRpcTime:5199, electionTimeout:5091ms
2019-08-18 03:52:49,122 INFO  impl.RoleInfo (RoleInfo.java:shutdownFollowerState(121)) - fff5aa8a-9f35-47d4-ab2a-a764a6e25882: shutdown FollowerState
2019-08-18 03:52:49,122 INFO  impl.RaftServerImpl (RaftServerImpl.java:setRole(171)) - fff5aa8a-9f35-47d4-ab2a-a764a6e25882:group-90B8AF4E75E2 changes role from FOLLOWER to CANDIDATE at term 1 for changeToCandidate
2019-08-18 03:52:49,122 INFO  impl.RoleInfo (RoleInfo.java:updateAndGet(143)) - fff5aa8a-9f35-47d4-ab2a-a764a6e25882: start LeaderElection
2019-08-18 03:52:49,124 INFO  impl.RaftServerImpl (ServerState.java:setLeader(263)) - fff5aa8a-9f35-47d4-ab2a-a764a6e25882:group-90B8AF4E75E2 change Leader from e0bdcbff-667f-41c3-ad1f-791ce553c40c to null at term 1 for initElection
2019-08-18 03:52:49,151 INFO  impl.LeaderElection (LeaderElection.java:askForVotes(181)) - fff5aa8a-9f35-47d4-ab2a-a764a6e25882:group-90B8AF4E75E2:LeaderElection26: begin an election at term 2 for 0: [55f42c00-1b28-4f45-b737-7e010e517182:192.168.69.121:35894, fff5aa8a-9f35-47d4-ab2a-a764a6e25882:192.168.69.121:40458, e0bdcbff-667f-41c3-ad1f-791ce553c40c:192.168.69.121:45055], old=null
2019-08-18 03:52:49,164 INFO  impl.LeaderElection (LogUtils.java:infoOrTrace(149)) - fff5aa8a-9f35-47d4-ab2a-a764a6e25882:group-90B8AF4E75E2:LeaderElection26 got exception when requesting votes: {}
java.util.concurrent.ExecutionException: org.apache.ratis.thirdparty.io.grpc.StatusRuntimeException: UNAVAILABLE: io exception
	at java.util.concurrent.FutureTask.report(FutureTask.java:122)
	at java.util.concurrent.FutureTask.get(FutureTask.java:192)
	at org.apache.ratis.server.impl.LeaderElection.waitForResults(LeaderElection.java:262)
	at org.apache.ratis.server.impl.LeaderElection.askForVotes(LeaderElection.java:200)
	at org.apache.ratis.server.impl.LeaderElection.run(LeaderElection.java:130)
	at java.lang.Thread.run(Thread.java:748)
Caused by: org.apache.ratis.thirdparty.io.grpc.StatusRuntimeException: UNAVAILABLE: io exception
	at org.apache.ratis.thirdparty.io.grpc.stub.ClientCalls.toStatusRuntimeException(ClientCalls.java:233)
	at org.apache.ratis.thirdparty.io.grpc.stub.ClientCalls.getUnchecked(ClientCalls.java:214)
	at org.apache.ratis.thirdparty.io.grpc.stub.ClientCalls.blockingUnaryCall(ClientCalls.java:139)
	at org.apache.ratis.proto.grpc.RaftServerProtocolServiceGrpc$RaftServerProtocolServiceBlockingStub.requestVote(RaftServerProtocolServiceGrpc.java:265)
	at org.apache.ratis.grpc.server.GrpcServerProtocolClient.requestVote(GrpcServerProtocolClient.java:83)
	at org.apache.ratis.grpc.server.GrpcService.requestVote(GrpcService.java:195)
	at org.apache.ratis.server.impl.LeaderElection.lambda$submitRequests$1(LeaderElection.java:237)
	at java.util.concurrent.FutureTask.run(FutureTask.java:266)
	at java.util.concurrent.Executors$RunnableAdapter.call(Executors.java:511)
	at java.util.concurrent.FutureTask.run(FutureTask.java:266)
	at java.util.concurrent.ThreadPoolExecutor.runWorker(ThreadPoolExecutor.java:1149)
	at java.util.concurrent.ThreadPoolExecutor$Worker.run(ThreadPoolExecutor.java:624)
	... 1 more
Caused by: org.apache.ratis.thirdparty.io.netty.channel.AbstractChannel$AnnotatedConnectException: Connection refused: /192.168.69.121:35894
	at sun.nio.ch.SocketChannelImpl.checkConnect(Native Method)
	at sun.nio.ch.SocketChannelImpl.finishConnect(SocketChannelImpl.java:717)
	at org.apache.ratis.thirdparty.io.netty.channel.socket.nio.NioSocketChannel.doFinishConnect(NioSocketChannel.java:327)
	at org.apache.ratis.thirdparty.io.netty.channel.nio.AbstractNioChannel$AbstractNioUnsafe.finishConnect(AbstractNioChannel.java:340)
	at org.apache.ratis.thirdparty.io.netty.channel.nio.NioEventLoop.processSelectedKey(NioEventLoop.java:632)
	at org.apache.ratis.thirdparty.io.netty.channel.nio.NioEventLoop.processSelectedKeysOptimized(NioEventLoop.java:579)
	at org.apache.ratis.thirdparty.io.netty.channel.nio.NioEventLoop.processSelectedKeys(NioEventLoop.java:496)
	at org.apache.ratis.thirdparty.io.netty.channel.nio.NioEventLoop.run(NioEventLoop.java:458)
	at org.apache.ratis.thirdparty.io.netty.util.concurrent.SingleThreadEventExecutor$5.run(SingleThreadEventExecutor.java:897)
	at org.apache.ratis.thirdparty.io.netty.util.concurrent.FastThreadLocalRunnable.run(FastThreadLocalRunnable.java:30)
	... 1 more
Caused by: java.net.ConnectException: Connection refused
	... 11 more
2019-08-18 03:52:49,169 INFO  impl.LeaderElection (LogUtils.java:infoOrTrace(149)) - fff5aa8a-9f35-47d4-ab2a-a764a6e25882:group-90B8AF4E75E2:LeaderElection26 got exception when requesting votes: {}
java.util.concurrent.ExecutionException: org.apache.ratis.thirdparty.io.grpc.StatusRuntimeException: UNAVAILABLE: io exception
	at java.util.concurrent.FutureTask.report(FutureTask.java:122)
	at java.util.concurrent.FutureTask.get(FutureTask.java:192)
	at org.apache.ratis.server.impl.LeaderElection.waitForResults(LeaderElection.java:262)
	at org.apache.ratis.server.impl.LeaderElection.askForVotes(LeaderElection.java:200)
	at org.apache.ratis.server.impl.LeaderElection.run(LeaderElection.java:130)
	at java.lang.Thread.run(Thread.java:748)
Caused by: org.apache.ratis.thirdparty.io.grpc.StatusRuntimeException: UNAVAILABLE: io exception
	at org.apache.ratis.thirdparty.io.grpc.stub.ClientCalls.toStatusRuntimeException(ClientCalls.java:233)
	at org.apache.ratis.thirdparty.io.grpc.stub.ClientCalls.getUnchecked(ClientCalls.java:214)
	at org.apache.ratis.thirdparty.io.grpc.stub.ClientCalls.blockingUnaryCall(ClientCalls.java:139)
	at org.apache.ratis.proto.grpc.RaftServerProtocolServiceGrpc$RaftServerProtocolServiceBlockingStub.requestVote(RaftServerProtocolServiceGrpc.java:265)
	at org.apache.ratis.grpc.server.GrpcServerProtocolClient.requestVote(GrpcServerProtocolClient.java:83)
	at org.apache.ratis.grpc.server.GrpcService.requestVote(GrpcService.java:195)
	at org.apache.ratis.server.impl.LeaderElection.lambda$submitRequests$1(LeaderElection.java:237)
	at java.util.concurrent.FutureTask.run(FutureTask.java:266)
	at java.util.concurrent.Executors$RunnableAdapter.call(Executors.java:511)
	at java.util.concurrent.FutureTask.run(FutureTask.java:266)
	at java.util.concurrent.ThreadPoolExecutor.runWorker(ThreadPoolExecutor.java:1149)
	at java.util.concurrent.ThreadPoolExecutor$Worker.run(ThreadPoolExecutor.java:624)
	... 1 more
Caused by: org.apache.ratis.thirdparty.io.netty.channel.AbstractChannel$AnnotatedConnectException: Connection refused: /192.168.69.121:45055
	at sun.nio.ch.SocketChannelImpl.checkConnect(Native Method)
	at sun.nio.ch.SocketChannelImpl.finishConnect(SocketChannelImpl.java:717)
	at org.apache.ratis.thirdparty.io.netty.channel.socket.nio.NioSocketChannel.doFinishConnect(NioSocketChannel.java:327)
	at org.apache.ratis.thirdparty.io.netty.channel.nio.AbstractNioChannel$AbstractNioUnsafe.finishConnect(AbstractNioChannel.java:340)
	at org.apache.ratis.thirdparty.io.netty.channel.nio.NioEventLoop.processSelectedKey(NioEventLoop.java:632)
	at org.apache.ratis.thirdparty.io.netty.channel.nio.NioEventLoop.processSelectedKeysOptimized(NioEventLoop.java:579)
	at org.apache.ratis.thirdparty.io.netty.channel.nio.NioEventLoop.processSelectedKeys(NioEventLoop.java:496)
	at org.apache.ratis.thirdparty.io.netty.channel.nio.NioEventLoop.run(NioEventLoop.java:458)
	at org.apache.ratis.thirdparty.io.netty.util.concurrent.SingleThreadEventExecutor$5.run(SingleThreadEventExecutor.java:897)
	at org.apache.ratis.thirdparty.io.netty.util.concurrent.FastThreadLocalRunnable.run(FastThreadLocalRunnable.java:30)
	... 1 more
Caused by: java.net.ConnectException: Connection refused
	... 11 more
2019-08-18 03:52:49,172 INFO  impl.LeaderElection (LeaderElection.java:logAndReturn(56)) - fff5aa8a-9f35-47d4-ab2a-a764a6e25882:group-90B8AF4E75E2:LeaderElection26: Election REJECTED; received 0 response(s) [] and 2 exception(s); fff5aa8a-9f35-47d4-ab2a-a764a6e25882:t2, leader=null, voted=fff5aa8a-9f35-47d4-ab2a-a764a6e25882, raftlog=fff5aa8a-9f35-47d4-ab2a-a764a6e25882-SegmentedRaftLog:OPENED:c0,f0,i0, conf=0: [55f42c00-1b28-4f45-b737-7e010e517182:192.168.69.121:35894, fff5aa8a-9f35-47d4-ab2a-a764a6e25882:192.168.69.121:40458, e0bdcbff-667f-41c3-ad1f-791ce553c40c:192.168.69.121:45055], old=null
2019-08-18 03:52:49,172 INFO  impl.LeaderElection (LogUtils.java:infoOrTrace(149)) -   Exception 0: {}
java.util.concurrent.ExecutionException: org.apache.ratis.thirdparty.io.grpc.StatusRuntimeException: UNAVAILABLE: io exception
	at java.util.concurrent.FutureTask.report(FutureTask.java:122)
	at java.util.concurrent.FutureTask.get(FutureTask.java:192)
	at org.apache.ratis.server.impl.LeaderElection.waitForResults(LeaderElection.java:262)
	at org.apache.ratis.server.impl.LeaderElection.askForVotes(LeaderElection.java:200)
	at org.apache.ratis.server.impl.LeaderElection.run(LeaderElection.java:130)
	at java.lang.Thread.run(Thread.java:748)
Caused by: org.apache.ratis.thirdparty.io.grpc.StatusRuntimeException: UNAVAILABLE: io exception
	at org.apache.ratis.thirdparty.io.grpc.stub.ClientCalls.toStatusRuntimeException(ClientCalls.java:233)
	at org.apache.ratis.thirdparty.io.grpc.stub.ClientCalls.getUnchecked(ClientCalls.java:214)
	at org.apache.ratis.thirdparty.io.grpc.stub.ClientCalls.blockingUnaryCall(ClientCalls.java:139)
	at org.apache.ratis.proto.grpc.RaftServerProtocolServiceGrpc$RaftServerProtocolServiceBlockingStub.requestVote(RaftServerProtocolServiceGrpc.java:265)
	at org.apache.ratis.grpc.server.GrpcServerProtocolClient.requestVote(GrpcServerProtocolClient.java:83)
	at org.apache.ratis.grpc.server.GrpcService.requestVote(GrpcService.java:195)
	at org.apache.ratis.server.impl.LeaderElection.lambda$submitRequests$1(LeaderElection.java:237)
	at java.util.concurrent.FutureTask.run(FutureTask.java:266)
	at java.util.concurrent.Executors$RunnableAdapter.call(Executors.java:511)
	at java.util.concurrent.FutureTask.run(FutureTask.java:266)
	at java.util.concurrent.ThreadPoolExecutor.runWorker(ThreadPoolExecutor.java:1149)
	at java.util.concurrent.ThreadPoolExecutor$Worker.run(ThreadPoolExecutor.java:624)
	... 1 more
Caused by: org.apache.ratis.thirdparty.io.netty.channel.AbstractChannel$AnnotatedConnectException: Connection refused: /192.168.69.121:35894
	at sun.nio.ch.SocketChannelImpl.checkConnect(Native Method)
	at sun.nio.ch.SocketChannelImpl.finishConnect(SocketChannelImpl.java:717)
	at org.apache.ratis.thirdparty.io.netty.channel.socket.nio.NioSocketChannel.doFinishConnect(NioSocketChannel.java:327)
	at org.apache.ratis.thirdparty.io.netty.channel.nio.AbstractNioChannel$AbstractNioUnsafe.finishConnect(AbstractNioChannel.java:340)
	at org.apache.ratis.thirdparty.io.netty.channel.nio.NioEventLoop.processSelectedKey(NioEventLoop.java:632)
	at org.apache.ratis.thirdparty.io.netty.channel.nio.NioEventLoop.processSelectedKeysOptimized(NioEventLoop.java:579)
	at org.apache.ratis.thirdparty.io.netty.channel.nio.NioEventLoop.processSelectedKeys(NioEventLoop.java:496)
	at org.apache.ratis.thirdparty.io.netty.channel.nio.NioEventLoop.run(NioEventLoop.java:458)
	at org.apache.ratis.thirdparty.io.netty.util.concurrent.SingleThreadEventExecutor$5.run(SingleThreadEventExecutor.java:897)
	at org.apache.ratis.thirdparty.io.netty.util.concurrent.FastThreadLocalRunnable.run(FastThreadLocalRunnable.java:30)
	... 1 more
Caused by: java.net.ConnectException: Connection refused
	... 11 more
2019-08-18 03:52:49,173 INFO  impl.LeaderElection (LogUtils.java:infoOrTrace(149)) -   Exception 1: {}
java.util.concurrent.ExecutionException: org.apache.ratis.thirdparty.io.grpc.StatusRuntimeException: UNAVAILABLE: io exception
	at java.util.concurrent.FutureTask.report(FutureTask.java:122)
	at java.util.concurrent.FutureTask.get(FutureTask.java:192)
	at org.apache.ratis.server.impl.LeaderElection.waitForResults(LeaderElection.java:262)
	at org.apache.ratis.server.impl.LeaderElection.askForVotes(LeaderElection.java:200)
	at org.apache.ratis.server.impl.LeaderElection.run(LeaderElection.java:130)
	at java.lang.Thread.run(Thread.java:748)
Caused by: org.apache.ratis.thirdparty.io.grpc.StatusRuntimeException: UNAVAILABLE: io exception
	at org.apache.ratis.thirdparty.io.grpc.stub.ClientCalls.toStatusRuntimeException(ClientCalls.java:233)
	at org.apache.ratis.thirdparty.io.grpc.stub.ClientCalls.getUnchecked(ClientCalls.java:214)
	at org.apache.ratis.thirdparty.io.grpc.stub.ClientCalls.blockingUnaryCall(ClientCalls.java:139)
	at org.apache.ratis.proto.grpc.RaftServerProtocolServiceGrpc$RaftServerProtocolServiceBlockingStub.requestVote(RaftServerProtocolServiceGrpc.java:265)
	at org.apache.ratis.grpc.server.GrpcServerProtocolClient.requestVote(GrpcServerProtocolClient.java:83)
	at org.apache.ratis.grpc.server.GrpcService.requestVote(GrpcService.java:195)
	at org.apache.ratis.server.impl.LeaderElection.lambda$submitRequests$1(LeaderElection.java:237)
	at java.util.concurrent.FutureTask.run(FutureTask.java:266)
	at java.util.concurrent.Executors$RunnableAdapter.call(Executors.java:511)
	at java.util.concurrent.FutureTask.run(FutureTask.java:266)
	at java.util.concurrent.ThreadPoolExecutor.runWorker(ThreadPoolExecutor.java:1149)
	at java.util.concurrent.ThreadPoolExecutor$Worker.run(ThreadPoolExecutor.java:624)
	... 1 more
Caused by: org.apache.ratis.thirdparty.io.netty.channel.AbstractChannel$AnnotatedConnectException: Connection refused: /192.168.69.121:45055
	at sun.nio.ch.SocketChannelImpl.checkConnect(Native Method)
	at sun.nio.ch.SocketChannelImpl.finishConnect(SocketChannelImpl.java:717)
	at org.apache.ratis.thirdparty.io.netty.channel.socket.nio.NioSocketChannel.doFinishConnect(NioSocketChannel.java:327)
	at org.apache.ratis.thirdparty.io.netty.channel.nio.AbstractNioChannel$AbstractNioUnsafe.finishConnect(AbstractNioChannel.java:340)
	at org.apache.ratis.thirdparty.io.netty.channel.nio.NioEventLoop.processSelectedKey(NioEventLoop.java:632)
	at org.apache.ratis.thirdparty.io.netty.channel.nio.NioEventLoop.processSelectedKeysOptimized(NioEventLoop.java:579)
	at org.apache.ratis.thirdparty.io.netty.channel.nio.NioEventLoop.processSelectedKeys(NioEventLoop.java:496)
	at org.apache.ratis.thirdparty.io.netty.channel.nio.NioEventLoop.run(NioEventLoop.java:458)
	at org.apache.ratis.thirdparty.io.netty.util.concurrent.SingleThreadEventExecutor$5.run(SingleThreadEventExecutor.java:897)
	at org.apache.ratis.thirdparty.io.netty.util.concurrent.FastThreadLocalRunnable.run(FastThreadLocalRunnable.java:30)
	... 1 more
Caused by: java.net.ConnectException: Connection refused
	... 11 more
2019-08-18 03:52:49,173 INFO  impl.RaftServerImpl (RaftServerImpl.java:setRole(171)) - fff5aa8a-9f35-47d4-ab2a-a764a6e25882:group-90B8AF4E75E2 changes role from CANDIDATE to FOLLOWER at term 2 for DISCOVERED_A_NEW_TERM
2019-08-18 03:52:49,174 INFO  impl.RoleInfo (RoleInfo.java:shutdownLeaderElection(134)) - fff5aa8a-9f35-47d4-ab2a-a764a6e25882: shutdown LeaderElection
2019-08-18 03:52:49,174 INFO  impl.RoleInfo (RoleInfo.java:updateAndGet(143)) - fff5aa8a-9f35-47d4-ab2a-a764a6e25882: start FollowerState
2019-08-18 03:52:49,396 WARN  server.GrpcLogAppender (LogUtils.java:warn(134)) - bedc83fc-80bb-46d5-9978-f874350dfebb->d946b57f-2ac4-4164-80e1-83456a07be7d: Failed appendEntries: org.apache.ratis.thirdparty.io.grpc.StatusRuntimeException: UNAVAILABLE: io exception
2019-08-18 03:52:49,399 INFO  impl.FollowerInfo (FollowerInfo.java:lambda$new$0(50)) - bedc83fc-80bb-46d5-9978-f874350dfebb->d946b57f-2ac4-4164-80e1-83456a07be7d: nextIndex: updateUnconditionally 5 -> 4
2019-08-18 03:52:49,404 WARN  server.GrpcLogAppender (LogUtils.java:warn(134)) - bedc83fc-80bb-46d5-9978-f874350dfebb->edfea4d6-7835-43b7-9134-afe94d20d7b8: Failed appendEntries: org.apache.ratis.thirdparty.io.grpc.StatusRuntimeException: UNAVAILABLE: io exception
2019-08-18 03:52:49,405 INFO  impl.FollowerInfo (FollowerInfo.java:lambda$new$0(50)) - bedc83fc-80bb-46d5-9978-f874350dfebb->edfea4d6-7835-43b7-9134-afe94d20d7b8: nextIndex: updateUnconditionally 7 -> 6
2019-08-18 03:52:49,657 INFO  ozoneimpl.OzoneContainer (OzoneContainer.java:stop(199)) - Attempting to stop container services.
2019-08-18 03:52:49,657 INFO  ozoneimpl.OzoneContainer (OzoneContainer.java:stop(199)) - Attempting to stop container services.
2019-08-18 03:52:49,658 INFO  impl.RaftServerProxy (RaftServerProxy.java:lambda$close$4(314)) - 5a79ed89-f4f5-4cd9-8c3c-0b581ab6347d: close
2019-08-18 03:52:49,658 INFO  impl.RaftServerProxy (RaftServerProxy.java:lambda$close$4(314)) - bedc83fc-80bb-46d5-9978-f874350dfebb: close
2019-08-18 03:52:49,658 INFO  impl.RaftServerImpl (RaftServerImpl.java:lambda$shutdown$3(245)) - 5a79ed89-f4f5-4cd9-8c3c-0b581ab6347d: shutdown group-46FCC7582597
2019-08-18 03:52:49,658 INFO  impl.RaftServerImpl (RaftServerImpl.java:lambda$shutdown$3(245)) - bedc83fc-80bb-46d5-9978-f874350dfebb: shutdown group-77C134CF9127
2019-08-18 03:52:49,659 INFO  util.JmxRegister (JmxRegister.java:unregister(73)) - Successfully un-registered JMX Bean with object name Ratis:service=RaftServer,group=group-46FCC7582597,id=5a79ed89-f4f5-4cd9-8c3c-0b581ab6347d
2019-08-18 03:52:49,659 INFO  util.JmxRegister (JmxRegister.java:unregister(73)) - Successfully un-registered JMX Bean with object name Ratis:service=RaftServer,group=group-77C134CF9127,id=bedc83fc-80bb-46d5-9978-f874350dfebb
2019-08-18 03:52:49,659 INFO  impl.RoleInfo (RoleInfo.java:shutdownLeaderState(104)) - 5a79ed89-f4f5-4cd9-8c3c-0b581ab6347d: shutdown LeaderState
2019-08-18 03:52:49,660 INFO  impl.RoleInfo (RoleInfo.java:shutdownLeaderState(104)) - bedc83fc-80bb-46d5-9978-f874350dfebb: shutdown LeaderState
2019-08-18 03:52:49,660 INFO  impl.PendingRequests (PendingRequests.java:sendNotLeaderResponses(202)) - 5a79ed89-f4f5-4cd9-8c3c-0b581ab6347d-PendingRequests: sendNotLeaderResponses
2019-08-18 03:52:49,664 WARN  server.GrpcLogAppender (GrpcLogAppender.java:mayWait(143)) - GrpcLogAppender(bedc83fc-80bb-46d5-9978-f874350dfebb->d946b57f-2ac4-4164-80e1-83456a07be7d): Wait interrupted by java.lang.InterruptedException
2019-08-18 03:52:49,664 WARN  server.GrpcLogAppender (GrpcLogAppender.java:mayWait(143)) - GrpcLogAppender(bedc83fc-80bb-46d5-9978-f874350dfebb->edfea4d6-7835-43b7-9134-afe94d20d7b8): Wait interrupted by java.lang.InterruptedException
2019-08-18 03:52:49,664 INFO  impl.PendingRequests (PendingRequests.java:sendNotLeaderResponses(202)) - bedc83fc-80bb-46d5-9978-f874350dfebb-PendingRequests: sendNotLeaderResponses
2019-08-18 03:52:49,664 INFO  impl.StateMachineUpdater (StateMachineUpdater.java:stopAndJoin(115)) - StateMachineUpdater:5a79ed89-f4f5-4cd9-8c3c-0b581ab6347d:group-46FCC7582597: set stopIndex = 0
2019-08-18 03:52:49,668 INFO  impl.StateMachineUpdater (StateMachineUpdater.java:stopAndJoin(115)) - StateMachineUpdater:bedc83fc-80bb-46d5-9978-f874350dfebb:group-77C134CF9127: set stopIndex = 8
2019-08-18 03:52:49,668 INFO  ratis.ContainerStateMachine (ContainerStateMachine.java:takeSnapshot(262)) - group-77C134CF9127: Taking a snapshot at:(t:1, i:6) file /workdir/hadoop-ozone/integration-test/target/test-dir/MiniOzoneClusterImpl-0f5add87-0c11-4011-93e8-a360484efc1f/datanode-0/data/ratis/2c277e85-f0b4-4d1d-94e6-77c134cf9127/sm/snapshot.1_6
2019-08-18 03:52:49,668 INFO  impl.RaftServerImpl (ServerState.java:close(394)) - 5a79ed89-f4f5-4cd9-8c3c-0b581ab6347d:group-46FCC7582597 closes. The last applied log index is 0
2019-08-18 03:52:49,669 INFO  segmented.SegmentedRaftLogWorker (SegmentedRaftLogWorker.java:run(313)) - 5a79ed89-f4f5-4cd9-8c3c-0b581ab6347d-SegmentedRaftLogWorker:Storage Directory /workdir/hadoop-ozone/integration-test/target/test-dir/MiniOzoneClusterImpl-0f5add87-0c11-4011-93e8-a360484efc1f/datanode-6/data/ratis/d6236f59-b047-4ca9-a806-46fcc7582597 was interrupted, exiting. There are 0 tasks remaining in the queue.
2019-08-18 03:52:49,680 INFO  segmented.SegmentedRaftLogWorker (SegmentedRaftLogWorker.java:close(228)) - 5a79ed89-f4f5-4cd9-8c3c-0b581ab6347d-SegmentedRaftLogWorker:Storage Directory /workdir/hadoop-ozone/integration-test/target/test-dir/MiniOzoneClusterImpl-0f5add87-0c11-4011-93e8-a360484efc1f/datanode-6/data/ratis/d6236f59-b047-4ca9-a806-46fcc7582597 close()
2019-08-18 03:52:49,682 INFO  ratis.ContainerStateMachine (ContainerStateMachine.java:takeSnapshot(273)) - group-77C134CF9127: Finished taking a snapshot at:(t:1, i:6) file:/workdir/hadoop-ozone/integration-test/target/test-dir/MiniOzoneClusterImpl-0f5add87-0c11-4011-93e8-a360484efc1f/datanode-0/data/ratis/2c277e85-f0b4-4d1d-94e6-77c134cf9127/sm/snapshot.1_6 time:14
2019-08-18 03:52:49,682 INFO  server.GrpcService (GrpcService.java:closeImpl(155)) - 5a79ed89-f4f5-4cd9-8c3c-0b581ab6347d: shutdown server with port 40242 now
2019-08-18 03:52:49,682 INFO  impl.StateMachineUpdater (StateMachineUpdater.java:takeSnapshot(242)) - StateMachineUpdater:bedc83fc-80bb-46d5-9978-f874350dfebb:group-77C134CF9127: Took a snapshot at index 6
2019-08-18 03:52:49,683 INFO  impl.StateMachineUpdater (StateMachineUpdater.java:lambda$new$0(80)) - StateMachineUpdater:bedc83fc-80bb-46d5-9978-f874350dfebb:group-77C134CF9127: snapshotIndex: updateIncreasingly -1 -> 6
2019-08-18 03:52:49,685 INFO  server.GrpcService (GrpcService.java:closeImpl(163)) - 5a79ed89-f4f5-4cd9-8c3c-0b581ab6347d: shutdown server with port 40242 successfully
2019-08-18 03:52:49,685 INFO  impl.RaftServerImpl (ServerState.java:close(394)) - bedc83fc-80bb-46d5-9978-f874350dfebb:group-77C134CF9127 closes. The last applied log index is 8
2019-08-18 03:52:49,685 INFO  segmented.SegmentedRaftLogWorker (SegmentedRaftLogWorker.java:run(313)) - bedc83fc-80bb-46d5-9978-f874350dfebb-SegmentedRaftLogWorker:Storage Directory /workdir/hadoop-ozone/integration-test/target/test-dir/MiniOzoneClusterImpl-0f5add87-0c11-4011-93e8-a360484efc1f/datanode-0/data/ratis/2c277e85-f0b4-4d1d-94e6-77c134cf9127 was interrupted, exiting. There are 0 tasks remaining in the queue.
2019-08-18 03:52:49,688 INFO  segmented.SegmentedRaftLogWorker (SegmentedRaftLogWorker.java:close(228)) - bedc83fc-80bb-46d5-9978-f874350dfebb-SegmentedRaftLogWorker:Storage Directory /workdir/hadoop-ozone/integration-test/target/test-dir/MiniOzoneClusterImpl-0f5add87-0c11-4011-93e8-a360484efc1f/datanode-0/data/ratis/2c277e85-f0b4-4d1d-94e6-77c134cf9127 close()
2019-08-18 03:52:49,688 INFO  utils.BackgroundService (BackgroundService.java:shutdown(148)) - Shutting down service BlockDeletingService
2019-08-18 03:52:49,695 INFO  impl.RaftServerImpl (RaftServerImpl.java:lambda$shutdown$3(245)) - bedc83fc-80bb-46d5-9978-f874350dfebb: shutdown group-40B462DB29EB
2019-08-18 03:52:49,696 INFO  util.JmxRegister (JmxRegister.java:unregister(73)) - Successfully un-registered JMX Bean with object name Ratis:service=RaftServer,group=group-40B462DB29EB,id=bedc83fc-80bb-46d5-9978-f874350dfebb
2019-08-18 03:52:49,696 INFO  impl.RoleInfo (RoleInfo.java:shutdownLeaderState(104)) - bedc83fc-80bb-46d5-9978-f874350dfebb: shutdown LeaderState
2019-08-18 03:52:49,697 INFO  impl.PendingRequests (PendingRequests.java:sendNotLeaderResponses(202)) - bedc83fc-80bb-46d5-9978-f874350dfebb-PendingRequests: sendNotLeaderResponses
2019-08-18 03:52:49,697 INFO  impl.StateMachineUpdater (StateMachineUpdater.java:stopAndJoin(115)) - StateMachineUpdater:bedc83fc-80bb-46d5-9978-f874350dfebb:group-40B462DB29EB: set stopIndex = 0
2019-08-18 03:52:49,697 INFO  impl.RaftServerImpl (ServerState.java:close(394)) - bedc83fc-80bb-46d5-9978-f874350dfebb:group-40B462DB29EB closes. The last applied log index is 0
2019-08-18 03:52:49,698 WARN  fs.CachingGetSpaceUsed (CachingGetSpaceUsed.java:run(183)) - Thread Interrupted waiting to refresh disk information: sleep interrupted
2019-08-18 03:52:49,698 INFO  segmented.SegmentedRaftLogWorker (SegmentedRaftLogWorker.java:run(313)) - bedc83fc-80bb-46d5-9978-f874350dfebb-SegmentedRaftLogWorker:Storage Directory /workdir/hadoop-ozone/integration-test/target/test-dir/MiniOzoneClusterImpl-0f5add87-0c11-4011-93e8-a360484efc1f/datanode-0/data/ratis/240482f7-5ecd-4a16-be40-40b462db29eb was interrupted, exiting. There are 0 tasks remaining in the queue.
2019-08-18 03:52:49,698 INFO  segmented.SegmentedRaftLogWorker (SegmentedRaftLogWorker.java:close(228)) - bedc83fc-80bb-46d5-9978-f874350dfebb-SegmentedRaftLogWorker:Storage Directory /workdir/hadoop-ozone/integration-test/target/test-dir/MiniOzoneClusterImpl-0f5add87-0c11-4011-93e8-a360484efc1f/datanode-0/data/ratis/240482f7-5ecd-4a16-be40-40b462db29eb close()
2019-08-18 03:52:49,699 INFO  server.GrpcService (GrpcService.java:closeImpl(155)) - bedc83fc-80bb-46d5-9978-f874350dfebb: shutdown server with port 33633 now
2019-08-18 03:52:49,700 INFO  server.GrpcService (GrpcService.java:closeImpl(163)) - bedc83fc-80bb-46d5-9978-f874350dfebb: shutdown server with port 33633 successfully
2019-08-18 03:52:49,701 INFO  utils.BackgroundService (BackgroundService.java:shutdown(148)) - Shutting down service BlockDeletingService
2019-08-18 03:52:49,706 WARN  fs.CachingGetSpaceUsed (CachingGetSpaceUsed.java:run(183)) - Thread Interrupted waiting to refresh disk information: sleep interrupted
2019-08-18 03:52:49,718 INFO  statemachine.DatanodeStateMachine (DatanodeStateMachine.java:stopDaemon(395)) - Ozone container server stopped.
2019-08-18 03:52:49,720 INFO  handler.ContextHandler (ContextHandler.java:doStop(910)) - Stopped o.e.j.w.WebAppContext@115ef673{/,null,UNAVAILABLE}{/hddsDatanode}
2019-08-18 03:52:49,720 INFO  server.AbstractConnector (AbstractConnector.java:doStop(318)) - Stopped ServerConnector@8ce3f27{HTTP/1.1,[http/1.1]}{0.0.0.0:0}
2019-08-18 03:52:49,721 INFO  handler.ContextHandler (ContextHandler.java:doStop(910)) - Stopped o.e.j.s.ServletContextHandler@1939a394{/static,jar:file:/home/user/.m2/repository/org/apache/hadoop/hadoop-hdds-container-service/0.4.1-SNAPSHOT/hadoop-hdds-container-service-0.4.1-SNAPSHOT.jar!/webapps/static,UNAVAILABLE}
2019-08-18 03:52:49,724 INFO  statemachine.DatanodeStateMachine (DatanodeStateMachine.java:stopDaemon(395)) - Ozone container server stopped.
2019-08-18 03:52:49,724 INFO  handler.ContextHandler (ContextHandler.java:doStop(910)) - Stopped o.e.j.s.ServletContextHandler@57bd9c2b{/logs,file:///workdir/hadoop-ozone/integration-test/target/log,UNAVAILABLE}
2019-08-18 03:52:49,728 INFO  handler.ContextHandler (ContextHandler.java:doStop(910)) - Stopped o.e.j.w.WebAppContext@283d3628{/,null,UNAVAILABLE}{/hddsDatanode}
2019-08-18 03:52:49,729 INFO  server.AbstractConnector (AbstractConnector.java:doStop(318)) - Stopped ServerConnector@5b3518e1{HTTP/1.1,[http/1.1]}{0.0.0.0:0}
2019-08-18 03:52:49,733 INFO  handler.ContextHandler (ContextHandler.java:doStop(910)) - Stopped o.e.j.s.ServletContextHandler@6ba060af{/static,jar:file:/home/user/.m2/repository/org/apache/hadoop/hadoop-hdds-container-service/0.4.1-SNAPSHOT/hadoop-hdds-container-service-0.4.1-SNAPSHOT.jar!/webapps/static,UNAVAILABLE}
2019-08-18 03:52:49,733 INFO  datanode.ObjectStoreHandler (ObjectStoreHandler.java:close(155)) - Closing ObjectStoreHandler.
2019-08-18 03:52:49,734 INFO  handler.ContextHandler (ContextHandler.java:doStop(910)) - Stopped o.e.j.s.ServletContextHandler@3688baab{/logs,file:///workdir/hadoop-ozone/integration-test/target/log,UNAVAILABLE}
2019-08-18 03:52:49,734 INFO  ozone.HddsDatanodeService (HddsDatanodeService.java:stop(451)) - Stopped plug-in org.apache.hadoop.ozone.web.OzoneHddsDatanodeService@4cd8db31
2019-08-18 03:52:50,638 INFO  statemachine.DatanodeStateMachine (DatanodeStateMachine.java:lambda$startDaemon$0(350)) - Ozone container server started.
2019-08-18 03:52:54,259 INFO  impl.FollowerState (FollowerState.java:run(106)) - fff5aa8a-9f35-47d4-ab2a-a764a6e25882:group-90B8AF4E75E2 changes to CANDIDATE, lastRpcTime:5084, electionTimeout:5084ms
2019-08-18 03:52:54,259 INFO  impl.RoleInfo (RoleInfo.java:shutdownFollowerState(121)) - fff5aa8a-9f35-47d4-ab2a-a764a6e25882: shutdown FollowerState
2019-08-18 03:52:54,259 INFO  impl.RaftServerImpl (RaftServerImpl.java:setRole(171)) - fff5aa8a-9f35-47d4-ab2a-a764a6e25882:group-90B8AF4E75E2 changes role from FOLLOWER to CANDIDATE at term 2 for changeToCandidate
2019-08-18 03:52:54,259 INFO  impl.RoleInfo (RoleInfo.java:updateAndGet(143)) - fff5aa8a-9f35-47d4-ab2a-a764a6e25882: start LeaderElection
2019-08-18 03:52:54,275 INFO  impl.LeaderElection (LeaderElection.java:askForVotes(181)) - fff5aa8a-9f35-47d4-ab2a-a764a6e25882:group-90B8AF4E75E2:LeaderElection27: begin an election at term 3 for 0: [55f42c00-1b28-4f45-b737-7e010e517182:192.168.69.121:35894, fff5aa8a-9f35-47d4-ab2a-a764a6e25882:192.168.69.121:40458, e0bdcbff-667f-41c3-ad1f-791ce553c40c:192.168.69.121:45055], old=null
2019-08-18 03:52:54,277 INFO  impl.LeaderElection (LogUtils.java:infoOrTrace(149)) - fff5aa8a-9f35-47d4-ab2a-a764a6e25882:group-90B8AF4E75E2:LeaderElection27 got exception when requesting votes: {}
java.util.concurrent.ExecutionException: org.apache.ratis.thirdparty.io.grpc.StatusRuntimeException: UNAVAILABLE: io exception
	at java.util.concurrent.FutureTask.report(FutureTask.java:122)
	at java.util.concurrent.FutureTask.get(FutureTask.java:192)
	at org.apache.ratis.server.impl.LeaderElection.waitForResults(LeaderElection.java:262)
	at org.apache.ratis.server.impl.LeaderElection.askForVotes(LeaderElection.java:200)
	at org.apache.ratis.server.impl.LeaderElection.run(LeaderElection.java:130)
	at java.lang.Thread.run(Thread.java:748)
Caused by: org.apache.ratis.thirdparty.io.grpc.StatusRuntimeException: UNAVAILABLE: io exception
	at org.apache.ratis.thirdparty.io.grpc.stub.ClientCalls.toStatusRuntimeException(ClientCalls.java:233)
	at org.apache.ratis.thirdparty.io.grpc.stub.ClientCalls.getUnchecked(ClientCalls.java:214)
	at org.apache.ratis.thirdparty.io.grpc.stub.ClientCalls.blockingUnaryCall(ClientCalls.java:139)
	at org.apache.ratis.proto.grpc.RaftServerProtocolServiceGrpc$RaftServerProtocolServiceBlockingStub.requestVote(RaftServerProtocolServiceGrpc.java:265)
	at org.apache.ratis.grpc.server.GrpcServerProtocolClient.requestVote(GrpcServerProtocolClient.java:83)
	at org.apache.ratis.grpc.server.GrpcService.requestVote(GrpcService.java:195)
	at org.apache.ratis.server.impl.LeaderElection.lambda$submitRequests$1(LeaderElection.java:237)
	at java.util.concurrent.FutureTask.run(FutureTask.java:266)
	at java.util.concurrent.Executors$RunnableAdapter.call(Executors.java:511)
	at java.util.concurrent.FutureTask.run(FutureTask.java:266)
	at java.util.concurrent.ThreadPoolExecutor.runWorker(ThreadPoolExecutor.java:1149)
	at java.util.concurrent.ThreadPoolExecutor$Worker.run(ThreadPoolExecutor.java:624)
	... 1 more
Caused by: org.apache.ratis.thirdparty.io.netty.channel.AbstractChannel$AnnotatedConnectException: Connection refused: /192.168.69.121:35894
	at sun.nio.ch.SocketChannelImpl.checkConnect(Native Method)
	at sun.nio.ch.SocketChannelImpl.finishConnect(SocketChannelImpl.java:717)
	at org.apache.ratis.thirdparty.io.netty.channel.socket.nio.NioSocketChannel.doFinishConnect(NioSocketChannel.java:327)
	at org.apache.ratis.thirdparty.io.netty.channel.nio.AbstractNioChannel$AbstractNioUnsafe.finishConnect(AbstractNioChannel.java:340)
	at org.apache.ratis.thirdparty.io.netty.channel.nio.NioEventLoop.processSelectedKey(NioEventLoop.java:632)
	at org.apache.ratis.thirdparty.io.netty.channel.nio.NioEventLoop.processSelectedKeysOptimized(NioEventLoop.java:579)
	at org.apache.ratis.thirdparty.io.netty.channel.nio.NioEventLoop.processSelectedKeys(NioEventLoop.java:496)
	at org.apache.ratis.thirdparty.io.netty.channel.nio.NioEventLoop.run(NioEventLoop.java:458)
	at org.apache.ratis.thirdparty.io.netty.util.concurrent.SingleThreadEventExecutor$5.run(SingleThreadEventExecutor.java:897)
	at org.apache.ratis.thirdparty.io.netty.util.concurrent.FastThreadLocalRunnable.run(FastThreadLocalRunnable.java:30)
	... 1 more
Caused by: java.net.ConnectException: Connection refused
	... 11 more
2019-08-18 03:52:54,279 INFO  impl.LeaderElection (LogUtils.java:infoOrTrace(149)) - fff5aa8a-9f35-47d4-ab2a-a764a6e25882:group-90B8AF4E75E2:LeaderElection27 got exception when requesting votes: {}
java.util.concurrent.ExecutionException: org.apache.ratis.thirdparty.io.grpc.StatusRuntimeException: UNAVAILABLE: io exception
	at java.util.concurrent.FutureTask.report(FutureTask.java:122)
	at java.util.concurrent.FutureTask.get(FutureTask.java:192)
	at org.apache.ratis.server.impl.LeaderElection.waitForResults(LeaderElection.java:262)
	at org.apache.ratis.server.impl.LeaderElection.askForVotes(LeaderElection.java:200)
	at org.apache.ratis.server.impl.LeaderElection.run(LeaderElection.java:130)
	at java.lang.Thread.run(Thread.java:748)
Caused by: org.apache.ratis.thirdparty.io.grpc.StatusRuntimeException: UNAVAILABLE: io exception
	at org.apache.ratis.thirdparty.io.grpc.stub.ClientCalls.toStatusRuntimeException(ClientCalls.java:233)
	at org.apache.ratis.thirdparty.io.grpc.stub.ClientCalls.getUnchecked(ClientCalls.java:214)
	at org.apache.ratis.thirdparty.io.grpc.stub.ClientCalls.blockingUnaryCall(ClientCalls.java:139)
	at org.apache.ratis.proto.grpc.RaftServerProtocolServiceGrpc$RaftServerProtocolServiceBlockingStub.requestVote(RaftServerProtocolServiceGrpc.java:265)
	at org.apache.ratis.grpc.server.GrpcServerProtocolClient.requestVote(GrpcServerProtocolClient.java:83)
	at org.apache.ratis.grpc.server.GrpcService.requestVote(GrpcService.java:195)
	at org.apache.ratis.server.impl.LeaderElection.lambda$submitRequests$1(LeaderElection.java:237)
	at java.util.concurrent.FutureTask.run(FutureTask.java:266)
	at java.util.concurrent.Executors$RunnableAdapter.call(Executors.java:511)
	at java.util.concurrent.FutureTask.run(FutureTask.java:266)
	at java.util.concurrent.ThreadPoolExecutor.runWorker(ThreadPoolExecutor.java:1149)
	at java.util.concurrent.ThreadPoolExecutor$Worker.run(ThreadPoolExecutor.java:624)
	... 1 more
Caused by: org.apache.ratis.thirdparty.io.netty.channel.AbstractChannel$AnnotatedConnectException: Connection refused: /192.168.69.121:45055
	at sun.nio.ch.SocketChannelImpl.checkConnect(Native Method)
	at sun.nio.ch.SocketChannelImpl.finishConnect(SocketChannelImpl.java:717)
	at org.apache.ratis.thirdparty.io.netty.channel.socket.nio.NioSocketChannel.doFinishConnect(NioSocketChannel.java:327)
	at org.apache.ratis.thirdparty.io.netty.channel.nio.AbstractNioChannel$AbstractNioUnsafe.finishConnect(AbstractNioChannel.java:340)
	at org.apache.ratis.thirdparty.io.netty.channel.nio.NioEventLoop.processSelectedKey(NioEventLoop.java:632)
	at org.apache.ratis.thirdparty.io.netty.channel.nio.NioEventLoop.processSelectedKeysOptimized(NioEventLoop.java:579)
	at org.apache.ratis.thirdparty.io.netty.channel.nio.NioEventLoop.processSelectedKeys(NioEventLoop.java:496)
	at org.apache.ratis.thirdparty.io.netty.channel.nio.NioEventLoop.run(NioEventLoop.java:458)
	at org.apache.ratis.thirdparty.io.netty.util.concurrent.SingleThreadEventExecutor$5.run(SingleThreadEventExecutor.java:897)
	at org.apache.ratis.thirdparty.io.netty.util.concurrent.FastThreadLocalRunnable.run(FastThreadLocalRunnable.java:30)
	... 1 more
Caused by: java.net.ConnectException: Connection refused
	... 11 more
2019-08-18 03:52:54,281 INFO  impl.LeaderElection (LeaderElection.java:logAndReturn(56)) - fff5aa8a-9f35-47d4-ab2a-a764a6e25882:group-90B8AF4E75E2:LeaderElection27: Election REJECTED; received 0 response(s) [] and 2 exception(s); fff5aa8a-9f35-47d4-ab2a-a764a6e25882:t3, leader=null, voted=fff5aa8a-9f35-47d4-ab2a-a764a6e25882, raftlog=fff5aa8a-9f35-47d4-ab2a-a764a6e25882-SegmentedRaftLog:OPENED:c0,f0,i0, conf=0: [55f42c00-1b28-4f45-b737-7e010e517182:192.168.69.121:35894, fff5aa8a-9f35-47d4-ab2a-a764a6e25882:192.168.69.121:40458, e0bdcbff-667f-41c3-ad1f-791ce553c40c:192.168.69.121:45055], old=null
2019-08-18 03:52:54,281 INFO  impl.LeaderElection (LogUtils.java:infoOrTrace(149)) -   Exception 0: {}
java.util.concurrent.ExecutionException: org.apache.ratis.thirdparty.io.grpc.StatusRuntimeException: UNAVAILABLE: io exception
	at java.util.concurrent.FutureTask.report(FutureTask.java:122)
	at java.util.concurrent.FutureTask.get(FutureTask.java:192)
	at org.apache.ratis.server.impl.LeaderElection.waitForResults(LeaderElection.java:262)
	at org.apache.ratis.server.impl.LeaderElection.askForVotes(LeaderElection.java:200)
	at org.apache.ratis.server.impl.LeaderElection.run(LeaderElection.java:130)
	at java.lang.Thread.run(Thread.java:748)
Caused by: org.apache.ratis.thirdparty.io.grpc.StatusRuntimeException: UNAVAILABLE: io exception
	at org.apache.ratis.thirdparty.io.grpc.stub.ClientCalls.toStatusRuntimeException(ClientCalls.java:233)
	at org.apache.ratis.thirdparty.io.grpc.stub.ClientCalls.getUnchecked(ClientCalls.java:214)
	at org.apache.ratis.thirdparty.io.grpc.stub.ClientCalls.blockingUnaryCall(ClientCalls.java:139)
	at org.apache.ratis.proto.grpc.RaftServerProtocolServiceGrpc$RaftServerProtocolServiceBlockingStub.requestVote(RaftServerProtocolServiceGrpc.java:265)
	at org.apache.ratis.grpc.server.GrpcServerProtocolClient.requestVote(GrpcServerProtocolClient.java:83)
	at org.apache.ratis.grpc.server.GrpcService.requestVote(GrpcService.java:195)
	at org.apache.ratis.server.impl.LeaderElection.lambda$submitRequests$1(LeaderElection.java:237)
	at java.util.concurrent.FutureTask.run(FutureTask.java:266)
	at java.util.concurrent.Executors$RunnableAdapter.call(Executors.java:511)
	at java.util.concurrent.FutureTask.run(FutureTask.java:266)
	at java.util.concurrent.ThreadPoolExecutor.runWorker(ThreadPoolExecutor.java:1149)
	at java.util.concurrent.ThreadPoolExecutor$Worker.run(ThreadPoolExecutor.java:624)
	... 1 more
Caused by: org.apache.ratis.thirdparty.io.netty.channel.AbstractChannel$AnnotatedConnectException: Connection refused: /192.168.69.121:35894
	at sun.nio.ch.SocketChannelImpl.checkConnect(Native Method)
	at sun.nio.ch.SocketChannelImpl.finishConnect(SocketChannelImpl.java:717)
	at org.apache.ratis.thirdparty.io.netty.channel.socket.nio.NioSocketChannel.doFinishConnect(NioSocketChannel.java:327)
	at org.apache.ratis.thirdparty.io.netty.channel.nio.AbstractNioChannel$AbstractNioUnsafe.finishConnect(AbstractNioChannel.java:340)
	at org.apache.ratis.thirdparty.io.netty.channel.nio.NioEventLoop.processSelectedKey(NioEventLoop.java:632)
	at org.apache.ratis.thirdparty.io.netty.channel.nio.NioEventLoop.processSelectedKeysOptimized(NioEventLoop.java:579)
	at org.apache.ratis.thirdparty.io.netty.channel.nio.NioEventLoop.processSelectedKeys(NioEventLoop.java:496)
	at org.apache.ratis.thirdparty.io.netty.channel.nio.NioEventLoop.run(NioEventLoop.java:458)
	at org.apache.ratis.thirdparty.io.netty.util.concurrent.SingleThreadEventExecutor$5.run(SingleThreadEventExecutor.java:897)
	at org.apache.ratis.thirdparty.io.netty.util.concurrent.FastThreadLocalRunnable.run(FastThreadLocalRunnable.java:30)
	... 1 more
Caused by: java.net.ConnectException: Connection refused
	... 11 more
2019-08-18 03:52:54,281 INFO  impl.LeaderElection (LogUtils.java:infoOrTrace(149)) -   Exception 1: {}
java.util.concurrent.ExecutionException: org.apache.ratis.thirdparty.io.grpc.StatusRuntimeException: UNAVAILABLE: io exception
	at java.util.concurrent.FutureTask.report(FutureTask.java:122)
	at java.util.concurrent.FutureTask.get(FutureTask.java:192)
	at org.apache.ratis.server.impl.LeaderElection.waitForResults(LeaderElection.java:262)
	at org.apache.ratis.server.impl.LeaderElection.askForVotes(LeaderElection.java:200)
	at org.apache.ratis.server.impl.LeaderElection.run(LeaderElection.java:130)
	at java.lang.Thread.run(Thread.java:748)
Caused by: org.apache.ratis.thirdparty.io.grpc.StatusRuntimeException: UNAVAILABLE: io exception
	at org.apache.ratis.thirdparty.io.grpc.stub.ClientCalls.toStatusRuntimeException(ClientCalls.java:233)
	at org.apache.ratis.thirdparty.io.grpc.stub.ClientCalls.getUnchecked(ClientCalls.java:214)
	at org.apache.ratis.thirdparty.io.grpc.stub.ClientCalls.blockingUnaryCall(ClientCalls.java:139)
	at org.apache.ratis.proto.grpc.RaftServerProtocolServiceGrpc$RaftServerProtocolServiceBlockingStub.requestVote(RaftServerProtocolServiceGrpc.java:265)
	at org.apache.ratis.grpc.server.GrpcServerProtocolClient.requestVote(GrpcServerProtocolClient.java:83)
	at org.apache.ratis.grpc.server.GrpcService.requestVote(GrpcService.java:195)
	at org.apache.ratis.server.impl.LeaderElection.lambda$submitRequests$1(LeaderElection.java:237)
	at java.util.concurrent.FutureTask.run(FutureTask.java:266)
	at java.util.concurrent.Executors$RunnableAdapter.call(Executors.java:511)
	at java.util.concurrent.FutureTask.run(FutureTask.java:266)
	at java.util.concurrent.ThreadPoolExecutor.runWorker(ThreadPoolExecutor.java:1149)
	at java.util.concurrent.ThreadPoolExecutor$Worker.run(ThreadPoolExecutor.java:624)
	... 1 more
Caused by: org.apache.ratis.thirdparty.io.netty.channel.AbstractChannel$AnnotatedConnectException: Connection refused: /192.168.69.121:45055
	at sun.nio.ch.SocketChannelImpl.checkConnect(Native Method)
	at sun.nio.ch.SocketChannelImpl.finishConnect(SocketChannelImpl.java:717)
	at org.apache.ratis.thirdparty.io.netty.channel.socket.nio.NioSocketChannel.doFinishConnect(NioSocketChannel.java:327)
	at org.apache.ratis.thirdparty.io.netty.channel.nio.AbstractNioChannel$AbstractNioUnsafe.finishConnect(AbstractNioChannel.java:340)
	at org.apache.ratis.thirdparty.io.netty.channel.nio.NioEventLoop.processSelectedKey(NioEventLoop.java:632)
	at org.apache.ratis.thirdparty.io.netty.channel.nio.NioEventLoop.processSelectedKeysOptimized(NioEventLoop.java:579)
	at org.apache.ratis.thirdparty.io.netty.channel.nio.NioEventLoop.processSelectedKeys(NioEventLoop.java:496)
	at org.apache.ratis.thirdparty.io.netty.channel.nio.NioEventLoop.run(NioEventLoop.java:458)
	at org.apache.ratis.thirdparty.io.netty.util.concurrent.SingleThreadEventExecutor$5.run(SingleThreadEventExecutor.java:897)
	at org.apache.ratis.thirdparty.io.netty.util.concurrent.FastThreadLocalRunnable.run(FastThreadLocalRunnable.java:30)
	... 1 more
Caused by: java.net.ConnectException: Connection refused
	... 11 more
2019-08-18 03:52:54,282 INFO  impl.RaftServerImpl (RaftServerImpl.java:setRole(171)) - fff5aa8a-9f35-47d4-ab2a-a764a6e25882:group-90B8AF4E75E2 changes role from CANDIDATE to FOLLOWER at term 3 for DISCOVERED_A_NEW_TERM
2019-08-18 03:52:54,282 INFO  impl.RoleInfo (RoleInfo.java:shutdownLeaderElection(134)) - fff5aa8a-9f35-47d4-ab2a-a764a6e25882: shutdown LeaderElection
2019-08-18 03:52:54,282 INFO  impl.RoleInfo (RoleInfo.java:updateAndGet(143)) - fff5aa8a-9f35-47d4-ab2a-a764a6e25882: start FollowerState
2019-08-18 03:52:54,735 INFO  ozoneimpl.OzoneContainer (OzoneContainer.java:stop(199)) - Attempting to stop container services.
2019-08-18 03:52:54,736 INFO  impl.RaftServerProxy (RaftServerProxy.java:lambda$close$4(314)) - fff5aa8a-9f35-47d4-ab2a-a764a6e25882: close
2019-08-18 03:52:54,737 INFO  impl.RaftServerImpl (RaftServerImpl.java:lambda$shutdown$3(245)) - fff5aa8a-9f35-47d4-ab2a-a764a6e25882: shutdown group-D89D5EA862B7
2019-08-18 03:52:54,737 INFO  util.JmxRegister (JmxRegister.java:unregister(73)) - Successfully un-registered JMX Bean with object name Ratis:service=RaftServer,group=group-D89D5EA862B7,id=fff5aa8a-9f35-47d4-ab2a-a764a6e25882
2019-08-18 03:52:54,738 INFO  impl.RoleInfo (RoleInfo.java:shutdownLeaderState(104)) - fff5aa8a-9f35-47d4-ab2a-a764a6e25882: shutdown LeaderState
2019-08-18 03:52:54,738 INFO  impl.PendingRequests (PendingRequests.java:sendNotLeaderResponses(202)) - fff5aa8a-9f35-47d4-ab2a-a764a6e25882-PendingRequests: sendNotLeaderResponses
2019-08-18 03:52:54,739 INFO  impl.StateMachineUpdater (StateMachineUpdater.java:stopAndJoin(115)) - StateMachineUpdater:fff5aa8a-9f35-47d4-ab2a-a764a6e25882:group-D89D5EA862B7: set stopIndex = 0
2019-08-18 03:52:54,739 INFO  impl.RaftServerImpl (ServerState.java:close(394)) - fff5aa8a-9f35-47d4-ab2a-a764a6e25882:group-D89D5EA862B7 closes. The last applied log index is 0
2019-08-18 03:52:54,740 INFO  segmented.SegmentedRaftLogWorker (SegmentedRaftLogWorker.java:run(313)) - fff5aa8a-9f35-47d4-ab2a-a764a6e25882-SegmentedRaftLogWorker:Storage Directory /workdir/hadoop-ozone/integration-test/target/test-dir/MiniOzoneClusterImpl-0f5add87-0c11-4011-93e8-a360484efc1f/datanode-5/data/ratis/cffdd504-d8be-465d-a59e-d89d5ea862b7 was interrupted, exiting. There are 0 tasks remaining in the queue.
2019-08-18 03:52:54,740 INFO  segmented.SegmentedRaftLogWorker (SegmentedRaftLogWorker.java:close(228)) - fff5aa8a-9f35-47d4-ab2a-a764a6e25882-SegmentedRaftLogWorker:Storage Directory /workdir/hadoop-ozone/integration-test/target/test-dir/MiniOzoneClusterImpl-0f5add87-0c11-4011-93e8-a360484efc1f/datanode-5/data/ratis/cffdd504-d8be-465d-a59e-d89d5ea862b7 close()
2019-08-18 03:52:54,741 INFO  impl.RaftServerImpl (RaftServerImpl.java:lambda$shutdown$3(245)) - fff5aa8a-9f35-47d4-ab2a-a764a6e25882: shutdown group-90B8AF4E75E2
2019-08-18 03:52:54,741 INFO  util.JmxRegister (JmxRegister.java:unregister(73)) - Successfully un-registered JMX Bean with object name Ratis:service=RaftServer,group=group-90B8AF4E75E2,id=fff5aa8a-9f35-47d4-ab2a-a764a6e25882
2019-08-18 03:52:54,742 INFO  impl.RoleInfo (RoleInfo.java:shutdownFollowerState(121)) - fff5aa8a-9f35-47d4-ab2a-a764a6e25882: shutdown FollowerState
2019-08-18 03:52:54,742 INFO  impl.StateMachineUpdater (StateMachineUpdater.java:stopAndJoin(115)) - StateMachineUpdater:fff5aa8a-9f35-47d4-ab2a-a764a6e25882:group-90B8AF4E75E2: set stopIndex = 0
2019-08-18 03:52:54,742 INFO  impl.FollowerState (FollowerState.java:run(114)) - fff5aa8a-9f35-47d4-ab2a-a764a6e25882: FollowerState was interrupted: java.lang.InterruptedException: sleep interrupted
2019-08-18 03:52:54,743 INFO  impl.RaftServerImpl (ServerState.java:close(394)) - fff5aa8a-9f35-47d4-ab2a-a764a6e25882:group-90B8AF4E75E2 closes. The last applied log index is 0
2019-08-18 03:52:54,745 INFO  segmented.SegmentedRaftLogWorker (SegmentedRaftLogWorker.java:run(313)) - fff5aa8a-9f35-47d4-ab2a-a764a6e25882-SegmentedRaftLogWorker:Storage Directory /workdir/hadoop-ozone/integration-test/target/test-dir/MiniOzoneClusterImpl-0f5add87-0c11-4011-93e8-a360484efc1f/datanode-5/data/ratis/61ea4d95-16ce-49bf-be1d-90b8af4e75e2 was interrupted, exiting. There are 0 tasks remaining in the queue.
2019-08-18 03:52:54,745 INFO  segmented.SegmentedRaftLogWorker (SegmentedRaftLogWorker.java:close(228)) - fff5aa8a-9f35-47d4-ab2a-a764a6e25882-SegmentedRaftLogWorker:Storage Directory /workdir/hadoop-ozone/integration-test/target/test-dir/MiniOzoneClusterImpl-0f5add87-0c11-4011-93e8-a360484efc1f/datanode-5/data/ratis/61ea4d95-16ce-49bf-be1d-90b8af4e75e2 close()
2019-08-18 03:52:54,746 INFO  server.GrpcService (GrpcService.java:closeImpl(155)) - fff5aa8a-9f35-47d4-ab2a-a764a6e25882: shutdown server with port 40458 now
2019-08-18 03:52:54,749 INFO  server.GrpcService (GrpcService.java:closeImpl(163)) - fff5aa8a-9f35-47d4-ab2a-a764a6e25882: shutdown server with port 40458 successfully
2019-08-18 03:52:54,751 INFO  utils.BackgroundService (BackgroundService.java:shutdown(148)) - Shutting down service BlockDeletingService
2019-08-18 03:52:54,753 WARN  fs.CachingGetSpaceUsed (CachingGetSpaceUsed.java:run(183)) - Thread Interrupted waiting to refresh disk information: sleep interrupted
2019-08-18 03:52:54,771 INFO  statemachine.DatanodeStateMachine (DatanodeStateMachine.java:stopDaemon(395)) - Ozone container server stopped.
2019-08-18 03:52:54,783 INFO  handler.ContextHandler (ContextHandler.java:doStop(910)) - Stopped o.e.j.w.WebAppContext@186f7434{/,null,UNAVAILABLE}{/hddsDatanode}
2019-08-18 03:52:54,784 INFO  server.AbstractConnector (AbstractConnector.java:doStop(318)) - Stopped ServerConnector@2374452a{HTTP/1.1,[http/1.1]}{0.0.0.0:0}
2019-08-18 03:52:54,785 INFO  handler.ContextHandler (ContextHandler.java:doStop(910)) - Stopped o.e.j.s.ServletContextHandler@459e120b{/static,jar:file:/home/user/.m2/repository/org/apache/hadoop/hadoop-hdds-container-service/0.4.1-SNAPSHOT/hadoop-hdds-container-service-0.4.1-SNAPSHOT.jar!/webapps/static,UNAVAILABLE}
2019-08-18 03:52:54,785 INFO  handler.ContextHandler (ContextHandler.java:doStop(910)) - Stopped o.e.j.s.ServletContextHandler@34a33343{/logs,file:///workdir/hadoop-ozone/integration-test/target/log,UNAVAILABLE}
2019-08-18 03:52:54,787 INFO  ozone.MiniOzoneClusterImpl (MiniOzoneClusterImpl.java:stop(353)) - Stopping the StorageContainerManager
2019-08-18 03:52:54,787 INFO  server.StorageContainerManager (StorageContainerManager.java:stop(797)) - Stopping Replication Manager Service.
2019-08-18 03:52:54,787 INFO  container.ReplicationManager (ReplicationManager.java:stop(193)) - Stopping Replication Monitor Thread.
2019-08-18 03:52:54,788 INFO  server.StorageContainerManager (StorageContainerManager.java:stop(804)) - Stopping Lease Manager of the command watchers
2019-08-18 03:52:54,788 INFO  server.StorageContainerManager (StorageContainerManager.java:stop(811)) - Stopping datanode service RPC server
2019-08-18 03:52:54,788 INFO  server.SCMDatanodeProtocolServer (SCMDatanodeProtocolServer.java:stop(367)) - Stopping the RPC server for DataNodes
2019-08-18 03:52:54,788 INFO  ipc.Server (Server.java:stop(3082)) - Stopping server on 42392
2019-08-18 03:52:54,792 INFO  ipc.Server (Server.java:run(1185)) - Stopping IPC Server listener on 42392
2019-08-18 03:52:54,792 INFO  ipc.Server (Server.java:run(1319)) - Stopping IPC Server Responder
2019-08-18 03:52:54,890 WARN  node.NodeStateManager (NodeStateManager.java:scheduleNextHealthCheck(646)) - Current Thread is interrupted, shutting down HB processing thread for Node Manager.
2019-08-18 03:52:54,890 INFO  server.StorageContainerManager (StorageContainerManager.java:stop(819)) - Stopping block service RPC server
2019-08-18 03:52:54,891 INFO  server.SCMBlockProtocolServer (SCMBlockProtocolServer.java:stop(148)) - Stopping the RPC server for Block Protocol
2019-08-18 03:52:54,891 INFO  ipc.Server (Server.java:stop(3082)) - Stopping server on 43780
2019-08-18 03:52:54,893 INFO  server.StorageContainerManager (StorageContainerManager.java:stop(826)) - Stopping the StorageContainerLocationProtocol RPC server
2019-08-18 03:52:54,894 INFO  ipc.Server (Server.java:run(1185)) - Stopping IPC Server listener on 43780
2019-08-18 03:52:54,894 INFO  server.SCMClientProtocolServer (SCMClientProtocolServer.java:stop(159)) - Stopping the RPC server for Client Protocol
2019-08-18 03:52:54,895 INFO  ipc.Server (Server.java:stop(3082)) - Stopping server on 37673
2019-08-18 03:52:54,894 INFO  ipc.Server (Server.java:run(1319)) - Stopping IPC Server Responder
2019-08-18 03:52:54,897 INFO  ipc.Server (Server.java:run(1185)) - Stopping IPC Server listener on 37673
2019-08-18 03:52:54,897 INFO  server.StorageContainerManager (StorageContainerManager.java:stop(833)) - Stopping Storage Container Manager HTTP server.
2019-08-18 03:52:54,899 INFO  ipc.Server (Server.java:run(1319)) - Stopping IPC Server Responder
2019-08-18 03:52:54,899 INFO  handler.ContextHandler (ContextHandler.java:doStop(910)) - Stopped o.e.j.w.WebAppContext@7db791df{/,null,UNAVAILABLE}{/scm}
2019-08-18 03:52:54,900 INFO  server.AbstractConnector (AbstractConnector.java:doStop(318)) - Stopped ServerConnector@1bfa5a13{HTTP/1.1,[http/1.1]}{0.0.0.0:0}
2019-08-18 03:52:54,900 INFO  handler.ContextHandler (ContextHandler.java:doStop(910)) - Stopped o.e.j.s.ServletContextHandler@6d7b2319{/static,file:///workdir/hadoop-ozone/integration-test/target/test-classes/webapps/static,UNAVAILABLE}
2019-08-18 03:52:54,901 INFO  handler.ContextHandler (ContextHandler.java:doStop(910)) - Stopped o.e.j.s.ServletContextHandler@4abbe41c{/logs,file:///workdir/hadoop-ozone/integration-test/target/log,UNAVAILABLE}
2019-08-18 03:52:54,903 INFO  server.StorageContainerManager (StorageContainerManager.java:stop(844)) - Stopping Block Manager Service.
2019-08-18 03:52:54,903 INFO  utils.BackgroundService (BackgroundService.java:shutdown(148)) - Shutting down service SCMBlockDeletingService
2019-08-18 03:52:54,903 INFO  utils.BackgroundService (BackgroundService.java:shutdown(148)) - Shutting down service SCMBlockDeletingService
2019-08-18 03:52:54,904 INFO  server.StorageContainerManager (StorageContainerManager.java:stop(866)) - Stopping SCM Event Queue.
2019-08-18 03:52:54,908 INFO  impl.MetricsSystemImpl (MetricsSystemImpl.java:stop(210)) - Stopping HddsDatanode metrics system...
2019-08-18 03:52:54,916 INFO  impl.MetricsSystemImpl (MetricsSystemImpl.java:stop(216)) - HddsDatanode metrics system stopped.
]]></system-out>
    <system-err><![CDATA[Aug 18, 2019 3:52:23 AM com.sun.jersey.server.impl.application.WebApplicationImpl _initiate
INFO: Initiating Jersey application, version 'Jersey: 1.19 02/11/2015 03:25 AM'
Aug 18, 2019 3:52:23 AM com.sun.jersey.server.impl.application.WebApplicationImpl _initiate
INFO: Initiating Jersey application, version 'Jersey: 1.19 02/11/2015 03:25 AM'
Aug 18, 2019 3:52:23 AM com.sun.jersey.server.impl.application.WebApplicationImpl _initiate
INFO: Initiating Jersey application, version 'Jersey: 1.19 02/11/2015 03:25 AM'
Aug 18, 2019 3:52:24 AM com.sun.jersey.server.impl.application.WebApplicationImpl _initiate
INFO: Initiating Jersey application, version 'Jersey: 1.19 02/11/2015 03:25 AM'
Aug 18, 2019 3:52:24 AM com.sun.jersey.server.impl.application.WebApplicationImpl _initiate
INFO: Initiating Jersey application, version 'Jersey: 1.19 02/11/2015 03:25 AM'
Aug 18, 2019 3:52:24 AM com.sun.jersey.server.impl.application.WebApplicationImpl _initiate
INFO: Initiating Jersey application, version 'Jersey: 1.19 02/11/2015 03:25 AM'
Aug 18, 2019 3:52:24 AM com.sun.jersey.server.impl.application.WebApplicationImpl _initiate
INFO: Initiating Jersey application, version 'Jersey: 1.19 02/11/2015 03:25 AM'
]]></system-err>
  </testcase>
</testsuite>