<?xml version="1.0" encoding="UTF-8"?>
<testsuite xmlns:xsi="http://www.w3.org/2001/XMLSchema-instance" xsi:noNamespaceSchemaLocation="https://maven.apache.org/surefire/maven-surefire-plugin/xsd/surefire-test-report.xsd" name="org.apache.hadoop.ozone.freon.TestFreonWithPipelineDestroy" time="31.311" tests="1" errors="1" skipped="0" failures="0">
  <properties>
    <property name="awt.toolkit" value="sun.awt.X11.XToolkit"/>
    <property name="file.encoding.pkg" value="sun.io"/>
    <property name="java.specification.version" value="1.8"/>
    <property name="sun.cpu.isalist" value=""/>
    <property name="sun.jnu.encoding" value="UTF-8"/>
    <property name="java.class.path" value="/workdir/hadoop-ozone/tools/target/test-classes:/workdir/hadoop-ozone/tools/target/classes:/home/user/.m2/repository/org/apache/hadoop/hadoop-ozone-ozone-manager/0.5.0-SNAPSHOT/hadoop-ozone-ozone-manager-0.5.0-SNAPSHOT.jar:/home/user/.m2/repository/org/apache/hadoop/hadoop-hdds-docs/0.5.0-SNAPSHOT/hadoop-hdds-docs-0.5.0-SNAPSHOT.jar:/home/user/.m2/repository/org/bouncycastle/bcprov-jdk15on/1.60/bcprov-jdk15on-1.60.jar:/home/user/.m2/repository/org/apache/hadoop/hadoop-ozone-common/0.5.0-SNAPSHOT/hadoop-ozone-common-0.5.0-SNAPSHOT.jar:/home/user/.m2/repository/org/apache/commons/commons-compress/1.4.1/commons-compress-1.4.1.jar:/home/user/.m2/repository/org/tukaani/xz/1.0/xz-1.0.jar:/home/user/.m2/repository/org/apache/hadoop/hadoop-hdfs-client/3.2.0/hadoop-hdfs-client-3.2.0.jar:/home/user/.m2/repository/com/fasterxml/jackson/core/jackson-annotations/2.9.9/jackson-annotations-2.9.9.jar:/home/user/.m2/repository/org/apache/hadoop/hadoop-hdds-common/0.5.0-SNAPSHOT/hadoop-hdds-common-0.5.0-SNAPSHOT.jar:/home/user/.m2/repository/org/apache/hadoop/hadoop-hdds-config/0.5.0-SNAPSHOT/hadoop-hdds-config-0.5.0-SNAPSHOT.jar:/home/user/.m2/repository/javax/annotation/javax.annotation-api/1.2/javax.annotation-api-1.2.jar:/home/user/.m2/repository/org/apache/ratis/ratis-server/0.4.0/ratis-server-0.4.0.jar:/home/user/.m2/repository/org/apache/ratis/ratis-thirdparty-misc/0.2.0/ratis-thirdparty-misc-0.2.0.jar:/home/user/.m2/repository/org/apache/ratis/ratis-proto/0.4.0/ratis-proto-0.4.0.jar:/home/user/.m2/repository/org/apache/ratis/ratis-common/0.4.0/ratis-common-0.4.0.jar:/home/user/.m2/repository/org/apache/ratis/ratis-client/0.4.0/ratis-client-0.4.0.jar:/home/user/.m2/repository/org/apache/ratis/ratis-metrics/0.4.0/ratis-metrics-0.4.0.jar:/home/user/.m2/repository/com/github/joshelser/dropwizard-metrics-hadoop-metrics2-reporter/0.1.2/dropwizard-metrics-hadoop-metrics2-reporter-0.1.2.jar:/home/user/.m2/repository/io/dropwizard/metrics/metrics-jvm/3.2.5/metrics-jvm-3.2.5.jar:/home/user/.m2/repository/io/dropwizard/metrics/metrics-ganglia/3.2.5/metrics-ganglia-3.2.5.jar:/home/user/.m2/repository/info/ganglia/gmetric4j/gmetric4j/1.0.7/gmetric4j-1.0.7.jar:/home/user/.m2/repository/org/apache/ratis/ratis-netty/0.4.0/ratis-netty-0.4.0.jar:/home/user/.m2/repository/org/apache/ratis/ratis-grpc/0.4.0/ratis-grpc-0.4.0.jar:/home/user/.m2/repository/org/rocksdb/rocksdbjni/6.0.1/rocksdbjni-6.0.1.jar:/home/user/.m2/repository/org/apache/logging/log4j/log4j-api/2.11.0/log4j-api-2.11.0.jar:/home/user/.m2/repository/org/apache/logging/log4j/log4j-core/2.11.0/log4j-core-2.11.0.jar:/home/user/.m2/repository/com/lmax/disruptor/3.4.2/disruptor-3.4.2.jar:/home/user/.m2/repository/org/apache/commons/commons-pool2/2.6.0/commons-pool2-2.6.0.jar:/home/user/.m2/repository/org/bouncycastle/bcpkix-jdk15on/1.60/bcpkix-jdk15on-1.60.jar:/home/user/.m2/repository/commons-validator/commons-validator/1.6/commons-validator-1.6.jar:/home/user/.m2/repository/commons-digester/commons-digester/1.8.1/commons-digester-1.8.1.jar:/home/user/.m2/repository/io/jaegertracing/jaeger-client/0.34.0/jaeger-client-0.34.0.jar:/home/user/.m2/repository/io/jaegertracing/jaeger-thrift/0.34.0/jaeger-thrift-0.34.0.jar:/home/user/.m2/repository/org/apache/thrift/libthrift/0.12.0/libthrift-0.12.0.jar:/home/user/.m2/repository/com/squareup/okhttp3/okhttp/3.9.0/okhttp-3.9.0.jar:/home/user/.m2/repository/com/squareup/okio/okio/1.13.0/okio-1.13.0.jar:/home/user/.m2/repository/io/jaegertracing/jaeger-core/0.34.0/jaeger-core-0.34.0.jar:/home/user/.m2/repository/io/jaegertracing/jaeger-tracerresolver/0.34.0/jaeger-tracerresolver-0.34.0.jar:/home/user/.m2/repository/io/opentracing/contrib/opentracing-tracerresolver/0.1.5/opentracing-tracerresolver-0.1.5.jar:/home/user/.m2/repository/io/opentracing/opentracing-util/0.31.0/opentracing-util-0.31.0.jar:/home/user/.m2/repository/io/opentracing/opentracing-api/0.31.0/opentracing-api-0.31.0.jar:/home/user/.m2/repository/io/opentracing/opentracing-noop/0.31.0/opentracing-noop-0.31.0.jar:/home/user/.m2/repository/org/yaml/snakeyaml/1.16/snakeyaml-1.16.jar:/home/user/.m2/repository/org/apache/hadoop/hadoop-hdds-container-service/0.5.0-SNAPSHOT/hadoop-hdds-container-service-0.5.0-SNAPSHOT.jar:/home/user/.m2/repository/org/apache/hadoop/hadoop-hdds-client/0.5.0-SNAPSHOT/hadoop-hdds-client-0.5.0-SNAPSHOT.jar:/home/user/.m2/repository/org/apache/hadoop/hadoop-hdds-tools/0.5.0-SNAPSHOT/hadoop-hdds-tools-0.5.0-SNAPSHOT.jar:/home/user/.m2/repository/org/xerial/sqlite-jdbc/3.25.2/sqlite-jdbc-3.25.2.jar:/home/user/.m2/repository/org/apache/hadoop/hadoop-hdds-server-scm/0.5.0-SNAPSHOT/hadoop-hdds-server-scm-0.5.0-SNAPSHOT.jar:/home/user/.m2/repository/org/hamcrest/hamcrest-all/1.3/hamcrest-all-1.3.jar:/home/user/.m2/repository/info/picocli/picocli/3.9.6/picocli-3.9.6.jar:/home/user/.m2/repository/com/google/protobuf/protobuf-java/2.5.0/protobuf-java-2.5.0.jar:/home/user/.m2/repository/com/google/guava/guava/11.0.2/guava-11.0.2.jar:/home/user/.m2/repository/org/apache/hadoop/hadoop-ozone-client/0.5.0-SNAPSHOT/hadoop-ozone-client-0.5.0-SNAPSHOT.jar:/workdir/hadoop-ozone/ozonefs/target/classes:/home/user/.m2/repository/org/apache/hadoop/hadoop-hdds-server-framework/0.5.0-SNAPSHOT/hadoop-hdds-server-framework-0.5.0-SNAPSHOT.jar:/home/user/.m2/repository/org/apache/hadoop/hadoop-common/3.2.0/hadoop-common-3.2.0.jar:/home/user/.m2/repository/org/apache/hadoop/hadoop-annotations/3.2.0/hadoop-annotations-3.2.0.jar:/usr/lib/jvm/java-1.8-openjdk/jre/../lib/tools.jar:/home/user/.m2/repository/commons-cli/commons-cli/1.2/commons-cli-1.2.jar:/home/user/.m2/repository/org/apache/commons/commons-math3/3.1.1/commons-math3-3.1.1.jar:/home/user/.m2/repository/org/apache/httpcomponents/httpclient/4.5.2/httpclient-4.5.2.jar:/home/user/.m2/repository/org/apache/httpcomponents/httpcore/4.4.4/httpcore-4.4.4.jar:/home/user/.m2/repository/commons-codec/commons-codec/1.11/commons-codec-1.11.jar:/home/user/.m2/repository/commons-io/commons-io/2.5/commons-io-2.5.jar:/home/user/.m2/repository/commons-net/commons-net/3.6/commons-net-3.6.jar:/home/user/.m2/repository/commons-collections/commons-collections/3.2.2/commons-collections-3.2.2.jar:/home/user/.m2/repository/javax/servlet/javax.servlet-api/3.1.0/javax.servlet-api-3.1.0.jar:/home/user/.m2/repository/org/eclipse/jetty/jetty-server/9.3.25.v20180904/jetty-server-9.3.25.v20180904.jar:/home/user/.m2/repository/org/eclipse/jetty/jetty-http/9.3.25.v20180904/jetty-http-9.3.25.v20180904.jar:/home/user/.m2/repository/org/eclipse/jetty/jetty-io/9.3.25.v20180904/jetty-io-9.3.25.v20180904.jar:/home/user/.m2/repository/org/eclipse/jetty/jetty-util/9.3.25.v20180904/jetty-util-9.3.25.v20180904.jar:/home/user/.m2/repository/org/eclipse/jetty/jetty-servlet/9.3.25.v20180904/jetty-servlet-9.3.25.v20180904.jar:/home/user/.m2/repository/org/eclipse/jetty/jetty-security/9.3.25.v20180904/jetty-security-9.3.25.v20180904.jar:/home/user/.m2/repository/org/eclipse/jetty/jetty-webapp/9.3.25.v20180904/jetty-webapp-9.3.25.v20180904.jar:/home/user/.m2/repository/org/eclipse/jetty/jetty-xml/9.3.25.v20180904/jetty-xml-9.3.25.v20180904.jar:/home/user/.m2/repository/javax/servlet/jsp/jsp-api/2.1/jsp-api-2.1.jar:/home/user/.m2/repository/com/sun/jersey/jersey-core/1.19/jersey-core-1.19.jar:/home/user/.m2/repository/javax/ws/rs/jsr311-api/1.1.1/jsr311-api-1.1.1.jar:/home/user/.m2/repository/com/sun/jersey/jersey-servlet/1.19/jersey-servlet-1.19.jar:/home/user/.m2/repository/com/sun/jersey/jersey-json/1.19/jersey-json-1.19.jar:/home/user/.m2/repository/org/codehaus/jettison/jettison/1.1/jettison-1.1.jar:/home/user/.m2/repository/com/sun/xml/bind/jaxb-impl/2.3.0.1/jaxb-impl-2.3.0.1.jar:/home/user/.m2/repository/org/codehaus/jackson/jackson-core-asl/1.9.13/jackson-core-asl-1.9.13.jar:/home/user/.m2/repository/org/codehaus/jackson/jackson-mapper-asl/1.9.13/jackson-mapper-asl-1.9.13.jar:/home/user/.m2/repository/org/codehaus/jackson/jackson-jaxrs/1.9.13/jackson-jaxrs-1.9.13.jar:/home/user/.m2/repository/org/codehaus/jackson/jackson-xc/1.9.13/jackson-xc-1.9.13.jar:/home/user/.m2/repository/com/sun/jersey/jersey-server/1.19/jersey-server-1.19.jar:/home/user/.m2/repository/commons-logging/commons-logging/1.1.3/commons-logging-1.1.3.jar:/home/user/.m2/repository/log4j/log4j/1.2.17/log4j-1.2.17.jar:/home/user/.m2/repository/commons-beanutils/commons-beanutils/1.9.4/commons-beanutils-1.9.4.jar:/home/user/.m2/repository/org/apache/commons/commons-configuration2/2.1.1/commons-configuration2-2.1.1.jar:/home/user/.m2/repository/org/apache/commons/commons-lang3/3.7/commons-lang3-3.7.jar:/home/user/.m2/repository/org/apache/commons/commons-text/1.4/commons-text-1.4.jar:/home/user/.m2/repository/org/slf4j/slf4j-api/1.7.25/slf4j-api-1.7.25.jar:/home/user/.m2/repository/org/slf4j/slf4j-log4j12/1.7.25/slf4j-log4j12-1.7.25.jar:/home/user/.m2/repository/org/apache/avro/avro/1.7.7/avro-1.7.7.jar:/home/user/.m2/repository/com/thoughtworks/paranamer/paranamer/2.3/paranamer-2.3.jar:/home/user/.m2/repository/org/xerial/snappy/snappy-java/1.0.5/snappy-java-1.0.5.jar:/home/user/.m2/repository/com/google/re2j/re2j/1.1/re2j-1.1.jar:/home/user/.m2/repository/com/google/code/gson/gson/2.2.4/gson-2.2.4.jar:/home/user/.m2/repository/org/apache/hadoop/hadoop-auth/3.2.0/hadoop-auth-3.2.0.jar:/home/user/.m2/repository/com/nimbusds/nimbus-jose-jwt/4.41.1/nimbus-jose-jwt-4.41.1.jar:/home/user/.m2/repository/com/github/stephenc/jcip/jcip-annotations/1.0-1/jcip-annotations-1.0-1.jar:/home/user/.m2/repository/net/minidev/json-smart/2.3/json-smart-2.3.jar:/home/user/.m2/repository/net/minidev/accessors-smart/1.2/accessors-smart-1.2.jar:/home/user/.m2/repository/org/apache/curator/curator-framework/2.12.0/curator-framework-2.12.0.jar:/home/user/.m2/repository/com/jcraft/jsch/0.1.54/jsch-0.1.54.jar:/home/user/.m2/repository/org/apache/curator/curator-client/2.12.0/curator-client-2.12.0.jar:/home/user/.m2/repository/org/apache/curator/curator-recipes/2.12.0/curator-recipes-2.12.0.jar:/home/user/.m2/repository/com/google/code/findbugs/jsr305/3.0.0/jsr305-3.0.0.jar:/home/user/.m2/repository/org/apache/htrace/htrace-core4/4.1.0-incubating/htrace-core4-4.1.0-incubating.jar:/home/user/.m2/repository/org/apache/zookeeper/zookeeper/3.4.13/zookeeper-3.4.13.jar:/home/user/.m2/repository/jline/jline/0.9.94/jline-0.9.94.jar:/home/user/.m2/repository/org/apache/yetus/audience-annotations/0.5.0/audience-annotations-0.5.0.jar:/home/user/.m2/repository/org/apache/kerby/kerb-simplekdc/1.0.1/kerb-simplekdc-1.0.1.jar:/home/user/.m2/repository/org/apache/kerby/kerb-client/1.0.1/kerb-client-1.0.1.jar:/home/user/.m2/repository/org/apache/kerby/kerby-config/1.0.1/kerby-config-1.0.1.jar:/home/user/.m2/repository/org/apache/kerby/kerb-core/1.0.1/kerb-core-1.0.1.jar:/home/user/.m2/repository/org/apache/kerby/kerby-pkix/1.0.1/kerby-pkix-1.0.1.jar:/home/user/.m2/repository/org/apache/kerby/kerby-asn1/1.0.1/kerby-asn1-1.0.1.jar:/home/user/.m2/repository/org/apache/kerby/kerby-util/1.0.1/kerby-util-1.0.1.jar:/home/user/.m2/repository/org/apache/kerby/kerb-common/1.0.1/kerb-common-1.0.1.jar:/home/user/.m2/repository/org/apache/kerby/kerb-crypto/1.0.1/kerb-crypto-1.0.1.jar:/home/user/.m2/repository/org/apache/kerby/kerb-util/1.0.1/kerb-util-1.0.1.jar:/home/user/.m2/repository/org/apache/kerby/token-provider/1.0.1/token-provider-1.0.1.jar:/home/user/.m2/repository/org/apache/kerby/kerb-admin/1.0.1/kerb-admin-1.0.1.jar:/home/user/.m2/repository/org/apache/kerby/kerb-server/1.0.1/kerb-server-1.0.1.jar:/home/user/.m2/repository/org/apache/kerby/kerb-identity/1.0.1/kerb-identity-1.0.1.jar:/home/user/.m2/repository/org/apache/kerby/kerby-xdr/1.0.1/kerby-xdr-1.0.1.jar:/home/user/.m2/repository/com/fasterxml/jackson/core/jackson-databind/2.9.9/jackson-databind-2.9.9.jar:/home/user/.m2/repository/com/fasterxml/jackson/core/jackson-core/2.9.9/jackson-core-2.9.9.jar:/home/user/.m2/repository/org/codehaus/woodstox/stax2-api/3.1.4/stax2-api-3.1.4.jar:/home/user/.m2/repository/com/fasterxml/woodstox/woodstox-core/5.0.3/woodstox-core-5.0.3.jar:/home/user/.m2/repository/dnsjava/dnsjava/2.1.7/dnsjava-2.1.7.jar:/home/user/.m2/repository/org/apache/hadoop/hadoop-hdfs/3.2.0/hadoop-hdfs-3.2.0.jar:/home/user/.m2/repository/org/eclipse/jetty/jetty-util-ajax/9.3.25.v20180904/jetty-util-ajax-9.3.25.v20180904.jar:/home/user/.m2/repository/commons-daemon/commons-daemon/1.0.13/commons-daemon-1.0.13.jar:/home/user/.m2/repository/io/netty/netty/3.10.5.Final/netty-3.10.5.Final.jar:/home/user/.m2/repository/io/netty/netty-all/4.0.52.Final/netty-all-4.0.52.Final.jar:/home/user/.m2/repository/org/fusesource/leveldbjni/leveldbjni-all/1.8/leveldbjni-all-1.8.jar:/home/user/.m2/repository/com/sun/xml/bind/jaxb-core/2.3.0.1/jaxb-core-2.3.0.1.jar:/home/user/.m2/repository/javax/xml/bind/jaxb-api/2.3.0/jaxb-api-2.3.0.jar:/home/user/.m2/repository/javax/activation/activation/1.1.1/activation-1.1.1.jar:/home/user/.m2/repository/io/dropwizard/metrics/metrics-core/3.2.4/metrics-core-3.2.4.jar:/home/user/.m2/repository/org/openjdk/jmh/jmh-core/1.19/jmh-core-1.19.jar:/home/user/.m2/repository/net/sf/jopt-simple/jopt-simple/4.6/jopt-simple-4.6.jar:/home/user/.m2/repository/org/openjdk/jmh/jmh-generator-annprocess/1.19/jmh-generator-annprocess-1.19.jar:/home/user/.m2/repository/com/amazonaws/aws-java-sdk-s3/1.11.615/aws-java-sdk-s3-1.11.615.jar:/home/user/.m2/repository/com/amazonaws/aws-java-sdk-kms/1.11.615/aws-java-sdk-kms-1.11.615.jar:/home/user/.m2/repository/com/amazonaws/aws-java-sdk-core/1.11.615/aws-java-sdk-core-1.11.615.jar:/home/user/.m2/repository/software/amazon/ion/ion-java/1.0.2/ion-java-1.0.2.jar:/home/user/.m2/repository/com/fasterxml/jackson/dataformat/jackson-dataformat-cbor/2.9.9/jackson-dataformat-cbor-2.9.9.jar:/home/user/.m2/repository/joda-time/joda-time/2.9.9/joda-time-2.9.9.jar:/home/user/.m2/repository/com/amazonaws/jmespath-java/1.11.615/jmespath-java-1.11.615.jar:/home/user/.m2/repository/com/google/code/findbugs/findbugs/3.0.1/findbugs-3.0.1.jar:/home/user/.m2/repository/net/jcip/jcip-annotations/1.0/jcip-annotations-1.0.jar:/home/user/.m2/repository/com/google/code/findbugs/bcel-findbugs/6.0/bcel-findbugs-6.0.jar:/home/user/.m2/repository/com/google/code/findbugs/jFormatString/2.0.1/jFormatString-2.0.1.jar:/home/user/.m2/repository/dom4j/dom4j/1.6.1/dom4j-1.6.1.jar:/home/user/.m2/repository/xml-apis/xml-apis/1.0.b2/xml-apis-1.0.b2.jar:/home/user/.m2/repository/org/ow2/asm/asm-debug-all/5.0.2/asm-debug-all-5.0.2.jar:/home/user/.m2/repository/org/ow2/asm/asm-commons/5.0.2/asm-commons-5.0.2.jar:/home/user/.m2/repository/org/ow2/asm/asm-tree/5.0.2/asm-tree-5.0.2.jar:/home/user/.m2/repository/org/ow2/asm/asm/5.0.4/asm-5.0.4.jar:/home/user/.m2/repository/commons-lang/commons-lang/2.6/commons-lang-2.6.jar:/home/user/.m2/repository/com/apple/AppleJavaExtensions/1.4/AppleJavaExtensions-1.4.jar:/home/user/.m2/repository/jaxen/jaxen/1.1.6/jaxen-1.1.6.jar:/home/user/.m2/repository/junit/junit/4.11/junit-4.11.jar:/home/user/.m2/repository/org/hamcrest/hamcrest-core/1.3/hamcrest-core-1.3.jar:/home/user/.m2/repository/org/apache/hadoop/hadoop-common/3.2.0/hadoop-common-3.2.0-tests.jar:/workdir/hadoop-ozone/integration-test/target/test-classes:/home/user/.m2/repository/org/apache/hadoop/hadoop-ozone-s3gateway/0.5.0-SNAPSHOT/hadoop-ozone-s3gateway-0.5.0-SNAPSHOT.jar:/home/user/.m2/repository/org/jboss/weld/servlet/weld-servlet/2.4.7.Final/weld-servlet-2.4.7.Final.jar:/home/user/.m2/repository/org/glassfish/jersey/containers/jersey-container-servlet-core/2.27/jersey-container-servlet-core-2.27.jar:/home/user/.m2/repository/org/glassfish/hk2/external/javax.inject/2.5.0-b42/javax.inject-2.5.0-b42.jar:/home/user/.m2/repository/org/glassfish/jersey/core/jersey-common/2.27/jersey-common-2.27.jar:/home/user/.m2/repository/org/glassfish/hk2/osgi-resource-locator/1.0.1/osgi-resource-locator-1.0.1.jar:/home/user/.m2/repository/javax/ws/rs/javax.ws.rs-api/2.1/javax.ws.rs-api-2.1.jar:/home/user/.m2/repository/org/glassfish/jersey/ext/cdi/jersey-cdi1x/2.27/jersey-cdi1x-2.27.jar:/home/user/.m2/repository/org/glassfish/jersey/inject/jersey-hk2/2.27/jersey-hk2-2.27.jar:/home/user/.m2/repository/org/glassfish/hk2/hk2-locator/2.5.0-b42/hk2-locator-2.5.0-b42.jar:/home/user/.m2/repository/org/javassist/javassist/3.22.0-CR2/javassist-3.22.0-CR2.jar:/home/user/.m2/repository/org/glassfish/hk2/hk2-api/2.5.0/hk2-api-2.5.0.jar:/home/user/.m2/repository/org/glassfish/hk2/external/jakarta.inject/2.5.0/jakarta.inject-2.5.0.jar:/home/user/.m2/repository/org/glassfish/hk2/hk2-utils/2.5.0/hk2-utils-2.5.0.jar:/home/user/.m2/repository/jakarta/annotation/jakarta.annotation-api/1.3.4/jakarta.annotation-api-1.3.4.jar:/home/user/.m2/repository/org/glassfish/hk2/external/aopalliance-repackaged/2.5.0/aopalliance-repackaged-2.5.0.jar:/home/user/.m2/repository/com/fasterxml/jackson/dataformat/jackson-dataformat-xml/2.9.0/jackson-dataformat-xml-2.9.0.jar:/home/user/.m2/repository/com/fasterxml/jackson/module/jackson-module-jaxb-annotations/2.9.9/jackson-module-jaxb-annotations-2.9.9.jar:/home/user/.m2/repository/javax/enterprise/cdi-api/1.2/cdi-api-1.2.jar:/home/user/.m2/repository/javax/el/javax.el-api/3.0.0/javax.el-api-3.0.0.jar:/home/user/.m2/repository/javax/interceptor/javax.interceptor-api/1.2/javax.interceptor-api-1.2.jar:/home/user/.m2/repository/javax/inject/javax.inject/1/javax.inject-1.jar:/home/user/.m2/repository/org/apache/hadoop/hadoop-ozone-csi/0.5.0-SNAPSHOT/hadoop-ozone-csi-0.5.0-SNAPSHOT.jar:/home/user/.m2/repository/com/google/protobuf/protobuf-java-util/3.5.1/protobuf-java-util-3.5.1.jar:/home/user/.m2/repository/io/grpc/grpc-netty/1.17.1/grpc-netty-1.17.1.jar:/home/user/.m2/repository/io/grpc/grpc-core/1.17.1/grpc-core-1.17.1.jar:/home/user/.m2/repository/io/grpc/grpc-context/1.17.1/grpc-context-1.17.1.jar:/home/user/.m2/repository/com/google/errorprone/error_prone_annotations/2.2.0/error_prone_annotations-2.2.0.jar:/home/user/.m2/repository/org/codehaus/mojo/animal-sniffer-annotations/1.17/animal-sniffer-annotations-1.17.jar:/home/user/.m2/repository/io/opencensus/opencensus-api/0.17.0/opencensus-api-0.17.0.jar:/home/user/.m2/repository/io/opencensus/opencensus-contrib-grpc-metrics/0.17.0/opencensus-contrib-grpc-metrics-0.17.0.jar:/home/user/.m2/repository/io/netty/netty-codec-http2/4.1.30.Final/netty-codec-http2-4.1.30.Final.jar:/home/user/.m2/repository/io/netty/netty-codec-http/4.1.30.Final/netty-codec-http-4.1.30.Final.jar:/home/user/.m2/repository/io/netty/netty-codec/4.1.30.Final/netty-codec-4.1.30.Final.jar:/home/user/.m2/repository/io/netty/netty-handler/4.1.30.Final/netty-handler-4.1.30.Final.jar:/home/user/.m2/repository/io/netty/netty-handler-proxy/4.1.30.Final/netty-handler-proxy-4.1.30.Final.jar:/home/user/.m2/repository/io/netty/netty-codec-socks/4.1.30.Final/netty-codec-socks-4.1.30.Final.jar:/home/user/.m2/repository/io/netty/netty-transport-native-epoll/4.1.30.Final/netty-transport-native-epoll-4.1.30.Final.jar:/home/user/.m2/repository/io/netty/netty-common/4.1.30.Final/netty-common-4.1.30.Final.jar:/home/user/.m2/repository/io/netty/netty-buffer/4.1.30.Final/netty-buffer-4.1.30.Final.jar:/home/user/.m2/repository/io/netty/netty-transport/4.1.30.Final/netty-transport-4.1.30.Final.jar:/home/user/.m2/repository/io/netty/netty-resolver/4.1.30.Final/netty-resolver-4.1.30.Final.jar:/home/user/.m2/repository/io/netty/netty-transport-native-unix-common/4.1.30.Final/netty-transport-native-unix-common-4.1.30.Final.jar:/home/user/.m2/repository/io/grpc/grpc-protobuf/1.17.1/grpc-protobuf-1.17.1.jar:/home/user/.m2/repository/com/google/api/grpc/proto-google-common-protos/1.0.0/proto-google-common-protos-1.0.0.jar:/home/user/.m2/repository/io/grpc/grpc-protobuf-lite/1.17.1/grpc-protobuf-lite-1.17.1.jar:/home/user/.m2/repository/io/grpc/grpc-stub/1.17.1/grpc-stub-1.17.1.jar:/home/user/.m2/repository/org/apache/hadoop/hadoop-ozone-recon/0.5.0-SNAPSHOT/hadoop-ozone-recon-0.5.0-SNAPSHOT.jar:/home/user/.m2/repository/org/apache/hadoop/hadoop-ozone-reconcodegen/0.5.0-SNAPSHOT/hadoop-ozone-reconcodegen-0.5.0-SNAPSHOT.jar:/home/user/.m2/repository/com/google/inject/extensions/guice-multibindings/4.0/guice-multibindings-4.0.jar:/home/user/.m2/repository/com/google/inject/guice/4.0/guice-4.0.jar:/home/user/.m2/repository/aopalliance/aopalliance/1.0/aopalliance-1.0.jar:/home/user/.m2/repository/com/google/inject/extensions/guice-servlet/4.0/guice-servlet-4.0.jar:/home/user/.m2/repository/org/glassfish/jersey/containers/jersey-container-servlet/2.27/jersey-container-servlet-2.27.jar:/home/user/.m2/repository/org/glassfish/hk2/guice-bridge/2.5.0/guice-bridge-2.5.0.jar:/home/user/.m2/repository/org/glassfish/jersey/core/jersey-server/2.27/jersey-server-2.27.jar:/home/user/.m2/repository/org/glassfish/jersey/core/jersey-client/2.27/jersey-client-2.27.jar:/home/user/.m2/repository/org/glassfish/jersey/media/jersey-media-jaxb/2.27/jersey-media-jaxb-2.27.jar:/home/user/.m2/repository/javax/validation/validation-api/1.1.0.Final/validation-api-1.1.0.Final.jar:/home/user/.m2/repository/org/glassfish/jersey/media/jersey-media-json-jackson/2.27/jersey-media-json-jackson-2.27.jar:/home/user/.m2/repository/org/glassfish/jersey/ext/jersey-entity-filtering/2.27/jersey-entity-filtering-2.27.jar:/home/user/.m2/repository/com/google/inject/extensions/guice-assistedinject/4.0/guice-assistedinject-4.0.jar:/home/user/.m2/repository/org/jooq/jooq/3.11.10/jooq-3.11.10.jar:/home/user/.m2/repository/org/jooq/jooq-meta/3.11.10/jooq-meta-3.11.10.jar:/home/user/.m2/repository/org/jooq/jooq-codegen/3.11.10/jooq-codegen-3.11.10.jar:/home/user/.m2/repository/com/jolbox/bonecp/0.8.0.RELEASE/bonecp-0.8.0.RELEASE.jar:/home/user/.m2/repository/org/springframework/spring-jdbc/5.1.3.RELEASE/spring-jdbc-5.1.3.RELEASE.jar:/home/user/.m2/repository/org/springframework/spring-beans/5.1.3.RELEASE/spring-beans-5.1.3.RELEASE.jar:/home/user/.m2/repository/org/springframework/spring-core/5.1.3.RELEASE/spring-core-5.1.3.RELEASE.jar:/home/user/.m2/repository/org/springframework/spring-jcl/5.1.3.RELEASE/spring-jcl-5.1.3.RELEASE.jar:/home/user/.m2/repository/org/springframework/spring-tx/5.1.3.RELEASE/spring-tx-5.1.3.RELEASE.jar:/home/user/.m2/repository/org/mockito/mockito-core/2.15.0/mockito-core-2.15.0.jar:/home/user/.m2/repository/net/bytebuddy/byte-buddy/1.7.9/byte-buddy-1.7.9.jar:/home/user/.m2/repository/net/bytebuddy/byte-buddy-agent/1.7.9/byte-buddy-agent-1.7.9.jar:/home/user/.m2/repository/org/objenesis/objenesis/1.0/objenesis-1.0.jar:"/>
    <property name="java.vm.vendor" value="IcedTea"/>
    <property name="sun.arch.data.model" value="64"/>
    <property name="test.build.dir" value="/workdir/hadoop-ozone/tools/target/test-dir"/>
    <property name="test.cache.data" value=""/>
    <property name="java.vendor.url" value="https://icedtea.classpath.org"/>
    <property name="user.timezone" value=""/>
    <property name="java.vm.specification.version" value="1.8"/>
    <property name="os.name" value="Linux"/>
    <property name="test.build.data" value="/workdir/hadoop-ozone/tools/target/test-dir"/>
    <property name="user.country" value="US"/>
    <property name="sun.java.launcher" value="SUN_STANDARD"/>
    <property name="sun.boot.library.path" value="/usr/lib/jvm/java-1.8-openjdk/jre/lib/amd64"/>
    <property name="sun.java.command" value="/workdir/hadoop-ozone/tools/target/surefire/surefirebooter748042155948309501.jar /workdir/hadoop-ozone/tools/target/surefire 2019-09-25T10-18-59_181-jvmRun1 surefire8920797841234206747tmp surefire_1145361983297158887837tmp"/>
    <property name="test" value="!TestMiniChaosOzoneCluster"/>
    <property name="surefire.test.class.path" value="/workdir/hadoop-ozone/tools/target/test-classes:/workdir/hadoop-ozone/tools/target/classes:/home/user/.m2/repository/org/apache/hadoop/hadoop-ozone-ozone-manager/0.5.0-SNAPSHOT/hadoop-ozone-ozone-manager-0.5.0-SNAPSHOT.jar:/home/user/.m2/repository/org/apache/hadoop/hadoop-hdds-docs/0.5.0-SNAPSHOT/hadoop-hdds-docs-0.5.0-SNAPSHOT.jar:/home/user/.m2/repository/org/bouncycastle/bcprov-jdk15on/1.60/bcprov-jdk15on-1.60.jar:/home/user/.m2/repository/org/apache/hadoop/hadoop-ozone-common/0.5.0-SNAPSHOT/hadoop-ozone-common-0.5.0-SNAPSHOT.jar:/home/user/.m2/repository/org/apache/commons/commons-compress/1.4.1/commons-compress-1.4.1.jar:/home/user/.m2/repository/org/tukaani/xz/1.0/xz-1.0.jar:/home/user/.m2/repository/org/apache/hadoop/hadoop-hdfs-client/3.2.0/hadoop-hdfs-client-3.2.0.jar:/home/user/.m2/repository/com/fasterxml/jackson/core/jackson-annotations/2.9.9/jackson-annotations-2.9.9.jar:/home/user/.m2/repository/org/apache/hadoop/hadoop-hdds-common/0.5.0-SNAPSHOT/hadoop-hdds-common-0.5.0-SNAPSHOT.jar:/home/user/.m2/repository/org/apache/hadoop/hadoop-hdds-config/0.5.0-SNAPSHOT/hadoop-hdds-config-0.5.0-SNAPSHOT.jar:/home/user/.m2/repository/javax/annotation/javax.annotation-api/1.2/javax.annotation-api-1.2.jar:/home/user/.m2/repository/org/apache/ratis/ratis-server/0.4.0/ratis-server-0.4.0.jar:/home/user/.m2/repository/org/apache/ratis/ratis-thirdparty-misc/0.2.0/ratis-thirdparty-misc-0.2.0.jar:/home/user/.m2/repository/org/apache/ratis/ratis-proto/0.4.0/ratis-proto-0.4.0.jar:/home/user/.m2/repository/org/apache/ratis/ratis-common/0.4.0/ratis-common-0.4.0.jar:/home/user/.m2/repository/org/apache/ratis/ratis-client/0.4.0/ratis-client-0.4.0.jar:/home/user/.m2/repository/org/apache/ratis/ratis-metrics/0.4.0/ratis-metrics-0.4.0.jar:/home/user/.m2/repository/com/github/joshelser/dropwizard-metrics-hadoop-metrics2-reporter/0.1.2/dropwizard-metrics-hadoop-metrics2-reporter-0.1.2.jar:/home/user/.m2/repository/io/dropwizard/metrics/metrics-jvm/3.2.5/metrics-jvm-3.2.5.jar:/home/user/.m2/repository/io/dropwizard/metrics/metrics-ganglia/3.2.5/metrics-ganglia-3.2.5.jar:/home/user/.m2/repository/info/ganglia/gmetric4j/gmetric4j/1.0.7/gmetric4j-1.0.7.jar:/home/user/.m2/repository/org/apache/ratis/ratis-netty/0.4.0/ratis-netty-0.4.0.jar:/home/user/.m2/repository/org/apache/ratis/ratis-grpc/0.4.0/ratis-grpc-0.4.0.jar:/home/user/.m2/repository/org/rocksdb/rocksdbjni/6.0.1/rocksdbjni-6.0.1.jar:/home/user/.m2/repository/org/apache/logging/log4j/log4j-api/2.11.0/log4j-api-2.11.0.jar:/home/user/.m2/repository/org/apache/logging/log4j/log4j-core/2.11.0/log4j-core-2.11.0.jar:/home/user/.m2/repository/com/lmax/disruptor/3.4.2/disruptor-3.4.2.jar:/home/user/.m2/repository/org/apache/commons/commons-pool2/2.6.0/commons-pool2-2.6.0.jar:/home/user/.m2/repository/org/bouncycastle/bcpkix-jdk15on/1.60/bcpkix-jdk15on-1.60.jar:/home/user/.m2/repository/commons-validator/commons-validator/1.6/commons-validator-1.6.jar:/home/user/.m2/repository/commons-digester/commons-digester/1.8.1/commons-digester-1.8.1.jar:/home/user/.m2/repository/io/jaegertracing/jaeger-client/0.34.0/jaeger-client-0.34.0.jar:/home/user/.m2/repository/io/jaegertracing/jaeger-thrift/0.34.0/jaeger-thrift-0.34.0.jar:/home/user/.m2/repository/org/apache/thrift/libthrift/0.12.0/libthrift-0.12.0.jar:/home/user/.m2/repository/com/squareup/okhttp3/okhttp/3.9.0/okhttp-3.9.0.jar:/home/user/.m2/repository/com/squareup/okio/okio/1.13.0/okio-1.13.0.jar:/home/user/.m2/repository/io/jaegertracing/jaeger-core/0.34.0/jaeger-core-0.34.0.jar:/home/user/.m2/repository/io/jaegertracing/jaeger-tracerresolver/0.34.0/jaeger-tracerresolver-0.34.0.jar:/home/user/.m2/repository/io/opentracing/contrib/opentracing-tracerresolver/0.1.5/opentracing-tracerresolver-0.1.5.jar:/home/user/.m2/repository/io/opentracing/opentracing-util/0.31.0/opentracing-util-0.31.0.jar:/home/user/.m2/repository/io/opentracing/opentracing-api/0.31.0/opentracing-api-0.31.0.jar:/home/user/.m2/repository/io/opentracing/opentracing-noop/0.31.0/opentracing-noop-0.31.0.jar:/home/user/.m2/repository/org/yaml/snakeyaml/1.16/snakeyaml-1.16.jar:/home/user/.m2/repository/org/apache/hadoop/hadoop-hdds-container-service/0.5.0-SNAPSHOT/hadoop-hdds-container-service-0.5.0-SNAPSHOT.jar:/home/user/.m2/repository/org/apache/hadoop/hadoop-hdds-client/0.5.0-SNAPSHOT/hadoop-hdds-client-0.5.0-SNAPSHOT.jar:/home/user/.m2/repository/org/apache/hadoop/hadoop-hdds-tools/0.5.0-SNAPSHOT/hadoop-hdds-tools-0.5.0-SNAPSHOT.jar:/home/user/.m2/repository/org/xerial/sqlite-jdbc/3.25.2/sqlite-jdbc-3.25.2.jar:/home/user/.m2/repository/org/apache/hadoop/hadoop-hdds-server-scm/0.5.0-SNAPSHOT/hadoop-hdds-server-scm-0.5.0-SNAPSHOT.jar:/home/user/.m2/repository/org/hamcrest/hamcrest-all/1.3/hamcrest-all-1.3.jar:/home/user/.m2/repository/info/picocli/picocli/3.9.6/picocli-3.9.6.jar:/home/user/.m2/repository/com/google/protobuf/protobuf-java/2.5.0/protobuf-java-2.5.0.jar:/home/user/.m2/repository/com/google/guava/guava/11.0.2/guava-11.0.2.jar:/home/user/.m2/repository/org/apache/hadoop/hadoop-ozone-client/0.5.0-SNAPSHOT/hadoop-ozone-client-0.5.0-SNAPSHOT.jar:/workdir/hadoop-ozone/ozonefs/target/classes:/home/user/.m2/repository/org/apache/hadoop/hadoop-hdds-server-framework/0.5.0-SNAPSHOT/hadoop-hdds-server-framework-0.5.0-SNAPSHOT.jar:/home/user/.m2/repository/org/apache/hadoop/hadoop-common/3.2.0/hadoop-common-3.2.0.jar:/home/user/.m2/repository/org/apache/hadoop/hadoop-annotations/3.2.0/hadoop-annotations-3.2.0.jar:/usr/lib/jvm/java-1.8-openjdk/jre/../lib/tools.jar:/home/user/.m2/repository/commons-cli/commons-cli/1.2/commons-cli-1.2.jar:/home/user/.m2/repository/org/apache/commons/commons-math3/3.1.1/commons-math3-3.1.1.jar:/home/user/.m2/repository/org/apache/httpcomponents/httpclient/4.5.2/httpclient-4.5.2.jar:/home/user/.m2/repository/org/apache/httpcomponents/httpcore/4.4.4/httpcore-4.4.4.jar:/home/user/.m2/repository/commons-codec/commons-codec/1.11/commons-codec-1.11.jar:/home/user/.m2/repository/commons-io/commons-io/2.5/commons-io-2.5.jar:/home/user/.m2/repository/commons-net/commons-net/3.6/commons-net-3.6.jar:/home/user/.m2/repository/commons-collections/commons-collections/3.2.2/commons-collections-3.2.2.jar:/home/user/.m2/repository/javax/servlet/javax.servlet-api/3.1.0/javax.servlet-api-3.1.0.jar:/home/user/.m2/repository/org/eclipse/jetty/jetty-server/9.3.25.v20180904/jetty-server-9.3.25.v20180904.jar:/home/user/.m2/repository/org/eclipse/jetty/jetty-http/9.3.25.v20180904/jetty-http-9.3.25.v20180904.jar:/home/user/.m2/repository/org/eclipse/jetty/jetty-io/9.3.25.v20180904/jetty-io-9.3.25.v20180904.jar:/home/user/.m2/repository/org/eclipse/jetty/jetty-util/9.3.25.v20180904/jetty-util-9.3.25.v20180904.jar:/home/user/.m2/repository/org/eclipse/jetty/jetty-servlet/9.3.25.v20180904/jetty-servlet-9.3.25.v20180904.jar:/home/user/.m2/repository/org/eclipse/jetty/jetty-security/9.3.25.v20180904/jetty-security-9.3.25.v20180904.jar:/home/user/.m2/repository/org/eclipse/jetty/jetty-webapp/9.3.25.v20180904/jetty-webapp-9.3.25.v20180904.jar:/home/user/.m2/repository/org/eclipse/jetty/jetty-xml/9.3.25.v20180904/jetty-xml-9.3.25.v20180904.jar:/home/user/.m2/repository/javax/servlet/jsp/jsp-api/2.1/jsp-api-2.1.jar:/home/user/.m2/repository/com/sun/jersey/jersey-core/1.19/jersey-core-1.19.jar:/home/user/.m2/repository/javax/ws/rs/jsr311-api/1.1.1/jsr311-api-1.1.1.jar:/home/user/.m2/repository/com/sun/jersey/jersey-servlet/1.19/jersey-servlet-1.19.jar:/home/user/.m2/repository/com/sun/jersey/jersey-json/1.19/jersey-json-1.19.jar:/home/user/.m2/repository/org/codehaus/jettison/jettison/1.1/jettison-1.1.jar:/home/user/.m2/repository/com/sun/xml/bind/jaxb-impl/2.3.0.1/jaxb-impl-2.3.0.1.jar:/home/user/.m2/repository/org/codehaus/jackson/jackson-core-asl/1.9.13/jackson-core-asl-1.9.13.jar:/home/user/.m2/repository/org/codehaus/jackson/jackson-mapper-asl/1.9.13/jackson-mapper-asl-1.9.13.jar:/home/user/.m2/repository/org/codehaus/jackson/jackson-jaxrs/1.9.13/jackson-jaxrs-1.9.13.jar:/home/user/.m2/repository/org/codehaus/jackson/jackson-xc/1.9.13/jackson-xc-1.9.13.jar:/home/user/.m2/repository/com/sun/jersey/jersey-server/1.19/jersey-server-1.19.jar:/home/user/.m2/repository/commons-logging/commons-logging/1.1.3/commons-logging-1.1.3.jar:/home/user/.m2/repository/log4j/log4j/1.2.17/log4j-1.2.17.jar:/home/user/.m2/repository/commons-beanutils/commons-beanutils/1.9.4/commons-beanutils-1.9.4.jar:/home/user/.m2/repository/org/apache/commons/commons-configuration2/2.1.1/commons-configuration2-2.1.1.jar:/home/user/.m2/repository/org/apache/commons/commons-lang3/3.7/commons-lang3-3.7.jar:/home/user/.m2/repository/org/apache/commons/commons-text/1.4/commons-text-1.4.jar:/home/user/.m2/repository/org/slf4j/slf4j-api/1.7.25/slf4j-api-1.7.25.jar:/home/user/.m2/repository/org/slf4j/slf4j-log4j12/1.7.25/slf4j-log4j12-1.7.25.jar:/home/user/.m2/repository/org/apache/avro/avro/1.7.7/avro-1.7.7.jar:/home/user/.m2/repository/com/thoughtworks/paranamer/paranamer/2.3/paranamer-2.3.jar:/home/user/.m2/repository/org/xerial/snappy/snappy-java/1.0.5/snappy-java-1.0.5.jar:/home/user/.m2/repository/com/google/re2j/re2j/1.1/re2j-1.1.jar:/home/user/.m2/repository/com/google/code/gson/gson/2.2.4/gson-2.2.4.jar:/home/user/.m2/repository/org/apache/hadoop/hadoop-auth/3.2.0/hadoop-auth-3.2.0.jar:/home/user/.m2/repository/com/nimbusds/nimbus-jose-jwt/4.41.1/nimbus-jose-jwt-4.41.1.jar:/home/user/.m2/repository/com/github/stephenc/jcip/jcip-annotations/1.0-1/jcip-annotations-1.0-1.jar:/home/user/.m2/repository/net/minidev/json-smart/2.3/json-smart-2.3.jar:/home/user/.m2/repository/net/minidev/accessors-smart/1.2/accessors-smart-1.2.jar:/home/user/.m2/repository/org/apache/curator/curator-framework/2.12.0/curator-framework-2.12.0.jar:/home/user/.m2/repository/com/jcraft/jsch/0.1.54/jsch-0.1.54.jar:/home/user/.m2/repository/org/apache/curator/curator-client/2.12.0/curator-client-2.12.0.jar:/home/user/.m2/repository/org/apache/curator/curator-recipes/2.12.0/curator-recipes-2.12.0.jar:/home/user/.m2/repository/com/google/code/findbugs/jsr305/3.0.0/jsr305-3.0.0.jar:/home/user/.m2/repository/org/apache/htrace/htrace-core4/4.1.0-incubating/htrace-core4-4.1.0-incubating.jar:/home/user/.m2/repository/org/apache/zookeeper/zookeeper/3.4.13/zookeeper-3.4.13.jar:/home/user/.m2/repository/jline/jline/0.9.94/jline-0.9.94.jar:/home/user/.m2/repository/org/apache/yetus/audience-annotations/0.5.0/audience-annotations-0.5.0.jar:/home/user/.m2/repository/org/apache/kerby/kerb-simplekdc/1.0.1/kerb-simplekdc-1.0.1.jar:/home/user/.m2/repository/org/apache/kerby/kerb-client/1.0.1/kerb-client-1.0.1.jar:/home/user/.m2/repository/org/apache/kerby/kerby-config/1.0.1/kerby-config-1.0.1.jar:/home/user/.m2/repository/org/apache/kerby/kerb-core/1.0.1/kerb-core-1.0.1.jar:/home/user/.m2/repository/org/apache/kerby/kerby-pkix/1.0.1/kerby-pkix-1.0.1.jar:/home/user/.m2/repository/org/apache/kerby/kerby-asn1/1.0.1/kerby-asn1-1.0.1.jar:/home/user/.m2/repository/org/apache/kerby/kerby-util/1.0.1/kerby-util-1.0.1.jar:/home/user/.m2/repository/org/apache/kerby/kerb-common/1.0.1/kerb-common-1.0.1.jar:/home/user/.m2/repository/org/apache/kerby/kerb-crypto/1.0.1/kerb-crypto-1.0.1.jar:/home/user/.m2/repository/org/apache/kerby/kerb-util/1.0.1/kerb-util-1.0.1.jar:/home/user/.m2/repository/org/apache/kerby/token-provider/1.0.1/token-provider-1.0.1.jar:/home/user/.m2/repository/org/apache/kerby/kerb-admin/1.0.1/kerb-admin-1.0.1.jar:/home/user/.m2/repository/org/apache/kerby/kerb-server/1.0.1/kerb-server-1.0.1.jar:/home/user/.m2/repository/org/apache/kerby/kerb-identity/1.0.1/kerb-identity-1.0.1.jar:/home/user/.m2/repository/org/apache/kerby/kerby-xdr/1.0.1/kerby-xdr-1.0.1.jar:/home/user/.m2/repository/com/fasterxml/jackson/core/jackson-databind/2.9.9/jackson-databind-2.9.9.jar:/home/user/.m2/repository/com/fasterxml/jackson/core/jackson-core/2.9.9/jackson-core-2.9.9.jar:/home/user/.m2/repository/org/codehaus/woodstox/stax2-api/3.1.4/stax2-api-3.1.4.jar:/home/user/.m2/repository/com/fasterxml/woodstox/woodstox-core/5.0.3/woodstox-core-5.0.3.jar:/home/user/.m2/repository/dnsjava/dnsjava/2.1.7/dnsjava-2.1.7.jar:/home/user/.m2/repository/org/apache/hadoop/hadoop-hdfs/3.2.0/hadoop-hdfs-3.2.0.jar:/home/user/.m2/repository/org/eclipse/jetty/jetty-util-ajax/9.3.25.v20180904/jetty-util-ajax-9.3.25.v20180904.jar:/home/user/.m2/repository/commons-daemon/commons-daemon/1.0.13/commons-daemon-1.0.13.jar:/home/user/.m2/repository/io/netty/netty/3.10.5.Final/netty-3.10.5.Final.jar:/home/user/.m2/repository/io/netty/netty-all/4.0.52.Final/netty-all-4.0.52.Final.jar:/home/user/.m2/repository/org/fusesource/leveldbjni/leveldbjni-all/1.8/leveldbjni-all-1.8.jar:/home/user/.m2/repository/com/sun/xml/bind/jaxb-core/2.3.0.1/jaxb-core-2.3.0.1.jar:/home/user/.m2/repository/javax/xml/bind/jaxb-api/2.3.0/jaxb-api-2.3.0.jar:/home/user/.m2/repository/javax/activation/activation/1.1.1/activation-1.1.1.jar:/home/user/.m2/repository/io/dropwizard/metrics/metrics-core/3.2.4/metrics-core-3.2.4.jar:/home/user/.m2/repository/org/openjdk/jmh/jmh-core/1.19/jmh-core-1.19.jar:/home/user/.m2/repository/net/sf/jopt-simple/jopt-simple/4.6/jopt-simple-4.6.jar:/home/user/.m2/repository/org/openjdk/jmh/jmh-generator-annprocess/1.19/jmh-generator-annprocess-1.19.jar:/home/user/.m2/repository/com/amazonaws/aws-java-sdk-s3/1.11.615/aws-java-sdk-s3-1.11.615.jar:/home/user/.m2/repository/com/amazonaws/aws-java-sdk-kms/1.11.615/aws-java-sdk-kms-1.11.615.jar:/home/user/.m2/repository/com/amazonaws/aws-java-sdk-core/1.11.615/aws-java-sdk-core-1.11.615.jar:/home/user/.m2/repository/software/amazon/ion/ion-java/1.0.2/ion-java-1.0.2.jar:/home/user/.m2/repository/com/fasterxml/jackson/dataformat/jackson-dataformat-cbor/2.9.9/jackson-dataformat-cbor-2.9.9.jar:/home/user/.m2/repository/joda-time/joda-time/2.9.9/joda-time-2.9.9.jar:/home/user/.m2/repository/com/amazonaws/jmespath-java/1.11.615/jmespath-java-1.11.615.jar:/home/user/.m2/repository/com/google/code/findbugs/findbugs/3.0.1/findbugs-3.0.1.jar:/home/user/.m2/repository/net/jcip/jcip-annotations/1.0/jcip-annotations-1.0.jar:/home/user/.m2/repository/com/google/code/findbugs/bcel-findbugs/6.0/bcel-findbugs-6.0.jar:/home/user/.m2/repository/com/google/code/findbugs/jFormatString/2.0.1/jFormatString-2.0.1.jar:/home/user/.m2/repository/dom4j/dom4j/1.6.1/dom4j-1.6.1.jar:/home/user/.m2/repository/xml-apis/xml-apis/1.0.b2/xml-apis-1.0.b2.jar:/home/user/.m2/repository/org/ow2/asm/asm-debug-all/5.0.2/asm-debug-all-5.0.2.jar:/home/user/.m2/repository/org/ow2/asm/asm-commons/5.0.2/asm-commons-5.0.2.jar:/home/user/.m2/repository/org/ow2/asm/asm-tree/5.0.2/asm-tree-5.0.2.jar:/home/user/.m2/repository/org/ow2/asm/asm/5.0.4/asm-5.0.4.jar:/home/user/.m2/repository/commons-lang/commons-lang/2.6/commons-lang-2.6.jar:/home/user/.m2/repository/com/apple/AppleJavaExtensions/1.4/AppleJavaExtensions-1.4.jar:/home/user/.m2/repository/jaxen/jaxen/1.1.6/jaxen-1.1.6.jar:/home/user/.m2/repository/junit/junit/4.11/junit-4.11.jar:/home/user/.m2/repository/org/hamcrest/hamcrest-core/1.3/hamcrest-core-1.3.jar:/home/user/.m2/repository/org/apache/hadoop/hadoop-common/3.2.0/hadoop-common-3.2.0-tests.jar:/workdir/hadoop-ozone/integration-test/target/test-classes:/home/user/.m2/repository/org/apache/hadoop/hadoop-ozone-s3gateway/0.5.0-SNAPSHOT/hadoop-ozone-s3gateway-0.5.0-SNAPSHOT.jar:/home/user/.m2/repository/org/jboss/weld/servlet/weld-servlet/2.4.7.Final/weld-servlet-2.4.7.Final.jar:/home/user/.m2/repository/org/glassfish/jersey/containers/jersey-container-servlet-core/2.27/jersey-container-servlet-core-2.27.jar:/home/user/.m2/repository/org/glassfish/hk2/external/javax.inject/2.5.0-b42/javax.inject-2.5.0-b42.jar:/home/user/.m2/repository/org/glassfish/jersey/core/jersey-common/2.27/jersey-common-2.27.jar:/home/user/.m2/repository/org/glassfish/hk2/osgi-resource-locator/1.0.1/osgi-resource-locator-1.0.1.jar:/home/user/.m2/repository/javax/ws/rs/javax.ws.rs-api/2.1/javax.ws.rs-api-2.1.jar:/home/user/.m2/repository/org/glassfish/jersey/ext/cdi/jersey-cdi1x/2.27/jersey-cdi1x-2.27.jar:/home/user/.m2/repository/org/glassfish/jersey/inject/jersey-hk2/2.27/jersey-hk2-2.27.jar:/home/user/.m2/repository/org/glassfish/hk2/hk2-locator/2.5.0-b42/hk2-locator-2.5.0-b42.jar:/home/user/.m2/repository/org/javassist/javassist/3.22.0-CR2/javassist-3.22.0-CR2.jar:/home/user/.m2/repository/org/glassfish/hk2/hk2-api/2.5.0/hk2-api-2.5.0.jar:/home/user/.m2/repository/org/glassfish/hk2/external/jakarta.inject/2.5.0/jakarta.inject-2.5.0.jar:/home/user/.m2/repository/org/glassfish/hk2/hk2-utils/2.5.0/hk2-utils-2.5.0.jar:/home/user/.m2/repository/jakarta/annotation/jakarta.annotation-api/1.3.4/jakarta.annotation-api-1.3.4.jar:/home/user/.m2/repository/org/glassfish/hk2/external/aopalliance-repackaged/2.5.0/aopalliance-repackaged-2.5.0.jar:/home/user/.m2/repository/com/fasterxml/jackson/dataformat/jackson-dataformat-xml/2.9.0/jackson-dataformat-xml-2.9.0.jar:/home/user/.m2/repository/com/fasterxml/jackson/module/jackson-module-jaxb-annotations/2.9.9/jackson-module-jaxb-annotations-2.9.9.jar:/home/user/.m2/repository/javax/enterprise/cdi-api/1.2/cdi-api-1.2.jar:/home/user/.m2/repository/javax/el/javax.el-api/3.0.0/javax.el-api-3.0.0.jar:/home/user/.m2/repository/javax/interceptor/javax.interceptor-api/1.2/javax.interceptor-api-1.2.jar:/home/user/.m2/repository/javax/inject/javax.inject/1/javax.inject-1.jar:/home/user/.m2/repository/org/apache/hadoop/hadoop-ozone-csi/0.5.0-SNAPSHOT/hadoop-ozone-csi-0.5.0-SNAPSHOT.jar:/home/user/.m2/repository/com/google/protobuf/protobuf-java-util/3.5.1/protobuf-java-util-3.5.1.jar:/home/user/.m2/repository/io/grpc/grpc-netty/1.17.1/grpc-netty-1.17.1.jar:/home/user/.m2/repository/io/grpc/grpc-core/1.17.1/grpc-core-1.17.1.jar:/home/user/.m2/repository/io/grpc/grpc-context/1.17.1/grpc-context-1.17.1.jar:/home/user/.m2/repository/com/google/errorprone/error_prone_annotations/2.2.0/error_prone_annotations-2.2.0.jar:/home/user/.m2/repository/org/codehaus/mojo/animal-sniffer-annotations/1.17/animal-sniffer-annotations-1.17.jar:/home/user/.m2/repository/io/opencensus/opencensus-api/0.17.0/opencensus-api-0.17.0.jar:/home/user/.m2/repository/io/opencensus/opencensus-contrib-grpc-metrics/0.17.0/opencensus-contrib-grpc-metrics-0.17.0.jar:/home/user/.m2/repository/io/netty/netty-codec-http2/4.1.30.Final/netty-codec-http2-4.1.30.Final.jar:/home/user/.m2/repository/io/netty/netty-codec-http/4.1.30.Final/netty-codec-http-4.1.30.Final.jar:/home/user/.m2/repository/io/netty/netty-codec/4.1.30.Final/netty-codec-4.1.30.Final.jar:/home/user/.m2/repository/io/netty/netty-handler/4.1.30.Final/netty-handler-4.1.30.Final.jar:/home/user/.m2/repository/io/netty/netty-handler-proxy/4.1.30.Final/netty-handler-proxy-4.1.30.Final.jar:/home/user/.m2/repository/io/netty/netty-codec-socks/4.1.30.Final/netty-codec-socks-4.1.30.Final.jar:/home/user/.m2/repository/io/netty/netty-transport-native-epoll/4.1.30.Final/netty-transport-native-epoll-4.1.30.Final.jar:/home/user/.m2/repository/io/netty/netty-common/4.1.30.Final/netty-common-4.1.30.Final.jar:/home/user/.m2/repository/io/netty/netty-buffer/4.1.30.Final/netty-buffer-4.1.30.Final.jar:/home/user/.m2/repository/io/netty/netty-transport/4.1.30.Final/netty-transport-4.1.30.Final.jar:/home/user/.m2/repository/io/netty/netty-resolver/4.1.30.Final/netty-resolver-4.1.30.Final.jar:/home/user/.m2/repository/io/netty/netty-transport-native-unix-common/4.1.30.Final/netty-transport-native-unix-common-4.1.30.Final.jar:/home/user/.m2/repository/io/grpc/grpc-protobuf/1.17.1/grpc-protobuf-1.17.1.jar:/home/user/.m2/repository/com/google/api/grpc/proto-google-common-protos/1.0.0/proto-google-common-protos-1.0.0.jar:/home/user/.m2/repository/io/grpc/grpc-protobuf-lite/1.17.1/grpc-protobuf-lite-1.17.1.jar:/home/user/.m2/repository/io/grpc/grpc-stub/1.17.1/grpc-stub-1.17.1.jar:/home/user/.m2/repository/org/apache/hadoop/hadoop-ozone-recon/0.5.0-SNAPSHOT/hadoop-ozone-recon-0.5.0-SNAPSHOT.jar:/home/user/.m2/repository/org/apache/hadoop/hadoop-ozone-reconcodegen/0.5.0-SNAPSHOT/hadoop-ozone-reconcodegen-0.5.0-SNAPSHOT.jar:/home/user/.m2/repository/com/google/inject/extensions/guice-multibindings/4.0/guice-multibindings-4.0.jar:/home/user/.m2/repository/com/google/inject/guice/4.0/guice-4.0.jar:/home/user/.m2/repository/aopalliance/aopalliance/1.0/aopalliance-1.0.jar:/home/user/.m2/repository/com/google/inject/extensions/guice-servlet/4.0/guice-servlet-4.0.jar:/home/user/.m2/repository/org/glassfish/jersey/containers/jersey-container-servlet/2.27/jersey-container-servlet-2.27.jar:/home/user/.m2/repository/org/glassfish/hk2/guice-bridge/2.5.0/guice-bridge-2.5.0.jar:/home/user/.m2/repository/org/glassfish/jersey/core/jersey-server/2.27/jersey-server-2.27.jar:/home/user/.m2/repository/org/glassfish/jersey/core/jersey-client/2.27/jersey-client-2.27.jar:/home/user/.m2/repository/org/glassfish/jersey/media/jersey-media-jaxb/2.27/jersey-media-jaxb-2.27.jar:/home/user/.m2/repository/javax/validation/validation-api/1.1.0.Final/validation-api-1.1.0.Final.jar:/home/user/.m2/repository/org/glassfish/jersey/media/jersey-media-json-jackson/2.27/jersey-media-json-jackson-2.27.jar:/home/user/.m2/repository/org/glassfish/jersey/ext/jersey-entity-filtering/2.27/jersey-entity-filtering-2.27.jar:/home/user/.m2/repository/com/google/inject/extensions/guice-assistedinject/4.0/guice-assistedinject-4.0.jar:/home/user/.m2/repository/org/jooq/jooq/3.11.10/jooq-3.11.10.jar:/home/user/.m2/repository/org/jooq/jooq-meta/3.11.10/jooq-meta-3.11.10.jar:/home/user/.m2/repository/org/jooq/jooq-codegen/3.11.10/jooq-codegen-3.11.10.jar:/home/user/.m2/repository/com/jolbox/bonecp/0.8.0.RELEASE/bonecp-0.8.0.RELEASE.jar:/home/user/.m2/repository/org/springframework/spring-jdbc/5.1.3.RELEASE/spring-jdbc-5.1.3.RELEASE.jar:/home/user/.m2/repository/org/springframework/spring-beans/5.1.3.RELEASE/spring-beans-5.1.3.RELEASE.jar:/home/user/.m2/repository/org/springframework/spring-core/5.1.3.RELEASE/spring-core-5.1.3.RELEASE.jar:/home/user/.m2/repository/org/springframework/spring-jcl/5.1.3.RELEASE/spring-jcl-5.1.3.RELEASE.jar:/home/user/.m2/repository/org/springframework/spring-tx/5.1.3.RELEASE/spring-tx-5.1.3.RELEASE.jar:/home/user/.m2/repository/org/mockito/mockito-core/2.15.0/mockito-core-2.15.0.jar:/home/user/.m2/repository/net/bytebuddy/byte-buddy/1.7.9/byte-buddy-1.7.9.jar:/home/user/.m2/repository/net/bytebuddy/byte-buddy-agent/1.7.9/byte-buddy-agent-1.7.9.jar:/home/user/.m2/repository/org/objenesis/objenesis/1.0/objenesis-1.0.jar:"/>
    <property name="sun.cpu.endian" value="little"/>
    <property name="user.home" value="/home/user"/>
    <property name="user.language" value="en"/>
    <property name="java.specification.vendor" value="Oracle Corporation"/>
    <property name="java.home" value="/usr/lib/jvm/java-1.8-openjdk/jre"/>
    <property name="java.security.krb5.conf" value="/workdir/hadoop-ozone/tools/target/test-classes/krb5.conf"/>
    <property name="basedir" value="/workdir/hadoop-ozone/tools"/>
    <property name="file.separator" value="/"/>
    <property name="line.separator" value="&#10;"/>
    <property name="java.vm.specification.vendor" value="Oracle Corporation"/>
    <property name="java.specification.name" value="Java Platform API Specification"/>
    <property name="java.awt.graphicsenv" value="sun.awt.X11GraphicsEnvironment"/>
    <property name="surefire.real.class.path" value="/workdir/hadoop-ozone/tools/target/surefire/surefirebooter748042155948309501.jar"/>
    <property name="hadoop.log.dir" value="/workdir/hadoop-ozone/tools/target/log"/>
    <property name="sun.boot.class.path" value="/usr/lib/jvm/java-1.8-openjdk/jre/lib/resources.jar:/usr/lib/jvm/java-1.8-openjdk/jre/lib/rt.jar:/usr/lib/jvm/java-1.8-openjdk/jre/lib/sunrsasign.jar:/usr/lib/jvm/java-1.8-openjdk/jre/lib/jsse.jar:/usr/lib/jvm/java-1.8-openjdk/jre/lib/jce.jar:/usr/lib/jvm/java-1.8-openjdk/jre/lib/charsets.jar:/usr/lib/jvm/java-1.8-openjdk/jre/lib/jfr.jar:/usr/lib/jvm/java-1.8-openjdk/jre/classes"/>
    <property name="sun.management.compiler" value="HotSpot 64-Bit Tiered Compilers"/>
    <property name="java.runtime.version" value="1.8.0_212-b04"/>
    <property name="java.net.preferIPv4Stack" value="true"/>
    <property name="user.name" value="jenkins1000"/>
    <property name="path.separator" value=":"/>
    <property name="java.security.egd" value="file:///dev/urandom"/>
    <property name="os.version" value="3.10.0-957.12.2.el7.x86_64"/>
    <property name="java.endorsed.dirs" value="/usr/lib/jvm/java-1.8-openjdk/jre/lib/endorsed"/>
    <property name="java.runtime.name" value="OpenJDK Runtime Environment"/>
    <property name="file.encoding" value="UTF-8"/>
    <property name="java.vm.name" value="OpenJDK 64-Bit Server VM"/>
    <property name="test.build.webapps" value=""/>
    <property name="localRepository" value="/home/user/.m2/repository"/>
    <property name="java.vendor.url.bug" value="https://icedtea.classpath.org/bugzilla"/>
    <property name="java.io.tmpdir" value="/tmp"/>
    <property name="require.test.libhadoop" value=""/>
    <property name="java.version" value="1.8.0_212"/>
    <property name="user.dir" value="/workdir/hadoop-ozone/tools"/>
    <property name="os.arch" value="amd64"/>
    <property name="java.vm.specification.name" value="Java Virtual Machine Specification"/>
    <property name="test.build.classes" value="/workdir/hadoop-ozone/tools/target/test-classes"/>
    <property name="java.awt.printerjob" value="sun.print.PSPrinterJob"/>
    <property name="sun.os.patch.level" value="unknown"/>
    <property name="hadoop.tmp.dir" value="/workdir/hadoop-ozone/tools/target/tmp"/>
    <property name="java.library.path" value="/usr/lib/jvm/java-1.8-openjdk/jre/lib/amd64/server:/usr/lib/jvm/java-1.8-openjdk/jre/lib/amd64:/usr/lib/jvm/java-1.8-openjdk/jre/../lib/amd64:/workdir/hadoop-ozone/tools/target/native/target/usr/local/lib:/workdir/hadoop-ozone/tools/../../hadoop-common-project/hadoop-common/target/native/target/usr/local/lib:/usr/java/packages/lib/amd64:/usr/lib64:/lib64:/lib:/usr/lib"/>
    <property name="java.vm.info" value="mixed mode"/>
    <property name="java.vendor" value="IcedTea"/>
    <property name="java.vm.version" value="25.212-b04"/>
    <property name="java.ext.dirs" value="/usr/lib/jvm/java-1.8-openjdk/jre/lib/ext:/usr/java/packages/lib/ext"/>
    <property name="sun.io.unicode.encoding" value="UnicodeLittle"/>
    <property name="java.class.version" value="52.0"/>
  </properties>
  <testcase name="testRestart" classname="org.apache.hadoop.ozone.freon.TestFreonWithPipelineDestroy" time="10.741">
    <error message="Allocated 0 blocks. Requested 5 blocks" type="INTERNAL_ERROR org.apache.hadoop.ozone.om.exceptions.OMException">INTERNAL_ERROR org.apache.hadoop.ozone.om.exceptions.OMException: Allocated 0 blocks. Requested 5 blocks
	at org.apache.hadoop.ozone.om.protocolPB.OzoneManagerProtocolClientSideTranslatorPB.handleError(OzoneManagerProtocolClientSideTranslatorPB.java:732)
	at org.apache.hadoop.ozone.om.protocolPB.OzoneManagerProtocolClientSideTranslatorPB.openKey(OzoneManagerProtocolClientSideTranslatorPB.java:723)
	at sun.reflect.NativeMethodAccessorImpl.invoke0(Native Method)
	at sun.reflect.NativeMethodAccessorImpl.invoke(NativeMethodAccessorImpl.java:62)
	at sun.reflect.DelegatingMethodAccessorImpl.invoke(DelegatingMethodAccessorImpl.java:43)
	at java.lang.reflect.Method.invoke(Method.java:498)
	at org.apache.hadoop.hdds.tracing.TraceAllMethod.invoke(TraceAllMethod.java:66)
	at com.sun.proxy.$Proxy37.openKey(Unknown Source)
	at org.apache.hadoop.ozone.client.rpc.RpcClient.createKey(RpcClient.java:614)
	at org.apache.hadoop.ozone.client.OzoneBucket.createKey(OzoneBucket.java:325)
	at org.apache.hadoop.ozone.freon.RandomKeyGenerator.createKey(RandomKeyGenerator.java:695)
	at org.apache.hadoop.ozone.freon.RandomKeyGenerator.access$1100(RandomKeyGenerator.java:88)
	at org.apache.hadoop.ozone.freon.RandomKeyGenerator$ObjectCreator.run(RandomKeyGenerator.java:615)
	at java.util.concurrent.Executors$RunnableAdapter.call(Executors.java:511)
	at java.util.concurrent.FutureTask.run(FutureTask.java:266)
	at java.util.concurrent.ThreadPoolExecutor.runWorker(ThreadPoolExecutor.java:1149)
	at java.util.concurrent.ThreadPoolExecutor$Worker.run(ThreadPoolExecutor.java:624)
	at java.lang.Thread.run(Thread.java:748)
</error>
    <system-out><![CDATA[2019-09-25 12:07:06,773 [main] WARN  server.ServerUtils (ServerUtils.java:getScmDbDir(145)) - ozone.scm.db.dirs is not configured. We recommend adding this setting. Falling back to ozone.metadata.dirs instead.
2019-09-25 12:07:06,874 [main] WARN  server.ServerUtils (ServerUtils.java:getScmDbDir(145)) - ozone.scm.db.dirs is not configured. We recommend adding this setting. Falling back to ozone.metadata.dirs instead.
2019-09-25 12:07:06,877 [main] WARN  server.ServerUtils (ServerUtils.java:getScmDbDir(145)) - ozone.scm.db.dirs is not configured. We recommend adding this setting. Falling back to ozone.metadata.dirs instead.
2019-09-25 12:07:06,894 [main] INFO  util.log (Log.java:initialized(192)) - Logging initialized @919ms
2019-09-25 12:07:06,995 [main] INFO  db.DBStoreBuilder (DBStoreBuilder.java:addTable(110)) - using custom profile for table: deletedBlocks
2019-09-25 12:07:06,996 [main] INFO  db.DBStoreBuilder (DBStoreBuilder.java:processTables(161)) - Using default column profile:DBProfile.DISK for Table:deletedBlocks
2019-09-25 12:07:06,996 [main] INFO  db.DBStoreBuilder (DBStoreBuilder.java:addTable(110)) - using custom profile for table: validCerts
2019-09-25 12:07:06,996 [main] INFO  db.DBStoreBuilder (DBStoreBuilder.java:processTables(161)) - Using default column profile:DBProfile.DISK for Table:validCerts
2019-09-25 12:07:06,997 [main] INFO  db.DBStoreBuilder (DBStoreBuilder.java:addTable(110)) - using custom profile for table: revokedCerts
2019-09-25 12:07:06,997 [main] INFO  db.DBStoreBuilder (DBStoreBuilder.java:processTables(161)) - Using default column profile:DBProfile.DISK for Table:revokedCerts
2019-09-25 12:07:07,011 [main] INFO  db.DBStoreBuilder (DBStoreBuilder.java:addTable(110)) - using custom profile for table: default
2019-09-25 12:07:07,011 [main] INFO  db.DBStoreBuilder (DBStoreBuilder.java:processTables(167)) - Using default column profile:DBProfile.DISK for Table:default
2019-09-25 12:07:07,012 [main] INFO  db.DBStoreBuilder (DBStoreBuilder.java:getDbProfile(198)) - Using default options. DBProfile.DISK
2019-09-25 12:07:07,258 [main] INFO  net.NodeSchemaLoader (NodeSchemaLoader.java:loadSchemaFromFile(125)) - Loading file from sun.misc.CompoundEnumeration@65fb9ffc
2019-09-25 12:07:07,260 [main] INFO  net.NodeSchemaLoader (NodeSchemaLoader.java:loadSchema(171)) - Loading network topology layer schema file
2019-09-25 12:07:07,336 [main] INFO  node.SCMNodeManager (SCMNodeManager.java:<init>(114)) - Entering startup safe mode.
2019-09-25 12:07:07,411 [main] INFO  algorithms.ContainerPlacementPolicyFactory (ContainerPlacementPolicyFactory.java:getPolicy(59)) - Create container placement policy of type org.apache.hadoop.hdds.scm.container.placement.algorithms.SCMContainerPlacementRandom
2019-09-25 12:07:07,426 [main] WARN  server.ServerUtils (ServerUtils.java:getScmDbDir(145)) - ozone.scm.db.dirs is not configured. We recommend adding this setting. Falling back to ozone.metadata.dirs instead.
2019-09-25 12:07:07,485 [main] INFO  pipeline.SCMPipelineManager (SCMPipelineManager.java:initializePipelineState(132)) - No pipeline exists in current db
2019-09-25 12:07:07,487 [main] WARN  server.ServerUtils (ServerUtils.java:getScmDbDir(145)) - ozone.scm.db.dirs is not configured. We recommend adding this setting. Falling back to ozone.metadata.dirs instead.
2019-09-25 12:07:07,596 [main] WARN  events.EventQueue (EventQueue.java:fireEvent(183)) - No event handler registered for event TypedEvent{payloadType=SafeModeStatus, name='SafeModeStatus'}
2019-09-25 12:07:07,958 [main] INFO  ipc.CallQueueManager (CallQueueManager.java:<init>(84)) - Using callQueue: class java.util.concurrent.LinkedBlockingQueue, queueCapacity: 2000, scheduler: class org.apache.hadoop.ipc.DefaultRpcScheduler, ipcBackoff: false.
2019-09-25 12:07:07,985 [Socket Reader #1 for port 33905] INFO  ipc.Server (Server.java:run(1074)) - Starting Socket Reader #1 for port 33905
2019-09-25 12:07:08,129 [main] INFO  ipc.CallQueueManager (CallQueueManager.java:<init>(84)) - Using callQueue: class java.util.concurrent.LinkedBlockingQueue, queueCapacity: 2000, scheduler: class org.apache.hadoop.ipc.DefaultRpcScheduler, ipcBackoff: false.
2019-09-25 12:07:08,130 [Socket Reader #1 for port 40284] INFO  ipc.Server (Server.java:run(1074)) - Starting Socket Reader #1 for port 40284
2019-09-25 12:07:08,143 [main] INFO  ipc.CallQueueManager (CallQueueManager.java:<init>(84)) - Using callQueue: class java.util.concurrent.LinkedBlockingQueue, queueCapacity: 2000, scheduler: class org.apache.hadoop.ipc.DefaultRpcScheduler, ipcBackoff: false.
2019-09-25 12:07:08,144 [Socket Reader #1 for port 45336] INFO  ipc.Server (Server.java:run(1074)) - Starting Socket Reader #1 for port 45336
2019-09-25 12:07:08,176 [main] INFO  hdfs.DFSUtil (DFSUtil.java:httpServerTemplateForNNAndJN(1641)) - Starting Web-server for scm at: http://0.0.0.0:0
2019-09-25 12:07:08,320 [main] INFO  server.AuthenticationFilter (AuthenticationFilter.java:constructSecretProvider(240)) - Unable to initialize FileSignerSecretProvider, falling back to use random secrets.
2019-09-25 12:07:08,336 [main] WARN  http.HttpRequestLog (HttpRequestLog.java:getRequestLog(97)) - Jetty request log can only be enabled using Log4j
2019-09-25 12:07:08,346 [main] INFO  http.HttpServer2 (HttpServer2.java:addGlobalFilter(975)) - Added global filter 'safety' (class=org.apache.hadoop.http.HttpServer2$QuotingInputFilter)
2019-09-25 12:07:08,349 [main] INFO  http.HttpServer2 (HttpServer2.java:addFilter(948)) - Added filter static_user_filter (class=org.apache.hadoop.http.lib.StaticUserWebFilter$StaticUserFilter) to context scm
2019-09-25 12:07:08,349 [main] INFO  http.HttpServer2 (HttpServer2.java:addFilter(958)) - Added filter static_user_filter (class=org.apache.hadoop.http.lib.StaticUserWebFilter$StaticUserFilter) to context static
2019-09-25 12:07:08,349 [main] INFO  http.HttpServer2 (HttpServer2.java:addFilter(958)) - Added filter static_user_filter (class=org.apache.hadoop.http.lib.StaticUserWebFilter$StaticUserFilter) to context logs
2019-09-25 12:07:08,379 [main] INFO  server.StorageContainerManager (StorageContainerManager.java:start(770)) - StorageContainerLocationProtocol RPC server is listening at /0.0.0.0:45336
2019-09-25 12:07:08,434 [main] WARN  impl.MetricsConfig (MetricsConfig.java:loadFirst(134)) - Cannot locate configuration: tried hadoop-metrics2-storagecontainermanager.properties,hadoop-metrics2.properties
2019-09-25 12:07:08,447 [main] INFO  impl.MetricsSystemImpl (MetricsSystemImpl.java:startTimer(374)) - Scheduled Metric snapshot period at 10 second(s).
2019-09-25 12:07:08,447 [main] INFO  impl.MetricsSystemImpl (MetricsSystemImpl.java:start(191)) - StorageContainerManager metrics system started
2019-09-25 12:07:08,664 [main] INFO  server.SCMClientProtocolServer (SCMClientProtocolServer.java:start(151)) - RPC server for Client  is listening at /0.0.0.0:45336
2019-09-25 12:07:08,664 [IPC Server listener on 45336] INFO  ipc.Server (Server.java:run(1153)) - IPC Server listener on 45336: starting
2019-09-25 12:07:08,664 [IPC Server Responder] INFO  ipc.Server (Server.java:run(1314)) - IPC Server Responder: starting
2019-09-25 12:07:08,667 [main] INFO  server.StorageContainerManager (StorageContainerManager.java:start(780)) - ScmBlockLocationProtocol RPC server is listening at /0.0.0.0:40284
2019-09-25 12:07:08,668 [main] INFO  server.SCMBlockProtocolServer (SCMBlockProtocolServer.java:start(146)) - RPC server for Block Protocol is listening at /0.0.0.0:40284
2019-09-25 12:07:08,669 [IPC Server listener on 40284] INFO  ipc.Server (Server.java:run(1153)) - IPC Server listener on 40284: starting
2019-09-25 12:07:08,669 [IPC Server Responder] INFO  ipc.Server (Server.java:run(1314)) - IPC Server Responder: starting
2019-09-25 12:07:08,670 [main] INFO  server.StorageContainerManager (StorageContainerManager.java:start(784)) - ScmDatanodeProtocl RPC server is listening at /0.0.0.0:33905
2019-09-25 12:07:08,670 [main] INFO  server.SCMDatanodeProtocolServer (SCMDatanodeProtocolServer.java:start(191)) - RPC server for DataNodes is listening at /0.0.0.0:33905
2019-09-25 12:07:08,671 [IPC Server listener on 33905] INFO  ipc.Server (Server.java:run(1153)) - IPC Server listener on 33905: starting
2019-09-25 12:07:08,671 [IPC Server Responder] INFO  ipc.Server (Server.java:run(1314)) - IPC Server Responder: starting
2019-09-25 12:07:08,674 [main] INFO  http.HttpServer2 (HttpServer2.java:bindListener(1191)) - Jetty bound to port 33432
2019-09-25 12:07:08,676 [main] INFO  server.Server (Server.java:doStart(351)) - jetty-9.3.25.v20180904, build timestamp: 2018-09-04T21:11:46Z, git hash: 3ce520221d0240229c862b122d2b06c12a625732
2019-09-25 12:07:08,708 [main] INFO  handler.ContextHandler (ContextHandler.java:doStart(781)) - Started o.e.j.s.ServletContextHandler@4983159f{/logs,file:///workdir/hadoop-ozone/tools/target/log,AVAILABLE}
2019-09-25 12:07:08,709 [main] INFO  handler.ContextHandler (ContextHandler.java:doStart(781)) - Started o.e.j.s.ServletContextHandler@1d2bd371{/static,jar:file:/home/user/.m2/repository/org/apache/hadoop/hadoop-hdds-server-scm/0.5.0-SNAPSHOT/hadoop-hdds-server-scm-0.5.0-SNAPSHOT.jar!/webapps/static,AVAILABLE}
2019-09-25 12:07:08,770 [main] INFO  handler.ContextHandler (ContextHandler.java:doStart(781)) - Started o.e.j.w.WebAppContext@78461bc4{/,file:///tmp/jetty-0.0.0.0-33432-scm-_-any-987067655002513256.dir/webapp/,AVAILABLE}{/scm}
2019-09-25 12:07:08,775 [main] INFO  server.AbstractConnector (AbstractConnector.java:doStart(278)) - Started ServerConnector@51f49060{HTTP/1.1,[http/1.1]}{0.0.0.0:33432}
2019-09-25 12:07:08,775 [main] INFO  server.Server (Server.java:doStart(419)) - Started @2800ms
2019-09-25 12:07:08,777 [main] INFO  impl.MetricsSinkAdapter (MetricsSinkAdapter.java:start(204)) - Sink prometheus started
2019-09-25 12:07:08,777 [main] INFO  impl.MetricsSystemImpl (MetricsSystemImpl.java:registerSink(301)) - Registered sink prometheus
2019-09-25 12:07:08,779 [main] INFO  server.BaseHttpServer (BaseHttpServer.java:updateConnectorAddress(215)) - HTTP server of SCM is listening at http://0.0.0.0:33432
2019-09-25 12:07:08,787 [org.apache.hadoop.util.JvmPauseMonitor$Monitor@46ab18da] INFO  util.JvmPauseMonitor (JvmPauseMonitor.java:run(188)) - Starting JVM pause monitor
2019-09-25 12:07:08,793 [main] WARN  server.ServerUtils (ServerUtils.java:getDBPath(222)) - ozone.om.db.dirs is not configured. We recommend adding this setting. Falling back to ozone.metadata.dirs instead.
2019-09-25 12:07:08,928 [main] WARN  server.ServerUtils (ServerUtils.java:getDBPath(222)) - ozone.om.db.dirs is not configured. We recommend adding this setting. Falling back to ozone.metadata.dirs instead.
2019-09-25 12:07:08,929 [main] WARN  server.ServerUtils (ServerUtils.java:getDBPath(222)) - ozone.om.db.dirs is not configured. We recommend adding this setting. Falling back to ozone.metadata.dirs instead.
2019-09-25 12:07:08,930 [main] INFO  om.OzoneManager (OzoneManager.java:setOMNodeDetails(652)) - OM Service ID is not set. Setting it to the default ID: omServiceIdDefault
2019-09-25 12:07:08,931 [main] INFO  om.OzoneManager (OzoneManager.java:setOMNodeDetails(658)) - OM Node ID is not set. Setting it to the OmStorage's OmID: c359c2cd-c213-4ab4-8b20-ee47472253e2
2019-09-25 12:07:08,932 [main] INFO  om.OzoneManager (OzoneManager.java:loadOMHAConfigs(609)) - Found matching OM address with OMServiceId: null, OMNodeId: null, RPC Address: localhost:0 and Ratis port: 9872
2019-09-25 12:07:09,630 [main] WARN  server.ServerUtils (ServerUtils.java:getDBPath(222)) - ozone.om.db.dirs is not configured. We recommend adding this setting. Falling back to ozone.metadata.dirs instead.
2019-09-25 12:07:09,637 [main] INFO  db.DBStoreBuilder (DBStoreBuilder.java:addTable(110)) - using custom profile for table: userTable
2019-09-25 12:07:09,637 [main] INFO  db.DBStoreBuilder (DBStoreBuilder.java:processTables(161)) - Using default column profile:DBProfile.DISK for Table:userTable
2019-09-25 12:07:09,637 [main] INFO  db.DBStoreBuilder (DBStoreBuilder.java:addTable(110)) - using custom profile for table: volumeTable
2019-09-25 12:07:09,638 [main] INFO  db.DBStoreBuilder (DBStoreBuilder.java:processTables(161)) - Using default column profile:DBProfile.DISK for Table:volumeTable
2019-09-25 12:07:09,638 [main] INFO  db.DBStoreBuilder (DBStoreBuilder.java:addTable(110)) - using custom profile for table: bucketTable
2019-09-25 12:07:09,638 [main] INFO  db.DBStoreBuilder (DBStoreBuilder.java:processTables(161)) - Using default column profile:DBProfile.DISK for Table:bucketTable
2019-09-25 12:07:09,638 [main] INFO  db.DBStoreBuilder (DBStoreBuilder.java:addTable(110)) - using custom profile for table: keyTable
2019-09-25 12:07:09,639 [main] INFO  db.DBStoreBuilder (DBStoreBuilder.java:processTables(161)) - Using default column profile:DBProfile.DISK for Table:keyTable
2019-09-25 12:07:09,639 [main] INFO  db.DBStoreBuilder (DBStoreBuilder.java:addTable(110)) - using custom profile for table: deletedTable
2019-09-25 12:07:09,639 [main] INFO  db.DBStoreBuilder (DBStoreBuilder.java:processTables(161)) - Using default column profile:DBProfile.DISK for Table:deletedTable
2019-09-25 12:07:09,639 [main] INFO  db.DBStoreBuilder (DBStoreBuilder.java:addTable(110)) - using custom profile for table: openKeyTable
2019-09-25 12:07:09,639 [main] INFO  db.DBStoreBuilder (DBStoreBuilder.java:processTables(161)) - Using default column profile:DBProfile.DISK for Table:openKeyTable
2019-09-25 12:07:09,640 [main] INFO  db.DBStoreBuilder (DBStoreBuilder.java:addTable(110)) - using custom profile for table: s3Table
2019-09-25 12:07:09,640 [main] INFO  db.DBStoreBuilder (DBStoreBuilder.java:processTables(161)) - Using default column profile:DBProfile.DISK for Table:s3Table
2019-09-25 12:07:09,640 [main] INFO  db.DBStoreBuilder (DBStoreBuilder.java:addTable(110)) - using custom profile for table: multipartInfoTable
2019-09-25 12:07:09,640 [main] INFO  db.DBStoreBuilder (DBStoreBuilder.java:processTables(161)) - Using default column profile:DBProfile.DISK for Table:multipartInfoTable
2019-09-25 12:07:09,641 [main] INFO  db.DBStoreBuilder (DBStoreBuilder.java:addTable(110)) - using custom profile for table: dTokenTable
2019-09-25 12:07:09,641 [main] INFO  db.DBStoreBuilder (DBStoreBuilder.java:processTables(161)) - Using default column profile:DBProfile.DISK for Table:dTokenTable
2019-09-25 12:07:09,641 [main] INFO  db.DBStoreBuilder (DBStoreBuilder.java:addTable(110)) - using custom profile for table: s3SecretTable
2019-09-25 12:07:09,641 [main] INFO  db.DBStoreBuilder (DBStoreBuilder.java:processTables(161)) - Using default column profile:DBProfile.DISK for Table:s3SecretTable
2019-09-25 12:07:09,642 [main] INFO  db.DBStoreBuilder (DBStoreBuilder.java:addTable(110)) - using custom profile for table: prefixTable
2019-09-25 12:07:09,642 [main] INFO  db.DBStoreBuilder (DBStoreBuilder.java:processTables(161)) - Using default column profile:DBProfile.DISK for Table:prefixTable
2019-09-25 12:07:09,642 [main] INFO  db.DBStoreBuilder (DBStoreBuilder.java:addTable(110)) - using custom profile for table: default
2019-09-25 12:07:09,642 [main] INFO  db.DBStoreBuilder (DBStoreBuilder.java:processTables(167)) - Using default column profile:DBProfile.DISK for Table:default
2019-09-25 12:07:09,643 [main] INFO  db.DBStoreBuilder (DBStoreBuilder.java:getDbProfile(198)) - Using default options. DBProfile.DISK
2019-09-25 12:07:10,211 [main] INFO  ipc.CallQueueManager (CallQueueManager.java:<init>(84)) - Using callQueue: class java.util.concurrent.LinkedBlockingQueue, queueCapacity: 2000, scheduler: class org.apache.hadoop.ipc.DefaultRpcScheduler, ipcBackoff: false.
2019-09-25 12:07:10,212 [Socket Reader #1 for port 38322] INFO  ipc.Server (Server.java:run(1074)) - Starting Socket Reader #1 for port 38322
2019-09-25 12:07:10,233 [main] INFO  om.OzoneManager (OzoneManager.java:start(1243)) - OzoneManager RPC server is listening at localhost/127.0.0.1:38322
2019-09-25 12:07:10,234 [main] INFO  impl.MetricsSystemImpl (MetricsSystemImpl.java:init(158)) - OzoneManager metrics system started (again)
2019-09-25 12:07:10,234 [IPC Server Responder] INFO  ipc.Server (Server.java:run(1314)) - IPC Server Responder: starting
2019-09-25 12:07:10,235 [IPC Server listener on 38322] INFO  ipc.Server (Server.java:run(1153)) - IPC Server listener on 38322: starting
2019-09-25 12:07:10,241 [main] INFO  hdfs.DFSUtil (DFSUtil.java:httpServerTemplateForNNAndJN(1641)) - Starting Web-server for ozoneManager at: http://0.0.0.0:0
2019-09-25 12:07:10,242 [main] INFO  server.AuthenticationFilter (AuthenticationFilter.java:constructSecretProvider(240)) - Unable to initialize FileSignerSecretProvider, falling back to use random secrets.
2019-09-25 12:07:10,243 [main] WARN  http.HttpRequestLog (HttpRequestLog.java:getRequestLog(97)) - Jetty request log can only be enabled using Log4j
2019-09-25 12:07:10,245 [main] INFO  http.HttpServer2 (HttpServer2.java:addGlobalFilter(975)) - Added global filter 'safety' (class=org.apache.hadoop.http.HttpServer2$QuotingInputFilter)
2019-09-25 12:07:10,246 [main] INFO  http.HttpServer2 (HttpServer2.java:addFilter(948)) - Added filter static_user_filter (class=org.apache.hadoop.http.lib.StaticUserWebFilter$StaticUserFilter) to context ozoneManager
2019-09-25 12:07:10,246 [main] INFO  http.HttpServer2 (HttpServer2.java:addFilter(958)) - Added filter static_user_filter (class=org.apache.hadoop.http.lib.StaticUserWebFilter$StaticUserFilter) to context logs
2019-09-25 12:07:10,246 [main] INFO  http.HttpServer2 (HttpServer2.java:addFilter(958)) - Added filter static_user_filter (class=org.apache.hadoop.http.lib.StaticUserWebFilter$StaticUserFilter) to context static
2019-09-25 12:07:10,248 [main] INFO  http.HttpServer2 (HttpServer2.java:bindListener(1191)) - Jetty bound to port 39862
2019-09-25 12:07:10,248 [main] INFO  server.Server (Server.java:doStart(351)) - jetty-9.3.25.v20180904, build timestamp: 2018-09-04T21:11:46Z, git hash: 3ce520221d0240229c862b122d2b06c12a625732
2019-09-25 12:07:10,250 [main] INFO  handler.ContextHandler (ContextHandler.java:doStart(781)) - Started o.e.j.s.ServletContextHandler@55b8dbda{/logs,file:///workdir/hadoop-ozone/tools/target/log,AVAILABLE}
2019-09-25 12:07:10,251 [main] INFO  handler.ContextHandler (ContextHandler.java:doStart(781)) - Started o.e.j.s.ServletContextHandler@3a022576{/static,jar:file:/home/user/.m2/repository/org/apache/hadoop/hadoop-ozone-ozone-manager/0.5.0-SNAPSHOT/hadoop-ozone-ozone-manager-0.5.0-SNAPSHOT.jar!/webapps/static,AVAILABLE}
2019-09-25 12:07:10,300 [main] INFO  handler.ContextHandler (ContextHandler.java:doStart(781)) - Started o.e.j.w.WebAppContext@388b401d{/,file:///tmp/jetty-0.0.0.0-39862-ozoneManager-_-any-547141882864420915.dir/webapp/,AVAILABLE}{/ozoneManager}
2019-09-25 12:07:10,301 [main] INFO  server.AbstractConnector (AbstractConnector.java:doStart(278)) - Started ServerConnector@2bcec6a6{HTTP/1.1,[http/1.1]}{0.0.0.0:39862}
2019-09-25 12:07:10,301 [main] INFO  server.Server (Server.java:doStart(419)) - Started @4327ms
2019-09-25 12:07:10,302 [main] WARN  impl.MetricsSystemImpl (MetricsSystemImpl.java:register(276)) - Sink prometheus already exists!
2019-09-25 12:07:10,303 [main] INFO  server.BaseHttpServer (BaseHttpServer.java:updateConnectorAddress(215)) - HTTP server of OZONEMANAGER is listening at http://0.0.0.0:39862
2019-09-25 12:07:10,607 [main] INFO  impl.MetricsSystemImpl (MetricsSystemImpl.java:init(158)) - HddsDatanode metrics system started (again)
2019-09-25 12:07:10,652 [main] INFO  ozone.HddsDatanodeService (HddsDatanodeService.java:start(184)) - HddsDatanodeService host:pr-hdds-1569-5gmkr-4255264070 ip:192.168.30.6
2019-09-25 12:07:10,685 [main] INFO  volume.HddsVolume (HddsVolume.java:<init>(176)) - Creating Volume: /workdir/hadoop-ozone/tools/target/test-dir/MiniOzoneClusterImpl-6e39606f-4d17-4d5b-8507-ba9bdf76dca7/datanode-0/data/containers/hdds of  storage type : DISK and capacity : 1482555576320
2019-09-25 12:07:10,688 [main] INFO  volume.VolumeSet (VolumeSet.java:initializeVolumeSet(170)) - Added Volume : /workdir/hadoop-ozone/tools/target/test-dir/MiniOzoneClusterImpl-6e39606f-4d17-4d5b-8507-ba9bdf76dca7/datanode-0/data/containers/hdds to VolumeSet
2019-09-25 12:07:10,691 [main] INFO  volume.ThrottledAsyncChecker (ThrottledAsyncChecker.java:schedule(139)) - Scheduling a check for org.apache.hadoop.ozone.container.common.volume.HddsVolume@7d0cc890
2019-09-25 12:07:10,710 [main] INFO  volume.HddsVolumeChecker (HddsVolumeChecker.java:checkAllVolumes(202)) - Scheduled health check for volume org.apache.hadoop.ozone.container.common.volume.HddsVolume@7d0cc890
2019-09-25 12:07:10,822 [main] INFO  impl.RaftServerProxy (ConfUtils.java:logGet(43)) - raft.rpc.type = GRPC (default)
2019-09-25 12:07:10,887 [main] INFO  grpc.GrpcFactory (GrpcFactory.java:checkPooledByteBufAllocatorUseCacheForAllThreads(45)) - PERFORMANCE WARNING: useCacheForAllThreads is true that may cause Netty to create a lot garbage objects and, as a result, trigger GC.
	It is recommended to disable useCacheForAllThreads by setting -Dorg.apache.ratis.thirdparty.io.netty.allocator.useCacheForAllThreads=false in command line.
2019-09-25 12:07:10,893 [main] INFO  grpc.GrpcConfigKeys$Server (ConfUtils.java:logGet(43)) - raft.grpc.server.port = 0 (default)
2019-09-25 12:07:10,894 [main] INFO  server.GrpcService (ConfUtils.java:logGet(43)) - raft.grpc.message.size.max = 33570816 (custom)
2019-09-25 12:07:10,895 [main] INFO  server.RaftServerConfigKeys (ConfUtils.java:logGet(43)) - raft.server.log.appender.buffer.byte-limit = 33554432 (custom)
2019-09-25 12:07:10,896 [main] INFO  server.GrpcService (ConfUtils.java:logGet(43)) - raft.grpc.flow.control.window = 1MB (=1048576) (default)
2019-09-25 12:07:10,897 [main] INFO  server.RaftServerConfigKeys (ConfUtils.java:logGet(43)) - raft.server.rpc.request.timeout = 3000ms (default)
2019-09-25 12:07:11,082 [main] INFO  server.RaftServerConfigKeys (ConfUtils.java:logGet(43)) - raft.server.storage.dir = [/workdir/hadoop-ozone/tools/target/test-dir/MiniOzoneClusterImpl-6e39606f-4d17-4d5b-8507-ba9bdf76dca7/datanode-0/data/ratis] (custom)
2019-09-25 12:07:11,137 [main] INFO  hdfs.DFSUtil (DFSUtil.java:httpServerTemplateForNNAndJN(1641)) - Starting Web-server for hddsDatanode at: http://0.0.0.0:0
2019-09-25 12:07:11,140 [main] INFO  server.AuthenticationFilter (AuthenticationFilter.java:constructSecretProvider(240)) - Unable to initialize FileSignerSecretProvider, falling back to use random secrets.
2019-09-25 12:07:11,142 [main] WARN  http.HttpRequestLog (HttpRequestLog.java:getRequestLog(97)) - Jetty request log can only be enabled using Log4j
2019-09-25 12:07:11,144 [main] INFO  http.HttpServer2 (HttpServer2.java:addGlobalFilter(975)) - Added global filter 'safety' (class=org.apache.hadoop.http.HttpServer2$QuotingInputFilter)
2019-09-25 12:07:11,145 [main] INFO  http.HttpServer2 (HttpServer2.java:addFilter(948)) - Added filter static_user_filter (class=org.apache.hadoop.http.lib.StaticUserWebFilter$StaticUserFilter) to context hddsDatanode
2019-09-25 12:07:11,145 [main] INFO  http.HttpServer2 (HttpServer2.java:addFilter(958)) - Added filter static_user_filter (class=org.apache.hadoop.http.lib.StaticUserWebFilter$StaticUserFilter) to context static
2019-09-25 12:07:11,146 [main] INFO  http.HttpServer2 (HttpServer2.java:addFilter(958)) - Added filter static_user_filter (class=org.apache.hadoop.http.lib.StaticUserWebFilter$StaticUserFilter) to context logs
2019-09-25 12:07:11,147 [main] INFO  http.HttpServer2 (HttpServer2.java:bindListener(1191)) - Jetty bound to port 42078
2019-09-25 12:07:11,148 [main] INFO  server.Server (Server.java:doStart(351)) - jetty-9.3.25.v20180904, build timestamp: 2018-09-04T21:11:46Z, git hash: 3ce520221d0240229c862b122d2b06c12a625732
2019-09-25 12:07:11,151 [main] INFO  handler.ContextHandler (ContextHandler.java:doStart(781)) - Started o.e.j.s.ServletContextHandler@43e9089{/logs,file:///workdir/hadoop-ozone/tools/target/log,AVAILABLE}
2019-09-25 12:07:11,151 [main] INFO  handler.ContextHandler (ContextHandler.java:doStart(781)) - Started o.e.j.s.ServletContextHandler@352c44a8{/static,jar:file:/home/user/.m2/repository/org/apache/hadoop/hadoop-hdds-container-service/0.5.0-SNAPSHOT/hadoop-hdds-container-service-0.5.0-SNAPSHOT.jar!/webapps/static,AVAILABLE}
2019-09-25 12:07:11,185 [main] INFO  handler.ContextHandler (ContextHandler.java:doStart(781)) - Started o.e.j.w.WebAppContext@78054f54{/,file:///tmp/jetty-0.0.0.0-42078-hddsDatanode-_-any-9150019479887781342.dir/webapp/,AVAILABLE}{/hddsDatanode}
2019-09-25 12:07:11,185 [main] INFO  server.AbstractConnector (AbstractConnector.java:doStart(278)) - Started ServerConnector@cb7fa71{HTTP/1.1,[http/1.1]}{0.0.0.0:42078}
2019-09-25 12:07:11,186 [main] INFO  server.Server (Server.java:doStart(419)) - Started @5212ms
2019-09-25 12:07:11,187 [main] WARN  impl.MetricsSystemImpl (MetricsSystemImpl.java:register(276)) - Sink prometheus already exists!
2019-09-25 12:07:11,189 [main] INFO  server.BaseHttpServer (BaseHttpServer.java:updateConnectorAddress(215)) - HTTP server of HDDSDATANODE is listening at http://0.0.0.0:42078
2019-09-25 12:07:11,190 [main] INFO  impl.MetricsSystemImpl (MetricsSystemImpl.java:init(158)) - HddsDatanode metrics system started (again)
2019-09-25 12:07:11,194 [main] INFO  ozone.HddsDatanodeService (HddsDatanodeService.java:start(184)) - HddsDatanodeService host:pr-hdds-1569-5gmkr-4255264070 ip:192.168.30.6
2019-09-25 12:07:11,195 [org.apache.hadoop.util.JvmPauseMonitor$Monitor@7c1e7496] INFO  util.JvmPauseMonitor (JvmPauseMonitor.java:run(188)) - Starting JVM pause monitor
2019-09-25 12:07:11,202 [main] INFO  volume.HddsVolume (HddsVolume.java:<init>(176)) - Creating Volume: /workdir/hadoop-ozone/tools/target/test-dir/MiniOzoneClusterImpl-6e39606f-4d17-4d5b-8507-ba9bdf76dca7/datanode-1/data/containers/hdds of  storage type : DISK and capacity : 1482555576320
2019-09-25 12:07:11,202 [main] INFO  volume.VolumeSet (VolumeSet.java:initializeVolumeSet(170)) - Added Volume : /workdir/hadoop-ozone/tools/target/test-dir/MiniOzoneClusterImpl-6e39606f-4d17-4d5b-8507-ba9bdf76dca7/datanode-1/data/containers/hdds to VolumeSet
2019-09-25 12:07:11,203 [main] INFO  volume.ThrottledAsyncChecker (ThrottledAsyncChecker.java:schedule(139)) - Scheduling a check for org.apache.hadoop.ozone.container.common.volume.HddsVolume@68d7a2df
2019-09-25 12:07:11,204 [main] INFO  volume.HddsVolumeChecker (HddsVolumeChecker.java:checkAllVolumes(202)) - Scheduled health check for volume org.apache.hadoop.ozone.container.common.volume.HddsVolume@68d7a2df
2019-09-25 12:07:11,221 [main] INFO  impl.RaftServerProxy (ConfUtils.java:logGet(43)) - raft.rpc.type = GRPC (default)
2019-09-25 12:07:11,221 [main] INFO  grpc.GrpcFactory (GrpcFactory.java:checkPooledByteBufAllocatorUseCacheForAllThreads(45)) - PERFORMANCE WARNING: useCacheForAllThreads is true that may cause Netty to create a lot garbage objects and, as a result, trigger GC.
	It is recommended to disable useCacheForAllThreads by setting -Dorg.apache.ratis.thirdparty.io.netty.allocator.useCacheForAllThreads=false in command line.
2019-09-25 12:07:11,221 [main] INFO  grpc.GrpcConfigKeys$Server (ConfUtils.java:logGet(43)) - raft.grpc.server.port = 0 (default)
2019-09-25 12:07:11,222 [main] INFO  server.GrpcService (ConfUtils.java:logGet(43)) - raft.grpc.message.size.max = 33570816 (custom)
2019-09-25 12:07:11,222 [main] INFO  server.RaftServerConfigKeys (ConfUtils.java:logGet(43)) - raft.server.log.appender.buffer.byte-limit = 33554432 (custom)
2019-09-25 12:07:11,222 [main] INFO  server.GrpcService (ConfUtils.java:logGet(43)) - raft.grpc.flow.control.window = 1MB (=1048576) (default)
2019-09-25 12:07:11,222 [main] INFO  server.RaftServerConfigKeys (ConfUtils.java:logGet(43)) - raft.server.rpc.request.timeout = 3000ms (default)
2019-09-25 12:07:11,223 [main] INFO  server.RaftServerConfigKeys (ConfUtils.java:logGet(43)) - raft.server.storage.dir = [/workdir/hadoop-ozone/tools/target/test-dir/MiniOzoneClusterImpl-6e39606f-4d17-4d5b-8507-ba9bdf76dca7/datanode-1/data/ratis] (custom)
2019-09-25 12:07:11,225 [main] INFO  hdfs.DFSUtil (DFSUtil.java:httpServerTemplateForNNAndJN(1641)) - Starting Web-server for hddsDatanode at: http://0.0.0.0:0
2019-09-25 12:07:11,226 [main] INFO  server.AuthenticationFilter (AuthenticationFilter.java:constructSecretProvider(240)) - Unable to initialize FileSignerSecretProvider, falling back to use random secrets.
2019-09-25 12:07:11,227 [main] WARN  http.HttpRequestLog (HttpRequestLog.java:getRequestLog(97)) - Jetty request log can only be enabled using Log4j
2019-09-25 12:07:11,229 [main] INFO  http.HttpServer2 (HttpServer2.java:addGlobalFilter(975)) - Added global filter 'safety' (class=org.apache.hadoop.http.HttpServer2$QuotingInputFilter)
2019-09-25 12:07:11,230 [main] INFO  http.HttpServer2 (HttpServer2.java:addFilter(948)) - Added filter static_user_filter (class=org.apache.hadoop.http.lib.StaticUserWebFilter$StaticUserFilter) to context hddsDatanode
2019-09-25 12:07:11,230 [main] INFO  http.HttpServer2 (HttpServer2.java:addFilter(958)) - Added filter static_user_filter (class=org.apache.hadoop.http.lib.StaticUserWebFilter$StaticUserFilter) to context static
2019-09-25 12:07:11,230 [main] INFO  http.HttpServer2 (HttpServer2.java:addFilter(958)) - Added filter static_user_filter (class=org.apache.hadoop.http.lib.StaticUserWebFilter$StaticUserFilter) to context logs
2019-09-25 12:07:11,231 [main] INFO  http.HttpServer2 (HttpServer2.java:bindListener(1191)) - Jetty bound to port 45417
2019-09-25 12:07:11,231 [main] INFO  server.Server (Server.java:doStart(351)) - jetty-9.3.25.v20180904, build timestamp: 2018-09-04T21:11:46Z, git hash: 3ce520221d0240229c862b122d2b06c12a625732
2019-09-25 12:07:11,235 [main] INFO  handler.ContextHandler (ContextHandler.java:doStart(781)) - Started o.e.j.s.ServletContextHandler@1422ac7f{/logs,file:///workdir/hadoop-ozone/tools/target/log,AVAILABLE}
2019-09-25 12:07:11,235 [main] INFO  handler.ContextHandler (ContextHandler.java:doStart(781)) - Started o.e.j.s.ServletContextHandler@7bc44ce8{/static,jar:file:/home/user/.m2/repository/org/apache/hadoop/hadoop-hdds-container-service/0.5.0-SNAPSHOT/hadoop-hdds-container-service-0.5.0-SNAPSHOT.jar!/webapps/static,AVAILABLE}
2019-09-25 12:07:11,264 [main] INFO  handler.ContextHandler (ContextHandler.java:doStart(781)) - Started o.e.j.w.WebAppContext@5af8bb51{/,file:///tmp/jetty-0.0.0.0-45417-hddsDatanode-_-any-3278962125660215434.dir/webapp/,AVAILABLE}{/hddsDatanode}
2019-09-25 12:07:11,265 [main] INFO  server.AbstractConnector (AbstractConnector.java:doStart(278)) - Started ServerConnector@799ed4e8{HTTP/1.1,[http/1.1]}{0.0.0.0:45417}
2019-09-25 12:07:11,265 [main] INFO  server.Server (Server.java:doStart(419)) - Started @5291ms
2019-09-25 12:07:11,266 [main] WARN  impl.MetricsSystemImpl (MetricsSystemImpl.java:register(276)) - Sink prometheus already exists!
2019-09-25 12:07:11,267 [main] INFO  server.BaseHttpServer (BaseHttpServer.java:updateConnectorAddress(215)) - HTTP server of HDDSDATANODE is listening at http://0.0.0.0:45417
2019-09-25 12:07:11,267 [main] INFO  impl.MetricsSystemImpl (MetricsSystemImpl.java:init(158)) - HddsDatanode metrics system started (again)
2019-09-25 12:07:11,270 [org.apache.hadoop.util.JvmPauseMonitor$Monitor@13039eb4] INFO  util.JvmPauseMonitor (JvmPauseMonitor.java:run(188)) - Starting JVM pause monitor
2019-09-25 12:07:11,272 [main] INFO  ozone.HddsDatanodeService (HddsDatanodeService.java:start(184)) - HddsDatanodeService host:pr-hdds-1569-5gmkr-4255264070 ip:192.168.30.6
2019-09-25 12:07:11,279 [main] INFO  volume.HddsVolume (HddsVolume.java:<init>(176)) - Creating Volume: /workdir/hadoop-ozone/tools/target/test-dir/MiniOzoneClusterImpl-6e39606f-4d17-4d5b-8507-ba9bdf76dca7/datanode-2/data/containers/hdds of  storage type : DISK and capacity : 1482555576320
2019-09-25 12:07:11,280 [main] INFO  volume.VolumeSet (VolumeSet.java:initializeVolumeSet(170)) - Added Volume : /workdir/hadoop-ozone/tools/target/test-dir/MiniOzoneClusterImpl-6e39606f-4d17-4d5b-8507-ba9bdf76dca7/datanode-2/data/containers/hdds to VolumeSet
2019-09-25 12:07:11,280 [main] INFO  volume.ThrottledAsyncChecker (ThrottledAsyncChecker.java:schedule(139)) - Scheduling a check for org.apache.hadoop.ozone.container.common.volume.HddsVolume@15639440
2019-09-25 12:07:11,280 [main] INFO  volume.HddsVolumeChecker (HddsVolumeChecker.java:checkAllVolumes(202)) - Scheduled health check for volume org.apache.hadoop.ozone.container.common.volume.HddsVolume@15639440
2019-09-25 12:07:11,298 [main] INFO  impl.RaftServerProxy (ConfUtils.java:logGet(43)) - raft.rpc.type = GRPC (default)
2019-09-25 12:07:11,298 [main] INFO  grpc.GrpcFactory (GrpcFactory.java:checkPooledByteBufAllocatorUseCacheForAllThreads(45)) - PERFORMANCE WARNING: useCacheForAllThreads is true that may cause Netty to create a lot garbage objects and, as a result, trigger GC.
	It is recommended to disable useCacheForAllThreads by setting -Dorg.apache.ratis.thirdparty.io.netty.allocator.useCacheForAllThreads=false in command line.
2019-09-25 12:07:11,298 [main] INFO  grpc.GrpcConfigKeys$Server (ConfUtils.java:logGet(43)) - raft.grpc.server.port = 0 (default)
2019-09-25 12:07:11,299 [main] INFO  server.GrpcService (ConfUtils.java:logGet(43)) - raft.grpc.message.size.max = 33570816 (custom)
2019-09-25 12:07:11,299 [main] INFO  server.RaftServerConfigKeys (ConfUtils.java:logGet(43)) - raft.server.log.appender.buffer.byte-limit = 33554432 (custom)
2019-09-25 12:07:11,299 [main] INFO  server.GrpcService (ConfUtils.java:logGet(43)) - raft.grpc.flow.control.window = 1MB (=1048576) (default)
2019-09-25 12:07:11,299 [Datanode State Machine Thread - 0] INFO  datanode.InitDatanodeState (InitDatanodeState.java:persistContainerDatanodeDetails(140)) - DatanodeDetails is persisted to /workdir/hadoop-ozone/tools/target/test-dir/MiniOzoneClusterImpl-6e39606f-4d17-4d5b-8507-ba9bdf76dca7/datanode-0/meta/datanode.id
2019-09-25 12:07:11,299 [main] INFO  server.RaftServerConfigKeys (ConfUtils.java:logGet(43)) - raft.server.rpc.request.timeout = 3000ms (default)
2019-09-25 12:07:11,302 [main] INFO  server.RaftServerConfigKeys (ConfUtils.java:logGet(43)) - raft.server.storage.dir = [/workdir/hadoop-ozone/tools/target/test-dir/MiniOzoneClusterImpl-6e39606f-4d17-4d5b-8507-ba9bdf76dca7/datanode-2/data/ratis] (custom)
2019-09-25 12:07:11,304 [Datanode State Machine Thread - 0] INFO  datanode.InitDatanodeState (InitDatanodeState.java:persistContainerDatanodeDetails(140)) - DatanodeDetails is persisted to /workdir/hadoop-ozone/tools/target/test-dir/MiniOzoneClusterImpl-6e39606f-4d17-4d5b-8507-ba9bdf76dca7/datanode-1/meta/datanode.id
2019-09-25 12:07:11,305 [main] INFO  hdfs.DFSUtil (DFSUtil.java:httpServerTemplateForNNAndJN(1641)) - Starting Web-server for hddsDatanode at: http://0.0.0.0:0
2019-09-25 12:07:11,306 [main] INFO  server.AuthenticationFilter (AuthenticationFilter.java:constructSecretProvider(240)) - Unable to initialize FileSignerSecretProvider, falling back to use random secrets.
2019-09-25 12:07:11,307 [main] WARN  http.HttpRequestLog (HttpRequestLog.java:getRequestLog(97)) - Jetty request log can only be enabled using Log4j
2019-09-25 12:07:11,308 [main] INFO  http.HttpServer2 (HttpServer2.java:addGlobalFilter(975)) - Added global filter 'safety' (class=org.apache.hadoop.http.HttpServer2$QuotingInputFilter)
2019-09-25 12:07:11,309 [main] INFO  http.HttpServer2 (HttpServer2.java:addFilter(948)) - Added filter static_user_filter (class=org.apache.hadoop.http.lib.StaticUserWebFilter$StaticUserFilter) to context hddsDatanode
2019-09-25 12:07:11,309 [main] INFO  http.HttpServer2 (HttpServer2.java:addFilter(958)) - Added filter static_user_filter (class=org.apache.hadoop.http.lib.StaticUserWebFilter$StaticUserFilter) to context logs
2019-09-25 12:07:11,310 [main] INFO  http.HttpServer2 (HttpServer2.java:addFilter(958)) - Added filter static_user_filter (class=org.apache.hadoop.http.lib.StaticUserWebFilter$StaticUserFilter) to context static
2019-09-25 12:07:11,310 [main] INFO  http.HttpServer2 (HttpServer2.java:bindListener(1191)) - Jetty bound to port 32946
2019-09-25 12:07:11,310 [main] INFO  server.Server (Server.java:doStart(351)) - jetty-9.3.25.v20180904, build timestamp: 2018-09-04T21:11:46Z, git hash: 3ce520221d0240229c862b122d2b06c12a625732
2019-09-25 12:07:11,312 [main] INFO  handler.ContextHandler (ContextHandler.java:doStart(781)) - Started o.e.j.s.ServletContextHandler@296e281a{/logs,file:///workdir/hadoop-ozone/tools/target/log,AVAILABLE}
2019-09-25 12:07:11,313 [main] INFO  handler.ContextHandler (ContextHandler.java:doStart(781)) - Started o.e.j.s.ServletContextHandler@5dd903be{/static,jar:file:/home/user/.m2/repository/org/apache/hadoop/hadoop-hdds-container-service/0.5.0-SNAPSHOT/hadoop-hdds-container-service-0.5.0-SNAPSHOT.jar!/webapps/static,AVAILABLE}
2019-09-25 12:07:11,341 [main] INFO  handler.ContextHandler (ContextHandler.java:doStart(781)) - Started o.e.j.w.WebAppContext@42b84286{/,file:///tmp/jetty-0.0.0.0-32946-hddsDatanode-_-any-8723745457700404206.dir/webapp/,AVAILABLE}{/hddsDatanode}
2019-09-25 12:07:11,342 [main] INFO  server.AbstractConnector (AbstractConnector.java:doStart(278)) - Started ServerConnector@443effcb{HTTP/1.1,[http/1.1]}{0.0.0.0:32946}
2019-09-25 12:07:11,342 [main] INFO  server.Server (Server.java:doStart(419)) - Started @5368ms
2019-09-25 12:07:11,343 [main] WARN  impl.MetricsSystemImpl (MetricsSystemImpl.java:register(276)) - Sink prometheus already exists!
2019-09-25 12:07:11,344 [main] INFO  server.BaseHttpServer (BaseHttpServer.java:updateConnectorAddress(215)) - HTTP server of HDDSDATANODE is listening at http://0.0.0.0:32946
2019-09-25 12:07:11,346 [main] INFO  ozone.MiniOzoneClusterImpl (MiniOzoneClusterImpl.java:lambda$waitForClusterToBeReady$0(147)) - Waiting for cluster to be ready. Got 0 of 3 DN Heartbeats.
2019-09-25 12:07:11,347 [org.apache.hadoop.util.JvmPauseMonitor$Monitor@7bb80680] INFO  util.JvmPauseMonitor (JvmPauseMonitor.java:run(188)) - Starting JVM pause monitor
2019-09-25 12:07:11,350 [Datanode State Machine Thread - 0] INFO  datanode.InitDatanodeState (InitDatanodeState.java:persistContainerDatanodeDetails(140)) - DatanodeDetails is persisted to /workdir/hadoop-ozone/tools/target/test-dir/MiniOzoneClusterImpl-6e39606f-4d17-4d5b-8507-ba9bdf76dca7/datanode-2/meta/datanode.id
2019-09-25 12:07:12,346 [main] INFO  ozone.MiniOzoneClusterImpl (MiniOzoneClusterImpl.java:lambda$waitForClusterToBeReady$0(147)) - Waiting for cluster to be ready. Got 0 of 3 DN Heartbeats.
2019-09-25 12:07:13,254 [Datanode State Machine Thread - 0] INFO  ozoneimpl.OzoneContainer (OzoneContainer.java:start(217)) - Attempting to start container services.
2019-09-25 12:07:13,257 [Datanode State Machine Thread - 0] INFO  ozoneimpl.OzoneContainer (OzoneContainer.java:startContainerScrub(179)) - Background container scanner has been disabled.
2019-09-25 12:07:13,257 [Datanode State Machine Thread - 0] INFO  ratis.XceiverServerRatis (XceiverServerRatis.java:start(411)) - Starting XceiverServerRatis adef09cc-beb2-487d-a020-ad09efbb3e7f at port 0
2019-09-25 12:07:13,283 [Datanode State Machine Thread - 0] INFO  impl.RaftServerProxy (RaftServerProxy.java:lambda$start$3(299)) - adef09cc-beb2-487d-a020-ad09efbb3e7f: start RPC server
2019-09-25 12:07:13,288 [Datanode State Machine Thread - 0] INFO  ozoneimpl.OzoneContainer (OzoneContainer.java:start(217)) - Attempting to start container services.
2019-09-25 12:07:13,294 [Datanode State Machine Thread - 0] INFO  ozoneimpl.OzoneContainer (OzoneContainer.java:startContainerScrub(179)) - Background container scanner has been disabled.
2019-09-25 12:07:13,294 [Datanode State Machine Thread - 0] INFO  ratis.XceiverServerRatis (XceiverServerRatis.java:start(411)) - Starting XceiverServerRatis 90a5e23b-d3dc-4a6b-9838-81ba7f1d625e at port 0
2019-09-25 12:07:13,301 [Datanode State Machine Thread - 0] INFO  impl.RaftServerProxy (RaftServerProxy.java:lambda$start$3(299)) - 90a5e23b-d3dc-4a6b-9838-81ba7f1d625e: start RPC server
2019-09-25 12:07:13,347 [main] INFO  ozone.MiniOzoneClusterImpl (MiniOzoneClusterImpl.java:lambda$waitForClusterToBeReady$0(147)) - Waiting for cluster to be ready. Got 0 of 3 DN Heartbeats.
2019-09-25 12:07:13,363 [Datanode State Machine Thread - 0] INFO  ozoneimpl.OzoneContainer (OzoneContainer.java:start(217)) - Attempting to start container services.
2019-09-25 12:07:13,364 [Datanode State Machine Thread - 0] INFO  ozoneimpl.OzoneContainer (OzoneContainer.java:startContainerScrub(179)) - Background container scanner has been disabled.
2019-09-25 12:07:13,364 [Datanode State Machine Thread - 0] INFO  ratis.XceiverServerRatis (XceiverServerRatis.java:start(411)) - Starting XceiverServerRatis a4c605ab-ce77-4bc9-be78-a28a748a3237 at port 0
2019-09-25 12:07:13,371 [Datanode State Machine Thread - 0] INFO  impl.RaftServerProxy (RaftServerProxy.java:lambda$start$3(299)) - a4c605ab-ce77-4bc9-be78-a28a748a3237: start RPC server
2019-09-25 12:07:13,431 [Datanode State Machine Thread - 0] INFO  server.GrpcService (GrpcService.java:startImpl(158)) - a4c605ab-ce77-4bc9-be78-a28a748a3237: GrpcService started, listening on 0.0.0.0/0.0.0.0:37168
2019-09-25 12:07:13,431 [Datanode State Machine Thread - 0] INFO  server.GrpcService (GrpcService.java:startImpl(158)) - adef09cc-beb2-487d-a020-ad09efbb3e7f: GrpcService started, listening on 0.0.0.0/0.0.0.0:35191
2019-09-25 12:07:13,431 [Datanode State Machine Thread - 0] INFO  server.GrpcService (GrpcService.java:startImpl(158)) - 90a5e23b-d3dc-4a6b-9838-81ba7f1d625e: GrpcService started, listening on 0.0.0.0/0.0.0.0:36629
2019-09-25 12:07:13,432 [Datanode State Machine Thread - 0] INFO  ratis.XceiverServerRatis (XceiverServerRatis.java:start(421)) - XceiverServerRatis adef09cc-beb2-487d-a020-ad09efbb3e7f is started using port 35191
2019-09-25 12:07:13,431 [Datanode State Machine Thread - 0] INFO  ratis.XceiverServerRatis (XceiverServerRatis.java:start(421)) - XceiverServerRatis a4c605ab-ce77-4bc9-be78-a28a748a3237 is started using port 37168
2019-09-25 12:07:13,432 [Datanode State Machine Thread - 0] INFO  ratis.XceiverServerRatis (XceiverServerRatis.java:start(421)) - XceiverServerRatis 90a5e23b-d3dc-4a6b-9838-81ba7f1d625e is started using port 36629
2019-09-25 12:07:13,436 [Datanode State Machine Thread - 0] INFO  server.XceiverServerGrpc (XceiverServerGrpc.java:start(149)) - XceiverServerGrpc a4c605ab-ce77-4bc9-be78-a28a748a3237 is started using port 35839
2019-09-25 12:07:13,437 [Datanode State Machine Thread - 0] INFO  server.XceiverServerGrpc (XceiverServerGrpc.java:start(149)) - XceiverServerGrpc adef09cc-beb2-487d-a020-ad09efbb3e7f is started using port 46320
2019-09-25 12:07:13,436 [Datanode State Machine Thread - 0] INFO  server.XceiverServerGrpc (XceiverServerGrpc.java:start(149)) - XceiverServerGrpc 90a5e23b-d3dc-4a6b-9838-81ba7f1d625e is started using port 43218
2019-09-25 12:07:14,348 [main] INFO  ozone.MiniOzoneClusterImpl (MiniOzoneClusterImpl.java:lambda$waitForClusterToBeReady$0(147)) - Waiting for cluster to be ready. Got 0 of 3 DN Heartbeats.
2019-09-25 12:07:15,241 [IPC Server handler 1 on 33905] INFO  net.NetworkTopology (NetworkTopologyImpl.java:add(111)) - Added a new node: /default-rack/adef09cc-beb2-487d-a020-ad09efbb3e7f
2019-09-25 12:07:15,243 [IPC Server handler 1 on 33905] INFO  node.SCMNodeManager (SCMNodeManager.java:register(266)) - Registered Data node : adef09cc-beb2-487d-a020-ad09efbb3e7f{ip: 192.168.30.6, host: pr-hdds-1569-5gmkr-4255264070, networkLocation: /default-rack, certSerialId: null}
2019-09-25 12:07:15,248 [EventQueue-NodeRegistrationContainerReportForDataNodeSafeModeRule] INFO  safemode.SCMSafeModeManager (DataNodeSafeModeRule.java:process(71)) - SCM in safe mode. 1 DataNodes registered, 1 required.
2019-09-25 12:07:15,248 [EventQueue-NodeRegistrationContainerReportForDataNodeSafeModeRule] INFO  safemode.SCMSafeModeManager (SCMSafeModeManager.java:validateSafeModeExitRules(177)) - ScmSafeModeManager, all rules are successfully validated
2019-09-25 12:07:15,248 [EventQueue-NodeRegistrationContainerReportForDataNodeSafeModeRule] INFO  safemode.SCMSafeModeManager (SCMSafeModeManager.java:exitSafeMode(193)) - SCM exiting safe mode.
2019-09-25 12:07:15,273 [IPC Server handler 2 on 33905] INFO  net.NetworkTopology (NetworkTopologyImpl.java:add(111)) - Added a new node: /default-rack/90a5e23b-d3dc-4a6b-9838-81ba7f1d625e
2019-09-25 12:07:15,273 [IPC Server handler 2 on 33905] INFO  node.SCMNodeManager (SCMNodeManager.java:register(266)) - Registered Data node : 90a5e23b-d3dc-4a6b-9838-81ba7f1d625e{ip: 192.168.30.6, host: pr-hdds-1569-5gmkr-4255264070, networkLocation: /default-rack, certSerialId: null}
2019-09-25 12:07:15,348 [main] INFO  ozone.MiniOzoneClusterImpl (MiniOzoneClusterImpl.java:lambda$waitForClusterToBeReady$0(147)) - Waiting for cluster to be ready. Got 2 of 3 DN Heartbeats.
2019-09-25 12:07:15,351 [IPC Server handler 3 on 33905] INFO  net.NetworkTopology (NetworkTopologyImpl.java:add(111)) - Added a new node: /default-rack/a4c605ab-ce77-4bc9-be78-a28a748a3237
2019-09-25 12:07:15,351 [IPC Server handler 3 on 33905] INFO  node.SCMNodeManager (SCMNodeManager.java:register(266)) - Registered Data node : a4c605ab-ce77-4bc9-be78-a28a748a3237{ip: 192.168.30.6, host: pr-hdds-1569-5gmkr-4255264070, networkLocation: /default-rack, certSerialId: null}
2019-09-25 12:07:15,724 [grpc-default-executor-0] INFO  impl.RaftServerProxy (RaftServerProxy.java:addNew(89)) - adef09cc-beb2-487d-a020-ad09efbb3e7f: addNew group-81629A49ADD6:[adef09cc-beb2-487d-a020-ad09efbb3e7f:192.168.30.6:35191] returns group-81629A49ADD6:java.util.concurrent.CompletableFuture@26e2a88f[Not completed]
2019-09-25 12:07:15,744 [pool-27-thread-1] INFO  impl.RaftServerImpl (RaftServerImpl.java:<init>(95)) - adef09cc-beb2-487d-a020-ad09efbb3e7f: new RaftServerImpl for group-81629A49ADD6:[adef09cc-beb2-487d-a020-ad09efbb3e7f:192.168.30.6:35191] with ContainerStateMachine:uninitialized
2019-09-25 12:07:15,747 [pool-27-thread-1] INFO  server.RaftServerConfigKeys (ConfUtils.java:logGet(43)) - raft.server.rpc.timeout.min = 5s (custom)
2019-09-25 12:07:15,748 [pool-27-thread-1] INFO  server.RaftServerConfigKeys (ConfUtils.java:logGet(43)) - raft.server.rpc.timeout.max = 5200ms (custom)
2019-09-25 12:07:15,748 [pool-27-thread-1] INFO  server.RaftServerConfigKeys (ConfUtils.java:logGet(43)) - raft.server.rpcslowness.timeout = 120s (custom)
2019-09-25 12:07:15,750 [pool-27-thread-1] INFO  server.RaftServerConfigKeys (ConfUtils.java:logGet(43)) - raft.server.sleep.deviation.threshold = 300 (default)
2019-09-25 12:07:15,751 [pool-27-thread-1] INFO  server.RaftServerConfigKeys (ConfUtils.java:logGet(43)) - raft.server.log.appender.install.snapshot.enabled = false (custom)
2019-09-25 12:07:15,759 [pool-27-thread-1] INFO  impl.RaftServerImpl (ServerState.java:<init>(103)) - adef09cc-beb2-487d-a020-ad09efbb3e7f@group-81629A49ADD6: ConfigurationManager, init=-1: [adef09cc-beb2-487d-a020-ad09efbb3e7f:192.168.30.6:35191], old=null, confs=<EMPTY_MAP>
2019-09-25 12:07:15,759 [pool-27-thread-1] INFO  server.RaftServerConfigKeys (ConfUtils.java:logGet(43)) - raft.server.storage.dir = [/workdir/hadoop-ozone/tools/target/test-dir/MiniOzoneClusterImpl-6e39606f-4d17-4d5b-8507-ba9bdf76dca7/datanode-0/data/ratis] (custom)
2019-09-25 12:07:15,767 [pool-27-thread-1] INFO  storage.RaftStorageDirectory (RaftStorageDirectory.java:analyzeStorage(246)) - The storage directory /workdir/hadoop-ozone/tools/target/test-dir/MiniOzoneClusterImpl-6e39606f-4d17-4d5b-8507-ba9bdf76dca7/datanode-0/data/ratis/cb9a2d05-0854-4eeb-bfe3-81629a49add6 does not exist. Creating ...
2019-09-25 12:07:15,785 [pool-27-thread-1] INFO  storage.RaftStorageDirectory (RaftStorageDirectory.java:tryLock(328)) - Lock on /workdir/hadoop-ozone/tools/target/test-dir/MiniOzoneClusterImpl-6e39606f-4d17-4d5b-8507-ba9bdf76dca7/datanode-0/data/ratis/cb9a2d05-0854-4eeb-bfe3-81629a49add6/in_use.lock acquired by nodename 17398@pr-hdds-1569-5gmkr-4255264070
2019-09-25 12:07:15,800 [pool-27-thread-1] INFO  storage.RaftStorage (RaftStorage.java:format(72)) - Storage directory /workdir/hadoop-ozone/tools/target/test-dir/MiniOzoneClusterImpl-6e39606f-4d17-4d5b-8507-ba9bdf76dca7/datanode-0/data/ratis/cb9a2d05-0854-4eeb-bfe3-81629a49add6 has been successfully formatted.
2019-09-25 12:07:15,802 [pool-27-thread-1] INFO  ratis.ContainerStateMachine (ContainerStateMachine.java:loadSnapshot(230)) - group-81629A49ADD6: The snapshot info is null. Setting the last applied indexto:(t:0, i:~)
2019-09-25 12:07:15,803 [pool-27-thread-1] INFO  server.RaftServerConfigKeys (ConfUtils.java:logGet(43)) - raft.server.notification.no-leader.timeout = 120s (custom)
2019-09-25 12:07:15,805 [pool-27-thread-1] INFO  server.RaftServerConfigKeys (ConfUtils.java:logGet(43)) - raft.server.log.use.memory = false (default)
2019-09-25 12:07:15,811 [pool-27-thread-1] INFO  server.RaftServerConfigKeys (ConfUtils.java:logGet(43)) - raft.server.log.purge.gap = 1000000 (custom)
2019-09-25 12:07:15,811 [pool-27-thread-1] INFO  server.RaftServerConfigKeys (ConfUtils.java:logGet(43)) - raft.server.log.appender.buffer.byte-limit = 33554432 (custom)
2019-09-25 12:07:15,813 [pool-27-thread-1] INFO  server.RaftServerConfigKeys (ConfUtils.java:logGet(43)) - raft.server.log.segment.size.max = 1048576 (custom)
2019-09-25 12:07:15,817 [pool-27-thread-1] INFO  server.RaftServerConfigKeys (ConfUtils.java:logGet(43)) - raft.server.log.segment.cache.num.max = 2 (custom)
2019-09-25 12:07:15,822 [pool-27-thread-1] INFO  segmented.SegmentedRaftLogWorker (SegmentedRaftLogWorker.java:<init>(172)) - new adef09cc-beb2-487d-a020-ad09efbb3e7f@group-81629A49ADD6-SegmentedRaftLogWorker for RaftStorage:Storage Directory /workdir/hadoop-ozone/tools/target/test-dir/MiniOzoneClusterImpl-6e39606f-4d17-4d5b-8507-ba9bdf76dca7/datanode-0/data/ratis/cb9a2d05-0854-4eeb-bfe3-81629a49add6
2019-09-25 12:07:15,823 [pool-27-thread-1] INFO  impl.MetricsSystemImpl (MetricsSystemImpl.java:init(158)) - ratis metrics system started (again)
2019-09-25 12:07:15,829 [pool-27-thread-1] INFO  metrics.MetricRegistries (MetricRegistriesLoader.java:load(64)) - Loaded MetricRegistries class org.apache.ratis.metrics.impl.MetricRegistriesImpl
2019-09-25 12:07:15,857 [pool-27-thread-1] INFO  server.RaftServerConfigKeys (ConfUtils.java:logGet(43)) - raft.server.log.queue.byte-limit = 2147483647 (custom)
2019-09-25 12:07:15,858 [pool-27-thread-1] INFO  server.RaftServerConfigKeys (ConfUtils.java:logGet(43)) - raft.server.log.queue.element-limit = 1024 (custom)
2019-09-25 12:07:15,861 [pool-27-thread-1] INFO  server.RaftServerConfigKeys (ConfUtils.java:logGet(43)) - raft.server.log.segment.size.max = 1048576 (custom)
2019-09-25 12:07:15,861 [pool-27-thread-1] INFO  server.RaftServerConfigKeys (ConfUtils.java:logGet(43)) - raft.server.log.preallocated.size = 16384 (custom)
2019-09-25 12:07:15,861 [pool-27-thread-1] INFO  server.RaftServerConfigKeys (ConfUtils.java:logGet(43)) - raft.server.log.write.buffer.size = 33554432 (custom)
2019-09-25 12:07:15,862 [pool-27-thread-1] INFO  server.RaftServerConfigKeys (ConfUtils.java:logGet(43)) - raft.server.log.force.sync.num = 128 (default)
2019-09-25 12:07:15,863 [pool-27-thread-1] INFO  server.RaftServerConfigKeys (ConfUtils.java:logGet(43)) - raft.server.log.statemachine.data.sync = true (default)
2019-09-25 12:07:15,863 [pool-27-thread-1] INFO  server.RaftServerConfigKeys (ConfUtils.java:logGet(43)) - raft.server.log.statemachine.data.sync.timeout = 10s (default)
2019-09-25 12:07:15,863 [pool-27-thread-1] INFO  server.RaftServerConfigKeys (ConfUtils.java:logGet(43)) - raft.server.log.statemachine.data.sync.timeout.retry = -1 (default)
2019-09-25 12:07:15,873 [pool-27-thread-1] INFO  server.RaftServerConfigKeys (ConfUtils.java:logGet(43)) - raft.server.log.statemachine.data.caching.enabled = true (custom)
2019-09-25 12:07:15,878 [pool-27-thread-1] INFO  segmented.SegmentedRaftLogWorker (SegmentedRaftLogWorker.java:lambda$new$0(132)) - adef09cc-beb2-487d-a020-ad09efbb3e7f@group-81629A49ADD6-SegmentedRaftLogWorker: flushIndex: setUnconditionally 0 -> -1
2019-09-25 12:07:15,882 [pool-27-thread-1] INFO  server.RaftServerConfigKeys (ConfUtils.java:logGet(43)) - raft.server.snapshot.auto.trigger.enabled = true (custom)
2019-09-25 12:07:15,883 [pool-27-thread-1] INFO  server.RaftServerConfigKeys (ConfUtils.java:logGet(43)) - raft.server.snapshot.auto.trigger.threshold = 10000 (custom)
2019-09-25 12:07:15,883 [pool-27-thread-1] INFO  server.RaftServerConfigKeys (ConfUtils.java:logGet(43)) - raft.server.snapshot.retention.num.files = 5 (custom)
2019-09-25 12:07:15,884 [pool-27-thread-1] INFO  server.RaftServerConfigKeys (ConfUtils.java:logGet(43)) - raft.server.retrycache.expirytime = 600000ms (custom)
2019-09-25 12:07:15,909 [pool-27-thread-1] INFO  impl.RaftServerImpl (RaftServerImpl.java:start(185)) - adef09cc-beb2-487d-a020-ad09efbb3e7f@group-81629A49ADD6: start as a follower, conf=-1: [adef09cc-beb2-487d-a020-ad09efbb3e7f:192.168.30.6:35191], old=null
2019-09-25 12:07:15,910 [pool-27-thread-1] INFO  impl.RaftServerImpl (RaftServerImpl.java:setRole(174)) - adef09cc-beb2-487d-a020-ad09efbb3e7f@group-81629A49ADD6: changes role from      null to FOLLOWER at term 0 for startAsFollower
2019-09-25 12:07:15,911 [pool-27-thread-1] INFO  impl.RoleInfo (RoleInfo.java:updateAndGet(143)) - adef09cc-beb2-487d-a020-ad09efbb3e7f: start FollowerState
2019-09-25 12:07:15,913 [pool-27-thread-1] INFO  util.JmxRegister (JmxRegister.java:tryRegister(44)) - Successfully registered JMX Bean with object name Ratis:service=RaftServer,group=group-81629A49ADD6,id=adef09cc-beb2-487d-a020-ad09efbb3e7f
2019-09-25 12:07:15,979 [RatisPipelineUtilsThread] INFO  pipeline.PipelineStateManager (PipelineStateManager.java:addPipeline(56)) - Created pipeline Pipeline[ Id: cb9a2d05-0854-4eeb-bfe3-81629a49add6, Nodes: adef09cc-beb2-487d-a020-ad09efbb3e7f{ip: 192.168.30.6, host: pr-hdds-1569-5gmkr-4255264070, networkLocation: /default-rack, certSerialId: null}, Type:RATIS, Factor:ONE, State:OPEN]
2019-09-25 12:07:16,000 [grpc-default-executor-0] INFO  impl.RaftServerProxy (RaftServerProxy.java:addNew(89)) - 90a5e23b-d3dc-4a6b-9838-81ba7f1d625e: addNew group-8CDA0846DBD3:[90a5e23b-d3dc-4a6b-9838-81ba7f1d625e:192.168.30.6:36629] returns group-8CDA0846DBD3:java.util.concurrent.CompletableFuture@2231229c[Not completed]
2019-09-25 12:07:16,022 [pool-37-thread-1] INFO  impl.RaftServerImpl (RaftServerImpl.java:<init>(95)) - 90a5e23b-d3dc-4a6b-9838-81ba7f1d625e: new RaftServerImpl for group-8CDA0846DBD3:[90a5e23b-d3dc-4a6b-9838-81ba7f1d625e:192.168.30.6:36629] with ContainerStateMachine:uninitialized
2019-09-25 12:07:16,023 [pool-37-thread-1] INFO  server.RaftServerConfigKeys (ConfUtils.java:logGet(43)) - raft.server.rpc.timeout.min = 5s (custom)
2019-09-25 12:07:16,023 [pool-37-thread-1] INFO  server.RaftServerConfigKeys (ConfUtils.java:logGet(43)) - raft.server.rpc.timeout.max = 5200ms (custom)
2019-09-25 12:07:16,023 [pool-37-thread-1] INFO  server.RaftServerConfigKeys (ConfUtils.java:logGet(43)) - raft.server.rpcslowness.timeout = 120s (custom)
2019-09-25 12:07:16,024 [pool-37-thread-1] INFO  server.RaftServerConfigKeys (ConfUtils.java:logGet(43)) - raft.server.sleep.deviation.threshold = 300 (default)
2019-09-25 12:07:16,024 [pool-37-thread-1] INFO  server.RaftServerConfigKeys (ConfUtils.java:logGet(43)) - raft.server.log.appender.install.snapshot.enabled = false (custom)
2019-09-25 12:07:16,024 [pool-37-thread-1] INFO  impl.RaftServerImpl (ServerState.java:<init>(103)) - 90a5e23b-d3dc-4a6b-9838-81ba7f1d625e@group-8CDA0846DBD3: ConfigurationManager, init=-1: [90a5e23b-d3dc-4a6b-9838-81ba7f1d625e:192.168.30.6:36629], old=null, confs=<EMPTY_MAP>
2019-09-25 12:07:16,024 [pool-37-thread-1] INFO  server.RaftServerConfigKeys (ConfUtils.java:logGet(43)) - raft.server.storage.dir = [/workdir/hadoop-ozone/tools/target/test-dir/MiniOzoneClusterImpl-6e39606f-4d17-4d5b-8507-ba9bdf76dca7/datanode-1/data/ratis] (custom)
2019-09-25 12:07:16,024 [pool-37-thread-1] INFO  storage.RaftStorageDirectory (RaftStorageDirectory.java:analyzeStorage(246)) - The storage directory /workdir/hadoop-ozone/tools/target/test-dir/MiniOzoneClusterImpl-6e39606f-4d17-4d5b-8507-ba9bdf76dca7/datanode-1/data/ratis/6ef45907-d6fe-4c9e-ab30-8cda0846dbd3 does not exist. Creating ...
2019-09-25 12:07:16,038 [pool-37-thread-1] INFO  storage.RaftStorageDirectory (RaftStorageDirectory.java:tryLock(328)) - Lock on /workdir/hadoop-ozone/tools/target/test-dir/MiniOzoneClusterImpl-6e39606f-4d17-4d5b-8507-ba9bdf76dca7/datanode-1/data/ratis/6ef45907-d6fe-4c9e-ab30-8cda0846dbd3/in_use.lock acquired by nodename 17398@pr-hdds-1569-5gmkr-4255264070
2019-09-25 12:07:16,055 [pool-37-thread-1] INFO  storage.RaftStorage (RaftStorage.java:format(72)) - Storage directory /workdir/hadoop-ozone/tools/target/test-dir/MiniOzoneClusterImpl-6e39606f-4d17-4d5b-8507-ba9bdf76dca7/datanode-1/data/ratis/6ef45907-d6fe-4c9e-ab30-8cda0846dbd3 has been successfully formatted.
2019-09-25 12:07:16,055 [pool-37-thread-1] INFO  ratis.ContainerStateMachine (ContainerStateMachine.java:loadSnapshot(230)) - group-8CDA0846DBD3: The snapshot info is null. Setting the last applied indexto:(t:0, i:~)
2019-09-25 12:07:16,056 [pool-37-thread-1] INFO  server.RaftServerConfigKeys (ConfUtils.java:logGet(43)) - raft.server.notification.no-leader.timeout = 120s (custom)
2019-09-25 12:07:16,056 [pool-37-thread-1] INFO  server.RaftServerConfigKeys (ConfUtils.java:logGet(43)) - raft.server.log.use.memory = false (default)
2019-09-25 12:07:16,056 [pool-37-thread-1] INFO  server.RaftServerConfigKeys (ConfUtils.java:logGet(43)) - raft.server.log.purge.gap = 1000000 (custom)
2019-09-25 12:07:16,057 [pool-37-thread-1] INFO  server.RaftServerConfigKeys (ConfUtils.java:logGet(43)) - raft.server.log.appender.buffer.byte-limit = 33554432 (custom)
2019-09-25 12:07:16,057 [pool-37-thread-1] INFO  server.RaftServerConfigKeys (ConfUtils.java:logGet(43)) - raft.server.log.segment.size.max = 1048576 (custom)
2019-09-25 12:07:16,057 [pool-37-thread-1] INFO  server.RaftServerConfigKeys (ConfUtils.java:logGet(43)) - raft.server.log.segment.cache.num.max = 2 (custom)
2019-09-25 12:07:16,057 [pool-37-thread-1] INFO  segmented.SegmentedRaftLogWorker (SegmentedRaftLogWorker.java:<init>(172)) - new 90a5e23b-d3dc-4a6b-9838-81ba7f1d625e@group-8CDA0846DBD3-SegmentedRaftLogWorker for RaftStorage:Storage Directory /workdir/hadoop-ozone/tools/target/test-dir/MiniOzoneClusterImpl-6e39606f-4d17-4d5b-8507-ba9bdf76dca7/datanode-1/data/ratis/6ef45907-d6fe-4c9e-ab30-8cda0846dbd3
2019-09-25 12:07:16,062 [pool-37-thread-1] INFO  server.RaftServerConfigKeys (ConfUtils.java:logGet(43)) - raft.server.log.queue.byte-limit = 2147483647 (custom)
2019-09-25 12:07:16,062 [pool-37-thread-1] INFO  server.RaftServerConfigKeys (ConfUtils.java:logGet(43)) - raft.server.log.queue.element-limit = 1024 (custom)
2019-09-25 12:07:16,062 [pool-37-thread-1] INFO  server.RaftServerConfigKeys (ConfUtils.java:logGet(43)) - raft.server.log.segment.size.max = 1048576 (custom)
2019-09-25 12:07:16,062 [pool-37-thread-1] INFO  server.RaftServerConfigKeys (ConfUtils.java:logGet(43)) - raft.server.log.preallocated.size = 16384 (custom)
2019-09-25 12:07:16,062 [pool-37-thread-1] INFO  server.RaftServerConfigKeys (ConfUtils.java:logGet(43)) - raft.server.log.write.buffer.size = 33554432 (custom)
2019-09-25 12:07:16,062 [pool-37-thread-1] INFO  server.RaftServerConfigKeys (ConfUtils.java:logGet(43)) - raft.server.log.force.sync.num = 128 (default)
2019-09-25 12:07:16,063 [pool-37-thread-1] INFO  server.RaftServerConfigKeys (ConfUtils.java:logGet(43)) - raft.server.log.statemachine.data.sync = true (default)
2019-09-25 12:07:16,063 [pool-37-thread-1] INFO  server.RaftServerConfigKeys (ConfUtils.java:logGet(43)) - raft.server.log.statemachine.data.sync.timeout = 10s (default)
2019-09-25 12:07:16,063 [pool-37-thread-1] INFO  server.RaftServerConfigKeys (ConfUtils.java:logGet(43)) - raft.server.log.statemachine.data.sync.timeout.retry = -1 (default)
2019-09-25 12:07:16,063 [pool-37-thread-1] INFO  server.RaftServerConfigKeys (ConfUtils.java:logGet(43)) - raft.server.log.statemachine.data.caching.enabled = true (custom)
2019-09-25 12:07:16,063 [pool-37-thread-1] INFO  segmented.SegmentedRaftLogWorker (SegmentedRaftLogWorker.java:lambda$new$0(132)) - 90a5e23b-d3dc-4a6b-9838-81ba7f1d625e@group-8CDA0846DBD3-SegmentedRaftLogWorker: flushIndex: setUnconditionally 0 -> -1
2019-09-25 12:07:16,064 [pool-37-thread-1] INFO  server.RaftServerConfigKeys (ConfUtils.java:logGet(43)) - raft.server.snapshot.auto.trigger.enabled = true (custom)
2019-09-25 12:07:16,064 [pool-37-thread-1] INFO  server.RaftServerConfigKeys (ConfUtils.java:logGet(43)) - raft.server.snapshot.auto.trigger.threshold = 10000 (custom)
2019-09-25 12:07:16,064 [pool-37-thread-1] INFO  server.RaftServerConfigKeys (ConfUtils.java:logGet(43)) - raft.server.snapshot.retention.num.files = 5 (custom)
2019-09-25 12:07:16,064 [pool-37-thread-1] INFO  server.RaftServerConfigKeys (ConfUtils.java:logGet(43)) - raft.server.retrycache.expirytime = 600000ms (custom)
2019-09-25 12:07:16,068 [pool-37-thread-1] INFO  impl.RaftServerImpl (RaftServerImpl.java:start(185)) - 90a5e23b-d3dc-4a6b-9838-81ba7f1d625e@group-8CDA0846DBD3: start as a follower, conf=-1: [90a5e23b-d3dc-4a6b-9838-81ba7f1d625e:192.168.30.6:36629], old=null
2019-09-25 12:07:16,068 [pool-37-thread-1] INFO  impl.RaftServerImpl (RaftServerImpl.java:setRole(174)) - 90a5e23b-d3dc-4a6b-9838-81ba7f1d625e@group-8CDA0846DBD3: changes role from      null to FOLLOWER at term 0 for startAsFollower
2019-09-25 12:07:16,068 [pool-37-thread-1] INFO  impl.RoleInfo (RoleInfo.java:updateAndGet(143)) - 90a5e23b-d3dc-4a6b-9838-81ba7f1d625e: start FollowerState
2019-09-25 12:07:16,069 [pool-37-thread-1] INFO  util.JmxRegister (JmxRegister.java:tryRegister(44)) - Successfully registered JMX Bean with object name Ratis:service=RaftServer,group=group-8CDA0846DBD3,id=90a5e23b-d3dc-4a6b-9838-81ba7f1d625e
2019-09-25 12:07:16,079 [RatisPipelineUtilsThread] INFO  pipeline.PipelineStateManager (PipelineStateManager.java:addPipeline(56)) - Created pipeline Pipeline[ Id: 6ef45907-d6fe-4c9e-ab30-8cda0846dbd3, Nodes: 90a5e23b-d3dc-4a6b-9838-81ba7f1d625e{ip: 192.168.30.6, host: pr-hdds-1569-5gmkr-4255264070, networkLocation: /default-rack, certSerialId: null}, Type:RATIS, Factor:ONE, State:OPEN]
2019-09-25 12:07:16,095 [grpc-default-executor-0] INFO  impl.RaftServerProxy (RaftServerProxy.java:addNew(89)) - a4c605ab-ce77-4bc9-be78-a28a748a3237: addNew group-89B120913E88:[a4c605ab-ce77-4bc9-be78-a28a748a3237:192.168.30.6:37168] returns group-89B120913E88:java.util.concurrent.CompletableFuture@2be7a7ac[Not completed]
2019-09-25 12:07:16,108 [pool-47-thread-1] INFO  impl.RaftServerImpl (RaftServerImpl.java:<init>(95)) - a4c605ab-ce77-4bc9-be78-a28a748a3237: new RaftServerImpl for group-89B120913E88:[a4c605ab-ce77-4bc9-be78-a28a748a3237:192.168.30.6:37168] with ContainerStateMachine:uninitialized
2019-09-25 12:07:16,109 [pool-47-thread-1] INFO  server.RaftServerConfigKeys (ConfUtils.java:logGet(43)) - raft.server.rpc.timeout.min = 5s (custom)
2019-09-25 12:07:16,109 [pool-47-thread-1] INFO  server.RaftServerConfigKeys (ConfUtils.java:logGet(43)) - raft.server.rpc.timeout.max = 5200ms (custom)
2019-09-25 12:07:16,109 [pool-47-thread-1] INFO  server.RaftServerConfigKeys (ConfUtils.java:logGet(43)) - raft.server.rpcslowness.timeout = 120s (custom)
2019-09-25 12:07:16,109 [pool-47-thread-1] INFO  server.RaftServerConfigKeys (ConfUtils.java:logGet(43)) - raft.server.sleep.deviation.threshold = 300 (default)
2019-09-25 12:07:16,110 [pool-47-thread-1] INFO  server.RaftServerConfigKeys (ConfUtils.java:logGet(43)) - raft.server.log.appender.install.snapshot.enabled = false (custom)
2019-09-25 12:07:16,110 [pool-47-thread-1] INFO  impl.RaftServerImpl (ServerState.java:<init>(103)) - a4c605ab-ce77-4bc9-be78-a28a748a3237@group-89B120913E88: ConfigurationManager, init=-1: [a4c605ab-ce77-4bc9-be78-a28a748a3237:192.168.30.6:37168], old=null, confs=<EMPTY_MAP>
2019-09-25 12:07:16,110 [pool-47-thread-1] INFO  server.RaftServerConfigKeys (ConfUtils.java:logGet(43)) - raft.server.storage.dir = [/workdir/hadoop-ozone/tools/target/test-dir/MiniOzoneClusterImpl-6e39606f-4d17-4d5b-8507-ba9bdf76dca7/datanode-2/data/ratis] (custom)
2019-09-25 12:07:16,111 [pool-47-thread-1] INFO  storage.RaftStorageDirectory (RaftStorageDirectory.java:analyzeStorage(246)) - The storage directory /workdir/hadoop-ozone/tools/target/test-dir/MiniOzoneClusterImpl-6e39606f-4d17-4d5b-8507-ba9bdf76dca7/datanode-2/data/ratis/5e9617b9-5dd3-43d1-94db-89b120913e88 does not exist. Creating ...
2019-09-25 12:07:16,124 [pool-47-thread-1] INFO  storage.RaftStorageDirectory (RaftStorageDirectory.java:tryLock(328)) - Lock on /workdir/hadoop-ozone/tools/target/test-dir/MiniOzoneClusterImpl-6e39606f-4d17-4d5b-8507-ba9bdf76dca7/datanode-2/data/ratis/5e9617b9-5dd3-43d1-94db-89b120913e88/in_use.lock acquired by nodename 17398@pr-hdds-1569-5gmkr-4255264070
2019-09-25 12:07:16,138 [pool-47-thread-1] INFO  storage.RaftStorage (RaftStorage.java:format(72)) - Storage directory /workdir/hadoop-ozone/tools/target/test-dir/MiniOzoneClusterImpl-6e39606f-4d17-4d5b-8507-ba9bdf76dca7/datanode-2/data/ratis/5e9617b9-5dd3-43d1-94db-89b120913e88 has been successfully formatted.
2019-09-25 12:07:16,138 [pool-47-thread-1] INFO  ratis.ContainerStateMachine (ContainerStateMachine.java:loadSnapshot(230)) - group-89B120913E88: The snapshot info is null. Setting the last applied indexto:(t:0, i:~)
2019-09-25 12:07:16,138 [pool-47-thread-1] INFO  server.RaftServerConfigKeys (ConfUtils.java:logGet(43)) - raft.server.notification.no-leader.timeout = 120s (custom)
2019-09-25 12:07:16,139 [pool-47-thread-1] INFO  server.RaftServerConfigKeys (ConfUtils.java:logGet(43)) - raft.server.log.use.memory = false (default)
2019-09-25 12:07:16,139 [pool-47-thread-1] INFO  server.RaftServerConfigKeys (ConfUtils.java:logGet(43)) - raft.server.log.purge.gap = 1000000 (custom)
2019-09-25 12:07:16,139 [pool-47-thread-1] INFO  server.RaftServerConfigKeys (ConfUtils.java:logGet(43)) - raft.server.log.appender.buffer.byte-limit = 33554432 (custom)
2019-09-25 12:07:16,139 [pool-47-thread-1] INFO  server.RaftServerConfigKeys (ConfUtils.java:logGet(43)) - raft.server.log.segment.size.max = 1048576 (custom)
2019-09-25 12:07:16,140 [pool-47-thread-1] INFO  server.RaftServerConfigKeys (ConfUtils.java:logGet(43)) - raft.server.log.segment.cache.num.max = 2 (custom)
2019-09-25 12:07:16,140 [pool-47-thread-1] INFO  segmented.SegmentedRaftLogWorker (SegmentedRaftLogWorker.java:<init>(172)) - new a4c605ab-ce77-4bc9-be78-a28a748a3237@group-89B120913E88-SegmentedRaftLogWorker for RaftStorage:Storage Directory /workdir/hadoop-ozone/tools/target/test-dir/MiniOzoneClusterImpl-6e39606f-4d17-4d5b-8507-ba9bdf76dca7/datanode-2/data/ratis/5e9617b9-5dd3-43d1-94db-89b120913e88
2019-09-25 12:07:16,158 [pool-47-thread-1] INFO  server.RaftServerConfigKeys (ConfUtils.java:logGet(43)) - raft.server.log.queue.byte-limit = 2147483647 (custom)
2019-09-25 12:07:16,159 [pool-47-thread-1] INFO  server.RaftServerConfigKeys (ConfUtils.java:logGet(43)) - raft.server.log.queue.element-limit = 1024 (custom)
2019-09-25 12:07:16,159 [pool-47-thread-1] INFO  server.RaftServerConfigKeys (ConfUtils.java:logGet(43)) - raft.server.log.segment.size.max = 1048576 (custom)
2019-09-25 12:07:16,159 [pool-47-thread-1] INFO  server.RaftServerConfigKeys (ConfUtils.java:logGet(43)) - raft.server.log.preallocated.size = 16384 (custom)
2019-09-25 12:07:16,159 [pool-47-thread-1] INFO  server.RaftServerConfigKeys (ConfUtils.java:logGet(43)) - raft.server.log.write.buffer.size = 33554432 (custom)
2019-09-25 12:07:16,159 [pool-47-thread-1] INFO  server.RaftServerConfigKeys (ConfUtils.java:logGet(43)) - raft.server.log.force.sync.num = 128 (default)
2019-09-25 12:07:16,160 [pool-47-thread-1] INFO  server.RaftServerConfigKeys (ConfUtils.java:logGet(43)) - raft.server.log.statemachine.data.sync = true (default)
2019-09-25 12:07:16,160 [pool-47-thread-1] INFO  server.RaftServerConfigKeys (ConfUtils.java:logGet(43)) - raft.server.log.statemachine.data.sync.timeout = 10s (default)
2019-09-25 12:07:16,160 [pool-47-thread-1] INFO  server.RaftServerConfigKeys (ConfUtils.java:logGet(43)) - raft.server.log.statemachine.data.sync.timeout.retry = -1 (default)
2019-09-25 12:07:16,161 [pool-47-thread-1] INFO  server.RaftServerConfigKeys (ConfUtils.java:logGet(43)) - raft.server.log.statemachine.data.caching.enabled = true (custom)
2019-09-25 12:07:16,161 [pool-47-thread-1] INFO  segmented.SegmentedRaftLogWorker (SegmentedRaftLogWorker.java:lambda$new$0(132)) - a4c605ab-ce77-4bc9-be78-a28a748a3237@group-89B120913E88-SegmentedRaftLogWorker: flushIndex: setUnconditionally 0 -> -1
2019-09-25 12:07:16,161 [pool-47-thread-1] INFO  server.RaftServerConfigKeys (ConfUtils.java:logGet(43)) - raft.server.snapshot.auto.trigger.enabled = true (custom)
2019-09-25 12:07:16,161 [pool-47-thread-1] INFO  server.RaftServerConfigKeys (ConfUtils.java:logGet(43)) - raft.server.snapshot.auto.trigger.threshold = 10000 (custom)
2019-09-25 12:07:16,162 [pool-47-thread-1] INFO  server.RaftServerConfigKeys (ConfUtils.java:logGet(43)) - raft.server.snapshot.retention.num.files = 5 (custom)
2019-09-25 12:07:16,162 [pool-47-thread-1] INFO  server.RaftServerConfigKeys (ConfUtils.java:logGet(43)) - raft.server.retrycache.expirytime = 600000ms (custom)
2019-09-25 12:07:16,167 [pool-47-thread-1] INFO  impl.RaftServerImpl (RaftServerImpl.java:start(185)) - a4c605ab-ce77-4bc9-be78-a28a748a3237@group-89B120913E88: start as a follower, conf=-1: [a4c605ab-ce77-4bc9-be78-a28a748a3237:192.168.30.6:37168], old=null
2019-09-25 12:07:16,168 [pool-47-thread-1] INFO  impl.RaftServerImpl (RaftServerImpl.java:setRole(174)) - a4c605ab-ce77-4bc9-be78-a28a748a3237@group-89B120913E88: changes role from      null to FOLLOWER at term 0 for startAsFollower
2019-09-25 12:07:16,168 [pool-47-thread-1] INFO  impl.RoleInfo (RoleInfo.java:updateAndGet(143)) - a4c605ab-ce77-4bc9-be78-a28a748a3237: start FollowerState
2019-09-25 12:07:16,168 [pool-47-thread-1] INFO  util.JmxRegister (JmxRegister.java:tryRegister(44)) - Successfully registered JMX Bean with object name Ratis:service=RaftServer,group=group-89B120913E88,id=a4c605ab-ce77-4bc9-be78-a28a748a3237
2019-09-25 12:07:16,177 [RatisPipelineUtilsThread] INFO  pipeline.PipelineStateManager (PipelineStateManager.java:addPipeline(56)) - Created pipeline Pipeline[ Id: 5e9617b9-5dd3-43d1-94db-89b120913e88, Nodes: a4c605ab-ce77-4bc9-be78-a28a748a3237{ip: 192.168.30.6, host: pr-hdds-1569-5gmkr-4255264070, networkLocation: /default-rack, certSerialId: null}, Type:RATIS, Factor:ONE, State:OPEN]
2019-09-25 12:07:16,189 [grpc-default-executor-0] INFO  impl.RaftServerProxy (RaftServerProxy.java:addNew(89)) - 90a5e23b-d3dc-4a6b-9838-81ba7f1d625e: addNew group-4BC6A8F22355:[90a5e23b-d3dc-4a6b-9838-81ba7f1d625e:192.168.30.6:36629] returns group-4BC6A8F22355:java.util.concurrent.CompletableFuture@2dcb5a1[Not completed]
2019-09-25 12:07:16,191 [pool-37-thread-1] INFO  impl.RaftServerImpl (RaftServerImpl.java:<init>(95)) - 90a5e23b-d3dc-4a6b-9838-81ba7f1d625e: new RaftServerImpl for group-4BC6A8F22355:[90a5e23b-d3dc-4a6b-9838-81ba7f1d625e:192.168.30.6:36629] with ContainerStateMachine:uninitialized
2019-09-25 12:07:16,191 [pool-37-thread-1] INFO  server.RaftServerConfigKeys (ConfUtils.java:logGet(43)) - raft.server.rpc.timeout.min = 5s (custom)
2019-09-25 12:07:16,191 [pool-37-thread-1] INFO  server.RaftServerConfigKeys (ConfUtils.java:logGet(43)) - raft.server.rpc.timeout.max = 5200ms (custom)
2019-09-25 12:07:16,191 [pool-37-thread-1] INFO  server.RaftServerConfigKeys (ConfUtils.java:logGet(43)) - raft.server.rpcslowness.timeout = 120s (custom)
2019-09-25 12:07:16,191 [pool-37-thread-1] INFO  server.RaftServerConfigKeys (ConfUtils.java:logGet(43)) - raft.server.sleep.deviation.threshold = 300 (default)
2019-09-25 12:07:16,191 [pool-37-thread-1] INFO  server.RaftServerConfigKeys (ConfUtils.java:logGet(43)) - raft.server.log.appender.install.snapshot.enabled = false (custom)
2019-09-25 12:07:16,192 [pool-37-thread-1] INFO  impl.RaftServerImpl (ServerState.java:<init>(103)) - 90a5e23b-d3dc-4a6b-9838-81ba7f1d625e@group-4BC6A8F22355: ConfigurationManager, init=-1: [90a5e23b-d3dc-4a6b-9838-81ba7f1d625e:192.168.30.6:36629], old=null, confs=<EMPTY_MAP>
2019-09-25 12:07:16,192 [pool-37-thread-1] INFO  server.RaftServerConfigKeys (ConfUtils.java:logGet(43)) - raft.server.storage.dir = [/workdir/hadoop-ozone/tools/target/test-dir/MiniOzoneClusterImpl-6e39606f-4d17-4d5b-8507-ba9bdf76dca7/datanode-1/data/ratis] (custom)
2019-09-25 12:07:16,192 [pool-37-thread-1] INFO  storage.RaftStorageDirectory (RaftStorageDirectory.java:analyzeStorage(246)) - The storage directory /workdir/hadoop-ozone/tools/target/test-dir/MiniOzoneClusterImpl-6e39606f-4d17-4d5b-8507-ba9bdf76dca7/datanode-1/data/ratis/75041d96-c503-4f8a-9596-4bc6a8f22355 does not exist. Creating ...
2019-09-25 12:07:16,205 [pool-37-thread-1] INFO  storage.RaftStorageDirectory (RaftStorageDirectory.java:tryLock(328)) - Lock on /workdir/hadoop-ozone/tools/target/test-dir/MiniOzoneClusterImpl-6e39606f-4d17-4d5b-8507-ba9bdf76dca7/datanode-1/data/ratis/75041d96-c503-4f8a-9596-4bc6a8f22355/in_use.lock acquired by nodename 17398@pr-hdds-1569-5gmkr-4255264070
2019-09-25 12:07:16,218 [pool-37-thread-1] INFO  storage.RaftStorage (RaftStorage.java:format(72)) - Storage directory /workdir/hadoop-ozone/tools/target/test-dir/MiniOzoneClusterImpl-6e39606f-4d17-4d5b-8507-ba9bdf76dca7/datanode-1/data/ratis/75041d96-c503-4f8a-9596-4bc6a8f22355 has been successfully formatted.
2019-09-25 12:07:16,218 [pool-37-thread-1] INFO  ratis.ContainerStateMachine (ContainerStateMachine.java:loadSnapshot(230)) - group-4BC6A8F22355: The snapshot info is null. Setting the last applied indexto:(t:0, i:~)
2019-09-25 12:07:16,218 [pool-37-thread-1] INFO  server.RaftServerConfigKeys (ConfUtils.java:logGet(43)) - raft.server.notification.no-leader.timeout = 120s (custom)
2019-09-25 12:07:16,219 [pool-37-thread-1] INFO  server.RaftServerConfigKeys (ConfUtils.java:logGet(43)) - raft.server.log.use.memory = false (default)
2019-09-25 12:07:16,219 [pool-37-thread-1] INFO  server.RaftServerConfigKeys (ConfUtils.java:logGet(43)) - raft.server.log.purge.gap = 1000000 (custom)
2019-09-25 12:07:16,219 [pool-37-thread-1] INFO  server.RaftServerConfigKeys (ConfUtils.java:logGet(43)) - raft.server.log.appender.buffer.byte-limit = 33554432 (custom)
2019-09-25 12:07:16,219 [pool-37-thread-1] INFO  server.RaftServerConfigKeys (ConfUtils.java:logGet(43)) - raft.server.log.segment.size.max = 1048576 (custom)
2019-09-25 12:07:16,219 [pool-37-thread-1] INFO  server.RaftServerConfigKeys (ConfUtils.java:logGet(43)) - raft.server.log.segment.cache.num.max = 2 (custom)
2019-09-25 12:07:16,219 [pool-37-thread-1] INFO  segmented.SegmentedRaftLogWorker (SegmentedRaftLogWorker.java:<init>(172)) - new 90a5e23b-d3dc-4a6b-9838-81ba7f1d625e@group-4BC6A8F22355-SegmentedRaftLogWorker for RaftStorage:Storage Directory /workdir/hadoop-ozone/tools/target/test-dir/MiniOzoneClusterImpl-6e39606f-4d17-4d5b-8507-ba9bdf76dca7/datanode-1/data/ratis/75041d96-c503-4f8a-9596-4bc6a8f22355
2019-09-25 12:07:16,219 [pool-37-thread-1] INFO  server.RaftServerConfigKeys (ConfUtils.java:logGet(43)) - raft.server.log.queue.byte-limit = 2147483647 (custom)
2019-09-25 12:07:16,220 [pool-37-thread-1] INFO  server.RaftServerConfigKeys (ConfUtils.java:logGet(43)) - raft.server.log.queue.element-limit = 1024 (custom)
2019-09-25 12:07:16,220 [pool-37-thread-1] INFO  server.RaftServerConfigKeys (ConfUtils.java:logGet(43)) - raft.server.log.segment.size.max = 1048576 (custom)
2019-09-25 12:07:16,220 [pool-37-thread-1] INFO  server.RaftServerConfigKeys (ConfUtils.java:logGet(43)) - raft.server.log.preallocated.size = 16384 (custom)
2019-09-25 12:07:16,220 [pool-37-thread-1] INFO  server.RaftServerConfigKeys (ConfUtils.java:logGet(43)) - raft.server.log.write.buffer.size = 33554432 (custom)
2019-09-25 12:07:16,220 [pool-37-thread-1] INFO  server.RaftServerConfigKeys (ConfUtils.java:logGet(43)) - raft.server.log.force.sync.num = 128 (default)
2019-09-25 12:07:16,220 [pool-37-thread-1] INFO  server.RaftServerConfigKeys (ConfUtils.java:logGet(43)) - raft.server.log.statemachine.data.sync = true (default)
2019-09-25 12:07:16,220 [pool-37-thread-1] INFO  server.RaftServerConfigKeys (ConfUtils.java:logGet(43)) - raft.server.log.statemachine.data.sync.timeout = 10s (default)
2019-09-25 12:07:16,221 [pool-37-thread-1] INFO  server.RaftServerConfigKeys (ConfUtils.java:logGet(43)) - raft.server.log.statemachine.data.sync.timeout.retry = -1 (default)
2019-09-25 12:07:16,221 [pool-37-thread-1] INFO  server.RaftServerConfigKeys (ConfUtils.java:logGet(43)) - raft.server.log.statemachine.data.caching.enabled = true (custom)
2019-09-25 12:07:16,221 [pool-37-thread-1] INFO  segmented.SegmentedRaftLogWorker (SegmentedRaftLogWorker.java:lambda$new$0(132)) - 90a5e23b-d3dc-4a6b-9838-81ba7f1d625e@group-4BC6A8F22355-SegmentedRaftLogWorker: flushIndex: setUnconditionally 0 -> -1
2019-09-25 12:07:16,221 [pool-37-thread-1] INFO  server.RaftServerConfigKeys (ConfUtils.java:logGet(43)) - raft.server.snapshot.auto.trigger.enabled = true (custom)
2019-09-25 12:07:16,221 [pool-37-thread-1] INFO  server.RaftServerConfigKeys (ConfUtils.java:logGet(43)) - raft.server.snapshot.auto.trigger.threshold = 10000 (custom)
2019-09-25 12:07:16,222 [pool-37-thread-1] INFO  server.RaftServerConfigKeys (ConfUtils.java:logGet(43)) - raft.server.snapshot.retention.num.files = 5 (custom)
2019-09-25 12:07:16,222 [pool-37-thread-1] INFO  server.RaftServerConfigKeys (ConfUtils.java:logGet(43)) - raft.server.retrycache.expirytime = 600000ms (custom)
2019-09-25 12:07:16,225 [pool-37-thread-1] INFO  impl.RaftServerImpl (RaftServerImpl.java:start(185)) - 90a5e23b-d3dc-4a6b-9838-81ba7f1d625e@group-4BC6A8F22355: start as a follower, conf=-1: [90a5e23b-d3dc-4a6b-9838-81ba7f1d625e:192.168.30.6:36629], old=null
2019-09-25 12:07:16,226 [pool-37-thread-1] INFO  impl.RaftServerImpl (RaftServerImpl.java:setRole(174)) - 90a5e23b-d3dc-4a6b-9838-81ba7f1d625e@group-4BC6A8F22355: changes role from      null to FOLLOWER at term 0 for startAsFollower
2019-09-25 12:07:16,226 [pool-37-thread-1] INFO  impl.RoleInfo (RoleInfo.java:updateAndGet(143)) - 90a5e23b-d3dc-4a6b-9838-81ba7f1d625e: start FollowerState
2019-09-25 12:07:16,226 [pool-37-thread-1] INFO  util.JmxRegister (JmxRegister.java:tryRegister(44)) - Successfully registered JMX Bean with object name Ratis:service=RaftServer,group=group-4BC6A8F22355,id=90a5e23b-d3dc-4a6b-9838-81ba7f1d625e
2019-09-25 12:07:16,235 [RatisPipelineUtilsThread] INFO  pipeline.PipelineStateManager (PipelineStateManager.java:addPipeline(56)) - Created pipeline Pipeline[ Id: 75041d96-c503-4f8a-9596-4bc6a8f22355, Nodes: 90a5e23b-d3dc-4a6b-9838-81ba7f1d625e{ip: 192.168.30.6, host: pr-hdds-1569-5gmkr-4255264070, networkLocation: /default-rack, certSerialId: null}, Type:RATIS, Factor:ONE, State:OPEN]
2019-09-25 12:07:16,247 [grpc-default-executor-0] INFO  impl.RaftServerProxy (RaftServerProxy.java:addNew(89)) - a4c605ab-ce77-4bc9-be78-a28a748a3237: addNew group-B8107583E979:[a4c605ab-ce77-4bc9-be78-a28a748a3237:192.168.30.6:37168] returns group-B8107583E979:java.util.concurrent.CompletableFuture@13782a26[Not completed]
2019-09-25 12:07:16,248 [pool-47-thread-1] INFO  impl.RaftServerImpl (RaftServerImpl.java:<init>(95)) - a4c605ab-ce77-4bc9-be78-a28a748a3237: new RaftServerImpl for group-B8107583E979:[a4c605ab-ce77-4bc9-be78-a28a748a3237:192.168.30.6:37168] with ContainerStateMachine:uninitialized
2019-09-25 12:07:16,248 [pool-47-thread-1] INFO  server.RaftServerConfigKeys (ConfUtils.java:logGet(43)) - raft.server.rpc.timeout.min = 5s (custom)
2019-09-25 12:07:16,249 [pool-47-thread-1] INFO  server.RaftServerConfigKeys (ConfUtils.java:logGet(43)) - raft.server.rpc.timeout.max = 5200ms (custom)
2019-09-25 12:07:16,249 [pool-47-thread-1] INFO  server.RaftServerConfigKeys (ConfUtils.java:logGet(43)) - raft.server.rpcslowness.timeout = 120s (custom)
2019-09-25 12:07:16,249 [pool-47-thread-1] INFO  server.RaftServerConfigKeys (ConfUtils.java:logGet(43)) - raft.server.sleep.deviation.threshold = 300 (default)
2019-09-25 12:07:16,249 [pool-47-thread-1] INFO  server.RaftServerConfigKeys (ConfUtils.java:logGet(43)) - raft.server.log.appender.install.snapshot.enabled = false (custom)
2019-09-25 12:07:16,249 [pool-47-thread-1] INFO  impl.RaftServerImpl (ServerState.java:<init>(103)) - a4c605ab-ce77-4bc9-be78-a28a748a3237@group-B8107583E979: ConfigurationManager, init=-1: [a4c605ab-ce77-4bc9-be78-a28a748a3237:192.168.30.6:37168], old=null, confs=<EMPTY_MAP>
2019-09-25 12:07:16,249 [pool-47-thread-1] INFO  server.RaftServerConfigKeys (ConfUtils.java:logGet(43)) - raft.server.storage.dir = [/workdir/hadoop-ozone/tools/target/test-dir/MiniOzoneClusterImpl-6e39606f-4d17-4d5b-8507-ba9bdf76dca7/datanode-2/data/ratis] (custom)
2019-09-25 12:07:16,250 [pool-47-thread-1] INFO  storage.RaftStorageDirectory (RaftStorageDirectory.java:analyzeStorage(246)) - The storage directory /workdir/hadoop-ozone/tools/target/test-dir/MiniOzoneClusterImpl-6e39606f-4d17-4d5b-8507-ba9bdf76dca7/datanode-2/data/ratis/4f3bc3b5-d38d-4a10-946b-b8107583e979 does not exist. Creating ...
2019-09-25 12:07:16,262 [pool-47-thread-1] INFO  storage.RaftStorageDirectory (RaftStorageDirectory.java:tryLock(328)) - Lock on /workdir/hadoop-ozone/tools/target/test-dir/MiniOzoneClusterImpl-6e39606f-4d17-4d5b-8507-ba9bdf76dca7/datanode-2/data/ratis/4f3bc3b5-d38d-4a10-946b-b8107583e979/in_use.lock acquired by nodename 17398@pr-hdds-1569-5gmkr-4255264070
2019-09-25 12:07:16,276 [pool-47-thread-1] INFO  storage.RaftStorage (RaftStorage.java:format(72)) - Storage directory /workdir/hadoop-ozone/tools/target/test-dir/MiniOzoneClusterImpl-6e39606f-4d17-4d5b-8507-ba9bdf76dca7/datanode-2/data/ratis/4f3bc3b5-d38d-4a10-946b-b8107583e979 has been successfully formatted.
2019-09-25 12:07:16,276 [pool-47-thread-1] INFO  ratis.ContainerStateMachine (ContainerStateMachine.java:loadSnapshot(230)) - group-B8107583E979: The snapshot info is null. Setting the last applied indexto:(t:0, i:~)
2019-09-25 12:07:16,276 [pool-47-thread-1] INFO  server.RaftServerConfigKeys (ConfUtils.java:logGet(43)) - raft.server.notification.no-leader.timeout = 120s (custom)
2019-09-25 12:07:16,276 [pool-47-thread-1] INFO  server.RaftServerConfigKeys (ConfUtils.java:logGet(43)) - raft.server.log.use.memory = false (default)
2019-09-25 12:07:16,276 [pool-47-thread-1] INFO  server.RaftServerConfigKeys (ConfUtils.java:logGet(43)) - raft.server.log.purge.gap = 1000000 (custom)
2019-09-25 12:07:16,276 [pool-47-thread-1] INFO  server.RaftServerConfigKeys (ConfUtils.java:logGet(43)) - raft.server.log.appender.buffer.byte-limit = 33554432 (custom)
2019-09-25 12:07:16,277 [pool-47-thread-1] INFO  server.RaftServerConfigKeys (ConfUtils.java:logGet(43)) - raft.server.log.segment.size.max = 1048576 (custom)
2019-09-25 12:07:16,277 [pool-47-thread-1] INFO  server.RaftServerConfigKeys (ConfUtils.java:logGet(43)) - raft.server.log.segment.cache.num.max = 2 (custom)
2019-09-25 12:07:16,277 [pool-47-thread-1] INFO  segmented.SegmentedRaftLogWorker (SegmentedRaftLogWorker.java:<init>(172)) - new a4c605ab-ce77-4bc9-be78-a28a748a3237@group-B8107583E979-SegmentedRaftLogWorker for RaftStorage:Storage Directory /workdir/hadoop-ozone/tools/target/test-dir/MiniOzoneClusterImpl-6e39606f-4d17-4d5b-8507-ba9bdf76dca7/datanode-2/data/ratis/4f3bc3b5-d38d-4a10-946b-b8107583e979
2019-09-25 12:07:16,277 [pool-47-thread-1] INFO  server.RaftServerConfigKeys (ConfUtils.java:logGet(43)) - raft.server.log.queue.byte-limit = 2147483647 (custom)
2019-09-25 12:07:16,277 [pool-47-thread-1] INFO  server.RaftServerConfigKeys (ConfUtils.java:logGet(43)) - raft.server.log.queue.element-limit = 1024 (custom)
2019-09-25 12:07:16,277 [pool-47-thread-1] INFO  server.RaftServerConfigKeys (ConfUtils.java:logGet(43)) - raft.server.log.segment.size.max = 1048576 (custom)
2019-09-25 12:07:16,277 [pool-47-thread-1] INFO  server.RaftServerConfigKeys (ConfUtils.java:logGet(43)) - raft.server.log.preallocated.size = 16384 (custom)
2019-09-25 12:07:16,277 [pool-47-thread-1] INFO  server.RaftServerConfigKeys (ConfUtils.java:logGet(43)) - raft.server.log.write.buffer.size = 33554432 (custom)
2019-09-25 12:07:16,278 [pool-47-thread-1] INFO  server.RaftServerConfigKeys (ConfUtils.java:logGet(43)) - raft.server.log.force.sync.num = 128 (default)
2019-09-25 12:07:16,278 [pool-47-thread-1] INFO  server.RaftServerConfigKeys (ConfUtils.java:logGet(43)) - raft.server.log.statemachine.data.sync = true (default)
2019-09-25 12:07:16,278 [pool-47-thread-1] INFO  server.RaftServerConfigKeys (ConfUtils.java:logGet(43)) - raft.server.log.statemachine.data.sync.timeout = 10s (default)
2019-09-25 12:07:16,278 [pool-47-thread-1] INFO  server.RaftServerConfigKeys (ConfUtils.java:logGet(43)) - raft.server.log.statemachine.data.sync.timeout.retry = -1 (default)
2019-09-25 12:07:16,278 [pool-47-thread-1] INFO  server.RaftServerConfigKeys (ConfUtils.java:logGet(43)) - raft.server.log.statemachine.data.caching.enabled = true (custom)
2019-09-25 12:07:16,278 [pool-47-thread-1] INFO  segmented.SegmentedRaftLogWorker (SegmentedRaftLogWorker.java:lambda$new$0(132)) - a4c605ab-ce77-4bc9-be78-a28a748a3237@group-B8107583E979-SegmentedRaftLogWorker: flushIndex: setUnconditionally 0 -> -1
2019-09-25 12:07:16,279 [pool-47-thread-1] INFO  server.RaftServerConfigKeys (ConfUtils.java:logGet(43)) - raft.server.snapshot.auto.trigger.enabled = true (custom)
2019-09-25 12:07:16,279 [pool-47-thread-1] INFO  server.RaftServerConfigKeys (ConfUtils.java:logGet(43)) - raft.server.snapshot.auto.trigger.threshold = 10000 (custom)
2019-09-25 12:07:16,279 [pool-47-thread-1] INFO  server.RaftServerConfigKeys (ConfUtils.java:logGet(43)) - raft.server.snapshot.retention.num.files = 5 (custom)
2019-09-25 12:07:16,279 [pool-47-thread-1] INFO  server.RaftServerConfigKeys (ConfUtils.java:logGet(43)) - raft.server.retrycache.expirytime = 600000ms (custom)
2019-09-25 12:07:16,283 [pool-47-thread-1] INFO  impl.RaftServerImpl (RaftServerImpl.java:start(185)) - a4c605ab-ce77-4bc9-be78-a28a748a3237@group-B8107583E979: start as a follower, conf=-1: [a4c605ab-ce77-4bc9-be78-a28a748a3237:192.168.30.6:37168], old=null
2019-09-25 12:07:16,283 [pool-47-thread-1] INFO  impl.RaftServerImpl (RaftServerImpl.java:setRole(174)) - a4c605ab-ce77-4bc9-be78-a28a748a3237@group-B8107583E979: changes role from      null to FOLLOWER at term 0 for startAsFollower
2019-09-25 12:07:16,283 [pool-47-thread-1] INFO  impl.RoleInfo (RoleInfo.java:updateAndGet(143)) - a4c605ab-ce77-4bc9-be78-a28a748a3237: start FollowerState
2019-09-25 12:07:16,283 [pool-47-thread-1] INFO  util.JmxRegister (JmxRegister.java:tryRegister(44)) - Successfully registered JMX Bean with object name Ratis:service=RaftServer,group=group-B8107583E979,id=a4c605ab-ce77-4bc9-be78-a28a748a3237
2019-09-25 12:07:16,293 [RatisPipelineUtilsThread] INFO  pipeline.PipelineStateManager (PipelineStateManager.java:addPipeline(56)) - Created pipeline Pipeline[ Id: 4f3bc3b5-d38d-4a10-946b-b8107583e979, Nodes: a4c605ab-ce77-4bc9-be78-a28a748a3237{ip: 192.168.30.6, host: pr-hdds-1569-5gmkr-4255264070, networkLocation: /default-rack, certSerialId: null}, Type:RATIS, Factor:ONE, State:OPEN]
2019-09-25 12:07:16,305 [grpc-default-executor-0] INFO  impl.RaftServerProxy (RaftServerProxy.java:addNew(89)) - 90a5e23b-d3dc-4a6b-9838-81ba7f1d625e: addNew group-B173F20968C2:[90a5e23b-d3dc-4a6b-9838-81ba7f1d625e:192.168.30.6:36629] returns group-B173F20968C2:java.util.concurrent.CompletableFuture@3ee18fd0[Not completed]
2019-09-25 12:07:16,307 [pool-37-thread-1] INFO  impl.RaftServerImpl (RaftServerImpl.java:<init>(95)) - 90a5e23b-d3dc-4a6b-9838-81ba7f1d625e: new RaftServerImpl for group-B173F20968C2:[90a5e23b-d3dc-4a6b-9838-81ba7f1d625e:192.168.30.6:36629] with ContainerStateMachine:uninitialized
2019-09-25 12:07:16,307 [pool-37-thread-1] INFO  server.RaftServerConfigKeys (ConfUtils.java:logGet(43)) - raft.server.rpc.timeout.min = 5s (custom)
2019-09-25 12:07:16,307 [pool-37-thread-1] INFO  server.RaftServerConfigKeys (ConfUtils.java:logGet(43)) - raft.server.rpc.timeout.max = 5200ms (custom)
2019-09-25 12:07:16,307 [pool-37-thread-1] INFO  server.RaftServerConfigKeys (ConfUtils.java:logGet(43)) - raft.server.rpcslowness.timeout = 120s (custom)
2019-09-25 12:07:16,307 [pool-37-thread-1] INFO  server.RaftServerConfigKeys (ConfUtils.java:logGet(43)) - raft.server.sleep.deviation.threshold = 300 (default)
2019-09-25 12:07:16,307 [pool-37-thread-1] INFO  server.RaftServerConfigKeys (ConfUtils.java:logGet(43)) - raft.server.log.appender.install.snapshot.enabled = false (custom)
2019-09-25 12:07:16,307 [pool-37-thread-1] INFO  impl.RaftServerImpl (ServerState.java:<init>(103)) - 90a5e23b-d3dc-4a6b-9838-81ba7f1d625e@group-B173F20968C2: ConfigurationManager, init=-1: [90a5e23b-d3dc-4a6b-9838-81ba7f1d625e:192.168.30.6:36629], old=null, confs=<EMPTY_MAP>
2019-09-25 12:07:16,308 [pool-37-thread-1] INFO  server.RaftServerConfigKeys (ConfUtils.java:logGet(43)) - raft.server.storage.dir = [/workdir/hadoop-ozone/tools/target/test-dir/MiniOzoneClusterImpl-6e39606f-4d17-4d5b-8507-ba9bdf76dca7/datanode-1/data/ratis] (custom)
2019-09-25 12:07:16,308 [pool-37-thread-1] INFO  storage.RaftStorageDirectory (RaftStorageDirectory.java:analyzeStorage(246)) - The storage directory /workdir/hadoop-ozone/tools/target/test-dir/MiniOzoneClusterImpl-6e39606f-4d17-4d5b-8507-ba9bdf76dca7/datanode-1/data/ratis/82d7e750-a33f-4882-944b-b173f20968c2 does not exist. Creating ...
2019-09-25 12:07:16,321 [pool-37-thread-1] INFO  storage.RaftStorageDirectory (RaftStorageDirectory.java:tryLock(328)) - Lock on /workdir/hadoop-ozone/tools/target/test-dir/MiniOzoneClusterImpl-6e39606f-4d17-4d5b-8507-ba9bdf76dca7/datanode-1/data/ratis/82d7e750-a33f-4882-944b-b173f20968c2/in_use.lock acquired by nodename 17398@pr-hdds-1569-5gmkr-4255264070
2019-09-25 12:07:16,334 [pool-37-thread-1] INFO  storage.RaftStorage (RaftStorage.java:format(72)) - Storage directory /workdir/hadoop-ozone/tools/target/test-dir/MiniOzoneClusterImpl-6e39606f-4d17-4d5b-8507-ba9bdf76dca7/datanode-1/data/ratis/82d7e750-a33f-4882-944b-b173f20968c2 has been successfully formatted.
2019-09-25 12:07:16,334 [pool-37-thread-1] INFO  ratis.ContainerStateMachine (ContainerStateMachine.java:loadSnapshot(230)) - group-B173F20968C2: The snapshot info is null. Setting the last applied indexto:(t:0, i:~)
2019-09-25 12:07:16,334 [pool-37-thread-1] INFO  server.RaftServerConfigKeys (ConfUtils.java:logGet(43)) - raft.server.notification.no-leader.timeout = 120s (custom)
2019-09-25 12:07:16,334 [pool-37-thread-1] INFO  server.RaftServerConfigKeys (ConfUtils.java:logGet(43)) - raft.server.log.use.memory = false (default)
2019-09-25 12:07:16,335 [pool-37-thread-1] INFO  server.RaftServerConfigKeys (ConfUtils.java:logGet(43)) - raft.server.log.purge.gap = 1000000 (custom)
2019-09-25 12:07:16,335 [pool-37-thread-1] INFO  server.RaftServerConfigKeys (ConfUtils.java:logGet(43)) - raft.server.log.appender.buffer.byte-limit = 33554432 (custom)
2019-09-25 12:07:16,335 [pool-37-thread-1] INFO  server.RaftServerConfigKeys (ConfUtils.java:logGet(43)) - raft.server.log.segment.size.max = 1048576 (custom)
2019-09-25 12:07:16,335 [pool-37-thread-1] INFO  server.RaftServerConfigKeys (ConfUtils.java:logGet(43)) - raft.server.log.segment.cache.num.max = 2 (custom)
2019-09-25 12:07:16,335 [pool-37-thread-1] INFO  segmented.SegmentedRaftLogWorker (SegmentedRaftLogWorker.java:<init>(172)) - new 90a5e23b-d3dc-4a6b-9838-81ba7f1d625e@group-B173F20968C2-SegmentedRaftLogWorker for RaftStorage:Storage Directory /workdir/hadoop-ozone/tools/target/test-dir/MiniOzoneClusterImpl-6e39606f-4d17-4d5b-8507-ba9bdf76dca7/datanode-1/data/ratis/82d7e750-a33f-4882-944b-b173f20968c2
2019-09-25 12:07:16,335 [pool-37-thread-1] INFO  server.RaftServerConfigKeys (ConfUtils.java:logGet(43)) - raft.server.log.queue.byte-limit = 2147483647 (custom)
2019-09-25 12:07:16,335 [pool-37-thread-1] INFO  server.RaftServerConfigKeys (ConfUtils.java:logGet(43)) - raft.server.log.queue.element-limit = 1024 (custom)
2019-09-25 12:07:16,336 [pool-37-thread-1] INFO  server.RaftServerConfigKeys (ConfUtils.java:logGet(43)) - raft.server.log.segment.size.max = 1048576 (custom)
2019-09-25 12:07:16,336 [pool-37-thread-1] INFO  server.RaftServerConfigKeys (ConfUtils.java:logGet(43)) - raft.server.log.preallocated.size = 16384 (custom)
2019-09-25 12:07:16,336 [pool-37-thread-1] INFO  server.RaftServerConfigKeys (ConfUtils.java:logGet(43)) - raft.server.log.write.buffer.size = 33554432 (custom)
2019-09-25 12:07:16,336 [pool-37-thread-1] INFO  server.RaftServerConfigKeys (ConfUtils.java:logGet(43)) - raft.server.log.force.sync.num = 128 (default)
2019-09-25 12:07:16,336 [pool-37-thread-1] INFO  server.RaftServerConfigKeys (ConfUtils.java:logGet(43)) - raft.server.log.statemachine.data.sync = true (default)
2019-09-25 12:07:16,336 [pool-37-thread-1] INFO  server.RaftServerConfigKeys (ConfUtils.java:logGet(43)) - raft.server.log.statemachine.data.sync.timeout = 10s (default)
2019-09-25 12:07:16,336 [pool-37-thread-1] INFO  server.RaftServerConfigKeys (ConfUtils.java:logGet(43)) - raft.server.log.statemachine.data.sync.timeout.retry = -1 (default)
2019-09-25 12:07:16,336 [pool-37-thread-1] INFO  server.RaftServerConfigKeys (ConfUtils.java:logGet(43)) - raft.server.log.statemachine.data.caching.enabled = true (custom)
2019-09-25 12:07:16,337 [pool-37-thread-1] INFO  segmented.SegmentedRaftLogWorker (SegmentedRaftLogWorker.java:lambda$new$0(132)) - 90a5e23b-d3dc-4a6b-9838-81ba7f1d625e@group-B173F20968C2-SegmentedRaftLogWorker: flushIndex: setUnconditionally 0 -> -1
2019-09-25 12:07:16,337 [pool-37-thread-1] INFO  server.RaftServerConfigKeys (ConfUtils.java:logGet(43)) - raft.server.snapshot.auto.trigger.enabled = true (custom)
2019-09-25 12:07:16,337 [pool-37-thread-1] INFO  server.RaftServerConfigKeys (ConfUtils.java:logGet(43)) - raft.server.snapshot.auto.trigger.threshold = 10000 (custom)
2019-09-25 12:07:16,337 [pool-37-thread-1] INFO  server.RaftServerConfigKeys (ConfUtils.java:logGet(43)) - raft.server.snapshot.retention.num.files = 5 (custom)
2019-09-25 12:07:16,337 [pool-37-thread-1] INFO  server.RaftServerConfigKeys (ConfUtils.java:logGet(43)) - raft.server.retrycache.expirytime = 600000ms (custom)
2019-09-25 12:07:16,340 [pool-37-thread-1] INFO  impl.RaftServerImpl (RaftServerImpl.java:start(185)) - 90a5e23b-d3dc-4a6b-9838-81ba7f1d625e@group-B173F20968C2: start as a follower, conf=-1: [90a5e23b-d3dc-4a6b-9838-81ba7f1d625e:192.168.30.6:36629], old=null
2019-09-25 12:07:16,340 [pool-37-thread-1] INFO  impl.RaftServerImpl (RaftServerImpl.java:setRole(174)) - 90a5e23b-d3dc-4a6b-9838-81ba7f1d625e@group-B173F20968C2: changes role from      null to FOLLOWER at term 0 for startAsFollower
2019-09-25 12:07:16,340 [pool-37-thread-1] INFO  impl.RoleInfo (RoleInfo.java:updateAndGet(143)) - 90a5e23b-d3dc-4a6b-9838-81ba7f1d625e: start FollowerState
2019-09-25 12:07:16,341 [pool-37-thread-1] INFO  util.JmxRegister (JmxRegister.java:tryRegister(44)) - Successfully registered JMX Bean with object name Ratis:service=RaftServer,group=group-B173F20968C2,id=90a5e23b-d3dc-4a6b-9838-81ba7f1d625e
2019-09-25 12:07:16,350 [main] INFO  ozone.MiniOzoneClusterImpl (MiniOzoneClusterImpl.java:lambda$waitForClusterToBeReady$0(147)) - Cluster is ready. Got 3 of 3 DN Heartbeats.
2019-09-25 12:07:16,351 [RatisPipelineUtilsThread] INFO  pipeline.PipelineStateManager (PipelineStateManager.java:addPipeline(56)) - Created pipeline Pipeline[ Id: 82d7e750-a33f-4882-944b-b173f20968c2, Nodes: 90a5e23b-d3dc-4a6b-9838-81ba7f1d625e{ip: 192.168.30.6, host: pr-hdds-1569-5gmkr-4255264070, networkLocation: /default-rack, certSerialId: null}, Type:RATIS, Factor:ONE, State:OPEN]
2019-09-25 12:07:16,372 [grpc-default-executor-0] INFO  impl.RaftServerProxy (RaftServerProxy.java:addNew(89)) - 90a5e23b-d3dc-4a6b-9838-81ba7f1d625e: addNew group-95F7053BB5EB:[90a5e23b-d3dc-4a6b-9838-81ba7f1d625e:192.168.30.6:36629] returns group-95F7053BB5EB:java.util.concurrent.CompletableFuture@48b54c6d[Not completed]
2019-09-25 12:07:16,373 [pool-37-thread-1] INFO  impl.RaftServerImpl (RaftServerImpl.java:<init>(95)) - 90a5e23b-d3dc-4a6b-9838-81ba7f1d625e: new RaftServerImpl for group-95F7053BB5EB:[90a5e23b-d3dc-4a6b-9838-81ba7f1d625e:192.168.30.6:36629] with ContainerStateMachine:uninitialized
2019-09-25 12:07:16,373 [pool-37-thread-1] INFO  server.RaftServerConfigKeys (ConfUtils.java:logGet(43)) - raft.server.rpc.timeout.min = 5s (custom)
2019-09-25 12:07:16,373 [pool-37-thread-1] INFO  server.RaftServerConfigKeys (ConfUtils.java:logGet(43)) - raft.server.rpc.timeout.max = 5200ms (custom)
2019-09-25 12:07:16,373 [pool-37-thread-1] INFO  server.RaftServerConfigKeys (ConfUtils.java:logGet(43)) - raft.server.rpcslowness.timeout = 120s (custom)
2019-09-25 12:07:16,373 [pool-37-thread-1] INFO  server.RaftServerConfigKeys (ConfUtils.java:logGet(43)) - raft.server.sleep.deviation.threshold = 300 (default)
2019-09-25 12:07:16,373 [pool-37-thread-1] INFO  server.RaftServerConfigKeys (ConfUtils.java:logGet(43)) - raft.server.log.appender.install.snapshot.enabled = false (custom)
2019-09-25 12:07:16,373 [pool-37-thread-1] INFO  impl.RaftServerImpl (ServerState.java:<init>(103)) - 90a5e23b-d3dc-4a6b-9838-81ba7f1d625e@group-95F7053BB5EB: ConfigurationManager, init=-1: [90a5e23b-d3dc-4a6b-9838-81ba7f1d625e:192.168.30.6:36629], old=null, confs=<EMPTY_MAP>
2019-09-25 12:07:16,374 [pool-37-thread-1] INFO  server.RaftServerConfigKeys (ConfUtils.java:logGet(43)) - raft.server.storage.dir = [/workdir/hadoop-ozone/tools/target/test-dir/MiniOzoneClusterImpl-6e39606f-4d17-4d5b-8507-ba9bdf76dca7/datanode-1/data/ratis] (custom)
2019-09-25 12:07:16,374 [pool-37-thread-1] INFO  storage.RaftStorageDirectory (RaftStorageDirectory.java:analyzeStorage(246)) - The storage directory /workdir/hadoop-ozone/tools/target/test-dir/MiniOzoneClusterImpl-6e39606f-4d17-4d5b-8507-ba9bdf76dca7/datanode-1/data/ratis/c38162f4-db0d-477f-b158-95f7053bb5eb does not exist. Creating ...
2019-09-25 12:07:16,387 [pool-37-thread-1] INFO  storage.RaftStorageDirectory (RaftStorageDirectory.java:tryLock(328)) - Lock on /workdir/hadoop-ozone/tools/target/test-dir/MiniOzoneClusterImpl-6e39606f-4d17-4d5b-8507-ba9bdf76dca7/datanode-1/data/ratis/c38162f4-db0d-477f-b158-95f7053bb5eb/in_use.lock acquired by nodename 17398@pr-hdds-1569-5gmkr-4255264070
2019-09-25 12:07:16,400 [pool-37-thread-1] INFO  storage.RaftStorage (RaftStorage.java:format(72)) - Storage directory /workdir/hadoop-ozone/tools/target/test-dir/MiniOzoneClusterImpl-6e39606f-4d17-4d5b-8507-ba9bdf76dca7/datanode-1/data/ratis/c38162f4-db0d-477f-b158-95f7053bb5eb has been successfully formatted.
2019-09-25 12:07:16,400 [pool-37-thread-1] INFO  ratis.ContainerStateMachine (ContainerStateMachine.java:loadSnapshot(230)) - group-95F7053BB5EB: The snapshot info is null. Setting the last applied indexto:(t:0, i:~)
2019-09-25 12:07:16,401 [pool-37-thread-1] INFO  server.RaftServerConfigKeys (ConfUtils.java:logGet(43)) - raft.server.notification.no-leader.timeout = 120s (custom)
2019-09-25 12:07:16,401 [pool-37-thread-1] INFO  server.RaftServerConfigKeys (ConfUtils.java:logGet(43)) - raft.server.log.use.memory = false (default)
2019-09-25 12:07:16,401 [pool-37-thread-1] INFO  server.RaftServerConfigKeys (ConfUtils.java:logGet(43)) - raft.server.log.purge.gap = 1000000 (custom)
2019-09-25 12:07:16,401 [pool-37-thread-1] INFO  server.RaftServerConfigKeys (ConfUtils.java:logGet(43)) - raft.server.log.appender.buffer.byte-limit = 33554432 (custom)
2019-09-25 12:07:16,401 [pool-37-thread-1] INFO  server.RaftServerConfigKeys (ConfUtils.java:logGet(43)) - raft.server.log.segment.size.max = 1048576 (custom)
2019-09-25 12:07:16,401 [pool-37-thread-1] INFO  server.RaftServerConfigKeys (ConfUtils.java:logGet(43)) - raft.server.log.segment.cache.num.max = 2 (custom)
2019-09-25 12:07:16,401 [pool-37-thread-1] INFO  segmented.SegmentedRaftLogWorker (SegmentedRaftLogWorker.java:<init>(172)) - new 90a5e23b-d3dc-4a6b-9838-81ba7f1d625e@group-95F7053BB5EB-SegmentedRaftLogWorker for RaftStorage:Storage Directory /workdir/hadoop-ozone/tools/target/test-dir/MiniOzoneClusterImpl-6e39606f-4d17-4d5b-8507-ba9bdf76dca7/datanode-1/data/ratis/c38162f4-db0d-477f-b158-95f7053bb5eb
2019-09-25 12:07:16,402 [pool-37-thread-1] INFO  server.RaftServerConfigKeys (ConfUtils.java:logGet(43)) - raft.server.log.queue.byte-limit = 2147483647 (custom)
2019-09-25 12:07:16,402 [pool-37-thread-1] INFO  server.RaftServerConfigKeys (ConfUtils.java:logGet(43)) - raft.server.log.queue.element-limit = 1024 (custom)
2019-09-25 12:07:16,402 [pool-37-thread-1] INFO  server.RaftServerConfigKeys (ConfUtils.java:logGet(43)) - raft.server.log.segment.size.max = 1048576 (custom)
2019-09-25 12:07:16,402 [pool-37-thread-1] INFO  server.RaftServerConfigKeys (ConfUtils.java:logGet(43)) - raft.server.log.preallocated.size = 16384 (custom)
2019-09-25 12:07:16,402 [pool-37-thread-1] INFO  server.RaftServerConfigKeys (ConfUtils.java:logGet(43)) - raft.server.log.write.buffer.size = 33554432 (custom)
2019-09-25 12:07:16,402 [pool-37-thread-1] INFO  server.RaftServerConfigKeys (ConfUtils.java:logGet(43)) - raft.server.log.force.sync.num = 128 (default)
2019-09-25 12:07:16,402 [pool-37-thread-1] INFO  server.RaftServerConfigKeys (ConfUtils.java:logGet(43)) - raft.server.log.statemachine.data.sync = true (default)
2019-09-25 12:07:16,402 [pool-37-thread-1] INFO  server.RaftServerConfigKeys (ConfUtils.java:logGet(43)) - raft.server.log.statemachine.data.sync.timeout = 10s (default)
2019-09-25 12:07:16,403 [pool-37-thread-1] INFO  server.RaftServerConfigKeys (ConfUtils.java:logGet(43)) - raft.server.log.statemachine.data.sync.timeout.retry = -1 (default)
2019-09-25 12:07:16,403 [pool-37-thread-1] INFO  server.RaftServerConfigKeys (ConfUtils.java:logGet(43)) - raft.server.log.statemachine.data.caching.enabled = true (custom)
2019-09-25 12:07:16,403 [pool-37-thread-1] INFO  segmented.SegmentedRaftLogWorker (SegmentedRaftLogWorker.java:lambda$new$0(132)) - 90a5e23b-d3dc-4a6b-9838-81ba7f1d625e@group-95F7053BB5EB-SegmentedRaftLogWorker: flushIndex: setUnconditionally 0 -> -1
2019-09-25 12:07:16,403 [pool-37-thread-1] INFO  server.RaftServerConfigKeys (ConfUtils.java:logGet(43)) - raft.server.snapshot.auto.trigger.enabled = true (custom)
2019-09-25 12:07:16,403 [pool-37-thread-1] INFO  server.RaftServerConfigKeys (ConfUtils.java:logGet(43)) - raft.server.snapshot.auto.trigger.threshold = 10000 (custom)
2019-09-25 12:07:16,404 [pool-37-thread-1] INFO  server.RaftServerConfigKeys (ConfUtils.java:logGet(43)) - raft.server.snapshot.retention.num.files = 5 (custom)
2019-09-25 12:07:16,404 [pool-37-thread-1] INFO  server.RaftServerConfigKeys (ConfUtils.java:logGet(43)) - raft.server.retrycache.expirytime = 600000ms (custom)
2019-09-25 12:07:16,408 [pool-37-thread-1] INFO  impl.RaftServerImpl (RaftServerImpl.java:start(185)) - 90a5e23b-d3dc-4a6b-9838-81ba7f1d625e@group-95F7053BB5EB: start as a follower, conf=-1: [90a5e23b-d3dc-4a6b-9838-81ba7f1d625e:192.168.30.6:36629], old=null
2019-09-25 12:07:16,408 [pool-37-thread-1] INFO  impl.RaftServerImpl (RaftServerImpl.java:setRole(174)) - 90a5e23b-d3dc-4a6b-9838-81ba7f1d625e@group-95F7053BB5EB: changes role from      null to FOLLOWER at term 0 for startAsFollower
2019-09-25 12:07:16,408 [pool-37-thread-1] INFO  impl.RoleInfo (RoleInfo.java:updateAndGet(143)) - 90a5e23b-d3dc-4a6b-9838-81ba7f1d625e: start FollowerState
2019-09-25 12:07:16,408 [pool-37-thread-1] INFO  util.JmxRegister (JmxRegister.java:tryRegister(44)) - Successfully registered JMX Bean with object name Ratis:service=RaftServer,group=group-95F7053BB5EB,id=90a5e23b-d3dc-4a6b-9838-81ba7f1d625e
2019-09-25 12:07:16,422 [RatisPipelineUtilsThread] INFO  pipeline.PipelineStateManager (PipelineStateManager.java:addPipeline(56)) - Created pipeline Pipeline[ Id: c38162f4-db0d-477f-b158-95f7053bb5eb, Nodes: 90a5e23b-d3dc-4a6b-9838-81ba7f1d625e{ip: 192.168.30.6, host: pr-hdds-1569-5gmkr-4255264070, networkLocation: /default-rack, certSerialId: null}, Type:RATIS, Factor:ONE, State:OPEN]
2019-09-25 12:07:16,435 [grpc-default-executor-1] INFO  impl.RaftServerProxy (RaftServerProxy.java:addNew(89)) - 90a5e23b-d3dc-4a6b-9838-81ba7f1d625e: addNew group-374846B6ADAE:[90a5e23b-d3dc-4a6b-9838-81ba7f1d625e:192.168.30.6:36629] returns group-374846B6ADAE:java.util.concurrent.CompletableFuture@5aa8de1[Not completed]
2019-09-25 12:07:16,436 [pool-37-thread-1] INFO  impl.RaftServerImpl (RaftServerImpl.java:<init>(95)) - 90a5e23b-d3dc-4a6b-9838-81ba7f1d625e: new RaftServerImpl for group-374846B6ADAE:[90a5e23b-d3dc-4a6b-9838-81ba7f1d625e:192.168.30.6:36629] with ContainerStateMachine:uninitialized
2019-09-25 12:07:16,436 [pool-37-thread-1] INFO  server.RaftServerConfigKeys (ConfUtils.java:logGet(43)) - raft.server.rpc.timeout.min = 5s (custom)
2019-09-25 12:07:16,436 [pool-37-thread-1] INFO  server.RaftServerConfigKeys (ConfUtils.java:logGet(43)) - raft.server.rpc.timeout.max = 5200ms (custom)
2019-09-25 12:07:16,436 [pool-37-thread-1] INFO  server.RaftServerConfigKeys (ConfUtils.java:logGet(43)) - raft.server.rpcslowness.timeout = 120s (custom)
2019-09-25 12:07:16,436 [pool-37-thread-1] INFO  server.RaftServerConfigKeys (ConfUtils.java:logGet(43)) - raft.server.sleep.deviation.threshold = 300 (default)
2019-09-25 12:07:16,436 [pool-37-thread-1] INFO  server.RaftServerConfigKeys (ConfUtils.java:logGet(43)) - raft.server.log.appender.install.snapshot.enabled = false (custom)
2019-09-25 12:07:16,436 [pool-37-thread-1] INFO  impl.RaftServerImpl (ServerState.java:<init>(103)) - 90a5e23b-d3dc-4a6b-9838-81ba7f1d625e@group-374846B6ADAE: ConfigurationManager, init=-1: [90a5e23b-d3dc-4a6b-9838-81ba7f1d625e:192.168.30.6:36629], old=null, confs=<EMPTY_MAP>
2019-09-25 12:07:16,437 [pool-37-thread-1] INFO  server.RaftServerConfigKeys (ConfUtils.java:logGet(43)) - raft.server.storage.dir = [/workdir/hadoop-ozone/tools/target/test-dir/MiniOzoneClusterImpl-6e39606f-4d17-4d5b-8507-ba9bdf76dca7/datanode-1/data/ratis] (custom)
2019-09-25 12:07:16,437 [pool-37-thread-1] INFO  storage.RaftStorageDirectory (RaftStorageDirectory.java:analyzeStorage(246)) - The storage directory /workdir/hadoop-ozone/tools/target/test-dir/MiniOzoneClusterImpl-6e39606f-4d17-4d5b-8507-ba9bdf76dca7/datanode-1/data/ratis/1605a715-e330-4599-9110-374846b6adae does not exist. Creating ...
2019-09-25 12:07:16,450 [pool-37-thread-1] INFO  storage.RaftStorageDirectory (RaftStorageDirectory.java:tryLock(328)) - Lock on /workdir/hadoop-ozone/tools/target/test-dir/MiniOzoneClusterImpl-6e39606f-4d17-4d5b-8507-ba9bdf76dca7/datanode-1/data/ratis/1605a715-e330-4599-9110-374846b6adae/in_use.lock acquired by nodename 17398@pr-hdds-1569-5gmkr-4255264070
2019-09-25 12:07:16,463 [pool-37-thread-1] INFO  storage.RaftStorage (RaftStorage.java:format(72)) - Storage directory /workdir/hadoop-ozone/tools/target/test-dir/MiniOzoneClusterImpl-6e39606f-4d17-4d5b-8507-ba9bdf76dca7/datanode-1/data/ratis/1605a715-e330-4599-9110-374846b6adae has been successfully formatted.
2019-09-25 12:07:16,463 [pool-37-thread-1] INFO  ratis.ContainerStateMachine (ContainerStateMachine.java:loadSnapshot(230)) - group-374846B6ADAE: The snapshot info is null. Setting the last applied indexto:(t:0, i:~)
2019-09-25 12:07:16,464 [pool-37-thread-1] INFO  server.RaftServerConfigKeys (ConfUtils.java:logGet(43)) - raft.server.notification.no-leader.timeout = 120s (custom)
2019-09-25 12:07:16,464 [pool-37-thread-1] INFO  server.RaftServerConfigKeys (ConfUtils.java:logGet(43)) - raft.server.log.use.memory = false (default)
2019-09-25 12:07:16,464 [pool-37-thread-1] INFO  server.RaftServerConfigKeys (ConfUtils.java:logGet(43)) - raft.server.log.purge.gap = 1000000 (custom)
2019-09-25 12:07:16,464 [pool-37-thread-1] INFO  server.RaftServerConfigKeys (ConfUtils.java:logGet(43)) - raft.server.log.appender.buffer.byte-limit = 33554432 (custom)
2019-09-25 12:07:16,464 [pool-37-thread-1] INFO  server.RaftServerConfigKeys (ConfUtils.java:logGet(43)) - raft.server.log.segment.size.max = 1048576 (custom)
2019-09-25 12:07:16,464 [pool-37-thread-1] INFO  server.RaftServerConfigKeys (ConfUtils.java:logGet(43)) - raft.server.log.segment.cache.num.max = 2 (custom)
2019-09-25 12:07:16,464 [pool-37-thread-1] INFO  segmented.SegmentedRaftLogWorker (SegmentedRaftLogWorker.java:<init>(172)) - new 90a5e23b-d3dc-4a6b-9838-81ba7f1d625e@group-374846B6ADAE-SegmentedRaftLogWorker for RaftStorage:Storage Directory /workdir/hadoop-ozone/tools/target/test-dir/MiniOzoneClusterImpl-6e39606f-4d17-4d5b-8507-ba9bdf76dca7/datanode-1/data/ratis/1605a715-e330-4599-9110-374846b6adae
2019-09-25 12:07:16,464 [pool-37-thread-1] INFO  server.RaftServerConfigKeys (ConfUtils.java:logGet(43)) - raft.server.log.queue.byte-limit = 2147483647 (custom)
2019-09-25 12:07:16,464 [pool-37-thread-1] INFO  server.RaftServerConfigKeys (ConfUtils.java:logGet(43)) - raft.server.log.queue.element-limit = 1024 (custom)
2019-09-25 12:07:16,465 [pool-37-thread-1] INFO  server.RaftServerConfigKeys (ConfUtils.java:logGet(43)) - raft.server.log.segment.size.max = 1048576 (custom)
2019-09-25 12:07:16,465 [pool-37-thread-1] INFO  server.RaftServerConfigKeys (ConfUtils.java:logGet(43)) - raft.server.log.preallocated.size = 16384 (custom)
2019-09-25 12:07:16,465 [pool-37-thread-1] INFO  server.RaftServerConfigKeys (ConfUtils.java:logGet(43)) - raft.server.log.write.buffer.size = 33554432 (custom)
2019-09-25 12:07:16,465 [pool-37-thread-1] INFO  server.RaftServerConfigKeys (ConfUtils.java:logGet(43)) - raft.server.log.force.sync.num = 128 (default)
2019-09-25 12:07:16,465 [pool-37-thread-1] INFO  server.RaftServerConfigKeys (ConfUtils.java:logGet(43)) - raft.server.log.statemachine.data.sync = true (default)
2019-09-25 12:07:16,465 [pool-37-thread-1] INFO  server.RaftServerConfigKeys (ConfUtils.java:logGet(43)) - raft.server.log.statemachine.data.sync.timeout = 10s (default)
2019-09-25 12:07:16,465 [pool-37-thread-1] INFO  server.RaftServerConfigKeys (ConfUtils.java:logGet(43)) - raft.server.log.statemachine.data.sync.timeout.retry = -1 (default)
2019-09-25 12:07:16,465 [pool-37-thread-1] INFO  server.RaftServerConfigKeys (ConfUtils.java:logGet(43)) - raft.server.log.statemachine.data.caching.enabled = true (custom)
2019-09-25 12:07:16,466 [pool-37-thread-1] INFO  segmented.SegmentedRaftLogWorker (SegmentedRaftLogWorker.java:lambda$new$0(132)) - 90a5e23b-d3dc-4a6b-9838-81ba7f1d625e@group-374846B6ADAE-SegmentedRaftLogWorker: flushIndex: setUnconditionally 0 -> -1
2019-09-25 12:07:16,466 [pool-37-thread-1] INFO  server.RaftServerConfigKeys (ConfUtils.java:logGet(43)) - raft.server.snapshot.auto.trigger.enabled = true (custom)
2019-09-25 12:07:16,466 [pool-37-thread-1] INFO  server.RaftServerConfigKeys (ConfUtils.java:logGet(43)) - raft.server.snapshot.auto.trigger.threshold = 10000 (custom)
2019-09-25 12:07:16,466 [pool-37-thread-1] INFO  server.RaftServerConfigKeys (ConfUtils.java:logGet(43)) - raft.server.snapshot.retention.num.files = 5 (custom)
2019-09-25 12:07:16,466 [pool-37-thread-1] INFO  server.RaftServerConfigKeys (ConfUtils.java:logGet(43)) - raft.server.retrycache.expirytime = 600000ms (custom)
2019-09-25 12:07:16,469 [pool-37-thread-1] INFO  impl.RaftServerImpl (RaftServerImpl.java:start(185)) - 90a5e23b-d3dc-4a6b-9838-81ba7f1d625e@group-374846B6ADAE: start as a follower, conf=-1: [90a5e23b-d3dc-4a6b-9838-81ba7f1d625e:192.168.30.6:36629], old=null
2019-09-25 12:07:16,469 [pool-37-thread-1] INFO  impl.RaftServerImpl (RaftServerImpl.java:setRole(174)) - 90a5e23b-d3dc-4a6b-9838-81ba7f1d625e@group-374846B6ADAE: changes role from      null to FOLLOWER at term 0 for startAsFollower
2019-09-25 12:07:16,469 [pool-37-thread-1] INFO  impl.RoleInfo (RoleInfo.java:updateAndGet(143)) - 90a5e23b-d3dc-4a6b-9838-81ba7f1d625e: start FollowerState
2019-09-25 12:07:16,469 [pool-37-thread-1] INFO  util.JmxRegister (JmxRegister.java:tryRegister(44)) - Successfully registered JMX Bean with object name Ratis:service=RaftServer,group=group-374846B6ADAE,id=90a5e23b-d3dc-4a6b-9838-81ba7f1d625e
2019-09-25 12:07:16,478 [RatisPipelineUtilsThread] INFO  pipeline.PipelineStateManager (PipelineStateManager.java:addPipeline(56)) - Created pipeline Pipeline[ Id: 1605a715-e330-4599-9110-374846b6adae, Nodes: 90a5e23b-d3dc-4a6b-9838-81ba7f1d625e{ip: 192.168.30.6, host: pr-hdds-1569-5gmkr-4255264070, networkLocation: /default-rack, certSerialId: null}, Type:RATIS, Factor:ONE, State:OPEN]
2019-09-25 12:07:16,490 [grpc-default-executor-1] INFO  impl.RaftServerProxy (RaftServerProxy.java:addNew(89)) - 90a5e23b-d3dc-4a6b-9838-81ba7f1d625e: addNew group-3320BE91FACE:[90a5e23b-d3dc-4a6b-9838-81ba7f1d625e:192.168.30.6:36629] returns group-3320BE91FACE:java.util.concurrent.CompletableFuture@f52e691[Not completed]
2019-09-25 12:07:16,491 [pool-37-thread-1] INFO  impl.RaftServerImpl (RaftServerImpl.java:<init>(95)) - 90a5e23b-d3dc-4a6b-9838-81ba7f1d625e: new RaftServerImpl for group-3320BE91FACE:[90a5e23b-d3dc-4a6b-9838-81ba7f1d625e:192.168.30.6:36629] with ContainerStateMachine:uninitialized
2019-09-25 12:07:16,491 [pool-37-thread-1] INFO  server.RaftServerConfigKeys (ConfUtils.java:logGet(43)) - raft.server.rpc.timeout.min = 5s (custom)
2019-09-25 12:07:16,491 [pool-37-thread-1] INFO  server.RaftServerConfigKeys (ConfUtils.java:logGet(43)) - raft.server.rpc.timeout.max = 5200ms (custom)
2019-09-25 12:07:16,491 [pool-37-thread-1] INFO  server.RaftServerConfigKeys (ConfUtils.java:logGet(43)) - raft.server.rpcslowness.timeout = 120s (custom)
2019-09-25 12:07:16,492 [pool-37-thread-1] INFO  server.RaftServerConfigKeys (ConfUtils.java:logGet(43)) - raft.server.sleep.deviation.threshold = 300 (default)
2019-09-25 12:07:16,492 [pool-37-thread-1] INFO  server.RaftServerConfigKeys (ConfUtils.java:logGet(43)) - raft.server.log.appender.install.snapshot.enabled = false (custom)
2019-09-25 12:07:16,492 [pool-37-thread-1] INFO  impl.RaftServerImpl (ServerState.java:<init>(103)) - 90a5e23b-d3dc-4a6b-9838-81ba7f1d625e@group-3320BE91FACE: ConfigurationManager, init=-1: [90a5e23b-d3dc-4a6b-9838-81ba7f1d625e:192.168.30.6:36629], old=null, confs=<EMPTY_MAP>
2019-09-25 12:07:16,492 [pool-37-thread-1] INFO  server.RaftServerConfigKeys (ConfUtils.java:logGet(43)) - raft.server.storage.dir = [/workdir/hadoop-ozone/tools/target/test-dir/MiniOzoneClusterImpl-6e39606f-4d17-4d5b-8507-ba9bdf76dca7/datanode-1/data/ratis] (custom)
2019-09-25 12:07:16,492 [pool-37-thread-1] INFO  storage.RaftStorageDirectory (RaftStorageDirectory.java:analyzeStorage(246)) - The storage directory /workdir/hadoop-ozone/tools/target/test-dir/MiniOzoneClusterImpl-6e39606f-4d17-4d5b-8507-ba9bdf76dca7/datanode-1/data/ratis/a6dd6a54-d13b-47c6-aac2-3320be91face does not exist. Creating ...
2019-09-25 12:07:16,505 [pool-37-thread-1] INFO  storage.RaftStorageDirectory (RaftStorageDirectory.java:tryLock(328)) - Lock on /workdir/hadoop-ozone/tools/target/test-dir/MiniOzoneClusterImpl-6e39606f-4d17-4d5b-8507-ba9bdf76dca7/datanode-1/data/ratis/a6dd6a54-d13b-47c6-aac2-3320be91face/in_use.lock acquired by nodename 17398@pr-hdds-1569-5gmkr-4255264070
2019-09-25 12:07:16,518 [pool-37-thread-1] INFO  storage.RaftStorage (RaftStorage.java:format(72)) - Storage directory /workdir/hadoop-ozone/tools/target/test-dir/MiniOzoneClusterImpl-6e39606f-4d17-4d5b-8507-ba9bdf76dca7/datanode-1/data/ratis/a6dd6a54-d13b-47c6-aac2-3320be91face has been successfully formatted.
2019-09-25 12:07:16,518 [pool-37-thread-1] INFO  ratis.ContainerStateMachine (ContainerStateMachine.java:loadSnapshot(230)) - group-3320BE91FACE: The snapshot info is null. Setting the last applied indexto:(t:0, i:~)
2019-09-25 12:07:16,518 [pool-37-thread-1] INFO  server.RaftServerConfigKeys (ConfUtils.java:logGet(43)) - raft.server.notification.no-leader.timeout = 120s (custom)
2019-09-25 12:07:16,518 [pool-37-thread-1] INFO  server.RaftServerConfigKeys (ConfUtils.java:logGet(43)) - raft.server.log.use.memory = false (default)
2019-09-25 12:07:16,518 [pool-37-thread-1] INFO  server.RaftServerConfigKeys (ConfUtils.java:logGet(43)) - raft.server.log.purge.gap = 1000000 (custom)
2019-09-25 12:07:16,518 [pool-37-thread-1] INFO  server.RaftServerConfigKeys (ConfUtils.java:logGet(43)) - raft.server.log.appender.buffer.byte-limit = 33554432 (custom)
2019-09-25 12:07:16,519 [pool-37-thread-1] INFO  server.RaftServerConfigKeys (ConfUtils.java:logGet(43)) - raft.server.log.segment.size.max = 1048576 (custom)
2019-09-25 12:07:16,519 [pool-37-thread-1] INFO  server.RaftServerConfigKeys (ConfUtils.java:logGet(43)) - raft.server.log.segment.cache.num.max = 2 (custom)
2019-09-25 12:07:16,519 [pool-37-thread-1] INFO  segmented.SegmentedRaftLogWorker (SegmentedRaftLogWorker.java:<init>(172)) - new 90a5e23b-d3dc-4a6b-9838-81ba7f1d625e@group-3320BE91FACE-SegmentedRaftLogWorker for RaftStorage:Storage Directory /workdir/hadoop-ozone/tools/target/test-dir/MiniOzoneClusterImpl-6e39606f-4d17-4d5b-8507-ba9bdf76dca7/datanode-1/data/ratis/a6dd6a54-d13b-47c6-aac2-3320be91face
2019-09-25 12:07:16,519 [pool-37-thread-1] INFO  server.RaftServerConfigKeys (ConfUtils.java:logGet(43)) - raft.server.log.queue.byte-limit = 2147483647 (custom)
2019-09-25 12:07:16,519 [pool-37-thread-1] INFO  server.RaftServerConfigKeys (ConfUtils.java:logGet(43)) - raft.server.log.queue.element-limit = 1024 (custom)
2019-09-25 12:07:16,519 [pool-37-thread-1] INFO  server.RaftServerConfigKeys (ConfUtils.java:logGet(43)) - raft.server.log.segment.size.max = 1048576 (custom)
2019-09-25 12:07:16,519 [pool-37-thread-1] INFO  server.RaftServerConfigKeys (ConfUtils.java:logGet(43)) - raft.server.log.preallocated.size = 16384 (custom)
2019-09-25 12:07:16,519 [pool-37-thread-1] INFO  server.RaftServerConfigKeys (ConfUtils.java:logGet(43)) - raft.server.log.write.buffer.size = 33554432 (custom)
2019-09-25 12:07:16,519 [pool-37-thread-1] INFO  server.RaftServerConfigKeys (ConfUtils.java:logGet(43)) - raft.server.log.force.sync.num = 128 (default)
2019-09-25 12:07:16,520 [pool-37-thread-1] INFO  server.RaftServerConfigKeys (ConfUtils.java:logGet(43)) - raft.server.log.statemachine.data.sync = true (default)
2019-09-25 12:07:16,520 [pool-37-thread-1] INFO  server.RaftServerConfigKeys (ConfUtils.java:logGet(43)) - raft.server.log.statemachine.data.sync.timeout = 10s (default)
2019-09-25 12:07:16,520 [pool-37-thread-1] INFO  server.RaftServerConfigKeys (ConfUtils.java:logGet(43)) - raft.server.log.statemachine.data.sync.timeout.retry = -1 (default)
2019-09-25 12:07:16,520 [pool-37-thread-1] INFO  server.RaftServerConfigKeys (ConfUtils.java:logGet(43)) - raft.server.log.statemachine.data.caching.enabled = true (custom)
2019-09-25 12:07:16,520 [pool-37-thread-1] INFO  segmented.SegmentedRaftLogWorker (SegmentedRaftLogWorker.java:lambda$new$0(132)) - 90a5e23b-d3dc-4a6b-9838-81ba7f1d625e@group-3320BE91FACE-SegmentedRaftLogWorker: flushIndex: setUnconditionally 0 -> -1
2019-09-25 12:07:16,520 [pool-37-thread-1] INFO  server.RaftServerConfigKeys (ConfUtils.java:logGet(43)) - raft.server.snapshot.auto.trigger.enabled = true (custom)
2019-09-25 12:07:16,521 [pool-37-thread-1] INFO  server.RaftServerConfigKeys (ConfUtils.java:logGet(43)) - raft.server.snapshot.auto.trigger.threshold = 10000 (custom)
2019-09-25 12:07:16,521 [pool-37-thread-1] INFO  server.RaftServerConfigKeys (ConfUtils.java:logGet(43)) - raft.server.snapshot.retention.num.files = 5 (custom)
2019-09-25 12:07:16,521 [pool-37-thread-1] INFO  server.RaftServerConfigKeys (ConfUtils.java:logGet(43)) - raft.server.retrycache.expirytime = 600000ms (custom)
2019-09-25 12:07:16,523 [pool-37-thread-1] INFO  impl.RaftServerImpl (RaftServerImpl.java:start(185)) - 90a5e23b-d3dc-4a6b-9838-81ba7f1d625e@group-3320BE91FACE: start as a follower, conf=-1: [90a5e23b-d3dc-4a6b-9838-81ba7f1d625e:192.168.30.6:36629], old=null
2019-09-25 12:07:16,523 [pool-37-thread-1] INFO  impl.RaftServerImpl (RaftServerImpl.java:setRole(174)) - 90a5e23b-d3dc-4a6b-9838-81ba7f1d625e@group-3320BE91FACE: changes role from      null to FOLLOWER at term 0 for startAsFollower
2019-09-25 12:07:16,523 [pool-37-thread-1] INFO  impl.RoleInfo (RoleInfo.java:updateAndGet(143)) - 90a5e23b-d3dc-4a6b-9838-81ba7f1d625e: start FollowerState
2019-09-25 12:07:16,524 [pool-37-thread-1] INFO  util.JmxRegister (JmxRegister.java:tryRegister(44)) - Successfully registered JMX Bean with object name Ratis:service=RaftServer,group=group-3320BE91FACE,id=90a5e23b-d3dc-4a6b-9838-81ba7f1d625e
2019-09-25 12:07:16,533 [RatisPipelineUtilsThread] INFO  pipeline.PipelineStateManager (PipelineStateManager.java:addPipeline(56)) - Created pipeline Pipeline[ Id: a6dd6a54-d13b-47c6-aac2-3320be91face, Nodes: 90a5e23b-d3dc-4a6b-9838-81ba7f1d625e{ip: 192.168.30.6, host: pr-hdds-1569-5gmkr-4255264070, networkLocation: /default-rack, certSerialId: null}, Type:RATIS, Factor:ONE, State:OPEN]
2019-09-25 12:07:16,534 [RatisPipelineUtilsThread] INFO  pipeline.PipelinePlacementPolicy (PipelinePlacementPolicy.java:meetCriteria(91)) - Pipeline Placement: can't place more pipeline on heavy datanode： 90a5e23b-d3dc-4a6b-9838-81ba7f1d625e Heaviness: 6 limit: 5
2019-09-25 12:07:16,549 [grpc-default-executor-1] INFO  impl.RaftServerProxy (RaftServerProxy.java:addNew(89)) - a4c605ab-ce77-4bc9-be78-a28a748a3237: addNew group-DD37AAB702B8:[a4c605ab-ce77-4bc9-be78-a28a748a3237:192.168.30.6:37168] returns group-DD37AAB702B8:java.util.concurrent.CompletableFuture@1bc42031[Not completed]
2019-09-25 12:07:16,551 [pool-47-thread-1] INFO  impl.RaftServerImpl (RaftServerImpl.java:<init>(95)) - a4c605ab-ce77-4bc9-be78-a28a748a3237: new RaftServerImpl for group-DD37AAB702B8:[a4c605ab-ce77-4bc9-be78-a28a748a3237:192.168.30.6:37168] with ContainerStateMachine:uninitialized
2019-09-25 12:07:16,552 [pool-47-thread-1] INFO  server.RaftServerConfigKeys (ConfUtils.java:logGet(43)) - raft.server.rpc.timeout.min = 5s (custom)
2019-09-25 12:07:16,552 [pool-47-thread-1] INFO  server.RaftServerConfigKeys (ConfUtils.java:logGet(43)) - raft.server.rpc.timeout.max = 5200ms (custom)
2019-09-25 12:07:16,552 [pool-47-thread-1] INFO  server.RaftServerConfigKeys (ConfUtils.java:logGet(43)) - raft.server.rpcslowness.timeout = 120s (custom)
2019-09-25 12:07:16,552 [pool-47-thread-1] INFO  server.RaftServerConfigKeys (ConfUtils.java:logGet(43)) - raft.server.sleep.deviation.threshold = 300 (default)
2019-09-25 12:07:16,552 [pool-47-thread-1] INFO  server.RaftServerConfigKeys (ConfUtils.java:logGet(43)) - raft.server.log.appender.install.snapshot.enabled = false (custom)
2019-09-25 12:07:16,553 [pool-47-thread-1] INFO  impl.RaftServerImpl (ServerState.java:<init>(103)) - a4c605ab-ce77-4bc9-be78-a28a748a3237@group-DD37AAB702B8: ConfigurationManager, init=-1: [a4c605ab-ce77-4bc9-be78-a28a748a3237:192.168.30.6:37168], old=null, confs=<EMPTY_MAP>
2019-09-25 12:07:16,553 [pool-47-thread-1] INFO  server.RaftServerConfigKeys (ConfUtils.java:logGet(43)) - raft.server.storage.dir = [/workdir/hadoop-ozone/tools/target/test-dir/MiniOzoneClusterImpl-6e39606f-4d17-4d5b-8507-ba9bdf76dca7/datanode-2/data/ratis] (custom)
2019-09-25 12:07:16,553 [pool-47-thread-1] INFO  storage.RaftStorageDirectory (RaftStorageDirectory.java:analyzeStorage(246)) - The storage directory /workdir/hadoop-ozone/tools/target/test-dir/MiniOzoneClusterImpl-6e39606f-4d17-4d5b-8507-ba9bdf76dca7/datanode-2/data/ratis/649fe7f6-ae03-41fa-b41b-dd37aab702b8 does not exist. Creating ...
2019-09-25 12:07:16,566 [pool-47-thread-1] INFO  storage.RaftStorageDirectory (RaftStorageDirectory.java:tryLock(328)) - Lock on /workdir/hadoop-ozone/tools/target/test-dir/MiniOzoneClusterImpl-6e39606f-4d17-4d5b-8507-ba9bdf76dca7/datanode-2/data/ratis/649fe7f6-ae03-41fa-b41b-dd37aab702b8/in_use.lock acquired by nodename 17398@pr-hdds-1569-5gmkr-4255264070
2019-09-25 12:07:16,588 [pool-47-thread-1] INFO  storage.RaftStorage (RaftStorage.java:format(72)) - Storage directory /workdir/hadoop-ozone/tools/target/test-dir/MiniOzoneClusterImpl-6e39606f-4d17-4d5b-8507-ba9bdf76dca7/datanode-2/data/ratis/649fe7f6-ae03-41fa-b41b-dd37aab702b8 has been successfully formatted.
2019-09-25 12:07:16,589 [pool-47-thread-1] INFO  ratis.ContainerStateMachine (ContainerStateMachine.java:loadSnapshot(230)) - group-DD37AAB702B8: The snapshot info is null. Setting the last applied indexto:(t:0, i:~)
2019-09-25 12:07:16,589 [pool-47-thread-1] INFO  server.RaftServerConfigKeys (ConfUtils.java:logGet(43)) - raft.server.notification.no-leader.timeout = 120s (custom)
2019-09-25 12:07:16,589 [pool-47-thread-1] INFO  server.RaftServerConfigKeys (ConfUtils.java:logGet(43)) - raft.server.log.use.memory = false (default)
2019-09-25 12:07:16,589 [pool-47-thread-1] INFO  server.RaftServerConfigKeys (ConfUtils.java:logGet(43)) - raft.server.log.purge.gap = 1000000 (custom)
2019-09-25 12:07:16,589 [pool-47-thread-1] INFO  server.RaftServerConfigKeys (ConfUtils.java:logGet(43)) - raft.server.log.appender.buffer.byte-limit = 33554432 (custom)
2019-09-25 12:07:16,590 [pool-47-thread-1] INFO  server.RaftServerConfigKeys (ConfUtils.java:logGet(43)) - raft.server.log.segment.size.max = 1048576 (custom)
2019-09-25 12:07:16,590 [pool-47-thread-1] INFO  server.RaftServerConfigKeys (ConfUtils.java:logGet(43)) - raft.server.log.segment.cache.num.max = 2 (custom)
2019-09-25 12:07:16,590 [pool-47-thread-1] INFO  segmented.SegmentedRaftLogWorker (SegmentedRaftLogWorker.java:<init>(172)) - new a4c605ab-ce77-4bc9-be78-a28a748a3237@group-DD37AAB702B8-SegmentedRaftLogWorker for RaftStorage:Storage Directory /workdir/hadoop-ozone/tools/target/test-dir/MiniOzoneClusterImpl-6e39606f-4d17-4d5b-8507-ba9bdf76dca7/datanode-2/data/ratis/649fe7f6-ae03-41fa-b41b-dd37aab702b8
2019-09-25 12:07:16,590 [pool-47-thread-1] INFO  server.RaftServerConfigKeys (ConfUtils.java:logGet(43)) - raft.server.log.queue.byte-limit = 2147483647 (custom)
2019-09-25 12:07:16,590 [pool-47-thread-1] INFO  server.RaftServerConfigKeys (ConfUtils.java:logGet(43)) - raft.server.log.queue.element-limit = 1024 (custom)
2019-09-25 12:07:16,591 [pool-47-thread-1] INFO  server.RaftServerConfigKeys (ConfUtils.java:logGet(43)) - raft.server.log.segment.size.max = 1048576 (custom)
2019-09-25 12:07:16,591 [pool-47-thread-1] INFO  server.RaftServerConfigKeys (ConfUtils.java:logGet(43)) - raft.server.log.preallocated.size = 16384 (custom)
2019-09-25 12:07:16,591 [pool-47-thread-1] INFO  server.RaftServerConfigKeys (ConfUtils.java:logGet(43)) - raft.server.log.write.buffer.size = 33554432 (custom)
2019-09-25 12:07:16,591 [pool-47-thread-1] INFO  server.RaftServerConfigKeys (ConfUtils.java:logGet(43)) - raft.server.log.force.sync.num = 128 (default)
2019-09-25 12:07:16,591 [pool-47-thread-1] INFO  server.RaftServerConfigKeys (ConfUtils.java:logGet(43)) - raft.server.log.statemachine.data.sync = true (default)
2019-09-25 12:07:16,591 [pool-47-thread-1] INFO  server.RaftServerConfigKeys (ConfUtils.java:logGet(43)) - raft.server.log.statemachine.data.sync.timeout = 10s (default)
2019-09-25 12:07:16,592 [pool-47-thread-1] INFO  server.RaftServerConfigKeys (ConfUtils.java:logGet(43)) - raft.server.log.statemachine.data.sync.timeout.retry = -1 (default)
2019-09-25 12:07:16,592 [pool-47-thread-1] INFO  server.RaftServerConfigKeys (ConfUtils.java:logGet(43)) - raft.server.log.statemachine.data.caching.enabled = true (custom)
2019-09-25 12:07:16,592 [pool-47-thread-1] INFO  segmented.SegmentedRaftLogWorker (SegmentedRaftLogWorker.java:lambda$new$0(132)) - a4c605ab-ce77-4bc9-be78-a28a748a3237@group-DD37AAB702B8-SegmentedRaftLogWorker: flushIndex: setUnconditionally 0 -> -1
2019-09-25 12:07:16,593 [pool-47-thread-1] INFO  server.RaftServerConfigKeys (ConfUtils.java:logGet(43)) - raft.server.snapshot.auto.trigger.enabled = true (custom)
2019-09-25 12:07:16,593 [pool-47-thread-1] INFO  server.RaftServerConfigKeys (ConfUtils.java:logGet(43)) - raft.server.snapshot.auto.trigger.threshold = 10000 (custom)
2019-09-25 12:07:16,593 [pool-47-thread-1] INFO  server.RaftServerConfigKeys (ConfUtils.java:logGet(43)) - raft.server.snapshot.retention.num.files = 5 (custom)
2019-09-25 12:07:16,593 [pool-47-thread-1] INFO  server.RaftServerConfigKeys (ConfUtils.java:logGet(43)) - raft.server.retrycache.expirytime = 600000ms (custom)
2019-09-25 12:07:16,597 [pool-47-thread-1] INFO  impl.RaftServerImpl (RaftServerImpl.java:start(185)) - a4c605ab-ce77-4bc9-be78-a28a748a3237@group-DD37AAB702B8: start as a follower, conf=-1: [a4c605ab-ce77-4bc9-be78-a28a748a3237:192.168.30.6:37168], old=null
2019-09-25 12:07:16,597 [pool-47-thread-1] INFO  impl.RaftServerImpl (RaftServerImpl.java:setRole(174)) - a4c605ab-ce77-4bc9-be78-a28a748a3237@group-DD37AAB702B8: changes role from      null to FOLLOWER at term 0 for startAsFollower
2019-09-25 12:07:16,597 [pool-47-thread-1] INFO  impl.RoleInfo (RoleInfo.java:updateAndGet(143)) - a4c605ab-ce77-4bc9-be78-a28a748a3237: start FollowerState
2019-09-25 12:07:16,598 [pool-47-thread-1] INFO  util.JmxRegister (JmxRegister.java:tryRegister(44)) - Successfully registered JMX Bean with object name Ratis:service=RaftServer,group=group-DD37AAB702B8,id=a4c605ab-ce77-4bc9-be78-a28a748a3237
2019-09-25 12:07:16,611 [RatisPipelineUtilsThread] INFO  pipeline.PipelineStateManager (PipelineStateManager.java:addPipeline(56)) - Created pipeline Pipeline[ Id: 649fe7f6-ae03-41fa-b41b-dd37aab702b8, Nodes: a4c605ab-ce77-4bc9-be78-a28a748a3237{ip: 192.168.30.6, host: pr-hdds-1569-5gmkr-4255264070, networkLocation: /default-rack, certSerialId: null}, Type:RATIS, Factor:ONE, State:OPEN]
2019-09-25 12:07:16,611 [RatisPipelineUtilsThread] INFO  pipeline.PipelinePlacementPolicy (PipelinePlacementPolicy.java:meetCriteria(91)) - Pipeline Placement: can't place more pipeline on heavy datanode： 90a5e23b-d3dc-4a6b-9838-81ba7f1d625e Heaviness: 6 limit: 5
2019-09-25 12:07:16,638 [grpc-default-executor-1] INFO  impl.RaftServerProxy (RaftServerProxy.java:addNew(89)) - a4c605ab-ce77-4bc9-be78-a28a748a3237: addNew group-8E34A96E270B:[a4c605ab-ce77-4bc9-be78-a28a748a3237:192.168.30.6:37168] returns group-8E34A96E270B:java.util.concurrent.CompletableFuture@63ae93bb[Not completed]
2019-09-25 12:07:16,640 [pool-47-thread-1] INFO  impl.RaftServerImpl (RaftServerImpl.java:<init>(95)) - a4c605ab-ce77-4bc9-be78-a28a748a3237: new RaftServerImpl for group-8E34A96E270B:[a4c605ab-ce77-4bc9-be78-a28a748a3237:192.168.30.6:37168] with ContainerStateMachine:uninitialized
2019-09-25 12:07:16,641 [pool-47-thread-1] INFO  server.RaftServerConfigKeys (ConfUtils.java:logGet(43)) - raft.server.rpc.timeout.min = 5s (custom)
2019-09-25 12:07:16,644 [pool-47-thread-1] INFO  server.RaftServerConfigKeys (ConfUtils.java:logGet(43)) - raft.server.rpc.timeout.max = 5200ms (custom)
2019-09-25 12:07:16,644 [pool-47-thread-1] INFO  server.RaftServerConfigKeys (ConfUtils.java:logGet(43)) - raft.server.rpcslowness.timeout = 120s (custom)
2019-09-25 12:07:16,644 [pool-47-thread-1] INFO  server.RaftServerConfigKeys (ConfUtils.java:logGet(43)) - raft.server.sleep.deviation.threshold = 300 (default)
2019-09-25 12:07:16,644 [pool-47-thread-1] INFO  server.RaftServerConfigKeys (ConfUtils.java:logGet(43)) - raft.server.log.appender.install.snapshot.enabled = false (custom)
2019-09-25 12:07:16,645 [pool-47-thread-1] INFO  impl.RaftServerImpl (ServerState.java:<init>(103)) - a4c605ab-ce77-4bc9-be78-a28a748a3237@group-8E34A96E270B: ConfigurationManager, init=-1: [a4c605ab-ce77-4bc9-be78-a28a748a3237:192.168.30.6:37168], old=null, confs=<EMPTY_MAP>
2019-09-25 12:07:16,645 [pool-47-thread-1] INFO  server.RaftServerConfigKeys (ConfUtils.java:logGet(43)) - raft.server.storage.dir = [/workdir/hadoop-ozone/tools/target/test-dir/MiniOzoneClusterImpl-6e39606f-4d17-4d5b-8507-ba9bdf76dca7/datanode-2/data/ratis] (custom)
2019-09-25 12:07:16,645 [pool-47-thread-1] INFO  storage.RaftStorageDirectory (RaftStorageDirectory.java:analyzeStorage(246)) - The storage directory /workdir/hadoop-ozone/tools/target/test-dir/MiniOzoneClusterImpl-6e39606f-4d17-4d5b-8507-ba9bdf76dca7/datanode-2/data/ratis/88af6b66-a9cd-4865-9aad-8e34a96e270b does not exist. Creating ...
2019-09-25 12:07:16,659 [pool-47-thread-1] INFO  storage.RaftStorageDirectory (RaftStorageDirectory.java:tryLock(328)) - Lock on /workdir/hadoop-ozone/tools/target/test-dir/MiniOzoneClusterImpl-6e39606f-4d17-4d5b-8507-ba9bdf76dca7/datanode-2/data/ratis/88af6b66-a9cd-4865-9aad-8e34a96e270b/in_use.lock acquired by nodename 17398@pr-hdds-1569-5gmkr-4255264070
2019-09-25 12:07:16,672 [pool-47-thread-1] INFO  storage.RaftStorage (RaftStorage.java:format(72)) - Storage directory /workdir/hadoop-ozone/tools/target/test-dir/MiniOzoneClusterImpl-6e39606f-4d17-4d5b-8507-ba9bdf76dca7/datanode-2/data/ratis/88af6b66-a9cd-4865-9aad-8e34a96e270b has been successfully formatted.
2019-09-25 12:07:16,673 [pool-47-thread-1] INFO  ratis.ContainerStateMachine (ContainerStateMachine.java:loadSnapshot(230)) - group-8E34A96E270B: The snapshot info is null. Setting the last applied indexto:(t:0, i:~)
2019-09-25 12:07:16,673 [pool-47-thread-1] INFO  server.RaftServerConfigKeys (ConfUtils.java:logGet(43)) - raft.server.notification.no-leader.timeout = 120s (custom)
2019-09-25 12:07:16,673 [pool-47-thread-1] INFO  server.RaftServerConfigKeys (ConfUtils.java:logGet(43)) - raft.server.log.use.memory = false (default)
2019-09-25 12:07:16,673 [pool-47-thread-1] INFO  server.RaftServerConfigKeys (ConfUtils.java:logGet(43)) - raft.server.log.purge.gap = 1000000 (custom)
2019-09-25 12:07:16,673 [pool-47-thread-1] INFO  server.RaftServerConfigKeys (ConfUtils.java:logGet(43)) - raft.server.log.appender.buffer.byte-limit = 33554432 (custom)
2019-09-25 12:07:16,673 [pool-47-thread-1] INFO  server.RaftServerConfigKeys (ConfUtils.java:logGet(43)) - raft.server.log.segment.size.max = 1048576 (custom)
2019-09-25 12:07:16,673 [pool-47-thread-1] INFO  server.RaftServerConfigKeys (ConfUtils.java:logGet(43)) - raft.server.log.segment.cache.num.max = 2 (custom)
2019-09-25 12:07:16,674 [pool-47-thread-1] INFO  segmented.SegmentedRaftLogWorker (SegmentedRaftLogWorker.java:<init>(172)) - new a4c605ab-ce77-4bc9-be78-a28a748a3237@group-8E34A96E270B-SegmentedRaftLogWorker for RaftStorage:Storage Directory /workdir/hadoop-ozone/tools/target/test-dir/MiniOzoneClusterImpl-6e39606f-4d17-4d5b-8507-ba9bdf76dca7/datanode-2/data/ratis/88af6b66-a9cd-4865-9aad-8e34a96e270b
2019-09-25 12:07:16,674 [pool-47-thread-1] INFO  server.RaftServerConfigKeys (ConfUtils.java:logGet(43)) - raft.server.log.queue.byte-limit = 2147483647 (custom)
2019-09-25 12:07:16,674 [pool-47-thread-1] INFO  server.RaftServerConfigKeys (ConfUtils.java:logGet(43)) - raft.server.log.queue.element-limit = 1024 (custom)
2019-09-25 12:07:16,674 [pool-47-thread-1] INFO  server.RaftServerConfigKeys (ConfUtils.java:logGet(43)) - raft.server.log.segment.size.max = 1048576 (custom)
2019-09-25 12:07:16,674 [pool-47-thread-1] INFO  server.RaftServerConfigKeys (ConfUtils.java:logGet(43)) - raft.server.log.preallocated.size = 16384 (custom)
2019-09-25 12:07:16,674 [pool-47-thread-1] INFO  server.RaftServerConfigKeys (ConfUtils.java:logGet(43)) - raft.server.log.write.buffer.size = 33554432 (custom)
2019-09-25 12:07:16,674 [pool-47-thread-1] INFO  server.RaftServerConfigKeys (ConfUtils.java:logGet(43)) - raft.server.log.force.sync.num = 128 (default)
2019-09-25 12:07:16,674 [pool-47-thread-1] INFO  server.RaftServerConfigKeys (ConfUtils.java:logGet(43)) - raft.server.log.statemachine.data.sync = true (default)
2019-09-25 12:07:16,674 [pool-47-thread-1] INFO  server.RaftServerConfigKeys (ConfUtils.java:logGet(43)) - raft.server.log.statemachine.data.sync.timeout = 10s (default)
2019-09-25 12:07:16,675 [pool-47-thread-1] INFO  server.RaftServerConfigKeys (ConfUtils.java:logGet(43)) - raft.server.log.statemachine.data.sync.timeout.retry = -1 (default)
2019-09-25 12:07:16,675 [pool-47-thread-1] INFO  server.RaftServerConfigKeys (ConfUtils.java:logGet(43)) - raft.server.log.statemachine.data.caching.enabled = true (custom)
2019-09-25 12:07:16,675 [pool-47-thread-1] INFO  segmented.SegmentedRaftLogWorker (SegmentedRaftLogWorker.java:lambda$new$0(132)) - a4c605ab-ce77-4bc9-be78-a28a748a3237@group-8E34A96E270B-SegmentedRaftLogWorker: flushIndex: setUnconditionally 0 -> -1
2019-09-25 12:07:16,675 [pool-47-thread-1] INFO  server.RaftServerConfigKeys (ConfUtils.java:logGet(43)) - raft.server.snapshot.auto.trigger.enabled = true (custom)
2019-09-25 12:07:16,675 [pool-47-thread-1] INFO  server.RaftServerConfigKeys (ConfUtils.java:logGet(43)) - raft.server.snapshot.auto.trigger.threshold = 10000 (custom)
2019-09-25 12:07:16,676 [pool-47-thread-1] INFO  server.RaftServerConfigKeys (ConfUtils.java:logGet(43)) - raft.server.snapshot.retention.num.files = 5 (custom)
2019-09-25 12:07:16,676 [pool-47-thread-1] INFO  server.RaftServerConfigKeys (ConfUtils.java:logGet(43)) - raft.server.retrycache.expirytime = 600000ms (custom)
2019-09-25 12:07:16,678 [pool-47-thread-1] INFO  impl.RaftServerImpl (RaftServerImpl.java:start(185)) - a4c605ab-ce77-4bc9-be78-a28a748a3237@group-8E34A96E270B: start as a follower, conf=-1: [a4c605ab-ce77-4bc9-be78-a28a748a3237:192.168.30.6:37168], old=null
2019-09-25 12:07:16,678 [pool-47-thread-1] INFO  impl.RaftServerImpl (RaftServerImpl.java:setRole(174)) - a4c605ab-ce77-4bc9-be78-a28a748a3237@group-8E34A96E270B: changes role from      null to FOLLOWER at term 0 for startAsFollower
2019-09-25 12:07:16,678 [pool-47-thread-1] INFO  impl.RoleInfo (RoleInfo.java:updateAndGet(143)) - a4c605ab-ce77-4bc9-be78-a28a748a3237: start FollowerState
2019-09-25 12:07:16,679 [pool-47-thread-1] INFO  util.JmxRegister (JmxRegister.java:tryRegister(44)) - Successfully registered JMX Bean with object name Ratis:service=RaftServer,group=group-8E34A96E270B,id=a4c605ab-ce77-4bc9-be78-a28a748a3237
2019-09-25 12:07:16,687 [RatisPipelineUtilsThread] INFO  pipeline.PipelineStateManager (PipelineStateManager.java:addPipeline(56)) - Created pipeline Pipeline[ Id: 88af6b66-a9cd-4865-9aad-8e34a96e270b, Nodes: a4c605ab-ce77-4bc9-be78-a28a748a3237{ip: 192.168.30.6, host: pr-hdds-1569-5gmkr-4255264070, networkLocation: /default-rack, certSerialId: null}, Type:RATIS, Factor:ONE, State:OPEN]
2019-09-25 12:07:16,687 [RatisPipelineUtilsThread] INFO  pipeline.PipelinePlacementPolicy (PipelinePlacementPolicy.java:meetCriteria(91)) - Pipeline Placement: can't place more pipeline on heavy datanode： 90a5e23b-d3dc-4a6b-9838-81ba7f1d625e Heaviness: 6 limit: 5
2019-09-25 12:07:16,697 [grpc-default-executor-1] INFO  impl.RaftServerProxy (RaftServerProxy.java:addNew(89)) - a4c605ab-ce77-4bc9-be78-a28a748a3237: addNew group-65C1A18754AB:[a4c605ab-ce77-4bc9-be78-a28a748a3237:192.168.30.6:37168] returns group-65C1A18754AB:java.util.concurrent.CompletableFuture@1000ee86[Not completed]
2019-09-25 12:07:16,699 [pool-47-thread-1] INFO  impl.RaftServerImpl (RaftServerImpl.java:<init>(95)) - a4c605ab-ce77-4bc9-be78-a28a748a3237: new RaftServerImpl for group-65C1A18754AB:[a4c605ab-ce77-4bc9-be78-a28a748a3237:192.168.30.6:37168] with ContainerStateMachine:uninitialized
2019-09-25 12:07:16,699 [pool-47-thread-1] INFO  server.RaftServerConfigKeys (ConfUtils.java:logGet(43)) - raft.server.rpc.timeout.min = 5s (custom)
2019-09-25 12:07:16,699 [pool-47-thread-1] INFO  server.RaftServerConfigKeys (ConfUtils.java:logGet(43)) - raft.server.rpc.timeout.max = 5200ms (custom)
2019-09-25 12:07:16,699 [pool-47-thread-1] INFO  server.RaftServerConfigKeys (ConfUtils.java:logGet(43)) - raft.server.rpcslowness.timeout = 120s (custom)
2019-09-25 12:07:16,699 [pool-47-thread-1] INFO  server.RaftServerConfigKeys (ConfUtils.java:logGet(43)) - raft.server.sleep.deviation.threshold = 300 (default)
2019-09-25 12:07:16,699 [pool-47-thread-1] INFO  server.RaftServerConfigKeys (ConfUtils.java:logGet(43)) - raft.server.log.appender.install.snapshot.enabled = false (custom)
2019-09-25 12:07:16,699 [pool-47-thread-1] INFO  impl.RaftServerImpl (ServerState.java:<init>(103)) - a4c605ab-ce77-4bc9-be78-a28a748a3237@group-65C1A18754AB: ConfigurationManager, init=-1: [a4c605ab-ce77-4bc9-be78-a28a748a3237:192.168.30.6:37168], old=null, confs=<EMPTY_MAP>
2019-09-25 12:07:16,699 [pool-47-thread-1] INFO  server.RaftServerConfigKeys (ConfUtils.java:logGet(43)) - raft.server.storage.dir = [/workdir/hadoop-ozone/tools/target/test-dir/MiniOzoneClusterImpl-6e39606f-4d17-4d5b-8507-ba9bdf76dca7/datanode-2/data/ratis] (custom)
2019-09-25 12:07:16,700 [pool-47-thread-1] INFO  storage.RaftStorageDirectory (RaftStorageDirectory.java:analyzeStorage(246)) - The storage directory /workdir/hadoop-ozone/tools/target/test-dir/MiniOzoneClusterImpl-6e39606f-4d17-4d5b-8507-ba9bdf76dca7/datanode-2/data/ratis/3f11cfbf-46e1-4765-b5b9-65c1a18754ab does not exist. Creating ...
2019-09-25 12:07:16,713 [pool-47-thread-1] INFO  storage.RaftStorageDirectory (RaftStorageDirectory.java:tryLock(328)) - Lock on /workdir/hadoop-ozone/tools/target/test-dir/MiniOzoneClusterImpl-6e39606f-4d17-4d5b-8507-ba9bdf76dca7/datanode-2/data/ratis/3f11cfbf-46e1-4765-b5b9-65c1a18754ab/in_use.lock acquired by nodename 17398@pr-hdds-1569-5gmkr-4255264070
2019-09-25 12:07:16,726 [pool-47-thread-1] INFO  storage.RaftStorage (RaftStorage.java:format(72)) - Storage directory /workdir/hadoop-ozone/tools/target/test-dir/MiniOzoneClusterImpl-6e39606f-4d17-4d5b-8507-ba9bdf76dca7/datanode-2/data/ratis/3f11cfbf-46e1-4765-b5b9-65c1a18754ab has been successfully formatted.
2019-09-25 12:07:16,726 [pool-47-thread-1] INFO  ratis.ContainerStateMachine (ContainerStateMachine.java:loadSnapshot(230)) - group-65C1A18754AB: The snapshot info is null. Setting the last applied indexto:(t:0, i:~)
2019-09-25 12:07:16,726 [pool-47-thread-1] INFO  server.RaftServerConfigKeys (ConfUtils.java:logGet(43)) - raft.server.notification.no-leader.timeout = 120s (custom)
2019-09-25 12:07:16,726 [pool-47-thread-1] INFO  server.RaftServerConfigKeys (ConfUtils.java:logGet(43)) - raft.server.log.use.memory = false (default)
2019-09-25 12:07:16,726 [pool-47-thread-1] INFO  server.RaftServerConfigKeys (ConfUtils.java:logGet(43)) - raft.server.log.purge.gap = 1000000 (custom)
2019-09-25 12:07:16,726 [pool-47-thread-1] INFO  server.RaftServerConfigKeys (ConfUtils.java:logGet(43)) - raft.server.log.appender.buffer.byte-limit = 33554432 (custom)
2019-09-25 12:07:16,726 [pool-47-thread-1] INFO  server.RaftServerConfigKeys (ConfUtils.java:logGet(43)) - raft.server.log.segment.size.max = 1048576 (custom)
2019-09-25 12:07:16,727 [pool-47-thread-1] INFO  server.RaftServerConfigKeys (ConfUtils.java:logGet(43)) - raft.server.log.segment.cache.num.max = 2 (custom)
2019-09-25 12:07:16,727 [pool-47-thread-1] INFO  segmented.SegmentedRaftLogWorker (SegmentedRaftLogWorker.java:<init>(172)) - new a4c605ab-ce77-4bc9-be78-a28a748a3237@group-65C1A18754AB-SegmentedRaftLogWorker for RaftStorage:Storage Directory /workdir/hadoop-ozone/tools/target/test-dir/MiniOzoneClusterImpl-6e39606f-4d17-4d5b-8507-ba9bdf76dca7/datanode-2/data/ratis/3f11cfbf-46e1-4765-b5b9-65c1a18754ab
2019-09-25 12:07:16,727 [pool-47-thread-1] INFO  server.RaftServerConfigKeys (ConfUtils.java:logGet(43)) - raft.server.log.queue.byte-limit = 2147483647 (custom)
2019-09-25 12:07:16,727 [pool-47-thread-1] INFO  server.RaftServerConfigKeys (ConfUtils.java:logGet(43)) - raft.server.log.queue.element-limit = 1024 (custom)
2019-09-25 12:07:16,727 [pool-47-thread-1] INFO  server.RaftServerConfigKeys (ConfUtils.java:logGet(43)) - raft.server.log.segment.size.max = 1048576 (custom)
2019-09-25 12:07:16,727 [pool-47-thread-1] INFO  server.RaftServerConfigKeys (ConfUtils.java:logGet(43)) - raft.server.log.preallocated.size = 16384 (custom)
2019-09-25 12:07:16,727 [pool-47-thread-1] INFO  server.RaftServerConfigKeys (ConfUtils.java:logGet(43)) - raft.server.log.write.buffer.size = 33554432 (custom)
2019-09-25 12:07:16,727 [pool-47-thread-1] INFO  server.RaftServerConfigKeys (ConfUtils.java:logGet(43)) - raft.server.log.force.sync.num = 128 (default)
2019-09-25 12:07:16,728 [pool-47-thread-1] INFO  server.RaftServerConfigKeys (ConfUtils.java:logGet(43)) - raft.server.log.statemachine.data.sync = true (default)
2019-09-25 12:07:16,728 [pool-47-thread-1] INFO  server.RaftServerConfigKeys (ConfUtils.java:logGet(43)) - raft.server.log.statemachine.data.sync.timeout = 10s (default)
2019-09-25 12:07:16,728 [pool-47-thread-1] INFO  server.RaftServerConfigKeys (ConfUtils.java:logGet(43)) - raft.server.log.statemachine.data.sync.timeout.retry = -1 (default)
2019-09-25 12:07:16,728 [pool-47-thread-1] INFO  server.RaftServerConfigKeys (ConfUtils.java:logGet(43)) - raft.server.log.statemachine.data.caching.enabled = true (custom)
2019-09-25 12:07:16,728 [pool-47-thread-1] INFO  segmented.SegmentedRaftLogWorker (SegmentedRaftLogWorker.java:lambda$new$0(132)) - a4c605ab-ce77-4bc9-be78-a28a748a3237@group-65C1A18754AB-SegmentedRaftLogWorker: flushIndex: setUnconditionally 0 -> -1
2019-09-25 12:07:16,729 [pool-47-thread-1] INFO  server.RaftServerConfigKeys (ConfUtils.java:logGet(43)) - raft.server.snapshot.auto.trigger.enabled = true (custom)
2019-09-25 12:07:16,729 [pool-47-thread-1] INFO  server.RaftServerConfigKeys (ConfUtils.java:logGet(43)) - raft.server.snapshot.auto.trigger.threshold = 10000 (custom)
2019-09-25 12:07:16,729 [pool-47-thread-1] INFO  server.RaftServerConfigKeys (ConfUtils.java:logGet(43)) - raft.server.snapshot.retention.num.files = 5 (custom)
2019-09-25 12:07:16,729 [pool-47-thread-1] INFO  server.RaftServerConfigKeys (ConfUtils.java:logGet(43)) - raft.server.retrycache.expirytime = 600000ms (custom)
2019-09-25 12:07:16,732 [pool-47-thread-1] INFO  impl.RaftServerImpl (RaftServerImpl.java:start(185)) - a4c605ab-ce77-4bc9-be78-a28a748a3237@group-65C1A18754AB: start as a follower, conf=-1: [a4c605ab-ce77-4bc9-be78-a28a748a3237:192.168.30.6:37168], old=null
2019-09-25 12:07:16,732 [pool-47-thread-1] INFO  impl.RaftServerImpl (RaftServerImpl.java:setRole(174)) - a4c605ab-ce77-4bc9-be78-a28a748a3237@group-65C1A18754AB: changes role from      null to FOLLOWER at term 0 for startAsFollower
2019-09-25 12:07:16,732 [pool-47-thread-1] INFO  impl.RoleInfo (RoleInfo.java:updateAndGet(143)) - a4c605ab-ce77-4bc9-be78-a28a748a3237: start FollowerState
2019-09-25 12:07:16,732 [pool-47-thread-1] INFO  util.JmxRegister (JmxRegister.java:tryRegister(44)) - Successfully registered JMX Bean with object name Ratis:service=RaftServer,group=group-65C1A18754AB,id=a4c605ab-ce77-4bc9-be78-a28a748a3237
2019-09-25 12:07:16,740 [RatisPipelineUtilsThread] INFO  pipeline.PipelineStateManager (PipelineStateManager.java:addPipeline(56)) - Created pipeline Pipeline[ Id: 3f11cfbf-46e1-4765-b5b9-65c1a18754ab, Nodes: a4c605ab-ce77-4bc9-be78-a28a748a3237{ip: 192.168.30.6, host: pr-hdds-1569-5gmkr-4255264070, networkLocation: /default-rack, certSerialId: null}, Type:RATIS, Factor:ONE, State:OPEN]
2019-09-25 12:07:16,740 [RatisPipelineUtilsThread] INFO  pipeline.PipelinePlacementPolicy (PipelinePlacementPolicy.java:meetCriteria(91)) - Pipeline Placement: can't place more pipeline on heavy datanode： 90a5e23b-d3dc-4a6b-9838-81ba7f1d625e Heaviness: 6 limit: 5
2019-09-25 12:07:16,752 [grpc-default-executor-1] INFO  impl.RaftServerProxy (RaftServerProxy.java:addNew(89)) - a4c605ab-ce77-4bc9-be78-a28a748a3237: addNew group-B599564B6893:[a4c605ab-ce77-4bc9-be78-a28a748a3237:192.168.30.6:37168] returns group-B599564B6893:java.util.concurrent.CompletableFuture@78aa9cdd[Not completed]
2019-09-25 12:07:16,754 [pool-47-thread-1] INFO  impl.RaftServerImpl (RaftServerImpl.java:<init>(95)) - a4c605ab-ce77-4bc9-be78-a28a748a3237: new RaftServerImpl for group-B599564B6893:[a4c605ab-ce77-4bc9-be78-a28a748a3237:192.168.30.6:37168] with ContainerStateMachine:uninitialized
2019-09-25 12:07:16,754 [pool-47-thread-1] INFO  server.RaftServerConfigKeys (ConfUtils.java:logGet(43)) - raft.server.rpc.timeout.min = 5s (custom)
2019-09-25 12:07:16,754 [pool-47-thread-1] INFO  server.RaftServerConfigKeys (ConfUtils.java:logGet(43)) - raft.server.rpc.timeout.max = 5200ms (custom)
2019-09-25 12:07:16,754 [pool-47-thread-1] INFO  server.RaftServerConfigKeys (ConfUtils.java:logGet(43)) - raft.server.rpcslowness.timeout = 120s (custom)
2019-09-25 12:07:16,754 [pool-47-thread-1] INFO  server.RaftServerConfigKeys (ConfUtils.java:logGet(43)) - raft.server.sleep.deviation.threshold = 300 (default)
2019-09-25 12:07:16,754 [pool-47-thread-1] INFO  server.RaftServerConfigKeys (ConfUtils.java:logGet(43)) - raft.server.log.appender.install.snapshot.enabled = false (custom)
2019-09-25 12:07:16,754 [pool-47-thread-1] INFO  impl.RaftServerImpl (ServerState.java:<init>(103)) - a4c605ab-ce77-4bc9-be78-a28a748a3237@group-B599564B6893: ConfigurationManager, init=-1: [a4c605ab-ce77-4bc9-be78-a28a748a3237:192.168.30.6:37168], old=null, confs=<EMPTY_MAP>
2019-09-25 12:07:16,754 [pool-47-thread-1] INFO  server.RaftServerConfigKeys (ConfUtils.java:logGet(43)) - raft.server.storage.dir = [/workdir/hadoop-ozone/tools/target/test-dir/MiniOzoneClusterImpl-6e39606f-4d17-4d5b-8507-ba9bdf76dca7/datanode-2/data/ratis] (custom)
2019-09-25 12:07:16,755 [pool-47-thread-1] INFO  storage.RaftStorageDirectory (RaftStorageDirectory.java:analyzeStorage(246)) - The storage directory /workdir/hadoop-ozone/tools/target/test-dir/MiniOzoneClusterImpl-6e39606f-4d17-4d5b-8507-ba9bdf76dca7/datanode-2/data/ratis/6b4ba0ea-b123-4650-a61a-b599564b6893 does not exist. Creating ...
2019-09-25 12:07:16,768 [pool-47-thread-1] INFO  storage.RaftStorageDirectory (RaftStorageDirectory.java:tryLock(328)) - Lock on /workdir/hadoop-ozone/tools/target/test-dir/MiniOzoneClusterImpl-6e39606f-4d17-4d5b-8507-ba9bdf76dca7/datanode-2/data/ratis/6b4ba0ea-b123-4650-a61a-b599564b6893/in_use.lock acquired by nodename 17398@pr-hdds-1569-5gmkr-4255264070
2019-09-25 12:07:16,781 [pool-47-thread-1] INFO  storage.RaftStorage (RaftStorage.java:format(72)) - Storage directory /workdir/hadoop-ozone/tools/target/test-dir/MiniOzoneClusterImpl-6e39606f-4d17-4d5b-8507-ba9bdf76dca7/datanode-2/data/ratis/6b4ba0ea-b123-4650-a61a-b599564b6893 has been successfully formatted.
2019-09-25 12:07:16,782 [pool-47-thread-1] INFO  ratis.ContainerStateMachine (ContainerStateMachine.java:loadSnapshot(230)) - group-B599564B6893: The snapshot info is null. Setting the last applied indexto:(t:0, i:~)
2019-09-25 12:07:16,782 [pool-47-thread-1] INFO  server.RaftServerConfigKeys (ConfUtils.java:logGet(43)) - raft.server.notification.no-leader.timeout = 120s (custom)
2019-09-25 12:07:16,782 [pool-47-thread-1] INFO  server.RaftServerConfigKeys (ConfUtils.java:logGet(43)) - raft.server.log.use.memory = false (default)
2019-09-25 12:07:16,782 [pool-47-thread-1] INFO  server.RaftServerConfigKeys (ConfUtils.java:logGet(43)) - raft.server.log.purge.gap = 1000000 (custom)
2019-09-25 12:07:16,782 [pool-47-thread-1] INFO  server.RaftServerConfigKeys (ConfUtils.java:logGet(43)) - raft.server.log.appender.buffer.byte-limit = 33554432 (custom)
2019-09-25 12:07:16,782 [pool-47-thread-1] INFO  server.RaftServerConfigKeys (ConfUtils.java:logGet(43)) - raft.server.log.segment.size.max = 1048576 (custom)
2019-09-25 12:07:16,782 [pool-47-thread-1] INFO  server.RaftServerConfigKeys (ConfUtils.java:logGet(43)) - raft.server.log.segment.cache.num.max = 2 (custom)
2019-09-25 12:07:16,783 [pool-47-thread-1] INFO  segmented.SegmentedRaftLogWorker (SegmentedRaftLogWorker.java:<init>(172)) - new a4c605ab-ce77-4bc9-be78-a28a748a3237@group-B599564B6893-SegmentedRaftLogWorker for RaftStorage:Storage Directory /workdir/hadoop-ozone/tools/target/test-dir/MiniOzoneClusterImpl-6e39606f-4d17-4d5b-8507-ba9bdf76dca7/datanode-2/data/ratis/6b4ba0ea-b123-4650-a61a-b599564b6893
2019-09-25 12:07:16,783 [pool-47-thread-1] INFO  server.RaftServerConfigKeys (ConfUtils.java:logGet(43)) - raft.server.log.queue.byte-limit = 2147483647 (custom)
2019-09-25 12:07:16,783 [pool-47-thread-1] INFO  server.RaftServerConfigKeys (ConfUtils.java:logGet(43)) - raft.server.log.queue.element-limit = 1024 (custom)
2019-09-25 12:07:16,783 [pool-47-thread-1] INFO  server.RaftServerConfigKeys (ConfUtils.java:logGet(43)) - raft.server.log.segment.size.max = 1048576 (custom)
2019-09-25 12:07:16,783 [pool-47-thread-1] INFO  server.RaftServerConfigKeys (ConfUtils.java:logGet(43)) - raft.server.log.preallocated.size = 16384 (custom)
2019-09-25 12:07:16,783 [pool-47-thread-1] INFO  server.RaftServerConfigKeys (ConfUtils.java:logGet(43)) - raft.server.log.write.buffer.size = 33554432 (custom)
2019-09-25 12:07:16,783 [pool-47-thread-1] INFO  server.RaftServerConfigKeys (ConfUtils.java:logGet(43)) - raft.server.log.force.sync.num = 128 (default)
2019-09-25 12:07:16,783 [pool-47-thread-1] INFO  server.RaftServerConfigKeys (ConfUtils.java:logGet(43)) - raft.server.log.statemachine.data.sync = true (default)
2019-09-25 12:07:16,783 [pool-47-thread-1] INFO  server.RaftServerConfigKeys (ConfUtils.java:logGet(43)) - raft.server.log.statemachine.data.sync.timeout = 10s (default)
2019-09-25 12:07:16,784 [pool-47-thread-1] INFO  server.RaftServerConfigKeys (ConfUtils.java:logGet(43)) - raft.server.log.statemachine.data.sync.timeout.retry = -1 (default)
2019-09-25 12:07:16,784 [pool-47-thread-1] INFO  server.RaftServerConfigKeys (ConfUtils.java:logGet(43)) - raft.server.log.statemachine.data.caching.enabled = true (custom)
2019-09-25 12:07:16,784 [pool-47-thread-1] INFO  segmented.SegmentedRaftLogWorker (SegmentedRaftLogWorker.java:lambda$new$0(132)) - a4c605ab-ce77-4bc9-be78-a28a748a3237@group-B599564B6893-SegmentedRaftLogWorker: flushIndex: setUnconditionally 0 -> -1
2019-09-25 12:07:16,784 [pool-47-thread-1] INFO  server.RaftServerConfigKeys (ConfUtils.java:logGet(43)) - raft.server.snapshot.auto.trigger.enabled = true (custom)
2019-09-25 12:07:16,784 [pool-47-thread-1] INFO  server.RaftServerConfigKeys (ConfUtils.java:logGet(43)) - raft.server.snapshot.auto.trigger.threshold = 10000 (custom)
2019-09-25 12:07:16,785 [pool-47-thread-1] INFO  server.RaftServerConfigKeys (ConfUtils.java:logGet(43)) - raft.server.snapshot.retention.num.files = 5 (custom)
2019-09-25 12:07:16,785 [pool-47-thread-1] INFO  server.RaftServerConfigKeys (ConfUtils.java:logGet(43)) - raft.server.retrycache.expirytime = 600000ms (custom)
2019-09-25 12:07:16,787 [pool-47-thread-1] INFO  impl.RaftServerImpl (RaftServerImpl.java:start(185)) - a4c605ab-ce77-4bc9-be78-a28a748a3237@group-B599564B6893: start as a follower, conf=-1: [a4c605ab-ce77-4bc9-be78-a28a748a3237:192.168.30.6:37168], old=null
2019-09-25 12:07:16,787 [pool-47-thread-1] INFO  impl.RaftServerImpl (RaftServerImpl.java:setRole(174)) - a4c605ab-ce77-4bc9-be78-a28a748a3237@group-B599564B6893: changes role from      null to FOLLOWER at term 0 for startAsFollower
2019-09-25 12:07:16,787 [pool-47-thread-1] INFO  impl.RoleInfo (RoleInfo.java:updateAndGet(143)) - a4c605ab-ce77-4bc9-be78-a28a748a3237: start FollowerState
2019-09-25 12:07:16,788 [pool-47-thread-1] INFO  util.JmxRegister (JmxRegister.java:tryRegister(44)) - Successfully registered JMX Bean with object name Ratis:service=RaftServer,group=group-B599564B6893,id=a4c605ab-ce77-4bc9-be78-a28a748a3237
2019-09-25 12:07:16,795 [RatisPipelineUtilsThread] INFO  pipeline.PipelineStateManager (PipelineStateManager.java:addPipeline(56)) - Created pipeline Pipeline[ Id: 6b4ba0ea-b123-4650-a61a-b599564b6893, Nodes: a4c605ab-ce77-4bc9-be78-a28a748a3237{ip: 192.168.30.6, host: pr-hdds-1569-5gmkr-4255264070, networkLocation: /default-rack, certSerialId: null}, Type:RATIS, Factor:ONE, State:OPEN]
2019-09-25 12:07:16,795 [RatisPipelineUtilsThread] INFO  pipeline.PipelinePlacementPolicy (PipelinePlacementPolicy.java:meetCriteria(91)) - Pipeline Placement: can't place more pipeline on heavy datanode： 90a5e23b-d3dc-4a6b-9838-81ba7f1d625e Heaviness: 6 limit: 5
2019-09-25 12:07:16,795 [RatisPipelineUtilsThread] INFO  pipeline.PipelinePlacementPolicy (PipelinePlacementPolicy.java:meetCriteria(91)) - Pipeline Placement: can't place more pipeline on heavy datanode： a4c605ab-ce77-4bc9-be78-a28a748a3237 Heaviness: 6 limit: 5
2019-09-25 12:07:16,807 [grpc-default-executor-1] INFO  impl.RaftServerProxy (RaftServerProxy.java:addNew(89)) - adef09cc-beb2-487d-a020-ad09efbb3e7f: addNew group-501CD589C9C1:[adef09cc-beb2-487d-a020-ad09efbb3e7f:192.168.30.6:35191] returns group-501CD589C9C1:java.util.concurrent.CompletableFuture@39d26700[Not completed]
2019-09-25 12:07:16,809 [pool-27-thread-1] INFO  impl.RaftServerImpl (RaftServerImpl.java:<init>(95)) - adef09cc-beb2-487d-a020-ad09efbb3e7f: new RaftServerImpl for group-501CD589C9C1:[adef09cc-beb2-487d-a020-ad09efbb3e7f:192.168.30.6:35191] with ContainerStateMachine:uninitialized
2019-09-25 12:07:16,809 [pool-27-thread-1] INFO  server.RaftServerConfigKeys (ConfUtils.java:logGet(43)) - raft.server.rpc.timeout.min = 5s (custom)
2019-09-25 12:07:16,809 [pool-27-thread-1] INFO  server.RaftServerConfigKeys (ConfUtils.java:logGet(43)) - raft.server.rpc.timeout.max = 5200ms (custom)
2019-09-25 12:07:16,809 [pool-27-thread-1] INFO  server.RaftServerConfigKeys (ConfUtils.java:logGet(43)) - raft.server.rpcslowness.timeout = 120s (custom)
2019-09-25 12:07:16,810 [pool-27-thread-1] INFO  server.RaftServerConfigKeys (ConfUtils.java:logGet(43)) - raft.server.sleep.deviation.threshold = 300 (default)
2019-09-25 12:07:16,810 [pool-27-thread-1] INFO  server.RaftServerConfigKeys (ConfUtils.java:logGet(43)) - raft.server.log.appender.install.snapshot.enabled = false (custom)
2019-09-25 12:07:16,810 [pool-27-thread-1] INFO  impl.RaftServerImpl (ServerState.java:<init>(103)) - adef09cc-beb2-487d-a020-ad09efbb3e7f@group-501CD589C9C1: ConfigurationManager, init=-1: [adef09cc-beb2-487d-a020-ad09efbb3e7f:192.168.30.6:35191], old=null, confs=<EMPTY_MAP>
2019-09-25 12:07:16,810 [pool-27-thread-1] INFO  server.RaftServerConfigKeys (ConfUtils.java:logGet(43)) - raft.server.storage.dir = [/workdir/hadoop-ozone/tools/target/test-dir/MiniOzoneClusterImpl-6e39606f-4d17-4d5b-8507-ba9bdf76dca7/datanode-0/data/ratis] (custom)
2019-09-25 12:07:16,811 [pool-27-thread-1] INFO  storage.RaftStorageDirectory (RaftStorageDirectory.java:analyzeStorage(246)) - The storage directory /workdir/hadoop-ozone/tools/target/test-dir/MiniOzoneClusterImpl-6e39606f-4d17-4d5b-8507-ba9bdf76dca7/datanode-0/data/ratis/6d97b027-f19a-424a-8fa5-501cd589c9c1 does not exist. Creating ...
2019-09-25 12:07:16,822 [pool-27-thread-1] INFO  storage.RaftStorageDirectory (RaftStorageDirectory.java:tryLock(328)) - Lock on /workdir/hadoop-ozone/tools/target/test-dir/MiniOzoneClusterImpl-6e39606f-4d17-4d5b-8507-ba9bdf76dca7/datanode-0/data/ratis/6d97b027-f19a-424a-8fa5-501cd589c9c1/in_use.lock acquired by nodename 17398@pr-hdds-1569-5gmkr-4255264070
2019-09-25 12:07:16,844 [pool-27-thread-1] INFO  storage.RaftStorage (RaftStorage.java:format(72)) - Storage directory /workdir/hadoop-ozone/tools/target/test-dir/MiniOzoneClusterImpl-6e39606f-4d17-4d5b-8507-ba9bdf76dca7/datanode-0/data/ratis/6d97b027-f19a-424a-8fa5-501cd589c9c1 has been successfully formatted.
2019-09-25 12:07:16,844 [pool-27-thread-1] INFO  ratis.ContainerStateMachine (ContainerStateMachine.java:loadSnapshot(230)) - group-501CD589C9C1: The snapshot info is null. Setting the last applied indexto:(t:0, i:~)
2019-09-25 12:07:16,844 [pool-27-thread-1] INFO  server.RaftServerConfigKeys (ConfUtils.java:logGet(43)) - raft.server.notification.no-leader.timeout = 120s (custom)
2019-09-25 12:07:16,844 [pool-27-thread-1] INFO  server.RaftServerConfigKeys (ConfUtils.java:logGet(43)) - raft.server.log.use.memory = false (default)
2019-09-25 12:07:16,844 [pool-27-thread-1] INFO  server.RaftServerConfigKeys (ConfUtils.java:logGet(43)) - raft.server.log.purge.gap = 1000000 (custom)
2019-09-25 12:07:16,845 [pool-27-thread-1] INFO  server.RaftServerConfigKeys (ConfUtils.java:logGet(43)) - raft.server.log.appender.buffer.byte-limit = 33554432 (custom)
2019-09-25 12:07:16,845 [pool-27-thread-1] INFO  server.RaftServerConfigKeys (ConfUtils.java:logGet(43)) - raft.server.log.segment.size.max = 1048576 (custom)
2019-09-25 12:07:16,845 [pool-27-thread-1] INFO  server.RaftServerConfigKeys (ConfUtils.java:logGet(43)) - raft.server.log.segment.cache.num.max = 2 (custom)
2019-09-25 12:07:16,845 [pool-27-thread-1] INFO  segmented.SegmentedRaftLogWorker (SegmentedRaftLogWorker.java:<init>(172)) - new adef09cc-beb2-487d-a020-ad09efbb3e7f@group-501CD589C9C1-SegmentedRaftLogWorker for RaftStorage:Storage Directory /workdir/hadoop-ozone/tools/target/test-dir/MiniOzoneClusterImpl-6e39606f-4d17-4d5b-8507-ba9bdf76dca7/datanode-0/data/ratis/6d97b027-f19a-424a-8fa5-501cd589c9c1
2019-09-25 12:07:16,845 [pool-27-thread-1] INFO  server.RaftServerConfigKeys (ConfUtils.java:logGet(43)) - raft.server.log.queue.byte-limit = 2147483647 (custom)
2019-09-25 12:07:16,845 [pool-27-thread-1] INFO  server.RaftServerConfigKeys (ConfUtils.java:logGet(43)) - raft.server.log.queue.element-limit = 1024 (custom)
2019-09-25 12:07:16,845 [pool-27-thread-1] INFO  server.RaftServerConfigKeys (ConfUtils.java:logGet(43)) - raft.server.log.segment.size.max = 1048576 (custom)
2019-09-25 12:07:16,846 [pool-27-thread-1] INFO  server.RaftServerConfigKeys (ConfUtils.java:logGet(43)) - raft.server.log.preallocated.size = 16384 (custom)
2019-09-25 12:07:16,846 [pool-27-thread-1] INFO  server.RaftServerConfigKeys (ConfUtils.java:logGet(43)) - raft.server.log.write.buffer.size = 33554432 (custom)
2019-09-25 12:07:16,846 [pool-27-thread-1] INFO  server.RaftServerConfigKeys (ConfUtils.java:logGet(43)) - raft.server.log.force.sync.num = 128 (default)
2019-09-25 12:07:16,846 [pool-27-thread-1] INFO  server.RaftServerConfigKeys (ConfUtils.java:logGet(43)) - raft.server.log.statemachine.data.sync = true (default)
2019-09-25 12:07:16,846 [pool-27-thread-1] INFO  server.RaftServerConfigKeys (ConfUtils.java:logGet(43)) - raft.server.log.statemachine.data.sync.timeout = 10s (default)
2019-09-25 12:07:16,846 [pool-27-thread-1] INFO  server.RaftServerConfigKeys (ConfUtils.java:logGet(43)) - raft.server.log.statemachine.data.sync.timeout.retry = -1 (default)
2019-09-25 12:07:16,847 [pool-27-thread-1] INFO  server.RaftServerConfigKeys (ConfUtils.java:logGet(43)) - raft.server.log.statemachine.data.caching.enabled = true (custom)
2019-09-25 12:07:16,847 [pool-27-thread-1] INFO  segmented.SegmentedRaftLogWorker (SegmentedRaftLogWorker.java:lambda$new$0(132)) - adef09cc-beb2-487d-a020-ad09efbb3e7f@group-501CD589C9C1-SegmentedRaftLogWorker: flushIndex: setUnconditionally 0 -> -1
2019-09-25 12:07:16,847 [pool-27-thread-1] INFO  server.RaftServerConfigKeys (ConfUtils.java:logGet(43)) - raft.server.snapshot.auto.trigger.enabled = true (custom)
2019-09-25 12:07:16,847 [pool-27-thread-1] INFO  server.RaftServerConfigKeys (ConfUtils.java:logGet(43)) - raft.server.snapshot.auto.trigger.threshold = 10000 (custom)
2019-09-25 12:07:16,848 [pool-27-thread-1] INFO  server.RaftServerConfigKeys (ConfUtils.java:logGet(43)) - raft.server.snapshot.retention.num.files = 5 (custom)
2019-09-25 12:07:16,848 [pool-27-thread-1] INFO  server.RaftServerConfigKeys (ConfUtils.java:logGet(43)) - raft.server.retrycache.expirytime = 600000ms (custom)
2019-09-25 12:07:16,851 [pool-27-thread-1] INFO  impl.RaftServerImpl (RaftServerImpl.java:start(185)) - adef09cc-beb2-487d-a020-ad09efbb3e7f@group-501CD589C9C1: start as a follower, conf=-1: [adef09cc-beb2-487d-a020-ad09efbb3e7f:192.168.30.6:35191], old=null
2019-09-25 12:07:16,851 [pool-27-thread-1] INFO  impl.RaftServerImpl (RaftServerImpl.java:setRole(174)) - adef09cc-beb2-487d-a020-ad09efbb3e7f@group-501CD589C9C1: changes role from      null to FOLLOWER at term 0 for startAsFollower
2019-09-25 12:07:16,851 [pool-27-thread-1] INFO  impl.RoleInfo (RoleInfo.java:updateAndGet(143)) - adef09cc-beb2-487d-a020-ad09efbb3e7f: start FollowerState
2019-09-25 12:07:16,851 [pool-27-thread-1] INFO  util.JmxRegister (JmxRegister.java:tryRegister(44)) - Successfully registered JMX Bean with object name Ratis:service=RaftServer,group=group-501CD589C9C1,id=adef09cc-beb2-487d-a020-ad09efbb3e7f
2019-09-25 12:07:16,862 [RatisPipelineUtilsThread] INFO  pipeline.PipelineStateManager (PipelineStateManager.java:addPipeline(56)) - Created pipeline Pipeline[ Id: 6d97b027-f19a-424a-8fa5-501cd589c9c1, Nodes: adef09cc-beb2-487d-a020-ad09efbb3e7f{ip: 192.168.30.6, host: pr-hdds-1569-5gmkr-4255264070, networkLocation: /default-rack, certSerialId: null}, Type:RATIS, Factor:ONE, State:OPEN]
2019-09-25 12:07:16,863 [RatisPipelineUtilsThread] INFO  pipeline.PipelinePlacementPolicy (PipelinePlacementPolicy.java:meetCriteria(91)) - Pipeline Placement: can't place more pipeline on heavy datanode： 90a5e23b-d3dc-4a6b-9838-81ba7f1d625e Heaviness: 6 limit: 5
2019-09-25 12:07:16,863 [RatisPipelineUtilsThread] INFO  pipeline.PipelinePlacementPolicy (PipelinePlacementPolicy.java:meetCriteria(91)) - Pipeline Placement: can't place more pipeline on heavy datanode： a4c605ab-ce77-4bc9-be78-a28a748a3237 Heaviness: 6 limit: 5
2019-09-25 12:07:16,880 [grpc-default-executor-1] INFO  impl.RaftServerProxy (RaftServerProxy.java:addNew(89)) - adef09cc-beb2-487d-a020-ad09efbb3e7f: addNew group-A40A66479DEA:[adef09cc-beb2-487d-a020-ad09efbb3e7f:192.168.30.6:35191] returns group-A40A66479DEA:java.util.concurrent.CompletableFuture@d6a9567[Not completed]
2019-09-25 12:07:16,882 [pool-27-thread-1] INFO  impl.RaftServerImpl (RaftServerImpl.java:<init>(95)) - adef09cc-beb2-487d-a020-ad09efbb3e7f: new RaftServerImpl for group-A40A66479DEA:[adef09cc-beb2-487d-a020-ad09efbb3e7f:192.168.30.6:35191] with ContainerStateMachine:uninitialized
2019-09-25 12:07:16,882 [pool-27-thread-1] INFO  server.RaftServerConfigKeys (ConfUtils.java:logGet(43)) - raft.server.rpc.timeout.min = 5s (custom)
2019-09-25 12:07:16,882 [pool-27-thread-1] INFO  server.RaftServerConfigKeys (ConfUtils.java:logGet(43)) - raft.server.rpc.timeout.max = 5200ms (custom)
2019-09-25 12:07:16,882 [pool-27-thread-1] INFO  server.RaftServerConfigKeys (ConfUtils.java:logGet(43)) - raft.server.rpcslowness.timeout = 120s (custom)
2019-09-25 12:07:16,882 [pool-27-thread-1] INFO  server.RaftServerConfigKeys (ConfUtils.java:logGet(43)) - raft.server.sleep.deviation.threshold = 300 (default)
2019-09-25 12:07:16,883 [pool-27-thread-1] INFO  server.RaftServerConfigKeys (ConfUtils.java:logGet(43)) - raft.server.log.appender.install.snapshot.enabled = false (custom)
2019-09-25 12:07:16,883 [pool-27-thread-1] INFO  impl.RaftServerImpl (ServerState.java:<init>(103)) - adef09cc-beb2-487d-a020-ad09efbb3e7f@group-A40A66479DEA: ConfigurationManager, init=-1: [adef09cc-beb2-487d-a020-ad09efbb3e7f:192.168.30.6:35191], old=null, confs=<EMPTY_MAP>
2019-09-25 12:07:16,883 [pool-27-thread-1] INFO  server.RaftServerConfigKeys (ConfUtils.java:logGet(43)) - raft.server.storage.dir = [/workdir/hadoop-ozone/tools/target/test-dir/MiniOzoneClusterImpl-6e39606f-4d17-4d5b-8507-ba9bdf76dca7/datanode-0/data/ratis] (custom)
2019-09-25 12:07:16,883 [pool-27-thread-1] INFO  storage.RaftStorageDirectory (RaftStorageDirectory.java:analyzeStorage(246)) - The storage directory /workdir/hadoop-ozone/tools/target/test-dir/MiniOzoneClusterImpl-6e39606f-4d17-4d5b-8507-ba9bdf76dca7/datanode-0/data/ratis/a5214d4d-8d88-40e5-bad7-a40a66479dea does not exist. Creating ...
2019-09-25 12:07:16,896 [pool-27-thread-1] INFO  storage.RaftStorageDirectory (RaftStorageDirectory.java:tryLock(328)) - Lock on /workdir/hadoop-ozone/tools/target/test-dir/MiniOzoneClusterImpl-6e39606f-4d17-4d5b-8507-ba9bdf76dca7/datanode-0/data/ratis/a5214d4d-8d88-40e5-bad7-a40a66479dea/in_use.lock acquired by nodename 17398@pr-hdds-1569-5gmkr-4255264070
2019-09-25 12:07:16,909 [pool-27-thread-1] INFO  storage.RaftStorage (RaftStorage.java:format(72)) - Storage directory /workdir/hadoop-ozone/tools/target/test-dir/MiniOzoneClusterImpl-6e39606f-4d17-4d5b-8507-ba9bdf76dca7/datanode-0/data/ratis/a5214d4d-8d88-40e5-bad7-a40a66479dea has been successfully formatted.
2019-09-25 12:07:16,909 [pool-27-thread-1] INFO  ratis.ContainerStateMachine (ContainerStateMachine.java:loadSnapshot(230)) - group-A40A66479DEA: The snapshot info is null. Setting the last applied indexto:(t:0, i:~)
2019-09-25 12:07:16,910 [pool-27-thread-1] INFO  server.RaftServerConfigKeys (ConfUtils.java:logGet(43)) - raft.server.notification.no-leader.timeout = 120s (custom)
2019-09-25 12:07:16,910 [pool-27-thread-1] INFO  server.RaftServerConfigKeys (ConfUtils.java:logGet(43)) - raft.server.log.use.memory = false (default)
2019-09-25 12:07:16,910 [pool-27-thread-1] INFO  server.RaftServerConfigKeys (ConfUtils.java:logGet(43)) - raft.server.log.purge.gap = 1000000 (custom)
2019-09-25 12:07:16,910 [pool-27-thread-1] INFO  server.RaftServerConfigKeys (ConfUtils.java:logGet(43)) - raft.server.log.appender.buffer.byte-limit = 33554432 (custom)
2019-09-25 12:07:16,910 [pool-27-thread-1] INFO  server.RaftServerConfigKeys (ConfUtils.java:logGet(43)) - raft.server.log.segment.size.max = 1048576 (custom)
2019-09-25 12:07:16,910 [pool-27-thread-1] INFO  server.RaftServerConfigKeys (ConfUtils.java:logGet(43)) - raft.server.log.segment.cache.num.max = 2 (custom)
2019-09-25 12:07:16,910 [pool-27-thread-1] INFO  segmented.SegmentedRaftLogWorker (SegmentedRaftLogWorker.java:<init>(172)) - new adef09cc-beb2-487d-a020-ad09efbb3e7f@group-A40A66479DEA-SegmentedRaftLogWorker for RaftStorage:Storage Directory /workdir/hadoop-ozone/tools/target/test-dir/MiniOzoneClusterImpl-6e39606f-4d17-4d5b-8507-ba9bdf76dca7/datanode-0/data/ratis/a5214d4d-8d88-40e5-bad7-a40a66479dea
2019-09-25 12:07:16,911 [pool-27-thread-1] INFO  server.RaftServerConfigKeys (ConfUtils.java:logGet(43)) - raft.server.log.queue.byte-limit = 2147483647 (custom)
2019-09-25 12:07:16,911 [pool-27-thread-1] INFO  server.RaftServerConfigKeys (ConfUtils.java:logGet(43)) - raft.server.log.queue.element-limit = 1024 (custom)
2019-09-25 12:07:16,911 [pool-27-thread-1] INFO  server.RaftServerConfigKeys (ConfUtils.java:logGet(43)) - raft.server.log.segment.size.max = 1048576 (custom)
2019-09-25 12:07:16,911 [pool-27-thread-1] INFO  server.RaftServerConfigKeys (ConfUtils.java:logGet(43)) - raft.server.log.preallocated.size = 16384 (custom)
2019-09-25 12:07:16,911 [pool-27-thread-1] INFO  server.RaftServerConfigKeys (ConfUtils.java:logGet(43)) - raft.server.log.write.buffer.size = 33554432 (custom)
2019-09-25 12:07:16,911 [pool-27-thread-1] INFO  server.RaftServerConfigKeys (ConfUtils.java:logGet(43)) - raft.server.log.force.sync.num = 128 (default)
2019-09-25 12:07:16,911 [pool-27-thread-1] INFO  server.RaftServerConfigKeys (ConfUtils.java:logGet(43)) - raft.server.log.statemachine.data.sync = true (default)
2019-09-25 12:07:16,911 [pool-27-thread-1] INFO  server.RaftServerConfigKeys (ConfUtils.java:logGet(43)) - raft.server.log.statemachine.data.sync.timeout = 10s (default)
2019-09-25 12:07:16,912 [pool-27-thread-1] INFO  server.RaftServerConfigKeys (ConfUtils.java:logGet(43)) - raft.server.log.statemachine.data.sync.timeout.retry = -1 (default)
2019-09-25 12:07:16,912 [pool-27-thread-1] INFO  server.RaftServerConfigKeys (ConfUtils.java:logGet(43)) - raft.server.log.statemachine.data.caching.enabled = true (custom)
2019-09-25 12:07:16,913 [pool-27-thread-1] INFO  segmented.SegmentedRaftLogWorker (SegmentedRaftLogWorker.java:lambda$new$0(132)) - adef09cc-beb2-487d-a020-ad09efbb3e7f@group-A40A66479DEA-SegmentedRaftLogWorker: flushIndex: setUnconditionally 0 -> -1
2019-09-25 12:07:16,913 [pool-27-thread-1] INFO  server.RaftServerConfigKeys (ConfUtils.java:logGet(43)) - raft.server.snapshot.auto.trigger.enabled = true (custom)
2019-09-25 12:07:16,913 [pool-27-thread-1] INFO  server.RaftServerConfigKeys (ConfUtils.java:logGet(43)) - raft.server.snapshot.auto.trigger.threshold = 10000 (custom)
2019-09-25 12:07:16,913 [pool-27-thread-1] INFO  server.RaftServerConfigKeys (ConfUtils.java:logGet(43)) - raft.server.snapshot.retention.num.files = 5 (custom)
2019-09-25 12:07:16,913 [pool-27-thread-1] INFO  server.RaftServerConfigKeys (ConfUtils.java:logGet(43)) - raft.server.retrycache.expirytime = 600000ms (custom)
2019-09-25 12:07:16,915 [pool-27-thread-1] INFO  impl.RaftServerImpl (RaftServerImpl.java:start(185)) - adef09cc-beb2-487d-a020-ad09efbb3e7f@group-A40A66479DEA: start as a follower, conf=-1: [adef09cc-beb2-487d-a020-ad09efbb3e7f:192.168.30.6:35191], old=null
2019-09-25 12:07:16,916 [pool-27-thread-1] INFO  impl.RaftServerImpl (RaftServerImpl.java:setRole(174)) - adef09cc-beb2-487d-a020-ad09efbb3e7f@group-A40A66479DEA: changes role from      null to FOLLOWER at term 0 for startAsFollower
2019-09-25 12:07:16,916 [pool-27-thread-1] INFO  impl.RoleInfo (RoleInfo.java:updateAndGet(143)) - adef09cc-beb2-487d-a020-ad09efbb3e7f: start FollowerState
2019-09-25 12:07:16,916 [pool-27-thread-1] INFO  util.JmxRegister (JmxRegister.java:tryRegister(44)) - Successfully registered JMX Bean with object name Ratis:service=RaftServer,group=group-A40A66479DEA,id=adef09cc-beb2-487d-a020-ad09efbb3e7f
2019-09-25 12:07:16,920 [RatisPipelineUtilsThread] INFO  pipeline.PipelineStateManager (PipelineStateManager.java:addPipeline(56)) - Created pipeline Pipeline[ Id: a5214d4d-8d88-40e5-bad7-a40a66479dea, Nodes: adef09cc-beb2-487d-a020-ad09efbb3e7f{ip: 192.168.30.6, host: pr-hdds-1569-5gmkr-4255264070, networkLocation: /default-rack, certSerialId: null}, Type:RATIS, Factor:ONE, State:OPEN]
2019-09-25 12:07:16,920 [RatisPipelineUtilsThread] INFO  pipeline.PipelinePlacementPolicy (PipelinePlacementPolicy.java:meetCriteria(91)) - Pipeline Placement: can't place more pipeline on heavy datanode： 90a5e23b-d3dc-4a6b-9838-81ba7f1d625e Heaviness: 6 limit: 5
2019-09-25 12:07:16,920 [RatisPipelineUtilsThread] INFO  pipeline.PipelinePlacementPolicy (PipelinePlacementPolicy.java:meetCriteria(91)) - Pipeline Placement: can't place more pipeline on heavy datanode： a4c605ab-ce77-4bc9-be78-a28a748a3237 Heaviness: 6 limit: 5
2019-09-25 12:07:16,932 [grpc-default-executor-1] INFO  impl.RaftServerProxy (RaftServerProxy.java:addNew(89)) - adef09cc-beb2-487d-a020-ad09efbb3e7f: addNew group-91C29703A286:[adef09cc-beb2-487d-a020-ad09efbb3e7f:192.168.30.6:35191] returns group-91C29703A286:java.util.concurrent.CompletableFuture@2a5637de[Not completed]
2019-09-25 12:07:16,933 [pool-27-thread-1] INFO  impl.RaftServerImpl (RaftServerImpl.java:<init>(95)) - adef09cc-beb2-487d-a020-ad09efbb3e7f: new RaftServerImpl for group-91C29703A286:[adef09cc-beb2-487d-a020-ad09efbb3e7f:192.168.30.6:35191] with ContainerStateMachine:uninitialized
2019-09-25 12:07:16,933 [pool-27-thread-1] INFO  server.RaftServerConfigKeys (ConfUtils.java:logGet(43)) - raft.server.rpc.timeout.min = 5s (custom)
2019-09-25 12:07:16,933 [pool-27-thread-1] INFO  server.RaftServerConfigKeys (ConfUtils.java:logGet(43)) - raft.server.rpc.timeout.max = 5200ms (custom)
2019-09-25 12:07:16,933 [pool-27-thread-1] INFO  server.RaftServerConfigKeys (ConfUtils.java:logGet(43)) - raft.server.rpcslowness.timeout = 120s (custom)
2019-09-25 12:07:16,933 [pool-27-thread-1] INFO  server.RaftServerConfigKeys (ConfUtils.java:logGet(43)) - raft.server.sleep.deviation.threshold = 300 (default)
2019-09-25 12:07:16,934 [pool-27-thread-1] INFO  server.RaftServerConfigKeys (ConfUtils.java:logGet(43)) - raft.server.log.appender.install.snapshot.enabled = false (custom)
2019-09-25 12:07:16,934 [pool-27-thread-1] INFO  impl.RaftServerImpl (ServerState.java:<init>(103)) - adef09cc-beb2-487d-a020-ad09efbb3e7f@group-91C29703A286: ConfigurationManager, init=-1: [adef09cc-beb2-487d-a020-ad09efbb3e7f:192.168.30.6:35191], old=null, confs=<EMPTY_MAP>
2019-09-25 12:07:16,934 [pool-27-thread-1] INFO  server.RaftServerConfigKeys (ConfUtils.java:logGet(43)) - raft.server.storage.dir = [/workdir/hadoop-ozone/tools/target/test-dir/MiniOzoneClusterImpl-6e39606f-4d17-4d5b-8507-ba9bdf76dca7/datanode-0/data/ratis] (custom)
2019-09-25 12:07:16,934 [pool-27-thread-1] INFO  storage.RaftStorageDirectory (RaftStorageDirectory.java:analyzeStorage(246)) - The storage directory /workdir/hadoop-ozone/tools/target/test-dir/MiniOzoneClusterImpl-6e39606f-4d17-4d5b-8507-ba9bdf76dca7/datanode-0/data/ratis/2f085161-3f15-471a-b485-91c29703a286 does not exist. Creating ...
2019-09-25 12:07:16,947 [pool-27-thread-1] INFO  storage.RaftStorageDirectory (RaftStorageDirectory.java:tryLock(328)) - Lock on /workdir/hadoop-ozone/tools/target/test-dir/MiniOzoneClusterImpl-6e39606f-4d17-4d5b-8507-ba9bdf76dca7/datanode-0/data/ratis/2f085161-3f15-471a-b485-91c29703a286/in_use.lock acquired by nodename 17398@pr-hdds-1569-5gmkr-4255264070
2019-09-25 12:07:16,959 [pool-27-thread-1] INFO  storage.RaftStorage (RaftStorage.java:format(72)) - Storage directory /workdir/hadoop-ozone/tools/target/test-dir/MiniOzoneClusterImpl-6e39606f-4d17-4d5b-8507-ba9bdf76dca7/datanode-0/data/ratis/2f085161-3f15-471a-b485-91c29703a286 has been successfully formatted.
2019-09-25 12:07:16,960 [pool-27-thread-1] INFO  ratis.ContainerStateMachine (ContainerStateMachine.java:loadSnapshot(230)) - group-91C29703A286: The snapshot info is null. Setting the last applied indexto:(t:0, i:~)
2019-09-25 12:07:16,960 [pool-27-thread-1] INFO  server.RaftServerConfigKeys (ConfUtils.java:logGet(43)) - raft.server.notification.no-leader.timeout = 120s (custom)
2019-09-25 12:07:16,960 [pool-27-thread-1] INFO  server.RaftServerConfigKeys (ConfUtils.java:logGet(43)) - raft.server.log.use.memory = false (default)
2019-09-25 12:07:16,960 [pool-27-thread-1] INFO  server.RaftServerConfigKeys (ConfUtils.java:logGet(43)) - raft.server.log.purge.gap = 1000000 (custom)
2019-09-25 12:07:16,960 [pool-27-thread-1] INFO  server.RaftServerConfigKeys (ConfUtils.java:logGet(43)) - raft.server.log.appender.buffer.byte-limit = 33554432 (custom)
2019-09-25 12:07:16,960 [pool-27-thread-1] INFO  server.RaftServerConfigKeys (ConfUtils.java:logGet(43)) - raft.server.log.segment.size.max = 1048576 (custom)
2019-09-25 12:07:16,960 [pool-27-thread-1] INFO  server.RaftServerConfigKeys (ConfUtils.java:logGet(43)) - raft.server.log.segment.cache.num.max = 2 (custom)
2019-09-25 12:07:16,960 [pool-27-thread-1] INFO  segmented.SegmentedRaftLogWorker (SegmentedRaftLogWorker.java:<init>(172)) - new adef09cc-beb2-487d-a020-ad09efbb3e7f@group-91C29703A286-SegmentedRaftLogWorker for RaftStorage:Storage Directory /workdir/hadoop-ozone/tools/target/test-dir/MiniOzoneClusterImpl-6e39606f-4d17-4d5b-8507-ba9bdf76dca7/datanode-0/data/ratis/2f085161-3f15-471a-b485-91c29703a286
2019-09-25 12:07:16,961 [pool-27-thread-1] INFO  server.RaftServerConfigKeys (ConfUtils.java:logGet(43)) - raft.server.log.queue.byte-limit = 2147483647 (custom)
2019-09-25 12:07:16,961 [pool-27-thread-1] INFO  server.RaftServerConfigKeys (ConfUtils.java:logGet(43)) - raft.server.log.queue.element-limit = 1024 (custom)
2019-09-25 12:07:16,961 [pool-27-thread-1] INFO  server.RaftServerConfigKeys (ConfUtils.java:logGet(43)) - raft.server.log.segment.size.max = 1048576 (custom)
2019-09-25 12:07:16,961 [pool-27-thread-1] INFO  server.RaftServerConfigKeys (ConfUtils.java:logGet(43)) - raft.server.log.preallocated.size = 16384 (custom)
2019-09-25 12:07:16,961 [pool-27-thread-1] INFO  server.RaftServerConfigKeys (ConfUtils.java:logGet(43)) - raft.server.log.write.buffer.size = 33554432 (custom)
2019-09-25 12:07:16,961 [pool-27-thread-1] INFO  server.RaftServerConfigKeys (ConfUtils.java:logGet(43)) - raft.server.log.force.sync.num = 128 (default)
2019-09-25 12:07:16,961 [pool-27-thread-1] INFO  server.RaftServerConfigKeys (ConfUtils.java:logGet(43)) - raft.server.log.statemachine.data.sync = true (default)
2019-09-25 12:07:16,961 [pool-27-thread-1] INFO  server.RaftServerConfigKeys (ConfUtils.java:logGet(43)) - raft.server.log.statemachine.data.sync.timeout = 10s (default)
2019-09-25 12:07:16,961 [pool-27-thread-1] INFO  server.RaftServerConfigKeys (ConfUtils.java:logGet(43)) - raft.server.log.statemachine.data.sync.timeout.retry = -1 (default)
2019-09-25 12:07:16,962 [pool-27-thread-1] INFO  server.RaftServerConfigKeys (ConfUtils.java:logGet(43)) - raft.server.log.statemachine.data.caching.enabled = true (custom)
2019-09-25 12:07:16,962 [pool-27-thread-1] INFO  segmented.SegmentedRaftLogWorker (SegmentedRaftLogWorker.java:lambda$new$0(132)) - adef09cc-beb2-487d-a020-ad09efbb3e7f@group-91C29703A286-SegmentedRaftLogWorker: flushIndex: setUnconditionally 0 -> -1
2019-09-25 12:07:16,962 [pool-27-thread-1] INFO  server.RaftServerConfigKeys (ConfUtils.java:logGet(43)) - raft.server.snapshot.auto.trigger.enabled = true (custom)
2019-09-25 12:07:16,962 [pool-27-thread-1] INFO  server.RaftServerConfigKeys (ConfUtils.java:logGet(43)) - raft.server.snapshot.auto.trigger.threshold = 10000 (custom)
2019-09-25 12:07:16,962 [pool-27-thread-1] INFO  server.RaftServerConfigKeys (ConfUtils.java:logGet(43)) - raft.server.snapshot.retention.num.files = 5 (custom)
2019-09-25 12:07:16,962 [pool-27-thread-1] INFO  server.RaftServerConfigKeys (ConfUtils.java:logGet(43)) - raft.server.retrycache.expirytime = 600000ms (custom)
2019-09-25 12:07:16,965 [pool-27-thread-1] INFO  impl.RaftServerImpl (RaftServerImpl.java:start(185)) - adef09cc-beb2-487d-a020-ad09efbb3e7f@group-91C29703A286: start as a follower, conf=-1: [adef09cc-beb2-487d-a020-ad09efbb3e7f:192.168.30.6:35191], old=null
2019-09-25 12:07:16,965 [pool-27-thread-1] INFO  impl.RaftServerImpl (RaftServerImpl.java:setRole(174)) - adef09cc-beb2-487d-a020-ad09efbb3e7f@group-91C29703A286: changes role from      null to FOLLOWER at term 0 for startAsFollower
2019-09-25 12:07:16,965 [pool-27-thread-1] INFO  impl.RoleInfo (RoleInfo.java:updateAndGet(143)) - adef09cc-beb2-487d-a020-ad09efbb3e7f: start FollowerState
2019-09-25 12:07:16,965 [pool-27-thread-1] INFO  util.JmxRegister (JmxRegister.java:tryRegister(44)) - Successfully registered JMX Bean with object name Ratis:service=RaftServer,group=group-91C29703A286,id=adef09cc-beb2-487d-a020-ad09efbb3e7f
2019-09-25 12:07:16,970 [RatisPipelineUtilsThread] INFO  pipeline.PipelineStateManager (PipelineStateManager.java:addPipeline(56)) - Created pipeline Pipeline[ Id: 2f085161-3f15-471a-b485-91c29703a286, Nodes: adef09cc-beb2-487d-a020-ad09efbb3e7f{ip: 192.168.30.6, host: pr-hdds-1569-5gmkr-4255264070, networkLocation: /default-rack, certSerialId: null}, Type:RATIS, Factor:ONE, State:OPEN]
2019-09-25 12:07:16,971 [RatisPipelineUtilsThread] INFO  pipeline.PipelinePlacementPolicy (PipelinePlacementPolicy.java:meetCriteria(91)) - Pipeline Placement: can't place more pipeline on heavy datanode： 90a5e23b-d3dc-4a6b-9838-81ba7f1d625e Heaviness: 6 limit: 5
2019-09-25 12:07:16,971 [RatisPipelineUtilsThread] INFO  pipeline.PipelinePlacementPolicy (PipelinePlacementPolicy.java:meetCriteria(91)) - Pipeline Placement: can't place more pipeline on heavy datanode： a4c605ab-ce77-4bc9-be78-a28a748a3237 Heaviness: 6 limit: 5
2019-09-25 12:07:16,983 [grpc-default-executor-1] INFO  impl.RaftServerProxy (RaftServerProxy.java:addNew(89)) - adef09cc-beb2-487d-a020-ad09efbb3e7f: addNew group-CAC311A7B829:[adef09cc-beb2-487d-a020-ad09efbb3e7f:192.168.30.6:35191] returns group-CAC311A7B829:java.util.concurrent.CompletableFuture@4fe23e2[Not completed]
2019-09-25 12:07:16,984 [pool-27-thread-1] INFO  impl.RaftServerImpl (RaftServerImpl.java:<init>(95)) - adef09cc-beb2-487d-a020-ad09efbb3e7f: new RaftServerImpl for group-CAC311A7B829:[adef09cc-beb2-487d-a020-ad09efbb3e7f:192.168.30.6:35191] with ContainerStateMachine:uninitialized
2019-09-25 12:07:16,984 [pool-27-thread-1] INFO  server.RaftServerConfigKeys (ConfUtils.java:logGet(43)) - raft.server.rpc.timeout.min = 5s (custom)
2019-09-25 12:07:16,984 [pool-27-thread-1] INFO  server.RaftServerConfigKeys (ConfUtils.java:logGet(43)) - raft.server.rpc.timeout.max = 5200ms (custom)
2019-09-25 12:07:16,984 [pool-27-thread-1] INFO  server.RaftServerConfigKeys (ConfUtils.java:logGet(43)) - raft.server.rpcslowness.timeout = 120s (custom)
2019-09-25 12:07:16,985 [pool-27-thread-1] INFO  server.RaftServerConfigKeys (ConfUtils.java:logGet(43)) - raft.server.sleep.deviation.threshold = 300 (default)
2019-09-25 12:07:16,985 [pool-27-thread-1] INFO  server.RaftServerConfigKeys (ConfUtils.java:logGet(43)) - raft.server.log.appender.install.snapshot.enabled = false (custom)
2019-09-25 12:07:16,985 [pool-27-thread-1] INFO  impl.RaftServerImpl (ServerState.java:<init>(103)) - adef09cc-beb2-487d-a020-ad09efbb3e7f@group-CAC311A7B829: ConfigurationManager, init=-1: [adef09cc-beb2-487d-a020-ad09efbb3e7f:192.168.30.6:35191], old=null, confs=<EMPTY_MAP>
2019-09-25 12:07:16,985 [pool-27-thread-1] INFO  server.RaftServerConfigKeys (ConfUtils.java:logGet(43)) - raft.server.storage.dir = [/workdir/hadoop-ozone/tools/target/test-dir/MiniOzoneClusterImpl-6e39606f-4d17-4d5b-8507-ba9bdf76dca7/datanode-0/data/ratis] (custom)
2019-09-25 12:07:16,985 [pool-27-thread-1] INFO  storage.RaftStorageDirectory (RaftStorageDirectory.java:analyzeStorage(246)) - The storage directory /workdir/hadoop-ozone/tools/target/test-dir/MiniOzoneClusterImpl-6e39606f-4d17-4d5b-8507-ba9bdf76dca7/datanode-0/data/ratis/bae2d5b4-41d3-4b2b-b4bc-cac311a7b829 does not exist. Creating ...
2019-09-25 12:07:16,998 [pool-27-thread-1] INFO  storage.RaftStorageDirectory (RaftStorageDirectory.java:tryLock(328)) - Lock on /workdir/hadoop-ozone/tools/target/test-dir/MiniOzoneClusterImpl-6e39606f-4d17-4d5b-8507-ba9bdf76dca7/datanode-0/data/ratis/bae2d5b4-41d3-4b2b-b4bc-cac311a7b829/in_use.lock acquired by nodename 17398@pr-hdds-1569-5gmkr-4255264070
2019-09-25 12:07:17,010 [pool-27-thread-1] INFO  storage.RaftStorage (RaftStorage.java:format(72)) - Storage directory /workdir/hadoop-ozone/tools/target/test-dir/MiniOzoneClusterImpl-6e39606f-4d17-4d5b-8507-ba9bdf76dca7/datanode-0/data/ratis/bae2d5b4-41d3-4b2b-b4bc-cac311a7b829 has been successfully formatted.
2019-09-25 12:07:17,011 [pool-27-thread-1] INFO  ratis.ContainerStateMachine (ContainerStateMachine.java:loadSnapshot(230)) - group-CAC311A7B829: The snapshot info is null. Setting the last applied indexto:(t:0, i:~)
2019-09-25 12:07:17,011 [pool-27-thread-1] INFO  server.RaftServerConfigKeys (ConfUtils.java:logGet(43)) - raft.server.notification.no-leader.timeout = 120s (custom)
2019-09-25 12:07:17,011 [pool-27-thread-1] INFO  server.RaftServerConfigKeys (ConfUtils.java:logGet(43)) - raft.server.log.use.memory = false (default)
2019-09-25 12:07:17,011 [pool-27-thread-1] INFO  server.RaftServerConfigKeys (ConfUtils.java:logGet(43)) - raft.server.log.purge.gap = 1000000 (custom)
2019-09-25 12:07:17,011 [pool-27-thread-1] INFO  server.RaftServerConfigKeys (ConfUtils.java:logGet(43)) - raft.server.log.appender.buffer.byte-limit = 33554432 (custom)
2019-09-25 12:07:17,011 [pool-27-thread-1] INFO  server.RaftServerConfigKeys (ConfUtils.java:logGet(43)) - raft.server.log.segment.size.max = 1048576 (custom)
2019-09-25 12:07:17,011 [pool-27-thread-1] INFO  server.RaftServerConfigKeys (ConfUtils.java:logGet(43)) - raft.server.log.segment.cache.num.max = 2 (custom)
2019-09-25 12:07:17,011 [pool-27-thread-1] INFO  segmented.SegmentedRaftLogWorker (SegmentedRaftLogWorker.java:<init>(172)) - new adef09cc-beb2-487d-a020-ad09efbb3e7f@group-CAC311A7B829-SegmentedRaftLogWorker for RaftStorage:Storage Directory /workdir/hadoop-ozone/tools/target/test-dir/MiniOzoneClusterImpl-6e39606f-4d17-4d5b-8507-ba9bdf76dca7/datanode-0/data/ratis/bae2d5b4-41d3-4b2b-b4bc-cac311a7b829
2019-09-25 12:07:17,012 [pool-27-thread-1] INFO  server.RaftServerConfigKeys (ConfUtils.java:logGet(43)) - raft.server.log.queue.byte-limit = 2147483647 (custom)
2019-09-25 12:07:17,012 [pool-27-thread-1] INFO  server.RaftServerConfigKeys (ConfUtils.java:logGet(43)) - raft.server.log.queue.element-limit = 1024 (custom)
2019-09-25 12:07:17,012 [pool-27-thread-1] INFO  server.RaftServerConfigKeys (ConfUtils.java:logGet(43)) - raft.server.log.segment.size.max = 1048576 (custom)
2019-09-25 12:07:17,012 [pool-27-thread-1] INFO  server.RaftServerConfigKeys (ConfUtils.java:logGet(43)) - raft.server.log.preallocated.size = 16384 (custom)
2019-09-25 12:07:17,012 [pool-27-thread-1] INFO  server.RaftServerConfigKeys (ConfUtils.java:logGet(43)) - raft.server.log.write.buffer.size = 33554432 (custom)
2019-09-25 12:07:17,012 [pool-27-thread-1] INFO  server.RaftServerConfigKeys (ConfUtils.java:logGet(43)) - raft.server.log.force.sync.num = 128 (default)
2019-09-25 12:07:17,012 [pool-27-thread-1] INFO  server.RaftServerConfigKeys (ConfUtils.java:logGet(43)) - raft.server.log.statemachine.data.sync = true (default)
2019-09-25 12:07:17,012 [pool-27-thread-1] INFO  server.RaftServerConfigKeys (ConfUtils.java:logGet(43)) - raft.server.log.statemachine.data.sync.timeout = 10s (default)
2019-09-25 12:07:17,012 [pool-27-thread-1] INFO  server.RaftServerConfigKeys (ConfUtils.java:logGet(43)) - raft.server.log.statemachine.data.sync.timeout.retry = -1 (default)
2019-09-25 12:07:17,013 [pool-27-thread-1] INFO  server.RaftServerConfigKeys (ConfUtils.java:logGet(43)) - raft.server.log.statemachine.data.caching.enabled = true (custom)
2019-09-25 12:07:17,013 [pool-27-thread-1] INFO  segmented.SegmentedRaftLogWorker (SegmentedRaftLogWorker.java:lambda$new$0(132)) - adef09cc-beb2-487d-a020-ad09efbb3e7f@group-CAC311A7B829-SegmentedRaftLogWorker: flushIndex: setUnconditionally 0 -> -1
2019-09-25 12:07:17,013 [pool-27-thread-1] INFO  server.RaftServerConfigKeys (ConfUtils.java:logGet(43)) - raft.server.snapshot.auto.trigger.enabled = true (custom)
2019-09-25 12:07:17,013 [pool-27-thread-1] INFO  server.RaftServerConfigKeys (ConfUtils.java:logGet(43)) - raft.server.snapshot.auto.trigger.threshold = 10000 (custom)
2019-09-25 12:07:17,013 [pool-27-thread-1] INFO  server.RaftServerConfigKeys (ConfUtils.java:logGet(43)) - raft.server.snapshot.retention.num.files = 5 (custom)
2019-09-25 12:07:17,013 [pool-27-thread-1] INFO  server.RaftServerConfigKeys (ConfUtils.java:logGet(43)) - raft.server.retrycache.expirytime = 600000ms (custom)
2019-09-25 12:07:17,015 [pool-27-thread-1] INFO  impl.RaftServerImpl (RaftServerImpl.java:start(185)) - adef09cc-beb2-487d-a020-ad09efbb3e7f@group-CAC311A7B829: start as a follower, conf=-1: [adef09cc-beb2-487d-a020-ad09efbb3e7f:192.168.30.6:35191], old=null
2019-09-25 12:07:17,016 [pool-27-thread-1] INFO  impl.RaftServerImpl (RaftServerImpl.java:setRole(174)) - adef09cc-beb2-487d-a020-ad09efbb3e7f@group-CAC311A7B829: changes role from      null to FOLLOWER at term 0 for startAsFollower
2019-09-25 12:07:17,016 [pool-27-thread-1] INFO  impl.RoleInfo (RoleInfo.java:updateAndGet(143)) - adef09cc-beb2-487d-a020-ad09efbb3e7f: start FollowerState
2019-09-25 12:07:17,016 [pool-27-thread-1] INFO  util.JmxRegister (JmxRegister.java:tryRegister(44)) - Successfully registered JMX Bean with object name Ratis:service=RaftServer,group=group-CAC311A7B829,id=adef09cc-beb2-487d-a020-ad09efbb3e7f
2019-09-25 12:07:17,020 [RatisPipelineUtilsThread] INFO  pipeline.PipelineStateManager (PipelineStateManager.java:addPipeline(56)) - Created pipeline Pipeline[ Id: bae2d5b4-41d3-4b2b-b4bc-cac311a7b829, Nodes: adef09cc-beb2-487d-a020-ad09efbb3e7f{ip: 192.168.30.6, host: pr-hdds-1569-5gmkr-4255264070, networkLocation: /default-rack, certSerialId: null}, Type:RATIS, Factor:ONE, State:OPEN]
2019-09-25 12:07:17,020 [RatisPipelineUtilsThread] INFO  pipeline.PipelinePlacementPolicy (PipelinePlacementPolicy.java:meetCriteria(91)) - Pipeline Placement: can't place more pipeline on heavy datanode： 90a5e23b-d3dc-4a6b-9838-81ba7f1d625e Heaviness: 6 limit: 5
2019-09-25 12:07:17,020 [RatisPipelineUtilsThread] INFO  pipeline.PipelinePlacementPolicy (PipelinePlacementPolicy.java:meetCriteria(91)) - Pipeline Placement: can't place more pipeline on heavy datanode： a4c605ab-ce77-4bc9-be78-a28a748a3237 Heaviness: 6 limit: 5
2019-09-25 12:07:17,031 [grpc-default-executor-1] INFO  impl.RaftServerProxy (RaftServerProxy.java:addNew(89)) - adef09cc-beb2-487d-a020-ad09efbb3e7f: addNew group-AD50ACF1CFD3:[adef09cc-beb2-487d-a020-ad09efbb3e7f:192.168.30.6:35191] returns group-AD50ACF1CFD3:java.util.concurrent.CompletableFuture@1e69d497[Not completed]
2019-09-25 12:07:17,032 [pool-27-thread-1] INFO  impl.RaftServerImpl (RaftServerImpl.java:<init>(95)) - adef09cc-beb2-487d-a020-ad09efbb3e7f: new RaftServerImpl for group-AD50ACF1CFD3:[adef09cc-beb2-487d-a020-ad09efbb3e7f:192.168.30.6:35191] with ContainerStateMachine:uninitialized
2019-09-25 12:07:17,032 [pool-27-thread-1] INFO  server.RaftServerConfigKeys (ConfUtils.java:logGet(43)) - raft.server.rpc.timeout.min = 5s (custom)
2019-09-25 12:07:17,032 [pool-27-thread-1] INFO  server.RaftServerConfigKeys (ConfUtils.java:logGet(43)) - raft.server.rpc.timeout.max = 5200ms (custom)
2019-09-25 12:07:17,033 [pool-27-thread-1] INFO  server.RaftServerConfigKeys (ConfUtils.java:logGet(43)) - raft.server.rpcslowness.timeout = 120s (custom)
2019-09-25 12:07:17,033 [pool-27-thread-1] INFO  server.RaftServerConfigKeys (ConfUtils.java:logGet(43)) - raft.server.sleep.deviation.threshold = 300 (default)
2019-09-25 12:07:17,033 [pool-27-thread-1] INFO  server.RaftServerConfigKeys (ConfUtils.java:logGet(43)) - raft.server.log.appender.install.snapshot.enabled = false (custom)
2019-09-25 12:07:17,033 [pool-27-thread-1] INFO  impl.RaftServerImpl (ServerState.java:<init>(103)) - adef09cc-beb2-487d-a020-ad09efbb3e7f@group-AD50ACF1CFD3: ConfigurationManager, init=-1: [adef09cc-beb2-487d-a020-ad09efbb3e7f:192.168.30.6:35191], old=null, confs=<EMPTY_MAP>
2019-09-25 12:07:17,033 [pool-27-thread-1] INFO  server.RaftServerConfigKeys (ConfUtils.java:logGet(43)) - raft.server.storage.dir = [/workdir/hadoop-ozone/tools/target/test-dir/MiniOzoneClusterImpl-6e39606f-4d17-4d5b-8507-ba9bdf76dca7/datanode-0/data/ratis] (custom)
2019-09-25 12:07:17,033 [pool-27-thread-1] INFO  storage.RaftStorageDirectory (RaftStorageDirectory.java:analyzeStorage(246)) - The storage directory /workdir/hadoop-ozone/tools/target/test-dir/MiniOzoneClusterImpl-6e39606f-4d17-4d5b-8507-ba9bdf76dca7/datanode-0/data/ratis/cdc3ed7b-6e49-42b3-b5df-ad50acf1cfd3 does not exist. Creating ...
2019-09-25 12:07:17,046 [pool-27-thread-1] INFO  storage.RaftStorageDirectory (RaftStorageDirectory.java:tryLock(328)) - Lock on /workdir/hadoop-ozone/tools/target/test-dir/MiniOzoneClusterImpl-6e39606f-4d17-4d5b-8507-ba9bdf76dca7/datanode-0/data/ratis/cdc3ed7b-6e49-42b3-b5df-ad50acf1cfd3/in_use.lock acquired by nodename 17398@pr-hdds-1569-5gmkr-4255264070
2019-09-25 12:07:17,059 [pool-27-thread-1] INFO  storage.RaftStorage (RaftStorage.java:format(72)) - Storage directory /workdir/hadoop-ozone/tools/target/test-dir/MiniOzoneClusterImpl-6e39606f-4d17-4d5b-8507-ba9bdf76dca7/datanode-0/data/ratis/cdc3ed7b-6e49-42b3-b5df-ad50acf1cfd3 has been successfully formatted.
2019-09-25 12:07:17,059 [pool-27-thread-1] INFO  ratis.ContainerStateMachine (ContainerStateMachine.java:loadSnapshot(230)) - group-AD50ACF1CFD3: The snapshot info is null. Setting the last applied indexto:(t:0, i:~)
2019-09-25 12:07:17,060 [pool-27-thread-1] INFO  server.RaftServerConfigKeys (ConfUtils.java:logGet(43)) - raft.server.notification.no-leader.timeout = 120s (custom)
2019-09-25 12:07:17,060 [pool-27-thread-1] INFO  server.RaftServerConfigKeys (ConfUtils.java:logGet(43)) - raft.server.log.use.memory = false (default)
2019-09-25 12:07:17,060 [pool-27-thread-1] INFO  server.RaftServerConfigKeys (ConfUtils.java:logGet(43)) - raft.server.log.purge.gap = 1000000 (custom)
2019-09-25 12:07:17,060 [pool-27-thread-1] INFO  server.RaftServerConfigKeys (ConfUtils.java:logGet(43)) - raft.server.log.appender.buffer.byte-limit = 33554432 (custom)
2019-09-25 12:07:17,060 [pool-27-thread-1] INFO  server.RaftServerConfigKeys (ConfUtils.java:logGet(43)) - raft.server.log.segment.size.max = 1048576 (custom)
2019-09-25 12:07:17,060 [pool-27-thread-1] INFO  server.RaftServerConfigKeys (ConfUtils.java:logGet(43)) - raft.server.log.segment.cache.num.max = 2 (custom)
2019-09-25 12:07:17,060 [pool-27-thread-1] INFO  segmented.SegmentedRaftLogWorker (SegmentedRaftLogWorker.java:<init>(172)) - new adef09cc-beb2-487d-a020-ad09efbb3e7f@group-AD50ACF1CFD3-SegmentedRaftLogWorker for RaftStorage:Storage Directory /workdir/hadoop-ozone/tools/target/test-dir/MiniOzoneClusterImpl-6e39606f-4d17-4d5b-8507-ba9bdf76dca7/datanode-0/data/ratis/cdc3ed7b-6e49-42b3-b5df-ad50acf1cfd3
2019-09-25 12:07:17,060 [pool-27-thread-1] INFO  server.RaftServerConfigKeys (ConfUtils.java:logGet(43)) - raft.server.log.queue.byte-limit = 2147483647 (custom)
2019-09-25 12:07:17,061 [pool-27-thread-1] INFO  server.RaftServerConfigKeys (ConfUtils.java:logGet(43)) - raft.server.log.queue.element-limit = 1024 (custom)
2019-09-25 12:07:17,061 [pool-27-thread-1] INFO  server.RaftServerConfigKeys (ConfUtils.java:logGet(43)) - raft.server.log.segment.size.max = 1048576 (custom)
2019-09-25 12:07:17,061 [pool-27-thread-1] INFO  server.RaftServerConfigKeys (ConfUtils.java:logGet(43)) - raft.server.log.preallocated.size = 16384 (custom)
2019-09-25 12:07:17,061 [pool-27-thread-1] INFO  server.RaftServerConfigKeys (ConfUtils.java:logGet(43)) - raft.server.log.write.buffer.size = 33554432 (custom)
2019-09-25 12:07:17,061 [pool-27-thread-1] INFO  server.RaftServerConfigKeys (ConfUtils.java:logGet(43)) - raft.server.log.force.sync.num = 128 (default)
2019-09-25 12:07:17,061 [pool-27-thread-1] INFO  server.RaftServerConfigKeys (ConfUtils.java:logGet(43)) - raft.server.log.statemachine.data.sync = true (default)
2019-09-25 12:07:17,061 [pool-27-thread-1] INFO  server.RaftServerConfigKeys (ConfUtils.java:logGet(43)) - raft.server.log.statemachine.data.sync.timeout = 10s (default)
2019-09-25 12:07:17,061 [pool-27-thread-1] INFO  server.RaftServerConfigKeys (ConfUtils.java:logGet(43)) - raft.server.log.statemachine.data.sync.timeout.retry = -1 (default)
2019-09-25 12:07:17,062 [pool-27-thread-1] INFO  server.RaftServerConfigKeys (ConfUtils.java:logGet(43)) - raft.server.log.statemachine.data.caching.enabled = true (custom)
2019-09-25 12:07:17,062 [pool-27-thread-1] INFO  segmented.SegmentedRaftLogWorker (SegmentedRaftLogWorker.java:lambda$new$0(132)) - adef09cc-beb2-487d-a020-ad09efbb3e7f@group-AD50ACF1CFD3-SegmentedRaftLogWorker: flushIndex: setUnconditionally 0 -> -1
2019-09-25 12:07:17,062 [pool-27-thread-1] INFO  server.RaftServerConfigKeys (ConfUtils.java:logGet(43)) - raft.server.snapshot.auto.trigger.enabled = true (custom)
2019-09-25 12:07:17,062 [pool-27-thread-1] INFO  server.RaftServerConfigKeys (ConfUtils.java:logGet(43)) - raft.server.snapshot.auto.trigger.threshold = 10000 (custom)
2019-09-25 12:07:17,062 [pool-27-thread-1] INFO  server.RaftServerConfigKeys (ConfUtils.java:logGet(43)) - raft.server.snapshot.retention.num.files = 5 (custom)
2019-09-25 12:07:17,062 [pool-27-thread-1] INFO  server.RaftServerConfigKeys (ConfUtils.java:logGet(43)) - raft.server.retrycache.expirytime = 600000ms (custom)
2019-09-25 12:07:17,064 [pool-27-thread-1] INFO  impl.RaftServerImpl (RaftServerImpl.java:start(185)) - adef09cc-beb2-487d-a020-ad09efbb3e7f@group-AD50ACF1CFD3: start as a follower, conf=-1: [adef09cc-beb2-487d-a020-ad09efbb3e7f:192.168.30.6:35191], old=null
2019-09-25 12:07:17,065 [pool-27-thread-1] INFO  impl.RaftServerImpl (RaftServerImpl.java:setRole(174)) - adef09cc-beb2-487d-a020-ad09efbb3e7f@group-AD50ACF1CFD3: changes role from      null to FOLLOWER at term 0 for startAsFollower
2019-09-25 12:07:17,065 [pool-27-thread-1] INFO  impl.RoleInfo (RoleInfo.java:updateAndGet(143)) - adef09cc-beb2-487d-a020-ad09efbb3e7f: start FollowerState
2019-09-25 12:07:17,065 [pool-27-thread-1] INFO  util.JmxRegister (JmxRegister.java:tryRegister(44)) - Successfully registered JMX Bean with object name Ratis:service=RaftServer,group=group-AD50ACF1CFD3,id=adef09cc-beb2-487d-a020-ad09efbb3e7f
2019-09-25 12:07:17,069 [RatisPipelineUtilsThread] INFO  pipeline.PipelineStateManager (PipelineStateManager.java:addPipeline(56)) - Created pipeline Pipeline[ Id: cdc3ed7b-6e49-42b3-b5df-ad50acf1cfd3, Nodes: adef09cc-beb2-487d-a020-ad09efbb3e7f{ip: 192.168.30.6, host: pr-hdds-1569-5gmkr-4255264070, networkLocation: /default-rack, certSerialId: null}, Type:RATIS, Factor:ONE, State:OPEN]
2019-09-25 12:07:17,069 [RatisPipelineUtilsThread] INFO  pipeline.PipelinePlacementPolicy (PipelinePlacementPolicy.java:meetCriteria(91)) - Pipeline Placement: can't place more pipeline on heavy datanode： adef09cc-beb2-487d-a020-ad09efbb3e7f Heaviness: 6 limit: 5
2019-09-25 12:07:17,070 [RatisPipelineUtilsThread] INFO  pipeline.PipelinePlacementPolicy (PipelinePlacementPolicy.java:meetCriteria(91)) - Pipeline Placement: can't place more pipeline on heavy datanode： 90a5e23b-d3dc-4a6b-9838-81ba7f1d625e Heaviness: 6 limit: 5
2019-09-25 12:07:17,070 [RatisPipelineUtilsThread] INFO  pipeline.PipelinePlacementPolicy (PipelinePlacementPolicy.java:meetCriteria(91)) - Pipeline Placement: can't place more pipeline on heavy datanode： a4c605ab-ce77-4bc9-be78-a28a748a3237 Heaviness: 6 limit: 5
2019-09-25 12:07:17,070 [RatisPipelineUtilsThread] ERROR pipeline.PipelinePlacementPolicy (PipelinePlacementPolicy.java:filterViableNodes(148)) - Unable to find enough nodes that meet the criteria that cannot engage in more than 5 pipelines. Nodes required: 1 Found: 0, healthy nodes count inNodeManager: 3.
2019-09-25 12:07:17,072 [RatisPipelineUtilsThread] ERROR pipeline.SCMPipelineManager (SCMPipelineManager.java:createPipeline(167)) - Pipeline creation failed.
org.apache.hadoop.hdds.scm.exceptions.SCMException: Unable to find enough nodes that meet the criteria that cannot engage in more than 5 pipelines. Nodes required: 1 Found: 0, healthy nodes count inNodeManager: 3.
	at org.apache.hadoop.hdds.scm.pipeline.PipelinePlacementPolicy.filterViableNodes(PipelinePlacementPolicy.java:149)
	at org.apache.hadoop.hdds.scm.pipeline.PipelinePlacementPolicy.chooseDatanodes(PipelinePlacementPolicy.java:172)
	at org.apache.hadoop.hdds.scm.pipeline.RatisPipelineProvider.create(RatisPipelineProvider.java:93)
	at org.apache.hadoop.hdds.scm.pipeline.PipelineFactory.create(PipelineFactory.java:58)
	at org.apache.hadoop.hdds.scm.pipeline.SCMPipelineManager.createPipeline(SCMPipelineManager.java:155)
	at org.apache.hadoop.hdds.scm.pipeline.BackgroundPipelineCreator.createPipelines(BackgroundPipelineCreator.java:99)
	at java.util.concurrent.Executors$RunnableAdapter.call(Executors.java:511)
	at java.util.concurrent.FutureTask.run(FutureTask.java:266)
	at java.util.concurrent.ScheduledThreadPoolExecutor$ScheduledFutureTask.access$201(ScheduledThreadPoolExecutor.java:180)
	at java.util.concurrent.ScheduledThreadPoolExecutor$ScheduledFutureTask.run(ScheduledThreadPoolExecutor.java:293)
	at java.util.concurrent.ThreadPoolExecutor.runWorker(ThreadPoolExecutor.java:1149)
	at java.util.concurrent.ThreadPoolExecutor$Worker.run(ThreadPoolExecutor.java:624)
	at java.lang.Thread.run(Thread.java:748)
2019-09-25 12:07:17,073 [RatisPipelineUtilsThread] INFO  pipeline.PipelinePlacementPolicy (PipelinePlacementPolicy.java:meetCriteria(91)) - Pipeline Placement: can't place more pipeline on heavy datanode： adef09cc-beb2-487d-a020-ad09efbb3e7f Heaviness: 6 limit: 5
2019-09-25 12:07:17,073 [RatisPipelineUtilsThread] INFO  pipeline.PipelinePlacementPolicy (PipelinePlacementPolicy.java:meetCriteria(91)) - Pipeline Placement: can't place more pipeline on heavy datanode： 90a5e23b-d3dc-4a6b-9838-81ba7f1d625e Heaviness: 6 limit: 5
2019-09-25 12:07:17,073 [RatisPipelineUtilsThread] INFO  pipeline.PipelinePlacementPolicy (PipelinePlacementPolicy.java:meetCriteria(91)) - Pipeline Placement: can't place more pipeline on heavy datanode： a4c605ab-ce77-4bc9-be78-a28a748a3237 Heaviness: 6 limit: 5
2019-09-25 12:07:17,074 [RatisPipelineUtilsThread] ERROR pipeline.PipelinePlacementPolicy (PipelinePlacementPolicy.java:filterViableNodes(148)) - Unable to find enough nodes that meet the criteria that cannot engage in more than 5 pipelines. Nodes required: 3 Found: 0, healthy nodes count inNodeManager: 3.
2019-09-25 12:07:17,074 [RatisPipelineUtilsThread] ERROR pipeline.SCMPipelineManager (SCMPipelineManager.java:createPipeline(167)) - Pipeline creation failed.
org.apache.hadoop.hdds.scm.exceptions.SCMException: Unable to find enough nodes that meet the criteria that cannot engage in more than 5 pipelines. Nodes required: 3 Found: 0, healthy nodes count inNodeManager: 3.
	at org.apache.hadoop.hdds.scm.pipeline.PipelinePlacementPolicy.filterViableNodes(PipelinePlacementPolicy.java:149)
	at org.apache.hadoop.hdds.scm.pipeline.PipelinePlacementPolicy.chooseDatanodes(PipelinePlacementPolicy.java:172)
	at org.apache.hadoop.hdds.scm.pipeline.RatisPipelineProvider.create(RatisPipelineProvider.java:93)
	at org.apache.hadoop.hdds.scm.pipeline.PipelineFactory.create(PipelineFactory.java:58)
	at org.apache.hadoop.hdds.scm.pipeline.SCMPipelineManager.createPipeline(SCMPipelineManager.java:155)
	at org.apache.hadoop.hdds.scm.pipeline.BackgroundPipelineCreator.createPipelines(BackgroundPipelineCreator.java:99)
	at java.util.concurrent.Executors$RunnableAdapter.call(Executors.java:511)
	at java.util.concurrent.FutureTask.run(FutureTask.java:266)
	at java.util.concurrent.ScheduledThreadPoolExecutor$ScheduledFutureTask.access$201(ScheduledThreadPoolExecutor.java:180)
	at java.util.concurrent.ScheduledThreadPoolExecutor$ScheduledFutureTask.run(ScheduledThreadPoolExecutor.java:293)
	at java.util.concurrent.ThreadPoolExecutor.runWorker(ThreadPoolExecutor.java:1149)
	at java.util.concurrent.ThreadPoolExecutor$Worker.run(ThreadPoolExecutor.java:624)
	at java.lang.Thread.run(Thread.java:748)
2019-09-25 12:07:17,074 [RatisPipelineUtilsThread] INFO  pipeline.PipelinePlacementPolicy (PipelinePlacementPolicy.java:meetCriteria(91)) - Pipeline Placement: can't place more pipeline on heavy datanode： adef09cc-beb2-487d-a020-ad09efbb3e7f Heaviness: 6 limit: 5
2019-09-25 12:07:17,074 [RatisPipelineUtilsThread] INFO  pipeline.PipelinePlacementPolicy (PipelinePlacementPolicy.java:meetCriteria(91)) - Pipeline Placement: can't place more pipeline on heavy datanode： 90a5e23b-d3dc-4a6b-9838-81ba7f1d625e Heaviness: 6 limit: 5
2019-09-25 12:07:17,074 [RatisPipelineUtilsThread] INFO  pipeline.PipelinePlacementPolicy (PipelinePlacementPolicy.java:meetCriteria(91)) - Pipeline Placement: can't place more pipeline on heavy datanode： a4c605ab-ce77-4bc9-be78-a28a748a3237 Heaviness: 6 limit: 5
2019-09-25 12:07:17,074 [RatisPipelineUtilsThread] ERROR pipeline.PipelinePlacementPolicy (PipelinePlacementPolicy.java:filterViableNodes(148)) - Unable to find enough nodes that meet the criteria that cannot engage in more than 5 pipelines. Nodes required: 1 Found: 0, healthy nodes count inNodeManager: 3.
2019-09-25 12:07:17,075 [RatisPipelineUtilsThread] ERROR pipeline.SCMPipelineManager (SCMPipelineManager.java:createPipeline(167)) - Pipeline creation failed.
org.apache.hadoop.hdds.scm.exceptions.SCMException: Unable to find enough nodes that meet the criteria that cannot engage in more than 5 pipelines. Nodes required: 1 Found: 0, healthy nodes count inNodeManager: 3.
	at org.apache.hadoop.hdds.scm.pipeline.PipelinePlacementPolicy.filterViableNodes(PipelinePlacementPolicy.java:149)
	at org.apache.hadoop.hdds.scm.pipeline.PipelinePlacementPolicy.chooseDatanodes(PipelinePlacementPolicy.java:172)
	at org.apache.hadoop.hdds.scm.pipeline.RatisPipelineProvider.create(RatisPipelineProvider.java:93)
	at org.apache.hadoop.hdds.scm.pipeline.PipelineFactory.create(PipelineFactory.java:58)
	at org.apache.hadoop.hdds.scm.pipeline.SCMPipelineManager.createPipeline(SCMPipelineManager.java:155)
	at org.apache.hadoop.hdds.scm.pipeline.BackgroundPipelineCreator.createPipelines(BackgroundPipelineCreator.java:99)
	at org.apache.hadoop.hdds.scm.pipeline.BackgroundPipelineCreator.lambda$startFixedIntervalPipelineCreator$0(BackgroundPipelineCreator.java:70)
	at java.util.concurrent.Executors$RunnableAdapter.call(Executors.java:511)
	at java.util.concurrent.FutureTask.runAndReset(FutureTask.java:308)
	at java.util.concurrent.ScheduledThreadPoolExecutor$ScheduledFutureTask.access$301(ScheduledThreadPoolExecutor.java:180)
	at java.util.concurrent.ScheduledThreadPoolExecutor$ScheduledFutureTask.run(ScheduledThreadPoolExecutor.java:294)
	at java.util.concurrent.ThreadPoolExecutor.runWorker(ThreadPoolExecutor.java:1149)
	at java.util.concurrent.ThreadPoolExecutor$Worker.run(ThreadPoolExecutor.java:624)
	at java.lang.Thread.run(Thread.java:748)
2019-09-25 12:07:17,075 [RatisPipelineUtilsThread] INFO  pipeline.PipelinePlacementPolicy (PipelinePlacementPolicy.java:meetCriteria(91)) - Pipeline Placement: can't place more pipeline on heavy datanode： adef09cc-beb2-487d-a020-ad09efbb3e7f Heaviness: 6 limit: 5
2019-09-25 12:07:17,075 [RatisPipelineUtilsThread] INFO  pipeline.PipelinePlacementPolicy (PipelinePlacementPolicy.java:meetCriteria(91)) - Pipeline Placement: can't place more pipeline on heavy datanode： 90a5e23b-d3dc-4a6b-9838-81ba7f1d625e Heaviness: 6 limit: 5
2019-09-25 12:07:17,075 [RatisPipelineUtilsThread] INFO  pipeline.PipelinePlacementPolicy (PipelinePlacementPolicy.java:meetCriteria(91)) - Pipeline Placement: can't place more pipeline on heavy datanode： a4c605ab-ce77-4bc9-be78-a28a748a3237 Heaviness: 6 limit: 5
2019-09-25 12:07:17,075 [RatisPipelineUtilsThread] ERROR pipeline.PipelinePlacementPolicy (PipelinePlacementPolicy.java:filterViableNodes(148)) - Unable to find enough nodes that meet the criteria that cannot engage in more than 5 pipelines. Nodes required: 3 Found: 0, healthy nodes count inNodeManager: 3.
2019-09-25 12:07:17,075 [RatisPipelineUtilsThread] ERROR pipeline.SCMPipelineManager (SCMPipelineManager.java:createPipeline(167)) - Pipeline creation failed.
org.apache.hadoop.hdds.scm.exceptions.SCMException: Unable to find enough nodes that meet the criteria that cannot engage in more than 5 pipelines. Nodes required: 3 Found: 0, healthy nodes count inNodeManager: 3.
	at org.apache.hadoop.hdds.scm.pipeline.PipelinePlacementPolicy.filterViableNodes(PipelinePlacementPolicy.java:149)
	at org.apache.hadoop.hdds.scm.pipeline.PipelinePlacementPolicy.chooseDatanodes(PipelinePlacementPolicy.java:172)
	at org.apache.hadoop.hdds.scm.pipeline.RatisPipelineProvider.create(RatisPipelineProvider.java:93)
	at org.apache.hadoop.hdds.scm.pipeline.PipelineFactory.create(PipelineFactory.java:58)
	at org.apache.hadoop.hdds.scm.pipeline.SCMPipelineManager.createPipeline(SCMPipelineManager.java:155)
	at org.apache.hadoop.hdds.scm.pipeline.BackgroundPipelineCreator.createPipelines(BackgroundPipelineCreator.java:99)
	at org.apache.hadoop.hdds.scm.pipeline.BackgroundPipelineCreator.lambda$startFixedIntervalPipelineCreator$0(BackgroundPipelineCreator.java:70)
	at java.util.concurrent.Executors$RunnableAdapter.call(Executors.java:511)
	at java.util.concurrent.FutureTask.runAndReset(FutureTask.java:308)
	at java.util.concurrent.ScheduledThreadPoolExecutor$ScheduledFutureTask.access$301(ScheduledThreadPoolExecutor.java:180)
	at java.util.concurrent.ScheduledThreadPoolExecutor$ScheduledFutureTask.run(ScheduledThreadPoolExecutor.java:294)
	at java.util.concurrent.ThreadPoolExecutor.runWorker(ThreadPoolExecutor.java:1149)
	at java.util.concurrent.ThreadPoolExecutor$Worker.run(ThreadPoolExecutor.java:624)
	at java.lang.Thread.run(Thread.java:748)
2019-09-25 12:07:17,082 [main] INFO  freon.RandomKeyGenerator (RandomKeyGenerator.java:call(283)) - Number of Threads: 10
2019-09-25 12:07:17,083 [main] INFO  freon.RandomKeyGenerator (RandomKeyGenerator.java:call(288)) - Number of Volumes: 1.
2019-09-25 12:07:17,084 [main] INFO  freon.RandomKeyGenerator (RandomKeyGenerator.java:call(289)) - Number of Buckets per Volume: 1.
2019-09-25 12:07:17,084 [main] INFO  freon.RandomKeyGenerator (RandomKeyGenerator.java:call(290)) - Number of Keys per Bucket: 1.
2019-09-25 12:07:17,084 [main] INFO  freon.RandomKeyGenerator (RandomKeyGenerator.java:call(291)) - Key size: 20971520 bytes
2019-09-25 12:07:17,084 [main] INFO  freon.RandomKeyGenerator (RandomKeyGenerator.java:call(292)) - Buffer size: 4096 bytes
2019-09-25 12:07:17,084 [main] INFO  freon.RandomKeyGenerator (RandomKeyGenerator.java:call(293)) - validateWrites : true
2019-09-25 12:07:17,090 [main] INFO  freon.RandomKeyGenerator (RandomKeyGenerator.java:call(307)) - Data validation is enabled.
2019-09-25 12:07:17,092 [main] INFO  freon.RandomKeyGenerator (RandomKeyGenerator.java:call(313)) - Starting progress bar Thread.

 0.00% |█                                                                                                    |  0/1 Time: 0:00:002019-09-25 12:07:17,112 [pool-53-thread-1] INFO  rpc.RpcClient (RpcClient.java:createVolume(276)) - Creating Volume: vol-0-80731, with jenkins1000 as owner.
2019-09-25 12:07:17,222 [IPC Server handler 2 on 38322] INFO  volume.OMVolumeCreateRequest (OMVolumeCreateRequest.java:validateAndUpdateCache(189)) - created volume:vol-0-80731 for user:jenkins1000
2019-09-25 12:07:17,263 [pool-53-thread-2] INFO  rpc.RpcClient (RpcClient.java:createBucket(415)) - Creating Bucket: vol-0-80731/bucket-0-16940, with Versioning false and Storage Type set to DISK and Encryption set to false 
2019-09-25 12:07:17,648 [IPC Server handler 1 on 40284] INFO  pipeline.PipelinePlacementPolicy (PipelinePlacementPolicy.java:meetCriteria(91)) - Pipeline Placement: can't place more pipeline on heavy datanode： adef09cc-beb2-487d-a020-ad09efbb3e7f Heaviness: 6 limit: 5
2019-09-25 12:07:17,648 [IPC Server handler 1 on 40284] INFO  pipeline.PipelinePlacementPolicy (PipelinePlacementPolicy.java:meetCriteria(91)) - Pipeline Placement: can't place more pipeline on heavy datanode： 90a5e23b-d3dc-4a6b-9838-81ba7f1d625e Heaviness: 6 limit: 5
2019-09-25 12:07:17,648 [IPC Server handler 1 on 40284] INFO  pipeline.PipelinePlacementPolicy (PipelinePlacementPolicy.java:meetCriteria(91)) - Pipeline Placement: can't place more pipeline on heavy datanode： a4c605ab-ce77-4bc9-be78-a28a748a3237 Heaviness: 6 limit: 5
2019-09-25 12:07:17,649 [IPC Server handler 1 on 40284] ERROR pipeline.PipelinePlacementPolicy (PipelinePlacementPolicy.java:filterViableNodes(148)) - Unable to find enough nodes that meet the criteria that cannot engage in more than 5 pipelines. Nodes required: 3 Found: 0, healthy nodes count inNodeManager: 3.
2019-09-25 12:07:17,649 [IPC Server handler 1 on 40284] ERROR pipeline.SCMPipelineManager (SCMPipelineManager.java:createPipeline(167)) - Pipeline creation failed.
org.apache.hadoop.hdds.scm.exceptions.SCMException: Unable to find enough nodes that meet the criteria that cannot engage in more than 5 pipelines. Nodes required: 3 Found: 0, healthy nodes count inNodeManager: 3.
	at org.apache.hadoop.hdds.scm.pipeline.PipelinePlacementPolicy.filterViableNodes(PipelinePlacementPolicy.java:149)
	at org.apache.hadoop.hdds.scm.pipeline.PipelinePlacementPolicy.chooseDatanodes(PipelinePlacementPolicy.java:172)
	at org.apache.hadoop.hdds.scm.pipeline.RatisPipelineProvider.create(RatisPipelineProvider.java:93)
	at org.apache.hadoop.hdds.scm.pipeline.PipelineFactory.create(PipelineFactory.java:58)
	at org.apache.hadoop.hdds.scm.pipeline.SCMPipelineManager.createPipeline(SCMPipelineManager.java:155)
	at org.apache.hadoop.hdds.scm.block.BlockManagerImpl.allocateBlock(BlockManagerImpl.java:190)
	at org.apache.hadoop.hdds.scm.server.SCMBlockProtocolServer.allocateBlock(SCMBlockProtocolServer.java:182)
	at org.apache.hadoop.ozone.protocolPB.ScmBlockLocationProtocolServerSideTranslatorPB.allocateScmBlock(ScmBlockLocationProtocolServerSideTranslatorPB.java:183)
	at org.apache.hadoop.ozone.protocolPB.ScmBlockLocationProtocolServerSideTranslatorPB.processMessage(ScmBlockLocationProtocolServerSideTranslatorPB.java:141)
	at org.apache.hadoop.ozone.protocolPB.ScmBlockLocationProtocolServerSideTranslatorPB.send(ScmBlockLocationProtocolServerSideTranslatorPB.java:116)
	at org.apache.hadoop.hdds.protocol.proto.ScmBlockLocationProtocolProtos$ScmBlockLocationProtocolService$2.callBlockingMethod(ScmBlockLocationProtocolProtos.java:13157)
	at org.apache.hadoop.ipc.ProtobufRpcEngine$Server$ProtoBufRpcInvoker.call(ProtobufRpcEngine.java:524)
	at org.apache.hadoop.ipc.RPC$Server.call(RPC.java:1025)
	at org.apache.hadoop.ipc.Server$RpcCall.run(Server.java:876)
	at org.apache.hadoop.ipc.Server$RpcCall.run(Server.java:822)
	at java.security.AccessController.doPrivileged(Native Method)
	at javax.security.auth.Subject.doAs(Subject.java:422)
	at org.apache.hadoop.security.UserGroupInformation.doAs(UserGroupInformation.java:1730)
	at org.apache.hadoop.ipc.Server$Handler.run(Server.java:2682)
2019-09-25 12:07:17,650 [IPC Server handler 1 on 40284] WARN  block.BlockManagerImpl (BlockManagerImpl.java:allocateBlock(192)) - Pipeline creation failed for type:RATIS factor:THREE. Retrying get pipelines call once.
org.apache.hadoop.hdds.scm.exceptions.SCMException: Unable to find enough nodes that meet the criteria that cannot engage in more than 5 pipelines. Nodes required: 3 Found: 0, healthy nodes count inNodeManager: 3.
	at org.apache.hadoop.hdds.scm.pipeline.PipelinePlacementPolicy.filterViableNodes(PipelinePlacementPolicy.java:149)
	at org.apache.hadoop.hdds.scm.pipeline.PipelinePlacementPolicy.chooseDatanodes(PipelinePlacementPolicy.java:172)
	at org.apache.hadoop.hdds.scm.pipeline.RatisPipelineProvider.create(RatisPipelineProvider.java:93)
	at org.apache.hadoop.hdds.scm.pipeline.PipelineFactory.create(PipelineFactory.java:58)
	at org.apache.hadoop.hdds.scm.pipeline.SCMPipelineManager.createPipeline(SCMPipelineManager.java:155)
	at org.apache.hadoop.hdds.scm.block.BlockManagerImpl.allocateBlock(BlockManagerImpl.java:190)
	at org.apache.hadoop.hdds.scm.server.SCMBlockProtocolServer.allocateBlock(SCMBlockProtocolServer.java:182)
	at org.apache.hadoop.ozone.protocolPB.ScmBlockLocationProtocolServerSideTranslatorPB.allocateScmBlock(ScmBlockLocationProtocolServerSideTranslatorPB.java:183)
	at org.apache.hadoop.ozone.protocolPB.ScmBlockLocationProtocolServerSideTranslatorPB.processMessage(ScmBlockLocationProtocolServerSideTranslatorPB.java:141)
	at org.apache.hadoop.ozone.protocolPB.ScmBlockLocationProtocolServerSideTranslatorPB.send(ScmBlockLocationProtocolServerSideTranslatorPB.java:116)
	at org.apache.hadoop.hdds.protocol.proto.ScmBlockLocationProtocolProtos$ScmBlockLocationProtocolService$2.callBlockingMethod(ScmBlockLocationProtocolProtos.java:13157)
	at org.apache.hadoop.ipc.ProtobufRpcEngine$Server$ProtoBufRpcInvoker.call(ProtobufRpcEngine.java:524)
	at org.apache.hadoop.ipc.RPC$Server.call(RPC.java:1025)
	at org.apache.hadoop.ipc.Server$RpcCall.run(Server.java:876)
	at org.apache.hadoop.ipc.Server$RpcCall.run(Server.java:822)
	at java.security.AccessController.doPrivileged(Native Method)
	at javax.security.auth.Subject.doAs(Subject.java:422)
	at org.apache.hadoop.security.UserGroupInformation.doAs(UserGroupInformation.java:1730)
	at org.apache.hadoop.ipc.Server$Handler.run(Server.java:2682)
2019-09-25 12:07:17,650 [IPC Server handler 1 on 40284] INFO  block.BlockManagerImpl (BlockManagerImpl.java:allocateBlock(198)) - Could not find available pipeline of type:RATIS and factor:THREE even after retrying
2019-09-25 12:07:17,650 [IPC Server handler 1 on 40284] ERROR block.BlockManagerImpl (BlockManagerImpl.java:allocateBlock(222)) - Unable to allocate a block for the size: 4194304, type: RATIS, factor: THREE
2019-09-25 12:07:17,651 [IPC Server handler 1 on 40284] INFO  pipeline.PipelinePlacementPolicy (PipelinePlacementPolicy.java:meetCriteria(91)) - Pipeline Placement: can't place more pipeline on heavy datanode： adef09cc-beb2-487d-a020-ad09efbb3e7f Heaviness: 6 limit: 5
2019-09-25 12:07:17,651 [IPC Server handler 1 on 40284] INFO  pipeline.PipelinePlacementPolicy (PipelinePlacementPolicy.java:meetCriteria(91)) - Pipeline Placement: can't place more pipeline on heavy datanode： 90a5e23b-d3dc-4a6b-9838-81ba7f1d625e Heaviness: 6 limit: 5
2019-09-25 12:07:17,651 [IPC Server handler 1 on 40284] INFO  pipeline.PipelinePlacementPolicy (PipelinePlacementPolicy.java:meetCriteria(91)) - Pipeline Placement: can't place more pipeline on heavy datanode： a4c605ab-ce77-4bc9-be78-a28a748a3237 Heaviness: 6 limit: 5
2019-09-25 12:07:17,651 [IPC Server handler 1 on 40284] ERROR pipeline.PipelinePlacementPolicy (PipelinePlacementPolicy.java:filterViableNodes(148)) - Unable to find enough nodes that meet the criteria that cannot engage in more than 5 pipelines. Nodes required: 3 Found: 0, healthy nodes count inNodeManager: 3.
2019-09-25 12:07:17,652 [IPC Server handler 1 on 40284] ERROR pipeline.SCMPipelineManager (SCMPipelineManager.java:createPipeline(167)) - Pipeline creation failed.
org.apache.hadoop.hdds.scm.exceptions.SCMException: Unable to find enough nodes that meet the criteria that cannot engage in more than 5 pipelines. Nodes required: 3 Found: 0, healthy nodes count inNodeManager: 3.
	at org.apache.hadoop.hdds.scm.pipeline.PipelinePlacementPolicy.filterViableNodes(PipelinePlacementPolicy.java:149)
	at org.apache.hadoop.hdds.scm.pipeline.PipelinePlacementPolicy.chooseDatanodes(PipelinePlacementPolicy.java:172)
	at org.apache.hadoop.hdds.scm.pipeline.RatisPipelineProvider.create(RatisPipelineProvider.java:93)
	at org.apache.hadoop.hdds.scm.pipeline.PipelineFactory.create(PipelineFactory.java:58)
	at org.apache.hadoop.hdds.scm.pipeline.SCMPipelineManager.createPipeline(SCMPipelineManager.java:155)
	at org.apache.hadoop.hdds.scm.block.BlockManagerImpl.allocateBlock(BlockManagerImpl.java:190)
	at org.apache.hadoop.hdds.scm.server.SCMBlockProtocolServer.allocateBlock(SCMBlockProtocolServer.java:182)
	at org.apache.hadoop.ozone.protocolPB.ScmBlockLocationProtocolServerSideTranslatorPB.allocateScmBlock(ScmBlockLocationProtocolServerSideTranslatorPB.java:183)
	at org.apache.hadoop.ozone.protocolPB.ScmBlockLocationProtocolServerSideTranslatorPB.processMessage(ScmBlockLocationProtocolServerSideTranslatorPB.java:141)
	at org.apache.hadoop.ozone.protocolPB.ScmBlockLocationProtocolServerSideTranslatorPB.send(ScmBlockLocationProtocolServerSideTranslatorPB.java:116)
	at org.apache.hadoop.hdds.protocol.proto.ScmBlockLocationProtocolProtos$ScmBlockLocationProtocolService$2.callBlockingMethod(ScmBlockLocationProtocolProtos.java:13157)
	at org.apache.hadoop.ipc.ProtobufRpcEngine$Server$ProtoBufRpcInvoker.call(ProtobufRpcEngine.java:524)
	at org.apache.hadoop.ipc.RPC$Server.call(RPC.java:1025)
	at org.apache.hadoop.ipc.Server$RpcCall.run(Server.java:876)
	at org.apache.hadoop.ipc.Server$RpcCall.run(Server.java:822)
	at java.security.AccessController.doPrivileged(Native Method)
	at javax.security.auth.Subject.doAs(Subject.java:422)
	at org.apache.hadoop.security.UserGroupInformation.doAs(UserGroupInformation.java:1730)
	at org.apache.hadoop.ipc.Server$Handler.run(Server.java:2682)
2019-09-25 12:07:17,652 [IPC Server handler 1 on 40284] WARN  block.BlockManagerImpl (BlockManagerImpl.java:allocateBlock(192)) - Pipeline creation failed for type:RATIS factor:THREE. Retrying get pipelines call once.
org.apache.hadoop.hdds.scm.exceptions.SCMException: Unable to find enough nodes that meet the criteria that cannot engage in more than 5 pipelines. Nodes required: 3 Found: 0, healthy nodes count inNodeManager: 3.
	at org.apache.hadoop.hdds.scm.pipeline.PipelinePlacementPolicy.filterViableNodes(PipelinePlacementPolicy.java:149)
	at org.apache.hadoop.hdds.scm.pipeline.PipelinePlacementPolicy.chooseDatanodes(PipelinePlacementPolicy.java:172)
	at org.apache.hadoop.hdds.scm.pipeline.RatisPipelineProvider.create(RatisPipelineProvider.java:93)
	at org.apache.hadoop.hdds.scm.pipeline.PipelineFactory.create(PipelineFactory.java:58)
	at org.apache.hadoop.hdds.scm.pipeline.SCMPipelineManager.createPipeline(SCMPipelineManager.java:155)
	at org.apache.hadoop.hdds.scm.block.BlockManagerImpl.allocateBlock(BlockManagerImpl.java:190)
	at org.apache.hadoop.hdds.scm.server.SCMBlockProtocolServer.allocateBlock(SCMBlockProtocolServer.java:182)
	at org.apache.hadoop.ozone.protocolPB.ScmBlockLocationProtocolServerSideTranslatorPB.allocateScmBlock(ScmBlockLocationProtocolServerSideTranslatorPB.java:183)
	at org.apache.hadoop.ozone.protocolPB.ScmBlockLocationProtocolServerSideTranslatorPB.processMessage(ScmBlockLocationProtocolServerSideTranslatorPB.java:141)
	at org.apache.hadoop.ozone.protocolPB.ScmBlockLocationProtocolServerSideTranslatorPB.send(ScmBlockLocationProtocolServerSideTranslatorPB.java:116)
	at org.apache.hadoop.hdds.protocol.proto.ScmBlockLocationProtocolProtos$ScmBlockLocationProtocolService$2.callBlockingMethod(ScmBlockLocationProtocolProtos.java:13157)
	at org.apache.hadoop.ipc.ProtobufRpcEngine$Server$ProtoBufRpcInvoker.call(ProtobufRpcEngine.java:524)
	at org.apache.hadoop.ipc.RPC$Server.call(RPC.java:1025)
	at org.apache.hadoop.ipc.Server$RpcCall.run(Server.java:876)
	at org.apache.hadoop.ipc.Server$RpcCall.run(Server.java:822)
	at java.security.AccessController.doPrivileged(Native Method)
	at javax.security.auth.Subject.doAs(Subject.java:422)
	at org.apache.hadoop.security.UserGroupInformation.doAs(UserGroupInformation.java:1730)
	at org.apache.hadoop.ipc.Server$Handler.run(Server.java:2682)
2019-09-25 12:07:17,653 [IPC Server handler 1 on 40284] INFO  block.BlockManagerImpl (BlockManagerImpl.java:allocateBlock(198)) - Could not find available pipeline of type:RATIS and factor:THREE even after retrying
2019-09-25 12:07:17,653 [IPC Server handler 1 on 40284] ERROR block.BlockManagerImpl (BlockManagerImpl.java:allocateBlock(222)) - Unable to allocate a block for the size: 4194304, type: RATIS, factor: THREE
2019-09-25 12:07:17,653 [IPC Server handler 1 on 40284] INFO  pipeline.PipelinePlacementPolicy (PipelinePlacementPolicy.java:meetCriteria(91)) - Pipeline Placement: can't place more pipeline on heavy datanode： adef09cc-beb2-487d-a020-ad09efbb3e7f Heaviness: 6 limit: 5
2019-09-25 12:07:17,653 [IPC Server handler 1 on 40284] INFO  pipeline.PipelinePlacementPolicy (PipelinePlacementPolicy.java:meetCriteria(91)) - Pipeline Placement: can't place more pipeline on heavy datanode： 90a5e23b-d3dc-4a6b-9838-81ba7f1d625e Heaviness: 6 limit: 5
2019-09-25 12:07:17,653 [IPC Server handler 1 on 40284] INFO  pipeline.PipelinePlacementPolicy (PipelinePlacementPolicy.java:meetCriteria(91)) - Pipeline Placement: can't place more pipeline on heavy datanode： a4c605ab-ce77-4bc9-be78-a28a748a3237 Heaviness: 6 limit: 5
2019-09-25 12:07:17,654 [IPC Server handler 1 on 40284] ERROR pipeline.PipelinePlacementPolicy (PipelinePlacementPolicy.java:filterViableNodes(148)) - Unable to find enough nodes that meet the criteria that cannot engage in more than 5 pipelines. Nodes required: 3 Found: 0, healthy nodes count inNodeManager: 3.
2019-09-25 12:07:17,654 [IPC Server handler 1 on 40284] ERROR pipeline.SCMPipelineManager (SCMPipelineManager.java:createPipeline(167)) - Pipeline creation failed.
org.apache.hadoop.hdds.scm.exceptions.SCMException: Unable to find enough nodes that meet the criteria that cannot engage in more than 5 pipelines. Nodes required: 3 Found: 0, healthy nodes count inNodeManager: 3.
	at org.apache.hadoop.hdds.scm.pipeline.PipelinePlacementPolicy.filterViableNodes(PipelinePlacementPolicy.java:149)
	at org.apache.hadoop.hdds.scm.pipeline.PipelinePlacementPolicy.chooseDatanodes(PipelinePlacementPolicy.java:172)
	at org.apache.hadoop.hdds.scm.pipeline.RatisPipelineProvider.create(RatisPipelineProvider.java:93)
	at org.apache.hadoop.hdds.scm.pipeline.PipelineFactory.create(PipelineFactory.java:58)
	at org.apache.hadoop.hdds.scm.pipeline.SCMPipelineManager.createPipeline(SCMPipelineManager.java:155)
	at org.apache.hadoop.hdds.scm.block.BlockManagerImpl.allocateBlock(BlockManagerImpl.java:190)
	at org.apache.hadoop.hdds.scm.server.SCMBlockProtocolServer.allocateBlock(SCMBlockProtocolServer.java:182)
	at org.apache.hadoop.ozone.protocolPB.ScmBlockLocationProtocolServerSideTranslatorPB.allocateScmBlock(ScmBlockLocationProtocolServerSideTranslatorPB.java:183)
	at org.apache.hadoop.ozone.protocolPB.ScmBlockLocationProtocolServerSideTranslatorPB.processMessage(ScmBlockLocationProtocolServerSideTranslatorPB.java:141)
	at org.apache.hadoop.ozone.protocolPB.ScmBlockLocationProtocolServerSideTranslatorPB.send(ScmBlockLocationProtocolServerSideTranslatorPB.java:116)
	at org.apache.hadoop.hdds.protocol.proto.ScmBlockLocationProtocolProtos$ScmBlockLocationProtocolService$2.callBlockingMethod(ScmBlockLocationProtocolProtos.java:13157)
	at org.apache.hadoop.ipc.ProtobufRpcEngine$Server$ProtoBufRpcInvoker.call(ProtobufRpcEngine.java:524)
	at org.apache.hadoop.ipc.RPC$Server.call(RPC.java:1025)
	at org.apache.hadoop.ipc.Server$RpcCall.run(Server.java:876)
	at org.apache.hadoop.ipc.Server$RpcCall.run(Server.java:822)
	at java.security.AccessController.doPrivileged(Native Method)
	at javax.security.auth.Subject.doAs(Subject.java:422)
	at org.apache.hadoop.security.UserGroupInformation.doAs(UserGroupInformation.java:1730)
	at org.apache.hadoop.ipc.Server$Handler.run(Server.java:2682)
2019-09-25 12:07:17,654 [IPC Server handler 1 on 40284] WARN  block.BlockManagerImpl (BlockManagerImpl.java:allocateBlock(192)) - Pipeline creation failed for type:RATIS factor:THREE. Retrying get pipelines call once.
org.apache.hadoop.hdds.scm.exceptions.SCMException: Unable to find enough nodes that meet the criteria that cannot engage in more than 5 pipelines. Nodes required: 3 Found: 0, healthy nodes count inNodeManager: 3.
	at org.apache.hadoop.hdds.scm.pipeline.PipelinePlacementPolicy.filterViableNodes(PipelinePlacementPolicy.java:149)
	at org.apache.hadoop.hdds.scm.pipeline.PipelinePlacementPolicy.chooseDatanodes(PipelinePlacementPolicy.java:172)
	at org.apache.hadoop.hdds.scm.pipeline.RatisPipelineProvider.create(RatisPipelineProvider.java:93)
	at org.apache.hadoop.hdds.scm.pipeline.PipelineFactory.create(PipelineFactory.java:58)
	at org.apache.hadoop.hdds.scm.pipeline.SCMPipelineManager.createPipeline(SCMPipelineManager.java:155)
	at org.apache.hadoop.hdds.scm.block.BlockManagerImpl.allocateBlock(BlockManagerImpl.java:190)
	at org.apache.hadoop.hdds.scm.server.SCMBlockProtocolServer.allocateBlock(SCMBlockProtocolServer.java:182)
	at org.apache.hadoop.ozone.protocolPB.ScmBlockLocationProtocolServerSideTranslatorPB.allocateScmBlock(ScmBlockLocationProtocolServerSideTranslatorPB.java:183)
	at org.apache.hadoop.ozone.protocolPB.ScmBlockLocationProtocolServerSideTranslatorPB.processMessage(ScmBlockLocationProtocolServerSideTranslatorPB.java:141)
	at org.apache.hadoop.ozone.protocolPB.ScmBlockLocationProtocolServerSideTranslatorPB.send(ScmBlockLocationProtocolServerSideTranslatorPB.java:116)
	at org.apache.hadoop.hdds.protocol.proto.ScmBlockLocationProtocolProtos$ScmBlockLocationProtocolService$2.callBlockingMethod(ScmBlockLocationProtocolProtos.java:13157)
	at org.apache.hadoop.ipc.ProtobufRpcEngine$Server$ProtoBufRpcInvoker.call(ProtobufRpcEngine.java:524)
	at org.apache.hadoop.ipc.RPC$Server.call(RPC.java:1025)
	at org.apache.hadoop.ipc.Server$RpcCall.run(Server.java:876)
	at org.apache.hadoop.ipc.Server$RpcCall.run(Server.java:822)
	at java.security.AccessController.doPrivileged(Native Method)
	at javax.security.auth.Subject.doAs(Subject.java:422)
	at org.apache.hadoop.security.UserGroupInformation.doAs(UserGroupInformation.java:1730)
	at org.apache.hadoop.ipc.Server$Handler.run(Server.java:2682)
2019-09-25 12:07:17,655 [IPC Server handler 1 on 40284] INFO  block.BlockManagerImpl (BlockManagerImpl.java:allocateBlock(198)) - Could not find available pipeline of type:RATIS and factor:THREE even after retrying
2019-09-25 12:07:17,655 [IPC Server handler 1 on 40284] ERROR block.BlockManagerImpl (BlockManagerImpl.java:allocateBlock(222)) - Unable to allocate a block for the size: 4194304, type: RATIS, factor: THREE
2019-09-25 12:07:17,655 [IPC Server handler 1 on 40284] INFO  pipeline.PipelinePlacementPolicy (PipelinePlacementPolicy.java:meetCriteria(91)) - Pipeline Placement: can't place more pipeline on heavy datanode： adef09cc-beb2-487d-a020-ad09efbb3e7f Heaviness: 6 limit: 5
2019-09-25 12:07:17,655 [IPC Server handler 1 on 40284] INFO  pipeline.PipelinePlacementPolicy (PipelinePlacementPolicy.java:meetCriteria(91)) - Pipeline Placement: can't place more pipeline on heavy datanode： 90a5e23b-d3dc-4a6b-9838-81ba7f1d625e Heaviness: 6 limit: 5
2019-09-25 12:07:17,656 [IPC Server handler 1 on 40284] INFO  pipeline.PipelinePlacementPolicy (PipelinePlacementPolicy.java:meetCriteria(91)) - Pipeline Placement: can't place more pipeline on heavy datanode： a4c605ab-ce77-4bc9-be78-a28a748a3237 Heaviness: 6 limit: 5
2019-09-25 12:07:17,656 [IPC Server handler 1 on 40284] ERROR pipeline.PipelinePlacementPolicy (PipelinePlacementPolicy.java:filterViableNodes(148)) - Unable to find enough nodes that meet the criteria that cannot engage in more than 5 pipelines. Nodes required: 3 Found: 0, healthy nodes count inNodeManager: 3.
2019-09-25 12:07:17,656 [IPC Server handler 1 on 40284] ERROR pipeline.SCMPipelineManager (SCMPipelineManager.java:createPipeline(167)) - Pipeline creation failed.
org.apache.hadoop.hdds.scm.exceptions.SCMException: Unable to find enough nodes that meet the criteria that cannot engage in more than 5 pipelines. Nodes required: 3 Found: 0, healthy nodes count inNodeManager: 3.
	at org.apache.hadoop.hdds.scm.pipeline.PipelinePlacementPolicy.filterViableNodes(PipelinePlacementPolicy.java:149)
	at org.apache.hadoop.hdds.scm.pipeline.PipelinePlacementPolicy.chooseDatanodes(PipelinePlacementPolicy.java:172)
	at org.apache.hadoop.hdds.scm.pipeline.RatisPipelineProvider.create(RatisPipelineProvider.java:93)
	at org.apache.hadoop.hdds.scm.pipeline.PipelineFactory.create(PipelineFactory.java:58)
	at org.apache.hadoop.hdds.scm.pipeline.SCMPipelineManager.createPipeline(SCMPipelineManager.java:155)
	at org.apache.hadoop.hdds.scm.block.BlockManagerImpl.allocateBlock(BlockManagerImpl.java:190)
	at org.apache.hadoop.hdds.scm.server.SCMBlockProtocolServer.allocateBlock(SCMBlockProtocolServer.java:182)
	at org.apache.hadoop.ozone.protocolPB.ScmBlockLocationProtocolServerSideTranslatorPB.allocateScmBlock(ScmBlockLocationProtocolServerSideTranslatorPB.java:183)
	at org.apache.hadoop.ozone.protocolPB.ScmBlockLocationProtocolServerSideTranslatorPB.processMessage(ScmBlockLocationProtocolServerSideTranslatorPB.java:141)
	at org.apache.hadoop.ozone.protocolPB.ScmBlockLocationProtocolServerSideTranslatorPB.send(ScmBlockLocationProtocolServerSideTranslatorPB.java:116)
	at org.apache.hadoop.hdds.protocol.proto.ScmBlockLocationProtocolProtos$ScmBlockLocationProtocolService$2.callBlockingMethod(ScmBlockLocationProtocolProtos.java:13157)
	at org.apache.hadoop.ipc.ProtobufRpcEngine$Server$ProtoBufRpcInvoker.call(ProtobufRpcEngine.java:524)
	at org.apache.hadoop.ipc.RPC$Server.call(RPC.java:1025)
	at org.apache.hadoop.ipc.Server$RpcCall.run(Server.java:876)
	at org.apache.hadoop.ipc.Server$RpcCall.run(Server.java:822)
	at java.security.AccessController.doPrivileged(Native Method)
	at javax.security.auth.Subject.doAs(Subject.java:422)
	at org.apache.hadoop.security.UserGroupInformation.doAs(UserGroupInformation.java:1730)
	at org.apache.hadoop.ipc.Server$Handler.run(Server.java:2682)
2019-09-25 12:07:17,657 [IPC Server handler 1 on 40284] WARN  block.BlockManagerImpl (BlockManagerImpl.java:allocateBlock(192)) - Pipeline creation failed for type:RATIS factor:THREE. Retrying get pipelines call once.
org.apache.hadoop.hdds.scm.exceptions.SCMException: Unable to find enough nodes that meet the criteria that cannot engage in more than 5 pipelines. Nodes required: 3 Found: 0, healthy nodes count inNodeManager: 3.
	at org.apache.hadoop.hdds.scm.pipeline.PipelinePlacementPolicy.filterViableNodes(PipelinePlacementPolicy.java:149)
	at org.apache.hadoop.hdds.scm.pipeline.PipelinePlacementPolicy.chooseDatanodes(PipelinePlacementPolicy.java:172)
	at org.apache.hadoop.hdds.scm.pipeline.RatisPipelineProvider.create(RatisPipelineProvider.java:93)
	at org.apache.hadoop.hdds.scm.pipeline.PipelineFactory.create(PipelineFactory.java:58)
	at org.apache.hadoop.hdds.scm.pipeline.SCMPipelineManager.createPipeline(SCMPipelineManager.java:155)
	at org.apache.hadoop.hdds.scm.block.BlockManagerImpl.allocateBlock(BlockManagerImpl.java:190)
	at org.apache.hadoop.hdds.scm.server.SCMBlockProtocolServer.allocateBlock(SCMBlockProtocolServer.java:182)
	at org.apache.hadoop.ozone.protocolPB.ScmBlockLocationProtocolServerSideTranslatorPB.allocateScmBlock(ScmBlockLocationProtocolServerSideTranslatorPB.java:183)
	at org.apache.hadoop.ozone.protocolPB.ScmBlockLocationProtocolServerSideTranslatorPB.processMessage(ScmBlockLocationProtocolServerSideTranslatorPB.java:141)
	at org.apache.hadoop.ozone.protocolPB.ScmBlockLocationProtocolServerSideTranslatorPB.send(ScmBlockLocationProtocolServerSideTranslatorPB.java:116)
	at org.apache.hadoop.hdds.protocol.proto.ScmBlockLocationProtocolProtos$ScmBlockLocationProtocolService$2.callBlockingMethod(ScmBlockLocationProtocolProtos.java:13157)
	at org.apache.hadoop.ipc.ProtobufRpcEngine$Server$ProtoBufRpcInvoker.call(ProtobufRpcEngine.java:524)
	at org.apache.hadoop.ipc.RPC$Server.call(RPC.java:1025)
	at org.apache.hadoop.ipc.Server$RpcCall.run(Server.java:876)
	at org.apache.hadoop.ipc.Server$RpcCall.run(Server.java:822)
	at java.security.AccessController.doPrivileged(Native Method)
	at javax.security.auth.Subject.doAs(Subject.java:422)
	at org.apache.hadoop.security.UserGroupInformation.doAs(UserGroupInformation.java:1730)
	at org.apache.hadoop.ipc.Server$Handler.run(Server.java:2682)
2019-09-25 12:07:17,657 [IPC Server handler 1 on 40284] INFO  block.BlockManagerImpl (BlockManagerImpl.java:allocateBlock(198)) - Could not find available pipeline of type:RATIS and factor:THREE even after retrying
2019-09-25 12:07:17,657 [IPC Server handler 1 on 40284] ERROR block.BlockManagerImpl (BlockManagerImpl.java:allocateBlock(222)) - Unable to allocate a block for the size: 4194304, type: RATIS, factor: THREE
2019-09-25 12:07:17,658 [IPC Server handler 1 on 40284] INFO  pipeline.PipelinePlacementPolicy (PipelinePlacementPolicy.java:meetCriteria(91)) - Pipeline Placement: can't place more pipeline on heavy datanode： adef09cc-beb2-487d-a020-ad09efbb3e7f Heaviness: 6 limit: 5
2019-09-25 12:07:17,658 [IPC Server handler 1 on 40284] INFO  pipeline.PipelinePlacementPolicy (PipelinePlacementPolicy.java:meetCriteria(91)) - Pipeline Placement: can't place more pipeline on heavy datanode： 90a5e23b-d3dc-4a6b-9838-81ba7f1d625e Heaviness: 6 limit: 5
2019-09-25 12:07:17,658 [IPC Server handler 1 on 40284] INFO  pipeline.PipelinePlacementPolicy (PipelinePlacementPolicy.java:meetCriteria(91)) - Pipeline Placement: can't place more pipeline on heavy datanode： a4c605ab-ce77-4bc9-be78-a28a748a3237 Heaviness: 6 limit: 5
2019-09-25 12:07:17,658 [IPC Server handler 1 on 40284] ERROR pipeline.PipelinePlacementPolicy (PipelinePlacementPolicy.java:filterViableNodes(148)) - Unable to find enough nodes that meet the criteria that cannot engage in more than 5 pipelines. Nodes required: 3 Found: 0, healthy nodes count inNodeManager: 3.
2019-09-25 12:07:17,658 [IPC Server handler 1 on 40284] ERROR pipeline.SCMPipelineManager (SCMPipelineManager.java:createPipeline(167)) - Pipeline creation failed.
org.apache.hadoop.hdds.scm.exceptions.SCMException: Unable to find enough nodes that meet the criteria that cannot engage in more than 5 pipelines. Nodes required: 3 Found: 0, healthy nodes count inNodeManager: 3.
	at org.apache.hadoop.hdds.scm.pipeline.PipelinePlacementPolicy.filterViableNodes(PipelinePlacementPolicy.java:149)
	at org.apache.hadoop.hdds.scm.pipeline.PipelinePlacementPolicy.chooseDatanodes(PipelinePlacementPolicy.java:172)
	at org.apache.hadoop.hdds.scm.pipeline.RatisPipelineProvider.create(RatisPipelineProvider.java:93)
	at org.apache.hadoop.hdds.scm.pipeline.PipelineFactory.create(PipelineFactory.java:58)
	at org.apache.hadoop.hdds.scm.pipeline.SCMPipelineManager.createPipeline(SCMPipelineManager.java:155)
	at org.apache.hadoop.hdds.scm.block.BlockManagerImpl.allocateBlock(BlockManagerImpl.java:190)
	at org.apache.hadoop.hdds.scm.server.SCMBlockProtocolServer.allocateBlock(SCMBlockProtocolServer.java:182)
	at org.apache.hadoop.ozone.protocolPB.ScmBlockLocationProtocolServerSideTranslatorPB.allocateScmBlock(ScmBlockLocationProtocolServerSideTranslatorPB.java:183)
	at org.apache.hadoop.ozone.protocolPB.ScmBlockLocationProtocolServerSideTranslatorPB.processMessage(ScmBlockLocationProtocolServerSideTranslatorPB.java:141)
	at org.apache.hadoop.ozone.protocolPB.ScmBlockLocationProtocolServerSideTranslatorPB.send(ScmBlockLocationProtocolServerSideTranslatorPB.java:116)
	at org.apache.hadoop.hdds.protocol.proto.ScmBlockLocationProtocolProtos$ScmBlockLocationProtocolService$2.callBlockingMethod(ScmBlockLocationProtocolProtos.java:13157)
	at org.apache.hadoop.ipc.ProtobufRpcEngine$Server$ProtoBufRpcInvoker.call(ProtobufRpcEngine.java:524)
	at org.apache.hadoop.ipc.RPC$Server.call(RPC.java:1025)
	at org.apache.hadoop.ipc.Server$RpcCall.run(Server.java:876)
	at org.apache.hadoop.ipc.Server$RpcCall.run(Server.java:822)
	at java.security.AccessController.doPrivileged(Native Method)
	at javax.security.auth.Subject.doAs(Subject.java:422)
	at org.apache.hadoop.security.UserGroupInformation.doAs(UserGroupInformation.java:1730)
	at org.apache.hadoop.ipc.Server$Handler.run(Server.java:2682)
2019-09-25 12:07:17,659 [IPC Server handler 1 on 40284] WARN  block.BlockManagerImpl (BlockManagerImpl.java:allocateBlock(192)) - Pipeline creation failed for type:RATIS factor:THREE. Retrying get pipelines call once.
org.apache.hadoop.hdds.scm.exceptions.SCMException: Unable to find enough nodes that meet the criteria that cannot engage in more than 5 pipelines. Nodes required: 3 Found: 0, healthy nodes count inNodeManager: 3.
	at org.apache.hadoop.hdds.scm.pipeline.PipelinePlacementPolicy.filterViableNodes(PipelinePlacementPolicy.java:149)
	at org.apache.hadoop.hdds.scm.pipeline.PipelinePlacementPolicy.chooseDatanodes(PipelinePlacementPolicy.java:172)
	at org.apache.hadoop.hdds.scm.pipeline.RatisPipelineProvider.create(RatisPipelineProvider.java:93)
	at org.apache.hadoop.hdds.scm.pipeline.PipelineFactory.create(PipelineFactory.java:58)
	at org.apache.hadoop.hdds.scm.pipeline.SCMPipelineManager.createPipeline(SCMPipelineManager.java:155)
	at org.apache.hadoop.hdds.scm.block.BlockManagerImpl.allocateBlock(BlockManagerImpl.java:190)
	at org.apache.hadoop.hdds.scm.server.SCMBlockProtocolServer.allocateBlock(SCMBlockProtocolServer.java:182)
	at org.apache.hadoop.ozone.protocolPB.ScmBlockLocationProtocolServerSideTranslatorPB.allocateScmBlock(ScmBlockLocationProtocolServerSideTranslatorPB.java:183)
	at org.apache.hadoop.ozone.protocolPB.ScmBlockLocationProtocolServerSideTranslatorPB.processMessage(ScmBlockLocationProtocolServerSideTranslatorPB.java:141)
	at org.apache.hadoop.ozone.protocolPB.ScmBlockLocationProtocolServerSideTranslatorPB.send(ScmBlockLocationProtocolServerSideTranslatorPB.java:116)
	at org.apache.hadoop.hdds.protocol.proto.ScmBlockLocationProtocolProtos$ScmBlockLocationProtocolService$2.callBlockingMethod(ScmBlockLocationProtocolProtos.java:13157)
	at org.apache.hadoop.ipc.ProtobufRpcEngine$Server$ProtoBufRpcInvoker.call(ProtobufRpcEngine.java:524)
	at org.apache.hadoop.ipc.RPC$Server.call(RPC.java:1025)
	at org.apache.hadoop.ipc.Server$RpcCall.run(Server.java:876)
	at org.apache.hadoop.ipc.Server$RpcCall.run(Server.java:822)
	at java.security.AccessController.doPrivileged(Native Method)
	at javax.security.auth.Subject.doAs(Subject.java:422)
	at org.apache.hadoop.security.UserGroupInformation.doAs(UserGroupInformation.java:1730)
	at org.apache.hadoop.ipc.Server$Handler.run(Server.java:2682)
2019-09-25 12:07:17,659 [IPC Server handler 1 on 40284] INFO  block.BlockManagerImpl (BlockManagerImpl.java:allocateBlock(198)) - Could not find available pipeline of type:RATIS and factor:THREE even after retrying
2019-09-25 12:07:17,659 [IPC Server handler 1 on 40284] ERROR block.BlockManagerImpl (BlockManagerImpl.java:allocateBlock(222)) - Unable to allocate a block for the size: 4194304, type: RATIS, factor: THREE
2019-09-25 12:07:17,667 [pool-53-thread-3] ERROR freon.RandomKeyGenerator (RandomKeyGenerator.java:createKey(733)) - Exception while adding key: key-0-85633 in bucket: bucket-0-16940 of volume: vol-0-80731.
INTERNAL_ERROR org.apache.hadoop.ozone.om.exceptions.OMException: Allocated 0 blocks. Requested 5 blocks
	at org.apache.hadoop.ozone.om.protocolPB.OzoneManagerProtocolClientSideTranslatorPB.handleError(OzoneManagerProtocolClientSideTranslatorPB.java:732)
	at org.apache.hadoop.ozone.om.protocolPB.OzoneManagerProtocolClientSideTranslatorPB.openKey(OzoneManagerProtocolClientSideTranslatorPB.java:723)
	at sun.reflect.NativeMethodAccessorImpl.invoke0(Native Method)
	at sun.reflect.NativeMethodAccessorImpl.invoke(NativeMethodAccessorImpl.java:62)
	at sun.reflect.DelegatingMethodAccessorImpl.invoke(DelegatingMethodAccessorImpl.java:43)
	at java.lang.reflect.Method.invoke(Method.java:498)
	at org.apache.hadoop.hdds.tracing.TraceAllMethod.invoke(TraceAllMethod.java:66)
	at com.sun.proxy.$Proxy37.openKey(Unknown Source)
	at org.apache.hadoop.ozone.client.rpc.RpcClient.createKey(RpcClient.java:614)
	at org.apache.hadoop.ozone.client.OzoneBucket.createKey(OzoneBucket.java:325)
	at org.apache.hadoop.ozone.freon.RandomKeyGenerator.createKey(RandomKeyGenerator.java:695)
	at org.apache.hadoop.ozone.freon.RandomKeyGenerator.access$1100(RandomKeyGenerator.java:88)
	at org.apache.hadoop.ozone.freon.RandomKeyGenerator$ObjectCreator.run(RandomKeyGenerator.java:615)
	at java.util.concurrent.Executors$RunnableAdapter.call(Executors.java:511)
	at java.util.concurrent.FutureTask.run(FutureTask.java:266)
	at java.util.concurrent.ThreadPoolExecutor.runWorker(ThreadPoolExecutor.java:1149)
	at java.util.concurrent.ThreadPoolExecutor$Worker.run(ThreadPoolExecutor.java:624)
	at java.lang.Thread.run(Thread.java:748)
 0.00% |█                                                                                                    |  0/1 Time: 0:00:012019-09-25 12:07:18,258 [Thread-178] INFO  container.ReplicationManager (ReplicationManager.java:start(163)) - Starting Replication Monitor Thread.
2019-09-25 12:07:18,260 [ReplicationMonitor] INFO  container.ReplicationManager (ReplicationManager.java:run(226)) - Replication Monitor Thread took 1 milliseconds for processing 0 containers.
 0.00% |█                                                                                                    |  0/1 Time: 0:00:02 0.00% |█                                                                                                    |  0/1 Time: 0:00:032019-09-25 12:07:21,010 [Thread-180] INFO  impl.FollowerState (FollowerState.java:run(106)) - adef09cc-beb2-487d-a020-ad09efbb3e7f:group-81629A49ADD6 changes to CANDIDATE, lastRpcTime:5098, electionTimeout:5098ms
2019-09-25 12:07:21,013 [Thread-180] INFO  impl.RoleInfo (RoleInfo.java:shutdownFollowerState(121)) - adef09cc-beb2-487d-a020-ad09efbb3e7f: shutdown FollowerState
2019-09-25 12:07:21,013 [Thread-180] INFO  impl.RaftServerImpl (RaftServerImpl.java:setRole(174)) - adef09cc-beb2-487d-a020-ad09efbb3e7f@group-81629A49ADD6: changes role from  FOLLOWER to CANDIDATE at term 0 for changeToCandidate
2019-09-25 12:07:21,019 [Thread-180] INFO  impl.RoleInfo (RoleInfo.java:updateAndGet(143)) - adef09cc-beb2-487d-a020-ad09efbb3e7f: start LeaderElection
2019-09-25 12:07:21,036 [adef09cc-beb2-487d-a020-ad09efbb3e7f@group-81629A49ADD6:LeaderElection1] INFO  impl.LeaderElection (LeaderElection.java:askForVotes(182)) - adef09cc-beb2-487d-a020-ad09efbb3e7f@group-81629A49ADD6:LeaderElection1: begin an election at term 1 for -1: [adef09cc-beb2-487d-a020-ad09efbb3e7f:192.168.30.6:35191], old=null
2019-09-25 12:07:21,037 [adef09cc-beb2-487d-a020-ad09efbb3e7f@group-81629A49ADD6:LeaderElection1] INFO  impl.RoleInfo (RoleInfo.java:shutdownLeaderElection(134)) - adef09cc-beb2-487d-a020-ad09efbb3e7f: shutdown LeaderElection
2019-09-25 12:07:21,037 [adef09cc-beb2-487d-a020-ad09efbb3e7f@group-81629A49ADD6:LeaderElection1] INFO  impl.RaftServerImpl (RaftServerImpl.java:setRole(174)) - adef09cc-beb2-487d-a020-ad09efbb3e7f@group-81629A49ADD6: changes role from CANDIDATE to LEADER at term 1 for changeToLeader
2019-09-25 12:07:21,037 [adef09cc-beb2-487d-a020-ad09efbb3e7f@group-81629A49ADD6:LeaderElection1] INFO  impl.RaftServerImpl (ServerState.java:setLeader(253)) - adef09cc-beb2-487d-a020-ad09efbb3e7f@group-81629A49ADD6: change Leader from null to adef09cc-beb2-487d-a020-ad09efbb3e7f at term 1 for becomeLeader, leader elected after 5234ms
2019-09-25 12:07:21,042 [adef09cc-beb2-487d-a020-ad09efbb3e7f@group-81629A49ADD6:LeaderElection1] INFO  server.RaftServerConfigKeys (ConfUtils.java:logGet(43)) - raft.server.staging.catchup.gap = 1000 (default)
2019-09-25 12:07:21,042 [adef09cc-beb2-487d-a020-ad09efbb3e7f@group-81629A49ADD6:LeaderElection1] INFO  server.RaftServerConfigKeys (ConfUtils.java:logGet(43)) - raft.server.rpc.sleep.time = 25ms (default)
2019-09-25 12:07:21,044 [adef09cc-beb2-487d-a020-ad09efbb3e7f@group-81629A49ADD6:LeaderElection1] INFO  server.RaftServerConfigKeys (ConfUtils.java:logGet(43)) - raft.server.write.element-limit = 4096 (default)
2019-09-25 12:07:21,046 [adef09cc-beb2-487d-a020-ad09efbb3e7f@group-81629A49ADD6:LeaderElection1] INFO  server.RaftServerConfigKeys (ConfUtils.java:logGet(43)) - raft.server.watch.timeout = 10s (default)
2019-09-25 12:07:21,047 [adef09cc-beb2-487d-a020-ad09efbb3e7f@group-81629A49ADD6:LeaderElection1] INFO  server.RaftServerConfigKeys (ConfUtils.java:logGet(43)) - raft.server.watch.timeout.denomination = 1s (default)
2019-09-25 12:07:21,047 [adef09cc-beb2-487d-a020-ad09efbb3e7f@group-81629A49ADD6:LeaderElection1] INFO  server.RaftServerConfigKeys (ConfUtils.java:logGet(43)) - raft.server.watch.element-limit = 65536 (default)
2019-09-25 12:07:21,056 [adef09cc-beb2-487d-a020-ad09efbb3e7f@group-81629A49ADD6:LeaderElection1] INFO  impl.RoleInfo (RoleInfo.java:updateAndGet(143)) - adef09cc-beb2-487d-a020-ad09efbb3e7f: start LeaderState
2019-09-25 12:07:21,073 [adef09cc-beb2-487d-a020-ad09efbb3e7f@group-81629A49ADD6:LeaderElection1] INFO  segmented.SegmentedRaftLogWorker (SegmentedRaftLogWorker.java:startLogSegment(380)) - adef09cc-beb2-487d-a020-ad09efbb3e7f@group-81629A49ADD6-SegmentedRaftLogWorker: Starting segment from index:0
2019-09-25 12:07:21,080 [adef09cc-beb2-487d-a020-ad09efbb3e7f@group-81629A49ADD6:LeaderElection1] INFO  impl.RaftServerImpl (ServerState.java:setRaftConf(354)) - adef09cc-beb2-487d-a020-ad09efbb3e7f@group-81629A49ADD6: set configuration 0: [adef09cc-beb2-487d-a020-ad09efbb3e7f:192.168.30.6:35191], old=null at 0
 0.00% |█                                                                                                    |  0/1 Time: 0:00:042019-09-25 12:07:21,244 [adef09cc-beb2-487d-a020-ad09efbb3e7f@group-81629A49ADD6-SegmentedRaftLogWorker] INFO  segmented.SegmentedRaftLogWorker (SegmentedRaftLogWorker.java:execute(569)) - adef09cc-beb2-487d-a020-ad09efbb3e7f@group-81629A49ADD6-SegmentedRaftLogWorker: created new log segment /workdir/hadoop-ozone/tools/target/test-dir/MiniOzoneClusterImpl-6e39606f-4d17-4d5b-8507-ba9bdf76dca7/datanode-0/data/ratis/cb9a2d05-0854-4eeb-bfe3-81629a49add6/current/log_inprogress_0
2019-09-25 12:07:21,252 [Thread-183] INFO  impl.FollowerState (FollowerState.java:run(106)) - 90a5e23b-d3dc-4a6b-9838-81ba7f1d625e:group-8CDA0846DBD3 changes to CANDIDATE, lastRpcTime:5183, electionTimeout:5183ms
2019-09-25 12:07:21,254 [Thread-183] INFO  impl.RoleInfo (RoleInfo.java:shutdownFollowerState(121)) - 90a5e23b-d3dc-4a6b-9838-81ba7f1d625e: shutdown FollowerState
2019-09-25 12:07:21,254 [Thread-183] INFO  impl.RaftServerImpl (RaftServerImpl.java:setRole(174)) - 90a5e23b-d3dc-4a6b-9838-81ba7f1d625e@group-8CDA0846DBD3: changes role from  FOLLOWER to CANDIDATE at term 0 for changeToCandidate
2019-09-25 12:07:21,254 [Thread-183] INFO  impl.RoleInfo (RoleInfo.java:updateAndGet(143)) - 90a5e23b-d3dc-4a6b-9838-81ba7f1d625e: start LeaderElection
2019-09-25 12:07:21,271 [90a5e23b-d3dc-4a6b-9838-81ba7f1d625e@group-8CDA0846DBD3:LeaderElection2] INFO  impl.LeaderElection (LeaderElection.java:askForVotes(182)) - 90a5e23b-d3dc-4a6b-9838-81ba7f1d625e@group-8CDA0846DBD3:LeaderElection2: begin an election at term 1 for -1: [90a5e23b-d3dc-4a6b-9838-81ba7f1d625e:192.168.30.6:36629], old=null
2019-09-25 12:07:21,276 [90a5e23b-d3dc-4a6b-9838-81ba7f1d625e@group-8CDA0846DBD3:LeaderElection2] INFO  impl.RoleInfo (RoleInfo.java:shutdownLeaderElection(134)) - 90a5e23b-d3dc-4a6b-9838-81ba7f1d625e: shutdown LeaderElection
2019-09-25 12:07:21,276 [90a5e23b-d3dc-4a6b-9838-81ba7f1d625e@group-8CDA0846DBD3:LeaderElection2] INFO  impl.RaftServerImpl (RaftServerImpl.java:setRole(174)) - 90a5e23b-d3dc-4a6b-9838-81ba7f1d625e@group-8CDA0846DBD3: changes role from CANDIDATE to LEADER at term 1 for changeToLeader
2019-09-25 12:07:21,276 [90a5e23b-d3dc-4a6b-9838-81ba7f1d625e@group-8CDA0846DBD3:LeaderElection2] INFO  impl.RaftServerImpl (ServerState.java:setLeader(253)) - 90a5e23b-d3dc-4a6b-9838-81ba7f1d625e@group-8CDA0846DBD3: change Leader from null to 90a5e23b-d3dc-4a6b-9838-81ba7f1d625e at term 1 for becomeLeader, leader elected after 5220ms
2019-09-25 12:07:21,276 [90a5e23b-d3dc-4a6b-9838-81ba7f1d625e@group-8CDA0846DBD3:LeaderElection2] INFO  server.RaftServerConfigKeys (ConfUtils.java:logGet(43)) - raft.server.staging.catchup.gap = 1000 (default)
2019-09-25 12:07:21,276 [90a5e23b-d3dc-4a6b-9838-81ba7f1d625e@group-8CDA0846DBD3:LeaderElection2] INFO  server.RaftServerConfigKeys (ConfUtils.java:logGet(43)) - raft.server.rpc.sleep.time = 25ms (default)
2019-09-25 12:07:21,277 [90a5e23b-d3dc-4a6b-9838-81ba7f1d625e@group-8CDA0846DBD3:LeaderElection2] INFO  server.RaftServerConfigKeys (ConfUtils.java:logGet(43)) - raft.server.write.element-limit = 4096 (default)
2019-09-25 12:07:21,277 [90a5e23b-d3dc-4a6b-9838-81ba7f1d625e@group-8CDA0846DBD3:LeaderElection2] INFO  server.RaftServerConfigKeys (ConfUtils.java:logGet(43)) - raft.server.watch.timeout = 10s (default)
2019-09-25 12:07:21,277 [90a5e23b-d3dc-4a6b-9838-81ba7f1d625e@group-8CDA0846DBD3:LeaderElection2] INFO  server.RaftServerConfigKeys (ConfUtils.java:logGet(43)) - raft.server.watch.timeout.denomination = 1s (default)
2019-09-25 12:07:21,277 [90a5e23b-d3dc-4a6b-9838-81ba7f1d625e@group-8CDA0846DBD3:LeaderElection2] INFO  server.RaftServerConfigKeys (ConfUtils.java:logGet(43)) - raft.server.watch.element-limit = 65536 (default)
2019-09-25 12:07:21,280 [90a5e23b-d3dc-4a6b-9838-81ba7f1d625e@group-8CDA0846DBD3:LeaderElection2] INFO  impl.RoleInfo (RoleInfo.java:updateAndGet(143)) - 90a5e23b-d3dc-4a6b-9838-81ba7f1d625e: start LeaderState
2019-09-25 12:07:21,281 [90a5e23b-d3dc-4a6b-9838-81ba7f1d625e@group-8CDA0846DBD3:LeaderElection2] INFO  segmented.SegmentedRaftLogWorker (SegmentedRaftLogWorker.java:startLogSegment(380)) - 90a5e23b-d3dc-4a6b-9838-81ba7f1d625e@group-8CDA0846DBD3-SegmentedRaftLogWorker: Starting segment from index:0
2019-09-25 12:07:21,281 [90a5e23b-d3dc-4a6b-9838-81ba7f1d625e@group-8CDA0846DBD3:LeaderElection2] INFO  impl.RaftServerImpl (ServerState.java:setRaftConf(354)) - 90a5e23b-d3dc-4a6b-9838-81ba7f1d625e@group-8CDA0846DBD3: set configuration 0: [90a5e23b-d3dc-4a6b-9838-81ba7f1d625e:192.168.30.6:36629], old=null at 0
2019-09-25 12:07:21,319 [90a5e23b-d3dc-4a6b-9838-81ba7f1d625e@group-8CDA0846DBD3-SegmentedRaftLogWorker] INFO  segmented.SegmentedRaftLogWorker (SegmentedRaftLogWorker.java:execute(569)) - 90a5e23b-d3dc-4a6b-9838-81ba7f1d625e@group-8CDA0846DBD3-SegmentedRaftLogWorker: created new log segment /workdir/hadoop-ozone/tools/target/test-dir/MiniOzoneClusterImpl-6e39606f-4d17-4d5b-8507-ba9bdf76dca7/datanode-1/data/ratis/6ef45907-d6fe-4c9e-ab30-8cda0846dbd3/current/log_inprogress_0
2019-09-25 12:07:21,324 [Thread-186] INFO  impl.FollowerState (FollowerState.java:run(106)) - a4c605ab-ce77-4bc9-be78-a28a748a3237:group-89B120913E88 changes to CANDIDATE, lastRpcTime:5156, electionTimeout:5156ms
2019-09-25 12:07:21,325 [Thread-186] INFO  impl.RoleInfo (RoleInfo.java:shutdownFollowerState(121)) - a4c605ab-ce77-4bc9-be78-a28a748a3237: shutdown FollowerState
2019-09-25 12:07:21,325 [Thread-186] INFO  impl.RaftServerImpl (RaftServerImpl.java:setRole(174)) - a4c605ab-ce77-4bc9-be78-a28a748a3237@group-89B120913E88: changes role from  FOLLOWER to CANDIDATE at term 0 for changeToCandidate
2019-09-25 12:07:21,325 [Thread-186] INFO  impl.RoleInfo (RoleInfo.java:updateAndGet(143)) - a4c605ab-ce77-4bc9-be78-a28a748a3237: start LeaderElection
2019-09-25 12:07:21,332 [a4c605ab-ce77-4bc9-be78-a28a748a3237@group-89B120913E88:LeaderElection3] INFO  impl.LeaderElection (LeaderElection.java:askForVotes(182)) - a4c605ab-ce77-4bc9-be78-a28a748a3237@group-89B120913E88:LeaderElection3: begin an election at term 1 for -1: [a4c605ab-ce77-4bc9-be78-a28a748a3237:192.168.30.6:37168], old=null
2019-09-25 12:07:21,333 [a4c605ab-ce77-4bc9-be78-a28a748a3237@group-89B120913E88:LeaderElection3] INFO  impl.RoleInfo (RoleInfo.java:shutdownLeaderElection(134)) - a4c605ab-ce77-4bc9-be78-a28a748a3237: shutdown LeaderElection
2019-09-25 12:07:21,333 [a4c605ab-ce77-4bc9-be78-a28a748a3237@group-89B120913E88:LeaderElection3] INFO  impl.RaftServerImpl (RaftServerImpl.java:setRole(174)) - a4c605ab-ce77-4bc9-be78-a28a748a3237@group-89B120913E88: changes role from CANDIDATE to LEADER at term 1 for changeToLeader
2019-09-25 12:07:21,334 [a4c605ab-ce77-4bc9-be78-a28a748a3237@group-89B120913E88:LeaderElection3] INFO  impl.RaftServerImpl (ServerState.java:setLeader(253)) - a4c605ab-ce77-4bc9-be78-a28a748a3237@group-89B120913E88: change Leader from null to a4c605ab-ce77-4bc9-be78-a28a748a3237 at term 1 for becomeLeader, leader elected after 5195ms
2019-09-25 12:07:21,334 [a4c605ab-ce77-4bc9-be78-a28a748a3237@group-89B120913E88:LeaderElection3] INFO  server.RaftServerConfigKeys (ConfUtils.java:logGet(43)) - raft.server.staging.catchup.gap = 1000 (default)
2019-09-25 12:07:21,334 [a4c605ab-ce77-4bc9-be78-a28a748a3237@group-89B120913E88:LeaderElection3] INFO  server.RaftServerConfigKeys (ConfUtils.java:logGet(43)) - raft.server.rpc.sleep.time = 25ms (default)
2019-09-25 12:07:21,334 [a4c605ab-ce77-4bc9-be78-a28a748a3237@group-89B120913E88:LeaderElection3] INFO  server.RaftServerConfigKeys (ConfUtils.java:logGet(43)) - raft.server.write.element-limit = 4096 (default)
2019-09-25 12:07:21,334 [a4c605ab-ce77-4bc9-be78-a28a748a3237@group-89B120913E88:LeaderElection3] INFO  server.RaftServerConfigKeys (ConfUtils.java:logGet(43)) - raft.server.watch.timeout = 10s (default)
2019-09-25 12:07:21,334 [a4c605ab-ce77-4bc9-be78-a28a748a3237@group-89B120913E88:LeaderElection3] INFO  server.RaftServerConfigKeys (ConfUtils.java:logGet(43)) - raft.server.watch.timeout.denomination = 1s (default)
2019-09-25 12:07:21,334 [a4c605ab-ce77-4bc9-be78-a28a748a3237@group-89B120913E88:LeaderElection3] INFO  server.RaftServerConfigKeys (ConfUtils.java:logGet(43)) - raft.server.watch.element-limit = 65536 (default)
2019-09-25 12:07:21,337 [a4c605ab-ce77-4bc9-be78-a28a748a3237@group-89B120913E88:LeaderElection3] INFO  impl.RoleInfo (RoleInfo.java:updateAndGet(143)) - a4c605ab-ce77-4bc9-be78-a28a748a3237: start LeaderState
2019-09-25 12:07:21,337 [a4c605ab-ce77-4bc9-be78-a28a748a3237@group-89B120913E88:LeaderElection3] INFO  segmented.SegmentedRaftLogWorker (SegmentedRaftLogWorker.java:startLogSegment(380)) - a4c605ab-ce77-4bc9-be78-a28a748a3237@group-89B120913E88-SegmentedRaftLogWorker: Starting segment from index:0
2019-09-25 12:07:21,337 [a4c605ab-ce77-4bc9-be78-a28a748a3237@group-89B120913E88:LeaderElection3] INFO  impl.RaftServerImpl (ServerState.java:setRaftConf(354)) - a4c605ab-ce77-4bc9-be78-a28a748a3237@group-89B120913E88: set configuration 0: [a4c605ab-ce77-4bc9-be78-a28a748a3237:192.168.30.6:37168], old=null at 0
2019-09-25 12:07:21,374 [Thread-195] INFO  impl.FollowerState (FollowerState.java:run(106)) - 90a5e23b-d3dc-4a6b-9838-81ba7f1d625e:group-B173F20968C2 changes to CANDIDATE, lastRpcTime:5033, electionTimeout:5023ms
2019-09-25 12:07:21,374 [Thread-195] INFO  impl.RoleInfo (RoleInfo.java:shutdownFollowerState(121)) - 90a5e23b-d3dc-4a6b-9838-81ba7f1d625e: shutdown FollowerState
2019-09-25 12:07:21,374 [Thread-195] INFO  impl.RaftServerImpl (RaftServerImpl.java:setRole(174)) - 90a5e23b-d3dc-4a6b-9838-81ba7f1d625e@group-B173F20968C2: changes role from  FOLLOWER to CANDIDATE at term 0 for changeToCandidate
2019-09-25 12:07:21,374 [Thread-195] INFO  impl.RoleInfo (RoleInfo.java:updateAndGet(143)) - 90a5e23b-d3dc-4a6b-9838-81ba7f1d625e: start LeaderElection
2019-09-25 12:07:21,378 [Thread-192] INFO  impl.FollowerState (FollowerState.java:run(106)) - a4c605ab-ce77-4bc9-be78-a28a748a3237:group-B8107583E979 changes to CANDIDATE, lastRpcTime:5095, electionTimeout:5095ms
2019-09-25 12:07:21,379 [Thread-192] INFO  impl.RoleInfo (RoleInfo.java:shutdownFollowerState(121)) - a4c605ab-ce77-4bc9-be78-a28a748a3237: shutdown FollowerState
2019-09-25 12:07:21,379 [Thread-192] INFO  impl.RaftServerImpl (RaftServerImpl.java:setRole(174)) - a4c605ab-ce77-4bc9-be78-a28a748a3237@group-B8107583E979: changes role from  FOLLOWER to CANDIDATE at term 0 for changeToCandidate
2019-09-25 12:07:21,379 [Thread-192] INFO  impl.RoleInfo (RoleInfo.java:updateAndGet(143)) - a4c605ab-ce77-4bc9-be78-a28a748a3237: start LeaderElection
2019-09-25 12:07:21,387 [a4c605ab-ce77-4bc9-be78-a28a748a3237@group-89B120913E88-SegmentedRaftLogWorker] INFO  segmented.SegmentedRaftLogWorker (SegmentedRaftLogWorker.java:execute(569)) - a4c605ab-ce77-4bc9-be78-a28a748a3237@group-89B120913E88-SegmentedRaftLogWorker: created new log segment /workdir/hadoop-ozone/tools/target/test-dir/MiniOzoneClusterImpl-6e39606f-4d17-4d5b-8507-ba9bdf76dca7/datanode-2/data/ratis/5e9617b9-5dd3-43d1-94db-89b120913e88/current/log_inprogress_0
2019-09-25 12:07:21,387 [90a5e23b-d3dc-4a6b-9838-81ba7f1d625e@group-B173F20968C2:LeaderElection4] INFO  impl.LeaderElection (LeaderElection.java:askForVotes(182)) - 90a5e23b-d3dc-4a6b-9838-81ba7f1d625e@group-B173F20968C2:LeaderElection4: begin an election at term 1 for -1: [90a5e23b-d3dc-4a6b-9838-81ba7f1d625e:192.168.30.6:36629], old=null
2019-09-25 12:07:21,387 [a4c605ab-ce77-4bc9-be78-a28a748a3237@group-B8107583E979:LeaderElection5] INFO  impl.LeaderElection (LeaderElection.java:askForVotes(182)) - a4c605ab-ce77-4bc9-be78-a28a748a3237@group-B8107583E979:LeaderElection5: begin an election at term 1 for -1: [a4c605ab-ce77-4bc9-be78-a28a748a3237:192.168.30.6:37168], old=null
2019-09-25 12:07:21,387 [90a5e23b-d3dc-4a6b-9838-81ba7f1d625e@group-B173F20968C2:LeaderElection4] INFO  impl.RoleInfo (RoleInfo.java:shutdownLeaderElection(134)) - 90a5e23b-d3dc-4a6b-9838-81ba7f1d625e: shutdown LeaderElection
2019-09-25 12:07:21,387 [a4c605ab-ce77-4bc9-be78-a28a748a3237@group-B8107583E979:LeaderElection5] INFO  impl.RoleInfo (RoleInfo.java:shutdownLeaderElection(134)) - a4c605ab-ce77-4bc9-be78-a28a748a3237: shutdown LeaderElection
2019-09-25 12:07:21,387 [90a5e23b-d3dc-4a6b-9838-81ba7f1d625e@group-B173F20968C2:LeaderElection4] INFO  impl.RaftServerImpl (RaftServerImpl.java:setRole(174)) - 90a5e23b-d3dc-4a6b-9838-81ba7f1d625e@group-B173F20968C2: changes role from CANDIDATE to LEADER at term 1 for changeToLeader
2019-09-25 12:07:21,387 [a4c605ab-ce77-4bc9-be78-a28a748a3237@group-B8107583E979:LeaderElection5] INFO  impl.RaftServerImpl (RaftServerImpl.java:setRole(174)) - a4c605ab-ce77-4bc9-be78-a28a748a3237@group-B8107583E979: changes role from CANDIDATE to LEADER at term 1 for changeToLeader
2019-09-25 12:07:21,387 [90a5e23b-d3dc-4a6b-9838-81ba7f1d625e@group-B173F20968C2:LeaderElection4] INFO  impl.RaftServerImpl (ServerState.java:setLeader(253)) - 90a5e23b-d3dc-4a6b-9838-81ba7f1d625e@group-B173F20968C2: change Leader from null to 90a5e23b-d3dc-4a6b-9838-81ba7f1d625e at term 1 for becomeLeader, leader elected after 5053ms
2019-09-25 12:07:21,387 [a4c605ab-ce77-4bc9-be78-a28a748a3237@group-B8107583E979:LeaderElection5] INFO  impl.RaftServerImpl (ServerState.java:setLeader(253)) - a4c605ab-ce77-4bc9-be78-a28a748a3237@group-B8107583E979: change Leader from null to a4c605ab-ce77-4bc9-be78-a28a748a3237 at term 1 for becomeLeader, leader elected after 5111ms
2019-09-25 12:07:21,388 [90a5e23b-d3dc-4a6b-9838-81ba7f1d625e@group-B173F20968C2:LeaderElection4] INFO  server.RaftServerConfigKeys (ConfUtils.java:logGet(43)) - raft.server.staging.catchup.gap = 1000 (default)
2019-09-25 12:07:21,388 [a4c605ab-ce77-4bc9-be78-a28a748a3237@group-B8107583E979:LeaderElection5] INFO  server.RaftServerConfigKeys (ConfUtils.java:logGet(43)) - raft.server.staging.catchup.gap = 1000 (default)
2019-09-25 12:07:21,388 [90a5e23b-d3dc-4a6b-9838-81ba7f1d625e@group-B173F20968C2:LeaderElection4] INFO  server.RaftServerConfigKeys (ConfUtils.java:logGet(43)) - raft.server.rpc.sleep.time = 25ms (default)
2019-09-25 12:07:21,388 [a4c605ab-ce77-4bc9-be78-a28a748a3237@group-B8107583E979:LeaderElection5] INFO  server.RaftServerConfigKeys (ConfUtils.java:logGet(43)) - raft.server.rpc.sleep.time = 25ms (default)
2019-09-25 12:07:21,388 [90a5e23b-d3dc-4a6b-9838-81ba7f1d625e@group-B173F20968C2:LeaderElection4] INFO  server.RaftServerConfigKeys (ConfUtils.java:logGet(43)) - raft.server.write.element-limit = 4096 (default)
2019-09-25 12:07:21,388 [a4c605ab-ce77-4bc9-be78-a28a748a3237@group-B8107583E979:LeaderElection5] INFO  server.RaftServerConfigKeys (ConfUtils.java:logGet(43)) - raft.server.write.element-limit = 4096 (default)
2019-09-25 12:07:21,388 [90a5e23b-d3dc-4a6b-9838-81ba7f1d625e@group-B173F20968C2:LeaderElection4] INFO  server.RaftServerConfigKeys (ConfUtils.java:logGet(43)) - raft.server.watch.timeout = 10s (default)
2019-09-25 12:07:21,389 [a4c605ab-ce77-4bc9-be78-a28a748a3237@group-B8107583E979:LeaderElection5] INFO  server.RaftServerConfigKeys (ConfUtils.java:logGet(43)) - raft.server.watch.timeout = 10s (default)
2019-09-25 12:07:21,389 [90a5e23b-d3dc-4a6b-9838-81ba7f1d625e@group-B173F20968C2:LeaderElection4] INFO  server.RaftServerConfigKeys (ConfUtils.java:logGet(43)) - raft.server.watch.timeout.denomination = 1s (default)
2019-09-25 12:07:21,389 [a4c605ab-ce77-4bc9-be78-a28a748a3237@group-B8107583E979:LeaderElection5] INFO  server.RaftServerConfigKeys (ConfUtils.java:logGet(43)) - raft.server.watch.timeout.denomination = 1s (default)
2019-09-25 12:07:21,389 [90a5e23b-d3dc-4a6b-9838-81ba7f1d625e@group-B173F20968C2:LeaderElection4] INFO  server.RaftServerConfigKeys (ConfUtils.java:logGet(43)) - raft.server.watch.element-limit = 65536 (default)
2019-09-25 12:07:21,389 [a4c605ab-ce77-4bc9-be78-a28a748a3237@group-B8107583E979:LeaderElection5] INFO  server.RaftServerConfigKeys (ConfUtils.java:logGet(43)) - raft.server.watch.element-limit = 65536 (default)
2019-09-25 12:07:21,393 [90a5e23b-d3dc-4a6b-9838-81ba7f1d625e@group-B173F20968C2:LeaderElection4] INFO  impl.RoleInfo (RoleInfo.java:updateAndGet(143)) - 90a5e23b-d3dc-4a6b-9838-81ba7f1d625e: start LeaderState
2019-09-25 12:07:21,393 [90a5e23b-d3dc-4a6b-9838-81ba7f1d625e@group-B173F20968C2:LeaderElection4] INFO  segmented.SegmentedRaftLogWorker (SegmentedRaftLogWorker.java:startLogSegment(380)) - 90a5e23b-d3dc-4a6b-9838-81ba7f1d625e@group-B173F20968C2-SegmentedRaftLogWorker: Starting segment from index:0
2019-09-25 12:07:21,394 [a4c605ab-ce77-4bc9-be78-a28a748a3237@group-B8107583E979:LeaderElection5] INFO  impl.RoleInfo (RoleInfo.java:updateAndGet(143)) - a4c605ab-ce77-4bc9-be78-a28a748a3237: start LeaderState
2019-09-25 12:07:21,394 [90a5e23b-d3dc-4a6b-9838-81ba7f1d625e@group-B173F20968C2:LeaderElection4] INFO  impl.RaftServerImpl (ServerState.java:setRaftConf(354)) - 90a5e23b-d3dc-4a6b-9838-81ba7f1d625e@group-B173F20968C2: set configuration 0: [90a5e23b-d3dc-4a6b-9838-81ba7f1d625e:192.168.30.6:36629], old=null at 0
2019-09-25 12:07:21,394 [a4c605ab-ce77-4bc9-be78-a28a748a3237@group-B8107583E979:LeaderElection5] INFO  segmented.SegmentedRaftLogWorker (SegmentedRaftLogWorker.java:startLogSegment(380)) - a4c605ab-ce77-4bc9-be78-a28a748a3237@group-B8107583E979-SegmentedRaftLogWorker: Starting segment from index:0
2019-09-25 12:07:21,420 [Thread-189] INFO  impl.FollowerState (FollowerState.java:run(106)) - 90a5e23b-d3dc-4a6b-9838-81ba7f1d625e:group-4BC6A8F22355 changes to CANDIDATE, lastRpcTime:5193, electionTimeout:5182ms
2019-09-25 12:07:21,420 [Thread-189] INFO  impl.RoleInfo (RoleInfo.java:shutdownFollowerState(121)) - 90a5e23b-d3dc-4a6b-9838-81ba7f1d625e: shutdown FollowerState
2019-09-25 12:07:21,420 [Thread-189] INFO  impl.RaftServerImpl (RaftServerImpl.java:setRole(174)) - 90a5e23b-d3dc-4a6b-9838-81ba7f1d625e@group-4BC6A8F22355: changes role from  FOLLOWER to CANDIDATE at term 0 for changeToCandidate
2019-09-25 12:07:21,420 [a4c605ab-ce77-4bc9-be78-a28a748a3237@group-B8107583E979:LeaderElection5] INFO  impl.RaftServerImpl (ServerState.java:setRaftConf(354)) - a4c605ab-ce77-4bc9-be78-a28a748a3237@group-B8107583E979: set configuration 0: [a4c605ab-ce77-4bc9-be78-a28a748a3237:192.168.30.6:37168], old=null at 0
2019-09-25 12:07:21,420 [Thread-189] INFO  impl.RoleInfo (RoleInfo.java:updateAndGet(143)) - 90a5e23b-d3dc-4a6b-9838-81ba7f1d625e: start LeaderElection
2019-09-25 12:07:21,456 [90a5e23b-d3dc-4a6b-9838-81ba7f1d625e@group-B173F20968C2-SegmentedRaftLogWorker] INFO  segmented.SegmentedRaftLogWorker (SegmentedRaftLogWorker.java:execute(569)) - 90a5e23b-d3dc-4a6b-9838-81ba7f1d625e@group-B173F20968C2-SegmentedRaftLogWorker: created new log segment /workdir/hadoop-ozone/tools/target/test-dir/MiniOzoneClusterImpl-6e39606f-4d17-4d5b-8507-ba9bdf76dca7/datanode-1/data/ratis/82d7e750-a33f-4882-944b-b173f20968c2/current/log_inprogress_0
2019-09-25 12:07:21,468 [a4c605ab-ce77-4bc9-be78-a28a748a3237@group-B8107583E979-SegmentedRaftLogWorker] INFO  segmented.SegmentedRaftLogWorker (SegmentedRaftLogWorker.java:execute(569)) - a4c605ab-ce77-4bc9-be78-a28a748a3237@group-B8107583E979-SegmentedRaftLogWorker: created new log segment /workdir/hadoop-ozone/tools/target/test-dir/MiniOzoneClusterImpl-6e39606f-4d17-4d5b-8507-ba9bdf76dca7/datanode-2/data/ratis/4f3bc3b5-d38d-4a10-946b-b8107583e979/current/log_inprogress_0
2019-09-25 12:07:21,469 [90a5e23b-d3dc-4a6b-9838-81ba7f1d625e@group-4BC6A8F22355:LeaderElection6] INFO  impl.LeaderElection (LeaderElection.java:askForVotes(182)) - 90a5e23b-d3dc-4a6b-9838-81ba7f1d625e@group-4BC6A8F22355:LeaderElection6: begin an election at term 1 for -1: [90a5e23b-d3dc-4a6b-9838-81ba7f1d625e:192.168.30.6:36629], old=null
2019-09-25 12:07:21,469 [90a5e23b-d3dc-4a6b-9838-81ba7f1d625e@group-4BC6A8F22355:LeaderElection6] INFO  impl.RoleInfo (RoleInfo.java:shutdownLeaderElection(134)) - 90a5e23b-d3dc-4a6b-9838-81ba7f1d625e: shutdown LeaderElection
2019-09-25 12:07:21,469 [90a5e23b-d3dc-4a6b-9838-81ba7f1d625e@group-4BC6A8F22355:LeaderElection6] INFO  impl.RaftServerImpl (RaftServerImpl.java:setRole(174)) - 90a5e23b-d3dc-4a6b-9838-81ba7f1d625e@group-4BC6A8F22355: changes role from CANDIDATE to LEADER at term 1 for changeToLeader
2019-09-25 12:07:21,469 [90a5e23b-d3dc-4a6b-9838-81ba7f1d625e@group-4BC6A8F22355:LeaderElection6] INFO  impl.RaftServerImpl (ServerState.java:setLeader(253)) - 90a5e23b-d3dc-4a6b-9838-81ba7f1d625e@group-4BC6A8F22355: change Leader from null to 90a5e23b-d3dc-4a6b-9838-81ba7f1d625e at term 1 for becomeLeader, leader elected after 5250ms
2019-09-25 12:07:21,469 [90a5e23b-d3dc-4a6b-9838-81ba7f1d625e@group-4BC6A8F22355:LeaderElection6] INFO  server.RaftServerConfigKeys (ConfUtils.java:logGet(43)) - raft.server.staging.catchup.gap = 1000 (default)
2019-09-25 12:07:21,469 [Thread-198] INFO  impl.FollowerState (FollowerState.java:run(106)) - 90a5e23b-d3dc-4a6b-9838-81ba7f1d625e:group-95F7053BB5EB changes to CANDIDATE, lastRpcTime:5061, electionTimeout:5061ms
2019-09-25 12:07:21,469 [90a5e23b-d3dc-4a6b-9838-81ba7f1d625e@group-4BC6A8F22355:LeaderElection6] INFO  server.RaftServerConfigKeys (ConfUtils.java:logGet(43)) - raft.server.rpc.sleep.time = 25ms (default)
2019-09-25 12:07:21,470 [Thread-198] INFO  impl.RoleInfo (RoleInfo.java:shutdownFollowerState(121)) - 90a5e23b-d3dc-4a6b-9838-81ba7f1d625e: shutdown FollowerState
2019-09-25 12:07:21,470 [90a5e23b-d3dc-4a6b-9838-81ba7f1d625e@group-4BC6A8F22355:LeaderElection6] INFO  server.RaftServerConfigKeys (ConfUtils.java:logGet(43)) - raft.server.write.element-limit = 4096 (default)
2019-09-25 12:07:21,470 [Thread-198] INFO  impl.RaftServerImpl (RaftServerImpl.java:setRole(174)) - 90a5e23b-d3dc-4a6b-9838-81ba7f1d625e@group-95F7053BB5EB: changes role from  FOLLOWER to CANDIDATE at term 0 for changeToCandidate
2019-09-25 12:07:21,470 [90a5e23b-d3dc-4a6b-9838-81ba7f1d625e@group-4BC6A8F22355:LeaderElection6] INFO  server.RaftServerConfigKeys (ConfUtils.java:logGet(43)) - raft.server.watch.timeout = 10s (default)
2019-09-25 12:07:21,470 [Thread-198] INFO  impl.RoleInfo (RoleInfo.java:updateAndGet(143)) - 90a5e23b-d3dc-4a6b-9838-81ba7f1d625e: start LeaderElection
2019-09-25 12:07:21,470 [90a5e23b-d3dc-4a6b-9838-81ba7f1d625e@group-4BC6A8F22355:LeaderElection6] INFO  server.RaftServerConfigKeys (ConfUtils.java:logGet(43)) - raft.server.watch.timeout.denomination = 1s (default)
2019-09-25 12:07:21,470 [90a5e23b-d3dc-4a6b-9838-81ba7f1d625e@group-4BC6A8F22355:LeaderElection6] INFO  server.RaftServerConfigKeys (ConfUtils.java:logGet(43)) - raft.server.watch.element-limit = 65536 (default)
2019-09-25 12:07:21,476 [90a5e23b-d3dc-4a6b-9838-81ba7f1d625e@group-4BC6A8F22355:LeaderElection6] INFO  impl.RoleInfo (RoleInfo.java:updateAndGet(143)) - 90a5e23b-d3dc-4a6b-9838-81ba7f1d625e: start LeaderState
2019-09-25 12:07:21,476 [90a5e23b-d3dc-4a6b-9838-81ba7f1d625e@group-4BC6A8F22355:LeaderElection6] INFO  segmented.SegmentedRaftLogWorker (SegmentedRaftLogWorker.java:startLogSegment(380)) - 90a5e23b-d3dc-4a6b-9838-81ba7f1d625e@group-4BC6A8F22355-SegmentedRaftLogWorker: Starting segment from index:0
2019-09-25 12:07:21,476 [90a5e23b-d3dc-4a6b-9838-81ba7f1d625e@group-4BC6A8F22355:LeaderElection6] INFO  impl.RaftServerImpl (ServerState.java:setRaftConf(354)) - 90a5e23b-d3dc-4a6b-9838-81ba7f1d625e@group-4BC6A8F22355: set configuration 0: [90a5e23b-d3dc-4a6b-9838-81ba7f1d625e:192.168.30.6:36629], old=null at 0
2019-09-25 12:07:21,511 [90a5e23b-d3dc-4a6b-9838-81ba7f1d625e@group-95F7053BB5EB:LeaderElection7] INFO  impl.LeaderElection (LeaderElection.java:askForVotes(182)) - 90a5e23b-d3dc-4a6b-9838-81ba7f1d625e@group-95F7053BB5EB:LeaderElection7: begin an election at term 1 for -1: [90a5e23b-d3dc-4a6b-9838-81ba7f1d625e:192.168.30.6:36629], old=null
2019-09-25 12:07:21,511 [90a5e23b-d3dc-4a6b-9838-81ba7f1d625e@group-95F7053BB5EB:LeaderElection7] INFO  impl.RoleInfo (RoleInfo.java:shutdownLeaderElection(134)) - 90a5e23b-d3dc-4a6b-9838-81ba7f1d625e: shutdown LeaderElection
2019-09-25 12:07:21,511 [90a5e23b-d3dc-4a6b-9838-81ba7f1d625e@group-95F7053BB5EB:LeaderElection7] INFO  impl.RaftServerImpl (RaftServerImpl.java:setRole(174)) - 90a5e23b-d3dc-4a6b-9838-81ba7f1d625e@group-95F7053BB5EB: changes role from CANDIDATE to LEADER at term 1 for changeToLeader
2019-09-25 12:07:21,511 [90a5e23b-d3dc-4a6b-9838-81ba7f1d625e@group-95F7053BB5EB:LeaderElection7] INFO  impl.RaftServerImpl (ServerState.java:setLeader(253)) - 90a5e23b-d3dc-4a6b-9838-81ba7f1d625e@group-95F7053BB5EB: change Leader from null to 90a5e23b-d3dc-4a6b-9838-81ba7f1d625e at term 1 for becomeLeader, leader elected after 5110ms
2019-09-25 12:07:21,512 [90a5e23b-d3dc-4a6b-9838-81ba7f1d625e@group-95F7053BB5EB:LeaderElection7] INFO  server.RaftServerConfigKeys (ConfUtils.java:logGet(43)) - raft.server.staging.catchup.gap = 1000 (default)
2019-09-25 12:07:21,512 [90a5e23b-d3dc-4a6b-9838-81ba7f1d625e@group-95F7053BB5EB:LeaderElection7] INFO  server.RaftServerConfigKeys (ConfUtils.java:logGet(43)) - raft.server.rpc.sleep.time = 25ms (default)
2019-09-25 12:07:21,512 [90a5e23b-d3dc-4a6b-9838-81ba7f1d625e@group-95F7053BB5EB:LeaderElection7] INFO  server.RaftServerConfigKeys (ConfUtils.java:logGet(43)) - raft.server.write.element-limit = 4096 (default)
2019-09-25 12:07:21,512 [90a5e23b-d3dc-4a6b-9838-81ba7f1d625e@group-95F7053BB5EB:LeaderElection7] INFO  server.RaftServerConfigKeys (ConfUtils.java:logGet(43)) - raft.server.watch.timeout = 10s (default)
2019-09-25 12:07:21,512 [90a5e23b-d3dc-4a6b-9838-81ba7f1d625e@group-95F7053BB5EB:LeaderElection7] INFO  server.RaftServerConfigKeys (ConfUtils.java:logGet(43)) - raft.server.watch.timeout.denomination = 1s (default)
2019-09-25 12:07:21,512 [90a5e23b-d3dc-4a6b-9838-81ba7f1d625e@group-95F7053BB5EB:LeaderElection7] INFO  server.RaftServerConfigKeys (ConfUtils.java:logGet(43)) - raft.server.watch.element-limit = 65536 (default)
2019-09-25 12:07:21,514 [90a5e23b-d3dc-4a6b-9838-81ba7f1d625e@group-95F7053BB5EB:LeaderElection7] INFO  impl.RoleInfo (RoleInfo.java:updateAndGet(143)) - 90a5e23b-d3dc-4a6b-9838-81ba7f1d625e: start LeaderState
2019-09-25 12:07:21,515 [90a5e23b-d3dc-4a6b-9838-81ba7f1d625e@group-95F7053BB5EB:LeaderElection7] INFO  segmented.SegmentedRaftLogWorker (SegmentedRaftLogWorker.java:startLogSegment(380)) - 90a5e23b-d3dc-4a6b-9838-81ba7f1d625e@group-95F7053BB5EB-SegmentedRaftLogWorker: Starting segment from index:0
2019-09-25 12:07:21,515 [90a5e23b-d3dc-4a6b-9838-81ba7f1d625e@group-95F7053BB5EB:LeaderElection7] INFO  impl.RaftServerImpl (ServerState.java:setRaftConf(354)) - 90a5e23b-d3dc-4a6b-9838-81ba7f1d625e@group-95F7053BB5EB: set configuration 0: [90a5e23b-d3dc-4a6b-9838-81ba7f1d625e:192.168.30.6:36629], old=null at 0
2019-09-25 12:07:21,546 [90a5e23b-d3dc-4a6b-9838-81ba7f1d625e@group-4BC6A8F22355-SegmentedRaftLogWorker] INFO  segmented.SegmentedRaftLogWorker (SegmentedRaftLogWorker.java:execute(569)) - 90a5e23b-d3dc-4a6b-9838-81ba7f1d625e@group-4BC6A8F22355-SegmentedRaftLogWorker: created new log segment /workdir/hadoop-ozone/tools/target/test-dir/MiniOzoneClusterImpl-6e39606f-4d17-4d5b-8507-ba9bdf76dca7/datanode-1/data/ratis/75041d96-c503-4f8a-9596-4bc6a8f22355/current/log_inprogress_0
2019-09-25 12:07:21,559 [90a5e23b-d3dc-4a6b-9838-81ba7f1d625e@group-95F7053BB5EB-SegmentedRaftLogWorker] INFO  segmented.SegmentedRaftLogWorker (SegmentedRaftLogWorker.java:execute(569)) - 90a5e23b-d3dc-4a6b-9838-81ba7f1d625e@group-95F7053BB5EB-SegmentedRaftLogWorker: created new log segment /workdir/hadoop-ozone/tools/target/test-dir/MiniOzoneClusterImpl-6e39606f-4d17-4d5b-8507-ba9bdf76dca7/datanode-1/data/ratis/c38162f4-db0d-477f-b158-95f7053bb5eb/current/log_inprogress_0
2019-09-25 12:07:21,641 [Thread-201] INFO  impl.FollowerState (FollowerState.java:run(106)) - 90a5e23b-d3dc-4a6b-9838-81ba7f1d625e:group-374846B6ADAE changes to CANDIDATE, lastRpcTime:5171, electionTimeout:5171ms
2019-09-25 12:07:21,641 [Thread-201] INFO  impl.RoleInfo (RoleInfo.java:shutdownFollowerState(121)) - 90a5e23b-d3dc-4a6b-9838-81ba7f1d625e: shutdown FollowerState
2019-09-25 12:07:21,641 [Thread-201] INFO  impl.RaftServerImpl (RaftServerImpl.java:setRole(174)) - 90a5e23b-d3dc-4a6b-9838-81ba7f1d625e@group-374846B6ADAE: changes role from  FOLLOWER to CANDIDATE at term 0 for changeToCandidate
2019-09-25 12:07:21,642 [Thread-201] INFO  impl.RoleInfo (RoleInfo.java:updateAndGet(143)) - 90a5e23b-d3dc-4a6b-9838-81ba7f1d625e: start LeaderElection
2019-09-25 12:07:21,667 [Thread-204] INFO  impl.FollowerState (FollowerState.java:run(106)) - 90a5e23b-d3dc-4a6b-9838-81ba7f1d625e:group-3320BE91FACE changes to CANDIDATE, lastRpcTime:5143, electionTimeout:5143ms
2019-09-25 12:07:21,667 [Thread-204] INFO  impl.RoleInfo (RoleInfo.java:shutdownFollowerState(121)) - 90a5e23b-d3dc-4a6b-9838-81ba7f1d625e: shutdown FollowerState
2019-09-25 12:07:21,667 [Thread-204] INFO  impl.RaftServerImpl (RaftServerImpl.java:setRole(174)) - 90a5e23b-d3dc-4a6b-9838-81ba7f1d625e@group-3320BE91FACE: changes role from  FOLLOWER to CANDIDATE at term 0 for changeToCandidate
2019-09-25 12:07:21,667 [Thread-204] INFO  impl.RoleInfo (RoleInfo.java:updateAndGet(143)) - 90a5e23b-d3dc-4a6b-9838-81ba7f1d625e: start LeaderElection
2019-09-25 12:07:21,771 [Thread-207] INFO  impl.FollowerState (FollowerState.java:run(106)) - a4c605ab-ce77-4bc9-be78-a28a748a3237:group-DD37AAB702B8 changes to CANDIDATE, lastRpcTime:5173, electionTimeout:5173ms
2019-09-25 12:07:21,771 [Thread-207] INFO  impl.RoleInfo (RoleInfo.java:shutdownFollowerState(121)) - a4c605ab-ce77-4bc9-be78-a28a748a3237: shutdown FollowerState
2019-09-25 12:07:21,771 [Thread-207] INFO  impl.RaftServerImpl (RaftServerImpl.java:setRole(174)) - a4c605ab-ce77-4bc9-be78-a28a748a3237@group-DD37AAB702B8: changes role from  FOLLOWER to CANDIDATE at term 0 for changeToCandidate
2019-09-25 12:07:21,771 [Thread-207] INFO  impl.RoleInfo (RoleInfo.java:updateAndGet(143)) - a4c605ab-ce77-4bc9-be78-a28a748a3237: start LeaderElection
2019-09-25 12:07:21,773 [Thread-214] INFO  impl.FollowerState (FollowerState.java:run(106)) - a4c605ab-ce77-4bc9-be78-a28a748a3237:group-65C1A18754AB changes to CANDIDATE, lastRpcTime:5041, electionTimeout:5041ms
2019-09-25 12:07:21,775 [Thread-214] INFO  impl.RoleInfo (RoleInfo.java:shutdownFollowerState(121)) - a4c605ab-ce77-4bc9-be78-a28a748a3237: shutdown FollowerState
2019-09-25 12:07:21,775 [Thread-214] INFO  impl.RaftServerImpl (RaftServerImpl.java:setRole(174)) - a4c605ab-ce77-4bc9-be78-a28a748a3237@group-65C1A18754AB: changes role from  FOLLOWER to CANDIDATE at term 0 for changeToCandidate
2019-09-25 12:07:21,775 [Thread-214] INFO  impl.RoleInfo (RoleInfo.java:updateAndGet(143)) - a4c605ab-ce77-4bc9-be78-a28a748a3237: start LeaderElection
2019-09-25 12:07:21,858 [Thread-217] INFO  impl.FollowerState (FollowerState.java:run(106)) - a4c605ab-ce77-4bc9-be78-a28a748a3237:group-B599564B6893 changes to CANDIDATE, lastRpcTime:5070, electionTimeout:5070ms
2019-09-25 12:07:21,858 [Thread-217] INFO  impl.RoleInfo (RoleInfo.java:shutdownFollowerState(121)) - a4c605ab-ce77-4bc9-be78-a28a748a3237: shutdown FollowerState
2019-09-25 12:07:21,858 [Thread-217] INFO  impl.RaftServerImpl (RaftServerImpl.java:setRole(174)) - a4c605ab-ce77-4bc9-be78-a28a748a3237@group-B599564B6893: changes role from  FOLLOWER to CANDIDATE at term 0 for changeToCandidate
2019-09-25 12:07:21,858 [Thread-217] INFO  impl.RoleInfo (RoleInfo.java:updateAndGet(143)) - a4c605ab-ce77-4bc9-be78-a28a748a3237: start LeaderElection
2019-09-25 12:07:21,874 [Thread-211] INFO  impl.FollowerState (FollowerState.java:run(106)) - a4c605ab-ce77-4bc9-be78-a28a748a3237:group-8E34A96E270B changes to CANDIDATE, lastRpcTime:5195, electionTimeout:5195ms
2019-09-25 12:07:21,874 [Thread-211] INFO  impl.RoleInfo (RoleInfo.java:shutdownFollowerState(121)) - a4c605ab-ce77-4bc9-be78-a28a748a3237: shutdown FollowerState
2019-09-25 12:07:21,874 [Thread-211] INFO  impl.RaftServerImpl (RaftServerImpl.java:setRole(174)) - a4c605ab-ce77-4bc9-be78-a28a748a3237@group-8E34A96E270B: changes role from  FOLLOWER to CANDIDATE at term 0 for changeToCandidate
2019-09-25 12:07:21,874 [Thread-211] INFO  impl.RoleInfo (RoleInfo.java:updateAndGet(143)) - a4c605ab-ce77-4bc9-be78-a28a748a3237: start LeaderElection
2019-09-25 12:07:21,946 [Thread-224] INFO  impl.FollowerState (FollowerState.java:run(106)) - adef09cc-beb2-487d-a020-ad09efbb3e7f:group-A40A66479DEA changes to CANDIDATE, lastRpcTime:5030, electionTimeout:5030ms
2019-09-25 12:07:21,946 [Thread-224] INFO  impl.RoleInfo (RoleInfo.java:shutdownFollowerState(121)) - adef09cc-beb2-487d-a020-ad09efbb3e7f: shutdown FollowerState
2019-09-25 12:07:21,948 [Thread-224] INFO  impl.RaftServerImpl (RaftServerImpl.java:setRole(174)) - adef09cc-beb2-487d-a020-ad09efbb3e7f@group-A40A66479DEA: changes role from  FOLLOWER to CANDIDATE at term 0 for changeToCandidate
2019-09-25 12:07:21,948 [Thread-224] INFO  impl.RoleInfo (RoleInfo.java:updateAndGet(143)) - adef09cc-beb2-487d-a020-ad09efbb3e7f: start LeaderElection
2019-09-25 12:07:21,985 [Thread-220] INFO  impl.FollowerState (FollowerState.java:run(106)) - adef09cc-beb2-487d-a020-ad09efbb3e7f:group-501CD589C9C1 changes to CANDIDATE, lastRpcTime:5133, electionTimeout:5133ms
2019-09-25 12:07:21,985 [Thread-220] INFO  impl.RoleInfo (RoleInfo.java:shutdownFollowerState(121)) - adef09cc-beb2-487d-a020-ad09efbb3e7f: shutdown FollowerState
2019-09-25 12:07:21,985 [Thread-220] INFO  impl.RaftServerImpl (RaftServerImpl.java:setRole(174)) - adef09cc-beb2-487d-a020-ad09efbb3e7f@group-501CD589C9C1: changes role from  FOLLOWER to CANDIDATE at term 0 for changeToCandidate
2019-09-25 12:07:21,985 [Thread-220] INFO  impl.RoleInfo (RoleInfo.java:updateAndGet(143)) - adef09cc-beb2-487d-a020-ad09efbb3e7f: start LeaderElection
2019-09-25 12:07:21,989 [Thread-227] INFO  impl.FollowerState (FollowerState.java:run(106)) - adef09cc-beb2-487d-a020-ad09efbb3e7f:group-91C29703A286 changes to CANDIDATE, lastRpcTime:5024, electionTimeout:5024ms
2019-09-25 12:07:21,990 [Thread-227] INFO  impl.RoleInfo (RoleInfo.java:shutdownFollowerState(121)) - adef09cc-beb2-487d-a020-ad09efbb3e7f: shutdown FollowerState
2019-09-25 12:07:21,990 [Thread-227] INFO  impl.RaftServerImpl (RaftServerImpl.java:setRole(174)) - adef09cc-beb2-487d-a020-ad09efbb3e7f@group-91C29703A286: changes role from  FOLLOWER to CANDIDATE at term 0 for changeToCandidate
2019-09-25 12:07:21,990 [Thread-227] INFO  impl.RoleInfo (RoleInfo.java:updateAndGet(143)) - adef09cc-beb2-487d-a020-ad09efbb3e7f: start LeaderElection
2019-09-25 12:07:22,019 [Thread-230] INFO  impl.FollowerState (FollowerState.java:run(106)) - adef09cc-beb2-487d-a020-ad09efbb3e7f:group-CAC311A7B829 changes to CANDIDATE, lastRpcTime:5003, electionTimeout:5003ms
2019-09-25 12:07:22,019 [Thread-230] INFO  impl.RoleInfo (RoleInfo.java:shutdownFollowerState(121)) - adef09cc-beb2-487d-a020-ad09efbb3e7f: shutdown FollowerState
2019-09-25 12:07:22,020 [Thread-230] INFO  impl.RaftServerImpl (RaftServerImpl.java:setRole(174)) - adef09cc-beb2-487d-a020-ad09efbb3e7f@group-CAC311A7B829: changes role from  FOLLOWER to CANDIDATE at term 0 for changeToCandidate
2019-09-25 12:07:22,020 [Thread-230] INFO  impl.RoleInfo (RoleInfo.java:updateAndGet(143)) - adef09cc-beb2-487d-a020-ad09efbb3e7f: start LeaderElection
2019-09-25 12:07:22,072 [a4c605ab-ce77-4bc9-be78-a28a748a3237@group-DD37AAB702B8:LeaderElection10] INFO  impl.LeaderElection (LeaderElection.java:askForVotes(182)) - a4c605ab-ce77-4bc9-be78-a28a748a3237@group-DD37AAB702B8:LeaderElection10: begin an election at term 1 for -1: [a4c605ab-ce77-4bc9-be78-a28a748a3237:192.168.30.6:37168], old=null
2019-09-25 12:07:22,072 [a4c605ab-ce77-4bc9-be78-a28a748a3237@group-B599564B6893:LeaderElection12] INFO  impl.LeaderElection (LeaderElection.java:askForVotes(182)) - a4c605ab-ce77-4bc9-be78-a28a748a3237@group-B599564B6893:LeaderElection12: begin an election at term 1 for -1: [a4c605ab-ce77-4bc9-be78-a28a748a3237:192.168.30.6:37168], old=null
2019-09-25 12:07:22,072 [a4c605ab-ce77-4bc9-be78-a28a748a3237@group-DD37AAB702B8:LeaderElection10] INFO  impl.RoleInfo (RoleInfo.java:shutdownLeaderElection(134)) - a4c605ab-ce77-4bc9-be78-a28a748a3237: shutdown LeaderElection
2019-09-25 12:07:22,072 [adef09cc-beb2-487d-a020-ad09efbb3e7f@group-91C29703A286:LeaderElection16] INFO  impl.LeaderElection (LeaderElection.java:askForVotes(182)) - adef09cc-beb2-487d-a020-ad09efbb3e7f@group-91C29703A286:LeaderElection16: begin an election at term 1 for -1: [adef09cc-beb2-487d-a020-ad09efbb3e7f:192.168.30.6:35191], old=null
2019-09-25 12:07:22,072 [90a5e23b-d3dc-4a6b-9838-81ba7f1d625e@group-3320BE91FACE:LeaderElection9] INFO  impl.LeaderElection (LeaderElection.java:askForVotes(182)) - 90a5e23b-d3dc-4a6b-9838-81ba7f1d625e@group-3320BE91FACE:LeaderElection9: begin an election at term 1 for -1: [90a5e23b-d3dc-4a6b-9838-81ba7f1d625e:192.168.30.6:36629], old=null
2019-09-25 12:07:22,072 [adef09cc-beb2-487d-a020-ad09efbb3e7f@group-501CD589C9C1:LeaderElection15] INFO  impl.LeaderElection (LeaderElection.java:askForVotes(182)) - adef09cc-beb2-487d-a020-ad09efbb3e7f@group-501CD589C9C1:LeaderElection15: begin an election at term 1 for -1: [adef09cc-beb2-487d-a020-ad09efbb3e7f:192.168.30.6:35191], old=null
2019-09-25 12:07:22,072 [a4c605ab-ce77-4bc9-be78-a28a748a3237@group-65C1A18754AB:LeaderElection11] INFO  impl.LeaderElection (LeaderElection.java:askForVotes(182)) - a4c605ab-ce77-4bc9-be78-a28a748a3237@group-65C1A18754AB:LeaderElection11: begin an election at term 1 for -1: [a4c605ab-ce77-4bc9-be78-a28a748a3237:192.168.30.6:37168], old=null
2019-09-25 12:07:22,072 [a4c605ab-ce77-4bc9-be78-a28a748a3237@group-8E34A96E270B:LeaderElection13] INFO  impl.LeaderElection (LeaderElection.java:askForVotes(182)) - a4c605ab-ce77-4bc9-be78-a28a748a3237@group-8E34A96E270B:LeaderElection13: begin an election at term 1 for -1: [a4c605ab-ce77-4bc9-be78-a28a748a3237:192.168.30.6:37168], old=null
2019-09-25 12:07:22,072 [adef09cc-beb2-487d-a020-ad09efbb3e7f@group-CAC311A7B829:LeaderElection17] INFO  impl.LeaderElection (LeaderElection.java:askForVotes(182)) - adef09cc-beb2-487d-a020-ad09efbb3e7f@group-CAC311A7B829:LeaderElection17: begin an election at term 1 for -1: [adef09cc-beb2-487d-a020-ad09efbb3e7f:192.168.30.6:35191], old=null
2019-09-25 12:07:22,072 [90a5e23b-d3dc-4a6b-9838-81ba7f1d625e@group-374846B6ADAE:LeaderElection8] INFO  impl.LeaderElection (LeaderElection.java:askForVotes(182)) - 90a5e23b-d3dc-4a6b-9838-81ba7f1d625e@group-374846B6ADAE:LeaderElection8: begin an election at term 1 for -1: [90a5e23b-d3dc-4a6b-9838-81ba7f1d625e:192.168.30.6:36629], old=null
2019-09-25 12:07:22,072 [adef09cc-beb2-487d-a020-ad09efbb3e7f@group-A40A66479DEA:LeaderElection14] INFO  impl.LeaderElection (LeaderElection.java:askForVotes(182)) - adef09cc-beb2-487d-a020-ad09efbb3e7f@group-A40A66479DEA:LeaderElection14: begin an election at term 1 for -1: [adef09cc-beb2-487d-a020-ad09efbb3e7f:192.168.30.6:35191], old=null
2019-09-25 12:07:22,074 [90a5e23b-d3dc-4a6b-9838-81ba7f1d625e@group-374846B6ADAE:LeaderElection8] INFO  impl.RoleInfo (RoleInfo.java:shutdownLeaderElection(134)) - 90a5e23b-d3dc-4a6b-9838-81ba7f1d625e: shutdown LeaderElection
2019-09-25 12:07:22,074 [adef09cc-beb2-487d-a020-ad09efbb3e7f@group-CAC311A7B829:LeaderElection17] INFO  impl.RoleInfo (RoleInfo.java:shutdownLeaderElection(134)) - adef09cc-beb2-487d-a020-ad09efbb3e7f: shutdown LeaderElection
2019-09-25 12:07:22,073 [a4c605ab-ce77-4bc9-be78-a28a748a3237@group-8E34A96E270B:LeaderElection13] INFO  impl.RoleInfo (RoleInfo.java:shutdownLeaderElection(134)) - a4c605ab-ce77-4bc9-be78-a28a748a3237: shutdown LeaderElection
2019-09-25 12:07:22,073 [a4c605ab-ce77-4bc9-be78-a28a748a3237@group-65C1A18754AB:LeaderElection11] INFO  impl.RoleInfo (RoleInfo.java:shutdownLeaderElection(134)) - a4c605ab-ce77-4bc9-be78-a28a748a3237: shutdown LeaderElection
2019-09-25 12:07:22,073 [adef09cc-beb2-487d-a020-ad09efbb3e7f@group-501CD589C9C1:LeaderElection15] INFO  impl.RoleInfo (RoleInfo.java:shutdownLeaderElection(134)) - adef09cc-beb2-487d-a020-ad09efbb3e7f: shutdown LeaderElection
2019-09-25 12:07:22,073 [90a5e23b-d3dc-4a6b-9838-81ba7f1d625e@group-3320BE91FACE:LeaderElection9] INFO  impl.RoleInfo (RoleInfo.java:shutdownLeaderElection(134)) - 90a5e23b-d3dc-4a6b-9838-81ba7f1d625e: shutdown LeaderElection
2019-09-25 12:07:22,073 [adef09cc-beb2-487d-a020-ad09efbb3e7f@group-91C29703A286:LeaderElection16] INFO  impl.RoleInfo (RoleInfo.java:shutdownLeaderElection(134)) - adef09cc-beb2-487d-a020-ad09efbb3e7f: shutdown LeaderElection
2019-09-25 12:07:22,073 [a4c605ab-ce77-4bc9-be78-a28a748a3237@group-DD37AAB702B8:LeaderElection10] INFO  impl.RaftServerImpl (RaftServerImpl.java:setRole(174)) - a4c605ab-ce77-4bc9-be78-a28a748a3237@group-DD37AAB702B8: changes role from CANDIDATE to LEADER at term 1 for changeToLeader
2019-09-25 12:07:22,075 [a4c605ab-ce77-4bc9-be78-a28a748a3237@group-DD37AAB702B8:LeaderElection10] INFO  impl.RaftServerImpl (ServerState.java:setLeader(253)) - a4c605ab-ce77-4bc9-be78-a28a748a3237@group-DD37AAB702B8: change Leader from null to a4c605ab-ce77-4bc9-be78-a28a748a3237 at term 1 for becomeLeader, leader elected after 5486ms
2019-09-25 12:07:22,072 [a4c605ab-ce77-4bc9-be78-a28a748a3237@group-B599564B6893:LeaderElection12] INFO  impl.RoleInfo (RoleInfo.java:shutdownLeaderElection(134)) - a4c605ab-ce77-4bc9-be78-a28a748a3237: shutdown LeaderElection
2019-09-25 12:07:22,075 [a4c605ab-ce77-4bc9-be78-a28a748a3237@group-DD37AAB702B8:LeaderElection10] INFO  server.RaftServerConfigKeys (ConfUtils.java:logGet(43)) - raft.server.staging.catchup.gap = 1000 (default)
2019-09-25 12:07:22,075 [adef09cc-beb2-487d-a020-ad09efbb3e7f@group-91C29703A286:LeaderElection16] INFO  impl.RaftServerImpl (RaftServerImpl.java:setRole(174)) - adef09cc-beb2-487d-a020-ad09efbb3e7f@group-91C29703A286: changes role from CANDIDATE to LEADER at term 1 for changeToLeader
2019-09-25 12:07:22,075 [90a5e23b-d3dc-4a6b-9838-81ba7f1d625e@group-3320BE91FACE:LeaderElection9] INFO  impl.RaftServerImpl (RaftServerImpl.java:setRole(174)) - 90a5e23b-d3dc-4a6b-9838-81ba7f1d625e@group-3320BE91FACE: changes role from CANDIDATE to LEADER at term 1 for changeToLeader
2019-09-25 12:07:22,076 [90a5e23b-d3dc-4a6b-9838-81ba7f1d625e@group-3320BE91FACE:LeaderElection9] INFO  impl.RaftServerImpl (ServerState.java:setLeader(253)) - 90a5e23b-d3dc-4a6b-9838-81ba7f1d625e@group-3320BE91FACE: change Leader from null to 90a5e23b-d3dc-4a6b-9838-81ba7f1d625e at term 1 for becomeLeader, leader elected after 5557ms
2019-09-25 12:07:22,075 [adef09cc-beb2-487d-a020-ad09efbb3e7f@group-501CD589C9C1:LeaderElection15] INFO  impl.RaftServerImpl (RaftServerImpl.java:setRole(174)) - adef09cc-beb2-487d-a020-ad09efbb3e7f@group-501CD589C9C1: changes role from CANDIDATE to LEADER at term 1 for changeToLeader
2019-09-25 12:07:22,075 [a4c605ab-ce77-4bc9-be78-a28a748a3237@group-65C1A18754AB:LeaderElection11] INFO  impl.RaftServerImpl (RaftServerImpl.java:setRole(174)) - a4c605ab-ce77-4bc9-be78-a28a748a3237@group-65C1A18754AB: changes role from CANDIDATE to LEADER at term 1 for changeToLeader
2019-09-25 12:07:22,074 [a4c605ab-ce77-4bc9-be78-a28a748a3237@group-8E34A96E270B:LeaderElection13] INFO  impl.RaftServerImpl (RaftServerImpl.java:setRole(174)) - a4c605ab-ce77-4bc9-be78-a28a748a3237@group-8E34A96E270B: changes role from CANDIDATE to LEADER at term 1 for changeToLeader
2019-09-25 12:07:22,074 [adef09cc-beb2-487d-a020-ad09efbb3e7f@group-CAC311A7B829:LeaderElection17] INFO  impl.RaftServerImpl (RaftServerImpl.java:setRole(174)) - adef09cc-beb2-487d-a020-ad09efbb3e7f@group-CAC311A7B829: changes role from CANDIDATE to LEADER at term 1 for changeToLeader
2019-09-25 12:07:22,074 [90a5e23b-d3dc-4a6b-9838-81ba7f1d625e@group-374846B6ADAE:LeaderElection8] INFO  impl.RaftServerImpl (RaftServerImpl.java:setRole(174)) - 90a5e23b-d3dc-4a6b-9838-81ba7f1d625e@group-374846B6ADAE: changes role from CANDIDATE to LEADER at term 1 for changeToLeader
2019-09-25 12:07:22,074 [adef09cc-beb2-487d-a020-ad09efbb3e7f@group-A40A66479DEA:LeaderElection14] INFO  impl.RoleInfo (RoleInfo.java:shutdownLeaderElection(134)) - adef09cc-beb2-487d-a020-ad09efbb3e7f: shutdown LeaderElection
2019-09-25 12:07:22,077 [90a5e23b-d3dc-4a6b-9838-81ba7f1d625e@group-374846B6ADAE:LeaderElection8] INFO  impl.RaftServerImpl (ServerState.java:setLeader(253)) - 90a5e23b-d3dc-4a6b-9838-81ba7f1d625e@group-374846B6ADAE: change Leader from null to 90a5e23b-d3dc-4a6b-9838-81ba7f1d625e at term 1 for becomeLeader, leader elected after 5613ms
2019-09-25 12:07:22,077 [adef09cc-beb2-487d-a020-ad09efbb3e7f@group-CAC311A7B829:LeaderElection17] INFO  impl.RaftServerImpl (ServerState.java:setLeader(253)) - adef09cc-beb2-487d-a020-ad09efbb3e7f@group-CAC311A7B829: change Leader from null to adef09cc-beb2-487d-a020-ad09efbb3e7f at term 1 for becomeLeader, leader elected after 5065ms
2019-09-25 12:07:22,076 [a4c605ab-ce77-4bc9-be78-a28a748a3237@group-8E34A96E270B:LeaderElection13] INFO  impl.RaftServerImpl (ServerState.java:setLeader(253)) - a4c605ab-ce77-4bc9-be78-a28a748a3237@group-8E34A96E270B: change Leader from null to a4c605ab-ce77-4bc9-be78-a28a748a3237 at term 1 for becomeLeader, leader elected after 5403ms
2019-09-25 12:07:22,076 [a4c605ab-ce77-4bc9-be78-a28a748a3237@group-65C1A18754AB:LeaderElection11] INFO  impl.RaftServerImpl (ServerState.java:setLeader(253)) - a4c605ab-ce77-4bc9-be78-a28a748a3237@group-65C1A18754AB: change Leader from null to a4c605ab-ce77-4bc9-be78-a28a748a3237 at term 1 for becomeLeader, leader elected after 5350ms
2019-09-25 12:07:22,076 [adef09cc-beb2-487d-a020-ad09efbb3e7f@group-501CD589C9C1:LeaderElection15] INFO  impl.RaftServerImpl (ServerState.java:setLeader(253)) - adef09cc-beb2-487d-a020-ad09efbb3e7f@group-501CD589C9C1: change Leader from null to adef09cc-beb2-487d-a020-ad09efbb3e7f at term 1 for becomeLeader, leader elected after 5232ms
2019-09-25 12:07:22,076 [90a5e23b-d3dc-4a6b-9838-81ba7f1d625e@group-3320BE91FACE:LeaderElection9] INFO  server.RaftServerConfigKeys (ConfUtils.java:logGet(43)) - raft.server.staging.catchup.gap = 1000 (default)
2019-09-25 12:07:22,076 [adef09cc-beb2-487d-a020-ad09efbb3e7f@group-91C29703A286:LeaderElection16] INFO  impl.RaftServerImpl (ServerState.java:setLeader(253)) - adef09cc-beb2-487d-a020-ad09efbb3e7f@group-91C29703A286: change Leader from null to adef09cc-beb2-487d-a020-ad09efbb3e7f at term 1 for becomeLeader, leader elected after 5116ms
2019-09-25 12:07:22,076 [a4c605ab-ce77-4bc9-be78-a28a748a3237@group-DD37AAB702B8:LeaderElection10] INFO  server.RaftServerConfigKeys (ConfUtils.java:logGet(43)) - raft.server.rpc.sleep.time = 25ms (default)
2019-09-25 12:07:22,076 [a4c605ab-ce77-4bc9-be78-a28a748a3237@group-B599564B6893:LeaderElection12] INFO  impl.RaftServerImpl (RaftServerImpl.java:setRole(174)) - a4c605ab-ce77-4bc9-be78-a28a748a3237@group-B599564B6893: changes role from CANDIDATE to LEADER at term 1 for changeToLeader
2019-09-25 12:07:22,078 [a4c605ab-ce77-4bc9-be78-a28a748a3237@group-DD37AAB702B8:LeaderElection10] INFO  server.RaftServerConfigKeys (ConfUtils.java:logGet(43)) - raft.server.write.element-limit = 4096 (default)
2019-09-25 12:07:22,078 [adef09cc-beb2-487d-a020-ad09efbb3e7f@group-91C29703A286:LeaderElection16] INFO  server.RaftServerConfigKeys (ConfUtils.java:logGet(43)) - raft.server.staging.catchup.gap = 1000 (default)
2019-09-25 12:07:22,078 [90a5e23b-d3dc-4a6b-9838-81ba7f1d625e@group-3320BE91FACE:LeaderElection9] INFO  server.RaftServerConfigKeys (ConfUtils.java:logGet(43)) - raft.server.rpc.sleep.time = 25ms (default)
2019-09-25 12:07:22,078 [adef09cc-beb2-487d-a020-ad09efbb3e7f@group-501CD589C9C1:LeaderElection15] INFO  server.RaftServerConfigKeys (ConfUtils.java:logGet(43)) - raft.server.staging.catchup.gap = 1000 (default)
2019-09-25 12:07:22,077 [a4c605ab-ce77-4bc9-be78-a28a748a3237@group-65C1A18754AB:LeaderElection11] INFO  server.RaftServerConfigKeys (ConfUtils.java:logGet(43)) - raft.server.staging.catchup.gap = 1000 (default)
2019-09-25 12:07:22,077 [a4c605ab-ce77-4bc9-be78-a28a748a3237@group-8E34A96E270B:LeaderElection13] INFO  server.RaftServerConfigKeys (ConfUtils.java:logGet(43)) - raft.server.staging.catchup.gap = 1000 (default)
2019-09-25 12:07:22,077 [adef09cc-beb2-487d-a020-ad09efbb3e7f@group-CAC311A7B829:LeaderElection17] INFO  server.RaftServerConfigKeys (ConfUtils.java:logGet(43)) - raft.server.staging.catchup.gap = 1000 (default)
2019-09-25 12:07:22,077 [90a5e23b-d3dc-4a6b-9838-81ba7f1d625e@group-374846B6ADAE:LeaderElection8] INFO  server.RaftServerConfigKeys (ConfUtils.java:logGet(43)) - raft.server.staging.catchup.gap = 1000 (default)
2019-09-25 12:07:22,077 [adef09cc-beb2-487d-a020-ad09efbb3e7f@group-A40A66479DEA:LeaderElection14] INFO  impl.RaftServerImpl (RaftServerImpl.java:setRole(174)) - adef09cc-beb2-487d-a020-ad09efbb3e7f@group-A40A66479DEA: changes role from CANDIDATE to LEADER at term 1 for changeToLeader
2019-09-25 12:07:22,080 [90a5e23b-d3dc-4a6b-9838-81ba7f1d625e@group-374846B6ADAE:LeaderElection8] INFO  server.RaftServerConfigKeys (ConfUtils.java:logGet(43)) - raft.server.rpc.sleep.time = 25ms (default)
2019-09-25 12:07:22,079 [adef09cc-beb2-487d-a020-ad09efbb3e7f@group-CAC311A7B829:LeaderElection17] INFO  server.RaftServerConfigKeys (ConfUtils.java:logGet(43)) - raft.server.rpc.sleep.time = 25ms (default)
2019-09-25 12:07:22,079 [a4c605ab-ce77-4bc9-be78-a28a748a3237@group-8E34A96E270B:LeaderElection13] INFO  server.RaftServerConfigKeys (ConfUtils.java:logGet(43)) - raft.server.rpc.sleep.time = 25ms (default)
2019-09-25 12:07:22,080 [adef09cc-beb2-487d-a020-ad09efbb3e7f@group-CAC311A7B829:LeaderElection17] INFO  server.RaftServerConfigKeys (ConfUtils.java:logGet(43)) - raft.server.write.element-limit = 4096 (default)
2019-09-25 12:07:22,079 [a4c605ab-ce77-4bc9-be78-a28a748a3237@group-65C1A18754AB:LeaderElection11] INFO  server.RaftServerConfigKeys (ConfUtils.java:logGet(43)) - raft.server.rpc.sleep.time = 25ms (default)
2019-09-25 12:07:22,079 [adef09cc-beb2-487d-a020-ad09efbb3e7f@group-501CD589C9C1:LeaderElection15] INFO  server.RaftServerConfigKeys (ConfUtils.java:logGet(43)) - raft.server.rpc.sleep.time = 25ms (default)
2019-09-25 12:07:22,081 [a4c605ab-ce77-4bc9-be78-a28a748a3237@group-65C1A18754AB:LeaderElection11] INFO  server.RaftServerConfigKeys (ConfUtils.java:logGet(43)) - raft.server.write.element-limit = 4096 (default)
2019-09-25 12:07:22,079 [90a5e23b-d3dc-4a6b-9838-81ba7f1d625e@group-3320BE91FACE:LeaderElection9] INFO  server.RaftServerConfigKeys (ConfUtils.java:logGet(43)) - raft.server.write.element-limit = 4096 (default)
2019-09-25 12:07:22,079 [adef09cc-beb2-487d-a020-ad09efbb3e7f@group-91C29703A286:LeaderElection16] INFO  server.RaftServerConfigKeys (ConfUtils.java:logGet(43)) - raft.server.rpc.sleep.time = 25ms (default)
2019-09-25 12:07:22,078 [a4c605ab-ce77-4bc9-be78-a28a748a3237@group-DD37AAB702B8:LeaderElection10] INFO  server.RaftServerConfigKeys (ConfUtils.java:logGet(43)) - raft.server.watch.timeout = 10s (default)
2019-09-25 12:07:22,078 [a4c605ab-ce77-4bc9-be78-a28a748a3237@group-B599564B6893:LeaderElection12] INFO  impl.RaftServerImpl (ServerState.java:setLeader(253)) - a4c605ab-ce77-4bc9-be78-a28a748a3237@group-B599564B6893: change Leader from null to a4c605ab-ce77-4bc9-be78-a28a748a3237 at term 1 for becomeLeader, leader elected after 5296ms
2019-09-25 12:07:22,082 [a4c605ab-ce77-4bc9-be78-a28a748a3237@group-DD37AAB702B8:LeaderElection10] INFO  server.RaftServerConfigKeys (ConfUtils.java:logGet(43)) - raft.server.watch.timeout.denomination = 1s (default)
2019-09-25 12:07:22,081 [adef09cc-beb2-487d-a020-ad09efbb3e7f@group-91C29703A286:LeaderElection16] INFO  server.RaftServerConfigKeys (ConfUtils.java:logGet(43)) - raft.server.write.element-limit = 4096 (default)
2019-09-25 12:07:22,081 [90a5e23b-d3dc-4a6b-9838-81ba7f1d625e@group-3320BE91FACE:LeaderElection9] INFO  server.RaftServerConfigKeys (ConfUtils.java:logGet(43)) - raft.server.watch.timeout = 10s (default)
2019-09-25 12:07:22,081 [a4c605ab-ce77-4bc9-be78-a28a748a3237@group-65C1A18754AB:LeaderElection11] INFO  server.RaftServerConfigKeys (ConfUtils.java:logGet(43)) - raft.server.watch.timeout = 10s (default)
2019-09-25 12:07:22,081 [adef09cc-beb2-487d-a020-ad09efbb3e7f@group-501CD589C9C1:LeaderElection15] INFO  server.RaftServerConfigKeys (ConfUtils.java:logGet(43)) - raft.server.write.element-limit = 4096 (default)
2019-09-25 12:07:22,080 [adef09cc-beb2-487d-a020-ad09efbb3e7f@group-CAC311A7B829:LeaderElection17] INFO  server.RaftServerConfigKeys (ConfUtils.java:logGet(43)) - raft.server.watch.timeout = 10s (default)
2019-09-25 12:07:22,080 [a4c605ab-ce77-4bc9-be78-a28a748a3237@group-8E34A96E270B:LeaderElection13] INFO  server.RaftServerConfigKeys (ConfUtils.java:logGet(43)) - raft.server.write.element-limit = 4096 (default)
2019-09-25 12:07:22,080 [90a5e23b-d3dc-4a6b-9838-81ba7f1d625e@group-374846B6ADAE:LeaderElection8] INFO  server.RaftServerConfigKeys (ConfUtils.java:logGet(43)) - raft.server.write.element-limit = 4096 (default)
2019-09-25 12:07:22,080 [adef09cc-beb2-487d-a020-ad09efbb3e7f@group-A40A66479DEA:LeaderElection14] INFO  impl.RaftServerImpl (ServerState.java:setLeader(253)) - adef09cc-beb2-487d-a020-ad09efbb3e7f@group-A40A66479DEA: change Leader from null to adef09cc-beb2-487d-a020-ad09efbb3e7f at term 1 for becomeLeader, leader elected after 5170ms
2019-09-25 12:07:22,083 [90a5e23b-d3dc-4a6b-9838-81ba7f1d625e@group-374846B6ADAE:LeaderElection8] INFO  server.RaftServerConfigKeys (ConfUtils.java:logGet(43)) - raft.server.watch.timeout = 10s (default)
2019-09-25 12:07:22,083 [a4c605ab-ce77-4bc9-be78-a28a748a3237@group-8E34A96E270B:LeaderElection13] INFO  server.RaftServerConfigKeys (ConfUtils.java:logGet(43)) - raft.server.watch.timeout = 10s (default)
2019-09-25 12:07:22,083 [adef09cc-beb2-487d-a020-ad09efbb3e7f@group-CAC311A7B829:LeaderElection17] INFO  server.RaftServerConfigKeys (ConfUtils.java:logGet(43)) - raft.server.watch.timeout.denomination = 1s (default)
2019-09-25 12:07:22,082 [adef09cc-beb2-487d-a020-ad09efbb3e7f@group-501CD589C9C1:LeaderElection15] INFO  server.RaftServerConfigKeys (ConfUtils.java:logGet(43)) - raft.server.watch.timeout = 10s (default)
2019-09-25 12:07:22,084 [adef09cc-beb2-487d-a020-ad09efbb3e7f@group-501CD589C9C1:LeaderElection15] INFO  server.RaftServerConfigKeys (ConfUtils.java:logGet(43)) - raft.server.watch.timeout.denomination = 1s (default)
2019-09-25 12:07:22,082 [a4c605ab-ce77-4bc9-be78-a28a748a3237@group-65C1A18754AB:LeaderElection11] INFO  server.RaftServerConfigKeys (ConfUtils.java:logGet(43)) - raft.server.watch.timeout.denomination = 1s (default)
2019-09-25 12:07:22,082 [90a5e23b-d3dc-4a6b-9838-81ba7f1d625e@group-3320BE91FACE:LeaderElection9] INFO  server.RaftServerConfigKeys (ConfUtils.java:logGet(43)) - raft.server.watch.timeout.denomination = 1s (default)
2019-09-25 12:07:22,082 [adef09cc-beb2-487d-a020-ad09efbb3e7f@group-91C29703A286:LeaderElection16] INFO  server.RaftServerConfigKeys (ConfUtils.java:logGet(43)) - raft.server.watch.timeout = 10s (default)
2019-09-25 12:07:22,082 [a4c605ab-ce77-4bc9-be78-a28a748a3237@group-DD37AAB702B8:LeaderElection10] INFO  server.RaftServerConfigKeys (ConfUtils.java:logGet(43)) - raft.server.watch.element-limit = 65536 (default)
2019-09-25 12:07:22,082 [a4c605ab-ce77-4bc9-be78-a28a748a3237@group-B599564B6893:LeaderElection12] INFO  server.RaftServerConfigKeys (ConfUtils.java:logGet(43)) - raft.server.staging.catchup.gap = 1000 (default)
2019-09-25 12:07:22,084 [adef09cc-beb2-487d-a020-ad09efbb3e7f@group-91C29703A286:LeaderElection16] INFO  server.RaftServerConfigKeys (ConfUtils.java:logGet(43)) - raft.server.watch.timeout.denomination = 1s (default)
2019-09-25 12:07:22,084 [90a5e23b-d3dc-4a6b-9838-81ba7f1d625e@group-3320BE91FACE:LeaderElection9] INFO  server.RaftServerConfigKeys (ConfUtils.java:logGet(43)) - raft.server.watch.element-limit = 65536 (default)
2019-09-25 12:07:22,084 [a4c605ab-ce77-4bc9-be78-a28a748a3237@group-65C1A18754AB:LeaderElection11] INFO  server.RaftServerConfigKeys (ConfUtils.java:logGet(43)) - raft.server.watch.element-limit = 65536 (default)
2019-09-25 12:07:22,084 [adef09cc-beb2-487d-a020-ad09efbb3e7f@group-501CD589C9C1:LeaderElection15] INFO  server.RaftServerConfigKeys (ConfUtils.java:logGet(43)) - raft.server.watch.element-limit = 65536 (default)
2019-09-25 12:07:22,084 [adef09cc-beb2-487d-a020-ad09efbb3e7f@group-CAC311A7B829:LeaderElection17] INFO  server.RaftServerConfigKeys (ConfUtils.java:logGet(43)) - raft.server.watch.element-limit = 65536 (default)
2019-09-25 12:07:22,083 [a4c605ab-ce77-4bc9-be78-a28a748a3237@group-8E34A96E270B:LeaderElection13] INFO  server.RaftServerConfigKeys (ConfUtils.java:logGet(43)) - raft.server.watch.timeout.denomination = 1s (default)
2019-09-25 12:07:22,083 [90a5e23b-d3dc-4a6b-9838-81ba7f1d625e@group-374846B6ADAE:LeaderElection8] INFO  server.RaftServerConfigKeys (ConfUtils.java:logGet(43)) - raft.server.watch.timeout.denomination = 1s (default)
2019-09-25 12:07:22,083 [adef09cc-beb2-487d-a020-ad09efbb3e7f@group-A40A66479DEA:LeaderElection14] INFO  server.RaftServerConfigKeys (ConfUtils.java:logGet(43)) - raft.server.staging.catchup.gap = 1000 (default)
2019-09-25 12:07:22,086 [90a5e23b-d3dc-4a6b-9838-81ba7f1d625e@group-374846B6ADAE:LeaderElection8] INFO  server.RaftServerConfigKeys (ConfUtils.java:logGet(43)) - raft.server.watch.element-limit = 65536 (default)
2019-09-25 12:07:22,086 [a4c605ab-ce77-4bc9-be78-a28a748a3237@group-8E34A96E270B:LeaderElection13] INFO  server.RaftServerConfigKeys (ConfUtils.java:logGet(43)) - raft.server.watch.element-limit = 65536 (default)
2019-09-25 12:07:22,085 [adef09cc-beb2-487d-a020-ad09efbb3e7f@group-91C29703A286:LeaderElection16] INFO  server.RaftServerConfigKeys (ConfUtils.java:logGet(43)) - raft.server.watch.element-limit = 65536 (default)
2019-09-25 12:07:22,085 [a4c605ab-ce77-4bc9-be78-a28a748a3237@group-B599564B6893:LeaderElection12] INFO  server.RaftServerConfigKeys (ConfUtils.java:logGet(43)) - raft.server.rpc.sleep.time = 25ms (default)
2019-09-25 12:07:22,086 [adef09cc-beb2-487d-a020-ad09efbb3e7f@group-A40A66479DEA:LeaderElection14] INFO  server.RaftServerConfigKeys (ConfUtils.java:logGet(43)) - raft.server.rpc.sleep.time = 25ms (default)
2019-09-25 12:07:22,087 [a4c605ab-ce77-4bc9-be78-a28a748a3237@group-B599564B6893:LeaderElection12] INFO  server.RaftServerConfigKeys (ConfUtils.java:logGet(43)) - raft.server.write.element-limit = 4096 (default)
2019-09-25 12:07:22,087 [adef09cc-beb2-487d-a020-ad09efbb3e7f@group-A40A66479DEA:LeaderElection14] INFO  server.RaftServerConfigKeys (ConfUtils.java:logGet(43)) - raft.server.write.element-limit = 4096 (default)
2019-09-25 12:07:22,087 [a4c605ab-ce77-4bc9-be78-a28a748a3237@group-B599564B6893:LeaderElection12] INFO  server.RaftServerConfigKeys (ConfUtils.java:logGet(43)) - raft.server.watch.timeout = 10s (default)
2019-09-25 12:07:22,087 [adef09cc-beb2-487d-a020-ad09efbb3e7f@group-A40A66479DEA:LeaderElection14] INFO  server.RaftServerConfigKeys (ConfUtils.java:logGet(43)) - raft.server.watch.timeout = 10s (default)
2019-09-25 12:07:22,087 [a4c605ab-ce77-4bc9-be78-a28a748a3237@group-B599564B6893:LeaderElection12] INFO  server.RaftServerConfigKeys (ConfUtils.java:logGet(43)) - raft.server.watch.timeout.denomination = 1s (default)
2019-09-25 12:07:22,088 [adef09cc-beb2-487d-a020-ad09efbb3e7f@group-A40A66479DEA:LeaderElection14] INFO  server.RaftServerConfigKeys (ConfUtils.java:logGet(43)) - raft.server.watch.timeout.denomination = 1s (default)
2019-09-25 12:07:22,088 [a4c605ab-ce77-4bc9-be78-a28a748a3237@group-B599564B6893:LeaderElection12] INFO  server.RaftServerConfigKeys (ConfUtils.java:logGet(43)) - raft.server.watch.element-limit = 65536 (default)
2019-09-25 12:07:22,088 [adef09cc-beb2-487d-a020-ad09efbb3e7f@group-A40A66479DEA:LeaderElection14] INFO  server.RaftServerConfigKeys (ConfUtils.java:logGet(43)) - raft.server.watch.element-limit = 65536 (default)
2019-09-25 12:07:22,093 [a4c605ab-ce77-4bc9-be78-a28a748a3237@group-DD37AAB702B8:LeaderElection10] INFO  impl.RoleInfo (RoleInfo.java:updateAndGet(143)) - a4c605ab-ce77-4bc9-be78-a28a748a3237: start LeaderState
2019-09-25 12:07:22,094 [a4c605ab-ce77-4bc9-be78-a28a748a3237@group-DD37AAB702B8:LeaderElection10] INFO  segmented.SegmentedRaftLogWorker (SegmentedRaftLogWorker.java:startLogSegment(380)) - a4c605ab-ce77-4bc9-be78-a28a748a3237@group-DD37AAB702B8-SegmentedRaftLogWorker: Starting segment from index:0
2019-09-25 12:07:22,094 [a4c605ab-ce77-4bc9-be78-a28a748a3237@group-DD37AAB702B8:LeaderElection10] INFO  impl.RaftServerImpl (ServerState.java:setRaftConf(354)) - a4c605ab-ce77-4bc9-be78-a28a748a3237@group-DD37AAB702B8: set configuration 0: [a4c605ab-ce77-4bc9-be78-a28a748a3237:192.168.30.6:37168], old=null at 0
2019-09-25 12:07:22,128 [Thread-233] INFO  impl.FollowerState (FollowerState.java:run(106)) - adef09cc-beb2-487d-a020-ad09efbb3e7f:group-AD50ACF1CFD3 changes to CANDIDATE, lastRpcTime:5062, electionTimeout:5061ms
 100.00% |█████████████████████████████████████████████████████████████████████████████████████████████████████|  1/1 Time: 0:00:05
2019-09-25 12:07:22,128 [Thread-233] INFO  impl.RoleInfo (RoleInfo.java:shutdownFollowerState(121)) - adef09cc-beb2-487d-a020-ad09efbb3e7f: shutdown FollowerState
2019-09-25 12:07:22,128 [Thread-233] INFO  impl.RaftServerImpl (RaftServerImpl.java:setRole(174)) - adef09cc-beb2-487d-a020-ad09efbb3e7f@group-AD50ACF1CFD3: changes role from  FOLLOWER to CANDIDATE at term 0 for changeToCandidate
2019-09-25 12:07:22,129 [Thread-233] INFO  impl.RoleInfo (RoleInfo.java:updateAndGet(143)) - adef09cc-beb2-487d-a020-ad09efbb3e7f: start LeaderElection
2019-09-25 12:07:22,138 [adef09cc-beb2-487d-a020-ad09efbb3e7f@group-501CD589C9C1:LeaderElection15] INFO  impl.RoleInfo (RoleInfo.java:updateAndGet(143)) - adef09cc-beb2-487d-a020-ad09efbb3e7f: start LeaderState
2019-09-25 12:07:22,139 [adef09cc-beb2-487d-a020-ad09efbb3e7f@group-501CD589C9C1:LeaderElection15] INFO  segmented.SegmentedRaftLogWorker (SegmentedRaftLogWorker.java:startLogSegment(380)) - adef09cc-beb2-487d-a020-ad09efbb3e7f@group-501CD589C9C1-SegmentedRaftLogWorker: Starting segment from index:0
2019-09-25 12:07:22,139 [adef09cc-beb2-487d-a020-ad09efbb3e7f@group-501CD589C9C1:LeaderElection15] INFO  impl.RaftServerImpl (ServerState.java:setRaftConf(354)) - adef09cc-beb2-487d-a020-ad09efbb3e7f@group-501CD589C9C1: set configuration 0: [adef09cc-beb2-487d-a020-ad09efbb3e7f:192.168.30.6:35191], old=null at 0
2019-09-25 12:07:22,142 [a4c605ab-ce77-4bc9-be78-a28a748a3237@group-DD37AAB702B8-SegmentedRaftLogWorker] INFO  segmented.SegmentedRaftLogWorker (SegmentedRaftLogWorker.java:execute(569)) - a4c605ab-ce77-4bc9-be78-a28a748a3237@group-DD37AAB702B8-SegmentedRaftLogWorker: created new log segment /workdir/hadoop-ozone/tools/target/test-dir/MiniOzoneClusterImpl-6e39606f-4d17-4d5b-8507-ba9bdf76dca7/datanode-2/data/ratis/649fe7f6-ae03-41fa-b41b-dd37aab702b8/current/log_inprogress_0
2019-09-25 12:07:22,142 [adef09cc-beb2-487d-a020-ad09efbb3e7f@group-AD50ACF1CFD3:LeaderElection18] INFO  impl.LeaderElection (LeaderElection.java:askForVotes(182)) - adef09cc-beb2-487d-a020-ad09efbb3e7f@group-AD50ACF1CFD3:LeaderElection18: begin an election at term 1 for -1: [adef09cc-beb2-487d-a020-ad09efbb3e7f:192.168.30.6:35191], old=null
2019-09-25 12:07:22,142 [adef09cc-beb2-487d-a020-ad09efbb3e7f@group-AD50ACF1CFD3:LeaderElection18] INFO  impl.RoleInfo (RoleInfo.java:shutdownLeaderElection(134)) - adef09cc-beb2-487d-a020-ad09efbb3e7f: shutdown LeaderElection
2019-09-25 12:07:22,142 [adef09cc-beb2-487d-a020-ad09efbb3e7f@group-AD50ACF1CFD3:LeaderElection18] INFO  impl.RaftServerImpl (RaftServerImpl.java:setRole(174)) - adef09cc-beb2-487d-a020-ad09efbb3e7f@group-AD50ACF1CFD3: changes role from CANDIDATE to LEADER at term 1 for changeToLeader
2019-09-25 12:07:22,142 [adef09cc-beb2-487d-a020-ad09efbb3e7f@group-AD50ACF1CFD3:LeaderElection18] INFO  impl.RaftServerImpl (ServerState.java:setLeader(253)) - adef09cc-beb2-487d-a020-ad09efbb3e7f@group-AD50ACF1CFD3: change Leader from null to adef09cc-beb2-487d-a020-ad09efbb3e7f at term 1 for becomeLeader, leader elected after 5082ms
2019-09-25 12:07:22,142 [adef09cc-beb2-487d-a020-ad09efbb3e7f@group-AD50ACF1CFD3:LeaderElection18] INFO  server.RaftServerConfigKeys (ConfUtils.java:logGet(43)) - raft.server.staging.catchup.gap = 1000 (default)
2019-09-25 12:07:22,142 [adef09cc-beb2-487d-a020-ad09efbb3e7f@group-AD50ACF1CFD3:LeaderElection18] INFO  server.RaftServerConfigKeys (ConfUtils.java:logGet(43)) - raft.server.rpc.sleep.time = 25ms (default)
2019-09-25 12:07:22,143 [adef09cc-beb2-487d-a020-ad09efbb3e7f@group-AD50ACF1CFD3:LeaderElection18] INFO  server.RaftServerConfigKeys (ConfUtils.java:logGet(43)) - raft.server.write.element-limit = 4096 (default)
2019-09-25 12:07:22,143 [a4c605ab-ce77-4bc9-be78-a28a748a3237@group-65C1A18754AB:LeaderElection11] INFO  impl.RoleInfo (RoleInfo.java:updateAndGet(143)) - a4c605ab-ce77-4bc9-be78-a28a748a3237: start LeaderState
2019-09-25 12:07:22,143 [adef09cc-beb2-487d-a020-ad09efbb3e7f@group-AD50ACF1CFD3:LeaderElection18] INFO  server.RaftServerConfigKeys (ConfUtils.java:logGet(43)) - raft.server.watch.timeout = 10s (default)
2019-09-25 12:07:22,143 [adef09cc-beb2-487d-a020-ad09efbb3e7f@group-AD50ACF1CFD3:LeaderElection18] INFO  server.RaftServerConfigKeys (ConfUtils.java:logGet(43)) - raft.server.watch.timeout.denomination = 1s (default)
2019-09-25 12:07:22,143 [a4c605ab-ce77-4bc9-be78-a28a748a3237@group-65C1A18754AB:LeaderElection11] INFO  segmented.SegmentedRaftLogWorker (SegmentedRaftLogWorker.java:startLogSegment(380)) - a4c605ab-ce77-4bc9-be78-a28a748a3237@group-65C1A18754AB-SegmentedRaftLogWorker: Starting segment from index:0
2019-09-25 12:07:22,143 [adef09cc-beb2-487d-a020-ad09efbb3e7f@group-AD50ACF1CFD3:LeaderElection18] INFO  server.RaftServerConfigKeys (ConfUtils.java:logGet(43)) - raft.server.watch.element-limit = 65536 (default)
2019-09-25 12:07:22,144 [a4c605ab-ce77-4bc9-be78-a28a748a3237@group-65C1A18754AB:LeaderElection11] INFO  impl.RaftServerImpl (ServerState.java:setRaftConf(354)) - a4c605ab-ce77-4bc9-be78-a28a748a3237@group-65C1A18754AB: set configuration 0: [a4c605ab-ce77-4bc9-be78-a28a748a3237:192.168.30.6:37168], old=null at 0
2019-09-25 12:07:22,177 [90a5e23b-d3dc-4a6b-9838-81ba7f1d625e@group-3320BE91FACE:LeaderElection9] INFO  impl.RoleInfo (RoleInfo.java:updateAndGet(143)) - 90a5e23b-d3dc-4a6b-9838-81ba7f1d625e: start LeaderState
2019-09-25 12:07:22,177 [90a5e23b-d3dc-4a6b-9838-81ba7f1d625e@group-3320BE91FACE:LeaderElection9] INFO  segmented.SegmentedRaftLogWorker (SegmentedRaftLogWorker.java:startLogSegment(380)) - 90a5e23b-d3dc-4a6b-9838-81ba7f1d625e@group-3320BE91FACE-SegmentedRaftLogWorker: Starting segment from index:0
2019-09-25 12:07:22,178 [adef09cc-beb2-487d-a020-ad09efbb3e7f@group-91C29703A286:LeaderElection16] INFO  impl.RoleInfo (RoleInfo.java:updateAndGet(143)) - adef09cc-beb2-487d-a020-ad09efbb3e7f: start LeaderState
2019-09-25 12:07:22,178 [90a5e23b-d3dc-4a6b-9838-81ba7f1d625e@group-3320BE91FACE:LeaderElection9] INFO  impl.RaftServerImpl (ServerState.java:setRaftConf(354)) - 90a5e23b-d3dc-4a6b-9838-81ba7f1d625e@group-3320BE91FACE: set configuration 0: [90a5e23b-d3dc-4a6b-9838-81ba7f1d625e:192.168.30.6:36629], old=null at 0
2019-09-25 12:07:22,178 [adef09cc-beb2-487d-a020-ad09efbb3e7f@group-91C29703A286:LeaderElection16] INFO  segmented.SegmentedRaftLogWorker (SegmentedRaftLogWorker.java:startLogSegment(380)) - adef09cc-beb2-487d-a020-ad09efbb3e7f@group-91C29703A286-SegmentedRaftLogWorker: Starting segment from index:0
2019-09-25 12:07:22,214 [adef09cc-beb2-487d-a020-ad09efbb3e7f@group-501CD589C9C1-SegmentedRaftLogWorker] INFO  segmented.SegmentedRaftLogWorker (SegmentedRaftLogWorker.java:execute(569)) - adef09cc-beb2-487d-a020-ad09efbb3e7f@group-501CD589C9C1-SegmentedRaftLogWorker: created new log segment /workdir/hadoop-ozone/tools/target/test-dir/MiniOzoneClusterImpl-6e39606f-4d17-4d5b-8507-ba9bdf76dca7/datanode-0/data/ratis/6d97b027-f19a-424a-8fa5-501cd589c9c1/current/log_inprogress_0
2019-09-25 12:07:22,214 [a4c605ab-ce77-4bc9-be78-a28a748a3237@group-65C1A18754AB-SegmentedRaftLogWorker] INFO  segmented.SegmentedRaftLogWorker (SegmentedRaftLogWorker.java:execute(569)) - a4c605ab-ce77-4bc9-be78-a28a748a3237@group-65C1A18754AB-SegmentedRaftLogWorker: created new log segment /workdir/hadoop-ozone/tools/target/test-dir/MiniOzoneClusterImpl-6e39606f-4d17-4d5b-8507-ba9bdf76dca7/datanode-2/data/ratis/3f11cfbf-46e1-4765-b5b9-65c1a18754ab/current/log_inprogress_0
2019-09-25 12:07:22,216 [adef09cc-beb2-487d-a020-ad09efbb3e7f@group-91C29703A286:LeaderElection16] INFO  impl.RaftServerImpl (ServerState.java:setRaftConf(354)) - adef09cc-beb2-487d-a020-ad09efbb3e7f@group-91C29703A286: set configuration 0: [adef09cc-beb2-487d-a020-ad09efbb3e7f:192.168.30.6:35191], old=null at 0
2019-09-25 12:07:22,216 [a4c605ab-ce77-4bc9-be78-a28a748a3237@group-8E34A96E270B:LeaderElection13] INFO  impl.RoleInfo (RoleInfo.java:updateAndGet(143)) - a4c605ab-ce77-4bc9-be78-a28a748a3237: start LeaderState
2019-09-25 12:07:22,250 [90a5e23b-d3dc-4a6b-9838-81ba7f1d625e@group-3320BE91FACE-SegmentedRaftLogWorker] INFO  segmented.SegmentedRaftLogWorker (SegmentedRaftLogWorker.java:execute(569)) - 90a5e23b-d3dc-4a6b-9838-81ba7f1d625e@group-3320BE91FACE-SegmentedRaftLogWorker: created new log segment /workdir/hadoop-ozone/tools/target/test-dir/MiniOzoneClusterImpl-6e39606f-4d17-4d5b-8507-ba9bdf76dca7/datanode-1/data/ratis/a6dd6a54-d13b-47c6-aac2-3320be91face/current/log_inprogress_0
2019-09-25 12:07:22,251 [a4c605ab-ce77-4bc9-be78-a28a748a3237@group-8E34A96E270B:LeaderElection13] INFO  segmented.SegmentedRaftLogWorker (SegmentedRaftLogWorker.java:startLogSegment(380)) - a4c605ab-ce77-4bc9-be78-a28a748a3237@group-8E34A96E270B-SegmentedRaftLogWorker: Starting segment from index:0
2019-09-25 12:07:22,251 [90a5e23b-d3dc-4a6b-9838-81ba7f1d625e@group-374846B6ADAE:LeaderElection8] INFO  impl.RoleInfo (RoleInfo.java:updateAndGet(143)) - 90a5e23b-d3dc-4a6b-9838-81ba7f1d625e: start LeaderState
2019-09-25 12:07:22,251 [a4c605ab-ce77-4bc9-be78-a28a748a3237@group-8E34A96E270B:LeaderElection13] INFO  impl.RaftServerImpl (ServerState.java:setRaftConf(354)) - a4c605ab-ce77-4bc9-be78-a28a748a3237@group-8E34A96E270B: set configuration 0: [a4c605ab-ce77-4bc9-be78-a28a748a3237:192.168.30.6:37168], old=null at 0
2019-09-25 12:07:22,252 [90a5e23b-d3dc-4a6b-9838-81ba7f1d625e@group-374846B6ADAE:LeaderElection8] INFO  segmented.SegmentedRaftLogWorker (SegmentedRaftLogWorker.java:startLogSegment(380)) - 90a5e23b-d3dc-4a6b-9838-81ba7f1d625e@group-374846B6ADAE-SegmentedRaftLogWorker: Starting segment from index:0
2019-09-25 12:07:22,282 [adef09cc-beb2-487d-a020-ad09efbb3e7f@group-CAC311A7B829:LeaderElection17] INFO  impl.RoleInfo (RoleInfo.java:updateAndGet(143)) - adef09cc-beb2-487d-a020-ad09efbb3e7f: start LeaderState
2019-09-25 12:07:22,282 [adef09cc-beb2-487d-a020-ad09efbb3e7f@group-91C29703A286-SegmentedRaftLogWorker] INFO  segmented.SegmentedRaftLogWorker (SegmentedRaftLogWorker.java:execute(569)) - adef09cc-beb2-487d-a020-ad09efbb3e7f@group-91C29703A286-SegmentedRaftLogWorker: created new log segment /workdir/hadoop-ozone/tools/target/test-dir/MiniOzoneClusterImpl-6e39606f-4d17-4d5b-8507-ba9bdf76dca7/datanode-0/data/ratis/2f085161-3f15-471a-b485-91c29703a286/current/log_inprogress_0
2019-09-25 12:07:22,284 [90a5e23b-d3dc-4a6b-9838-81ba7f1d625e@group-374846B6ADAE:LeaderElection8] INFO  impl.RaftServerImpl (ServerState.java:setRaftConf(354)) - 90a5e23b-d3dc-4a6b-9838-81ba7f1d625e@group-374846B6ADAE: set configuration 0: [90a5e23b-d3dc-4a6b-9838-81ba7f1d625e:192.168.30.6:36629], old=null at 0
2019-09-25 12:07:22,283 [adef09cc-beb2-487d-a020-ad09efbb3e7f@group-CAC311A7B829:LeaderElection17] INFO  segmented.SegmentedRaftLogWorker (SegmentedRaftLogWorker.java:startLogSegment(380)) - adef09cc-beb2-487d-a020-ad09efbb3e7f@group-CAC311A7B829-SegmentedRaftLogWorker: Starting segment from index:0
2019-09-25 12:07:22,284 [adef09cc-beb2-487d-a020-ad09efbb3e7f@group-A40A66479DEA:LeaderElection14] INFO  impl.RoleInfo (RoleInfo.java:updateAndGet(143)) - adef09cc-beb2-487d-a020-ad09efbb3e7f: start LeaderState
2019-09-25 12:07:22,318 [a4c605ab-ce77-4bc9-be78-a28a748a3237@group-8E34A96E270B-SegmentedRaftLogWorker] INFO  segmented.SegmentedRaftLogWorker (SegmentedRaftLogWorker.java:execute(569)) - a4c605ab-ce77-4bc9-be78-a28a748a3237@group-8E34A96E270B-SegmentedRaftLogWorker: created new log segment /workdir/hadoop-ozone/tools/target/test-dir/MiniOzoneClusterImpl-6e39606f-4d17-4d5b-8507-ba9bdf76dca7/datanode-2/data/ratis/88af6b66-a9cd-4865-9aad-8e34a96e270b/current/log_inprogress_0
2019-09-25 12:07:22,318 [a4c605ab-ce77-4bc9-be78-a28a748a3237@group-B599564B6893:LeaderElection12] INFO  impl.RoleInfo (RoleInfo.java:updateAndGet(143)) - a4c605ab-ce77-4bc9-be78-a28a748a3237: start LeaderState
2019-09-25 12:07:22,319 [adef09cc-beb2-487d-a020-ad09efbb3e7f@group-A40A66479DEA:LeaderElection14] INFO  segmented.SegmentedRaftLogWorker (SegmentedRaftLogWorker.java:startLogSegment(380)) - adef09cc-beb2-487d-a020-ad09efbb3e7f@group-A40A66479DEA-SegmentedRaftLogWorker: Starting segment from index:0
2019-09-25 12:07:22,319 [a4c605ab-ce77-4bc9-be78-a28a748a3237@group-B599564B6893:LeaderElection12] INFO  segmented.SegmentedRaftLogWorker (SegmentedRaftLogWorker.java:startLogSegment(380)) - a4c605ab-ce77-4bc9-be78-a28a748a3237@group-B599564B6893-SegmentedRaftLogWorker: Starting segment from index:0
2019-09-25 12:07:22,319 [adef09cc-beb2-487d-a020-ad09efbb3e7f@group-CAC311A7B829:LeaderElection17] INFO  impl.RaftServerImpl (ServerState.java:setRaftConf(354)) - adef09cc-beb2-487d-a020-ad09efbb3e7f@group-CAC311A7B829: set configuration 0: [adef09cc-beb2-487d-a020-ad09efbb3e7f:192.168.30.6:35191], old=null at 0
2019-09-25 12:07:22,356 [90a5e23b-d3dc-4a6b-9838-81ba7f1d625e@group-374846B6ADAE-SegmentedRaftLogWorker] INFO  segmented.SegmentedRaftLogWorker (SegmentedRaftLogWorker.java:execute(569)) - 90a5e23b-d3dc-4a6b-9838-81ba7f1d625e@group-374846B6ADAE-SegmentedRaftLogWorker: created new log segment /workdir/hadoop-ozone/tools/target/test-dir/MiniOzoneClusterImpl-6e39606f-4d17-4d5b-8507-ba9bdf76dca7/datanode-1/data/ratis/1605a715-e330-4599-9110-374846b6adae/current/log_inprogress_0
2019-09-25 12:07:22,356 [a4c605ab-ce77-4bc9-be78-a28a748a3237@group-B599564B6893:LeaderElection12] INFO  impl.RaftServerImpl (ServerState.java:setRaftConf(354)) - a4c605ab-ce77-4bc9-be78-a28a748a3237@group-B599564B6893: set configuration 0: [a4c605ab-ce77-4bc9-be78-a28a748a3237:192.168.30.6:37168], old=null at 0
2019-09-25 12:07:22,356 [adef09cc-beb2-487d-a020-ad09efbb3e7f@group-A40A66479DEA:LeaderElection14] INFO  impl.RaftServerImpl (ServerState.java:setRaftConf(354)) - adef09cc-beb2-487d-a020-ad09efbb3e7f@group-A40A66479DEA: set configuration 0: [adef09cc-beb2-487d-a020-ad09efbb3e7f:192.168.30.6:35191], old=null at 0
2019-09-25 12:07:22,391 [adef09cc-beb2-487d-a020-ad09efbb3e7f@group-A40A66479DEA-SegmentedRaftLogWorker] INFO  segmented.SegmentedRaftLogWorker (SegmentedRaftLogWorker.java:execute(569)) - adef09cc-beb2-487d-a020-ad09efbb3e7f@group-A40A66479DEA-SegmentedRaftLogWorker: created new log segment /workdir/hadoop-ozone/tools/target/test-dir/MiniOzoneClusterImpl-6e39606f-4d17-4d5b-8507-ba9bdf76dca7/datanode-0/data/ratis/a5214d4d-8d88-40e5-bad7-a40a66479dea/current/log_inprogress_0
2019-09-25 12:07:22,391 [adef09cc-beb2-487d-a020-ad09efbb3e7f@group-CAC311A7B829-SegmentedRaftLogWorker] INFO  segmented.SegmentedRaftLogWorker (SegmentedRaftLogWorker.java:execute(569)) - adef09cc-beb2-487d-a020-ad09efbb3e7f@group-CAC311A7B829-SegmentedRaftLogWorker: created new log segment /workdir/hadoop-ozone/tools/target/test-dir/MiniOzoneClusterImpl-6e39606f-4d17-4d5b-8507-ba9bdf76dca7/datanode-0/data/ratis/bae2d5b4-41d3-4b2b-b4bc-cac311a7b829/current/log_inprogress_0
2019-09-25 12:07:22,356 [adef09cc-beb2-487d-a020-ad09efbb3e7f@group-AD50ACF1CFD3:LeaderElection18] INFO  impl.RoleInfo (RoleInfo.java:updateAndGet(143)) - adef09cc-beb2-487d-a020-ad09efbb3e7f: start LeaderState
2019-09-25 12:07:22,394 [adef09cc-beb2-487d-a020-ad09efbb3e7f@group-AD50ACF1CFD3:LeaderElection18] INFO  segmented.SegmentedRaftLogWorker (SegmentedRaftLogWorker.java:startLogSegment(380)) - adef09cc-beb2-487d-a020-ad09efbb3e7f@group-AD50ACF1CFD3-SegmentedRaftLogWorker: Starting segment from index:0
2019-09-25 12:07:22,394 [adef09cc-beb2-487d-a020-ad09efbb3e7f@group-AD50ACF1CFD3:LeaderElection18] INFO  impl.RaftServerImpl (ServerState.java:setRaftConf(354)) - adef09cc-beb2-487d-a020-ad09efbb3e7f@group-AD50ACF1CFD3: set configuration 0: [adef09cc-beb2-487d-a020-ad09efbb3e7f:192.168.30.6:35191], old=null at 0
2019-09-25 12:07:22,430 [a4c605ab-ce77-4bc9-be78-a28a748a3237@group-B599564B6893-SegmentedRaftLogWorker] INFO  segmented.SegmentedRaftLogWorker (SegmentedRaftLogWorker.java:execute(569)) - a4c605ab-ce77-4bc9-be78-a28a748a3237@group-B599564B6893-SegmentedRaftLogWorker: created new log segment /workdir/hadoop-ozone/tools/target/test-dir/MiniOzoneClusterImpl-6e39606f-4d17-4d5b-8507-ba9bdf76dca7/datanode-2/data/ratis/6b4ba0ea-b123-4650-a61a-b599564b6893/current/log_inprogress_0
2019-09-25 12:07:22,443 [adef09cc-beb2-487d-a020-ad09efbb3e7f@group-AD50ACF1CFD3-SegmentedRaftLogWorker] INFO  segmented.SegmentedRaftLogWorker (SegmentedRaftLogWorker.java:execute(569)) - adef09cc-beb2-487d-a020-ad09efbb3e7f@group-AD50ACF1CFD3-SegmentedRaftLogWorker: created new log segment /workdir/hadoop-ozone/tools/target/test-dir/MiniOzoneClusterImpl-6e39606f-4d17-4d5b-8507-ba9bdf76dca7/datanode-0/data/ratis/cdc3ed7b-6e49-42b3-b5df-ad50acf1cfd3/current/log_inprogress_0
]]></system-out>
    <system-err><![CDATA[ERROR StatusLogger No Log4j 2 configuration file found. Using default configuration (logging only errors to the console), or user programmatically provided configurations. Set system property 'log4j2.debug' to show Log4j 2 internal initialization logging. See https://logging.apache.org/log4j/2.x/manual/configuration.html for instructions on how to configure Log4j 2
]]></system-err>
  </testcase>
</testsuite>