<?xml version="1.0" encoding="UTF-8"?>
<testsuite xmlns:xsi="http://www.w3.org/2001/XMLSchema-instance" xsi:noNamespaceSchemaLocation="https://maven.apache.org/surefire/maven-surefire-plugin/xsd/surefire-test-report.xsd" name="org.apache.hadoop.ozone.freon.TestDataValidateWithDummyContainers" time="37.632" tests="3" errors="2" skipped="0" failures="0">
  <properties>
    <property name="awt.toolkit" value="sun.awt.X11.XToolkit"/>
    <property name="file.encoding.pkg" value="sun.io"/>
    <property name="java.specification.version" value="1.8"/>
    <property name="sun.cpu.isalist" value=""/>
    <property name="sun.jnu.encoding" value="UTF-8"/>
    <property name="java.class.path" value="/workdir/hadoop-ozone/tools/target/test-classes:/workdir/hadoop-ozone/tools/target/classes:/home/user/.m2/repository/org/apache/hadoop/hadoop-ozone-ozone-manager/0.5.0-SNAPSHOT/hadoop-ozone-ozone-manager-0.5.0-SNAPSHOT.jar:/home/user/.m2/repository/org/apache/hadoop/hadoop-hdds-docs/0.5.0-SNAPSHOT/hadoop-hdds-docs-0.5.0-SNAPSHOT.jar:/home/user/.m2/repository/org/bouncycastle/bcprov-jdk15on/1.60/bcprov-jdk15on-1.60.jar:/home/user/.m2/repository/org/apache/hadoop/hadoop-ozone-common/0.5.0-SNAPSHOT/hadoop-ozone-common-0.5.0-SNAPSHOT.jar:/home/user/.m2/repository/org/apache/commons/commons-compress/1.4.1/commons-compress-1.4.1.jar:/home/user/.m2/repository/org/tukaani/xz/1.0/xz-1.0.jar:/home/user/.m2/repository/org/apache/hadoop/hadoop-hdfs-client/3.2.0/hadoop-hdfs-client-3.2.0.jar:/home/user/.m2/repository/com/fasterxml/jackson/core/jackson-annotations/2.9.9/jackson-annotations-2.9.9.jar:/home/user/.m2/repository/org/apache/hadoop/hadoop-hdds-common/0.5.0-SNAPSHOT/hadoop-hdds-common-0.5.0-SNAPSHOT.jar:/home/user/.m2/repository/org/apache/hadoop/hadoop-hdds-config/0.5.0-SNAPSHOT/hadoop-hdds-config-0.5.0-SNAPSHOT.jar:/home/user/.m2/repository/javax/annotation/javax.annotation-api/1.2/javax.annotation-api-1.2.jar:/home/user/.m2/repository/org/apache/ratis/ratis-server/0.4.0/ratis-server-0.4.0.jar:/home/user/.m2/repository/org/apache/ratis/ratis-thirdparty-misc/0.2.0/ratis-thirdparty-misc-0.2.0.jar:/home/user/.m2/repository/org/apache/ratis/ratis-proto/0.4.0/ratis-proto-0.4.0.jar:/home/user/.m2/repository/org/apache/ratis/ratis-common/0.4.0/ratis-common-0.4.0.jar:/home/user/.m2/repository/org/apache/ratis/ratis-client/0.4.0/ratis-client-0.4.0.jar:/home/user/.m2/repository/org/apache/ratis/ratis-metrics/0.4.0/ratis-metrics-0.4.0.jar:/home/user/.m2/repository/com/github/joshelser/dropwizard-metrics-hadoop-metrics2-reporter/0.1.2/dropwizard-metrics-hadoop-metrics2-reporter-0.1.2.jar:/home/user/.m2/repository/io/dropwizard/metrics/metrics-jvm/3.2.5/metrics-jvm-3.2.5.jar:/home/user/.m2/repository/io/dropwizard/metrics/metrics-ganglia/3.2.5/metrics-ganglia-3.2.5.jar:/home/user/.m2/repository/info/ganglia/gmetric4j/gmetric4j/1.0.7/gmetric4j-1.0.7.jar:/home/user/.m2/repository/org/apache/ratis/ratis-netty/0.4.0/ratis-netty-0.4.0.jar:/home/user/.m2/repository/org/apache/ratis/ratis-grpc/0.4.0/ratis-grpc-0.4.0.jar:/home/user/.m2/repository/org/rocksdb/rocksdbjni/6.0.1/rocksdbjni-6.0.1.jar:/home/user/.m2/repository/org/apache/logging/log4j/log4j-api/2.11.0/log4j-api-2.11.0.jar:/home/user/.m2/repository/org/apache/logging/log4j/log4j-core/2.11.0/log4j-core-2.11.0.jar:/home/user/.m2/repository/com/lmax/disruptor/3.4.2/disruptor-3.4.2.jar:/home/user/.m2/repository/org/apache/commons/commons-pool2/2.6.0/commons-pool2-2.6.0.jar:/home/user/.m2/repository/org/bouncycastle/bcpkix-jdk15on/1.60/bcpkix-jdk15on-1.60.jar:/home/user/.m2/repository/commons-validator/commons-validator/1.6/commons-validator-1.6.jar:/home/user/.m2/repository/commons-digester/commons-digester/1.8.1/commons-digester-1.8.1.jar:/home/user/.m2/repository/io/jaegertracing/jaeger-client/0.34.0/jaeger-client-0.34.0.jar:/home/user/.m2/repository/io/jaegertracing/jaeger-thrift/0.34.0/jaeger-thrift-0.34.0.jar:/home/user/.m2/repository/org/apache/thrift/libthrift/0.12.0/libthrift-0.12.0.jar:/home/user/.m2/repository/com/squareup/okhttp3/okhttp/3.9.0/okhttp-3.9.0.jar:/home/user/.m2/repository/com/squareup/okio/okio/1.13.0/okio-1.13.0.jar:/home/user/.m2/repository/io/jaegertracing/jaeger-core/0.34.0/jaeger-core-0.34.0.jar:/home/user/.m2/repository/io/jaegertracing/jaeger-tracerresolver/0.34.0/jaeger-tracerresolver-0.34.0.jar:/home/user/.m2/repository/io/opentracing/contrib/opentracing-tracerresolver/0.1.5/opentracing-tracerresolver-0.1.5.jar:/home/user/.m2/repository/io/opentracing/opentracing-util/0.31.0/opentracing-util-0.31.0.jar:/home/user/.m2/repository/io/opentracing/opentracing-api/0.31.0/opentracing-api-0.31.0.jar:/home/user/.m2/repository/io/opentracing/opentracing-noop/0.31.0/opentracing-noop-0.31.0.jar:/home/user/.m2/repository/org/yaml/snakeyaml/1.16/snakeyaml-1.16.jar:/home/user/.m2/repository/org/apache/hadoop/hadoop-hdds-container-service/0.5.0-SNAPSHOT/hadoop-hdds-container-service-0.5.0-SNAPSHOT.jar:/home/user/.m2/repository/org/apache/hadoop/hadoop-hdds-client/0.5.0-SNAPSHOT/hadoop-hdds-client-0.5.0-SNAPSHOT.jar:/home/user/.m2/repository/org/apache/hadoop/hadoop-hdds-tools/0.5.0-SNAPSHOT/hadoop-hdds-tools-0.5.0-SNAPSHOT.jar:/home/user/.m2/repository/org/xerial/sqlite-jdbc/3.25.2/sqlite-jdbc-3.25.2.jar:/home/user/.m2/repository/org/apache/hadoop/hadoop-hdds-server-scm/0.5.0-SNAPSHOT/hadoop-hdds-server-scm-0.5.0-SNAPSHOT.jar:/home/user/.m2/repository/org/hamcrest/hamcrest-all/1.3/hamcrest-all-1.3.jar:/home/user/.m2/repository/info/picocli/picocli/3.9.6/picocli-3.9.6.jar:/home/user/.m2/repository/com/google/protobuf/protobuf-java/2.5.0/protobuf-java-2.5.0.jar:/home/user/.m2/repository/com/google/guava/guava/11.0.2/guava-11.0.2.jar:/home/user/.m2/repository/org/apache/hadoop/hadoop-ozone-client/0.5.0-SNAPSHOT/hadoop-ozone-client-0.5.0-SNAPSHOT.jar:/workdir/hadoop-ozone/ozonefs/target/classes:/home/user/.m2/repository/org/apache/hadoop/hadoop-hdds-server-framework/0.5.0-SNAPSHOT/hadoop-hdds-server-framework-0.5.0-SNAPSHOT.jar:/home/user/.m2/repository/org/apache/hadoop/hadoop-common/3.2.0/hadoop-common-3.2.0.jar:/home/user/.m2/repository/org/apache/hadoop/hadoop-annotations/3.2.0/hadoop-annotations-3.2.0.jar:/usr/lib/jvm/java-1.8-openjdk/jre/../lib/tools.jar:/home/user/.m2/repository/commons-cli/commons-cli/1.2/commons-cli-1.2.jar:/home/user/.m2/repository/org/apache/commons/commons-math3/3.1.1/commons-math3-3.1.1.jar:/home/user/.m2/repository/org/apache/httpcomponents/httpclient/4.5.2/httpclient-4.5.2.jar:/home/user/.m2/repository/org/apache/httpcomponents/httpcore/4.4.4/httpcore-4.4.4.jar:/home/user/.m2/repository/commons-codec/commons-codec/1.11/commons-codec-1.11.jar:/home/user/.m2/repository/commons-io/commons-io/2.5/commons-io-2.5.jar:/home/user/.m2/repository/commons-net/commons-net/3.6/commons-net-3.6.jar:/home/user/.m2/repository/commons-collections/commons-collections/3.2.2/commons-collections-3.2.2.jar:/home/user/.m2/repository/javax/servlet/javax.servlet-api/3.1.0/javax.servlet-api-3.1.0.jar:/home/user/.m2/repository/org/eclipse/jetty/jetty-server/9.3.25.v20180904/jetty-server-9.3.25.v20180904.jar:/home/user/.m2/repository/org/eclipse/jetty/jetty-http/9.3.25.v20180904/jetty-http-9.3.25.v20180904.jar:/home/user/.m2/repository/org/eclipse/jetty/jetty-io/9.3.25.v20180904/jetty-io-9.3.25.v20180904.jar:/home/user/.m2/repository/org/eclipse/jetty/jetty-util/9.3.25.v20180904/jetty-util-9.3.25.v20180904.jar:/home/user/.m2/repository/org/eclipse/jetty/jetty-servlet/9.3.25.v20180904/jetty-servlet-9.3.25.v20180904.jar:/home/user/.m2/repository/org/eclipse/jetty/jetty-security/9.3.25.v20180904/jetty-security-9.3.25.v20180904.jar:/home/user/.m2/repository/org/eclipse/jetty/jetty-webapp/9.3.25.v20180904/jetty-webapp-9.3.25.v20180904.jar:/home/user/.m2/repository/org/eclipse/jetty/jetty-xml/9.3.25.v20180904/jetty-xml-9.3.25.v20180904.jar:/home/user/.m2/repository/javax/servlet/jsp/jsp-api/2.1/jsp-api-2.1.jar:/home/user/.m2/repository/com/sun/jersey/jersey-core/1.19/jersey-core-1.19.jar:/home/user/.m2/repository/javax/ws/rs/jsr311-api/1.1.1/jsr311-api-1.1.1.jar:/home/user/.m2/repository/com/sun/jersey/jersey-servlet/1.19/jersey-servlet-1.19.jar:/home/user/.m2/repository/com/sun/jersey/jersey-json/1.19/jersey-json-1.19.jar:/home/user/.m2/repository/org/codehaus/jettison/jettison/1.1/jettison-1.1.jar:/home/user/.m2/repository/com/sun/xml/bind/jaxb-impl/2.3.0.1/jaxb-impl-2.3.0.1.jar:/home/user/.m2/repository/org/codehaus/jackson/jackson-core-asl/1.9.13/jackson-core-asl-1.9.13.jar:/home/user/.m2/repository/org/codehaus/jackson/jackson-mapper-asl/1.9.13/jackson-mapper-asl-1.9.13.jar:/home/user/.m2/repository/org/codehaus/jackson/jackson-jaxrs/1.9.13/jackson-jaxrs-1.9.13.jar:/home/user/.m2/repository/org/codehaus/jackson/jackson-xc/1.9.13/jackson-xc-1.9.13.jar:/home/user/.m2/repository/com/sun/jersey/jersey-server/1.19/jersey-server-1.19.jar:/home/user/.m2/repository/commons-logging/commons-logging/1.1.3/commons-logging-1.1.3.jar:/home/user/.m2/repository/log4j/log4j/1.2.17/log4j-1.2.17.jar:/home/user/.m2/repository/commons-beanutils/commons-beanutils/1.9.4/commons-beanutils-1.9.4.jar:/home/user/.m2/repository/org/apache/commons/commons-configuration2/2.1.1/commons-configuration2-2.1.1.jar:/home/user/.m2/repository/org/apache/commons/commons-lang3/3.7/commons-lang3-3.7.jar:/home/user/.m2/repository/org/apache/commons/commons-text/1.4/commons-text-1.4.jar:/home/user/.m2/repository/org/slf4j/slf4j-api/1.7.25/slf4j-api-1.7.25.jar:/home/user/.m2/repository/org/slf4j/slf4j-log4j12/1.7.25/slf4j-log4j12-1.7.25.jar:/home/user/.m2/repository/org/apache/avro/avro/1.7.7/avro-1.7.7.jar:/home/user/.m2/repository/com/thoughtworks/paranamer/paranamer/2.3/paranamer-2.3.jar:/home/user/.m2/repository/org/xerial/snappy/snappy-java/1.0.5/snappy-java-1.0.5.jar:/home/user/.m2/repository/com/google/re2j/re2j/1.1/re2j-1.1.jar:/home/user/.m2/repository/com/google/code/gson/gson/2.2.4/gson-2.2.4.jar:/home/user/.m2/repository/org/apache/hadoop/hadoop-auth/3.2.0/hadoop-auth-3.2.0.jar:/home/user/.m2/repository/com/nimbusds/nimbus-jose-jwt/4.41.1/nimbus-jose-jwt-4.41.1.jar:/home/user/.m2/repository/com/github/stephenc/jcip/jcip-annotations/1.0-1/jcip-annotations-1.0-1.jar:/home/user/.m2/repository/net/minidev/json-smart/2.3/json-smart-2.3.jar:/home/user/.m2/repository/net/minidev/accessors-smart/1.2/accessors-smart-1.2.jar:/home/user/.m2/repository/org/apache/curator/curator-framework/2.12.0/curator-framework-2.12.0.jar:/home/user/.m2/repository/com/jcraft/jsch/0.1.54/jsch-0.1.54.jar:/home/user/.m2/repository/org/apache/curator/curator-client/2.12.0/curator-client-2.12.0.jar:/home/user/.m2/repository/org/apache/curator/curator-recipes/2.12.0/curator-recipes-2.12.0.jar:/home/user/.m2/repository/com/google/code/findbugs/jsr305/3.0.0/jsr305-3.0.0.jar:/home/user/.m2/repository/org/apache/htrace/htrace-core4/4.1.0-incubating/htrace-core4-4.1.0-incubating.jar:/home/user/.m2/repository/org/apache/zookeeper/zookeeper/3.4.13/zookeeper-3.4.13.jar:/home/user/.m2/repository/jline/jline/0.9.94/jline-0.9.94.jar:/home/user/.m2/repository/org/apache/yetus/audience-annotations/0.5.0/audience-annotations-0.5.0.jar:/home/user/.m2/repository/org/apache/kerby/kerb-simplekdc/1.0.1/kerb-simplekdc-1.0.1.jar:/home/user/.m2/repository/org/apache/kerby/kerb-client/1.0.1/kerb-client-1.0.1.jar:/home/user/.m2/repository/org/apache/kerby/kerby-config/1.0.1/kerby-config-1.0.1.jar:/home/user/.m2/repository/org/apache/kerby/kerb-core/1.0.1/kerb-core-1.0.1.jar:/home/user/.m2/repository/org/apache/kerby/kerby-pkix/1.0.1/kerby-pkix-1.0.1.jar:/home/user/.m2/repository/org/apache/kerby/kerby-asn1/1.0.1/kerby-asn1-1.0.1.jar:/home/user/.m2/repository/org/apache/kerby/kerby-util/1.0.1/kerby-util-1.0.1.jar:/home/user/.m2/repository/org/apache/kerby/kerb-common/1.0.1/kerb-common-1.0.1.jar:/home/user/.m2/repository/org/apache/kerby/kerb-crypto/1.0.1/kerb-crypto-1.0.1.jar:/home/user/.m2/repository/org/apache/kerby/kerb-util/1.0.1/kerb-util-1.0.1.jar:/home/user/.m2/repository/org/apache/kerby/token-provider/1.0.1/token-provider-1.0.1.jar:/home/user/.m2/repository/org/apache/kerby/kerb-admin/1.0.1/kerb-admin-1.0.1.jar:/home/user/.m2/repository/org/apache/kerby/kerb-server/1.0.1/kerb-server-1.0.1.jar:/home/user/.m2/repository/org/apache/kerby/kerb-identity/1.0.1/kerb-identity-1.0.1.jar:/home/user/.m2/repository/org/apache/kerby/kerby-xdr/1.0.1/kerby-xdr-1.0.1.jar:/home/user/.m2/repository/com/fasterxml/jackson/core/jackson-databind/2.9.9/jackson-databind-2.9.9.jar:/home/user/.m2/repository/com/fasterxml/jackson/core/jackson-core/2.9.9/jackson-core-2.9.9.jar:/home/user/.m2/repository/org/codehaus/woodstox/stax2-api/3.1.4/stax2-api-3.1.4.jar:/home/user/.m2/repository/com/fasterxml/woodstox/woodstox-core/5.0.3/woodstox-core-5.0.3.jar:/home/user/.m2/repository/dnsjava/dnsjava/2.1.7/dnsjava-2.1.7.jar:/home/user/.m2/repository/org/apache/hadoop/hadoop-hdfs/3.2.0/hadoop-hdfs-3.2.0.jar:/home/user/.m2/repository/org/eclipse/jetty/jetty-util-ajax/9.3.25.v20180904/jetty-util-ajax-9.3.25.v20180904.jar:/home/user/.m2/repository/commons-daemon/commons-daemon/1.0.13/commons-daemon-1.0.13.jar:/home/user/.m2/repository/io/netty/netty/3.10.5.Final/netty-3.10.5.Final.jar:/home/user/.m2/repository/io/netty/netty-all/4.0.52.Final/netty-all-4.0.52.Final.jar:/home/user/.m2/repository/org/fusesource/leveldbjni/leveldbjni-all/1.8/leveldbjni-all-1.8.jar:/home/user/.m2/repository/com/sun/xml/bind/jaxb-core/2.3.0.1/jaxb-core-2.3.0.1.jar:/home/user/.m2/repository/javax/xml/bind/jaxb-api/2.3.0/jaxb-api-2.3.0.jar:/home/user/.m2/repository/javax/activation/activation/1.1.1/activation-1.1.1.jar:/home/user/.m2/repository/io/dropwizard/metrics/metrics-core/3.2.4/metrics-core-3.2.4.jar:/home/user/.m2/repository/org/openjdk/jmh/jmh-core/1.19/jmh-core-1.19.jar:/home/user/.m2/repository/net/sf/jopt-simple/jopt-simple/4.6/jopt-simple-4.6.jar:/home/user/.m2/repository/org/openjdk/jmh/jmh-generator-annprocess/1.19/jmh-generator-annprocess-1.19.jar:/home/user/.m2/repository/com/amazonaws/aws-java-sdk-s3/1.11.615/aws-java-sdk-s3-1.11.615.jar:/home/user/.m2/repository/com/amazonaws/aws-java-sdk-kms/1.11.615/aws-java-sdk-kms-1.11.615.jar:/home/user/.m2/repository/com/amazonaws/aws-java-sdk-core/1.11.615/aws-java-sdk-core-1.11.615.jar:/home/user/.m2/repository/software/amazon/ion/ion-java/1.0.2/ion-java-1.0.2.jar:/home/user/.m2/repository/com/fasterxml/jackson/dataformat/jackson-dataformat-cbor/2.9.9/jackson-dataformat-cbor-2.9.9.jar:/home/user/.m2/repository/joda-time/joda-time/2.9.9/joda-time-2.9.9.jar:/home/user/.m2/repository/com/amazonaws/jmespath-java/1.11.615/jmespath-java-1.11.615.jar:/home/user/.m2/repository/com/google/code/findbugs/findbugs/3.0.1/findbugs-3.0.1.jar:/home/user/.m2/repository/net/jcip/jcip-annotations/1.0/jcip-annotations-1.0.jar:/home/user/.m2/repository/com/google/code/findbugs/bcel-findbugs/6.0/bcel-findbugs-6.0.jar:/home/user/.m2/repository/com/google/code/findbugs/jFormatString/2.0.1/jFormatString-2.0.1.jar:/home/user/.m2/repository/dom4j/dom4j/1.6.1/dom4j-1.6.1.jar:/home/user/.m2/repository/xml-apis/xml-apis/1.0.b2/xml-apis-1.0.b2.jar:/home/user/.m2/repository/org/ow2/asm/asm-debug-all/5.0.2/asm-debug-all-5.0.2.jar:/home/user/.m2/repository/org/ow2/asm/asm-commons/5.0.2/asm-commons-5.0.2.jar:/home/user/.m2/repository/org/ow2/asm/asm-tree/5.0.2/asm-tree-5.0.2.jar:/home/user/.m2/repository/org/ow2/asm/asm/5.0.4/asm-5.0.4.jar:/home/user/.m2/repository/commons-lang/commons-lang/2.6/commons-lang-2.6.jar:/home/user/.m2/repository/com/apple/AppleJavaExtensions/1.4/AppleJavaExtensions-1.4.jar:/home/user/.m2/repository/jaxen/jaxen/1.1.6/jaxen-1.1.6.jar:/home/user/.m2/repository/junit/junit/4.11/junit-4.11.jar:/home/user/.m2/repository/org/hamcrest/hamcrest-core/1.3/hamcrest-core-1.3.jar:/home/user/.m2/repository/org/apache/hadoop/hadoop-common/3.2.0/hadoop-common-3.2.0-tests.jar:/workdir/hadoop-ozone/integration-test/target/test-classes:/home/user/.m2/repository/org/apache/hadoop/hadoop-ozone-s3gateway/0.5.0-SNAPSHOT/hadoop-ozone-s3gateway-0.5.0-SNAPSHOT.jar:/home/user/.m2/repository/org/jboss/weld/servlet/weld-servlet/2.4.7.Final/weld-servlet-2.4.7.Final.jar:/home/user/.m2/repository/org/glassfish/jersey/containers/jersey-container-servlet-core/2.27/jersey-container-servlet-core-2.27.jar:/home/user/.m2/repository/org/glassfish/hk2/external/javax.inject/2.5.0-b42/javax.inject-2.5.0-b42.jar:/home/user/.m2/repository/org/glassfish/jersey/core/jersey-common/2.27/jersey-common-2.27.jar:/home/user/.m2/repository/org/glassfish/hk2/osgi-resource-locator/1.0.1/osgi-resource-locator-1.0.1.jar:/home/user/.m2/repository/javax/ws/rs/javax.ws.rs-api/2.1/javax.ws.rs-api-2.1.jar:/home/user/.m2/repository/org/glassfish/jersey/ext/cdi/jersey-cdi1x/2.27/jersey-cdi1x-2.27.jar:/home/user/.m2/repository/org/glassfish/jersey/inject/jersey-hk2/2.27/jersey-hk2-2.27.jar:/home/user/.m2/repository/org/glassfish/hk2/hk2-locator/2.5.0-b42/hk2-locator-2.5.0-b42.jar:/home/user/.m2/repository/org/javassist/javassist/3.22.0-CR2/javassist-3.22.0-CR2.jar:/home/user/.m2/repository/org/glassfish/hk2/hk2-api/2.5.0/hk2-api-2.5.0.jar:/home/user/.m2/repository/org/glassfish/hk2/external/jakarta.inject/2.5.0/jakarta.inject-2.5.0.jar:/home/user/.m2/repository/org/glassfish/hk2/hk2-utils/2.5.0/hk2-utils-2.5.0.jar:/home/user/.m2/repository/jakarta/annotation/jakarta.annotation-api/1.3.4/jakarta.annotation-api-1.3.4.jar:/home/user/.m2/repository/org/glassfish/hk2/external/aopalliance-repackaged/2.5.0/aopalliance-repackaged-2.5.0.jar:/home/user/.m2/repository/com/fasterxml/jackson/dataformat/jackson-dataformat-xml/2.9.0/jackson-dataformat-xml-2.9.0.jar:/home/user/.m2/repository/com/fasterxml/jackson/module/jackson-module-jaxb-annotations/2.9.9/jackson-module-jaxb-annotations-2.9.9.jar:/home/user/.m2/repository/javax/enterprise/cdi-api/1.2/cdi-api-1.2.jar:/home/user/.m2/repository/javax/el/javax.el-api/3.0.0/javax.el-api-3.0.0.jar:/home/user/.m2/repository/javax/interceptor/javax.interceptor-api/1.2/javax.interceptor-api-1.2.jar:/home/user/.m2/repository/javax/inject/javax.inject/1/javax.inject-1.jar:/home/user/.m2/repository/org/apache/hadoop/hadoop-ozone-csi/0.5.0-SNAPSHOT/hadoop-ozone-csi-0.5.0-SNAPSHOT.jar:/home/user/.m2/repository/com/google/protobuf/protobuf-java-util/3.5.1/protobuf-java-util-3.5.1.jar:/home/user/.m2/repository/io/grpc/grpc-netty/1.17.1/grpc-netty-1.17.1.jar:/home/user/.m2/repository/io/grpc/grpc-core/1.17.1/grpc-core-1.17.1.jar:/home/user/.m2/repository/io/grpc/grpc-context/1.17.1/grpc-context-1.17.1.jar:/home/user/.m2/repository/com/google/errorprone/error_prone_annotations/2.2.0/error_prone_annotations-2.2.0.jar:/home/user/.m2/repository/org/codehaus/mojo/animal-sniffer-annotations/1.17/animal-sniffer-annotations-1.17.jar:/home/user/.m2/repository/io/opencensus/opencensus-api/0.17.0/opencensus-api-0.17.0.jar:/home/user/.m2/repository/io/opencensus/opencensus-contrib-grpc-metrics/0.17.0/opencensus-contrib-grpc-metrics-0.17.0.jar:/home/user/.m2/repository/io/netty/netty-codec-http2/4.1.30.Final/netty-codec-http2-4.1.30.Final.jar:/home/user/.m2/repository/io/netty/netty-codec-http/4.1.30.Final/netty-codec-http-4.1.30.Final.jar:/home/user/.m2/repository/io/netty/netty-codec/4.1.30.Final/netty-codec-4.1.30.Final.jar:/home/user/.m2/repository/io/netty/netty-handler/4.1.30.Final/netty-handler-4.1.30.Final.jar:/home/user/.m2/repository/io/netty/netty-handler-proxy/4.1.30.Final/netty-handler-proxy-4.1.30.Final.jar:/home/user/.m2/repository/io/netty/netty-codec-socks/4.1.30.Final/netty-codec-socks-4.1.30.Final.jar:/home/user/.m2/repository/io/netty/netty-transport-native-epoll/4.1.30.Final/netty-transport-native-epoll-4.1.30.Final.jar:/home/user/.m2/repository/io/netty/netty-common/4.1.30.Final/netty-common-4.1.30.Final.jar:/home/user/.m2/repository/io/netty/netty-buffer/4.1.30.Final/netty-buffer-4.1.30.Final.jar:/home/user/.m2/repository/io/netty/netty-transport/4.1.30.Final/netty-transport-4.1.30.Final.jar:/home/user/.m2/repository/io/netty/netty-resolver/4.1.30.Final/netty-resolver-4.1.30.Final.jar:/home/user/.m2/repository/io/netty/netty-transport-native-unix-common/4.1.30.Final/netty-transport-native-unix-common-4.1.30.Final.jar:/home/user/.m2/repository/io/grpc/grpc-protobuf/1.17.1/grpc-protobuf-1.17.1.jar:/home/user/.m2/repository/com/google/api/grpc/proto-google-common-protos/1.0.0/proto-google-common-protos-1.0.0.jar:/home/user/.m2/repository/io/grpc/grpc-protobuf-lite/1.17.1/grpc-protobuf-lite-1.17.1.jar:/home/user/.m2/repository/io/grpc/grpc-stub/1.17.1/grpc-stub-1.17.1.jar:/home/user/.m2/repository/org/apache/hadoop/hadoop-ozone-recon/0.5.0-SNAPSHOT/hadoop-ozone-recon-0.5.0-SNAPSHOT.jar:/home/user/.m2/repository/org/apache/hadoop/hadoop-ozone-reconcodegen/0.5.0-SNAPSHOT/hadoop-ozone-reconcodegen-0.5.0-SNAPSHOT.jar:/home/user/.m2/repository/com/google/inject/extensions/guice-multibindings/4.0/guice-multibindings-4.0.jar:/home/user/.m2/repository/com/google/inject/guice/4.0/guice-4.0.jar:/home/user/.m2/repository/aopalliance/aopalliance/1.0/aopalliance-1.0.jar:/home/user/.m2/repository/com/google/inject/extensions/guice-servlet/4.0/guice-servlet-4.0.jar:/home/user/.m2/repository/org/glassfish/jersey/containers/jersey-container-servlet/2.27/jersey-container-servlet-2.27.jar:/home/user/.m2/repository/org/glassfish/hk2/guice-bridge/2.5.0/guice-bridge-2.5.0.jar:/home/user/.m2/repository/org/glassfish/jersey/core/jersey-server/2.27/jersey-server-2.27.jar:/home/user/.m2/repository/org/glassfish/jersey/core/jersey-client/2.27/jersey-client-2.27.jar:/home/user/.m2/repository/org/glassfish/jersey/media/jersey-media-jaxb/2.27/jersey-media-jaxb-2.27.jar:/home/user/.m2/repository/javax/validation/validation-api/1.1.0.Final/validation-api-1.1.0.Final.jar:/home/user/.m2/repository/org/glassfish/jersey/media/jersey-media-json-jackson/2.27/jersey-media-json-jackson-2.27.jar:/home/user/.m2/repository/org/glassfish/jersey/ext/jersey-entity-filtering/2.27/jersey-entity-filtering-2.27.jar:/home/user/.m2/repository/com/google/inject/extensions/guice-assistedinject/4.0/guice-assistedinject-4.0.jar:/home/user/.m2/repository/org/jooq/jooq/3.11.10/jooq-3.11.10.jar:/home/user/.m2/repository/org/jooq/jooq-meta/3.11.10/jooq-meta-3.11.10.jar:/home/user/.m2/repository/org/jooq/jooq-codegen/3.11.10/jooq-codegen-3.11.10.jar:/home/user/.m2/repository/com/jolbox/bonecp/0.8.0.RELEASE/bonecp-0.8.0.RELEASE.jar:/home/user/.m2/repository/org/springframework/spring-jdbc/5.1.3.RELEASE/spring-jdbc-5.1.3.RELEASE.jar:/home/user/.m2/repository/org/springframework/spring-beans/5.1.3.RELEASE/spring-beans-5.1.3.RELEASE.jar:/home/user/.m2/repository/org/springframework/spring-core/5.1.3.RELEASE/spring-core-5.1.3.RELEASE.jar:/home/user/.m2/repository/org/springframework/spring-jcl/5.1.3.RELEASE/spring-jcl-5.1.3.RELEASE.jar:/home/user/.m2/repository/org/springframework/spring-tx/5.1.3.RELEASE/spring-tx-5.1.3.RELEASE.jar:/home/user/.m2/repository/org/mockito/mockito-core/2.15.0/mockito-core-2.15.0.jar:/home/user/.m2/repository/net/bytebuddy/byte-buddy/1.7.9/byte-buddy-1.7.9.jar:/home/user/.m2/repository/net/bytebuddy/byte-buddy-agent/1.7.9/byte-buddy-agent-1.7.9.jar:/home/user/.m2/repository/org/objenesis/objenesis/1.0/objenesis-1.0.jar:"/>
    <property name="java.vm.vendor" value="IcedTea"/>
    <property name="sun.arch.data.model" value="64"/>
    <property name="test.build.dir" value="/workdir/hadoop-ozone/tools/target/test-dir"/>
    <property name="test.cache.data" value=""/>
    <property name="java.vendor.url" value="https://icedtea.classpath.org"/>
    <property name="user.timezone" value=""/>
    <property name="java.vm.specification.version" value="1.8"/>
    <property name="os.name" value="Linux"/>
    <property name="test.build.data" value="/workdir/hadoop-ozone/tools/target/test-dir"/>
    <property name="user.country" value="US"/>
    <property name="sun.java.launcher" value="SUN_STANDARD"/>
    <property name="sun.boot.library.path" value="/usr/lib/jvm/java-1.8-openjdk/jre/lib/amd64"/>
    <property name="sun.java.command" value="/workdir/hadoop-ozone/tools/target/surefire/surefirebooter6713043716751014497.jar /workdir/hadoop-ozone/tools/target/surefire 2019-09-25T10-18-59_181-jvmRun1 surefire7261781284162583303tmp surefire_1105329761212876888921tmp"/>
    <property name="test" value="!TestMiniChaosOzoneCluster"/>
    <property name="surefire.test.class.path" value="/workdir/hadoop-ozone/tools/target/test-classes:/workdir/hadoop-ozone/tools/target/classes:/home/user/.m2/repository/org/apache/hadoop/hadoop-ozone-ozone-manager/0.5.0-SNAPSHOT/hadoop-ozone-ozone-manager-0.5.0-SNAPSHOT.jar:/home/user/.m2/repository/org/apache/hadoop/hadoop-hdds-docs/0.5.0-SNAPSHOT/hadoop-hdds-docs-0.5.0-SNAPSHOT.jar:/home/user/.m2/repository/org/bouncycastle/bcprov-jdk15on/1.60/bcprov-jdk15on-1.60.jar:/home/user/.m2/repository/org/apache/hadoop/hadoop-ozone-common/0.5.0-SNAPSHOT/hadoop-ozone-common-0.5.0-SNAPSHOT.jar:/home/user/.m2/repository/org/apache/commons/commons-compress/1.4.1/commons-compress-1.4.1.jar:/home/user/.m2/repository/org/tukaani/xz/1.0/xz-1.0.jar:/home/user/.m2/repository/org/apache/hadoop/hadoop-hdfs-client/3.2.0/hadoop-hdfs-client-3.2.0.jar:/home/user/.m2/repository/com/fasterxml/jackson/core/jackson-annotations/2.9.9/jackson-annotations-2.9.9.jar:/home/user/.m2/repository/org/apache/hadoop/hadoop-hdds-common/0.5.0-SNAPSHOT/hadoop-hdds-common-0.5.0-SNAPSHOT.jar:/home/user/.m2/repository/org/apache/hadoop/hadoop-hdds-config/0.5.0-SNAPSHOT/hadoop-hdds-config-0.5.0-SNAPSHOT.jar:/home/user/.m2/repository/javax/annotation/javax.annotation-api/1.2/javax.annotation-api-1.2.jar:/home/user/.m2/repository/org/apache/ratis/ratis-server/0.4.0/ratis-server-0.4.0.jar:/home/user/.m2/repository/org/apache/ratis/ratis-thirdparty-misc/0.2.0/ratis-thirdparty-misc-0.2.0.jar:/home/user/.m2/repository/org/apache/ratis/ratis-proto/0.4.0/ratis-proto-0.4.0.jar:/home/user/.m2/repository/org/apache/ratis/ratis-common/0.4.0/ratis-common-0.4.0.jar:/home/user/.m2/repository/org/apache/ratis/ratis-client/0.4.0/ratis-client-0.4.0.jar:/home/user/.m2/repository/org/apache/ratis/ratis-metrics/0.4.0/ratis-metrics-0.4.0.jar:/home/user/.m2/repository/com/github/joshelser/dropwizard-metrics-hadoop-metrics2-reporter/0.1.2/dropwizard-metrics-hadoop-metrics2-reporter-0.1.2.jar:/home/user/.m2/repository/io/dropwizard/metrics/metrics-jvm/3.2.5/metrics-jvm-3.2.5.jar:/home/user/.m2/repository/io/dropwizard/metrics/metrics-ganglia/3.2.5/metrics-ganglia-3.2.5.jar:/home/user/.m2/repository/info/ganglia/gmetric4j/gmetric4j/1.0.7/gmetric4j-1.0.7.jar:/home/user/.m2/repository/org/apache/ratis/ratis-netty/0.4.0/ratis-netty-0.4.0.jar:/home/user/.m2/repository/org/apache/ratis/ratis-grpc/0.4.0/ratis-grpc-0.4.0.jar:/home/user/.m2/repository/org/rocksdb/rocksdbjni/6.0.1/rocksdbjni-6.0.1.jar:/home/user/.m2/repository/org/apache/logging/log4j/log4j-api/2.11.0/log4j-api-2.11.0.jar:/home/user/.m2/repository/org/apache/logging/log4j/log4j-core/2.11.0/log4j-core-2.11.0.jar:/home/user/.m2/repository/com/lmax/disruptor/3.4.2/disruptor-3.4.2.jar:/home/user/.m2/repository/org/apache/commons/commons-pool2/2.6.0/commons-pool2-2.6.0.jar:/home/user/.m2/repository/org/bouncycastle/bcpkix-jdk15on/1.60/bcpkix-jdk15on-1.60.jar:/home/user/.m2/repository/commons-validator/commons-validator/1.6/commons-validator-1.6.jar:/home/user/.m2/repository/commons-digester/commons-digester/1.8.1/commons-digester-1.8.1.jar:/home/user/.m2/repository/io/jaegertracing/jaeger-client/0.34.0/jaeger-client-0.34.0.jar:/home/user/.m2/repository/io/jaegertracing/jaeger-thrift/0.34.0/jaeger-thrift-0.34.0.jar:/home/user/.m2/repository/org/apache/thrift/libthrift/0.12.0/libthrift-0.12.0.jar:/home/user/.m2/repository/com/squareup/okhttp3/okhttp/3.9.0/okhttp-3.9.0.jar:/home/user/.m2/repository/com/squareup/okio/okio/1.13.0/okio-1.13.0.jar:/home/user/.m2/repository/io/jaegertracing/jaeger-core/0.34.0/jaeger-core-0.34.0.jar:/home/user/.m2/repository/io/jaegertracing/jaeger-tracerresolver/0.34.0/jaeger-tracerresolver-0.34.0.jar:/home/user/.m2/repository/io/opentracing/contrib/opentracing-tracerresolver/0.1.5/opentracing-tracerresolver-0.1.5.jar:/home/user/.m2/repository/io/opentracing/opentracing-util/0.31.0/opentracing-util-0.31.0.jar:/home/user/.m2/repository/io/opentracing/opentracing-api/0.31.0/opentracing-api-0.31.0.jar:/home/user/.m2/repository/io/opentracing/opentracing-noop/0.31.0/opentracing-noop-0.31.0.jar:/home/user/.m2/repository/org/yaml/snakeyaml/1.16/snakeyaml-1.16.jar:/home/user/.m2/repository/org/apache/hadoop/hadoop-hdds-container-service/0.5.0-SNAPSHOT/hadoop-hdds-container-service-0.5.0-SNAPSHOT.jar:/home/user/.m2/repository/org/apache/hadoop/hadoop-hdds-client/0.5.0-SNAPSHOT/hadoop-hdds-client-0.5.0-SNAPSHOT.jar:/home/user/.m2/repository/org/apache/hadoop/hadoop-hdds-tools/0.5.0-SNAPSHOT/hadoop-hdds-tools-0.5.0-SNAPSHOT.jar:/home/user/.m2/repository/org/xerial/sqlite-jdbc/3.25.2/sqlite-jdbc-3.25.2.jar:/home/user/.m2/repository/org/apache/hadoop/hadoop-hdds-server-scm/0.5.0-SNAPSHOT/hadoop-hdds-server-scm-0.5.0-SNAPSHOT.jar:/home/user/.m2/repository/org/hamcrest/hamcrest-all/1.3/hamcrest-all-1.3.jar:/home/user/.m2/repository/info/picocli/picocli/3.9.6/picocli-3.9.6.jar:/home/user/.m2/repository/com/google/protobuf/protobuf-java/2.5.0/protobuf-java-2.5.0.jar:/home/user/.m2/repository/com/google/guava/guava/11.0.2/guava-11.0.2.jar:/home/user/.m2/repository/org/apache/hadoop/hadoop-ozone-client/0.5.0-SNAPSHOT/hadoop-ozone-client-0.5.0-SNAPSHOT.jar:/workdir/hadoop-ozone/ozonefs/target/classes:/home/user/.m2/repository/org/apache/hadoop/hadoop-hdds-server-framework/0.5.0-SNAPSHOT/hadoop-hdds-server-framework-0.5.0-SNAPSHOT.jar:/home/user/.m2/repository/org/apache/hadoop/hadoop-common/3.2.0/hadoop-common-3.2.0.jar:/home/user/.m2/repository/org/apache/hadoop/hadoop-annotations/3.2.0/hadoop-annotations-3.2.0.jar:/usr/lib/jvm/java-1.8-openjdk/jre/../lib/tools.jar:/home/user/.m2/repository/commons-cli/commons-cli/1.2/commons-cli-1.2.jar:/home/user/.m2/repository/org/apache/commons/commons-math3/3.1.1/commons-math3-3.1.1.jar:/home/user/.m2/repository/org/apache/httpcomponents/httpclient/4.5.2/httpclient-4.5.2.jar:/home/user/.m2/repository/org/apache/httpcomponents/httpcore/4.4.4/httpcore-4.4.4.jar:/home/user/.m2/repository/commons-codec/commons-codec/1.11/commons-codec-1.11.jar:/home/user/.m2/repository/commons-io/commons-io/2.5/commons-io-2.5.jar:/home/user/.m2/repository/commons-net/commons-net/3.6/commons-net-3.6.jar:/home/user/.m2/repository/commons-collections/commons-collections/3.2.2/commons-collections-3.2.2.jar:/home/user/.m2/repository/javax/servlet/javax.servlet-api/3.1.0/javax.servlet-api-3.1.0.jar:/home/user/.m2/repository/org/eclipse/jetty/jetty-server/9.3.25.v20180904/jetty-server-9.3.25.v20180904.jar:/home/user/.m2/repository/org/eclipse/jetty/jetty-http/9.3.25.v20180904/jetty-http-9.3.25.v20180904.jar:/home/user/.m2/repository/org/eclipse/jetty/jetty-io/9.3.25.v20180904/jetty-io-9.3.25.v20180904.jar:/home/user/.m2/repository/org/eclipse/jetty/jetty-util/9.3.25.v20180904/jetty-util-9.3.25.v20180904.jar:/home/user/.m2/repository/org/eclipse/jetty/jetty-servlet/9.3.25.v20180904/jetty-servlet-9.3.25.v20180904.jar:/home/user/.m2/repository/org/eclipse/jetty/jetty-security/9.3.25.v20180904/jetty-security-9.3.25.v20180904.jar:/home/user/.m2/repository/org/eclipse/jetty/jetty-webapp/9.3.25.v20180904/jetty-webapp-9.3.25.v20180904.jar:/home/user/.m2/repository/org/eclipse/jetty/jetty-xml/9.3.25.v20180904/jetty-xml-9.3.25.v20180904.jar:/home/user/.m2/repository/javax/servlet/jsp/jsp-api/2.1/jsp-api-2.1.jar:/home/user/.m2/repository/com/sun/jersey/jersey-core/1.19/jersey-core-1.19.jar:/home/user/.m2/repository/javax/ws/rs/jsr311-api/1.1.1/jsr311-api-1.1.1.jar:/home/user/.m2/repository/com/sun/jersey/jersey-servlet/1.19/jersey-servlet-1.19.jar:/home/user/.m2/repository/com/sun/jersey/jersey-json/1.19/jersey-json-1.19.jar:/home/user/.m2/repository/org/codehaus/jettison/jettison/1.1/jettison-1.1.jar:/home/user/.m2/repository/com/sun/xml/bind/jaxb-impl/2.3.0.1/jaxb-impl-2.3.0.1.jar:/home/user/.m2/repository/org/codehaus/jackson/jackson-core-asl/1.9.13/jackson-core-asl-1.9.13.jar:/home/user/.m2/repository/org/codehaus/jackson/jackson-mapper-asl/1.9.13/jackson-mapper-asl-1.9.13.jar:/home/user/.m2/repository/org/codehaus/jackson/jackson-jaxrs/1.9.13/jackson-jaxrs-1.9.13.jar:/home/user/.m2/repository/org/codehaus/jackson/jackson-xc/1.9.13/jackson-xc-1.9.13.jar:/home/user/.m2/repository/com/sun/jersey/jersey-server/1.19/jersey-server-1.19.jar:/home/user/.m2/repository/commons-logging/commons-logging/1.1.3/commons-logging-1.1.3.jar:/home/user/.m2/repository/log4j/log4j/1.2.17/log4j-1.2.17.jar:/home/user/.m2/repository/commons-beanutils/commons-beanutils/1.9.4/commons-beanutils-1.9.4.jar:/home/user/.m2/repository/org/apache/commons/commons-configuration2/2.1.1/commons-configuration2-2.1.1.jar:/home/user/.m2/repository/org/apache/commons/commons-lang3/3.7/commons-lang3-3.7.jar:/home/user/.m2/repository/org/apache/commons/commons-text/1.4/commons-text-1.4.jar:/home/user/.m2/repository/org/slf4j/slf4j-api/1.7.25/slf4j-api-1.7.25.jar:/home/user/.m2/repository/org/slf4j/slf4j-log4j12/1.7.25/slf4j-log4j12-1.7.25.jar:/home/user/.m2/repository/org/apache/avro/avro/1.7.7/avro-1.7.7.jar:/home/user/.m2/repository/com/thoughtworks/paranamer/paranamer/2.3/paranamer-2.3.jar:/home/user/.m2/repository/org/xerial/snappy/snappy-java/1.0.5/snappy-java-1.0.5.jar:/home/user/.m2/repository/com/google/re2j/re2j/1.1/re2j-1.1.jar:/home/user/.m2/repository/com/google/code/gson/gson/2.2.4/gson-2.2.4.jar:/home/user/.m2/repository/org/apache/hadoop/hadoop-auth/3.2.0/hadoop-auth-3.2.0.jar:/home/user/.m2/repository/com/nimbusds/nimbus-jose-jwt/4.41.1/nimbus-jose-jwt-4.41.1.jar:/home/user/.m2/repository/com/github/stephenc/jcip/jcip-annotations/1.0-1/jcip-annotations-1.0-1.jar:/home/user/.m2/repository/net/minidev/json-smart/2.3/json-smart-2.3.jar:/home/user/.m2/repository/net/minidev/accessors-smart/1.2/accessors-smart-1.2.jar:/home/user/.m2/repository/org/apache/curator/curator-framework/2.12.0/curator-framework-2.12.0.jar:/home/user/.m2/repository/com/jcraft/jsch/0.1.54/jsch-0.1.54.jar:/home/user/.m2/repository/org/apache/curator/curator-client/2.12.0/curator-client-2.12.0.jar:/home/user/.m2/repository/org/apache/curator/curator-recipes/2.12.0/curator-recipes-2.12.0.jar:/home/user/.m2/repository/com/google/code/findbugs/jsr305/3.0.0/jsr305-3.0.0.jar:/home/user/.m2/repository/org/apache/htrace/htrace-core4/4.1.0-incubating/htrace-core4-4.1.0-incubating.jar:/home/user/.m2/repository/org/apache/zookeeper/zookeeper/3.4.13/zookeeper-3.4.13.jar:/home/user/.m2/repository/jline/jline/0.9.94/jline-0.9.94.jar:/home/user/.m2/repository/org/apache/yetus/audience-annotations/0.5.0/audience-annotations-0.5.0.jar:/home/user/.m2/repository/org/apache/kerby/kerb-simplekdc/1.0.1/kerb-simplekdc-1.0.1.jar:/home/user/.m2/repository/org/apache/kerby/kerb-client/1.0.1/kerb-client-1.0.1.jar:/home/user/.m2/repository/org/apache/kerby/kerby-config/1.0.1/kerby-config-1.0.1.jar:/home/user/.m2/repository/org/apache/kerby/kerb-core/1.0.1/kerb-core-1.0.1.jar:/home/user/.m2/repository/org/apache/kerby/kerby-pkix/1.0.1/kerby-pkix-1.0.1.jar:/home/user/.m2/repository/org/apache/kerby/kerby-asn1/1.0.1/kerby-asn1-1.0.1.jar:/home/user/.m2/repository/org/apache/kerby/kerby-util/1.0.1/kerby-util-1.0.1.jar:/home/user/.m2/repository/org/apache/kerby/kerb-common/1.0.1/kerb-common-1.0.1.jar:/home/user/.m2/repository/org/apache/kerby/kerb-crypto/1.0.1/kerb-crypto-1.0.1.jar:/home/user/.m2/repository/org/apache/kerby/kerb-util/1.0.1/kerb-util-1.0.1.jar:/home/user/.m2/repository/org/apache/kerby/token-provider/1.0.1/token-provider-1.0.1.jar:/home/user/.m2/repository/org/apache/kerby/kerb-admin/1.0.1/kerb-admin-1.0.1.jar:/home/user/.m2/repository/org/apache/kerby/kerb-server/1.0.1/kerb-server-1.0.1.jar:/home/user/.m2/repository/org/apache/kerby/kerb-identity/1.0.1/kerb-identity-1.0.1.jar:/home/user/.m2/repository/org/apache/kerby/kerby-xdr/1.0.1/kerby-xdr-1.0.1.jar:/home/user/.m2/repository/com/fasterxml/jackson/core/jackson-databind/2.9.9/jackson-databind-2.9.9.jar:/home/user/.m2/repository/com/fasterxml/jackson/core/jackson-core/2.9.9/jackson-core-2.9.9.jar:/home/user/.m2/repository/org/codehaus/woodstox/stax2-api/3.1.4/stax2-api-3.1.4.jar:/home/user/.m2/repository/com/fasterxml/woodstox/woodstox-core/5.0.3/woodstox-core-5.0.3.jar:/home/user/.m2/repository/dnsjava/dnsjava/2.1.7/dnsjava-2.1.7.jar:/home/user/.m2/repository/org/apache/hadoop/hadoop-hdfs/3.2.0/hadoop-hdfs-3.2.0.jar:/home/user/.m2/repository/org/eclipse/jetty/jetty-util-ajax/9.3.25.v20180904/jetty-util-ajax-9.3.25.v20180904.jar:/home/user/.m2/repository/commons-daemon/commons-daemon/1.0.13/commons-daemon-1.0.13.jar:/home/user/.m2/repository/io/netty/netty/3.10.5.Final/netty-3.10.5.Final.jar:/home/user/.m2/repository/io/netty/netty-all/4.0.52.Final/netty-all-4.0.52.Final.jar:/home/user/.m2/repository/org/fusesource/leveldbjni/leveldbjni-all/1.8/leveldbjni-all-1.8.jar:/home/user/.m2/repository/com/sun/xml/bind/jaxb-core/2.3.0.1/jaxb-core-2.3.0.1.jar:/home/user/.m2/repository/javax/xml/bind/jaxb-api/2.3.0/jaxb-api-2.3.0.jar:/home/user/.m2/repository/javax/activation/activation/1.1.1/activation-1.1.1.jar:/home/user/.m2/repository/io/dropwizard/metrics/metrics-core/3.2.4/metrics-core-3.2.4.jar:/home/user/.m2/repository/org/openjdk/jmh/jmh-core/1.19/jmh-core-1.19.jar:/home/user/.m2/repository/net/sf/jopt-simple/jopt-simple/4.6/jopt-simple-4.6.jar:/home/user/.m2/repository/org/openjdk/jmh/jmh-generator-annprocess/1.19/jmh-generator-annprocess-1.19.jar:/home/user/.m2/repository/com/amazonaws/aws-java-sdk-s3/1.11.615/aws-java-sdk-s3-1.11.615.jar:/home/user/.m2/repository/com/amazonaws/aws-java-sdk-kms/1.11.615/aws-java-sdk-kms-1.11.615.jar:/home/user/.m2/repository/com/amazonaws/aws-java-sdk-core/1.11.615/aws-java-sdk-core-1.11.615.jar:/home/user/.m2/repository/software/amazon/ion/ion-java/1.0.2/ion-java-1.0.2.jar:/home/user/.m2/repository/com/fasterxml/jackson/dataformat/jackson-dataformat-cbor/2.9.9/jackson-dataformat-cbor-2.9.9.jar:/home/user/.m2/repository/joda-time/joda-time/2.9.9/joda-time-2.9.9.jar:/home/user/.m2/repository/com/amazonaws/jmespath-java/1.11.615/jmespath-java-1.11.615.jar:/home/user/.m2/repository/com/google/code/findbugs/findbugs/3.0.1/findbugs-3.0.1.jar:/home/user/.m2/repository/net/jcip/jcip-annotations/1.0/jcip-annotations-1.0.jar:/home/user/.m2/repository/com/google/code/findbugs/bcel-findbugs/6.0/bcel-findbugs-6.0.jar:/home/user/.m2/repository/com/google/code/findbugs/jFormatString/2.0.1/jFormatString-2.0.1.jar:/home/user/.m2/repository/dom4j/dom4j/1.6.1/dom4j-1.6.1.jar:/home/user/.m2/repository/xml-apis/xml-apis/1.0.b2/xml-apis-1.0.b2.jar:/home/user/.m2/repository/org/ow2/asm/asm-debug-all/5.0.2/asm-debug-all-5.0.2.jar:/home/user/.m2/repository/org/ow2/asm/asm-commons/5.0.2/asm-commons-5.0.2.jar:/home/user/.m2/repository/org/ow2/asm/asm-tree/5.0.2/asm-tree-5.0.2.jar:/home/user/.m2/repository/org/ow2/asm/asm/5.0.4/asm-5.0.4.jar:/home/user/.m2/repository/commons-lang/commons-lang/2.6/commons-lang-2.6.jar:/home/user/.m2/repository/com/apple/AppleJavaExtensions/1.4/AppleJavaExtensions-1.4.jar:/home/user/.m2/repository/jaxen/jaxen/1.1.6/jaxen-1.1.6.jar:/home/user/.m2/repository/junit/junit/4.11/junit-4.11.jar:/home/user/.m2/repository/org/hamcrest/hamcrest-core/1.3/hamcrest-core-1.3.jar:/home/user/.m2/repository/org/apache/hadoop/hadoop-common/3.2.0/hadoop-common-3.2.0-tests.jar:/workdir/hadoop-ozone/integration-test/target/test-classes:/home/user/.m2/repository/org/apache/hadoop/hadoop-ozone-s3gateway/0.5.0-SNAPSHOT/hadoop-ozone-s3gateway-0.5.0-SNAPSHOT.jar:/home/user/.m2/repository/org/jboss/weld/servlet/weld-servlet/2.4.7.Final/weld-servlet-2.4.7.Final.jar:/home/user/.m2/repository/org/glassfish/jersey/containers/jersey-container-servlet-core/2.27/jersey-container-servlet-core-2.27.jar:/home/user/.m2/repository/org/glassfish/hk2/external/javax.inject/2.5.0-b42/javax.inject-2.5.0-b42.jar:/home/user/.m2/repository/org/glassfish/jersey/core/jersey-common/2.27/jersey-common-2.27.jar:/home/user/.m2/repository/org/glassfish/hk2/osgi-resource-locator/1.0.1/osgi-resource-locator-1.0.1.jar:/home/user/.m2/repository/javax/ws/rs/javax.ws.rs-api/2.1/javax.ws.rs-api-2.1.jar:/home/user/.m2/repository/org/glassfish/jersey/ext/cdi/jersey-cdi1x/2.27/jersey-cdi1x-2.27.jar:/home/user/.m2/repository/org/glassfish/jersey/inject/jersey-hk2/2.27/jersey-hk2-2.27.jar:/home/user/.m2/repository/org/glassfish/hk2/hk2-locator/2.5.0-b42/hk2-locator-2.5.0-b42.jar:/home/user/.m2/repository/org/javassist/javassist/3.22.0-CR2/javassist-3.22.0-CR2.jar:/home/user/.m2/repository/org/glassfish/hk2/hk2-api/2.5.0/hk2-api-2.5.0.jar:/home/user/.m2/repository/org/glassfish/hk2/external/jakarta.inject/2.5.0/jakarta.inject-2.5.0.jar:/home/user/.m2/repository/org/glassfish/hk2/hk2-utils/2.5.0/hk2-utils-2.5.0.jar:/home/user/.m2/repository/jakarta/annotation/jakarta.annotation-api/1.3.4/jakarta.annotation-api-1.3.4.jar:/home/user/.m2/repository/org/glassfish/hk2/external/aopalliance-repackaged/2.5.0/aopalliance-repackaged-2.5.0.jar:/home/user/.m2/repository/com/fasterxml/jackson/dataformat/jackson-dataformat-xml/2.9.0/jackson-dataformat-xml-2.9.0.jar:/home/user/.m2/repository/com/fasterxml/jackson/module/jackson-module-jaxb-annotations/2.9.9/jackson-module-jaxb-annotations-2.9.9.jar:/home/user/.m2/repository/javax/enterprise/cdi-api/1.2/cdi-api-1.2.jar:/home/user/.m2/repository/javax/el/javax.el-api/3.0.0/javax.el-api-3.0.0.jar:/home/user/.m2/repository/javax/interceptor/javax.interceptor-api/1.2/javax.interceptor-api-1.2.jar:/home/user/.m2/repository/javax/inject/javax.inject/1/javax.inject-1.jar:/home/user/.m2/repository/org/apache/hadoop/hadoop-ozone-csi/0.5.0-SNAPSHOT/hadoop-ozone-csi-0.5.0-SNAPSHOT.jar:/home/user/.m2/repository/com/google/protobuf/protobuf-java-util/3.5.1/protobuf-java-util-3.5.1.jar:/home/user/.m2/repository/io/grpc/grpc-netty/1.17.1/grpc-netty-1.17.1.jar:/home/user/.m2/repository/io/grpc/grpc-core/1.17.1/grpc-core-1.17.1.jar:/home/user/.m2/repository/io/grpc/grpc-context/1.17.1/grpc-context-1.17.1.jar:/home/user/.m2/repository/com/google/errorprone/error_prone_annotations/2.2.0/error_prone_annotations-2.2.0.jar:/home/user/.m2/repository/org/codehaus/mojo/animal-sniffer-annotations/1.17/animal-sniffer-annotations-1.17.jar:/home/user/.m2/repository/io/opencensus/opencensus-api/0.17.0/opencensus-api-0.17.0.jar:/home/user/.m2/repository/io/opencensus/opencensus-contrib-grpc-metrics/0.17.0/opencensus-contrib-grpc-metrics-0.17.0.jar:/home/user/.m2/repository/io/netty/netty-codec-http2/4.1.30.Final/netty-codec-http2-4.1.30.Final.jar:/home/user/.m2/repository/io/netty/netty-codec-http/4.1.30.Final/netty-codec-http-4.1.30.Final.jar:/home/user/.m2/repository/io/netty/netty-codec/4.1.30.Final/netty-codec-4.1.30.Final.jar:/home/user/.m2/repository/io/netty/netty-handler/4.1.30.Final/netty-handler-4.1.30.Final.jar:/home/user/.m2/repository/io/netty/netty-handler-proxy/4.1.30.Final/netty-handler-proxy-4.1.30.Final.jar:/home/user/.m2/repository/io/netty/netty-codec-socks/4.1.30.Final/netty-codec-socks-4.1.30.Final.jar:/home/user/.m2/repository/io/netty/netty-transport-native-epoll/4.1.30.Final/netty-transport-native-epoll-4.1.30.Final.jar:/home/user/.m2/repository/io/netty/netty-common/4.1.30.Final/netty-common-4.1.30.Final.jar:/home/user/.m2/repository/io/netty/netty-buffer/4.1.30.Final/netty-buffer-4.1.30.Final.jar:/home/user/.m2/repository/io/netty/netty-transport/4.1.30.Final/netty-transport-4.1.30.Final.jar:/home/user/.m2/repository/io/netty/netty-resolver/4.1.30.Final/netty-resolver-4.1.30.Final.jar:/home/user/.m2/repository/io/netty/netty-transport-native-unix-common/4.1.30.Final/netty-transport-native-unix-common-4.1.30.Final.jar:/home/user/.m2/repository/io/grpc/grpc-protobuf/1.17.1/grpc-protobuf-1.17.1.jar:/home/user/.m2/repository/com/google/api/grpc/proto-google-common-protos/1.0.0/proto-google-common-protos-1.0.0.jar:/home/user/.m2/repository/io/grpc/grpc-protobuf-lite/1.17.1/grpc-protobuf-lite-1.17.1.jar:/home/user/.m2/repository/io/grpc/grpc-stub/1.17.1/grpc-stub-1.17.1.jar:/home/user/.m2/repository/org/apache/hadoop/hadoop-ozone-recon/0.5.0-SNAPSHOT/hadoop-ozone-recon-0.5.0-SNAPSHOT.jar:/home/user/.m2/repository/org/apache/hadoop/hadoop-ozone-reconcodegen/0.5.0-SNAPSHOT/hadoop-ozone-reconcodegen-0.5.0-SNAPSHOT.jar:/home/user/.m2/repository/com/google/inject/extensions/guice-multibindings/4.0/guice-multibindings-4.0.jar:/home/user/.m2/repository/com/google/inject/guice/4.0/guice-4.0.jar:/home/user/.m2/repository/aopalliance/aopalliance/1.0/aopalliance-1.0.jar:/home/user/.m2/repository/com/google/inject/extensions/guice-servlet/4.0/guice-servlet-4.0.jar:/home/user/.m2/repository/org/glassfish/jersey/containers/jersey-container-servlet/2.27/jersey-container-servlet-2.27.jar:/home/user/.m2/repository/org/glassfish/hk2/guice-bridge/2.5.0/guice-bridge-2.5.0.jar:/home/user/.m2/repository/org/glassfish/jersey/core/jersey-server/2.27/jersey-server-2.27.jar:/home/user/.m2/repository/org/glassfish/jersey/core/jersey-client/2.27/jersey-client-2.27.jar:/home/user/.m2/repository/org/glassfish/jersey/media/jersey-media-jaxb/2.27/jersey-media-jaxb-2.27.jar:/home/user/.m2/repository/javax/validation/validation-api/1.1.0.Final/validation-api-1.1.0.Final.jar:/home/user/.m2/repository/org/glassfish/jersey/media/jersey-media-json-jackson/2.27/jersey-media-json-jackson-2.27.jar:/home/user/.m2/repository/org/glassfish/jersey/ext/jersey-entity-filtering/2.27/jersey-entity-filtering-2.27.jar:/home/user/.m2/repository/com/google/inject/extensions/guice-assistedinject/4.0/guice-assistedinject-4.0.jar:/home/user/.m2/repository/org/jooq/jooq/3.11.10/jooq-3.11.10.jar:/home/user/.m2/repository/org/jooq/jooq-meta/3.11.10/jooq-meta-3.11.10.jar:/home/user/.m2/repository/org/jooq/jooq-codegen/3.11.10/jooq-codegen-3.11.10.jar:/home/user/.m2/repository/com/jolbox/bonecp/0.8.0.RELEASE/bonecp-0.8.0.RELEASE.jar:/home/user/.m2/repository/org/springframework/spring-jdbc/5.1.3.RELEASE/spring-jdbc-5.1.3.RELEASE.jar:/home/user/.m2/repository/org/springframework/spring-beans/5.1.3.RELEASE/spring-beans-5.1.3.RELEASE.jar:/home/user/.m2/repository/org/springframework/spring-core/5.1.3.RELEASE/spring-core-5.1.3.RELEASE.jar:/home/user/.m2/repository/org/springframework/spring-jcl/5.1.3.RELEASE/spring-jcl-5.1.3.RELEASE.jar:/home/user/.m2/repository/org/springframework/spring-tx/5.1.3.RELEASE/spring-tx-5.1.3.RELEASE.jar:/home/user/.m2/repository/org/mockito/mockito-core/2.15.0/mockito-core-2.15.0.jar:/home/user/.m2/repository/net/bytebuddy/byte-buddy/1.7.9/byte-buddy-1.7.9.jar:/home/user/.m2/repository/net/bytebuddy/byte-buddy-agent/1.7.9/byte-buddy-agent-1.7.9.jar:/home/user/.m2/repository/org/objenesis/objenesis/1.0/objenesis-1.0.jar:"/>
    <property name="sun.cpu.endian" value="little"/>
    <property name="user.home" value="/home/user"/>
    <property name="user.language" value="en"/>
    <property name="java.specification.vendor" value="Oracle Corporation"/>
    <property name="java.home" value="/usr/lib/jvm/java-1.8-openjdk/jre"/>
    <property name="java.security.krb5.conf" value="/workdir/hadoop-ozone/tools/target/test-classes/krb5.conf"/>
    <property name="basedir" value="/workdir/hadoop-ozone/tools"/>
    <property name="file.separator" value="/"/>
    <property name="line.separator" value="&#10;"/>
    <property name="java.vm.specification.vendor" value="Oracle Corporation"/>
    <property name="java.specification.name" value="Java Platform API Specification"/>
    <property name="java.awt.graphicsenv" value="sun.awt.X11GraphicsEnvironment"/>
    <property name="surefire.real.class.path" value="/workdir/hadoop-ozone/tools/target/surefire/surefirebooter6713043716751014497.jar"/>
    <property name="hadoop.log.dir" value="/workdir/hadoop-ozone/tools/target/log"/>
    <property name="sun.boot.class.path" value="/usr/lib/jvm/java-1.8-openjdk/jre/lib/resources.jar:/usr/lib/jvm/java-1.8-openjdk/jre/lib/rt.jar:/usr/lib/jvm/java-1.8-openjdk/jre/lib/sunrsasign.jar:/usr/lib/jvm/java-1.8-openjdk/jre/lib/jsse.jar:/usr/lib/jvm/java-1.8-openjdk/jre/lib/jce.jar:/usr/lib/jvm/java-1.8-openjdk/jre/lib/charsets.jar:/usr/lib/jvm/java-1.8-openjdk/jre/lib/jfr.jar:/usr/lib/jvm/java-1.8-openjdk/jre/classes"/>
    <property name="sun.management.compiler" value="HotSpot 64-Bit Tiered Compilers"/>
    <property name="java.runtime.version" value="1.8.0_212-b04"/>
    <property name="java.net.preferIPv4Stack" value="true"/>
    <property name="user.name" value="jenkins1000"/>
    <property name="path.separator" value=":"/>
    <property name="java.security.egd" value="file:///dev/urandom"/>
    <property name="os.version" value="3.10.0-957.12.2.el7.x86_64"/>
    <property name="java.endorsed.dirs" value="/usr/lib/jvm/java-1.8-openjdk/jre/lib/endorsed"/>
    <property name="java.runtime.name" value="OpenJDK Runtime Environment"/>
    <property name="file.encoding" value="UTF-8"/>
    <property name="java.vm.name" value="OpenJDK 64-Bit Server VM"/>
    <property name="test.build.webapps" value=""/>
    <property name="localRepository" value="/home/user/.m2/repository"/>
    <property name="java.vendor.url.bug" value="https://icedtea.classpath.org/bugzilla"/>
    <property name="java.io.tmpdir" value="/tmp"/>
    <property name="require.test.libhadoop" value=""/>
    <property name="java.version" value="1.8.0_212"/>
    <property name="user.dir" value="/workdir/hadoop-ozone/tools"/>
    <property name="os.arch" value="amd64"/>
    <property name="java.vm.specification.name" value="Java Virtual Machine Specification"/>
    <property name="test.build.classes" value="/workdir/hadoop-ozone/tools/target/test-classes"/>
    <property name="java.awt.printerjob" value="sun.print.PSPrinterJob"/>
    <property name="sun.os.patch.level" value="unknown"/>
    <property name="hadoop.tmp.dir" value="/workdir/hadoop-ozone/tools/target/tmp"/>
    <property name="java.library.path" value="/usr/lib/jvm/java-1.8-openjdk/jre/lib/amd64/server:/usr/lib/jvm/java-1.8-openjdk/jre/lib/amd64:/usr/lib/jvm/java-1.8-openjdk/jre/../lib/amd64:/workdir/hadoop-ozone/tools/target/native/target/usr/local/lib:/workdir/hadoop-ozone/tools/../../hadoop-common-project/hadoop-common/target/native/target/usr/local/lib:/usr/java/packages/lib/amd64:/usr/lib64:/lib64:/lib:/usr/lib"/>
    <property name="java.vm.info" value="mixed mode"/>
    <property name="java.vendor" value="IcedTea"/>
    <property name="java.vm.version" value="25.212-b04"/>
    <property name="java.ext.dirs" value="/usr/lib/jvm/java-1.8-openjdk/jre/lib/ext:/usr/java/packages/lib/ext"/>
    <property name="sun.io.unicode.encoding" value="UnicodeLittle"/>
    <property name="java.class.version" value="52.0"/>
  </properties>
  <testcase name="validateWriteTest" classname="org.apache.hadoop.ozone.freon.TestDataValidateWithDummyContainers" time="0.003"/>
  <testcase name="ratisTestLargeKey" classname="org.apache.hadoop.ozone.freon.TestDataValidateWithDummyContainers" time="6.618">
    <error message="Allocated 0 blocks. Requested 5 blocks" type="INTERNAL_ERROR org.apache.hadoop.ozone.om.exceptions.OMException">INTERNAL_ERROR org.apache.hadoop.ozone.om.exceptions.OMException: Allocated 0 blocks. Requested 5 blocks
	at org.apache.hadoop.ozone.om.protocolPB.OzoneManagerProtocolClientSideTranslatorPB.handleError(OzoneManagerProtocolClientSideTranslatorPB.java:732)
	at org.apache.hadoop.ozone.om.protocolPB.OzoneManagerProtocolClientSideTranslatorPB.openKey(OzoneManagerProtocolClientSideTranslatorPB.java:723)
	at sun.reflect.NativeMethodAccessorImpl.invoke0(Native Method)
	at sun.reflect.NativeMethodAccessorImpl.invoke(NativeMethodAccessorImpl.java:62)
	at sun.reflect.DelegatingMethodAccessorImpl.invoke(DelegatingMethodAccessorImpl.java:43)
	at java.lang.reflect.Method.invoke(Method.java:498)
	at org.apache.hadoop.hdds.tracing.TraceAllMethod.invoke(TraceAllMethod.java:66)
	at com.sun.proxy.$Proxy37.openKey(Unknown Source)
	at org.apache.hadoop.ozone.client.rpc.RpcClient.createKey(RpcClient.java:614)
	at org.apache.hadoop.ozone.client.OzoneBucket.createKey(OzoneBucket.java:325)
	at org.apache.hadoop.ozone.freon.RandomKeyGenerator.createKey(RandomKeyGenerator.java:695)
	at org.apache.hadoop.ozone.freon.RandomKeyGenerator.access$1100(RandomKeyGenerator.java:88)
	at org.apache.hadoop.ozone.freon.RandomKeyGenerator$ObjectCreator.run(RandomKeyGenerator.java:615)
	at java.util.concurrent.Executors$RunnableAdapter.call(Executors.java:511)
	at java.util.concurrent.FutureTask.run(FutureTask.java:266)
	at java.util.concurrent.ThreadPoolExecutor.runWorker(ThreadPoolExecutor.java:1149)
	at java.util.concurrent.ThreadPoolExecutor$Worker.run(ThreadPoolExecutor.java:624)
	at java.lang.Thread.run(Thread.java:748)
</error>
    <system-out><![CDATA[2019-09-25 12:04:06,145 [main] INFO  freon.RandomKeyGenerator (RandomKeyGenerator.java:call(258)) - Override validateWrites to false, because hdds.container.chunk.persistdata is set to false.
2019-09-25 12:04:06,148 [grpc-default-executor-0] INFO  impl.RaftServerProxy (RaftServerProxy.java:addNew(89)) - a7b713c9-d145-43da-b168-eb086be0693a: addNew group-B6067CA0BC0B:[a7b713c9-d145-43da-b168-eb086be0693a:192.168.30.6:39159] returns group-B6067CA0BC0B:java.util.concurrent.CompletableFuture@1a24fefc[Not completed]
2019-09-25 12:04:06,151 [pool-67-thread-1] INFO  impl.RaftServerImpl (RaftServerImpl.java:<init>(95)) - a7b713c9-d145-43da-b168-eb086be0693a: new RaftServerImpl for group-B6067CA0BC0B:[a7b713c9-d145-43da-b168-eb086be0693a:192.168.30.6:39159] with ContainerStateMachine:uninitialized
2019-09-25 12:04:06,151 [pool-67-thread-1] INFO  server.RaftServerConfigKeys (ConfUtils.java:logGet(43)) - raft.server.rpc.timeout.min = 5s (custom)
2019-09-25 12:04:06,151 [pool-67-thread-1] INFO  server.RaftServerConfigKeys (ConfUtils.java:logGet(43)) - raft.server.rpc.timeout.max = 5200ms (custom)
2019-09-25 12:04:06,151 [pool-67-thread-1] INFO  server.RaftServerConfigKeys (ConfUtils.java:logGet(43)) - raft.server.rpcslowness.timeout = 120s (custom)
2019-09-25 12:04:06,152 [pool-67-thread-1] INFO  server.RaftServerConfigKeys (ConfUtils.java:logGet(43)) - raft.server.sleep.deviation.threshold = 300 (default)
2019-09-25 12:04:06,152 [pool-67-thread-1] INFO  server.RaftServerConfigKeys (ConfUtils.java:logGet(43)) - raft.server.log.appender.install.snapshot.enabled = false (custom)
2019-09-25 12:04:06,152 [pool-67-thread-1] INFO  impl.RaftServerImpl (ServerState.java:<init>(103)) - a7b713c9-d145-43da-b168-eb086be0693a@group-B6067CA0BC0B: ConfigurationManager, init=-1: [a7b713c9-d145-43da-b168-eb086be0693a:192.168.30.6:39159], old=null, confs=<EMPTY_MAP>
2019-09-25 12:04:06,152 [pool-67-thread-1] INFO  server.RaftServerConfigKeys (ConfUtils.java:logGet(43)) - raft.server.storage.dir = [/workdir/hadoop-ozone/tools/target/test-dir/MiniOzoneClusterImpl-ed893a3b-0dc1-4b26-80b9-38249be7af87/datanode-4/data/ratis] (custom)
2019-09-25 12:04:06,153 [pool-67-thread-1] INFO  storage.RaftStorageDirectory (RaftStorageDirectory.java:analyzeStorage(246)) - The storage directory /workdir/hadoop-ozone/tools/target/test-dir/MiniOzoneClusterImpl-ed893a3b-0dc1-4b26-80b9-38249be7af87/datanode-4/data/ratis/44586b31-02bb-4150-a5ed-b6067ca0bc0b does not exist. Creating ...
2019-09-25 12:04:06,167 [pool-67-thread-1] INFO  storage.RaftStorageDirectory (RaftStorageDirectory.java:tryLock(328)) - Lock on /workdir/hadoop-ozone/tools/target/test-dir/MiniOzoneClusterImpl-ed893a3b-0dc1-4b26-80b9-38249be7af87/datanode-4/data/ratis/44586b31-02bb-4150-a5ed-b6067ca0bc0b/in_use.lock acquired by nodename 13498@pr-hdds-1569-5gmkr-4255264070
2019-09-25 12:04:06,180 [pool-67-thread-1] INFO  storage.RaftStorage (RaftStorage.java:format(72)) - Storage directory /workdir/hadoop-ozone/tools/target/test-dir/MiniOzoneClusterImpl-ed893a3b-0dc1-4b26-80b9-38249be7af87/datanode-4/data/ratis/44586b31-02bb-4150-a5ed-b6067ca0bc0b has been successfully formatted.
2019-09-25 12:04:06,181 [pool-67-thread-1] INFO  ratis.ContainerStateMachine (ContainerStateMachine.java:loadSnapshot(230)) - group-B6067CA0BC0B: The snapshot info is null. Setting the last applied indexto:(t:0, i:~)
2019-09-25 12:04:06,181 [pool-67-thread-1] INFO  server.RaftServerConfigKeys (ConfUtils.java:logGet(43)) - raft.server.notification.no-leader.timeout = 120s (custom)
2019-09-25 12:04:06,181 [pool-67-thread-1] INFO  server.RaftServerConfigKeys (ConfUtils.java:logGet(43)) - raft.server.log.use.memory = false (default)
2019-09-25 12:04:06,181 [pool-67-thread-1] INFO  server.RaftServerConfigKeys (ConfUtils.java:logGet(43)) - raft.server.log.purge.gap = 1000000 (custom)
2019-09-25 12:04:06,181 [pool-67-thread-1] INFO  server.RaftServerConfigKeys (ConfUtils.java:logGet(43)) - raft.server.log.appender.buffer.byte-limit = 33554432 (custom)
2019-09-25 12:04:06,181 [pool-67-thread-1] INFO  server.RaftServerConfigKeys (ConfUtils.java:logGet(43)) - raft.server.log.segment.size.max = 1048576 (custom)
2019-09-25 12:04:06,182 [pool-67-thread-1] INFO  server.RaftServerConfigKeys (ConfUtils.java:logGet(43)) - raft.server.log.segment.cache.num.max = 2 (custom)
2019-09-25 12:04:06,182 [pool-67-thread-1] INFO  segmented.SegmentedRaftLogWorker (SegmentedRaftLogWorker.java:<init>(172)) - new a7b713c9-d145-43da-b168-eb086be0693a@group-B6067CA0BC0B-SegmentedRaftLogWorker for RaftStorage:Storage Directory /workdir/hadoop-ozone/tools/target/test-dir/MiniOzoneClusterImpl-ed893a3b-0dc1-4b26-80b9-38249be7af87/datanode-4/data/ratis/44586b31-02bb-4150-a5ed-b6067ca0bc0b
2019-09-25 12:04:06,182 [pool-67-thread-1] INFO  server.RaftServerConfigKeys (ConfUtils.java:logGet(43)) - raft.server.log.queue.byte-limit = 2147483647 (custom)
2019-09-25 12:04:06,182 [pool-67-thread-1] INFO  server.RaftServerConfigKeys (ConfUtils.java:logGet(43)) - raft.server.log.queue.element-limit = 1024 (custom)
2019-09-25 12:04:06,182 [pool-67-thread-1] INFO  server.RaftServerConfigKeys (ConfUtils.java:logGet(43)) - raft.server.log.segment.size.max = 1048576 (custom)
2019-09-25 12:04:06,182 [pool-67-thread-1] INFO  server.RaftServerConfigKeys (ConfUtils.java:logGet(43)) - raft.server.log.preallocated.size = 16384 (custom)
2019-09-25 12:04:06,183 [pool-67-thread-1] INFO  server.RaftServerConfigKeys (ConfUtils.java:logGet(43)) - raft.server.log.write.buffer.size = 33554432 (custom)
2019-09-25 12:04:06,183 [pool-67-thread-1] INFO  server.RaftServerConfigKeys (ConfUtils.java:logGet(43)) - raft.server.log.force.sync.num = 128 (default)
2019-09-25 12:04:06,183 [pool-67-thread-1] INFO  server.RaftServerConfigKeys (ConfUtils.java:logGet(43)) - raft.server.log.statemachine.data.sync = true (default)
2019-09-25 12:04:06,183 [pool-67-thread-1] INFO  server.RaftServerConfigKeys (ConfUtils.java:logGet(43)) - raft.server.log.statemachine.data.sync.timeout = 10s (default)
2019-09-25 12:04:06,183 [pool-67-thread-1] INFO  server.RaftServerConfigKeys (ConfUtils.java:logGet(43)) - raft.server.log.statemachine.data.sync.timeout.retry = -1 (default)
2019-09-25 12:04:06,183 [pool-67-thread-1] INFO  server.RaftServerConfigKeys (ConfUtils.java:logGet(43)) - raft.server.log.statemachine.data.caching.enabled = true (custom)
2019-09-25 12:04:06,184 [pool-67-thread-1] INFO  segmented.SegmentedRaftLogWorker (SegmentedRaftLogWorker.java:lambda$new$0(132)) - a7b713c9-d145-43da-b168-eb086be0693a@group-B6067CA0BC0B-SegmentedRaftLogWorker: flushIndex: setUnconditionally 0 -> -1
2019-09-25 12:04:06,184 [pool-67-thread-1] INFO  server.RaftServerConfigKeys (ConfUtils.java:logGet(43)) - raft.server.snapshot.auto.trigger.enabled = true (custom)
2019-09-25 12:04:06,184 [pool-67-thread-1] INFO  server.RaftServerConfigKeys (ConfUtils.java:logGet(43)) - raft.server.snapshot.auto.trigger.threshold = 10000 (custom)
2019-09-25 12:04:06,184 [pool-67-thread-1] INFO  server.RaftServerConfigKeys (ConfUtils.java:logGet(43)) - raft.server.snapshot.retention.num.files = 5 (custom)
2019-09-25 12:04:06,185 [pool-67-thread-1] INFO  server.RaftServerConfigKeys (ConfUtils.java:logGet(43)) - raft.server.retrycache.expirytime = 600000ms (custom)
2019-09-25 12:04:06,189 [pool-67-thread-1] INFO  impl.RaftServerImpl (RaftServerImpl.java:start(185)) - a7b713c9-d145-43da-b168-eb086be0693a@group-B6067CA0BC0B: start as a follower, conf=-1: [a7b713c9-d145-43da-b168-eb086be0693a:192.168.30.6:39159], old=null
2019-09-25 12:04:06,189 [pool-67-thread-1] INFO  impl.RaftServerImpl (RaftServerImpl.java:setRole(174)) - a7b713c9-d145-43da-b168-eb086be0693a@group-B6067CA0BC0B: changes role from      null to FOLLOWER at term 0 for startAsFollower
2019-09-25 12:04:06,189 [pool-67-thread-1] INFO  impl.RoleInfo (RoleInfo.java:updateAndGet(143)) - a7b713c9-d145-43da-b168-eb086be0693a: start FollowerState
2019-09-25 12:04:06,189 [pool-67-thread-1] INFO  util.JmxRegister (JmxRegister.java:tryRegister(44)) - Successfully registered JMX Bean with object name Ratis:service=RaftServer,group=group-B6067CA0BC0B,id=a7b713c9-d145-43da-b168-eb086be0693a
2019-09-25 12:04:06,203 [RatisPipelineUtilsThread] INFO  pipeline.PipelineStateManager (PipelineStateManager.java:addPipeline(56)) - Created pipeline Pipeline[ Id: 44586b31-02bb-4150-a5ed-b6067ca0bc0b, Nodes: a7b713c9-d145-43da-b168-eb086be0693a{ip: 192.168.30.6, host: pr-hdds-1569-5gmkr-4255264070, networkLocation: /default-rack, certSerialId: null}, Type:RATIS, Factor:ONE, State:OPEN]
2019-09-25 12:04:06,220 [grpc-default-executor-0] INFO  impl.RaftServerProxy (RaftServerProxy.java:addNew(89)) - 24c3890a-3f13-4340-8313-f577cdc100b6: addNew group-62E1796F4277:[24c3890a-3f13-4340-8313-f577cdc100b6:192.168.30.6:35545] returns group-62E1796F4277:java.util.concurrent.CompletableFuture@38670c7b[Not completed]
2019-09-25 12:04:06,223 [pool-57-thread-1] INFO  impl.RaftServerImpl (RaftServerImpl.java:<init>(95)) - 24c3890a-3f13-4340-8313-f577cdc100b6: new RaftServerImpl for group-62E1796F4277:[24c3890a-3f13-4340-8313-f577cdc100b6:192.168.30.6:35545] with ContainerStateMachine:uninitialized
2019-09-25 12:04:06,223 [pool-57-thread-1] INFO  server.RaftServerConfigKeys (ConfUtils.java:logGet(43)) - raft.server.rpc.timeout.min = 5s (custom)
2019-09-25 12:04:06,224 [pool-57-thread-1] INFO  server.RaftServerConfigKeys (ConfUtils.java:logGet(43)) - raft.server.rpc.timeout.max = 5200ms (custom)
2019-09-25 12:04:06,224 [pool-57-thread-1] INFO  server.RaftServerConfigKeys (ConfUtils.java:logGet(43)) - raft.server.rpcslowness.timeout = 120s (custom)
2019-09-25 12:04:06,224 [pool-57-thread-1] INFO  server.RaftServerConfigKeys (ConfUtils.java:logGet(43)) - raft.server.sleep.deviation.threshold = 300 (default)
2019-09-25 12:04:06,224 [pool-57-thread-1] INFO  server.RaftServerConfigKeys (ConfUtils.java:logGet(43)) - raft.server.log.appender.install.snapshot.enabled = false (custom)
2019-09-25 12:04:06,224 [pool-57-thread-1] INFO  impl.RaftServerImpl (ServerState.java:<init>(103)) - 24c3890a-3f13-4340-8313-f577cdc100b6@group-62E1796F4277: ConfigurationManager, init=-1: [24c3890a-3f13-4340-8313-f577cdc100b6:192.168.30.6:35545], old=null, confs=<EMPTY_MAP>
2019-09-25 12:04:06,224 [pool-57-thread-1] INFO  server.RaftServerConfigKeys (ConfUtils.java:logGet(43)) - raft.server.storage.dir = [/workdir/hadoop-ozone/tools/target/test-dir/MiniOzoneClusterImpl-ed893a3b-0dc1-4b26-80b9-38249be7af87/datanode-3/data/ratis] (custom)
2019-09-25 12:04:06,225 [pool-57-thread-1] INFO  storage.RaftStorageDirectory (RaftStorageDirectory.java:analyzeStorage(246)) - The storage directory /workdir/hadoop-ozone/tools/target/test-dir/MiniOzoneClusterImpl-ed893a3b-0dc1-4b26-80b9-38249be7af87/datanode-3/data/ratis/6c3bfd6d-35a1-4b94-8967-62e1796f4277 does not exist. Creating ...
2019-09-25 12:04:06,240 [pool-57-thread-1] INFO  storage.RaftStorageDirectory (RaftStorageDirectory.java:tryLock(328)) - Lock on /workdir/hadoop-ozone/tools/target/test-dir/MiniOzoneClusterImpl-ed893a3b-0dc1-4b26-80b9-38249be7af87/datanode-3/data/ratis/6c3bfd6d-35a1-4b94-8967-62e1796f4277/in_use.lock acquired by nodename 13498@pr-hdds-1569-5gmkr-4255264070
2019-09-25 12:04:06,253 [pool-57-thread-1] INFO  storage.RaftStorage (RaftStorage.java:format(72)) - Storage directory /workdir/hadoop-ozone/tools/target/test-dir/MiniOzoneClusterImpl-ed893a3b-0dc1-4b26-80b9-38249be7af87/datanode-3/data/ratis/6c3bfd6d-35a1-4b94-8967-62e1796f4277 has been successfully formatted.
2019-09-25 12:04:06,253 [pool-57-thread-1] INFO  ratis.ContainerStateMachine (ContainerStateMachine.java:loadSnapshot(230)) - group-62E1796F4277: The snapshot info is null. Setting the last applied indexto:(t:0, i:~)
2019-09-25 12:04:06,253 [pool-57-thread-1] INFO  server.RaftServerConfigKeys (ConfUtils.java:logGet(43)) - raft.server.notification.no-leader.timeout = 120s (custom)
2019-09-25 12:04:06,253 [pool-57-thread-1] INFO  server.RaftServerConfigKeys (ConfUtils.java:logGet(43)) - raft.server.log.use.memory = false (default)
2019-09-25 12:04:06,253 [pool-57-thread-1] INFO  server.RaftServerConfigKeys (ConfUtils.java:logGet(43)) - raft.server.log.purge.gap = 1000000 (custom)
2019-09-25 12:04:06,253 [pool-57-thread-1] INFO  server.RaftServerConfigKeys (ConfUtils.java:logGet(43)) - raft.server.log.appender.buffer.byte-limit = 33554432 (custom)
2019-09-25 12:04:06,254 [pool-57-thread-1] INFO  server.RaftServerConfigKeys (ConfUtils.java:logGet(43)) - raft.server.log.segment.size.max = 1048576 (custom)
2019-09-25 12:04:06,254 [pool-57-thread-1] INFO  server.RaftServerConfigKeys (ConfUtils.java:logGet(43)) - raft.server.log.segment.cache.num.max = 2 (custom)
2019-09-25 12:04:06,254 [pool-57-thread-1] INFO  segmented.SegmentedRaftLogWorker (SegmentedRaftLogWorker.java:<init>(172)) - new 24c3890a-3f13-4340-8313-f577cdc100b6@group-62E1796F4277-SegmentedRaftLogWorker for RaftStorage:Storage Directory /workdir/hadoop-ozone/tools/target/test-dir/MiniOzoneClusterImpl-ed893a3b-0dc1-4b26-80b9-38249be7af87/datanode-3/data/ratis/6c3bfd6d-35a1-4b94-8967-62e1796f4277
2019-09-25 12:04:06,257 [pool-57-thread-1] INFO  server.RaftServerConfigKeys (ConfUtils.java:logGet(43)) - raft.server.log.queue.byte-limit = 2147483647 (custom)
2019-09-25 12:04:06,257 [pool-57-thread-1] INFO  server.RaftServerConfigKeys (ConfUtils.java:logGet(43)) - raft.server.log.queue.element-limit = 1024 (custom)
2019-09-25 12:04:06,257 [pool-57-thread-1] INFO  server.RaftServerConfigKeys (ConfUtils.java:logGet(43)) - raft.server.log.segment.size.max = 1048576 (custom)
2019-09-25 12:04:06,257 [pool-57-thread-1] INFO  server.RaftServerConfigKeys (ConfUtils.java:logGet(43)) - raft.server.log.preallocated.size = 16384 (custom)
2019-09-25 12:04:06,257 [pool-57-thread-1] INFO  server.RaftServerConfigKeys (ConfUtils.java:logGet(43)) - raft.server.log.write.buffer.size = 33554432 (custom)
2019-09-25 12:04:06,257 [pool-57-thread-1] INFO  server.RaftServerConfigKeys (ConfUtils.java:logGet(43)) - raft.server.log.force.sync.num = 128 (default)
2019-09-25 12:04:06,257 [pool-57-thread-1] INFO  server.RaftServerConfigKeys (ConfUtils.java:logGet(43)) - raft.server.log.statemachine.data.sync = true (default)
2019-09-25 12:04:06,257 [pool-57-thread-1] INFO  server.RaftServerConfigKeys (ConfUtils.java:logGet(43)) - raft.server.log.statemachine.data.sync.timeout = 10s (default)
2019-09-25 12:04:06,258 [pool-57-thread-1] INFO  server.RaftServerConfigKeys (ConfUtils.java:logGet(43)) - raft.server.log.statemachine.data.sync.timeout.retry = -1 (default)
2019-09-25 12:04:06,258 [pool-57-thread-1] INFO  server.RaftServerConfigKeys (ConfUtils.java:logGet(43)) - raft.server.log.statemachine.data.caching.enabled = true (custom)
2019-09-25 12:04:06,258 [pool-57-thread-1] INFO  segmented.SegmentedRaftLogWorker (SegmentedRaftLogWorker.java:lambda$new$0(132)) - 24c3890a-3f13-4340-8313-f577cdc100b6@group-62E1796F4277-SegmentedRaftLogWorker: flushIndex: setUnconditionally 0 -> -1
2019-09-25 12:04:06,258 [pool-57-thread-1] INFO  server.RaftServerConfigKeys (ConfUtils.java:logGet(43)) - raft.server.snapshot.auto.trigger.enabled = true (custom)
2019-09-25 12:04:06,258 [pool-57-thread-1] INFO  server.RaftServerConfigKeys (ConfUtils.java:logGet(43)) - raft.server.snapshot.auto.trigger.threshold = 10000 (custom)
2019-09-25 12:04:06,259 [pool-57-thread-1] INFO  server.RaftServerConfigKeys (ConfUtils.java:logGet(43)) - raft.server.snapshot.retention.num.files = 5 (custom)
2019-09-25 12:04:06,259 [pool-57-thread-1] INFO  server.RaftServerConfigKeys (ConfUtils.java:logGet(43)) - raft.server.retrycache.expirytime = 600000ms (custom)
2019-09-25 12:04:06,261 [pool-57-thread-1] INFO  impl.RaftServerImpl (RaftServerImpl.java:start(185)) - 24c3890a-3f13-4340-8313-f577cdc100b6@group-62E1796F4277: start as a follower, conf=-1: [24c3890a-3f13-4340-8313-f577cdc100b6:192.168.30.6:35545], old=null
2019-09-25 12:04:06,261 [pool-57-thread-1] INFO  impl.RaftServerImpl (RaftServerImpl.java:setRole(174)) - 24c3890a-3f13-4340-8313-f577cdc100b6@group-62E1796F4277: changes role from      null to FOLLOWER at term 0 for startAsFollower
2019-09-25 12:04:06,261 [pool-57-thread-1] INFO  impl.RoleInfo (RoleInfo.java:updateAndGet(143)) - 24c3890a-3f13-4340-8313-f577cdc100b6: start FollowerState
2019-09-25 12:04:06,262 [pool-57-thread-1] INFO  util.JmxRegister (JmxRegister.java:tryRegister(44)) - Successfully registered JMX Bean with object name Ratis:service=RaftServer,group=group-62E1796F4277,id=24c3890a-3f13-4340-8313-f577cdc100b6
2019-09-25 12:04:06,273 [RatisPipelineUtilsThread] INFO  pipeline.PipelineStateManager (PipelineStateManager.java:addPipeline(56)) - Created pipeline Pipeline[ Id: 6c3bfd6d-35a1-4b94-8967-62e1796f4277, Nodes: 24c3890a-3f13-4340-8313-f577cdc100b6{ip: 192.168.30.6, host: pr-hdds-1569-5gmkr-4255264070, networkLocation: /default-rack, certSerialId: null}, Type:RATIS, Factor:ONE, State:OPEN]
2019-09-25 12:04:06,289 [grpc-default-executor-0] INFO  impl.RaftServerProxy (RaftServerProxy.java:addNew(89)) - 26ee0107-1f2c-48c6-b68f-fb73f18a1c69: addNew group-007A558068BA:[26ee0107-1f2c-48c6-b68f-fb73f18a1c69:192.168.30.6:45618] returns group-007A558068BA:java.util.concurrent.CompletableFuture@6143291[Not completed]
2019-09-25 12:04:06,290 [pool-47-thread-1] INFO  impl.RaftServerImpl (RaftServerImpl.java:<init>(95)) - 26ee0107-1f2c-48c6-b68f-fb73f18a1c69: new RaftServerImpl for group-007A558068BA:[26ee0107-1f2c-48c6-b68f-fb73f18a1c69:192.168.30.6:45618] with ContainerStateMachine:uninitialized
2019-09-25 12:04:06,291 [pool-47-thread-1] INFO  server.RaftServerConfigKeys (ConfUtils.java:logGet(43)) - raft.server.rpc.timeout.min = 5s (custom)
2019-09-25 12:04:06,291 [pool-47-thread-1] INFO  server.RaftServerConfigKeys (ConfUtils.java:logGet(43)) - raft.server.rpc.timeout.max = 5200ms (custom)
2019-09-25 12:04:06,291 [pool-47-thread-1] INFO  server.RaftServerConfigKeys (ConfUtils.java:logGet(43)) - raft.server.rpcslowness.timeout = 120s (custom)
2019-09-25 12:04:06,291 [pool-47-thread-1] INFO  server.RaftServerConfigKeys (ConfUtils.java:logGet(43)) - raft.server.sleep.deviation.threshold = 300 (default)
2019-09-25 12:04:06,291 [pool-47-thread-1] INFO  server.RaftServerConfigKeys (ConfUtils.java:logGet(43)) - raft.server.log.appender.install.snapshot.enabled = false (custom)
2019-09-25 12:04:06,291 [pool-47-thread-1] INFO  impl.RaftServerImpl (ServerState.java:<init>(103)) - 26ee0107-1f2c-48c6-b68f-fb73f18a1c69@group-007A558068BA: ConfigurationManager, init=-1: [26ee0107-1f2c-48c6-b68f-fb73f18a1c69:192.168.30.6:45618], old=null, confs=<EMPTY_MAP>
2019-09-25 12:04:06,291 [pool-47-thread-1] INFO  server.RaftServerConfigKeys (ConfUtils.java:logGet(43)) - raft.server.storage.dir = [/workdir/hadoop-ozone/tools/target/test-dir/MiniOzoneClusterImpl-ed893a3b-0dc1-4b26-80b9-38249be7af87/datanode-2/data/ratis] (custom)
2019-09-25 12:04:06,292 [pool-47-thread-1] INFO  storage.RaftStorageDirectory (RaftStorageDirectory.java:analyzeStorage(246)) - The storage directory /workdir/hadoop-ozone/tools/target/test-dir/MiniOzoneClusterImpl-ed893a3b-0dc1-4b26-80b9-38249be7af87/datanode-2/data/ratis/f6ad6bc2-f723-4794-a682-007a558068ba does not exist. Creating ...
2019-09-25 12:04:06,304 [pool-47-thread-1] INFO  storage.RaftStorageDirectory (RaftStorageDirectory.java:tryLock(328)) - Lock on /workdir/hadoop-ozone/tools/target/test-dir/MiniOzoneClusterImpl-ed893a3b-0dc1-4b26-80b9-38249be7af87/datanode-2/data/ratis/f6ad6bc2-f723-4794-a682-007a558068ba/in_use.lock acquired by nodename 13498@pr-hdds-1569-5gmkr-4255264070
2019-09-25 12:04:06,317 [pool-47-thread-1] INFO  storage.RaftStorage (RaftStorage.java:format(72)) - Storage directory /workdir/hadoop-ozone/tools/target/test-dir/MiniOzoneClusterImpl-ed893a3b-0dc1-4b26-80b9-38249be7af87/datanode-2/data/ratis/f6ad6bc2-f723-4794-a682-007a558068ba has been successfully formatted.
2019-09-25 12:04:06,317 [pool-47-thread-1] INFO  ratis.ContainerStateMachine (ContainerStateMachine.java:loadSnapshot(230)) - group-007A558068BA: The snapshot info is null. Setting the last applied indexto:(t:0, i:~)
2019-09-25 12:04:06,317 [pool-47-thread-1] INFO  server.RaftServerConfigKeys (ConfUtils.java:logGet(43)) - raft.server.notification.no-leader.timeout = 120s (custom)
2019-09-25 12:04:06,317 [pool-47-thread-1] INFO  server.RaftServerConfigKeys (ConfUtils.java:logGet(43)) - raft.server.log.use.memory = false (default)
2019-09-25 12:04:06,317 [pool-47-thread-1] INFO  server.RaftServerConfigKeys (ConfUtils.java:logGet(43)) - raft.server.log.purge.gap = 1000000 (custom)
2019-09-25 12:04:06,317 [pool-47-thread-1] INFO  server.RaftServerConfigKeys (ConfUtils.java:logGet(43)) - raft.server.log.appender.buffer.byte-limit = 33554432 (custom)
2019-09-25 12:04:06,318 [pool-47-thread-1] INFO  server.RaftServerConfigKeys (ConfUtils.java:logGet(43)) - raft.server.log.segment.size.max = 1048576 (custom)
2019-09-25 12:04:06,318 [pool-47-thread-1] INFO  server.RaftServerConfigKeys (ConfUtils.java:logGet(43)) - raft.server.log.segment.cache.num.max = 2 (custom)
2019-09-25 12:04:06,318 [pool-47-thread-1] INFO  segmented.SegmentedRaftLogWorker (SegmentedRaftLogWorker.java:<init>(172)) - new 26ee0107-1f2c-48c6-b68f-fb73f18a1c69@group-007A558068BA-SegmentedRaftLogWorker for RaftStorage:Storage Directory /workdir/hadoop-ozone/tools/target/test-dir/MiniOzoneClusterImpl-ed893a3b-0dc1-4b26-80b9-38249be7af87/datanode-2/data/ratis/f6ad6bc2-f723-4794-a682-007a558068ba
2019-09-25 12:04:06,320 [pool-47-thread-1] INFO  server.RaftServerConfigKeys (ConfUtils.java:logGet(43)) - raft.server.log.queue.byte-limit = 2147483647 (custom)
2019-09-25 12:04:06,320 [pool-47-thread-1] INFO  server.RaftServerConfigKeys (ConfUtils.java:logGet(43)) - raft.server.log.queue.element-limit = 1024 (custom)
2019-09-25 12:04:06,320 [pool-47-thread-1] INFO  server.RaftServerConfigKeys (ConfUtils.java:logGet(43)) - raft.server.log.segment.size.max = 1048576 (custom)
2019-09-25 12:04:06,321 [pool-47-thread-1] INFO  server.RaftServerConfigKeys (ConfUtils.java:logGet(43)) - raft.server.log.preallocated.size = 16384 (custom)
2019-09-25 12:04:06,321 [pool-47-thread-1] INFO  server.RaftServerConfigKeys (ConfUtils.java:logGet(43)) - raft.server.log.write.buffer.size = 33554432 (custom)
2019-09-25 12:04:06,321 [pool-47-thread-1] INFO  server.RaftServerConfigKeys (ConfUtils.java:logGet(43)) - raft.server.log.force.sync.num = 128 (default)
2019-09-25 12:04:06,321 [pool-47-thread-1] INFO  server.RaftServerConfigKeys (ConfUtils.java:logGet(43)) - raft.server.log.statemachine.data.sync = true (default)
2019-09-25 12:04:06,321 [pool-47-thread-1] INFO  server.RaftServerConfigKeys (ConfUtils.java:logGet(43)) - raft.server.log.statemachine.data.sync.timeout = 10s (default)
2019-09-25 12:04:06,321 [pool-47-thread-1] INFO  server.RaftServerConfigKeys (ConfUtils.java:logGet(43)) - raft.server.log.statemachine.data.sync.timeout.retry = -1 (default)
2019-09-25 12:04:06,321 [pool-47-thread-1] INFO  server.RaftServerConfigKeys (ConfUtils.java:logGet(43)) - raft.server.log.statemachine.data.caching.enabled = true (custom)
2019-09-25 12:04:06,322 [pool-47-thread-1] INFO  segmented.SegmentedRaftLogWorker (SegmentedRaftLogWorker.java:lambda$new$0(132)) - 26ee0107-1f2c-48c6-b68f-fb73f18a1c69@group-007A558068BA-SegmentedRaftLogWorker: flushIndex: setUnconditionally 0 -> -1
2019-09-25 12:04:06,322 [pool-47-thread-1] INFO  server.RaftServerConfigKeys (ConfUtils.java:logGet(43)) - raft.server.snapshot.auto.trigger.enabled = true (custom)
2019-09-25 12:04:06,322 [pool-47-thread-1] INFO  server.RaftServerConfigKeys (ConfUtils.java:logGet(43)) - raft.server.snapshot.auto.trigger.threshold = 10000 (custom)
2019-09-25 12:04:06,322 [pool-47-thread-1] INFO  server.RaftServerConfigKeys (ConfUtils.java:logGet(43)) - raft.server.snapshot.retention.num.files = 5 (custom)
2019-09-25 12:04:06,322 [pool-47-thread-1] INFO  server.RaftServerConfigKeys (ConfUtils.java:logGet(43)) - raft.server.retrycache.expirytime = 600000ms (custom)
2019-09-25 12:04:06,325 [pool-47-thread-1] INFO  impl.RaftServerImpl (RaftServerImpl.java:start(185)) - 26ee0107-1f2c-48c6-b68f-fb73f18a1c69@group-007A558068BA: start as a follower, conf=-1: [26ee0107-1f2c-48c6-b68f-fb73f18a1c69:192.168.30.6:45618], old=null
2019-09-25 12:04:06,325 [pool-47-thread-1] INFO  impl.RaftServerImpl (RaftServerImpl.java:setRole(174)) - 26ee0107-1f2c-48c6-b68f-fb73f18a1c69@group-007A558068BA: changes role from      null to FOLLOWER at term 0 for startAsFollower
2019-09-25 12:04:06,325 [pool-47-thread-1] INFO  impl.RoleInfo (RoleInfo.java:updateAndGet(143)) - 26ee0107-1f2c-48c6-b68f-fb73f18a1c69: start FollowerState
2019-09-25 12:04:06,325 [pool-47-thread-1] INFO  util.JmxRegister (JmxRegister.java:tryRegister(44)) - Successfully registered JMX Bean with object name Ratis:service=RaftServer,group=group-007A558068BA,id=26ee0107-1f2c-48c6-b68f-fb73f18a1c69
2019-09-25 12:04:06,337 [RatisPipelineUtilsThread] INFO  pipeline.PipelineStateManager (PipelineStateManager.java:addPipeline(56)) - Created pipeline Pipeline[ Id: f6ad6bc2-f723-4794-a682-007a558068ba, Nodes: 26ee0107-1f2c-48c6-b68f-fb73f18a1c69{ip: 192.168.30.6, host: pr-hdds-1569-5gmkr-4255264070, networkLocation: /default-rack, certSerialId: null}, Type:RATIS, Factor:ONE, State:OPEN]
2019-09-25 12:04:06,349 [grpc-default-executor-0] INFO  impl.RaftServerProxy (RaftServerProxy.java:addNew(89)) - a7b713c9-d145-43da-b168-eb086be0693a: addNew group-D15759FAC5BD:[a7b713c9-d145-43da-b168-eb086be0693a:192.168.30.6:39159] returns group-D15759FAC5BD:java.util.concurrent.CompletableFuture@4de6b1c5[Not completed]
2019-09-25 12:04:06,351 [pool-67-thread-1] INFO  impl.RaftServerImpl (RaftServerImpl.java:<init>(95)) - a7b713c9-d145-43da-b168-eb086be0693a: new RaftServerImpl for group-D15759FAC5BD:[a7b713c9-d145-43da-b168-eb086be0693a:192.168.30.6:39159] with ContainerStateMachine:uninitialized
2019-09-25 12:04:06,351 [pool-67-thread-1] INFO  server.RaftServerConfigKeys (ConfUtils.java:logGet(43)) - raft.server.rpc.timeout.min = 5s (custom)
2019-09-25 12:04:06,351 [pool-67-thread-1] INFO  server.RaftServerConfigKeys (ConfUtils.java:logGet(43)) - raft.server.rpc.timeout.max = 5200ms (custom)
2019-09-25 12:04:06,351 [pool-67-thread-1] INFO  server.RaftServerConfigKeys (ConfUtils.java:logGet(43)) - raft.server.rpcslowness.timeout = 120s (custom)
2019-09-25 12:04:06,351 [pool-67-thread-1] INFO  server.RaftServerConfigKeys (ConfUtils.java:logGet(43)) - raft.server.sleep.deviation.threshold = 300 (default)
2019-09-25 12:04:06,351 [pool-67-thread-1] INFO  server.RaftServerConfigKeys (ConfUtils.java:logGet(43)) - raft.server.log.appender.install.snapshot.enabled = false (custom)
2019-09-25 12:04:06,351 [pool-67-thread-1] INFO  impl.RaftServerImpl (ServerState.java:<init>(103)) - a7b713c9-d145-43da-b168-eb086be0693a@group-D15759FAC5BD: ConfigurationManager, init=-1: [a7b713c9-d145-43da-b168-eb086be0693a:192.168.30.6:39159], old=null, confs=<EMPTY_MAP>
2019-09-25 12:04:06,352 [pool-67-thread-1] INFO  server.RaftServerConfigKeys (ConfUtils.java:logGet(43)) - raft.server.storage.dir = [/workdir/hadoop-ozone/tools/target/test-dir/MiniOzoneClusterImpl-ed893a3b-0dc1-4b26-80b9-38249be7af87/datanode-4/data/ratis] (custom)
2019-09-25 12:04:06,352 [pool-67-thread-1] INFO  storage.RaftStorageDirectory (RaftStorageDirectory.java:analyzeStorage(246)) - The storage directory /workdir/hadoop-ozone/tools/target/test-dir/MiniOzoneClusterImpl-ed893a3b-0dc1-4b26-80b9-38249be7af87/datanode-4/data/ratis/a6482f2f-302c-48c1-9f76-d15759fac5bd does not exist. Creating ...
2019-09-25 12:04:06,364 [pool-67-thread-1] INFO  storage.RaftStorageDirectory (RaftStorageDirectory.java:tryLock(328)) - Lock on /workdir/hadoop-ozone/tools/target/test-dir/MiniOzoneClusterImpl-ed893a3b-0dc1-4b26-80b9-38249be7af87/datanode-4/data/ratis/a6482f2f-302c-48c1-9f76-d15759fac5bd/in_use.lock acquired by nodename 13498@pr-hdds-1569-5gmkr-4255264070
2019-09-25 12:04:06,377 [pool-67-thread-1] INFO  storage.RaftStorage (RaftStorage.java:format(72)) - Storage directory /workdir/hadoop-ozone/tools/target/test-dir/MiniOzoneClusterImpl-ed893a3b-0dc1-4b26-80b9-38249be7af87/datanode-4/data/ratis/a6482f2f-302c-48c1-9f76-d15759fac5bd has been successfully formatted.
2019-09-25 12:04:06,377 [pool-67-thread-1] INFO  ratis.ContainerStateMachine (ContainerStateMachine.java:loadSnapshot(230)) - group-D15759FAC5BD: The snapshot info is null. Setting the last applied indexto:(t:0, i:~)
2019-09-25 12:04:06,377 [pool-67-thread-1] INFO  server.RaftServerConfigKeys (ConfUtils.java:logGet(43)) - raft.server.notification.no-leader.timeout = 120s (custom)
2019-09-25 12:04:06,377 [pool-67-thread-1] INFO  server.RaftServerConfigKeys (ConfUtils.java:logGet(43)) - raft.server.log.use.memory = false (default)
2019-09-25 12:04:06,378 [pool-67-thread-1] INFO  server.RaftServerConfigKeys (ConfUtils.java:logGet(43)) - raft.server.log.purge.gap = 1000000 (custom)
2019-09-25 12:04:06,378 [pool-67-thread-1] INFO  server.RaftServerConfigKeys (ConfUtils.java:logGet(43)) - raft.server.log.appender.buffer.byte-limit = 33554432 (custom)
2019-09-25 12:04:06,378 [pool-67-thread-1] INFO  server.RaftServerConfigKeys (ConfUtils.java:logGet(43)) - raft.server.log.segment.size.max = 1048576 (custom)
2019-09-25 12:04:06,378 [pool-67-thread-1] INFO  server.RaftServerConfigKeys (ConfUtils.java:logGet(43)) - raft.server.log.segment.cache.num.max = 2 (custom)
2019-09-25 12:04:06,378 [pool-67-thread-1] INFO  segmented.SegmentedRaftLogWorker (SegmentedRaftLogWorker.java:<init>(172)) - new a7b713c9-d145-43da-b168-eb086be0693a@group-D15759FAC5BD-SegmentedRaftLogWorker for RaftStorage:Storage Directory /workdir/hadoop-ozone/tools/target/test-dir/MiniOzoneClusterImpl-ed893a3b-0dc1-4b26-80b9-38249be7af87/datanode-4/data/ratis/a6482f2f-302c-48c1-9f76-d15759fac5bd
2019-09-25 12:04:06,378 [pool-67-thread-1] INFO  server.RaftServerConfigKeys (ConfUtils.java:logGet(43)) - raft.server.log.queue.byte-limit = 2147483647 (custom)
2019-09-25 12:04:06,378 [pool-67-thread-1] INFO  server.RaftServerConfigKeys (ConfUtils.java:logGet(43)) - raft.server.log.queue.element-limit = 1024 (custom)
2019-09-25 12:04:06,379 [pool-67-thread-1] INFO  server.RaftServerConfigKeys (ConfUtils.java:logGet(43)) - raft.server.log.segment.size.max = 1048576 (custom)
2019-09-25 12:04:06,379 [pool-67-thread-1] INFO  server.RaftServerConfigKeys (ConfUtils.java:logGet(43)) - raft.server.log.preallocated.size = 16384 (custom)
2019-09-25 12:04:06,379 [pool-67-thread-1] INFO  server.RaftServerConfigKeys (ConfUtils.java:logGet(43)) - raft.server.log.write.buffer.size = 33554432 (custom)
2019-09-25 12:04:06,379 [pool-67-thread-1] INFO  server.RaftServerConfigKeys (ConfUtils.java:logGet(43)) - raft.server.log.force.sync.num = 128 (default)
2019-09-25 12:04:06,379 [pool-67-thread-1] INFO  server.RaftServerConfigKeys (ConfUtils.java:logGet(43)) - raft.server.log.statemachine.data.sync = true (default)
2019-09-25 12:04:06,379 [pool-67-thread-1] INFO  server.RaftServerConfigKeys (ConfUtils.java:logGet(43)) - raft.server.log.statemachine.data.sync.timeout = 10s (default)
2019-09-25 12:04:06,379 [pool-67-thread-1] INFO  server.RaftServerConfigKeys (ConfUtils.java:logGet(43)) - raft.server.log.statemachine.data.sync.timeout.retry = -1 (default)
2019-09-25 12:04:06,380 [pool-67-thread-1] INFO  server.RaftServerConfigKeys (ConfUtils.java:logGet(43)) - raft.server.log.statemachine.data.caching.enabled = true (custom)
2019-09-25 12:04:06,380 [pool-67-thread-1] INFO  segmented.SegmentedRaftLogWorker (SegmentedRaftLogWorker.java:lambda$new$0(132)) - a7b713c9-d145-43da-b168-eb086be0693a@group-D15759FAC5BD-SegmentedRaftLogWorker: flushIndex: setUnconditionally 0 -> -1
2019-09-25 12:04:06,380 [pool-67-thread-1] INFO  server.RaftServerConfigKeys (ConfUtils.java:logGet(43)) - raft.server.snapshot.auto.trigger.enabled = true (custom)
2019-09-25 12:04:06,380 [pool-67-thread-1] INFO  server.RaftServerConfigKeys (ConfUtils.java:logGet(43)) - raft.server.snapshot.auto.trigger.threshold = 10000 (custom)
2019-09-25 12:04:06,381 [pool-67-thread-1] INFO  server.RaftServerConfigKeys (ConfUtils.java:logGet(43)) - raft.server.snapshot.retention.num.files = 5 (custom)
2019-09-25 12:04:06,381 [pool-67-thread-1] INFO  server.RaftServerConfigKeys (ConfUtils.java:logGet(43)) - raft.server.retrycache.expirytime = 600000ms (custom)
2019-09-25 12:04:06,383 [pool-67-thread-1] INFO  impl.RaftServerImpl (RaftServerImpl.java:start(185)) - a7b713c9-d145-43da-b168-eb086be0693a@group-D15759FAC5BD: start as a follower, conf=-1: [a7b713c9-d145-43da-b168-eb086be0693a:192.168.30.6:39159], old=null
2019-09-25 12:04:06,384 [pool-67-thread-1] INFO  impl.RaftServerImpl (RaftServerImpl.java:setRole(174)) - a7b713c9-d145-43da-b168-eb086be0693a@group-D15759FAC5BD: changes role from      null to FOLLOWER at term 0 for startAsFollower
2019-09-25 12:04:06,384 [pool-67-thread-1] INFO  impl.RoleInfo (RoleInfo.java:updateAndGet(143)) - a7b713c9-d145-43da-b168-eb086be0693a: start FollowerState
2019-09-25 12:04:06,384 [pool-67-thread-1] INFO  util.JmxRegister (JmxRegister.java:tryRegister(44)) - Successfully registered JMX Bean with object name Ratis:service=RaftServer,group=group-D15759FAC5BD,id=a7b713c9-d145-43da-b168-eb086be0693a
2019-09-25 12:04:06,394 [RatisPipelineUtilsThread] INFO  pipeline.PipelineStateManager (PipelineStateManager.java:addPipeline(56)) - Created pipeline Pipeline[ Id: a6482f2f-302c-48c1-9f76-d15759fac5bd, Nodes: a7b713c9-d145-43da-b168-eb086be0693a{ip: 192.168.30.6, host: pr-hdds-1569-5gmkr-4255264070, networkLocation: /default-rack, certSerialId: null}, Type:RATIS, Factor:ONE, State:OPEN]
2019-09-25 12:04:06,417 [grpc-default-executor-0] INFO  impl.RaftServerProxy (RaftServerProxy.java:addNew(89)) - bdcb6c3e-8893-4e8a-90a8-eb631ad0e985: addNew group-DD66B3BC5885:[bdcb6c3e-8893-4e8a-90a8-eb631ad0e985:192.168.30.6:46114] returns group-DD66B3BC5885:java.util.concurrent.CompletableFuture@4923a278[Not completed]
2019-09-25 12:04:06,419 [pool-27-thread-1] INFO  impl.RaftServerImpl (RaftServerImpl.java:<init>(95)) - bdcb6c3e-8893-4e8a-90a8-eb631ad0e985: new RaftServerImpl for group-DD66B3BC5885:[bdcb6c3e-8893-4e8a-90a8-eb631ad0e985:192.168.30.6:46114] with ContainerStateMachine:uninitialized
2019-09-25 12:04:06,419 [pool-27-thread-1] INFO  server.RaftServerConfigKeys (ConfUtils.java:logGet(43)) - raft.server.rpc.timeout.min = 5s (custom)
2019-09-25 12:04:06,419 [pool-27-thread-1] INFO  server.RaftServerConfigKeys (ConfUtils.java:logGet(43)) - raft.server.rpc.timeout.max = 5200ms (custom)
2019-09-25 12:04:06,419 [pool-27-thread-1] INFO  server.RaftServerConfigKeys (ConfUtils.java:logGet(43)) - raft.server.rpcslowness.timeout = 120s (custom)
2019-09-25 12:04:06,419 [pool-27-thread-1] INFO  server.RaftServerConfigKeys (ConfUtils.java:logGet(43)) - raft.server.sleep.deviation.threshold = 300 (default)
2019-09-25 12:04:06,420 [pool-27-thread-1] INFO  server.RaftServerConfigKeys (ConfUtils.java:logGet(43)) - raft.server.log.appender.install.snapshot.enabled = false (custom)
2019-09-25 12:04:06,420 [pool-27-thread-1] INFO  impl.RaftServerImpl (ServerState.java:<init>(103)) - bdcb6c3e-8893-4e8a-90a8-eb631ad0e985@group-DD66B3BC5885: ConfigurationManager, init=-1: [bdcb6c3e-8893-4e8a-90a8-eb631ad0e985:192.168.30.6:46114], old=null, confs=<EMPTY_MAP>
2019-09-25 12:04:06,421 [pool-27-thread-1] INFO  server.RaftServerConfigKeys (ConfUtils.java:logGet(43)) - raft.server.storage.dir = [/workdir/hadoop-ozone/tools/target/test-dir/MiniOzoneClusterImpl-ed893a3b-0dc1-4b26-80b9-38249be7af87/datanode-0/data/ratis] (custom)
2019-09-25 12:04:06,422 [pool-27-thread-1] INFO  storage.RaftStorageDirectory (RaftStorageDirectory.java:analyzeStorage(246)) - The storage directory /workdir/hadoop-ozone/tools/target/test-dir/MiniOzoneClusterImpl-ed893a3b-0dc1-4b26-80b9-38249be7af87/datanode-0/data/ratis/c147f310-dc06-49ef-b4fc-dd66b3bc5885 does not exist. Creating ...
2019-09-25 12:04:06,436 [pool-27-thread-1] INFO  storage.RaftStorageDirectory (RaftStorageDirectory.java:tryLock(328)) - Lock on /workdir/hadoop-ozone/tools/target/test-dir/MiniOzoneClusterImpl-ed893a3b-0dc1-4b26-80b9-38249be7af87/datanode-0/data/ratis/c147f310-dc06-49ef-b4fc-dd66b3bc5885/in_use.lock acquired by nodename 13498@pr-hdds-1569-5gmkr-4255264070
2019-09-25 12:04:06,447 [pool-27-thread-1] INFO  storage.RaftStorage (RaftStorage.java:format(72)) - Storage directory /workdir/hadoop-ozone/tools/target/test-dir/MiniOzoneClusterImpl-ed893a3b-0dc1-4b26-80b9-38249be7af87/datanode-0/data/ratis/c147f310-dc06-49ef-b4fc-dd66b3bc5885 has been successfully formatted.
2019-09-25 12:04:06,448 [pool-27-thread-1] INFO  ratis.ContainerStateMachine (ContainerStateMachine.java:loadSnapshot(230)) - group-DD66B3BC5885: The snapshot info is null. Setting the last applied indexto:(t:0, i:~)
2019-09-25 12:04:06,448 [pool-27-thread-1] INFO  server.RaftServerConfigKeys (ConfUtils.java:logGet(43)) - raft.server.notification.no-leader.timeout = 120s (custom)
2019-09-25 12:04:06,448 [pool-27-thread-1] INFO  server.RaftServerConfigKeys (ConfUtils.java:logGet(43)) - raft.server.log.use.memory = false (default)
2019-09-25 12:04:06,448 [pool-27-thread-1] INFO  server.RaftServerConfigKeys (ConfUtils.java:logGet(43)) - raft.server.log.purge.gap = 1000000 (custom)
2019-09-25 12:04:06,448 [pool-27-thread-1] INFO  server.RaftServerConfigKeys (ConfUtils.java:logGet(43)) - raft.server.log.appender.buffer.byte-limit = 33554432 (custom)
2019-09-25 12:04:06,448 [pool-27-thread-1] INFO  server.RaftServerConfigKeys (ConfUtils.java:logGet(43)) - raft.server.log.segment.size.max = 1048576 (custom)
2019-09-25 12:04:06,448 [pool-27-thread-1] INFO  server.RaftServerConfigKeys (ConfUtils.java:logGet(43)) - raft.server.log.segment.cache.num.max = 2 (custom)
2019-09-25 12:04:06,449 [pool-27-thread-1] INFO  segmented.SegmentedRaftLogWorker (SegmentedRaftLogWorker.java:<init>(172)) - new bdcb6c3e-8893-4e8a-90a8-eb631ad0e985@group-DD66B3BC5885-SegmentedRaftLogWorker for RaftStorage:Storage Directory /workdir/hadoop-ozone/tools/target/test-dir/MiniOzoneClusterImpl-ed893a3b-0dc1-4b26-80b9-38249be7af87/datanode-0/data/ratis/c147f310-dc06-49ef-b4fc-dd66b3bc5885
2019-09-25 12:04:06,449 [pool-27-thread-1] INFO  server.RaftServerConfigKeys (ConfUtils.java:logGet(43)) - raft.server.log.queue.byte-limit = 2147483647 (custom)
2019-09-25 12:04:06,449 [pool-27-thread-1] INFO  server.RaftServerConfigKeys (ConfUtils.java:logGet(43)) - raft.server.log.queue.element-limit = 1024 (custom)
2019-09-25 12:04:06,449 [pool-27-thread-1] INFO  server.RaftServerConfigKeys (ConfUtils.java:logGet(43)) - raft.server.log.segment.size.max = 1048576 (custom)
2019-09-25 12:04:06,449 [pool-27-thread-1] INFO  server.RaftServerConfigKeys (ConfUtils.java:logGet(43)) - raft.server.log.preallocated.size = 16384 (custom)
2019-09-25 12:04:06,449 [pool-27-thread-1] INFO  server.RaftServerConfigKeys (ConfUtils.java:logGet(43)) - raft.server.log.write.buffer.size = 33554432 (custom)
2019-09-25 12:04:06,449 [pool-27-thread-1] INFO  server.RaftServerConfigKeys (ConfUtils.java:logGet(43)) - raft.server.log.force.sync.num = 128 (default)
2019-09-25 12:04:06,449 [pool-27-thread-1] INFO  server.RaftServerConfigKeys (ConfUtils.java:logGet(43)) - raft.server.log.statemachine.data.sync = true (default)
2019-09-25 12:04:06,450 [pool-27-thread-1] INFO  server.RaftServerConfigKeys (ConfUtils.java:logGet(43)) - raft.server.log.statemachine.data.sync.timeout = 10s (default)
2019-09-25 12:04:06,450 [pool-27-thread-1] INFO  server.RaftServerConfigKeys (ConfUtils.java:logGet(43)) - raft.server.log.statemachine.data.sync.timeout.retry = -1 (default)
2019-09-25 12:04:06,450 [pool-27-thread-1] INFO  server.RaftServerConfigKeys (ConfUtils.java:logGet(43)) - raft.server.log.statemachine.data.caching.enabled = true (custom)
2019-09-25 12:04:06,450 [pool-27-thread-1] INFO  segmented.SegmentedRaftLogWorker (SegmentedRaftLogWorker.java:lambda$new$0(132)) - bdcb6c3e-8893-4e8a-90a8-eb631ad0e985@group-DD66B3BC5885-SegmentedRaftLogWorker: flushIndex: setUnconditionally 0 -> -1
2019-09-25 12:04:06,450 [pool-27-thread-1] INFO  server.RaftServerConfigKeys (ConfUtils.java:logGet(43)) - raft.server.snapshot.auto.trigger.enabled = true (custom)
2019-09-25 12:04:06,450 [pool-27-thread-1] INFO  server.RaftServerConfigKeys (ConfUtils.java:logGet(43)) - raft.server.snapshot.auto.trigger.threshold = 10000 (custom)
2019-09-25 12:04:06,451 [pool-27-thread-1] INFO  server.RaftServerConfigKeys (ConfUtils.java:logGet(43)) - raft.server.snapshot.retention.num.files = 5 (custom)
2019-09-25 12:04:06,451 [pool-27-thread-1] INFO  server.RaftServerConfigKeys (ConfUtils.java:logGet(43)) - raft.server.retrycache.expirytime = 600000ms (custom)
2019-09-25 12:04:06,453 [pool-27-thread-1] INFO  impl.RaftServerImpl (RaftServerImpl.java:start(185)) - bdcb6c3e-8893-4e8a-90a8-eb631ad0e985@group-DD66B3BC5885: start as a follower, conf=-1: [bdcb6c3e-8893-4e8a-90a8-eb631ad0e985:192.168.30.6:46114], old=null
2019-09-25 12:04:06,453 [pool-27-thread-1] INFO  impl.RaftServerImpl (RaftServerImpl.java:setRole(174)) - bdcb6c3e-8893-4e8a-90a8-eb631ad0e985@group-DD66B3BC5885: changes role from      null to FOLLOWER at term 0 for startAsFollower
2019-09-25 12:04:06,453 [pool-27-thread-1] INFO  impl.RoleInfo (RoleInfo.java:updateAndGet(143)) - bdcb6c3e-8893-4e8a-90a8-eb631ad0e985: start FollowerState
2019-09-25 12:04:06,454 [pool-27-thread-1] INFO  util.JmxRegister (JmxRegister.java:tryRegister(44)) - Successfully registered JMX Bean with object name Ratis:service=RaftServer,group=group-DD66B3BC5885,id=bdcb6c3e-8893-4e8a-90a8-eb631ad0e985
2019-09-25 12:04:06,462 [RatisPipelineUtilsThread] INFO  pipeline.PipelineStateManager (PipelineStateManager.java:addPipeline(56)) - Created pipeline Pipeline[ Id: c147f310-dc06-49ef-b4fc-dd66b3bc5885, Nodes: bdcb6c3e-8893-4e8a-90a8-eb631ad0e985{ip: 192.168.30.6, host: pr-hdds-1569-5gmkr-4255264070, networkLocation: /default-rack, certSerialId: null}, Type:RATIS, Factor:ONE, State:OPEN]
2019-09-25 12:04:06,480 [grpc-default-executor-0] INFO  impl.RaftServerProxy (RaftServerProxy.java:addNew(89)) - 24c3890a-3f13-4340-8313-f577cdc100b6: addNew group-F773B25A8C65:[24c3890a-3f13-4340-8313-f577cdc100b6:192.168.30.6:35545] returns group-F773B25A8C65:java.util.concurrent.CompletableFuture@30b5c6fa[Not completed]
2019-09-25 12:04:06,482 [pool-57-thread-1] INFO  impl.RaftServerImpl (RaftServerImpl.java:<init>(95)) - 24c3890a-3f13-4340-8313-f577cdc100b6: new RaftServerImpl for group-F773B25A8C65:[24c3890a-3f13-4340-8313-f577cdc100b6:192.168.30.6:35545] with ContainerStateMachine:uninitialized
2019-09-25 12:04:06,482 [pool-57-thread-1] INFO  server.RaftServerConfigKeys (ConfUtils.java:logGet(43)) - raft.server.rpc.timeout.min = 5s (custom)
2019-09-25 12:04:06,482 [pool-57-thread-1] INFO  server.RaftServerConfigKeys (ConfUtils.java:logGet(43)) - raft.server.rpc.timeout.max = 5200ms (custom)
2019-09-25 12:04:06,483 [pool-57-thread-1] INFO  server.RaftServerConfigKeys (ConfUtils.java:logGet(43)) - raft.server.rpcslowness.timeout = 120s (custom)
2019-09-25 12:04:06,483 [pool-57-thread-1] INFO  server.RaftServerConfigKeys (ConfUtils.java:logGet(43)) - raft.server.sleep.deviation.threshold = 300 (default)
2019-09-25 12:04:06,483 [pool-57-thread-1] INFO  server.RaftServerConfigKeys (ConfUtils.java:logGet(43)) - raft.server.log.appender.install.snapshot.enabled = false (custom)
2019-09-25 12:04:06,483 [pool-57-thread-1] INFO  impl.RaftServerImpl (ServerState.java:<init>(103)) - 24c3890a-3f13-4340-8313-f577cdc100b6@group-F773B25A8C65: ConfigurationManager, init=-1: [24c3890a-3f13-4340-8313-f577cdc100b6:192.168.30.6:35545], old=null, confs=<EMPTY_MAP>
2019-09-25 12:04:06,483 [pool-57-thread-1] INFO  server.RaftServerConfigKeys (ConfUtils.java:logGet(43)) - raft.server.storage.dir = [/workdir/hadoop-ozone/tools/target/test-dir/MiniOzoneClusterImpl-ed893a3b-0dc1-4b26-80b9-38249be7af87/datanode-3/data/ratis] (custom)
2019-09-25 12:04:06,484 [pool-57-thread-1] INFO  storage.RaftStorageDirectory (RaftStorageDirectory.java:analyzeStorage(246)) - The storage directory /workdir/hadoop-ozone/tools/target/test-dir/MiniOzoneClusterImpl-ed893a3b-0dc1-4b26-80b9-38249be7af87/datanode-3/data/ratis/152baccf-3ebb-4237-b24f-f773b25a8c65 does not exist. Creating ...
2019-09-25 12:04:06,488 [pool-57-thread-1] INFO  storage.RaftStorageDirectory (RaftStorageDirectory.java:tryLock(328)) - Lock on /workdir/hadoop-ozone/tools/target/test-dir/MiniOzoneClusterImpl-ed893a3b-0dc1-4b26-80b9-38249be7af87/datanode-3/data/ratis/152baccf-3ebb-4237-b24f-f773b25a8c65/in_use.lock acquired by nodename 13498@pr-hdds-1569-5gmkr-4255264070
2019-09-25 12:04:06,506 [pool-57-thread-1] INFO  storage.RaftStorage (RaftStorage.java:format(72)) - Storage directory /workdir/hadoop-ozone/tools/target/test-dir/MiniOzoneClusterImpl-ed893a3b-0dc1-4b26-80b9-38249be7af87/datanode-3/data/ratis/152baccf-3ebb-4237-b24f-f773b25a8c65 has been successfully formatted.
2019-09-25 12:04:06,506 [pool-57-thread-1] INFO  ratis.ContainerStateMachine (ContainerStateMachine.java:loadSnapshot(230)) - group-F773B25A8C65: The snapshot info is null. Setting the last applied indexto:(t:0, i:~)
2019-09-25 12:04:06,506 [pool-57-thread-1] INFO  server.RaftServerConfigKeys (ConfUtils.java:logGet(43)) - raft.server.notification.no-leader.timeout = 120s (custom)
2019-09-25 12:04:06,507 [pool-57-thread-1] INFO  server.RaftServerConfigKeys (ConfUtils.java:logGet(43)) - raft.server.log.use.memory = false (default)
2019-09-25 12:04:06,507 [pool-57-thread-1] INFO  server.RaftServerConfigKeys (ConfUtils.java:logGet(43)) - raft.server.log.purge.gap = 1000000 (custom)
2019-09-25 12:04:06,507 [pool-57-thread-1] INFO  server.RaftServerConfigKeys (ConfUtils.java:logGet(43)) - raft.server.log.appender.buffer.byte-limit = 33554432 (custom)
2019-09-25 12:04:06,507 [pool-57-thread-1] INFO  server.RaftServerConfigKeys (ConfUtils.java:logGet(43)) - raft.server.log.segment.size.max = 1048576 (custom)
2019-09-25 12:04:06,507 [pool-57-thread-1] INFO  server.RaftServerConfigKeys (ConfUtils.java:logGet(43)) - raft.server.log.segment.cache.num.max = 2 (custom)
2019-09-25 12:04:06,508 [pool-57-thread-1] INFO  segmented.SegmentedRaftLogWorker (SegmentedRaftLogWorker.java:<init>(172)) - new 24c3890a-3f13-4340-8313-f577cdc100b6@group-F773B25A8C65-SegmentedRaftLogWorker for RaftStorage:Storage Directory /workdir/hadoop-ozone/tools/target/test-dir/MiniOzoneClusterImpl-ed893a3b-0dc1-4b26-80b9-38249be7af87/datanode-3/data/ratis/152baccf-3ebb-4237-b24f-f773b25a8c65
2019-09-25 12:04:06,508 [pool-57-thread-1] INFO  server.RaftServerConfigKeys (ConfUtils.java:logGet(43)) - raft.server.log.queue.byte-limit = 2147483647 (custom)
2019-09-25 12:04:06,508 [pool-57-thread-1] INFO  server.RaftServerConfigKeys (ConfUtils.java:logGet(43)) - raft.server.log.queue.element-limit = 1024 (custom)
2019-09-25 12:04:06,508 [pool-57-thread-1] INFO  server.RaftServerConfigKeys (ConfUtils.java:logGet(43)) - raft.server.log.segment.size.max = 1048576 (custom)
2019-09-25 12:04:06,508 [pool-57-thread-1] INFO  server.RaftServerConfigKeys (ConfUtils.java:logGet(43)) - raft.server.log.preallocated.size = 16384 (custom)
2019-09-25 12:04:06,508 [pool-57-thread-1] INFO  server.RaftServerConfigKeys (ConfUtils.java:logGet(43)) - raft.server.log.write.buffer.size = 33554432 (custom)
2019-09-25 12:04:06,509 [pool-57-thread-1] INFO  server.RaftServerConfigKeys (ConfUtils.java:logGet(43)) - raft.server.log.force.sync.num = 128 (default)
2019-09-25 12:04:06,509 [pool-57-thread-1] INFO  server.RaftServerConfigKeys (ConfUtils.java:logGet(43)) - raft.server.log.statemachine.data.sync = true (default)
2019-09-25 12:04:06,509 [pool-57-thread-1] INFO  server.RaftServerConfigKeys (ConfUtils.java:logGet(43)) - raft.server.log.statemachine.data.sync.timeout = 10s (default)
2019-09-25 12:04:06,509 [pool-57-thread-1] INFO  server.RaftServerConfigKeys (ConfUtils.java:logGet(43)) - raft.server.log.statemachine.data.sync.timeout.retry = -1 (default)
2019-09-25 12:04:06,509 [pool-57-thread-1] INFO  server.RaftServerConfigKeys (ConfUtils.java:logGet(43)) - raft.server.log.statemachine.data.caching.enabled = true (custom)
2019-09-25 12:04:06,510 [pool-57-thread-1] INFO  segmented.SegmentedRaftLogWorker (SegmentedRaftLogWorker.java:lambda$new$0(132)) - 24c3890a-3f13-4340-8313-f577cdc100b6@group-F773B25A8C65-SegmentedRaftLogWorker: flushIndex: setUnconditionally 0 -> -1
2019-09-25 12:04:06,510 [pool-57-thread-1] INFO  server.RaftServerConfigKeys (ConfUtils.java:logGet(43)) - raft.server.snapshot.auto.trigger.enabled = true (custom)
2019-09-25 12:04:06,510 [pool-57-thread-1] INFO  server.RaftServerConfigKeys (ConfUtils.java:logGet(43)) - raft.server.snapshot.auto.trigger.threshold = 10000 (custom)
2019-09-25 12:04:06,511 [pool-57-thread-1] INFO  server.RaftServerConfigKeys (ConfUtils.java:logGet(43)) - raft.server.snapshot.retention.num.files = 5 (custom)
2019-09-25 12:04:06,511 [pool-57-thread-1] INFO  server.RaftServerConfigKeys (ConfUtils.java:logGet(43)) - raft.server.retrycache.expirytime = 600000ms (custom)
2019-09-25 12:04:06,515 [pool-57-thread-1] INFO  impl.RaftServerImpl (RaftServerImpl.java:start(185)) - 24c3890a-3f13-4340-8313-f577cdc100b6@group-F773B25A8C65: start as a follower, conf=-1: [24c3890a-3f13-4340-8313-f577cdc100b6:192.168.30.6:35545], old=null
2019-09-25 12:04:06,515 [pool-57-thread-1] INFO  impl.RaftServerImpl (RaftServerImpl.java:setRole(174)) - 24c3890a-3f13-4340-8313-f577cdc100b6@group-F773B25A8C65: changes role from      null to FOLLOWER at term 0 for startAsFollower
2019-09-25 12:04:06,515 [pool-57-thread-1] INFO  impl.RoleInfo (RoleInfo.java:updateAndGet(143)) - 24c3890a-3f13-4340-8313-f577cdc100b6: start FollowerState
2019-09-25 12:04:06,516 [pool-57-thread-1] INFO  util.JmxRegister (JmxRegister.java:tryRegister(44)) - Successfully registered JMX Bean with object name Ratis:service=RaftServer,group=group-F773B25A8C65,id=24c3890a-3f13-4340-8313-f577cdc100b6
2019-09-25 12:04:06,525 [RatisPipelineUtilsThread] INFO  pipeline.PipelineStateManager (PipelineStateManager.java:addPipeline(56)) - Created pipeline Pipeline[ Id: 152baccf-3ebb-4237-b24f-f773b25a8c65, Nodes: 24c3890a-3f13-4340-8313-f577cdc100b6{ip: 192.168.30.6, host: pr-hdds-1569-5gmkr-4255264070, networkLocation: /default-rack, certSerialId: null}, Type:RATIS, Factor:ONE, State:OPEN]
2019-09-25 12:04:06,539 [grpc-default-executor-0] INFO  impl.RaftServerProxy (RaftServerProxy.java:addNew(89)) - db9a1ebc-bc0c-4bed-8f15-d50f9a658f38: addNew group-0AEA8C6DEAE4:[db9a1ebc-bc0c-4bed-8f15-d50f9a658f38:192.168.30.6:39349] returns group-0AEA8C6DEAE4:java.util.concurrent.CompletableFuture@2e33b8b2[Not completed]
2019-09-25 12:04:06,541 [pool-37-thread-1] INFO  impl.RaftServerImpl (RaftServerImpl.java:<init>(95)) - db9a1ebc-bc0c-4bed-8f15-d50f9a658f38: new RaftServerImpl for group-0AEA8C6DEAE4:[db9a1ebc-bc0c-4bed-8f15-d50f9a658f38:192.168.30.6:39349] with ContainerStateMachine:uninitialized
2019-09-25 12:04:06,541 [pool-37-thread-1] INFO  server.RaftServerConfigKeys (ConfUtils.java:logGet(43)) - raft.server.rpc.timeout.min = 5s (custom)
2019-09-25 12:04:06,541 [pool-37-thread-1] INFO  server.RaftServerConfigKeys (ConfUtils.java:logGet(43)) - raft.server.rpc.timeout.max = 5200ms (custom)
2019-09-25 12:04:06,541 [pool-37-thread-1] INFO  server.RaftServerConfigKeys (ConfUtils.java:logGet(43)) - raft.server.rpcslowness.timeout = 120s (custom)
2019-09-25 12:04:06,541 [pool-37-thread-1] INFO  server.RaftServerConfigKeys (ConfUtils.java:logGet(43)) - raft.server.sleep.deviation.threshold = 300 (default)
2019-09-25 12:04:06,541 [pool-37-thread-1] INFO  server.RaftServerConfigKeys (ConfUtils.java:logGet(43)) - raft.server.log.appender.install.snapshot.enabled = false (custom)
2019-09-25 12:04:06,542 [pool-37-thread-1] INFO  impl.RaftServerImpl (ServerState.java:<init>(103)) - db9a1ebc-bc0c-4bed-8f15-d50f9a658f38@group-0AEA8C6DEAE4: ConfigurationManager, init=-1: [db9a1ebc-bc0c-4bed-8f15-d50f9a658f38:192.168.30.6:39349], old=null, confs=<EMPTY_MAP>
2019-09-25 12:04:06,542 [pool-37-thread-1] INFO  server.RaftServerConfigKeys (ConfUtils.java:logGet(43)) - raft.server.storage.dir = [/workdir/hadoop-ozone/tools/target/test-dir/MiniOzoneClusterImpl-ed893a3b-0dc1-4b26-80b9-38249be7af87/datanode-1/data/ratis] (custom)
2019-09-25 12:04:06,542 [pool-37-thread-1] INFO  storage.RaftStorageDirectory (RaftStorageDirectory.java:analyzeStorage(246)) - The storage directory /workdir/hadoop-ozone/tools/target/test-dir/MiniOzoneClusterImpl-ed893a3b-0dc1-4b26-80b9-38249be7af87/datanode-1/data/ratis/04eb7c11-9316-486c-95a3-0aea8c6deae4 does not exist. Creating ...
2019-09-25 12:04:06,555 [pool-37-thread-1] INFO  storage.RaftStorageDirectory (RaftStorageDirectory.java:tryLock(328)) - Lock on /workdir/hadoop-ozone/tools/target/test-dir/MiniOzoneClusterImpl-ed893a3b-0dc1-4b26-80b9-38249be7af87/datanode-1/data/ratis/04eb7c11-9316-486c-95a3-0aea8c6deae4/in_use.lock acquired by nodename 13498@pr-hdds-1569-5gmkr-4255264070
2019-09-25 12:04:06,568 [pool-37-thread-1] INFO  storage.RaftStorage (RaftStorage.java:format(72)) - Storage directory /workdir/hadoop-ozone/tools/target/test-dir/MiniOzoneClusterImpl-ed893a3b-0dc1-4b26-80b9-38249be7af87/datanode-1/data/ratis/04eb7c11-9316-486c-95a3-0aea8c6deae4 has been successfully formatted.
2019-09-25 12:04:06,568 [pool-37-thread-1] INFO  ratis.ContainerStateMachine (ContainerStateMachine.java:loadSnapshot(230)) - group-0AEA8C6DEAE4: The snapshot info is null. Setting the last applied indexto:(t:0, i:~)
2019-09-25 12:04:06,568 [pool-37-thread-1] INFO  server.RaftServerConfigKeys (ConfUtils.java:logGet(43)) - raft.server.notification.no-leader.timeout = 120s (custom)
2019-09-25 12:04:06,568 [pool-37-thread-1] INFO  server.RaftServerConfigKeys (ConfUtils.java:logGet(43)) - raft.server.log.use.memory = false (default)
2019-09-25 12:04:06,568 [pool-37-thread-1] INFO  server.RaftServerConfigKeys (ConfUtils.java:logGet(43)) - raft.server.log.purge.gap = 1000000 (custom)
2019-09-25 12:04:06,569 [pool-37-thread-1] INFO  server.RaftServerConfigKeys (ConfUtils.java:logGet(43)) - raft.server.log.appender.buffer.byte-limit = 33554432 (custom)
2019-09-25 12:04:06,569 [pool-37-thread-1] INFO  server.RaftServerConfigKeys (ConfUtils.java:logGet(43)) - raft.server.log.segment.size.max = 1048576 (custom)
2019-09-25 12:04:06,569 [pool-37-thread-1] INFO  server.RaftServerConfigKeys (ConfUtils.java:logGet(43)) - raft.server.log.segment.cache.num.max = 2 (custom)
2019-09-25 12:04:06,569 [pool-37-thread-1] INFO  segmented.SegmentedRaftLogWorker (SegmentedRaftLogWorker.java:<init>(172)) - new db9a1ebc-bc0c-4bed-8f15-d50f9a658f38@group-0AEA8C6DEAE4-SegmentedRaftLogWorker for RaftStorage:Storage Directory /workdir/hadoop-ozone/tools/target/test-dir/MiniOzoneClusterImpl-ed893a3b-0dc1-4b26-80b9-38249be7af87/datanode-1/data/ratis/04eb7c11-9316-486c-95a3-0aea8c6deae4
2019-09-25 12:04:06,569 [pool-37-thread-1] INFO  server.RaftServerConfigKeys (ConfUtils.java:logGet(43)) - raft.server.log.queue.byte-limit = 2147483647 (custom)
2019-09-25 12:04:06,569 [pool-37-thread-1] INFO  server.RaftServerConfigKeys (ConfUtils.java:logGet(43)) - raft.server.log.queue.element-limit = 1024 (custom)
2019-09-25 12:04:06,570 [pool-37-thread-1] INFO  server.RaftServerConfigKeys (ConfUtils.java:logGet(43)) - raft.server.log.segment.size.max = 1048576 (custom)
2019-09-25 12:04:06,570 [pool-37-thread-1] INFO  server.RaftServerConfigKeys (ConfUtils.java:logGet(43)) - raft.server.log.preallocated.size = 16384 (custom)
2019-09-25 12:04:06,570 [pool-37-thread-1] INFO  server.RaftServerConfigKeys (ConfUtils.java:logGet(43)) - raft.server.log.write.buffer.size = 33554432 (custom)
2019-09-25 12:04:06,570 [pool-37-thread-1] INFO  server.RaftServerConfigKeys (ConfUtils.java:logGet(43)) - raft.server.log.force.sync.num = 128 (default)
2019-09-25 12:04:06,570 [pool-37-thread-1] INFO  server.RaftServerConfigKeys (ConfUtils.java:logGet(43)) - raft.server.log.statemachine.data.sync = true (default)
2019-09-25 12:04:06,570 [pool-37-thread-1] INFO  server.RaftServerConfigKeys (ConfUtils.java:logGet(43)) - raft.server.log.statemachine.data.sync.timeout = 10s (default)
2019-09-25 12:04:06,570 [pool-37-thread-1] INFO  server.RaftServerConfigKeys (ConfUtils.java:logGet(43)) - raft.server.log.statemachine.data.sync.timeout.retry = -1 (default)
2019-09-25 12:04:06,571 [pool-37-thread-1] INFO  server.RaftServerConfigKeys (ConfUtils.java:logGet(43)) - raft.server.log.statemachine.data.caching.enabled = true (custom)
2019-09-25 12:04:06,571 [pool-37-thread-1] INFO  segmented.SegmentedRaftLogWorker (SegmentedRaftLogWorker.java:lambda$new$0(132)) - db9a1ebc-bc0c-4bed-8f15-d50f9a658f38@group-0AEA8C6DEAE4-SegmentedRaftLogWorker: flushIndex: setUnconditionally 0 -> -1
2019-09-25 12:04:06,571 [pool-37-thread-1] INFO  server.RaftServerConfigKeys (ConfUtils.java:logGet(43)) - raft.server.snapshot.auto.trigger.enabled = true (custom)
2019-09-25 12:04:06,572 [pool-37-thread-1] INFO  server.RaftServerConfigKeys (ConfUtils.java:logGet(43)) - raft.server.snapshot.auto.trigger.threshold = 10000 (custom)
2019-09-25 12:04:06,572 [pool-37-thread-1] INFO  server.RaftServerConfigKeys (ConfUtils.java:logGet(43)) - raft.server.snapshot.retention.num.files = 5 (custom)
2019-09-25 12:04:06,572 [pool-37-thread-1] INFO  server.RaftServerConfigKeys (ConfUtils.java:logGet(43)) - raft.server.retrycache.expirytime = 600000ms (custom)
2019-09-25 12:04:06,575 [pool-37-thread-1] INFO  impl.RaftServerImpl (RaftServerImpl.java:start(185)) - db9a1ebc-bc0c-4bed-8f15-d50f9a658f38@group-0AEA8C6DEAE4: start as a follower, conf=-1: [db9a1ebc-bc0c-4bed-8f15-d50f9a658f38:192.168.30.6:39349], old=null
2019-09-25 12:04:06,575 [pool-37-thread-1] INFO  impl.RaftServerImpl (RaftServerImpl.java:setRole(174)) - db9a1ebc-bc0c-4bed-8f15-d50f9a658f38@group-0AEA8C6DEAE4: changes role from      null to FOLLOWER at term 0 for startAsFollower
2019-09-25 12:04:06,575 [pool-37-thread-1] INFO  impl.RoleInfo (RoleInfo.java:updateAndGet(143)) - db9a1ebc-bc0c-4bed-8f15-d50f9a658f38: start FollowerState
2019-09-25 12:04:06,576 [pool-37-thread-1] INFO  util.JmxRegister (JmxRegister.java:tryRegister(44)) - Successfully registered JMX Bean with object name Ratis:service=RaftServer,group=group-0AEA8C6DEAE4,id=db9a1ebc-bc0c-4bed-8f15-d50f9a658f38
2019-09-25 12:04:06,584 [RatisPipelineUtilsThread] INFO  pipeline.PipelineStateManager (PipelineStateManager.java:addPipeline(56)) - Created pipeline Pipeline[ Id: 04eb7c11-9316-486c-95a3-0aea8c6deae4, Nodes: db9a1ebc-bc0c-4bed-8f15-d50f9a658f38{ip: 192.168.30.6, host: pr-hdds-1569-5gmkr-4255264070, networkLocation: /default-rack, certSerialId: null}, Type:RATIS, Factor:ONE, State:OPEN]
2019-09-25 12:04:06,596 [grpc-default-executor-0] INFO  impl.RaftServerProxy (RaftServerProxy.java:addNew(89)) - db9a1ebc-bc0c-4bed-8f15-d50f9a658f38: addNew group-576CF85BA6DB:[db9a1ebc-bc0c-4bed-8f15-d50f9a658f38:192.168.30.6:39349] returns group-576CF85BA6DB:java.util.concurrent.CompletableFuture@519e5e74[Not completed]
2019-09-25 12:04:06,598 [pool-37-thread-1] INFO  impl.RaftServerImpl (RaftServerImpl.java:<init>(95)) - db9a1ebc-bc0c-4bed-8f15-d50f9a658f38: new RaftServerImpl for group-576CF85BA6DB:[db9a1ebc-bc0c-4bed-8f15-d50f9a658f38:192.168.30.6:39349] with ContainerStateMachine:uninitialized
2019-09-25 12:04:06,598 [pool-37-thread-1] INFO  server.RaftServerConfigKeys (ConfUtils.java:logGet(43)) - raft.server.rpc.timeout.min = 5s (custom)
2019-09-25 12:04:06,598 [pool-37-thread-1] INFO  server.RaftServerConfigKeys (ConfUtils.java:logGet(43)) - raft.server.rpc.timeout.max = 5200ms (custom)
2019-09-25 12:04:06,599 [pool-37-thread-1] INFO  server.RaftServerConfigKeys (ConfUtils.java:logGet(43)) - raft.server.rpcslowness.timeout = 120s (custom)
2019-09-25 12:04:06,599 [pool-37-thread-1] INFO  server.RaftServerConfigKeys (ConfUtils.java:logGet(43)) - raft.server.sleep.deviation.threshold = 300 (default)
2019-09-25 12:04:06,599 [pool-37-thread-1] INFO  server.RaftServerConfigKeys (ConfUtils.java:logGet(43)) - raft.server.log.appender.install.snapshot.enabled = false (custom)
2019-09-25 12:04:06,599 [pool-37-thread-1] INFO  impl.RaftServerImpl (ServerState.java:<init>(103)) - db9a1ebc-bc0c-4bed-8f15-d50f9a658f38@group-576CF85BA6DB: ConfigurationManager, init=-1: [db9a1ebc-bc0c-4bed-8f15-d50f9a658f38:192.168.30.6:39349], old=null, confs=<EMPTY_MAP>
2019-09-25 12:04:06,599 [pool-37-thread-1] INFO  server.RaftServerConfigKeys (ConfUtils.java:logGet(43)) - raft.server.storage.dir = [/workdir/hadoop-ozone/tools/target/test-dir/MiniOzoneClusterImpl-ed893a3b-0dc1-4b26-80b9-38249be7af87/datanode-1/data/ratis] (custom)
2019-09-25 12:04:06,600 [pool-37-thread-1] INFO  storage.RaftStorageDirectory (RaftStorageDirectory.java:analyzeStorage(246)) - The storage directory /workdir/hadoop-ozone/tools/target/test-dir/MiniOzoneClusterImpl-ed893a3b-0dc1-4b26-80b9-38249be7af87/datanode-1/data/ratis/9a8a2e95-d05d-45e7-a01e-576cf85ba6db does not exist. Creating ...
2019-09-25 12:04:06,612 [pool-37-thread-1] INFO  storage.RaftStorageDirectory (RaftStorageDirectory.java:tryLock(328)) - Lock on /workdir/hadoop-ozone/tools/target/test-dir/MiniOzoneClusterImpl-ed893a3b-0dc1-4b26-80b9-38249be7af87/datanode-1/data/ratis/9a8a2e95-d05d-45e7-a01e-576cf85ba6db/in_use.lock acquired by nodename 13498@pr-hdds-1569-5gmkr-4255264070
2019-09-25 12:04:06,627 [pool-37-thread-1] INFO  storage.RaftStorage (RaftStorage.java:format(72)) - Storage directory /workdir/hadoop-ozone/tools/target/test-dir/MiniOzoneClusterImpl-ed893a3b-0dc1-4b26-80b9-38249be7af87/datanode-1/data/ratis/9a8a2e95-d05d-45e7-a01e-576cf85ba6db has been successfully formatted.
2019-09-25 12:04:06,630 [pool-37-thread-1] INFO  ratis.ContainerStateMachine (ContainerStateMachine.java:loadSnapshot(230)) - group-576CF85BA6DB: The snapshot info is null. Setting the last applied indexto:(t:0, i:~)
2019-09-25 12:04:06,630 [pool-37-thread-1] INFO  server.RaftServerConfigKeys (ConfUtils.java:logGet(43)) - raft.server.notification.no-leader.timeout = 120s (custom)
2019-09-25 12:04:06,631 [pool-37-thread-1] INFO  server.RaftServerConfigKeys (ConfUtils.java:logGet(43)) - raft.server.log.use.memory = false (default)
2019-09-25 12:04:06,631 [pool-37-thread-1] INFO  server.RaftServerConfigKeys (ConfUtils.java:logGet(43)) - raft.server.log.purge.gap = 1000000 (custom)
2019-09-25 12:04:06,631 [pool-37-thread-1] INFO  server.RaftServerConfigKeys (ConfUtils.java:logGet(43)) - raft.server.log.appender.buffer.byte-limit = 33554432 (custom)
2019-09-25 12:04:06,631 [pool-37-thread-1] INFO  server.RaftServerConfigKeys (ConfUtils.java:logGet(43)) - raft.server.log.segment.size.max = 1048576 (custom)
2019-09-25 12:04:06,631 [pool-37-thread-1] INFO  server.RaftServerConfigKeys (ConfUtils.java:logGet(43)) - raft.server.log.segment.cache.num.max = 2 (custom)
2019-09-25 12:04:06,631 [pool-37-thread-1] INFO  segmented.SegmentedRaftLogWorker (SegmentedRaftLogWorker.java:<init>(172)) - new db9a1ebc-bc0c-4bed-8f15-d50f9a658f38@group-576CF85BA6DB-SegmentedRaftLogWorker for RaftStorage:Storage Directory /workdir/hadoop-ozone/tools/target/test-dir/MiniOzoneClusterImpl-ed893a3b-0dc1-4b26-80b9-38249be7af87/datanode-1/data/ratis/9a8a2e95-d05d-45e7-a01e-576cf85ba6db
2019-09-25 12:04:06,631 [pool-37-thread-1] INFO  server.RaftServerConfigKeys (ConfUtils.java:logGet(43)) - raft.server.log.queue.byte-limit = 2147483647 (custom)
2019-09-25 12:04:06,631 [pool-37-thread-1] INFO  server.RaftServerConfigKeys (ConfUtils.java:logGet(43)) - raft.server.log.queue.element-limit = 1024 (custom)
2019-09-25 12:04:06,631 [pool-37-thread-1] INFO  server.RaftServerConfigKeys (ConfUtils.java:logGet(43)) - raft.server.log.segment.size.max = 1048576 (custom)
2019-09-25 12:04:06,632 [pool-37-thread-1] INFO  server.RaftServerConfigKeys (ConfUtils.java:logGet(43)) - raft.server.log.preallocated.size = 16384 (custom)
2019-09-25 12:04:06,632 [pool-37-thread-1] INFO  server.RaftServerConfigKeys (ConfUtils.java:logGet(43)) - raft.server.log.write.buffer.size = 33554432 (custom)
2019-09-25 12:04:06,632 [pool-37-thread-1] INFO  server.RaftServerConfigKeys (ConfUtils.java:logGet(43)) - raft.server.log.force.sync.num = 128 (default)
2019-09-25 12:04:06,632 [pool-37-thread-1] INFO  server.RaftServerConfigKeys (ConfUtils.java:logGet(43)) - raft.server.log.statemachine.data.sync = true (default)
2019-09-25 12:04:06,632 [pool-37-thread-1] INFO  server.RaftServerConfigKeys (ConfUtils.java:logGet(43)) - raft.server.log.statemachine.data.sync.timeout = 10s (default)
2019-09-25 12:04:06,632 [pool-37-thread-1] INFO  server.RaftServerConfigKeys (ConfUtils.java:logGet(43)) - raft.server.log.statemachine.data.sync.timeout.retry = -1 (default)
2019-09-25 12:04:06,632 [pool-37-thread-1] INFO  server.RaftServerConfigKeys (ConfUtils.java:logGet(43)) - raft.server.log.statemachine.data.caching.enabled = true (custom)
2019-09-25 12:04:06,632 [pool-37-thread-1] INFO  segmented.SegmentedRaftLogWorker (SegmentedRaftLogWorker.java:lambda$new$0(132)) - db9a1ebc-bc0c-4bed-8f15-d50f9a658f38@group-576CF85BA6DB-SegmentedRaftLogWorker: flushIndex: setUnconditionally 0 -> -1
2019-09-25 12:04:06,633 [pool-37-thread-1] INFO  server.RaftServerConfigKeys (ConfUtils.java:logGet(43)) - raft.server.snapshot.auto.trigger.enabled = true (custom)
2019-09-25 12:04:06,633 [pool-37-thread-1] INFO  server.RaftServerConfigKeys (ConfUtils.java:logGet(43)) - raft.server.snapshot.auto.trigger.threshold = 10000 (custom)
2019-09-25 12:04:06,633 [pool-37-thread-1] INFO  server.RaftServerConfigKeys (ConfUtils.java:logGet(43)) - raft.server.snapshot.retention.num.files = 5 (custom)
2019-09-25 12:04:06,633 [pool-37-thread-1] INFO  server.RaftServerConfigKeys (ConfUtils.java:logGet(43)) - raft.server.retrycache.expirytime = 600000ms (custom)
2019-09-25 12:04:06,635 [pool-37-thread-1] INFO  impl.RaftServerImpl (RaftServerImpl.java:start(185)) - db9a1ebc-bc0c-4bed-8f15-d50f9a658f38@group-576CF85BA6DB: start as a follower, conf=-1: [db9a1ebc-bc0c-4bed-8f15-d50f9a658f38:192.168.30.6:39349], old=null
2019-09-25 12:04:06,635 [pool-37-thread-1] INFO  impl.RaftServerImpl (RaftServerImpl.java:setRole(174)) - db9a1ebc-bc0c-4bed-8f15-d50f9a658f38@group-576CF85BA6DB: changes role from      null to FOLLOWER at term 0 for startAsFollower
2019-09-25 12:04:06,635 [pool-37-thread-1] INFO  impl.RoleInfo (RoleInfo.java:updateAndGet(143)) - db9a1ebc-bc0c-4bed-8f15-d50f9a658f38: start FollowerState
2019-09-25 12:04:06,636 [pool-37-thread-1] INFO  util.JmxRegister (JmxRegister.java:tryRegister(44)) - Successfully registered JMX Bean with object name Ratis:service=RaftServer,group=group-576CF85BA6DB,id=db9a1ebc-bc0c-4bed-8f15-d50f9a658f38
2019-09-25 12:04:06,645 [RatisPipelineUtilsThread] INFO  pipeline.PipelineStateManager (PipelineStateManager.java:addPipeline(56)) - Created pipeline Pipeline[ Id: 9a8a2e95-d05d-45e7-a01e-576cf85ba6db, Nodes: db9a1ebc-bc0c-4bed-8f15-d50f9a658f38{ip: 192.168.30.6, host: pr-hdds-1569-5gmkr-4255264070, networkLocation: /default-rack, certSerialId: null}, Type:RATIS, Factor:ONE, State:OPEN]
2019-09-25 12:04:06,660 [grpc-default-executor-0] INFO  impl.RaftServerProxy (RaftServerProxy.java:addNew(89)) - 24c3890a-3f13-4340-8313-f577cdc100b6: addNew group-D367A7914CE5:[24c3890a-3f13-4340-8313-f577cdc100b6:192.168.30.6:35545] returns group-D367A7914CE5:java.util.concurrent.CompletableFuture@276615ce[Not completed]
2019-09-25 12:04:06,661 [pool-57-thread-1] INFO  impl.RaftServerImpl (RaftServerImpl.java:<init>(95)) - 24c3890a-3f13-4340-8313-f577cdc100b6: new RaftServerImpl for group-D367A7914CE5:[24c3890a-3f13-4340-8313-f577cdc100b6:192.168.30.6:35545] with ContainerStateMachine:uninitialized
2019-09-25 12:04:06,662 [pool-57-thread-1] INFO  server.RaftServerConfigKeys (ConfUtils.java:logGet(43)) - raft.server.rpc.timeout.min = 5s (custom)
2019-09-25 12:04:06,662 [pool-57-thread-1] INFO  server.RaftServerConfigKeys (ConfUtils.java:logGet(43)) - raft.server.rpc.timeout.max = 5200ms (custom)
2019-09-25 12:04:06,662 [pool-57-thread-1] INFO  server.RaftServerConfigKeys (ConfUtils.java:logGet(43)) - raft.server.rpcslowness.timeout = 120s (custom)
2019-09-25 12:04:06,662 [pool-57-thread-1] INFO  server.RaftServerConfigKeys (ConfUtils.java:logGet(43)) - raft.server.sleep.deviation.threshold = 300 (default)
2019-09-25 12:04:06,662 [pool-57-thread-1] INFO  server.RaftServerConfigKeys (ConfUtils.java:logGet(43)) - raft.server.log.appender.install.snapshot.enabled = false (custom)
2019-09-25 12:04:06,662 [pool-57-thread-1] INFO  impl.RaftServerImpl (ServerState.java:<init>(103)) - 24c3890a-3f13-4340-8313-f577cdc100b6@group-D367A7914CE5: ConfigurationManager, init=-1: [24c3890a-3f13-4340-8313-f577cdc100b6:192.168.30.6:35545], old=null, confs=<EMPTY_MAP>
2019-09-25 12:04:06,662 [pool-57-thread-1] INFO  server.RaftServerConfigKeys (ConfUtils.java:logGet(43)) - raft.server.storage.dir = [/workdir/hadoop-ozone/tools/target/test-dir/MiniOzoneClusterImpl-ed893a3b-0dc1-4b26-80b9-38249be7af87/datanode-3/data/ratis] (custom)
2019-09-25 12:04:06,663 [pool-57-thread-1] INFO  storage.RaftStorageDirectory (RaftStorageDirectory.java:analyzeStorage(246)) - The storage directory /workdir/hadoop-ozone/tools/target/test-dir/MiniOzoneClusterImpl-ed893a3b-0dc1-4b26-80b9-38249be7af87/datanode-3/data/ratis/6c58681d-075a-43d2-bcf5-d367a7914ce5 does not exist. Creating ...
2019-09-25 12:04:06,675 [pool-57-thread-1] INFO  storage.RaftStorageDirectory (RaftStorageDirectory.java:tryLock(328)) - Lock on /workdir/hadoop-ozone/tools/target/test-dir/MiniOzoneClusterImpl-ed893a3b-0dc1-4b26-80b9-38249be7af87/datanode-3/data/ratis/6c58681d-075a-43d2-bcf5-d367a7914ce5/in_use.lock acquired by nodename 13498@pr-hdds-1569-5gmkr-4255264070
2019-09-25 12:04:06,688 [pool-57-thread-1] INFO  storage.RaftStorage (RaftStorage.java:format(72)) - Storage directory /workdir/hadoop-ozone/tools/target/test-dir/MiniOzoneClusterImpl-ed893a3b-0dc1-4b26-80b9-38249be7af87/datanode-3/data/ratis/6c58681d-075a-43d2-bcf5-d367a7914ce5 has been successfully formatted.
2019-09-25 12:04:06,688 [pool-57-thread-1] INFO  ratis.ContainerStateMachine (ContainerStateMachine.java:loadSnapshot(230)) - group-D367A7914CE5: The snapshot info is null. Setting the last applied indexto:(t:0, i:~)
2019-09-25 12:04:06,689 [pool-57-thread-1] INFO  server.RaftServerConfigKeys (ConfUtils.java:logGet(43)) - raft.server.notification.no-leader.timeout = 120s (custom)
2019-09-25 12:04:06,689 [pool-57-thread-1] INFO  server.RaftServerConfigKeys (ConfUtils.java:logGet(43)) - raft.server.log.use.memory = false (default)
2019-09-25 12:04:06,689 [pool-57-thread-1] INFO  server.RaftServerConfigKeys (ConfUtils.java:logGet(43)) - raft.server.log.purge.gap = 1000000 (custom)
2019-09-25 12:04:06,689 [pool-57-thread-1] INFO  server.RaftServerConfigKeys (ConfUtils.java:logGet(43)) - raft.server.log.appender.buffer.byte-limit = 33554432 (custom)
2019-09-25 12:04:06,689 [pool-57-thread-1] INFO  server.RaftServerConfigKeys (ConfUtils.java:logGet(43)) - raft.server.log.segment.size.max = 1048576 (custom)
2019-09-25 12:04:06,689 [pool-57-thread-1] INFO  server.RaftServerConfigKeys (ConfUtils.java:logGet(43)) - raft.server.log.segment.cache.num.max = 2 (custom)
2019-09-25 12:04:06,690 [pool-57-thread-1] INFO  segmented.SegmentedRaftLogWorker (SegmentedRaftLogWorker.java:<init>(172)) - new 24c3890a-3f13-4340-8313-f577cdc100b6@group-D367A7914CE5-SegmentedRaftLogWorker for RaftStorage:Storage Directory /workdir/hadoop-ozone/tools/target/test-dir/MiniOzoneClusterImpl-ed893a3b-0dc1-4b26-80b9-38249be7af87/datanode-3/data/ratis/6c58681d-075a-43d2-bcf5-d367a7914ce5
2019-09-25 12:04:06,690 [pool-57-thread-1] INFO  server.RaftServerConfigKeys (ConfUtils.java:logGet(43)) - raft.server.log.queue.byte-limit = 2147483647 (custom)
2019-09-25 12:04:06,690 [pool-57-thread-1] INFO  server.RaftServerConfigKeys (ConfUtils.java:logGet(43)) - raft.server.log.queue.element-limit = 1024 (custom)
2019-09-25 12:04:06,690 [pool-57-thread-1] INFO  server.RaftServerConfigKeys (ConfUtils.java:logGet(43)) - raft.server.log.segment.size.max = 1048576 (custom)
2019-09-25 12:04:06,690 [pool-57-thread-1] INFO  server.RaftServerConfigKeys (ConfUtils.java:logGet(43)) - raft.server.log.preallocated.size = 16384 (custom)
2019-09-25 12:04:06,690 [pool-57-thread-1] INFO  server.RaftServerConfigKeys (ConfUtils.java:logGet(43)) - raft.server.log.write.buffer.size = 33554432 (custom)
2019-09-25 12:04:06,690 [pool-57-thread-1] INFO  server.RaftServerConfigKeys (ConfUtils.java:logGet(43)) - raft.server.log.force.sync.num = 128 (default)
2019-09-25 12:04:06,690 [pool-57-thread-1] INFO  server.RaftServerConfigKeys (ConfUtils.java:logGet(43)) - raft.server.log.statemachine.data.sync = true (default)
2019-09-25 12:04:06,691 [pool-57-thread-1] INFO  server.RaftServerConfigKeys (ConfUtils.java:logGet(43)) - raft.server.log.statemachine.data.sync.timeout = 10s (default)
2019-09-25 12:04:06,691 [pool-57-thread-1] INFO  server.RaftServerConfigKeys (ConfUtils.java:logGet(43)) - raft.server.log.statemachine.data.sync.timeout.retry = -1 (default)
2019-09-25 12:04:06,691 [pool-57-thread-1] INFO  server.RaftServerConfigKeys (ConfUtils.java:logGet(43)) - raft.server.log.statemachine.data.caching.enabled = true (custom)
2019-09-25 12:04:06,691 [pool-57-thread-1] INFO  segmented.SegmentedRaftLogWorker (SegmentedRaftLogWorker.java:lambda$new$0(132)) - 24c3890a-3f13-4340-8313-f577cdc100b6@group-D367A7914CE5-SegmentedRaftLogWorker: flushIndex: setUnconditionally 0 -> -1
2019-09-25 12:04:06,692 [pool-57-thread-1] INFO  server.RaftServerConfigKeys (ConfUtils.java:logGet(43)) - raft.server.snapshot.auto.trigger.enabled = true (custom)
2019-09-25 12:04:06,692 [pool-57-thread-1] INFO  server.RaftServerConfigKeys (ConfUtils.java:logGet(43)) - raft.server.snapshot.auto.trigger.threshold = 10000 (custom)
2019-09-25 12:04:06,692 [pool-57-thread-1] INFO  server.RaftServerConfigKeys (ConfUtils.java:logGet(43)) - raft.server.snapshot.retention.num.files = 5 (custom)
2019-09-25 12:04:06,692 [pool-57-thread-1] INFO  server.RaftServerConfigKeys (ConfUtils.java:logGet(43)) - raft.server.retrycache.expirytime = 600000ms (custom)
2019-09-25 12:04:06,696 [pool-57-thread-1] INFO  impl.RaftServerImpl (RaftServerImpl.java:start(185)) - 24c3890a-3f13-4340-8313-f577cdc100b6@group-D367A7914CE5: start as a follower, conf=-1: [24c3890a-3f13-4340-8313-f577cdc100b6:192.168.30.6:35545], old=null
2019-09-25 12:04:06,696 [pool-57-thread-1] INFO  impl.RaftServerImpl (RaftServerImpl.java:setRole(174)) - 24c3890a-3f13-4340-8313-f577cdc100b6@group-D367A7914CE5: changes role from      null to FOLLOWER at term 0 for startAsFollower
2019-09-25 12:04:06,696 [pool-57-thread-1] INFO  impl.RoleInfo (RoleInfo.java:updateAndGet(143)) - 24c3890a-3f13-4340-8313-f577cdc100b6: start FollowerState
2019-09-25 12:04:06,696 [pool-57-thread-1] INFO  util.JmxRegister (JmxRegister.java:tryRegister(44)) - Successfully registered JMX Bean with object name Ratis:service=RaftServer,group=group-D367A7914CE5,id=24c3890a-3f13-4340-8313-f577cdc100b6
2019-09-25 12:04:06,702 [RatisPipelineUtilsThread] INFO  pipeline.PipelineStateManager (PipelineStateManager.java:addPipeline(56)) - Created pipeline Pipeline[ Id: 6c58681d-075a-43d2-bcf5-d367a7914ce5, Nodes: 24c3890a-3f13-4340-8313-f577cdc100b6{ip: 192.168.30.6, host: pr-hdds-1569-5gmkr-4255264070, networkLocation: /default-rack, certSerialId: null}, Type:RATIS, Factor:ONE, State:OPEN]
2019-09-25 12:04:06,702 [main] INFO  freon.RandomKeyGenerator (RandomKeyGenerator.java:call(283)) - Number of Threads: 10
2019-09-25 12:04:06,703 [main] INFO  freon.RandomKeyGenerator (RandomKeyGenerator.java:call(288)) - Number of Volumes: 1.
2019-09-25 12:04:06,703 [main] INFO  freon.RandomKeyGenerator (RandomKeyGenerator.java:call(289)) - Number of Buckets per Volume: 1.
2019-09-25 12:04:06,703 [main] INFO  freon.RandomKeyGenerator (RandomKeyGenerator.java:call(290)) - Number of Keys per Bucket: 1.
2019-09-25 12:04:06,703 [main] INFO  freon.RandomKeyGenerator (RandomKeyGenerator.java:call(291)) - Key size: 20971520 bytes
2019-09-25 12:04:06,703 [main] INFO  freon.RandomKeyGenerator (RandomKeyGenerator.java:call(292)) - Buffer size: 4096 bytes
2019-09-25 12:04:06,703 [main] INFO  freon.RandomKeyGenerator (RandomKeyGenerator.java:call(293)) - validateWrites : false
2019-09-25 12:04:06,710 [main] INFO  freon.RandomKeyGenerator (RandomKeyGenerator.java:call(313)) - Starting progress bar Thread.

 0.00% |█                                                                                                    |  0/1 Time: 0:00:002019-09-25 12:04:06,714 [grpc-default-executor-0] INFO  impl.RaftServerProxy (RaftServerProxy.java:addNew(89)) - bdcb6c3e-8893-4e8a-90a8-eb631ad0e985: addNew group-3AD8774FB5FF:[bdcb6c3e-8893-4e8a-90a8-eb631ad0e985:192.168.30.6:46114] returns group-3AD8774FB5FF:java.util.concurrent.CompletableFuture@40509ff9[Not completed]
2019-09-25 12:04:06,717 [pool-27-thread-1] INFO  impl.RaftServerImpl (RaftServerImpl.java:<init>(95)) - bdcb6c3e-8893-4e8a-90a8-eb631ad0e985: new RaftServerImpl for group-3AD8774FB5FF:[bdcb6c3e-8893-4e8a-90a8-eb631ad0e985:192.168.30.6:46114] with ContainerStateMachine:uninitialized
2019-09-25 12:04:06,717 [pool-27-thread-1] INFO  server.RaftServerConfigKeys (ConfUtils.java:logGet(43)) - raft.server.rpc.timeout.min = 5s (custom)
2019-09-25 12:04:06,717 [pool-27-thread-1] INFO  server.RaftServerConfigKeys (ConfUtils.java:logGet(43)) - raft.server.rpc.timeout.max = 5200ms (custom)
2019-09-25 12:04:06,717 [pool-27-thread-1] INFO  server.RaftServerConfigKeys (ConfUtils.java:logGet(43)) - raft.server.rpcslowness.timeout = 120s (custom)
2019-09-25 12:04:06,718 [pool-27-thread-1] INFO  server.RaftServerConfigKeys (ConfUtils.java:logGet(43)) - raft.server.sleep.deviation.threshold = 300 (default)
2019-09-25 12:04:06,718 [pool-27-thread-1] INFO  server.RaftServerConfigKeys (ConfUtils.java:logGet(43)) - raft.server.log.appender.install.snapshot.enabled = false (custom)
2019-09-25 12:04:06,718 [pool-27-thread-1] INFO  impl.RaftServerImpl (ServerState.java:<init>(103)) - bdcb6c3e-8893-4e8a-90a8-eb631ad0e985@group-3AD8774FB5FF: ConfigurationManager, init=-1: [bdcb6c3e-8893-4e8a-90a8-eb631ad0e985:192.168.30.6:46114], old=null, confs=<EMPTY_MAP>
2019-09-25 12:04:06,718 [pool-27-thread-1] INFO  server.RaftServerConfigKeys (ConfUtils.java:logGet(43)) - raft.server.storage.dir = [/workdir/hadoop-ozone/tools/target/test-dir/MiniOzoneClusterImpl-ed893a3b-0dc1-4b26-80b9-38249be7af87/datanode-0/data/ratis] (custom)
2019-09-25 12:04:06,719 [pool-27-thread-1] INFO  storage.RaftStorageDirectory (RaftStorageDirectory.java:analyzeStorage(246)) - The storage directory /workdir/hadoop-ozone/tools/target/test-dir/MiniOzoneClusterImpl-ed893a3b-0dc1-4b26-80b9-38249be7af87/datanode-0/data/ratis/a1df4a32-0787-404a-a2c4-3ad8774fb5ff does not exist. Creating ...
2019-09-25 12:04:06,732 [pool-27-thread-1] INFO  storage.RaftStorageDirectory (RaftStorageDirectory.java:tryLock(328)) - Lock on /workdir/hadoop-ozone/tools/target/test-dir/MiniOzoneClusterImpl-ed893a3b-0dc1-4b26-80b9-38249be7af87/datanode-0/data/ratis/a1df4a32-0787-404a-a2c4-3ad8774fb5ff/in_use.lock acquired by nodename 13498@pr-hdds-1569-5gmkr-4255264070
2019-09-25 12:04:06,735 [pool-27-thread-1] INFO  storage.RaftStorage (RaftStorage.java:format(72)) - Storage directory /workdir/hadoop-ozone/tools/target/test-dir/MiniOzoneClusterImpl-ed893a3b-0dc1-4b26-80b9-38249be7af87/datanode-0/data/ratis/a1df4a32-0787-404a-a2c4-3ad8774fb5ff has been successfully formatted.
2019-09-25 12:04:06,735 [pool-27-thread-1] INFO  ratis.ContainerStateMachine (ContainerStateMachine.java:loadSnapshot(230)) - group-3AD8774FB5FF: The snapshot info is null. Setting the last applied indexto:(t:0, i:~)
2019-09-25 12:04:06,736 [pool-27-thread-1] INFO  server.RaftServerConfigKeys (ConfUtils.java:logGet(43)) - raft.server.notification.no-leader.timeout = 120s (custom)
2019-09-25 12:04:06,736 [pool-27-thread-1] INFO  server.RaftServerConfigKeys (ConfUtils.java:logGet(43)) - raft.server.log.use.memory = false (default)
2019-09-25 12:04:06,736 [pool-27-thread-1] INFO  server.RaftServerConfigKeys (ConfUtils.java:logGet(43)) - raft.server.log.purge.gap = 1000000 (custom)
2019-09-25 12:04:06,736 [pool-27-thread-1] INFO  server.RaftServerConfigKeys (ConfUtils.java:logGet(43)) - raft.server.log.appender.buffer.byte-limit = 33554432 (custom)
2019-09-25 12:04:06,736 [pool-27-thread-1] INFO  server.RaftServerConfigKeys (ConfUtils.java:logGet(43)) - raft.server.log.segment.size.max = 1048576 (custom)
2019-09-25 12:04:06,736 [pool-27-thread-1] INFO  server.RaftServerConfigKeys (ConfUtils.java:logGet(43)) - raft.server.log.segment.cache.num.max = 2 (custom)
2019-09-25 12:04:06,737 [pool-27-thread-1] INFO  segmented.SegmentedRaftLogWorker (SegmentedRaftLogWorker.java:<init>(172)) - new bdcb6c3e-8893-4e8a-90a8-eb631ad0e985@group-3AD8774FB5FF-SegmentedRaftLogWorker for RaftStorage:Storage Directory /workdir/hadoop-ozone/tools/target/test-dir/MiniOzoneClusterImpl-ed893a3b-0dc1-4b26-80b9-38249be7af87/datanode-0/data/ratis/a1df4a32-0787-404a-a2c4-3ad8774fb5ff
2019-09-25 12:04:06,737 [pool-27-thread-1] INFO  server.RaftServerConfigKeys (ConfUtils.java:logGet(43)) - raft.server.log.queue.byte-limit = 2147483647 (custom)
2019-09-25 12:04:06,737 [pool-27-thread-1] INFO  server.RaftServerConfigKeys (ConfUtils.java:logGet(43)) - raft.server.log.queue.element-limit = 1024 (custom)
2019-09-25 12:04:06,737 [pool-27-thread-1] INFO  server.RaftServerConfigKeys (ConfUtils.java:logGet(43)) - raft.server.log.segment.size.max = 1048576 (custom)
2019-09-25 12:04:06,737 [pool-27-thread-1] INFO  server.RaftServerConfigKeys (ConfUtils.java:logGet(43)) - raft.server.log.preallocated.size = 16384 (custom)
2019-09-25 12:04:06,737 [pool-27-thread-1] INFO  server.RaftServerConfigKeys (ConfUtils.java:logGet(43)) - raft.server.log.write.buffer.size = 33554432 (custom)
2019-09-25 12:04:06,737 [pool-27-thread-1] INFO  server.RaftServerConfigKeys (ConfUtils.java:logGet(43)) - raft.server.log.force.sync.num = 128 (default)
2019-09-25 12:04:06,738 [pool-27-thread-1] INFO  server.RaftServerConfigKeys (ConfUtils.java:logGet(43)) - raft.server.log.statemachine.data.sync = true (default)
2019-09-25 12:04:06,738 [pool-27-thread-1] INFO  server.RaftServerConfigKeys (ConfUtils.java:logGet(43)) - raft.server.log.statemachine.data.sync.timeout = 10s (default)
2019-09-25 12:04:06,738 [pool-27-thread-1] INFO  server.RaftServerConfigKeys (ConfUtils.java:logGet(43)) - raft.server.log.statemachine.data.sync.timeout.retry = -1 (default)
2019-09-25 12:04:06,738 [pool-27-thread-1] INFO  server.RaftServerConfigKeys (ConfUtils.java:logGet(43)) - raft.server.log.statemachine.data.caching.enabled = true (custom)
2019-09-25 12:04:06,739 [pool-27-thread-1] INFO  segmented.SegmentedRaftLogWorker (SegmentedRaftLogWorker.java:lambda$new$0(132)) - bdcb6c3e-8893-4e8a-90a8-eb631ad0e985@group-3AD8774FB5FF-SegmentedRaftLogWorker: flushIndex: setUnconditionally 0 -> -1
2019-09-25 12:04:06,739 [pool-73-thread-1] INFO  rpc.RpcClient (RpcClient.java:createVolume(276)) - Creating Volume: vol-0-69094, with jenkins1000 as owner.
2019-09-25 12:04:06,741 [pool-27-thread-1] INFO  server.RaftServerConfigKeys (ConfUtils.java:logGet(43)) - raft.server.snapshot.auto.trigger.enabled = true (custom)
2019-09-25 12:04:06,741 [pool-27-thread-1] INFO  server.RaftServerConfigKeys (ConfUtils.java:logGet(43)) - raft.server.snapshot.auto.trigger.threshold = 10000 (custom)
2019-09-25 12:04:06,742 [pool-27-thread-1] INFO  server.RaftServerConfigKeys (ConfUtils.java:logGet(43)) - raft.server.snapshot.retention.num.files = 5 (custom)
2019-09-25 12:04:06,742 [pool-27-thread-1] INFO  server.RaftServerConfigKeys (ConfUtils.java:logGet(43)) - raft.server.retrycache.expirytime = 600000ms (custom)
2019-09-25 12:04:06,744 [pool-27-thread-1] INFO  impl.RaftServerImpl (RaftServerImpl.java:start(185)) - bdcb6c3e-8893-4e8a-90a8-eb631ad0e985@group-3AD8774FB5FF: start as a follower, conf=-1: [bdcb6c3e-8893-4e8a-90a8-eb631ad0e985:192.168.30.6:46114], old=null
2019-09-25 12:04:06,744 [pool-27-thread-1] INFO  impl.RaftServerImpl (RaftServerImpl.java:setRole(174)) - bdcb6c3e-8893-4e8a-90a8-eb631ad0e985@group-3AD8774FB5FF: changes role from      null to FOLLOWER at term 0 for startAsFollower
2019-09-25 12:04:06,745 [pool-27-thread-1] INFO  impl.RoleInfo (RoleInfo.java:updateAndGet(143)) - bdcb6c3e-8893-4e8a-90a8-eb631ad0e985: start FollowerState
2019-09-25 12:04:06,745 [pool-27-thread-1] INFO  util.JmxRegister (JmxRegister.java:tryRegister(44)) - Successfully registered JMX Bean with object name Ratis:service=RaftServer,group=group-3AD8774FB5FF,id=bdcb6c3e-8893-4e8a-90a8-eb631ad0e985
2019-09-25 12:04:06,752 [RatisPipelineUtilsThread] INFO  pipeline.PipelineStateManager (PipelineStateManager.java:addPipeline(56)) - Created pipeline Pipeline[ Id: a1df4a32-0787-404a-a2c4-3ad8774fb5ff, Nodes: bdcb6c3e-8893-4e8a-90a8-eb631ad0e985{ip: 192.168.30.6, host: pr-hdds-1569-5gmkr-4255264070, networkLocation: /default-rack, certSerialId: null}, Type:RATIS, Factor:ONE, State:OPEN]
2019-09-25 12:04:06,752 [RatisPipelineUtilsThread] INFO  pipeline.PipelinePlacementPolicy (PipelinePlacementPolicy.java:meetCriteria(91)) - Pipeline Placement: can't place more pipeline on heavy datanode： bdcb6c3e-8893-4e8a-90a8-eb631ad0e985 Heaviness: 6 limit: 5
2019-09-25 12:04:06,764 [grpc-default-executor-0] INFO  impl.RaftServerProxy (RaftServerProxy.java:addNew(89)) - 26ee0107-1f2c-48c6-b68f-fb73f18a1c69: addNew group-49C9A7797B9B:[26ee0107-1f2c-48c6-b68f-fb73f18a1c69:192.168.30.6:45618] returns group-49C9A7797B9B:java.util.concurrent.CompletableFuture@172bd68d[Not completed]
2019-09-25 12:04:06,765 [pool-47-thread-1] INFO  impl.RaftServerImpl (RaftServerImpl.java:<init>(95)) - 26ee0107-1f2c-48c6-b68f-fb73f18a1c69: new RaftServerImpl for group-49C9A7797B9B:[26ee0107-1f2c-48c6-b68f-fb73f18a1c69:192.168.30.6:45618] with ContainerStateMachine:uninitialized
2019-09-25 12:04:06,766 [pool-47-thread-1] INFO  server.RaftServerConfigKeys (ConfUtils.java:logGet(43)) - raft.server.rpc.timeout.min = 5s (custom)
2019-09-25 12:04:06,766 [pool-47-thread-1] INFO  server.RaftServerConfigKeys (ConfUtils.java:logGet(43)) - raft.server.rpc.timeout.max = 5200ms (custom)
2019-09-25 12:04:06,766 [pool-47-thread-1] INFO  server.RaftServerConfigKeys (ConfUtils.java:logGet(43)) - raft.server.rpcslowness.timeout = 120s (custom)
2019-09-25 12:04:06,766 [pool-47-thread-1] INFO  server.RaftServerConfigKeys (ConfUtils.java:logGet(43)) - raft.server.sleep.deviation.threshold = 300 (default)
2019-09-25 12:04:06,766 [pool-47-thread-1] INFO  server.RaftServerConfigKeys (ConfUtils.java:logGet(43)) - raft.server.log.appender.install.snapshot.enabled = false (custom)
2019-09-25 12:04:06,766 [pool-47-thread-1] INFO  impl.RaftServerImpl (ServerState.java:<init>(103)) - 26ee0107-1f2c-48c6-b68f-fb73f18a1c69@group-49C9A7797B9B: ConfigurationManager, init=-1: [26ee0107-1f2c-48c6-b68f-fb73f18a1c69:192.168.30.6:45618], old=null, confs=<EMPTY_MAP>
2019-09-25 12:04:06,767 [pool-47-thread-1] INFO  server.RaftServerConfigKeys (ConfUtils.java:logGet(43)) - raft.server.storage.dir = [/workdir/hadoop-ozone/tools/target/test-dir/MiniOzoneClusterImpl-ed893a3b-0dc1-4b26-80b9-38249be7af87/datanode-2/data/ratis] (custom)
2019-09-25 12:04:06,767 [pool-47-thread-1] INFO  storage.RaftStorageDirectory (RaftStorageDirectory.java:analyzeStorage(246)) - The storage directory /workdir/hadoop-ozone/tools/target/test-dir/MiniOzoneClusterImpl-ed893a3b-0dc1-4b26-80b9-38249be7af87/datanode-2/data/ratis/d89b5de1-b269-4489-bce1-49c9a7797b9b does not exist. Creating ...
2019-09-25 12:04:06,780 [pool-47-thread-1] INFO  storage.RaftStorageDirectory (RaftStorageDirectory.java:tryLock(328)) - Lock on /workdir/hadoop-ozone/tools/target/test-dir/MiniOzoneClusterImpl-ed893a3b-0dc1-4b26-80b9-38249be7af87/datanode-2/data/ratis/d89b5de1-b269-4489-bce1-49c9a7797b9b/in_use.lock acquired by nodename 13498@pr-hdds-1569-5gmkr-4255264070
2019-09-25 12:04:06,794 [pool-47-thread-1] INFO  storage.RaftStorage (RaftStorage.java:format(72)) - Storage directory /workdir/hadoop-ozone/tools/target/test-dir/MiniOzoneClusterImpl-ed893a3b-0dc1-4b26-80b9-38249be7af87/datanode-2/data/ratis/d89b5de1-b269-4489-bce1-49c9a7797b9b has been successfully formatted.
2019-09-25 12:04:06,794 [pool-47-thread-1] INFO  ratis.ContainerStateMachine (ContainerStateMachine.java:loadSnapshot(230)) - group-49C9A7797B9B: The snapshot info is null. Setting the last applied indexto:(t:0, i:~)
2019-09-25 12:04:06,794 [pool-47-thread-1] INFO  server.RaftServerConfigKeys (ConfUtils.java:logGet(43)) - raft.server.notification.no-leader.timeout = 120s (custom)
2019-09-25 12:04:06,794 [pool-47-thread-1] INFO  server.RaftServerConfigKeys (ConfUtils.java:logGet(43)) - raft.server.log.use.memory = false (default)
2019-09-25 12:04:06,795 [pool-47-thread-1] INFO  server.RaftServerConfigKeys (ConfUtils.java:logGet(43)) - raft.server.log.purge.gap = 1000000 (custom)
2019-09-25 12:04:06,795 [pool-47-thread-1] INFO  server.RaftServerConfigKeys (ConfUtils.java:logGet(43)) - raft.server.log.appender.buffer.byte-limit = 33554432 (custom)
2019-09-25 12:04:06,795 [pool-47-thread-1] INFO  server.RaftServerConfigKeys (ConfUtils.java:logGet(43)) - raft.server.log.segment.size.max = 1048576 (custom)
2019-09-25 12:04:06,795 [pool-47-thread-1] INFO  server.RaftServerConfigKeys (ConfUtils.java:logGet(43)) - raft.server.log.segment.cache.num.max = 2 (custom)
2019-09-25 12:04:06,795 [pool-47-thread-1] INFO  segmented.SegmentedRaftLogWorker (SegmentedRaftLogWorker.java:<init>(172)) - new 26ee0107-1f2c-48c6-b68f-fb73f18a1c69@group-49C9A7797B9B-SegmentedRaftLogWorker for RaftStorage:Storage Directory /workdir/hadoop-ozone/tools/target/test-dir/MiniOzoneClusterImpl-ed893a3b-0dc1-4b26-80b9-38249be7af87/datanode-2/data/ratis/d89b5de1-b269-4489-bce1-49c9a7797b9b
2019-09-25 12:04:06,795 [pool-47-thread-1] INFO  server.RaftServerConfigKeys (ConfUtils.java:logGet(43)) - raft.server.log.queue.byte-limit = 2147483647 (custom)
2019-09-25 12:04:06,795 [pool-47-thread-1] INFO  server.RaftServerConfigKeys (ConfUtils.java:logGet(43)) - raft.server.log.queue.element-limit = 1024 (custom)
2019-09-25 12:04:06,796 [pool-47-thread-1] INFO  server.RaftServerConfigKeys (ConfUtils.java:logGet(43)) - raft.server.log.segment.size.max = 1048576 (custom)
2019-09-25 12:04:06,796 [pool-47-thread-1] INFO  server.RaftServerConfigKeys (ConfUtils.java:logGet(43)) - raft.server.log.preallocated.size = 16384 (custom)
2019-09-25 12:04:06,796 [pool-47-thread-1] INFO  server.RaftServerConfigKeys (ConfUtils.java:logGet(43)) - raft.server.log.write.buffer.size = 33554432 (custom)
2019-09-25 12:04:06,796 [pool-47-thread-1] INFO  server.RaftServerConfigKeys (ConfUtils.java:logGet(43)) - raft.server.log.force.sync.num = 128 (default)
2019-09-25 12:04:06,796 [pool-47-thread-1] INFO  server.RaftServerConfigKeys (ConfUtils.java:logGet(43)) - raft.server.log.statemachine.data.sync = true (default)
2019-09-25 12:04:06,796 [pool-47-thread-1] INFO  server.RaftServerConfigKeys (ConfUtils.java:logGet(43)) - raft.server.log.statemachine.data.sync.timeout = 10s (default)
2019-09-25 12:04:06,797 [pool-47-thread-1] INFO  server.RaftServerConfigKeys (ConfUtils.java:logGet(43)) - raft.server.log.statemachine.data.sync.timeout.retry = -1 (default)
2019-09-25 12:04:06,797 [pool-47-thread-1] INFO  server.RaftServerConfigKeys (ConfUtils.java:logGet(43)) - raft.server.log.statemachine.data.caching.enabled = true (custom)
2019-09-25 12:04:06,797 [pool-47-thread-1] INFO  segmented.SegmentedRaftLogWorker (SegmentedRaftLogWorker.java:lambda$new$0(132)) - 26ee0107-1f2c-48c6-b68f-fb73f18a1c69@group-49C9A7797B9B-SegmentedRaftLogWorker: flushIndex: setUnconditionally 0 -> -1
2019-09-25 12:04:06,798 [pool-47-thread-1] INFO  server.RaftServerConfigKeys (ConfUtils.java:logGet(43)) - raft.server.snapshot.auto.trigger.enabled = true (custom)
2019-09-25 12:04:06,798 [pool-47-thread-1] INFO  server.RaftServerConfigKeys (ConfUtils.java:logGet(43)) - raft.server.snapshot.auto.trigger.threshold = 10000 (custom)
2019-09-25 12:04:06,798 [pool-47-thread-1] INFO  server.RaftServerConfigKeys (ConfUtils.java:logGet(43)) - raft.server.snapshot.retention.num.files = 5 (custom)
2019-09-25 12:04:06,798 [pool-47-thread-1] INFO  server.RaftServerConfigKeys (ConfUtils.java:logGet(43)) - raft.server.retrycache.expirytime = 600000ms (custom)
2019-09-25 12:04:06,801 [pool-47-thread-1] INFO  impl.RaftServerImpl (RaftServerImpl.java:start(185)) - 26ee0107-1f2c-48c6-b68f-fb73f18a1c69@group-49C9A7797B9B: start as a follower, conf=-1: [26ee0107-1f2c-48c6-b68f-fb73f18a1c69:192.168.30.6:45618], old=null
2019-09-25 12:04:06,802 [pool-47-thread-1] INFO  impl.RaftServerImpl (RaftServerImpl.java:setRole(174)) - 26ee0107-1f2c-48c6-b68f-fb73f18a1c69@group-49C9A7797B9B: changes role from      null to FOLLOWER at term 0 for startAsFollower
2019-09-25 12:04:06,802 [pool-47-thread-1] INFO  impl.RoleInfo (RoleInfo.java:updateAndGet(143)) - 26ee0107-1f2c-48c6-b68f-fb73f18a1c69: start FollowerState
2019-09-25 12:04:06,802 [pool-47-thread-1] INFO  util.JmxRegister (JmxRegister.java:tryRegister(44)) - Successfully registered JMX Bean with object name Ratis:service=RaftServer,group=group-49C9A7797B9B,id=26ee0107-1f2c-48c6-b68f-fb73f18a1c69
2019-09-25 12:04:06,808 [RatisPipelineUtilsThread] INFO  pipeline.PipelineStateManager (PipelineStateManager.java:addPipeline(56)) - Created pipeline Pipeline[ Id: d89b5de1-b269-4489-bce1-49c9a7797b9b, Nodes: 26ee0107-1f2c-48c6-b68f-fb73f18a1c69{ip: 192.168.30.6, host: pr-hdds-1569-5gmkr-4255264070, networkLocation: /default-rack, certSerialId: null}, Type:RATIS, Factor:ONE, State:OPEN]
2019-09-25 12:04:06,808 [RatisPipelineUtilsThread] INFO  pipeline.PipelinePlacementPolicy (PipelinePlacementPolicy.java:meetCriteria(91)) - Pipeline Placement: can't place more pipeline on heavy datanode： bdcb6c3e-8893-4e8a-90a8-eb631ad0e985 Heaviness: 6 limit: 5
2019-09-25 12:04:06,819 [grpc-default-executor-0] INFO  impl.RaftServerProxy (RaftServerProxy.java:addNew(89)) - 24c3890a-3f13-4340-8313-f577cdc100b6: addNew group-EB36AF02516E:[24c3890a-3f13-4340-8313-f577cdc100b6:192.168.30.6:35545] returns group-EB36AF02516E:java.util.concurrent.CompletableFuture@7da4c1fc[Not completed]
2019-09-25 12:04:06,821 [pool-57-thread-1] INFO  impl.RaftServerImpl (RaftServerImpl.java:<init>(95)) - 24c3890a-3f13-4340-8313-f577cdc100b6: new RaftServerImpl for group-EB36AF02516E:[24c3890a-3f13-4340-8313-f577cdc100b6:192.168.30.6:35545] with ContainerStateMachine:uninitialized
2019-09-25 12:04:06,821 [pool-57-thread-1] INFO  server.RaftServerConfigKeys (ConfUtils.java:logGet(43)) - raft.server.rpc.timeout.min = 5s (custom)
2019-09-25 12:04:06,821 [pool-57-thread-1] INFO  server.RaftServerConfigKeys (ConfUtils.java:logGet(43)) - raft.server.rpc.timeout.max = 5200ms (custom)
2019-09-25 12:04:06,821 [pool-57-thread-1] INFO  server.RaftServerConfigKeys (ConfUtils.java:logGet(43)) - raft.server.rpcslowness.timeout = 120s (custom)
2019-09-25 12:04:06,821 [pool-57-thread-1] INFO  server.RaftServerConfigKeys (ConfUtils.java:logGet(43)) - raft.server.sleep.deviation.threshold = 300 (default)
2019-09-25 12:04:06,821 [pool-57-thread-1] INFO  server.RaftServerConfigKeys (ConfUtils.java:logGet(43)) - raft.server.log.appender.install.snapshot.enabled = false (custom)
2019-09-25 12:04:06,821 [pool-57-thread-1] INFO  impl.RaftServerImpl (ServerState.java:<init>(103)) - 24c3890a-3f13-4340-8313-f577cdc100b6@group-EB36AF02516E: ConfigurationManager, init=-1: [24c3890a-3f13-4340-8313-f577cdc100b6:192.168.30.6:35545], old=null, confs=<EMPTY_MAP>
2019-09-25 12:04:06,821 [pool-57-thread-1] INFO  server.RaftServerConfigKeys (ConfUtils.java:logGet(43)) - raft.server.storage.dir = [/workdir/hadoop-ozone/tools/target/test-dir/MiniOzoneClusterImpl-ed893a3b-0dc1-4b26-80b9-38249be7af87/datanode-3/data/ratis] (custom)
2019-09-25 12:04:06,822 [pool-57-thread-1] INFO  storage.RaftStorageDirectory (RaftStorageDirectory.java:analyzeStorage(246)) - The storage directory /workdir/hadoop-ozone/tools/target/test-dir/MiniOzoneClusterImpl-ed893a3b-0dc1-4b26-80b9-38249be7af87/datanode-3/data/ratis/bb3e1b48-0df3-4fed-9ebf-eb36af02516e does not exist. Creating ...
2019-09-25 12:04:06,834 [pool-57-thread-1] INFO  storage.RaftStorageDirectory (RaftStorageDirectory.java:tryLock(328)) - Lock on /workdir/hadoop-ozone/tools/target/test-dir/MiniOzoneClusterImpl-ed893a3b-0dc1-4b26-80b9-38249be7af87/datanode-3/data/ratis/bb3e1b48-0df3-4fed-9ebf-eb36af02516e/in_use.lock acquired by nodename 13498@pr-hdds-1569-5gmkr-4255264070
2019-09-25 12:04:06,840 [IPC Server handler 1 on 43868] INFO  volume.OMVolumeCreateRequest (OMVolumeCreateRequest.java:validateAndUpdateCache(189)) - created volume:vol-0-69094 for user:jenkins1000
2019-09-25 12:04:06,847 [pool-57-thread-1] INFO  storage.RaftStorage (RaftStorage.java:format(72)) - Storage directory /workdir/hadoop-ozone/tools/target/test-dir/MiniOzoneClusterImpl-ed893a3b-0dc1-4b26-80b9-38249be7af87/datanode-3/data/ratis/bb3e1b48-0df3-4fed-9ebf-eb36af02516e has been successfully formatted.
2019-09-25 12:04:06,849 [pool-57-thread-1] INFO  ratis.ContainerStateMachine (ContainerStateMachine.java:loadSnapshot(230)) - group-EB36AF02516E: The snapshot info is null. Setting the last applied indexto:(t:0, i:~)
2019-09-25 12:04:06,849 [pool-57-thread-1] INFO  server.RaftServerConfigKeys (ConfUtils.java:logGet(43)) - raft.server.notification.no-leader.timeout = 120s (custom)
2019-09-25 12:04:06,849 [pool-57-thread-1] INFO  server.RaftServerConfigKeys (ConfUtils.java:logGet(43)) - raft.server.log.use.memory = false (default)
2019-09-25 12:04:06,850 [pool-57-thread-1] INFO  server.RaftServerConfigKeys (ConfUtils.java:logGet(43)) - raft.server.log.purge.gap = 1000000 (custom)
2019-09-25 12:04:06,850 [pool-57-thread-1] INFO  server.RaftServerConfigKeys (ConfUtils.java:logGet(43)) - raft.server.log.appender.buffer.byte-limit = 33554432 (custom)
2019-09-25 12:04:06,850 [pool-57-thread-1] INFO  server.RaftServerConfigKeys (ConfUtils.java:logGet(43)) - raft.server.log.segment.size.max = 1048576 (custom)
2019-09-25 12:04:06,850 [pool-57-thread-1] INFO  server.RaftServerConfigKeys (ConfUtils.java:logGet(43)) - raft.server.log.segment.cache.num.max = 2 (custom)
2019-09-25 12:04:06,850 [pool-57-thread-1] INFO  segmented.SegmentedRaftLogWorker (SegmentedRaftLogWorker.java:<init>(172)) - new 24c3890a-3f13-4340-8313-f577cdc100b6@group-EB36AF02516E-SegmentedRaftLogWorker for RaftStorage:Storage Directory /workdir/hadoop-ozone/tools/target/test-dir/MiniOzoneClusterImpl-ed893a3b-0dc1-4b26-80b9-38249be7af87/datanode-3/data/ratis/bb3e1b48-0df3-4fed-9ebf-eb36af02516e
2019-09-25 12:04:06,850 [pool-57-thread-1] INFO  server.RaftServerConfigKeys (ConfUtils.java:logGet(43)) - raft.server.log.queue.byte-limit = 2147483647 (custom)
2019-09-25 12:04:06,850 [pool-57-thread-1] INFO  server.RaftServerConfigKeys (ConfUtils.java:logGet(43)) - raft.server.log.queue.element-limit = 1024 (custom)
2019-09-25 12:04:06,850 [pool-57-thread-1] INFO  server.RaftServerConfigKeys (ConfUtils.java:logGet(43)) - raft.server.log.segment.size.max = 1048576 (custom)
2019-09-25 12:04:06,850 [pool-57-thread-1] INFO  server.RaftServerConfigKeys (ConfUtils.java:logGet(43)) - raft.server.log.preallocated.size = 16384 (custom)
2019-09-25 12:04:06,851 [pool-57-thread-1] INFO  server.RaftServerConfigKeys (ConfUtils.java:logGet(43)) - raft.server.log.write.buffer.size = 33554432 (custom)
2019-09-25 12:04:06,851 [pool-57-thread-1] INFO  server.RaftServerConfigKeys (ConfUtils.java:logGet(43)) - raft.server.log.force.sync.num = 128 (default)
2019-09-25 12:04:06,851 [pool-57-thread-1] INFO  server.RaftServerConfigKeys (ConfUtils.java:logGet(43)) - raft.server.log.statemachine.data.sync = true (default)
2019-09-25 12:04:06,851 [pool-57-thread-1] INFO  server.RaftServerConfigKeys (ConfUtils.java:logGet(43)) - raft.server.log.statemachine.data.sync.timeout = 10s (default)
2019-09-25 12:04:06,851 [pool-57-thread-1] INFO  server.RaftServerConfigKeys (ConfUtils.java:logGet(43)) - raft.server.log.statemachine.data.sync.timeout.retry = -1 (default)
2019-09-25 12:04:06,851 [pool-57-thread-1] INFO  server.RaftServerConfigKeys (ConfUtils.java:logGet(43)) - raft.server.log.statemachine.data.caching.enabled = true (custom)
2019-09-25 12:04:06,851 [pool-57-thread-1] INFO  segmented.SegmentedRaftLogWorker (SegmentedRaftLogWorker.java:lambda$new$0(132)) - 24c3890a-3f13-4340-8313-f577cdc100b6@group-EB36AF02516E-SegmentedRaftLogWorker: flushIndex: setUnconditionally 0 -> -1
2019-09-25 12:04:06,852 [pool-57-thread-1] INFO  server.RaftServerConfigKeys (ConfUtils.java:logGet(43)) - raft.server.snapshot.auto.trigger.enabled = true (custom)
2019-09-25 12:04:06,852 [pool-57-thread-1] INFO  server.RaftServerConfigKeys (ConfUtils.java:logGet(43)) - raft.server.snapshot.auto.trigger.threshold = 10000 (custom)
2019-09-25 12:04:06,852 [pool-57-thread-1] INFO  server.RaftServerConfigKeys (ConfUtils.java:logGet(43)) - raft.server.snapshot.retention.num.files = 5 (custom)
2019-09-25 12:04:06,852 [pool-57-thread-1] INFO  server.RaftServerConfigKeys (ConfUtils.java:logGet(43)) - raft.server.retrycache.expirytime = 600000ms (custom)
2019-09-25 12:04:06,860 [pool-57-thread-1] INFO  impl.RaftServerImpl (RaftServerImpl.java:start(185)) - 24c3890a-3f13-4340-8313-f577cdc100b6@group-EB36AF02516E: start as a follower, conf=-1: [24c3890a-3f13-4340-8313-f577cdc100b6:192.168.30.6:35545], old=null
2019-09-25 12:04:06,860 [pool-57-thread-1] INFO  impl.RaftServerImpl (RaftServerImpl.java:setRole(174)) - 24c3890a-3f13-4340-8313-f577cdc100b6@group-EB36AF02516E: changes role from      null to FOLLOWER at term 0 for startAsFollower
2019-09-25 12:04:06,860 [pool-57-thread-1] INFO  impl.RoleInfo (RoleInfo.java:updateAndGet(143)) - 24c3890a-3f13-4340-8313-f577cdc100b6: start FollowerState
2019-09-25 12:04:06,860 [pool-57-thread-1] INFO  util.JmxRegister (JmxRegister.java:tryRegister(44)) - Successfully registered JMX Bean with object name Ratis:service=RaftServer,group=group-EB36AF02516E,id=24c3890a-3f13-4340-8313-f577cdc100b6
2019-09-25 12:04:06,867 [RatisPipelineUtilsThread] INFO  pipeline.PipelineStateManager (PipelineStateManager.java:addPipeline(56)) - Created pipeline Pipeline[ Id: bb3e1b48-0df3-4fed-9ebf-eb36af02516e, Nodes: 24c3890a-3f13-4340-8313-f577cdc100b6{ip: 192.168.30.6, host: pr-hdds-1569-5gmkr-4255264070, networkLocation: /default-rack, certSerialId: null}, Type:RATIS, Factor:ONE, State:OPEN]
2019-09-25 12:04:06,867 [RatisPipelineUtilsThread] INFO  pipeline.PipelinePlacementPolicy (PipelinePlacementPolicy.java:meetCriteria(91)) - Pipeline Placement: can't place more pipeline on heavy datanode： bdcb6c3e-8893-4e8a-90a8-eb631ad0e985 Heaviness: 6 limit: 5
2019-09-25 12:04:06,872 [pool-73-thread-2] INFO  rpc.RpcClient (RpcClient.java:createBucket(415)) - Creating Bucket: vol-0-69094/bucket-0-29565, with Versioning false and Storage Type set to DISK and Encryption set to false 
2019-09-25 12:04:06,876 [grpc-default-executor-0] INFO  impl.RaftServerProxy (RaftServerProxy.java:addNew(89)) - a7b713c9-d145-43da-b168-eb086be0693a: addNew group-0FACF5E36315:[a7b713c9-d145-43da-b168-eb086be0693a:192.168.30.6:39159] returns group-0FACF5E36315:java.util.concurrent.CompletableFuture@2fc822a1[Not completed]
2019-09-25 12:04:06,877 [pool-67-thread-1] INFO  impl.RaftServerImpl (RaftServerImpl.java:<init>(95)) - a7b713c9-d145-43da-b168-eb086be0693a: new RaftServerImpl for group-0FACF5E36315:[a7b713c9-d145-43da-b168-eb086be0693a:192.168.30.6:39159] with ContainerStateMachine:uninitialized
2019-09-25 12:04:06,877 [pool-67-thread-1] INFO  server.RaftServerConfigKeys (ConfUtils.java:logGet(43)) - raft.server.rpc.timeout.min = 5s (custom)
2019-09-25 12:04:06,878 [pool-67-thread-1] INFO  server.RaftServerConfigKeys (ConfUtils.java:logGet(43)) - raft.server.rpc.timeout.max = 5200ms (custom)
2019-09-25 12:04:06,878 [pool-67-thread-1] INFO  server.RaftServerConfigKeys (ConfUtils.java:logGet(43)) - raft.server.rpcslowness.timeout = 120s (custom)
2019-09-25 12:04:06,878 [pool-67-thread-1] INFO  server.RaftServerConfigKeys (ConfUtils.java:logGet(43)) - raft.server.sleep.deviation.threshold = 300 (default)
2019-09-25 12:04:06,878 [pool-67-thread-1] INFO  server.RaftServerConfigKeys (ConfUtils.java:logGet(43)) - raft.server.log.appender.install.snapshot.enabled = false (custom)
2019-09-25 12:04:06,878 [pool-67-thread-1] INFO  impl.RaftServerImpl (ServerState.java:<init>(103)) - a7b713c9-d145-43da-b168-eb086be0693a@group-0FACF5E36315: ConfigurationManager, init=-1: [a7b713c9-d145-43da-b168-eb086be0693a:192.168.30.6:39159], old=null, confs=<EMPTY_MAP>
2019-09-25 12:04:06,878 [pool-67-thread-1] INFO  server.RaftServerConfigKeys (ConfUtils.java:logGet(43)) - raft.server.storage.dir = [/workdir/hadoop-ozone/tools/target/test-dir/MiniOzoneClusterImpl-ed893a3b-0dc1-4b26-80b9-38249be7af87/datanode-4/data/ratis] (custom)
2019-09-25 12:04:06,879 [pool-67-thread-1] INFO  storage.RaftStorageDirectory (RaftStorageDirectory.java:analyzeStorage(246)) - The storage directory /workdir/hadoop-ozone/tools/target/test-dir/MiniOzoneClusterImpl-ed893a3b-0dc1-4b26-80b9-38249be7af87/datanode-4/data/ratis/cc87d02a-713e-4947-9ffd-0facf5e36315 does not exist. Creating ...
2019-09-25 12:04:06,892 [pool-67-thread-1] INFO  storage.RaftStorageDirectory (RaftStorageDirectory.java:tryLock(328)) - Lock on /workdir/hadoop-ozone/tools/target/test-dir/MiniOzoneClusterImpl-ed893a3b-0dc1-4b26-80b9-38249be7af87/datanode-4/data/ratis/cc87d02a-713e-4947-9ffd-0facf5e36315/in_use.lock acquired by nodename 13498@pr-hdds-1569-5gmkr-4255264070
2019-09-25 12:04:06,906 [pool-67-thread-1] INFO  storage.RaftStorage (RaftStorage.java:format(72)) - Storage directory /workdir/hadoop-ozone/tools/target/test-dir/MiniOzoneClusterImpl-ed893a3b-0dc1-4b26-80b9-38249be7af87/datanode-4/data/ratis/cc87d02a-713e-4947-9ffd-0facf5e36315 has been successfully formatted.
2019-09-25 12:04:06,906 [pool-67-thread-1] INFO  ratis.ContainerStateMachine (ContainerStateMachine.java:loadSnapshot(230)) - group-0FACF5E36315: The snapshot info is null. Setting the last applied indexto:(t:0, i:~)
2019-09-25 12:04:06,906 [pool-67-thread-1] INFO  server.RaftServerConfigKeys (ConfUtils.java:logGet(43)) - raft.server.notification.no-leader.timeout = 120s (custom)
2019-09-25 12:04:06,906 [pool-67-thread-1] INFO  server.RaftServerConfigKeys (ConfUtils.java:logGet(43)) - raft.server.log.use.memory = false (default)
2019-09-25 12:04:06,907 [pool-67-thread-1] INFO  server.RaftServerConfigKeys (ConfUtils.java:logGet(43)) - raft.server.log.purge.gap = 1000000 (custom)
2019-09-25 12:04:06,907 [pool-67-thread-1] INFO  server.RaftServerConfigKeys (ConfUtils.java:logGet(43)) - raft.server.log.appender.buffer.byte-limit = 33554432 (custom)
2019-09-25 12:04:06,907 [pool-67-thread-1] INFO  server.RaftServerConfigKeys (ConfUtils.java:logGet(43)) - raft.server.log.segment.size.max = 1048576 (custom)
2019-09-25 12:04:06,907 [pool-67-thread-1] INFO  server.RaftServerConfigKeys (ConfUtils.java:logGet(43)) - raft.server.log.segment.cache.num.max = 2 (custom)
2019-09-25 12:04:06,907 [pool-67-thread-1] INFO  segmented.SegmentedRaftLogWorker (SegmentedRaftLogWorker.java:<init>(172)) - new a7b713c9-d145-43da-b168-eb086be0693a@group-0FACF5E36315-SegmentedRaftLogWorker for RaftStorage:Storage Directory /workdir/hadoop-ozone/tools/target/test-dir/MiniOzoneClusterImpl-ed893a3b-0dc1-4b26-80b9-38249be7af87/datanode-4/data/ratis/cc87d02a-713e-4947-9ffd-0facf5e36315
2019-09-25 12:04:06,907 [pool-67-thread-1] INFO  server.RaftServerConfigKeys (ConfUtils.java:logGet(43)) - raft.server.log.queue.byte-limit = 2147483647 (custom)
2019-09-25 12:04:06,907 [pool-67-thread-1] INFO  server.RaftServerConfigKeys (ConfUtils.java:logGet(43)) - raft.server.log.queue.element-limit = 1024 (custom)
2019-09-25 12:04:06,908 [pool-67-thread-1] INFO  server.RaftServerConfigKeys (ConfUtils.java:logGet(43)) - raft.server.log.segment.size.max = 1048576 (custom)
2019-09-25 12:04:06,908 [pool-67-thread-1] INFO  server.RaftServerConfigKeys (ConfUtils.java:logGet(43)) - raft.server.log.preallocated.size = 16384 (custom)
2019-09-25 12:04:06,908 [pool-67-thread-1] INFO  server.RaftServerConfigKeys (ConfUtils.java:logGet(43)) - raft.server.log.write.buffer.size = 33554432 (custom)
2019-09-25 12:04:06,908 [pool-67-thread-1] INFO  server.RaftServerConfigKeys (ConfUtils.java:logGet(43)) - raft.server.log.force.sync.num = 128 (default)
2019-09-25 12:04:06,908 [pool-67-thread-1] INFO  server.RaftServerConfigKeys (ConfUtils.java:logGet(43)) - raft.server.log.statemachine.data.sync = true (default)
2019-09-25 12:04:06,908 [pool-67-thread-1] INFO  server.RaftServerConfigKeys (ConfUtils.java:logGet(43)) - raft.server.log.statemachine.data.sync.timeout = 10s (default)
2019-09-25 12:04:06,908 [pool-67-thread-1] INFO  server.RaftServerConfigKeys (ConfUtils.java:logGet(43)) - raft.server.log.statemachine.data.sync.timeout.retry = -1 (default)
2019-09-25 12:04:06,909 [pool-67-thread-1] INFO  server.RaftServerConfigKeys (ConfUtils.java:logGet(43)) - raft.server.log.statemachine.data.caching.enabled = true (custom)
2019-09-25 12:04:06,909 [pool-67-thread-1] INFO  segmented.SegmentedRaftLogWorker (SegmentedRaftLogWorker.java:lambda$new$0(132)) - a7b713c9-d145-43da-b168-eb086be0693a@group-0FACF5E36315-SegmentedRaftLogWorker: flushIndex: setUnconditionally 0 -> -1
2019-09-25 12:04:06,909 [pool-67-thread-1] INFO  server.RaftServerConfigKeys (ConfUtils.java:logGet(43)) - raft.server.snapshot.auto.trigger.enabled = true (custom)
2019-09-25 12:04:06,910 [pool-67-thread-1] INFO  server.RaftServerConfigKeys (ConfUtils.java:logGet(43)) - raft.server.snapshot.auto.trigger.threshold = 10000 (custom)
2019-09-25 12:04:06,910 [pool-67-thread-1] INFO  server.RaftServerConfigKeys (ConfUtils.java:logGet(43)) - raft.server.snapshot.retention.num.files = 5 (custom)
2019-09-25 12:04:06,910 [pool-67-thread-1] INFO  server.RaftServerConfigKeys (ConfUtils.java:logGet(43)) - raft.server.retrycache.expirytime = 600000ms (custom)
2019-09-25 12:04:06,913 [pool-67-thread-1] INFO  impl.RaftServerImpl (RaftServerImpl.java:start(185)) - a7b713c9-d145-43da-b168-eb086be0693a@group-0FACF5E36315: start as a follower, conf=-1: [a7b713c9-d145-43da-b168-eb086be0693a:192.168.30.6:39159], old=null
2019-09-25 12:04:06,913 [pool-67-thread-1] INFO  impl.RaftServerImpl (RaftServerImpl.java:setRole(174)) - a7b713c9-d145-43da-b168-eb086be0693a@group-0FACF5E36315: changes role from      null to FOLLOWER at term 0 for startAsFollower
2019-09-25 12:04:06,913 [pool-67-thread-1] INFO  impl.RoleInfo (RoleInfo.java:updateAndGet(143)) - a7b713c9-d145-43da-b168-eb086be0693a: start FollowerState
2019-09-25 12:04:07,272 [pool-67-thread-1] INFO  util.JmxRegister (JmxRegister.java:tryRegister(44)) - Successfully registered JMX Bean with object name Ratis:service=RaftServer,group=group-0FACF5E36315,id=a7b713c9-d145-43da-b168-eb086be0693a
2019-09-25 12:04:07,309 [RatisPipelineUtilsThread] INFO  pipeline.PipelineStateManager (PipelineStateManager.java:addPipeline(56)) - Created pipeline Pipeline[ Id: cc87d02a-713e-4947-9ffd-0facf5e36315, Nodes: a7b713c9-d145-43da-b168-eb086be0693a{ip: 192.168.30.6, host: pr-hdds-1569-5gmkr-4255264070, networkLocation: /default-rack, certSerialId: null}, Type:RATIS, Factor:ONE, State:OPEN]
2019-09-25 12:04:07,309 [RatisPipelineUtilsThread] INFO  pipeline.PipelinePlacementPolicy (PipelinePlacementPolicy.java:meetCriteria(91)) - Pipeline Placement: can't place more pipeline on heavy datanode： bdcb6c3e-8893-4e8a-90a8-eb631ad0e985 Heaviness: 6 limit: 5
2019-09-25 12:04:07,344 [grpc-default-executor-0] INFO  impl.RaftServerProxy (RaftServerProxy.java:addNew(89)) - 26ee0107-1f2c-48c6-b68f-fb73f18a1c69: addNew group-BB56110D4D77:[26ee0107-1f2c-48c6-b68f-fb73f18a1c69:192.168.30.6:45618] returns group-BB56110D4D77:java.util.concurrent.CompletableFuture@34c4fa7e[Not completed]
2019-09-25 12:04:07,346 [pool-47-thread-1] INFO  impl.RaftServerImpl (RaftServerImpl.java:<init>(95)) - 26ee0107-1f2c-48c6-b68f-fb73f18a1c69: new RaftServerImpl for group-BB56110D4D77:[26ee0107-1f2c-48c6-b68f-fb73f18a1c69:192.168.30.6:45618] with ContainerStateMachine:uninitialized
2019-09-25 12:04:07,346 [pool-47-thread-1] INFO  server.RaftServerConfigKeys (ConfUtils.java:logGet(43)) - raft.server.rpc.timeout.min = 5s (custom)
2019-09-25 12:04:07,346 [pool-47-thread-1] INFO  server.RaftServerConfigKeys (ConfUtils.java:logGet(43)) - raft.server.rpc.timeout.max = 5200ms (custom)
2019-09-25 12:04:07,347 [pool-47-thread-1] INFO  server.RaftServerConfigKeys (ConfUtils.java:logGet(43)) - raft.server.rpcslowness.timeout = 120s (custom)
2019-09-25 12:04:07,347 [pool-47-thread-1] INFO  server.RaftServerConfigKeys (ConfUtils.java:logGet(43)) - raft.server.sleep.deviation.threshold = 300 (default)
2019-09-25 12:04:07,347 [pool-47-thread-1] INFO  server.RaftServerConfigKeys (ConfUtils.java:logGet(43)) - raft.server.log.appender.install.snapshot.enabled = false (custom)
2019-09-25 12:04:07,347 [pool-47-thread-1] INFO  impl.RaftServerImpl (ServerState.java:<init>(103)) - 26ee0107-1f2c-48c6-b68f-fb73f18a1c69@group-BB56110D4D77: ConfigurationManager, init=-1: [26ee0107-1f2c-48c6-b68f-fb73f18a1c69:192.168.30.6:45618], old=null, confs=<EMPTY_MAP>
2019-09-25 12:04:07,347 [pool-47-thread-1] INFO  server.RaftServerConfigKeys (ConfUtils.java:logGet(43)) - raft.server.storage.dir = [/workdir/hadoop-ozone/tools/target/test-dir/MiniOzoneClusterImpl-ed893a3b-0dc1-4b26-80b9-38249be7af87/datanode-2/data/ratis] (custom)
2019-09-25 12:04:07,348 [pool-47-thread-1] INFO  storage.RaftStorageDirectory (RaftStorageDirectory.java:analyzeStorage(246)) - The storage directory /workdir/hadoop-ozone/tools/target/test-dir/MiniOzoneClusterImpl-ed893a3b-0dc1-4b26-80b9-38249be7af87/datanode-2/data/ratis/8b2315f1-69e9-4bf5-b91c-bb56110d4d77 does not exist. Creating ...
2019-09-25 12:04:07,371 [pool-47-thread-1] INFO  storage.RaftStorageDirectory (RaftStorageDirectory.java:tryLock(328)) - Lock on /workdir/hadoop-ozone/tools/target/test-dir/MiniOzoneClusterImpl-ed893a3b-0dc1-4b26-80b9-38249be7af87/datanode-2/data/ratis/8b2315f1-69e9-4bf5-b91c-bb56110d4d77/in_use.lock acquired by nodename 13498@pr-hdds-1569-5gmkr-4255264070
2019-09-25 12:04:07,384 [pool-47-thread-1] INFO  storage.RaftStorage (RaftStorage.java:format(72)) - Storage directory /workdir/hadoop-ozone/tools/target/test-dir/MiniOzoneClusterImpl-ed893a3b-0dc1-4b26-80b9-38249be7af87/datanode-2/data/ratis/8b2315f1-69e9-4bf5-b91c-bb56110d4d77 has been successfully formatted.
2019-09-25 12:04:07,384 [pool-47-thread-1] INFO  ratis.ContainerStateMachine (ContainerStateMachine.java:loadSnapshot(230)) - group-BB56110D4D77: The snapshot info is null. Setting the last applied indexto:(t:0, i:~)
2019-09-25 12:04:07,384 [pool-47-thread-1] INFO  server.RaftServerConfigKeys (ConfUtils.java:logGet(43)) - raft.server.notification.no-leader.timeout = 120s (custom)
2019-09-25 12:04:07,384 [pool-47-thread-1] INFO  server.RaftServerConfigKeys (ConfUtils.java:logGet(43)) - raft.server.log.use.memory = false (default)
2019-09-25 12:04:07,385 [pool-47-thread-1] INFO  server.RaftServerConfigKeys (ConfUtils.java:logGet(43)) - raft.server.log.purge.gap = 1000000 (custom)
2019-09-25 12:04:07,385 [pool-47-thread-1] INFO  server.RaftServerConfigKeys (ConfUtils.java:logGet(43)) - raft.server.log.appender.buffer.byte-limit = 33554432 (custom)
2019-09-25 12:04:07,385 [pool-47-thread-1] INFO  server.RaftServerConfigKeys (ConfUtils.java:logGet(43)) - raft.server.log.segment.size.max = 1048576 (custom)
2019-09-25 12:04:07,385 [pool-47-thread-1] INFO  server.RaftServerConfigKeys (ConfUtils.java:logGet(43)) - raft.server.log.segment.cache.num.max = 2 (custom)
2019-09-25 12:04:07,385 [pool-47-thread-1] INFO  segmented.SegmentedRaftLogWorker (SegmentedRaftLogWorker.java:<init>(172)) - new 26ee0107-1f2c-48c6-b68f-fb73f18a1c69@group-BB56110D4D77-SegmentedRaftLogWorker for RaftStorage:Storage Directory /workdir/hadoop-ozone/tools/target/test-dir/MiniOzoneClusterImpl-ed893a3b-0dc1-4b26-80b9-38249be7af87/datanode-2/data/ratis/8b2315f1-69e9-4bf5-b91c-bb56110d4d77
2019-09-25 12:04:07,386 [pool-47-thread-1] INFO  server.RaftServerConfigKeys (ConfUtils.java:logGet(43)) - raft.server.log.queue.byte-limit = 2147483647 (custom)
2019-09-25 12:04:07,386 [pool-47-thread-1] INFO  server.RaftServerConfigKeys (ConfUtils.java:logGet(43)) - raft.server.log.queue.element-limit = 1024 (custom)
2019-09-25 12:04:07,386 [pool-47-thread-1] INFO  server.RaftServerConfigKeys (ConfUtils.java:logGet(43)) - raft.server.log.segment.size.max = 1048576 (custom)
2019-09-25 12:04:07,386 [pool-47-thread-1] INFO  server.RaftServerConfigKeys (ConfUtils.java:logGet(43)) - raft.server.log.preallocated.size = 16384 (custom)
2019-09-25 12:04:07,386 [pool-47-thread-1] INFO  server.RaftServerConfigKeys (ConfUtils.java:logGet(43)) - raft.server.log.write.buffer.size = 33554432 (custom)
2019-09-25 12:04:07,386 [pool-47-thread-1] INFO  server.RaftServerConfigKeys (ConfUtils.java:logGet(43)) - raft.server.log.force.sync.num = 128 (default)
2019-09-25 12:04:07,386 [pool-47-thread-1] INFO  server.RaftServerConfigKeys (ConfUtils.java:logGet(43)) - raft.server.log.statemachine.data.sync = true (default)
2019-09-25 12:04:07,387 [pool-47-thread-1] INFO  server.RaftServerConfigKeys (ConfUtils.java:logGet(43)) - raft.server.log.statemachine.data.sync.timeout = 10s (default)
2019-09-25 12:04:07,387 [pool-47-thread-1] INFO  server.RaftServerConfigKeys (ConfUtils.java:logGet(43)) - raft.server.log.statemachine.data.sync.timeout.retry = -1 (default)
2019-09-25 12:04:07,387 [pool-47-thread-1] INFO  server.RaftServerConfigKeys (ConfUtils.java:logGet(43)) - raft.server.log.statemachine.data.caching.enabled = true (custom)
2019-09-25 12:04:07,387 [pool-47-thread-1] INFO  segmented.SegmentedRaftLogWorker (SegmentedRaftLogWorker.java:lambda$new$0(132)) - 26ee0107-1f2c-48c6-b68f-fb73f18a1c69@group-BB56110D4D77-SegmentedRaftLogWorker: flushIndex: setUnconditionally 0 -> -1
2019-09-25 12:04:07,388 [pool-47-thread-1] INFO  server.RaftServerConfigKeys (ConfUtils.java:logGet(43)) - raft.server.snapshot.auto.trigger.enabled = true (custom)
2019-09-25 12:04:07,388 [pool-47-thread-1] INFO  server.RaftServerConfigKeys (ConfUtils.java:logGet(43)) - raft.server.snapshot.auto.trigger.threshold = 10000 (custom)
2019-09-25 12:04:07,388 [pool-47-thread-1] INFO  server.RaftServerConfigKeys (ConfUtils.java:logGet(43)) - raft.server.snapshot.retention.num.files = 5 (custom)
2019-09-25 12:04:07,388 [pool-47-thread-1] INFO  server.RaftServerConfigKeys (ConfUtils.java:logGet(43)) - raft.server.retrycache.expirytime = 600000ms (custom)
2019-09-25 12:04:07,390 [pool-47-thread-1] INFO  impl.RaftServerImpl (RaftServerImpl.java:start(185)) - 26ee0107-1f2c-48c6-b68f-fb73f18a1c69@group-BB56110D4D77: start as a follower, conf=-1: [26ee0107-1f2c-48c6-b68f-fb73f18a1c69:192.168.30.6:45618], old=null
2019-09-25 12:04:07,391 [pool-47-thread-1] INFO  impl.RaftServerImpl (RaftServerImpl.java:setRole(174)) - 26ee0107-1f2c-48c6-b68f-fb73f18a1c69@group-BB56110D4D77: changes role from      null to FOLLOWER at term 0 for startAsFollower
2019-09-25 12:04:07,391 [pool-47-thread-1] INFO  impl.RoleInfo (RoleInfo.java:updateAndGet(143)) - 26ee0107-1f2c-48c6-b68f-fb73f18a1c69: start FollowerState
2019-09-25 12:04:07,397 [pool-47-thread-1] INFO  util.JmxRegister (JmxRegister.java:tryRegister(44)) - Successfully registered JMX Bean with object name Ratis:service=RaftServer,group=group-BB56110D4D77,id=26ee0107-1f2c-48c6-b68f-fb73f18a1c69
2019-09-25 12:04:07,412 [RatisPipelineUtilsThread] INFO  pipeline.PipelineStateManager (PipelineStateManager.java:addPipeline(56)) - Created pipeline Pipeline[ Id: 8b2315f1-69e9-4bf5-b91c-bb56110d4d77, Nodes: 26ee0107-1f2c-48c6-b68f-fb73f18a1c69{ip: 192.168.30.6, host: pr-hdds-1569-5gmkr-4255264070, networkLocation: /default-rack, certSerialId: null}, Type:RATIS, Factor:ONE, State:OPEN]
2019-09-25 12:04:07,412 [RatisPipelineUtilsThread] INFO  pipeline.PipelinePlacementPolicy (PipelinePlacementPolicy.java:meetCriteria(91)) - Pipeline Placement: can't place more pipeline on heavy datanode： bdcb6c3e-8893-4e8a-90a8-eb631ad0e985 Heaviness: 6 limit: 5
2019-09-25 12:04:07,422 [grpc-default-executor-0] INFO  impl.RaftServerProxy (RaftServerProxy.java:addNew(89)) - a7b713c9-d145-43da-b168-eb086be0693a: addNew group-D6EAE68A4BDF:[a7b713c9-d145-43da-b168-eb086be0693a:192.168.30.6:39159] returns group-D6EAE68A4BDF:java.util.concurrent.CompletableFuture@4c85fc7d[Not completed]
2019-09-25 12:04:07,424 [pool-67-thread-1] INFO  impl.RaftServerImpl (RaftServerImpl.java:<init>(95)) - a7b713c9-d145-43da-b168-eb086be0693a: new RaftServerImpl for group-D6EAE68A4BDF:[a7b713c9-d145-43da-b168-eb086be0693a:192.168.30.6:39159] with ContainerStateMachine:uninitialized
2019-09-25 12:04:07,424 [pool-67-thread-1] INFO  server.RaftServerConfigKeys (ConfUtils.java:logGet(43)) - raft.server.rpc.timeout.min = 5s (custom)
2019-09-25 12:04:07,425 [pool-67-thread-1] INFO  server.RaftServerConfigKeys (ConfUtils.java:logGet(43)) - raft.server.rpc.timeout.max = 5200ms (custom)
2019-09-25 12:04:07,425 [pool-67-thread-1] INFO  server.RaftServerConfigKeys (ConfUtils.java:logGet(43)) - raft.server.rpcslowness.timeout = 120s (custom)
2019-09-25 12:04:07,425 [pool-67-thread-1] INFO  server.RaftServerConfigKeys (ConfUtils.java:logGet(43)) - raft.server.sleep.deviation.threshold = 300 (default)
2019-09-25 12:04:07,425 [pool-67-thread-1] INFO  server.RaftServerConfigKeys (ConfUtils.java:logGet(43)) - raft.server.log.appender.install.snapshot.enabled = false (custom)
2019-09-25 12:04:07,425 [pool-67-thread-1] INFO  impl.RaftServerImpl (ServerState.java:<init>(103)) - a7b713c9-d145-43da-b168-eb086be0693a@group-D6EAE68A4BDF: ConfigurationManager, init=-1: [a7b713c9-d145-43da-b168-eb086be0693a:192.168.30.6:39159], old=null, confs=<EMPTY_MAP>
2019-09-25 12:04:07,426 [pool-67-thread-1] INFO  server.RaftServerConfigKeys (ConfUtils.java:logGet(43)) - raft.server.storage.dir = [/workdir/hadoop-ozone/tools/target/test-dir/MiniOzoneClusterImpl-ed893a3b-0dc1-4b26-80b9-38249be7af87/datanode-4/data/ratis] (custom)
2019-09-25 12:04:07,426 [pool-67-thread-1] INFO  storage.RaftStorageDirectory (RaftStorageDirectory.java:analyzeStorage(246)) - The storage directory /workdir/hadoop-ozone/tools/target/test-dir/MiniOzoneClusterImpl-ed893a3b-0dc1-4b26-80b9-38249be7af87/datanode-4/data/ratis/84665a4c-6108-49b9-9ec3-d6eae68a4bdf does not exist. Creating ...
2019-09-25 12:04:07,439 [pool-67-thread-1] INFO  storage.RaftStorageDirectory (RaftStorageDirectory.java:tryLock(328)) - Lock on /workdir/hadoop-ozone/tools/target/test-dir/MiniOzoneClusterImpl-ed893a3b-0dc1-4b26-80b9-38249be7af87/datanode-4/data/ratis/84665a4c-6108-49b9-9ec3-d6eae68a4bdf/in_use.lock acquired by nodename 13498@pr-hdds-1569-5gmkr-4255264070
2019-09-25 12:04:07,452 [pool-67-thread-1] INFO  storage.RaftStorage (RaftStorage.java:format(72)) - Storage directory /workdir/hadoop-ozone/tools/target/test-dir/MiniOzoneClusterImpl-ed893a3b-0dc1-4b26-80b9-38249be7af87/datanode-4/data/ratis/84665a4c-6108-49b9-9ec3-d6eae68a4bdf has been successfully formatted.
2019-09-25 12:04:07,452 [pool-67-thread-1] INFO  ratis.ContainerStateMachine (ContainerStateMachine.java:loadSnapshot(230)) - group-D6EAE68A4BDF: The snapshot info is null. Setting the last applied indexto:(t:0, i:~)
2019-09-25 12:04:07,453 [pool-67-thread-1] INFO  server.RaftServerConfigKeys (ConfUtils.java:logGet(43)) - raft.server.notification.no-leader.timeout = 120s (custom)
2019-09-25 12:04:07,453 [pool-67-thread-1] INFO  server.RaftServerConfigKeys (ConfUtils.java:logGet(43)) - raft.server.log.use.memory = false (default)
2019-09-25 12:04:07,453 [pool-67-thread-1] INFO  server.RaftServerConfigKeys (ConfUtils.java:logGet(43)) - raft.server.log.purge.gap = 1000000 (custom)
2019-09-25 12:04:07,453 [pool-67-thread-1] INFO  server.RaftServerConfigKeys (ConfUtils.java:logGet(43)) - raft.server.log.appender.buffer.byte-limit = 33554432 (custom)
2019-09-25 12:04:07,453 [pool-67-thread-1] INFO  server.RaftServerConfigKeys (ConfUtils.java:logGet(43)) - raft.server.log.segment.size.max = 1048576 (custom)
2019-09-25 12:04:07,453 [pool-67-thread-1] INFO  server.RaftServerConfigKeys (ConfUtils.java:logGet(43)) - raft.server.log.segment.cache.num.max = 2 (custom)
2019-09-25 12:04:07,453 [pool-67-thread-1] INFO  segmented.SegmentedRaftLogWorker (SegmentedRaftLogWorker.java:<init>(172)) - new a7b713c9-d145-43da-b168-eb086be0693a@group-D6EAE68A4BDF-SegmentedRaftLogWorker for RaftStorage:Storage Directory /workdir/hadoop-ozone/tools/target/test-dir/MiniOzoneClusterImpl-ed893a3b-0dc1-4b26-80b9-38249be7af87/datanode-4/data/ratis/84665a4c-6108-49b9-9ec3-d6eae68a4bdf
2019-09-25 12:04:07,454 [pool-67-thread-1] INFO  server.RaftServerConfigKeys (ConfUtils.java:logGet(43)) - raft.server.log.queue.byte-limit = 2147483647 (custom)
2019-09-25 12:04:07,454 [pool-67-thread-1] INFO  server.RaftServerConfigKeys (ConfUtils.java:logGet(43)) - raft.server.log.queue.element-limit = 1024 (custom)
2019-09-25 12:04:07,454 [pool-67-thread-1] INFO  server.RaftServerConfigKeys (ConfUtils.java:logGet(43)) - raft.server.log.segment.size.max = 1048576 (custom)
2019-09-25 12:04:07,454 [pool-67-thread-1] INFO  server.RaftServerConfigKeys (ConfUtils.java:logGet(43)) - raft.server.log.preallocated.size = 16384 (custom)
2019-09-25 12:04:07,454 [pool-67-thread-1] INFO  server.RaftServerConfigKeys (ConfUtils.java:logGet(43)) - raft.server.log.write.buffer.size = 33554432 (custom)
2019-09-25 12:04:07,454 [pool-67-thread-1] INFO  server.RaftServerConfigKeys (ConfUtils.java:logGet(43)) - raft.server.log.force.sync.num = 128 (default)
2019-09-25 12:04:07,455 [pool-67-thread-1] INFO  server.RaftServerConfigKeys (ConfUtils.java:logGet(43)) - raft.server.log.statemachine.data.sync = true (default)
2019-09-25 12:04:07,455 [pool-67-thread-1] INFO  server.RaftServerConfigKeys (ConfUtils.java:logGet(43)) - raft.server.log.statemachine.data.sync.timeout = 10s (default)
2019-09-25 12:04:07,455 [pool-67-thread-1] INFO  server.RaftServerConfigKeys (ConfUtils.java:logGet(43)) - raft.server.log.statemachine.data.sync.timeout.retry = -1 (default)
2019-09-25 12:04:07,455 [pool-67-thread-1] INFO  server.RaftServerConfigKeys (ConfUtils.java:logGet(43)) - raft.server.log.statemachine.data.caching.enabled = true (custom)
2019-09-25 12:04:07,456 [pool-67-thread-1] INFO  segmented.SegmentedRaftLogWorker (SegmentedRaftLogWorker.java:lambda$new$0(132)) - a7b713c9-d145-43da-b168-eb086be0693a@group-D6EAE68A4BDF-SegmentedRaftLogWorker: flushIndex: setUnconditionally 0 -> -1
2019-09-25 12:04:07,456 [pool-67-thread-1] INFO  server.RaftServerConfigKeys (ConfUtils.java:logGet(43)) - raft.server.snapshot.auto.trigger.enabled = true (custom)
2019-09-25 12:04:07,456 [pool-67-thread-1] INFO  server.RaftServerConfigKeys (ConfUtils.java:logGet(43)) - raft.server.snapshot.auto.trigger.threshold = 10000 (custom)
2019-09-25 12:04:07,456 [pool-67-thread-1] INFO  server.RaftServerConfigKeys (ConfUtils.java:logGet(43)) - raft.server.snapshot.retention.num.files = 5 (custom)
2019-09-25 12:04:07,456 [pool-67-thread-1] INFO  server.RaftServerConfigKeys (ConfUtils.java:logGet(43)) - raft.server.retrycache.expirytime = 600000ms (custom)
2019-09-25 12:04:07,459 [pool-67-thread-1] INFO  impl.RaftServerImpl (RaftServerImpl.java:start(185)) - a7b713c9-d145-43da-b168-eb086be0693a@group-D6EAE68A4BDF: start as a follower, conf=-1: [a7b713c9-d145-43da-b168-eb086be0693a:192.168.30.6:39159], old=null
2019-09-25 12:04:07,459 [pool-67-thread-1] INFO  impl.RaftServerImpl (RaftServerImpl.java:setRole(174)) - a7b713c9-d145-43da-b168-eb086be0693a@group-D6EAE68A4BDF: changes role from      null to FOLLOWER at term 0 for startAsFollower
2019-09-25 12:04:07,460 [pool-67-thread-1] INFO  impl.RoleInfo (RoleInfo.java:updateAndGet(143)) - a7b713c9-d145-43da-b168-eb086be0693a: start FollowerState
2019-09-25 12:04:07,460 [pool-67-thread-1] INFO  util.JmxRegister (JmxRegister.java:tryRegister(44)) - Successfully registered JMX Bean with object name Ratis:service=RaftServer,group=group-D6EAE68A4BDF,id=a7b713c9-d145-43da-b168-eb086be0693a
2019-09-25 12:04:07,465 [RatisPipelineUtilsThread] INFO  pipeline.PipelineStateManager (PipelineStateManager.java:addPipeline(56)) - Created pipeline Pipeline[ Id: 84665a4c-6108-49b9-9ec3-d6eae68a4bdf, Nodes: a7b713c9-d145-43da-b168-eb086be0693a{ip: 192.168.30.6, host: pr-hdds-1569-5gmkr-4255264070, networkLocation: /default-rack, certSerialId: null}, Type:RATIS, Factor:ONE, State:OPEN]
2019-09-25 12:04:07,466 [RatisPipelineUtilsThread] INFO  pipeline.PipelinePlacementPolicy (PipelinePlacementPolicy.java:meetCriteria(91)) - Pipeline Placement: can't place more pipeline on heavy datanode： bdcb6c3e-8893-4e8a-90a8-eb631ad0e985 Heaviness: 6 limit: 5
2019-09-25 12:04:07,476 [grpc-default-executor-0] INFO  impl.RaftServerProxy (RaftServerProxy.java:addNew(89)) - a7b713c9-d145-43da-b168-eb086be0693a: addNew group-9D07A1487B10:[a7b713c9-d145-43da-b168-eb086be0693a:192.168.30.6:39159] returns group-9D07A1487B10:java.util.concurrent.CompletableFuture@1313f30b[Not completed]
2019-09-25 12:04:07,478 [pool-67-thread-1] INFO  impl.RaftServerImpl (RaftServerImpl.java:<init>(95)) - a7b713c9-d145-43da-b168-eb086be0693a: new RaftServerImpl for group-9D07A1487B10:[a7b713c9-d145-43da-b168-eb086be0693a:192.168.30.6:39159] with ContainerStateMachine:uninitialized
2019-09-25 12:04:07,478 [pool-67-thread-1] INFO  server.RaftServerConfigKeys (ConfUtils.java:logGet(43)) - raft.server.rpc.timeout.min = 5s (custom)
2019-09-25 12:04:07,478 [pool-67-thread-1] INFO  server.RaftServerConfigKeys (ConfUtils.java:logGet(43)) - raft.server.rpc.timeout.max = 5200ms (custom)
2019-09-25 12:04:07,478 [pool-67-thread-1] INFO  server.RaftServerConfigKeys (ConfUtils.java:logGet(43)) - raft.server.rpcslowness.timeout = 120s (custom)
2019-09-25 12:04:07,478 [pool-67-thread-1] INFO  server.RaftServerConfigKeys (ConfUtils.java:logGet(43)) - raft.server.sleep.deviation.threshold = 300 (default)
2019-09-25 12:04:07,479 [pool-67-thread-1] INFO  server.RaftServerConfigKeys (ConfUtils.java:logGet(43)) - raft.server.log.appender.install.snapshot.enabled = false (custom)
2019-09-25 12:04:07,479 [pool-67-thread-1] INFO  impl.RaftServerImpl (ServerState.java:<init>(103)) - a7b713c9-d145-43da-b168-eb086be0693a@group-9D07A1487B10: ConfigurationManager, init=-1: [a7b713c9-d145-43da-b168-eb086be0693a:192.168.30.6:39159], old=null, confs=<EMPTY_MAP>
2019-09-25 12:04:07,479 [pool-67-thread-1] INFO  server.RaftServerConfigKeys (ConfUtils.java:logGet(43)) - raft.server.storage.dir = [/workdir/hadoop-ozone/tools/target/test-dir/MiniOzoneClusterImpl-ed893a3b-0dc1-4b26-80b9-38249be7af87/datanode-4/data/ratis] (custom)
2019-09-25 12:04:07,479 [pool-67-thread-1] INFO  storage.RaftStorageDirectory (RaftStorageDirectory.java:analyzeStorage(246)) - The storage directory /workdir/hadoop-ozone/tools/target/test-dir/MiniOzoneClusterImpl-ed893a3b-0dc1-4b26-80b9-38249be7af87/datanode-4/data/ratis/59932331-258c-4a01-b050-9d07a1487b10 does not exist. Creating ...
2019-09-25 12:04:07,505 [pool-67-thread-1] INFO  storage.RaftStorageDirectory (RaftStorageDirectory.java:tryLock(328)) - Lock on /workdir/hadoop-ozone/tools/target/test-dir/MiniOzoneClusterImpl-ed893a3b-0dc1-4b26-80b9-38249be7af87/datanode-4/data/ratis/59932331-258c-4a01-b050-9d07a1487b10/in_use.lock acquired by nodename 13498@pr-hdds-1569-5gmkr-4255264070
2019-09-25 12:04:07,518 [pool-67-thread-1] INFO  storage.RaftStorage (RaftStorage.java:format(72)) - Storage directory /workdir/hadoop-ozone/tools/target/test-dir/MiniOzoneClusterImpl-ed893a3b-0dc1-4b26-80b9-38249be7af87/datanode-4/data/ratis/59932331-258c-4a01-b050-9d07a1487b10 has been successfully formatted.
2019-09-25 12:04:07,518 [pool-67-thread-1] INFO  ratis.ContainerStateMachine (ContainerStateMachine.java:loadSnapshot(230)) - group-9D07A1487B10: The snapshot info is null. Setting the last applied indexto:(t:0, i:~)
2019-09-25 12:04:07,518 [pool-67-thread-1] INFO  server.RaftServerConfigKeys (ConfUtils.java:logGet(43)) - raft.server.notification.no-leader.timeout = 120s (custom)
2019-09-25 12:04:07,519 [pool-67-thread-1] INFO  server.RaftServerConfigKeys (ConfUtils.java:logGet(43)) - raft.server.log.use.memory = false (default)
2019-09-25 12:04:07,519 [pool-67-thread-1] INFO  server.RaftServerConfigKeys (ConfUtils.java:logGet(43)) - raft.server.log.purge.gap = 1000000 (custom)
2019-09-25 12:04:07,519 [pool-67-thread-1] INFO  server.RaftServerConfigKeys (ConfUtils.java:logGet(43)) - raft.server.log.appender.buffer.byte-limit = 33554432 (custom)
2019-09-25 12:04:07,519 [pool-67-thread-1] INFO  server.RaftServerConfigKeys (ConfUtils.java:logGet(43)) - raft.server.log.segment.size.max = 1048576 (custom)
2019-09-25 12:04:07,519 [pool-67-thread-1] INFO  server.RaftServerConfigKeys (ConfUtils.java:logGet(43)) - raft.server.log.segment.cache.num.max = 2 (custom)
2019-09-25 12:04:07,519 [pool-67-thread-1] INFO  segmented.SegmentedRaftLogWorker (SegmentedRaftLogWorker.java:<init>(172)) - new a7b713c9-d145-43da-b168-eb086be0693a@group-9D07A1487B10-SegmentedRaftLogWorker for RaftStorage:Storage Directory /workdir/hadoop-ozone/tools/target/test-dir/MiniOzoneClusterImpl-ed893a3b-0dc1-4b26-80b9-38249be7af87/datanode-4/data/ratis/59932331-258c-4a01-b050-9d07a1487b10
2019-09-25 12:04:07,520 [pool-67-thread-1] INFO  server.RaftServerConfigKeys (ConfUtils.java:logGet(43)) - raft.server.log.queue.byte-limit = 2147483647 (custom)
2019-09-25 12:04:07,520 [pool-67-thread-1] INFO  server.RaftServerConfigKeys (ConfUtils.java:logGet(43)) - raft.server.log.queue.element-limit = 1024 (custom)
2019-09-25 12:04:07,520 [pool-67-thread-1] INFO  server.RaftServerConfigKeys (ConfUtils.java:logGet(43)) - raft.server.log.segment.size.max = 1048576 (custom)
2019-09-25 12:04:07,520 [pool-67-thread-1] INFO  server.RaftServerConfigKeys (ConfUtils.java:logGet(43)) - raft.server.log.preallocated.size = 16384 (custom)
2019-09-25 12:04:07,520 [pool-67-thread-1] INFO  server.RaftServerConfigKeys (ConfUtils.java:logGet(43)) - raft.server.log.write.buffer.size = 33554432 (custom)
2019-09-25 12:04:07,520 [pool-67-thread-1] INFO  server.RaftServerConfigKeys (ConfUtils.java:logGet(43)) - raft.server.log.force.sync.num = 128 (default)
2019-09-25 12:04:07,521 [pool-67-thread-1] INFO  server.RaftServerConfigKeys (ConfUtils.java:logGet(43)) - raft.server.log.statemachine.data.sync = true (default)
2019-09-25 12:04:07,521 [pool-67-thread-1] INFO  server.RaftServerConfigKeys (ConfUtils.java:logGet(43)) - raft.server.log.statemachine.data.sync.timeout = 10s (default)
2019-09-25 12:04:07,521 [pool-67-thread-1] INFO  server.RaftServerConfigKeys (ConfUtils.java:logGet(43)) - raft.server.log.statemachine.data.sync.timeout.retry = -1 (default)
2019-09-25 12:04:07,521 [pool-67-thread-1] INFO  server.RaftServerConfigKeys (ConfUtils.java:logGet(43)) - raft.server.log.statemachine.data.caching.enabled = true (custom)
2019-09-25 12:04:07,522 [pool-67-thread-1] INFO  segmented.SegmentedRaftLogWorker (SegmentedRaftLogWorker.java:lambda$new$0(132)) - a7b713c9-d145-43da-b168-eb086be0693a@group-9D07A1487B10-SegmentedRaftLogWorker: flushIndex: setUnconditionally 0 -> -1
2019-09-25 12:04:07,522 [pool-67-thread-1] INFO  server.RaftServerConfigKeys (ConfUtils.java:logGet(43)) - raft.server.snapshot.auto.trigger.enabled = true (custom)
2019-09-25 12:04:07,522 [pool-67-thread-1] INFO  server.RaftServerConfigKeys (ConfUtils.java:logGet(43)) - raft.server.snapshot.auto.trigger.threshold = 10000 (custom)
2019-09-25 12:04:07,522 [pool-67-thread-1] INFO  server.RaftServerConfigKeys (ConfUtils.java:logGet(43)) - raft.server.snapshot.retention.num.files = 5 (custom)
2019-09-25 12:04:07,523 [pool-67-thread-1] INFO  server.RaftServerConfigKeys (ConfUtils.java:logGet(43)) - raft.server.retrycache.expirytime = 600000ms (custom)
2019-09-25 12:04:07,525 [pool-67-thread-1] INFO  impl.RaftServerImpl (RaftServerImpl.java:start(185)) - a7b713c9-d145-43da-b168-eb086be0693a@group-9D07A1487B10: start as a follower, conf=-1: [a7b713c9-d145-43da-b168-eb086be0693a:192.168.30.6:39159], old=null
2019-09-25 12:04:07,525 [pool-67-thread-1] INFO  impl.RaftServerImpl (RaftServerImpl.java:setRole(174)) - a7b713c9-d145-43da-b168-eb086be0693a@group-9D07A1487B10: changes role from      null to FOLLOWER at term 0 for startAsFollower
2019-09-25 12:04:07,526 [pool-67-thread-1] INFO  impl.RoleInfo (RoleInfo.java:updateAndGet(143)) - a7b713c9-d145-43da-b168-eb086be0693a: start FollowerState
2019-09-25 12:04:07,526 [pool-67-thread-1] INFO  util.JmxRegister (JmxRegister.java:tryRegister(44)) - Successfully registered JMX Bean with object name Ratis:service=RaftServer,group=group-9D07A1487B10,id=a7b713c9-d145-43da-b168-eb086be0693a
2019-09-25 12:04:07,531 [RatisPipelineUtilsThread] INFO  pipeline.PipelineStateManager (PipelineStateManager.java:addPipeline(56)) - Created pipeline Pipeline[ Id: 59932331-258c-4a01-b050-9d07a1487b10, Nodes: a7b713c9-d145-43da-b168-eb086be0693a{ip: 192.168.30.6, host: pr-hdds-1569-5gmkr-4255264070, networkLocation: /default-rack, certSerialId: null}, Type:RATIS, Factor:ONE, State:OPEN]
2019-09-25 12:04:07,532 [RatisPipelineUtilsThread] INFO  pipeline.PipelinePlacementPolicy (PipelinePlacementPolicy.java:meetCriteria(91)) - Pipeline Placement: can't place more pipeline on heavy datanode： bdcb6c3e-8893-4e8a-90a8-eb631ad0e985 Heaviness: 6 limit: 5
2019-09-25 12:04:07,532 [RatisPipelineUtilsThread] INFO  pipeline.PipelinePlacementPolicy (PipelinePlacementPolicy.java:meetCriteria(91)) - Pipeline Placement: can't place more pipeline on heavy datanode： a7b713c9-d145-43da-b168-eb086be0693a Heaviness: 6 limit: 5
2019-09-25 12:04:07,541 [grpc-default-executor-0] INFO  impl.RaftServerProxy (RaftServerProxy.java:addNew(89)) - db9a1ebc-bc0c-4bed-8f15-d50f9a658f38: addNew group-9C8973258FF7:[db9a1ebc-bc0c-4bed-8f15-d50f9a658f38:192.168.30.6:39349] returns group-9C8973258FF7:java.util.concurrent.CompletableFuture@624fd796[Not completed]
2019-09-25 12:04:07,543 [pool-37-thread-1] INFO  impl.RaftServerImpl (RaftServerImpl.java:<init>(95)) - db9a1ebc-bc0c-4bed-8f15-d50f9a658f38: new RaftServerImpl for group-9C8973258FF7:[db9a1ebc-bc0c-4bed-8f15-d50f9a658f38:192.168.30.6:39349] with ContainerStateMachine:uninitialized
2019-09-25 12:04:07,543 [pool-37-thread-1] INFO  server.RaftServerConfigKeys (ConfUtils.java:logGet(43)) - raft.server.rpc.timeout.min = 5s (custom)
2019-09-25 12:04:07,543 [pool-37-thread-1] INFO  server.RaftServerConfigKeys (ConfUtils.java:logGet(43)) - raft.server.rpc.timeout.max = 5200ms (custom)
2019-09-25 12:04:07,544 [pool-37-thread-1] INFO  server.RaftServerConfigKeys (ConfUtils.java:logGet(43)) - raft.server.rpcslowness.timeout = 120s (custom)
2019-09-25 12:04:07,544 [pool-37-thread-1] INFO  server.RaftServerConfigKeys (ConfUtils.java:logGet(43)) - raft.server.sleep.deviation.threshold = 300 (default)
2019-09-25 12:04:07,544 [pool-37-thread-1] INFO  server.RaftServerConfigKeys (ConfUtils.java:logGet(43)) - raft.server.log.appender.install.snapshot.enabled = false (custom)
2019-09-25 12:04:07,544 [pool-37-thread-1] INFO  impl.RaftServerImpl (ServerState.java:<init>(103)) - db9a1ebc-bc0c-4bed-8f15-d50f9a658f38@group-9C8973258FF7: ConfigurationManager, init=-1: [db9a1ebc-bc0c-4bed-8f15-d50f9a658f38:192.168.30.6:39349], old=null, confs=<EMPTY_MAP>
2019-09-25 12:04:07,544 [pool-37-thread-1] INFO  server.RaftServerConfigKeys (ConfUtils.java:logGet(43)) - raft.server.storage.dir = [/workdir/hadoop-ozone/tools/target/test-dir/MiniOzoneClusterImpl-ed893a3b-0dc1-4b26-80b9-38249be7af87/datanode-1/data/ratis] (custom)
2019-09-25 12:04:07,545 [pool-37-thread-1] INFO  storage.RaftStorageDirectory (RaftStorageDirectory.java:analyzeStorage(246)) - The storage directory /workdir/hadoop-ozone/tools/target/test-dir/MiniOzoneClusterImpl-ed893a3b-0dc1-4b26-80b9-38249be7af87/datanode-1/data/ratis/d28775a1-c904-4ca5-b4ac-9c8973258ff7 does not exist. Creating ...
2019-09-25 12:04:07,557 [pool-37-thread-1] INFO  storage.RaftStorageDirectory (RaftStorageDirectory.java:tryLock(328)) - Lock on /workdir/hadoop-ozone/tools/target/test-dir/MiniOzoneClusterImpl-ed893a3b-0dc1-4b26-80b9-38249be7af87/datanode-1/data/ratis/d28775a1-c904-4ca5-b4ac-9c8973258ff7/in_use.lock acquired by nodename 13498@pr-hdds-1569-5gmkr-4255264070
2019-09-25 12:04:07,570 [pool-37-thread-1] INFO  storage.RaftStorage (RaftStorage.java:format(72)) - Storage directory /workdir/hadoop-ozone/tools/target/test-dir/MiniOzoneClusterImpl-ed893a3b-0dc1-4b26-80b9-38249be7af87/datanode-1/data/ratis/d28775a1-c904-4ca5-b4ac-9c8973258ff7 has been successfully formatted.
2019-09-25 12:04:07,570 [pool-37-thread-1] INFO  ratis.ContainerStateMachine (ContainerStateMachine.java:loadSnapshot(230)) - group-9C8973258FF7: The snapshot info is null. Setting the last applied indexto:(t:0, i:~)
2019-09-25 12:04:07,570 [pool-37-thread-1] INFO  server.RaftServerConfigKeys (ConfUtils.java:logGet(43)) - raft.server.notification.no-leader.timeout = 120s (custom)
2019-09-25 12:04:07,570 [pool-37-thread-1] INFO  server.RaftServerConfigKeys (ConfUtils.java:logGet(43)) - raft.server.log.use.memory = false (default)
2019-09-25 12:04:07,571 [pool-37-thread-1] INFO  server.RaftServerConfigKeys (ConfUtils.java:logGet(43)) - raft.server.log.purge.gap = 1000000 (custom)
2019-09-25 12:04:07,571 [pool-37-thread-1] INFO  server.RaftServerConfigKeys (ConfUtils.java:logGet(43)) - raft.server.log.appender.buffer.byte-limit = 33554432 (custom)
2019-09-25 12:04:07,571 [pool-37-thread-1] INFO  server.RaftServerConfigKeys (ConfUtils.java:logGet(43)) - raft.server.log.segment.size.max = 1048576 (custom)
2019-09-25 12:04:07,571 [pool-37-thread-1] INFO  server.RaftServerConfigKeys (ConfUtils.java:logGet(43)) - raft.server.log.segment.cache.num.max = 2 (custom)
2019-09-25 12:04:07,571 [pool-37-thread-1] INFO  segmented.SegmentedRaftLogWorker (SegmentedRaftLogWorker.java:<init>(172)) - new db9a1ebc-bc0c-4bed-8f15-d50f9a658f38@group-9C8973258FF7-SegmentedRaftLogWorker for RaftStorage:Storage Directory /workdir/hadoop-ozone/tools/target/test-dir/MiniOzoneClusterImpl-ed893a3b-0dc1-4b26-80b9-38249be7af87/datanode-1/data/ratis/d28775a1-c904-4ca5-b4ac-9c8973258ff7
2019-09-25 12:04:07,571 [pool-37-thread-1] INFO  server.RaftServerConfigKeys (ConfUtils.java:logGet(43)) - raft.server.log.queue.byte-limit = 2147483647 (custom)
2019-09-25 12:04:07,572 [pool-37-thread-1] INFO  server.RaftServerConfigKeys (ConfUtils.java:logGet(43)) - raft.server.log.queue.element-limit = 1024 (custom)
2019-09-25 12:04:07,572 [pool-37-thread-1] INFO  server.RaftServerConfigKeys (ConfUtils.java:logGet(43)) - raft.server.log.segment.size.max = 1048576 (custom)
2019-09-25 12:04:07,572 [pool-37-thread-1] INFO  server.RaftServerConfigKeys (ConfUtils.java:logGet(43)) - raft.server.log.preallocated.size = 16384 (custom)
2019-09-25 12:04:07,572 [pool-37-thread-1] INFO  server.RaftServerConfigKeys (ConfUtils.java:logGet(43)) - raft.server.log.write.buffer.size = 33554432 (custom)
2019-09-25 12:04:07,572 [pool-37-thread-1] INFO  server.RaftServerConfigKeys (ConfUtils.java:logGet(43)) - raft.server.log.force.sync.num = 128 (default)
2019-09-25 12:04:07,572 [pool-37-thread-1] INFO  server.RaftServerConfigKeys (ConfUtils.java:logGet(43)) - raft.server.log.statemachine.data.sync = true (default)
2019-09-25 12:04:07,572 [pool-37-thread-1] INFO  server.RaftServerConfigKeys (ConfUtils.java:logGet(43)) - raft.server.log.statemachine.data.sync.timeout = 10s (default)
2019-09-25 12:04:07,573 [pool-37-thread-1] INFO  server.RaftServerConfigKeys (ConfUtils.java:logGet(43)) - raft.server.log.statemachine.data.sync.timeout.retry = -1 (default)
2019-09-25 12:04:07,573 [pool-37-thread-1] INFO  server.RaftServerConfigKeys (ConfUtils.java:logGet(43)) - raft.server.log.statemachine.data.caching.enabled = true (custom)
2019-09-25 12:04:07,573 [pool-37-thread-1] INFO  segmented.SegmentedRaftLogWorker (SegmentedRaftLogWorker.java:lambda$new$0(132)) - db9a1ebc-bc0c-4bed-8f15-d50f9a658f38@group-9C8973258FF7-SegmentedRaftLogWorker: flushIndex: setUnconditionally 0 -> -1
2019-09-25 12:04:07,573 [pool-37-thread-1] INFO  server.RaftServerConfigKeys (ConfUtils.java:logGet(43)) - raft.server.snapshot.auto.trigger.enabled = true (custom)
2019-09-25 12:04:07,574 [pool-37-thread-1] INFO  server.RaftServerConfigKeys (ConfUtils.java:logGet(43)) - raft.server.snapshot.auto.trigger.threshold = 10000 (custom)
2019-09-25 12:04:07,574 [pool-37-thread-1] INFO  server.RaftServerConfigKeys (ConfUtils.java:logGet(43)) - raft.server.snapshot.retention.num.files = 5 (custom)
2019-09-25 12:04:07,574 [pool-37-thread-1] INFO  server.RaftServerConfigKeys (ConfUtils.java:logGet(43)) - raft.server.retrycache.expirytime = 600000ms (custom)
2019-09-25 12:04:07,577 [pool-37-thread-1] INFO  impl.RaftServerImpl (RaftServerImpl.java:start(185)) - db9a1ebc-bc0c-4bed-8f15-d50f9a658f38@group-9C8973258FF7: start as a follower, conf=-1: [db9a1ebc-bc0c-4bed-8f15-d50f9a658f38:192.168.30.6:39349], old=null
2019-09-25 12:04:07,577 [pool-37-thread-1] INFO  impl.RaftServerImpl (RaftServerImpl.java:setRole(174)) - db9a1ebc-bc0c-4bed-8f15-d50f9a658f38@group-9C8973258FF7: changes role from      null to FOLLOWER at term 0 for startAsFollower
2019-09-25 12:04:07,577 [pool-37-thread-1] INFO  impl.RoleInfo (RoleInfo.java:updateAndGet(143)) - db9a1ebc-bc0c-4bed-8f15-d50f9a658f38: start FollowerState
2019-09-25 12:04:07,577 [pool-37-thread-1] INFO  util.JmxRegister (JmxRegister.java:tryRegister(44)) - Successfully registered JMX Bean with object name Ratis:service=RaftServer,group=group-9C8973258FF7,id=db9a1ebc-bc0c-4bed-8f15-d50f9a658f38
2019-09-25 12:04:07,583 [RatisPipelineUtilsThread] INFO  pipeline.PipelineStateManager (PipelineStateManager.java:addPipeline(56)) - Created pipeline Pipeline[ Id: d28775a1-c904-4ca5-b4ac-9c8973258ff7, Nodes: db9a1ebc-bc0c-4bed-8f15-d50f9a658f38{ip: 192.168.30.6, host: pr-hdds-1569-5gmkr-4255264070, networkLocation: /default-rack, certSerialId: null}, Type:RATIS, Factor:ONE, State:OPEN]
2019-09-25 12:04:07,584 [RatisPipelineUtilsThread] INFO  pipeline.PipelinePlacementPolicy (PipelinePlacementPolicy.java:meetCriteria(91)) - Pipeline Placement: can't place more pipeline on heavy datanode： bdcb6c3e-8893-4e8a-90a8-eb631ad0e985 Heaviness: 6 limit: 5
2019-09-25 12:04:07,584 [RatisPipelineUtilsThread] INFO  pipeline.PipelinePlacementPolicy (PipelinePlacementPolicy.java:meetCriteria(91)) - Pipeline Placement: can't place more pipeline on heavy datanode： a7b713c9-d145-43da-b168-eb086be0693a Heaviness: 6 limit: 5
2019-09-25 12:04:07,594 [grpc-default-executor-0] INFO  impl.RaftServerProxy (RaftServerProxy.java:addNew(89)) - 26ee0107-1f2c-48c6-b68f-fb73f18a1c69: addNew group-D23307770A1B:[26ee0107-1f2c-48c6-b68f-fb73f18a1c69:192.168.30.6:45618] returns group-D23307770A1B:java.util.concurrent.CompletableFuture@519382b6[Not completed]
2019-09-25 12:04:07,595 [pool-47-thread-1] INFO  impl.RaftServerImpl (RaftServerImpl.java:<init>(95)) - 26ee0107-1f2c-48c6-b68f-fb73f18a1c69: new RaftServerImpl for group-D23307770A1B:[26ee0107-1f2c-48c6-b68f-fb73f18a1c69:192.168.30.6:45618] with ContainerStateMachine:uninitialized
2019-09-25 12:04:07,596 [pool-47-thread-1] INFO  server.RaftServerConfigKeys (ConfUtils.java:logGet(43)) - raft.server.rpc.timeout.min = 5s (custom)
2019-09-25 12:04:07,596 [pool-47-thread-1] INFO  server.RaftServerConfigKeys (ConfUtils.java:logGet(43)) - raft.server.rpc.timeout.max = 5200ms (custom)
2019-09-25 12:04:07,596 [pool-47-thread-1] INFO  server.RaftServerConfigKeys (ConfUtils.java:logGet(43)) - raft.server.rpcslowness.timeout = 120s (custom)
2019-09-25 12:04:07,596 [pool-47-thread-1] INFO  server.RaftServerConfigKeys (ConfUtils.java:logGet(43)) - raft.server.sleep.deviation.threshold = 300 (default)
2019-09-25 12:04:07,596 [pool-47-thread-1] INFO  server.RaftServerConfigKeys (ConfUtils.java:logGet(43)) - raft.server.log.appender.install.snapshot.enabled = false (custom)
2019-09-25 12:04:07,596 [pool-47-thread-1] INFO  impl.RaftServerImpl (ServerState.java:<init>(103)) - 26ee0107-1f2c-48c6-b68f-fb73f18a1c69@group-D23307770A1B: ConfigurationManager, init=-1: [26ee0107-1f2c-48c6-b68f-fb73f18a1c69:192.168.30.6:45618], old=null, confs=<EMPTY_MAP>
2019-09-25 12:04:07,597 [pool-47-thread-1] INFO  server.RaftServerConfigKeys (ConfUtils.java:logGet(43)) - raft.server.storage.dir = [/workdir/hadoop-ozone/tools/target/test-dir/MiniOzoneClusterImpl-ed893a3b-0dc1-4b26-80b9-38249be7af87/datanode-2/data/ratis] (custom)
2019-09-25 12:04:07,597 [pool-47-thread-1] INFO  storage.RaftStorageDirectory (RaftStorageDirectory.java:analyzeStorage(246)) - The storage directory /workdir/hadoop-ozone/tools/target/test-dir/MiniOzoneClusterImpl-ed893a3b-0dc1-4b26-80b9-38249be7af87/datanode-2/data/ratis/696ae144-693e-430c-98f9-d23307770a1b does not exist. Creating ...
2019-09-25 12:04:07,610 [pool-47-thread-1] INFO  storage.RaftStorageDirectory (RaftStorageDirectory.java:tryLock(328)) - Lock on /workdir/hadoop-ozone/tools/target/test-dir/MiniOzoneClusterImpl-ed893a3b-0dc1-4b26-80b9-38249be7af87/datanode-2/data/ratis/696ae144-693e-430c-98f9-d23307770a1b/in_use.lock acquired by nodename 13498@pr-hdds-1569-5gmkr-4255264070
2019-09-25 12:04:07,624 [pool-47-thread-1] INFO  storage.RaftStorage (RaftStorage.java:format(72)) - Storage directory /workdir/hadoop-ozone/tools/target/test-dir/MiniOzoneClusterImpl-ed893a3b-0dc1-4b26-80b9-38249be7af87/datanode-2/data/ratis/696ae144-693e-430c-98f9-d23307770a1b has been successfully formatted.
2019-09-25 12:04:07,624 [pool-47-thread-1] INFO  ratis.ContainerStateMachine (ContainerStateMachine.java:loadSnapshot(230)) - group-D23307770A1B: The snapshot info is null. Setting the last applied indexto:(t:0, i:~)
2019-09-25 12:04:07,624 [pool-47-thread-1] INFO  server.RaftServerConfigKeys (ConfUtils.java:logGet(43)) - raft.server.notification.no-leader.timeout = 120s (custom)
2019-09-25 12:04:07,625 [pool-47-thread-1] INFO  server.RaftServerConfigKeys (ConfUtils.java:logGet(43)) - raft.server.log.use.memory = false (default)
2019-09-25 12:04:07,625 [pool-47-thread-1] INFO  server.RaftServerConfigKeys (ConfUtils.java:logGet(43)) - raft.server.log.purge.gap = 1000000 (custom)
2019-09-25 12:04:07,625 [pool-47-thread-1] INFO  server.RaftServerConfigKeys (ConfUtils.java:logGet(43)) - raft.server.log.appender.buffer.byte-limit = 33554432 (custom)
2019-09-25 12:04:07,625 [pool-47-thread-1] INFO  server.RaftServerConfigKeys (ConfUtils.java:logGet(43)) - raft.server.log.segment.size.max = 1048576 (custom)
2019-09-25 12:04:07,625 [pool-47-thread-1] INFO  server.RaftServerConfigKeys (ConfUtils.java:logGet(43)) - raft.server.log.segment.cache.num.max = 2 (custom)
2019-09-25 12:04:07,625 [pool-47-thread-1] INFO  segmented.SegmentedRaftLogWorker (SegmentedRaftLogWorker.java:<init>(172)) - new 26ee0107-1f2c-48c6-b68f-fb73f18a1c69@group-D23307770A1B-SegmentedRaftLogWorker for RaftStorage:Storage Directory /workdir/hadoop-ozone/tools/target/test-dir/MiniOzoneClusterImpl-ed893a3b-0dc1-4b26-80b9-38249be7af87/datanode-2/data/ratis/696ae144-693e-430c-98f9-d23307770a1b
2019-09-25 12:04:07,626 [pool-47-thread-1] INFO  server.RaftServerConfigKeys (ConfUtils.java:logGet(43)) - raft.server.log.queue.byte-limit = 2147483647 (custom)
2019-09-25 12:04:07,626 [pool-47-thread-1] INFO  server.RaftServerConfigKeys (ConfUtils.java:logGet(43)) - raft.server.log.queue.element-limit = 1024 (custom)
2019-09-25 12:04:07,626 [pool-47-thread-1] INFO  server.RaftServerConfigKeys (ConfUtils.java:logGet(43)) - raft.server.log.segment.size.max = 1048576 (custom)
2019-09-25 12:04:07,626 [pool-47-thread-1] INFO  server.RaftServerConfigKeys (ConfUtils.java:logGet(43)) - raft.server.log.preallocated.size = 16384 (custom)
2019-09-25 12:04:07,626 [pool-47-thread-1] INFO  server.RaftServerConfigKeys (ConfUtils.java:logGet(43)) - raft.server.log.write.buffer.size = 33554432 (custom)
2019-09-25 12:04:07,626 [pool-47-thread-1] INFO  server.RaftServerConfigKeys (ConfUtils.java:logGet(43)) - raft.server.log.force.sync.num = 128 (default)
2019-09-25 12:04:07,627 [pool-47-thread-1] INFO  server.RaftServerConfigKeys (ConfUtils.java:logGet(43)) - raft.server.log.statemachine.data.sync = true (default)
2019-09-25 12:04:07,627 [pool-47-thread-1] INFO  server.RaftServerConfigKeys (ConfUtils.java:logGet(43)) - raft.server.log.statemachine.data.sync.timeout = 10s (default)
2019-09-25 12:04:07,627 [pool-47-thread-1] INFO  server.RaftServerConfigKeys (ConfUtils.java:logGet(43)) - raft.server.log.statemachine.data.sync.timeout.retry = -1 (default)
2019-09-25 12:04:07,627 [pool-47-thread-1] INFO  server.RaftServerConfigKeys (ConfUtils.java:logGet(43)) - raft.server.log.statemachine.data.caching.enabled = true (custom)
2019-09-25 12:04:07,628 [pool-47-thread-1] INFO  segmented.SegmentedRaftLogWorker (SegmentedRaftLogWorker.java:lambda$new$0(132)) - 26ee0107-1f2c-48c6-b68f-fb73f18a1c69@group-D23307770A1B-SegmentedRaftLogWorker: flushIndex: setUnconditionally 0 -> -1
2019-09-25 12:04:07,628 [pool-47-thread-1] INFO  server.RaftServerConfigKeys (ConfUtils.java:logGet(43)) - raft.server.snapshot.auto.trigger.enabled = true (custom)
2019-09-25 12:04:07,628 [pool-47-thread-1] INFO  server.RaftServerConfigKeys (ConfUtils.java:logGet(43)) - raft.server.snapshot.auto.trigger.threshold = 10000 (custom)
2019-09-25 12:04:07,628 [pool-47-thread-1] INFO  server.RaftServerConfigKeys (ConfUtils.java:logGet(43)) - raft.server.snapshot.retention.num.files = 5 (custom)
2019-09-25 12:04:07,628 [pool-47-thread-1] INFO  server.RaftServerConfigKeys (ConfUtils.java:logGet(43)) - raft.server.retrycache.expirytime = 600000ms (custom)
2019-09-25 12:04:07,631 [pool-47-thread-1] INFO  impl.RaftServerImpl (RaftServerImpl.java:start(185)) - 26ee0107-1f2c-48c6-b68f-fb73f18a1c69@group-D23307770A1B: start as a follower, conf=-1: [26ee0107-1f2c-48c6-b68f-fb73f18a1c69:192.168.30.6:45618], old=null
2019-09-25 12:04:07,631 [pool-47-thread-1] INFO  impl.RaftServerImpl (RaftServerImpl.java:setRole(174)) - 26ee0107-1f2c-48c6-b68f-fb73f18a1c69@group-D23307770A1B: changes role from      null to FOLLOWER at term 0 for startAsFollower
2019-09-25 12:04:07,632 [pool-47-thread-1] INFO  impl.RoleInfo (RoleInfo.java:updateAndGet(143)) - 26ee0107-1f2c-48c6-b68f-fb73f18a1c69: start FollowerState
2019-09-25 12:04:07,632 [pool-47-thread-1] INFO  util.JmxRegister (JmxRegister.java:tryRegister(44)) - Successfully registered JMX Bean with object name Ratis:service=RaftServer,group=group-D23307770A1B,id=26ee0107-1f2c-48c6-b68f-fb73f18a1c69
2019-09-25 12:04:07,637 [RatisPipelineUtilsThread] INFO  pipeline.PipelineStateManager (PipelineStateManager.java:addPipeline(56)) - Created pipeline Pipeline[ Id: 696ae144-693e-430c-98f9-d23307770a1b, Nodes: 26ee0107-1f2c-48c6-b68f-fb73f18a1c69{ip: 192.168.30.6, host: pr-hdds-1569-5gmkr-4255264070, networkLocation: /default-rack, certSerialId: null}, Type:RATIS, Factor:ONE, State:OPEN]
2019-09-25 12:04:07,637 [RatisPipelineUtilsThread] INFO  pipeline.PipelinePlacementPolicy (PipelinePlacementPolicy.java:meetCriteria(91)) - Pipeline Placement: can't place more pipeline on heavy datanode： bdcb6c3e-8893-4e8a-90a8-eb631ad0e985 Heaviness: 6 limit: 5
2019-09-25 12:04:07,638 [RatisPipelineUtilsThread] INFO  pipeline.PipelinePlacementPolicy (PipelinePlacementPolicy.java:meetCriteria(91)) - Pipeline Placement: can't place more pipeline on heavy datanode： a7b713c9-d145-43da-b168-eb086be0693a Heaviness: 6 limit: 5
2019-09-25 12:04:07,647 [grpc-default-executor-0] INFO  impl.RaftServerProxy (RaftServerProxy.java:addNew(89)) - 26ee0107-1f2c-48c6-b68f-fb73f18a1c69: addNew group-D4315058A9E5:[26ee0107-1f2c-48c6-b68f-fb73f18a1c69:192.168.30.6:45618] returns group-D4315058A9E5:java.util.concurrent.CompletableFuture@194c6d02[Not completed]
2019-09-25 12:04:07,648 [pool-47-thread-1] INFO  impl.RaftServerImpl (RaftServerImpl.java:<init>(95)) - 26ee0107-1f2c-48c6-b68f-fb73f18a1c69: new RaftServerImpl for group-D4315058A9E5:[26ee0107-1f2c-48c6-b68f-fb73f18a1c69:192.168.30.6:45618] with ContainerStateMachine:uninitialized
2019-09-25 12:04:07,649 [pool-47-thread-1] INFO  server.RaftServerConfigKeys (ConfUtils.java:logGet(43)) - raft.server.rpc.timeout.min = 5s (custom)
2019-09-25 12:04:07,649 [pool-47-thread-1] INFO  server.RaftServerConfigKeys (ConfUtils.java:logGet(43)) - raft.server.rpc.timeout.max = 5200ms (custom)
2019-09-25 12:04:07,649 [pool-47-thread-1] INFO  server.RaftServerConfigKeys (ConfUtils.java:logGet(43)) - raft.server.rpcslowness.timeout = 120s (custom)
2019-09-25 12:04:07,649 [pool-47-thread-1] INFO  server.RaftServerConfigKeys (ConfUtils.java:logGet(43)) - raft.server.sleep.deviation.threshold = 300 (default)
2019-09-25 12:04:07,649 [pool-47-thread-1] INFO  server.RaftServerConfigKeys (ConfUtils.java:logGet(43)) - raft.server.log.appender.install.snapshot.enabled = false (custom)
2019-09-25 12:04:07,649 [pool-47-thread-1] INFO  impl.RaftServerImpl (ServerState.java:<init>(103)) - 26ee0107-1f2c-48c6-b68f-fb73f18a1c69@group-D4315058A9E5: ConfigurationManager, init=-1: [26ee0107-1f2c-48c6-b68f-fb73f18a1c69:192.168.30.6:45618], old=null, confs=<EMPTY_MAP>
2019-09-25 12:04:07,649 [pool-47-thread-1] INFO  server.RaftServerConfigKeys (ConfUtils.java:logGet(43)) - raft.server.storage.dir = [/workdir/hadoop-ozone/tools/target/test-dir/MiniOzoneClusterImpl-ed893a3b-0dc1-4b26-80b9-38249be7af87/datanode-2/data/ratis] (custom)
2019-09-25 12:04:07,650 [pool-47-thread-1] INFO  storage.RaftStorageDirectory (RaftStorageDirectory.java:analyzeStorage(246)) - The storage directory /workdir/hadoop-ozone/tools/target/test-dir/MiniOzoneClusterImpl-ed893a3b-0dc1-4b26-80b9-38249be7af87/datanode-2/data/ratis/8e1be805-d9da-438a-b3f8-d4315058a9e5 does not exist. Creating ...
2019-09-25 12:04:07,665 [pool-47-thread-1] INFO  storage.RaftStorageDirectory (RaftStorageDirectory.java:tryLock(328)) - Lock on /workdir/hadoop-ozone/tools/target/test-dir/MiniOzoneClusterImpl-ed893a3b-0dc1-4b26-80b9-38249be7af87/datanode-2/data/ratis/8e1be805-d9da-438a-b3f8-d4315058a9e5/in_use.lock acquired by nodename 13498@pr-hdds-1569-5gmkr-4255264070
2019-09-25 12:04:07,677 [pool-47-thread-1] INFO  storage.RaftStorage (RaftStorage.java:format(72)) - Storage directory /workdir/hadoop-ozone/tools/target/test-dir/MiniOzoneClusterImpl-ed893a3b-0dc1-4b26-80b9-38249be7af87/datanode-2/data/ratis/8e1be805-d9da-438a-b3f8-d4315058a9e5 has been successfully formatted.
2019-09-25 12:04:07,677 [pool-47-thread-1] INFO  ratis.ContainerStateMachine (ContainerStateMachine.java:loadSnapshot(230)) - group-D4315058A9E5: The snapshot info is null. Setting the last applied indexto:(t:0, i:~)
2019-09-25 12:04:07,677 [pool-47-thread-1] INFO  server.RaftServerConfigKeys (ConfUtils.java:logGet(43)) - raft.server.notification.no-leader.timeout = 120s (custom)
2019-09-25 12:04:07,678 [pool-47-thread-1] INFO  server.RaftServerConfigKeys (ConfUtils.java:logGet(43)) - raft.server.log.use.memory = false (default)
2019-09-25 12:04:07,678 [pool-47-thread-1] INFO  server.RaftServerConfigKeys (ConfUtils.java:logGet(43)) - raft.server.log.purge.gap = 1000000 (custom)
2019-09-25 12:04:07,678 [pool-47-thread-1] INFO  server.RaftServerConfigKeys (ConfUtils.java:logGet(43)) - raft.server.log.appender.buffer.byte-limit = 33554432 (custom)
2019-09-25 12:04:07,678 [pool-47-thread-1] INFO  server.RaftServerConfigKeys (ConfUtils.java:logGet(43)) - raft.server.log.segment.size.max = 1048576 (custom)
2019-09-25 12:04:07,678 [pool-47-thread-1] INFO  server.RaftServerConfigKeys (ConfUtils.java:logGet(43)) - raft.server.log.segment.cache.num.max = 2 (custom)
2019-09-25 12:04:07,678 [pool-47-thread-1] INFO  segmented.SegmentedRaftLogWorker (SegmentedRaftLogWorker.java:<init>(172)) - new 26ee0107-1f2c-48c6-b68f-fb73f18a1c69@group-D4315058A9E5-SegmentedRaftLogWorker for RaftStorage:Storage Directory /workdir/hadoop-ozone/tools/target/test-dir/MiniOzoneClusterImpl-ed893a3b-0dc1-4b26-80b9-38249be7af87/datanode-2/data/ratis/8e1be805-d9da-438a-b3f8-d4315058a9e5
2019-09-25 12:04:07,679 [pool-47-thread-1] INFO  server.RaftServerConfigKeys (ConfUtils.java:logGet(43)) - raft.server.log.queue.byte-limit = 2147483647 (custom)
2019-09-25 12:04:07,679 [pool-47-thread-1] INFO  server.RaftServerConfigKeys (ConfUtils.java:logGet(43)) - raft.server.log.queue.element-limit = 1024 (custom)
2019-09-25 12:04:07,679 [pool-47-thread-1] INFO  server.RaftServerConfigKeys (ConfUtils.java:logGet(43)) - raft.server.log.segment.size.max = 1048576 (custom)
2019-09-25 12:04:07,679 [pool-47-thread-1] INFO  server.RaftServerConfigKeys (ConfUtils.java:logGet(43)) - raft.server.log.preallocated.size = 16384 (custom)
2019-09-25 12:04:07,679 [pool-47-thread-1] INFO  server.RaftServerConfigKeys (ConfUtils.java:logGet(43)) - raft.server.log.write.buffer.size = 33554432 (custom)
2019-09-25 12:04:07,679 [pool-47-thread-1] INFO  server.RaftServerConfigKeys (ConfUtils.java:logGet(43)) - raft.server.log.force.sync.num = 128 (default)
2019-09-25 12:04:07,680 [pool-47-thread-1] INFO  server.RaftServerConfigKeys (ConfUtils.java:logGet(43)) - raft.server.log.statemachine.data.sync = true (default)
2019-09-25 12:04:07,680 [pool-47-thread-1] INFO  server.RaftServerConfigKeys (ConfUtils.java:logGet(43)) - raft.server.log.statemachine.data.sync.timeout = 10s (default)
2019-09-25 12:04:07,680 [pool-47-thread-1] INFO  server.RaftServerConfigKeys (ConfUtils.java:logGet(43)) - raft.server.log.statemachine.data.sync.timeout.retry = -1 (default)
2019-09-25 12:04:07,680 [pool-47-thread-1] INFO  server.RaftServerConfigKeys (ConfUtils.java:logGet(43)) - raft.server.log.statemachine.data.caching.enabled = true (custom)
2019-09-25 12:04:07,681 [pool-47-thread-1] INFO  segmented.SegmentedRaftLogWorker (SegmentedRaftLogWorker.java:lambda$new$0(132)) - 26ee0107-1f2c-48c6-b68f-fb73f18a1c69@group-D4315058A9E5-SegmentedRaftLogWorker: flushIndex: setUnconditionally 0 -> -1
2019-09-25 12:04:07,681 [pool-47-thread-1] INFO  server.RaftServerConfigKeys (ConfUtils.java:logGet(43)) - raft.server.snapshot.auto.trigger.enabled = true (custom)
2019-09-25 12:04:07,681 [pool-47-thread-1] INFO  server.RaftServerConfigKeys (ConfUtils.java:logGet(43)) - raft.server.snapshot.auto.trigger.threshold = 10000 (custom)
2019-09-25 12:04:07,681 [pool-47-thread-1] INFO  server.RaftServerConfigKeys (ConfUtils.java:logGet(43)) - raft.server.snapshot.retention.num.files = 5 (custom)
2019-09-25 12:04:07,681 [pool-47-thread-1] INFO  server.RaftServerConfigKeys (ConfUtils.java:logGet(43)) - raft.server.retrycache.expirytime = 600000ms (custom)
2019-09-25 12:04:07,684 [pool-47-thread-1] INFO  impl.RaftServerImpl (RaftServerImpl.java:start(185)) - 26ee0107-1f2c-48c6-b68f-fb73f18a1c69@group-D4315058A9E5: start as a follower, conf=-1: [26ee0107-1f2c-48c6-b68f-fb73f18a1c69:192.168.30.6:45618], old=null
2019-09-25 12:04:07,684 [pool-47-thread-1] INFO  impl.RaftServerImpl (RaftServerImpl.java:setRole(174)) - 26ee0107-1f2c-48c6-b68f-fb73f18a1c69@group-D4315058A9E5: changes role from      null to FOLLOWER at term 0 for startAsFollower
2019-09-25 12:04:07,685 [pool-47-thread-1] INFO  impl.RoleInfo (RoleInfo.java:updateAndGet(143)) - 26ee0107-1f2c-48c6-b68f-fb73f18a1c69: start FollowerState
2019-09-25 12:04:07,685 [pool-47-thread-1] INFO  util.JmxRegister (JmxRegister.java:tryRegister(44)) - Successfully registered JMX Bean with object name Ratis:service=RaftServer,group=group-D4315058A9E5,id=26ee0107-1f2c-48c6-b68f-fb73f18a1c69
2019-09-25 12:04:07,690 [RatisPipelineUtilsThread] INFO  pipeline.PipelineStateManager (PipelineStateManager.java:addPipeline(56)) - Created pipeline Pipeline[ Id: 8e1be805-d9da-438a-b3f8-d4315058a9e5, Nodes: 26ee0107-1f2c-48c6-b68f-fb73f18a1c69{ip: 192.168.30.6, host: pr-hdds-1569-5gmkr-4255264070, networkLocation: /default-rack, certSerialId: null}, Type:RATIS, Factor:ONE, State:OPEN]
2019-09-25 12:04:07,691 [RatisPipelineUtilsThread] INFO  pipeline.PipelinePlacementPolicy (PipelinePlacementPolicy.java:meetCriteria(91)) - Pipeline Placement: can't place more pipeline on heavy datanode： bdcb6c3e-8893-4e8a-90a8-eb631ad0e985 Heaviness: 6 limit: 5
2019-09-25 12:04:07,691 [RatisPipelineUtilsThread] INFO  pipeline.PipelinePlacementPolicy (PipelinePlacementPolicy.java:meetCriteria(91)) - Pipeline Placement: can't place more pipeline on heavy datanode： a7b713c9-d145-43da-b168-eb086be0693a Heaviness: 6 limit: 5
2019-09-25 12:04:07,702 [grpc-default-executor-0] INFO  impl.RaftServerProxy (RaftServerProxy.java:addNew(89)) - db9a1ebc-bc0c-4bed-8f15-d50f9a658f38: addNew group-4704E0B1C3C6:[db9a1ebc-bc0c-4bed-8f15-d50f9a658f38:192.168.30.6:39349] returns group-4704E0B1C3C6:java.util.concurrent.CompletableFuture@2c2616bf[Not completed]
2019-09-25 12:04:07,703 [pool-37-thread-1] INFO  impl.RaftServerImpl (RaftServerImpl.java:<init>(95)) - db9a1ebc-bc0c-4bed-8f15-d50f9a658f38: new RaftServerImpl for group-4704E0B1C3C6:[db9a1ebc-bc0c-4bed-8f15-d50f9a658f38:192.168.30.6:39349] with ContainerStateMachine:uninitialized
2019-09-25 12:04:07,703 [pool-37-thread-1] INFO  server.RaftServerConfigKeys (ConfUtils.java:logGet(43)) - raft.server.rpc.timeout.min = 5s (custom)
2019-09-25 12:04:07,703 [pool-37-thread-1] INFO  server.RaftServerConfigKeys (ConfUtils.java:logGet(43)) - raft.server.rpc.timeout.max = 5200ms (custom)
2019-09-25 12:04:07,704 [pool-37-thread-1] INFO  server.RaftServerConfigKeys (ConfUtils.java:logGet(43)) - raft.server.rpcslowness.timeout = 120s (custom)
2019-09-25 12:04:07,704 [pool-37-thread-1] INFO  server.RaftServerConfigKeys (ConfUtils.java:logGet(43)) - raft.server.sleep.deviation.threshold = 300 (default)
2019-09-25 12:04:07,704 [pool-37-thread-1] INFO  server.RaftServerConfigKeys (ConfUtils.java:logGet(43)) - raft.server.log.appender.install.snapshot.enabled = false (custom)
2019-09-25 12:04:07,704 [pool-37-thread-1] INFO  impl.RaftServerImpl (ServerState.java:<init>(103)) - db9a1ebc-bc0c-4bed-8f15-d50f9a658f38@group-4704E0B1C3C6: ConfigurationManager, init=-1: [db9a1ebc-bc0c-4bed-8f15-d50f9a658f38:192.168.30.6:39349], old=null, confs=<EMPTY_MAP>
2019-09-25 12:04:07,704 [pool-37-thread-1] INFO  server.RaftServerConfigKeys (ConfUtils.java:logGet(43)) - raft.server.storage.dir = [/workdir/hadoop-ozone/tools/target/test-dir/MiniOzoneClusterImpl-ed893a3b-0dc1-4b26-80b9-38249be7af87/datanode-1/data/ratis] (custom)
2019-09-25 12:04:07,705 [pool-37-thread-1] INFO  storage.RaftStorageDirectory (RaftStorageDirectory.java:analyzeStorage(246)) - The storage directory /workdir/hadoop-ozone/tools/target/test-dir/MiniOzoneClusterImpl-ed893a3b-0dc1-4b26-80b9-38249be7af87/datanode-1/data/ratis/7d4ad670-5623-4d78-8d51-4704e0b1c3c6 does not exist. Creating ...
 0.00% |█                                                                                                    |  0/1 Time: 0:00:012019-09-25 12:04:07,718 [pool-37-thread-1] INFO  storage.RaftStorageDirectory (RaftStorageDirectory.java:tryLock(328)) - Lock on /workdir/hadoop-ozone/tools/target/test-dir/MiniOzoneClusterImpl-ed893a3b-0dc1-4b26-80b9-38249be7af87/datanode-1/data/ratis/7d4ad670-5623-4d78-8d51-4704e0b1c3c6/in_use.lock acquired by nodename 13498@pr-hdds-1569-5gmkr-4255264070
2019-09-25 12:04:07,731 [pool-37-thread-1] INFO  storage.RaftStorage (RaftStorage.java:format(72)) - Storage directory /workdir/hadoop-ozone/tools/target/test-dir/MiniOzoneClusterImpl-ed893a3b-0dc1-4b26-80b9-38249be7af87/datanode-1/data/ratis/7d4ad670-5623-4d78-8d51-4704e0b1c3c6 has been successfully formatted.
2019-09-25 12:04:07,731 [pool-37-thread-1] INFO  ratis.ContainerStateMachine (ContainerStateMachine.java:loadSnapshot(230)) - group-4704E0B1C3C6: The snapshot info is null. Setting the last applied indexto:(t:0, i:~)
2019-09-25 12:04:07,731 [pool-37-thread-1] INFO  server.RaftServerConfigKeys (ConfUtils.java:logGet(43)) - raft.server.notification.no-leader.timeout = 120s (custom)
2019-09-25 12:04:07,731 [pool-37-thread-1] INFO  server.RaftServerConfigKeys (ConfUtils.java:logGet(43)) - raft.server.log.use.memory = false (default)
2019-09-25 12:04:07,731 [pool-37-thread-1] INFO  server.RaftServerConfigKeys (ConfUtils.java:logGet(43)) - raft.server.log.purge.gap = 1000000 (custom)
2019-09-25 12:04:07,732 [pool-37-thread-1] INFO  server.RaftServerConfigKeys (ConfUtils.java:logGet(43)) - raft.server.log.appender.buffer.byte-limit = 33554432 (custom)
2019-09-25 12:04:07,732 [pool-37-thread-1] INFO  server.RaftServerConfigKeys (ConfUtils.java:logGet(43)) - raft.server.log.segment.size.max = 1048576 (custom)
2019-09-25 12:04:07,732 [pool-37-thread-1] INFO  server.RaftServerConfigKeys (ConfUtils.java:logGet(43)) - raft.server.log.segment.cache.num.max = 2 (custom)
2019-09-25 12:04:07,732 [pool-37-thread-1] INFO  segmented.SegmentedRaftLogWorker (SegmentedRaftLogWorker.java:<init>(172)) - new db9a1ebc-bc0c-4bed-8f15-d50f9a658f38@group-4704E0B1C3C6-SegmentedRaftLogWorker for RaftStorage:Storage Directory /workdir/hadoop-ozone/tools/target/test-dir/MiniOzoneClusterImpl-ed893a3b-0dc1-4b26-80b9-38249be7af87/datanode-1/data/ratis/7d4ad670-5623-4d78-8d51-4704e0b1c3c6
2019-09-25 12:04:07,732 [pool-37-thread-1] INFO  server.RaftServerConfigKeys (ConfUtils.java:logGet(43)) - raft.server.log.queue.byte-limit = 2147483647 (custom)
2019-09-25 12:04:07,732 [pool-37-thread-1] INFO  server.RaftServerConfigKeys (ConfUtils.java:logGet(43)) - raft.server.log.queue.element-limit = 1024 (custom)
2019-09-25 12:04:07,732 [pool-37-thread-1] INFO  server.RaftServerConfigKeys (ConfUtils.java:logGet(43)) - raft.server.log.segment.size.max = 1048576 (custom)
2019-09-25 12:04:07,733 [pool-37-thread-1] INFO  server.RaftServerConfigKeys (ConfUtils.java:logGet(43)) - raft.server.log.preallocated.size = 16384 (custom)
2019-09-25 12:04:07,733 [pool-37-thread-1] INFO  server.RaftServerConfigKeys (ConfUtils.java:logGet(43)) - raft.server.log.write.buffer.size = 33554432 (custom)
2019-09-25 12:04:07,733 [pool-37-thread-1] INFO  server.RaftServerConfigKeys (ConfUtils.java:logGet(43)) - raft.server.log.force.sync.num = 128 (default)
2019-09-25 12:04:07,733 [pool-37-thread-1] INFO  server.RaftServerConfigKeys (ConfUtils.java:logGet(43)) - raft.server.log.statemachine.data.sync = true (default)
2019-09-25 12:04:07,733 [pool-37-thread-1] INFO  server.RaftServerConfigKeys (ConfUtils.java:logGet(43)) - raft.server.log.statemachine.data.sync.timeout = 10s (default)
2019-09-25 12:04:07,733 [pool-37-thread-1] INFO  server.RaftServerConfigKeys (ConfUtils.java:logGet(43)) - raft.server.log.statemachine.data.sync.timeout.retry = -1 (default)
2019-09-25 12:04:07,734 [pool-37-thread-1] INFO  server.RaftServerConfigKeys (ConfUtils.java:logGet(43)) - raft.server.log.statemachine.data.caching.enabled = true (custom)
2019-09-25 12:04:07,734 [pool-37-thread-1] INFO  segmented.SegmentedRaftLogWorker (SegmentedRaftLogWorker.java:lambda$new$0(132)) - db9a1ebc-bc0c-4bed-8f15-d50f9a658f38@group-4704E0B1C3C6-SegmentedRaftLogWorker: flushIndex: setUnconditionally 0 -> -1
2019-09-25 12:04:07,734 [pool-37-thread-1] INFO  server.RaftServerConfigKeys (ConfUtils.java:logGet(43)) - raft.server.snapshot.auto.trigger.enabled = true (custom)
2019-09-25 12:04:07,735 [pool-37-thread-1] INFO  server.RaftServerConfigKeys (ConfUtils.java:logGet(43)) - raft.server.snapshot.auto.trigger.threshold = 10000 (custom)
2019-09-25 12:04:07,735 [pool-37-thread-1] INFO  server.RaftServerConfigKeys (ConfUtils.java:logGet(43)) - raft.server.snapshot.retention.num.files = 5 (custom)
2019-09-25 12:04:07,735 [pool-37-thread-1] INFO  server.RaftServerConfigKeys (ConfUtils.java:logGet(43)) - raft.server.retrycache.expirytime = 600000ms (custom)
2019-09-25 12:04:07,738 [pool-37-thread-1] INFO  impl.RaftServerImpl (RaftServerImpl.java:start(185)) - db9a1ebc-bc0c-4bed-8f15-d50f9a658f38@group-4704E0B1C3C6: start as a follower, conf=-1: [db9a1ebc-bc0c-4bed-8f15-d50f9a658f38:192.168.30.6:39349], old=null
2019-09-25 12:04:07,738 [pool-37-thread-1] INFO  impl.RaftServerImpl (RaftServerImpl.java:setRole(174)) - db9a1ebc-bc0c-4bed-8f15-d50f9a658f38@group-4704E0B1C3C6: changes role from      null to FOLLOWER at term 0 for startAsFollower
2019-09-25 12:04:07,738 [pool-37-thread-1] INFO  impl.RoleInfo (RoleInfo.java:updateAndGet(143)) - db9a1ebc-bc0c-4bed-8f15-d50f9a658f38: start FollowerState
2019-09-25 12:04:07,738 [pool-37-thread-1] INFO  util.JmxRegister (JmxRegister.java:tryRegister(44)) - Successfully registered JMX Bean with object name Ratis:service=RaftServer,group=group-4704E0B1C3C6,id=db9a1ebc-bc0c-4bed-8f15-d50f9a658f38
2019-09-25 12:04:07,744 [RatisPipelineUtilsThread] INFO  pipeline.PipelineStateManager (PipelineStateManager.java:addPipeline(56)) - Created pipeline Pipeline[ Id: 7d4ad670-5623-4d78-8d51-4704e0b1c3c6, Nodes: db9a1ebc-bc0c-4bed-8f15-d50f9a658f38{ip: 192.168.30.6, host: pr-hdds-1569-5gmkr-4255264070, networkLocation: /default-rack, certSerialId: null}, Type:RATIS, Factor:ONE, State:OPEN]
2019-09-25 12:04:07,744 [RatisPipelineUtilsThread] INFO  pipeline.PipelinePlacementPolicy (PipelinePlacementPolicy.java:meetCriteria(91)) - Pipeline Placement: can't place more pipeline on heavy datanode： bdcb6c3e-8893-4e8a-90a8-eb631ad0e985 Heaviness: 6 limit: 5
2019-09-25 12:04:07,744 [RatisPipelineUtilsThread] INFO  pipeline.PipelinePlacementPolicy (PipelinePlacementPolicy.java:meetCriteria(91)) - Pipeline Placement: can't place more pipeline on heavy datanode： a7b713c9-d145-43da-b168-eb086be0693a Heaviness: 6 limit: 5
2019-09-25 12:04:07,753 [grpc-default-executor-0] INFO  impl.RaftServerProxy (RaftServerProxy.java:addNew(89)) - 26ee0107-1f2c-48c6-b68f-fb73f18a1c69: addNew group-775E9BAF421D:[26ee0107-1f2c-48c6-b68f-fb73f18a1c69:192.168.30.6:45618] returns group-775E9BAF421D:java.util.concurrent.CompletableFuture@4c0be408[Not completed]
2019-09-25 12:04:07,754 [pool-47-thread-1] INFO  impl.RaftServerImpl (RaftServerImpl.java:<init>(95)) - 26ee0107-1f2c-48c6-b68f-fb73f18a1c69: new RaftServerImpl for group-775E9BAF421D:[26ee0107-1f2c-48c6-b68f-fb73f18a1c69:192.168.30.6:45618] with ContainerStateMachine:uninitialized
2019-09-25 12:04:07,755 [pool-47-thread-1] INFO  server.RaftServerConfigKeys (ConfUtils.java:logGet(43)) - raft.server.rpc.timeout.min = 5s (custom)
2019-09-25 12:04:07,755 [pool-47-thread-1] INFO  server.RaftServerConfigKeys (ConfUtils.java:logGet(43)) - raft.server.rpc.timeout.max = 5200ms (custom)
2019-09-25 12:04:07,755 [pool-47-thread-1] INFO  server.RaftServerConfigKeys (ConfUtils.java:logGet(43)) - raft.server.rpcslowness.timeout = 120s (custom)
2019-09-25 12:04:07,755 [pool-47-thread-1] INFO  server.RaftServerConfigKeys (ConfUtils.java:logGet(43)) - raft.server.sleep.deviation.threshold = 300 (default)
2019-09-25 12:04:07,755 [pool-47-thread-1] INFO  server.RaftServerConfigKeys (ConfUtils.java:logGet(43)) - raft.server.log.appender.install.snapshot.enabled = false (custom)
2019-09-25 12:04:07,755 [pool-47-thread-1] INFO  impl.RaftServerImpl (ServerState.java:<init>(103)) - 26ee0107-1f2c-48c6-b68f-fb73f18a1c69@group-775E9BAF421D: ConfigurationManager, init=-1: [26ee0107-1f2c-48c6-b68f-fb73f18a1c69:192.168.30.6:45618], old=null, confs=<EMPTY_MAP>
2019-09-25 12:04:07,756 [pool-47-thread-1] INFO  server.RaftServerConfigKeys (ConfUtils.java:logGet(43)) - raft.server.storage.dir = [/workdir/hadoop-ozone/tools/target/test-dir/MiniOzoneClusterImpl-ed893a3b-0dc1-4b26-80b9-38249be7af87/datanode-2/data/ratis] (custom)
2019-09-25 12:04:07,756 [pool-47-thread-1] INFO  storage.RaftStorageDirectory (RaftStorageDirectory.java:analyzeStorage(246)) - The storage directory /workdir/hadoop-ozone/tools/target/test-dir/MiniOzoneClusterImpl-ed893a3b-0dc1-4b26-80b9-38249be7af87/datanode-2/data/ratis/fed5f743-1691-47b4-b8b4-775e9baf421d does not exist. Creating ...
2019-09-25 12:04:07,769 [pool-47-thread-1] INFO  storage.RaftStorageDirectory (RaftStorageDirectory.java:tryLock(328)) - Lock on /workdir/hadoop-ozone/tools/target/test-dir/MiniOzoneClusterImpl-ed893a3b-0dc1-4b26-80b9-38249be7af87/datanode-2/data/ratis/fed5f743-1691-47b4-b8b4-775e9baf421d/in_use.lock acquired by nodename 13498@pr-hdds-1569-5gmkr-4255264070
2019-09-25 12:04:07,781 [pool-47-thread-1] INFO  storage.RaftStorage (RaftStorage.java:format(72)) - Storage directory /workdir/hadoop-ozone/tools/target/test-dir/MiniOzoneClusterImpl-ed893a3b-0dc1-4b26-80b9-38249be7af87/datanode-2/data/ratis/fed5f743-1691-47b4-b8b4-775e9baf421d has been successfully formatted.
2019-09-25 12:04:07,782 [pool-47-thread-1] INFO  ratis.ContainerStateMachine (ContainerStateMachine.java:loadSnapshot(230)) - group-775E9BAF421D: The snapshot info is null. Setting the last applied indexto:(t:0, i:~)
2019-09-25 12:04:07,782 [pool-47-thread-1] INFO  server.RaftServerConfigKeys (ConfUtils.java:logGet(43)) - raft.server.notification.no-leader.timeout = 120s (custom)
2019-09-25 12:04:07,782 [pool-47-thread-1] INFO  server.RaftServerConfigKeys (ConfUtils.java:logGet(43)) - raft.server.log.use.memory = false (default)
2019-09-25 12:04:07,782 [pool-47-thread-1] INFO  server.RaftServerConfigKeys (ConfUtils.java:logGet(43)) - raft.server.log.purge.gap = 1000000 (custom)
2019-09-25 12:04:07,782 [pool-47-thread-1] INFO  server.RaftServerConfigKeys (ConfUtils.java:logGet(43)) - raft.server.log.appender.buffer.byte-limit = 33554432 (custom)
2019-09-25 12:04:07,783 [pool-47-thread-1] INFO  server.RaftServerConfigKeys (ConfUtils.java:logGet(43)) - raft.server.log.segment.size.max = 1048576 (custom)
2019-09-25 12:04:07,783 [pool-47-thread-1] INFO  server.RaftServerConfigKeys (ConfUtils.java:logGet(43)) - raft.server.log.segment.cache.num.max = 2 (custom)
2019-09-25 12:04:07,783 [pool-47-thread-1] INFO  segmented.SegmentedRaftLogWorker (SegmentedRaftLogWorker.java:<init>(172)) - new 26ee0107-1f2c-48c6-b68f-fb73f18a1c69@group-775E9BAF421D-SegmentedRaftLogWorker for RaftStorage:Storage Directory /workdir/hadoop-ozone/tools/target/test-dir/MiniOzoneClusterImpl-ed893a3b-0dc1-4b26-80b9-38249be7af87/datanode-2/data/ratis/fed5f743-1691-47b4-b8b4-775e9baf421d
2019-09-25 12:04:07,783 [pool-47-thread-1] INFO  server.RaftServerConfigKeys (ConfUtils.java:logGet(43)) - raft.server.log.queue.byte-limit = 2147483647 (custom)
2019-09-25 12:04:07,783 [pool-47-thread-1] INFO  server.RaftServerConfigKeys (ConfUtils.java:logGet(43)) - raft.server.log.queue.element-limit = 1024 (custom)
2019-09-25 12:04:07,783 [pool-47-thread-1] INFO  server.RaftServerConfigKeys (ConfUtils.java:logGet(43)) - raft.server.log.segment.size.max = 1048576 (custom)
2019-09-25 12:04:07,784 [pool-47-thread-1] INFO  server.RaftServerConfigKeys (ConfUtils.java:logGet(43)) - raft.server.log.preallocated.size = 16384 (custom)
2019-09-25 12:04:07,784 [pool-47-thread-1] INFO  server.RaftServerConfigKeys (ConfUtils.java:logGet(43)) - raft.server.log.write.buffer.size = 33554432 (custom)
2019-09-25 12:04:07,784 [pool-47-thread-1] INFO  server.RaftServerConfigKeys (ConfUtils.java:logGet(43)) - raft.server.log.force.sync.num = 128 (default)
2019-09-25 12:04:07,784 [pool-47-thread-1] INFO  server.RaftServerConfigKeys (ConfUtils.java:logGet(43)) - raft.server.log.statemachine.data.sync = true (default)
2019-09-25 12:04:07,784 [pool-47-thread-1] INFO  server.RaftServerConfigKeys (ConfUtils.java:logGet(43)) - raft.server.log.statemachine.data.sync.timeout = 10s (default)
2019-09-25 12:04:07,784 [pool-47-thread-1] INFO  server.RaftServerConfigKeys (ConfUtils.java:logGet(43)) - raft.server.log.statemachine.data.sync.timeout.retry = -1 (default)
2019-09-25 12:04:07,785 [pool-47-thread-1] INFO  server.RaftServerConfigKeys (ConfUtils.java:logGet(43)) - raft.server.log.statemachine.data.caching.enabled = true (custom)
2019-09-25 12:04:07,785 [pool-47-thread-1] INFO  segmented.SegmentedRaftLogWorker (SegmentedRaftLogWorker.java:lambda$new$0(132)) - 26ee0107-1f2c-48c6-b68f-fb73f18a1c69@group-775E9BAF421D-SegmentedRaftLogWorker: flushIndex: setUnconditionally 0 -> -1
2019-09-25 12:04:07,785 [pool-47-thread-1] INFO  server.RaftServerConfigKeys (ConfUtils.java:logGet(43)) - raft.server.snapshot.auto.trigger.enabled = true (custom)
2019-09-25 12:04:07,786 [pool-47-thread-1] INFO  server.RaftServerConfigKeys (ConfUtils.java:logGet(43)) - raft.server.snapshot.auto.trigger.threshold = 10000 (custom)
2019-09-25 12:04:07,786 [pool-47-thread-1] INFO  server.RaftServerConfigKeys (ConfUtils.java:logGet(43)) - raft.server.snapshot.retention.num.files = 5 (custom)
2019-09-25 12:04:07,786 [pool-47-thread-1] INFO  server.RaftServerConfigKeys (ConfUtils.java:logGet(43)) - raft.server.retrycache.expirytime = 600000ms (custom)
2019-09-25 12:04:07,789 [pool-47-thread-1] INFO  impl.RaftServerImpl (RaftServerImpl.java:start(185)) - 26ee0107-1f2c-48c6-b68f-fb73f18a1c69@group-775E9BAF421D: start as a follower, conf=-1: [26ee0107-1f2c-48c6-b68f-fb73f18a1c69:192.168.30.6:45618], old=null
2019-09-25 12:04:07,789 [pool-47-thread-1] INFO  impl.RaftServerImpl (RaftServerImpl.java:setRole(174)) - 26ee0107-1f2c-48c6-b68f-fb73f18a1c69@group-775E9BAF421D: changes role from      null to FOLLOWER at term 0 for startAsFollower
2019-09-25 12:04:07,789 [pool-47-thread-1] INFO  impl.RoleInfo (RoleInfo.java:updateAndGet(143)) - 26ee0107-1f2c-48c6-b68f-fb73f18a1c69: start FollowerState
2019-09-25 12:04:07,790 [pool-47-thread-1] INFO  util.JmxRegister (JmxRegister.java:tryRegister(44)) - Successfully registered JMX Bean with object name Ratis:service=RaftServer,group=group-775E9BAF421D,id=26ee0107-1f2c-48c6-b68f-fb73f18a1c69
2019-09-25 12:04:07,794 [RatisPipelineUtilsThread] INFO  pipeline.PipelineStateManager (PipelineStateManager.java:addPipeline(56)) - Created pipeline Pipeline[ Id: fed5f743-1691-47b4-b8b4-775e9baf421d, Nodes: 26ee0107-1f2c-48c6-b68f-fb73f18a1c69{ip: 192.168.30.6, host: pr-hdds-1569-5gmkr-4255264070, networkLocation: /default-rack, certSerialId: null}, Type:RATIS, Factor:ONE, State:OPEN]
2019-09-25 12:04:07,795 [RatisPipelineUtilsThread] INFO  pipeline.PipelinePlacementPolicy (PipelinePlacementPolicy.java:meetCriteria(91)) - Pipeline Placement: can't place more pipeline on heavy datanode： bdcb6c3e-8893-4e8a-90a8-eb631ad0e985 Heaviness: 6 limit: 5
2019-09-25 12:04:07,795 [RatisPipelineUtilsThread] INFO  pipeline.PipelinePlacementPolicy (PipelinePlacementPolicy.java:meetCriteria(91)) - Pipeline Placement: can't place more pipeline on heavy datanode： a7b713c9-d145-43da-b168-eb086be0693a Heaviness: 6 limit: 5
2019-09-25 12:04:07,795 [RatisPipelineUtilsThread] INFO  pipeline.PipelinePlacementPolicy (PipelinePlacementPolicy.java:meetCriteria(91)) - Pipeline Placement: can't place more pipeline on heavy datanode： 26ee0107-1f2c-48c6-b68f-fb73f18a1c69 Heaviness: 6 limit: 5
2019-09-25 12:04:07,805 [grpc-default-executor-0] INFO  impl.RaftServerProxy (RaftServerProxy.java:addNew(89)) - 24c3890a-3f13-4340-8313-f577cdc100b6: addNew group-ECD8CABE001D:[24c3890a-3f13-4340-8313-f577cdc100b6:192.168.30.6:35545] returns group-ECD8CABE001D:java.util.concurrent.CompletableFuture@5c159bd3[Not completed]
2019-09-25 12:04:07,806 [pool-57-thread-1] INFO  impl.RaftServerImpl (RaftServerImpl.java:<init>(95)) - 24c3890a-3f13-4340-8313-f577cdc100b6: new RaftServerImpl for group-ECD8CABE001D:[24c3890a-3f13-4340-8313-f577cdc100b6:192.168.30.6:35545] with ContainerStateMachine:uninitialized
2019-09-25 12:04:07,806 [pool-57-thread-1] INFO  server.RaftServerConfigKeys (ConfUtils.java:logGet(43)) - raft.server.rpc.timeout.min = 5s (custom)
2019-09-25 12:04:07,806 [pool-57-thread-1] INFO  server.RaftServerConfigKeys (ConfUtils.java:logGet(43)) - raft.server.rpc.timeout.max = 5200ms (custom)
2019-09-25 12:04:07,807 [pool-57-thread-1] INFO  server.RaftServerConfigKeys (ConfUtils.java:logGet(43)) - raft.server.rpcslowness.timeout = 120s (custom)
2019-09-25 12:04:07,807 [pool-57-thread-1] INFO  server.RaftServerConfigKeys (ConfUtils.java:logGet(43)) - raft.server.sleep.deviation.threshold = 300 (default)
2019-09-25 12:04:07,807 [pool-57-thread-1] INFO  server.RaftServerConfigKeys (ConfUtils.java:logGet(43)) - raft.server.log.appender.install.snapshot.enabled = false (custom)
2019-09-25 12:04:07,807 [pool-57-thread-1] INFO  impl.RaftServerImpl (ServerState.java:<init>(103)) - 24c3890a-3f13-4340-8313-f577cdc100b6@group-ECD8CABE001D: ConfigurationManager, init=-1: [24c3890a-3f13-4340-8313-f577cdc100b6:192.168.30.6:35545], old=null, confs=<EMPTY_MAP>
2019-09-25 12:04:07,807 [pool-57-thread-1] INFO  server.RaftServerConfigKeys (ConfUtils.java:logGet(43)) - raft.server.storage.dir = [/workdir/hadoop-ozone/tools/target/test-dir/MiniOzoneClusterImpl-ed893a3b-0dc1-4b26-80b9-38249be7af87/datanode-3/data/ratis] (custom)
2019-09-25 12:04:07,808 [pool-57-thread-1] INFO  storage.RaftStorageDirectory (RaftStorageDirectory.java:analyzeStorage(246)) - The storage directory /workdir/hadoop-ozone/tools/target/test-dir/MiniOzoneClusterImpl-ed893a3b-0dc1-4b26-80b9-38249be7af87/datanode-3/data/ratis/1ee6043e-5163-454a-87ec-ecd8cabe001d does not exist. Creating ...
2019-09-25 12:04:07,819 [Thread-208] INFO  container.ReplicationManager (ReplicationManager.java:start(163)) - Starting Replication Monitor Thread.
2019-09-25 12:04:07,820 [pool-57-thread-1] INFO  storage.RaftStorageDirectory (RaftStorageDirectory.java:tryLock(328)) - Lock on /workdir/hadoop-ozone/tools/target/test-dir/MiniOzoneClusterImpl-ed893a3b-0dc1-4b26-80b9-38249be7af87/datanode-3/data/ratis/1ee6043e-5163-454a-87ec-ecd8cabe001d/in_use.lock acquired by nodename 13498@pr-hdds-1569-5gmkr-4255264070
2019-09-25 12:04:07,821 [ReplicationMonitor] INFO  container.ReplicationManager (ReplicationManager.java:run(226)) - Replication Monitor Thread took 1 milliseconds for processing 0 containers.
2019-09-25 12:04:07,838 [pool-57-thread-1] INFO  storage.RaftStorage (RaftStorage.java:format(72)) - Storage directory /workdir/hadoop-ozone/tools/target/test-dir/MiniOzoneClusterImpl-ed893a3b-0dc1-4b26-80b9-38249be7af87/datanode-3/data/ratis/1ee6043e-5163-454a-87ec-ecd8cabe001d has been successfully formatted.
2019-09-25 12:04:07,839 [pool-57-thread-1] INFO  ratis.ContainerStateMachine (ContainerStateMachine.java:loadSnapshot(230)) - group-ECD8CABE001D: The snapshot info is null. Setting the last applied indexto:(t:0, i:~)
2019-09-25 12:04:07,839 [pool-57-thread-1] INFO  server.RaftServerConfigKeys (ConfUtils.java:logGet(43)) - raft.server.notification.no-leader.timeout = 120s (custom)
2019-09-25 12:04:07,839 [pool-57-thread-1] INFO  server.RaftServerConfigKeys (ConfUtils.java:logGet(43)) - raft.server.log.use.memory = false (default)
2019-09-25 12:04:07,839 [pool-57-thread-1] INFO  server.RaftServerConfigKeys (ConfUtils.java:logGet(43)) - raft.server.log.purge.gap = 1000000 (custom)
2019-09-25 12:04:07,839 [pool-57-thread-1] INFO  server.RaftServerConfigKeys (ConfUtils.java:logGet(43)) - raft.server.log.appender.buffer.byte-limit = 33554432 (custom)
2019-09-25 12:04:07,839 [pool-57-thread-1] INFO  server.RaftServerConfigKeys (ConfUtils.java:logGet(43)) - raft.server.log.segment.size.max = 1048576 (custom)
2019-09-25 12:04:07,840 [pool-57-thread-1] INFO  server.RaftServerConfigKeys (ConfUtils.java:logGet(43)) - raft.server.log.segment.cache.num.max = 2 (custom)
2019-09-25 12:04:07,840 [pool-57-thread-1] INFO  segmented.SegmentedRaftLogWorker (SegmentedRaftLogWorker.java:<init>(172)) - new 24c3890a-3f13-4340-8313-f577cdc100b6@group-ECD8CABE001D-SegmentedRaftLogWorker for RaftStorage:Storage Directory /workdir/hadoop-ozone/tools/target/test-dir/MiniOzoneClusterImpl-ed893a3b-0dc1-4b26-80b9-38249be7af87/datanode-3/data/ratis/1ee6043e-5163-454a-87ec-ecd8cabe001d
2019-09-25 12:04:07,840 [pool-57-thread-1] INFO  server.RaftServerConfigKeys (ConfUtils.java:logGet(43)) - raft.server.log.queue.byte-limit = 2147483647 (custom)
2019-09-25 12:04:07,840 [pool-57-thread-1] INFO  server.RaftServerConfigKeys (ConfUtils.java:logGet(43)) - raft.server.log.queue.element-limit = 1024 (custom)
2019-09-25 12:04:07,840 [pool-57-thread-1] INFO  server.RaftServerConfigKeys (ConfUtils.java:logGet(43)) - raft.server.log.segment.size.max = 1048576 (custom)
2019-09-25 12:04:07,840 [pool-57-thread-1] INFO  server.RaftServerConfigKeys (ConfUtils.java:logGet(43)) - raft.server.log.preallocated.size = 16384 (custom)
2019-09-25 12:04:07,841 [pool-57-thread-1] INFO  server.RaftServerConfigKeys (ConfUtils.java:logGet(43)) - raft.server.log.write.buffer.size = 33554432 (custom)
2019-09-25 12:04:07,841 [pool-57-thread-1] INFO  server.RaftServerConfigKeys (ConfUtils.java:logGet(43)) - raft.server.log.force.sync.num = 128 (default)
2019-09-25 12:04:07,841 [pool-57-thread-1] INFO  server.RaftServerConfigKeys (ConfUtils.java:logGet(43)) - raft.server.log.statemachine.data.sync = true (default)
2019-09-25 12:04:07,841 [pool-57-thread-1] INFO  server.RaftServerConfigKeys (ConfUtils.java:logGet(43)) - raft.server.log.statemachine.data.sync.timeout = 10s (default)
2019-09-25 12:04:07,841 [pool-57-thread-1] INFO  server.RaftServerConfigKeys (ConfUtils.java:logGet(43)) - raft.server.log.statemachine.data.sync.timeout.retry = -1 (default)
2019-09-25 12:04:07,841 [pool-57-thread-1] INFO  server.RaftServerConfigKeys (ConfUtils.java:logGet(43)) - raft.server.log.statemachine.data.caching.enabled = true (custom)
2019-09-25 12:04:07,842 [pool-57-thread-1] INFO  segmented.SegmentedRaftLogWorker (SegmentedRaftLogWorker.java:lambda$new$0(132)) - 24c3890a-3f13-4340-8313-f577cdc100b6@group-ECD8CABE001D-SegmentedRaftLogWorker: flushIndex: setUnconditionally 0 -> -1
2019-09-25 12:04:07,842 [pool-57-thread-1] INFO  server.RaftServerConfigKeys (ConfUtils.java:logGet(43)) - raft.server.snapshot.auto.trigger.enabled = true (custom)
2019-09-25 12:04:07,842 [pool-57-thread-1] INFO  server.RaftServerConfigKeys (ConfUtils.java:logGet(43)) - raft.server.snapshot.auto.trigger.threshold = 10000 (custom)
2019-09-25 12:04:07,842 [pool-57-thread-1] INFO  server.RaftServerConfigKeys (ConfUtils.java:logGet(43)) - raft.server.snapshot.retention.num.files = 5 (custom)
2019-09-25 12:04:07,842 [pool-57-thread-1] INFO  server.RaftServerConfigKeys (ConfUtils.java:logGet(43)) - raft.server.retrycache.expirytime = 600000ms (custom)
2019-09-25 12:04:07,845 [pool-57-thread-1] INFO  impl.RaftServerImpl (RaftServerImpl.java:start(185)) - 24c3890a-3f13-4340-8313-f577cdc100b6@group-ECD8CABE001D: start as a follower, conf=-1: [24c3890a-3f13-4340-8313-f577cdc100b6:192.168.30.6:35545], old=null
2019-09-25 12:04:07,845 [pool-57-thread-1] INFO  impl.RaftServerImpl (RaftServerImpl.java:setRole(174)) - 24c3890a-3f13-4340-8313-f577cdc100b6@group-ECD8CABE001D: changes role from      null to FOLLOWER at term 0 for startAsFollower
2019-09-25 12:04:07,845 [pool-57-thread-1] INFO  impl.RoleInfo (RoleInfo.java:updateAndGet(143)) - 24c3890a-3f13-4340-8313-f577cdc100b6: start FollowerState
2019-09-25 12:04:07,846 [pool-57-thread-1] INFO  util.JmxRegister (JmxRegister.java:tryRegister(44)) - Successfully registered JMX Bean with object name Ratis:service=RaftServer,group=group-ECD8CABE001D,id=24c3890a-3f13-4340-8313-f577cdc100b6
2019-09-25 12:04:07,850 [RatisPipelineUtilsThread] INFO  pipeline.PipelineStateManager (PipelineStateManager.java:addPipeline(56)) - Created pipeline Pipeline[ Id: 1ee6043e-5163-454a-87ec-ecd8cabe001d, Nodes: 24c3890a-3f13-4340-8313-f577cdc100b6{ip: 192.168.30.6, host: pr-hdds-1569-5gmkr-4255264070, networkLocation: /default-rack, certSerialId: null}, Type:RATIS, Factor:ONE, State:OPEN]
2019-09-25 12:04:07,850 [RatisPipelineUtilsThread] INFO  pipeline.PipelinePlacementPolicy (PipelinePlacementPolicy.java:meetCriteria(91)) - Pipeline Placement: can't place more pipeline on heavy datanode： bdcb6c3e-8893-4e8a-90a8-eb631ad0e985 Heaviness: 6 limit: 5
2019-09-25 12:04:07,851 [RatisPipelineUtilsThread] INFO  pipeline.PipelinePlacementPolicy (PipelinePlacementPolicy.java:meetCriteria(91)) - Pipeline Placement: can't place more pipeline on heavy datanode： a7b713c9-d145-43da-b168-eb086be0693a Heaviness: 6 limit: 5
2019-09-25 12:04:07,851 [RatisPipelineUtilsThread] INFO  pipeline.PipelinePlacementPolicy (PipelinePlacementPolicy.java:meetCriteria(91)) - Pipeline Placement: can't place more pipeline on heavy datanode： 26ee0107-1f2c-48c6-b68f-fb73f18a1c69 Heaviness: 6 limit: 5
2019-09-25 12:04:07,861 [grpc-default-executor-0] INFO  impl.RaftServerProxy (RaftServerProxy.java:addNew(89)) - db9a1ebc-bc0c-4bed-8f15-d50f9a658f38: addNew group-50426DAF56CF:[db9a1ebc-bc0c-4bed-8f15-d50f9a658f38:192.168.30.6:39349] returns group-50426DAF56CF:java.util.concurrent.CompletableFuture@54be5ce3[Not completed]
2019-09-25 12:04:07,863 [pool-37-thread-1] INFO  impl.RaftServerImpl (RaftServerImpl.java:<init>(95)) - db9a1ebc-bc0c-4bed-8f15-d50f9a658f38: new RaftServerImpl for group-50426DAF56CF:[db9a1ebc-bc0c-4bed-8f15-d50f9a658f38:192.168.30.6:39349] with ContainerStateMachine:uninitialized
2019-09-25 12:04:07,863 [pool-37-thread-1] INFO  server.RaftServerConfigKeys (ConfUtils.java:logGet(43)) - raft.server.rpc.timeout.min = 5s (custom)
2019-09-25 12:04:07,863 [pool-37-thread-1] INFO  server.RaftServerConfigKeys (ConfUtils.java:logGet(43)) - raft.server.rpc.timeout.max = 5200ms (custom)
2019-09-25 12:04:07,863 [pool-37-thread-1] INFO  server.RaftServerConfigKeys (ConfUtils.java:logGet(43)) - raft.server.rpcslowness.timeout = 120s (custom)
2019-09-25 12:04:07,864 [pool-37-thread-1] INFO  server.RaftServerConfigKeys (ConfUtils.java:logGet(43)) - raft.server.sleep.deviation.threshold = 300 (default)
2019-09-25 12:04:07,864 [pool-37-thread-1] INFO  server.RaftServerConfigKeys (ConfUtils.java:logGet(43)) - raft.server.log.appender.install.snapshot.enabled = false (custom)
2019-09-25 12:04:07,864 [pool-37-thread-1] INFO  impl.RaftServerImpl (ServerState.java:<init>(103)) - db9a1ebc-bc0c-4bed-8f15-d50f9a658f38@group-50426DAF56CF: ConfigurationManager, init=-1: [db9a1ebc-bc0c-4bed-8f15-d50f9a658f38:192.168.30.6:39349], old=null, confs=<EMPTY_MAP>
2019-09-25 12:04:07,864 [pool-37-thread-1] INFO  server.RaftServerConfigKeys (ConfUtils.java:logGet(43)) - raft.server.storage.dir = [/workdir/hadoop-ozone/tools/target/test-dir/MiniOzoneClusterImpl-ed893a3b-0dc1-4b26-80b9-38249be7af87/datanode-1/data/ratis] (custom)
2019-09-25 12:04:07,865 [pool-37-thread-1] INFO  storage.RaftStorageDirectory (RaftStorageDirectory.java:analyzeStorage(246)) - The storage directory /workdir/hadoop-ozone/tools/target/test-dir/MiniOzoneClusterImpl-ed893a3b-0dc1-4b26-80b9-38249be7af87/datanode-1/data/ratis/487c4f8d-413f-400d-9325-50426daf56cf does not exist. Creating ...
2019-09-25 12:04:07,878 [pool-37-thread-1] INFO  storage.RaftStorageDirectory (RaftStorageDirectory.java:tryLock(328)) - Lock on /workdir/hadoop-ozone/tools/target/test-dir/MiniOzoneClusterImpl-ed893a3b-0dc1-4b26-80b9-38249be7af87/datanode-1/data/ratis/487c4f8d-413f-400d-9325-50426daf56cf/in_use.lock acquired by nodename 13498@pr-hdds-1569-5gmkr-4255264070
2019-09-25 12:04:07,902 [pool-37-thread-1] INFO  storage.RaftStorage (RaftStorage.java:format(72)) - Storage directory /workdir/hadoop-ozone/tools/target/test-dir/MiniOzoneClusterImpl-ed893a3b-0dc1-4b26-80b9-38249be7af87/datanode-1/data/ratis/487c4f8d-413f-400d-9325-50426daf56cf has been successfully formatted.
2019-09-25 12:04:07,902 [pool-37-thread-1] INFO  ratis.ContainerStateMachine (ContainerStateMachine.java:loadSnapshot(230)) - group-50426DAF56CF: The snapshot info is null. Setting the last applied indexto:(t:0, i:~)
2019-09-25 12:04:07,902 [pool-37-thread-1] INFO  server.RaftServerConfigKeys (ConfUtils.java:logGet(43)) - raft.server.notification.no-leader.timeout = 120s (custom)
2019-09-25 12:04:07,903 [pool-37-thread-1] INFO  server.RaftServerConfigKeys (ConfUtils.java:logGet(43)) - raft.server.log.use.memory = false (default)
2019-09-25 12:04:07,903 [pool-37-thread-1] INFO  server.RaftServerConfigKeys (ConfUtils.java:logGet(43)) - raft.server.log.purge.gap = 1000000 (custom)
2019-09-25 12:04:07,903 [pool-37-thread-1] INFO  server.RaftServerConfigKeys (ConfUtils.java:logGet(43)) - raft.server.log.appender.buffer.byte-limit = 33554432 (custom)
2019-09-25 12:04:07,903 [pool-37-thread-1] INFO  server.RaftServerConfigKeys (ConfUtils.java:logGet(43)) - raft.server.log.segment.size.max = 1048576 (custom)
2019-09-25 12:04:07,903 [pool-37-thread-1] INFO  server.RaftServerConfigKeys (ConfUtils.java:logGet(43)) - raft.server.log.segment.cache.num.max = 2 (custom)
2019-09-25 12:04:07,903 [pool-37-thread-1] INFO  segmented.SegmentedRaftLogWorker (SegmentedRaftLogWorker.java:<init>(172)) - new db9a1ebc-bc0c-4bed-8f15-d50f9a658f38@group-50426DAF56CF-SegmentedRaftLogWorker for RaftStorage:Storage Directory /workdir/hadoop-ozone/tools/target/test-dir/MiniOzoneClusterImpl-ed893a3b-0dc1-4b26-80b9-38249be7af87/datanode-1/data/ratis/487c4f8d-413f-400d-9325-50426daf56cf
2019-09-25 12:04:07,904 [pool-37-thread-1] INFO  server.RaftServerConfigKeys (ConfUtils.java:logGet(43)) - raft.server.log.queue.byte-limit = 2147483647 (custom)
2019-09-25 12:04:07,904 [pool-37-thread-1] INFO  server.RaftServerConfigKeys (ConfUtils.java:logGet(43)) - raft.server.log.queue.element-limit = 1024 (custom)
2019-09-25 12:04:07,904 [pool-37-thread-1] INFO  server.RaftServerConfigKeys (ConfUtils.java:logGet(43)) - raft.server.log.segment.size.max = 1048576 (custom)
2019-09-25 12:04:07,904 [pool-37-thread-1] INFO  server.RaftServerConfigKeys (ConfUtils.java:logGet(43)) - raft.server.log.preallocated.size = 16384 (custom)
2019-09-25 12:04:07,904 [pool-37-thread-1] INFO  server.RaftServerConfigKeys (ConfUtils.java:logGet(43)) - raft.server.log.write.buffer.size = 33554432 (custom)
2019-09-25 12:04:07,905 [pool-37-thread-1] INFO  server.RaftServerConfigKeys (ConfUtils.java:logGet(43)) - raft.server.log.force.sync.num = 128 (default)
2019-09-25 12:04:07,905 [pool-37-thread-1] INFO  server.RaftServerConfigKeys (ConfUtils.java:logGet(43)) - raft.server.log.statemachine.data.sync = true (default)
2019-09-25 12:04:07,905 [pool-37-thread-1] INFO  server.RaftServerConfigKeys (ConfUtils.java:logGet(43)) - raft.server.log.statemachine.data.sync.timeout = 10s (default)
2019-09-25 12:04:07,905 [pool-37-thread-1] INFO  server.RaftServerConfigKeys (ConfUtils.java:logGet(43)) - raft.server.log.statemachine.data.sync.timeout.retry = -1 (default)
2019-09-25 12:04:07,906 [pool-37-thread-1] INFO  server.RaftServerConfigKeys (ConfUtils.java:logGet(43)) - raft.server.log.statemachine.data.caching.enabled = true (custom)
2019-09-25 12:04:07,907 [pool-37-thread-1] INFO  segmented.SegmentedRaftLogWorker (SegmentedRaftLogWorker.java:lambda$new$0(132)) - db9a1ebc-bc0c-4bed-8f15-d50f9a658f38@group-50426DAF56CF-SegmentedRaftLogWorker: flushIndex: setUnconditionally 0 -> -1
2019-09-25 12:04:07,907 [pool-37-thread-1] INFO  server.RaftServerConfigKeys (ConfUtils.java:logGet(43)) - raft.server.snapshot.auto.trigger.enabled = true (custom)
2019-09-25 12:04:07,907 [pool-37-thread-1] INFO  server.RaftServerConfigKeys (ConfUtils.java:logGet(43)) - raft.server.snapshot.auto.trigger.threshold = 10000 (custom)
2019-09-25 12:04:07,907 [pool-37-thread-1] INFO  server.RaftServerConfigKeys (ConfUtils.java:logGet(43)) - raft.server.snapshot.retention.num.files = 5 (custom)
2019-09-25 12:04:07,908 [pool-37-thread-1] INFO  server.RaftServerConfigKeys (ConfUtils.java:logGet(43)) - raft.server.retrycache.expirytime = 600000ms (custom)
2019-09-25 12:04:08,039 [pool-37-thread-1] INFO  impl.RaftServerImpl (RaftServerImpl.java:start(185)) - db9a1ebc-bc0c-4bed-8f15-d50f9a658f38@group-50426DAF56CF: start as a follower, conf=-1: [db9a1ebc-bc0c-4bed-8f15-d50f9a658f38:192.168.30.6:39349], old=null
2019-09-25 12:04:08,040 [pool-37-thread-1] INFO  impl.RaftServerImpl (RaftServerImpl.java:setRole(174)) - db9a1ebc-bc0c-4bed-8f15-d50f9a658f38@group-50426DAF56CF: changes role from      null to FOLLOWER at term 0 for startAsFollower
2019-09-25 12:04:08,040 [pool-37-thread-1] INFO  impl.RoleInfo (RoleInfo.java:updateAndGet(143)) - db9a1ebc-bc0c-4bed-8f15-d50f9a658f38: start FollowerState
2019-09-25 12:04:08,041 [pool-37-thread-1] INFO  util.JmxRegister (JmxRegister.java:tryRegister(44)) - Successfully registered JMX Bean with object name Ratis:service=RaftServer,group=group-50426DAF56CF,id=db9a1ebc-bc0c-4bed-8f15-d50f9a658f38
2019-09-25 12:04:08,045 [RatisPipelineUtilsThread] INFO  pipeline.PipelineStateManager (PipelineStateManager.java:addPipeline(56)) - Created pipeline Pipeline[ Id: 487c4f8d-413f-400d-9325-50426daf56cf, Nodes: db9a1ebc-bc0c-4bed-8f15-d50f9a658f38{ip: 192.168.30.6, host: pr-hdds-1569-5gmkr-4255264070, networkLocation: /default-rack, certSerialId: null}, Type:RATIS, Factor:ONE, State:OPEN]
2019-09-25 12:04:08,046 [RatisPipelineUtilsThread] INFO  pipeline.PipelinePlacementPolicy (PipelinePlacementPolicy.java:meetCriteria(91)) - Pipeline Placement: can't place more pipeline on heavy datanode： db9a1ebc-bc0c-4bed-8f15-d50f9a658f38 Heaviness: 6 limit: 5
2019-09-25 12:04:08,046 [RatisPipelineUtilsThread] INFO  pipeline.PipelinePlacementPolicy (PipelinePlacementPolicy.java:meetCriteria(91)) - Pipeline Placement: can't place more pipeline on heavy datanode： bdcb6c3e-8893-4e8a-90a8-eb631ad0e985 Heaviness: 6 limit: 5
2019-09-25 12:04:08,046 [RatisPipelineUtilsThread] INFO  pipeline.PipelinePlacementPolicy (PipelinePlacementPolicy.java:meetCriteria(91)) - Pipeline Placement: can't place more pipeline on heavy datanode： a7b713c9-d145-43da-b168-eb086be0693a Heaviness: 6 limit: 5
2019-09-25 12:04:08,046 [RatisPipelineUtilsThread] INFO  pipeline.PipelinePlacementPolicy (PipelinePlacementPolicy.java:meetCriteria(91)) - Pipeline Placement: can't place more pipeline on heavy datanode： 26ee0107-1f2c-48c6-b68f-fb73f18a1c69 Heaviness: 6 limit: 5
2019-09-25 12:04:08,054 [grpc-default-executor-0] INFO  impl.RaftServerProxy (RaftServerProxy.java:addNew(89)) - 24c3890a-3f13-4340-8313-f577cdc100b6: addNew group-D9B12B9CD871:[24c3890a-3f13-4340-8313-f577cdc100b6:192.168.30.6:35545] returns group-D9B12B9CD871:java.util.concurrent.CompletableFuture@337c8ebb[Not completed]
2019-09-25 12:04:08,056 [pool-57-thread-1] INFO  impl.RaftServerImpl (RaftServerImpl.java:<init>(95)) - 24c3890a-3f13-4340-8313-f577cdc100b6: new RaftServerImpl for group-D9B12B9CD871:[24c3890a-3f13-4340-8313-f577cdc100b6:192.168.30.6:35545] with ContainerStateMachine:uninitialized
2019-09-25 12:04:08,056 [pool-57-thread-1] INFO  server.RaftServerConfigKeys (ConfUtils.java:logGet(43)) - raft.server.rpc.timeout.min = 5s (custom)
2019-09-25 12:04:08,056 [pool-57-thread-1] INFO  server.RaftServerConfigKeys (ConfUtils.java:logGet(43)) - raft.server.rpc.timeout.max = 5200ms (custom)
2019-09-25 12:04:08,056 [pool-57-thread-1] INFO  server.RaftServerConfigKeys (ConfUtils.java:logGet(43)) - raft.server.rpcslowness.timeout = 120s (custom)
2019-09-25 12:04:08,056 [pool-57-thread-1] INFO  server.RaftServerConfigKeys (ConfUtils.java:logGet(43)) - raft.server.sleep.deviation.threshold = 300 (default)
2019-09-25 12:04:08,057 [pool-57-thread-1] INFO  server.RaftServerConfigKeys (ConfUtils.java:logGet(43)) - raft.server.log.appender.install.snapshot.enabled = false (custom)
2019-09-25 12:04:08,057 [pool-57-thread-1] INFO  impl.RaftServerImpl (ServerState.java:<init>(103)) - 24c3890a-3f13-4340-8313-f577cdc100b6@group-D9B12B9CD871: ConfigurationManager, init=-1: [24c3890a-3f13-4340-8313-f577cdc100b6:192.168.30.6:35545], old=null, confs=<EMPTY_MAP>
2019-09-25 12:04:08,057 [pool-57-thread-1] INFO  server.RaftServerConfigKeys (ConfUtils.java:logGet(43)) - raft.server.storage.dir = [/workdir/hadoop-ozone/tools/target/test-dir/MiniOzoneClusterImpl-ed893a3b-0dc1-4b26-80b9-38249be7af87/datanode-3/data/ratis] (custom)
2019-09-25 12:04:08,057 [pool-57-thread-1] INFO  storage.RaftStorageDirectory (RaftStorageDirectory.java:analyzeStorage(246)) - The storage directory /workdir/hadoop-ozone/tools/target/test-dir/MiniOzoneClusterImpl-ed893a3b-0dc1-4b26-80b9-38249be7af87/datanode-3/data/ratis/6716a2a1-ac90-4aa2-8812-d9b12b9cd871 does not exist. Creating ...
2019-09-25 12:04:08,070 [pool-57-thread-1] INFO  storage.RaftStorageDirectory (RaftStorageDirectory.java:tryLock(328)) - Lock on /workdir/hadoop-ozone/tools/target/test-dir/MiniOzoneClusterImpl-ed893a3b-0dc1-4b26-80b9-38249be7af87/datanode-3/data/ratis/6716a2a1-ac90-4aa2-8812-d9b12b9cd871/in_use.lock acquired by nodename 13498@pr-hdds-1569-5gmkr-4255264070
2019-09-25 12:04:08,083 [pool-57-thread-1] INFO  storage.RaftStorage (RaftStorage.java:format(72)) - Storage directory /workdir/hadoop-ozone/tools/target/test-dir/MiniOzoneClusterImpl-ed893a3b-0dc1-4b26-80b9-38249be7af87/datanode-3/data/ratis/6716a2a1-ac90-4aa2-8812-d9b12b9cd871 has been successfully formatted.
2019-09-25 12:04:08,084 [pool-57-thread-1] INFO  ratis.ContainerStateMachine (ContainerStateMachine.java:loadSnapshot(230)) - group-D9B12B9CD871: The snapshot info is null. Setting the last applied indexto:(t:0, i:~)
2019-09-25 12:04:08,084 [pool-57-thread-1] INFO  server.RaftServerConfigKeys (ConfUtils.java:logGet(43)) - raft.server.notification.no-leader.timeout = 120s (custom)
2019-09-25 12:04:08,084 [pool-57-thread-1] INFO  server.RaftServerConfigKeys (ConfUtils.java:logGet(43)) - raft.server.log.use.memory = false (default)
2019-09-25 12:04:08,084 [pool-57-thread-1] INFO  server.RaftServerConfigKeys (ConfUtils.java:logGet(43)) - raft.server.log.purge.gap = 1000000 (custom)
2019-09-25 12:04:08,084 [pool-57-thread-1] INFO  server.RaftServerConfigKeys (ConfUtils.java:logGet(43)) - raft.server.log.appender.buffer.byte-limit = 33554432 (custom)
2019-09-25 12:04:08,084 [pool-57-thread-1] INFO  server.RaftServerConfigKeys (ConfUtils.java:logGet(43)) - raft.server.log.segment.size.max = 1048576 (custom)
2019-09-25 12:04:08,084 [pool-57-thread-1] INFO  server.RaftServerConfigKeys (ConfUtils.java:logGet(43)) - raft.server.log.segment.cache.num.max = 2 (custom)
2019-09-25 12:04:08,085 [pool-57-thread-1] INFO  segmented.SegmentedRaftLogWorker (SegmentedRaftLogWorker.java:<init>(172)) - new 24c3890a-3f13-4340-8313-f577cdc100b6@group-D9B12B9CD871-SegmentedRaftLogWorker for RaftStorage:Storage Directory /workdir/hadoop-ozone/tools/target/test-dir/MiniOzoneClusterImpl-ed893a3b-0dc1-4b26-80b9-38249be7af87/datanode-3/data/ratis/6716a2a1-ac90-4aa2-8812-d9b12b9cd871
2019-09-25 12:04:08,085 [pool-57-thread-1] INFO  server.RaftServerConfigKeys (ConfUtils.java:logGet(43)) - raft.server.log.queue.byte-limit = 2147483647 (custom)
2019-09-25 12:04:08,085 [pool-57-thread-1] INFO  server.RaftServerConfigKeys (ConfUtils.java:logGet(43)) - raft.server.log.queue.element-limit = 1024 (custom)
2019-09-25 12:04:08,085 [pool-57-thread-1] INFO  server.RaftServerConfigKeys (ConfUtils.java:logGet(43)) - raft.server.log.segment.size.max = 1048576 (custom)
2019-09-25 12:04:08,085 [pool-57-thread-1] INFO  server.RaftServerConfigKeys (ConfUtils.java:logGet(43)) - raft.server.log.preallocated.size = 16384 (custom)
2019-09-25 12:04:08,085 [pool-57-thread-1] INFO  server.RaftServerConfigKeys (ConfUtils.java:logGet(43)) - raft.server.log.write.buffer.size = 33554432 (custom)
2019-09-25 12:04:08,085 [pool-57-thread-1] INFO  server.RaftServerConfigKeys (ConfUtils.java:logGet(43)) - raft.server.log.force.sync.num = 128 (default)
2019-09-25 12:04:08,086 [pool-57-thread-1] INFO  server.RaftServerConfigKeys (ConfUtils.java:logGet(43)) - raft.server.log.statemachine.data.sync = true (default)
2019-09-25 12:04:08,086 [pool-57-thread-1] INFO  server.RaftServerConfigKeys (ConfUtils.java:logGet(43)) - raft.server.log.statemachine.data.sync.timeout = 10s (default)
2019-09-25 12:04:08,086 [pool-57-thread-1] INFO  server.RaftServerConfigKeys (ConfUtils.java:logGet(43)) - raft.server.log.statemachine.data.sync.timeout.retry = -1 (default)
2019-09-25 12:04:08,086 [pool-57-thread-1] INFO  server.RaftServerConfigKeys (ConfUtils.java:logGet(43)) - raft.server.log.statemachine.data.caching.enabled = true (custom)
2019-09-25 12:04:08,086 [pool-57-thread-1] INFO  segmented.SegmentedRaftLogWorker (SegmentedRaftLogWorker.java:lambda$new$0(132)) - 24c3890a-3f13-4340-8313-f577cdc100b6@group-D9B12B9CD871-SegmentedRaftLogWorker: flushIndex: setUnconditionally 0 -> -1
2019-09-25 12:04:08,087 [pool-57-thread-1] INFO  server.RaftServerConfigKeys (ConfUtils.java:logGet(43)) - raft.server.snapshot.auto.trigger.enabled = true (custom)
2019-09-25 12:04:08,087 [pool-57-thread-1] INFO  server.RaftServerConfigKeys (ConfUtils.java:logGet(43)) - raft.server.snapshot.auto.trigger.threshold = 10000 (custom)
2019-09-25 12:04:08,087 [pool-57-thread-1] INFO  server.RaftServerConfigKeys (ConfUtils.java:logGet(43)) - raft.server.snapshot.retention.num.files = 5 (custom)
2019-09-25 12:04:08,087 [pool-57-thread-1] INFO  server.RaftServerConfigKeys (ConfUtils.java:logGet(43)) - raft.server.retrycache.expirytime = 600000ms (custom)
2019-09-25 12:04:08,090 [pool-57-thread-1] INFO  impl.RaftServerImpl (RaftServerImpl.java:start(185)) - 24c3890a-3f13-4340-8313-f577cdc100b6@group-D9B12B9CD871: start as a follower, conf=-1: [24c3890a-3f13-4340-8313-f577cdc100b6:192.168.30.6:35545], old=null
2019-09-25 12:04:08,090 [pool-57-thread-1] INFO  impl.RaftServerImpl (RaftServerImpl.java:setRole(174)) - 24c3890a-3f13-4340-8313-f577cdc100b6@group-D9B12B9CD871: changes role from      null to FOLLOWER at term 0 for startAsFollower
2019-09-25 12:04:08,091 [pool-57-thread-1] INFO  impl.RoleInfo (RoleInfo.java:updateAndGet(143)) - 24c3890a-3f13-4340-8313-f577cdc100b6: start FollowerState
2019-09-25 12:04:08,091 [pool-57-thread-1] INFO  util.JmxRegister (JmxRegister.java:tryRegister(44)) - Successfully registered JMX Bean with object name Ratis:service=RaftServer,group=group-D9B12B9CD871,id=24c3890a-3f13-4340-8313-f577cdc100b6
2019-09-25 12:04:08,096 [RatisPipelineUtilsThread] INFO  pipeline.PipelineStateManager (PipelineStateManager.java:addPipeline(56)) - Created pipeline Pipeline[ Id: 6716a2a1-ac90-4aa2-8812-d9b12b9cd871, Nodes: 24c3890a-3f13-4340-8313-f577cdc100b6{ip: 192.168.30.6, host: pr-hdds-1569-5gmkr-4255264070, networkLocation: /default-rack, certSerialId: null}, Type:RATIS, Factor:ONE, State:OPEN]
2019-09-25 12:04:08,096 [RatisPipelineUtilsThread] INFO  pipeline.PipelinePlacementPolicy (PipelinePlacementPolicy.java:meetCriteria(91)) - Pipeline Placement: can't place more pipeline on heavy datanode： db9a1ebc-bc0c-4bed-8f15-d50f9a658f38 Heaviness: 6 limit: 5
2019-09-25 12:04:08,096 [RatisPipelineUtilsThread] INFO  pipeline.PipelinePlacementPolicy (PipelinePlacementPolicy.java:meetCriteria(91)) - Pipeline Placement: can't place more pipeline on heavy datanode： bdcb6c3e-8893-4e8a-90a8-eb631ad0e985 Heaviness: 6 limit: 5
2019-09-25 12:04:08,096 [RatisPipelineUtilsThread] INFO  pipeline.PipelinePlacementPolicy (PipelinePlacementPolicy.java:meetCriteria(91)) - Pipeline Placement: can't place more pipeline on heavy datanode： 24c3890a-3f13-4340-8313-f577cdc100b6 Heaviness: 6 limit: 5
2019-09-25 12:04:08,097 [RatisPipelineUtilsThread] INFO  pipeline.PipelinePlacementPolicy (PipelinePlacementPolicy.java:meetCriteria(91)) - Pipeline Placement: can't place more pipeline on heavy datanode： a7b713c9-d145-43da-b168-eb086be0693a Heaviness: 6 limit: 5
2019-09-25 12:04:08,097 [RatisPipelineUtilsThread] INFO  pipeline.PipelinePlacementPolicy (PipelinePlacementPolicy.java:meetCriteria(91)) - Pipeline Placement: can't place more pipeline on heavy datanode： 26ee0107-1f2c-48c6-b68f-fb73f18a1c69 Heaviness: 6 limit: 5
2019-09-25 12:04:08,097 [RatisPipelineUtilsThread] ERROR pipeline.PipelinePlacementPolicy (PipelinePlacementPolicy.java:filterViableNodes(148)) - Unable to find enough nodes that meet the criteria that cannot engage in more than 5 pipelines. Nodes required: 1 Found: 0, healthy nodes count inNodeManager: 5.
2019-09-25 12:04:08,099 [RatisPipelineUtilsThread] ERROR pipeline.SCMPipelineManager (SCMPipelineManager.java:createPipeline(167)) - Pipeline creation failed.
org.apache.hadoop.hdds.scm.exceptions.SCMException: Unable to find enough nodes that meet the criteria that cannot engage in more than 5 pipelines. Nodes required: 1 Found: 0, healthy nodes count inNodeManager: 5.
	at org.apache.hadoop.hdds.scm.pipeline.PipelinePlacementPolicy.filterViableNodes(PipelinePlacementPolicy.java:149)
	at org.apache.hadoop.hdds.scm.pipeline.PipelinePlacementPolicy.chooseDatanodes(PipelinePlacementPolicy.java:172)
	at org.apache.hadoop.hdds.scm.pipeline.RatisPipelineProvider.create(RatisPipelineProvider.java:93)
	at org.apache.hadoop.hdds.scm.pipeline.PipelineFactory.create(PipelineFactory.java:58)
	at org.apache.hadoop.hdds.scm.pipeline.SCMPipelineManager.createPipeline(SCMPipelineManager.java:155)
	at org.apache.hadoop.hdds.scm.pipeline.BackgroundPipelineCreator.createPipelines(BackgroundPipelineCreator.java:99)
	at java.util.concurrent.Executors$RunnableAdapter.call(Executors.java:511)
	at java.util.concurrent.FutureTask.run(FutureTask.java:266)
	at java.util.concurrent.ScheduledThreadPoolExecutor$ScheduledFutureTask.access$201(ScheduledThreadPoolExecutor.java:180)
	at java.util.concurrent.ScheduledThreadPoolExecutor$ScheduledFutureTask.run(ScheduledThreadPoolExecutor.java:293)
	at java.util.concurrent.ThreadPoolExecutor.runWorker(ThreadPoolExecutor.java:1149)
	at java.util.concurrent.ThreadPoolExecutor$Worker.run(ThreadPoolExecutor.java:624)
	at java.lang.Thread.run(Thread.java:748)
2019-09-25 12:04:08,101 [RatisPipelineUtilsThread] INFO  pipeline.PipelinePlacementPolicy (PipelinePlacementPolicy.java:meetCriteria(91)) - Pipeline Placement: can't place more pipeline on heavy datanode： db9a1ebc-bc0c-4bed-8f15-d50f9a658f38 Heaviness: 6 limit: 5
2019-09-25 12:04:08,101 [RatisPipelineUtilsThread] INFO  pipeline.PipelinePlacementPolicy (PipelinePlacementPolicy.java:meetCriteria(91)) - Pipeline Placement: can't place more pipeline on heavy datanode： bdcb6c3e-8893-4e8a-90a8-eb631ad0e985 Heaviness: 6 limit: 5
2019-09-25 12:04:08,101 [RatisPipelineUtilsThread] INFO  pipeline.PipelinePlacementPolicy (PipelinePlacementPolicy.java:meetCriteria(91)) - Pipeline Placement: can't place more pipeline on heavy datanode： 24c3890a-3f13-4340-8313-f577cdc100b6 Heaviness: 6 limit: 5
2019-09-25 12:04:08,101 [RatisPipelineUtilsThread] INFO  pipeline.PipelinePlacementPolicy (PipelinePlacementPolicy.java:meetCriteria(91)) - Pipeline Placement: can't place more pipeline on heavy datanode： a7b713c9-d145-43da-b168-eb086be0693a Heaviness: 6 limit: 5
2019-09-25 12:04:08,102 [RatisPipelineUtilsThread] INFO  pipeline.PipelinePlacementPolicy (PipelinePlacementPolicy.java:meetCriteria(91)) - Pipeline Placement: can't place more pipeline on heavy datanode： 26ee0107-1f2c-48c6-b68f-fb73f18a1c69 Heaviness: 6 limit: 5
2019-09-25 12:04:08,102 [RatisPipelineUtilsThread] ERROR pipeline.PipelinePlacementPolicy (PipelinePlacementPolicy.java:filterViableNodes(148)) - Unable to find enough nodes that meet the criteria that cannot engage in more than 5 pipelines. Nodes required: 3 Found: 0, healthy nodes count inNodeManager: 5.
2019-09-25 12:04:08,102 [RatisPipelineUtilsThread] ERROR pipeline.SCMPipelineManager (SCMPipelineManager.java:createPipeline(167)) - Pipeline creation failed.
org.apache.hadoop.hdds.scm.exceptions.SCMException: Unable to find enough nodes that meet the criteria that cannot engage in more than 5 pipelines. Nodes required: 3 Found: 0, healthy nodes count inNodeManager: 5.
	at org.apache.hadoop.hdds.scm.pipeline.PipelinePlacementPolicy.filterViableNodes(PipelinePlacementPolicy.java:149)
	at org.apache.hadoop.hdds.scm.pipeline.PipelinePlacementPolicy.chooseDatanodes(PipelinePlacementPolicy.java:172)
	at org.apache.hadoop.hdds.scm.pipeline.RatisPipelineProvider.create(RatisPipelineProvider.java:93)
	at org.apache.hadoop.hdds.scm.pipeline.PipelineFactory.create(PipelineFactory.java:58)
	at org.apache.hadoop.hdds.scm.pipeline.SCMPipelineManager.createPipeline(SCMPipelineManager.java:155)
	at org.apache.hadoop.hdds.scm.pipeline.BackgroundPipelineCreator.createPipelines(BackgroundPipelineCreator.java:99)
	at java.util.concurrent.Executors$RunnableAdapter.call(Executors.java:511)
	at java.util.concurrent.FutureTask.run(FutureTask.java:266)
	at java.util.concurrent.ScheduledThreadPoolExecutor$ScheduledFutureTask.access$201(ScheduledThreadPoolExecutor.java:180)
	at java.util.concurrent.ScheduledThreadPoolExecutor$ScheduledFutureTask.run(ScheduledThreadPoolExecutor.java:293)
	at java.util.concurrent.ThreadPoolExecutor.runWorker(ThreadPoolExecutor.java:1149)
	at java.util.concurrent.ThreadPoolExecutor$Worker.run(ThreadPoolExecutor.java:624)
	at java.lang.Thread.run(Thread.java:748)
2019-09-25 12:04:08,104 [RatisPipelineUtilsThread] INFO  pipeline.PipelinePlacementPolicy (PipelinePlacementPolicy.java:meetCriteria(91)) - Pipeline Placement: can't place more pipeline on heavy datanode： db9a1ebc-bc0c-4bed-8f15-d50f9a658f38 Heaviness: 6 limit: 5
2019-09-25 12:04:08,104 [RatisPipelineUtilsThread] INFO  pipeline.PipelinePlacementPolicy (PipelinePlacementPolicy.java:meetCriteria(91)) - Pipeline Placement: can't place more pipeline on heavy datanode： bdcb6c3e-8893-4e8a-90a8-eb631ad0e985 Heaviness: 6 limit: 5
2019-09-25 12:04:08,104 [RatisPipelineUtilsThread] INFO  pipeline.PipelinePlacementPolicy (PipelinePlacementPolicy.java:meetCriteria(91)) - Pipeline Placement: can't place more pipeline on heavy datanode： 24c3890a-3f13-4340-8313-f577cdc100b6 Heaviness: 6 limit: 5
2019-09-25 12:04:08,104 [RatisPipelineUtilsThread] INFO  pipeline.PipelinePlacementPolicy (PipelinePlacementPolicy.java:meetCriteria(91)) - Pipeline Placement: can't place more pipeline on heavy datanode： a7b713c9-d145-43da-b168-eb086be0693a Heaviness: 6 limit: 5
2019-09-25 12:04:08,104 [RatisPipelineUtilsThread] INFO  pipeline.PipelinePlacementPolicy (PipelinePlacementPolicy.java:meetCriteria(91)) - Pipeline Placement: can't place more pipeline on heavy datanode： 26ee0107-1f2c-48c6-b68f-fb73f18a1c69 Heaviness: 6 limit: 5
2019-09-25 12:04:08,104 [RatisPipelineUtilsThread] ERROR pipeline.PipelinePlacementPolicy (PipelinePlacementPolicy.java:filterViableNodes(148)) - Unable to find enough nodes that meet the criteria that cannot engage in more than 5 pipelines. Nodes required: 1 Found: 0, healthy nodes count inNodeManager: 5.
2019-09-25 12:04:08,104 [RatisPipelineUtilsThread] ERROR pipeline.SCMPipelineManager (SCMPipelineManager.java:createPipeline(167)) - Pipeline creation failed.
org.apache.hadoop.hdds.scm.exceptions.SCMException: Unable to find enough nodes that meet the criteria that cannot engage in more than 5 pipelines. Nodes required: 1 Found: 0, healthy nodes count inNodeManager: 5.
	at org.apache.hadoop.hdds.scm.pipeline.PipelinePlacementPolicy.filterViableNodes(PipelinePlacementPolicy.java:149)
	at org.apache.hadoop.hdds.scm.pipeline.PipelinePlacementPolicy.chooseDatanodes(PipelinePlacementPolicy.java:172)
	at org.apache.hadoop.hdds.scm.pipeline.RatisPipelineProvider.create(RatisPipelineProvider.java:93)
	at org.apache.hadoop.hdds.scm.pipeline.PipelineFactory.create(PipelineFactory.java:58)
	at org.apache.hadoop.hdds.scm.pipeline.SCMPipelineManager.createPipeline(SCMPipelineManager.java:155)
	at org.apache.hadoop.hdds.scm.pipeline.BackgroundPipelineCreator.createPipelines(BackgroundPipelineCreator.java:99)
	at org.apache.hadoop.hdds.scm.pipeline.BackgroundPipelineCreator.lambda$startFixedIntervalPipelineCreator$0(BackgroundPipelineCreator.java:70)
	at java.util.concurrent.Executors$RunnableAdapter.call(Executors.java:511)
	at java.util.concurrent.FutureTask.runAndReset(FutureTask.java:308)
	at java.util.concurrent.ScheduledThreadPoolExecutor$ScheduledFutureTask.access$301(ScheduledThreadPoolExecutor.java:180)
	at java.util.concurrent.ScheduledThreadPoolExecutor$ScheduledFutureTask.run(ScheduledThreadPoolExecutor.java:294)
	at java.util.concurrent.ThreadPoolExecutor.runWorker(ThreadPoolExecutor.java:1149)
	at java.util.concurrent.ThreadPoolExecutor$Worker.run(ThreadPoolExecutor.java:624)
	at java.lang.Thread.run(Thread.java:748)
2019-09-25 12:04:08,105 [RatisPipelineUtilsThread] INFO  pipeline.PipelinePlacementPolicy (PipelinePlacementPolicy.java:meetCriteria(91)) - Pipeline Placement: can't place more pipeline on heavy datanode： db9a1ebc-bc0c-4bed-8f15-d50f9a658f38 Heaviness: 6 limit: 5
2019-09-25 12:04:08,105 [RatisPipelineUtilsThread] INFO  pipeline.PipelinePlacementPolicy (PipelinePlacementPolicy.java:meetCriteria(91)) - Pipeline Placement: can't place more pipeline on heavy datanode： bdcb6c3e-8893-4e8a-90a8-eb631ad0e985 Heaviness: 6 limit: 5
2019-09-25 12:04:08,105 [RatisPipelineUtilsThread] INFO  pipeline.PipelinePlacementPolicy (PipelinePlacementPolicy.java:meetCriteria(91)) - Pipeline Placement: can't place more pipeline on heavy datanode： 24c3890a-3f13-4340-8313-f577cdc100b6 Heaviness: 6 limit: 5
2019-09-25 12:04:08,105 [RatisPipelineUtilsThread] INFO  pipeline.PipelinePlacementPolicy (PipelinePlacementPolicy.java:meetCriteria(91)) - Pipeline Placement: can't place more pipeline on heavy datanode： a7b713c9-d145-43da-b168-eb086be0693a Heaviness: 6 limit: 5
2019-09-25 12:04:08,105 [RatisPipelineUtilsThread] INFO  pipeline.PipelinePlacementPolicy (PipelinePlacementPolicy.java:meetCriteria(91)) - Pipeline Placement: can't place more pipeline on heavy datanode： 26ee0107-1f2c-48c6-b68f-fb73f18a1c69 Heaviness: 6 limit: 5
2019-09-25 12:04:08,105 [RatisPipelineUtilsThread] ERROR pipeline.PipelinePlacementPolicy (PipelinePlacementPolicy.java:filterViableNodes(148)) - Unable to find enough nodes that meet the criteria that cannot engage in more than 5 pipelines. Nodes required: 3 Found: 0, healthy nodes count inNodeManager: 5.
2019-09-25 12:04:08,105 [RatisPipelineUtilsThread] ERROR pipeline.SCMPipelineManager (SCMPipelineManager.java:createPipeline(167)) - Pipeline creation failed.
org.apache.hadoop.hdds.scm.exceptions.SCMException: Unable to find enough nodes that meet the criteria that cannot engage in more than 5 pipelines. Nodes required: 3 Found: 0, healthy nodes count inNodeManager: 5.
	at org.apache.hadoop.hdds.scm.pipeline.PipelinePlacementPolicy.filterViableNodes(PipelinePlacementPolicy.java:149)
	at org.apache.hadoop.hdds.scm.pipeline.PipelinePlacementPolicy.chooseDatanodes(PipelinePlacementPolicy.java:172)
	at org.apache.hadoop.hdds.scm.pipeline.RatisPipelineProvider.create(RatisPipelineProvider.java:93)
	at org.apache.hadoop.hdds.scm.pipeline.PipelineFactory.create(PipelineFactory.java:58)
	at org.apache.hadoop.hdds.scm.pipeline.SCMPipelineManager.createPipeline(SCMPipelineManager.java:155)
	at org.apache.hadoop.hdds.scm.pipeline.BackgroundPipelineCreator.createPipelines(BackgroundPipelineCreator.java:99)
	at org.apache.hadoop.hdds.scm.pipeline.BackgroundPipelineCreator.lambda$startFixedIntervalPipelineCreator$0(BackgroundPipelineCreator.java:70)
	at java.util.concurrent.Executors$RunnableAdapter.call(Executors.java:511)
	at java.util.concurrent.FutureTask.runAndReset(FutureTask.java:308)
	at java.util.concurrent.ScheduledThreadPoolExecutor$ScheduledFutureTask.access$301(ScheduledThreadPoolExecutor.java:180)
	at java.util.concurrent.ScheduledThreadPoolExecutor$ScheduledFutureTask.run(ScheduledThreadPoolExecutor.java:294)
	at java.util.concurrent.ThreadPoolExecutor.runWorker(ThreadPoolExecutor.java:1149)
	at java.util.concurrent.ThreadPoolExecutor$Worker.run(ThreadPoolExecutor.java:624)
	at java.lang.Thread.run(Thread.java:748)
2019-09-25 12:04:08,106 [IPC Server handler 0 on 43057] INFO  pipeline.PipelinePlacementPolicy (PipelinePlacementPolicy.java:meetCriteria(91)) - Pipeline Placement: can't place more pipeline on heavy datanode： db9a1ebc-bc0c-4bed-8f15-d50f9a658f38 Heaviness: 6 limit: 5
2019-09-25 12:04:08,106 [IPC Server handler 0 on 43057] INFO  pipeline.PipelinePlacementPolicy (PipelinePlacementPolicy.java:meetCriteria(91)) - Pipeline Placement: can't place more pipeline on heavy datanode： bdcb6c3e-8893-4e8a-90a8-eb631ad0e985 Heaviness: 6 limit: 5
2019-09-25 12:04:08,106 [IPC Server handler 0 on 43057] INFO  pipeline.PipelinePlacementPolicy (PipelinePlacementPolicy.java:meetCriteria(91)) - Pipeline Placement: can't place more pipeline on heavy datanode： 24c3890a-3f13-4340-8313-f577cdc100b6 Heaviness: 6 limit: 5
2019-09-25 12:04:08,106 [IPC Server handler 0 on 43057] INFO  pipeline.PipelinePlacementPolicy (PipelinePlacementPolicy.java:meetCriteria(91)) - Pipeline Placement: can't place more pipeline on heavy datanode： a7b713c9-d145-43da-b168-eb086be0693a Heaviness: 6 limit: 5
2019-09-25 12:04:08,106 [IPC Server handler 0 on 43057] INFO  pipeline.PipelinePlacementPolicy (PipelinePlacementPolicy.java:meetCriteria(91)) - Pipeline Placement: can't place more pipeline on heavy datanode： 26ee0107-1f2c-48c6-b68f-fb73f18a1c69 Heaviness: 6 limit: 5
2019-09-25 12:04:08,106 [IPC Server handler 0 on 43057] ERROR pipeline.PipelinePlacementPolicy (PipelinePlacementPolicy.java:filterViableNodes(148)) - Unable to find enough nodes that meet the criteria that cannot engage in more than 5 pipelines. Nodes required: 3 Found: 0, healthy nodes count inNodeManager: 5.
2019-09-25 12:04:08,107 [IPC Server handler 0 on 43057] ERROR pipeline.SCMPipelineManager (SCMPipelineManager.java:createPipeline(167)) - Pipeline creation failed.
org.apache.hadoop.hdds.scm.exceptions.SCMException: Unable to find enough nodes that meet the criteria that cannot engage in more than 5 pipelines. Nodes required: 3 Found: 0, healthy nodes count inNodeManager: 5.
	at org.apache.hadoop.hdds.scm.pipeline.PipelinePlacementPolicy.filterViableNodes(PipelinePlacementPolicy.java:149)
	at org.apache.hadoop.hdds.scm.pipeline.PipelinePlacementPolicy.chooseDatanodes(PipelinePlacementPolicy.java:172)
	at org.apache.hadoop.hdds.scm.pipeline.RatisPipelineProvider.create(RatisPipelineProvider.java:93)
	at org.apache.hadoop.hdds.scm.pipeline.PipelineFactory.create(PipelineFactory.java:58)
	at org.apache.hadoop.hdds.scm.pipeline.SCMPipelineManager.createPipeline(SCMPipelineManager.java:155)
	at org.apache.hadoop.hdds.scm.block.BlockManagerImpl.allocateBlock(BlockManagerImpl.java:190)
	at org.apache.hadoop.hdds.scm.server.SCMBlockProtocolServer.allocateBlock(SCMBlockProtocolServer.java:182)
	at org.apache.hadoop.ozone.protocolPB.ScmBlockLocationProtocolServerSideTranslatorPB.allocateScmBlock(ScmBlockLocationProtocolServerSideTranslatorPB.java:183)
	at org.apache.hadoop.ozone.protocolPB.ScmBlockLocationProtocolServerSideTranslatorPB.processMessage(ScmBlockLocationProtocolServerSideTranslatorPB.java:141)
	at org.apache.hadoop.ozone.protocolPB.ScmBlockLocationProtocolServerSideTranslatorPB.send(ScmBlockLocationProtocolServerSideTranslatorPB.java:116)
	at org.apache.hadoop.hdds.protocol.proto.ScmBlockLocationProtocolProtos$ScmBlockLocationProtocolService$2.callBlockingMethod(ScmBlockLocationProtocolProtos.java:13157)
	at org.apache.hadoop.ipc.ProtobufRpcEngine$Server$ProtoBufRpcInvoker.call(ProtobufRpcEngine.java:524)
	at org.apache.hadoop.ipc.RPC$Server.call(RPC.java:1025)
	at org.apache.hadoop.ipc.Server$RpcCall.run(Server.java:876)
	at org.apache.hadoop.ipc.Server$RpcCall.run(Server.java:822)
	at java.security.AccessController.doPrivileged(Native Method)
	at javax.security.auth.Subject.doAs(Subject.java:422)
	at org.apache.hadoop.security.UserGroupInformation.doAs(UserGroupInformation.java:1730)
	at org.apache.hadoop.ipc.Server$Handler.run(Server.java:2682)
2019-09-25 12:04:08,107 [IPC Server handler 0 on 43057] WARN  block.BlockManagerImpl (BlockManagerImpl.java:allocateBlock(192)) - Pipeline creation failed for type:RATIS factor:THREE. Retrying get pipelines call once.
org.apache.hadoop.hdds.scm.exceptions.SCMException: Unable to find enough nodes that meet the criteria that cannot engage in more than 5 pipelines. Nodes required: 3 Found: 0, healthy nodes count inNodeManager: 5.
	at org.apache.hadoop.hdds.scm.pipeline.PipelinePlacementPolicy.filterViableNodes(PipelinePlacementPolicy.java:149)
	at org.apache.hadoop.hdds.scm.pipeline.PipelinePlacementPolicy.chooseDatanodes(PipelinePlacementPolicy.java:172)
	at org.apache.hadoop.hdds.scm.pipeline.RatisPipelineProvider.create(RatisPipelineProvider.java:93)
	at org.apache.hadoop.hdds.scm.pipeline.PipelineFactory.create(PipelineFactory.java:58)
	at org.apache.hadoop.hdds.scm.pipeline.SCMPipelineManager.createPipeline(SCMPipelineManager.java:155)
	at org.apache.hadoop.hdds.scm.block.BlockManagerImpl.allocateBlock(BlockManagerImpl.java:190)
	at org.apache.hadoop.hdds.scm.server.SCMBlockProtocolServer.allocateBlock(SCMBlockProtocolServer.java:182)
	at org.apache.hadoop.ozone.protocolPB.ScmBlockLocationProtocolServerSideTranslatorPB.allocateScmBlock(ScmBlockLocationProtocolServerSideTranslatorPB.java:183)
	at org.apache.hadoop.ozone.protocolPB.ScmBlockLocationProtocolServerSideTranslatorPB.processMessage(ScmBlockLocationProtocolServerSideTranslatorPB.java:141)
	at org.apache.hadoop.ozone.protocolPB.ScmBlockLocationProtocolServerSideTranslatorPB.send(ScmBlockLocationProtocolServerSideTranslatorPB.java:116)
	at org.apache.hadoop.hdds.protocol.proto.ScmBlockLocationProtocolProtos$ScmBlockLocationProtocolService$2.callBlockingMethod(ScmBlockLocationProtocolProtos.java:13157)
	at org.apache.hadoop.ipc.ProtobufRpcEngine$Server$ProtoBufRpcInvoker.call(ProtobufRpcEngine.java:524)
	at org.apache.hadoop.ipc.RPC$Server.call(RPC.java:1025)
	at org.apache.hadoop.ipc.Server$RpcCall.run(Server.java:876)
	at org.apache.hadoop.ipc.Server$RpcCall.run(Server.java:822)
	at java.security.AccessController.doPrivileged(Native Method)
	at javax.security.auth.Subject.doAs(Subject.java:422)
	at org.apache.hadoop.security.UserGroupInformation.doAs(UserGroupInformation.java:1730)
	at org.apache.hadoop.ipc.Server$Handler.run(Server.java:2682)
2019-09-25 12:04:08,107 [IPC Server handler 0 on 43057] INFO  block.BlockManagerImpl (BlockManagerImpl.java:allocateBlock(198)) - Could not find available pipeline of type:RATIS and factor:THREE even after retrying
2019-09-25 12:04:08,107 [IPC Server handler 0 on 43057] ERROR block.BlockManagerImpl (BlockManagerImpl.java:allocateBlock(222)) - Unable to allocate a block for the size: 4194304, type: RATIS, factor: THREE
2019-09-25 12:04:08,108 [IPC Server handler 0 on 43057] INFO  pipeline.PipelinePlacementPolicy (PipelinePlacementPolicy.java:meetCriteria(91)) - Pipeline Placement: can't place more pipeline on heavy datanode： db9a1ebc-bc0c-4bed-8f15-d50f9a658f38 Heaviness: 6 limit: 5
2019-09-25 12:04:08,108 [IPC Server handler 0 on 43057] INFO  pipeline.PipelinePlacementPolicy (PipelinePlacementPolicy.java:meetCriteria(91)) - Pipeline Placement: can't place more pipeline on heavy datanode： bdcb6c3e-8893-4e8a-90a8-eb631ad0e985 Heaviness: 6 limit: 5
2019-09-25 12:04:08,108 [IPC Server handler 0 on 43057] INFO  pipeline.PipelinePlacementPolicy (PipelinePlacementPolicy.java:meetCriteria(91)) - Pipeline Placement: can't place more pipeline on heavy datanode： 24c3890a-3f13-4340-8313-f577cdc100b6 Heaviness: 6 limit: 5
2019-09-25 12:04:08,108 [IPC Server handler 0 on 43057] INFO  pipeline.PipelinePlacementPolicy (PipelinePlacementPolicy.java:meetCriteria(91)) - Pipeline Placement: can't place more pipeline on heavy datanode： a7b713c9-d145-43da-b168-eb086be0693a Heaviness: 6 limit: 5
2019-09-25 12:04:08,108 [IPC Server handler 0 on 43057] INFO  pipeline.PipelinePlacementPolicy (PipelinePlacementPolicy.java:meetCriteria(91)) - Pipeline Placement: can't place more pipeline on heavy datanode： 26ee0107-1f2c-48c6-b68f-fb73f18a1c69 Heaviness: 6 limit: 5
2019-09-25 12:04:08,108 [IPC Server handler 0 on 43057] ERROR pipeline.PipelinePlacementPolicy (PipelinePlacementPolicy.java:filterViableNodes(148)) - Unable to find enough nodes that meet the criteria that cannot engage in more than 5 pipelines. Nodes required: 3 Found: 0, healthy nodes count inNodeManager: 5.
2019-09-25 12:04:08,108 [IPC Server handler 0 on 43057] ERROR pipeline.SCMPipelineManager (SCMPipelineManager.java:createPipeline(167)) - Pipeline creation failed.
org.apache.hadoop.hdds.scm.exceptions.SCMException: Unable to find enough nodes that meet the criteria that cannot engage in more than 5 pipelines. Nodes required: 3 Found: 0, healthy nodes count inNodeManager: 5.
	at org.apache.hadoop.hdds.scm.pipeline.PipelinePlacementPolicy.filterViableNodes(PipelinePlacementPolicy.java:149)
	at org.apache.hadoop.hdds.scm.pipeline.PipelinePlacementPolicy.chooseDatanodes(PipelinePlacementPolicy.java:172)
	at org.apache.hadoop.hdds.scm.pipeline.RatisPipelineProvider.create(RatisPipelineProvider.java:93)
	at org.apache.hadoop.hdds.scm.pipeline.PipelineFactory.create(PipelineFactory.java:58)
	at org.apache.hadoop.hdds.scm.pipeline.SCMPipelineManager.createPipeline(SCMPipelineManager.java:155)
	at org.apache.hadoop.hdds.scm.block.BlockManagerImpl.allocateBlock(BlockManagerImpl.java:190)
	at org.apache.hadoop.hdds.scm.server.SCMBlockProtocolServer.allocateBlock(SCMBlockProtocolServer.java:182)
	at org.apache.hadoop.ozone.protocolPB.ScmBlockLocationProtocolServerSideTranslatorPB.allocateScmBlock(ScmBlockLocationProtocolServerSideTranslatorPB.java:183)
	at org.apache.hadoop.ozone.protocolPB.ScmBlockLocationProtocolServerSideTranslatorPB.processMessage(ScmBlockLocationProtocolServerSideTranslatorPB.java:141)
	at org.apache.hadoop.ozone.protocolPB.ScmBlockLocationProtocolServerSideTranslatorPB.send(ScmBlockLocationProtocolServerSideTranslatorPB.java:116)
	at org.apache.hadoop.hdds.protocol.proto.ScmBlockLocationProtocolProtos$ScmBlockLocationProtocolService$2.callBlockingMethod(ScmBlockLocationProtocolProtos.java:13157)
	at org.apache.hadoop.ipc.ProtobufRpcEngine$Server$ProtoBufRpcInvoker.call(ProtobufRpcEngine.java:524)
	at org.apache.hadoop.ipc.RPC$Server.call(RPC.java:1025)
	at org.apache.hadoop.ipc.Server$RpcCall.run(Server.java:876)
	at org.apache.hadoop.ipc.Server$RpcCall.run(Server.java:822)
	at java.security.AccessController.doPrivileged(Native Method)
	at javax.security.auth.Subject.doAs(Subject.java:422)
	at org.apache.hadoop.security.UserGroupInformation.doAs(UserGroupInformation.java:1730)
	at org.apache.hadoop.ipc.Server$Handler.run(Server.java:2682)
2019-09-25 12:04:08,109 [IPC Server handler 0 on 43057] WARN  block.BlockManagerImpl (BlockManagerImpl.java:allocateBlock(192)) - Pipeline creation failed for type:RATIS factor:THREE. Retrying get pipelines call once.
org.apache.hadoop.hdds.scm.exceptions.SCMException: Unable to find enough nodes that meet the criteria that cannot engage in more than 5 pipelines. Nodes required: 3 Found: 0, healthy nodes count inNodeManager: 5.
	at org.apache.hadoop.hdds.scm.pipeline.PipelinePlacementPolicy.filterViableNodes(PipelinePlacementPolicy.java:149)
	at org.apache.hadoop.hdds.scm.pipeline.PipelinePlacementPolicy.chooseDatanodes(PipelinePlacementPolicy.java:172)
	at org.apache.hadoop.hdds.scm.pipeline.RatisPipelineProvider.create(RatisPipelineProvider.java:93)
	at org.apache.hadoop.hdds.scm.pipeline.PipelineFactory.create(PipelineFactory.java:58)
	at org.apache.hadoop.hdds.scm.pipeline.SCMPipelineManager.createPipeline(SCMPipelineManager.java:155)
	at org.apache.hadoop.hdds.scm.block.BlockManagerImpl.allocateBlock(BlockManagerImpl.java:190)
	at org.apache.hadoop.hdds.scm.server.SCMBlockProtocolServer.allocateBlock(SCMBlockProtocolServer.java:182)
	at org.apache.hadoop.ozone.protocolPB.ScmBlockLocationProtocolServerSideTranslatorPB.allocateScmBlock(ScmBlockLocationProtocolServerSideTranslatorPB.java:183)
	at org.apache.hadoop.ozone.protocolPB.ScmBlockLocationProtocolServerSideTranslatorPB.processMessage(ScmBlockLocationProtocolServerSideTranslatorPB.java:141)
	at org.apache.hadoop.ozone.protocolPB.ScmBlockLocationProtocolServerSideTranslatorPB.send(ScmBlockLocationProtocolServerSideTranslatorPB.java:116)
	at org.apache.hadoop.hdds.protocol.proto.ScmBlockLocationProtocolProtos$ScmBlockLocationProtocolService$2.callBlockingMethod(ScmBlockLocationProtocolProtos.java:13157)
	at org.apache.hadoop.ipc.ProtobufRpcEngine$Server$ProtoBufRpcInvoker.call(ProtobufRpcEngine.java:524)
	at org.apache.hadoop.ipc.RPC$Server.call(RPC.java:1025)
	at org.apache.hadoop.ipc.Server$RpcCall.run(Server.java:876)
	at org.apache.hadoop.ipc.Server$RpcCall.run(Server.java:822)
	at java.security.AccessController.doPrivileged(Native Method)
	at javax.security.auth.Subject.doAs(Subject.java:422)
	at org.apache.hadoop.security.UserGroupInformation.doAs(UserGroupInformation.java:1730)
	at org.apache.hadoop.ipc.Server$Handler.run(Server.java:2682)
2019-09-25 12:04:08,109 [IPC Server handler 0 on 43057] INFO  block.BlockManagerImpl (BlockManagerImpl.java:allocateBlock(198)) - Could not find available pipeline of type:RATIS and factor:THREE even after retrying
2019-09-25 12:04:08,109 [IPC Server handler 0 on 43057] ERROR block.BlockManagerImpl (BlockManagerImpl.java:allocateBlock(222)) - Unable to allocate a block for the size: 4194304, type: RATIS, factor: THREE
2019-09-25 12:04:08,109 [IPC Server handler 0 on 43057] INFO  pipeline.PipelinePlacementPolicy (PipelinePlacementPolicy.java:meetCriteria(91)) - Pipeline Placement: can't place more pipeline on heavy datanode： db9a1ebc-bc0c-4bed-8f15-d50f9a658f38 Heaviness: 6 limit: 5
2019-09-25 12:04:08,109 [IPC Server handler 0 on 43057] INFO  pipeline.PipelinePlacementPolicy (PipelinePlacementPolicy.java:meetCriteria(91)) - Pipeline Placement: can't place more pipeline on heavy datanode： bdcb6c3e-8893-4e8a-90a8-eb631ad0e985 Heaviness: 6 limit: 5
2019-09-25 12:04:08,109 [IPC Server handler 0 on 43057] INFO  pipeline.PipelinePlacementPolicy (PipelinePlacementPolicy.java:meetCriteria(91)) - Pipeline Placement: can't place more pipeline on heavy datanode： 24c3890a-3f13-4340-8313-f577cdc100b6 Heaviness: 6 limit: 5
2019-09-25 12:04:08,110 [IPC Server handler 0 on 43057] INFO  pipeline.PipelinePlacementPolicy (PipelinePlacementPolicy.java:meetCriteria(91)) - Pipeline Placement: can't place more pipeline on heavy datanode： a7b713c9-d145-43da-b168-eb086be0693a Heaviness: 6 limit: 5
2019-09-25 12:04:08,110 [IPC Server handler 0 on 43057] INFO  pipeline.PipelinePlacementPolicy (PipelinePlacementPolicy.java:meetCriteria(91)) - Pipeline Placement: can't place more pipeline on heavy datanode： 26ee0107-1f2c-48c6-b68f-fb73f18a1c69 Heaviness: 6 limit: 5
2019-09-25 12:04:08,110 [IPC Server handler 0 on 43057] ERROR pipeline.PipelinePlacementPolicy (PipelinePlacementPolicy.java:filterViableNodes(148)) - Unable to find enough nodes that meet the criteria that cannot engage in more than 5 pipelines. Nodes required: 3 Found: 0, healthy nodes count inNodeManager: 5.
2019-09-25 12:04:08,110 [IPC Server handler 0 on 43057] ERROR pipeline.SCMPipelineManager (SCMPipelineManager.java:createPipeline(167)) - Pipeline creation failed.
org.apache.hadoop.hdds.scm.exceptions.SCMException: Unable to find enough nodes that meet the criteria that cannot engage in more than 5 pipelines. Nodes required: 3 Found: 0, healthy nodes count inNodeManager: 5.
	at org.apache.hadoop.hdds.scm.pipeline.PipelinePlacementPolicy.filterViableNodes(PipelinePlacementPolicy.java:149)
	at org.apache.hadoop.hdds.scm.pipeline.PipelinePlacementPolicy.chooseDatanodes(PipelinePlacementPolicy.java:172)
	at org.apache.hadoop.hdds.scm.pipeline.RatisPipelineProvider.create(RatisPipelineProvider.java:93)
	at org.apache.hadoop.hdds.scm.pipeline.PipelineFactory.create(PipelineFactory.java:58)
	at org.apache.hadoop.hdds.scm.pipeline.SCMPipelineManager.createPipeline(SCMPipelineManager.java:155)
	at org.apache.hadoop.hdds.scm.block.BlockManagerImpl.allocateBlock(BlockManagerImpl.java:190)
	at org.apache.hadoop.hdds.scm.server.SCMBlockProtocolServer.allocateBlock(SCMBlockProtocolServer.java:182)
	at org.apache.hadoop.ozone.protocolPB.ScmBlockLocationProtocolServerSideTranslatorPB.allocateScmBlock(ScmBlockLocationProtocolServerSideTranslatorPB.java:183)
	at org.apache.hadoop.ozone.protocolPB.ScmBlockLocationProtocolServerSideTranslatorPB.processMessage(ScmBlockLocationProtocolServerSideTranslatorPB.java:141)
	at org.apache.hadoop.ozone.protocolPB.ScmBlockLocationProtocolServerSideTranslatorPB.send(ScmBlockLocationProtocolServerSideTranslatorPB.java:116)
	at org.apache.hadoop.hdds.protocol.proto.ScmBlockLocationProtocolProtos$ScmBlockLocationProtocolService$2.callBlockingMethod(ScmBlockLocationProtocolProtos.java:13157)
	at org.apache.hadoop.ipc.ProtobufRpcEngine$Server$ProtoBufRpcInvoker.call(ProtobufRpcEngine.java:524)
	at org.apache.hadoop.ipc.RPC$Server.call(RPC.java:1025)
	at org.apache.hadoop.ipc.Server$RpcCall.run(Server.java:876)
	at org.apache.hadoop.ipc.Server$RpcCall.run(Server.java:822)
	at java.security.AccessController.doPrivileged(Native Method)
	at javax.security.auth.Subject.doAs(Subject.java:422)
	at org.apache.hadoop.security.UserGroupInformation.doAs(UserGroupInformation.java:1730)
	at org.apache.hadoop.ipc.Server$Handler.run(Server.java:2682)
2019-09-25 12:04:08,110 [IPC Server handler 0 on 43057] WARN  block.BlockManagerImpl (BlockManagerImpl.java:allocateBlock(192)) - Pipeline creation failed for type:RATIS factor:THREE. Retrying get pipelines call once.
org.apache.hadoop.hdds.scm.exceptions.SCMException: Unable to find enough nodes that meet the criteria that cannot engage in more than 5 pipelines. Nodes required: 3 Found: 0, healthy nodes count inNodeManager: 5.
	at org.apache.hadoop.hdds.scm.pipeline.PipelinePlacementPolicy.filterViableNodes(PipelinePlacementPolicy.java:149)
	at org.apache.hadoop.hdds.scm.pipeline.PipelinePlacementPolicy.chooseDatanodes(PipelinePlacementPolicy.java:172)
	at org.apache.hadoop.hdds.scm.pipeline.RatisPipelineProvider.create(RatisPipelineProvider.java:93)
	at org.apache.hadoop.hdds.scm.pipeline.PipelineFactory.create(PipelineFactory.java:58)
	at org.apache.hadoop.hdds.scm.pipeline.SCMPipelineManager.createPipeline(SCMPipelineManager.java:155)
	at org.apache.hadoop.hdds.scm.block.BlockManagerImpl.allocateBlock(BlockManagerImpl.java:190)
	at org.apache.hadoop.hdds.scm.server.SCMBlockProtocolServer.allocateBlock(SCMBlockProtocolServer.java:182)
	at org.apache.hadoop.ozone.protocolPB.ScmBlockLocationProtocolServerSideTranslatorPB.allocateScmBlock(ScmBlockLocationProtocolServerSideTranslatorPB.java:183)
	at org.apache.hadoop.ozone.protocolPB.ScmBlockLocationProtocolServerSideTranslatorPB.processMessage(ScmBlockLocationProtocolServerSideTranslatorPB.java:141)
	at org.apache.hadoop.ozone.protocolPB.ScmBlockLocationProtocolServerSideTranslatorPB.send(ScmBlockLocationProtocolServerSideTranslatorPB.java:116)
	at org.apache.hadoop.hdds.protocol.proto.ScmBlockLocationProtocolProtos$ScmBlockLocationProtocolService$2.callBlockingMethod(ScmBlockLocationProtocolProtos.java:13157)
	at org.apache.hadoop.ipc.ProtobufRpcEngine$Server$ProtoBufRpcInvoker.call(ProtobufRpcEngine.java:524)
	at org.apache.hadoop.ipc.RPC$Server.call(RPC.java:1025)
	at org.apache.hadoop.ipc.Server$RpcCall.run(Server.java:876)
	at org.apache.hadoop.ipc.Server$RpcCall.run(Server.java:822)
	at java.security.AccessController.doPrivileged(Native Method)
	at javax.security.auth.Subject.doAs(Subject.java:422)
	at org.apache.hadoop.security.UserGroupInformation.doAs(UserGroupInformation.java:1730)
	at org.apache.hadoop.ipc.Server$Handler.run(Server.java:2682)
2019-09-25 12:04:08,111 [IPC Server handler 0 on 43057] INFO  block.BlockManagerImpl (BlockManagerImpl.java:allocateBlock(198)) - Could not find available pipeline of type:RATIS and factor:THREE even after retrying
2019-09-25 12:04:08,111 [IPC Server handler 0 on 43057] ERROR block.BlockManagerImpl (BlockManagerImpl.java:allocateBlock(222)) - Unable to allocate a block for the size: 4194304, type: RATIS, factor: THREE
2019-09-25 12:04:08,111 [IPC Server handler 0 on 43057] INFO  pipeline.PipelinePlacementPolicy (PipelinePlacementPolicy.java:meetCriteria(91)) - Pipeline Placement: can't place more pipeline on heavy datanode： db9a1ebc-bc0c-4bed-8f15-d50f9a658f38 Heaviness: 6 limit: 5
2019-09-25 12:04:08,111 [IPC Server handler 0 on 43057] INFO  pipeline.PipelinePlacementPolicy (PipelinePlacementPolicy.java:meetCriteria(91)) - Pipeline Placement: can't place more pipeline on heavy datanode： bdcb6c3e-8893-4e8a-90a8-eb631ad0e985 Heaviness: 6 limit: 5
2019-09-25 12:04:08,111 [IPC Server handler 0 on 43057] INFO  pipeline.PipelinePlacementPolicy (PipelinePlacementPolicy.java:meetCriteria(91)) - Pipeline Placement: can't place more pipeline on heavy datanode： 24c3890a-3f13-4340-8313-f577cdc100b6 Heaviness: 6 limit: 5
2019-09-25 12:04:08,111 [IPC Server handler 0 on 43057] INFO  pipeline.PipelinePlacementPolicy (PipelinePlacementPolicy.java:meetCriteria(91)) - Pipeline Placement: can't place more pipeline on heavy datanode： a7b713c9-d145-43da-b168-eb086be0693a Heaviness: 6 limit: 5
2019-09-25 12:04:08,111 [IPC Server handler 0 on 43057] INFO  pipeline.PipelinePlacementPolicy (PipelinePlacementPolicy.java:meetCriteria(91)) - Pipeline Placement: can't place more pipeline on heavy datanode： 26ee0107-1f2c-48c6-b68f-fb73f18a1c69 Heaviness: 6 limit: 5
2019-09-25 12:04:08,112 [IPC Server handler 0 on 43057] ERROR pipeline.PipelinePlacementPolicy (PipelinePlacementPolicy.java:filterViableNodes(148)) - Unable to find enough nodes that meet the criteria that cannot engage in more than 5 pipelines. Nodes required: 3 Found: 0, healthy nodes count inNodeManager: 5.
2019-09-25 12:04:08,112 [IPC Server handler 0 on 43057] ERROR pipeline.SCMPipelineManager (SCMPipelineManager.java:createPipeline(167)) - Pipeline creation failed.
org.apache.hadoop.hdds.scm.exceptions.SCMException: Unable to find enough nodes that meet the criteria that cannot engage in more than 5 pipelines. Nodes required: 3 Found: 0, healthy nodes count inNodeManager: 5.
	at org.apache.hadoop.hdds.scm.pipeline.PipelinePlacementPolicy.filterViableNodes(PipelinePlacementPolicy.java:149)
	at org.apache.hadoop.hdds.scm.pipeline.PipelinePlacementPolicy.chooseDatanodes(PipelinePlacementPolicy.java:172)
	at org.apache.hadoop.hdds.scm.pipeline.RatisPipelineProvider.create(RatisPipelineProvider.java:93)
	at org.apache.hadoop.hdds.scm.pipeline.PipelineFactory.create(PipelineFactory.java:58)
	at org.apache.hadoop.hdds.scm.pipeline.SCMPipelineManager.createPipeline(SCMPipelineManager.java:155)
	at org.apache.hadoop.hdds.scm.block.BlockManagerImpl.allocateBlock(BlockManagerImpl.java:190)
	at org.apache.hadoop.hdds.scm.server.SCMBlockProtocolServer.allocateBlock(SCMBlockProtocolServer.java:182)
	at org.apache.hadoop.ozone.protocolPB.ScmBlockLocationProtocolServerSideTranslatorPB.allocateScmBlock(ScmBlockLocationProtocolServerSideTranslatorPB.java:183)
	at org.apache.hadoop.ozone.protocolPB.ScmBlockLocationProtocolServerSideTranslatorPB.processMessage(ScmBlockLocationProtocolServerSideTranslatorPB.java:141)
	at org.apache.hadoop.ozone.protocolPB.ScmBlockLocationProtocolServerSideTranslatorPB.send(ScmBlockLocationProtocolServerSideTranslatorPB.java:116)
	at org.apache.hadoop.hdds.protocol.proto.ScmBlockLocationProtocolProtos$ScmBlockLocationProtocolService$2.callBlockingMethod(ScmBlockLocationProtocolProtos.java:13157)
	at org.apache.hadoop.ipc.ProtobufRpcEngine$Server$ProtoBufRpcInvoker.call(ProtobufRpcEngine.java:524)
	at org.apache.hadoop.ipc.RPC$Server.call(RPC.java:1025)
	at org.apache.hadoop.ipc.Server$RpcCall.run(Server.java:876)
	at org.apache.hadoop.ipc.Server$RpcCall.run(Server.java:822)
	at java.security.AccessController.doPrivileged(Native Method)
	at javax.security.auth.Subject.doAs(Subject.java:422)
	at org.apache.hadoop.security.UserGroupInformation.doAs(UserGroupInformation.java:1730)
	at org.apache.hadoop.ipc.Server$Handler.run(Server.java:2682)
2019-09-25 12:04:08,112 [IPC Server handler 0 on 43057] WARN  block.BlockManagerImpl (BlockManagerImpl.java:allocateBlock(192)) - Pipeline creation failed for type:RATIS factor:THREE. Retrying get pipelines call once.
org.apache.hadoop.hdds.scm.exceptions.SCMException: Unable to find enough nodes that meet the criteria that cannot engage in more than 5 pipelines. Nodes required: 3 Found: 0, healthy nodes count inNodeManager: 5.
	at org.apache.hadoop.hdds.scm.pipeline.PipelinePlacementPolicy.filterViableNodes(PipelinePlacementPolicy.java:149)
	at org.apache.hadoop.hdds.scm.pipeline.PipelinePlacementPolicy.chooseDatanodes(PipelinePlacementPolicy.java:172)
	at org.apache.hadoop.hdds.scm.pipeline.RatisPipelineProvider.create(RatisPipelineProvider.java:93)
	at org.apache.hadoop.hdds.scm.pipeline.PipelineFactory.create(PipelineFactory.java:58)
	at org.apache.hadoop.hdds.scm.pipeline.SCMPipelineManager.createPipeline(SCMPipelineManager.java:155)
	at org.apache.hadoop.hdds.scm.block.BlockManagerImpl.allocateBlock(BlockManagerImpl.java:190)
	at org.apache.hadoop.hdds.scm.server.SCMBlockProtocolServer.allocateBlock(SCMBlockProtocolServer.java:182)
	at org.apache.hadoop.ozone.protocolPB.ScmBlockLocationProtocolServerSideTranslatorPB.allocateScmBlock(ScmBlockLocationProtocolServerSideTranslatorPB.java:183)
	at org.apache.hadoop.ozone.protocolPB.ScmBlockLocationProtocolServerSideTranslatorPB.processMessage(ScmBlockLocationProtocolServerSideTranslatorPB.java:141)
	at org.apache.hadoop.ozone.protocolPB.ScmBlockLocationProtocolServerSideTranslatorPB.send(ScmBlockLocationProtocolServerSideTranslatorPB.java:116)
	at org.apache.hadoop.hdds.protocol.proto.ScmBlockLocationProtocolProtos$ScmBlockLocationProtocolService$2.callBlockingMethod(ScmBlockLocationProtocolProtos.java:13157)
	at org.apache.hadoop.ipc.ProtobufRpcEngine$Server$ProtoBufRpcInvoker.call(ProtobufRpcEngine.java:524)
	at org.apache.hadoop.ipc.RPC$Server.call(RPC.java:1025)
	at org.apache.hadoop.ipc.Server$RpcCall.run(Server.java:876)
	at org.apache.hadoop.ipc.Server$RpcCall.run(Server.java:822)
	at java.security.AccessController.doPrivileged(Native Method)
	at javax.security.auth.Subject.doAs(Subject.java:422)
	at org.apache.hadoop.security.UserGroupInformation.doAs(UserGroupInformation.java:1730)
	at org.apache.hadoop.ipc.Server$Handler.run(Server.java:2682)
2019-09-25 12:04:08,112 [IPC Server handler 0 on 43057] INFO  block.BlockManagerImpl (BlockManagerImpl.java:allocateBlock(198)) - Could not find available pipeline of type:RATIS and factor:THREE even after retrying
2019-09-25 12:04:08,112 [IPC Server handler 0 on 43057] ERROR block.BlockManagerImpl (BlockManagerImpl.java:allocateBlock(222)) - Unable to allocate a block for the size: 4194304, type: RATIS, factor: THREE
2019-09-25 12:04:08,113 [IPC Server handler 0 on 43057] INFO  pipeline.PipelinePlacementPolicy (PipelinePlacementPolicy.java:meetCriteria(91)) - Pipeline Placement: can't place more pipeline on heavy datanode： db9a1ebc-bc0c-4bed-8f15-d50f9a658f38 Heaviness: 6 limit: 5
2019-09-25 12:04:08,113 [IPC Server handler 0 on 43057] INFO  pipeline.PipelinePlacementPolicy (PipelinePlacementPolicy.java:meetCriteria(91)) - Pipeline Placement: can't place more pipeline on heavy datanode： bdcb6c3e-8893-4e8a-90a8-eb631ad0e985 Heaviness: 6 limit: 5
2019-09-25 12:04:08,113 [IPC Server handler 0 on 43057] INFO  pipeline.PipelinePlacementPolicy (PipelinePlacementPolicy.java:meetCriteria(91)) - Pipeline Placement: can't place more pipeline on heavy datanode： 24c3890a-3f13-4340-8313-f577cdc100b6 Heaviness: 6 limit: 5
2019-09-25 12:04:08,113 [IPC Server handler 0 on 43057] INFO  pipeline.PipelinePlacementPolicy (PipelinePlacementPolicy.java:meetCriteria(91)) - Pipeline Placement: can't place more pipeline on heavy datanode： a7b713c9-d145-43da-b168-eb086be0693a Heaviness: 6 limit: 5
2019-09-25 12:04:08,113 [IPC Server handler 0 on 43057] INFO  pipeline.PipelinePlacementPolicy (PipelinePlacementPolicy.java:meetCriteria(91)) - Pipeline Placement: can't place more pipeline on heavy datanode： 26ee0107-1f2c-48c6-b68f-fb73f18a1c69 Heaviness: 6 limit: 5
2019-09-25 12:04:08,113 [IPC Server handler 0 on 43057] ERROR pipeline.PipelinePlacementPolicy (PipelinePlacementPolicy.java:filterViableNodes(148)) - Unable to find enough nodes that meet the criteria that cannot engage in more than 5 pipelines. Nodes required: 3 Found: 0, healthy nodes count inNodeManager: 5.
2019-09-25 12:04:08,113 [IPC Server handler 0 on 43057] ERROR pipeline.SCMPipelineManager (SCMPipelineManager.java:createPipeline(167)) - Pipeline creation failed.
org.apache.hadoop.hdds.scm.exceptions.SCMException: Unable to find enough nodes that meet the criteria that cannot engage in more than 5 pipelines. Nodes required: 3 Found: 0, healthy nodes count inNodeManager: 5.
	at org.apache.hadoop.hdds.scm.pipeline.PipelinePlacementPolicy.filterViableNodes(PipelinePlacementPolicy.java:149)
	at org.apache.hadoop.hdds.scm.pipeline.PipelinePlacementPolicy.chooseDatanodes(PipelinePlacementPolicy.java:172)
	at org.apache.hadoop.hdds.scm.pipeline.RatisPipelineProvider.create(RatisPipelineProvider.java:93)
	at org.apache.hadoop.hdds.scm.pipeline.PipelineFactory.create(PipelineFactory.java:58)
	at org.apache.hadoop.hdds.scm.pipeline.SCMPipelineManager.createPipeline(SCMPipelineManager.java:155)
	at org.apache.hadoop.hdds.scm.block.BlockManagerImpl.allocateBlock(BlockManagerImpl.java:190)
	at org.apache.hadoop.hdds.scm.server.SCMBlockProtocolServer.allocateBlock(SCMBlockProtocolServer.java:182)
	at org.apache.hadoop.ozone.protocolPB.ScmBlockLocationProtocolServerSideTranslatorPB.allocateScmBlock(ScmBlockLocationProtocolServerSideTranslatorPB.java:183)
	at org.apache.hadoop.ozone.protocolPB.ScmBlockLocationProtocolServerSideTranslatorPB.processMessage(ScmBlockLocationProtocolServerSideTranslatorPB.java:141)
	at org.apache.hadoop.ozone.protocolPB.ScmBlockLocationProtocolServerSideTranslatorPB.send(ScmBlockLocationProtocolServerSideTranslatorPB.java:116)
	at org.apache.hadoop.hdds.protocol.proto.ScmBlockLocationProtocolProtos$ScmBlockLocationProtocolService$2.callBlockingMethod(ScmBlockLocationProtocolProtos.java:13157)
	at org.apache.hadoop.ipc.ProtobufRpcEngine$Server$ProtoBufRpcInvoker.call(ProtobufRpcEngine.java:524)
	at org.apache.hadoop.ipc.RPC$Server.call(RPC.java:1025)
	at org.apache.hadoop.ipc.Server$RpcCall.run(Server.java:876)
	at org.apache.hadoop.ipc.Server$RpcCall.run(Server.java:822)
	at java.security.AccessController.doPrivileged(Native Method)
	at javax.security.auth.Subject.doAs(Subject.java:422)
	at org.apache.hadoop.security.UserGroupInformation.doAs(UserGroupInformation.java:1730)
	at org.apache.hadoop.ipc.Server$Handler.run(Server.java:2682)
2019-09-25 12:04:08,114 [IPC Server handler 0 on 43057] WARN  block.BlockManagerImpl (BlockManagerImpl.java:allocateBlock(192)) - Pipeline creation failed for type:RATIS factor:THREE. Retrying get pipelines call once.
org.apache.hadoop.hdds.scm.exceptions.SCMException: Unable to find enough nodes that meet the criteria that cannot engage in more than 5 pipelines. Nodes required: 3 Found: 0, healthy nodes count inNodeManager: 5.
	at org.apache.hadoop.hdds.scm.pipeline.PipelinePlacementPolicy.filterViableNodes(PipelinePlacementPolicy.java:149)
	at org.apache.hadoop.hdds.scm.pipeline.PipelinePlacementPolicy.chooseDatanodes(PipelinePlacementPolicy.java:172)
	at org.apache.hadoop.hdds.scm.pipeline.RatisPipelineProvider.create(RatisPipelineProvider.java:93)
	at org.apache.hadoop.hdds.scm.pipeline.PipelineFactory.create(PipelineFactory.java:58)
	at org.apache.hadoop.hdds.scm.pipeline.SCMPipelineManager.createPipeline(SCMPipelineManager.java:155)
	at org.apache.hadoop.hdds.scm.block.BlockManagerImpl.allocateBlock(BlockManagerImpl.java:190)
	at org.apache.hadoop.hdds.scm.server.SCMBlockProtocolServer.allocateBlock(SCMBlockProtocolServer.java:182)
	at org.apache.hadoop.ozone.protocolPB.ScmBlockLocationProtocolServerSideTranslatorPB.allocateScmBlock(ScmBlockLocationProtocolServerSideTranslatorPB.java:183)
	at org.apache.hadoop.ozone.protocolPB.ScmBlockLocationProtocolServerSideTranslatorPB.processMessage(ScmBlockLocationProtocolServerSideTranslatorPB.java:141)
	at org.apache.hadoop.ozone.protocolPB.ScmBlockLocationProtocolServerSideTranslatorPB.send(ScmBlockLocationProtocolServerSideTranslatorPB.java:116)
	at org.apache.hadoop.hdds.protocol.proto.ScmBlockLocationProtocolProtos$ScmBlockLocationProtocolService$2.callBlockingMethod(ScmBlockLocationProtocolProtos.java:13157)
	at org.apache.hadoop.ipc.ProtobufRpcEngine$Server$ProtoBufRpcInvoker.call(ProtobufRpcEngine.java:524)
	at org.apache.hadoop.ipc.RPC$Server.call(RPC.java:1025)
	at org.apache.hadoop.ipc.Server$RpcCall.run(Server.java:876)
	at org.apache.hadoop.ipc.Server$RpcCall.run(Server.java:822)
	at java.security.AccessController.doPrivileged(Native Method)
	at javax.security.auth.Subject.doAs(Subject.java:422)
	at org.apache.hadoop.security.UserGroupInformation.doAs(UserGroupInformation.java:1730)
	at org.apache.hadoop.ipc.Server$Handler.run(Server.java:2682)
2019-09-25 12:04:08,115 [IPC Server handler 0 on 43057] INFO  block.BlockManagerImpl (BlockManagerImpl.java:allocateBlock(198)) - Could not find available pipeline of type:RATIS and factor:THREE even after retrying
2019-09-25 12:04:08,115 [IPC Server handler 0 on 43057] ERROR block.BlockManagerImpl (BlockManagerImpl.java:allocateBlock(222)) - Unable to allocate a block for the size: 4194304, type: RATIS, factor: THREE
2019-09-25 12:04:08,121 [pool-73-thread-3] ERROR freon.RandomKeyGenerator (RandomKeyGenerator.java:createKey(733)) - Exception while adding key: key-0-51251 in bucket: bucket-0-29565 of volume: vol-0-69094.
INTERNAL_ERROR org.apache.hadoop.ozone.om.exceptions.OMException: Allocated 0 blocks. Requested 5 blocks
	at org.apache.hadoop.ozone.om.protocolPB.OzoneManagerProtocolClientSideTranslatorPB.handleError(OzoneManagerProtocolClientSideTranslatorPB.java:732)
	at org.apache.hadoop.ozone.om.protocolPB.OzoneManagerProtocolClientSideTranslatorPB.openKey(OzoneManagerProtocolClientSideTranslatorPB.java:723)
	at sun.reflect.NativeMethodAccessorImpl.invoke0(Native Method)
	at sun.reflect.NativeMethodAccessorImpl.invoke(NativeMethodAccessorImpl.java:62)
	at sun.reflect.DelegatingMethodAccessorImpl.invoke(DelegatingMethodAccessorImpl.java:43)
	at java.lang.reflect.Method.invoke(Method.java:498)
	at org.apache.hadoop.hdds.tracing.TraceAllMethod.invoke(TraceAllMethod.java:66)
	at com.sun.proxy.$Proxy37.openKey(Unknown Source)
	at org.apache.hadoop.ozone.client.rpc.RpcClient.createKey(RpcClient.java:614)
	at org.apache.hadoop.ozone.client.OzoneBucket.createKey(OzoneBucket.java:325)
	at org.apache.hadoop.ozone.freon.RandomKeyGenerator.createKey(RandomKeyGenerator.java:695)
	at org.apache.hadoop.ozone.freon.RandomKeyGenerator.access$1100(RandomKeyGenerator.java:88)
	at org.apache.hadoop.ozone.freon.RandomKeyGenerator$ObjectCreator.run(RandomKeyGenerator.java:615)
	at java.util.concurrent.Executors$RunnableAdapter.call(Executors.java:511)
	at java.util.concurrent.FutureTask.run(FutureTask.java:266)
	at java.util.concurrent.ThreadPoolExecutor.runWorker(ThreadPoolExecutor.java:1149)
	at java.util.concurrent.ThreadPoolExecutor$Worker.run(ThreadPoolExecutor.java:624)
	at java.lang.Thread.run(Thread.java:748)
 0.00% |█                                                                                                    |  0/1 Time: 0:00:02 0.00% |█                                                                                                    |  0/1 Time: 0:00:032019-09-25 12:04:10,672 [Thread-210] INFO  impl.FollowerState (FollowerState.java:run(106)) - bdcb6c3e-8893-4e8a-90a8-eb631ad0e985:group-B17B3F1EDB6C changes to CANDIDATE, lastRpcTime:5104, electionTimeout:5104ms
2019-09-25 12:04:10,675 [Thread-210] INFO  impl.RoleInfo (RoleInfo.java:shutdownFollowerState(121)) - bdcb6c3e-8893-4e8a-90a8-eb631ad0e985: shutdown FollowerState
2019-09-25 12:04:10,676 [Thread-210] INFO  impl.RaftServerImpl (RaftServerImpl.java:setRole(174)) - bdcb6c3e-8893-4e8a-90a8-eb631ad0e985@group-B17B3F1EDB6C: changes role from  FOLLOWER to CANDIDATE at term 0 for changeToCandidate
2019-09-25 12:04:10,679 [Thread-210] INFO  impl.RoleInfo (RoleInfo.java:updateAndGet(143)) - bdcb6c3e-8893-4e8a-90a8-eb631ad0e985: start LeaderElection
2019-09-25 12:04:10,698 [bdcb6c3e-8893-4e8a-90a8-eb631ad0e985@group-B17B3F1EDB6C:LeaderElection1] INFO  impl.LeaderElection (LeaderElection.java:askForVotes(182)) - bdcb6c3e-8893-4e8a-90a8-eb631ad0e985@group-B17B3F1EDB6C:LeaderElection1: begin an election at term 1 for -1: [bdcb6c3e-8893-4e8a-90a8-eb631ad0e985:192.168.30.6:46114], old=null
2019-09-25 12:04:10,700 [bdcb6c3e-8893-4e8a-90a8-eb631ad0e985@group-B17B3F1EDB6C:LeaderElection1] INFO  impl.RoleInfo (RoleInfo.java:shutdownLeaderElection(134)) - bdcb6c3e-8893-4e8a-90a8-eb631ad0e985: shutdown LeaderElection
2019-09-25 12:04:10,701 [bdcb6c3e-8893-4e8a-90a8-eb631ad0e985@group-B17B3F1EDB6C:LeaderElection1] INFO  impl.RaftServerImpl (RaftServerImpl.java:setRole(174)) - bdcb6c3e-8893-4e8a-90a8-eb631ad0e985@group-B17B3F1EDB6C: changes role from CANDIDATE to LEADER at term 1 for changeToLeader
2019-09-25 12:04:10,702 [bdcb6c3e-8893-4e8a-90a8-eb631ad0e985@group-B17B3F1EDB6C:LeaderElection1] INFO  impl.RaftServerImpl (ServerState.java:setLeader(253)) - bdcb6c3e-8893-4e8a-90a8-eb631ad0e985@group-B17B3F1EDB6C: change Leader from null to bdcb6c3e-8893-4e8a-90a8-eb631ad0e985 at term 1 for becomeLeader, leader elected after 5263ms
2019-09-25 12:04:10,712 [bdcb6c3e-8893-4e8a-90a8-eb631ad0e985@group-B17B3F1EDB6C:LeaderElection1] INFO  server.RaftServerConfigKeys (ConfUtils.java:logGet(43)) - raft.server.staging.catchup.gap = 1000 (default)
2019-09-25 12:04:10,712 [bdcb6c3e-8893-4e8a-90a8-eb631ad0e985@group-B17B3F1EDB6C:LeaderElection1] INFO  server.RaftServerConfigKeys (ConfUtils.java:logGet(43)) - raft.server.rpc.sleep.time = 25ms (default)
 0.00% |█                                                                                                    |  0/1 Time: 0:00:042019-09-25 12:04:10,716 [bdcb6c3e-8893-4e8a-90a8-eb631ad0e985@group-B17B3F1EDB6C:LeaderElection1] INFO  server.RaftServerConfigKeys (ConfUtils.java:logGet(43)) - raft.server.write.element-limit = 4096 (default)
2019-09-25 12:04:10,719 [bdcb6c3e-8893-4e8a-90a8-eb631ad0e985@group-B17B3F1EDB6C:LeaderElection1] INFO  server.RaftServerConfigKeys (ConfUtils.java:logGet(43)) - raft.server.watch.timeout = 10s (default)
2019-09-25 12:04:10,719 [bdcb6c3e-8893-4e8a-90a8-eb631ad0e985@group-B17B3F1EDB6C:LeaderElection1] INFO  server.RaftServerConfigKeys (ConfUtils.java:logGet(43)) - raft.server.watch.timeout.denomination = 1s (default)
2019-09-25 12:04:10,721 [bdcb6c3e-8893-4e8a-90a8-eb631ad0e985@group-B17B3F1EDB6C:LeaderElection1] INFO  server.RaftServerConfigKeys (ConfUtils.java:logGet(43)) - raft.server.watch.element-limit = 65536 (default)
2019-09-25 12:04:10,734 [bdcb6c3e-8893-4e8a-90a8-eb631ad0e985@group-B17B3F1EDB6C:LeaderElection1] INFO  impl.RoleInfo (RoleInfo.java:updateAndGet(143)) - bdcb6c3e-8893-4e8a-90a8-eb631ad0e985: start LeaderState
2019-09-25 12:04:10,768 [bdcb6c3e-8893-4e8a-90a8-eb631ad0e985@group-B17B3F1EDB6C:LeaderElection1] INFO  segmented.SegmentedRaftLogWorker (SegmentedRaftLogWorker.java:startLogSegment(380)) - bdcb6c3e-8893-4e8a-90a8-eb631ad0e985@group-B17B3F1EDB6C-SegmentedRaftLogWorker: Starting segment from index:0
2019-09-25 12:04:10,778 [bdcb6c3e-8893-4e8a-90a8-eb631ad0e985@group-B17B3F1EDB6C:LeaderElection1] INFO  impl.RaftServerImpl (ServerState.java:setRaftConf(354)) - bdcb6c3e-8893-4e8a-90a8-eb631ad0e985@group-B17B3F1EDB6C: set configuration 0: [bdcb6c3e-8893-4e8a-90a8-eb631ad0e985:192.168.30.6:46114], old=null at 0
2019-09-25 12:04:10,819 [Thread-213] INFO  impl.FollowerState (FollowerState.java:run(106)) - bdcb6c3e-8893-4e8a-90a8-eb631ad0e985:group-671316CA099A changes to CANDIDATE, lastRpcTime:5112, electionTimeout:5112ms
2019-09-25 12:04:10,822 [Thread-213] INFO  impl.RoleInfo (RoleInfo.java:shutdownFollowerState(121)) - bdcb6c3e-8893-4e8a-90a8-eb631ad0e985: shutdown FollowerState
2019-09-25 12:04:10,822 [Thread-213] INFO  impl.RaftServerImpl (RaftServerImpl.java:setRole(174)) - bdcb6c3e-8893-4e8a-90a8-eb631ad0e985@group-671316CA099A: changes role from  FOLLOWER to CANDIDATE at term 0 for changeToCandidate
2019-09-25 12:04:10,822 [Thread-213] INFO  impl.RoleInfo (RoleInfo.java:updateAndGet(143)) - bdcb6c3e-8893-4e8a-90a8-eb631ad0e985: start LeaderElection
2019-09-25 12:04:10,839 [bdcb6c3e-8893-4e8a-90a8-eb631ad0e985@group-671316CA099A:LeaderElection2] INFO  impl.LeaderElection (LeaderElection.java:askForVotes(182)) - bdcb6c3e-8893-4e8a-90a8-eb631ad0e985@group-671316CA099A:LeaderElection2: begin an election at term 1 for -1: [bdcb6c3e-8893-4e8a-90a8-eb631ad0e985:192.168.30.6:46114], old=null
2019-09-25 12:04:10,841 [bdcb6c3e-8893-4e8a-90a8-eb631ad0e985@group-671316CA099A:LeaderElection2] INFO  impl.RoleInfo (RoleInfo.java:shutdownLeaderElection(134)) - bdcb6c3e-8893-4e8a-90a8-eb631ad0e985: shutdown LeaderElection
2019-09-25 12:04:10,841 [bdcb6c3e-8893-4e8a-90a8-eb631ad0e985@group-671316CA099A:LeaderElection2] INFO  impl.RaftServerImpl (RaftServerImpl.java:setRole(174)) - bdcb6c3e-8893-4e8a-90a8-eb631ad0e985@group-671316CA099A: changes role from CANDIDATE to LEADER at term 1 for changeToLeader
2019-09-25 12:04:10,842 [bdcb6c3e-8893-4e8a-90a8-eb631ad0e985@group-671316CA099A:LeaderElection2] INFO  impl.RaftServerImpl (ServerState.java:setLeader(253)) - bdcb6c3e-8893-4e8a-90a8-eb631ad0e985@group-671316CA099A: change Leader from null to bdcb6c3e-8893-4e8a-90a8-eb631ad0e985 at term 1 for becomeLeader, leader elected after 5146ms
2019-09-25 12:04:10,842 [bdcb6c3e-8893-4e8a-90a8-eb631ad0e985@group-671316CA099A:LeaderElection2] INFO  server.RaftServerConfigKeys (ConfUtils.java:logGet(43)) - raft.server.staging.catchup.gap = 1000 (default)
2019-09-25 12:04:10,842 [bdcb6c3e-8893-4e8a-90a8-eb631ad0e985@group-671316CA099A:LeaderElection2] INFO  server.RaftServerConfigKeys (ConfUtils.java:logGet(43)) - raft.server.rpc.sleep.time = 25ms (default)
2019-09-25 12:04:10,842 [bdcb6c3e-8893-4e8a-90a8-eb631ad0e985@group-671316CA099A:LeaderElection2] INFO  server.RaftServerConfigKeys (ConfUtils.java:logGet(43)) - raft.server.write.element-limit = 4096 (default)
2019-09-25 12:04:10,842 [bdcb6c3e-8893-4e8a-90a8-eb631ad0e985@group-671316CA099A:LeaderElection2] INFO  server.RaftServerConfigKeys (ConfUtils.java:logGet(43)) - raft.server.watch.timeout = 10s (default)
2019-09-25 12:04:10,843 [bdcb6c3e-8893-4e8a-90a8-eb631ad0e985@group-671316CA099A:LeaderElection2] INFO  server.RaftServerConfigKeys (ConfUtils.java:logGet(43)) - raft.server.watch.timeout.denomination = 1s (default)
2019-09-25 12:04:10,843 [bdcb6c3e-8893-4e8a-90a8-eb631ad0e985@group-671316CA099A:LeaderElection2] INFO  server.RaftServerConfigKeys (ConfUtils.java:logGet(43)) - raft.server.watch.element-limit = 65536 (default)
2019-09-25 12:04:10,845 [bdcb6c3e-8893-4e8a-90a8-eb631ad0e985@group-671316CA099A:LeaderElection2] INFO  impl.RoleInfo (RoleInfo.java:updateAndGet(143)) - bdcb6c3e-8893-4e8a-90a8-eb631ad0e985: start LeaderState
2019-09-25 12:04:10,846 [bdcb6c3e-8893-4e8a-90a8-eb631ad0e985@group-671316CA099A:LeaderElection2] INFO  segmented.SegmentedRaftLogWorker (SegmentedRaftLogWorker.java:startLogSegment(380)) - bdcb6c3e-8893-4e8a-90a8-eb631ad0e985@group-671316CA099A-SegmentedRaftLogWorker: Starting segment from index:0
2019-09-25 12:04:10,846 [bdcb6c3e-8893-4e8a-90a8-eb631ad0e985@group-671316CA099A:LeaderElection2] INFO  impl.RaftServerImpl (ServerState.java:setRaftConf(354)) - bdcb6c3e-8893-4e8a-90a8-eb631ad0e985@group-671316CA099A: set configuration 0: [bdcb6c3e-8893-4e8a-90a8-eb631ad0e985:192.168.30.6:46114], old=null at 0
2019-09-25 12:04:10,864 [Thread-216] INFO  impl.FollowerState (FollowerState.java:run(106)) - bdcb6c3e-8893-4e8a-90a8-eb631ad0e985:group-6CB5CD6E836A changes to CANDIDATE, lastRpcTime:5078, electionTimeout:5078ms
2019-09-25 12:04:10,865 [Thread-216] INFO  impl.RoleInfo (RoleInfo.java:shutdownFollowerState(121)) - bdcb6c3e-8893-4e8a-90a8-eb631ad0e985: shutdown FollowerState
2019-09-25 12:04:10,865 [Thread-216] INFO  impl.RaftServerImpl (RaftServerImpl.java:setRole(174)) - bdcb6c3e-8893-4e8a-90a8-eb631ad0e985@group-6CB5CD6E836A: changes role from  FOLLOWER to CANDIDATE at term 0 for changeToCandidate
2019-09-25 12:04:10,865 [Thread-216] INFO  impl.RoleInfo (RoleInfo.java:updateAndGet(143)) - bdcb6c3e-8893-4e8a-90a8-eb631ad0e985: start LeaderElection
2019-09-25 12:04:10,882 [bdcb6c3e-8893-4e8a-90a8-eb631ad0e985@group-6CB5CD6E836A:LeaderElection3] INFO  impl.LeaderElection (LeaderElection.java:askForVotes(182)) - bdcb6c3e-8893-4e8a-90a8-eb631ad0e985@group-6CB5CD6E836A:LeaderElection3: begin an election at term 1 for -1: [bdcb6c3e-8893-4e8a-90a8-eb631ad0e985:192.168.30.6:46114], old=null
2019-09-25 12:04:10,882 [bdcb6c3e-8893-4e8a-90a8-eb631ad0e985@group-6CB5CD6E836A:LeaderElection3] INFO  impl.RoleInfo (RoleInfo.java:shutdownLeaderElection(134)) - bdcb6c3e-8893-4e8a-90a8-eb631ad0e985: shutdown LeaderElection
2019-09-25 12:04:10,882 [bdcb6c3e-8893-4e8a-90a8-eb631ad0e985@group-6CB5CD6E836A:LeaderElection3] INFO  impl.RaftServerImpl (RaftServerImpl.java:setRole(174)) - bdcb6c3e-8893-4e8a-90a8-eb631ad0e985@group-6CB5CD6E836A: changes role from CANDIDATE to LEADER at term 1 for changeToLeader
2019-09-25 12:04:10,882 [bdcb6c3e-8893-4e8a-90a8-eb631ad0e985@group-6CB5CD6E836A:LeaderElection3] INFO  impl.RaftServerImpl (ServerState.java:setLeader(253)) - bdcb6c3e-8893-4e8a-90a8-eb631ad0e985@group-6CB5CD6E836A: change Leader from null to bdcb6c3e-8893-4e8a-90a8-eb631ad0e985 at term 1 for becomeLeader, leader elected after 5109ms
2019-09-25 12:04:10,883 [bdcb6c3e-8893-4e8a-90a8-eb631ad0e985@group-6CB5CD6E836A:LeaderElection3] INFO  server.RaftServerConfigKeys (ConfUtils.java:logGet(43)) - raft.server.staging.catchup.gap = 1000 (default)
2019-09-25 12:04:10,883 [bdcb6c3e-8893-4e8a-90a8-eb631ad0e985@group-6CB5CD6E836A:LeaderElection3] INFO  server.RaftServerConfigKeys (ConfUtils.java:logGet(43)) - raft.server.rpc.sleep.time = 25ms (default)
2019-09-25 12:04:10,883 [bdcb6c3e-8893-4e8a-90a8-eb631ad0e985@group-6CB5CD6E836A:LeaderElection3] INFO  server.RaftServerConfigKeys (ConfUtils.java:logGet(43)) - raft.server.write.element-limit = 4096 (default)
2019-09-25 12:04:10,883 [bdcb6c3e-8893-4e8a-90a8-eb631ad0e985@group-6CB5CD6E836A:LeaderElection3] INFO  server.RaftServerConfigKeys (ConfUtils.java:logGet(43)) - raft.server.watch.timeout = 10s (default)
2019-09-25 12:04:10,883 [bdcb6c3e-8893-4e8a-90a8-eb631ad0e985@group-6CB5CD6E836A:LeaderElection3] INFO  server.RaftServerConfigKeys (ConfUtils.java:logGet(43)) - raft.server.watch.timeout.denomination = 1s (default)
2019-09-25 12:04:10,883 [bdcb6c3e-8893-4e8a-90a8-eb631ad0e985@group-6CB5CD6E836A:LeaderElection3] INFO  server.RaftServerConfigKeys (ConfUtils.java:logGet(43)) - raft.server.watch.element-limit = 65536 (default)
2019-09-25 12:04:10,886 [bdcb6c3e-8893-4e8a-90a8-eb631ad0e985@group-6CB5CD6E836A:LeaderElection3] INFO  impl.RoleInfo (RoleInfo.java:updateAndGet(143)) - bdcb6c3e-8893-4e8a-90a8-eb631ad0e985: start LeaderState
2019-09-25 12:04:10,886 [bdcb6c3e-8893-4e8a-90a8-eb631ad0e985@group-6CB5CD6E836A:LeaderElection3] INFO  segmented.SegmentedRaftLogWorker (SegmentedRaftLogWorker.java:startLogSegment(380)) - bdcb6c3e-8893-4e8a-90a8-eb631ad0e985@group-6CB5CD6E836A-SegmentedRaftLogWorker: Starting segment from index:0
2019-09-25 12:04:10,887 [bdcb6c3e-8893-4e8a-90a8-eb631ad0e985@group-6CB5CD6E836A:LeaderElection3] INFO  impl.RaftServerImpl (ServerState.java:setRaftConf(354)) - bdcb6c3e-8893-4e8a-90a8-eb631ad0e985@group-6CB5CD6E836A: set configuration 0: [bdcb6c3e-8893-4e8a-90a8-eb631ad0e985:192.168.30.6:46114], old=null at 0
2019-09-25 12:04:10,966 [bdcb6c3e-8893-4e8a-90a8-eb631ad0e985@group-6CB5CD6E836A-SegmentedRaftLogWorker] INFO  segmented.SegmentedRaftLogWorker (SegmentedRaftLogWorker.java:execute(569)) - bdcb6c3e-8893-4e8a-90a8-eb631ad0e985@group-6CB5CD6E836A-SegmentedRaftLogWorker: created new log segment /workdir/hadoop-ozone/tools/target/test-dir/MiniOzoneClusterImpl-ed893a3b-0dc1-4b26-80b9-38249be7af87/datanode-0/data/ratis/cf0af1cd-75f1-4f6d-b77e-6cb5cd6e836a/current/log_inprogress_0
2019-09-25 12:04:10,966 [bdcb6c3e-8893-4e8a-90a8-eb631ad0e985@group-B17B3F1EDB6C-SegmentedRaftLogWorker] INFO  segmented.SegmentedRaftLogWorker (SegmentedRaftLogWorker.java:execute(569)) - bdcb6c3e-8893-4e8a-90a8-eb631ad0e985@group-B17B3F1EDB6C-SegmentedRaftLogWorker: created new log segment /workdir/hadoop-ozone/tools/target/test-dir/MiniOzoneClusterImpl-ed893a3b-0dc1-4b26-80b9-38249be7af87/datanode-0/data/ratis/30bac4e6-f54f-4b76-8413-b17b3f1edb6c/current/log_inprogress_0
2019-09-25 12:04:10,966 [bdcb6c3e-8893-4e8a-90a8-eb631ad0e985@group-671316CA099A-SegmentedRaftLogWorker] INFO  segmented.SegmentedRaftLogWorker (SegmentedRaftLogWorker.java:execute(569)) - bdcb6c3e-8893-4e8a-90a8-eb631ad0e985@group-671316CA099A-SegmentedRaftLogWorker: created new log segment /workdir/hadoop-ozone/tools/target/test-dir/MiniOzoneClusterImpl-ed893a3b-0dc1-4b26-80b9-38249be7af87/datanode-0/data/ratis/5d13de97-2e37-4085-8c30-671316ca099a/current/log_inprogress_0
2019-09-25 12:04:10,972 [Thread-219] INFO  impl.FollowerState (FollowerState.java:run(106)) - bdcb6c3e-8893-4e8a-90a8-eb631ad0e985:group-0CD7B6A2BD4B changes to CANDIDATE, lastRpcTime:5112, electionTimeout:5112ms
2019-09-25 12:04:10,973 [Thread-219] INFO  impl.RoleInfo (RoleInfo.java:shutdownFollowerState(121)) - bdcb6c3e-8893-4e8a-90a8-eb631ad0e985: shutdown FollowerState
2019-09-25 12:04:10,973 [Thread-219] INFO  impl.RaftServerImpl (RaftServerImpl.java:setRole(174)) - bdcb6c3e-8893-4e8a-90a8-eb631ad0e985@group-0CD7B6A2BD4B: changes role from  FOLLOWER to CANDIDATE at term 0 for changeToCandidate
2019-09-25 12:04:10,973 [Thread-219] INFO  impl.RoleInfo (RoleInfo.java:updateAndGet(143)) - bdcb6c3e-8893-4e8a-90a8-eb631ad0e985: start LeaderElection
2019-09-25 12:04:10,983 [bdcb6c3e-8893-4e8a-90a8-eb631ad0e985@group-0CD7B6A2BD4B:LeaderElection4] INFO  impl.LeaderElection (LeaderElection.java:askForVotes(182)) - bdcb6c3e-8893-4e8a-90a8-eb631ad0e985@group-0CD7B6A2BD4B:LeaderElection4: begin an election at term 1 for -1: [bdcb6c3e-8893-4e8a-90a8-eb631ad0e985:192.168.30.6:46114], old=null
2019-09-25 12:04:10,983 [bdcb6c3e-8893-4e8a-90a8-eb631ad0e985@group-0CD7B6A2BD4B:LeaderElection4] INFO  impl.RoleInfo (RoleInfo.java:shutdownLeaderElection(134)) - bdcb6c3e-8893-4e8a-90a8-eb631ad0e985: shutdown LeaderElection
2019-09-25 12:04:10,983 [bdcb6c3e-8893-4e8a-90a8-eb631ad0e985@group-0CD7B6A2BD4B:LeaderElection4] INFO  impl.RaftServerImpl (RaftServerImpl.java:setRole(174)) - bdcb6c3e-8893-4e8a-90a8-eb631ad0e985@group-0CD7B6A2BD4B: changes role from CANDIDATE to LEADER at term 1 for changeToLeader
2019-09-25 12:04:10,983 [bdcb6c3e-8893-4e8a-90a8-eb631ad0e985@group-0CD7B6A2BD4B:LeaderElection4] INFO  impl.RaftServerImpl (ServerState.java:setLeader(253)) - bdcb6c3e-8893-4e8a-90a8-eb631ad0e985@group-0CD7B6A2BD4B: change Leader from null to bdcb6c3e-8893-4e8a-90a8-eb631ad0e985 at term 1 for becomeLeader, leader elected after 5134ms
2019-09-25 12:04:10,984 [bdcb6c3e-8893-4e8a-90a8-eb631ad0e985@group-0CD7B6A2BD4B:LeaderElection4] INFO  server.RaftServerConfigKeys (ConfUtils.java:logGet(43)) - raft.server.staging.catchup.gap = 1000 (default)
2019-09-25 12:04:10,984 [bdcb6c3e-8893-4e8a-90a8-eb631ad0e985@group-0CD7B6A2BD4B:LeaderElection4] INFO  server.RaftServerConfigKeys (ConfUtils.java:logGet(43)) - raft.server.rpc.sleep.time = 25ms (default)
2019-09-25 12:04:10,984 [bdcb6c3e-8893-4e8a-90a8-eb631ad0e985@group-0CD7B6A2BD4B:LeaderElection4] INFO  server.RaftServerConfigKeys (ConfUtils.java:logGet(43)) - raft.server.write.element-limit = 4096 (default)
2019-09-25 12:04:10,984 [bdcb6c3e-8893-4e8a-90a8-eb631ad0e985@group-0CD7B6A2BD4B:LeaderElection4] INFO  server.RaftServerConfigKeys (ConfUtils.java:logGet(43)) - raft.server.watch.timeout = 10s (default)
2019-09-25 12:04:10,984 [bdcb6c3e-8893-4e8a-90a8-eb631ad0e985@group-0CD7B6A2BD4B:LeaderElection4] INFO  server.RaftServerConfigKeys (ConfUtils.java:logGet(43)) - raft.server.watch.timeout.denomination = 1s (default)
2019-09-25 12:04:10,984 [bdcb6c3e-8893-4e8a-90a8-eb631ad0e985@group-0CD7B6A2BD4B:LeaderElection4] INFO  server.RaftServerConfigKeys (ConfUtils.java:logGet(43)) - raft.server.watch.element-limit = 65536 (default)
2019-09-25 12:04:10,987 [bdcb6c3e-8893-4e8a-90a8-eb631ad0e985@group-0CD7B6A2BD4B:LeaderElection4] INFO  impl.RoleInfo (RoleInfo.java:updateAndGet(143)) - bdcb6c3e-8893-4e8a-90a8-eb631ad0e985: start LeaderState
2019-09-25 12:04:10,987 [bdcb6c3e-8893-4e8a-90a8-eb631ad0e985@group-0CD7B6A2BD4B:LeaderElection4] INFO  segmented.SegmentedRaftLogWorker (SegmentedRaftLogWorker.java:startLogSegment(380)) - bdcb6c3e-8893-4e8a-90a8-eb631ad0e985@group-0CD7B6A2BD4B-SegmentedRaftLogWorker: Starting segment from index:0
2019-09-25 12:04:10,988 [bdcb6c3e-8893-4e8a-90a8-eb631ad0e985@group-0CD7B6A2BD4B:LeaderElection4] INFO  impl.RaftServerImpl (ServerState.java:setRaftConf(354)) - bdcb6c3e-8893-4e8a-90a8-eb631ad0e985@group-0CD7B6A2BD4B: set configuration 0: [bdcb6c3e-8893-4e8a-90a8-eb631ad0e985:192.168.30.6:46114], old=null at 0
2019-09-25 12:04:11,028 [bdcb6c3e-8893-4e8a-90a8-eb631ad0e985@group-0CD7B6A2BD4B-SegmentedRaftLogWorker] INFO  segmented.SegmentedRaftLogWorker (SegmentedRaftLogWorker.java:execute(569)) - bdcb6c3e-8893-4e8a-90a8-eb631ad0e985@group-0CD7B6A2BD4B-SegmentedRaftLogWorker: created new log segment /workdir/hadoop-ozone/tools/target/test-dir/MiniOzoneClusterImpl-ed893a3b-0dc1-4b26-80b9-38249be7af87/datanode-0/data/ratis/d9cea096-41ad-46c5-84e7-0cd7b6a2bd4b/current/log_inprogress_0
2019-09-25 12:04:11,048 [Thread-222] INFO  impl.FollowerState (FollowerState.java:run(106)) - a7b713c9-d145-43da-b168-eb086be0693a:group-008B0BC1D807 changes to CANDIDATE, lastRpcTime:5058, electionTimeout:5055ms
2019-09-25 12:04:11,048 [Thread-222] INFO  impl.RoleInfo (RoleInfo.java:shutdownFollowerState(121)) - a7b713c9-d145-43da-b168-eb086be0693a: shutdown FollowerState
2019-09-25 12:04:11,048 [Thread-222] INFO  impl.RaftServerImpl (RaftServerImpl.java:setRole(174)) - a7b713c9-d145-43da-b168-eb086be0693a@group-008B0BC1D807: changes role from  FOLLOWER to CANDIDATE at term 0 for changeToCandidate
2019-09-25 12:04:11,049 [Thread-222] INFO  impl.RoleInfo (RoleInfo.java:updateAndGet(143)) - a7b713c9-d145-43da-b168-eb086be0693a: start LeaderElection
2019-09-25 12:04:11,065 [a7b713c9-d145-43da-b168-eb086be0693a@group-008B0BC1D807:LeaderElection5] INFO  impl.LeaderElection (LeaderElection.java:askForVotes(182)) - a7b713c9-d145-43da-b168-eb086be0693a@group-008B0BC1D807:LeaderElection5: begin an election at term 1 for -1: [a7b713c9-d145-43da-b168-eb086be0693a:192.168.30.6:39159], old=null
2019-09-25 12:04:11,065 [a7b713c9-d145-43da-b168-eb086be0693a@group-008B0BC1D807:LeaderElection5] INFO  impl.RoleInfo (RoleInfo.java:shutdownLeaderElection(134)) - a7b713c9-d145-43da-b168-eb086be0693a: shutdown LeaderElection
2019-09-25 12:04:11,066 [a7b713c9-d145-43da-b168-eb086be0693a@group-008B0BC1D807:LeaderElection5] INFO  impl.RaftServerImpl (RaftServerImpl.java:setRole(174)) - a7b713c9-d145-43da-b168-eb086be0693a@group-008B0BC1D807: changes role from CANDIDATE to LEADER at term 1 for changeToLeader
2019-09-25 12:04:11,066 [a7b713c9-d145-43da-b168-eb086be0693a@group-008B0BC1D807:LeaderElection5] INFO  impl.RaftServerImpl (ServerState.java:setLeader(253)) - a7b713c9-d145-43da-b168-eb086be0693a@group-008B0BC1D807: change Leader from null to a7b713c9-d145-43da-b168-eb086be0693a at term 1 for becomeLeader, leader elected after 5095ms
2019-09-25 12:04:11,068 [a7b713c9-d145-43da-b168-eb086be0693a@group-008B0BC1D807:LeaderElection5] INFO  server.RaftServerConfigKeys (ConfUtils.java:logGet(43)) - raft.server.staging.catchup.gap = 1000 (default)
2019-09-25 12:04:11,068 [a7b713c9-d145-43da-b168-eb086be0693a@group-008B0BC1D807:LeaderElection5] INFO  server.RaftServerConfigKeys (ConfUtils.java:logGet(43)) - raft.server.rpc.sleep.time = 25ms (default)
2019-09-25 12:04:11,068 [a7b713c9-d145-43da-b168-eb086be0693a@group-008B0BC1D807:LeaderElection5] INFO  server.RaftServerConfigKeys (ConfUtils.java:logGet(43)) - raft.server.write.element-limit = 4096 (default)
2019-09-25 12:04:11,068 [a7b713c9-d145-43da-b168-eb086be0693a@group-008B0BC1D807:LeaderElection5] INFO  server.RaftServerConfigKeys (ConfUtils.java:logGet(43)) - raft.server.watch.timeout = 10s (default)
2019-09-25 12:04:11,068 [a7b713c9-d145-43da-b168-eb086be0693a@group-008B0BC1D807:LeaderElection5] INFO  server.RaftServerConfigKeys (ConfUtils.java:logGet(43)) - raft.server.watch.timeout.denomination = 1s (default)
2019-09-25 12:04:11,068 [a7b713c9-d145-43da-b168-eb086be0693a@group-008B0BC1D807:LeaderElection5] INFO  server.RaftServerConfigKeys (ConfUtils.java:logGet(43)) - raft.server.watch.element-limit = 65536 (default)
2019-09-25 12:04:11,072 [a7b713c9-d145-43da-b168-eb086be0693a@group-008B0BC1D807:LeaderElection5] INFO  impl.RoleInfo (RoleInfo.java:updateAndGet(143)) - a7b713c9-d145-43da-b168-eb086be0693a: start LeaderState
2019-09-25 12:04:11,072 [a7b713c9-d145-43da-b168-eb086be0693a@group-008B0BC1D807:LeaderElection5] INFO  segmented.SegmentedRaftLogWorker (SegmentedRaftLogWorker.java:startLogSegment(380)) - a7b713c9-d145-43da-b168-eb086be0693a@group-008B0BC1D807-SegmentedRaftLogWorker: Starting segment from index:0
2019-09-25 12:04:11,073 [a7b713c9-d145-43da-b168-eb086be0693a@group-008B0BC1D807:LeaderElection5] INFO  impl.RaftServerImpl (ServerState.java:setRaftConf(354)) - a7b713c9-d145-43da-b168-eb086be0693a@group-008B0BC1D807: set configuration 0: [a7b713c9-d145-43da-b168-eb086be0693a:192.168.30.6:39159], old=null at 0
2019-09-25 12:04:11,119 [a7b713c9-d145-43da-b168-eb086be0693a@group-008B0BC1D807-SegmentedRaftLogWorker] INFO  segmented.SegmentedRaftLogWorker (SegmentedRaftLogWorker.java:execute(569)) - a7b713c9-d145-43da-b168-eb086be0693a@group-008B0BC1D807-SegmentedRaftLogWorker: created new log segment /workdir/hadoop-ozone/tools/target/test-dir/MiniOzoneClusterImpl-ed893a3b-0dc1-4b26-80b9-38249be7af87/datanode-4/data/ratis/bd516ec3-7a8b-4b09-af86-008b0bc1d807/current/log_inprogress_0
2019-09-25 12:04:11,286 [Thread-225] INFO  impl.FollowerState (FollowerState.java:run(106)) - db9a1ebc-bc0c-4bed-8f15-d50f9a658f38:group-D7D5DDEEADD6 changes to CANDIDATE, lastRpcTime:5170, electionTimeout:5170ms
2019-09-25 12:04:11,287 [Thread-225] INFO  impl.RoleInfo (RoleInfo.java:shutdownFollowerState(121)) - db9a1ebc-bc0c-4bed-8f15-d50f9a658f38: shutdown FollowerState
2019-09-25 12:04:11,287 [Thread-225] INFO  impl.RaftServerImpl (RaftServerImpl.java:setRole(174)) - db9a1ebc-bc0c-4bed-8f15-d50f9a658f38@group-D7D5DDEEADD6: changes role from  FOLLOWER to CANDIDATE at term 0 for changeToCandidate
2019-09-25 12:04:11,287 [Thread-225] INFO  impl.RoleInfo (RoleInfo.java:updateAndGet(143)) - db9a1ebc-bc0c-4bed-8f15-d50f9a658f38: start LeaderElection
2019-09-25 12:04:11,306 [db9a1ebc-bc0c-4bed-8f15-d50f9a658f38@group-D7D5DDEEADD6:LeaderElection6] INFO  impl.LeaderElection (LeaderElection.java:askForVotes(182)) - db9a1ebc-bc0c-4bed-8f15-d50f9a658f38@group-D7D5DDEEADD6:LeaderElection6: begin an election at term 1 for -1: [db9a1ebc-bc0c-4bed-8f15-d50f9a658f38:192.168.30.6:39349], old=null
2019-09-25 12:04:11,306 [db9a1ebc-bc0c-4bed-8f15-d50f9a658f38@group-D7D5DDEEADD6:LeaderElection6] INFO  impl.RoleInfo (RoleInfo.java:shutdownLeaderElection(134)) - db9a1ebc-bc0c-4bed-8f15-d50f9a658f38: shutdown LeaderElection
2019-09-25 12:04:11,306 [db9a1ebc-bc0c-4bed-8f15-d50f9a658f38@group-D7D5DDEEADD6:LeaderElection6] INFO  impl.RaftServerImpl (RaftServerImpl.java:setRole(174)) - db9a1ebc-bc0c-4bed-8f15-d50f9a658f38@group-D7D5DDEEADD6: changes role from CANDIDATE to LEADER at term 1 for changeToLeader
2019-09-25 12:04:11,306 [db9a1ebc-bc0c-4bed-8f15-d50f9a658f38@group-D7D5DDEEADD6:LeaderElection6] INFO  impl.RaftServerImpl (ServerState.java:setLeader(253)) - db9a1ebc-bc0c-4bed-8f15-d50f9a658f38@group-D7D5DDEEADD6: change Leader from null to db9a1ebc-bc0c-4bed-8f15-d50f9a658f38 at term 1 for becomeLeader, leader elected after 5239ms
2019-09-25 12:04:11,308 [db9a1ebc-bc0c-4bed-8f15-d50f9a658f38@group-D7D5DDEEADD6:LeaderElection6] INFO  server.RaftServerConfigKeys (ConfUtils.java:logGet(43)) - raft.server.staging.catchup.gap = 1000 (default)
2019-09-25 12:04:11,308 [db9a1ebc-bc0c-4bed-8f15-d50f9a658f38@group-D7D5DDEEADD6:LeaderElection6] INFO  server.RaftServerConfigKeys (ConfUtils.java:logGet(43)) - raft.server.rpc.sleep.time = 25ms (default)
2019-09-25 12:04:11,309 [db9a1ebc-bc0c-4bed-8f15-d50f9a658f38@group-D7D5DDEEADD6:LeaderElection6] INFO  server.RaftServerConfigKeys (ConfUtils.java:logGet(43)) - raft.server.write.element-limit = 4096 (default)
2019-09-25 12:04:11,309 [db9a1ebc-bc0c-4bed-8f15-d50f9a658f38@group-D7D5DDEEADD6:LeaderElection6] INFO  server.RaftServerConfigKeys (ConfUtils.java:logGet(43)) - raft.server.watch.timeout = 10s (default)
2019-09-25 12:04:11,309 [db9a1ebc-bc0c-4bed-8f15-d50f9a658f38@group-D7D5DDEEADD6:LeaderElection6] INFO  server.RaftServerConfigKeys (ConfUtils.java:logGet(43)) - raft.server.watch.timeout.denomination = 1s (default)
2019-09-25 12:04:11,309 [db9a1ebc-bc0c-4bed-8f15-d50f9a658f38@group-D7D5DDEEADD6:LeaderElection6] INFO  server.RaftServerConfigKeys (ConfUtils.java:logGet(43)) - raft.server.watch.element-limit = 65536 (default)
2019-09-25 12:04:11,312 [db9a1ebc-bc0c-4bed-8f15-d50f9a658f38@group-D7D5DDEEADD6:LeaderElection6] INFO  impl.RoleInfo (RoleInfo.java:updateAndGet(143)) - db9a1ebc-bc0c-4bed-8f15-d50f9a658f38: start LeaderState
2019-09-25 12:04:11,313 [db9a1ebc-bc0c-4bed-8f15-d50f9a658f38@group-D7D5DDEEADD6:LeaderElection6] INFO  segmented.SegmentedRaftLogWorker (SegmentedRaftLogWorker.java:startLogSegment(380)) - db9a1ebc-bc0c-4bed-8f15-d50f9a658f38@group-D7D5DDEEADD6-SegmentedRaftLogWorker: Starting segment from index:0
2019-09-25 12:04:11,313 [db9a1ebc-bc0c-4bed-8f15-d50f9a658f38@group-D7D5DDEEADD6:LeaderElection6] INFO  impl.RaftServerImpl (ServerState.java:setRaftConf(354)) - db9a1ebc-bc0c-4bed-8f15-d50f9a658f38@group-D7D5DDEEADD6: set configuration 0: [db9a1ebc-bc0c-4bed-8f15-d50f9a658f38:192.168.30.6:39349], old=null at 0
2019-09-25 12:04:11,362 [Thread-228] INFO  impl.FollowerState (FollowerState.java:run(106)) - a7b713c9-d145-43da-b168-eb086be0693a:group-B6067CA0BC0B changes to CANDIDATE, lastRpcTime:5172, electionTimeout:5172ms
2019-09-25 12:04:11,362 [Thread-228] INFO  impl.RoleInfo (RoleInfo.java:shutdownFollowerState(121)) - a7b713c9-d145-43da-b168-eb086be0693a: shutdown FollowerState
2019-09-25 12:04:11,362 [Thread-228] INFO  impl.RaftServerImpl (RaftServerImpl.java:setRole(174)) - a7b713c9-d145-43da-b168-eb086be0693a@group-B6067CA0BC0B: changes role from  FOLLOWER to CANDIDATE at term 0 for changeToCandidate
2019-09-25 12:04:11,362 [Thread-228] INFO  impl.RoleInfo (RoleInfo.java:updateAndGet(143)) - a7b713c9-d145-43da-b168-eb086be0693a: start LeaderElection
2019-09-25 12:04:11,368 [Thread-231] INFO  impl.FollowerState (FollowerState.java:run(106)) - 24c3890a-3f13-4340-8313-f577cdc100b6:group-62E1796F4277 changes to CANDIDATE, lastRpcTime:5106, electionTimeout:5106ms
2019-09-25 12:04:11,368 [Thread-231] INFO  impl.RoleInfo (RoleInfo.java:shutdownFollowerState(121)) - 24c3890a-3f13-4340-8313-f577cdc100b6: shutdown FollowerState
2019-09-25 12:04:11,368 [Thread-231] INFO  impl.RaftServerImpl (RaftServerImpl.java:setRole(174)) - 24c3890a-3f13-4340-8313-f577cdc100b6@group-62E1796F4277: changes role from  FOLLOWER to CANDIDATE at term 0 for changeToCandidate
2019-09-25 12:04:11,368 [Thread-231] INFO  impl.RoleInfo (RoleInfo.java:updateAndGet(143)) - 24c3890a-3f13-4340-8313-f577cdc100b6: start LeaderElection
2019-09-25 12:04:11,372 [db9a1ebc-bc0c-4bed-8f15-d50f9a658f38@group-D7D5DDEEADD6-SegmentedRaftLogWorker] INFO  segmented.SegmentedRaftLogWorker (SegmentedRaftLogWorker.java:execute(569)) - db9a1ebc-bc0c-4bed-8f15-d50f9a658f38@group-D7D5DDEEADD6-SegmentedRaftLogWorker: created new log segment /workdir/hadoop-ozone/tools/target/test-dir/MiniOzoneClusterImpl-ed893a3b-0dc1-4b26-80b9-38249be7af87/datanode-1/data/ratis/1a17fd1b-25f7-46ff-9b68-d7d5ddeeadd6/current/log_inprogress_0
2019-09-25 12:04:11,375 [a7b713c9-d145-43da-b168-eb086be0693a@group-B6067CA0BC0B:LeaderElection7] INFO  impl.LeaderElection (LeaderElection.java:askForVotes(182)) - a7b713c9-d145-43da-b168-eb086be0693a@group-B6067CA0BC0B:LeaderElection7: begin an election at term 1 for -1: [a7b713c9-d145-43da-b168-eb086be0693a:192.168.30.6:39159], old=null
2019-09-25 12:04:11,375 [24c3890a-3f13-4340-8313-f577cdc100b6@group-62E1796F4277:LeaderElection8] INFO  impl.LeaderElection (LeaderElection.java:askForVotes(182)) - 24c3890a-3f13-4340-8313-f577cdc100b6@group-62E1796F4277:LeaderElection8: begin an election at term 1 for -1: [24c3890a-3f13-4340-8313-f577cdc100b6:192.168.30.6:35545], old=null
2019-09-25 12:04:11,375 [a7b713c9-d145-43da-b168-eb086be0693a@group-B6067CA0BC0B:LeaderElection7] INFO  impl.RoleInfo (RoleInfo.java:shutdownLeaderElection(134)) - a7b713c9-d145-43da-b168-eb086be0693a: shutdown LeaderElection
2019-09-25 12:04:11,375 [24c3890a-3f13-4340-8313-f577cdc100b6@group-62E1796F4277:LeaderElection8] INFO  impl.RoleInfo (RoleInfo.java:shutdownLeaderElection(134)) - 24c3890a-3f13-4340-8313-f577cdc100b6: shutdown LeaderElection
2019-09-25 12:04:11,375 [a7b713c9-d145-43da-b168-eb086be0693a@group-B6067CA0BC0B:LeaderElection7] INFO  impl.RaftServerImpl (RaftServerImpl.java:setRole(174)) - a7b713c9-d145-43da-b168-eb086be0693a@group-B6067CA0BC0B: changes role from CANDIDATE to LEADER at term 1 for changeToLeader
2019-09-25 12:04:11,375 [24c3890a-3f13-4340-8313-f577cdc100b6@group-62E1796F4277:LeaderElection8] INFO  impl.RaftServerImpl (RaftServerImpl.java:setRole(174)) - 24c3890a-3f13-4340-8313-f577cdc100b6@group-62E1796F4277: changes role from CANDIDATE to LEADER at term 1 for changeToLeader
2019-09-25 12:04:11,375 [a7b713c9-d145-43da-b168-eb086be0693a@group-B6067CA0BC0B:LeaderElection7] INFO  impl.RaftServerImpl (ServerState.java:setLeader(253)) - a7b713c9-d145-43da-b168-eb086be0693a@group-B6067CA0BC0B: change Leader from null to a7b713c9-d145-43da-b168-eb086be0693a at term 1 for becomeLeader, leader elected after 5194ms
2019-09-25 12:04:11,376 [24c3890a-3f13-4340-8313-f577cdc100b6@group-62E1796F4277:LeaderElection8] INFO  impl.RaftServerImpl (ServerState.java:setLeader(253)) - 24c3890a-3f13-4340-8313-f577cdc100b6@group-62E1796F4277: change Leader from null to 24c3890a-3f13-4340-8313-f577cdc100b6 at term 1 for becomeLeader, leader elected after 5122ms
2019-09-25 12:04:11,376 [a7b713c9-d145-43da-b168-eb086be0693a@group-B6067CA0BC0B:LeaderElection7] INFO  server.RaftServerConfigKeys (ConfUtils.java:logGet(43)) - raft.server.staging.catchup.gap = 1000 (default)
2019-09-25 12:04:11,377 [24c3890a-3f13-4340-8313-f577cdc100b6@group-62E1796F4277:LeaderElection8] INFO  server.RaftServerConfigKeys (ConfUtils.java:logGet(43)) - raft.server.staging.catchup.gap = 1000 (default)
2019-09-25 12:04:11,377 [a7b713c9-d145-43da-b168-eb086be0693a@group-B6067CA0BC0B:LeaderElection7] INFO  server.RaftServerConfigKeys (ConfUtils.java:logGet(43)) - raft.server.rpc.sleep.time = 25ms (default)
2019-09-25 12:04:11,378 [24c3890a-3f13-4340-8313-f577cdc100b6@group-62E1796F4277:LeaderElection8] INFO  server.RaftServerConfigKeys (ConfUtils.java:logGet(43)) - raft.server.rpc.sleep.time = 25ms (default)
2019-09-25 12:04:11,378 [a7b713c9-d145-43da-b168-eb086be0693a@group-B6067CA0BC0B:LeaderElection7] INFO  server.RaftServerConfigKeys (ConfUtils.java:logGet(43)) - raft.server.write.element-limit = 4096 (default)
2019-09-25 12:04:11,378 [24c3890a-3f13-4340-8313-f577cdc100b6@group-62E1796F4277:LeaderElection8] INFO  server.RaftServerConfigKeys (ConfUtils.java:logGet(43)) - raft.server.write.element-limit = 4096 (default)
2019-09-25 12:04:11,378 [a7b713c9-d145-43da-b168-eb086be0693a@group-B6067CA0BC0B:LeaderElection7] INFO  server.RaftServerConfigKeys (ConfUtils.java:logGet(43)) - raft.server.watch.timeout = 10s (default)
2019-09-25 12:04:11,378 [24c3890a-3f13-4340-8313-f577cdc100b6@group-62E1796F4277:LeaderElection8] INFO  server.RaftServerConfigKeys (ConfUtils.java:logGet(43)) - raft.server.watch.timeout = 10s (default)
2019-09-25 12:04:11,378 [a7b713c9-d145-43da-b168-eb086be0693a@group-B6067CA0BC0B:LeaderElection7] INFO  server.RaftServerConfigKeys (ConfUtils.java:logGet(43)) - raft.server.watch.timeout.denomination = 1s (default)
2019-09-25 12:04:11,378 [24c3890a-3f13-4340-8313-f577cdc100b6@group-62E1796F4277:LeaderElection8] INFO  server.RaftServerConfigKeys (ConfUtils.java:logGet(43)) - raft.server.watch.timeout.denomination = 1s (default)
2019-09-25 12:04:11,379 [a7b713c9-d145-43da-b168-eb086be0693a@group-B6067CA0BC0B:LeaderElection7] INFO  server.RaftServerConfigKeys (ConfUtils.java:logGet(43)) - raft.server.watch.element-limit = 65536 (default)
2019-09-25 12:04:11,379 [24c3890a-3f13-4340-8313-f577cdc100b6@group-62E1796F4277:LeaderElection8] INFO  server.RaftServerConfigKeys (ConfUtils.java:logGet(43)) - raft.server.watch.element-limit = 65536 (default)
2019-09-25 12:04:11,382 [a7b713c9-d145-43da-b168-eb086be0693a@group-B6067CA0BC0B:LeaderElection7] INFO  impl.RoleInfo (RoleInfo.java:updateAndGet(143)) - a7b713c9-d145-43da-b168-eb086be0693a: start LeaderState
2019-09-25 12:04:11,382 [24c3890a-3f13-4340-8313-f577cdc100b6@group-62E1796F4277:LeaderElection8] INFO  impl.RoleInfo (RoleInfo.java:updateAndGet(143)) - 24c3890a-3f13-4340-8313-f577cdc100b6: start LeaderState
2019-09-25 12:04:11,382 [a7b713c9-d145-43da-b168-eb086be0693a@group-B6067CA0BC0B:LeaderElection7] INFO  segmented.SegmentedRaftLogWorker (SegmentedRaftLogWorker.java:startLogSegment(380)) - a7b713c9-d145-43da-b168-eb086be0693a@group-B6067CA0BC0B-SegmentedRaftLogWorker: Starting segment from index:0
2019-09-25 12:04:11,382 [24c3890a-3f13-4340-8313-f577cdc100b6@group-62E1796F4277:LeaderElection8] INFO  segmented.SegmentedRaftLogWorker (SegmentedRaftLogWorker.java:startLogSegment(380)) - 24c3890a-3f13-4340-8313-f577cdc100b6@group-62E1796F4277-SegmentedRaftLogWorker: Starting segment from index:0
2019-09-25 12:04:11,383 [a7b713c9-d145-43da-b168-eb086be0693a@group-B6067CA0BC0B:LeaderElection7] INFO  impl.RaftServerImpl (ServerState.java:setRaftConf(354)) - a7b713c9-d145-43da-b168-eb086be0693a@group-B6067CA0BC0B: set configuration 0: [a7b713c9-d145-43da-b168-eb086be0693a:192.168.30.6:39159], old=null at 0
2019-09-25 12:04:11,383 [24c3890a-3f13-4340-8313-f577cdc100b6@group-62E1796F4277:LeaderElection8] INFO  impl.RaftServerImpl (ServerState.java:setRaftConf(354)) - 24c3890a-3f13-4340-8313-f577cdc100b6@group-62E1796F4277: set configuration 0: [24c3890a-3f13-4340-8313-f577cdc100b6:192.168.30.6:35545], old=null at 0
2019-09-25 12:04:11,433 [24c3890a-3f13-4340-8313-f577cdc100b6@group-62E1796F4277-SegmentedRaftLogWorker] INFO  segmented.SegmentedRaftLogWorker (SegmentedRaftLogWorker.java:execute(569)) - 24c3890a-3f13-4340-8313-f577cdc100b6@group-62E1796F4277-SegmentedRaftLogWorker: created new log segment /workdir/hadoop-ozone/tools/target/test-dir/MiniOzoneClusterImpl-ed893a3b-0dc1-4b26-80b9-38249be7af87/datanode-3/data/ratis/6c3bfd6d-35a1-4b94-8967-62e1796f4277/current/log_inprogress_0
2019-09-25 12:04:11,433 [a7b713c9-d145-43da-b168-eb086be0693a@group-B6067CA0BC0B-SegmentedRaftLogWorker] INFO  segmented.SegmentedRaftLogWorker (SegmentedRaftLogWorker.java:execute(569)) - a7b713c9-d145-43da-b168-eb086be0693a@group-B6067CA0BC0B-SegmentedRaftLogWorker: created new log segment /workdir/hadoop-ozone/tools/target/test-dir/MiniOzoneClusterImpl-ed893a3b-0dc1-4b26-80b9-38249be7af87/datanode-4/data/ratis/44586b31-02bb-4150-a5ed-b6067ca0bc0b/current/log_inprogress_0
2019-09-25 12:04:11,446 [Thread-234] INFO  impl.FollowerState (FollowerState.java:run(106)) - 26ee0107-1f2c-48c6-b68f-fb73f18a1c69:group-007A558068BA changes to CANDIDATE, lastRpcTime:5121, electionTimeout:5121ms
2019-09-25 12:04:11,447 [Thread-234] INFO  impl.RoleInfo (RoleInfo.java:shutdownFollowerState(121)) - 26ee0107-1f2c-48c6-b68f-fb73f18a1c69: shutdown FollowerState
2019-09-25 12:04:11,447 [Thread-234] INFO  impl.RaftServerImpl (RaftServerImpl.java:setRole(174)) - 26ee0107-1f2c-48c6-b68f-fb73f18a1c69@group-007A558068BA: changes role from  FOLLOWER to CANDIDATE at term 0 for changeToCandidate
2019-09-25 12:04:11,447 [Thread-234] INFO  impl.RoleInfo (RoleInfo.java:updateAndGet(143)) - 26ee0107-1f2c-48c6-b68f-fb73f18a1c69: start LeaderElection
2019-09-25 12:04:11,463 [26ee0107-1f2c-48c6-b68f-fb73f18a1c69@group-007A558068BA:LeaderElection9] INFO  impl.LeaderElection (LeaderElection.java:askForVotes(182)) - 26ee0107-1f2c-48c6-b68f-fb73f18a1c69@group-007A558068BA:LeaderElection9: begin an election at term 1 for -1: [26ee0107-1f2c-48c6-b68f-fb73f18a1c69:192.168.30.6:45618], old=null
2019-09-25 12:04:11,463 [26ee0107-1f2c-48c6-b68f-fb73f18a1c69@group-007A558068BA:LeaderElection9] INFO  impl.RoleInfo (RoleInfo.java:shutdownLeaderElection(134)) - 26ee0107-1f2c-48c6-b68f-fb73f18a1c69: shutdown LeaderElection
2019-09-25 12:04:11,463 [26ee0107-1f2c-48c6-b68f-fb73f18a1c69@group-007A558068BA:LeaderElection9] INFO  impl.RaftServerImpl (RaftServerImpl.java:setRole(174)) - 26ee0107-1f2c-48c6-b68f-fb73f18a1c69@group-007A558068BA: changes role from CANDIDATE to LEADER at term 1 for changeToLeader
2019-09-25 12:04:11,463 [26ee0107-1f2c-48c6-b68f-fb73f18a1c69@group-007A558068BA:LeaderElection9] INFO  impl.RaftServerImpl (ServerState.java:setLeader(253)) - 26ee0107-1f2c-48c6-b68f-fb73f18a1c69@group-007A558068BA: change Leader from null to 26ee0107-1f2c-48c6-b68f-fb73f18a1c69 at term 1 for becomeLeader, leader elected after 5146ms
2019-09-25 12:04:11,465 [26ee0107-1f2c-48c6-b68f-fb73f18a1c69@group-007A558068BA:LeaderElection9] INFO  server.RaftServerConfigKeys (ConfUtils.java:logGet(43)) - raft.server.staging.catchup.gap = 1000 (default)
2019-09-25 12:04:11,465 [26ee0107-1f2c-48c6-b68f-fb73f18a1c69@group-007A558068BA:LeaderElection9] INFO  server.RaftServerConfigKeys (ConfUtils.java:logGet(43)) - raft.server.rpc.sleep.time = 25ms (default)
2019-09-25 12:04:11,465 [26ee0107-1f2c-48c6-b68f-fb73f18a1c69@group-007A558068BA:LeaderElection9] INFO  server.RaftServerConfigKeys (ConfUtils.java:logGet(43)) - raft.server.write.element-limit = 4096 (default)
2019-09-25 12:04:11,465 [26ee0107-1f2c-48c6-b68f-fb73f18a1c69@group-007A558068BA:LeaderElection9] INFO  server.RaftServerConfigKeys (ConfUtils.java:logGet(43)) - raft.server.watch.timeout = 10s (default)
2019-09-25 12:04:11,465 [26ee0107-1f2c-48c6-b68f-fb73f18a1c69@group-007A558068BA:LeaderElection9] INFO  server.RaftServerConfigKeys (ConfUtils.java:logGet(43)) - raft.server.watch.timeout.denomination = 1s (default)
2019-09-25 12:04:11,465 [26ee0107-1f2c-48c6-b68f-fb73f18a1c69@group-007A558068BA:LeaderElection9] INFO  server.RaftServerConfigKeys (ConfUtils.java:logGet(43)) - raft.server.watch.element-limit = 65536 (default)
2019-09-25 12:04:11,468 [26ee0107-1f2c-48c6-b68f-fb73f18a1c69@group-007A558068BA:LeaderElection9] INFO  impl.RoleInfo (RoleInfo.java:updateAndGet(143)) - 26ee0107-1f2c-48c6-b68f-fb73f18a1c69: start LeaderState
2019-09-25 12:04:11,468 [26ee0107-1f2c-48c6-b68f-fb73f18a1c69@group-007A558068BA:LeaderElection9] INFO  segmented.SegmentedRaftLogWorker (SegmentedRaftLogWorker.java:startLogSegment(380)) - 26ee0107-1f2c-48c6-b68f-fb73f18a1c69@group-007A558068BA-SegmentedRaftLogWorker: Starting segment from index:0
2019-09-25 12:04:11,469 [26ee0107-1f2c-48c6-b68f-fb73f18a1c69@group-007A558068BA:LeaderElection9] INFO  impl.RaftServerImpl (ServerState.java:setRaftConf(354)) - 26ee0107-1f2c-48c6-b68f-fb73f18a1c69@group-007A558068BA: set configuration 0: [26ee0107-1f2c-48c6-b68f-fb73f18a1c69:192.168.30.6:45618], old=null at 0
2019-09-25 12:04:11,534 [26ee0107-1f2c-48c6-b68f-fb73f18a1c69@group-007A558068BA-SegmentedRaftLogWorker] INFO  segmented.SegmentedRaftLogWorker (SegmentedRaftLogWorker.java:execute(569)) - 26ee0107-1f2c-48c6-b68f-fb73f18a1c69@group-007A558068BA-SegmentedRaftLogWorker: created new log segment /workdir/hadoop-ozone/tools/target/test-dir/MiniOzoneClusterImpl-ed893a3b-0dc1-4b26-80b9-38249be7af87/datanode-2/data/ratis/f6ad6bc2-f723-4794-a682-007a558068ba/current/log_inprogress_0
2019-09-25 12:04:11,558 [Thread-237] INFO  impl.FollowerState (FollowerState.java:run(106)) - a7b713c9-d145-43da-b168-eb086be0693a:group-D15759FAC5BD changes to CANDIDATE, lastRpcTime:5174, electionTimeout:5174ms
2019-09-25 12:04:11,559 [Thread-237] INFO  impl.RoleInfo (RoleInfo.java:shutdownFollowerState(121)) - a7b713c9-d145-43da-b168-eb086be0693a: shutdown FollowerState
2019-09-25 12:04:11,559 [Thread-237] INFO  impl.RaftServerImpl (RaftServerImpl.java:setRole(174)) - a7b713c9-d145-43da-b168-eb086be0693a@group-D15759FAC5BD: changes role from  FOLLOWER to CANDIDATE at term 0 for changeToCandidate
2019-09-25 12:04:11,559 [Thread-237] INFO  impl.RoleInfo (RoleInfo.java:updateAndGet(143)) - a7b713c9-d145-43da-b168-eb086be0693a: start LeaderElection
2019-09-25 12:04:11,577 [a7b713c9-d145-43da-b168-eb086be0693a@group-D15759FAC5BD:LeaderElection10] INFO  impl.LeaderElection (LeaderElection.java:askForVotes(182)) - a7b713c9-d145-43da-b168-eb086be0693a@group-D15759FAC5BD:LeaderElection10: begin an election at term 1 for -1: [a7b713c9-d145-43da-b168-eb086be0693a:192.168.30.6:39159], old=null
2019-09-25 12:04:11,577 [a7b713c9-d145-43da-b168-eb086be0693a@group-D15759FAC5BD:LeaderElection10] INFO  impl.RoleInfo (RoleInfo.java:shutdownLeaderElection(134)) - a7b713c9-d145-43da-b168-eb086be0693a: shutdown LeaderElection
2019-09-25 12:04:11,578 [a7b713c9-d145-43da-b168-eb086be0693a@group-D15759FAC5BD:LeaderElection10] INFO  impl.RaftServerImpl (RaftServerImpl.java:setRole(174)) - a7b713c9-d145-43da-b168-eb086be0693a@group-D15759FAC5BD: changes role from CANDIDATE to LEADER at term 1 for changeToLeader
2019-09-25 12:04:11,578 [a7b713c9-d145-43da-b168-eb086be0693a@group-D15759FAC5BD:LeaderElection10] INFO  impl.RaftServerImpl (ServerState.java:setLeader(253)) - a7b713c9-d145-43da-b168-eb086be0693a@group-D15759FAC5BD: change Leader from null to a7b713c9-d145-43da-b168-eb086be0693a at term 1 for becomeLeader, leader elected after 5200ms
2019-09-25 12:04:11,578 [a7b713c9-d145-43da-b168-eb086be0693a@group-D15759FAC5BD:LeaderElection10] INFO  server.RaftServerConfigKeys (ConfUtils.java:logGet(43)) - raft.server.staging.catchup.gap = 1000 (default)
2019-09-25 12:04:11,578 [a7b713c9-d145-43da-b168-eb086be0693a@group-D15759FAC5BD:LeaderElection10] INFO  server.RaftServerConfigKeys (ConfUtils.java:logGet(43)) - raft.server.rpc.sleep.time = 25ms (default)
2019-09-25 12:04:11,578 [a7b713c9-d145-43da-b168-eb086be0693a@group-D15759FAC5BD:LeaderElection10] INFO  server.RaftServerConfigKeys (ConfUtils.java:logGet(43)) - raft.server.write.element-limit = 4096 (default)
2019-09-25 12:04:11,578 [a7b713c9-d145-43da-b168-eb086be0693a@group-D15759FAC5BD:LeaderElection10] INFO  server.RaftServerConfigKeys (ConfUtils.java:logGet(43)) - raft.server.watch.timeout = 10s (default)
2019-09-25 12:04:11,579 [a7b713c9-d145-43da-b168-eb086be0693a@group-D15759FAC5BD:LeaderElection10] INFO  server.RaftServerConfigKeys (ConfUtils.java:logGet(43)) - raft.server.watch.timeout.denomination = 1s (default)
2019-09-25 12:04:11,579 [a7b713c9-d145-43da-b168-eb086be0693a@group-D15759FAC5BD:LeaderElection10] INFO  server.RaftServerConfigKeys (ConfUtils.java:logGet(43)) - raft.server.watch.element-limit = 65536 (default)
2019-09-25 12:04:11,582 [a7b713c9-d145-43da-b168-eb086be0693a@group-D15759FAC5BD:LeaderElection10] INFO  impl.RoleInfo (RoleInfo.java:updateAndGet(143)) - a7b713c9-d145-43da-b168-eb086be0693a: start LeaderState
2019-09-25 12:04:11,582 [a7b713c9-d145-43da-b168-eb086be0693a@group-D15759FAC5BD:LeaderElection10] INFO  segmented.SegmentedRaftLogWorker (SegmentedRaftLogWorker.java:startLogSegment(380)) - a7b713c9-d145-43da-b168-eb086be0693a@group-D15759FAC5BD-SegmentedRaftLogWorker: Starting segment from index:0
2019-09-25 12:04:11,583 [a7b713c9-d145-43da-b168-eb086be0693a@group-D15759FAC5BD:LeaderElection10] INFO  impl.RaftServerImpl (ServerState.java:setRaftConf(354)) - a7b713c9-d145-43da-b168-eb086be0693a@group-D15759FAC5BD: set configuration 0: [a7b713c9-d145-43da-b168-eb086be0693a:192.168.30.6:39159], old=null at 0
2019-09-25 12:04:11,619 [Thread-241] INFO  impl.FollowerState (FollowerState.java:run(106)) - bdcb6c3e-8893-4e8a-90a8-eb631ad0e985:group-DD66B3BC5885 changes to CANDIDATE, lastRpcTime:5165, electionTimeout:5161ms
2019-09-25 12:04:11,619 [Thread-241] INFO  impl.RoleInfo (RoleInfo.java:shutdownFollowerState(121)) - bdcb6c3e-8893-4e8a-90a8-eb631ad0e985: shutdown FollowerState
2019-09-25 12:04:11,620 [Thread-241] INFO  impl.RaftServerImpl (RaftServerImpl.java:setRole(174)) - bdcb6c3e-8893-4e8a-90a8-eb631ad0e985@group-DD66B3BC5885: changes role from  FOLLOWER to CANDIDATE at term 0 for changeToCandidate
2019-09-25 12:04:11,620 [Thread-241] INFO  impl.RoleInfo (RoleInfo.java:updateAndGet(143)) - bdcb6c3e-8893-4e8a-90a8-eb631ad0e985: start LeaderElection
2019-09-25 12:04:11,632 [a7b713c9-d145-43da-b168-eb086be0693a@group-D15759FAC5BD-SegmentedRaftLogWorker] INFO  segmented.SegmentedRaftLogWorker (SegmentedRaftLogWorker.java:execute(569)) - a7b713c9-d145-43da-b168-eb086be0693a@group-D15759FAC5BD-SegmentedRaftLogWorker: created new log segment /workdir/hadoop-ozone/tools/target/test-dir/MiniOzoneClusterImpl-ed893a3b-0dc1-4b26-80b9-38249be7af87/datanode-4/data/ratis/a6482f2f-302c-48c1-9f76-d15759fac5bd/current/log_inprogress_0
2019-09-25 12:04:11,632 [bdcb6c3e-8893-4e8a-90a8-eb631ad0e985@group-DD66B3BC5885:LeaderElection11] INFO  impl.LeaderElection (LeaderElection.java:askForVotes(182)) - bdcb6c3e-8893-4e8a-90a8-eb631ad0e985@group-DD66B3BC5885:LeaderElection11: begin an election at term 1 for -1: [bdcb6c3e-8893-4e8a-90a8-eb631ad0e985:192.168.30.6:46114], old=null
2019-09-25 12:04:11,632 [bdcb6c3e-8893-4e8a-90a8-eb631ad0e985@group-DD66B3BC5885:LeaderElection11] INFO  impl.RoleInfo (RoleInfo.java:shutdownLeaderElection(134)) - bdcb6c3e-8893-4e8a-90a8-eb631ad0e985: shutdown LeaderElection
2019-09-25 12:04:11,632 [bdcb6c3e-8893-4e8a-90a8-eb631ad0e985@group-DD66B3BC5885:LeaderElection11] INFO  impl.RaftServerImpl (RaftServerImpl.java:setRole(174)) - bdcb6c3e-8893-4e8a-90a8-eb631ad0e985@group-DD66B3BC5885: changes role from CANDIDATE to LEADER at term 1 for changeToLeader
2019-09-25 12:04:11,633 [bdcb6c3e-8893-4e8a-90a8-eb631ad0e985@group-DD66B3BC5885:LeaderElection11] INFO  impl.RaftServerImpl (ServerState.java:setLeader(253)) - bdcb6c3e-8893-4e8a-90a8-eb631ad0e985@group-DD66B3BC5885: change Leader from null to bdcb6c3e-8893-4e8a-90a8-eb631ad0e985 at term 1 for becomeLeader, leader elected after 5184ms
2019-09-25 12:04:11,633 [bdcb6c3e-8893-4e8a-90a8-eb631ad0e985@group-DD66B3BC5885:LeaderElection11] INFO  server.RaftServerConfigKeys (ConfUtils.java:logGet(43)) - raft.server.staging.catchup.gap = 1000 (default)
2019-09-25 12:04:11,633 [bdcb6c3e-8893-4e8a-90a8-eb631ad0e985@group-DD66B3BC5885:LeaderElection11] INFO  server.RaftServerConfigKeys (ConfUtils.java:logGet(43)) - raft.server.rpc.sleep.time = 25ms (default)
2019-09-25 12:04:11,633 [bdcb6c3e-8893-4e8a-90a8-eb631ad0e985@group-DD66B3BC5885:LeaderElection11] INFO  server.RaftServerConfigKeys (ConfUtils.java:logGet(43)) - raft.server.write.element-limit = 4096 (default)
2019-09-25 12:04:11,633 [bdcb6c3e-8893-4e8a-90a8-eb631ad0e985@group-DD66B3BC5885:LeaderElection11] INFO  server.RaftServerConfigKeys (ConfUtils.java:logGet(43)) - raft.server.watch.timeout = 10s (default)
2019-09-25 12:04:11,633 [bdcb6c3e-8893-4e8a-90a8-eb631ad0e985@group-DD66B3BC5885:LeaderElection11] INFO  server.RaftServerConfigKeys (ConfUtils.java:logGet(43)) - raft.server.watch.timeout.denomination = 1s (default)
2019-09-25 12:04:11,634 [bdcb6c3e-8893-4e8a-90a8-eb631ad0e985@group-DD66B3BC5885:LeaderElection11] INFO  server.RaftServerConfigKeys (ConfUtils.java:logGet(43)) - raft.server.watch.element-limit = 65536 (default)
2019-09-25 12:04:11,636 [bdcb6c3e-8893-4e8a-90a8-eb631ad0e985@group-DD66B3BC5885:LeaderElection11] INFO  impl.RoleInfo (RoleInfo.java:updateAndGet(143)) - bdcb6c3e-8893-4e8a-90a8-eb631ad0e985: start LeaderState
2019-09-25 12:04:11,636 [bdcb6c3e-8893-4e8a-90a8-eb631ad0e985@group-DD66B3BC5885:LeaderElection11] INFO  segmented.SegmentedRaftLogWorker (SegmentedRaftLogWorker.java:startLogSegment(380)) - bdcb6c3e-8893-4e8a-90a8-eb631ad0e985@group-DD66B3BC5885-SegmentedRaftLogWorker: Starting segment from index:0
2019-09-25 12:04:11,637 [bdcb6c3e-8893-4e8a-90a8-eb631ad0e985@group-DD66B3BC5885:LeaderElection11] INFO  impl.RaftServerImpl (ServerState.java:setRaftConf(354)) - bdcb6c3e-8893-4e8a-90a8-eb631ad0e985@group-DD66B3BC5885: set configuration 0: [bdcb6c3e-8893-4e8a-90a8-eb631ad0e985:192.168.30.6:46114], old=null at 0
2019-09-25 12:04:11,667 [Thread-244] INFO  impl.FollowerState (FollowerState.java:run(106)) - 24c3890a-3f13-4340-8313-f577cdc100b6:group-F773B25A8C65 changes to CANDIDATE, lastRpcTime:5151, electionTimeout:5151ms
2019-09-25 12:04:11,667 [Thread-244] INFO  impl.RoleInfo (RoleInfo.java:shutdownFollowerState(121)) - 24c3890a-3f13-4340-8313-f577cdc100b6: shutdown FollowerState
2019-09-25 12:04:11,667 [Thread-244] INFO  impl.RaftServerImpl (RaftServerImpl.java:setRole(174)) - 24c3890a-3f13-4340-8313-f577cdc100b6@group-F773B25A8C65: changes role from  FOLLOWER to CANDIDATE at term 0 for changeToCandidate
2019-09-25 12:04:11,668 [Thread-244] INFO  impl.RoleInfo (RoleInfo.java:updateAndGet(143)) - 24c3890a-3f13-4340-8313-f577cdc100b6: start LeaderElection
2019-09-25 12:04:11,684 [bdcb6c3e-8893-4e8a-90a8-eb631ad0e985@group-DD66B3BC5885-SegmentedRaftLogWorker] INFO  segmented.SegmentedRaftLogWorker (SegmentedRaftLogWorker.java:execute(569)) - bdcb6c3e-8893-4e8a-90a8-eb631ad0e985@group-DD66B3BC5885-SegmentedRaftLogWorker: created new log segment /workdir/hadoop-ozone/tools/target/test-dir/MiniOzoneClusterImpl-ed893a3b-0dc1-4b26-80b9-38249be7af87/datanode-0/data/ratis/c147f310-dc06-49ef-b4fc-dd66b3bc5885/current/log_inprogress_0
2019-09-25 12:04:11,687 [24c3890a-3f13-4340-8313-f577cdc100b6@group-F773B25A8C65:LeaderElection12] INFO  impl.LeaderElection (LeaderElection.java:askForVotes(182)) - 24c3890a-3f13-4340-8313-f577cdc100b6@group-F773B25A8C65:LeaderElection12: begin an election at term 1 for -1: [24c3890a-3f13-4340-8313-f577cdc100b6:192.168.30.6:35545], old=null
2019-09-25 12:04:11,687 [24c3890a-3f13-4340-8313-f577cdc100b6@group-F773B25A8C65:LeaderElection12] INFO  impl.RoleInfo (RoleInfo.java:shutdownLeaderElection(134)) - 24c3890a-3f13-4340-8313-f577cdc100b6: shutdown LeaderElection
2019-09-25 12:04:11,687 [24c3890a-3f13-4340-8313-f577cdc100b6@group-F773B25A8C65:LeaderElection12] INFO  impl.RaftServerImpl (RaftServerImpl.java:setRole(174)) - 24c3890a-3f13-4340-8313-f577cdc100b6@group-F773B25A8C65: changes role from CANDIDATE to LEADER at term 1 for changeToLeader
2019-09-25 12:04:11,687 [24c3890a-3f13-4340-8313-f577cdc100b6@group-F773B25A8C65:LeaderElection12] INFO  impl.RaftServerImpl (ServerState.java:setLeader(253)) - 24c3890a-3f13-4340-8313-f577cdc100b6@group-F773B25A8C65: change Leader from null to 24c3890a-3f13-4340-8313-f577cdc100b6 at term 1 for becomeLeader, leader elected after 5180ms
2019-09-25 12:04:11,687 [24c3890a-3f13-4340-8313-f577cdc100b6@group-F773B25A8C65:LeaderElection12] INFO  server.RaftServerConfigKeys (ConfUtils.java:logGet(43)) - raft.server.staging.catchup.gap = 1000 (default)
2019-09-25 12:04:11,687 [24c3890a-3f13-4340-8313-f577cdc100b6@group-F773B25A8C65:LeaderElection12] INFO  server.RaftServerConfigKeys (ConfUtils.java:logGet(43)) - raft.server.rpc.sleep.time = 25ms (default)
2019-09-25 12:04:11,688 [24c3890a-3f13-4340-8313-f577cdc100b6@group-F773B25A8C65:LeaderElection12] INFO  server.RaftServerConfigKeys (ConfUtils.java:logGet(43)) - raft.server.write.element-limit = 4096 (default)
2019-09-25 12:04:11,688 [24c3890a-3f13-4340-8313-f577cdc100b6@group-F773B25A8C65:LeaderElection12] INFO  server.RaftServerConfigKeys (ConfUtils.java:logGet(43)) - raft.server.watch.timeout = 10s (default)
2019-09-25 12:04:11,688 [24c3890a-3f13-4340-8313-f577cdc100b6@group-F773B25A8C65:LeaderElection12] INFO  server.RaftServerConfigKeys (ConfUtils.java:logGet(43)) - raft.server.watch.timeout.denomination = 1s (default)
2019-09-25 12:04:11,688 [24c3890a-3f13-4340-8313-f577cdc100b6@group-F773B25A8C65:LeaderElection12] INFO  server.RaftServerConfigKeys (ConfUtils.java:logGet(43)) - raft.server.watch.element-limit = 65536 (default)
2019-09-25 12:04:11,690 [24c3890a-3f13-4340-8313-f577cdc100b6@group-F773B25A8C65:LeaderElection12] INFO  impl.RoleInfo (RoleInfo.java:updateAndGet(143)) - 24c3890a-3f13-4340-8313-f577cdc100b6: start LeaderState
2019-09-25 12:04:11,691 [24c3890a-3f13-4340-8313-f577cdc100b6@group-F773B25A8C65:LeaderElection12] INFO  segmented.SegmentedRaftLogWorker (SegmentedRaftLogWorker.java:startLogSegment(380)) - 24c3890a-3f13-4340-8313-f577cdc100b6@group-F773B25A8C65-SegmentedRaftLogWorker: Starting segment from index:0
2019-09-25 12:04:11,691 [24c3890a-3f13-4340-8313-f577cdc100b6@group-F773B25A8C65:LeaderElection12] INFO  impl.RaftServerImpl (ServerState.java:setRaftConf(354)) - 24c3890a-3f13-4340-8313-f577cdc100b6@group-F773B25A8C65: set configuration 0: [24c3890a-3f13-4340-8313-f577cdc100b6:192.168.30.6:35545], old=null at 0
 0.00% |█                                                                                                    |  0/1 Time: 0:00:052019-09-25 12:04:11,728 [Thread-254] INFO  impl.FollowerState (FollowerState.java:run(106)) - 24c3890a-3f13-4340-8313-f577cdc100b6:group-D367A7914CE5 changes to CANDIDATE, lastRpcTime:5031, electionTimeout:5018ms
2019-09-25 12:04:11,728 [Thread-254] INFO  impl.RoleInfo (RoleInfo.java:shutdownFollowerState(121)) - 24c3890a-3f13-4340-8313-f577cdc100b6: shutdown FollowerState
2019-09-25 12:04:11,728 [Thread-254] INFO  impl.RaftServerImpl (RaftServerImpl.java:setRole(174)) - 24c3890a-3f13-4340-8313-f577cdc100b6@group-D367A7914CE5: changes role from  FOLLOWER to CANDIDATE at term 0 for changeToCandidate
2019-09-25 12:04:11,729 [Thread-254] INFO  impl.RoleInfo (RoleInfo.java:updateAndGet(143)) - 24c3890a-3f13-4340-8313-f577cdc100b6: start LeaderElection
2019-09-25 12:04:11,740 [Thread-247] INFO  impl.FollowerState (FollowerState.java:run(106)) - db9a1ebc-bc0c-4bed-8f15-d50f9a658f38:group-0AEA8C6DEAE4 changes to CANDIDATE, lastRpcTime:5164, electionTimeout:5164ms
2019-09-25 12:04:11,740 [Thread-247] INFO  impl.RoleInfo (RoleInfo.java:shutdownFollowerState(121)) - db9a1ebc-bc0c-4bed-8f15-d50f9a658f38: shutdown FollowerState
2019-09-25 12:04:11,740 [Thread-247] INFO  impl.RaftServerImpl (RaftServerImpl.java:setRole(174)) - db9a1ebc-bc0c-4bed-8f15-d50f9a658f38@group-0AEA8C6DEAE4: changes role from  FOLLOWER to CANDIDATE at term 0 for changeToCandidate
2019-09-25 12:04:11,740 [Thread-247] INFO  impl.RoleInfo (RoleInfo.java:updateAndGet(143)) - db9a1ebc-bc0c-4bed-8f15-d50f9a658f38: start LeaderElection
2019-09-25 12:04:11,752 [24c3890a-3f13-4340-8313-f577cdc100b6@group-F773B25A8C65-SegmentedRaftLogWorker] INFO  segmented.SegmentedRaftLogWorker (SegmentedRaftLogWorker.java:execute(569)) - 24c3890a-3f13-4340-8313-f577cdc100b6@group-F773B25A8C65-SegmentedRaftLogWorker: created new log segment /workdir/hadoop-ozone/tools/target/test-dir/MiniOzoneClusterImpl-ed893a3b-0dc1-4b26-80b9-38249be7af87/datanode-3/data/ratis/152baccf-3ebb-4237-b24f-f773b25a8c65/current/log_inprogress_0
2019-09-25 12:04:11,752 [24c3890a-3f13-4340-8313-f577cdc100b6@group-D367A7914CE5:LeaderElection13] INFO  impl.LeaderElection (LeaderElection.java:askForVotes(182)) - 24c3890a-3f13-4340-8313-f577cdc100b6@group-D367A7914CE5:LeaderElection13: begin an election at term 1 for -1: [24c3890a-3f13-4340-8313-f577cdc100b6:192.168.30.6:35545], old=null
2019-09-25 12:04:11,752 [24c3890a-3f13-4340-8313-f577cdc100b6@group-D367A7914CE5:LeaderElection13] INFO  impl.RoleInfo (RoleInfo.java:shutdownLeaderElection(134)) - 24c3890a-3f13-4340-8313-f577cdc100b6: shutdown LeaderElection
2019-09-25 12:04:11,753 [24c3890a-3f13-4340-8313-f577cdc100b6@group-D367A7914CE5:LeaderElection13] INFO  impl.RaftServerImpl (RaftServerImpl.java:setRole(174)) - 24c3890a-3f13-4340-8313-f577cdc100b6@group-D367A7914CE5: changes role from CANDIDATE to LEADER at term 1 for changeToLeader
2019-09-25 12:04:11,753 [24c3890a-3f13-4340-8313-f577cdc100b6@group-D367A7914CE5:LeaderElection13] INFO  impl.RaftServerImpl (ServerState.java:setLeader(253)) - 24c3890a-3f13-4340-8313-f577cdc100b6@group-D367A7914CE5: change Leader from null to 24c3890a-3f13-4340-8313-f577cdc100b6 at term 1 for becomeLeader, leader elected after 5064ms
2019-09-25 12:04:11,753 [24c3890a-3f13-4340-8313-f577cdc100b6@group-D367A7914CE5:LeaderElection13] INFO  server.RaftServerConfigKeys (ConfUtils.java:logGet(43)) - raft.server.staging.catchup.gap = 1000 (default)
2019-09-25 12:04:11,753 [24c3890a-3f13-4340-8313-f577cdc100b6@group-D367A7914CE5:LeaderElection13] INFO  server.RaftServerConfigKeys (ConfUtils.java:logGet(43)) - raft.server.rpc.sleep.time = 25ms (default)
2019-09-25 12:04:11,753 [24c3890a-3f13-4340-8313-f577cdc100b6@group-D367A7914CE5:LeaderElection13] INFO  server.RaftServerConfigKeys (ConfUtils.java:logGet(43)) - raft.server.write.element-limit = 4096 (default)
2019-09-25 12:04:11,753 [24c3890a-3f13-4340-8313-f577cdc100b6@group-D367A7914CE5:LeaderElection13] INFO  server.RaftServerConfigKeys (ConfUtils.java:logGet(43)) - raft.server.watch.timeout = 10s (default)
2019-09-25 12:04:11,754 [24c3890a-3f13-4340-8313-f577cdc100b6@group-D367A7914CE5:LeaderElection13] INFO  server.RaftServerConfigKeys (ConfUtils.java:logGet(43)) - raft.server.watch.timeout.denomination = 1s (default)
2019-09-25 12:04:11,754 [24c3890a-3f13-4340-8313-f577cdc100b6@group-D367A7914CE5:LeaderElection13] INFO  server.RaftServerConfigKeys (ConfUtils.java:logGet(43)) - raft.server.watch.element-limit = 65536 (default)
2019-09-25 12:04:11,756 [db9a1ebc-bc0c-4bed-8f15-d50f9a658f38@group-0AEA8C6DEAE4:LeaderElection14] INFO  impl.LeaderElection (LeaderElection.java:askForVotes(182)) - db9a1ebc-bc0c-4bed-8f15-d50f9a658f38@group-0AEA8C6DEAE4:LeaderElection14: begin an election at term 1 for -1: [db9a1ebc-bc0c-4bed-8f15-d50f9a658f38:192.168.30.6:39349], old=null
2019-09-25 12:04:11,756 [db9a1ebc-bc0c-4bed-8f15-d50f9a658f38@group-0AEA8C6DEAE4:LeaderElection14] INFO  impl.RoleInfo (RoleInfo.java:shutdownLeaderElection(134)) - db9a1ebc-bc0c-4bed-8f15-d50f9a658f38: shutdown LeaderElection
2019-09-25 12:04:11,756 [db9a1ebc-bc0c-4bed-8f15-d50f9a658f38@group-0AEA8C6DEAE4:LeaderElection14] INFO  impl.RaftServerImpl (RaftServerImpl.java:setRole(174)) - db9a1ebc-bc0c-4bed-8f15-d50f9a658f38@group-0AEA8C6DEAE4: changes role from CANDIDATE to LEADER at term 1 for changeToLeader
2019-09-25 12:04:11,756 [db9a1ebc-bc0c-4bed-8f15-d50f9a658f38@group-0AEA8C6DEAE4:LeaderElection14] INFO  impl.RaftServerImpl (ServerState.java:setLeader(253)) - db9a1ebc-bc0c-4bed-8f15-d50f9a658f38@group-0AEA8C6DEAE4: change Leader from null to db9a1ebc-bc0c-4bed-8f15-d50f9a658f38 at term 1 for becomeLeader, leader elected after 5188ms
2019-09-25 12:04:11,756 [24c3890a-3f13-4340-8313-f577cdc100b6@group-D367A7914CE5:LeaderElection13] INFO  impl.RoleInfo (RoleInfo.java:updateAndGet(143)) - 24c3890a-3f13-4340-8313-f577cdc100b6: start LeaderState
2019-09-25 12:04:11,756 [db9a1ebc-bc0c-4bed-8f15-d50f9a658f38@group-0AEA8C6DEAE4:LeaderElection14] INFO  server.RaftServerConfigKeys (ConfUtils.java:logGet(43)) - raft.server.staging.catchup.gap = 1000 (default)
2019-09-25 12:04:11,757 [24c3890a-3f13-4340-8313-f577cdc100b6@group-D367A7914CE5:LeaderElection13] INFO  segmented.SegmentedRaftLogWorker (SegmentedRaftLogWorker.java:startLogSegment(380)) - 24c3890a-3f13-4340-8313-f577cdc100b6@group-D367A7914CE5-SegmentedRaftLogWorker: Starting segment from index:0
2019-09-25 12:04:11,757 [db9a1ebc-bc0c-4bed-8f15-d50f9a658f38@group-0AEA8C6DEAE4:LeaderElection14] INFO  server.RaftServerConfigKeys (ConfUtils.java:logGet(43)) - raft.server.rpc.sleep.time = 25ms (default)
2019-09-25 12:04:11,757 [db9a1ebc-bc0c-4bed-8f15-d50f9a658f38@group-0AEA8C6DEAE4:LeaderElection14] INFO  server.RaftServerConfigKeys (ConfUtils.java:logGet(43)) - raft.server.write.element-limit = 4096 (default)
2019-09-25 12:04:11,757 [24c3890a-3f13-4340-8313-f577cdc100b6@group-D367A7914CE5:LeaderElection13] INFO  impl.RaftServerImpl (ServerState.java:setRaftConf(354)) - 24c3890a-3f13-4340-8313-f577cdc100b6@group-D367A7914CE5: set configuration 0: [24c3890a-3f13-4340-8313-f577cdc100b6:192.168.30.6:35545], old=null at 0
2019-09-25 12:04:11,757 [db9a1ebc-bc0c-4bed-8f15-d50f9a658f38@group-0AEA8C6DEAE4:LeaderElection14] INFO  server.RaftServerConfigKeys (ConfUtils.java:logGet(43)) - raft.server.watch.timeout = 10s (default)
2019-09-25 12:04:11,794 [Thread-251] INFO  impl.FollowerState (FollowerState.java:run(106)) - db9a1ebc-bc0c-4bed-8f15-d50f9a658f38:group-576CF85BA6DB changes to CANDIDATE, lastRpcTime:5158, electionTimeout:5124ms
2019-09-25 12:04:11,794 [db9a1ebc-bc0c-4bed-8f15-d50f9a658f38@group-0AEA8C6DEAE4:LeaderElection14] INFO  server.RaftServerConfigKeys (ConfUtils.java:logGet(43)) - raft.server.watch.timeout.denomination = 1s (default)
2019-09-25 12:04:11,794 [Thread-251] INFO  impl.RoleInfo (RoleInfo.java:shutdownFollowerState(121)) - db9a1ebc-bc0c-4bed-8f15-d50f9a658f38: shutdown FollowerState
2019-09-25 12:04:11,794 [db9a1ebc-bc0c-4bed-8f15-d50f9a658f38@group-0AEA8C6DEAE4:LeaderElection14] INFO  server.RaftServerConfigKeys (ConfUtils.java:logGet(43)) - raft.server.watch.element-limit = 65536 (default)
2019-09-25 12:04:11,794 [Thread-251] INFO  impl.RaftServerImpl (RaftServerImpl.java:setRole(174)) - db9a1ebc-bc0c-4bed-8f15-d50f9a658f38@group-576CF85BA6DB: changes role from  FOLLOWER to CANDIDATE at term 0 for changeToCandidate
2019-09-25 12:04:11,795 [Thread-251] INFO  impl.RoleInfo (RoleInfo.java:updateAndGet(143)) - db9a1ebc-bc0c-4bed-8f15-d50f9a658f38: start LeaderElection
2019-09-25 12:04:11,801 [db9a1ebc-bc0c-4bed-8f15-d50f9a658f38@group-0AEA8C6DEAE4:LeaderElection14] INFO  impl.RoleInfo (RoleInfo.java:updateAndGet(143)) - db9a1ebc-bc0c-4bed-8f15-d50f9a658f38: start LeaderState
2019-09-25 12:04:11,801 [db9a1ebc-bc0c-4bed-8f15-d50f9a658f38@group-0AEA8C6DEAE4:LeaderElection14] INFO  segmented.SegmentedRaftLogWorker (SegmentedRaftLogWorker.java:startLogSegment(380)) - db9a1ebc-bc0c-4bed-8f15-d50f9a658f38@group-0AEA8C6DEAE4-SegmentedRaftLogWorker: Starting segment from index:0
2019-09-25 12:04:11,802 [db9a1ebc-bc0c-4bed-8f15-d50f9a658f38@group-0AEA8C6DEAE4:LeaderElection14] INFO  impl.RaftServerImpl (ServerState.java:setRaftConf(354)) - db9a1ebc-bc0c-4bed-8f15-d50f9a658f38@group-0AEA8C6DEAE4: set configuration 0: [db9a1ebc-bc0c-4bed-8f15-d50f9a658f38:192.168.30.6:39349], old=null at 0
2019-09-25 12:04:11,834 [24c3890a-3f13-4340-8313-f577cdc100b6@group-D367A7914CE5-SegmentedRaftLogWorker] INFO  segmented.SegmentedRaftLogWorker (SegmentedRaftLogWorker.java:execute(569)) - 24c3890a-3f13-4340-8313-f577cdc100b6@group-D367A7914CE5-SegmentedRaftLogWorker: created new log segment /workdir/hadoop-ozone/tools/target/test-dir/MiniOzoneClusterImpl-ed893a3b-0dc1-4b26-80b9-38249be7af87/datanode-3/data/ratis/6c58681d-075a-43d2-bcf5-d367a7914ce5/current/log_inprogress_0
2019-09-25 12:04:11,834 [db9a1ebc-bc0c-4bed-8f15-d50f9a658f38@group-576CF85BA6DB:LeaderElection15] INFO  impl.LeaderElection (LeaderElection.java:askForVotes(182)) - db9a1ebc-bc0c-4bed-8f15-d50f9a658f38@group-576CF85BA6DB:LeaderElection15: begin an election at term 1 for -1: [db9a1ebc-bc0c-4bed-8f15-d50f9a658f38:192.168.30.6:39349], old=null
2019-09-25 12:04:11,834 [db9a1ebc-bc0c-4bed-8f15-d50f9a658f38@group-576CF85BA6DB:LeaderElection15] INFO  impl.RoleInfo (RoleInfo.java:shutdownLeaderElection(134)) - db9a1ebc-bc0c-4bed-8f15-d50f9a658f38: shutdown LeaderElection
2019-09-25 12:04:11,834 [db9a1ebc-bc0c-4bed-8f15-d50f9a658f38@group-576CF85BA6DB:LeaderElection15] INFO  impl.RaftServerImpl (RaftServerImpl.java:setRole(174)) - db9a1ebc-bc0c-4bed-8f15-d50f9a658f38@group-576CF85BA6DB: changes role from CANDIDATE to LEADER at term 1 for changeToLeader
2019-09-25 12:04:11,835 [db9a1ebc-bc0c-4bed-8f15-d50f9a658f38@group-576CF85BA6DB:LeaderElection15] INFO  impl.RaftServerImpl (ServerState.java:setLeader(253)) - db9a1ebc-bc0c-4bed-8f15-d50f9a658f38@group-576CF85BA6DB: change Leader from null to db9a1ebc-bc0c-4bed-8f15-d50f9a658f38 at term 1 for becomeLeader, leader elected after 5204ms
2019-09-25 12:04:11,835 [db9a1ebc-bc0c-4bed-8f15-d50f9a658f38@group-576CF85BA6DB:LeaderElection15] INFO  server.RaftServerConfigKeys (ConfUtils.java:logGet(43)) - raft.server.staging.catchup.gap = 1000 (default)
2019-09-25 12:04:11,835 [db9a1ebc-bc0c-4bed-8f15-d50f9a658f38@group-576CF85BA6DB:LeaderElection15] INFO  server.RaftServerConfigKeys (ConfUtils.java:logGet(43)) - raft.server.rpc.sleep.time = 25ms (default)
2019-09-25 12:04:11,835 [db9a1ebc-bc0c-4bed-8f15-d50f9a658f38@group-576CF85BA6DB:LeaderElection15] INFO  server.RaftServerConfigKeys (ConfUtils.java:logGet(43)) - raft.server.write.element-limit = 4096 (default)
2019-09-25 12:04:11,835 [db9a1ebc-bc0c-4bed-8f15-d50f9a658f38@group-576CF85BA6DB:LeaderElection15] INFO  server.RaftServerConfigKeys (ConfUtils.java:logGet(43)) - raft.server.watch.timeout = 10s (default)
2019-09-25 12:04:11,836 [db9a1ebc-bc0c-4bed-8f15-d50f9a658f38@group-576CF85BA6DB:LeaderElection15] INFO  server.RaftServerConfigKeys (ConfUtils.java:logGet(43)) - raft.server.watch.timeout.denomination = 1s (default)
2019-09-25 12:04:11,836 [db9a1ebc-bc0c-4bed-8f15-d50f9a658f38@group-576CF85BA6DB:LeaderElection15] INFO  server.RaftServerConfigKeys (ConfUtils.java:logGet(43)) - raft.server.watch.element-limit = 65536 (default)
2019-09-25 12:04:11,838 [db9a1ebc-bc0c-4bed-8f15-d50f9a658f38@group-576CF85BA6DB:LeaderElection15] INFO  impl.RoleInfo (RoleInfo.java:updateAndGet(143)) - db9a1ebc-bc0c-4bed-8f15-d50f9a658f38: start LeaderState
2019-09-25 12:04:11,839 [db9a1ebc-bc0c-4bed-8f15-d50f9a658f38@group-576CF85BA6DB:LeaderElection15] INFO  segmented.SegmentedRaftLogWorker (SegmentedRaftLogWorker.java:startLogSegment(380)) - db9a1ebc-bc0c-4bed-8f15-d50f9a658f38@group-576CF85BA6DB-SegmentedRaftLogWorker: Starting segment from index:0
2019-09-25 12:04:11,839 [db9a1ebc-bc0c-4bed-8f15-d50f9a658f38@group-576CF85BA6DB:LeaderElection15] INFO  impl.RaftServerImpl (ServerState.java:setRaftConf(354)) - db9a1ebc-bc0c-4bed-8f15-d50f9a658f38@group-576CF85BA6DB: set configuration 0: [db9a1ebc-bc0c-4bed-8f15-d50f9a658f38:192.168.30.6:39349], old=null at 0
2019-09-25 12:04:11,877 [db9a1ebc-bc0c-4bed-8f15-d50f9a658f38@group-0AEA8C6DEAE4-SegmentedRaftLogWorker] INFO  segmented.SegmentedRaftLogWorker (SegmentedRaftLogWorker.java:execute(569)) - db9a1ebc-bc0c-4bed-8f15-d50f9a658f38@group-0AEA8C6DEAE4-SegmentedRaftLogWorker: created new log segment /workdir/hadoop-ozone/tools/target/test-dir/MiniOzoneClusterImpl-ed893a3b-0dc1-4b26-80b9-38249be7af87/datanode-1/data/ratis/04eb7c11-9316-486c-95a3-0aea8c6deae4/current/log_inprogress_0
2019-09-25 12:04:11,877 [Thread-260] INFO  impl.FollowerState (FollowerState.java:run(106)) - bdcb6c3e-8893-4e8a-90a8-eb631ad0e985:group-3AD8774FB5FF changes to CANDIDATE, lastRpcTime:5132, electionTimeout:5099ms
2019-09-25 12:04:11,878 [Thread-260] INFO  impl.RoleInfo (RoleInfo.java:shutdownFollowerState(121)) - bdcb6c3e-8893-4e8a-90a8-eb631ad0e985: shutdown FollowerState
2019-09-25 12:04:11,878 [Thread-260] INFO  impl.RaftServerImpl (RaftServerImpl.java:setRole(174)) - bdcb6c3e-8893-4e8a-90a8-eb631ad0e985@group-3AD8774FB5FF: changes role from  FOLLOWER to CANDIDATE at term 0 for changeToCandidate
2019-09-25 12:04:11,878 [Thread-260] INFO  impl.RoleInfo (RoleInfo.java:updateAndGet(143)) - bdcb6c3e-8893-4e8a-90a8-eb631ad0e985: start LeaderElection
2019-09-25 12:04:11,891 [db9a1ebc-bc0c-4bed-8f15-d50f9a658f38@group-576CF85BA6DB-SegmentedRaftLogWorker] INFO  segmented.SegmentedRaftLogWorker (SegmentedRaftLogWorker.java:execute(569)) - db9a1ebc-bc0c-4bed-8f15-d50f9a658f38@group-576CF85BA6DB-SegmentedRaftLogWorker: created new log segment /workdir/hadoop-ozone/tools/target/test-dir/MiniOzoneClusterImpl-ed893a3b-0dc1-4b26-80b9-38249be7af87/datanode-1/data/ratis/9a8a2e95-d05d-45e7-a01e-576cf85ba6db/current/log_inprogress_0
2019-09-25 12:04:11,891 [bdcb6c3e-8893-4e8a-90a8-eb631ad0e985@group-3AD8774FB5FF:LeaderElection16] INFO  impl.LeaderElection (LeaderElection.java:askForVotes(182)) - bdcb6c3e-8893-4e8a-90a8-eb631ad0e985@group-3AD8774FB5FF:LeaderElection16: begin an election at term 1 for -1: [bdcb6c3e-8893-4e8a-90a8-eb631ad0e985:192.168.30.6:46114], old=null
2019-09-25 12:04:11,891 [bdcb6c3e-8893-4e8a-90a8-eb631ad0e985@group-3AD8774FB5FF:LeaderElection16] INFO  impl.RoleInfo (RoleInfo.java:shutdownLeaderElection(134)) - bdcb6c3e-8893-4e8a-90a8-eb631ad0e985: shutdown LeaderElection
2019-09-25 12:04:11,892 [bdcb6c3e-8893-4e8a-90a8-eb631ad0e985@group-3AD8774FB5FF:LeaderElection16] INFO  impl.RaftServerImpl (RaftServerImpl.java:setRole(174)) - bdcb6c3e-8893-4e8a-90a8-eb631ad0e985@group-3AD8774FB5FF: changes role from CANDIDATE to LEADER at term 1 for changeToLeader
2019-09-25 12:04:11,892 [bdcb6c3e-8893-4e8a-90a8-eb631ad0e985@group-3AD8774FB5FF:LeaderElection16] INFO  impl.RaftServerImpl (ServerState.java:setLeader(253)) - bdcb6c3e-8893-4e8a-90a8-eb631ad0e985@group-3AD8774FB5FF: change Leader from null to bdcb6c3e-8893-4e8a-90a8-eb631ad0e985 at term 1 for becomeLeader, leader elected after 5156ms
2019-09-25 12:04:11,892 [bdcb6c3e-8893-4e8a-90a8-eb631ad0e985@group-3AD8774FB5FF:LeaderElection16] INFO  server.RaftServerConfigKeys (ConfUtils.java:logGet(43)) - raft.server.staging.catchup.gap = 1000 (default)
2019-09-25 12:04:11,892 [bdcb6c3e-8893-4e8a-90a8-eb631ad0e985@group-3AD8774FB5FF:LeaderElection16] INFO  server.RaftServerConfigKeys (ConfUtils.java:logGet(43)) - raft.server.rpc.sleep.time = 25ms (default)
2019-09-25 12:04:11,892 [bdcb6c3e-8893-4e8a-90a8-eb631ad0e985@group-3AD8774FB5FF:LeaderElection16] INFO  server.RaftServerConfigKeys (ConfUtils.java:logGet(43)) - raft.server.write.element-limit = 4096 (default)
2019-09-25 12:04:11,893 [bdcb6c3e-8893-4e8a-90a8-eb631ad0e985@group-3AD8774FB5FF:LeaderElection16] INFO  server.RaftServerConfigKeys (ConfUtils.java:logGet(43)) - raft.server.watch.timeout = 10s (default)
2019-09-25 12:04:11,893 [bdcb6c3e-8893-4e8a-90a8-eb631ad0e985@group-3AD8774FB5FF:LeaderElection16] INFO  server.RaftServerConfigKeys (ConfUtils.java:logGet(43)) - raft.server.watch.timeout.denomination = 1s (default)
2019-09-25 12:04:11,893 [bdcb6c3e-8893-4e8a-90a8-eb631ad0e985@group-3AD8774FB5FF:LeaderElection16] INFO  server.RaftServerConfigKeys (ConfUtils.java:logGet(43)) - raft.server.watch.element-limit = 65536 (default)
2019-09-25 12:04:11,894 [Thread-263] INFO  impl.FollowerState (FollowerState.java:run(106)) - 26ee0107-1f2c-48c6-b68f-fb73f18a1c69:group-49C9A7797B9B changes to CANDIDATE, lastRpcTime:5092, electionTimeout:5092ms
2019-09-25 12:04:11,895 [Thread-263] INFO  impl.RoleInfo (RoleInfo.java:shutdownFollowerState(121)) - 26ee0107-1f2c-48c6-b68f-fb73f18a1c69: shutdown FollowerState
2019-09-25 12:04:11,895 [Thread-263] INFO  impl.RaftServerImpl (RaftServerImpl.java:setRole(174)) - 26ee0107-1f2c-48c6-b68f-fb73f18a1c69@group-49C9A7797B9B: changes role from  FOLLOWER to CANDIDATE at term 0 for changeToCandidate
2019-09-25 12:04:11,895 [Thread-263] INFO  impl.RoleInfo (RoleInfo.java:updateAndGet(143)) - 26ee0107-1f2c-48c6-b68f-fb73f18a1c69: start LeaderElection
2019-09-25 12:04:11,899 [bdcb6c3e-8893-4e8a-90a8-eb631ad0e985@group-3AD8774FB5FF:LeaderElection16] INFO  impl.RoleInfo (RoleInfo.java:updateAndGet(143)) - bdcb6c3e-8893-4e8a-90a8-eb631ad0e985: start LeaderState
2019-09-25 12:04:11,899 [bdcb6c3e-8893-4e8a-90a8-eb631ad0e985@group-3AD8774FB5FF:LeaderElection16] INFO  segmented.SegmentedRaftLogWorker (SegmentedRaftLogWorker.java:startLogSegment(380)) - bdcb6c3e-8893-4e8a-90a8-eb631ad0e985@group-3AD8774FB5FF-SegmentedRaftLogWorker: Starting segment from index:0
2019-09-25 12:04:11,900 [bdcb6c3e-8893-4e8a-90a8-eb631ad0e985@group-3AD8774FB5FF:LeaderElection16] INFO  impl.RaftServerImpl (ServerState.java:setRaftConf(354)) - bdcb6c3e-8893-4e8a-90a8-eb631ad0e985@group-3AD8774FB5FF: set configuration 0: [bdcb6c3e-8893-4e8a-90a8-eb631ad0e985:192.168.30.6:46114], old=null at 0
2019-09-25 12:04:11,937 [26ee0107-1f2c-48c6-b68f-fb73f18a1c69@group-49C9A7797B9B:LeaderElection17] INFO  impl.LeaderElection (LeaderElection.java:askForVotes(182)) - 26ee0107-1f2c-48c6-b68f-fb73f18a1c69@group-49C9A7797B9B:LeaderElection17: begin an election at term 1 for -1: [26ee0107-1f2c-48c6-b68f-fb73f18a1c69:192.168.30.6:45618], old=null
2019-09-25 12:04:11,937 [26ee0107-1f2c-48c6-b68f-fb73f18a1c69@group-49C9A7797B9B:LeaderElection17] INFO  impl.RoleInfo (RoleInfo.java:shutdownLeaderElection(134)) - 26ee0107-1f2c-48c6-b68f-fb73f18a1c69: shutdown LeaderElection
2019-09-25 12:04:11,937 [26ee0107-1f2c-48c6-b68f-fb73f18a1c69@group-49C9A7797B9B:LeaderElection17] INFO  impl.RaftServerImpl (RaftServerImpl.java:setRole(174)) - 26ee0107-1f2c-48c6-b68f-fb73f18a1c69@group-49C9A7797B9B: changes role from CANDIDATE to LEADER at term 1 for changeToLeader
2019-09-25 12:04:11,937 [26ee0107-1f2c-48c6-b68f-fb73f18a1c69@group-49C9A7797B9B:LeaderElection17] INFO  impl.RaftServerImpl (ServerState.java:setLeader(253)) - 26ee0107-1f2c-48c6-b68f-fb73f18a1c69@group-49C9A7797B9B: change Leader from null to 26ee0107-1f2c-48c6-b68f-fb73f18a1c69 at term 1 for becomeLeader, leader elected after 5143ms
2019-09-25 12:04:11,938 [26ee0107-1f2c-48c6-b68f-fb73f18a1c69@group-49C9A7797B9B:LeaderElection17] INFO  server.RaftServerConfigKeys (ConfUtils.java:logGet(43)) - raft.server.staging.catchup.gap = 1000 (default)
2019-09-25 12:04:11,938 [26ee0107-1f2c-48c6-b68f-fb73f18a1c69@group-49C9A7797B9B:LeaderElection17] INFO  server.RaftServerConfigKeys (ConfUtils.java:logGet(43)) - raft.server.rpc.sleep.time = 25ms (default)
2019-09-25 12:04:11,938 [26ee0107-1f2c-48c6-b68f-fb73f18a1c69@group-49C9A7797B9B:LeaderElection17] INFO  server.RaftServerConfigKeys (ConfUtils.java:logGet(43)) - raft.server.write.element-limit = 4096 (default)
2019-09-25 12:04:11,938 [26ee0107-1f2c-48c6-b68f-fb73f18a1c69@group-49C9A7797B9B:LeaderElection17] INFO  server.RaftServerConfigKeys (ConfUtils.java:logGet(43)) - raft.server.watch.timeout = 10s (default)
2019-09-25 12:04:11,938 [26ee0107-1f2c-48c6-b68f-fb73f18a1c69@group-49C9A7797B9B:LeaderElection17] INFO  server.RaftServerConfigKeys (ConfUtils.java:logGet(43)) - raft.server.watch.timeout.denomination = 1s (default)
2019-09-25 12:04:11,938 [26ee0107-1f2c-48c6-b68f-fb73f18a1c69@group-49C9A7797B9B:LeaderElection17] INFO  server.RaftServerConfigKeys (ConfUtils.java:logGet(43)) - raft.server.watch.element-limit = 65536 (default)
2019-09-25 12:04:11,941 [26ee0107-1f2c-48c6-b68f-fb73f18a1c69@group-49C9A7797B9B:LeaderElection17] INFO  impl.RoleInfo (RoleInfo.java:updateAndGet(143)) - 26ee0107-1f2c-48c6-b68f-fb73f18a1c69: start LeaderState
2019-09-25 12:04:11,942 [26ee0107-1f2c-48c6-b68f-fb73f18a1c69@group-49C9A7797B9B:LeaderElection17] INFO  segmented.SegmentedRaftLogWorker (SegmentedRaftLogWorker.java:startLogSegment(380)) - 26ee0107-1f2c-48c6-b68f-fb73f18a1c69@group-49C9A7797B9B-SegmentedRaftLogWorker: Starting segment from index:0
2019-09-25 12:04:11,942 [26ee0107-1f2c-48c6-b68f-fb73f18a1c69@group-49C9A7797B9B:LeaderElection17] INFO  impl.RaftServerImpl (ServerState.java:setRaftConf(354)) - 26ee0107-1f2c-48c6-b68f-fb73f18a1c69@group-49C9A7797B9B: set configuration 0: [26ee0107-1f2c-48c6-b68f-fb73f18a1c69:192.168.30.6:45618], old=null at 0
2019-09-25 12:04:11,976 [bdcb6c3e-8893-4e8a-90a8-eb631ad0e985@group-3AD8774FB5FF-SegmentedRaftLogWorker] INFO  segmented.SegmentedRaftLogWorker (SegmentedRaftLogWorker.java:execute(569)) - bdcb6c3e-8893-4e8a-90a8-eb631ad0e985@group-3AD8774FB5FF-SegmentedRaftLogWorker: created new log segment /workdir/hadoop-ozone/tools/target/test-dir/MiniOzoneClusterImpl-ed893a3b-0dc1-4b26-80b9-38249be7af87/datanode-0/data/ratis/a1df4a32-0787-404a-a2c4-3ad8774fb5ff/current/log_inprogress_0
2019-09-25 12:04:11,976 [Thread-266] INFO  impl.FollowerState (FollowerState.java:run(106)) - 24c3890a-3f13-4340-8313-f577cdc100b6:group-EB36AF02516E changes to CANDIDATE, lastRpcTime:5116, electionTimeout:5107ms
2019-09-25 12:04:11,976 [Thread-266] INFO  impl.RoleInfo (RoleInfo.java:shutdownFollowerState(121)) - 24c3890a-3f13-4340-8313-f577cdc100b6: shutdown FollowerState
2019-09-25 12:04:11,976 [Thread-266] INFO  impl.RaftServerImpl (RaftServerImpl.java:setRole(174)) - 24c3890a-3f13-4340-8313-f577cdc100b6@group-EB36AF02516E: changes role from  FOLLOWER to CANDIDATE at term 0 for changeToCandidate
2019-09-25 12:04:11,977 [Thread-266] INFO  impl.RoleInfo (RoleInfo.java:updateAndGet(143)) - 24c3890a-3f13-4340-8313-f577cdc100b6: start LeaderElection
2019-09-25 12:04:11,988 [26ee0107-1f2c-48c6-b68f-fb73f18a1c69@group-49C9A7797B9B-SegmentedRaftLogWorker] INFO  segmented.SegmentedRaftLogWorker (SegmentedRaftLogWorker.java:execute(569)) - 26ee0107-1f2c-48c6-b68f-fb73f18a1c69@group-49C9A7797B9B-SegmentedRaftLogWorker: created new log segment /workdir/hadoop-ozone/tools/target/test-dir/MiniOzoneClusterImpl-ed893a3b-0dc1-4b26-80b9-38249be7af87/datanode-2/data/ratis/d89b5de1-b269-4489-bce1-49c9a7797b9b/current/log_inprogress_0
2019-09-25 12:04:11,988 [24c3890a-3f13-4340-8313-f577cdc100b6@group-EB36AF02516E:LeaderElection18] INFO  impl.LeaderElection (LeaderElection.java:askForVotes(182)) - 24c3890a-3f13-4340-8313-f577cdc100b6@group-EB36AF02516E:LeaderElection18: begin an election at term 1 for -1: [24c3890a-3f13-4340-8313-f577cdc100b6:192.168.30.6:35545], old=null
2019-09-25 12:04:11,989 [24c3890a-3f13-4340-8313-f577cdc100b6@group-EB36AF02516E:LeaderElection18] INFO  impl.RoleInfo (RoleInfo.java:shutdownLeaderElection(134)) - 24c3890a-3f13-4340-8313-f577cdc100b6: shutdown LeaderElection
2019-09-25 12:04:11,989 [24c3890a-3f13-4340-8313-f577cdc100b6@group-EB36AF02516E:LeaderElection18] INFO  impl.RaftServerImpl (RaftServerImpl.java:setRole(174)) - 24c3890a-3f13-4340-8313-f577cdc100b6@group-EB36AF02516E: changes role from CANDIDATE to LEADER at term 1 for changeToLeader
2019-09-25 12:04:11,989 [24c3890a-3f13-4340-8313-f577cdc100b6@group-EB36AF02516E:LeaderElection18] INFO  impl.RaftServerImpl (ServerState.java:setLeader(253)) - 24c3890a-3f13-4340-8313-f577cdc100b6@group-EB36AF02516E: change Leader from null to 24c3890a-3f13-4340-8313-f577cdc100b6 at term 1 for becomeLeader, leader elected after 5139ms
2019-09-25 12:04:11,989 [24c3890a-3f13-4340-8313-f577cdc100b6@group-EB36AF02516E:LeaderElection18] INFO  server.RaftServerConfigKeys (ConfUtils.java:logGet(43)) - raft.server.staging.catchup.gap = 1000 (default)
2019-09-25 12:04:11,989 [24c3890a-3f13-4340-8313-f577cdc100b6@group-EB36AF02516E:LeaderElection18] INFO  server.RaftServerConfigKeys (ConfUtils.java:logGet(43)) - raft.server.rpc.sleep.time = 25ms (default)
2019-09-25 12:04:11,990 [24c3890a-3f13-4340-8313-f577cdc100b6@group-EB36AF02516E:LeaderElection18] INFO  server.RaftServerConfigKeys (ConfUtils.java:logGet(43)) - raft.server.write.element-limit = 4096 (default)
2019-09-25 12:04:11,990 [24c3890a-3f13-4340-8313-f577cdc100b6@group-EB36AF02516E:LeaderElection18] INFO  server.RaftServerConfigKeys (ConfUtils.java:logGet(43)) - raft.server.watch.timeout = 10s (default)
2019-09-25 12:04:11,990 [24c3890a-3f13-4340-8313-f577cdc100b6@group-EB36AF02516E:LeaderElection18] INFO  server.RaftServerConfigKeys (ConfUtils.java:logGet(43)) - raft.server.watch.timeout.denomination = 1s (default)
2019-09-25 12:04:11,990 [24c3890a-3f13-4340-8313-f577cdc100b6@group-EB36AF02516E:LeaderElection18] INFO  server.RaftServerConfigKeys (ConfUtils.java:logGet(43)) - raft.server.watch.element-limit = 65536 (default)
2019-09-25 12:04:11,993 [24c3890a-3f13-4340-8313-f577cdc100b6@group-EB36AF02516E:LeaderElection18] INFO  impl.RoleInfo (RoleInfo.java:updateAndGet(143)) - 24c3890a-3f13-4340-8313-f577cdc100b6: start LeaderState
2019-09-25 12:04:11,993 [24c3890a-3f13-4340-8313-f577cdc100b6@group-EB36AF02516E:LeaderElection18] INFO  segmented.SegmentedRaftLogWorker (SegmentedRaftLogWorker.java:startLogSegment(380)) - 24c3890a-3f13-4340-8313-f577cdc100b6@group-EB36AF02516E-SegmentedRaftLogWorker: Starting segment from index:0
2019-09-25 12:04:11,993 [24c3890a-3f13-4340-8313-f577cdc100b6@group-EB36AF02516E:LeaderElection18] INFO  impl.RaftServerImpl (ServerState.java:setRaftConf(354)) - 24c3890a-3f13-4340-8313-f577cdc100b6@group-EB36AF02516E: set configuration 0: [24c3890a-3f13-4340-8313-f577cdc100b6:192.168.30.6:35545], old=null at 0
2019-09-25 12:04:12,037 [24c3890a-3f13-4340-8313-f577cdc100b6@group-EB36AF02516E-SegmentedRaftLogWorker] INFO  segmented.SegmentedRaftLogWorker (SegmentedRaftLogWorker.java:execute(569)) - 24c3890a-3f13-4340-8313-f577cdc100b6@group-EB36AF02516E-SegmentedRaftLogWorker: created new log segment /workdir/hadoop-ozone/tools/target/test-dir/MiniOzoneClusterImpl-ed893a3b-0dc1-4b26-80b9-38249be7af87/datanode-3/data/ratis/bb3e1b48-0df3-4fed-9ebf-eb36af02516e/current/log_inprogress_0
2019-09-25 12:04:12,375 [Thread-269] INFO  impl.FollowerState (FollowerState.java:run(106)) - a7b713c9-d145-43da-b168-eb086be0693a:group-0FACF5E36315 changes to CANDIDATE, lastRpcTime:5461, electionTimeout:5102ms
2019-09-25 12:04:12,377 [Thread-269] INFO  impl.RoleInfo (RoleInfo.java:shutdownFollowerState(121)) - a7b713c9-d145-43da-b168-eb086be0693a: shutdown FollowerState
2019-09-25 12:04:12,377 [Thread-269] INFO  impl.RaftServerImpl (RaftServerImpl.java:setRole(174)) - a7b713c9-d145-43da-b168-eb086be0693a@group-0FACF5E36315: changes role from  FOLLOWER to CANDIDATE at term 0 for changeToCandidate
2019-09-25 12:04:12,377 [Thread-269] INFO  impl.RoleInfo (RoleInfo.java:updateAndGet(143)) - a7b713c9-d145-43da-b168-eb086be0693a: start LeaderElection
2019-09-25 12:04:12,403 [a7b713c9-d145-43da-b168-eb086be0693a@group-0FACF5E36315:LeaderElection19] INFO  impl.LeaderElection (LeaderElection.java:askForVotes(182)) - a7b713c9-d145-43da-b168-eb086be0693a@group-0FACF5E36315:LeaderElection19: begin an election at term 1 for -1: [a7b713c9-d145-43da-b168-eb086be0693a:192.168.30.6:39159], old=null
2019-09-25 12:04:12,403 [a7b713c9-d145-43da-b168-eb086be0693a@group-0FACF5E36315:LeaderElection19] INFO  impl.RoleInfo (RoleInfo.java:shutdownLeaderElection(134)) - a7b713c9-d145-43da-b168-eb086be0693a: shutdown LeaderElection
2019-09-25 12:04:12,403 [a7b713c9-d145-43da-b168-eb086be0693a@group-0FACF5E36315:LeaderElection19] INFO  impl.RaftServerImpl (RaftServerImpl.java:setRole(174)) - a7b713c9-d145-43da-b168-eb086be0693a@group-0FACF5E36315: changes role from CANDIDATE to LEADER at term 1 for changeToLeader
2019-09-25 12:04:12,403 [a7b713c9-d145-43da-b168-eb086be0693a@group-0FACF5E36315:LeaderElection19] INFO  impl.RaftServerImpl (ServerState.java:setLeader(253)) - a7b713c9-d145-43da-b168-eb086be0693a@group-0FACF5E36315: change Leader from null to a7b713c9-d145-43da-b168-eb086be0693a at term 1 for becomeLeader, leader elected after 5496ms
2019-09-25 12:04:12,403 [a7b713c9-d145-43da-b168-eb086be0693a@group-0FACF5E36315:LeaderElection19] INFO  server.RaftServerConfigKeys (ConfUtils.java:logGet(43)) - raft.server.staging.catchup.gap = 1000 (default)
2019-09-25 12:04:12,403 [a7b713c9-d145-43da-b168-eb086be0693a@group-0FACF5E36315:LeaderElection19] INFO  server.RaftServerConfigKeys (ConfUtils.java:logGet(43)) - raft.server.rpc.sleep.time = 25ms (default)
2019-09-25 12:04:12,404 [a7b713c9-d145-43da-b168-eb086be0693a@group-0FACF5E36315:LeaderElection19] INFO  server.RaftServerConfigKeys (ConfUtils.java:logGet(43)) - raft.server.write.element-limit = 4096 (default)
2019-09-25 12:04:12,404 [a7b713c9-d145-43da-b168-eb086be0693a@group-0FACF5E36315:LeaderElection19] INFO  server.RaftServerConfigKeys (ConfUtils.java:logGet(43)) - raft.server.watch.timeout = 10s (default)
2019-09-25 12:04:12,404 [a7b713c9-d145-43da-b168-eb086be0693a@group-0FACF5E36315:LeaderElection19] INFO  server.RaftServerConfigKeys (ConfUtils.java:logGet(43)) - raft.server.watch.timeout.denomination = 1s (default)
2019-09-25 12:04:12,404 [a7b713c9-d145-43da-b168-eb086be0693a@group-0FACF5E36315:LeaderElection19] INFO  server.RaftServerConfigKeys (ConfUtils.java:logGet(43)) - raft.server.watch.element-limit = 65536 (default)
2019-09-25 12:04:12,407 [a7b713c9-d145-43da-b168-eb086be0693a@group-0FACF5E36315:LeaderElection19] INFO  impl.RoleInfo (RoleInfo.java:updateAndGet(143)) - a7b713c9-d145-43da-b168-eb086be0693a: start LeaderState
2019-09-25 12:04:12,407 [a7b713c9-d145-43da-b168-eb086be0693a@group-0FACF5E36315:LeaderElection19] INFO  segmented.SegmentedRaftLogWorker (SegmentedRaftLogWorker.java:startLogSegment(380)) - a7b713c9-d145-43da-b168-eb086be0693a@group-0FACF5E36315-SegmentedRaftLogWorker: Starting segment from index:0
2019-09-25 12:04:12,408 [a7b713c9-d145-43da-b168-eb086be0693a@group-0FACF5E36315:LeaderElection19] INFO  impl.RaftServerImpl (ServerState.java:setRaftConf(354)) - a7b713c9-d145-43da-b168-eb086be0693a@group-0FACF5E36315: set configuration 0: [a7b713c9-d145-43da-b168-eb086be0693a:192.168.30.6:39159], old=null at 0
2019-09-25 12:04:12,454 [a7b713c9-d145-43da-b168-eb086be0693a@group-0FACF5E36315-SegmentedRaftLogWorker] INFO  segmented.SegmentedRaftLogWorker (SegmentedRaftLogWorker.java:execute(569)) - a7b713c9-d145-43da-b168-eb086be0693a@group-0FACF5E36315-SegmentedRaftLogWorker: created new log segment /workdir/hadoop-ozone/tools/target/test-dir/MiniOzoneClusterImpl-ed893a3b-0dc1-4b26-80b9-38249be7af87/datanode-4/data/ratis/cc87d02a-713e-4947-9ffd-0facf5e36315/current/log_inprogress_0
2019-09-25 12:04:12,522 [Thread-275] INFO  impl.FollowerState (FollowerState.java:run(106)) - a7b713c9-d145-43da-b168-eb086be0693a:group-D6EAE68A4BDF changes to CANDIDATE, lastRpcTime:5062, electionTimeout:5062ms
2019-09-25 12:04:12,523 [Thread-275] INFO  impl.RoleInfo (RoleInfo.java:shutdownFollowerState(121)) - a7b713c9-d145-43da-b168-eb086be0693a: shutdown FollowerState
2019-09-25 12:04:12,523 [Thread-275] INFO  impl.RaftServerImpl (RaftServerImpl.java:setRole(174)) - a7b713c9-d145-43da-b168-eb086be0693a@group-D6EAE68A4BDF: changes role from  FOLLOWER to CANDIDATE at term 0 for changeToCandidate
2019-09-25 12:04:12,523 [Thread-275] INFO  impl.RoleInfo (RoleInfo.java:updateAndGet(143)) - a7b713c9-d145-43da-b168-eb086be0693a: start LeaderElection
2019-09-25 12:04:12,555 [a7b713c9-d145-43da-b168-eb086be0693a@group-D6EAE68A4BDF:LeaderElection20] INFO  impl.LeaderElection (LeaderElection.java:askForVotes(182)) - a7b713c9-d145-43da-b168-eb086be0693a@group-D6EAE68A4BDF:LeaderElection20: begin an election at term 1 for -1: [a7b713c9-d145-43da-b168-eb086be0693a:192.168.30.6:39159], old=null
2019-09-25 12:04:12,555 [a7b713c9-d145-43da-b168-eb086be0693a@group-D6EAE68A4BDF:LeaderElection20] INFO  impl.RoleInfo (RoleInfo.java:shutdownLeaderElection(134)) - a7b713c9-d145-43da-b168-eb086be0693a: shutdown LeaderElection
2019-09-25 12:04:12,555 [a7b713c9-d145-43da-b168-eb086be0693a@group-D6EAE68A4BDF:LeaderElection20] INFO  impl.RaftServerImpl (RaftServerImpl.java:setRole(174)) - a7b713c9-d145-43da-b168-eb086be0693a@group-D6EAE68A4BDF: changes role from CANDIDATE to LEADER at term 1 for changeToLeader
2019-09-25 12:04:12,555 [a7b713c9-d145-43da-b168-eb086be0693a@group-D6EAE68A4BDF:LeaderElection20] INFO  impl.RaftServerImpl (ServerState.java:setLeader(253)) - a7b713c9-d145-43da-b168-eb086be0693a@group-D6EAE68A4BDF: change Leader from null to a7b713c9-d145-43da-b168-eb086be0693a at term 1 for becomeLeader, leader elected after 5102ms
2019-09-25 12:04:12,555 [a7b713c9-d145-43da-b168-eb086be0693a@group-D6EAE68A4BDF:LeaderElection20] INFO  server.RaftServerConfigKeys (ConfUtils.java:logGet(43)) - raft.server.staging.catchup.gap = 1000 (default)
2019-09-25 12:04:12,556 [a7b713c9-d145-43da-b168-eb086be0693a@group-D6EAE68A4BDF:LeaderElection20] INFO  server.RaftServerConfigKeys (ConfUtils.java:logGet(43)) - raft.server.rpc.sleep.time = 25ms (default)
2019-09-25 12:04:12,556 [a7b713c9-d145-43da-b168-eb086be0693a@group-D6EAE68A4BDF:LeaderElection20] INFO  server.RaftServerConfigKeys (ConfUtils.java:logGet(43)) - raft.server.write.element-limit = 4096 (default)
2019-09-25 12:04:12,556 [a7b713c9-d145-43da-b168-eb086be0693a@group-D6EAE68A4BDF:LeaderElection20] INFO  server.RaftServerConfigKeys (ConfUtils.java:logGet(43)) - raft.server.watch.timeout = 10s (default)
2019-09-25 12:04:12,556 [a7b713c9-d145-43da-b168-eb086be0693a@group-D6EAE68A4BDF:LeaderElection20] INFO  server.RaftServerConfigKeys (ConfUtils.java:logGet(43)) - raft.server.watch.timeout.denomination = 1s (default)
2019-09-25 12:04:12,556 [a7b713c9-d145-43da-b168-eb086be0693a@group-D6EAE68A4BDF:LeaderElection20] INFO  server.RaftServerConfigKeys (ConfUtils.java:logGet(43)) - raft.server.watch.element-limit = 65536 (default)
2019-09-25 12:04:12,559 [a7b713c9-d145-43da-b168-eb086be0693a@group-D6EAE68A4BDF:LeaderElection20] INFO  impl.RoleInfo (RoleInfo.java:updateAndGet(143)) - a7b713c9-d145-43da-b168-eb086be0693a: start LeaderState
2019-09-25 12:04:12,559 [a7b713c9-d145-43da-b168-eb086be0693a@group-D6EAE68A4BDF:LeaderElection20] INFO  segmented.SegmentedRaftLogWorker (SegmentedRaftLogWorker.java:startLogSegment(380)) - a7b713c9-d145-43da-b168-eb086be0693a@group-D6EAE68A4BDF-SegmentedRaftLogWorker: Starting segment from index:0
2019-09-25 12:04:12,559 [a7b713c9-d145-43da-b168-eb086be0693a@group-D6EAE68A4BDF:LeaderElection20] INFO  impl.RaftServerImpl (ServerState.java:setRaftConf(354)) - a7b713c9-d145-43da-b168-eb086be0693a@group-D6EAE68A4BDF: set configuration 0: [a7b713c9-d145-43da-b168-eb086be0693a:192.168.30.6:39159], old=null at 0
2019-09-25 12:04:12,595 [Thread-272] INFO  impl.FollowerState (FollowerState.java:run(106)) - 26ee0107-1f2c-48c6-b68f-fb73f18a1c69:group-BB56110D4D77 changes to CANDIDATE, lastRpcTime:5204, electionTimeout:5198ms
2019-09-25 12:04:12,603 [Thread-272] INFO  impl.RoleInfo (RoleInfo.java:shutdownFollowerState(121)) - 26ee0107-1f2c-48c6-b68f-fb73f18a1c69: shutdown FollowerState
2019-09-25 12:04:12,603 [Thread-272] INFO  impl.RaftServerImpl (RaftServerImpl.java:setRole(174)) - 26ee0107-1f2c-48c6-b68f-fb73f18a1c69@group-BB56110D4D77: changes role from  FOLLOWER to CANDIDATE at term 0 for changeToCandidate
2019-09-25 12:04:12,603 [Thread-272] INFO  impl.RoleInfo (RoleInfo.java:updateAndGet(143)) - 26ee0107-1f2c-48c6-b68f-fb73f18a1c69: start LeaderElection
2019-09-25 12:04:12,627 [a7b713c9-d145-43da-b168-eb086be0693a@group-D6EAE68A4BDF-SegmentedRaftLogWorker] INFO  segmented.SegmentedRaftLogWorker (SegmentedRaftLogWorker.java:execute(569)) - a7b713c9-d145-43da-b168-eb086be0693a@group-D6EAE68A4BDF-SegmentedRaftLogWorker: created new log segment /workdir/hadoop-ozone/tools/target/test-dir/MiniOzoneClusterImpl-ed893a3b-0dc1-4b26-80b9-38249be7af87/datanode-4/data/ratis/84665a4c-6108-49b9-9ec3-d6eae68a4bdf/current/log_inprogress_0
2019-09-25 12:04:12,628 [26ee0107-1f2c-48c6-b68f-fb73f18a1c69@group-BB56110D4D77:LeaderElection21] INFO  impl.LeaderElection (LeaderElection.java:askForVotes(182)) - 26ee0107-1f2c-48c6-b68f-fb73f18a1c69@group-BB56110D4D77:LeaderElection21: begin an election at term 1 for -1: [26ee0107-1f2c-48c6-b68f-fb73f18a1c69:192.168.30.6:45618], old=null
2019-09-25 12:04:12,628 [26ee0107-1f2c-48c6-b68f-fb73f18a1c69@group-BB56110D4D77:LeaderElection21] INFO  impl.RoleInfo (RoleInfo.java:shutdownLeaderElection(134)) - 26ee0107-1f2c-48c6-b68f-fb73f18a1c69: shutdown LeaderElection
2019-09-25 12:04:12,628 [26ee0107-1f2c-48c6-b68f-fb73f18a1c69@group-BB56110D4D77:LeaderElection21] INFO  impl.RaftServerImpl (RaftServerImpl.java:setRole(174)) - 26ee0107-1f2c-48c6-b68f-fb73f18a1c69@group-BB56110D4D77: changes role from CANDIDATE to LEADER at term 1 for changeToLeader
2019-09-25 12:04:12,629 [26ee0107-1f2c-48c6-b68f-fb73f18a1c69@group-BB56110D4D77:LeaderElection21] INFO  impl.RaftServerImpl (ServerState.java:setLeader(253)) - 26ee0107-1f2c-48c6-b68f-fb73f18a1c69@group-BB56110D4D77: change Leader from null to 26ee0107-1f2c-48c6-b68f-fb73f18a1c69 at term 1 for becomeLeader, leader elected after 5244ms
2019-09-25 12:04:12,629 [26ee0107-1f2c-48c6-b68f-fb73f18a1c69@group-BB56110D4D77:LeaderElection21] INFO  server.RaftServerConfigKeys (ConfUtils.java:logGet(43)) - raft.server.staging.catchup.gap = 1000 (default)
2019-09-25 12:04:12,629 [26ee0107-1f2c-48c6-b68f-fb73f18a1c69@group-BB56110D4D77:LeaderElection21] INFO  server.RaftServerConfigKeys (ConfUtils.java:logGet(43)) - raft.server.rpc.sleep.time = 25ms (default)
2019-09-25 12:04:12,629 [26ee0107-1f2c-48c6-b68f-fb73f18a1c69@group-BB56110D4D77:LeaderElection21] INFO  server.RaftServerConfigKeys (ConfUtils.java:logGet(43)) - raft.server.write.element-limit = 4096 (default)
2019-09-25 12:04:12,629 [26ee0107-1f2c-48c6-b68f-fb73f18a1c69@group-BB56110D4D77:LeaderElection21] INFO  server.RaftServerConfigKeys (ConfUtils.java:logGet(43)) - raft.server.watch.timeout = 10s (default)
2019-09-25 12:04:12,630 [26ee0107-1f2c-48c6-b68f-fb73f18a1c69@group-BB56110D4D77:LeaderElection21] INFO  server.RaftServerConfigKeys (ConfUtils.java:logGet(43)) - raft.server.watch.timeout.denomination = 1s (default)
2019-09-25 12:04:12,630 [26ee0107-1f2c-48c6-b68f-fb73f18a1c69@group-BB56110D4D77:LeaderElection21] INFO  server.RaftServerConfigKeys (ConfUtils.java:logGet(43)) - raft.server.watch.element-limit = 65536 (default)
2019-09-25 12:04:12,633 [26ee0107-1f2c-48c6-b68f-fb73f18a1c69@group-BB56110D4D77:LeaderElection21] INFO  impl.RoleInfo (RoleInfo.java:updateAndGet(143)) - 26ee0107-1f2c-48c6-b68f-fb73f18a1c69: start LeaderState
2019-09-25 12:04:12,633 [26ee0107-1f2c-48c6-b68f-fb73f18a1c69@group-BB56110D4D77:LeaderElection21] INFO  segmented.SegmentedRaftLogWorker (SegmentedRaftLogWorker.java:startLogSegment(380)) - 26ee0107-1f2c-48c6-b68f-fb73f18a1c69@group-BB56110D4D77-SegmentedRaftLogWorker: Starting segment from index:0
2019-09-25 12:04:12,634 [26ee0107-1f2c-48c6-b68f-fb73f18a1c69@group-BB56110D4D77:LeaderElection21] INFO  impl.RaftServerImpl (ServerState.java:setRaftConf(354)) - 26ee0107-1f2c-48c6-b68f-fb73f18a1c69@group-BB56110D4D77: set configuration 0: [26ee0107-1f2c-48c6-b68f-fb73f18a1c69:192.168.30.6:45618], old=null at 0
2019-09-25 12:04:12,671 [Thread-278] INFO  impl.FollowerState (FollowerState.java:run(106)) - a7b713c9-d145-43da-b168-eb086be0693a:group-9D07A1487B10 changes to CANDIDATE, lastRpcTime:5145, electionTimeout:5145ms
2019-09-25 12:04:12,672 [Thread-278] INFO  impl.RoleInfo (RoleInfo.java:shutdownFollowerState(121)) - a7b713c9-d145-43da-b168-eb086be0693a: shutdown FollowerState
2019-09-25 12:04:12,672 [Thread-278] INFO  impl.RaftServerImpl (RaftServerImpl.java:setRole(174)) - a7b713c9-d145-43da-b168-eb086be0693a@group-9D07A1487B10: changes role from  FOLLOWER to CANDIDATE at term 0 for changeToCandidate
2019-09-25 12:04:12,672 [Thread-278] INFO  impl.RoleInfo (RoleInfo.java:updateAndGet(143)) - a7b713c9-d145-43da-b168-eb086be0693a: start LeaderElection
2019-09-25 12:04:12,696 [26ee0107-1f2c-48c6-b68f-fb73f18a1c69@group-BB56110D4D77-SegmentedRaftLogWorker] INFO  segmented.SegmentedRaftLogWorker (SegmentedRaftLogWorker.java:execute(569)) - 26ee0107-1f2c-48c6-b68f-fb73f18a1c69@group-BB56110D4D77-SegmentedRaftLogWorker: created new log segment /workdir/hadoop-ozone/tools/target/test-dir/MiniOzoneClusterImpl-ed893a3b-0dc1-4b26-80b9-38249be7af87/datanode-2/data/ratis/8b2315f1-69e9-4bf5-b91c-bb56110d4d77/current/log_inprogress_0
2019-09-25 12:04:12,696 [a7b713c9-d145-43da-b168-eb086be0693a@group-9D07A1487B10:LeaderElection22] INFO  impl.LeaderElection (LeaderElection.java:askForVotes(182)) - a7b713c9-d145-43da-b168-eb086be0693a@group-9D07A1487B10:LeaderElection22: begin an election at term 1 for -1: [a7b713c9-d145-43da-b168-eb086be0693a:192.168.30.6:39159], old=null
2019-09-25 12:04:12,696 [a7b713c9-d145-43da-b168-eb086be0693a@group-9D07A1487B10:LeaderElection22] INFO  impl.RoleInfo (RoleInfo.java:shutdownLeaderElection(134)) - a7b713c9-d145-43da-b168-eb086be0693a: shutdown LeaderElection
2019-09-25 12:04:12,696 [a7b713c9-d145-43da-b168-eb086be0693a@group-9D07A1487B10:LeaderElection22] INFO  impl.RaftServerImpl (RaftServerImpl.java:setRole(174)) - a7b713c9-d145-43da-b168-eb086be0693a@group-9D07A1487B10: changes role from CANDIDATE to LEADER at term 1 for changeToLeader
2019-09-25 12:04:12,696 [a7b713c9-d145-43da-b168-eb086be0693a@group-9D07A1487B10:LeaderElection22] INFO  impl.RaftServerImpl (ServerState.java:setLeader(253)) - a7b713c9-d145-43da-b168-eb086be0693a@group-9D07A1487B10: change Leader from null to a7b713c9-d145-43da-b168-eb086be0693a at term 1 for becomeLeader, leader elected after 5178ms
2019-09-25 12:04:12,697 [a7b713c9-d145-43da-b168-eb086be0693a@group-9D07A1487B10:LeaderElection22] INFO  server.RaftServerConfigKeys (ConfUtils.java:logGet(43)) - raft.server.staging.catchup.gap = 1000 (default)
2019-09-25 12:04:12,697 [a7b713c9-d145-43da-b168-eb086be0693a@group-9D07A1487B10:LeaderElection22] INFO  server.RaftServerConfigKeys (ConfUtils.java:logGet(43)) - raft.server.rpc.sleep.time = 25ms (default)
2019-09-25 12:04:12,697 [a7b713c9-d145-43da-b168-eb086be0693a@group-9D07A1487B10:LeaderElection22] INFO  server.RaftServerConfigKeys (ConfUtils.java:logGet(43)) - raft.server.write.element-limit = 4096 (default)
2019-09-25 12:04:12,697 [a7b713c9-d145-43da-b168-eb086be0693a@group-9D07A1487B10:LeaderElection22] INFO  server.RaftServerConfigKeys (ConfUtils.java:logGet(43)) - raft.server.watch.timeout = 10s (default)
2019-09-25 12:04:12,697 [a7b713c9-d145-43da-b168-eb086be0693a@group-9D07A1487B10:LeaderElection22] INFO  server.RaftServerConfigKeys (ConfUtils.java:logGet(43)) - raft.server.watch.timeout.denomination = 1s (default)
2019-09-25 12:04:12,697 [a7b713c9-d145-43da-b168-eb086be0693a@group-9D07A1487B10:LeaderElection22] INFO  server.RaftServerConfigKeys (ConfUtils.java:logGet(43)) - raft.server.watch.element-limit = 65536 (default)
2019-09-25 12:04:12,700 [a7b713c9-d145-43da-b168-eb086be0693a@group-9D07A1487B10:LeaderElection22] INFO  impl.RoleInfo (RoleInfo.java:updateAndGet(143)) - a7b713c9-d145-43da-b168-eb086be0693a: start LeaderState
2019-09-25 12:04:12,700 [a7b713c9-d145-43da-b168-eb086be0693a@group-9D07A1487B10:LeaderElection22] INFO  segmented.SegmentedRaftLogWorker (SegmentedRaftLogWorker.java:startLogSegment(380)) - a7b713c9-d145-43da-b168-eb086be0693a@group-9D07A1487B10-SegmentedRaftLogWorker: Starting segment from index:0
2019-09-25 12:04:12,701 [a7b713c9-d145-43da-b168-eb086be0693a@group-9D07A1487B10:LeaderElection22] INFO  impl.RaftServerImpl (ServerState.java:setRaftConf(354)) - a7b713c9-d145-43da-b168-eb086be0693a@group-9D07A1487B10: set configuration 0: [a7b713c9-d145-43da-b168-eb086be0693a:192.168.30.6:39159], old=null at 0
 100.00% |█████████████████████████████████████████████████████████████████████████████████████████████████████|  1/1 Time: 0:00:06
2019-09-25 12:04:12,738 [Thread-281] INFO  impl.FollowerState (FollowerState.java:run(106)) - db9a1ebc-bc0c-4bed-8f15-d50f9a658f38:group-9C8973258FF7 changes to CANDIDATE, lastRpcTime:5161, electionTimeout:5141ms
2019-09-25 12:04:12,738 [Thread-281] INFO  impl.RoleInfo (RoleInfo.java:shutdownFollowerState(121)) - db9a1ebc-bc0c-4bed-8f15-d50f9a658f38: shutdown FollowerState
2019-09-25 12:04:12,739 [Thread-281] INFO  impl.RaftServerImpl (RaftServerImpl.java:setRole(174)) - db9a1ebc-bc0c-4bed-8f15-d50f9a658f38@group-9C8973258FF7: changes role from  FOLLOWER to CANDIDATE at term 0 for changeToCandidate
2019-09-25 12:04:12,739 [Thread-281] INFO  impl.RoleInfo (RoleInfo.java:updateAndGet(143)) - db9a1ebc-bc0c-4bed-8f15-d50f9a658f38: start LeaderElection
2019-09-25 12:04:12,747 [Thread-290] INFO  impl.FollowerState (FollowerState.java:run(106)) - db9a1ebc-bc0c-4bed-8f15-d50f9a658f38:group-4704E0B1C3C6 changes to CANDIDATE, lastRpcTime:5008, electionTimeout:5008ms
2019-09-25 12:04:12,747 [Thread-290] INFO  impl.RoleInfo (RoleInfo.java:shutdownFollowerState(121)) - db9a1ebc-bc0c-4bed-8f15-d50f9a658f38: shutdown FollowerState
2019-09-25 12:04:12,747 [Thread-290] INFO  impl.RaftServerImpl (RaftServerImpl.java:setRole(174)) - db9a1ebc-bc0c-4bed-8f15-d50f9a658f38@group-4704E0B1C3C6: changes role from  FOLLOWER to CANDIDATE at term 0 for changeToCandidate
2019-09-25 12:04:12,747 [Thread-290] INFO  impl.RoleInfo (RoleInfo.java:updateAndGet(143)) - db9a1ebc-bc0c-4bed-8f15-d50f9a658f38: start LeaderElection
2019-09-25 12:04:12,750 [a7b713c9-d145-43da-b168-eb086be0693a@group-9D07A1487B10-SegmentedRaftLogWorker] INFO  segmented.SegmentedRaftLogWorker (SegmentedRaftLogWorker.java:execute(569)) - a7b713c9-d145-43da-b168-eb086be0693a@group-9D07A1487B10-SegmentedRaftLogWorker: created new log segment /workdir/hadoop-ozone/tools/target/test-dir/MiniOzoneClusterImpl-ed893a3b-0dc1-4b26-80b9-38249be7af87/datanode-4/data/ratis/59932331-258c-4a01-b050-9d07a1487b10/current/log_inprogress_0
2019-09-25 12:04:12,751 [db9a1ebc-bc0c-4bed-8f15-d50f9a658f38@group-9C8973258FF7:LeaderElection23] INFO  impl.LeaderElection (LeaderElection.java:askForVotes(182)) - db9a1ebc-bc0c-4bed-8f15-d50f9a658f38@group-9C8973258FF7:LeaderElection23: begin an election at term 1 for -1: [db9a1ebc-bc0c-4bed-8f15-d50f9a658f38:192.168.30.6:39349], old=null
2019-09-25 12:04:12,751 [db9a1ebc-bc0c-4bed-8f15-d50f9a658f38@group-9C8973258FF7:LeaderElection23] INFO  impl.RoleInfo (RoleInfo.java:shutdownLeaderElection(134)) - db9a1ebc-bc0c-4bed-8f15-d50f9a658f38: shutdown LeaderElection
2019-09-25 12:04:12,751 [db9a1ebc-bc0c-4bed-8f15-d50f9a658f38@group-9C8973258FF7:LeaderElection23] INFO  impl.RaftServerImpl (RaftServerImpl.java:setRole(174)) - db9a1ebc-bc0c-4bed-8f15-d50f9a658f38@group-9C8973258FF7: changes role from CANDIDATE to LEADER at term 1 for changeToLeader
2019-09-25 12:04:12,751 [db9a1ebc-bc0c-4bed-8f15-d50f9a658f38@group-9C8973258FF7:LeaderElection23] INFO  impl.RaftServerImpl (ServerState.java:setLeader(253)) - db9a1ebc-bc0c-4bed-8f15-d50f9a658f38@group-9C8973258FF7: change Leader from null to db9a1ebc-bc0c-4bed-8f15-d50f9a658f38 at term 1 for becomeLeader, leader elected after 5181ms
2019-09-25 12:04:12,752 [db9a1ebc-bc0c-4bed-8f15-d50f9a658f38@group-9C8973258FF7:LeaderElection23] INFO  server.RaftServerConfigKeys (ConfUtils.java:logGet(43)) - raft.server.staging.catchup.gap = 1000 (default)
2019-09-25 12:04:12,752 [db9a1ebc-bc0c-4bed-8f15-d50f9a658f38@group-9C8973258FF7:LeaderElection23] INFO  server.RaftServerConfigKeys (ConfUtils.java:logGet(43)) - raft.server.rpc.sleep.time = 25ms (default)
2019-09-25 12:04:12,752 [db9a1ebc-bc0c-4bed-8f15-d50f9a658f38@group-9C8973258FF7:LeaderElection23] INFO  server.RaftServerConfigKeys (ConfUtils.java:logGet(43)) - raft.server.write.element-limit = 4096 (default)
2019-09-25 12:04:12,752 [db9a1ebc-bc0c-4bed-8f15-d50f9a658f38@group-9C8973258FF7:LeaderElection23] INFO  server.RaftServerConfigKeys (ConfUtils.java:logGet(43)) - raft.server.watch.timeout = 10s (default)
2019-09-25 12:04:12,752 [db9a1ebc-bc0c-4bed-8f15-d50f9a658f38@group-9C8973258FF7:LeaderElection23] INFO  server.RaftServerConfigKeys (ConfUtils.java:logGet(43)) - raft.server.watch.timeout.denomination = 1s (default)
2019-09-25 12:04:12,752 [db9a1ebc-bc0c-4bed-8f15-d50f9a658f38@group-9C8973258FF7:LeaderElection23] INFO  server.RaftServerConfigKeys (ConfUtils.java:logGet(43)) - raft.server.watch.element-limit = 65536 (default)
2019-09-25 12:04:12,754 [db9a1ebc-bc0c-4bed-8f15-d50f9a658f38@group-4704E0B1C3C6:LeaderElection24] INFO  impl.LeaderElection (LeaderElection.java:askForVotes(182)) - db9a1ebc-bc0c-4bed-8f15-d50f9a658f38@group-4704E0B1C3C6:LeaderElection24: begin an election at term 1 for -1: [db9a1ebc-bc0c-4bed-8f15-d50f9a658f38:192.168.30.6:39349], old=null
2019-09-25 12:04:12,754 [db9a1ebc-bc0c-4bed-8f15-d50f9a658f38@group-4704E0B1C3C6:LeaderElection24] INFO  impl.RoleInfo (RoleInfo.java:shutdownLeaderElection(134)) - db9a1ebc-bc0c-4bed-8f15-d50f9a658f38: shutdown LeaderElection
2019-09-25 12:04:12,754 [db9a1ebc-bc0c-4bed-8f15-d50f9a658f38@group-4704E0B1C3C6:LeaderElection24] INFO  impl.RaftServerImpl (RaftServerImpl.java:setRole(174)) - db9a1ebc-bc0c-4bed-8f15-d50f9a658f38@group-4704E0B1C3C6: changes role from CANDIDATE to LEADER at term 1 for changeToLeader
2019-09-25 12:04:12,754 [db9a1ebc-bc0c-4bed-8f15-d50f9a658f38@group-4704E0B1C3C6:LeaderElection24] INFO  impl.RaftServerImpl (ServerState.java:setLeader(253)) - db9a1ebc-bc0c-4bed-8f15-d50f9a658f38@group-4704E0B1C3C6: change Leader from null to db9a1ebc-bc0c-4bed-8f15-d50f9a658f38 at term 1 for becomeLeader, leader elected after 5022ms
2019-09-25 12:04:12,754 [db9a1ebc-bc0c-4bed-8f15-d50f9a658f38@group-4704E0B1C3C6:LeaderElection24] INFO  server.RaftServerConfigKeys (ConfUtils.java:logGet(43)) - raft.server.staging.catchup.gap = 1000 (default)
2019-09-25 12:04:12,754 [db9a1ebc-bc0c-4bed-8f15-d50f9a658f38@group-4704E0B1C3C6:LeaderElection24] INFO  server.RaftServerConfigKeys (ConfUtils.java:logGet(43)) - raft.server.rpc.sleep.time = 25ms (default)
2019-09-25 12:04:12,754 [db9a1ebc-bc0c-4bed-8f15-d50f9a658f38@group-4704E0B1C3C6:LeaderElection24] INFO  server.RaftServerConfigKeys (ConfUtils.java:logGet(43)) - raft.server.write.element-limit = 4096 (default)
2019-09-25 12:04:12,755 [db9a1ebc-bc0c-4bed-8f15-d50f9a658f38@group-4704E0B1C3C6:LeaderElection24] INFO  server.RaftServerConfigKeys (ConfUtils.java:logGet(43)) - raft.server.watch.timeout = 10s (default)
]]></system-out>
  </testcase>
  <testcase name="standaloneTestLargeKey" classname="org.apache.hadoop.ozone.freon.TestDataValidateWithDummyContainers" time="5.1">
    <error message="Allocated 0 blocks. Requested 5 blocks" type="INTERNAL_ERROR org.apache.hadoop.ozone.om.exceptions.OMException">INTERNAL_ERROR org.apache.hadoop.ozone.om.exceptions.OMException: Allocated 0 blocks. Requested 5 blocks
	at org.apache.hadoop.ozone.om.protocolPB.OzoneManagerProtocolClientSideTranslatorPB.handleError(OzoneManagerProtocolClientSideTranslatorPB.java:732)
	at org.apache.hadoop.ozone.om.protocolPB.OzoneManagerProtocolClientSideTranslatorPB.openKey(OzoneManagerProtocolClientSideTranslatorPB.java:723)
	at sun.reflect.NativeMethodAccessorImpl.invoke0(Native Method)
	at sun.reflect.NativeMethodAccessorImpl.invoke(NativeMethodAccessorImpl.java:62)
	at sun.reflect.DelegatingMethodAccessorImpl.invoke(DelegatingMethodAccessorImpl.java:43)
	at java.lang.reflect.Method.invoke(Method.java:498)
	at org.apache.hadoop.hdds.tracing.TraceAllMethod.invoke(TraceAllMethod.java:66)
	at com.sun.proxy.$Proxy37.openKey(Unknown Source)
	at org.apache.hadoop.ozone.client.rpc.RpcClient.createKey(RpcClient.java:614)
	at org.apache.hadoop.ozone.client.OzoneBucket.createKey(OzoneBucket.java:325)
	at org.apache.hadoop.ozone.freon.RandomKeyGenerator.createKey(RandomKeyGenerator.java:695)
	at org.apache.hadoop.ozone.freon.RandomKeyGenerator.access$1100(RandomKeyGenerator.java:88)
	at org.apache.hadoop.ozone.freon.RandomKeyGenerator$ObjectCreator.run(RandomKeyGenerator.java:615)
	at java.util.concurrent.Executors$RunnableAdapter.call(Executors.java:511)
	at java.util.concurrent.FutureTask.run(FutureTask.java:266)
	at java.util.concurrent.ThreadPoolExecutor.runWorker(ThreadPoolExecutor.java:1149)
	at java.util.concurrent.ThreadPoolExecutor$Worker.run(ThreadPoolExecutor.java:624)
	at java.lang.Thread.run(Thread.java:748)
</error>
    <system-out><![CDATA[2019-09-25 12:04:12,755 [db9a1ebc-bc0c-4bed-8f15-d50f9a658f38@group-4704E0B1C3C6:LeaderElection24] INFO  server.RaftServerConfigKeys (ConfUtils.java:logGet(43)) - raft.server.watch.timeout.denomination = 1s (default)
2019-09-25 12:04:12,755 [db9a1ebc-bc0c-4bed-8f15-d50f9a658f38@group-4704E0B1C3C6:LeaderElection24] INFO  server.RaftServerConfigKeys (ConfUtils.java:logGet(43)) - raft.server.watch.element-limit = 65536 (default)
2019-09-25 12:04:12,755 [db9a1ebc-bc0c-4bed-8f15-d50f9a658f38@group-9C8973258FF7:LeaderElection23] INFO  impl.RoleInfo (RoleInfo.java:updateAndGet(143)) - db9a1ebc-bc0c-4bed-8f15-d50f9a658f38: start LeaderState
2019-09-25 12:04:12,755 [main] INFO  freon.RandomKeyGenerator (RandomKeyGenerator.java:call(258)) - Override validateWrites to false, because hdds.container.chunk.persistdata is set to false.
2019-09-25 12:04:12,755 [db9a1ebc-bc0c-4bed-8f15-d50f9a658f38@group-9C8973258FF7:LeaderElection23] INFO  segmented.SegmentedRaftLogWorker (SegmentedRaftLogWorker.java:startLogSegment(380)) - db9a1ebc-bc0c-4bed-8f15-d50f9a658f38@group-9C8973258FF7-SegmentedRaftLogWorker: Starting segment from index:0
2019-09-25 12:04:12,756 [db9a1ebc-bc0c-4bed-8f15-d50f9a658f38@group-9C8973258FF7:LeaderElection23] INFO  impl.RaftServerImpl (ServerState.java:setRaftConf(354)) - db9a1ebc-bc0c-4bed-8f15-d50f9a658f38@group-9C8973258FF7: set configuration 0: [db9a1ebc-bc0c-4bed-8f15-d50f9a658f38:192.168.30.6:39349], old=null at 0
2019-09-25 12:04:12,794 [db9a1ebc-bc0c-4bed-8f15-d50f9a658f38@group-4704E0B1C3C6:LeaderElection24] INFO  impl.RoleInfo (RoleInfo.java:updateAndGet(143)) - db9a1ebc-bc0c-4bed-8f15-d50f9a658f38: start LeaderState
2019-09-25 12:04:12,794 [db9a1ebc-bc0c-4bed-8f15-d50f9a658f38@group-4704E0B1C3C6:LeaderElection24] INFO  segmented.SegmentedRaftLogWorker (SegmentedRaftLogWorker.java:startLogSegment(380)) - db9a1ebc-bc0c-4bed-8f15-d50f9a658f38@group-4704E0B1C3C6-SegmentedRaftLogWorker: Starting segment from index:0
2019-09-25 12:04:12,795 [db9a1ebc-bc0c-4bed-8f15-d50f9a658f38@group-4704E0B1C3C6:LeaderElection24] INFO  impl.RaftServerImpl (ServerState.java:setRaftConf(354)) - db9a1ebc-bc0c-4bed-8f15-d50f9a658f38@group-4704E0B1C3C6: set configuration 0: [db9a1ebc-bc0c-4bed-8f15-d50f9a658f38:192.168.30.6:39349], old=null at 0
2019-09-25 12:04:12,833 [Thread-284] INFO  impl.FollowerState (FollowerState.java:run(106)) - 26ee0107-1f2c-48c6-b68f-fb73f18a1c69:group-D23307770A1B changes to CANDIDATE, lastRpcTime:5201, electionTimeout:5198ms
2019-09-25 12:04:12,833 [db9a1ebc-bc0c-4bed-8f15-d50f9a658f38@group-9C8973258FF7-SegmentedRaftLogWorker] INFO  segmented.SegmentedRaftLogWorker (SegmentedRaftLogWorker.java:execute(569)) - db9a1ebc-bc0c-4bed-8f15-d50f9a658f38@group-9C8973258FF7-SegmentedRaftLogWorker: created new log segment /workdir/hadoop-ozone/tools/target/test-dir/MiniOzoneClusterImpl-ed893a3b-0dc1-4b26-80b9-38249be7af87/datanode-1/data/ratis/d28775a1-c904-4ca5-b4ac-9c8973258ff7/current/log_inprogress_0
2019-09-25 12:04:12,834 [Thread-284] INFO  impl.RoleInfo (RoleInfo.java:shutdownFollowerState(121)) - 26ee0107-1f2c-48c6-b68f-fb73f18a1c69: shutdown FollowerState
2019-09-25 12:04:12,834 [Thread-284] INFO  impl.RaftServerImpl (RaftServerImpl.java:setRole(174)) - 26ee0107-1f2c-48c6-b68f-fb73f18a1c69@group-D23307770A1B: changes role from  FOLLOWER to CANDIDATE at term 0 for changeToCandidate
2019-09-25 12:04:12,834 [Thread-284] INFO  impl.RoleInfo (RoleInfo.java:updateAndGet(143)) - 26ee0107-1f2c-48c6-b68f-fb73f18a1c69: start LeaderElection
2019-09-25 12:04:12,846 [main] INFO  freon.RandomKeyGenerator (RandomKeyGenerator.java:call(283)) - Number of Threads: 10
2019-09-25 12:04:12,847 [main] INFO  freon.RandomKeyGenerator (RandomKeyGenerator.java:call(288)) - Number of Volumes: 1.
2019-09-25 12:04:12,847 [main] INFO  freon.RandomKeyGenerator (RandomKeyGenerator.java:call(289)) - Number of Buckets per Volume: 1.
2019-09-25 12:04:12,847 [main] INFO  freon.RandomKeyGenerator (RandomKeyGenerator.java:call(290)) - Number of Keys per Bucket: 1.
2019-09-25 12:04:12,847 [main] INFO  freon.RandomKeyGenerator (RandomKeyGenerator.java:call(291)) - Key size: 20971520 bytes
2019-09-25 12:04:12,847 [main] INFO  freon.RandomKeyGenerator (RandomKeyGenerator.java:call(292)) - Buffer size: 4096 bytes
2019-09-25 12:04:12,848 [main] INFO  freon.RandomKeyGenerator (RandomKeyGenerator.java:call(293)) - validateWrites : false
2019-09-25 12:04:12,849 [pool-74-thread-1] INFO  rpc.RpcClient (RpcClient.java:createVolume(276)) - Creating Volume: vol-0-52277, with jenkins1000 as owner.
2019-09-25 12:04:12,851 [main] INFO  freon.RandomKeyGenerator (RandomKeyGenerator.java:call(313)) - Starting progress bar Thread.

 0.00% |█                                                                                                    |  0/1 Time: 0:00:002019-09-25 12:04:12,854 [IPC Server handler 1 on 43868] INFO  volume.OMVolumeCreateRequest (OMVolumeCreateRequest.java:validateAndUpdateCache(189)) - created volume:vol-0-52277 for user:jenkins1000
2019-09-25 12:04:12,858 [db9a1ebc-bc0c-4bed-8f15-d50f9a658f38@group-4704E0B1C3C6-SegmentedRaftLogWorker] INFO  segmented.SegmentedRaftLogWorker (SegmentedRaftLogWorker.java:execute(569)) - db9a1ebc-bc0c-4bed-8f15-d50f9a658f38@group-4704E0B1C3C6-SegmentedRaftLogWorker: created new log segment /workdir/hadoop-ozone/tools/target/test-dir/MiniOzoneClusterImpl-ed893a3b-0dc1-4b26-80b9-38249be7af87/datanode-1/data/ratis/7d4ad670-5623-4d78-8d51-4704e0b1c3c6/current/log_inprogress_0
2019-09-25 12:04:12,858 [26ee0107-1f2c-48c6-b68f-fb73f18a1c69@group-D23307770A1B:LeaderElection25] INFO  impl.LeaderElection (LeaderElection.java:askForVotes(182)) - 26ee0107-1f2c-48c6-b68f-fb73f18a1c69@group-D23307770A1B:LeaderElection25: begin an election at term 1 for -1: [26ee0107-1f2c-48c6-b68f-fb73f18a1c69:192.168.30.6:45618], old=null
2019-09-25 12:04:12,858 [26ee0107-1f2c-48c6-b68f-fb73f18a1c69@group-D23307770A1B:LeaderElection25] INFO  impl.RoleInfo (RoleInfo.java:shutdownLeaderElection(134)) - 26ee0107-1f2c-48c6-b68f-fb73f18a1c69: shutdown LeaderElection
2019-09-25 12:04:12,859 [26ee0107-1f2c-48c6-b68f-fb73f18a1c69@group-D23307770A1B:LeaderElection25] INFO  impl.RaftServerImpl (RaftServerImpl.java:setRole(174)) - 26ee0107-1f2c-48c6-b68f-fb73f18a1c69@group-D23307770A1B: changes role from CANDIDATE to LEADER at term 1 for changeToLeader
2019-09-25 12:04:12,859 [26ee0107-1f2c-48c6-b68f-fb73f18a1c69@group-D23307770A1B:LeaderElection25] INFO  impl.RaftServerImpl (ServerState.java:setLeader(253)) - 26ee0107-1f2c-48c6-b68f-fb73f18a1c69@group-D23307770A1B: change Leader from null to 26ee0107-1f2c-48c6-b68f-fb73f18a1c69 at term 1 for becomeLeader, leader elected after 5234ms
2019-09-25 12:04:12,859 [26ee0107-1f2c-48c6-b68f-fb73f18a1c69@group-D23307770A1B:LeaderElection25] INFO  server.RaftServerConfigKeys (ConfUtils.java:logGet(43)) - raft.server.staging.catchup.gap = 1000 (default)
2019-09-25 12:04:12,862 [26ee0107-1f2c-48c6-b68f-fb73f18a1c69@group-D23307770A1B:LeaderElection25] INFO  server.RaftServerConfigKeys (ConfUtils.java:logGet(43)) - raft.server.rpc.sleep.time = 25ms (default)
2019-09-25 12:04:12,863 [26ee0107-1f2c-48c6-b68f-fb73f18a1c69@group-D23307770A1B:LeaderElection25] INFO  server.RaftServerConfigKeys (ConfUtils.java:logGet(43)) - raft.server.write.element-limit = 4096 (default)
2019-09-25 12:04:12,863 [26ee0107-1f2c-48c6-b68f-fb73f18a1c69@group-D23307770A1B:LeaderElection25] INFO  server.RaftServerConfigKeys (ConfUtils.java:logGet(43)) - raft.server.watch.timeout = 10s (default)
2019-09-25 12:04:12,863 [26ee0107-1f2c-48c6-b68f-fb73f18a1c69@group-D23307770A1B:LeaderElection25] INFO  server.RaftServerConfigKeys (ConfUtils.java:logGet(43)) - raft.server.watch.timeout.denomination = 1s (default)
2019-09-25 12:04:12,863 [26ee0107-1f2c-48c6-b68f-fb73f18a1c69@group-D23307770A1B:LeaderElection25] INFO  server.RaftServerConfigKeys (ConfUtils.java:logGet(43)) - raft.server.watch.element-limit = 65536 (default)
2019-09-25 12:04:12,866 [26ee0107-1f2c-48c6-b68f-fb73f18a1c69@group-D23307770A1B:LeaderElection25] INFO  impl.RoleInfo (RoleInfo.java:updateAndGet(143)) - 26ee0107-1f2c-48c6-b68f-fb73f18a1c69: start LeaderState
2019-09-25 12:04:12,866 [26ee0107-1f2c-48c6-b68f-fb73f18a1c69@group-D23307770A1B:LeaderElection25] INFO  segmented.SegmentedRaftLogWorker (SegmentedRaftLogWorker.java:startLogSegment(380)) - 26ee0107-1f2c-48c6-b68f-fb73f18a1c69@group-D23307770A1B-SegmentedRaftLogWorker: Starting segment from index:0
2019-09-25 12:04:12,867 [26ee0107-1f2c-48c6-b68f-fb73f18a1c69@group-D23307770A1B:LeaderElection25] INFO  impl.RaftServerImpl (ServerState.java:setRaftConf(354)) - 26ee0107-1f2c-48c6-b68f-fb73f18a1c69@group-D23307770A1B: set configuration 0: [26ee0107-1f2c-48c6-b68f-fb73f18a1c69:192.168.30.6:45618], old=null at 0
2019-09-25 12:04:12,905 [Thread-287] INFO  impl.FollowerState (FollowerState.java:run(106)) - 26ee0107-1f2c-48c6-b68f-fb73f18a1c69:group-D4315058A9E5 changes to CANDIDATE, lastRpcTime:5220, electionTimeout:5195ms
2019-09-25 12:04:12,905 [Thread-287] INFO  impl.RoleInfo (RoleInfo.java:shutdownFollowerState(121)) - 26ee0107-1f2c-48c6-b68f-fb73f18a1c69: shutdown FollowerState
2019-09-25 12:04:12,905 [Thread-287] INFO  impl.RaftServerImpl (RaftServerImpl.java:setRole(174)) - 26ee0107-1f2c-48c6-b68f-fb73f18a1c69@group-D4315058A9E5: changes role from  FOLLOWER to CANDIDATE at term 0 for changeToCandidate
2019-09-25 12:04:12,905 [Thread-287] INFO  impl.RoleInfo (RoleInfo.java:updateAndGet(143)) - 26ee0107-1f2c-48c6-b68f-fb73f18a1c69: start LeaderElection
2019-09-25 12:04:12,906 [pool-74-thread-2] INFO  rpc.RpcClient (RpcClient.java:createBucket(415)) - Creating Bucket: vol-0-52277/bucket-0-22465, with Versioning false and Storage Type set to DISK and Encryption set to false 
2019-09-25 12:04:12,918 [26ee0107-1f2c-48c6-b68f-fb73f18a1c69@group-D23307770A1B-SegmentedRaftLogWorker] INFO  segmented.SegmentedRaftLogWorker (SegmentedRaftLogWorker.java:execute(569)) - 26ee0107-1f2c-48c6-b68f-fb73f18a1c69@group-D23307770A1B-SegmentedRaftLogWorker: created new log segment /workdir/hadoop-ozone/tools/target/test-dir/MiniOzoneClusterImpl-ed893a3b-0dc1-4b26-80b9-38249be7af87/datanode-2/data/ratis/696ae144-693e-430c-98f9-d23307770a1b/current/log_inprogress_0
2019-09-25 12:04:12,918 [26ee0107-1f2c-48c6-b68f-fb73f18a1c69@group-D4315058A9E5:LeaderElection26] INFO  impl.LeaderElection (LeaderElection.java:askForVotes(182)) - 26ee0107-1f2c-48c6-b68f-fb73f18a1c69@group-D4315058A9E5:LeaderElection26: begin an election at term 1 for -1: [26ee0107-1f2c-48c6-b68f-fb73f18a1c69:192.168.30.6:45618], old=null
2019-09-25 12:04:12,918 [26ee0107-1f2c-48c6-b68f-fb73f18a1c69@group-D4315058A9E5:LeaderElection26] INFO  impl.RoleInfo (RoleInfo.java:shutdownLeaderElection(134)) - 26ee0107-1f2c-48c6-b68f-fb73f18a1c69: shutdown LeaderElection
2019-09-25 12:04:12,918 [26ee0107-1f2c-48c6-b68f-fb73f18a1c69@group-D4315058A9E5:LeaderElection26] INFO  impl.RaftServerImpl (RaftServerImpl.java:setRole(174)) - 26ee0107-1f2c-48c6-b68f-fb73f18a1c69@group-D4315058A9E5: changes role from CANDIDATE to LEADER at term 1 for changeToLeader
2019-09-25 12:04:12,918 [26ee0107-1f2c-48c6-b68f-fb73f18a1c69@group-D4315058A9E5:LeaderElection26] INFO  impl.RaftServerImpl (ServerState.java:setLeader(253)) - 26ee0107-1f2c-48c6-b68f-fb73f18a1c69@group-D4315058A9E5: change Leader from null to 26ee0107-1f2c-48c6-b68f-fb73f18a1c69 at term 1 for becomeLeader, leader elected after 5240ms
2019-09-25 12:04:12,919 [26ee0107-1f2c-48c6-b68f-fb73f18a1c69@group-D4315058A9E5:LeaderElection26] INFO  server.RaftServerConfigKeys (ConfUtils.java:logGet(43)) - raft.server.staging.catchup.gap = 1000 (default)
2019-09-25 12:04:12,919 [26ee0107-1f2c-48c6-b68f-fb73f18a1c69@group-D4315058A9E5:LeaderElection26] INFO  server.RaftServerConfigKeys (ConfUtils.java:logGet(43)) - raft.server.rpc.sleep.time = 25ms (default)
2019-09-25 12:04:12,919 [26ee0107-1f2c-48c6-b68f-fb73f18a1c69@group-D4315058A9E5:LeaderElection26] INFO  server.RaftServerConfigKeys (ConfUtils.java:logGet(43)) - raft.server.write.element-limit = 4096 (default)
2019-09-25 12:04:12,919 [26ee0107-1f2c-48c6-b68f-fb73f18a1c69@group-D4315058A9E5:LeaderElection26] INFO  server.RaftServerConfigKeys (ConfUtils.java:logGet(43)) - raft.server.watch.timeout = 10s (default)
2019-09-25 12:04:12,919 [26ee0107-1f2c-48c6-b68f-fb73f18a1c69@group-D4315058A9E5:LeaderElection26] INFO  server.RaftServerConfigKeys (ConfUtils.java:logGet(43)) - raft.server.watch.timeout.denomination = 1s (default)
2019-09-25 12:04:12,920 [26ee0107-1f2c-48c6-b68f-fb73f18a1c69@group-D4315058A9E5:LeaderElection26] INFO  server.RaftServerConfigKeys (ConfUtils.java:logGet(43)) - raft.server.watch.element-limit = 65536 (default)
2019-09-25 12:04:12,922 [26ee0107-1f2c-48c6-b68f-fb73f18a1c69@group-D4315058A9E5:LeaderElection26] INFO  impl.RoleInfo (RoleInfo.java:updateAndGet(143)) - 26ee0107-1f2c-48c6-b68f-fb73f18a1c69: start LeaderState
2019-09-25 12:04:12,923 [26ee0107-1f2c-48c6-b68f-fb73f18a1c69@group-D4315058A9E5:LeaderElection26] INFO  segmented.SegmentedRaftLogWorker (SegmentedRaftLogWorker.java:startLogSegment(380)) - 26ee0107-1f2c-48c6-b68f-fb73f18a1c69@group-D4315058A9E5-SegmentedRaftLogWorker: Starting segment from index:0
2019-09-25 12:04:12,923 [26ee0107-1f2c-48c6-b68f-fb73f18a1c69@group-D4315058A9E5:LeaderElection26] INFO  impl.RaftServerImpl (ServerState.java:setRaftConf(354)) - 26ee0107-1f2c-48c6-b68f-fb73f18a1c69@group-D4315058A9E5: set configuration 0: [26ee0107-1f2c-48c6-b68f-fb73f18a1c69:192.168.30.6:45618], old=null at 0
2019-09-25 12:04:12,968 [IPC Server handler 0 on 43057] INFO  pipeline.PipelinePlacementPolicy (PipelinePlacementPolicy.java:meetCriteria(91)) - Pipeline Placement: can't place more pipeline on heavy datanode： db9a1ebc-bc0c-4bed-8f15-d50f9a658f38 Heaviness: 6 limit: 5
2019-09-25 12:04:12,968 [IPC Server handler 0 on 43057] INFO  pipeline.PipelinePlacementPolicy (PipelinePlacementPolicy.java:meetCriteria(91)) - Pipeline Placement: can't place more pipeline on heavy datanode： bdcb6c3e-8893-4e8a-90a8-eb631ad0e985 Heaviness: 6 limit: 5
2019-09-25 12:04:12,968 [IPC Server handler 0 on 43057] INFO  pipeline.PipelinePlacementPolicy (PipelinePlacementPolicy.java:meetCriteria(91)) - Pipeline Placement: can't place more pipeline on heavy datanode： 24c3890a-3f13-4340-8313-f577cdc100b6 Heaviness: 6 limit: 5
2019-09-25 12:04:12,968 [IPC Server handler 0 on 43057] INFO  pipeline.PipelinePlacementPolicy (PipelinePlacementPolicy.java:meetCriteria(91)) - Pipeline Placement: can't place more pipeline on heavy datanode： a7b713c9-d145-43da-b168-eb086be0693a Heaviness: 6 limit: 5
2019-09-25 12:04:12,969 [IPC Server handler 0 on 43057] INFO  pipeline.PipelinePlacementPolicy (PipelinePlacementPolicy.java:meetCriteria(91)) - Pipeline Placement: can't place more pipeline on heavy datanode： 26ee0107-1f2c-48c6-b68f-fb73f18a1c69 Heaviness: 6 limit: 5
2019-09-25 12:04:12,969 [IPC Server handler 0 on 43057] ERROR pipeline.PipelinePlacementPolicy (PipelinePlacementPolicy.java:filterViableNodes(148)) - Unable to find enough nodes that meet the criteria that cannot engage in more than 5 pipelines. Nodes required: 3 Found: 0, healthy nodes count inNodeManager: 5.
2019-09-25 12:04:12,969 [IPC Server handler 0 on 43057] ERROR pipeline.SCMPipelineManager (SCMPipelineManager.java:createPipeline(167)) - Pipeline creation failed.
org.apache.hadoop.hdds.scm.exceptions.SCMException: Unable to find enough nodes that meet the criteria that cannot engage in more than 5 pipelines. Nodes required: 3 Found: 0, healthy nodes count inNodeManager: 5.
	at org.apache.hadoop.hdds.scm.pipeline.PipelinePlacementPolicy.filterViableNodes(PipelinePlacementPolicy.java:149)
	at org.apache.hadoop.hdds.scm.pipeline.PipelinePlacementPolicy.chooseDatanodes(PipelinePlacementPolicy.java:172)
	at org.apache.hadoop.hdds.scm.pipeline.RatisPipelineProvider.create(RatisPipelineProvider.java:93)
	at org.apache.hadoop.hdds.scm.pipeline.PipelineFactory.create(PipelineFactory.java:58)
	at org.apache.hadoop.hdds.scm.pipeline.SCMPipelineManager.createPipeline(SCMPipelineManager.java:155)
	at org.apache.hadoop.hdds.scm.block.BlockManagerImpl.allocateBlock(BlockManagerImpl.java:190)
	at org.apache.hadoop.hdds.scm.server.SCMBlockProtocolServer.allocateBlock(SCMBlockProtocolServer.java:182)
	at org.apache.hadoop.ozone.protocolPB.ScmBlockLocationProtocolServerSideTranslatorPB.allocateScmBlock(ScmBlockLocationProtocolServerSideTranslatorPB.java:183)
	at org.apache.hadoop.ozone.protocolPB.ScmBlockLocationProtocolServerSideTranslatorPB.processMessage(ScmBlockLocationProtocolServerSideTranslatorPB.java:141)
	at org.apache.hadoop.ozone.protocolPB.ScmBlockLocationProtocolServerSideTranslatorPB.send(ScmBlockLocationProtocolServerSideTranslatorPB.java:116)
	at org.apache.hadoop.hdds.protocol.proto.ScmBlockLocationProtocolProtos$ScmBlockLocationProtocolService$2.callBlockingMethod(ScmBlockLocationProtocolProtos.java:13157)
	at org.apache.hadoop.ipc.ProtobufRpcEngine$Server$ProtoBufRpcInvoker.call(ProtobufRpcEngine.java:524)
	at org.apache.hadoop.ipc.RPC$Server.call(RPC.java:1025)
	at org.apache.hadoop.ipc.Server$RpcCall.run(Server.java:876)
	at org.apache.hadoop.ipc.Server$RpcCall.run(Server.java:822)
	at java.security.AccessController.doPrivileged(Native Method)
	at javax.security.auth.Subject.doAs(Subject.java:422)
	at org.apache.hadoop.security.UserGroupInformation.doAs(UserGroupInformation.java:1730)
	at org.apache.hadoop.ipc.Server$Handler.run(Server.java:2682)
2019-09-25 12:04:12,969 [IPC Server handler 0 on 43057] WARN  block.BlockManagerImpl (BlockManagerImpl.java:allocateBlock(192)) - Pipeline creation failed for type:RATIS factor:THREE. Retrying get pipelines call once.
org.apache.hadoop.hdds.scm.exceptions.SCMException: Unable to find enough nodes that meet the criteria that cannot engage in more than 5 pipelines. Nodes required: 3 Found: 0, healthy nodes count inNodeManager: 5.
	at org.apache.hadoop.hdds.scm.pipeline.PipelinePlacementPolicy.filterViableNodes(PipelinePlacementPolicy.java:149)
	at org.apache.hadoop.hdds.scm.pipeline.PipelinePlacementPolicy.chooseDatanodes(PipelinePlacementPolicy.java:172)
	at org.apache.hadoop.hdds.scm.pipeline.RatisPipelineProvider.create(RatisPipelineProvider.java:93)
	at org.apache.hadoop.hdds.scm.pipeline.PipelineFactory.create(PipelineFactory.java:58)
	at org.apache.hadoop.hdds.scm.pipeline.SCMPipelineManager.createPipeline(SCMPipelineManager.java:155)
	at org.apache.hadoop.hdds.scm.block.BlockManagerImpl.allocateBlock(BlockManagerImpl.java:190)
	at org.apache.hadoop.hdds.scm.server.SCMBlockProtocolServer.allocateBlock(SCMBlockProtocolServer.java:182)
	at org.apache.hadoop.ozone.protocolPB.ScmBlockLocationProtocolServerSideTranslatorPB.allocateScmBlock(ScmBlockLocationProtocolServerSideTranslatorPB.java:183)
	at org.apache.hadoop.ozone.protocolPB.ScmBlockLocationProtocolServerSideTranslatorPB.processMessage(ScmBlockLocationProtocolServerSideTranslatorPB.java:141)
	at org.apache.hadoop.ozone.protocolPB.ScmBlockLocationProtocolServerSideTranslatorPB.send(ScmBlockLocationProtocolServerSideTranslatorPB.java:116)
	at org.apache.hadoop.hdds.protocol.proto.ScmBlockLocationProtocolProtos$ScmBlockLocationProtocolService$2.callBlockingMethod(ScmBlockLocationProtocolProtos.java:13157)
	at org.apache.hadoop.ipc.ProtobufRpcEngine$Server$ProtoBufRpcInvoker.call(ProtobufRpcEngine.java:524)
	at org.apache.hadoop.ipc.RPC$Server.call(RPC.java:1025)
	at org.apache.hadoop.ipc.Server$RpcCall.run(Server.java:876)
	at org.apache.hadoop.ipc.Server$RpcCall.run(Server.java:822)
	at java.security.AccessController.doPrivileged(Native Method)
	at javax.security.auth.Subject.doAs(Subject.java:422)
	at org.apache.hadoop.security.UserGroupInformation.doAs(UserGroupInformation.java:1730)
	at org.apache.hadoop.ipc.Server$Handler.run(Server.java:2682)
2019-09-25 12:04:12,970 [Thread-293] INFO  impl.FollowerState (FollowerState.java:run(106)) - 26ee0107-1f2c-48c6-b68f-fb73f18a1c69:group-775E9BAF421D changes to CANDIDATE, lastRpcTime:5180, electionTimeout:5180ms
2019-09-25 12:04:12,970 [IPC Server handler 0 on 43057] INFO  block.BlockManagerImpl (BlockManagerImpl.java:allocateBlock(198)) - Could not find available pipeline of type:RATIS and factor:THREE even after retrying
2019-09-25 12:04:12,970 [Thread-293] INFO  impl.RoleInfo (RoleInfo.java:shutdownFollowerState(121)) - 26ee0107-1f2c-48c6-b68f-fb73f18a1c69: shutdown FollowerState
2019-09-25 12:04:12,970 [IPC Server handler 0 on 43057] ERROR block.BlockManagerImpl (BlockManagerImpl.java:allocateBlock(222)) - Unable to allocate a block for the size: 4194304, type: RATIS, factor: THREE
2019-09-25 12:04:12,970 [Thread-293] INFO  impl.RaftServerImpl (RaftServerImpl.java:setRole(174)) - 26ee0107-1f2c-48c6-b68f-fb73f18a1c69@group-775E9BAF421D: changes role from  FOLLOWER to CANDIDATE at term 0 for changeToCandidate
2019-09-25 12:04:12,971 [IPC Server handler 0 on 43057] INFO  pipeline.PipelinePlacementPolicy (PipelinePlacementPolicy.java:meetCriteria(91)) - Pipeline Placement: can't place more pipeline on heavy datanode： db9a1ebc-bc0c-4bed-8f15-d50f9a658f38 Heaviness: 6 limit: 5
2019-09-25 12:04:12,971 [Thread-293] INFO  impl.RoleInfo (RoleInfo.java:updateAndGet(143)) - 26ee0107-1f2c-48c6-b68f-fb73f18a1c69: start LeaderElection
2019-09-25 12:04:12,971 [IPC Server handler 0 on 43057] INFO  pipeline.PipelinePlacementPolicy (PipelinePlacementPolicy.java:meetCriteria(91)) - Pipeline Placement: can't place more pipeline on heavy datanode： bdcb6c3e-8893-4e8a-90a8-eb631ad0e985 Heaviness: 6 limit: 5
2019-09-25 12:04:12,971 [IPC Server handler 0 on 43057] INFO  pipeline.PipelinePlacementPolicy (PipelinePlacementPolicy.java:meetCriteria(91)) - Pipeline Placement: can't place more pipeline on heavy datanode： 24c3890a-3f13-4340-8313-f577cdc100b6 Heaviness: 6 limit: 5
2019-09-25 12:04:12,971 [IPC Server handler 0 on 43057] INFO  pipeline.PipelinePlacementPolicy (PipelinePlacementPolicy.java:meetCriteria(91)) - Pipeline Placement: can't place more pipeline on heavy datanode： a7b713c9-d145-43da-b168-eb086be0693a Heaviness: 6 limit: 5
2019-09-25 12:04:12,973 [IPC Server handler 0 on 43057] INFO  pipeline.PipelinePlacementPolicy (PipelinePlacementPolicy.java:meetCriteria(91)) - Pipeline Placement: can't place more pipeline on heavy datanode： 26ee0107-1f2c-48c6-b68f-fb73f18a1c69 Heaviness: 6 limit: 5
2019-09-25 12:04:12,974 [IPC Server handler 0 on 43057] ERROR pipeline.PipelinePlacementPolicy (PipelinePlacementPolicy.java:filterViableNodes(148)) - Unable to find enough nodes that meet the criteria that cannot engage in more than 5 pipelines. Nodes required: 3 Found: 0, healthy nodes count inNodeManager: 5.
2019-09-25 12:04:12,974 [26ee0107-1f2c-48c6-b68f-fb73f18a1c69@group-D4315058A9E5-SegmentedRaftLogWorker] INFO  segmented.SegmentedRaftLogWorker (SegmentedRaftLogWorker.java:execute(569)) - 26ee0107-1f2c-48c6-b68f-fb73f18a1c69@group-D4315058A9E5-SegmentedRaftLogWorker: created new log segment /workdir/hadoop-ozone/tools/target/test-dir/MiniOzoneClusterImpl-ed893a3b-0dc1-4b26-80b9-38249be7af87/datanode-2/data/ratis/8e1be805-d9da-438a-b3f8-d4315058a9e5/current/log_inprogress_0
2019-09-25 12:04:12,974 [IPC Server handler 0 on 43057] ERROR pipeline.SCMPipelineManager (SCMPipelineManager.java:createPipeline(167)) - Pipeline creation failed.
org.apache.hadoop.hdds.scm.exceptions.SCMException: Unable to find enough nodes that meet the criteria that cannot engage in more than 5 pipelines. Nodes required: 3 Found: 0, healthy nodes count inNodeManager: 5.
	at org.apache.hadoop.hdds.scm.pipeline.PipelinePlacementPolicy.filterViableNodes(PipelinePlacementPolicy.java:149)
	at org.apache.hadoop.hdds.scm.pipeline.PipelinePlacementPolicy.chooseDatanodes(PipelinePlacementPolicy.java:172)
	at org.apache.hadoop.hdds.scm.pipeline.RatisPipelineProvider.create(RatisPipelineProvider.java:93)
	at org.apache.hadoop.hdds.scm.pipeline.PipelineFactory.create(PipelineFactory.java:58)
	at org.apache.hadoop.hdds.scm.pipeline.SCMPipelineManager.createPipeline(SCMPipelineManager.java:155)
	at org.apache.hadoop.hdds.scm.block.BlockManagerImpl.allocateBlock(BlockManagerImpl.java:190)
	at org.apache.hadoop.hdds.scm.server.SCMBlockProtocolServer.allocateBlock(SCMBlockProtocolServer.java:182)
	at org.apache.hadoop.ozone.protocolPB.ScmBlockLocationProtocolServerSideTranslatorPB.allocateScmBlock(ScmBlockLocationProtocolServerSideTranslatorPB.java:183)
	at org.apache.hadoop.ozone.protocolPB.ScmBlockLocationProtocolServerSideTranslatorPB.processMessage(ScmBlockLocationProtocolServerSideTranslatorPB.java:141)
	at org.apache.hadoop.ozone.protocolPB.ScmBlockLocationProtocolServerSideTranslatorPB.send(ScmBlockLocationProtocolServerSideTranslatorPB.java:116)
	at org.apache.hadoop.hdds.protocol.proto.ScmBlockLocationProtocolProtos$ScmBlockLocationProtocolService$2.callBlockingMethod(ScmBlockLocationProtocolProtos.java:13157)
	at org.apache.hadoop.ipc.ProtobufRpcEngine$Server$ProtoBufRpcInvoker.call(ProtobufRpcEngine.java:524)
	at org.apache.hadoop.ipc.RPC$Server.call(RPC.java:1025)
	at org.apache.hadoop.ipc.Server$RpcCall.run(Server.java:876)
	at org.apache.hadoop.ipc.Server$RpcCall.run(Server.java:822)
	at java.security.AccessController.doPrivileged(Native Method)
	at javax.security.auth.Subject.doAs(Subject.java:422)
	at org.apache.hadoop.security.UserGroupInformation.doAs(UserGroupInformation.java:1730)
	at org.apache.hadoop.ipc.Server$Handler.run(Server.java:2682)
2019-09-25 12:04:12,975 [IPC Server handler 0 on 43057] WARN  block.BlockManagerImpl (BlockManagerImpl.java:allocateBlock(192)) - Pipeline creation failed for type:RATIS factor:THREE. Retrying get pipelines call once.
org.apache.hadoop.hdds.scm.exceptions.SCMException: Unable to find enough nodes that meet the criteria that cannot engage in more than 5 pipelines. Nodes required: 3 Found: 0, healthy nodes count inNodeManager: 5.
	at org.apache.hadoop.hdds.scm.pipeline.PipelinePlacementPolicy.filterViableNodes(PipelinePlacementPolicy.java:149)
	at org.apache.hadoop.hdds.scm.pipeline.PipelinePlacementPolicy.chooseDatanodes(PipelinePlacementPolicy.java:172)
	at org.apache.hadoop.hdds.scm.pipeline.RatisPipelineProvider.create(RatisPipelineProvider.java:93)
	at org.apache.hadoop.hdds.scm.pipeline.PipelineFactory.create(PipelineFactory.java:58)
	at org.apache.hadoop.hdds.scm.pipeline.SCMPipelineManager.createPipeline(SCMPipelineManager.java:155)
	at org.apache.hadoop.hdds.scm.block.BlockManagerImpl.allocateBlock(BlockManagerImpl.java:190)
	at org.apache.hadoop.hdds.scm.server.SCMBlockProtocolServer.allocateBlock(SCMBlockProtocolServer.java:182)
	at org.apache.hadoop.ozone.protocolPB.ScmBlockLocationProtocolServerSideTranslatorPB.allocateScmBlock(ScmBlockLocationProtocolServerSideTranslatorPB.java:183)
	at org.apache.hadoop.ozone.protocolPB.ScmBlockLocationProtocolServerSideTranslatorPB.processMessage(ScmBlockLocationProtocolServerSideTranslatorPB.java:141)
	at org.apache.hadoop.ozone.protocolPB.ScmBlockLocationProtocolServerSideTranslatorPB.send(ScmBlockLocationProtocolServerSideTranslatorPB.java:116)
	at org.apache.hadoop.hdds.protocol.proto.ScmBlockLocationProtocolProtos$ScmBlockLocationProtocolService$2.callBlockingMethod(ScmBlockLocationProtocolProtos.java:13157)
	at org.apache.hadoop.ipc.ProtobufRpcEngine$Server$ProtoBufRpcInvoker.call(ProtobufRpcEngine.java:524)
	at org.apache.hadoop.ipc.RPC$Server.call(RPC.java:1025)
	at org.apache.hadoop.ipc.Server$RpcCall.run(Server.java:876)
	at org.apache.hadoop.ipc.Server$RpcCall.run(Server.java:822)
	at java.security.AccessController.doPrivileged(Native Method)
	at javax.security.auth.Subject.doAs(Subject.java:422)
	at org.apache.hadoop.security.UserGroupInformation.doAs(UserGroupInformation.java:1730)
	at org.apache.hadoop.ipc.Server$Handler.run(Server.java:2682)
2019-09-25 12:04:12,975 [IPC Server handler 0 on 43057] INFO  block.BlockManagerImpl (BlockManagerImpl.java:allocateBlock(198)) - Could not find available pipeline of type:RATIS and factor:THREE even after retrying
2019-09-25 12:04:12,975 [IPC Server handler 0 on 43057] ERROR block.BlockManagerImpl (BlockManagerImpl.java:allocateBlock(222)) - Unable to allocate a block for the size: 4194304, type: RATIS, factor: THREE
2019-09-25 12:04:12,975 [IPC Server handler 0 on 43057] INFO  pipeline.PipelinePlacementPolicy (PipelinePlacementPolicy.java:meetCriteria(91)) - Pipeline Placement: can't place more pipeline on heavy datanode： db9a1ebc-bc0c-4bed-8f15-d50f9a658f38 Heaviness: 6 limit: 5
2019-09-25 12:04:12,975 [IPC Server handler 0 on 43057] INFO  pipeline.PipelinePlacementPolicy (PipelinePlacementPolicy.java:meetCriteria(91)) - Pipeline Placement: can't place more pipeline on heavy datanode： bdcb6c3e-8893-4e8a-90a8-eb631ad0e985 Heaviness: 6 limit: 5
2019-09-25 12:04:12,976 [IPC Server handler 0 on 43057] INFO  pipeline.PipelinePlacementPolicy (PipelinePlacementPolicy.java:meetCriteria(91)) - Pipeline Placement: can't place more pipeline on heavy datanode： 24c3890a-3f13-4340-8313-f577cdc100b6 Heaviness: 6 limit: 5
2019-09-25 12:04:12,976 [IPC Server handler 0 on 43057] INFO  pipeline.PipelinePlacementPolicy (PipelinePlacementPolicy.java:meetCriteria(91)) - Pipeline Placement: can't place more pipeline on heavy datanode： a7b713c9-d145-43da-b168-eb086be0693a Heaviness: 6 limit: 5
2019-09-25 12:04:12,976 [IPC Server handler 0 on 43057] INFO  pipeline.PipelinePlacementPolicy (PipelinePlacementPolicy.java:meetCriteria(91)) - Pipeline Placement: can't place more pipeline on heavy datanode： 26ee0107-1f2c-48c6-b68f-fb73f18a1c69 Heaviness: 6 limit: 5
2019-09-25 12:04:12,976 [IPC Server handler 0 on 43057] ERROR pipeline.PipelinePlacementPolicy (PipelinePlacementPolicy.java:filterViableNodes(148)) - Unable to find enough nodes that meet the criteria that cannot engage in more than 5 pipelines. Nodes required: 3 Found: 0, healthy nodes count inNodeManager: 5.
2019-09-25 12:04:12,976 [IPC Server handler 0 on 43057] ERROR pipeline.SCMPipelineManager (SCMPipelineManager.java:createPipeline(167)) - Pipeline creation failed.
org.apache.hadoop.hdds.scm.exceptions.SCMException: Unable to find enough nodes that meet the criteria that cannot engage in more than 5 pipelines. Nodes required: 3 Found: 0, healthy nodes count inNodeManager: 5.
	at org.apache.hadoop.hdds.scm.pipeline.PipelinePlacementPolicy.filterViableNodes(PipelinePlacementPolicy.java:149)
	at org.apache.hadoop.hdds.scm.pipeline.PipelinePlacementPolicy.chooseDatanodes(PipelinePlacementPolicy.java:172)
	at org.apache.hadoop.hdds.scm.pipeline.RatisPipelineProvider.create(RatisPipelineProvider.java:93)
	at org.apache.hadoop.hdds.scm.pipeline.PipelineFactory.create(PipelineFactory.java:58)
	at org.apache.hadoop.hdds.scm.pipeline.SCMPipelineManager.createPipeline(SCMPipelineManager.java:155)
	at org.apache.hadoop.hdds.scm.block.BlockManagerImpl.allocateBlock(BlockManagerImpl.java:190)
	at org.apache.hadoop.hdds.scm.server.SCMBlockProtocolServer.allocateBlock(SCMBlockProtocolServer.java:182)
	at org.apache.hadoop.ozone.protocolPB.ScmBlockLocationProtocolServerSideTranslatorPB.allocateScmBlock(ScmBlockLocationProtocolServerSideTranslatorPB.java:183)
	at org.apache.hadoop.ozone.protocolPB.ScmBlockLocationProtocolServerSideTranslatorPB.processMessage(ScmBlockLocationProtocolServerSideTranslatorPB.java:141)
	at org.apache.hadoop.ozone.protocolPB.ScmBlockLocationProtocolServerSideTranslatorPB.send(ScmBlockLocationProtocolServerSideTranslatorPB.java:116)
	at org.apache.hadoop.hdds.protocol.proto.ScmBlockLocationProtocolProtos$ScmBlockLocationProtocolService$2.callBlockingMethod(ScmBlockLocationProtocolProtos.java:13157)
	at org.apache.hadoop.ipc.ProtobufRpcEngine$Server$ProtoBufRpcInvoker.call(ProtobufRpcEngine.java:524)
	at org.apache.hadoop.ipc.RPC$Server.call(RPC.java:1025)
	at org.apache.hadoop.ipc.Server$RpcCall.run(Server.java:876)
	at org.apache.hadoop.ipc.Server$RpcCall.run(Server.java:822)
	at java.security.AccessController.doPrivileged(Native Method)
	at javax.security.auth.Subject.doAs(Subject.java:422)
	at org.apache.hadoop.security.UserGroupInformation.doAs(UserGroupInformation.java:1730)
	at org.apache.hadoop.ipc.Server$Handler.run(Server.java:2682)
2019-09-25 12:04:12,977 [IPC Server handler 0 on 43057] WARN  block.BlockManagerImpl (BlockManagerImpl.java:allocateBlock(192)) - Pipeline creation failed for type:RATIS factor:THREE. Retrying get pipelines call once.
org.apache.hadoop.hdds.scm.exceptions.SCMException: Unable to find enough nodes that meet the criteria that cannot engage in more than 5 pipelines. Nodes required: 3 Found: 0, healthy nodes count inNodeManager: 5.
	at org.apache.hadoop.hdds.scm.pipeline.PipelinePlacementPolicy.filterViableNodes(PipelinePlacementPolicy.java:149)
	at org.apache.hadoop.hdds.scm.pipeline.PipelinePlacementPolicy.chooseDatanodes(PipelinePlacementPolicy.java:172)
	at org.apache.hadoop.hdds.scm.pipeline.RatisPipelineProvider.create(RatisPipelineProvider.java:93)
	at org.apache.hadoop.hdds.scm.pipeline.PipelineFactory.create(PipelineFactory.java:58)
	at org.apache.hadoop.hdds.scm.pipeline.SCMPipelineManager.createPipeline(SCMPipelineManager.java:155)
	at org.apache.hadoop.hdds.scm.block.BlockManagerImpl.allocateBlock(BlockManagerImpl.java:190)
	at org.apache.hadoop.hdds.scm.server.SCMBlockProtocolServer.allocateBlock(SCMBlockProtocolServer.java:182)
	at org.apache.hadoop.ozone.protocolPB.ScmBlockLocationProtocolServerSideTranslatorPB.allocateScmBlock(ScmBlockLocationProtocolServerSideTranslatorPB.java:183)
	at org.apache.hadoop.ozone.protocolPB.ScmBlockLocationProtocolServerSideTranslatorPB.processMessage(ScmBlockLocationProtocolServerSideTranslatorPB.java:141)
	at org.apache.hadoop.ozone.protocolPB.ScmBlockLocationProtocolServerSideTranslatorPB.send(ScmBlockLocationProtocolServerSideTranslatorPB.java:116)
	at org.apache.hadoop.hdds.protocol.proto.ScmBlockLocationProtocolProtos$ScmBlockLocationProtocolService$2.callBlockingMethod(ScmBlockLocationProtocolProtos.java:13157)
	at org.apache.hadoop.ipc.ProtobufRpcEngine$Server$ProtoBufRpcInvoker.call(ProtobufRpcEngine.java:524)
	at org.apache.hadoop.ipc.RPC$Server.call(RPC.java:1025)
	at org.apache.hadoop.ipc.Server$RpcCall.run(Server.java:876)
	at org.apache.hadoop.ipc.Server$RpcCall.run(Server.java:822)
	at java.security.AccessController.doPrivileged(Native Method)
	at javax.security.auth.Subject.doAs(Subject.java:422)
	at org.apache.hadoop.security.UserGroupInformation.doAs(UserGroupInformation.java:1730)
	at org.apache.hadoop.ipc.Server$Handler.run(Server.java:2682)
2019-09-25 12:04:12,977 [IPC Server handler 0 on 43057] INFO  block.BlockManagerImpl (BlockManagerImpl.java:allocateBlock(198)) - Could not find available pipeline of type:RATIS and factor:THREE even after retrying
2019-09-25 12:04:12,977 [IPC Server handler 0 on 43057] ERROR block.BlockManagerImpl (BlockManagerImpl.java:allocateBlock(222)) - Unable to allocate a block for the size: 4194304, type: RATIS, factor: THREE
2019-09-25 12:04:12,977 [IPC Server handler 0 on 43057] INFO  pipeline.PipelinePlacementPolicy (PipelinePlacementPolicy.java:meetCriteria(91)) - Pipeline Placement: can't place more pipeline on heavy datanode： db9a1ebc-bc0c-4bed-8f15-d50f9a658f38 Heaviness: 6 limit: 5
2019-09-25 12:04:12,978 [IPC Server handler 0 on 43057] INFO  pipeline.PipelinePlacementPolicy (PipelinePlacementPolicy.java:meetCriteria(91)) - Pipeline Placement: can't place more pipeline on heavy datanode： bdcb6c3e-8893-4e8a-90a8-eb631ad0e985 Heaviness: 6 limit: 5
2019-09-25 12:04:12,978 [IPC Server handler 0 on 43057] INFO  pipeline.PipelinePlacementPolicy (PipelinePlacementPolicy.java:meetCriteria(91)) - Pipeline Placement: can't place more pipeline on heavy datanode： 24c3890a-3f13-4340-8313-f577cdc100b6 Heaviness: 6 limit: 5
2019-09-25 12:04:12,978 [IPC Server handler 0 on 43057] INFO  pipeline.PipelinePlacementPolicy (PipelinePlacementPolicy.java:meetCriteria(91)) - Pipeline Placement: can't place more pipeline on heavy datanode： a7b713c9-d145-43da-b168-eb086be0693a Heaviness: 6 limit: 5
2019-09-25 12:04:12,978 [IPC Server handler 0 on 43057] INFO  pipeline.PipelinePlacementPolicy (PipelinePlacementPolicy.java:meetCriteria(91)) - Pipeline Placement: can't place more pipeline on heavy datanode： 26ee0107-1f2c-48c6-b68f-fb73f18a1c69 Heaviness: 6 limit: 5
2019-09-25 12:04:12,978 [IPC Server handler 0 on 43057] ERROR pipeline.PipelinePlacementPolicy (PipelinePlacementPolicy.java:filterViableNodes(148)) - Unable to find enough nodes that meet the criteria that cannot engage in more than 5 pipelines. Nodes required: 3 Found: 0, healthy nodes count inNodeManager: 5.
2019-09-25 12:04:12,978 [IPC Server handler 0 on 43057] ERROR pipeline.SCMPipelineManager (SCMPipelineManager.java:createPipeline(167)) - Pipeline creation failed.
org.apache.hadoop.hdds.scm.exceptions.SCMException: Unable to find enough nodes that meet the criteria that cannot engage in more than 5 pipelines. Nodes required: 3 Found: 0, healthy nodes count inNodeManager: 5.
	at org.apache.hadoop.hdds.scm.pipeline.PipelinePlacementPolicy.filterViableNodes(PipelinePlacementPolicy.java:149)
	at org.apache.hadoop.hdds.scm.pipeline.PipelinePlacementPolicy.chooseDatanodes(PipelinePlacementPolicy.java:172)
	at org.apache.hadoop.hdds.scm.pipeline.RatisPipelineProvider.create(RatisPipelineProvider.java:93)
	at org.apache.hadoop.hdds.scm.pipeline.PipelineFactory.create(PipelineFactory.java:58)
	at org.apache.hadoop.hdds.scm.pipeline.SCMPipelineManager.createPipeline(SCMPipelineManager.java:155)
	at org.apache.hadoop.hdds.scm.block.BlockManagerImpl.allocateBlock(BlockManagerImpl.java:190)
	at org.apache.hadoop.hdds.scm.server.SCMBlockProtocolServer.allocateBlock(SCMBlockProtocolServer.java:182)
	at org.apache.hadoop.ozone.protocolPB.ScmBlockLocationProtocolServerSideTranslatorPB.allocateScmBlock(ScmBlockLocationProtocolServerSideTranslatorPB.java:183)
	at org.apache.hadoop.ozone.protocolPB.ScmBlockLocationProtocolServerSideTranslatorPB.processMessage(ScmBlockLocationProtocolServerSideTranslatorPB.java:141)
	at org.apache.hadoop.ozone.protocolPB.ScmBlockLocationProtocolServerSideTranslatorPB.send(ScmBlockLocationProtocolServerSideTranslatorPB.java:116)
	at org.apache.hadoop.hdds.protocol.proto.ScmBlockLocationProtocolProtos$ScmBlockLocationProtocolService$2.callBlockingMethod(ScmBlockLocationProtocolProtos.java:13157)
	at org.apache.hadoop.ipc.ProtobufRpcEngine$Server$ProtoBufRpcInvoker.call(ProtobufRpcEngine.java:524)
	at org.apache.hadoop.ipc.RPC$Server.call(RPC.java:1025)
	at org.apache.hadoop.ipc.Server$RpcCall.run(Server.java:876)
	at org.apache.hadoop.ipc.Server$RpcCall.run(Server.java:822)
	at java.security.AccessController.doPrivileged(Native Method)
	at javax.security.auth.Subject.doAs(Subject.java:422)
	at org.apache.hadoop.security.UserGroupInformation.doAs(UserGroupInformation.java:1730)
	at org.apache.hadoop.ipc.Server$Handler.run(Server.java:2682)
2019-09-25 12:04:12,979 [IPC Server handler 0 on 43057] WARN  block.BlockManagerImpl (BlockManagerImpl.java:allocateBlock(192)) - Pipeline creation failed for type:RATIS factor:THREE. Retrying get pipelines call once.
org.apache.hadoop.hdds.scm.exceptions.SCMException: Unable to find enough nodes that meet the criteria that cannot engage in more than 5 pipelines. Nodes required: 3 Found: 0, healthy nodes count inNodeManager: 5.
	at org.apache.hadoop.hdds.scm.pipeline.PipelinePlacementPolicy.filterViableNodes(PipelinePlacementPolicy.java:149)
	at org.apache.hadoop.hdds.scm.pipeline.PipelinePlacementPolicy.chooseDatanodes(PipelinePlacementPolicy.java:172)
	at org.apache.hadoop.hdds.scm.pipeline.RatisPipelineProvider.create(RatisPipelineProvider.java:93)
	at org.apache.hadoop.hdds.scm.pipeline.PipelineFactory.create(PipelineFactory.java:58)
	at org.apache.hadoop.hdds.scm.pipeline.SCMPipelineManager.createPipeline(SCMPipelineManager.java:155)
	at org.apache.hadoop.hdds.scm.block.BlockManagerImpl.allocateBlock(BlockManagerImpl.java:190)
	at org.apache.hadoop.hdds.scm.server.SCMBlockProtocolServer.allocateBlock(SCMBlockProtocolServer.java:182)
	at org.apache.hadoop.ozone.protocolPB.ScmBlockLocationProtocolServerSideTranslatorPB.allocateScmBlock(ScmBlockLocationProtocolServerSideTranslatorPB.java:183)
	at org.apache.hadoop.ozone.protocolPB.ScmBlockLocationProtocolServerSideTranslatorPB.processMessage(ScmBlockLocationProtocolServerSideTranslatorPB.java:141)
	at org.apache.hadoop.ozone.protocolPB.ScmBlockLocationProtocolServerSideTranslatorPB.send(ScmBlockLocationProtocolServerSideTranslatorPB.java:116)
	at org.apache.hadoop.hdds.protocol.proto.ScmBlockLocationProtocolProtos$ScmBlockLocationProtocolService$2.callBlockingMethod(ScmBlockLocationProtocolProtos.java:13157)
	at org.apache.hadoop.ipc.ProtobufRpcEngine$Server$ProtoBufRpcInvoker.call(ProtobufRpcEngine.java:524)
	at org.apache.hadoop.ipc.RPC$Server.call(RPC.java:1025)
	at org.apache.hadoop.ipc.Server$RpcCall.run(Server.java:876)
	at org.apache.hadoop.ipc.Server$RpcCall.run(Server.java:822)
	at java.security.AccessController.doPrivileged(Native Method)
	at javax.security.auth.Subject.doAs(Subject.java:422)
	at org.apache.hadoop.security.UserGroupInformation.doAs(UserGroupInformation.java:1730)
	at org.apache.hadoop.ipc.Server$Handler.run(Server.java:2682)
2019-09-25 12:04:12,979 [IPC Server handler 0 on 43057] INFO  block.BlockManagerImpl (BlockManagerImpl.java:allocateBlock(198)) - Could not find available pipeline of type:RATIS and factor:THREE even after retrying
2019-09-25 12:04:12,979 [IPC Server handler 0 on 43057] ERROR block.BlockManagerImpl (BlockManagerImpl.java:allocateBlock(222)) - Unable to allocate a block for the size: 4194304, type: RATIS, factor: THREE
2019-09-25 12:04:12,979 [Thread-297] INFO  impl.FollowerState (FollowerState.java:run(106)) - 24c3890a-3f13-4340-8313-f577cdc100b6:group-ECD8CABE001D changes to CANDIDATE, lastRpcTime:5133, electionTimeout:5133ms
2019-09-25 12:04:12,980 [IPC Server handler 0 on 43057] INFO  pipeline.PipelinePlacementPolicy (PipelinePlacementPolicy.java:meetCriteria(91)) - Pipeline Placement: can't place more pipeline on heavy datanode： db9a1ebc-bc0c-4bed-8f15-d50f9a658f38 Heaviness: 6 limit: 5
2019-09-25 12:04:12,980 [Thread-297] INFO  impl.RoleInfo (RoleInfo.java:shutdownFollowerState(121)) - 24c3890a-3f13-4340-8313-f577cdc100b6: shutdown FollowerState
2019-09-25 12:04:12,980 [IPC Server handler 0 on 43057] INFO  pipeline.PipelinePlacementPolicy (PipelinePlacementPolicy.java:meetCriteria(91)) - Pipeline Placement: can't place more pipeline on heavy datanode： bdcb6c3e-8893-4e8a-90a8-eb631ad0e985 Heaviness: 6 limit: 5
2019-09-25 12:04:12,980 [IPC Server handler 0 on 43057] INFO  pipeline.PipelinePlacementPolicy (PipelinePlacementPolicy.java:meetCriteria(91)) - Pipeline Placement: can't place more pipeline on heavy datanode： 24c3890a-3f13-4340-8313-f577cdc100b6 Heaviness: 6 limit: 5
2019-09-25 12:04:12,980 [IPC Server handler 0 on 43057] INFO  pipeline.PipelinePlacementPolicy (PipelinePlacementPolicy.java:meetCriteria(91)) - Pipeline Placement: can't place more pipeline on heavy datanode： a7b713c9-d145-43da-b168-eb086be0693a Heaviness: 6 limit: 5
2019-09-25 12:04:12,981 [IPC Server handler 0 on 43057] INFO  pipeline.PipelinePlacementPolicy (PipelinePlacementPolicy.java:meetCriteria(91)) - Pipeline Placement: can't place more pipeline on heavy datanode： 26ee0107-1f2c-48c6-b68f-fb73f18a1c69 Heaviness: 6 limit: 5
2019-09-25 12:04:12,980 [Thread-297] INFO  impl.RaftServerImpl (RaftServerImpl.java:setRole(174)) - 24c3890a-3f13-4340-8313-f577cdc100b6@group-ECD8CABE001D: changes role from  FOLLOWER to CANDIDATE at term 0 for changeToCandidate
2019-09-25 12:04:12,981 [IPC Server handler 0 on 43057] ERROR pipeline.PipelinePlacementPolicy (PipelinePlacementPolicy.java:filterViableNodes(148)) - Unable to find enough nodes that meet the criteria that cannot engage in more than 5 pipelines. Nodes required: 3 Found: 0, healthy nodes count inNodeManager: 5.
2019-09-25 12:04:12,981 [Thread-297] INFO  impl.RoleInfo (RoleInfo.java:updateAndGet(143)) - 24c3890a-3f13-4340-8313-f577cdc100b6: start LeaderElection
2019-09-25 12:04:12,981 [IPC Server handler 0 on 43057] ERROR pipeline.SCMPipelineManager (SCMPipelineManager.java:createPipeline(167)) - Pipeline creation failed.
org.apache.hadoop.hdds.scm.exceptions.SCMException: Unable to find enough nodes that meet the criteria that cannot engage in more than 5 pipelines. Nodes required: 3 Found: 0, healthy nodes count inNodeManager: 5.
	at org.apache.hadoop.hdds.scm.pipeline.PipelinePlacementPolicy.filterViableNodes(PipelinePlacementPolicy.java:149)
	at org.apache.hadoop.hdds.scm.pipeline.PipelinePlacementPolicy.chooseDatanodes(PipelinePlacementPolicy.java:172)
	at org.apache.hadoop.hdds.scm.pipeline.RatisPipelineProvider.create(RatisPipelineProvider.java:93)
	at org.apache.hadoop.hdds.scm.pipeline.PipelineFactory.create(PipelineFactory.java:58)
	at org.apache.hadoop.hdds.scm.pipeline.SCMPipelineManager.createPipeline(SCMPipelineManager.java:155)
	at org.apache.hadoop.hdds.scm.block.BlockManagerImpl.allocateBlock(BlockManagerImpl.java:190)
	at org.apache.hadoop.hdds.scm.server.SCMBlockProtocolServer.allocateBlock(SCMBlockProtocolServer.java:182)
	at org.apache.hadoop.ozone.protocolPB.ScmBlockLocationProtocolServerSideTranslatorPB.allocateScmBlock(ScmBlockLocationProtocolServerSideTranslatorPB.java:183)
	at org.apache.hadoop.ozone.protocolPB.ScmBlockLocationProtocolServerSideTranslatorPB.processMessage(ScmBlockLocationProtocolServerSideTranslatorPB.java:141)
	at org.apache.hadoop.ozone.protocolPB.ScmBlockLocationProtocolServerSideTranslatorPB.send(ScmBlockLocationProtocolServerSideTranslatorPB.java:116)
	at org.apache.hadoop.hdds.protocol.proto.ScmBlockLocationProtocolProtos$ScmBlockLocationProtocolService$2.callBlockingMethod(ScmBlockLocationProtocolProtos.java:13157)
	at org.apache.hadoop.ipc.ProtobufRpcEngine$Server$ProtoBufRpcInvoker.call(ProtobufRpcEngine.java:524)
	at org.apache.hadoop.ipc.RPC$Server.call(RPC.java:1025)
	at org.apache.hadoop.ipc.Server$RpcCall.run(Server.java:876)
	at org.apache.hadoop.ipc.Server$RpcCall.run(Server.java:822)
	at java.security.AccessController.doPrivileged(Native Method)
	at javax.security.auth.Subject.doAs(Subject.java:422)
	at org.apache.hadoop.security.UserGroupInformation.doAs(UserGroupInformation.java:1730)
	at org.apache.hadoop.ipc.Server$Handler.run(Server.java:2682)
2019-09-25 12:04:12,981 [IPC Server handler 0 on 43057] WARN  block.BlockManagerImpl (BlockManagerImpl.java:allocateBlock(192)) - Pipeline creation failed for type:RATIS factor:THREE. Retrying get pipelines call once.
org.apache.hadoop.hdds.scm.exceptions.SCMException: Unable to find enough nodes that meet the criteria that cannot engage in more than 5 pipelines. Nodes required: 3 Found: 0, healthy nodes count inNodeManager: 5.
	at org.apache.hadoop.hdds.scm.pipeline.PipelinePlacementPolicy.filterViableNodes(PipelinePlacementPolicy.java:149)
	at org.apache.hadoop.hdds.scm.pipeline.PipelinePlacementPolicy.chooseDatanodes(PipelinePlacementPolicy.java:172)
	at org.apache.hadoop.hdds.scm.pipeline.RatisPipelineProvider.create(RatisPipelineProvider.java:93)
	at org.apache.hadoop.hdds.scm.pipeline.PipelineFactory.create(PipelineFactory.java:58)
	at org.apache.hadoop.hdds.scm.pipeline.SCMPipelineManager.createPipeline(SCMPipelineManager.java:155)
	at org.apache.hadoop.hdds.scm.block.BlockManagerImpl.allocateBlock(BlockManagerImpl.java:190)
	at org.apache.hadoop.hdds.scm.server.SCMBlockProtocolServer.allocateBlock(SCMBlockProtocolServer.java:182)
	at org.apache.hadoop.ozone.protocolPB.ScmBlockLocationProtocolServerSideTranslatorPB.allocateScmBlock(ScmBlockLocationProtocolServerSideTranslatorPB.java:183)
	at org.apache.hadoop.ozone.protocolPB.ScmBlockLocationProtocolServerSideTranslatorPB.processMessage(ScmBlockLocationProtocolServerSideTranslatorPB.java:141)
	at org.apache.hadoop.ozone.protocolPB.ScmBlockLocationProtocolServerSideTranslatorPB.send(ScmBlockLocationProtocolServerSideTranslatorPB.java:116)
	at org.apache.hadoop.hdds.protocol.proto.ScmBlockLocationProtocolProtos$ScmBlockLocationProtocolService$2.callBlockingMethod(ScmBlockLocationProtocolProtos.java:13157)
	at org.apache.hadoop.ipc.ProtobufRpcEngine$Server$ProtoBufRpcInvoker.call(ProtobufRpcEngine.java:524)
	at org.apache.hadoop.ipc.RPC$Server.call(RPC.java:1025)
	at org.apache.hadoop.ipc.Server$RpcCall.run(Server.java:876)
	at org.apache.hadoop.ipc.Server$RpcCall.run(Server.java:822)
	at java.security.AccessController.doPrivileged(Native Method)
	at javax.security.auth.Subject.doAs(Subject.java:422)
	at org.apache.hadoop.security.UserGroupInformation.doAs(UserGroupInformation.java:1730)
	at org.apache.hadoop.ipc.Server$Handler.run(Server.java:2682)
2019-09-25 12:04:12,983 [IPC Server handler 0 on 43057] INFO  block.BlockManagerImpl (BlockManagerImpl.java:allocateBlock(198)) - Could not find available pipeline of type:RATIS and factor:THREE even after retrying
2019-09-25 12:04:12,984 [IPC Server handler 0 on 43057] ERROR block.BlockManagerImpl (BlockManagerImpl.java:allocateBlock(222)) - Unable to allocate a block for the size: 4194304, type: RATIS, factor: THREE
2019-09-25 12:04:12,985 [pool-74-thread-3] ERROR freon.RandomKeyGenerator (RandomKeyGenerator.java:createKey(733)) - Exception while adding key: key-0-68132 in bucket: bucket-0-22465 of volume: vol-0-52277.
INTERNAL_ERROR org.apache.hadoop.ozone.om.exceptions.OMException: Allocated 0 blocks. Requested 5 blocks
	at org.apache.hadoop.ozone.om.protocolPB.OzoneManagerProtocolClientSideTranslatorPB.handleError(OzoneManagerProtocolClientSideTranslatorPB.java:732)
	at org.apache.hadoop.ozone.om.protocolPB.OzoneManagerProtocolClientSideTranslatorPB.openKey(OzoneManagerProtocolClientSideTranslatorPB.java:723)
	at sun.reflect.NativeMethodAccessorImpl.invoke0(Native Method)
	at sun.reflect.NativeMethodAccessorImpl.invoke(NativeMethodAccessorImpl.java:62)
	at sun.reflect.DelegatingMethodAccessorImpl.invoke(DelegatingMethodAccessorImpl.java:43)
	at java.lang.reflect.Method.invoke(Method.java:498)
	at org.apache.hadoop.hdds.tracing.TraceAllMethod.invoke(TraceAllMethod.java:66)
	at com.sun.proxy.$Proxy37.openKey(Unknown Source)
	at org.apache.hadoop.ozone.client.rpc.RpcClient.createKey(RpcClient.java:614)
	at org.apache.hadoop.ozone.client.OzoneBucket.createKey(OzoneBucket.java:325)
	at org.apache.hadoop.ozone.freon.RandomKeyGenerator.createKey(RandomKeyGenerator.java:695)
	at org.apache.hadoop.ozone.freon.RandomKeyGenerator.access$1100(RandomKeyGenerator.java:88)
	at org.apache.hadoop.ozone.freon.RandomKeyGenerator$ObjectCreator.run(RandomKeyGenerator.java:615)
	at java.util.concurrent.Executors$RunnableAdapter.call(Executors.java:511)
	at java.util.concurrent.FutureTask.run(FutureTask.java:266)
	at java.util.concurrent.ThreadPoolExecutor.runWorker(ThreadPoolExecutor.java:1149)
	at java.util.concurrent.ThreadPoolExecutor$Worker.run(ThreadPoolExecutor.java:624)
	at java.lang.Thread.run(Thread.java:748)
2019-09-25 12:04:13,000 [26ee0107-1f2c-48c6-b68f-fb73f18a1c69@group-775E9BAF421D:LeaderElection27] INFO  impl.LeaderElection (LeaderElection.java:askForVotes(182)) - 26ee0107-1f2c-48c6-b68f-fb73f18a1c69@group-775E9BAF421D:LeaderElection27: begin an election at term 1 for -1: [26ee0107-1f2c-48c6-b68f-fb73f18a1c69:192.168.30.6:45618], old=null
2019-09-25 12:04:13,000 [24c3890a-3f13-4340-8313-f577cdc100b6@group-ECD8CABE001D:LeaderElection28] INFO  impl.LeaderElection (LeaderElection.java:askForVotes(182)) - 24c3890a-3f13-4340-8313-f577cdc100b6@group-ECD8CABE001D:LeaderElection28: begin an election at term 1 for -1: [24c3890a-3f13-4340-8313-f577cdc100b6:192.168.30.6:35545], old=null
2019-09-25 12:04:13,000 [26ee0107-1f2c-48c6-b68f-fb73f18a1c69@group-775E9BAF421D:LeaderElection27] INFO  impl.RoleInfo (RoleInfo.java:shutdownLeaderElection(134)) - 26ee0107-1f2c-48c6-b68f-fb73f18a1c69: shutdown LeaderElection
2019-09-25 12:04:13,001 [24c3890a-3f13-4340-8313-f577cdc100b6@group-ECD8CABE001D:LeaderElection28] INFO  impl.RoleInfo (RoleInfo.java:shutdownLeaderElection(134)) - 24c3890a-3f13-4340-8313-f577cdc100b6: shutdown LeaderElection
2019-09-25 12:04:13,001 [26ee0107-1f2c-48c6-b68f-fb73f18a1c69@group-775E9BAF421D:LeaderElection27] INFO  impl.RaftServerImpl (RaftServerImpl.java:setRole(174)) - 26ee0107-1f2c-48c6-b68f-fb73f18a1c69@group-775E9BAF421D: changes role from CANDIDATE to LEADER at term 1 for changeToLeader
2019-09-25 12:04:13,001 [24c3890a-3f13-4340-8313-f577cdc100b6@group-ECD8CABE001D:LeaderElection28] INFO  impl.RaftServerImpl (RaftServerImpl.java:setRole(174)) - 24c3890a-3f13-4340-8313-f577cdc100b6@group-ECD8CABE001D: changes role from CANDIDATE to LEADER at term 1 for changeToLeader
2019-09-25 12:04:13,001 [26ee0107-1f2c-48c6-b68f-fb73f18a1c69@group-775E9BAF421D:LeaderElection27] INFO  impl.RaftServerImpl (ServerState.java:setLeader(253)) - 26ee0107-1f2c-48c6-b68f-fb73f18a1c69@group-775E9BAF421D: change Leader from null to 26ee0107-1f2c-48c6-b68f-fb73f18a1c69 at term 1 for becomeLeader, leader elected after 5219ms
2019-09-25 12:04:13,001 [24c3890a-3f13-4340-8313-f577cdc100b6@group-ECD8CABE001D:LeaderElection28] INFO  impl.RaftServerImpl (ServerState.java:setLeader(253)) - 24c3890a-3f13-4340-8313-f577cdc100b6@group-ECD8CABE001D: change Leader from null to 24c3890a-3f13-4340-8313-f577cdc100b6 at term 1 for becomeLeader, leader elected after 5162ms
2019-09-25 12:04:13,001 [26ee0107-1f2c-48c6-b68f-fb73f18a1c69@group-775E9BAF421D:LeaderElection27] INFO  server.RaftServerConfigKeys (ConfUtils.java:logGet(43)) - raft.server.staging.catchup.gap = 1000 (default)
2019-09-25 12:04:13,001 [24c3890a-3f13-4340-8313-f577cdc100b6@group-ECD8CABE001D:LeaderElection28] INFO  server.RaftServerConfigKeys (ConfUtils.java:logGet(43)) - raft.server.staging.catchup.gap = 1000 (default)
2019-09-25 12:04:13,002 [26ee0107-1f2c-48c6-b68f-fb73f18a1c69@group-775E9BAF421D:LeaderElection27] INFO  server.RaftServerConfigKeys (ConfUtils.java:logGet(43)) - raft.server.rpc.sleep.time = 25ms (default)
2019-09-25 12:04:13,002 [24c3890a-3f13-4340-8313-f577cdc100b6@group-ECD8CABE001D:LeaderElection28] INFO  server.RaftServerConfigKeys (ConfUtils.java:logGet(43)) - raft.server.rpc.sleep.time = 25ms (default)
2019-09-25 12:04:13,002 [26ee0107-1f2c-48c6-b68f-fb73f18a1c69@group-775E9BAF421D:LeaderElection27] INFO  server.RaftServerConfigKeys (ConfUtils.java:logGet(43)) - raft.server.write.element-limit = 4096 (default)
2019-09-25 12:04:13,002 [24c3890a-3f13-4340-8313-f577cdc100b6@group-ECD8CABE001D:LeaderElection28] INFO  server.RaftServerConfigKeys (ConfUtils.java:logGet(43)) - raft.server.write.element-limit = 4096 (default)
2019-09-25 12:04:13,002 [26ee0107-1f2c-48c6-b68f-fb73f18a1c69@group-775E9BAF421D:LeaderElection27] INFO  server.RaftServerConfigKeys (ConfUtils.java:logGet(43)) - raft.server.watch.timeout = 10s (default)
2019-09-25 12:04:13,002 [24c3890a-3f13-4340-8313-f577cdc100b6@group-ECD8CABE001D:LeaderElection28] INFO  server.RaftServerConfigKeys (ConfUtils.java:logGet(43)) - raft.server.watch.timeout = 10s (default)
2019-09-25 12:04:13,003 [26ee0107-1f2c-48c6-b68f-fb73f18a1c69@group-775E9BAF421D:LeaderElection27] INFO  server.RaftServerConfigKeys (ConfUtils.java:logGet(43)) - raft.server.watch.timeout.denomination = 1s (default)
2019-09-25 12:04:13,003 [24c3890a-3f13-4340-8313-f577cdc100b6@group-ECD8CABE001D:LeaderElection28] INFO  server.RaftServerConfigKeys (ConfUtils.java:logGet(43)) - raft.server.watch.timeout.denomination = 1s (default)
2019-09-25 12:04:13,003 [26ee0107-1f2c-48c6-b68f-fb73f18a1c69@group-775E9BAF421D:LeaderElection27] INFO  server.RaftServerConfigKeys (ConfUtils.java:logGet(43)) - raft.server.watch.element-limit = 65536 (default)
2019-09-25 12:04:13,003 [24c3890a-3f13-4340-8313-f577cdc100b6@group-ECD8CABE001D:LeaderElection28] INFO  server.RaftServerConfigKeys (ConfUtils.java:logGet(43)) - raft.server.watch.element-limit = 65536 (default)
2019-09-25 12:04:13,007 [26ee0107-1f2c-48c6-b68f-fb73f18a1c69@group-775E9BAF421D:LeaderElection27] INFO  impl.RoleInfo (RoleInfo.java:updateAndGet(143)) - 26ee0107-1f2c-48c6-b68f-fb73f18a1c69: start LeaderState
2019-09-25 12:04:13,008 [26ee0107-1f2c-48c6-b68f-fb73f18a1c69@group-775E9BAF421D:LeaderElection27] INFO  segmented.SegmentedRaftLogWorker (SegmentedRaftLogWorker.java:startLogSegment(380)) - 26ee0107-1f2c-48c6-b68f-fb73f18a1c69@group-775E9BAF421D-SegmentedRaftLogWorker: Starting segment from index:0
2019-09-25 12:04:13,008 [24c3890a-3f13-4340-8313-f577cdc100b6@group-ECD8CABE001D:LeaderElection28] INFO  impl.RoleInfo (RoleInfo.java:updateAndGet(143)) - 24c3890a-3f13-4340-8313-f577cdc100b6: start LeaderState
2019-09-25 12:04:13,008 [26ee0107-1f2c-48c6-b68f-fb73f18a1c69@group-775E9BAF421D:LeaderElection27] INFO  impl.RaftServerImpl (ServerState.java:setRaftConf(354)) - 26ee0107-1f2c-48c6-b68f-fb73f18a1c69@group-775E9BAF421D: set configuration 0: [26ee0107-1f2c-48c6-b68f-fb73f18a1c69:192.168.30.6:45618], old=null at 0
2019-09-25 12:04:13,009 [24c3890a-3f13-4340-8313-f577cdc100b6@group-ECD8CABE001D:LeaderElection28] INFO  segmented.SegmentedRaftLogWorker (SegmentedRaftLogWorker.java:startLogSegment(380)) - 24c3890a-3f13-4340-8313-f577cdc100b6@group-ECD8CABE001D-SegmentedRaftLogWorker: Starting segment from index:0
2019-09-25 12:04:13,049 [24c3890a-3f13-4340-8313-f577cdc100b6@group-ECD8CABE001D:LeaderElection28] INFO  impl.RaftServerImpl (ServerState.java:setRaftConf(354)) - 24c3890a-3f13-4340-8313-f577cdc100b6@group-ECD8CABE001D: set configuration 0: [24c3890a-3f13-4340-8313-f577cdc100b6:192.168.30.6:35545], old=null at 0
2019-09-25 12:04:13,088 [26ee0107-1f2c-48c6-b68f-fb73f18a1c69@group-775E9BAF421D-SegmentedRaftLogWorker] INFO  segmented.SegmentedRaftLogWorker (SegmentedRaftLogWorker.java:execute(569)) - 26ee0107-1f2c-48c6-b68f-fb73f18a1c69@group-775E9BAF421D-SegmentedRaftLogWorker: created new log segment /workdir/hadoop-ozone/tools/target/test-dir/MiniOzoneClusterImpl-ed893a3b-0dc1-4b26-80b9-38249be7af87/datanode-2/data/ratis/fed5f743-1691-47b4-b8b4-775e9baf421d/current/log_inprogress_0
2019-09-25 12:04:13,112 [24c3890a-3f13-4340-8313-f577cdc100b6@group-ECD8CABE001D-SegmentedRaftLogWorker] INFO  segmented.SegmentedRaftLogWorker (SegmentedRaftLogWorker.java:execute(569)) - 24c3890a-3f13-4340-8313-f577cdc100b6@group-ECD8CABE001D-SegmentedRaftLogWorker: created new log segment /workdir/hadoop-ozone/tools/target/test-dir/MiniOzoneClusterImpl-ed893a3b-0dc1-4b26-80b9-38249be7af87/datanode-3/data/ratis/1ee6043e-5163-454a-87ec-ecd8cabe001d/current/log_inprogress_0
2019-09-25 12:04:13,175 [Thread-300] INFO  impl.FollowerState (FollowerState.java:run(106)) - db9a1ebc-bc0c-4bed-8f15-d50f9a658f38:group-50426DAF56CF changes to CANDIDATE, lastRpcTime:5134, electionTimeout:5134ms
2019-09-25 12:04:13,175 [Thread-300] INFO  impl.RoleInfo (RoleInfo.java:shutdownFollowerState(121)) - db9a1ebc-bc0c-4bed-8f15-d50f9a658f38: shutdown FollowerState
2019-09-25 12:04:13,175 [Thread-300] INFO  impl.RaftServerImpl (RaftServerImpl.java:setRole(174)) - db9a1ebc-bc0c-4bed-8f15-d50f9a658f38@group-50426DAF56CF: changes role from  FOLLOWER to CANDIDATE at term 0 for changeToCandidate
2019-09-25 12:04:13,176 [Thread-300] INFO  impl.RoleInfo (RoleInfo.java:updateAndGet(143)) - db9a1ebc-bc0c-4bed-8f15-d50f9a658f38: start LeaderElection
2019-09-25 12:04:13,192 [db9a1ebc-bc0c-4bed-8f15-d50f9a658f38@group-50426DAF56CF:LeaderElection29] INFO  impl.LeaderElection (LeaderElection.java:askForVotes(182)) - db9a1ebc-bc0c-4bed-8f15-d50f9a658f38@group-50426DAF56CF:LeaderElection29: begin an election at term 1 for -1: [db9a1ebc-bc0c-4bed-8f15-d50f9a658f38:192.168.30.6:39349], old=null
2019-09-25 12:04:13,192 [db9a1ebc-bc0c-4bed-8f15-d50f9a658f38@group-50426DAF56CF:LeaderElection29] INFO  impl.RoleInfo (RoleInfo.java:shutdownLeaderElection(134)) - db9a1ebc-bc0c-4bed-8f15-d50f9a658f38: shutdown LeaderElection
2019-09-25 12:04:13,192 [db9a1ebc-bc0c-4bed-8f15-d50f9a658f38@group-50426DAF56CF:LeaderElection29] INFO  impl.RaftServerImpl (RaftServerImpl.java:setRole(174)) - db9a1ebc-bc0c-4bed-8f15-d50f9a658f38@group-50426DAF56CF: changes role from CANDIDATE to LEADER at term 1 for changeToLeader
2019-09-25 12:04:13,192 [db9a1ebc-bc0c-4bed-8f15-d50f9a658f38@group-50426DAF56CF:LeaderElection29] INFO  impl.RaftServerImpl (ServerState.java:setLeader(253)) - db9a1ebc-bc0c-4bed-8f15-d50f9a658f38@group-50426DAF56CF: change Leader from null to db9a1ebc-bc0c-4bed-8f15-d50f9a658f38 at term 1 for becomeLeader, leader elected after 5289ms
2019-09-25 12:04:13,192 [db9a1ebc-bc0c-4bed-8f15-d50f9a658f38@group-50426DAF56CF:LeaderElection29] INFO  server.RaftServerConfigKeys (ConfUtils.java:logGet(43)) - raft.server.staging.catchup.gap = 1000 (default)
2019-09-25 12:04:13,193 [db9a1ebc-bc0c-4bed-8f15-d50f9a658f38@group-50426DAF56CF:LeaderElection29] INFO  server.RaftServerConfigKeys (ConfUtils.java:logGet(43)) - raft.server.rpc.sleep.time = 25ms (default)
2019-09-25 12:04:13,193 [db9a1ebc-bc0c-4bed-8f15-d50f9a658f38@group-50426DAF56CF:LeaderElection29] INFO  server.RaftServerConfigKeys (ConfUtils.java:logGet(43)) - raft.server.write.element-limit = 4096 (default)
2019-09-25 12:04:13,193 [db9a1ebc-bc0c-4bed-8f15-d50f9a658f38@group-50426DAF56CF:LeaderElection29] INFO  server.RaftServerConfigKeys (ConfUtils.java:logGet(43)) - raft.server.watch.timeout = 10s (default)
2019-09-25 12:04:13,193 [db9a1ebc-bc0c-4bed-8f15-d50f9a658f38@group-50426DAF56CF:LeaderElection29] INFO  server.RaftServerConfigKeys (ConfUtils.java:logGet(43)) - raft.server.watch.timeout.denomination = 1s (default)
2019-09-25 12:04:13,193 [db9a1ebc-bc0c-4bed-8f15-d50f9a658f38@group-50426DAF56CF:LeaderElection29] INFO  server.RaftServerConfigKeys (ConfUtils.java:logGet(43)) - raft.server.watch.element-limit = 65536 (default)
2019-09-25 12:04:13,197 [db9a1ebc-bc0c-4bed-8f15-d50f9a658f38@group-50426DAF56CF:LeaderElection29] INFO  impl.RoleInfo (RoleInfo.java:updateAndGet(143)) - db9a1ebc-bc0c-4bed-8f15-d50f9a658f38: start LeaderState
2019-09-25 12:04:13,198 [db9a1ebc-bc0c-4bed-8f15-d50f9a658f38@group-50426DAF56CF:LeaderElection29] INFO  segmented.SegmentedRaftLogWorker (SegmentedRaftLogWorker.java:startLogSegment(380)) - db9a1ebc-bc0c-4bed-8f15-d50f9a658f38@group-50426DAF56CF-SegmentedRaftLogWorker: Starting segment from index:0
2019-09-25 12:04:13,198 [db9a1ebc-bc0c-4bed-8f15-d50f9a658f38@group-50426DAF56CF:LeaderElection29] INFO  impl.RaftServerImpl (ServerState.java:setRaftConf(354)) - db9a1ebc-bc0c-4bed-8f15-d50f9a658f38@group-50426DAF56CF: set configuration 0: [db9a1ebc-bc0c-4bed-8f15-d50f9a658f38:192.168.30.6:39349], old=null at 0
2019-09-25 12:04:13,241 [Thread-303] INFO  impl.FollowerState (FollowerState.java:run(106)) - 24c3890a-3f13-4340-8313-f577cdc100b6:group-D9B12B9CD871 changes to CANDIDATE, lastRpcTime:5150, electionTimeout:5150ms
2019-09-25 12:04:13,242 [Thread-303] INFO  impl.RoleInfo (RoleInfo.java:shutdownFollowerState(121)) - 24c3890a-3f13-4340-8313-f577cdc100b6: shutdown FollowerState
2019-09-25 12:04:13,242 [Thread-303] INFO  impl.RaftServerImpl (RaftServerImpl.java:setRole(174)) - 24c3890a-3f13-4340-8313-f577cdc100b6@group-D9B12B9CD871: changes role from  FOLLOWER to CANDIDATE at term 0 for changeToCandidate
2019-09-25 12:04:13,242 [Thread-303] INFO  impl.RoleInfo (RoleInfo.java:updateAndGet(143)) - 24c3890a-3f13-4340-8313-f577cdc100b6: start LeaderElection
2019-09-25 12:04:13,254 [db9a1ebc-bc0c-4bed-8f15-d50f9a658f38@group-50426DAF56CF-SegmentedRaftLogWorker] INFO  segmented.SegmentedRaftLogWorker (SegmentedRaftLogWorker.java:execute(569)) - db9a1ebc-bc0c-4bed-8f15-d50f9a658f38@group-50426DAF56CF-SegmentedRaftLogWorker: created new log segment /workdir/hadoop-ozone/tools/target/test-dir/MiniOzoneClusterImpl-ed893a3b-0dc1-4b26-80b9-38249be7af87/datanode-1/data/ratis/487c4f8d-413f-400d-9325-50426daf56cf/current/log_inprogress_0
2019-09-25 12:04:13,258 [24c3890a-3f13-4340-8313-f577cdc100b6@group-D9B12B9CD871:LeaderElection30] INFO  impl.LeaderElection (LeaderElection.java:askForVotes(182)) - 24c3890a-3f13-4340-8313-f577cdc100b6@group-D9B12B9CD871:LeaderElection30: begin an election at term 1 for -1: [24c3890a-3f13-4340-8313-f577cdc100b6:192.168.30.6:35545], old=null
2019-09-25 12:04:13,258 [24c3890a-3f13-4340-8313-f577cdc100b6@group-D9B12B9CD871:LeaderElection30] INFO  impl.RoleInfo (RoleInfo.java:shutdownLeaderElection(134)) - 24c3890a-3f13-4340-8313-f577cdc100b6: shutdown LeaderElection
2019-09-25 12:04:13,258 [24c3890a-3f13-4340-8313-f577cdc100b6@group-D9B12B9CD871:LeaderElection30] INFO  impl.RaftServerImpl (RaftServerImpl.java:setRole(174)) - 24c3890a-3f13-4340-8313-f577cdc100b6@group-D9B12B9CD871: changes role from CANDIDATE to LEADER at term 1 for changeToLeader
2019-09-25 12:04:13,258 [24c3890a-3f13-4340-8313-f577cdc100b6@group-D9B12B9CD871:LeaderElection30] INFO  impl.RaftServerImpl (ServerState.java:setLeader(253)) - 24c3890a-3f13-4340-8313-f577cdc100b6@group-D9B12B9CD871: change Leader from null to 24c3890a-3f13-4340-8313-f577cdc100b6 at term 1 for becomeLeader, leader elected after 5174ms
2019-09-25 12:04:13,258 [24c3890a-3f13-4340-8313-f577cdc100b6@group-D9B12B9CD871:LeaderElection30] INFO  server.RaftServerConfigKeys (ConfUtils.java:logGet(43)) - raft.server.staging.catchup.gap = 1000 (default)
2019-09-25 12:04:13,258 [24c3890a-3f13-4340-8313-f577cdc100b6@group-D9B12B9CD871:LeaderElection30] INFO  server.RaftServerConfigKeys (ConfUtils.java:logGet(43)) - raft.server.rpc.sleep.time = 25ms (default)
2019-09-25 12:04:13,259 [24c3890a-3f13-4340-8313-f577cdc100b6@group-D9B12B9CD871:LeaderElection30] INFO  server.RaftServerConfigKeys (ConfUtils.java:logGet(43)) - raft.server.write.element-limit = 4096 (default)
2019-09-25 12:04:13,259 [24c3890a-3f13-4340-8313-f577cdc100b6@group-D9B12B9CD871:LeaderElection30] INFO  server.RaftServerConfigKeys (ConfUtils.java:logGet(43)) - raft.server.watch.timeout = 10s (default)
2019-09-25 12:04:13,259 [24c3890a-3f13-4340-8313-f577cdc100b6@group-D9B12B9CD871:LeaderElection30] INFO  server.RaftServerConfigKeys (ConfUtils.java:logGet(43)) - raft.server.watch.timeout.denomination = 1s (default)
2019-09-25 12:04:13,259 [24c3890a-3f13-4340-8313-f577cdc100b6@group-D9B12B9CD871:LeaderElection30] INFO  server.RaftServerConfigKeys (ConfUtils.java:logGet(43)) - raft.server.watch.element-limit = 65536 (default)
2019-09-25 12:04:13,262 [24c3890a-3f13-4340-8313-f577cdc100b6@group-D9B12B9CD871:LeaderElection30] INFO  impl.RoleInfo (RoleInfo.java:updateAndGet(143)) - 24c3890a-3f13-4340-8313-f577cdc100b6: start LeaderState
2019-09-25 12:04:13,262 [24c3890a-3f13-4340-8313-f577cdc100b6@group-D9B12B9CD871:LeaderElection30] INFO  segmented.SegmentedRaftLogWorker (SegmentedRaftLogWorker.java:startLogSegment(380)) - 24c3890a-3f13-4340-8313-f577cdc100b6@group-D9B12B9CD871-SegmentedRaftLogWorker: Starting segment from index:0
2019-09-25 12:04:13,262 [24c3890a-3f13-4340-8313-f577cdc100b6@group-D9B12B9CD871:LeaderElection30] INFO  impl.RaftServerImpl (ServerState.java:setRaftConf(354)) - 24c3890a-3f13-4340-8313-f577cdc100b6@group-D9B12B9CD871: set configuration 0: [24c3890a-3f13-4340-8313-f577cdc100b6:192.168.30.6:35545], old=null at 0
2019-09-25 12:04:13,323 [24c3890a-3f13-4340-8313-f577cdc100b6@group-D9B12B9CD871-SegmentedRaftLogWorker] INFO  segmented.SegmentedRaftLogWorker (SegmentedRaftLogWorker.java:execute(569)) - 24c3890a-3f13-4340-8313-f577cdc100b6@group-D9B12B9CD871-SegmentedRaftLogWorker: created new log segment /workdir/hadoop-ozone/tools/target/test-dir/MiniOzoneClusterImpl-ed893a3b-0dc1-4b26-80b9-38249be7af87/datanode-3/data/ratis/6716a2a1-ac90-4aa2-8812-d9b12b9cd871/current/log_inprogress_0
 0.00% |█                                                                                                    |  0/1 Time: 0:00:01 0.00% |█                                                                                                    |  0/1 Time: 0:00:02 0.00% |█                                                                                                    |  0/1 Time: 0:00:03 0.00% |█                                                                                                    |  0/1 Time: 0:00:04 100.00% |█████████████████████████████████████████████████████████████████████████████████████████████████████|  1/1 Time: 0:00:05
]]></system-out>
  </testcase>
</testsuite>