<?xml version="1.0" encoding="UTF-8"?>
<testsuite xmlns:xsi="http://www.w3.org/2001/XMLSchema-instance" xsi:noNamespaceSchemaLocation="https://maven.apache.org/surefire/maven-surefire-plugin/xsd/surefire-test-report.xsd" name="org.apache.hadoop.ozone.client.rpc.TestWatchForCommit" time="258.972" tests="5" errors="1" skipped="0" failures="0">
  <properties>
    <property name="awt.toolkit" value="sun.awt.X11.XToolkit"/>
    <property name="file.encoding.pkg" value="sun.io"/>
    <property name="java.specification.version" value="1.8"/>
    <property name="sun.cpu.isalist" value=""/>
    <property name="sun.jnu.encoding" value="UTF-8"/>
    <property name="java.class.path" value="/workdir/hadoop-ozone/integration-test/target/test-classes:/workdir/hadoop-ozone/integration-test/target/classes:/home/user/.m2/repository/org/apache/hadoop/hadoop-ozone-common/0.5.0-SNAPSHOT/hadoop-ozone-common-0.5.0-SNAPSHOT.jar:/home/user/.m2/repository/org/apache/commons/commons-compress/1.4.1/commons-compress-1.4.1.jar:/home/user/.m2/repository/org/tukaani/xz/1.0/xz-1.0.jar:/home/user/.m2/repository/org/apache/hadoop/hadoop-common/3.2.0/hadoop-common-3.2.0.jar:/home/user/.m2/repository/org/apache/hadoop/hadoop-hdfs/3.2.0/hadoop-hdfs-3.2.0.jar:/home/user/.m2/repository/org/apache/hadoop/hadoop-hdfs-client/3.2.0/hadoop-hdfs-client-3.2.0.jar:/home/user/.m2/repository/com/fasterxml/jackson/core/jackson-annotations/2.9.5/jackson-annotations-2.9.5.jar:/home/user/.m2/repository/org/apache/hadoop/hadoop-hdds-common/0.5.0-SNAPSHOT/hadoop-hdds-common-0.5.0-SNAPSHOT.jar:/home/user/.m2/repository/javax/annotation/javax.annotation-api/1.2/javax.annotation-api-1.2.jar:/home/user/.m2/repository/org/apache/ratis/ratis-server/0.4.0-2337318-SNAPSHOT/ratis-server-0.4.0-2337318-SNAPSHOT.jar:/home/user/.m2/repository/org/apache/ratis/ratis-thirdparty-misc/0.2.0/ratis-thirdparty-misc-0.2.0.jar:/home/user/.m2/repository/org/apache/ratis/ratis-proto/0.4.0-2337318-SNAPSHOT/ratis-proto-0.4.0-2337318-SNAPSHOT.jar:/home/user/.m2/repository/org/apache/ratis/ratis-common/0.4.0-2337318-SNAPSHOT/ratis-common-0.4.0-2337318-SNAPSHOT.jar:/home/user/.m2/repository/org/apache/ratis/ratis-client/0.4.0-2337318-SNAPSHOT/ratis-client-0.4.0-2337318-SNAPSHOT.jar:/home/user/.m2/repository/org/apache/ratis/ratis-metrics/0.4.0-2337318-SNAPSHOT/ratis-metrics-0.4.0-2337318-SNAPSHOT.jar:/home/user/.m2/repository/org/apache/ratis/ratis-netty/0.4.0-2337318-SNAPSHOT/ratis-netty-0.4.0-2337318-SNAPSHOT.jar:/home/user/.m2/repository/org/apache/ratis/ratis-grpc/0.4.0-2337318-SNAPSHOT/ratis-grpc-0.4.0-2337318-SNAPSHOT.jar:/home/user/.m2/repository/org/rocksdb/rocksdbjni/6.0.1/rocksdbjni-6.0.1.jar:/home/user/.m2/repository/org/apache/logging/log4j/log4j-api/2.11.0/log4j-api-2.11.0.jar:/home/user/.m2/repository/org/apache/logging/log4j/log4j-core/2.11.0/log4j-core-2.11.0.jar:/home/user/.m2/repository/com/lmax/disruptor/3.4.2/disruptor-3.4.2.jar:/home/user/.m2/repository/org/apache/commons/commons-pool2/2.6.0/commons-pool2-2.6.0.jar:/home/user/.m2/repository/org/bouncycastle/bcpkix-jdk15on/1.60/bcpkix-jdk15on-1.60.jar:/home/user/.m2/repository/commons-validator/commons-validator/1.6/commons-validator-1.6.jar:/home/user/.m2/repository/commons-digester/commons-digester/1.8.1/commons-digester-1.8.1.jar:/home/user/.m2/repository/io/jaegertracing/jaeger-client/0.33.1/jaeger-client-0.33.1.jar:/home/user/.m2/repository/io/jaegertracing/jaeger-thrift/0.33.1/jaeger-thrift-0.33.1.jar:/home/user/.m2/repository/org/apache/thrift/libthrift/0.11.0/libthrift-0.11.0.jar:/home/user/.m2/repository/com/squareup/okhttp3/okhttp/3.9.0/okhttp-3.9.0.jar:/home/user/.m2/repository/com/squareup/okio/okio/1.13.0/okio-1.13.0.jar:/home/user/.m2/repository/io/jaegertracing/jaeger-core/0.33.1/jaeger-core-0.33.1.jar:/home/user/.m2/repository/io/jaegertracing/jaeger-tracerresolver/0.33.1/jaeger-tracerresolver-0.33.1.jar:/home/user/.m2/repository/io/opentracing/contrib/opentracing-tracerresolver/0.1.5/opentracing-tracerresolver-0.1.5.jar:/home/user/.m2/repository/io/opentracing/opentracing-util/0.31.0/opentracing-util-0.31.0.jar:/home/user/.m2/repository/io/opentracing/opentracing-api/0.31.0/opentracing-api-0.31.0.jar:/home/user/.m2/repository/io/opentracing/opentracing-noop/0.31.0/opentracing-noop-0.31.0.jar:/home/user/.m2/repository/org/apache/hadoop/hadoop-hdds-server-framework/0.5.0-SNAPSHOT/hadoop-hdds-server-framework-0.5.0-SNAPSHOT.jar:/home/user/.m2/repository/org/apache/hadoop/hadoop-hdds-container-service/0.5.0-SNAPSHOT/hadoop-hdds-container-service-0.5.0-SNAPSHOT.jar:/home/user/.m2/repository/org/apache/hadoop/hadoop-hdds-client/0.5.0-SNAPSHOT/hadoop-hdds-client-0.5.0-SNAPSHOT.jar:/home/user/.m2/repository/org/apache/hadoop/hadoop-hdds-tools/0.5.0-SNAPSHOT/hadoop-hdds-tools-0.5.0-SNAPSHOT.jar:/home/user/.m2/repository/org/apache/hadoop/hadoop-hdds-server-scm/0.5.0-SNAPSHOT/hadoop-hdds-server-scm-0.5.0-SNAPSHOT.jar:/home/user/.m2/repository/org/apache/hadoop/hadoop-hdds-docs/0.5.0-SNAPSHOT/hadoop-hdds-docs-0.5.0-SNAPSHOT.jar:/home/user/.m2/repository/io/dropwizard/metrics/metrics-core/3.2.4/metrics-core-3.2.4.jar:/home/user/.m2/repository/org/hamcrest/hamcrest-all/1.3/hamcrest-all-1.3.jar:/home/user/.m2/repository/org/bouncycastle/bcprov-jdk15on/1.60/bcprov-jdk15on-1.60.jar:/home/user/.m2/repository/info/picocli/picocli/3.9.6/picocli-3.9.6.jar:/home/user/.m2/repository/com/google/protobuf/protobuf-java/2.5.0/protobuf-java-2.5.0.jar:/home/user/.m2/repository/com/google/guava/guava/11.0.2/guava-11.0.2.jar:/home/user/.m2/repository/org/apache/hadoop/hadoop-ozone-ozone-manager/0.5.0-SNAPSHOT/hadoop-ozone-ozone-manager-0.5.0-SNAPSHOT.jar:/home/user/.m2/repository/org/apache/hadoop/hadoop-minikdc/3.2.0/hadoop-minikdc-3.2.0.jar:/home/user/.m2/repository/commons-io/commons-io/2.5/commons-io-2.5.jar:/home/user/.m2/repository/org/apache/kerby/kerb-simplekdc/1.0.1/kerb-simplekdc-1.0.1.jar:/home/user/.m2/repository/org/apache/kerby/kerb-client/1.0.1/kerb-client-1.0.1.jar:/home/user/.m2/repository/org/apache/kerby/kerby-config/1.0.1/kerby-config-1.0.1.jar:/home/user/.m2/repository/org/apache/kerby/kerb-core/1.0.1/kerb-core-1.0.1.jar:/home/user/.m2/repository/org/apache/kerby/kerby-pkix/1.0.1/kerby-pkix-1.0.1.jar:/home/user/.m2/repository/org/apache/kerby/kerby-asn1/1.0.1/kerby-asn1-1.0.1.jar:/home/user/.m2/repository/org/apache/kerby/kerby-util/1.0.1/kerby-util-1.0.1.jar:/home/user/.m2/repository/org/apache/kerby/kerb-common/1.0.1/kerb-common-1.0.1.jar:/home/user/.m2/repository/org/apache/kerby/kerb-crypto/1.0.1/kerb-crypto-1.0.1.jar:/home/user/.m2/repository/org/apache/kerby/kerb-util/1.0.1/kerb-util-1.0.1.jar:/home/user/.m2/repository/org/apache/kerby/token-provider/1.0.1/token-provider-1.0.1.jar:/home/user/.m2/repository/org/apache/kerby/kerb-admin/1.0.1/kerb-admin-1.0.1.jar:/home/user/.m2/repository/org/apache/kerby/kerb-server/1.0.1/kerb-server-1.0.1.jar:/home/user/.m2/repository/org/apache/kerby/kerb-identity/1.0.1/kerb-identity-1.0.1.jar:/home/user/.m2/repository/org/apache/kerby/kerby-xdr/1.0.1/kerby-xdr-1.0.1.jar:/home/user/.m2/repository/org/slf4j/slf4j-log4j12/1.7.25/slf4j-log4j12-1.7.25.jar:/home/user/.m2/repository/org/apache/hadoop/hadoop-ozone-objectstore-service/0.5.0-SNAPSHOT/hadoop-ozone-objectstore-service-0.5.0-SNAPSHOT.jar:/home/user/.m2/repository/org/apache/hadoop/hadoop-ozone-s3gateway/0.5.0-SNAPSHOT/hadoop-ozone-s3gateway-0.5.0-SNAPSHOT.jar:/home/user/.m2/repository/org/jboss/weld/servlet/weld-servlet/2.4.7.Final/weld-servlet-2.4.7.Final.jar:/home/user/.m2/repository/org/glassfish/jersey/containers/jersey-container-servlet-core/2.27/jersey-container-servlet-core-2.27.jar:/home/user/.m2/repository/org/glassfish/hk2/external/javax.inject/2.5.0-b42/javax.inject-2.5.0-b42.jar:/home/user/.m2/repository/org/glassfish/jersey/core/jersey-common/2.27/jersey-common-2.27.jar:/home/user/.m2/repository/org/glassfish/hk2/osgi-resource-locator/1.0.1/osgi-resource-locator-1.0.1.jar:/home/user/.m2/repository/javax/ws/rs/javax.ws.rs-api/2.1/javax.ws.rs-api-2.1.jar:/home/user/.m2/repository/org/glassfish/jersey/ext/cdi/jersey-cdi1x/2.27/jersey-cdi1x-2.27.jar:/home/user/.m2/repository/org/glassfish/jersey/inject/jersey-hk2/2.27/jersey-hk2-2.27.jar:/home/user/.m2/repository/org/glassfish/hk2/hk2-locator/2.5.0-b42/hk2-locator-2.5.0-b42.jar:/home/user/.m2/repository/org/javassist/javassist/3.22.0-CR2/javassist-3.22.0-CR2.jar:/home/user/.m2/repository/org/glassfish/hk2/hk2-api/2.5.0/hk2-api-2.5.0.jar:/home/user/.m2/repository/org/glassfish/hk2/external/jakarta.inject/2.5.0/jakarta.inject-2.5.0.jar:/home/user/.m2/repository/org/glassfish/hk2/hk2-utils/2.5.0/hk2-utils-2.5.0.jar:/home/user/.m2/repository/jakarta/annotation/jakarta.annotation-api/1.3.4/jakarta.annotation-api-1.3.4.jar:/home/user/.m2/repository/org/glassfish/hk2/external/aopalliance-repackaged/2.5.0/aopalliance-repackaged-2.5.0.jar:/home/user/.m2/repository/com/fasterxml/jackson/dataformat/jackson-dataformat-xml/2.9.0/jackson-dataformat-xml-2.9.0.jar:/home/user/.m2/repository/com/fasterxml/jackson/core/jackson-core/2.9.5/jackson-core-2.9.5.jar:/home/user/.m2/repository/com/fasterxml/jackson/module/jackson-module-jaxb-annotations/2.9.5/jackson-module-jaxb-annotations-2.9.5.jar:/home/user/.m2/repository/javax/enterprise/cdi-api/1.2/cdi-api-1.2.jar:/home/user/.m2/repository/javax/el/javax.el-api/3.0.0/javax.el-api-3.0.0.jar:/home/user/.m2/repository/javax/interceptor/javax.interceptor-api/1.2/javax.interceptor-api-1.2.jar:/home/user/.m2/repository/javax/inject/javax.inject/1/javax.inject-1.jar:/home/user/.m2/repository/com/sun/xml/bind/jaxb-impl/2.3.0.1/jaxb-impl-2.3.0.1.jar:/home/user/.m2/repository/com/sun/xml/bind/jaxb-core/2.3.0.1/jaxb-core-2.3.0.1.jar:/home/user/.m2/repository/javax/xml/bind/jaxb-api/2.3.0/jaxb-api-2.3.0.jar:/home/user/.m2/repository/javax/activation/activation/1.1.1/activation-1.1.1.jar:/home/user/.m2/repository/org/apache/hadoop/hadoop-ozone-csi/0.5.0-SNAPSHOT/hadoop-ozone-csi-0.5.0-SNAPSHOT.jar:/home/user/.m2/repository/com/google/protobuf/protobuf-java-util/3.5.1/protobuf-java-util-3.5.1.jar:/home/user/.m2/repository/org/apache/hadoop/hadoop-hdds-config/0.5.0-SNAPSHOT/hadoop-hdds-config-0.5.0-SNAPSHOT.jar:/home/user/.m2/repository/io/grpc/grpc-netty/1.17.1/grpc-netty-1.17.1.jar:/home/user/.m2/repository/io/grpc/grpc-core/1.17.1/grpc-core-1.17.1.jar:/home/user/.m2/repository/io/grpc/grpc-context/1.17.1/grpc-context-1.17.1.jar:/home/user/.m2/repository/com/google/errorprone/error_prone_annotations/2.2.0/error_prone_annotations-2.2.0.jar:/home/user/.m2/repository/org/codehaus/mojo/animal-sniffer-annotations/1.17/animal-sniffer-annotations-1.17.jar:/home/user/.m2/repository/io/opencensus/opencensus-api/0.17.0/opencensus-api-0.17.0.jar:/home/user/.m2/repository/io/opencensus/opencensus-contrib-grpc-metrics/0.17.0/opencensus-contrib-grpc-metrics-0.17.0.jar:/home/user/.m2/repository/io/netty/netty-codec-http2/4.1.30.Final/netty-codec-http2-4.1.30.Final.jar:/home/user/.m2/repository/io/netty/netty-codec-http/4.1.30.Final/netty-codec-http-4.1.30.Final.jar:/home/user/.m2/repository/io/netty/netty-codec/4.1.30.Final/netty-codec-4.1.30.Final.jar:/home/user/.m2/repository/io/netty/netty-handler/4.1.30.Final/netty-handler-4.1.30.Final.jar:/home/user/.m2/repository/io/netty/netty-handler-proxy/4.1.30.Final/netty-handler-proxy-4.1.30.Final.jar:/home/user/.m2/repository/io/netty/netty-codec-socks/4.1.30.Final/netty-codec-socks-4.1.30.Final.jar:/home/user/.m2/repository/io/netty/netty-transport-native-epoll/4.1.30.Final/netty-transport-native-epoll-4.1.30.Final.jar:/home/user/.m2/repository/io/netty/netty-common/4.1.30.Final/netty-common-4.1.30.Final.jar:/home/user/.m2/repository/io/netty/netty-buffer/4.1.30.Final/netty-buffer-4.1.30.Final.jar:/home/user/.m2/repository/io/netty/netty-transport/4.1.30.Final/netty-transport-4.1.30.Final.jar:/home/user/.m2/repository/io/netty/netty-resolver/4.1.30.Final/netty-resolver-4.1.30.Final.jar:/home/user/.m2/repository/io/netty/netty-transport-native-unix-common/4.1.30.Final/netty-transport-native-unix-common-4.1.30.Final.jar:/home/user/.m2/repository/io/grpc/grpc-protobuf/1.17.1/grpc-protobuf-1.17.1.jar:/home/user/.m2/repository/com/google/api/grpc/proto-google-common-protos/1.0.0/proto-google-common-protos-1.0.0.jar:/home/user/.m2/repository/io/grpc/grpc-protobuf-lite/1.17.1/grpc-protobuf-lite-1.17.1.jar:/home/user/.m2/repository/io/grpc/grpc-stub/1.17.1/grpc-stub-1.17.1.jar:/home/user/.m2/repository/org/apache/hadoop/hadoop-ozone-recon/0.5.0-SNAPSHOT/hadoop-ozone-recon-0.5.0-SNAPSHOT.jar:/home/user/.m2/repository/org/apache/hadoop/hadoop-ozone-reconcodegen/0.5.0-SNAPSHOT/hadoop-ozone-reconcodegen-0.5.0-SNAPSHOT.jar:/home/user/.m2/repository/com/google/inject/extensions/guice-multibindings/4.0/guice-multibindings-4.0.jar:/home/user/.m2/repository/com/google/inject/guice/4.0/guice-4.0.jar:/home/user/.m2/repository/aopalliance/aopalliance/1.0/aopalliance-1.0.jar:/home/user/.m2/repository/com/google/inject/extensions/guice-servlet/4.0/guice-servlet-4.0.jar:/home/user/.m2/repository/org/glassfish/jersey/containers/jersey-container-servlet/2.27/jersey-container-servlet-2.27.jar:/home/user/.m2/repository/org/glassfish/hk2/guice-bridge/2.5.0/guice-bridge-2.5.0.jar:/home/user/.m2/repository/org/glassfish/jersey/core/jersey-server/2.27/jersey-server-2.27.jar:/home/user/.m2/repository/org/glassfish/jersey/core/jersey-client/2.27/jersey-client-2.27.jar:/home/user/.m2/repository/org/glassfish/jersey/media/jersey-media-jaxb/2.27/jersey-media-jaxb-2.27.jar:/home/user/.m2/repository/javax/validation/validation-api/1.1.0.Final/validation-api-1.1.0.Final.jar:/home/user/.m2/repository/org/glassfish/jersey/media/jersey-media-json-jackson/2.27/jersey-media-json-jackson-2.27.jar:/home/user/.m2/repository/org/glassfish/jersey/ext/jersey-entity-filtering/2.27/jersey-entity-filtering-2.27.jar:/home/user/.m2/repository/com/google/inject/extensions/guice-assistedinject/4.0/guice-assistedinject-4.0.jar:/home/user/.m2/repository/org/jooq/jooq/3.11.10/jooq-3.11.10.jar:/home/user/.m2/repository/org/jooq/jooq-meta/3.11.10/jooq-meta-3.11.10.jar:/home/user/.m2/repository/org/jooq/jooq-codegen/3.11.10/jooq-codegen-3.11.10.jar:/home/user/.m2/repository/com/jolbox/bonecp/0.8.0.RELEASE/bonecp-0.8.0.RELEASE.jar:/home/user/.m2/repository/org/xerial/sqlite-jdbc/3.25.2/sqlite-jdbc-3.25.2.jar:/home/user/.m2/repository/org/springframework/spring-jdbc/5.1.3.RELEASE/spring-jdbc-5.1.3.RELEASE.jar:/home/user/.m2/repository/org/springframework/spring-beans/5.1.3.RELEASE/spring-beans-5.1.3.RELEASE.jar:/home/user/.m2/repository/org/springframework/spring-core/5.1.3.RELEASE/spring-core-5.1.3.RELEASE.jar:/home/user/.m2/repository/org/springframework/spring-jcl/5.1.3.RELEASE/spring-jcl-5.1.3.RELEASE.jar:/home/user/.m2/repository/org/springframework/spring-tx/5.1.3.RELEASE/spring-tx-5.1.3.RELEASE.jar:/home/user/.m2/repository/org/apache/hadoop/hadoop-ozone-client/0.5.0-SNAPSHOT/hadoop-ozone-client-0.5.0-SNAPSHOT.jar:/home/user/.m2/repository/commons-lang/commons-lang/2.6/commons-lang-2.6.jar:/home/user/.m2/repository/org/apache/hadoop/hadoop-ozone-ozone-manager/0.5.0-SNAPSHOT/hadoop-ozone-ozone-manager-0.5.0-SNAPSHOT-tests.jar:/home/user/.m2/repository/junit/junit/4.11/junit-4.11.jar:/home/user/.m2/repository/org/hamcrest/hamcrest-core/1.3/hamcrest-core-1.3.jar:/home/user/.m2/repository/org/openjdk/jmh/jmh-core/1.19/jmh-core-1.19.jar:/home/user/.m2/repository/net/sf/jopt-simple/jopt-simple/4.6/jopt-simple-4.6.jar:/home/user/.m2/repository/org/apache/commons/commons-math3/3.1.1/commons-math3-3.1.1.jar:/home/user/.m2/repository/org/openjdk/jmh/jmh-generator-annprocess/1.19/jmh-generator-annprocess-1.19.jar:/home/user/.m2/repository/org/mockito/mockito-all/1.8.5/mockito-all-1.8.5.jar:/home/user/.m2/repository/org/apache/hadoop/hadoop-kms/3.2.0/hadoop-kms-3.2.0.jar:/home/user/.m2/repository/org/apache/hadoop/hadoop-auth/3.2.0/hadoop-auth-3.2.0.jar:/home/user/.m2/repository/com/nimbusds/nimbus-jose-jwt/4.41.1/nimbus-jose-jwt-4.41.1.jar:/home/user/.m2/repository/com/github/stephenc/jcip/jcip-annotations/1.0-1/jcip-annotations-1.0-1.jar:/home/user/.m2/repository/net/minidev/json-smart/2.3/json-smart-2.3.jar:/home/user/.m2/repository/net/minidev/accessors-smart/1.2/accessors-smart-1.2.jar:/home/user/.m2/repository/org/ow2/asm/asm/5.0.4/asm-5.0.4.jar:/home/user/.m2/repository/org/apache/curator/curator-framework/2.12.0/curator-framework-2.12.0.jar:/home/user/.m2/repository/com/sun/jersey/jersey-core/1.19/jersey-core-1.19.jar:/home/user/.m2/repository/javax/ws/rs/jsr311-api/1.1.1/jsr311-api-1.1.1.jar:/home/user/.m2/repository/com/sun/jersey/jersey-server/1.19/jersey-server-1.19.jar:/home/user/.m2/repository/javax/servlet/javax.servlet-api/3.1.0/javax.servlet-api-3.1.0.jar:/home/user/.m2/repository/org/eclipse/jetty/jetty-server/9.3.24.v20180605/jetty-server-9.3.24.v20180605.jar:/home/user/.m2/repository/org/eclipse/jetty/jetty-http/9.3.24.v20180605/jetty-http-9.3.24.v20180605.jar:/home/user/.m2/repository/org/eclipse/jetty/jetty-io/9.3.24.v20180605/jetty-io-9.3.24.v20180605.jar:/home/user/.m2/repository/org/eclipse/jetty/jetty-webapp/9.3.24.v20180605/jetty-webapp-9.3.24.v20180605.jar:/home/user/.m2/repository/org/eclipse/jetty/jetty-xml/9.3.24.v20180605/jetty-xml-9.3.24.v20180605.jar:/home/user/.m2/repository/log4j/log4j/1.2.17/log4j-1.2.17.jar:/home/user/.m2/repository/org/slf4j/slf4j-api/1.7.25/slf4j-api-1.7.25.jar:/home/user/.m2/repository/org/slf4j/jul-to-slf4j/1.7.25/jul-to-slf4j-1.7.25.jar:/home/user/.m2/repository/org/eclipse/jetty/jetty-util/9.3.24.v20180605/jetty-util-9.3.24.v20180605.jar:/home/user/.m2/repository/com/fasterxml/jackson/core/jackson-databind/2.9.5/jackson-databind-2.9.5.jar:/home/user/.m2/repository/org/apache/hadoop/hadoop-kms/3.2.0/hadoop-kms-3.2.0-tests.jar:/home/user/.m2/repository/org/apache/hadoop/hadoop-hdds-server-scm/0.5.0-SNAPSHOT/hadoop-hdds-server-scm-0.5.0-SNAPSHOT-tests.jar:/home/user/.m2/repository/org/apache/hadoop/hadoop-hdds-container-service/0.5.0-SNAPSHOT/hadoop-hdds-container-service-0.5.0-SNAPSHOT-tests.jar:/home/user/.m2/repository/org/yaml/snakeyaml/1.16/snakeyaml-1.16.jar:/home/user/.m2/repository/org/apache/hadoop/hadoop-common/3.2.0/hadoop-common-3.2.0-tests.jar:/home/user/.m2/repository/org/apache/hadoop/hadoop-annotations/3.2.0/hadoop-annotations-3.2.0.jar:/usr/lib/jvm/java-1.8-openjdk/jre/../lib/tools.jar:/home/user/.m2/repository/commons-cli/commons-cli/1.2/commons-cli-1.2.jar:/home/user/.m2/repository/org/apache/httpcomponents/httpclient/4.5.2/httpclient-4.5.2.jar:/home/user/.m2/repository/org/apache/httpcomponents/httpcore/4.4.4/httpcore-4.4.4.jar:/home/user/.m2/repository/commons-codec/commons-codec/1.11/commons-codec-1.11.jar:/home/user/.m2/repository/commons-net/commons-net/3.6/commons-net-3.6.jar:/home/user/.m2/repository/commons-collections/commons-collections/3.2.2/commons-collections-3.2.2.jar:/home/user/.m2/repository/org/eclipse/jetty/jetty-servlet/9.3.24.v20180605/jetty-servlet-9.3.24.v20180605.jar:/home/user/.m2/repository/org/eclipse/jetty/jetty-security/9.3.24.v20180605/jetty-security-9.3.24.v20180605.jar:/home/user/.m2/repository/javax/servlet/jsp/jsp-api/2.1/jsp-api-2.1.jar:/home/user/.m2/repository/com/sun/jersey/jersey-servlet/1.19/jersey-servlet-1.19.jar:/home/user/.m2/repository/com/sun/jersey/jersey-json/1.19/jersey-json-1.19.jar:/home/user/.m2/repository/org/codehaus/jettison/jettison/1.1/jettison-1.1.jar:/home/user/.m2/repository/org/codehaus/jackson/jackson-core-asl/1.9.13/jackson-core-asl-1.9.13.jar:/home/user/.m2/repository/org/codehaus/jackson/jackson-mapper-asl/1.9.13/jackson-mapper-asl-1.9.13.jar:/home/user/.m2/repository/org/codehaus/jackson/jackson-jaxrs/1.9.13/jackson-jaxrs-1.9.13.jar:/home/user/.m2/repository/org/codehaus/jackson/jackson-xc/1.9.13/jackson-xc-1.9.13.jar:/home/user/.m2/repository/commons-logging/commons-logging/1.1.3/commons-logging-1.1.3.jar:/home/user/.m2/repository/commons-beanutils/commons-beanutils/1.9.3/commons-beanutils-1.9.3.jar:/home/user/.m2/repository/org/apache/commons/commons-configuration2/2.1.1/commons-configuration2-2.1.1.jar:/home/user/.m2/repository/org/apache/commons/commons-lang3/3.7/commons-lang3-3.7.jar:/home/user/.m2/repository/org/apache/commons/commons-text/1.4/commons-text-1.4.jar:/home/user/.m2/repository/org/apache/avro/avro/1.7.7/avro-1.7.7.jar:/home/user/.m2/repository/com/thoughtworks/paranamer/paranamer/2.3/paranamer-2.3.jar:/home/user/.m2/repository/org/xerial/snappy/snappy-java/1.0.5/snappy-java-1.0.5.jar:/home/user/.m2/repository/com/google/re2j/re2j/1.1/re2j-1.1.jar:/home/user/.m2/repository/com/google/code/gson/gson/2.2.4/gson-2.2.4.jar:/home/user/.m2/repository/com/jcraft/jsch/0.1.54/jsch-0.1.54.jar:/home/user/.m2/repository/org/apache/curator/curator-client/2.12.0/curator-client-2.12.0.jar:/home/user/.m2/repository/org/apache/curator/curator-recipes/2.12.0/curator-recipes-2.12.0.jar:/home/user/.m2/repository/com/google/code/findbugs/jsr305/3.0.0/jsr305-3.0.0.jar:/home/user/.m2/repository/org/apache/htrace/htrace-core4/4.1.0-incubating/htrace-core4-4.1.0-incubating.jar:/home/user/.m2/repository/org/apache/zookeeper/zookeeper/3.4.13/zookeeper-3.4.13.jar:/home/user/.m2/repository/org/apache/yetus/audience-annotations/0.5.0/audience-annotations-0.5.0.jar:/home/user/.m2/repository/org/codehaus/woodstox/stax2-api/3.1.4/stax2-api-3.1.4.jar:/home/user/.m2/repository/com/fasterxml/woodstox/woodstox-core/5.0.3/woodstox-core-5.0.3.jar:/home/user/.m2/repository/dnsjava/dnsjava/2.1.7/dnsjava-2.1.7.jar:/home/user/.m2/repository/org/apache/hadoop/hadoop-hdfs/3.2.0/hadoop-hdfs-3.2.0-tests.jar:/home/user/.m2/repository/org/eclipse/jetty/jetty-util-ajax/9.3.24.v20180605/jetty-util-ajax-9.3.24.v20180605.jar:/home/user/.m2/repository/commons-daemon/commons-daemon/1.0.13/commons-daemon-1.0.13.jar:/home/user/.m2/repository/io/netty/netty/3.10.5.Final/netty-3.10.5.Final.jar:/home/user/.m2/repository/io/netty/netty-all/4.0.52.Final/netty-all-4.0.52.Final.jar:/home/user/.m2/repository/org/fusesource/leveldbjni/leveldbjni-all/1.8/leveldbjni-all-1.8.jar:"/>
    <property name="java.vm.vendor" value="IcedTea"/>
    <property name="sun.arch.data.model" value="64"/>
    <property name="test.build.dir" value="/workdir/hadoop-ozone/integration-test/target/test-dir"/>
    <property name="test.cache.data" value=""/>
    <property name="java.vendor.url" value="https://icedtea.classpath.org"/>
    <property name="user.timezone" value=""/>
    <property name="java.vm.specification.version" value="1.8"/>
    <property name="os.name" value="Linux"/>
    <property name="test.build.data" value="/workdir/hadoop-ozone/integration-test/target/test-dir"/>
    <property name="user.country" value="US"/>
    <property name="sun.java.launcher" value="SUN_STANDARD"/>
    <property name="sun.boot.library.path" value="/usr/lib/jvm/java-1.8-openjdk/jre/lib/amd64"/>
    <property name="sun.java.command" value="/workdir/hadoop-ozone/integration-test/target/surefire/surefirebooter878971692774049940.jar /workdir/hadoop-ozone/integration-test/target/surefire 2019-08-20T17-04-00_547-jvmRun1 surefire319988200722314441tmp surefire_195262499240166425780tmp"/>
    <property name="test" value="!TestMiniChaosOzoneCluster"/>
    <property name="surefire.test.class.path" value="/workdir/hadoop-ozone/integration-test/target/test-classes:/workdir/hadoop-ozone/integration-test/target/classes:/home/user/.m2/repository/org/apache/hadoop/hadoop-ozone-common/0.5.0-SNAPSHOT/hadoop-ozone-common-0.5.0-SNAPSHOT.jar:/home/user/.m2/repository/org/apache/commons/commons-compress/1.4.1/commons-compress-1.4.1.jar:/home/user/.m2/repository/org/tukaani/xz/1.0/xz-1.0.jar:/home/user/.m2/repository/org/apache/hadoop/hadoop-common/3.2.0/hadoop-common-3.2.0.jar:/home/user/.m2/repository/org/apache/hadoop/hadoop-hdfs/3.2.0/hadoop-hdfs-3.2.0.jar:/home/user/.m2/repository/org/apache/hadoop/hadoop-hdfs-client/3.2.0/hadoop-hdfs-client-3.2.0.jar:/home/user/.m2/repository/com/fasterxml/jackson/core/jackson-annotations/2.9.5/jackson-annotations-2.9.5.jar:/home/user/.m2/repository/org/apache/hadoop/hadoop-hdds-common/0.5.0-SNAPSHOT/hadoop-hdds-common-0.5.0-SNAPSHOT.jar:/home/user/.m2/repository/javax/annotation/javax.annotation-api/1.2/javax.annotation-api-1.2.jar:/home/user/.m2/repository/org/apache/ratis/ratis-server/0.4.0-2337318-SNAPSHOT/ratis-server-0.4.0-2337318-SNAPSHOT.jar:/home/user/.m2/repository/org/apache/ratis/ratis-thirdparty-misc/0.2.0/ratis-thirdparty-misc-0.2.0.jar:/home/user/.m2/repository/org/apache/ratis/ratis-proto/0.4.0-2337318-SNAPSHOT/ratis-proto-0.4.0-2337318-SNAPSHOT.jar:/home/user/.m2/repository/org/apache/ratis/ratis-common/0.4.0-2337318-SNAPSHOT/ratis-common-0.4.0-2337318-SNAPSHOT.jar:/home/user/.m2/repository/org/apache/ratis/ratis-client/0.4.0-2337318-SNAPSHOT/ratis-client-0.4.0-2337318-SNAPSHOT.jar:/home/user/.m2/repository/org/apache/ratis/ratis-metrics/0.4.0-2337318-SNAPSHOT/ratis-metrics-0.4.0-2337318-SNAPSHOT.jar:/home/user/.m2/repository/org/apache/ratis/ratis-netty/0.4.0-2337318-SNAPSHOT/ratis-netty-0.4.0-2337318-SNAPSHOT.jar:/home/user/.m2/repository/org/apache/ratis/ratis-grpc/0.4.0-2337318-SNAPSHOT/ratis-grpc-0.4.0-2337318-SNAPSHOT.jar:/home/user/.m2/repository/org/rocksdb/rocksdbjni/6.0.1/rocksdbjni-6.0.1.jar:/home/user/.m2/repository/org/apache/logging/log4j/log4j-api/2.11.0/log4j-api-2.11.0.jar:/home/user/.m2/repository/org/apache/logging/log4j/log4j-core/2.11.0/log4j-core-2.11.0.jar:/home/user/.m2/repository/com/lmax/disruptor/3.4.2/disruptor-3.4.2.jar:/home/user/.m2/repository/org/apache/commons/commons-pool2/2.6.0/commons-pool2-2.6.0.jar:/home/user/.m2/repository/org/bouncycastle/bcpkix-jdk15on/1.60/bcpkix-jdk15on-1.60.jar:/home/user/.m2/repository/commons-validator/commons-validator/1.6/commons-validator-1.6.jar:/home/user/.m2/repository/commons-digester/commons-digester/1.8.1/commons-digester-1.8.1.jar:/home/user/.m2/repository/io/jaegertracing/jaeger-client/0.33.1/jaeger-client-0.33.1.jar:/home/user/.m2/repository/io/jaegertracing/jaeger-thrift/0.33.1/jaeger-thrift-0.33.1.jar:/home/user/.m2/repository/org/apache/thrift/libthrift/0.11.0/libthrift-0.11.0.jar:/home/user/.m2/repository/com/squareup/okhttp3/okhttp/3.9.0/okhttp-3.9.0.jar:/home/user/.m2/repository/com/squareup/okio/okio/1.13.0/okio-1.13.0.jar:/home/user/.m2/repository/io/jaegertracing/jaeger-core/0.33.1/jaeger-core-0.33.1.jar:/home/user/.m2/repository/io/jaegertracing/jaeger-tracerresolver/0.33.1/jaeger-tracerresolver-0.33.1.jar:/home/user/.m2/repository/io/opentracing/contrib/opentracing-tracerresolver/0.1.5/opentracing-tracerresolver-0.1.5.jar:/home/user/.m2/repository/io/opentracing/opentracing-util/0.31.0/opentracing-util-0.31.0.jar:/home/user/.m2/repository/io/opentracing/opentracing-api/0.31.0/opentracing-api-0.31.0.jar:/home/user/.m2/repository/io/opentracing/opentracing-noop/0.31.0/opentracing-noop-0.31.0.jar:/home/user/.m2/repository/org/apache/hadoop/hadoop-hdds-server-framework/0.5.0-SNAPSHOT/hadoop-hdds-server-framework-0.5.0-SNAPSHOT.jar:/home/user/.m2/repository/org/apache/hadoop/hadoop-hdds-container-service/0.5.0-SNAPSHOT/hadoop-hdds-container-service-0.5.0-SNAPSHOT.jar:/home/user/.m2/repository/org/apache/hadoop/hadoop-hdds-client/0.5.0-SNAPSHOT/hadoop-hdds-client-0.5.0-SNAPSHOT.jar:/home/user/.m2/repository/org/apache/hadoop/hadoop-hdds-tools/0.5.0-SNAPSHOT/hadoop-hdds-tools-0.5.0-SNAPSHOT.jar:/home/user/.m2/repository/org/apache/hadoop/hadoop-hdds-server-scm/0.5.0-SNAPSHOT/hadoop-hdds-server-scm-0.5.0-SNAPSHOT.jar:/home/user/.m2/repository/org/apache/hadoop/hadoop-hdds-docs/0.5.0-SNAPSHOT/hadoop-hdds-docs-0.5.0-SNAPSHOT.jar:/home/user/.m2/repository/io/dropwizard/metrics/metrics-core/3.2.4/metrics-core-3.2.4.jar:/home/user/.m2/repository/org/hamcrest/hamcrest-all/1.3/hamcrest-all-1.3.jar:/home/user/.m2/repository/org/bouncycastle/bcprov-jdk15on/1.60/bcprov-jdk15on-1.60.jar:/home/user/.m2/repository/info/picocli/picocli/3.9.6/picocli-3.9.6.jar:/home/user/.m2/repository/com/google/protobuf/protobuf-java/2.5.0/protobuf-java-2.5.0.jar:/home/user/.m2/repository/com/google/guava/guava/11.0.2/guava-11.0.2.jar:/home/user/.m2/repository/org/apache/hadoop/hadoop-ozone-ozone-manager/0.5.0-SNAPSHOT/hadoop-ozone-ozone-manager-0.5.0-SNAPSHOT.jar:/home/user/.m2/repository/org/apache/hadoop/hadoop-minikdc/3.2.0/hadoop-minikdc-3.2.0.jar:/home/user/.m2/repository/commons-io/commons-io/2.5/commons-io-2.5.jar:/home/user/.m2/repository/org/apache/kerby/kerb-simplekdc/1.0.1/kerb-simplekdc-1.0.1.jar:/home/user/.m2/repository/org/apache/kerby/kerb-client/1.0.1/kerb-client-1.0.1.jar:/home/user/.m2/repository/org/apache/kerby/kerby-config/1.0.1/kerby-config-1.0.1.jar:/home/user/.m2/repository/org/apache/kerby/kerb-core/1.0.1/kerb-core-1.0.1.jar:/home/user/.m2/repository/org/apache/kerby/kerby-pkix/1.0.1/kerby-pkix-1.0.1.jar:/home/user/.m2/repository/org/apache/kerby/kerby-asn1/1.0.1/kerby-asn1-1.0.1.jar:/home/user/.m2/repository/org/apache/kerby/kerby-util/1.0.1/kerby-util-1.0.1.jar:/home/user/.m2/repository/org/apache/kerby/kerb-common/1.0.1/kerb-common-1.0.1.jar:/home/user/.m2/repository/org/apache/kerby/kerb-crypto/1.0.1/kerb-crypto-1.0.1.jar:/home/user/.m2/repository/org/apache/kerby/kerb-util/1.0.1/kerb-util-1.0.1.jar:/home/user/.m2/repository/org/apache/kerby/token-provider/1.0.1/token-provider-1.0.1.jar:/home/user/.m2/repository/org/apache/kerby/kerb-admin/1.0.1/kerb-admin-1.0.1.jar:/home/user/.m2/repository/org/apache/kerby/kerb-server/1.0.1/kerb-server-1.0.1.jar:/home/user/.m2/repository/org/apache/kerby/kerb-identity/1.0.1/kerb-identity-1.0.1.jar:/home/user/.m2/repository/org/apache/kerby/kerby-xdr/1.0.1/kerby-xdr-1.0.1.jar:/home/user/.m2/repository/org/slf4j/slf4j-log4j12/1.7.25/slf4j-log4j12-1.7.25.jar:/home/user/.m2/repository/org/apache/hadoop/hadoop-ozone-objectstore-service/0.5.0-SNAPSHOT/hadoop-ozone-objectstore-service-0.5.0-SNAPSHOT.jar:/home/user/.m2/repository/org/apache/hadoop/hadoop-ozone-s3gateway/0.5.0-SNAPSHOT/hadoop-ozone-s3gateway-0.5.0-SNAPSHOT.jar:/home/user/.m2/repository/org/jboss/weld/servlet/weld-servlet/2.4.7.Final/weld-servlet-2.4.7.Final.jar:/home/user/.m2/repository/org/glassfish/jersey/containers/jersey-container-servlet-core/2.27/jersey-container-servlet-core-2.27.jar:/home/user/.m2/repository/org/glassfish/hk2/external/javax.inject/2.5.0-b42/javax.inject-2.5.0-b42.jar:/home/user/.m2/repository/org/glassfish/jersey/core/jersey-common/2.27/jersey-common-2.27.jar:/home/user/.m2/repository/org/glassfish/hk2/osgi-resource-locator/1.0.1/osgi-resource-locator-1.0.1.jar:/home/user/.m2/repository/javax/ws/rs/javax.ws.rs-api/2.1/javax.ws.rs-api-2.1.jar:/home/user/.m2/repository/org/glassfish/jersey/ext/cdi/jersey-cdi1x/2.27/jersey-cdi1x-2.27.jar:/home/user/.m2/repository/org/glassfish/jersey/inject/jersey-hk2/2.27/jersey-hk2-2.27.jar:/home/user/.m2/repository/org/glassfish/hk2/hk2-locator/2.5.0-b42/hk2-locator-2.5.0-b42.jar:/home/user/.m2/repository/org/javassist/javassist/3.22.0-CR2/javassist-3.22.0-CR2.jar:/home/user/.m2/repository/org/glassfish/hk2/hk2-api/2.5.0/hk2-api-2.5.0.jar:/home/user/.m2/repository/org/glassfish/hk2/external/jakarta.inject/2.5.0/jakarta.inject-2.5.0.jar:/home/user/.m2/repository/org/glassfish/hk2/hk2-utils/2.5.0/hk2-utils-2.5.0.jar:/home/user/.m2/repository/jakarta/annotation/jakarta.annotation-api/1.3.4/jakarta.annotation-api-1.3.4.jar:/home/user/.m2/repository/org/glassfish/hk2/external/aopalliance-repackaged/2.5.0/aopalliance-repackaged-2.5.0.jar:/home/user/.m2/repository/com/fasterxml/jackson/dataformat/jackson-dataformat-xml/2.9.0/jackson-dataformat-xml-2.9.0.jar:/home/user/.m2/repository/com/fasterxml/jackson/core/jackson-core/2.9.5/jackson-core-2.9.5.jar:/home/user/.m2/repository/com/fasterxml/jackson/module/jackson-module-jaxb-annotations/2.9.5/jackson-module-jaxb-annotations-2.9.5.jar:/home/user/.m2/repository/javax/enterprise/cdi-api/1.2/cdi-api-1.2.jar:/home/user/.m2/repository/javax/el/javax.el-api/3.0.0/javax.el-api-3.0.0.jar:/home/user/.m2/repository/javax/interceptor/javax.interceptor-api/1.2/javax.interceptor-api-1.2.jar:/home/user/.m2/repository/javax/inject/javax.inject/1/javax.inject-1.jar:/home/user/.m2/repository/com/sun/xml/bind/jaxb-impl/2.3.0.1/jaxb-impl-2.3.0.1.jar:/home/user/.m2/repository/com/sun/xml/bind/jaxb-core/2.3.0.1/jaxb-core-2.3.0.1.jar:/home/user/.m2/repository/javax/xml/bind/jaxb-api/2.3.0/jaxb-api-2.3.0.jar:/home/user/.m2/repository/javax/activation/activation/1.1.1/activation-1.1.1.jar:/home/user/.m2/repository/org/apache/hadoop/hadoop-ozone-csi/0.5.0-SNAPSHOT/hadoop-ozone-csi-0.5.0-SNAPSHOT.jar:/home/user/.m2/repository/com/google/protobuf/protobuf-java-util/3.5.1/protobuf-java-util-3.5.1.jar:/home/user/.m2/repository/org/apache/hadoop/hadoop-hdds-config/0.5.0-SNAPSHOT/hadoop-hdds-config-0.5.0-SNAPSHOT.jar:/home/user/.m2/repository/io/grpc/grpc-netty/1.17.1/grpc-netty-1.17.1.jar:/home/user/.m2/repository/io/grpc/grpc-core/1.17.1/grpc-core-1.17.1.jar:/home/user/.m2/repository/io/grpc/grpc-context/1.17.1/grpc-context-1.17.1.jar:/home/user/.m2/repository/com/google/errorprone/error_prone_annotations/2.2.0/error_prone_annotations-2.2.0.jar:/home/user/.m2/repository/org/codehaus/mojo/animal-sniffer-annotations/1.17/animal-sniffer-annotations-1.17.jar:/home/user/.m2/repository/io/opencensus/opencensus-api/0.17.0/opencensus-api-0.17.0.jar:/home/user/.m2/repository/io/opencensus/opencensus-contrib-grpc-metrics/0.17.0/opencensus-contrib-grpc-metrics-0.17.0.jar:/home/user/.m2/repository/io/netty/netty-codec-http2/4.1.30.Final/netty-codec-http2-4.1.30.Final.jar:/home/user/.m2/repository/io/netty/netty-codec-http/4.1.30.Final/netty-codec-http-4.1.30.Final.jar:/home/user/.m2/repository/io/netty/netty-codec/4.1.30.Final/netty-codec-4.1.30.Final.jar:/home/user/.m2/repository/io/netty/netty-handler/4.1.30.Final/netty-handler-4.1.30.Final.jar:/home/user/.m2/repository/io/netty/netty-handler-proxy/4.1.30.Final/netty-handler-proxy-4.1.30.Final.jar:/home/user/.m2/repository/io/netty/netty-codec-socks/4.1.30.Final/netty-codec-socks-4.1.30.Final.jar:/home/user/.m2/repository/io/netty/netty-transport-native-epoll/4.1.30.Final/netty-transport-native-epoll-4.1.30.Final.jar:/home/user/.m2/repository/io/netty/netty-common/4.1.30.Final/netty-common-4.1.30.Final.jar:/home/user/.m2/repository/io/netty/netty-buffer/4.1.30.Final/netty-buffer-4.1.30.Final.jar:/home/user/.m2/repository/io/netty/netty-transport/4.1.30.Final/netty-transport-4.1.30.Final.jar:/home/user/.m2/repository/io/netty/netty-resolver/4.1.30.Final/netty-resolver-4.1.30.Final.jar:/home/user/.m2/repository/io/netty/netty-transport-native-unix-common/4.1.30.Final/netty-transport-native-unix-common-4.1.30.Final.jar:/home/user/.m2/repository/io/grpc/grpc-protobuf/1.17.1/grpc-protobuf-1.17.1.jar:/home/user/.m2/repository/com/google/api/grpc/proto-google-common-protos/1.0.0/proto-google-common-protos-1.0.0.jar:/home/user/.m2/repository/io/grpc/grpc-protobuf-lite/1.17.1/grpc-protobuf-lite-1.17.1.jar:/home/user/.m2/repository/io/grpc/grpc-stub/1.17.1/grpc-stub-1.17.1.jar:/home/user/.m2/repository/org/apache/hadoop/hadoop-ozone-recon/0.5.0-SNAPSHOT/hadoop-ozone-recon-0.5.0-SNAPSHOT.jar:/home/user/.m2/repository/org/apache/hadoop/hadoop-ozone-reconcodegen/0.5.0-SNAPSHOT/hadoop-ozone-reconcodegen-0.5.0-SNAPSHOT.jar:/home/user/.m2/repository/com/google/inject/extensions/guice-multibindings/4.0/guice-multibindings-4.0.jar:/home/user/.m2/repository/com/google/inject/guice/4.0/guice-4.0.jar:/home/user/.m2/repository/aopalliance/aopalliance/1.0/aopalliance-1.0.jar:/home/user/.m2/repository/com/google/inject/extensions/guice-servlet/4.0/guice-servlet-4.0.jar:/home/user/.m2/repository/org/glassfish/jersey/containers/jersey-container-servlet/2.27/jersey-container-servlet-2.27.jar:/home/user/.m2/repository/org/glassfish/hk2/guice-bridge/2.5.0/guice-bridge-2.5.0.jar:/home/user/.m2/repository/org/glassfish/jersey/core/jersey-server/2.27/jersey-server-2.27.jar:/home/user/.m2/repository/org/glassfish/jersey/core/jersey-client/2.27/jersey-client-2.27.jar:/home/user/.m2/repository/org/glassfish/jersey/media/jersey-media-jaxb/2.27/jersey-media-jaxb-2.27.jar:/home/user/.m2/repository/javax/validation/validation-api/1.1.0.Final/validation-api-1.1.0.Final.jar:/home/user/.m2/repository/org/glassfish/jersey/media/jersey-media-json-jackson/2.27/jersey-media-json-jackson-2.27.jar:/home/user/.m2/repository/org/glassfish/jersey/ext/jersey-entity-filtering/2.27/jersey-entity-filtering-2.27.jar:/home/user/.m2/repository/com/google/inject/extensions/guice-assistedinject/4.0/guice-assistedinject-4.0.jar:/home/user/.m2/repository/org/jooq/jooq/3.11.10/jooq-3.11.10.jar:/home/user/.m2/repository/org/jooq/jooq-meta/3.11.10/jooq-meta-3.11.10.jar:/home/user/.m2/repository/org/jooq/jooq-codegen/3.11.10/jooq-codegen-3.11.10.jar:/home/user/.m2/repository/com/jolbox/bonecp/0.8.0.RELEASE/bonecp-0.8.0.RELEASE.jar:/home/user/.m2/repository/org/xerial/sqlite-jdbc/3.25.2/sqlite-jdbc-3.25.2.jar:/home/user/.m2/repository/org/springframework/spring-jdbc/5.1.3.RELEASE/spring-jdbc-5.1.3.RELEASE.jar:/home/user/.m2/repository/org/springframework/spring-beans/5.1.3.RELEASE/spring-beans-5.1.3.RELEASE.jar:/home/user/.m2/repository/org/springframework/spring-core/5.1.3.RELEASE/spring-core-5.1.3.RELEASE.jar:/home/user/.m2/repository/org/springframework/spring-jcl/5.1.3.RELEASE/spring-jcl-5.1.3.RELEASE.jar:/home/user/.m2/repository/org/springframework/spring-tx/5.1.3.RELEASE/spring-tx-5.1.3.RELEASE.jar:/home/user/.m2/repository/org/apache/hadoop/hadoop-ozone-client/0.5.0-SNAPSHOT/hadoop-ozone-client-0.5.0-SNAPSHOT.jar:/home/user/.m2/repository/commons-lang/commons-lang/2.6/commons-lang-2.6.jar:/home/user/.m2/repository/org/apache/hadoop/hadoop-ozone-ozone-manager/0.5.0-SNAPSHOT/hadoop-ozone-ozone-manager-0.5.0-SNAPSHOT-tests.jar:/home/user/.m2/repository/junit/junit/4.11/junit-4.11.jar:/home/user/.m2/repository/org/hamcrest/hamcrest-core/1.3/hamcrest-core-1.3.jar:/home/user/.m2/repository/org/openjdk/jmh/jmh-core/1.19/jmh-core-1.19.jar:/home/user/.m2/repository/net/sf/jopt-simple/jopt-simple/4.6/jopt-simple-4.6.jar:/home/user/.m2/repository/org/apache/commons/commons-math3/3.1.1/commons-math3-3.1.1.jar:/home/user/.m2/repository/org/openjdk/jmh/jmh-generator-annprocess/1.19/jmh-generator-annprocess-1.19.jar:/home/user/.m2/repository/org/mockito/mockito-all/1.8.5/mockito-all-1.8.5.jar:/home/user/.m2/repository/org/apache/hadoop/hadoop-kms/3.2.0/hadoop-kms-3.2.0.jar:/home/user/.m2/repository/org/apache/hadoop/hadoop-auth/3.2.0/hadoop-auth-3.2.0.jar:/home/user/.m2/repository/com/nimbusds/nimbus-jose-jwt/4.41.1/nimbus-jose-jwt-4.41.1.jar:/home/user/.m2/repository/com/github/stephenc/jcip/jcip-annotations/1.0-1/jcip-annotations-1.0-1.jar:/home/user/.m2/repository/net/minidev/json-smart/2.3/json-smart-2.3.jar:/home/user/.m2/repository/net/minidev/accessors-smart/1.2/accessors-smart-1.2.jar:/home/user/.m2/repository/org/ow2/asm/asm/5.0.4/asm-5.0.4.jar:/home/user/.m2/repository/org/apache/curator/curator-framework/2.12.0/curator-framework-2.12.0.jar:/home/user/.m2/repository/com/sun/jersey/jersey-core/1.19/jersey-core-1.19.jar:/home/user/.m2/repository/javax/ws/rs/jsr311-api/1.1.1/jsr311-api-1.1.1.jar:/home/user/.m2/repository/com/sun/jersey/jersey-server/1.19/jersey-server-1.19.jar:/home/user/.m2/repository/javax/servlet/javax.servlet-api/3.1.0/javax.servlet-api-3.1.0.jar:/home/user/.m2/repository/org/eclipse/jetty/jetty-server/9.3.24.v20180605/jetty-server-9.3.24.v20180605.jar:/home/user/.m2/repository/org/eclipse/jetty/jetty-http/9.3.24.v20180605/jetty-http-9.3.24.v20180605.jar:/home/user/.m2/repository/org/eclipse/jetty/jetty-io/9.3.24.v20180605/jetty-io-9.3.24.v20180605.jar:/home/user/.m2/repository/org/eclipse/jetty/jetty-webapp/9.3.24.v20180605/jetty-webapp-9.3.24.v20180605.jar:/home/user/.m2/repository/org/eclipse/jetty/jetty-xml/9.3.24.v20180605/jetty-xml-9.3.24.v20180605.jar:/home/user/.m2/repository/log4j/log4j/1.2.17/log4j-1.2.17.jar:/home/user/.m2/repository/org/slf4j/slf4j-api/1.7.25/slf4j-api-1.7.25.jar:/home/user/.m2/repository/org/slf4j/jul-to-slf4j/1.7.25/jul-to-slf4j-1.7.25.jar:/home/user/.m2/repository/org/eclipse/jetty/jetty-util/9.3.24.v20180605/jetty-util-9.3.24.v20180605.jar:/home/user/.m2/repository/com/fasterxml/jackson/core/jackson-databind/2.9.5/jackson-databind-2.9.5.jar:/home/user/.m2/repository/org/apache/hadoop/hadoop-kms/3.2.0/hadoop-kms-3.2.0-tests.jar:/home/user/.m2/repository/org/apache/hadoop/hadoop-hdds-server-scm/0.5.0-SNAPSHOT/hadoop-hdds-server-scm-0.5.0-SNAPSHOT-tests.jar:/home/user/.m2/repository/org/apache/hadoop/hadoop-hdds-container-service/0.5.0-SNAPSHOT/hadoop-hdds-container-service-0.5.0-SNAPSHOT-tests.jar:/home/user/.m2/repository/org/yaml/snakeyaml/1.16/snakeyaml-1.16.jar:/home/user/.m2/repository/org/apache/hadoop/hadoop-common/3.2.0/hadoop-common-3.2.0-tests.jar:/home/user/.m2/repository/org/apache/hadoop/hadoop-annotations/3.2.0/hadoop-annotations-3.2.0.jar:/usr/lib/jvm/java-1.8-openjdk/jre/../lib/tools.jar:/home/user/.m2/repository/commons-cli/commons-cli/1.2/commons-cli-1.2.jar:/home/user/.m2/repository/org/apache/httpcomponents/httpclient/4.5.2/httpclient-4.5.2.jar:/home/user/.m2/repository/org/apache/httpcomponents/httpcore/4.4.4/httpcore-4.4.4.jar:/home/user/.m2/repository/commons-codec/commons-codec/1.11/commons-codec-1.11.jar:/home/user/.m2/repository/commons-net/commons-net/3.6/commons-net-3.6.jar:/home/user/.m2/repository/commons-collections/commons-collections/3.2.2/commons-collections-3.2.2.jar:/home/user/.m2/repository/org/eclipse/jetty/jetty-servlet/9.3.24.v20180605/jetty-servlet-9.3.24.v20180605.jar:/home/user/.m2/repository/org/eclipse/jetty/jetty-security/9.3.24.v20180605/jetty-security-9.3.24.v20180605.jar:/home/user/.m2/repository/javax/servlet/jsp/jsp-api/2.1/jsp-api-2.1.jar:/home/user/.m2/repository/com/sun/jersey/jersey-servlet/1.19/jersey-servlet-1.19.jar:/home/user/.m2/repository/com/sun/jersey/jersey-json/1.19/jersey-json-1.19.jar:/home/user/.m2/repository/org/codehaus/jettison/jettison/1.1/jettison-1.1.jar:/home/user/.m2/repository/org/codehaus/jackson/jackson-core-asl/1.9.13/jackson-core-asl-1.9.13.jar:/home/user/.m2/repository/org/codehaus/jackson/jackson-mapper-asl/1.9.13/jackson-mapper-asl-1.9.13.jar:/home/user/.m2/repository/org/codehaus/jackson/jackson-jaxrs/1.9.13/jackson-jaxrs-1.9.13.jar:/home/user/.m2/repository/org/codehaus/jackson/jackson-xc/1.9.13/jackson-xc-1.9.13.jar:/home/user/.m2/repository/commons-logging/commons-logging/1.1.3/commons-logging-1.1.3.jar:/home/user/.m2/repository/commons-beanutils/commons-beanutils/1.9.3/commons-beanutils-1.9.3.jar:/home/user/.m2/repository/org/apache/commons/commons-configuration2/2.1.1/commons-configuration2-2.1.1.jar:/home/user/.m2/repository/org/apache/commons/commons-lang3/3.7/commons-lang3-3.7.jar:/home/user/.m2/repository/org/apache/commons/commons-text/1.4/commons-text-1.4.jar:/home/user/.m2/repository/org/apache/avro/avro/1.7.7/avro-1.7.7.jar:/home/user/.m2/repository/com/thoughtworks/paranamer/paranamer/2.3/paranamer-2.3.jar:/home/user/.m2/repository/org/xerial/snappy/snappy-java/1.0.5/snappy-java-1.0.5.jar:/home/user/.m2/repository/com/google/re2j/re2j/1.1/re2j-1.1.jar:/home/user/.m2/repository/com/google/code/gson/gson/2.2.4/gson-2.2.4.jar:/home/user/.m2/repository/com/jcraft/jsch/0.1.54/jsch-0.1.54.jar:/home/user/.m2/repository/org/apache/curator/curator-client/2.12.0/curator-client-2.12.0.jar:/home/user/.m2/repository/org/apache/curator/curator-recipes/2.12.0/curator-recipes-2.12.0.jar:/home/user/.m2/repository/com/google/code/findbugs/jsr305/3.0.0/jsr305-3.0.0.jar:/home/user/.m2/repository/org/apache/htrace/htrace-core4/4.1.0-incubating/htrace-core4-4.1.0-incubating.jar:/home/user/.m2/repository/org/apache/zookeeper/zookeeper/3.4.13/zookeeper-3.4.13.jar:/home/user/.m2/repository/org/apache/yetus/audience-annotations/0.5.0/audience-annotations-0.5.0.jar:/home/user/.m2/repository/org/codehaus/woodstox/stax2-api/3.1.4/stax2-api-3.1.4.jar:/home/user/.m2/repository/com/fasterxml/woodstox/woodstox-core/5.0.3/woodstox-core-5.0.3.jar:/home/user/.m2/repository/dnsjava/dnsjava/2.1.7/dnsjava-2.1.7.jar:/home/user/.m2/repository/org/apache/hadoop/hadoop-hdfs/3.2.0/hadoop-hdfs-3.2.0-tests.jar:/home/user/.m2/repository/org/eclipse/jetty/jetty-util-ajax/9.3.24.v20180605/jetty-util-ajax-9.3.24.v20180605.jar:/home/user/.m2/repository/commons-daemon/commons-daemon/1.0.13/commons-daemon-1.0.13.jar:/home/user/.m2/repository/io/netty/netty/3.10.5.Final/netty-3.10.5.Final.jar:/home/user/.m2/repository/io/netty/netty-all/4.0.52.Final/netty-all-4.0.52.Final.jar:/home/user/.m2/repository/org/fusesource/leveldbjni/leveldbjni-all/1.8/leveldbjni-all-1.8.jar:"/>
    <property name="sun.cpu.endian" value="little"/>
    <property name="user.home" value="/home/user"/>
    <property name="user.language" value="en"/>
    <property name="java.specification.vendor" value="Oracle Corporation"/>
    <property name="java.home" value="/usr/lib/jvm/java-1.8-openjdk/jre"/>
    <property name="java.security.krb5.conf" value="/workdir/hadoop-ozone/integration-test/target/test-classes/krb5.conf"/>
    <property name="basedir" value="/workdir/hadoop-ozone/integration-test"/>
    <property name="file.separator" value="/"/>
    <property name="line.separator" value="&#10;"/>
    <property name="java.vm.specification.vendor" value="Oracle Corporation"/>
    <property name="java.specification.name" value="Java Platform API Specification"/>
    <property name="java.awt.graphicsenv" value="sun.awt.X11GraphicsEnvironment"/>
    <property name="surefire.real.class.path" value="/workdir/hadoop-ozone/integration-test/target/surefire/surefirebooter878971692774049940.jar"/>
    <property name="hadoop.log.dir" value="/workdir/hadoop-ozone/integration-test/target/log"/>
    <property name="sun.boot.class.path" value="/usr/lib/jvm/java-1.8-openjdk/jre/lib/resources.jar:/usr/lib/jvm/java-1.8-openjdk/jre/lib/rt.jar:/usr/lib/jvm/java-1.8-openjdk/jre/lib/sunrsasign.jar:/usr/lib/jvm/java-1.8-openjdk/jre/lib/jsse.jar:/usr/lib/jvm/java-1.8-openjdk/jre/lib/jce.jar:/usr/lib/jvm/java-1.8-openjdk/jre/lib/charsets.jar:/usr/lib/jvm/java-1.8-openjdk/jre/lib/jfr.jar:/usr/lib/jvm/java-1.8-openjdk/jre/classes"/>
    <property name="sun.management.compiler" value="HotSpot 64-Bit Tiered Compilers"/>
    <property name="java.runtime.version" value="1.8.0_212-b04"/>
    <property name="java.net.preferIPv4Stack" value="true"/>
    <property name="user.name" value="jenkins1000"/>
    <property name="path.separator" value=":"/>
    <property name="java.security.egd" value="file:///dev/urandom"/>
    <property name="os.version" value="3.10.0-957.12.2.el7.x86_64"/>
    <property name="java.endorsed.dirs" value="/usr/lib/jvm/java-1.8-openjdk/jre/lib/endorsed"/>
    <property name="java.runtime.name" value="OpenJDK Runtime Environment"/>
    <property name="file.encoding" value="UTF-8"/>
    <property name="java.vm.name" value="OpenJDK 64-Bit Server VM"/>
    <property name="test.build.webapps" value=""/>
    <property name="localRepository" value="/home/user/.m2/repository"/>
    <property name="java.vendor.url.bug" value="https://icedtea.classpath.org/bugzilla"/>
    <property name="java.io.tmpdir" value="/tmp"/>
    <property name="require.test.libhadoop" value=""/>
    <property name="java.version" value="1.8.0_212"/>
    <property name="user.dir" value="/workdir/hadoop-ozone/integration-test"/>
    <property name="os.arch" value="amd64"/>
    <property name="java.vm.specification.name" value="Java Virtual Machine Specification"/>
    <property name="test.build.classes" value="/workdir/hadoop-ozone/integration-test/target/test-classes"/>
    <property name="java.awt.printerjob" value="sun.print.PSPrinterJob"/>
    <property name="sun.os.patch.level" value="unknown"/>
    <property name="hadoop.tmp.dir" value="/workdir/hadoop-ozone/integration-test/target/tmp"/>
    <property name="java.library.path" value="/usr/lib/jvm/java-1.8-openjdk/jre/lib/amd64/server:/usr/lib/jvm/java-1.8-openjdk/jre/lib/amd64:/usr/lib/jvm/java-1.8-openjdk/jre/../lib/amd64:/workdir/hadoop-ozone/integration-test/target/native/target/usr/local/lib:/workdir/hadoop-ozone/integration-test/../../hadoop-common-project/hadoop-common/target/native/target/usr/local/lib:/usr/java/packages/lib/amd64:/usr/lib64:/lib64:/lib:/usr/lib"/>
    <property name="java.vm.info" value="mixed mode"/>
    <property name="java.vendor" value="IcedTea"/>
    <property name="java.vm.version" value="25.212-b04"/>
    <property name="java.ext.dirs" value="/usr/lib/jvm/java-1.8-openjdk/jre/lib/ext:/usr/java/packages/lib/ext"/>
    <property name="sun.io.unicode.encoding" value="UnicodeLittle"/>
    <property name="java.class.version" value="52.0"/>
  </properties>
  <testcase name="testWatchForCommitWithKeyWrite" classname="org.apache.hadoop.ozone.client.rpc.TestWatchForCommit" time="78.739"/>
  <testcase name="testWatchForCommitWithSmallerTimeoutValue" classname="org.apache.hadoop.ozone.client.rpc.TestWatchForCommit" time="49.146"/>
  <testcase name="testWatchForCommitForRetryfailure" classname="org.apache.hadoop.ozone.client.rpc.TestWatchForCommit" time="70.185"/>
  <testcase name="testWatchForCommitForGroupMismatchException" classname="org.apache.hadoop.ozone.client.rpc.TestWatchForCommit" time="32.898"/>
  <testcase name="test2WayCommitForTimeoutException" classname="org.apache.hadoop.ozone.client.rpc.TestWatchForCommit" time="27.927">
    <error message="org.apache.ratis.protocol.RaftRetryFailureException: Failed RaftClientRequest:client-FBD62FE2F21A-&gt;39308b5f-2bd8-4b69-9392-e970931b2c1c@group-61A1137654F8, cid=104, seq=2*, RW, org.apache.hadoop.hdds.scm.XceiverClientRatis$$Lambda$350/1180105925@1e5195d0 for 20 attempts with RetryLimited(maxAttempts=20, sleepTime=1000ms)" type="java.util.concurrent.ExecutionException">java.util.concurrent.ExecutionException: org.apache.ratis.protocol.RaftRetryFailureException: Failed RaftClientRequest:client-FBD62FE2F21A->39308b5f-2bd8-4b69-9392-e970931b2c1c@group-61A1137654F8, cid=104, seq=2*, RW, org.apache.hadoop.hdds.scm.XceiverClientRatis$$Lambda$350/1180105925@1e5195d0 for 20 attempts with RetryLimited(maxAttempts=20, sleepTime=1000ms)
	at java.util.concurrent.CompletableFuture.reportGet(CompletableFuture.java:357)
	at java.util.concurrent.CompletableFuture.get(CompletableFuture.java:1895)
	at org.apache.hadoop.ozone.client.rpc.TestWatchForCommit.test2WayCommitForTimeoutException(TestWatchForCommit.java:390)
	at sun.reflect.NativeMethodAccessorImpl.invoke0(Native Method)
	at sun.reflect.NativeMethodAccessorImpl.invoke(NativeMethodAccessorImpl.java:62)
	at sun.reflect.DelegatingMethodAccessorImpl.invoke(DelegatingMethodAccessorImpl.java:43)
	at java.lang.reflect.Method.invoke(Method.java:498)
	at org.junit.runners.model.FrameworkMethod$1.runReflectiveCall(FrameworkMethod.java:47)
	at org.junit.internal.runners.model.ReflectiveCallable.run(ReflectiveCallable.java:12)
	at org.junit.runners.model.FrameworkMethod.invokeExplosively(FrameworkMethod.java:44)
	at org.junit.internal.runners.statements.InvokeMethod.evaluate(InvokeMethod.java:17)
	at org.junit.runners.ParentRunner.runLeaf(ParentRunner.java:271)
	at org.junit.runners.BlockJUnit4ClassRunner.runChild(BlockJUnit4ClassRunner.java:70)
	at org.junit.runners.BlockJUnit4ClassRunner.runChild(BlockJUnit4ClassRunner.java:50)
	at org.junit.runners.ParentRunner$3.run(ParentRunner.java:238)
	at org.junit.runners.ParentRunner$1.schedule(ParentRunner.java:63)
	at org.junit.runners.ParentRunner.runChildren(ParentRunner.java:236)
	at org.junit.runners.ParentRunner.access$000(ParentRunner.java:53)
	at org.junit.runners.ParentRunner$2.evaluate(ParentRunner.java:229)
	at org.junit.runners.ParentRunner.run(ParentRunner.java:309)
	at org.apache.maven.surefire.junit4.JUnit4Provider.execute(JUnit4Provider.java:365)
	at org.apache.maven.surefire.junit4.JUnit4Provider.executeWithRerun(JUnit4Provider.java:273)
	at org.apache.maven.surefire.junit4.JUnit4Provider.executeTestSet(JUnit4Provider.java:238)
	at org.apache.maven.surefire.junit4.JUnit4Provider.invoke(JUnit4Provider.java:159)
	at org.apache.maven.surefire.booter.ForkedBooter.invokeProviderInSameClassLoader(ForkedBooter.java:384)
	at org.apache.maven.surefire.booter.ForkedBooter.runSuitesInProcess(ForkedBooter.java:345)
	at org.apache.maven.surefire.booter.ForkedBooter.execute(ForkedBooter.java:126)
	at org.apache.maven.surefire.booter.ForkedBooter.main(ForkedBooter.java:418)
Caused by: org.apache.ratis.protocol.RaftRetryFailureException: Failed RaftClientRequest:client-FBD62FE2F21A->39308b5f-2bd8-4b69-9392-e970931b2c1c@group-61A1137654F8, cid=104, seq=2*, RW, org.apache.hadoop.hdds.scm.XceiverClientRatis$$Lambda$350/1180105925@1e5195d0 for 20 attempts with RetryLimited(maxAttempts=20, sleepTime=1000ms)
	at org.apache.ratis.client.impl.RaftClientImpl.noMoreRetries(RaftClientImpl.java:272)
	at org.apache.ratis.client.impl.OrderedAsync.handleAsyncRetryFailure(OrderedAsync.java:138)
	at org.apache.ratis.client.impl.OrderedAsync.lambda$sendRequest$10(OrderedAsync.java:230)
	at java.util.concurrent.CompletableFuture.uniExceptionally(CompletableFuture.java:870)
	at java.util.concurrent.CompletableFuture$UniExceptionally.tryFire(CompletableFuture.java:852)
	at java.util.concurrent.CompletableFuture.postComplete(CompletableFuture.java:474)
	at java.util.concurrent.CompletableFuture.completeExceptionally(CompletableFuture.java:1977)
	at org.apache.ratis.grpc.client.GrpcClientProtocolClient$AsyncStreamObservers.completeReplyExceptionally(GrpcClientProtocolClient.java:330)
	at org.apache.ratis.grpc.client.GrpcClientProtocolClient$AsyncStreamObservers.access$000(GrpcClientProtocolClient.java:246)
	at org.apache.ratis.grpc.client.GrpcClientProtocolClient$AsyncStreamObservers$1.onNext(GrpcClientProtocolClient.java:258)
	at org.apache.ratis.grpc.client.GrpcClientProtocolClient$AsyncStreamObservers$1.onNext(GrpcClientProtocolClient.java:249)
	at org.apache.ratis.thirdparty.io.grpc.stub.ClientCalls$StreamObserverToCallListenerAdapter.onMessage(ClientCalls.java:421)
	at org.apache.ratis.thirdparty.io.grpc.ForwardingClientCallListener.onMessage(ForwardingClientCallListener.java:33)
	at org.apache.ratis.thirdparty.io.grpc.ForwardingClientCallListener.onMessage(ForwardingClientCallListener.java:33)
	at org.apache.ratis.thirdparty.io.grpc.internal.ClientCallImpl$ClientStreamListenerImpl$1MessagesAvailable.runInContext(ClientCallImpl.java:519)
	at org.apache.ratis.thirdparty.io.grpc.internal.ContextRunnable.run(ContextRunnable.java:37)
	at org.apache.ratis.thirdparty.io.grpc.internal.SerializingExecutor.run(SerializingExecutor.java:123)
	at java.util.concurrent.ThreadPoolExecutor.runWorker(ThreadPoolExecutor.java:1149)
	at java.util.concurrent.ThreadPoolExecutor$Worker.run(ThreadPoolExecutor.java:624)
	at java.lang.Thread.run(Thread.java:748)
Caused by: org.apache.ratis.protocol.NotLeaderException: Server 39308b5f-2bd8-4b69-9392-e970931b2c1c is not the leader (null). Request must be sent to leader.
	at org.apache.ratis.client.impl.ClientProtoUtils.toRaftClientReply(ClientProtoUtils.java:242)
	at org.apache.ratis.grpc.client.GrpcClientProtocolClient$AsyncStreamObservers$1.onNext(GrpcClientProtocolClient.java:254)
	... 10 more
</error>
    <system-out><![CDATA[2019-08-20 17:21:21,870 [main] WARN  server.ServerUtils (ServerUtils.java:getScmDbDir(145)) - ozone.scm.db.dirs is not configured. We recommend adding this setting. Falling back to ozone.metadata.dirs instead.
2019-08-20 17:21:21,896 [main] WARN  server.ServerUtils (ServerUtils.java:getScmDbDir(145)) - ozone.scm.db.dirs is not configured. We recommend adding this setting. Falling back to ozone.metadata.dirs instead.
2019-08-20 17:21:21,897 [main] WARN  server.ServerUtils (ServerUtils.java:getScmDbDir(145)) - ozone.scm.db.dirs is not configured. We recommend adding this setting. Falling back to ozone.metadata.dirs instead.
2019-08-20 17:21:21,898 [main] INFO  db.DBStoreBuilder (DBStoreBuilder.java:addTable(110)) - using custom profile for table: deletedBlocks
2019-08-20 17:21:21,898 [main] INFO  db.DBStoreBuilder (DBStoreBuilder.java:processTables(161)) - Using default column profile:DBProfile.DISK for Table:deletedBlocks
2019-08-20 17:21:21,898 [main] INFO  db.DBStoreBuilder (DBStoreBuilder.java:addTable(110)) - using custom profile for table: validCerts
2019-08-20 17:21:21,898 [main] INFO  db.DBStoreBuilder (DBStoreBuilder.java:processTables(161)) - Using default column profile:DBProfile.DISK for Table:validCerts
2019-08-20 17:21:21,899 [main] INFO  db.DBStoreBuilder (DBStoreBuilder.java:addTable(110)) - using custom profile for table: revokedCerts
2019-08-20 17:21:21,899 [main] INFO  db.DBStoreBuilder (DBStoreBuilder.java:processTables(161)) - Using default column profile:DBProfile.DISK for Table:revokedCerts
2019-08-20 17:21:21,899 [main] INFO  db.DBStoreBuilder (DBStoreBuilder.java:addTable(110)) - using custom profile for table: default
2019-08-20 17:21:21,899 [main] INFO  db.DBStoreBuilder (DBStoreBuilder.java:processTables(167)) - Using default column profile:DBProfile.DISK for Table:default
2019-08-20 17:21:21,900 [main] INFO  db.DBStoreBuilder (DBStoreBuilder.java:getDbProfile(198)) - Using default options. DBProfile.DISK
2019-08-20 17:21:22,069 [main] INFO  net.NodeSchemaLoader (NodeSchemaLoader.java:loadSchemaFromFile(125)) - Loading file from sun.misc.CompoundEnumeration@6e140753
2019-08-20 17:21:22,070 [main] INFO  net.NodeSchemaLoader (NodeSchemaLoader.java:loadSchema(171)) - Loading network topology layer schema file
2019-08-20 17:21:22,074 [main] WARN  server.ServerUtils (ServerUtils.java:sanitizeUserArgs(70)) - ozone.scm.stale.node.interval value = 300000 is larger than max = 100000 based on the key value of ozone.scm.heartbeat.thread.interval, reset to the max value 100000.
2019-08-20 17:21:22,074 [main] WARN  server.ServerUtils (ServerUtils.java:sanitizeUserArgs(70)) - ozone.scm.stale.node.interval value = 300000 is larger than max = 100000 based on the key value of ozone.scm.heartbeat.thread.interval, reset to the max value 100000.
2019-08-20 17:21:22,075 [main] INFO  node.SCMNodeManager (SCMNodeManager.java:<init>(121)) - Entering startup safe mode.
2019-08-20 17:21:22,075 [main] INFO  algorithms.ContainerPlacementPolicyFactory (ContainerPlacementPolicyFactory.java:getPolicy(55)) - Create container placement policy of type org.apache.hadoop.hdds.scm.container.placement.algorithms.SCMContainerPlacementRandom
2019-08-20 17:21:22,075 [main] WARN  server.ServerUtils (ServerUtils.java:getScmDbDir(145)) - ozone.scm.db.dirs is not configured. We recommend adding this setting. Falling back to ozone.metadata.dirs instead.
2019-08-20 17:21:22,118 [main] INFO  pipeline.SCMPipelineManager (SCMPipelineManager.java:initializePipelineState(126)) - No pipeline exists in current db
2019-08-20 17:21:22,118 [main] WARN  server.ServerUtils (ServerUtils.java:getScmDbDir(145)) - ozone.scm.db.dirs is not configured. We recommend adding this setting. Falling back to ozone.metadata.dirs instead.
2019-08-20 17:21:22,192 [main] WARN  events.EventQueue (EventQueue.java:fireEvent(175)) - No event handler registered for event TypedEvent{payloadType=SafeModeStatus, name='SafeModeStatus'}
2019-08-20 17:21:22,193 [main] INFO  ipc.CallQueueManager (CallQueueManager.java:<init>(84)) - Using callQueue: class java.util.concurrent.LinkedBlockingQueue, queueCapacity: 2000, scheduler: class org.apache.hadoop.ipc.DefaultRpcScheduler, ipcBackoff: false.
2019-08-20 17:21:22,194 [Socket Reader #1 for port 46814] INFO  ipc.Server (Server.java:run(1074)) - Starting Socket Reader #1 for port 46814
2019-08-20 17:21:22,195 [main] INFO  ipc.CallQueueManager (CallQueueManager.java:<init>(84)) - Using callQueue: class java.util.concurrent.LinkedBlockingQueue, queueCapacity: 2000, scheduler: class org.apache.hadoop.ipc.DefaultRpcScheduler, ipcBackoff: false.
2019-08-20 17:21:22,196 [Socket Reader #1 for port 40805] INFO  ipc.Server (Server.java:run(1074)) - Starting Socket Reader #1 for port 40805
2019-08-20 17:21:22,197 [main] INFO  ipc.CallQueueManager (CallQueueManager.java:<init>(84)) - Using callQueue: class java.util.concurrent.LinkedBlockingQueue, queueCapacity: 2000, scheduler: class org.apache.hadoop.ipc.DefaultRpcScheduler, ipcBackoff: false.
2019-08-20 17:21:22,198 [Socket Reader #1 for port 34715] INFO  ipc.Server (Server.java:run(1074)) - Starting Socket Reader #1 for port 34715
2019-08-20 17:21:22,200 [main] INFO  hdfs.DFSUtil (DFSUtil.java:httpServerTemplateForNNAndJN(1641)) - Starting Web-server for scm at: http://0.0.0.0:0
2019-08-20 17:21:22,202 [main] INFO  server.AuthenticationFilter (AuthenticationFilter.java:constructSecretProvider(240)) - Unable to initialize FileSignerSecretProvider, falling back to use random secrets.
2019-08-20 17:21:22,203 [main] WARN  http.HttpRequestLog (HttpRequestLog.java:getRequestLog(97)) - Jetty request log can only be enabled using Log4j
2019-08-20 17:21:22,205 [main] INFO  http.HttpServer2 (HttpServer2.java:addGlobalFilter(975)) - Added global filter 'safety' (class=org.apache.hadoop.http.HttpServer2$QuotingInputFilter)
2019-08-20 17:21:22,205 [main] INFO  http.HttpServer2 (HttpServer2.java:addFilter(948)) - Added filter static_user_filter (class=org.apache.hadoop.http.lib.StaticUserWebFilter$StaticUserFilter) to context scm
2019-08-20 17:21:22,206 [main] INFO  http.HttpServer2 (HttpServer2.java:addFilter(958)) - Added filter static_user_filter (class=org.apache.hadoop.http.lib.StaticUserWebFilter$StaticUserFilter) to context logs
2019-08-20 17:21:22,206 [main] INFO  http.HttpServer2 (HttpServer2.java:addFilter(958)) - Added filter static_user_filter (class=org.apache.hadoop.http.lib.StaticUserWebFilter$StaticUserFilter) to context static
2019-08-20 17:21:22,207 [main] INFO  server.StorageContainerManager (StorageContainerManager.java:start(759)) - StorageContainerLocationProtocol RPC server is listening at /0.0.0.0:34715
2019-08-20 17:21:22,210 [main] WARN  impl.MetricsConfig (MetricsConfig.java:loadFirst(134)) - Cannot locate configuration: tried hadoop-metrics2-storagecontainermanager.properties,hadoop-metrics2.properties
2019-08-20 17:21:22,210 [main] INFO  impl.MetricsSystemImpl (MetricsSystemImpl.java:startTimer(374)) - Scheduled Metric snapshot period at 10 second(s).
2019-08-20 17:21:22,211 [main] INFO  impl.MetricsSystemImpl (MetricsSystemImpl.java:start(191)) - StorageContainerManager metrics system started
2019-08-20 17:21:22,285 [main] INFO  server.SCMClientProtocolServer (SCMClientProtocolServer.java:start(151)) - RPC server for Client  is listening at /0.0.0.0:34715
2019-08-20 17:21:22,286 [IPC Server Responder] INFO  ipc.Server (Server.java:run(1314)) - IPC Server Responder: starting
2019-08-20 17:21:22,286 [IPC Server listener on 34715] INFO  ipc.Server (Server.java:run(1153)) - IPC Server listener on 34715: starting
2019-08-20 17:21:22,290 [main] INFO  server.StorageContainerManager (StorageContainerManager.java:start(769)) - ScmBlockLocationProtocol RPC server is listening at /0.0.0.0:40805
2019-08-20 17:21:22,290 [main] INFO  server.SCMBlockProtocolServer (SCMBlockProtocolServer.java:start(140)) - RPC server for Block Protocol is listening at /0.0.0.0:40805
2019-08-20 17:21:22,290 [IPC Server listener on 40805] INFO  ipc.Server (Server.java:run(1153)) - IPC Server listener on 40805: starting
2019-08-20 17:21:22,290 [IPC Server Responder] INFO  ipc.Server (Server.java:run(1314)) - IPC Server Responder: starting
2019-08-20 17:21:22,294 [main] INFO  server.StorageContainerManager (StorageContainerManager.java:start(773)) - ScmDatanodeProtocl RPC server is listening at /0.0.0.0:46814
2019-08-20 17:21:22,295 [main] INFO  server.SCMDatanodeProtocolServer (SCMDatanodeProtocolServer.java:start(191)) - RPC server for DataNodes is listening at /0.0.0.0:46814
2019-08-20 17:21:22,295 [IPC Server listener on 46814] INFO  ipc.Server (Server.java:run(1153)) - IPC Server listener on 46814: starting
2019-08-20 17:21:22,295 [IPC Server Responder] INFO  ipc.Server (Server.java:run(1314)) - IPC Server Responder: starting
2019-08-20 17:21:22,298 [main] INFO  http.HttpServer2 (HttpServer2.java:bindListener(1191)) - Jetty bound to port 43183
2019-08-20 17:21:22,298 [main] INFO  server.Server (Server.java:doStart(351)) - jetty-9.3.24.v20180605, build timestamp: 2018-06-05T17:11:56Z, git hash: 84205aa28f11a4f31f2a3b86d1bba2cc8ab69827
2019-08-20 17:21:22,300 [main] INFO  handler.ContextHandler (ContextHandler.java:doStart(781)) - Started o.e.j.s.ServletContextHandler@65013d71{/logs,file:///workdir/hadoop-ozone/integration-test/target/log,AVAILABLE}
2019-08-20 17:21:22,301 [main] INFO  handler.ContextHandler (ContextHandler.java:doStart(781)) - Started o.e.j.s.ServletContextHandler@386d41cb{/static,file:///workdir/hadoop-ozone/integration-test/target/test-classes/webapps/static,AVAILABLE}
2019-08-20 17:21:22,305 [main] INFO  handler.ContextHandler (ContextHandler.java:doStart(781)) - Started o.e.j.w.WebAppContext@39e91bda{/,file:///workdir/hadoop-ozone/integration-test/target/test-classes/webapps/scm/,AVAILABLE}{/scm}
2019-08-20 17:21:22,306 [main] INFO  server.AbstractConnector (AbstractConnector.java:doStart(278)) - Started ServerConnector@2c3f81ef{HTTP/1.1,[http/1.1]}{0.0.0.0:43183}
2019-08-20 17:21:22,307 [main] INFO  server.Server (Server.java:doStart(419)) - Started @231846ms
2019-08-20 17:21:22,308 [main] INFO  server.BaseHttpServer (BaseHttpServer.java:updateConnectorAddress(213)) - HTTP server of SCM is listening at http://0.0.0.0:43183
2019-08-20 17:21:22,308 [main] WARN  server.ServerUtils (ServerUtils.java:getDBPath(222)) - ozone.om.db.dirs is not configured. We recommend adding this setting. Falling back to ozone.metadata.dirs instead.
2019-08-20 17:21:22,308 [org.apache.hadoop.util.JvmPauseMonitor$Monitor@712dd0b0] INFO  util.JvmPauseMonitor (JvmPauseMonitor.java:run(188)) - Starting JVM pause monitor
2019-08-20 17:21:22,322 [main] WARN  server.ServerUtils (ServerUtils.java:getDBPath(222)) - ozone.om.db.dirs is not configured. We recommend adding this setting. Falling back to ozone.metadata.dirs instead.
2019-08-20 17:21:22,322 [main] WARN  server.ServerUtils (ServerUtils.java:getDBPath(222)) - ozone.om.db.dirs is not configured. We recommend adding this setting. Falling back to ozone.metadata.dirs instead.
2019-08-20 17:21:22,323 [main] INFO  om.OzoneManager (OzoneManager.java:setOMNodeDetails(648)) - OM Service ID is not set. Setting it to the default ID: omServiceIdDefault
2019-08-20 17:21:22,323 [main] INFO  om.OzoneManager (OzoneManager.java:setOMNodeDetails(654)) - OM Node ID is not set. Setting it to the OmStorage's OmID: eb67f76a-e250-47a0-ac03-65f2a51c7753
2019-08-20 17:21:22,323 [main] INFO  om.OzoneManager (OzoneManager.java:loadOMHAConfigs(605)) - Found matching OM address with OMServiceId: null, OMNodeId: null, RPC Address: localhost:0 and Ratis port: 9872
2019-08-20 17:21:22,329 | INFO  | SCMAudit | user=jenkins1000 | ip=192.168.5.168 | op=GET_SCM_INFO null | ret=SUCCESS |  
2019-08-20 17:21:22,332 [main] WARN  server.ServerUtils (ServerUtils.java:getDBPath(222)) - ozone.om.db.dirs is not configured. We recommend adding this setting. Falling back to ozone.metadata.dirs instead.
2019-08-20 17:21:22,332 [main] INFO  db.DBStoreBuilder (DBStoreBuilder.java:addTable(110)) - using custom profile for table: userTable
2019-08-20 17:21:22,332 [main] INFO  db.DBStoreBuilder (DBStoreBuilder.java:processTables(161)) - Using default column profile:DBProfile.DISK for Table:userTable
2019-08-20 17:21:22,333 [main] INFO  db.DBStoreBuilder (DBStoreBuilder.java:addTable(110)) - using custom profile for table: volumeTable
2019-08-20 17:21:22,333 [main] INFO  db.DBStoreBuilder (DBStoreBuilder.java:processTables(161)) - Using default column profile:DBProfile.DISK for Table:volumeTable
2019-08-20 17:21:22,333 [main] INFO  db.DBStoreBuilder (DBStoreBuilder.java:addTable(110)) - using custom profile for table: bucketTable
2019-08-20 17:21:22,333 [main] INFO  db.DBStoreBuilder (DBStoreBuilder.java:processTables(161)) - Using default column profile:DBProfile.DISK for Table:bucketTable
2019-08-20 17:21:22,333 [main] INFO  db.DBStoreBuilder (DBStoreBuilder.java:addTable(110)) - using custom profile for table: keyTable
2019-08-20 17:21:22,333 [main] INFO  db.DBStoreBuilder (DBStoreBuilder.java:processTables(161)) - Using default column profile:DBProfile.DISK for Table:keyTable
2019-08-20 17:21:22,333 [main] INFO  db.DBStoreBuilder (DBStoreBuilder.java:addTable(110)) - using custom profile for table: deletedTable
2019-08-20 17:21:22,334 [main] INFO  db.DBStoreBuilder (DBStoreBuilder.java:processTables(161)) - Using default column profile:DBProfile.DISK for Table:deletedTable
2019-08-20 17:21:22,334 [main] INFO  db.DBStoreBuilder (DBStoreBuilder.java:addTable(110)) - using custom profile for table: openKeyTable
2019-08-20 17:21:22,334 [main] INFO  db.DBStoreBuilder (DBStoreBuilder.java:processTables(161)) - Using default column profile:DBProfile.DISK for Table:openKeyTable
2019-08-20 17:21:22,334 [main] INFO  db.DBStoreBuilder (DBStoreBuilder.java:addTable(110)) - using custom profile for table: s3Table
2019-08-20 17:21:22,334 [main] INFO  db.DBStoreBuilder (DBStoreBuilder.java:processTables(161)) - Using default column profile:DBProfile.DISK for Table:s3Table
2019-08-20 17:21:22,334 [main] INFO  db.DBStoreBuilder (DBStoreBuilder.java:addTable(110)) - using custom profile for table: multipartInfoTable
2019-08-20 17:21:22,335 [main] INFO  db.DBStoreBuilder (DBStoreBuilder.java:processTables(161)) - Using default column profile:DBProfile.DISK for Table:multipartInfoTable
2019-08-20 17:21:22,335 [main] INFO  db.DBStoreBuilder (DBStoreBuilder.java:addTable(110)) - using custom profile for table: dTokenTable
2019-08-20 17:21:22,335 [main] INFO  db.DBStoreBuilder (DBStoreBuilder.java:processTables(161)) - Using default column profile:DBProfile.DISK for Table:dTokenTable
2019-08-20 17:21:22,335 [main] INFO  db.DBStoreBuilder (DBStoreBuilder.java:addTable(110)) - using custom profile for table: s3SecretTable
2019-08-20 17:21:22,335 [main] INFO  db.DBStoreBuilder (DBStoreBuilder.java:processTables(161)) - Using default column profile:DBProfile.DISK for Table:s3SecretTable
2019-08-20 17:21:22,335 [main] INFO  db.DBStoreBuilder (DBStoreBuilder.java:addTable(110)) - using custom profile for table: prefixTable
2019-08-20 17:21:22,336 [main] INFO  db.DBStoreBuilder (DBStoreBuilder.java:processTables(161)) - Using default column profile:DBProfile.DISK for Table:prefixTable
2019-08-20 17:21:22,336 [main] INFO  db.DBStoreBuilder (DBStoreBuilder.java:addTable(110)) - using custom profile for table: default
2019-08-20 17:21:22,336 [main] INFO  db.DBStoreBuilder (DBStoreBuilder.java:processTables(167)) - Using default column profile:DBProfile.DISK for Table:default
2019-08-20 17:21:22,336 [main] INFO  db.DBStoreBuilder (DBStoreBuilder.java:getDbProfile(198)) - Using default options. DBProfile.DISK
2019-08-20 17:21:22,977 [main] INFO  ipc.CallQueueManager (CallQueueManager.java:<init>(84)) - Using callQueue: class java.util.concurrent.LinkedBlockingQueue, queueCapacity: 2000, scheduler: class org.apache.hadoop.ipc.DefaultRpcScheduler, ipcBackoff: false.
2019-08-20 17:21:22,978 [Socket Reader #1 for port 45983] INFO  ipc.Server (Server.java:run(1074)) - Starting Socket Reader #1 for port 45983
2019-08-20 17:21:22,989 [main] INFO  om.OzoneManager (OzoneManager.java:start(1259)) - OzoneManager RPC server is listening at localhost/127.0.0.1:45983
2019-08-20 17:21:22,990 [main] INFO  impl.MetricsSystemImpl (MetricsSystemImpl.java:init(158)) - OzoneManager metrics system started (again)
2019-08-20 17:21:22,990 [IPC Server Responder] INFO  ipc.Server (Server.java:run(1314)) - IPC Server Responder: starting
2019-08-20 17:21:22,990 [IPC Server listener on 45983] INFO  ipc.Server (Server.java:run(1153)) - IPC Server listener on 45983: starting
2019-08-20 17:21:22,995 [main] INFO  hdfs.DFSUtil (DFSUtil.java:httpServerTemplateForNNAndJN(1641)) - Starting Web-server for ozoneManager at: http://0.0.0.0:0
2019-08-20 17:21:22,997 [main] INFO  server.AuthenticationFilter (AuthenticationFilter.java:constructSecretProvider(240)) - Unable to initialize FileSignerSecretProvider, falling back to use random secrets.
2019-08-20 17:21:22,997 [main] WARN  http.HttpRequestLog (HttpRequestLog.java:getRequestLog(97)) - Jetty request log can only be enabled using Log4j
2019-08-20 17:21:22,999 [main] INFO  http.HttpServer2 (HttpServer2.java:addGlobalFilter(975)) - Added global filter 'safety' (class=org.apache.hadoop.http.HttpServer2$QuotingInputFilter)
2019-08-20 17:21:22,999 [main] INFO  http.HttpServer2 (HttpServer2.java:addFilter(948)) - Added filter static_user_filter (class=org.apache.hadoop.http.lib.StaticUserWebFilter$StaticUserFilter) to context ozoneManager
2019-08-20 17:21:22,999 [main] INFO  http.HttpServer2 (HttpServer2.java:addFilter(958)) - Added filter static_user_filter (class=org.apache.hadoop.http.lib.StaticUserWebFilter$StaticUserFilter) to context static
2019-08-20 17:21:22,999 [main] INFO  http.HttpServer2 (HttpServer2.java:addFilter(958)) - Added filter static_user_filter (class=org.apache.hadoop.http.lib.StaticUserWebFilter$StaticUserFilter) to context logs
2019-08-20 17:21:23,000 [main] INFO  http.HttpServer2 (HttpServer2.java:bindListener(1191)) - Jetty bound to port 36570
2019-08-20 17:21:23,000 [main] INFO  server.Server (Server.java:doStart(351)) - jetty-9.3.24.v20180605, build timestamp: 2018-06-05T17:11:56Z, git hash: 84205aa28f11a4f31f2a3b86d1bba2cc8ab69827
2019-08-20 17:21:23,002 [main] INFO  handler.ContextHandler (ContextHandler.java:doStart(781)) - Started o.e.j.s.ServletContextHandler@2b71a12e{/logs,file:///workdir/hadoop-ozone/integration-test/target/log,AVAILABLE}
2019-08-20 17:21:23,002 [main] INFO  handler.ContextHandler (ContextHandler.java:doStart(781)) - Started o.e.j.s.ServletContextHandler@60660d21{/static,file:///workdir/hadoop-ozone/integration-test/target/test-classes/webapps/static,AVAILABLE}
2019-08-20 17:21:23,006 [main] INFO  handler.ContextHandler (ContextHandler.java:doStart(781)) - Started o.e.j.w.WebAppContext@33293b34{/,file:///workdir/hadoop-ozone/integration-test/target/test-classes/webapps/ozoneManager/,AVAILABLE}{/ozoneManager}
2019-08-20 17:21:23,006 [main] INFO  server.AbstractConnector (AbstractConnector.java:doStart(278)) - Started ServerConnector@68a1bb31{HTTP/1.1,[http/1.1]}{0.0.0.0:36570}
2019-08-20 17:21:23,007 [main] INFO  server.Server (Server.java:doStart(419)) - Started @232547ms
2019-08-20 17:21:23,008 [main] INFO  server.BaseHttpServer (BaseHttpServer.java:updateConnectorAddress(213)) - HTTP server of OZONEMANAGER is listening at http://0.0.0.0:36570
2019-08-20 17:21:23,021 [main] INFO  impl.MetricsSystemImpl (MetricsSystemImpl.java:init(158)) - HddsDatanode metrics system started (again)
2019-08-20 17:21:23,024 [main] INFO  ozone.HddsDatanodeService (HddsDatanodeService.java:start(184)) - HddsDatanodeService host:pr-hdds-1927-28fzr-1052167450 ip:192.168.5.168
2019-08-20 17:21:23,031 [main] INFO  volume.HddsVolume (HddsVolume.java:<init>(176)) - Creating Volume: /workdir/hadoop-ozone/integration-test/target/test-dir/MiniOzoneClusterImpl-9f975f3b-691f-4c06-b64c-c613e84f2492/datanode-0/data/containers/hdds of  storage type : DISK and capacity : 1482555576320
2019-08-20 17:21:23,032 [main] INFO  volume.VolumeSet (VolumeSet.java:initializeVolumeSet(170)) - Added Volume : /workdir/hadoop-ozone/integration-test/target/test-dir/MiniOzoneClusterImpl-9f975f3b-691f-4c06-b64c-c613e84f2492/datanode-0/data/containers/hdds to VolumeSet
2019-08-20 17:21:23,032 [main] INFO  volume.ThrottledAsyncChecker (ThrottledAsyncChecker.java:schedule(140)) - Scheduling a check for org.apache.hadoop.ozone.container.common.volume.HddsVolume@6023b54f
2019-08-20 17:21:23,032 [main] INFO  volume.HddsVolumeChecker (HddsVolumeChecker.java:checkAllVolumes(203)) - Scheduled health check for volume org.apache.hadoop.ozone.container.common.volume.HddsVolume@6023b54f
2019-08-20 17:21:23,045 [main] INFO  impl.RaftServerProxy (ConfUtils.java:logGet(43)) - raft.rpc.type = GRPC (default)
2019-08-20 17:21:23,045 [main] INFO  grpc.GrpcFactory (GrpcFactory.java:checkPooledByteBufAllocatorUseCacheForAllThreads(45)) - PERFORMANCE WARNING: useCacheForAllThreads is true that may cause Netty to create a lot garbage objects and, as a result, trigger GC.
	It is recommended to disable useCacheForAllThreads by setting -Dorg.apache.ratis.thirdparty.io.netty.allocator.useCacheForAllThreads=false in command line.
2019-08-20 17:21:23,046 [main] INFO  grpc.GrpcConfigKeys$Server (ConfUtils.java:logGet(43)) - raft.grpc.server.port = 0 (default)
2019-08-20 17:21:23,046 [main] INFO  server.GrpcService (ConfUtils.java:logGet(43)) - raft.grpc.message.size.max = 33570816 (custom)
2019-08-20 17:21:23,046 [main] INFO  server.RaftServerConfigKeys (ConfUtils.java:logGet(43)) - raft.server.log.appender.buffer.byte-limit = 33554432 (custom)
2019-08-20 17:21:23,046 [main] INFO  server.GrpcService (ConfUtils.java:logGet(43)) - raft.grpc.flow.control.window = 1MB (=1048576) (default)
2019-08-20 17:21:23,047 [main] INFO  server.RaftServerConfigKeys (ConfUtils.java:logGet(43)) - raft.server.rpc.request.timeout = 3000ms (default)
2019-08-20 17:21:23,047 [main] INFO  server.RaftServerConfigKeys (ConfUtils.java:logGet(43)) - raft.server.storage.dir = [/workdir/hadoop-ozone/integration-test/target/test-dir/MiniOzoneClusterImpl-9f975f3b-691f-4c06-b64c-c613e84f2492/datanode-0/data/ratis] (custom)
2019-08-20 17:21:23,048 [main] INFO  replication.SimpleContainerDownloader (SimpleContainerDownloader.java:<init>(72)) - Starting container downloader service to copy containers to replicate.
2019-08-20 17:21:23,049 [main] INFO  hdfs.DFSUtil (DFSUtil.java:httpServerTemplateForNNAndJN(1641)) - Starting Web-server for hddsDatanode at: http://0.0.0.0:0
2019-08-20 17:21:23,050 [main] INFO  server.AuthenticationFilter (AuthenticationFilter.java:constructSecretProvider(240)) - Unable to initialize FileSignerSecretProvider, falling back to use random secrets.
2019-08-20 17:21:23,051 [main] WARN  http.HttpRequestLog (HttpRequestLog.java:getRequestLog(97)) - Jetty request log can only be enabled using Log4j
2019-08-20 17:21:23,052 [main] INFO  http.HttpServer2 (HttpServer2.java:addGlobalFilter(975)) - Added global filter 'safety' (class=org.apache.hadoop.http.HttpServer2$QuotingInputFilter)
2019-08-20 17:21:23,053 [main] INFO  http.HttpServer2 (HttpServer2.java:addFilter(948)) - Added filter static_user_filter (class=org.apache.hadoop.http.lib.StaticUserWebFilter$StaticUserFilter) to context hddsDatanode
2019-08-20 17:21:23,053 [main] INFO  http.HttpServer2 (HttpServer2.java:addFilter(958)) - Added filter static_user_filter (class=org.apache.hadoop.http.lib.StaticUserWebFilter$StaticUserFilter) to context logs
2019-08-20 17:21:23,053 [main] INFO  http.HttpServer2 (HttpServer2.java:addFilter(958)) - Added filter static_user_filter (class=org.apache.hadoop.http.lib.StaticUserWebFilter$StaticUserFilter) to context static
2019-08-20 17:21:23,054 [main] INFO  http.HttpServer2 (HttpServer2.java:bindListener(1191)) - Jetty bound to port 39381
2019-08-20 17:21:23,054 [main] INFO  server.Server (Server.java:doStart(351)) - jetty-9.3.24.v20180605, build timestamp: 2018-06-05T17:11:56Z, git hash: 84205aa28f11a4f31f2a3b86d1bba2cc8ab69827
2019-08-20 17:21:23,055 [main] INFO  handler.ContextHandler (ContextHandler.java:doStart(781)) - Started o.e.j.s.ServletContextHandler@20ee660b{/logs,file:///workdir/hadoop-ozone/integration-test/target/log,AVAILABLE}
2019-08-20 17:21:23,056 [main] INFO  handler.ContextHandler (ContextHandler.java:doStart(781)) - Started o.e.j.s.ServletContextHandler@27b7913{/static,jar:file:/home/user/.m2/repository/org/apache/hadoop/hadoop-hdds-container-service/0.5.0-SNAPSHOT/hadoop-hdds-container-service-0.5.0-SNAPSHOT.jar!/webapps/static,AVAILABLE}
2019-08-20 17:21:23,083 [main] INFO  handler.ContextHandler (ContextHandler.java:doStart(781)) - Started o.e.j.w.WebAppContext@3344c1d7{/,file:///tmp/jetty-0.0.0.0-39381-hddsDatanode-_-any-5290137791699312235.dir/webapp/,AVAILABLE}{/hddsDatanode}
2019-08-20 17:21:23,083 [main] INFO  server.AbstractConnector (AbstractConnector.java:doStart(278)) - Started ServerConnector@73b034ca{HTTP/1.1,[http/1.1]}{0.0.0.0:39381}
2019-08-20 17:21:23,084 [main] INFO  server.Server (Server.java:doStart(419)) - Started @232624ms
2019-08-20 17:21:23,085 [main] INFO  server.BaseHttpServer (BaseHttpServer.java:updateConnectorAddress(213)) - HTTP server of HDDSDATANODE is listening at http://0.0.0.0:39381
2019-08-20 17:21:23,196 | INFO  | ObjectStoreRestHttpServer | Listening HDDS REST traffic on /0.0.0.0:36559 |  
2019-08-20 17:21:23,196 [main] INFO  ozone.HddsDatanodeService (HddsDatanodeService.java:startPlugins(395)) - Started plug-in org.apache.hadoop.ozone.web.OzoneHddsDatanodeService@3a70acd5
2019-08-20 17:21:23,196 [main] INFO  impl.MetricsSystemImpl (MetricsSystemImpl.java:init(158)) - HddsDatanode metrics system started (again)
2019-08-20 17:21:23,198 [org.apache.hadoop.util.JvmPauseMonitor$Monitor@661026e5] INFO  util.JvmPauseMonitor (JvmPauseMonitor.java:run(188)) - Starting JVM pause monitor
2019-08-20 17:21:23,198 [main] INFO  ozone.HddsDatanodeService (HddsDatanodeService.java:start(184)) - HddsDatanodeService host:pr-hdds-1927-28fzr-1052167450 ip:192.168.5.168
2019-08-20 17:21:23,199 [Datanode State Machine Thread - 0] INFO  datanode.InitDatanodeState (InitDatanodeState.java:persistContainerDatanodeDetails(140)) - DatanodeDetails is persisted to /workdir/hadoop-ozone/integration-test/target/test-dir/MiniOzoneClusterImpl-9f975f3b-691f-4c06-b64c-c613e84f2492/datanode-0/meta/datanode.id
2019-08-20 17:21:23,206 [main] INFO  volume.HddsVolume (HddsVolume.java:<init>(176)) - Creating Volume: /workdir/hadoop-ozone/integration-test/target/test-dir/MiniOzoneClusterImpl-9f975f3b-691f-4c06-b64c-c613e84f2492/datanode-1/data/containers/hdds of  storage type : DISK and capacity : 1482555576320
2019-08-20 17:21:23,206 [main] INFO  volume.VolumeSet (VolumeSet.java:initializeVolumeSet(170)) - Added Volume : /workdir/hadoop-ozone/integration-test/target/test-dir/MiniOzoneClusterImpl-9f975f3b-691f-4c06-b64c-c613e84f2492/datanode-1/data/containers/hdds to VolumeSet
2019-08-20 17:21:23,206 [main] INFO  volume.ThrottledAsyncChecker (ThrottledAsyncChecker.java:schedule(140)) - Scheduling a check for org.apache.hadoop.ozone.container.common.volume.HddsVolume@4505ec36
2019-08-20 17:21:23,206 [main] INFO  volume.HddsVolumeChecker (HddsVolumeChecker.java:checkAllVolumes(203)) - Scheduled health check for volume org.apache.hadoop.ozone.container.common.volume.HddsVolume@4505ec36
2019-08-20 17:21:23,221 [main] INFO  impl.RaftServerProxy (ConfUtils.java:logGet(43)) - raft.rpc.type = GRPC (default)
2019-08-20 17:21:23,221 [main] INFO  grpc.GrpcFactory (GrpcFactory.java:checkPooledByteBufAllocatorUseCacheForAllThreads(45)) - PERFORMANCE WARNING: useCacheForAllThreads is true that may cause Netty to create a lot garbage objects and, as a result, trigger GC.
	It is recommended to disable useCacheForAllThreads by setting -Dorg.apache.ratis.thirdparty.io.netty.allocator.useCacheForAllThreads=false in command line.
2019-08-20 17:21:23,221 [main] INFO  grpc.GrpcConfigKeys$Server (ConfUtils.java:logGet(43)) - raft.grpc.server.port = 0 (default)
2019-08-20 17:21:23,222 [main] INFO  server.GrpcService (ConfUtils.java:logGet(43)) - raft.grpc.message.size.max = 33570816 (custom)
2019-08-20 17:21:23,222 [main] INFO  server.RaftServerConfigKeys (ConfUtils.java:logGet(43)) - raft.server.log.appender.buffer.byte-limit = 33554432 (custom)
2019-08-20 17:21:23,222 [main] INFO  server.GrpcService (ConfUtils.java:logGet(43)) - raft.grpc.flow.control.window = 1MB (=1048576) (default)
2019-08-20 17:21:23,222 [main] INFO  server.RaftServerConfigKeys (ConfUtils.java:logGet(43)) - raft.server.rpc.request.timeout = 3000ms (default)
2019-08-20 17:21:23,222 [main] INFO  server.RaftServerConfigKeys (ConfUtils.java:logGet(43)) - raft.server.storage.dir = [/workdir/hadoop-ozone/integration-test/target/test-dir/MiniOzoneClusterImpl-9f975f3b-691f-4c06-b64c-c613e84f2492/datanode-1/data/ratis] (custom)
2019-08-20 17:21:23,223 [main] INFO  replication.SimpleContainerDownloader (SimpleContainerDownloader.java:<init>(72)) - Starting container downloader service to copy containers to replicate.
2019-08-20 17:21:23,224 [main] INFO  hdfs.DFSUtil (DFSUtil.java:httpServerTemplateForNNAndJN(1641)) - Starting Web-server for hddsDatanode at: http://0.0.0.0:0
2019-08-20 17:21:23,225 [main] INFO  server.AuthenticationFilter (AuthenticationFilter.java:constructSecretProvider(240)) - Unable to initialize FileSignerSecretProvider, falling back to use random secrets.
2019-08-20 17:21:23,225 [main] WARN  http.HttpRequestLog (HttpRequestLog.java:getRequestLog(97)) - Jetty request log can only be enabled using Log4j
2019-08-20 17:21:23,226 [main] INFO  http.HttpServer2 (HttpServer2.java:addGlobalFilter(975)) - Added global filter 'safety' (class=org.apache.hadoop.http.HttpServer2$QuotingInputFilter)
2019-08-20 17:21:23,226 [main] INFO  http.HttpServer2 (HttpServer2.java:addFilter(948)) - Added filter static_user_filter (class=org.apache.hadoop.http.lib.StaticUserWebFilter$StaticUserFilter) to context hddsDatanode
2019-08-20 17:21:23,227 [main] INFO  http.HttpServer2 (HttpServer2.java:addFilter(958)) - Added filter static_user_filter (class=org.apache.hadoop.http.lib.StaticUserWebFilter$StaticUserFilter) to context static
2019-08-20 17:21:23,227 [main] INFO  http.HttpServer2 (HttpServer2.java:addFilter(958)) - Added filter static_user_filter (class=org.apache.hadoop.http.lib.StaticUserWebFilter$StaticUserFilter) to context logs
2019-08-20 17:21:23,227 [main] INFO  http.HttpServer2 (HttpServer2.java:bindListener(1191)) - Jetty bound to port 37255
2019-08-20 17:21:23,227 [main] INFO  server.Server (Server.java:doStart(351)) - jetty-9.3.24.v20180605, build timestamp: 2018-06-05T17:11:56Z, git hash: 84205aa28f11a4f31f2a3b86d1bba2cc8ab69827
2019-08-20 17:21:23,229 [main] INFO  handler.ContextHandler (ContextHandler.java:doStart(781)) - Started o.e.j.s.ServletContextHandler@63f819a6{/logs,file:///workdir/hadoop-ozone/integration-test/target/log,AVAILABLE}
2019-08-20 17:21:23,229 [main] INFO  handler.ContextHandler (ContextHandler.java:doStart(781)) - Started o.e.j.s.ServletContextHandler@2e871e93{/static,jar:file:/home/user/.m2/repository/org/apache/hadoop/hadoop-hdds-container-service/0.5.0-SNAPSHOT/hadoop-hdds-container-service-0.5.0-SNAPSHOT.jar!/webapps/static,AVAILABLE}
2019-08-20 17:21:23,253 [main] INFO  handler.ContextHandler (ContextHandler.java:doStart(781)) - Started o.e.j.w.WebAppContext@1abb719a{/,file:///tmp/jetty-0.0.0.0-37255-hddsDatanode-_-any-6290270276936663676.dir/webapp/,AVAILABLE}{/hddsDatanode}
2019-08-20 17:21:23,254 [main] INFO  server.AbstractConnector (AbstractConnector.java:doStart(278)) - Started ServerConnector@706dee4{HTTP/1.1,[http/1.1]}{0.0.0.0:37255}
2019-08-20 17:21:23,254 [main] INFO  server.Server (Server.java:doStart(419)) - Started @232794ms
2019-08-20 17:21:23,255 [main] INFO  server.BaseHttpServer (BaseHttpServer.java:updateConnectorAddress(213)) - HTTP server of HDDSDATANODE is listening at http://0.0.0.0:37255
2019-08-20 17:21:23,349 | INFO  | ObjectStoreRestHttpServer | Listening HDDS REST traffic on /0.0.0.0:45564 |  
2019-08-20 17:21:23,349 [main] INFO  ozone.HddsDatanodeService (HddsDatanodeService.java:startPlugins(395)) - Started plug-in org.apache.hadoop.ozone.web.OzoneHddsDatanodeService@661d49d1
2019-08-20 17:21:23,350 [main] INFO  impl.MetricsSystemImpl (MetricsSystemImpl.java:init(158)) - HddsDatanode metrics system started (again)
2019-08-20 17:21:23,352 [main] INFO  ozone.HddsDatanodeService (HddsDatanodeService.java:start(184)) - HddsDatanodeService host:pr-hdds-1927-28fzr-1052167450 ip:192.168.5.168
2019-08-20 17:21:23,352 [org.apache.hadoop.util.JvmPauseMonitor$Monitor@5cecc861] INFO  util.JvmPauseMonitor (JvmPauseMonitor.java:run(188)) - Starting JVM pause monitor
2019-08-20 17:21:23,353 [Datanode State Machine Thread - 0] INFO  datanode.InitDatanodeState (InitDatanodeState.java:persistContainerDatanodeDetails(140)) - DatanodeDetails is persisted to /workdir/hadoop-ozone/integration-test/target/test-dir/MiniOzoneClusterImpl-9f975f3b-691f-4c06-b64c-c613e84f2492/datanode-1/meta/datanode.id
2019-08-20 17:21:23,359 [main] INFO  volume.HddsVolume (HddsVolume.java:<init>(176)) - Creating Volume: /workdir/hadoop-ozone/integration-test/target/test-dir/MiniOzoneClusterImpl-9f975f3b-691f-4c06-b64c-c613e84f2492/datanode-2/data/containers/hdds of  storage type : DISK and capacity : 1482555576320
2019-08-20 17:21:23,359 [main] INFO  volume.VolumeSet (VolumeSet.java:initializeVolumeSet(170)) - Added Volume : /workdir/hadoop-ozone/integration-test/target/test-dir/MiniOzoneClusterImpl-9f975f3b-691f-4c06-b64c-c613e84f2492/datanode-2/data/containers/hdds to VolumeSet
2019-08-20 17:21:23,360 [main] INFO  volume.ThrottledAsyncChecker (ThrottledAsyncChecker.java:schedule(140)) - Scheduling a check for org.apache.hadoop.ozone.container.common.volume.HddsVolume@4c0989f7
2019-08-20 17:21:23,360 [main] INFO  volume.HddsVolumeChecker (HddsVolumeChecker.java:checkAllVolumes(203)) - Scheduled health check for volume org.apache.hadoop.ozone.container.common.volume.HddsVolume@4c0989f7
2019-08-20 17:21:23,371 [main] INFO  impl.RaftServerProxy (ConfUtils.java:logGet(43)) - raft.rpc.type = GRPC (default)
2019-08-20 17:21:23,372 [main] INFO  grpc.GrpcFactory (GrpcFactory.java:checkPooledByteBufAllocatorUseCacheForAllThreads(45)) - PERFORMANCE WARNING: useCacheForAllThreads is true that may cause Netty to create a lot garbage objects and, as a result, trigger GC.
	It is recommended to disable useCacheForAllThreads by setting -Dorg.apache.ratis.thirdparty.io.netty.allocator.useCacheForAllThreads=false in command line.
2019-08-20 17:21:23,372 [main] INFO  grpc.GrpcConfigKeys$Server (ConfUtils.java:logGet(43)) - raft.grpc.server.port = 0 (default)
2019-08-20 17:21:23,372 [main] INFO  server.GrpcService (ConfUtils.java:logGet(43)) - raft.grpc.message.size.max = 33570816 (custom)
2019-08-20 17:21:23,372 [main] INFO  server.RaftServerConfigKeys (ConfUtils.java:logGet(43)) - raft.server.log.appender.buffer.byte-limit = 33554432 (custom)
2019-08-20 17:21:23,372 [main] INFO  server.GrpcService (ConfUtils.java:logGet(43)) - raft.grpc.flow.control.window = 1MB (=1048576) (default)
2019-08-20 17:21:23,372 [main] INFO  server.RaftServerConfigKeys (ConfUtils.java:logGet(43)) - raft.server.rpc.request.timeout = 3000ms (default)
2019-08-20 17:21:23,373 [main] INFO  server.RaftServerConfigKeys (ConfUtils.java:logGet(43)) - raft.server.storage.dir = [/workdir/hadoop-ozone/integration-test/target/test-dir/MiniOzoneClusterImpl-9f975f3b-691f-4c06-b64c-c613e84f2492/datanode-2/data/ratis] (custom)
2019-08-20 17:21:23,373 [main] INFO  replication.SimpleContainerDownloader (SimpleContainerDownloader.java:<init>(72)) - Starting container downloader service to copy containers to replicate.
2019-08-20 17:21:23,374 [main] INFO  hdfs.DFSUtil (DFSUtil.java:httpServerTemplateForNNAndJN(1641)) - Starting Web-server for hddsDatanode at: http://0.0.0.0:0
2019-08-20 17:21:23,375 [main] INFO  server.AuthenticationFilter (AuthenticationFilter.java:constructSecretProvider(240)) - Unable to initialize FileSignerSecretProvider, falling back to use random secrets.
2019-08-20 17:21:23,375 [main] WARN  http.HttpRequestLog (HttpRequestLog.java:getRequestLog(97)) - Jetty request log can only be enabled using Log4j
2019-08-20 17:21:23,376 [main] INFO  http.HttpServer2 (HttpServer2.java:addGlobalFilter(975)) - Added global filter 'safety' (class=org.apache.hadoop.http.HttpServer2$QuotingInputFilter)
2019-08-20 17:21:23,376 [main] INFO  http.HttpServer2 (HttpServer2.java:addFilter(948)) - Added filter static_user_filter (class=org.apache.hadoop.http.lib.StaticUserWebFilter$StaticUserFilter) to context hddsDatanode
2019-08-20 17:21:23,377 [main] INFO  http.HttpServer2 (HttpServer2.java:addFilter(958)) - Added filter static_user_filter (class=org.apache.hadoop.http.lib.StaticUserWebFilter$StaticUserFilter) to context logs
2019-08-20 17:21:23,377 [main] INFO  http.HttpServer2 (HttpServer2.java:addFilter(958)) - Added filter static_user_filter (class=org.apache.hadoop.http.lib.StaticUserWebFilter$StaticUserFilter) to context static
2019-08-20 17:21:23,377 [main] INFO  http.HttpServer2 (HttpServer2.java:bindListener(1191)) - Jetty bound to port 46066
2019-08-20 17:21:23,377 [main] INFO  server.Server (Server.java:doStart(351)) - jetty-9.3.24.v20180605, build timestamp: 2018-06-05T17:11:56Z, git hash: 84205aa28f11a4f31f2a3b86d1bba2cc8ab69827
2019-08-20 17:21:23,379 [main] INFO  handler.ContextHandler (ContextHandler.java:doStart(781)) - Started o.e.j.s.ServletContextHandler@6a0d47e8{/logs,file:///workdir/hadoop-ozone/integration-test/target/log,AVAILABLE}
2019-08-20 17:21:23,379 [main] INFO  handler.ContextHandler (ContextHandler.java:doStart(781)) - Started o.e.j.s.ServletContextHandler@3f69b166{/static,jar:file:/home/user/.m2/repository/org/apache/hadoop/hadoop-hdds-container-service/0.5.0-SNAPSHOT/hadoop-hdds-container-service-0.5.0-SNAPSHOT.jar!/webapps/static,AVAILABLE}
2019-08-20 17:21:23,402 [main] INFO  handler.ContextHandler (ContextHandler.java:doStart(781)) - Started o.e.j.w.WebAppContext@6203f10f{/,file:///tmp/jetty-0.0.0.0-46066-hddsDatanode-_-any-7469707476828114758.dir/webapp/,AVAILABLE}{/hddsDatanode}
2019-08-20 17:21:23,403 [main] INFO  server.AbstractConnector (AbstractConnector.java:doStart(278)) - Started ServerConnector@3bd1c7f0{HTTP/1.1,[http/1.1]}{0.0.0.0:46066}
2019-08-20 17:21:23,404 [main] INFO  server.Server (Server.java:doStart(419)) - Started @232943ms
2019-08-20 17:21:23,404 [main] INFO  server.BaseHttpServer (BaseHttpServer.java:updateConnectorAddress(213)) - HTTP server of HDDSDATANODE is listening at http://0.0.0.0:46066
2019-08-20 17:21:23,499 | INFO  | ObjectStoreRestHttpServer | Listening HDDS REST traffic on /0.0.0.0:34041 |  
2019-08-20 17:21:23,499 [main] INFO  ozone.HddsDatanodeService (HddsDatanodeService.java:startPlugins(395)) - Started plug-in org.apache.hadoop.ozone.web.OzoneHddsDatanodeService@152bb4cc
2019-08-20 17:21:23,500 [main] INFO  impl.MetricsSystemImpl (MetricsSystemImpl.java:init(158)) - HddsDatanode metrics system started (again)
2019-08-20 17:21:23,502 [main] INFO  ozone.HddsDatanodeService (HddsDatanodeService.java:start(184)) - HddsDatanodeService host:pr-hdds-1927-28fzr-1052167450 ip:192.168.5.168
2019-08-20 17:21:23,502 [org.apache.hadoop.util.JvmPauseMonitor$Monitor@20a7e738] INFO  util.JvmPauseMonitor (JvmPauseMonitor.java:run(188)) - Starting JVM pause monitor
2019-08-20 17:21:23,503 [Datanode State Machine Thread - 0] INFO  datanode.InitDatanodeState (InitDatanodeState.java:persistContainerDatanodeDetails(140)) - DatanodeDetails is persisted to /workdir/hadoop-ozone/integration-test/target/test-dir/MiniOzoneClusterImpl-9f975f3b-691f-4c06-b64c-c613e84f2492/datanode-2/meta/datanode.id
2019-08-20 17:21:23,510 [main] INFO  volume.HddsVolume (HddsVolume.java:<init>(176)) - Creating Volume: /workdir/hadoop-ozone/integration-test/target/test-dir/MiniOzoneClusterImpl-9f975f3b-691f-4c06-b64c-c613e84f2492/datanode-3/data/containers/hdds of  storage type : DISK and capacity : 1482555576320
2019-08-20 17:21:23,511 [main] INFO  volume.VolumeSet (VolumeSet.java:initializeVolumeSet(170)) - Added Volume : /workdir/hadoop-ozone/integration-test/target/test-dir/MiniOzoneClusterImpl-9f975f3b-691f-4c06-b64c-c613e84f2492/datanode-3/data/containers/hdds to VolumeSet
2019-08-20 17:21:23,511 [main] INFO  volume.ThrottledAsyncChecker (ThrottledAsyncChecker.java:schedule(140)) - Scheduling a check for org.apache.hadoop.ozone.container.common.volume.HddsVolume@394a7390
2019-08-20 17:21:23,511 [main] INFO  volume.HddsVolumeChecker (HddsVolumeChecker.java:checkAllVolumes(203)) - Scheduled health check for volume org.apache.hadoop.ozone.container.common.volume.HddsVolume@394a7390
2019-08-20 17:21:23,521 [main] INFO  impl.RaftServerProxy (ConfUtils.java:logGet(43)) - raft.rpc.type = GRPC (default)
2019-08-20 17:21:23,521 [main] INFO  grpc.GrpcFactory (GrpcFactory.java:checkPooledByteBufAllocatorUseCacheForAllThreads(45)) - PERFORMANCE WARNING: useCacheForAllThreads is true that may cause Netty to create a lot garbage objects and, as a result, trigger GC.
	It is recommended to disable useCacheForAllThreads by setting -Dorg.apache.ratis.thirdparty.io.netty.allocator.useCacheForAllThreads=false in command line.
2019-08-20 17:21:23,521 [main] INFO  grpc.GrpcConfigKeys$Server (ConfUtils.java:logGet(43)) - raft.grpc.server.port = 0 (default)
2019-08-20 17:21:23,521 [main] INFO  server.GrpcService (ConfUtils.java:logGet(43)) - raft.grpc.message.size.max = 33570816 (custom)
2019-08-20 17:21:23,521 [main] INFO  server.RaftServerConfigKeys (ConfUtils.java:logGet(43)) - raft.server.log.appender.buffer.byte-limit = 33554432 (custom)
2019-08-20 17:21:23,522 [main] INFO  server.GrpcService (ConfUtils.java:logGet(43)) - raft.grpc.flow.control.window = 1MB (=1048576) (default)
2019-08-20 17:21:23,522 [main] INFO  server.RaftServerConfigKeys (ConfUtils.java:logGet(43)) - raft.server.rpc.request.timeout = 3000ms (default)
2019-08-20 17:21:23,522 [main] INFO  server.RaftServerConfigKeys (ConfUtils.java:logGet(43)) - raft.server.storage.dir = [/workdir/hadoop-ozone/integration-test/target/test-dir/MiniOzoneClusterImpl-9f975f3b-691f-4c06-b64c-c613e84f2492/datanode-3/data/ratis] (custom)
2019-08-20 17:21:23,522 [main] INFO  replication.SimpleContainerDownloader (SimpleContainerDownloader.java:<init>(72)) - Starting container downloader service to copy containers to replicate.
2019-08-20 17:21:23,524 [main] INFO  hdfs.DFSUtil (DFSUtil.java:httpServerTemplateForNNAndJN(1641)) - Starting Web-server for hddsDatanode at: http://0.0.0.0:0
2019-08-20 17:21:23,524 [main] INFO  server.AuthenticationFilter (AuthenticationFilter.java:constructSecretProvider(240)) - Unable to initialize FileSignerSecretProvider, falling back to use random secrets.
2019-08-20 17:21:23,525 [main] WARN  http.HttpRequestLog (HttpRequestLog.java:getRequestLog(97)) - Jetty request log can only be enabled using Log4j
2019-08-20 17:21:23,526 [main] INFO  http.HttpServer2 (HttpServer2.java:addGlobalFilter(975)) - Added global filter 'safety' (class=org.apache.hadoop.http.HttpServer2$QuotingInputFilter)
2019-08-20 17:21:23,526 [main] INFO  http.HttpServer2 (HttpServer2.java:addFilter(948)) - Added filter static_user_filter (class=org.apache.hadoop.http.lib.StaticUserWebFilter$StaticUserFilter) to context hddsDatanode
2019-08-20 17:21:23,526 [main] INFO  http.HttpServer2 (HttpServer2.java:addFilter(958)) - Added filter static_user_filter (class=org.apache.hadoop.http.lib.StaticUserWebFilter$StaticUserFilter) to context logs
2019-08-20 17:21:23,526 [main] INFO  http.HttpServer2 (HttpServer2.java:addFilter(958)) - Added filter static_user_filter (class=org.apache.hadoop.http.lib.StaticUserWebFilter$StaticUserFilter) to context static
2019-08-20 17:21:23,527 [main] INFO  http.HttpServer2 (HttpServer2.java:bindListener(1191)) - Jetty bound to port 33052
2019-08-20 17:21:23,527 [main] INFO  server.Server (Server.java:doStart(351)) - jetty-9.3.24.v20180605, build timestamp: 2018-06-05T17:11:56Z, git hash: 84205aa28f11a4f31f2a3b86d1bba2cc8ab69827
2019-08-20 17:21:23,528 [main] INFO  handler.ContextHandler (ContextHandler.java:doStart(781)) - Started o.e.j.s.ServletContextHandler@1a345c6c{/logs,file:///workdir/hadoop-ozone/integration-test/target/log,AVAILABLE}
2019-08-20 17:21:23,529 [main] INFO  handler.ContextHandler (ContextHandler.java:doStart(781)) - Started o.e.j.s.ServletContextHandler@17a756db{/static,jar:file:/home/user/.m2/repository/org/apache/hadoop/hadoop-hdds-container-service/0.5.0-SNAPSHOT/hadoop-hdds-container-service-0.5.0-SNAPSHOT.jar!/webapps/static,AVAILABLE}
2019-08-20 17:21:23,550 [main] INFO  handler.ContextHandler (ContextHandler.java:doStart(781)) - Started o.e.j.w.WebAppContext@324ee3ca{/,file:///tmp/jetty-0.0.0.0-33052-hddsDatanode-_-any-6395647654829933323.dir/webapp/,AVAILABLE}{/hddsDatanode}
2019-08-20 17:21:23,550 [main] INFO  server.AbstractConnector (AbstractConnector.java:doStart(278)) - Started ServerConnector@639d808a{HTTP/1.1,[http/1.1]}{0.0.0.0:33052}
2019-08-20 17:21:23,551 [main] INFO  server.Server (Server.java:doStart(419)) - Started @233089ms
2019-08-20 17:21:23,552 [main] INFO  server.BaseHttpServer (BaseHttpServer.java:updateConnectorAddress(213)) - HTTP server of HDDSDATANODE is listening at http://0.0.0.0:33052
2019-08-20 17:21:23,643 | INFO  | ObjectStoreRestHttpServer | Listening HDDS REST traffic on /0.0.0.0:40054 |  
2019-08-20 17:21:23,643 [main] INFO  ozone.HddsDatanodeService (HddsDatanodeService.java:startPlugins(395)) - Started plug-in org.apache.hadoop.ozone.web.OzoneHddsDatanodeService@6d2413e
2019-08-20 17:21:23,643 [main] INFO  impl.MetricsSystemImpl (MetricsSystemImpl.java:init(158)) - HddsDatanode metrics system started (again)
2019-08-20 17:21:23,646 [main] INFO  ozone.HddsDatanodeService (HddsDatanodeService.java:start(184)) - HddsDatanodeService host:pr-hdds-1927-28fzr-1052167450 ip:192.168.5.168
2019-08-20 17:21:23,646 [org.apache.hadoop.util.JvmPauseMonitor$Monitor@47018ce5] INFO  util.JvmPauseMonitor (JvmPauseMonitor.java:run(188)) - Starting JVM pause monitor
2019-08-20 17:21:23,647 [Datanode State Machine Thread - 0] INFO  datanode.InitDatanodeState (InitDatanodeState.java:persistContainerDatanodeDetails(140)) - DatanodeDetails is persisted to /workdir/hadoop-ozone/integration-test/target/test-dir/MiniOzoneClusterImpl-9f975f3b-691f-4c06-b64c-c613e84f2492/datanode-3/meta/datanode.id
2019-08-20 17:21:23,655 [main] INFO  volume.HddsVolume (HddsVolume.java:<init>(176)) - Creating Volume: /workdir/hadoop-ozone/integration-test/target/test-dir/MiniOzoneClusterImpl-9f975f3b-691f-4c06-b64c-c613e84f2492/datanode-4/data/containers/hdds of  storage type : DISK and capacity : 1482555576320
2019-08-20 17:21:23,655 [main] INFO  volume.VolumeSet (VolumeSet.java:initializeVolumeSet(170)) - Added Volume : /workdir/hadoop-ozone/integration-test/target/test-dir/MiniOzoneClusterImpl-9f975f3b-691f-4c06-b64c-c613e84f2492/datanode-4/data/containers/hdds to VolumeSet
2019-08-20 17:21:23,655 [main] INFO  volume.ThrottledAsyncChecker (ThrottledAsyncChecker.java:schedule(140)) - Scheduling a check for org.apache.hadoop.ozone.container.common.volume.HddsVolume@1902ad0f
2019-08-20 17:21:23,656 [main] INFO  volume.HddsVolumeChecker (HddsVolumeChecker.java:checkAllVolumes(203)) - Scheduled health check for volume org.apache.hadoop.ozone.container.common.volume.HddsVolume@1902ad0f
2019-08-20 17:21:23,669 [main] INFO  impl.RaftServerProxy (ConfUtils.java:logGet(43)) - raft.rpc.type = GRPC (default)
2019-08-20 17:21:23,669 [main] INFO  grpc.GrpcFactory (GrpcFactory.java:checkPooledByteBufAllocatorUseCacheForAllThreads(45)) - PERFORMANCE WARNING: useCacheForAllThreads is true that may cause Netty to create a lot garbage objects and, as a result, trigger GC.
	It is recommended to disable useCacheForAllThreads by setting -Dorg.apache.ratis.thirdparty.io.netty.allocator.useCacheForAllThreads=false in command line.
2019-08-20 17:21:23,669 [main] INFO  grpc.GrpcConfigKeys$Server (ConfUtils.java:logGet(43)) - raft.grpc.server.port = 0 (default)
2019-08-20 17:21:23,669 [main] INFO  server.GrpcService (ConfUtils.java:logGet(43)) - raft.grpc.message.size.max = 33570816 (custom)
2019-08-20 17:21:23,669 [main] INFO  server.RaftServerConfigKeys (ConfUtils.java:logGet(43)) - raft.server.log.appender.buffer.byte-limit = 33554432 (custom)
2019-08-20 17:21:23,669 [main] INFO  server.GrpcService (ConfUtils.java:logGet(43)) - raft.grpc.flow.control.window = 1MB (=1048576) (default)
2019-08-20 17:21:23,670 [main] INFO  server.RaftServerConfigKeys (ConfUtils.java:logGet(43)) - raft.server.rpc.request.timeout = 3000ms (default)
2019-08-20 17:21:23,670 [main] INFO  server.RaftServerConfigKeys (ConfUtils.java:logGet(43)) - raft.server.storage.dir = [/workdir/hadoop-ozone/integration-test/target/test-dir/MiniOzoneClusterImpl-9f975f3b-691f-4c06-b64c-c613e84f2492/datanode-4/data/ratis] (custom)
2019-08-20 17:21:23,670 [main] INFO  replication.SimpleContainerDownloader (SimpleContainerDownloader.java:<init>(72)) - Starting container downloader service to copy containers to replicate.
2019-08-20 17:21:23,671 [main] INFO  hdfs.DFSUtil (DFSUtil.java:httpServerTemplateForNNAndJN(1641)) - Starting Web-server for hddsDatanode at: http://0.0.0.0:0
2019-08-20 17:21:23,672 [main] INFO  server.AuthenticationFilter (AuthenticationFilter.java:constructSecretProvider(240)) - Unable to initialize FileSignerSecretProvider, falling back to use random secrets.
2019-08-20 17:21:23,673 [main] WARN  http.HttpRequestLog (HttpRequestLog.java:getRequestLog(97)) - Jetty request log can only be enabled using Log4j
2019-08-20 17:21:23,674 [main] INFO  http.HttpServer2 (HttpServer2.java:addGlobalFilter(975)) - Added global filter 'safety' (class=org.apache.hadoop.http.HttpServer2$QuotingInputFilter)
2019-08-20 17:21:23,674 [main] INFO  http.HttpServer2 (HttpServer2.java:addFilter(948)) - Added filter static_user_filter (class=org.apache.hadoop.http.lib.StaticUserWebFilter$StaticUserFilter) to context hddsDatanode
2019-08-20 17:21:23,674 [main] INFO  http.HttpServer2 (HttpServer2.java:addFilter(958)) - Added filter static_user_filter (class=org.apache.hadoop.http.lib.StaticUserWebFilter$StaticUserFilter) to context static
2019-08-20 17:21:23,674 [main] INFO  http.HttpServer2 (HttpServer2.java:addFilter(958)) - Added filter static_user_filter (class=org.apache.hadoop.http.lib.StaticUserWebFilter$StaticUserFilter) to context logs
2019-08-20 17:21:23,675 [main] INFO  http.HttpServer2 (HttpServer2.java:bindListener(1191)) - Jetty bound to port 33165
2019-08-20 17:21:23,675 [main] INFO  server.Server (Server.java:doStart(351)) - jetty-9.3.24.v20180605, build timestamp: 2018-06-05T17:11:56Z, git hash: 84205aa28f11a4f31f2a3b86d1bba2cc8ab69827
2019-08-20 17:21:23,676 [main] INFO  handler.ContextHandler (ContextHandler.java:doStart(781)) - Started o.e.j.s.ServletContextHandler@92fa950{/logs,file:///workdir/hadoop-ozone/integration-test/target/log,AVAILABLE}
2019-08-20 17:21:23,677 [main] INFO  handler.ContextHandler (ContextHandler.java:doStart(781)) - Started o.e.j.s.ServletContextHandler@2f271ae2{/static,jar:file:/home/user/.m2/repository/org/apache/hadoop/hadoop-hdds-container-service/0.5.0-SNAPSHOT/hadoop-hdds-container-service-0.5.0-SNAPSHOT.jar!/webapps/static,AVAILABLE}
2019-08-20 17:21:23,701 [main] INFO  handler.ContextHandler (ContextHandler.java:doStart(781)) - Started o.e.j.w.WebAppContext@524241d9{/,file:///tmp/jetty-0.0.0.0-33165-hddsDatanode-_-any-2260271653367026310.dir/webapp/,AVAILABLE}{/hddsDatanode}
2019-08-20 17:21:23,701 [main] INFO  server.AbstractConnector (AbstractConnector.java:doStart(278)) - Started ServerConnector@6f55aef7{HTTP/1.1,[http/1.1]}{0.0.0.0:33165}
2019-08-20 17:21:23,702 [main] INFO  server.Server (Server.java:doStart(419)) - Started @233242ms
2019-08-20 17:21:23,703 [main] INFO  server.BaseHttpServer (BaseHttpServer.java:updateConnectorAddress(213)) - HTTP server of HDDSDATANODE is listening at http://0.0.0.0:33165
2019-08-20 17:21:23,814 | INFO  | ObjectStoreRestHttpServer | Listening HDDS REST traffic on /0.0.0.0:43699 |  
2019-08-20 17:21:23,814 [main] INFO  ozone.HddsDatanodeService (HddsDatanodeService.java:startPlugins(395)) - Started plug-in org.apache.hadoop.ozone.web.OzoneHddsDatanodeService@42d65ffc
2019-08-20 17:21:23,815 [main] INFO  impl.MetricsSystemImpl (MetricsSystemImpl.java:init(158)) - HddsDatanode metrics system started (again)
2019-08-20 17:21:23,818 [org.apache.hadoop.util.JvmPauseMonitor$Monitor@2194c016] INFO  util.JvmPauseMonitor (JvmPauseMonitor.java:run(188)) - Starting JVM pause monitor
2019-08-20 17:21:23,818 [main] INFO  ozone.HddsDatanodeService (HddsDatanodeService.java:start(184)) - HddsDatanodeService host:pr-hdds-1927-28fzr-1052167450 ip:192.168.5.168
2019-08-20 17:21:23,819 [Datanode State Machine Thread - 0] INFO  datanode.InitDatanodeState (InitDatanodeState.java:persistContainerDatanodeDetails(140)) - DatanodeDetails is persisted to /workdir/hadoop-ozone/integration-test/target/test-dir/MiniOzoneClusterImpl-9f975f3b-691f-4c06-b64c-c613e84f2492/datanode-4/meta/datanode.id
2019-08-20 17:21:23,826 [main] INFO  volume.HddsVolume (HddsVolume.java:<init>(176)) - Creating Volume: /workdir/hadoop-ozone/integration-test/target/test-dir/MiniOzoneClusterImpl-9f975f3b-691f-4c06-b64c-c613e84f2492/datanode-5/data/containers/hdds of  storage type : DISK and capacity : 1482555576320
2019-08-20 17:21:23,827 [main] INFO  volume.VolumeSet (VolumeSet.java:initializeVolumeSet(170)) - Added Volume : /workdir/hadoop-ozone/integration-test/target/test-dir/MiniOzoneClusterImpl-9f975f3b-691f-4c06-b64c-c613e84f2492/datanode-5/data/containers/hdds to VolumeSet
2019-08-20 17:21:23,827 [main] INFO  volume.ThrottledAsyncChecker (ThrottledAsyncChecker.java:schedule(140)) - Scheduling a check for org.apache.hadoop.ozone.container.common.volume.HddsVolume@a55b4f9
2019-08-20 17:21:23,828 [main] INFO  volume.HddsVolumeChecker (HddsVolumeChecker.java:checkAllVolumes(203)) - Scheduled health check for volume org.apache.hadoop.ozone.container.common.volume.HddsVolume@a55b4f9
2019-08-20 17:21:23,842 [main] INFO  impl.RaftServerProxy (ConfUtils.java:logGet(43)) - raft.rpc.type = GRPC (default)
2019-08-20 17:21:23,842 [main] INFO  grpc.GrpcFactory (GrpcFactory.java:checkPooledByteBufAllocatorUseCacheForAllThreads(45)) - PERFORMANCE WARNING: useCacheForAllThreads is true that may cause Netty to create a lot garbage objects and, as a result, trigger GC.
	It is recommended to disable useCacheForAllThreads by setting -Dorg.apache.ratis.thirdparty.io.netty.allocator.useCacheForAllThreads=false in command line.
2019-08-20 17:21:23,842 [main] INFO  grpc.GrpcConfigKeys$Server (ConfUtils.java:logGet(43)) - raft.grpc.server.port = 0 (default)
2019-08-20 17:21:23,842 [main] INFO  server.GrpcService (ConfUtils.java:logGet(43)) - raft.grpc.message.size.max = 33570816 (custom)
2019-08-20 17:21:23,843 [main] INFO  server.RaftServerConfigKeys (ConfUtils.java:logGet(43)) - raft.server.log.appender.buffer.byte-limit = 33554432 (custom)
2019-08-20 17:21:23,843 [main] INFO  server.GrpcService (ConfUtils.java:logGet(43)) - raft.grpc.flow.control.window = 1MB (=1048576) (default)
2019-08-20 17:21:23,843 [main] INFO  server.RaftServerConfigKeys (ConfUtils.java:logGet(43)) - raft.server.rpc.request.timeout = 3000ms (default)
2019-08-20 17:21:23,843 [main] INFO  server.RaftServerConfigKeys (ConfUtils.java:logGet(43)) - raft.server.storage.dir = [/workdir/hadoop-ozone/integration-test/target/test-dir/MiniOzoneClusterImpl-9f975f3b-691f-4c06-b64c-c613e84f2492/datanode-5/data/ratis] (custom)
2019-08-20 17:21:23,844 [main] INFO  replication.SimpleContainerDownloader (SimpleContainerDownloader.java:<init>(72)) - Starting container downloader service to copy containers to replicate.
2019-08-20 17:21:23,845 [main] INFO  hdfs.DFSUtil (DFSUtil.java:httpServerTemplateForNNAndJN(1641)) - Starting Web-server for hddsDatanode at: http://0.0.0.0:0
2019-08-20 17:21:23,846 [main] INFO  server.AuthenticationFilter (AuthenticationFilter.java:constructSecretProvider(240)) - Unable to initialize FileSignerSecretProvider, falling back to use random secrets.
2019-08-20 17:21:23,846 [main] WARN  http.HttpRequestLog (HttpRequestLog.java:getRequestLog(97)) - Jetty request log can only be enabled using Log4j
2019-08-20 17:21:23,847 [main] INFO  http.HttpServer2 (HttpServer2.java:addGlobalFilter(975)) - Added global filter 'safety' (class=org.apache.hadoop.http.HttpServer2$QuotingInputFilter)
2019-08-20 17:21:23,848 [main] INFO  http.HttpServer2 (HttpServer2.java:addFilter(948)) - Added filter static_user_filter (class=org.apache.hadoop.http.lib.StaticUserWebFilter$StaticUserFilter) to context hddsDatanode
2019-08-20 17:21:23,848 [main] INFO  http.HttpServer2 (HttpServer2.java:addFilter(958)) - Added filter static_user_filter (class=org.apache.hadoop.http.lib.StaticUserWebFilter$StaticUserFilter) to context logs
2019-08-20 17:21:23,848 [main] INFO  http.HttpServer2 (HttpServer2.java:addFilter(958)) - Added filter static_user_filter (class=org.apache.hadoop.http.lib.StaticUserWebFilter$StaticUserFilter) to context static
2019-08-20 17:21:23,849 [main] INFO  http.HttpServer2 (HttpServer2.java:bindListener(1191)) - Jetty bound to port 45761
2019-08-20 17:21:23,849 [main] INFO  server.Server (Server.java:doStart(351)) - jetty-9.3.24.v20180605, build timestamp: 2018-06-05T17:11:56Z, git hash: 84205aa28f11a4f31f2a3b86d1bba2cc8ab69827
2019-08-20 17:21:23,850 [main] INFO  handler.ContextHandler (ContextHandler.java:doStart(781)) - Started o.e.j.s.ServletContextHandler@f1b006b{/logs,file:///workdir/hadoop-ozone/integration-test/target/log,AVAILABLE}
2019-08-20 17:21:23,851 [main] INFO  handler.ContextHandler (ContextHandler.java:doStart(781)) - Started o.e.j.s.ServletContextHandler@1131fcfd{/static,jar:file:/home/user/.m2/repository/org/apache/hadoop/hadoop-hdds-container-service/0.5.0-SNAPSHOT/hadoop-hdds-container-service-0.5.0-SNAPSHOT.jar!/webapps/static,AVAILABLE}
2019-08-20 17:21:23,876 [main] INFO  handler.ContextHandler (ContextHandler.java:doStart(781)) - Started o.e.j.w.WebAppContext@6f999cf4{/,file:///tmp/jetty-0.0.0.0-45761-hddsDatanode-_-any-6260569018086538576.dir/webapp/,AVAILABLE}{/hddsDatanode}
2019-08-20 17:21:23,877 [main] INFO  server.AbstractConnector (AbstractConnector.java:doStart(278)) - Started ServerConnector@7892635c{HTTP/1.1,[http/1.1]}{0.0.0.0:45761}
2019-08-20 17:21:23,878 [main] INFO  server.Server (Server.java:doStart(419)) - Started @233418ms
2019-08-20 17:21:23,879 [main] INFO  server.BaseHttpServer (BaseHttpServer.java:updateConnectorAddress(213)) - HTTP server of HDDSDATANODE is listening at http://0.0.0.0:45761
2019-08-20 17:21:23,982 | INFO  | ObjectStoreRestHttpServer | Listening HDDS REST traffic on /0.0.0.0:36212 |  
2019-08-20 17:21:23,982 [main] INFO  ozone.HddsDatanodeService (HddsDatanodeService.java:startPlugins(395)) - Started plug-in org.apache.hadoop.ozone.web.OzoneHddsDatanodeService@34438b38
2019-08-20 17:21:23,982 [main] INFO  impl.MetricsSystemImpl (MetricsSystemImpl.java:init(158)) - HddsDatanode metrics system started (again)
2019-08-20 17:21:23,985 [org.apache.hadoop.util.JvmPauseMonitor$Monitor@7311771b] INFO  util.JvmPauseMonitor (JvmPauseMonitor.java:run(188)) - Starting JVM pause monitor
2019-08-20 17:21:23,985 [main] INFO  ozone.HddsDatanodeService (HddsDatanodeService.java:start(184)) - HddsDatanodeService host:pr-hdds-1927-28fzr-1052167450 ip:192.168.5.168
2019-08-20 17:21:23,986 [Datanode State Machine Thread - 0] INFO  datanode.InitDatanodeState (InitDatanodeState.java:persistContainerDatanodeDetails(140)) - DatanodeDetails is persisted to /workdir/hadoop-ozone/integration-test/target/test-dir/MiniOzoneClusterImpl-9f975f3b-691f-4c06-b64c-c613e84f2492/datanode-5/meta/datanode.id
2019-08-20 17:21:23,995 [main] INFO  volume.HddsVolume (HddsVolume.java:<init>(176)) - Creating Volume: /workdir/hadoop-ozone/integration-test/target/test-dir/MiniOzoneClusterImpl-9f975f3b-691f-4c06-b64c-c613e84f2492/datanode-6/data/containers/hdds of  storage type : DISK and capacity : 1482555576320
2019-08-20 17:21:23,995 [main] INFO  volume.VolumeSet (VolumeSet.java:initializeVolumeSet(170)) - Added Volume : /workdir/hadoop-ozone/integration-test/target/test-dir/MiniOzoneClusterImpl-9f975f3b-691f-4c06-b64c-c613e84f2492/datanode-6/data/containers/hdds to VolumeSet
2019-08-20 17:21:23,995 [main] INFO  volume.ThrottledAsyncChecker (ThrottledAsyncChecker.java:schedule(140)) - Scheduling a check for org.apache.hadoop.ozone.container.common.volume.HddsVolume@67c2ff5d
2019-08-20 17:21:23,996 [main] INFO  volume.HddsVolumeChecker (HddsVolumeChecker.java:checkAllVolumes(203)) - Scheduled health check for volume org.apache.hadoop.ozone.container.common.volume.HddsVolume@67c2ff5d
2019-08-20 17:21:24,010 [main] INFO  impl.RaftServerProxy (ConfUtils.java:logGet(43)) - raft.rpc.type = GRPC (default)
2019-08-20 17:21:24,011 [main] INFO  grpc.GrpcFactory (GrpcFactory.java:checkPooledByteBufAllocatorUseCacheForAllThreads(45)) - PERFORMANCE WARNING: useCacheForAllThreads is true that may cause Netty to create a lot garbage objects and, as a result, trigger GC.
	It is recommended to disable useCacheForAllThreads by setting -Dorg.apache.ratis.thirdparty.io.netty.allocator.useCacheForAllThreads=false in command line.
2019-08-20 17:21:24,011 [main] INFO  grpc.GrpcConfigKeys$Server (ConfUtils.java:logGet(43)) - raft.grpc.server.port = 0 (default)
2019-08-20 17:21:24,011 [main] INFO  server.GrpcService (ConfUtils.java:logGet(43)) - raft.grpc.message.size.max = 33570816 (custom)
2019-08-20 17:21:24,011 [main] INFO  server.RaftServerConfigKeys (ConfUtils.java:logGet(43)) - raft.server.log.appender.buffer.byte-limit = 33554432 (custom)
2019-08-20 17:21:24,011 [main] INFO  server.GrpcService (ConfUtils.java:logGet(43)) - raft.grpc.flow.control.window = 1MB (=1048576) (default)
2019-08-20 17:21:24,011 [main] INFO  server.RaftServerConfigKeys (ConfUtils.java:logGet(43)) - raft.server.rpc.request.timeout = 3000ms (default)
2019-08-20 17:21:24,012 [main] INFO  server.RaftServerConfigKeys (ConfUtils.java:logGet(43)) - raft.server.storage.dir = [/workdir/hadoop-ozone/integration-test/target/test-dir/MiniOzoneClusterImpl-9f975f3b-691f-4c06-b64c-c613e84f2492/datanode-6/data/ratis] (custom)
2019-08-20 17:21:24,012 [main] INFO  replication.SimpleContainerDownloader (SimpleContainerDownloader.java:<init>(72)) - Starting container downloader service to copy containers to replicate.
2019-08-20 17:21:24,013 [main] INFO  hdfs.DFSUtil (DFSUtil.java:httpServerTemplateForNNAndJN(1641)) - Starting Web-server for hddsDatanode at: http://0.0.0.0:0
2019-08-20 17:21:24,015 [main] INFO  server.AuthenticationFilter (AuthenticationFilter.java:constructSecretProvider(240)) - Unable to initialize FileSignerSecretProvider, falling back to use random secrets.
2019-08-20 17:21:24,016 [main] WARN  http.HttpRequestLog (HttpRequestLog.java:getRequestLog(97)) - Jetty request log can only be enabled using Log4j
2019-08-20 17:21:24,017 [main] INFO  http.HttpServer2 (HttpServer2.java:addGlobalFilter(975)) - Added global filter 'safety' (class=org.apache.hadoop.http.HttpServer2$QuotingInputFilter)
2019-08-20 17:21:24,017 [main] INFO  http.HttpServer2 (HttpServer2.java:addFilter(948)) - Added filter static_user_filter (class=org.apache.hadoop.http.lib.StaticUserWebFilter$StaticUserFilter) to context hddsDatanode
2019-08-20 17:21:24,017 [main] INFO  http.HttpServer2 (HttpServer2.java:addFilter(958)) - Added filter static_user_filter (class=org.apache.hadoop.http.lib.StaticUserWebFilter$StaticUserFilter) to context logs
2019-08-20 17:21:24,017 [main] INFO  http.HttpServer2 (HttpServer2.java:addFilter(958)) - Added filter static_user_filter (class=org.apache.hadoop.http.lib.StaticUserWebFilter$StaticUserFilter) to context static
2019-08-20 17:21:24,018 [main] INFO  http.HttpServer2 (HttpServer2.java:bindListener(1191)) - Jetty bound to port 34221
2019-08-20 17:21:24,018 [main] INFO  server.Server (Server.java:doStart(351)) - jetty-9.3.24.v20180605, build timestamp: 2018-06-05T17:11:56Z, git hash: 84205aa28f11a4f31f2a3b86d1bba2cc8ab69827
2019-08-20 17:21:24,020 [main] INFO  handler.ContextHandler (ContextHandler.java:doStart(781)) - Started o.e.j.s.ServletContextHandler@d4962bd{/logs,file:///workdir/hadoop-ozone/integration-test/target/log,AVAILABLE}
2019-08-20 17:21:24,020 [main] INFO  handler.ContextHandler (ContextHandler.java:doStart(781)) - Started o.e.j.s.ServletContextHandler@58f27c37{/static,jar:file:/home/user/.m2/repository/org/apache/hadoop/hadoop-hdds-container-service/0.5.0-SNAPSHOT/hadoop-hdds-container-service-0.5.0-SNAPSHOT.jar!/webapps/static,AVAILABLE}
2019-08-20 17:21:24,048 [main] INFO  handler.ContextHandler (ContextHandler.java:doStart(781)) - Started o.e.j.w.WebAppContext@7b9e7633{/,file:///tmp/jetty-0.0.0.0-34221-hddsDatanode-_-any-1138949552946368060.dir/webapp/,AVAILABLE}{/hddsDatanode}
2019-08-20 17:21:24,049 [main] INFO  server.AbstractConnector (AbstractConnector.java:doStart(278)) - Started ServerConnector@1fbd0850{HTTP/1.1,[http/1.1]}{0.0.0.0:34221}
2019-08-20 17:21:24,051 [main] INFO  server.Server (Server.java:doStart(419)) - Started @233590ms
2019-08-20 17:21:24,051 [main] INFO  server.BaseHttpServer (BaseHttpServer.java:updateConnectorAddress(213)) - HTTP server of HDDSDATANODE is listening at http://0.0.0.0:34221
2019-08-20 17:21:24,154 | INFO  | ObjectStoreRestHttpServer | Listening HDDS REST traffic on /0.0.0.0:43527 |  
2019-08-20 17:21:24,155 [main] INFO  ozone.HddsDatanodeService (HddsDatanodeService.java:startPlugins(395)) - Started plug-in org.apache.hadoop.ozone.web.OzoneHddsDatanodeService@7ef8cfbb
2019-08-20 17:21:24,155 [main] INFO  ozone.MiniOzoneClusterImpl (MiniOzoneClusterImpl.java:lambda$waitForClusterToBeReady$0(142)) - Waiting for cluster to be ready. Got 0 of 7 DN Heartbeats.
2019-08-20 17:21:24,156 [org.apache.hadoop.util.JvmPauseMonitor$Monitor@726d16db] INFO  util.JvmPauseMonitor (JvmPauseMonitor.java:run(188)) - Starting JVM pause monitor
2019-08-20 17:21:24,157 [Datanode State Machine Thread - 0] INFO  datanode.InitDatanodeState (InitDatanodeState.java:persistContainerDatanodeDetails(140)) - DatanodeDetails is persisted to /workdir/hadoop-ozone/integration-test/target/test-dir/MiniOzoneClusterImpl-9f975f3b-691f-4c06-b64c-c613e84f2492/datanode-6/meta/datanode.id
2019-08-20 17:21:25,155 [main] INFO  ozone.MiniOzoneClusterImpl (MiniOzoneClusterImpl.java:lambda$waitForClusterToBeReady$0(142)) - Waiting for cluster to be ready. Got 0 of 7 DN Heartbeats.
2019-08-20 17:21:25,216 | INFO  | SCMAudit | user=jenkins1000 | ip=192.168.5.168 | op=GET_VERSION null | ret=SUCCESS |  
2019-08-20 17:21:25,233 [Datanode State Machine Thread - 0] INFO  ozoneimpl.OzoneContainer (OzoneContainer.java:start(186)) - Attempting to start container services.
2019-08-20 17:21:25,233 [Datanode State Machine Thread - 0] INFO  ozoneimpl.OzoneContainer (OzoneContainer.java:startContainerScrub(160)) - Background container scrubber has been disabled by hdds.containerscrub.enabled
2019-08-20 17:21:25,233 [Datanode State Machine Thread - 0] INFO  ratis.XceiverServerRatis (XceiverServerRatis.java:start(404)) - Starting XceiverServerRatis b458316a-5f51-4ff4-8786-e518fe47f684 at port 0
2019-08-20 17:21:25,239 [Datanode State Machine Thread - 0] INFO  impl.RaftServerProxy (RaftServerProxy.java:lambda$start$3(299)) - b458316a-5f51-4ff4-8786-e518fe47f684: start RPC server
2019-08-20 17:21:25,241 [Datanode State Machine Thread - 0] INFO  server.GrpcService (GrpcService.java:startImpl(149)) - b458316a-5f51-4ff4-8786-e518fe47f684: GrpcService started, listening on 0.0.0.0/0.0.0.0:44615
2019-08-20 17:21:25,241 [Datanode State Machine Thread - 0] INFO  ratis.XceiverServerRatis (XceiverServerRatis.java:start(414)) - XceiverServerRatis b458316a-5f51-4ff4-8786-e518fe47f684 is started using port 44615
2019-08-20 17:21:25,242 [Datanode State Machine Thread - 0] INFO  server.XceiverServerGrpc (XceiverServerGrpc.java:start(161)) - XceiverServerGrpc b458316a-5f51-4ff4-8786-e518fe47f684 is started using port 38700
2019-08-20 17:21:25,352 | INFO  | SCMAudit | user=jenkins1000 | ip=192.168.5.168 | op=GET_VERSION null | ret=SUCCESS |  
2019-08-20 17:21:25,365 [Datanode State Machine Thread - 0] INFO  ozoneimpl.OzoneContainer (OzoneContainer.java:start(186)) - Attempting to start container services.
2019-08-20 17:21:25,365 [Datanode State Machine Thread - 0] INFO  ozoneimpl.OzoneContainer (OzoneContainer.java:startContainerScrub(160)) - Background container scrubber has been disabled by hdds.containerscrub.enabled
2019-08-20 17:21:25,366 [Datanode State Machine Thread - 0] INFO  ratis.XceiverServerRatis (XceiverServerRatis.java:start(404)) - Starting XceiverServerRatis 39308b5f-2bd8-4b69-9392-e970931b2c1c at port 0
2019-08-20 17:21:25,371 [Datanode State Machine Thread - 0] INFO  impl.RaftServerProxy (RaftServerProxy.java:lambda$start$3(299)) - 39308b5f-2bd8-4b69-9392-e970931b2c1c: start RPC server
2019-08-20 17:21:25,378 [Datanode State Machine Thread - 0] INFO  server.GrpcService (GrpcService.java:startImpl(149)) - 39308b5f-2bd8-4b69-9392-e970931b2c1c: GrpcService started, listening on 0.0.0.0/0.0.0.0:45735
2019-08-20 17:21:25,378 [Datanode State Machine Thread - 0] INFO  ratis.XceiverServerRatis (XceiverServerRatis.java:start(414)) - XceiverServerRatis 39308b5f-2bd8-4b69-9392-e970931b2c1c is started using port 45735
2019-08-20 17:21:25,379 [Datanode State Machine Thread - 0] INFO  server.XceiverServerGrpc (XceiverServerGrpc.java:start(161)) - XceiverServerGrpc 39308b5f-2bd8-4b69-9392-e970931b2c1c is started using port 41243
2019-08-20 17:21:25,504 | INFO  | SCMAudit | user=jenkins1000 | ip=192.168.5.168 | op=GET_VERSION null | ret=SUCCESS |  
2019-08-20 17:21:25,525 [Datanode State Machine Thread - 0] INFO  ozoneimpl.OzoneContainer (OzoneContainer.java:start(186)) - Attempting to start container services.
2019-08-20 17:21:25,525 [Datanode State Machine Thread - 0] INFO  ozoneimpl.OzoneContainer (OzoneContainer.java:startContainerScrub(160)) - Background container scrubber has been disabled by hdds.containerscrub.enabled
2019-08-20 17:21:25,526 [Datanode State Machine Thread - 0] INFO  ratis.XceiverServerRatis (XceiverServerRatis.java:start(404)) - Starting XceiverServerRatis b78857a0-3595-4f2d-9fb4-c7386e8457ec at port 0
2019-08-20 17:21:25,533 [Datanode State Machine Thread - 0] INFO  impl.RaftServerProxy (RaftServerProxy.java:lambda$start$3(299)) - b78857a0-3595-4f2d-9fb4-c7386e8457ec: start RPC server
2019-08-20 17:21:25,534 [Datanode State Machine Thread - 0] INFO  server.GrpcService (GrpcService.java:startImpl(149)) - b78857a0-3595-4f2d-9fb4-c7386e8457ec: GrpcService started, listening on 0.0.0.0/0.0.0.0:38977
2019-08-20 17:21:25,534 [Datanode State Machine Thread - 0] INFO  ratis.XceiverServerRatis (XceiverServerRatis.java:start(414)) - XceiverServerRatis b78857a0-3595-4f2d-9fb4-c7386e8457ec is started using port 38977
2019-08-20 17:21:25,534 [Datanode State Machine Thread - 0] INFO  server.XceiverServerGrpc (XceiverServerGrpc.java:start(161)) - XceiverServerGrpc b78857a0-3595-4f2d-9fb4-c7386e8457ec is started using port 44208
2019-08-20 17:21:25,648 | INFO  | SCMAudit | user=jenkins1000 | ip=192.168.5.168 | op=GET_VERSION null | ret=SUCCESS |  
2019-08-20 17:21:25,661 [Datanode State Machine Thread - 0] INFO  ozoneimpl.OzoneContainer (OzoneContainer.java:start(186)) - Attempting to start container services.
2019-08-20 17:21:25,662 [Datanode State Machine Thread - 0] INFO  ozoneimpl.OzoneContainer (OzoneContainer.java:startContainerScrub(160)) - Background container scrubber has been disabled by hdds.containerscrub.enabled
2019-08-20 17:21:25,662 [Datanode State Machine Thread - 0] INFO  ratis.XceiverServerRatis (XceiverServerRatis.java:start(404)) - Starting XceiverServerRatis 6d465182-e65c-481c-b5b5-22d615bea83e at port 0
2019-08-20 17:21:25,669 [Datanode State Machine Thread - 0] INFO  impl.RaftServerProxy (RaftServerProxy.java:lambda$start$3(299)) - 6d465182-e65c-481c-b5b5-22d615bea83e: start RPC server
2019-08-20 17:21:25,672 [Datanode State Machine Thread - 0] INFO  server.GrpcService (GrpcService.java:startImpl(149)) - 6d465182-e65c-481c-b5b5-22d615bea83e: GrpcService started, listening on 0.0.0.0/0.0.0.0:46033
2019-08-20 17:21:25,672 [Datanode State Machine Thread - 0] INFO  ratis.XceiverServerRatis (XceiverServerRatis.java:start(414)) - XceiverServerRatis 6d465182-e65c-481c-b5b5-22d615bea83e is started using port 46033
2019-08-20 17:21:25,672 [Datanode State Machine Thread - 0] INFO  server.XceiverServerGrpc (XceiverServerGrpc.java:start(161)) - XceiverServerGrpc 6d465182-e65c-481c-b5b5-22d615bea83e is started using port 37382
2019-08-20 17:21:25,819 | INFO  | SCMAudit | user=jenkins1000 | ip=192.168.5.168 | op=GET_VERSION null | ret=SUCCESS |  
2019-08-20 17:21:25,833 [Datanode State Machine Thread - 0] INFO  ozoneimpl.OzoneContainer (OzoneContainer.java:start(186)) - Attempting to start container services.
2019-08-20 17:21:25,833 [Datanode State Machine Thread - 0] INFO  ozoneimpl.OzoneContainer (OzoneContainer.java:startContainerScrub(160)) - Background container scrubber has been disabled by hdds.containerscrub.enabled
2019-08-20 17:21:25,833 [Datanode State Machine Thread - 0] INFO  ratis.XceiverServerRatis (XceiverServerRatis.java:start(404)) - Starting XceiverServerRatis 4ccb66d6-8f8f-4544-8e0a-d9e084dfa179 at port 0
2019-08-20 17:21:25,841 [Datanode State Machine Thread - 0] INFO  impl.RaftServerProxy (RaftServerProxy.java:lambda$start$3(299)) - 4ccb66d6-8f8f-4544-8e0a-d9e084dfa179: start RPC server
2019-08-20 17:21:25,844 [Datanode State Machine Thread - 0] INFO  server.GrpcService (GrpcService.java:startImpl(149)) - 4ccb66d6-8f8f-4544-8e0a-d9e084dfa179: GrpcService started, listening on 0.0.0.0/0.0.0.0:40286
2019-08-20 17:21:25,845 [Datanode State Machine Thread - 0] INFO  ratis.XceiverServerRatis (XceiverServerRatis.java:start(414)) - XceiverServerRatis 4ccb66d6-8f8f-4544-8e0a-d9e084dfa179 is started using port 40286
2019-08-20 17:21:25,845 [Datanode State Machine Thread - 0] INFO  server.XceiverServerGrpc (XceiverServerGrpc.java:start(161)) - XceiverServerGrpc 4ccb66d6-8f8f-4544-8e0a-d9e084dfa179 is started using port 44147
2019-08-20 17:21:25,987 | INFO  | SCMAudit | user=jenkins1000 | ip=192.168.5.168 | op=GET_VERSION null | ret=SUCCESS |  
2019-08-20 17:21:26,000 [Datanode State Machine Thread - 0] INFO  ozoneimpl.OzoneContainer (OzoneContainer.java:start(186)) - Attempting to start container services.
2019-08-20 17:21:26,000 [Datanode State Machine Thread - 0] INFO  ozoneimpl.OzoneContainer (OzoneContainer.java:startContainerScrub(160)) - Background container scrubber has been disabled by hdds.containerscrub.enabled
2019-08-20 17:21:26,000 [Datanode State Machine Thread - 0] INFO  ratis.XceiverServerRatis (XceiverServerRatis.java:start(404)) - Starting XceiverServerRatis 95472db8-eb3c-4487-86ee-919a717e7c8c at port 0
2019-08-20 17:21:26,007 [Datanode State Machine Thread - 0] INFO  impl.RaftServerProxy (RaftServerProxy.java:lambda$start$3(299)) - 95472db8-eb3c-4487-86ee-919a717e7c8c: start RPC server
2019-08-20 17:21:26,010 [Datanode State Machine Thread - 0] INFO  server.GrpcService (GrpcService.java:startImpl(149)) - 95472db8-eb3c-4487-86ee-919a717e7c8c: GrpcService started, listening on 0.0.0.0/0.0.0.0:38961
2019-08-20 17:21:26,011 [Datanode State Machine Thread - 0] INFO  ratis.XceiverServerRatis (XceiverServerRatis.java:start(414)) - XceiverServerRatis 95472db8-eb3c-4487-86ee-919a717e7c8c is started using port 38961
2019-08-20 17:21:26,011 [Datanode State Machine Thread - 0] INFO  server.XceiverServerGrpc (XceiverServerGrpc.java:start(161)) - XceiverServerGrpc 95472db8-eb3c-4487-86ee-919a717e7c8c is started using port 35819
2019-08-20 17:21:26,156 | INFO  | SCMAudit | user=jenkins1000 | ip=192.168.5.168 | op=GET_VERSION null | ret=SUCCESS |  
2019-08-20 17:21:26,156 [main] INFO  ozone.MiniOzoneClusterImpl (MiniOzoneClusterImpl.java:lambda$waitForClusterToBeReady$0(142)) - Waiting for cluster to be ready. Got 0 of 7 DN Heartbeats.
2019-08-20 17:21:26,169 [Datanode State Machine Thread - 0] INFO  ozoneimpl.OzoneContainer (OzoneContainer.java:start(186)) - Attempting to start container services.
2019-08-20 17:21:26,170 [Datanode State Machine Thread - 0] INFO  ozoneimpl.OzoneContainer (OzoneContainer.java:startContainerScrub(160)) - Background container scrubber has been disabled by hdds.containerscrub.enabled
2019-08-20 17:21:26,170 [Datanode State Machine Thread - 0] INFO  ratis.XceiverServerRatis (XceiverServerRatis.java:start(404)) - Starting XceiverServerRatis 7b8221e5-df7c-4a80-8328-8297dfde5426 at port 0
2019-08-20 17:21:26,177 [Datanode State Machine Thread - 0] INFO  impl.RaftServerProxy (RaftServerProxy.java:lambda$start$3(299)) - 7b8221e5-df7c-4a80-8328-8297dfde5426: start RPC server
2019-08-20 17:21:26,181 [Datanode State Machine Thread - 0] INFO  server.GrpcService (GrpcService.java:startImpl(149)) - 7b8221e5-df7c-4a80-8328-8297dfde5426: GrpcService started, listening on 0.0.0.0/0.0.0.0:33365
2019-08-20 17:21:26,182 [Datanode State Machine Thread - 0] INFO  ratis.XceiverServerRatis (XceiverServerRatis.java:start(414)) - XceiverServerRatis 7b8221e5-df7c-4a80-8328-8297dfde5426 is started using port 33365
2019-08-20 17:21:26,182 [Datanode State Machine Thread - 0] INFO  server.XceiverServerGrpc (XceiverServerGrpc.java:start(161)) - XceiverServerGrpc 7b8221e5-df7c-4a80-8328-8297dfde5426 is started using port 43004
2019-08-20 17:21:27,156 [main] INFO  ozone.MiniOzoneClusterImpl (MiniOzoneClusterImpl.java:lambda$waitForClusterToBeReady$0(142)) - Waiting for cluster to be ready. Got 0 of 7 DN Heartbeats.
2019-08-20 17:21:27,204 [IPC Server handler 6 on 46814] INFO  net.NetworkTopology (NetworkTopologyImpl.java:add(110)) - Added a new node: /default-rack/b458316a-5f51-4ff4-8786-e518fe47f684
2019-08-20 17:21:27,206 [IPC Server handler 6 on 46814] INFO  node.SCMNodeManager (SCMNodeManager.java:register(273)) - Registered Data node : b458316a-5f51-4ff4-8786-e518fe47f684{ip: 192.168.5.168, host: pr-hdds-1927-28fzr-1052167450, networkLocation: /default-rack, certSerialId: null}
2019-08-20 17:21:27,207 [EventQueue-NodeRegistrationContainerReportForDataNodeSafeModeRule] INFO  safemode.SCMSafeModeManager (DataNodeSafeModeRule.java:process(71)) - SCM in safe mode. 1 DataNodes registered, 1 required.
2019-08-20 17:21:27,209 [EventQueue-NodeRegistrationContainerReportForDataNodeSafeModeRule] INFO  safemode.SCMSafeModeManager (SCMSafeModeManager.java:validateSafeModeExitRules(177)) - ScmSafeModeManager, all rules are successfully validated
2019-08-20 17:21:27,209 | INFO  | SCMAudit | user=jenkins1000 | ip=192.168.5.168 | op=REGISTER {datanodeDetails=b458316a-5f51-4ff4-8786-e518fe47f684{ip: 192.168.5.168, host: pr-hdds-1927-28fzr-1052167450, networkLocation: /default-rack, certSerialId: null}} | ret=SUCCESS |  
2019-08-20 17:21:27,209 [EventQueue-NodeRegistrationContainerReportForDataNodeSafeModeRule] INFO  safemode.SCMSafeModeManager (SCMSafeModeManager.java:exitSafeMode(193)) - SCM exiting safe mode.
2019-08-20 17:21:27,227 [grpc-default-executor-5] INFO  impl.RaftServerProxy (RaftServerProxy.java:addNew(89)) - b458316a-5f51-4ff4-8786-e518fe47f684: addNew group-DC79D840D5E0:[b458316a-5f51-4ff4-8786-e518fe47f684:192.168.5.168:44615] returns group-DC79D840D5E0:java.util.concurrent.CompletableFuture@2f7ad4a8[Not completed]
2019-08-20 17:21:27,228 [pool-411-thread-1] INFO  impl.RaftServerImpl (RaftServerImpl.java:<init>(93)) - b458316a-5f51-4ff4-8786-e518fe47f684: new RaftServerImpl for group-DC79D840D5E0:[b458316a-5f51-4ff4-8786-e518fe47f684:192.168.5.168:44615] with ContainerStateMachine:uninitialized
2019-08-20 17:21:27,228 [pool-411-thread-1] INFO  server.RaftServerConfigKeys (ConfUtils.java:logGet(43)) - raft.server.rpc.timeout.min = 5s (custom)
2019-08-20 17:21:27,228 [pool-411-thread-1] INFO  server.RaftServerConfigKeys (ConfUtils.java:logGet(43)) - raft.server.rpc.timeout.max = 5200ms (custom)
2019-08-20 17:21:27,228 [pool-411-thread-1] INFO  server.RaftServerConfigKeys (ConfUtils.java:logGet(43)) - raft.server.rpcslowness.timeout = 120s (custom)
2019-08-20 17:21:27,228 [pool-411-thread-1] INFO  server.RaftServerConfigKeys (ConfUtils.java:logGet(43)) - raft.server.sleep.deviation.threshold = 300 (default)
2019-08-20 17:21:27,228 [pool-411-thread-1] INFO  server.RaftServerConfigKeys (ConfUtils.java:logGet(43)) - raft.server.log.appender.install.snapshot.enabled = false (custom)
2019-08-20 17:21:27,228 [pool-411-thread-1] INFO  impl.RaftServerImpl (ServerState.java:<init>(105)) - b458316a-5f51-4ff4-8786-e518fe47f684:group-DC79D840D5E0 ConfigurationManager, init=-1: [b458316a-5f51-4ff4-8786-e518fe47f684:192.168.5.168:44615], old=null, confs=<EMPTY_MAP>
2019-08-20 17:21:27,229 [pool-411-thread-1] INFO  server.RaftServerConfigKeys (ConfUtils.java:logGet(43)) - raft.server.storage.dir = [/workdir/hadoop-ozone/integration-test/target/test-dir/MiniOzoneClusterImpl-9f975f3b-691f-4c06-b64c-c613e84f2492/datanode-0/data/ratis] (custom)
2019-08-20 17:21:27,229 [pool-411-thread-1] INFO  storage.RaftStorageDirectory (RaftStorageDirectory.java:analyzeStorage(246)) - The storage directory /workdir/hadoop-ozone/integration-test/target/test-dir/MiniOzoneClusterImpl-9f975f3b-691f-4c06-b64c-c613e84f2492/datanode-0/data/ratis/5221cfc6-5a94-4314-97bf-dc79d840d5e0 does not exist. Creating ...
2019-08-20 17:21:27,242 [pool-411-thread-1] INFO  storage.RaftStorageDirectory (RaftStorageDirectory.java:tryLock(328)) - Lock on /workdir/hadoop-ozone/integration-test/target/test-dir/MiniOzoneClusterImpl-9f975f3b-691f-4c06-b64c-c613e84f2492/datanode-0/data/ratis/5221cfc6-5a94-4314-97bf-dc79d840d5e0/in_use.lock acquired by nodename 22576@pr-hdds-1927-28fzr-1052167450
2019-08-20 17:21:27,254 [pool-411-thread-1] INFO  storage.RaftStorage (RaftStorage.java:format(72)) - Storage directory /workdir/hadoop-ozone/integration-test/target/test-dir/MiniOzoneClusterImpl-9f975f3b-691f-4c06-b64c-c613e84f2492/datanode-0/data/ratis/5221cfc6-5a94-4314-97bf-dc79d840d5e0 has been successfully formatted.
2019-08-20 17:21:27,254 [pool-411-thread-1] INFO  ratis.ContainerStateMachine (ContainerStateMachine.java:loadSnapshot(222)) - group-DC79D840D5E0: The snapshot info is null. Setting the last applied indexto:(t:0, i:~)
2019-08-20 17:21:27,255 [pool-411-thread-1] INFO  server.RaftServerConfigKeys (ConfUtils.java:logGet(43)) - raft.server.leader.election.timeout = 120s (custom)
2019-08-20 17:21:27,255 [pool-411-thread-1] INFO  server.RaftServerConfigKeys (ConfUtils.java:logGet(43)) - raft.server.log.use.memory = false (default)
2019-08-20 17:21:27,255 [pool-411-thread-1] INFO  server.RaftServerConfigKeys (ConfUtils.java:logGet(43)) - raft.server.log.purge.gap = 1000000 (custom)
2019-08-20 17:21:27,255 [pool-411-thread-1] INFO  server.RaftServerConfigKeys (ConfUtils.java:logGet(43)) - raft.server.log.appender.buffer.byte-limit = 33554432 (custom)
2019-08-20 17:21:27,255 [pool-411-thread-1] INFO  server.RaftServerConfigKeys (ConfUtils.java:logGet(43)) - raft.server.log.segment.size.max = 1048576 (custom)
2019-08-20 17:21:27,255 [pool-411-thread-1] INFO  server.RaftServerConfigKeys (ConfUtils.java:logGet(43)) - raft.server.log.segment.cache.num.max = 2 (custom)
2019-08-20 17:21:27,255 [pool-411-thread-1] INFO  segmented.SegmentedRaftLogWorker (SegmentedRaftLogWorker.java:<init>(172)) - new b458316a-5f51-4ff4-8786-e518fe47f684-SegmentedRaftLogWorker:Storage Directory /workdir/hadoop-ozone/integration-test/target/test-dir/MiniOzoneClusterImpl-9f975f3b-691f-4c06-b64c-c613e84f2492/datanode-0/data/ratis/5221cfc6-5a94-4314-97bf-dc79d840d5e0 for RaftStorage:Storage Directory /workdir/hadoop-ozone/integration-test/target/test-dir/MiniOzoneClusterImpl-9f975f3b-691f-4c06-b64c-c613e84f2492/datanode-0/data/ratis/5221cfc6-5a94-4314-97bf-dc79d840d5e0
2019-08-20 17:21:27,255 [pool-411-thread-1] INFO  server.RaftServerConfigKeys (ConfUtils.java:logGet(43)) - raft.server.log.queue.byte-limit = 2147483647 (custom)
2019-08-20 17:21:27,256 [pool-411-thread-1] INFO  server.RaftServerConfigKeys (ConfUtils.java:logGet(43)) - raft.server.log.queue.element-limit = 1024 (custom)
2019-08-20 17:21:27,256 [pool-411-thread-1] INFO  server.RaftServerConfigKeys (ConfUtils.java:logGet(43)) - raft.server.log.segment.size.max = 1048576 (custom)
2019-08-20 17:21:27,256 [pool-411-thread-1] INFO  server.RaftServerConfigKeys (ConfUtils.java:logGet(43)) - raft.server.log.preallocated.size = 16384 (custom)
2019-08-20 17:21:27,256 [pool-411-thread-1] INFO  server.RaftServerConfigKeys (ConfUtils.java:logGet(43)) - raft.server.log.write.buffer.size = 33554432 (custom)
2019-08-20 17:21:27,256 [pool-411-thread-1] INFO  server.RaftServerConfigKeys (ConfUtils.java:logGet(43)) - raft.server.log.force.sync.num = 128 (default)
2019-08-20 17:21:27,256 [pool-411-thread-1] INFO  server.RaftServerConfigKeys (ConfUtils.java:logGet(43)) - raft.server.log.statemachine.data.sync = true (default)
2019-08-20 17:21:27,256 [pool-411-thread-1] INFO  server.RaftServerConfigKeys (ConfUtils.java:logGet(43)) - raft.server.log.statemachine.data.sync.timeout = 10s (default)
2019-08-20 17:21:27,257 [pool-411-thread-1] INFO  server.RaftServerConfigKeys (ConfUtils.java:logGet(43)) - raft.server.log.statemachine.data.sync.timeout.retry = -1 (default)
2019-08-20 17:21:27,257 [pool-411-thread-1] INFO  server.RaftServerConfigKeys (ConfUtils.java:logGet(43)) - raft.server.log.statemachine.data.caching.enabled = true (custom)
2019-08-20 17:21:27,257 [pool-411-thread-1] INFO  segmented.SegmentedRaftLogWorker (SegmentedRaftLogWorker.java:lambda$new$0(132)) - b458316a-5f51-4ff4-8786-e518fe47f684-SegmentedRaftLogWorker:Storage Directory /workdir/hadoop-ozone/integration-test/target/test-dir/MiniOzoneClusterImpl-9f975f3b-691f-4c06-b64c-c613e84f2492/datanode-0/data/ratis/5221cfc6-5a94-4314-97bf-dc79d840d5e0: flushIndex: setUnconditionally 0 -> -1
2019-08-20 17:21:27,257 [pool-411-thread-1] INFO  server.RaftServerConfigKeys (ConfUtils.java:logGet(43)) - raft.server.snapshot.auto.trigger.enabled = true (custom)
2019-08-20 17:21:27,257 [pool-411-thread-1] INFO  server.RaftServerConfigKeys (ConfUtils.java:logGet(43)) - raft.server.snapshot.auto.trigger.threshold = 10000 (custom)
2019-08-20 17:21:27,258 [pool-411-thread-1] INFO  server.RaftServerConfigKeys (ConfUtils.java:logGet(43)) - raft.server.retrycache.expirytime = 600000ms (custom)
2019-08-20 17:21:27,258 [pool-411-thread-1] INFO  impl.RaftServerImpl (RaftServerImpl.java:start(180)) - b458316a-5f51-4ff4-8786-e518fe47f684: start group-DC79D840D5E0
2019-08-20 17:21:27,258 [pool-411-thread-1] INFO  impl.RaftServerImpl (RaftServerImpl.java:setRole(171)) - b458316a-5f51-4ff4-8786-e518fe47f684:group-DC79D840D5E0 changes role from null to FOLLOWER at term 0 for startAsFollower
2019-08-20 17:21:27,258 [pool-411-thread-1] INFO  impl.RoleInfo (RoleInfo.java:updateAndGet(143)) - b458316a-5f51-4ff4-8786-e518fe47f684: start FollowerState
2019-08-20 17:21:27,259 [pool-411-thread-1] INFO  util.JmxRegister (JmxRegister.java:tryRegister(44)) - Successfully registered JMX Bean with object name Ratis:service=RaftServer,group=group-DC79D840D5E0,id=b458316a-5f51-4ff4-8786-e518fe47f684
2019-08-20 17:21:27,261 [RatisPipelineUtilsThread] INFO  pipeline.PipelineStateManager (PipelineStateManager.java:addPipeline(56)) - Created pipeline Pipeline[ Id: 5221cfc6-5a94-4314-97bf-dc79d840d5e0, Nodes: b458316a-5f51-4ff4-8786-e518fe47f684{ip: 192.168.5.168, host: pr-hdds-1927-28fzr-1052167450, networkLocation: /default-rack, certSerialId: null}, Type:RATIS, Factor:ONE, State:OPEN]
2019-08-20 17:21:27,352 [IPC Server handler 0 on 46814] INFO  net.NetworkTopology (NetworkTopologyImpl.java:add(110)) - Added a new node: /default-rack/39308b5f-2bd8-4b69-9392-e970931b2c1c
2019-08-20 17:21:27,352 [IPC Server handler 0 on 46814] INFO  node.SCMNodeManager (SCMNodeManager.java:register(273)) - Registered Data node : 39308b5f-2bd8-4b69-9392-e970931b2c1c{ip: 192.168.5.168, host: pr-hdds-1927-28fzr-1052167450, networkLocation: /default-rack, certSerialId: null}
2019-08-20 17:21:27,353 | INFO  | SCMAudit | user=jenkins1000 | ip=192.168.5.168 | op=REGISTER {datanodeDetails=39308b5f-2bd8-4b69-9392-e970931b2c1c{ip: 192.168.5.168, host: pr-hdds-1927-28fzr-1052167450, networkLocation: /default-rack, certSerialId: null}} | ret=SUCCESS |  
2019-08-20 17:21:27,361 [grpc-default-executor-5] INFO  impl.RaftServerProxy (RaftServerProxy.java:addNew(89)) - 39308b5f-2bd8-4b69-9392-e970931b2c1c: addNew group-92DA7A7FA7AC:[39308b5f-2bd8-4b69-9392-e970931b2c1c:192.168.5.168:45735] returns group-92DA7A7FA7AC:java.util.concurrent.CompletableFuture@2fec7ef[Not completed]
2019-08-20 17:21:27,363 [pool-422-thread-1] INFO  impl.RaftServerImpl (RaftServerImpl.java:<init>(93)) - 39308b5f-2bd8-4b69-9392-e970931b2c1c: new RaftServerImpl for group-92DA7A7FA7AC:[39308b5f-2bd8-4b69-9392-e970931b2c1c:192.168.5.168:45735] with ContainerStateMachine:uninitialized
2019-08-20 17:21:27,363 [pool-422-thread-1] INFO  server.RaftServerConfigKeys (ConfUtils.java:logGet(43)) - raft.server.rpc.timeout.min = 5s (custom)
2019-08-20 17:21:27,363 [pool-422-thread-1] INFO  server.RaftServerConfigKeys (ConfUtils.java:logGet(43)) - raft.server.rpc.timeout.max = 5200ms (custom)
2019-08-20 17:21:27,363 [pool-422-thread-1] INFO  server.RaftServerConfigKeys (ConfUtils.java:logGet(43)) - raft.server.rpcslowness.timeout = 120s (custom)
2019-08-20 17:21:27,363 [pool-422-thread-1] INFO  server.RaftServerConfigKeys (ConfUtils.java:logGet(43)) - raft.server.sleep.deviation.threshold = 300 (default)
2019-08-20 17:21:27,364 [pool-422-thread-1] INFO  server.RaftServerConfigKeys (ConfUtils.java:logGet(43)) - raft.server.log.appender.install.snapshot.enabled = false (custom)
2019-08-20 17:21:27,364 [pool-422-thread-1] INFO  impl.RaftServerImpl (ServerState.java:<init>(105)) - 39308b5f-2bd8-4b69-9392-e970931b2c1c:group-92DA7A7FA7AC ConfigurationManager, init=-1: [39308b5f-2bd8-4b69-9392-e970931b2c1c:192.168.5.168:45735], old=null, confs=<EMPTY_MAP>
2019-08-20 17:21:27,364 [pool-422-thread-1] INFO  server.RaftServerConfigKeys (ConfUtils.java:logGet(43)) - raft.server.storage.dir = [/workdir/hadoop-ozone/integration-test/target/test-dir/MiniOzoneClusterImpl-9f975f3b-691f-4c06-b64c-c613e84f2492/datanode-1/data/ratis] (custom)
2019-08-20 17:21:27,364 [pool-422-thread-1] INFO  storage.RaftStorageDirectory (RaftStorageDirectory.java:analyzeStorage(246)) - The storage directory /workdir/hadoop-ozone/integration-test/target/test-dir/MiniOzoneClusterImpl-9f975f3b-691f-4c06-b64c-c613e84f2492/datanode-1/data/ratis/bd079250-5465-4cd0-a46c-92da7a7fa7ac does not exist. Creating ...
2019-08-20 17:21:27,377 [pool-422-thread-1] INFO  storage.RaftStorageDirectory (RaftStorageDirectory.java:tryLock(328)) - Lock on /workdir/hadoop-ozone/integration-test/target/test-dir/MiniOzoneClusterImpl-9f975f3b-691f-4c06-b64c-c613e84f2492/datanode-1/data/ratis/bd079250-5465-4cd0-a46c-92da7a7fa7ac/in_use.lock acquired by nodename 22576@pr-hdds-1927-28fzr-1052167450
2019-08-20 17:21:27,390 [pool-422-thread-1] INFO  storage.RaftStorage (RaftStorage.java:format(72)) - Storage directory /workdir/hadoop-ozone/integration-test/target/test-dir/MiniOzoneClusterImpl-9f975f3b-691f-4c06-b64c-c613e84f2492/datanode-1/data/ratis/bd079250-5465-4cd0-a46c-92da7a7fa7ac has been successfully formatted.
2019-08-20 17:21:27,391 [pool-422-thread-1] INFO  ratis.ContainerStateMachine (ContainerStateMachine.java:loadSnapshot(222)) - group-92DA7A7FA7AC: The snapshot info is null. Setting the last applied indexto:(t:0, i:~)
2019-08-20 17:21:27,391 [pool-422-thread-1] INFO  server.RaftServerConfigKeys (ConfUtils.java:logGet(43)) - raft.server.leader.election.timeout = 120s (custom)
2019-08-20 17:21:27,391 [pool-422-thread-1] INFO  server.RaftServerConfigKeys (ConfUtils.java:logGet(43)) - raft.server.log.use.memory = false (default)
2019-08-20 17:21:27,391 [pool-422-thread-1] INFO  server.RaftServerConfigKeys (ConfUtils.java:logGet(43)) - raft.server.log.purge.gap = 1000000 (custom)
2019-08-20 17:21:27,392 [pool-422-thread-1] INFO  server.RaftServerConfigKeys (ConfUtils.java:logGet(43)) - raft.server.log.appender.buffer.byte-limit = 33554432 (custom)
2019-08-20 17:21:27,392 [pool-422-thread-1] INFO  server.RaftServerConfigKeys (ConfUtils.java:logGet(43)) - raft.server.log.segment.size.max = 1048576 (custom)
2019-08-20 17:21:27,392 [pool-422-thread-1] INFO  server.RaftServerConfigKeys (ConfUtils.java:logGet(43)) - raft.server.log.segment.cache.num.max = 2 (custom)
2019-08-20 17:21:27,392 [pool-422-thread-1] INFO  segmented.SegmentedRaftLogWorker (SegmentedRaftLogWorker.java:<init>(172)) - new 39308b5f-2bd8-4b69-9392-e970931b2c1c-SegmentedRaftLogWorker:Storage Directory /workdir/hadoop-ozone/integration-test/target/test-dir/MiniOzoneClusterImpl-9f975f3b-691f-4c06-b64c-c613e84f2492/datanode-1/data/ratis/bd079250-5465-4cd0-a46c-92da7a7fa7ac for RaftStorage:Storage Directory /workdir/hadoop-ozone/integration-test/target/test-dir/MiniOzoneClusterImpl-9f975f3b-691f-4c06-b64c-c613e84f2492/datanode-1/data/ratis/bd079250-5465-4cd0-a46c-92da7a7fa7ac
2019-08-20 17:21:27,392 [pool-422-thread-1] INFO  server.RaftServerConfigKeys (ConfUtils.java:logGet(43)) - raft.server.log.queue.byte-limit = 2147483647 (custom)
2019-08-20 17:21:27,392 [pool-422-thread-1] INFO  server.RaftServerConfigKeys (ConfUtils.java:logGet(43)) - raft.server.log.queue.element-limit = 1024 (custom)
2019-08-20 17:21:27,393 [pool-422-thread-1] INFO  server.RaftServerConfigKeys (ConfUtils.java:logGet(43)) - raft.server.log.segment.size.max = 1048576 (custom)
2019-08-20 17:21:27,393 [pool-422-thread-1] INFO  server.RaftServerConfigKeys (ConfUtils.java:logGet(43)) - raft.server.log.preallocated.size = 16384 (custom)
2019-08-20 17:21:27,393 [pool-422-thread-1] INFO  server.RaftServerConfigKeys (ConfUtils.java:logGet(43)) - raft.server.log.write.buffer.size = 33554432 (custom)
2019-08-20 17:21:27,393 [pool-422-thread-1] INFO  server.RaftServerConfigKeys (ConfUtils.java:logGet(43)) - raft.server.log.force.sync.num = 128 (default)
2019-08-20 17:21:27,393 [pool-422-thread-1] INFO  server.RaftServerConfigKeys (ConfUtils.java:logGet(43)) - raft.server.log.statemachine.data.sync = true (default)
2019-08-20 17:21:27,394 [pool-422-thread-1] INFO  server.RaftServerConfigKeys (ConfUtils.java:logGet(43)) - raft.server.log.statemachine.data.sync.timeout = 10s (default)
2019-08-20 17:21:27,394 [pool-422-thread-1] INFO  server.RaftServerConfigKeys (ConfUtils.java:logGet(43)) - raft.server.log.statemachine.data.sync.timeout.retry = -1 (default)
2019-08-20 17:21:27,394 [pool-422-thread-1] INFO  server.RaftServerConfigKeys (ConfUtils.java:logGet(43)) - raft.server.log.statemachine.data.caching.enabled = true (custom)
2019-08-20 17:21:27,395 [pool-422-thread-1] INFO  segmented.SegmentedRaftLogWorker (SegmentedRaftLogWorker.java:lambda$new$0(132)) - 39308b5f-2bd8-4b69-9392-e970931b2c1c-SegmentedRaftLogWorker:Storage Directory /workdir/hadoop-ozone/integration-test/target/test-dir/MiniOzoneClusterImpl-9f975f3b-691f-4c06-b64c-c613e84f2492/datanode-1/data/ratis/bd079250-5465-4cd0-a46c-92da7a7fa7ac: flushIndex: setUnconditionally 0 -> -1
2019-08-20 17:21:27,395 [pool-422-thread-1] INFO  server.RaftServerConfigKeys (ConfUtils.java:logGet(43)) - raft.server.snapshot.auto.trigger.enabled = true (custom)
2019-08-20 17:21:27,395 [pool-422-thread-1] INFO  server.RaftServerConfigKeys (ConfUtils.java:logGet(43)) - raft.server.snapshot.auto.trigger.threshold = 10000 (custom)
2019-08-20 17:21:27,395 [pool-422-thread-1] INFO  server.RaftServerConfigKeys (ConfUtils.java:logGet(43)) - raft.server.retrycache.expirytime = 600000ms (custom)
2019-08-20 17:21:27,396 [pool-422-thread-1] INFO  impl.RaftServerImpl (RaftServerImpl.java:start(180)) - 39308b5f-2bd8-4b69-9392-e970931b2c1c: start group-92DA7A7FA7AC
2019-08-20 17:21:27,396 [pool-422-thread-1] INFO  impl.RaftServerImpl (RaftServerImpl.java:setRole(171)) - 39308b5f-2bd8-4b69-9392-e970931b2c1c:group-92DA7A7FA7AC changes role from null to FOLLOWER at term 0 for startAsFollower
2019-08-20 17:21:27,396 [pool-422-thread-1] INFO  impl.RoleInfo (RoleInfo.java:updateAndGet(143)) - 39308b5f-2bd8-4b69-9392-e970931b2c1c: start FollowerState
2019-08-20 17:21:27,396 [pool-422-thread-1] INFO  util.JmxRegister (JmxRegister.java:tryRegister(44)) - Successfully registered JMX Bean with object name Ratis:service=RaftServer,group=group-92DA7A7FA7AC,id=39308b5f-2bd8-4b69-9392-e970931b2c1c
2019-08-20 17:21:27,399 [RatisPipelineUtilsThread] INFO  pipeline.PipelineStateManager (PipelineStateManager.java:addPipeline(56)) - Created pipeline Pipeline[ Id: bd079250-5465-4cd0-a46c-92da7a7fa7ac, Nodes: 39308b5f-2bd8-4b69-9392-e970931b2c1c{ip: 192.168.5.168, host: pr-hdds-1927-28fzr-1052167450, networkLocation: /default-rack, certSerialId: null}, Type:RATIS, Factor:ONE, State:OPEN]
2019-08-20 17:21:27,504 [IPC Server handler 1 on 46814] INFO  net.NetworkTopology (NetworkTopologyImpl.java:add(110)) - Added a new node: /default-rack/b78857a0-3595-4f2d-9fb4-c7386e8457ec
2019-08-20 17:21:27,504 [IPC Server handler 1 on 46814] INFO  node.SCMNodeManager (SCMNodeManager.java:register(273)) - Registered Data node : b78857a0-3595-4f2d-9fb4-c7386e8457ec{ip: 192.168.5.168, host: pr-hdds-1927-28fzr-1052167450, networkLocation: /default-rack, certSerialId: null}
2019-08-20 17:21:27,504 | INFO  | SCMAudit | user=jenkins1000 | ip=192.168.5.168 | op=REGISTER {datanodeDetails=b78857a0-3595-4f2d-9fb4-c7386e8457ec{ip: 192.168.5.168, host: pr-hdds-1927-28fzr-1052167450, networkLocation: /default-rack, certSerialId: null}} | ret=SUCCESS |  
2019-08-20 17:21:27,512 [grpc-default-executor-5] INFO  impl.RaftServerProxy (RaftServerProxy.java:addNew(89)) - b78857a0-3595-4f2d-9fb4-c7386e8457ec: addNew group-5F93B3521C53:[b78857a0-3595-4f2d-9fb4-c7386e8457ec:192.168.5.168:38977] returns group-5F93B3521C53:java.util.concurrent.CompletableFuture@fecba81[Not completed]
2019-08-20 17:21:27,513 [pool-433-thread-1] INFO  impl.RaftServerImpl (RaftServerImpl.java:<init>(93)) - b78857a0-3595-4f2d-9fb4-c7386e8457ec: new RaftServerImpl for group-5F93B3521C53:[b78857a0-3595-4f2d-9fb4-c7386e8457ec:192.168.5.168:38977] with ContainerStateMachine:uninitialized
2019-08-20 17:21:27,514 [pool-433-thread-1] INFO  server.RaftServerConfigKeys (ConfUtils.java:logGet(43)) - raft.server.rpc.timeout.min = 5s (custom)
2019-08-20 17:21:27,514 [pool-433-thread-1] INFO  server.RaftServerConfigKeys (ConfUtils.java:logGet(43)) - raft.server.rpc.timeout.max = 5200ms (custom)
2019-08-20 17:21:27,514 [pool-433-thread-1] INFO  server.RaftServerConfigKeys (ConfUtils.java:logGet(43)) - raft.server.rpcslowness.timeout = 120s (custom)
2019-08-20 17:21:27,514 [pool-433-thread-1] INFO  server.RaftServerConfigKeys (ConfUtils.java:logGet(43)) - raft.server.sleep.deviation.threshold = 300 (default)
2019-08-20 17:21:27,514 [pool-433-thread-1] INFO  server.RaftServerConfigKeys (ConfUtils.java:logGet(43)) - raft.server.log.appender.install.snapshot.enabled = false (custom)
2019-08-20 17:21:27,515 [pool-433-thread-1] INFO  impl.RaftServerImpl (ServerState.java:<init>(105)) - b78857a0-3595-4f2d-9fb4-c7386e8457ec:group-5F93B3521C53 ConfigurationManager, init=-1: [b78857a0-3595-4f2d-9fb4-c7386e8457ec:192.168.5.168:38977], old=null, confs=<EMPTY_MAP>
2019-08-20 17:21:27,515 [pool-433-thread-1] INFO  server.RaftServerConfigKeys (ConfUtils.java:logGet(43)) - raft.server.storage.dir = [/workdir/hadoop-ozone/integration-test/target/test-dir/MiniOzoneClusterImpl-9f975f3b-691f-4c06-b64c-c613e84f2492/datanode-2/data/ratis] (custom)
2019-08-20 17:21:27,515 [pool-433-thread-1] INFO  storage.RaftStorageDirectory (RaftStorageDirectory.java:analyzeStorage(246)) - The storage directory /workdir/hadoop-ozone/integration-test/target/test-dir/MiniOzoneClusterImpl-9f975f3b-691f-4c06-b64c-c613e84f2492/datanode-2/data/ratis/02bd605a-8995-4a98-a33d-5f93b3521c53 does not exist. Creating ...
2019-08-20 17:21:27,528 [pool-433-thread-1] INFO  storage.RaftStorageDirectory (RaftStorageDirectory.java:tryLock(328)) - Lock on /workdir/hadoop-ozone/integration-test/target/test-dir/MiniOzoneClusterImpl-9f975f3b-691f-4c06-b64c-c613e84f2492/datanode-2/data/ratis/02bd605a-8995-4a98-a33d-5f93b3521c53/in_use.lock acquired by nodename 22576@pr-hdds-1927-28fzr-1052167450
2019-08-20 17:21:27,545 [pool-433-thread-1] INFO  storage.RaftStorage (RaftStorage.java:format(72)) - Storage directory /workdir/hadoop-ozone/integration-test/target/test-dir/MiniOzoneClusterImpl-9f975f3b-691f-4c06-b64c-c613e84f2492/datanode-2/data/ratis/02bd605a-8995-4a98-a33d-5f93b3521c53 has been successfully formatted.
2019-08-20 17:21:27,545 [pool-433-thread-1] INFO  ratis.ContainerStateMachine (ContainerStateMachine.java:loadSnapshot(222)) - group-5F93B3521C53: The snapshot info is null. Setting the last applied indexto:(t:0, i:~)
2019-08-20 17:21:27,545 [pool-433-thread-1] INFO  server.RaftServerConfigKeys (ConfUtils.java:logGet(43)) - raft.server.leader.election.timeout = 120s (custom)
2019-08-20 17:21:27,545 [pool-433-thread-1] INFO  server.RaftServerConfigKeys (ConfUtils.java:logGet(43)) - raft.server.log.use.memory = false (default)
2019-08-20 17:21:27,545 [pool-433-thread-1] INFO  server.RaftServerConfigKeys (ConfUtils.java:logGet(43)) - raft.server.log.purge.gap = 1000000 (custom)
2019-08-20 17:21:27,546 [pool-433-thread-1] INFO  server.RaftServerConfigKeys (ConfUtils.java:logGet(43)) - raft.server.log.appender.buffer.byte-limit = 33554432 (custom)
2019-08-20 17:21:27,546 [pool-433-thread-1] INFO  server.RaftServerConfigKeys (ConfUtils.java:logGet(43)) - raft.server.log.segment.size.max = 1048576 (custom)
2019-08-20 17:21:27,546 [pool-433-thread-1] INFO  server.RaftServerConfigKeys (ConfUtils.java:logGet(43)) - raft.server.log.segment.cache.num.max = 2 (custom)
2019-08-20 17:21:27,546 [pool-433-thread-1] INFO  segmented.SegmentedRaftLogWorker (SegmentedRaftLogWorker.java:<init>(172)) - new b78857a0-3595-4f2d-9fb4-c7386e8457ec-SegmentedRaftLogWorker:Storage Directory /workdir/hadoop-ozone/integration-test/target/test-dir/MiniOzoneClusterImpl-9f975f3b-691f-4c06-b64c-c613e84f2492/datanode-2/data/ratis/02bd605a-8995-4a98-a33d-5f93b3521c53 for RaftStorage:Storage Directory /workdir/hadoop-ozone/integration-test/target/test-dir/MiniOzoneClusterImpl-9f975f3b-691f-4c06-b64c-c613e84f2492/datanode-2/data/ratis/02bd605a-8995-4a98-a33d-5f93b3521c53
2019-08-20 17:21:27,546 [pool-433-thread-1] INFO  server.RaftServerConfigKeys (ConfUtils.java:logGet(43)) - raft.server.log.queue.byte-limit = 2147483647 (custom)
2019-08-20 17:21:27,547 [pool-433-thread-1] INFO  server.RaftServerConfigKeys (ConfUtils.java:logGet(43)) - raft.server.log.queue.element-limit = 1024 (custom)
2019-08-20 17:21:27,547 [pool-433-thread-1] INFO  server.RaftServerConfigKeys (ConfUtils.java:logGet(43)) - raft.server.log.segment.size.max = 1048576 (custom)
2019-08-20 17:21:27,547 [pool-433-thread-1] INFO  server.RaftServerConfigKeys (ConfUtils.java:logGet(43)) - raft.server.log.preallocated.size = 16384 (custom)
2019-08-20 17:21:27,547 [pool-433-thread-1] INFO  server.RaftServerConfigKeys (ConfUtils.java:logGet(43)) - raft.server.log.write.buffer.size = 33554432 (custom)
2019-08-20 17:21:27,547 [pool-433-thread-1] INFO  server.RaftServerConfigKeys (ConfUtils.java:logGet(43)) - raft.server.log.force.sync.num = 128 (default)
2019-08-20 17:21:27,548 [pool-433-thread-1] INFO  server.RaftServerConfigKeys (ConfUtils.java:logGet(43)) - raft.server.log.statemachine.data.sync = true (default)
2019-08-20 17:21:27,548 [pool-433-thread-1] INFO  server.RaftServerConfigKeys (ConfUtils.java:logGet(43)) - raft.server.log.statemachine.data.sync.timeout = 10s (default)
2019-08-20 17:21:27,548 [pool-433-thread-1] INFO  server.RaftServerConfigKeys (ConfUtils.java:logGet(43)) - raft.server.log.statemachine.data.sync.timeout.retry = -1 (default)
2019-08-20 17:21:27,548 [pool-433-thread-1] INFO  server.RaftServerConfigKeys (ConfUtils.java:logGet(43)) - raft.server.log.statemachine.data.caching.enabled = true (custom)
2019-08-20 17:21:27,549 [pool-433-thread-1] INFO  segmented.SegmentedRaftLogWorker (SegmentedRaftLogWorker.java:lambda$new$0(132)) - b78857a0-3595-4f2d-9fb4-c7386e8457ec-SegmentedRaftLogWorker:Storage Directory /workdir/hadoop-ozone/integration-test/target/test-dir/MiniOzoneClusterImpl-9f975f3b-691f-4c06-b64c-c613e84f2492/datanode-2/data/ratis/02bd605a-8995-4a98-a33d-5f93b3521c53: flushIndex: setUnconditionally 0 -> -1
2019-08-20 17:21:27,549 [pool-433-thread-1] INFO  server.RaftServerConfigKeys (ConfUtils.java:logGet(43)) - raft.server.snapshot.auto.trigger.enabled = true (custom)
2019-08-20 17:21:27,549 [pool-433-thread-1] INFO  server.RaftServerConfigKeys (ConfUtils.java:logGet(43)) - raft.server.snapshot.auto.trigger.threshold = 10000 (custom)
2019-08-20 17:21:27,550 [pool-433-thread-1] INFO  server.RaftServerConfigKeys (ConfUtils.java:logGet(43)) - raft.server.retrycache.expirytime = 600000ms (custom)
2019-08-20 17:21:27,550 [pool-433-thread-1] INFO  impl.RaftServerImpl (RaftServerImpl.java:start(180)) - b78857a0-3595-4f2d-9fb4-c7386e8457ec: start group-5F93B3521C53
2019-08-20 17:21:27,550 [pool-433-thread-1] INFO  impl.RaftServerImpl (RaftServerImpl.java:setRole(171)) - b78857a0-3595-4f2d-9fb4-c7386e8457ec:group-5F93B3521C53 changes role from null to FOLLOWER at term 0 for startAsFollower
2019-08-20 17:21:27,550 [pool-433-thread-1] INFO  impl.RoleInfo (RoleInfo.java:updateAndGet(143)) - b78857a0-3595-4f2d-9fb4-c7386e8457ec: start FollowerState
2019-08-20 17:21:27,551 [pool-433-thread-1] INFO  util.JmxRegister (JmxRegister.java:tryRegister(44)) - Successfully registered JMX Bean with object name Ratis:service=RaftServer,group=group-5F93B3521C53,id=b78857a0-3595-4f2d-9fb4-c7386e8457ec
2019-08-20 17:21:27,554 [RatisPipelineUtilsThread] INFO  pipeline.PipelineStateManager (PipelineStateManager.java:addPipeline(56)) - Created pipeline Pipeline[ Id: 02bd605a-8995-4a98-a33d-5f93b3521c53, Nodes: b78857a0-3595-4f2d-9fb4-c7386e8457ec{ip: 192.168.5.168, host: pr-hdds-1927-28fzr-1052167450, networkLocation: /default-rack, certSerialId: null}, Type:RATIS, Factor:ONE, State:OPEN]
2019-08-20 17:21:27,568 [grpc-default-executor-7] INFO  impl.RaftServerProxy (RaftServerProxy.java:addNew(89)) - b458316a-5f51-4ff4-8786-e518fe47f684: addNew group-61A1137654F8:[39308b5f-2bd8-4b69-9392-e970931b2c1c:192.168.5.168:45735, b458316a-5f51-4ff4-8786-e518fe47f684:192.168.5.168:44615, b78857a0-3595-4f2d-9fb4-c7386e8457ec:192.168.5.168:38977] returns group-61A1137654F8:java.util.concurrent.CompletableFuture@1076187a[Not completed]
2019-08-20 17:21:27,568 [grpc-default-executor-5] INFO  impl.RaftServerProxy (RaftServerProxy.java:addNew(89)) - 39308b5f-2bd8-4b69-9392-e970931b2c1c: addNew group-61A1137654F8:[39308b5f-2bd8-4b69-9392-e970931b2c1c:192.168.5.168:45735, b458316a-5f51-4ff4-8786-e518fe47f684:192.168.5.168:44615, b78857a0-3595-4f2d-9fb4-c7386e8457ec:192.168.5.168:38977] returns group-61A1137654F8:java.util.concurrent.CompletableFuture@44da0a37[Not completed]
2019-08-20 17:21:27,568 [grpc-default-executor-6] INFO  impl.RaftServerProxy (RaftServerProxy.java:addNew(89)) - b78857a0-3595-4f2d-9fb4-c7386e8457ec: addNew group-61A1137654F8:[39308b5f-2bd8-4b69-9392-e970931b2c1c:192.168.5.168:45735, b458316a-5f51-4ff4-8786-e518fe47f684:192.168.5.168:44615, b78857a0-3595-4f2d-9fb4-c7386e8457ec:192.168.5.168:38977] returns group-61A1137654F8:java.util.concurrent.CompletableFuture@2ff6d8b8[Not completed]
2019-08-20 17:21:27,569 [pool-411-thread-1] INFO  impl.RaftServerImpl (RaftServerImpl.java:<init>(93)) - b458316a-5f51-4ff4-8786-e518fe47f684: new RaftServerImpl for group-61A1137654F8:[39308b5f-2bd8-4b69-9392-e970931b2c1c:192.168.5.168:45735, b458316a-5f51-4ff4-8786-e518fe47f684:192.168.5.168:44615, b78857a0-3595-4f2d-9fb4-c7386e8457ec:192.168.5.168:38977] with ContainerStateMachine:uninitialized
2019-08-20 17:21:27,569 [pool-411-thread-1] INFO  server.RaftServerConfigKeys (ConfUtils.java:logGet(43)) - raft.server.rpc.timeout.min = 5s (custom)
2019-08-20 17:21:27,569 [pool-411-thread-1] INFO  server.RaftServerConfigKeys (ConfUtils.java:logGet(43)) - raft.server.rpc.timeout.max = 5200ms (custom)
2019-08-20 17:21:27,569 [pool-411-thread-1] INFO  server.RaftServerConfigKeys (ConfUtils.java:logGet(43)) - raft.server.rpcslowness.timeout = 120s (custom)
2019-08-20 17:21:27,569 [pool-411-thread-1] INFO  server.RaftServerConfigKeys (ConfUtils.java:logGet(43)) - raft.server.sleep.deviation.threshold = 300 (default)
2019-08-20 17:21:27,569 [pool-433-thread-1] INFO  impl.RaftServerImpl (RaftServerImpl.java:<init>(93)) - b78857a0-3595-4f2d-9fb4-c7386e8457ec: new RaftServerImpl for group-61A1137654F8:[39308b5f-2bd8-4b69-9392-e970931b2c1c:192.168.5.168:45735, b458316a-5f51-4ff4-8786-e518fe47f684:192.168.5.168:44615, b78857a0-3595-4f2d-9fb4-c7386e8457ec:192.168.5.168:38977] with ContainerStateMachine:uninitialized
2019-08-20 17:21:27,569 [pool-411-thread-1] INFO  server.RaftServerConfigKeys (ConfUtils.java:logGet(43)) - raft.server.log.appender.install.snapshot.enabled = false (custom)
2019-08-20 17:21:27,569 [pool-433-thread-1] INFO  server.RaftServerConfigKeys (ConfUtils.java:logGet(43)) - raft.server.rpc.timeout.min = 5s (custom)
2019-08-20 17:21:27,570 [pool-422-thread-1] INFO  impl.RaftServerImpl (RaftServerImpl.java:<init>(93)) - 39308b5f-2bd8-4b69-9392-e970931b2c1c: new RaftServerImpl for group-61A1137654F8:[39308b5f-2bd8-4b69-9392-e970931b2c1c:192.168.5.168:45735, b458316a-5f51-4ff4-8786-e518fe47f684:192.168.5.168:44615, b78857a0-3595-4f2d-9fb4-c7386e8457ec:192.168.5.168:38977] with ContainerStateMachine:uninitialized
2019-08-20 17:21:27,569 [pool-411-thread-1] INFO  impl.RaftServerImpl (ServerState.java:<init>(105)) - b458316a-5f51-4ff4-8786-e518fe47f684:group-61A1137654F8 ConfigurationManager, init=-1: [39308b5f-2bd8-4b69-9392-e970931b2c1c:192.168.5.168:45735, b458316a-5f51-4ff4-8786-e518fe47f684:192.168.5.168:44615, b78857a0-3595-4f2d-9fb4-c7386e8457ec:192.168.5.168:38977], old=null, confs=<EMPTY_MAP>
2019-08-20 17:21:27,570 [pool-422-thread-1] INFO  server.RaftServerConfigKeys (ConfUtils.java:logGet(43)) - raft.server.rpc.timeout.min = 5s (custom)
2019-08-20 17:21:27,570 [pool-433-thread-1] INFO  server.RaftServerConfigKeys (ConfUtils.java:logGet(43)) - raft.server.rpc.timeout.max = 5200ms (custom)
2019-08-20 17:21:27,570 [pool-422-thread-1] INFO  server.RaftServerConfigKeys (ConfUtils.java:logGet(43)) - raft.server.rpc.timeout.max = 5200ms (custom)
2019-08-20 17:21:27,570 [pool-422-thread-1] INFO  server.RaftServerConfigKeys (ConfUtils.java:logGet(43)) - raft.server.rpcslowness.timeout = 120s (custom)
2019-08-20 17:21:27,570 [pool-411-thread-1] INFO  server.RaftServerConfigKeys (ConfUtils.java:logGet(43)) - raft.server.storage.dir = [/workdir/hadoop-ozone/integration-test/target/test-dir/MiniOzoneClusterImpl-9f975f3b-691f-4c06-b64c-c613e84f2492/datanode-0/data/ratis] (custom)
2019-08-20 17:21:27,570 [pool-422-thread-1] INFO  server.RaftServerConfigKeys (ConfUtils.java:logGet(43)) - raft.server.sleep.deviation.threshold = 300 (default)
2019-08-20 17:21:27,570 [pool-433-thread-1] INFO  server.RaftServerConfigKeys (ConfUtils.java:logGet(43)) - raft.server.rpcslowness.timeout = 120s (custom)
2019-08-20 17:21:27,571 [pool-411-thread-1] INFO  storage.RaftStorageDirectory (RaftStorageDirectory.java:analyzeStorage(246)) - The storage directory /workdir/hadoop-ozone/integration-test/target/test-dir/MiniOzoneClusterImpl-9f975f3b-691f-4c06-b64c-c613e84f2492/datanode-0/data/ratis/256392e8-3287-4033-8af4-61a1137654f8 does not exist. Creating ...
2019-08-20 17:21:27,571 [pool-422-thread-1] INFO  server.RaftServerConfigKeys (ConfUtils.java:logGet(43)) - raft.server.log.appender.install.snapshot.enabled = false (custom)
2019-08-20 17:21:27,571 [pool-433-thread-1] INFO  server.RaftServerConfigKeys (ConfUtils.java:logGet(43)) - raft.server.sleep.deviation.threshold = 300 (default)
2019-08-20 17:21:27,571 [pool-422-thread-1] INFO  impl.RaftServerImpl (ServerState.java:<init>(105)) - 39308b5f-2bd8-4b69-9392-e970931b2c1c:group-61A1137654F8 ConfigurationManager, init=-1: [39308b5f-2bd8-4b69-9392-e970931b2c1c:192.168.5.168:45735, b458316a-5f51-4ff4-8786-e518fe47f684:192.168.5.168:44615, b78857a0-3595-4f2d-9fb4-c7386e8457ec:192.168.5.168:38977], old=null, confs=<EMPTY_MAP>
2019-08-20 17:21:27,571 [pool-433-thread-1] INFO  server.RaftServerConfigKeys (ConfUtils.java:logGet(43)) - raft.server.log.appender.install.snapshot.enabled = false (custom)
2019-08-20 17:21:27,571 [pool-422-thread-1] INFO  server.RaftServerConfigKeys (ConfUtils.java:logGet(43)) - raft.server.storage.dir = [/workdir/hadoop-ozone/integration-test/target/test-dir/MiniOzoneClusterImpl-9f975f3b-691f-4c06-b64c-c613e84f2492/datanode-1/data/ratis] (custom)
2019-08-20 17:21:27,571 [pool-433-thread-1] INFO  impl.RaftServerImpl (ServerState.java:<init>(105)) - b78857a0-3595-4f2d-9fb4-c7386e8457ec:group-61A1137654F8 ConfigurationManager, init=-1: [39308b5f-2bd8-4b69-9392-e970931b2c1c:192.168.5.168:45735, b458316a-5f51-4ff4-8786-e518fe47f684:192.168.5.168:44615, b78857a0-3595-4f2d-9fb4-c7386e8457ec:192.168.5.168:38977], old=null, confs=<EMPTY_MAP>
2019-08-20 17:21:27,572 [pool-433-thread-1] INFO  server.RaftServerConfigKeys (ConfUtils.java:logGet(43)) - raft.server.storage.dir = [/workdir/hadoop-ozone/integration-test/target/test-dir/MiniOzoneClusterImpl-9f975f3b-691f-4c06-b64c-c613e84f2492/datanode-2/data/ratis] (custom)
2019-08-20 17:21:27,572 [pool-422-thread-1] INFO  storage.RaftStorageDirectory (RaftStorageDirectory.java:analyzeStorage(246)) - The storage directory /workdir/hadoop-ozone/integration-test/target/test-dir/MiniOzoneClusterImpl-9f975f3b-691f-4c06-b64c-c613e84f2492/datanode-1/data/ratis/256392e8-3287-4033-8af4-61a1137654f8 does not exist. Creating ...
2019-08-20 17:21:27,572 [pool-433-thread-1] INFO  storage.RaftStorageDirectory (RaftStorageDirectory.java:analyzeStorage(246)) - The storage directory /workdir/hadoop-ozone/integration-test/target/test-dir/MiniOzoneClusterImpl-9f975f3b-691f-4c06-b64c-c613e84f2492/datanode-2/data/ratis/256392e8-3287-4033-8af4-61a1137654f8 does not exist. Creating ...
2019-08-20 17:21:27,585 [pool-422-thread-1] INFO  storage.RaftStorageDirectory (RaftStorageDirectory.java:tryLock(328)) - Lock on /workdir/hadoop-ozone/integration-test/target/test-dir/MiniOzoneClusterImpl-9f975f3b-691f-4c06-b64c-c613e84f2492/datanode-1/data/ratis/256392e8-3287-4033-8af4-61a1137654f8/in_use.lock acquired by nodename 22576@pr-hdds-1927-28fzr-1052167450
2019-08-20 17:21:27,585 [pool-433-thread-1] INFO  storage.RaftStorageDirectory (RaftStorageDirectory.java:tryLock(328)) - Lock on /workdir/hadoop-ozone/integration-test/target/test-dir/MiniOzoneClusterImpl-9f975f3b-691f-4c06-b64c-c613e84f2492/datanode-2/data/ratis/256392e8-3287-4033-8af4-61a1137654f8/in_use.lock acquired by nodename 22576@pr-hdds-1927-28fzr-1052167450
2019-08-20 17:21:27,585 [pool-411-thread-1] INFO  storage.RaftStorageDirectory (RaftStorageDirectory.java:tryLock(328)) - Lock on /workdir/hadoop-ozone/integration-test/target/test-dir/MiniOzoneClusterImpl-9f975f3b-691f-4c06-b64c-c613e84f2492/datanode-0/data/ratis/256392e8-3287-4033-8af4-61a1137654f8/in_use.lock acquired by nodename 22576@pr-hdds-1927-28fzr-1052167450
2019-08-20 17:21:27,598 [pool-433-thread-1] INFO  storage.RaftStorage (RaftStorage.java:format(72)) - Storage directory /workdir/hadoop-ozone/integration-test/target/test-dir/MiniOzoneClusterImpl-9f975f3b-691f-4c06-b64c-c613e84f2492/datanode-2/data/ratis/256392e8-3287-4033-8af4-61a1137654f8 has been successfully formatted.
2019-08-20 17:21:27,598 [pool-422-thread-1] INFO  storage.RaftStorage (RaftStorage.java:format(72)) - Storage directory /workdir/hadoop-ozone/integration-test/target/test-dir/MiniOzoneClusterImpl-9f975f3b-691f-4c06-b64c-c613e84f2492/datanode-1/data/ratis/256392e8-3287-4033-8af4-61a1137654f8 has been successfully formatted.
2019-08-20 17:21:27,598 [pool-411-thread-1] INFO  storage.RaftStorage (RaftStorage.java:format(72)) - Storage directory /workdir/hadoop-ozone/integration-test/target/test-dir/MiniOzoneClusterImpl-9f975f3b-691f-4c06-b64c-c613e84f2492/datanode-0/data/ratis/256392e8-3287-4033-8af4-61a1137654f8 has been successfully formatted.
2019-08-20 17:21:27,599 [pool-422-thread-1] INFO  ratis.ContainerStateMachine (ContainerStateMachine.java:loadSnapshot(222)) - group-61A1137654F8: The snapshot info is null. Setting the last applied indexto:(t:0, i:~)
2019-08-20 17:21:27,599 [pool-433-thread-1] INFO  ratis.ContainerStateMachine (ContainerStateMachine.java:loadSnapshot(222)) - group-61A1137654F8: The snapshot info is null. Setting the last applied indexto:(t:0, i:~)
2019-08-20 17:21:27,599 [pool-422-thread-1] INFO  server.RaftServerConfigKeys (ConfUtils.java:logGet(43)) - raft.server.leader.election.timeout = 120s (custom)
2019-08-20 17:21:27,599 [pool-411-thread-1] INFO  ratis.ContainerStateMachine (ContainerStateMachine.java:loadSnapshot(222)) - group-61A1137654F8: The snapshot info is null. Setting the last applied indexto:(t:0, i:~)
2019-08-20 17:21:27,599 [pool-422-thread-1] INFO  server.RaftServerConfigKeys (ConfUtils.java:logGet(43)) - raft.server.log.use.memory = false (default)
2019-08-20 17:21:27,599 [pool-433-thread-1] INFO  server.RaftServerConfigKeys (ConfUtils.java:logGet(43)) - raft.server.leader.election.timeout = 120s (custom)
2019-08-20 17:21:27,600 [pool-422-thread-1] INFO  server.RaftServerConfigKeys (ConfUtils.java:logGet(43)) - raft.server.log.purge.gap = 1000000 (custom)
2019-08-20 17:21:27,599 [pool-411-thread-1] INFO  server.RaftServerConfigKeys (ConfUtils.java:logGet(43)) - raft.server.leader.election.timeout = 120s (custom)
2019-08-20 17:21:27,600 [pool-422-thread-1] INFO  server.RaftServerConfigKeys (ConfUtils.java:logGet(43)) - raft.server.log.appender.buffer.byte-limit = 33554432 (custom)
2019-08-20 17:21:27,600 [pool-433-thread-1] INFO  server.RaftServerConfigKeys (ConfUtils.java:logGet(43)) - raft.server.log.use.memory = false (default)
2019-08-20 17:21:27,600 [pool-422-thread-1] INFO  server.RaftServerConfigKeys (ConfUtils.java:logGet(43)) - raft.server.log.segment.size.max = 1048576 (custom)
2019-08-20 17:21:27,600 [pool-411-thread-1] INFO  server.RaftServerConfigKeys (ConfUtils.java:logGet(43)) - raft.server.log.use.memory = false (default)
2019-08-20 17:21:27,600 [pool-422-thread-1] INFO  server.RaftServerConfigKeys (ConfUtils.java:logGet(43)) - raft.server.log.segment.cache.num.max = 2 (custom)
2019-08-20 17:21:27,600 [pool-433-thread-1] INFO  server.RaftServerConfigKeys (ConfUtils.java:logGet(43)) - raft.server.log.purge.gap = 1000000 (custom)
2019-08-20 17:21:27,600 [pool-422-thread-1] INFO  segmented.SegmentedRaftLogWorker (SegmentedRaftLogWorker.java:<init>(172)) - new 39308b5f-2bd8-4b69-9392-e970931b2c1c-SegmentedRaftLogWorker:Storage Directory /workdir/hadoop-ozone/integration-test/target/test-dir/MiniOzoneClusterImpl-9f975f3b-691f-4c06-b64c-c613e84f2492/datanode-1/data/ratis/256392e8-3287-4033-8af4-61a1137654f8 for RaftStorage:Storage Directory /workdir/hadoop-ozone/integration-test/target/test-dir/MiniOzoneClusterImpl-9f975f3b-691f-4c06-b64c-c613e84f2492/datanode-1/data/ratis/256392e8-3287-4033-8af4-61a1137654f8
2019-08-20 17:21:27,600 [pool-411-thread-1] INFO  server.RaftServerConfigKeys (ConfUtils.java:logGet(43)) - raft.server.log.purge.gap = 1000000 (custom)
2019-08-20 17:21:27,601 [pool-422-thread-1] INFO  server.RaftServerConfigKeys (ConfUtils.java:logGet(43)) - raft.server.log.queue.byte-limit = 2147483647 (custom)
2019-08-20 17:21:27,601 [pool-433-thread-1] INFO  server.RaftServerConfigKeys (ConfUtils.java:logGet(43)) - raft.server.log.appender.buffer.byte-limit = 33554432 (custom)
2019-08-20 17:21:27,601 [pool-422-thread-1] INFO  server.RaftServerConfigKeys (ConfUtils.java:logGet(43)) - raft.server.log.queue.element-limit = 1024 (custom)
2019-08-20 17:21:27,601 [pool-411-thread-1] INFO  server.RaftServerConfigKeys (ConfUtils.java:logGet(43)) - raft.server.log.appender.buffer.byte-limit = 33554432 (custom)
2019-08-20 17:21:27,601 [pool-422-thread-1] INFO  server.RaftServerConfigKeys (ConfUtils.java:logGet(43)) - raft.server.log.segment.size.max = 1048576 (custom)
2019-08-20 17:21:27,601 [pool-422-thread-1] INFO  server.RaftServerConfigKeys (ConfUtils.java:logGet(43)) - raft.server.log.preallocated.size = 16384 (custom)
2019-08-20 17:21:27,601 [pool-433-thread-1] INFO  server.RaftServerConfigKeys (ConfUtils.java:logGet(43)) - raft.server.log.segment.size.max = 1048576 (custom)
2019-08-20 17:21:27,601 [pool-422-thread-1] INFO  server.RaftServerConfigKeys (ConfUtils.java:logGet(43)) - raft.server.log.write.buffer.size = 33554432 (custom)
2019-08-20 17:21:27,601 [pool-411-thread-1] INFO  server.RaftServerConfigKeys (ConfUtils.java:logGet(43)) - raft.server.log.segment.size.max = 1048576 (custom)
2019-08-20 17:21:27,602 [pool-422-thread-1] INFO  server.RaftServerConfigKeys (ConfUtils.java:logGet(43)) - raft.server.log.force.sync.num = 128 (default)
2019-08-20 17:21:27,602 [pool-433-thread-1] INFO  server.RaftServerConfigKeys (ConfUtils.java:logGet(43)) - raft.server.log.segment.cache.num.max = 2 (custom)
2019-08-20 17:21:27,602 [pool-422-thread-1] INFO  server.RaftServerConfigKeys (ConfUtils.java:logGet(43)) - raft.server.log.statemachine.data.sync = true (default)
2019-08-20 17:21:27,602 [pool-411-thread-1] INFO  server.RaftServerConfigKeys (ConfUtils.java:logGet(43)) - raft.server.log.segment.cache.num.max = 2 (custom)
2019-08-20 17:21:27,602 [pool-422-thread-1] INFO  server.RaftServerConfigKeys (ConfUtils.java:logGet(43)) - raft.server.log.statemachine.data.sync.timeout = 10s (default)
2019-08-20 17:21:27,602 [pool-433-thread-1] INFO  segmented.SegmentedRaftLogWorker (SegmentedRaftLogWorker.java:<init>(172)) - new b78857a0-3595-4f2d-9fb4-c7386e8457ec-SegmentedRaftLogWorker:Storage Directory /workdir/hadoop-ozone/integration-test/target/test-dir/MiniOzoneClusterImpl-9f975f3b-691f-4c06-b64c-c613e84f2492/datanode-2/data/ratis/256392e8-3287-4033-8af4-61a1137654f8 for RaftStorage:Storage Directory /workdir/hadoop-ozone/integration-test/target/test-dir/MiniOzoneClusterImpl-9f975f3b-691f-4c06-b64c-c613e84f2492/datanode-2/data/ratis/256392e8-3287-4033-8af4-61a1137654f8
2019-08-20 17:21:27,603 [pool-422-thread-1] INFO  server.RaftServerConfigKeys (ConfUtils.java:logGet(43)) - raft.server.log.statemachine.data.sync.timeout.retry = -1 (default)
2019-08-20 17:21:27,602 [pool-411-thread-1] INFO  segmented.SegmentedRaftLogWorker (SegmentedRaftLogWorker.java:<init>(172)) - new b458316a-5f51-4ff4-8786-e518fe47f684-SegmentedRaftLogWorker:Storage Directory /workdir/hadoop-ozone/integration-test/target/test-dir/MiniOzoneClusterImpl-9f975f3b-691f-4c06-b64c-c613e84f2492/datanode-0/data/ratis/256392e8-3287-4033-8af4-61a1137654f8 for RaftStorage:Storage Directory /workdir/hadoop-ozone/integration-test/target/test-dir/MiniOzoneClusterImpl-9f975f3b-691f-4c06-b64c-c613e84f2492/datanode-0/data/ratis/256392e8-3287-4033-8af4-61a1137654f8
2019-08-20 17:21:27,603 [pool-422-thread-1] INFO  server.RaftServerConfigKeys (ConfUtils.java:logGet(43)) - raft.server.log.statemachine.data.caching.enabled = true (custom)
2019-08-20 17:21:27,603 [pool-433-thread-1] INFO  server.RaftServerConfigKeys (ConfUtils.java:logGet(43)) - raft.server.log.queue.byte-limit = 2147483647 (custom)
2019-08-20 17:21:27,603 [pool-411-thread-1] INFO  server.RaftServerConfigKeys (ConfUtils.java:logGet(43)) - raft.server.log.queue.byte-limit = 2147483647 (custom)
2019-08-20 17:21:27,603 [pool-422-thread-1] INFO  segmented.SegmentedRaftLogWorker (SegmentedRaftLogWorker.java:lambda$new$0(132)) - 39308b5f-2bd8-4b69-9392-e970931b2c1c-SegmentedRaftLogWorker:Storage Directory /workdir/hadoop-ozone/integration-test/target/test-dir/MiniOzoneClusterImpl-9f975f3b-691f-4c06-b64c-c613e84f2492/datanode-1/data/ratis/256392e8-3287-4033-8af4-61a1137654f8: flushIndex: setUnconditionally 0 -> -1
2019-08-20 17:21:27,603 [pool-433-thread-1] INFO  server.RaftServerConfigKeys (ConfUtils.java:logGet(43)) - raft.server.log.queue.element-limit = 1024 (custom)
2019-08-20 17:21:27,603 [pool-411-thread-1] INFO  server.RaftServerConfigKeys (ConfUtils.java:logGet(43)) - raft.server.log.queue.element-limit = 1024 (custom)
2019-08-20 17:21:27,604 [pool-422-thread-1] INFO  server.RaftServerConfigKeys (ConfUtils.java:logGet(43)) - raft.server.snapshot.auto.trigger.enabled = true (custom)
2019-08-20 17:21:27,604 [pool-433-thread-1] INFO  server.RaftServerConfigKeys (ConfUtils.java:logGet(43)) - raft.server.log.segment.size.max = 1048576 (custom)
2019-08-20 17:21:27,604 [pool-422-thread-1] INFO  server.RaftServerConfigKeys (ConfUtils.java:logGet(43)) - raft.server.snapshot.auto.trigger.threshold = 10000 (custom)
2019-08-20 17:21:27,604 [pool-411-thread-1] INFO  server.RaftServerConfigKeys (ConfUtils.java:logGet(43)) - raft.server.log.segment.size.max = 1048576 (custom)
2019-08-20 17:21:27,604 [pool-422-thread-1] INFO  server.RaftServerConfigKeys (ConfUtils.java:logGet(43)) - raft.server.retrycache.expirytime = 600000ms (custom)
2019-08-20 17:21:27,604 [pool-433-thread-1] INFO  server.RaftServerConfigKeys (ConfUtils.java:logGet(43)) - raft.server.log.preallocated.size = 16384 (custom)
2019-08-20 17:21:27,604 [pool-422-thread-1] INFO  impl.RaftServerImpl (RaftServerImpl.java:start(180)) - 39308b5f-2bd8-4b69-9392-e970931b2c1c: start group-61A1137654F8
2019-08-20 17:21:27,604 [pool-411-thread-1] INFO  server.RaftServerConfigKeys (ConfUtils.java:logGet(43)) - raft.server.log.preallocated.size = 16384 (custom)
2019-08-20 17:21:27,605 [pool-422-thread-1] INFO  impl.RaftServerImpl (RaftServerImpl.java:setRole(171)) - 39308b5f-2bd8-4b69-9392-e970931b2c1c:group-61A1137654F8 changes role from null to FOLLOWER at term 0 for startAsFollower
2019-08-20 17:21:27,605 [pool-433-thread-1] INFO  server.RaftServerConfigKeys (ConfUtils.java:logGet(43)) - raft.server.log.write.buffer.size = 33554432 (custom)
2019-08-20 17:21:27,605 [pool-422-thread-1] INFO  impl.RoleInfo (RoleInfo.java:updateAndGet(143)) - 39308b5f-2bd8-4b69-9392-e970931b2c1c: start FollowerState
2019-08-20 17:21:27,605 [pool-411-thread-1] INFO  server.RaftServerConfigKeys (ConfUtils.java:logGet(43)) - raft.server.log.write.buffer.size = 33554432 (custom)
2019-08-20 17:21:27,605 [pool-433-thread-1] INFO  server.RaftServerConfigKeys (ConfUtils.java:logGet(43)) - raft.server.log.force.sync.num = 128 (default)
2019-08-20 17:21:27,605 [pool-411-thread-1] INFO  server.RaftServerConfigKeys (ConfUtils.java:logGet(43)) - raft.server.log.force.sync.num = 128 (default)
2019-08-20 17:21:27,605 [pool-433-thread-1] INFO  server.RaftServerConfigKeys (ConfUtils.java:logGet(43)) - raft.server.log.statemachine.data.sync = true (default)
2019-08-20 17:21:27,605 [pool-422-thread-1] INFO  util.JmxRegister (JmxRegister.java:tryRegister(44)) - Successfully registered JMX Bean with object name Ratis:service=RaftServer,group=group-61A1137654F8,id=39308b5f-2bd8-4b69-9392-e970931b2c1c
2019-08-20 17:21:27,606 [pool-433-thread-1] INFO  server.RaftServerConfigKeys (ConfUtils.java:logGet(43)) - raft.server.log.statemachine.data.sync.timeout = 10s (default)
2019-08-20 17:21:27,606 [pool-411-thread-1] INFO  server.RaftServerConfigKeys (ConfUtils.java:logGet(43)) - raft.server.log.statemachine.data.sync = true (default)
2019-08-20 17:21:27,606 [pool-433-thread-1] INFO  server.RaftServerConfigKeys (ConfUtils.java:logGet(43)) - raft.server.log.statemachine.data.sync.timeout.retry = -1 (default)
2019-08-20 17:21:27,606 [pool-411-thread-1] INFO  server.RaftServerConfigKeys (ConfUtils.java:logGet(43)) - raft.server.log.statemachine.data.sync.timeout = 10s (default)
2019-08-20 17:21:27,606 [pool-433-thread-1] INFO  server.RaftServerConfigKeys (ConfUtils.java:logGet(43)) - raft.server.log.statemachine.data.caching.enabled = true (custom)
2019-08-20 17:21:27,606 [pool-411-thread-1] INFO  server.RaftServerConfigKeys (ConfUtils.java:logGet(43)) - raft.server.log.statemachine.data.sync.timeout.retry = -1 (default)
2019-08-20 17:21:27,607 [pool-433-thread-1] INFO  segmented.SegmentedRaftLogWorker (SegmentedRaftLogWorker.java:lambda$new$0(132)) - b78857a0-3595-4f2d-9fb4-c7386e8457ec-SegmentedRaftLogWorker:Storage Directory /workdir/hadoop-ozone/integration-test/target/test-dir/MiniOzoneClusterImpl-9f975f3b-691f-4c06-b64c-c613e84f2492/datanode-2/data/ratis/256392e8-3287-4033-8af4-61a1137654f8: flushIndex: setUnconditionally 0 -> -1
2019-08-20 17:21:27,607 [pool-411-thread-1] INFO  server.RaftServerConfigKeys (ConfUtils.java:logGet(43)) - raft.server.log.statemachine.data.caching.enabled = true (custom)
2019-08-20 17:21:27,607 [pool-433-thread-1] INFO  server.RaftServerConfigKeys (ConfUtils.java:logGet(43)) - raft.server.snapshot.auto.trigger.enabled = true (custom)
2019-08-20 17:21:27,607 [pool-433-thread-1] INFO  server.RaftServerConfigKeys (ConfUtils.java:logGet(43)) - raft.server.snapshot.auto.trigger.threshold = 10000 (custom)
2019-08-20 17:21:27,607 [pool-411-thread-1] INFO  segmented.SegmentedRaftLogWorker (SegmentedRaftLogWorker.java:lambda$new$0(132)) - b458316a-5f51-4ff4-8786-e518fe47f684-SegmentedRaftLogWorker:Storage Directory /workdir/hadoop-ozone/integration-test/target/test-dir/MiniOzoneClusterImpl-9f975f3b-691f-4c06-b64c-c613e84f2492/datanode-0/data/ratis/256392e8-3287-4033-8af4-61a1137654f8: flushIndex: setUnconditionally 0 -> -1
2019-08-20 17:21:27,607 [pool-433-thread-1] INFO  server.RaftServerConfigKeys (ConfUtils.java:logGet(43)) - raft.server.retrycache.expirytime = 600000ms (custom)
2019-08-20 17:21:27,607 [pool-433-thread-1] INFO  impl.RaftServerImpl (RaftServerImpl.java:start(180)) - b78857a0-3595-4f2d-9fb4-c7386e8457ec: start group-61A1137654F8
2019-08-20 17:21:27,607 [pool-411-thread-1] INFO  server.RaftServerConfigKeys (ConfUtils.java:logGet(43)) - raft.server.snapshot.auto.trigger.enabled = true (custom)
2019-08-20 17:21:27,607 [pool-433-thread-1] INFO  impl.RaftServerImpl (RaftServerImpl.java:setRole(171)) - b78857a0-3595-4f2d-9fb4-c7386e8457ec:group-61A1137654F8 changes role from null to FOLLOWER at term 0 for startAsFollower
2019-08-20 17:21:27,608 [pool-411-thread-1] INFO  server.RaftServerConfigKeys (ConfUtils.java:logGet(43)) - raft.server.snapshot.auto.trigger.threshold = 10000 (custom)
2019-08-20 17:21:27,608 [pool-433-thread-1] INFO  impl.RoleInfo (RoleInfo.java:updateAndGet(143)) - b78857a0-3595-4f2d-9fb4-c7386e8457ec: start FollowerState
2019-08-20 17:21:27,608 [pool-411-thread-1] INFO  server.RaftServerConfigKeys (ConfUtils.java:logGet(43)) - raft.server.retrycache.expirytime = 600000ms (custom)
2019-08-20 17:21:27,608 [pool-433-thread-1] INFO  util.JmxRegister (JmxRegister.java:tryRegister(44)) - Successfully registered JMX Bean with object name Ratis:service=RaftServer,group=group-61A1137654F8,id=b78857a0-3595-4f2d-9fb4-c7386e8457ec
2019-08-20 17:21:27,608 [pool-411-thread-1] INFO  impl.RaftServerImpl (RaftServerImpl.java:start(180)) - b458316a-5f51-4ff4-8786-e518fe47f684: start group-61A1137654F8
2019-08-20 17:21:27,608 [pool-411-thread-1] INFO  impl.RaftServerImpl (RaftServerImpl.java:setRole(171)) - b458316a-5f51-4ff4-8786-e518fe47f684:group-61A1137654F8 changes role from null to FOLLOWER at term 0 for startAsFollower
2019-08-20 17:21:27,609 [pool-411-thread-1] INFO  impl.RoleInfo (RoleInfo.java:updateAndGet(143)) - b458316a-5f51-4ff4-8786-e518fe47f684: start FollowerState
2019-08-20 17:21:27,609 [pool-411-thread-1] INFO  util.JmxRegister (JmxRegister.java:tryRegister(44)) - Successfully registered JMX Bean with object name Ratis:service=RaftServer,group=group-61A1137654F8,id=b458316a-5f51-4ff4-8786-e518fe47f684
2019-08-20 17:21:27,611 [RatisPipelineUtilsThread] INFO  pipeline.PipelineStateManager (PipelineStateManager.java:addPipeline(56)) - Created pipeline Pipeline[ Id: 256392e8-3287-4033-8af4-61a1137654f8, Nodes: b78857a0-3595-4f2d-9fb4-c7386e8457ec{ip: 192.168.5.168, host: pr-hdds-1927-28fzr-1052167450, networkLocation: /default-rack, certSerialId: null}b458316a-5f51-4ff4-8786-e518fe47f684{ip: 192.168.5.168, host: pr-hdds-1927-28fzr-1052167450, networkLocation: /default-rack, certSerialId: null}39308b5f-2bd8-4b69-9392-e970931b2c1c{ip: 192.168.5.168, host: pr-hdds-1927-28fzr-1052167450, networkLocation: /default-rack, certSerialId: null}, Type:RATIS, Factor:THREE, State:OPEN]
2019-08-20 17:21:27,649 [IPC Server handler 3 on 46814] INFO  net.NetworkTopology (NetworkTopologyImpl.java:add(110)) - Added a new node: /default-rack/6d465182-e65c-481c-b5b5-22d615bea83e
2019-08-20 17:21:27,649 [IPC Server handler 3 on 46814] INFO  node.SCMNodeManager (SCMNodeManager.java:register(273)) - Registered Data node : 6d465182-e65c-481c-b5b5-22d615bea83e{ip: 192.168.5.168, host: pr-hdds-1927-28fzr-1052167450, networkLocation: /default-rack, certSerialId: null}
2019-08-20 17:21:27,652 | INFO  | SCMAudit | user=jenkins1000 | ip=192.168.5.168 | op=REGISTER {datanodeDetails=6d465182-e65c-481c-b5b5-22d615bea83e{ip: 192.168.5.168, host: pr-hdds-1927-28fzr-1052167450, networkLocation: /default-rack, certSerialId: null}} | ret=SUCCESS |  
2019-08-20 17:21:27,659 [grpc-default-executor-6] INFO  impl.RaftServerProxy (RaftServerProxy.java:addNew(89)) - 6d465182-e65c-481c-b5b5-22d615bea83e: addNew group-24EA847CAF1C:[6d465182-e65c-481c-b5b5-22d615bea83e:192.168.5.168:46033] returns group-24EA847CAF1C:java.util.concurrent.CompletableFuture@125e21ff[Not completed]
2019-08-20 17:21:27,660 [pool-444-thread-1] INFO  impl.RaftServerImpl (RaftServerImpl.java:<init>(93)) - 6d465182-e65c-481c-b5b5-22d615bea83e: new RaftServerImpl for group-24EA847CAF1C:[6d465182-e65c-481c-b5b5-22d615bea83e:192.168.5.168:46033] with ContainerStateMachine:uninitialized
2019-08-20 17:21:27,660 [pool-444-thread-1] INFO  server.RaftServerConfigKeys (ConfUtils.java:logGet(43)) - raft.server.rpc.timeout.min = 5s (custom)
2019-08-20 17:21:27,660 [pool-444-thread-1] INFO  server.RaftServerConfigKeys (ConfUtils.java:logGet(43)) - raft.server.rpc.timeout.max = 5200ms (custom)
2019-08-20 17:21:27,660 [pool-444-thread-1] INFO  server.RaftServerConfigKeys (ConfUtils.java:logGet(43)) - raft.server.rpcslowness.timeout = 120s (custom)
2019-08-20 17:21:27,660 [pool-444-thread-1] INFO  server.RaftServerConfigKeys (ConfUtils.java:logGet(43)) - raft.server.sleep.deviation.threshold = 300 (default)
2019-08-20 17:21:27,660 [pool-444-thread-1] INFO  server.RaftServerConfigKeys (ConfUtils.java:logGet(43)) - raft.server.log.appender.install.snapshot.enabled = false (custom)
2019-08-20 17:21:27,660 [pool-444-thread-1] INFO  impl.RaftServerImpl (ServerState.java:<init>(105)) - 6d465182-e65c-481c-b5b5-22d615bea83e:group-24EA847CAF1C ConfigurationManager, init=-1: [6d465182-e65c-481c-b5b5-22d615bea83e:192.168.5.168:46033], old=null, confs=<EMPTY_MAP>
2019-08-20 17:21:27,660 [pool-444-thread-1] INFO  server.RaftServerConfigKeys (ConfUtils.java:logGet(43)) - raft.server.storage.dir = [/workdir/hadoop-ozone/integration-test/target/test-dir/MiniOzoneClusterImpl-9f975f3b-691f-4c06-b64c-c613e84f2492/datanode-3/data/ratis] (custom)
2019-08-20 17:21:27,661 [pool-444-thread-1] INFO  storage.RaftStorageDirectory (RaftStorageDirectory.java:analyzeStorage(246)) - The storage directory /workdir/hadoop-ozone/integration-test/target/test-dir/MiniOzoneClusterImpl-9f975f3b-691f-4c06-b64c-c613e84f2492/datanode-3/data/ratis/4322ccd9-0f82-4238-9f44-24ea847caf1c does not exist. Creating ...
2019-08-20 17:21:27,673 [pool-444-thread-1] INFO  storage.RaftStorageDirectory (RaftStorageDirectory.java:tryLock(328)) - Lock on /workdir/hadoop-ozone/integration-test/target/test-dir/MiniOzoneClusterImpl-9f975f3b-691f-4c06-b64c-c613e84f2492/datanode-3/data/ratis/4322ccd9-0f82-4238-9f44-24ea847caf1c/in_use.lock acquired by nodename 22576@pr-hdds-1927-28fzr-1052167450
2019-08-20 17:21:27,686 [pool-444-thread-1] INFO  storage.RaftStorage (RaftStorage.java:format(72)) - Storage directory /workdir/hadoop-ozone/integration-test/target/test-dir/MiniOzoneClusterImpl-9f975f3b-691f-4c06-b64c-c613e84f2492/datanode-3/data/ratis/4322ccd9-0f82-4238-9f44-24ea847caf1c has been successfully formatted.
2019-08-20 17:21:27,686 [pool-444-thread-1] INFO  ratis.ContainerStateMachine (ContainerStateMachine.java:loadSnapshot(222)) - group-24EA847CAF1C: The snapshot info is null. Setting the last applied indexto:(t:0, i:~)
2019-08-20 17:21:27,686 [pool-444-thread-1] INFO  server.RaftServerConfigKeys (ConfUtils.java:logGet(43)) - raft.server.leader.election.timeout = 120s (custom)
2019-08-20 17:21:27,686 [pool-444-thread-1] INFO  server.RaftServerConfigKeys (ConfUtils.java:logGet(43)) - raft.server.log.use.memory = false (default)
2019-08-20 17:21:27,686 [pool-444-thread-1] INFO  server.RaftServerConfigKeys (ConfUtils.java:logGet(43)) - raft.server.log.purge.gap = 1000000 (custom)
2019-08-20 17:21:27,687 [pool-444-thread-1] INFO  server.RaftServerConfigKeys (ConfUtils.java:logGet(43)) - raft.server.log.appender.buffer.byte-limit = 33554432 (custom)
2019-08-20 17:21:27,687 [pool-444-thread-1] INFO  server.RaftServerConfigKeys (ConfUtils.java:logGet(43)) - raft.server.log.segment.size.max = 1048576 (custom)
2019-08-20 17:21:27,687 [pool-444-thread-1] INFO  server.RaftServerConfigKeys (ConfUtils.java:logGet(43)) - raft.server.log.segment.cache.num.max = 2 (custom)
2019-08-20 17:21:27,687 [pool-444-thread-1] INFO  segmented.SegmentedRaftLogWorker (SegmentedRaftLogWorker.java:<init>(172)) - new 6d465182-e65c-481c-b5b5-22d615bea83e-SegmentedRaftLogWorker:Storage Directory /workdir/hadoop-ozone/integration-test/target/test-dir/MiniOzoneClusterImpl-9f975f3b-691f-4c06-b64c-c613e84f2492/datanode-3/data/ratis/4322ccd9-0f82-4238-9f44-24ea847caf1c for RaftStorage:Storage Directory /workdir/hadoop-ozone/integration-test/target/test-dir/MiniOzoneClusterImpl-9f975f3b-691f-4c06-b64c-c613e84f2492/datanode-3/data/ratis/4322ccd9-0f82-4238-9f44-24ea847caf1c
2019-08-20 17:21:27,687 [pool-444-thread-1] INFO  server.RaftServerConfigKeys (ConfUtils.java:logGet(43)) - raft.server.log.queue.byte-limit = 2147483647 (custom)
2019-08-20 17:21:27,687 [pool-444-thread-1] INFO  server.RaftServerConfigKeys (ConfUtils.java:logGet(43)) - raft.server.log.queue.element-limit = 1024 (custom)
2019-08-20 17:21:27,687 [pool-444-thread-1] INFO  server.RaftServerConfigKeys (ConfUtils.java:logGet(43)) - raft.server.log.segment.size.max = 1048576 (custom)
2019-08-20 17:21:27,688 [pool-444-thread-1] INFO  server.RaftServerConfigKeys (ConfUtils.java:logGet(43)) - raft.server.log.preallocated.size = 16384 (custom)
2019-08-20 17:21:27,688 [pool-444-thread-1] INFO  server.RaftServerConfigKeys (ConfUtils.java:logGet(43)) - raft.server.log.write.buffer.size = 33554432 (custom)
2019-08-20 17:21:27,688 [pool-444-thread-1] INFO  server.RaftServerConfigKeys (ConfUtils.java:logGet(43)) - raft.server.log.force.sync.num = 128 (default)
2019-08-20 17:21:27,688 [pool-444-thread-1] INFO  server.RaftServerConfigKeys (ConfUtils.java:logGet(43)) - raft.server.log.statemachine.data.sync = true (default)
2019-08-20 17:21:27,688 [pool-444-thread-1] INFO  server.RaftServerConfigKeys (ConfUtils.java:logGet(43)) - raft.server.log.statemachine.data.sync.timeout = 10s (default)
2019-08-20 17:21:27,688 [pool-444-thread-1] INFO  server.RaftServerConfigKeys (ConfUtils.java:logGet(43)) - raft.server.log.statemachine.data.sync.timeout.retry = -1 (default)
2019-08-20 17:21:27,688 [pool-444-thread-1] INFO  server.RaftServerConfigKeys (ConfUtils.java:logGet(43)) - raft.server.log.statemachine.data.caching.enabled = true (custom)
2019-08-20 17:21:27,688 [pool-444-thread-1] INFO  segmented.SegmentedRaftLogWorker (SegmentedRaftLogWorker.java:lambda$new$0(132)) - 6d465182-e65c-481c-b5b5-22d615bea83e-SegmentedRaftLogWorker:Storage Directory /workdir/hadoop-ozone/integration-test/target/test-dir/MiniOzoneClusterImpl-9f975f3b-691f-4c06-b64c-c613e84f2492/datanode-3/data/ratis/4322ccd9-0f82-4238-9f44-24ea847caf1c: flushIndex: setUnconditionally 0 -> -1
2019-08-20 17:21:27,689 [pool-444-thread-1] INFO  server.RaftServerConfigKeys (ConfUtils.java:logGet(43)) - raft.server.snapshot.auto.trigger.enabled = true (custom)
2019-08-20 17:21:27,689 [pool-444-thread-1] INFO  server.RaftServerConfigKeys (ConfUtils.java:logGet(43)) - raft.server.snapshot.auto.trigger.threshold = 10000 (custom)
2019-08-20 17:21:27,689 [pool-444-thread-1] INFO  server.RaftServerConfigKeys (ConfUtils.java:logGet(43)) - raft.server.retrycache.expirytime = 600000ms (custom)
2019-08-20 17:21:27,689 [pool-444-thread-1] INFO  impl.RaftServerImpl (RaftServerImpl.java:start(180)) - 6d465182-e65c-481c-b5b5-22d615bea83e: start group-24EA847CAF1C
2019-08-20 17:21:27,689 [pool-444-thread-1] INFO  impl.RaftServerImpl (RaftServerImpl.java:setRole(171)) - 6d465182-e65c-481c-b5b5-22d615bea83e:group-24EA847CAF1C changes role from null to FOLLOWER at term 0 for startAsFollower
2019-08-20 17:21:27,689 [pool-444-thread-1] INFO  impl.RoleInfo (RoleInfo.java:updateAndGet(143)) - 6d465182-e65c-481c-b5b5-22d615bea83e: start FollowerState
2019-08-20 17:21:27,690 [pool-444-thread-1] INFO  util.JmxRegister (JmxRegister.java:tryRegister(44)) - Successfully registered JMX Bean with object name Ratis:service=RaftServer,group=group-24EA847CAF1C,id=6d465182-e65c-481c-b5b5-22d615bea83e
2019-08-20 17:21:27,692 [RatisPipelineUtilsThread] INFO  pipeline.PipelineStateManager (PipelineStateManager.java:addPipeline(56)) - Created pipeline Pipeline[ Id: 4322ccd9-0f82-4238-9f44-24ea847caf1c, Nodes: 6d465182-e65c-481c-b5b5-22d615bea83e{ip: 192.168.5.168, host: pr-hdds-1927-28fzr-1052167450, networkLocation: /default-rack, certSerialId: null}, Type:RATIS, Factor:ONE, State:OPEN]
2019-08-20 17:21:27,820 [IPC Server handler 4 on 46814] INFO  net.NetworkTopology (NetworkTopologyImpl.java:add(110)) - Added a new node: /default-rack/4ccb66d6-8f8f-4544-8e0a-d9e084dfa179
2019-08-20 17:21:27,820 [IPC Server handler 4 on 46814] INFO  node.SCMNodeManager (SCMNodeManager.java:register(273)) - Registered Data node : 4ccb66d6-8f8f-4544-8e0a-d9e084dfa179{ip: 192.168.5.168, host: pr-hdds-1927-28fzr-1052167450, networkLocation: /default-rack, certSerialId: null}
2019-08-20 17:21:27,824 | INFO  | SCMAudit | user=jenkins1000 | ip=192.168.5.168 | op=REGISTER {datanodeDetails=4ccb66d6-8f8f-4544-8e0a-d9e084dfa179{ip: 192.168.5.168, host: pr-hdds-1927-28fzr-1052167450, networkLocation: /default-rack, certSerialId: null}} | ret=SUCCESS |  
2019-08-20 17:21:27,832 [grpc-default-executor-6] INFO  impl.RaftServerProxy (RaftServerProxy.java:addNew(89)) - 4ccb66d6-8f8f-4544-8e0a-d9e084dfa179: addNew group-1C51216E9227:[4ccb66d6-8f8f-4544-8e0a-d9e084dfa179:192.168.5.168:40286] returns group-1C51216E9227:java.util.concurrent.CompletableFuture@2bba7ce3[Not completed]
2019-08-20 17:21:27,833 [pool-455-thread-1] INFO  impl.RaftServerImpl (RaftServerImpl.java:<init>(93)) - 4ccb66d6-8f8f-4544-8e0a-d9e084dfa179: new RaftServerImpl for group-1C51216E9227:[4ccb66d6-8f8f-4544-8e0a-d9e084dfa179:192.168.5.168:40286] with ContainerStateMachine:uninitialized
2019-08-20 17:21:27,833 [pool-455-thread-1] INFO  server.RaftServerConfigKeys (ConfUtils.java:logGet(43)) - raft.server.rpc.timeout.min = 5s (custom)
2019-08-20 17:21:27,833 [pool-455-thread-1] INFO  server.RaftServerConfigKeys (ConfUtils.java:logGet(43)) - raft.server.rpc.timeout.max = 5200ms (custom)
2019-08-20 17:21:27,833 [pool-455-thread-1] INFO  server.RaftServerConfigKeys (ConfUtils.java:logGet(43)) - raft.server.rpcslowness.timeout = 120s (custom)
2019-08-20 17:21:27,833 [pool-455-thread-1] INFO  server.RaftServerConfigKeys (ConfUtils.java:logGet(43)) - raft.server.sleep.deviation.threshold = 300 (default)
2019-08-20 17:21:27,833 [pool-455-thread-1] INFO  server.RaftServerConfigKeys (ConfUtils.java:logGet(43)) - raft.server.log.appender.install.snapshot.enabled = false (custom)
2019-08-20 17:21:27,834 [pool-455-thread-1] INFO  impl.RaftServerImpl (ServerState.java:<init>(105)) - 4ccb66d6-8f8f-4544-8e0a-d9e084dfa179:group-1C51216E9227 ConfigurationManager, init=-1: [4ccb66d6-8f8f-4544-8e0a-d9e084dfa179:192.168.5.168:40286], old=null, confs=<EMPTY_MAP>
2019-08-20 17:21:27,834 [pool-455-thread-1] INFO  server.RaftServerConfigKeys (ConfUtils.java:logGet(43)) - raft.server.storage.dir = [/workdir/hadoop-ozone/integration-test/target/test-dir/MiniOzoneClusterImpl-9f975f3b-691f-4c06-b64c-c613e84f2492/datanode-4/data/ratis] (custom)
2019-08-20 17:21:27,834 [pool-455-thread-1] INFO  storage.RaftStorageDirectory (RaftStorageDirectory.java:analyzeStorage(246)) - The storage directory /workdir/hadoop-ozone/integration-test/target/test-dir/MiniOzoneClusterImpl-9f975f3b-691f-4c06-b64c-c613e84f2492/datanode-4/data/ratis/e0ad808e-a513-463f-98ca-1c51216e9227 does not exist. Creating ...
2019-08-20 17:21:27,847 [pool-455-thread-1] INFO  storage.RaftStorageDirectory (RaftStorageDirectory.java:tryLock(328)) - Lock on /workdir/hadoop-ozone/integration-test/target/test-dir/MiniOzoneClusterImpl-9f975f3b-691f-4c06-b64c-c613e84f2492/datanode-4/data/ratis/e0ad808e-a513-463f-98ca-1c51216e9227/in_use.lock acquired by nodename 22576@pr-hdds-1927-28fzr-1052167450
2019-08-20 17:21:27,860 [pool-455-thread-1] INFO  storage.RaftStorage (RaftStorage.java:format(72)) - Storage directory /workdir/hadoop-ozone/integration-test/target/test-dir/MiniOzoneClusterImpl-9f975f3b-691f-4c06-b64c-c613e84f2492/datanode-4/data/ratis/e0ad808e-a513-463f-98ca-1c51216e9227 has been successfully formatted.
2019-08-20 17:21:27,860 [pool-455-thread-1] INFO  ratis.ContainerStateMachine (ContainerStateMachine.java:loadSnapshot(222)) - group-1C51216E9227: The snapshot info is null. Setting the last applied indexto:(t:0, i:~)
2019-08-20 17:21:27,860 [pool-455-thread-1] INFO  server.RaftServerConfigKeys (ConfUtils.java:logGet(43)) - raft.server.leader.election.timeout = 120s (custom)
2019-08-20 17:21:27,860 [pool-455-thread-1] INFO  server.RaftServerConfigKeys (ConfUtils.java:logGet(43)) - raft.server.log.use.memory = false (default)
2019-08-20 17:21:27,861 [pool-455-thread-1] INFO  server.RaftServerConfigKeys (ConfUtils.java:logGet(43)) - raft.server.log.purge.gap = 1000000 (custom)
2019-08-20 17:21:27,861 [pool-455-thread-1] INFO  server.RaftServerConfigKeys (ConfUtils.java:logGet(43)) - raft.server.log.appender.buffer.byte-limit = 33554432 (custom)
2019-08-20 17:21:27,861 [pool-455-thread-1] INFO  server.RaftServerConfigKeys (ConfUtils.java:logGet(43)) - raft.server.log.segment.size.max = 1048576 (custom)
2019-08-20 17:21:27,861 [pool-455-thread-1] INFO  server.RaftServerConfigKeys (ConfUtils.java:logGet(43)) - raft.server.log.segment.cache.num.max = 2 (custom)
2019-08-20 17:21:27,861 [pool-455-thread-1] INFO  segmented.SegmentedRaftLogWorker (SegmentedRaftLogWorker.java:<init>(172)) - new 4ccb66d6-8f8f-4544-8e0a-d9e084dfa179-SegmentedRaftLogWorker:Storage Directory /workdir/hadoop-ozone/integration-test/target/test-dir/MiniOzoneClusterImpl-9f975f3b-691f-4c06-b64c-c613e84f2492/datanode-4/data/ratis/e0ad808e-a513-463f-98ca-1c51216e9227 for RaftStorage:Storage Directory /workdir/hadoop-ozone/integration-test/target/test-dir/MiniOzoneClusterImpl-9f975f3b-691f-4c06-b64c-c613e84f2492/datanode-4/data/ratis/e0ad808e-a513-463f-98ca-1c51216e9227
2019-08-20 17:21:27,861 [pool-455-thread-1] INFO  server.RaftServerConfigKeys (ConfUtils.java:logGet(43)) - raft.server.log.queue.byte-limit = 2147483647 (custom)
2019-08-20 17:21:27,861 [pool-455-thread-1] INFO  server.RaftServerConfigKeys (ConfUtils.java:logGet(43)) - raft.server.log.queue.element-limit = 1024 (custom)
2019-08-20 17:21:27,862 [pool-455-thread-1] INFO  server.RaftServerConfigKeys (ConfUtils.java:logGet(43)) - raft.server.log.segment.size.max = 1048576 (custom)
2019-08-20 17:21:27,862 [pool-455-thread-1] INFO  server.RaftServerConfigKeys (ConfUtils.java:logGet(43)) - raft.server.log.preallocated.size = 16384 (custom)
2019-08-20 17:21:27,862 [pool-455-thread-1] INFO  server.RaftServerConfigKeys (ConfUtils.java:logGet(43)) - raft.server.log.write.buffer.size = 33554432 (custom)
2019-08-20 17:21:27,862 [pool-455-thread-1] INFO  server.RaftServerConfigKeys (ConfUtils.java:logGet(43)) - raft.server.log.force.sync.num = 128 (default)
2019-08-20 17:21:27,862 [pool-455-thread-1] INFO  server.RaftServerConfigKeys (ConfUtils.java:logGet(43)) - raft.server.log.statemachine.data.sync = true (default)
2019-08-20 17:21:27,862 [pool-455-thread-1] INFO  server.RaftServerConfigKeys (ConfUtils.java:logGet(43)) - raft.server.log.statemachine.data.sync.timeout = 10s (default)
2019-08-20 17:21:27,863 [pool-455-thread-1] INFO  server.RaftServerConfigKeys (ConfUtils.java:logGet(43)) - raft.server.log.statemachine.data.sync.timeout.retry = -1 (default)
2019-08-20 17:21:27,863 [pool-455-thread-1] INFO  server.RaftServerConfigKeys (ConfUtils.java:logGet(43)) - raft.server.log.statemachine.data.caching.enabled = true (custom)
2019-08-20 17:21:27,864 [pool-455-thread-1] INFO  segmented.SegmentedRaftLogWorker (SegmentedRaftLogWorker.java:lambda$new$0(132)) - 4ccb66d6-8f8f-4544-8e0a-d9e084dfa179-SegmentedRaftLogWorker:Storage Directory /workdir/hadoop-ozone/integration-test/target/test-dir/MiniOzoneClusterImpl-9f975f3b-691f-4c06-b64c-c613e84f2492/datanode-4/data/ratis/e0ad808e-a513-463f-98ca-1c51216e9227: flushIndex: setUnconditionally 0 -> -1
2019-08-20 17:21:27,864 [pool-455-thread-1] INFO  server.RaftServerConfigKeys (ConfUtils.java:logGet(43)) - raft.server.snapshot.auto.trigger.enabled = true (custom)
2019-08-20 17:21:27,864 [pool-455-thread-1] INFO  server.RaftServerConfigKeys (ConfUtils.java:logGet(43)) - raft.server.snapshot.auto.trigger.threshold = 10000 (custom)
2019-08-20 17:21:27,864 [pool-455-thread-1] INFO  server.RaftServerConfigKeys (ConfUtils.java:logGet(43)) - raft.server.retrycache.expirytime = 600000ms (custom)
2019-08-20 17:21:27,864 [pool-455-thread-1] INFO  impl.RaftServerImpl (RaftServerImpl.java:start(180)) - 4ccb66d6-8f8f-4544-8e0a-d9e084dfa179: start group-1C51216E9227
2019-08-20 17:21:27,865 [pool-455-thread-1] INFO  impl.RaftServerImpl (RaftServerImpl.java:setRole(171)) - 4ccb66d6-8f8f-4544-8e0a-d9e084dfa179:group-1C51216E9227 changes role from null to FOLLOWER at term 0 for startAsFollower
2019-08-20 17:21:27,865 [pool-455-thread-1] INFO  impl.RoleInfo (RoleInfo.java:updateAndGet(143)) - 4ccb66d6-8f8f-4544-8e0a-d9e084dfa179: start FollowerState
2019-08-20 17:21:27,865 [pool-455-thread-1] INFO  util.JmxRegister (JmxRegister.java:tryRegister(44)) - Successfully registered JMX Bean with object name Ratis:service=RaftServer,group=group-1C51216E9227,id=4ccb66d6-8f8f-4544-8e0a-d9e084dfa179
2019-08-20 17:21:27,868 [RatisPipelineUtilsThread] INFO  pipeline.PipelineStateManager (PipelineStateManager.java:addPipeline(56)) - Created pipeline Pipeline[ Id: e0ad808e-a513-463f-98ca-1c51216e9227, Nodes: 4ccb66d6-8f8f-4544-8e0a-d9e084dfa179{ip: 192.168.5.168, host: pr-hdds-1927-28fzr-1052167450, networkLocation: /default-rack, certSerialId: null}, Type:RATIS, Factor:ONE, State:OPEN]
2019-08-20 17:21:27,987 [IPC Server handler 5 on 46814] INFO  net.NetworkTopology (NetworkTopologyImpl.java:add(110)) - Added a new node: /default-rack/95472db8-eb3c-4487-86ee-919a717e7c8c
2019-08-20 17:21:27,988 [IPC Server handler 5 on 46814] INFO  node.SCMNodeManager (SCMNodeManager.java:register(273)) - Registered Data node : 95472db8-eb3c-4487-86ee-919a717e7c8c{ip: 192.168.5.168, host: pr-hdds-1927-28fzr-1052167450, networkLocation: /default-rack, certSerialId: null}
2019-08-20 17:21:28,001 | INFO  | SCMAudit | user=jenkins1000 | ip=192.168.5.168 | op=REGISTER {datanodeDetails=95472db8-eb3c-4487-86ee-919a717e7c8c{ip: 192.168.5.168, host: pr-hdds-1927-28fzr-1052167450, networkLocation: /default-rack, certSerialId: null}} | ret=SUCCESS |  
2019-08-20 17:21:28,007 [grpc-default-executor-6] INFO  impl.RaftServerProxy (RaftServerProxy.java:addNew(89)) - 95472db8-eb3c-4487-86ee-919a717e7c8c: addNew group-A6C820E3C081:[95472db8-eb3c-4487-86ee-919a717e7c8c:192.168.5.168:38961] returns group-A6C820E3C081:java.util.concurrent.CompletableFuture@14fad5c1[Not completed]
2019-08-20 17:21:28,007 [pool-466-thread-1] INFO  impl.RaftServerImpl (RaftServerImpl.java:<init>(93)) - 95472db8-eb3c-4487-86ee-919a717e7c8c: new RaftServerImpl for group-A6C820E3C081:[95472db8-eb3c-4487-86ee-919a717e7c8c:192.168.5.168:38961] with ContainerStateMachine:uninitialized
2019-08-20 17:21:28,007 [pool-466-thread-1] INFO  server.RaftServerConfigKeys (ConfUtils.java:logGet(43)) - raft.server.rpc.timeout.min = 5s (custom)
2019-08-20 17:21:28,008 [pool-466-thread-1] INFO  server.RaftServerConfigKeys (ConfUtils.java:logGet(43)) - raft.server.rpc.timeout.max = 5200ms (custom)
2019-08-20 17:21:28,008 [pool-466-thread-1] INFO  server.RaftServerConfigKeys (ConfUtils.java:logGet(43)) - raft.server.rpcslowness.timeout = 120s (custom)
2019-08-20 17:21:28,008 [pool-466-thread-1] INFO  server.RaftServerConfigKeys (ConfUtils.java:logGet(43)) - raft.server.sleep.deviation.threshold = 300 (default)
2019-08-20 17:21:28,008 [pool-466-thread-1] INFO  server.RaftServerConfigKeys (ConfUtils.java:logGet(43)) - raft.server.log.appender.install.snapshot.enabled = false (custom)
2019-08-20 17:21:28,008 [pool-466-thread-1] INFO  impl.RaftServerImpl (ServerState.java:<init>(105)) - 95472db8-eb3c-4487-86ee-919a717e7c8c:group-A6C820E3C081 ConfigurationManager, init=-1: [95472db8-eb3c-4487-86ee-919a717e7c8c:192.168.5.168:38961], old=null, confs=<EMPTY_MAP>
2019-08-20 17:21:28,008 [pool-466-thread-1] INFO  server.RaftServerConfigKeys (ConfUtils.java:logGet(43)) - raft.server.storage.dir = [/workdir/hadoop-ozone/integration-test/target/test-dir/MiniOzoneClusterImpl-9f975f3b-691f-4c06-b64c-c613e84f2492/datanode-5/data/ratis] (custom)
2019-08-20 17:21:28,008 [pool-466-thread-1] INFO  storage.RaftStorageDirectory (RaftStorageDirectory.java:analyzeStorage(246)) - The storage directory /workdir/hadoop-ozone/integration-test/target/test-dir/MiniOzoneClusterImpl-9f975f3b-691f-4c06-b64c-c613e84f2492/datanode-5/data/ratis/a0cb6dd5-6d20-44eb-b361-a6c820e3c081 does not exist. Creating ...
2019-08-20 17:21:28,021 [pool-466-thread-1] INFO  storage.RaftStorageDirectory (RaftStorageDirectory.java:tryLock(328)) - Lock on /workdir/hadoop-ozone/integration-test/target/test-dir/MiniOzoneClusterImpl-9f975f3b-691f-4c06-b64c-c613e84f2492/datanode-5/data/ratis/a0cb6dd5-6d20-44eb-b361-a6c820e3c081/in_use.lock acquired by nodename 22576@pr-hdds-1927-28fzr-1052167450
2019-08-20 17:21:28,033 [pool-466-thread-1] INFO  storage.RaftStorage (RaftStorage.java:format(72)) - Storage directory /workdir/hadoop-ozone/integration-test/target/test-dir/MiniOzoneClusterImpl-9f975f3b-691f-4c06-b64c-c613e84f2492/datanode-5/data/ratis/a0cb6dd5-6d20-44eb-b361-a6c820e3c081 has been successfully formatted.
2019-08-20 17:21:28,034 [pool-466-thread-1] INFO  ratis.ContainerStateMachine (ContainerStateMachine.java:loadSnapshot(222)) - group-A6C820E3C081: The snapshot info is null. Setting the last applied indexto:(t:0, i:~)
2019-08-20 17:21:28,034 [pool-466-thread-1] INFO  server.RaftServerConfigKeys (ConfUtils.java:logGet(43)) - raft.server.leader.election.timeout = 120s (custom)
2019-08-20 17:21:28,034 [pool-466-thread-1] INFO  server.RaftServerConfigKeys (ConfUtils.java:logGet(43)) - raft.server.log.use.memory = false (default)
2019-08-20 17:21:28,034 [pool-466-thread-1] INFO  server.RaftServerConfigKeys (ConfUtils.java:logGet(43)) - raft.server.log.purge.gap = 1000000 (custom)
2019-08-20 17:21:28,034 [pool-466-thread-1] INFO  server.RaftServerConfigKeys (ConfUtils.java:logGet(43)) - raft.server.log.appender.buffer.byte-limit = 33554432 (custom)
2019-08-20 17:21:28,034 [pool-466-thread-1] INFO  server.RaftServerConfigKeys (ConfUtils.java:logGet(43)) - raft.server.log.segment.size.max = 1048576 (custom)
2019-08-20 17:21:28,034 [pool-466-thread-1] INFO  server.RaftServerConfigKeys (ConfUtils.java:logGet(43)) - raft.server.log.segment.cache.num.max = 2 (custom)
2019-08-20 17:21:28,034 [pool-466-thread-1] INFO  segmented.SegmentedRaftLogWorker (SegmentedRaftLogWorker.java:<init>(172)) - new 95472db8-eb3c-4487-86ee-919a717e7c8c-SegmentedRaftLogWorker:Storage Directory /workdir/hadoop-ozone/integration-test/target/test-dir/MiniOzoneClusterImpl-9f975f3b-691f-4c06-b64c-c613e84f2492/datanode-5/data/ratis/a0cb6dd5-6d20-44eb-b361-a6c820e3c081 for RaftStorage:Storage Directory /workdir/hadoop-ozone/integration-test/target/test-dir/MiniOzoneClusterImpl-9f975f3b-691f-4c06-b64c-c613e84f2492/datanode-5/data/ratis/a0cb6dd5-6d20-44eb-b361-a6c820e3c081
2019-08-20 17:21:28,034 [pool-466-thread-1] INFO  server.RaftServerConfigKeys (ConfUtils.java:logGet(43)) - raft.server.log.queue.byte-limit = 2147483647 (custom)
2019-08-20 17:21:28,035 [pool-466-thread-1] INFO  server.RaftServerConfigKeys (ConfUtils.java:logGet(43)) - raft.server.log.queue.element-limit = 1024 (custom)
2019-08-20 17:21:28,035 [pool-466-thread-1] INFO  server.RaftServerConfigKeys (ConfUtils.java:logGet(43)) - raft.server.log.segment.size.max = 1048576 (custom)
2019-08-20 17:21:28,035 [pool-466-thread-1] INFO  server.RaftServerConfigKeys (ConfUtils.java:logGet(43)) - raft.server.log.preallocated.size = 16384 (custom)
2019-08-20 17:21:28,035 [pool-466-thread-1] INFO  server.RaftServerConfigKeys (ConfUtils.java:logGet(43)) - raft.server.log.write.buffer.size = 33554432 (custom)
2019-08-20 17:21:28,035 [pool-466-thread-1] INFO  server.RaftServerConfigKeys (ConfUtils.java:logGet(43)) - raft.server.log.force.sync.num = 128 (default)
2019-08-20 17:21:28,035 [pool-466-thread-1] INFO  server.RaftServerConfigKeys (ConfUtils.java:logGet(43)) - raft.server.log.statemachine.data.sync = true (default)
2019-08-20 17:21:28,035 [pool-466-thread-1] INFO  server.RaftServerConfigKeys (ConfUtils.java:logGet(43)) - raft.server.log.statemachine.data.sync.timeout = 10s (default)
2019-08-20 17:21:28,035 [pool-466-thread-1] INFO  server.RaftServerConfigKeys (ConfUtils.java:logGet(43)) - raft.server.log.statemachine.data.sync.timeout.retry = -1 (default)
2019-08-20 17:21:28,035 [pool-466-thread-1] INFO  server.RaftServerConfigKeys (ConfUtils.java:logGet(43)) - raft.server.log.statemachine.data.caching.enabled = true (custom)
2019-08-20 17:21:28,036 [pool-466-thread-1] INFO  segmented.SegmentedRaftLogWorker (SegmentedRaftLogWorker.java:lambda$new$0(132)) - 95472db8-eb3c-4487-86ee-919a717e7c8c-SegmentedRaftLogWorker:Storage Directory /workdir/hadoop-ozone/integration-test/target/test-dir/MiniOzoneClusterImpl-9f975f3b-691f-4c06-b64c-c613e84f2492/datanode-5/data/ratis/a0cb6dd5-6d20-44eb-b361-a6c820e3c081: flushIndex: setUnconditionally 0 -> -1
2019-08-20 17:21:28,036 [pool-466-thread-1] INFO  server.RaftServerConfigKeys (ConfUtils.java:logGet(43)) - raft.server.snapshot.auto.trigger.enabled = true (custom)
2019-08-20 17:21:28,036 [pool-466-thread-1] INFO  server.RaftServerConfigKeys (ConfUtils.java:logGet(43)) - raft.server.snapshot.auto.trigger.threshold = 10000 (custom)
2019-08-20 17:21:28,036 [pool-466-thread-1] INFO  server.RaftServerConfigKeys (ConfUtils.java:logGet(43)) - raft.server.retrycache.expirytime = 600000ms (custom)
2019-08-20 17:21:28,036 [pool-466-thread-1] INFO  impl.RaftServerImpl (RaftServerImpl.java:start(180)) - 95472db8-eb3c-4487-86ee-919a717e7c8c: start group-A6C820E3C081
2019-08-20 17:21:28,036 [pool-466-thread-1] INFO  impl.RaftServerImpl (RaftServerImpl.java:setRole(171)) - 95472db8-eb3c-4487-86ee-919a717e7c8c:group-A6C820E3C081 changes role from null to FOLLOWER at term 0 for startAsFollower
2019-08-20 17:21:28,037 [pool-466-thread-1] INFO  impl.RoleInfo (RoleInfo.java:updateAndGet(143)) - 95472db8-eb3c-4487-86ee-919a717e7c8c: start FollowerState
2019-08-20 17:21:28,037 [pool-466-thread-1] INFO  util.JmxRegister (JmxRegister.java:tryRegister(44)) - Successfully registered JMX Bean with object name Ratis:service=RaftServer,group=group-A6C820E3C081,id=95472db8-eb3c-4487-86ee-919a717e7c8c
2019-08-20 17:21:28,039 [RatisPipelineUtilsThread] INFO  pipeline.PipelineStateManager (PipelineStateManager.java:addPipeline(56)) - Created pipeline Pipeline[ Id: a0cb6dd5-6d20-44eb-b361-a6c820e3c081, Nodes: 95472db8-eb3c-4487-86ee-919a717e7c8c{ip: 192.168.5.168, host: pr-hdds-1927-28fzr-1052167450, networkLocation: /default-rack, certSerialId: null}, Type:RATIS, Factor:ONE, State:OPEN]
2019-08-20 17:21:28,049 [grpc-default-executor-7] INFO  impl.RaftServerProxy (RaftServerProxy.java:addNew(89)) - 6d465182-e65c-481c-b5b5-22d615bea83e: addNew group-C130C0C74FF5:[95472db8-eb3c-4487-86ee-919a717e7c8c:192.168.5.168:38961, 6d465182-e65c-481c-b5b5-22d615bea83e:192.168.5.168:46033, 4ccb66d6-8f8f-4544-8e0a-d9e084dfa179:192.168.5.168:40286] returns group-C130C0C74FF5:java.util.concurrent.CompletableFuture@2fa985ee[Not completed]
2019-08-20 17:21:28,049 [grpc-default-executor-6] INFO  impl.RaftServerProxy (RaftServerProxy.java:addNew(89)) - 95472db8-eb3c-4487-86ee-919a717e7c8c: addNew group-C130C0C74FF5:[95472db8-eb3c-4487-86ee-919a717e7c8c:192.168.5.168:38961, 6d465182-e65c-481c-b5b5-22d615bea83e:192.168.5.168:46033, 4ccb66d6-8f8f-4544-8e0a-d9e084dfa179:192.168.5.168:40286] returns group-C130C0C74FF5:java.util.concurrent.CompletableFuture@63d59781[Not completed]
2019-08-20 17:21:28,050 [pool-444-thread-1] INFO  impl.RaftServerImpl (RaftServerImpl.java:<init>(93)) - 6d465182-e65c-481c-b5b5-22d615bea83e: new RaftServerImpl for group-C130C0C74FF5:[95472db8-eb3c-4487-86ee-919a717e7c8c:192.168.5.168:38961, 6d465182-e65c-481c-b5b5-22d615bea83e:192.168.5.168:46033, 4ccb66d6-8f8f-4544-8e0a-d9e084dfa179:192.168.5.168:40286] with ContainerStateMachine:uninitialized
2019-08-20 17:21:28,050 [grpc-default-executor-6] INFO  impl.RaftServerProxy (RaftServerProxy.java:addNew(89)) - 4ccb66d6-8f8f-4544-8e0a-d9e084dfa179: addNew group-C130C0C74FF5:[95472db8-eb3c-4487-86ee-919a717e7c8c:192.168.5.168:38961, 6d465182-e65c-481c-b5b5-22d615bea83e:192.168.5.168:46033, 4ccb66d6-8f8f-4544-8e0a-d9e084dfa179:192.168.5.168:40286] returns group-C130C0C74FF5:java.util.concurrent.CompletableFuture@3bbaa0f8[Not completed]
2019-08-20 17:21:28,050 [pool-466-thread-1] INFO  impl.RaftServerImpl (RaftServerImpl.java:<init>(93)) - 95472db8-eb3c-4487-86ee-919a717e7c8c: new RaftServerImpl for group-C130C0C74FF5:[95472db8-eb3c-4487-86ee-919a717e7c8c:192.168.5.168:38961, 6d465182-e65c-481c-b5b5-22d615bea83e:192.168.5.168:46033, 4ccb66d6-8f8f-4544-8e0a-d9e084dfa179:192.168.5.168:40286] with ContainerStateMachine:uninitialized
2019-08-20 17:21:28,050 [pool-444-thread-1] INFO  server.RaftServerConfigKeys (ConfUtils.java:logGet(43)) - raft.server.rpc.timeout.min = 5s (custom)
2019-08-20 17:21:28,050 [pool-466-thread-1] INFO  server.RaftServerConfigKeys (ConfUtils.java:logGet(43)) - raft.server.rpc.timeout.min = 5s (custom)
2019-08-20 17:21:28,050 [pool-444-thread-1] INFO  server.RaftServerConfigKeys (ConfUtils.java:logGet(43)) - raft.server.rpc.timeout.max = 5200ms (custom)
2019-08-20 17:21:28,050 [pool-466-thread-1] INFO  server.RaftServerConfigKeys (ConfUtils.java:logGet(43)) - raft.server.rpc.timeout.max = 5200ms (custom)
2019-08-20 17:21:28,050 [pool-444-thread-1] INFO  server.RaftServerConfigKeys (ConfUtils.java:logGet(43)) - raft.server.rpcslowness.timeout = 120s (custom)
2019-08-20 17:21:28,051 [pool-466-thread-1] INFO  server.RaftServerConfigKeys (ConfUtils.java:logGet(43)) - raft.server.rpcslowness.timeout = 120s (custom)
2019-08-20 17:21:28,051 [pool-455-thread-1] INFO  impl.RaftServerImpl (RaftServerImpl.java:<init>(93)) - 4ccb66d6-8f8f-4544-8e0a-d9e084dfa179: new RaftServerImpl for group-C130C0C74FF5:[95472db8-eb3c-4487-86ee-919a717e7c8c:192.168.5.168:38961, 6d465182-e65c-481c-b5b5-22d615bea83e:192.168.5.168:46033, 4ccb66d6-8f8f-4544-8e0a-d9e084dfa179:192.168.5.168:40286] with ContainerStateMachine:uninitialized
2019-08-20 17:21:28,051 [pool-466-thread-1] INFO  server.RaftServerConfigKeys (ConfUtils.java:logGet(43)) - raft.server.sleep.deviation.threshold = 300 (default)
2019-08-20 17:21:28,051 [pool-455-thread-1] INFO  server.RaftServerConfigKeys (ConfUtils.java:logGet(43)) - raft.server.rpc.timeout.min = 5s (custom)
2019-08-20 17:21:28,051 [pool-444-thread-1] INFO  server.RaftServerConfigKeys (ConfUtils.java:logGet(43)) - raft.server.sleep.deviation.threshold = 300 (default)
2019-08-20 17:21:28,051 [pool-455-thread-1] INFO  server.RaftServerConfigKeys (ConfUtils.java:logGet(43)) - raft.server.rpc.timeout.max = 5200ms (custom)
2019-08-20 17:21:28,051 [pool-466-thread-1] INFO  server.RaftServerConfigKeys (ConfUtils.java:logGet(43)) - raft.server.log.appender.install.snapshot.enabled = false (custom)
2019-08-20 17:21:28,051 [pool-455-thread-1] INFO  server.RaftServerConfigKeys (ConfUtils.java:logGet(43)) - raft.server.rpcslowness.timeout = 120s (custom)
2019-08-20 17:21:28,051 [pool-444-thread-1] INFO  server.RaftServerConfigKeys (ConfUtils.java:logGet(43)) - raft.server.log.appender.install.snapshot.enabled = false (custom)
2019-08-20 17:21:28,051 [pool-455-thread-1] INFO  server.RaftServerConfigKeys (ConfUtils.java:logGet(43)) - raft.server.sleep.deviation.threshold = 300 (default)
2019-08-20 17:21:28,051 [pool-466-thread-1] INFO  impl.RaftServerImpl (ServerState.java:<init>(105)) - 95472db8-eb3c-4487-86ee-919a717e7c8c:group-C130C0C74FF5 ConfigurationManager, init=-1: [95472db8-eb3c-4487-86ee-919a717e7c8c:192.168.5.168:38961, 6d465182-e65c-481c-b5b5-22d615bea83e:192.168.5.168:46033, 4ccb66d6-8f8f-4544-8e0a-d9e084dfa179:192.168.5.168:40286], old=null, confs=<EMPTY_MAP>
2019-08-20 17:21:28,052 [pool-455-thread-1] INFO  server.RaftServerConfigKeys (ConfUtils.java:logGet(43)) - raft.server.log.appender.install.snapshot.enabled = false (custom)
2019-08-20 17:21:28,052 [pool-444-thread-1] INFO  impl.RaftServerImpl (ServerState.java:<init>(105)) - 6d465182-e65c-481c-b5b5-22d615bea83e:group-C130C0C74FF5 ConfigurationManager, init=-1: [95472db8-eb3c-4487-86ee-919a717e7c8c:192.168.5.168:38961, 6d465182-e65c-481c-b5b5-22d615bea83e:192.168.5.168:46033, 4ccb66d6-8f8f-4544-8e0a-d9e084dfa179:192.168.5.168:40286], old=null, confs=<EMPTY_MAP>
2019-08-20 17:21:28,052 [pool-455-thread-1] INFO  impl.RaftServerImpl (ServerState.java:<init>(105)) - 4ccb66d6-8f8f-4544-8e0a-d9e084dfa179:group-C130C0C74FF5 ConfigurationManager, init=-1: [95472db8-eb3c-4487-86ee-919a717e7c8c:192.168.5.168:38961, 6d465182-e65c-481c-b5b5-22d615bea83e:192.168.5.168:46033, 4ccb66d6-8f8f-4544-8e0a-d9e084dfa179:192.168.5.168:40286], old=null, confs=<EMPTY_MAP>
2019-08-20 17:21:28,052 [pool-466-thread-1] INFO  server.RaftServerConfigKeys (ConfUtils.java:logGet(43)) - raft.server.storage.dir = [/workdir/hadoop-ozone/integration-test/target/test-dir/MiniOzoneClusterImpl-9f975f3b-691f-4c06-b64c-c613e84f2492/datanode-5/data/ratis] (custom)
2019-08-20 17:21:28,052 [pool-455-thread-1] INFO  server.RaftServerConfigKeys (ConfUtils.java:logGet(43)) - raft.server.storage.dir = [/workdir/hadoop-ozone/integration-test/target/test-dir/MiniOzoneClusterImpl-9f975f3b-691f-4c06-b64c-c613e84f2492/datanode-4/data/ratis] (custom)
2019-08-20 17:21:28,052 [pool-444-thread-1] INFO  server.RaftServerConfigKeys (ConfUtils.java:logGet(43)) - raft.server.storage.dir = [/workdir/hadoop-ozone/integration-test/target/test-dir/MiniOzoneClusterImpl-9f975f3b-691f-4c06-b64c-c613e84f2492/datanode-3/data/ratis] (custom)
2019-08-20 17:21:28,052 [pool-466-thread-1] INFO  storage.RaftStorageDirectory (RaftStorageDirectory.java:analyzeStorage(246)) - The storage directory /workdir/hadoop-ozone/integration-test/target/test-dir/MiniOzoneClusterImpl-9f975f3b-691f-4c06-b64c-c613e84f2492/datanode-5/data/ratis/f93c7614-0c66-4c4a-9790-c130c0c74ff5 does not exist. Creating ...
2019-08-20 17:21:28,052 [pool-455-thread-1] INFO  storage.RaftStorageDirectory (RaftStorageDirectory.java:analyzeStorage(246)) - The storage directory /workdir/hadoop-ozone/integration-test/target/test-dir/MiniOzoneClusterImpl-9f975f3b-691f-4c06-b64c-c613e84f2492/datanode-4/data/ratis/f93c7614-0c66-4c4a-9790-c130c0c74ff5 does not exist. Creating ...
2019-08-20 17:21:28,052 [pool-444-thread-1] INFO  storage.RaftStorageDirectory (RaftStorageDirectory.java:analyzeStorage(246)) - The storage directory /workdir/hadoop-ozone/integration-test/target/test-dir/MiniOzoneClusterImpl-9f975f3b-691f-4c06-b64c-c613e84f2492/datanode-3/data/ratis/f93c7614-0c66-4c4a-9790-c130c0c74ff5 does not exist. Creating ...
2019-08-20 17:21:28,066 [pool-455-thread-1] INFO  storage.RaftStorageDirectory (RaftStorageDirectory.java:tryLock(328)) - Lock on /workdir/hadoop-ozone/integration-test/target/test-dir/MiniOzoneClusterImpl-9f975f3b-691f-4c06-b64c-c613e84f2492/datanode-4/data/ratis/f93c7614-0c66-4c4a-9790-c130c0c74ff5/in_use.lock acquired by nodename 22576@pr-hdds-1927-28fzr-1052167450
2019-08-20 17:21:28,066 [pool-466-thread-1] INFO  storage.RaftStorageDirectory (RaftStorageDirectory.java:tryLock(328)) - Lock on /workdir/hadoop-ozone/integration-test/target/test-dir/MiniOzoneClusterImpl-9f975f3b-691f-4c06-b64c-c613e84f2492/datanode-5/data/ratis/f93c7614-0c66-4c4a-9790-c130c0c74ff5/in_use.lock acquired by nodename 22576@pr-hdds-1927-28fzr-1052167450
2019-08-20 17:21:28,066 [pool-444-thread-1] INFO  storage.RaftStorageDirectory (RaftStorageDirectory.java:tryLock(328)) - Lock on /workdir/hadoop-ozone/integration-test/target/test-dir/MiniOzoneClusterImpl-9f975f3b-691f-4c06-b64c-c613e84f2492/datanode-3/data/ratis/f93c7614-0c66-4c4a-9790-c130c0c74ff5/in_use.lock acquired by nodename 22576@pr-hdds-1927-28fzr-1052167450
2019-08-20 17:21:28,079 [pool-466-thread-1] INFO  storage.RaftStorage (RaftStorage.java:format(72)) - Storage directory /workdir/hadoop-ozone/integration-test/target/test-dir/MiniOzoneClusterImpl-9f975f3b-691f-4c06-b64c-c613e84f2492/datanode-5/data/ratis/f93c7614-0c66-4c4a-9790-c130c0c74ff5 has been successfully formatted.
2019-08-20 17:21:28,079 [pool-444-thread-1] INFO  storage.RaftStorage (RaftStorage.java:format(72)) - Storage directory /workdir/hadoop-ozone/integration-test/target/test-dir/MiniOzoneClusterImpl-9f975f3b-691f-4c06-b64c-c613e84f2492/datanode-3/data/ratis/f93c7614-0c66-4c4a-9790-c130c0c74ff5 has been successfully formatted.
2019-08-20 17:21:28,079 [pool-455-thread-1] INFO  storage.RaftStorage (RaftStorage.java:format(72)) - Storage directory /workdir/hadoop-ozone/integration-test/target/test-dir/MiniOzoneClusterImpl-9f975f3b-691f-4c06-b64c-c613e84f2492/datanode-4/data/ratis/f93c7614-0c66-4c4a-9790-c130c0c74ff5 has been successfully formatted.
2019-08-20 17:21:28,080 [pool-466-thread-1] INFO  ratis.ContainerStateMachine (ContainerStateMachine.java:loadSnapshot(222)) - group-C130C0C74FF5: The snapshot info is null. Setting the last applied indexto:(t:0, i:~)
2019-08-20 17:21:28,080 [pool-444-thread-1] INFO  ratis.ContainerStateMachine (ContainerStateMachine.java:loadSnapshot(222)) - group-C130C0C74FF5: The snapshot info is null. Setting the last applied indexto:(t:0, i:~)
2019-08-20 17:21:28,080 [pool-466-thread-1] INFO  server.RaftServerConfigKeys (ConfUtils.java:logGet(43)) - raft.server.leader.election.timeout = 120s (custom)
2019-08-20 17:21:28,080 [pool-455-thread-1] INFO  ratis.ContainerStateMachine (ContainerStateMachine.java:loadSnapshot(222)) - group-C130C0C74FF5: The snapshot info is null. Setting the last applied indexto:(t:0, i:~)
2019-08-20 17:21:28,080 [pool-466-thread-1] INFO  server.RaftServerConfigKeys (ConfUtils.java:logGet(43)) - raft.server.log.use.memory = false (default)
2019-08-20 17:21:28,080 [pool-444-thread-1] INFO  server.RaftServerConfigKeys (ConfUtils.java:logGet(43)) - raft.server.leader.election.timeout = 120s (custom)
2019-08-20 17:21:28,080 [pool-466-thread-1] INFO  server.RaftServerConfigKeys (ConfUtils.java:logGet(43)) - raft.server.log.purge.gap = 1000000 (custom)
2019-08-20 17:21:28,080 [pool-455-thread-1] INFO  server.RaftServerConfigKeys (ConfUtils.java:logGet(43)) - raft.server.leader.election.timeout = 120s (custom)
2019-08-20 17:21:28,080 [pool-466-thread-1] INFO  server.RaftServerConfigKeys (ConfUtils.java:logGet(43)) - raft.server.log.appender.buffer.byte-limit = 33554432 (custom)
2019-08-20 17:21:28,080 [pool-444-thread-1] INFO  server.RaftServerConfigKeys (ConfUtils.java:logGet(43)) - raft.server.log.use.memory = false (default)
2019-08-20 17:21:28,081 [pool-466-thread-1] INFO  server.RaftServerConfigKeys (ConfUtils.java:logGet(43)) - raft.server.log.segment.size.max = 1048576 (custom)
2019-08-20 17:21:28,081 [pool-455-thread-1] INFO  server.RaftServerConfigKeys (ConfUtils.java:logGet(43)) - raft.server.log.use.memory = false (default)
2019-08-20 17:21:28,081 [pool-466-thread-1] INFO  server.RaftServerConfigKeys (ConfUtils.java:logGet(43)) - raft.server.log.segment.cache.num.max = 2 (custom)
2019-08-20 17:21:28,081 [pool-444-thread-1] INFO  server.RaftServerConfigKeys (ConfUtils.java:logGet(43)) - raft.server.log.purge.gap = 1000000 (custom)
2019-08-20 17:21:28,081 [pool-466-thread-1] INFO  segmented.SegmentedRaftLogWorker (SegmentedRaftLogWorker.java:<init>(172)) - new 95472db8-eb3c-4487-86ee-919a717e7c8c-SegmentedRaftLogWorker:Storage Directory /workdir/hadoop-ozone/integration-test/target/test-dir/MiniOzoneClusterImpl-9f975f3b-691f-4c06-b64c-c613e84f2492/datanode-5/data/ratis/f93c7614-0c66-4c4a-9790-c130c0c74ff5 for RaftStorage:Storage Directory /workdir/hadoop-ozone/integration-test/target/test-dir/MiniOzoneClusterImpl-9f975f3b-691f-4c06-b64c-c613e84f2492/datanode-5/data/ratis/f93c7614-0c66-4c4a-9790-c130c0c74ff5
2019-08-20 17:21:28,081 [pool-455-thread-1] INFO  server.RaftServerConfigKeys (ConfUtils.java:logGet(43)) - raft.server.log.purge.gap = 1000000 (custom)
2019-08-20 17:21:28,081 [pool-466-thread-1] INFO  server.RaftServerConfigKeys (ConfUtils.java:logGet(43)) - raft.server.log.queue.byte-limit = 2147483647 (custom)
2019-08-20 17:21:28,081 [pool-444-thread-1] INFO  server.RaftServerConfigKeys (ConfUtils.java:logGet(43)) - raft.server.log.appender.buffer.byte-limit = 33554432 (custom)
2019-08-20 17:21:28,081 [pool-466-thread-1] INFO  server.RaftServerConfigKeys (ConfUtils.java:logGet(43)) - raft.server.log.queue.element-limit = 1024 (custom)
2019-08-20 17:21:28,081 [pool-455-thread-1] INFO  server.RaftServerConfigKeys (ConfUtils.java:logGet(43)) - raft.server.log.appender.buffer.byte-limit = 33554432 (custom)
2019-08-20 17:21:28,082 [pool-466-thread-1] INFO  server.RaftServerConfigKeys (ConfUtils.java:logGet(43)) - raft.server.log.segment.size.max = 1048576 (custom)
2019-08-20 17:21:28,082 [pool-444-thread-1] INFO  server.RaftServerConfigKeys (ConfUtils.java:logGet(43)) - raft.server.log.segment.size.max = 1048576 (custom)
2019-08-20 17:21:28,082 [pool-466-thread-1] INFO  server.RaftServerConfigKeys (ConfUtils.java:logGet(43)) - raft.server.log.preallocated.size = 16384 (custom)
2019-08-20 17:21:28,082 [pool-455-thread-1] INFO  server.RaftServerConfigKeys (ConfUtils.java:logGet(43)) - raft.server.log.segment.size.max = 1048576 (custom)
2019-08-20 17:21:28,082 [pool-466-thread-1] INFO  server.RaftServerConfigKeys (ConfUtils.java:logGet(43)) - raft.server.log.write.buffer.size = 33554432 (custom)
2019-08-20 17:21:28,082 [pool-466-thread-1] INFO  server.RaftServerConfigKeys (ConfUtils.java:logGet(43)) - raft.server.log.force.sync.num = 128 (default)
2019-08-20 17:21:28,082 [pool-444-thread-1] INFO  server.RaftServerConfigKeys (ConfUtils.java:logGet(43)) - raft.server.log.segment.cache.num.max = 2 (custom)
2019-08-20 17:21:28,082 [pool-466-thread-1] INFO  server.RaftServerConfigKeys (ConfUtils.java:logGet(43)) - raft.server.log.statemachine.data.sync = true (default)
2019-08-20 17:21:28,082 [pool-455-thread-1] INFO  server.RaftServerConfigKeys (ConfUtils.java:logGet(43)) - raft.server.log.segment.cache.num.max = 2 (custom)
2019-08-20 17:21:28,083 [pool-466-thread-1] INFO  server.RaftServerConfigKeys (ConfUtils.java:logGet(43)) - raft.server.log.statemachine.data.sync.timeout = 10s (default)
2019-08-20 17:21:28,082 [pool-444-thread-1] INFO  segmented.SegmentedRaftLogWorker (SegmentedRaftLogWorker.java:<init>(172)) - new 6d465182-e65c-481c-b5b5-22d615bea83e-SegmentedRaftLogWorker:Storage Directory /workdir/hadoop-ozone/integration-test/target/test-dir/MiniOzoneClusterImpl-9f975f3b-691f-4c06-b64c-c613e84f2492/datanode-3/data/ratis/f93c7614-0c66-4c4a-9790-c130c0c74ff5 for RaftStorage:Storage Directory /workdir/hadoop-ozone/integration-test/target/test-dir/MiniOzoneClusterImpl-9f975f3b-691f-4c06-b64c-c613e84f2492/datanode-3/data/ratis/f93c7614-0c66-4c4a-9790-c130c0c74ff5
2019-08-20 17:21:28,083 [pool-466-thread-1] INFO  server.RaftServerConfigKeys (ConfUtils.java:logGet(43)) - raft.server.log.statemachine.data.sync.timeout.retry = -1 (default)
2019-08-20 17:21:28,083 [pool-455-thread-1] INFO  segmented.SegmentedRaftLogWorker (SegmentedRaftLogWorker.java:<init>(172)) - new 4ccb66d6-8f8f-4544-8e0a-d9e084dfa179-SegmentedRaftLogWorker:Storage Directory /workdir/hadoop-ozone/integration-test/target/test-dir/MiniOzoneClusterImpl-9f975f3b-691f-4c06-b64c-c613e84f2492/datanode-4/data/ratis/f93c7614-0c66-4c4a-9790-c130c0c74ff5 for RaftStorage:Storage Directory /workdir/hadoop-ozone/integration-test/target/test-dir/MiniOzoneClusterImpl-9f975f3b-691f-4c06-b64c-c613e84f2492/datanode-4/data/ratis/f93c7614-0c66-4c4a-9790-c130c0c74ff5
2019-08-20 17:21:28,083 [pool-466-thread-1] INFO  server.RaftServerConfigKeys (ConfUtils.java:logGet(43)) - raft.server.log.statemachine.data.caching.enabled = true (custom)
2019-08-20 17:21:28,083 [pool-444-thread-1] INFO  server.RaftServerConfigKeys (ConfUtils.java:logGet(43)) - raft.server.log.queue.byte-limit = 2147483647 (custom)
2019-08-20 17:21:28,083 [pool-444-thread-1] INFO  server.RaftServerConfigKeys (ConfUtils.java:logGet(43)) - raft.server.log.queue.element-limit = 1024 (custom)
2019-08-20 17:21:28,083 [pool-455-thread-1] INFO  server.RaftServerConfigKeys (ConfUtils.java:logGet(43)) - raft.server.log.queue.byte-limit = 2147483647 (custom)
2019-08-20 17:21:28,083 [pool-444-thread-1] INFO  server.RaftServerConfigKeys (ConfUtils.java:logGet(43)) - raft.server.log.segment.size.max = 1048576 (custom)
2019-08-20 17:21:28,083 [pool-466-thread-1] INFO  segmented.SegmentedRaftLogWorker (SegmentedRaftLogWorker.java:lambda$new$0(132)) - 95472db8-eb3c-4487-86ee-919a717e7c8c-SegmentedRaftLogWorker:Storage Directory /workdir/hadoop-ozone/integration-test/target/test-dir/MiniOzoneClusterImpl-9f975f3b-691f-4c06-b64c-c613e84f2492/datanode-5/data/ratis/f93c7614-0c66-4c4a-9790-c130c0c74ff5: flushIndex: setUnconditionally 0 -> -1
2019-08-20 17:21:28,084 [pool-444-thread-1] INFO  server.RaftServerConfigKeys (ConfUtils.java:logGet(43)) - raft.server.log.preallocated.size = 16384 (custom)
2019-08-20 17:21:28,084 [pool-455-thread-1] INFO  server.RaftServerConfigKeys (ConfUtils.java:logGet(43)) - raft.server.log.queue.element-limit = 1024 (custom)
2019-08-20 17:21:28,084 [pool-466-thread-1] INFO  server.RaftServerConfigKeys (ConfUtils.java:logGet(43)) - raft.server.snapshot.auto.trigger.enabled = true (custom)
2019-08-20 17:21:28,084 [pool-444-thread-1] INFO  server.RaftServerConfigKeys (ConfUtils.java:logGet(43)) - raft.server.log.write.buffer.size = 33554432 (custom)
2019-08-20 17:21:28,084 [pool-466-thread-1] INFO  server.RaftServerConfigKeys (ConfUtils.java:logGet(43)) - raft.server.snapshot.auto.trigger.threshold = 10000 (custom)
2019-08-20 17:21:28,084 [pool-455-thread-1] INFO  server.RaftServerConfigKeys (ConfUtils.java:logGet(43)) - raft.server.log.segment.size.max = 1048576 (custom)
2019-08-20 17:21:28,084 [pool-466-thread-1] INFO  server.RaftServerConfigKeys (ConfUtils.java:logGet(43)) - raft.server.retrycache.expirytime = 600000ms (custom)
2019-08-20 17:21:28,084 [pool-444-thread-1] INFO  server.RaftServerConfigKeys (ConfUtils.java:logGet(43)) - raft.server.log.force.sync.num = 128 (default)
2019-08-20 17:21:28,085 [pool-466-thread-1] INFO  impl.RaftServerImpl (RaftServerImpl.java:start(180)) - 95472db8-eb3c-4487-86ee-919a717e7c8c: start group-C130C0C74FF5
2019-08-20 17:21:28,084 [pool-455-thread-1] INFO  server.RaftServerConfigKeys (ConfUtils.java:logGet(43)) - raft.server.log.preallocated.size = 16384 (custom)
2019-08-20 17:21:28,085 [pool-466-thread-1] INFO  impl.RaftServerImpl (RaftServerImpl.java:setRole(171)) - 95472db8-eb3c-4487-86ee-919a717e7c8c:group-C130C0C74FF5 changes role from null to FOLLOWER at term 0 for startAsFollower
2019-08-20 17:21:28,085 [pool-444-thread-1] INFO  server.RaftServerConfigKeys (ConfUtils.java:logGet(43)) - raft.server.log.statemachine.data.sync = true (default)
2019-08-20 17:21:28,085 [pool-466-thread-1] INFO  impl.RoleInfo (RoleInfo.java:updateAndGet(143)) - 95472db8-eb3c-4487-86ee-919a717e7c8c: start FollowerState
2019-08-20 17:21:28,085 [pool-455-thread-1] INFO  server.RaftServerConfigKeys (ConfUtils.java:logGet(43)) - raft.server.log.write.buffer.size = 33554432 (custom)
2019-08-20 17:21:28,085 [pool-444-thread-1] INFO  server.RaftServerConfigKeys (ConfUtils.java:logGet(43)) - raft.server.log.statemachine.data.sync.timeout = 10s (default)
2019-08-20 17:21:28,085 [pool-455-thread-1] INFO  server.RaftServerConfigKeys (ConfUtils.java:logGet(43)) - raft.server.log.force.sync.num = 128 (default)
2019-08-20 17:21:28,085 [pool-444-thread-1] INFO  server.RaftServerConfigKeys (ConfUtils.java:logGet(43)) - raft.server.log.statemachine.data.sync.timeout.retry = -1 (default)
2019-08-20 17:21:28,085 [pool-466-thread-1] INFO  util.JmxRegister (JmxRegister.java:tryRegister(44)) - Successfully registered JMX Bean with object name Ratis:service=RaftServer,group=group-C130C0C74FF5,id=95472db8-eb3c-4487-86ee-919a717e7c8c
2019-08-20 17:21:28,085 [pool-444-thread-1] INFO  server.RaftServerConfigKeys (ConfUtils.java:logGet(43)) - raft.server.log.statemachine.data.caching.enabled = true (custom)
2019-08-20 17:21:28,085 [pool-455-thread-1] INFO  server.RaftServerConfigKeys (ConfUtils.java:logGet(43)) - raft.server.log.statemachine.data.sync = true (default)
2019-08-20 17:21:28,086 [pool-455-thread-1] INFO  server.RaftServerConfigKeys (ConfUtils.java:logGet(43)) - raft.server.log.statemachine.data.sync.timeout = 10s (default)
2019-08-20 17:21:28,086 [pool-444-thread-1] INFO  segmented.SegmentedRaftLogWorker (SegmentedRaftLogWorker.java:lambda$new$0(132)) - 6d465182-e65c-481c-b5b5-22d615bea83e-SegmentedRaftLogWorker:Storage Directory /workdir/hadoop-ozone/integration-test/target/test-dir/MiniOzoneClusterImpl-9f975f3b-691f-4c06-b64c-c613e84f2492/datanode-3/data/ratis/f93c7614-0c66-4c4a-9790-c130c0c74ff5: flushIndex: setUnconditionally 0 -> -1
2019-08-20 17:21:28,086 [pool-455-thread-1] INFO  server.RaftServerConfigKeys (ConfUtils.java:logGet(43)) - raft.server.log.statemachine.data.sync.timeout.retry = -1 (default)
2019-08-20 17:21:28,086 [pool-455-thread-1] INFO  server.RaftServerConfigKeys (ConfUtils.java:logGet(43)) - raft.server.log.statemachine.data.caching.enabled = true (custom)
2019-08-20 17:21:28,086 [pool-444-thread-1] INFO  server.RaftServerConfigKeys (ConfUtils.java:logGet(43)) - raft.server.snapshot.auto.trigger.enabled = true (custom)
2019-08-20 17:21:28,086 [pool-444-thread-1] INFO  server.RaftServerConfigKeys (ConfUtils.java:logGet(43)) - raft.server.snapshot.auto.trigger.threshold = 10000 (custom)
2019-08-20 17:21:28,086 [pool-455-thread-1] INFO  segmented.SegmentedRaftLogWorker (SegmentedRaftLogWorker.java:lambda$new$0(132)) - 4ccb66d6-8f8f-4544-8e0a-d9e084dfa179-SegmentedRaftLogWorker:Storage Directory /workdir/hadoop-ozone/integration-test/target/test-dir/MiniOzoneClusterImpl-9f975f3b-691f-4c06-b64c-c613e84f2492/datanode-4/data/ratis/f93c7614-0c66-4c4a-9790-c130c0c74ff5: flushIndex: setUnconditionally 0 -> -1
2019-08-20 17:21:28,086 [pool-444-thread-1] INFO  server.RaftServerConfigKeys (ConfUtils.java:logGet(43)) - raft.server.retrycache.expirytime = 600000ms (custom)
2019-08-20 17:21:28,087 [pool-455-thread-1] INFO  server.RaftServerConfigKeys (ConfUtils.java:logGet(43)) - raft.server.snapshot.auto.trigger.enabled = true (custom)
2019-08-20 17:21:28,087 [pool-444-thread-1] INFO  impl.RaftServerImpl (RaftServerImpl.java:start(180)) - 6d465182-e65c-481c-b5b5-22d615bea83e: start group-C130C0C74FF5
2019-08-20 17:21:28,087 [pool-455-thread-1] INFO  server.RaftServerConfigKeys (ConfUtils.java:logGet(43)) - raft.server.snapshot.auto.trigger.threshold = 10000 (custom)
2019-08-20 17:21:28,087 [pool-444-thread-1] INFO  impl.RaftServerImpl (RaftServerImpl.java:setRole(171)) - 6d465182-e65c-481c-b5b5-22d615bea83e:group-C130C0C74FF5 changes role from null to FOLLOWER at term 0 for startAsFollower
2019-08-20 17:21:28,087 [pool-455-thread-1] INFO  server.RaftServerConfigKeys (ConfUtils.java:logGet(43)) - raft.server.retrycache.expirytime = 600000ms (custom)
2019-08-20 17:21:28,087 [pool-444-thread-1] INFO  impl.RoleInfo (RoleInfo.java:updateAndGet(143)) - 6d465182-e65c-481c-b5b5-22d615bea83e: start FollowerState
2019-08-20 17:21:28,087 [pool-455-thread-1] INFO  impl.RaftServerImpl (RaftServerImpl.java:start(180)) - 4ccb66d6-8f8f-4544-8e0a-d9e084dfa179: start group-C130C0C74FF5
2019-08-20 17:21:28,087 [pool-455-thread-1] INFO  impl.RaftServerImpl (RaftServerImpl.java:setRole(171)) - 4ccb66d6-8f8f-4544-8e0a-d9e084dfa179:group-C130C0C74FF5 changes role from null to FOLLOWER at term 0 for startAsFollower
2019-08-20 17:21:28,087 [pool-455-thread-1] INFO  impl.RoleInfo (RoleInfo.java:updateAndGet(143)) - 4ccb66d6-8f8f-4544-8e0a-d9e084dfa179: start FollowerState
2019-08-20 17:21:28,087 [pool-444-thread-1] INFO  util.JmxRegister (JmxRegister.java:tryRegister(44)) - Successfully registered JMX Bean with object name Ratis:service=RaftServer,group=group-C130C0C74FF5,id=6d465182-e65c-481c-b5b5-22d615bea83e
2019-08-20 17:21:28,088 [pool-455-thread-1] INFO  util.JmxRegister (JmxRegister.java:tryRegister(44)) - Successfully registered JMX Bean with object name Ratis:service=RaftServer,group=group-C130C0C74FF5,id=4ccb66d6-8f8f-4544-8e0a-d9e084dfa179
2019-08-20 17:21:28,090 [RatisPipelineUtilsThread] INFO  pipeline.PipelineStateManager (PipelineStateManager.java:addPipeline(56)) - Created pipeline Pipeline[ Id: f93c7614-0c66-4c4a-9790-c130c0c74ff5, Nodes: 95472db8-eb3c-4487-86ee-919a717e7c8c{ip: 192.168.5.168, host: pr-hdds-1927-28fzr-1052167450, networkLocation: /default-rack, certSerialId: null}6d465182-e65c-481c-b5b5-22d615bea83e{ip: 192.168.5.168, host: pr-hdds-1927-28fzr-1052167450, networkLocation: /default-rack, certSerialId: null}4ccb66d6-8f8f-4544-8e0a-d9e084dfa179{ip: 192.168.5.168, host: pr-hdds-1927-28fzr-1052167450, networkLocation: /default-rack, certSerialId: null}, Type:RATIS, Factor:THREE, State:OPEN]
2019-08-20 17:21:28,157 [IPC Server handler 6 on 46814] INFO  net.NetworkTopology (NetworkTopologyImpl.java:add(110)) - Added a new node: /default-rack/7b8221e5-df7c-4a80-8328-8297dfde5426
2019-08-20 17:21:28,157 [main] INFO  ozone.MiniOzoneClusterImpl (MiniOzoneClusterImpl.java:lambda$waitForClusterToBeReady$0(142)) - Cluster is ready. Got 7 of 7 DN Heartbeats.
2019-08-20 17:21:28,157 [IPC Server handler 6 on 46814] INFO  node.SCMNodeManager (SCMNodeManager.java:register(273)) - Registered Data node : 7b8221e5-df7c-4a80-8328-8297dfde5426{ip: 192.168.5.168, host: pr-hdds-1927-28fzr-1052167450, networkLocation: /default-rack, certSerialId: null}
2019-08-20 17:21:28,157 | INFO  | SCMAudit | user=jenkins1000 | ip=192.168.5.168 | op=REGISTER {datanodeDetails=7b8221e5-df7c-4a80-8328-8297dfde5426{ip: 192.168.5.168, host: pr-hdds-1927-28fzr-1052167450, networkLocation: /default-rack, certSerialId: null}} | ret=SUCCESS |  
2019-08-20 17:21:28,169 [grpc-default-executor-6] INFO  impl.RaftServerProxy (RaftServerProxy.java:addNew(89)) - 7b8221e5-df7c-4a80-8328-8297dfde5426: addNew group-B8CCBA643366:[7b8221e5-df7c-4a80-8328-8297dfde5426:192.168.5.168:33365] returns group-B8CCBA643366:java.util.concurrent.CompletableFuture@25b04515[Not completed]
2019-08-20 17:21:28,174 [pool-477-thread-1] INFO  impl.RaftServerImpl (RaftServerImpl.java:<init>(93)) - 7b8221e5-df7c-4a80-8328-8297dfde5426: new RaftServerImpl for group-B8CCBA643366:[7b8221e5-df7c-4a80-8328-8297dfde5426:192.168.5.168:33365] with ContainerStateMachine:uninitialized
2019-08-20 17:21:28,179 [pool-477-thread-1] INFO  server.RaftServerConfigKeys (ConfUtils.java:logGet(43)) - raft.server.rpc.timeout.min = 5s (custom)
2019-08-20 17:21:28,179 [pool-477-thread-1] INFO  server.RaftServerConfigKeys (ConfUtils.java:logGet(43)) - raft.server.rpc.timeout.max = 5200ms (custom)
2019-08-20 17:21:28,179 [pool-477-thread-1] INFO  server.RaftServerConfigKeys (ConfUtils.java:logGet(43)) - raft.server.rpcslowness.timeout = 120s (custom)
2019-08-20 17:21:28,179 [pool-477-thread-1] INFO  server.RaftServerConfigKeys (ConfUtils.java:logGet(43)) - raft.server.sleep.deviation.threshold = 300 (default)
2019-08-20 17:21:28,179 [pool-477-thread-1] INFO  server.RaftServerConfigKeys (ConfUtils.java:logGet(43)) - raft.server.log.appender.install.snapshot.enabled = false (custom)
2019-08-20 17:21:28,179 [pool-477-thread-1] INFO  impl.RaftServerImpl (ServerState.java:<init>(105)) - 7b8221e5-df7c-4a80-8328-8297dfde5426:group-B8CCBA643366 ConfigurationManager, init=-1: [7b8221e5-df7c-4a80-8328-8297dfde5426:192.168.5.168:33365], old=null, confs=<EMPTY_MAP>
2019-08-20 17:21:28,182 [pool-477-thread-1] INFO  server.RaftServerConfigKeys (ConfUtils.java:logGet(43)) - raft.server.storage.dir = [/workdir/hadoop-ozone/integration-test/target/test-dir/MiniOzoneClusterImpl-9f975f3b-691f-4c06-b64c-c613e84f2492/datanode-6/data/ratis] (custom)
2019-08-20 17:21:28,182 [pool-477-thread-1] INFO  storage.RaftStorageDirectory (RaftStorageDirectory.java:analyzeStorage(246)) - The storage directory /workdir/hadoop-ozone/integration-test/target/test-dir/MiniOzoneClusterImpl-9f975f3b-691f-4c06-b64c-c613e84f2492/datanode-6/data/ratis/0d8bd2b7-c1a0-4179-87e0-b8ccba643366 does not exist. Creating ...
2019-08-20 17:21:28,187 [main] INFO  rpc.RpcClient (RpcClient.java:createVolume(293)) - Creating Volume: watchforcommithandlingtest, with jenkins1000 as owner.
2019-08-20 17:21:28,189 | INFO  | OMAudit | user=jenkins1000 | ip=127.0.0.1 | op=CREATE_VOLUME {admin=jenkins1000, owner=jenkins1000, volume=watchforcommithandlingtest, creationTime=1566321688188, quotaInBytes=1152921504606846976} | ret=SUCCESS |  
2019-08-20 17:21:28,197 | INFO  | OMAudit | user=jenkins1000 | ip=127.0.0.1 | op=READ_VOLUME {volume=watchforcommithandlingtest} | ret=SUCCESS |  
2019-08-20 17:21:28,198 [main] INFO  rpc.RpcClient (RpcClient.java:createBucket(432)) - Creating Bucket: watchforcommithandlingtest/watchforcommithandlingtest, with Versioning false and Storage Type set to DISK and Encryption set to false 
2019-08-20 17:21:28,203 | INFO  | OMAudit | user=jenkins1000 | ip=127.0.0.1 | op=CREATE_BUCKET {volume=watchforcommithandlingtest, bucket=watchforcommithandlingtest, acls=[user:jenkins1000:a[ACCESS], group:default:a[ACCESS]], isVersionEnabled=false, storageType=DISK, creationTime=0} | ret=SUCCESS |  
2019-08-20 17:21:28,203 [pool-477-thread-1] INFO  storage.RaftStorageDirectory (RaftStorageDirectory.java:tryLock(328)) - Lock on /workdir/hadoop-ozone/integration-test/target/test-dir/MiniOzoneClusterImpl-9f975f3b-691f-4c06-b64c-c613e84f2492/datanode-6/data/ratis/0d8bd2b7-c1a0-4179-87e0-b8ccba643366/in_use.lock acquired by nodename 22576@pr-hdds-1927-28fzr-1052167450
2019-08-20 17:21:28,203 [main] INFO  ozone.MiniOzoneClusterImpl (MiniOzoneClusterImpl.java:getStorageContainerLocationClient(241)) - Creating StorageContainerLocationProtocol RPC client with address /0.0.0.0:34715
2019-08-20 17:21:28,216 [pool-477-thread-1] INFO  storage.RaftStorage (RaftStorage.java:format(72)) - Storage directory /workdir/hadoop-ozone/integration-test/target/test-dir/MiniOzoneClusterImpl-9f975f3b-691f-4c06-b64c-c613e84f2492/datanode-6/data/ratis/0d8bd2b7-c1a0-4179-87e0-b8ccba643366 has been successfully formatted.
2019-08-20 17:21:28,217 [pool-477-thread-1] INFO  ratis.ContainerStateMachine (ContainerStateMachine.java:loadSnapshot(222)) - group-B8CCBA643366: The snapshot info is null. Setting the last applied indexto:(t:0, i:~)
2019-08-20 17:21:28,217 [pool-477-thread-1] INFO  server.RaftServerConfigKeys (ConfUtils.java:logGet(43)) - raft.server.leader.election.timeout = 120s (custom)
2019-08-20 17:21:28,217 [pool-477-thread-1] INFO  server.RaftServerConfigKeys (ConfUtils.java:logGet(43)) - raft.server.log.use.memory = false (default)
2019-08-20 17:21:28,217 [pool-477-thread-1] INFO  server.RaftServerConfigKeys (ConfUtils.java:logGet(43)) - raft.server.log.purge.gap = 1000000 (custom)
2019-08-20 17:21:28,217 [pool-477-thread-1] INFO  server.RaftServerConfigKeys (ConfUtils.java:logGet(43)) - raft.server.log.appender.buffer.byte-limit = 33554432 (custom)
2019-08-20 17:21:28,217 [pool-477-thread-1] INFO  server.RaftServerConfigKeys (ConfUtils.java:logGet(43)) - raft.server.log.segment.size.max = 1048576 (custom)
2019-08-20 17:21:28,217 [pool-477-thread-1] INFO  server.RaftServerConfigKeys (ConfUtils.java:logGet(43)) - raft.server.log.segment.cache.num.max = 2 (custom)
2019-08-20 17:21:28,217 [pool-477-thread-1] INFO  segmented.SegmentedRaftLogWorker (SegmentedRaftLogWorker.java:<init>(172)) - new 7b8221e5-df7c-4a80-8328-8297dfde5426-SegmentedRaftLogWorker:Storage Directory /workdir/hadoop-ozone/integration-test/target/test-dir/MiniOzoneClusterImpl-9f975f3b-691f-4c06-b64c-c613e84f2492/datanode-6/data/ratis/0d8bd2b7-c1a0-4179-87e0-b8ccba643366 for RaftStorage:Storage Directory /workdir/hadoop-ozone/integration-test/target/test-dir/MiniOzoneClusterImpl-9f975f3b-691f-4c06-b64c-c613e84f2492/datanode-6/data/ratis/0d8bd2b7-c1a0-4179-87e0-b8ccba643366
2019-08-20 17:21:28,217 [pool-477-thread-1] INFO  server.RaftServerConfigKeys (ConfUtils.java:logGet(43)) - raft.server.log.queue.byte-limit = 2147483647 (custom)
2019-08-20 17:21:28,217 [pool-477-thread-1] INFO  server.RaftServerConfigKeys (ConfUtils.java:logGet(43)) - raft.server.log.queue.element-limit = 1024 (custom)
2019-08-20 17:21:28,218 [pool-477-thread-1] INFO  server.RaftServerConfigKeys (ConfUtils.java:logGet(43)) - raft.server.log.segment.size.max = 1048576 (custom)
2019-08-20 17:21:28,218 [pool-477-thread-1] INFO  server.RaftServerConfigKeys (ConfUtils.java:logGet(43)) - raft.server.log.preallocated.size = 16384 (custom)
2019-08-20 17:21:28,218 [pool-477-thread-1] INFO  server.RaftServerConfigKeys (ConfUtils.java:logGet(43)) - raft.server.log.write.buffer.size = 33554432 (custom)
2019-08-20 17:21:28,218 [pool-477-thread-1] INFO  server.RaftServerConfigKeys (ConfUtils.java:logGet(43)) - raft.server.log.force.sync.num = 128 (default)
2019-08-20 17:21:28,218 [pool-477-thread-1] INFO  server.RaftServerConfigKeys (ConfUtils.java:logGet(43)) - raft.server.log.statemachine.data.sync = true (default)
2019-08-20 17:21:28,218 [pool-477-thread-1] INFO  server.RaftServerConfigKeys (ConfUtils.java:logGet(43)) - raft.server.log.statemachine.data.sync.timeout = 10s (default)
2019-08-20 17:21:28,218 [pool-477-thread-1] INFO  server.RaftServerConfigKeys (ConfUtils.java:logGet(43)) - raft.server.log.statemachine.data.sync.timeout.retry = -1 (default)
2019-08-20 17:21:28,218 [pool-477-thread-1] INFO  server.RaftServerConfigKeys (ConfUtils.java:logGet(43)) - raft.server.log.statemachine.data.caching.enabled = true (custom)
2019-08-20 17:21:28,219 [pool-477-thread-1] INFO  segmented.SegmentedRaftLogWorker (SegmentedRaftLogWorker.java:lambda$new$0(132)) - 7b8221e5-df7c-4a80-8328-8297dfde5426-SegmentedRaftLogWorker:Storage Directory /workdir/hadoop-ozone/integration-test/target/test-dir/MiniOzoneClusterImpl-9f975f3b-691f-4c06-b64c-c613e84f2492/datanode-6/data/ratis/0d8bd2b7-c1a0-4179-87e0-b8ccba643366: flushIndex: setUnconditionally 0 -> -1
2019-08-20 17:21:28,219 [pool-477-thread-1] INFO  server.RaftServerConfigKeys (ConfUtils.java:logGet(43)) - raft.server.snapshot.auto.trigger.enabled = true (custom)
2019-08-20 17:21:28,219 [pool-477-thread-1] INFO  server.RaftServerConfigKeys (ConfUtils.java:logGet(43)) - raft.server.snapshot.auto.trigger.threshold = 10000 (custom)
2019-08-20 17:21:28,219 [pool-477-thread-1] INFO  server.RaftServerConfigKeys (ConfUtils.java:logGet(43)) - raft.server.retrycache.expirytime = 600000ms (custom)
2019-08-20 17:21:28,219 [pool-477-thread-1] INFO  impl.RaftServerImpl (RaftServerImpl.java:start(180)) - 7b8221e5-df7c-4a80-8328-8297dfde5426: start group-B8CCBA643366
2019-08-20 17:21:28,219 [pool-477-thread-1] INFO  impl.RaftServerImpl (RaftServerImpl.java:setRole(171)) - 7b8221e5-df7c-4a80-8328-8297dfde5426:group-B8CCBA643366 changes role from null to FOLLOWER at term 0 for startAsFollower
2019-08-20 17:21:28,219 [pool-477-thread-1] INFO  impl.RoleInfo (RoleInfo.java:updateAndGet(143)) - 7b8221e5-df7c-4a80-8328-8297dfde5426: start FollowerState
2019-08-20 17:21:28,220 [pool-477-thread-1] INFO  util.JmxRegister (JmxRegister.java:tryRegister(44)) - Successfully registered JMX Bean with object name Ratis:service=RaftServer,group=group-B8CCBA643366,id=7b8221e5-df7c-4a80-8328-8297dfde5426
2019-08-20 17:21:28,222 [RatisPipelineUtilsThread] INFO  pipeline.PipelineStateManager (PipelineStateManager.java:addPipeline(56)) - Created pipeline Pipeline[ Id: 0d8bd2b7-c1a0-4179-87e0-b8ccba643366, Nodes: 7b8221e5-df7c-4a80-8328-8297dfde5426{ip: 192.168.5.168, host: pr-hdds-1927-28fzr-1052167450, networkLocation: /default-rack, certSerialId: null}, Type:RATIS, Factor:ONE, State:OPEN]
2019-08-20 17:21:28,237 [grpc-default-executor-6] INFO  client.GrpcClientProtocolClient (GrpcClientProtocolClient.java:onNext(255)) - client-FBD62FE2F21A->b78857a0-3595-4f2d-9fb4-c7386e8457ec: receive RaftClientReply:client-FBD62FE2F21A->b78857a0-3595-4f2d-9fb4-c7386e8457ec@group-61A1137654F8, cid=103, FAILED org.apache.ratis.protocol.NotLeaderException: Server b78857a0-3595-4f2d-9fb4-c7386e8457ec is not the leader (null). Request must be sent to leader., logIndex=0, commits[b78857a0-3595-4f2d-9fb4-c7386e8457ec:c-1]
2019-08-20 17:21:29,201 | INFO  | SCMAudit | user=jenkins1000 | ip=192.168.5.168 | op=SEND_HEARTBEAT {datanodeUUID=b458316a-5f51-4ff4-8786-e518fe47f684, command=[]} | ret=SUCCESS |  
2019-08-20 17:21:29,252 [grpc-default-executor-6] INFO  client.GrpcClientProtocolClient (GrpcClientProtocolClient.java:onNext(255)) - client-FBD62FE2F21A->39308b5f-2bd8-4b69-9392-e970931b2c1c: receive RaftClientReply:client-FBD62FE2F21A->39308b5f-2bd8-4b69-9392-e970931b2c1c@group-61A1137654F8, cid=103, FAILED org.apache.ratis.protocol.NotLeaderException: Server 39308b5f-2bd8-4b69-9392-e970931b2c1c is not the leader (null). Request must be sent to leader., logIndex=0, commits[39308b5f-2bd8-4b69-9392-e970931b2c1c:c-1]
2019-08-20 17:21:29,352 | INFO  | SCMAudit | user=jenkins1000 | ip=192.168.5.168 | op=SEND_HEARTBEAT {datanodeUUID=39308b5f-2bd8-4b69-9392-e970931b2c1c, command=[]} | ret=SUCCESS |  
2019-08-20 17:21:29,504 | INFO  | SCMAudit | user=jenkins1000 | ip=192.168.5.168 | op=SEND_HEARTBEAT {datanodeUUID=b78857a0-3595-4f2d-9fb4-c7386e8457ec, command=[]} | ret=SUCCESS |  
2019-08-20 17:21:29,648 | INFO  | SCMAudit | user=jenkins1000 | ip=192.168.5.168 | op=SEND_HEARTBEAT {datanodeUUID=6d465182-e65c-481c-b5b5-22d615bea83e, command=[]} | ret=SUCCESS |  
2019-08-20 17:21:29,819 | INFO  | SCMAudit | user=jenkins1000 | ip=192.168.5.168 | op=SEND_HEARTBEAT {datanodeUUID=4ccb66d6-8f8f-4544-8e0a-d9e084dfa179, command=[]} | ret=SUCCESS |  
2019-08-20 17:21:29,987 | INFO  | SCMAudit | user=jenkins1000 | ip=192.168.5.168 | op=SEND_HEARTBEAT {datanodeUUID=95472db8-eb3c-4487-86ee-919a717e7c8c, command=[]} | ret=SUCCESS |  
2019-08-20 17:21:30,156 | INFO  | SCMAudit | user=jenkins1000 | ip=192.168.5.168 | op=SEND_HEARTBEAT {datanodeUUID=7b8221e5-df7c-4a80-8328-8297dfde5426, command=[]} | ret=SUCCESS |  
2019-08-20 17:21:30,200 | INFO  | SCMAudit | user=jenkins1000 | ip=192.168.5.168 | op=SEND_HEARTBEAT {datanodeUUID=b458316a-5f51-4ff4-8786-e518fe47f684, command=[]} | ret=SUCCESS |  
2019-08-20 17:21:30,210 [Thread-2456] INFO  container.ReplicationManager (ReplicationManager.java:start(152)) - Starting Replication Monitor Thread.
2019-08-20 17:21:30,214 [ReplicationMonitor] INFO  container.ReplicationManager (ReplicationManager.java:run(215)) - Replication Monitor Thread took 0 milliseconds for processing 1 containers.
2019-08-20 17:21:30,262 [grpc-default-executor-7] INFO  client.GrpcClientProtocolClient (GrpcClientProtocolClient.java:onNext(255)) - client-FBD62FE2F21A->b78857a0-3595-4f2d-9fb4-c7386e8457ec: receive RaftClientReply:client-FBD62FE2F21A->b78857a0-3595-4f2d-9fb4-c7386e8457ec@group-61A1137654F8, cid=103, FAILED org.apache.ratis.protocol.NotLeaderException: Server b78857a0-3595-4f2d-9fb4-c7386e8457ec is not the leader (null). Request must be sent to leader., logIndex=0, commits[b78857a0-3595-4f2d-9fb4-c7386e8457ec:c-1]
2019-08-20 17:21:30,352 | INFO  | SCMAudit | user=jenkins1000 | ip=192.168.5.168 | op=SEND_HEARTBEAT {datanodeUUID=39308b5f-2bd8-4b69-9392-e970931b2c1c, command=[]} | ret=SUCCESS |  
2019-08-20 17:21:30,504 | INFO  | SCMAudit | user=jenkins1000 | ip=192.168.5.168 | op=SEND_HEARTBEAT {datanodeUUID=b78857a0-3595-4f2d-9fb4-c7386e8457ec, command=[]} | ret=SUCCESS |  
2019-08-20 17:21:30,648 | INFO  | SCMAudit | user=jenkins1000 | ip=192.168.5.168 | op=SEND_HEARTBEAT {datanodeUUID=6d465182-e65c-481c-b5b5-22d615bea83e, command=[]} | ret=SUCCESS |  
2019-08-20 17:21:30,819 | INFO  | SCMAudit | user=jenkins1000 | ip=192.168.5.168 | op=SEND_HEARTBEAT {datanodeUUID=4ccb66d6-8f8f-4544-8e0a-d9e084dfa179, command=[]} | ret=SUCCESS |  
2019-08-20 17:21:30,987 | INFO  | SCMAudit | user=jenkins1000 | ip=192.168.5.168 | op=SEND_HEARTBEAT {datanodeUUID=95472db8-eb3c-4487-86ee-919a717e7c8c, command=[]} | ret=SUCCESS |  
2019-08-20 17:21:31,156 | INFO  | SCMAudit | user=jenkins1000 | ip=192.168.5.168 | op=SEND_HEARTBEAT {datanodeUUID=7b8221e5-df7c-4a80-8328-8297dfde5426, command=[]} | ret=SUCCESS |  
2019-08-20 17:21:31,200 | INFO  | SCMAudit | user=jenkins1000 | ip=192.168.5.168 | op=SEND_HEARTBEAT {datanodeUUID=b458316a-5f51-4ff4-8786-e518fe47f684, command=[]} | ret=SUCCESS |  
2019-08-20 17:21:31,275 [grpc-default-executor-7] INFO  client.GrpcClientProtocolClient (GrpcClientProtocolClient.java:onNext(255)) - client-FBD62FE2F21A->b458316a-5f51-4ff4-8786-e518fe47f684: receive RaftClientReply:client-FBD62FE2F21A->b458316a-5f51-4ff4-8786-e518fe47f684@group-61A1137654F8, cid=103, FAILED org.apache.ratis.protocol.NotLeaderException: Server b458316a-5f51-4ff4-8786-e518fe47f684 is not the leader (null). Request must be sent to leader., logIndex=0, commits[b458316a-5f51-4ff4-8786-e518fe47f684:c-1]
2019-08-20 17:21:31,353 | INFO  | SCMAudit | user=jenkins1000 | ip=192.168.5.168 | op=SEND_HEARTBEAT {datanodeUUID=39308b5f-2bd8-4b69-9392-e970931b2c1c, command=[]} | ret=SUCCESS |  
2019-08-20 17:21:31,505 | INFO  | SCMAudit | user=jenkins1000 | ip=192.168.5.168 | op=SEND_HEARTBEAT {datanodeUUID=b78857a0-3595-4f2d-9fb4-c7386e8457ec, command=[]} | ret=SUCCESS |  
2019-08-20 17:21:31,648 | INFO  | SCMAudit | user=jenkins1000 | ip=192.168.5.168 | op=SEND_HEARTBEAT {datanodeUUID=6d465182-e65c-481c-b5b5-22d615bea83e, command=[]} | ret=SUCCESS |  
2019-08-20 17:21:31,819 | INFO  | SCMAudit | user=jenkins1000 | ip=192.168.5.168 | op=SEND_HEARTBEAT {datanodeUUID=4ccb66d6-8f8f-4544-8e0a-d9e084dfa179, command=[]} | ret=SUCCESS |  
2019-08-20 17:21:31,987 | INFO  | SCMAudit | user=jenkins1000 | ip=192.168.5.168 | op=SEND_HEARTBEAT {datanodeUUID=95472db8-eb3c-4487-86ee-919a717e7c8c, command=[]} | ret=SUCCESS |  
2019-08-20 17:21:32,156 | INFO  | SCMAudit | user=jenkins1000 | ip=192.168.5.168 | op=SEND_HEARTBEAT {datanodeUUID=7b8221e5-df7c-4a80-8328-8297dfde5426, command=[]} | ret=SUCCESS |  
2019-08-20 17:21:32,200 | INFO  | SCMAudit | user=jenkins1000 | ip=192.168.5.168 | op=SEND_HEARTBEAT {datanodeUUID=b458316a-5f51-4ff4-8786-e518fe47f684, command=[]} | ret=SUCCESS |  
2019-08-20 17:21:32,289 [grpc-default-executor-6] INFO  client.GrpcClientProtocolClient (GrpcClientProtocolClient.java:onNext(255)) - client-FBD62FE2F21A->39308b5f-2bd8-4b69-9392-e970931b2c1c: receive RaftClientReply:client-FBD62FE2F21A->39308b5f-2bd8-4b69-9392-e970931b2c1c@group-61A1137654F8, cid=103, FAILED org.apache.ratis.protocol.NotLeaderException: Server 39308b5f-2bd8-4b69-9392-e970931b2c1c is not the leader (null). Request must be sent to leader., logIndex=0, commits[39308b5f-2bd8-4b69-9392-e970931b2c1c:c-1]
2019-08-20 17:21:32,353 | INFO  | SCMAudit | user=jenkins1000 | ip=192.168.5.168 | op=SEND_HEARTBEAT {datanodeUUID=39308b5f-2bd8-4b69-9392-e970931b2c1c, command=[]} | ret=SUCCESS |  
2019-08-20 17:21:32,393 [Thread-2458] INFO  impl.FollowerState (FollowerState.java:run(106)) - b458316a-5f51-4ff4-8786-e518fe47f684:group-DC79D840D5E0 changes to CANDIDATE, lastRpcTime:5135, electionTimeout:5135ms
2019-08-20 17:21:32,394 [Thread-2458] INFO  impl.RoleInfo (RoleInfo.java:shutdownFollowerState(121)) - b458316a-5f51-4ff4-8786-e518fe47f684: shutdown FollowerState
2019-08-20 17:21:32,394 [Thread-2458] INFO  impl.RaftServerImpl (RaftServerImpl.java:setRole(171)) - b458316a-5f51-4ff4-8786-e518fe47f684:group-DC79D840D5E0 changes role from FOLLOWER to CANDIDATE at term 0 for changeToCandidate
2019-08-20 17:21:32,394 [Thread-2458] INFO  impl.RoleInfo (RoleInfo.java:updateAndGet(143)) - b458316a-5f51-4ff4-8786-e518fe47f684: start LeaderElection
2019-08-20 17:21:32,415 [b458316a-5f51-4ff4-8786-e518fe47f684:group-DC79D840D5E0:LeaderElection59] INFO  impl.LeaderElection (LeaderElection.java:askForVotes(181)) - b458316a-5f51-4ff4-8786-e518fe47f684:group-DC79D840D5E0:LeaderElection59: begin an election at term 1 for -1: [b458316a-5f51-4ff4-8786-e518fe47f684:192.168.5.168:44615], old=null
2019-08-20 17:21:32,415 [b458316a-5f51-4ff4-8786-e518fe47f684:group-DC79D840D5E0:LeaderElection59] INFO  impl.RoleInfo (RoleInfo.java:shutdownLeaderElection(134)) - b458316a-5f51-4ff4-8786-e518fe47f684: shutdown LeaderElection
2019-08-20 17:21:32,415 [b458316a-5f51-4ff4-8786-e518fe47f684:group-DC79D840D5E0:LeaderElection59] INFO  impl.RaftServerImpl (RaftServerImpl.java:setRole(171)) - b458316a-5f51-4ff4-8786-e518fe47f684:group-DC79D840D5E0 changes role from CANDIDATE to LEADER at term 1 for changeToLeader
2019-08-20 17:21:32,415 [b458316a-5f51-4ff4-8786-e518fe47f684:group-DC79D840D5E0:LeaderElection59] INFO  impl.RaftServerImpl (ServerState.java:setLeader(263)) - b458316a-5f51-4ff4-8786-e518fe47f684:group-DC79D840D5E0 change Leader from null to b458316a-5f51-4ff4-8786-e518fe47f684 at term 1 for becomeLeader, leader elected after 5160ms
2019-08-20 17:21:32,416 [b458316a-5f51-4ff4-8786-e518fe47f684:group-DC79D840D5E0:LeaderElection59] INFO  server.RaftServerConfigKeys (ConfUtils.java:logGet(43)) - raft.server.staging.catchup.gap = 1000 (default)
2019-08-20 17:21:32,416 [b458316a-5f51-4ff4-8786-e518fe47f684:group-DC79D840D5E0:LeaderElection59] INFO  server.RaftServerConfigKeys (ConfUtils.java:logGet(43)) - raft.server.rpc.sleep.time = 25ms (default)
2019-08-20 17:21:32,416 [b458316a-5f51-4ff4-8786-e518fe47f684:group-DC79D840D5E0:LeaderElection59] INFO  server.RaftServerConfigKeys (ConfUtils.java:logGet(43)) - raft.server.write.element-limit = 4096 (default)
2019-08-20 17:21:32,416 [b458316a-5f51-4ff4-8786-e518fe47f684:group-DC79D840D5E0:LeaderElection59] INFO  server.RaftServerConfigKeys (ConfUtils.java:logGet(43)) - raft.server.watch.timeout = 10s (default)
2019-08-20 17:21:32,416 [b458316a-5f51-4ff4-8786-e518fe47f684:group-DC79D840D5E0:LeaderElection59] INFO  server.RaftServerConfigKeys (ConfUtils.java:logGet(43)) - raft.server.watch.timeout.denomination = 1s (default)
2019-08-20 17:21:32,416 [b458316a-5f51-4ff4-8786-e518fe47f684:group-DC79D840D5E0:LeaderElection59] INFO  server.RaftServerConfigKeys (ConfUtils.java:logGet(43)) - raft.server.watch.element-limit = 65536 (default)
2019-08-20 17:21:32,417 [b458316a-5f51-4ff4-8786-e518fe47f684:group-DC79D840D5E0:LeaderElection59] INFO  impl.RoleInfo (RoleInfo.java:updateAndGet(143)) - b458316a-5f51-4ff4-8786-e518fe47f684: start LeaderState
2019-08-20 17:21:32,417 [b458316a-5f51-4ff4-8786-e518fe47f684:group-DC79D840D5E0:LeaderElection59] INFO  segmented.SegmentedRaftLogWorker (SegmentedRaftLogWorker.java:startLogSegment(380)) - b458316a-5f51-4ff4-8786-e518fe47f684-SegmentedRaftLogWorker:Storage Directory /workdir/hadoop-ozone/integration-test/target/test-dir/MiniOzoneClusterImpl-9f975f3b-691f-4c06-b64c-c613e84f2492/datanode-0/data/ratis/5221cfc6-5a94-4314-97bf-dc79d840d5e0: Starting segment from index:0
2019-08-20 17:21:32,418 [b458316a-5f51-4ff4-8786-e518fe47f684:group-DC79D840D5E0:LeaderElection59] INFO  impl.RaftServerImpl (ServerState.java:setRaftConf(361)) - b458316a-5f51-4ff4-8786-e518fe47f684:group-DC79D840D5E0 set configuration 0: [b458316a-5f51-4ff4-8786-e518fe47f684:192.168.5.168:44615], old=null at 0
2019-08-20 17:21:32,422 [Thread-2461] INFO  impl.FollowerState (FollowerState.java:run(106)) - 39308b5f-2bd8-4b69-9392-e970931b2c1c:group-92DA7A7FA7AC changes to CANDIDATE, lastRpcTime:5026, electionTimeout:5026ms
2019-08-20 17:21:32,423 [Thread-2461] INFO  impl.RoleInfo (RoleInfo.java:shutdownFollowerState(121)) - 39308b5f-2bd8-4b69-9392-e970931b2c1c: shutdown FollowerState
2019-08-20 17:21:32,423 [Thread-2461] INFO  impl.RaftServerImpl (RaftServerImpl.java:setRole(171)) - 39308b5f-2bd8-4b69-9392-e970931b2c1c:group-92DA7A7FA7AC changes role from FOLLOWER to CANDIDATE at term 0 for changeToCandidate
2019-08-20 17:21:32,423 [Thread-2461] INFO  impl.RoleInfo (RoleInfo.java:updateAndGet(143)) - 39308b5f-2bd8-4b69-9392-e970931b2c1c: start LeaderElection
2019-08-20 17:21:32,472 [b458316a-5f51-4ff4-8786-e518fe47f684-SegmentedRaftLogWorker:Storage Directory /workdir/hadoop-ozone/integration-test/target/test-dir/MiniOzoneClusterImpl-9f975f3b-691f-4c06-b64c-c613e84f2492/datanode-0/data/ratis/5221cfc6-5a94-4314-97bf-dc79d840d5e0] INFO  segmented.SegmentedRaftLogWorker (SegmentedRaftLogWorker.java:execute(569)) - b458316a-5f51-4ff4-8786-e518fe47f684-SegmentedRaftLogWorker:Storage Directory /workdir/hadoop-ozone/integration-test/target/test-dir/MiniOzoneClusterImpl-9f975f3b-691f-4c06-b64c-c613e84f2492/datanode-0/data/ratis/5221cfc6-5a94-4314-97bf-dc79d840d5e0: created new log segment /workdir/hadoop-ozone/integration-test/target/test-dir/MiniOzoneClusterImpl-9f975f3b-691f-4c06-b64c-c613e84f2492/datanode-0/data/ratis/5221cfc6-5a94-4314-97bf-dc79d840d5e0/current/log_inprogress_0
2019-08-20 17:21:32,472 [39308b5f-2bd8-4b69-9392-e970931b2c1c:group-92DA7A7FA7AC:LeaderElection60] INFO  impl.LeaderElection (LeaderElection.java:askForVotes(181)) - 39308b5f-2bd8-4b69-9392-e970931b2c1c:group-92DA7A7FA7AC:LeaderElection60: begin an election at term 1 for -1: [39308b5f-2bd8-4b69-9392-e970931b2c1c:192.168.5.168:45735], old=null
2019-08-20 17:21:32,473 [39308b5f-2bd8-4b69-9392-e970931b2c1c:group-92DA7A7FA7AC:LeaderElection60] INFO  impl.RoleInfo (RoleInfo.java:shutdownLeaderElection(134)) - 39308b5f-2bd8-4b69-9392-e970931b2c1c: shutdown LeaderElection
2019-08-20 17:21:32,473 [39308b5f-2bd8-4b69-9392-e970931b2c1c:group-92DA7A7FA7AC:LeaderElection60] INFO  impl.RaftServerImpl (RaftServerImpl.java:setRole(171)) - 39308b5f-2bd8-4b69-9392-e970931b2c1c:group-92DA7A7FA7AC changes role from CANDIDATE to LEADER at term 1 for changeToLeader
2019-08-20 17:21:32,473 [39308b5f-2bd8-4b69-9392-e970931b2c1c:group-92DA7A7FA7AC:LeaderElection60] INFO  impl.RaftServerImpl (ServerState.java:setLeader(263)) - 39308b5f-2bd8-4b69-9392-e970931b2c1c:group-92DA7A7FA7AC change Leader from null to 39308b5f-2bd8-4b69-9392-e970931b2c1c at term 1 for becomeLeader, leader elected after 5081ms
2019-08-20 17:21:32,473 [39308b5f-2bd8-4b69-9392-e970931b2c1c:group-92DA7A7FA7AC:LeaderElection60] INFO  server.RaftServerConfigKeys (ConfUtils.java:logGet(43)) - raft.server.staging.catchup.gap = 1000 (default)
2019-08-20 17:21:32,473 [39308b5f-2bd8-4b69-9392-e970931b2c1c:group-92DA7A7FA7AC:LeaderElection60] INFO  server.RaftServerConfigKeys (ConfUtils.java:logGet(43)) - raft.server.rpc.sleep.time = 25ms (default)
2019-08-20 17:21:32,473 [39308b5f-2bd8-4b69-9392-e970931b2c1c:group-92DA7A7FA7AC:LeaderElection60] INFO  server.RaftServerConfigKeys (ConfUtils.java:logGet(43)) - raft.server.write.element-limit = 4096 (default)
2019-08-20 17:21:32,473 [39308b5f-2bd8-4b69-9392-e970931b2c1c:group-92DA7A7FA7AC:LeaderElection60] INFO  server.RaftServerConfigKeys (ConfUtils.java:logGet(43)) - raft.server.watch.timeout = 10s (default)
2019-08-20 17:21:32,474 [39308b5f-2bd8-4b69-9392-e970931b2c1c:group-92DA7A7FA7AC:LeaderElection60] INFO  server.RaftServerConfigKeys (ConfUtils.java:logGet(43)) - raft.server.watch.timeout.denomination = 1s (default)
2019-08-20 17:21:32,474 [39308b5f-2bd8-4b69-9392-e970931b2c1c:group-92DA7A7FA7AC:LeaderElection60] INFO  server.RaftServerConfigKeys (ConfUtils.java:logGet(43)) - raft.server.watch.element-limit = 65536 (default)
2019-08-20 17:21:32,474 [39308b5f-2bd8-4b69-9392-e970931b2c1c:group-92DA7A7FA7AC:LeaderElection60] INFO  impl.RoleInfo (RoleInfo.java:updateAndGet(143)) - 39308b5f-2bd8-4b69-9392-e970931b2c1c: start LeaderState
2019-08-20 17:21:32,474 [39308b5f-2bd8-4b69-9392-e970931b2c1c:group-92DA7A7FA7AC:LeaderElection60] INFO  segmented.SegmentedRaftLogWorker (SegmentedRaftLogWorker.java:startLogSegment(380)) - 39308b5f-2bd8-4b69-9392-e970931b2c1c-SegmentedRaftLogWorker:Storage Directory /workdir/hadoop-ozone/integration-test/target/test-dir/MiniOzoneClusterImpl-9f975f3b-691f-4c06-b64c-c613e84f2492/datanode-1/data/ratis/bd079250-5465-4cd0-a46c-92da7a7fa7ac: Starting segment from index:0
2019-08-20 17:21:32,475 [39308b5f-2bd8-4b69-9392-e970931b2c1c:group-92DA7A7FA7AC:LeaderElection60] INFO  impl.RaftServerImpl (ServerState.java:setRaftConf(361)) - 39308b5f-2bd8-4b69-9392-e970931b2c1c:group-92DA7A7FA7AC set configuration 0: [39308b5f-2bd8-4b69-9392-e970931b2c1c:192.168.5.168:45735], old=null at 0
2019-08-20 17:21:32,505 | INFO  | SCMAudit | user=jenkins1000 | ip=192.168.5.168 | op=SEND_HEARTBEAT {datanodeUUID=b78857a0-3595-4f2d-9fb4-c7386e8457ec, command=[]} | ret=SUCCESS |  
2019-08-20 17:21:32,518 [39308b5f-2bd8-4b69-9392-e970931b2c1c-SegmentedRaftLogWorker:Storage Directory /workdir/hadoop-ozone/integration-test/target/test-dir/MiniOzoneClusterImpl-9f975f3b-691f-4c06-b64c-c613e84f2492/datanode-1/data/ratis/bd079250-5465-4cd0-a46c-92da7a7fa7ac] INFO  segmented.SegmentedRaftLogWorker (SegmentedRaftLogWorker.java:execute(569)) - 39308b5f-2bd8-4b69-9392-e970931b2c1c-SegmentedRaftLogWorker:Storage Directory /workdir/hadoop-ozone/integration-test/target/test-dir/MiniOzoneClusterImpl-9f975f3b-691f-4c06-b64c-c613e84f2492/datanode-1/data/ratis/bd079250-5465-4cd0-a46c-92da7a7fa7ac: created new log segment /workdir/hadoop-ozone/integration-test/target/test-dir/MiniOzoneClusterImpl-9f975f3b-691f-4c06-b64c-c613e84f2492/datanode-1/data/ratis/bd079250-5465-4cd0-a46c-92da7a7fa7ac/current/log_inprogress_0
2019-08-20 17:21:32,624 [Thread-2470] INFO  impl.FollowerState (FollowerState.java:run(106)) - b78857a0-3595-4f2d-9fb4-c7386e8457ec:group-61A1137654F8 changes to CANDIDATE, lastRpcTime:5016, electionTimeout:5016ms
2019-08-20 17:21:32,625 [Thread-2470] INFO  impl.RoleInfo (RoleInfo.java:shutdownFollowerState(121)) - b78857a0-3595-4f2d-9fb4-c7386e8457ec: shutdown FollowerState
2019-08-20 17:21:32,625 [Thread-2470] INFO  impl.RaftServerImpl (RaftServerImpl.java:setRole(171)) - b78857a0-3595-4f2d-9fb4-c7386e8457ec:group-61A1137654F8 changes role from FOLLOWER to CANDIDATE at term 0 for changeToCandidate
2019-08-20 17:21:32,625 [Thread-2470] INFO  impl.RoleInfo (RoleInfo.java:updateAndGet(143)) - b78857a0-3595-4f2d-9fb4-c7386e8457ec: start LeaderElection
2019-08-20 17:21:32,644 [b78857a0-3595-4f2d-9fb4-c7386e8457ec:group-61A1137654F8:LeaderElection61] INFO  impl.LeaderElection (LeaderElection.java:askForVotes(181)) - b78857a0-3595-4f2d-9fb4-c7386e8457ec:group-61A1137654F8:LeaderElection61: begin an election at term 1 for -1: [39308b5f-2bd8-4b69-9392-e970931b2c1c:192.168.5.168:45735, b458316a-5f51-4ff4-8786-e518fe47f684:192.168.5.168:44615, b78857a0-3595-4f2d-9fb4-c7386e8457ec:192.168.5.168:38977], old=null
2019-08-20 17:21:32,648 | INFO  | SCMAudit | user=jenkins1000 | ip=192.168.5.168 | op=SEND_HEARTBEAT {datanodeUUID=6d465182-e65c-481c-b5b5-22d615bea83e, command=[]} | ret=SUCCESS |  
2019-08-20 17:21:32,649 [grpc-default-executor-6] INFO  impl.RaftServerImpl (RaftServerImpl.java:setRole(171)) - b458316a-5f51-4ff4-8786-e518fe47f684:group-61A1137654F8 changes role from FOLLOWER to FOLLOWER at term 1 for recognizeCandidate:b78857a0-3595-4f2d-9fb4-c7386e8457ec
2019-08-20 17:21:32,649 [grpc-default-executor-7] INFO  impl.RaftServerImpl (RaftServerImpl.java:setRole(171)) - 39308b5f-2bd8-4b69-9392-e970931b2c1c:group-61A1137654F8 changes role from FOLLOWER to FOLLOWER at term 1 for recognizeCandidate:b78857a0-3595-4f2d-9fb4-c7386e8457ec
2019-08-20 17:21:32,649 [grpc-default-executor-6] INFO  impl.RoleInfo (RoleInfo.java:shutdownFollowerState(121)) - b458316a-5f51-4ff4-8786-e518fe47f684: shutdown FollowerState
2019-08-20 17:21:32,649 [grpc-default-executor-7] INFO  impl.RoleInfo (RoleInfo.java:shutdownFollowerState(121)) - 39308b5f-2bd8-4b69-9392-e970931b2c1c: shutdown FollowerState
2019-08-20 17:21:32,650 [grpc-default-executor-7] INFO  impl.RoleInfo (RoleInfo.java:updateAndGet(143)) - 39308b5f-2bd8-4b69-9392-e970931b2c1c: start FollowerState
2019-08-20 17:21:32,650 [Thread-2473] INFO  impl.FollowerState (FollowerState.java:run(114)) - b458316a-5f51-4ff4-8786-e518fe47f684: FollowerState was interrupted: java.lang.InterruptedException: sleep interrupted
2019-08-20 17:21:32,649 [grpc-default-executor-6] INFO  impl.RoleInfo (RoleInfo.java:updateAndGet(143)) - b458316a-5f51-4ff4-8786-e518fe47f684: start FollowerState
2019-08-20 17:21:32,650 [Thread-2467] INFO  impl.FollowerState (FollowerState.java:run(114)) - 39308b5f-2bd8-4b69-9392-e970931b2c1c: FollowerState was interrupted: java.lang.InterruptedException: sleep interrupted
2019-08-20 17:21:32,669 [b78857a0-3595-4f2d-9fb4-c7386e8457ec:group-61A1137654F8:LeaderElection61] INFO  impl.LeaderElection (LeaderElection.java:logAndReturn(56)) - b78857a0-3595-4f2d-9fb4-c7386e8457ec:group-61A1137654F8:LeaderElection61: Election PASSED; received 1 response(s) [b78857a0-3595-4f2d-9fb4-c7386e8457ec<-b458316a-5f51-4ff4-8786-e518fe47f684#0:OK-t1] and 0 exception(s); b78857a0-3595-4f2d-9fb4-c7386e8457ec:t1, leader=null, voted=b78857a0-3595-4f2d-9fb4-c7386e8457ec, raftlog=b78857a0-3595-4f2d-9fb4-c7386e8457ec-SegmentedRaftLog:OPENED:c-1,f-1,i0, conf=-1: [39308b5f-2bd8-4b69-9392-e970931b2c1c:192.168.5.168:45735, b458316a-5f51-4ff4-8786-e518fe47f684:192.168.5.168:44615, b78857a0-3595-4f2d-9fb4-c7386e8457ec:192.168.5.168:38977], old=null
2019-08-20 17:21:32,669 [b78857a0-3595-4f2d-9fb4-c7386e8457ec:group-61A1137654F8:LeaderElection61] INFO  impl.RoleInfo (RoleInfo.java:shutdownLeaderElection(134)) - b78857a0-3595-4f2d-9fb4-c7386e8457ec: shutdown LeaderElection
2019-08-20 17:21:32,669 [b78857a0-3595-4f2d-9fb4-c7386e8457ec:group-61A1137654F8:LeaderElection61] INFO  impl.RaftServerImpl (RaftServerImpl.java:setRole(171)) - b78857a0-3595-4f2d-9fb4-c7386e8457ec:group-61A1137654F8 changes role from CANDIDATE to LEADER at term 1 for changeToLeader
2019-08-20 17:21:32,670 [b78857a0-3595-4f2d-9fb4-c7386e8457ec:group-61A1137654F8:LeaderElection61] INFO  impl.RaftServerImpl (ServerState.java:setLeader(263)) - b78857a0-3595-4f2d-9fb4-c7386e8457ec:group-61A1137654F8 change Leader from null to b78857a0-3595-4f2d-9fb4-c7386e8457ec at term 1 for becomeLeader, leader elected after 5070ms
2019-08-20 17:21:32,670 [b78857a0-3595-4f2d-9fb4-c7386e8457ec:group-61A1137654F8:LeaderElection61] INFO  server.RaftServerConfigKeys (ConfUtils.java:logGet(43)) - raft.server.staging.catchup.gap = 1000 (default)
2019-08-20 17:21:32,670 [b78857a0-3595-4f2d-9fb4-c7386e8457ec:group-61A1137654F8:LeaderElection61] INFO  server.RaftServerConfigKeys (ConfUtils.java:logGet(43)) - raft.server.rpc.sleep.time = 25ms (default)
2019-08-20 17:21:32,670 [b78857a0-3595-4f2d-9fb4-c7386e8457ec:group-61A1137654F8:LeaderElection61] INFO  server.RaftServerConfigKeys (ConfUtils.java:logGet(43)) - raft.server.write.element-limit = 4096 (default)
2019-08-20 17:21:32,670 [b78857a0-3595-4f2d-9fb4-c7386e8457ec:group-61A1137654F8:LeaderElection61] INFO  server.RaftServerConfigKeys (ConfUtils.java:logGet(43)) - raft.server.watch.timeout = 10s (default)
2019-08-20 17:21:32,670 [b78857a0-3595-4f2d-9fb4-c7386e8457ec:group-61A1137654F8:LeaderElection61] INFO  server.RaftServerConfigKeys (ConfUtils.java:logGet(43)) - raft.server.watch.timeout.denomination = 1s (default)
2019-08-20 17:21:32,671 [b78857a0-3595-4f2d-9fb4-c7386e8457ec:group-61A1137654F8:LeaderElection61] INFO  server.RaftServerConfigKeys (ConfUtils.java:logGet(43)) - raft.server.watch.element-limit = 65536 (default)
2019-08-20 17:21:32,671 [b78857a0-3595-4f2d-9fb4-c7386e8457ec:group-61A1137654F8:LeaderElection61] INFO  server.RaftServerConfigKeys (ConfUtils.java:logGet(43)) - raft.server.log.appender.snapshot.chunk.size.max = 16MB (=16777216) (default)
2019-08-20 17:21:32,671 [b78857a0-3595-4f2d-9fb4-c7386e8457ec:group-61A1137654F8:LeaderElection61] INFO  server.RaftServerConfigKeys (ConfUtils.java:logGet(43)) - raft.server.log.appender.buffer.byte-limit = 33554432 (custom)
2019-08-20 17:21:32,671 [b78857a0-3595-4f2d-9fb4-c7386e8457ec:group-61A1137654F8:LeaderElection61] INFO  server.RaftServerConfigKeys (ConfUtils.java:logGet(43)) - raft.server.log.appender.buffer.element-limit = 1 (custom)
2019-08-20 17:21:32,672 [b78857a0-3595-4f2d-9fb4-c7386e8457ec:group-61A1137654F8:LeaderElection61] INFO  grpc.GrpcConfigKeys$Server (ConfUtils.java:logGet(43)) - raft.grpc.server.leader.outstanding.appends.max = 128 (default)
2019-08-20 17:21:32,672 [b78857a0-3595-4f2d-9fb4-c7386e8457ec:group-61A1137654F8:LeaderElection61] INFO  server.RaftServerConfigKeys (ConfUtils.java:logGet(43)) - raft.server.rpc.request.timeout = 3000ms (default)
2019-08-20 17:21:32,672 [b78857a0-3595-4f2d-9fb4-c7386e8457ec:group-61A1137654F8:LeaderElection61] INFO  server.RaftServerConfigKeys (ConfUtils.java:logGet(43)) - raft.server.log.appender.install.snapshot.enabled = false (custom)
2019-08-20 17:21:32,672 [b78857a0-3595-4f2d-9fb4-c7386e8457ec:group-61A1137654F8:LeaderElection61] INFO  server.RaftServerConfigKeys (ConfUtils.java:logGet(43)) - raft.server.log.appender.snapshot.chunk.size.max = 16MB (=16777216) (default)
2019-08-20 17:21:32,672 [b78857a0-3595-4f2d-9fb4-c7386e8457ec:group-61A1137654F8:LeaderElection61] INFO  server.RaftServerConfigKeys (ConfUtils.java:logGet(43)) - raft.server.log.appender.buffer.byte-limit = 33554432 (custom)
2019-08-20 17:21:32,673 [b78857a0-3595-4f2d-9fb4-c7386e8457ec:group-61A1137654F8:LeaderElection61] INFO  server.RaftServerConfigKeys (ConfUtils.java:logGet(43)) - raft.server.log.appender.buffer.element-limit = 1 (custom)
2019-08-20 17:21:32,673 [b78857a0-3595-4f2d-9fb4-c7386e8457ec:group-61A1137654F8:LeaderElection61] INFO  grpc.GrpcConfigKeys$Server (ConfUtils.java:logGet(43)) - raft.grpc.server.leader.outstanding.appends.max = 128 (default)
2019-08-20 17:21:32,673 [b78857a0-3595-4f2d-9fb4-c7386e8457ec:group-61A1137654F8:LeaderElection61] INFO  server.RaftServerConfigKeys (ConfUtils.java:logGet(43)) - raft.server.rpc.request.timeout = 3000ms (default)
2019-08-20 17:21:32,673 [b78857a0-3595-4f2d-9fb4-c7386e8457ec:group-61A1137654F8:LeaderElection61] INFO  server.RaftServerConfigKeys (ConfUtils.java:logGet(43)) - raft.server.log.appender.install.snapshot.enabled = false (custom)
2019-08-20 17:21:32,673 [b78857a0-3595-4f2d-9fb4-c7386e8457ec:group-61A1137654F8:LeaderElection61] INFO  impl.RoleInfo (RoleInfo.java:updateAndGet(143)) - b78857a0-3595-4f2d-9fb4-c7386e8457ec: start LeaderState
2019-08-20 17:21:32,674 [b78857a0-3595-4f2d-9fb4-c7386e8457ec:group-61A1137654F8:LeaderElection61] INFO  segmented.SegmentedRaftLogWorker (SegmentedRaftLogWorker.java:startLogSegment(380)) - b78857a0-3595-4f2d-9fb4-c7386e8457ec-SegmentedRaftLogWorker:Storage Directory /workdir/hadoop-ozone/integration-test/target/test-dir/MiniOzoneClusterImpl-9f975f3b-691f-4c06-b64c-c613e84f2492/datanode-2/data/ratis/256392e8-3287-4033-8af4-61a1137654f8: Starting segment from index:0
2019-08-20 17:21:32,674 [b78857a0-3595-4f2d-9fb4-c7386e8457ec:group-61A1137654F8:LeaderElection61] INFO  impl.RaftServerImpl (ServerState.java:setRaftConf(361)) - b78857a0-3595-4f2d-9fb4-c7386e8457ec:group-61A1137654F8 set configuration 0: [39308b5f-2bd8-4b69-9392-e970931b2c1c:192.168.5.168:45735, b458316a-5f51-4ff4-8786-e518fe47f684:192.168.5.168:44615, b78857a0-3595-4f2d-9fb4-c7386e8457ec:192.168.5.168:38977], old=null at 0
2019-08-20 17:21:32,676 [grpc-default-executor-6] INFO  impl.RaftServerImpl (ServerState.java:setLeader(263)) - b458316a-5f51-4ff4-8786-e518fe47f684:group-61A1137654F8 change Leader from null to b78857a0-3595-4f2d-9fb4-c7386e8457ec at term 1 for appendEntries, leader elected after 5076ms
2019-08-20 17:21:32,676 [grpc-default-executor-7] INFO  impl.RaftServerImpl (ServerState.java:setLeader(263)) - 39308b5f-2bd8-4b69-9392-e970931b2c1c:group-61A1137654F8 change Leader from null to b78857a0-3595-4f2d-9fb4-c7386e8457ec at term 1 for appendEntries, leader elected after 5077ms
2019-08-20 17:21:32,708 [Thread-2464] INFO  impl.FollowerState (FollowerState.java:run(106)) - b78857a0-3595-4f2d-9fb4-c7386e8457ec:group-5F93B3521C53 changes to CANDIDATE, lastRpcTime:5157, electionTimeout:5150ms
2019-08-20 17:21:32,708 [Thread-2464] INFO  impl.RoleInfo (RoleInfo.java:shutdownFollowerState(121)) - b78857a0-3595-4f2d-9fb4-c7386e8457ec: shutdown FollowerState
2019-08-20 17:21:32,709 [Thread-2464] INFO  impl.RaftServerImpl (RaftServerImpl.java:setRole(171)) - b78857a0-3595-4f2d-9fb4-c7386e8457ec:group-5F93B3521C53 changes role from FOLLOWER to CANDIDATE at term 0 for changeToCandidate
2019-08-20 17:21:32,711 [Thread-2464] INFO  impl.RoleInfo (RoleInfo.java:updateAndGet(143)) - b78857a0-3595-4f2d-9fb4-c7386e8457ec: start LeaderElection
2019-08-20 17:21:32,720 [grpc-default-executor-7] INFO  impl.RaftServerImpl (ServerState.java:setRaftConf(361)) - b458316a-5f51-4ff4-8786-e518fe47f684:group-61A1137654F8 set configuration 0: [39308b5f-2bd8-4b69-9392-e970931b2c1c:192.168.5.168:45735, b458316a-5f51-4ff4-8786-e518fe47f684:192.168.5.168:44615, b78857a0-3595-4f2d-9fb4-c7386e8457ec:192.168.5.168:38977], old=null at 0
2019-08-20 17:21:32,720 [grpc-default-executor-6] INFO  impl.RaftServerImpl (ServerState.java:setRaftConf(361)) - 39308b5f-2bd8-4b69-9392-e970931b2c1c:group-61A1137654F8 set configuration 0: [39308b5f-2bd8-4b69-9392-e970931b2c1c:192.168.5.168:45735, b458316a-5f51-4ff4-8786-e518fe47f684:192.168.5.168:44615, b78857a0-3595-4f2d-9fb4-c7386e8457ec:192.168.5.168:38977], old=null at 0
2019-08-20 17:21:32,721 [grpc-default-executor-7] INFO  segmented.SegmentedRaftLogWorker (SegmentedRaftLogWorker.java:startLogSegment(380)) - b458316a-5f51-4ff4-8786-e518fe47f684-SegmentedRaftLogWorker:Storage Directory /workdir/hadoop-ozone/integration-test/target/test-dir/MiniOzoneClusterImpl-9f975f3b-691f-4c06-b64c-c613e84f2492/datanode-0/data/ratis/256392e8-3287-4033-8af4-61a1137654f8: Starting segment from index:0
2019-08-20 17:21:32,721 [grpc-default-executor-6] INFO  segmented.SegmentedRaftLogWorker (SegmentedRaftLogWorker.java:startLogSegment(380)) - 39308b5f-2bd8-4b69-9392-e970931b2c1c-SegmentedRaftLogWorker:Storage Directory /workdir/hadoop-ozone/integration-test/target/test-dir/MiniOzoneClusterImpl-9f975f3b-691f-4c06-b64c-c613e84f2492/datanode-1/data/ratis/256392e8-3287-4033-8af4-61a1137654f8: Starting segment from index:0
2019-08-20 17:21:32,721 [b78857a0-3595-4f2d-9fb4-c7386e8457ec-SegmentedRaftLogWorker:Storage Directory /workdir/hadoop-ozone/integration-test/target/test-dir/MiniOzoneClusterImpl-9f975f3b-691f-4c06-b64c-c613e84f2492/datanode-2/data/ratis/256392e8-3287-4033-8af4-61a1137654f8] INFO  segmented.SegmentedRaftLogWorker (SegmentedRaftLogWorker.java:execute(569)) - b78857a0-3595-4f2d-9fb4-c7386e8457ec-SegmentedRaftLogWorker:Storage Directory /workdir/hadoop-ozone/integration-test/target/test-dir/MiniOzoneClusterImpl-9f975f3b-691f-4c06-b64c-c613e84f2492/datanode-2/data/ratis/256392e8-3287-4033-8af4-61a1137654f8: created new log segment /workdir/hadoop-ozone/integration-test/target/test-dir/MiniOzoneClusterImpl-9f975f3b-691f-4c06-b64c-c613e84f2492/datanode-2/data/ratis/256392e8-3287-4033-8af4-61a1137654f8/current/log_inprogress_0
2019-08-20 17:21:32,724 [b78857a0-3595-4f2d-9fb4-c7386e8457ec:group-5F93B3521C53:LeaderElection62] INFO  impl.LeaderElection (LeaderElection.java:askForVotes(181)) - b78857a0-3595-4f2d-9fb4-c7386e8457ec:group-5F93B3521C53:LeaderElection62: begin an election at term 1 for -1: [b78857a0-3595-4f2d-9fb4-c7386e8457ec:192.168.5.168:38977], old=null
2019-08-20 17:21:32,724 [b78857a0-3595-4f2d-9fb4-c7386e8457ec:group-5F93B3521C53:LeaderElection62] INFO  impl.RoleInfo (RoleInfo.java:shutdownLeaderElection(134)) - b78857a0-3595-4f2d-9fb4-c7386e8457ec: shutdown LeaderElection
2019-08-20 17:21:32,724 [b78857a0-3595-4f2d-9fb4-c7386e8457ec:group-5F93B3521C53:LeaderElection62] INFO  impl.RaftServerImpl (RaftServerImpl.java:setRole(171)) - b78857a0-3595-4f2d-9fb4-c7386e8457ec:group-5F93B3521C53 changes role from CANDIDATE to LEADER at term 1 for changeToLeader
2019-08-20 17:21:32,725 [b78857a0-3595-4f2d-9fb4-c7386e8457ec:group-5F93B3521C53:LeaderElection62] INFO  impl.RaftServerImpl (ServerState.java:setLeader(263)) - b78857a0-3595-4f2d-9fb4-c7386e8457ec:group-5F93B3521C53 change Leader from null to b78857a0-3595-4f2d-9fb4-c7386e8457ec at term 1 for becomeLeader, leader elected after 5179ms
2019-08-20 17:21:32,725 [b78857a0-3595-4f2d-9fb4-c7386e8457ec:group-5F93B3521C53:LeaderElection62] INFO  server.RaftServerConfigKeys (ConfUtils.java:logGet(43)) - raft.server.staging.catchup.gap = 1000 (default)
2019-08-20 17:21:32,725 [b78857a0-3595-4f2d-9fb4-c7386e8457ec:group-5F93B3521C53:LeaderElection62] INFO  server.RaftServerConfigKeys (ConfUtils.java:logGet(43)) - raft.server.rpc.sleep.time = 25ms (default)
2019-08-20 17:21:32,725 [b78857a0-3595-4f2d-9fb4-c7386e8457ec:group-5F93B3521C53:LeaderElection62] INFO  server.RaftServerConfigKeys (ConfUtils.java:logGet(43)) - raft.server.write.element-limit = 4096 (default)
2019-08-20 17:21:32,725 [b78857a0-3595-4f2d-9fb4-c7386e8457ec:group-5F93B3521C53:LeaderElection62] INFO  server.RaftServerConfigKeys (ConfUtils.java:logGet(43)) - raft.server.watch.timeout = 10s (default)
2019-08-20 17:21:32,725 [b78857a0-3595-4f2d-9fb4-c7386e8457ec:group-5F93B3521C53:LeaderElection62] INFO  server.RaftServerConfigKeys (ConfUtils.java:logGet(43)) - raft.server.watch.timeout.denomination = 1s (default)
2019-08-20 17:21:32,726 [b78857a0-3595-4f2d-9fb4-c7386e8457ec:group-5F93B3521C53:LeaderElection62] INFO  server.RaftServerConfigKeys (ConfUtils.java:logGet(43)) - raft.server.watch.element-limit = 65536 (default)
2019-08-20 17:21:32,726 [b78857a0-3595-4f2d-9fb4-c7386e8457ec:group-5F93B3521C53:LeaderElection62] INFO  impl.RoleInfo (RoleInfo.java:updateAndGet(143)) - b78857a0-3595-4f2d-9fb4-c7386e8457ec: start LeaderState
2019-08-20 17:21:32,726 [b78857a0-3595-4f2d-9fb4-c7386e8457ec:group-5F93B3521C53:LeaderElection62] INFO  segmented.SegmentedRaftLogWorker (SegmentedRaftLogWorker.java:startLogSegment(380)) - b78857a0-3595-4f2d-9fb4-c7386e8457ec-SegmentedRaftLogWorker:Storage Directory /workdir/hadoop-ozone/integration-test/target/test-dir/MiniOzoneClusterImpl-9f975f3b-691f-4c06-b64c-c613e84f2492/datanode-2/data/ratis/02bd605a-8995-4a98-a33d-5f93b3521c53: Starting segment from index:0
2019-08-20 17:21:32,727 [b78857a0-3595-4f2d-9fb4-c7386e8457ec:group-5F93B3521C53:LeaderElection62] INFO  impl.RaftServerImpl (ServerState.java:setRaftConf(361)) - b78857a0-3595-4f2d-9fb4-c7386e8457ec:group-5F93B3521C53 set configuration 0: [b78857a0-3595-4f2d-9fb4-c7386e8457ec:192.168.5.168:38977], old=null at 0
2019-08-20 17:21:32,754 [39308b5f-2bd8-4b69-9392-e970931b2c1c-SegmentedRaftLogWorker:Storage Directory /workdir/hadoop-ozone/integration-test/target/test-dir/MiniOzoneClusterImpl-9f975f3b-691f-4c06-b64c-c613e84f2492/datanode-1/data/ratis/256392e8-3287-4033-8af4-61a1137654f8] INFO  segmented.SegmentedRaftLogWorker (SegmentedRaftLogWorker.java:execute(569)) - 39308b5f-2bd8-4b69-9392-e970931b2c1c-SegmentedRaftLogWorker:Storage Directory /workdir/hadoop-ozone/integration-test/target/test-dir/MiniOzoneClusterImpl-9f975f3b-691f-4c06-b64c-c613e84f2492/datanode-1/data/ratis/256392e8-3287-4033-8af4-61a1137654f8: created new log segment /workdir/hadoop-ozone/integration-test/target/test-dir/MiniOzoneClusterImpl-9f975f3b-691f-4c06-b64c-c613e84f2492/datanode-1/data/ratis/256392e8-3287-4033-8af4-61a1137654f8/current/log_inprogress_0
2019-08-20 17:21:32,754 [b458316a-5f51-4ff4-8786-e518fe47f684-SegmentedRaftLogWorker:Storage Directory /workdir/hadoop-ozone/integration-test/target/test-dir/MiniOzoneClusterImpl-9f975f3b-691f-4c06-b64c-c613e84f2492/datanode-0/data/ratis/256392e8-3287-4033-8af4-61a1137654f8] INFO  segmented.SegmentedRaftLogWorker (SegmentedRaftLogWorker.java:execute(569)) - b458316a-5f51-4ff4-8786-e518fe47f684-SegmentedRaftLogWorker:Storage Directory /workdir/hadoop-ozone/integration-test/target/test-dir/MiniOzoneClusterImpl-9f975f3b-691f-4c06-b64c-c613e84f2492/datanode-0/data/ratis/256392e8-3287-4033-8af4-61a1137654f8: created new log segment /workdir/hadoop-ozone/integration-test/target/test-dir/MiniOzoneClusterImpl-9f975f3b-691f-4c06-b64c-c613e84f2492/datanode-0/data/ratis/256392e8-3287-4033-8af4-61a1137654f8/current/log_inprogress_0
2019-08-20 17:21:32,768 [b78857a0-3595-4f2d-9fb4-c7386e8457ec-SegmentedRaftLogWorker:Storage Directory /workdir/hadoop-ozone/integration-test/target/test-dir/MiniOzoneClusterImpl-9f975f3b-691f-4c06-b64c-c613e84f2492/datanode-2/data/ratis/02bd605a-8995-4a98-a33d-5f93b3521c53] INFO  segmented.SegmentedRaftLogWorker (SegmentedRaftLogWorker.java:execute(569)) - b78857a0-3595-4f2d-9fb4-c7386e8457ec-SegmentedRaftLogWorker:Storage Directory /workdir/hadoop-ozone/integration-test/target/test-dir/MiniOzoneClusterImpl-9f975f3b-691f-4c06-b64c-c613e84f2492/datanode-2/data/ratis/02bd605a-8995-4a98-a33d-5f93b3521c53: created new log segment /workdir/hadoop-ozone/integration-test/target/test-dir/MiniOzoneClusterImpl-9f975f3b-691f-4c06-b64c-c613e84f2492/datanode-2/data/ratis/02bd605a-8995-4a98-a33d-5f93b3521c53/current/log_inprogress_0
2019-08-20 17:21:32,820 | INFO  | SCMAudit | user=jenkins1000 | ip=192.168.5.168 | op=SEND_HEARTBEAT {datanodeUUID=4ccb66d6-8f8f-4544-8e0a-d9e084dfa179, command=[]} | ret=SUCCESS |  
2019-08-20 17:21:32,888 [Thread-2476] INFO  impl.FollowerState (FollowerState.java:run(106)) - 6d465182-e65c-481c-b5b5-22d615bea83e:group-24EA847CAF1C changes to CANDIDATE, lastRpcTime:5198, electionTimeout:5198ms
2019-08-20 17:21:32,888 [Thread-2476] INFO  impl.RoleInfo (RoleInfo.java:shutdownFollowerState(121)) - 6d465182-e65c-481c-b5b5-22d615bea83e: shutdown FollowerState
2019-08-20 17:21:32,888 [Thread-2476] INFO  impl.RaftServerImpl (RaftServerImpl.java:setRole(171)) - 6d465182-e65c-481c-b5b5-22d615bea83e:group-24EA847CAF1C changes role from FOLLOWER to CANDIDATE at term 0 for changeToCandidate
2019-08-20 17:21:32,888 [Thread-2476] INFO  impl.RoleInfo (RoleInfo.java:updateAndGet(143)) - 6d465182-e65c-481c-b5b5-22d615bea83e: start LeaderElection
2019-08-20 17:21:32,910 [6d465182-e65c-481c-b5b5-22d615bea83e:group-24EA847CAF1C:LeaderElection63] INFO  impl.LeaderElection (LeaderElection.java:askForVotes(181)) - 6d465182-e65c-481c-b5b5-22d615bea83e:group-24EA847CAF1C:LeaderElection63: begin an election at term 1 for -1: [6d465182-e65c-481c-b5b5-22d615bea83e:192.168.5.168:46033], old=null
2019-08-20 17:21:32,911 [6d465182-e65c-481c-b5b5-22d615bea83e:group-24EA847CAF1C:LeaderElection63] INFO  impl.RoleInfo (RoleInfo.java:shutdownLeaderElection(134)) - 6d465182-e65c-481c-b5b5-22d615bea83e: shutdown LeaderElection
2019-08-20 17:21:32,911 [6d465182-e65c-481c-b5b5-22d615bea83e:group-24EA847CAF1C:LeaderElection63] INFO  impl.RaftServerImpl (RaftServerImpl.java:setRole(171)) - 6d465182-e65c-481c-b5b5-22d615bea83e:group-24EA847CAF1C changes role from CANDIDATE to LEADER at term 1 for changeToLeader
2019-08-20 17:21:32,911 [6d465182-e65c-481c-b5b5-22d615bea83e:group-24EA847CAF1C:LeaderElection63] INFO  impl.RaftServerImpl (ServerState.java:setLeader(263)) - 6d465182-e65c-481c-b5b5-22d615bea83e:group-24EA847CAF1C change Leader from null to 6d465182-e65c-481c-b5b5-22d615bea83e at term 1 for becomeLeader, leader elected after 5224ms
2019-08-20 17:21:32,911 [6d465182-e65c-481c-b5b5-22d615bea83e:group-24EA847CAF1C:LeaderElection63] INFO  server.RaftServerConfigKeys (ConfUtils.java:logGet(43)) - raft.server.staging.catchup.gap = 1000 (default)
2019-08-20 17:21:32,911 [6d465182-e65c-481c-b5b5-22d615bea83e:group-24EA847CAF1C:LeaderElection63] INFO  server.RaftServerConfigKeys (ConfUtils.java:logGet(43)) - raft.server.rpc.sleep.time = 25ms (default)
2019-08-20 17:21:32,912 [6d465182-e65c-481c-b5b5-22d615bea83e:group-24EA847CAF1C:LeaderElection63] INFO  server.RaftServerConfigKeys (ConfUtils.java:logGet(43)) - raft.server.write.element-limit = 4096 (default)
2019-08-20 17:21:32,912 [6d465182-e65c-481c-b5b5-22d615bea83e:group-24EA847CAF1C:LeaderElection63] INFO  server.RaftServerConfigKeys (ConfUtils.java:logGet(43)) - raft.server.watch.timeout = 10s (default)
2019-08-20 17:21:32,912 [6d465182-e65c-481c-b5b5-22d615bea83e:group-24EA847CAF1C:LeaderElection63] INFO  server.RaftServerConfigKeys (ConfUtils.java:logGet(43)) - raft.server.watch.timeout.denomination = 1s (default)
2019-08-20 17:21:32,912 [6d465182-e65c-481c-b5b5-22d615bea83e:group-24EA847CAF1C:LeaderElection63] INFO  server.RaftServerConfigKeys (ConfUtils.java:logGet(43)) - raft.server.watch.element-limit = 65536 (default)
2019-08-20 17:21:32,912 [6d465182-e65c-481c-b5b5-22d615bea83e:group-24EA847CAF1C:LeaderElection63] INFO  impl.RoleInfo (RoleInfo.java:updateAndGet(143)) - 6d465182-e65c-481c-b5b5-22d615bea83e: start LeaderState
2019-08-20 17:21:32,913 [6d465182-e65c-481c-b5b5-22d615bea83e:group-24EA847CAF1C:LeaderElection63] INFO  segmented.SegmentedRaftLogWorker (SegmentedRaftLogWorker.java:startLogSegment(380)) - 6d465182-e65c-481c-b5b5-22d615bea83e-SegmentedRaftLogWorker:Storage Directory /workdir/hadoop-ozone/integration-test/target/test-dir/MiniOzoneClusterImpl-9f975f3b-691f-4c06-b64c-c613e84f2492/datanode-3/data/ratis/4322ccd9-0f82-4238-9f44-24ea847caf1c: Starting segment from index:0
2019-08-20 17:21:32,913 [6d465182-e65c-481c-b5b5-22d615bea83e:group-24EA847CAF1C:LeaderElection63] INFO  impl.RaftServerImpl (ServerState.java:setRaftConf(361)) - 6d465182-e65c-481c-b5b5-22d615bea83e:group-24EA847CAF1C set configuration 0: [6d465182-e65c-481c-b5b5-22d615bea83e:192.168.5.168:46033], old=null at 0
2019-08-20 17:21:32,946 [6d465182-e65c-481c-b5b5-22d615bea83e-SegmentedRaftLogWorker:Storage Directory /workdir/hadoop-ozone/integration-test/target/test-dir/MiniOzoneClusterImpl-9f975f3b-691f-4c06-b64c-c613e84f2492/datanode-3/data/ratis/4322ccd9-0f82-4238-9f44-24ea847caf1c] INFO  segmented.SegmentedRaftLogWorker (SegmentedRaftLogWorker.java:execute(569)) - 6d465182-e65c-481c-b5b5-22d615bea83e-SegmentedRaftLogWorker:Storage Directory /workdir/hadoop-ozone/integration-test/target/test-dir/MiniOzoneClusterImpl-9f975f3b-691f-4c06-b64c-c613e84f2492/datanode-3/data/ratis/4322ccd9-0f82-4238-9f44-24ea847caf1c: created new log segment /workdir/hadoop-ozone/integration-test/target/test-dir/MiniOzoneClusterImpl-9f975f3b-691f-4c06-b64c-c613e84f2492/datanode-3/data/ratis/4322ccd9-0f82-4238-9f44-24ea847caf1c/current/log_inprogress_0
2019-08-20 17:21:32,987 | INFO  | SCMAudit | user=jenkins1000 | ip=192.168.5.168 | op=SEND_HEARTBEAT {datanodeUUID=95472db8-eb3c-4487-86ee-919a717e7c8c, command=[]} | ret=SUCCESS |  
2019-08-20 17:21:33,020 [Thread-2479] INFO  impl.FollowerState (FollowerState.java:run(106)) - 4ccb66d6-8f8f-4544-8e0a-d9e084dfa179:group-1C51216E9227 changes to CANDIDATE, lastRpcTime:5155, electionTimeout:5155ms
2019-08-20 17:21:33,021 [Thread-2479] INFO  impl.RoleInfo (RoleInfo.java:shutdownFollowerState(121)) - 4ccb66d6-8f8f-4544-8e0a-d9e084dfa179: shutdown FollowerState
2019-08-20 17:21:33,021 [Thread-2479] INFO  impl.RaftServerImpl (RaftServerImpl.java:setRole(171)) - 4ccb66d6-8f8f-4544-8e0a-d9e084dfa179:group-1C51216E9227 changes role from FOLLOWER to CANDIDATE at term 0 for changeToCandidate
2019-08-20 17:21:33,021 [Thread-2479] INFO  impl.RoleInfo (RoleInfo.java:updateAndGet(143)) - 4ccb66d6-8f8f-4544-8e0a-d9e084dfa179: start LeaderElection
2019-08-20 17:21:33,042 [4ccb66d6-8f8f-4544-8e0a-d9e084dfa179:group-1C51216E9227:LeaderElection64] INFO  impl.LeaderElection (LeaderElection.java:askForVotes(181)) - 4ccb66d6-8f8f-4544-8e0a-d9e084dfa179:group-1C51216E9227:LeaderElection64: begin an election at term 1 for -1: [4ccb66d6-8f8f-4544-8e0a-d9e084dfa179:192.168.5.168:40286], old=null
2019-08-20 17:21:33,042 [4ccb66d6-8f8f-4544-8e0a-d9e084dfa179:group-1C51216E9227:LeaderElection64] INFO  impl.RoleInfo (RoleInfo.java:shutdownLeaderElection(134)) - 4ccb66d6-8f8f-4544-8e0a-d9e084dfa179: shutdown LeaderElection
2019-08-20 17:21:33,042 [4ccb66d6-8f8f-4544-8e0a-d9e084dfa179:group-1C51216E9227:LeaderElection64] INFO  impl.RaftServerImpl (RaftServerImpl.java:setRole(171)) - 4ccb66d6-8f8f-4544-8e0a-d9e084dfa179:group-1C51216E9227 changes role from CANDIDATE to LEADER at term 1 for changeToLeader
2019-08-20 17:21:33,042 [4ccb66d6-8f8f-4544-8e0a-d9e084dfa179:group-1C51216E9227:LeaderElection64] INFO  impl.RaftServerImpl (ServerState.java:setLeader(263)) - 4ccb66d6-8f8f-4544-8e0a-d9e084dfa179:group-1C51216E9227 change Leader from null to 4ccb66d6-8f8f-4544-8e0a-d9e084dfa179 at term 1 for becomeLeader, leader elected after 5182ms
2019-08-20 17:21:33,042 [4ccb66d6-8f8f-4544-8e0a-d9e084dfa179:group-1C51216E9227:LeaderElection64] INFO  server.RaftServerConfigKeys (ConfUtils.java:logGet(43)) - raft.server.staging.catchup.gap = 1000 (default)
2019-08-20 17:21:33,043 [4ccb66d6-8f8f-4544-8e0a-d9e084dfa179:group-1C51216E9227:LeaderElection64] INFO  server.RaftServerConfigKeys (ConfUtils.java:logGet(43)) - raft.server.rpc.sleep.time = 25ms (default)
2019-08-20 17:21:33,043 [4ccb66d6-8f8f-4544-8e0a-d9e084dfa179:group-1C51216E9227:LeaderElection64] INFO  server.RaftServerConfigKeys (ConfUtils.java:logGet(43)) - raft.server.write.element-limit = 4096 (default)
2019-08-20 17:21:33,043 [4ccb66d6-8f8f-4544-8e0a-d9e084dfa179:group-1C51216E9227:LeaderElection64] INFO  server.RaftServerConfigKeys (ConfUtils.java:logGet(43)) - raft.server.watch.timeout = 10s (default)
2019-08-20 17:21:33,043 [4ccb66d6-8f8f-4544-8e0a-d9e084dfa179:group-1C51216E9227:LeaderElection64] INFO  server.RaftServerConfigKeys (ConfUtils.java:logGet(43)) - raft.server.watch.timeout.denomination = 1s (default)
2019-08-20 17:21:33,043 [4ccb66d6-8f8f-4544-8e0a-d9e084dfa179:group-1C51216E9227:LeaderElection64] INFO  server.RaftServerConfigKeys (ConfUtils.java:logGet(43)) - raft.server.watch.element-limit = 65536 (default)
2019-08-20 17:21:33,044 [4ccb66d6-8f8f-4544-8e0a-d9e084dfa179:group-1C51216E9227:LeaderElection64] INFO  impl.RoleInfo (RoleInfo.java:updateAndGet(143)) - 4ccb66d6-8f8f-4544-8e0a-d9e084dfa179: start LeaderState
2019-08-20 17:21:33,044 [4ccb66d6-8f8f-4544-8e0a-d9e084dfa179:group-1C51216E9227:LeaderElection64] INFO  segmented.SegmentedRaftLogWorker (SegmentedRaftLogWorker.java:startLogSegment(380)) - 4ccb66d6-8f8f-4544-8e0a-d9e084dfa179-SegmentedRaftLogWorker:Storage Directory /workdir/hadoop-ozone/integration-test/target/test-dir/MiniOzoneClusterImpl-9f975f3b-691f-4c06-b64c-c613e84f2492/datanode-4/data/ratis/e0ad808e-a513-463f-98ca-1c51216e9227: Starting segment from index:0
2019-08-20 17:21:33,045 [4ccb66d6-8f8f-4544-8e0a-d9e084dfa179:group-1C51216E9227:LeaderElection64] INFO  impl.RaftServerImpl (ServerState.java:setRaftConf(361)) - 4ccb66d6-8f8f-4544-8e0a-d9e084dfa179:group-1C51216E9227 set configuration 0: [4ccb66d6-8f8f-4544-8e0a-d9e084dfa179:192.168.5.168:40286], old=null at 0
2019-08-20 17:21:33,076 [4ccb66d6-8f8f-4544-8e0a-d9e084dfa179-SegmentedRaftLogWorker:Storage Directory /workdir/hadoop-ozone/integration-test/target/test-dir/MiniOzoneClusterImpl-9f975f3b-691f-4c06-b64c-c613e84f2492/datanode-4/data/ratis/e0ad808e-a513-463f-98ca-1c51216e9227] INFO  segmented.SegmentedRaftLogWorker (SegmentedRaftLogWorker.java:execute(569)) - 4ccb66d6-8f8f-4544-8e0a-d9e084dfa179-SegmentedRaftLogWorker:Storage Directory /workdir/hadoop-ozone/integration-test/target/test-dir/MiniOzoneClusterImpl-9f975f3b-691f-4c06-b64c-c613e84f2492/datanode-4/data/ratis/e0ad808e-a513-463f-98ca-1c51216e9227: created new log segment /workdir/hadoop-ozone/integration-test/target/test-dir/MiniOzoneClusterImpl-9f975f3b-691f-4c06-b64c-c613e84f2492/datanode-4/data/ratis/e0ad808e-a513-463f-98ca-1c51216e9227/current/log_inprogress_0
2019-08-20 17:21:33,131 [Thread-2489] INFO  impl.FollowerState (FollowerState.java:run(106)) - 6d465182-e65c-481c-b5b5-22d615bea83e:group-C130C0C74FF5 changes to CANDIDATE, lastRpcTime:5044, electionTimeout:5044ms
2019-08-20 17:21:33,132 [Thread-2489] INFO  impl.RoleInfo (RoleInfo.java:shutdownFollowerState(121)) - 6d465182-e65c-481c-b5b5-22d615bea83e: shutdown FollowerState
2019-08-20 17:21:33,132 [Thread-2489] INFO  impl.RaftServerImpl (RaftServerImpl.java:setRole(171)) - 6d465182-e65c-481c-b5b5-22d615bea83e:group-C130C0C74FF5 changes role from FOLLOWER to CANDIDATE at term 0 for changeToCandidate
2019-08-20 17:21:33,132 [Thread-2489] INFO  impl.RoleInfo (RoleInfo.java:updateAndGet(143)) - 6d465182-e65c-481c-b5b5-22d615bea83e: start LeaderElection
2019-08-20 17:21:33,147 [Thread-2482] INFO  impl.FollowerState (FollowerState.java:run(106)) - 95472db8-eb3c-4487-86ee-919a717e7c8c:group-A6C820E3C081 changes to CANDIDATE, lastRpcTime:5110, electionTimeout:5110ms
2019-08-20 17:21:33,147 [Thread-2482] INFO  impl.RoleInfo (RoleInfo.java:shutdownFollowerState(121)) - 95472db8-eb3c-4487-86ee-919a717e7c8c: shutdown FollowerState
2019-08-20 17:21:33,147 [Thread-2482] INFO  impl.RaftServerImpl (RaftServerImpl.java:setRole(171)) - 95472db8-eb3c-4487-86ee-919a717e7c8c:group-A6C820E3C081 changes role from FOLLOWER to CANDIDATE at term 0 for changeToCandidate
2019-08-20 17:21:33,147 [Thread-2482] INFO  impl.RoleInfo (RoleInfo.java:updateAndGet(143)) - 95472db8-eb3c-4487-86ee-919a717e7c8c: start LeaderElection
2019-08-20 17:21:33,150 [Thread-2485] INFO  impl.FollowerState (FollowerState.java:run(106)) - 95472db8-eb3c-4487-86ee-919a717e7c8c:group-C130C0C74FF5 changes to CANDIDATE, lastRpcTime:5065, electionTimeout:5064ms
2019-08-20 17:21:33,150 [Thread-2485] INFO  impl.RoleInfo (RoleInfo.java:shutdownFollowerState(121)) - 95472db8-eb3c-4487-86ee-919a717e7c8c: shutdown FollowerState
2019-08-20 17:21:33,155 [Thread-2485] INFO  impl.RaftServerImpl (RaftServerImpl.java:setRole(171)) - 95472db8-eb3c-4487-86ee-919a717e7c8c:group-C130C0C74FF5 changes role from FOLLOWER to CANDIDATE at term 0 for changeToCandidate
2019-08-20 17:21:33,155 [6d465182-e65c-481c-b5b5-22d615bea83e:group-C130C0C74FF5:LeaderElection65] INFO  impl.LeaderElection (LeaderElection.java:askForVotes(181)) - 6d465182-e65c-481c-b5b5-22d615bea83e:group-C130C0C74FF5:LeaderElection65: begin an election at term 1 for -1: [95472db8-eb3c-4487-86ee-919a717e7c8c:192.168.5.168:38961, 6d465182-e65c-481c-b5b5-22d615bea83e:192.168.5.168:46033, 4ccb66d6-8f8f-4544-8e0a-d9e084dfa179:192.168.5.168:40286], old=null
2019-08-20 17:21:33,155 [Thread-2485] INFO  impl.RoleInfo (RoleInfo.java:updateAndGet(143)) - 95472db8-eb3c-4487-86ee-919a717e7c8c: start LeaderElection
2019-08-20 17:21:33,161 | INFO  | SCMAudit | user=jenkins1000 | ip=192.168.5.168 | op=SEND_HEARTBEAT {datanodeUUID=7b8221e5-df7c-4a80-8328-8297dfde5426, command=[]} | ret=SUCCESS |  
2019-08-20 17:21:33,168 [95472db8-eb3c-4487-86ee-919a717e7c8c:group-A6C820E3C081:LeaderElection66] INFO  impl.LeaderElection (LeaderElection.java:askForVotes(181)) - 95472db8-eb3c-4487-86ee-919a717e7c8c:group-A6C820E3C081:LeaderElection66: begin an election at term 1 for -1: [95472db8-eb3c-4487-86ee-919a717e7c8c:192.168.5.168:38961], old=null
2019-08-20 17:21:33,168 [95472db8-eb3c-4487-86ee-919a717e7c8c:group-C130C0C74FF5:LeaderElection67] INFO  impl.LeaderElection (LeaderElection.java:askForVotes(181)) - 95472db8-eb3c-4487-86ee-919a717e7c8c:group-C130C0C74FF5:LeaderElection67: begin an election at term 1 for -1: [95472db8-eb3c-4487-86ee-919a717e7c8c:192.168.5.168:38961, 6d465182-e65c-481c-b5b5-22d615bea83e:192.168.5.168:46033, 4ccb66d6-8f8f-4544-8e0a-d9e084dfa179:192.168.5.168:40286], old=null
2019-08-20 17:21:33,169 [95472db8-eb3c-4487-86ee-919a717e7c8c:group-A6C820E3C081:LeaderElection66] INFO  impl.RoleInfo (RoleInfo.java:shutdownLeaderElection(134)) - 95472db8-eb3c-4487-86ee-919a717e7c8c: shutdown LeaderElection
2019-08-20 17:21:33,169 [95472db8-eb3c-4487-86ee-919a717e7c8c:group-A6C820E3C081:LeaderElection66] INFO  impl.RaftServerImpl (RaftServerImpl.java:setRole(171)) - 95472db8-eb3c-4487-86ee-919a717e7c8c:group-A6C820E3C081 changes role from CANDIDATE to LEADER at term 1 for changeToLeader
2019-08-20 17:21:33,169 [95472db8-eb3c-4487-86ee-919a717e7c8c:group-A6C820E3C081:LeaderElection66] INFO  impl.RaftServerImpl (ServerState.java:setLeader(263)) - 95472db8-eb3c-4487-86ee-919a717e7c8c:group-A6C820E3C081 change Leader from null to 95472db8-eb3c-4487-86ee-919a717e7c8c at term 1 for becomeLeader, leader elected after 5135ms
2019-08-20 17:21:33,172 [grpc-default-executor-6] INFO  impl.RaftServerImpl (RaftServerImpl.java:setRole(171)) - 4ccb66d6-8f8f-4544-8e0a-d9e084dfa179:group-C130C0C74FF5 changes role from FOLLOWER to FOLLOWER at term 1 for recognizeCandidate:6d465182-e65c-481c-b5b5-22d615bea83e
2019-08-20 17:21:33,172 [95472db8-eb3c-4487-86ee-919a717e7c8c:group-A6C820E3C081:LeaderElection66] INFO  server.RaftServerConfigKeys (ConfUtils.java:logGet(43)) - raft.server.staging.catchup.gap = 1000 (default)
2019-08-20 17:21:33,172 [grpc-default-executor-6] INFO  impl.RoleInfo (RoleInfo.java:shutdownFollowerState(121)) - 4ccb66d6-8f8f-4544-8e0a-d9e084dfa179: shutdown FollowerState
2019-08-20 17:21:33,172 [95472db8-eb3c-4487-86ee-919a717e7c8c:group-A6C820E3C081:LeaderElection66] INFO  server.RaftServerConfigKeys (ConfUtils.java:logGet(43)) - raft.server.rpc.sleep.time = 25ms (default)
2019-08-20 17:21:33,172 [grpc-default-executor-6] INFO  impl.RoleInfo (RoleInfo.java:updateAndGet(143)) - 4ccb66d6-8f8f-4544-8e0a-d9e084dfa179: start FollowerState
2019-08-20 17:21:33,172 [95472db8-eb3c-4487-86ee-919a717e7c8c:group-A6C820E3C081:LeaderElection66] INFO  server.RaftServerConfigKeys (ConfUtils.java:logGet(43)) - raft.server.write.element-limit = 4096 (default)
2019-08-20 17:21:33,172 [Thread-2490] INFO  impl.FollowerState (FollowerState.java:run(114)) - 4ccb66d6-8f8f-4544-8e0a-d9e084dfa179: FollowerState was interrupted: java.lang.InterruptedException: sleep interrupted
2019-08-20 17:21:33,173 [95472db8-eb3c-4487-86ee-919a717e7c8c:group-A6C820E3C081:LeaderElection66] INFO  server.RaftServerConfigKeys (ConfUtils.java:logGet(43)) - raft.server.watch.timeout = 10s (default)
2019-08-20 17:21:33,176 [95472db8-eb3c-4487-86ee-919a717e7c8c:group-A6C820E3C081:LeaderElection66] INFO  server.RaftServerConfigKeys (ConfUtils.java:logGet(43)) - raft.server.watch.timeout.denomination = 1s (default)
2019-08-20 17:21:33,176 [95472db8-eb3c-4487-86ee-919a717e7c8c:group-A6C820E3C081:LeaderElection66] INFO  server.RaftServerConfigKeys (ConfUtils.java:logGet(43)) - raft.server.watch.element-limit = 65536 (default)
2019-08-20 17:21:33,176 [95472db8-eb3c-4487-86ee-919a717e7c8c:group-A6C820E3C081:LeaderElection66] INFO  impl.RoleInfo (RoleInfo.java:updateAndGet(143)) - 95472db8-eb3c-4487-86ee-919a717e7c8c: start LeaderState
2019-08-20 17:21:33,176 [95472db8-eb3c-4487-86ee-919a717e7c8c:group-A6C820E3C081:LeaderElection66] INFO  segmented.SegmentedRaftLogWorker (SegmentedRaftLogWorker.java:startLogSegment(380)) - 95472db8-eb3c-4487-86ee-919a717e7c8c-SegmentedRaftLogWorker:Storage Directory /workdir/hadoop-ozone/integration-test/target/test-dir/MiniOzoneClusterImpl-9f975f3b-691f-4c06-b64c-c613e84f2492/datanode-5/data/ratis/a0cb6dd5-6d20-44eb-b361-a6c820e3c081: Starting segment from index:0
2019-08-20 17:21:33,177 [95472db8-eb3c-4487-86ee-919a717e7c8c:group-A6C820E3C081:LeaderElection66] INFO  impl.RaftServerImpl (ServerState.java:setRaftConf(361)) - 95472db8-eb3c-4487-86ee-919a717e7c8c:group-A6C820E3C081 set configuration 0: [95472db8-eb3c-4487-86ee-919a717e7c8c:192.168.5.168:38961], old=null at 0
2019-08-20 17:21:33,199 [6d465182-e65c-481c-b5b5-22d615bea83e:group-C130C0C74FF5:LeaderElection65] INFO  impl.LeaderElection (LeaderElection.java:logAndReturn(56)) - 6d465182-e65c-481c-b5b5-22d615bea83e:group-C130C0C74FF5:LeaderElection65: Election PASSED; received 2 response(s) [6d465182-e65c-481c-b5b5-22d615bea83e<-95472db8-eb3c-4487-86ee-919a717e7c8c#0:FAIL-t1, 6d465182-e65c-481c-b5b5-22d615bea83e<-4ccb66d6-8f8f-4544-8e0a-d9e084dfa179#0:OK-t1] and 0 exception(s); 6d465182-e65c-481c-b5b5-22d615bea83e:t1, leader=null, voted=6d465182-e65c-481c-b5b5-22d615bea83e, raftlog=6d465182-e65c-481c-b5b5-22d615bea83e-SegmentedRaftLog:OPENED:c-1,f-1,i0, conf=-1: [95472db8-eb3c-4487-86ee-919a717e7c8c:192.168.5.168:38961, 6d465182-e65c-481c-b5b5-22d615bea83e:192.168.5.168:46033, 4ccb66d6-8f8f-4544-8e0a-d9e084dfa179:192.168.5.168:40286], old=null
2019-08-20 17:21:33,200 | INFO  | SCMAudit | user=jenkins1000 | ip=192.168.5.168 | op=SEND_HEARTBEAT {datanodeUUID=b458316a-5f51-4ff4-8786-e518fe47f684, command=[]} | ret=SUCCESS |  
2019-08-20 17:21:33,200 [95472db8-eb3c-4487-86ee-919a717e7c8c:group-C130C0C74FF5:LeaderElection67] INFO  impl.LeaderElection (LeaderElection.java:logAndReturn(56)) - 95472db8-eb3c-4487-86ee-919a717e7c8c:group-C130C0C74FF5:LeaderElection67: Election REJECTED; received 2 response(s) [95472db8-eb3c-4487-86ee-919a717e7c8c<-6d465182-e65c-481c-b5b5-22d615bea83e#0:FAIL-t1, 95472db8-eb3c-4487-86ee-919a717e7c8c<-4ccb66d6-8f8f-4544-8e0a-d9e084dfa179#0:FAIL-t1] and 0 exception(s); 95472db8-eb3c-4487-86ee-919a717e7c8c:t1, leader=null, voted=95472db8-eb3c-4487-86ee-919a717e7c8c, raftlog=95472db8-eb3c-4487-86ee-919a717e7c8c-SegmentedRaftLog:OPENED:c-1,f-1,i0, conf=-1: [95472db8-eb3c-4487-86ee-919a717e7c8c:192.168.5.168:38961, 6d465182-e65c-481c-b5b5-22d615bea83e:192.168.5.168:46033, 4ccb66d6-8f8f-4544-8e0a-d9e084dfa179:192.168.5.168:40286], old=null
2019-08-20 17:21:33,200 [6d465182-e65c-481c-b5b5-22d615bea83e:group-C130C0C74FF5:LeaderElection65] INFO  impl.RoleInfo (RoleInfo.java:shutdownLeaderElection(134)) - 6d465182-e65c-481c-b5b5-22d615bea83e: shutdown LeaderElection
2019-08-20 17:21:33,200 [95472db8-eb3c-4487-86ee-919a717e7c8c:group-C130C0C74FF5:LeaderElection67] INFO  impl.RaftServerImpl (RaftServerImpl.java:setRole(171)) - 95472db8-eb3c-4487-86ee-919a717e7c8c:group-C130C0C74FF5 changes role from CANDIDATE to FOLLOWER at term 1 for DISCOVERED_A_NEW_TERM
2019-08-20 17:21:33,200 [6d465182-e65c-481c-b5b5-22d615bea83e:group-C130C0C74FF5:LeaderElection65] INFO  impl.RaftServerImpl (RaftServerImpl.java:setRole(171)) - 6d465182-e65c-481c-b5b5-22d615bea83e:group-C130C0C74FF5 changes role from CANDIDATE to LEADER at term 1 for changeToLeader
2019-08-20 17:21:33,200 [95472db8-eb3c-4487-86ee-919a717e7c8c:group-C130C0C74FF5:LeaderElection67] INFO  impl.RoleInfo (RoleInfo.java:shutdownLeaderElection(134)) - 95472db8-eb3c-4487-86ee-919a717e7c8c: shutdown LeaderElection
2019-08-20 17:21:33,200 [6d465182-e65c-481c-b5b5-22d615bea83e:group-C130C0C74FF5:LeaderElection65] INFO  impl.RaftServerImpl (ServerState.java:setLeader(263)) - 6d465182-e65c-481c-b5b5-22d615bea83e:group-C130C0C74FF5 change Leader from null to 6d465182-e65c-481c-b5b5-22d615bea83e at term 1 for becomeLeader, leader elected after 5120ms
2019-08-20 17:21:33,200 [95472db8-eb3c-4487-86ee-919a717e7c8c:group-C130C0C74FF5:LeaderElection67] INFO  impl.RoleInfo (RoleInfo.java:updateAndGet(143)) - 95472db8-eb3c-4487-86ee-919a717e7c8c: start FollowerState
2019-08-20 17:21:33,201 [6d465182-e65c-481c-b5b5-22d615bea83e:group-C130C0C74FF5:LeaderElection65] INFO  server.RaftServerConfigKeys (ConfUtils.java:logGet(43)) - raft.server.staging.catchup.gap = 1000 (default)
2019-08-20 17:21:33,201 [6d465182-e65c-481c-b5b5-22d615bea83e:group-C130C0C74FF5:LeaderElection65] INFO  server.RaftServerConfigKeys (ConfUtils.java:logGet(43)) - raft.server.rpc.sleep.time = 25ms (default)
2019-08-20 17:21:33,201 [6d465182-e65c-481c-b5b5-22d615bea83e:group-C130C0C74FF5:LeaderElection65] INFO  server.RaftServerConfigKeys (ConfUtils.java:logGet(43)) - raft.server.write.element-limit = 4096 (default)
2019-08-20 17:21:33,201 [6d465182-e65c-481c-b5b5-22d615bea83e:group-C130C0C74FF5:LeaderElection65] INFO  server.RaftServerConfigKeys (ConfUtils.java:logGet(43)) - raft.server.watch.timeout = 10s (default)
2019-08-20 17:21:33,201 [6d465182-e65c-481c-b5b5-22d615bea83e:group-C130C0C74FF5:LeaderElection65] INFO  server.RaftServerConfigKeys (ConfUtils.java:logGet(43)) - raft.server.watch.timeout.denomination = 1s (default)
2019-08-20 17:21:33,202 [6d465182-e65c-481c-b5b5-22d615bea83e:group-C130C0C74FF5:LeaderElection65] INFO  server.RaftServerConfigKeys (ConfUtils.java:logGet(43)) - raft.server.watch.element-limit = 65536 (default)
2019-08-20 17:21:33,202 [6d465182-e65c-481c-b5b5-22d615bea83e:group-C130C0C74FF5:LeaderElection65] INFO  server.RaftServerConfigKeys (ConfUtils.java:logGet(43)) - raft.server.log.appender.snapshot.chunk.size.max = 16MB (=16777216) (default)
2019-08-20 17:21:33,202 [6d465182-e65c-481c-b5b5-22d615bea83e:group-C130C0C74FF5:LeaderElection65] INFO  server.RaftServerConfigKeys (ConfUtils.java:logGet(43)) - raft.server.log.appender.buffer.byte-limit = 33554432 (custom)
2019-08-20 17:21:33,202 [6d465182-e65c-481c-b5b5-22d615bea83e:group-C130C0C74FF5:LeaderElection65] INFO  server.RaftServerConfigKeys (ConfUtils.java:logGet(43)) - raft.server.log.appender.buffer.element-limit = 1 (custom)
2019-08-20 17:21:33,203 [6d465182-e65c-481c-b5b5-22d615bea83e:group-C130C0C74FF5:LeaderElection65] INFO  grpc.GrpcConfigKeys$Server (ConfUtils.java:logGet(43)) - raft.grpc.server.leader.outstanding.appends.max = 128 (default)
2019-08-20 17:21:33,203 [6d465182-e65c-481c-b5b5-22d615bea83e:group-C130C0C74FF5:LeaderElection65] INFO  server.RaftServerConfigKeys (ConfUtils.java:logGet(43)) - raft.server.rpc.request.timeout = 3000ms (default)
2019-08-20 17:21:33,203 [6d465182-e65c-481c-b5b5-22d615bea83e:group-C130C0C74FF5:LeaderElection65] INFO  server.RaftServerConfigKeys (ConfUtils.java:logGet(43)) - raft.server.log.appender.install.snapshot.enabled = false (custom)
2019-08-20 17:21:33,203 [6d465182-e65c-481c-b5b5-22d615bea83e:group-C130C0C74FF5:LeaderElection65] INFO  server.RaftServerConfigKeys (ConfUtils.java:logGet(43)) - raft.server.log.appender.snapshot.chunk.size.max = 16MB (=16777216) (default)
2019-08-20 17:21:33,204 [6d465182-e65c-481c-b5b5-22d615bea83e:group-C130C0C74FF5:LeaderElection65] INFO  server.RaftServerConfigKeys (ConfUtils.java:logGet(43)) - raft.server.log.appender.buffer.byte-limit = 33554432 (custom)
2019-08-20 17:21:33,204 [6d465182-e65c-481c-b5b5-22d615bea83e:group-C130C0C74FF5:LeaderElection65] INFO  server.RaftServerConfigKeys (ConfUtils.java:logGet(43)) - raft.server.log.appender.buffer.element-limit = 1 (custom)
2019-08-20 17:21:33,204 [6d465182-e65c-481c-b5b5-22d615bea83e:group-C130C0C74FF5:LeaderElection65] INFO  grpc.GrpcConfigKeys$Server (ConfUtils.java:logGet(43)) - raft.grpc.server.leader.outstanding.appends.max = 128 (default)
2019-08-20 17:21:33,204 [6d465182-e65c-481c-b5b5-22d615bea83e:group-C130C0C74FF5:LeaderElection65] INFO  server.RaftServerConfigKeys (ConfUtils.java:logGet(43)) - raft.server.rpc.request.timeout = 3000ms (default)
2019-08-20 17:21:33,204 [6d465182-e65c-481c-b5b5-22d615bea83e:group-C130C0C74FF5:LeaderElection65] INFO  server.RaftServerConfigKeys (ConfUtils.java:logGet(43)) - raft.server.log.appender.install.snapshot.enabled = false (custom)
2019-08-20 17:21:33,205 [6d465182-e65c-481c-b5b5-22d615bea83e:group-C130C0C74FF5:LeaderElection65] INFO  impl.RoleInfo (RoleInfo.java:updateAndGet(143)) - 6d465182-e65c-481c-b5b5-22d615bea83e: start LeaderState
2019-08-20 17:21:33,205 [6d465182-e65c-481c-b5b5-22d615bea83e:group-C130C0C74FF5:LeaderElection65] INFO  segmented.SegmentedRaftLogWorker (SegmentedRaftLogWorker.java:startLogSegment(380)) - 6d465182-e65c-481c-b5b5-22d615bea83e-SegmentedRaftLogWorker:Storage Directory /workdir/hadoop-ozone/integration-test/target/test-dir/MiniOzoneClusterImpl-9f975f3b-691f-4c06-b64c-c613e84f2492/datanode-3/data/ratis/f93c7614-0c66-4c4a-9790-c130c0c74ff5: Starting segment from index:0
2019-08-20 17:21:33,206 [95472db8-eb3c-4487-86ee-919a717e7c8c-SegmentedRaftLogWorker:Storage Directory /workdir/hadoop-ozone/integration-test/target/test-dir/MiniOzoneClusterImpl-9f975f3b-691f-4c06-b64c-c613e84f2492/datanode-5/data/ratis/a0cb6dd5-6d20-44eb-b361-a6c820e3c081] INFO  segmented.SegmentedRaftLogWorker (SegmentedRaftLogWorker.java:execute(569)) - 95472db8-eb3c-4487-86ee-919a717e7c8c-SegmentedRaftLogWorker:Storage Directory /workdir/hadoop-ozone/integration-test/target/test-dir/MiniOzoneClusterImpl-9f975f3b-691f-4c06-b64c-c613e84f2492/datanode-5/data/ratis/a0cb6dd5-6d20-44eb-b361-a6c820e3c081: created new log segment /workdir/hadoop-ozone/integration-test/target/test-dir/MiniOzoneClusterImpl-9f975f3b-691f-4c06-b64c-c613e84f2492/datanode-5/data/ratis/a0cb6dd5-6d20-44eb-b361-a6c820e3c081/current/log_inprogress_0
2019-08-20 17:21:33,206 [6d465182-e65c-481c-b5b5-22d615bea83e:group-C130C0C74FF5:LeaderElection65] INFO  impl.RaftServerImpl (ServerState.java:setRaftConf(361)) - 6d465182-e65c-481c-b5b5-22d615bea83e:group-C130C0C74FF5 set configuration 0: [95472db8-eb3c-4487-86ee-919a717e7c8c:192.168.5.168:38961, 6d465182-e65c-481c-b5b5-22d615bea83e:192.168.5.168:46033, 4ccb66d6-8f8f-4544-8e0a-d9e084dfa179:192.168.5.168:40286], old=null at 0
2019-08-20 17:21:33,207 [grpc-default-executor-3] INFO  impl.RaftServerImpl (ServerState.java:setLeader(263)) - 95472db8-eb3c-4487-86ee-919a717e7c8c:group-C130C0C74FF5 change Leader from null to 6d465182-e65c-481c-b5b5-22d615bea83e at term 1 for appendEntries, leader elected after 5127ms
2019-08-20 17:21:33,207 [grpc-default-executor-7] INFO  impl.RaftServerImpl (ServerState.java:setLeader(263)) - 4ccb66d6-8f8f-4544-8e0a-d9e084dfa179:group-C130C0C74FF5 change Leader from null to 6d465182-e65c-481c-b5b5-22d615bea83e at term 1 for appendEntries, leader elected after 5127ms
2019-08-20 17:21:33,210 [grpc-default-executor-3] INFO  impl.RaftServerImpl (ServerState.java:setRaftConf(361)) - 95472db8-eb3c-4487-86ee-919a717e7c8c:group-C130C0C74FF5 set configuration 0: [95472db8-eb3c-4487-86ee-919a717e7c8c:192.168.5.168:38961, 6d465182-e65c-481c-b5b5-22d615bea83e:192.168.5.168:46033, 4ccb66d6-8f8f-4544-8e0a-d9e084dfa179:192.168.5.168:40286], old=null at 0
2019-08-20 17:21:33,210 [grpc-default-executor-3] INFO  segmented.SegmentedRaftLogWorker (SegmentedRaftLogWorker.java:startLogSegment(380)) - 95472db8-eb3c-4487-86ee-919a717e7c8c-SegmentedRaftLogWorker:Storage Directory /workdir/hadoop-ozone/integration-test/target/test-dir/MiniOzoneClusterImpl-9f975f3b-691f-4c06-b64c-c613e84f2492/datanode-5/data/ratis/f93c7614-0c66-4c4a-9790-c130c0c74ff5: Starting segment from index:0
2019-08-20 17:21:33,211 [grpc-default-executor-3] INFO  impl.RaftServerImpl (ServerState.java:setRaftConf(361)) - 4ccb66d6-8f8f-4544-8e0a-d9e084dfa179:group-C130C0C74FF5 set configuration 0: [95472db8-eb3c-4487-86ee-919a717e7c8c:192.168.5.168:38961, 6d465182-e65c-481c-b5b5-22d615bea83e:192.168.5.168:46033, 4ccb66d6-8f8f-4544-8e0a-d9e084dfa179:192.168.5.168:40286], old=null at 0
2019-08-20 17:21:33,211 [grpc-default-executor-3] INFO  segmented.SegmentedRaftLogWorker (SegmentedRaftLogWorker.java:startLogSegment(380)) - 4ccb66d6-8f8f-4544-8e0a-d9e084dfa179-SegmentedRaftLogWorker:Storage Directory /workdir/hadoop-ozone/integration-test/target/test-dir/MiniOzoneClusterImpl-9f975f3b-691f-4c06-b64c-c613e84f2492/datanode-4/data/ratis/f93c7614-0c66-4c4a-9790-c130c0c74ff5: Starting segment from index:0
2019-08-20 17:21:33,248 [6d465182-e65c-481c-b5b5-22d615bea83e-SegmentedRaftLogWorker:Storage Directory /workdir/hadoop-ozone/integration-test/target/test-dir/MiniOzoneClusterImpl-9f975f3b-691f-4c06-b64c-c613e84f2492/datanode-3/data/ratis/f93c7614-0c66-4c4a-9790-c130c0c74ff5] INFO  segmented.SegmentedRaftLogWorker (SegmentedRaftLogWorker.java:execute(569)) - 6d465182-e65c-481c-b5b5-22d615bea83e-SegmentedRaftLogWorker:Storage Directory /workdir/hadoop-ozone/integration-test/target/test-dir/MiniOzoneClusterImpl-9f975f3b-691f-4c06-b64c-c613e84f2492/datanode-3/data/ratis/f93c7614-0c66-4c4a-9790-c130c0c74ff5: created new log segment /workdir/hadoop-ozone/integration-test/target/test-dir/MiniOzoneClusterImpl-9f975f3b-691f-4c06-b64c-c613e84f2492/datanode-3/data/ratis/f93c7614-0c66-4c4a-9790-c130c0c74ff5/current/log_inprogress_0
2019-08-20 17:21:33,248 [95472db8-eb3c-4487-86ee-919a717e7c8c-SegmentedRaftLogWorker:Storage Directory /workdir/hadoop-ozone/integration-test/target/test-dir/MiniOzoneClusterImpl-9f975f3b-691f-4c06-b64c-c613e84f2492/datanode-5/data/ratis/f93c7614-0c66-4c4a-9790-c130c0c74ff5] INFO  segmented.SegmentedRaftLogWorker (SegmentedRaftLogWorker.java:execute(569)) - 95472db8-eb3c-4487-86ee-919a717e7c8c-SegmentedRaftLogWorker:Storage Directory /workdir/hadoop-ozone/integration-test/target/test-dir/MiniOzoneClusterImpl-9f975f3b-691f-4c06-b64c-c613e84f2492/datanode-5/data/ratis/f93c7614-0c66-4c4a-9790-c130c0c74ff5: created new log segment /workdir/hadoop-ozone/integration-test/target/test-dir/MiniOzoneClusterImpl-9f975f3b-691f-4c06-b64c-c613e84f2492/datanode-5/data/ratis/f93c7614-0c66-4c4a-9790-c130c0c74ff5/current/log_inprogress_0
2019-08-20 17:21:33,260 [4ccb66d6-8f8f-4544-8e0a-d9e084dfa179-SegmentedRaftLogWorker:Storage Directory /workdir/hadoop-ozone/integration-test/target/test-dir/MiniOzoneClusterImpl-9f975f3b-691f-4c06-b64c-c613e84f2492/datanode-4/data/ratis/f93c7614-0c66-4c4a-9790-c130c0c74ff5] INFO  segmented.SegmentedRaftLogWorker (SegmentedRaftLogWorker.java:execute(569)) - 4ccb66d6-8f8f-4544-8e0a-d9e084dfa179-SegmentedRaftLogWorker:Storage Directory /workdir/hadoop-ozone/integration-test/target/test-dir/MiniOzoneClusterImpl-9f975f3b-691f-4c06-b64c-c613e84f2492/datanode-4/data/ratis/f93c7614-0c66-4c4a-9790-c130c0c74ff5: created new log segment /workdir/hadoop-ozone/integration-test/target/test-dir/MiniOzoneClusterImpl-9f975f3b-691f-4c06-b64c-c613e84f2492/datanode-4/data/ratis/f93c7614-0c66-4c4a-9790-c130c0c74ff5/current/log_inprogress_0
2019-08-20 17:21:33,301 [grpc-default-executor-3] INFO  client.GrpcClientProtocolClient (GrpcClientProtocolClient.java:onNext(255)) - client-FBD62FE2F21A->b458316a-5f51-4ff4-8786-e518fe47f684: receive RaftClientReply:client-FBD62FE2F21A->b458316a-5f51-4ff4-8786-e518fe47f684@group-61A1137654F8, cid=103, FAILED org.apache.ratis.protocol.NotLeaderException: Server b458316a-5f51-4ff4-8786-e518fe47f684 is not the leader (b78857a0-3595-4f2d-9fb4-c7386e8457ec:192.168.5.168:38977). Request must be sent to leader., logIndex=0, commits[b458316a-5f51-4ff4-8786-e518fe47f684:c-1, 39308b5f-2bd8-4b69-9392-e970931b2c1c:c-1, b78857a0-3595-4f2d-9fb4-c7386e8457ec:c-1]
2019-08-20 17:21:33,354 | INFO  | SCMAudit | user=jenkins1000 | ip=192.168.5.168 | op=SEND_HEARTBEAT {datanodeUUID=39308b5f-2bd8-4b69-9392-e970931b2c1c, command=[]} | ret=SUCCESS |  
2019-08-20 17:21:33,395 [Thread-2496] INFO  impl.FollowerState (FollowerState.java:run(106)) - 7b8221e5-df7c-4a80-8328-8297dfde5426:group-B8CCBA643366 changes to CANDIDATE, lastRpcTime:5175, electionTimeout:5175ms
2019-08-20 17:21:33,395 [Thread-2496] INFO  impl.RoleInfo (RoleInfo.java:shutdownFollowerState(121)) - 7b8221e5-df7c-4a80-8328-8297dfde5426: shutdown FollowerState
2019-08-20 17:21:33,395 [Thread-2496] INFO  impl.RaftServerImpl (RaftServerImpl.java:setRole(171)) - 7b8221e5-df7c-4a80-8328-8297dfde5426:group-B8CCBA643366 changes role from FOLLOWER to CANDIDATE at term 0 for changeToCandidate
2019-08-20 17:21:33,395 [Thread-2496] INFO  impl.RoleInfo (RoleInfo.java:updateAndGet(143)) - 7b8221e5-df7c-4a80-8328-8297dfde5426: start LeaderElection
2019-08-20 17:21:33,417 [7b8221e5-df7c-4a80-8328-8297dfde5426:group-B8CCBA643366:LeaderElection68] INFO  impl.LeaderElection (LeaderElection.java:askForVotes(181)) - 7b8221e5-df7c-4a80-8328-8297dfde5426:group-B8CCBA643366:LeaderElection68: begin an election at term 1 for -1: [7b8221e5-df7c-4a80-8328-8297dfde5426:192.168.5.168:33365], old=null
2019-08-20 17:21:33,417 [7b8221e5-df7c-4a80-8328-8297dfde5426:group-B8CCBA643366:LeaderElection68] INFO  impl.RoleInfo (RoleInfo.java:shutdownLeaderElection(134)) - 7b8221e5-df7c-4a80-8328-8297dfde5426: shutdown LeaderElection
2019-08-20 17:21:33,417 [7b8221e5-df7c-4a80-8328-8297dfde5426:group-B8CCBA643366:LeaderElection68] INFO  impl.RaftServerImpl (RaftServerImpl.java:setRole(171)) - 7b8221e5-df7c-4a80-8328-8297dfde5426:group-B8CCBA643366 changes role from CANDIDATE to LEADER at term 1 for changeToLeader
2019-08-20 17:21:33,418 [7b8221e5-df7c-4a80-8328-8297dfde5426:group-B8CCBA643366:LeaderElection68] INFO  impl.RaftServerImpl (ServerState.java:setLeader(263)) - 7b8221e5-df7c-4a80-8328-8297dfde5426:group-B8CCBA643366 change Leader from null to 7b8221e5-df7c-4a80-8328-8297dfde5426 at term 1 for becomeLeader, leader elected after 5200ms
2019-08-20 17:21:33,418 [7b8221e5-df7c-4a80-8328-8297dfde5426:group-B8CCBA643366:LeaderElection68] INFO  server.RaftServerConfigKeys (ConfUtils.java:logGet(43)) - raft.server.staging.catchup.gap = 1000 (default)
2019-08-20 17:21:33,418 [7b8221e5-df7c-4a80-8328-8297dfde5426:group-B8CCBA643366:LeaderElection68] INFO  server.RaftServerConfigKeys (ConfUtils.java:logGet(43)) - raft.server.rpc.sleep.time = 25ms (default)
2019-08-20 17:21:33,418 [7b8221e5-df7c-4a80-8328-8297dfde5426:group-B8CCBA643366:LeaderElection68] INFO  server.RaftServerConfigKeys (ConfUtils.java:logGet(43)) - raft.server.write.element-limit = 4096 (default)
2019-08-20 17:21:33,418 [7b8221e5-df7c-4a80-8328-8297dfde5426:group-B8CCBA643366:LeaderElection68] INFO  server.RaftServerConfigKeys (ConfUtils.java:logGet(43)) - raft.server.watch.timeout = 10s (default)
2019-08-20 17:21:33,418 [7b8221e5-df7c-4a80-8328-8297dfde5426:group-B8CCBA643366:LeaderElection68] INFO  server.RaftServerConfigKeys (ConfUtils.java:logGet(43)) - raft.server.watch.timeout.denomination = 1s (default)
2019-08-20 17:21:33,418 [7b8221e5-df7c-4a80-8328-8297dfde5426:group-B8CCBA643366:LeaderElection68] INFO  server.RaftServerConfigKeys (ConfUtils.java:logGet(43)) - raft.server.watch.element-limit = 65536 (default)
2019-08-20 17:21:33,418 [7b8221e5-df7c-4a80-8328-8297dfde5426:group-B8CCBA643366:LeaderElection68] INFO  impl.RoleInfo (RoleInfo.java:updateAndGet(143)) - 7b8221e5-df7c-4a80-8328-8297dfde5426: start LeaderState
2019-08-20 17:21:33,419 [7b8221e5-df7c-4a80-8328-8297dfde5426:group-B8CCBA643366:LeaderElection68] INFO  segmented.SegmentedRaftLogWorker (SegmentedRaftLogWorker.java:startLogSegment(380)) - 7b8221e5-df7c-4a80-8328-8297dfde5426-SegmentedRaftLogWorker:Storage Directory /workdir/hadoop-ozone/integration-test/target/test-dir/MiniOzoneClusterImpl-9f975f3b-691f-4c06-b64c-c613e84f2492/datanode-6/data/ratis/0d8bd2b7-c1a0-4179-87e0-b8ccba643366: Starting segment from index:0
2019-08-20 17:21:33,419 [7b8221e5-df7c-4a80-8328-8297dfde5426:group-B8CCBA643366:LeaderElection68] INFO  impl.RaftServerImpl (ServerState.java:setRaftConf(361)) - 7b8221e5-df7c-4a80-8328-8297dfde5426:group-B8CCBA643366 set configuration 0: [7b8221e5-df7c-4a80-8328-8297dfde5426:192.168.5.168:33365], old=null at 0
2019-08-20 17:21:33,462 | INFO  | DNAudit | user=null | ip=null | op=CREATE_CONTAINER {containerID=1, containerType=KeyValueContainer} | ret=SUCCESS |  
2019-08-20 17:21:33,469 | INFO  | SCMAudit | user=jenkins1000 | ip=192.168.5.168 | op=SEND_HEARTBEAT {datanodeUUID=b78857a0-3595-4f2d-9fb4-c7386e8457ec, command=[]} | ret=SUCCESS |  
2019-08-20 17:21:33,469 [grpc-default-executor-7] INFO  client.GrpcClientProtocolClient (GrpcClientProtocolClient.java:onNext(255)) - client-FBD62FE2F21A->b78857a0-3595-4f2d-9fb4-c7386e8457ec: receive RaftClientReply:client-FBD62FE2F21A->b78857a0-3595-4f2d-9fb4-c7386e8457ec@group-61A1137654F8, cid=103, SUCCESS, logIndex=1, commits[b78857a0-3595-4f2d-9fb4-c7386e8457ec:c2, 39308b5f-2bd8-4b69-9392-e970931b2c1c:c1, b458316a-5f51-4ff4-8786-e518fe47f684:c1]
2019-08-20 17:21:33,470 [main] INFO  datanode.ObjectStoreHandler (ObjectStoreHandler.java:close(155)) - Closing ObjectStoreHandler.
2019-08-20 17:21:33,470 [main] INFO  ozone.HddsDatanodeService (HddsDatanodeService.java:stop(451)) - Stopped plug-in org.apache.hadoop.ozone.web.OzoneHddsDatanodeService@152bb4cc
2019-08-20 17:21:33,474 [7b8221e5-df7c-4a80-8328-8297dfde5426-SegmentedRaftLogWorker:Storage Directory /workdir/hadoop-ozone/integration-test/target/test-dir/MiniOzoneClusterImpl-9f975f3b-691f-4c06-b64c-c613e84f2492/datanode-6/data/ratis/0d8bd2b7-c1a0-4179-87e0-b8ccba643366] INFO  segmented.SegmentedRaftLogWorker (SegmentedRaftLogWorker.java:execute(569)) - 7b8221e5-df7c-4a80-8328-8297dfde5426-SegmentedRaftLogWorker:Storage Directory /workdir/hadoop-ozone/integration-test/target/test-dir/MiniOzoneClusterImpl-9f975f3b-691f-4c06-b64c-c613e84f2492/datanode-6/data/ratis/0d8bd2b7-c1a0-4179-87e0-b8ccba643366: created new log segment /workdir/hadoop-ozone/integration-test/target/test-dir/MiniOzoneClusterImpl-9f975f3b-691f-4c06-b64c-c613e84f2492/datanode-6/data/ratis/0d8bd2b7-c1a0-4179-87e0-b8ccba643366/current/log_inprogress_0
2019-08-20 17:21:33,480 | INFO  | DNAudit | user=null | ip=null | op=CREATE_CONTAINER {containerID=1, containerType=KeyValueContainer} | ret=SUCCESS |  
2019-08-20 17:21:33,480 | INFO  | DNAudit | user=null | ip=null | op=CREATE_CONTAINER {containerID=1, containerType=KeyValueContainer} | ret=SUCCESS |  
2019-08-20 17:21:33,481 | INFO  | SCMAudit | user=jenkins1000 | ip=192.168.5.168 | op=SEND_HEARTBEAT {datanodeUUID=b458316a-5f51-4ff4-8786-e518fe47f684, command=[]} | ret=SUCCESS |  
2019-08-20 17:21:33,481 | INFO  | SCMAudit | user=jenkins1000 | ip=192.168.5.168 | op=SEND_HEARTBEAT {datanodeUUID=39308b5f-2bd8-4b69-9392-e970931b2c1c, command=[]} | ret=SUCCESS |  
2019-08-20 17:21:33,648 | INFO  | SCMAudit | user=jenkins1000 | ip=192.168.5.168 | op=SEND_HEARTBEAT {datanodeUUID=6d465182-e65c-481c-b5b5-22d615bea83e, command=[]} | ret=SUCCESS |  
2019-08-20 17:21:33,819 | INFO  | SCMAudit | user=jenkins1000 | ip=192.168.5.168 | op=SEND_HEARTBEAT {datanodeUUID=4ccb66d6-8f8f-4544-8e0a-d9e084dfa179, command=[]} | ret=SUCCESS |  
2019-08-20 17:21:33,987 | INFO  | SCMAudit | user=jenkins1000 | ip=192.168.5.168 | op=SEND_HEARTBEAT {datanodeUUID=95472db8-eb3c-4487-86ee-919a717e7c8c, command=[]} | ret=SUCCESS |  
2019-08-20 17:21:34,156 | INFO  | SCMAudit | user=jenkins1000 | ip=192.168.5.168 | op=SEND_HEARTBEAT {datanodeUUID=7b8221e5-df7c-4a80-8328-8297dfde5426, command=[]} | ret=SUCCESS |  
2019-08-20 17:21:34,463 [Datanode State Machine Thread - 0] INFO  statemachine.DatanodeStateMachine (DatanodeStateMachine.java:lambda$startDaemon$0(350)) - Ozone container server started.
2019-08-20 17:21:34,481 | INFO  | SCMAudit | user=jenkins1000 | ip=192.168.5.168 | op=SEND_HEARTBEAT {datanodeUUID=39308b5f-2bd8-4b69-9392-e970931b2c1c, command=[]} | ret=SUCCESS |  
2019-08-20 17:21:34,481 | INFO  | SCMAudit | user=jenkins1000 | ip=192.168.5.168 | op=SEND_HEARTBEAT {datanodeUUID=b458316a-5f51-4ff4-8786-e518fe47f684, command=[]} | ret=SUCCESS |  
2019-08-20 17:21:34,648 | INFO  | SCMAudit | user=jenkins1000 | ip=192.168.5.168 | op=SEND_HEARTBEAT {datanodeUUID=6d465182-e65c-481c-b5b5-22d615bea83e, command=[]} | ret=SUCCESS |  
2019-08-20 17:21:34,819 | INFO  | SCMAudit | user=jenkins1000 | ip=192.168.5.168 | op=SEND_HEARTBEAT {datanodeUUID=4ccb66d6-8f8f-4544-8e0a-d9e084dfa179, command=[]} | ret=SUCCESS |  
2019-08-20 17:21:34,987 | INFO  | SCMAudit | user=jenkins1000 | ip=192.168.5.168 | op=SEND_HEARTBEAT {datanodeUUID=95472db8-eb3c-4487-86ee-919a717e7c8c, command=[]} | ret=SUCCESS |  
2019-08-20 17:21:35,156 | INFO  | SCMAudit | user=jenkins1000 | ip=192.168.5.168 | op=SEND_HEARTBEAT {datanodeUUID=7b8221e5-df7c-4a80-8328-8297dfde5426, command=[]} | ret=SUCCESS |  
2019-08-20 17:21:35,481 | INFO  | SCMAudit | user=jenkins1000 | ip=192.168.5.168 | op=SEND_HEARTBEAT {datanodeUUID=39308b5f-2bd8-4b69-9392-e970931b2c1c, command=[]} | ret=SUCCESS |  
2019-08-20 17:21:35,481 | INFO  | SCMAudit | user=jenkins1000 | ip=192.168.5.168 | op=SEND_HEARTBEAT {datanodeUUID=b458316a-5f51-4ff4-8786-e518fe47f684, command=[]} | ret=SUCCESS |  
2019-08-20 17:21:35,649 | INFO  | SCMAudit | user=jenkins1000 | ip=192.168.5.168 | op=SEND_HEARTBEAT {datanodeUUID=6d465182-e65c-481c-b5b5-22d615bea83e, command=[]} | ret=SUCCESS |  
2019-08-20 17:21:35,819 | INFO  | SCMAudit | user=jenkins1000 | ip=192.168.5.168 | op=SEND_HEARTBEAT {datanodeUUID=4ccb66d6-8f8f-4544-8e0a-d9e084dfa179, command=[]} | ret=SUCCESS |  
2019-08-20 17:21:35,988 | INFO  | SCMAudit | user=jenkins1000 | ip=192.168.5.168 | op=SEND_HEARTBEAT {datanodeUUID=95472db8-eb3c-4487-86ee-919a717e7c8c, command=[]} | ret=SUCCESS |  
2019-08-20 17:21:36,156 | INFO  | SCMAudit | user=jenkins1000 | ip=192.168.5.168 | op=SEND_HEARTBEAT {datanodeUUID=7b8221e5-df7c-4a80-8328-8297dfde5426, command=[]} | ret=SUCCESS |  
2019-08-20 17:21:36,481 | INFO  | SCMAudit | user=jenkins1000 | ip=192.168.5.168 | op=SEND_HEARTBEAT {datanodeUUID=39308b5f-2bd8-4b69-9392-e970931b2c1c, command=[]} | ret=SUCCESS |  
2019-08-20 17:21:36,481 | INFO  | SCMAudit | user=jenkins1000 | ip=192.168.5.168 | op=SEND_HEARTBEAT {datanodeUUID=b458316a-5f51-4ff4-8786-e518fe47f684, command=[]} | ret=SUCCESS |  
2019-08-20 17:21:36,649 | INFO  | SCMAudit | user=jenkins1000 | ip=192.168.5.168 | op=SEND_HEARTBEAT {datanodeUUID=6d465182-e65c-481c-b5b5-22d615bea83e, command=[]} | ret=SUCCESS |  
2019-08-20 17:21:36,819 | INFO  | SCMAudit | user=jenkins1000 | ip=192.168.5.168 | op=SEND_HEARTBEAT {datanodeUUID=4ccb66d6-8f8f-4544-8e0a-d9e084dfa179, command=[]} | ret=SUCCESS |  
2019-08-20 17:21:36,988 | INFO  | SCMAudit | user=jenkins1000 | ip=192.168.5.168 | op=SEND_HEARTBEAT {datanodeUUID=95472db8-eb3c-4487-86ee-919a717e7c8c, command=[]} | ret=SUCCESS |  
2019-08-20 17:21:37,156 | INFO  | SCMAudit | user=jenkins1000 | ip=192.168.5.168 | op=SEND_HEARTBEAT {datanodeUUID=7b8221e5-df7c-4a80-8328-8297dfde5426, command=[]} | ret=SUCCESS |  
2019-08-20 17:21:37,481 | INFO  | SCMAudit | user=jenkins1000 | ip=192.168.5.168 | op=SEND_HEARTBEAT {datanodeUUID=39308b5f-2bd8-4b69-9392-e970931b2c1c, command=[]} | ret=SUCCESS |  
2019-08-20 17:21:37,482 | INFO  | SCMAudit | user=jenkins1000 | ip=192.168.5.168 | op=SEND_HEARTBEAT {datanodeUUID=b458316a-5f51-4ff4-8786-e518fe47f684, command=[]} | ret=SUCCESS |  
2019-08-20 17:21:37,649 | INFO  | SCMAudit | user=jenkins1000 | ip=192.168.5.168 | op=SEND_HEARTBEAT {datanodeUUID=6d465182-e65c-481c-b5b5-22d615bea83e, command=[]} | ret=SUCCESS |  
2019-08-20 17:21:37,819 | INFO  | SCMAudit | user=jenkins1000 | ip=192.168.5.168 | op=SEND_HEARTBEAT {datanodeUUID=4ccb66d6-8f8f-4544-8e0a-d9e084dfa179, command=[]} | ret=SUCCESS |  
2019-08-20 17:21:37,988 | INFO  | SCMAudit | user=jenkins1000 | ip=192.168.5.168 | op=SEND_HEARTBEAT {datanodeUUID=95472db8-eb3c-4487-86ee-919a717e7c8c, command=[]} | ret=SUCCESS |  
2019-08-20 17:21:38,156 | INFO  | SCMAudit | user=jenkins1000 | ip=192.168.5.168 | op=SEND_HEARTBEAT {datanodeUUID=7b8221e5-df7c-4a80-8328-8297dfde5426, command=[]} | ret=SUCCESS |  
2019-08-20 17:21:38,472 [main] INFO  ozoneimpl.OzoneContainer (OzoneContainer.java:stop(199)) - Attempting to stop container services.
2019-08-20 17:21:38,472 [main] INFO  impl.RaftServerProxy (RaftServerProxy.java:lambda$close$4(314)) - b78857a0-3595-4f2d-9fb4-c7386e8457ec: close
2019-08-20 17:21:38,473 [main] INFO  impl.RaftServerImpl (RaftServerImpl.java:lambda$shutdown$3(245)) - b78857a0-3595-4f2d-9fb4-c7386e8457ec: shutdown group-61A1137654F8
2019-08-20 17:21:38,473 [main] INFO  util.JmxRegister (JmxRegister.java:unregister(73)) - Successfully un-registered JMX Bean with object name Ratis:service=RaftServer,group=group-61A1137654F8,id=b78857a0-3595-4f2d-9fb4-c7386e8457ec
2019-08-20 17:21:38,474 [main] INFO  impl.RoleInfo (RoleInfo.java:shutdownLeaderState(104)) - b78857a0-3595-4f2d-9fb4-c7386e8457ec: shutdown LeaderState
2019-08-20 17:21:38,494 [main] INFO  impl.PendingRequests (PendingRequests.java:sendNotLeaderResponses(202)) - b78857a0-3595-4f2d-9fb4-c7386e8457ec-PendingRequests: sendNotLeaderResponses
2019-08-20 17:21:38,494 [org.apache.ratis.server.impl.LogAppender$AppenderDaemon$$Lambda$495/949905257@79c41133] WARN  server.GrpcLogAppender (GrpcLogAppender.java:mayWait(143)) - GrpcLogAppender(b78857a0-3595-4f2d-9fb4-c7386e8457ec->39308b5f-2bd8-4b69-9392-e970931b2c1c): Wait interrupted by java.lang.InterruptedException
2019-08-20 17:21:38,494 [org.apache.ratis.server.impl.LogAppender$AppenderDaemon$$Lambda$495/949905257@3cc6906f] WARN  server.GrpcLogAppender (GrpcLogAppender.java:mayWait(143)) - GrpcLogAppender(b78857a0-3595-4f2d-9fb4-c7386e8457ec->b458316a-5f51-4ff4-8786-e518fe47f684): Wait interrupted by java.lang.InterruptedException
2019-08-20 17:21:38,502 [StateMachineUpdater:b78857a0-3595-4f2d-9fb4-c7386e8457ec:group-61A1137654F8] INFO  ratis.ContainerStateMachine (ContainerStateMachine.java:takeSnapshot(271)) - group-61A1137654F8: Taking a snapshot at:(t:1, i:2) file /workdir/hadoop-ozone/integration-test/target/test-dir/MiniOzoneClusterImpl-9f975f3b-691f-4c06-b64c-c613e84f2492/datanode-2/data/ratis/256392e8-3287-4033-8af4-61a1137654f8/sm/snapshot.1_2
2019-08-20 17:21:38,502 | INFO  | SCMAudit | user=jenkins1000 | ip=192.168.5.168 | op=SEND_HEARTBEAT {datanodeUUID=39308b5f-2bd8-4b69-9392-e970931b2c1c, command=[]} | ret=SUCCESS |  
2019-08-20 17:21:38,502 | INFO  | SCMAudit | user=jenkins1000 | ip=192.168.5.168 | op=SEND_HEARTBEAT {datanodeUUID=b458316a-5f51-4ff4-8786-e518fe47f684, command=[]} | ret=SUCCESS |  
2019-08-20 17:21:38,502 [main] INFO  impl.StateMachineUpdater (StateMachineUpdater.java:stopAndJoin(115)) - StateMachineUpdater:b78857a0-3595-4f2d-9fb4-c7386e8457ec:group-61A1137654F8: set stopIndex = 2
2019-08-20 17:21:38,502 [grpc-default-executor-3] INFO  server.GrpcServerProtocolService (GrpcServerProtocolService.java:onCompleted(104)) - b458316a-5f51-4ff4-8786-e518fe47f684: appendEntries completed
2019-08-20 17:21:38,502 [grpc-default-executor-7] INFO  server.GrpcServerProtocolService (GrpcServerProtocolService.java:onCompleted(104)) - 39308b5f-2bd8-4b69-9392-e970931b2c1c: appendEntries completed
2019-08-20 17:21:38,504 [grpc-default-executor-7] INFO  server.GrpcLogAppender (GrpcLogAppender.java:onCompleted(292)) - b78857a0-3595-4f2d-9fb4-c7386e8457ec->b458316a-5f51-4ff4-8786-e518fe47f684: follower responses appendEntries COMPLETED
2019-08-20 17:21:38,504 [grpc-default-executor-3] INFO  server.GrpcLogAppender (GrpcLogAppender.java:onCompleted(292)) - b78857a0-3595-4f2d-9fb4-c7386e8457ec->39308b5f-2bd8-4b69-9392-e970931b2c1c: follower responses appendEntries COMPLETED
2019-08-20 17:21:38,504 [grpc-default-executor-7] INFO  impl.FollowerInfo (FollowerInfo.java:lambda$new$0(50)) - b78857a0-3595-4f2d-9fb4-c7386e8457ec->b458316a-5f51-4ff4-8786-e518fe47f684: nextIndex: updateUnconditionally 3 -> 2
2019-08-20 17:21:38,505 [grpc-default-executor-3] INFO  impl.FollowerInfo (FollowerInfo.java:lambda$new$0(50)) - b78857a0-3595-4f2d-9fb4-c7386e8457ec->39308b5f-2bd8-4b69-9392-e970931b2c1c: nextIndex: updateUnconditionally 3 -> 2
2019-08-20 17:21:38,515 [StateMachineUpdater:b78857a0-3595-4f2d-9fb4-c7386e8457ec:group-61A1137654F8] INFO  ratis.ContainerStateMachine (ContainerStateMachine.java:takeSnapshot(282)) - group-61A1137654F8: Finished taking a snapshot at:(t:1, i:2) file:/workdir/hadoop-ozone/integration-test/target/test-dir/MiniOzoneClusterImpl-9f975f3b-691f-4c06-b64c-c613e84f2492/datanode-2/data/ratis/256392e8-3287-4033-8af4-61a1137654f8/sm/snapshot.1_2 time:12
2019-08-20 17:21:38,515 [StateMachineUpdater:b78857a0-3595-4f2d-9fb4-c7386e8457ec:group-61A1137654F8] INFO  impl.StateMachineUpdater (StateMachineUpdater.java:takeSnapshot(242)) - StateMachineUpdater:b78857a0-3595-4f2d-9fb4-c7386e8457ec:group-61A1137654F8: Took a snapshot at index 2
2019-08-20 17:21:38,515 [StateMachineUpdater:b78857a0-3595-4f2d-9fb4-c7386e8457ec:group-61A1137654F8] INFO  impl.StateMachineUpdater (StateMachineUpdater.java:lambda$new$0(80)) - StateMachineUpdater:b78857a0-3595-4f2d-9fb4-c7386e8457ec:group-61A1137654F8: snapshotIndex: updateIncreasingly -1 -> 2
2019-08-20 17:21:38,515 [main] INFO  impl.RaftServerImpl (ServerState.java:close(394)) - b78857a0-3595-4f2d-9fb4-c7386e8457ec:group-61A1137654F8 closes. The last applied log index is 2
2019-08-20 17:21:38,516 [b78857a0-3595-4f2d-9fb4-c7386e8457ec-SegmentedRaftLogWorker:Storage Directory /workdir/hadoop-ozone/integration-test/target/test-dir/MiniOzoneClusterImpl-9f975f3b-691f-4c06-b64c-c613e84f2492/datanode-2/data/ratis/256392e8-3287-4033-8af4-61a1137654f8] INFO  segmented.SegmentedRaftLogWorker (SegmentedRaftLogWorker.java:run(313)) - b78857a0-3595-4f2d-9fb4-c7386e8457ec-SegmentedRaftLogWorker:Storage Directory /workdir/hadoop-ozone/integration-test/target/test-dir/MiniOzoneClusterImpl-9f975f3b-691f-4c06-b64c-c613e84f2492/datanode-2/data/ratis/256392e8-3287-4033-8af4-61a1137654f8 was interrupted, exiting. There are 0 tasks remaining in the queue.
2019-08-20 17:21:38,516 [main] INFO  segmented.SegmentedRaftLogWorker (SegmentedRaftLogWorker.java:close(228)) - b78857a0-3595-4f2d-9fb4-c7386e8457ec-SegmentedRaftLogWorker:Storage Directory /workdir/hadoop-ozone/integration-test/target/test-dir/MiniOzoneClusterImpl-9f975f3b-691f-4c06-b64c-c613e84f2492/datanode-2/data/ratis/256392e8-3287-4033-8af4-61a1137654f8 close()
2019-08-20 17:21:38,519 [main] INFO  impl.RaftServerImpl (RaftServerImpl.java:lambda$shutdown$3(245)) - b78857a0-3595-4f2d-9fb4-c7386e8457ec: shutdown group-5F93B3521C53
2019-08-20 17:21:38,520 [main] INFO  util.JmxRegister (JmxRegister.java:unregister(73)) - Successfully un-registered JMX Bean with object name Ratis:service=RaftServer,group=group-5F93B3521C53,id=b78857a0-3595-4f2d-9fb4-c7386e8457ec
2019-08-20 17:21:38,520 [main] INFO  impl.RoleInfo (RoleInfo.java:shutdownLeaderState(104)) - b78857a0-3595-4f2d-9fb4-c7386e8457ec: shutdown LeaderState
2019-08-20 17:21:38,521 [main] INFO  impl.PendingRequests (PendingRequests.java:sendNotLeaderResponses(202)) - b78857a0-3595-4f2d-9fb4-c7386e8457ec-PendingRequests: sendNotLeaderResponses
2019-08-20 17:21:38,521 [main] INFO  impl.StateMachineUpdater (StateMachineUpdater.java:stopAndJoin(115)) - StateMachineUpdater:b78857a0-3595-4f2d-9fb4-c7386e8457ec:group-5F93B3521C53: set stopIndex = 0
2019-08-20 17:21:38,521 [main] INFO  impl.RaftServerImpl (ServerState.java:close(394)) - b78857a0-3595-4f2d-9fb4-c7386e8457ec:group-5F93B3521C53 closes. The last applied log index is 0
2019-08-20 17:21:38,522 [b78857a0-3595-4f2d-9fb4-c7386e8457ec-SegmentedRaftLogWorker:Storage Directory /workdir/hadoop-ozone/integration-test/target/test-dir/MiniOzoneClusterImpl-9f975f3b-691f-4c06-b64c-c613e84f2492/datanode-2/data/ratis/02bd605a-8995-4a98-a33d-5f93b3521c53] INFO  segmented.SegmentedRaftLogWorker (SegmentedRaftLogWorker.java:run(313)) - b78857a0-3595-4f2d-9fb4-c7386e8457ec-SegmentedRaftLogWorker:Storage Directory /workdir/hadoop-ozone/integration-test/target/test-dir/MiniOzoneClusterImpl-9f975f3b-691f-4c06-b64c-c613e84f2492/datanode-2/data/ratis/02bd605a-8995-4a98-a33d-5f93b3521c53 was interrupted, exiting. There are 0 tasks remaining in the queue.
2019-08-20 17:21:38,522 [main] INFO  segmented.SegmentedRaftLogWorker (SegmentedRaftLogWorker.java:close(228)) - b78857a0-3595-4f2d-9fb4-c7386e8457ec-SegmentedRaftLogWorker:Storage Directory /workdir/hadoop-ozone/integration-test/target/test-dir/MiniOzoneClusterImpl-9f975f3b-691f-4c06-b64c-c613e84f2492/datanode-2/data/ratis/02bd605a-8995-4a98-a33d-5f93b3521c53 close()
2019-08-20 17:21:38,525 [main] INFO  server.GrpcService (GrpcService.java:closeImpl(155)) - b78857a0-3595-4f2d-9fb4-c7386e8457ec: shutdown server with port 38977 now
2019-08-20 17:21:38,526 [main] INFO  server.GrpcService (GrpcService.java:closeImpl(163)) - b78857a0-3595-4f2d-9fb4-c7386e8457ec: shutdown server with port 38977 successfully
2019-08-20 17:21:38,529 [main] INFO  utils.BackgroundService (BackgroundService.java:shutdown(148)) - Shutting down service BlockDeletingService
2019-08-20 17:21:38,531 [refreshUsed-/workdir/hadoop-ozone/integration-test/target/test-dir/MiniOzoneClusterImpl-9f975f3b-691f-4c06-b64c-c613e84f2492/datanode-2/data/containers] WARN  fs.CachingGetSpaceUsed (CachingGetSpaceUsed.java:run(183)) - Thread Interrupted waiting to refresh disk information: sleep interrupted
2019-08-20 17:21:38,552 [main] INFO  statemachine.DatanodeStateMachine (DatanodeStateMachine.java:stopDaemon(395)) - Ozone container server stopped.
2019-08-20 17:21:38,553 [main] INFO  handler.ContextHandler (ContextHandler.java:doStop(910)) - Stopped o.e.j.w.WebAppContext@6203f10f{/,null,UNAVAILABLE}{/hddsDatanode}
2019-08-20 17:21:38,553 [main] INFO  server.AbstractConnector (AbstractConnector.java:doStop(318)) - Stopped ServerConnector@3bd1c7f0{HTTP/1.1,[http/1.1]}{0.0.0.0:0}
2019-08-20 17:21:38,553 [main] INFO  handler.ContextHandler (ContextHandler.java:doStop(910)) - Stopped o.e.j.s.ServletContextHandler@3f69b166{/static,jar:file:/home/user/.m2/repository/org/apache/hadoop/hadoop-hdds-container-service/0.5.0-SNAPSHOT/hadoop-hdds-container-service-0.5.0-SNAPSHOT.jar!/webapps/static,UNAVAILABLE}
2019-08-20 17:21:38,554 [main] INFO  handler.ContextHandler (ContextHandler.java:doStop(910)) - Stopped o.e.j.s.ServletContextHandler@6a0d47e8{/logs,file:///workdir/hadoop-ozone/integration-test/target/log,UNAVAILABLE}
2019-08-20 17:21:38,649 | INFO  | SCMAudit | user=jenkins1000 | ip=192.168.5.168 | op=SEND_HEARTBEAT {datanodeUUID=6d465182-e65c-481c-b5b5-22d615bea83e, command=[]} | ret=SUCCESS |  
2019-08-20 17:21:38,819 | INFO  | SCMAudit | user=jenkins1000 | ip=192.168.5.168 | op=SEND_HEARTBEAT {datanodeUUID=4ccb66d6-8f8f-4544-8e0a-d9e084dfa179, command=[]} | ret=SUCCESS |  
2019-08-20 17:21:38,988 | INFO  | SCMAudit | user=jenkins1000 | ip=192.168.5.168 | op=SEND_HEARTBEAT {datanodeUUID=95472db8-eb3c-4487-86ee-919a717e7c8c, command=[]} | ret=SUCCESS |  
2019-08-20 17:21:39,156 | INFO  | SCMAudit | user=jenkins1000 | ip=192.168.5.168 | op=SEND_HEARTBEAT {datanodeUUID=7b8221e5-df7c-4a80-8328-8297dfde5426, command=[]} | ret=SUCCESS |  
2019-08-20 17:21:39,494 | INFO  | SCMAudit | user=jenkins1000 | ip=192.168.5.168 | op=SEND_HEARTBEAT {datanodeUUID=b458316a-5f51-4ff4-8786-e518fe47f684, command=[]} | ret=SUCCESS |  
2019-08-20 17:21:39,495 | INFO  | SCMAudit | user=jenkins1000 | ip=192.168.5.168 | op=SEND_HEARTBEAT {datanodeUUID=39308b5f-2bd8-4b69-9392-e970931b2c1c, command=[]} | ret=SUCCESS |  
2019-08-20 17:21:39,649 | INFO  | SCMAudit | user=jenkins1000 | ip=192.168.5.168 | op=SEND_HEARTBEAT {datanodeUUID=6d465182-e65c-481c-b5b5-22d615bea83e, command=[]} | ret=SUCCESS |  
2019-08-20 17:21:39,819 | INFO  | SCMAudit | user=jenkins1000 | ip=192.168.5.168 | op=SEND_HEARTBEAT {datanodeUUID=4ccb66d6-8f8f-4544-8e0a-d9e084dfa179, command=[]} | ret=SUCCESS |  
2019-08-20 17:21:39,988 | INFO  | SCMAudit | user=jenkins1000 | ip=192.168.5.168 | op=SEND_HEARTBEAT {datanodeUUID=95472db8-eb3c-4487-86ee-919a717e7c8c, command=[]} | ret=SUCCESS |  
2019-08-20 17:21:40,156 | INFO  | SCMAudit | user=jenkins1000 | ip=192.168.5.168 | op=SEND_HEARTBEAT {datanodeUUID=7b8221e5-df7c-4a80-8328-8297dfde5426, command=[]} | ret=SUCCESS |  
2019-08-20 17:21:40,494 | INFO  | SCMAudit | user=jenkins1000 | ip=192.168.5.168 | op=SEND_HEARTBEAT {datanodeUUID=b458316a-5f51-4ff4-8786-e518fe47f684, command=[]} | ret=SUCCESS |  
2019-08-20 17:21:40,495 | INFO  | SCMAudit | user=jenkins1000 | ip=192.168.5.168 | op=SEND_HEARTBEAT {datanodeUUID=39308b5f-2bd8-4b69-9392-e970931b2c1c, command=[]} | ret=SUCCESS |  
2019-08-20 17:21:40,569 [grpc-default-executor-3] INFO  client.GrpcClientProtocolClient (GrpcClientProtocolClient.java:onNext(255)) - client-FBD62FE2F21A->b458316a-5f51-4ff4-8786-e518fe47f684: receive RaftClientReply:client-FBD62FE2F21A->b458316a-5f51-4ff4-8786-e518fe47f684@group-61A1137654F8, cid=104, FAILED org.apache.ratis.protocol.NotLeaderException: Server b458316a-5f51-4ff4-8786-e518fe47f684 is not the leader (b78857a0-3595-4f2d-9fb4-c7386e8457ec:192.168.5.168:38977). Request must be sent to leader., logIndex=0, commits[b458316a-5f51-4ff4-8786-e518fe47f684:c2, 39308b5f-2bd8-4b69-9392-e970931b2c1c:c2, b78857a0-3595-4f2d-9fb4-c7386e8457ec:c2]
2019-08-20 17:21:40,649 | INFO  | SCMAudit | user=jenkins1000 | ip=192.168.5.168 | op=SEND_HEARTBEAT {datanodeUUID=6d465182-e65c-481c-b5b5-22d615bea83e, command=[]} | ret=SUCCESS |  
2019-08-20 17:21:40,819 | INFO  | SCMAudit | user=jenkins1000 | ip=192.168.5.168 | op=SEND_HEARTBEAT {datanodeUUID=4ccb66d6-8f8f-4544-8e0a-d9e084dfa179, command=[]} | ret=SUCCESS |  
2019-08-20 17:21:40,989 | INFO  | SCMAudit | user=jenkins1000 | ip=192.168.5.168 | op=SEND_HEARTBEAT {datanodeUUID=95472db8-eb3c-4487-86ee-919a717e7c8c, command=[]} | ret=SUCCESS |  
2019-08-20 17:21:41,156 | INFO  | SCMAudit | user=jenkins1000 | ip=192.168.5.168 | op=SEND_HEARTBEAT {datanodeUUID=7b8221e5-df7c-4a80-8328-8297dfde5426, command=[]} | ret=SUCCESS |  
2019-08-20 17:21:41,494 | INFO  | SCMAudit | user=jenkins1000 | ip=192.168.5.168 | op=SEND_HEARTBEAT {datanodeUUID=b458316a-5f51-4ff4-8786-e518fe47f684, command=[]} | ret=SUCCESS |  
2019-08-20 17:21:41,495 | INFO  | SCMAudit | user=jenkins1000 | ip=192.168.5.168 | op=SEND_HEARTBEAT {datanodeUUID=39308b5f-2bd8-4b69-9392-e970931b2c1c, command=[]} | ret=SUCCESS |  
2019-08-20 17:21:41,585 [grpc-default-executor-6] INFO  client.GrpcClientProtocolClient (GrpcClientProtocolClient.java:onNext(255)) - client-FBD62FE2F21A->39308b5f-2bd8-4b69-9392-e970931b2c1c: receive RaftClientReply:client-FBD62FE2F21A->39308b5f-2bd8-4b69-9392-e970931b2c1c@group-61A1137654F8, cid=104, FAILED org.apache.ratis.protocol.NotLeaderException: Server 39308b5f-2bd8-4b69-9392-e970931b2c1c is not the leader (b78857a0-3595-4f2d-9fb4-c7386e8457ec:192.168.5.168:38977). Request must be sent to leader., logIndex=0, commits[39308b5f-2bd8-4b69-9392-e970931b2c1c:c2, b458316a-5f51-4ff4-8786-e518fe47f684:c2, b78857a0-3595-4f2d-9fb4-c7386e8457ec:c2]
2019-08-20 17:21:41,649 | INFO  | SCMAudit | user=jenkins1000 | ip=192.168.5.168 | op=SEND_HEARTBEAT {datanodeUUID=6d465182-e65c-481c-b5b5-22d615bea83e, command=[]} | ret=SUCCESS |  
2019-08-20 17:21:41,819 | INFO  | SCMAudit | user=jenkins1000 | ip=192.168.5.168 | op=SEND_HEARTBEAT {datanodeUUID=4ccb66d6-8f8f-4544-8e0a-d9e084dfa179, command=[]} | ret=SUCCESS |  
2019-08-20 17:21:41,989 | INFO  | SCMAudit | user=jenkins1000 | ip=192.168.5.168 | op=SEND_HEARTBEAT {datanodeUUID=95472db8-eb3c-4487-86ee-919a717e7c8c, command=[]} | ret=SUCCESS |  
2019-08-20 17:21:42,156 | INFO  | SCMAudit | user=jenkins1000 | ip=192.168.5.168 | op=SEND_HEARTBEAT {datanodeUUID=7b8221e5-df7c-4a80-8328-8297dfde5426, command=[]} | ret=SUCCESS |  
2019-08-20 17:21:42,494 | INFO  | SCMAudit | user=jenkins1000 | ip=192.168.5.168 | op=SEND_HEARTBEAT {datanodeUUID=b458316a-5f51-4ff4-8786-e518fe47f684, command=[]} | ret=SUCCESS |  
2019-08-20 17:21:42,495 | INFO  | SCMAudit | user=jenkins1000 | ip=192.168.5.168 | op=SEND_HEARTBEAT {datanodeUUID=39308b5f-2bd8-4b69-9392-e970931b2c1c, command=[]} | ret=SUCCESS |  
2019-08-20 17:21:42,603 [grpc-default-executor-7] INFO  client.GrpcClientProtocolClient (GrpcClientProtocolClient.java:onNext(255)) - client-FBD62FE2F21A->39308b5f-2bd8-4b69-9392-e970931b2c1c: receive RaftClientReply:client-FBD62FE2F21A->39308b5f-2bd8-4b69-9392-e970931b2c1c@group-61A1137654F8, cid=104, FAILED org.apache.ratis.protocol.NotLeaderException: Server 39308b5f-2bd8-4b69-9392-e970931b2c1c is not the leader (b78857a0-3595-4f2d-9fb4-c7386e8457ec:192.168.5.168:38977). Request must be sent to leader., logIndex=0, commits[39308b5f-2bd8-4b69-9392-e970931b2c1c:c2, b458316a-5f51-4ff4-8786-e518fe47f684:c2, b78857a0-3595-4f2d-9fb4-c7386e8457ec:c2]
2019-08-20 17:21:42,649 | INFO  | SCMAudit | user=jenkins1000 | ip=192.168.5.168 | op=SEND_HEARTBEAT {datanodeUUID=6d465182-e65c-481c-b5b5-22d615bea83e, command=[]} | ret=SUCCESS |  
2019-08-20 17:21:42,820 | INFO  | SCMAudit | user=jenkins1000 | ip=192.168.5.168 | op=SEND_HEARTBEAT {datanodeUUID=4ccb66d6-8f8f-4544-8e0a-d9e084dfa179, command=[]} | ret=SUCCESS |  
2019-08-20 17:21:42,990 | INFO  | SCMAudit | user=jenkins1000 | ip=192.168.5.168 | op=SEND_HEARTBEAT {datanodeUUID=95472db8-eb3c-4487-86ee-919a717e7c8c, command=[]} | ret=SUCCESS |  
2019-08-20 17:21:43,156 | INFO  | SCMAudit | user=jenkins1000 | ip=192.168.5.168 | op=SEND_HEARTBEAT {datanodeUUID=7b8221e5-df7c-4a80-8328-8297dfde5426, command=[]} | ret=SUCCESS |  
2019-08-20 17:21:43,494 | INFO  | SCMAudit | user=jenkins1000 | ip=192.168.5.168 | op=SEND_HEARTBEAT {datanodeUUID=b458316a-5f51-4ff4-8786-e518fe47f684, command=[]} | ret=SUCCESS |  
2019-08-20 17:21:43,496 | INFO  | SCMAudit | user=jenkins1000 | ip=192.168.5.168 | op=SEND_HEARTBEAT {datanodeUUID=39308b5f-2bd8-4b69-9392-e970931b2c1c, command=[]} | ret=SUCCESS |  
2019-08-20 17:21:43,618 [grpc-default-executor-7] INFO  client.GrpcClientProtocolClient (GrpcClientProtocolClient.java:onNext(255)) - client-FBD62FE2F21A->b458316a-5f51-4ff4-8786-e518fe47f684: receive RaftClientReply:client-FBD62FE2F21A->b458316a-5f51-4ff4-8786-e518fe47f684@group-61A1137654F8, cid=104, FAILED org.apache.ratis.protocol.NotLeaderException: Server b458316a-5f51-4ff4-8786-e518fe47f684 is not the leader (b78857a0-3595-4f2d-9fb4-c7386e8457ec:192.168.5.168:38977). Request must be sent to leader., logIndex=0, commits[b458316a-5f51-4ff4-8786-e518fe47f684:c2, 39308b5f-2bd8-4b69-9392-e970931b2c1c:c2, b78857a0-3595-4f2d-9fb4-c7386e8457ec:c2]
2019-08-20 17:21:43,650 | INFO  | SCMAudit | user=jenkins1000 | ip=192.168.5.168 | op=SEND_HEARTBEAT {datanodeUUID=6d465182-e65c-481c-b5b5-22d615bea83e, command=[]} | ret=SUCCESS |  
2019-08-20 17:21:43,820 | INFO  | SCMAudit | user=jenkins1000 | ip=192.168.5.168 | op=SEND_HEARTBEAT {datanodeUUID=4ccb66d6-8f8f-4544-8e0a-d9e084dfa179, command=[]} | ret=SUCCESS |  
2019-08-20 17:21:43,990 | INFO  | SCMAudit | user=jenkins1000 | ip=192.168.5.168 | op=SEND_HEARTBEAT {datanodeUUID=95472db8-eb3c-4487-86ee-919a717e7c8c, command=[]} | ret=SUCCESS |  
2019-08-20 17:21:44,156 | INFO  | SCMAudit | user=jenkins1000 | ip=192.168.5.168 | op=SEND_HEARTBEAT {datanodeUUID=7b8221e5-df7c-4a80-8328-8297dfde5426, command=[]} | ret=SUCCESS |  
2019-08-20 17:21:44,495 | INFO  | SCMAudit | user=jenkins1000 | ip=192.168.5.168 | op=SEND_HEARTBEAT {datanodeUUID=b458316a-5f51-4ff4-8786-e518fe47f684, command=[]} | ret=SUCCESS |  
2019-08-20 17:21:44,496 | INFO  | SCMAudit | user=jenkins1000 | ip=192.168.5.168 | op=SEND_HEARTBEAT {datanodeUUID=39308b5f-2bd8-4b69-9392-e970931b2c1c, command=[]} | ret=SUCCESS |  
2019-08-20 17:21:44,633 [grpc-default-executor-6] INFO  client.GrpcClientProtocolClient (GrpcClientProtocolClient.java:onNext(255)) - client-FBD62FE2F21A->b458316a-5f51-4ff4-8786-e518fe47f684: receive RaftClientReply:client-FBD62FE2F21A->b458316a-5f51-4ff4-8786-e518fe47f684@group-61A1137654F8, cid=104, FAILED org.apache.ratis.protocol.NotLeaderException: Server b458316a-5f51-4ff4-8786-e518fe47f684 is not the leader (b78857a0-3595-4f2d-9fb4-c7386e8457ec:192.168.5.168:38977). Request must be sent to leader., logIndex=0, commits[b458316a-5f51-4ff4-8786-e518fe47f684:c2, 39308b5f-2bd8-4b69-9392-e970931b2c1c:c2, b78857a0-3595-4f2d-9fb4-c7386e8457ec:c2]
2019-08-20 17:21:44,650 | INFO  | SCMAudit | user=jenkins1000 | ip=192.168.5.168 | op=SEND_HEARTBEAT {datanodeUUID=6d465182-e65c-481c-b5b5-22d615bea83e, command=[]} | ret=SUCCESS |  
2019-08-20 17:21:44,819 | INFO  | SCMAudit | user=jenkins1000 | ip=192.168.5.168 | op=SEND_HEARTBEAT {datanodeUUID=4ccb66d6-8f8f-4544-8e0a-d9e084dfa179, command=[]} | ret=SUCCESS |  
2019-08-20 17:21:44,990 | INFO  | SCMAudit | user=jenkins1000 | ip=192.168.5.168 | op=SEND_HEARTBEAT {datanodeUUID=95472db8-eb3c-4487-86ee-919a717e7c8c, command=[]} | ret=SUCCESS |  
2019-08-20 17:21:45,156 | INFO  | SCMAudit | user=jenkins1000 | ip=192.168.5.168 | op=SEND_HEARTBEAT {datanodeUUID=7b8221e5-df7c-4a80-8328-8297dfde5426, command=[]} | ret=SUCCESS |  
2019-08-20 17:21:45,494 | INFO  | SCMAudit | user=jenkins1000 | ip=192.168.5.168 | op=SEND_HEARTBEAT {datanodeUUID=b458316a-5f51-4ff4-8786-e518fe47f684, command=[]} | ret=SUCCESS |  
2019-08-20 17:21:45,496 | INFO  | SCMAudit | user=jenkins1000 | ip=192.168.5.168 | op=SEND_HEARTBEAT {datanodeUUID=39308b5f-2bd8-4b69-9392-e970931b2c1c, command=[]} | ret=SUCCESS |  
2019-08-20 17:21:45,648 [grpc-default-executor-6] INFO  client.GrpcClientProtocolClient (GrpcClientProtocolClient.java:onNext(255)) - client-FBD62FE2F21A->39308b5f-2bd8-4b69-9392-e970931b2c1c: receive RaftClientReply:client-FBD62FE2F21A->39308b5f-2bd8-4b69-9392-e970931b2c1c@group-61A1137654F8, cid=104, FAILED org.apache.ratis.protocol.NotLeaderException: Server 39308b5f-2bd8-4b69-9392-e970931b2c1c is not the leader (b78857a0-3595-4f2d-9fb4-c7386e8457ec:192.168.5.168:38977). Request must be sent to leader., logIndex=0, commits[39308b5f-2bd8-4b69-9392-e970931b2c1c:c2, b458316a-5f51-4ff4-8786-e518fe47f684:c2, b78857a0-3595-4f2d-9fb4-c7386e8457ec:c2]
2019-08-20 17:21:45,652 | INFO  | SCMAudit | user=jenkins1000 | ip=192.168.5.168 | op=SEND_HEARTBEAT {datanodeUUID=6d465182-e65c-481c-b5b5-22d615bea83e, command=[]} | ret=SUCCESS |  
2019-08-20 17:21:45,819 | INFO  | SCMAudit | user=jenkins1000 | ip=192.168.5.168 | op=SEND_HEARTBEAT {datanodeUUID=4ccb66d6-8f8f-4544-8e0a-d9e084dfa179, command=[]} | ret=SUCCESS |  
2019-08-20 17:21:45,990 | INFO  | SCMAudit | user=jenkins1000 | ip=192.168.5.168 | op=SEND_HEARTBEAT {datanodeUUID=95472db8-eb3c-4487-86ee-919a717e7c8c, command=[]} | ret=SUCCESS |  
2019-08-20 17:21:46,156 | INFO  | SCMAudit | user=jenkins1000 | ip=192.168.5.168 | op=SEND_HEARTBEAT {datanodeUUID=7b8221e5-df7c-4a80-8328-8297dfde5426, command=[]} | ret=SUCCESS |  
2019-08-20 17:21:46,494 | INFO  | SCMAudit | user=jenkins1000 | ip=192.168.5.168 | op=SEND_HEARTBEAT {datanodeUUID=b458316a-5f51-4ff4-8786-e518fe47f684, command=[]} | ret=SUCCESS |  
2019-08-20 17:21:46,495 | INFO  | SCMAudit | user=jenkins1000 | ip=192.168.5.168 | op=SEND_HEARTBEAT {datanodeUUID=39308b5f-2bd8-4b69-9392-e970931b2c1c, command=[]} | ret=SUCCESS |  
2019-08-20 17:21:46,656 | INFO  | SCMAudit | user=jenkins1000 | ip=192.168.5.168 | op=SEND_HEARTBEAT {datanodeUUID=6d465182-e65c-481c-b5b5-22d615bea83e, command=[]} | ret=SUCCESS |  
2019-08-20 17:21:46,677 [grpc-default-executor-3] INFO  client.GrpcClientProtocolClient (GrpcClientProtocolClient.java:onNext(255)) - client-FBD62FE2F21A->39308b5f-2bd8-4b69-9392-e970931b2c1c: receive RaftClientReply:client-FBD62FE2F21A->39308b5f-2bd8-4b69-9392-e970931b2c1c@group-61A1137654F8, cid=104, FAILED org.apache.ratis.protocol.NotLeaderException: Server 39308b5f-2bd8-4b69-9392-e970931b2c1c is not the leader (b78857a0-3595-4f2d-9fb4-c7386e8457ec:192.168.5.168:38977). Request must be sent to leader., logIndex=0, commits[39308b5f-2bd8-4b69-9392-e970931b2c1c:c2, b458316a-5f51-4ff4-8786-e518fe47f684:c2, b78857a0-3595-4f2d-9fb4-c7386e8457ec:c2]
2019-08-20 17:21:46,819 | INFO  | SCMAudit | user=jenkins1000 | ip=192.168.5.168 | op=SEND_HEARTBEAT {datanodeUUID=4ccb66d6-8f8f-4544-8e0a-d9e084dfa179, command=[]} | ret=SUCCESS |  
2019-08-20 17:21:46,990 | INFO  | SCMAudit | user=jenkins1000 | ip=192.168.5.168 | op=SEND_HEARTBEAT {datanodeUUID=95472db8-eb3c-4487-86ee-919a717e7c8c, command=[]} | ret=SUCCESS |  
2019-08-20 17:21:47,157 | INFO  | SCMAudit | user=jenkins1000 | ip=192.168.5.168 | op=SEND_HEARTBEAT {datanodeUUID=7b8221e5-df7c-4a80-8328-8297dfde5426, command=[]} | ret=SUCCESS |  
2019-08-20 17:21:47,494 | INFO  | SCMAudit | user=jenkins1000 | ip=192.168.5.168 | op=SEND_HEARTBEAT {datanodeUUID=b458316a-5f51-4ff4-8786-e518fe47f684, command=[]} | ret=SUCCESS |  
2019-08-20 17:21:47,496 | INFO  | SCMAudit | user=jenkins1000 | ip=192.168.5.168 | op=SEND_HEARTBEAT {datanodeUUID=39308b5f-2bd8-4b69-9392-e970931b2c1c, command=[]} | ret=SUCCESS |  
2019-08-20 17:21:47,656 | INFO  | SCMAudit | user=jenkins1000 | ip=192.168.5.168 | op=SEND_HEARTBEAT {datanodeUUID=6d465182-e65c-481c-b5b5-22d615bea83e, command=[]} | ret=SUCCESS |  
2019-08-20 17:21:47,702 [grpc-default-executor-6] INFO  client.GrpcClientProtocolClient (GrpcClientProtocolClient.java:onNext(255)) - client-FBD62FE2F21A->b458316a-5f51-4ff4-8786-e518fe47f684: receive RaftClientReply:client-FBD62FE2F21A->b458316a-5f51-4ff4-8786-e518fe47f684@group-61A1137654F8, cid=104, FAILED org.apache.ratis.protocol.NotLeaderException: Server b458316a-5f51-4ff4-8786-e518fe47f684 is not the leader (b78857a0-3595-4f2d-9fb4-c7386e8457ec:192.168.5.168:38977). Request must be sent to leader., logIndex=0, commits[b458316a-5f51-4ff4-8786-e518fe47f684:c2, 39308b5f-2bd8-4b69-9392-e970931b2c1c:c2, b78857a0-3595-4f2d-9fb4-c7386e8457ec:c2]
2019-08-20 17:21:47,782 [Thread-2521] INFO  impl.FollowerState (FollowerState.java:run(106)) - b458316a-5f51-4ff4-8786-e518fe47f684:group-61A1137654F8 changes to CANDIDATE, lastRpcTime:9432, electionTimeout:5067ms
2019-08-20 17:21:47,782 [Thread-2521] INFO  impl.RoleInfo (RoleInfo.java:shutdownFollowerState(121)) - b458316a-5f51-4ff4-8786-e518fe47f684: shutdown FollowerState
2019-08-20 17:21:47,783 [Thread-2521] INFO  impl.RaftServerImpl (RaftServerImpl.java:setRole(171)) - b458316a-5f51-4ff4-8786-e518fe47f684:group-61A1137654F8 changes role from FOLLOWER to CANDIDATE at term 1 for changeToCandidate
2019-08-20 17:21:47,783 [Thread-2521] INFO  impl.RoleInfo (RoleInfo.java:updateAndGet(143)) - b458316a-5f51-4ff4-8786-e518fe47f684: start LeaderElection
2019-08-20 17:21:47,786 [b458316a-5f51-4ff4-8786-e518fe47f684:group-61A1137654F8:LeaderElection69] INFO  impl.RaftServerImpl (ServerState.java:setLeader(263)) - b458316a-5f51-4ff4-8786-e518fe47f684:group-61A1137654F8 change Leader from b78857a0-3595-4f2d-9fb4-c7386e8457ec to null at term 1 for initElection
2019-08-20 17:21:47,819 | INFO  | SCMAudit | user=jenkins1000 | ip=192.168.5.168 | op=SEND_HEARTBEAT {datanodeUUID=4ccb66d6-8f8f-4544-8e0a-d9e084dfa179, command=[]} | ret=SUCCESS |  
2019-08-20 17:21:47,990 | INFO  | SCMAudit | user=jenkins1000 | ip=192.168.5.168 | op=SEND_HEARTBEAT {datanodeUUID=95472db8-eb3c-4487-86ee-919a717e7c8c, command=[]} | ret=SUCCESS |  
2019-08-20 17:21:48,110 [Thread-2522] INFO  impl.FollowerState (FollowerState.java:run(106)) - 39308b5f-2bd8-4b69-9392-e970931b2c1c:group-61A1137654F8 changes to CANDIDATE, lastRpcTime:9772, electionTimeout:5143ms
2019-08-20 17:21:48,110 [Thread-2522] INFO  impl.RoleInfo (RoleInfo.java:shutdownFollowerState(121)) - 39308b5f-2bd8-4b69-9392-e970931b2c1c: shutdown FollowerState
2019-08-20 17:21:48,110 [Thread-2522] INFO  impl.RaftServerImpl (RaftServerImpl.java:setRole(171)) - 39308b5f-2bd8-4b69-9392-e970931b2c1c:group-61A1137654F8 changes role from FOLLOWER to CANDIDATE at term 1 for changeToCandidate
2019-08-20 17:21:48,110 [Thread-2522] INFO  impl.RoleInfo (RoleInfo.java:updateAndGet(143)) - 39308b5f-2bd8-4b69-9392-e970931b2c1c: start LeaderElection
2019-08-20 17:21:48,114 [39308b5f-2bd8-4b69-9392-e970931b2c1c:group-61A1137654F8:LeaderElection70] INFO  impl.RaftServerImpl (ServerState.java:setLeader(263)) - 39308b5f-2bd8-4b69-9392-e970931b2c1c:group-61A1137654F8 change Leader from b78857a0-3595-4f2d-9fb4-c7386e8457ec to null at term 1 for initElection
2019-08-20 17:21:48,157 | INFO  | SCMAudit | user=jenkins1000 | ip=192.168.5.168 | op=SEND_HEARTBEAT {datanodeUUID=7b8221e5-df7c-4a80-8328-8297dfde5426, command=[]} | ret=SUCCESS |  
2019-08-20 17:21:48,494 | INFO  | SCMAudit | user=jenkins1000 | ip=192.168.5.168 | op=SEND_HEARTBEAT {datanodeUUID=b458316a-5f51-4ff4-8786-e518fe47f684, command=[]} | ret=SUCCESS |  
2019-08-20 17:21:48,496 | INFO  | SCMAudit | user=jenkins1000 | ip=192.168.5.168 | op=SEND_HEARTBEAT {datanodeUUID=39308b5f-2bd8-4b69-9392-e970931b2c1c, command=[]} | ret=SUCCESS |  
2019-08-20 17:21:48,657 | INFO  | SCMAudit | user=jenkins1000 | ip=192.168.5.168 | op=SEND_HEARTBEAT {datanodeUUID=6d465182-e65c-481c-b5b5-22d615bea83e, command=[]} | ret=SUCCESS |  
2019-08-20 17:21:48,716 [grpc-default-executor-6] INFO  client.GrpcClientProtocolClient (GrpcClientProtocolClient.java:onNext(255)) - client-FBD62FE2F21A->b458316a-5f51-4ff4-8786-e518fe47f684: receive RaftClientReply:client-FBD62FE2F21A->b458316a-5f51-4ff4-8786-e518fe47f684@group-61A1137654F8, cid=104, FAILED org.apache.ratis.protocol.NotLeaderException: Server b458316a-5f51-4ff4-8786-e518fe47f684 is not the leader (null). Request must be sent to leader., logIndex=0, commits[b458316a-5f51-4ff4-8786-e518fe47f684:c2, 39308b5f-2bd8-4b69-9392-e970931b2c1c:c2, b78857a0-3595-4f2d-9fb4-c7386e8457ec:c2]
2019-08-20 17:21:48,819 | INFO  | SCMAudit | user=jenkins1000 | ip=192.168.5.168 | op=SEND_HEARTBEAT {datanodeUUID=4ccb66d6-8f8f-4544-8e0a-d9e084dfa179, command=[]} | ret=SUCCESS |  
2019-08-20 17:21:48,990 | INFO  | SCMAudit | user=jenkins1000 | ip=192.168.5.168 | op=SEND_HEARTBEAT {datanodeUUID=95472db8-eb3c-4487-86ee-919a717e7c8c, command=[]} | ret=SUCCESS |  
2019-08-20 17:21:49,157 | INFO  | SCMAudit | user=jenkins1000 | ip=192.168.5.168 | op=SEND_HEARTBEAT {datanodeUUID=7b8221e5-df7c-4a80-8328-8297dfde5426, command=[]} | ret=SUCCESS |  
2019-08-20 17:21:49,494 | INFO  | SCMAudit | user=jenkins1000 | ip=192.168.5.168 | op=SEND_HEARTBEAT {datanodeUUID=b458316a-5f51-4ff4-8786-e518fe47f684, command=[]} | ret=SUCCESS |  
2019-08-20 17:21:49,496 | INFO  | SCMAudit | user=jenkins1000 | ip=192.168.5.168 | op=SEND_HEARTBEAT {datanodeUUID=39308b5f-2bd8-4b69-9392-e970931b2c1c, command=[]} | ret=SUCCESS |  
2019-08-20 17:21:49,657 | INFO  | SCMAudit | user=jenkins1000 | ip=192.168.5.168 | op=SEND_HEARTBEAT {datanodeUUID=6d465182-e65c-481c-b5b5-22d615bea83e, command=[]} | ret=SUCCESS |  
2019-08-20 17:21:49,727 [grpc-default-executor-6] INFO  client.GrpcClientProtocolClient (GrpcClientProtocolClient.java:onNext(255)) - client-FBD62FE2F21A->39308b5f-2bd8-4b69-9392-e970931b2c1c: receive RaftClientReply:client-FBD62FE2F21A->39308b5f-2bd8-4b69-9392-e970931b2c1c@group-61A1137654F8, cid=104, FAILED org.apache.ratis.protocol.NotLeaderException: Server 39308b5f-2bd8-4b69-9392-e970931b2c1c is not the leader (null). Request must be sent to leader., logIndex=0, commits[39308b5f-2bd8-4b69-9392-e970931b2c1c:c2, b458316a-5f51-4ff4-8786-e518fe47f684:c2, b78857a0-3595-4f2d-9fb4-c7386e8457ec:c2]
]]></system-out>
    <system-err><![CDATA[Aug 20, 2019 5:21:23 PM com.sun.jersey.server.impl.application.WebApplicationImpl _initiate
INFO: Initiating Jersey application, version 'Jersey: 1.19 02/11/2015 03:25 AM'
Aug 20, 2019 5:21:23 PM com.sun.jersey.server.impl.application.WebApplicationImpl _initiate
INFO: Initiating Jersey application, version 'Jersey: 1.19 02/11/2015 03:25 AM'
Aug 20, 2019 5:21:23 PM com.sun.jersey.server.impl.application.WebApplicationImpl _initiate
INFO: Initiating Jersey application, version 'Jersey: 1.19 02/11/2015 03:25 AM'
Aug 20, 2019 5:21:23 PM com.sun.jersey.server.impl.application.WebApplicationImpl _initiate
INFO: Initiating Jersey application, version 'Jersey: 1.19 02/11/2015 03:25 AM'
Aug 20, 2019 5:21:23 PM com.sun.jersey.server.impl.application.WebApplicationImpl _initiate
INFO: Initiating Jersey application, version 'Jersey: 1.19 02/11/2015 03:25 AM'
Aug 20, 2019 5:21:23 PM com.sun.jersey.server.impl.application.WebApplicationImpl _initiate
INFO: Initiating Jersey application, version 'Jersey: 1.19 02/11/2015 03:25 AM'
Aug 20, 2019 5:21:24 PM com.sun.jersey.server.impl.application.WebApplicationImpl _initiate
INFO: Initiating Jersey application, version 'Jersey: 1.19 02/11/2015 03:25 AM'
Aug 20, 2019 5:21:27 PM org.apache.ratis.thirdparty.io.grpc.internal.ManagedChannelOrphanWrapper$ManagedChannelReference cleanQueue
SEVERE: *~*~*~ Channel ManagedChannelImpl{logId=1799, target=192.168.5.168:34839} was not shutdown properly!!! ~*~*~*
    Make sure to call shutdown()/shutdownNow() and wait until awaitTermination() returns true.
java.lang.RuntimeException: ManagedChannel allocation site
	at org.apache.ratis.thirdparty.io.grpc.internal.ManagedChannelOrphanWrapper$ManagedChannelReference.<init>(ManagedChannelOrphanWrapper.java:103)
	at org.apache.ratis.thirdparty.io.grpc.internal.ManagedChannelOrphanWrapper.<init>(ManagedChannelOrphanWrapper.java:53)
	at org.apache.ratis.thirdparty.io.grpc.internal.ManagedChannelOrphanWrapper.<init>(ManagedChannelOrphanWrapper.java:44)
	at org.apache.ratis.thirdparty.io.grpc.internal.AbstractManagedChannelImplBuilder.build(AbstractManagedChannelImplBuilder.java:411)
	at org.apache.ratis.grpc.client.GrpcClientProtocolClient.<init>(GrpcClientProtocolClient.java:119)
	at org.apache.ratis.grpc.client.GrpcClientRpc.lambda$new$0(GrpcClientRpc.java:55)
	at org.apache.ratis.util.PeerProxyMap$PeerAndProxy.lambda$getProxy$0(PeerProxyMap.java:61)
	at org.apache.ratis.util.LifeCycle.startAndTransition(LifeCycle.java:202)
	at org.apache.ratis.util.PeerProxyMap$PeerAndProxy.getProxy(PeerProxyMap.java:60)
	at org.apache.ratis.util.PeerProxyMap.getProxy(PeerProxyMap.java:107)
	at org.apache.ratis.grpc.client.GrpcClientRpc.sendRequestAsyncUnordered(GrpcClientRpc.java:78)
	at org.apache.ratis.client.impl.UnorderedAsync.sendRequestWithRetry(UnorderedAsync.java:75)
	at org.apache.ratis.client.impl.UnorderedAsync.lambda$null$2(UnorderedAsync.java:120)
	at org.apache.ratis.util.TimeoutScheduler.lambda$onTimeout$0(TimeoutScheduler.java:85)
	at org.apache.ratis.util.TimeoutScheduler.lambda$onTimeout$1(TimeoutScheduler.java:104)
	at org.apache.ratis.util.LogUtils.runAndLog(LogUtils.java:50)
	at org.apache.ratis.util.LogUtils$1.run(LogUtils.java:91)
	at java.util.concurrent.Executors$RunnableAdapter.call(Executors.java:511)
	at java.util.concurrent.FutureTask.run(FutureTask.java:266)
	at java.util.concurrent.ScheduledThreadPoolExecutor$ScheduledFutureTask.access$201(ScheduledThreadPoolExecutor.java:180)
	at java.util.concurrent.ScheduledThreadPoolExecutor$ScheduledFutureTask.run(ScheduledThreadPoolExecutor.java:293)
	at java.util.concurrent.ThreadPoolExecutor.runWorker(ThreadPoolExecutor.java:1149)
	at java.util.concurrent.ThreadPoolExecutor$Worker.run(ThreadPoolExecutor.java:624)
	at java.lang.Thread.run(Thread.java:748)

Aug 20, 2019 5:21:27 PM org.apache.ratis.thirdparty.io.grpc.internal.ManagedChannelOrphanWrapper$ManagedChannelReference cleanQueue
SEVERE: *~*~*~ Channel ManagedChannelImpl{logId=1429, target=192.168.5.168:43305} was not shutdown properly!!! ~*~*~*
    Make sure to call shutdown()/shutdownNow() and wait until awaitTermination() returns true.
java.lang.RuntimeException: ManagedChannel allocation site
	at org.apache.ratis.thirdparty.io.grpc.internal.ManagedChannelOrphanWrapper$ManagedChannelReference.<init>(ManagedChannelOrphanWrapper.java:103)
	at org.apache.ratis.thirdparty.io.grpc.internal.ManagedChannelOrphanWrapper.<init>(ManagedChannelOrphanWrapper.java:53)
	at org.apache.ratis.thirdparty.io.grpc.internal.ManagedChannelOrphanWrapper.<init>(ManagedChannelOrphanWrapper.java:44)
	at org.apache.ratis.thirdparty.io.grpc.internal.AbstractManagedChannelImplBuilder.build(AbstractManagedChannelImplBuilder.java:411)
	at org.apache.ratis.grpc.client.GrpcClientProtocolClient.<init>(GrpcClientProtocolClient.java:119)
	at org.apache.ratis.grpc.client.GrpcClientRpc.lambda$new$0(GrpcClientRpc.java:55)
	at org.apache.ratis.util.PeerProxyMap$PeerAndProxy.lambda$getProxy$0(PeerProxyMap.java:61)
	at org.apache.ratis.util.LifeCycle.startAndTransition(LifeCycle.java:202)
	at org.apache.ratis.util.PeerProxyMap$PeerAndProxy.getProxy(PeerProxyMap.java:60)
	at org.apache.ratis.util.PeerProxyMap.getProxy(PeerProxyMap.java:107)
	at org.apache.ratis.grpc.client.GrpcClientRpc.sendRequestAsyncUnordered(GrpcClientRpc.java:78)
	at org.apache.ratis.client.impl.UnorderedAsync.sendRequestWithRetry(UnorderedAsync.java:75)
	at org.apache.ratis.client.impl.UnorderedAsync.lambda$null$2(UnorderedAsync.java:120)
	at org.apache.ratis.util.TimeoutScheduler.lambda$onTimeout$0(TimeoutScheduler.java:85)
	at org.apache.ratis.util.TimeoutScheduler.lambda$onTimeout$1(TimeoutScheduler.java:104)
	at org.apache.ratis.util.LogUtils.runAndLog(LogUtils.java:50)
	at org.apache.ratis.util.LogUtils$1.run(LogUtils.java:91)
	at java.util.concurrent.Executors$RunnableAdapter.call(Executors.java:511)
	at java.util.concurrent.FutureTask.run(FutureTask.java:266)
	at java.util.concurrent.ScheduledThreadPoolExecutor$ScheduledFutureTask.access$201(ScheduledThreadPoolExecutor.java:180)
	at java.util.concurrent.ScheduledThreadPoolExecutor$ScheduledFutureTask.run(ScheduledThreadPoolExecutor.java:293)
	at java.util.concurrent.ThreadPoolExecutor.runWorker(ThreadPoolExecutor.java:1149)
	at java.util.concurrent.ThreadPoolExecutor$Worker.run(ThreadPoolExecutor.java:624)
	at java.lang.Thread.run(Thread.java:748)

]]></system-err>
  </testcase>
</testsuite>