<?xml version="1.0" encoding="UTF-8"?>
<testsuite xmlns:xsi="http://www.w3.org/2001/XMLSchema-instance" xsi:noNamespaceSchemaLocation="https://maven.apache.org/surefire/maven-surefire-plugin/xsd/surefire-test-report.xsd" name="org.apache.hadoop.ozone.client.rpc.Test2WayCommitInRatis" time="40.087" tests="1" errors="1" skipped="0" failures="0">
  <properties>
    <property name="awt.toolkit" value="sun.awt.X11.XToolkit"/>
    <property name="file.encoding.pkg" value="sun.io"/>
    <property name="java.specification.version" value="1.8"/>
    <property name="sun.cpu.isalist" value=""/>
    <property name="sun.jnu.encoding" value="UTF-8"/>
    <property name="java.class.path" value="/workdir/hadoop-ozone/integration-test/target/test-classes:/workdir/hadoop-ozone/integration-test/target/classes:/home/user/.m2/repository/org/apache/hadoop/hadoop-ozone-common/0.5.0-SNAPSHOT/hadoop-ozone-common-0.5.0-SNAPSHOT.jar:/home/user/.m2/repository/org/apache/commons/commons-compress/1.4.1/commons-compress-1.4.1.jar:/home/user/.m2/repository/org/tukaani/xz/1.0/xz-1.0.jar:/home/user/.m2/repository/org/apache/hadoop/hadoop-common/3.2.0/hadoop-common-3.2.0.jar:/home/user/.m2/repository/org/apache/hadoop/hadoop-hdfs/3.2.0/hadoop-hdfs-3.2.0.jar:/home/user/.m2/repository/org/apache/hadoop/hadoop-hdfs-client/3.2.0/hadoop-hdfs-client-3.2.0.jar:/home/user/.m2/repository/com/fasterxml/jackson/core/jackson-annotations/2.9.5/jackson-annotations-2.9.5.jar:/home/user/.m2/repository/org/apache/hadoop/hadoop-hdds-common/0.5.0-SNAPSHOT/hadoop-hdds-common-0.5.0-SNAPSHOT.jar:/home/user/.m2/repository/javax/annotation/javax.annotation-api/1.2/javax.annotation-api-1.2.jar:/home/user/.m2/repository/org/apache/ratis/ratis-server/0.4.0-2337318-SNAPSHOT/ratis-server-0.4.0-2337318-SNAPSHOT.jar:/home/user/.m2/repository/org/apache/ratis/ratis-thirdparty-misc/0.2.0/ratis-thirdparty-misc-0.2.0.jar:/home/user/.m2/repository/org/apache/ratis/ratis-proto/0.4.0-2337318-SNAPSHOT/ratis-proto-0.4.0-2337318-SNAPSHOT.jar:/home/user/.m2/repository/org/apache/ratis/ratis-common/0.4.0-2337318-SNAPSHOT/ratis-common-0.4.0-2337318-SNAPSHOT.jar:/home/user/.m2/repository/org/apache/ratis/ratis-client/0.4.0-2337318-SNAPSHOT/ratis-client-0.4.0-2337318-SNAPSHOT.jar:/home/user/.m2/repository/org/apache/ratis/ratis-metrics/0.4.0-2337318-SNAPSHOT/ratis-metrics-0.4.0-2337318-SNAPSHOT.jar:/home/user/.m2/repository/org/apache/ratis/ratis-netty/0.4.0-2337318-SNAPSHOT/ratis-netty-0.4.0-2337318-SNAPSHOT.jar:/home/user/.m2/repository/org/apache/ratis/ratis-grpc/0.4.0-2337318-SNAPSHOT/ratis-grpc-0.4.0-2337318-SNAPSHOT.jar:/home/user/.m2/repository/org/rocksdb/rocksdbjni/6.0.1/rocksdbjni-6.0.1.jar:/home/user/.m2/repository/org/apache/logging/log4j/log4j-api/2.11.0/log4j-api-2.11.0.jar:/home/user/.m2/repository/org/apache/logging/log4j/log4j-core/2.11.0/log4j-core-2.11.0.jar:/home/user/.m2/repository/com/lmax/disruptor/3.4.2/disruptor-3.4.2.jar:/home/user/.m2/repository/org/apache/commons/commons-pool2/2.6.0/commons-pool2-2.6.0.jar:/home/user/.m2/repository/org/bouncycastle/bcpkix-jdk15on/1.60/bcpkix-jdk15on-1.60.jar:/home/user/.m2/repository/commons-validator/commons-validator/1.6/commons-validator-1.6.jar:/home/user/.m2/repository/commons-digester/commons-digester/1.8.1/commons-digester-1.8.1.jar:/home/user/.m2/repository/io/jaegertracing/jaeger-client/0.33.1/jaeger-client-0.33.1.jar:/home/user/.m2/repository/io/jaegertracing/jaeger-thrift/0.33.1/jaeger-thrift-0.33.1.jar:/home/user/.m2/repository/org/apache/thrift/libthrift/0.11.0/libthrift-0.11.0.jar:/home/user/.m2/repository/com/squareup/okhttp3/okhttp/3.9.0/okhttp-3.9.0.jar:/home/user/.m2/repository/com/squareup/okio/okio/1.13.0/okio-1.13.0.jar:/home/user/.m2/repository/io/jaegertracing/jaeger-core/0.33.1/jaeger-core-0.33.1.jar:/home/user/.m2/repository/io/jaegertracing/jaeger-tracerresolver/0.33.1/jaeger-tracerresolver-0.33.1.jar:/home/user/.m2/repository/io/opentracing/contrib/opentracing-tracerresolver/0.1.5/opentracing-tracerresolver-0.1.5.jar:/home/user/.m2/repository/io/opentracing/opentracing-util/0.31.0/opentracing-util-0.31.0.jar:/home/user/.m2/repository/io/opentracing/opentracing-api/0.31.0/opentracing-api-0.31.0.jar:/home/user/.m2/repository/io/opentracing/opentracing-noop/0.31.0/opentracing-noop-0.31.0.jar:/home/user/.m2/repository/org/apache/hadoop/hadoop-hdds-server-framework/0.5.0-SNAPSHOT/hadoop-hdds-server-framework-0.5.0-SNAPSHOT.jar:/home/user/.m2/repository/org/apache/hadoop/hadoop-hdds-container-service/0.5.0-SNAPSHOT/hadoop-hdds-container-service-0.5.0-SNAPSHOT.jar:/home/user/.m2/repository/org/apache/hadoop/hadoop-hdds-client/0.5.0-SNAPSHOT/hadoop-hdds-client-0.5.0-SNAPSHOT.jar:/home/user/.m2/repository/org/apache/hadoop/hadoop-hdds-tools/0.5.0-SNAPSHOT/hadoop-hdds-tools-0.5.0-SNAPSHOT.jar:/home/user/.m2/repository/org/apache/hadoop/hadoop-hdds-server-scm/0.5.0-SNAPSHOT/hadoop-hdds-server-scm-0.5.0-SNAPSHOT.jar:/home/user/.m2/repository/org/apache/hadoop/hadoop-hdds-docs/0.5.0-SNAPSHOT/hadoop-hdds-docs-0.5.0-SNAPSHOT.jar:/home/user/.m2/repository/io/dropwizard/metrics/metrics-core/3.2.4/metrics-core-3.2.4.jar:/home/user/.m2/repository/org/hamcrest/hamcrest-all/1.3/hamcrest-all-1.3.jar:/home/user/.m2/repository/org/bouncycastle/bcprov-jdk15on/1.60/bcprov-jdk15on-1.60.jar:/home/user/.m2/repository/info/picocli/picocli/3.9.6/picocli-3.9.6.jar:/home/user/.m2/repository/com/google/protobuf/protobuf-java/2.5.0/protobuf-java-2.5.0.jar:/home/user/.m2/repository/com/google/guava/guava/11.0.2/guava-11.0.2.jar:/home/user/.m2/repository/org/apache/hadoop/hadoop-ozone-ozone-manager/0.5.0-SNAPSHOT/hadoop-ozone-ozone-manager-0.5.0-SNAPSHOT.jar:/home/user/.m2/repository/org/apache/hadoop/hadoop-minikdc/3.2.0/hadoop-minikdc-3.2.0.jar:/home/user/.m2/repository/commons-io/commons-io/2.5/commons-io-2.5.jar:/home/user/.m2/repository/org/apache/kerby/kerb-simplekdc/1.0.1/kerb-simplekdc-1.0.1.jar:/home/user/.m2/repository/org/apache/kerby/kerb-client/1.0.1/kerb-client-1.0.1.jar:/home/user/.m2/repository/org/apache/kerby/kerby-config/1.0.1/kerby-config-1.0.1.jar:/home/user/.m2/repository/org/apache/kerby/kerb-core/1.0.1/kerb-core-1.0.1.jar:/home/user/.m2/repository/org/apache/kerby/kerby-pkix/1.0.1/kerby-pkix-1.0.1.jar:/home/user/.m2/repository/org/apache/kerby/kerby-asn1/1.0.1/kerby-asn1-1.0.1.jar:/home/user/.m2/repository/org/apache/kerby/kerby-util/1.0.1/kerby-util-1.0.1.jar:/home/user/.m2/repository/org/apache/kerby/kerb-common/1.0.1/kerb-common-1.0.1.jar:/home/user/.m2/repository/org/apache/kerby/kerb-crypto/1.0.1/kerb-crypto-1.0.1.jar:/home/user/.m2/repository/org/apache/kerby/kerb-util/1.0.1/kerb-util-1.0.1.jar:/home/user/.m2/repository/org/apache/kerby/token-provider/1.0.1/token-provider-1.0.1.jar:/home/user/.m2/repository/org/apache/kerby/kerb-admin/1.0.1/kerb-admin-1.0.1.jar:/home/user/.m2/repository/org/apache/kerby/kerb-server/1.0.1/kerb-server-1.0.1.jar:/home/user/.m2/repository/org/apache/kerby/kerb-identity/1.0.1/kerb-identity-1.0.1.jar:/home/user/.m2/repository/org/apache/kerby/kerby-xdr/1.0.1/kerby-xdr-1.0.1.jar:/home/user/.m2/repository/org/slf4j/slf4j-log4j12/1.7.25/slf4j-log4j12-1.7.25.jar:/home/user/.m2/repository/org/apache/hadoop/hadoop-ozone-objectstore-service/0.5.0-SNAPSHOT/hadoop-ozone-objectstore-service-0.5.0-SNAPSHOT.jar:/home/user/.m2/repository/org/apache/hadoop/hadoop-ozone-s3gateway/0.5.0-SNAPSHOT/hadoop-ozone-s3gateway-0.5.0-SNAPSHOT.jar:/home/user/.m2/repository/org/jboss/weld/servlet/weld-servlet/2.4.7.Final/weld-servlet-2.4.7.Final.jar:/home/user/.m2/repository/org/glassfish/jersey/containers/jersey-container-servlet-core/2.27/jersey-container-servlet-core-2.27.jar:/home/user/.m2/repository/org/glassfish/hk2/external/javax.inject/2.5.0-b42/javax.inject-2.5.0-b42.jar:/home/user/.m2/repository/org/glassfish/jersey/core/jersey-common/2.27/jersey-common-2.27.jar:/home/user/.m2/repository/org/glassfish/hk2/osgi-resource-locator/1.0.1/osgi-resource-locator-1.0.1.jar:/home/user/.m2/repository/javax/ws/rs/javax.ws.rs-api/2.1/javax.ws.rs-api-2.1.jar:/home/user/.m2/repository/org/glassfish/jersey/ext/cdi/jersey-cdi1x/2.27/jersey-cdi1x-2.27.jar:/home/user/.m2/repository/org/glassfish/jersey/inject/jersey-hk2/2.27/jersey-hk2-2.27.jar:/home/user/.m2/repository/org/glassfish/hk2/hk2-locator/2.5.0-b42/hk2-locator-2.5.0-b42.jar:/home/user/.m2/repository/org/javassist/javassist/3.22.0-CR2/javassist-3.22.0-CR2.jar:/home/user/.m2/repository/org/glassfish/hk2/hk2-api/2.5.0/hk2-api-2.5.0.jar:/home/user/.m2/repository/org/glassfish/hk2/external/jakarta.inject/2.5.0/jakarta.inject-2.5.0.jar:/home/user/.m2/repository/org/glassfish/hk2/hk2-utils/2.5.0/hk2-utils-2.5.0.jar:/home/user/.m2/repository/jakarta/annotation/jakarta.annotation-api/1.3.4/jakarta.annotation-api-1.3.4.jar:/home/user/.m2/repository/org/glassfish/hk2/external/aopalliance-repackaged/2.5.0/aopalliance-repackaged-2.5.0.jar:/home/user/.m2/repository/com/fasterxml/jackson/dataformat/jackson-dataformat-xml/2.9.0/jackson-dataformat-xml-2.9.0.jar:/home/user/.m2/repository/com/fasterxml/jackson/core/jackson-core/2.9.5/jackson-core-2.9.5.jar:/home/user/.m2/repository/com/fasterxml/jackson/module/jackson-module-jaxb-annotations/2.9.5/jackson-module-jaxb-annotations-2.9.5.jar:/home/user/.m2/repository/javax/enterprise/cdi-api/1.2/cdi-api-1.2.jar:/home/user/.m2/repository/javax/el/javax.el-api/3.0.0/javax.el-api-3.0.0.jar:/home/user/.m2/repository/javax/interceptor/javax.interceptor-api/1.2/javax.interceptor-api-1.2.jar:/home/user/.m2/repository/javax/inject/javax.inject/1/javax.inject-1.jar:/home/user/.m2/repository/com/sun/xml/bind/jaxb-impl/2.3.0.1/jaxb-impl-2.3.0.1.jar:/home/user/.m2/repository/com/sun/xml/bind/jaxb-core/2.3.0.1/jaxb-core-2.3.0.1.jar:/home/user/.m2/repository/javax/xml/bind/jaxb-api/2.3.0/jaxb-api-2.3.0.jar:/home/user/.m2/repository/javax/activation/activation/1.1.1/activation-1.1.1.jar:/home/user/.m2/repository/org/apache/hadoop/hadoop-ozone-csi/0.5.0-SNAPSHOT/hadoop-ozone-csi-0.5.0-SNAPSHOT.jar:/home/user/.m2/repository/com/google/protobuf/protobuf-java-util/3.5.1/protobuf-java-util-3.5.1.jar:/home/user/.m2/repository/org/apache/hadoop/hadoop-hdds-config/0.5.0-SNAPSHOT/hadoop-hdds-config-0.5.0-SNAPSHOT.jar:/home/user/.m2/repository/io/grpc/grpc-netty/1.17.1/grpc-netty-1.17.1.jar:/home/user/.m2/repository/io/grpc/grpc-core/1.17.1/grpc-core-1.17.1.jar:/home/user/.m2/repository/io/grpc/grpc-context/1.17.1/grpc-context-1.17.1.jar:/home/user/.m2/repository/com/google/errorprone/error_prone_annotations/2.2.0/error_prone_annotations-2.2.0.jar:/home/user/.m2/repository/org/codehaus/mojo/animal-sniffer-annotations/1.17/animal-sniffer-annotations-1.17.jar:/home/user/.m2/repository/io/opencensus/opencensus-api/0.17.0/opencensus-api-0.17.0.jar:/home/user/.m2/repository/io/opencensus/opencensus-contrib-grpc-metrics/0.17.0/opencensus-contrib-grpc-metrics-0.17.0.jar:/home/user/.m2/repository/io/netty/netty-codec-http2/4.1.30.Final/netty-codec-http2-4.1.30.Final.jar:/home/user/.m2/repository/io/netty/netty-codec-http/4.1.30.Final/netty-codec-http-4.1.30.Final.jar:/home/user/.m2/repository/io/netty/netty-codec/4.1.30.Final/netty-codec-4.1.30.Final.jar:/home/user/.m2/repository/io/netty/netty-handler/4.1.30.Final/netty-handler-4.1.30.Final.jar:/home/user/.m2/repository/io/netty/netty-handler-proxy/4.1.30.Final/netty-handler-proxy-4.1.30.Final.jar:/home/user/.m2/repository/io/netty/netty-codec-socks/4.1.30.Final/netty-codec-socks-4.1.30.Final.jar:/home/user/.m2/repository/io/netty/netty-transport-native-epoll/4.1.30.Final/netty-transport-native-epoll-4.1.30.Final.jar:/home/user/.m2/repository/io/netty/netty-common/4.1.30.Final/netty-common-4.1.30.Final.jar:/home/user/.m2/repository/io/netty/netty-buffer/4.1.30.Final/netty-buffer-4.1.30.Final.jar:/home/user/.m2/repository/io/netty/netty-transport/4.1.30.Final/netty-transport-4.1.30.Final.jar:/home/user/.m2/repository/io/netty/netty-resolver/4.1.30.Final/netty-resolver-4.1.30.Final.jar:/home/user/.m2/repository/io/netty/netty-transport-native-unix-common/4.1.30.Final/netty-transport-native-unix-common-4.1.30.Final.jar:/home/user/.m2/repository/io/grpc/grpc-protobuf/1.17.1/grpc-protobuf-1.17.1.jar:/home/user/.m2/repository/com/google/api/grpc/proto-google-common-protos/1.0.0/proto-google-common-protos-1.0.0.jar:/home/user/.m2/repository/io/grpc/grpc-protobuf-lite/1.17.1/grpc-protobuf-lite-1.17.1.jar:/home/user/.m2/repository/io/grpc/grpc-stub/1.17.1/grpc-stub-1.17.1.jar:/home/user/.m2/repository/org/apache/hadoop/hadoop-ozone-recon/0.5.0-SNAPSHOT/hadoop-ozone-recon-0.5.0-SNAPSHOT.jar:/home/user/.m2/repository/org/apache/hadoop/hadoop-ozone-reconcodegen/0.5.0-SNAPSHOT/hadoop-ozone-reconcodegen-0.5.0-SNAPSHOT.jar:/home/user/.m2/repository/com/google/inject/extensions/guice-multibindings/4.0/guice-multibindings-4.0.jar:/home/user/.m2/repository/com/google/inject/guice/4.0/guice-4.0.jar:/home/user/.m2/repository/aopalliance/aopalliance/1.0/aopalliance-1.0.jar:/home/user/.m2/repository/com/google/inject/extensions/guice-servlet/4.0/guice-servlet-4.0.jar:/home/user/.m2/repository/org/glassfish/jersey/containers/jersey-container-servlet/2.27/jersey-container-servlet-2.27.jar:/home/user/.m2/repository/org/glassfish/hk2/guice-bridge/2.5.0/guice-bridge-2.5.0.jar:/home/user/.m2/repository/org/glassfish/jersey/core/jersey-server/2.27/jersey-server-2.27.jar:/home/user/.m2/repository/org/glassfish/jersey/core/jersey-client/2.27/jersey-client-2.27.jar:/home/user/.m2/repository/org/glassfish/jersey/media/jersey-media-jaxb/2.27/jersey-media-jaxb-2.27.jar:/home/user/.m2/repository/javax/validation/validation-api/1.1.0.Final/validation-api-1.1.0.Final.jar:/home/user/.m2/repository/org/glassfish/jersey/media/jersey-media-json-jackson/2.27/jersey-media-json-jackson-2.27.jar:/home/user/.m2/repository/org/glassfish/jersey/ext/jersey-entity-filtering/2.27/jersey-entity-filtering-2.27.jar:/home/user/.m2/repository/com/google/inject/extensions/guice-assistedinject/4.0/guice-assistedinject-4.0.jar:/home/user/.m2/repository/org/jooq/jooq/3.11.10/jooq-3.11.10.jar:/home/user/.m2/repository/org/jooq/jooq-meta/3.11.10/jooq-meta-3.11.10.jar:/home/user/.m2/repository/org/jooq/jooq-codegen/3.11.10/jooq-codegen-3.11.10.jar:/home/user/.m2/repository/com/jolbox/bonecp/0.8.0.RELEASE/bonecp-0.8.0.RELEASE.jar:/home/user/.m2/repository/org/xerial/sqlite-jdbc/3.25.2/sqlite-jdbc-3.25.2.jar:/home/user/.m2/repository/org/springframework/spring-jdbc/5.1.3.RELEASE/spring-jdbc-5.1.3.RELEASE.jar:/home/user/.m2/repository/org/springframework/spring-beans/5.1.3.RELEASE/spring-beans-5.1.3.RELEASE.jar:/home/user/.m2/repository/org/springframework/spring-core/5.1.3.RELEASE/spring-core-5.1.3.RELEASE.jar:/home/user/.m2/repository/org/springframework/spring-jcl/5.1.3.RELEASE/spring-jcl-5.1.3.RELEASE.jar:/home/user/.m2/repository/org/springframework/spring-tx/5.1.3.RELEASE/spring-tx-5.1.3.RELEASE.jar:/home/user/.m2/repository/org/apache/hadoop/hadoop-ozone-client/0.5.0-SNAPSHOT/hadoop-ozone-client-0.5.0-SNAPSHOT.jar:/home/user/.m2/repository/commons-lang/commons-lang/2.6/commons-lang-2.6.jar:/home/user/.m2/repository/org/apache/hadoop/hadoop-ozone-ozone-manager/0.5.0-SNAPSHOT/hadoop-ozone-ozone-manager-0.5.0-SNAPSHOT-tests.jar:/home/user/.m2/repository/junit/junit/4.11/junit-4.11.jar:/home/user/.m2/repository/org/hamcrest/hamcrest-core/1.3/hamcrest-core-1.3.jar:/home/user/.m2/repository/org/openjdk/jmh/jmh-core/1.19/jmh-core-1.19.jar:/home/user/.m2/repository/net/sf/jopt-simple/jopt-simple/4.6/jopt-simple-4.6.jar:/home/user/.m2/repository/org/apache/commons/commons-math3/3.1.1/commons-math3-3.1.1.jar:/home/user/.m2/repository/org/openjdk/jmh/jmh-generator-annprocess/1.19/jmh-generator-annprocess-1.19.jar:/home/user/.m2/repository/org/mockito/mockito-all/1.8.5/mockito-all-1.8.5.jar:/home/user/.m2/repository/org/apache/hadoop/hadoop-kms/3.2.0/hadoop-kms-3.2.0.jar:/home/user/.m2/repository/org/apache/hadoop/hadoop-auth/3.2.0/hadoop-auth-3.2.0.jar:/home/user/.m2/repository/com/nimbusds/nimbus-jose-jwt/4.41.1/nimbus-jose-jwt-4.41.1.jar:/home/user/.m2/repository/com/github/stephenc/jcip/jcip-annotations/1.0-1/jcip-annotations-1.0-1.jar:/home/user/.m2/repository/net/minidev/json-smart/2.3/json-smart-2.3.jar:/home/user/.m2/repository/net/minidev/accessors-smart/1.2/accessors-smart-1.2.jar:/home/user/.m2/repository/org/ow2/asm/asm/5.0.4/asm-5.0.4.jar:/home/user/.m2/repository/org/apache/curator/curator-framework/2.12.0/curator-framework-2.12.0.jar:/home/user/.m2/repository/com/sun/jersey/jersey-core/1.19/jersey-core-1.19.jar:/home/user/.m2/repository/javax/ws/rs/jsr311-api/1.1.1/jsr311-api-1.1.1.jar:/home/user/.m2/repository/com/sun/jersey/jersey-server/1.19/jersey-server-1.19.jar:/home/user/.m2/repository/javax/servlet/javax.servlet-api/3.1.0/javax.servlet-api-3.1.0.jar:/home/user/.m2/repository/org/eclipse/jetty/jetty-server/9.3.24.v20180605/jetty-server-9.3.24.v20180605.jar:/home/user/.m2/repository/org/eclipse/jetty/jetty-http/9.3.24.v20180605/jetty-http-9.3.24.v20180605.jar:/home/user/.m2/repository/org/eclipse/jetty/jetty-io/9.3.24.v20180605/jetty-io-9.3.24.v20180605.jar:/home/user/.m2/repository/org/eclipse/jetty/jetty-webapp/9.3.24.v20180605/jetty-webapp-9.3.24.v20180605.jar:/home/user/.m2/repository/org/eclipse/jetty/jetty-xml/9.3.24.v20180605/jetty-xml-9.3.24.v20180605.jar:/home/user/.m2/repository/log4j/log4j/1.2.17/log4j-1.2.17.jar:/home/user/.m2/repository/org/slf4j/slf4j-api/1.7.25/slf4j-api-1.7.25.jar:/home/user/.m2/repository/org/slf4j/jul-to-slf4j/1.7.25/jul-to-slf4j-1.7.25.jar:/home/user/.m2/repository/org/eclipse/jetty/jetty-util/9.3.24.v20180605/jetty-util-9.3.24.v20180605.jar:/home/user/.m2/repository/com/fasterxml/jackson/core/jackson-databind/2.9.5/jackson-databind-2.9.5.jar:/home/user/.m2/repository/org/apache/hadoop/hadoop-kms/3.2.0/hadoop-kms-3.2.0-tests.jar:/home/user/.m2/repository/org/apache/hadoop/hadoop-hdds-server-scm/0.5.0-SNAPSHOT/hadoop-hdds-server-scm-0.5.0-SNAPSHOT-tests.jar:/home/user/.m2/repository/org/apache/hadoop/hadoop-hdds-container-service/0.5.0-SNAPSHOT/hadoop-hdds-container-service-0.5.0-SNAPSHOT-tests.jar:/home/user/.m2/repository/org/yaml/snakeyaml/1.16/snakeyaml-1.16.jar:/home/user/.m2/repository/org/apache/hadoop/hadoop-common/3.2.0/hadoop-common-3.2.0-tests.jar:/home/user/.m2/repository/org/apache/hadoop/hadoop-annotations/3.2.0/hadoop-annotations-3.2.0.jar:/usr/lib/jvm/java-1.8-openjdk/jre/../lib/tools.jar:/home/user/.m2/repository/commons-cli/commons-cli/1.2/commons-cli-1.2.jar:/home/user/.m2/repository/org/apache/httpcomponents/httpclient/4.5.2/httpclient-4.5.2.jar:/home/user/.m2/repository/org/apache/httpcomponents/httpcore/4.4.4/httpcore-4.4.4.jar:/home/user/.m2/repository/commons-codec/commons-codec/1.11/commons-codec-1.11.jar:/home/user/.m2/repository/commons-net/commons-net/3.6/commons-net-3.6.jar:/home/user/.m2/repository/commons-collections/commons-collections/3.2.2/commons-collections-3.2.2.jar:/home/user/.m2/repository/org/eclipse/jetty/jetty-servlet/9.3.24.v20180605/jetty-servlet-9.3.24.v20180605.jar:/home/user/.m2/repository/org/eclipse/jetty/jetty-security/9.3.24.v20180605/jetty-security-9.3.24.v20180605.jar:/home/user/.m2/repository/javax/servlet/jsp/jsp-api/2.1/jsp-api-2.1.jar:/home/user/.m2/repository/com/sun/jersey/jersey-servlet/1.19/jersey-servlet-1.19.jar:/home/user/.m2/repository/com/sun/jersey/jersey-json/1.19/jersey-json-1.19.jar:/home/user/.m2/repository/org/codehaus/jettison/jettison/1.1/jettison-1.1.jar:/home/user/.m2/repository/org/codehaus/jackson/jackson-core-asl/1.9.13/jackson-core-asl-1.9.13.jar:/home/user/.m2/repository/org/codehaus/jackson/jackson-mapper-asl/1.9.13/jackson-mapper-asl-1.9.13.jar:/home/user/.m2/repository/org/codehaus/jackson/jackson-jaxrs/1.9.13/jackson-jaxrs-1.9.13.jar:/home/user/.m2/repository/org/codehaus/jackson/jackson-xc/1.9.13/jackson-xc-1.9.13.jar:/home/user/.m2/repository/commons-logging/commons-logging/1.1.3/commons-logging-1.1.3.jar:/home/user/.m2/repository/commons-beanutils/commons-beanutils/1.9.3/commons-beanutils-1.9.3.jar:/home/user/.m2/repository/org/apache/commons/commons-configuration2/2.1.1/commons-configuration2-2.1.1.jar:/home/user/.m2/repository/org/apache/commons/commons-lang3/3.7/commons-lang3-3.7.jar:/home/user/.m2/repository/org/apache/commons/commons-text/1.4/commons-text-1.4.jar:/home/user/.m2/repository/org/apache/avro/avro/1.7.7/avro-1.7.7.jar:/home/user/.m2/repository/com/thoughtworks/paranamer/paranamer/2.3/paranamer-2.3.jar:/home/user/.m2/repository/org/xerial/snappy/snappy-java/1.0.5/snappy-java-1.0.5.jar:/home/user/.m2/repository/com/google/re2j/re2j/1.1/re2j-1.1.jar:/home/user/.m2/repository/com/google/code/gson/gson/2.2.4/gson-2.2.4.jar:/home/user/.m2/repository/com/jcraft/jsch/0.1.54/jsch-0.1.54.jar:/home/user/.m2/repository/org/apache/curator/curator-client/2.12.0/curator-client-2.12.0.jar:/home/user/.m2/repository/org/apache/curator/curator-recipes/2.12.0/curator-recipes-2.12.0.jar:/home/user/.m2/repository/com/google/code/findbugs/jsr305/3.0.0/jsr305-3.0.0.jar:/home/user/.m2/repository/org/apache/htrace/htrace-core4/4.1.0-incubating/htrace-core4-4.1.0-incubating.jar:/home/user/.m2/repository/org/apache/zookeeper/zookeeper/3.4.13/zookeeper-3.4.13.jar:/home/user/.m2/repository/org/apache/yetus/audience-annotations/0.5.0/audience-annotations-0.5.0.jar:/home/user/.m2/repository/org/codehaus/woodstox/stax2-api/3.1.4/stax2-api-3.1.4.jar:/home/user/.m2/repository/com/fasterxml/woodstox/woodstox-core/5.0.3/woodstox-core-5.0.3.jar:/home/user/.m2/repository/dnsjava/dnsjava/2.1.7/dnsjava-2.1.7.jar:/home/user/.m2/repository/org/apache/hadoop/hadoop-hdfs/3.2.0/hadoop-hdfs-3.2.0-tests.jar:/home/user/.m2/repository/org/eclipse/jetty/jetty-util-ajax/9.3.24.v20180605/jetty-util-ajax-9.3.24.v20180605.jar:/home/user/.m2/repository/commons-daemon/commons-daemon/1.0.13/commons-daemon-1.0.13.jar:/home/user/.m2/repository/io/netty/netty/3.10.5.Final/netty-3.10.5.Final.jar:/home/user/.m2/repository/io/netty/netty-all/4.0.52.Final/netty-all-4.0.52.Final.jar:/home/user/.m2/repository/org/fusesource/leveldbjni/leveldbjni-all/1.8/leveldbjni-all-1.8.jar:"/>
    <property name="java.vm.vendor" value="IcedTea"/>
    <property name="sun.arch.data.model" value="64"/>
    <property name="test.build.dir" value="/workdir/hadoop-ozone/integration-test/target/test-dir"/>
    <property name="test.cache.data" value=""/>
    <property name="java.vendor.url" value="https://icedtea.classpath.org"/>
    <property name="user.timezone" value=""/>
    <property name="java.vm.specification.version" value="1.8"/>
    <property name="os.name" value="Linux"/>
    <property name="test.build.data" value="/workdir/hadoop-ozone/integration-test/target/test-dir"/>
    <property name="user.country" value="US"/>
    <property name="sun.java.launcher" value="SUN_STANDARD"/>
    <property name="sun.boot.library.path" value="/usr/lib/jvm/java-1.8-openjdk/jre/lib/amd64"/>
    <property name="sun.java.command" value="/workdir/hadoop-ozone/integration-test/target/surefire/surefirebooter1094309223791655238.jar /workdir/hadoop-ozone/integration-test/target/surefire 2019-08-20T17-04-00_547-jvmRun1 surefire7850783148996370792tmp surefire_341096341324227410535tmp"/>
    <property name="test" value="!TestMiniChaosOzoneCluster"/>
    <property name="surefire.test.class.path" value="/workdir/hadoop-ozone/integration-test/target/test-classes:/workdir/hadoop-ozone/integration-test/target/classes:/home/user/.m2/repository/org/apache/hadoop/hadoop-ozone-common/0.5.0-SNAPSHOT/hadoop-ozone-common-0.5.0-SNAPSHOT.jar:/home/user/.m2/repository/org/apache/commons/commons-compress/1.4.1/commons-compress-1.4.1.jar:/home/user/.m2/repository/org/tukaani/xz/1.0/xz-1.0.jar:/home/user/.m2/repository/org/apache/hadoop/hadoop-common/3.2.0/hadoop-common-3.2.0.jar:/home/user/.m2/repository/org/apache/hadoop/hadoop-hdfs/3.2.0/hadoop-hdfs-3.2.0.jar:/home/user/.m2/repository/org/apache/hadoop/hadoop-hdfs-client/3.2.0/hadoop-hdfs-client-3.2.0.jar:/home/user/.m2/repository/com/fasterxml/jackson/core/jackson-annotations/2.9.5/jackson-annotations-2.9.5.jar:/home/user/.m2/repository/org/apache/hadoop/hadoop-hdds-common/0.5.0-SNAPSHOT/hadoop-hdds-common-0.5.0-SNAPSHOT.jar:/home/user/.m2/repository/javax/annotation/javax.annotation-api/1.2/javax.annotation-api-1.2.jar:/home/user/.m2/repository/org/apache/ratis/ratis-server/0.4.0-2337318-SNAPSHOT/ratis-server-0.4.0-2337318-SNAPSHOT.jar:/home/user/.m2/repository/org/apache/ratis/ratis-thirdparty-misc/0.2.0/ratis-thirdparty-misc-0.2.0.jar:/home/user/.m2/repository/org/apache/ratis/ratis-proto/0.4.0-2337318-SNAPSHOT/ratis-proto-0.4.0-2337318-SNAPSHOT.jar:/home/user/.m2/repository/org/apache/ratis/ratis-common/0.4.0-2337318-SNAPSHOT/ratis-common-0.4.0-2337318-SNAPSHOT.jar:/home/user/.m2/repository/org/apache/ratis/ratis-client/0.4.0-2337318-SNAPSHOT/ratis-client-0.4.0-2337318-SNAPSHOT.jar:/home/user/.m2/repository/org/apache/ratis/ratis-metrics/0.4.0-2337318-SNAPSHOT/ratis-metrics-0.4.0-2337318-SNAPSHOT.jar:/home/user/.m2/repository/org/apache/ratis/ratis-netty/0.4.0-2337318-SNAPSHOT/ratis-netty-0.4.0-2337318-SNAPSHOT.jar:/home/user/.m2/repository/org/apache/ratis/ratis-grpc/0.4.0-2337318-SNAPSHOT/ratis-grpc-0.4.0-2337318-SNAPSHOT.jar:/home/user/.m2/repository/org/rocksdb/rocksdbjni/6.0.1/rocksdbjni-6.0.1.jar:/home/user/.m2/repository/org/apache/logging/log4j/log4j-api/2.11.0/log4j-api-2.11.0.jar:/home/user/.m2/repository/org/apache/logging/log4j/log4j-core/2.11.0/log4j-core-2.11.0.jar:/home/user/.m2/repository/com/lmax/disruptor/3.4.2/disruptor-3.4.2.jar:/home/user/.m2/repository/org/apache/commons/commons-pool2/2.6.0/commons-pool2-2.6.0.jar:/home/user/.m2/repository/org/bouncycastle/bcpkix-jdk15on/1.60/bcpkix-jdk15on-1.60.jar:/home/user/.m2/repository/commons-validator/commons-validator/1.6/commons-validator-1.6.jar:/home/user/.m2/repository/commons-digester/commons-digester/1.8.1/commons-digester-1.8.1.jar:/home/user/.m2/repository/io/jaegertracing/jaeger-client/0.33.1/jaeger-client-0.33.1.jar:/home/user/.m2/repository/io/jaegertracing/jaeger-thrift/0.33.1/jaeger-thrift-0.33.1.jar:/home/user/.m2/repository/org/apache/thrift/libthrift/0.11.0/libthrift-0.11.0.jar:/home/user/.m2/repository/com/squareup/okhttp3/okhttp/3.9.0/okhttp-3.9.0.jar:/home/user/.m2/repository/com/squareup/okio/okio/1.13.0/okio-1.13.0.jar:/home/user/.m2/repository/io/jaegertracing/jaeger-core/0.33.1/jaeger-core-0.33.1.jar:/home/user/.m2/repository/io/jaegertracing/jaeger-tracerresolver/0.33.1/jaeger-tracerresolver-0.33.1.jar:/home/user/.m2/repository/io/opentracing/contrib/opentracing-tracerresolver/0.1.5/opentracing-tracerresolver-0.1.5.jar:/home/user/.m2/repository/io/opentracing/opentracing-util/0.31.0/opentracing-util-0.31.0.jar:/home/user/.m2/repository/io/opentracing/opentracing-api/0.31.0/opentracing-api-0.31.0.jar:/home/user/.m2/repository/io/opentracing/opentracing-noop/0.31.0/opentracing-noop-0.31.0.jar:/home/user/.m2/repository/org/apache/hadoop/hadoop-hdds-server-framework/0.5.0-SNAPSHOT/hadoop-hdds-server-framework-0.5.0-SNAPSHOT.jar:/home/user/.m2/repository/org/apache/hadoop/hadoop-hdds-container-service/0.5.0-SNAPSHOT/hadoop-hdds-container-service-0.5.0-SNAPSHOT.jar:/home/user/.m2/repository/org/apache/hadoop/hadoop-hdds-client/0.5.0-SNAPSHOT/hadoop-hdds-client-0.5.0-SNAPSHOT.jar:/home/user/.m2/repository/org/apache/hadoop/hadoop-hdds-tools/0.5.0-SNAPSHOT/hadoop-hdds-tools-0.5.0-SNAPSHOT.jar:/home/user/.m2/repository/org/apache/hadoop/hadoop-hdds-server-scm/0.5.0-SNAPSHOT/hadoop-hdds-server-scm-0.5.0-SNAPSHOT.jar:/home/user/.m2/repository/org/apache/hadoop/hadoop-hdds-docs/0.5.0-SNAPSHOT/hadoop-hdds-docs-0.5.0-SNAPSHOT.jar:/home/user/.m2/repository/io/dropwizard/metrics/metrics-core/3.2.4/metrics-core-3.2.4.jar:/home/user/.m2/repository/org/hamcrest/hamcrest-all/1.3/hamcrest-all-1.3.jar:/home/user/.m2/repository/org/bouncycastle/bcprov-jdk15on/1.60/bcprov-jdk15on-1.60.jar:/home/user/.m2/repository/info/picocli/picocli/3.9.6/picocli-3.9.6.jar:/home/user/.m2/repository/com/google/protobuf/protobuf-java/2.5.0/protobuf-java-2.5.0.jar:/home/user/.m2/repository/com/google/guava/guava/11.0.2/guava-11.0.2.jar:/home/user/.m2/repository/org/apache/hadoop/hadoop-ozone-ozone-manager/0.5.0-SNAPSHOT/hadoop-ozone-ozone-manager-0.5.0-SNAPSHOT.jar:/home/user/.m2/repository/org/apache/hadoop/hadoop-minikdc/3.2.0/hadoop-minikdc-3.2.0.jar:/home/user/.m2/repository/commons-io/commons-io/2.5/commons-io-2.5.jar:/home/user/.m2/repository/org/apache/kerby/kerb-simplekdc/1.0.1/kerb-simplekdc-1.0.1.jar:/home/user/.m2/repository/org/apache/kerby/kerb-client/1.0.1/kerb-client-1.0.1.jar:/home/user/.m2/repository/org/apache/kerby/kerby-config/1.0.1/kerby-config-1.0.1.jar:/home/user/.m2/repository/org/apache/kerby/kerb-core/1.0.1/kerb-core-1.0.1.jar:/home/user/.m2/repository/org/apache/kerby/kerby-pkix/1.0.1/kerby-pkix-1.0.1.jar:/home/user/.m2/repository/org/apache/kerby/kerby-asn1/1.0.1/kerby-asn1-1.0.1.jar:/home/user/.m2/repository/org/apache/kerby/kerby-util/1.0.1/kerby-util-1.0.1.jar:/home/user/.m2/repository/org/apache/kerby/kerb-common/1.0.1/kerb-common-1.0.1.jar:/home/user/.m2/repository/org/apache/kerby/kerb-crypto/1.0.1/kerb-crypto-1.0.1.jar:/home/user/.m2/repository/org/apache/kerby/kerb-util/1.0.1/kerb-util-1.0.1.jar:/home/user/.m2/repository/org/apache/kerby/token-provider/1.0.1/token-provider-1.0.1.jar:/home/user/.m2/repository/org/apache/kerby/kerb-admin/1.0.1/kerb-admin-1.0.1.jar:/home/user/.m2/repository/org/apache/kerby/kerb-server/1.0.1/kerb-server-1.0.1.jar:/home/user/.m2/repository/org/apache/kerby/kerb-identity/1.0.1/kerb-identity-1.0.1.jar:/home/user/.m2/repository/org/apache/kerby/kerby-xdr/1.0.1/kerby-xdr-1.0.1.jar:/home/user/.m2/repository/org/slf4j/slf4j-log4j12/1.7.25/slf4j-log4j12-1.7.25.jar:/home/user/.m2/repository/org/apache/hadoop/hadoop-ozone-objectstore-service/0.5.0-SNAPSHOT/hadoop-ozone-objectstore-service-0.5.0-SNAPSHOT.jar:/home/user/.m2/repository/org/apache/hadoop/hadoop-ozone-s3gateway/0.5.0-SNAPSHOT/hadoop-ozone-s3gateway-0.5.0-SNAPSHOT.jar:/home/user/.m2/repository/org/jboss/weld/servlet/weld-servlet/2.4.7.Final/weld-servlet-2.4.7.Final.jar:/home/user/.m2/repository/org/glassfish/jersey/containers/jersey-container-servlet-core/2.27/jersey-container-servlet-core-2.27.jar:/home/user/.m2/repository/org/glassfish/hk2/external/javax.inject/2.5.0-b42/javax.inject-2.5.0-b42.jar:/home/user/.m2/repository/org/glassfish/jersey/core/jersey-common/2.27/jersey-common-2.27.jar:/home/user/.m2/repository/org/glassfish/hk2/osgi-resource-locator/1.0.1/osgi-resource-locator-1.0.1.jar:/home/user/.m2/repository/javax/ws/rs/javax.ws.rs-api/2.1/javax.ws.rs-api-2.1.jar:/home/user/.m2/repository/org/glassfish/jersey/ext/cdi/jersey-cdi1x/2.27/jersey-cdi1x-2.27.jar:/home/user/.m2/repository/org/glassfish/jersey/inject/jersey-hk2/2.27/jersey-hk2-2.27.jar:/home/user/.m2/repository/org/glassfish/hk2/hk2-locator/2.5.0-b42/hk2-locator-2.5.0-b42.jar:/home/user/.m2/repository/org/javassist/javassist/3.22.0-CR2/javassist-3.22.0-CR2.jar:/home/user/.m2/repository/org/glassfish/hk2/hk2-api/2.5.0/hk2-api-2.5.0.jar:/home/user/.m2/repository/org/glassfish/hk2/external/jakarta.inject/2.5.0/jakarta.inject-2.5.0.jar:/home/user/.m2/repository/org/glassfish/hk2/hk2-utils/2.5.0/hk2-utils-2.5.0.jar:/home/user/.m2/repository/jakarta/annotation/jakarta.annotation-api/1.3.4/jakarta.annotation-api-1.3.4.jar:/home/user/.m2/repository/org/glassfish/hk2/external/aopalliance-repackaged/2.5.0/aopalliance-repackaged-2.5.0.jar:/home/user/.m2/repository/com/fasterxml/jackson/dataformat/jackson-dataformat-xml/2.9.0/jackson-dataformat-xml-2.9.0.jar:/home/user/.m2/repository/com/fasterxml/jackson/core/jackson-core/2.9.5/jackson-core-2.9.5.jar:/home/user/.m2/repository/com/fasterxml/jackson/module/jackson-module-jaxb-annotations/2.9.5/jackson-module-jaxb-annotations-2.9.5.jar:/home/user/.m2/repository/javax/enterprise/cdi-api/1.2/cdi-api-1.2.jar:/home/user/.m2/repository/javax/el/javax.el-api/3.0.0/javax.el-api-3.0.0.jar:/home/user/.m2/repository/javax/interceptor/javax.interceptor-api/1.2/javax.interceptor-api-1.2.jar:/home/user/.m2/repository/javax/inject/javax.inject/1/javax.inject-1.jar:/home/user/.m2/repository/com/sun/xml/bind/jaxb-impl/2.3.0.1/jaxb-impl-2.3.0.1.jar:/home/user/.m2/repository/com/sun/xml/bind/jaxb-core/2.3.0.1/jaxb-core-2.3.0.1.jar:/home/user/.m2/repository/javax/xml/bind/jaxb-api/2.3.0/jaxb-api-2.3.0.jar:/home/user/.m2/repository/javax/activation/activation/1.1.1/activation-1.1.1.jar:/home/user/.m2/repository/org/apache/hadoop/hadoop-ozone-csi/0.5.0-SNAPSHOT/hadoop-ozone-csi-0.5.0-SNAPSHOT.jar:/home/user/.m2/repository/com/google/protobuf/protobuf-java-util/3.5.1/protobuf-java-util-3.5.1.jar:/home/user/.m2/repository/org/apache/hadoop/hadoop-hdds-config/0.5.0-SNAPSHOT/hadoop-hdds-config-0.5.0-SNAPSHOT.jar:/home/user/.m2/repository/io/grpc/grpc-netty/1.17.1/grpc-netty-1.17.1.jar:/home/user/.m2/repository/io/grpc/grpc-core/1.17.1/grpc-core-1.17.1.jar:/home/user/.m2/repository/io/grpc/grpc-context/1.17.1/grpc-context-1.17.1.jar:/home/user/.m2/repository/com/google/errorprone/error_prone_annotations/2.2.0/error_prone_annotations-2.2.0.jar:/home/user/.m2/repository/org/codehaus/mojo/animal-sniffer-annotations/1.17/animal-sniffer-annotations-1.17.jar:/home/user/.m2/repository/io/opencensus/opencensus-api/0.17.0/opencensus-api-0.17.0.jar:/home/user/.m2/repository/io/opencensus/opencensus-contrib-grpc-metrics/0.17.0/opencensus-contrib-grpc-metrics-0.17.0.jar:/home/user/.m2/repository/io/netty/netty-codec-http2/4.1.30.Final/netty-codec-http2-4.1.30.Final.jar:/home/user/.m2/repository/io/netty/netty-codec-http/4.1.30.Final/netty-codec-http-4.1.30.Final.jar:/home/user/.m2/repository/io/netty/netty-codec/4.1.30.Final/netty-codec-4.1.30.Final.jar:/home/user/.m2/repository/io/netty/netty-handler/4.1.30.Final/netty-handler-4.1.30.Final.jar:/home/user/.m2/repository/io/netty/netty-handler-proxy/4.1.30.Final/netty-handler-proxy-4.1.30.Final.jar:/home/user/.m2/repository/io/netty/netty-codec-socks/4.1.30.Final/netty-codec-socks-4.1.30.Final.jar:/home/user/.m2/repository/io/netty/netty-transport-native-epoll/4.1.30.Final/netty-transport-native-epoll-4.1.30.Final.jar:/home/user/.m2/repository/io/netty/netty-common/4.1.30.Final/netty-common-4.1.30.Final.jar:/home/user/.m2/repository/io/netty/netty-buffer/4.1.30.Final/netty-buffer-4.1.30.Final.jar:/home/user/.m2/repository/io/netty/netty-transport/4.1.30.Final/netty-transport-4.1.30.Final.jar:/home/user/.m2/repository/io/netty/netty-resolver/4.1.30.Final/netty-resolver-4.1.30.Final.jar:/home/user/.m2/repository/io/netty/netty-transport-native-unix-common/4.1.30.Final/netty-transport-native-unix-common-4.1.30.Final.jar:/home/user/.m2/repository/io/grpc/grpc-protobuf/1.17.1/grpc-protobuf-1.17.1.jar:/home/user/.m2/repository/com/google/api/grpc/proto-google-common-protos/1.0.0/proto-google-common-protos-1.0.0.jar:/home/user/.m2/repository/io/grpc/grpc-protobuf-lite/1.17.1/grpc-protobuf-lite-1.17.1.jar:/home/user/.m2/repository/io/grpc/grpc-stub/1.17.1/grpc-stub-1.17.1.jar:/home/user/.m2/repository/org/apache/hadoop/hadoop-ozone-recon/0.5.0-SNAPSHOT/hadoop-ozone-recon-0.5.0-SNAPSHOT.jar:/home/user/.m2/repository/org/apache/hadoop/hadoop-ozone-reconcodegen/0.5.0-SNAPSHOT/hadoop-ozone-reconcodegen-0.5.0-SNAPSHOT.jar:/home/user/.m2/repository/com/google/inject/extensions/guice-multibindings/4.0/guice-multibindings-4.0.jar:/home/user/.m2/repository/com/google/inject/guice/4.0/guice-4.0.jar:/home/user/.m2/repository/aopalliance/aopalliance/1.0/aopalliance-1.0.jar:/home/user/.m2/repository/com/google/inject/extensions/guice-servlet/4.0/guice-servlet-4.0.jar:/home/user/.m2/repository/org/glassfish/jersey/containers/jersey-container-servlet/2.27/jersey-container-servlet-2.27.jar:/home/user/.m2/repository/org/glassfish/hk2/guice-bridge/2.5.0/guice-bridge-2.5.0.jar:/home/user/.m2/repository/org/glassfish/jersey/core/jersey-server/2.27/jersey-server-2.27.jar:/home/user/.m2/repository/org/glassfish/jersey/core/jersey-client/2.27/jersey-client-2.27.jar:/home/user/.m2/repository/org/glassfish/jersey/media/jersey-media-jaxb/2.27/jersey-media-jaxb-2.27.jar:/home/user/.m2/repository/javax/validation/validation-api/1.1.0.Final/validation-api-1.1.0.Final.jar:/home/user/.m2/repository/org/glassfish/jersey/media/jersey-media-json-jackson/2.27/jersey-media-json-jackson-2.27.jar:/home/user/.m2/repository/org/glassfish/jersey/ext/jersey-entity-filtering/2.27/jersey-entity-filtering-2.27.jar:/home/user/.m2/repository/com/google/inject/extensions/guice-assistedinject/4.0/guice-assistedinject-4.0.jar:/home/user/.m2/repository/org/jooq/jooq/3.11.10/jooq-3.11.10.jar:/home/user/.m2/repository/org/jooq/jooq-meta/3.11.10/jooq-meta-3.11.10.jar:/home/user/.m2/repository/org/jooq/jooq-codegen/3.11.10/jooq-codegen-3.11.10.jar:/home/user/.m2/repository/com/jolbox/bonecp/0.8.0.RELEASE/bonecp-0.8.0.RELEASE.jar:/home/user/.m2/repository/org/xerial/sqlite-jdbc/3.25.2/sqlite-jdbc-3.25.2.jar:/home/user/.m2/repository/org/springframework/spring-jdbc/5.1.3.RELEASE/spring-jdbc-5.1.3.RELEASE.jar:/home/user/.m2/repository/org/springframework/spring-beans/5.1.3.RELEASE/spring-beans-5.1.3.RELEASE.jar:/home/user/.m2/repository/org/springframework/spring-core/5.1.3.RELEASE/spring-core-5.1.3.RELEASE.jar:/home/user/.m2/repository/org/springframework/spring-jcl/5.1.3.RELEASE/spring-jcl-5.1.3.RELEASE.jar:/home/user/.m2/repository/org/springframework/spring-tx/5.1.3.RELEASE/spring-tx-5.1.3.RELEASE.jar:/home/user/.m2/repository/org/apache/hadoop/hadoop-ozone-client/0.5.0-SNAPSHOT/hadoop-ozone-client-0.5.0-SNAPSHOT.jar:/home/user/.m2/repository/commons-lang/commons-lang/2.6/commons-lang-2.6.jar:/home/user/.m2/repository/org/apache/hadoop/hadoop-ozone-ozone-manager/0.5.0-SNAPSHOT/hadoop-ozone-ozone-manager-0.5.0-SNAPSHOT-tests.jar:/home/user/.m2/repository/junit/junit/4.11/junit-4.11.jar:/home/user/.m2/repository/org/hamcrest/hamcrest-core/1.3/hamcrest-core-1.3.jar:/home/user/.m2/repository/org/openjdk/jmh/jmh-core/1.19/jmh-core-1.19.jar:/home/user/.m2/repository/net/sf/jopt-simple/jopt-simple/4.6/jopt-simple-4.6.jar:/home/user/.m2/repository/org/apache/commons/commons-math3/3.1.1/commons-math3-3.1.1.jar:/home/user/.m2/repository/org/openjdk/jmh/jmh-generator-annprocess/1.19/jmh-generator-annprocess-1.19.jar:/home/user/.m2/repository/org/mockito/mockito-all/1.8.5/mockito-all-1.8.5.jar:/home/user/.m2/repository/org/apache/hadoop/hadoop-kms/3.2.0/hadoop-kms-3.2.0.jar:/home/user/.m2/repository/org/apache/hadoop/hadoop-auth/3.2.0/hadoop-auth-3.2.0.jar:/home/user/.m2/repository/com/nimbusds/nimbus-jose-jwt/4.41.1/nimbus-jose-jwt-4.41.1.jar:/home/user/.m2/repository/com/github/stephenc/jcip/jcip-annotations/1.0-1/jcip-annotations-1.0-1.jar:/home/user/.m2/repository/net/minidev/json-smart/2.3/json-smart-2.3.jar:/home/user/.m2/repository/net/minidev/accessors-smart/1.2/accessors-smart-1.2.jar:/home/user/.m2/repository/org/ow2/asm/asm/5.0.4/asm-5.0.4.jar:/home/user/.m2/repository/org/apache/curator/curator-framework/2.12.0/curator-framework-2.12.0.jar:/home/user/.m2/repository/com/sun/jersey/jersey-core/1.19/jersey-core-1.19.jar:/home/user/.m2/repository/javax/ws/rs/jsr311-api/1.1.1/jsr311-api-1.1.1.jar:/home/user/.m2/repository/com/sun/jersey/jersey-server/1.19/jersey-server-1.19.jar:/home/user/.m2/repository/javax/servlet/javax.servlet-api/3.1.0/javax.servlet-api-3.1.0.jar:/home/user/.m2/repository/org/eclipse/jetty/jetty-server/9.3.24.v20180605/jetty-server-9.3.24.v20180605.jar:/home/user/.m2/repository/org/eclipse/jetty/jetty-http/9.3.24.v20180605/jetty-http-9.3.24.v20180605.jar:/home/user/.m2/repository/org/eclipse/jetty/jetty-io/9.3.24.v20180605/jetty-io-9.3.24.v20180605.jar:/home/user/.m2/repository/org/eclipse/jetty/jetty-webapp/9.3.24.v20180605/jetty-webapp-9.3.24.v20180605.jar:/home/user/.m2/repository/org/eclipse/jetty/jetty-xml/9.3.24.v20180605/jetty-xml-9.3.24.v20180605.jar:/home/user/.m2/repository/log4j/log4j/1.2.17/log4j-1.2.17.jar:/home/user/.m2/repository/org/slf4j/slf4j-api/1.7.25/slf4j-api-1.7.25.jar:/home/user/.m2/repository/org/slf4j/jul-to-slf4j/1.7.25/jul-to-slf4j-1.7.25.jar:/home/user/.m2/repository/org/eclipse/jetty/jetty-util/9.3.24.v20180605/jetty-util-9.3.24.v20180605.jar:/home/user/.m2/repository/com/fasterxml/jackson/core/jackson-databind/2.9.5/jackson-databind-2.9.5.jar:/home/user/.m2/repository/org/apache/hadoop/hadoop-kms/3.2.0/hadoop-kms-3.2.0-tests.jar:/home/user/.m2/repository/org/apache/hadoop/hadoop-hdds-server-scm/0.5.0-SNAPSHOT/hadoop-hdds-server-scm-0.5.0-SNAPSHOT-tests.jar:/home/user/.m2/repository/org/apache/hadoop/hadoop-hdds-container-service/0.5.0-SNAPSHOT/hadoop-hdds-container-service-0.5.0-SNAPSHOT-tests.jar:/home/user/.m2/repository/org/yaml/snakeyaml/1.16/snakeyaml-1.16.jar:/home/user/.m2/repository/org/apache/hadoop/hadoop-common/3.2.0/hadoop-common-3.2.0-tests.jar:/home/user/.m2/repository/org/apache/hadoop/hadoop-annotations/3.2.0/hadoop-annotations-3.2.0.jar:/usr/lib/jvm/java-1.8-openjdk/jre/../lib/tools.jar:/home/user/.m2/repository/commons-cli/commons-cli/1.2/commons-cli-1.2.jar:/home/user/.m2/repository/org/apache/httpcomponents/httpclient/4.5.2/httpclient-4.5.2.jar:/home/user/.m2/repository/org/apache/httpcomponents/httpcore/4.4.4/httpcore-4.4.4.jar:/home/user/.m2/repository/commons-codec/commons-codec/1.11/commons-codec-1.11.jar:/home/user/.m2/repository/commons-net/commons-net/3.6/commons-net-3.6.jar:/home/user/.m2/repository/commons-collections/commons-collections/3.2.2/commons-collections-3.2.2.jar:/home/user/.m2/repository/org/eclipse/jetty/jetty-servlet/9.3.24.v20180605/jetty-servlet-9.3.24.v20180605.jar:/home/user/.m2/repository/org/eclipse/jetty/jetty-security/9.3.24.v20180605/jetty-security-9.3.24.v20180605.jar:/home/user/.m2/repository/javax/servlet/jsp/jsp-api/2.1/jsp-api-2.1.jar:/home/user/.m2/repository/com/sun/jersey/jersey-servlet/1.19/jersey-servlet-1.19.jar:/home/user/.m2/repository/com/sun/jersey/jersey-json/1.19/jersey-json-1.19.jar:/home/user/.m2/repository/org/codehaus/jettison/jettison/1.1/jettison-1.1.jar:/home/user/.m2/repository/org/codehaus/jackson/jackson-core-asl/1.9.13/jackson-core-asl-1.9.13.jar:/home/user/.m2/repository/org/codehaus/jackson/jackson-mapper-asl/1.9.13/jackson-mapper-asl-1.9.13.jar:/home/user/.m2/repository/org/codehaus/jackson/jackson-jaxrs/1.9.13/jackson-jaxrs-1.9.13.jar:/home/user/.m2/repository/org/codehaus/jackson/jackson-xc/1.9.13/jackson-xc-1.9.13.jar:/home/user/.m2/repository/commons-logging/commons-logging/1.1.3/commons-logging-1.1.3.jar:/home/user/.m2/repository/commons-beanutils/commons-beanutils/1.9.3/commons-beanutils-1.9.3.jar:/home/user/.m2/repository/org/apache/commons/commons-configuration2/2.1.1/commons-configuration2-2.1.1.jar:/home/user/.m2/repository/org/apache/commons/commons-lang3/3.7/commons-lang3-3.7.jar:/home/user/.m2/repository/org/apache/commons/commons-text/1.4/commons-text-1.4.jar:/home/user/.m2/repository/org/apache/avro/avro/1.7.7/avro-1.7.7.jar:/home/user/.m2/repository/com/thoughtworks/paranamer/paranamer/2.3/paranamer-2.3.jar:/home/user/.m2/repository/org/xerial/snappy/snappy-java/1.0.5/snappy-java-1.0.5.jar:/home/user/.m2/repository/com/google/re2j/re2j/1.1/re2j-1.1.jar:/home/user/.m2/repository/com/google/code/gson/gson/2.2.4/gson-2.2.4.jar:/home/user/.m2/repository/com/jcraft/jsch/0.1.54/jsch-0.1.54.jar:/home/user/.m2/repository/org/apache/curator/curator-client/2.12.0/curator-client-2.12.0.jar:/home/user/.m2/repository/org/apache/curator/curator-recipes/2.12.0/curator-recipes-2.12.0.jar:/home/user/.m2/repository/com/google/code/findbugs/jsr305/3.0.0/jsr305-3.0.0.jar:/home/user/.m2/repository/org/apache/htrace/htrace-core4/4.1.0-incubating/htrace-core4-4.1.0-incubating.jar:/home/user/.m2/repository/org/apache/zookeeper/zookeeper/3.4.13/zookeeper-3.4.13.jar:/home/user/.m2/repository/org/apache/yetus/audience-annotations/0.5.0/audience-annotations-0.5.0.jar:/home/user/.m2/repository/org/codehaus/woodstox/stax2-api/3.1.4/stax2-api-3.1.4.jar:/home/user/.m2/repository/com/fasterxml/woodstox/woodstox-core/5.0.3/woodstox-core-5.0.3.jar:/home/user/.m2/repository/dnsjava/dnsjava/2.1.7/dnsjava-2.1.7.jar:/home/user/.m2/repository/org/apache/hadoop/hadoop-hdfs/3.2.0/hadoop-hdfs-3.2.0-tests.jar:/home/user/.m2/repository/org/eclipse/jetty/jetty-util-ajax/9.3.24.v20180605/jetty-util-ajax-9.3.24.v20180605.jar:/home/user/.m2/repository/commons-daemon/commons-daemon/1.0.13/commons-daemon-1.0.13.jar:/home/user/.m2/repository/io/netty/netty/3.10.5.Final/netty-3.10.5.Final.jar:/home/user/.m2/repository/io/netty/netty-all/4.0.52.Final/netty-all-4.0.52.Final.jar:/home/user/.m2/repository/org/fusesource/leveldbjni/leveldbjni-all/1.8/leveldbjni-all-1.8.jar:"/>
    <property name="sun.cpu.endian" value="little"/>
    <property name="user.home" value="/home/user"/>
    <property name="user.language" value="en"/>
    <property name="java.specification.vendor" value="Oracle Corporation"/>
    <property name="java.home" value="/usr/lib/jvm/java-1.8-openjdk/jre"/>
    <property name="java.security.krb5.conf" value="/workdir/hadoop-ozone/integration-test/target/test-classes/krb5.conf"/>
    <property name="basedir" value="/workdir/hadoop-ozone/integration-test"/>
    <property name="file.separator" value="/"/>
    <property name="line.separator" value="&#10;"/>
    <property name="java.vm.specification.vendor" value="Oracle Corporation"/>
    <property name="java.specification.name" value="Java Platform API Specification"/>
    <property name="java.awt.graphicsenv" value="sun.awt.X11GraphicsEnvironment"/>
    <property name="surefire.real.class.path" value="/workdir/hadoop-ozone/integration-test/target/surefire/surefirebooter1094309223791655238.jar"/>
    <property name="hadoop.log.dir" value="/workdir/hadoop-ozone/integration-test/target/log"/>
    <property name="sun.boot.class.path" value="/usr/lib/jvm/java-1.8-openjdk/jre/lib/resources.jar:/usr/lib/jvm/java-1.8-openjdk/jre/lib/rt.jar:/usr/lib/jvm/java-1.8-openjdk/jre/lib/sunrsasign.jar:/usr/lib/jvm/java-1.8-openjdk/jre/lib/jsse.jar:/usr/lib/jvm/java-1.8-openjdk/jre/lib/jce.jar:/usr/lib/jvm/java-1.8-openjdk/jre/lib/charsets.jar:/usr/lib/jvm/java-1.8-openjdk/jre/lib/jfr.jar:/usr/lib/jvm/java-1.8-openjdk/jre/classes"/>
    <property name="sun.management.compiler" value="HotSpot 64-Bit Tiered Compilers"/>
    <property name="java.runtime.version" value="1.8.0_212-b04"/>
    <property name="java.net.preferIPv4Stack" value="true"/>
    <property name="user.name" value="jenkins1000"/>
    <property name="path.separator" value=":"/>
    <property name="java.security.egd" value="file:///dev/urandom"/>
    <property name="os.version" value="3.10.0-957.12.2.el7.x86_64"/>
    <property name="java.endorsed.dirs" value="/usr/lib/jvm/java-1.8-openjdk/jre/lib/endorsed"/>
    <property name="java.runtime.name" value="OpenJDK Runtime Environment"/>
    <property name="file.encoding" value="UTF-8"/>
    <property name="java.vm.name" value="OpenJDK 64-Bit Server VM"/>
    <property name="test.build.webapps" value=""/>
    <property name="localRepository" value="/home/user/.m2/repository"/>
    <property name="java.vendor.url.bug" value="https://icedtea.classpath.org/bugzilla"/>
    <property name="java.io.tmpdir" value="/tmp"/>
    <property name="require.test.libhadoop" value=""/>
    <property name="java.version" value="1.8.0_212"/>
    <property name="user.dir" value="/workdir/hadoop-ozone/integration-test"/>
    <property name="os.arch" value="amd64"/>
    <property name="java.vm.specification.name" value="Java Virtual Machine Specification"/>
    <property name="test.build.classes" value="/workdir/hadoop-ozone/integration-test/target/test-classes"/>
    <property name="java.awt.printerjob" value="sun.print.PSPrinterJob"/>
    <property name="sun.os.patch.level" value="unknown"/>
    <property name="hadoop.tmp.dir" value="/workdir/hadoop-ozone/integration-test/target/tmp"/>
    <property name="java.library.path" value="/usr/lib/jvm/java-1.8-openjdk/jre/lib/amd64/server:/usr/lib/jvm/java-1.8-openjdk/jre/lib/amd64:/usr/lib/jvm/java-1.8-openjdk/jre/../lib/amd64:/workdir/hadoop-ozone/integration-test/target/native/target/usr/local/lib:/workdir/hadoop-ozone/integration-test/../../hadoop-common-project/hadoop-common/target/native/target/usr/local/lib:/usr/java/packages/lib/amd64:/usr/lib64:/lib64:/lib:/usr/lib"/>
    <property name="java.vm.info" value="mixed mode"/>
    <property name="java.vendor" value="IcedTea"/>
    <property name="java.vm.version" value="25.212-b04"/>
    <property name="java.ext.dirs" value="/usr/lib/jvm/java-1.8-openjdk/jre/lib/ext:/usr/java/packages/lib/ext"/>
    <property name="sun.io.unicode.encoding" value="UnicodeLittle"/>
    <property name="java.class.version" value="52.0"/>
  </properties>
  <testcase name="test2WayCommitForRetryfailure" classname="org.apache.hadoop.ozone.client.rpc.Test2WayCommitInRatis" time="40.021">
    <error message="org.apache.ratis.protocol.RaftRetryFailureException: Failed RaftClientRequest:client-6DB83EE41F68-&gt;ebb8eb41-481f-41e2-a579-fb9b26854023@group-1ABFA3334028, cid=9, seq=2*, RW, org.apache.hadoop.hdds.scm.XceiverClientRatis$$Lambda$384/1627160387@1821897e for 20 attempts with RetryLimited(maxAttempts=20, sleepTime=1000ms)" type="java.util.concurrent.ExecutionException">java.util.concurrent.ExecutionException: org.apache.ratis.protocol.RaftRetryFailureException: Failed RaftClientRequest:client-6DB83EE41F68->ebb8eb41-481f-41e2-a579-fb9b26854023@group-1ABFA3334028, cid=9, seq=2*, RW, org.apache.hadoop.hdds.scm.XceiverClientRatis$$Lambda$384/1627160387@1821897e for 20 attempts with RetryLimited(maxAttempts=20, sleepTime=1000ms)
	at java.util.concurrent.CompletableFuture.reportGet(CompletableFuture.java:357)
	at java.util.concurrent.CompletableFuture.get(CompletableFuture.java:1895)
	at org.apache.hadoop.ozone.client.rpc.Test2WayCommitInRatis.test2WayCommitForRetryfailure(Test2WayCommitInRatis.java:144)
	at sun.reflect.NativeMethodAccessorImpl.invoke0(Native Method)
	at sun.reflect.NativeMethodAccessorImpl.invoke(NativeMethodAccessorImpl.java:62)
	at sun.reflect.DelegatingMethodAccessorImpl.invoke(DelegatingMethodAccessorImpl.java:43)
	at java.lang.reflect.Method.invoke(Method.java:498)
	at org.junit.runners.model.FrameworkMethod$1.runReflectiveCall(FrameworkMethod.java:47)
	at org.junit.internal.runners.model.ReflectiveCallable.run(ReflectiveCallable.java:12)
	at org.junit.runners.model.FrameworkMethod.invokeExplosively(FrameworkMethod.java:44)
	at org.junit.internal.runners.statements.InvokeMethod.evaluate(InvokeMethod.java:17)
	at org.junit.runners.ParentRunner.runLeaf(ParentRunner.java:271)
	at org.junit.runners.BlockJUnit4ClassRunner.runChild(BlockJUnit4ClassRunner.java:70)
	at org.junit.runners.BlockJUnit4ClassRunner.runChild(BlockJUnit4ClassRunner.java:50)
	at org.junit.runners.ParentRunner$3.run(ParentRunner.java:238)
	at org.junit.runners.ParentRunner$1.schedule(ParentRunner.java:63)
	at org.junit.runners.ParentRunner.runChildren(ParentRunner.java:236)
	at org.junit.runners.ParentRunner.access$000(ParentRunner.java:53)
	at org.junit.runners.ParentRunner$2.evaluate(ParentRunner.java:229)
	at org.junit.runners.ParentRunner.run(ParentRunner.java:309)
	at org.apache.maven.surefire.junit4.JUnit4Provider.execute(JUnit4Provider.java:365)
	at org.apache.maven.surefire.junit4.JUnit4Provider.executeWithRerun(JUnit4Provider.java:273)
	at org.apache.maven.surefire.junit4.JUnit4Provider.executeTestSet(JUnit4Provider.java:238)
	at org.apache.maven.surefire.junit4.JUnit4Provider.invoke(JUnit4Provider.java:159)
	at org.apache.maven.surefire.booter.ForkedBooter.invokeProviderInSameClassLoader(ForkedBooter.java:384)
	at org.apache.maven.surefire.booter.ForkedBooter.runSuitesInProcess(ForkedBooter.java:345)
	at org.apache.maven.surefire.booter.ForkedBooter.execute(ForkedBooter.java:126)
	at org.apache.maven.surefire.booter.ForkedBooter.main(ForkedBooter.java:418)
Caused by: org.apache.ratis.protocol.RaftRetryFailureException: Failed RaftClientRequest:client-6DB83EE41F68->ebb8eb41-481f-41e2-a579-fb9b26854023@group-1ABFA3334028, cid=9, seq=2*, RW, org.apache.hadoop.hdds.scm.XceiverClientRatis$$Lambda$384/1627160387@1821897e for 20 attempts with RetryLimited(maxAttempts=20, sleepTime=1000ms)
	at org.apache.ratis.client.impl.RaftClientImpl.noMoreRetries(RaftClientImpl.java:272)
	at org.apache.ratis.client.impl.OrderedAsync.handleAsyncRetryFailure(OrderedAsync.java:138)
	at org.apache.ratis.client.impl.OrderedAsync.lambda$sendRequest$10(OrderedAsync.java:230)
	at java.util.concurrent.CompletableFuture.uniExceptionally(CompletableFuture.java:870)
	at java.util.concurrent.CompletableFuture$UniExceptionally.tryFire(CompletableFuture.java:852)
	at java.util.concurrent.CompletableFuture.postComplete(CompletableFuture.java:474)
	at java.util.concurrent.CompletableFuture.completeExceptionally(CompletableFuture.java:1977)
	at org.apache.ratis.grpc.client.GrpcClientProtocolClient$AsyncStreamObservers.completeReplyExceptionally(GrpcClientProtocolClient.java:330)
	at org.apache.ratis.grpc.client.GrpcClientProtocolClient$AsyncStreamObservers.access$000(GrpcClientProtocolClient.java:246)
	at org.apache.ratis.grpc.client.GrpcClientProtocolClient$AsyncStreamObservers$1.onError(GrpcClientProtocolClient.java:275)
	at org.apache.ratis.thirdparty.io.grpc.stub.ClientCalls$StreamObserverToCallListenerAdapter.onClose(ClientCalls.java:434)
	at org.apache.ratis.thirdparty.io.grpc.PartialForwardingClientCallListener.onClose(PartialForwardingClientCallListener.java:39)
	at org.apache.ratis.thirdparty.io.grpc.ForwardingClientCallListener.onClose(ForwardingClientCallListener.java:23)
	at org.apache.ratis.thirdparty.io.grpc.ForwardingClientCallListener$SimpleForwardingClientCallListener.onClose(ForwardingClientCallListener.java:40)
	at org.apache.ratis.thirdparty.io.grpc.internal.CensusStatsModule$StatsClientInterceptor$1$1.onClose(CensusStatsModule.java:678)
	at org.apache.ratis.thirdparty.io.grpc.PartialForwardingClientCallListener.onClose(PartialForwardingClientCallListener.java:39)
	at org.apache.ratis.thirdparty.io.grpc.ForwardingClientCallListener.onClose(ForwardingClientCallListener.java:23)
	at org.apache.ratis.thirdparty.io.grpc.ForwardingClientCallListener$SimpleForwardingClientCallListener.onClose(ForwardingClientCallListener.java:40)
	at org.apache.ratis.thirdparty.io.grpc.internal.CensusTracingModule$TracingClientInterceptor$1$1.onClose(CensusTracingModule.java:397)
	at org.apache.ratis.thirdparty.io.grpc.internal.ClientCallImpl.closeObserver(ClientCallImpl.java:459)
	at org.apache.ratis.thirdparty.io.grpc.internal.ClientCallImpl.access$300(ClientCallImpl.java:63)
	at org.apache.ratis.thirdparty.io.grpc.internal.ClientCallImpl$ClientStreamListenerImpl.close(ClientCallImpl.java:546)
	at org.apache.ratis.thirdparty.io.grpc.internal.ClientCallImpl$ClientStreamListenerImpl.access$600(ClientCallImpl.java:467)
	at org.apache.ratis.thirdparty.io.grpc.internal.ClientCallImpl$ClientStreamListenerImpl$1StreamClosed.runInContext(ClientCallImpl.java:584)
	at org.apache.ratis.thirdparty.io.grpc.internal.ContextRunnable.run(ContextRunnable.java:37)
	at org.apache.ratis.thirdparty.io.grpc.internal.SerializingExecutor.run(SerializingExecutor.java:123)
	at java.util.concurrent.ThreadPoolExecutor.runWorker(ThreadPoolExecutor.java:1149)
	at java.util.concurrent.ThreadPoolExecutor$Worker.run(ThreadPoolExecutor.java:624)
	at java.lang.Thread.run(Thread.java:748)
Caused by: java.io.IOException: org.apache.ratis.thirdparty.io.grpc.StatusRuntimeException: UNAVAILABLE: io exception
	at org.apache.ratis.grpc.GrpcUtil.unwrapException(GrpcUtil.java:76)
	at org.apache.ratis.grpc.GrpcUtil.unwrapIOException(GrpcUtil.java:128)
	at org.apache.ratis.grpc.client.GrpcClientProtocolClient$AsyncStreamObservers$1.onError(GrpcClientProtocolClient.java:274)
	... 19 more
Caused by: org.apache.ratis.thirdparty.io.grpc.StatusRuntimeException: UNAVAILABLE: io exception
	at org.apache.ratis.thirdparty.io.grpc.Status.asRuntimeException(Status.java:526)
	... 19 more
Caused by: org.apache.ratis.thirdparty.io.netty.channel.AbstractChannel$AnnotatedConnectException: Connection refused: /192.168.5.168:38491
	at sun.nio.ch.SocketChannelImpl.checkConnect(Native Method)
	at sun.nio.ch.SocketChannelImpl.finishConnect(SocketChannelImpl.java:717)
	at org.apache.ratis.thirdparty.io.netty.channel.socket.nio.NioSocketChannel.doFinishConnect(NioSocketChannel.java:327)
	at org.apache.ratis.thirdparty.io.netty.channel.nio.AbstractNioChannel$AbstractNioUnsafe.finishConnect(AbstractNioChannel.java:340)
	at org.apache.ratis.thirdparty.io.netty.channel.nio.NioEventLoop.processSelectedKey(NioEventLoop.java:632)
	at org.apache.ratis.thirdparty.io.netty.channel.nio.NioEventLoop.processSelectedKeysOptimized(NioEventLoop.java:579)
	at org.apache.ratis.thirdparty.io.netty.channel.nio.NioEventLoop.processSelectedKeys(NioEventLoop.java:496)
	at org.apache.ratis.thirdparty.io.netty.channel.nio.NioEventLoop.run(NioEventLoop.java:458)
	at org.apache.ratis.thirdparty.io.netty.util.concurrent.SingleThreadEventExecutor$5.run(SingleThreadEventExecutor.java:897)
	at org.apache.ratis.thirdparty.io.netty.util.concurrent.FastThreadLocalRunnable.run(FastThreadLocalRunnable.java:30)
	... 1 more
Caused by: java.net.ConnectException: Connection refused
	... 11 more
</error>
    <system-out><![CDATA[2019-08-20 17:51:55,250 [main] WARN  server.ServerUtils (ServerUtils.java:getScmDbDir(145)) - ozone.scm.db.dirs is not configured. We recommend adding this setting. Falling back to ozone.metadata.dirs instead.
2019-08-20 17:51:55,433 [main] WARN  server.ServerUtils (ServerUtils.java:getScmDbDir(145)) - ozone.scm.db.dirs is not configured. We recommend adding this setting. Falling back to ozone.metadata.dirs instead.
2019-08-20 17:51:55,437 [main] WARN  server.ServerUtils (ServerUtils.java:getScmDbDir(145)) - ozone.scm.db.dirs is not configured. We recommend adding this setting. Falling back to ozone.metadata.dirs instead.
2019-08-20 17:51:55,454 [main] INFO  util.log (Log.java:initialized(192)) - Logging initialized @913ms
2019-08-20 17:51:55,554 [main] INFO  db.DBStoreBuilder (DBStoreBuilder.java:addTable(110)) - using custom profile for table: deletedBlocks
2019-08-20 17:51:55,555 [main] INFO  db.DBStoreBuilder (DBStoreBuilder.java:processTables(161)) - Using default column profile:DBProfile.DISK for Table:deletedBlocks
2019-08-20 17:51:55,555 [main] INFO  db.DBStoreBuilder (DBStoreBuilder.java:addTable(110)) - using custom profile for table: validCerts
2019-08-20 17:51:55,555 [main] INFO  db.DBStoreBuilder (DBStoreBuilder.java:processTables(161)) - Using default column profile:DBProfile.DISK for Table:validCerts
2019-08-20 17:51:55,556 [main] INFO  db.DBStoreBuilder (DBStoreBuilder.java:addTable(110)) - using custom profile for table: revokedCerts
2019-08-20 17:51:55,556 [main] INFO  db.DBStoreBuilder (DBStoreBuilder.java:processTables(161)) - Using default column profile:DBProfile.DISK for Table:revokedCerts
2019-08-20 17:51:55,567 [main] INFO  db.DBStoreBuilder (DBStoreBuilder.java:addTable(110)) - using custom profile for table: default
2019-08-20 17:51:55,567 [main] INFO  db.DBStoreBuilder (DBStoreBuilder.java:processTables(167)) - Using default column profile:DBProfile.DISK for Table:default
2019-08-20 17:51:55,569 [main] INFO  db.DBStoreBuilder (DBStoreBuilder.java:getDbProfile(198)) - Using default options. DBProfile.DISK
2019-08-20 17:51:55,818 [main] INFO  net.NodeSchemaLoader (NodeSchemaLoader.java:loadSchemaFromFile(125)) - Loading file from sun.misc.CompoundEnumeration@56620197
2019-08-20 17:51:55,819 [main] INFO  net.NodeSchemaLoader (NodeSchemaLoader.java:loadSchema(171)) - Loading network topology layer schema file
2019-08-20 17:51:55,891 [main] WARN  server.ServerUtils (ServerUtils.java:sanitizeUserArgs(70)) - ozone.scm.stale.node.interval value = 300000 is larger than max = 100000 based on the key value of ozone.scm.heartbeat.thread.interval, reset to the max value 100000.
2019-08-20 17:51:55,893 [main] WARN  server.ServerUtils (ServerUtils.java:sanitizeUserArgs(70)) - ozone.scm.stale.node.interval value = 300000 is larger than max = 100000 based on the key value of ozone.scm.heartbeat.thread.interval, reset to the max value 100000.
2019-08-20 17:51:55,895 [main] INFO  node.SCMNodeManager (SCMNodeManager.java:<init>(121)) - Entering startup safe mode.
2019-08-20 17:51:55,966 [main] INFO  algorithms.ContainerPlacementPolicyFactory (ContainerPlacementPolicyFactory.java:getPolicy(55)) - Create container placement policy of type org.apache.hadoop.hdds.scm.container.placement.algorithms.SCMContainerPlacementRandom
2019-08-20 17:51:55,981 [main] WARN  server.ServerUtils (ServerUtils.java:getScmDbDir(145)) - ozone.scm.db.dirs is not configured. We recommend adding this setting. Falling back to ozone.metadata.dirs instead.
2019-08-20 17:51:56,093 [main] INFO  pipeline.SCMPipelineManager (SCMPipelineManager.java:initializePipelineState(126)) - No pipeline exists in current db
2019-08-20 17:51:56,095 [main] WARN  server.ServerUtils (ServerUtils.java:getScmDbDir(145)) - ozone.scm.db.dirs is not configured. We recommend adding this setting. Falling back to ozone.metadata.dirs instead.
2019-08-20 17:51:56,220 [main] WARN  events.EventQueue (EventQueue.java:fireEvent(175)) - No event handler registered for event TypedEvent{payloadType=SafeModeStatus, name='SafeModeStatus'}
2019-08-20 17:51:56,658 [main] INFO  ipc.CallQueueManager (CallQueueManager.java:<init>(84)) - Using callQueue: class java.util.concurrent.LinkedBlockingQueue, queueCapacity: 2000, scheduler: class org.apache.hadoop.ipc.DefaultRpcScheduler, ipcBackoff: false.
2019-08-20 17:51:56,883 [Socket Reader #1 for port 46241] INFO  ipc.Server (Server.java:run(1074)) - Starting Socket Reader #1 for port 46241
2019-08-20 17:51:56,904 [main] INFO  ipc.CallQueueManager (CallQueueManager.java:<init>(84)) - Using callQueue: class java.util.concurrent.LinkedBlockingQueue, queueCapacity: 2000, scheduler: class org.apache.hadoop.ipc.DefaultRpcScheduler, ipcBackoff: false.
2019-08-20 17:51:56,905 [Socket Reader #1 for port 45627] INFO  ipc.Server (Server.java:run(1074)) - Starting Socket Reader #1 for port 45627
2019-08-20 17:51:56,912 [main] INFO  ipc.CallQueueManager (CallQueueManager.java:<init>(84)) - Using callQueue: class java.util.concurrent.LinkedBlockingQueue, queueCapacity: 2000, scheduler: class org.apache.hadoop.ipc.DefaultRpcScheduler, ipcBackoff: false.
2019-08-20 17:51:56,912 [Socket Reader #1 for port 38534] INFO  ipc.Server (Server.java:run(1074)) - Starting Socket Reader #1 for port 38534
2019-08-20 17:51:56,930 [main] INFO  hdfs.DFSUtil (DFSUtil.java:httpServerTemplateForNNAndJN(1641)) - Starting Web-server for scm at: http://0.0.0.0:0
2019-08-20 17:51:57,086 [main] INFO  server.AuthenticationFilter (AuthenticationFilter.java:constructSecretProvider(240)) - Unable to initialize FileSignerSecretProvider, falling back to use random secrets.
2019-08-20 17:51:57,094 [main] WARN  http.HttpRequestLog (HttpRequestLog.java:getRequestLog(97)) - Jetty request log can only be enabled using Log4j
2019-08-20 17:51:57,102 [main] INFO  http.HttpServer2 (HttpServer2.java:addGlobalFilter(975)) - Added global filter 'safety' (class=org.apache.hadoop.http.HttpServer2$QuotingInputFilter)
2019-08-20 17:51:57,105 [main] INFO  http.HttpServer2 (HttpServer2.java:addFilter(948)) - Added filter static_user_filter (class=org.apache.hadoop.http.lib.StaticUserWebFilter$StaticUserFilter) to context scm
2019-08-20 17:51:57,105 [main] INFO  http.HttpServer2 (HttpServer2.java:addFilter(958)) - Added filter static_user_filter (class=org.apache.hadoop.http.lib.StaticUserWebFilter$StaticUserFilter) to context logs
2019-08-20 17:51:57,106 [main] INFO  http.HttpServer2 (HttpServer2.java:addFilter(958)) - Added filter static_user_filter (class=org.apache.hadoop.http.lib.StaticUserWebFilter$StaticUserFilter) to context static
2019-08-20 17:51:57,132 [main] INFO  server.StorageContainerManager (StorageContainerManager.java:start(759)) - StorageContainerLocationProtocol RPC server is listening at /0.0.0.0:38534
2019-08-20 17:51:57,191 [main] WARN  impl.MetricsConfig (MetricsConfig.java:loadFirst(134)) - Cannot locate configuration: tried hadoop-metrics2-storagecontainermanager.properties,hadoop-metrics2.properties
2019-08-20 17:51:57,203 [main] INFO  impl.MetricsSystemImpl (MetricsSystemImpl.java:startTimer(374)) - Scheduled Metric snapshot period at 10 second(s).
2019-08-20 17:51:57,203 [main] INFO  impl.MetricsSystemImpl (MetricsSystemImpl.java:start(191)) - StorageContainerManager metrics system started
2019-08-20 17:51:57,431 [main] INFO  server.SCMClientProtocolServer (SCMClientProtocolServer.java:start(151)) - RPC server for Client  is listening at /0.0.0.0:38534
2019-08-20 17:51:57,432 [IPC Server Responder] INFO  ipc.Server (Server.java:run(1314)) - IPC Server Responder: starting
2019-08-20 17:51:57,432 [IPC Server listener on 38534] INFO  ipc.Server (Server.java:run(1153)) - IPC Server listener on 38534: starting
2019-08-20 17:51:57,434 [main] INFO  server.StorageContainerManager (StorageContainerManager.java:start(769)) - ScmBlockLocationProtocol RPC server is listening at /0.0.0.0:45627
2019-08-20 17:51:57,434 [main] INFO  server.SCMBlockProtocolServer (SCMBlockProtocolServer.java:start(140)) - RPC server for Block Protocol is listening at /0.0.0.0:45627
2019-08-20 17:51:57,435 [IPC Server Responder] INFO  ipc.Server (Server.java:run(1314)) - IPC Server Responder: starting
2019-08-20 17:51:57,435 [IPC Server listener on 45627] INFO  ipc.Server (Server.java:run(1153)) - IPC Server listener on 45627: starting
2019-08-20 17:51:57,437 [main] INFO  server.StorageContainerManager (StorageContainerManager.java:start(773)) - ScmDatanodeProtocl RPC server is listening at /0.0.0.0:46241
2019-08-20 17:51:57,437 [main] INFO  server.SCMDatanodeProtocolServer (SCMDatanodeProtocolServer.java:start(191)) - RPC server for DataNodes is listening at /0.0.0.0:46241
2019-08-20 17:51:57,437 [IPC Server Responder] INFO  ipc.Server (Server.java:run(1314)) - IPC Server Responder: starting
2019-08-20 17:51:57,437 [IPC Server listener on 46241] INFO  ipc.Server (Server.java:run(1153)) - IPC Server listener on 46241: starting
2019-08-20 17:51:57,440 [main] INFO  http.HttpServer2 (HttpServer2.java:bindListener(1191)) - Jetty bound to port 35782
2019-08-20 17:51:57,442 [main] INFO  server.Server (Server.java:doStart(351)) - jetty-9.3.24.v20180605, build timestamp: 2018-06-05T17:11:56Z, git hash: 84205aa28f11a4f31f2a3b86d1bba2cc8ab69827
2019-08-20 17:51:57,477 [main] INFO  handler.ContextHandler (ContextHandler.java:doStart(781)) - Started o.e.j.s.ServletContextHandler@1506f20f{/logs,file:///workdir/hadoop-ozone/integration-test/target/log,AVAILABLE}
2019-08-20 17:51:57,478 [main] INFO  handler.ContextHandler (ContextHandler.java:doStart(781)) - Started o.e.j.s.ServletContextHandler@424fd310{/static,file:///workdir/hadoop-ozone/integration-test/target/test-classes/webapps/static,AVAILABLE}
2019-08-20 17:51:57,509 [main] INFO  handler.ContextHandler (ContextHandler.java:doStart(781)) - Started o.e.j.w.WebAppContext@287f94b1{/,file:///workdir/hadoop-ozone/integration-test/target/test-classes/webapps/scm/,AVAILABLE}{/scm}
2019-08-20 17:51:57,515 [main] INFO  server.AbstractConnector (AbstractConnector.java:doStart(278)) - Started ServerConnector@ecf9049{HTTP/1.1,[http/1.1]}{0.0.0.0:35782}
2019-08-20 17:51:57,515 [main] INFO  server.Server (Server.java:doStart(419)) - Started @2975ms
2019-08-20 17:51:57,516 [main] INFO  server.BaseHttpServer (BaseHttpServer.java:updateConnectorAddress(213)) - HTTP server of SCM is listening at http://0.0.0.0:35782
2019-08-20 17:51:57,524 [org.apache.hadoop.util.JvmPauseMonitor$Monitor@702ed190] INFO  util.JvmPauseMonitor (JvmPauseMonitor.java:run(188)) - Starting JVM pause monitor
2019-08-20 17:51:57,529 [main] WARN  server.ServerUtils (ServerUtils.java:getDBPath(222)) - ozone.om.db.dirs is not configured. We recommend adding this setting. Falling back to ozone.metadata.dirs instead.
2019-08-20 17:51:57,923 [main] WARN  server.ServerUtils (ServerUtils.java:getDBPath(222)) - ozone.om.db.dirs is not configured. We recommend adding this setting. Falling back to ozone.metadata.dirs instead.
2019-08-20 17:51:57,923 [main] WARN  server.ServerUtils (ServerUtils.java:getDBPath(222)) - ozone.om.db.dirs is not configured. We recommend adding this setting. Falling back to ozone.metadata.dirs instead.
2019-08-20 17:51:57,924 [main] INFO  om.OzoneManager (OzoneManager.java:setOMNodeDetails(648)) - OM Service ID is not set. Setting it to the default ID: omServiceIdDefault
2019-08-20 17:51:57,925 [main] INFO  om.OzoneManager (OzoneManager.java:setOMNodeDetails(654)) - OM Node ID is not set. Setting it to the OmStorage's OmID: 9e0975c5-9fa4-4ec5-9ad3-db5dfb7a909b
2019-08-20 17:51:57,926 [main] INFO  om.OzoneManager (OzoneManager.java:loadOMHAConfigs(605)) - Found matching OM address with OMServiceId: null, OMNodeId: null, RPC Address: localhost:0 and Ratis port: 9872
2019-08-20 17:51:58,194 | INFO  | SCMAudit | user=jenkins1000 | ip=192.168.5.168 | op=GET_SCM_INFO null | ret=SUCCESS |  
2019-08-20 17:51:58,736 [main] WARN  server.ServerUtils (ServerUtils.java:getDBPath(222)) - ozone.om.db.dirs is not configured. We recommend adding this setting. Falling back to ozone.metadata.dirs instead.
2019-08-20 17:51:58,743 [main] INFO  db.DBStoreBuilder (DBStoreBuilder.java:addTable(110)) - using custom profile for table: userTable
2019-08-20 17:51:58,743 [main] INFO  db.DBStoreBuilder (DBStoreBuilder.java:processTables(161)) - Using default column profile:DBProfile.DISK for Table:userTable
2019-08-20 17:51:58,743 [main] INFO  db.DBStoreBuilder (DBStoreBuilder.java:addTable(110)) - using custom profile for table: volumeTable
2019-08-20 17:51:58,744 [main] INFO  db.DBStoreBuilder (DBStoreBuilder.java:processTables(161)) - Using default column profile:DBProfile.DISK for Table:volumeTable
2019-08-20 17:51:58,744 [main] INFO  db.DBStoreBuilder (DBStoreBuilder.java:addTable(110)) - using custom profile for table: bucketTable
2019-08-20 17:51:58,744 [main] INFO  db.DBStoreBuilder (DBStoreBuilder.java:processTables(161)) - Using default column profile:DBProfile.DISK for Table:bucketTable
2019-08-20 17:51:58,745 [main] INFO  db.DBStoreBuilder (DBStoreBuilder.java:addTable(110)) - using custom profile for table: keyTable
2019-08-20 17:51:58,745 [main] INFO  db.DBStoreBuilder (DBStoreBuilder.java:processTables(161)) - Using default column profile:DBProfile.DISK for Table:keyTable
2019-08-20 17:51:58,745 [main] INFO  db.DBStoreBuilder (DBStoreBuilder.java:addTable(110)) - using custom profile for table: deletedTable
2019-08-20 17:51:58,745 [main] INFO  db.DBStoreBuilder (DBStoreBuilder.java:processTables(161)) - Using default column profile:DBProfile.DISK for Table:deletedTable
2019-08-20 17:51:58,746 [main] INFO  db.DBStoreBuilder (DBStoreBuilder.java:addTable(110)) - using custom profile for table: openKeyTable
2019-08-20 17:51:58,746 [main] INFO  db.DBStoreBuilder (DBStoreBuilder.java:processTables(161)) - Using default column profile:DBProfile.DISK for Table:openKeyTable
2019-08-20 17:51:58,746 [main] INFO  db.DBStoreBuilder (DBStoreBuilder.java:addTable(110)) - using custom profile for table: s3Table
2019-08-20 17:51:58,746 [main] INFO  db.DBStoreBuilder (DBStoreBuilder.java:processTables(161)) - Using default column profile:DBProfile.DISK for Table:s3Table
2019-08-20 17:51:58,747 [main] INFO  db.DBStoreBuilder (DBStoreBuilder.java:addTable(110)) - using custom profile for table: multipartInfoTable
2019-08-20 17:51:58,747 [main] INFO  db.DBStoreBuilder (DBStoreBuilder.java:processTables(161)) - Using default column profile:DBProfile.DISK for Table:multipartInfoTable
2019-08-20 17:51:58,747 [main] INFO  db.DBStoreBuilder (DBStoreBuilder.java:addTable(110)) - using custom profile for table: dTokenTable
2019-08-20 17:51:58,747 [main] INFO  db.DBStoreBuilder (DBStoreBuilder.java:processTables(161)) - Using default column profile:DBProfile.DISK for Table:dTokenTable
2019-08-20 17:51:58,748 [main] INFO  db.DBStoreBuilder (DBStoreBuilder.java:addTable(110)) - using custom profile for table: s3SecretTable
2019-08-20 17:51:58,748 [main] INFO  db.DBStoreBuilder (DBStoreBuilder.java:processTables(161)) - Using default column profile:DBProfile.DISK for Table:s3SecretTable
2019-08-20 17:51:58,748 [main] INFO  db.DBStoreBuilder (DBStoreBuilder.java:addTable(110)) - using custom profile for table: prefixTable
2019-08-20 17:51:58,748 [main] INFO  db.DBStoreBuilder (DBStoreBuilder.java:processTables(161)) - Using default column profile:DBProfile.DISK for Table:prefixTable
2019-08-20 17:51:58,749 [main] INFO  db.DBStoreBuilder (DBStoreBuilder.java:addTable(110)) - using custom profile for table: default
2019-08-20 17:51:58,749 [main] INFO  db.DBStoreBuilder (DBStoreBuilder.java:processTables(167)) - Using default column profile:DBProfile.DISK for Table:default
2019-08-20 17:51:58,749 [main] INFO  db.DBStoreBuilder (DBStoreBuilder.java:getDbProfile(198)) - Using default options. DBProfile.DISK
2019-08-20 17:51:59,417 [main] INFO  ipc.CallQueueManager (CallQueueManager.java:<init>(84)) - Using callQueue: class java.util.concurrent.LinkedBlockingQueue, queueCapacity: 2000, scheduler: class org.apache.hadoop.ipc.DefaultRpcScheduler, ipcBackoff: false.
2019-08-20 17:51:59,419 [Socket Reader #1 for port 37530] INFO  ipc.Server (Server.java:run(1074)) - Starting Socket Reader #1 for port 37530
2019-08-20 17:51:59,451 [main] INFO  om.OzoneManager (OzoneManager.java:start(1259)) - OzoneManager RPC server is listening at localhost/127.0.0.1:37530
2019-08-20 17:51:59,451 [main] INFO  impl.MetricsSystemImpl (MetricsSystemImpl.java:init(158)) - OzoneManager metrics system started (again)
2019-08-20 17:51:59,453 [IPC Server Responder] INFO  ipc.Server (Server.java:run(1314)) - IPC Server Responder: starting
2019-08-20 17:51:59,453 [IPC Server listener on 37530] INFO  ipc.Server (Server.java:run(1153)) - IPC Server listener on 37530: starting
2019-08-20 17:51:59,460 [main] INFO  hdfs.DFSUtil (DFSUtil.java:httpServerTemplateForNNAndJN(1641)) - Starting Web-server for ozoneManager at: http://0.0.0.0:0
2019-08-20 17:51:59,462 [main] INFO  server.AuthenticationFilter (AuthenticationFilter.java:constructSecretProvider(240)) - Unable to initialize FileSignerSecretProvider, falling back to use random secrets.
2019-08-20 17:51:59,463 [main] WARN  http.HttpRequestLog (HttpRequestLog.java:getRequestLog(97)) - Jetty request log can only be enabled using Log4j
2019-08-20 17:51:59,465 [main] INFO  http.HttpServer2 (HttpServer2.java:addGlobalFilter(975)) - Added global filter 'safety' (class=org.apache.hadoop.http.HttpServer2$QuotingInputFilter)
2019-08-20 17:51:59,607 [main] INFO  http.HttpServer2 (HttpServer2.java:addFilter(948)) - Added filter static_user_filter (class=org.apache.hadoop.http.lib.StaticUserWebFilter$StaticUserFilter) to context ozoneManager
2019-08-20 17:51:59,607 [main] INFO  http.HttpServer2 (HttpServer2.java:addFilter(958)) - Added filter static_user_filter (class=org.apache.hadoop.http.lib.StaticUserWebFilter$StaticUserFilter) to context static
2019-08-20 17:51:59,608 [main] INFO  http.HttpServer2 (HttpServer2.java:addFilter(958)) - Added filter static_user_filter (class=org.apache.hadoop.http.lib.StaticUserWebFilter$StaticUserFilter) to context logs
2019-08-20 17:51:59,610 [main] INFO  http.HttpServer2 (HttpServer2.java:bindListener(1191)) - Jetty bound to port 35625
2019-08-20 17:51:59,611 [main] INFO  server.Server (Server.java:doStart(351)) - jetty-9.3.24.v20180605, build timestamp: 2018-06-05T17:11:56Z, git hash: 84205aa28f11a4f31f2a3b86d1bba2cc8ab69827
2019-08-20 17:51:59,613 [main] INFO  handler.ContextHandler (ContextHandler.java:doStart(781)) - Started o.e.j.s.ServletContextHandler@43effd89{/logs,file:///workdir/hadoop-ozone/integration-test/target/log,AVAILABLE}
2019-08-20 17:51:59,614 [main] INFO  handler.ContextHandler (ContextHandler.java:doStart(781)) - Started o.e.j.s.ServletContextHandler@248deced{/static,file:///workdir/hadoop-ozone/integration-test/target/test-classes/webapps/static,AVAILABLE}
2019-08-20 17:51:59,620 [main] INFO  handler.ContextHandler (ContextHandler.java:doStart(781)) - Started o.e.j.w.WebAppContext@70e3f36f{/,file:///workdir/hadoop-ozone/integration-test/target/test-classes/webapps/ozoneManager/,AVAILABLE}{/ozoneManager}
2019-08-20 17:51:59,621 [main] INFO  server.AbstractConnector (AbstractConnector.java:doStart(278)) - Started ServerConnector@49601f82{HTTP/1.1,[http/1.1]}{0.0.0.0:35625}
2019-08-20 17:51:59,621 [main] INFO  server.Server (Server.java:doStart(419)) - Started @5081ms
2019-08-20 17:51:59,622 [main] INFO  server.BaseHttpServer (BaseHttpServer.java:updateConnectorAddress(213)) - HTTP server of OZONEMANAGER is listening at http://0.0.0.0:35625
2019-08-20 17:51:59,748 [main] INFO  impl.MetricsSystemImpl (MetricsSystemImpl.java:init(158)) - HddsDatanode metrics system started (again)
2019-08-20 17:51:59,828 [main] INFO  ozone.HddsDatanodeService (HddsDatanodeService.java:start(184)) - HddsDatanodeService host:pr-hdds-1927-28fzr-1052167450 ip:192.168.5.168
2019-08-20 17:51:59,858 [main] INFO  volume.HddsVolume (HddsVolume.java:<init>(176)) - Creating Volume: /workdir/hadoop-ozone/integration-test/target/test-dir/MiniOzoneClusterImpl-4c88b794-8eea-4cff-8363-0825384c3826/datanode-0/data/containers/hdds of  storage type : DISK and capacity : 1482555576320
2019-08-20 17:51:59,859 [main] INFO  volume.VolumeSet (VolumeSet.java:initializeVolumeSet(170)) - Added Volume : /workdir/hadoop-ozone/integration-test/target/test-dir/MiniOzoneClusterImpl-4c88b794-8eea-4cff-8363-0825384c3826/datanode-0/data/containers/hdds to VolumeSet
2019-08-20 17:51:59,862 [main] INFO  volume.ThrottledAsyncChecker (ThrottledAsyncChecker.java:schedule(140)) - Scheduling a check for org.apache.hadoop.ozone.container.common.volume.HddsVolume@6ac0b715
2019-08-20 17:51:59,877 [main] INFO  volume.HddsVolumeChecker (HddsVolumeChecker.java:checkAllVolumes(203)) - Scheduled health check for volume org.apache.hadoop.ozone.container.common.volume.HddsVolume@6ac0b715
2019-08-20 17:51:59,972 [main] INFO  impl.RaftServerProxy (ConfUtils.java:logGet(43)) - raft.rpc.type = GRPC (default)
2019-08-20 17:52:00,027 [main] INFO  grpc.GrpcFactory (GrpcFactory.java:checkPooledByteBufAllocatorUseCacheForAllThreads(45)) - PERFORMANCE WARNING: useCacheForAllThreads is true that may cause Netty to create a lot garbage objects and, as a result, trigger GC.
	It is recommended to disable useCacheForAllThreads by setting -Dorg.apache.ratis.thirdparty.io.netty.allocator.useCacheForAllThreads=false in command line.
2019-08-20 17:52:00,031 [main] INFO  grpc.GrpcConfigKeys$Server (ConfUtils.java:logGet(43)) - raft.grpc.server.port = 0 (default)
2019-08-20 17:52:00,032 [main] INFO  server.GrpcService (ConfUtils.java:logGet(43)) - raft.grpc.message.size.max = 33570816 (custom)
2019-08-20 17:52:00,033 [main] INFO  server.RaftServerConfigKeys (ConfUtils.java:logGet(43)) - raft.server.log.appender.buffer.byte-limit = 33554432 (custom)
2019-08-20 17:52:00,034 [main] INFO  server.GrpcService (ConfUtils.java:logGet(43)) - raft.grpc.flow.control.window = 1MB (=1048576) (default)
2019-08-20 17:52:00,035 [main] INFO  server.RaftServerConfigKeys (ConfUtils.java:logGet(43)) - raft.server.rpc.request.timeout = 3000ms (default)
2019-08-20 17:52:00,165 [main] INFO  server.RaftServerConfigKeys (ConfUtils.java:logGet(43)) - raft.server.storage.dir = [/workdir/hadoop-ozone/integration-test/target/test-dir/MiniOzoneClusterImpl-4c88b794-8eea-4cff-8363-0825384c3826/datanode-0/data/ratis] (custom)
2019-08-20 17:52:00,196 [main] INFO  replication.SimpleContainerDownloader (SimpleContainerDownloader.java:<init>(72)) - Starting container downloader service to copy containers to replicate.
2019-08-20 17:52:00,207 [main] INFO  hdfs.DFSUtil (DFSUtil.java:httpServerTemplateForNNAndJN(1641)) - Starting Web-server for hddsDatanode at: http://0.0.0.0:0
2019-08-20 17:52:00,208 [main] INFO  server.AuthenticationFilter (AuthenticationFilter.java:constructSecretProvider(240)) - Unable to initialize FileSignerSecretProvider, falling back to use random secrets.
2019-08-20 17:52:00,209 [main] WARN  http.HttpRequestLog (HttpRequestLog.java:getRequestLog(97)) - Jetty request log can only be enabled using Log4j
2019-08-20 17:52:00,210 [main] INFO  http.HttpServer2 (HttpServer2.java:addGlobalFilter(975)) - Added global filter 'safety' (class=org.apache.hadoop.http.HttpServer2$QuotingInputFilter)
2019-08-20 17:52:00,211 [main] INFO  http.HttpServer2 (HttpServer2.java:addFilter(948)) - Added filter static_user_filter (class=org.apache.hadoop.http.lib.StaticUserWebFilter$StaticUserFilter) to context hddsDatanode
2019-08-20 17:52:00,211 [main] INFO  http.HttpServer2 (HttpServer2.java:addFilter(958)) - Added filter static_user_filter (class=org.apache.hadoop.http.lib.StaticUserWebFilter$StaticUserFilter) to context static
2019-08-20 17:52:00,211 [main] INFO  http.HttpServer2 (HttpServer2.java:addFilter(958)) - Added filter static_user_filter (class=org.apache.hadoop.http.lib.StaticUserWebFilter$StaticUserFilter) to context logs
2019-08-20 17:52:00,212 [main] INFO  http.HttpServer2 (HttpServer2.java:bindListener(1191)) - Jetty bound to port 40603
2019-08-20 17:52:00,212 [main] INFO  server.Server (Server.java:doStart(351)) - jetty-9.3.24.v20180605, build timestamp: 2018-06-05T17:11:56Z, git hash: 84205aa28f11a4f31f2a3b86d1bba2cc8ab69827
2019-08-20 17:52:00,214 [main] INFO  handler.ContextHandler (ContextHandler.java:doStart(781)) - Started o.e.j.s.ServletContextHandler@6c0e13b7{/logs,file:///workdir/hadoop-ozone/integration-test/target/log,AVAILABLE}
2019-08-20 17:52:00,214 [main] INFO  handler.ContextHandler (ContextHandler.java:doStart(781)) - Started o.e.j.s.ServletContextHandler@561b7d53{/static,jar:file:/home/user/.m2/repository/org/apache/hadoop/hadoop-hdds-container-service/0.5.0-SNAPSHOT/hadoop-hdds-container-service-0.5.0-SNAPSHOT.jar!/webapps/static,AVAILABLE}
2019-08-20 17:52:00,242 [main] INFO  handler.ContextHandler (ContextHandler.java:doStart(781)) - Started o.e.j.w.WebAppContext@38ed139b{/,file:///tmp/jetty-0.0.0.0-40603-hddsDatanode-_-any-296566342457864315.dir/webapp/,AVAILABLE}{/hddsDatanode}
2019-08-20 17:52:00,243 [main] INFO  server.AbstractConnector (AbstractConnector.java:doStart(278)) - Started ServerConnector@a5272be{HTTP/1.1,[http/1.1]}{0.0.0.0:40603}
2019-08-20 17:52:00,243 [main] INFO  server.Server (Server.java:doStart(419)) - Started @5703ms
2019-08-20 17:52:00,245 [main] INFO  server.BaseHttpServer (BaseHttpServer.java:updateConnectorAddress(213)) - HTTP server of HDDSDATANODE is listening at http://0.0.0.0:40603
2019-08-20 17:52:01,227 | INFO  | ObjectStoreRestHttpServer | Listening HDDS REST traffic on /0.0.0.0:35561 |  
2019-08-20 17:52:01,228 [main] INFO  ozone.HddsDatanodeService (HddsDatanodeService.java:startPlugins(395)) - Started plug-in org.apache.hadoop.ozone.web.OzoneHddsDatanodeService@a1691c0
2019-08-20 17:52:01,230 [main] INFO  impl.MetricsSystemImpl (MetricsSystemImpl.java:init(158)) - HddsDatanode metrics system started (again)
2019-08-20 17:52:01,232 [main] INFO  ozone.HddsDatanodeService (HddsDatanodeService.java:start(184)) - HddsDatanodeService host:pr-hdds-1927-28fzr-1052167450 ip:192.168.5.168
2019-08-20 17:52:01,235 [org.apache.hadoop.util.JvmPauseMonitor$Monitor@102419] INFO  util.JvmPauseMonitor (JvmPauseMonitor.java:run(188)) - Starting JVM pause monitor
2019-08-20 17:52:01,241 [main] INFO  volume.HddsVolume (HddsVolume.java:<init>(176)) - Creating Volume: /workdir/hadoop-ozone/integration-test/target/test-dir/MiniOzoneClusterImpl-4c88b794-8eea-4cff-8363-0825384c3826/datanode-1/data/containers/hdds of  storage type : DISK and capacity : 1482555576320
2019-08-20 17:52:01,241 [main] INFO  volume.VolumeSet (VolumeSet.java:initializeVolumeSet(170)) - Added Volume : /workdir/hadoop-ozone/integration-test/target/test-dir/MiniOzoneClusterImpl-4c88b794-8eea-4cff-8363-0825384c3826/datanode-1/data/containers/hdds to VolumeSet
2019-08-20 17:52:01,241 [main] INFO  volume.ThrottledAsyncChecker (ThrottledAsyncChecker.java:schedule(140)) - Scheduling a check for org.apache.hadoop.ozone.container.common.volume.HddsVolume@6637a365
2019-08-20 17:52:01,242 [main] INFO  volume.HddsVolumeChecker (HddsVolumeChecker.java:checkAllVolumes(203)) - Scheduled health check for volume org.apache.hadoop.ozone.container.common.volume.HddsVolume@6637a365
2019-08-20 17:52:01,257 [main] INFO  impl.RaftServerProxy (ConfUtils.java:logGet(43)) - raft.rpc.type = GRPC (default)
2019-08-20 17:52:01,257 [main] INFO  grpc.GrpcFactory (GrpcFactory.java:checkPooledByteBufAllocatorUseCacheForAllThreads(45)) - PERFORMANCE WARNING: useCacheForAllThreads is true that may cause Netty to create a lot garbage objects and, as a result, trigger GC.
	It is recommended to disable useCacheForAllThreads by setting -Dorg.apache.ratis.thirdparty.io.netty.allocator.useCacheForAllThreads=false in command line.
2019-08-20 17:52:01,257 [main] INFO  grpc.GrpcConfigKeys$Server (ConfUtils.java:logGet(43)) - raft.grpc.server.port = 0 (default)
2019-08-20 17:52:01,258 [main] INFO  server.GrpcService (ConfUtils.java:logGet(43)) - raft.grpc.message.size.max = 33570816 (custom)
2019-08-20 17:52:01,258 [main] INFO  server.RaftServerConfigKeys (ConfUtils.java:logGet(43)) - raft.server.log.appender.buffer.byte-limit = 33554432 (custom)
2019-08-20 17:52:01,258 [main] INFO  server.GrpcService (ConfUtils.java:logGet(43)) - raft.grpc.flow.control.window = 1MB (=1048576) (default)
2019-08-20 17:52:01,258 [main] INFO  server.RaftServerConfigKeys (ConfUtils.java:logGet(43)) - raft.server.rpc.request.timeout = 3000ms (default)
2019-08-20 17:52:01,259 [main] INFO  server.RaftServerConfigKeys (ConfUtils.java:logGet(43)) - raft.server.storage.dir = [/workdir/hadoop-ozone/integration-test/target/test-dir/MiniOzoneClusterImpl-4c88b794-8eea-4cff-8363-0825384c3826/datanode-1/data/ratis] (custom)
2019-08-20 17:52:01,259 [main] INFO  replication.SimpleContainerDownloader (SimpleContainerDownloader.java:<init>(72)) - Starting container downloader service to copy containers to replicate.
2019-08-20 17:52:01,260 [main] INFO  hdfs.DFSUtil (DFSUtil.java:httpServerTemplateForNNAndJN(1641)) - Starting Web-server for hddsDatanode at: http://0.0.0.0:0
2019-08-20 17:52:01,262 [main] INFO  server.AuthenticationFilter (AuthenticationFilter.java:constructSecretProvider(240)) - Unable to initialize FileSignerSecretProvider, falling back to use random secrets.
2019-08-20 17:52:01,262 [main] WARN  http.HttpRequestLog (HttpRequestLog.java:getRequestLog(97)) - Jetty request log can only be enabled using Log4j
2019-08-20 17:52:01,264 [main] INFO  http.HttpServer2 (HttpServer2.java:addGlobalFilter(975)) - Added global filter 'safety' (class=org.apache.hadoop.http.HttpServer2$QuotingInputFilter)
2019-08-20 17:52:01,264 [main] INFO  http.HttpServer2 (HttpServer2.java:addFilter(948)) - Added filter static_user_filter (class=org.apache.hadoop.http.lib.StaticUserWebFilter$StaticUserFilter) to context hddsDatanode
2019-08-20 17:52:01,264 [main] INFO  http.HttpServer2 (HttpServer2.java:addFilter(958)) - Added filter static_user_filter (class=org.apache.hadoop.http.lib.StaticUserWebFilter$StaticUserFilter) to context logs
2019-08-20 17:52:01,265 [main] INFO  http.HttpServer2 (HttpServer2.java:addFilter(958)) - Added filter static_user_filter (class=org.apache.hadoop.http.lib.StaticUserWebFilter$StaticUserFilter) to context static
2019-08-20 17:52:01,265 [main] INFO  http.HttpServer2 (HttpServer2.java:bindListener(1191)) - Jetty bound to port 46841
2019-08-20 17:52:01,265 [main] INFO  server.Server (Server.java:doStart(351)) - jetty-9.3.24.v20180605, build timestamp: 2018-06-05T17:11:56Z, git hash: 84205aa28f11a4f31f2a3b86d1bba2cc8ab69827
2019-08-20 17:52:01,269 [main] INFO  handler.ContextHandler (ContextHandler.java:doStart(781)) - Started o.e.j.s.ServletContextHandler@5460edd3{/logs,file:///workdir/hadoop-ozone/integration-test/target/log,AVAILABLE}
2019-08-20 17:52:01,269 [main] INFO  handler.ContextHandler (ContextHandler.java:doStart(781)) - Started o.e.j.s.ServletContextHandler@613f7eb7{/static,jar:file:/home/user/.m2/repository/org/apache/hadoop/hadoop-hdds-container-service/0.5.0-SNAPSHOT/hadoop-hdds-container-service-0.5.0-SNAPSHOT.jar!/webapps/static,AVAILABLE}
2019-08-20 17:52:01,298 [main] INFO  handler.ContextHandler (ContextHandler.java:doStart(781)) - Started o.e.j.w.WebAppContext@44f0ff2b{/,file:///tmp/jetty-0.0.0.0-46841-hddsDatanode-_-any-8813313756924074284.dir/webapp/,AVAILABLE}{/hddsDatanode}
2019-08-20 17:52:01,299 [main] INFO  server.AbstractConnector (AbstractConnector.java:doStart(278)) - Started ServerConnector@22ead351{HTTP/1.1,[http/1.1]}{0.0.0.0:46841}
2019-08-20 17:52:01,300 [main] INFO  server.Server (Server.java:doStart(419)) - Started @6760ms
2019-08-20 17:52:01,301 [main] INFO  server.BaseHttpServer (BaseHttpServer.java:updateConnectorAddress(213)) - HTTP server of HDDSDATANODE is listening at http://0.0.0.0:46841
2019-08-20 17:52:01,369 [Datanode State Machine Thread - 0] INFO  datanode.InitDatanodeState (InitDatanodeState.java:persistContainerDatanodeDetails(140)) - DatanodeDetails is persisted to /workdir/hadoop-ozone/integration-test/target/test-dir/MiniOzoneClusterImpl-4c88b794-8eea-4cff-8363-0825384c3826/datanode-0/meta/datanode.id
2019-08-20 17:52:01,442 | INFO  | ObjectStoreRestHttpServer | Listening HDDS REST traffic on /0.0.0.0:35480 |  
2019-08-20 17:52:01,442 [main] INFO  ozone.HddsDatanodeService (HddsDatanodeService.java:startPlugins(395)) - Started plug-in org.apache.hadoop.ozone.web.OzoneHddsDatanodeService@8fcc534
2019-08-20 17:52:01,443 [main] INFO  impl.MetricsSystemImpl (MetricsSystemImpl.java:init(158)) - HddsDatanode metrics system started (again)
2019-08-20 17:52:01,445 [org.apache.hadoop.util.JvmPauseMonitor$Monitor@9d96dd7] INFO  util.JvmPauseMonitor (JvmPauseMonitor.java:run(188)) - Starting JVM pause monitor
2019-08-20 17:52:01,445 [main] INFO  ozone.HddsDatanodeService (HddsDatanodeService.java:start(184)) - HddsDatanodeService host:pr-hdds-1927-28fzr-1052167450 ip:192.168.5.168
2019-08-20 17:52:01,448 [Datanode State Machine Thread - 0] INFO  datanode.InitDatanodeState (InitDatanodeState.java:persistContainerDatanodeDetails(140)) - DatanodeDetails is persisted to /workdir/hadoop-ozone/integration-test/target/test-dir/MiniOzoneClusterImpl-4c88b794-8eea-4cff-8363-0825384c3826/datanode-1/meta/datanode.id
2019-08-20 17:52:01,454 [main] INFO  volume.HddsVolume (HddsVolume.java:<init>(176)) - Creating Volume: /workdir/hadoop-ozone/integration-test/target/test-dir/MiniOzoneClusterImpl-4c88b794-8eea-4cff-8363-0825384c3826/datanode-2/data/containers/hdds of  storage type : DISK and capacity : 1482555576320
2019-08-20 17:52:01,455 [main] INFO  volume.VolumeSet (VolumeSet.java:initializeVolumeSet(170)) - Added Volume : /workdir/hadoop-ozone/integration-test/target/test-dir/MiniOzoneClusterImpl-4c88b794-8eea-4cff-8363-0825384c3826/datanode-2/data/containers/hdds to VolumeSet
2019-08-20 17:52:01,455 [main] INFO  volume.ThrottledAsyncChecker (ThrottledAsyncChecker.java:schedule(140)) - Scheduling a check for org.apache.hadoop.ozone.container.common.volume.HddsVolume@40d848f9
2019-08-20 17:52:01,456 [main] INFO  volume.HddsVolumeChecker (HddsVolumeChecker.java:checkAllVolumes(203)) - Scheduled health check for volume org.apache.hadoop.ozone.container.common.volume.HddsVolume@40d848f9
2019-08-20 17:52:01,471 [main] INFO  impl.RaftServerProxy (ConfUtils.java:logGet(43)) - raft.rpc.type = GRPC (default)
2019-08-20 17:52:01,471 [main] INFO  grpc.GrpcFactory (GrpcFactory.java:checkPooledByteBufAllocatorUseCacheForAllThreads(45)) - PERFORMANCE WARNING: useCacheForAllThreads is true that may cause Netty to create a lot garbage objects and, as a result, trigger GC.
	It is recommended to disable useCacheForAllThreads by setting -Dorg.apache.ratis.thirdparty.io.netty.allocator.useCacheForAllThreads=false in command line.
2019-08-20 17:52:01,472 [main] INFO  grpc.GrpcConfigKeys$Server (ConfUtils.java:logGet(43)) - raft.grpc.server.port = 0 (default)
2019-08-20 17:52:01,472 [main] INFO  server.GrpcService (ConfUtils.java:logGet(43)) - raft.grpc.message.size.max = 33570816 (custom)
2019-08-20 17:52:01,472 [main] INFO  server.RaftServerConfigKeys (ConfUtils.java:logGet(43)) - raft.server.log.appender.buffer.byte-limit = 33554432 (custom)
2019-08-20 17:52:01,472 [main] INFO  server.GrpcService (ConfUtils.java:logGet(43)) - raft.grpc.flow.control.window = 1MB (=1048576) (default)
2019-08-20 17:52:01,473 [main] INFO  server.RaftServerConfigKeys (ConfUtils.java:logGet(43)) - raft.server.rpc.request.timeout = 3000ms (default)
2019-08-20 17:52:01,473 [main] INFO  server.RaftServerConfigKeys (ConfUtils.java:logGet(43)) - raft.server.storage.dir = [/workdir/hadoop-ozone/integration-test/target/test-dir/MiniOzoneClusterImpl-4c88b794-8eea-4cff-8363-0825384c3826/datanode-2/data/ratis] (custom)
2019-08-20 17:52:01,474 [main] INFO  replication.SimpleContainerDownloader (SimpleContainerDownloader.java:<init>(72)) - Starting container downloader service to copy containers to replicate.
2019-08-20 17:52:01,475 [main] INFO  hdfs.DFSUtil (DFSUtil.java:httpServerTemplateForNNAndJN(1641)) - Starting Web-server for hddsDatanode at: http://0.0.0.0:0
2019-08-20 17:52:01,476 [main] INFO  server.AuthenticationFilter (AuthenticationFilter.java:constructSecretProvider(240)) - Unable to initialize FileSignerSecretProvider, falling back to use random secrets.
2019-08-20 17:52:01,477 [main] WARN  http.HttpRequestLog (HttpRequestLog.java:getRequestLog(97)) - Jetty request log can only be enabled using Log4j
2019-08-20 17:52:01,478 [main] INFO  http.HttpServer2 (HttpServer2.java:addGlobalFilter(975)) - Added global filter 'safety' (class=org.apache.hadoop.http.HttpServer2$QuotingInputFilter)
2019-08-20 17:52:01,479 [main] INFO  http.HttpServer2 (HttpServer2.java:addFilter(948)) - Added filter static_user_filter (class=org.apache.hadoop.http.lib.StaticUserWebFilter$StaticUserFilter) to context hddsDatanode
2019-08-20 17:52:01,479 [main] INFO  http.HttpServer2 (HttpServer2.java:addFilter(958)) - Added filter static_user_filter (class=org.apache.hadoop.http.lib.StaticUserWebFilter$StaticUserFilter) to context logs
2019-08-20 17:52:01,479 [main] INFO  http.HttpServer2 (HttpServer2.java:addFilter(958)) - Added filter static_user_filter (class=org.apache.hadoop.http.lib.StaticUserWebFilter$StaticUserFilter) to context static
2019-08-20 17:52:01,480 [main] INFO  http.HttpServer2 (HttpServer2.java:bindListener(1191)) - Jetty bound to port 44782
2019-08-20 17:52:01,480 [main] INFO  server.Server (Server.java:doStart(351)) - jetty-9.3.24.v20180605, build timestamp: 2018-06-05T17:11:56Z, git hash: 84205aa28f11a4f31f2a3b86d1bba2cc8ab69827
2019-08-20 17:52:01,482 [main] INFO  handler.ContextHandler (ContextHandler.java:doStart(781)) - Started o.e.j.s.ServletContextHandler@395f52ed{/logs,file:///workdir/hadoop-ozone/integration-test/target/log,AVAILABLE}
2019-08-20 17:52:01,482 [main] INFO  handler.ContextHandler (ContextHandler.java:doStart(781)) - Started o.e.j.s.ServletContextHandler@102c18e{/static,jar:file:/home/user/.m2/repository/org/apache/hadoop/hadoop-hdds-container-service/0.5.0-SNAPSHOT/hadoop-hdds-container-service-0.5.0-SNAPSHOT.jar!/webapps/static,AVAILABLE}
2019-08-20 17:52:01,509 [main] INFO  handler.ContextHandler (ContextHandler.java:doStart(781)) - Started o.e.j.w.WebAppContext@448c92fc{/,file:///tmp/jetty-0.0.0.0-44782-hddsDatanode-_-any-8517465091170989655.dir/webapp/,AVAILABLE}{/hddsDatanode}
2019-08-20 17:52:01,510 [main] INFO  server.AbstractConnector (AbstractConnector.java:doStart(278)) - Started ServerConnector@251c8145{HTTP/1.1,[http/1.1]}{0.0.0.0:44782}
2019-08-20 17:52:01,510 [main] INFO  server.Server (Server.java:doStart(419)) - Started @6970ms
2019-08-20 17:52:01,511 [main] INFO  server.BaseHttpServer (BaseHttpServer.java:updateConnectorAddress(213)) - HTTP server of HDDSDATANODE is listening at http://0.0.0.0:44782
2019-08-20 17:52:01,650 | INFO  | ObjectStoreRestHttpServer | Listening HDDS REST traffic on /0.0.0.0:42522 |  
2019-08-20 17:52:01,651 [main] INFO  ozone.HddsDatanodeService (HddsDatanodeService.java:startPlugins(395)) - Started plug-in org.apache.hadoop.ozone.web.OzoneHddsDatanodeService@49a38b1
2019-08-20 17:52:01,651 [main] INFO  impl.MetricsSystemImpl (MetricsSystemImpl.java:init(158)) - HddsDatanode metrics system started (again)
2019-08-20 17:52:01,653 [org.apache.hadoop.util.JvmPauseMonitor$Monitor@7a9d6464] INFO  util.JvmPauseMonitor (JvmPauseMonitor.java:run(188)) - Starting JVM pause monitor
2019-08-20 17:52:01,654 [main] INFO  ozone.HddsDatanodeService (HddsDatanodeService.java:start(184)) - HddsDatanodeService host:pr-hdds-1927-28fzr-1052167450 ip:192.168.5.168
2019-08-20 17:52:01,655 [Datanode State Machine Thread - 0] INFO  datanode.InitDatanodeState (InitDatanodeState.java:persistContainerDatanodeDetails(140)) - DatanodeDetails is persisted to /workdir/hadoop-ozone/integration-test/target/test-dir/MiniOzoneClusterImpl-4c88b794-8eea-4cff-8363-0825384c3826/datanode-2/meta/datanode.id
2019-08-20 17:52:01,659 [main] INFO  volume.HddsVolume (HddsVolume.java:<init>(176)) - Creating Volume: /workdir/hadoop-ozone/integration-test/target/test-dir/MiniOzoneClusterImpl-4c88b794-8eea-4cff-8363-0825384c3826/datanode-3/data/containers/hdds of  storage type : DISK and capacity : 1482555576320
2019-08-20 17:52:01,659 [main] INFO  volume.VolumeSet (VolumeSet.java:initializeVolumeSet(170)) - Added Volume : /workdir/hadoop-ozone/integration-test/target/test-dir/MiniOzoneClusterImpl-4c88b794-8eea-4cff-8363-0825384c3826/datanode-3/data/containers/hdds to VolumeSet
2019-08-20 17:52:01,659 [main] INFO  volume.ThrottledAsyncChecker (ThrottledAsyncChecker.java:schedule(140)) - Scheduling a check for org.apache.hadoop.ozone.container.common.volume.HddsVolume@10b8b900
2019-08-20 17:52:01,660 [main] INFO  volume.HddsVolumeChecker (HddsVolumeChecker.java:checkAllVolumes(203)) - Scheduled health check for volume org.apache.hadoop.ozone.container.common.volume.HddsVolume@10b8b900
2019-08-20 17:52:01,674 [main] INFO  impl.RaftServerProxy (ConfUtils.java:logGet(43)) - raft.rpc.type = GRPC (default)
2019-08-20 17:52:01,674 [main] INFO  grpc.GrpcFactory (GrpcFactory.java:checkPooledByteBufAllocatorUseCacheForAllThreads(45)) - PERFORMANCE WARNING: useCacheForAllThreads is true that may cause Netty to create a lot garbage objects and, as a result, trigger GC.
	It is recommended to disable useCacheForAllThreads by setting -Dorg.apache.ratis.thirdparty.io.netty.allocator.useCacheForAllThreads=false in command line.
2019-08-20 17:52:01,675 [main] INFO  grpc.GrpcConfigKeys$Server (ConfUtils.java:logGet(43)) - raft.grpc.server.port = 0 (default)
2019-08-20 17:52:01,675 [main] INFO  server.GrpcService (ConfUtils.java:logGet(43)) - raft.grpc.message.size.max = 33570816 (custom)
2019-08-20 17:52:01,675 [main] INFO  server.RaftServerConfigKeys (ConfUtils.java:logGet(43)) - raft.server.log.appender.buffer.byte-limit = 33554432 (custom)
2019-08-20 17:52:01,675 [main] INFO  server.GrpcService (ConfUtils.java:logGet(43)) - raft.grpc.flow.control.window = 1MB (=1048576) (default)
2019-08-20 17:52:01,676 [main] INFO  server.RaftServerConfigKeys (ConfUtils.java:logGet(43)) - raft.server.rpc.request.timeout = 3000ms (default)
2019-08-20 17:52:01,676 [main] INFO  server.RaftServerConfigKeys (ConfUtils.java:logGet(43)) - raft.server.storage.dir = [/workdir/hadoop-ozone/integration-test/target/test-dir/MiniOzoneClusterImpl-4c88b794-8eea-4cff-8363-0825384c3826/datanode-3/data/ratis] (custom)
2019-08-20 17:52:01,677 [main] INFO  replication.SimpleContainerDownloader (SimpleContainerDownloader.java:<init>(72)) - Starting container downloader service to copy containers to replicate.
2019-08-20 17:52:01,678 [main] INFO  hdfs.DFSUtil (DFSUtil.java:httpServerTemplateForNNAndJN(1641)) - Starting Web-server for hddsDatanode at: http://0.0.0.0:0
2019-08-20 17:52:01,679 [main] INFO  server.AuthenticationFilter (AuthenticationFilter.java:constructSecretProvider(240)) - Unable to initialize FileSignerSecretProvider, falling back to use random secrets.
2019-08-20 17:52:01,680 [main] WARN  http.HttpRequestLog (HttpRequestLog.java:getRequestLog(97)) - Jetty request log can only be enabled using Log4j
2019-08-20 17:52:01,681 [main] INFO  http.HttpServer2 (HttpServer2.java:addGlobalFilter(975)) - Added global filter 'safety' (class=org.apache.hadoop.http.HttpServer2$QuotingInputFilter)
2019-08-20 17:52:01,682 [main] INFO  http.HttpServer2 (HttpServer2.java:addFilter(948)) - Added filter static_user_filter (class=org.apache.hadoop.http.lib.StaticUserWebFilter$StaticUserFilter) to context hddsDatanode
2019-08-20 17:52:01,682 [main] INFO  http.HttpServer2 (HttpServer2.java:addFilter(958)) - Added filter static_user_filter (class=org.apache.hadoop.http.lib.StaticUserWebFilter$StaticUserFilter) to context static
2019-08-20 17:52:01,682 [main] INFO  http.HttpServer2 (HttpServer2.java:addFilter(958)) - Added filter static_user_filter (class=org.apache.hadoop.http.lib.StaticUserWebFilter$StaticUserFilter) to context logs
2019-08-20 17:52:01,683 [main] INFO  http.HttpServer2 (HttpServer2.java:bindListener(1191)) - Jetty bound to port 42395
2019-08-20 17:52:01,683 [main] INFO  server.Server (Server.java:doStart(351)) - jetty-9.3.24.v20180605, build timestamp: 2018-06-05T17:11:56Z, git hash: 84205aa28f11a4f31f2a3b86d1bba2cc8ab69827
2019-08-20 17:52:01,686 [main] INFO  handler.ContextHandler (ContextHandler.java:doStart(781)) - Started o.e.j.s.ServletContextHandler@1a914089{/logs,file:///workdir/hadoop-ozone/integration-test/target/log,AVAILABLE}
2019-08-20 17:52:01,687 [main] INFO  handler.ContextHandler (ContextHandler.java:doStart(781)) - Started o.e.j.s.ServletContextHandler@4a2bf50f{/static,jar:file:/home/user/.m2/repository/org/apache/hadoop/hadoop-hdds-container-service/0.5.0-SNAPSHOT/hadoop-hdds-container-service-0.5.0-SNAPSHOT.jar!/webapps/static,AVAILABLE}
2019-08-20 17:52:01,714 [main] INFO  handler.ContextHandler (ContextHandler.java:doStart(781)) - Started o.e.j.w.WebAppContext@4eeab3e{/,file:///tmp/jetty-0.0.0.0-42395-hddsDatanode-_-any-5770953809334588572.dir/webapp/,AVAILABLE}{/hddsDatanode}
2019-08-20 17:52:01,715 [main] INFO  server.AbstractConnector (AbstractConnector.java:doStart(278)) - Started ServerConnector@2b6fb197{HTTP/1.1,[http/1.1]}{0.0.0.0:42395}
2019-08-20 17:52:01,715 [main] INFO  server.Server (Server.java:doStart(419)) - Started @7175ms
2019-08-20 17:52:01,716 [main] INFO  server.BaseHttpServer (BaseHttpServer.java:updateConnectorAddress(213)) - HTTP server of HDDSDATANODE is listening at http://0.0.0.0:42395
2019-08-20 17:52:01,850 | INFO  | ObjectStoreRestHttpServer | Listening HDDS REST traffic on /0.0.0.0:39541 |  
2019-08-20 17:52:01,850 [main] INFO  ozone.HddsDatanodeService (HddsDatanodeService.java:startPlugins(395)) - Started plug-in org.apache.hadoop.ozone.web.OzoneHddsDatanodeService@1eb85a47
2019-08-20 17:52:01,851 [main] INFO  impl.MetricsSystemImpl (MetricsSystemImpl.java:init(158)) - HddsDatanode metrics system started (again)
2019-08-20 17:52:01,853 [org.apache.hadoop.util.JvmPauseMonitor$Monitor@513f554f] INFO  util.JvmPauseMonitor (JvmPauseMonitor.java:run(188)) - Starting JVM pause monitor
2019-08-20 17:52:01,853 [main] INFO  ozone.HddsDatanodeService (HddsDatanodeService.java:start(184)) - HddsDatanodeService host:pr-hdds-1927-28fzr-1052167450 ip:192.168.5.168
2019-08-20 17:52:01,855 [Datanode State Machine Thread - 0] INFO  datanode.InitDatanodeState (InitDatanodeState.java:persistContainerDatanodeDetails(140)) - DatanodeDetails is persisted to /workdir/hadoop-ozone/integration-test/target/test-dir/MiniOzoneClusterImpl-4c88b794-8eea-4cff-8363-0825384c3826/datanode-3/meta/datanode.id
2019-08-20 17:52:01,859 [main] INFO  volume.HddsVolume (HddsVolume.java:<init>(176)) - Creating Volume: /workdir/hadoop-ozone/integration-test/target/test-dir/MiniOzoneClusterImpl-4c88b794-8eea-4cff-8363-0825384c3826/datanode-4/data/containers/hdds of  storage type : DISK and capacity : 1482555576320
2019-08-20 17:52:01,860 [main] INFO  volume.VolumeSet (VolumeSet.java:initializeVolumeSet(170)) - Added Volume : /workdir/hadoop-ozone/integration-test/target/test-dir/MiniOzoneClusterImpl-4c88b794-8eea-4cff-8363-0825384c3826/datanode-4/data/containers/hdds to VolumeSet
2019-08-20 17:52:01,860 [main] INFO  volume.ThrottledAsyncChecker (ThrottledAsyncChecker.java:schedule(140)) - Scheduling a check for org.apache.hadoop.ozone.container.common.volume.HddsVolume@403364e9
2019-08-20 17:52:01,860 [main] INFO  volume.HddsVolumeChecker (HddsVolumeChecker.java:checkAllVolumes(203)) - Scheduled health check for volume org.apache.hadoop.ozone.container.common.volume.HddsVolume@403364e9
2019-08-20 17:52:01,873 [main] INFO  impl.RaftServerProxy (ConfUtils.java:logGet(43)) - raft.rpc.type = GRPC (default)
2019-08-20 17:52:01,873 [main] INFO  grpc.GrpcFactory (GrpcFactory.java:checkPooledByteBufAllocatorUseCacheForAllThreads(45)) - PERFORMANCE WARNING: useCacheForAllThreads is true that may cause Netty to create a lot garbage objects and, as a result, trigger GC.
	It is recommended to disable useCacheForAllThreads by setting -Dorg.apache.ratis.thirdparty.io.netty.allocator.useCacheForAllThreads=false in command line.
2019-08-20 17:52:01,874 [main] INFO  grpc.GrpcConfigKeys$Server (ConfUtils.java:logGet(43)) - raft.grpc.server.port = 0 (default)
2019-08-20 17:52:01,874 [main] INFO  server.GrpcService (ConfUtils.java:logGet(43)) - raft.grpc.message.size.max = 33570816 (custom)
2019-08-20 17:52:01,874 [main] INFO  server.RaftServerConfigKeys (ConfUtils.java:logGet(43)) - raft.server.log.appender.buffer.byte-limit = 33554432 (custom)
2019-08-20 17:52:01,874 [main] INFO  server.GrpcService (ConfUtils.java:logGet(43)) - raft.grpc.flow.control.window = 1MB (=1048576) (default)
2019-08-20 17:52:01,874 [main] INFO  server.RaftServerConfigKeys (ConfUtils.java:logGet(43)) - raft.server.rpc.request.timeout = 3000ms (default)
2019-08-20 17:52:01,875 [main] INFO  server.RaftServerConfigKeys (ConfUtils.java:logGet(43)) - raft.server.storage.dir = [/workdir/hadoop-ozone/integration-test/target/test-dir/MiniOzoneClusterImpl-4c88b794-8eea-4cff-8363-0825384c3826/datanode-4/data/ratis] (custom)
2019-08-20 17:52:01,875 [main] INFO  replication.SimpleContainerDownloader (SimpleContainerDownloader.java:<init>(72)) - Starting container downloader service to copy containers to replicate.
2019-08-20 17:52:01,877 [main] INFO  hdfs.DFSUtil (DFSUtil.java:httpServerTemplateForNNAndJN(1641)) - Starting Web-server for hddsDatanode at: http://0.0.0.0:0
2019-08-20 17:52:01,878 [main] INFO  server.AuthenticationFilter (AuthenticationFilter.java:constructSecretProvider(240)) - Unable to initialize FileSignerSecretProvider, falling back to use random secrets.
2019-08-20 17:52:01,878 [main] WARN  http.HttpRequestLog (HttpRequestLog.java:getRequestLog(97)) - Jetty request log can only be enabled using Log4j
2019-08-20 17:52:01,880 [main] INFO  http.HttpServer2 (HttpServer2.java:addGlobalFilter(975)) - Added global filter 'safety' (class=org.apache.hadoop.http.HttpServer2$QuotingInputFilter)
2019-08-20 17:52:01,880 [main] INFO  http.HttpServer2 (HttpServer2.java:addFilter(948)) - Added filter static_user_filter (class=org.apache.hadoop.http.lib.StaticUserWebFilter$StaticUserFilter) to context hddsDatanode
2019-08-20 17:52:01,880 [main] INFO  http.HttpServer2 (HttpServer2.java:addFilter(958)) - Added filter static_user_filter (class=org.apache.hadoop.http.lib.StaticUserWebFilter$StaticUserFilter) to context logs
2019-08-20 17:52:01,881 [main] INFO  http.HttpServer2 (HttpServer2.java:addFilter(958)) - Added filter static_user_filter (class=org.apache.hadoop.http.lib.StaticUserWebFilter$StaticUserFilter) to context static
2019-08-20 17:52:01,881 [main] INFO  http.HttpServer2 (HttpServer2.java:bindListener(1191)) - Jetty bound to port 37895
2019-08-20 17:52:01,881 [main] INFO  server.Server (Server.java:doStart(351)) - jetty-9.3.24.v20180605, build timestamp: 2018-06-05T17:11:56Z, git hash: 84205aa28f11a4f31f2a3b86d1bba2cc8ab69827
2019-08-20 17:52:01,883 [main] INFO  handler.ContextHandler (ContextHandler.java:doStart(781)) - Started o.e.j.s.ServletContextHandler@9408857{/logs,file:///workdir/hadoop-ozone/integration-test/target/log,AVAILABLE}
2019-08-20 17:52:01,884 [main] INFO  handler.ContextHandler (ContextHandler.java:doStart(781)) - Started o.e.j.s.ServletContextHandler@2f09e6b2{/static,jar:file:/home/user/.m2/repository/org/apache/hadoop/hadoop-hdds-container-service/0.5.0-SNAPSHOT/hadoop-hdds-container-service-0.5.0-SNAPSHOT.jar!/webapps/static,AVAILABLE}
2019-08-20 17:52:01,908 [main] INFO  handler.ContextHandler (ContextHandler.java:doStart(781)) - Started o.e.j.w.WebAppContext@6321a5aa{/,file:///tmp/jetty-0.0.0.0-37895-hddsDatanode-_-any-4516621723518011798.dir/webapp/,AVAILABLE}{/hddsDatanode}
2019-08-20 17:52:01,909 [main] INFO  server.AbstractConnector (AbstractConnector.java:doStart(278)) - Started ServerConnector@1c7f9861{HTTP/1.1,[http/1.1]}{0.0.0.0:37895}
2019-08-20 17:52:01,909 [main] INFO  server.Server (Server.java:doStart(419)) - Started @7369ms
2019-08-20 17:52:01,910 [main] INFO  server.BaseHttpServer (BaseHttpServer.java:updateConnectorAddress(213)) - HTTP server of HDDSDATANODE is listening at http://0.0.0.0:37895
2019-08-20 17:52:02,051 | INFO  | ObjectStoreRestHttpServer | Listening HDDS REST traffic on /0.0.0.0:36947 |  
2019-08-20 17:52:02,052 [main] INFO  ozone.HddsDatanodeService (HddsDatanodeService.java:startPlugins(395)) - Started plug-in org.apache.hadoop.ozone.web.OzoneHddsDatanodeService@388be5fd
2019-08-20 17:52:02,052 [main] INFO  impl.MetricsSystemImpl (MetricsSystemImpl.java:init(158)) - HddsDatanode metrics system started (again)
2019-08-20 17:52:02,055 [org.apache.hadoop.util.JvmPauseMonitor$Monitor@67ac0f69] INFO  util.JvmPauseMonitor (JvmPauseMonitor.java:run(188)) - Starting JVM pause monitor
2019-08-20 17:52:02,055 [main] INFO  ozone.HddsDatanodeService (HddsDatanodeService.java:start(184)) - HddsDatanodeService host:pr-hdds-1927-28fzr-1052167450 ip:192.168.5.168
2019-08-20 17:52:02,056 [Datanode State Machine Thread - 0] INFO  datanode.InitDatanodeState (InitDatanodeState.java:persistContainerDatanodeDetails(140)) - DatanodeDetails is persisted to /workdir/hadoop-ozone/integration-test/target/test-dir/MiniOzoneClusterImpl-4c88b794-8eea-4cff-8363-0825384c3826/datanode-4/meta/datanode.id
2019-08-20 17:52:02,061 [main] INFO  volume.HddsVolume (HddsVolume.java:<init>(176)) - Creating Volume: /workdir/hadoop-ozone/integration-test/target/test-dir/MiniOzoneClusterImpl-4c88b794-8eea-4cff-8363-0825384c3826/datanode-5/data/containers/hdds of  storage type : DISK and capacity : 1482555576320
2019-08-20 17:52:02,061 [main] INFO  volume.VolumeSet (VolumeSet.java:initializeVolumeSet(170)) - Added Volume : /workdir/hadoop-ozone/integration-test/target/test-dir/MiniOzoneClusterImpl-4c88b794-8eea-4cff-8363-0825384c3826/datanode-5/data/containers/hdds to VolumeSet
2019-08-20 17:52:02,061 [main] INFO  volume.ThrottledAsyncChecker (ThrottledAsyncChecker.java:schedule(140)) - Scheduling a check for org.apache.hadoop.ozone.container.common.volume.HddsVolume@3a109ff7
2019-08-20 17:52:02,062 [main] INFO  volume.HddsVolumeChecker (HddsVolumeChecker.java:checkAllVolumes(203)) - Scheduled health check for volume org.apache.hadoop.ozone.container.common.volume.HddsVolume@3a109ff7
2019-08-20 17:52:02,075 [main] INFO  impl.RaftServerProxy (ConfUtils.java:logGet(43)) - raft.rpc.type = GRPC (default)
2019-08-20 17:52:02,076 [main] INFO  grpc.GrpcFactory (GrpcFactory.java:checkPooledByteBufAllocatorUseCacheForAllThreads(45)) - PERFORMANCE WARNING: useCacheForAllThreads is true that may cause Netty to create a lot garbage objects and, as a result, trigger GC.
	It is recommended to disable useCacheForAllThreads by setting -Dorg.apache.ratis.thirdparty.io.netty.allocator.useCacheForAllThreads=false in command line.
2019-08-20 17:52:02,076 [main] INFO  grpc.GrpcConfigKeys$Server (ConfUtils.java:logGet(43)) - raft.grpc.server.port = 0 (default)
2019-08-20 17:52:02,076 [main] INFO  server.GrpcService (ConfUtils.java:logGet(43)) - raft.grpc.message.size.max = 33570816 (custom)
2019-08-20 17:52:02,076 [main] INFO  server.RaftServerConfigKeys (ConfUtils.java:logGet(43)) - raft.server.log.appender.buffer.byte-limit = 33554432 (custom)
2019-08-20 17:52:02,076 [main] INFO  server.GrpcService (ConfUtils.java:logGet(43)) - raft.grpc.flow.control.window = 1MB (=1048576) (default)
2019-08-20 17:52:02,077 [main] INFO  server.RaftServerConfigKeys (ConfUtils.java:logGet(43)) - raft.server.rpc.request.timeout = 3000ms (default)
2019-08-20 17:52:02,077 [main] INFO  server.RaftServerConfigKeys (ConfUtils.java:logGet(43)) - raft.server.storage.dir = [/workdir/hadoop-ozone/integration-test/target/test-dir/MiniOzoneClusterImpl-4c88b794-8eea-4cff-8363-0825384c3826/datanode-5/data/ratis] (custom)
2019-08-20 17:52:02,078 [main] INFO  replication.SimpleContainerDownloader (SimpleContainerDownloader.java:<init>(72)) - Starting container downloader service to copy containers to replicate.
2019-08-20 17:52:02,079 [main] INFO  hdfs.DFSUtil (DFSUtil.java:httpServerTemplateForNNAndJN(1641)) - Starting Web-server for hddsDatanode at: http://0.0.0.0:0
2019-08-20 17:52:02,080 [main] INFO  server.AuthenticationFilter (AuthenticationFilter.java:constructSecretProvider(240)) - Unable to initialize FileSignerSecretProvider, falling back to use random secrets.
2019-08-20 17:52:02,081 [main] WARN  http.HttpRequestLog (HttpRequestLog.java:getRequestLog(97)) - Jetty request log can only be enabled using Log4j
2019-08-20 17:52:02,082 [main] INFO  http.HttpServer2 (HttpServer2.java:addGlobalFilter(975)) - Added global filter 'safety' (class=org.apache.hadoop.http.HttpServer2$QuotingInputFilter)
2019-08-20 17:52:02,083 [main] INFO  http.HttpServer2 (HttpServer2.java:addFilter(948)) - Added filter static_user_filter (class=org.apache.hadoop.http.lib.StaticUserWebFilter$StaticUserFilter) to context hddsDatanode
2019-08-20 17:52:02,083 [main] INFO  http.HttpServer2 (HttpServer2.java:addFilter(958)) - Added filter static_user_filter (class=org.apache.hadoop.http.lib.StaticUserWebFilter$StaticUserFilter) to context static
2019-08-20 17:52:02,083 [main] INFO  http.HttpServer2 (HttpServer2.java:addFilter(958)) - Added filter static_user_filter (class=org.apache.hadoop.http.lib.StaticUserWebFilter$StaticUserFilter) to context logs
2019-08-20 17:52:02,084 [main] INFO  http.HttpServer2 (HttpServer2.java:bindListener(1191)) - Jetty bound to port 41560
2019-08-20 17:52:02,084 [main] INFO  server.Server (Server.java:doStart(351)) - jetty-9.3.24.v20180605, build timestamp: 2018-06-05T17:11:56Z, git hash: 84205aa28f11a4f31f2a3b86d1bba2cc8ab69827
2019-08-20 17:52:02,124 [main] INFO  handler.ContextHandler (ContextHandler.java:doStart(781)) - Started o.e.j.s.ServletContextHandler@33bdd01{/logs,file:///workdir/hadoop-ozone/integration-test/target/log,AVAILABLE}
2019-08-20 17:52:02,125 [main] INFO  handler.ContextHandler (ContextHandler.java:doStart(781)) - Started o.e.j.s.ServletContextHandler@7ac48f05{/static,jar:file:/home/user/.m2/repository/org/apache/hadoop/hadoop-hdds-container-service/0.5.0-SNAPSHOT/hadoop-hdds-container-service-0.5.0-SNAPSHOT.jar!/webapps/static,AVAILABLE}
2019-08-20 17:52:02,167 [main] INFO  handler.ContextHandler (ContextHandler.java:doStart(781)) - Started o.e.j.w.WebAppContext@62e73ab6{/,file:///tmp/jetty-0.0.0.0-41560-hddsDatanode-_-any-5643952110564792914.dir/webapp/,AVAILABLE}{/hddsDatanode}
2019-08-20 17:52:02,168 [main] INFO  server.AbstractConnector (AbstractConnector.java:doStart(278)) - Started ServerConnector@5d7f8467{HTTP/1.1,[http/1.1]}{0.0.0.0:41560}
2019-08-20 17:52:02,168 [main] INFO  server.Server (Server.java:doStart(419)) - Started @7628ms
2019-08-20 17:52:02,169 [main] INFO  server.BaseHttpServer (BaseHttpServer.java:updateConnectorAddress(213)) - HTTP server of HDDSDATANODE is listening at http://0.0.0.0:41560
2019-08-20 17:52:02,340 | INFO  | ObjectStoreRestHttpServer | Listening HDDS REST traffic on /0.0.0.0:36892 |  
2019-08-20 17:52:02,341 [main] INFO  ozone.HddsDatanodeService (HddsDatanodeService.java:startPlugins(395)) - Started plug-in org.apache.hadoop.ozone.web.OzoneHddsDatanodeService@78479f2b
2019-08-20 17:52:02,341 [main] INFO  impl.MetricsSystemImpl (MetricsSystemImpl.java:init(158)) - HddsDatanode metrics system started (again)
2019-08-20 17:52:02,344 [org.apache.hadoop.util.JvmPauseMonitor$Monitor@6ea6f285] INFO  util.JvmPauseMonitor (JvmPauseMonitor.java:run(188)) - Starting JVM pause monitor
2019-08-20 17:52:02,344 [main] INFO  ozone.HddsDatanodeService (HddsDatanodeService.java:start(184)) - HddsDatanodeService host:pr-hdds-1927-28fzr-1052167450 ip:192.168.5.168
2019-08-20 17:52:02,346 [Datanode State Machine Thread - 0] INFO  datanode.InitDatanodeState (InitDatanodeState.java:persistContainerDatanodeDetails(140)) - DatanodeDetails is persisted to /workdir/hadoop-ozone/integration-test/target/test-dir/MiniOzoneClusterImpl-4c88b794-8eea-4cff-8363-0825384c3826/datanode-5/meta/datanode.id
2019-08-20 17:52:02,351 [main] INFO  volume.HddsVolume (HddsVolume.java:<init>(176)) - Creating Volume: /workdir/hadoop-ozone/integration-test/target/test-dir/MiniOzoneClusterImpl-4c88b794-8eea-4cff-8363-0825384c3826/datanode-6/data/containers/hdds of  storage type : DISK and capacity : 1482555576320
2019-08-20 17:52:02,351 [main] INFO  volume.VolumeSet (VolumeSet.java:initializeVolumeSet(170)) - Added Volume : /workdir/hadoop-ozone/integration-test/target/test-dir/MiniOzoneClusterImpl-4c88b794-8eea-4cff-8363-0825384c3826/datanode-6/data/containers/hdds to VolumeSet
2019-08-20 17:52:02,352 [main] INFO  volume.ThrottledAsyncChecker (ThrottledAsyncChecker.java:schedule(140)) - Scheduling a check for org.apache.hadoop.ozone.container.common.volume.HddsVolume@563317c1
2019-08-20 17:52:02,352 [main] INFO  volume.HddsVolumeChecker (HddsVolumeChecker.java:checkAllVolumes(203)) - Scheduled health check for volume org.apache.hadoop.ozone.container.common.volume.HddsVolume@563317c1
2019-08-20 17:52:02,366 [main] INFO  impl.RaftServerProxy (ConfUtils.java:logGet(43)) - raft.rpc.type = GRPC (default)
2019-08-20 17:52:02,366 [main] INFO  grpc.GrpcFactory (GrpcFactory.java:checkPooledByteBufAllocatorUseCacheForAllThreads(45)) - PERFORMANCE WARNING: useCacheForAllThreads is true that may cause Netty to create a lot garbage objects and, as a result, trigger GC.
	It is recommended to disable useCacheForAllThreads by setting -Dorg.apache.ratis.thirdparty.io.netty.allocator.useCacheForAllThreads=false in command line.
2019-08-20 17:52:02,366 [main] INFO  grpc.GrpcConfigKeys$Server (ConfUtils.java:logGet(43)) - raft.grpc.server.port = 0 (default)
2019-08-20 17:52:02,366 [main] INFO  server.GrpcService (ConfUtils.java:logGet(43)) - raft.grpc.message.size.max = 33570816 (custom)
2019-08-20 17:52:02,367 [main] INFO  server.RaftServerConfigKeys (ConfUtils.java:logGet(43)) - raft.server.log.appender.buffer.byte-limit = 33554432 (custom)
2019-08-20 17:52:02,367 [main] INFO  server.GrpcService (ConfUtils.java:logGet(43)) - raft.grpc.flow.control.window = 1MB (=1048576) (default)
2019-08-20 17:52:02,367 [main] INFO  server.RaftServerConfigKeys (ConfUtils.java:logGet(43)) - raft.server.rpc.request.timeout = 3000ms (default)
2019-08-20 17:52:02,367 [main] INFO  server.RaftServerConfigKeys (ConfUtils.java:logGet(43)) - raft.server.storage.dir = [/workdir/hadoop-ozone/integration-test/target/test-dir/MiniOzoneClusterImpl-4c88b794-8eea-4cff-8363-0825384c3826/datanode-6/data/ratis] (custom)
2019-08-20 17:52:02,368 [main] INFO  replication.SimpleContainerDownloader (SimpleContainerDownloader.java:<init>(72)) - Starting container downloader service to copy containers to replicate.
2019-08-20 17:52:02,369 [main] INFO  hdfs.DFSUtil (DFSUtil.java:httpServerTemplateForNNAndJN(1641)) - Starting Web-server for hddsDatanode at: http://0.0.0.0:0
2019-08-20 17:52:02,371 [main] INFO  server.AuthenticationFilter (AuthenticationFilter.java:constructSecretProvider(240)) - Unable to initialize FileSignerSecretProvider, falling back to use random secrets.
2019-08-20 17:52:02,371 [main] WARN  http.HttpRequestLog (HttpRequestLog.java:getRequestLog(97)) - Jetty request log can only be enabled using Log4j
2019-08-20 17:52:02,373 [main] INFO  http.HttpServer2 (HttpServer2.java:addGlobalFilter(975)) - Added global filter 'safety' (class=org.apache.hadoop.http.HttpServer2$QuotingInputFilter)
2019-08-20 17:52:02,374 [main] INFO  http.HttpServer2 (HttpServer2.java:addFilter(948)) - Added filter static_user_filter (class=org.apache.hadoop.http.lib.StaticUserWebFilter$StaticUserFilter) to context hddsDatanode
2019-08-20 17:52:02,374 [main] INFO  http.HttpServer2 (HttpServer2.java:addFilter(958)) - Added filter static_user_filter (class=org.apache.hadoop.http.lib.StaticUserWebFilter$StaticUserFilter) to context logs
2019-08-20 17:52:02,374 [main] INFO  http.HttpServer2 (HttpServer2.java:addFilter(958)) - Added filter static_user_filter (class=org.apache.hadoop.http.lib.StaticUserWebFilter$StaticUserFilter) to context static
2019-08-20 17:52:02,375 [main] INFO  http.HttpServer2 (HttpServer2.java:bindListener(1191)) - Jetty bound to port 40996
2019-08-20 17:52:02,376 [main] INFO  server.Server (Server.java:doStart(351)) - jetty-9.3.24.v20180605, build timestamp: 2018-06-05T17:11:56Z, git hash: 84205aa28f11a4f31f2a3b86d1bba2cc8ab69827
2019-08-20 17:52:02,377 [main] INFO  handler.ContextHandler (ContextHandler.java:doStart(781)) - Started o.e.j.s.ServletContextHandler@1d17423f{/logs,file:///workdir/hadoop-ozone/integration-test/target/log,AVAILABLE}
2019-08-20 17:52:02,378 [main] INFO  handler.ContextHandler (ContextHandler.java:doStart(781)) - Started o.e.j.s.ServletContextHandler@582dcd35{/static,jar:file:/home/user/.m2/repository/org/apache/hadoop/hadoop-hdds-container-service/0.5.0-SNAPSHOT/hadoop-hdds-container-service-0.5.0-SNAPSHOT.jar!/webapps/static,AVAILABLE}
2019-08-20 17:52:02,415 [main] INFO  handler.ContextHandler (ContextHandler.java:doStart(781)) - Started o.e.j.w.WebAppContext@11bfffb3{/,file:///tmp/jetty-0.0.0.0-40996-hddsDatanode-_-any-9163514296816604898.dir/webapp/,AVAILABLE}{/hddsDatanode}
2019-08-20 17:52:02,416 [main] INFO  server.AbstractConnector (AbstractConnector.java:doStart(278)) - Started ServerConnector@6a7a1a0d{HTTP/1.1,[http/1.1]}{0.0.0.0:40996}
2019-08-20 17:52:02,417 [main] INFO  server.Server (Server.java:doStart(419)) - Started @7877ms
2019-08-20 17:52:02,418 [main] INFO  server.BaseHttpServer (BaseHttpServer.java:updateConnectorAddress(213)) - HTTP server of HDDSDATANODE is listening at http://0.0.0.0:40996
2019-08-20 17:52:02,542 | INFO  | ObjectStoreRestHttpServer | Listening HDDS REST traffic on /0.0.0.0:44873 |  
2019-08-20 17:52:02,542 [main] INFO  ozone.HddsDatanodeService (HddsDatanodeService.java:startPlugins(395)) - Started plug-in org.apache.hadoop.ozone.web.OzoneHddsDatanodeService@30fbc23
2019-08-20 17:52:02,545 [main] INFO  ozone.MiniOzoneClusterImpl (MiniOzoneClusterImpl.java:lambda$waitForClusterToBeReady$0(142)) - Waiting for cluster to be ready. Got 0 of 7 DN Heartbeats.
2019-08-20 17:52:02,545 [org.apache.hadoop.util.JvmPauseMonitor$Monitor@12c8f7e0] INFO  util.JvmPauseMonitor (JvmPauseMonitor.java:run(188)) - Starting JVM pause monitor
2019-08-20 17:52:02,548 [Datanode State Machine Thread - 0] INFO  datanode.InitDatanodeState (InitDatanodeState.java:persistContainerDatanodeDetails(140)) - DatanodeDetails is persisted to /workdir/hadoop-ozone/integration-test/target/test-dir/MiniOzoneClusterImpl-4c88b794-8eea-4cff-8363-0825384c3826/datanode-6/meta/datanode.id
2019-08-20 17:52:03,269 | INFO  | SCMAudit | user=jenkins1000 | ip=192.168.5.168 | op=GET_VERSION null | ret=SUCCESS |  
2019-08-20 17:52:03,447 | INFO  | SCMAudit | user=jenkins1000 | ip=192.168.5.168 | op=GET_VERSION null | ret=SUCCESS |  
2019-08-20 17:52:03,545 [main] INFO  ozone.MiniOzoneClusterImpl (MiniOzoneClusterImpl.java:lambda$waitForClusterToBeReady$0(142)) - Waiting for cluster to be ready. Got 0 of 7 DN Heartbeats.
2019-08-20 17:52:03,656 | INFO  | SCMAudit | user=jenkins1000 | ip=192.168.5.168 | op=GET_VERSION null | ret=SUCCESS |  
2019-08-20 17:52:03,856 | INFO  | SCMAudit | user=jenkins1000 | ip=192.168.5.168 | op=GET_VERSION null | ret=SUCCESS |  
2019-08-20 17:52:04,056 | INFO  | SCMAudit | user=jenkins1000 | ip=192.168.5.168 | op=GET_VERSION null | ret=SUCCESS |  
2019-08-20 17:52:04,346 | INFO  | SCMAudit | user=jenkins1000 | ip=192.168.5.168 | op=GET_VERSION null | ret=SUCCESS |  
2019-08-20 17:52:04,546 [main] INFO  ozone.MiniOzoneClusterImpl (MiniOzoneClusterImpl.java:lambda$waitForClusterToBeReady$0(142)) - Waiting for cluster to be ready. Got 0 of 7 DN Heartbeats.
2019-08-20 17:52:04,547 | INFO  | SCMAudit | user=jenkins1000 | ip=192.168.5.168 | op=GET_VERSION null | ret=SUCCESS |  
2019-08-20 17:52:04,722 [Datanode State Machine Thread - 0] INFO  ozoneimpl.OzoneContainer (OzoneContainer.java:start(186)) - Attempting to start container services.
2019-08-20 17:52:04,722 [Datanode State Machine Thread - 0] INFO  ozoneimpl.OzoneContainer (OzoneContainer.java:start(186)) - Attempting to start container services.
2019-08-20 17:52:04,724 [Datanode State Machine Thread - 0] INFO  ozoneimpl.OzoneContainer (OzoneContainer.java:startContainerScrub(160)) - Background container scrubber has been disabled by hdds.containerscrub.enabled
2019-08-20 17:52:04,725 [Datanode State Machine Thread - 0] INFO  ozoneimpl.OzoneContainer (OzoneContainer.java:startContainerScrub(160)) - Background container scrubber has been disabled by hdds.containerscrub.enabled
2019-08-20 17:52:04,725 [Datanode State Machine Thread - 0] INFO  ratis.XceiverServerRatis (XceiverServerRatis.java:start(404)) - Starting XceiverServerRatis f422ac7f-f504-4d88-a1fc-e574686b78e5 at port 0
2019-08-20 17:52:04,726 [Datanode State Machine Thread - 0] INFO  ratis.XceiverServerRatis (XceiverServerRatis.java:start(404)) - Starting XceiverServerRatis 942f3ca5-282c-4b18-a6c9-ab3dcdde7736 at port 0
2019-08-20 17:52:04,747 [Datanode State Machine Thread - 0] INFO  impl.RaftServerProxy (RaftServerProxy.java:lambda$start$3(299)) - 942f3ca5-282c-4b18-a6c9-ab3dcdde7736: start RPC server
2019-08-20 17:52:04,747 [Datanode State Machine Thread - 0] INFO  impl.RaftServerProxy (RaftServerProxy.java:lambda$start$3(299)) - f422ac7f-f504-4d88-a1fc-e574686b78e5: start RPC server
2019-08-20 17:52:04,872 [Datanode State Machine Thread - 0] INFO  server.GrpcService (GrpcService.java:startImpl(149)) - f422ac7f-f504-4d88-a1fc-e574686b78e5: GrpcService started, listening on 0.0.0.0/0.0.0.0:38734
2019-08-20 17:52:04,872 [Datanode State Machine Thread - 0] INFO  server.GrpcService (GrpcService.java:startImpl(149)) - 942f3ca5-282c-4b18-a6c9-ab3dcdde7736: GrpcService started, listening on 0.0.0.0/0.0.0.0:40228
2019-08-20 17:52:04,873 [Datanode State Machine Thread - 0] INFO  ratis.XceiverServerRatis (XceiverServerRatis.java:start(414)) - XceiverServerRatis f422ac7f-f504-4d88-a1fc-e574686b78e5 is started using port 38734
2019-08-20 17:52:04,873 [Datanode State Machine Thread - 0] INFO  ratis.XceiverServerRatis (XceiverServerRatis.java:start(414)) - XceiverServerRatis 942f3ca5-282c-4b18-a6c9-ab3dcdde7736 is started using port 40228
2019-08-20 17:52:04,876 [Datanode State Machine Thread - 0] INFO  server.XceiverServerGrpc (XceiverServerGrpc.java:start(161)) - XceiverServerGrpc f422ac7f-f504-4d88-a1fc-e574686b78e5 is started using port 34016
2019-08-20 17:52:04,876 [Datanode State Machine Thread - 0] INFO  server.XceiverServerGrpc (XceiverServerGrpc.java:start(161)) - XceiverServerGrpc 942f3ca5-282c-4b18-a6c9-ab3dcdde7736 is started using port 46044
2019-08-20 17:52:05,268 [IPC Server handler 5 on 46241] INFO  net.NetworkTopology (NetworkTopologyImpl.java:add(110)) - Added a new node: /default-rack/942f3ca5-282c-4b18-a6c9-ab3dcdde7736
2019-08-20 17:52:05,268 [IPC Server handler 5 on 46241] INFO  node.SCMNodeManager (SCMNodeManager.java:register(273)) - Registered Data node : 942f3ca5-282c-4b18-a6c9-ab3dcdde7736{ip: 192.168.5.168, host: pr-hdds-1927-28fzr-1052167450, networkLocation: /default-rack, certSerialId: null}
2019-08-20 17:52:05,272 [EventQueue-NodeRegistrationContainerReportForDataNodeSafeModeRule] INFO  safemode.SCMSafeModeManager (DataNodeSafeModeRule.java:process(71)) - SCM in safe mode. 1 DataNodes registered, 1 required.
2019-08-20 17:52:05,272 [EventQueue-NodeRegistrationContainerReportForDataNodeSafeModeRule] INFO  safemode.SCMSafeModeManager (SCMSafeModeManager.java:validateSafeModeExitRules(177)) - ScmSafeModeManager, all rules are successfully validated
2019-08-20 17:52:05,273 [EventQueue-NodeRegistrationContainerReportForDataNodeSafeModeRule] INFO  safemode.SCMSafeModeManager (SCMSafeModeManager.java:exitSafeMode(193)) - SCM exiting safe mode.
2019-08-20 17:52:05,280 | INFO  | SCMAudit | user=jenkins1000 | ip=192.168.5.168 | op=REGISTER {datanodeDetails=942f3ca5-282c-4b18-a6c9-ab3dcdde7736{ip: 192.168.5.168, host: pr-hdds-1927-28fzr-1052167450, networkLocation: /default-rack, certSerialId: null}} | ret=SUCCESS |  
2019-08-20 17:52:05,448 [IPC Server handler 1 on 46241] INFO  net.NetworkTopology (NetworkTopologyImpl.java:add(110)) - Added a new node: /default-rack/f422ac7f-f504-4d88-a1fc-e574686b78e5
2019-08-20 17:52:05,449 [IPC Server handler 1 on 46241] INFO  node.SCMNodeManager (SCMNodeManager.java:register(273)) - Registered Data node : f422ac7f-f504-4d88-a1fc-e574686b78e5{ip: 192.168.5.168, host: pr-hdds-1927-28fzr-1052167450, networkLocation: /default-rack, certSerialId: null}
2019-08-20 17:52:05,449 | INFO  | SCMAudit | user=jenkins1000 | ip=192.168.5.168 | op=REGISTER {datanodeDetails=f422ac7f-f504-4d88-a1fc-e574686b78e5{ip: 192.168.5.168, host: pr-hdds-1927-28fzr-1052167450, networkLocation: /default-rack, certSerialId: null}} | ret=SUCCESS |  
2019-08-20 17:52:05,547 [main] INFO  ozone.MiniOzoneClusterImpl (MiniOzoneClusterImpl.java:lambda$waitForClusterToBeReady$0(142)) - Waiting for cluster to be ready. Got 2 of 7 DN Heartbeats.
2019-08-20 17:52:06,233 [grpc-default-executor-0] INFO  impl.RaftServerProxy (RaftServerProxy.java:addNew(89)) - 942f3ca5-282c-4b18-a6c9-ab3dcdde7736: addNew group-B5B8AE18BEFB:[942f3ca5-282c-4b18-a6c9-ab3dcdde7736:192.168.5.168:40228] returns group-B5B8AE18BEFB:java.util.concurrent.CompletableFuture@60a490e3[Not completed]
2019-08-20 17:52:06,252 [pool-27-thread-1] INFO  impl.RaftServerImpl (RaftServerImpl.java:<init>(93)) - 942f3ca5-282c-4b18-a6c9-ab3dcdde7736: new RaftServerImpl for group-B5B8AE18BEFB:[942f3ca5-282c-4b18-a6c9-ab3dcdde7736:192.168.5.168:40228] with ContainerStateMachine:uninitialized
2019-08-20 17:52:06,257 [pool-27-thread-1] INFO  server.RaftServerConfigKeys (ConfUtils.java:logGet(43)) - raft.server.rpc.timeout.min = 5s (custom)
2019-08-20 17:52:06,258 [pool-27-thread-1] INFO  server.RaftServerConfigKeys (ConfUtils.java:logGet(43)) - raft.server.rpc.timeout.max = 5200ms (custom)
2019-08-20 17:52:06,258 [pool-27-thread-1] INFO  server.RaftServerConfigKeys (ConfUtils.java:logGet(43)) - raft.server.rpcslowness.timeout = 120s (custom)
2019-08-20 17:52:06,259 [pool-27-thread-1] INFO  server.RaftServerConfigKeys (ConfUtils.java:logGet(43)) - raft.server.sleep.deviation.threshold = 300 (default)
2019-08-20 17:52:06,260 [pool-27-thread-1] INFO  server.RaftServerConfigKeys (ConfUtils.java:logGet(43)) - raft.server.log.appender.install.snapshot.enabled = false (custom)
2019-08-20 17:52:06,270 [pool-27-thread-1] INFO  impl.RaftServerImpl (ServerState.java:<init>(105)) - 942f3ca5-282c-4b18-a6c9-ab3dcdde7736:group-B5B8AE18BEFB ConfigurationManager, init=-1: [942f3ca5-282c-4b18-a6c9-ab3dcdde7736:192.168.5.168:40228], old=null, confs=<EMPTY_MAP>
2019-08-20 17:52:06,270 [pool-27-thread-1] INFO  server.RaftServerConfigKeys (ConfUtils.java:logGet(43)) - raft.server.storage.dir = [/workdir/hadoop-ozone/integration-test/target/test-dir/MiniOzoneClusterImpl-4c88b794-8eea-4cff-8363-0825384c3826/datanode-0/data/ratis] (custom)
2019-08-20 17:52:06,280 [pool-27-thread-1] INFO  storage.RaftStorageDirectory (RaftStorageDirectory.java:analyzeStorage(246)) - The storage directory /workdir/hadoop-ozone/integration-test/target/test-dir/MiniOzoneClusterImpl-4c88b794-8eea-4cff-8363-0825384c3826/datanode-0/data/ratis/e198b899-483c-45d3-9650-b5b8ae18befb does not exist. Creating ...
2019-08-20 17:52:06,547 [main] INFO  ozone.MiniOzoneClusterImpl (MiniOzoneClusterImpl.java:lambda$waitForClusterToBeReady$0(142)) - Waiting for cluster to be ready. Got 2 of 7 DN Heartbeats.
2019-08-20 17:52:07,254 | INFO  | SCMAudit | user=jenkins1000 | ip=192.168.5.168 | op=SEND_HEARTBEAT {datanodeUUID=942f3ca5-282c-4b18-a6c9-ab3dcdde7736, command=[]} | ret=SUCCESS |  
2019-08-20 17:52:07,449 | INFO  | SCMAudit | user=jenkins1000 | ip=192.168.5.168 | op=SEND_HEARTBEAT {datanodeUUID=f422ac7f-f504-4d88-a1fc-e574686b78e5, command=[]} | ret=SUCCESS |  
2019-08-20 17:52:07,548 [main] INFO  ozone.MiniOzoneClusterImpl (MiniOzoneClusterImpl.java:lambda$waitForClusterToBeReady$0(142)) - Waiting for cluster to be ready. Got 2 of 7 DN Heartbeats.
2019-08-20 17:52:08,236 | INFO  | SCMAudit | user=jenkins1000 | ip=192.168.5.168 | op=SEND_HEARTBEAT {datanodeUUID=942f3ca5-282c-4b18-a6c9-ab3dcdde7736, command=[]} | ret=SUCCESS |  
2019-08-20 17:52:08,274 [Thread-237] INFO  container.ReplicationManager (ReplicationManager.java:start(152)) - Starting Replication Monitor Thread.
2019-08-20 17:52:08,276 [ReplicationMonitor] INFO  container.ReplicationManager (ReplicationManager.java:run(215)) - Replication Monitor Thread took 1 milliseconds for processing 0 containers.
2019-08-20 17:52:08,448 | INFO  | SCMAudit | user=jenkins1000 | ip=192.168.5.168 | op=SEND_HEARTBEAT {datanodeUUID=f422ac7f-f504-4d88-a1fc-e574686b78e5, command=[]} | ret=SUCCESS |  
2019-08-20 17:52:08,472 [RATISCREATEPIPELINE1] ERROR pipeline.RatisPipelineProvider (RatisPipelineProvider.java:lambda$null$5(235)) - Failed invoke Ratis rpc org.apache.hadoop.hdds.scm.pipeline.RatisPipelineProvider$$Lambda$174/811934825@6a88ad75 for 942f3ca5-282c-4b18-a6c9-ab3dcdde7736
org.apache.ratis.protocol.TimeoutIOException: deadline exceeded after 2954076095ns
	at org.apache.ratis.grpc.GrpcUtil.tryUnwrapException(GrpcUtil.java:82)
	at org.apache.ratis.grpc.GrpcUtil.unwrapException(GrpcUtil.java:75)
	at org.apache.ratis.grpc.client.GrpcClientProtocolClient.blockingCall(GrpcClientProtocolClient.java:169)
	at org.apache.ratis.grpc.client.GrpcClientProtocolClient.groupAdd(GrpcClientProtocolClient.java:138)
	at org.apache.ratis.grpc.client.GrpcClientRpc.sendRequest(GrpcClientRpc.java:94)
	at org.apache.ratis.client.impl.RaftClientImpl.sendRequest(RaftClientImpl.java:279)
	at org.apache.ratis.client.impl.RaftClientImpl.groupAdd(RaftClientImpl.java:206)
	at org.apache.hadoop.hdds.scm.pipeline.RatisPipelineProvider.lambda$initializePipeline$4(RatisPipelineProvider.java:194)
	at org.apache.hadoop.hdds.scm.pipeline.RatisPipelineProvider.lambda$null$5(RatisPipelineProvider.java:231)
	at java.util.stream.ForEachOps$ForEachOp$OfRef.accept(ForEachOps.java:184)
	at java.util.ArrayList$ArrayListSpliterator.forEachRemaining(ArrayList.java:1382)
	at java.util.stream.AbstractPipeline.copyInto(AbstractPipeline.java:482)
	at java.util.stream.ForEachOps$ForEachTask.compute(ForEachOps.java:291)
	at java.util.concurrent.CountedCompleter.exec(CountedCompleter.java:731)
	at java.util.concurrent.ForkJoinTask.doExec(ForkJoinTask.java:289)
	at java.util.concurrent.ForkJoinTask.doInvoke(ForkJoinTask.java:401)
	at java.util.concurrent.ForkJoinTask.invoke(ForkJoinTask.java:734)
	at java.util.stream.ForEachOps$ForEachOp.evaluateParallel(ForEachOps.java:160)
	at java.util.stream.ForEachOps$ForEachOp$OfRef.evaluateParallel(ForEachOps.java:174)
	at java.util.stream.AbstractPipeline.evaluate(AbstractPipeline.java:233)
	at java.util.stream.ReferencePipeline.forEach(ReferencePipeline.java:418)
	at java.util.stream.ReferencePipeline$Head.forEach(ReferencePipeline.java:583)
	at org.apache.hadoop.hdds.scm.pipeline.RatisPipelineProvider.lambda$callRatisRpc$6(RatisPipelineProvider.java:225)
	at java.util.concurrent.ForkJoinTask$AdaptedRunnableAction.exec(ForkJoinTask.java:1386)
	at java.util.concurrent.ForkJoinTask.doExec(ForkJoinTask.java:289)
	at java.util.concurrent.ForkJoinPool$WorkQueue.runTask(ForkJoinPool.java:1056)
	at java.util.concurrent.ForkJoinPool.runWorker(ForkJoinPool.java:1692)
	at java.util.concurrent.ForkJoinWorkerThread.run(ForkJoinWorkerThread.java:157)
Caused by: org.apache.ratis.thirdparty.io.grpc.StatusRuntimeException: DEADLINE_EXCEEDED: deadline exceeded after 2954076095ns
	at org.apache.ratis.thirdparty.io.grpc.stub.ClientCalls.toStatusRuntimeException(ClientCalls.java:233)
	at org.apache.ratis.thirdparty.io.grpc.stub.ClientCalls.getUnchecked(ClientCalls.java:214)
	at org.apache.ratis.thirdparty.io.grpc.stub.ClientCalls.blockingUnaryCall(ClientCalls.java:139)
	at org.apache.ratis.proto.grpc.AdminProtocolServiceGrpc$AdminProtocolServiceBlockingStub.groupManagement(AdminProtocolServiceGrpc.java:274)
	at org.apache.ratis.grpc.client.GrpcClientProtocolClient.lambda$groupAdd$3(GrpcClientProtocolClient.java:140)
	at org.apache.ratis.grpc.client.GrpcClientProtocolClient.blockingCall(GrpcClientProtocolClient.java:167)
	... 25 more
2019-08-20 17:52:08,494 [grpc-default-executor-0] INFO  impl.RaftServerProxy (RaftServerProxy.java:addNew(89)) - 942f3ca5-282c-4b18-a6c9-ab3dcdde7736: addNew group-B4FB45DD5E91:[942f3ca5-282c-4b18-a6c9-ab3dcdde7736:192.168.5.168:40228] returns group-B4FB45DD5E91:java.util.concurrent.CompletableFuture@4571dc9d[Not completed]
2019-08-20 17:52:08,548 [main] INFO  ozone.MiniOzoneClusterImpl (MiniOzoneClusterImpl.java:lambda$waitForClusterToBeReady$0(142)) - Waiting for cluster to be ready. Got 2 of 7 DN Heartbeats.
2019-08-20 17:52:09,236 | INFO  | SCMAudit | user=jenkins1000 | ip=192.168.5.168 | op=SEND_HEARTBEAT {datanodeUUID=942f3ca5-282c-4b18-a6c9-ab3dcdde7736, command=[]} | ret=SUCCESS |  
2019-08-20 17:52:09,449 | INFO  | SCMAudit | user=jenkins1000 | ip=192.168.5.168 | op=SEND_HEARTBEAT {datanodeUUID=f422ac7f-f504-4d88-a1fc-e574686b78e5, command=[]} | ret=SUCCESS |  
2019-08-20 17:52:09,549 [main] INFO  ozone.MiniOzoneClusterImpl (MiniOzoneClusterImpl.java:lambda$waitForClusterToBeReady$0(142)) - Waiting for cluster to be ready. Got 2 of 7 DN Heartbeats.
2019-08-20 17:52:10,232 [Datanode State Machine Thread - 0] INFO  ozoneimpl.OzoneContainer (OzoneContainer.java:start(186)) - Attempting to start container services.
2019-08-20 17:52:10,232 [Datanode State Machine Thread - 0] INFO  ozoneimpl.OzoneContainer (OzoneContainer.java:start(186)) - Attempting to start container services.
2019-08-20 17:52:10,232 [Datanode State Machine Thread - 0] INFO  ozoneimpl.OzoneContainer (OzoneContainer.java:start(186)) - Attempting to start container services.
2019-08-20 17:52:10,232 [Datanode State Machine Thread - 0] INFO  ozoneimpl.OzoneContainer (OzoneContainer.java:start(186)) - Attempting to start container services.
2019-08-20 17:52:10,232 [Datanode State Machine Thread - 0] INFO  ozoneimpl.OzoneContainer (OzoneContainer.java:start(186)) - Attempting to start container services.
2019-08-20 17:52:10,233 [Datanode State Machine Thread - 0] INFO  ozoneimpl.OzoneContainer (OzoneContainer.java:startContainerScrub(160)) - Background container scrubber has been disabled by hdds.containerscrub.enabled
2019-08-20 17:52:10,233 [Datanode State Machine Thread - 0] INFO  ozoneimpl.OzoneContainer (OzoneContainer.java:startContainerScrub(160)) - Background container scrubber has been disabled by hdds.containerscrub.enabled
2019-08-20 17:52:10,233 [Datanode State Machine Thread - 0] INFO  ozoneimpl.OzoneContainer (OzoneContainer.java:startContainerScrub(160)) - Background container scrubber has been disabled by hdds.containerscrub.enabled
2019-08-20 17:52:10,233 [Datanode State Machine Thread - 0] INFO  ozoneimpl.OzoneContainer (OzoneContainer.java:startContainerScrub(160)) - Background container scrubber has been disabled by hdds.containerscrub.enabled
2019-08-20 17:52:10,234 [Datanode State Machine Thread - 0] INFO  ratis.XceiverServerRatis (XceiverServerRatis.java:start(404)) - Starting XceiverServerRatis ebb8eb41-481f-41e2-a579-fb9b26854023 at port 0
2019-08-20 17:52:10,234 [Datanode State Machine Thread - 0] INFO  ratis.XceiverServerRatis (XceiverServerRatis.java:start(404)) - Starting XceiverServerRatis a1b3d015-5065-43e2-8905-257de401eec3 at port 0
2019-08-20 17:52:10,233 [Datanode State Machine Thread - 0] INFO  ratis.XceiverServerRatis (XceiverServerRatis.java:start(404)) - Starting XceiverServerRatis 270cb713-a903-4d91-8c81-55946df33bef at port 0
2019-08-20 17:52:10,233 [Datanode State Machine Thread - 0] INFO  ozoneimpl.OzoneContainer (OzoneContainer.java:startContainerScrub(160)) - Background container scrubber has been disabled by hdds.containerscrub.enabled
2019-08-20 17:52:10,234 [Datanode State Machine Thread - 0] INFO  ratis.XceiverServerRatis (XceiverServerRatis.java:start(404)) - Starting XceiverServerRatis 63dfccd5-620f-4a1c-a6a8-6a76abae9bd9 at port 0
2019-08-20 17:52:10,236 [Datanode State Machine Thread - 0] INFO  ratis.XceiverServerRatis (XceiverServerRatis.java:start(404)) - Starting XceiverServerRatis a642d756-f146-4629-9c5c-4191dd6901d7 at port 0
2019-08-20 17:52:10,237 | INFO  | SCMAudit | user=jenkins1000 | ip=192.168.5.168 | op=SEND_HEARTBEAT {datanodeUUID=942f3ca5-282c-4b18-a6c9-ab3dcdde7736, command=[]} | ret=SUCCESS |  
2019-08-20 17:52:10,256 [Datanode State Machine Thread - 0] INFO  impl.RaftServerProxy (RaftServerProxy.java:lambda$start$3(299)) - a1b3d015-5065-43e2-8905-257de401eec3: start RPC server
2019-08-20 17:52:10,261 [Datanode State Machine Thread - 0] INFO  server.GrpcService (GrpcService.java:startImpl(149)) - a1b3d015-5065-43e2-8905-257de401eec3: GrpcService started, listening on 0.0.0.0/0.0.0.0:39515
2019-08-20 17:52:10,261 [Datanode State Machine Thread - 0] INFO  ratis.XceiverServerRatis (XceiverServerRatis.java:start(414)) - XceiverServerRatis a1b3d015-5065-43e2-8905-257de401eec3 is started using port 39515
2019-08-20 17:52:10,261 [Datanode State Machine Thread - 0] INFO  impl.RaftServerProxy (RaftServerProxy.java:lambda$start$3(299)) - 270cb713-a903-4d91-8c81-55946df33bef: start RPC server
2019-08-20 17:52:10,264 [Datanode State Machine Thread - 0] INFO  impl.RaftServerProxy (RaftServerProxy.java:lambda$start$3(299)) - ebb8eb41-481f-41e2-a579-fb9b26854023: start RPC server
2019-08-20 17:52:10,266 [Datanode State Machine Thread - 0] INFO  server.XceiverServerGrpc (XceiverServerGrpc.java:start(161)) - XceiverServerGrpc a1b3d015-5065-43e2-8905-257de401eec3 is started using port 44717
2019-08-20 17:52:10,268 [Datanode State Machine Thread - 0] INFO  server.GrpcService (GrpcService.java:startImpl(149)) - 270cb713-a903-4d91-8c81-55946df33bef: GrpcService started, listening on 0.0.0.0/0.0.0.0:33882
2019-08-20 17:52:10,268 [Datanode State Machine Thread - 0] INFO  server.GrpcService (GrpcService.java:startImpl(149)) - ebb8eb41-481f-41e2-a579-fb9b26854023: GrpcService started, listening on 0.0.0.0/0.0.0.0:38491
2019-08-20 17:52:10,268 [Datanode State Machine Thread - 0] INFO  ratis.XceiverServerRatis (XceiverServerRatis.java:start(414)) - XceiverServerRatis 270cb713-a903-4d91-8c81-55946df33bef is started using port 33882
2019-08-20 17:52:10,269 [Datanode State Machine Thread - 0] INFO  ratis.XceiverServerRatis (XceiverServerRatis.java:start(414)) - XceiverServerRatis ebb8eb41-481f-41e2-a579-fb9b26854023 is started using port 38491
2019-08-20 17:52:10,274 [Datanode State Machine Thread - 0] INFO  impl.RaftServerProxy (RaftServerProxy.java:lambda$start$3(299)) - a642d756-f146-4629-9c5c-4191dd6901d7: start RPC server
2019-08-20 17:52:10,274 [Datanode State Machine Thread - 0] INFO  impl.RaftServerProxy (RaftServerProxy.java:lambda$start$3(299)) - 63dfccd5-620f-4a1c-a6a8-6a76abae9bd9: start RPC server
2019-08-20 17:52:10,274 [Datanode State Machine Thread - 0] INFO  server.XceiverServerGrpc (XceiverServerGrpc.java:start(161)) - XceiverServerGrpc 270cb713-a903-4d91-8c81-55946df33bef is started using port 38551
2019-08-20 17:52:10,277 [Datanode State Machine Thread - 0] INFO  server.XceiverServerGrpc (XceiverServerGrpc.java:start(161)) - XceiverServerGrpc ebb8eb41-481f-41e2-a579-fb9b26854023 is started using port 35238
2019-08-20 17:52:10,286 [Datanode State Machine Thread - 0] INFO  server.GrpcService (GrpcService.java:startImpl(149)) - a642d756-f146-4629-9c5c-4191dd6901d7: GrpcService started, listening on 0.0.0.0/0.0.0.0:34049
2019-08-20 17:52:10,286 [Datanode State Machine Thread - 0] INFO  server.GrpcService (GrpcService.java:startImpl(149)) - 63dfccd5-620f-4a1c-a6a8-6a76abae9bd9: GrpcService started, listening on 0.0.0.0/0.0.0.0:35436
2019-08-20 17:52:10,286 [Datanode State Machine Thread - 0] INFO  ratis.XceiverServerRatis (XceiverServerRatis.java:start(414)) - XceiverServerRatis a642d756-f146-4629-9c5c-4191dd6901d7 is started using port 34049
2019-08-20 17:52:10,286 [Datanode State Machine Thread - 0] INFO  ratis.XceiverServerRatis (XceiverServerRatis.java:start(414)) - XceiverServerRatis 63dfccd5-620f-4a1c-a6a8-6a76abae9bd9 is started using port 35436
2019-08-20 17:52:10,293 [Datanode State Machine Thread - 0] INFO  server.XceiverServerGrpc (XceiverServerGrpc.java:start(161)) - XceiverServerGrpc a642d756-f146-4629-9c5c-4191dd6901d7 is started using port 44516
2019-08-20 17:52:10,293 [Datanode State Machine Thread - 0] INFO  server.XceiverServerGrpc (XceiverServerGrpc.java:start(161)) - XceiverServerGrpc 63dfccd5-620f-4a1c-a6a8-6a76abae9bd9 is started using port 44129
2019-08-20 17:52:10,349 [IPC Server handler 8 on 46241] INFO  net.NetworkTopology (NetworkTopologyImpl.java:add(110)) - Added a new node: /default-rack/ebb8eb41-481f-41e2-a579-fb9b26854023
2019-08-20 17:52:10,349 [IPC Server handler 8 on 46241] INFO  node.SCMNodeManager (SCMNodeManager.java:register(273)) - Registered Data node : ebb8eb41-481f-41e2-a579-fb9b26854023{ip: 192.168.5.168, host: pr-hdds-1927-28fzr-1052167450, networkLocation: /default-rack, certSerialId: null}
2019-08-20 17:52:10,350 | INFO  | SCMAudit | user=jenkins1000 | ip=192.168.5.168 | op=REGISTER {datanodeDetails=ebb8eb41-481f-41e2-a579-fb9b26854023{ip: 192.168.5.168, host: pr-hdds-1927-28fzr-1052167450, networkLocation: /default-rack, certSerialId: null}} | ret=SUCCESS |  
2019-08-20 17:52:10,449 | INFO  | SCMAudit | user=jenkins1000 | ip=192.168.5.168 | op=SEND_HEARTBEAT {datanodeUUID=f422ac7f-f504-4d88-a1fc-e574686b78e5, command=[]} | ret=SUCCESS |  
2019-08-20 17:52:10,550 [main] INFO  ozone.MiniOzoneClusterImpl (MiniOzoneClusterImpl.java:lambda$waitForClusterToBeReady$0(142)) - Waiting for cluster to be ready. Got 3 of 7 DN Heartbeats.
2019-08-20 17:52:10,550 [IPC Server handler 2 on 46241] INFO  net.NetworkTopology (NetworkTopologyImpl.java:add(110)) - Added a new node: /default-rack/a1b3d015-5065-43e2-8905-257de401eec3
2019-08-20 17:52:10,551 [IPC Server handler 2 on 46241] INFO  node.SCMNodeManager (SCMNodeManager.java:register(273)) - Registered Data node : a1b3d015-5065-43e2-8905-257de401eec3{ip: 192.168.5.168, host: pr-hdds-1927-28fzr-1052167450, networkLocation: /default-rack, certSerialId: null}
2019-08-20 17:52:10,551 | INFO  | SCMAudit | user=jenkins1000 | ip=192.168.5.168 | op=REGISTER {datanodeDetails=a1b3d015-5065-43e2-8905-257de401eec3{ip: 192.168.5.168, host: pr-hdds-1927-28fzr-1052167450, networkLocation: /default-rack, certSerialId: null}} | ret=SUCCESS |  
2019-08-20 17:52:11,243 | INFO  | SCMAudit | user=jenkins1000 | ip=192.168.5.168 | op=SEND_HEARTBEAT {datanodeUUID=942f3ca5-282c-4b18-a6c9-ab3dcdde7736, command=[]} | ret=SUCCESS |  
2019-08-20 17:52:11,450 | INFO  | SCMAudit | user=jenkins1000 | ip=192.168.5.168 | op=SEND_HEARTBEAT {datanodeUUID=f422ac7f-f504-4d88-a1fc-e574686b78e5, command=[]} | ret=SUCCESS |  
2019-08-20 17:52:11,486 [RATISCREATEPIPELINE1] ERROR pipeline.RatisPipelineProvider (RatisPipelineProvider.java:lambda$null$5(235)) - Failed invoke Ratis rpc org.apache.hadoop.hdds.scm.pipeline.RatisPipelineProvider$$Lambda$174/811934825@76cd20bc for 942f3ca5-282c-4b18-a6c9-ab3dcdde7736
org.apache.ratis.protocol.TimeoutIOException: deadline exceeded after 2999735071ns
	at org.apache.ratis.grpc.GrpcUtil.tryUnwrapException(GrpcUtil.java:82)
	at org.apache.ratis.grpc.GrpcUtil.unwrapException(GrpcUtil.java:75)
	at org.apache.ratis.grpc.client.GrpcClientProtocolClient.blockingCall(GrpcClientProtocolClient.java:169)
	at org.apache.ratis.grpc.client.GrpcClientProtocolClient.groupAdd(GrpcClientProtocolClient.java:138)
	at org.apache.ratis.grpc.client.GrpcClientRpc.sendRequest(GrpcClientRpc.java:94)
	at org.apache.ratis.client.impl.RaftClientImpl.sendRequest(RaftClientImpl.java:279)
	at org.apache.ratis.client.impl.RaftClientImpl.groupAdd(RaftClientImpl.java:206)
	at org.apache.hadoop.hdds.scm.pipeline.RatisPipelineProvider.lambda$initializePipeline$4(RatisPipelineProvider.java:194)
	at org.apache.hadoop.hdds.scm.pipeline.RatisPipelineProvider.lambda$null$5(RatisPipelineProvider.java:231)
	at java.util.stream.ForEachOps$ForEachOp$OfRef.accept(ForEachOps.java:184)
	at java.util.ArrayList$ArrayListSpliterator.forEachRemaining(ArrayList.java:1382)
	at java.util.stream.AbstractPipeline.copyInto(AbstractPipeline.java:482)
	at java.util.stream.ForEachOps$ForEachTask.compute(ForEachOps.java:291)
	at java.util.concurrent.CountedCompleter.exec(CountedCompleter.java:731)
	at java.util.concurrent.ForkJoinTask.doExec(ForkJoinTask.java:289)
	at java.util.concurrent.ForkJoinTask.doInvoke(ForkJoinTask.java:401)
	at java.util.concurrent.ForkJoinTask.invoke(ForkJoinTask.java:734)
	at java.util.stream.ForEachOps$ForEachOp.evaluateParallel(ForEachOps.java:160)
	at java.util.stream.ForEachOps$ForEachOp$OfRef.evaluateParallel(ForEachOps.java:174)
	at java.util.stream.AbstractPipeline.evaluate(AbstractPipeline.java:233)
	at java.util.stream.ReferencePipeline.forEach(ReferencePipeline.java:418)
	at java.util.stream.ReferencePipeline$Head.forEach(ReferencePipeline.java:583)
	at org.apache.hadoop.hdds.scm.pipeline.RatisPipelineProvider.lambda$callRatisRpc$6(RatisPipelineProvider.java:225)
	at java.util.concurrent.ForkJoinTask$AdaptedRunnableAction.exec(ForkJoinTask.java:1386)
	at java.util.concurrent.ForkJoinTask.doExec(ForkJoinTask.java:289)
	at java.util.concurrent.ForkJoinPool$WorkQueue.runTask(ForkJoinPool.java:1056)
	at java.util.concurrent.ForkJoinPool.runWorker(ForkJoinPool.java:1692)
	at java.util.concurrent.ForkJoinWorkerThread.run(ForkJoinWorkerThread.java:157)
Caused by: org.apache.ratis.thirdparty.io.grpc.StatusRuntimeException: DEADLINE_EXCEEDED: deadline exceeded after 2999735071ns
	at org.apache.ratis.thirdparty.io.grpc.stub.ClientCalls.toStatusRuntimeException(ClientCalls.java:233)
	at org.apache.ratis.thirdparty.io.grpc.stub.ClientCalls.getUnchecked(ClientCalls.java:214)
	at org.apache.ratis.thirdparty.io.grpc.stub.ClientCalls.blockingUnaryCall(ClientCalls.java:139)
	at org.apache.ratis.proto.grpc.AdminProtocolServiceGrpc$AdminProtocolServiceBlockingStub.groupManagement(AdminProtocolServiceGrpc.java:274)
	at org.apache.ratis.grpc.client.GrpcClientProtocolClient.lambda$groupAdd$3(GrpcClientProtocolClient.java:140)
	at org.apache.ratis.grpc.client.GrpcClientProtocolClient.blockingCall(GrpcClientProtocolClient.java:167)
	... 25 more
2019-08-20 17:52:11,552 [main] INFO  ozone.MiniOzoneClusterImpl (MiniOzoneClusterImpl.java:lambda$waitForClusterToBeReady$0(142)) - Waiting for cluster to be ready. Got 4 of 7 DN Heartbeats.
2019-08-20 17:52:11,552 [grpc-default-executor-1] INFO  impl.RaftServerProxy (RaftServerProxy.java:addNew(89)) - 942f3ca5-282c-4b18-a6c9-ab3dcdde7736: addNew group-1ABFA3334028:[942f3ca5-282c-4b18-a6c9-ab3dcdde7736:192.168.5.168:40228, ebb8eb41-481f-41e2-a579-fb9b26854023:192.168.5.168:38491, f422ac7f-f504-4d88-a1fc-e574686b78e5:192.168.5.168:38734] returns group-1ABFA3334028:java.util.concurrent.CompletableFuture@5bbf444b[Not completed]
2019-08-20 17:52:11,554 [grpc-default-executor-2] INFO  impl.RaftServerProxy (RaftServerProxy.java:addNew(89)) - f422ac7f-f504-4d88-a1fc-e574686b78e5: addNew group-1ABFA3334028:[942f3ca5-282c-4b18-a6c9-ab3dcdde7736:192.168.5.168:40228, ebb8eb41-481f-41e2-a579-fb9b26854023:192.168.5.168:38491, f422ac7f-f504-4d88-a1fc-e574686b78e5:192.168.5.168:38734] returns group-1ABFA3334028:java.util.concurrent.CompletableFuture@7a7ec416[Not completed]
2019-08-20 17:52:11,582 [grpc-default-executor-2] INFO  impl.RaftServerProxy (RaftServerProxy.java:addNew(89)) - ebb8eb41-481f-41e2-a579-fb9b26854023: addNew group-1ABFA3334028:[942f3ca5-282c-4b18-a6c9-ab3dcdde7736:192.168.5.168:40228, ebb8eb41-481f-41e2-a579-fb9b26854023:192.168.5.168:38491, f422ac7f-f504-4d88-a1fc-e574686b78e5:192.168.5.168:38734] returns group-1ABFA3334028:java.util.concurrent.CompletableFuture@4b4ebfba[Not completed]
2019-08-20 17:52:11,618 [pool-38-thread-1] INFO  impl.RaftServerImpl (RaftServerImpl.java:<init>(93)) - f422ac7f-f504-4d88-a1fc-e574686b78e5: new RaftServerImpl for group-1ABFA3334028:[942f3ca5-282c-4b18-a6c9-ab3dcdde7736:192.168.5.168:40228, ebb8eb41-481f-41e2-a579-fb9b26854023:192.168.5.168:38491, f422ac7f-f504-4d88-a1fc-e574686b78e5:192.168.5.168:38734] with ContainerStateMachine:uninitialized
2019-08-20 17:52:11,630 [pool-38-thread-1] INFO  server.RaftServerConfigKeys (ConfUtils.java:logGet(43)) - raft.server.rpc.timeout.min = 5s (custom)
2019-08-20 17:52:11,630 [pool-38-thread-1] INFO  server.RaftServerConfigKeys (ConfUtils.java:logGet(43)) - raft.server.rpc.timeout.max = 5200ms (custom)
2019-08-20 17:52:11,630 [pool-38-thread-1] INFO  server.RaftServerConfigKeys (ConfUtils.java:logGet(43)) - raft.server.rpcslowness.timeout = 120s (custom)
2019-08-20 17:52:11,630 [pool-38-thread-1] INFO  server.RaftServerConfigKeys (ConfUtils.java:logGet(43)) - raft.server.sleep.deviation.threshold = 300 (default)
2019-08-20 17:52:11,630 [pool-38-thread-1] INFO  server.RaftServerConfigKeys (ConfUtils.java:logGet(43)) - raft.server.log.appender.install.snapshot.enabled = false (custom)
2019-08-20 17:52:11,633 [pool-38-thread-1] INFO  impl.RaftServerImpl (ServerState.java:<init>(105)) - f422ac7f-f504-4d88-a1fc-e574686b78e5:group-1ABFA3334028 ConfigurationManager, init=-1: [942f3ca5-282c-4b18-a6c9-ab3dcdde7736:192.168.5.168:40228, ebb8eb41-481f-41e2-a579-fb9b26854023:192.168.5.168:38491, f422ac7f-f504-4d88-a1fc-e574686b78e5:192.168.5.168:38734], old=null, confs=<EMPTY_MAP>
2019-08-20 17:52:11,633 [pool-82-thread-1] INFO  impl.RaftServerImpl (RaftServerImpl.java:<init>(93)) - ebb8eb41-481f-41e2-a579-fb9b26854023: new RaftServerImpl for group-1ABFA3334028:[942f3ca5-282c-4b18-a6c9-ab3dcdde7736:192.168.5.168:40228, ebb8eb41-481f-41e2-a579-fb9b26854023:192.168.5.168:38491, f422ac7f-f504-4d88-a1fc-e574686b78e5:192.168.5.168:38734] with ContainerStateMachine:uninitialized
2019-08-20 17:52:11,633 [pool-38-thread-1] INFO  server.RaftServerConfigKeys (ConfUtils.java:logGet(43)) - raft.server.storage.dir = [/workdir/hadoop-ozone/integration-test/target/test-dir/MiniOzoneClusterImpl-4c88b794-8eea-4cff-8363-0825384c3826/datanode-1/data/ratis] (custom)
2019-08-20 17:52:11,633 [pool-82-thread-1] INFO  server.RaftServerConfigKeys (ConfUtils.java:logGet(43)) - raft.server.rpc.timeout.min = 5s (custom)
2019-08-20 17:52:11,634 [pool-82-thread-1] INFO  server.RaftServerConfigKeys (ConfUtils.java:logGet(43)) - raft.server.rpc.timeout.max = 5200ms (custom)
2019-08-20 17:52:11,634 [pool-82-thread-1] INFO  server.RaftServerConfigKeys (ConfUtils.java:logGet(43)) - raft.server.rpcslowness.timeout = 120s (custom)
2019-08-20 17:52:11,634 [pool-38-thread-1] INFO  storage.RaftStorageDirectory (RaftStorageDirectory.java:analyzeStorage(246)) - The storage directory /workdir/hadoop-ozone/integration-test/target/test-dir/MiniOzoneClusterImpl-4c88b794-8eea-4cff-8363-0825384c3826/datanode-1/data/ratis/f97704d6-f55d-487a-b4b2-1abfa3334028 does not exist. Creating ...
2019-08-20 17:52:11,635 [pool-82-thread-1] INFO  server.RaftServerConfigKeys (ConfUtils.java:logGet(43)) - raft.server.sleep.deviation.threshold = 300 (default)
2019-08-20 17:52:11,635 [pool-82-thread-1] INFO  server.RaftServerConfigKeys (ConfUtils.java:logGet(43)) - raft.server.log.appender.install.snapshot.enabled = false (custom)
2019-08-20 17:52:11,635 [pool-82-thread-1] INFO  impl.RaftServerImpl (ServerState.java:<init>(105)) - ebb8eb41-481f-41e2-a579-fb9b26854023:group-1ABFA3334028 ConfigurationManager, init=-1: [942f3ca5-282c-4b18-a6c9-ab3dcdde7736:192.168.5.168:40228, ebb8eb41-481f-41e2-a579-fb9b26854023:192.168.5.168:38491, f422ac7f-f504-4d88-a1fc-e574686b78e5:192.168.5.168:38734], old=null, confs=<EMPTY_MAP>
2019-08-20 17:52:11,636 [pool-82-thread-1] INFO  server.RaftServerConfigKeys (ConfUtils.java:logGet(43)) - raft.server.storage.dir = [/workdir/hadoop-ozone/integration-test/target/test-dir/MiniOzoneClusterImpl-4c88b794-8eea-4cff-8363-0825384c3826/datanode-5/data/ratis] (custom)
2019-08-20 17:52:11,636 [pool-82-thread-1] INFO  storage.RaftStorageDirectory (RaftStorageDirectory.java:analyzeStorage(246)) - The storage directory /workdir/hadoop-ozone/integration-test/target/test-dir/MiniOzoneClusterImpl-4c88b794-8eea-4cff-8363-0825384c3826/datanode-5/data/ratis/f97704d6-f55d-487a-b4b2-1abfa3334028 does not exist. Creating ...
2019-08-20 17:52:11,659 [IPC Server handler 3 on 46241] INFO  net.NetworkTopology (NetworkTopologyImpl.java:add(110)) - Added a new node: /default-rack/a642d756-f146-4629-9c5c-4191dd6901d7
2019-08-20 17:52:11,659 [IPC Server handler 3 on 46241] INFO  node.SCMNodeManager (SCMNodeManager.java:register(273)) - Registered Data node : a642d756-f146-4629-9c5c-4191dd6901d7{ip: 192.168.5.168, host: pr-hdds-1927-28fzr-1052167450, networkLocation: /default-rack, certSerialId: null}
2019-08-20 17:52:11,660 | INFO  | SCMAudit | user=jenkins1000 | ip=192.168.5.168 | op=REGISTER {datanodeDetails=a642d756-f146-4629-9c5c-4191dd6901d7{ip: 192.168.5.168, host: pr-hdds-1927-28fzr-1052167450, networkLocation: /default-rack, certSerialId: null}} | ret=SUCCESS |  
2019-08-20 17:52:12,036 [IPC Server handler 5 on 46241] INFO  net.NetworkTopology (NetworkTopologyImpl.java:add(110)) - Added a new node: /default-rack/270cb713-a903-4d91-8c81-55946df33bef
2019-08-20 17:52:12,036 [IPC Server handler 5 on 46241] INFO  node.SCMNodeManager (SCMNodeManager.java:register(273)) - Registered Data node : 270cb713-a903-4d91-8c81-55946df33bef{ip: 192.168.5.168, host: pr-hdds-1927-28fzr-1052167450, networkLocation: /default-rack, certSerialId: null}
2019-08-20 17:52:12,037 | INFO  | SCMAudit | user=jenkins1000 | ip=192.168.5.168 | op=REGISTER {datanodeDetails=270cb713-a903-4d91-8c81-55946df33bef{ip: 192.168.5.168, host: pr-hdds-1927-28fzr-1052167450, networkLocation: /default-rack, certSerialId: null}} | ret=SUCCESS |  
2019-08-20 17:52:12,074 [pool-27-thread-1] INFO  storage.RaftStorageDirectory (RaftStorageDirectory.java:tryLock(328)) - Lock on /workdir/hadoop-ozone/integration-test/target/test-dir/MiniOzoneClusterImpl-4c88b794-8eea-4cff-8363-0825384c3826/datanode-0/data/ratis/e198b899-483c-45d3-9650-b5b8ae18befb/in_use.lock acquired by nodename 13228@pr-hdds-1927-28fzr-1052167450
2019-08-20 17:52:12,075 [IPC Server handler 8 on 46241] INFO  net.NetworkTopology (NetworkTopologyImpl.java:add(110)) - Added a new node: /default-rack/63dfccd5-620f-4a1c-a6a8-6a76abae9bd9
2019-08-20 17:52:12,075 [IPC Server handler 8 on 46241] INFO  node.SCMNodeManager (SCMNodeManager.java:register(273)) - Registered Data node : 63dfccd5-620f-4a1c-a6a8-6a76abae9bd9{ip: 192.168.5.168, host: pr-hdds-1927-28fzr-1052167450, networkLocation: /default-rack, certSerialId: null}
2019-08-20 17:52:12,076 | INFO  | SCMAudit | user=jenkins1000 | ip=192.168.5.168 | op=REGISTER {datanodeDetails=63dfccd5-620f-4a1c-a6a8-6a76abae9bd9{ip: 192.168.5.168, host: pr-hdds-1927-28fzr-1052167450, networkLocation: /default-rack, certSerialId: null}} | ret=SUCCESS |  
2019-08-20 17:52:12,232 [pool-82-thread-1] INFO  storage.RaftStorageDirectory (RaftStorageDirectory.java:tryLock(328)) - Lock on /workdir/hadoop-ozone/integration-test/target/test-dir/MiniOzoneClusterImpl-4c88b794-8eea-4cff-8363-0825384c3826/datanode-5/data/ratis/f97704d6-f55d-487a-b4b2-1abfa3334028/in_use.lock acquired by nodename 13228@pr-hdds-1927-28fzr-1052167450
2019-08-20 17:52:12,232 [pool-38-thread-1] INFO  storage.RaftStorageDirectory (RaftStorageDirectory.java:tryLock(328)) - Lock on /workdir/hadoop-ozone/integration-test/target/test-dir/MiniOzoneClusterImpl-4c88b794-8eea-4cff-8363-0825384c3826/datanode-1/data/ratis/f97704d6-f55d-487a-b4b2-1abfa3334028/in_use.lock acquired by nodename 13228@pr-hdds-1927-28fzr-1052167450
2019-08-20 17:52:12,237 | INFO  | SCMAudit | user=jenkins1000 | ip=192.168.5.168 | op=SEND_HEARTBEAT {datanodeUUID=942f3ca5-282c-4b18-a6c9-ab3dcdde7736, command=[]} | ret=SUCCESS |  
2019-08-20 17:52:12,246 [pool-27-thread-1] INFO  storage.RaftStorage (RaftStorage.java:format(72)) - Storage directory /workdir/hadoop-ozone/integration-test/target/test-dir/MiniOzoneClusterImpl-4c88b794-8eea-4cff-8363-0825384c3826/datanode-0/data/ratis/e198b899-483c-45d3-9650-b5b8ae18befb has been successfully formatted.
2019-08-20 17:52:12,249 [pool-82-thread-1] INFO  storage.RaftStorage (RaftStorage.java:format(72)) - Storage directory /workdir/hadoop-ozone/integration-test/target/test-dir/MiniOzoneClusterImpl-4c88b794-8eea-4cff-8363-0825384c3826/datanode-5/data/ratis/f97704d6-f55d-487a-b4b2-1abfa3334028 has been successfully formatted.
2019-08-20 17:52:12,249 [pool-38-thread-1] INFO  storage.RaftStorage (RaftStorage.java:format(72)) - Storage directory /workdir/hadoop-ozone/integration-test/target/test-dir/MiniOzoneClusterImpl-4c88b794-8eea-4cff-8363-0825384c3826/datanode-1/data/ratis/f97704d6-f55d-487a-b4b2-1abfa3334028 has been successfully formatted.
2019-08-20 17:52:12,252 [pool-82-thread-1] INFO  ratis.ContainerStateMachine (ContainerStateMachine.java:loadSnapshot(222)) - group-1ABFA3334028: The snapshot info is null. Setting the last applied indexto:(t:0, i:~)
2019-08-20 17:52:12,252 [pool-27-thread-1] INFO  ratis.ContainerStateMachine (ContainerStateMachine.java:loadSnapshot(222)) - group-B5B8AE18BEFB: The snapshot info is null. Setting the last applied indexto:(t:0, i:~)
2019-08-20 17:52:12,254 [pool-82-thread-1] INFO  server.RaftServerConfigKeys (ConfUtils.java:logGet(43)) - raft.server.leader.election.timeout = 120s (custom)
2019-08-20 17:52:12,252 [pool-38-thread-1] INFO  ratis.ContainerStateMachine (ContainerStateMachine.java:loadSnapshot(222)) - group-1ABFA3334028: The snapshot info is null. Setting the last applied indexto:(t:0, i:~)
2019-08-20 17:52:12,254 [pool-27-thread-1] INFO  server.RaftServerConfigKeys (ConfUtils.java:logGet(43)) - raft.server.leader.election.timeout = 120s (custom)
2019-08-20 17:52:12,255 [pool-38-thread-1] INFO  server.RaftServerConfigKeys (ConfUtils.java:logGet(43)) - raft.server.leader.election.timeout = 120s (custom)
2019-08-20 17:52:12,257 [pool-82-thread-1] INFO  server.RaftServerConfigKeys (ConfUtils.java:logGet(43)) - raft.server.log.use.memory = false (default)
2019-08-20 17:52:12,257 [pool-27-thread-1] INFO  server.RaftServerConfigKeys (ConfUtils.java:logGet(43)) - raft.server.log.use.memory = false (default)
2019-08-20 17:52:12,257 [pool-38-thread-1] INFO  server.RaftServerConfigKeys (ConfUtils.java:logGet(43)) - raft.server.log.use.memory = false (default)
2019-08-20 17:52:12,267 [pool-82-thread-1] INFO  server.RaftServerConfigKeys (ConfUtils.java:logGet(43)) - raft.server.log.purge.gap = 1000000 (custom)
2019-08-20 17:52:12,267 [pool-27-thread-1] INFO  server.RaftServerConfigKeys (ConfUtils.java:logGet(43)) - raft.server.log.purge.gap = 1000000 (custom)
2019-08-20 17:52:12,267 [pool-38-thread-1] INFO  server.RaftServerConfigKeys (ConfUtils.java:logGet(43)) - raft.server.log.purge.gap = 1000000 (custom)
2019-08-20 17:52:12,267 [pool-27-thread-1] INFO  server.RaftServerConfigKeys (ConfUtils.java:logGet(43)) - raft.server.log.appender.buffer.byte-limit = 33554432 (custom)
2019-08-20 17:52:12,267 [pool-82-thread-1] INFO  server.RaftServerConfigKeys (ConfUtils.java:logGet(43)) - raft.server.log.appender.buffer.byte-limit = 33554432 (custom)
2019-08-20 17:52:12,267 [pool-38-thread-1] INFO  server.RaftServerConfigKeys (ConfUtils.java:logGet(43)) - raft.server.log.appender.buffer.byte-limit = 33554432 (custom)
2019-08-20 17:52:12,269 [pool-38-thread-1] INFO  server.RaftServerConfigKeys (ConfUtils.java:logGet(43)) - raft.server.log.segment.size.max = 1048576 (custom)
2019-08-20 17:52:12,269 [pool-27-thread-1] INFO  server.RaftServerConfigKeys (ConfUtils.java:logGet(43)) - raft.server.log.segment.size.max = 1048576 (custom)
2019-08-20 17:52:12,269 [pool-82-thread-1] INFO  server.RaftServerConfigKeys (ConfUtils.java:logGet(43)) - raft.server.log.segment.size.max = 1048576 (custom)
2019-08-20 17:52:12,277 [pool-82-thread-1] INFO  server.RaftServerConfigKeys (ConfUtils.java:logGet(43)) - raft.server.log.segment.cache.num.max = 2 (custom)
2019-08-20 17:52:12,277 [pool-27-thread-1] INFO  server.RaftServerConfigKeys (ConfUtils.java:logGet(43)) - raft.server.log.segment.cache.num.max = 2 (custom)
2019-08-20 17:52:12,277 [pool-38-thread-1] INFO  server.RaftServerConfigKeys (ConfUtils.java:logGet(43)) - raft.server.log.segment.cache.num.max = 2 (custom)
2019-08-20 17:52:12,286 [pool-82-thread-1] INFO  segmented.SegmentedRaftLogWorker (SegmentedRaftLogWorker.java:<init>(172)) - new ebb8eb41-481f-41e2-a579-fb9b26854023-SegmentedRaftLogWorker:Storage Directory /workdir/hadoop-ozone/integration-test/target/test-dir/MiniOzoneClusterImpl-4c88b794-8eea-4cff-8363-0825384c3826/datanode-5/data/ratis/f97704d6-f55d-487a-b4b2-1abfa3334028 for RaftStorage:Storage Directory /workdir/hadoop-ozone/integration-test/target/test-dir/MiniOzoneClusterImpl-4c88b794-8eea-4cff-8363-0825384c3826/datanode-5/data/ratis/f97704d6-f55d-487a-b4b2-1abfa3334028
2019-08-20 17:52:12,286 [pool-27-thread-1] INFO  segmented.SegmentedRaftLogWorker (SegmentedRaftLogWorker.java:<init>(172)) - new 942f3ca5-282c-4b18-a6c9-ab3dcdde7736-SegmentedRaftLogWorker:Storage Directory /workdir/hadoop-ozone/integration-test/target/test-dir/MiniOzoneClusterImpl-4c88b794-8eea-4cff-8363-0825384c3826/datanode-0/data/ratis/e198b899-483c-45d3-9650-b5b8ae18befb for RaftStorage:Storage Directory /workdir/hadoop-ozone/integration-test/target/test-dir/MiniOzoneClusterImpl-4c88b794-8eea-4cff-8363-0825384c3826/datanode-0/data/ratis/e198b899-483c-45d3-9650-b5b8ae18befb
2019-08-20 17:52:12,286 [pool-38-thread-1] INFO  segmented.SegmentedRaftLogWorker (SegmentedRaftLogWorker.java:<init>(172)) - new f422ac7f-f504-4d88-a1fc-e574686b78e5-SegmentedRaftLogWorker:Storage Directory /workdir/hadoop-ozone/integration-test/target/test-dir/MiniOzoneClusterImpl-4c88b794-8eea-4cff-8363-0825384c3826/datanode-1/data/ratis/f97704d6-f55d-487a-b4b2-1abfa3334028 for RaftStorage:Storage Directory /workdir/hadoop-ozone/integration-test/target/test-dir/MiniOzoneClusterImpl-4c88b794-8eea-4cff-8363-0825384c3826/datanode-1/data/ratis/f97704d6-f55d-487a-b4b2-1abfa3334028
2019-08-20 17:52:12,305 [pool-82-thread-1] INFO  server.RaftServerConfigKeys (ConfUtils.java:logGet(43)) - raft.server.log.queue.byte-limit = 2147483647 (custom)
2019-08-20 17:52:12,305 [pool-38-thread-1] INFO  server.RaftServerConfigKeys (ConfUtils.java:logGet(43)) - raft.server.log.queue.byte-limit = 2147483647 (custom)
2019-08-20 17:52:12,305 [pool-27-thread-1] INFO  server.RaftServerConfigKeys (ConfUtils.java:logGet(43)) - raft.server.log.queue.byte-limit = 2147483647 (custom)
2019-08-20 17:52:12,309 [pool-82-thread-1] INFO  server.RaftServerConfigKeys (ConfUtils.java:logGet(43)) - raft.server.log.queue.element-limit = 1024 (custom)
2019-08-20 17:52:12,310 [pool-38-thread-1] INFO  server.RaftServerConfigKeys (ConfUtils.java:logGet(43)) - raft.server.log.queue.element-limit = 1024 (custom)
2019-08-20 17:52:12,310 [pool-27-thread-1] INFO  server.RaftServerConfigKeys (ConfUtils.java:logGet(43)) - raft.server.log.queue.element-limit = 1024 (custom)
2019-08-20 17:52:12,315 [pool-82-thread-1] INFO  server.RaftServerConfigKeys (ConfUtils.java:logGet(43)) - raft.server.log.segment.size.max = 1048576 (custom)
2019-08-20 17:52:12,315 [pool-38-thread-1] INFO  server.RaftServerConfigKeys (ConfUtils.java:logGet(43)) - raft.server.log.segment.size.max = 1048576 (custom)
2019-08-20 17:52:12,315 [pool-27-thread-1] INFO  server.RaftServerConfigKeys (ConfUtils.java:logGet(43)) - raft.server.log.segment.size.max = 1048576 (custom)
2019-08-20 17:52:12,316 [pool-82-thread-1] INFO  server.RaftServerConfigKeys (ConfUtils.java:logGet(43)) - raft.server.log.preallocated.size = 16384 (custom)
2019-08-20 17:52:12,316 [pool-27-thread-1] INFO  server.RaftServerConfigKeys (ConfUtils.java:logGet(43)) - raft.server.log.preallocated.size = 16384 (custom)
2019-08-20 17:52:12,316 [pool-38-thread-1] INFO  server.RaftServerConfigKeys (ConfUtils.java:logGet(43)) - raft.server.log.preallocated.size = 16384 (custom)
2019-08-20 17:52:12,316 [pool-82-thread-1] INFO  server.RaftServerConfigKeys (ConfUtils.java:logGet(43)) - raft.server.log.write.buffer.size = 33554432 (custom)
2019-08-20 17:52:12,316 [pool-38-thread-1] INFO  server.RaftServerConfigKeys (ConfUtils.java:logGet(43)) - raft.server.log.write.buffer.size = 33554432 (custom)
2019-08-20 17:52:12,316 [pool-27-thread-1] INFO  server.RaftServerConfigKeys (ConfUtils.java:logGet(43)) - raft.server.log.write.buffer.size = 33554432 (custom)
2019-08-20 17:52:12,317 [pool-82-thread-1] INFO  server.RaftServerConfigKeys (ConfUtils.java:logGet(43)) - raft.server.log.force.sync.num = 128 (default)
2019-08-20 17:52:12,317 [pool-38-thread-1] INFO  server.RaftServerConfigKeys (ConfUtils.java:logGet(43)) - raft.server.log.force.sync.num = 128 (default)
2019-08-20 17:52:12,317 [pool-27-thread-1] INFO  server.RaftServerConfigKeys (ConfUtils.java:logGet(43)) - raft.server.log.force.sync.num = 128 (default)
2019-08-20 17:52:12,318 [pool-82-thread-1] INFO  server.RaftServerConfigKeys (ConfUtils.java:logGet(43)) - raft.server.log.statemachine.data.sync = true (default)
2019-08-20 17:52:12,318 [pool-38-thread-1] INFO  server.RaftServerConfigKeys (ConfUtils.java:logGet(43)) - raft.server.log.statemachine.data.sync = true (default)
2019-08-20 17:52:12,318 [pool-27-thread-1] INFO  server.RaftServerConfigKeys (ConfUtils.java:logGet(43)) - raft.server.log.statemachine.data.sync = true (default)
2019-08-20 17:52:12,318 [pool-38-thread-1] INFO  server.RaftServerConfigKeys (ConfUtils.java:logGet(43)) - raft.server.log.statemachine.data.sync.timeout = 10s (default)
2019-08-20 17:52:12,318 [pool-82-thread-1] INFO  server.RaftServerConfigKeys (ConfUtils.java:logGet(43)) - raft.server.log.statemachine.data.sync.timeout = 10s (default)
2019-08-20 17:52:12,318 [pool-27-thread-1] INFO  server.RaftServerConfigKeys (ConfUtils.java:logGet(43)) - raft.server.log.statemachine.data.sync.timeout = 10s (default)
2019-08-20 17:52:12,319 [pool-82-thread-1] INFO  server.RaftServerConfigKeys (ConfUtils.java:logGet(43)) - raft.server.log.statemachine.data.sync.timeout.retry = -1 (default)
2019-08-20 17:52:12,319 [pool-27-thread-1] INFO  server.RaftServerConfigKeys (ConfUtils.java:logGet(43)) - raft.server.log.statemachine.data.sync.timeout.retry = -1 (default)
2019-08-20 17:52:12,319 [pool-38-thread-1] INFO  server.RaftServerConfigKeys (ConfUtils.java:logGet(43)) - raft.server.log.statemachine.data.sync.timeout.retry = -1 (default)
2019-08-20 17:52:12,329 [pool-82-thread-1] INFO  server.RaftServerConfigKeys (ConfUtils.java:logGet(43)) - raft.server.log.statemachine.data.caching.enabled = true (custom)
2019-08-20 17:52:12,329 [pool-38-thread-1] INFO  server.RaftServerConfigKeys (ConfUtils.java:logGet(43)) - raft.server.log.statemachine.data.caching.enabled = true (custom)
2019-08-20 17:52:12,329 [pool-27-thread-1] INFO  server.RaftServerConfigKeys (ConfUtils.java:logGet(43)) - raft.server.log.statemachine.data.caching.enabled = true (custom)
2019-08-20 17:52:12,340 [pool-82-thread-1] INFO  segmented.SegmentedRaftLogWorker (SegmentedRaftLogWorker.java:lambda$new$0(132)) - ebb8eb41-481f-41e2-a579-fb9b26854023-SegmentedRaftLogWorker:Storage Directory /workdir/hadoop-ozone/integration-test/target/test-dir/MiniOzoneClusterImpl-4c88b794-8eea-4cff-8363-0825384c3826/datanode-5/data/ratis/f97704d6-f55d-487a-b4b2-1abfa3334028: flushIndex: setUnconditionally 0 -> -1
2019-08-20 17:52:12,340 [pool-27-thread-1] INFO  segmented.SegmentedRaftLogWorker (SegmentedRaftLogWorker.java:lambda$new$0(132)) - 942f3ca5-282c-4b18-a6c9-ab3dcdde7736-SegmentedRaftLogWorker:Storage Directory /workdir/hadoop-ozone/integration-test/target/test-dir/MiniOzoneClusterImpl-4c88b794-8eea-4cff-8363-0825384c3826/datanode-0/data/ratis/e198b899-483c-45d3-9650-b5b8ae18befb: flushIndex: setUnconditionally 0 -> -1
2019-08-20 17:52:12,340 [pool-38-thread-1] INFO  segmented.SegmentedRaftLogWorker (SegmentedRaftLogWorker.java:lambda$new$0(132)) - f422ac7f-f504-4d88-a1fc-e574686b78e5-SegmentedRaftLogWorker:Storage Directory /workdir/hadoop-ozone/integration-test/target/test-dir/MiniOzoneClusterImpl-4c88b794-8eea-4cff-8363-0825384c3826/datanode-1/data/ratis/f97704d6-f55d-487a-b4b2-1abfa3334028: flushIndex: setUnconditionally 0 -> -1
2019-08-20 17:52:12,349 | INFO  | SCMAudit | user=jenkins1000 | ip=192.168.5.168 | op=SEND_HEARTBEAT {datanodeUUID=ebb8eb41-481f-41e2-a579-fb9b26854023, command=[]} | ret=SUCCESS |  
2019-08-20 17:52:12,349 [pool-82-thread-1] INFO  server.RaftServerConfigKeys (ConfUtils.java:logGet(43)) - raft.server.snapshot.auto.trigger.enabled = true (custom)
2019-08-20 17:52:12,349 [pool-27-thread-1] INFO  server.RaftServerConfigKeys (ConfUtils.java:logGet(43)) - raft.server.snapshot.auto.trigger.enabled = true (custom)
2019-08-20 17:52:12,349 [pool-38-thread-1] INFO  server.RaftServerConfigKeys (ConfUtils.java:logGet(43)) - raft.server.snapshot.auto.trigger.enabled = true (custom)
2019-08-20 17:52:12,352 [pool-82-thread-1] INFO  server.RaftServerConfigKeys (ConfUtils.java:logGet(43)) - raft.server.snapshot.auto.trigger.threshold = 10000 (custom)
2019-08-20 17:52:12,352 [pool-27-thread-1] INFO  server.RaftServerConfigKeys (ConfUtils.java:logGet(43)) - raft.server.snapshot.auto.trigger.threshold = 10000 (custom)
2019-08-20 17:52:12,352 [pool-38-thread-1] INFO  server.RaftServerConfigKeys (ConfUtils.java:logGet(43)) - raft.server.snapshot.auto.trigger.threshold = 10000 (custom)
2019-08-20 17:52:12,352 [pool-82-thread-1] INFO  server.RaftServerConfigKeys (ConfUtils.java:logGet(43)) - raft.server.retrycache.expirytime = 600000ms (custom)
2019-08-20 17:52:12,352 [pool-38-thread-1] INFO  server.RaftServerConfigKeys (ConfUtils.java:logGet(43)) - raft.server.retrycache.expirytime = 600000ms (custom)
2019-08-20 17:52:12,352 [pool-27-thread-1] INFO  server.RaftServerConfigKeys (ConfUtils.java:logGet(43)) - raft.server.retrycache.expirytime = 600000ms (custom)
2019-08-20 17:52:12,376 [pool-82-thread-1] INFO  impl.RaftServerImpl (RaftServerImpl.java:start(180)) - ebb8eb41-481f-41e2-a579-fb9b26854023: start group-1ABFA3334028
2019-08-20 17:52:12,376 [pool-38-thread-1] INFO  impl.RaftServerImpl (RaftServerImpl.java:start(180)) - f422ac7f-f504-4d88-a1fc-e574686b78e5: start group-1ABFA3334028
2019-08-20 17:52:12,377 [pool-82-thread-1] INFO  impl.RaftServerImpl (RaftServerImpl.java:setRole(171)) - ebb8eb41-481f-41e2-a579-fb9b26854023:group-1ABFA3334028 changes role from null to FOLLOWER at term 0 for startAsFollower
2019-08-20 17:52:12,377 [pool-38-thread-1] INFO  impl.RaftServerImpl (RaftServerImpl.java:setRole(171)) - f422ac7f-f504-4d88-a1fc-e574686b78e5:group-1ABFA3334028 changes role from null to FOLLOWER at term 0 for startAsFollower
2019-08-20 17:52:12,377 [pool-27-thread-1] INFO  impl.RaftServerImpl (RaftServerImpl.java:<init>(93)) - 942f3ca5-282c-4b18-a6c9-ab3dcdde7736: new RaftServerImpl for group-B4FB45DD5E91:[942f3ca5-282c-4b18-a6c9-ab3dcdde7736:192.168.5.168:40228] with ContainerStateMachine:uninitialized
2019-08-20 17:52:12,377 [pool-27-thread-1] INFO  server.RaftServerConfigKeys (ConfUtils.java:logGet(43)) - raft.server.rpc.timeout.min = 5s (custom)
2019-08-20 17:52:12,378 [pool-27-thread-1] INFO  server.RaftServerConfigKeys (ConfUtils.java:logGet(43)) - raft.server.rpc.timeout.max = 5200ms (custom)
2019-08-20 17:52:12,378 [pool-27-thread-1] INFO  server.RaftServerConfigKeys (ConfUtils.java:logGet(43)) - raft.server.rpcslowness.timeout = 120s (custom)
2019-08-20 17:52:12,378 [pool-82-thread-1] INFO  impl.RoleInfo (RoleInfo.java:updateAndGet(143)) - ebb8eb41-481f-41e2-a579-fb9b26854023: start FollowerState
2019-08-20 17:52:12,378 [pool-38-thread-1] INFO  impl.RoleInfo (RoleInfo.java:updateAndGet(143)) - f422ac7f-f504-4d88-a1fc-e574686b78e5: start FollowerState
2019-08-20 17:52:12,378 [pool-27-thread-1] INFO  server.RaftServerConfigKeys (ConfUtils.java:logGet(43)) - raft.server.sleep.deviation.threshold = 300 (default)
2019-08-20 17:52:12,380 [pool-27-thread-1] INFO  server.RaftServerConfigKeys (ConfUtils.java:logGet(43)) - raft.server.log.appender.install.snapshot.enabled = false (custom)
2019-08-20 17:52:12,381 [pool-27-thread-1] INFO  impl.RaftServerImpl (ServerState.java:<init>(105)) - 942f3ca5-282c-4b18-a6c9-ab3dcdde7736:group-B4FB45DD5E91 ConfigurationManager, init=-1: [942f3ca5-282c-4b18-a6c9-ab3dcdde7736:192.168.5.168:40228], old=null, confs=<EMPTY_MAP>
2019-08-20 17:52:12,381 [pool-27-thread-1] INFO  server.RaftServerConfigKeys (ConfUtils.java:logGet(43)) - raft.server.storage.dir = [/workdir/hadoop-ozone/integration-test/target/test-dir/MiniOzoneClusterImpl-4c88b794-8eea-4cff-8363-0825384c3826/datanode-0/data/ratis] (custom)
2019-08-20 17:52:12,381 [pool-27-thread-1] INFO  storage.RaftStorageDirectory (RaftStorageDirectory.java:analyzeStorage(246)) - The storage directory /workdir/hadoop-ozone/integration-test/target/test-dir/MiniOzoneClusterImpl-4c88b794-8eea-4cff-8363-0825384c3826/datanode-0/data/ratis/662d3fdd-5682-41c5-a76a-b4fb45dd5e91 does not exist. Creating ...
2019-08-20 17:52:12,382 [pool-82-thread-1] INFO  util.JmxRegister (JmxRegister.java:tryRegister(44)) - Successfully registered JMX Bean with object name Ratis:service=RaftServer,group=group-1ABFA3334028,id=ebb8eb41-481f-41e2-a579-fb9b26854023
2019-08-20 17:52:12,382 [pool-38-thread-1] INFO  util.JmxRegister (JmxRegister.java:tryRegister(44)) - Successfully registered JMX Bean with object name Ratis:service=RaftServer,group=group-1ABFA3334028,id=f422ac7f-f504-4d88-a1fc-e574686b78e5
2019-08-20 17:52:12,444 [pool-27-thread-1] INFO  storage.RaftStorageDirectory (RaftStorageDirectory.java:tryLock(328)) - Lock on /workdir/hadoop-ozone/integration-test/target/test-dir/MiniOzoneClusterImpl-4c88b794-8eea-4cff-8363-0825384c3826/datanode-0/data/ratis/662d3fdd-5682-41c5-a76a-b4fb45dd5e91/in_use.lock acquired by nodename 13228@pr-hdds-1927-28fzr-1052167450
2019-08-20 17:52:12,450 | INFO  | SCMAudit | user=jenkins1000 | ip=192.168.5.168 | op=SEND_HEARTBEAT {datanodeUUID=f422ac7f-f504-4d88-a1fc-e574686b78e5, command=[]} | ret=SUCCESS |  
2019-08-20 17:52:12,480 [pool-27-thread-1] INFO  storage.RaftStorage (RaftStorage.java:format(72)) - Storage directory /workdir/hadoop-ozone/integration-test/target/test-dir/MiniOzoneClusterImpl-4c88b794-8eea-4cff-8363-0825384c3826/datanode-0/data/ratis/662d3fdd-5682-41c5-a76a-b4fb45dd5e91 has been successfully formatted.
2019-08-20 17:52:12,481 [pool-27-thread-1] INFO  ratis.ContainerStateMachine (ContainerStateMachine.java:loadSnapshot(222)) - group-B4FB45DD5E91: The snapshot info is null. Setting the last applied indexto:(t:0, i:~)
2019-08-20 17:52:12,481 [pool-27-thread-1] INFO  server.RaftServerConfigKeys (ConfUtils.java:logGet(43)) - raft.server.leader.election.timeout = 120s (custom)
2019-08-20 17:52:12,481 [pool-27-thread-1] INFO  server.RaftServerConfigKeys (ConfUtils.java:logGet(43)) - raft.server.log.use.memory = false (default)
2019-08-20 17:52:12,481 [pool-27-thread-1] INFO  server.RaftServerConfigKeys (ConfUtils.java:logGet(43)) - raft.server.log.purge.gap = 1000000 (custom)
2019-08-20 17:52:12,481 [pool-27-thread-1] INFO  server.RaftServerConfigKeys (ConfUtils.java:logGet(43)) - raft.server.log.appender.buffer.byte-limit = 33554432 (custom)
2019-08-20 17:52:12,481 [pool-27-thread-1] INFO  server.RaftServerConfigKeys (ConfUtils.java:logGet(43)) - raft.server.log.segment.size.max = 1048576 (custom)
2019-08-20 17:52:12,481 [pool-27-thread-1] INFO  server.RaftServerConfigKeys (ConfUtils.java:logGet(43)) - raft.server.log.segment.cache.num.max = 2 (custom)
2019-08-20 17:52:12,481 [pool-27-thread-1] INFO  segmented.SegmentedRaftLogWorker (SegmentedRaftLogWorker.java:<init>(172)) - new 942f3ca5-282c-4b18-a6c9-ab3dcdde7736-SegmentedRaftLogWorker:Storage Directory /workdir/hadoop-ozone/integration-test/target/test-dir/MiniOzoneClusterImpl-4c88b794-8eea-4cff-8363-0825384c3826/datanode-0/data/ratis/662d3fdd-5682-41c5-a76a-b4fb45dd5e91 for RaftStorage:Storage Directory /workdir/hadoop-ozone/integration-test/target/test-dir/MiniOzoneClusterImpl-4c88b794-8eea-4cff-8363-0825384c3826/datanode-0/data/ratis/662d3fdd-5682-41c5-a76a-b4fb45dd5e91
2019-08-20 17:52:12,481 [pool-27-thread-1] INFO  server.RaftServerConfigKeys (ConfUtils.java:logGet(43)) - raft.server.log.queue.byte-limit = 2147483647 (custom)
2019-08-20 17:52:12,482 [pool-27-thread-1] INFO  server.RaftServerConfigKeys (ConfUtils.java:logGet(43)) - raft.server.log.queue.element-limit = 1024 (custom)
2019-08-20 17:52:12,482 [pool-27-thread-1] INFO  server.RaftServerConfigKeys (ConfUtils.java:logGet(43)) - raft.server.log.segment.size.max = 1048576 (custom)
2019-08-20 17:52:12,482 [pool-27-thread-1] INFO  server.RaftServerConfigKeys (ConfUtils.java:logGet(43)) - raft.server.log.preallocated.size = 16384 (custom)
2019-08-20 17:52:12,482 [pool-27-thread-1] INFO  server.RaftServerConfigKeys (ConfUtils.java:logGet(43)) - raft.server.log.write.buffer.size = 33554432 (custom)
2019-08-20 17:52:12,482 [pool-27-thread-1] INFO  server.RaftServerConfigKeys (ConfUtils.java:logGet(43)) - raft.server.log.force.sync.num = 128 (default)
2019-08-20 17:52:12,483 [pool-27-thread-1] INFO  server.RaftServerConfigKeys (ConfUtils.java:logGet(43)) - raft.server.log.statemachine.data.sync = true (default)
2019-08-20 17:52:12,483 [pool-27-thread-1] INFO  server.RaftServerConfigKeys (ConfUtils.java:logGet(43)) - raft.server.log.statemachine.data.sync.timeout = 10s (default)
2019-08-20 17:52:12,483 [pool-27-thread-1] INFO  server.RaftServerConfigKeys (ConfUtils.java:logGet(43)) - raft.server.log.statemachine.data.sync.timeout.retry = -1 (default)
2019-08-20 17:52:12,483 [pool-27-thread-1] INFO  server.RaftServerConfigKeys (ConfUtils.java:logGet(43)) - raft.server.log.statemachine.data.caching.enabled = true (custom)
2019-08-20 17:52:12,484 [pool-27-thread-1] INFO  segmented.SegmentedRaftLogWorker (SegmentedRaftLogWorker.java:lambda$new$0(132)) - 942f3ca5-282c-4b18-a6c9-ab3dcdde7736-SegmentedRaftLogWorker:Storage Directory /workdir/hadoop-ozone/integration-test/target/test-dir/MiniOzoneClusterImpl-4c88b794-8eea-4cff-8363-0825384c3826/datanode-0/data/ratis/662d3fdd-5682-41c5-a76a-b4fb45dd5e91: flushIndex: setUnconditionally 0 -> -1
2019-08-20 17:52:12,484 [pool-27-thread-1] INFO  server.RaftServerConfigKeys (ConfUtils.java:logGet(43)) - raft.server.snapshot.auto.trigger.enabled = true (custom)
2019-08-20 17:52:12,484 [pool-27-thread-1] INFO  server.RaftServerConfigKeys (ConfUtils.java:logGet(43)) - raft.server.snapshot.auto.trigger.threshold = 10000 (custom)
2019-08-20 17:52:12,485 [pool-27-thread-1] INFO  server.RaftServerConfigKeys (ConfUtils.java:logGet(43)) - raft.server.retrycache.expirytime = 600000ms (custom)
2019-08-20 17:52:12,487 [pool-27-thread-1] INFO  impl.RaftServerImpl (RaftServerImpl.java:<init>(93)) - 942f3ca5-282c-4b18-a6c9-ab3dcdde7736: new RaftServerImpl for group-1ABFA3334028:[942f3ca5-282c-4b18-a6c9-ab3dcdde7736:192.168.5.168:40228, ebb8eb41-481f-41e2-a579-fb9b26854023:192.168.5.168:38491, f422ac7f-f504-4d88-a1fc-e574686b78e5:192.168.5.168:38734] with ContainerStateMachine:uninitialized
2019-08-20 17:52:12,488 [pool-27-thread-1] INFO  server.RaftServerConfigKeys (ConfUtils.java:logGet(43)) - raft.server.rpc.timeout.min = 5s (custom)
2019-08-20 17:52:12,488 [pool-27-thread-1] INFO  server.RaftServerConfigKeys (ConfUtils.java:logGet(43)) - raft.server.rpc.timeout.max = 5200ms (custom)
2019-08-20 17:52:12,488 [pool-27-thread-1] INFO  server.RaftServerConfigKeys (ConfUtils.java:logGet(43)) - raft.server.rpcslowness.timeout = 120s (custom)
2019-08-20 17:52:12,488 [pool-27-thread-1] INFO  server.RaftServerConfigKeys (ConfUtils.java:logGet(43)) - raft.server.sleep.deviation.threshold = 300 (default)
2019-08-20 17:52:12,488 [pool-27-thread-1] INFO  server.RaftServerConfigKeys (ConfUtils.java:logGet(43)) - raft.server.log.appender.install.snapshot.enabled = false (custom)
2019-08-20 17:52:12,488 [pool-27-thread-1] INFO  impl.RaftServerImpl (ServerState.java:<init>(105)) - 942f3ca5-282c-4b18-a6c9-ab3dcdde7736:group-1ABFA3334028 ConfigurationManager, init=-1: [942f3ca5-282c-4b18-a6c9-ab3dcdde7736:192.168.5.168:40228, ebb8eb41-481f-41e2-a579-fb9b26854023:192.168.5.168:38491, f422ac7f-f504-4d88-a1fc-e574686b78e5:192.168.5.168:38734], old=null, confs=<EMPTY_MAP>
2019-08-20 17:52:12,489 [pool-27-thread-1] INFO  server.RaftServerConfigKeys (ConfUtils.java:logGet(43)) - raft.server.storage.dir = [/workdir/hadoop-ozone/integration-test/target/test-dir/MiniOzoneClusterImpl-4c88b794-8eea-4cff-8363-0825384c3826/datanode-0/data/ratis] (custom)
2019-08-20 17:52:12,489 [pool-27-thread-1] INFO  storage.RaftStorageDirectory (RaftStorageDirectory.java:analyzeStorage(246)) - The storage directory /workdir/hadoop-ozone/integration-test/target/test-dir/MiniOzoneClusterImpl-4c88b794-8eea-4cff-8363-0825384c3826/datanode-0/data/ratis/f97704d6-f55d-487a-b4b2-1abfa3334028 does not exist. Creating ...
2019-08-20 17:52:12,550 | INFO  | SCMAudit | user=jenkins1000 | ip=192.168.5.168 | op=SEND_HEARTBEAT {datanodeUUID=a1b3d015-5065-43e2-8905-257de401eec3, command=[]} | ret=SUCCESS |  
2019-08-20 17:52:12,554 [main] INFO  ozone.MiniOzoneClusterImpl (MiniOzoneClusterImpl.java:lambda$waitForClusterToBeReady$0(142)) - Cluster is ready. Got 7 of 7 DN Heartbeats.
2019-08-20 17:52:12,556 [pool-27-thread-1] INFO  storage.RaftStorageDirectory (RaftStorageDirectory.java:tryLock(328)) - Lock on /workdir/hadoop-ozone/integration-test/target/test-dir/MiniOzoneClusterImpl-4c88b794-8eea-4cff-8363-0825384c3826/datanode-0/data/ratis/f97704d6-f55d-487a-b4b2-1abfa3334028/in_use.lock acquired by nodename 13228@pr-hdds-1927-28fzr-1052167450
2019-08-20 17:52:12,570 [pool-27-thread-1] INFO  storage.RaftStorage (RaftStorage.java:format(72)) - Storage directory /workdir/hadoop-ozone/integration-test/target/test-dir/MiniOzoneClusterImpl-4c88b794-8eea-4cff-8363-0825384c3826/datanode-0/data/ratis/f97704d6-f55d-487a-b4b2-1abfa3334028 has been successfully formatted.
2019-08-20 17:52:12,571 [pool-27-thread-1] INFO  ratis.ContainerStateMachine (ContainerStateMachine.java:loadSnapshot(222)) - group-1ABFA3334028: The snapshot info is null. Setting the last applied indexto:(t:0, i:~)
2019-08-20 17:52:12,571 [pool-27-thread-1] INFO  server.RaftServerConfigKeys (ConfUtils.java:logGet(43)) - raft.server.leader.election.timeout = 120s (custom)
2019-08-20 17:52:12,571 [pool-27-thread-1] INFO  server.RaftServerConfigKeys (ConfUtils.java:logGet(43)) - raft.server.log.use.memory = false (default)
2019-08-20 17:52:12,571 [pool-27-thread-1] INFO  server.RaftServerConfigKeys (ConfUtils.java:logGet(43)) - raft.server.log.purge.gap = 1000000 (custom)
2019-08-20 17:52:12,572 [pool-27-thread-1] INFO  server.RaftServerConfigKeys (ConfUtils.java:logGet(43)) - raft.server.log.appender.buffer.byte-limit = 33554432 (custom)
2019-08-20 17:52:12,572 [pool-27-thread-1] INFO  server.RaftServerConfigKeys (ConfUtils.java:logGet(43)) - raft.server.log.segment.size.max = 1048576 (custom)
2019-08-20 17:52:12,572 [pool-27-thread-1] INFO  server.RaftServerConfigKeys (ConfUtils.java:logGet(43)) - raft.server.log.segment.cache.num.max = 2 (custom)
2019-08-20 17:52:12,572 [pool-27-thread-1] INFO  segmented.SegmentedRaftLogWorker (SegmentedRaftLogWorker.java:<init>(172)) - new 942f3ca5-282c-4b18-a6c9-ab3dcdde7736-SegmentedRaftLogWorker:Storage Directory /workdir/hadoop-ozone/integration-test/target/test-dir/MiniOzoneClusterImpl-4c88b794-8eea-4cff-8363-0825384c3826/datanode-0/data/ratis/f97704d6-f55d-487a-b4b2-1abfa3334028 for RaftStorage:Storage Directory /workdir/hadoop-ozone/integration-test/target/test-dir/MiniOzoneClusterImpl-4c88b794-8eea-4cff-8363-0825384c3826/datanode-0/data/ratis/f97704d6-f55d-487a-b4b2-1abfa3334028
2019-08-20 17:52:12,573 [pool-27-thread-1] INFO  server.RaftServerConfigKeys (ConfUtils.java:logGet(43)) - raft.server.log.queue.byte-limit = 2147483647 (custom)
2019-08-20 17:52:12,573 [pool-27-thread-1] INFO  server.RaftServerConfigKeys (ConfUtils.java:logGet(43)) - raft.server.log.queue.element-limit = 1024 (custom)
2019-08-20 17:52:12,573 [pool-27-thread-1] INFO  server.RaftServerConfigKeys (ConfUtils.java:logGet(43)) - raft.server.log.segment.size.max = 1048576 (custom)
2019-08-20 17:52:12,574 [pool-27-thread-1] INFO  server.RaftServerConfigKeys (ConfUtils.java:logGet(43)) - raft.server.log.preallocated.size = 16384 (custom)
2019-08-20 17:52:12,574 [pool-27-thread-1] INFO  server.RaftServerConfigKeys (ConfUtils.java:logGet(43)) - raft.server.log.write.buffer.size = 33554432 (custom)
2019-08-20 17:52:12,574 [pool-27-thread-1] INFO  server.RaftServerConfigKeys (ConfUtils.java:logGet(43)) - raft.server.log.force.sync.num = 128 (default)
2019-08-20 17:52:12,574 [pool-27-thread-1] INFO  server.RaftServerConfigKeys (ConfUtils.java:logGet(43)) - raft.server.log.statemachine.data.sync = true (default)
2019-08-20 17:52:12,575 [pool-27-thread-1] INFO  server.RaftServerConfigKeys (ConfUtils.java:logGet(43)) - raft.server.log.statemachine.data.sync.timeout = 10s (default)
2019-08-20 17:52:12,575 [pool-27-thread-1] INFO  server.RaftServerConfigKeys (ConfUtils.java:logGet(43)) - raft.server.log.statemachine.data.sync.timeout.retry = -1 (default)
2019-08-20 17:52:12,575 [pool-27-thread-1] INFO  server.RaftServerConfigKeys (ConfUtils.java:logGet(43)) - raft.server.log.statemachine.data.caching.enabled = true (custom)
2019-08-20 17:52:12,576 [pool-27-thread-1] INFO  segmented.SegmentedRaftLogWorker (SegmentedRaftLogWorker.java:lambda$new$0(132)) - 942f3ca5-282c-4b18-a6c9-ab3dcdde7736-SegmentedRaftLogWorker:Storage Directory /workdir/hadoop-ozone/integration-test/target/test-dir/MiniOzoneClusterImpl-4c88b794-8eea-4cff-8363-0825384c3826/datanode-0/data/ratis/f97704d6-f55d-487a-b4b2-1abfa3334028: flushIndex: setUnconditionally 0 -> -1
2019-08-20 17:52:12,576 [pool-27-thread-1] INFO  server.RaftServerConfigKeys (ConfUtils.java:logGet(43)) - raft.server.snapshot.auto.trigger.enabled = true (custom)
2019-08-20 17:52:12,577 [pool-27-thread-1] INFO  server.RaftServerConfigKeys (ConfUtils.java:logGet(43)) - raft.server.snapshot.auto.trigger.threshold = 10000 (custom)
2019-08-20 17:52:12,577 [pool-27-thread-1] INFO  server.RaftServerConfigKeys (ConfUtils.java:logGet(43)) - raft.server.retrycache.expirytime = 600000ms (custom)
2019-08-20 17:52:12,577 [pool-27-thread-1] INFO  impl.RaftServerImpl (RaftServerImpl.java:start(180)) - 942f3ca5-282c-4b18-a6c9-ab3dcdde7736: start group-B5B8AE18BEFB
2019-08-20 17:52:12,578 [pool-27-thread-1] INFO  impl.RaftServerImpl (RaftServerImpl.java:setRole(171)) - 942f3ca5-282c-4b18-a6c9-ab3dcdde7736:group-B5B8AE18BEFB changes role from null to FOLLOWER at term 0 for startAsFollower
2019-08-20 17:52:12,578 [pool-27-thread-1] INFO  impl.RoleInfo (RoleInfo.java:updateAndGet(143)) - 942f3ca5-282c-4b18-a6c9-ab3dcdde7736: start FollowerState
2019-08-20 17:52:12,579 [pool-27-thread-1] INFO  util.JmxRegister (JmxRegister.java:tryRegister(44)) - Successfully registered JMX Bean with object name Ratis:service=RaftServer,group=group-B5B8AE18BEFB,id=942f3ca5-282c-4b18-a6c9-ab3dcdde7736
2019-08-20 17:52:12,580 [pool-27-thread-1] INFO  impl.RaftServerImpl (RaftServerImpl.java:start(180)) - 942f3ca5-282c-4b18-a6c9-ab3dcdde7736: start group-B4FB45DD5E91
2019-08-20 17:52:12,580 [pool-27-thread-1] INFO  impl.RaftServerImpl (RaftServerImpl.java:setRole(171)) - 942f3ca5-282c-4b18-a6c9-ab3dcdde7736:group-B4FB45DD5E91 changes role from null to FOLLOWER at term 0 for startAsFollower
2019-08-20 17:52:12,580 [pool-27-thread-1] INFO  impl.RoleInfo (RoleInfo.java:updateAndGet(143)) - 942f3ca5-282c-4b18-a6c9-ab3dcdde7736: start FollowerState
2019-08-20 17:52:12,580 [pool-27-thread-1] INFO  util.JmxRegister (JmxRegister.java:tryRegister(44)) - Successfully registered JMX Bean with object name Ratis:service=RaftServer,group=group-B4FB45DD5E91,id=942f3ca5-282c-4b18-a6c9-ab3dcdde7736
2019-08-20 17:52:12,581 [pool-27-thread-1] INFO  impl.RaftServerImpl (RaftServerImpl.java:start(180)) - 942f3ca5-282c-4b18-a6c9-ab3dcdde7736: start group-1ABFA3334028
2019-08-20 17:52:12,581 [pool-27-thread-1] INFO  impl.RaftServerImpl (RaftServerImpl.java:setRole(171)) - 942f3ca5-282c-4b18-a6c9-ab3dcdde7736:group-1ABFA3334028 changes role from null to FOLLOWER at term 0 for startAsFollower
2019-08-20 17:52:12,581 [pool-27-thread-1] INFO  impl.RoleInfo (RoleInfo.java:updateAndGet(143)) - 942f3ca5-282c-4b18-a6c9-ab3dcdde7736: start FollowerState
2019-08-20 17:52:12,582 [pool-27-thread-1] INFO  util.JmxRegister (JmxRegister.java:tryRegister(44)) - Successfully registered JMX Bean with object name Ratis:service=RaftServer,group=group-1ABFA3334028,id=942f3ca5-282c-4b18-a6c9-ab3dcdde7736
2019-08-20 17:52:12,622 [RatisPipelineUtilsThread] INFO  pipeline.PipelineStateManager (PipelineStateManager.java:addPipeline(56)) - Created pipeline Pipeline[ Id: f97704d6-f55d-487a-b4b2-1abfa3334028, Nodes: ebb8eb41-481f-41e2-a579-fb9b26854023{ip: 192.168.5.168, host: pr-hdds-1927-28fzr-1052167450, networkLocation: /default-rack, certSerialId: null}942f3ca5-282c-4b18-a6c9-ab3dcdde7736{ip: 192.168.5.168, host: pr-hdds-1927-28fzr-1052167450, networkLocation: /default-rack, certSerialId: null}f422ac7f-f504-4d88-a1fc-e574686b78e5{ip: 192.168.5.168, host: pr-hdds-1927-28fzr-1052167450, networkLocation: /default-rack, certSerialId: null}, Type:RATIS, Factor:THREE, State:OPEN]
2019-08-20 17:52:12,658 [grpc-default-executor-1] INFO  impl.RaftServerProxy (RaftServerProxy.java:addNew(89)) - 63dfccd5-620f-4a1c-a6a8-6a76abae9bd9: addNew group-B9CA1D381DE2:[63dfccd5-620f-4a1c-a6a8-6a76abae9bd9:192.168.5.168:35436, a642d756-f146-4629-9c5c-4191dd6901d7:192.168.5.168:34049, 270cb713-a903-4d91-8c81-55946df33bef:192.168.5.168:33882] returns group-B9CA1D381DE2:java.util.concurrent.CompletableFuture@2f698d3e[Not completed]
2019-08-20 17:52:12,662 [grpc-default-executor-0] INFO  impl.RaftServerProxy (RaftServerProxy.java:addNew(89)) - 270cb713-a903-4d91-8c81-55946df33bef: addNew group-B9CA1D381DE2:[63dfccd5-620f-4a1c-a6a8-6a76abae9bd9:192.168.5.168:35436, a642d756-f146-4629-9c5c-4191dd6901d7:192.168.5.168:34049, 270cb713-a903-4d91-8c81-55946df33bef:192.168.5.168:33882] returns group-B9CA1D381DE2:java.util.concurrent.CompletableFuture@dc30a19[Not completed]
2019-08-20 17:52:12,664 [grpc-default-executor-2] INFO  impl.RaftServerProxy (RaftServerProxy.java:addNew(89)) - a642d756-f146-4629-9c5c-4191dd6901d7: addNew group-B9CA1D381DE2:[63dfccd5-620f-4a1c-a6a8-6a76abae9bd9:192.168.5.168:35436, a642d756-f146-4629-9c5c-4191dd6901d7:192.168.5.168:34049, 270cb713-a903-4d91-8c81-55946df33bef:192.168.5.168:33882] returns group-B9CA1D381DE2:java.util.concurrent.CompletableFuture@3d98200f[Not completed]
2019-08-20 17:52:12,667 [pool-71-thread-1] INFO  impl.RaftServerImpl (RaftServerImpl.java:<init>(93)) - 63dfccd5-620f-4a1c-a6a8-6a76abae9bd9: new RaftServerImpl for group-B9CA1D381DE2:[63dfccd5-620f-4a1c-a6a8-6a76abae9bd9:192.168.5.168:35436, a642d756-f146-4629-9c5c-4191dd6901d7:192.168.5.168:34049, 270cb713-a903-4d91-8c81-55946df33bef:192.168.5.168:33882] with ContainerStateMachine:uninitialized
2019-08-20 17:52:12,668 [pool-71-thread-1] INFO  server.RaftServerConfigKeys (ConfUtils.java:logGet(43)) - raft.server.rpc.timeout.min = 5s (custom)
2019-08-20 17:52:12,668 [pool-71-thread-1] INFO  server.RaftServerConfigKeys (ConfUtils.java:logGet(43)) - raft.server.rpc.timeout.max = 5200ms (custom)
2019-08-20 17:52:12,668 [pool-71-thread-1] INFO  server.RaftServerConfigKeys (ConfUtils.java:logGet(43)) - raft.server.rpcslowness.timeout = 120s (custom)
2019-08-20 17:52:12,671 [pool-49-thread-1] INFO  impl.RaftServerImpl (RaftServerImpl.java:<init>(93)) - a642d756-f146-4629-9c5c-4191dd6901d7: new RaftServerImpl for group-B9CA1D381DE2:[63dfccd5-620f-4a1c-a6a8-6a76abae9bd9:192.168.5.168:35436, a642d756-f146-4629-9c5c-4191dd6901d7:192.168.5.168:34049, 270cb713-a903-4d91-8c81-55946df33bef:192.168.5.168:33882] with ContainerStateMachine:uninitialized
2019-08-20 17:52:12,671 [pool-71-thread-1] INFO  server.RaftServerConfigKeys (ConfUtils.java:logGet(43)) - raft.server.sleep.deviation.threshold = 300 (default)
2019-08-20 17:52:12,671 [pool-49-thread-1] INFO  server.RaftServerConfigKeys (ConfUtils.java:logGet(43)) - raft.server.rpc.timeout.min = 5s (custom)
2019-08-20 17:52:12,671 [pool-71-thread-1] INFO  server.RaftServerConfigKeys (ConfUtils.java:logGet(43)) - raft.server.log.appender.install.snapshot.enabled = false (custom)
2019-08-20 17:52:12,671 [pool-49-thread-1] INFO  server.RaftServerConfigKeys (ConfUtils.java:logGet(43)) - raft.server.rpc.timeout.max = 5200ms (custom)
2019-08-20 17:52:12,671 [pool-71-thread-1] INFO  impl.RaftServerImpl (ServerState.java:<init>(105)) - 63dfccd5-620f-4a1c-a6a8-6a76abae9bd9:group-B9CA1D381DE2 ConfigurationManager, init=-1: [63dfccd5-620f-4a1c-a6a8-6a76abae9bd9:192.168.5.168:35436, a642d756-f146-4629-9c5c-4191dd6901d7:192.168.5.168:34049, 270cb713-a903-4d91-8c81-55946df33bef:192.168.5.168:33882], old=null, confs=<EMPTY_MAP>
2019-08-20 17:52:12,671 [pool-49-thread-1] INFO  server.RaftServerConfigKeys (ConfUtils.java:logGet(43)) - raft.server.rpcslowness.timeout = 120s (custom)
2019-08-20 17:52:12,674 [pool-60-thread-1] INFO  impl.RaftServerImpl (RaftServerImpl.java:<init>(93)) - 270cb713-a903-4d91-8c81-55946df33bef: new RaftServerImpl for group-B9CA1D381DE2:[63dfccd5-620f-4a1c-a6a8-6a76abae9bd9:192.168.5.168:35436, a642d756-f146-4629-9c5c-4191dd6901d7:192.168.5.168:34049, 270cb713-a903-4d91-8c81-55946df33bef:192.168.5.168:33882] with ContainerStateMachine:uninitialized
2019-08-20 17:52:12,674 [pool-49-thread-1] INFO  server.RaftServerConfigKeys (ConfUtils.java:logGet(43)) - raft.server.sleep.deviation.threshold = 300 (default)
2019-08-20 17:52:12,674 [pool-60-thread-1] INFO  server.RaftServerConfigKeys (ConfUtils.java:logGet(43)) - raft.server.rpc.timeout.min = 5s (custom)
2019-08-20 17:52:12,674 [pool-71-thread-1] INFO  server.RaftServerConfigKeys (ConfUtils.java:logGet(43)) - raft.server.storage.dir = [/workdir/hadoop-ozone/integration-test/target/test-dir/MiniOzoneClusterImpl-4c88b794-8eea-4cff-8363-0825384c3826/datanode-4/data/ratis] (custom)
2019-08-20 17:52:12,674 [pool-60-thread-1] INFO  server.RaftServerConfigKeys (ConfUtils.java:logGet(43)) - raft.server.rpc.timeout.max = 5200ms (custom)
2019-08-20 17:52:12,674 [pool-49-thread-1] INFO  server.RaftServerConfigKeys (ConfUtils.java:logGet(43)) - raft.server.log.appender.install.snapshot.enabled = false (custom)
2019-08-20 17:52:12,674 [pool-60-thread-1] INFO  server.RaftServerConfigKeys (ConfUtils.java:logGet(43)) - raft.server.rpcslowness.timeout = 120s (custom)
2019-08-20 17:52:12,674 [pool-49-thread-1] INFO  impl.RaftServerImpl (ServerState.java:<init>(105)) - a642d756-f146-4629-9c5c-4191dd6901d7:group-B9CA1D381DE2 ConfigurationManager, init=-1: [63dfccd5-620f-4a1c-a6a8-6a76abae9bd9:192.168.5.168:35436, a642d756-f146-4629-9c5c-4191dd6901d7:192.168.5.168:34049, 270cb713-a903-4d91-8c81-55946df33bef:192.168.5.168:33882], old=null, confs=<EMPTY_MAP>
2019-08-20 17:52:12,674 [pool-71-thread-1] INFO  storage.RaftStorageDirectory (RaftStorageDirectory.java:analyzeStorage(246)) - The storage directory /workdir/hadoop-ozone/integration-test/target/test-dir/MiniOzoneClusterImpl-4c88b794-8eea-4cff-8363-0825384c3826/datanode-4/data/ratis/4ac4b521-4912-457d-b9f4-b9ca1d381de2 does not exist. Creating ...
2019-08-20 17:52:12,674 [pool-60-thread-1] INFO  server.RaftServerConfigKeys (ConfUtils.java:logGet(43)) - raft.server.sleep.deviation.threshold = 300 (default)
2019-08-20 17:52:12,674 [pool-49-thread-1] INFO  server.RaftServerConfigKeys (ConfUtils.java:logGet(43)) - raft.server.storage.dir = [/workdir/hadoop-ozone/integration-test/target/test-dir/MiniOzoneClusterImpl-4c88b794-8eea-4cff-8363-0825384c3826/datanode-2/data/ratis] (custom)
2019-08-20 17:52:12,675 [pool-60-thread-1] INFO  server.RaftServerConfigKeys (ConfUtils.java:logGet(43)) - raft.server.log.appender.install.snapshot.enabled = false (custom)
2019-08-20 17:52:12,675 [pool-60-thread-1] INFO  impl.RaftServerImpl (ServerState.java:<init>(105)) - 270cb713-a903-4d91-8c81-55946df33bef:group-B9CA1D381DE2 ConfigurationManager, init=-1: [63dfccd5-620f-4a1c-a6a8-6a76abae9bd9:192.168.5.168:35436, a642d756-f146-4629-9c5c-4191dd6901d7:192.168.5.168:34049, 270cb713-a903-4d91-8c81-55946df33bef:192.168.5.168:33882], old=null, confs=<EMPTY_MAP>
2019-08-20 17:52:12,675 [pool-49-thread-1] INFO  storage.RaftStorageDirectory (RaftStorageDirectory.java:analyzeStorage(246)) - The storage directory /workdir/hadoop-ozone/integration-test/target/test-dir/MiniOzoneClusterImpl-4c88b794-8eea-4cff-8363-0825384c3826/datanode-2/data/ratis/4ac4b521-4912-457d-b9f4-b9ca1d381de2 does not exist. Creating ...
2019-08-20 17:52:12,675 [pool-60-thread-1] INFO  server.RaftServerConfigKeys (ConfUtils.java:logGet(43)) - raft.server.storage.dir = [/workdir/hadoop-ozone/integration-test/target/test-dir/MiniOzoneClusterImpl-4c88b794-8eea-4cff-8363-0825384c3826/datanode-3/data/ratis] (custom)
2019-08-20 17:52:12,675 [pool-60-thread-1] INFO  storage.RaftStorageDirectory (RaftStorageDirectory.java:analyzeStorage(246)) - The storage directory /workdir/hadoop-ozone/integration-test/target/test-dir/MiniOzoneClusterImpl-4c88b794-8eea-4cff-8363-0825384c3826/datanode-3/data/ratis/4ac4b521-4912-457d-b9f4-b9ca1d381de2 does not exist. Creating ...
2019-08-20 17:52:12,728 [pool-49-thread-1] INFO  storage.RaftStorageDirectory (RaftStorageDirectory.java:tryLock(328)) - Lock on /workdir/hadoop-ozone/integration-test/target/test-dir/MiniOzoneClusterImpl-4c88b794-8eea-4cff-8363-0825384c3826/datanode-2/data/ratis/4ac4b521-4912-457d-b9f4-b9ca1d381de2/in_use.lock acquired by nodename 13228@pr-hdds-1927-28fzr-1052167450
2019-08-20 17:52:12,728 [pool-60-thread-1] INFO  storage.RaftStorageDirectory (RaftStorageDirectory.java:tryLock(328)) - Lock on /workdir/hadoop-ozone/integration-test/target/test-dir/MiniOzoneClusterImpl-4c88b794-8eea-4cff-8363-0825384c3826/datanode-3/data/ratis/4ac4b521-4912-457d-b9f4-b9ca1d381de2/in_use.lock acquired by nodename 13228@pr-hdds-1927-28fzr-1052167450
2019-08-20 17:52:12,728 [pool-71-thread-1] INFO  storage.RaftStorageDirectory (RaftStorageDirectory.java:tryLock(328)) - Lock on /workdir/hadoop-ozone/integration-test/target/test-dir/MiniOzoneClusterImpl-4c88b794-8eea-4cff-8363-0825384c3826/datanode-4/data/ratis/4ac4b521-4912-457d-b9f4-b9ca1d381de2/in_use.lock acquired by nodename 13228@pr-hdds-1927-28fzr-1052167450
2019-08-20 17:52:12,735 [pool-60-thread-1] INFO  storage.RaftStorage (RaftStorage.java:format(72)) - Storage directory /workdir/hadoop-ozone/integration-test/target/test-dir/MiniOzoneClusterImpl-4c88b794-8eea-4cff-8363-0825384c3826/datanode-3/data/ratis/4ac4b521-4912-457d-b9f4-b9ca1d381de2 has been successfully formatted.
2019-08-20 17:52:12,735 [pool-49-thread-1] INFO  storage.RaftStorage (RaftStorage.java:format(72)) - Storage directory /workdir/hadoop-ozone/integration-test/target/test-dir/MiniOzoneClusterImpl-4c88b794-8eea-4cff-8363-0825384c3826/datanode-2/data/ratis/4ac4b521-4912-457d-b9f4-b9ca1d381de2 has been successfully formatted.
2019-08-20 17:52:12,735 [pool-60-thread-1] INFO  ratis.ContainerStateMachine (ContainerStateMachine.java:loadSnapshot(222)) - group-B9CA1D381DE2: The snapshot info is null. Setting the last applied indexto:(t:0, i:~)
2019-08-20 17:52:12,735 [pool-71-thread-1] INFO  storage.RaftStorage (RaftStorage.java:format(72)) - Storage directory /workdir/hadoop-ozone/integration-test/target/test-dir/MiniOzoneClusterImpl-4c88b794-8eea-4cff-8363-0825384c3826/datanode-4/data/ratis/4ac4b521-4912-457d-b9f4-b9ca1d381de2 has been successfully formatted.
2019-08-20 17:52:12,735 [pool-49-thread-1] INFO  ratis.ContainerStateMachine (ContainerStateMachine.java:loadSnapshot(222)) - group-B9CA1D381DE2: The snapshot info is null. Setting the last applied indexto:(t:0, i:~)
2019-08-20 17:52:12,735 [pool-60-thread-1] INFO  server.RaftServerConfigKeys (ConfUtils.java:logGet(43)) - raft.server.leader.election.timeout = 120s (custom)
2019-08-20 17:52:12,736 [pool-49-thread-1] INFO  server.RaftServerConfigKeys (ConfUtils.java:logGet(43)) - raft.server.leader.election.timeout = 120s (custom)
2019-08-20 17:52:12,736 [pool-71-thread-1] INFO  ratis.ContainerStateMachine (ContainerStateMachine.java:loadSnapshot(222)) - group-B9CA1D381DE2: The snapshot info is null. Setting the last applied indexto:(t:0, i:~)
2019-08-20 17:52:12,736 [pool-49-thread-1] INFO  server.RaftServerConfigKeys (ConfUtils.java:logGet(43)) - raft.server.log.use.memory = false (default)
2019-08-20 17:52:12,736 [pool-60-thread-1] INFO  server.RaftServerConfigKeys (ConfUtils.java:logGet(43)) - raft.server.log.use.memory = false (default)
2019-08-20 17:52:12,736 [pool-49-thread-1] INFO  server.RaftServerConfigKeys (ConfUtils.java:logGet(43)) - raft.server.log.purge.gap = 1000000 (custom)
2019-08-20 17:52:12,736 [pool-71-thread-1] INFO  server.RaftServerConfigKeys (ConfUtils.java:logGet(43)) - raft.server.leader.election.timeout = 120s (custom)
2019-08-20 17:52:12,737 [pool-49-thread-1] INFO  server.RaftServerConfigKeys (ConfUtils.java:logGet(43)) - raft.server.log.appender.buffer.byte-limit = 33554432 (custom)
2019-08-20 17:52:12,736 [pool-60-thread-1] INFO  server.RaftServerConfigKeys (ConfUtils.java:logGet(43)) - raft.server.log.purge.gap = 1000000 (custom)
2019-08-20 17:52:12,737 [pool-49-thread-1] INFO  server.RaftServerConfigKeys (ConfUtils.java:logGet(43)) - raft.server.log.segment.size.max = 1048576 (custom)
2019-08-20 17:52:12,737 [pool-71-thread-1] INFO  server.RaftServerConfigKeys (ConfUtils.java:logGet(43)) - raft.server.log.use.memory = false (default)
2019-08-20 17:52:12,737 [pool-49-thread-1] INFO  server.RaftServerConfigKeys (ConfUtils.java:logGet(43)) - raft.server.log.segment.cache.num.max = 2 (custom)
2019-08-20 17:52:12,737 [pool-60-thread-1] INFO  server.RaftServerConfigKeys (ConfUtils.java:logGet(43)) - raft.server.log.appender.buffer.byte-limit = 33554432 (custom)
2019-08-20 17:52:12,737 [pool-49-thread-1] INFO  segmented.SegmentedRaftLogWorker (SegmentedRaftLogWorker.java:<init>(172)) - new a642d756-f146-4629-9c5c-4191dd6901d7-SegmentedRaftLogWorker:Storage Directory /workdir/hadoop-ozone/integration-test/target/test-dir/MiniOzoneClusterImpl-4c88b794-8eea-4cff-8363-0825384c3826/datanode-2/data/ratis/4ac4b521-4912-457d-b9f4-b9ca1d381de2 for RaftStorage:Storage Directory /workdir/hadoop-ozone/integration-test/target/test-dir/MiniOzoneClusterImpl-4c88b794-8eea-4cff-8363-0825384c3826/datanode-2/data/ratis/4ac4b521-4912-457d-b9f4-b9ca1d381de2
2019-08-20 17:52:12,737 [pool-71-thread-1] INFO  server.RaftServerConfigKeys (ConfUtils.java:logGet(43)) - raft.server.log.purge.gap = 1000000 (custom)
2019-08-20 17:52:12,738 [pool-49-thread-1] INFO  server.RaftServerConfigKeys (ConfUtils.java:logGet(43)) - raft.server.log.queue.byte-limit = 2147483647 (custom)
2019-08-20 17:52:12,738 [pool-60-thread-1] INFO  server.RaftServerConfigKeys (ConfUtils.java:logGet(43)) - raft.server.log.segment.size.max = 1048576 (custom)
2019-08-20 17:52:12,741 [pool-49-thread-1] INFO  server.RaftServerConfigKeys (ConfUtils.java:logGet(43)) - raft.server.log.queue.element-limit = 1024 (custom)
2019-08-20 17:52:12,738 [pool-71-thread-1] INFO  server.RaftServerConfigKeys (ConfUtils.java:logGet(43)) - raft.server.log.appender.buffer.byte-limit = 33554432 (custom)
2019-08-20 17:52:12,741 [pool-60-thread-1] INFO  server.RaftServerConfigKeys (ConfUtils.java:logGet(43)) - raft.server.log.segment.cache.num.max = 2 (custom)
2019-08-20 17:52:12,741 [pool-71-thread-1] INFO  server.RaftServerConfigKeys (ConfUtils.java:logGet(43)) - raft.server.log.segment.size.max = 1048576 (custom)
2019-08-20 17:52:12,741 [pool-49-thread-1] INFO  server.RaftServerConfigKeys (ConfUtils.java:logGet(43)) - raft.server.log.segment.size.max = 1048576 (custom)
2019-08-20 17:52:12,741 [pool-71-thread-1] INFO  server.RaftServerConfigKeys (ConfUtils.java:logGet(43)) - raft.server.log.segment.cache.num.max = 2 (custom)
2019-08-20 17:52:12,741 [pool-60-thread-1] INFO  segmented.SegmentedRaftLogWorker (SegmentedRaftLogWorker.java:<init>(172)) - new 270cb713-a903-4d91-8c81-55946df33bef-SegmentedRaftLogWorker:Storage Directory /workdir/hadoop-ozone/integration-test/target/test-dir/MiniOzoneClusterImpl-4c88b794-8eea-4cff-8363-0825384c3826/datanode-3/data/ratis/4ac4b521-4912-457d-b9f4-b9ca1d381de2 for RaftStorage:Storage Directory /workdir/hadoop-ozone/integration-test/target/test-dir/MiniOzoneClusterImpl-4c88b794-8eea-4cff-8363-0825384c3826/datanode-3/data/ratis/4ac4b521-4912-457d-b9f4-b9ca1d381de2
2019-08-20 17:52:12,742 [pool-71-thread-1] INFO  segmented.SegmentedRaftLogWorker (SegmentedRaftLogWorker.java:<init>(172)) - new 63dfccd5-620f-4a1c-a6a8-6a76abae9bd9-SegmentedRaftLogWorker:Storage Directory /workdir/hadoop-ozone/integration-test/target/test-dir/MiniOzoneClusterImpl-4c88b794-8eea-4cff-8363-0825384c3826/datanode-4/data/ratis/4ac4b521-4912-457d-b9f4-b9ca1d381de2 for RaftStorage:Storage Directory /workdir/hadoop-ozone/integration-test/target/test-dir/MiniOzoneClusterImpl-4c88b794-8eea-4cff-8363-0825384c3826/datanode-4/data/ratis/4ac4b521-4912-457d-b9f4-b9ca1d381de2
2019-08-20 17:52:12,742 [pool-49-thread-1] INFO  server.RaftServerConfigKeys (ConfUtils.java:logGet(43)) - raft.server.log.preallocated.size = 16384 (custom)
2019-08-20 17:52:12,744 [pool-71-thread-1] INFO  server.RaftServerConfigKeys (ConfUtils.java:logGet(43)) - raft.server.log.queue.byte-limit = 2147483647 (custom)
2019-08-20 17:52:12,742 [pool-60-thread-1] INFO  server.RaftServerConfigKeys (ConfUtils.java:logGet(43)) - raft.server.log.queue.byte-limit = 2147483647 (custom)
2019-08-20 17:52:12,746 [pool-71-thread-1] INFO  server.RaftServerConfigKeys (ConfUtils.java:logGet(43)) - raft.server.log.queue.element-limit = 1024 (custom)
2019-08-20 17:52:12,746 [pool-49-thread-1] INFO  server.RaftServerConfigKeys (ConfUtils.java:logGet(43)) - raft.server.log.write.buffer.size = 33554432 (custom)
2019-08-20 17:52:12,746 [pool-71-thread-1] INFO  server.RaftServerConfigKeys (ConfUtils.java:logGet(43)) - raft.server.log.segment.size.max = 1048576 (custom)
2019-08-20 17:52:12,746 [pool-60-thread-1] INFO  server.RaftServerConfigKeys (ConfUtils.java:logGet(43)) - raft.server.log.queue.element-limit = 1024 (custom)
2019-08-20 17:52:12,746 [pool-71-thread-1] INFO  server.RaftServerConfigKeys (ConfUtils.java:logGet(43)) - raft.server.log.preallocated.size = 16384 (custom)
2019-08-20 17:52:12,746 [pool-49-thread-1] INFO  server.RaftServerConfigKeys (ConfUtils.java:logGet(43)) - raft.server.log.force.sync.num = 128 (default)
2019-08-20 17:52:12,747 [pool-71-thread-1] INFO  server.RaftServerConfigKeys (ConfUtils.java:logGet(43)) - raft.server.log.write.buffer.size = 33554432 (custom)
2019-08-20 17:52:12,747 [pool-60-thread-1] INFO  server.RaftServerConfigKeys (ConfUtils.java:logGet(43)) - raft.server.log.segment.size.max = 1048576 (custom)
2019-08-20 17:52:12,747 [pool-71-thread-1] INFO  server.RaftServerConfigKeys (ConfUtils.java:logGet(43)) - raft.server.log.force.sync.num = 128 (default)
2019-08-20 17:52:12,747 [pool-49-thread-1] INFO  server.RaftServerConfigKeys (ConfUtils.java:logGet(43)) - raft.server.log.statemachine.data.sync = true (default)
2019-08-20 17:52:12,747 [pool-71-thread-1] INFO  server.RaftServerConfigKeys (ConfUtils.java:logGet(43)) - raft.server.log.statemachine.data.sync = true (default)
2019-08-20 17:52:12,747 [pool-60-thread-1] INFO  server.RaftServerConfigKeys (ConfUtils.java:logGet(43)) - raft.server.log.preallocated.size = 16384 (custom)
2019-08-20 17:52:12,748 [pool-71-thread-1] INFO  server.RaftServerConfigKeys (ConfUtils.java:logGet(43)) - raft.server.log.statemachine.data.sync.timeout = 10s (default)
2019-08-20 17:52:12,748 [pool-49-thread-1] INFO  server.RaftServerConfigKeys (ConfUtils.java:logGet(43)) - raft.server.log.statemachine.data.sync.timeout = 10s (default)
2019-08-20 17:52:12,748 [pool-71-thread-1] INFO  server.RaftServerConfigKeys (ConfUtils.java:logGet(43)) - raft.server.log.statemachine.data.sync.timeout.retry = -1 (default)
2019-08-20 17:52:12,748 [pool-60-thread-1] INFO  server.RaftServerConfigKeys (ConfUtils.java:logGet(43)) - raft.server.log.write.buffer.size = 33554432 (custom)
2019-08-20 17:52:12,748 [pool-49-thread-1] INFO  server.RaftServerConfigKeys (ConfUtils.java:logGet(43)) - raft.server.log.statemachine.data.sync.timeout.retry = -1 (default)
2019-08-20 17:52:12,749 [pool-71-thread-1] INFO  server.RaftServerConfigKeys (ConfUtils.java:logGet(43)) - raft.server.log.statemachine.data.caching.enabled = true (custom)
2019-08-20 17:52:12,748 [pool-60-thread-1] INFO  server.RaftServerConfigKeys (ConfUtils.java:logGet(43)) - raft.server.log.force.sync.num = 128 (default)
2019-08-20 17:52:12,749 [pool-49-thread-1] INFO  server.RaftServerConfigKeys (ConfUtils.java:logGet(43)) - raft.server.log.statemachine.data.caching.enabled = true (custom)
2019-08-20 17:52:12,749 [pool-71-thread-1] INFO  segmented.SegmentedRaftLogWorker (SegmentedRaftLogWorker.java:lambda$new$0(132)) - 63dfccd5-620f-4a1c-a6a8-6a76abae9bd9-SegmentedRaftLogWorker:Storage Directory /workdir/hadoop-ozone/integration-test/target/test-dir/MiniOzoneClusterImpl-4c88b794-8eea-4cff-8363-0825384c3826/datanode-4/data/ratis/4ac4b521-4912-457d-b9f4-b9ca1d381de2: flushIndex: setUnconditionally 0 -> -1
2019-08-20 17:52:12,749 [pool-60-thread-1] INFO  server.RaftServerConfigKeys (ConfUtils.java:logGet(43)) - raft.server.log.statemachine.data.sync = true (default)
2019-08-20 17:52:12,749 [pool-49-thread-1] INFO  segmented.SegmentedRaftLogWorker (SegmentedRaftLogWorker.java:lambda$new$0(132)) - a642d756-f146-4629-9c5c-4191dd6901d7-SegmentedRaftLogWorker:Storage Directory /workdir/hadoop-ozone/integration-test/target/test-dir/MiniOzoneClusterImpl-4c88b794-8eea-4cff-8363-0825384c3826/datanode-2/data/ratis/4ac4b521-4912-457d-b9f4-b9ca1d381de2: flushIndex: setUnconditionally 0 -> -1
2019-08-20 17:52:12,749 [pool-60-thread-1] INFO  server.RaftServerConfigKeys (ConfUtils.java:logGet(43)) - raft.server.log.statemachine.data.sync.timeout = 10s (default)
2019-08-20 17:52:12,749 [pool-71-thread-1] INFO  server.RaftServerConfigKeys (ConfUtils.java:logGet(43)) - raft.server.snapshot.auto.trigger.enabled = true (custom)
2019-08-20 17:52:12,750 [pool-49-thread-1] INFO  server.RaftServerConfigKeys (ConfUtils.java:logGet(43)) - raft.server.snapshot.auto.trigger.enabled = true (custom)
2019-08-20 17:52:12,750 [pool-60-thread-1] INFO  server.RaftServerConfigKeys (ConfUtils.java:logGet(43)) - raft.server.log.statemachine.data.sync.timeout.retry = -1 (default)
2019-08-20 17:52:12,750 [pool-49-thread-1] INFO  server.RaftServerConfigKeys (ConfUtils.java:logGet(43)) - raft.server.snapshot.auto.trigger.threshold = 10000 (custom)
2019-08-20 17:52:12,750 [pool-71-thread-1] INFO  server.RaftServerConfigKeys (ConfUtils.java:logGet(43)) - raft.server.snapshot.auto.trigger.threshold = 10000 (custom)
2019-08-20 17:52:12,750 [pool-60-thread-1] INFO  server.RaftServerConfigKeys (ConfUtils.java:logGet(43)) - raft.server.log.statemachine.data.caching.enabled = true (custom)
2019-08-20 17:52:12,750 [pool-71-thread-1] INFO  server.RaftServerConfigKeys (ConfUtils.java:logGet(43)) - raft.server.retrycache.expirytime = 600000ms (custom)
2019-08-20 17:52:12,750 [pool-49-thread-1] INFO  server.RaftServerConfigKeys (ConfUtils.java:logGet(43)) - raft.server.retrycache.expirytime = 600000ms (custom)
2019-08-20 17:52:12,751 [pool-71-thread-1] INFO  impl.RaftServerImpl (RaftServerImpl.java:start(180)) - 63dfccd5-620f-4a1c-a6a8-6a76abae9bd9: start group-B9CA1D381DE2
2019-08-20 17:52:12,751 [pool-60-thread-1] INFO  segmented.SegmentedRaftLogWorker (SegmentedRaftLogWorker.java:lambda$new$0(132)) - 270cb713-a903-4d91-8c81-55946df33bef-SegmentedRaftLogWorker:Storage Directory /workdir/hadoop-ozone/integration-test/target/test-dir/MiniOzoneClusterImpl-4c88b794-8eea-4cff-8363-0825384c3826/datanode-3/data/ratis/4ac4b521-4912-457d-b9f4-b9ca1d381de2: flushIndex: setUnconditionally 0 -> -1
2019-08-20 17:52:12,751 [pool-49-thread-1] INFO  impl.RaftServerImpl (RaftServerImpl.java:start(180)) - a642d756-f146-4629-9c5c-4191dd6901d7: start group-B9CA1D381DE2
2019-08-20 17:52:12,751 [pool-71-thread-1] INFO  impl.RaftServerImpl (RaftServerImpl.java:setRole(171)) - 63dfccd5-620f-4a1c-a6a8-6a76abae9bd9:group-B9CA1D381DE2 changes role from null to FOLLOWER at term 0 for startAsFollower
2019-08-20 17:52:12,751 [pool-60-thread-1] INFO  server.RaftServerConfigKeys (ConfUtils.java:logGet(43)) - raft.server.snapshot.auto.trigger.enabled = true (custom)
2019-08-20 17:52:12,751 [pool-49-thread-1] INFO  impl.RaftServerImpl (RaftServerImpl.java:setRole(171)) - a642d756-f146-4629-9c5c-4191dd6901d7:group-B9CA1D381DE2 changes role from null to FOLLOWER at term 0 for startAsFollower
2019-08-20 17:52:12,752 [pool-60-thread-1] INFO  server.RaftServerConfigKeys (ConfUtils.java:logGet(43)) - raft.server.snapshot.auto.trigger.threshold = 10000 (custom)
2019-08-20 17:52:12,751 [pool-71-thread-1] INFO  impl.RoleInfo (RoleInfo.java:updateAndGet(143)) - 63dfccd5-620f-4a1c-a6a8-6a76abae9bd9: start FollowerState
2019-08-20 17:52:12,752 [pool-60-thread-1] INFO  server.RaftServerConfigKeys (ConfUtils.java:logGet(43)) - raft.server.retrycache.expirytime = 600000ms (custom)
2019-08-20 17:52:12,752 [pool-49-thread-1] INFO  impl.RoleInfo (RoleInfo.java:updateAndGet(143)) - a642d756-f146-4629-9c5c-4191dd6901d7: start FollowerState
2019-08-20 17:52:12,752 [pool-60-thread-1] INFO  impl.RaftServerImpl (RaftServerImpl.java:start(180)) - 270cb713-a903-4d91-8c81-55946df33bef: start group-B9CA1D381DE2
2019-08-20 17:52:12,752 [pool-71-thread-1] INFO  util.JmxRegister (JmxRegister.java:tryRegister(44)) - Successfully registered JMX Bean with object name Ratis:service=RaftServer,group=group-B9CA1D381DE2,id=63dfccd5-620f-4a1c-a6a8-6a76abae9bd9
2019-08-20 17:52:12,752 [pool-60-thread-1] INFO  impl.RaftServerImpl (RaftServerImpl.java:setRole(171)) - 270cb713-a903-4d91-8c81-55946df33bef:group-B9CA1D381DE2 changes role from null to FOLLOWER at term 0 for startAsFollower
2019-08-20 17:52:12,752 [pool-49-thread-1] INFO  util.JmxRegister (JmxRegister.java:tryRegister(44)) - Successfully registered JMX Bean with object name Ratis:service=RaftServer,group=group-B9CA1D381DE2,id=a642d756-f146-4629-9c5c-4191dd6901d7
2019-08-20 17:52:12,753 [pool-60-thread-1] INFO  impl.RoleInfo (RoleInfo.java:updateAndGet(143)) - 270cb713-a903-4d91-8c81-55946df33bef: start FollowerState
2019-08-20 17:52:12,753 [pool-60-thread-1] INFO  util.JmxRegister (JmxRegister.java:tryRegister(44)) - Successfully registered JMX Bean with object name Ratis:service=RaftServer,group=group-B9CA1D381DE2,id=270cb713-a903-4d91-8c81-55946df33bef
2019-08-20 17:52:12,784 [RatisPipelineUtilsThread] INFO  pipeline.PipelineStateManager (PipelineStateManager.java:addPipeline(56)) - Created pipeline Pipeline[ Id: 4ac4b521-4912-457d-b9f4-b9ca1d381de2, Nodes: 63dfccd5-620f-4a1c-a6a8-6a76abae9bd9{ip: 192.168.5.168, host: pr-hdds-1927-28fzr-1052167450, networkLocation: /default-rack, certSerialId: null}270cb713-a903-4d91-8c81-55946df33bef{ip: 192.168.5.168, host: pr-hdds-1927-28fzr-1052167450, networkLocation: /default-rack, certSerialId: null}a642d756-f146-4629-9c5c-4191dd6901d7{ip: 192.168.5.168, host: pr-hdds-1927-28fzr-1052167450, networkLocation: /default-rack, certSerialId: null}, Type:RATIS, Factor:THREE, State:OPEN]
2019-08-20 17:52:12,932 [main] INFO  rpc.RpcClient (RpcClient.java:createVolume(293)) - Creating Volume: watchforcommithandlingtest, with jenkins1000 as owner.
2019-08-20 17:52:12,958 | INFO  | OMAudit | user=jenkins1000 | ip=127.0.0.1 | op=CREATE_VOLUME {admin=jenkins1000, owner=jenkins1000, volume=watchforcommithandlingtest, creationTime=1566323532952, quotaInBytes=1152921504606846976} | ret=SUCCESS |  
2019-08-20 17:52:12,977 | INFO  | OMAudit | user=jenkins1000 | ip=127.0.0.1 | op=READ_VOLUME {volume=watchforcommithandlingtest} | ret=SUCCESS |  
2019-08-20 17:52:12,984 [main] INFO  rpc.RpcClient (RpcClient.java:createBucket(432)) - Creating Bucket: watchforcommithandlingtest/watchforcommithandlingtest, with Versioning false and Storage Type set to DISK and Encryption set to false 
2019-08-20 17:52:13,004 | INFO  | OMAudit | user=jenkins1000 | ip=127.0.0.1 | op=CREATE_BUCKET {volume=watchforcommithandlingtest, bucket=watchforcommithandlingtest, acls=[user:jenkins1000:a[ACCESS], group:default:a[ACCESS]], isVersionEnabled=false, storageType=DISK, creationTime=0} | ret=SUCCESS |  
2019-08-20 17:52:13,004 [main] INFO  ozone.MiniOzoneClusterImpl (MiniOzoneClusterImpl.java:getStorageContainerLocationClient(241)) - Creating StorageContainerLocationProtocol RPC client with address /0.0.0.0:38534
2019-08-20 17:52:13,047 [main] INFO  impl.MetricsSystemImpl (MetricsSystemImpl.java:init(158)) - XceiverClientMetrics metrics system started (again)
2019-08-20 17:52:13,151 [grpc-default-executor-0] INFO  client.GrpcClientProtocolClient (GrpcClientProtocolClient.java:onNext(255)) - client-6DB83EE41F68->ebb8eb41-481f-41e2-a579-fb9b26854023: receive RaftClientReply:client-6DB83EE41F68->ebb8eb41-481f-41e2-a579-fb9b26854023@group-1ABFA3334028, cid=8, FAILED org.apache.ratis.protocol.NotLeaderException: Server ebb8eb41-481f-41e2-a579-fb9b26854023 is not the leader (null). Request must be sent to leader., logIndex=0, commits[ebb8eb41-481f-41e2-a579-fb9b26854023:c-1]
2019-08-20 17:52:13,237 | INFO  | SCMAudit | user=jenkins1000 | ip=192.168.5.168 | op=SEND_HEARTBEAT {datanodeUUID=942f3ca5-282c-4b18-a6c9-ab3dcdde7736, command=[]} | ret=SUCCESS |  
2019-08-20 17:52:13,350 | INFO  | SCMAudit | user=jenkins1000 | ip=192.168.5.168 | op=SEND_HEARTBEAT {datanodeUUID=ebb8eb41-481f-41e2-a579-fb9b26854023, command=[]} | ret=SUCCESS |  
2019-08-20 17:52:13,452 | INFO  | SCMAudit | user=jenkins1000 | ip=192.168.5.168 | op=SEND_HEARTBEAT {datanodeUUID=f422ac7f-f504-4d88-a1fc-e574686b78e5, command=[]} | ret=SUCCESS |  
2019-08-20 17:52:13,550 | INFO  | SCMAudit | user=jenkins1000 | ip=192.168.5.168 | op=SEND_HEARTBEAT {datanodeUUID=a1b3d015-5065-43e2-8905-257de401eec3, command=[]} | ret=SUCCESS |  
2019-08-20 17:52:13,659 | INFO  | SCMAudit | user=jenkins1000 | ip=192.168.5.168 | op=SEND_HEARTBEAT {datanodeUUID=a642d756-f146-4629-9c5c-4191dd6901d7, command=[]} | ret=SUCCESS |  
2019-08-20 17:52:14,043 | INFO  | SCMAudit | user=jenkins1000 | ip=192.168.5.168 | op=SEND_HEARTBEAT {datanodeUUID=270cb713-a903-4d91-8c81-55946df33bef, command=[]} | ret=SUCCESS |  
2019-08-20 17:52:14,069 | INFO  | SCMAudit | user=jenkins1000 | ip=192.168.5.168 | op=SEND_HEARTBEAT {datanodeUUID=63dfccd5-620f-4a1c-a6a8-6a76abae9bd9, command=[]} | ret=SUCCESS |  
2019-08-20 17:52:14,183 [grpc-default-executor-2] INFO  client.GrpcClientProtocolClient (GrpcClientProtocolClient.java:onNext(255)) - client-6DB83EE41F68->942f3ca5-282c-4b18-a6c9-ab3dcdde7736: receive RaftClientReply:client-6DB83EE41F68->942f3ca5-282c-4b18-a6c9-ab3dcdde7736@group-1ABFA3334028, cid=8, FAILED org.apache.ratis.protocol.NotLeaderException: Server 942f3ca5-282c-4b18-a6c9-ab3dcdde7736 is not the leader (null). Request must be sent to leader., logIndex=0, commits[942f3ca5-282c-4b18-a6c9-ab3dcdde7736:c-1]
2019-08-20 17:52:14,234 | INFO  | SCMAudit | user=jenkins1000 | ip=192.168.5.168 | op=SEND_HEARTBEAT {datanodeUUID=942f3ca5-282c-4b18-a6c9-ab3dcdde7736, command=[]} | ret=SUCCESS |  
2019-08-20 17:52:14,346 | INFO  | SCMAudit | user=jenkins1000 | ip=192.168.5.168 | op=SEND_HEARTBEAT {datanodeUUID=ebb8eb41-481f-41e2-a579-fb9b26854023, command=[]} | ret=SUCCESS |  
2019-08-20 17:52:14,449 | INFO  | SCMAudit | user=jenkins1000 | ip=192.168.5.168 | op=SEND_HEARTBEAT {datanodeUUID=f422ac7f-f504-4d88-a1fc-e574686b78e5, command=[]} | ret=SUCCESS |  
2019-08-20 17:52:14,548 | INFO  | SCMAudit | user=jenkins1000 | ip=192.168.5.168 | op=SEND_HEARTBEAT {datanodeUUID=a1b3d015-5065-43e2-8905-257de401eec3, command=[]} | ret=SUCCESS |  
2019-08-20 17:52:14,657 | INFO  | SCMAudit | user=jenkins1000 | ip=192.168.5.168 | op=SEND_HEARTBEAT {datanodeUUID=a642d756-f146-4629-9c5c-4191dd6901d7, command=[]} | ret=SUCCESS |  
2019-08-20 17:52:15,033 | INFO  | SCMAudit | user=jenkins1000 | ip=192.168.5.168 | op=SEND_HEARTBEAT {datanodeUUID=270cb713-a903-4d91-8c81-55946df33bef, command=[]} | ret=SUCCESS |  
2019-08-20 17:52:15,069 | INFO  | SCMAudit | user=jenkins1000 | ip=192.168.5.168 | op=SEND_HEARTBEAT {datanodeUUID=63dfccd5-620f-4a1c-a6a8-6a76abae9bd9, command=[]} | ret=SUCCESS |  
2019-08-20 17:52:15,216 [grpc-default-executor-0] INFO  client.GrpcClientProtocolClient (GrpcClientProtocolClient.java:onNext(255)) - client-6DB83EE41F68->f422ac7f-f504-4d88-a1fc-e574686b78e5: receive RaftClientReply:client-6DB83EE41F68->f422ac7f-f504-4d88-a1fc-e574686b78e5@group-1ABFA3334028, cid=8, FAILED org.apache.ratis.protocol.NotLeaderException: Server f422ac7f-f504-4d88-a1fc-e574686b78e5 is not the leader (null). Request must be sent to leader., logIndex=0, commits[f422ac7f-f504-4d88-a1fc-e574686b78e5:c-1]
2019-08-20 17:52:15,236 | INFO  | SCMAudit | user=jenkins1000 | ip=192.168.5.168 | op=SEND_HEARTBEAT {datanodeUUID=942f3ca5-282c-4b18-a6c9-ab3dcdde7736, command=[]} | ret=SUCCESS |  
2019-08-20 17:52:15,347 | INFO  | SCMAudit | user=jenkins1000 | ip=192.168.5.168 | op=SEND_HEARTBEAT {datanodeUUID=ebb8eb41-481f-41e2-a579-fb9b26854023, command=[]} | ret=SUCCESS |  
2019-08-20 17:52:15,449 | INFO  | SCMAudit | user=jenkins1000 | ip=192.168.5.168 | op=SEND_HEARTBEAT {datanodeUUID=f422ac7f-f504-4d88-a1fc-e574686b78e5, command=[]} | ret=SUCCESS |  
2019-08-20 17:52:15,547 | INFO  | SCMAudit | user=jenkins1000 | ip=192.168.5.168 | op=SEND_HEARTBEAT {datanodeUUID=a1b3d015-5065-43e2-8905-257de401eec3, command=[]} | ret=SUCCESS |  
2019-08-20 17:52:15,657 | INFO  | SCMAudit | user=jenkins1000 | ip=192.168.5.168 | op=SEND_HEARTBEAT {datanodeUUID=a642d756-f146-4629-9c5c-4191dd6901d7, command=[]} | ret=SUCCESS |  
2019-08-20 17:52:16,033 | INFO  | SCMAudit | user=jenkins1000 | ip=192.168.5.168 | op=SEND_HEARTBEAT {datanodeUUID=270cb713-a903-4d91-8c81-55946df33bef, command=[]} | ret=SUCCESS |  
2019-08-20 17:52:16,069 | INFO  | SCMAudit | user=jenkins1000 | ip=192.168.5.168 | op=SEND_HEARTBEAT {datanodeUUID=63dfccd5-620f-4a1c-a6a8-6a76abae9bd9, command=[]} | ret=SUCCESS |  
2019-08-20 17:52:16,238 | INFO  | SCMAudit | user=jenkins1000 | ip=192.168.5.168 | op=SEND_HEARTBEAT {datanodeUUID=942f3ca5-282c-4b18-a6c9-ab3dcdde7736, command=[]} | ret=SUCCESS |  
2019-08-20 17:52:16,247 [grpc-default-executor-2] INFO  client.GrpcClientProtocolClient (GrpcClientProtocolClient.java:onNext(255)) - client-6DB83EE41F68->942f3ca5-282c-4b18-a6c9-ab3dcdde7736: receive RaftClientReply:client-6DB83EE41F68->942f3ca5-282c-4b18-a6c9-ab3dcdde7736@group-1ABFA3334028, cid=8, FAILED org.apache.ratis.protocol.NotLeaderException: Server 942f3ca5-282c-4b18-a6c9-ab3dcdde7736 is not the leader (null). Request must be sent to leader., logIndex=0, commits[942f3ca5-282c-4b18-a6c9-ab3dcdde7736:c-1]
2019-08-20 17:52:16,347 | INFO  | SCMAudit | user=jenkins1000 | ip=192.168.5.168 | op=SEND_HEARTBEAT {datanodeUUID=ebb8eb41-481f-41e2-a579-fb9b26854023, command=[]} | ret=SUCCESS |  
2019-08-20 17:52:16,449 | INFO  | SCMAudit | user=jenkins1000 | ip=192.168.5.168 | op=SEND_HEARTBEAT {datanodeUUID=f422ac7f-f504-4d88-a1fc-e574686b78e5, command=[]} | ret=SUCCESS |  
2019-08-20 17:52:16,548 | INFO  | SCMAudit | user=jenkins1000 | ip=192.168.5.168 | op=SEND_HEARTBEAT {datanodeUUID=a1b3d015-5065-43e2-8905-257de401eec3, command=[]} | ret=SUCCESS |  
2019-08-20 17:52:16,656 | INFO  | SCMAudit | user=jenkins1000 | ip=192.168.5.168 | op=SEND_HEARTBEAT {datanodeUUID=a642d756-f146-4629-9c5c-4191dd6901d7, command=[]} | ret=SUCCESS |  
2019-08-20 17:52:17,034 | INFO  | SCMAudit | user=jenkins1000 | ip=192.168.5.168 | op=SEND_HEARTBEAT {datanodeUUID=270cb713-a903-4d91-8c81-55946df33bef, command=[]} | ret=SUCCESS |  
2019-08-20 17:52:17,069 | INFO  | SCMAudit | user=jenkins1000 | ip=192.168.5.168 | op=SEND_HEARTBEAT {datanodeUUID=63dfccd5-620f-4a1c-a6a8-6a76abae9bd9, command=[]} | ret=SUCCESS |  
2019-08-20 17:52:17,236 | INFO  | SCMAudit | user=jenkins1000 | ip=192.168.5.168 | op=SEND_HEARTBEAT {datanodeUUID=942f3ca5-282c-4b18-a6c9-ab3dcdde7736, command=[]} | ret=SUCCESS |  
2019-08-20 17:52:17,272 [grpc-default-executor-0] INFO  client.GrpcClientProtocolClient (GrpcClientProtocolClient.java:onNext(255)) - client-6DB83EE41F68->f422ac7f-f504-4d88-a1fc-e574686b78e5: receive RaftClientReply:client-6DB83EE41F68->f422ac7f-f504-4d88-a1fc-e574686b78e5@group-1ABFA3334028, cid=8, FAILED org.apache.ratis.protocol.NotLeaderException: Server f422ac7f-f504-4d88-a1fc-e574686b78e5 is not the leader (null). Request must be sent to leader., logIndex=0, commits[f422ac7f-f504-4d88-a1fc-e574686b78e5:c-1]
2019-08-20 17:52:17,347 | INFO  | SCMAudit | user=jenkins1000 | ip=192.168.5.168 | op=SEND_HEARTBEAT {datanodeUUID=ebb8eb41-481f-41e2-a579-fb9b26854023, command=[]} | ret=SUCCESS |  
2019-08-20 17:52:17,449 | INFO  | SCMAudit | user=jenkins1000 | ip=192.168.5.168 | op=SEND_HEARTBEAT {datanodeUUID=f422ac7f-f504-4d88-a1fc-e574686b78e5, command=[]} | ret=SUCCESS |  
2019-08-20 17:52:17,450 [Thread-242] INFO  impl.FollowerState (FollowerState.java:run(106)) - ebb8eb41-481f-41e2-a579-fb9b26854023:group-1ABFA3334028 changes to CANDIDATE, lastRpcTime:5072, electionTimeout:5069ms
2019-08-20 17:52:17,452 [Thread-242] INFO  impl.RoleInfo (RoleInfo.java:shutdownFollowerState(121)) - ebb8eb41-481f-41e2-a579-fb9b26854023: shutdown FollowerState
2019-08-20 17:52:17,452 [Thread-242] INFO  impl.RaftServerImpl (RaftServerImpl.java:setRole(171)) - ebb8eb41-481f-41e2-a579-fb9b26854023:group-1ABFA3334028 changes role from FOLLOWER to CANDIDATE at term 0 for changeToCandidate
2019-08-20 17:52:17,454 [Thread-242] INFO  impl.RoleInfo (RoleInfo.java:updateAndGet(143)) - ebb8eb41-481f-41e2-a579-fb9b26854023: start LeaderElection
2019-08-20 17:52:17,547 | INFO  | SCMAudit | user=jenkins1000 | ip=192.168.5.168 | op=SEND_HEARTBEAT {datanodeUUID=a1b3d015-5065-43e2-8905-257de401eec3, command=[]} | ret=SUCCESS |  
2019-08-20 17:52:17,568 [ebb8eb41-481f-41e2-a579-fb9b26854023:group-1ABFA3334028:LeaderElection1] INFO  impl.LeaderElection (LeaderElection.java:askForVotes(181)) - ebb8eb41-481f-41e2-a579-fb9b26854023:group-1ABFA3334028:LeaderElection1: begin an election at term 1 for -1: [942f3ca5-282c-4b18-a6c9-ab3dcdde7736:192.168.5.168:40228, ebb8eb41-481f-41e2-a579-fb9b26854023:192.168.5.168:38491, f422ac7f-f504-4d88-a1fc-e574686b78e5:192.168.5.168:38734], old=null
2019-08-20 17:52:17,573 [Thread-243] INFO  impl.FollowerState (FollowerState.java:run(106)) - f422ac7f-f504-4d88-a1fc-e574686b78e5:group-1ABFA3334028 changes to CANDIDATE, lastRpcTime:5195, electionTimeout:5192ms
2019-08-20 17:52:17,576 [Thread-243] INFO  impl.RoleInfo (RoleInfo.java:shutdownFollowerState(121)) - f422ac7f-f504-4d88-a1fc-e574686b78e5: shutdown FollowerState
2019-08-20 17:52:17,576 [Thread-243] INFO  impl.RaftServerImpl (RaftServerImpl.java:setRole(171)) - f422ac7f-f504-4d88-a1fc-e574686b78e5:group-1ABFA3334028 changes role from FOLLOWER to CANDIDATE at term 0 for changeToCandidate
2019-08-20 17:52:17,576 [Thread-243] INFO  impl.RoleInfo (RoleInfo.java:updateAndGet(143)) - f422ac7f-f504-4d88-a1fc-e574686b78e5: start LeaderElection
2019-08-20 17:52:17,607 [f422ac7f-f504-4d88-a1fc-e574686b78e5:group-1ABFA3334028:LeaderElection2] INFO  impl.LeaderElection (LeaderElection.java:askForVotes(181)) - f422ac7f-f504-4d88-a1fc-e574686b78e5:group-1ABFA3334028:LeaderElection2: begin an election at term 1 for -1: [942f3ca5-282c-4b18-a6c9-ab3dcdde7736:192.168.5.168:40228, ebb8eb41-481f-41e2-a579-fb9b26854023:192.168.5.168:38491, f422ac7f-f504-4d88-a1fc-e574686b78e5:192.168.5.168:38734], old=null
2019-08-20 17:52:17,620 [Thread-250] INFO  impl.FollowerState (FollowerState.java:run(106)) - 942f3ca5-282c-4b18-a6c9-ab3dcdde7736:group-B4FB45DD5E91 changes to CANDIDATE, lastRpcTime:5040, electionTimeout:5040ms
2019-08-20 17:52:17,621 [Thread-250] INFO  impl.RoleInfo (RoleInfo.java:shutdownFollowerState(121)) - 942f3ca5-282c-4b18-a6c9-ab3dcdde7736: shutdown FollowerState
2019-08-20 17:52:17,621 [Thread-250] INFO  impl.RaftServerImpl (RaftServerImpl.java:setRole(171)) - 942f3ca5-282c-4b18-a6c9-ab3dcdde7736:group-B4FB45DD5E91 changes role from FOLLOWER to CANDIDATE at term 0 for changeToCandidate
2019-08-20 17:52:17,621 [Thread-250] INFO  impl.RoleInfo (RoleInfo.java:updateAndGet(143)) - 942f3ca5-282c-4b18-a6c9-ab3dcdde7736: start LeaderElection
2019-08-20 17:52:17,632 [grpc-default-executor-0] INFO  impl.RaftServerImpl (RaftServerImpl.java:setRole(171)) - 942f3ca5-282c-4b18-a6c9-ab3dcdde7736:group-1ABFA3334028 changes role from FOLLOWER to FOLLOWER at term 1 for recognizeCandidate:ebb8eb41-481f-41e2-a579-fb9b26854023
2019-08-20 17:52:17,632 [grpc-default-executor-0] INFO  impl.RoleInfo (RoleInfo.java:shutdownFollowerState(121)) - 942f3ca5-282c-4b18-a6c9-ab3dcdde7736: shutdown FollowerState
2019-08-20 17:52:17,634 [Thread-248] INFO  impl.FollowerState (FollowerState.java:run(106)) - 942f3ca5-282c-4b18-a6c9-ab3dcdde7736:group-B5B8AE18BEFB changes to CANDIDATE, lastRpcTime:5056, electionTimeout:5054ms
2019-08-20 17:52:17,634 [grpc-default-executor-0] INFO  impl.RoleInfo (RoleInfo.java:updateAndGet(143)) - 942f3ca5-282c-4b18-a6c9-ab3dcdde7736: start FollowerState
2019-08-20 17:52:17,634 [Thread-248] INFO  impl.RoleInfo (RoleInfo.java:shutdownFollowerState(121)) - 942f3ca5-282c-4b18-a6c9-ab3dcdde7736: shutdown FollowerState
2019-08-20 17:52:17,634 [Thread-252] INFO  impl.FollowerState (FollowerState.java:run(114)) - 942f3ca5-282c-4b18-a6c9-ab3dcdde7736: FollowerState was interrupted: java.lang.InterruptedException: sleep interrupted
2019-08-20 17:52:17,635 [Thread-248] INFO  impl.RaftServerImpl (RaftServerImpl.java:setRole(171)) - 942f3ca5-282c-4b18-a6c9-ab3dcdde7736:group-B5B8AE18BEFB changes role from FOLLOWER to CANDIDATE at term 0 for changeToCandidate
2019-08-20 17:52:17,637 [Thread-248] INFO  impl.RoleInfo (RoleInfo.java:updateAndGet(143)) - 942f3ca5-282c-4b18-a6c9-ab3dcdde7736: start LeaderElection
2019-08-20 17:52:17,645 [942f3ca5-282c-4b18-a6c9-ab3dcdde7736:group-B4FB45DD5E91:LeaderElection3] INFO  impl.LeaderElection (LeaderElection.java:askForVotes(181)) - 942f3ca5-282c-4b18-a6c9-ab3dcdde7736:group-B4FB45DD5E91:LeaderElection3: begin an election at term 1 for -1: [942f3ca5-282c-4b18-a6c9-ab3dcdde7736:192.168.5.168:40228], old=null
2019-08-20 17:52:17,655 [942f3ca5-282c-4b18-a6c9-ab3dcdde7736:group-B4FB45DD5E91:LeaderElection3] INFO  impl.RoleInfo (RoleInfo.java:shutdownLeaderElection(134)) - 942f3ca5-282c-4b18-a6c9-ab3dcdde7736: shutdown LeaderElection
2019-08-20 17:52:17,655 [942f3ca5-282c-4b18-a6c9-ab3dcdde7736:group-B4FB45DD5E91:LeaderElection3] INFO  impl.RaftServerImpl (RaftServerImpl.java:setRole(171)) - 942f3ca5-282c-4b18-a6c9-ab3dcdde7736:group-B4FB45DD5E91 changes role from CANDIDATE to LEADER at term 1 for changeToLeader
2019-08-20 17:52:17,656 [942f3ca5-282c-4b18-a6c9-ab3dcdde7736:group-B4FB45DD5E91:LeaderElection3] INFO  impl.RaftServerImpl (ServerState.java:setLeader(263)) - 942f3ca5-282c-4b18-a6c9-ab3dcdde7736:group-B4FB45DD5E91 change Leader from null to 942f3ca5-282c-4b18-a6c9-ab3dcdde7736 at term 1 for becomeLeader, leader elected after 5175ms
2019-08-20 17:52:17,656 | INFO  | SCMAudit | user=jenkins1000 | ip=192.168.5.168 | op=SEND_HEARTBEAT {datanodeUUID=a642d756-f146-4629-9c5c-4191dd6901d7, command=[]} | ret=SUCCESS |  
2019-08-20 17:52:17,662 [942f3ca5-282c-4b18-a6c9-ab3dcdde7736:group-B5B8AE18BEFB:LeaderElection4] INFO  impl.LeaderElection (LeaderElection.java:askForVotes(181)) - 942f3ca5-282c-4b18-a6c9-ab3dcdde7736:group-B5B8AE18BEFB:LeaderElection4: begin an election at term 1 for -1: [942f3ca5-282c-4b18-a6c9-ab3dcdde7736:192.168.5.168:40228], old=null
2019-08-20 17:52:17,662 [942f3ca5-282c-4b18-a6c9-ab3dcdde7736:group-B5B8AE18BEFB:LeaderElection4] INFO  impl.RoleInfo (RoleInfo.java:shutdownLeaderElection(134)) - 942f3ca5-282c-4b18-a6c9-ab3dcdde7736: shutdown LeaderElection
2019-08-20 17:52:17,662 [942f3ca5-282c-4b18-a6c9-ab3dcdde7736:group-B5B8AE18BEFB:LeaderElection4] INFO  impl.RaftServerImpl (RaftServerImpl.java:setRole(171)) - 942f3ca5-282c-4b18-a6c9-ab3dcdde7736:group-B5B8AE18BEFB changes role from CANDIDATE to LEADER at term 1 for changeToLeader
2019-08-20 17:52:17,662 [942f3ca5-282c-4b18-a6c9-ab3dcdde7736:group-B5B8AE18BEFB:LeaderElection4] INFO  impl.RaftServerImpl (ServerState.java:setLeader(263)) - 942f3ca5-282c-4b18-a6c9-ab3dcdde7736:group-B5B8AE18BEFB change Leader from null to 942f3ca5-282c-4b18-a6c9-ab3dcdde7736 at term 1 for becomeLeader, leader elected after 5407ms
2019-08-20 17:52:17,669 [942f3ca5-282c-4b18-a6c9-ab3dcdde7736:group-B5B8AE18BEFB:LeaderElection4] INFO  server.RaftServerConfigKeys (ConfUtils.java:logGet(43)) - raft.server.staging.catchup.gap = 1000 (default)
2019-08-20 17:52:17,669 [942f3ca5-282c-4b18-a6c9-ab3dcdde7736:group-B5B8AE18BEFB:LeaderElection4] INFO  server.RaftServerConfigKeys (ConfUtils.java:logGet(43)) - raft.server.rpc.sleep.time = 25ms (default)
2019-08-20 17:52:17,669 [942f3ca5-282c-4b18-a6c9-ab3dcdde7736:group-B4FB45DD5E91:LeaderElection3] INFO  server.RaftServerConfigKeys (ConfUtils.java:logGet(43)) - raft.server.staging.catchup.gap = 1000 (default)
2019-08-20 17:52:17,671 [942f3ca5-282c-4b18-a6c9-ab3dcdde7736:group-B4FB45DD5E91:LeaderElection3] INFO  server.RaftServerConfigKeys (ConfUtils.java:logGet(43)) - raft.server.rpc.sleep.time = 25ms (default)
2019-08-20 17:52:17,675 [ebb8eb41-481f-41e2-a579-fb9b26854023:group-1ABFA3334028:LeaderElection1] INFO  impl.LeaderElection (LeaderElection.java:logAndReturn(56)) - ebb8eb41-481f-41e2-a579-fb9b26854023:group-1ABFA3334028:LeaderElection1: Election PASSED; received 2 response(s) [ebb8eb41-481f-41e2-a579-fb9b26854023<-942f3ca5-282c-4b18-a6c9-ab3dcdde7736#0:OK-t1, ebb8eb41-481f-41e2-a579-fb9b26854023<-f422ac7f-f504-4d88-a1fc-e574686b78e5#0:FAIL-t1] and 0 exception(s); ebb8eb41-481f-41e2-a579-fb9b26854023:t1, leader=null, voted=ebb8eb41-481f-41e2-a579-fb9b26854023, raftlog=ebb8eb41-481f-41e2-a579-fb9b26854023-SegmentedRaftLog:OPENED:c-1,f-1,i0, conf=-1: [942f3ca5-282c-4b18-a6c9-ab3dcdde7736:192.168.5.168:40228, ebb8eb41-481f-41e2-a579-fb9b26854023:192.168.5.168:38491, f422ac7f-f504-4d88-a1fc-e574686b78e5:192.168.5.168:38734], old=null
2019-08-20 17:52:17,675 [f422ac7f-f504-4d88-a1fc-e574686b78e5:group-1ABFA3334028:LeaderElection2] INFO  impl.LeaderElection (LeaderElection.java:logAndReturn(56)) - f422ac7f-f504-4d88-a1fc-e574686b78e5:group-1ABFA3334028:LeaderElection2: Election REJECTED; received 2 response(s) [f422ac7f-f504-4d88-a1fc-e574686b78e5<-942f3ca5-282c-4b18-a6c9-ab3dcdde7736#0:FAIL-t1, f422ac7f-f504-4d88-a1fc-e574686b78e5<-ebb8eb41-481f-41e2-a579-fb9b26854023#0:FAIL-t1] and 0 exception(s); f422ac7f-f504-4d88-a1fc-e574686b78e5:t1, leader=null, voted=f422ac7f-f504-4d88-a1fc-e574686b78e5, raftlog=f422ac7f-f504-4d88-a1fc-e574686b78e5-SegmentedRaftLog:OPENED:c-1,f-1,i0, conf=-1: [942f3ca5-282c-4b18-a6c9-ab3dcdde7736:192.168.5.168:40228, ebb8eb41-481f-41e2-a579-fb9b26854023:192.168.5.168:38491, f422ac7f-f504-4d88-a1fc-e574686b78e5:192.168.5.168:38734], old=null
2019-08-20 17:52:17,675 [ebb8eb41-481f-41e2-a579-fb9b26854023:group-1ABFA3334028:LeaderElection1] INFO  impl.RoleInfo (RoleInfo.java:shutdownLeaderElection(134)) - ebb8eb41-481f-41e2-a579-fb9b26854023: shutdown LeaderElection
2019-08-20 17:52:17,676 [ebb8eb41-481f-41e2-a579-fb9b26854023:group-1ABFA3334028:LeaderElection1] INFO  impl.RaftServerImpl (RaftServerImpl.java:setRole(171)) - ebb8eb41-481f-41e2-a579-fb9b26854023:group-1ABFA3334028 changes role from CANDIDATE to LEADER at term 1 for changeToLeader
2019-08-20 17:52:17,676 [ebb8eb41-481f-41e2-a579-fb9b26854023:group-1ABFA3334028:LeaderElection1] INFO  impl.RaftServerImpl (ServerState.java:setLeader(263)) - ebb8eb41-481f-41e2-a579-fb9b26854023:group-1ABFA3334028 change Leader from null to ebb8eb41-481f-41e2-a579-fb9b26854023 at term 1 for becomeLeader, leader elected after 5422ms
2019-08-20 17:52:17,678 [ebb8eb41-481f-41e2-a579-fb9b26854023:group-1ABFA3334028:LeaderElection1] INFO  server.RaftServerConfigKeys (ConfUtils.java:logGet(43)) - raft.server.staging.catchup.gap = 1000 (default)
2019-08-20 17:52:17,679 [f422ac7f-f504-4d88-a1fc-e574686b78e5:group-1ABFA3334028:LeaderElection2] INFO  impl.RaftServerImpl (RaftServerImpl.java:setRole(171)) - f422ac7f-f504-4d88-a1fc-e574686b78e5:group-1ABFA3334028 changes role from CANDIDATE to FOLLOWER at term 1 for DISCOVERED_A_NEW_TERM
2019-08-20 17:52:17,681 [f422ac7f-f504-4d88-a1fc-e574686b78e5:group-1ABFA3334028:LeaderElection2] INFO  impl.RoleInfo (RoleInfo.java:shutdownLeaderElection(134)) - f422ac7f-f504-4d88-a1fc-e574686b78e5: shutdown LeaderElection
2019-08-20 17:52:17,681 [ebb8eb41-481f-41e2-a579-fb9b26854023:group-1ABFA3334028:LeaderElection1] INFO  server.RaftServerConfigKeys (ConfUtils.java:logGet(43)) - raft.server.rpc.sleep.time = 25ms (default)
2019-08-20 17:52:17,684 [f422ac7f-f504-4d88-a1fc-e574686b78e5:group-1ABFA3334028:LeaderElection2] INFO  impl.RoleInfo (RoleInfo.java:updateAndGet(143)) - f422ac7f-f504-4d88-a1fc-e574686b78e5: start FollowerState
2019-08-20 17:52:17,687 [ebb8eb41-481f-41e2-a579-fb9b26854023:group-1ABFA3334028:LeaderElection1] INFO  server.RaftServerConfigKeys (ConfUtils.java:logGet(43)) - raft.server.write.element-limit = 4096 (default)
2019-08-20 17:52:17,687 [942f3ca5-282c-4b18-a6c9-ab3dcdde7736:group-B5B8AE18BEFB:LeaderElection4] INFO  server.RaftServerConfigKeys (ConfUtils.java:logGet(43)) - raft.server.write.element-limit = 4096 (default)
2019-08-20 17:52:17,687 [942f3ca5-282c-4b18-a6c9-ab3dcdde7736:group-B4FB45DD5E91:LeaderElection3] INFO  server.RaftServerConfigKeys (ConfUtils.java:logGet(43)) - raft.server.write.element-limit = 4096 (default)
2019-08-20 17:52:17,689 [ebb8eb41-481f-41e2-a579-fb9b26854023:group-1ABFA3334028:LeaderElection1] INFO  server.RaftServerConfigKeys (ConfUtils.java:logGet(43)) - raft.server.watch.timeout = 10s (default)
2019-08-20 17:52:17,689 [942f3ca5-282c-4b18-a6c9-ab3dcdde7736:group-B5B8AE18BEFB:LeaderElection4] INFO  server.RaftServerConfigKeys (ConfUtils.java:logGet(43)) - raft.server.watch.timeout = 10s (default)
2019-08-20 17:52:17,689 [ebb8eb41-481f-41e2-a579-fb9b26854023:group-1ABFA3334028:LeaderElection1] INFO  server.RaftServerConfigKeys (ConfUtils.java:logGet(43)) - raft.server.watch.timeout.denomination = 1s (default)
2019-08-20 17:52:17,689 [942f3ca5-282c-4b18-a6c9-ab3dcdde7736:group-B5B8AE18BEFB:LeaderElection4] INFO  server.RaftServerConfigKeys (ConfUtils.java:logGet(43)) - raft.server.watch.timeout.denomination = 1s (default)
2019-08-20 17:52:17,689 [942f3ca5-282c-4b18-a6c9-ab3dcdde7736:group-B4FB45DD5E91:LeaderElection3] INFO  server.RaftServerConfigKeys (ConfUtils.java:logGet(43)) - raft.server.watch.timeout = 10s (default)
2019-08-20 17:52:17,690 [942f3ca5-282c-4b18-a6c9-ab3dcdde7736:group-B4FB45DD5E91:LeaderElection3] INFO  server.RaftServerConfigKeys (ConfUtils.java:logGet(43)) - raft.server.watch.timeout.denomination = 1s (default)
2019-08-20 17:52:17,690 [ebb8eb41-481f-41e2-a579-fb9b26854023:group-1ABFA3334028:LeaderElection1] INFO  server.RaftServerConfigKeys (ConfUtils.java:logGet(43)) - raft.server.watch.element-limit = 65536 (default)
2019-08-20 17:52:17,690 [942f3ca5-282c-4b18-a6c9-ab3dcdde7736:group-B5B8AE18BEFB:LeaderElection4] INFO  server.RaftServerConfigKeys (ConfUtils.java:logGet(43)) - raft.server.watch.element-limit = 65536 (default)
2019-08-20 17:52:17,690 [942f3ca5-282c-4b18-a6c9-ab3dcdde7736:group-B4FB45DD5E91:LeaderElection3] INFO  server.RaftServerConfigKeys (ConfUtils.java:logGet(43)) - raft.server.watch.element-limit = 65536 (default)
2019-08-20 17:52:17,704 [942f3ca5-282c-4b18-a6c9-ab3dcdde7736:group-B5B8AE18BEFB:LeaderElection4] INFO  impl.RoleInfo (RoleInfo.java:updateAndGet(143)) - 942f3ca5-282c-4b18-a6c9-ab3dcdde7736: start LeaderState
2019-08-20 17:52:17,704 [942f3ca5-282c-4b18-a6c9-ab3dcdde7736:group-B4FB45DD5E91:LeaderElection3] INFO  impl.RoleInfo (RoleInfo.java:updateAndGet(143)) - 942f3ca5-282c-4b18-a6c9-ab3dcdde7736: start LeaderState
2019-08-20 17:52:17,704 [ebb8eb41-481f-41e2-a579-fb9b26854023:group-1ABFA3334028:LeaderElection1] INFO  server.RaftServerConfigKeys (ConfUtils.java:logGet(43)) - raft.server.log.appender.snapshot.chunk.size.max = 16MB (=16777216) (default)
2019-08-20 17:52:17,705 [ebb8eb41-481f-41e2-a579-fb9b26854023:group-1ABFA3334028:LeaderElection1] INFO  server.RaftServerConfigKeys (ConfUtils.java:logGet(43)) - raft.server.log.appender.buffer.byte-limit = 33554432 (custom)
2019-08-20 17:52:17,705 [ebb8eb41-481f-41e2-a579-fb9b26854023:group-1ABFA3334028:LeaderElection1] INFO  server.RaftServerConfigKeys (ConfUtils.java:logGet(43)) - raft.server.log.appender.buffer.element-limit = 1 (custom)
2019-08-20 17:52:17,707 [ebb8eb41-481f-41e2-a579-fb9b26854023:group-1ABFA3334028:LeaderElection1] INFO  grpc.GrpcConfigKeys$Server (ConfUtils.java:logGet(43)) - raft.grpc.server.leader.outstanding.appends.max = 128 (default)
2019-08-20 17:52:17,707 [ebb8eb41-481f-41e2-a579-fb9b26854023:group-1ABFA3334028:LeaderElection1] INFO  server.RaftServerConfigKeys (ConfUtils.java:logGet(43)) - raft.server.rpc.request.timeout = 3000ms (default)
2019-08-20 17:52:17,707 [ebb8eb41-481f-41e2-a579-fb9b26854023:group-1ABFA3334028:LeaderElection1] INFO  server.RaftServerConfigKeys (ConfUtils.java:logGet(43)) - raft.server.log.appender.install.snapshot.enabled = false (custom)
2019-08-20 17:52:17,707 [ebb8eb41-481f-41e2-a579-fb9b26854023:group-1ABFA3334028:LeaderElection1] INFO  server.RaftServerConfigKeys (ConfUtils.java:logGet(43)) - raft.server.log.appender.snapshot.chunk.size.max = 16MB (=16777216) (default)
2019-08-20 17:52:17,708 [ebb8eb41-481f-41e2-a579-fb9b26854023:group-1ABFA3334028:LeaderElection1] INFO  server.RaftServerConfigKeys (ConfUtils.java:logGet(43)) - raft.server.log.appender.buffer.byte-limit = 33554432 (custom)
2019-08-20 17:52:17,708 [ebb8eb41-481f-41e2-a579-fb9b26854023:group-1ABFA3334028:LeaderElection1] INFO  server.RaftServerConfigKeys (ConfUtils.java:logGet(43)) - raft.server.log.appender.buffer.element-limit = 1 (custom)
2019-08-20 17:52:17,708 [ebb8eb41-481f-41e2-a579-fb9b26854023:group-1ABFA3334028:LeaderElection1] INFO  grpc.GrpcConfigKeys$Server (ConfUtils.java:logGet(43)) - raft.grpc.server.leader.outstanding.appends.max = 128 (default)
2019-08-20 17:52:17,708 [ebb8eb41-481f-41e2-a579-fb9b26854023:group-1ABFA3334028:LeaderElection1] INFO  server.RaftServerConfigKeys (ConfUtils.java:logGet(43)) - raft.server.rpc.request.timeout = 3000ms (default)
2019-08-20 17:52:17,708 [ebb8eb41-481f-41e2-a579-fb9b26854023:group-1ABFA3334028:LeaderElection1] INFO  server.RaftServerConfigKeys (ConfUtils.java:logGet(43)) - raft.server.log.appender.install.snapshot.enabled = false (custom)
2019-08-20 17:52:17,709 [ebb8eb41-481f-41e2-a579-fb9b26854023:group-1ABFA3334028:LeaderElection1] INFO  impl.RoleInfo (RoleInfo.java:updateAndGet(143)) - ebb8eb41-481f-41e2-a579-fb9b26854023: start LeaderState
2019-08-20 17:52:17,721 [ebb8eb41-481f-41e2-a579-fb9b26854023:group-1ABFA3334028:LeaderElection1] INFO  segmented.SegmentedRaftLogWorker (SegmentedRaftLogWorker.java:startLogSegment(380)) - ebb8eb41-481f-41e2-a579-fb9b26854023-SegmentedRaftLogWorker:Storage Directory /workdir/hadoop-ozone/integration-test/target/test-dir/MiniOzoneClusterImpl-4c88b794-8eea-4cff-8363-0825384c3826/datanode-5/data/ratis/f97704d6-f55d-487a-b4b2-1abfa3334028: Starting segment from index:0
2019-08-20 17:52:17,721 [942f3ca5-282c-4b18-a6c9-ab3dcdde7736:group-B4FB45DD5E91:LeaderElection3] INFO  segmented.SegmentedRaftLogWorker (SegmentedRaftLogWorker.java:startLogSegment(380)) - 942f3ca5-282c-4b18-a6c9-ab3dcdde7736-SegmentedRaftLogWorker:Storage Directory /workdir/hadoop-ozone/integration-test/target/test-dir/MiniOzoneClusterImpl-4c88b794-8eea-4cff-8363-0825384c3826/datanode-0/data/ratis/662d3fdd-5682-41c5-a76a-b4fb45dd5e91: Starting segment from index:0
2019-08-20 17:52:17,721 [942f3ca5-282c-4b18-a6c9-ab3dcdde7736:group-B5B8AE18BEFB:LeaderElection4] INFO  segmented.SegmentedRaftLogWorker (SegmentedRaftLogWorker.java:startLogSegment(380)) - 942f3ca5-282c-4b18-a6c9-ab3dcdde7736-SegmentedRaftLogWorker:Storage Directory /workdir/hadoop-ozone/integration-test/target/test-dir/MiniOzoneClusterImpl-4c88b794-8eea-4cff-8363-0825384c3826/datanode-0/data/ratis/e198b899-483c-45d3-9650-b5b8ae18befb: Starting segment from index:0
2019-08-20 17:52:17,732 [942f3ca5-282c-4b18-a6c9-ab3dcdde7736:group-B5B8AE18BEFB:LeaderElection4] INFO  impl.RaftServerImpl (ServerState.java:setRaftConf(361)) - 942f3ca5-282c-4b18-a6c9-ab3dcdde7736:group-B5B8AE18BEFB set configuration 0: [942f3ca5-282c-4b18-a6c9-ab3dcdde7736:192.168.5.168:40228], old=null at 0
2019-08-20 17:52:17,732 [ebb8eb41-481f-41e2-a579-fb9b26854023:group-1ABFA3334028:LeaderElection1] INFO  impl.RaftServerImpl (ServerState.java:setRaftConf(361)) - ebb8eb41-481f-41e2-a579-fb9b26854023:group-1ABFA3334028 set configuration 0: [942f3ca5-282c-4b18-a6c9-ab3dcdde7736:192.168.5.168:40228, ebb8eb41-481f-41e2-a579-fb9b26854023:192.168.5.168:38491, f422ac7f-f504-4d88-a1fc-e574686b78e5:192.168.5.168:38734], old=null at 0
2019-08-20 17:52:17,732 [942f3ca5-282c-4b18-a6c9-ab3dcdde7736:group-B4FB45DD5E91:LeaderElection3] INFO  impl.RaftServerImpl (ServerState.java:setRaftConf(361)) - 942f3ca5-282c-4b18-a6c9-ab3dcdde7736:group-B4FB45DD5E91 set configuration 0: [942f3ca5-282c-4b18-a6c9-ab3dcdde7736:192.168.5.168:40228], old=null at 0
2019-08-20 17:52:17,752 [grpc-default-executor-0] INFO  impl.RaftServerImpl (ServerState.java:setLeader(263)) - f422ac7f-f504-4d88-a1fc-e574686b78e5:group-1ABFA3334028 change Leader from null to ebb8eb41-481f-41e2-a579-fb9b26854023 at term 1 for appendEntries, leader elected after 5497ms
2019-08-20 17:52:17,752 [grpc-default-executor-3] INFO  impl.RaftServerImpl (ServerState.java:setLeader(263)) - 942f3ca5-282c-4b18-a6c9-ab3dcdde7736:group-1ABFA3334028 change Leader from null to ebb8eb41-481f-41e2-a579-fb9b26854023 at term 1 for appendEntries, leader elected after 5181ms
2019-08-20 17:52:17,787 [grpc-default-executor-0] INFO  impl.RaftServerImpl (ServerState.java:setRaftConf(361)) - 942f3ca5-282c-4b18-a6c9-ab3dcdde7736:group-1ABFA3334028 set configuration 0: [942f3ca5-282c-4b18-a6c9-ab3dcdde7736:192.168.5.168:40228, ebb8eb41-481f-41e2-a579-fb9b26854023:192.168.5.168:38491, f422ac7f-f504-4d88-a1fc-e574686b78e5:192.168.5.168:38734], old=null at 0
2019-08-20 17:52:17,787 [grpc-default-executor-3] INFO  impl.RaftServerImpl (ServerState.java:setRaftConf(361)) - f422ac7f-f504-4d88-a1fc-e574686b78e5:group-1ABFA3334028 set configuration 0: [942f3ca5-282c-4b18-a6c9-ab3dcdde7736:192.168.5.168:40228, ebb8eb41-481f-41e2-a579-fb9b26854023:192.168.5.168:38491, f422ac7f-f504-4d88-a1fc-e574686b78e5:192.168.5.168:38734], old=null at 0
2019-08-20 17:52:17,788 [grpc-default-executor-0] INFO  segmented.SegmentedRaftLogWorker (SegmentedRaftLogWorker.java:startLogSegment(380)) - 942f3ca5-282c-4b18-a6c9-ab3dcdde7736-SegmentedRaftLogWorker:Storage Directory /workdir/hadoop-ozone/integration-test/target/test-dir/MiniOzoneClusterImpl-4c88b794-8eea-4cff-8363-0825384c3826/datanode-0/data/ratis/f97704d6-f55d-487a-b4b2-1abfa3334028: Starting segment from index:0
2019-08-20 17:52:17,788 [grpc-default-executor-3] INFO  segmented.SegmentedRaftLogWorker (SegmentedRaftLogWorker.java:startLogSegment(380)) - f422ac7f-f504-4d88-a1fc-e574686b78e5-SegmentedRaftLogWorker:Storage Directory /workdir/hadoop-ozone/integration-test/target/test-dir/MiniOzoneClusterImpl-4c88b794-8eea-4cff-8363-0825384c3826/datanode-1/data/ratis/f97704d6-f55d-487a-b4b2-1abfa3334028: Starting segment from index:0
2019-08-20 17:52:17,847 [Thread-260] INFO  impl.FollowerState (FollowerState.java:run(106)) - 270cb713-a903-4d91-8c81-55946df33bef:group-B9CA1D381DE2 changes to CANDIDATE, lastRpcTime:5094, electionTimeout:5094ms
2019-08-20 17:52:17,847 [Thread-260] INFO  impl.RoleInfo (RoleInfo.java:shutdownFollowerState(121)) - 270cb713-a903-4d91-8c81-55946df33bef: shutdown FollowerState
2019-08-20 17:52:17,848 [Thread-260] INFO  impl.RaftServerImpl (RaftServerImpl.java:setRole(171)) - 270cb713-a903-4d91-8c81-55946df33bef:group-B9CA1D381DE2 changes role from FOLLOWER to CANDIDATE at term 0 for changeToCandidate
2019-08-20 17:52:17,848 [Thread-260] INFO  impl.RoleInfo (RoleInfo.java:updateAndGet(143)) - 270cb713-a903-4d91-8c81-55946df33bef: start LeaderElection
2019-08-20 17:52:17,871 [270cb713-a903-4d91-8c81-55946df33bef:group-B9CA1D381DE2:LeaderElection5] INFO  impl.LeaderElection (LeaderElection.java:askForVotes(181)) - 270cb713-a903-4d91-8c81-55946df33bef:group-B9CA1D381DE2:LeaderElection5: begin an election at term 1 for -1: [63dfccd5-620f-4a1c-a6a8-6a76abae9bd9:192.168.5.168:35436, a642d756-f146-4629-9c5c-4191dd6901d7:192.168.5.168:34049, 270cb713-a903-4d91-8c81-55946df33bef:192.168.5.168:33882], old=null
2019-08-20 17:52:17,888 [grpc-default-executor-3] INFO  impl.RaftServerImpl (RaftServerImpl.java:setRole(171)) - a642d756-f146-4629-9c5c-4191dd6901d7:group-B9CA1D381DE2 changes role from FOLLOWER to FOLLOWER at term 1 for recognizeCandidate:270cb713-a903-4d91-8c81-55946df33bef
2019-08-20 17:52:17,890 [grpc-default-executor-0] INFO  impl.RaftServerImpl (RaftServerImpl.java:setRole(171)) - 63dfccd5-620f-4a1c-a6a8-6a76abae9bd9:group-B9CA1D381DE2 changes role from FOLLOWER to FOLLOWER at term 1 for recognizeCandidate:270cb713-a903-4d91-8c81-55946df33bef
2019-08-20 17:52:17,890 [grpc-default-executor-3] INFO  impl.RoleInfo (RoleInfo.java:shutdownFollowerState(121)) - a642d756-f146-4629-9c5c-4191dd6901d7: shutdown FollowerState
2019-08-20 17:52:17,891 [grpc-default-executor-0] INFO  impl.RoleInfo (RoleInfo.java:shutdownFollowerState(121)) - 63dfccd5-620f-4a1c-a6a8-6a76abae9bd9: shutdown FollowerState
2019-08-20 17:52:17,893 [grpc-default-executor-3] INFO  impl.RoleInfo (RoleInfo.java:updateAndGet(143)) - a642d756-f146-4629-9c5c-4191dd6901d7: start FollowerState
2019-08-20 17:52:17,893 [grpc-default-executor-0] INFO  impl.RoleInfo (RoleInfo.java:updateAndGet(143)) - 63dfccd5-620f-4a1c-a6a8-6a76abae9bd9: start FollowerState
2019-08-20 17:52:17,893 [Thread-257] INFO  impl.FollowerState (FollowerState.java:run(114)) - 63dfccd5-620f-4a1c-a6a8-6a76abae9bd9: FollowerState was interrupted: java.lang.InterruptedException: sleep interrupted
2019-08-20 17:52:17,922 [270cb713-a903-4d91-8c81-55946df33bef:group-B9CA1D381DE2:LeaderElection5] INFO  impl.LeaderElection (LeaderElection.java:logAndReturn(56)) - 270cb713-a903-4d91-8c81-55946df33bef:group-B9CA1D381DE2:LeaderElection5: Election PASSED; received 1 response(s) [270cb713-a903-4d91-8c81-55946df33bef<-63dfccd5-620f-4a1c-a6a8-6a76abae9bd9#0:OK-t1] and 0 exception(s); 270cb713-a903-4d91-8c81-55946df33bef:t1, leader=null, voted=270cb713-a903-4d91-8c81-55946df33bef, raftlog=270cb713-a903-4d91-8c81-55946df33bef-SegmentedRaftLog:OPENED:c-1,f-1,i0, conf=-1: [63dfccd5-620f-4a1c-a6a8-6a76abae9bd9:192.168.5.168:35436, a642d756-f146-4629-9c5c-4191dd6901d7:192.168.5.168:34049, 270cb713-a903-4d91-8c81-55946df33bef:192.168.5.168:33882], old=null
2019-08-20 17:52:17,925 [270cb713-a903-4d91-8c81-55946df33bef:group-B9CA1D381DE2:LeaderElection5] INFO  impl.RoleInfo (RoleInfo.java:shutdownLeaderElection(134)) - 270cb713-a903-4d91-8c81-55946df33bef: shutdown LeaderElection
2019-08-20 17:52:17,927 [270cb713-a903-4d91-8c81-55946df33bef:group-B9CA1D381DE2:LeaderElection5] INFO  impl.RaftServerImpl (RaftServerImpl.java:setRole(171)) - 270cb713-a903-4d91-8c81-55946df33bef:group-B9CA1D381DE2 changes role from CANDIDATE to LEADER at term 1 for changeToLeader
2019-08-20 17:52:17,927 [270cb713-a903-4d91-8c81-55946df33bef:group-B9CA1D381DE2:LeaderElection5] INFO  impl.RaftServerImpl (ServerState.java:setLeader(263)) - 270cb713-a903-4d91-8c81-55946df33bef:group-B9CA1D381DE2 change Leader from null to 270cb713-a903-4d91-8c81-55946df33bef at term 1 for becomeLeader, leader elected after 5191ms
2019-08-20 17:52:17,929 [270cb713-a903-4d91-8c81-55946df33bef:group-B9CA1D381DE2:LeaderElection5] INFO  server.RaftServerConfigKeys (ConfUtils.java:logGet(43)) - raft.server.staging.catchup.gap = 1000 (default)
2019-08-20 17:52:17,930 [270cb713-a903-4d91-8c81-55946df33bef:group-B9CA1D381DE2:LeaderElection5] INFO  server.RaftServerConfigKeys (ConfUtils.java:logGet(43)) - raft.server.rpc.sleep.time = 25ms (default)
2019-08-20 17:52:17,930 [270cb713-a903-4d91-8c81-55946df33bef:group-B9CA1D381DE2:LeaderElection5] INFO  server.RaftServerConfigKeys (ConfUtils.java:logGet(43)) - raft.server.write.element-limit = 4096 (default)
2019-08-20 17:52:17,930 [270cb713-a903-4d91-8c81-55946df33bef:group-B9CA1D381DE2:LeaderElection5] INFO  server.RaftServerConfigKeys (ConfUtils.java:logGet(43)) - raft.server.watch.timeout = 10s (default)
2019-08-20 17:52:17,930 [270cb713-a903-4d91-8c81-55946df33bef:group-B9CA1D381DE2:LeaderElection5] INFO  server.RaftServerConfigKeys (ConfUtils.java:logGet(43)) - raft.server.watch.timeout.denomination = 1s (default)
2019-08-20 17:52:17,930 [270cb713-a903-4d91-8c81-55946df33bef:group-B9CA1D381DE2:LeaderElection5] INFO  server.RaftServerConfigKeys (ConfUtils.java:logGet(43)) - raft.server.watch.element-limit = 65536 (default)
2019-08-20 17:52:17,931 [270cb713-a903-4d91-8c81-55946df33bef:group-B9CA1D381DE2:LeaderElection5] INFO  server.RaftServerConfigKeys (ConfUtils.java:logGet(43)) - raft.server.log.appender.snapshot.chunk.size.max = 16MB (=16777216) (default)
2019-08-20 17:52:17,931 [270cb713-a903-4d91-8c81-55946df33bef:group-B9CA1D381DE2:LeaderElection5] INFO  server.RaftServerConfigKeys (ConfUtils.java:logGet(43)) - raft.server.log.appender.buffer.byte-limit = 33554432 (custom)
2019-08-20 17:52:17,931 [270cb713-a903-4d91-8c81-55946df33bef:group-B9CA1D381DE2:LeaderElection5] INFO  server.RaftServerConfigKeys (ConfUtils.java:logGet(43)) - raft.server.log.appender.buffer.element-limit = 1 (custom)
2019-08-20 17:52:17,932 [270cb713-a903-4d91-8c81-55946df33bef:group-B9CA1D381DE2:LeaderElection5] INFO  grpc.GrpcConfigKeys$Server (ConfUtils.java:logGet(43)) - raft.grpc.server.leader.outstanding.appends.max = 128 (default)
2019-08-20 17:52:17,934 [270cb713-a903-4d91-8c81-55946df33bef:group-B9CA1D381DE2:LeaderElection5] INFO  server.RaftServerConfigKeys (ConfUtils.java:logGet(43)) - raft.server.rpc.request.timeout = 3000ms (default)
2019-08-20 17:52:17,934 [270cb713-a903-4d91-8c81-55946df33bef:group-B9CA1D381DE2:LeaderElection5] INFO  server.RaftServerConfigKeys (ConfUtils.java:logGet(43)) - raft.server.log.appender.install.snapshot.enabled = false (custom)
2019-08-20 17:52:17,934 [270cb713-a903-4d91-8c81-55946df33bef:group-B9CA1D381DE2:LeaderElection5] INFO  server.RaftServerConfigKeys (ConfUtils.java:logGet(43)) - raft.server.log.appender.snapshot.chunk.size.max = 16MB (=16777216) (default)
2019-08-20 17:52:17,934 [270cb713-a903-4d91-8c81-55946df33bef:group-B9CA1D381DE2:LeaderElection5] INFO  server.RaftServerConfigKeys (ConfUtils.java:logGet(43)) - raft.server.log.appender.buffer.byte-limit = 33554432 (custom)
2019-08-20 17:52:17,935 [270cb713-a903-4d91-8c81-55946df33bef:group-B9CA1D381DE2:LeaderElection5] INFO  server.RaftServerConfigKeys (ConfUtils.java:logGet(43)) - raft.server.log.appender.buffer.element-limit = 1 (custom)
2019-08-20 17:52:17,935 [270cb713-a903-4d91-8c81-55946df33bef:group-B9CA1D381DE2:LeaderElection5] INFO  grpc.GrpcConfigKeys$Server (ConfUtils.java:logGet(43)) - raft.grpc.server.leader.outstanding.appends.max = 128 (default)
2019-08-20 17:52:17,935 [270cb713-a903-4d91-8c81-55946df33bef:group-B9CA1D381DE2:LeaderElection5] INFO  server.RaftServerConfigKeys (ConfUtils.java:logGet(43)) - raft.server.rpc.request.timeout = 3000ms (default)
2019-08-20 17:52:17,935 [270cb713-a903-4d91-8c81-55946df33bef:group-B9CA1D381DE2:LeaderElection5] INFO  server.RaftServerConfigKeys (ConfUtils.java:logGet(43)) - raft.server.log.appender.install.snapshot.enabled = false (custom)
2019-08-20 17:52:17,936 [270cb713-a903-4d91-8c81-55946df33bef:group-B9CA1D381DE2:LeaderElection5] INFO  impl.RoleInfo (RoleInfo.java:updateAndGet(143)) - 270cb713-a903-4d91-8c81-55946df33bef: start LeaderState
2019-08-20 17:52:17,936 [270cb713-a903-4d91-8c81-55946df33bef:group-B9CA1D381DE2:LeaderElection5] INFO  segmented.SegmentedRaftLogWorker (SegmentedRaftLogWorker.java:startLogSegment(380)) - 270cb713-a903-4d91-8c81-55946df33bef-SegmentedRaftLogWorker:Storage Directory /workdir/hadoop-ozone/integration-test/target/test-dir/MiniOzoneClusterImpl-4c88b794-8eea-4cff-8363-0825384c3826/datanode-3/data/ratis/4ac4b521-4912-457d-b9f4-b9ca1d381de2: Starting segment from index:0
2019-08-20 17:52:17,937 [270cb713-a903-4d91-8c81-55946df33bef:group-B9CA1D381DE2:LeaderElection5] INFO  impl.RaftServerImpl (ServerState.java:setRaftConf(361)) - 270cb713-a903-4d91-8c81-55946df33bef:group-B9CA1D381DE2 set configuration 0: [63dfccd5-620f-4a1c-a6a8-6a76abae9bd9:192.168.5.168:35436, a642d756-f146-4629-9c5c-4191dd6901d7:192.168.5.168:34049, 270cb713-a903-4d91-8c81-55946df33bef:192.168.5.168:33882], old=null at 0
2019-08-20 17:52:17,941 [grpc-default-executor-0] INFO  impl.RaftServerImpl (ServerState.java:setLeader(263)) - 63dfccd5-620f-4a1c-a6a8-6a76abae9bd9:group-B9CA1D381DE2 change Leader from null to 270cb713-a903-4d91-8c81-55946df33bef at term 1 for appendEntries, leader elected after 5205ms
2019-08-20 17:52:17,944 [grpc-default-executor-3] INFO  impl.RaftServerImpl (ServerState.java:setLeader(263)) - a642d756-f146-4629-9c5c-4191dd6901d7:group-B9CA1D381DE2 change Leader from null to 270cb713-a903-4d91-8c81-55946df33bef at term 1 for appendEntries, leader elected after 5207ms
2019-08-20 17:52:17,949 [grpc-default-executor-3] INFO  impl.RaftServerImpl (ServerState.java:setRaftConf(361)) - 63dfccd5-620f-4a1c-a6a8-6a76abae9bd9:group-B9CA1D381DE2 set configuration 0: [63dfccd5-620f-4a1c-a6a8-6a76abae9bd9:192.168.5.168:35436, a642d756-f146-4629-9c5c-4191dd6901d7:192.168.5.168:34049, 270cb713-a903-4d91-8c81-55946df33bef:192.168.5.168:33882], old=null at 0
2019-08-20 17:52:17,950 [grpc-default-executor-0] INFO  impl.RaftServerImpl (ServerState.java:setRaftConf(361)) - a642d756-f146-4629-9c5c-4191dd6901d7:group-B9CA1D381DE2 set configuration 0: [63dfccd5-620f-4a1c-a6a8-6a76abae9bd9:192.168.5.168:35436, a642d756-f146-4629-9c5c-4191dd6901d7:192.168.5.168:34049, 270cb713-a903-4d91-8c81-55946df33bef:192.168.5.168:33882], old=null at 0
2019-08-20 17:52:17,950 [grpc-default-executor-3] INFO  segmented.SegmentedRaftLogWorker (SegmentedRaftLogWorker.java:startLogSegment(380)) - 63dfccd5-620f-4a1c-a6a8-6a76abae9bd9-SegmentedRaftLogWorker:Storage Directory /workdir/hadoop-ozone/integration-test/target/test-dir/MiniOzoneClusterImpl-4c88b794-8eea-4cff-8363-0825384c3826/datanode-4/data/ratis/4ac4b521-4912-457d-b9f4-b9ca1d381de2: Starting segment from index:0
2019-08-20 17:52:17,950 [grpc-default-executor-0] INFO  segmented.SegmentedRaftLogWorker (SegmentedRaftLogWorker.java:startLogSegment(380)) - a642d756-f146-4629-9c5c-4191dd6901d7-SegmentedRaftLogWorker:Storage Directory /workdir/hadoop-ozone/integration-test/target/test-dir/MiniOzoneClusterImpl-4c88b794-8eea-4cff-8363-0825384c3826/datanode-2/data/ratis/4ac4b521-4912-457d-b9f4-b9ca1d381de2: Starting segment from index:0
2019-08-20 17:52:18,000 [942f3ca5-282c-4b18-a6c9-ab3dcdde7736-SegmentedRaftLogWorker:Storage Directory /workdir/hadoop-ozone/integration-test/target/test-dir/MiniOzoneClusterImpl-4c88b794-8eea-4cff-8363-0825384c3826/datanode-0/data/ratis/662d3fdd-5682-41c5-a76a-b4fb45dd5e91] INFO  segmented.SegmentedRaftLogWorker (SegmentedRaftLogWorker.java:execute(569)) - 942f3ca5-282c-4b18-a6c9-ab3dcdde7736-SegmentedRaftLogWorker:Storage Directory /workdir/hadoop-ozone/integration-test/target/test-dir/MiniOzoneClusterImpl-4c88b794-8eea-4cff-8363-0825384c3826/datanode-0/data/ratis/662d3fdd-5682-41c5-a76a-b4fb45dd5e91: created new log segment /workdir/hadoop-ozone/integration-test/target/test-dir/MiniOzoneClusterImpl-4c88b794-8eea-4cff-8363-0825384c3826/datanode-0/data/ratis/662d3fdd-5682-41c5-a76a-b4fb45dd5e91/current/log_inprogress_0
2019-08-20 17:52:18,000 [270cb713-a903-4d91-8c81-55946df33bef-SegmentedRaftLogWorker:Storage Directory /workdir/hadoop-ozone/integration-test/target/test-dir/MiniOzoneClusterImpl-4c88b794-8eea-4cff-8363-0825384c3826/datanode-3/data/ratis/4ac4b521-4912-457d-b9f4-b9ca1d381de2] INFO  segmented.SegmentedRaftLogWorker (SegmentedRaftLogWorker.java:execute(569)) - 270cb713-a903-4d91-8c81-55946df33bef-SegmentedRaftLogWorker:Storage Directory /workdir/hadoop-ozone/integration-test/target/test-dir/MiniOzoneClusterImpl-4c88b794-8eea-4cff-8363-0825384c3826/datanode-3/data/ratis/4ac4b521-4912-457d-b9f4-b9ca1d381de2: created new log segment /workdir/hadoop-ozone/integration-test/target/test-dir/MiniOzoneClusterImpl-4c88b794-8eea-4cff-8363-0825384c3826/datanode-3/data/ratis/4ac4b521-4912-457d-b9f4-b9ca1d381de2/current/log_inprogress_0
2019-08-20 17:52:18,002 [ebb8eb41-481f-41e2-a579-fb9b26854023-SegmentedRaftLogWorker:Storage Directory /workdir/hadoop-ozone/integration-test/target/test-dir/MiniOzoneClusterImpl-4c88b794-8eea-4cff-8363-0825384c3826/datanode-5/data/ratis/f97704d6-f55d-487a-b4b2-1abfa3334028] INFO  segmented.SegmentedRaftLogWorker (SegmentedRaftLogWorker.java:execute(569)) - ebb8eb41-481f-41e2-a579-fb9b26854023-SegmentedRaftLogWorker:Storage Directory /workdir/hadoop-ozone/integration-test/target/test-dir/MiniOzoneClusterImpl-4c88b794-8eea-4cff-8363-0825384c3826/datanode-5/data/ratis/f97704d6-f55d-487a-b4b2-1abfa3334028: created new log segment /workdir/hadoop-ozone/integration-test/target/test-dir/MiniOzoneClusterImpl-4c88b794-8eea-4cff-8363-0825384c3826/datanode-5/data/ratis/f97704d6-f55d-487a-b4b2-1abfa3334028/current/log_inprogress_0
2019-08-20 17:52:18,009 [942f3ca5-282c-4b18-a6c9-ab3dcdde7736-SegmentedRaftLogWorker:Storage Directory /workdir/hadoop-ozone/integration-test/target/test-dir/MiniOzoneClusterImpl-4c88b794-8eea-4cff-8363-0825384c3826/datanode-0/data/ratis/e198b899-483c-45d3-9650-b5b8ae18befb] INFO  segmented.SegmentedRaftLogWorker (SegmentedRaftLogWorker.java:execute(569)) - 942f3ca5-282c-4b18-a6c9-ab3dcdde7736-SegmentedRaftLogWorker:Storage Directory /workdir/hadoop-ozone/integration-test/target/test-dir/MiniOzoneClusterImpl-4c88b794-8eea-4cff-8363-0825384c3826/datanode-0/data/ratis/e198b899-483c-45d3-9650-b5b8ae18befb: created new log segment /workdir/hadoop-ozone/integration-test/target/test-dir/MiniOzoneClusterImpl-4c88b794-8eea-4cff-8363-0825384c3826/datanode-0/data/ratis/e198b899-483c-45d3-9650-b5b8ae18befb/current/log_inprogress_0
2019-08-20 17:52:18,002 [f422ac7f-f504-4d88-a1fc-e574686b78e5-SegmentedRaftLogWorker:Storage Directory /workdir/hadoop-ozone/integration-test/target/test-dir/MiniOzoneClusterImpl-4c88b794-8eea-4cff-8363-0825384c3826/datanode-1/data/ratis/f97704d6-f55d-487a-b4b2-1abfa3334028] INFO  segmented.SegmentedRaftLogWorker (SegmentedRaftLogWorker.java:execute(569)) - f422ac7f-f504-4d88-a1fc-e574686b78e5-SegmentedRaftLogWorker:Storage Directory /workdir/hadoop-ozone/integration-test/target/test-dir/MiniOzoneClusterImpl-4c88b794-8eea-4cff-8363-0825384c3826/datanode-1/data/ratis/f97704d6-f55d-487a-b4b2-1abfa3334028: created new log segment /workdir/hadoop-ozone/integration-test/target/test-dir/MiniOzoneClusterImpl-4c88b794-8eea-4cff-8363-0825384c3826/datanode-1/data/ratis/f97704d6-f55d-487a-b4b2-1abfa3334028/current/log_inprogress_0
2019-08-20 17:52:18,022 [a642d756-f146-4629-9c5c-4191dd6901d7-SegmentedRaftLogWorker:Storage Directory /workdir/hadoop-ozone/integration-test/target/test-dir/MiniOzoneClusterImpl-4c88b794-8eea-4cff-8363-0825384c3826/datanode-2/data/ratis/4ac4b521-4912-457d-b9f4-b9ca1d381de2] INFO  segmented.SegmentedRaftLogWorker (SegmentedRaftLogWorker.java:execute(569)) - a642d756-f146-4629-9c5c-4191dd6901d7-SegmentedRaftLogWorker:Storage Directory /workdir/hadoop-ozone/integration-test/target/test-dir/MiniOzoneClusterImpl-4c88b794-8eea-4cff-8363-0825384c3826/datanode-2/data/ratis/4ac4b521-4912-457d-b9f4-b9ca1d381de2: created new log segment /workdir/hadoop-ozone/integration-test/target/test-dir/MiniOzoneClusterImpl-4c88b794-8eea-4cff-8363-0825384c3826/datanode-2/data/ratis/4ac4b521-4912-457d-b9f4-b9ca1d381de2/current/log_inprogress_0
2019-08-20 17:52:18,022 [63dfccd5-620f-4a1c-a6a8-6a76abae9bd9-SegmentedRaftLogWorker:Storage Directory /workdir/hadoop-ozone/integration-test/target/test-dir/MiniOzoneClusterImpl-4c88b794-8eea-4cff-8363-0825384c3826/datanode-4/data/ratis/4ac4b521-4912-457d-b9f4-b9ca1d381de2] INFO  segmented.SegmentedRaftLogWorker (SegmentedRaftLogWorker.java:execute(569)) - 63dfccd5-620f-4a1c-a6a8-6a76abae9bd9-SegmentedRaftLogWorker:Storage Directory /workdir/hadoop-ozone/integration-test/target/test-dir/MiniOzoneClusterImpl-4c88b794-8eea-4cff-8363-0825384c3826/datanode-4/data/ratis/4ac4b521-4912-457d-b9f4-b9ca1d381de2: created new log segment /workdir/hadoop-ozone/integration-test/target/test-dir/MiniOzoneClusterImpl-4c88b794-8eea-4cff-8363-0825384c3826/datanode-4/data/ratis/4ac4b521-4912-457d-b9f4-b9ca1d381de2/current/log_inprogress_0
2019-08-20 17:52:18,022 [942f3ca5-282c-4b18-a6c9-ab3dcdde7736-SegmentedRaftLogWorker:Storage Directory /workdir/hadoop-ozone/integration-test/target/test-dir/MiniOzoneClusterImpl-4c88b794-8eea-4cff-8363-0825384c3826/datanode-0/data/ratis/f97704d6-f55d-487a-b4b2-1abfa3334028] INFO  segmented.SegmentedRaftLogWorker (SegmentedRaftLogWorker.java:execute(569)) - 942f3ca5-282c-4b18-a6c9-ab3dcdde7736-SegmentedRaftLogWorker:Storage Directory /workdir/hadoop-ozone/integration-test/target/test-dir/MiniOzoneClusterImpl-4c88b794-8eea-4cff-8363-0825384c3826/datanode-0/data/ratis/f97704d6-f55d-487a-b4b2-1abfa3334028: created new log segment /workdir/hadoop-ozone/integration-test/target/test-dir/MiniOzoneClusterImpl-4c88b794-8eea-4cff-8363-0825384c3826/datanode-0/data/ratis/f97704d6-f55d-487a-b4b2-1abfa3334028/current/log_inprogress_0
2019-08-20 17:52:18,034 | INFO  | SCMAudit | user=jenkins1000 | ip=192.168.5.168 | op=SEND_HEARTBEAT {datanodeUUID=270cb713-a903-4d91-8c81-55946df33bef, command=[]} | ret=SUCCESS |  
2019-08-20 17:52:18,069 | INFO  | SCMAudit | user=jenkins1000 | ip=192.168.5.168 | op=SEND_HEARTBEAT {datanodeUUID=63dfccd5-620f-4a1c-a6a8-6a76abae9bd9, command=[]} | ret=SUCCESS |  
2019-08-20 17:52:18,236 | INFO  | SCMAudit | user=jenkins1000 | ip=192.168.5.168 | op=SEND_HEARTBEAT {datanodeUUID=942f3ca5-282c-4b18-a6c9-ab3dcdde7736, command=[]} | ret=SUCCESS |  
2019-08-20 17:52:18,347 | INFO  | SCMAudit | user=jenkins1000 | ip=192.168.5.168 | op=SEND_HEARTBEAT {datanodeUUID=ebb8eb41-481f-41e2-a579-fb9b26854023, command=[]} | ret=SUCCESS |  
2019-08-20 17:52:18,449 | INFO  | SCMAudit | user=jenkins1000 | ip=192.168.5.168 | op=SEND_HEARTBEAT {datanodeUUID=f422ac7f-f504-4d88-a1fc-e574686b78e5, command=[]} | ret=SUCCESS |  
2019-08-20 17:52:18,517 | INFO  | SCMAudit | user=jenkins1000 | ip=192.168.5.168 | op=SEND_HEARTBEAT {datanodeUUID=942f3ca5-282c-4b18-a6c9-ab3dcdde7736, command=[]} | ret=SUCCESS |  
2019-08-20 17:52:18,517 | INFO  | SCMAudit | user=jenkins1000 | ip=192.168.5.168 | op=SEND_HEARTBEAT {datanodeUUID=f422ac7f-f504-4d88-a1fc-e574686b78e5, command=[]} | ret=SUCCESS |  
2019-08-20 17:52:18,517 | INFO  | SCMAudit | user=jenkins1000 | ip=192.168.5.168 | op=SEND_HEARTBEAT {datanodeUUID=ebb8eb41-481f-41e2-a579-fb9b26854023, command=[]} | ret=SUCCESS |  
2019-08-20 17:52:18,521 | INFO  | DNAudit | user=null | ip=null | op=CREATE_CONTAINER {containerID=1, containerType=KeyValueContainer} | ret=SUCCESS |  
2019-08-20 17:52:18,521 | INFO  | DNAudit | user=null | ip=null | op=CREATE_CONTAINER {containerID=1, containerType=KeyValueContainer} | ret=SUCCESS |  
2019-08-20 17:52:18,521 | INFO  | DNAudit | user=null | ip=null | op=CREATE_CONTAINER {containerID=1, containerType=KeyValueContainer} | ret=SUCCESS |  
2019-08-20 17:52:18,536 [grpc-default-executor-0] INFO  client.GrpcClientProtocolClient (GrpcClientProtocolClient.java:onNext(255)) - client-6DB83EE41F68->ebb8eb41-481f-41e2-a579-fb9b26854023: receive RaftClientReply:client-6DB83EE41F68->ebb8eb41-481f-41e2-a579-fb9b26854023@group-1ABFA3334028, cid=8, SUCCESS, logIndex=1, commits[ebb8eb41-481f-41e2-a579-fb9b26854023:c2, 942f3ca5-282c-4b18-a6c9-ab3dcdde7736:c1, f422ac7f-f504-4d88-a1fc-e574686b78e5:c1]
2019-08-20 17:52:18,542 [main] INFO  datanode.ObjectStoreHandler (ObjectStoreHandler.java:close(155)) - Closing ObjectStoreHandler.
2019-08-20 17:52:18,545 [main] INFO  ozone.HddsDatanodeService (HddsDatanodeService.java:stop(451)) - Stopped plug-in org.apache.hadoop.ozone.web.OzoneHddsDatanodeService@78479f2b
2019-08-20 17:52:18,547 | INFO  | SCMAudit | user=jenkins1000 | ip=192.168.5.168 | op=SEND_HEARTBEAT {datanodeUUID=a1b3d015-5065-43e2-8905-257de401eec3, command=[]} | ret=SUCCESS |  
2019-08-20 17:52:18,656 | INFO  | SCMAudit | user=jenkins1000 | ip=192.168.5.168 | op=SEND_HEARTBEAT {datanodeUUID=a642d756-f146-4629-9c5c-4191dd6901d7, command=[]} | ret=SUCCESS |  
2019-08-20 17:52:19,034 | INFO  | SCMAudit | user=jenkins1000 | ip=192.168.5.168 | op=SEND_HEARTBEAT {datanodeUUID=270cb713-a903-4d91-8c81-55946df33bef, command=[]} | ret=SUCCESS |  
2019-08-20 17:52:19,069 | INFO  | SCMAudit | user=jenkins1000 | ip=192.168.5.168 | op=SEND_HEARTBEAT {datanodeUUID=63dfccd5-620f-4a1c-a6a8-6a76abae9bd9, command=[]} | ret=SUCCESS |  
2019-08-20 17:52:19,496 [Datanode State Machine Thread - 0] INFO  statemachine.DatanodeStateMachine (DatanodeStateMachine.java:lambda$startDaemon$0(350)) - Ozone container server started.
2019-08-20 17:52:19,498 | INFO  | SCMAudit | user=jenkins1000 | ip=192.168.5.168 | op=SEND_HEARTBEAT {datanodeUUID=942f3ca5-282c-4b18-a6c9-ab3dcdde7736, command=[]} | ret=SUCCESS |  
2019-08-20 17:52:19,498 | INFO  | SCMAudit | user=jenkins1000 | ip=192.168.5.168 | op=SEND_HEARTBEAT {datanodeUUID=f422ac7f-f504-4d88-a1fc-e574686b78e5, command=[]} | ret=SUCCESS |  
2019-08-20 17:52:19,548 | INFO  | SCMAudit | user=jenkins1000 | ip=192.168.5.168 | op=SEND_HEARTBEAT {datanodeUUID=a1b3d015-5065-43e2-8905-257de401eec3, command=[]} | ret=SUCCESS |  
2019-08-20 17:52:19,656 | INFO  | SCMAudit | user=jenkins1000 | ip=192.168.5.168 | op=SEND_HEARTBEAT {datanodeUUID=a642d756-f146-4629-9c5c-4191dd6901d7, command=[]} | ret=SUCCESS |  
2019-08-20 17:52:20,034 | INFO  | SCMAudit | user=jenkins1000 | ip=192.168.5.168 | op=SEND_HEARTBEAT {datanodeUUID=270cb713-a903-4d91-8c81-55946df33bef, command=[]} | ret=SUCCESS |  
2019-08-20 17:52:20,070 | INFO  | SCMAudit | user=jenkins1000 | ip=192.168.5.168 | op=SEND_HEARTBEAT {datanodeUUID=63dfccd5-620f-4a1c-a6a8-6a76abae9bd9, command=[]} | ret=SUCCESS |  
2019-08-20 17:52:20,498 | INFO  | SCMAudit | user=jenkins1000 | ip=192.168.5.168 | op=SEND_HEARTBEAT {datanodeUUID=942f3ca5-282c-4b18-a6c9-ab3dcdde7736, command=[]} | ret=SUCCESS |  
2019-08-20 17:52:20,498 | INFO  | SCMAudit | user=jenkins1000 | ip=192.168.5.168 | op=SEND_HEARTBEAT {datanodeUUID=f422ac7f-f504-4d88-a1fc-e574686b78e5, command=[]} | ret=SUCCESS |  
2019-08-20 17:52:20,548 | INFO  | SCMAudit | user=jenkins1000 | ip=192.168.5.168 | op=SEND_HEARTBEAT {datanodeUUID=a1b3d015-5065-43e2-8905-257de401eec3, command=[]} | ret=SUCCESS |  
2019-08-20 17:52:20,656 | INFO  | SCMAudit | user=jenkins1000 | ip=192.168.5.168 | op=SEND_HEARTBEAT {datanodeUUID=a642d756-f146-4629-9c5c-4191dd6901d7, command=[]} | ret=SUCCESS |  
2019-08-20 17:52:21,033 | INFO  | SCMAudit | user=jenkins1000 | ip=192.168.5.168 | op=SEND_HEARTBEAT {datanodeUUID=270cb713-a903-4d91-8c81-55946df33bef, command=[]} | ret=SUCCESS |  
2019-08-20 17:52:21,069 | INFO  | SCMAudit | user=jenkins1000 | ip=192.168.5.168 | op=SEND_HEARTBEAT {datanodeUUID=63dfccd5-620f-4a1c-a6a8-6a76abae9bd9, command=[]} | ret=SUCCESS |  
2019-08-20 17:52:21,498 | INFO  | SCMAudit | user=jenkins1000 | ip=192.168.5.168 | op=SEND_HEARTBEAT {datanodeUUID=f422ac7f-f504-4d88-a1fc-e574686b78e5, command=[]} | ret=SUCCESS |  
2019-08-20 17:52:21,498 | INFO  | SCMAudit | user=jenkins1000 | ip=192.168.5.168 | op=SEND_HEARTBEAT {datanodeUUID=942f3ca5-282c-4b18-a6c9-ab3dcdde7736, command=[]} | ret=SUCCESS |  
2019-08-20 17:52:21,547 | INFO  | SCMAudit | user=jenkins1000 | ip=192.168.5.168 | op=SEND_HEARTBEAT {datanodeUUID=a1b3d015-5065-43e2-8905-257de401eec3, command=[]} | ret=SUCCESS |  
2019-08-20 17:52:21,656 | INFO  | SCMAudit | user=jenkins1000 | ip=192.168.5.168 | op=SEND_HEARTBEAT {datanodeUUID=a642d756-f146-4629-9c5c-4191dd6901d7, command=[]} | ret=SUCCESS |  
2019-08-20 17:52:22,034 | INFO  | SCMAudit | user=jenkins1000 | ip=192.168.5.168 | op=SEND_HEARTBEAT {datanodeUUID=270cb713-a903-4d91-8c81-55946df33bef, command=[]} | ret=SUCCESS |  
2019-08-20 17:52:22,069 | INFO  | SCMAudit | user=jenkins1000 | ip=192.168.5.168 | op=SEND_HEARTBEAT {datanodeUUID=63dfccd5-620f-4a1c-a6a8-6a76abae9bd9, command=[]} | ret=SUCCESS |  
2019-08-20 17:52:22,497 | INFO  | SCMAudit | user=jenkins1000 | ip=192.168.5.168 | op=SEND_HEARTBEAT {datanodeUUID=942f3ca5-282c-4b18-a6c9-ab3dcdde7736, command=[]} | ret=SUCCESS |  
2019-08-20 17:52:22,497 | INFO  | SCMAudit | user=jenkins1000 | ip=192.168.5.168 | op=SEND_HEARTBEAT {datanodeUUID=f422ac7f-f504-4d88-a1fc-e574686b78e5, command=[]} | ret=SUCCESS |  
2019-08-20 17:52:22,547 | INFO  | SCMAudit | user=jenkins1000 | ip=192.168.5.168 | op=SEND_HEARTBEAT {datanodeUUID=a1b3d015-5065-43e2-8905-257de401eec3, command=[]} | ret=SUCCESS |  
2019-08-20 17:52:22,657 | INFO  | SCMAudit | user=jenkins1000 | ip=192.168.5.168 | op=SEND_HEARTBEAT {datanodeUUID=a642d756-f146-4629-9c5c-4191dd6901d7, command=[]} | ret=SUCCESS |  
2019-08-20 17:52:23,034 | INFO  | SCMAudit | user=jenkins1000 | ip=192.168.5.168 | op=SEND_HEARTBEAT {datanodeUUID=270cb713-a903-4d91-8c81-55946df33bef, command=[]} | ret=SUCCESS |  
2019-08-20 17:52:23,070 | INFO  | SCMAudit | user=jenkins1000 | ip=192.168.5.168 | op=SEND_HEARTBEAT {datanodeUUID=63dfccd5-620f-4a1c-a6a8-6a76abae9bd9, command=[]} | ret=SUCCESS |  
2019-08-20 17:52:23,497 | INFO  | SCMAudit | user=jenkins1000 | ip=192.168.5.168 | op=SEND_HEARTBEAT {datanodeUUID=f422ac7f-f504-4d88-a1fc-e574686b78e5, command=[]} | ret=SUCCESS |  
2019-08-20 17:52:23,497 | INFO  | SCMAudit | user=jenkins1000 | ip=192.168.5.168 | op=SEND_HEARTBEAT {datanodeUUID=942f3ca5-282c-4b18-a6c9-ab3dcdde7736, command=[]} | ret=SUCCESS |  
2019-08-20 17:52:23,546 [main] INFO  ozoneimpl.OzoneContainer (OzoneContainer.java:stop(199)) - Attempting to stop container services.
2019-08-20 17:52:23,547 [main] INFO  impl.RaftServerProxy (RaftServerProxy.java:lambda$close$4(314)) - ebb8eb41-481f-41e2-a579-fb9b26854023: close
2019-08-20 17:52:23,547 | INFO  | SCMAudit | user=jenkins1000 | ip=192.168.5.168 | op=SEND_HEARTBEAT {datanodeUUID=a1b3d015-5065-43e2-8905-257de401eec3, command=[]} | ret=SUCCESS |  
2019-08-20 17:52:23,548 [main] INFO  impl.RaftServerImpl (RaftServerImpl.java:lambda$shutdown$3(245)) - ebb8eb41-481f-41e2-a579-fb9b26854023: shutdown group-1ABFA3334028
2019-08-20 17:52:23,548 [main] INFO  util.JmxRegister (JmxRegister.java:unregister(73)) - Successfully un-registered JMX Bean with object name Ratis:service=RaftServer,group=group-1ABFA3334028,id=ebb8eb41-481f-41e2-a579-fb9b26854023
2019-08-20 17:52:23,548 [main] INFO  impl.RoleInfo (RoleInfo.java:shutdownLeaderState(104)) - ebb8eb41-481f-41e2-a579-fb9b26854023: shutdown LeaderState
2019-08-20 17:52:23,552 [main] INFO  impl.PendingRequests (PendingRequests.java:sendNotLeaderResponses(202)) - ebb8eb41-481f-41e2-a579-fb9b26854023-PendingRequests: sendNotLeaderResponses
2019-08-20 17:52:23,552 [org.apache.ratis.server.impl.LogAppender$AppenderDaemon$$Lambda$494/1133749579@6e42675d] WARN  server.GrpcLogAppender (GrpcLogAppender.java:mayWait(143)) - GrpcLogAppender(ebb8eb41-481f-41e2-a579-fb9b26854023->942f3ca5-282c-4b18-a6c9-ab3dcdde7736): Wait interrupted by java.lang.InterruptedException
2019-08-20 17:52:23,552 [org.apache.ratis.server.impl.LogAppender$AppenderDaemon$$Lambda$494/1133749579@229115a3] WARN  server.GrpcLogAppender (GrpcLogAppender.java:mayWait(143)) - GrpcLogAppender(ebb8eb41-481f-41e2-a579-fb9b26854023->f422ac7f-f504-4d88-a1fc-e574686b78e5): Wait interrupted by java.lang.InterruptedException
2019-08-20 17:52:23,563 [grpc-default-executor-3] INFO  server.GrpcServerProtocolService (GrpcServerProtocolService.java:onCompleted(104)) - f422ac7f-f504-4d88-a1fc-e574686b78e5: appendEntries completed
2019-08-20 17:52:23,563 [main] INFO  impl.StateMachineUpdater (StateMachineUpdater.java:stopAndJoin(115)) - StateMachineUpdater:ebb8eb41-481f-41e2-a579-fb9b26854023:group-1ABFA3334028: set stopIndex = 2
2019-08-20 17:52:23,563 [StateMachineUpdater:ebb8eb41-481f-41e2-a579-fb9b26854023:group-1ABFA3334028] INFO  ratis.ContainerStateMachine (ContainerStateMachine.java:takeSnapshot(271)) - group-1ABFA3334028: Taking a snapshot at:(t:1, i:2) file /workdir/hadoop-ozone/integration-test/target/test-dir/MiniOzoneClusterImpl-4c88b794-8eea-4cff-8363-0825384c3826/datanode-5/data/ratis/f97704d6-f55d-487a-b4b2-1abfa3334028/sm/snapshot.1_2
2019-08-20 17:52:23,572 [grpc-default-executor-0] INFO  server.GrpcLogAppender (GrpcLogAppender.java:onCompleted(292)) - ebb8eb41-481f-41e2-a579-fb9b26854023->f422ac7f-f504-4d88-a1fc-e574686b78e5: follower responses appendEntries COMPLETED
2019-08-20 17:52:23,572 [grpc-default-executor-3] INFO  server.GrpcServerProtocolService (GrpcServerProtocolService.java:onCompleted(104)) - 942f3ca5-282c-4b18-a6c9-ab3dcdde7736: appendEntries completed
2019-08-20 17:52:23,579 [grpc-default-executor-3] INFO  server.GrpcLogAppender (GrpcLogAppender.java:onCompleted(292)) - ebb8eb41-481f-41e2-a579-fb9b26854023->942f3ca5-282c-4b18-a6c9-ab3dcdde7736: follower responses appendEntries COMPLETED
2019-08-20 17:52:23,579 [grpc-default-executor-0] INFO  impl.FollowerInfo (FollowerInfo.java:lambda$new$0(50)) - ebb8eb41-481f-41e2-a579-fb9b26854023->f422ac7f-f504-4d88-a1fc-e574686b78e5: nextIndex: updateUnconditionally 3 -> 2
2019-08-20 17:52:23,582 [grpc-default-executor-3] INFO  impl.FollowerInfo (FollowerInfo.java:lambda$new$0(50)) - ebb8eb41-481f-41e2-a579-fb9b26854023->942f3ca5-282c-4b18-a6c9-ab3dcdde7736: nextIndex: updateUnconditionally 3 -> 2
2019-08-20 17:52:23,603 [StateMachineUpdater:ebb8eb41-481f-41e2-a579-fb9b26854023:group-1ABFA3334028] INFO  ratis.ContainerStateMachine (ContainerStateMachine.java:takeSnapshot(282)) - group-1ABFA3334028: Finished taking a snapshot at:(t:1, i:2) file:/workdir/hadoop-ozone/integration-test/target/test-dir/MiniOzoneClusterImpl-4c88b794-8eea-4cff-8363-0825384c3826/datanode-5/data/ratis/f97704d6-f55d-487a-b4b2-1abfa3334028/sm/snapshot.1_2 time:40
2019-08-20 17:52:23,603 [StateMachineUpdater:ebb8eb41-481f-41e2-a579-fb9b26854023:group-1ABFA3334028] INFO  impl.StateMachineUpdater (StateMachineUpdater.java:takeSnapshot(242)) - StateMachineUpdater:ebb8eb41-481f-41e2-a579-fb9b26854023:group-1ABFA3334028: Took a snapshot at index 2
2019-08-20 17:52:23,605 [StateMachineUpdater:ebb8eb41-481f-41e2-a579-fb9b26854023:group-1ABFA3334028] INFO  impl.StateMachineUpdater (StateMachineUpdater.java:lambda$new$0(80)) - StateMachineUpdater:ebb8eb41-481f-41e2-a579-fb9b26854023:group-1ABFA3334028: snapshotIndex: updateIncreasingly -1 -> 2
2019-08-20 17:52:23,613 [main] INFO  impl.RaftServerImpl (ServerState.java:close(394)) - ebb8eb41-481f-41e2-a579-fb9b26854023:group-1ABFA3334028 closes. The last applied log index is 2
2019-08-20 17:52:23,615 [ebb8eb41-481f-41e2-a579-fb9b26854023-SegmentedRaftLogWorker:Storage Directory /workdir/hadoop-ozone/integration-test/target/test-dir/MiniOzoneClusterImpl-4c88b794-8eea-4cff-8363-0825384c3826/datanode-5/data/ratis/f97704d6-f55d-487a-b4b2-1abfa3334028] INFO  segmented.SegmentedRaftLogWorker (SegmentedRaftLogWorker.java:run(313)) - ebb8eb41-481f-41e2-a579-fb9b26854023-SegmentedRaftLogWorker:Storage Directory /workdir/hadoop-ozone/integration-test/target/test-dir/MiniOzoneClusterImpl-4c88b794-8eea-4cff-8363-0825384c3826/datanode-5/data/ratis/f97704d6-f55d-487a-b4b2-1abfa3334028 was interrupted, exiting. There are 0 tasks remaining in the queue.
2019-08-20 17:52:23,617 [main] INFO  segmented.SegmentedRaftLogWorker (SegmentedRaftLogWorker.java:close(228)) - ebb8eb41-481f-41e2-a579-fb9b26854023-SegmentedRaftLogWorker:Storage Directory /workdir/hadoop-ozone/integration-test/target/test-dir/MiniOzoneClusterImpl-4c88b794-8eea-4cff-8363-0825384c3826/datanode-5/data/ratis/f97704d6-f55d-487a-b4b2-1abfa3334028 close()
2019-08-20 17:52:23,620 [main] INFO  server.GrpcService (GrpcService.java:closeImpl(155)) - ebb8eb41-481f-41e2-a579-fb9b26854023: shutdown server with port 38491 now
2019-08-20 17:52:23,626 [main] INFO  server.GrpcService (GrpcService.java:closeImpl(163)) - ebb8eb41-481f-41e2-a579-fb9b26854023: shutdown server with port 38491 successfully
2019-08-20 17:52:23,627 [main] INFO  utils.BackgroundService (BackgroundService.java:shutdown(148)) - Shutting down service BlockDeletingService
2019-08-20 17:52:23,628 [refreshUsed-/workdir/hadoop-ozone/integration-test/target/test-dir/MiniOzoneClusterImpl-4c88b794-8eea-4cff-8363-0825384c3826/datanode-5/data/containers] WARN  fs.CachingGetSpaceUsed (CachingGetSpaceUsed.java:run(183)) - Thread Interrupted waiting to refresh disk information: sleep interrupted
2019-08-20 17:52:23,644 [main] INFO  statemachine.DatanodeStateMachine (DatanodeStateMachine.java:stopDaemon(395)) - Ozone container server stopped.
2019-08-20 17:52:23,647 [main] INFO  handler.ContextHandler (ContextHandler.java:doStop(910)) - Stopped o.e.j.w.WebAppContext@62e73ab6{/,null,UNAVAILABLE}{/hddsDatanode}
2019-08-20 17:52:23,651 [main] INFO  server.AbstractConnector (AbstractConnector.java:doStop(318)) - Stopped ServerConnector@5d7f8467{HTTP/1.1,[http/1.1]}{0.0.0.0:0}
2019-08-20 17:52:23,651 [main] INFO  handler.ContextHandler (ContextHandler.java:doStop(910)) - Stopped o.e.j.s.ServletContextHandler@7ac48f05{/static,jar:file:/home/user/.m2/repository/org/apache/hadoop/hadoop-hdds-container-service/0.5.0-SNAPSHOT/hadoop-hdds-container-service-0.5.0-SNAPSHOT.jar!/webapps/static,UNAVAILABLE}
2019-08-20 17:52:23,651 [main] INFO  handler.ContextHandler (ContextHandler.java:doStop(910)) - Stopped o.e.j.s.ServletContextHandler@33bdd01{/logs,file:///workdir/hadoop-ozone/integration-test/target/log,UNAVAILABLE}
2019-08-20 17:52:23,657 | INFO  | SCMAudit | user=jenkins1000 | ip=192.168.5.168 | op=SEND_HEARTBEAT {datanodeUUID=a642d756-f146-4629-9c5c-4191dd6901d7, command=[]} | ret=SUCCESS |  
2019-08-20 17:52:24,035 | INFO  | SCMAudit | user=jenkins1000 | ip=192.168.5.168 | op=SEND_HEARTBEAT {datanodeUUID=270cb713-a903-4d91-8c81-55946df33bef, command=[]} | ret=SUCCESS |  
2019-08-20 17:52:24,069 | INFO  | SCMAudit | user=jenkins1000 | ip=192.168.5.168 | op=SEND_HEARTBEAT {datanodeUUID=63dfccd5-620f-4a1c-a6a8-6a76abae9bd9, command=[]} | ret=SUCCESS |  
2019-08-20 17:52:24,498 | INFO  | SCMAudit | user=jenkins1000 | ip=192.168.5.168 | op=SEND_HEARTBEAT {datanodeUUID=f422ac7f-f504-4d88-a1fc-e574686b78e5, command=[]} | ret=SUCCESS |  
2019-08-20 17:52:24,498 | INFO  | SCMAudit | user=jenkins1000 | ip=192.168.5.168 | op=SEND_HEARTBEAT {datanodeUUID=942f3ca5-282c-4b18-a6c9-ab3dcdde7736, command=[]} | ret=SUCCESS |  
2019-08-20 17:52:24,547 | INFO  | SCMAudit | user=jenkins1000 | ip=192.168.5.168 | op=SEND_HEARTBEAT {datanodeUUID=a1b3d015-5065-43e2-8905-257de401eec3, command=[]} | ret=SUCCESS |  
2019-08-20 17:52:24,657 | INFO  | SCMAudit | user=jenkins1000 | ip=192.168.5.168 | op=SEND_HEARTBEAT {datanodeUUID=a642d756-f146-4629-9c5c-4191dd6901d7, command=[]} | ret=SUCCESS |  
2019-08-20 17:52:25,036 | INFO  | SCMAudit | user=jenkins1000 | ip=192.168.5.168 | op=SEND_HEARTBEAT {datanodeUUID=270cb713-a903-4d91-8c81-55946df33bef, command=[]} | ret=SUCCESS |  
2019-08-20 17:52:25,069 | INFO  | SCMAudit | user=jenkins1000 | ip=192.168.5.168 | op=SEND_HEARTBEAT {datanodeUUID=63dfccd5-620f-4a1c-a6a8-6a76abae9bd9, command=[]} | ret=SUCCESS |  
2019-08-20 17:52:25,498 | INFO  | SCMAudit | user=jenkins1000 | ip=192.168.5.168 | op=SEND_HEARTBEAT {datanodeUUID=942f3ca5-282c-4b18-a6c9-ab3dcdde7736, command=[]} | ret=SUCCESS |  
2019-08-20 17:52:25,498 | INFO  | SCMAudit | user=jenkins1000 | ip=192.168.5.168 | op=SEND_HEARTBEAT {datanodeUUID=f422ac7f-f504-4d88-a1fc-e574686b78e5, command=[]} | ret=SUCCESS |  
2019-08-20 17:52:25,547 | INFO  | SCMAudit | user=jenkins1000 | ip=192.168.5.168 | op=SEND_HEARTBEAT {datanodeUUID=a1b3d015-5065-43e2-8905-257de401eec3, command=[]} | ret=SUCCESS |  
2019-08-20 17:52:25,658 | INFO  | SCMAudit | user=jenkins1000 | ip=192.168.5.168 | op=SEND_HEARTBEAT {datanodeUUID=a642d756-f146-4629-9c5c-4191dd6901d7, command=[]} | ret=SUCCESS |  
2019-08-20 17:52:25,691 [grpc-default-executor-0] INFO  client.GrpcClientProtocolClient (GrpcClientProtocolClient.java:onNext(255)) - client-6DB83EE41F68->f422ac7f-f504-4d88-a1fc-e574686b78e5: receive RaftClientReply:client-6DB83EE41F68->f422ac7f-f504-4d88-a1fc-e574686b78e5@group-1ABFA3334028, cid=9, FAILED org.apache.ratis.protocol.NotLeaderException: Server f422ac7f-f504-4d88-a1fc-e574686b78e5 is not the leader (ebb8eb41-481f-41e2-a579-fb9b26854023:192.168.5.168:38491). Request must be sent to leader., logIndex=0, commits[f422ac7f-f504-4d88-a1fc-e574686b78e5:c2, 942f3ca5-282c-4b18-a6c9-ab3dcdde7736:c2, ebb8eb41-481f-41e2-a579-fb9b26854023:c2]
2019-08-20 17:52:26,035 | INFO  | SCMAudit | user=jenkins1000 | ip=192.168.5.168 | op=SEND_HEARTBEAT {datanodeUUID=270cb713-a903-4d91-8c81-55946df33bef, command=[]} | ret=SUCCESS |  
2019-08-20 17:52:26,069 | INFO  | SCMAudit | user=jenkins1000 | ip=192.168.5.168 | op=SEND_HEARTBEAT {datanodeUUID=63dfccd5-620f-4a1c-a6a8-6a76abae9bd9, command=[]} | ret=SUCCESS |  
2019-08-20 17:52:26,498 | INFO  | SCMAudit | user=jenkins1000 | ip=192.168.5.168 | op=SEND_HEARTBEAT {datanodeUUID=942f3ca5-282c-4b18-a6c9-ab3dcdde7736, command=[]} | ret=SUCCESS |  
2019-08-20 17:52:26,498 | INFO  | SCMAudit | user=jenkins1000 | ip=192.168.5.168 | op=SEND_HEARTBEAT {datanodeUUID=f422ac7f-f504-4d88-a1fc-e574686b78e5, command=[]} | ret=SUCCESS |  
2019-08-20 17:52:26,548 | INFO  | SCMAudit | user=jenkins1000 | ip=192.168.5.168 | op=SEND_HEARTBEAT {datanodeUUID=a1b3d015-5065-43e2-8905-257de401eec3, command=[]} | ret=SUCCESS |  
2019-08-20 17:52:26,659 | INFO  | SCMAudit | user=jenkins1000 | ip=192.168.5.168 | op=SEND_HEARTBEAT {datanodeUUID=a642d756-f146-4629-9c5c-4191dd6901d7, command=[]} | ret=SUCCESS |  
2019-08-20 17:52:26,725 [grpc-default-executor-2] INFO  client.GrpcClientProtocolClient (GrpcClientProtocolClient.java:onNext(255)) - client-6DB83EE41F68->942f3ca5-282c-4b18-a6c9-ab3dcdde7736: receive RaftClientReply:client-6DB83EE41F68->942f3ca5-282c-4b18-a6c9-ab3dcdde7736@group-1ABFA3334028, cid=9, FAILED org.apache.ratis.protocol.NotLeaderException: Server 942f3ca5-282c-4b18-a6c9-ab3dcdde7736 is not the leader (ebb8eb41-481f-41e2-a579-fb9b26854023:192.168.5.168:38491). Request must be sent to leader., logIndex=0, commits[942f3ca5-282c-4b18-a6c9-ab3dcdde7736:c2, ebb8eb41-481f-41e2-a579-fb9b26854023:c2, f422ac7f-f504-4d88-a1fc-e574686b78e5:c2]
2019-08-20 17:52:27,035 | INFO  | SCMAudit | user=jenkins1000 | ip=192.168.5.168 | op=SEND_HEARTBEAT {datanodeUUID=270cb713-a903-4d91-8c81-55946df33bef, command=[]} | ret=SUCCESS |  
2019-08-20 17:52:27,069 | INFO  | SCMAudit | user=jenkins1000 | ip=192.168.5.168 | op=SEND_HEARTBEAT {datanodeUUID=63dfccd5-620f-4a1c-a6a8-6a76abae9bd9, command=[]} | ret=SUCCESS |  
2019-08-20 17:52:27,498 | INFO  | SCMAudit | user=jenkins1000 | ip=192.168.5.168 | op=SEND_HEARTBEAT {datanodeUUID=f422ac7f-f504-4d88-a1fc-e574686b78e5, command=[]} | ret=SUCCESS |  
2019-08-20 17:52:27,498 | INFO  | SCMAudit | user=jenkins1000 | ip=192.168.5.168 | op=SEND_HEARTBEAT {datanodeUUID=942f3ca5-282c-4b18-a6c9-ab3dcdde7736, command=[]} | ret=SUCCESS |  
2019-08-20 17:52:27,547 | INFO  | SCMAudit | user=jenkins1000 | ip=192.168.5.168 | op=SEND_HEARTBEAT {datanodeUUID=a1b3d015-5065-43e2-8905-257de401eec3, command=[]} | ret=SUCCESS |  
2019-08-20 17:52:27,659 | INFO  | SCMAudit | user=jenkins1000 | ip=192.168.5.168 | op=SEND_HEARTBEAT {datanodeUUID=a642d756-f146-4629-9c5c-4191dd6901d7, command=[]} | ret=SUCCESS |  
2019-08-20 17:52:27,752 [grpc-default-executor-3] INFO  client.GrpcClientProtocolClient (GrpcClientProtocolClient.java:onNext(255)) - client-6DB83EE41F68->f422ac7f-f504-4d88-a1fc-e574686b78e5: receive RaftClientReply:client-6DB83EE41F68->f422ac7f-f504-4d88-a1fc-e574686b78e5@group-1ABFA3334028, cid=9, FAILED org.apache.ratis.protocol.NotLeaderException: Server f422ac7f-f504-4d88-a1fc-e574686b78e5 is not the leader (ebb8eb41-481f-41e2-a579-fb9b26854023:192.168.5.168:38491). Request must be sent to leader., logIndex=0, commits[f422ac7f-f504-4d88-a1fc-e574686b78e5:c2, 942f3ca5-282c-4b18-a6c9-ab3dcdde7736:c2, ebb8eb41-481f-41e2-a579-fb9b26854023:c2]
2019-08-20 17:52:28,036 | INFO  | SCMAudit | user=jenkins1000 | ip=192.168.5.168 | op=SEND_HEARTBEAT {datanodeUUID=270cb713-a903-4d91-8c81-55946df33bef, command=[]} | ret=SUCCESS |  
2019-08-20 17:52:28,069 | INFO  | SCMAudit | user=jenkins1000 | ip=192.168.5.168 | op=SEND_HEARTBEAT {datanodeUUID=63dfccd5-620f-4a1c-a6a8-6a76abae9bd9, command=[]} | ret=SUCCESS |  
2019-08-20 17:52:28,498 | INFO  | SCMAudit | user=jenkins1000 | ip=192.168.5.168 | op=SEND_HEARTBEAT {datanodeUUID=942f3ca5-282c-4b18-a6c9-ab3dcdde7736, command=[]} | ret=SUCCESS |  
2019-08-20 17:52:28,498 | INFO  | SCMAudit | user=jenkins1000 | ip=192.168.5.168 | op=SEND_HEARTBEAT {datanodeUUID=f422ac7f-f504-4d88-a1fc-e574686b78e5, command=[]} | ret=SUCCESS |  
2019-08-20 17:52:28,548 | INFO  | SCMAudit | user=jenkins1000 | ip=192.168.5.168 | op=SEND_HEARTBEAT {datanodeUUID=a1b3d015-5065-43e2-8905-257de401eec3, command=[]} | ret=SUCCESS |  
2019-08-20 17:52:28,659 | INFO  | SCMAudit | user=jenkins1000 | ip=192.168.5.168 | op=SEND_HEARTBEAT {datanodeUUID=a642d756-f146-4629-9c5c-4191dd6901d7, command=[]} | ret=SUCCESS |  
2019-08-20 17:52:28,774 [grpc-default-executor-3] INFO  client.GrpcClientProtocolClient (GrpcClientProtocolClient.java:onNext(255)) - client-6DB83EE41F68->942f3ca5-282c-4b18-a6c9-ab3dcdde7736: receive RaftClientReply:client-6DB83EE41F68->942f3ca5-282c-4b18-a6c9-ab3dcdde7736@group-1ABFA3334028, cid=9, FAILED org.apache.ratis.protocol.NotLeaderException: Server 942f3ca5-282c-4b18-a6c9-ab3dcdde7736 is not the leader (ebb8eb41-481f-41e2-a579-fb9b26854023:192.168.5.168:38491). Request must be sent to leader., logIndex=0, commits[942f3ca5-282c-4b18-a6c9-ab3dcdde7736:c2, ebb8eb41-481f-41e2-a579-fb9b26854023:c2, f422ac7f-f504-4d88-a1fc-e574686b78e5:c2]
2019-08-20 17:52:29,035 | INFO  | SCMAudit | user=jenkins1000 | ip=192.168.5.168 | op=SEND_HEARTBEAT {datanodeUUID=270cb713-a903-4d91-8c81-55946df33bef, command=[]} | ret=SUCCESS |  
2019-08-20 17:52:29,069 | INFO  | SCMAudit | user=jenkins1000 | ip=192.168.5.168 | op=SEND_HEARTBEAT {datanodeUUID=63dfccd5-620f-4a1c-a6a8-6a76abae9bd9, command=[]} | ret=SUCCESS |  
2019-08-20 17:52:29,498 | INFO  | SCMAudit | user=jenkins1000 | ip=192.168.5.168 | op=SEND_HEARTBEAT {datanodeUUID=f422ac7f-f504-4d88-a1fc-e574686b78e5, command=[]} | ret=SUCCESS |  
2019-08-20 17:52:29,498 | INFO  | SCMAudit | user=jenkins1000 | ip=192.168.5.168 | op=SEND_HEARTBEAT {datanodeUUID=942f3ca5-282c-4b18-a6c9-ab3dcdde7736, command=[]} | ret=SUCCESS |  
2019-08-20 17:52:29,547 | INFO  | SCMAudit | user=jenkins1000 | ip=192.168.5.168 | op=SEND_HEARTBEAT {datanodeUUID=a1b3d015-5065-43e2-8905-257de401eec3, command=[]} | ret=SUCCESS |  
2019-08-20 17:52:29,659 | INFO  | SCMAudit | user=jenkins1000 | ip=192.168.5.168 | op=SEND_HEARTBEAT {datanodeUUID=a642d756-f146-4629-9c5c-4191dd6901d7, command=[]} | ret=SUCCESS |  
2019-08-20 17:52:29,797 [grpc-default-executor-2] INFO  client.GrpcClientProtocolClient (GrpcClientProtocolClient.java:onNext(255)) - client-6DB83EE41F68->f422ac7f-f504-4d88-a1fc-e574686b78e5: receive RaftClientReply:client-6DB83EE41F68->f422ac7f-f504-4d88-a1fc-e574686b78e5@group-1ABFA3334028, cid=9, FAILED org.apache.ratis.protocol.NotLeaderException: Server f422ac7f-f504-4d88-a1fc-e574686b78e5 is not the leader (ebb8eb41-481f-41e2-a579-fb9b26854023:192.168.5.168:38491). Request must be sent to leader., logIndex=0, commits[f422ac7f-f504-4d88-a1fc-e574686b78e5:c2, 942f3ca5-282c-4b18-a6c9-ab3dcdde7736:c2, ebb8eb41-481f-41e2-a579-fb9b26854023:c2]
2019-08-20 17:52:30,035 | INFO  | SCMAudit | user=jenkins1000 | ip=192.168.5.168 | op=SEND_HEARTBEAT {datanodeUUID=270cb713-a903-4d91-8c81-55946df33bef, command=[]} | ret=SUCCESS |  
2019-08-20 17:52:30,070 | INFO  | SCMAudit | user=jenkins1000 | ip=192.168.5.168 | op=SEND_HEARTBEAT {datanodeUUID=63dfccd5-620f-4a1c-a6a8-6a76abae9bd9, command=[]} | ret=SUCCESS |  
2019-08-20 17:52:30,498 | INFO  | SCMAudit | user=jenkins1000 | ip=192.168.5.168 | op=SEND_HEARTBEAT {datanodeUUID=f422ac7f-f504-4d88-a1fc-e574686b78e5, command=[]} | ret=SUCCESS |  
2019-08-20 17:52:30,498 | INFO  | SCMAudit | user=jenkins1000 | ip=192.168.5.168 | op=SEND_HEARTBEAT {datanodeUUID=942f3ca5-282c-4b18-a6c9-ab3dcdde7736, command=[]} | ret=SUCCESS |  
2019-08-20 17:52:30,547 | INFO  | SCMAudit | user=jenkins1000 | ip=192.168.5.168 | op=SEND_HEARTBEAT {datanodeUUID=a1b3d015-5065-43e2-8905-257de401eec3, command=[]} | ret=SUCCESS |  
2019-08-20 17:52:30,659 | INFO  | SCMAudit | user=jenkins1000 | ip=192.168.5.168 | op=SEND_HEARTBEAT {datanodeUUID=a642d756-f146-4629-9c5c-4191dd6901d7, command=[]} | ret=SUCCESS |  
2019-08-20 17:52:30,825 [grpc-default-executor-3] INFO  client.GrpcClientProtocolClient (GrpcClientProtocolClient.java:onNext(255)) - client-6DB83EE41F68->f422ac7f-f504-4d88-a1fc-e574686b78e5: receive RaftClientReply:client-6DB83EE41F68->f422ac7f-f504-4d88-a1fc-e574686b78e5@group-1ABFA3334028, cid=9, FAILED org.apache.ratis.protocol.NotLeaderException: Server f422ac7f-f504-4d88-a1fc-e574686b78e5 is not the leader (ebb8eb41-481f-41e2-a579-fb9b26854023:192.168.5.168:38491). Request must be sent to leader., logIndex=0, commits[f422ac7f-f504-4d88-a1fc-e574686b78e5:c2, 942f3ca5-282c-4b18-a6c9-ab3dcdde7736:c2, ebb8eb41-481f-41e2-a579-fb9b26854023:c2]
2019-08-20 17:52:31,035 | INFO  | SCMAudit | user=jenkins1000 | ip=192.168.5.168 | op=SEND_HEARTBEAT {datanodeUUID=270cb713-a903-4d91-8c81-55946df33bef, command=[]} | ret=SUCCESS |  
2019-08-20 17:52:31,070 | INFO  | SCMAudit | user=jenkins1000 | ip=192.168.5.168 | op=SEND_HEARTBEAT {datanodeUUID=63dfccd5-620f-4a1c-a6a8-6a76abae9bd9, command=[]} | ret=SUCCESS |  
2019-08-20 17:52:31,498 | INFO  | SCMAudit | user=jenkins1000 | ip=192.168.5.168 | op=SEND_HEARTBEAT {datanodeUUID=942f3ca5-282c-4b18-a6c9-ab3dcdde7736, command=[]} | ret=SUCCESS |  
2019-08-20 17:52:31,498 | INFO  | SCMAudit | user=jenkins1000 | ip=192.168.5.168 | op=SEND_HEARTBEAT {datanodeUUID=f422ac7f-f504-4d88-a1fc-e574686b78e5, command=[]} | ret=SUCCESS |  
2019-08-20 17:52:31,547 | INFO  | SCMAudit | user=jenkins1000 | ip=192.168.5.168 | op=SEND_HEARTBEAT {datanodeUUID=a1b3d015-5065-43e2-8905-257de401eec3, command=[]} | ret=SUCCESS |  
2019-08-20 17:52:31,659 | INFO  | SCMAudit | user=jenkins1000 | ip=192.168.5.168 | op=SEND_HEARTBEAT {datanodeUUID=a642d756-f146-4629-9c5c-4191dd6901d7, command=[]} | ret=SUCCESS |  
2019-08-20 17:52:31,855 [grpc-default-executor-0] INFO  client.GrpcClientProtocolClient (GrpcClientProtocolClient.java:onNext(255)) - client-6DB83EE41F68->f422ac7f-f504-4d88-a1fc-e574686b78e5: receive RaftClientReply:client-6DB83EE41F68->f422ac7f-f504-4d88-a1fc-e574686b78e5@group-1ABFA3334028, cid=9, FAILED org.apache.ratis.protocol.NotLeaderException: Server f422ac7f-f504-4d88-a1fc-e574686b78e5 is not the leader (ebb8eb41-481f-41e2-a579-fb9b26854023:192.168.5.168:38491). Request must be sent to leader., logIndex=0, commits[f422ac7f-f504-4d88-a1fc-e574686b78e5:c2, 942f3ca5-282c-4b18-a6c9-ab3dcdde7736:c2, ebb8eb41-481f-41e2-a579-fb9b26854023:c2]
2019-08-20 17:52:32,036 | INFO  | SCMAudit | user=jenkins1000 | ip=192.168.5.168 | op=SEND_HEARTBEAT {datanodeUUID=270cb713-a903-4d91-8c81-55946df33bef, command=[]} | ret=SUCCESS |  
2019-08-20 17:52:32,070 | INFO  | SCMAudit | user=jenkins1000 | ip=192.168.5.168 | op=SEND_HEARTBEAT {datanodeUUID=63dfccd5-620f-4a1c-a6a8-6a76abae9bd9, command=[]} | ret=SUCCESS |  
2019-08-20 17:52:32,498 | INFO  | SCMAudit | user=jenkins1000 | ip=192.168.5.168 | op=SEND_HEARTBEAT {datanodeUUID=942f3ca5-282c-4b18-a6c9-ab3dcdde7736, command=[]} | ret=SUCCESS |  
2019-08-20 17:52:32,498 | INFO  | SCMAudit | user=jenkins1000 | ip=192.168.5.168 | op=SEND_HEARTBEAT {datanodeUUID=f422ac7f-f504-4d88-a1fc-e574686b78e5, command=[]} | ret=SUCCESS |  
2019-08-20 17:52:32,547 | INFO  | SCMAudit | user=jenkins1000 | ip=192.168.5.168 | op=SEND_HEARTBEAT {datanodeUUID=a1b3d015-5065-43e2-8905-257de401eec3, command=[]} | ret=SUCCESS |  
2019-08-20 17:52:32,660 | INFO  | SCMAudit | user=jenkins1000 | ip=192.168.5.168 | op=SEND_HEARTBEAT {datanodeUUID=a642d756-f146-4629-9c5c-4191dd6901d7, command=[]} | ret=SUCCESS |  
2019-08-20 17:52:32,873 [Thread-288] INFO  impl.FollowerState (FollowerState.java:run(106)) - 942f3ca5-282c-4b18-a6c9-ab3dcdde7736:group-1ABFA3334028 changes to CANDIDATE, lastRpcTime:9522, electionTimeout:5069ms
2019-08-20 17:52:32,875 [Thread-288] INFO  impl.RoleInfo (RoleInfo.java:shutdownFollowerState(121)) - 942f3ca5-282c-4b18-a6c9-ab3dcdde7736: shutdown FollowerState
2019-08-20 17:52:32,875 [Thread-288] INFO  impl.RaftServerImpl (RaftServerImpl.java:setRole(171)) - 942f3ca5-282c-4b18-a6c9-ab3dcdde7736:group-1ABFA3334028 changes role from FOLLOWER to CANDIDATE at term 1 for changeToCandidate
2019-08-20 17:52:32,876 [Thread-288] INFO  impl.RoleInfo (RoleInfo.java:updateAndGet(143)) - 942f3ca5-282c-4b18-a6c9-ab3dcdde7736: start LeaderElection
2019-08-20 17:52:32,877 [942f3ca5-282c-4b18-a6c9-ab3dcdde7736:group-1ABFA3334028:LeaderElection6] INFO  impl.RaftServerImpl (ServerState.java:setLeader(263)) - 942f3ca5-282c-4b18-a6c9-ab3dcdde7736:group-1ABFA3334028 change Leader from ebb8eb41-481f-41e2-a579-fb9b26854023 to null at term 1 for initElection
2019-08-20 17:52:32,887 [grpc-default-executor-3] INFO  client.GrpcClientProtocolClient (GrpcClientProtocolClient.java:onNext(255)) - client-6DB83EE41F68->f422ac7f-f504-4d88-a1fc-e574686b78e5: receive RaftClientReply:client-6DB83EE41F68->f422ac7f-f504-4d88-a1fc-e574686b78e5@group-1ABFA3334028, cid=9, FAILED org.apache.ratis.protocol.NotLeaderException: Server f422ac7f-f504-4d88-a1fc-e574686b78e5 is not the leader (ebb8eb41-481f-41e2-a579-fb9b26854023:192.168.5.168:38491). Request must be sent to leader., logIndex=0, commits[f422ac7f-f504-4d88-a1fc-e574686b78e5:c2, 942f3ca5-282c-4b18-a6c9-ab3dcdde7736:c2, ebb8eb41-481f-41e2-a579-fb9b26854023:c2]
2019-08-20 17:52:33,036 | INFO  | SCMAudit | user=jenkins1000 | ip=192.168.5.168 | op=SEND_HEARTBEAT {datanodeUUID=270cb713-a903-4d91-8c81-55946df33bef, command=[]} | ret=SUCCESS |  
2019-08-20 17:52:33,071 | INFO  | SCMAudit | user=jenkins1000 | ip=192.168.5.168 | op=SEND_HEARTBEAT {datanodeUUID=63dfccd5-620f-4a1c-a6a8-6a76abae9bd9, command=[]} | ret=SUCCESS |  
2019-08-20 17:52:33,156 [Thread-292] INFO  impl.FollowerState (FollowerState.java:run(106)) - f422ac7f-f504-4d88-a1fc-e574686b78e5:group-1ABFA3334028 changes to CANDIDATE, lastRpcTime:9804, electionTimeout:5100ms
2019-08-20 17:52:33,156 [Thread-292] INFO  impl.RoleInfo (RoleInfo.java:shutdownFollowerState(121)) - f422ac7f-f504-4d88-a1fc-e574686b78e5: shutdown FollowerState
2019-08-20 17:52:33,156 [Thread-292] INFO  impl.RaftServerImpl (RaftServerImpl.java:setRole(171)) - f422ac7f-f504-4d88-a1fc-e574686b78e5:group-1ABFA3334028 changes role from FOLLOWER to CANDIDATE at term 1 for changeToCandidate
2019-08-20 17:52:33,157 [Thread-292] INFO  impl.RoleInfo (RoleInfo.java:updateAndGet(143)) - f422ac7f-f504-4d88-a1fc-e574686b78e5: start LeaderElection
2019-08-20 17:52:33,159 [f422ac7f-f504-4d88-a1fc-e574686b78e5:group-1ABFA3334028:LeaderElection7] INFO  impl.RaftServerImpl (ServerState.java:setLeader(263)) - f422ac7f-f504-4d88-a1fc-e574686b78e5:group-1ABFA3334028 change Leader from ebb8eb41-481f-41e2-a579-fb9b26854023 to null at term 1 for initElection
2019-08-20 17:52:33,498 | INFO  | SCMAudit | user=jenkins1000 | ip=192.168.5.168 | op=SEND_HEARTBEAT {datanodeUUID=942f3ca5-282c-4b18-a6c9-ab3dcdde7736, command=[]} | ret=SUCCESS |  
2019-08-20 17:52:33,498 | INFO  | SCMAudit | user=jenkins1000 | ip=192.168.5.168 | op=SEND_HEARTBEAT {datanodeUUID=f422ac7f-f504-4d88-a1fc-e574686b78e5, command=[]} | ret=SUCCESS |  
2019-08-20 17:52:33,548 | INFO  | SCMAudit | user=jenkins1000 | ip=192.168.5.168 | op=SEND_HEARTBEAT {datanodeUUID=a1b3d015-5065-43e2-8905-257de401eec3, command=[]} | ret=SUCCESS |  
2019-08-20 17:52:33,660 | INFO  | SCMAudit | user=jenkins1000 | ip=192.168.5.168 | op=SEND_HEARTBEAT {datanodeUUID=a642d756-f146-4629-9c5c-4191dd6901d7, command=[]} | ret=SUCCESS |  
2019-08-20 17:52:33,913 [grpc-default-executor-2] INFO  client.GrpcClientProtocolClient (GrpcClientProtocolClient.java:onNext(255)) - client-6DB83EE41F68->f422ac7f-f504-4d88-a1fc-e574686b78e5: receive RaftClientReply:client-6DB83EE41F68->f422ac7f-f504-4d88-a1fc-e574686b78e5@group-1ABFA3334028, cid=9, FAILED org.apache.ratis.protocol.NotLeaderException: Server f422ac7f-f504-4d88-a1fc-e574686b78e5 is not the leader (null). Request must be sent to leader., logIndex=0, commits[f422ac7f-f504-4d88-a1fc-e574686b78e5:c2, 942f3ca5-282c-4b18-a6c9-ab3dcdde7736:c2, ebb8eb41-481f-41e2-a579-fb9b26854023:c2]
2019-08-20 17:52:34,037 | INFO  | SCMAudit | user=jenkins1000 | ip=192.168.5.168 | op=SEND_HEARTBEAT {datanodeUUID=270cb713-a903-4d91-8c81-55946df33bef, command=[]} | ret=SUCCESS |  
2019-08-20 17:52:34,071 | INFO  | SCMAudit | user=jenkins1000 | ip=192.168.5.168 | op=SEND_HEARTBEAT {datanodeUUID=63dfccd5-620f-4a1c-a6a8-6a76abae9bd9, command=[]} | ret=SUCCESS |  
2019-08-20 17:52:34,498 | INFO  | SCMAudit | user=jenkins1000 | ip=192.168.5.168 | op=SEND_HEARTBEAT {datanodeUUID=942f3ca5-282c-4b18-a6c9-ab3dcdde7736, command=[]} | ret=SUCCESS |  
2019-08-20 17:52:34,498 | INFO  | SCMAudit | user=jenkins1000 | ip=192.168.5.168 | op=SEND_HEARTBEAT {datanodeUUID=f422ac7f-f504-4d88-a1fc-e574686b78e5, command=[]} | ret=SUCCESS |  
2019-08-20 17:52:34,548 | INFO  | SCMAudit | user=jenkins1000 | ip=192.168.5.168 | op=SEND_HEARTBEAT {datanodeUUID=a1b3d015-5065-43e2-8905-257de401eec3, command=[]} | ret=SUCCESS |  
2019-08-20 17:52:34,661 | INFO  | SCMAudit | user=jenkins1000 | ip=192.168.5.168 | op=SEND_HEARTBEAT {datanodeUUID=a642d756-f146-4629-9c5c-4191dd6901d7, command=[]} | ret=SUCCESS |  
]]></system-out>
    <system-err><![CDATA[Aug 20, 2019 5:52:00 PM com.sun.jersey.server.impl.application.WebApplicationImpl _initiate
INFO: Initiating Jersey application, version 'Jersey: 1.19 02/11/2015 03:25 AM'
Aug 20, 2019 5:52:01 PM com.sun.jersey.server.impl.application.WebApplicationImpl _initiate
INFO: Initiating Jersey application, version 'Jersey: 1.19 02/11/2015 03:25 AM'
Aug 20, 2019 5:52:01 PM com.sun.jersey.server.impl.application.WebApplicationImpl _initiate
INFO: Initiating Jersey application, version 'Jersey: 1.19 02/11/2015 03:25 AM'
Aug 20, 2019 5:52:01 PM com.sun.jersey.server.impl.application.WebApplicationImpl _initiate
INFO: Initiating Jersey application, version 'Jersey: 1.19 02/11/2015 03:25 AM'
Aug 20, 2019 5:52:01 PM com.sun.jersey.server.impl.application.WebApplicationImpl _initiate
INFO: Initiating Jersey application, version 'Jersey: 1.19 02/11/2015 03:25 AM'
Aug 20, 2019 5:52:02 PM com.sun.jersey.server.impl.application.WebApplicationImpl _initiate
INFO: Initiating Jersey application, version 'Jersey: 1.19 02/11/2015 03:25 AM'
Aug 20, 2019 5:52:02 PM com.sun.jersey.server.impl.application.WebApplicationImpl _initiate
INFO: Initiating Jersey application, version 'Jersey: 1.19 02/11/2015 03:25 AM'
]]></system-err>
  </testcase>
</testsuite>