<?xml version="1.0" encoding="UTF-8"?>
<testsuite xmlns:xsi="http://www.w3.org/2001/XMLSchema-instance" xsi:noNamespaceSchemaLocation="https://maven.apache.org/surefire/maven-surefire-plugin/xsd/surefire-test-report.xsd" name="org.apache.hadoop.hdds.scm.pipeline.TestRatisPipelineCreateAndDestory" time="69.478" tests="2" errors="1" skipped="0" failures="0">
  <properties>
    <property name="awt.toolkit" value="sun.awt.X11.XToolkit"/>
    <property name="file.encoding.pkg" value="sun.io"/>
    <property name="java.specification.version" value="1.8"/>
    <property name="sun.cpu.isalist" value=""/>
    <property name="sun.jnu.encoding" value="UTF-8"/>
    <property name="java.class.path" value="/workdir/hadoop-ozone/integration-test/target/test-classes:/workdir/hadoop-ozone/integration-test/target/classes:/home/user/.m2/repository/org/apache/hadoop/hadoop-ozone-common/0.5.0-SNAPSHOT/hadoop-ozone-common-0.5.0-SNAPSHOT.jar:/home/user/.m2/repository/org/apache/commons/commons-compress/1.4.1/commons-compress-1.4.1.jar:/home/user/.m2/repository/org/tukaani/xz/1.0/xz-1.0.jar:/home/user/.m2/repository/org/apache/hadoop/hadoop-common/3.2.0/hadoop-common-3.2.0.jar:/home/user/.m2/repository/org/apache/hadoop/hadoop-hdfs/3.2.0/hadoop-hdfs-3.2.0.jar:/home/user/.m2/repository/org/apache/hadoop/hadoop-hdfs-client/3.2.0/hadoop-hdfs-client-3.2.0.jar:/home/user/.m2/repository/com/fasterxml/jackson/core/jackson-annotations/2.9.5/jackson-annotations-2.9.5.jar:/home/user/.m2/repository/org/apache/hadoop/hadoop-hdds-common/0.5.0-SNAPSHOT/hadoop-hdds-common-0.5.0-SNAPSHOT.jar:/home/user/.m2/repository/javax/annotation/javax.annotation-api/1.2/javax.annotation-api-1.2.jar:/home/user/.m2/repository/org/apache/ratis/ratis-server/0.4.0-2337318-SNAPSHOT/ratis-server-0.4.0-2337318-SNAPSHOT.jar:/home/user/.m2/repository/org/apache/ratis/ratis-thirdparty-misc/0.2.0/ratis-thirdparty-misc-0.2.0.jar:/home/user/.m2/repository/org/apache/ratis/ratis-proto/0.4.0-2337318-SNAPSHOT/ratis-proto-0.4.0-2337318-SNAPSHOT.jar:/home/user/.m2/repository/org/apache/ratis/ratis-common/0.4.0-2337318-SNAPSHOT/ratis-common-0.4.0-2337318-SNAPSHOT.jar:/home/user/.m2/repository/org/apache/ratis/ratis-client/0.4.0-2337318-SNAPSHOT/ratis-client-0.4.0-2337318-SNAPSHOT.jar:/home/user/.m2/repository/org/apache/ratis/ratis-metrics/0.4.0-2337318-SNAPSHOT/ratis-metrics-0.4.0-2337318-SNAPSHOT.jar:/home/user/.m2/repository/org/apache/ratis/ratis-netty/0.4.0-2337318-SNAPSHOT/ratis-netty-0.4.0-2337318-SNAPSHOT.jar:/home/user/.m2/repository/org/apache/ratis/ratis-grpc/0.4.0-2337318-SNAPSHOT/ratis-grpc-0.4.0-2337318-SNAPSHOT.jar:/home/user/.m2/repository/org/rocksdb/rocksdbjni/6.0.1/rocksdbjni-6.0.1.jar:/home/user/.m2/repository/org/apache/logging/log4j/log4j-api/2.11.0/log4j-api-2.11.0.jar:/home/user/.m2/repository/org/apache/logging/log4j/log4j-core/2.11.0/log4j-core-2.11.0.jar:/home/user/.m2/repository/com/lmax/disruptor/3.4.2/disruptor-3.4.2.jar:/home/user/.m2/repository/org/apache/commons/commons-pool2/2.6.0/commons-pool2-2.6.0.jar:/home/user/.m2/repository/org/bouncycastle/bcpkix-jdk15on/1.60/bcpkix-jdk15on-1.60.jar:/home/user/.m2/repository/commons-validator/commons-validator/1.6/commons-validator-1.6.jar:/home/user/.m2/repository/commons-digester/commons-digester/1.8.1/commons-digester-1.8.1.jar:/home/user/.m2/repository/io/jaegertracing/jaeger-client/0.33.1/jaeger-client-0.33.1.jar:/home/user/.m2/repository/io/jaegertracing/jaeger-thrift/0.33.1/jaeger-thrift-0.33.1.jar:/home/user/.m2/repository/org/apache/thrift/libthrift/0.11.0/libthrift-0.11.0.jar:/home/user/.m2/repository/com/squareup/okhttp3/okhttp/3.9.0/okhttp-3.9.0.jar:/home/user/.m2/repository/com/squareup/okio/okio/1.13.0/okio-1.13.0.jar:/home/user/.m2/repository/io/jaegertracing/jaeger-core/0.33.1/jaeger-core-0.33.1.jar:/home/user/.m2/repository/io/jaegertracing/jaeger-tracerresolver/0.33.1/jaeger-tracerresolver-0.33.1.jar:/home/user/.m2/repository/io/opentracing/contrib/opentracing-tracerresolver/0.1.5/opentracing-tracerresolver-0.1.5.jar:/home/user/.m2/repository/io/opentracing/opentracing-util/0.31.0/opentracing-util-0.31.0.jar:/home/user/.m2/repository/io/opentracing/opentracing-api/0.31.0/opentracing-api-0.31.0.jar:/home/user/.m2/repository/io/opentracing/opentracing-noop/0.31.0/opentracing-noop-0.31.0.jar:/home/user/.m2/repository/org/apache/hadoop/hadoop-hdds-server-framework/0.5.0-SNAPSHOT/hadoop-hdds-server-framework-0.5.0-SNAPSHOT.jar:/home/user/.m2/repository/org/apache/hadoop/hadoop-hdds-container-service/0.5.0-SNAPSHOT/hadoop-hdds-container-service-0.5.0-SNAPSHOT.jar:/home/user/.m2/repository/org/apache/hadoop/hadoop-hdds-client/0.5.0-SNAPSHOT/hadoop-hdds-client-0.5.0-SNAPSHOT.jar:/home/user/.m2/repository/org/apache/hadoop/hadoop-hdds-tools/0.5.0-SNAPSHOT/hadoop-hdds-tools-0.5.0-SNAPSHOT.jar:/home/user/.m2/repository/org/apache/hadoop/hadoop-hdds-server-scm/0.5.0-SNAPSHOT/hadoop-hdds-server-scm-0.5.0-SNAPSHOT.jar:/home/user/.m2/repository/org/apache/hadoop/hadoop-hdds-docs/0.5.0-SNAPSHOT/hadoop-hdds-docs-0.5.0-SNAPSHOT.jar:/home/user/.m2/repository/io/dropwizard/metrics/metrics-core/3.2.4/metrics-core-3.2.4.jar:/home/user/.m2/repository/org/hamcrest/hamcrest-all/1.3/hamcrest-all-1.3.jar:/home/user/.m2/repository/org/bouncycastle/bcprov-jdk15on/1.60/bcprov-jdk15on-1.60.jar:/home/user/.m2/repository/info/picocli/picocli/3.9.6/picocli-3.9.6.jar:/home/user/.m2/repository/com/google/protobuf/protobuf-java/2.5.0/protobuf-java-2.5.0.jar:/home/user/.m2/repository/com/google/guava/guava/11.0.2/guava-11.0.2.jar:/home/user/.m2/repository/org/apache/hadoop/hadoop-ozone-ozone-manager/0.5.0-SNAPSHOT/hadoop-ozone-ozone-manager-0.5.0-SNAPSHOT.jar:/home/user/.m2/repository/org/apache/hadoop/hadoop-minikdc/3.2.0/hadoop-minikdc-3.2.0.jar:/home/user/.m2/repository/commons-io/commons-io/2.5/commons-io-2.5.jar:/home/user/.m2/repository/org/apache/kerby/kerb-simplekdc/1.0.1/kerb-simplekdc-1.0.1.jar:/home/user/.m2/repository/org/apache/kerby/kerb-client/1.0.1/kerb-client-1.0.1.jar:/home/user/.m2/repository/org/apache/kerby/kerby-config/1.0.1/kerby-config-1.0.1.jar:/home/user/.m2/repository/org/apache/kerby/kerb-core/1.0.1/kerb-core-1.0.1.jar:/home/user/.m2/repository/org/apache/kerby/kerby-pkix/1.0.1/kerby-pkix-1.0.1.jar:/home/user/.m2/repository/org/apache/kerby/kerby-asn1/1.0.1/kerby-asn1-1.0.1.jar:/home/user/.m2/repository/org/apache/kerby/kerby-util/1.0.1/kerby-util-1.0.1.jar:/home/user/.m2/repository/org/apache/kerby/kerb-common/1.0.1/kerb-common-1.0.1.jar:/home/user/.m2/repository/org/apache/kerby/kerb-crypto/1.0.1/kerb-crypto-1.0.1.jar:/home/user/.m2/repository/org/apache/kerby/kerb-util/1.0.1/kerb-util-1.0.1.jar:/home/user/.m2/repository/org/apache/kerby/token-provider/1.0.1/token-provider-1.0.1.jar:/home/user/.m2/repository/org/apache/kerby/kerb-admin/1.0.1/kerb-admin-1.0.1.jar:/home/user/.m2/repository/org/apache/kerby/kerb-server/1.0.1/kerb-server-1.0.1.jar:/home/user/.m2/repository/org/apache/kerby/kerb-identity/1.0.1/kerb-identity-1.0.1.jar:/home/user/.m2/repository/org/apache/kerby/kerby-xdr/1.0.1/kerby-xdr-1.0.1.jar:/home/user/.m2/repository/org/slf4j/slf4j-log4j12/1.7.25/slf4j-log4j12-1.7.25.jar:/home/user/.m2/repository/org/apache/hadoop/hadoop-ozone-objectstore-service/0.5.0-SNAPSHOT/hadoop-ozone-objectstore-service-0.5.0-SNAPSHOT.jar:/home/user/.m2/repository/org/apache/hadoop/hadoop-ozone-s3gateway/0.5.0-SNAPSHOT/hadoop-ozone-s3gateway-0.5.0-SNAPSHOT.jar:/home/user/.m2/repository/org/jboss/weld/servlet/weld-servlet/2.4.7.Final/weld-servlet-2.4.7.Final.jar:/home/user/.m2/repository/org/glassfish/jersey/containers/jersey-container-servlet-core/2.27/jersey-container-servlet-core-2.27.jar:/home/user/.m2/repository/org/glassfish/hk2/external/javax.inject/2.5.0-b42/javax.inject-2.5.0-b42.jar:/home/user/.m2/repository/org/glassfish/jersey/core/jersey-common/2.27/jersey-common-2.27.jar:/home/user/.m2/repository/org/glassfish/hk2/osgi-resource-locator/1.0.1/osgi-resource-locator-1.0.1.jar:/home/user/.m2/repository/javax/ws/rs/javax.ws.rs-api/2.1/javax.ws.rs-api-2.1.jar:/home/user/.m2/repository/org/glassfish/jersey/ext/cdi/jersey-cdi1x/2.27/jersey-cdi1x-2.27.jar:/home/user/.m2/repository/org/glassfish/jersey/inject/jersey-hk2/2.27/jersey-hk2-2.27.jar:/home/user/.m2/repository/org/glassfish/hk2/hk2-locator/2.5.0-b42/hk2-locator-2.5.0-b42.jar:/home/user/.m2/repository/org/javassist/javassist/3.22.0-CR2/javassist-3.22.0-CR2.jar:/home/user/.m2/repository/org/glassfish/hk2/hk2-api/2.5.0/hk2-api-2.5.0.jar:/home/user/.m2/repository/org/glassfish/hk2/external/jakarta.inject/2.5.0/jakarta.inject-2.5.0.jar:/home/user/.m2/repository/org/glassfish/hk2/hk2-utils/2.5.0/hk2-utils-2.5.0.jar:/home/user/.m2/repository/jakarta/annotation/jakarta.annotation-api/1.3.4/jakarta.annotation-api-1.3.4.jar:/home/user/.m2/repository/org/glassfish/hk2/external/aopalliance-repackaged/2.5.0/aopalliance-repackaged-2.5.0.jar:/home/user/.m2/repository/com/fasterxml/jackson/dataformat/jackson-dataformat-xml/2.9.0/jackson-dataformat-xml-2.9.0.jar:/home/user/.m2/repository/com/fasterxml/jackson/core/jackson-core/2.9.5/jackson-core-2.9.5.jar:/home/user/.m2/repository/com/fasterxml/jackson/module/jackson-module-jaxb-annotations/2.9.5/jackson-module-jaxb-annotations-2.9.5.jar:/home/user/.m2/repository/javax/enterprise/cdi-api/1.2/cdi-api-1.2.jar:/home/user/.m2/repository/javax/el/javax.el-api/3.0.0/javax.el-api-3.0.0.jar:/home/user/.m2/repository/javax/interceptor/javax.interceptor-api/1.2/javax.interceptor-api-1.2.jar:/home/user/.m2/repository/javax/inject/javax.inject/1/javax.inject-1.jar:/home/user/.m2/repository/com/sun/xml/bind/jaxb-impl/2.3.0.1/jaxb-impl-2.3.0.1.jar:/home/user/.m2/repository/com/sun/xml/bind/jaxb-core/2.3.0.1/jaxb-core-2.3.0.1.jar:/home/user/.m2/repository/javax/xml/bind/jaxb-api/2.3.0/jaxb-api-2.3.0.jar:/home/user/.m2/repository/javax/activation/activation/1.1.1/activation-1.1.1.jar:/home/user/.m2/repository/org/apache/hadoop/hadoop-ozone-csi/0.5.0-SNAPSHOT/hadoop-ozone-csi-0.5.0-SNAPSHOT.jar:/home/user/.m2/repository/com/google/protobuf/protobuf-java-util/3.5.1/protobuf-java-util-3.5.1.jar:/home/user/.m2/repository/org/apache/hadoop/hadoop-hdds-config/0.5.0-SNAPSHOT/hadoop-hdds-config-0.5.0-SNAPSHOT.jar:/home/user/.m2/repository/io/grpc/grpc-netty/1.17.1/grpc-netty-1.17.1.jar:/home/user/.m2/repository/io/grpc/grpc-core/1.17.1/grpc-core-1.17.1.jar:/home/user/.m2/repository/io/grpc/grpc-context/1.17.1/grpc-context-1.17.1.jar:/home/user/.m2/repository/com/google/errorprone/error_prone_annotations/2.2.0/error_prone_annotations-2.2.0.jar:/home/user/.m2/repository/org/codehaus/mojo/animal-sniffer-annotations/1.17/animal-sniffer-annotations-1.17.jar:/home/user/.m2/repository/io/opencensus/opencensus-api/0.17.0/opencensus-api-0.17.0.jar:/home/user/.m2/repository/io/opencensus/opencensus-contrib-grpc-metrics/0.17.0/opencensus-contrib-grpc-metrics-0.17.0.jar:/home/user/.m2/repository/io/netty/netty-codec-http2/4.1.30.Final/netty-codec-http2-4.1.30.Final.jar:/home/user/.m2/repository/io/netty/netty-codec-http/4.1.30.Final/netty-codec-http-4.1.30.Final.jar:/home/user/.m2/repository/io/netty/netty-codec/4.1.30.Final/netty-codec-4.1.30.Final.jar:/home/user/.m2/repository/io/netty/netty-handler/4.1.30.Final/netty-handler-4.1.30.Final.jar:/home/user/.m2/repository/io/netty/netty-handler-proxy/4.1.30.Final/netty-handler-proxy-4.1.30.Final.jar:/home/user/.m2/repository/io/netty/netty-codec-socks/4.1.30.Final/netty-codec-socks-4.1.30.Final.jar:/home/user/.m2/repository/io/netty/netty-transport-native-epoll/4.1.30.Final/netty-transport-native-epoll-4.1.30.Final.jar:/home/user/.m2/repository/io/netty/netty-common/4.1.30.Final/netty-common-4.1.30.Final.jar:/home/user/.m2/repository/io/netty/netty-buffer/4.1.30.Final/netty-buffer-4.1.30.Final.jar:/home/user/.m2/repository/io/netty/netty-transport/4.1.30.Final/netty-transport-4.1.30.Final.jar:/home/user/.m2/repository/io/netty/netty-resolver/4.1.30.Final/netty-resolver-4.1.30.Final.jar:/home/user/.m2/repository/io/netty/netty-transport-native-unix-common/4.1.30.Final/netty-transport-native-unix-common-4.1.30.Final.jar:/home/user/.m2/repository/io/grpc/grpc-protobuf/1.17.1/grpc-protobuf-1.17.1.jar:/home/user/.m2/repository/com/google/api/grpc/proto-google-common-protos/1.0.0/proto-google-common-protos-1.0.0.jar:/home/user/.m2/repository/io/grpc/grpc-protobuf-lite/1.17.1/grpc-protobuf-lite-1.17.1.jar:/home/user/.m2/repository/io/grpc/grpc-stub/1.17.1/grpc-stub-1.17.1.jar:/home/user/.m2/repository/org/apache/hadoop/hadoop-ozone-recon/0.5.0-SNAPSHOT/hadoop-ozone-recon-0.5.0-SNAPSHOT.jar:/home/user/.m2/repository/org/apache/hadoop/hadoop-ozone-reconcodegen/0.5.0-SNAPSHOT/hadoop-ozone-reconcodegen-0.5.0-SNAPSHOT.jar:/home/user/.m2/repository/com/google/inject/extensions/guice-multibindings/4.0/guice-multibindings-4.0.jar:/home/user/.m2/repository/com/google/inject/guice/4.0/guice-4.0.jar:/home/user/.m2/repository/aopalliance/aopalliance/1.0/aopalliance-1.0.jar:/home/user/.m2/repository/com/google/inject/extensions/guice-servlet/4.0/guice-servlet-4.0.jar:/home/user/.m2/repository/org/glassfish/jersey/containers/jersey-container-servlet/2.27/jersey-container-servlet-2.27.jar:/home/user/.m2/repository/org/glassfish/hk2/guice-bridge/2.5.0/guice-bridge-2.5.0.jar:/home/user/.m2/repository/org/glassfish/jersey/core/jersey-server/2.27/jersey-server-2.27.jar:/home/user/.m2/repository/org/glassfish/jersey/core/jersey-client/2.27/jersey-client-2.27.jar:/home/user/.m2/repository/org/glassfish/jersey/media/jersey-media-jaxb/2.27/jersey-media-jaxb-2.27.jar:/home/user/.m2/repository/javax/validation/validation-api/1.1.0.Final/validation-api-1.1.0.Final.jar:/home/user/.m2/repository/org/glassfish/jersey/media/jersey-media-json-jackson/2.27/jersey-media-json-jackson-2.27.jar:/home/user/.m2/repository/org/glassfish/jersey/ext/jersey-entity-filtering/2.27/jersey-entity-filtering-2.27.jar:/home/user/.m2/repository/com/google/inject/extensions/guice-assistedinject/4.0/guice-assistedinject-4.0.jar:/home/user/.m2/repository/org/jooq/jooq/3.11.10/jooq-3.11.10.jar:/home/user/.m2/repository/org/jooq/jooq-meta/3.11.10/jooq-meta-3.11.10.jar:/home/user/.m2/repository/org/jooq/jooq-codegen/3.11.10/jooq-codegen-3.11.10.jar:/home/user/.m2/repository/com/jolbox/bonecp/0.8.0.RELEASE/bonecp-0.8.0.RELEASE.jar:/home/user/.m2/repository/org/xerial/sqlite-jdbc/3.25.2/sqlite-jdbc-3.25.2.jar:/home/user/.m2/repository/org/springframework/spring-jdbc/5.1.3.RELEASE/spring-jdbc-5.1.3.RELEASE.jar:/home/user/.m2/repository/org/springframework/spring-beans/5.1.3.RELEASE/spring-beans-5.1.3.RELEASE.jar:/home/user/.m2/repository/org/springframework/spring-core/5.1.3.RELEASE/spring-core-5.1.3.RELEASE.jar:/home/user/.m2/repository/org/springframework/spring-jcl/5.1.3.RELEASE/spring-jcl-5.1.3.RELEASE.jar:/home/user/.m2/repository/org/springframework/spring-tx/5.1.3.RELEASE/spring-tx-5.1.3.RELEASE.jar:/home/user/.m2/repository/org/apache/hadoop/hadoop-ozone-client/0.5.0-SNAPSHOT/hadoop-ozone-client-0.5.0-SNAPSHOT.jar:/home/user/.m2/repository/commons-lang/commons-lang/2.6/commons-lang-2.6.jar:/home/user/.m2/repository/org/apache/hadoop/hadoop-ozone-ozone-manager/0.5.0-SNAPSHOT/hadoop-ozone-ozone-manager-0.5.0-SNAPSHOT-tests.jar:/home/user/.m2/repository/junit/junit/4.11/junit-4.11.jar:/home/user/.m2/repository/org/hamcrest/hamcrest-core/1.3/hamcrest-core-1.3.jar:/home/user/.m2/repository/org/openjdk/jmh/jmh-core/1.19/jmh-core-1.19.jar:/home/user/.m2/repository/net/sf/jopt-simple/jopt-simple/4.6/jopt-simple-4.6.jar:/home/user/.m2/repository/org/apache/commons/commons-math3/3.1.1/commons-math3-3.1.1.jar:/home/user/.m2/repository/org/openjdk/jmh/jmh-generator-annprocess/1.19/jmh-generator-annprocess-1.19.jar:/home/user/.m2/repository/org/mockito/mockito-all/1.8.5/mockito-all-1.8.5.jar:/home/user/.m2/repository/org/apache/hadoop/hadoop-kms/3.2.0/hadoop-kms-3.2.0.jar:/home/user/.m2/repository/org/apache/hadoop/hadoop-auth/3.2.0/hadoop-auth-3.2.0.jar:/home/user/.m2/repository/com/nimbusds/nimbus-jose-jwt/4.41.1/nimbus-jose-jwt-4.41.1.jar:/home/user/.m2/repository/com/github/stephenc/jcip/jcip-annotations/1.0-1/jcip-annotations-1.0-1.jar:/home/user/.m2/repository/net/minidev/json-smart/2.3/json-smart-2.3.jar:/home/user/.m2/repository/net/minidev/accessors-smart/1.2/accessors-smart-1.2.jar:/home/user/.m2/repository/org/ow2/asm/asm/5.0.4/asm-5.0.4.jar:/home/user/.m2/repository/org/apache/curator/curator-framework/2.12.0/curator-framework-2.12.0.jar:/home/user/.m2/repository/com/sun/jersey/jersey-core/1.19/jersey-core-1.19.jar:/home/user/.m2/repository/javax/ws/rs/jsr311-api/1.1.1/jsr311-api-1.1.1.jar:/home/user/.m2/repository/com/sun/jersey/jersey-server/1.19/jersey-server-1.19.jar:/home/user/.m2/repository/javax/servlet/javax.servlet-api/3.1.0/javax.servlet-api-3.1.0.jar:/home/user/.m2/repository/org/eclipse/jetty/jetty-server/9.3.24.v20180605/jetty-server-9.3.24.v20180605.jar:/home/user/.m2/repository/org/eclipse/jetty/jetty-http/9.3.24.v20180605/jetty-http-9.3.24.v20180605.jar:/home/user/.m2/repository/org/eclipse/jetty/jetty-io/9.3.24.v20180605/jetty-io-9.3.24.v20180605.jar:/home/user/.m2/repository/org/eclipse/jetty/jetty-webapp/9.3.24.v20180605/jetty-webapp-9.3.24.v20180605.jar:/home/user/.m2/repository/org/eclipse/jetty/jetty-xml/9.3.24.v20180605/jetty-xml-9.3.24.v20180605.jar:/home/user/.m2/repository/log4j/log4j/1.2.17/log4j-1.2.17.jar:/home/user/.m2/repository/org/slf4j/slf4j-api/1.7.25/slf4j-api-1.7.25.jar:/home/user/.m2/repository/org/slf4j/jul-to-slf4j/1.7.25/jul-to-slf4j-1.7.25.jar:/home/user/.m2/repository/org/eclipse/jetty/jetty-util/9.3.24.v20180605/jetty-util-9.3.24.v20180605.jar:/home/user/.m2/repository/com/fasterxml/jackson/core/jackson-databind/2.9.5/jackson-databind-2.9.5.jar:/home/user/.m2/repository/org/apache/hadoop/hadoop-kms/3.2.0/hadoop-kms-3.2.0-tests.jar:/home/user/.m2/repository/org/apache/hadoop/hadoop-hdds-server-scm/0.5.0-SNAPSHOT/hadoop-hdds-server-scm-0.5.0-SNAPSHOT-tests.jar:/home/user/.m2/repository/org/apache/hadoop/hadoop-hdds-container-service/0.5.0-SNAPSHOT/hadoop-hdds-container-service-0.5.0-SNAPSHOT-tests.jar:/home/user/.m2/repository/org/yaml/snakeyaml/1.16/snakeyaml-1.16.jar:/home/user/.m2/repository/org/apache/hadoop/hadoop-common/3.2.0/hadoop-common-3.2.0-tests.jar:/home/user/.m2/repository/org/apache/hadoop/hadoop-annotations/3.2.0/hadoop-annotations-3.2.0.jar:/usr/lib/jvm/java-1.8-openjdk/jre/../lib/tools.jar:/home/user/.m2/repository/commons-cli/commons-cli/1.2/commons-cli-1.2.jar:/home/user/.m2/repository/org/apache/httpcomponents/httpclient/4.5.2/httpclient-4.5.2.jar:/home/user/.m2/repository/org/apache/httpcomponents/httpcore/4.4.4/httpcore-4.4.4.jar:/home/user/.m2/repository/commons-codec/commons-codec/1.11/commons-codec-1.11.jar:/home/user/.m2/repository/commons-net/commons-net/3.6/commons-net-3.6.jar:/home/user/.m2/repository/commons-collections/commons-collections/3.2.2/commons-collections-3.2.2.jar:/home/user/.m2/repository/org/eclipse/jetty/jetty-servlet/9.3.24.v20180605/jetty-servlet-9.3.24.v20180605.jar:/home/user/.m2/repository/org/eclipse/jetty/jetty-security/9.3.24.v20180605/jetty-security-9.3.24.v20180605.jar:/home/user/.m2/repository/javax/servlet/jsp/jsp-api/2.1/jsp-api-2.1.jar:/home/user/.m2/repository/com/sun/jersey/jersey-servlet/1.19/jersey-servlet-1.19.jar:/home/user/.m2/repository/com/sun/jersey/jersey-json/1.19/jersey-json-1.19.jar:/home/user/.m2/repository/org/codehaus/jettison/jettison/1.1/jettison-1.1.jar:/home/user/.m2/repository/org/codehaus/jackson/jackson-core-asl/1.9.13/jackson-core-asl-1.9.13.jar:/home/user/.m2/repository/org/codehaus/jackson/jackson-mapper-asl/1.9.13/jackson-mapper-asl-1.9.13.jar:/home/user/.m2/repository/org/codehaus/jackson/jackson-jaxrs/1.9.13/jackson-jaxrs-1.9.13.jar:/home/user/.m2/repository/org/codehaus/jackson/jackson-xc/1.9.13/jackson-xc-1.9.13.jar:/home/user/.m2/repository/commons-logging/commons-logging/1.1.3/commons-logging-1.1.3.jar:/home/user/.m2/repository/commons-beanutils/commons-beanutils/1.9.3/commons-beanutils-1.9.3.jar:/home/user/.m2/repository/org/apache/commons/commons-configuration2/2.1.1/commons-configuration2-2.1.1.jar:/home/user/.m2/repository/org/apache/commons/commons-lang3/3.7/commons-lang3-3.7.jar:/home/user/.m2/repository/org/apache/commons/commons-text/1.4/commons-text-1.4.jar:/home/user/.m2/repository/org/apache/avro/avro/1.7.7/avro-1.7.7.jar:/home/user/.m2/repository/com/thoughtworks/paranamer/paranamer/2.3/paranamer-2.3.jar:/home/user/.m2/repository/org/xerial/snappy/snappy-java/1.0.5/snappy-java-1.0.5.jar:/home/user/.m2/repository/com/google/re2j/re2j/1.1/re2j-1.1.jar:/home/user/.m2/repository/com/google/code/gson/gson/2.2.4/gson-2.2.4.jar:/home/user/.m2/repository/com/jcraft/jsch/0.1.54/jsch-0.1.54.jar:/home/user/.m2/repository/org/apache/curator/curator-client/2.12.0/curator-client-2.12.0.jar:/home/user/.m2/repository/org/apache/curator/curator-recipes/2.12.0/curator-recipes-2.12.0.jar:/home/user/.m2/repository/com/google/code/findbugs/jsr305/3.0.0/jsr305-3.0.0.jar:/home/user/.m2/repository/org/apache/htrace/htrace-core4/4.1.0-incubating/htrace-core4-4.1.0-incubating.jar:/home/user/.m2/repository/org/apache/zookeeper/zookeeper/3.4.13/zookeeper-3.4.13.jar:/home/user/.m2/repository/org/apache/yetus/audience-annotations/0.5.0/audience-annotations-0.5.0.jar:/home/user/.m2/repository/org/codehaus/woodstox/stax2-api/3.1.4/stax2-api-3.1.4.jar:/home/user/.m2/repository/com/fasterxml/woodstox/woodstox-core/5.0.3/woodstox-core-5.0.3.jar:/home/user/.m2/repository/dnsjava/dnsjava/2.1.7/dnsjava-2.1.7.jar:/home/user/.m2/repository/org/apache/hadoop/hadoop-hdfs/3.2.0/hadoop-hdfs-3.2.0-tests.jar:/home/user/.m2/repository/org/eclipse/jetty/jetty-util-ajax/9.3.24.v20180605/jetty-util-ajax-9.3.24.v20180605.jar:/home/user/.m2/repository/commons-daemon/commons-daemon/1.0.13/commons-daemon-1.0.13.jar:/home/user/.m2/repository/io/netty/netty/3.10.5.Final/netty-3.10.5.Final.jar:/home/user/.m2/repository/io/netty/netty-all/4.0.52.Final/netty-all-4.0.52.Final.jar:/home/user/.m2/repository/org/fusesource/leveldbjni/leveldbjni-all/1.8/leveldbjni-all-1.8.jar:"/>
    <property name="java.vm.vendor" value="IcedTea"/>
    <property name="sun.arch.data.model" value="64"/>
    <property name="test.build.dir" value="/workdir/hadoop-ozone/integration-test/target/test-dir"/>
    <property name="test.cache.data" value=""/>
    <property name="java.vendor.url" value="https://icedtea.classpath.org"/>
    <property name="user.timezone" value=""/>
    <property name="java.vm.specification.version" value="1.8"/>
    <property name="os.name" value="Linux"/>
    <property name="test.build.data" value="/workdir/hadoop-ozone/integration-test/target/test-dir"/>
    <property name="user.country" value="US"/>
    <property name="sun.java.launcher" value="SUN_STANDARD"/>
    <property name="sun.boot.library.path" value="/usr/lib/jvm/java-1.8-openjdk/jre/lib/amd64"/>
    <property name="sun.java.command" value="/workdir/hadoop-ozone/integration-test/target/surefire/surefirebooter2045635280069822878.jar /workdir/hadoop-ozone/integration-test/target/surefire 2019-08-20T17-04-00_547-jvmRun1 surefire4484538631405287455tmp surefire_883832703947513326182tmp"/>
    <property name="test" value="!TestMiniChaosOzoneCluster"/>
    <property name="surefire.test.class.path" value="/workdir/hadoop-ozone/integration-test/target/test-classes:/workdir/hadoop-ozone/integration-test/target/classes:/home/user/.m2/repository/org/apache/hadoop/hadoop-ozone-common/0.5.0-SNAPSHOT/hadoop-ozone-common-0.5.0-SNAPSHOT.jar:/home/user/.m2/repository/org/apache/commons/commons-compress/1.4.1/commons-compress-1.4.1.jar:/home/user/.m2/repository/org/tukaani/xz/1.0/xz-1.0.jar:/home/user/.m2/repository/org/apache/hadoop/hadoop-common/3.2.0/hadoop-common-3.2.0.jar:/home/user/.m2/repository/org/apache/hadoop/hadoop-hdfs/3.2.0/hadoop-hdfs-3.2.0.jar:/home/user/.m2/repository/org/apache/hadoop/hadoop-hdfs-client/3.2.0/hadoop-hdfs-client-3.2.0.jar:/home/user/.m2/repository/com/fasterxml/jackson/core/jackson-annotations/2.9.5/jackson-annotations-2.9.5.jar:/home/user/.m2/repository/org/apache/hadoop/hadoop-hdds-common/0.5.0-SNAPSHOT/hadoop-hdds-common-0.5.0-SNAPSHOT.jar:/home/user/.m2/repository/javax/annotation/javax.annotation-api/1.2/javax.annotation-api-1.2.jar:/home/user/.m2/repository/org/apache/ratis/ratis-server/0.4.0-2337318-SNAPSHOT/ratis-server-0.4.0-2337318-SNAPSHOT.jar:/home/user/.m2/repository/org/apache/ratis/ratis-thirdparty-misc/0.2.0/ratis-thirdparty-misc-0.2.0.jar:/home/user/.m2/repository/org/apache/ratis/ratis-proto/0.4.0-2337318-SNAPSHOT/ratis-proto-0.4.0-2337318-SNAPSHOT.jar:/home/user/.m2/repository/org/apache/ratis/ratis-common/0.4.0-2337318-SNAPSHOT/ratis-common-0.4.0-2337318-SNAPSHOT.jar:/home/user/.m2/repository/org/apache/ratis/ratis-client/0.4.0-2337318-SNAPSHOT/ratis-client-0.4.0-2337318-SNAPSHOT.jar:/home/user/.m2/repository/org/apache/ratis/ratis-metrics/0.4.0-2337318-SNAPSHOT/ratis-metrics-0.4.0-2337318-SNAPSHOT.jar:/home/user/.m2/repository/org/apache/ratis/ratis-netty/0.4.0-2337318-SNAPSHOT/ratis-netty-0.4.0-2337318-SNAPSHOT.jar:/home/user/.m2/repository/org/apache/ratis/ratis-grpc/0.4.0-2337318-SNAPSHOT/ratis-grpc-0.4.0-2337318-SNAPSHOT.jar:/home/user/.m2/repository/org/rocksdb/rocksdbjni/6.0.1/rocksdbjni-6.0.1.jar:/home/user/.m2/repository/org/apache/logging/log4j/log4j-api/2.11.0/log4j-api-2.11.0.jar:/home/user/.m2/repository/org/apache/logging/log4j/log4j-core/2.11.0/log4j-core-2.11.0.jar:/home/user/.m2/repository/com/lmax/disruptor/3.4.2/disruptor-3.4.2.jar:/home/user/.m2/repository/org/apache/commons/commons-pool2/2.6.0/commons-pool2-2.6.0.jar:/home/user/.m2/repository/org/bouncycastle/bcpkix-jdk15on/1.60/bcpkix-jdk15on-1.60.jar:/home/user/.m2/repository/commons-validator/commons-validator/1.6/commons-validator-1.6.jar:/home/user/.m2/repository/commons-digester/commons-digester/1.8.1/commons-digester-1.8.1.jar:/home/user/.m2/repository/io/jaegertracing/jaeger-client/0.33.1/jaeger-client-0.33.1.jar:/home/user/.m2/repository/io/jaegertracing/jaeger-thrift/0.33.1/jaeger-thrift-0.33.1.jar:/home/user/.m2/repository/org/apache/thrift/libthrift/0.11.0/libthrift-0.11.0.jar:/home/user/.m2/repository/com/squareup/okhttp3/okhttp/3.9.0/okhttp-3.9.0.jar:/home/user/.m2/repository/com/squareup/okio/okio/1.13.0/okio-1.13.0.jar:/home/user/.m2/repository/io/jaegertracing/jaeger-core/0.33.1/jaeger-core-0.33.1.jar:/home/user/.m2/repository/io/jaegertracing/jaeger-tracerresolver/0.33.1/jaeger-tracerresolver-0.33.1.jar:/home/user/.m2/repository/io/opentracing/contrib/opentracing-tracerresolver/0.1.5/opentracing-tracerresolver-0.1.5.jar:/home/user/.m2/repository/io/opentracing/opentracing-util/0.31.0/opentracing-util-0.31.0.jar:/home/user/.m2/repository/io/opentracing/opentracing-api/0.31.0/opentracing-api-0.31.0.jar:/home/user/.m2/repository/io/opentracing/opentracing-noop/0.31.0/opentracing-noop-0.31.0.jar:/home/user/.m2/repository/org/apache/hadoop/hadoop-hdds-server-framework/0.5.0-SNAPSHOT/hadoop-hdds-server-framework-0.5.0-SNAPSHOT.jar:/home/user/.m2/repository/org/apache/hadoop/hadoop-hdds-container-service/0.5.0-SNAPSHOT/hadoop-hdds-container-service-0.5.0-SNAPSHOT.jar:/home/user/.m2/repository/org/apache/hadoop/hadoop-hdds-client/0.5.0-SNAPSHOT/hadoop-hdds-client-0.5.0-SNAPSHOT.jar:/home/user/.m2/repository/org/apache/hadoop/hadoop-hdds-tools/0.5.0-SNAPSHOT/hadoop-hdds-tools-0.5.0-SNAPSHOT.jar:/home/user/.m2/repository/org/apache/hadoop/hadoop-hdds-server-scm/0.5.0-SNAPSHOT/hadoop-hdds-server-scm-0.5.0-SNAPSHOT.jar:/home/user/.m2/repository/org/apache/hadoop/hadoop-hdds-docs/0.5.0-SNAPSHOT/hadoop-hdds-docs-0.5.0-SNAPSHOT.jar:/home/user/.m2/repository/io/dropwizard/metrics/metrics-core/3.2.4/metrics-core-3.2.4.jar:/home/user/.m2/repository/org/hamcrest/hamcrest-all/1.3/hamcrest-all-1.3.jar:/home/user/.m2/repository/org/bouncycastle/bcprov-jdk15on/1.60/bcprov-jdk15on-1.60.jar:/home/user/.m2/repository/info/picocli/picocli/3.9.6/picocli-3.9.6.jar:/home/user/.m2/repository/com/google/protobuf/protobuf-java/2.5.0/protobuf-java-2.5.0.jar:/home/user/.m2/repository/com/google/guava/guava/11.0.2/guava-11.0.2.jar:/home/user/.m2/repository/org/apache/hadoop/hadoop-ozone-ozone-manager/0.5.0-SNAPSHOT/hadoop-ozone-ozone-manager-0.5.0-SNAPSHOT.jar:/home/user/.m2/repository/org/apache/hadoop/hadoop-minikdc/3.2.0/hadoop-minikdc-3.2.0.jar:/home/user/.m2/repository/commons-io/commons-io/2.5/commons-io-2.5.jar:/home/user/.m2/repository/org/apache/kerby/kerb-simplekdc/1.0.1/kerb-simplekdc-1.0.1.jar:/home/user/.m2/repository/org/apache/kerby/kerb-client/1.0.1/kerb-client-1.0.1.jar:/home/user/.m2/repository/org/apache/kerby/kerby-config/1.0.1/kerby-config-1.0.1.jar:/home/user/.m2/repository/org/apache/kerby/kerb-core/1.0.1/kerb-core-1.0.1.jar:/home/user/.m2/repository/org/apache/kerby/kerby-pkix/1.0.1/kerby-pkix-1.0.1.jar:/home/user/.m2/repository/org/apache/kerby/kerby-asn1/1.0.1/kerby-asn1-1.0.1.jar:/home/user/.m2/repository/org/apache/kerby/kerby-util/1.0.1/kerby-util-1.0.1.jar:/home/user/.m2/repository/org/apache/kerby/kerb-common/1.0.1/kerb-common-1.0.1.jar:/home/user/.m2/repository/org/apache/kerby/kerb-crypto/1.0.1/kerb-crypto-1.0.1.jar:/home/user/.m2/repository/org/apache/kerby/kerb-util/1.0.1/kerb-util-1.0.1.jar:/home/user/.m2/repository/org/apache/kerby/token-provider/1.0.1/token-provider-1.0.1.jar:/home/user/.m2/repository/org/apache/kerby/kerb-admin/1.0.1/kerb-admin-1.0.1.jar:/home/user/.m2/repository/org/apache/kerby/kerb-server/1.0.1/kerb-server-1.0.1.jar:/home/user/.m2/repository/org/apache/kerby/kerb-identity/1.0.1/kerb-identity-1.0.1.jar:/home/user/.m2/repository/org/apache/kerby/kerby-xdr/1.0.1/kerby-xdr-1.0.1.jar:/home/user/.m2/repository/org/slf4j/slf4j-log4j12/1.7.25/slf4j-log4j12-1.7.25.jar:/home/user/.m2/repository/org/apache/hadoop/hadoop-ozone-objectstore-service/0.5.0-SNAPSHOT/hadoop-ozone-objectstore-service-0.5.0-SNAPSHOT.jar:/home/user/.m2/repository/org/apache/hadoop/hadoop-ozone-s3gateway/0.5.0-SNAPSHOT/hadoop-ozone-s3gateway-0.5.0-SNAPSHOT.jar:/home/user/.m2/repository/org/jboss/weld/servlet/weld-servlet/2.4.7.Final/weld-servlet-2.4.7.Final.jar:/home/user/.m2/repository/org/glassfish/jersey/containers/jersey-container-servlet-core/2.27/jersey-container-servlet-core-2.27.jar:/home/user/.m2/repository/org/glassfish/hk2/external/javax.inject/2.5.0-b42/javax.inject-2.5.0-b42.jar:/home/user/.m2/repository/org/glassfish/jersey/core/jersey-common/2.27/jersey-common-2.27.jar:/home/user/.m2/repository/org/glassfish/hk2/osgi-resource-locator/1.0.1/osgi-resource-locator-1.0.1.jar:/home/user/.m2/repository/javax/ws/rs/javax.ws.rs-api/2.1/javax.ws.rs-api-2.1.jar:/home/user/.m2/repository/org/glassfish/jersey/ext/cdi/jersey-cdi1x/2.27/jersey-cdi1x-2.27.jar:/home/user/.m2/repository/org/glassfish/jersey/inject/jersey-hk2/2.27/jersey-hk2-2.27.jar:/home/user/.m2/repository/org/glassfish/hk2/hk2-locator/2.5.0-b42/hk2-locator-2.5.0-b42.jar:/home/user/.m2/repository/org/javassist/javassist/3.22.0-CR2/javassist-3.22.0-CR2.jar:/home/user/.m2/repository/org/glassfish/hk2/hk2-api/2.5.0/hk2-api-2.5.0.jar:/home/user/.m2/repository/org/glassfish/hk2/external/jakarta.inject/2.5.0/jakarta.inject-2.5.0.jar:/home/user/.m2/repository/org/glassfish/hk2/hk2-utils/2.5.0/hk2-utils-2.5.0.jar:/home/user/.m2/repository/jakarta/annotation/jakarta.annotation-api/1.3.4/jakarta.annotation-api-1.3.4.jar:/home/user/.m2/repository/org/glassfish/hk2/external/aopalliance-repackaged/2.5.0/aopalliance-repackaged-2.5.0.jar:/home/user/.m2/repository/com/fasterxml/jackson/dataformat/jackson-dataformat-xml/2.9.0/jackson-dataformat-xml-2.9.0.jar:/home/user/.m2/repository/com/fasterxml/jackson/core/jackson-core/2.9.5/jackson-core-2.9.5.jar:/home/user/.m2/repository/com/fasterxml/jackson/module/jackson-module-jaxb-annotations/2.9.5/jackson-module-jaxb-annotations-2.9.5.jar:/home/user/.m2/repository/javax/enterprise/cdi-api/1.2/cdi-api-1.2.jar:/home/user/.m2/repository/javax/el/javax.el-api/3.0.0/javax.el-api-3.0.0.jar:/home/user/.m2/repository/javax/interceptor/javax.interceptor-api/1.2/javax.interceptor-api-1.2.jar:/home/user/.m2/repository/javax/inject/javax.inject/1/javax.inject-1.jar:/home/user/.m2/repository/com/sun/xml/bind/jaxb-impl/2.3.0.1/jaxb-impl-2.3.0.1.jar:/home/user/.m2/repository/com/sun/xml/bind/jaxb-core/2.3.0.1/jaxb-core-2.3.0.1.jar:/home/user/.m2/repository/javax/xml/bind/jaxb-api/2.3.0/jaxb-api-2.3.0.jar:/home/user/.m2/repository/javax/activation/activation/1.1.1/activation-1.1.1.jar:/home/user/.m2/repository/org/apache/hadoop/hadoop-ozone-csi/0.5.0-SNAPSHOT/hadoop-ozone-csi-0.5.0-SNAPSHOT.jar:/home/user/.m2/repository/com/google/protobuf/protobuf-java-util/3.5.1/protobuf-java-util-3.5.1.jar:/home/user/.m2/repository/org/apache/hadoop/hadoop-hdds-config/0.5.0-SNAPSHOT/hadoop-hdds-config-0.5.0-SNAPSHOT.jar:/home/user/.m2/repository/io/grpc/grpc-netty/1.17.1/grpc-netty-1.17.1.jar:/home/user/.m2/repository/io/grpc/grpc-core/1.17.1/grpc-core-1.17.1.jar:/home/user/.m2/repository/io/grpc/grpc-context/1.17.1/grpc-context-1.17.1.jar:/home/user/.m2/repository/com/google/errorprone/error_prone_annotations/2.2.0/error_prone_annotations-2.2.0.jar:/home/user/.m2/repository/org/codehaus/mojo/animal-sniffer-annotations/1.17/animal-sniffer-annotations-1.17.jar:/home/user/.m2/repository/io/opencensus/opencensus-api/0.17.0/opencensus-api-0.17.0.jar:/home/user/.m2/repository/io/opencensus/opencensus-contrib-grpc-metrics/0.17.0/opencensus-contrib-grpc-metrics-0.17.0.jar:/home/user/.m2/repository/io/netty/netty-codec-http2/4.1.30.Final/netty-codec-http2-4.1.30.Final.jar:/home/user/.m2/repository/io/netty/netty-codec-http/4.1.30.Final/netty-codec-http-4.1.30.Final.jar:/home/user/.m2/repository/io/netty/netty-codec/4.1.30.Final/netty-codec-4.1.30.Final.jar:/home/user/.m2/repository/io/netty/netty-handler/4.1.30.Final/netty-handler-4.1.30.Final.jar:/home/user/.m2/repository/io/netty/netty-handler-proxy/4.1.30.Final/netty-handler-proxy-4.1.30.Final.jar:/home/user/.m2/repository/io/netty/netty-codec-socks/4.1.30.Final/netty-codec-socks-4.1.30.Final.jar:/home/user/.m2/repository/io/netty/netty-transport-native-epoll/4.1.30.Final/netty-transport-native-epoll-4.1.30.Final.jar:/home/user/.m2/repository/io/netty/netty-common/4.1.30.Final/netty-common-4.1.30.Final.jar:/home/user/.m2/repository/io/netty/netty-buffer/4.1.30.Final/netty-buffer-4.1.30.Final.jar:/home/user/.m2/repository/io/netty/netty-transport/4.1.30.Final/netty-transport-4.1.30.Final.jar:/home/user/.m2/repository/io/netty/netty-resolver/4.1.30.Final/netty-resolver-4.1.30.Final.jar:/home/user/.m2/repository/io/netty/netty-transport-native-unix-common/4.1.30.Final/netty-transport-native-unix-common-4.1.30.Final.jar:/home/user/.m2/repository/io/grpc/grpc-protobuf/1.17.1/grpc-protobuf-1.17.1.jar:/home/user/.m2/repository/com/google/api/grpc/proto-google-common-protos/1.0.0/proto-google-common-protos-1.0.0.jar:/home/user/.m2/repository/io/grpc/grpc-protobuf-lite/1.17.1/grpc-protobuf-lite-1.17.1.jar:/home/user/.m2/repository/io/grpc/grpc-stub/1.17.1/grpc-stub-1.17.1.jar:/home/user/.m2/repository/org/apache/hadoop/hadoop-ozone-recon/0.5.0-SNAPSHOT/hadoop-ozone-recon-0.5.0-SNAPSHOT.jar:/home/user/.m2/repository/org/apache/hadoop/hadoop-ozone-reconcodegen/0.5.0-SNAPSHOT/hadoop-ozone-reconcodegen-0.5.0-SNAPSHOT.jar:/home/user/.m2/repository/com/google/inject/extensions/guice-multibindings/4.0/guice-multibindings-4.0.jar:/home/user/.m2/repository/com/google/inject/guice/4.0/guice-4.0.jar:/home/user/.m2/repository/aopalliance/aopalliance/1.0/aopalliance-1.0.jar:/home/user/.m2/repository/com/google/inject/extensions/guice-servlet/4.0/guice-servlet-4.0.jar:/home/user/.m2/repository/org/glassfish/jersey/containers/jersey-container-servlet/2.27/jersey-container-servlet-2.27.jar:/home/user/.m2/repository/org/glassfish/hk2/guice-bridge/2.5.0/guice-bridge-2.5.0.jar:/home/user/.m2/repository/org/glassfish/jersey/core/jersey-server/2.27/jersey-server-2.27.jar:/home/user/.m2/repository/org/glassfish/jersey/core/jersey-client/2.27/jersey-client-2.27.jar:/home/user/.m2/repository/org/glassfish/jersey/media/jersey-media-jaxb/2.27/jersey-media-jaxb-2.27.jar:/home/user/.m2/repository/javax/validation/validation-api/1.1.0.Final/validation-api-1.1.0.Final.jar:/home/user/.m2/repository/org/glassfish/jersey/media/jersey-media-json-jackson/2.27/jersey-media-json-jackson-2.27.jar:/home/user/.m2/repository/org/glassfish/jersey/ext/jersey-entity-filtering/2.27/jersey-entity-filtering-2.27.jar:/home/user/.m2/repository/com/google/inject/extensions/guice-assistedinject/4.0/guice-assistedinject-4.0.jar:/home/user/.m2/repository/org/jooq/jooq/3.11.10/jooq-3.11.10.jar:/home/user/.m2/repository/org/jooq/jooq-meta/3.11.10/jooq-meta-3.11.10.jar:/home/user/.m2/repository/org/jooq/jooq-codegen/3.11.10/jooq-codegen-3.11.10.jar:/home/user/.m2/repository/com/jolbox/bonecp/0.8.0.RELEASE/bonecp-0.8.0.RELEASE.jar:/home/user/.m2/repository/org/xerial/sqlite-jdbc/3.25.2/sqlite-jdbc-3.25.2.jar:/home/user/.m2/repository/org/springframework/spring-jdbc/5.1.3.RELEASE/spring-jdbc-5.1.3.RELEASE.jar:/home/user/.m2/repository/org/springframework/spring-beans/5.1.3.RELEASE/spring-beans-5.1.3.RELEASE.jar:/home/user/.m2/repository/org/springframework/spring-core/5.1.3.RELEASE/spring-core-5.1.3.RELEASE.jar:/home/user/.m2/repository/org/springframework/spring-jcl/5.1.3.RELEASE/spring-jcl-5.1.3.RELEASE.jar:/home/user/.m2/repository/org/springframework/spring-tx/5.1.3.RELEASE/spring-tx-5.1.3.RELEASE.jar:/home/user/.m2/repository/org/apache/hadoop/hadoop-ozone-client/0.5.0-SNAPSHOT/hadoop-ozone-client-0.5.0-SNAPSHOT.jar:/home/user/.m2/repository/commons-lang/commons-lang/2.6/commons-lang-2.6.jar:/home/user/.m2/repository/org/apache/hadoop/hadoop-ozone-ozone-manager/0.5.0-SNAPSHOT/hadoop-ozone-ozone-manager-0.5.0-SNAPSHOT-tests.jar:/home/user/.m2/repository/junit/junit/4.11/junit-4.11.jar:/home/user/.m2/repository/org/hamcrest/hamcrest-core/1.3/hamcrest-core-1.3.jar:/home/user/.m2/repository/org/openjdk/jmh/jmh-core/1.19/jmh-core-1.19.jar:/home/user/.m2/repository/net/sf/jopt-simple/jopt-simple/4.6/jopt-simple-4.6.jar:/home/user/.m2/repository/org/apache/commons/commons-math3/3.1.1/commons-math3-3.1.1.jar:/home/user/.m2/repository/org/openjdk/jmh/jmh-generator-annprocess/1.19/jmh-generator-annprocess-1.19.jar:/home/user/.m2/repository/org/mockito/mockito-all/1.8.5/mockito-all-1.8.5.jar:/home/user/.m2/repository/org/apache/hadoop/hadoop-kms/3.2.0/hadoop-kms-3.2.0.jar:/home/user/.m2/repository/org/apache/hadoop/hadoop-auth/3.2.0/hadoop-auth-3.2.0.jar:/home/user/.m2/repository/com/nimbusds/nimbus-jose-jwt/4.41.1/nimbus-jose-jwt-4.41.1.jar:/home/user/.m2/repository/com/github/stephenc/jcip/jcip-annotations/1.0-1/jcip-annotations-1.0-1.jar:/home/user/.m2/repository/net/minidev/json-smart/2.3/json-smart-2.3.jar:/home/user/.m2/repository/net/minidev/accessors-smart/1.2/accessors-smart-1.2.jar:/home/user/.m2/repository/org/ow2/asm/asm/5.0.4/asm-5.0.4.jar:/home/user/.m2/repository/org/apache/curator/curator-framework/2.12.0/curator-framework-2.12.0.jar:/home/user/.m2/repository/com/sun/jersey/jersey-core/1.19/jersey-core-1.19.jar:/home/user/.m2/repository/javax/ws/rs/jsr311-api/1.1.1/jsr311-api-1.1.1.jar:/home/user/.m2/repository/com/sun/jersey/jersey-server/1.19/jersey-server-1.19.jar:/home/user/.m2/repository/javax/servlet/javax.servlet-api/3.1.0/javax.servlet-api-3.1.0.jar:/home/user/.m2/repository/org/eclipse/jetty/jetty-server/9.3.24.v20180605/jetty-server-9.3.24.v20180605.jar:/home/user/.m2/repository/org/eclipse/jetty/jetty-http/9.3.24.v20180605/jetty-http-9.3.24.v20180605.jar:/home/user/.m2/repository/org/eclipse/jetty/jetty-io/9.3.24.v20180605/jetty-io-9.3.24.v20180605.jar:/home/user/.m2/repository/org/eclipse/jetty/jetty-webapp/9.3.24.v20180605/jetty-webapp-9.3.24.v20180605.jar:/home/user/.m2/repository/org/eclipse/jetty/jetty-xml/9.3.24.v20180605/jetty-xml-9.3.24.v20180605.jar:/home/user/.m2/repository/log4j/log4j/1.2.17/log4j-1.2.17.jar:/home/user/.m2/repository/org/slf4j/slf4j-api/1.7.25/slf4j-api-1.7.25.jar:/home/user/.m2/repository/org/slf4j/jul-to-slf4j/1.7.25/jul-to-slf4j-1.7.25.jar:/home/user/.m2/repository/org/eclipse/jetty/jetty-util/9.3.24.v20180605/jetty-util-9.3.24.v20180605.jar:/home/user/.m2/repository/com/fasterxml/jackson/core/jackson-databind/2.9.5/jackson-databind-2.9.5.jar:/home/user/.m2/repository/org/apache/hadoop/hadoop-kms/3.2.0/hadoop-kms-3.2.0-tests.jar:/home/user/.m2/repository/org/apache/hadoop/hadoop-hdds-server-scm/0.5.0-SNAPSHOT/hadoop-hdds-server-scm-0.5.0-SNAPSHOT-tests.jar:/home/user/.m2/repository/org/apache/hadoop/hadoop-hdds-container-service/0.5.0-SNAPSHOT/hadoop-hdds-container-service-0.5.0-SNAPSHOT-tests.jar:/home/user/.m2/repository/org/yaml/snakeyaml/1.16/snakeyaml-1.16.jar:/home/user/.m2/repository/org/apache/hadoop/hadoop-common/3.2.0/hadoop-common-3.2.0-tests.jar:/home/user/.m2/repository/org/apache/hadoop/hadoop-annotations/3.2.0/hadoop-annotations-3.2.0.jar:/usr/lib/jvm/java-1.8-openjdk/jre/../lib/tools.jar:/home/user/.m2/repository/commons-cli/commons-cli/1.2/commons-cli-1.2.jar:/home/user/.m2/repository/org/apache/httpcomponents/httpclient/4.5.2/httpclient-4.5.2.jar:/home/user/.m2/repository/org/apache/httpcomponents/httpcore/4.4.4/httpcore-4.4.4.jar:/home/user/.m2/repository/commons-codec/commons-codec/1.11/commons-codec-1.11.jar:/home/user/.m2/repository/commons-net/commons-net/3.6/commons-net-3.6.jar:/home/user/.m2/repository/commons-collections/commons-collections/3.2.2/commons-collections-3.2.2.jar:/home/user/.m2/repository/org/eclipse/jetty/jetty-servlet/9.3.24.v20180605/jetty-servlet-9.3.24.v20180605.jar:/home/user/.m2/repository/org/eclipse/jetty/jetty-security/9.3.24.v20180605/jetty-security-9.3.24.v20180605.jar:/home/user/.m2/repository/javax/servlet/jsp/jsp-api/2.1/jsp-api-2.1.jar:/home/user/.m2/repository/com/sun/jersey/jersey-servlet/1.19/jersey-servlet-1.19.jar:/home/user/.m2/repository/com/sun/jersey/jersey-json/1.19/jersey-json-1.19.jar:/home/user/.m2/repository/org/codehaus/jettison/jettison/1.1/jettison-1.1.jar:/home/user/.m2/repository/org/codehaus/jackson/jackson-core-asl/1.9.13/jackson-core-asl-1.9.13.jar:/home/user/.m2/repository/org/codehaus/jackson/jackson-mapper-asl/1.9.13/jackson-mapper-asl-1.9.13.jar:/home/user/.m2/repository/org/codehaus/jackson/jackson-jaxrs/1.9.13/jackson-jaxrs-1.9.13.jar:/home/user/.m2/repository/org/codehaus/jackson/jackson-xc/1.9.13/jackson-xc-1.9.13.jar:/home/user/.m2/repository/commons-logging/commons-logging/1.1.3/commons-logging-1.1.3.jar:/home/user/.m2/repository/commons-beanutils/commons-beanutils/1.9.3/commons-beanutils-1.9.3.jar:/home/user/.m2/repository/org/apache/commons/commons-configuration2/2.1.1/commons-configuration2-2.1.1.jar:/home/user/.m2/repository/org/apache/commons/commons-lang3/3.7/commons-lang3-3.7.jar:/home/user/.m2/repository/org/apache/commons/commons-text/1.4/commons-text-1.4.jar:/home/user/.m2/repository/org/apache/avro/avro/1.7.7/avro-1.7.7.jar:/home/user/.m2/repository/com/thoughtworks/paranamer/paranamer/2.3/paranamer-2.3.jar:/home/user/.m2/repository/org/xerial/snappy/snappy-java/1.0.5/snappy-java-1.0.5.jar:/home/user/.m2/repository/com/google/re2j/re2j/1.1/re2j-1.1.jar:/home/user/.m2/repository/com/google/code/gson/gson/2.2.4/gson-2.2.4.jar:/home/user/.m2/repository/com/jcraft/jsch/0.1.54/jsch-0.1.54.jar:/home/user/.m2/repository/org/apache/curator/curator-client/2.12.0/curator-client-2.12.0.jar:/home/user/.m2/repository/org/apache/curator/curator-recipes/2.12.0/curator-recipes-2.12.0.jar:/home/user/.m2/repository/com/google/code/findbugs/jsr305/3.0.0/jsr305-3.0.0.jar:/home/user/.m2/repository/org/apache/htrace/htrace-core4/4.1.0-incubating/htrace-core4-4.1.0-incubating.jar:/home/user/.m2/repository/org/apache/zookeeper/zookeeper/3.4.13/zookeeper-3.4.13.jar:/home/user/.m2/repository/org/apache/yetus/audience-annotations/0.5.0/audience-annotations-0.5.0.jar:/home/user/.m2/repository/org/codehaus/woodstox/stax2-api/3.1.4/stax2-api-3.1.4.jar:/home/user/.m2/repository/com/fasterxml/woodstox/woodstox-core/5.0.3/woodstox-core-5.0.3.jar:/home/user/.m2/repository/dnsjava/dnsjava/2.1.7/dnsjava-2.1.7.jar:/home/user/.m2/repository/org/apache/hadoop/hadoop-hdfs/3.2.0/hadoop-hdfs-3.2.0-tests.jar:/home/user/.m2/repository/org/eclipse/jetty/jetty-util-ajax/9.3.24.v20180605/jetty-util-ajax-9.3.24.v20180605.jar:/home/user/.m2/repository/commons-daemon/commons-daemon/1.0.13/commons-daemon-1.0.13.jar:/home/user/.m2/repository/io/netty/netty/3.10.5.Final/netty-3.10.5.Final.jar:/home/user/.m2/repository/io/netty/netty-all/4.0.52.Final/netty-all-4.0.52.Final.jar:/home/user/.m2/repository/org/fusesource/leveldbjni/leveldbjni-all/1.8/leveldbjni-all-1.8.jar:"/>
    <property name="sun.cpu.endian" value="little"/>
    <property name="user.home" value="/home/user"/>
    <property name="user.language" value="en"/>
    <property name="java.specification.vendor" value="Oracle Corporation"/>
    <property name="java.home" value="/usr/lib/jvm/java-1.8-openjdk/jre"/>
    <property name="java.security.krb5.conf" value="/workdir/hadoop-ozone/integration-test/target/test-classes/krb5.conf"/>
    <property name="basedir" value="/workdir/hadoop-ozone/integration-test"/>
    <property name="file.separator" value="/"/>
    <property name="line.separator" value="&#10;"/>
    <property name="java.vm.specification.vendor" value="Oracle Corporation"/>
    <property name="java.specification.name" value="Java Platform API Specification"/>
    <property name="java.awt.graphicsenv" value="sun.awt.X11GraphicsEnvironment"/>
    <property name="surefire.real.class.path" value="/workdir/hadoop-ozone/integration-test/target/surefire/surefirebooter2045635280069822878.jar"/>
    <property name="hadoop.log.dir" value="/workdir/hadoop-ozone/integration-test/target/log"/>
    <property name="sun.boot.class.path" value="/usr/lib/jvm/java-1.8-openjdk/jre/lib/resources.jar:/usr/lib/jvm/java-1.8-openjdk/jre/lib/rt.jar:/usr/lib/jvm/java-1.8-openjdk/jre/lib/sunrsasign.jar:/usr/lib/jvm/java-1.8-openjdk/jre/lib/jsse.jar:/usr/lib/jvm/java-1.8-openjdk/jre/lib/jce.jar:/usr/lib/jvm/java-1.8-openjdk/jre/lib/charsets.jar:/usr/lib/jvm/java-1.8-openjdk/jre/lib/jfr.jar:/usr/lib/jvm/java-1.8-openjdk/jre/classes"/>
    <property name="sun.management.compiler" value="HotSpot 64-Bit Tiered Compilers"/>
    <property name="java.runtime.version" value="1.8.0_212-b04"/>
    <property name="java.net.preferIPv4Stack" value="true"/>
    <property name="user.name" value="jenkins1000"/>
    <property name="path.separator" value=":"/>
    <property name="java.security.egd" value="file:///dev/urandom"/>
    <property name="os.version" value="3.10.0-957.12.2.el7.x86_64"/>
    <property name="java.endorsed.dirs" value="/usr/lib/jvm/java-1.8-openjdk/jre/lib/endorsed"/>
    <property name="java.runtime.name" value="OpenJDK Runtime Environment"/>
    <property name="file.encoding" value="UTF-8"/>
    <property name="java.vm.name" value="OpenJDK 64-Bit Server VM"/>
    <property name="test.build.webapps" value=""/>
    <property name="localRepository" value="/home/user/.m2/repository"/>
    <property name="java.vendor.url.bug" value="https://icedtea.classpath.org/bugzilla"/>
    <property name="java.io.tmpdir" value="/tmp"/>
    <property name="require.test.libhadoop" value=""/>
    <property name="java.version" value="1.8.0_212"/>
    <property name="user.dir" value="/workdir/hadoop-ozone/integration-test"/>
    <property name="os.arch" value="amd64"/>
    <property name="java.vm.specification.name" value="Java Virtual Machine Specification"/>
    <property name="test.build.classes" value="/workdir/hadoop-ozone/integration-test/target/test-classes"/>
    <property name="java.awt.printerjob" value="sun.print.PSPrinterJob"/>
    <property name="sun.os.patch.level" value="unknown"/>
    <property name="hadoop.tmp.dir" value="/workdir/hadoop-ozone/integration-test/target/tmp"/>
    <property name="java.library.path" value="/usr/lib/jvm/java-1.8-openjdk/jre/lib/amd64/server:/usr/lib/jvm/java-1.8-openjdk/jre/lib/amd64:/usr/lib/jvm/java-1.8-openjdk/jre/../lib/amd64:/workdir/hadoop-ozone/integration-test/target/native/target/usr/local/lib:/workdir/hadoop-ozone/integration-test/../../hadoop-common-project/hadoop-common/target/native/target/usr/local/lib:/usr/java/packages/lib/amd64:/usr/lib64:/lib64:/lib:/usr/lib"/>
    <property name="java.vm.info" value="mixed mode"/>
    <property name="java.vendor" value="IcedTea"/>
    <property name="java.vm.version" value="25.212-b04"/>
    <property name="java.ext.dirs" value="/usr/lib/jvm/java-1.8-openjdk/jre/lib/ext:/usr/java/packages/lib/ext"/>
    <property name="sun.io.unicode.encoding" value="UnicodeLittle"/>
    <property name="java.class.version" value="52.0"/>
  </properties>
  <testcase name="testAutomaticPipelineCreationOnPipelineDestroy" classname="org.apache.hadoop.hdds.scm.pipeline.TestRatisPipelineCreateAndDestory" time="28.078"/>
  <testcase name="testPipelineCreationOnNodeRestart" classname="org.apache.hadoop.hdds.scm.pipeline.TestRatisPipelineCreateAndDestory" time="41.172">
    <error message="test timed out after 30000 milliseconds" type="java.lang.Exception">java.lang.Exception: test timed out after 30000 milliseconds
	at java.lang.Thread.sleep(Native Method)
	at org.apache.hadoop.test.GenericTestUtils.waitFor(GenericTestUtils.java:382)
	at org.apache.hadoop.hdds.scm.pipeline.TestRatisPipelineCreateAndDestory.waitForPipelines(TestRatisPipelineCreateAndDestory.java:126)
	at org.apache.hadoop.hdds.scm.pipeline.TestRatisPipelineCreateAndDestory.testPipelineCreationOnNodeRestart(TestRatisPipelineCreateAndDestory.java:121)
	at sun.reflect.NativeMethodAccessorImpl.invoke0(Native Method)
	at sun.reflect.NativeMethodAccessorImpl.invoke(NativeMethodAccessorImpl.java:62)
	at sun.reflect.DelegatingMethodAccessorImpl.invoke(DelegatingMethodAccessorImpl.java:43)
	at java.lang.reflect.Method.invoke(Method.java:498)
	at org.junit.runners.model.FrameworkMethod$1.runReflectiveCall(FrameworkMethod.java:47)
	at org.junit.internal.runners.model.ReflectiveCallable.run(ReflectiveCallable.java:12)
	at org.junit.runners.model.FrameworkMethod.invokeExplosively(FrameworkMethod.java:44)
	at org.junit.internal.runners.statements.InvokeMethod.evaluate(InvokeMethod.java:17)
	at org.junit.internal.runners.statements.FailOnTimeout$StatementThread.run(FailOnTimeout.java:74)
</error>
    <system-out><![CDATA[2019-08-20 18:34:07,727 [Thread-334] WARN  server.ServerUtils (ServerUtils.java:getScmDbDir(145)) - ozone.scm.db.dirs is not configured. We recommend adding this setting. Falling back to ozone.metadata.dirs instead.
2019-08-20 18:34:07,961 [Thread-334] WARN  server.ServerUtils (ServerUtils.java:getScmDbDir(145)) - ozone.scm.db.dirs is not configured. We recommend adding this setting. Falling back to ozone.metadata.dirs instead.
2019-08-20 18:34:07,961 [Thread-334] WARN  server.ServerUtils (ServerUtils.java:getScmDbDir(145)) - ozone.scm.db.dirs is not configured. We recommend adding this setting. Falling back to ozone.metadata.dirs instead.
2019-08-20 18:34:07,962 [Thread-334] INFO  db.DBStoreBuilder (DBStoreBuilder.java:addTable(110)) - using custom profile for table: deletedBlocks
2019-08-20 18:34:07,962 [Thread-334] INFO  db.DBStoreBuilder (DBStoreBuilder.java:processTables(161)) - Using default column profile:DBProfile.DISK for Table:deletedBlocks
2019-08-20 18:34:07,963 [Thread-334] INFO  db.DBStoreBuilder (DBStoreBuilder.java:addTable(110)) - using custom profile for table: validCerts
2019-08-20 18:34:07,963 [Thread-334] INFO  db.DBStoreBuilder (DBStoreBuilder.java:processTables(161)) - Using default column profile:DBProfile.DISK for Table:validCerts
2019-08-20 18:34:07,963 [Thread-334] INFO  db.DBStoreBuilder (DBStoreBuilder.java:addTable(110)) - using custom profile for table: revokedCerts
2019-08-20 18:34:07,963 [Thread-334] INFO  db.DBStoreBuilder (DBStoreBuilder.java:processTables(161)) - Using default column profile:DBProfile.DISK for Table:revokedCerts
2019-08-20 18:34:07,964 [Thread-334] INFO  db.DBStoreBuilder (DBStoreBuilder.java:addTable(110)) - using custom profile for table: default
2019-08-20 18:34:07,964 [Thread-334] INFO  db.DBStoreBuilder (DBStoreBuilder.java:processTables(167)) - Using default column profile:DBProfile.DISK for Table:default
2019-08-20 18:34:07,964 [Thread-334] INFO  db.DBStoreBuilder (DBStoreBuilder.java:getDbProfile(198)) - Using default options. DBProfile.DISK
2019-08-20 18:34:10,811 [Thread-334] INFO  net.NodeSchemaLoader (NodeSchemaLoader.java:loadSchemaFromFile(125)) - Loading file from sun.misc.CompoundEnumeration@15ab3f5a
2019-08-20 18:34:10,812 [Thread-334] INFO  net.NodeSchemaLoader (NodeSchemaLoader.java:loadSchema(171)) - Loading network topology layer schema file
2019-08-20 18:34:10,818 [Thread-334] INFO  node.SCMNodeManager (SCMNodeManager.java:<init>(121)) - Entering startup safe mode.
2019-08-20 18:34:10,820 [Thread-334] INFO  algorithms.ContainerPlacementPolicyFactory (ContainerPlacementPolicyFactory.java:getPolicy(55)) - Create container placement policy of type org.apache.hadoop.hdds.scm.container.placement.algorithms.SCMContainerPlacementRandom
2019-08-20 18:34:10,820 [Thread-334] WARN  server.ServerUtils (ServerUtils.java:getScmDbDir(145)) - ozone.scm.db.dirs is not configured. We recommend adding this setting. Falling back to ozone.metadata.dirs instead.
2019-08-20 18:34:10,941 [Thread-334] INFO  pipeline.SCMPipelineManager (SCMPipelineManager.java:initializePipelineState(126)) - No pipeline exists in current db
2019-08-20 18:34:10,941 [Thread-334] WARN  server.ServerUtils (ServerUtils.java:getScmDbDir(145)) - ozone.scm.db.dirs is not configured. We recommend adding this setting. Falling back to ozone.metadata.dirs instead.
2019-08-20 18:34:11,044 [Thread-334] WARN  events.EventQueue (EventQueue.java:fireEvent(175)) - No event handler registered for event TypedEvent{payloadType=SafeModeStatus, name='SafeModeStatus'}
2019-08-20 18:34:11,046 [Thread-334] INFO  ipc.CallQueueManager (CallQueueManager.java:<init>(84)) - Using callQueue: class java.util.concurrent.LinkedBlockingQueue, queueCapacity: 2000, scheduler: class org.apache.hadoop.ipc.DefaultRpcScheduler, ipcBackoff: false.
2019-08-20 18:34:11,047 [Socket Reader #1 for port 44036] INFO  ipc.Server (Server.java:run(1074)) - Starting Socket Reader #1 for port 44036
2019-08-20 18:34:11,049 [Thread-334] INFO  ipc.CallQueueManager (CallQueueManager.java:<init>(84)) - Using callQueue: class java.util.concurrent.LinkedBlockingQueue, queueCapacity: 2000, scheduler: class org.apache.hadoop.ipc.DefaultRpcScheduler, ipcBackoff: false.
2019-08-20 18:34:11,050 [Socket Reader #1 for port 43423] INFO  ipc.Server (Server.java:run(1074)) - Starting Socket Reader #1 for port 43423
2019-08-20 18:34:11,052 [Thread-334] INFO  ipc.CallQueueManager (CallQueueManager.java:<init>(84)) - Using callQueue: class java.util.concurrent.LinkedBlockingQueue, queueCapacity: 2000, scheduler: class org.apache.hadoop.ipc.DefaultRpcScheduler, ipcBackoff: false.
2019-08-20 18:34:11,053 [Socket Reader #1 for port 43165] INFO  ipc.Server (Server.java:run(1074)) - Starting Socket Reader #1 for port 43165
2019-08-20 18:34:11,056 [Thread-334] INFO  hdfs.DFSUtil (DFSUtil.java:httpServerTemplateForNNAndJN(1641)) - Starting Web-server for scm at: http://0.0.0.0:0
2019-08-20 18:34:11,059 [Thread-334] INFO  server.AuthenticationFilter (AuthenticationFilter.java:constructSecretProvider(240)) - Unable to initialize FileSignerSecretProvider, falling back to use random secrets.
2019-08-20 18:34:11,064 [Thread-334] WARN  http.HttpRequestLog (HttpRequestLog.java:getRequestLog(97)) - Jetty request log can only be enabled using Log4j
2019-08-20 18:34:11,067 [Thread-334] INFO  http.HttpServer2 (HttpServer2.java:addGlobalFilter(975)) - Added global filter 'safety' (class=org.apache.hadoop.http.HttpServer2$QuotingInputFilter)
2019-08-20 18:34:11,068 [Thread-334] INFO  http.HttpServer2 (HttpServer2.java:addFilter(948)) - Added filter static_user_filter (class=org.apache.hadoop.http.lib.StaticUserWebFilter$StaticUserFilter) to context scm
2019-08-20 18:34:11,068 [Thread-334] INFO  http.HttpServer2 (HttpServer2.java:addFilter(958)) - Added filter static_user_filter (class=org.apache.hadoop.http.lib.StaticUserWebFilter$StaticUserFilter) to context logs
2019-08-20 18:34:11,069 [Thread-334] INFO  http.HttpServer2 (HttpServer2.java:addFilter(958)) - Added filter static_user_filter (class=org.apache.hadoop.http.lib.StaticUserWebFilter$StaticUserFilter) to context static
2019-08-20 18:34:11,072 [Thread-334] INFO  server.StorageContainerManager (StorageContainerManager.java:start(759)) - StorageContainerLocationProtocol RPC server is listening at /0.0.0.0:43165
2019-08-20 18:34:11,076 [Thread-334] WARN  impl.MetricsConfig (MetricsConfig.java:loadFirst(134)) - Cannot locate configuration: tried hadoop-metrics2-storagecontainermanager.properties,hadoop-metrics2.properties
2019-08-20 18:34:11,078 [Thread-334] INFO  impl.MetricsSystemImpl (MetricsSystemImpl.java:startTimer(374)) - Scheduled Metric snapshot period at 10 second(s).
2019-08-20 18:34:11,078 [Thread-334] INFO  impl.MetricsSystemImpl (MetricsSystemImpl.java:start(191)) - StorageContainerManager metrics system started
2019-08-20 18:34:11,149 [Thread-334] INFO  server.SCMClientProtocolServer (SCMClientProtocolServer.java:start(151)) - RPC server for Client  is listening at /0.0.0.0:43165
2019-08-20 18:34:11,149 [IPC Server Responder] INFO  ipc.Server (Server.java:run(1314)) - IPC Server Responder: starting
2019-08-20 18:34:11,150 [IPC Server listener on 43165] INFO  ipc.Server (Server.java:run(1153)) - IPC Server listener on 43165: starting
2019-08-20 18:34:11,155 [Thread-334] INFO  server.StorageContainerManager (StorageContainerManager.java:start(769)) - ScmBlockLocationProtocol RPC server is listening at /0.0.0.0:43423
2019-08-20 18:34:11,155 [Thread-334] INFO  server.SCMBlockProtocolServer (SCMBlockProtocolServer.java:start(140)) - RPC server for Block Protocol is listening at /0.0.0.0:43423
2019-08-20 18:34:11,156 [IPC Server Responder] INFO  ipc.Server (Server.java:run(1314)) - IPC Server Responder: starting
2019-08-20 18:34:11,156 [IPC Server listener on 43423] INFO  ipc.Server (Server.java:run(1153)) - IPC Server listener on 43423: starting
2019-08-20 18:34:11,160 [Thread-334] INFO  server.StorageContainerManager (StorageContainerManager.java:start(773)) - ScmDatanodeProtocl RPC server is listening at /0.0.0.0:44036
2019-08-20 18:34:11,160 [Thread-334] INFO  server.SCMDatanodeProtocolServer (SCMDatanodeProtocolServer.java:start(191)) - RPC server for DataNodes is listening at /0.0.0.0:44036
2019-08-20 18:34:11,161 [IPC Server Responder] INFO  ipc.Server (Server.java:run(1314)) - IPC Server Responder: starting
2019-08-20 18:34:11,161 [IPC Server listener on 44036] INFO  ipc.Server (Server.java:run(1153)) - IPC Server listener on 44036: starting
2019-08-20 18:34:11,166 [Thread-334] INFO  http.HttpServer2 (HttpServer2.java:bindListener(1191)) - Jetty bound to port 33180
2019-08-20 18:34:11,166 [Thread-334] INFO  server.Server (Server.java:doStart(351)) - jetty-9.3.24.v20180605, build timestamp: 2018-06-05T17:11:56Z, git hash: 84205aa28f11a4f31f2a3b86d1bba2cc8ab69827
2019-08-20 18:34:11,169 [Thread-334] INFO  handler.ContextHandler (ContextHandler.java:doStart(781)) - Started o.e.j.s.ServletContextHandler@6d42554{/logs,file:///workdir/hadoop-ozone/integration-test/target/log,AVAILABLE}
2019-08-20 18:34:11,170 [Thread-334] INFO  handler.ContextHandler (ContextHandler.java:doStart(781)) - Started o.e.j.s.ServletContextHandler@57ad646e{/static,file:///workdir/hadoop-ozone/integration-test/target/test-classes/webapps/static,AVAILABLE}
2019-08-20 18:34:11,176 [Thread-334] INFO  handler.ContextHandler (ContextHandler.java:doStart(781)) - Started o.e.j.w.WebAppContext@4d5fde7{/,file:///workdir/hadoop-ozone/integration-test/target/test-classes/webapps/scm/,AVAILABLE}{/scm}
2019-08-20 18:34:11,177 [Thread-334] INFO  server.AbstractConnector (AbstractConnector.java:doStart(278)) - Started ServerConnector@338f5461{HTTP/1.1,[http/1.1]}{0.0.0.0:33180}
2019-08-20 18:34:11,178 [Thread-334] INFO  server.Server (Server.java:doStart(419)) - Started @32149ms
2019-08-20 18:34:11,179 [Thread-334] INFO  server.BaseHttpServer (BaseHttpServer.java:updateConnectorAddress(213)) - HTTP server of SCM is listening at http://0.0.0.0:33180
2019-08-20 18:34:11,180 [Thread-334] WARN  server.ServerUtils (ServerUtils.java:getDBPath(222)) - ozone.om.db.dirs is not configured. We recommend adding this setting. Falling back to ozone.metadata.dirs instead.
2019-08-20 18:34:11,180 [org.apache.hadoop.util.JvmPauseMonitor$Monitor@278ee5e] INFO  util.JvmPauseMonitor (JvmPauseMonitor.java:run(188)) - Starting JVM pause monitor
2019-08-20 18:34:11,193 [Thread-334] WARN  server.ServerUtils (ServerUtils.java:getDBPath(222)) - ozone.om.db.dirs is not configured. We recommend adding this setting. Falling back to ozone.metadata.dirs instead.
2019-08-20 18:34:11,194 [Thread-334] WARN  server.ServerUtils (ServerUtils.java:getDBPath(222)) - ozone.om.db.dirs is not configured. We recommend adding this setting. Falling back to ozone.metadata.dirs instead.
2019-08-20 18:34:11,194 [Thread-334] INFO  om.OzoneManager (OzoneManager.java:setOMNodeDetails(648)) - OM Service ID is not set. Setting it to the default ID: omServiceIdDefault
2019-08-20 18:34:11,194 [Thread-334] INFO  om.OzoneManager (OzoneManager.java:setOMNodeDetails(654)) - OM Node ID is not set. Setting it to the OmStorage's OmID: 749e4e13-e074-4f47-9982-9c52b60c0657
2019-08-20 18:34:11,194 [Thread-334] INFO  om.OzoneManager (OzoneManager.java:loadOMHAConfigs(605)) - Found matching OM address with OMServiceId: null, OMNodeId: null, RPC Address: localhost:0 and Ratis port: 9872
2019-08-20 18:34:11,200 | INFO  | SCMAudit | user=jenkins1000 | ip=192.168.5.168 | op=GET_SCM_INFO null | ret=SUCCESS |  
2019-08-20 18:34:11,203 [Thread-334] WARN  server.ServerUtils (ServerUtils.java:getDBPath(222)) - ozone.om.db.dirs is not configured. We recommend adding this setting. Falling back to ozone.metadata.dirs instead.
2019-08-20 18:34:11,204 [Thread-334] INFO  db.DBStoreBuilder (DBStoreBuilder.java:addTable(110)) - using custom profile for table: userTable
2019-08-20 18:34:11,204 [Thread-334] INFO  db.DBStoreBuilder (DBStoreBuilder.java:processTables(161)) - Using default column profile:DBProfile.DISK for Table:userTable
2019-08-20 18:34:11,204 [Thread-334] INFO  db.DBStoreBuilder (DBStoreBuilder.java:addTable(110)) - using custom profile for table: volumeTable
2019-08-20 18:34:11,204 [Thread-334] INFO  db.DBStoreBuilder (DBStoreBuilder.java:processTables(161)) - Using default column profile:DBProfile.DISK for Table:volumeTable
2019-08-20 18:34:11,204 [Thread-334] INFO  db.DBStoreBuilder (DBStoreBuilder.java:addTable(110)) - using custom profile for table: bucketTable
2019-08-20 18:34:11,204 [Thread-334] INFO  db.DBStoreBuilder (DBStoreBuilder.java:processTables(161)) - Using default column profile:DBProfile.DISK for Table:bucketTable
2019-08-20 18:34:11,205 [Thread-334] INFO  db.DBStoreBuilder (DBStoreBuilder.java:addTable(110)) - using custom profile for table: keyTable
2019-08-20 18:34:11,205 [Thread-334] INFO  db.DBStoreBuilder (DBStoreBuilder.java:processTables(161)) - Using default column profile:DBProfile.DISK for Table:keyTable
2019-08-20 18:34:11,205 [Thread-334] INFO  db.DBStoreBuilder (DBStoreBuilder.java:addTable(110)) - using custom profile for table: deletedTable
2019-08-20 18:34:11,205 [Thread-334] INFO  db.DBStoreBuilder (DBStoreBuilder.java:processTables(161)) - Using default column profile:DBProfile.DISK for Table:deletedTable
2019-08-20 18:34:11,205 [Thread-334] INFO  db.DBStoreBuilder (DBStoreBuilder.java:addTable(110)) - using custom profile for table: openKeyTable
2019-08-20 18:34:11,205 [Thread-334] INFO  db.DBStoreBuilder (DBStoreBuilder.java:processTables(161)) - Using default column profile:DBProfile.DISK for Table:openKeyTable
2019-08-20 18:34:11,206 [Thread-334] INFO  db.DBStoreBuilder (DBStoreBuilder.java:addTable(110)) - using custom profile for table: s3Table
2019-08-20 18:34:11,206 [Thread-334] INFO  db.DBStoreBuilder (DBStoreBuilder.java:processTables(161)) - Using default column profile:DBProfile.DISK for Table:s3Table
2019-08-20 18:34:11,206 [Thread-334] INFO  db.DBStoreBuilder (DBStoreBuilder.java:addTable(110)) - using custom profile for table: multipartInfoTable
2019-08-20 18:34:11,206 [Thread-334] INFO  db.DBStoreBuilder (DBStoreBuilder.java:processTables(161)) - Using default column profile:DBProfile.DISK for Table:multipartInfoTable
2019-08-20 18:34:11,206 [Thread-334] INFO  db.DBStoreBuilder (DBStoreBuilder.java:addTable(110)) - using custom profile for table: dTokenTable
2019-08-20 18:34:11,206 [Thread-334] INFO  db.DBStoreBuilder (DBStoreBuilder.java:processTables(161)) - Using default column profile:DBProfile.DISK for Table:dTokenTable
2019-08-20 18:34:11,207 [Thread-334] INFO  db.DBStoreBuilder (DBStoreBuilder.java:addTable(110)) - using custom profile for table: s3SecretTable
2019-08-20 18:34:11,207 [Thread-334] INFO  db.DBStoreBuilder (DBStoreBuilder.java:processTables(161)) - Using default column profile:DBProfile.DISK for Table:s3SecretTable
2019-08-20 18:34:11,207 [Thread-334] INFO  db.DBStoreBuilder (DBStoreBuilder.java:addTable(110)) - using custom profile for table: prefixTable
2019-08-20 18:34:11,207 [Thread-334] INFO  db.DBStoreBuilder (DBStoreBuilder.java:processTables(161)) - Using default column profile:DBProfile.DISK for Table:prefixTable
2019-08-20 18:34:11,207 [Thread-334] INFO  db.DBStoreBuilder (DBStoreBuilder.java:addTable(110)) - using custom profile for table: default
2019-08-20 18:34:11,207 [Thread-334] INFO  db.DBStoreBuilder (DBStoreBuilder.java:processTables(167)) - Using default column profile:DBProfile.DISK for Table:default
2019-08-20 18:34:11,207 [Thread-334] INFO  db.DBStoreBuilder (DBStoreBuilder.java:getDbProfile(198)) - Using default options. DBProfile.DISK
2019-08-20 18:34:11,938 [Thread-334] INFO  ipc.CallQueueManager (CallQueueManager.java:<init>(84)) - Using callQueue: class java.util.concurrent.LinkedBlockingQueue, queueCapacity: 2000, scheduler: class org.apache.hadoop.ipc.DefaultRpcScheduler, ipcBackoff: false.
2019-08-20 18:34:11,939 [Socket Reader #1 for port 46696] INFO  ipc.Server (Server.java:run(1074)) - Starting Socket Reader #1 for port 46696
2019-08-20 18:34:11,957 [Thread-334] INFO  om.OzoneManager (OzoneManager.java:start(1259)) - OzoneManager RPC server is listening at localhost/127.0.0.1:46696
2019-08-20 18:34:11,957 [Thread-334] INFO  impl.MetricsSystemImpl (MetricsSystemImpl.java:init(158)) - OzoneManager metrics system started (again)
2019-08-20 18:34:11,958 [IPC Server Responder] INFO  ipc.Server (Server.java:run(1314)) - IPC Server Responder: starting
2019-08-20 18:34:11,958 [IPC Server listener on 46696] INFO  ipc.Server (Server.java:run(1153)) - IPC Server listener on 46696: starting
2019-08-20 18:34:11,964 [Thread-334] INFO  hdfs.DFSUtil (DFSUtil.java:httpServerTemplateForNNAndJN(1641)) - Starting Web-server for ozoneManager at: http://0.0.0.0:0
2019-08-20 18:34:11,967 [Thread-334] INFO  server.AuthenticationFilter (AuthenticationFilter.java:constructSecretProvider(240)) - Unable to initialize FileSignerSecretProvider, falling back to use random secrets.
2019-08-20 18:34:11,967 [Thread-334] WARN  http.HttpRequestLog (HttpRequestLog.java:getRequestLog(97)) - Jetty request log can only be enabled using Log4j
2019-08-20 18:34:11,970 [Thread-334] INFO  http.HttpServer2 (HttpServer2.java:addGlobalFilter(975)) - Added global filter 'safety' (class=org.apache.hadoop.http.HttpServer2$QuotingInputFilter)
2019-08-20 18:34:11,971 [Thread-334] INFO  http.HttpServer2 (HttpServer2.java:addFilter(948)) - Added filter static_user_filter (class=org.apache.hadoop.http.lib.StaticUserWebFilter$StaticUserFilter) to context ozoneManager
2019-08-20 18:34:11,971 [Thread-334] INFO  http.HttpServer2 (HttpServer2.java:addFilter(958)) - Added filter static_user_filter (class=org.apache.hadoop.http.lib.StaticUserWebFilter$StaticUserFilter) to context static
2019-08-20 18:34:11,971 [Thread-334] INFO  http.HttpServer2 (HttpServer2.java:addFilter(958)) - Added filter static_user_filter (class=org.apache.hadoop.http.lib.StaticUserWebFilter$StaticUserFilter) to context logs
2019-08-20 18:34:11,972 [Thread-334] INFO  http.HttpServer2 (HttpServer2.java:bindListener(1191)) - Jetty bound to port 44749
2019-08-20 18:34:11,972 [Thread-334] INFO  server.Server (Server.java:doStart(351)) - jetty-9.3.24.v20180605, build timestamp: 2018-06-05T17:11:56Z, git hash: 84205aa28f11a4f31f2a3b86d1bba2cc8ab69827
2019-08-20 18:34:11,975 [Thread-334] INFO  handler.ContextHandler (ContextHandler.java:doStart(781)) - Started o.e.j.s.ServletContextHandler@851d2a9{/logs,file:///workdir/hadoop-ozone/integration-test/target/log,AVAILABLE}
2019-08-20 18:34:11,976 [Thread-334] INFO  handler.ContextHandler (ContextHandler.java:doStart(781)) - Started o.e.j.s.ServletContextHandler@345d38af{/static,file:///workdir/hadoop-ozone/integration-test/target/test-classes/webapps/static,AVAILABLE}
2019-08-20 18:34:11,993 [Thread-334] INFO  handler.ContextHandler (ContextHandler.java:doStart(781)) - Started o.e.j.w.WebAppContext@341b89{/,file:///workdir/hadoop-ozone/integration-test/target/test-classes/webapps/ozoneManager/,AVAILABLE}{/ozoneManager}
2019-08-20 18:34:11,994 [Thread-334] INFO  server.AbstractConnector (AbstractConnector.java:doStart(278)) - Started ServerConnector@594aef29{HTTP/1.1,[http/1.1]}{0.0.0.0:44749}
2019-08-20 18:34:11,995 [Thread-334] INFO  server.Server (Server.java:doStart(419)) - Started @32966ms
2019-08-20 18:34:11,997 [Thread-334] INFO  server.BaseHttpServer (BaseHttpServer.java:updateConnectorAddress(213)) - HTTP server of OZONEMANAGER is listening at http://0.0.0.0:44749
2019-08-20 18:34:12,008 [Thread-334] INFO  impl.MetricsSystemImpl (MetricsSystemImpl.java:init(158)) - HddsDatanode metrics system started (again)
2019-08-20 18:34:12,011 [Thread-334] INFO  ozone.HddsDatanodeService (HddsDatanodeService.java:start(184)) - HddsDatanodeService host:pr-hdds-1927-28fzr-1052167450 ip:192.168.5.168
2019-08-20 18:34:12,020 [Thread-334] INFO  volume.HddsVolume (HddsVolume.java:<init>(176)) - Creating Volume: /workdir/hadoop-ozone/integration-test/target/test-dir/MiniOzoneClusterImpl-17c14715-311f-4e0b-8c69-0ee14c49d74d/datanode-0/data/containers/hdds of  storage type : DISK and capacity : 1482555576320
2019-08-20 18:34:12,021 [Thread-334] INFO  volume.VolumeSet (VolumeSet.java:initializeVolumeSet(170)) - Added Volume : /workdir/hadoop-ozone/integration-test/target/test-dir/MiniOzoneClusterImpl-17c14715-311f-4e0b-8c69-0ee14c49d74d/datanode-0/data/containers/hdds to VolumeSet
2019-08-20 18:34:12,021 [Thread-334] INFO  volume.ThrottledAsyncChecker (ThrottledAsyncChecker.java:schedule(140)) - Scheduling a check for org.apache.hadoop.ozone.container.common.volume.HddsVolume@354d308a
2019-08-20 18:34:12,022 [Thread-334] INFO  volume.HddsVolumeChecker (HddsVolumeChecker.java:checkAllVolumes(203)) - Scheduled health check for volume org.apache.hadoop.ozone.container.common.volume.HddsVolume@354d308a
2019-08-20 18:34:12,044 [Thread-334] INFO  impl.RaftServerProxy (ConfUtils.java:logGet(43)) - raft.rpc.type = GRPC (default)
2019-08-20 18:34:12,044 [Thread-334] INFO  grpc.GrpcFactory (GrpcFactory.java:checkPooledByteBufAllocatorUseCacheForAllThreads(45)) - PERFORMANCE WARNING: useCacheForAllThreads is true that may cause Netty to create a lot garbage objects and, as a result, trigger GC.
	It is recommended to disable useCacheForAllThreads by setting -Dorg.apache.ratis.thirdparty.io.netty.allocator.useCacheForAllThreads=false in command line.
2019-08-20 18:34:12,044 [Thread-334] INFO  grpc.GrpcConfigKeys$Server (ConfUtils.java:logGet(43)) - raft.grpc.server.port = 0 (default)
2019-08-20 18:34:12,044 [Thread-334] INFO  server.GrpcService (ConfUtils.java:logGet(43)) - raft.grpc.message.size.max = 33570816 (custom)
2019-08-20 18:34:12,045 [Thread-334] INFO  server.RaftServerConfigKeys (ConfUtils.java:logGet(43)) - raft.server.log.appender.buffer.byte-limit = 33554432 (custom)
2019-08-20 18:34:12,045 [Thread-334] INFO  server.GrpcService (ConfUtils.java:logGet(43)) - raft.grpc.flow.control.window = 1MB (=1048576) (default)
2019-08-20 18:34:12,045 [Thread-334] INFO  server.RaftServerConfigKeys (ConfUtils.java:logGet(43)) - raft.server.rpc.request.timeout = 3000ms (default)
2019-08-20 18:34:12,046 [Thread-334] INFO  server.RaftServerConfigKeys (ConfUtils.java:logGet(43)) - raft.server.storage.dir = [/workdir/hadoop-ozone/integration-test/target/test-dir/MiniOzoneClusterImpl-17c14715-311f-4e0b-8c69-0ee14c49d74d/datanode-0/data/ratis] (custom)
2019-08-20 18:34:12,047 [Thread-334] INFO  replication.SimpleContainerDownloader (SimpleContainerDownloader.java:<init>(72)) - Starting container downloader service to copy containers to replicate.
2019-08-20 18:34:12,048 [Thread-334] INFO  hdfs.DFSUtil (DFSUtil.java:httpServerTemplateForNNAndJN(1641)) - Starting Web-server for hddsDatanode at: http://0.0.0.0:0
2019-08-20 18:34:12,050 [Thread-334] INFO  server.AuthenticationFilter (AuthenticationFilter.java:constructSecretProvider(240)) - Unable to initialize FileSignerSecretProvider, falling back to use random secrets.
2019-08-20 18:34:12,051 [Thread-334] WARN  http.HttpRequestLog (HttpRequestLog.java:getRequestLog(97)) - Jetty request log can only be enabled using Log4j
2019-08-20 18:34:12,054 [Thread-334] INFO  http.HttpServer2 (HttpServer2.java:addGlobalFilter(975)) - Added global filter 'safety' (class=org.apache.hadoop.http.HttpServer2$QuotingInputFilter)
2019-08-20 18:34:12,055 [Thread-334] INFO  http.HttpServer2 (HttpServer2.java:addFilter(948)) - Added filter static_user_filter (class=org.apache.hadoop.http.lib.StaticUserWebFilter$StaticUserFilter) to context hddsDatanode
2019-08-20 18:34:12,055 [Thread-334] INFO  http.HttpServer2 (HttpServer2.java:addFilter(958)) - Added filter static_user_filter (class=org.apache.hadoop.http.lib.StaticUserWebFilter$StaticUserFilter) to context logs
2019-08-20 18:34:12,055 [Thread-334] INFO  http.HttpServer2 (HttpServer2.java:addFilter(958)) - Added filter static_user_filter (class=org.apache.hadoop.http.lib.StaticUserWebFilter$StaticUserFilter) to context static
2019-08-20 18:34:12,056 [Thread-334] INFO  http.HttpServer2 (HttpServer2.java:bindListener(1191)) - Jetty bound to port 42294
2019-08-20 18:34:12,056 [Thread-334] INFO  server.Server (Server.java:doStart(351)) - jetty-9.3.24.v20180605, build timestamp: 2018-06-05T17:11:56Z, git hash: 84205aa28f11a4f31f2a3b86d1bba2cc8ab69827
2019-08-20 18:34:12,059 [Thread-334] INFO  handler.ContextHandler (ContextHandler.java:doStart(781)) - Started o.e.j.s.ServletContextHandler@68815b4b{/logs,file:///workdir/hadoop-ozone/integration-test/target/log,AVAILABLE}
2019-08-20 18:34:12,060 [Thread-334] INFO  handler.ContextHandler (ContextHandler.java:doStart(781)) - Started o.e.j.s.ServletContextHandler@7f8df7c2{/static,jar:file:/home/user/.m2/repository/org/apache/hadoop/hadoop-hdds-container-service/0.5.0-SNAPSHOT/hadoop-hdds-container-service-0.5.0-SNAPSHOT.jar!/webapps/static,AVAILABLE}
2019-08-20 18:34:12,104 [Thread-334] INFO  handler.ContextHandler (ContextHandler.java:doStart(781)) - Started o.e.j.w.WebAppContext@160b0720{/,file:///tmp/jetty-0.0.0.0-42294-hddsDatanode-_-any-3854744537349863197.dir/webapp/,AVAILABLE}{/hddsDatanode}
2019-08-20 18:34:12,105 [Thread-334] INFO  server.AbstractConnector (AbstractConnector.java:doStart(278)) - Started ServerConnector@1c3d7e81{HTTP/1.1,[http/1.1]}{0.0.0.0:42294}
2019-08-20 18:34:12,106 [Thread-334] INFO  server.Server (Server.java:doStart(419)) - Started @33077ms
2019-08-20 18:34:12,107 [Thread-334] INFO  server.BaseHttpServer (BaseHttpServer.java:updateConnectorAddress(213)) - HTTP server of HDDSDATANODE is listening at http://0.0.0.0:42294
2019-08-20 18:34:12,258 | INFO  | ObjectStoreRestHttpServer | Listening HDDS REST traffic on /0.0.0.0:39059 |  
2019-08-20 18:34:12,258 [Thread-334] INFO  ozone.HddsDatanodeService (HddsDatanodeService.java:startPlugins(395)) - Started plug-in org.apache.hadoop.ozone.web.OzoneHddsDatanodeService@51ce42
2019-08-20 18:34:12,259 [Thread-334] INFO  impl.MetricsSystemImpl (MetricsSystemImpl.java:init(158)) - HddsDatanode metrics system started (again)
2019-08-20 18:34:12,262 [Thread-334] INFO  ozone.HddsDatanodeService (HddsDatanodeService.java:start(184)) - HddsDatanodeService host:pr-hdds-1927-28fzr-1052167450 ip:192.168.5.168
2019-08-20 18:34:12,262 [org.apache.hadoop.util.JvmPauseMonitor$Monitor@69af08a4] INFO  util.JvmPauseMonitor (JvmPauseMonitor.java:run(188)) - Starting JVM pause monitor
2019-08-20 18:34:12,265 [Datanode State Machine Thread - 0] INFO  datanode.InitDatanodeState (InitDatanodeState.java:persistContainerDatanodeDetails(140)) - DatanodeDetails is persisted to /workdir/hadoop-ozone/integration-test/target/test-dir/MiniOzoneClusterImpl-17c14715-311f-4e0b-8c69-0ee14c49d74d/datanode-0/meta/datanode.id
2019-08-20 18:34:12,269 [Thread-334] INFO  volume.HddsVolume (HddsVolume.java:<init>(176)) - Creating Volume: /workdir/hadoop-ozone/integration-test/target/test-dir/MiniOzoneClusterImpl-17c14715-311f-4e0b-8c69-0ee14c49d74d/datanode-1/data/containers/hdds of  storage type : DISK and capacity : 1482555576320
2019-08-20 18:34:12,269 [Thread-334] INFO  volume.VolumeSet (VolumeSet.java:initializeVolumeSet(170)) - Added Volume : /workdir/hadoop-ozone/integration-test/target/test-dir/MiniOzoneClusterImpl-17c14715-311f-4e0b-8c69-0ee14c49d74d/datanode-1/data/containers/hdds to VolumeSet
2019-08-20 18:34:12,269 [Thread-334] INFO  volume.ThrottledAsyncChecker (ThrottledAsyncChecker.java:schedule(140)) - Scheduling a check for org.apache.hadoop.ozone.container.common.volume.HddsVolume@c53bd58
2019-08-20 18:34:12,270 [Thread-334] INFO  volume.HddsVolumeChecker (HddsVolumeChecker.java:checkAllVolumes(203)) - Scheduled health check for volume org.apache.hadoop.ozone.container.common.volume.HddsVolume@c53bd58
2019-08-20 18:34:12,284 [Thread-334] INFO  impl.RaftServerProxy (ConfUtils.java:logGet(43)) - raft.rpc.type = GRPC (default)
2019-08-20 18:34:12,284 [Thread-334] INFO  grpc.GrpcFactory (GrpcFactory.java:checkPooledByteBufAllocatorUseCacheForAllThreads(45)) - PERFORMANCE WARNING: useCacheForAllThreads is true that may cause Netty to create a lot garbage objects and, as a result, trigger GC.
	It is recommended to disable useCacheForAllThreads by setting -Dorg.apache.ratis.thirdparty.io.netty.allocator.useCacheForAllThreads=false in command line.
2019-08-20 18:34:12,284 [Thread-334] INFO  grpc.GrpcConfigKeys$Server (ConfUtils.java:logGet(43)) - raft.grpc.server.port = 0 (default)
2019-08-20 18:34:12,285 [Thread-334] INFO  server.GrpcService (ConfUtils.java:logGet(43)) - raft.grpc.message.size.max = 33570816 (custom)
2019-08-20 18:34:12,285 [Thread-334] INFO  server.RaftServerConfigKeys (ConfUtils.java:logGet(43)) - raft.server.log.appender.buffer.byte-limit = 33554432 (custom)
2019-08-20 18:34:12,285 [Thread-334] INFO  server.GrpcService (ConfUtils.java:logGet(43)) - raft.grpc.flow.control.window = 1MB (=1048576) (default)
2019-08-20 18:34:12,285 [Thread-334] INFO  server.RaftServerConfigKeys (ConfUtils.java:logGet(43)) - raft.server.rpc.request.timeout = 3000ms (default)
2019-08-20 18:34:12,286 [Thread-334] INFO  server.RaftServerConfigKeys (ConfUtils.java:logGet(43)) - raft.server.storage.dir = [/workdir/hadoop-ozone/integration-test/target/test-dir/MiniOzoneClusterImpl-17c14715-311f-4e0b-8c69-0ee14c49d74d/datanode-1/data/ratis] (custom)
2019-08-20 18:34:12,287 [Thread-334] INFO  replication.SimpleContainerDownloader (SimpleContainerDownloader.java:<init>(72)) - Starting container downloader service to copy containers to replicate.
2019-08-20 18:34:12,288 [Thread-334] INFO  hdfs.DFSUtil (DFSUtil.java:httpServerTemplateForNNAndJN(1641)) - Starting Web-server for hddsDatanode at: http://0.0.0.0:0
2019-08-20 18:34:12,290 [Thread-334] INFO  server.AuthenticationFilter (AuthenticationFilter.java:constructSecretProvider(240)) - Unable to initialize FileSignerSecretProvider, falling back to use random secrets.
2019-08-20 18:34:12,290 [Thread-334] WARN  http.HttpRequestLog (HttpRequestLog.java:getRequestLog(97)) - Jetty request log can only be enabled using Log4j
2019-08-20 18:34:12,291 [Thread-334] INFO  http.HttpServer2 (HttpServer2.java:addGlobalFilter(975)) - Added global filter 'safety' (class=org.apache.hadoop.http.HttpServer2$QuotingInputFilter)
2019-08-20 18:34:12,292 [Thread-334] INFO  http.HttpServer2 (HttpServer2.java:addFilter(948)) - Added filter static_user_filter (class=org.apache.hadoop.http.lib.StaticUserWebFilter$StaticUserFilter) to context hddsDatanode
2019-08-20 18:34:12,292 [Thread-334] INFO  http.HttpServer2 (HttpServer2.java:addFilter(958)) - Added filter static_user_filter (class=org.apache.hadoop.http.lib.StaticUserWebFilter$StaticUserFilter) to context static
2019-08-20 18:34:12,292 [Thread-334] INFO  http.HttpServer2 (HttpServer2.java:addFilter(958)) - Added filter static_user_filter (class=org.apache.hadoop.http.lib.StaticUserWebFilter$StaticUserFilter) to context logs
2019-08-20 18:34:12,293 [Thread-334] INFO  http.HttpServer2 (HttpServer2.java:bindListener(1191)) - Jetty bound to port 39525
2019-08-20 18:34:12,293 [Thread-334] INFO  server.Server (Server.java:doStart(351)) - jetty-9.3.24.v20180605, build timestamp: 2018-06-05T17:11:56Z, git hash: 84205aa28f11a4f31f2a3b86d1bba2cc8ab69827
2019-08-20 18:34:12,295 [Thread-334] INFO  handler.ContextHandler (ContextHandler.java:doStart(781)) - Started o.e.j.s.ServletContextHandler@5676db94{/logs,file:///workdir/hadoop-ozone/integration-test/target/log,AVAILABLE}
2019-08-20 18:34:12,295 [Thread-334] INFO  handler.ContextHandler (ContextHandler.java:doStart(781)) - Started o.e.j.s.ServletContextHandler@e009180{/static,jar:file:/home/user/.m2/repository/org/apache/hadoop/hadoop-hdds-container-service/0.5.0-SNAPSHOT/hadoop-hdds-container-service-0.5.0-SNAPSHOT.jar!/webapps/static,AVAILABLE}
2019-08-20 18:34:12,324 [Thread-334] INFO  handler.ContextHandler (ContextHandler.java:doStart(781)) - Started o.e.j.w.WebAppContext@3a6360b6{/,file:///tmp/jetty-0.0.0.0-39525-hddsDatanode-_-any-6935853072745925366.dir/webapp/,AVAILABLE}{/hddsDatanode}
2019-08-20 18:34:12,324 [Thread-334] INFO  server.AbstractConnector (AbstractConnector.java:doStart(278)) - Started ServerConnector@505eb958{HTTP/1.1,[http/1.1]}{0.0.0.0:39525}
2019-08-20 18:34:12,325 [Thread-334] INFO  server.Server (Server.java:doStart(419)) - Started @33297ms
2019-08-20 18:34:12,326 [Thread-334] INFO  server.BaseHttpServer (BaseHttpServer.java:updateConnectorAddress(213)) - HTTP server of HDDSDATANODE is listening at http://0.0.0.0:39525
2019-08-20 18:34:12,457 | INFO  | ObjectStoreRestHttpServer | Listening HDDS REST traffic on /0.0.0.0:46323 |  
2019-08-20 18:34:12,458 [Thread-334] INFO  ozone.HddsDatanodeService (HddsDatanodeService.java:startPlugins(395)) - Started plug-in org.apache.hadoop.ozone.web.OzoneHddsDatanodeService@1cee8276
2019-08-20 18:34:12,458 [Thread-334] INFO  impl.MetricsSystemImpl (MetricsSystemImpl.java:init(158)) - HddsDatanode metrics system started (again)
2019-08-20 18:34:12,461 [Thread-334] INFO  ozone.HddsDatanodeService (HddsDatanodeService.java:start(184)) - HddsDatanodeService host:pr-hdds-1927-28fzr-1052167450 ip:192.168.5.168
2019-08-20 18:34:12,462 [org.apache.hadoop.util.JvmPauseMonitor$Monitor@496989c5] INFO  util.JvmPauseMonitor (JvmPauseMonitor.java:run(188)) - Starting JVM pause monitor
2019-08-20 18:34:12,465 [Datanode State Machine Thread - 0] INFO  datanode.InitDatanodeState (InitDatanodeState.java:persistContainerDatanodeDetails(140)) - DatanodeDetails is persisted to /workdir/hadoop-ozone/integration-test/target/test-dir/MiniOzoneClusterImpl-17c14715-311f-4e0b-8c69-0ee14c49d74d/datanode-1/meta/datanode.id
2019-08-20 18:34:12,469 [Thread-334] INFO  volume.HddsVolume (HddsVolume.java:<init>(176)) - Creating Volume: /workdir/hadoop-ozone/integration-test/target/test-dir/MiniOzoneClusterImpl-17c14715-311f-4e0b-8c69-0ee14c49d74d/datanode-2/data/containers/hdds of  storage type : DISK and capacity : 1482555576320
2019-08-20 18:34:12,469 [Thread-334] INFO  volume.VolumeSet (VolumeSet.java:initializeVolumeSet(170)) - Added Volume : /workdir/hadoop-ozone/integration-test/target/test-dir/MiniOzoneClusterImpl-17c14715-311f-4e0b-8c69-0ee14c49d74d/datanode-2/data/containers/hdds to VolumeSet
2019-08-20 18:34:12,469 [Thread-334] INFO  volume.ThrottledAsyncChecker (ThrottledAsyncChecker.java:schedule(140)) - Scheduling a check for org.apache.hadoop.ozone.container.common.volume.HddsVolume@60d55347
2019-08-20 18:34:12,470 [Thread-334] INFO  volume.HddsVolumeChecker (HddsVolumeChecker.java:checkAllVolumes(203)) - Scheduled health check for volume org.apache.hadoop.ozone.container.common.volume.HddsVolume@60d55347
2019-08-20 18:34:12,492 [Thread-334] INFO  impl.RaftServerProxy (ConfUtils.java:logGet(43)) - raft.rpc.type = GRPC (default)
2019-08-20 18:34:12,492 [Thread-334] INFO  grpc.GrpcFactory (GrpcFactory.java:checkPooledByteBufAllocatorUseCacheForAllThreads(45)) - PERFORMANCE WARNING: useCacheForAllThreads is true that may cause Netty to create a lot garbage objects and, as a result, trigger GC.
	It is recommended to disable useCacheForAllThreads by setting -Dorg.apache.ratis.thirdparty.io.netty.allocator.useCacheForAllThreads=false in command line.
2019-08-20 18:34:12,492 [Thread-334] INFO  grpc.GrpcConfigKeys$Server (ConfUtils.java:logGet(43)) - raft.grpc.server.port = 0 (default)
2019-08-20 18:34:12,493 [Thread-334] INFO  server.GrpcService (ConfUtils.java:logGet(43)) - raft.grpc.message.size.max = 33570816 (custom)
2019-08-20 18:34:12,493 [Thread-334] INFO  server.RaftServerConfigKeys (ConfUtils.java:logGet(43)) - raft.server.log.appender.buffer.byte-limit = 33554432 (custom)
2019-08-20 18:34:12,493 [Thread-334] INFO  server.GrpcService (ConfUtils.java:logGet(43)) - raft.grpc.flow.control.window = 1MB (=1048576) (default)
2019-08-20 18:34:12,493 [Thread-334] INFO  server.RaftServerConfigKeys (ConfUtils.java:logGet(43)) - raft.server.rpc.request.timeout = 3000ms (default)
2019-08-20 18:34:12,494 [Thread-334] INFO  server.RaftServerConfigKeys (ConfUtils.java:logGet(43)) - raft.server.storage.dir = [/workdir/hadoop-ozone/integration-test/target/test-dir/MiniOzoneClusterImpl-17c14715-311f-4e0b-8c69-0ee14c49d74d/datanode-2/data/ratis] (custom)
2019-08-20 18:34:12,495 [Thread-334] INFO  replication.SimpleContainerDownloader (SimpleContainerDownloader.java:<init>(72)) - Starting container downloader service to copy containers to replicate.
2019-08-20 18:34:12,496 [Thread-334] INFO  hdfs.DFSUtil (DFSUtil.java:httpServerTemplateForNNAndJN(1641)) - Starting Web-server for hddsDatanode at: http://0.0.0.0:0
2019-08-20 18:34:12,497 [Thread-334] INFO  server.AuthenticationFilter (AuthenticationFilter.java:constructSecretProvider(240)) - Unable to initialize FileSignerSecretProvider, falling back to use random secrets.
2019-08-20 18:34:12,497 [Thread-334] WARN  http.HttpRequestLog (HttpRequestLog.java:getRequestLog(97)) - Jetty request log can only be enabled using Log4j
2019-08-20 18:34:12,499 [Thread-334] INFO  http.HttpServer2 (HttpServer2.java:addGlobalFilter(975)) - Added global filter 'safety' (class=org.apache.hadoop.http.HttpServer2$QuotingInputFilter)
2019-08-20 18:34:12,499 [Thread-334] INFO  http.HttpServer2 (HttpServer2.java:addFilter(948)) - Added filter static_user_filter (class=org.apache.hadoop.http.lib.StaticUserWebFilter$StaticUserFilter) to context hddsDatanode
2019-08-20 18:34:12,499 [Thread-334] INFO  http.HttpServer2 (HttpServer2.java:addFilter(958)) - Added filter static_user_filter (class=org.apache.hadoop.http.lib.StaticUserWebFilter$StaticUserFilter) to context logs
2019-08-20 18:34:12,499 [Thread-334] INFO  http.HttpServer2 (HttpServer2.java:addFilter(958)) - Added filter static_user_filter (class=org.apache.hadoop.http.lib.StaticUserWebFilter$StaticUserFilter) to context static
2019-08-20 18:34:12,500 [Thread-334] INFO  http.HttpServer2 (HttpServer2.java:bindListener(1191)) - Jetty bound to port 46786
2019-08-20 18:34:12,500 [Thread-334] INFO  server.Server (Server.java:doStart(351)) - jetty-9.3.24.v20180605, build timestamp: 2018-06-05T17:11:56Z, git hash: 84205aa28f11a4f31f2a3b86d1bba2cc8ab69827
2019-08-20 18:34:12,502 [Thread-334] INFO  handler.ContextHandler (ContextHandler.java:doStart(781)) - Started o.e.j.s.ServletContextHandler@1bf25574{/logs,file:///workdir/hadoop-ozone/integration-test/target/log,AVAILABLE}
2019-08-20 18:34:12,502 [Thread-334] INFO  handler.ContextHandler (ContextHandler.java:doStart(781)) - Started o.e.j.s.ServletContextHandler@57844cda{/static,jar:file:/home/user/.m2/repository/org/apache/hadoop/hadoop-hdds-container-service/0.5.0-SNAPSHOT/hadoop-hdds-container-service-0.5.0-SNAPSHOT.jar!/webapps/static,AVAILABLE}
2019-08-20 18:34:12,531 [Thread-334] INFO  handler.ContextHandler (ContextHandler.java:doStart(781)) - Started o.e.j.w.WebAppContext@1676c6e6{/,file:///tmp/jetty-0.0.0.0-46786-hddsDatanode-_-any-8570138906208797515.dir/webapp/,AVAILABLE}{/hddsDatanode}
2019-08-20 18:34:12,531 [Thread-334] INFO  server.AbstractConnector (AbstractConnector.java:doStart(278)) - Started ServerConnector@5bf4a6d0{HTTP/1.1,[http/1.1]}{0.0.0.0:46786}
2019-08-20 18:34:12,532 [Thread-334] INFO  server.Server (Server.java:doStart(419)) - Started @33504ms
2019-08-20 18:34:12,533 [Thread-334] INFO  server.BaseHttpServer (BaseHttpServer.java:updateConnectorAddress(213)) - HTTP server of HDDSDATANODE is listening at http://0.0.0.0:46786
2019-08-20 18:34:12,660 | INFO  | ObjectStoreRestHttpServer | Listening HDDS REST traffic on /0.0.0.0:38410 |  
2019-08-20 18:34:12,660 [Thread-334] INFO  ozone.HddsDatanodeService (HddsDatanodeService.java:startPlugins(395)) - Started plug-in org.apache.hadoop.ozone.web.OzoneHddsDatanodeService@3a2b1a76
2019-08-20 18:34:12,661 [Thread-334] INFO  ozone.MiniOzoneClusterImpl (MiniOzoneClusterImpl.java:lambda$waitForClusterToBeReady$0(142)) - Waiting for cluster to be ready. Got 0 of 3 DN Heartbeats.
2019-08-20 18:34:12,664 [org.apache.hadoop.util.JvmPauseMonitor$Monitor@2c84454f] INFO  util.JvmPauseMonitor (JvmPauseMonitor.java:run(188)) - Starting JVM pause monitor
2019-08-20 18:34:12,665 [Datanode State Machine Thread - 0] INFO  datanode.InitDatanodeState (InitDatanodeState.java:persistContainerDatanodeDetails(140)) - DatanodeDetails is persisted to /workdir/hadoop-ozone/integration-test/target/test-dir/MiniOzoneClusterImpl-17c14715-311f-4e0b-8c69-0ee14c49d74d/datanode-2/meta/datanode.id
2019-08-20 18:34:13,661 [Thread-334] INFO  ozone.MiniOzoneClusterImpl (MiniOzoneClusterImpl.java:lambda$waitForClusterToBeReady$0(142)) - Waiting for cluster to be ready. Got 0 of 3 DN Heartbeats.
2019-08-20 18:34:14,268 | INFO  | SCMAudit | user=jenkins1000 | ip=192.168.5.168 | op=GET_VERSION null | ret=SUCCESS |  
2019-08-20 18:34:14,284 [Datanode State Machine Thread - 0] INFO  ozoneimpl.OzoneContainer (OzoneContainer.java:start(186)) - Attempting to start container services.
2019-08-20 18:34:14,286 [Datanode State Machine Thread - 0] INFO  ozoneimpl.OzoneContainer (OzoneContainer.java:startContainerScrub(160)) - Background container scrubber has been disabled by hdds.containerscrub.enabled
2019-08-20 18:34:14,286 [Datanode State Machine Thread - 0] INFO  ratis.XceiverServerRatis (XceiverServerRatis.java:start(404)) - Starting XceiverServerRatis 1302226f-fb4b-4090-a63b-e19082dd7f8c at port 0
2019-08-20 18:34:14,293 [Datanode State Machine Thread - 0] INFO  impl.RaftServerProxy (RaftServerProxy.java:lambda$start$3(299)) - 1302226f-fb4b-4090-a63b-e19082dd7f8c: start RPC server
2019-08-20 18:34:14,297 [Datanode State Machine Thread - 0] INFO  server.GrpcService (GrpcService.java:startImpl(149)) - 1302226f-fb4b-4090-a63b-e19082dd7f8c: GrpcService started, listening on 0.0.0.0/0.0.0.0:40142
2019-08-20 18:34:14,298 [Datanode State Machine Thread - 0] INFO  ratis.XceiverServerRatis (XceiverServerRatis.java:start(414)) - XceiverServerRatis 1302226f-fb4b-4090-a63b-e19082dd7f8c is started using port 40142
2019-08-20 18:34:14,298 [Datanode State Machine Thread - 0] INFO  server.XceiverServerGrpc (XceiverServerGrpc.java:start(161)) - XceiverServerGrpc 1302226f-fb4b-4090-a63b-e19082dd7f8c is started using port 39868
2019-08-20 18:34:14,463 | INFO  | SCMAudit | user=jenkins1000 | ip=192.168.5.168 | op=GET_VERSION null | ret=SUCCESS |  
2019-08-20 18:34:14,480 [Datanode State Machine Thread - 0] INFO  ozoneimpl.OzoneContainer (OzoneContainer.java:start(186)) - Attempting to start container services.
2019-08-20 18:34:14,482 [Datanode State Machine Thread - 0] INFO  ozoneimpl.OzoneContainer (OzoneContainer.java:startContainerScrub(160)) - Background container scrubber has been disabled by hdds.containerscrub.enabled
2019-08-20 18:34:14,482 [Datanode State Machine Thread - 0] INFO  ratis.XceiverServerRatis (XceiverServerRatis.java:start(404)) - Starting XceiverServerRatis 208f2d0e-9df1-4c51-a4e7-c27d855217c8 at port 0
2019-08-20 18:34:14,491 [Datanode State Machine Thread - 0] INFO  impl.RaftServerProxy (RaftServerProxy.java:lambda$start$3(299)) - 208f2d0e-9df1-4c51-a4e7-c27d855217c8: start RPC server
2019-08-20 18:34:14,493 [Datanode State Machine Thread - 0] INFO  server.GrpcService (GrpcService.java:startImpl(149)) - 208f2d0e-9df1-4c51-a4e7-c27d855217c8: GrpcService started, listening on 0.0.0.0/0.0.0.0:35300
2019-08-20 18:34:14,493 [Datanode State Machine Thread - 0] INFO  ratis.XceiverServerRatis (XceiverServerRatis.java:start(414)) - XceiverServerRatis 208f2d0e-9df1-4c51-a4e7-c27d855217c8 is started using port 35300
2019-08-20 18:34:14,494 [Datanode State Machine Thread - 0] INFO  server.XceiverServerGrpc (XceiverServerGrpc.java:start(161)) - XceiverServerGrpc 208f2d0e-9df1-4c51-a4e7-c27d855217c8 is started using port 46125
2019-08-20 18:34:14,662 [Thread-334] INFO  ozone.MiniOzoneClusterImpl (MiniOzoneClusterImpl.java:lambda$waitForClusterToBeReady$0(142)) - Waiting for cluster to be ready. Got 0 of 3 DN Heartbeats.
2019-08-20 18:34:14,665 | INFO  | SCMAudit | user=jenkins1000 | ip=192.168.5.168 | op=GET_VERSION null | ret=SUCCESS |  
2019-08-20 18:34:14,680 [Datanode State Machine Thread - 0] INFO  ozoneimpl.OzoneContainer (OzoneContainer.java:start(186)) - Attempting to start container services.
2019-08-20 18:34:14,683 [Datanode State Machine Thread - 0] INFO  ozoneimpl.OzoneContainer (OzoneContainer.java:startContainerScrub(160)) - Background container scrubber has been disabled by hdds.containerscrub.enabled
2019-08-20 18:34:14,683 [Datanode State Machine Thread - 0] INFO  ratis.XceiverServerRatis (XceiverServerRatis.java:start(404)) - Starting XceiverServerRatis b097e9c8-72ce-4bfa-99ed-e41898e4335b at port 0
2019-08-20 18:34:14,693 [Datanode State Machine Thread - 0] INFO  impl.RaftServerProxy (RaftServerProxy.java:lambda$start$3(299)) - b097e9c8-72ce-4bfa-99ed-e41898e4335b: start RPC server
2019-08-20 18:34:14,694 [Datanode State Machine Thread - 0] INFO  server.GrpcService (GrpcService.java:startImpl(149)) - b097e9c8-72ce-4bfa-99ed-e41898e4335b: GrpcService started, listening on 0.0.0.0/0.0.0.0:41312
2019-08-20 18:34:14,694 [Datanode State Machine Thread - 0] INFO  ratis.XceiverServerRatis (XceiverServerRatis.java:start(414)) - XceiverServerRatis b097e9c8-72ce-4bfa-99ed-e41898e4335b is started using port 41312
2019-08-20 18:34:14,701 [Datanode State Machine Thread - 0] INFO  server.XceiverServerGrpc (XceiverServerGrpc.java:start(161)) - XceiverServerGrpc b097e9c8-72ce-4bfa-99ed-e41898e4335b is started using port 46392
2019-08-20 18:34:15,662 [Thread-334] INFO  ozone.MiniOzoneClusterImpl (MiniOzoneClusterImpl.java:lambda$waitForClusterToBeReady$0(142)) - Waiting for cluster to be ready. Got 0 of 3 DN Heartbeats.
2019-08-20 18:34:16,269 [IPC Server handler 0 on 44036] INFO  net.NetworkTopology (NetworkTopologyImpl.java:add(110)) - Added a new node: /default-rack/1302226f-fb4b-4090-a63b-e19082dd7f8c
2019-08-20 18:34:16,271 [IPC Server handler 0 on 44036] INFO  node.SCMNodeManager (SCMNodeManager.java:register(273)) - Registered Data node : 1302226f-fb4b-4090-a63b-e19082dd7f8c{ip: 192.168.5.168, host: pr-hdds-1927-28fzr-1052167450, networkLocation: /default-rack, certSerialId: null}
2019-08-20 18:34:16,274 [EventQueue-NodeRegistrationContainerReportForDataNodeSafeModeRule] INFO  safemode.SCMSafeModeManager (DataNodeSafeModeRule.java:process(71)) - SCM in safe mode. 1 DataNodes registered, 1 required.
2019-08-20 18:34:16,275 [EventQueue-NodeRegistrationContainerReportForDataNodeSafeModeRule] INFO  safemode.SCMSafeModeManager (SCMSafeModeManager.java:validateSafeModeExitRules(177)) - ScmSafeModeManager, all rules are successfully validated
2019-08-20 18:34:16,275 [EventQueue-NodeRegistrationContainerReportForDataNodeSafeModeRule] INFO  safemode.SCMSafeModeManager (SCMSafeModeManager.java:exitSafeMode(193)) - SCM exiting safe mode.
2019-08-20 18:34:16,276 | INFO  | SCMAudit | user=jenkins1000 | ip=192.168.5.168 | op=REGISTER {datanodeDetails=1302226f-fb4b-4090-a63b-e19082dd7f8c{ip: 192.168.5.168, host: pr-hdds-1927-28fzr-1052167450, networkLocation: /default-rack, certSerialId: null}} | ret=SUCCESS |  
2019-08-20 18:34:16,300 [grpc-default-executor-0] INFO  impl.RaftServerProxy (RaftServerProxy.java:addNew(89)) - 1302226f-fb4b-4090-a63b-e19082dd7f8c: addNew group-EE44822CEB44:[1302226f-fb4b-4090-a63b-e19082dd7f8c:192.168.5.168:40142] returns group-EE44822CEB44:java.util.concurrent.CompletableFuture@d056983[Not completed]
2019-08-20 18:34:16,303 [pool-113-thread-1] INFO  impl.RaftServerImpl (RaftServerImpl.java:<init>(93)) - 1302226f-fb4b-4090-a63b-e19082dd7f8c: new RaftServerImpl for group-EE44822CEB44:[1302226f-fb4b-4090-a63b-e19082dd7f8c:192.168.5.168:40142] with ContainerStateMachine:uninitialized
2019-08-20 18:34:16,304 [pool-113-thread-1] INFO  server.RaftServerConfigKeys (ConfUtils.java:logGet(43)) - raft.server.rpc.timeout.min = 5s (custom)
2019-08-20 18:34:16,304 [pool-113-thread-1] INFO  server.RaftServerConfigKeys (ConfUtils.java:logGet(43)) - raft.server.rpc.timeout.max = 5200ms (custom)
2019-08-20 18:34:16,304 [pool-113-thread-1] INFO  server.RaftServerConfigKeys (ConfUtils.java:logGet(43)) - raft.server.rpcslowness.timeout = 120s (custom)
2019-08-20 18:34:16,305 [pool-113-thread-1] INFO  server.RaftServerConfigKeys (ConfUtils.java:logGet(43)) - raft.server.sleep.deviation.threshold = 300 (default)
2019-08-20 18:34:16,305 [pool-113-thread-1] INFO  server.RaftServerConfigKeys (ConfUtils.java:logGet(43)) - raft.server.log.appender.install.snapshot.enabled = false (custom)
2019-08-20 18:34:16,305 [pool-113-thread-1] INFO  impl.RaftServerImpl (ServerState.java:<init>(105)) - 1302226f-fb4b-4090-a63b-e19082dd7f8c:group-EE44822CEB44 ConfigurationManager, init=-1: [1302226f-fb4b-4090-a63b-e19082dd7f8c:192.168.5.168:40142], old=null, confs=<EMPTY_MAP>
2019-08-20 18:34:16,305 [pool-113-thread-1] INFO  server.RaftServerConfigKeys (ConfUtils.java:logGet(43)) - raft.server.storage.dir = [/workdir/hadoop-ozone/integration-test/target/test-dir/MiniOzoneClusterImpl-17c14715-311f-4e0b-8c69-0ee14c49d74d/datanode-0/data/ratis] (custom)
2019-08-20 18:34:16,306 [pool-113-thread-1] INFO  storage.RaftStorageDirectory (RaftStorageDirectory.java:analyzeStorage(246)) - The storage directory /workdir/hadoop-ozone/integration-test/target/test-dir/MiniOzoneClusterImpl-17c14715-311f-4e0b-8c69-0ee14c49d74d/datanode-0/data/ratis/141c551d-cb15-4eb6-8807-ee44822ceb44 does not exist. Creating ...
2019-08-20 18:34:16,334 [pool-113-thread-1] INFO  storage.RaftStorageDirectory (RaftStorageDirectory.java:tryLock(328)) - Lock on /workdir/hadoop-ozone/integration-test/target/test-dir/MiniOzoneClusterImpl-17c14715-311f-4e0b-8c69-0ee14c49d74d/datanode-0/data/ratis/141c551d-cb15-4eb6-8807-ee44822ceb44/in_use.lock acquired by nodename 15395@pr-hdds-1927-28fzr-1052167450
2019-08-20 18:34:16,347 [pool-113-thread-1] INFO  storage.RaftStorage (RaftStorage.java:format(72)) - Storage directory /workdir/hadoop-ozone/integration-test/target/test-dir/MiniOzoneClusterImpl-17c14715-311f-4e0b-8c69-0ee14c49d74d/datanode-0/data/ratis/141c551d-cb15-4eb6-8807-ee44822ceb44 has been successfully formatted.
2019-08-20 18:34:16,347 [pool-113-thread-1] INFO  ratis.ContainerStateMachine (ContainerStateMachine.java:loadSnapshot(222)) - group-EE44822CEB44: The snapshot info is null. Setting the last applied indexto:(t:0, i:~)
2019-08-20 18:34:16,348 [pool-113-thread-1] INFO  server.RaftServerConfigKeys (ConfUtils.java:logGet(43)) - raft.server.leader.election.timeout = 120s (custom)
2019-08-20 18:34:16,348 [pool-113-thread-1] INFO  server.RaftServerConfigKeys (ConfUtils.java:logGet(43)) - raft.server.log.use.memory = false (default)
2019-08-20 18:34:16,348 [pool-113-thread-1] INFO  server.RaftServerConfigKeys (ConfUtils.java:logGet(43)) - raft.server.log.purge.gap = 1000000 (custom)
2019-08-20 18:34:16,348 [pool-113-thread-1] INFO  server.RaftServerConfigKeys (ConfUtils.java:logGet(43)) - raft.server.log.appender.buffer.byte-limit = 33554432 (custom)
2019-08-20 18:34:16,348 [pool-113-thread-1] INFO  server.RaftServerConfigKeys (ConfUtils.java:logGet(43)) - raft.server.log.segment.size.max = 1048576 (custom)
2019-08-20 18:34:16,348 [pool-113-thread-1] INFO  server.RaftServerConfigKeys (ConfUtils.java:logGet(43)) - raft.server.log.segment.cache.num.max = 2 (custom)
2019-08-20 18:34:16,349 [pool-113-thread-1] INFO  segmented.SegmentedRaftLogWorker (SegmentedRaftLogWorker.java:<init>(172)) - new 1302226f-fb4b-4090-a63b-e19082dd7f8c-SegmentedRaftLogWorker:Storage Directory /workdir/hadoop-ozone/integration-test/target/test-dir/MiniOzoneClusterImpl-17c14715-311f-4e0b-8c69-0ee14c49d74d/datanode-0/data/ratis/141c551d-cb15-4eb6-8807-ee44822ceb44 for RaftStorage:Storage Directory /workdir/hadoop-ozone/integration-test/target/test-dir/MiniOzoneClusterImpl-17c14715-311f-4e0b-8c69-0ee14c49d74d/datanode-0/data/ratis/141c551d-cb15-4eb6-8807-ee44822ceb44
2019-08-20 18:34:16,349 [pool-113-thread-1] INFO  server.RaftServerConfigKeys (ConfUtils.java:logGet(43)) - raft.server.log.queue.byte-limit = 2147483647 (custom)
2019-08-20 18:34:16,349 [pool-113-thread-1] INFO  server.RaftServerConfigKeys (ConfUtils.java:logGet(43)) - raft.server.log.queue.element-limit = 1024 (custom)
2019-08-20 18:34:16,350 [pool-113-thread-1] INFO  server.RaftServerConfigKeys (ConfUtils.java:logGet(43)) - raft.server.log.segment.size.max = 1048576 (custom)
2019-08-20 18:34:16,350 [pool-113-thread-1] INFO  server.RaftServerConfigKeys (ConfUtils.java:logGet(43)) - raft.server.log.preallocated.size = 16384 (custom)
2019-08-20 18:34:16,350 [pool-113-thread-1] INFO  server.RaftServerConfigKeys (ConfUtils.java:logGet(43)) - raft.server.log.write.buffer.size = 33554432 (custom)
2019-08-20 18:34:16,350 [pool-113-thread-1] INFO  server.RaftServerConfigKeys (ConfUtils.java:logGet(43)) - raft.server.log.force.sync.num = 128 (default)
2019-08-20 18:34:16,350 [pool-113-thread-1] INFO  server.RaftServerConfigKeys (ConfUtils.java:logGet(43)) - raft.server.log.statemachine.data.sync = true (default)
2019-08-20 18:34:16,350 [pool-113-thread-1] INFO  server.RaftServerConfigKeys (ConfUtils.java:logGet(43)) - raft.server.log.statemachine.data.sync.timeout = 10s (default)
2019-08-20 18:34:16,351 [pool-113-thread-1] INFO  server.RaftServerConfigKeys (ConfUtils.java:logGet(43)) - raft.server.log.statemachine.data.sync.timeout.retry = -1 (default)
2019-08-20 18:34:16,351 [pool-113-thread-1] INFO  server.RaftServerConfigKeys (ConfUtils.java:logGet(43)) - raft.server.log.statemachine.data.caching.enabled = true (custom)
2019-08-20 18:34:16,351 [pool-113-thread-1] INFO  segmented.SegmentedRaftLogWorker (SegmentedRaftLogWorker.java:lambda$new$0(132)) - 1302226f-fb4b-4090-a63b-e19082dd7f8c-SegmentedRaftLogWorker:Storage Directory /workdir/hadoop-ozone/integration-test/target/test-dir/MiniOzoneClusterImpl-17c14715-311f-4e0b-8c69-0ee14c49d74d/datanode-0/data/ratis/141c551d-cb15-4eb6-8807-ee44822ceb44: flushIndex: setUnconditionally 0 -> -1
2019-08-20 18:34:16,352 [pool-113-thread-1] INFO  server.RaftServerConfigKeys (ConfUtils.java:logGet(43)) - raft.server.snapshot.auto.trigger.enabled = true (custom)
2019-08-20 18:34:16,352 [pool-113-thread-1] INFO  server.RaftServerConfigKeys (ConfUtils.java:logGet(43)) - raft.server.snapshot.auto.trigger.threshold = 10000 (custom)
2019-08-20 18:34:16,352 [pool-113-thread-1] INFO  server.RaftServerConfigKeys (ConfUtils.java:logGet(43)) - raft.server.retrycache.expirytime = 600000ms (custom)
2019-08-20 18:34:16,353 [pool-113-thread-1] INFO  impl.RaftServerImpl (RaftServerImpl.java:start(180)) - 1302226f-fb4b-4090-a63b-e19082dd7f8c: start group-EE44822CEB44
2019-08-20 18:34:16,353 [pool-113-thread-1] INFO  impl.RaftServerImpl (RaftServerImpl.java:setRole(171)) - 1302226f-fb4b-4090-a63b-e19082dd7f8c:group-EE44822CEB44 changes role from null to FOLLOWER at term 0 for startAsFollower
2019-08-20 18:34:16,353 [pool-113-thread-1] INFO  impl.RoleInfo (RoleInfo.java:updateAndGet(143)) - 1302226f-fb4b-4090-a63b-e19082dd7f8c: start FollowerState
2019-08-20 18:34:16,354 [pool-113-thread-1] INFO  util.JmxRegister (JmxRegister.java:tryRegister(44)) - Successfully registered JMX Bean with object name Ratis:service=RaftServer,group=group-EE44822CEB44,id=1302226f-fb4b-4090-a63b-e19082dd7f8c
2019-08-20 18:34:16,362 [RatisPipelineUtilsThread] INFO  pipeline.PipelineStateManager (PipelineStateManager.java:addPipeline(56)) - Created pipeline Pipeline[ Id: 141c551d-cb15-4eb6-8807-ee44822ceb44, Nodes: 1302226f-fb4b-4090-a63b-e19082dd7f8c{ip: 192.168.5.168, host: pr-hdds-1927-28fzr-1052167450, networkLocation: /default-rack, certSerialId: null}, Type:RATIS, Factor:ONE, State:OPEN]
2019-08-20 18:34:16,464 [IPC Server handler 2 on 44036] INFO  net.NetworkTopology (NetworkTopologyImpl.java:add(110)) - Added a new node: /default-rack/208f2d0e-9df1-4c51-a4e7-c27d855217c8
2019-08-20 18:34:16,464 [IPC Server handler 2 on 44036] INFO  node.SCMNodeManager (SCMNodeManager.java:register(273)) - Registered Data node : 208f2d0e-9df1-4c51-a4e7-c27d855217c8{ip: 192.168.5.168, host: pr-hdds-1927-28fzr-1052167450, networkLocation: /default-rack, certSerialId: null}
2019-08-20 18:34:16,465 | INFO  | SCMAudit | user=jenkins1000 | ip=192.168.5.168 | op=REGISTER {datanodeDetails=208f2d0e-9df1-4c51-a4e7-c27d855217c8{ip: 192.168.5.168, host: pr-hdds-1927-28fzr-1052167450, networkLocation: /default-rack, certSerialId: null}} | ret=SUCCESS |  
2019-08-20 18:34:16,477 [grpc-default-executor-0] INFO  impl.RaftServerProxy (RaftServerProxy.java:addNew(89)) - 208f2d0e-9df1-4c51-a4e7-c27d855217c8: addNew group-238710BFEF5B:[208f2d0e-9df1-4c51-a4e7-c27d855217c8:192.168.5.168:35300] returns group-238710BFEF5B:java.util.concurrent.CompletableFuture@4bc5b746[Not completed]
2019-08-20 18:34:16,480 [pool-124-thread-1] INFO  impl.RaftServerImpl (RaftServerImpl.java:<init>(93)) - 208f2d0e-9df1-4c51-a4e7-c27d855217c8: new RaftServerImpl for group-238710BFEF5B:[208f2d0e-9df1-4c51-a4e7-c27d855217c8:192.168.5.168:35300] with ContainerStateMachine:uninitialized
2019-08-20 18:34:16,481 [pool-124-thread-1] INFO  server.RaftServerConfigKeys (ConfUtils.java:logGet(43)) - raft.server.rpc.timeout.min = 5s (custom)
2019-08-20 18:34:16,482 [pool-124-thread-1] INFO  server.RaftServerConfigKeys (ConfUtils.java:logGet(43)) - raft.server.rpc.timeout.max = 5200ms (custom)
2019-08-20 18:34:16,482 [pool-124-thread-1] INFO  server.RaftServerConfigKeys (ConfUtils.java:logGet(43)) - raft.server.rpcslowness.timeout = 120s (custom)
2019-08-20 18:34:16,482 [pool-124-thread-1] INFO  server.RaftServerConfigKeys (ConfUtils.java:logGet(43)) - raft.server.sleep.deviation.threshold = 300 (default)
2019-08-20 18:34:16,482 [pool-124-thread-1] INFO  server.RaftServerConfigKeys (ConfUtils.java:logGet(43)) - raft.server.log.appender.install.snapshot.enabled = false (custom)
2019-08-20 18:34:16,482 [pool-124-thread-1] INFO  impl.RaftServerImpl (ServerState.java:<init>(105)) - 208f2d0e-9df1-4c51-a4e7-c27d855217c8:group-238710BFEF5B ConfigurationManager, init=-1: [208f2d0e-9df1-4c51-a4e7-c27d855217c8:192.168.5.168:35300], old=null, confs=<EMPTY_MAP>
2019-08-20 18:34:16,483 [pool-124-thread-1] INFO  server.RaftServerConfigKeys (ConfUtils.java:logGet(43)) - raft.server.storage.dir = [/workdir/hadoop-ozone/integration-test/target/test-dir/MiniOzoneClusterImpl-17c14715-311f-4e0b-8c69-0ee14c49d74d/datanode-1/data/ratis] (custom)
2019-08-20 18:34:16,483 [pool-124-thread-1] INFO  storage.RaftStorageDirectory (RaftStorageDirectory.java:analyzeStorage(246)) - The storage directory /workdir/hadoop-ozone/integration-test/target/test-dir/MiniOzoneClusterImpl-17c14715-311f-4e0b-8c69-0ee14c49d74d/datanode-1/data/ratis/54ce35d5-14a6-4136-b055-238710bfef5b does not exist. Creating ...
2019-08-20 18:34:16,497 [pool-124-thread-1] INFO  storage.RaftStorageDirectory (RaftStorageDirectory.java:tryLock(328)) - Lock on /workdir/hadoop-ozone/integration-test/target/test-dir/MiniOzoneClusterImpl-17c14715-311f-4e0b-8c69-0ee14c49d74d/datanode-1/data/ratis/54ce35d5-14a6-4136-b055-238710bfef5b/in_use.lock acquired by nodename 15395@pr-hdds-1927-28fzr-1052167450
2019-08-20 18:34:16,510 [pool-124-thread-1] INFO  storage.RaftStorage (RaftStorage.java:format(72)) - Storage directory /workdir/hadoop-ozone/integration-test/target/test-dir/MiniOzoneClusterImpl-17c14715-311f-4e0b-8c69-0ee14c49d74d/datanode-1/data/ratis/54ce35d5-14a6-4136-b055-238710bfef5b has been successfully formatted.
2019-08-20 18:34:16,511 [pool-124-thread-1] INFO  ratis.ContainerStateMachine (ContainerStateMachine.java:loadSnapshot(222)) - group-238710BFEF5B: The snapshot info is null. Setting the last applied indexto:(t:0, i:~)
2019-08-20 18:34:16,511 [pool-124-thread-1] INFO  server.RaftServerConfigKeys (ConfUtils.java:logGet(43)) - raft.server.leader.election.timeout = 120s (custom)
2019-08-20 18:34:16,511 [pool-124-thread-1] INFO  server.RaftServerConfigKeys (ConfUtils.java:logGet(43)) - raft.server.log.use.memory = false (default)
2019-08-20 18:34:16,511 [pool-124-thread-1] INFO  server.RaftServerConfigKeys (ConfUtils.java:logGet(43)) - raft.server.log.purge.gap = 1000000 (custom)
2019-08-20 18:34:16,512 [pool-124-thread-1] INFO  server.RaftServerConfigKeys (ConfUtils.java:logGet(43)) - raft.server.log.appender.buffer.byte-limit = 33554432 (custom)
2019-08-20 18:34:16,512 [pool-124-thread-1] INFO  server.RaftServerConfigKeys (ConfUtils.java:logGet(43)) - raft.server.log.segment.size.max = 1048576 (custom)
2019-08-20 18:34:16,512 [pool-124-thread-1] INFO  server.RaftServerConfigKeys (ConfUtils.java:logGet(43)) - raft.server.log.segment.cache.num.max = 2 (custom)
2019-08-20 18:34:16,512 [pool-124-thread-1] INFO  segmented.SegmentedRaftLogWorker (SegmentedRaftLogWorker.java:<init>(172)) - new 208f2d0e-9df1-4c51-a4e7-c27d855217c8-SegmentedRaftLogWorker:Storage Directory /workdir/hadoop-ozone/integration-test/target/test-dir/MiniOzoneClusterImpl-17c14715-311f-4e0b-8c69-0ee14c49d74d/datanode-1/data/ratis/54ce35d5-14a6-4136-b055-238710bfef5b for RaftStorage:Storage Directory /workdir/hadoop-ozone/integration-test/target/test-dir/MiniOzoneClusterImpl-17c14715-311f-4e0b-8c69-0ee14c49d74d/datanode-1/data/ratis/54ce35d5-14a6-4136-b055-238710bfef5b
2019-08-20 18:34:16,512 [pool-124-thread-1] INFO  server.RaftServerConfigKeys (ConfUtils.java:logGet(43)) - raft.server.log.queue.byte-limit = 2147483647 (custom)
2019-08-20 18:34:16,513 [pool-124-thread-1] INFO  server.RaftServerConfigKeys (ConfUtils.java:logGet(43)) - raft.server.log.queue.element-limit = 1024 (custom)
2019-08-20 18:34:16,513 [pool-124-thread-1] INFO  server.RaftServerConfigKeys (ConfUtils.java:logGet(43)) - raft.server.log.segment.size.max = 1048576 (custom)
2019-08-20 18:34:16,513 [pool-124-thread-1] INFO  server.RaftServerConfigKeys (ConfUtils.java:logGet(43)) - raft.server.log.preallocated.size = 16384 (custom)
2019-08-20 18:34:16,513 [pool-124-thread-1] INFO  server.RaftServerConfigKeys (ConfUtils.java:logGet(43)) - raft.server.log.write.buffer.size = 33554432 (custom)
2019-08-20 18:34:16,514 [pool-124-thread-1] INFO  server.RaftServerConfigKeys (ConfUtils.java:logGet(43)) - raft.server.log.force.sync.num = 128 (default)
2019-08-20 18:34:16,514 [pool-124-thread-1] INFO  server.RaftServerConfigKeys (ConfUtils.java:logGet(43)) - raft.server.log.statemachine.data.sync = true (default)
2019-08-20 18:34:16,514 [pool-124-thread-1] INFO  server.RaftServerConfigKeys (ConfUtils.java:logGet(43)) - raft.server.log.statemachine.data.sync.timeout = 10s (default)
2019-08-20 18:34:16,514 [pool-124-thread-1] INFO  server.RaftServerConfigKeys (ConfUtils.java:logGet(43)) - raft.server.log.statemachine.data.sync.timeout.retry = -1 (default)
2019-08-20 18:34:16,515 [pool-124-thread-1] INFO  server.RaftServerConfigKeys (ConfUtils.java:logGet(43)) - raft.server.log.statemachine.data.caching.enabled = true (custom)
2019-08-20 18:34:16,515 [pool-124-thread-1] INFO  segmented.SegmentedRaftLogWorker (SegmentedRaftLogWorker.java:lambda$new$0(132)) - 208f2d0e-9df1-4c51-a4e7-c27d855217c8-SegmentedRaftLogWorker:Storage Directory /workdir/hadoop-ozone/integration-test/target/test-dir/MiniOzoneClusterImpl-17c14715-311f-4e0b-8c69-0ee14c49d74d/datanode-1/data/ratis/54ce35d5-14a6-4136-b055-238710bfef5b: flushIndex: setUnconditionally 0 -> -1
2019-08-20 18:34:16,515 [pool-124-thread-1] INFO  server.RaftServerConfigKeys (ConfUtils.java:logGet(43)) - raft.server.snapshot.auto.trigger.enabled = true (custom)
2019-08-20 18:34:16,516 [pool-124-thread-1] INFO  server.RaftServerConfigKeys (ConfUtils.java:logGet(43)) - raft.server.snapshot.auto.trigger.threshold = 10000 (custom)
2019-08-20 18:34:16,516 [pool-124-thread-1] INFO  server.RaftServerConfigKeys (ConfUtils.java:logGet(43)) - raft.server.retrycache.expirytime = 600000ms (custom)
2019-08-20 18:34:16,516 [pool-124-thread-1] INFO  impl.RaftServerImpl (RaftServerImpl.java:start(180)) - 208f2d0e-9df1-4c51-a4e7-c27d855217c8: start group-238710BFEF5B
2019-08-20 18:34:16,516 [pool-124-thread-1] INFO  impl.RaftServerImpl (RaftServerImpl.java:setRole(171)) - 208f2d0e-9df1-4c51-a4e7-c27d855217c8:group-238710BFEF5B changes role from null to FOLLOWER at term 0 for startAsFollower
2019-08-20 18:34:16,517 [pool-124-thread-1] INFO  impl.RoleInfo (RoleInfo.java:updateAndGet(143)) - 208f2d0e-9df1-4c51-a4e7-c27d855217c8: start FollowerState
2019-08-20 18:34:16,523 [pool-124-thread-1] INFO  util.JmxRegister (JmxRegister.java:tryRegister(44)) - Successfully registered JMX Bean with object name Ratis:service=RaftServer,group=group-238710BFEF5B,id=208f2d0e-9df1-4c51-a4e7-c27d855217c8
2019-08-20 18:34:16,532 [RatisPipelineUtilsThread] INFO  pipeline.PipelineStateManager (PipelineStateManager.java:addPipeline(56)) - Created pipeline Pipeline[ Id: 54ce35d5-14a6-4136-b055-238710bfef5b, Nodes: 208f2d0e-9df1-4c51-a4e7-c27d855217c8{ip: 192.168.5.168, host: pr-hdds-1927-28fzr-1052167450, networkLocation: /default-rack, certSerialId: null}, Type:RATIS, Factor:ONE, State:OPEN]
2019-08-20 18:34:16,662 [Thread-334] INFO  ozone.MiniOzoneClusterImpl (MiniOzoneClusterImpl.java:lambda$waitForClusterToBeReady$0(142)) - Waiting for cluster to be ready. Got 2 of 3 DN Heartbeats.
2019-08-20 18:34:16,666 [IPC Server handler 1 on 44036] INFO  net.NetworkTopology (NetworkTopologyImpl.java:add(110)) - Added a new node: /default-rack/b097e9c8-72ce-4bfa-99ed-e41898e4335b
2019-08-20 18:34:16,666 [IPC Server handler 1 on 44036] INFO  node.SCMNodeManager (SCMNodeManager.java:register(273)) - Registered Data node : b097e9c8-72ce-4bfa-99ed-e41898e4335b{ip: 192.168.5.168, host: pr-hdds-1927-28fzr-1052167450, networkLocation: /default-rack, certSerialId: null}
2019-08-20 18:34:16,666 | INFO  | SCMAudit | user=jenkins1000 | ip=192.168.5.168 | op=REGISTER {datanodeDetails=b097e9c8-72ce-4bfa-99ed-e41898e4335b{ip: 192.168.5.168, host: pr-hdds-1927-28fzr-1052167450, networkLocation: /default-rack, certSerialId: null}} | ret=SUCCESS |  
2019-08-20 18:34:16,679 [grpc-default-executor-0] INFO  impl.RaftServerProxy (RaftServerProxy.java:addNew(89)) - b097e9c8-72ce-4bfa-99ed-e41898e4335b: addNew group-2D0B3254AD72:[b097e9c8-72ce-4bfa-99ed-e41898e4335b:192.168.5.168:41312] returns group-2D0B3254AD72:java.util.concurrent.CompletableFuture@3658016f[Not completed]
2019-08-20 18:34:16,681 [pool-135-thread-1] INFO  impl.RaftServerImpl (RaftServerImpl.java:<init>(93)) - b097e9c8-72ce-4bfa-99ed-e41898e4335b: new RaftServerImpl for group-2D0B3254AD72:[b097e9c8-72ce-4bfa-99ed-e41898e4335b:192.168.5.168:41312] with ContainerStateMachine:uninitialized
2019-08-20 18:34:16,683 [pool-135-thread-1] INFO  server.RaftServerConfigKeys (ConfUtils.java:logGet(43)) - raft.server.rpc.timeout.min = 5s (custom)
2019-08-20 18:34:16,683 [pool-135-thread-1] INFO  server.RaftServerConfigKeys (ConfUtils.java:logGet(43)) - raft.server.rpc.timeout.max = 5200ms (custom)
2019-08-20 18:34:16,683 [pool-135-thread-1] INFO  server.RaftServerConfigKeys (ConfUtils.java:logGet(43)) - raft.server.rpcslowness.timeout = 120s (custom)
2019-08-20 18:34:16,683 [pool-135-thread-1] INFO  server.RaftServerConfigKeys (ConfUtils.java:logGet(43)) - raft.server.sleep.deviation.threshold = 300 (default)
2019-08-20 18:34:16,683 [pool-135-thread-1] INFO  server.RaftServerConfigKeys (ConfUtils.java:logGet(43)) - raft.server.log.appender.install.snapshot.enabled = false (custom)
2019-08-20 18:34:16,684 [pool-135-thread-1] INFO  impl.RaftServerImpl (ServerState.java:<init>(105)) - b097e9c8-72ce-4bfa-99ed-e41898e4335b:group-2D0B3254AD72 ConfigurationManager, init=-1: [b097e9c8-72ce-4bfa-99ed-e41898e4335b:192.168.5.168:41312], old=null, confs=<EMPTY_MAP>
2019-08-20 18:34:16,684 [pool-135-thread-1] INFO  server.RaftServerConfigKeys (ConfUtils.java:logGet(43)) - raft.server.storage.dir = [/workdir/hadoop-ozone/integration-test/target/test-dir/MiniOzoneClusterImpl-17c14715-311f-4e0b-8c69-0ee14c49d74d/datanode-2/data/ratis] (custom)
2019-08-20 18:34:16,684 [pool-135-thread-1] INFO  storage.RaftStorageDirectory (RaftStorageDirectory.java:analyzeStorage(246)) - The storage directory /workdir/hadoop-ozone/integration-test/target/test-dir/MiniOzoneClusterImpl-17c14715-311f-4e0b-8c69-0ee14c49d74d/datanode-2/data/ratis/e83f7d46-6215-4d89-a174-2d0b3254ad72 does not exist. Creating ...
2019-08-20 18:34:16,698 [pool-135-thread-1] INFO  storage.RaftStorageDirectory (RaftStorageDirectory.java:tryLock(328)) - Lock on /workdir/hadoop-ozone/integration-test/target/test-dir/MiniOzoneClusterImpl-17c14715-311f-4e0b-8c69-0ee14c49d74d/datanode-2/data/ratis/e83f7d46-6215-4d89-a174-2d0b3254ad72/in_use.lock acquired by nodename 15395@pr-hdds-1927-28fzr-1052167450
2019-08-20 18:34:16,711 [pool-135-thread-1] INFO  storage.RaftStorage (RaftStorage.java:format(72)) - Storage directory /workdir/hadoop-ozone/integration-test/target/test-dir/MiniOzoneClusterImpl-17c14715-311f-4e0b-8c69-0ee14c49d74d/datanode-2/data/ratis/e83f7d46-6215-4d89-a174-2d0b3254ad72 has been successfully formatted.
2019-08-20 18:34:16,711 [pool-135-thread-1] INFO  ratis.ContainerStateMachine (ContainerStateMachine.java:loadSnapshot(222)) - group-2D0B3254AD72: The snapshot info is null. Setting the last applied indexto:(t:0, i:~)
2019-08-20 18:34:16,712 [pool-135-thread-1] INFO  server.RaftServerConfigKeys (ConfUtils.java:logGet(43)) - raft.server.leader.election.timeout = 120s (custom)
2019-08-20 18:34:16,712 [pool-135-thread-1] INFO  server.RaftServerConfigKeys (ConfUtils.java:logGet(43)) - raft.server.log.use.memory = false (default)
2019-08-20 18:34:16,712 [pool-135-thread-1] INFO  server.RaftServerConfigKeys (ConfUtils.java:logGet(43)) - raft.server.log.purge.gap = 1000000 (custom)
2019-08-20 18:34:16,712 [pool-135-thread-1] INFO  server.RaftServerConfigKeys (ConfUtils.java:logGet(43)) - raft.server.log.appender.buffer.byte-limit = 33554432 (custom)
2019-08-20 18:34:16,713 [pool-135-thread-1] INFO  server.RaftServerConfigKeys (ConfUtils.java:logGet(43)) - raft.server.log.segment.size.max = 1048576 (custom)
2019-08-20 18:34:16,713 [pool-135-thread-1] INFO  server.RaftServerConfigKeys (ConfUtils.java:logGet(43)) - raft.server.log.segment.cache.num.max = 2 (custom)
2019-08-20 18:34:16,713 [pool-135-thread-1] INFO  segmented.SegmentedRaftLogWorker (SegmentedRaftLogWorker.java:<init>(172)) - new b097e9c8-72ce-4bfa-99ed-e41898e4335b-SegmentedRaftLogWorker:Storage Directory /workdir/hadoop-ozone/integration-test/target/test-dir/MiniOzoneClusterImpl-17c14715-311f-4e0b-8c69-0ee14c49d74d/datanode-2/data/ratis/e83f7d46-6215-4d89-a174-2d0b3254ad72 for RaftStorage:Storage Directory /workdir/hadoop-ozone/integration-test/target/test-dir/MiniOzoneClusterImpl-17c14715-311f-4e0b-8c69-0ee14c49d74d/datanode-2/data/ratis/e83f7d46-6215-4d89-a174-2d0b3254ad72
2019-08-20 18:34:16,713 [pool-135-thread-1] INFO  server.RaftServerConfigKeys (ConfUtils.java:logGet(43)) - raft.server.log.queue.byte-limit = 2147483647 (custom)
2019-08-20 18:34:16,714 [pool-135-thread-1] INFO  server.RaftServerConfigKeys (ConfUtils.java:logGet(43)) - raft.server.log.queue.element-limit = 1024 (custom)
2019-08-20 18:34:16,714 [pool-135-thread-1] INFO  server.RaftServerConfigKeys (ConfUtils.java:logGet(43)) - raft.server.log.segment.size.max = 1048576 (custom)
2019-08-20 18:34:16,714 [pool-135-thread-1] INFO  server.RaftServerConfigKeys (ConfUtils.java:logGet(43)) - raft.server.log.preallocated.size = 16384 (custom)
2019-08-20 18:34:16,714 [pool-135-thread-1] INFO  server.RaftServerConfigKeys (ConfUtils.java:logGet(43)) - raft.server.log.write.buffer.size = 33554432 (custom)
2019-08-20 18:34:16,715 [pool-135-thread-1] INFO  server.RaftServerConfigKeys (ConfUtils.java:logGet(43)) - raft.server.log.force.sync.num = 128 (default)
2019-08-20 18:34:16,715 [pool-135-thread-1] INFO  server.RaftServerConfigKeys (ConfUtils.java:logGet(43)) - raft.server.log.statemachine.data.sync = true (default)
2019-08-20 18:34:16,715 [pool-135-thread-1] INFO  server.RaftServerConfigKeys (ConfUtils.java:logGet(43)) - raft.server.log.statemachine.data.sync.timeout = 10s (default)
2019-08-20 18:34:16,715 [pool-135-thread-1] INFO  server.RaftServerConfigKeys (ConfUtils.java:logGet(43)) - raft.server.log.statemachine.data.sync.timeout.retry = -1 (default)
2019-08-20 18:34:16,716 [pool-135-thread-1] INFO  server.RaftServerConfigKeys (ConfUtils.java:logGet(43)) - raft.server.log.statemachine.data.caching.enabled = true (custom)
2019-08-20 18:34:16,716 [pool-135-thread-1] INFO  segmented.SegmentedRaftLogWorker (SegmentedRaftLogWorker.java:lambda$new$0(132)) - b097e9c8-72ce-4bfa-99ed-e41898e4335b-SegmentedRaftLogWorker:Storage Directory /workdir/hadoop-ozone/integration-test/target/test-dir/MiniOzoneClusterImpl-17c14715-311f-4e0b-8c69-0ee14c49d74d/datanode-2/data/ratis/e83f7d46-6215-4d89-a174-2d0b3254ad72: flushIndex: setUnconditionally 0 -> -1
2019-08-20 18:34:16,717 [pool-135-thread-1] INFO  server.RaftServerConfigKeys (ConfUtils.java:logGet(43)) - raft.server.snapshot.auto.trigger.enabled = true (custom)
2019-08-20 18:34:16,717 [pool-135-thread-1] INFO  server.RaftServerConfigKeys (ConfUtils.java:logGet(43)) - raft.server.snapshot.auto.trigger.threshold = 10000 (custom)
2019-08-20 18:34:16,717 [pool-135-thread-1] INFO  server.RaftServerConfigKeys (ConfUtils.java:logGet(43)) - raft.server.retrycache.expirytime = 600000ms (custom)
2019-08-20 18:34:16,718 [pool-135-thread-1] INFO  impl.RaftServerImpl (RaftServerImpl.java:start(180)) - b097e9c8-72ce-4bfa-99ed-e41898e4335b: start group-2D0B3254AD72
2019-08-20 18:34:16,718 [pool-135-thread-1] INFO  impl.RaftServerImpl (RaftServerImpl.java:setRole(171)) - b097e9c8-72ce-4bfa-99ed-e41898e4335b:group-2D0B3254AD72 changes role from null to FOLLOWER at term 0 for startAsFollower
2019-08-20 18:34:16,718 [pool-135-thread-1] INFO  impl.RoleInfo (RoleInfo.java:updateAndGet(143)) - b097e9c8-72ce-4bfa-99ed-e41898e4335b: start FollowerState
2019-08-20 18:34:16,719 [pool-135-thread-1] INFO  util.JmxRegister (JmxRegister.java:tryRegister(44)) - Successfully registered JMX Bean with object name Ratis:service=RaftServer,group=group-2D0B3254AD72,id=b097e9c8-72ce-4bfa-99ed-e41898e4335b
2019-08-20 18:34:16,724 [RatisPipelineUtilsThread] INFO  pipeline.PipelineStateManager (PipelineStateManager.java:addPipeline(56)) - Created pipeline Pipeline[ Id: e83f7d46-6215-4d89-a174-2d0b3254ad72, Nodes: b097e9c8-72ce-4bfa-99ed-e41898e4335b{ip: 192.168.5.168, host: pr-hdds-1927-28fzr-1052167450, networkLocation: /default-rack, certSerialId: null}, Type:RATIS, Factor:ONE, State:OPEN]
2019-08-20 18:34:16,759 [grpc-default-executor-1] INFO  impl.RaftServerProxy (RaftServerProxy.java:addNew(89)) - b097e9c8-72ce-4bfa-99ed-e41898e4335b: addNew group-B92D43AEF28B:[1302226f-fb4b-4090-a63b-e19082dd7f8c:192.168.5.168:40142, 208f2d0e-9df1-4c51-a4e7-c27d855217c8:192.168.5.168:35300, b097e9c8-72ce-4bfa-99ed-e41898e4335b:192.168.5.168:41312] returns group-B92D43AEF28B:java.util.concurrent.CompletableFuture@37a1c2af[Not completed]
2019-08-20 18:34:16,759 [grpc-default-executor-2] INFO  impl.RaftServerProxy (RaftServerProxy.java:addNew(89)) - 1302226f-fb4b-4090-a63b-e19082dd7f8c: addNew group-B92D43AEF28B:[1302226f-fb4b-4090-a63b-e19082dd7f8c:192.168.5.168:40142, 208f2d0e-9df1-4c51-a4e7-c27d855217c8:192.168.5.168:35300, b097e9c8-72ce-4bfa-99ed-e41898e4335b:192.168.5.168:41312] returns group-B92D43AEF28B:java.util.concurrent.CompletableFuture@8ed8bc2[Not completed]
2019-08-20 18:34:16,761 [grpc-default-executor-0] INFO  impl.RaftServerProxy (RaftServerProxy.java:addNew(89)) - 208f2d0e-9df1-4c51-a4e7-c27d855217c8: addNew group-B92D43AEF28B:[1302226f-fb4b-4090-a63b-e19082dd7f8c:192.168.5.168:40142, 208f2d0e-9df1-4c51-a4e7-c27d855217c8:192.168.5.168:35300, b097e9c8-72ce-4bfa-99ed-e41898e4335b:192.168.5.168:41312] returns group-B92D43AEF28B:java.util.concurrent.CompletableFuture@69648f47[Not completed]
2019-08-20 18:34:16,764 [pool-113-thread-1] INFO  impl.RaftServerImpl (RaftServerImpl.java:<init>(93)) - 1302226f-fb4b-4090-a63b-e19082dd7f8c: new RaftServerImpl for group-B92D43AEF28B:[1302226f-fb4b-4090-a63b-e19082dd7f8c:192.168.5.168:40142, 208f2d0e-9df1-4c51-a4e7-c27d855217c8:192.168.5.168:35300, b097e9c8-72ce-4bfa-99ed-e41898e4335b:192.168.5.168:41312] with ContainerStateMachine:uninitialized
2019-08-20 18:34:16,765 [pool-113-thread-1] INFO  server.RaftServerConfigKeys (ConfUtils.java:logGet(43)) - raft.server.rpc.timeout.min = 5s (custom)
2019-08-20 18:34:16,765 [pool-113-thread-1] INFO  server.RaftServerConfigKeys (ConfUtils.java:logGet(43)) - raft.server.rpc.timeout.max = 5200ms (custom)
2019-08-20 18:34:16,766 [pool-113-thread-1] INFO  server.RaftServerConfigKeys (ConfUtils.java:logGet(43)) - raft.server.rpcslowness.timeout = 120s (custom)
2019-08-20 18:34:16,766 [pool-124-thread-1] INFO  impl.RaftServerImpl (RaftServerImpl.java:<init>(93)) - 208f2d0e-9df1-4c51-a4e7-c27d855217c8: new RaftServerImpl for group-B92D43AEF28B:[1302226f-fb4b-4090-a63b-e19082dd7f8c:192.168.5.168:40142, 208f2d0e-9df1-4c51-a4e7-c27d855217c8:192.168.5.168:35300, b097e9c8-72ce-4bfa-99ed-e41898e4335b:192.168.5.168:41312] with ContainerStateMachine:uninitialized
2019-08-20 18:34:16,766 [pool-113-thread-1] INFO  server.RaftServerConfigKeys (ConfUtils.java:logGet(43)) - raft.server.sleep.deviation.threshold = 300 (default)
2019-08-20 18:34:16,766 [pool-124-thread-1] INFO  server.RaftServerConfigKeys (ConfUtils.java:logGet(43)) - raft.server.rpc.timeout.min = 5s (custom)
2019-08-20 18:34:16,766 [pool-113-thread-1] INFO  server.RaftServerConfigKeys (ConfUtils.java:logGet(43)) - raft.server.log.appender.install.snapshot.enabled = false (custom)
2019-08-20 18:34:16,766 [pool-124-thread-1] INFO  server.RaftServerConfigKeys (ConfUtils.java:logGet(43)) - raft.server.rpc.timeout.max = 5200ms (custom)
2019-08-20 18:34:16,767 [pool-113-thread-1] INFO  impl.RaftServerImpl (ServerState.java:<init>(105)) - 1302226f-fb4b-4090-a63b-e19082dd7f8c:group-B92D43AEF28B ConfigurationManager, init=-1: [1302226f-fb4b-4090-a63b-e19082dd7f8c:192.168.5.168:40142, 208f2d0e-9df1-4c51-a4e7-c27d855217c8:192.168.5.168:35300, b097e9c8-72ce-4bfa-99ed-e41898e4335b:192.168.5.168:41312], old=null, confs=<EMPTY_MAP>
2019-08-20 18:34:16,767 [pool-124-thread-1] INFO  server.RaftServerConfigKeys (ConfUtils.java:logGet(43)) - raft.server.rpcslowness.timeout = 120s (custom)
2019-08-20 18:34:16,767 [pool-124-thread-1] INFO  server.RaftServerConfigKeys (ConfUtils.java:logGet(43)) - raft.server.sleep.deviation.threshold = 300 (default)
2019-08-20 18:34:16,767 [pool-124-thread-1] INFO  server.RaftServerConfigKeys (ConfUtils.java:logGet(43)) - raft.server.log.appender.install.snapshot.enabled = false (custom)
2019-08-20 18:34:16,767 [pool-113-thread-1] INFO  server.RaftServerConfigKeys (ConfUtils.java:logGet(43)) - raft.server.storage.dir = [/workdir/hadoop-ozone/integration-test/target/test-dir/MiniOzoneClusterImpl-17c14715-311f-4e0b-8c69-0ee14c49d74d/datanode-0/data/ratis] (custom)
2019-08-20 18:34:16,767 [pool-135-thread-1] INFO  impl.RaftServerImpl (RaftServerImpl.java:<init>(93)) - b097e9c8-72ce-4bfa-99ed-e41898e4335b: new RaftServerImpl for group-B92D43AEF28B:[1302226f-fb4b-4090-a63b-e19082dd7f8c:192.168.5.168:40142, 208f2d0e-9df1-4c51-a4e7-c27d855217c8:192.168.5.168:35300, b097e9c8-72ce-4bfa-99ed-e41898e4335b:192.168.5.168:41312] with ContainerStateMachine:uninitialized
2019-08-20 18:34:16,768 [pool-124-thread-1] INFO  impl.RaftServerImpl (ServerState.java:<init>(105)) - 208f2d0e-9df1-4c51-a4e7-c27d855217c8:group-B92D43AEF28B ConfigurationManager, init=-1: [1302226f-fb4b-4090-a63b-e19082dd7f8c:192.168.5.168:40142, 208f2d0e-9df1-4c51-a4e7-c27d855217c8:192.168.5.168:35300, b097e9c8-72ce-4bfa-99ed-e41898e4335b:192.168.5.168:41312], old=null, confs=<EMPTY_MAP>
2019-08-20 18:34:16,768 [pool-135-thread-1] INFO  server.RaftServerConfigKeys (ConfUtils.java:logGet(43)) - raft.server.rpc.timeout.min = 5s (custom)
2019-08-20 18:34:16,768 [pool-124-thread-1] INFO  server.RaftServerConfigKeys (ConfUtils.java:logGet(43)) - raft.server.storage.dir = [/workdir/hadoop-ozone/integration-test/target/test-dir/MiniOzoneClusterImpl-17c14715-311f-4e0b-8c69-0ee14c49d74d/datanode-1/data/ratis] (custom)
2019-08-20 18:34:16,768 [pool-135-thread-1] INFO  server.RaftServerConfigKeys (ConfUtils.java:logGet(43)) - raft.server.rpc.timeout.max = 5200ms (custom)
2019-08-20 18:34:16,768 [pool-113-thread-1] INFO  storage.RaftStorageDirectory (RaftStorageDirectory.java:analyzeStorage(246)) - The storage directory /workdir/hadoop-ozone/integration-test/target/test-dir/MiniOzoneClusterImpl-17c14715-311f-4e0b-8c69-0ee14c49d74d/datanode-0/data/ratis/a6e59073-c99e-481d-ad8f-b92d43aef28b does not exist. Creating ...
2019-08-20 18:34:16,768 [pool-135-thread-1] INFO  server.RaftServerConfigKeys (ConfUtils.java:logGet(43)) - raft.server.rpcslowness.timeout = 120s (custom)
2019-08-20 18:34:16,769 [pool-124-thread-1] INFO  storage.RaftStorageDirectory (RaftStorageDirectory.java:analyzeStorage(246)) - The storage directory /workdir/hadoop-ozone/integration-test/target/test-dir/MiniOzoneClusterImpl-17c14715-311f-4e0b-8c69-0ee14c49d74d/datanode-1/data/ratis/a6e59073-c99e-481d-ad8f-b92d43aef28b does not exist. Creating ...
2019-08-20 18:34:16,769 [pool-135-thread-1] INFO  server.RaftServerConfigKeys (ConfUtils.java:logGet(43)) - raft.server.sleep.deviation.threshold = 300 (default)
2019-08-20 18:34:16,769 [pool-135-thread-1] INFO  server.RaftServerConfigKeys (ConfUtils.java:logGet(43)) - raft.server.log.appender.install.snapshot.enabled = false (custom)
2019-08-20 18:34:16,769 [pool-135-thread-1] INFO  impl.RaftServerImpl (ServerState.java:<init>(105)) - b097e9c8-72ce-4bfa-99ed-e41898e4335b:group-B92D43AEF28B ConfigurationManager, init=-1: [1302226f-fb4b-4090-a63b-e19082dd7f8c:192.168.5.168:40142, 208f2d0e-9df1-4c51-a4e7-c27d855217c8:192.168.5.168:35300, b097e9c8-72ce-4bfa-99ed-e41898e4335b:192.168.5.168:41312], old=null, confs=<EMPTY_MAP>
2019-08-20 18:34:16,770 [pool-135-thread-1] INFO  server.RaftServerConfigKeys (ConfUtils.java:logGet(43)) - raft.server.storage.dir = [/workdir/hadoop-ozone/integration-test/target/test-dir/MiniOzoneClusterImpl-17c14715-311f-4e0b-8c69-0ee14c49d74d/datanode-2/data/ratis] (custom)
2019-08-20 18:34:16,770 [pool-135-thread-1] INFO  storage.RaftStorageDirectory (RaftStorageDirectory.java:analyzeStorage(246)) - The storage directory /workdir/hadoop-ozone/integration-test/target/test-dir/MiniOzoneClusterImpl-17c14715-311f-4e0b-8c69-0ee14c49d74d/datanode-2/data/ratis/a6e59073-c99e-481d-ad8f-b92d43aef28b does not exist. Creating ...
2019-08-20 18:34:16,771 [pool-113-thread-1] INFO  storage.RaftStorageDirectory (RaftStorageDirectory.java:tryLock(328)) - Lock on /workdir/hadoop-ozone/integration-test/target/test-dir/MiniOzoneClusterImpl-17c14715-311f-4e0b-8c69-0ee14c49d74d/datanode-0/data/ratis/a6e59073-c99e-481d-ad8f-b92d43aef28b/in_use.lock acquired by nodename 15395@pr-hdds-1927-28fzr-1052167450
2019-08-20 18:34:16,785 [pool-124-thread-1] INFO  storage.RaftStorageDirectory (RaftStorageDirectory.java:tryLock(328)) - Lock on /workdir/hadoop-ozone/integration-test/target/test-dir/MiniOzoneClusterImpl-17c14715-311f-4e0b-8c69-0ee14c49d74d/datanode-1/data/ratis/a6e59073-c99e-481d-ad8f-b92d43aef28b/in_use.lock acquired by nodename 15395@pr-hdds-1927-28fzr-1052167450
2019-08-20 18:34:16,785 [pool-135-thread-1] INFO  storage.RaftStorageDirectory (RaftStorageDirectory.java:tryLock(328)) - Lock on /workdir/hadoop-ozone/integration-test/target/test-dir/MiniOzoneClusterImpl-17c14715-311f-4e0b-8c69-0ee14c49d74d/datanode-2/data/ratis/a6e59073-c99e-481d-ad8f-b92d43aef28b/in_use.lock acquired by nodename 15395@pr-hdds-1927-28fzr-1052167450
2019-08-20 18:34:16,786 [pool-113-thread-1] INFO  storage.RaftStorage (RaftStorage.java:format(72)) - Storage directory /workdir/hadoop-ozone/integration-test/target/test-dir/MiniOzoneClusterImpl-17c14715-311f-4e0b-8c69-0ee14c49d74d/datanode-0/data/ratis/a6e59073-c99e-481d-ad8f-b92d43aef28b has been successfully formatted.
2019-08-20 18:34:16,787 [pool-113-thread-1] INFO  ratis.ContainerStateMachine (ContainerStateMachine.java:loadSnapshot(222)) - group-B92D43AEF28B: The snapshot info is null. Setting the last applied indexto:(t:0, i:~)
2019-08-20 18:34:16,787 [pool-113-thread-1] INFO  server.RaftServerConfigKeys (ConfUtils.java:logGet(43)) - raft.server.leader.election.timeout = 120s (custom)
2019-08-20 18:34:16,787 [pool-113-thread-1] INFO  server.RaftServerConfigKeys (ConfUtils.java:logGet(43)) - raft.server.log.use.memory = false (default)
2019-08-20 18:34:16,787 [pool-113-thread-1] INFO  server.RaftServerConfigKeys (ConfUtils.java:logGet(43)) - raft.server.log.purge.gap = 1000000 (custom)
2019-08-20 18:34:16,788 [pool-113-thread-1] INFO  server.RaftServerConfigKeys (ConfUtils.java:logGet(43)) - raft.server.log.appender.buffer.byte-limit = 33554432 (custom)
2019-08-20 18:34:16,788 [pool-113-thread-1] INFO  server.RaftServerConfigKeys (ConfUtils.java:logGet(43)) - raft.server.log.segment.size.max = 1048576 (custom)
2019-08-20 18:34:16,788 [pool-113-thread-1] INFO  server.RaftServerConfigKeys (ConfUtils.java:logGet(43)) - raft.server.log.segment.cache.num.max = 2 (custom)
2019-08-20 18:34:16,788 [pool-113-thread-1] INFO  segmented.SegmentedRaftLogWorker (SegmentedRaftLogWorker.java:<init>(172)) - new 1302226f-fb4b-4090-a63b-e19082dd7f8c-SegmentedRaftLogWorker:Storage Directory /workdir/hadoop-ozone/integration-test/target/test-dir/MiniOzoneClusterImpl-17c14715-311f-4e0b-8c69-0ee14c49d74d/datanode-0/data/ratis/a6e59073-c99e-481d-ad8f-b92d43aef28b for RaftStorage:Storage Directory /workdir/hadoop-ozone/integration-test/target/test-dir/MiniOzoneClusterImpl-17c14715-311f-4e0b-8c69-0ee14c49d74d/datanode-0/data/ratis/a6e59073-c99e-481d-ad8f-b92d43aef28b
2019-08-20 18:34:16,788 [pool-113-thread-1] INFO  server.RaftServerConfigKeys (ConfUtils.java:logGet(43)) - raft.server.log.queue.byte-limit = 2147483647 (custom)
2019-08-20 18:34:16,789 [pool-113-thread-1] INFO  server.RaftServerConfigKeys (ConfUtils.java:logGet(43)) - raft.server.log.queue.element-limit = 1024 (custom)
2019-08-20 18:34:16,789 [pool-113-thread-1] INFO  server.RaftServerConfigKeys (ConfUtils.java:logGet(43)) - raft.server.log.segment.size.max = 1048576 (custom)
2019-08-20 18:34:16,789 [pool-113-thread-1] INFO  server.RaftServerConfigKeys (ConfUtils.java:logGet(43)) - raft.server.log.preallocated.size = 16384 (custom)
2019-08-20 18:34:16,789 [pool-113-thread-1] INFO  server.RaftServerConfigKeys (ConfUtils.java:logGet(43)) - raft.server.log.write.buffer.size = 33554432 (custom)
2019-08-20 18:34:16,789 [pool-113-thread-1] INFO  server.RaftServerConfigKeys (ConfUtils.java:logGet(43)) - raft.server.log.force.sync.num = 128 (default)
2019-08-20 18:34:16,790 [pool-113-thread-1] INFO  server.RaftServerConfigKeys (ConfUtils.java:logGet(43)) - raft.server.log.statemachine.data.sync = true (default)
2019-08-20 18:34:16,790 [pool-113-thread-1] INFO  server.RaftServerConfigKeys (ConfUtils.java:logGet(43)) - raft.server.log.statemachine.data.sync.timeout = 10s (default)
2019-08-20 18:34:16,790 [pool-113-thread-1] INFO  server.RaftServerConfigKeys (ConfUtils.java:logGet(43)) - raft.server.log.statemachine.data.sync.timeout.retry = -1 (default)
2019-08-20 18:34:16,790 [pool-113-thread-1] INFO  server.RaftServerConfigKeys (ConfUtils.java:logGet(43)) - raft.server.log.statemachine.data.caching.enabled = true (custom)
2019-08-20 18:34:16,800 [pool-113-thread-1] INFO  segmented.SegmentedRaftLogWorker (SegmentedRaftLogWorker.java:lambda$new$0(132)) - 1302226f-fb4b-4090-a63b-e19082dd7f8c-SegmentedRaftLogWorker:Storage Directory /workdir/hadoop-ozone/integration-test/target/test-dir/MiniOzoneClusterImpl-17c14715-311f-4e0b-8c69-0ee14c49d74d/datanode-0/data/ratis/a6e59073-c99e-481d-ad8f-b92d43aef28b: flushIndex: setUnconditionally 0 -> -1
2019-08-20 18:34:16,800 [pool-135-thread-1] INFO  storage.RaftStorage (RaftStorage.java:format(72)) - Storage directory /workdir/hadoop-ozone/integration-test/target/test-dir/MiniOzoneClusterImpl-17c14715-311f-4e0b-8c69-0ee14c49d74d/datanode-2/data/ratis/a6e59073-c99e-481d-ad8f-b92d43aef28b has been successfully formatted.
2019-08-20 18:34:16,800 [pool-113-thread-1] INFO  server.RaftServerConfigKeys (ConfUtils.java:logGet(43)) - raft.server.snapshot.auto.trigger.enabled = true (custom)
2019-08-20 18:34:16,800 [pool-135-thread-1] INFO  ratis.ContainerStateMachine (ContainerStateMachine.java:loadSnapshot(222)) - group-B92D43AEF28B: The snapshot info is null. Setting the last applied indexto:(t:0, i:~)
2019-08-20 18:34:16,800 [pool-124-thread-1] INFO  storage.RaftStorage (RaftStorage.java:format(72)) - Storage directory /workdir/hadoop-ozone/integration-test/target/test-dir/MiniOzoneClusterImpl-17c14715-311f-4e0b-8c69-0ee14c49d74d/datanode-1/data/ratis/a6e59073-c99e-481d-ad8f-b92d43aef28b has been successfully formatted.
2019-08-20 18:34:16,801 [pool-135-thread-1] INFO  server.RaftServerConfigKeys (ConfUtils.java:logGet(43)) - raft.server.leader.election.timeout = 120s (custom)
2019-08-20 18:34:16,800 [pool-113-thread-1] INFO  server.RaftServerConfigKeys (ConfUtils.java:logGet(43)) - raft.server.snapshot.auto.trigger.threshold = 10000 (custom)
2019-08-20 18:34:16,801 [pool-135-thread-1] INFO  server.RaftServerConfigKeys (ConfUtils.java:logGet(43)) - raft.server.log.use.memory = false (default)
2019-08-20 18:34:16,801 [pool-124-thread-1] INFO  ratis.ContainerStateMachine (ContainerStateMachine.java:loadSnapshot(222)) - group-B92D43AEF28B: The snapshot info is null. Setting the last applied indexto:(t:0, i:~)
2019-08-20 18:34:16,801 [pool-135-thread-1] INFO  server.RaftServerConfigKeys (ConfUtils.java:logGet(43)) - raft.server.log.purge.gap = 1000000 (custom)
2019-08-20 18:34:16,801 [pool-113-thread-1] INFO  server.RaftServerConfigKeys (ConfUtils.java:logGet(43)) - raft.server.retrycache.expirytime = 600000ms (custom)
2019-08-20 18:34:16,802 [pool-135-thread-1] INFO  server.RaftServerConfigKeys (ConfUtils.java:logGet(43)) - raft.server.log.appender.buffer.byte-limit = 33554432 (custom)
2019-08-20 18:34:16,802 [pool-124-thread-1] INFO  server.RaftServerConfigKeys (ConfUtils.java:logGet(43)) - raft.server.leader.election.timeout = 120s (custom)
2019-08-20 18:34:16,802 [pool-135-thread-1] INFO  server.RaftServerConfigKeys (ConfUtils.java:logGet(43)) - raft.server.log.segment.size.max = 1048576 (custom)
2019-08-20 18:34:16,802 [pool-113-thread-1] INFO  impl.RaftServerImpl (RaftServerImpl.java:start(180)) - 1302226f-fb4b-4090-a63b-e19082dd7f8c: start group-B92D43AEF28B
2019-08-20 18:34:16,803 [pool-135-thread-1] INFO  server.RaftServerConfigKeys (ConfUtils.java:logGet(43)) - raft.server.log.segment.cache.num.max = 2 (custom)
2019-08-20 18:34:16,802 [pool-124-thread-1] INFO  server.RaftServerConfigKeys (ConfUtils.java:logGet(43)) - raft.server.log.use.memory = false (default)
2019-08-20 18:34:16,803 [pool-135-thread-1] INFO  segmented.SegmentedRaftLogWorker (SegmentedRaftLogWorker.java:<init>(172)) - new b097e9c8-72ce-4bfa-99ed-e41898e4335b-SegmentedRaftLogWorker:Storage Directory /workdir/hadoop-ozone/integration-test/target/test-dir/MiniOzoneClusterImpl-17c14715-311f-4e0b-8c69-0ee14c49d74d/datanode-2/data/ratis/a6e59073-c99e-481d-ad8f-b92d43aef28b for RaftStorage:Storage Directory /workdir/hadoop-ozone/integration-test/target/test-dir/MiniOzoneClusterImpl-17c14715-311f-4e0b-8c69-0ee14c49d74d/datanode-2/data/ratis/a6e59073-c99e-481d-ad8f-b92d43aef28b
2019-08-20 18:34:16,803 [pool-113-thread-1] INFO  impl.RaftServerImpl (RaftServerImpl.java:setRole(171)) - 1302226f-fb4b-4090-a63b-e19082dd7f8c:group-B92D43AEF28B changes role from null to FOLLOWER at term 0 for startAsFollower
2019-08-20 18:34:16,803 [pool-135-thread-1] INFO  server.RaftServerConfigKeys (ConfUtils.java:logGet(43)) - raft.server.log.queue.byte-limit = 2147483647 (custom)
2019-08-20 18:34:16,803 [pool-124-thread-1] INFO  server.RaftServerConfigKeys (ConfUtils.java:logGet(43)) - raft.server.log.purge.gap = 1000000 (custom)
2019-08-20 18:34:16,804 [pool-135-thread-1] INFO  server.RaftServerConfigKeys (ConfUtils.java:logGet(43)) - raft.server.log.queue.element-limit = 1024 (custom)
2019-08-20 18:34:16,803 [pool-113-thread-1] INFO  impl.RoleInfo (RoleInfo.java:updateAndGet(143)) - 1302226f-fb4b-4090-a63b-e19082dd7f8c: start FollowerState
2019-08-20 18:34:16,804 [pool-135-thread-1] INFO  server.RaftServerConfigKeys (ConfUtils.java:logGet(43)) - raft.server.log.segment.size.max = 1048576 (custom)
2019-08-20 18:34:16,804 [pool-124-thread-1] INFO  server.RaftServerConfigKeys (ConfUtils.java:logGet(43)) - raft.server.log.appender.buffer.byte-limit = 33554432 (custom)
2019-08-20 18:34:16,804 [pool-135-thread-1] INFO  server.RaftServerConfigKeys (ConfUtils.java:logGet(43)) - raft.server.log.preallocated.size = 16384 (custom)
2019-08-20 18:34:16,804 [pool-124-thread-1] INFO  server.RaftServerConfigKeys (ConfUtils.java:logGet(43)) - raft.server.log.segment.size.max = 1048576 (custom)
2019-08-20 18:34:16,805 [pool-113-thread-1] INFO  util.JmxRegister (JmxRegister.java:tryRegister(44)) - Successfully registered JMX Bean with object name Ratis:service=RaftServer,group=group-B92D43AEF28B,id=1302226f-fb4b-4090-a63b-e19082dd7f8c
2019-08-20 18:34:16,805 [pool-135-thread-1] INFO  server.RaftServerConfigKeys (ConfUtils.java:logGet(43)) - raft.server.log.write.buffer.size = 33554432 (custom)
2019-08-20 18:34:16,805 [pool-124-thread-1] INFO  server.RaftServerConfigKeys (ConfUtils.java:logGet(43)) - raft.server.log.segment.cache.num.max = 2 (custom)
2019-08-20 18:34:16,805 [pool-135-thread-1] INFO  server.RaftServerConfigKeys (ConfUtils.java:logGet(43)) - raft.server.log.force.sync.num = 128 (default)
2019-08-20 18:34:16,805 [pool-124-thread-1] INFO  segmented.SegmentedRaftLogWorker (SegmentedRaftLogWorker.java:<init>(172)) - new 208f2d0e-9df1-4c51-a4e7-c27d855217c8-SegmentedRaftLogWorker:Storage Directory /workdir/hadoop-ozone/integration-test/target/test-dir/MiniOzoneClusterImpl-17c14715-311f-4e0b-8c69-0ee14c49d74d/datanode-1/data/ratis/a6e59073-c99e-481d-ad8f-b92d43aef28b for RaftStorage:Storage Directory /workdir/hadoop-ozone/integration-test/target/test-dir/MiniOzoneClusterImpl-17c14715-311f-4e0b-8c69-0ee14c49d74d/datanode-1/data/ratis/a6e59073-c99e-481d-ad8f-b92d43aef28b
2019-08-20 18:34:16,805 [pool-135-thread-1] INFO  server.RaftServerConfigKeys (ConfUtils.java:logGet(43)) - raft.server.log.statemachine.data.sync = true (default)
2019-08-20 18:34:16,805 [pool-124-thread-1] INFO  server.RaftServerConfigKeys (ConfUtils.java:logGet(43)) - raft.server.log.queue.byte-limit = 2147483647 (custom)
2019-08-20 18:34:16,806 [pool-135-thread-1] INFO  server.RaftServerConfigKeys (ConfUtils.java:logGet(43)) - raft.server.log.statemachine.data.sync.timeout = 10s (default)
2019-08-20 18:34:16,806 [pool-124-thread-1] INFO  server.RaftServerConfigKeys (ConfUtils.java:logGet(43)) - raft.server.log.queue.element-limit = 1024 (custom)
2019-08-20 18:34:16,806 [pool-135-thread-1] INFO  server.RaftServerConfigKeys (ConfUtils.java:logGet(43)) - raft.server.log.statemachine.data.sync.timeout.retry = -1 (default)
2019-08-20 18:34:16,806 [pool-124-thread-1] INFO  server.RaftServerConfigKeys (ConfUtils.java:logGet(43)) - raft.server.log.segment.size.max = 1048576 (custom)
2019-08-20 18:34:16,806 [pool-124-thread-1] INFO  server.RaftServerConfigKeys (ConfUtils.java:logGet(43)) - raft.server.log.preallocated.size = 16384 (custom)
2019-08-20 18:34:16,806 [pool-135-thread-1] INFO  server.RaftServerConfigKeys (ConfUtils.java:logGet(43)) - raft.server.log.statemachine.data.caching.enabled = true (custom)
2019-08-20 18:34:16,807 [pool-124-thread-1] INFO  server.RaftServerConfigKeys (ConfUtils.java:logGet(43)) - raft.server.log.write.buffer.size = 33554432 (custom)
2019-08-20 18:34:16,807 [pool-124-thread-1] INFO  server.RaftServerConfigKeys (ConfUtils.java:logGet(43)) - raft.server.log.force.sync.num = 128 (default)
2019-08-20 18:34:16,807 [pool-124-thread-1] INFO  server.RaftServerConfigKeys (ConfUtils.java:logGet(43)) - raft.server.log.statemachine.data.sync = true (default)
2019-08-20 18:34:16,807 [pool-135-thread-1] INFO  segmented.SegmentedRaftLogWorker (SegmentedRaftLogWorker.java:lambda$new$0(132)) - b097e9c8-72ce-4bfa-99ed-e41898e4335b-SegmentedRaftLogWorker:Storage Directory /workdir/hadoop-ozone/integration-test/target/test-dir/MiniOzoneClusterImpl-17c14715-311f-4e0b-8c69-0ee14c49d74d/datanode-2/data/ratis/a6e59073-c99e-481d-ad8f-b92d43aef28b: flushIndex: setUnconditionally 0 -> -1
2019-08-20 18:34:16,807 [pool-124-thread-1] INFO  server.RaftServerConfigKeys (ConfUtils.java:logGet(43)) - raft.server.log.statemachine.data.sync.timeout = 10s (default)
2019-08-20 18:34:16,807 [pool-124-thread-1] INFO  server.RaftServerConfigKeys (ConfUtils.java:logGet(43)) - raft.server.log.statemachine.data.sync.timeout.retry = -1 (default)
2019-08-20 18:34:16,809 [pool-135-thread-1] INFO  server.RaftServerConfigKeys (ConfUtils.java:logGet(43)) - raft.server.snapshot.auto.trigger.enabled = true (custom)
2019-08-20 18:34:16,809 [pool-124-thread-1] INFO  server.RaftServerConfigKeys (ConfUtils.java:logGet(43)) - raft.server.log.statemachine.data.caching.enabled = true (custom)
2019-08-20 18:34:16,809 [pool-135-thread-1] INFO  server.RaftServerConfigKeys (ConfUtils.java:logGet(43)) - raft.server.snapshot.auto.trigger.threshold = 10000 (custom)
2019-08-20 18:34:16,810 [pool-124-thread-1] INFO  segmented.SegmentedRaftLogWorker (SegmentedRaftLogWorker.java:lambda$new$0(132)) - 208f2d0e-9df1-4c51-a4e7-c27d855217c8-SegmentedRaftLogWorker:Storage Directory /workdir/hadoop-ozone/integration-test/target/test-dir/MiniOzoneClusterImpl-17c14715-311f-4e0b-8c69-0ee14c49d74d/datanode-1/data/ratis/a6e59073-c99e-481d-ad8f-b92d43aef28b: flushIndex: setUnconditionally 0 -> -1
2019-08-20 18:34:16,810 [pool-135-thread-1] INFO  server.RaftServerConfigKeys (ConfUtils.java:logGet(43)) - raft.server.retrycache.expirytime = 600000ms (custom)
2019-08-20 18:34:16,810 [pool-124-thread-1] INFO  server.RaftServerConfigKeys (ConfUtils.java:logGet(43)) - raft.server.snapshot.auto.trigger.enabled = true (custom)
2019-08-20 18:34:16,810 [pool-135-thread-1] INFO  impl.RaftServerImpl (RaftServerImpl.java:start(180)) - b097e9c8-72ce-4bfa-99ed-e41898e4335b: start group-B92D43AEF28B
2019-08-20 18:34:16,810 [pool-124-thread-1] INFO  server.RaftServerConfigKeys (ConfUtils.java:logGet(43)) - raft.server.snapshot.auto.trigger.threshold = 10000 (custom)
2019-08-20 18:34:16,810 [pool-135-thread-1] INFO  impl.RaftServerImpl (RaftServerImpl.java:setRole(171)) - b097e9c8-72ce-4bfa-99ed-e41898e4335b:group-B92D43AEF28B changes role from null to FOLLOWER at term 0 for startAsFollower
2019-08-20 18:34:16,810 [pool-124-thread-1] INFO  server.RaftServerConfigKeys (ConfUtils.java:logGet(43)) - raft.server.retrycache.expirytime = 600000ms (custom)
2019-08-20 18:34:16,811 [pool-135-thread-1] INFO  impl.RoleInfo (RoleInfo.java:updateAndGet(143)) - b097e9c8-72ce-4bfa-99ed-e41898e4335b: start FollowerState
2019-08-20 18:34:16,811 [pool-124-thread-1] INFO  impl.RaftServerImpl (RaftServerImpl.java:start(180)) - 208f2d0e-9df1-4c51-a4e7-c27d855217c8: start group-B92D43AEF28B
2019-08-20 18:34:16,811 [pool-124-thread-1] INFO  impl.RaftServerImpl (RaftServerImpl.java:setRole(171)) - 208f2d0e-9df1-4c51-a4e7-c27d855217c8:group-B92D43AEF28B changes role from null to FOLLOWER at term 0 for startAsFollower
2019-08-20 18:34:16,811 [pool-124-thread-1] INFO  impl.RoleInfo (RoleInfo.java:updateAndGet(143)) - 208f2d0e-9df1-4c51-a4e7-c27d855217c8: start FollowerState
2019-08-20 18:34:16,811 [pool-135-thread-1] INFO  util.JmxRegister (JmxRegister.java:tryRegister(44)) - Successfully registered JMX Bean with object name Ratis:service=RaftServer,group=group-B92D43AEF28B,id=b097e9c8-72ce-4bfa-99ed-e41898e4335b
2019-08-20 18:34:16,811 [pool-124-thread-1] INFO  util.JmxRegister (JmxRegister.java:tryRegister(44)) - Successfully registered JMX Bean with object name Ratis:service=RaftServer,group=group-B92D43AEF28B,id=208f2d0e-9df1-4c51-a4e7-c27d855217c8
2019-08-20 18:34:16,819 [RatisPipelineUtilsThread] INFO  pipeline.PipelineStateManager (PipelineStateManager.java:addPipeline(56)) - Created pipeline Pipeline[ Id: a6e59073-c99e-481d-ad8f-b92d43aef28b, Nodes: 208f2d0e-9df1-4c51-a4e7-c27d855217c8{ip: 192.168.5.168, host: pr-hdds-1927-28fzr-1052167450, networkLocation: /default-rack, certSerialId: null}b097e9c8-72ce-4bfa-99ed-e41898e4335b{ip: 192.168.5.168, host: pr-hdds-1927-28fzr-1052167450, networkLocation: /default-rack, certSerialId: null}1302226f-fb4b-4090-a63b-e19082dd7f8c{ip: 192.168.5.168, host: pr-hdds-1927-28fzr-1052167450, networkLocation: /default-rack, certSerialId: null}, Type:RATIS, Factor:THREE, State:OPEN]
2019-08-20 18:34:17,663 [Thread-334] INFO  ozone.MiniOzoneClusterImpl (MiniOzoneClusterImpl.java:lambda$waitForClusterToBeReady$0(142)) - Cluster is ready. Got 3 of 3 DN Heartbeats.
2019-08-20 18:34:17,664 [Thread-334] INFO  datanode.ObjectStoreHandler (ObjectStoreHandler.java:close(155)) - Closing ObjectStoreHandler.
2019-08-20 18:34:17,664 [Thread-334] INFO  ozone.HddsDatanodeService (HddsDatanodeService.java:stop(451)) - Stopped plug-in org.apache.hadoop.ozone.web.OzoneHddsDatanodeService@51ce42
2019-08-20 18:34:18,262 [Datanode State Machine Thread - 0] INFO  statemachine.DatanodeStateMachine (DatanodeStateMachine.java:lambda$startDaemon$0(350)) - Ozone container server started.
2019-08-20 18:34:18,464 | INFO  | SCMAudit | user=jenkins1000 | ip=192.168.5.168 | op=SEND_HEARTBEAT {datanodeUUID=208f2d0e-9df1-4c51-a4e7-c27d855217c8, command=[]} | ret=SUCCESS |  
2019-08-20 18:34:18,665 | INFO  | SCMAudit | user=jenkins1000 | ip=192.168.5.168 | op=SEND_HEARTBEAT {datanodeUUID=b097e9c8-72ce-4bfa-99ed-e41898e4335b, command=[]} | ret=SUCCESS |  
2019-08-20 18:34:19,277 [Thread-506] INFO  container.ReplicationManager (ReplicationManager.java:start(152)) - Starting Replication Monitor Thread.
2019-08-20 18:34:19,280 [ReplicationMonitor] INFO  container.ReplicationManager (ReplicationManager.java:run(215)) - Replication Monitor Thread took 0 milliseconds for processing 0 containers.
2019-08-20 18:34:19,464 | INFO  | SCMAudit | user=jenkins1000 | ip=192.168.5.168 | op=SEND_HEARTBEAT {datanodeUUID=208f2d0e-9df1-4c51-a4e7-c27d855217c8, command=[]} | ret=SUCCESS |  
2019-08-20 18:34:19,665 | INFO  | SCMAudit | user=jenkins1000 | ip=192.168.5.168 | op=SEND_HEARTBEAT {datanodeUUID=b097e9c8-72ce-4bfa-99ed-e41898e4335b, command=[]} | ret=SUCCESS |  
2019-08-20 18:34:20,464 | INFO  | SCMAudit | user=jenkins1000 | ip=192.168.5.168 | op=SEND_HEARTBEAT {datanodeUUID=208f2d0e-9df1-4c51-a4e7-c27d855217c8, command=[]} | ret=SUCCESS |  
2019-08-20 18:34:20,665 | INFO  | SCMAudit | user=jenkins1000 | ip=192.168.5.168 | op=SEND_HEARTBEAT {datanodeUUID=b097e9c8-72ce-4bfa-99ed-e41898e4335b, command=[]} | ret=SUCCESS |  
2019-08-20 18:34:21,397 [Thread-508] INFO  impl.FollowerState (FollowerState.java:run(106)) - 1302226f-fb4b-4090-a63b-e19082dd7f8c:group-EE44822CEB44 changes to CANDIDATE, lastRpcTime:5043, electionTimeout:5043ms
2019-08-20 18:34:21,397 [Thread-508] INFO  impl.RoleInfo (RoleInfo.java:shutdownFollowerState(121)) - 1302226f-fb4b-4090-a63b-e19082dd7f8c: shutdown FollowerState
2019-08-20 18:34:21,397 [Thread-508] INFO  impl.RaftServerImpl (RaftServerImpl.java:setRole(171)) - 1302226f-fb4b-4090-a63b-e19082dd7f8c:group-EE44822CEB44 changes role from FOLLOWER to CANDIDATE at term 0 for changeToCandidate
2019-08-20 18:34:21,397 [Thread-508] INFO  impl.RoleInfo (RoleInfo.java:updateAndGet(143)) - 1302226f-fb4b-4090-a63b-e19082dd7f8c: start LeaderElection
2019-08-20 18:34:21,435 [1302226f-fb4b-4090-a63b-e19082dd7f8c:group-EE44822CEB44:LeaderElection12] INFO  impl.LeaderElection (LeaderElection.java:askForVotes(181)) - 1302226f-fb4b-4090-a63b-e19082dd7f8c:group-EE44822CEB44:LeaderElection12: begin an election at term 1 for -1: [1302226f-fb4b-4090-a63b-e19082dd7f8c:192.168.5.168:40142], old=null
2019-08-20 18:34:21,436 [1302226f-fb4b-4090-a63b-e19082dd7f8c:group-EE44822CEB44:LeaderElection12] INFO  impl.RoleInfo (RoleInfo.java:shutdownLeaderElection(134)) - 1302226f-fb4b-4090-a63b-e19082dd7f8c: shutdown LeaderElection
2019-08-20 18:34:21,436 [1302226f-fb4b-4090-a63b-e19082dd7f8c:group-EE44822CEB44:LeaderElection12] INFO  impl.RaftServerImpl (RaftServerImpl.java:setRole(171)) - 1302226f-fb4b-4090-a63b-e19082dd7f8c:group-EE44822CEB44 changes role from CANDIDATE to LEADER at term 1 for changeToLeader
2019-08-20 18:34:21,436 [1302226f-fb4b-4090-a63b-e19082dd7f8c:group-EE44822CEB44:LeaderElection12] INFO  impl.RaftServerImpl (ServerState.java:setLeader(263)) - 1302226f-fb4b-4090-a63b-e19082dd7f8c:group-EE44822CEB44 change Leader from null to 1302226f-fb4b-4090-a63b-e19082dd7f8c at term 1 for becomeLeader, leader elected after 5088ms
2019-08-20 18:34:21,436 [1302226f-fb4b-4090-a63b-e19082dd7f8c:group-EE44822CEB44:LeaderElection12] INFO  server.RaftServerConfigKeys (ConfUtils.java:logGet(43)) - raft.server.staging.catchup.gap = 1000 (default)
2019-08-20 18:34:21,436 [1302226f-fb4b-4090-a63b-e19082dd7f8c:group-EE44822CEB44:LeaderElection12] INFO  server.RaftServerConfigKeys (ConfUtils.java:logGet(43)) - raft.server.rpc.sleep.time = 25ms (default)
2019-08-20 18:34:21,437 [1302226f-fb4b-4090-a63b-e19082dd7f8c:group-EE44822CEB44:LeaderElection12] INFO  server.RaftServerConfigKeys (ConfUtils.java:logGet(43)) - raft.server.write.element-limit = 4096 (default)
2019-08-20 18:34:21,437 [1302226f-fb4b-4090-a63b-e19082dd7f8c:group-EE44822CEB44:LeaderElection12] INFO  server.RaftServerConfigKeys (ConfUtils.java:logGet(43)) - raft.server.watch.timeout = 10s (default)
2019-08-20 18:34:21,437 [1302226f-fb4b-4090-a63b-e19082dd7f8c:group-EE44822CEB44:LeaderElection12] INFO  server.RaftServerConfigKeys (ConfUtils.java:logGet(43)) - raft.server.watch.timeout.denomination = 1s (default)
2019-08-20 18:34:21,437 [1302226f-fb4b-4090-a63b-e19082dd7f8c:group-EE44822CEB44:LeaderElection12] INFO  server.RaftServerConfigKeys (ConfUtils.java:logGet(43)) - raft.server.watch.element-limit = 65536 (default)
2019-08-20 18:34:21,437 [1302226f-fb4b-4090-a63b-e19082dd7f8c:group-EE44822CEB44:LeaderElection12] INFO  impl.RoleInfo (RoleInfo.java:updateAndGet(143)) - 1302226f-fb4b-4090-a63b-e19082dd7f8c: start LeaderState
2019-08-20 18:34:21,438 [1302226f-fb4b-4090-a63b-e19082dd7f8c:group-EE44822CEB44:LeaderElection12] INFO  segmented.SegmentedRaftLogWorker (SegmentedRaftLogWorker.java:startLogSegment(380)) - 1302226f-fb4b-4090-a63b-e19082dd7f8c-SegmentedRaftLogWorker:Storage Directory /workdir/hadoop-ozone/integration-test/target/test-dir/MiniOzoneClusterImpl-17c14715-311f-4e0b-8c69-0ee14c49d74d/datanode-0/data/ratis/141c551d-cb15-4eb6-8807-ee44822ceb44: Starting segment from index:0
2019-08-20 18:34:21,439 [1302226f-fb4b-4090-a63b-e19082dd7f8c:group-EE44822CEB44:LeaderElection12] INFO  impl.RaftServerImpl (ServerState.java:setRaftConf(361)) - 1302226f-fb4b-4090-a63b-e19082dd7f8c:group-EE44822CEB44 set configuration 0: [1302226f-fb4b-4090-a63b-e19082dd7f8c:192.168.5.168:40142], old=null at 0
2019-08-20 18:34:21,473 | INFO  | SCMAudit | user=jenkins1000 | ip=192.168.5.168 | op=SEND_HEARTBEAT {datanodeUUID=208f2d0e-9df1-4c51-a4e7-c27d855217c8, command=[]} | ret=SUCCESS |  
2019-08-20 18:34:21,483 [1302226f-fb4b-4090-a63b-e19082dd7f8c-SegmentedRaftLogWorker:Storage Directory /workdir/hadoop-ozone/integration-test/target/test-dir/MiniOzoneClusterImpl-17c14715-311f-4e0b-8c69-0ee14c49d74d/datanode-0/data/ratis/141c551d-cb15-4eb6-8807-ee44822ceb44] INFO  segmented.SegmentedRaftLogWorker (SegmentedRaftLogWorker.java:execute(569)) - 1302226f-fb4b-4090-a63b-e19082dd7f8c-SegmentedRaftLogWorker:Storage Directory /workdir/hadoop-ozone/integration-test/target/test-dir/MiniOzoneClusterImpl-17c14715-311f-4e0b-8c69-0ee14c49d74d/datanode-0/data/ratis/141c551d-cb15-4eb6-8807-ee44822ceb44: created new log segment /workdir/hadoop-ozone/integration-test/target/test-dir/MiniOzoneClusterImpl-17c14715-311f-4e0b-8c69-0ee14c49d74d/datanode-0/data/ratis/141c551d-cb15-4eb6-8807-ee44822ceb44/current/log_inprogress_0
2019-08-20 18:34:21,664 [Thread-511] INFO  impl.FollowerState (FollowerState.java:run(106)) - 208f2d0e-9df1-4c51-a4e7-c27d855217c8:group-238710BFEF5B changes to CANDIDATE, lastRpcTime:5147, electionTimeout:5147ms
2019-08-20 18:34:21,665 [Thread-511] INFO  impl.RoleInfo (RoleInfo.java:shutdownFollowerState(121)) - 208f2d0e-9df1-4c51-a4e7-c27d855217c8: shutdown FollowerState
2019-08-20 18:34:21,665 [Thread-511] INFO  impl.RaftServerImpl (RaftServerImpl.java:setRole(171)) - 208f2d0e-9df1-4c51-a4e7-c27d855217c8:group-238710BFEF5B changes role from FOLLOWER to CANDIDATE at term 0 for changeToCandidate
2019-08-20 18:34:21,665 [Thread-511] INFO  impl.RoleInfo (RoleInfo.java:updateAndGet(143)) - 208f2d0e-9df1-4c51-a4e7-c27d855217c8: start LeaderElection
2019-08-20 18:34:21,667 | INFO  | SCMAudit | user=jenkins1000 | ip=192.168.5.168 | op=SEND_HEARTBEAT {datanodeUUID=b097e9c8-72ce-4bfa-99ed-e41898e4335b, command=[]} | ret=SUCCESS |  
2019-08-20 18:34:21,686 [208f2d0e-9df1-4c51-a4e7-c27d855217c8:group-238710BFEF5B:LeaderElection13] INFO  impl.LeaderElection (LeaderElection.java:askForVotes(181)) - 208f2d0e-9df1-4c51-a4e7-c27d855217c8:group-238710BFEF5B:LeaderElection13: begin an election at term 1 for -1: [208f2d0e-9df1-4c51-a4e7-c27d855217c8:192.168.5.168:35300], old=null
2019-08-20 18:34:21,686 [208f2d0e-9df1-4c51-a4e7-c27d855217c8:group-238710BFEF5B:LeaderElection13] INFO  impl.RoleInfo (RoleInfo.java:shutdownLeaderElection(134)) - 208f2d0e-9df1-4c51-a4e7-c27d855217c8: shutdown LeaderElection
2019-08-20 18:34:21,686 [208f2d0e-9df1-4c51-a4e7-c27d855217c8:group-238710BFEF5B:LeaderElection13] INFO  impl.RaftServerImpl (RaftServerImpl.java:setRole(171)) - 208f2d0e-9df1-4c51-a4e7-c27d855217c8:group-238710BFEF5B changes role from CANDIDATE to LEADER at term 1 for changeToLeader
2019-08-20 18:34:21,686 [208f2d0e-9df1-4c51-a4e7-c27d855217c8:group-238710BFEF5B:LeaderElection13] INFO  impl.RaftServerImpl (ServerState.java:setLeader(263)) - 208f2d0e-9df1-4c51-a4e7-c27d855217c8:group-238710BFEF5B change Leader from null to 208f2d0e-9df1-4c51-a4e7-c27d855217c8 at term 1 for becomeLeader, leader elected after 5175ms
2019-08-20 18:34:21,687 [208f2d0e-9df1-4c51-a4e7-c27d855217c8:group-238710BFEF5B:LeaderElection13] INFO  server.RaftServerConfigKeys (ConfUtils.java:logGet(43)) - raft.server.staging.catchup.gap = 1000 (default)
2019-08-20 18:34:21,687 [208f2d0e-9df1-4c51-a4e7-c27d855217c8:group-238710BFEF5B:LeaderElection13] INFO  server.RaftServerConfigKeys (ConfUtils.java:logGet(43)) - raft.server.rpc.sleep.time = 25ms (default)
2019-08-20 18:34:21,687 [208f2d0e-9df1-4c51-a4e7-c27d855217c8:group-238710BFEF5B:LeaderElection13] INFO  server.RaftServerConfigKeys (ConfUtils.java:logGet(43)) - raft.server.write.element-limit = 4096 (default)
2019-08-20 18:34:21,687 [208f2d0e-9df1-4c51-a4e7-c27d855217c8:group-238710BFEF5B:LeaderElection13] INFO  server.RaftServerConfigKeys (ConfUtils.java:logGet(43)) - raft.server.watch.timeout = 10s (default)
2019-08-20 18:34:21,687 [208f2d0e-9df1-4c51-a4e7-c27d855217c8:group-238710BFEF5B:LeaderElection13] INFO  server.RaftServerConfigKeys (ConfUtils.java:logGet(43)) - raft.server.watch.timeout.denomination = 1s (default)
2019-08-20 18:34:21,688 [208f2d0e-9df1-4c51-a4e7-c27d855217c8:group-238710BFEF5B:LeaderElection13] INFO  server.RaftServerConfigKeys (ConfUtils.java:logGet(43)) - raft.server.watch.element-limit = 65536 (default)
2019-08-20 18:34:21,688 [208f2d0e-9df1-4c51-a4e7-c27d855217c8:group-238710BFEF5B:LeaderElection13] INFO  impl.RoleInfo (RoleInfo.java:updateAndGet(143)) - 208f2d0e-9df1-4c51-a4e7-c27d855217c8: start LeaderState
2019-08-20 18:34:21,688 [208f2d0e-9df1-4c51-a4e7-c27d855217c8:group-238710BFEF5B:LeaderElection13] INFO  segmented.SegmentedRaftLogWorker (SegmentedRaftLogWorker.java:startLogSegment(380)) - 208f2d0e-9df1-4c51-a4e7-c27d855217c8-SegmentedRaftLogWorker:Storage Directory /workdir/hadoop-ozone/integration-test/target/test-dir/MiniOzoneClusterImpl-17c14715-311f-4e0b-8c69-0ee14c49d74d/datanode-1/data/ratis/54ce35d5-14a6-4136-b055-238710bfef5b: Starting segment from index:0
2019-08-20 18:34:21,689 [208f2d0e-9df1-4c51-a4e7-c27d855217c8:group-238710BFEF5B:LeaderElection13] INFO  impl.RaftServerImpl (ServerState.java:setRaftConf(361)) - 208f2d0e-9df1-4c51-a4e7-c27d855217c8:group-238710BFEF5B set configuration 0: [208f2d0e-9df1-4c51-a4e7-c27d855217c8:192.168.5.168:35300], old=null at 0
2019-08-20 18:34:21,737 [208f2d0e-9df1-4c51-a4e7-c27d855217c8-SegmentedRaftLogWorker:Storage Directory /workdir/hadoop-ozone/integration-test/target/test-dir/MiniOzoneClusterImpl-17c14715-311f-4e0b-8c69-0ee14c49d74d/datanode-1/data/ratis/54ce35d5-14a6-4136-b055-238710bfef5b] INFO  segmented.SegmentedRaftLogWorker (SegmentedRaftLogWorker.java:execute(569)) - 208f2d0e-9df1-4c51-a4e7-c27d855217c8-SegmentedRaftLogWorker:Storage Directory /workdir/hadoop-ozone/integration-test/target/test-dir/MiniOzoneClusterImpl-17c14715-311f-4e0b-8c69-0ee14c49d74d/datanode-1/data/ratis/54ce35d5-14a6-4136-b055-238710bfef5b: created new log segment /workdir/hadoop-ozone/integration-test/target/test-dir/MiniOzoneClusterImpl-17c14715-311f-4e0b-8c69-0ee14c49d74d/datanode-1/data/ratis/54ce35d5-14a6-4136-b055-238710bfef5b/current/log_inprogress_0
2019-08-20 18:34:21,825 [EventQueue-StaleNodeForStaleNodeHandler] INFO  node.StaleNodeHandler (StaleNodeHandler.java:onMessage(58)) - Datanode 1302226f-fb4b-4090-a63b-e19082dd7f8c{ip: 192.168.5.168, host: pr-hdds-1927-28fzr-1052167450, networkLocation: /default-rack, certSerialId: null} moved to stale state. Finalizing its pipelines [PipelineID=a6e59073-c99e-481d-ad8f-b92d43aef28b, PipelineID=141c551d-cb15-4eb6-8807-ee44822ceb44]
2019-08-20 18:34:21,825 [EventQueue-StaleNodeForStaleNodeHandler] INFO  pipeline.SCMPipelineManager (SCMPipelineManager.java:finalizeAndDestroyPipeline(309)) - destroying pipeline:Pipeline[ Id: a6e59073-c99e-481d-ad8f-b92d43aef28b, Nodes: 208f2d0e-9df1-4c51-a4e7-c27d855217c8{ip: 192.168.5.168, host: pr-hdds-1927-28fzr-1052167450, networkLocation: /default-rack, certSerialId: null}b097e9c8-72ce-4bfa-99ed-e41898e4335b{ip: 192.168.5.168, host: pr-hdds-1927-28fzr-1052167450, networkLocation: /default-rack, certSerialId: null}1302226f-fb4b-4090-a63b-e19082dd7f8c{ip: 192.168.5.168, host: pr-hdds-1927-28fzr-1052167450, networkLocation: /default-rack, certSerialId: null}, Type:RATIS, Factor:THREE, State:OPEN]
2019-08-20 18:34:21,826 [EventQueue-StaleNodeForStaleNodeHandler] INFO  pipeline.PipelineStateManager (PipelineStateManager.java:finalizePipeline(123)) - Pipeline Pipeline[ Id: a6e59073-c99e-481d-ad8f-b92d43aef28b, Nodes: 208f2d0e-9df1-4c51-a4e7-c27d855217c8{ip: 192.168.5.168, host: pr-hdds-1927-28fzr-1052167450, networkLocation: /default-rack, certSerialId: null}b097e9c8-72ce-4bfa-99ed-e41898e4335b{ip: 192.168.5.168, host: pr-hdds-1927-28fzr-1052167450, networkLocation: /default-rack, certSerialId: null}1302226f-fb4b-4090-a63b-e19082dd7f8c{ip: 192.168.5.168, host: pr-hdds-1927-28fzr-1052167450, networkLocation: /default-rack, certSerialId: null}, Type:RATIS, Factor:THREE, State:CLOSED] moved to CLOSED state
2019-08-20 18:34:21,827 [EventQueue-StaleNodeForStaleNodeHandler] INFO  pipeline.SCMPipelineManager (SCMPipelineManager.java:finalizeAndDestroyPipeline(309)) - destroying pipeline:Pipeline[ Id: 141c551d-cb15-4eb6-8807-ee44822ceb44, Nodes: 1302226f-fb4b-4090-a63b-e19082dd7f8c{ip: 192.168.5.168, host: pr-hdds-1927-28fzr-1052167450, networkLocation: /default-rack, certSerialId: null}, Type:RATIS, Factor:ONE, State:OPEN]
2019-08-20 18:34:21,827 [EventQueue-StaleNodeForStaleNodeHandler] INFO  pipeline.PipelineStateManager (PipelineStateManager.java:finalizePipeline(123)) - Pipeline Pipeline[ Id: 141c551d-cb15-4eb6-8807-ee44822ceb44, Nodes: 1302226f-fb4b-4090-a63b-e19082dd7f8c{ip: 192.168.5.168, host: pr-hdds-1927-28fzr-1052167450, networkLocation: /default-rack, certSerialId: null}, Type:RATIS, Factor:ONE, State:CLOSED] moved to CLOSED state
2019-08-20 18:34:21,918 [Thread-514] INFO  impl.FollowerState (FollowerState.java:run(106)) - b097e9c8-72ce-4bfa-99ed-e41898e4335b:group-2D0B3254AD72 changes to CANDIDATE, lastRpcTime:5199, electionTimeout:5199ms
2019-08-20 18:34:21,918 [Thread-514] INFO  impl.RoleInfo (RoleInfo.java:shutdownFollowerState(121)) - b097e9c8-72ce-4bfa-99ed-e41898e4335b: shutdown FollowerState
2019-08-20 18:34:21,918 [Thread-514] INFO  impl.RaftServerImpl (RaftServerImpl.java:setRole(171)) - b097e9c8-72ce-4bfa-99ed-e41898e4335b:group-2D0B3254AD72 changes role from FOLLOWER to CANDIDATE at term 0 for changeToCandidate
2019-08-20 18:34:21,918 [Thread-514] INFO  impl.RoleInfo (RoleInfo.java:updateAndGet(143)) - b097e9c8-72ce-4bfa-99ed-e41898e4335b: start LeaderElection
2019-08-20 18:34:21,936 [b097e9c8-72ce-4bfa-99ed-e41898e4335b:group-2D0B3254AD72:LeaderElection14] INFO  impl.LeaderElection (LeaderElection.java:askForVotes(181)) - b097e9c8-72ce-4bfa-99ed-e41898e4335b:group-2D0B3254AD72:LeaderElection14: begin an election at term 1 for -1: [b097e9c8-72ce-4bfa-99ed-e41898e4335b:192.168.5.168:41312], old=null
2019-08-20 18:34:21,936 [b097e9c8-72ce-4bfa-99ed-e41898e4335b:group-2D0B3254AD72:LeaderElection14] INFO  impl.RoleInfo (RoleInfo.java:shutdownLeaderElection(134)) - b097e9c8-72ce-4bfa-99ed-e41898e4335b: shutdown LeaderElection
2019-08-20 18:34:21,936 [b097e9c8-72ce-4bfa-99ed-e41898e4335b:group-2D0B3254AD72:LeaderElection14] INFO  impl.RaftServerImpl (RaftServerImpl.java:setRole(171)) - b097e9c8-72ce-4bfa-99ed-e41898e4335b:group-2D0B3254AD72 changes role from CANDIDATE to LEADER at term 1 for changeToLeader
2019-08-20 18:34:21,937 [b097e9c8-72ce-4bfa-99ed-e41898e4335b:group-2D0B3254AD72:LeaderElection14] INFO  impl.RaftServerImpl (ServerState.java:setLeader(263)) - b097e9c8-72ce-4bfa-99ed-e41898e4335b:group-2D0B3254AD72 change Leader from null to b097e9c8-72ce-4bfa-99ed-e41898e4335b at term 1 for becomeLeader, leader elected after 5224ms
2019-08-20 18:34:21,937 [b097e9c8-72ce-4bfa-99ed-e41898e4335b:group-2D0B3254AD72:LeaderElection14] INFO  server.RaftServerConfigKeys (ConfUtils.java:logGet(43)) - raft.server.staging.catchup.gap = 1000 (default)
2019-08-20 18:34:21,937 [b097e9c8-72ce-4bfa-99ed-e41898e4335b:group-2D0B3254AD72:LeaderElection14] INFO  server.RaftServerConfigKeys (ConfUtils.java:logGet(43)) - raft.server.rpc.sleep.time = 25ms (default)
2019-08-20 18:34:21,937 [b097e9c8-72ce-4bfa-99ed-e41898e4335b:group-2D0B3254AD72:LeaderElection14] INFO  server.RaftServerConfigKeys (ConfUtils.java:logGet(43)) - raft.server.write.element-limit = 4096 (default)
2019-08-20 18:34:21,938 [b097e9c8-72ce-4bfa-99ed-e41898e4335b:group-2D0B3254AD72:LeaderElection14] INFO  server.RaftServerConfigKeys (ConfUtils.java:logGet(43)) - raft.server.watch.timeout = 10s (default)
2019-08-20 18:34:21,938 [b097e9c8-72ce-4bfa-99ed-e41898e4335b:group-2D0B3254AD72:LeaderElection14] INFO  server.RaftServerConfigKeys (ConfUtils.java:logGet(43)) - raft.server.watch.timeout.denomination = 1s (default)
2019-08-20 18:34:21,938 [b097e9c8-72ce-4bfa-99ed-e41898e4335b:group-2D0B3254AD72:LeaderElection14] INFO  server.RaftServerConfigKeys (ConfUtils.java:logGet(43)) - raft.server.watch.element-limit = 65536 (default)
2019-08-20 18:34:21,938 [b097e9c8-72ce-4bfa-99ed-e41898e4335b:group-2D0B3254AD72:LeaderElection14] INFO  impl.RoleInfo (RoleInfo.java:updateAndGet(143)) - b097e9c8-72ce-4bfa-99ed-e41898e4335b: start LeaderState
2019-08-20 18:34:21,938 [b097e9c8-72ce-4bfa-99ed-e41898e4335b:group-2D0B3254AD72:LeaderElection14] INFO  segmented.SegmentedRaftLogWorker (SegmentedRaftLogWorker.java:startLogSegment(380)) - b097e9c8-72ce-4bfa-99ed-e41898e4335b-SegmentedRaftLogWorker:Storage Directory /workdir/hadoop-ozone/integration-test/target/test-dir/MiniOzoneClusterImpl-17c14715-311f-4e0b-8c69-0ee14c49d74d/datanode-2/data/ratis/e83f7d46-6215-4d89-a174-2d0b3254ad72: Starting segment from index:0
2019-08-20 18:34:21,939 [b097e9c8-72ce-4bfa-99ed-e41898e4335b:group-2D0B3254AD72:LeaderElection14] INFO  impl.RaftServerImpl (ServerState.java:setRaftConf(361)) - b097e9c8-72ce-4bfa-99ed-e41898e4335b:group-2D0B3254AD72 set configuration 0: [b097e9c8-72ce-4bfa-99ed-e41898e4335b:192.168.5.168:41312], old=null at 0
2019-08-20 18:34:21,969 [Thread-521] INFO  impl.FollowerState (FollowerState.java:run(106)) - b097e9c8-72ce-4bfa-99ed-e41898e4335b:group-B92D43AEF28B changes to CANDIDATE, lastRpcTime:5158, electionTimeout:5137ms
2019-08-20 18:34:21,969 [Thread-521] INFO  impl.RoleInfo (RoleInfo.java:shutdownFollowerState(121)) - b097e9c8-72ce-4bfa-99ed-e41898e4335b: shutdown FollowerState
2019-08-20 18:34:21,969 [Thread-521] INFO  impl.RaftServerImpl (RaftServerImpl.java:setRole(171)) - b097e9c8-72ce-4bfa-99ed-e41898e4335b:group-B92D43AEF28B changes role from FOLLOWER to CANDIDATE at term 0 for changeToCandidate
2019-08-20 18:34:21,969 [Thread-521] INFO  impl.RoleInfo (RoleInfo.java:updateAndGet(143)) - b097e9c8-72ce-4bfa-99ed-e41898e4335b: start LeaderElection
2019-08-20 18:34:21,969 [Thread-517] INFO  impl.FollowerState (FollowerState.java:run(106)) - 1302226f-fb4b-4090-a63b-e19082dd7f8c:group-B92D43AEF28B changes to CANDIDATE, lastRpcTime:5166, electionTimeout:5165ms
2019-08-20 18:34:21,970 [Thread-517] INFO  impl.RoleInfo (RoleInfo.java:shutdownFollowerState(121)) - 1302226f-fb4b-4090-a63b-e19082dd7f8c: shutdown FollowerState
2019-08-20 18:34:21,971 [Thread-517] INFO  impl.RaftServerImpl (RaftServerImpl.java:setRole(171)) - 1302226f-fb4b-4090-a63b-e19082dd7f8c:group-B92D43AEF28B changes role from FOLLOWER to CANDIDATE at term 0 for changeToCandidate
2019-08-20 18:34:21,971 [Thread-517] INFO  impl.RoleInfo (RoleInfo.java:updateAndGet(143)) - 1302226f-fb4b-4090-a63b-e19082dd7f8c: start LeaderElection
2019-08-20 18:34:21,975 [Thread-522] INFO  impl.FollowerState (FollowerState.java:run(106)) - 208f2d0e-9df1-4c51-a4e7-c27d855217c8:group-B92D43AEF28B changes to CANDIDATE, lastRpcTime:5163, electionTimeout:5163ms
2019-08-20 18:34:21,975 [Thread-522] INFO  impl.RoleInfo (RoleInfo.java:shutdownFollowerState(121)) - 208f2d0e-9df1-4c51-a4e7-c27d855217c8: shutdown FollowerState
2019-08-20 18:34:21,975 [Thread-522] INFO  impl.RaftServerImpl (RaftServerImpl.java:setRole(171)) - 208f2d0e-9df1-4c51-a4e7-c27d855217c8:group-B92D43AEF28B changes role from FOLLOWER to CANDIDATE at term 0 for changeToCandidate
2019-08-20 18:34:21,975 [Thread-522] INFO  impl.RoleInfo (RoleInfo.java:updateAndGet(143)) - 208f2d0e-9df1-4c51-a4e7-c27d855217c8: start LeaderElection
2019-08-20 18:34:21,994 [b097e9c8-72ce-4bfa-99ed-e41898e4335b-SegmentedRaftLogWorker:Storage Directory /workdir/hadoop-ozone/integration-test/target/test-dir/MiniOzoneClusterImpl-17c14715-311f-4e0b-8c69-0ee14c49d74d/datanode-2/data/ratis/e83f7d46-6215-4d89-a174-2d0b3254ad72] INFO  segmented.SegmentedRaftLogWorker (SegmentedRaftLogWorker.java:execute(569)) - b097e9c8-72ce-4bfa-99ed-e41898e4335b-SegmentedRaftLogWorker:Storage Directory /workdir/hadoop-ozone/integration-test/target/test-dir/MiniOzoneClusterImpl-17c14715-311f-4e0b-8c69-0ee14c49d74d/datanode-2/data/ratis/e83f7d46-6215-4d89-a174-2d0b3254ad72: created new log segment /workdir/hadoop-ozone/integration-test/target/test-dir/MiniOzoneClusterImpl-17c14715-311f-4e0b-8c69-0ee14c49d74d/datanode-2/data/ratis/e83f7d46-6215-4d89-a174-2d0b3254ad72/current/log_inprogress_0
2019-08-20 18:34:21,994 [b097e9c8-72ce-4bfa-99ed-e41898e4335b:group-B92D43AEF28B:LeaderElection15] INFO  impl.LeaderElection (LeaderElection.java:askForVotes(181)) - b097e9c8-72ce-4bfa-99ed-e41898e4335b:group-B92D43AEF28B:LeaderElection15: begin an election at term 1 for -1: [1302226f-fb4b-4090-a63b-e19082dd7f8c:192.168.5.168:40142, 208f2d0e-9df1-4c51-a4e7-c27d855217c8:192.168.5.168:35300, b097e9c8-72ce-4bfa-99ed-e41898e4335b:192.168.5.168:41312], old=null
2019-08-20 18:34:21,994 [1302226f-fb4b-4090-a63b-e19082dd7f8c:group-B92D43AEF28B:LeaderElection16] INFO  impl.LeaderElection (LeaderElection.java:askForVotes(181)) - 1302226f-fb4b-4090-a63b-e19082dd7f8c:group-B92D43AEF28B:LeaderElection16: begin an election at term 1 for -1: [1302226f-fb4b-4090-a63b-e19082dd7f8c:192.168.5.168:40142, 208f2d0e-9df1-4c51-a4e7-c27d855217c8:192.168.5.168:35300, b097e9c8-72ce-4bfa-99ed-e41898e4335b:192.168.5.168:41312], old=null
2019-08-20 18:34:21,994 [208f2d0e-9df1-4c51-a4e7-c27d855217c8:group-B92D43AEF28B:LeaderElection17] INFO  impl.LeaderElection (LeaderElection.java:askForVotes(181)) - 208f2d0e-9df1-4c51-a4e7-c27d855217c8:group-B92D43AEF28B:LeaderElection17: begin an election at term 1 for -1: [1302226f-fb4b-4090-a63b-e19082dd7f8c:192.168.5.168:40142, 208f2d0e-9df1-4c51-a4e7-c27d855217c8:192.168.5.168:35300, b097e9c8-72ce-4bfa-99ed-e41898e4335b:192.168.5.168:41312], old=null
2019-08-20 18:34:22,017 [1302226f-fb4b-4090-a63b-e19082dd7f8c:group-B92D43AEF28B:LeaderElection16] INFO  impl.LeaderElection (LeaderElection.java:logAndReturn(56)) - 1302226f-fb4b-4090-a63b-e19082dd7f8c:group-B92D43AEF28B:LeaderElection16: Election REJECTED; received 2 response(s) [1302226f-fb4b-4090-a63b-e19082dd7f8c<-208f2d0e-9df1-4c51-a4e7-c27d855217c8#0:FAIL-t1, 1302226f-fb4b-4090-a63b-e19082dd7f8c<-b097e9c8-72ce-4bfa-99ed-e41898e4335b#0:FAIL-t1] and 0 exception(s); 1302226f-fb4b-4090-a63b-e19082dd7f8c:t1, leader=null, voted=1302226f-fb4b-4090-a63b-e19082dd7f8c, raftlog=1302226f-fb4b-4090-a63b-e19082dd7f8c-SegmentedRaftLog:OPENED:c-1,f-1,i0, conf=-1: [1302226f-fb4b-4090-a63b-e19082dd7f8c:192.168.5.168:40142, 208f2d0e-9df1-4c51-a4e7-c27d855217c8:192.168.5.168:35300, b097e9c8-72ce-4bfa-99ed-e41898e4335b:192.168.5.168:41312], old=null
2019-08-20 18:34:22,018 [1302226f-fb4b-4090-a63b-e19082dd7f8c:group-B92D43AEF28B:LeaderElection16] INFO  impl.RaftServerImpl (RaftServerImpl.java:setRole(171)) - 1302226f-fb4b-4090-a63b-e19082dd7f8c:group-B92D43AEF28B changes role from CANDIDATE to FOLLOWER at term 1 for DISCOVERED_A_NEW_TERM
2019-08-20 18:34:22,021 [1302226f-fb4b-4090-a63b-e19082dd7f8c:group-B92D43AEF28B:LeaderElection16] INFO  impl.RoleInfo (RoleInfo.java:shutdownLeaderElection(134)) - 1302226f-fb4b-4090-a63b-e19082dd7f8c: shutdown LeaderElection
2019-08-20 18:34:22,022 [1302226f-fb4b-4090-a63b-e19082dd7f8c:group-B92D43AEF28B:LeaderElection16] INFO  impl.RoleInfo (RoleInfo.java:updateAndGet(143)) - 1302226f-fb4b-4090-a63b-e19082dd7f8c: start FollowerState
2019-08-20 18:34:22,022 [208f2d0e-9df1-4c51-a4e7-c27d855217c8:group-B92D43AEF28B:LeaderElection17] INFO  impl.LeaderElection (LeaderElection.java:logAndReturn(56)) - 208f2d0e-9df1-4c51-a4e7-c27d855217c8:group-B92D43AEF28B:LeaderElection17: Election REJECTED; received 2 response(s) [208f2d0e-9df1-4c51-a4e7-c27d855217c8<-1302226f-fb4b-4090-a63b-e19082dd7f8c#0:FAIL-t1, 208f2d0e-9df1-4c51-a4e7-c27d855217c8<-b097e9c8-72ce-4bfa-99ed-e41898e4335b#0:FAIL-t1] and 0 exception(s); 208f2d0e-9df1-4c51-a4e7-c27d855217c8:t1, leader=null, voted=208f2d0e-9df1-4c51-a4e7-c27d855217c8, raftlog=208f2d0e-9df1-4c51-a4e7-c27d855217c8-SegmentedRaftLog:OPENED:c-1,f-1,i0, conf=-1: [1302226f-fb4b-4090-a63b-e19082dd7f8c:192.168.5.168:40142, 208f2d0e-9df1-4c51-a4e7-c27d855217c8:192.168.5.168:35300, b097e9c8-72ce-4bfa-99ed-e41898e4335b:192.168.5.168:41312], old=null
2019-08-20 18:34:22,023 [208f2d0e-9df1-4c51-a4e7-c27d855217c8:group-B92D43AEF28B:LeaderElection17] INFO  impl.RaftServerImpl (RaftServerImpl.java:setRole(171)) - 208f2d0e-9df1-4c51-a4e7-c27d855217c8:group-B92D43AEF28B changes role from CANDIDATE to FOLLOWER at term 1 for DISCOVERED_A_NEW_TERM
2019-08-20 18:34:22,023 [208f2d0e-9df1-4c51-a4e7-c27d855217c8:group-B92D43AEF28B:LeaderElection17] INFO  impl.RoleInfo (RoleInfo.java:shutdownLeaderElection(134)) - 208f2d0e-9df1-4c51-a4e7-c27d855217c8: shutdown LeaderElection
2019-08-20 18:34:22,023 [208f2d0e-9df1-4c51-a4e7-c27d855217c8:group-B92D43AEF28B:LeaderElection17] INFO  impl.RoleInfo (RoleInfo.java:updateAndGet(143)) - 208f2d0e-9df1-4c51-a4e7-c27d855217c8: start FollowerState
2019-08-20 18:34:22,023 [b097e9c8-72ce-4bfa-99ed-e41898e4335b:group-B92D43AEF28B:LeaderElection15] INFO  impl.LeaderElection (LeaderElection.java:logAndReturn(56)) - b097e9c8-72ce-4bfa-99ed-e41898e4335b:group-B92D43AEF28B:LeaderElection15: Election REJECTED; received 2 response(s) [b097e9c8-72ce-4bfa-99ed-e41898e4335b<-1302226f-fb4b-4090-a63b-e19082dd7f8c#0:FAIL-t1, b097e9c8-72ce-4bfa-99ed-e41898e4335b<-208f2d0e-9df1-4c51-a4e7-c27d855217c8#0:FAIL-t1] and 0 exception(s); b097e9c8-72ce-4bfa-99ed-e41898e4335b:t1, leader=null, voted=b097e9c8-72ce-4bfa-99ed-e41898e4335b, raftlog=b097e9c8-72ce-4bfa-99ed-e41898e4335b-SegmentedRaftLog:OPENED:c-1,f-1,i0, conf=-1: [1302226f-fb4b-4090-a63b-e19082dd7f8c:192.168.5.168:40142, 208f2d0e-9df1-4c51-a4e7-c27d855217c8:192.168.5.168:35300, b097e9c8-72ce-4bfa-99ed-e41898e4335b:192.168.5.168:41312], old=null
2019-08-20 18:34:22,024 [b097e9c8-72ce-4bfa-99ed-e41898e4335b:group-B92D43AEF28B:LeaderElection15] INFO  impl.RaftServerImpl (RaftServerImpl.java:setRole(171)) - b097e9c8-72ce-4bfa-99ed-e41898e4335b:group-B92D43AEF28B changes role from CANDIDATE to FOLLOWER at term 1 for DISCOVERED_A_NEW_TERM
2019-08-20 18:34:22,024 [b097e9c8-72ce-4bfa-99ed-e41898e4335b:group-B92D43AEF28B:LeaderElection15] INFO  impl.RoleInfo (RoleInfo.java:shutdownLeaderElection(134)) - b097e9c8-72ce-4bfa-99ed-e41898e4335b: shutdown LeaderElection
2019-08-20 18:34:22,024 [b097e9c8-72ce-4bfa-99ed-e41898e4335b:group-B92D43AEF28B:LeaderElection15] INFO  impl.RoleInfo (RoleInfo.java:updateAndGet(143)) - b097e9c8-72ce-4bfa-99ed-e41898e4335b: start FollowerState
2019-08-20 18:34:22,474 | INFO  | SCMAudit | user=jenkins1000 | ip=192.168.5.168 | op=SEND_HEARTBEAT {datanodeUUID=208f2d0e-9df1-4c51-a4e7-c27d855217c8, command=[]} | ret=SUCCESS |  
2019-08-20 18:34:22,665 [Thread-334] INFO  ozoneimpl.OzoneContainer (OzoneContainer.java:stop(199)) - Attempting to stop container services.
2019-08-20 18:34:22,666 | INFO  | SCMAudit | user=jenkins1000 | ip=192.168.5.168 | op=SEND_HEARTBEAT {datanodeUUID=b097e9c8-72ce-4bfa-99ed-e41898e4335b, command=[]} | ret=SUCCESS |  
2019-08-20 18:34:22,665 [Thread-334] INFO  impl.RaftServerProxy (RaftServerProxy.java:lambda$close$4(314)) - 1302226f-fb4b-4090-a63b-e19082dd7f8c: close
2019-08-20 18:34:22,666 [Thread-334] INFO  impl.RaftServerImpl (RaftServerImpl.java:lambda$shutdown$3(245)) - 1302226f-fb4b-4090-a63b-e19082dd7f8c: shutdown group-B92D43AEF28B
2019-08-20 18:34:22,666 [ForkJoinPool.commonPool-worker-1] INFO  impl.RaftServerImpl (RaftServerImpl.java:lambda$shutdown$3(245)) - 1302226f-fb4b-4090-a63b-e19082dd7f8c: shutdown group-EE44822CEB44
2019-08-20 18:34:22,667 [Thread-334] INFO  util.JmxRegister (JmxRegister.java:unregister(73)) - Successfully un-registered JMX Bean with object name Ratis:service=RaftServer,group=group-B92D43AEF28B,id=1302226f-fb4b-4090-a63b-e19082dd7f8c
2019-08-20 18:34:22,667 [ForkJoinPool.commonPool-worker-1] INFO  util.JmxRegister (JmxRegister.java:unregister(73)) - Successfully un-registered JMX Bean with object name Ratis:service=RaftServer,group=group-EE44822CEB44,id=1302226f-fb4b-4090-a63b-e19082dd7f8c
2019-08-20 18:34:22,667 [Thread-334] INFO  impl.RoleInfo (RoleInfo.java:shutdownFollowerState(121)) - 1302226f-fb4b-4090-a63b-e19082dd7f8c: shutdown FollowerState
2019-08-20 18:34:22,667 [ForkJoinPool.commonPool-worker-1] INFO  impl.RoleInfo (RoleInfo.java:shutdownLeaderState(104)) - 1302226f-fb4b-4090-a63b-e19082dd7f8c: shutdown LeaderState
2019-08-20 18:34:22,668 [Thread-542] INFO  impl.FollowerState (FollowerState.java:run(114)) - 1302226f-fb4b-4090-a63b-e19082dd7f8c: FollowerState was interrupted: java.lang.InterruptedException: sleep interrupted
2019-08-20 18:34:22,668 [Thread-334] INFO  impl.StateMachineUpdater (StateMachineUpdater.java:stopAndJoin(115)) - StateMachineUpdater:1302226f-fb4b-4090-a63b-e19082dd7f8c:group-B92D43AEF28B: set stopIndex = -1
2019-08-20 18:34:22,671 [Thread-334] INFO  impl.RaftServerImpl (ServerState.java:close(394)) - 1302226f-fb4b-4090-a63b-e19082dd7f8c:group-B92D43AEF28B closes. The last applied log index is -1
2019-08-20 18:34:22,668 [ForkJoinPool.commonPool-worker-1] INFO  impl.PendingRequests (PendingRequests.java:sendNotLeaderResponses(202)) - 1302226f-fb4b-4090-a63b-e19082dd7f8c-PendingRequests: sendNotLeaderResponses
2019-08-20 18:34:22,671 [1302226f-fb4b-4090-a63b-e19082dd7f8c-SegmentedRaftLogWorker:Storage Directory /workdir/hadoop-ozone/integration-test/target/test-dir/MiniOzoneClusterImpl-17c14715-311f-4e0b-8c69-0ee14c49d74d/datanode-0/data/ratis/a6e59073-c99e-481d-ad8f-b92d43aef28b] INFO  segmented.SegmentedRaftLogWorker (SegmentedRaftLogWorker.java:run(313)) - 1302226f-fb4b-4090-a63b-e19082dd7f8c-SegmentedRaftLogWorker:Storage Directory /workdir/hadoop-ozone/integration-test/target/test-dir/MiniOzoneClusterImpl-17c14715-311f-4e0b-8c69-0ee14c49d74d/datanode-0/data/ratis/a6e59073-c99e-481d-ad8f-b92d43aef28b was interrupted, exiting. There are 0 tasks remaining in the queue.
2019-08-20 18:34:22,672 [ForkJoinPool.commonPool-worker-1] INFO  impl.StateMachineUpdater (StateMachineUpdater.java:stopAndJoin(115)) - StateMachineUpdater:1302226f-fb4b-4090-a63b-e19082dd7f8c:group-EE44822CEB44: set stopIndex = 0
2019-08-20 18:34:22,672 [Thread-334] INFO  segmented.SegmentedRaftLogWorker (SegmentedRaftLogWorker.java:close(228)) - 1302226f-fb4b-4090-a63b-e19082dd7f8c-SegmentedRaftLogWorker:Storage Directory /workdir/hadoop-ozone/integration-test/target/test-dir/MiniOzoneClusterImpl-17c14715-311f-4e0b-8c69-0ee14c49d74d/datanode-0/data/ratis/a6e59073-c99e-481d-ad8f-b92d43aef28b close()
2019-08-20 18:34:22,672 [ForkJoinPool.commonPool-worker-1] INFO  impl.RaftServerImpl (ServerState.java:close(394)) - 1302226f-fb4b-4090-a63b-e19082dd7f8c:group-EE44822CEB44 closes. The last applied log index is 0
2019-08-20 18:34:22,675 [1302226f-fb4b-4090-a63b-e19082dd7f8c-SegmentedRaftLogWorker:Storage Directory /workdir/hadoop-ozone/integration-test/target/test-dir/MiniOzoneClusterImpl-17c14715-311f-4e0b-8c69-0ee14c49d74d/datanode-0/data/ratis/141c551d-cb15-4eb6-8807-ee44822ceb44] INFO  segmented.SegmentedRaftLogWorker (SegmentedRaftLogWorker.java:run(313)) - 1302226f-fb4b-4090-a63b-e19082dd7f8c-SegmentedRaftLogWorker:Storage Directory /workdir/hadoop-ozone/integration-test/target/test-dir/MiniOzoneClusterImpl-17c14715-311f-4e0b-8c69-0ee14c49d74d/datanode-0/data/ratis/141c551d-cb15-4eb6-8807-ee44822ceb44 was interrupted, exiting. There are 0 tasks remaining in the queue.
2019-08-20 18:34:22,677 [ForkJoinPool.commonPool-worker-1] INFO  segmented.SegmentedRaftLogWorker (SegmentedRaftLogWorker.java:close(228)) - 1302226f-fb4b-4090-a63b-e19082dd7f8c-SegmentedRaftLogWorker:Storage Directory /workdir/hadoop-ozone/integration-test/target/test-dir/MiniOzoneClusterImpl-17c14715-311f-4e0b-8c69-0ee14c49d74d/datanode-0/data/ratis/141c551d-cb15-4eb6-8807-ee44822ceb44 close()
2019-08-20 18:34:22,678 [Thread-334] INFO  server.GrpcService (GrpcService.java:closeImpl(155)) - 1302226f-fb4b-4090-a63b-e19082dd7f8c: shutdown server with port 40142 now
2019-08-20 18:34:22,682 [Thread-334] INFO  server.GrpcService (GrpcService.java:closeImpl(163)) - 1302226f-fb4b-4090-a63b-e19082dd7f8c: shutdown server with port 40142 successfully
2019-08-20 18:34:22,683 [Thread-334] INFO  utils.BackgroundService (BackgroundService.java:shutdown(148)) - Shutting down service BlockDeletingService
2019-08-20 18:34:22,686 [refreshUsed-/workdir/hadoop-ozone/integration-test/target/test-dir/MiniOzoneClusterImpl-17c14715-311f-4e0b-8c69-0ee14c49d74d/datanode-0/data/containers] WARN  fs.CachingGetSpaceUsed (CachingGetSpaceUsed.java:run(183)) - Thread Interrupted waiting to refresh disk information: sleep interrupted
2019-08-20 18:34:22,709 [Thread-334] INFO  statemachine.DatanodeStateMachine (DatanodeStateMachine.java:stopDaemon(395)) - Ozone container server stopped.
2019-08-20 18:34:22,710 [Thread-334] INFO  handler.ContextHandler (ContextHandler.java:doStop(910)) - Stopped o.e.j.w.WebAppContext@160b0720{/,null,UNAVAILABLE}{/hddsDatanode}
2019-08-20 18:34:22,711 [Thread-334] INFO  server.AbstractConnector (AbstractConnector.java:doStop(318)) - Stopped ServerConnector@1c3d7e81{HTTP/1.1,[http/1.1]}{0.0.0.0:0}
2019-08-20 18:34:22,711 [Thread-334] INFO  handler.ContextHandler (ContextHandler.java:doStop(910)) - Stopped o.e.j.s.ServletContextHandler@7f8df7c2{/static,jar:file:/home/user/.m2/repository/org/apache/hadoop/hadoop-hdds-container-service/0.5.0-SNAPSHOT/hadoop-hdds-container-service-0.5.0-SNAPSHOT.jar!/webapps/static,UNAVAILABLE}
2019-08-20 18:34:22,712 [Thread-334] INFO  handler.ContextHandler (ContextHandler.java:doStop(910)) - Stopped o.e.j.s.ServletContextHandler@68815b4b{/logs,file:///workdir/hadoop-ozone/integration-test/target/log,UNAVAILABLE}
2019-08-20 18:34:22,713 [Thread-334] INFO  datanode.ObjectStoreHandler (ObjectStoreHandler.java:close(155)) - Closing ObjectStoreHandler.
2019-08-20 18:34:22,714 [Thread-334] INFO  ozone.HddsDatanodeService (HddsDatanodeService.java:stop(451)) - Stopped plug-in org.apache.hadoop.ozone.web.OzoneHddsDatanodeService@1cee8276
2019-08-20 18:34:23,473 [Datanode State Machine Thread - 0] INFO  statemachine.DatanodeStateMachine (DatanodeStateMachine.java:lambda$startDaemon$0(350)) - Ozone container server started.
2019-08-20 18:34:23,667 | INFO  | SCMAudit | user=jenkins1000 | ip=192.168.5.168 | op=SEND_HEARTBEAT {datanodeUUID=b097e9c8-72ce-4bfa-99ed-e41898e4335b, command=[]} | ret=SUCCESS |  
2019-08-20 18:34:24,667 | INFO  | SCMAudit | user=jenkins1000 | ip=192.168.5.168 | op=SEND_HEARTBEAT {datanodeUUID=b097e9c8-72ce-4bfa-99ed-e41898e4335b, command=[]} | ret=SUCCESS |  
2019-08-20 18:34:25,667 | INFO  | SCMAudit | user=jenkins1000 | ip=192.168.5.168 | op=SEND_HEARTBEAT {datanodeUUID=b097e9c8-72ce-4bfa-99ed-e41898e4335b, command=[]} | ret=SUCCESS |  
2019-08-20 18:34:26,667 | INFO  | SCMAudit | user=jenkins1000 | ip=192.168.5.168 | op=SEND_HEARTBEAT {datanodeUUID=b097e9c8-72ce-4bfa-99ed-e41898e4335b, command=[]} | ret=SUCCESS |  
2019-08-20 18:34:27,042 [Thread-543] INFO  impl.FollowerState (FollowerState.java:run(106)) - 208f2d0e-9df1-4c51-a4e7-c27d855217c8:group-B92D43AEF28B changes to CANDIDATE, lastRpcTime:5018, electionTimeout:5018ms
2019-08-20 18:34:27,042 [Thread-543] INFO  impl.RoleInfo (RoleInfo.java:shutdownFollowerState(121)) - 208f2d0e-9df1-4c51-a4e7-c27d855217c8: shutdown FollowerState
2019-08-20 18:34:27,042 [Thread-543] INFO  impl.RaftServerImpl (RaftServerImpl.java:setRole(171)) - 208f2d0e-9df1-4c51-a4e7-c27d855217c8:group-B92D43AEF28B changes role from FOLLOWER to CANDIDATE at term 1 for changeToCandidate
2019-08-20 18:34:27,042 [Thread-543] INFO  impl.RoleInfo (RoleInfo.java:updateAndGet(143)) - 208f2d0e-9df1-4c51-a4e7-c27d855217c8: start LeaderElection
2019-08-20 18:34:27,060 [208f2d0e-9df1-4c51-a4e7-c27d855217c8:group-B92D43AEF28B:LeaderElection18] INFO  impl.LeaderElection (LeaderElection.java:askForVotes(181)) - 208f2d0e-9df1-4c51-a4e7-c27d855217c8:group-B92D43AEF28B:LeaderElection18: begin an election at term 2 for -1: [1302226f-fb4b-4090-a63b-e19082dd7f8c:192.168.5.168:40142, 208f2d0e-9df1-4c51-a4e7-c27d855217c8:192.168.5.168:35300, b097e9c8-72ce-4bfa-99ed-e41898e4335b:192.168.5.168:41312], old=null
2019-08-20 18:34:27,064 [208f2d0e-9df1-4c51-a4e7-c27d855217c8:group-B92D43AEF28B:LeaderElection18] INFO  impl.LeaderElection (LogUtils.java:infoOrTrace(149)) - 208f2d0e-9df1-4c51-a4e7-c27d855217c8:group-B92D43AEF28B:LeaderElection18 got exception when requesting votes: {}
java.util.concurrent.ExecutionException: org.apache.ratis.thirdparty.io.grpc.StatusRuntimeException: UNAVAILABLE: io exception
	at java.util.concurrent.FutureTask.report(FutureTask.java:122)
	at java.util.concurrent.FutureTask.get(FutureTask.java:192)
	at org.apache.ratis.server.impl.LeaderElection.waitForResults(LeaderElection.java:262)
	at org.apache.ratis.server.impl.LeaderElection.askForVotes(LeaderElection.java:200)
	at org.apache.ratis.server.impl.LeaderElection.run(LeaderElection.java:130)
	at java.lang.Thread.run(Thread.java:748)
Caused by: org.apache.ratis.thirdparty.io.grpc.StatusRuntimeException: UNAVAILABLE: io exception
	at org.apache.ratis.thirdparty.io.grpc.stub.ClientCalls.toStatusRuntimeException(ClientCalls.java:233)
	at org.apache.ratis.thirdparty.io.grpc.stub.ClientCalls.getUnchecked(ClientCalls.java:214)
	at org.apache.ratis.thirdparty.io.grpc.stub.ClientCalls.blockingUnaryCall(ClientCalls.java:139)
	at org.apache.ratis.proto.grpc.RaftServerProtocolServiceGrpc$RaftServerProtocolServiceBlockingStub.requestVote(RaftServerProtocolServiceGrpc.java:265)
	at org.apache.ratis.grpc.server.GrpcServerProtocolClient.requestVote(GrpcServerProtocolClient.java:83)
	at org.apache.ratis.grpc.server.GrpcService.requestVote(GrpcService.java:195)
	at org.apache.ratis.server.impl.LeaderElection.lambda$submitRequests$1(LeaderElection.java:237)
	at java.util.concurrent.FutureTask.run(FutureTask.java:266)
	at java.util.concurrent.Executors$RunnableAdapter.call(Executors.java:511)
	at java.util.concurrent.FutureTask.run(FutureTask.java:266)
	at java.util.concurrent.ThreadPoolExecutor.runWorker(ThreadPoolExecutor.java:1149)
	at java.util.concurrent.ThreadPoolExecutor$Worker.run(ThreadPoolExecutor.java:624)
	... 1 more
Caused by: org.apache.ratis.thirdparty.io.netty.channel.AbstractChannel$AnnotatedConnectException: Connection refused: /192.168.5.168:40142
	at sun.nio.ch.SocketChannelImpl.checkConnect(Native Method)
	at sun.nio.ch.SocketChannelImpl.finishConnect(SocketChannelImpl.java:717)
	at org.apache.ratis.thirdparty.io.netty.channel.socket.nio.NioSocketChannel.doFinishConnect(NioSocketChannel.java:327)
	at org.apache.ratis.thirdparty.io.netty.channel.nio.AbstractNioChannel$AbstractNioUnsafe.finishConnect(AbstractNioChannel.java:340)
	at org.apache.ratis.thirdparty.io.netty.channel.nio.NioEventLoop.processSelectedKey(NioEventLoop.java:632)
	at org.apache.ratis.thirdparty.io.netty.channel.nio.NioEventLoop.processSelectedKeysOptimized(NioEventLoop.java:579)
	at org.apache.ratis.thirdparty.io.netty.channel.nio.NioEventLoop.processSelectedKeys(NioEventLoop.java:496)
	at org.apache.ratis.thirdparty.io.netty.channel.nio.NioEventLoop.run(NioEventLoop.java:458)
	at org.apache.ratis.thirdparty.io.netty.util.concurrent.SingleThreadEventExecutor$5.run(SingleThreadEventExecutor.java:897)
	at org.apache.ratis.thirdparty.io.netty.util.concurrent.FastThreadLocalRunnable.run(FastThreadLocalRunnable.java:30)
	... 1 more
Caused by: java.net.ConnectException: Connection refused
	... 11 more
2019-08-20 18:34:27,068 [grpc-default-executor-0] INFO  impl.RaftServerImpl (RaftServerImpl.java:setRole(171)) - b097e9c8-72ce-4bfa-99ed-e41898e4335b:group-B92D43AEF28B changes role from FOLLOWER to FOLLOWER at term 2 for recognizeCandidate:208f2d0e-9df1-4c51-a4e7-c27d855217c8
2019-08-20 18:34:27,068 [grpc-default-executor-0] INFO  impl.RoleInfo (RoleInfo.java:shutdownFollowerState(121)) - b097e9c8-72ce-4bfa-99ed-e41898e4335b: shutdown FollowerState
2019-08-20 18:34:27,068 [grpc-default-executor-0] INFO  impl.RoleInfo (RoleInfo.java:updateAndGet(143)) - b097e9c8-72ce-4bfa-99ed-e41898e4335b: start FollowerState
2019-08-20 18:34:27,068 [Thread-544] INFO  impl.FollowerState (FollowerState.java:run(114)) - b097e9c8-72ce-4bfa-99ed-e41898e4335b: FollowerState was interrupted: java.lang.InterruptedException: sleep interrupted
2019-08-20 18:34:27,085 [208f2d0e-9df1-4c51-a4e7-c27d855217c8:group-B92D43AEF28B:LeaderElection18] INFO  impl.LeaderElection (LeaderElection.java:logAndReturn(56)) - 208f2d0e-9df1-4c51-a4e7-c27d855217c8:group-B92D43AEF28B:LeaderElection18: Election PASSED; received 1 response(s) [208f2d0e-9df1-4c51-a4e7-c27d855217c8<-b097e9c8-72ce-4bfa-99ed-e41898e4335b#0:OK-t2] and 1 exception(s); 208f2d0e-9df1-4c51-a4e7-c27d855217c8:t2, leader=null, voted=208f2d0e-9df1-4c51-a4e7-c27d855217c8, raftlog=208f2d0e-9df1-4c51-a4e7-c27d855217c8-SegmentedRaftLog:OPENED:c-1,f-1,i0, conf=-1: [1302226f-fb4b-4090-a63b-e19082dd7f8c:192.168.5.168:40142, 208f2d0e-9df1-4c51-a4e7-c27d855217c8:192.168.5.168:35300, b097e9c8-72ce-4bfa-99ed-e41898e4335b:192.168.5.168:41312], old=null
2019-08-20 18:34:27,085 [208f2d0e-9df1-4c51-a4e7-c27d855217c8:group-B92D43AEF28B:LeaderElection18] INFO  impl.LeaderElection (LogUtils.java:infoOrTrace(149)) -   Exception 0: {}
java.util.concurrent.ExecutionException: org.apache.ratis.thirdparty.io.grpc.StatusRuntimeException: UNAVAILABLE: io exception
	at java.util.concurrent.FutureTask.report(FutureTask.java:122)
	at java.util.concurrent.FutureTask.get(FutureTask.java:192)
	at org.apache.ratis.server.impl.LeaderElection.waitForResults(LeaderElection.java:262)
	at org.apache.ratis.server.impl.LeaderElection.askForVotes(LeaderElection.java:200)
	at org.apache.ratis.server.impl.LeaderElection.run(LeaderElection.java:130)
	at java.lang.Thread.run(Thread.java:748)
Caused by: org.apache.ratis.thirdparty.io.grpc.StatusRuntimeException: UNAVAILABLE: io exception
	at org.apache.ratis.thirdparty.io.grpc.stub.ClientCalls.toStatusRuntimeException(ClientCalls.java:233)
	at org.apache.ratis.thirdparty.io.grpc.stub.ClientCalls.getUnchecked(ClientCalls.java:214)
	at org.apache.ratis.thirdparty.io.grpc.stub.ClientCalls.blockingUnaryCall(ClientCalls.java:139)
	at org.apache.ratis.proto.grpc.RaftServerProtocolServiceGrpc$RaftServerProtocolServiceBlockingStub.requestVote(RaftServerProtocolServiceGrpc.java:265)
	at org.apache.ratis.grpc.server.GrpcServerProtocolClient.requestVote(GrpcServerProtocolClient.java:83)
	at org.apache.ratis.grpc.server.GrpcService.requestVote(GrpcService.java:195)
	at org.apache.ratis.server.impl.LeaderElection.lambda$submitRequests$1(LeaderElection.java:237)
	at java.util.concurrent.FutureTask.run(FutureTask.java:266)
	at java.util.concurrent.Executors$RunnableAdapter.call(Executors.java:511)
	at java.util.concurrent.FutureTask.run(FutureTask.java:266)
	at java.util.concurrent.ThreadPoolExecutor.runWorker(ThreadPoolExecutor.java:1149)
	at java.util.concurrent.ThreadPoolExecutor$Worker.run(ThreadPoolExecutor.java:624)
	... 1 more
Caused by: org.apache.ratis.thirdparty.io.netty.channel.AbstractChannel$AnnotatedConnectException: Connection refused: /192.168.5.168:40142
	at sun.nio.ch.SocketChannelImpl.checkConnect(Native Method)
	at sun.nio.ch.SocketChannelImpl.finishConnect(SocketChannelImpl.java:717)
	at org.apache.ratis.thirdparty.io.netty.channel.socket.nio.NioSocketChannel.doFinishConnect(NioSocketChannel.java:327)
	at org.apache.ratis.thirdparty.io.netty.channel.nio.AbstractNioChannel$AbstractNioUnsafe.finishConnect(AbstractNioChannel.java:340)
	at org.apache.ratis.thirdparty.io.netty.channel.nio.NioEventLoop.processSelectedKey(NioEventLoop.java:632)
	at org.apache.ratis.thirdparty.io.netty.channel.nio.NioEventLoop.processSelectedKeysOptimized(NioEventLoop.java:579)
	at org.apache.ratis.thirdparty.io.netty.channel.nio.NioEventLoop.processSelectedKeys(NioEventLoop.java:496)
	at org.apache.ratis.thirdparty.io.netty.channel.nio.NioEventLoop.run(NioEventLoop.java:458)
	at org.apache.ratis.thirdparty.io.netty.util.concurrent.SingleThreadEventExecutor$5.run(SingleThreadEventExecutor.java:897)
	at org.apache.ratis.thirdparty.io.netty.util.concurrent.FastThreadLocalRunnable.run(FastThreadLocalRunnable.java:30)
	... 1 more
Caused by: java.net.ConnectException: Connection refused
	... 11 more
2019-08-20 18:34:27,086 [208f2d0e-9df1-4c51-a4e7-c27d855217c8:group-B92D43AEF28B:LeaderElection18] INFO  impl.RoleInfo (RoleInfo.java:shutdownLeaderElection(134)) - 208f2d0e-9df1-4c51-a4e7-c27d855217c8: shutdown LeaderElection
2019-08-20 18:34:27,086 [208f2d0e-9df1-4c51-a4e7-c27d855217c8:group-B92D43AEF28B:LeaderElection18] INFO  impl.RaftServerImpl (RaftServerImpl.java:setRole(171)) - 208f2d0e-9df1-4c51-a4e7-c27d855217c8:group-B92D43AEF28B changes role from CANDIDATE to LEADER at term 2 for changeToLeader
2019-08-20 18:34:27,087 [208f2d0e-9df1-4c51-a4e7-c27d855217c8:group-B92D43AEF28B:LeaderElection18] INFO  impl.RaftServerImpl (ServerState.java:setLeader(263)) - 208f2d0e-9df1-4c51-a4e7-c27d855217c8:group-B92D43AEF28B change Leader from null to 208f2d0e-9df1-4c51-a4e7-c27d855217c8 at term 2 for becomeLeader, leader elected after 10285ms
2019-08-20 18:34:27,087 [208f2d0e-9df1-4c51-a4e7-c27d855217c8:group-B92D43AEF28B:LeaderElection18] INFO  server.RaftServerConfigKeys (ConfUtils.java:logGet(43)) - raft.server.staging.catchup.gap = 1000 (default)
2019-08-20 18:34:27,087 [208f2d0e-9df1-4c51-a4e7-c27d855217c8:group-B92D43AEF28B:LeaderElection18] INFO  server.RaftServerConfigKeys (ConfUtils.java:logGet(43)) - raft.server.rpc.sleep.time = 25ms (default)
2019-08-20 18:34:27,087 [208f2d0e-9df1-4c51-a4e7-c27d855217c8:group-B92D43AEF28B:LeaderElection18] INFO  server.RaftServerConfigKeys (ConfUtils.java:logGet(43)) - raft.server.write.element-limit = 4096 (default)
2019-08-20 18:34:27,088 [208f2d0e-9df1-4c51-a4e7-c27d855217c8:group-B92D43AEF28B:LeaderElection18] INFO  server.RaftServerConfigKeys (ConfUtils.java:logGet(43)) - raft.server.watch.timeout = 10s (default)
2019-08-20 18:34:27,088 [208f2d0e-9df1-4c51-a4e7-c27d855217c8:group-B92D43AEF28B:LeaderElection18] INFO  server.RaftServerConfigKeys (ConfUtils.java:logGet(43)) - raft.server.watch.timeout.denomination = 1s (default)
2019-08-20 18:34:27,088 [208f2d0e-9df1-4c51-a4e7-c27d855217c8:group-B92D43AEF28B:LeaderElection18] INFO  server.RaftServerConfigKeys (ConfUtils.java:logGet(43)) - raft.server.watch.element-limit = 65536 (default)
2019-08-20 18:34:27,088 [208f2d0e-9df1-4c51-a4e7-c27d855217c8:group-B92D43AEF28B:LeaderElection18] INFO  server.RaftServerConfigKeys (ConfUtils.java:logGet(43)) - raft.server.log.appender.snapshot.chunk.size.max = 16MB (=16777216) (default)
2019-08-20 18:34:27,089 [208f2d0e-9df1-4c51-a4e7-c27d855217c8:group-B92D43AEF28B:LeaderElection18] INFO  server.RaftServerConfigKeys (ConfUtils.java:logGet(43)) - raft.server.log.appender.buffer.byte-limit = 33554432 (custom)
2019-08-20 18:34:27,089 [208f2d0e-9df1-4c51-a4e7-c27d855217c8:group-B92D43AEF28B:LeaderElection18] INFO  server.RaftServerConfigKeys (ConfUtils.java:logGet(43)) - raft.server.log.appender.buffer.element-limit = 1 (custom)
2019-08-20 18:34:27,089 [208f2d0e-9df1-4c51-a4e7-c27d855217c8:group-B92D43AEF28B:LeaderElection18] INFO  grpc.GrpcConfigKeys$Server (ConfUtils.java:logGet(43)) - raft.grpc.server.leader.outstanding.appends.max = 128 (default)
2019-08-20 18:34:27,090 [208f2d0e-9df1-4c51-a4e7-c27d855217c8:group-B92D43AEF28B:LeaderElection18] INFO  server.RaftServerConfigKeys (ConfUtils.java:logGet(43)) - raft.server.rpc.request.timeout = 3000ms (default)
2019-08-20 18:34:27,090 [208f2d0e-9df1-4c51-a4e7-c27d855217c8:group-B92D43AEF28B:LeaderElection18] INFO  server.RaftServerConfigKeys (ConfUtils.java:logGet(43)) - raft.server.log.appender.install.snapshot.enabled = false (custom)
2019-08-20 18:34:27,090 [208f2d0e-9df1-4c51-a4e7-c27d855217c8:group-B92D43AEF28B:LeaderElection18] INFO  server.RaftServerConfigKeys (ConfUtils.java:logGet(43)) - raft.server.log.appender.snapshot.chunk.size.max = 16MB (=16777216) (default)
2019-08-20 18:34:27,090 [208f2d0e-9df1-4c51-a4e7-c27d855217c8:group-B92D43AEF28B:LeaderElection18] INFO  server.RaftServerConfigKeys (ConfUtils.java:logGet(43)) - raft.server.log.appender.buffer.byte-limit = 33554432 (custom)
2019-08-20 18:34:27,091 [208f2d0e-9df1-4c51-a4e7-c27d855217c8:group-B92D43AEF28B:LeaderElection18] INFO  server.RaftServerConfigKeys (ConfUtils.java:logGet(43)) - raft.server.log.appender.buffer.element-limit = 1 (custom)
2019-08-20 18:34:27,091 [208f2d0e-9df1-4c51-a4e7-c27d855217c8:group-B92D43AEF28B:LeaderElection18] INFO  grpc.GrpcConfigKeys$Server (ConfUtils.java:logGet(43)) - raft.grpc.server.leader.outstanding.appends.max = 128 (default)
2019-08-20 18:34:27,091 [208f2d0e-9df1-4c51-a4e7-c27d855217c8:group-B92D43AEF28B:LeaderElection18] INFO  server.RaftServerConfigKeys (ConfUtils.java:logGet(43)) - raft.server.rpc.request.timeout = 3000ms (default)
2019-08-20 18:34:27,091 [208f2d0e-9df1-4c51-a4e7-c27d855217c8:group-B92D43AEF28B:LeaderElection18] INFO  server.RaftServerConfigKeys (ConfUtils.java:logGet(43)) - raft.server.log.appender.install.snapshot.enabled = false (custom)
2019-08-20 18:34:27,092 [208f2d0e-9df1-4c51-a4e7-c27d855217c8:group-B92D43AEF28B:LeaderElection18] INFO  impl.RoleInfo (RoleInfo.java:updateAndGet(143)) - 208f2d0e-9df1-4c51-a4e7-c27d855217c8: start LeaderState
2019-08-20 18:34:27,092 [208f2d0e-9df1-4c51-a4e7-c27d855217c8:group-B92D43AEF28B:LeaderElection18] INFO  segmented.SegmentedRaftLogWorker (SegmentedRaftLogWorker.java:startLogSegment(380)) - 208f2d0e-9df1-4c51-a4e7-c27d855217c8-SegmentedRaftLogWorker:Storage Directory /workdir/hadoop-ozone/integration-test/target/test-dir/MiniOzoneClusterImpl-17c14715-311f-4e0b-8c69-0ee14c49d74d/datanode-1/data/ratis/a6e59073-c99e-481d-ad8f-b92d43aef28b: Starting segment from index:0
2019-08-20 18:34:27,093 [208f2d0e-9df1-4c51-a4e7-c27d855217c8:group-B92D43AEF28B:LeaderElection18] INFO  impl.RaftServerImpl (ServerState.java:setRaftConf(361)) - 208f2d0e-9df1-4c51-a4e7-c27d855217c8:group-B92D43AEF28B set configuration 0: [1302226f-fb4b-4090-a63b-e19082dd7f8c:192.168.5.168:40142, 208f2d0e-9df1-4c51-a4e7-c27d855217c8:192.168.5.168:35300, b097e9c8-72ce-4bfa-99ed-e41898e4335b:192.168.5.168:41312], old=null at 0
2019-08-20 18:34:27,094 [grpc-default-executor-0] WARN  server.GrpcLogAppender (LogUtils.java:warn(134)) - 208f2d0e-9df1-4c51-a4e7-c27d855217c8->1302226f-fb4b-4090-a63b-e19082dd7f8c: Failed appendEntries: org.apache.ratis.thirdparty.io.grpc.StatusRuntimeException: UNAVAILABLE: io exception
2019-08-20 18:34:27,133 [grpc-default-executor-0] INFO  impl.FollowerInfo (FollowerInfo.java:lambda$new$0(50)) - 208f2d0e-9df1-4c51-a4e7-c27d855217c8->1302226f-fb4b-4090-a63b-e19082dd7f8c: nextIndex: updateUnconditionally 0 -> 0
2019-08-20 18:34:27,135 [grpc-default-executor-0] INFO  impl.RaftServerImpl (ServerState.java:setLeader(263)) - b097e9c8-72ce-4bfa-99ed-e41898e4335b:group-B92D43AEF28B change Leader from null to 208f2d0e-9df1-4c51-a4e7-c27d855217c8 at term 2 for appendEntries, leader elected after 10334ms
2019-08-20 18:34:27,140 [grpc-default-executor-0] INFO  impl.RaftServerImpl (ServerState.java:setRaftConf(361)) - b097e9c8-72ce-4bfa-99ed-e41898e4335b:group-B92D43AEF28B set configuration 0: [1302226f-fb4b-4090-a63b-e19082dd7f8c:192.168.5.168:40142, 208f2d0e-9df1-4c51-a4e7-c27d855217c8:192.168.5.168:35300, b097e9c8-72ce-4bfa-99ed-e41898e4335b:192.168.5.168:41312], old=null at 0
2019-08-20 18:34:27,140 [grpc-default-executor-0] INFO  segmented.SegmentedRaftLogWorker (SegmentedRaftLogWorker.java:startLogSegment(380)) - b097e9c8-72ce-4bfa-99ed-e41898e4335b-SegmentedRaftLogWorker:Storage Directory /workdir/hadoop-ozone/integration-test/target/test-dir/MiniOzoneClusterImpl-17c14715-311f-4e0b-8c69-0ee14c49d74d/datanode-2/data/ratis/a6e59073-c99e-481d-ad8f-b92d43aef28b: Starting segment from index:0
2019-08-20 18:34:27,145 [208f2d0e-9df1-4c51-a4e7-c27d855217c8-SegmentedRaftLogWorker:Storage Directory /workdir/hadoop-ozone/integration-test/target/test-dir/MiniOzoneClusterImpl-17c14715-311f-4e0b-8c69-0ee14c49d74d/datanode-1/data/ratis/a6e59073-c99e-481d-ad8f-b92d43aef28b] INFO  segmented.SegmentedRaftLogWorker (SegmentedRaftLogWorker.java:execute(569)) - 208f2d0e-9df1-4c51-a4e7-c27d855217c8-SegmentedRaftLogWorker:Storage Directory /workdir/hadoop-ozone/integration-test/target/test-dir/MiniOzoneClusterImpl-17c14715-311f-4e0b-8c69-0ee14c49d74d/datanode-1/data/ratis/a6e59073-c99e-481d-ad8f-b92d43aef28b: created new log segment /workdir/hadoop-ozone/integration-test/target/test-dir/MiniOzoneClusterImpl-17c14715-311f-4e0b-8c69-0ee14c49d74d/datanode-1/data/ratis/a6e59073-c99e-481d-ad8f-b92d43aef28b/current/log_inprogress_0
2019-08-20 18:34:27,161 [grpc-default-executor-4] WARN  server.GrpcLogAppender (LogUtils.java:warn(134)) - 208f2d0e-9df1-4c51-a4e7-c27d855217c8->1302226f-fb4b-4090-a63b-e19082dd7f8c: Failed appendEntries: org.apache.ratis.thirdparty.io.grpc.StatusRuntimeException: UNAVAILABLE: io exception
2019-08-20 18:34:27,183 [grpc-default-executor-4] INFO  impl.FollowerInfo (FollowerInfo.java:lambda$new$0(50)) - 208f2d0e-9df1-4c51-a4e7-c27d855217c8->1302226f-fb4b-4090-a63b-e19082dd7f8c: nextIndex: updateUnconditionally 1 -> 0
2019-08-20 18:34:27,207 [b097e9c8-72ce-4bfa-99ed-e41898e4335b-SegmentedRaftLogWorker:Storage Directory /workdir/hadoop-ozone/integration-test/target/test-dir/MiniOzoneClusterImpl-17c14715-311f-4e0b-8c69-0ee14c49d74d/datanode-2/data/ratis/a6e59073-c99e-481d-ad8f-b92d43aef28b] INFO  segmented.SegmentedRaftLogWorker (SegmentedRaftLogWorker.java:execute(569)) - b097e9c8-72ce-4bfa-99ed-e41898e4335b-SegmentedRaftLogWorker:Storage Directory /workdir/hadoop-ozone/integration-test/target/test-dir/MiniOzoneClusterImpl-17c14715-311f-4e0b-8c69-0ee14c49d74d/datanode-2/data/ratis/a6e59073-c99e-481d-ad8f-b92d43aef28b: created new log segment /workdir/hadoop-ozone/integration-test/target/test-dir/MiniOzoneClusterImpl-17c14715-311f-4e0b-8c69-0ee14c49d74d/datanode-2/data/ratis/a6e59073-c99e-481d-ad8f-b92d43aef28b/current/log_inprogress_0
2019-08-20 18:34:27,667 | INFO  | SCMAudit | user=jenkins1000 | ip=192.168.5.168 | op=SEND_HEARTBEAT {datanodeUUID=b097e9c8-72ce-4bfa-99ed-e41898e4335b, command=[]} | ret=SUCCESS |  
2019-08-20 18:34:27,714 [Thread-334] INFO  ozoneimpl.OzoneContainer (OzoneContainer.java:stop(199)) - Attempting to stop container services.
2019-08-20 18:34:27,715 [Thread-334] INFO  impl.RaftServerProxy (RaftServerProxy.java:lambda$close$4(314)) - 208f2d0e-9df1-4c51-a4e7-c27d855217c8: close
2019-08-20 18:34:27,715 [Thread-334] INFO  impl.RaftServerImpl (RaftServerImpl.java:lambda$shutdown$3(245)) - 208f2d0e-9df1-4c51-a4e7-c27d855217c8: shutdown group-B92D43AEF28B
2019-08-20 18:34:27,716 [ForkJoinPool.commonPool-worker-0] INFO  impl.RaftServerImpl (RaftServerImpl.java:lambda$shutdown$3(245)) - 208f2d0e-9df1-4c51-a4e7-c27d855217c8: shutdown group-238710BFEF5B
2019-08-20 18:34:27,716 [Thread-334] INFO  util.JmxRegister (JmxRegister.java:unregister(73)) - Successfully un-registered JMX Bean with object name Ratis:service=RaftServer,group=group-B92D43AEF28B,id=208f2d0e-9df1-4c51-a4e7-c27d855217c8
2019-08-20 18:34:27,716 [ForkJoinPool.commonPool-worker-0] INFO  util.JmxRegister (JmxRegister.java:unregister(73)) - Successfully un-registered JMX Bean with object name Ratis:service=RaftServer,group=group-238710BFEF5B,id=208f2d0e-9df1-4c51-a4e7-c27d855217c8
2019-08-20 18:34:27,717 [Thread-334] INFO  impl.RoleInfo (RoleInfo.java:shutdownLeaderState(104)) - 208f2d0e-9df1-4c51-a4e7-c27d855217c8: shutdown LeaderState
2019-08-20 18:34:27,717 [ForkJoinPool.commonPool-worker-0] INFO  impl.RoleInfo (RoleInfo.java:shutdownLeaderState(104)) - 208f2d0e-9df1-4c51-a4e7-c27d855217c8: shutdown LeaderState
2019-08-20 18:34:27,720 [org.apache.ratis.server.impl.LogAppender$AppenderDaemon$$Lambda$404/867216818@65933062] WARN  server.GrpcLogAppender (GrpcLogAppender.java:mayWait(143)) - GrpcLogAppender(208f2d0e-9df1-4c51-a4e7-c27d855217c8->1302226f-fb4b-4090-a63b-e19082dd7f8c): Wait interrupted by java.lang.InterruptedException
2019-08-20 18:34:27,720 [org.apache.ratis.server.impl.LogAppender$AppenderDaemon$$Lambda$404/867216818@4df9705b] WARN  server.GrpcLogAppender (GrpcLogAppender.java:mayWait(143)) - GrpcLogAppender(208f2d0e-9df1-4c51-a4e7-c27d855217c8->b097e9c8-72ce-4bfa-99ed-e41898e4335b): Wait interrupted by java.lang.InterruptedException
2019-08-20 18:34:27,720 [ForkJoinPool.commonPool-worker-0] INFO  impl.PendingRequests (PendingRequests.java:sendNotLeaderResponses(202)) - 208f2d0e-9df1-4c51-a4e7-c27d855217c8-PendingRequests: sendNotLeaderResponses
2019-08-20 18:34:27,720 [Thread-334] INFO  impl.PendingRequests (PendingRequests.java:sendNotLeaderResponses(202)) - 208f2d0e-9df1-4c51-a4e7-c27d855217c8-PendingRequests: sendNotLeaderResponses
2019-08-20 18:34:27,721 [ForkJoinPool.commonPool-worker-0] INFO  impl.StateMachineUpdater (StateMachineUpdater.java:stopAndJoin(115)) - StateMachineUpdater:208f2d0e-9df1-4c51-a4e7-c27d855217c8:group-238710BFEF5B: set stopIndex = 0
2019-08-20 18:34:27,721 [Thread-334] INFO  impl.StateMachineUpdater (StateMachineUpdater.java:stopAndJoin(115)) - StateMachineUpdater:208f2d0e-9df1-4c51-a4e7-c27d855217c8:group-B92D43AEF28B: set stopIndex = 0
2019-08-20 18:34:27,721 [grpc-default-executor-4] INFO  server.GrpcServerProtocolService (GrpcServerProtocolService.java:onCompleted(104)) - b097e9c8-72ce-4bfa-99ed-e41898e4335b: appendEntries completed
2019-08-20 18:34:27,721 [ForkJoinPool.commonPool-worker-0] INFO  impl.RaftServerImpl (ServerState.java:close(394)) - 208f2d0e-9df1-4c51-a4e7-c27d855217c8:group-238710BFEF5B closes. The last applied log index is 0
2019-08-20 18:34:27,722 [Thread-334] INFO  impl.RaftServerImpl (ServerState.java:close(394)) - 208f2d0e-9df1-4c51-a4e7-c27d855217c8:group-B92D43AEF28B closes. The last applied log index is 0
2019-08-20 18:34:27,722 [208f2d0e-9df1-4c51-a4e7-c27d855217c8-SegmentedRaftLogWorker:Storage Directory /workdir/hadoop-ozone/integration-test/target/test-dir/MiniOzoneClusterImpl-17c14715-311f-4e0b-8c69-0ee14c49d74d/datanode-1/data/ratis/54ce35d5-14a6-4136-b055-238710bfef5b] INFO  segmented.SegmentedRaftLogWorker (SegmentedRaftLogWorker.java:run(313)) - 208f2d0e-9df1-4c51-a4e7-c27d855217c8-SegmentedRaftLogWorker:Storage Directory /workdir/hadoop-ozone/integration-test/target/test-dir/MiniOzoneClusterImpl-17c14715-311f-4e0b-8c69-0ee14c49d74d/datanode-1/data/ratis/54ce35d5-14a6-4136-b055-238710bfef5b was interrupted, exiting. There are 0 tasks remaining in the queue.
2019-08-20 18:34:27,724 [208f2d0e-9df1-4c51-a4e7-c27d855217c8-SegmentedRaftLogWorker:Storage Directory /workdir/hadoop-ozone/integration-test/target/test-dir/MiniOzoneClusterImpl-17c14715-311f-4e0b-8c69-0ee14c49d74d/datanode-1/data/ratis/a6e59073-c99e-481d-ad8f-b92d43aef28b] INFO  segmented.SegmentedRaftLogWorker (SegmentedRaftLogWorker.java:run(313)) - 208f2d0e-9df1-4c51-a4e7-c27d855217c8-SegmentedRaftLogWorker:Storage Directory /workdir/hadoop-ozone/integration-test/target/test-dir/MiniOzoneClusterImpl-17c14715-311f-4e0b-8c69-0ee14c49d74d/datanode-1/data/ratis/a6e59073-c99e-481d-ad8f-b92d43aef28b was interrupted, exiting. There are 0 tasks remaining in the queue.
2019-08-20 18:34:27,725 [ForkJoinPool.commonPool-worker-0] INFO  segmented.SegmentedRaftLogWorker (SegmentedRaftLogWorker.java:close(228)) - 208f2d0e-9df1-4c51-a4e7-c27d855217c8-SegmentedRaftLogWorker:Storage Directory /workdir/hadoop-ozone/integration-test/target/test-dir/MiniOzoneClusterImpl-17c14715-311f-4e0b-8c69-0ee14c49d74d/datanode-1/data/ratis/54ce35d5-14a6-4136-b055-238710bfef5b close()
2019-08-20 18:34:27,727 [Thread-334] INFO  segmented.SegmentedRaftLogWorker (SegmentedRaftLogWorker.java:close(228)) - 208f2d0e-9df1-4c51-a4e7-c27d855217c8-SegmentedRaftLogWorker:Storage Directory /workdir/hadoop-ozone/integration-test/target/test-dir/MiniOzoneClusterImpl-17c14715-311f-4e0b-8c69-0ee14c49d74d/datanode-1/data/ratis/a6e59073-c99e-481d-ad8f-b92d43aef28b close()
2019-08-20 18:34:27,725 [grpc-default-executor-4] INFO  server.GrpcLogAppender (GrpcLogAppender.java:onCompleted(292)) - 208f2d0e-9df1-4c51-a4e7-c27d855217c8->b097e9c8-72ce-4bfa-99ed-e41898e4335b: follower responses appendEntries COMPLETED
2019-08-20 18:34:27,733 [Thread-334] INFO  server.GrpcService (GrpcService.java:closeImpl(155)) - 208f2d0e-9df1-4c51-a4e7-c27d855217c8: shutdown server with port 35300 now
2019-08-20 18:34:27,735 [grpc-default-executor-4] INFO  impl.FollowerInfo (FollowerInfo.java:lambda$new$0(50)) - 208f2d0e-9df1-4c51-a4e7-c27d855217c8->b097e9c8-72ce-4bfa-99ed-e41898e4335b: nextIndex: updateUnconditionally 1 -> 0
2019-08-20 18:34:27,736 [Thread-334] INFO  server.GrpcService (GrpcService.java:closeImpl(163)) - 208f2d0e-9df1-4c51-a4e7-c27d855217c8: shutdown server with port 35300 successfully
2019-08-20 18:34:27,738 [Thread-334] INFO  utils.BackgroundService (BackgroundService.java:shutdown(148)) - Shutting down service BlockDeletingService
2019-08-20 18:34:27,740 [refreshUsed-/workdir/hadoop-ozone/integration-test/target/test-dir/MiniOzoneClusterImpl-17c14715-311f-4e0b-8c69-0ee14c49d74d/datanode-1/data/containers] WARN  fs.CachingGetSpaceUsed (CachingGetSpaceUsed.java:run(183)) - Thread Interrupted waiting to refresh disk information: sleep interrupted
2019-08-20 18:34:27,761 [Thread-334] INFO  statemachine.DatanodeStateMachine (DatanodeStateMachine.java:stopDaemon(395)) - Ozone container server stopped.
2019-08-20 18:34:27,763 [Thread-334] INFO  handler.ContextHandler (ContextHandler.java:doStop(910)) - Stopped o.e.j.w.WebAppContext@3a6360b6{/,null,UNAVAILABLE}{/hddsDatanode}
2019-08-20 18:34:27,763 [Thread-334] INFO  server.AbstractConnector (AbstractConnector.java:doStop(318)) - Stopped ServerConnector@505eb958{HTTP/1.1,[http/1.1]}{0.0.0.0:0}
2019-08-20 18:34:27,764 [Thread-334] INFO  handler.ContextHandler (ContextHandler.java:doStop(910)) - Stopped o.e.j.s.ServletContextHandler@e009180{/static,jar:file:/home/user/.m2/repository/org/apache/hadoop/hadoop-hdds-container-service/0.5.0-SNAPSHOT/hadoop-hdds-container-service-0.5.0-SNAPSHOT.jar!/webapps/static,UNAVAILABLE}
2019-08-20 18:34:27,764 [Thread-334] INFO  handler.ContextHandler (ContextHandler.java:doStop(910)) - Stopped o.e.j.s.ServletContextHandler@5676db94{/logs,file:///workdir/hadoop-ozone/integration-test/target/log,UNAVAILABLE}
2019-08-20 18:34:27,765 [Thread-334] INFO  datanode.ObjectStoreHandler (ObjectStoreHandler.java:close(155)) - Closing ObjectStoreHandler.
2019-08-20 18:34:27,767 [Thread-334] INFO  ozone.HddsDatanodeService (HddsDatanodeService.java:stop(451)) - Stopped plug-in org.apache.hadoop.ozone.web.OzoneHddsDatanodeService@3a2b1a76
2019-08-20 18:34:27,826 [EventQueue-StaleNodeForStaleNodeHandler] INFO  node.StaleNodeHandler (StaleNodeHandler.java:onMessage(58)) - Datanode 208f2d0e-9df1-4c51-a4e7-c27d855217c8{ip: 192.168.5.168, host: pr-hdds-1927-28fzr-1052167450, networkLocation: /default-rack, certSerialId: null} moved to stale state. Finalizing its pipelines [PipelineID=a6e59073-c99e-481d-ad8f-b92d43aef28b, PipelineID=54ce35d5-14a6-4136-b055-238710bfef5b]
2019-08-20 18:34:27,827 [EventQueue-StaleNodeForStaleNodeHandler] INFO  pipeline.SCMPipelineManager (SCMPipelineManager.java:finalizeAndDestroyPipeline(309)) - destroying pipeline:Pipeline[ Id: a6e59073-c99e-481d-ad8f-b92d43aef28b, Nodes: 208f2d0e-9df1-4c51-a4e7-c27d855217c8{ip: 192.168.5.168, host: pr-hdds-1927-28fzr-1052167450, networkLocation: /default-rack, certSerialId: null}b097e9c8-72ce-4bfa-99ed-e41898e4335b{ip: 192.168.5.168, host: pr-hdds-1927-28fzr-1052167450, networkLocation: /default-rack, certSerialId: null}1302226f-fb4b-4090-a63b-e19082dd7f8c{ip: 192.168.5.168, host: pr-hdds-1927-28fzr-1052167450, networkLocation: /default-rack, certSerialId: null}, Type:RATIS, Factor:THREE, State:CLOSED]
2019-08-20 18:34:27,827 [EventQueue-StaleNodeForStaleNodeHandler] INFO  pipeline.SCMPipelineManager (SCMPipelineManager.java:finalizeAndDestroyPipeline(309)) - destroying pipeline:Pipeline[ Id: 54ce35d5-14a6-4136-b055-238710bfef5b, Nodes: 208f2d0e-9df1-4c51-a4e7-c27d855217c8{ip: 192.168.5.168, host: pr-hdds-1927-28fzr-1052167450, networkLocation: /default-rack, certSerialId: null}, Type:RATIS, Factor:ONE, State:OPEN]
2019-08-20 18:34:27,827 [EventQueue-StaleNodeForStaleNodeHandler] INFO  pipeline.PipelineStateManager (PipelineStateManager.java:finalizePipeline(123)) - Pipeline Pipeline[ Id: 54ce35d5-14a6-4136-b055-238710bfef5b, Nodes: 208f2d0e-9df1-4c51-a4e7-c27d855217c8{ip: 192.168.5.168, host: pr-hdds-1927-28fzr-1052167450, networkLocation: /default-rack, certSerialId: null}, Type:RATIS, Factor:ONE, State:CLOSED] moved to CLOSED state
2019-08-20 18:34:28,666 [Datanode State Machine Thread - 0] INFO  statemachine.DatanodeStateMachine (DatanodeStateMachine.java:lambda$startDaemon$0(350)) - Ozone container server started.
2019-08-20 18:34:32,768 [Thread-334] INFO  ozoneimpl.OzoneContainer (OzoneContainer.java:stop(199)) - Attempting to stop container services.
2019-08-20 18:34:32,768 [Thread-334] INFO  impl.RaftServerProxy (RaftServerProxy.java:lambda$close$4(314)) - b097e9c8-72ce-4bfa-99ed-e41898e4335b: close
2019-08-20 18:34:32,769 [Thread-334] INFO  impl.RaftServerImpl (RaftServerImpl.java:lambda$shutdown$3(245)) - b097e9c8-72ce-4bfa-99ed-e41898e4335b: shutdown group-B92D43AEF28B
2019-08-20 18:34:32,769 [ForkJoinPool.commonPool-worker-1] INFO  impl.RaftServerImpl (RaftServerImpl.java:lambda$shutdown$3(245)) - b097e9c8-72ce-4bfa-99ed-e41898e4335b: shutdown group-2D0B3254AD72
2019-08-20 18:34:32,769 [Thread-334] INFO  util.JmxRegister (JmxRegister.java:unregister(73)) - Successfully un-registered JMX Bean with object name Ratis:service=RaftServer,group=group-B92D43AEF28B,id=b097e9c8-72ce-4bfa-99ed-e41898e4335b
2019-08-20 18:34:32,770 [ForkJoinPool.commonPool-worker-1] INFO  util.JmxRegister (JmxRegister.java:unregister(73)) - Successfully un-registered JMX Bean with object name Ratis:service=RaftServer,group=group-2D0B3254AD72,id=b097e9c8-72ce-4bfa-99ed-e41898e4335b
2019-08-20 18:34:32,770 [Thread-334] INFO  impl.RoleInfo (RoleInfo.java:shutdownFollowerState(121)) - b097e9c8-72ce-4bfa-99ed-e41898e4335b: shutdown FollowerState
2019-08-20 18:34:32,770 [ForkJoinPool.commonPool-worker-1] INFO  impl.RoleInfo (RoleInfo.java:shutdownLeaderState(104)) - b097e9c8-72ce-4bfa-99ed-e41898e4335b: shutdown LeaderState
2019-08-20 18:34:32,770 [Thread-548] INFO  impl.FollowerState (FollowerState.java:run(114)) - b097e9c8-72ce-4bfa-99ed-e41898e4335b: FollowerState was interrupted: java.lang.InterruptedException: sleep interrupted
2019-08-20 18:34:32,770 [Thread-334] INFO  impl.StateMachineUpdater (StateMachineUpdater.java:stopAndJoin(115)) - StateMachineUpdater:b097e9c8-72ce-4bfa-99ed-e41898e4335b:group-B92D43AEF28B: set stopIndex = -1
2019-08-20 18:34:32,772 [Thread-334] INFO  impl.RaftServerImpl (ServerState.java:close(394)) - b097e9c8-72ce-4bfa-99ed-e41898e4335b:group-B92D43AEF28B closes. The last applied log index is -1
2019-08-20 18:34:32,771 [ForkJoinPool.commonPool-worker-1] INFO  impl.PendingRequests (PendingRequests.java:sendNotLeaderResponses(202)) - b097e9c8-72ce-4bfa-99ed-e41898e4335b-PendingRequests: sendNotLeaderResponses
2019-08-20 18:34:32,773 [b097e9c8-72ce-4bfa-99ed-e41898e4335b-SegmentedRaftLogWorker:Storage Directory /workdir/hadoop-ozone/integration-test/target/test-dir/MiniOzoneClusterImpl-17c14715-311f-4e0b-8c69-0ee14c49d74d/datanode-2/data/ratis/a6e59073-c99e-481d-ad8f-b92d43aef28b] INFO  segmented.SegmentedRaftLogWorker (SegmentedRaftLogWorker.java:run(313)) - b097e9c8-72ce-4bfa-99ed-e41898e4335b-SegmentedRaftLogWorker:Storage Directory /workdir/hadoop-ozone/integration-test/target/test-dir/MiniOzoneClusterImpl-17c14715-311f-4e0b-8c69-0ee14c49d74d/datanode-2/data/ratis/a6e59073-c99e-481d-ad8f-b92d43aef28b was interrupted, exiting. There are 0 tasks remaining in the queue.
2019-08-20 18:34:32,773 [ForkJoinPool.commonPool-worker-1] INFO  impl.StateMachineUpdater (StateMachineUpdater.java:stopAndJoin(115)) - StateMachineUpdater:b097e9c8-72ce-4bfa-99ed-e41898e4335b:group-2D0B3254AD72: set stopIndex = 0
2019-08-20 18:34:32,774 [ForkJoinPool.commonPool-worker-1] INFO  impl.RaftServerImpl (ServerState.java:close(394)) - b097e9c8-72ce-4bfa-99ed-e41898e4335b:group-2D0B3254AD72 closes. The last applied log index is 0
2019-08-20 18:34:32,774 [Thread-334] INFO  segmented.SegmentedRaftLogWorker (SegmentedRaftLogWorker.java:close(228)) - b097e9c8-72ce-4bfa-99ed-e41898e4335b-SegmentedRaftLogWorker:Storage Directory /workdir/hadoop-ozone/integration-test/target/test-dir/MiniOzoneClusterImpl-17c14715-311f-4e0b-8c69-0ee14c49d74d/datanode-2/data/ratis/a6e59073-c99e-481d-ad8f-b92d43aef28b close()
2019-08-20 18:34:32,775 [b097e9c8-72ce-4bfa-99ed-e41898e4335b-SegmentedRaftLogWorker:Storage Directory /workdir/hadoop-ozone/integration-test/target/test-dir/MiniOzoneClusterImpl-17c14715-311f-4e0b-8c69-0ee14c49d74d/datanode-2/data/ratis/e83f7d46-6215-4d89-a174-2d0b3254ad72] INFO  segmented.SegmentedRaftLogWorker (SegmentedRaftLogWorker.java:run(313)) - b097e9c8-72ce-4bfa-99ed-e41898e4335b-SegmentedRaftLogWorker:Storage Directory /workdir/hadoop-ozone/integration-test/target/test-dir/MiniOzoneClusterImpl-17c14715-311f-4e0b-8c69-0ee14c49d74d/datanode-2/data/ratis/e83f7d46-6215-4d89-a174-2d0b3254ad72 was interrupted, exiting. There are 0 tasks remaining in the queue.
2019-08-20 18:34:32,777 [ForkJoinPool.commonPool-worker-1] INFO  segmented.SegmentedRaftLogWorker (SegmentedRaftLogWorker.java:close(228)) - b097e9c8-72ce-4bfa-99ed-e41898e4335b-SegmentedRaftLogWorker:Storage Directory /workdir/hadoop-ozone/integration-test/target/test-dir/MiniOzoneClusterImpl-17c14715-311f-4e0b-8c69-0ee14c49d74d/datanode-2/data/ratis/e83f7d46-6215-4d89-a174-2d0b3254ad72 close()
2019-08-20 18:34:32,778 [Thread-334] INFO  server.GrpcService (GrpcService.java:closeImpl(155)) - b097e9c8-72ce-4bfa-99ed-e41898e4335b: shutdown server with port 41312 now
2019-08-20 18:34:32,780 [Thread-334] INFO  server.GrpcService (GrpcService.java:closeImpl(163)) - b097e9c8-72ce-4bfa-99ed-e41898e4335b: shutdown server with port 41312 successfully
2019-08-20 18:34:32,782 [Thread-334] INFO  utils.BackgroundService (BackgroundService.java:shutdown(148)) - Shutting down service BlockDeletingService
2019-08-20 18:34:32,784 [refreshUsed-/workdir/hadoop-ozone/integration-test/target/test-dir/MiniOzoneClusterImpl-17c14715-311f-4e0b-8c69-0ee14c49d74d/datanode-2/data/containers] WARN  fs.CachingGetSpaceUsed (CachingGetSpaceUsed.java:run(183)) - Thread Interrupted waiting to refresh disk information: sleep interrupted
2019-08-20 18:34:32,804 [Thread-334] INFO  statemachine.DatanodeStateMachine (DatanodeStateMachine.java:stopDaemon(395)) - Ozone container server stopped.
2019-08-20 18:34:32,806 [Thread-334] INFO  handler.ContextHandler (ContextHandler.java:doStop(910)) - Stopped o.e.j.w.WebAppContext@1676c6e6{/,null,UNAVAILABLE}{/hddsDatanode}
2019-08-20 18:34:32,807 [Thread-334] INFO  server.AbstractConnector (AbstractConnector.java:doStop(318)) - Stopped ServerConnector@5bf4a6d0{HTTP/1.1,[http/1.1]}{0.0.0.0:0}
2019-08-20 18:34:32,807 [Thread-334] INFO  handler.ContextHandler (ContextHandler.java:doStop(910)) - Stopped o.e.j.s.ServletContextHandler@57844cda{/static,jar:file:/home/user/.m2/repository/org/apache/hadoop/hadoop-hdds-container-service/0.5.0-SNAPSHOT/hadoop-hdds-container-service-0.5.0-SNAPSHOT.jar!/webapps/static,UNAVAILABLE}
2019-08-20 18:34:32,808 [Thread-334] INFO  handler.ContextHandler (ContextHandler.java:doStop(910)) - Stopped o.e.j.s.ServletContextHandler@1bf25574{/logs,file:///workdir/hadoop-ozone/integration-test/target/log,UNAVAILABLE}
2019-08-20 18:34:32,812 [Thread-334] INFO  impl.MetricsSystemImpl (MetricsSystemImpl.java:init(158)) - HddsDatanode metrics system started (again)
2019-08-20 18:34:32,828 [EventQueue-StaleNodeForStaleNodeHandler] INFO  node.StaleNodeHandler (StaleNodeHandler.java:onMessage(58)) - Datanode b097e9c8-72ce-4bfa-99ed-e41898e4335b{ip: 192.168.5.168, host: pr-hdds-1927-28fzr-1052167450, networkLocation: /default-rack, certSerialId: null} moved to stale state. Finalizing its pipelines [PipelineID=a6e59073-c99e-481d-ad8f-b92d43aef28b, PipelineID=e83f7d46-6215-4d89-a174-2d0b3254ad72]
2019-08-20 18:34:32,828 [EventQueue-StaleNodeForStaleNodeHandler] INFO  pipeline.SCMPipelineManager (SCMPipelineManager.java:finalizeAndDestroyPipeline(309)) - destroying pipeline:Pipeline[ Id: a6e59073-c99e-481d-ad8f-b92d43aef28b, Nodes: 208f2d0e-9df1-4c51-a4e7-c27d855217c8{ip: 192.168.5.168, host: pr-hdds-1927-28fzr-1052167450, networkLocation: /default-rack, certSerialId: null}b097e9c8-72ce-4bfa-99ed-e41898e4335b{ip: 192.168.5.168, host: pr-hdds-1927-28fzr-1052167450, networkLocation: /default-rack, certSerialId: null}1302226f-fb4b-4090-a63b-e19082dd7f8c{ip: 192.168.5.168, host: pr-hdds-1927-28fzr-1052167450, networkLocation: /default-rack, certSerialId: null}, Type:RATIS, Factor:THREE, State:CLOSED]
2019-08-20 18:34:32,829 [EventQueue-StaleNodeForStaleNodeHandler] INFO  pipeline.SCMPipelineManager (SCMPipelineManager.java:finalizeAndDestroyPipeline(309)) - destroying pipeline:Pipeline[ Id: e83f7d46-6215-4d89-a174-2d0b3254ad72, Nodes: b097e9c8-72ce-4bfa-99ed-e41898e4335b{ip: 192.168.5.168, host: pr-hdds-1927-28fzr-1052167450, networkLocation: /default-rack, certSerialId: null}, Type:RATIS, Factor:ONE, State:OPEN]
2019-08-20 18:34:32,829 [EventQueue-StaleNodeForStaleNodeHandler] INFO  pipeline.PipelineStateManager (PipelineStateManager.java:finalizePipeline(123)) - Pipeline Pipeline[ Id: e83f7d46-6215-4d89-a174-2d0b3254ad72, Nodes: b097e9c8-72ce-4bfa-99ed-e41898e4335b{ip: 192.168.5.168, host: pr-hdds-1927-28fzr-1052167450, networkLocation: /default-rack, certSerialId: null}, Type:RATIS, Factor:ONE, State:CLOSED] moved to CLOSED state
2019-08-20 18:34:32,861 [Thread-334] INFO  ozone.HddsDatanodeService (HddsDatanodeService.java:start(184)) - HddsDatanodeService host:pr-hdds-1927-28fzr-1052167450 ip:192.168.5.168
2019-08-20 18:34:32,865 [Thread-334] INFO  volume.VolumeUsage (VolumeUsage.java:loadScmUsed(144)) - Cached ScmUsed found for /workdir/hadoop-ozone/integration-test/target/test-dir/MiniOzoneClusterImpl-17c14715-311f-4e0b-8c69-0ee14c49d74d/datanode-0/data/containers : 4096 
2019-08-20 18:34:32,865 [Thread-334] INFO  volume.HddsVolume (HddsVolume.java:<init>(176)) - Creating Volume: /workdir/hadoop-ozone/integration-test/target/test-dir/MiniOzoneClusterImpl-17c14715-311f-4e0b-8c69-0ee14c49d74d/datanode-0/data/containers/hdds of  storage type : DISK and capacity : 1482555576320
2019-08-20 18:34:32,866 [Thread-334] INFO  volume.VolumeSet (VolumeSet.java:initializeVolumeSet(170)) - Added Volume : /workdir/hadoop-ozone/integration-test/target/test-dir/MiniOzoneClusterImpl-17c14715-311f-4e0b-8c69-0ee14c49d74d/datanode-0/data/containers/hdds to VolumeSet
2019-08-20 18:34:32,866 [Thread-334] INFO  volume.ThrottledAsyncChecker (ThrottledAsyncChecker.java:schedule(140)) - Scheduling a check for org.apache.hadoop.ozone.container.common.volume.HddsVolume@3cec43ea
2019-08-20 18:34:32,867 [Thread-334] INFO  volume.HddsVolumeChecker (HddsVolumeChecker.java:checkAllVolumes(203)) - Scheduled health check for volume org.apache.hadoop.ozone.container.common.volume.HddsVolume@3cec43ea
2019-08-20 18:34:32,886 [Thread-334] INFO  impl.RaftServerProxy (ConfUtils.java:logGet(43)) - raft.rpc.type = GRPC (default)
2019-08-20 18:34:32,886 [Thread-334] INFO  grpc.GrpcFactory (GrpcFactory.java:checkPooledByteBufAllocatorUseCacheForAllThreads(45)) - PERFORMANCE WARNING: useCacheForAllThreads is true that may cause Netty to create a lot garbage objects and, as a result, trigger GC.
	It is recommended to disable useCacheForAllThreads by setting -Dorg.apache.ratis.thirdparty.io.netty.allocator.useCacheForAllThreads=false in command line.
2019-08-20 18:34:32,886 [Thread-334] INFO  grpc.GrpcConfigKeys$Server (ConfUtils.java:logGet(43)) - raft.grpc.server.port = 40142 (custom)
2019-08-20 18:34:32,886 [Thread-334] INFO  server.GrpcService (ConfUtils.java:logGet(43)) - raft.grpc.message.size.max = 33570816 (custom)
2019-08-20 18:34:32,886 [Thread-334] INFO  server.RaftServerConfigKeys (ConfUtils.java:logGet(43)) - raft.server.log.appender.buffer.byte-limit = 33554432 (custom)
2019-08-20 18:34:32,887 [Thread-334] INFO  server.GrpcService (ConfUtils.java:logGet(43)) - raft.grpc.flow.control.window = 1MB (=1048576) (default)
2019-08-20 18:34:32,887 [Thread-334] INFO  server.RaftServerConfigKeys (ConfUtils.java:logGet(43)) - raft.server.rpc.request.timeout = 3000ms (default)
2019-08-20 18:34:32,887 [Thread-334] INFO  server.RaftServerConfigKeys (ConfUtils.java:logGet(43)) - raft.server.storage.dir = [/workdir/hadoop-ozone/integration-test/target/test-dir/MiniOzoneClusterImpl-17c14715-311f-4e0b-8c69-0ee14c49d74d/datanode-0/data/ratis] (custom)
2019-08-20 18:34:32,888 [Thread-334] INFO  impl.RaftServerProxy (RaftServerProxy.java:lambda$null$0(191)) - 1302226f-fb4b-4090-a63b-e19082dd7f8c: found a subdirectory /workdir/hadoop-ozone/integration-test/target/test-dir/MiniOzoneClusterImpl-17c14715-311f-4e0b-8c69-0ee14c49d74d/datanode-0/data/ratis/a6e59073-c99e-481d-ad8f-b92d43aef28b
2019-08-20 18:34:32,889 [Thread-334] INFO  impl.RaftServerProxy (RaftServerProxy.java:addNew(89)) - 1302226f-fb4b-4090-a63b-e19082dd7f8c: addNew group-B92D43AEF28B:[] returns group-B92D43AEF28B:java.util.concurrent.CompletableFuture@1e6e975f[Not completed]
2019-08-20 18:34:32,889 [Thread-334] INFO  impl.RaftServerProxy (RaftServerProxy.java:lambda$null$0(191)) - 1302226f-fb4b-4090-a63b-e19082dd7f8c: found a subdirectory /workdir/hadoop-ozone/integration-test/target/test-dir/MiniOzoneClusterImpl-17c14715-311f-4e0b-8c69-0ee14c49d74d/datanode-0/data/ratis/141c551d-cb15-4eb6-8807-ee44822ceb44
2019-08-20 18:34:32,889 [Thread-334] INFO  impl.RaftServerProxy (RaftServerProxy.java:addNew(89)) - 1302226f-fb4b-4090-a63b-e19082dd7f8c: addNew group-EE44822CEB44:[] returns group-EE44822CEB44:java.util.concurrent.CompletableFuture@bb519be[Not completed]
2019-08-20 18:34:32,890 [Thread-334] INFO  replication.SimpleContainerDownloader (SimpleContainerDownloader.java:<init>(72)) - Starting container downloader service to copy containers to replicate.
2019-08-20 18:34:32,892 [Thread-334] INFO  hdfs.DFSUtil (DFSUtil.java:httpServerTemplateForNNAndJN(1641)) - Starting Web-server for hddsDatanode at: http://0.0.0.0:42294
2019-08-20 18:34:32,892 [pool-148-thread-1] INFO  impl.RaftServerImpl (RaftServerImpl.java:<init>(93)) - 1302226f-fb4b-4090-a63b-e19082dd7f8c: new RaftServerImpl for group-B92D43AEF28B:[] with ContainerStateMachine:uninitialized
2019-08-20 18:34:32,893 [pool-148-thread-1] INFO  server.RaftServerConfigKeys (ConfUtils.java:logGet(43)) - raft.server.rpc.timeout.min = 5s (custom)
2019-08-20 18:34:32,893 [pool-148-thread-1] INFO  server.RaftServerConfigKeys (ConfUtils.java:logGet(43)) - raft.server.rpc.timeout.max = 5200ms (custom)
2019-08-20 18:34:32,893 [pool-148-thread-1] INFO  server.RaftServerConfigKeys (ConfUtils.java:logGet(43)) - raft.server.rpcslowness.timeout = 120s (custom)
2019-08-20 18:34:32,893 [pool-148-thread-1] INFO  server.RaftServerConfigKeys (ConfUtils.java:logGet(43)) - raft.server.sleep.deviation.threshold = 300 (default)
2019-08-20 18:34:32,894 [pool-148-thread-1] INFO  server.RaftServerConfigKeys (ConfUtils.java:logGet(43)) - raft.server.log.appender.install.snapshot.enabled = false (custom)
2019-08-20 18:34:32,894 [pool-148-thread-1] INFO  impl.RaftServerImpl (ServerState.java:<init>(105)) - 1302226f-fb4b-4090-a63b-e19082dd7f8c:group-B92D43AEF28B ConfigurationManager, init=-1: [], old=null, confs=<EMPTY_MAP>
2019-08-20 18:34:32,894 [pool-148-thread-1] INFO  server.RaftServerConfigKeys (ConfUtils.java:logGet(43)) - raft.server.storage.dir = [/workdir/hadoop-ozone/integration-test/target/test-dir/MiniOzoneClusterImpl-17c14715-311f-4e0b-8c69-0ee14c49d74d/datanode-0/data/ratis] (custom)
2019-08-20 18:34:32,895 [Thread-334] INFO  server.AuthenticationFilter (AuthenticationFilter.java:constructSecretProvider(240)) - Unable to initialize FileSignerSecretProvider, falling back to use random secrets.
2019-08-20 18:34:32,895 [Thread-334] WARN  http.HttpRequestLog (HttpRequestLog.java:getRequestLog(97)) - Jetty request log can only be enabled using Log4j
2019-08-20 18:34:32,898 [Thread-334] INFO  http.HttpServer2 (HttpServer2.java:addGlobalFilter(975)) - Added global filter 'safety' (class=org.apache.hadoop.http.HttpServer2$QuotingInputFilter)
2019-08-20 18:34:32,899 [Thread-334] INFO  http.HttpServer2 (HttpServer2.java:addFilter(948)) - Added filter static_user_filter (class=org.apache.hadoop.http.lib.StaticUserWebFilter$StaticUserFilter) to context hddsDatanode
2019-08-20 18:34:32,899 [Thread-334] INFO  http.HttpServer2 (HttpServer2.java:addFilter(958)) - Added filter static_user_filter (class=org.apache.hadoop.http.lib.StaticUserWebFilter$StaticUserFilter) to context logs
2019-08-20 18:34:32,899 [Thread-334] INFO  http.HttpServer2 (HttpServer2.java:addFilter(958)) - Added filter static_user_filter (class=org.apache.hadoop.http.lib.StaticUserWebFilter$StaticUserFilter) to context static
2019-08-20 18:34:32,900 [Thread-334] INFO  http.HttpServer2 (HttpServer2.java:bindListener(1191)) - Jetty bound to port 42294
2019-08-20 18:34:32,900 [Thread-334] INFO  server.Server (Server.java:doStart(351)) - jetty-9.3.24.v20180605, build timestamp: 2018-06-05T17:11:56Z, git hash: 84205aa28f11a4f31f2a3b86d1bba2cc8ab69827
2019-08-20 18:34:32,903 [Thread-334] INFO  handler.ContextHandler (ContextHandler.java:doStart(781)) - Started o.e.j.s.ServletContextHandler@16435e52{/logs,file:///workdir/hadoop-ozone/integration-test/target/log,AVAILABLE}
2019-08-20 18:34:32,903 [Thread-334] INFO  handler.ContextHandler (ContextHandler.java:doStart(781)) - Started o.e.j.s.ServletContextHandler@6909a17e{/static,jar:file:/home/user/.m2/repository/org/apache/hadoop/hadoop-hdds-container-service/0.5.0-SNAPSHOT/hadoop-hdds-container-service-0.5.0-SNAPSHOT.jar!/webapps/static,AVAILABLE}
2019-08-20 18:34:32,945 [Thread-334] INFO  handler.ContextHandler (ContextHandler.java:doStart(781)) - Started o.e.j.w.WebAppContext@7a45a8f8{/,file:///tmp/jetty-0.0.0.0-42294-hddsDatanode-_-any-1531041906137617214.dir/webapp/,AVAILABLE}{/hddsDatanode}
2019-08-20 18:34:32,947 [Thread-334] INFO  server.AbstractConnector (AbstractConnector.java:doStart(278)) - Started ServerConnector@5604320b{HTTP/1.1,[http/1.1]}{0.0.0.0:42294}
2019-08-20 18:34:32,947 [Thread-334] INFO  server.Server (Server.java:doStart(419)) - Started @53919ms
2019-08-20 18:34:32,948 [Thread-334] INFO  server.BaseHttpServer (BaseHttpServer.java:updateConnectorAddress(213)) - HTTP server of HDDSDATANODE is listening at http://0.0.0.0:42294
2019-08-20 18:34:33,083 | INFO  | ObjectStoreRestHttpServer | Listening HDDS REST traffic on /0.0.0.0:34337 |  
2019-08-20 18:34:33,083 [Thread-334] INFO  ozone.HddsDatanodeService (HddsDatanodeService.java:startPlugins(395)) - Started plug-in org.apache.hadoop.ozone.web.OzoneHddsDatanodeService@63b41784
2019-08-20 18:34:33,085 [Thread-334] INFO  impl.MetricsSystemImpl (MetricsSystemImpl.java:init(158)) - HddsDatanode metrics system started (again)
2019-08-20 18:34:33,086 [org.apache.hadoop.util.JvmPauseMonitor$Monitor@6f9e6c80] INFO  util.JvmPauseMonitor (JvmPauseMonitor.java:run(188)) - Starting JVM pause monitor
2019-08-20 18:34:33,088 [Thread-334] INFO  ozone.HddsDatanodeService (HddsDatanodeService.java:start(184)) - HddsDatanodeService host:pr-hdds-1927-28fzr-1052167450 ip:192.168.5.168
2019-08-20 18:34:33,090 [Thread-334] INFO  volume.VolumeUsage (VolumeUsage.java:loadScmUsed(144)) - Cached ScmUsed found for /workdir/hadoop-ozone/integration-test/target/test-dir/MiniOzoneClusterImpl-17c14715-311f-4e0b-8c69-0ee14c49d74d/datanode-1/data/containers : 4096 
2019-08-20 18:34:33,091 [Thread-334] INFO  volume.HddsVolume (HddsVolume.java:<init>(176)) - Creating Volume: /workdir/hadoop-ozone/integration-test/target/test-dir/MiniOzoneClusterImpl-17c14715-311f-4e0b-8c69-0ee14c49d74d/datanode-1/data/containers/hdds of  storage type : DISK and capacity : 1482555576320
2019-08-20 18:34:33,091 [Thread-334] INFO  volume.VolumeSet (VolumeSet.java:initializeVolumeSet(170)) - Added Volume : /workdir/hadoop-ozone/integration-test/target/test-dir/MiniOzoneClusterImpl-17c14715-311f-4e0b-8c69-0ee14c49d74d/datanode-1/data/containers/hdds to VolumeSet
2019-08-20 18:34:33,091 [Thread-334] INFO  volume.ThrottledAsyncChecker (ThrottledAsyncChecker.java:schedule(140)) - Scheduling a check for org.apache.hadoop.ozone.container.common.volume.HddsVolume@3f3db6c2
2019-08-20 18:34:33,092 [Thread-334] INFO  volume.HddsVolumeChecker (HddsVolumeChecker.java:checkAllVolumes(203)) - Scheduled health check for volume org.apache.hadoop.ozone.container.common.volume.HddsVolume@3f3db6c2
2019-08-20 18:34:33,106 [Thread-334] INFO  impl.RaftServerProxy (ConfUtils.java:logGet(43)) - raft.rpc.type = GRPC (default)
2019-08-20 18:34:33,106 [Thread-334] INFO  grpc.GrpcFactory (GrpcFactory.java:checkPooledByteBufAllocatorUseCacheForAllThreads(45)) - PERFORMANCE WARNING: useCacheForAllThreads is true that may cause Netty to create a lot garbage objects and, as a result, trigger GC.
	It is recommended to disable useCacheForAllThreads by setting -Dorg.apache.ratis.thirdparty.io.netty.allocator.useCacheForAllThreads=false in command line.
2019-08-20 18:34:33,107 [Thread-334] INFO  grpc.GrpcConfigKeys$Server (ConfUtils.java:logGet(43)) - raft.grpc.server.port = 35300 (custom)
2019-08-20 18:34:33,107 [Thread-334] INFO  server.GrpcService (ConfUtils.java:logGet(43)) - raft.grpc.message.size.max = 33570816 (custom)
2019-08-20 18:34:33,107 [Thread-334] INFO  server.RaftServerConfigKeys (ConfUtils.java:logGet(43)) - raft.server.log.appender.buffer.byte-limit = 33554432 (custom)
2019-08-20 18:34:33,107 [Thread-334] INFO  server.GrpcService (ConfUtils.java:logGet(43)) - raft.grpc.flow.control.window = 1MB (=1048576) (default)
2019-08-20 18:34:33,107 [Thread-334] INFO  server.RaftServerConfigKeys (ConfUtils.java:logGet(43)) - raft.server.rpc.request.timeout = 3000ms (default)
2019-08-20 18:34:33,108 [Thread-334] INFO  server.RaftServerConfigKeys (ConfUtils.java:logGet(43)) - raft.server.storage.dir = [/workdir/hadoop-ozone/integration-test/target/test-dir/MiniOzoneClusterImpl-17c14715-311f-4e0b-8c69-0ee14c49d74d/datanode-1/data/ratis] (custom)
2019-08-20 18:34:33,108 [Thread-334] INFO  impl.RaftServerProxy (RaftServerProxy.java:lambda$null$0(191)) - 208f2d0e-9df1-4c51-a4e7-c27d855217c8: found a subdirectory /workdir/hadoop-ozone/integration-test/target/test-dir/MiniOzoneClusterImpl-17c14715-311f-4e0b-8c69-0ee14c49d74d/datanode-1/data/ratis/a6e59073-c99e-481d-ad8f-b92d43aef28b
2019-08-20 18:34:33,108 [Thread-334] INFO  impl.RaftServerProxy (RaftServerProxy.java:addNew(89)) - 208f2d0e-9df1-4c51-a4e7-c27d855217c8: addNew group-B92D43AEF28B:[] returns group-B92D43AEF28B:java.util.concurrent.CompletableFuture@436ca428[Not completed]
2019-08-20 18:34:33,109 [Thread-334] INFO  impl.RaftServerProxy (RaftServerProxy.java:lambda$null$0(191)) - 208f2d0e-9df1-4c51-a4e7-c27d855217c8: found a subdirectory /workdir/hadoop-ozone/integration-test/target/test-dir/MiniOzoneClusterImpl-17c14715-311f-4e0b-8c69-0ee14c49d74d/datanode-1/data/ratis/54ce35d5-14a6-4136-b055-238710bfef5b
2019-08-20 18:34:33,109 [Thread-334] INFO  impl.RaftServerProxy (RaftServerProxy.java:addNew(89)) - 208f2d0e-9df1-4c51-a4e7-c27d855217c8: addNew group-238710BFEF5B:[] returns group-238710BFEF5B:java.util.concurrent.CompletableFuture@701a728[Not completed]
2019-08-20 18:34:33,109 [Thread-334] INFO  replication.SimpleContainerDownloader (SimpleContainerDownloader.java:<init>(72)) - Starting container downloader service to copy containers to replicate.
2019-08-20 18:34:33,111 [Thread-334] INFO  hdfs.DFSUtil (DFSUtil.java:httpServerTemplateForNNAndJN(1641)) - Starting Web-server for hddsDatanode at: http://0.0.0.0:39525
2019-08-20 18:34:33,111 [pool-159-thread-1] INFO  impl.RaftServerImpl (RaftServerImpl.java:<init>(93)) - 208f2d0e-9df1-4c51-a4e7-c27d855217c8: new RaftServerImpl for group-B92D43AEF28B:[] with ContainerStateMachine:uninitialized
2019-08-20 18:34:33,112 [pool-159-thread-1] INFO  server.RaftServerConfigKeys (ConfUtils.java:logGet(43)) - raft.server.rpc.timeout.min = 5s (custom)
2019-08-20 18:34:33,113 [pool-159-thread-1] INFO  server.RaftServerConfigKeys (ConfUtils.java:logGet(43)) - raft.server.rpc.timeout.max = 5200ms (custom)
2019-08-20 18:34:33,113 [pool-159-thread-1] INFO  server.RaftServerConfigKeys (ConfUtils.java:logGet(43)) - raft.server.rpcslowness.timeout = 120s (custom)
2019-08-20 18:34:33,113 [pool-159-thread-1] INFO  server.RaftServerConfigKeys (ConfUtils.java:logGet(43)) - raft.server.sleep.deviation.threshold = 300 (default)
2019-08-20 18:34:33,113 [pool-159-thread-1] INFO  server.RaftServerConfigKeys (ConfUtils.java:logGet(43)) - raft.server.log.appender.install.snapshot.enabled = false (custom)
2019-08-20 18:34:33,113 [Thread-334] INFO  server.AuthenticationFilter (AuthenticationFilter.java:constructSecretProvider(240)) - Unable to initialize FileSignerSecretProvider, falling back to use random secrets.
2019-08-20 18:34:33,113 [pool-159-thread-1] INFO  impl.RaftServerImpl (ServerState.java:<init>(105)) - 208f2d0e-9df1-4c51-a4e7-c27d855217c8:group-B92D43AEF28B ConfigurationManager, init=-1: [], old=null, confs=<EMPTY_MAP>
2019-08-20 18:34:33,113 [pool-159-thread-1] INFO  server.RaftServerConfigKeys (ConfUtils.java:logGet(43)) - raft.server.storage.dir = [/workdir/hadoop-ozone/integration-test/target/test-dir/MiniOzoneClusterImpl-17c14715-311f-4e0b-8c69-0ee14c49d74d/datanode-1/data/ratis] (custom)
2019-08-20 18:34:33,113 [Thread-334] WARN  http.HttpRequestLog (HttpRequestLog.java:getRequestLog(97)) - Jetty request log can only be enabled using Log4j
2019-08-20 18:34:33,115 [Thread-334] INFO  http.HttpServer2 (HttpServer2.java:addGlobalFilter(975)) - Added global filter 'safety' (class=org.apache.hadoop.http.HttpServer2$QuotingInputFilter)
2019-08-20 18:34:33,115 [Thread-334] INFO  http.HttpServer2 (HttpServer2.java:addFilter(948)) - Added filter static_user_filter (class=org.apache.hadoop.http.lib.StaticUserWebFilter$StaticUserFilter) to context hddsDatanode
2019-08-20 18:34:33,115 [Thread-334] INFO  http.HttpServer2 (HttpServer2.java:addFilter(958)) - Added filter static_user_filter (class=org.apache.hadoop.http.lib.StaticUserWebFilter$StaticUserFilter) to context static
2019-08-20 18:34:33,116 [Thread-334] INFO  http.HttpServer2 (HttpServer2.java:addFilter(958)) - Added filter static_user_filter (class=org.apache.hadoop.http.lib.StaticUserWebFilter$StaticUserFilter) to context logs
2019-08-20 18:34:33,116 [Thread-334] INFO  http.HttpServer2 (HttpServer2.java:bindListener(1191)) - Jetty bound to port 39525
2019-08-20 18:34:33,116 [Thread-334] INFO  server.Server (Server.java:doStart(351)) - jetty-9.3.24.v20180605, build timestamp: 2018-06-05T17:11:56Z, git hash: 84205aa28f11a4f31f2a3b86d1bba2cc8ab69827
2019-08-20 18:34:33,118 [Thread-334] INFO  handler.ContextHandler (ContextHandler.java:doStart(781)) - Started o.e.j.s.ServletContextHandler@236c08{/logs,file:///workdir/hadoop-ozone/integration-test/target/log,AVAILABLE}
2019-08-20 18:34:33,118 [Thread-334] INFO  handler.ContextHandler (ContextHandler.java:doStart(781)) - Started o.e.j.s.ServletContextHandler@1c2771a3{/static,jar:file:/home/user/.m2/repository/org/apache/hadoop/hadoop-hdds-container-service/0.5.0-SNAPSHOT/hadoop-hdds-container-service-0.5.0-SNAPSHOT.jar!/webapps/static,AVAILABLE}
2019-08-20 18:34:33,150 [Thread-334] INFO  handler.ContextHandler (ContextHandler.java:doStart(781)) - Started o.e.j.w.WebAppContext@7b0d3790{/,file:///tmp/jetty-0.0.0.0-39525-hddsDatanode-_-any-285338119720220231.dir/webapp/,AVAILABLE}{/hddsDatanode}
2019-08-20 18:34:33,151 [Thread-334] INFO  server.AbstractConnector (AbstractConnector.java:doStart(278)) - Started ServerConnector@51e150e7{HTTP/1.1,[http/1.1]}{0.0.0.0:39525}
2019-08-20 18:34:33,152 [Thread-334] INFO  server.Server (Server.java:doStart(419)) - Started @54124ms
2019-08-20 18:34:33,153 [Thread-334] INFO  server.BaseHttpServer (BaseHttpServer.java:updateConnectorAddress(213)) - HTTP server of HDDSDATANODE is listening at http://0.0.0.0:39525
2019-08-20 18:34:33,296 | INFO  | ObjectStoreRestHttpServer | Listening HDDS REST traffic on /0.0.0.0:39642 |  
2019-08-20 18:34:33,296 [Thread-334] INFO  ozone.HddsDatanodeService (HddsDatanodeService.java:startPlugins(395)) - Started plug-in org.apache.hadoop.ozone.web.OzoneHddsDatanodeService@78c8c0
2019-08-20 18:34:33,298 [org.apache.hadoop.util.JvmPauseMonitor$Monitor@7ee222ef] INFO  util.JvmPauseMonitor (JvmPauseMonitor.java:run(188)) - Starting JVM pause monitor
2019-08-20 18:34:33,298 [Thread-334] INFO  impl.MetricsSystemImpl (MetricsSystemImpl.java:init(158)) - HddsDatanode metrics system started (again)
2019-08-20 18:34:33,303 [Thread-334] INFO  ozone.HddsDatanodeService (HddsDatanodeService.java:start(184)) - HddsDatanodeService host:pr-hdds-1927-28fzr-1052167450 ip:192.168.5.168
2019-08-20 18:34:33,305 [Thread-334] INFO  volume.VolumeUsage (VolumeUsage.java:loadScmUsed(144)) - Cached ScmUsed found for /workdir/hadoop-ozone/integration-test/target/test-dir/MiniOzoneClusterImpl-17c14715-311f-4e0b-8c69-0ee14c49d74d/datanode-2/data/containers : 4096 
2019-08-20 18:34:33,305 [Thread-334] INFO  volume.HddsVolume (HddsVolume.java:<init>(176)) - Creating Volume: /workdir/hadoop-ozone/integration-test/target/test-dir/MiniOzoneClusterImpl-17c14715-311f-4e0b-8c69-0ee14c49d74d/datanode-2/data/containers/hdds of  storage type : DISK and capacity : 1482555576320
2019-08-20 18:34:33,306 [Thread-334] INFO  volume.VolumeSet (VolumeSet.java:initializeVolumeSet(170)) - Added Volume : /workdir/hadoop-ozone/integration-test/target/test-dir/MiniOzoneClusterImpl-17c14715-311f-4e0b-8c69-0ee14c49d74d/datanode-2/data/containers/hdds to VolumeSet
2019-08-20 18:34:33,306 [Thread-334] INFO  volume.ThrottledAsyncChecker (ThrottledAsyncChecker.java:schedule(140)) - Scheduling a check for org.apache.hadoop.ozone.container.common.volume.HddsVolume@10896a10
2019-08-20 18:34:33,306 [Thread-334] INFO  volume.HddsVolumeChecker (HddsVolumeChecker.java:checkAllVolumes(203)) - Scheduled health check for volume org.apache.hadoop.ozone.container.common.volume.HddsVolume@10896a10
2019-08-20 18:34:33,322 [Thread-334] INFO  impl.RaftServerProxy (ConfUtils.java:logGet(43)) - raft.rpc.type = GRPC (default)
2019-08-20 18:34:33,323 [Thread-334] INFO  grpc.GrpcFactory (GrpcFactory.java:checkPooledByteBufAllocatorUseCacheForAllThreads(45)) - PERFORMANCE WARNING: useCacheForAllThreads is true that may cause Netty to create a lot garbage objects and, as a result, trigger GC.
	It is recommended to disable useCacheForAllThreads by setting -Dorg.apache.ratis.thirdparty.io.netty.allocator.useCacheForAllThreads=false in command line.
2019-08-20 18:34:33,323 [Thread-334] INFO  grpc.GrpcConfigKeys$Server (ConfUtils.java:logGet(43)) - raft.grpc.server.port = 41312 (custom)
2019-08-20 18:34:33,323 [Thread-334] INFO  server.GrpcService (ConfUtils.java:logGet(43)) - raft.grpc.message.size.max = 33570816 (custom)
2019-08-20 18:34:33,323 [Thread-334] INFO  server.RaftServerConfigKeys (ConfUtils.java:logGet(43)) - raft.server.log.appender.buffer.byte-limit = 33554432 (custom)
2019-08-20 18:34:33,323 [Thread-334] INFO  server.GrpcService (ConfUtils.java:logGet(43)) - raft.grpc.flow.control.window = 1MB (=1048576) (default)
2019-08-20 18:34:33,324 [Thread-334] INFO  server.RaftServerConfigKeys (ConfUtils.java:logGet(43)) - raft.server.rpc.request.timeout = 3000ms (default)
2019-08-20 18:34:33,324 [Thread-334] INFO  server.RaftServerConfigKeys (ConfUtils.java:logGet(43)) - raft.server.storage.dir = [/workdir/hadoop-ozone/integration-test/target/test-dir/MiniOzoneClusterImpl-17c14715-311f-4e0b-8c69-0ee14c49d74d/datanode-2/data/ratis] (custom)
2019-08-20 18:34:33,324 [Thread-334] INFO  impl.RaftServerProxy (RaftServerProxy.java:lambda$null$0(191)) - b097e9c8-72ce-4bfa-99ed-e41898e4335b: found a subdirectory /workdir/hadoop-ozone/integration-test/target/test-dir/MiniOzoneClusterImpl-17c14715-311f-4e0b-8c69-0ee14c49d74d/datanode-2/data/ratis/e83f7d46-6215-4d89-a174-2d0b3254ad72
2019-08-20 18:34:33,325 [Thread-334] INFO  impl.RaftServerProxy (RaftServerProxy.java:addNew(89)) - b097e9c8-72ce-4bfa-99ed-e41898e4335b: addNew group-2D0B3254AD72:[] returns group-2D0B3254AD72:java.util.concurrent.CompletableFuture@101f9ce0[Not completed]
2019-08-20 18:34:33,325 [Thread-334] INFO  impl.RaftServerProxy (RaftServerProxy.java:lambda$null$0(191)) - b097e9c8-72ce-4bfa-99ed-e41898e4335b: found a subdirectory /workdir/hadoop-ozone/integration-test/target/test-dir/MiniOzoneClusterImpl-17c14715-311f-4e0b-8c69-0ee14c49d74d/datanode-2/data/ratis/a6e59073-c99e-481d-ad8f-b92d43aef28b
2019-08-20 18:34:33,325 [Thread-334] INFO  impl.RaftServerProxy (RaftServerProxy.java:addNew(89)) - b097e9c8-72ce-4bfa-99ed-e41898e4335b: addNew group-B92D43AEF28B:[] returns group-B92D43AEF28B:java.util.concurrent.CompletableFuture@65cfb86[Not completed]
2019-08-20 18:34:33,326 [Thread-334] INFO  replication.SimpleContainerDownloader (SimpleContainerDownloader.java:<init>(72)) - Starting container downloader service to copy containers to replicate.
2019-08-20 18:34:33,328 [Thread-334] INFO  hdfs.DFSUtil (DFSUtil.java:httpServerTemplateForNNAndJN(1641)) - Starting Web-server for hddsDatanode at: http://0.0.0.0:46786
2019-08-20 18:34:33,328 [pool-170-thread-1] INFO  impl.RaftServerImpl (RaftServerImpl.java:<init>(93)) - b097e9c8-72ce-4bfa-99ed-e41898e4335b: new RaftServerImpl for group-2D0B3254AD72:[] with ContainerStateMachine:uninitialized
2019-08-20 18:34:33,331 [pool-170-thread-1] INFO  server.RaftServerConfigKeys (ConfUtils.java:logGet(43)) - raft.server.rpc.timeout.min = 5s (custom)
2019-08-20 18:34:33,331 [pool-170-thread-1] INFO  server.RaftServerConfigKeys (ConfUtils.java:logGet(43)) - raft.server.rpc.timeout.max = 5200ms (custom)
2019-08-20 18:34:33,332 [pool-170-thread-1] INFO  server.RaftServerConfigKeys (ConfUtils.java:logGet(43)) - raft.server.rpcslowness.timeout = 120s (custom)
2019-08-20 18:34:33,332 [pool-170-thread-1] INFO  server.RaftServerConfigKeys (ConfUtils.java:logGet(43)) - raft.server.sleep.deviation.threshold = 300 (default)
2019-08-20 18:34:33,332 [pool-170-thread-1] INFO  server.RaftServerConfigKeys (ConfUtils.java:logGet(43)) - raft.server.log.appender.install.snapshot.enabled = false (custom)
2019-08-20 18:34:33,332 [pool-170-thread-1] INFO  impl.RaftServerImpl (ServerState.java:<init>(105)) - b097e9c8-72ce-4bfa-99ed-e41898e4335b:group-2D0B3254AD72 ConfigurationManager, init=-1: [], old=null, confs=<EMPTY_MAP>
2019-08-20 18:34:33,332 [pool-170-thread-1] INFO  server.RaftServerConfigKeys (ConfUtils.java:logGet(43)) - raft.server.storage.dir = [/workdir/hadoop-ozone/integration-test/target/test-dir/MiniOzoneClusterImpl-17c14715-311f-4e0b-8c69-0ee14c49d74d/datanode-2/data/ratis] (custom)
2019-08-20 18:34:33,333 [Thread-334] INFO  server.AuthenticationFilter (AuthenticationFilter.java:constructSecretProvider(240)) - Unable to initialize FileSignerSecretProvider, falling back to use random secrets.
2019-08-20 18:34:33,334 [Thread-334] WARN  http.HttpRequestLog (HttpRequestLog.java:getRequestLog(97)) - Jetty request log can only be enabled using Log4j
2019-08-20 18:34:33,336 [Thread-334] INFO  http.HttpServer2 (HttpServer2.java:addGlobalFilter(975)) - Added global filter 'safety' (class=org.apache.hadoop.http.HttpServer2$QuotingInputFilter)
2019-08-20 18:34:33,337 [Thread-334] INFO  http.HttpServer2 (HttpServer2.java:addFilter(948)) - Added filter static_user_filter (class=org.apache.hadoop.http.lib.StaticUserWebFilter$StaticUserFilter) to context hddsDatanode
2019-08-20 18:34:33,337 [Thread-334] INFO  http.HttpServer2 (HttpServer2.java:addFilter(958)) - Added filter static_user_filter (class=org.apache.hadoop.http.lib.StaticUserWebFilter$StaticUserFilter) to context static
2019-08-20 18:34:33,337 [Thread-334] INFO  http.HttpServer2 (HttpServer2.java:addFilter(958)) - Added filter static_user_filter (class=org.apache.hadoop.http.lib.StaticUserWebFilter$StaticUserFilter) to context logs
2019-08-20 18:34:33,338 [Thread-334] INFO  http.HttpServer2 (HttpServer2.java:bindListener(1191)) - Jetty bound to port 46786
2019-08-20 18:34:33,338 [Thread-334] INFO  server.Server (Server.java:doStart(351)) - jetty-9.3.24.v20180605, build timestamp: 2018-06-05T17:11:56Z, git hash: 84205aa28f11a4f31f2a3b86d1bba2cc8ab69827
2019-08-20 18:34:33,341 [Thread-334] INFO  handler.ContextHandler (ContextHandler.java:doStart(781)) - Started o.e.j.s.ServletContextHandler@6d58d0b1{/logs,file:///workdir/hadoop-ozone/integration-test/target/log,AVAILABLE}
2019-08-20 18:34:33,342 [Thread-334] INFO  handler.ContextHandler (ContextHandler.java:doStart(781)) - Started o.e.j.s.ServletContextHandler@3782a064{/static,jar:file:/home/user/.m2/repository/org/apache/hadoop/hadoop-hdds-container-service/0.5.0-SNAPSHOT/hadoop-hdds-container-service-0.5.0-SNAPSHOT.jar!/webapps/static,AVAILABLE}
2019-08-20 18:34:33,390 [Thread-334] INFO  handler.ContextHandler (ContextHandler.java:doStart(781)) - Started o.e.j.w.WebAppContext@5c7dc08e{/,file:///tmp/jetty-0.0.0.0-46786-hddsDatanode-_-any-1218951020269772711.dir/webapp/,AVAILABLE}{/hddsDatanode}
2019-08-20 18:34:33,391 [Thread-334] INFO  server.AbstractConnector (AbstractConnector.java:doStart(278)) - Started ServerConnector@1ef47a79{HTTP/1.1,[http/1.1]}{0.0.0.0:46786}
2019-08-20 18:34:33,393 [Thread-334] INFO  server.Server (Server.java:doStart(419)) - Started @54364ms
2019-08-20 18:34:33,394 [Thread-334] INFO  server.BaseHttpServer (BaseHttpServer.java:updateConnectorAddress(213)) - HTTP server of HDDSDATANODE is listening at http://0.0.0.0:46786
2019-08-20 18:34:33,740 | INFO  | ObjectStoreRestHttpServer | Listening HDDS REST traffic on /0.0.0.0:41849 |  
2019-08-20 18:34:33,740 [Thread-334] INFO  ozone.HddsDatanodeService (HddsDatanodeService.java:startPlugins(395)) - Started plug-in org.apache.hadoop.ozone.web.OzoneHddsDatanodeService@7327dca2
2019-08-20 18:34:33,741 [Thread-334] INFO  pipeline.SCMPipelineManager (SCMPipelineManager.java:finalizeAndDestroyPipeline(309)) - destroying pipeline:Pipeline[ Id: a6e59073-c99e-481d-ad8f-b92d43aef28b, Nodes: 208f2d0e-9df1-4c51-a4e7-c27d855217c8{ip: 192.168.5.168, host: pr-hdds-1927-28fzr-1052167450, networkLocation: /default-rack, certSerialId: null}b097e9c8-72ce-4bfa-99ed-e41898e4335b{ip: 192.168.5.168, host: pr-hdds-1927-28fzr-1052167450, networkLocation: /default-rack, certSerialId: null}1302226f-fb4b-4090-a63b-e19082dd7f8c{ip: 192.168.5.168, host: pr-hdds-1927-28fzr-1052167450, networkLocation: /default-rack, certSerialId: null}, Type:RATIS, Factor:THREE, State:OPEN]
2019-08-20 18:34:33,742 [org.apache.hadoop.util.JvmPauseMonitor$Monitor@17fa34e4] INFO  util.JvmPauseMonitor (JvmPauseMonitor.java:run(188)) - Starting JVM pause monitor
2019-08-20 18:34:33,746 [Thread-334] WARN  pipeline.RatisPipelineUtils (RatisPipelineUtils.java:destroyPipeline(66)) - Pipeline destroy failed for pipeline=PipelineID=a6e59073-c99e-481d-ad8f-b92d43aef28b dn=208f2d0e-9df1-4c51-a4e7-c27d855217c8{ip: 192.168.5.168, host: pr-hdds-1927-28fzr-1052167450, networkLocation: /default-rack, certSerialId: null}
2019-08-20 18:34:33,749 [Thread-334] WARN  pipeline.RatisPipelineUtils (RatisPipelineUtils.java:destroyPipeline(66)) - Pipeline destroy failed for pipeline=PipelineID=a6e59073-c99e-481d-ad8f-b92d43aef28b dn=b097e9c8-72ce-4bfa-99ed-e41898e4335b{ip: 192.168.5.168, host: pr-hdds-1927-28fzr-1052167450, networkLocation: /default-rack, certSerialId: null}
2019-08-20 18:34:33,751 [Thread-334] WARN  pipeline.RatisPipelineUtils (RatisPipelineUtils.java:destroyPipeline(66)) - Pipeline destroy failed for pipeline=PipelineID=a6e59073-c99e-481d-ad8f-b92d43aef28b dn=1302226f-fb4b-4090-a63b-e19082dd7f8c{ip: 192.168.5.168, host: pr-hdds-1927-28fzr-1052167450, networkLocation: /default-rack, certSerialId: null}
2019-08-20 18:34:33,752 [Thread-334] INFO  pipeline.PipelineStateManager (PipelineStateManager.java:removePipeline(108)) - Pipeline Pipeline[ Id: a6e59073-c99e-481d-ad8f-b92d43aef28b, Nodes: 208f2d0e-9df1-4c51-a4e7-c27d855217c8{ip: 192.168.5.168, host: pr-hdds-1927-28fzr-1052167450, networkLocation: /default-rack, certSerialId: null}b097e9c8-72ce-4bfa-99ed-e41898e4335b{ip: 192.168.5.168, host: pr-hdds-1927-28fzr-1052167450, networkLocation: /default-rack, certSerialId: null}1302226f-fb4b-4090-a63b-e19082dd7f8c{ip: 192.168.5.168, host: pr-hdds-1927-28fzr-1052167450, networkLocation: /default-rack, certSerialId: null}, Type:RATIS, Factor:THREE, State:CLOSED] removed from db
2019-08-20 18:34:33,952 [pool-159-thread-1] INFO  storage.RaftStorageDirectory (RaftStorageDirectory.java:tryLock(328)) - Lock on /workdir/hadoop-ozone/integration-test/target/test-dir/MiniOzoneClusterImpl-17c14715-311f-4e0b-8c69-0ee14c49d74d/datanode-1/data/ratis/a6e59073-c99e-481d-ad8f-b92d43aef28b/in_use.lock acquired by nodename 15395@pr-hdds-1927-28fzr-1052167450
2019-08-20 18:34:33,952 [pool-170-thread-1] INFO  storage.RaftStorageDirectory (RaftStorageDirectory.java:tryLock(328)) - Lock on /workdir/hadoop-ozone/integration-test/target/test-dir/MiniOzoneClusterImpl-17c14715-311f-4e0b-8c69-0ee14c49d74d/datanode-2/data/ratis/e83f7d46-6215-4d89-a174-2d0b3254ad72/in_use.lock acquired by nodename 15395@pr-hdds-1927-28fzr-1052167450
2019-08-20 18:34:33,952 [pool-148-thread-1] INFO  storage.RaftStorageDirectory (RaftStorageDirectory.java:tryLock(328)) - Lock on /workdir/hadoop-ozone/integration-test/target/test-dir/MiniOzoneClusterImpl-17c14715-311f-4e0b-8c69-0ee14c49d74d/datanode-0/data/ratis/a6e59073-c99e-481d-ad8f-b92d43aef28b/in_use.lock acquired by nodename 15395@pr-hdds-1927-28fzr-1052167450
2019-08-20 18:34:33,954 [pool-170-thread-1] INFO  ratis.ContainerStateMachine (ContainerStateMachine.java:loadSnapshot(222)) - group-2D0B3254AD72: The snapshot info is null. Setting the last applied indexto:(t:0, i:~)
2019-08-20 18:34:33,954 [pool-159-thread-1] INFO  ratis.ContainerStateMachine (ContainerStateMachine.java:loadSnapshot(222)) - group-B92D43AEF28B: The snapshot info is null. Setting the last applied indexto:(t:0, i:~)
2019-08-20 18:34:33,954 [pool-148-thread-1] INFO  ratis.ContainerStateMachine (ContainerStateMachine.java:loadSnapshot(222)) - group-B92D43AEF28B: The snapshot info is null. Setting the last applied indexto:(t:0, i:~)
2019-08-20 18:34:33,955 [pool-159-thread-1] INFO  server.RaftServerConfigKeys (ConfUtils.java:logGet(43)) - raft.server.leader.election.timeout = 120s (custom)
2019-08-20 18:34:33,954 [pool-170-thread-1] INFO  server.RaftServerConfigKeys (ConfUtils.java:logGet(43)) - raft.server.leader.election.timeout = 120s (custom)
2019-08-20 18:34:33,955 [pool-159-thread-1] INFO  server.RaftServerConfigKeys (ConfUtils.java:logGet(43)) - raft.server.log.use.memory = false (default)
2019-08-20 18:34:33,955 [pool-148-thread-1] INFO  server.RaftServerConfigKeys (ConfUtils.java:logGet(43)) - raft.server.leader.election.timeout = 120s (custom)
2019-08-20 18:34:33,955 [pool-159-thread-1] INFO  server.RaftServerConfigKeys (ConfUtils.java:logGet(43)) - raft.server.log.purge.gap = 1000000 (custom)
2019-08-20 18:34:33,955 [pool-170-thread-1] INFO  server.RaftServerConfigKeys (ConfUtils.java:logGet(43)) - raft.server.log.use.memory = false (default)
2019-08-20 18:34:33,956 [pool-159-thread-1] INFO  server.RaftServerConfigKeys (ConfUtils.java:logGet(43)) - raft.server.log.appender.buffer.byte-limit = 33554432 (custom)
2019-08-20 18:34:33,956 [pool-148-thread-1] INFO  server.RaftServerConfigKeys (ConfUtils.java:logGet(43)) - raft.server.log.use.memory = false (default)
2019-08-20 18:34:33,956 [pool-159-thread-1] INFO  server.RaftServerConfigKeys (ConfUtils.java:logGet(43)) - raft.server.log.segment.size.max = 1048576 (custom)
2019-08-20 18:34:33,956 [pool-170-thread-1] INFO  server.RaftServerConfigKeys (ConfUtils.java:logGet(43)) - raft.server.log.purge.gap = 1000000 (custom)
2019-08-20 18:34:33,957 [pool-159-thread-1] INFO  server.RaftServerConfigKeys (ConfUtils.java:logGet(43)) - raft.server.log.segment.cache.num.max = 2 (custom)
2019-08-20 18:34:33,957 [pool-148-thread-1] INFO  server.RaftServerConfigKeys (ConfUtils.java:logGet(43)) - raft.server.log.purge.gap = 1000000 (custom)
2019-08-20 18:34:33,957 [pool-159-thread-1] INFO  segmented.SegmentedRaftLogWorker (SegmentedRaftLogWorker.java:<init>(172)) - new 208f2d0e-9df1-4c51-a4e7-c27d855217c8-SegmentedRaftLogWorker:Storage Directory /workdir/hadoop-ozone/integration-test/target/test-dir/MiniOzoneClusterImpl-17c14715-311f-4e0b-8c69-0ee14c49d74d/datanode-1/data/ratis/a6e59073-c99e-481d-ad8f-b92d43aef28b for RaftStorage:Storage Directory /workdir/hadoop-ozone/integration-test/target/test-dir/MiniOzoneClusterImpl-17c14715-311f-4e0b-8c69-0ee14c49d74d/datanode-1/data/ratis/a6e59073-c99e-481d-ad8f-b92d43aef28b
2019-08-20 18:34:33,957 [pool-170-thread-1] INFO  server.RaftServerConfigKeys (ConfUtils.java:logGet(43)) - raft.server.log.appender.buffer.byte-limit = 33554432 (custom)
2019-08-20 18:34:33,958 [pool-159-thread-1] INFO  server.RaftServerConfigKeys (ConfUtils.java:logGet(43)) - raft.server.log.queue.byte-limit = 2147483647 (custom)
2019-08-20 18:34:33,957 [pool-148-thread-1] INFO  server.RaftServerConfigKeys (ConfUtils.java:logGet(43)) - raft.server.log.appender.buffer.byte-limit = 33554432 (custom)
2019-08-20 18:34:33,958 [pool-159-thread-1] INFO  server.RaftServerConfigKeys (ConfUtils.java:logGet(43)) - raft.server.log.queue.element-limit = 1024 (custom)
2019-08-20 18:34:33,958 [pool-170-thread-1] INFO  server.RaftServerConfigKeys (ConfUtils.java:logGet(43)) - raft.server.log.segment.size.max = 1048576 (custom)
2019-08-20 18:34:33,958 [pool-159-thread-1] INFO  server.RaftServerConfigKeys (ConfUtils.java:logGet(43)) - raft.server.log.segment.size.max = 1048576 (custom)
2019-08-20 18:34:33,958 [pool-148-thread-1] INFO  server.RaftServerConfigKeys (ConfUtils.java:logGet(43)) - raft.server.log.segment.size.max = 1048576 (custom)
2019-08-20 18:34:33,959 [pool-159-thread-1] INFO  server.RaftServerConfigKeys (ConfUtils.java:logGet(43)) - raft.server.log.preallocated.size = 16384 (custom)
2019-08-20 18:34:33,959 [pool-170-thread-1] INFO  server.RaftServerConfigKeys (ConfUtils.java:logGet(43)) - raft.server.log.segment.cache.num.max = 2 (custom)
2019-08-20 18:34:33,959 [pool-159-thread-1] INFO  server.RaftServerConfigKeys (ConfUtils.java:logGet(43)) - raft.server.log.write.buffer.size = 33554432 (custom)
2019-08-20 18:34:33,959 [pool-148-thread-1] INFO  server.RaftServerConfigKeys (ConfUtils.java:logGet(43)) - raft.server.log.segment.cache.num.max = 2 (custom)
2019-08-20 18:34:33,960 [pool-159-thread-1] INFO  server.RaftServerConfigKeys (ConfUtils.java:logGet(43)) - raft.server.log.force.sync.num = 128 (default)
2019-08-20 18:34:33,959 [pool-170-thread-1] INFO  segmented.SegmentedRaftLogWorker (SegmentedRaftLogWorker.java:<init>(172)) - new b097e9c8-72ce-4bfa-99ed-e41898e4335b-SegmentedRaftLogWorker:Storage Directory /workdir/hadoop-ozone/integration-test/target/test-dir/MiniOzoneClusterImpl-17c14715-311f-4e0b-8c69-0ee14c49d74d/datanode-2/data/ratis/e83f7d46-6215-4d89-a174-2d0b3254ad72 for RaftStorage:Storage Directory /workdir/hadoop-ozone/integration-test/target/test-dir/MiniOzoneClusterImpl-17c14715-311f-4e0b-8c69-0ee14c49d74d/datanode-2/data/ratis/e83f7d46-6215-4d89-a174-2d0b3254ad72
2019-08-20 18:34:33,960 [pool-159-thread-1] INFO  server.RaftServerConfigKeys (ConfUtils.java:logGet(43)) - raft.server.log.statemachine.data.sync = true (default)
2019-08-20 18:34:33,960 [pool-148-thread-1] INFO  segmented.SegmentedRaftLogWorker (SegmentedRaftLogWorker.java:<init>(172)) - new 1302226f-fb4b-4090-a63b-e19082dd7f8c-SegmentedRaftLogWorker:Storage Directory /workdir/hadoop-ozone/integration-test/target/test-dir/MiniOzoneClusterImpl-17c14715-311f-4e0b-8c69-0ee14c49d74d/datanode-0/data/ratis/a6e59073-c99e-481d-ad8f-b92d43aef28b for RaftStorage:Storage Directory /workdir/hadoop-ozone/integration-test/target/test-dir/MiniOzoneClusterImpl-17c14715-311f-4e0b-8c69-0ee14c49d74d/datanode-0/data/ratis/a6e59073-c99e-481d-ad8f-b92d43aef28b
2019-08-20 18:34:33,961 [pool-159-thread-1] INFO  server.RaftServerConfigKeys (ConfUtils.java:logGet(43)) - raft.server.log.statemachine.data.sync.timeout = 10s (default)
2019-08-20 18:34:33,961 [pool-170-thread-1] INFO  server.RaftServerConfigKeys (ConfUtils.java:logGet(43)) - raft.server.log.queue.byte-limit = 2147483647 (custom)
2019-08-20 18:34:33,961 [pool-159-thread-1] INFO  server.RaftServerConfigKeys (ConfUtils.java:logGet(43)) - raft.server.log.statemachine.data.sync.timeout.retry = -1 (default)
2019-08-20 18:34:33,961 [pool-148-thread-1] INFO  server.RaftServerConfigKeys (ConfUtils.java:logGet(43)) - raft.server.log.queue.byte-limit = 2147483647 (custom)
2019-08-20 18:34:33,962 [pool-159-thread-1] INFO  server.RaftServerConfigKeys (ConfUtils.java:logGet(43)) - raft.server.log.statemachine.data.caching.enabled = true (custom)
2019-08-20 18:34:33,961 [pool-170-thread-1] INFO  server.RaftServerConfigKeys (ConfUtils.java:logGet(43)) - raft.server.log.queue.element-limit = 1024 (custom)
2019-08-20 18:34:33,962 [pool-148-thread-1] INFO  server.RaftServerConfigKeys (ConfUtils.java:logGet(43)) - raft.server.log.queue.element-limit = 1024 (custom)
2019-08-20 18:34:33,962 [pool-170-thread-1] INFO  server.RaftServerConfigKeys (ConfUtils.java:logGet(43)) - raft.server.log.segment.size.max = 1048576 (custom)
2019-08-20 18:34:33,962 [pool-148-thread-1] INFO  server.RaftServerConfigKeys (ConfUtils.java:logGet(43)) - raft.server.log.segment.size.max = 1048576 (custom)
2019-08-20 18:34:33,963 [pool-170-thread-1] INFO  server.RaftServerConfigKeys (ConfUtils.java:logGet(43)) - raft.server.log.preallocated.size = 16384 (custom)
2019-08-20 18:34:33,963 [pool-148-thread-1] INFO  server.RaftServerConfigKeys (ConfUtils.java:logGet(43)) - raft.server.log.preallocated.size = 16384 (custom)
2019-08-20 18:34:33,963 [pool-170-thread-1] INFO  server.RaftServerConfigKeys (ConfUtils.java:logGet(43)) - raft.server.log.write.buffer.size = 33554432 (custom)
2019-08-20 18:34:33,963 [pool-148-thread-1] INFO  server.RaftServerConfigKeys (ConfUtils.java:logGet(43)) - raft.server.log.write.buffer.size = 33554432 (custom)
2019-08-20 18:34:33,963 [pool-170-thread-1] INFO  server.RaftServerConfigKeys (ConfUtils.java:logGet(43)) - raft.server.log.force.sync.num = 128 (default)
2019-08-20 18:34:33,963 [pool-148-thread-1] INFO  server.RaftServerConfigKeys (ConfUtils.java:logGet(43)) - raft.server.log.force.sync.num = 128 (default)
2019-08-20 18:34:33,964 [pool-170-thread-1] INFO  server.RaftServerConfigKeys (ConfUtils.java:logGet(43)) - raft.server.log.statemachine.data.sync = true (default)
2019-08-20 18:34:33,964 [pool-148-thread-1] INFO  server.RaftServerConfigKeys (ConfUtils.java:logGet(43)) - raft.server.log.statemachine.data.sync = true (default)
2019-08-20 18:34:33,964 [pool-170-thread-1] INFO  server.RaftServerConfigKeys (ConfUtils.java:logGet(43)) - raft.server.log.statemachine.data.sync.timeout = 10s (default)
2019-08-20 18:34:33,964 [pool-148-thread-1] INFO  server.RaftServerConfigKeys (ConfUtils.java:logGet(43)) - raft.server.log.statemachine.data.sync.timeout = 10s (default)
2019-08-20 18:34:33,964 [pool-170-thread-1] INFO  server.RaftServerConfigKeys (ConfUtils.java:logGet(43)) - raft.server.log.statemachine.data.sync.timeout.retry = -1 (default)
2019-08-20 18:34:33,964 [pool-148-thread-1] INFO  server.RaftServerConfigKeys (ConfUtils.java:logGet(43)) - raft.server.log.statemachine.data.sync.timeout.retry = -1 (default)
2019-08-20 18:34:33,965 [pool-170-thread-1] INFO  server.RaftServerConfigKeys (ConfUtils.java:logGet(43)) - raft.server.log.statemachine.data.caching.enabled = true (custom)
2019-08-20 18:34:33,965 [pool-148-thread-1] INFO  server.RaftServerConfigKeys (ConfUtils.java:logGet(43)) - raft.server.log.statemachine.data.caching.enabled = true (custom)
2019-08-20 18:34:33,965 [pool-148-thread-1] INFO  segmented.SegmentedRaftLogWorker (SegmentedRaftLogWorker.java:lambda$new$0(132)) - 1302226f-fb4b-4090-a63b-e19082dd7f8c-SegmentedRaftLogWorker:Storage Directory /workdir/hadoop-ozone/integration-test/target/test-dir/MiniOzoneClusterImpl-17c14715-311f-4e0b-8c69-0ee14c49d74d/datanode-0/data/ratis/a6e59073-c99e-481d-ad8f-b92d43aef28b: flushIndex: setUnconditionally 0 -> -1
2019-08-20 18:34:33,966 [pool-148-thread-1] INFO  server.RaftServerConfigKeys (ConfUtils.java:logGet(43)) - raft.server.snapshot.auto.trigger.enabled = true (custom)
2019-08-20 18:34:33,968 [pool-148-thread-1] INFO  server.RaftServerConfigKeys (ConfUtils.java:logGet(43)) - raft.server.snapshot.auto.trigger.threshold = 10000 (custom)
2019-08-20 18:34:33,968 [pool-148-thread-1] INFO  server.RaftServerConfigKeys (ConfUtils.java:logGet(43)) - raft.server.retrycache.expirytime = 600000ms (custom)
2019-08-20 18:34:33,970 [pool-148-thread-1] INFO  impl.RaftServerImpl (RaftServerImpl.java:<init>(93)) - 1302226f-fb4b-4090-a63b-e19082dd7f8c: new RaftServerImpl for group-EE44822CEB44:[] with ContainerStateMachine:uninitialized
2019-08-20 18:34:33,970 [pool-148-thread-1] INFO  server.RaftServerConfigKeys (ConfUtils.java:logGet(43)) - raft.server.rpc.timeout.min = 5s (custom)
2019-08-20 18:34:33,970 [pool-148-thread-1] INFO  server.RaftServerConfigKeys (ConfUtils.java:logGet(43)) - raft.server.rpc.timeout.max = 5200ms (custom)
2019-08-20 18:34:33,971 [pool-148-thread-1] INFO  server.RaftServerConfigKeys (ConfUtils.java:logGet(43)) - raft.server.rpcslowness.timeout = 120s (custom)
2019-08-20 18:34:33,971 [pool-148-thread-1] INFO  server.RaftServerConfigKeys (ConfUtils.java:logGet(43)) - raft.server.sleep.deviation.threshold = 300 (default)
2019-08-20 18:34:33,971 [pool-148-thread-1] INFO  server.RaftServerConfigKeys (ConfUtils.java:logGet(43)) - raft.server.log.appender.install.snapshot.enabled = false (custom)
2019-08-20 18:34:33,971 [pool-148-thread-1] INFO  impl.RaftServerImpl (ServerState.java:<init>(105)) - 1302226f-fb4b-4090-a63b-e19082dd7f8c:group-EE44822CEB44 ConfigurationManager, init=-1: [], old=null, confs=<EMPTY_MAP>
2019-08-20 18:34:33,972 [pool-148-thread-1] INFO  server.RaftServerConfigKeys (ConfUtils.java:logGet(43)) - raft.server.storage.dir = [/workdir/hadoop-ozone/integration-test/target/test-dir/MiniOzoneClusterImpl-17c14715-311f-4e0b-8c69-0ee14c49d74d/datanode-0/data/ratis] (custom)
2019-08-20 18:34:33,974 [pool-170-thread-1] INFO  impl.RaftServerImpl (ServerState.java:setRaftConf(361)) - b097e9c8-72ce-4bfa-99ed-e41898e4335b:group-2D0B3254AD72 set configuration 0: [b097e9c8-72ce-4bfa-99ed-e41898e4335b:192.168.5.168:41312], old=null at 0
2019-08-20 18:34:33,974 [pool-159-thread-1] INFO  impl.RaftServerImpl (ServerState.java:setRaftConf(361)) - 208f2d0e-9df1-4c51-a4e7-c27d855217c8:group-B92D43AEF28B set configuration 0: [1302226f-fb4b-4090-a63b-e19082dd7f8c:192.168.5.168:40142, 208f2d0e-9df1-4c51-a4e7-c27d855217c8:192.168.5.168:35300, b097e9c8-72ce-4bfa-99ed-e41898e4335b:192.168.5.168:41312], old=null at 0
2019-08-20 18:34:33,975 [pool-170-thread-1] INFO  segmented.LogSegment (LogSegment.java:loadSegment(145)) - Successfully read 1 entries from segment file /workdir/hadoop-ozone/integration-test/target/test-dir/MiniOzoneClusterImpl-17c14715-311f-4e0b-8c69-0ee14c49d74d/datanode-2/data/ratis/e83f7d46-6215-4d89-a174-2d0b3254ad72/current/log_inprogress_0
2019-08-20 18:34:33,975 [pool-159-thread-1] INFO  segmented.LogSegment (LogSegment.java:loadSegment(145)) - Successfully read 1 entries from segment file /workdir/hadoop-ozone/integration-test/target/test-dir/MiniOzoneClusterImpl-17c14715-311f-4e0b-8c69-0ee14c49d74d/datanode-1/data/ratis/a6e59073-c99e-481d-ad8f-b92d43aef28b/current/log_inprogress_0
2019-08-20 18:34:33,976 [pool-170-thread-1] INFO  segmented.SegmentedRaftLogWorker (SegmentedRaftLogWorker.java:lambda$new$0(132)) - b097e9c8-72ce-4bfa-99ed-e41898e4335b-SegmentedRaftLogWorker:Storage Directory /workdir/hadoop-ozone/integration-test/target/test-dir/MiniOzoneClusterImpl-17c14715-311f-4e0b-8c69-0ee14c49d74d/datanode-2/data/ratis/e83f7d46-6215-4d89-a174-2d0b3254ad72: flushIndex: setUnconditionally 0 -> 0
2019-08-20 18:34:33,976 [pool-159-thread-1] INFO  segmented.SegmentedRaftLogWorker (SegmentedRaftLogWorker.java:lambda$new$0(132)) - 208f2d0e-9df1-4c51-a4e7-c27d855217c8-SegmentedRaftLogWorker:Storage Directory /workdir/hadoop-ozone/integration-test/target/test-dir/MiniOzoneClusterImpl-17c14715-311f-4e0b-8c69-0ee14c49d74d/datanode-1/data/ratis/a6e59073-c99e-481d-ad8f-b92d43aef28b: flushIndex: setUnconditionally 0 -> 0
2019-08-20 18:34:33,985 [pool-148-thread-1] INFO  storage.RaftStorageDirectory (RaftStorageDirectory.java:tryLock(328)) - Lock on /workdir/hadoop-ozone/integration-test/target/test-dir/MiniOzoneClusterImpl-17c14715-311f-4e0b-8c69-0ee14c49d74d/datanode-0/data/ratis/141c551d-cb15-4eb6-8807-ee44822ceb44/in_use.lock acquired by nodename 15395@pr-hdds-1927-28fzr-1052167450
2019-08-20 18:34:33,986 [pool-148-thread-1] INFO  ratis.ContainerStateMachine (ContainerStateMachine.java:loadSnapshot(222)) - group-EE44822CEB44: The snapshot info is null. Setting the last applied indexto:(t:0, i:~)
2019-08-20 18:34:33,986 [pool-148-thread-1] INFO  server.RaftServerConfigKeys (ConfUtils.java:logGet(43)) - raft.server.leader.election.timeout = 120s (custom)
2019-08-20 18:34:33,986 [pool-148-thread-1] INFO  server.RaftServerConfigKeys (ConfUtils.java:logGet(43)) - raft.server.log.use.memory = false (default)
2019-08-20 18:34:33,987 [pool-148-thread-1] INFO  server.RaftServerConfigKeys (ConfUtils.java:logGet(43)) - raft.server.log.purge.gap = 1000000 (custom)
2019-08-20 18:34:33,987 [pool-148-thread-1] INFO  server.RaftServerConfigKeys (ConfUtils.java:logGet(43)) - raft.server.log.appender.buffer.byte-limit = 33554432 (custom)
2019-08-20 18:34:33,987 [pool-148-thread-1] INFO  server.RaftServerConfigKeys (ConfUtils.java:logGet(43)) - raft.server.log.segment.size.max = 1048576 (custom)
2019-08-20 18:34:33,987 [pool-148-thread-1] INFO  server.RaftServerConfigKeys (ConfUtils.java:logGet(43)) - raft.server.log.segment.cache.num.max = 2 (custom)
2019-08-20 18:34:33,988 [pool-148-thread-1] INFO  segmented.SegmentedRaftLogWorker (SegmentedRaftLogWorker.java:<init>(172)) - new 1302226f-fb4b-4090-a63b-e19082dd7f8c-SegmentedRaftLogWorker:Storage Directory /workdir/hadoop-ozone/integration-test/target/test-dir/MiniOzoneClusterImpl-17c14715-311f-4e0b-8c69-0ee14c49d74d/datanode-0/data/ratis/141c551d-cb15-4eb6-8807-ee44822ceb44 for RaftStorage:Storage Directory /workdir/hadoop-ozone/integration-test/target/test-dir/MiniOzoneClusterImpl-17c14715-311f-4e0b-8c69-0ee14c49d74d/datanode-0/data/ratis/141c551d-cb15-4eb6-8807-ee44822ceb44
2019-08-20 18:34:33,988 [pool-148-thread-1] INFO  server.RaftServerConfigKeys (ConfUtils.java:logGet(43)) - raft.server.log.queue.byte-limit = 2147483647 (custom)
2019-08-20 18:34:33,988 [pool-148-thread-1] INFO  server.RaftServerConfigKeys (ConfUtils.java:logGet(43)) - raft.server.log.queue.element-limit = 1024 (custom)
2019-08-20 18:34:33,988 [pool-148-thread-1] INFO  server.RaftServerConfigKeys (ConfUtils.java:logGet(43)) - raft.server.log.segment.size.max = 1048576 (custom)
2019-08-20 18:34:33,988 [pool-148-thread-1] INFO  server.RaftServerConfigKeys (ConfUtils.java:logGet(43)) - raft.server.log.preallocated.size = 16384 (custom)
2019-08-20 18:34:33,989 [pool-148-thread-1] INFO  server.RaftServerConfigKeys (ConfUtils.java:logGet(43)) - raft.server.log.write.buffer.size = 33554432 (custom)
2019-08-20 18:34:33,989 [pool-148-thread-1] INFO  server.RaftServerConfigKeys (ConfUtils.java:logGet(43)) - raft.server.log.force.sync.num = 128 (default)
2019-08-20 18:34:33,989 [pool-148-thread-1] INFO  server.RaftServerConfigKeys (ConfUtils.java:logGet(43)) - raft.server.log.statemachine.data.sync = true (default)
2019-08-20 18:34:33,989 [pool-148-thread-1] INFO  server.RaftServerConfigKeys (ConfUtils.java:logGet(43)) - raft.server.log.statemachine.data.sync.timeout = 10s (default)
2019-08-20 18:34:33,989 [pool-148-thread-1] INFO  server.RaftServerConfigKeys (ConfUtils.java:logGet(43)) - raft.server.log.statemachine.data.sync.timeout.retry = -1 (default)
2019-08-20 18:34:33,990 [pool-148-thread-1] INFO  server.RaftServerConfigKeys (ConfUtils.java:logGet(43)) - raft.server.log.statemachine.data.caching.enabled = true (custom)
2019-08-20 18:34:33,991 [pool-148-thread-1] INFO  impl.RaftServerImpl (ServerState.java:setRaftConf(361)) - 1302226f-fb4b-4090-a63b-e19082dd7f8c:group-EE44822CEB44 set configuration 0: [1302226f-fb4b-4090-a63b-e19082dd7f8c:192.168.5.168:40142], old=null at 0
2019-08-20 18:34:33,991 [pool-148-thread-1] INFO  segmented.LogSegment (LogSegment.java:loadSegment(145)) - Successfully read 1 entries from segment file /workdir/hadoop-ozone/integration-test/target/test-dir/MiniOzoneClusterImpl-17c14715-311f-4e0b-8c69-0ee14c49d74d/datanode-0/data/ratis/141c551d-cb15-4eb6-8807-ee44822ceb44/current/log_inprogress_0
2019-08-20 18:34:33,991 [pool-148-thread-1] INFO  segmented.SegmentedRaftLogWorker (SegmentedRaftLogWorker.java:lambda$new$0(132)) - 1302226f-fb4b-4090-a63b-e19082dd7f8c-SegmentedRaftLogWorker:Storage Directory /workdir/hadoop-ozone/integration-test/target/test-dir/MiniOzoneClusterImpl-17c14715-311f-4e0b-8c69-0ee14c49d74d/datanode-0/data/ratis/141c551d-cb15-4eb6-8807-ee44822ceb44: flushIndex: setUnconditionally 0 -> 0
2019-08-20 18:34:34,009 [pool-159-thread-1] INFO  server.RaftServerConfigKeys (ConfUtils.java:logGet(43)) - raft.server.snapshot.auto.trigger.enabled = true (custom)
2019-08-20 18:34:34,009 [pool-159-thread-1] INFO  server.RaftServerConfigKeys (ConfUtils.java:logGet(43)) - raft.server.snapshot.auto.trigger.threshold = 10000 (custom)
2019-08-20 18:34:34,009 [pool-159-thread-1] INFO  server.RaftServerConfigKeys (ConfUtils.java:logGet(43)) - raft.server.retrycache.expirytime = 600000ms (custom)
2019-08-20 18:34:34,011 [pool-159-thread-1] INFO  impl.RaftServerImpl (RaftServerImpl.java:<init>(93)) - 208f2d0e-9df1-4c51-a4e7-c27d855217c8: new RaftServerImpl for group-238710BFEF5B:[] with ContainerStateMachine:uninitialized
2019-08-20 18:34:34,011 [pool-159-thread-1] INFO  server.RaftServerConfigKeys (ConfUtils.java:logGet(43)) - raft.server.rpc.timeout.min = 5s (custom)
2019-08-20 18:34:34,011 [pool-159-thread-1] INFO  server.RaftServerConfigKeys (ConfUtils.java:logGet(43)) - raft.server.rpc.timeout.max = 5200ms (custom)
2019-08-20 18:34:34,011 [pool-159-thread-1] INFO  server.RaftServerConfigKeys (ConfUtils.java:logGet(43)) - raft.server.rpcslowness.timeout = 120s (custom)
2019-08-20 18:34:34,011 [pool-159-thread-1] INFO  server.RaftServerConfigKeys (ConfUtils.java:logGet(43)) - raft.server.sleep.deviation.threshold = 300 (default)
2019-08-20 18:34:34,012 [pool-159-thread-1] INFO  server.RaftServerConfigKeys (ConfUtils.java:logGet(43)) - raft.server.log.appender.install.snapshot.enabled = false (custom)
2019-08-20 18:34:34,012 [pool-159-thread-1] INFO  impl.RaftServerImpl (ServerState.java:<init>(105)) - 208f2d0e-9df1-4c51-a4e7-c27d855217c8:group-238710BFEF5B ConfigurationManager, init=-1: [], old=null, confs=<EMPTY_MAP>
2019-08-20 18:34:34,012 [pool-159-thread-1] INFO  server.RaftServerConfigKeys (ConfUtils.java:logGet(43)) - raft.server.storage.dir = [/workdir/hadoop-ozone/integration-test/target/test-dir/MiniOzoneClusterImpl-17c14715-311f-4e0b-8c69-0ee14c49d74d/datanode-1/data/ratis] (custom)
2019-08-20 18:34:34,012 [pool-170-thread-1] INFO  server.RaftServerConfigKeys (ConfUtils.java:logGet(43)) - raft.server.snapshot.auto.trigger.enabled = true (custom)
2019-08-20 18:34:34,012 [pool-170-thread-1] INFO  server.RaftServerConfigKeys (ConfUtils.java:logGet(43)) - raft.server.snapshot.auto.trigger.threshold = 10000 (custom)
2019-08-20 18:34:34,013 [pool-170-thread-1] INFO  server.RaftServerConfigKeys (ConfUtils.java:logGet(43)) - raft.server.retrycache.expirytime = 600000ms (custom)
2019-08-20 18:34:34,014 [pool-170-thread-1] INFO  impl.RaftServerImpl (RaftServerImpl.java:<init>(93)) - b097e9c8-72ce-4bfa-99ed-e41898e4335b: new RaftServerImpl for group-B92D43AEF28B:[] with ContainerStateMachine:uninitialized
2019-08-20 18:34:34,014 [pool-170-thread-1] INFO  server.RaftServerConfigKeys (ConfUtils.java:logGet(43)) - raft.server.rpc.timeout.min = 5s (custom)
2019-08-20 18:34:34,014 [pool-170-thread-1] INFO  server.RaftServerConfigKeys (ConfUtils.java:logGet(43)) - raft.server.rpc.timeout.max = 5200ms (custom)
2019-08-20 18:34:34,014 [pool-170-thread-1] INFO  server.RaftServerConfigKeys (ConfUtils.java:logGet(43)) - raft.server.rpcslowness.timeout = 120s (custom)
2019-08-20 18:34:34,014 [pool-170-thread-1] INFO  server.RaftServerConfigKeys (ConfUtils.java:logGet(43)) - raft.server.sleep.deviation.threshold = 300 (default)
2019-08-20 18:34:34,015 [pool-170-thread-1] INFO  server.RaftServerConfigKeys (ConfUtils.java:logGet(43)) - raft.server.log.appender.install.snapshot.enabled = false (custom)
2019-08-20 18:34:34,015 [pool-170-thread-1] INFO  impl.RaftServerImpl (ServerState.java:<init>(105)) - b097e9c8-72ce-4bfa-99ed-e41898e4335b:group-B92D43AEF28B ConfigurationManager, init=-1: [], old=null, confs=<EMPTY_MAP>
2019-08-20 18:34:34,015 [pool-170-thread-1] INFO  server.RaftServerConfigKeys (ConfUtils.java:logGet(43)) - raft.server.storage.dir = [/workdir/hadoop-ozone/integration-test/target/test-dir/MiniOzoneClusterImpl-17c14715-311f-4e0b-8c69-0ee14c49d74d/datanode-2/data/ratis] (custom)
2019-08-20 18:34:34,023 [pool-148-thread-1] INFO  server.RaftServerConfigKeys (ConfUtils.java:logGet(43)) - raft.server.snapshot.auto.trigger.enabled = true (custom)
2019-08-20 18:34:34,024 [pool-148-thread-1] INFO  server.RaftServerConfigKeys (ConfUtils.java:logGet(43)) - raft.server.snapshot.auto.trigger.threshold = 10000 (custom)
2019-08-20 18:34:34,024 [pool-148-thread-1] INFO  server.RaftServerConfigKeys (ConfUtils.java:logGet(43)) - raft.server.retrycache.expirytime = 600000ms (custom)
2019-08-20 18:34:34,025 [pool-170-thread-1] INFO  storage.RaftStorageDirectory (RaftStorageDirectory.java:tryLock(328)) - Lock on /workdir/hadoop-ozone/integration-test/target/test-dir/MiniOzoneClusterImpl-17c14715-311f-4e0b-8c69-0ee14c49d74d/datanode-2/data/ratis/a6e59073-c99e-481d-ad8f-b92d43aef28b/in_use.lock acquired by nodename 15395@pr-hdds-1927-28fzr-1052167450
2019-08-20 18:34:34,025 [pool-159-thread-1] INFO  storage.RaftStorageDirectory (RaftStorageDirectory.java:tryLock(328)) - Lock on /workdir/hadoop-ozone/integration-test/target/test-dir/MiniOzoneClusterImpl-17c14715-311f-4e0b-8c69-0ee14c49d74d/datanode-1/data/ratis/54ce35d5-14a6-4136-b055-238710bfef5b/in_use.lock acquired by nodename 15395@pr-hdds-1927-28fzr-1052167450
2019-08-20 18:34:34,025 [pool-170-thread-1] INFO  ratis.ContainerStateMachine (ContainerStateMachine.java:loadSnapshot(222)) - group-B92D43AEF28B: The snapshot info is null. Setting the last applied indexto:(t:0, i:~)
2019-08-20 18:34:34,025 [pool-159-thread-1] INFO  ratis.ContainerStateMachine (ContainerStateMachine.java:loadSnapshot(222)) - group-238710BFEF5B: The snapshot info is null. Setting the last applied indexto:(t:0, i:~)
2019-08-20 18:34:34,026 [pool-170-thread-1] INFO  server.RaftServerConfigKeys (ConfUtils.java:logGet(43)) - raft.server.leader.election.timeout = 120s (custom)
2019-08-20 18:34:34,026 [pool-159-thread-1] INFO  server.RaftServerConfigKeys (ConfUtils.java:logGet(43)) - raft.server.leader.election.timeout = 120s (custom)
2019-08-20 18:34:34,026 [pool-170-thread-1] INFO  server.RaftServerConfigKeys (ConfUtils.java:logGet(43)) - raft.server.log.use.memory = false (default)
2019-08-20 18:34:34,026 [pool-159-thread-1] INFO  server.RaftServerConfigKeys (ConfUtils.java:logGet(43)) - raft.server.log.use.memory = false (default)
2019-08-20 18:34:34,026 [pool-170-thread-1] INFO  server.RaftServerConfigKeys (ConfUtils.java:logGet(43)) - raft.server.log.purge.gap = 1000000 (custom)
2019-08-20 18:34:34,026 [pool-159-thread-1] INFO  server.RaftServerConfigKeys (ConfUtils.java:logGet(43)) - raft.server.log.purge.gap = 1000000 (custom)
2019-08-20 18:34:34,026 [pool-170-thread-1] INFO  server.RaftServerConfigKeys (ConfUtils.java:logGet(43)) - raft.server.log.appender.buffer.byte-limit = 33554432 (custom)
2019-08-20 18:34:34,026 [pool-159-thread-1] INFO  server.RaftServerConfigKeys (ConfUtils.java:logGet(43)) - raft.server.log.appender.buffer.byte-limit = 33554432 (custom)
2019-08-20 18:34:34,026 [pool-170-thread-1] INFO  server.RaftServerConfigKeys (ConfUtils.java:logGet(43)) - raft.server.log.segment.size.max = 1048576 (custom)
2019-08-20 18:34:34,027 [pool-159-thread-1] INFO  server.RaftServerConfigKeys (ConfUtils.java:logGet(43)) - raft.server.log.segment.size.max = 1048576 (custom)
2019-08-20 18:34:34,027 [pool-170-thread-1] INFO  server.RaftServerConfigKeys (ConfUtils.java:logGet(43)) - raft.server.log.segment.cache.num.max = 2 (custom)
2019-08-20 18:34:34,027 [pool-159-thread-1] INFO  server.RaftServerConfigKeys (ConfUtils.java:logGet(43)) - raft.server.log.segment.cache.num.max = 2 (custom)
2019-08-20 18:34:34,027 [pool-170-thread-1] INFO  segmented.SegmentedRaftLogWorker (SegmentedRaftLogWorker.java:<init>(172)) - new b097e9c8-72ce-4bfa-99ed-e41898e4335b-SegmentedRaftLogWorker:Storage Directory /workdir/hadoop-ozone/integration-test/target/test-dir/MiniOzoneClusterImpl-17c14715-311f-4e0b-8c69-0ee14c49d74d/datanode-2/data/ratis/a6e59073-c99e-481d-ad8f-b92d43aef28b for RaftStorage:Storage Directory /workdir/hadoop-ozone/integration-test/target/test-dir/MiniOzoneClusterImpl-17c14715-311f-4e0b-8c69-0ee14c49d74d/datanode-2/data/ratis/a6e59073-c99e-481d-ad8f-b92d43aef28b
2019-08-20 18:34:34,027 [pool-159-thread-1] INFO  segmented.SegmentedRaftLogWorker (SegmentedRaftLogWorker.java:<init>(172)) - new 208f2d0e-9df1-4c51-a4e7-c27d855217c8-SegmentedRaftLogWorker:Storage Directory /workdir/hadoop-ozone/integration-test/target/test-dir/MiniOzoneClusterImpl-17c14715-311f-4e0b-8c69-0ee14c49d74d/datanode-1/data/ratis/54ce35d5-14a6-4136-b055-238710bfef5b for RaftStorage:Storage Directory /workdir/hadoop-ozone/integration-test/target/test-dir/MiniOzoneClusterImpl-17c14715-311f-4e0b-8c69-0ee14c49d74d/datanode-1/data/ratis/54ce35d5-14a6-4136-b055-238710bfef5b
2019-08-20 18:34:34,027 [pool-170-thread-1] INFO  server.RaftServerConfigKeys (ConfUtils.java:logGet(43)) - raft.server.log.queue.byte-limit = 2147483647 (custom)
2019-08-20 18:34:34,027 [pool-159-thread-1] INFO  server.RaftServerConfigKeys (ConfUtils.java:logGet(43)) - raft.server.log.queue.byte-limit = 2147483647 (custom)
2019-08-20 18:34:34,027 [pool-170-thread-1] INFO  server.RaftServerConfigKeys (ConfUtils.java:logGet(43)) - raft.server.log.queue.element-limit = 1024 (custom)
2019-08-20 18:34:34,028 [pool-159-thread-1] INFO  server.RaftServerConfigKeys (ConfUtils.java:logGet(43)) - raft.server.log.queue.element-limit = 1024 (custom)
2019-08-20 18:34:34,028 [pool-170-thread-1] INFO  server.RaftServerConfigKeys (ConfUtils.java:logGet(43)) - raft.server.log.segment.size.max = 1048576 (custom)
2019-08-20 18:34:34,028 [pool-159-thread-1] INFO  server.RaftServerConfigKeys (ConfUtils.java:logGet(43)) - raft.server.log.segment.size.max = 1048576 (custom)
2019-08-20 18:34:34,028 [pool-170-thread-1] INFO  server.RaftServerConfigKeys (ConfUtils.java:logGet(43)) - raft.server.log.preallocated.size = 16384 (custom)
2019-08-20 18:34:34,028 [pool-159-thread-1] INFO  server.RaftServerConfigKeys (ConfUtils.java:logGet(43)) - raft.server.log.preallocated.size = 16384 (custom)
2019-08-20 18:34:34,028 [pool-170-thread-1] INFO  server.RaftServerConfigKeys (ConfUtils.java:logGet(43)) - raft.server.log.write.buffer.size = 33554432 (custom)
2019-08-20 18:34:34,028 [pool-159-thread-1] INFO  server.RaftServerConfigKeys (ConfUtils.java:logGet(43)) - raft.server.log.write.buffer.size = 33554432 (custom)
2019-08-20 18:34:34,028 [pool-170-thread-1] INFO  server.RaftServerConfigKeys (ConfUtils.java:logGet(43)) - raft.server.log.force.sync.num = 128 (default)
2019-08-20 18:34:34,028 [pool-159-thread-1] INFO  server.RaftServerConfigKeys (ConfUtils.java:logGet(43)) - raft.server.log.force.sync.num = 128 (default)
2019-08-20 18:34:34,029 [pool-170-thread-1] INFO  server.RaftServerConfigKeys (ConfUtils.java:logGet(43)) - raft.server.log.statemachine.data.sync = true (default)
2019-08-20 18:34:34,029 [pool-159-thread-1] INFO  server.RaftServerConfigKeys (ConfUtils.java:logGet(43)) - raft.server.log.statemachine.data.sync = true (default)
2019-08-20 18:34:34,029 [pool-170-thread-1] INFO  server.RaftServerConfigKeys (ConfUtils.java:logGet(43)) - raft.server.log.statemachine.data.sync.timeout = 10s (default)
2019-08-20 18:34:34,029 [pool-159-thread-1] INFO  server.RaftServerConfigKeys (ConfUtils.java:logGet(43)) - raft.server.log.statemachine.data.sync.timeout = 10s (default)
2019-08-20 18:34:34,029 [pool-170-thread-1] INFO  server.RaftServerConfigKeys (ConfUtils.java:logGet(43)) - raft.server.log.statemachine.data.sync.timeout.retry = -1 (default)
2019-08-20 18:34:34,029 [pool-159-thread-1] INFO  server.RaftServerConfigKeys (ConfUtils.java:logGet(43)) - raft.server.log.statemachine.data.sync.timeout.retry = -1 (default)
2019-08-20 18:34:34,029 [pool-170-thread-1] INFO  server.RaftServerConfigKeys (ConfUtils.java:logGet(43)) - raft.server.log.statemachine.data.caching.enabled = true (custom)
2019-08-20 18:34:34,029 [pool-159-thread-1] INFO  server.RaftServerConfigKeys (ConfUtils.java:logGet(43)) - raft.server.log.statemachine.data.caching.enabled = true (custom)
2019-08-20 18:34:34,030 [pool-159-thread-1] INFO  impl.RaftServerImpl (ServerState.java:setRaftConf(361)) - 208f2d0e-9df1-4c51-a4e7-c27d855217c8:group-238710BFEF5B set configuration 0: [208f2d0e-9df1-4c51-a4e7-c27d855217c8:192.168.5.168:35300], old=null at 0
2019-08-20 18:34:34,030 [pool-170-thread-1] INFO  impl.RaftServerImpl (ServerState.java:setRaftConf(361)) - b097e9c8-72ce-4bfa-99ed-e41898e4335b:group-B92D43AEF28B set configuration 0: [1302226f-fb4b-4090-a63b-e19082dd7f8c:192.168.5.168:40142, 208f2d0e-9df1-4c51-a4e7-c27d855217c8:192.168.5.168:35300, b097e9c8-72ce-4bfa-99ed-e41898e4335b:192.168.5.168:41312], old=null at 0
2019-08-20 18:34:34,030 [pool-159-thread-1] INFO  segmented.LogSegment (LogSegment.java:loadSegment(145)) - Successfully read 1 entries from segment file /workdir/hadoop-ozone/integration-test/target/test-dir/MiniOzoneClusterImpl-17c14715-311f-4e0b-8c69-0ee14c49d74d/datanode-1/data/ratis/54ce35d5-14a6-4136-b055-238710bfef5b/current/log_inprogress_0
2019-08-20 18:34:34,030 [pool-170-thread-1] INFO  segmented.LogSegment (LogSegment.java:loadSegment(145)) - Successfully read 1 entries from segment file /workdir/hadoop-ozone/integration-test/target/test-dir/MiniOzoneClusterImpl-17c14715-311f-4e0b-8c69-0ee14c49d74d/datanode-2/data/ratis/a6e59073-c99e-481d-ad8f-b92d43aef28b/current/log_inprogress_0
2019-08-20 18:34:34,031 [pool-159-thread-1] INFO  segmented.SegmentedRaftLogWorker (SegmentedRaftLogWorker.java:lambda$new$0(132)) - 208f2d0e-9df1-4c51-a4e7-c27d855217c8-SegmentedRaftLogWorker:Storage Directory /workdir/hadoop-ozone/integration-test/target/test-dir/MiniOzoneClusterImpl-17c14715-311f-4e0b-8c69-0ee14c49d74d/datanode-1/data/ratis/54ce35d5-14a6-4136-b055-238710bfef5b: flushIndex: setUnconditionally 0 -> 0
2019-08-20 18:34:34,031 [pool-170-thread-1] INFO  segmented.SegmentedRaftLogWorker (SegmentedRaftLogWorker.java:lambda$new$0(132)) - b097e9c8-72ce-4bfa-99ed-e41898e4335b-SegmentedRaftLogWorker:Storage Directory /workdir/hadoop-ozone/integration-test/target/test-dir/MiniOzoneClusterImpl-17c14715-311f-4e0b-8c69-0ee14c49d74d/datanode-2/data/ratis/a6e59073-c99e-481d-ad8f-b92d43aef28b: flushIndex: setUnconditionally 0 -> 0
2019-08-20 18:34:34,060 [pool-159-thread-1] INFO  server.RaftServerConfigKeys (ConfUtils.java:logGet(43)) - raft.server.snapshot.auto.trigger.enabled = true (custom)
2019-08-20 18:34:34,060 [pool-159-thread-1] INFO  server.RaftServerConfigKeys (ConfUtils.java:logGet(43)) - raft.server.snapshot.auto.trigger.threshold = 10000 (custom)
2019-08-20 18:34:34,061 [pool-159-thread-1] INFO  server.RaftServerConfigKeys (ConfUtils.java:logGet(43)) - raft.server.retrycache.expirytime = 600000ms (custom)
2019-08-20 18:34:34,061 [pool-170-thread-1] INFO  server.RaftServerConfigKeys (ConfUtils.java:logGet(43)) - raft.server.snapshot.auto.trigger.enabled = true (custom)
2019-08-20 18:34:34,061 [pool-170-thread-1] INFO  server.RaftServerConfigKeys (ConfUtils.java:logGet(43)) - raft.server.snapshot.auto.trigger.threshold = 10000 (custom)
2019-08-20 18:34:34,061 [pool-170-thread-1] INFO  server.RaftServerConfigKeys (ConfUtils.java:logGet(43)) - raft.server.retrycache.expirytime = 600000ms (custom)
2019-08-20 18:34:35,087 | INFO  | SCMAudit | user=jenkins1000 | ip=192.168.5.168 | op=GET_VERSION null | ret=SUCCESS |  
2019-08-20 18:34:35,089 [Datanode State Machine Thread - 0] INFO  ozoneimpl.OzoneContainer (OzoneContainer.java:start(186)) - Attempting to start container services.
2019-08-20 18:34:35,089 [Datanode State Machine Thread - 0] INFO  ozoneimpl.OzoneContainer (OzoneContainer.java:startContainerScrub(160)) - Background container scrubber has been disabled by hdds.containerscrub.enabled
2019-08-20 18:34:35,090 [Datanode State Machine Thread - 0] INFO  ratis.XceiverServerRatis (XceiverServerRatis.java:start(404)) - Starting XceiverServerRatis 1302226f-fb4b-4090-a63b-e19082dd7f8c at port 40142
2019-08-20 18:34:35,100 [Datanode State Machine Thread - 0] INFO  impl.RaftServerImpl (RaftServerImpl.java:start(180)) - 1302226f-fb4b-4090-a63b-e19082dd7f8c: start group-EE44822CEB44
2019-08-20 18:34:35,100 [ForkJoinPool.commonPool-worker-0] INFO  impl.RaftServerImpl (RaftServerImpl.java:start(180)) - 1302226f-fb4b-4090-a63b-e19082dd7f8c: start group-B92D43AEF28B
2019-08-20 18:34:35,101 [Datanode State Machine Thread - 0] INFO  impl.RaftServerImpl (RaftServerImpl.java:setRole(171)) - 1302226f-fb4b-4090-a63b-e19082dd7f8c:group-EE44822CEB44 changes role from null to FOLLOWER at term 1 for startAsFollower
2019-08-20 18:34:35,103 [ForkJoinPool.commonPool-worker-0] INFO  impl.RaftServerImpl (RaftServerImpl.java:setRole(171)) - 1302226f-fb4b-4090-a63b-e19082dd7f8c:group-B92D43AEF28B changes role from null to FOLLOWER at term 1 for startInitializing
2019-08-20 18:34:35,103 [Datanode State Machine Thread - 0] INFO  impl.RoleInfo (RoleInfo.java:updateAndGet(143)) - 1302226f-fb4b-4090-a63b-e19082dd7f8c: start FollowerState
2019-08-20 18:34:35,104 [ForkJoinPool.commonPool-worker-0] INFO  util.JmxRegister (JmxRegister.java:tryRegister(44)) - Successfully registered JMX Bean with object name Ratis:service=RaftServer,group=group-B92D43AEF28B,id=1302226f-fb4b-4090-a63b-e19082dd7f8c
2019-08-20 18:34:35,104 [Datanode State Machine Thread - 0] INFO  util.JmxRegister (JmxRegister.java:tryRegister(44)) - Successfully registered JMX Bean with object name Ratis:service=RaftServer,group=group-EE44822CEB44,id=1302226f-fb4b-4090-a63b-e19082dd7f8c
2019-08-20 18:34:35,105 [Datanode State Machine Thread - 0] INFO  impl.RaftServerProxy (RaftServerProxy.java:lambda$start$3(299)) - 1302226f-fb4b-4090-a63b-e19082dd7f8c: start RPC server
2019-08-20 18:34:35,107 [Datanode State Machine Thread - 0] INFO  server.GrpcService (GrpcService.java:startImpl(149)) - 1302226f-fb4b-4090-a63b-e19082dd7f8c: GrpcService started, listening on 0.0.0.0/0.0.0.0:40142
2019-08-20 18:34:35,299 | INFO  | SCMAudit | user=jenkins1000 | ip=192.168.5.168 | op=GET_VERSION null | ret=SUCCESS |  
2019-08-20 18:34:35,301 [Datanode State Machine Thread - 0] INFO  ozoneimpl.OzoneContainer (OzoneContainer.java:start(186)) - Attempting to start container services.
2019-08-20 18:34:35,301 [Datanode State Machine Thread - 0] INFO  ozoneimpl.OzoneContainer (OzoneContainer.java:startContainerScrub(160)) - Background container scrubber has been disabled by hdds.containerscrub.enabled
2019-08-20 18:34:35,301 [Datanode State Machine Thread - 0] INFO  ratis.XceiverServerRatis (XceiverServerRatis.java:start(404)) - Starting XceiverServerRatis 208f2d0e-9df1-4c51-a4e7-c27d855217c8 at port 35300
2019-08-20 18:34:35,309 [Datanode State Machine Thread - 0] INFO  impl.RaftServerImpl (RaftServerImpl.java:start(180)) - 208f2d0e-9df1-4c51-a4e7-c27d855217c8: start group-238710BFEF5B
2019-08-20 18:34:35,310 [ForkJoinPool.commonPool-worker-0] INFO  impl.RaftServerImpl (RaftServerImpl.java:start(180)) - 208f2d0e-9df1-4c51-a4e7-c27d855217c8: start group-B92D43AEF28B
2019-08-20 18:34:35,311 [Datanode State Machine Thread - 0] INFO  impl.RaftServerImpl (RaftServerImpl.java:setRole(171)) - 208f2d0e-9df1-4c51-a4e7-c27d855217c8:group-238710BFEF5B changes role from null to FOLLOWER at term 1 for startAsFollower
2019-08-20 18:34:35,312 [ForkJoinPool.commonPool-worker-0] INFO  impl.RaftServerImpl (RaftServerImpl.java:setRole(171)) - 208f2d0e-9df1-4c51-a4e7-c27d855217c8:group-B92D43AEF28B changes role from null to FOLLOWER at term 2 for startAsFollower
2019-08-20 18:34:35,313 [Datanode State Machine Thread - 0] INFO  impl.RoleInfo (RoleInfo.java:updateAndGet(143)) - 208f2d0e-9df1-4c51-a4e7-c27d855217c8: start FollowerState
2019-08-20 18:34:35,313 [ForkJoinPool.commonPool-worker-0] INFO  impl.RoleInfo (RoleInfo.java:updateAndGet(143)) - 208f2d0e-9df1-4c51-a4e7-c27d855217c8: start FollowerState
2019-08-20 18:34:35,314 [Datanode State Machine Thread - 0] INFO  util.JmxRegister (JmxRegister.java:tryRegister(44)) - Successfully registered JMX Bean with object name Ratis:service=RaftServer,group=group-238710BFEF5B,id=208f2d0e-9df1-4c51-a4e7-c27d855217c8
2019-08-20 18:34:35,314 [ForkJoinPool.commonPool-worker-0] INFO  util.JmxRegister (JmxRegister.java:tryRegister(44)) - Successfully registered JMX Bean with object name Ratis:service=RaftServer,group=group-B92D43AEF28B,id=208f2d0e-9df1-4c51-a4e7-c27d855217c8
2019-08-20 18:34:35,314 [Datanode State Machine Thread - 0] INFO  impl.RaftServerProxy (RaftServerProxy.java:lambda$start$3(299)) - 208f2d0e-9df1-4c51-a4e7-c27d855217c8: start RPC server
2019-08-20 18:34:35,316 [Datanode State Machine Thread - 0] INFO  server.GrpcService (GrpcService.java:startImpl(149)) - 208f2d0e-9df1-4c51-a4e7-c27d855217c8: GrpcService started, listening on 0.0.0.0/0.0.0.0:35300
2019-08-20 18:34:35,744 | INFO  | SCMAudit | user=jenkins1000 | ip=192.168.5.168 | op=GET_VERSION null | ret=SUCCESS |  
2019-08-20 18:34:35,745 [Datanode State Machine Thread - 0] INFO  ozoneimpl.OzoneContainer (OzoneContainer.java:start(186)) - Attempting to start container services.
2019-08-20 18:34:35,745 [Datanode State Machine Thread - 0] INFO  ozoneimpl.OzoneContainer (OzoneContainer.java:startContainerScrub(160)) - Background container scrubber has been disabled by hdds.containerscrub.enabled
2019-08-20 18:34:35,746 [Datanode State Machine Thread - 0] INFO  ratis.XceiverServerRatis (XceiverServerRatis.java:start(404)) - Starting XceiverServerRatis b097e9c8-72ce-4bfa-99ed-e41898e4335b at port 41312
2019-08-20 18:34:35,755 [Datanode State Machine Thread - 0] INFO  impl.RaftServerImpl (RaftServerImpl.java:start(180)) - b097e9c8-72ce-4bfa-99ed-e41898e4335b: start group-2D0B3254AD72
2019-08-20 18:34:35,755 [ForkJoinPool.commonPool-worker-0] INFO  impl.RaftServerImpl (RaftServerImpl.java:start(180)) - b097e9c8-72ce-4bfa-99ed-e41898e4335b: start group-B92D43AEF28B
2019-08-20 18:34:35,757 [Datanode State Machine Thread - 0] INFO  impl.RaftServerImpl (RaftServerImpl.java:setRole(171)) - b097e9c8-72ce-4bfa-99ed-e41898e4335b:group-2D0B3254AD72 changes role from null to FOLLOWER at term 1 for startAsFollower
2019-08-20 18:34:35,758 [ForkJoinPool.commonPool-worker-0] INFO  impl.RaftServerImpl (RaftServerImpl.java:setRole(171)) - b097e9c8-72ce-4bfa-99ed-e41898e4335b:group-B92D43AEF28B changes role from null to FOLLOWER at term 2 for startAsFollower
2019-08-20 18:34:35,759 [Datanode State Machine Thread - 0] INFO  impl.RoleInfo (RoleInfo.java:updateAndGet(143)) - b097e9c8-72ce-4bfa-99ed-e41898e4335b: start FollowerState
2019-08-20 18:34:35,759 [ForkJoinPool.commonPool-worker-0] INFO  impl.RoleInfo (RoleInfo.java:updateAndGet(143)) - b097e9c8-72ce-4bfa-99ed-e41898e4335b: start FollowerState
2019-08-20 18:34:35,760 [Datanode State Machine Thread - 0] INFO  util.JmxRegister (JmxRegister.java:tryRegister(44)) - Successfully registered JMX Bean with object name Ratis:service=RaftServer,group=group-2D0B3254AD72,id=b097e9c8-72ce-4bfa-99ed-e41898e4335b
2019-08-20 18:34:35,760 [ForkJoinPool.commonPool-worker-0] INFO  util.JmxRegister (JmxRegister.java:tryRegister(44)) - Successfully registered JMX Bean with object name Ratis:service=RaftServer,group=group-B92D43AEF28B,id=b097e9c8-72ce-4bfa-99ed-e41898e4335b
2019-08-20 18:34:35,760 [Datanode State Machine Thread - 0] INFO  impl.RaftServerProxy (RaftServerProxy.java:lambda$start$3(299)) - b097e9c8-72ce-4bfa-99ed-e41898e4335b: start RPC server
2019-08-20 18:34:35,763 [Datanode State Machine Thread - 0] INFO  server.GrpcService (GrpcService.java:startImpl(149)) - b097e9c8-72ce-4bfa-99ed-e41898e4335b: GrpcService started, listening on 0.0.0.0/0.0.0.0:41312
2019-08-20 18:34:37,093 | INFO  | SCMAudit | user=jenkins1000 | ip=192.168.5.168 | op=REGISTER {datanodeDetails=1302226f-fb4b-4090-a63b-e19082dd7f8c{ip: 192.168.5.168, host: pr-hdds-1927-28fzr-1052167450, networkLocation: /default-rack, certSerialId: null}} | ret=SUCCESS |  
2019-08-20 18:34:37,113 [grpc-default-executor-0] INFO  impl.RaftServerProxy (RaftServerProxy.java:remove(95)) - 1302226f-fb4b-4090-a63b-e19082dd7f8c: remove FOLLOWER group-B92D43AEF28B 1302226f-fb4b-4090-a63b-e19082dd7f8c:t1, leader=null, voted=1302226f-fb4b-4090-a63b-e19082dd7f8c, raftlog=1302226f-fb4b-4090-a63b-e19082dd7f8c-SegmentedRaftLog:OPENED:c-1,f-1,i0, conf=-1: [], old=null STARTING
2019-08-20 18:34:37,113 [grpc-default-executor-0] INFO  impl.RaftServerImpl (RaftServerImpl.java:lambda$shutdown$3(245)) - 1302226f-fb4b-4090-a63b-e19082dd7f8c: shutdown group-B92D43AEF28B
2019-08-20 18:34:37,113 [grpc-default-executor-0] INFO  util.JmxRegister (JmxRegister.java:unregister(73)) - Successfully un-registered JMX Bean with object name Ratis:service=RaftServer,group=group-B92D43AEF28B,id=1302226f-fb4b-4090-a63b-e19082dd7f8c
2019-08-20 18:34:37,114 [grpc-default-executor-0] INFO  impl.StateMachineUpdater (StateMachineUpdater.java:stopAndJoin(115)) - StateMachineUpdater:1302226f-fb4b-4090-a63b-e19082dd7f8c:group-B92D43AEF28B: set stopIndex = -1
2019-08-20 18:34:37,114 [grpc-default-executor-0] INFO  impl.RaftServerImpl (ServerState.java:close(394)) - 1302226f-fb4b-4090-a63b-e19082dd7f8c:group-B92D43AEF28B closes. The last applied log index is -1
2019-08-20 18:34:37,114 [1302226f-fb4b-4090-a63b-e19082dd7f8c-SegmentedRaftLogWorker:Storage Directory /workdir/hadoop-ozone/integration-test/target/test-dir/MiniOzoneClusterImpl-17c14715-311f-4e0b-8c69-0ee14c49d74d/datanode-0/data/ratis/a6e59073-c99e-481d-ad8f-b92d43aef28b] INFO  segmented.SegmentedRaftLogWorker (SegmentedRaftLogWorker.java:run(313)) - 1302226f-fb4b-4090-a63b-e19082dd7f8c-SegmentedRaftLogWorker:Storage Directory /workdir/hadoop-ozone/integration-test/target/test-dir/MiniOzoneClusterImpl-17c14715-311f-4e0b-8c69-0ee14c49d74d/datanode-0/data/ratis/a6e59073-c99e-481d-ad8f-b92d43aef28b was interrupted, exiting. There are 0 tasks remaining in the queue.
2019-08-20 18:34:37,115 [grpc-default-executor-0] INFO  segmented.SegmentedRaftLogWorker (SegmentedRaftLogWorker.java:close(228)) - 1302226f-fb4b-4090-a63b-e19082dd7f8c-SegmentedRaftLogWorker:Storage Directory /workdir/hadoop-ozone/integration-test/target/test-dir/MiniOzoneClusterImpl-17c14715-311f-4e0b-8c69-0ee14c49d74d/datanode-0/data/ratis/a6e59073-c99e-481d-ad8f-b92d43aef28b close()
2019-08-20 18:34:37,301 | INFO  | SCMAudit | user=jenkins1000 | ip=192.168.5.168 | op=REGISTER {datanodeDetails=208f2d0e-9df1-4c51-a4e7-c27d855217c8{ip: 192.168.5.168, host: pr-hdds-1927-28fzr-1052167450, networkLocation: /default-rack, certSerialId: null}} | ret=SUCCESS |  
2019-08-20 18:34:37,310 [grpc-default-executor-0] INFO  impl.RaftServerProxy (RaftServerProxy.java:remove(95)) - 208f2d0e-9df1-4c51-a4e7-c27d855217c8: remove FOLLOWER group-B92D43AEF28B 208f2d0e-9df1-4c51-a4e7-c27d855217c8:t2, leader=null, voted=208f2d0e-9df1-4c51-a4e7-c27d855217c8, raftlog=208f2d0e-9df1-4c51-a4e7-c27d855217c8-SegmentedRaftLog:OPENED:c-1,f0,i0, conf=0: [1302226f-fb4b-4090-a63b-e19082dd7f8c:192.168.5.168:40142, 208f2d0e-9df1-4c51-a4e7-c27d855217c8:192.168.5.168:35300, b097e9c8-72ce-4bfa-99ed-e41898e4335b:192.168.5.168:41312], old=null RUNNING
2019-08-20 18:34:37,310 [grpc-default-executor-0] INFO  impl.RaftServerImpl (RaftServerImpl.java:lambda$shutdown$3(245)) - 208f2d0e-9df1-4c51-a4e7-c27d855217c8: shutdown group-B92D43AEF28B
2019-08-20 18:34:37,310 [grpc-default-executor-0] INFO  util.JmxRegister (JmxRegister.java:unregister(73)) - Successfully un-registered JMX Bean with object name Ratis:service=RaftServer,group=group-B92D43AEF28B,id=208f2d0e-9df1-4c51-a4e7-c27d855217c8
2019-08-20 18:34:37,311 [grpc-default-executor-0] INFO  impl.RoleInfo (RoleInfo.java:shutdownFollowerState(121)) - 208f2d0e-9df1-4c51-a4e7-c27d855217c8: shutdown FollowerState
2019-08-20 18:34:37,311 [grpc-default-executor-0] INFO  impl.StateMachineUpdater (StateMachineUpdater.java:stopAndJoin(115)) - StateMachineUpdater:208f2d0e-9df1-4c51-a4e7-c27d855217c8:group-B92D43AEF28B: set stopIndex = -1
2019-08-20 18:34:37,311 [Thread-606] INFO  impl.FollowerState (FollowerState.java:run(114)) - 208f2d0e-9df1-4c51-a4e7-c27d855217c8: FollowerState was interrupted: java.lang.InterruptedException: sleep interrupted
2019-08-20 18:34:37,311 [grpc-default-executor-0] INFO  impl.RaftServerImpl (ServerState.java:close(394)) - 208f2d0e-9df1-4c51-a4e7-c27d855217c8:group-B92D43AEF28B closes. The last applied log index is -1
2019-08-20 18:34:37,313 [208f2d0e-9df1-4c51-a4e7-c27d855217c8-SegmentedRaftLogWorker:Storage Directory /workdir/hadoop-ozone/integration-test/target/test-dir/MiniOzoneClusterImpl-17c14715-311f-4e0b-8c69-0ee14c49d74d/datanode-1/data/ratis/a6e59073-c99e-481d-ad8f-b92d43aef28b] INFO  segmented.SegmentedRaftLogWorker (SegmentedRaftLogWorker.java:run(313)) - 208f2d0e-9df1-4c51-a4e7-c27d855217c8-SegmentedRaftLogWorker:Storage Directory /workdir/hadoop-ozone/integration-test/target/test-dir/MiniOzoneClusterImpl-17c14715-311f-4e0b-8c69-0ee14c49d74d/datanode-1/data/ratis/a6e59073-c99e-481d-ad8f-b92d43aef28b was interrupted, exiting. There are 0 tasks remaining in the queue.
2019-08-20 18:34:37,315 [grpc-default-executor-0] INFO  segmented.SegmentedRaftLogWorker (SegmentedRaftLogWorker.java:close(228)) - 208f2d0e-9df1-4c51-a4e7-c27d855217c8-SegmentedRaftLogWorker:Storage Directory /workdir/hadoop-ozone/integration-test/target/test-dir/MiniOzoneClusterImpl-17c14715-311f-4e0b-8c69-0ee14c49d74d/datanode-1/data/ratis/a6e59073-c99e-481d-ad8f-b92d43aef28b close()
2019-08-20 18:34:37,713 [main] INFO  ozone.MiniOzoneClusterImpl (MiniOzoneClusterImpl.java:shutdown(321)) - Shutting down the Mini Ozone Cluster
2019-08-20 18:34:37,714 | INFO  | SCMAudit | user=null | ip=null | op=GET_SCM_INFO null | ret=SUCCESS |  
2019-08-20 18:34:37,714 [main] INFO  ozone.MiniOzoneClusterImpl (MiniOzoneClusterImpl.java:stop(336)) - Stopping the Mini Ozone Cluster
2019-08-20 18:34:37,714 [main] INFO  ozone.MiniOzoneClusterImpl (MiniOzoneClusterImpl.java:stop(338)) - Stopping the OzoneManager
2019-08-20 18:34:37,716 [main] INFO  ipc.Server (Server.java:stop(3082)) - Stopping server on 46696
2019-08-20 18:34:37,726 [main] INFO  ratis.OzoneManagerDoubleBuffer (OzoneManagerDoubleBuffer.java:stop(248)) - Stopping OMDoubleBuffer flush thread
2019-08-20 18:34:37,727 [IPC Server listener on 46696] INFO  ipc.Server (Server.java:run(1185)) - Stopping IPC Server listener on 46696
2019-08-20 18:34:37,727 [IPC Server Responder] INFO  ipc.Server (Server.java:run(1319)) - Stopping IPC Server Responder
2019-08-20 18:34:37,736 [OMDoubleBufferFlushThread] INFO  ratis.OzoneManagerDoubleBuffer (OzoneManagerDoubleBuffer.java:flushTransactions(191)) - OMDoubleBuffer flush thread OMDoubleBufferFlushThread is interrupted and will exit. OMDoubleBufferFlushThread
2019-08-20 18:34:37,744 [main] INFO  utils.BackgroundService (BackgroundService.java:shutdown(148)) - Shutting down service KeyDeletingService
2019-08-20 18:34:37,750 [main] INFO  handler.ContextHandler (ContextHandler.java:doStop(910)) - Stopped o.e.j.w.WebAppContext@341b89{/,null,UNAVAILABLE}{/ozoneManager}
2019-08-20 18:34:37,750 | INFO  | SCMAudit | user=jenkins1000 | ip=192.168.5.168 | op=REGISTER {datanodeDetails=b097e9c8-72ce-4bfa-99ed-e41898e4335b{ip: 192.168.5.168, host: pr-hdds-1927-28fzr-1052167450, networkLocation: /default-rack, certSerialId: null}} | ret=SUCCESS |  
2019-08-20 18:34:37,751 [main] INFO  server.AbstractConnector (AbstractConnector.java:doStop(318)) - Stopped ServerConnector@594aef29{HTTP/1.1,[http/1.1]}{0.0.0.0:0}
2019-08-20 18:34:37,752 [main] INFO  handler.ContextHandler (ContextHandler.java:doStop(910)) - Stopped o.e.j.s.ServletContextHandler@345d38af{/static,file:///workdir/hadoop-ozone/integration-test/target/test-classes/webapps/static,UNAVAILABLE}
2019-08-20 18:34:37,754 [main] INFO  handler.ContextHandler (ContextHandler.java:doStop(910)) - Stopped o.e.j.s.ServletContextHandler@851d2a9{/logs,file:///workdir/hadoop-ozone/integration-test/target/log,UNAVAILABLE}
2019-08-20 18:34:37,758 [main] INFO  ozone.MiniOzoneClusterImpl (MiniOzoneClusterImpl.java:stop(344)) - Shutting the HddsDatanodes
2019-08-20 18:34:37,759 [main] INFO  datanode.ObjectStoreHandler (ObjectStoreHandler.java:close(155)) - Closing ObjectStoreHandler.
2019-08-20 18:34:37,759 [ForkJoinPool.commonPool-worker-0] INFO  datanode.ObjectStoreHandler (ObjectStoreHandler.java:close(155)) - Closing ObjectStoreHandler.
2019-08-20 18:34:37,760 [main] INFO  ozone.HddsDatanodeService (HddsDatanodeService.java:stop(451)) - Stopped plug-in org.apache.hadoop.ozone.web.OzoneHddsDatanodeService@78c8c0
2019-08-20 18:34:37,760 [ForkJoinPool.commonPool-worker-0] INFO  ozone.HddsDatanodeService (HddsDatanodeService.java:stop(451)) - Stopped plug-in org.apache.hadoop.ozone.web.OzoneHddsDatanodeService@63b41784
2019-08-20 18:34:37,764 [grpc-default-executor-0] INFO  impl.RaftServerProxy (RaftServerProxy.java:remove(95)) - b097e9c8-72ce-4bfa-99ed-e41898e4335b: remove FOLLOWER group-B92D43AEF28B b097e9c8-72ce-4bfa-99ed-e41898e4335b:t2, leader=null, voted=208f2d0e-9df1-4c51-a4e7-c27d855217c8, raftlog=b097e9c8-72ce-4bfa-99ed-e41898e4335b-SegmentedRaftLog:OPENED:c-1,f0,i0, conf=0: [1302226f-fb4b-4090-a63b-e19082dd7f8c:192.168.5.168:40142, 208f2d0e-9df1-4c51-a4e7-c27d855217c8:192.168.5.168:35300, b097e9c8-72ce-4bfa-99ed-e41898e4335b:192.168.5.168:41312], old=null RUNNING
2019-08-20 18:34:37,765 [grpc-default-executor-0] INFO  impl.RaftServerImpl (RaftServerImpl.java:lambda$shutdown$3(245)) - b097e9c8-72ce-4bfa-99ed-e41898e4335b: shutdown group-B92D43AEF28B
2019-08-20 18:34:37,765 [grpc-default-executor-0] INFO  util.JmxRegister (JmxRegister.java:unregister(73)) - Successfully un-registered JMX Bean with object name Ratis:service=RaftServer,group=group-B92D43AEF28B,id=b097e9c8-72ce-4bfa-99ed-e41898e4335b
2019-08-20 18:34:37,765 [grpc-default-executor-0] INFO  impl.RoleInfo (RoleInfo.java:shutdownFollowerState(121)) - b097e9c8-72ce-4bfa-99ed-e41898e4335b: shutdown FollowerState
2019-08-20 18:34:37,766 [grpc-default-executor-0] INFO  impl.StateMachineUpdater (StateMachineUpdater.java:stopAndJoin(115)) - StateMachineUpdater:b097e9c8-72ce-4bfa-99ed-e41898e4335b:group-B92D43AEF28B: set stopIndex = -1
2019-08-20 18:34:37,766 [Thread-608] INFO  impl.FollowerState (FollowerState.java:run(114)) - b097e9c8-72ce-4bfa-99ed-e41898e4335b: FollowerState was interrupted: java.lang.InterruptedException: sleep interrupted
2019-08-20 18:34:37,766 [grpc-default-executor-0] INFO  impl.RaftServerImpl (ServerState.java:close(394)) - b097e9c8-72ce-4bfa-99ed-e41898e4335b:group-B92D43AEF28B closes. The last applied log index is -1
2019-08-20 18:34:37,768 [b097e9c8-72ce-4bfa-99ed-e41898e4335b-SegmentedRaftLogWorker:Storage Directory /workdir/hadoop-ozone/integration-test/target/test-dir/MiniOzoneClusterImpl-17c14715-311f-4e0b-8c69-0ee14c49d74d/datanode-2/data/ratis/a6e59073-c99e-481d-ad8f-b92d43aef28b] INFO  segmented.SegmentedRaftLogWorker (SegmentedRaftLogWorker.java:run(313)) - b097e9c8-72ce-4bfa-99ed-e41898e4335b-SegmentedRaftLogWorker:Storage Directory /workdir/hadoop-ozone/integration-test/target/test-dir/MiniOzoneClusterImpl-17c14715-311f-4e0b-8c69-0ee14c49d74d/datanode-2/data/ratis/a6e59073-c99e-481d-ad8f-b92d43aef28b was interrupted, exiting. There are 0 tasks remaining in the queue.
2019-08-20 18:34:37,769 [grpc-default-executor-0] INFO  segmented.SegmentedRaftLogWorker (SegmentedRaftLogWorker.java:close(228)) - b097e9c8-72ce-4bfa-99ed-e41898e4335b-SegmentedRaftLogWorker:Storage Directory /workdir/hadoop-ozone/integration-test/target/test-dir/MiniOzoneClusterImpl-17c14715-311f-4e0b-8c69-0ee14c49d74d/datanode-2/data/ratis/a6e59073-c99e-481d-ad8f-b92d43aef28b close()
2019-08-20 18:34:39,085 [Datanode State Machine Thread - 0] INFO  statemachine.DatanodeStateMachine (DatanodeStateMachine.java:lambda$startDaemon$0(350)) - Ozone container server started.
2019-08-20 18:34:39,299 [Datanode State Machine Thread - 0] INFO  statemachine.DatanodeStateMachine (DatanodeStateMachine.java:lambda$startDaemon$0(350)) - Ozone container server started.
2019-08-20 18:34:39,745 | INFO  | SCMAudit | user=jenkins1000 | ip=192.168.5.168 | op=SEND_HEARTBEAT {datanodeUUID=b097e9c8-72ce-4bfa-99ed-e41898e4335b, command=[]} | ret=SUCCESS |  
2019-08-20 18:34:39,841 [grpc-default-executor-0] INFO  impl.RaftServerProxy (RaftServerProxy.java:addNew(89)) - b097e9c8-72ce-4bfa-99ed-e41898e4335b: addNew group-CB3F238C2ED6:[b097e9c8-72ce-4bfa-99ed-e41898e4335b:192.168.5.168:41312] returns group-CB3F238C2ED6:java.util.concurrent.CompletableFuture@d785907[Not completed]
2019-08-20 18:34:39,843 [pool-170-thread-1] INFO  impl.RaftServerImpl (RaftServerImpl.java:<init>(93)) - b097e9c8-72ce-4bfa-99ed-e41898e4335b: new RaftServerImpl for group-CB3F238C2ED6:[b097e9c8-72ce-4bfa-99ed-e41898e4335b:192.168.5.168:41312] with ContainerStateMachine:uninitialized
2019-08-20 18:34:39,843 [pool-170-thread-1] INFO  server.RaftServerConfigKeys (ConfUtils.java:logGet(43)) - raft.server.rpc.timeout.min = 5s (custom)
2019-08-20 18:34:39,843 [pool-170-thread-1] INFO  server.RaftServerConfigKeys (ConfUtils.java:logGet(43)) - raft.server.rpc.timeout.max = 5200ms (custom)
2019-08-20 18:34:39,844 [pool-170-thread-1] INFO  server.RaftServerConfigKeys (ConfUtils.java:logGet(43)) - raft.server.rpcslowness.timeout = 120s (custom)
2019-08-20 18:34:39,844 [pool-170-thread-1] INFO  server.RaftServerConfigKeys (ConfUtils.java:logGet(43)) - raft.server.sleep.deviation.threshold = 300 (default)
2019-08-20 18:34:39,844 [pool-170-thread-1] INFO  server.RaftServerConfigKeys (ConfUtils.java:logGet(43)) - raft.server.log.appender.install.snapshot.enabled = false (custom)
2019-08-20 18:34:39,844 [pool-170-thread-1] INFO  impl.RaftServerImpl (ServerState.java:<init>(105)) - b097e9c8-72ce-4bfa-99ed-e41898e4335b:group-CB3F238C2ED6 ConfigurationManager, init=-1: [b097e9c8-72ce-4bfa-99ed-e41898e4335b:192.168.5.168:41312], old=null, confs=<EMPTY_MAP>
2019-08-20 18:34:39,844 [pool-170-thread-1] INFO  server.RaftServerConfigKeys (ConfUtils.java:logGet(43)) - raft.server.storage.dir = [/workdir/hadoop-ozone/integration-test/target/test-dir/MiniOzoneClusterImpl-17c14715-311f-4e0b-8c69-0ee14c49d74d/datanode-2/data/ratis] (custom)
2019-08-20 18:34:39,846 [pool-170-thread-1] INFO  storage.RaftStorageDirectory (RaftStorageDirectory.java:analyzeStorage(246)) - The storage directory /workdir/hadoop-ozone/integration-test/target/test-dir/MiniOzoneClusterImpl-17c14715-311f-4e0b-8c69-0ee14c49d74d/datanode-2/data/ratis/ec9167be-6d3d-4b08-8131-cb3f238c2ed6 does not exist. Creating ...
2019-08-20 18:34:39,871 [pool-170-thread-1] INFO  storage.RaftStorageDirectory (RaftStorageDirectory.java:tryLock(328)) - Lock on /workdir/hadoop-ozone/integration-test/target/test-dir/MiniOzoneClusterImpl-17c14715-311f-4e0b-8c69-0ee14c49d74d/datanode-2/data/ratis/ec9167be-6d3d-4b08-8131-cb3f238c2ed6/in_use.lock acquired by nodename 15395@pr-hdds-1927-28fzr-1052167450
2019-08-20 18:34:39,885 [pool-170-thread-1] INFO  storage.RaftStorage (RaftStorage.java:format(72)) - Storage directory /workdir/hadoop-ozone/integration-test/target/test-dir/MiniOzoneClusterImpl-17c14715-311f-4e0b-8c69-0ee14c49d74d/datanode-2/data/ratis/ec9167be-6d3d-4b08-8131-cb3f238c2ed6 has been successfully formatted.
2019-08-20 18:34:39,885 [pool-170-thread-1] INFO  ratis.ContainerStateMachine (ContainerStateMachine.java:loadSnapshot(222)) - group-CB3F238C2ED6: The snapshot info is null. Setting the last applied indexto:(t:0, i:~)
2019-08-20 18:34:39,885 [pool-170-thread-1] INFO  server.RaftServerConfigKeys (ConfUtils.java:logGet(43)) - raft.server.leader.election.timeout = 120s (custom)
2019-08-20 18:34:39,885 [pool-170-thread-1] INFO  server.RaftServerConfigKeys (ConfUtils.java:logGet(43)) - raft.server.log.use.memory = false (default)
2019-08-20 18:34:39,886 [pool-170-thread-1] INFO  server.RaftServerConfigKeys (ConfUtils.java:logGet(43)) - raft.server.log.purge.gap = 1000000 (custom)
2019-08-20 18:34:39,886 [pool-170-thread-1] INFO  server.RaftServerConfigKeys (ConfUtils.java:logGet(43)) - raft.server.log.appender.buffer.byte-limit = 33554432 (custom)
2019-08-20 18:34:39,886 [pool-170-thread-1] INFO  server.RaftServerConfigKeys (ConfUtils.java:logGet(43)) - raft.server.log.segment.size.max = 1048576 (custom)
2019-08-20 18:34:39,886 [pool-170-thread-1] INFO  server.RaftServerConfigKeys (ConfUtils.java:logGet(43)) - raft.server.log.segment.cache.num.max = 2 (custom)
2019-08-20 18:34:39,886 [pool-170-thread-1] INFO  segmented.SegmentedRaftLogWorker (SegmentedRaftLogWorker.java:<init>(172)) - new b097e9c8-72ce-4bfa-99ed-e41898e4335b-SegmentedRaftLogWorker:Storage Directory /workdir/hadoop-ozone/integration-test/target/test-dir/MiniOzoneClusterImpl-17c14715-311f-4e0b-8c69-0ee14c49d74d/datanode-2/data/ratis/ec9167be-6d3d-4b08-8131-cb3f238c2ed6 for RaftStorage:Storage Directory /workdir/hadoop-ozone/integration-test/target/test-dir/MiniOzoneClusterImpl-17c14715-311f-4e0b-8c69-0ee14c49d74d/datanode-2/data/ratis/ec9167be-6d3d-4b08-8131-cb3f238c2ed6
2019-08-20 18:34:39,886 [pool-170-thread-1] INFO  server.RaftServerConfigKeys (ConfUtils.java:logGet(43)) - raft.server.log.queue.byte-limit = 2147483647 (custom)
2019-08-20 18:34:39,887 [pool-170-thread-1] INFO  server.RaftServerConfigKeys (ConfUtils.java:logGet(43)) - raft.server.log.queue.element-limit = 1024 (custom)
2019-08-20 18:34:39,887 [pool-170-thread-1] INFO  server.RaftServerConfigKeys (ConfUtils.java:logGet(43)) - raft.server.log.segment.size.max = 1048576 (custom)
2019-08-20 18:34:39,887 [pool-170-thread-1] INFO  server.RaftServerConfigKeys (ConfUtils.java:logGet(43)) - raft.server.log.preallocated.size = 16384 (custom)
2019-08-20 18:34:39,887 [pool-170-thread-1] INFO  server.RaftServerConfigKeys (ConfUtils.java:logGet(43)) - raft.server.log.write.buffer.size = 33554432 (custom)
2019-08-20 18:34:39,887 [pool-170-thread-1] INFO  server.RaftServerConfigKeys (ConfUtils.java:logGet(43)) - raft.server.log.force.sync.num = 128 (default)
2019-08-20 18:34:39,887 [pool-170-thread-1] INFO  server.RaftServerConfigKeys (ConfUtils.java:logGet(43)) - raft.server.log.statemachine.data.sync = true (default)
2019-08-20 18:34:39,888 [pool-170-thread-1] INFO  server.RaftServerConfigKeys (ConfUtils.java:logGet(43)) - raft.server.log.statemachine.data.sync.timeout = 10s (default)
2019-08-20 18:34:39,888 [pool-170-thread-1] INFO  server.RaftServerConfigKeys (ConfUtils.java:logGet(43)) - raft.server.log.statemachine.data.sync.timeout.retry = -1 (default)
2019-08-20 18:34:39,888 [pool-170-thread-1] INFO  server.RaftServerConfigKeys (ConfUtils.java:logGet(43)) - raft.server.log.statemachine.data.caching.enabled = true (custom)
2019-08-20 18:34:39,889 [pool-170-thread-1] INFO  segmented.SegmentedRaftLogWorker (SegmentedRaftLogWorker.java:lambda$new$0(132)) - b097e9c8-72ce-4bfa-99ed-e41898e4335b-SegmentedRaftLogWorker:Storage Directory /workdir/hadoop-ozone/integration-test/target/test-dir/MiniOzoneClusterImpl-17c14715-311f-4e0b-8c69-0ee14c49d74d/datanode-2/data/ratis/ec9167be-6d3d-4b08-8131-cb3f238c2ed6: flushIndex: setUnconditionally 0 -> -1
2019-08-20 18:34:39,889 [pool-170-thread-1] INFO  server.RaftServerConfigKeys (ConfUtils.java:logGet(43)) - raft.server.snapshot.auto.trigger.enabled = true (custom)
2019-08-20 18:34:39,889 [pool-170-thread-1] INFO  server.RaftServerConfigKeys (ConfUtils.java:logGet(43)) - raft.server.snapshot.auto.trigger.threshold = 10000 (custom)
2019-08-20 18:34:39,889 [pool-170-thread-1] INFO  server.RaftServerConfigKeys (ConfUtils.java:logGet(43)) - raft.server.retrycache.expirytime = 600000ms (custom)
2019-08-20 18:34:39,890 [pool-170-thread-1] INFO  impl.RaftServerImpl (RaftServerImpl.java:start(180)) - b097e9c8-72ce-4bfa-99ed-e41898e4335b: start group-CB3F238C2ED6
2019-08-20 18:34:39,890 [pool-170-thread-1] INFO  impl.RaftServerImpl (RaftServerImpl.java:setRole(171)) - b097e9c8-72ce-4bfa-99ed-e41898e4335b:group-CB3F238C2ED6 changes role from null to FOLLOWER at term 0 for startAsFollower
2019-08-20 18:34:39,890 [pool-170-thread-1] INFO  impl.RoleInfo (RoleInfo.java:updateAndGet(143)) - b097e9c8-72ce-4bfa-99ed-e41898e4335b: start FollowerState
2019-08-20 18:34:39,891 [pool-170-thread-1] INFO  util.JmxRegister (JmxRegister.java:tryRegister(44)) - Successfully registered JMX Bean with object name Ratis:service=RaftServer,group=group-CB3F238C2ED6,id=b097e9c8-72ce-4bfa-99ed-e41898e4335b
2019-08-20 18:34:39,896 [RatisPipelineUtilsThread] INFO  pipeline.PipelineStateManager (PipelineStateManager.java:addPipeline(56)) - Created pipeline Pipeline[ Id: ec9167be-6d3d-4b08-8131-cb3f238c2ed6, Nodes: b097e9c8-72ce-4bfa-99ed-e41898e4335b{ip: 192.168.5.168, host: pr-hdds-1927-28fzr-1052167450, networkLocation: /default-rack, certSerialId: null}, Type:RATIS, Factor:ONE, State:OPEN]
2019-08-20 18:34:40,254 [Thread-604] INFO  impl.FollowerState (FollowerState.java:run(106)) - 1302226f-fb4b-4090-a63b-e19082dd7f8c:group-EE44822CEB44 changes to CANDIDATE, lastRpcTime:5150, electionTimeout:5150ms
2019-08-20 18:34:40,254 [Thread-604] INFO  impl.RoleInfo (RoleInfo.java:shutdownFollowerState(121)) - 1302226f-fb4b-4090-a63b-e19082dd7f8c: shutdown FollowerState
2019-08-20 18:34:40,254 [Thread-604] INFO  impl.RaftServerImpl (RaftServerImpl.java:setRole(171)) - 1302226f-fb4b-4090-a63b-e19082dd7f8c:group-EE44822CEB44 changes role from FOLLOWER to CANDIDATE at term 1 for changeToCandidate
2019-08-20 18:34:40,254 [Thread-604] INFO  impl.RoleInfo (RoleInfo.java:updateAndGet(143)) - 1302226f-fb4b-4090-a63b-e19082dd7f8c: start LeaderElection
2019-08-20 18:34:40,270 [1302226f-fb4b-4090-a63b-e19082dd7f8c:group-EE44822CEB44:LeaderElection19] INFO  impl.LeaderElection (LeaderElection.java:askForVotes(181)) - 1302226f-fb4b-4090-a63b-e19082dd7f8c:group-EE44822CEB44:LeaderElection19: begin an election at term 2 for 0: [1302226f-fb4b-4090-a63b-e19082dd7f8c:192.168.5.168:40142], old=null
2019-08-20 18:34:40,270 [1302226f-fb4b-4090-a63b-e19082dd7f8c:group-EE44822CEB44:LeaderElection19] INFO  impl.RoleInfo (RoleInfo.java:shutdownLeaderElection(134)) - 1302226f-fb4b-4090-a63b-e19082dd7f8c: shutdown LeaderElection
2019-08-20 18:34:40,270 [1302226f-fb4b-4090-a63b-e19082dd7f8c:group-EE44822CEB44:LeaderElection19] INFO  impl.RaftServerImpl (RaftServerImpl.java:setRole(171)) - 1302226f-fb4b-4090-a63b-e19082dd7f8c:group-EE44822CEB44 changes role from CANDIDATE to LEADER at term 2 for changeToLeader
2019-08-20 18:34:40,270 [1302226f-fb4b-4090-a63b-e19082dd7f8c:group-EE44822CEB44:LeaderElection19] INFO  impl.RaftServerImpl (ServerState.java:setLeader(263)) - 1302226f-fb4b-4090-a63b-e19082dd7f8c:group-EE44822CEB44 change Leader from null to 1302226f-fb4b-4090-a63b-e19082dd7f8c at term 2 for becomeLeader, leader elected after 6284ms
2019-08-20 18:34:40,271 [1302226f-fb4b-4090-a63b-e19082dd7f8c:group-EE44822CEB44:LeaderElection19] INFO  server.RaftServerConfigKeys (ConfUtils.java:logGet(43)) - raft.server.staging.catchup.gap = 1000 (default)
2019-08-20 18:34:40,271 [1302226f-fb4b-4090-a63b-e19082dd7f8c:group-EE44822CEB44:LeaderElection19] INFO  server.RaftServerConfigKeys (ConfUtils.java:logGet(43)) - raft.server.rpc.sleep.time = 25ms (default)
2019-08-20 18:34:40,271 [1302226f-fb4b-4090-a63b-e19082dd7f8c:group-EE44822CEB44:LeaderElection19] INFO  server.RaftServerConfigKeys (ConfUtils.java:logGet(43)) - raft.server.write.element-limit = 4096 (default)
2019-08-20 18:34:40,271 [1302226f-fb4b-4090-a63b-e19082dd7f8c:group-EE44822CEB44:LeaderElection19] INFO  server.RaftServerConfigKeys (ConfUtils.java:logGet(43)) - raft.server.watch.timeout = 10s (default)
2019-08-20 18:34:40,271 [1302226f-fb4b-4090-a63b-e19082dd7f8c:group-EE44822CEB44:LeaderElection19] INFO  server.RaftServerConfigKeys (ConfUtils.java:logGet(43)) - raft.server.watch.timeout.denomination = 1s (default)
2019-08-20 18:34:40,272 [1302226f-fb4b-4090-a63b-e19082dd7f8c:group-EE44822CEB44:LeaderElection19] INFO  server.RaftServerConfigKeys (ConfUtils.java:logGet(43)) - raft.server.watch.element-limit = 65536 (default)
2019-08-20 18:34:40,272 [1302226f-fb4b-4090-a63b-e19082dd7f8c:group-EE44822CEB44:LeaderElection19] INFO  impl.RoleInfo (RoleInfo.java:updateAndGet(143)) - 1302226f-fb4b-4090-a63b-e19082dd7f8c: start LeaderState
2019-08-20 18:34:40,273 [1302226f-fb4b-4090-a63b-e19082dd7f8c:group-EE44822CEB44:LeaderElection19] INFO  segmented.SegmentedRaftLogWorker (SegmentedRaftLogWorker.java:rollLogSegment(385)) - 1302226f-fb4b-4090-a63b-e19082dd7f8c-SegmentedRaftLogWorker:Storage Directory /workdir/hadoop-ozone/integration-test/target/test-dir/MiniOzoneClusterImpl-17c14715-311f-4e0b-8c69-0ee14c49d74d/datanode-0/data/ratis/141c551d-cb15-4eb6-8807-ee44822ceb44: Rolling segment log-0_0 to index:0
2019-08-20 18:34:40,276 [1302226f-fb4b-4090-a63b-e19082dd7f8c-SegmentedRaftLogWorker:Storage Directory /workdir/hadoop-ozone/integration-test/target/test-dir/MiniOzoneClusterImpl-17c14715-311f-4e0b-8c69-0ee14c49d74d/datanode-0/data/ratis/141c551d-cb15-4eb6-8807-ee44822ceb44] INFO  segmented.SegmentedRaftLogWorker (SegmentedRaftLogWorker.java:execute(526)) - 1302226f-fb4b-4090-a63b-e19082dd7f8c-SegmentedRaftLogWorker:Storage Directory /workdir/hadoop-ozone/integration-test/target/test-dir/MiniOzoneClusterImpl-17c14715-311f-4e0b-8c69-0ee14c49d74d/datanode-0/data/ratis/141c551d-cb15-4eb6-8807-ee44822ceb44: Rolled log segment from /workdir/hadoop-ozone/integration-test/target/test-dir/MiniOzoneClusterImpl-17c14715-311f-4e0b-8c69-0ee14c49d74d/datanode-0/data/ratis/141c551d-cb15-4eb6-8807-ee44822ceb44/current/log_inprogress_0 to /workdir/hadoop-ozone/integration-test/target/test-dir/MiniOzoneClusterImpl-17c14715-311f-4e0b-8c69-0ee14c49d74d/datanode-0/data/ratis/141c551d-cb15-4eb6-8807-ee44822ceb44/current/log_0-0
2019-08-20 18:34:40,280 [1302226f-fb4b-4090-a63b-e19082dd7f8c:group-EE44822CEB44:LeaderElection19] INFO  impl.RaftServerImpl (ServerState.java:setRaftConf(361)) - 1302226f-fb4b-4090-a63b-e19082dd7f8c:group-EE44822CEB44 set configuration 1: [1302226f-fb4b-4090-a63b-e19082dd7f8c:192.168.5.168:40142], old=null at 1
2019-08-20 18:34:40,324 [1302226f-fb4b-4090-a63b-e19082dd7f8c-SegmentedRaftLogWorker:Storage Directory /workdir/hadoop-ozone/integration-test/target/test-dir/MiniOzoneClusterImpl-17c14715-311f-4e0b-8c69-0ee14c49d74d/datanode-0/data/ratis/141c551d-cb15-4eb6-8807-ee44822ceb44] INFO  segmented.SegmentedRaftLogWorker (SegmentedRaftLogWorker.java:execute(569)) - 1302226f-fb4b-4090-a63b-e19082dd7f8c-SegmentedRaftLogWorker:Storage Directory /workdir/hadoop-ozone/integration-test/target/test-dir/MiniOzoneClusterImpl-17c14715-311f-4e0b-8c69-0ee14c49d74d/datanode-0/data/ratis/141c551d-cb15-4eb6-8807-ee44822ceb44: created new log segment /workdir/hadoop-ozone/integration-test/target/test-dir/MiniOzoneClusterImpl-17c14715-311f-4e0b-8c69-0ee14c49d74d/datanode-0/data/ratis/141c551d-cb15-4eb6-8807-ee44822ceb44/current/log_inprogress_1
2019-08-20 18:34:40,469 [Thread-605] INFO  impl.FollowerState (FollowerState.java:run(106)) - 208f2d0e-9df1-4c51-a4e7-c27d855217c8:group-238710BFEF5B changes to CANDIDATE, lastRpcTime:5155, electionTimeout:5155ms
2019-08-20 18:34:40,469 [Thread-605] INFO  impl.RoleInfo (RoleInfo.java:shutdownFollowerState(121)) - 208f2d0e-9df1-4c51-a4e7-c27d855217c8: shutdown FollowerState
2019-08-20 18:34:40,469 [Thread-605] INFO  impl.RaftServerImpl (RaftServerImpl.java:setRole(171)) - 208f2d0e-9df1-4c51-a4e7-c27d855217c8:group-238710BFEF5B changes role from FOLLOWER to CANDIDATE at term 1 for changeToCandidate
2019-08-20 18:34:40,469 [Thread-605] INFO  impl.RoleInfo (RoleInfo.java:updateAndGet(143)) - 208f2d0e-9df1-4c51-a4e7-c27d855217c8: start LeaderElection
2019-08-20 18:34:40,490 [208f2d0e-9df1-4c51-a4e7-c27d855217c8:group-238710BFEF5B:LeaderElection20] INFO  impl.LeaderElection (LeaderElection.java:askForVotes(181)) - 208f2d0e-9df1-4c51-a4e7-c27d855217c8:group-238710BFEF5B:LeaderElection20: begin an election at term 2 for 0: [208f2d0e-9df1-4c51-a4e7-c27d855217c8:192.168.5.168:35300], old=null
2019-08-20 18:34:40,490 [208f2d0e-9df1-4c51-a4e7-c27d855217c8:group-238710BFEF5B:LeaderElection20] INFO  impl.RoleInfo (RoleInfo.java:shutdownLeaderElection(134)) - 208f2d0e-9df1-4c51-a4e7-c27d855217c8: shutdown LeaderElection
2019-08-20 18:34:40,491 [208f2d0e-9df1-4c51-a4e7-c27d855217c8:group-238710BFEF5B:LeaderElection20] INFO  impl.RaftServerImpl (RaftServerImpl.java:setRole(171)) - 208f2d0e-9df1-4c51-a4e7-c27d855217c8:group-238710BFEF5B changes role from CANDIDATE to LEADER at term 2 for changeToLeader
2019-08-20 18:34:40,491 [208f2d0e-9df1-4c51-a4e7-c27d855217c8:group-238710BFEF5B:LeaderElection20] INFO  impl.RaftServerImpl (ServerState.java:setLeader(263)) - 208f2d0e-9df1-4c51-a4e7-c27d855217c8:group-238710BFEF5B change Leader from null to 208f2d0e-9df1-4c51-a4e7-c27d855217c8 at term 2 for becomeLeader, leader elected after 6465ms
2019-08-20 18:34:40,491 [208f2d0e-9df1-4c51-a4e7-c27d855217c8:group-238710BFEF5B:LeaderElection20] INFO  server.RaftServerConfigKeys (ConfUtils.java:logGet(43)) - raft.server.staging.catchup.gap = 1000 (default)
2019-08-20 18:34:40,491 [208f2d0e-9df1-4c51-a4e7-c27d855217c8:group-238710BFEF5B:LeaderElection20] INFO  server.RaftServerConfigKeys (ConfUtils.java:logGet(43)) - raft.server.rpc.sleep.time = 25ms (default)
2019-08-20 18:34:40,491 [208f2d0e-9df1-4c51-a4e7-c27d855217c8:group-238710BFEF5B:LeaderElection20] INFO  server.RaftServerConfigKeys (ConfUtils.java:logGet(43)) - raft.server.write.element-limit = 4096 (default)
2019-08-20 18:34:40,491 [208f2d0e-9df1-4c51-a4e7-c27d855217c8:group-238710BFEF5B:LeaderElection20] INFO  server.RaftServerConfigKeys (ConfUtils.java:logGet(43)) - raft.server.watch.timeout = 10s (default)
2019-08-20 18:34:40,491 [208f2d0e-9df1-4c51-a4e7-c27d855217c8:group-238710BFEF5B:LeaderElection20] INFO  server.RaftServerConfigKeys (ConfUtils.java:logGet(43)) - raft.server.watch.timeout.denomination = 1s (default)
2019-08-20 18:34:40,491 [208f2d0e-9df1-4c51-a4e7-c27d855217c8:group-238710BFEF5B:LeaderElection20] INFO  server.RaftServerConfigKeys (ConfUtils.java:logGet(43)) - raft.server.watch.element-limit = 65536 (default)
2019-08-20 18:34:40,492 [208f2d0e-9df1-4c51-a4e7-c27d855217c8:group-238710BFEF5B:LeaderElection20] INFO  impl.RoleInfo (RoleInfo.java:updateAndGet(143)) - 208f2d0e-9df1-4c51-a4e7-c27d855217c8: start LeaderState
2019-08-20 18:34:40,492 [208f2d0e-9df1-4c51-a4e7-c27d855217c8:group-238710BFEF5B:LeaderElection20] INFO  segmented.SegmentedRaftLogWorker (SegmentedRaftLogWorker.java:rollLogSegment(385)) - 208f2d0e-9df1-4c51-a4e7-c27d855217c8-SegmentedRaftLogWorker:Storage Directory /workdir/hadoop-ozone/integration-test/target/test-dir/MiniOzoneClusterImpl-17c14715-311f-4e0b-8c69-0ee14c49d74d/datanode-1/data/ratis/54ce35d5-14a6-4136-b055-238710bfef5b: Rolling segment log-0_0 to index:0
2019-08-20 18:34:40,494 [208f2d0e-9df1-4c51-a4e7-c27d855217c8:group-238710BFEF5B:LeaderElection20] INFO  impl.RaftServerImpl (ServerState.java:setRaftConf(361)) - 208f2d0e-9df1-4c51-a4e7-c27d855217c8:group-238710BFEF5B set configuration 1: [208f2d0e-9df1-4c51-a4e7-c27d855217c8:192.168.5.168:35300], old=null at 1
2019-08-20 18:34:40,495 [208f2d0e-9df1-4c51-a4e7-c27d855217c8-SegmentedRaftLogWorker:Storage Directory /workdir/hadoop-ozone/integration-test/target/test-dir/MiniOzoneClusterImpl-17c14715-311f-4e0b-8c69-0ee14c49d74d/datanode-1/data/ratis/54ce35d5-14a6-4136-b055-238710bfef5b] INFO  segmented.SegmentedRaftLogWorker (SegmentedRaftLogWorker.java:execute(526)) - 208f2d0e-9df1-4c51-a4e7-c27d855217c8-SegmentedRaftLogWorker:Storage Directory /workdir/hadoop-ozone/integration-test/target/test-dir/MiniOzoneClusterImpl-17c14715-311f-4e0b-8c69-0ee14c49d74d/datanode-1/data/ratis/54ce35d5-14a6-4136-b055-238710bfef5b: Rolled log segment from /workdir/hadoop-ozone/integration-test/target/test-dir/MiniOzoneClusterImpl-17c14715-311f-4e0b-8c69-0ee14c49d74d/datanode-1/data/ratis/54ce35d5-14a6-4136-b055-238710bfef5b/current/log_inprogress_0 to /workdir/hadoop-ozone/integration-test/target/test-dir/MiniOzoneClusterImpl-17c14715-311f-4e0b-8c69-0ee14c49d74d/datanode-1/data/ratis/54ce35d5-14a6-4136-b055-238710bfef5b/current/log_0-0
2019-08-20 18:34:40,549 [208f2d0e-9df1-4c51-a4e7-c27d855217c8-SegmentedRaftLogWorker:Storage Directory /workdir/hadoop-ozone/integration-test/target/test-dir/MiniOzoneClusterImpl-17c14715-311f-4e0b-8c69-0ee14c49d74d/datanode-1/data/ratis/54ce35d5-14a6-4136-b055-238710bfef5b] INFO  segmented.SegmentedRaftLogWorker (SegmentedRaftLogWorker.java:execute(569)) - 208f2d0e-9df1-4c51-a4e7-c27d855217c8-SegmentedRaftLogWorker:Storage Directory /workdir/hadoop-ozone/integration-test/target/test-dir/MiniOzoneClusterImpl-17c14715-311f-4e0b-8c69-0ee14c49d74d/datanode-1/data/ratis/54ce35d5-14a6-4136-b055-238710bfef5b: created new log segment /workdir/hadoop-ozone/integration-test/target/test-dir/MiniOzoneClusterImpl-17c14715-311f-4e0b-8c69-0ee14c49d74d/datanode-1/data/ratis/54ce35d5-14a6-4136-b055-238710bfef5b/current/log_inprogress_1
2019-08-20 18:34:40,745 | INFO  | SCMAudit | user=jenkins1000 | ip=192.168.5.168 | op=SEND_HEARTBEAT {datanodeUUID=b097e9c8-72ce-4bfa-99ed-e41898e4335b, command=[]} | ret=SUCCESS |  
2019-08-20 18:34:40,888 [Thread-607] INFO  impl.FollowerState (FollowerState.java:run(106)) - b097e9c8-72ce-4bfa-99ed-e41898e4335b:group-2D0B3254AD72 changes to CANDIDATE, lastRpcTime:5128, electionTimeout:5128ms
2019-08-20 18:34:40,888 [Thread-607] INFO  impl.RoleInfo (RoleInfo.java:shutdownFollowerState(121)) - b097e9c8-72ce-4bfa-99ed-e41898e4335b: shutdown FollowerState
2019-08-20 18:34:40,888 [Thread-607] INFO  impl.RaftServerImpl (RaftServerImpl.java:setRole(171)) - b097e9c8-72ce-4bfa-99ed-e41898e4335b:group-2D0B3254AD72 changes role from FOLLOWER to CANDIDATE at term 1 for changeToCandidate
2019-08-20 18:34:40,888 [Thread-607] INFO  impl.RoleInfo (RoleInfo.java:updateAndGet(143)) - b097e9c8-72ce-4bfa-99ed-e41898e4335b: start LeaderElection
2019-08-20 18:34:40,916 [b097e9c8-72ce-4bfa-99ed-e41898e4335b:group-2D0B3254AD72:LeaderElection21] INFO  impl.LeaderElection (LeaderElection.java:askForVotes(181)) - b097e9c8-72ce-4bfa-99ed-e41898e4335b:group-2D0B3254AD72:LeaderElection21: begin an election at term 2 for 0: [b097e9c8-72ce-4bfa-99ed-e41898e4335b:192.168.5.168:41312], old=null
2019-08-20 18:34:40,916 [b097e9c8-72ce-4bfa-99ed-e41898e4335b:group-2D0B3254AD72:LeaderElection21] INFO  impl.RoleInfo (RoleInfo.java:shutdownLeaderElection(134)) - b097e9c8-72ce-4bfa-99ed-e41898e4335b: shutdown LeaderElection
2019-08-20 18:34:40,917 [b097e9c8-72ce-4bfa-99ed-e41898e4335b:group-2D0B3254AD72:LeaderElection21] INFO  impl.RaftServerImpl (RaftServerImpl.java:setRole(171)) - b097e9c8-72ce-4bfa-99ed-e41898e4335b:group-2D0B3254AD72 changes role from CANDIDATE to LEADER at term 2 for changeToLeader
2019-08-20 18:34:40,917 [b097e9c8-72ce-4bfa-99ed-e41898e4335b:group-2D0B3254AD72:LeaderElection21] INFO  impl.RaftServerImpl (ServerState.java:setLeader(263)) - b097e9c8-72ce-4bfa-99ed-e41898e4335b:group-2D0B3254AD72 change Leader from null to b097e9c8-72ce-4bfa-99ed-e41898e4335b at term 2 for becomeLeader, leader elected after 6962ms
2019-08-20 18:34:40,918 [b097e9c8-72ce-4bfa-99ed-e41898e4335b:group-2D0B3254AD72:LeaderElection21] INFO  server.RaftServerConfigKeys (ConfUtils.java:logGet(43)) - raft.server.staging.catchup.gap = 1000 (default)
2019-08-20 18:34:40,918 [b097e9c8-72ce-4bfa-99ed-e41898e4335b:group-2D0B3254AD72:LeaderElection21] INFO  server.RaftServerConfigKeys (ConfUtils.java:logGet(43)) - raft.server.rpc.sleep.time = 25ms (default)
2019-08-20 18:34:40,919 [b097e9c8-72ce-4bfa-99ed-e41898e4335b:group-2D0B3254AD72:LeaderElection21] INFO  server.RaftServerConfigKeys (ConfUtils.java:logGet(43)) - raft.server.write.element-limit = 4096 (default)
2019-08-20 18:34:40,919 [b097e9c8-72ce-4bfa-99ed-e41898e4335b:group-2D0B3254AD72:LeaderElection21] INFO  server.RaftServerConfigKeys (ConfUtils.java:logGet(43)) - raft.server.watch.timeout = 10s (default)
2019-08-20 18:34:40,919 [b097e9c8-72ce-4bfa-99ed-e41898e4335b:group-2D0B3254AD72:LeaderElection21] INFO  server.RaftServerConfigKeys (ConfUtils.java:logGet(43)) - raft.server.watch.timeout.denomination = 1s (default)
2019-08-20 18:34:40,919 [b097e9c8-72ce-4bfa-99ed-e41898e4335b:group-2D0B3254AD72:LeaderElection21] INFO  server.RaftServerConfigKeys (ConfUtils.java:logGet(43)) - raft.server.watch.element-limit = 65536 (default)
2019-08-20 18:34:40,919 [b097e9c8-72ce-4bfa-99ed-e41898e4335b:group-2D0B3254AD72:LeaderElection21] INFO  impl.RoleInfo (RoleInfo.java:updateAndGet(143)) - b097e9c8-72ce-4bfa-99ed-e41898e4335b: start LeaderState
2019-08-20 18:34:40,920 [b097e9c8-72ce-4bfa-99ed-e41898e4335b:group-2D0B3254AD72:LeaderElection21] INFO  segmented.SegmentedRaftLogWorker (SegmentedRaftLogWorker.java:rollLogSegment(385)) - b097e9c8-72ce-4bfa-99ed-e41898e4335b-SegmentedRaftLogWorker:Storage Directory /workdir/hadoop-ozone/integration-test/target/test-dir/MiniOzoneClusterImpl-17c14715-311f-4e0b-8c69-0ee14c49d74d/datanode-2/data/ratis/e83f7d46-6215-4d89-a174-2d0b3254ad72: Rolling segment log-0_0 to index:0
2019-08-20 18:34:40,922 [b097e9c8-72ce-4bfa-99ed-e41898e4335b:group-2D0B3254AD72:LeaderElection21] INFO  impl.RaftServerImpl (ServerState.java:setRaftConf(361)) - b097e9c8-72ce-4bfa-99ed-e41898e4335b:group-2D0B3254AD72 set configuration 1: [b097e9c8-72ce-4bfa-99ed-e41898e4335b:192.168.5.168:41312], old=null at 1
2019-08-20 18:34:40,922 [b097e9c8-72ce-4bfa-99ed-e41898e4335b-SegmentedRaftLogWorker:Storage Directory /workdir/hadoop-ozone/integration-test/target/test-dir/MiniOzoneClusterImpl-17c14715-311f-4e0b-8c69-0ee14c49d74d/datanode-2/data/ratis/e83f7d46-6215-4d89-a174-2d0b3254ad72] INFO  segmented.SegmentedRaftLogWorker (SegmentedRaftLogWorker.java:execute(526)) - b097e9c8-72ce-4bfa-99ed-e41898e4335b-SegmentedRaftLogWorker:Storage Directory /workdir/hadoop-ozone/integration-test/target/test-dir/MiniOzoneClusterImpl-17c14715-311f-4e0b-8c69-0ee14c49d74d/datanode-2/data/ratis/e83f7d46-6215-4d89-a174-2d0b3254ad72: Rolled log segment from /workdir/hadoop-ozone/integration-test/target/test-dir/MiniOzoneClusterImpl-17c14715-311f-4e0b-8c69-0ee14c49d74d/datanode-2/data/ratis/e83f7d46-6215-4d89-a174-2d0b3254ad72/current/log_inprogress_0 to /workdir/hadoop-ozone/integration-test/target/test-dir/MiniOzoneClusterImpl-17c14715-311f-4e0b-8c69-0ee14c49d74d/datanode-2/data/ratis/e83f7d46-6215-4d89-a174-2d0b3254ad72/current/log_0-0
2019-08-20 18:34:40,983 [b097e9c8-72ce-4bfa-99ed-e41898e4335b-SegmentedRaftLogWorker:Storage Directory /workdir/hadoop-ozone/integration-test/target/test-dir/MiniOzoneClusterImpl-17c14715-311f-4e0b-8c69-0ee14c49d74d/datanode-2/data/ratis/e83f7d46-6215-4d89-a174-2d0b3254ad72] INFO  segmented.SegmentedRaftLogWorker (SegmentedRaftLogWorker.java:execute(569)) - b097e9c8-72ce-4bfa-99ed-e41898e4335b-SegmentedRaftLogWorker:Storage Directory /workdir/hadoop-ozone/integration-test/target/test-dir/MiniOzoneClusterImpl-17c14715-311f-4e0b-8c69-0ee14c49d74d/datanode-2/data/ratis/e83f7d46-6215-4d89-a174-2d0b3254ad72: created new log segment /workdir/hadoop-ozone/integration-test/target/test-dir/MiniOzoneClusterImpl-17c14715-311f-4e0b-8c69-0ee14c49d74d/datanode-2/data/ratis/e83f7d46-6215-4d89-a174-2d0b3254ad72/current/log_inprogress_1
2019-08-20 18:34:41,745 | INFO  | SCMAudit | user=jenkins1000 | ip=192.168.5.168 | op=SEND_HEARTBEAT {datanodeUUID=b097e9c8-72ce-4bfa-99ed-e41898e4335b, command=[]} | ret=SUCCESS |  
2019-08-20 18:34:42,745 | INFO  | SCMAudit | user=jenkins1000 | ip=192.168.5.168 | op=SEND_HEARTBEAT {datanodeUUID=b097e9c8-72ce-4bfa-99ed-e41898e4335b, command=[]} | ret=SUCCESS |  
2019-08-20 18:34:42,761 [ForkJoinPool.commonPool-worker-0] INFO  ozoneimpl.OzoneContainer (OzoneContainer.java:stop(199)) - Attempting to stop container services.
2019-08-20 18:34:42,761 [main] INFO  ozoneimpl.OzoneContainer (OzoneContainer.java:stop(199)) - Attempting to stop container services.
2019-08-20 18:34:42,761 [ForkJoinPool.commonPool-worker-0] INFO  impl.RaftServerProxy (RaftServerProxy.java:lambda$close$4(314)) - 1302226f-fb4b-4090-a63b-e19082dd7f8c: close
2019-08-20 18:34:42,761 [main] INFO  impl.RaftServerProxy (RaftServerProxy.java:lambda$close$4(314)) - 208f2d0e-9df1-4c51-a4e7-c27d855217c8: close
2019-08-20 18:34:42,761 [ForkJoinPool.commonPool-worker-0] INFO  impl.RaftServerImpl (RaftServerImpl.java:lambda$shutdown$3(245)) - 1302226f-fb4b-4090-a63b-e19082dd7f8c: shutdown group-EE44822CEB44
2019-08-20 18:34:42,761 [main] INFO  impl.RaftServerImpl (RaftServerImpl.java:lambda$shutdown$3(245)) - 208f2d0e-9df1-4c51-a4e7-c27d855217c8: shutdown group-238710BFEF5B
2019-08-20 18:34:42,762 [ForkJoinPool.commonPool-worker-0] INFO  util.JmxRegister (JmxRegister.java:unregister(73)) - Successfully un-registered JMX Bean with object name Ratis:service=RaftServer,group=group-EE44822CEB44,id=1302226f-fb4b-4090-a63b-e19082dd7f8c
2019-08-20 18:34:42,762 [main] INFO  util.JmxRegister (JmxRegister.java:unregister(73)) - Successfully un-registered JMX Bean with object name Ratis:service=RaftServer,group=group-238710BFEF5B,id=208f2d0e-9df1-4c51-a4e7-c27d855217c8
2019-08-20 18:34:42,762 [ForkJoinPool.commonPool-worker-0] INFO  impl.RoleInfo (RoleInfo.java:shutdownLeaderState(104)) - 1302226f-fb4b-4090-a63b-e19082dd7f8c: shutdown LeaderState
2019-08-20 18:34:42,762 [main] INFO  impl.RoleInfo (RoleInfo.java:shutdownLeaderState(104)) - 208f2d0e-9df1-4c51-a4e7-c27d855217c8: shutdown LeaderState
2019-08-20 18:34:42,763 [ForkJoinPool.commonPool-worker-0] INFO  impl.PendingRequests (PendingRequests.java:sendNotLeaderResponses(202)) - 1302226f-fb4b-4090-a63b-e19082dd7f8c-PendingRequests: sendNotLeaderResponses
2019-08-20 18:34:42,763 [main] INFO  impl.PendingRequests (PendingRequests.java:sendNotLeaderResponses(202)) - 208f2d0e-9df1-4c51-a4e7-c27d855217c8-PendingRequests: sendNotLeaderResponses
2019-08-20 18:34:42,767 [ForkJoinPool.commonPool-worker-0] INFO  impl.StateMachineUpdater (StateMachineUpdater.java:stopAndJoin(115)) - StateMachineUpdater:1302226f-fb4b-4090-a63b-e19082dd7f8c:group-EE44822CEB44: set stopIndex = 2
2019-08-20 18:34:42,770 [main] INFO  impl.StateMachineUpdater (StateMachineUpdater.java:stopAndJoin(115)) - StateMachineUpdater:208f2d0e-9df1-4c51-a4e7-c27d855217c8:group-238710BFEF5B: set stopIndex = 2
2019-08-20 18:34:42,770 [ForkJoinPool.commonPool-worker-0] INFO  impl.RaftServerImpl (ServerState.java:close(394)) - 1302226f-fb4b-4090-a63b-e19082dd7f8c:group-EE44822CEB44 closes. The last applied log index is 2
2019-08-20 18:34:42,770 [main] INFO  impl.RaftServerImpl (ServerState.java:close(394)) - 208f2d0e-9df1-4c51-a4e7-c27d855217c8:group-238710BFEF5B closes. The last applied log index is 2
2019-08-20 18:34:42,770 [1302226f-fb4b-4090-a63b-e19082dd7f8c-SegmentedRaftLogWorker:Storage Directory /workdir/hadoop-ozone/integration-test/target/test-dir/MiniOzoneClusterImpl-17c14715-311f-4e0b-8c69-0ee14c49d74d/datanode-0/data/ratis/141c551d-cb15-4eb6-8807-ee44822ceb44] INFO  segmented.SegmentedRaftLogWorker (SegmentedRaftLogWorker.java:run(313)) - 1302226f-fb4b-4090-a63b-e19082dd7f8c-SegmentedRaftLogWorker:Storage Directory /workdir/hadoop-ozone/integration-test/target/test-dir/MiniOzoneClusterImpl-17c14715-311f-4e0b-8c69-0ee14c49d74d/datanode-0/data/ratis/141c551d-cb15-4eb6-8807-ee44822ceb44 was interrupted, exiting. There are 0 tasks remaining in the queue.
2019-08-20 18:34:42,771 [208f2d0e-9df1-4c51-a4e7-c27d855217c8-SegmentedRaftLogWorker:Storage Directory /workdir/hadoop-ozone/integration-test/target/test-dir/MiniOzoneClusterImpl-17c14715-311f-4e0b-8c69-0ee14c49d74d/datanode-1/data/ratis/54ce35d5-14a6-4136-b055-238710bfef5b] INFO  segmented.SegmentedRaftLogWorker (SegmentedRaftLogWorker.java:run(313)) - 208f2d0e-9df1-4c51-a4e7-c27d855217c8-SegmentedRaftLogWorker:Storage Directory /workdir/hadoop-ozone/integration-test/target/test-dir/MiniOzoneClusterImpl-17c14715-311f-4e0b-8c69-0ee14c49d74d/datanode-1/data/ratis/54ce35d5-14a6-4136-b055-238710bfef5b was interrupted, exiting. There are 0 tasks remaining in the queue.
2019-08-20 18:34:42,772 [ForkJoinPool.commonPool-worker-0] INFO  segmented.SegmentedRaftLogWorker (SegmentedRaftLogWorker.java:close(228)) - 1302226f-fb4b-4090-a63b-e19082dd7f8c-SegmentedRaftLogWorker:Storage Directory /workdir/hadoop-ozone/integration-test/target/test-dir/MiniOzoneClusterImpl-17c14715-311f-4e0b-8c69-0ee14c49d74d/datanode-0/data/ratis/141c551d-cb15-4eb6-8807-ee44822ceb44 close()
2019-08-20 18:34:42,773 [main] INFO  segmented.SegmentedRaftLogWorker (SegmentedRaftLogWorker.java:close(228)) - 208f2d0e-9df1-4c51-a4e7-c27d855217c8-SegmentedRaftLogWorker:Storage Directory /workdir/hadoop-ozone/integration-test/target/test-dir/MiniOzoneClusterImpl-17c14715-311f-4e0b-8c69-0ee14c49d74d/datanode-1/data/ratis/54ce35d5-14a6-4136-b055-238710bfef5b close()
2019-08-20 18:34:42,774 [ForkJoinPool.commonPool-worker-0] INFO  server.GrpcService (GrpcService.java:closeImpl(155)) - 1302226f-fb4b-4090-a63b-e19082dd7f8c: shutdown server with port 40142 now
2019-08-20 18:34:42,776 [main] INFO  server.GrpcService (GrpcService.java:closeImpl(155)) - 208f2d0e-9df1-4c51-a4e7-c27d855217c8: shutdown server with port 35300 now
2019-08-20 18:34:42,777 [ForkJoinPool.commonPool-worker-0] INFO  server.GrpcService (GrpcService.java:closeImpl(163)) - 1302226f-fb4b-4090-a63b-e19082dd7f8c: shutdown server with port 40142 successfully
2019-08-20 18:34:42,778 [main] INFO  server.GrpcService (GrpcService.java:closeImpl(163)) - 208f2d0e-9df1-4c51-a4e7-c27d855217c8: shutdown server with port 35300 successfully
2019-08-20 18:34:42,782 [main] INFO  utils.BackgroundService (BackgroundService.java:shutdown(148)) - Shutting down service BlockDeletingService
2019-08-20 18:34:42,783 [refreshUsed-/workdir/hadoop-ozone/integration-test/target/test-dir/MiniOzoneClusterImpl-17c14715-311f-4e0b-8c69-0ee14c49d74d/datanode-1/data/containers] WARN  fs.CachingGetSpaceUsed (CachingGetSpaceUsed.java:run(183)) - Thread Interrupted waiting to refresh disk information: sleep interrupted
2019-08-20 18:34:42,784 [ForkJoinPool.commonPool-worker-0] INFO  utils.BackgroundService (BackgroundService.java:shutdown(148)) - Shutting down service BlockDeletingService
2019-08-20 18:34:42,785 [refreshUsed-/workdir/hadoop-ozone/integration-test/target/test-dir/MiniOzoneClusterImpl-17c14715-311f-4e0b-8c69-0ee14c49d74d/datanode-0/data/containers] WARN  fs.CachingGetSpaceUsed (CachingGetSpaceUsed.java:run(183)) - Thread Interrupted waiting to refresh disk information: sleep interrupted
2019-08-20 18:34:42,795 [main] INFO  statemachine.DatanodeStateMachine (DatanodeStateMachine.java:stopDaemon(395)) - Ozone container server stopped.
2019-08-20 18:34:42,797 [main] INFO  handler.ContextHandler (ContextHandler.java:doStop(910)) - Stopped o.e.j.w.WebAppContext@7b0d3790{/,null,UNAVAILABLE}{/hddsDatanode}
2019-08-20 18:34:42,798 [main] INFO  server.AbstractConnector (AbstractConnector.java:doStop(318)) - Stopped ServerConnector@51e150e7{HTTP/1.1,[http/1.1]}{0.0.0.0:39525}
2019-08-20 18:34:42,799 [main] INFO  handler.ContextHandler (ContextHandler.java:doStop(910)) - Stopped o.e.j.s.ServletContextHandler@1c2771a3{/static,jar:file:/home/user/.m2/repository/org/apache/hadoop/hadoop-hdds-container-service/0.5.0-SNAPSHOT/hadoop-hdds-container-service-0.5.0-SNAPSHOT.jar!/webapps/static,UNAVAILABLE}
2019-08-20 18:34:42,799 [main] INFO  handler.ContextHandler (ContextHandler.java:doStop(910)) - Stopped o.e.j.s.ServletContextHandler@236c08{/logs,file:///workdir/hadoop-ozone/integration-test/target/log,UNAVAILABLE}
2019-08-20 18:34:42,801 [ForkJoinPool.commonPool-worker-0] INFO  statemachine.DatanodeStateMachine (DatanodeStateMachine.java:stopDaemon(395)) - Ozone container server stopped.
2019-08-20 18:34:42,803 [main] INFO  datanode.ObjectStoreHandler (ObjectStoreHandler.java:close(155)) - Closing ObjectStoreHandler.
2019-08-20 18:34:42,803 [main] INFO  ozone.HddsDatanodeService (HddsDatanodeService.java:stop(451)) - Stopped plug-in org.apache.hadoop.ozone.web.OzoneHddsDatanodeService@7327dca2
2019-08-20 18:34:42,804 [ForkJoinPool.commonPool-worker-0] INFO  handler.ContextHandler (ContextHandler.java:doStop(910)) - Stopped o.e.j.w.WebAppContext@7a45a8f8{/,null,UNAVAILABLE}{/hddsDatanode}
2019-08-20 18:34:42,804 [ForkJoinPool.commonPool-worker-0] INFO  server.AbstractConnector (AbstractConnector.java:doStop(318)) - Stopped ServerConnector@5604320b{HTTP/1.1,[http/1.1]}{0.0.0.0:42294}
2019-08-20 18:34:42,805 [ForkJoinPool.commonPool-worker-0] INFO  handler.ContextHandler (ContextHandler.java:doStop(910)) - Stopped o.e.j.s.ServletContextHandler@6909a17e{/static,jar:file:/home/user/.m2/repository/org/apache/hadoop/hadoop-hdds-container-service/0.5.0-SNAPSHOT/hadoop-hdds-container-service-0.5.0-SNAPSHOT.jar!/webapps/static,UNAVAILABLE}
2019-08-20 18:34:42,806 [ForkJoinPool.commonPool-worker-0] INFO  handler.ContextHandler (ContextHandler.java:doStop(910)) - Stopped o.e.j.s.ServletContextHandler@16435e52{/logs,file:///workdir/hadoop-ozone/integration-test/target/log,UNAVAILABLE}
2019-08-20 18:34:43,743 [Datanode State Machine Thread - 0] INFO  statemachine.DatanodeStateMachine (DatanodeStateMachine.java:lambda$startDaemon$0(350)) - Ozone container server started.
2019-08-20 18:34:44,946 [Thread-614] INFO  impl.FollowerState (FollowerState.java:run(106)) - b097e9c8-72ce-4bfa-99ed-e41898e4335b:group-CB3F238C2ED6 changes to CANDIDATE, lastRpcTime:5055, electionTimeout:5055ms
2019-08-20 18:34:44,946 [Thread-614] INFO  impl.RoleInfo (RoleInfo.java:shutdownFollowerState(121)) - b097e9c8-72ce-4bfa-99ed-e41898e4335b: shutdown FollowerState
2019-08-20 18:34:44,946 [Thread-614] INFO  impl.RaftServerImpl (RaftServerImpl.java:setRole(171)) - b097e9c8-72ce-4bfa-99ed-e41898e4335b:group-CB3F238C2ED6 changes role from FOLLOWER to CANDIDATE at term 0 for changeToCandidate
2019-08-20 18:34:44,946 [Thread-614] INFO  impl.RoleInfo (RoleInfo.java:updateAndGet(143)) - b097e9c8-72ce-4bfa-99ed-e41898e4335b: start LeaderElection
2019-08-20 18:34:44,977 [b097e9c8-72ce-4bfa-99ed-e41898e4335b:group-CB3F238C2ED6:LeaderElection22] INFO  impl.LeaderElection (LeaderElection.java:askForVotes(181)) - b097e9c8-72ce-4bfa-99ed-e41898e4335b:group-CB3F238C2ED6:LeaderElection22: begin an election at term 1 for -1: [b097e9c8-72ce-4bfa-99ed-e41898e4335b:192.168.5.168:41312], old=null
2019-08-20 18:34:44,977 [b097e9c8-72ce-4bfa-99ed-e41898e4335b:group-CB3F238C2ED6:LeaderElection22] INFO  impl.RoleInfo (RoleInfo.java:shutdownLeaderElection(134)) - b097e9c8-72ce-4bfa-99ed-e41898e4335b: shutdown LeaderElection
2019-08-20 18:34:44,977 [b097e9c8-72ce-4bfa-99ed-e41898e4335b:group-CB3F238C2ED6:LeaderElection22] INFO  impl.RaftServerImpl (RaftServerImpl.java:setRole(171)) - b097e9c8-72ce-4bfa-99ed-e41898e4335b:group-CB3F238C2ED6 changes role from CANDIDATE to LEADER at term 1 for changeToLeader
2019-08-20 18:34:44,977 [b097e9c8-72ce-4bfa-99ed-e41898e4335b:group-CB3F238C2ED6:LeaderElection22] INFO  impl.RaftServerImpl (ServerState.java:setLeader(263)) - b097e9c8-72ce-4bfa-99ed-e41898e4335b:group-CB3F238C2ED6 change Leader from null to b097e9c8-72ce-4bfa-99ed-e41898e4335b at term 1 for becomeLeader, leader elected after 5091ms
2019-08-20 18:34:44,977 [b097e9c8-72ce-4bfa-99ed-e41898e4335b:group-CB3F238C2ED6:LeaderElection22] INFO  server.RaftServerConfigKeys (ConfUtils.java:logGet(43)) - raft.server.staging.catchup.gap = 1000 (default)
2019-08-20 18:34:44,977 [b097e9c8-72ce-4bfa-99ed-e41898e4335b:group-CB3F238C2ED6:LeaderElection22] INFO  server.RaftServerConfigKeys (ConfUtils.java:logGet(43)) - raft.server.rpc.sleep.time = 25ms (default)
2019-08-20 18:34:44,978 [b097e9c8-72ce-4bfa-99ed-e41898e4335b:group-CB3F238C2ED6:LeaderElection22] INFO  server.RaftServerConfigKeys (ConfUtils.java:logGet(43)) - raft.server.write.element-limit = 4096 (default)
2019-08-20 18:34:44,978 [b097e9c8-72ce-4bfa-99ed-e41898e4335b:group-CB3F238C2ED6:LeaderElection22] INFO  server.RaftServerConfigKeys (ConfUtils.java:logGet(43)) - raft.server.watch.timeout = 10s (default)
2019-08-20 18:34:44,978 [b097e9c8-72ce-4bfa-99ed-e41898e4335b:group-CB3F238C2ED6:LeaderElection22] INFO  server.RaftServerConfigKeys (ConfUtils.java:logGet(43)) - raft.server.watch.timeout.denomination = 1s (default)
2019-08-20 18:34:44,978 [b097e9c8-72ce-4bfa-99ed-e41898e4335b:group-CB3F238C2ED6:LeaderElection22] INFO  server.RaftServerConfigKeys (ConfUtils.java:logGet(43)) - raft.server.watch.element-limit = 65536 (default)
2019-08-20 18:34:44,978 [b097e9c8-72ce-4bfa-99ed-e41898e4335b:group-CB3F238C2ED6:LeaderElection22] INFO  impl.RoleInfo (RoleInfo.java:updateAndGet(143)) - b097e9c8-72ce-4bfa-99ed-e41898e4335b: start LeaderState
2019-08-20 18:34:44,979 [b097e9c8-72ce-4bfa-99ed-e41898e4335b:group-CB3F238C2ED6:LeaderElection22] INFO  segmented.SegmentedRaftLogWorker (SegmentedRaftLogWorker.java:startLogSegment(380)) - b097e9c8-72ce-4bfa-99ed-e41898e4335b-SegmentedRaftLogWorker:Storage Directory /workdir/hadoop-ozone/integration-test/target/test-dir/MiniOzoneClusterImpl-17c14715-311f-4e0b-8c69-0ee14c49d74d/datanode-2/data/ratis/ec9167be-6d3d-4b08-8131-cb3f238c2ed6: Starting segment from index:0
2019-08-20 18:34:44,979 [b097e9c8-72ce-4bfa-99ed-e41898e4335b:group-CB3F238C2ED6:LeaderElection22] INFO  impl.RaftServerImpl (ServerState.java:setRaftConf(361)) - b097e9c8-72ce-4bfa-99ed-e41898e4335b:group-CB3F238C2ED6 set configuration 0: [b097e9c8-72ce-4bfa-99ed-e41898e4335b:192.168.5.168:41312], old=null at 0
2019-08-20 18:34:45,022 [b097e9c8-72ce-4bfa-99ed-e41898e4335b-SegmentedRaftLogWorker:Storage Directory /workdir/hadoop-ozone/integration-test/target/test-dir/MiniOzoneClusterImpl-17c14715-311f-4e0b-8c69-0ee14c49d74d/datanode-2/data/ratis/ec9167be-6d3d-4b08-8131-cb3f238c2ed6] INFO  segmented.SegmentedRaftLogWorker (SegmentedRaftLogWorker.java:execute(569)) - b097e9c8-72ce-4bfa-99ed-e41898e4335b-SegmentedRaftLogWorker:Storage Directory /workdir/hadoop-ozone/integration-test/target/test-dir/MiniOzoneClusterImpl-17c14715-311f-4e0b-8c69-0ee14c49d74d/datanode-2/data/ratis/ec9167be-6d3d-4b08-8131-cb3f238c2ed6: created new log segment /workdir/hadoop-ozone/integration-test/target/test-dir/MiniOzoneClusterImpl-17c14715-311f-4e0b-8c69-0ee14c49d74d/datanode-2/data/ratis/ec9167be-6d3d-4b08-8131-cb3f238c2ed6/current/log_inprogress_0
2019-08-20 18:34:47,804 [main] INFO  ozoneimpl.OzoneContainer (OzoneContainer.java:stop(199)) - Attempting to stop container services.
2019-08-20 18:34:47,805 [main] INFO  impl.RaftServerProxy (RaftServerProxy.java:lambda$close$4(314)) - b097e9c8-72ce-4bfa-99ed-e41898e4335b: close
2019-08-20 18:34:47,806 [main] INFO  impl.RaftServerImpl (RaftServerImpl.java:lambda$shutdown$3(245)) - b097e9c8-72ce-4bfa-99ed-e41898e4335b: shutdown group-2D0B3254AD72
2019-08-20 18:34:47,806 [main] INFO  util.JmxRegister (JmxRegister.java:unregister(73)) - Successfully un-registered JMX Bean with object name Ratis:service=RaftServer,group=group-2D0B3254AD72,id=b097e9c8-72ce-4bfa-99ed-e41898e4335b
2019-08-20 18:34:47,807 [main] INFO  impl.RoleInfo (RoleInfo.java:shutdownLeaderState(104)) - b097e9c8-72ce-4bfa-99ed-e41898e4335b: shutdown LeaderState
2019-08-20 18:34:47,808 [main] INFO  impl.PendingRequests (PendingRequests.java:sendNotLeaderResponses(202)) - b097e9c8-72ce-4bfa-99ed-e41898e4335b-PendingRequests: sendNotLeaderResponses
2019-08-20 18:34:47,812 [main] INFO  impl.StateMachineUpdater (StateMachineUpdater.java:stopAndJoin(115)) - StateMachineUpdater:b097e9c8-72ce-4bfa-99ed-e41898e4335b:group-2D0B3254AD72: set stopIndex = 2
2019-08-20 18:34:47,812 [main] INFO  impl.RaftServerImpl (ServerState.java:close(394)) - b097e9c8-72ce-4bfa-99ed-e41898e4335b:group-2D0B3254AD72 closes. The last applied log index is 2
2019-08-20 18:34:47,813 [b097e9c8-72ce-4bfa-99ed-e41898e4335b-SegmentedRaftLogWorker:Storage Directory /workdir/hadoop-ozone/integration-test/target/test-dir/MiniOzoneClusterImpl-17c14715-311f-4e0b-8c69-0ee14c49d74d/datanode-2/data/ratis/e83f7d46-6215-4d89-a174-2d0b3254ad72] INFO  segmented.SegmentedRaftLogWorker (SegmentedRaftLogWorker.java:run(313)) - b097e9c8-72ce-4bfa-99ed-e41898e4335b-SegmentedRaftLogWorker:Storage Directory /workdir/hadoop-ozone/integration-test/target/test-dir/MiniOzoneClusterImpl-17c14715-311f-4e0b-8c69-0ee14c49d74d/datanode-2/data/ratis/e83f7d46-6215-4d89-a174-2d0b3254ad72 was interrupted, exiting. There are 0 tasks remaining in the queue.
2019-08-20 18:34:47,816 [main] INFO  segmented.SegmentedRaftLogWorker (SegmentedRaftLogWorker.java:close(228)) - b097e9c8-72ce-4bfa-99ed-e41898e4335b-SegmentedRaftLogWorker:Storage Directory /workdir/hadoop-ozone/integration-test/target/test-dir/MiniOzoneClusterImpl-17c14715-311f-4e0b-8c69-0ee14c49d74d/datanode-2/data/ratis/e83f7d46-6215-4d89-a174-2d0b3254ad72 close()
2019-08-20 18:34:47,817 [main] INFO  impl.RaftServerImpl (RaftServerImpl.java:lambda$shutdown$3(245)) - b097e9c8-72ce-4bfa-99ed-e41898e4335b: shutdown group-CB3F238C2ED6
2019-08-20 18:34:47,817 [main] INFO  util.JmxRegister (JmxRegister.java:unregister(73)) - Successfully un-registered JMX Bean with object name Ratis:service=RaftServer,group=group-CB3F238C2ED6,id=b097e9c8-72ce-4bfa-99ed-e41898e4335b
2019-08-20 18:34:47,817 [main] INFO  impl.RoleInfo (RoleInfo.java:shutdownLeaderState(104)) - b097e9c8-72ce-4bfa-99ed-e41898e4335b: shutdown LeaderState
2019-08-20 18:34:47,818 [main] INFO  impl.PendingRequests (PendingRequests.java:sendNotLeaderResponses(202)) - b097e9c8-72ce-4bfa-99ed-e41898e4335b-PendingRequests: sendNotLeaderResponses
2019-08-20 18:34:47,818 [main] INFO  impl.StateMachineUpdater (StateMachineUpdater.java:stopAndJoin(115)) - StateMachineUpdater:b097e9c8-72ce-4bfa-99ed-e41898e4335b:group-CB3F238C2ED6: set stopIndex = 0
2019-08-20 18:34:47,818 [main] INFO  impl.RaftServerImpl (ServerState.java:close(394)) - b097e9c8-72ce-4bfa-99ed-e41898e4335b:group-CB3F238C2ED6 closes. The last applied log index is 0
2019-08-20 18:34:47,819 [b097e9c8-72ce-4bfa-99ed-e41898e4335b-SegmentedRaftLogWorker:Storage Directory /workdir/hadoop-ozone/integration-test/target/test-dir/MiniOzoneClusterImpl-17c14715-311f-4e0b-8c69-0ee14c49d74d/datanode-2/data/ratis/ec9167be-6d3d-4b08-8131-cb3f238c2ed6] INFO  segmented.SegmentedRaftLogWorker (SegmentedRaftLogWorker.java:run(313)) - b097e9c8-72ce-4bfa-99ed-e41898e4335b-SegmentedRaftLogWorker:Storage Directory /workdir/hadoop-ozone/integration-test/target/test-dir/MiniOzoneClusterImpl-17c14715-311f-4e0b-8c69-0ee14c49d74d/datanode-2/data/ratis/ec9167be-6d3d-4b08-8131-cb3f238c2ed6 was interrupted, exiting. There are 0 tasks remaining in the queue.
2019-08-20 18:34:47,819 [main] INFO  segmented.SegmentedRaftLogWorker (SegmentedRaftLogWorker.java:close(228)) - b097e9c8-72ce-4bfa-99ed-e41898e4335b-SegmentedRaftLogWorker:Storage Directory /workdir/hadoop-ozone/integration-test/target/test-dir/MiniOzoneClusterImpl-17c14715-311f-4e0b-8c69-0ee14c49d74d/datanode-2/data/ratis/ec9167be-6d3d-4b08-8131-cb3f238c2ed6 close()
2019-08-20 18:34:47,821 [main] INFO  server.GrpcService (GrpcService.java:closeImpl(155)) - b097e9c8-72ce-4bfa-99ed-e41898e4335b: shutdown server with port 41312 now
2019-08-20 18:34:47,822 [main] INFO  server.GrpcService (GrpcService.java:closeImpl(163)) - b097e9c8-72ce-4bfa-99ed-e41898e4335b: shutdown server with port 41312 successfully
2019-08-20 18:34:47,827 [main] INFO  utils.BackgroundService (BackgroundService.java:shutdown(148)) - Shutting down service BlockDeletingService
2019-08-20 18:34:47,828 [refreshUsed-/workdir/hadoop-ozone/integration-test/target/test-dir/MiniOzoneClusterImpl-17c14715-311f-4e0b-8c69-0ee14c49d74d/datanode-2/data/containers] WARN  fs.CachingGetSpaceUsed (CachingGetSpaceUsed.java:run(183)) - Thread Interrupted waiting to refresh disk information: sleep interrupted
2019-08-20 18:34:47,832 [EventQueue-StaleNodeForStaleNodeHandler] INFO  node.StaleNodeHandler (StaleNodeHandler.java:onMessage(58)) - Datanode b097e9c8-72ce-4bfa-99ed-e41898e4335b{ip: 192.168.5.168, host: pr-hdds-1927-28fzr-1052167450, networkLocation: /default-rack, certSerialId: null} moved to stale state. Finalizing its pipelines [PipelineID=e83f7d46-6215-4d89-a174-2d0b3254ad72, PipelineID=ec9167be-6d3d-4b08-8131-cb3f238c2ed6]
2019-08-20 18:34:47,832 [EventQueue-StaleNodeForStaleNodeHandler] INFO  pipeline.SCMPipelineManager (SCMPipelineManager.java:finalizeAndDestroyPipeline(309)) - destroying pipeline:Pipeline[ Id: e83f7d46-6215-4d89-a174-2d0b3254ad72, Nodes: b097e9c8-72ce-4bfa-99ed-e41898e4335b{ip: 192.168.5.168, host: pr-hdds-1927-28fzr-1052167450, networkLocation: /default-rack, certSerialId: null}, Type:RATIS, Factor:ONE, State:CLOSED]
2019-08-20 18:34:47,832 [EventQueue-StaleNodeForStaleNodeHandler] INFO  pipeline.SCMPipelineManager (SCMPipelineManager.java:finalizeAndDestroyPipeline(309)) - destroying pipeline:Pipeline[ Id: ec9167be-6d3d-4b08-8131-cb3f238c2ed6, Nodes: b097e9c8-72ce-4bfa-99ed-e41898e4335b{ip: 192.168.5.168, host: pr-hdds-1927-28fzr-1052167450, networkLocation: /default-rack, certSerialId: null}, Type:RATIS, Factor:ONE, State:OPEN]
2019-08-20 18:34:47,833 [EventQueue-StaleNodeForStaleNodeHandler] INFO  pipeline.PipelineStateManager (PipelineStateManager.java:finalizePipeline(123)) - Pipeline Pipeline[ Id: ec9167be-6d3d-4b08-8131-cb3f238c2ed6, Nodes: b097e9c8-72ce-4bfa-99ed-e41898e4335b{ip: 192.168.5.168, host: pr-hdds-1927-28fzr-1052167450, networkLocation: /default-rack, certSerialId: null}, Type:RATIS, Factor:ONE, State:CLOSED] moved to CLOSED state
2019-08-20 18:34:47,842 [main] INFO  statemachine.DatanodeStateMachine (DatanodeStateMachine.java:stopDaemon(395)) - Ozone container server stopped.
2019-08-20 18:34:47,845 [main] INFO  handler.ContextHandler (ContextHandler.java:doStop(910)) - Stopped o.e.j.w.WebAppContext@5c7dc08e{/,null,UNAVAILABLE}{/hddsDatanode}
2019-08-20 18:34:47,846 [main] INFO  server.AbstractConnector (AbstractConnector.java:doStop(318)) - Stopped ServerConnector@1ef47a79{HTTP/1.1,[http/1.1]}{0.0.0.0:46786}
2019-08-20 18:34:47,847 [main] INFO  handler.ContextHandler (ContextHandler.java:doStop(910)) - Stopped o.e.j.s.ServletContextHandler@3782a064{/static,jar:file:/home/user/.m2/repository/org/apache/hadoop/hadoop-hdds-container-service/0.5.0-SNAPSHOT/hadoop-hdds-container-service-0.5.0-SNAPSHOT.jar!/webapps/static,UNAVAILABLE}
2019-08-20 18:34:47,848 [main] INFO  handler.ContextHandler (ContextHandler.java:doStop(910)) - Stopped o.e.j.s.ServletContextHandler@6d58d0b1{/logs,file:///workdir/hadoop-ozone/integration-test/target/log,UNAVAILABLE}
2019-08-20 18:34:47,849 [main] INFO  ozone.MiniOzoneClusterImpl (MiniOzoneClusterImpl.java:stop(353)) - Stopping the StorageContainerManager
2019-08-20 18:34:47,849 [main] INFO  server.StorageContainerManager (StorageContainerManager.java:stop(797)) - Stopping Replication Manager Service.
2019-08-20 18:34:47,849 [main] INFO  container.ReplicationManager (ReplicationManager.java:stop(193)) - Stopping Replication Monitor Thread.
2019-08-20 18:34:47,850 [main] INFO  server.StorageContainerManager (StorageContainerManager.java:stop(804)) - Stopping Lease Manager of the command watchers
2019-08-20 18:34:47,850 [main] INFO  server.StorageContainerManager (StorageContainerManager.java:stop(811)) - Stopping datanode service RPC server
2019-08-20 18:34:47,850 [main] INFO  server.SCMDatanodeProtocolServer (SCMDatanodeProtocolServer.java:stop(367)) - Stopping the RPC server for DataNodes
2019-08-20 18:34:47,851 [main] INFO  ipc.Server (Server.java:stop(3082)) - Stopping server on 44036
2019-08-20 18:34:47,852 [IPC Server listener on 44036] INFO  ipc.Server (Server.java:run(1185)) - Stopping IPC Server listener on 44036
2019-08-20 18:34:47,852 [IPC Server Responder] INFO  ipc.Server (Server.java:run(1319)) - Stopping IPC Server Responder
2019-08-20 18:34:48,832 [SCM Heartbeat Processing Thread - 0] WARN  node.NodeStateManager (NodeStateManager.java:scheduleNextHealthCheck(646)) - Current Thread is interrupted, shutting down HB processing thread for Node Manager.
2019-08-20 18:34:48,833 [main] INFO  server.StorageContainerManager (StorageContainerManager.java:stop(819)) - Stopping block service RPC server
2019-08-20 18:34:48,833 [main] INFO  server.SCMBlockProtocolServer (SCMBlockProtocolServer.java:stop(148)) - Stopping the RPC server for Block Protocol
2019-08-20 18:34:48,834 [main] INFO  ipc.Server (Server.java:stop(3082)) - Stopping server on 43423
2019-08-20 18:34:48,835 [IPC Server listener on 43423] INFO  ipc.Server (Server.java:run(1185)) - Stopping IPC Server listener on 43423
2019-08-20 18:34:48,835 [main] INFO  server.StorageContainerManager (StorageContainerManager.java:stop(826)) - Stopping the StorageContainerLocationProtocol RPC server
2019-08-20 18:34:48,836 [main] INFO  server.SCMClientProtocolServer (SCMClientProtocolServer.java:stop(159)) - Stopping the RPC server for Client Protocol
2019-08-20 18:34:48,837 [main] INFO  ipc.Server (Server.java:stop(3082)) - Stopping server on 43165
2019-08-20 18:34:48,837 [IPC Server Responder] INFO  ipc.Server (Server.java:run(1319)) - Stopping IPC Server Responder
2019-08-20 18:34:48,840 [main] INFO  server.StorageContainerManager (StorageContainerManager.java:stop(833)) - Stopping Storage Container Manager HTTP server.
2019-08-20 18:34:48,840 [IPC Server Responder] INFO  ipc.Server (Server.java:run(1319)) - Stopping IPC Server Responder
2019-08-20 18:34:48,840 [IPC Server listener on 43165] INFO  ipc.Server (Server.java:run(1185)) - Stopping IPC Server listener on 43165
2019-08-20 18:34:48,842 [main] INFO  handler.ContextHandler (ContextHandler.java:doStop(910)) - Stopped o.e.j.w.WebAppContext@4d5fde7{/,null,UNAVAILABLE}{/scm}
2019-08-20 18:34:48,843 [main] INFO  server.AbstractConnector (AbstractConnector.java:doStop(318)) - Stopped ServerConnector@338f5461{HTTP/1.1,[http/1.1]}{0.0.0.0:0}
2019-08-20 18:34:48,844 [main] INFO  handler.ContextHandler (ContextHandler.java:doStop(910)) - Stopped o.e.j.s.ServletContextHandler@57ad646e{/static,file:///workdir/hadoop-ozone/integration-test/target/test-classes/webapps/static,UNAVAILABLE}
2019-08-20 18:34:48,845 [main] INFO  handler.ContextHandler (ContextHandler.java:doStop(910)) - Stopped o.e.j.s.ServletContextHandler@6d42554{/logs,file:///workdir/hadoop-ozone/integration-test/target/log,UNAVAILABLE}
2019-08-20 18:34:48,846 [main] INFO  server.StorageContainerManager (StorageContainerManager.java:stop(844)) - Stopping Block Manager Service.
2019-08-20 18:34:48,847 [main] INFO  utils.BackgroundService (BackgroundService.java:shutdown(148)) - Shutting down service SCMBlockDeletingService
2019-08-20 18:34:48,847 [main] INFO  utils.BackgroundService (BackgroundService.java:shutdown(148)) - Shutting down service SCMBlockDeletingService
2019-08-20 18:34:48,848 [main] INFO  server.StorageContainerManager (StorageContainerManager.java:stop(866)) - Stopping SCM Event Queue.
2019-08-20 18:34:48,853 [main] INFO  impl.MetricsSystemImpl (MetricsSystemImpl.java:stop(210)) - Stopping HddsDatanode metrics system...
2019-08-20 18:34:48,860 [main] INFO  impl.MetricsSystemImpl (MetricsSystemImpl.java:stop(216)) - HddsDatanode metrics system stopped.
]]></system-out>
    <system-err><![CDATA[Aug 20, 2019 6:34:12 PM com.sun.jersey.server.impl.application.WebApplicationImpl _initiate
INFO: Initiating Jersey application, version 'Jersey: 1.19 02/11/2015 03:25 AM'
Aug 20, 2019 6:34:12 PM com.sun.jersey.server.impl.application.WebApplicationImpl _initiate
INFO: Initiating Jersey application, version 'Jersey: 1.19 02/11/2015 03:25 AM'
Aug 20, 2019 6:34:12 PM com.sun.jersey.server.impl.application.WebApplicationImpl _initiate
INFO: Initiating Jersey application, version 'Jersey: 1.19 02/11/2015 03:25 AM'
Aug 20, 2019 6:34:32 PM com.sun.jersey.server.impl.application.WebApplicationImpl _initiate
INFO: Initiating Jersey application, version 'Jersey: 1.19 02/11/2015 03:25 AM'
Aug 20, 2019 6:34:33 PM com.sun.jersey.server.impl.application.WebApplicationImpl _initiate
INFO: Initiating Jersey application, version 'Jersey: 1.19 02/11/2015 03:25 AM'
Aug 20, 2019 6:34:33 PM com.sun.jersey.server.impl.application.WebApplicationImpl _initiate
INFO: Initiating Jersey application, version 'Jersey: 1.19 02/11/2015 03:25 AM'
]]></system-err>
  </testcase>
</testsuite>