<?xml version="1.0" encoding="UTF-8"?>
<testsuite xmlns:xsi="http://www.w3.org/2001/XMLSchema-instance" xsi:noNamespaceSchemaLocation="https://maven.apache.org/surefire/maven-surefire-plugin/xsd/surefire-test-report.xsd" name="org.apache.hadoop.ozone.client.rpc.TestBlockOutputStreamWithFailures" time="699.77" tests="8" errors="0" skipped="0" failures="1">
  <properties>
    <property name="awt.toolkit" value="sun.awt.X11.XToolkit"/>
    <property name="file.encoding.pkg" value="sun.io"/>
    <property name="java.specification.version" value="1.8"/>
    <property name="sun.cpu.isalist" value=""/>
    <property name="sun.jnu.encoding" value="UTF-8"/>
    <property name="java.class.path" value="/workdir/hadoop-ozone/integration-test/target/test-classes:/workdir/hadoop-ozone/integration-test/target/classes:/home/user/.m2/repository/org/apache/hadoop/hadoop-ozone-common/0.5.0-SNAPSHOT/hadoop-ozone-common-0.5.0-SNAPSHOT.jar:/home/user/.m2/repository/org/apache/commons/commons-compress/1.4.1/commons-compress-1.4.1.jar:/home/user/.m2/repository/org/tukaani/xz/1.0/xz-1.0.jar:/home/user/.m2/repository/org/apache/hadoop/hadoop-common/3.2.0/hadoop-common-3.2.0.jar:/home/user/.m2/repository/org/apache/hadoop/hadoop-hdfs/3.2.0/hadoop-hdfs-3.2.0.jar:/home/user/.m2/repository/org/apache/hadoop/hadoop-hdfs-client/3.2.0/hadoop-hdfs-client-3.2.0.jar:/home/user/.m2/repository/com/fasterxml/jackson/core/jackson-annotations/2.9.5/jackson-annotations-2.9.5.jar:/home/user/.m2/repository/org/apache/hadoop/hadoop-hdds-common/0.5.0-SNAPSHOT/hadoop-hdds-common-0.5.0-SNAPSHOT.jar:/home/user/.m2/repository/javax/annotation/javax.annotation-api/1.2/javax.annotation-api-1.2.jar:/home/user/.m2/repository/org/apache/ratis/ratis-server/0.4.0-2337318-SNAPSHOT/ratis-server-0.4.0-2337318-SNAPSHOT.jar:/home/user/.m2/repository/org/apache/ratis/ratis-thirdparty-misc/0.2.0/ratis-thirdparty-misc-0.2.0.jar:/home/user/.m2/repository/org/apache/ratis/ratis-proto/0.4.0-2337318-SNAPSHOT/ratis-proto-0.4.0-2337318-SNAPSHOT.jar:/home/user/.m2/repository/org/apache/ratis/ratis-common/0.4.0-2337318-SNAPSHOT/ratis-common-0.4.0-2337318-SNAPSHOT.jar:/home/user/.m2/repository/org/apache/ratis/ratis-client/0.4.0-2337318-SNAPSHOT/ratis-client-0.4.0-2337318-SNAPSHOT.jar:/home/user/.m2/repository/org/apache/ratis/ratis-metrics/0.4.0-2337318-SNAPSHOT/ratis-metrics-0.4.0-2337318-SNAPSHOT.jar:/home/user/.m2/repository/org/apache/ratis/ratis-netty/0.4.0-2337318-SNAPSHOT/ratis-netty-0.4.0-2337318-SNAPSHOT.jar:/home/user/.m2/repository/org/apache/ratis/ratis-grpc/0.4.0-2337318-SNAPSHOT/ratis-grpc-0.4.0-2337318-SNAPSHOT.jar:/home/user/.m2/repository/org/rocksdb/rocksdbjni/6.0.1/rocksdbjni-6.0.1.jar:/home/user/.m2/repository/org/apache/logging/log4j/log4j-api/2.11.0/log4j-api-2.11.0.jar:/home/user/.m2/repository/org/apache/logging/log4j/log4j-core/2.11.0/log4j-core-2.11.0.jar:/home/user/.m2/repository/com/lmax/disruptor/3.4.2/disruptor-3.4.2.jar:/home/user/.m2/repository/org/apache/commons/commons-pool2/2.6.0/commons-pool2-2.6.0.jar:/home/user/.m2/repository/org/bouncycastle/bcpkix-jdk15on/1.60/bcpkix-jdk15on-1.60.jar:/home/user/.m2/repository/commons-validator/commons-validator/1.6/commons-validator-1.6.jar:/home/user/.m2/repository/commons-digester/commons-digester/1.8.1/commons-digester-1.8.1.jar:/home/user/.m2/repository/io/jaegertracing/jaeger-client/0.33.1/jaeger-client-0.33.1.jar:/home/user/.m2/repository/io/jaegertracing/jaeger-thrift/0.33.1/jaeger-thrift-0.33.1.jar:/home/user/.m2/repository/org/apache/thrift/libthrift/0.11.0/libthrift-0.11.0.jar:/home/user/.m2/repository/com/squareup/okhttp3/okhttp/3.9.0/okhttp-3.9.0.jar:/home/user/.m2/repository/com/squareup/okio/okio/1.13.0/okio-1.13.0.jar:/home/user/.m2/repository/io/jaegertracing/jaeger-core/0.33.1/jaeger-core-0.33.1.jar:/home/user/.m2/repository/io/jaegertracing/jaeger-tracerresolver/0.33.1/jaeger-tracerresolver-0.33.1.jar:/home/user/.m2/repository/io/opentracing/contrib/opentracing-tracerresolver/0.1.5/opentracing-tracerresolver-0.1.5.jar:/home/user/.m2/repository/io/opentracing/opentracing-util/0.31.0/opentracing-util-0.31.0.jar:/home/user/.m2/repository/io/opentracing/opentracing-api/0.31.0/opentracing-api-0.31.0.jar:/home/user/.m2/repository/io/opentracing/opentracing-noop/0.31.0/opentracing-noop-0.31.0.jar:/home/user/.m2/repository/org/apache/hadoop/hadoop-hdds-server-framework/0.5.0-SNAPSHOT/hadoop-hdds-server-framework-0.5.0-SNAPSHOT.jar:/home/user/.m2/repository/org/apache/hadoop/hadoop-hdds-container-service/0.5.0-SNAPSHOT/hadoop-hdds-container-service-0.5.0-SNAPSHOT.jar:/home/user/.m2/repository/org/apache/hadoop/hadoop-hdds-client/0.5.0-SNAPSHOT/hadoop-hdds-client-0.5.0-SNAPSHOT.jar:/home/user/.m2/repository/org/apache/hadoop/hadoop-hdds-tools/0.5.0-SNAPSHOT/hadoop-hdds-tools-0.5.0-SNAPSHOT.jar:/home/user/.m2/repository/org/apache/hadoop/hadoop-hdds-server-scm/0.5.0-SNAPSHOT/hadoop-hdds-server-scm-0.5.0-SNAPSHOT.jar:/home/user/.m2/repository/org/apache/hadoop/hadoop-hdds-docs/0.5.0-SNAPSHOT/hadoop-hdds-docs-0.5.0-SNAPSHOT.jar:/home/user/.m2/repository/io/dropwizard/metrics/metrics-core/3.2.4/metrics-core-3.2.4.jar:/home/user/.m2/repository/org/hamcrest/hamcrest-all/1.3/hamcrest-all-1.3.jar:/home/user/.m2/repository/org/bouncycastle/bcprov-jdk15on/1.60/bcprov-jdk15on-1.60.jar:/home/user/.m2/repository/info/picocli/picocli/3.9.6/picocli-3.9.6.jar:/home/user/.m2/repository/com/google/protobuf/protobuf-java/2.5.0/protobuf-java-2.5.0.jar:/home/user/.m2/repository/com/google/guava/guava/11.0.2/guava-11.0.2.jar:/home/user/.m2/repository/org/apache/hadoop/hadoop-ozone-ozone-manager/0.5.0-SNAPSHOT/hadoop-ozone-ozone-manager-0.5.0-SNAPSHOT.jar:/home/user/.m2/repository/org/apache/hadoop/hadoop-minikdc/3.2.0/hadoop-minikdc-3.2.0.jar:/home/user/.m2/repository/commons-io/commons-io/2.5/commons-io-2.5.jar:/home/user/.m2/repository/org/apache/kerby/kerb-simplekdc/1.0.1/kerb-simplekdc-1.0.1.jar:/home/user/.m2/repository/org/apache/kerby/kerb-client/1.0.1/kerb-client-1.0.1.jar:/home/user/.m2/repository/org/apache/kerby/kerby-config/1.0.1/kerby-config-1.0.1.jar:/home/user/.m2/repository/org/apache/kerby/kerb-core/1.0.1/kerb-core-1.0.1.jar:/home/user/.m2/repository/org/apache/kerby/kerby-pkix/1.0.1/kerby-pkix-1.0.1.jar:/home/user/.m2/repository/org/apache/kerby/kerby-asn1/1.0.1/kerby-asn1-1.0.1.jar:/home/user/.m2/repository/org/apache/kerby/kerby-util/1.0.1/kerby-util-1.0.1.jar:/home/user/.m2/repository/org/apache/kerby/kerb-common/1.0.1/kerb-common-1.0.1.jar:/home/user/.m2/repository/org/apache/kerby/kerb-crypto/1.0.1/kerb-crypto-1.0.1.jar:/home/user/.m2/repository/org/apache/kerby/kerb-util/1.0.1/kerb-util-1.0.1.jar:/home/user/.m2/repository/org/apache/kerby/token-provider/1.0.1/token-provider-1.0.1.jar:/home/user/.m2/repository/org/apache/kerby/kerb-admin/1.0.1/kerb-admin-1.0.1.jar:/home/user/.m2/repository/org/apache/kerby/kerb-server/1.0.1/kerb-server-1.0.1.jar:/home/user/.m2/repository/org/apache/kerby/kerb-identity/1.0.1/kerb-identity-1.0.1.jar:/home/user/.m2/repository/org/apache/kerby/kerby-xdr/1.0.1/kerby-xdr-1.0.1.jar:/home/user/.m2/repository/org/slf4j/slf4j-log4j12/1.7.25/slf4j-log4j12-1.7.25.jar:/home/user/.m2/repository/org/apache/hadoop/hadoop-ozone-objectstore-service/0.5.0-SNAPSHOT/hadoop-ozone-objectstore-service-0.5.0-SNAPSHOT.jar:/home/user/.m2/repository/org/apache/hadoop/hadoop-ozone-s3gateway/0.5.0-SNAPSHOT/hadoop-ozone-s3gateway-0.5.0-SNAPSHOT.jar:/home/user/.m2/repository/org/jboss/weld/servlet/weld-servlet/2.4.7.Final/weld-servlet-2.4.7.Final.jar:/home/user/.m2/repository/org/glassfish/jersey/containers/jersey-container-servlet-core/2.27/jersey-container-servlet-core-2.27.jar:/home/user/.m2/repository/org/glassfish/hk2/external/javax.inject/2.5.0-b42/javax.inject-2.5.0-b42.jar:/home/user/.m2/repository/org/glassfish/jersey/core/jersey-common/2.27/jersey-common-2.27.jar:/home/user/.m2/repository/org/glassfish/hk2/osgi-resource-locator/1.0.1/osgi-resource-locator-1.0.1.jar:/home/user/.m2/repository/javax/ws/rs/javax.ws.rs-api/2.1/javax.ws.rs-api-2.1.jar:/home/user/.m2/repository/org/glassfish/jersey/ext/cdi/jersey-cdi1x/2.27/jersey-cdi1x-2.27.jar:/home/user/.m2/repository/org/glassfish/jersey/inject/jersey-hk2/2.27/jersey-hk2-2.27.jar:/home/user/.m2/repository/org/glassfish/hk2/hk2-locator/2.5.0-b42/hk2-locator-2.5.0-b42.jar:/home/user/.m2/repository/org/javassist/javassist/3.22.0-CR2/javassist-3.22.0-CR2.jar:/home/user/.m2/repository/org/glassfish/hk2/hk2-api/2.5.0/hk2-api-2.5.0.jar:/home/user/.m2/repository/org/glassfish/hk2/external/jakarta.inject/2.5.0/jakarta.inject-2.5.0.jar:/home/user/.m2/repository/org/glassfish/hk2/hk2-utils/2.5.0/hk2-utils-2.5.0.jar:/home/user/.m2/repository/jakarta/annotation/jakarta.annotation-api/1.3.4/jakarta.annotation-api-1.3.4.jar:/home/user/.m2/repository/org/glassfish/hk2/external/aopalliance-repackaged/2.5.0/aopalliance-repackaged-2.5.0.jar:/home/user/.m2/repository/com/fasterxml/jackson/dataformat/jackson-dataformat-xml/2.9.0/jackson-dataformat-xml-2.9.0.jar:/home/user/.m2/repository/com/fasterxml/jackson/core/jackson-core/2.9.5/jackson-core-2.9.5.jar:/home/user/.m2/repository/com/fasterxml/jackson/module/jackson-module-jaxb-annotations/2.9.5/jackson-module-jaxb-annotations-2.9.5.jar:/home/user/.m2/repository/javax/enterprise/cdi-api/1.2/cdi-api-1.2.jar:/home/user/.m2/repository/javax/el/javax.el-api/3.0.0/javax.el-api-3.0.0.jar:/home/user/.m2/repository/javax/interceptor/javax.interceptor-api/1.2/javax.interceptor-api-1.2.jar:/home/user/.m2/repository/javax/inject/javax.inject/1/javax.inject-1.jar:/home/user/.m2/repository/com/sun/xml/bind/jaxb-impl/2.3.0.1/jaxb-impl-2.3.0.1.jar:/home/user/.m2/repository/com/sun/xml/bind/jaxb-core/2.3.0.1/jaxb-core-2.3.0.1.jar:/home/user/.m2/repository/javax/xml/bind/jaxb-api/2.3.0/jaxb-api-2.3.0.jar:/home/user/.m2/repository/javax/activation/activation/1.1.1/activation-1.1.1.jar:/home/user/.m2/repository/org/apache/hadoop/hadoop-ozone-csi/0.5.0-SNAPSHOT/hadoop-ozone-csi-0.5.0-SNAPSHOT.jar:/home/user/.m2/repository/com/google/protobuf/protobuf-java-util/3.5.1/protobuf-java-util-3.5.1.jar:/home/user/.m2/repository/org/apache/hadoop/hadoop-hdds-config/0.5.0-SNAPSHOT/hadoop-hdds-config-0.5.0-SNAPSHOT.jar:/home/user/.m2/repository/io/grpc/grpc-netty/1.17.1/grpc-netty-1.17.1.jar:/home/user/.m2/repository/io/grpc/grpc-core/1.17.1/grpc-core-1.17.1.jar:/home/user/.m2/repository/io/grpc/grpc-context/1.17.1/grpc-context-1.17.1.jar:/home/user/.m2/repository/com/google/errorprone/error_prone_annotations/2.2.0/error_prone_annotations-2.2.0.jar:/home/user/.m2/repository/org/codehaus/mojo/animal-sniffer-annotations/1.17/animal-sniffer-annotations-1.17.jar:/home/user/.m2/repository/io/opencensus/opencensus-api/0.17.0/opencensus-api-0.17.0.jar:/home/user/.m2/repository/io/opencensus/opencensus-contrib-grpc-metrics/0.17.0/opencensus-contrib-grpc-metrics-0.17.0.jar:/home/user/.m2/repository/io/netty/netty-codec-http2/4.1.30.Final/netty-codec-http2-4.1.30.Final.jar:/home/user/.m2/repository/io/netty/netty-codec-http/4.1.30.Final/netty-codec-http-4.1.30.Final.jar:/home/user/.m2/repository/io/netty/netty-codec/4.1.30.Final/netty-codec-4.1.30.Final.jar:/home/user/.m2/repository/io/netty/netty-handler/4.1.30.Final/netty-handler-4.1.30.Final.jar:/home/user/.m2/repository/io/netty/netty-handler-proxy/4.1.30.Final/netty-handler-proxy-4.1.30.Final.jar:/home/user/.m2/repository/io/netty/netty-codec-socks/4.1.30.Final/netty-codec-socks-4.1.30.Final.jar:/home/user/.m2/repository/io/netty/netty-transport-native-epoll/4.1.30.Final/netty-transport-native-epoll-4.1.30.Final.jar:/home/user/.m2/repository/io/netty/netty-common/4.1.30.Final/netty-common-4.1.30.Final.jar:/home/user/.m2/repository/io/netty/netty-buffer/4.1.30.Final/netty-buffer-4.1.30.Final.jar:/home/user/.m2/repository/io/netty/netty-transport/4.1.30.Final/netty-transport-4.1.30.Final.jar:/home/user/.m2/repository/io/netty/netty-resolver/4.1.30.Final/netty-resolver-4.1.30.Final.jar:/home/user/.m2/repository/io/netty/netty-transport-native-unix-common/4.1.30.Final/netty-transport-native-unix-common-4.1.30.Final.jar:/home/user/.m2/repository/io/grpc/grpc-protobuf/1.17.1/grpc-protobuf-1.17.1.jar:/home/user/.m2/repository/com/google/api/grpc/proto-google-common-protos/1.0.0/proto-google-common-protos-1.0.0.jar:/home/user/.m2/repository/io/grpc/grpc-protobuf-lite/1.17.1/grpc-protobuf-lite-1.17.1.jar:/home/user/.m2/repository/io/grpc/grpc-stub/1.17.1/grpc-stub-1.17.1.jar:/home/user/.m2/repository/org/apache/hadoop/hadoop-ozone-recon/0.5.0-SNAPSHOT/hadoop-ozone-recon-0.5.0-SNAPSHOT.jar:/home/user/.m2/repository/org/apache/hadoop/hadoop-ozone-reconcodegen/0.5.0-SNAPSHOT/hadoop-ozone-reconcodegen-0.5.0-SNAPSHOT.jar:/home/user/.m2/repository/com/google/inject/extensions/guice-multibindings/4.0/guice-multibindings-4.0.jar:/home/user/.m2/repository/com/google/inject/guice/4.0/guice-4.0.jar:/home/user/.m2/repository/aopalliance/aopalliance/1.0/aopalliance-1.0.jar:/home/user/.m2/repository/com/google/inject/extensions/guice-servlet/4.0/guice-servlet-4.0.jar:/home/user/.m2/repository/org/glassfish/jersey/containers/jersey-container-servlet/2.27/jersey-container-servlet-2.27.jar:/home/user/.m2/repository/org/glassfish/hk2/guice-bridge/2.5.0/guice-bridge-2.5.0.jar:/home/user/.m2/repository/org/glassfish/jersey/core/jersey-server/2.27/jersey-server-2.27.jar:/home/user/.m2/repository/org/glassfish/jersey/core/jersey-client/2.27/jersey-client-2.27.jar:/home/user/.m2/repository/org/glassfish/jersey/media/jersey-media-jaxb/2.27/jersey-media-jaxb-2.27.jar:/home/user/.m2/repository/javax/validation/validation-api/1.1.0.Final/validation-api-1.1.0.Final.jar:/home/user/.m2/repository/org/glassfish/jersey/media/jersey-media-json-jackson/2.27/jersey-media-json-jackson-2.27.jar:/home/user/.m2/repository/org/glassfish/jersey/ext/jersey-entity-filtering/2.27/jersey-entity-filtering-2.27.jar:/home/user/.m2/repository/com/google/inject/extensions/guice-assistedinject/4.0/guice-assistedinject-4.0.jar:/home/user/.m2/repository/org/jooq/jooq/3.11.10/jooq-3.11.10.jar:/home/user/.m2/repository/org/jooq/jooq-meta/3.11.10/jooq-meta-3.11.10.jar:/home/user/.m2/repository/org/jooq/jooq-codegen/3.11.10/jooq-codegen-3.11.10.jar:/home/user/.m2/repository/com/jolbox/bonecp/0.8.0.RELEASE/bonecp-0.8.0.RELEASE.jar:/home/user/.m2/repository/org/xerial/sqlite-jdbc/3.25.2/sqlite-jdbc-3.25.2.jar:/home/user/.m2/repository/org/springframework/spring-jdbc/5.1.3.RELEASE/spring-jdbc-5.1.3.RELEASE.jar:/home/user/.m2/repository/org/springframework/spring-beans/5.1.3.RELEASE/spring-beans-5.1.3.RELEASE.jar:/home/user/.m2/repository/org/springframework/spring-core/5.1.3.RELEASE/spring-core-5.1.3.RELEASE.jar:/home/user/.m2/repository/org/springframework/spring-jcl/5.1.3.RELEASE/spring-jcl-5.1.3.RELEASE.jar:/home/user/.m2/repository/org/springframework/spring-tx/5.1.3.RELEASE/spring-tx-5.1.3.RELEASE.jar:/home/user/.m2/repository/org/apache/hadoop/hadoop-ozone-client/0.5.0-SNAPSHOT/hadoop-ozone-client-0.5.0-SNAPSHOT.jar:/home/user/.m2/repository/commons-lang/commons-lang/2.6/commons-lang-2.6.jar:/home/user/.m2/repository/org/apache/hadoop/hadoop-ozone-ozone-manager/0.5.0-SNAPSHOT/hadoop-ozone-ozone-manager-0.5.0-SNAPSHOT-tests.jar:/home/user/.m2/repository/junit/junit/4.11/junit-4.11.jar:/home/user/.m2/repository/org/hamcrest/hamcrest-core/1.3/hamcrest-core-1.3.jar:/home/user/.m2/repository/org/openjdk/jmh/jmh-core/1.19/jmh-core-1.19.jar:/home/user/.m2/repository/net/sf/jopt-simple/jopt-simple/4.6/jopt-simple-4.6.jar:/home/user/.m2/repository/org/apache/commons/commons-math3/3.1.1/commons-math3-3.1.1.jar:/home/user/.m2/repository/org/openjdk/jmh/jmh-generator-annprocess/1.19/jmh-generator-annprocess-1.19.jar:/home/user/.m2/repository/org/mockito/mockito-all/1.8.5/mockito-all-1.8.5.jar:/home/user/.m2/repository/org/apache/hadoop/hadoop-kms/3.2.0/hadoop-kms-3.2.0.jar:/home/user/.m2/repository/org/apache/hadoop/hadoop-auth/3.2.0/hadoop-auth-3.2.0.jar:/home/user/.m2/repository/com/nimbusds/nimbus-jose-jwt/4.41.1/nimbus-jose-jwt-4.41.1.jar:/home/user/.m2/repository/com/github/stephenc/jcip/jcip-annotations/1.0-1/jcip-annotations-1.0-1.jar:/home/user/.m2/repository/net/minidev/json-smart/2.3/json-smart-2.3.jar:/home/user/.m2/repository/net/minidev/accessors-smart/1.2/accessors-smart-1.2.jar:/home/user/.m2/repository/org/ow2/asm/asm/5.0.4/asm-5.0.4.jar:/home/user/.m2/repository/org/apache/curator/curator-framework/2.12.0/curator-framework-2.12.0.jar:/home/user/.m2/repository/com/sun/jersey/jersey-core/1.19/jersey-core-1.19.jar:/home/user/.m2/repository/javax/ws/rs/jsr311-api/1.1.1/jsr311-api-1.1.1.jar:/home/user/.m2/repository/com/sun/jersey/jersey-server/1.19/jersey-server-1.19.jar:/home/user/.m2/repository/javax/servlet/javax.servlet-api/3.1.0/javax.servlet-api-3.1.0.jar:/home/user/.m2/repository/org/eclipse/jetty/jetty-server/9.3.24.v20180605/jetty-server-9.3.24.v20180605.jar:/home/user/.m2/repository/org/eclipse/jetty/jetty-http/9.3.24.v20180605/jetty-http-9.3.24.v20180605.jar:/home/user/.m2/repository/org/eclipse/jetty/jetty-io/9.3.24.v20180605/jetty-io-9.3.24.v20180605.jar:/home/user/.m2/repository/org/eclipse/jetty/jetty-webapp/9.3.24.v20180605/jetty-webapp-9.3.24.v20180605.jar:/home/user/.m2/repository/org/eclipse/jetty/jetty-xml/9.3.24.v20180605/jetty-xml-9.3.24.v20180605.jar:/home/user/.m2/repository/log4j/log4j/1.2.17/log4j-1.2.17.jar:/home/user/.m2/repository/org/slf4j/slf4j-api/1.7.25/slf4j-api-1.7.25.jar:/home/user/.m2/repository/org/slf4j/jul-to-slf4j/1.7.25/jul-to-slf4j-1.7.25.jar:/home/user/.m2/repository/org/eclipse/jetty/jetty-util/9.3.24.v20180605/jetty-util-9.3.24.v20180605.jar:/home/user/.m2/repository/com/fasterxml/jackson/core/jackson-databind/2.9.5/jackson-databind-2.9.5.jar:/home/user/.m2/repository/org/apache/hadoop/hadoop-kms/3.2.0/hadoop-kms-3.2.0-tests.jar:/home/user/.m2/repository/org/apache/hadoop/hadoop-hdds-server-scm/0.5.0-SNAPSHOT/hadoop-hdds-server-scm-0.5.0-SNAPSHOT-tests.jar:/home/user/.m2/repository/org/apache/hadoop/hadoop-hdds-container-service/0.5.0-SNAPSHOT/hadoop-hdds-container-service-0.5.0-SNAPSHOT-tests.jar:/home/user/.m2/repository/org/yaml/snakeyaml/1.16/snakeyaml-1.16.jar:/home/user/.m2/repository/org/apache/hadoop/hadoop-common/3.2.0/hadoop-common-3.2.0-tests.jar:/home/user/.m2/repository/org/apache/hadoop/hadoop-annotations/3.2.0/hadoop-annotations-3.2.0.jar:/usr/lib/jvm/java-1.8-openjdk/jre/../lib/tools.jar:/home/user/.m2/repository/commons-cli/commons-cli/1.2/commons-cli-1.2.jar:/home/user/.m2/repository/org/apache/httpcomponents/httpclient/4.5.2/httpclient-4.5.2.jar:/home/user/.m2/repository/org/apache/httpcomponents/httpcore/4.4.4/httpcore-4.4.4.jar:/home/user/.m2/repository/commons-codec/commons-codec/1.11/commons-codec-1.11.jar:/home/user/.m2/repository/commons-net/commons-net/3.6/commons-net-3.6.jar:/home/user/.m2/repository/commons-collections/commons-collections/3.2.2/commons-collections-3.2.2.jar:/home/user/.m2/repository/org/eclipse/jetty/jetty-servlet/9.3.24.v20180605/jetty-servlet-9.3.24.v20180605.jar:/home/user/.m2/repository/org/eclipse/jetty/jetty-security/9.3.24.v20180605/jetty-security-9.3.24.v20180605.jar:/home/user/.m2/repository/javax/servlet/jsp/jsp-api/2.1/jsp-api-2.1.jar:/home/user/.m2/repository/com/sun/jersey/jersey-servlet/1.19/jersey-servlet-1.19.jar:/home/user/.m2/repository/com/sun/jersey/jersey-json/1.19/jersey-json-1.19.jar:/home/user/.m2/repository/org/codehaus/jettison/jettison/1.1/jettison-1.1.jar:/home/user/.m2/repository/org/codehaus/jackson/jackson-core-asl/1.9.13/jackson-core-asl-1.9.13.jar:/home/user/.m2/repository/org/codehaus/jackson/jackson-mapper-asl/1.9.13/jackson-mapper-asl-1.9.13.jar:/home/user/.m2/repository/org/codehaus/jackson/jackson-jaxrs/1.9.13/jackson-jaxrs-1.9.13.jar:/home/user/.m2/repository/org/codehaus/jackson/jackson-xc/1.9.13/jackson-xc-1.9.13.jar:/home/user/.m2/repository/commons-logging/commons-logging/1.1.3/commons-logging-1.1.3.jar:/home/user/.m2/repository/commons-beanutils/commons-beanutils/1.9.3/commons-beanutils-1.9.3.jar:/home/user/.m2/repository/org/apache/commons/commons-configuration2/2.1.1/commons-configuration2-2.1.1.jar:/home/user/.m2/repository/org/apache/commons/commons-lang3/3.7/commons-lang3-3.7.jar:/home/user/.m2/repository/org/apache/commons/commons-text/1.4/commons-text-1.4.jar:/home/user/.m2/repository/org/apache/avro/avro/1.7.7/avro-1.7.7.jar:/home/user/.m2/repository/com/thoughtworks/paranamer/paranamer/2.3/paranamer-2.3.jar:/home/user/.m2/repository/org/xerial/snappy/snappy-java/1.0.5/snappy-java-1.0.5.jar:/home/user/.m2/repository/com/google/re2j/re2j/1.1/re2j-1.1.jar:/home/user/.m2/repository/com/google/code/gson/gson/2.2.4/gson-2.2.4.jar:/home/user/.m2/repository/com/jcraft/jsch/0.1.54/jsch-0.1.54.jar:/home/user/.m2/repository/org/apache/curator/curator-client/2.12.0/curator-client-2.12.0.jar:/home/user/.m2/repository/org/apache/curator/curator-recipes/2.12.0/curator-recipes-2.12.0.jar:/home/user/.m2/repository/com/google/code/findbugs/jsr305/3.0.0/jsr305-3.0.0.jar:/home/user/.m2/repository/org/apache/htrace/htrace-core4/4.1.0-incubating/htrace-core4-4.1.0-incubating.jar:/home/user/.m2/repository/org/apache/zookeeper/zookeeper/3.4.13/zookeeper-3.4.13.jar:/home/user/.m2/repository/org/apache/yetus/audience-annotations/0.5.0/audience-annotations-0.5.0.jar:/home/user/.m2/repository/org/codehaus/woodstox/stax2-api/3.1.4/stax2-api-3.1.4.jar:/home/user/.m2/repository/com/fasterxml/woodstox/woodstox-core/5.0.3/woodstox-core-5.0.3.jar:/home/user/.m2/repository/dnsjava/dnsjava/2.1.7/dnsjava-2.1.7.jar:/home/user/.m2/repository/org/apache/hadoop/hadoop-hdfs/3.2.0/hadoop-hdfs-3.2.0-tests.jar:/home/user/.m2/repository/org/eclipse/jetty/jetty-util-ajax/9.3.24.v20180605/jetty-util-ajax-9.3.24.v20180605.jar:/home/user/.m2/repository/commons-daemon/commons-daemon/1.0.13/commons-daemon-1.0.13.jar:/home/user/.m2/repository/io/netty/netty/3.10.5.Final/netty-3.10.5.Final.jar:/home/user/.m2/repository/io/netty/netty-all/4.0.52.Final/netty-all-4.0.52.Final.jar:/home/user/.m2/repository/org/fusesource/leveldbjni/leveldbjni-all/1.8/leveldbjni-all-1.8.jar:"/>
    <property name="java.vm.vendor" value="IcedTea"/>
    <property name="sun.arch.data.model" value="64"/>
    <property name="test.build.dir" value="/workdir/hadoop-ozone/integration-test/target/test-dir"/>
    <property name="test.cache.data" value=""/>
    <property name="java.vendor.url" value="https://icedtea.classpath.org"/>
    <property name="user.timezone" value=""/>
    <property name="java.vm.specification.version" value="1.8"/>
    <property name="os.name" value="Linux"/>
    <property name="test.build.data" value="/workdir/hadoop-ozone/integration-test/target/test-dir"/>
    <property name="user.country" value="US"/>
    <property name="sun.java.launcher" value="SUN_STANDARD"/>
    <property name="sun.boot.library.path" value="/usr/lib/jvm/java-1.8-openjdk/jre/lib/amd64"/>
    <property name="sun.java.command" value="/workdir/hadoop-ozone/integration-test/target/surefire/surefirebooter6095633733736474009.jar /workdir/hadoop-ozone/integration-test/target/surefire 2019-08-20T17-04-00_547-jvmRun1 surefire465305561067781302tmp surefire_205093728581720165255tmp"/>
    <property name="test" value="!TestMiniChaosOzoneCluster"/>
    <property name="surefire.test.class.path" value="/workdir/hadoop-ozone/integration-test/target/test-classes:/workdir/hadoop-ozone/integration-test/target/classes:/home/user/.m2/repository/org/apache/hadoop/hadoop-ozone-common/0.5.0-SNAPSHOT/hadoop-ozone-common-0.5.0-SNAPSHOT.jar:/home/user/.m2/repository/org/apache/commons/commons-compress/1.4.1/commons-compress-1.4.1.jar:/home/user/.m2/repository/org/tukaani/xz/1.0/xz-1.0.jar:/home/user/.m2/repository/org/apache/hadoop/hadoop-common/3.2.0/hadoop-common-3.2.0.jar:/home/user/.m2/repository/org/apache/hadoop/hadoop-hdfs/3.2.0/hadoop-hdfs-3.2.0.jar:/home/user/.m2/repository/org/apache/hadoop/hadoop-hdfs-client/3.2.0/hadoop-hdfs-client-3.2.0.jar:/home/user/.m2/repository/com/fasterxml/jackson/core/jackson-annotations/2.9.5/jackson-annotations-2.9.5.jar:/home/user/.m2/repository/org/apache/hadoop/hadoop-hdds-common/0.5.0-SNAPSHOT/hadoop-hdds-common-0.5.0-SNAPSHOT.jar:/home/user/.m2/repository/javax/annotation/javax.annotation-api/1.2/javax.annotation-api-1.2.jar:/home/user/.m2/repository/org/apache/ratis/ratis-server/0.4.0-2337318-SNAPSHOT/ratis-server-0.4.0-2337318-SNAPSHOT.jar:/home/user/.m2/repository/org/apache/ratis/ratis-thirdparty-misc/0.2.0/ratis-thirdparty-misc-0.2.0.jar:/home/user/.m2/repository/org/apache/ratis/ratis-proto/0.4.0-2337318-SNAPSHOT/ratis-proto-0.4.0-2337318-SNAPSHOT.jar:/home/user/.m2/repository/org/apache/ratis/ratis-common/0.4.0-2337318-SNAPSHOT/ratis-common-0.4.0-2337318-SNAPSHOT.jar:/home/user/.m2/repository/org/apache/ratis/ratis-client/0.4.0-2337318-SNAPSHOT/ratis-client-0.4.0-2337318-SNAPSHOT.jar:/home/user/.m2/repository/org/apache/ratis/ratis-metrics/0.4.0-2337318-SNAPSHOT/ratis-metrics-0.4.0-2337318-SNAPSHOT.jar:/home/user/.m2/repository/org/apache/ratis/ratis-netty/0.4.0-2337318-SNAPSHOT/ratis-netty-0.4.0-2337318-SNAPSHOT.jar:/home/user/.m2/repository/org/apache/ratis/ratis-grpc/0.4.0-2337318-SNAPSHOT/ratis-grpc-0.4.0-2337318-SNAPSHOT.jar:/home/user/.m2/repository/org/rocksdb/rocksdbjni/6.0.1/rocksdbjni-6.0.1.jar:/home/user/.m2/repository/org/apache/logging/log4j/log4j-api/2.11.0/log4j-api-2.11.0.jar:/home/user/.m2/repository/org/apache/logging/log4j/log4j-core/2.11.0/log4j-core-2.11.0.jar:/home/user/.m2/repository/com/lmax/disruptor/3.4.2/disruptor-3.4.2.jar:/home/user/.m2/repository/org/apache/commons/commons-pool2/2.6.0/commons-pool2-2.6.0.jar:/home/user/.m2/repository/org/bouncycastle/bcpkix-jdk15on/1.60/bcpkix-jdk15on-1.60.jar:/home/user/.m2/repository/commons-validator/commons-validator/1.6/commons-validator-1.6.jar:/home/user/.m2/repository/commons-digester/commons-digester/1.8.1/commons-digester-1.8.1.jar:/home/user/.m2/repository/io/jaegertracing/jaeger-client/0.33.1/jaeger-client-0.33.1.jar:/home/user/.m2/repository/io/jaegertracing/jaeger-thrift/0.33.1/jaeger-thrift-0.33.1.jar:/home/user/.m2/repository/org/apache/thrift/libthrift/0.11.0/libthrift-0.11.0.jar:/home/user/.m2/repository/com/squareup/okhttp3/okhttp/3.9.0/okhttp-3.9.0.jar:/home/user/.m2/repository/com/squareup/okio/okio/1.13.0/okio-1.13.0.jar:/home/user/.m2/repository/io/jaegertracing/jaeger-core/0.33.1/jaeger-core-0.33.1.jar:/home/user/.m2/repository/io/jaegertracing/jaeger-tracerresolver/0.33.1/jaeger-tracerresolver-0.33.1.jar:/home/user/.m2/repository/io/opentracing/contrib/opentracing-tracerresolver/0.1.5/opentracing-tracerresolver-0.1.5.jar:/home/user/.m2/repository/io/opentracing/opentracing-util/0.31.0/opentracing-util-0.31.0.jar:/home/user/.m2/repository/io/opentracing/opentracing-api/0.31.0/opentracing-api-0.31.0.jar:/home/user/.m2/repository/io/opentracing/opentracing-noop/0.31.0/opentracing-noop-0.31.0.jar:/home/user/.m2/repository/org/apache/hadoop/hadoop-hdds-server-framework/0.5.0-SNAPSHOT/hadoop-hdds-server-framework-0.5.0-SNAPSHOT.jar:/home/user/.m2/repository/org/apache/hadoop/hadoop-hdds-container-service/0.5.0-SNAPSHOT/hadoop-hdds-container-service-0.5.0-SNAPSHOT.jar:/home/user/.m2/repository/org/apache/hadoop/hadoop-hdds-client/0.5.0-SNAPSHOT/hadoop-hdds-client-0.5.0-SNAPSHOT.jar:/home/user/.m2/repository/org/apache/hadoop/hadoop-hdds-tools/0.5.0-SNAPSHOT/hadoop-hdds-tools-0.5.0-SNAPSHOT.jar:/home/user/.m2/repository/org/apache/hadoop/hadoop-hdds-server-scm/0.5.0-SNAPSHOT/hadoop-hdds-server-scm-0.5.0-SNAPSHOT.jar:/home/user/.m2/repository/org/apache/hadoop/hadoop-hdds-docs/0.5.0-SNAPSHOT/hadoop-hdds-docs-0.5.0-SNAPSHOT.jar:/home/user/.m2/repository/io/dropwizard/metrics/metrics-core/3.2.4/metrics-core-3.2.4.jar:/home/user/.m2/repository/org/hamcrest/hamcrest-all/1.3/hamcrest-all-1.3.jar:/home/user/.m2/repository/org/bouncycastle/bcprov-jdk15on/1.60/bcprov-jdk15on-1.60.jar:/home/user/.m2/repository/info/picocli/picocli/3.9.6/picocli-3.9.6.jar:/home/user/.m2/repository/com/google/protobuf/protobuf-java/2.5.0/protobuf-java-2.5.0.jar:/home/user/.m2/repository/com/google/guava/guava/11.0.2/guava-11.0.2.jar:/home/user/.m2/repository/org/apache/hadoop/hadoop-ozone-ozone-manager/0.5.0-SNAPSHOT/hadoop-ozone-ozone-manager-0.5.0-SNAPSHOT.jar:/home/user/.m2/repository/org/apache/hadoop/hadoop-minikdc/3.2.0/hadoop-minikdc-3.2.0.jar:/home/user/.m2/repository/commons-io/commons-io/2.5/commons-io-2.5.jar:/home/user/.m2/repository/org/apache/kerby/kerb-simplekdc/1.0.1/kerb-simplekdc-1.0.1.jar:/home/user/.m2/repository/org/apache/kerby/kerb-client/1.0.1/kerb-client-1.0.1.jar:/home/user/.m2/repository/org/apache/kerby/kerby-config/1.0.1/kerby-config-1.0.1.jar:/home/user/.m2/repository/org/apache/kerby/kerb-core/1.0.1/kerb-core-1.0.1.jar:/home/user/.m2/repository/org/apache/kerby/kerby-pkix/1.0.1/kerby-pkix-1.0.1.jar:/home/user/.m2/repository/org/apache/kerby/kerby-asn1/1.0.1/kerby-asn1-1.0.1.jar:/home/user/.m2/repository/org/apache/kerby/kerby-util/1.0.1/kerby-util-1.0.1.jar:/home/user/.m2/repository/org/apache/kerby/kerb-common/1.0.1/kerb-common-1.0.1.jar:/home/user/.m2/repository/org/apache/kerby/kerb-crypto/1.0.1/kerb-crypto-1.0.1.jar:/home/user/.m2/repository/org/apache/kerby/kerb-util/1.0.1/kerb-util-1.0.1.jar:/home/user/.m2/repository/org/apache/kerby/token-provider/1.0.1/token-provider-1.0.1.jar:/home/user/.m2/repository/org/apache/kerby/kerb-admin/1.0.1/kerb-admin-1.0.1.jar:/home/user/.m2/repository/org/apache/kerby/kerb-server/1.0.1/kerb-server-1.0.1.jar:/home/user/.m2/repository/org/apache/kerby/kerb-identity/1.0.1/kerb-identity-1.0.1.jar:/home/user/.m2/repository/org/apache/kerby/kerby-xdr/1.0.1/kerby-xdr-1.0.1.jar:/home/user/.m2/repository/org/slf4j/slf4j-log4j12/1.7.25/slf4j-log4j12-1.7.25.jar:/home/user/.m2/repository/org/apache/hadoop/hadoop-ozone-objectstore-service/0.5.0-SNAPSHOT/hadoop-ozone-objectstore-service-0.5.0-SNAPSHOT.jar:/home/user/.m2/repository/org/apache/hadoop/hadoop-ozone-s3gateway/0.5.0-SNAPSHOT/hadoop-ozone-s3gateway-0.5.0-SNAPSHOT.jar:/home/user/.m2/repository/org/jboss/weld/servlet/weld-servlet/2.4.7.Final/weld-servlet-2.4.7.Final.jar:/home/user/.m2/repository/org/glassfish/jersey/containers/jersey-container-servlet-core/2.27/jersey-container-servlet-core-2.27.jar:/home/user/.m2/repository/org/glassfish/hk2/external/javax.inject/2.5.0-b42/javax.inject-2.5.0-b42.jar:/home/user/.m2/repository/org/glassfish/jersey/core/jersey-common/2.27/jersey-common-2.27.jar:/home/user/.m2/repository/org/glassfish/hk2/osgi-resource-locator/1.0.1/osgi-resource-locator-1.0.1.jar:/home/user/.m2/repository/javax/ws/rs/javax.ws.rs-api/2.1/javax.ws.rs-api-2.1.jar:/home/user/.m2/repository/org/glassfish/jersey/ext/cdi/jersey-cdi1x/2.27/jersey-cdi1x-2.27.jar:/home/user/.m2/repository/org/glassfish/jersey/inject/jersey-hk2/2.27/jersey-hk2-2.27.jar:/home/user/.m2/repository/org/glassfish/hk2/hk2-locator/2.5.0-b42/hk2-locator-2.5.0-b42.jar:/home/user/.m2/repository/org/javassist/javassist/3.22.0-CR2/javassist-3.22.0-CR2.jar:/home/user/.m2/repository/org/glassfish/hk2/hk2-api/2.5.0/hk2-api-2.5.0.jar:/home/user/.m2/repository/org/glassfish/hk2/external/jakarta.inject/2.5.0/jakarta.inject-2.5.0.jar:/home/user/.m2/repository/org/glassfish/hk2/hk2-utils/2.5.0/hk2-utils-2.5.0.jar:/home/user/.m2/repository/jakarta/annotation/jakarta.annotation-api/1.3.4/jakarta.annotation-api-1.3.4.jar:/home/user/.m2/repository/org/glassfish/hk2/external/aopalliance-repackaged/2.5.0/aopalliance-repackaged-2.5.0.jar:/home/user/.m2/repository/com/fasterxml/jackson/dataformat/jackson-dataformat-xml/2.9.0/jackson-dataformat-xml-2.9.0.jar:/home/user/.m2/repository/com/fasterxml/jackson/core/jackson-core/2.9.5/jackson-core-2.9.5.jar:/home/user/.m2/repository/com/fasterxml/jackson/module/jackson-module-jaxb-annotations/2.9.5/jackson-module-jaxb-annotations-2.9.5.jar:/home/user/.m2/repository/javax/enterprise/cdi-api/1.2/cdi-api-1.2.jar:/home/user/.m2/repository/javax/el/javax.el-api/3.0.0/javax.el-api-3.0.0.jar:/home/user/.m2/repository/javax/interceptor/javax.interceptor-api/1.2/javax.interceptor-api-1.2.jar:/home/user/.m2/repository/javax/inject/javax.inject/1/javax.inject-1.jar:/home/user/.m2/repository/com/sun/xml/bind/jaxb-impl/2.3.0.1/jaxb-impl-2.3.0.1.jar:/home/user/.m2/repository/com/sun/xml/bind/jaxb-core/2.3.0.1/jaxb-core-2.3.0.1.jar:/home/user/.m2/repository/javax/xml/bind/jaxb-api/2.3.0/jaxb-api-2.3.0.jar:/home/user/.m2/repository/javax/activation/activation/1.1.1/activation-1.1.1.jar:/home/user/.m2/repository/org/apache/hadoop/hadoop-ozone-csi/0.5.0-SNAPSHOT/hadoop-ozone-csi-0.5.0-SNAPSHOT.jar:/home/user/.m2/repository/com/google/protobuf/protobuf-java-util/3.5.1/protobuf-java-util-3.5.1.jar:/home/user/.m2/repository/org/apache/hadoop/hadoop-hdds-config/0.5.0-SNAPSHOT/hadoop-hdds-config-0.5.0-SNAPSHOT.jar:/home/user/.m2/repository/io/grpc/grpc-netty/1.17.1/grpc-netty-1.17.1.jar:/home/user/.m2/repository/io/grpc/grpc-core/1.17.1/grpc-core-1.17.1.jar:/home/user/.m2/repository/io/grpc/grpc-context/1.17.1/grpc-context-1.17.1.jar:/home/user/.m2/repository/com/google/errorprone/error_prone_annotations/2.2.0/error_prone_annotations-2.2.0.jar:/home/user/.m2/repository/org/codehaus/mojo/animal-sniffer-annotations/1.17/animal-sniffer-annotations-1.17.jar:/home/user/.m2/repository/io/opencensus/opencensus-api/0.17.0/opencensus-api-0.17.0.jar:/home/user/.m2/repository/io/opencensus/opencensus-contrib-grpc-metrics/0.17.0/opencensus-contrib-grpc-metrics-0.17.0.jar:/home/user/.m2/repository/io/netty/netty-codec-http2/4.1.30.Final/netty-codec-http2-4.1.30.Final.jar:/home/user/.m2/repository/io/netty/netty-codec-http/4.1.30.Final/netty-codec-http-4.1.30.Final.jar:/home/user/.m2/repository/io/netty/netty-codec/4.1.30.Final/netty-codec-4.1.30.Final.jar:/home/user/.m2/repository/io/netty/netty-handler/4.1.30.Final/netty-handler-4.1.30.Final.jar:/home/user/.m2/repository/io/netty/netty-handler-proxy/4.1.30.Final/netty-handler-proxy-4.1.30.Final.jar:/home/user/.m2/repository/io/netty/netty-codec-socks/4.1.30.Final/netty-codec-socks-4.1.30.Final.jar:/home/user/.m2/repository/io/netty/netty-transport-native-epoll/4.1.30.Final/netty-transport-native-epoll-4.1.30.Final.jar:/home/user/.m2/repository/io/netty/netty-common/4.1.30.Final/netty-common-4.1.30.Final.jar:/home/user/.m2/repository/io/netty/netty-buffer/4.1.30.Final/netty-buffer-4.1.30.Final.jar:/home/user/.m2/repository/io/netty/netty-transport/4.1.30.Final/netty-transport-4.1.30.Final.jar:/home/user/.m2/repository/io/netty/netty-resolver/4.1.30.Final/netty-resolver-4.1.30.Final.jar:/home/user/.m2/repository/io/netty/netty-transport-native-unix-common/4.1.30.Final/netty-transport-native-unix-common-4.1.30.Final.jar:/home/user/.m2/repository/io/grpc/grpc-protobuf/1.17.1/grpc-protobuf-1.17.1.jar:/home/user/.m2/repository/com/google/api/grpc/proto-google-common-protos/1.0.0/proto-google-common-protos-1.0.0.jar:/home/user/.m2/repository/io/grpc/grpc-protobuf-lite/1.17.1/grpc-protobuf-lite-1.17.1.jar:/home/user/.m2/repository/io/grpc/grpc-stub/1.17.1/grpc-stub-1.17.1.jar:/home/user/.m2/repository/org/apache/hadoop/hadoop-ozone-recon/0.5.0-SNAPSHOT/hadoop-ozone-recon-0.5.0-SNAPSHOT.jar:/home/user/.m2/repository/org/apache/hadoop/hadoop-ozone-reconcodegen/0.5.0-SNAPSHOT/hadoop-ozone-reconcodegen-0.5.0-SNAPSHOT.jar:/home/user/.m2/repository/com/google/inject/extensions/guice-multibindings/4.0/guice-multibindings-4.0.jar:/home/user/.m2/repository/com/google/inject/guice/4.0/guice-4.0.jar:/home/user/.m2/repository/aopalliance/aopalliance/1.0/aopalliance-1.0.jar:/home/user/.m2/repository/com/google/inject/extensions/guice-servlet/4.0/guice-servlet-4.0.jar:/home/user/.m2/repository/org/glassfish/jersey/containers/jersey-container-servlet/2.27/jersey-container-servlet-2.27.jar:/home/user/.m2/repository/org/glassfish/hk2/guice-bridge/2.5.0/guice-bridge-2.5.0.jar:/home/user/.m2/repository/org/glassfish/jersey/core/jersey-server/2.27/jersey-server-2.27.jar:/home/user/.m2/repository/org/glassfish/jersey/core/jersey-client/2.27/jersey-client-2.27.jar:/home/user/.m2/repository/org/glassfish/jersey/media/jersey-media-jaxb/2.27/jersey-media-jaxb-2.27.jar:/home/user/.m2/repository/javax/validation/validation-api/1.1.0.Final/validation-api-1.1.0.Final.jar:/home/user/.m2/repository/org/glassfish/jersey/media/jersey-media-json-jackson/2.27/jersey-media-json-jackson-2.27.jar:/home/user/.m2/repository/org/glassfish/jersey/ext/jersey-entity-filtering/2.27/jersey-entity-filtering-2.27.jar:/home/user/.m2/repository/com/google/inject/extensions/guice-assistedinject/4.0/guice-assistedinject-4.0.jar:/home/user/.m2/repository/org/jooq/jooq/3.11.10/jooq-3.11.10.jar:/home/user/.m2/repository/org/jooq/jooq-meta/3.11.10/jooq-meta-3.11.10.jar:/home/user/.m2/repository/org/jooq/jooq-codegen/3.11.10/jooq-codegen-3.11.10.jar:/home/user/.m2/repository/com/jolbox/bonecp/0.8.0.RELEASE/bonecp-0.8.0.RELEASE.jar:/home/user/.m2/repository/org/xerial/sqlite-jdbc/3.25.2/sqlite-jdbc-3.25.2.jar:/home/user/.m2/repository/org/springframework/spring-jdbc/5.1.3.RELEASE/spring-jdbc-5.1.3.RELEASE.jar:/home/user/.m2/repository/org/springframework/spring-beans/5.1.3.RELEASE/spring-beans-5.1.3.RELEASE.jar:/home/user/.m2/repository/org/springframework/spring-core/5.1.3.RELEASE/spring-core-5.1.3.RELEASE.jar:/home/user/.m2/repository/org/springframework/spring-jcl/5.1.3.RELEASE/spring-jcl-5.1.3.RELEASE.jar:/home/user/.m2/repository/org/springframework/spring-tx/5.1.3.RELEASE/spring-tx-5.1.3.RELEASE.jar:/home/user/.m2/repository/org/apache/hadoop/hadoop-ozone-client/0.5.0-SNAPSHOT/hadoop-ozone-client-0.5.0-SNAPSHOT.jar:/home/user/.m2/repository/commons-lang/commons-lang/2.6/commons-lang-2.6.jar:/home/user/.m2/repository/org/apache/hadoop/hadoop-ozone-ozone-manager/0.5.0-SNAPSHOT/hadoop-ozone-ozone-manager-0.5.0-SNAPSHOT-tests.jar:/home/user/.m2/repository/junit/junit/4.11/junit-4.11.jar:/home/user/.m2/repository/org/hamcrest/hamcrest-core/1.3/hamcrest-core-1.3.jar:/home/user/.m2/repository/org/openjdk/jmh/jmh-core/1.19/jmh-core-1.19.jar:/home/user/.m2/repository/net/sf/jopt-simple/jopt-simple/4.6/jopt-simple-4.6.jar:/home/user/.m2/repository/org/apache/commons/commons-math3/3.1.1/commons-math3-3.1.1.jar:/home/user/.m2/repository/org/openjdk/jmh/jmh-generator-annprocess/1.19/jmh-generator-annprocess-1.19.jar:/home/user/.m2/repository/org/mockito/mockito-all/1.8.5/mockito-all-1.8.5.jar:/home/user/.m2/repository/org/apache/hadoop/hadoop-kms/3.2.0/hadoop-kms-3.2.0.jar:/home/user/.m2/repository/org/apache/hadoop/hadoop-auth/3.2.0/hadoop-auth-3.2.0.jar:/home/user/.m2/repository/com/nimbusds/nimbus-jose-jwt/4.41.1/nimbus-jose-jwt-4.41.1.jar:/home/user/.m2/repository/com/github/stephenc/jcip/jcip-annotations/1.0-1/jcip-annotations-1.0-1.jar:/home/user/.m2/repository/net/minidev/json-smart/2.3/json-smart-2.3.jar:/home/user/.m2/repository/net/minidev/accessors-smart/1.2/accessors-smart-1.2.jar:/home/user/.m2/repository/org/ow2/asm/asm/5.0.4/asm-5.0.4.jar:/home/user/.m2/repository/org/apache/curator/curator-framework/2.12.0/curator-framework-2.12.0.jar:/home/user/.m2/repository/com/sun/jersey/jersey-core/1.19/jersey-core-1.19.jar:/home/user/.m2/repository/javax/ws/rs/jsr311-api/1.1.1/jsr311-api-1.1.1.jar:/home/user/.m2/repository/com/sun/jersey/jersey-server/1.19/jersey-server-1.19.jar:/home/user/.m2/repository/javax/servlet/javax.servlet-api/3.1.0/javax.servlet-api-3.1.0.jar:/home/user/.m2/repository/org/eclipse/jetty/jetty-server/9.3.24.v20180605/jetty-server-9.3.24.v20180605.jar:/home/user/.m2/repository/org/eclipse/jetty/jetty-http/9.3.24.v20180605/jetty-http-9.3.24.v20180605.jar:/home/user/.m2/repository/org/eclipse/jetty/jetty-io/9.3.24.v20180605/jetty-io-9.3.24.v20180605.jar:/home/user/.m2/repository/org/eclipse/jetty/jetty-webapp/9.3.24.v20180605/jetty-webapp-9.3.24.v20180605.jar:/home/user/.m2/repository/org/eclipse/jetty/jetty-xml/9.3.24.v20180605/jetty-xml-9.3.24.v20180605.jar:/home/user/.m2/repository/log4j/log4j/1.2.17/log4j-1.2.17.jar:/home/user/.m2/repository/org/slf4j/slf4j-api/1.7.25/slf4j-api-1.7.25.jar:/home/user/.m2/repository/org/slf4j/jul-to-slf4j/1.7.25/jul-to-slf4j-1.7.25.jar:/home/user/.m2/repository/org/eclipse/jetty/jetty-util/9.3.24.v20180605/jetty-util-9.3.24.v20180605.jar:/home/user/.m2/repository/com/fasterxml/jackson/core/jackson-databind/2.9.5/jackson-databind-2.9.5.jar:/home/user/.m2/repository/org/apache/hadoop/hadoop-kms/3.2.0/hadoop-kms-3.2.0-tests.jar:/home/user/.m2/repository/org/apache/hadoop/hadoop-hdds-server-scm/0.5.0-SNAPSHOT/hadoop-hdds-server-scm-0.5.0-SNAPSHOT-tests.jar:/home/user/.m2/repository/org/apache/hadoop/hadoop-hdds-container-service/0.5.0-SNAPSHOT/hadoop-hdds-container-service-0.5.0-SNAPSHOT-tests.jar:/home/user/.m2/repository/org/yaml/snakeyaml/1.16/snakeyaml-1.16.jar:/home/user/.m2/repository/org/apache/hadoop/hadoop-common/3.2.0/hadoop-common-3.2.0-tests.jar:/home/user/.m2/repository/org/apache/hadoop/hadoop-annotations/3.2.0/hadoop-annotations-3.2.0.jar:/usr/lib/jvm/java-1.8-openjdk/jre/../lib/tools.jar:/home/user/.m2/repository/commons-cli/commons-cli/1.2/commons-cli-1.2.jar:/home/user/.m2/repository/org/apache/httpcomponents/httpclient/4.5.2/httpclient-4.5.2.jar:/home/user/.m2/repository/org/apache/httpcomponents/httpcore/4.4.4/httpcore-4.4.4.jar:/home/user/.m2/repository/commons-codec/commons-codec/1.11/commons-codec-1.11.jar:/home/user/.m2/repository/commons-net/commons-net/3.6/commons-net-3.6.jar:/home/user/.m2/repository/commons-collections/commons-collections/3.2.2/commons-collections-3.2.2.jar:/home/user/.m2/repository/org/eclipse/jetty/jetty-servlet/9.3.24.v20180605/jetty-servlet-9.3.24.v20180605.jar:/home/user/.m2/repository/org/eclipse/jetty/jetty-security/9.3.24.v20180605/jetty-security-9.3.24.v20180605.jar:/home/user/.m2/repository/javax/servlet/jsp/jsp-api/2.1/jsp-api-2.1.jar:/home/user/.m2/repository/com/sun/jersey/jersey-servlet/1.19/jersey-servlet-1.19.jar:/home/user/.m2/repository/com/sun/jersey/jersey-json/1.19/jersey-json-1.19.jar:/home/user/.m2/repository/org/codehaus/jettison/jettison/1.1/jettison-1.1.jar:/home/user/.m2/repository/org/codehaus/jackson/jackson-core-asl/1.9.13/jackson-core-asl-1.9.13.jar:/home/user/.m2/repository/org/codehaus/jackson/jackson-mapper-asl/1.9.13/jackson-mapper-asl-1.9.13.jar:/home/user/.m2/repository/org/codehaus/jackson/jackson-jaxrs/1.9.13/jackson-jaxrs-1.9.13.jar:/home/user/.m2/repository/org/codehaus/jackson/jackson-xc/1.9.13/jackson-xc-1.9.13.jar:/home/user/.m2/repository/commons-logging/commons-logging/1.1.3/commons-logging-1.1.3.jar:/home/user/.m2/repository/commons-beanutils/commons-beanutils/1.9.3/commons-beanutils-1.9.3.jar:/home/user/.m2/repository/org/apache/commons/commons-configuration2/2.1.1/commons-configuration2-2.1.1.jar:/home/user/.m2/repository/org/apache/commons/commons-lang3/3.7/commons-lang3-3.7.jar:/home/user/.m2/repository/org/apache/commons/commons-text/1.4/commons-text-1.4.jar:/home/user/.m2/repository/org/apache/avro/avro/1.7.7/avro-1.7.7.jar:/home/user/.m2/repository/com/thoughtworks/paranamer/paranamer/2.3/paranamer-2.3.jar:/home/user/.m2/repository/org/xerial/snappy/snappy-java/1.0.5/snappy-java-1.0.5.jar:/home/user/.m2/repository/com/google/re2j/re2j/1.1/re2j-1.1.jar:/home/user/.m2/repository/com/google/code/gson/gson/2.2.4/gson-2.2.4.jar:/home/user/.m2/repository/com/jcraft/jsch/0.1.54/jsch-0.1.54.jar:/home/user/.m2/repository/org/apache/curator/curator-client/2.12.0/curator-client-2.12.0.jar:/home/user/.m2/repository/org/apache/curator/curator-recipes/2.12.0/curator-recipes-2.12.0.jar:/home/user/.m2/repository/com/google/code/findbugs/jsr305/3.0.0/jsr305-3.0.0.jar:/home/user/.m2/repository/org/apache/htrace/htrace-core4/4.1.0-incubating/htrace-core4-4.1.0-incubating.jar:/home/user/.m2/repository/org/apache/zookeeper/zookeeper/3.4.13/zookeeper-3.4.13.jar:/home/user/.m2/repository/org/apache/yetus/audience-annotations/0.5.0/audience-annotations-0.5.0.jar:/home/user/.m2/repository/org/codehaus/woodstox/stax2-api/3.1.4/stax2-api-3.1.4.jar:/home/user/.m2/repository/com/fasterxml/woodstox/woodstox-core/5.0.3/woodstox-core-5.0.3.jar:/home/user/.m2/repository/dnsjava/dnsjava/2.1.7/dnsjava-2.1.7.jar:/home/user/.m2/repository/org/apache/hadoop/hadoop-hdfs/3.2.0/hadoop-hdfs-3.2.0-tests.jar:/home/user/.m2/repository/org/eclipse/jetty/jetty-util-ajax/9.3.24.v20180605/jetty-util-ajax-9.3.24.v20180605.jar:/home/user/.m2/repository/commons-daemon/commons-daemon/1.0.13/commons-daemon-1.0.13.jar:/home/user/.m2/repository/io/netty/netty/3.10.5.Final/netty-3.10.5.Final.jar:/home/user/.m2/repository/io/netty/netty-all/4.0.52.Final/netty-all-4.0.52.Final.jar:/home/user/.m2/repository/org/fusesource/leveldbjni/leveldbjni-all/1.8/leveldbjni-all-1.8.jar:"/>
    <property name="sun.cpu.endian" value="little"/>
    <property name="user.home" value="/home/user"/>
    <property name="user.language" value="en"/>
    <property name="java.specification.vendor" value="Oracle Corporation"/>
    <property name="java.home" value="/usr/lib/jvm/java-1.8-openjdk/jre"/>
    <property name="java.security.krb5.conf" value="/workdir/hadoop-ozone/integration-test/target/test-classes/krb5.conf"/>
    <property name="basedir" value="/workdir/hadoop-ozone/integration-test"/>
    <property name="file.separator" value="/"/>
    <property name="line.separator" value="&#10;"/>
    <property name="java.vm.specification.vendor" value="Oracle Corporation"/>
    <property name="java.specification.name" value="Java Platform API Specification"/>
    <property name="java.awt.graphicsenv" value="sun.awt.X11GraphicsEnvironment"/>
    <property name="surefire.real.class.path" value="/workdir/hadoop-ozone/integration-test/target/surefire/surefirebooter6095633733736474009.jar"/>
    <property name="hadoop.log.dir" value="/workdir/hadoop-ozone/integration-test/target/log"/>
    <property name="sun.boot.class.path" value="/usr/lib/jvm/java-1.8-openjdk/jre/lib/resources.jar:/usr/lib/jvm/java-1.8-openjdk/jre/lib/rt.jar:/usr/lib/jvm/java-1.8-openjdk/jre/lib/sunrsasign.jar:/usr/lib/jvm/java-1.8-openjdk/jre/lib/jsse.jar:/usr/lib/jvm/java-1.8-openjdk/jre/lib/jce.jar:/usr/lib/jvm/java-1.8-openjdk/jre/lib/charsets.jar:/usr/lib/jvm/java-1.8-openjdk/jre/lib/jfr.jar:/usr/lib/jvm/java-1.8-openjdk/jre/classes"/>
    <property name="sun.management.compiler" value="HotSpot 64-Bit Tiered Compilers"/>
    <property name="java.runtime.version" value="1.8.0_212-b04"/>
    <property name="java.net.preferIPv4Stack" value="true"/>
    <property name="user.name" value="jenkins1000"/>
    <property name="path.separator" value=":"/>
    <property name="java.security.egd" value="file:///dev/urandom"/>
    <property name="os.version" value="3.10.0-957.12.2.el7.x86_64"/>
    <property name="java.endorsed.dirs" value="/usr/lib/jvm/java-1.8-openjdk/jre/lib/endorsed"/>
    <property name="java.runtime.name" value="OpenJDK Runtime Environment"/>
    <property name="file.encoding" value="UTF-8"/>
    <property name="java.vm.name" value="OpenJDK 64-Bit Server VM"/>
    <property name="test.build.webapps" value=""/>
    <property name="localRepository" value="/home/user/.m2/repository"/>
    <property name="java.vendor.url.bug" value="https://icedtea.classpath.org/bugzilla"/>
    <property name="java.io.tmpdir" value="/tmp"/>
    <property name="require.test.libhadoop" value=""/>
    <property name="java.version" value="1.8.0_212"/>
    <property name="user.dir" value="/workdir/hadoop-ozone/integration-test"/>
    <property name="os.arch" value="amd64"/>
    <property name="java.vm.specification.name" value="Java Virtual Machine Specification"/>
    <property name="test.build.classes" value="/workdir/hadoop-ozone/integration-test/target/test-classes"/>
    <property name="java.awt.printerjob" value="sun.print.PSPrinterJob"/>
    <property name="sun.os.patch.level" value="unknown"/>
    <property name="hadoop.tmp.dir" value="/workdir/hadoop-ozone/integration-test/target/tmp"/>
    <property name="java.library.path" value="/usr/lib/jvm/java-1.8-openjdk/jre/lib/amd64/server:/usr/lib/jvm/java-1.8-openjdk/jre/lib/amd64:/usr/lib/jvm/java-1.8-openjdk/jre/../lib/amd64:/workdir/hadoop-ozone/integration-test/target/native/target/usr/local/lib:/workdir/hadoop-ozone/integration-test/../../hadoop-common-project/hadoop-common/target/native/target/usr/local/lib:/usr/java/packages/lib/amd64:/usr/lib64:/lib64:/lib:/usr/lib"/>
    <property name="java.vm.info" value="mixed mode"/>
    <property name="java.vendor" value="IcedTea"/>
    <property name="java.vm.version" value="25.212-b04"/>
    <property name="java.ext.dirs" value="/usr/lib/jvm/java-1.8-openjdk/jre/lib/ext:/usr/java/packages/lib/ext"/>
    <property name="sun.io.unicode.encoding" value="UnicodeLittle"/>
    <property name="java.class.version" value="52.0"/>
  </properties>
  <testcase name="test2DatanodesFailure" classname="org.apache.hadoop.ozone.client.rpc.TestBlockOutputStreamWithFailures" time="44.095"/>
  <testcase name="testDatanodeFailureWithPreAllocation" classname="org.apache.hadoop.ozone.client.rpc.TestBlockOutputStreamWithFailures" time="225.587"/>
  <testcase name="testDatanodeFailureWithSingleNodeRatis" classname="org.apache.hadoop.ozone.client.rpc.TestBlockOutputStreamWithFailures" time="229.066"/>
  <testcase name="testWatchForCommitWithSingleNodeRatis" classname="org.apache.hadoop.ozone.client.rpc.TestBlockOutputStreamWithFailures" time="35.944"/>
  <testcase name="testWatchForCommitDatanodeFailure" classname="org.apache.hadoop.ozone.client.rpc.TestBlockOutputStreamWithFailures" time="44.076">
    <failure message="expected:&lt;2&gt; but was:&lt;3&gt;" type="java.lang.AssertionError"><![CDATA[java.lang.AssertionError: expected:<2> but was:<3>
	at org.junit.Assert.fail(Assert.java:88)
	at org.junit.Assert.failNotEquals(Assert.java:743)
	at org.junit.Assert.assertEquals(Assert.java:118)
	at org.junit.Assert.assertEquals(Assert.java:555)
	at org.junit.Assert.assertEquals(Assert.java:542)
	at org.apache.hadoop.ozone.client.rpc.TestBlockOutputStreamWithFailures.testWatchForCommitDatanodeFailure(TestBlockOutputStreamWithFailures.java:366)
	at sun.reflect.NativeMethodAccessorImpl.invoke0(Native Method)
	at sun.reflect.NativeMethodAccessorImpl.invoke(NativeMethodAccessorImpl.java:62)
	at sun.reflect.DelegatingMethodAccessorImpl.invoke(DelegatingMethodAccessorImpl.java:43)
	at java.lang.reflect.Method.invoke(Method.java:498)
	at org.junit.runners.model.FrameworkMethod$1.runReflectiveCall(FrameworkMethod.java:47)
	at org.junit.internal.runners.model.ReflectiveCallable.run(ReflectiveCallable.java:12)
	at org.junit.runners.model.FrameworkMethod.invokeExplosively(FrameworkMethod.java:44)
	at org.junit.internal.runners.statements.InvokeMethod.evaluate(InvokeMethod.java:17)
	at org.junit.internal.runners.statements.RunBefores.evaluate(RunBefores.java:26)
	at org.junit.internal.runners.statements.RunAfters.evaluate(RunAfters.java:27)
	at org.junit.runners.ParentRunner.runLeaf(ParentRunner.java:271)
	at org.junit.runners.BlockJUnit4ClassRunner.runChild(BlockJUnit4ClassRunner.java:70)
	at org.junit.runners.BlockJUnit4ClassRunner.runChild(BlockJUnit4ClassRunner.java:50)
	at org.junit.runners.ParentRunner$3.run(ParentRunner.java:238)
	at org.junit.runners.ParentRunner$1.schedule(ParentRunner.java:63)
	at org.junit.runners.ParentRunner.runChildren(ParentRunner.java:236)
	at org.junit.runners.ParentRunner.access$000(ParentRunner.java:53)
	at org.junit.runners.ParentRunner$2.evaluate(ParentRunner.java:229)
	at org.junit.runners.ParentRunner.run(ParentRunner.java:309)
	at org.apache.maven.surefire.junit4.JUnit4Provider.execute(JUnit4Provider.java:365)
	at org.apache.maven.surefire.junit4.JUnit4Provider.executeWithRerun(JUnit4Provider.java:273)
	at org.apache.maven.surefire.junit4.JUnit4Provider.executeTestSet(JUnit4Provider.java:238)
	at org.apache.maven.surefire.junit4.JUnit4Provider.invoke(JUnit4Provider.java:159)
	at org.apache.maven.surefire.booter.ForkedBooter.invokeProviderInSameClassLoader(ForkedBooter.java:384)
	at org.apache.maven.surefire.booter.ForkedBooter.runSuitesInProcess(ForkedBooter.java:345)
	at org.apache.maven.surefire.booter.ForkedBooter.execute(ForkedBooter.java:126)
	at org.apache.maven.surefire.booter.ForkedBooter.main(ForkedBooter.java:418)
]]></failure>
    <system-out><![CDATA[2019-08-20 17:30:45,645 [main] WARN  server.ServerUtils (ServerUtils.java:getScmDbDir(145)) - ozone.scm.db.dirs is not configured. We recommend adding this setting. Falling back to ozone.metadata.dirs instead.
2019-08-20 17:30:45,660 [main] WARN  server.ServerUtils (ServerUtils.java:getScmDbDir(145)) - ozone.scm.db.dirs is not configured. We recommend adding this setting. Falling back to ozone.metadata.dirs instead.
2019-08-20 17:30:45,660 [main] WARN  server.ServerUtils (ServerUtils.java:getScmDbDir(145)) - ozone.scm.db.dirs is not configured. We recommend adding this setting. Falling back to ozone.metadata.dirs instead.
2019-08-20 17:30:45,661 [main] INFO  db.DBStoreBuilder (DBStoreBuilder.java:addTable(110)) - using custom profile for table: deletedBlocks
2019-08-20 17:30:45,661 [main] INFO  db.DBStoreBuilder (DBStoreBuilder.java:processTables(161)) - Using default column profile:DBProfile.DISK for Table:deletedBlocks
2019-08-20 17:30:45,661 [main] INFO  db.DBStoreBuilder (DBStoreBuilder.java:addTable(110)) - using custom profile for table: validCerts
2019-08-20 17:30:45,661 [main] INFO  db.DBStoreBuilder (DBStoreBuilder.java:processTables(161)) - Using default column profile:DBProfile.DISK for Table:validCerts
2019-08-20 17:30:45,662 [main] INFO  db.DBStoreBuilder (DBStoreBuilder.java:addTable(110)) - using custom profile for table: revokedCerts
2019-08-20 17:30:45,662 [main] INFO  db.DBStoreBuilder (DBStoreBuilder.java:processTables(161)) - Using default column profile:DBProfile.DISK for Table:revokedCerts
2019-08-20 17:30:45,662 [main] INFO  db.DBStoreBuilder (DBStoreBuilder.java:addTable(110)) - using custom profile for table: default
2019-08-20 17:30:45,662 [main] INFO  db.DBStoreBuilder (DBStoreBuilder.java:processTables(167)) - Using default column profile:DBProfile.DISK for Table:default
2019-08-20 17:30:45,662 [main] INFO  db.DBStoreBuilder (DBStoreBuilder.java:getDbProfile(198)) - Using default options. DBProfile.DISK
2019-08-20 17:30:45,830 [main] INFO  net.NodeSchemaLoader (NodeSchemaLoader.java:loadSchemaFromFile(125)) - Loading file from sun.misc.CompoundEnumeration@17e2ad13
2019-08-20 17:30:45,831 [main] INFO  net.NodeSchemaLoader (NodeSchemaLoader.java:loadSchema(171)) - Loading network topology layer schema file
2019-08-20 17:30:45,836 [main] INFO  node.SCMNodeManager (SCMNodeManager.java:<init>(121)) - Entering startup safe mode.
2019-08-20 17:30:45,837 [main] INFO  algorithms.ContainerPlacementPolicyFactory (ContainerPlacementPolicyFactory.java:getPolicy(55)) - Create container placement policy of type org.apache.hadoop.hdds.scm.container.placement.algorithms.SCMContainerPlacementRandom
2019-08-20 17:30:45,837 [main] WARN  server.ServerUtils (ServerUtils.java:getScmDbDir(145)) - ozone.scm.db.dirs is not configured. We recommend adding this setting. Falling back to ozone.metadata.dirs instead.
2019-08-20 17:30:45,860 [main] INFO  pipeline.SCMPipelineManager (SCMPipelineManager.java:initializePipelineState(126)) - No pipeline exists in current db
2019-08-20 17:30:45,860 [main] WARN  server.ServerUtils (ServerUtils.java:getScmDbDir(145)) - ozone.scm.db.dirs is not configured. We recommend adding this setting. Falling back to ozone.metadata.dirs instead.
2019-08-20 17:30:45,887 [main] WARN  events.EventQueue (EventQueue.java:fireEvent(175)) - No event handler registered for event TypedEvent{payloadType=SafeModeStatus, name='SafeModeStatus'}
2019-08-20 17:30:45,888 [main] INFO  ipc.CallQueueManager (CallQueueManager.java:<init>(84)) - Using callQueue: class java.util.concurrent.LinkedBlockingQueue, queueCapacity: 2000, scheduler: class org.apache.hadoop.ipc.DefaultRpcScheduler, ipcBackoff: false.
2019-08-20 17:30:45,889 [Socket Reader #1 for port 39414] INFO  ipc.Server (Server.java:run(1074)) - Starting Socket Reader #1 for port 39414
2019-08-20 17:30:45,891 [main] INFO  ipc.CallQueueManager (CallQueueManager.java:<init>(84)) - Using callQueue: class java.util.concurrent.LinkedBlockingQueue, queueCapacity: 2000, scheduler: class org.apache.hadoop.ipc.DefaultRpcScheduler, ipcBackoff: false.
2019-08-20 17:30:45,892 [Socket Reader #1 for port 41602] INFO  ipc.Server (Server.java:run(1074)) - Starting Socket Reader #1 for port 41602
2019-08-20 17:30:45,894 [main] INFO  ipc.CallQueueManager (CallQueueManager.java:<init>(84)) - Using callQueue: class java.util.concurrent.LinkedBlockingQueue, queueCapacity: 2000, scheduler: class org.apache.hadoop.ipc.DefaultRpcScheduler, ipcBackoff: false.
2019-08-20 17:30:45,895 [Socket Reader #1 for port 39708] INFO  ipc.Server (Server.java:run(1074)) - Starting Socket Reader #1 for port 39708
2019-08-20 17:30:45,899 [main] INFO  hdfs.DFSUtil (DFSUtil.java:httpServerTemplateForNNAndJN(1641)) - Starting Web-server for scm at: http://0.0.0.0:0
2019-08-20 17:30:45,901 [main] INFO  server.AuthenticationFilter (AuthenticationFilter.java:constructSecretProvider(240)) - Unable to initialize FileSignerSecretProvider, falling back to use random secrets.
2019-08-20 17:30:45,902 [main] WARN  http.HttpRequestLog (HttpRequestLog.java:getRequestLog(97)) - Jetty request log can only be enabled using Log4j
2019-08-20 17:30:45,904 [main] INFO  http.HttpServer2 (HttpServer2.java:addGlobalFilter(975)) - Added global filter 'safety' (class=org.apache.hadoop.http.HttpServer2$QuotingInputFilter)
2019-08-20 17:30:45,905 [main] INFO  http.HttpServer2 (HttpServer2.java:addFilter(948)) - Added filter static_user_filter (class=org.apache.hadoop.http.lib.StaticUserWebFilter$StaticUserFilter) to context scm
2019-08-20 17:30:45,905 [main] INFO  http.HttpServer2 (HttpServer2.java:addFilter(958)) - Added filter static_user_filter (class=org.apache.hadoop.http.lib.StaticUserWebFilter$StaticUserFilter) to context logs
2019-08-20 17:30:45,905 [main] INFO  http.HttpServer2 (HttpServer2.java:addFilter(958)) - Added filter static_user_filter (class=org.apache.hadoop.http.lib.StaticUserWebFilter$StaticUserFilter) to context static
2019-08-20 17:30:45,908 [main] INFO  server.StorageContainerManager (StorageContainerManager.java:start(759)) - StorageContainerLocationProtocol RPC server is listening at /0.0.0.0:39708
2019-08-20 17:30:45,910 [main] WARN  impl.MetricsConfig (MetricsConfig.java:loadFirst(134)) - Cannot locate configuration: tried hadoop-metrics2-storagecontainermanager.properties,hadoop-metrics2.properties
2019-08-20 17:30:45,911 [main] INFO  impl.MetricsSystemImpl (MetricsSystemImpl.java:startTimer(374)) - Scheduled Metric snapshot period at 10 second(s).
2019-08-20 17:30:45,912 [main] INFO  impl.MetricsSystemImpl (MetricsSystemImpl.java:start(191)) - StorageContainerManager metrics system started
2019-08-20 17:30:45,980 [main] INFO  server.SCMClientProtocolServer (SCMClientProtocolServer.java:start(151)) - RPC server for Client  is listening at /0.0.0.0:39708
2019-08-20 17:30:45,981 [IPC Server Responder] INFO  ipc.Server (Server.java:run(1314)) - IPC Server Responder: starting
2019-08-20 17:30:45,981 [IPC Server listener on 39708] INFO  ipc.Server (Server.java:run(1153)) - IPC Server listener on 39708: starting
2019-08-20 17:30:45,984 [main] INFO  server.StorageContainerManager (StorageContainerManager.java:start(769)) - ScmBlockLocationProtocol RPC server is listening at /0.0.0.0:41602
2019-08-20 17:30:45,984 [main] INFO  server.SCMBlockProtocolServer (SCMBlockProtocolServer.java:start(140)) - RPC server for Block Protocol is listening at /0.0.0.0:41602
2019-08-20 17:30:45,985 [IPC Server Responder] INFO  ipc.Server (Server.java:run(1314)) - IPC Server Responder: starting
2019-08-20 17:30:45,985 [IPC Server listener on 41602] INFO  ipc.Server (Server.java:run(1153)) - IPC Server listener on 41602: starting
2019-08-20 17:30:45,988 [main] INFO  server.StorageContainerManager (StorageContainerManager.java:start(773)) - ScmDatanodeProtocl RPC server is listening at /0.0.0.0:39414
2019-08-20 17:30:45,988 [main] INFO  server.SCMDatanodeProtocolServer (SCMDatanodeProtocolServer.java:start(191)) - RPC server for DataNodes is listening at /0.0.0.0:39414
2019-08-20 17:30:45,988 [IPC Server listener on 39414] INFO  ipc.Server (Server.java:run(1153)) - IPC Server listener on 39414: starting
2019-08-20 17:30:45,988 [IPC Server Responder] INFO  ipc.Server (Server.java:run(1314)) - IPC Server Responder: starting
2019-08-20 17:30:45,991 [main] INFO  http.HttpServer2 (HttpServer2.java:bindListener(1191)) - Jetty bound to port 33782
2019-08-20 17:30:45,991 [main] INFO  server.Server (Server.java:doStart(351)) - jetty-9.3.24.v20180605, build timestamp: 2018-06-05T17:11:56Z, git hash: 84205aa28f11a4f31f2a3b86d1bba2cc8ab69827
2019-08-20 17:30:45,993 [main] INFO  handler.ContextHandler (ContextHandler.java:doStart(781)) - Started o.e.j.s.ServletContextHandler@7786c2e0{/logs,file:///workdir/hadoop-ozone/integration-test/target/log,AVAILABLE}
2019-08-20 17:30:45,993 [main] INFO  handler.ContextHandler (ContextHandler.java:doStart(781)) - Started o.e.j.s.ServletContextHandler@56c39949{/static,file:///workdir/hadoop-ozone/integration-test/target/test-classes/webapps/static,AVAILABLE}
2019-08-20 17:30:45,997 [main] INFO  handler.ContextHandler (ContextHandler.java:doStart(781)) - Started o.e.j.w.WebAppContext@12dd3501{/,file:///workdir/hadoop-ozone/integration-test/target/test-classes/webapps/scm/,AVAILABLE}{/scm}
2019-08-20 17:30:45,998 [main] INFO  server.AbstractConnector (AbstractConnector.java:doStart(278)) - Started ServerConnector@4cb0e39e{HTTP/1.1,[http/1.1]}{0.0.0.0:33782}
2019-08-20 17:30:45,999 [main] INFO  server.Server (Server.java:doStart(419)) - Started @535622ms
2019-08-20 17:30:45,999 [main] INFO  server.BaseHttpServer (BaseHttpServer.java:updateConnectorAddress(213)) - HTTP server of SCM is listening at http://0.0.0.0:33782
2019-08-20 17:30:46,000 [main] WARN  server.ServerUtils (ServerUtils.java:getDBPath(222)) - ozone.om.db.dirs is not configured. We recommend adding this setting. Falling back to ozone.metadata.dirs instead.
2019-08-20 17:30:46,000 [org.apache.hadoop.util.JvmPauseMonitor$Monitor@4a10e65b] INFO  util.JvmPauseMonitor (JvmPauseMonitor.java:run(188)) - Starting JVM pause monitor
2019-08-20 17:30:46,012 [main] WARN  server.ServerUtils (ServerUtils.java:getDBPath(222)) - ozone.om.db.dirs is not configured. We recommend adding this setting. Falling back to ozone.metadata.dirs instead.
2019-08-20 17:30:46,013 [main] WARN  server.ServerUtils (ServerUtils.java:getDBPath(222)) - ozone.om.db.dirs is not configured. We recommend adding this setting. Falling back to ozone.metadata.dirs instead.
2019-08-20 17:30:46,013 [main] INFO  om.OzoneManager (OzoneManager.java:setOMNodeDetails(648)) - OM Service ID is not set. Setting it to the default ID: omServiceIdDefault
2019-08-20 17:30:46,013 [main] INFO  om.OzoneManager (OzoneManager.java:setOMNodeDetails(654)) - OM Node ID is not set. Setting it to the OmStorage's OmID: 6c9a2a79-707d-4bce-8fd9-d04bf0c0f9e6
2019-08-20 17:30:46,013 [main] INFO  om.OzoneManager (OzoneManager.java:loadOMHAConfigs(605)) - Found matching OM address with OMServiceId: null, OMNodeId: null, RPC Address: localhost:0 and Ratis port: 9872
2019-08-20 17:30:46,016 | INFO  | SCMAudit | user=jenkins1000 | ip=192.168.5.168 | op=GET_SCM_INFO null | ret=SUCCESS |  
2019-08-20 17:30:46,018 [main] WARN  server.ServerUtils (ServerUtils.java:getDBPath(222)) - ozone.om.db.dirs is not configured. We recommend adding this setting. Falling back to ozone.metadata.dirs instead.
2019-08-20 17:30:46,018 [main] INFO  db.DBStoreBuilder (DBStoreBuilder.java:addTable(110)) - using custom profile for table: userTable
2019-08-20 17:30:46,018 [main] INFO  db.DBStoreBuilder (DBStoreBuilder.java:processTables(161)) - Using default column profile:DBProfile.DISK for Table:userTable
2019-08-20 17:30:46,019 [main] INFO  db.DBStoreBuilder (DBStoreBuilder.java:addTable(110)) - using custom profile for table: volumeTable
2019-08-20 17:30:46,019 [main] INFO  db.DBStoreBuilder (DBStoreBuilder.java:processTables(161)) - Using default column profile:DBProfile.DISK for Table:volumeTable
2019-08-20 17:30:46,019 [main] INFO  db.DBStoreBuilder (DBStoreBuilder.java:addTable(110)) - using custom profile for table: bucketTable
2019-08-20 17:30:46,019 [main] INFO  db.DBStoreBuilder (DBStoreBuilder.java:processTables(161)) - Using default column profile:DBProfile.DISK for Table:bucketTable
2019-08-20 17:30:46,019 [main] INFO  db.DBStoreBuilder (DBStoreBuilder.java:addTable(110)) - using custom profile for table: keyTable
2019-08-20 17:30:46,019 [main] INFO  db.DBStoreBuilder (DBStoreBuilder.java:processTables(161)) - Using default column profile:DBProfile.DISK for Table:keyTable
2019-08-20 17:30:46,020 [main] INFO  db.DBStoreBuilder (DBStoreBuilder.java:addTable(110)) - using custom profile for table: deletedTable
2019-08-20 17:30:46,020 [main] INFO  db.DBStoreBuilder (DBStoreBuilder.java:processTables(161)) - Using default column profile:DBProfile.DISK for Table:deletedTable
2019-08-20 17:30:46,020 [main] INFO  db.DBStoreBuilder (DBStoreBuilder.java:addTable(110)) - using custom profile for table: openKeyTable
2019-08-20 17:30:46,020 [main] INFO  db.DBStoreBuilder (DBStoreBuilder.java:processTables(161)) - Using default column profile:DBProfile.DISK for Table:openKeyTable
2019-08-20 17:30:46,020 [main] INFO  db.DBStoreBuilder (DBStoreBuilder.java:addTable(110)) - using custom profile for table: s3Table
2019-08-20 17:30:46,020 [main] INFO  db.DBStoreBuilder (DBStoreBuilder.java:processTables(161)) - Using default column profile:DBProfile.DISK for Table:s3Table
2019-08-20 17:30:46,020 [main] INFO  db.DBStoreBuilder (DBStoreBuilder.java:addTable(110)) - using custom profile for table: multipartInfoTable
2019-08-20 17:30:46,021 [main] INFO  db.DBStoreBuilder (DBStoreBuilder.java:processTables(161)) - Using default column profile:DBProfile.DISK for Table:multipartInfoTable
2019-08-20 17:30:46,021 [main] INFO  db.DBStoreBuilder (DBStoreBuilder.java:addTable(110)) - using custom profile for table: dTokenTable
2019-08-20 17:30:46,021 [main] INFO  db.DBStoreBuilder (DBStoreBuilder.java:processTables(161)) - Using default column profile:DBProfile.DISK for Table:dTokenTable
2019-08-20 17:30:46,021 [main] INFO  db.DBStoreBuilder (DBStoreBuilder.java:addTable(110)) - using custom profile for table: s3SecretTable
2019-08-20 17:30:46,021 [main] INFO  db.DBStoreBuilder (DBStoreBuilder.java:processTables(161)) - Using default column profile:DBProfile.DISK for Table:s3SecretTable
2019-08-20 17:30:46,022 [main] INFO  db.DBStoreBuilder (DBStoreBuilder.java:addTable(110)) - using custom profile for table: prefixTable
2019-08-20 17:30:46,022 [main] INFO  db.DBStoreBuilder (DBStoreBuilder.java:processTables(161)) - Using default column profile:DBProfile.DISK for Table:prefixTable
2019-08-20 17:30:46,022 [main] INFO  db.DBStoreBuilder (DBStoreBuilder.java:addTable(110)) - using custom profile for table: default
2019-08-20 17:30:46,022 [main] INFO  db.DBStoreBuilder (DBStoreBuilder.java:processTables(167)) - Using default column profile:DBProfile.DISK for Table:default
2019-08-20 17:30:46,023 [main] INFO  db.DBStoreBuilder (DBStoreBuilder.java:getDbProfile(198)) - Using default options. DBProfile.DISK
2019-08-20 17:30:46,591 [main] INFO  ipc.CallQueueManager (CallQueueManager.java:<init>(84)) - Using callQueue: class java.util.concurrent.LinkedBlockingQueue, queueCapacity: 2000, scheduler: class org.apache.hadoop.ipc.DefaultRpcScheduler, ipcBackoff: false.
2019-08-20 17:30:46,592 [Socket Reader #1 for port 46167] INFO  ipc.Server (Server.java:run(1074)) - Starting Socket Reader #1 for port 46167
2019-08-20 17:30:46,609 [main] INFO  om.OzoneManager (OzoneManager.java:start(1259)) - OzoneManager RPC server is listening at localhost/127.0.0.1:46167
2019-08-20 17:30:46,609 [main] INFO  impl.MetricsSystemImpl (MetricsSystemImpl.java:init(158)) - OzoneManager metrics system started (again)
2019-08-20 17:30:46,611 [IPC Server Responder] INFO  ipc.Server (Server.java:run(1314)) - IPC Server Responder: starting
2019-08-20 17:30:46,611 [IPC Server listener on 46167] INFO  ipc.Server (Server.java:run(1153)) - IPC Server listener on 46167: starting
2019-08-20 17:30:46,617 [main] INFO  hdfs.DFSUtil (DFSUtil.java:httpServerTemplateForNNAndJN(1641)) - Starting Web-server for ozoneManager at: http://0.0.0.0:0
2019-08-20 17:30:46,619 [main] INFO  server.AuthenticationFilter (AuthenticationFilter.java:constructSecretProvider(240)) - Unable to initialize FileSignerSecretProvider, falling back to use random secrets.
2019-08-20 17:30:46,619 [main] WARN  http.HttpRequestLog (HttpRequestLog.java:getRequestLog(97)) - Jetty request log can only be enabled using Log4j
2019-08-20 17:30:46,622 [main] INFO  http.HttpServer2 (HttpServer2.java:addGlobalFilter(975)) - Added global filter 'safety' (class=org.apache.hadoop.http.HttpServer2$QuotingInputFilter)
2019-08-20 17:30:46,623 [main] INFO  http.HttpServer2 (HttpServer2.java:addFilter(948)) - Added filter static_user_filter (class=org.apache.hadoop.http.lib.StaticUserWebFilter$StaticUserFilter) to context ozoneManager
2019-08-20 17:30:46,623 [main] INFO  http.HttpServer2 (HttpServer2.java:addFilter(958)) - Added filter static_user_filter (class=org.apache.hadoop.http.lib.StaticUserWebFilter$StaticUserFilter) to context logs
2019-08-20 17:30:46,623 [main] INFO  http.HttpServer2 (HttpServer2.java:addFilter(958)) - Added filter static_user_filter (class=org.apache.hadoop.http.lib.StaticUserWebFilter$StaticUserFilter) to context static
2019-08-20 17:30:46,625 [main] INFO  http.HttpServer2 (HttpServer2.java:bindListener(1191)) - Jetty bound to port 39695
2019-08-20 17:30:46,625 [main] INFO  server.Server (Server.java:doStart(351)) - jetty-9.3.24.v20180605, build timestamp: 2018-06-05T17:11:56Z, git hash: 84205aa28f11a4f31f2a3b86d1bba2cc8ab69827
2019-08-20 17:30:46,627 [main] INFO  handler.ContextHandler (ContextHandler.java:doStart(781)) - Started o.e.j.s.ServletContextHandler@5d729af6{/logs,file:///workdir/hadoop-ozone/integration-test/target/log,AVAILABLE}
2019-08-20 17:30:46,627 [main] INFO  handler.ContextHandler (ContextHandler.java:doStart(781)) - Started o.e.j.s.ServletContextHandler@2be83e7e{/static,file:///workdir/hadoop-ozone/integration-test/target/test-classes/webapps/static,AVAILABLE}
2019-08-20 17:30:46,632 [main] INFO  handler.ContextHandler (ContextHandler.java:doStart(781)) - Started o.e.j.w.WebAppContext@1a557a52{/,file:///workdir/hadoop-ozone/integration-test/target/test-classes/webapps/ozoneManager/,AVAILABLE}{/ozoneManager}
2019-08-20 17:30:46,633 [main] INFO  server.AbstractConnector (AbstractConnector.java:doStart(278)) - Started ServerConnector@4ab959e8{HTTP/1.1,[http/1.1]}{0.0.0.0:39695}
2019-08-20 17:30:46,634 [main] INFO  server.Server (Server.java:doStart(419)) - Started @536257ms
2019-08-20 17:30:46,635 [main] INFO  server.BaseHttpServer (BaseHttpServer.java:updateConnectorAddress(213)) - HTTP server of OZONEMANAGER is listening at http://0.0.0.0:39695
2019-08-20 17:30:46,650 [main] INFO  impl.MetricsSystemImpl (MetricsSystemImpl.java:init(158)) - HddsDatanode metrics system started (again)
2019-08-20 17:30:46,652 [main] INFO  ozone.HddsDatanodeService (HddsDatanodeService.java:start(184)) - HddsDatanodeService host:pr-hdds-1927-28fzr-1052167450 ip:192.168.5.168
2019-08-20 17:30:46,662 [main] INFO  volume.HddsVolume (HddsVolume.java:<init>(176)) - Creating Volume: /workdir/hadoop-ozone/integration-test/target/test-dir/MiniOzoneClusterImpl-7c4d8f4b-6ef9-4f83-95e6-46f70b8176c5/datanode-0/data/containers/hdds of  storage type : DISK and capacity : 1482555576320
2019-08-20 17:30:46,662 [main] INFO  volume.VolumeSet (VolumeSet.java:initializeVolumeSet(170)) - Added Volume : /workdir/hadoop-ozone/integration-test/target/test-dir/MiniOzoneClusterImpl-7c4d8f4b-6ef9-4f83-95e6-46f70b8176c5/datanode-0/data/containers/hdds to VolumeSet
2019-08-20 17:30:46,663 [main] INFO  volume.ThrottledAsyncChecker (ThrottledAsyncChecker.java:schedule(140)) - Scheduling a check for org.apache.hadoop.ozone.container.common.volume.HddsVolume@1e8c9083
2019-08-20 17:30:46,663 [main] INFO  volume.HddsVolumeChecker (HddsVolumeChecker.java:checkAllVolumes(203)) - Scheduled health check for volume org.apache.hadoop.ozone.container.common.volume.HddsVolume@1e8c9083
2019-08-20 17:30:46,679 [main] INFO  impl.RaftServerProxy (ConfUtils.java:logGet(43)) - raft.rpc.type = GRPC (default)
2019-08-20 17:30:46,680 [main] INFO  grpc.GrpcFactory (GrpcFactory.java:checkPooledByteBufAllocatorUseCacheForAllThreads(45)) - PERFORMANCE WARNING: useCacheForAllThreads is true that may cause Netty to create a lot garbage objects and, as a result, trigger GC.
	It is recommended to disable useCacheForAllThreads by setting -Dorg.apache.ratis.thirdparty.io.netty.allocator.useCacheForAllThreads=false in command line.
2019-08-20 17:30:46,680 [main] INFO  grpc.GrpcConfigKeys$Server (ConfUtils.java:logGet(43)) - raft.grpc.server.port = 0 (default)
2019-08-20 17:30:46,680 [main] INFO  server.GrpcService (ConfUtils.java:logGet(43)) - raft.grpc.message.size.max = 33570816 (custom)
2019-08-20 17:30:46,680 [main] INFO  server.RaftServerConfigKeys (ConfUtils.java:logGet(43)) - raft.server.log.appender.buffer.byte-limit = 33554432 (custom)
2019-08-20 17:30:46,680 [main] INFO  server.GrpcService (ConfUtils.java:logGet(43)) - raft.grpc.flow.control.window = 1MB (=1048576) (default)
2019-08-20 17:30:46,681 [main] INFO  server.RaftServerConfigKeys (ConfUtils.java:logGet(43)) - raft.server.rpc.request.timeout = 3000ms (default)
2019-08-20 17:30:46,681 [main] INFO  server.RaftServerConfigKeys (ConfUtils.java:logGet(43)) - raft.server.storage.dir = [/workdir/hadoop-ozone/integration-test/target/test-dir/MiniOzoneClusterImpl-7c4d8f4b-6ef9-4f83-95e6-46f70b8176c5/datanode-0/data/ratis] (custom)
2019-08-20 17:30:46,682 [main] INFO  replication.SimpleContainerDownloader (SimpleContainerDownloader.java:<init>(72)) - Starting container downloader service to copy containers to replicate.
2019-08-20 17:30:46,683 [main] INFO  hdfs.DFSUtil (DFSUtil.java:httpServerTemplateForNNAndJN(1641)) - Starting Web-server for hddsDatanode at: http://0.0.0.0:0
2019-08-20 17:30:46,684 [main] INFO  server.AuthenticationFilter (AuthenticationFilter.java:constructSecretProvider(240)) - Unable to initialize FileSignerSecretProvider, falling back to use random secrets.
2019-08-20 17:30:46,685 [main] WARN  http.HttpRequestLog (HttpRequestLog.java:getRequestLog(97)) - Jetty request log can only be enabled using Log4j
2019-08-20 17:30:46,686 [main] INFO  http.HttpServer2 (HttpServer2.java:addGlobalFilter(975)) - Added global filter 'safety' (class=org.apache.hadoop.http.HttpServer2$QuotingInputFilter)
2019-08-20 17:30:46,686 [main] INFO  http.HttpServer2 (HttpServer2.java:addFilter(948)) - Added filter static_user_filter (class=org.apache.hadoop.http.lib.StaticUserWebFilter$StaticUserFilter) to context hddsDatanode
2019-08-20 17:30:46,687 [main] INFO  http.HttpServer2 (HttpServer2.java:addFilter(958)) - Added filter static_user_filter (class=org.apache.hadoop.http.lib.StaticUserWebFilter$StaticUserFilter) to context logs
2019-08-20 17:30:46,687 [main] INFO  http.HttpServer2 (HttpServer2.java:addFilter(958)) - Added filter static_user_filter (class=org.apache.hadoop.http.lib.StaticUserWebFilter$StaticUserFilter) to context static
2019-08-20 17:30:46,687 [main] INFO  http.HttpServer2 (HttpServer2.java:bindListener(1191)) - Jetty bound to port 41950
2019-08-20 17:30:46,687 [main] INFO  server.Server (Server.java:doStart(351)) - jetty-9.3.24.v20180605, build timestamp: 2018-06-05T17:11:56Z, git hash: 84205aa28f11a4f31f2a3b86d1bba2cc8ab69827
2019-08-20 17:30:46,689 [main] INFO  handler.ContextHandler (ContextHandler.java:doStart(781)) - Started o.e.j.s.ServletContextHandler@4dd28982{/logs,file:///workdir/hadoop-ozone/integration-test/target/log,AVAILABLE}
2019-08-20 17:30:46,690 [main] INFO  handler.ContextHandler (ContextHandler.java:doStart(781)) - Started o.e.j.s.ServletContextHandler@60f70c9e{/static,jar:file:/home/user/.m2/repository/org/apache/hadoop/hadoop-hdds-container-service/0.5.0-SNAPSHOT/hadoop-hdds-container-service-0.5.0-SNAPSHOT.jar!/webapps/static,AVAILABLE}
2019-08-20 17:30:46,717 [main] INFO  handler.ContextHandler (ContextHandler.java:doStart(781)) - Started o.e.j.w.WebAppContext@77732366{/,file:///tmp/jetty-0.0.0.0-41950-hddsDatanode-_-any-1965173087700784724.dir/webapp/,AVAILABLE}{/hddsDatanode}
2019-08-20 17:30:46,718 [main] INFO  server.AbstractConnector (AbstractConnector.java:doStart(278)) - Started ServerConnector@7c046af{HTTP/1.1,[http/1.1]}{0.0.0.0:41950}
2019-08-20 17:30:46,719 [main] INFO  server.Server (Server.java:doStart(419)) - Started @536343ms
2019-08-20 17:30:46,720 [main] INFO  server.BaseHttpServer (BaseHttpServer.java:updateConnectorAddress(213)) - HTTP server of HDDSDATANODE is listening at http://0.0.0.0:41950
2019-08-20 17:30:46,836 | INFO  | ObjectStoreRestHttpServer | Listening HDDS REST traffic on /0.0.0.0:38534 |  
2019-08-20 17:30:46,836 [main] INFO  ozone.HddsDatanodeService (HddsDatanodeService.java:startPlugins(395)) - Started plug-in org.apache.hadoop.ozone.web.OzoneHddsDatanodeService@2456716b
2019-08-20 17:30:46,837 [main] INFO  impl.MetricsSystemImpl (MetricsSystemImpl.java:init(158)) - HddsDatanode metrics system started (again)
2019-08-20 17:30:46,840 [org.apache.hadoop.util.JvmPauseMonitor$Monitor@954b6fd] INFO  util.JvmPauseMonitor (JvmPauseMonitor.java:run(188)) - Starting JVM pause monitor
2019-08-20 17:30:46,840 [main] INFO  ozone.HddsDatanodeService (HddsDatanodeService.java:start(184)) - HddsDatanodeService host:pr-hdds-1927-28fzr-1052167450 ip:192.168.5.168
2019-08-20 17:30:46,841 [Datanode State Machine Thread - 0] INFO  datanode.InitDatanodeState (InitDatanodeState.java:persistContainerDatanodeDetails(140)) - DatanodeDetails is persisted to /workdir/hadoop-ozone/integration-test/target/test-dir/MiniOzoneClusterImpl-7c4d8f4b-6ef9-4f83-95e6-46f70b8176c5/datanode-0/meta/datanode.id
2019-08-20 17:30:46,850 [main] INFO  volume.HddsVolume (HddsVolume.java:<init>(176)) - Creating Volume: /workdir/hadoop-ozone/integration-test/target/test-dir/MiniOzoneClusterImpl-7c4d8f4b-6ef9-4f83-95e6-46f70b8176c5/datanode-1/data/containers/hdds of  storage type : DISK and capacity : 1482555576320
2019-08-20 17:30:46,851 [main] INFO  volume.VolumeSet (VolumeSet.java:initializeVolumeSet(170)) - Added Volume : /workdir/hadoop-ozone/integration-test/target/test-dir/MiniOzoneClusterImpl-7c4d8f4b-6ef9-4f83-95e6-46f70b8176c5/datanode-1/data/containers/hdds to VolumeSet
2019-08-20 17:30:46,851 [main] INFO  volume.ThrottledAsyncChecker (ThrottledAsyncChecker.java:schedule(140)) - Scheduling a check for org.apache.hadoop.ozone.container.common.volume.HddsVolume@308498a8
2019-08-20 17:30:46,851 [main] INFO  volume.HddsVolumeChecker (HddsVolumeChecker.java:checkAllVolumes(203)) - Scheduled health check for volume org.apache.hadoop.ozone.container.common.volume.HddsVolume@308498a8
2019-08-20 17:30:46,869 [main] INFO  impl.RaftServerProxy (ConfUtils.java:logGet(43)) - raft.rpc.type = GRPC (default)
2019-08-20 17:30:46,869 [main] INFO  grpc.GrpcFactory (GrpcFactory.java:checkPooledByteBufAllocatorUseCacheForAllThreads(45)) - PERFORMANCE WARNING: useCacheForAllThreads is true that may cause Netty to create a lot garbage objects and, as a result, trigger GC.
	It is recommended to disable useCacheForAllThreads by setting -Dorg.apache.ratis.thirdparty.io.netty.allocator.useCacheForAllThreads=false in command line.
2019-08-20 17:30:46,869 [main] INFO  grpc.GrpcConfigKeys$Server (ConfUtils.java:logGet(43)) - raft.grpc.server.port = 0 (default)
2019-08-20 17:30:46,870 [main] INFO  server.GrpcService (ConfUtils.java:logGet(43)) - raft.grpc.message.size.max = 33570816 (custom)
2019-08-20 17:30:46,870 [main] INFO  server.RaftServerConfigKeys (ConfUtils.java:logGet(43)) - raft.server.log.appender.buffer.byte-limit = 33554432 (custom)
2019-08-20 17:30:46,870 [main] INFO  server.GrpcService (ConfUtils.java:logGet(43)) - raft.grpc.flow.control.window = 1MB (=1048576) (default)
2019-08-20 17:30:46,870 [main] INFO  server.RaftServerConfigKeys (ConfUtils.java:logGet(43)) - raft.server.rpc.request.timeout = 3000ms (default)
2019-08-20 17:30:46,871 [main] INFO  server.RaftServerConfigKeys (ConfUtils.java:logGet(43)) - raft.server.storage.dir = [/workdir/hadoop-ozone/integration-test/target/test-dir/MiniOzoneClusterImpl-7c4d8f4b-6ef9-4f83-95e6-46f70b8176c5/datanode-1/data/ratis] (custom)
2019-08-20 17:30:46,871 [main] INFO  replication.SimpleContainerDownloader (SimpleContainerDownloader.java:<init>(72)) - Starting container downloader service to copy containers to replicate.
2019-08-20 17:30:46,872 [main] INFO  hdfs.DFSUtil (DFSUtil.java:httpServerTemplateForNNAndJN(1641)) - Starting Web-server for hddsDatanode at: http://0.0.0.0:0
2019-08-20 17:30:46,874 [main] INFO  server.AuthenticationFilter (AuthenticationFilter.java:constructSecretProvider(240)) - Unable to initialize FileSignerSecretProvider, falling back to use random secrets.
2019-08-20 17:30:46,874 [main] WARN  http.HttpRequestLog (HttpRequestLog.java:getRequestLog(97)) - Jetty request log can only be enabled using Log4j
2019-08-20 17:30:46,876 [main] INFO  http.HttpServer2 (HttpServer2.java:addGlobalFilter(975)) - Added global filter 'safety' (class=org.apache.hadoop.http.HttpServer2$QuotingInputFilter)
2019-08-20 17:30:46,876 [main] INFO  http.HttpServer2 (HttpServer2.java:addFilter(948)) - Added filter static_user_filter (class=org.apache.hadoop.http.lib.StaticUserWebFilter$StaticUserFilter) to context hddsDatanode
2019-08-20 17:30:46,876 [main] INFO  http.HttpServer2 (HttpServer2.java:addFilter(958)) - Added filter static_user_filter (class=org.apache.hadoop.http.lib.StaticUserWebFilter$StaticUserFilter) to context logs
2019-08-20 17:30:46,877 [main] INFO  http.HttpServer2 (HttpServer2.java:addFilter(958)) - Added filter static_user_filter (class=org.apache.hadoop.http.lib.StaticUserWebFilter$StaticUserFilter) to context static
2019-08-20 17:30:46,877 [main] INFO  http.HttpServer2 (HttpServer2.java:bindListener(1191)) - Jetty bound to port 33118
2019-08-20 17:30:46,878 [main] INFO  server.Server (Server.java:doStart(351)) - jetty-9.3.24.v20180605, build timestamp: 2018-06-05T17:11:56Z, git hash: 84205aa28f11a4f31f2a3b86d1bba2cc8ab69827
2019-08-20 17:30:46,879 [main] INFO  handler.ContextHandler (ContextHandler.java:doStart(781)) - Started o.e.j.s.ServletContextHandler@403ba39f{/logs,file:///workdir/hadoop-ozone/integration-test/target/log,AVAILABLE}
2019-08-20 17:30:46,880 [main] INFO  handler.ContextHandler (ContextHandler.java:doStart(781)) - Started o.e.j.s.ServletContextHandler@2ff2a096{/static,jar:file:/home/user/.m2/repository/org/apache/hadoop/hadoop-hdds-container-service/0.5.0-SNAPSHOT/hadoop-hdds-container-service-0.5.0-SNAPSHOT.jar!/webapps/static,AVAILABLE}
2019-08-20 17:30:46,907 [main] INFO  handler.ContextHandler (ContextHandler.java:doStart(781)) - Started o.e.j.w.WebAppContext@520034a{/,file:///tmp/jetty-0.0.0.0-33118-hddsDatanode-_-any-1978734497009018704.dir/webapp/,AVAILABLE}{/hddsDatanode}
2019-08-20 17:30:46,907 [main] INFO  server.AbstractConnector (AbstractConnector.java:doStart(278)) - Started ServerConnector@bedebe9{HTTP/1.1,[http/1.1]}{0.0.0.0:33118}
2019-08-20 17:30:46,907 [main] INFO  server.Server (Server.java:doStart(419)) - Started @536531ms
2019-08-20 17:30:46,909 [main] INFO  server.BaseHttpServer (BaseHttpServer.java:updateConnectorAddress(213)) - HTTP server of HDDSDATANODE is listening at http://0.0.0.0:33118
2019-08-20 17:30:47,024 | INFO  | ObjectStoreRestHttpServer | Listening HDDS REST traffic on /0.0.0.0:37227 |  
2019-08-20 17:30:47,024 [main] INFO  ozone.HddsDatanodeService (HddsDatanodeService.java:startPlugins(395)) - Started plug-in org.apache.hadoop.ozone.web.OzoneHddsDatanodeService@625d2b6d
2019-08-20 17:30:47,024 [main] INFO  impl.MetricsSystemImpl (MetricsSystemImpl.java:init(158)) - HddsDatanode metrics system started (again)
2019-08-20 17:30:47,027 [main] INFO  ozone.HddsDatanodeService (HddsDatanodeService.java:start(184)) - HddsDatanodeService host:pr-hdds-1927-28fzr-1052167450 ip:192.168.5.168
2019-08-20 17:30:47,027 [org.apache.hadoop.util.JvmPauseMonitor$Monitor@4d27df03] INFO  util.JvmPauseMonitor (JvmPauseMonitor.java:run(188)) - Starting JVM pause monitor
2019-08-20 17:30:47,028 [Datanode State Machine Thread - 0] INFO  datanode.InitDatanodeState (InitDatanodeState.java:persistContainerDatanodeDetails(140)) - DatanodeDetails is persisted to /workdir/hadoop-ozone/integration-test/target/test-dir/MiniOzoneClusterImpl-7c4d8f4b-6ef9-4f83-95e6-46f70b8176c5/datanode-1/meta/datanode.id
2019-08-20 17:30:47,036 [main] INFO  volume.HddsVolume (HddsVolume.java:<init>(176)) - Creating Volume: /workdir/hadoop-ozone/integration-test/target/test-dir/MiniOzoneClusterImpl-7c4d8f4b-6ef9-4f83-95e6-46f70b8176c5/datanode-2/data/containers/hdds of  storage type : DISK and capacity : 1482555576320
2019-08-20 17:30:47,037 [main] INFO  volume.VolumeSet (VolumeSet.java:initializeVolumeSet(170)) - Added Volume : /workdir/hadoop-ozone/integration-test/target/test-dir/MiniOzoneClusterImpl-7c4d8f4b-6ef9-4f83-95e6-46f70b8176c5/datanode-2/data/containers/hdds to VolumeSet
2019-08-20 17:30:47,037 [main] INFO  volume.ThrottledAsyncChecker (ThrottledAsyncChecker.java:schedule(140)) - Scheduling a check for org.apache.hadoop.ozone.container.common.volume.HddsVolume@5911dd25
2019-08-20 17:30:47,037 [main] INFO  volume.HddsVolumeChecker (HddsVolumeChecker.java:checkAllVolumes(203)) - Scheduled health check for volume org.apache.hadoop.ozone.container.common.volume.HddsVolume@5911dd25
2019-08-20 17:30:47,057 [main] INFO  impl.RaftServerProxy (ConfUtils.java:logGet(43)) - raft.rpc.type = GRPC (default)
2019-08-20 17:30:47,057 [main] INFO  grpc.GrpcFactory (GrpcFactory.java:checkPooledByteBufAllocatorUseCacheForAllThreads(45)) - PERFORMANCE WARNING: useCacheForAllThreads is true that may cause Netty to create a lot garbage objects and, as a result, trigger GC.
	It is recommended to disable useCacheForAllThreads by setting -Dorg.apache.ratis.thirdparty.io.netty.allocator.useCacheForAllThreads=false in command line.
2019-08-20 17:30:47,057 [main] INFO  grpc.GrpcConfigKeys$Server (ConfUtils.java:logGet(43)) - raft.grpc.server.port = 0 (default)
2019-08-20 17:30:47,057 [main] INFO  server.GrpcService (ConfUtils.java:logGet(43)) - raft.grpc.message.size.max = 33570816 (custom)
2019-08-20 17:30:47,058 [main] INFO  server.RaftServerConfigKeys (ConfUtils.java:logGet(43)) - raft.server.log.appender.buffer.byte-limit = 33554432 (custom)
2019-08-20 17:30:47,058 [main] INFO  server.GrpcService (ConfUtils.java:logGet(43)) - raft.grpc.flow.control.window = 1MB (=1048576) (default)
2019-08-20 17:30:47,058 [main] INFO  server.RaftServerConfigKeys (ConfUtils.java:logGet(43)) - raft.server.rpc.request.timeout = 3000ms (default)
2019-08-20 17:30:47,059 [main] INFO  server.RaftServerConfigKeys (ConfUtils.java:logGet(43)) - raft.server.storage.dir = [/workdir/hadoop-ozone/integration-test/target/test-dir/MiniOzoneClusterImpl-7c4d8f4b-6ef9-4f83-95e6-46f70b8176c5/datanode-2/data/ratis] (custom)
2019-08-20 17:30:47,059 [main] INFO  replication.SimpleContainerDownloader (SimpleContainerDownloader.java:<init>(72)) - Starting container downloader service to copy containers to replicate.
2019-08-20 17:30:47,060 [main] INFO  hdfs.DFSUtil (DFSUtil.java:httpServerTemplateForNNAndJN(1641)) - Starting Web-server for hddsDatanode at: http://0.0.0.0:0
2019-08-20 17:30:47,062 [main] INFO  server.AuthenticationFilter (AuthenticationFilter.java:constructSecretProvider(240)) - Unable to initialize FileSignerSecretProvider, falling back to use random secrets.
2019-08-20 17:30:47,062 [main] WARN  http.HttpRequestLog (HttpRequestLog.java:getRequestLog(97)) - Jetty request log can only be enabled using Log4j
2019-08-20 17:30:47,063 [main] INFO  http.HttpServer2 (HttpServer2.java:addGlobalFilter(975)) - Added global filter 'safety' (class=org.apache.hadoop.http.HttpServer2$QuotingInputFilter)
2019-08-20 17:30:47,063 [main] INFO  http.HttpServer2 (HttpServer2.java:addFilter(948)) - Added filter static_user_filter (class=org.apache.hadoop.http.lib.StaticUserWebFilter$StaticUserFilter) to context hddsDatanode
2019-08-20 17:30:47,064 [main] INFO  http.HttpServer2 (HttpServer2.java:addFilter(958)) - Added filter static_user_filter (class=org.apache.hadoop.http.lib.StaticUserWebFilter$StaticUserFilter) to context logs
2019-08-20 17:30:47,064 [main] INFO  http.HttpServer2 (HttpServer2.java:addFilter(958)) - Added filter static_user_filter (class=org.apache.hadoop.http.lib.StaticUserWebFilter$StaticUserFilter) to context static
2019-08-20 17:30:47,064 [main] INFO  http.HttpServer2 (HttpServer2.java:bindListener(1191)) - Jetty bound to port 33960
2019-08-20 17:30:47,065 [main] INFO  server.Server (Server.java:doStart(351)) - jetty-9.3.24.v20180605, build timestamp: 2018-06-05T17:11:56Z, git hash: 84205aa28f11a4f31f2a3b86d1bba2cc8ab69827
2019-08-20 17:30:47,066 [main] INFO  handler.ContextHandler (ContextHandler.java:doStart(781)) - Started o.e.j.s.ServletContextHandler@b42d1c8{/logs,file:///workdir/hadoop-ozone/integration-test/target/log,AVAILABLE}
2019-08-20 17:30:47,067 [main] INFO  handler.ContextHandler (ContextHandler.java:doStart(781)) - Started o.e.j.s.ServletContextHandler@35fddea2{/static,jar:file:/home/user/.m2/repository/org/apache/hadoop/hadoop-hdds-container-service/0.5.0-SNAPSHOT/hadoop-hdds-container-service-0.5.0-SNAPSHOT.jar!/webapps/static,AVAILABLE}
2019-08-20 17:30:47,095 [main] INFO  handler.ContextHandler (ContextHandler.java:doStart(781)) - Started o.e.j.w.WebAppContext@2c69ea30{/,file:///tmp/jetty-0.0.0.0-33960-hddsDatanode-_-any-1792154349238318367.dir/webapp/,AVAILABLE}{/hddsDatanode}
2019-08-20 17:30:47,095 [main] INFO  server.AbstractConnector (AbstractConnector.java:doStart(278)) - Started ServerConnector@76dc9569{HTTP/1.1,[http/1.1]}{0.0.0.0:33960}
2019-08-20 17:30:47,096 [main] INFO  server.Server (Server.java:doStart(419)) - Started @536719ms
2019-08-20 17:30:47,098 [main] INFO  server.BaseHttpServer (BaseHttpServer.java:updateConnectorAddress(213)) - HTTP server of HDDSDATANODE is listening at http://0.0.0.0:33960
2019-08-20 17:30:47,211 | INFO  | ObjectStoreRestHttpServer | Listening HDDS REST traffic on /0.0.0.0:44299 |  
2019-08-20 17:30:47,211 [main] INFO  ozone.HddsDatanodeService (HddsDatanodeService.java:startPlugins(395)) - Started plug-in org.apache.hadoop.ozone.web.OzoneHddsDatanodeService@50c20b15
2019-08-20 17:30:47,212 [main] INFO  impl.MetricsSystemImpl (MetricsSystemImpl.java:init(158)) - HddsDatanode metrics system started (again)
2019-08-20 17:30:47,215 [org.apache.hadoop.util.JvmPauseMonitor$Monitor@2146fb3e] INFO  util.JvmPauseMonitor (JvmPauseMonitor.java:run(188)) - Starting JVM pause monitor
2019-08-20 17:30:47,215 [main] INFO  ozone.HddsDatanodeService (HddsDatanodeService.java:start(184)) - HddsDatanodeService host:pr-hdds-1927-28fzr-1052167450 ip:192.168.5.168
2019-08-20 17:30:47,216 [Datanode State Machine Thread - 0] INFO  datanode.InitDatanodeState (InitDatanodeState.java:persistContainerDatanodeDetails(140)) - DatanodeDetails is persisted to /workdir/hadoop-ozone/integration-test/target/test-dir/MiniOzoneClusterImpl-7c4d8f4b-6ef9-4f83-95e6-46f70b8176c5/datanode-2/meta/datanode.id
2019-08-20 17:30:47,224 [main] INFO  volume.HddsVolume (HddsVolume.java:<init>(176)) - Creating Volume: /workdir/hadoop-ozone/integration-test/target/test-dir/MiniOzoneClusterImpl-7c4d8f4b-6ef9-4f83-95e6-46f70b8176c5/datanode-3/data/containers/hdds of  storage type : DISK and capacity : 1482555576320
2019-08-20 17:30:47,224 [main] INFO  volume.VolumeSet (VolumeSet.java:initializeVolumeSet(170)) - Added Volume : /workdir/hadoop-ozone/integration-test/target/test-dir/MiniOzoneClusterImpl-7c4d8f4b-6ef9-4f83-95e6-46f70b8176c5/datanode-3/data/containers/hdds to VolumeSet
2019-08-20 17:30:47,225 [main] INFO  volume.ThrottledAsyncChecker (ThrottledAsyncChecker.java:schedule(140)) - Scheduling a check for org.apache.hadoop.ozone.container.common.volume.HddsVolume@5292d417
2019-08-20 17:30:47,225 [main] INFO  volume.HddsVolumeChecker (HddsVolumeChecker.java:checkAllVolumes(203)) - Scheduled health check for volume org.apache.hadoop.ozone.container.common.volume.HddsVolume@5292d417
2019-08-20 17:30:47,239 [main] INFO  impl.RaftServerProxy (ConfUtils.java:logGet(43)) - raft.rpc.type = GRPC (default)
2019-08-20 17:30:47,239 [main] INFO  grpc.GrpcFactory (GrpcFactory.java:checkPooledByteBufAllocatorUseCacheForAllThreads(45)) - PERFORMANCE WARNING: useCacheForAllThreads is true that may cause Netty to create a lot garbage objects and, as a result, trigger GC.
	It is recommended to disable useCacheForAllThreads by setting -Dorg.apache.ratis.thirdparty.io.netty.allocator.useCacheForAllThreads=false in command line.
2019-08-20 17:30:47,239 [main] INFO  grpc.GrpcConfigKeys$Server (ConfUtils.java:logGet(43)) - raft.grpc.server.port = 0 (default)
2019-08-20 17:30:47,239 [main] INFO  server.GrpcService (ConfUtils.java:logGet(43)) - raft.grpc.message.size.max = 33570816 (custom)
2019-08-20 17:30:47,240 [main] INFO  server.RaftServerConfigKeys (ConfUtils.java:logGet(43)) - raft.server.log.appender.buffer.byte-limit = 33554432 (custom)
2019-08-20 17:30:47,240 [main] INFO  server.GrpcService (ConfUtils.java:logGet(43)) - raft.grpc.flow.control.window = 1MB (=1048576) (default)
2019-08-20 17:30:47,240 [main] INFO  server.RaftServerConfigKeys (ConfUtils.java:logGet(43)) - raft.server.rpc.request.timeout = 3000ms (default)
2019-08-20 17:30:47,240 [main] INFO  server.RaftServerConfigKeys (ConfUtils.java:logGet(43)) - raft.server.storage.dir = [/workdir/hadoop-ozone/integration-test/target/test-dir/MiniOzoneClusterImpl-7c4d8f4b-6ef9-4f83-95e6-46f70b8176c5/datanode-3/data/ratis] (custom)
2019-08-20 17:30:47,241 [main] INFO  replication.SimpleContainerDownloader (SimpleContainerDownloader.java:<init>(72)) - Starting container downloader service to copy containers to replicate.
2019-08-20 17:30:47,242 [main] INFO  hdfs.DFSUtil (DFSUtil.java:httpServerTemplateForNNAndJN(1641)) - Starting Web-server for hddsDatanode at: http://0.0.0.0:0
2019-08-20 17:30:47,243 [main] INFO  server.AuthenticationFilter (AuthenticationFilter.java:constructSecretProvider(240)) - Unable to initialize FileSignerSecretProvider, falling back to use random secrets.
2019-08-20 17:30:47,243 [main] WARN  http.HttpRequestLog (HttpRequestLog.java:getRequestLog(97)) - Jetty request log can only be enabled using Log4j
2019-08-20 17:30:47,244 [main] INFO  http.HttpServer2 (HttpServer2.java:addGlobalFilter(975)) - Added global filter 'safety' (class=org.apache.hadoop.http.HttpServer2$QuotingInputFilter)
2019-08-20 17:30:47,245 [main] INFO  http.HttpServer2 (HttpServer2.java:addFilter(948)) - Added filter static_user_filter (class=org.apache.hadoop.http.lib.StaticUserWebFilter$StaticUserFilter) to context hddsDatanode
2019-08-20 17:30:47,245 [main] INFO  http.HttpServer2 (HttpServer2.java:addFilter(958)) - Added filter static_user_filter (class=org.apache.hadoop.http.lib.StaticUserWebFilter$StaticUserFilter) to context logs
2019-08-20 17:30:47,245 [main] INFO  http.HttpServer2 (HttpServer2.java:addFilter(958)) - Added filter static_user_filter (class=org.apache.hadoop.http.lib.StaticUserWebFilter$StaticUserFilter) to context static
2019-08-20 17:30:47,246 [main] INFO  http.HttpServer2 (HttpServer2.java:bindListener(1191)) - Jetty bound to port 34746
2019-08-20 17:30:47,246 [main] INFO  server.Server (Server.java:doStart(351)) - jetty-9.3.24.v20180605, build timestamp: 2018-06-05T17:11:56Z, git hash: 84205aa28f11a4f31f2a3b86d1bba2cc8ab69827
2019-08-20 17:30:47,247 [main] INFO  handler.ContextHandler (ContextHandler.java:doStart(781)) - Started o.e.j.s.ServletContextHandler@4b7704ec{/logs,file:///workdir/hadoop-ozone/integration-test/target/log,AVAILABLE}
2019-08-20 17:30:47,248 [main] INFO  handler.ContextHandler (ContextHandler.java:doStart(781)) - Started o.e.j.s.ServletContextHandler@4dbeae45{/static,jar:file:/home/user/.m2/repository/org/apache/hadoop/hadoop-hdds-container-service/0.5.0-SNAPSHOT/hadoop-hdds-container-service-0.5.0-SNAPSHOT.jar!/webapps/static,AVAILABLE}
2019-08-20 17:30:47,275 [main] INFO  handler.ContextHandler (ContextHandler.java:doStart(781)) - Started o.e.j.w.WebAppContext@58b03882{/,file:///tmp/jetty-0.0.0.0-34746-hddsDatanode-_-any-5596873671518107870.dir/webapp/,AVAILABLE}{/hddsDatanode}
2019-08-20 17:30:47,275 [main] INFO  server.AbstractConnector (AbstractConnector.java:doStart(278)) - Started ServerConnector@24710e61{HTTP/1.1,[http/1.1]}{0.0.0.0:34746}
2019-08-20 17:30:47,276 [main] INFO  server.Server (Server.java:doStart(419)) - Started @536900ms
2019-08-20 17:30:47,277 [main] INFO  server.BaseHttpServer (BaseHttpServer.java:updateConnectorAddress(213)) - HTTP server of HDDSDATANODE is listening at http://0.0.0.0:34746
2019-08-20 17:30:47,535 | INFO  | ObjectStoreRestHttpServer | Listening HDDS REST traffic on /0.0.0.0:40695 |  
2019-08-20 17:30:47,535 [main] INFO  ozone.HddsDatanodeService (HddsDatanodeService.java:startPlugins(395)) - Started plug-in org.apache.hadoop.ozone.web.OzoneHddsDatanodeService@3726fc3b
2019-08-20 17:30:47,535 [main] INFO  impl.MetricsSystemImpl (MetricsSystemImpl.java:init(158)) - HddsDatanode metrics system started (again)
2019-08-20 17:30:47,538 [main] INFO  ozone.HddsDatanodeService (HddsDatanodeService.java:start(184)) - HddsDatanodeService host:pr-hdds-1927-28fzr-1052167450 ip:192.168.5.168
2019-08-20 17:30:47,538 [org.apache.hadoop.util.JvmPauseMonitor$Monitor@1ff3afa7] INFO  util.JvmPauseMonitor (JvmPauseMonitor.java:run(188)) - Starting JVM pause monitor
2019-08-20 17:30:47,539 [Datanode State Machine Thread - 0] INFO  datanode.InitDatanodeState (InitDatanodeState.java:persistContainerDatanodeDetails(140)) - DatanodeDetails is persisted to /workdir/hadoop-ozone/integration-test/target/test-dir/MiniOzoneClusterImpl-7c4d8f4b-6ef9-4f83-95e6-46f70b8176c5/datanode-3/meta/datanode.id
2019-08-20 17:30:47,546 [main] INFO  volume.HddsVolume (HddsVolume.java:<init>(176)) - Creating Volume: /workdir/hadoop-ozone/integration-test/target/test-dir/MiniOzoneClusterImpl-7c4d8f4b-6ef9-4f83-95e6-46f70b8176c5/datanode-4/data/containers/hdds of  storage type : DISK and capacity : 1482555576320
2019-08-20 17:30:47,546 [main] INFO  volume.VolumeSet (VolumeSet.java:initializeVolumeSet(170)) - Added Volume : /workdir/hadoop-ozone/integration-test/target/test-dir/MiniOzoneClusterImpl-7c4d8f4b-6ef9-4f83-95e6-46f70b8176c5/datanode-4/data/containers/hdds to VolumeSet
2019-08-20 17:30:47,546 [main] INFO  volume.ThrottledAsyncChecker (ThrottledAsyncChecker.java:schedule(140)) - Scheduling a check for org.apache.hadoop.ozone.container.common.volume.HddsVolume@4005e63a
2019-08-20 17:30:47,547 [main] INFO  volume.HddsVolumeChecker (HddsVolumeChecker.java:checkAllVolumes(203)) - Scheduled health check for volume org.apache.hadoop.ozone.container.common.volume.HddsVolume@4005e63a
2019-08-20 17:30:47,559 [main] INFO  impl.RaftServerProxy (ConfUtils.java:logGet(43)) - raft.rpc.type = GRPC (default)
2019-08-20 17:30:47,559 [main] INFO  grpc.GrpcFactory (GrpcFactory.java:checkPooledByteBufAllocatorUseCacheForAllThreads(45)) - PERFORMANCE WARNING: useCacheForAllThreads is true that may cause Netty to create a lot garbage objects and, as a result, trigger GC.
	It is recommended to disable useCacheForAllThreads by setting -Dorg.apache.ratis.thirdparty.io.netty.allocator.useCacheForAllThreads=false in command line.
2019-08-20 17:30:47,559 [main] INFO  grpc.GrpcConfigKeys$Server (ConfUtils.java:logGet(43)) - raft.grpc.server.port = 0 (default)
2019-08-20 17:30:47,559 [main] INFO  server.GrpcService (ConfUtils.java:logGet(43)) - raft.grpc.message.size.max = 33570816 (custom)
2019-08-20 17:30:47,559 [main] INFO  server.RaftServerConfigKeys (ConfUtils.java:logGet(43)) - raft.server.log.appender.buffer.byte-limit = 33554432 (custom)
2019-08-20 17:30:47,559 [main] INFO  server.GrpcService (ConfUtils.java:logGet(43)) - raft.grpc.flow.control.window = 1MB (=1048576) (default)
2019-08-20 17:30:47,560 [main] INFO  server.RaftServerConfigKeys (ConfUtils.java:logGet(43)) - raft.server.rpc.request.timeout = 3000ms (default)
2019-08-20 17:30:47,560 [main] INFO  server.RaftServerConfigKeys (ConfUtils.java:logGet(43)) - raft.server.storage.dir = [/workdir/hadoop-ozone/integration-test/target/test-dir/MiniOzoneClusterImpl-7c4d8f4b-6ef9-4f83-95e6-46f70b8176c5/datanode-4/data/ratis] (custom)
2019-08-20 17:30:47,560 [main] INFO  replication.SimpleContainerDownloader (SimpleContainerDownloader.java:<init>(72)) - Starting container downloader service to copy containers to replicate.
2019-08-20 17:30:47,561 [main] INFO  hdfs.DFSUtil (DFSUtil.java:httpServerTemplateForNNAndJN(1641)) - Starting Web-server for hddsDatanode at: http://0.0.0.0:0
2019-08-20 17:30:47,562 [main] INFO  server.AuthenticationFilter (AuthenticationFilter.java:constructSecretProvider(240)) - Unable to initialize FileSignerSecretProvider, falling back to use random secrets.
2019-08-20 17:30:47,563 [main] WARN  http.HttpRequestLog (HttpRequestLog.java:getRequestLog(97)) - Jetty request log can only be enabled using Log4j
2019-08-20 17:30:47,564 [main] INFO  http.HttpServer2 (HttpServer2.java:addGlobalFilter(975)) - Added global filter 'safety' (class=org.apache.hadoop.http.HttpServer2$QuotingInputFilter)
2019-08-20 17:30:47,565 [main] INFO  http.HttpServer2 (HttpServer2.java:addFilter(948)) - Added filter static_user_filter (class=org.apache.hadoop.http.lib.StaticUserWebFilter$StaticUserFilter) to context hddsDatanode
2019-08-20 17:30:47,565 [main] INFO  http.HttpServer2 (HttpServer2.java:addFilter(958)) - Added filter static_user_filter (class=org.apache.hadoop.http.lib.StaticUserWebFilter$StaticUserFilter) to context logs
2019-08-20 17:30:47,565 [main] INFO  http.HttpServer2 (HttpServer2.java:addFilter(958)) - Added filter static_user_filter (class=org.apache.hadoop.http.lib.StaticUserWebFilter$StaticUserFilter) to context static
2019-08-20 17:30:47,565 [main] INFO  http.HttpServer2 (HttpServer2.java:bindListener(1191)) - Jetty bound to port 41468
2019-08-20 17:30:47,566 [main] INFO  server.Server (Server.java:doStart(351)) - jetty-9.3.24.v20180605, build timestamp: 2018-06-05T17:11:56Z, git hash: 84205aa28f11a4f31f2a3b86d1bba2cc8ab69827
2019-08-20 17:30:47,567 [main] INFO  handler.ContextHandler (ContextHandler.java:doStart(781)) - Started o.e.j.s.ServletContextHandler@168ffb0{/logs,file:///workdir/hadoop-ozone/integration-test/target/log,AVAILABLE}
2019-08-20 17:30:47,567 [main] INFO  handler.ContextHandler (ContextHandler.java:doStart(781)) - Started o.e.j.s.ServletContextHandler@59a49dbc{/static,jar:file:/home/user/.m2/repository/org/apache/hadoop/hadoop-hdds-container-service/0.5.0-SNAPSHOT/hadoop-hdds-container-service-0.5.0-SNAPSHOT.jar!/webapps/static,AVAILABLE}
2019-08-20 17:30:47,590 [main] INFO  handler.ContextHandler (ContextHandler.java:doStart(781)) - Started o.e.j.w.WebAppContext@29471e3e{/,file:///tmp/jetty-0.0.0.0-41468-hddsDatanode-_-any-6977371512494871930.dir/webapp/,AVAILABLE}{/hddsDatanode}
2019-08-20 17:30:47,591 [main] INFO  server.AbstractConnector (AbstractConnector.java:doStart(278)) - Started ServerConnector@73fa97a9{HTTP/1.1,[http/1.1]}{0.0.0.0:41468}
2019-08-20 17:30:47,592 [main] INFO  server.Server (Server.java:doStart(419)) - Started @537215ms
2019-08-20 17:30:47,592 [main] INFO  server.BaseHttpServer (BaseHttpServer.java:updateConnectorAddress(213)) - HTTP server of HDDSDATANODE is listening at http://0.0.0.0:41468
2019-08-20 17:30:47,685 | INFO  | ObjectStoreRestHttpServer | Listening HDDS REST traffic on /0.0.0.0:45406 |  
2019-08-20 17:30:47,685 [main] INFO  ozone.HddsDatanodeService (HddsDatanodeService.java:startPlugins(395)) - Started plug-in org.apache.hadoop.ozone.web.OzoneHddsDatanodeService@4a467f08
2019-08-20 17:30:47,685 [main] INFO  impl.MetricsSystemImpl (MetricsSystemImpl.java:init(158)) - HddsDatanode metrics system started (again)
2019-08-20 17:30:47,688 [main] INFO  ozone.HddsDatanodeService (HddsDatanodeService.java:start(184)) - HddsDatanodeService host:pr-hdds-1927-28fzr-1052167450 ip:192.168.5.168
2019-08-20 17:30:47,688 [org.apache.hadoop.util.JvmPauseMonitor$Monitor@540a85bf] INFO  util.JvmPauseMonitor (JvmPauseMonitor.java:run(188)) - Starting JVM pause monitor
2019-08-20 17:30:47,689 [Datanode State Machine Thread - 0] INFO  datanode.InitDatanodeState (InitDatanodeState.java:persistContainerDatanodeDetails(140)) - DatanodeDetails is persisted to /workdir/hadoop-ozone/integration-test/target/test-dir/MiniOzoneClusterImpl-7c4d8f4b-6ef9-4f83-95e6-46f70b8176c5/datanode-4/meta/datanode.id
2019-08-20 17:30:47,698 [main] INFO  volume.HddsVolume (HddsVolume.java:<init>(176)) - Creating Volume: /workdir/hadoop-ozone/integration-test/target/test-dir/MiniOzoneClusterImpl-7c4d8f4b-6ef9-4f83-95e6-46f70b8176c5/datanode-5/data/containers/hdds of  storage type : DISK and capacity : 1482555576320
2019-08-20 17:30:47,698 [main] INFO  volume.VolumeSet (VolumeSet.java:initializeVolumeSet(170)) - Added Volume : /workdir/hadoop-ozone/integration-test/target/test-dir/MiniOzoneClusterImpl-7c4d8f4b-6ef9-4f83-95e6-46f70b8176c5/datanode-5/data/containers/hdds to VolumeSet
2019-08-20 17:30:47,698 [main] INFO  volume.ThrottledAsyncChecker (ThrottledAsyncChecker.java:schedule(140)) - Scheduling a check for org.apache.hadoop.ozone.container.common.volume.HddsVolume@670481b2
2019-08-20 17:30:47,698 [main] INFO  volume.HddsVolumeChecker (HddsVolumeChecker.java:checkAllVolumes(203)) - Scheduled health check for volume org.apache.hadoop.ozone.container.common.volume.HddsVolume@670481b2
2019-08-20 17:30:47,714 [main] INFO  impl.RaftServerProxy (ConfUtils.java:logGet(43)) - raft.rpc.type = GRPC (default)
2019-08-20 17:30:47,714 [main] INFO  grpc.GrpcFactory (GrpcFactory.java:checkPooledByteBufAllocatorUseCacheForAllThreads(45)) - PERFORMANCE WARNING: useCacheForAllThreads is true that may cause Netty to create a lot garbage objects and, as a result, trigger GC.
	It is recommended to disable useCacheForAllThreads by setting -Dorg.apache.ratis.thirdparty.io.netty.allocator.useCacheForAllThreads=false in command line.
2019-08-20 17:30:47,714 [main] INFO  grpc.GrpcConfigKeys$Server (ConfUtils.java:logGet(43)) - raft.grpc.server.port = 0 (default)
2019-08-20 17:30:47,714 [main] INFO  server.GrpcService (ConfUtils.java:logGet(43)) - raft.grpc.message.size.max = 33570816 (custom)
2019-08-20 17:30:47,714 [main] INFO  server.RaftServerConfigKeys (ConfUtils.java:logGet(43)) - raft.server.log.appender.buffer.byte-limit = 33554432 (custom)
2019-08-20 17:30:47,715 [main] INFO  server.GrpcService (ConfUtils.java:logGet(43)) - raft.grpc.flow.control.window = 1MB (=1048576) (default)
2019-08-20 17:30:47,715 [main] INFO  server.RaftServerConfigKeys (ConfUtils.java:logGet(43)) - raft.server.rpc.request.timeout = 3000ms (default)
2019-08-20 17:30:47,715 [main] INFO  server.RaftServerConfigKeys (ConfUtils.java:logGet(43)) - raft.server.storage.dir = [/workdir/hadoop-ozone/integration-test/target/test-dir/MiniOzoneClusterImpl-7c4d8f4b-6ef9-4f83-95e6-46f70b8176c5/datanode-5/data/ratis] (custom)
2019-08-20 17:30:47,716 [main] INFO  replication.SimpleContainerDownloader (SimpleContainerDownloader.java:<init>(72)) - Starting container downloader service to copy containers to replicate.
2019-08-20 17:30:47,717 [main] INFO  hdfs.DFSUtil (DFSUtil.java:httpServerTemplateForNNAndJN(1641)) - Starting Web-server for hddsDatanode at: http://0.0.0.0:0
2019-08-20 17:30:47,718 [main] INFO  server.AuthenticationFilter (AuthenticationFilter.java:constructSecretProvider(240)) - Unable to initialize FileSignerSecretProvider, falling back to use random secrets.
2019-08-20 17:30:47,718 [main] WARN  http.HttpRequestLog (HttpRequestLog.java:getRequestLog(97)) - Jetty request log can only be enabled using Log4j
2019-08-20 17:30:47,719 [main] INFO  http.HttpServer2 (HttpServer2.java:addGlobalFilter(975)) - Added global filter 'safety' (class=org.apache.hadoop.http.HttpServer2$QuotingInputFilter)
2019-08-20 17:30:47,719 [main] INFO  http.HttpServer2 (HttpServer2.java:addFilter(948)) - Added filter static_user_filter (class=org.apache.hadoop.http.lib.StaticUserWebFilter$StaticUserFilter) to context hddsDatanode
2019-08-20 17:30:47,720 [main] INFO  http.HttpServer2 (HttpServer2.java:addFilter(958)) - Added filter static_user_filter (class=org.apache.hadoop.http.lib.StaticUserWebFilter$StaticUserFilter) to context logs
2019-08-20 17:30:47,720 [main] INFO  http.HttpServer2 (HttpServer2.java:addFilter(958)) - Added filter static_user_filter (class=org.apache.hadoop.http.lib.StaticUserWebFilter$StaticUserFilter) to context static
2019-08-20 17:30:47,720 [main] INFO  http.HttpServer2 (HttpServer2.java:bindListener(1191)) - Jetty bound to port 39423
2019-08-20 17:30:47,720 [main] INFO  server.Server (Server.java:doStart(351)) - jetty-9.3.24.v20180605, build timestamp: 2018-06-05T17:11:56Z, git hash: 84205aa28f11a4f31f2a3b86d1bba2cc8ab69827
2019-08-20 17:30:47,722 [main] INFO  handler.ContextHandler (ContextHandler.java:doStart(781)) - Started o.e.j.s.ServletContextHandler@6980e66a{/logs,file:///workdir/hadoop-ozone/integration-test/target/log,AVAILABLE}
2019-08-20 17:30:47,722 [main] INFO  handler.ContextHandler (ContextHandler.java:doStart(781)) - Started o.e.j.s.ServletContextHandler@7ec63b9a{/static,jar:file:/home/user/.m2/repository/org/apache/hadoop/hadoop-hdds-container-service/0.5.0-SNAPSHOT/hadoop-hdds-container-service-0.5.0-SNAPSHOT.jar!/webapps/static,AVAILABLE}
2019-08-20 17:30:47,746 [main] INFO  handler.ContextHandler (ContextHandler.java:doStart(781)) - Started o.e.j.w.WebAppContext@6dabad5c{/,file:///tmp/jetty-0.0.0.0-39423-hddsDatanode-_-any-2230381803789133503.dir/webapp/,AVAILABLE}{/hddsDatanode}
2019-08-20 17:30:47,747 [main] INFO  server.AbstractConnector (AbstractConnector.java:doStart(278)) - Started ServerConnector@1bfa398e{HTTP/1.1,[http/1.1]}{0.0.0.0:39423}
2019-08-20 17:30:47,748 [main] INFO  server.Server (Server.java:doStart(419)) - Started @537372ms
2019-08-20 17:30:47,749 [main] INFO  server.BaseHttpServer (BaseHttpServer.java:updateConnectorAddress(213)) - HTTP server of HDDSDATANODE is listening at http://0.0.0.0:39423
2019-08-20 17:30:47,845 | INFO  | ObjectStoreRestHttpServer | Listening HDDS REST traffic on /0.0.0.0:37733 |  
2019-08-20 17:30:47,845 [main] INFO  ozone.HddsDatanodeService (HddsDatanodeService.java:startPlugins(395)) - Started plug-in org.apache.hadoop.ozone.web.OzoneHddsDatanodeService@676beb9f
2019-08-20 17:30:47,845 [main] INFO  impl.MetricsSystemImpl (MetricsSystemImpl.java:init(158)) - HddsDatanode metrics system started (again)
2019-08-20 17:30:47,849 [org.apache.hadoop.util.JvmPauseMonitor$Monitor@4f7332eb] INFO  util.JvmPauseMonitor (JvmPauseMonitor.java:run(188)) - Starting JVM pause monitor
2019-08-20 17:30:47,849 [main] INFO  ozone.HddsDatanodeService (HddsDatanodeService.java:start(184)) - HddsDatanodeService host:pr-hdds-1927-28fzr-1052167450 ip:192.168.5.168
2019-08-20 17:30:47,850 [Datanode State Machine Thread - 0] INFO  datanode.InitDatanodeState (InitDatanodeState.java:persistContainerDatanodeDetails(140)) - DatanodeDetails is persisted to /workdir/hadoop-ozone/integration-test/target/test-dir/MiniOzoneClusterImpl-7c4d8f4b-6ef9-4f83-95e6-46f70b8176c5/datanode-5/meta/datanode.id
2019-08-20 17:30:47,858 [main] INFO  volume.HddsVolume (HddsVolume.java:<init>(176)) - Creating Volume: /workdir/hadoop-ozone/integration-test/target/test-dir/MiniOzoneClusterImpl-7c4d8f4b-6ef9-4f83-95e6-46f70b8176c5/datanode-6/data/containers/hdds of  storage type : DISK and capacity : 1482555576320
2019-08-20 17:30:47,859 [main] INFO  volume.VolumeSet (VolumeSet.java:initializeVolumeSet(170)) - Added Volume : /workdir/hadoop-ozone/integration-test/target/test-dir/MiniOzoneClusterImpl-7c4d8f4b-6ef9-4f83-95e6-46f70b8176c5/datanode-6/data/containers/hdds to VolumeSet
2019-08-20 17:30:47,859 [main] INFO  volume.ThrottledAsyncChecker (ThrottledAsyncChecker.java:schedule(140)) - Scheduling a check for org.apache.hadoop.ozone.container.common.volume.HddsVolume@40fd9358
2019-08-20 17:30:47,859 [main] INFO  volume.HddsVolumeChecker (HddsVolumeChecker.java:checkAllVolumes(203)) - Scheduled health check for volume org.apache.hadoop.ozone.container.common.volume.HddsVolume@40fd9358
2019-08-20 17:30:47,871 [main] INFO  impl.RaftServerProxy (ConfUtils.java:logGet(43)) - raft.rpc.type = GRPC (default)
2019-08-20 17:30:47,871 [main] INFO  grpc.GrpcFactory (GrpcFactory.java:checkPooledByteBufAllocatorUseCacheForAllThreads(45)) - PERFORMANCE WARNING: useCacheForAllThreads is true that may cause Netty to create a lot garbage objects and, as a result, trigger GC.
	It is recommended to disable useCacheForAllThreads by setting -Dorg.apache.ratis.thirdparty.io.netty.allocator.useCacheForAllThreads=false in command line.
2019-08-20 17:30:47,871 [main] INFO  grpc.GrpcConfigKeys$Server (ConfUtils.java:logGet(43)) - raft.grpc.server.port = 0 (default)
2019-08-20 17:30:47,871 [main] INFO  server.GrpcService (ConfUtils.java:logGet(43)) - raft.grpc.message.size.max = 33570816 (custom)
2019-08-20 17:30:47,871 [main] INFO  server.RaftServerConfigKeys (ConfUtils.java:logGet(43)) - raft.server.log.appender.buffer.byte-limit = 33554432 (custom)
2019-08-20 17:30:47,872 [main] INFO  server.GrpcService (ConfUtils.java:logGet(43)) - raft.grpc.flow.control.window = 1MB (=1048576) (default)
2019-08-20 17:30:47,872 [main] INFO  server.RaftServerConfigKeys (ConfUtils.java:logGet(43)) - raft.server.rpc.request.timeout = 3000ms (default)
2019-08-20 17:30:47,872 [main] INFO  server.RaftServerConfigKeys (ConfUtils.java:logGet(43)) - raft.server.storage.dir = [/workdir/hadoop-ozone/integration-test/target/test-dir/MiniOzoneClusterImpl-7c4d8f4b-6ef9-4f83-95e6-46f70b8176c5/datanode-6/data/ratis] (custom)
2019-08-20 17:30:47,873 [main] INFO  replication.SimpleContainerDownloader (SimpleContainerDownloader.java:<init>(72)) - Starting container downloader service to copy containers to replicate.
2019-08-20 17:30:47,874 [main] INFO  hdfs.DFSUtil (DFSUtil.java:httpServerTemplateForNNAndJN(1641)) - Starting Web-server for hddsDatanode at: http://0.0.0.0:0
2019-08-20 17:30:47,875 [main] INFO  server.AuthenticationFilter (AuthenticationFilter.java:constructSecretProvider(240)) - Unable to initialize FileSignerSecretProvider, falling back to use random secrets.
2019-08-20 17:30:47,875 [main] WARN  http.HttpRequestLog (HttpRequestLog.java:getRequestLog(97)) - Jetty request log can only be enabled using Log4j
2019-08-20 17:30:47,877 [main] INFO  http.HttpServer2 (HttpServer2.java:addGlobalFilter(975)) - Added global filter 'safety' (class=org.apache.hadoop.http.HttpServer2$QuotingInputFilter)
2019-08-20 17:30:47,877 [main] INFO  http.HttpServer2 (HttpServer2.java:addFilter(948)) - Added filter static_user_filter (class=org.apache.hadoop.http.lib.StaticUserWebFilter$StaticUserFilter) to context hddsDatanode
2019-08-20 17:30:47,877 [main] INFO  http.HttpServer2 (HttpServer2.java:addFilter(958)) - Added filter static_user_filter (class=org.apache.hadoop.http.lib.StaticUserWebFilter$StaticUserFilter) to context logs
2019-08-20 17:30:47,877 [main] INFO  http.HttpServer2 (HttpServer2.java:addFilter(958)) - Added filter static_user_filter (class=org.apache.hadoop.http.lib.StaticUserWebFilter$StaticUserFilter) to context static
2019-08-20 17:30:47,878 [main] INFO  http.HttpServer2 (HttpServer2.java:bindListener(1191)) - Jetty bound to port 33552
2019-08-20 17:30:47,878 [main] INFO  server.Server (Server.java:doStart(351)) - jetty-9.3.24.v20180605, build timestamp: 2018-06-05T17:11:56Z, git hash: 84205aa28f11a4f31f2a3b86d1bba2cc8ab69827
2019-08-20 17:30:47,879 [main] INFO  handler.ContextHandler (ContextHandler.java:doStart(781)) - Started o.e.j.s.ServletContextHandler@689504b1{/logs,file:///workdir/hadoop-ozone/integration-test/target/log,AVAILABLE}
2019-08-20 17:30:47,879 [main] INFO  handler.ContextHandler (ContextHandler.java:doStart(781)) - Started o.e.j.s.ServletContextHandler@7b1d3a05{/static,jar:file:/home/user/.m2/repository/org/apache/hadoop/hadoop-hdds-container-service/0.5.0-SNAPSHOT/hadoop-hdds-container-service-0.5.0-SNAPSHOT.jar!/webapps/static,AVAILABLE}
2019-08-20 17:30:47,905 [main] INFO  handler.ContextHandler (ContextHandler.java:doStart(781)) - Started o.e.j.w.WebAppContext@5c452e69{/,file:///tmp/jetty-0.0.0.0-33552-hddsDatanode-_-any-1096115722634599096.dir/webapp/,AVAILABLE}{/hddsDatanode}
2019-08-20 17:30:47,905 [main] INFO  server.AbstractConnector (AbstractConnector.java:doStart(278)) - Started ServerConnector@5c519681{HTTP/1.1,[http/1.1]}{0.0.0.0:33552}
2019-08-20 17:30:47,908 [main] INFO  server.Server (Server.java:doStart(419)) - Started @537532ms
2019-08-20 17:30:47,909 [main] INFO  server.BaseHttpServer (BaseHttpServer.java:updateConnectorAddress(213)) - HTTP server of HDDSDATANODE is listening at http://0.0.0.0:33552
2019-08-20 17:30:48,007 | INFO  | ObjectStoreRestHttpServer | Listening HDDS REST traffic on /0.0.0.0:35271 |  
2019-08-20 17:30:48,007 [main] INFO  ozone.HddsDatanodeService (HddsDatanodeService.java:startPlugins(395)) - Started plug-in org.apache.hadoop.ozone.web.OzoneHddsDatanodeService@7cf618f3
2019-08-20 17:30:48,007 [main] INFO  ozone.MiniOzoneClusterImpl (MiniOzoneClusterImpl.java:lambda$waitForClusterToBeReady$0(142)) - Waiting for cluster to be ready. Got 0 of 7 DN Heartbeats.
2019-08-20 17:30:48,008 [org.apache.hadoop.util.JvmPauseMonitor$Monitor@579e2347] INFO  util.JvmPauseMonitor (JvmPauseMonitor.java:run(188)) - Starting JVM pause monitor
2019-08-20 17:30:48,010 [Datanode State Machine Thread - 0] INFO  datanode.InitDatanodeState (InitDatanodeState.java:persistContainerDatanodeDetails(140)) - DatanodeDetails is persisted to /workdir/hadoop-ozone/integration-test/target/test-dir/MiniOzoneClusterImpl-7c4d8f4b-6ef9-4f83-95e6-46f70b8176c5/datanode-6/meta/datanode.id
2019-08-20 17:30:48,844 | INFO  | SCMAudit | user=jenkins1000 | ip=192.168.5.168 | op=GET_VERSION null | ret=SUCCESS |  
2019-08-20 17:30:48,862 [Datanode State Machine Thread - 0] INFO  ozoneimpl.OzoneContainer (OzoneContainer.java:start(186)) - Attempting to start container services.
2019-08-20 17:30:48,862 [Datanode State Machine Thread - 0] INFO  ozoneimpl.OzoneContainer (OzoneContainer.java:startContainerScrub(160)) - Background container scrubber has been disabled by hdds.containerscrub.enabled
2019-08-20 17:30:48,862 [Datanode State Machine Thread - 0] INFO  ratis.XceiverServerRatis (XceiverServerRatis.java:start(404)) - Starting XceiverServerRatis 22376942-19b4-4255-bdb4-c51c782b6438 at port 0
2019-08-20 17:30:48,867 [Datanode State Machine Thread - 0] INFO  impl.RaftServerProxy (RaftServerProxy.java:lambda$start$3(299)) - 22376942-19b4-4255-bdb4-c51c782b6438: start RPC server
2019-08-20 17:30:48,874 [Datanode State Machine Thread - 0] INFO  server.GrpcService (GrpcService.java:startImpl(149)) - 22376942-19b4-4255-bdb4-c51c782b6438: GrpcService started, listening on 0.0.0.0/0.0.0.0:39722
2019-08-20 17:30:48,874 [Datanode State Machine Thread - 0] INFO  ratis.XceiverServerRatis (XceiverServerRatis.java:start(414)) - XceiverServerRatis 22376942-19b4-4255-bdb4-c51c782b6438 is started using port 39722
2019-08-20 17:30:48,875 [Datanode State Machine Thread - 0] INFO  server.XceiverServerGrpc (XceiverServerGrpc.java:start(161)) - XceiverServerGrpc 22376942-19b4-4255-bdb4-c51c782b6438 is started using port 32812
2019-08-20 17:30:49,008 [main] INFO  ozone.MiniOzoneClusterImpl (MiniOzoneClusterImpl.java:lambda$waitForClusterToBeReady$0(142)) - Waiting for cluster to be ready. Got 0 of 7 DN Heartbeats.
2019-08-20 17:30:49,027 | INFO  | SCMAudit | user=jenkins1000 | ip=192.168.5.168 | op=GET_VERSION null | ret=SUCCESS |  
2019-08-20 17:30:49,039 [Datanode State Machine Thread - 0] INFO  ozoneimpl.OzoneContainer (OzoneContainer.java:start(186)) - Attempting to start container services.
2019-08-20 17:30:49,039 [Datanode State Machine Thread - 0] INFO  ozoneimpl.OzoneContainer (OzoneContainer.java:startContainerScrub(160)) - Background container scrubber has been disabled by hdds.containerscrub.enabled
2019-08-20 17:30:49,039 [Datanode State Machine Thread - 0] INFO  ratis.XceiverServerRatis (XceiverServerRatis.java:start(404)) - Starting XceiverServerRatis 9d32e657-27b9-4d89-b8c3-3e7cbe4e0bae at port 0
2019-08-20 17:30:49,046 [Datanode State Machine Thread - 0] INFO  impl.RaftServerProxy (RaftServerProxy.java:lambda$start$3(299)) - 9d32e657-27b9-4d89-b8c3-3e7cbe4e0bae: start RPC server
2019-08-20 17:30:49,048 [Datanode State Machine Thread - 0] INFO  server.GrpcService (GrpcService.java:startImpl(149)) - 9d32e657-27b9-4d89-b8c3-3e7cbe4e0bae: GrpcService started, listening on 0.0.0.0/0.0.0.0:39672
2019-08-20 17:30:49,049 [Datanode State Machine Thread - 0] INFO  ratis.XceiverServerRatis (XceiverServerRatis.java:start(414)) - XceiverServerRatis 9d32e657-27b9-4d89-b8c3-3e7cbe4e0bae is started using port 39672
2019-08-20 17:30:49,049 [Datanode State Machine Thread - 0] INFO  server.XceiverServerGrpc (XceiverServerGrpc.java:start(161)) - XceiverServerGrpc 9d32e657-27b9-4d89-b8c3-3e7cbe4e0bae is started using port 41986
2019-08-20 17:30:49,215 | INFO  | SCMAudit | user=jenkins1000 | ip=192.168.5.168 | op=GET_VERSION null | ret=SUCCESS |  
2019-08-20 17:30:49,242 [Datanode State Machine Thread - 0] INFO  ozoneimpl.OzoneContainer (OzoneContainer.java:start(186)) - Attempting to start container services.
2019-08-20 17:30:49,242 [Datanode State Machine Thread - 0] INFO  ozoneimpl.OzoneContainer (OzoneContainer.java:startContainerScrub(160)) - Background container scrubber has been disabled by hdds.containerscrub.enabled
2019-08-20 17:30:49,242 [Datanode State Machine Thread - 0] INFO  ratis.XceiverServerRatis (XceiverServerRatis.java:start(404)) - Starting XceiverServerRatis 868c4038-48e0-4158-9c2b-9080e3500686 at port 0
2019-08-20 17:30:49,250 [Datanode State Machine Thread - 0] INFO  impl.RaftServerProxy (RaftServerProxy.java:lambda$start$3(299)) - 868c4038-48e0-4158-9c2b-9080e3500686: start RPC server
2019-08-20 17:30:49,251 [Datanode State Machine Thread - 0] INFO  server.GrpcService (GrpcService.java:startImpl(149)) - 868c4038-48e0-4158-9c2b-9080e3500686: GrpcService started, listening on 0.0.0.0/0.0.0.0:33920
2019-08-20 17:30:49,251 [Datanode State Machine Thread - 0] INFO  ratis.XceiverServerRatis (XceiverServerRatis.java:start(414)) - XceiverServerRatis 868c4038-48e0-4158-9c2b-9080e3500686 is started using port 33920
2019-08-20 17:30:49,251 [Datanode State Machine Thread - 0] INFO  server.XceiverServerGrpc (XceiverServerGrpc.java:start(161)) - XceiverServerGrpc 868c4038-48e0-4158-9c2b-9080e3500686 is started using port 39789
2019-08-20 17:30:49,539 | INFO  | SCMAudit | user=jenkins1000 | ip=192.168.5.168 | op=GET_VERSION null | ret=SUCCESS |  
2019-08-20 17:30:49,554 [Datanode State Machine Thread - 0] INFO  ozoneimpl.OzoneContainer (OzoneContainer.java:start(186)) - Attempting to start container services.
2019-08-20 17:30:49,554 [Datanode State Machine Thread - 0] INFO  ozoneimpl.OzoneContainer (OzoneContainer.java:startContainerScrub(160)) - Background container scrubber has been disabled by hdds.containerscrub.enabled
2019-08-20 17:30:49,554 [Datanode State Machine Thread - 0] INFO  ratis.XceiverServerRatis (XceiverServerRatis.java:start(404)) - Starting XceiverServerRatis 1995104d-c8de-4475-a574-4c6ff65d896e at port 0
2019-08-20 17:30:49,561 [Datanode State Machine Thread - 0] INFO  impl.RaftServerProxy (RaftServerProxy.java:lambda$start$3(299)) - 1995104d-c8de-4475-a574-4c6ff65d896e: start RPC server
2019-08-20 17:30:49,562 [Datanode State Machine Thread - 0] INFO  server.GrpcService (GrpcService.java:startImpl(149)) - 1995104d-c8de-4475-a574-4c6ff65d896e: GrpcService started, listening on 0.0.0.0/0.0.0.0:36430
2019-08-20 17:30:49,562 [Datanode State Machine Thread - 0] INFO  ratis.XceiverServerRatis (XceiverServerRatis.java:start(414)) - XceiverServerRatis 1995104d-c8de-4475-a574-4c6ff65d896e is started using port 36430
2019-08-20 17:30:49,562 [Datanode State Machine Thread - 0] INFO  server.XceiverServerGrpc (XceiverServerGrpc.java:start(161)) - XceiverServerGrpc 1995104d-c8de-4475-a574-4c6ff65d896e is started using port 42570
2019-08-20 17:30:49,689 | INFO  | SCMAudit | user=jenkins1000 | ip=192.168.5.168 | op=GET_VERSION null | ret=SUCCESS |  
2019-08-20 17:30:49,705 [Datanode State Machine Thread - 0] INFO  ozoneimpl.OzoneContainer (OzoneContainer.java:start(186)) - Attempting to start container services.
2019-08-20 17:30:49,705 [Datanode State Machine Thread - 0] INFO  ozoneimpl.OzoneContainer (OzoneContainer.java:startContainerScrub(160)) - Background container scrubber has been disabled by hdds.containerscrub.enabled
2019-08-20 17:30:49,705 [Datanode State Machine Thread - 0] INFO  ratis.XceiverServerRatis (XceiverServerRatis.java:start(404)) - Starting XceiverServerRatis 6c4a6901-b690-4e6e-9f9b-d426bfd0501b at port 0
2019-08-20 17:30:49,711 [Datanode State Machine Thread - 0] INFO  impl.RaftServerProxy (RaftServerProxy.java:lambda$start$3(299)) - 6c4a6901-b690-4e6e-9f9b-d426bfd0501b: start RPC server
2019-08-20 17:30:49,712 [Datanode State Machine Thread - 0] INFO  server.GrpcService (GrpcService.java:startImpl(149)) - 6c4a6901-b690-4e6e-9f9b-d426bfd0501b: GrpcService started, listening on 0.0.0.0/0.0.0.0:43721
2019-08-20 17:30:49,712 [Datanode State Machine Thread - 0] INFO  ratis.XceiverServerRatis (XceiverServerRatis.java:start(414)) - XceiverServerRatis 6c4a6901-b690-4e6e-9f9b-d426bfd0501b is started using port 43721
2019-08-20 17:30:49,712 [Datanode State Machine Thread - 0] INFO  server.XceiverServerGrpc (XceiverServerGrpc.java:start(161)) - XceiverServerGrpc 6c4a6901-b690-4e6e-9f9b-d426bfd0501b is started using port 35924
2019-08-20 17:30:49,851 | INFO  | SCMAudit | user=jenkins1000 | ip=192.168.5.168 | op=GET_VERSION null | ret=SUCCESS |  
2019-08-20 17:30:49,876 [Datanode State Machine Thread - 0] INFO  ozoneimpl.OzoneContainer (OzoneContainer.java:start(186)) - Attempting to start container services.
2019-08-20 17:30:49,876 [Datanode State Machine Thread - 0] INFO  ozoneimpl.OzoneContainer (OzoneContainer.java:startContainerScrub(160)) - Background container scrubber has been disabled by hdds.containerscrub.enabled
2019-08-20 17:30:49,876 [Datanode State Machine Thread - 0] INFO  ratis.XceiverServerRatis (XceiverServerRatis.java:start(404)) - Starting XceiverServerRatis be053fe7-daa4-4335-a0a6-d036739a6273 at port 0
2019-08-20 17:30:49,882 [Datanode State Machine Thread - 0] INFO  impl.RaftServerProxy (RaftServerProxy.java:lambda$start$3(299)) - be053fe7-daa4-4335-a0a6-d036739a6273: start RPC server
2019-08-20 17:30:49,882 [Datanode State Machine Thread - 0] INFO  server.GrpcService (GrpcService.java:startImpl(149)) - be053fe7-daa4-4335-a0a6-d036739a6273: GrpcService started, listening on 0.0.0.0/0.0.0.0:46280
2019-08-20 17:30:49,882 [Datanode State Machine Thread - 0] INFO  ratis.XceiverServerRatis (XceiverServerRatis.java:start(414)) - XceiverServerRatis be053fe7-daa4-4335-a0a6-d036739a6273 is started using port 46280
2019-08-20 17:30:49,883 [Datanode State Machine Thread - 0] INFO  server.XceiverServerGrpc (XceiverServerGrpc.java:start(161)) - XceiverServerGrpc be053fe7-daa4-4335-a0a6-d036739a6273 is started using port 33262
2019-08-20 17:30:50,008 [main] INFO  ozone.MiniOzoneClusterImpl (MiniOzoneClusterImpl.java:lambda$waitForClusterToBeReady$0(142)) - Waiting for cluster to be ready. Got 0 of 7 DN Heartbeats.
2019-08-20 17:30:50,009 | INFO  | SCMAudit | user=jenkins1000 | ip=192.168.5.168 | op=GET_VERSION null | ret=SUCCESS |  
2019-08-20 17:30:50,019 [Datanode State Machine Thread - 0] INFO  ozoneimpl.OzoneContainer (OzoneContainer.java:start(186)) - Attempting to start container services.
2019-08-20 17:30:50,019 [Datanode State Machine Thread - 0] INFO  ozoneimpl.OzoneContainer (OzoneContainer.java:startContainerScrub(160)) - Background container scrubber has been disabled by hdds.containerscrub.enabled
2019-08-20 17:30:50,019 [Datanode State Machine Thread - 0] INFO  ratis.XceiverServerRatis (XceiverServerRatis.java:start(404)) - Starting XceiverServerRatis c4be4be4-1f04-4e64-8fc9-c7c8b3e12d80 at port 0
2019-08-20 17:30:50,027 [Datanode State Machine Thread - 0] INFO  impl.RaftServerProxy (RaftServerProxy.java:lambda$start$3(299)) - c4be4be4-1f04-4e64-8fc9-c7c8b3e12d80: start RPC server
2019-08-20 17:30:50,027 [Datanode State Machine Thread - 0] INFO  server.GrpcService (GrpcService.java:startImpl(149)) - c4be4be4-1f04-4e64-8fc9-c7c8b3e12d80: GrpcService started, listening on 0.0.0.0/0.0.0.0:44827
2019-08-20 17:30:50,028 [Datanode State Machine Thread - 0] INFO  ratis.XceiverServerRatis (XceiverServerRatis.java:start(414)) - XceiverServerRatis c4be4be4-1f04-4e64-8fc9-c7c8b3e12d80 is started using port 44827
2019-08-20 17:30:50,028 [Datanode State Machine Thread - 0] INFO  server.XceiverServerGrpc (XceiverServerGrpc.java:start(161)) - XceiverServerGrpc c4be4be4-1f04-4e64-8fc9-c7c8b3e12d80 is started using port 36683
2019-08-20 17:30:50,844 [IPC Server handler 4 on 39414] INFO  net.NetworkTopology (NetworkTopologyImpl.java:add(110)) - Added a new node: /default-rack/22376942-19b4-4255-bdb4-c51c782b6438
2019-08-20 17:30:50,846 [IPC Server handler 4 on 39414] INFO  node.SCMNodeManager (SCMNodeManager.java:register(273)) - Registered Data node : 22376942-19b4-4255-bdb4-c51c782b6438{ip: 192.168.5.168, host: pr-hdds-1927-28fzr-1052167450, networkLocation: /default-rack, certSerialId: null}
2019-08-20 17:30:50,847 | INFO  | SCMAudit | user=jenkins1000 | ip=192.168.5.168 | op=REGISTER {datanodeDetails=22376942-19b4-4255-bdb4-c51c782b6438{ip: 192.168.5.168, host: pr-hdds-1927-28fzr-1052167450, networkLocation: /default-rack, certSerialId: null}} | ret=SUCCESS |  
2019-08-20 17:30:50,847 [EventQueue-NodeRegistrationContainerReportForDataNodeSafeModeRule] INFO  safemode.SCMSafeModeManager (DataNodeSafeModeRule.java:process(71)) - SCM in safe mode. 1 DataNodes registered, 1 required.
2019-08-20 17:30:50,857 [EventQueue-NodeRegistrationContainerReportForDataNodeSafeModeRule] INFO  safemode.SCMSafeModeManager (SCMSafeModeManager.java:validateSafeModeExitRules(177)) - ScmSafeModeManager, all rules are successfully validated
2019-08-20 17:30:50,858 [EventQueue-NodeRegistrationContainerReportForDataNodeSafeModeRule] INFO  safemode.SCMSafeModeManager (SCMSafeModeManager.java:exitSafeMode(193)) - SCM exiting safe mode.
2019-08-20 17:30:50,871 [grpc-default-executor-6] INFO  impl.RaftServerProxy (RaftServerProxy.java:addNew(89)) - 22376942-19b4-4255-bdb4-c51c782b6438: addNew group-CD7EF95B6F57:[22376942-19b4-4255-bdb4-c51c782b6438:192.168.5.168:39722] returns group-CD7EF95B6F57:java.util.concurrent.CompletableFuture@f8c344[Not completed]
2019-08-20 17:30:50,872 [pool-439-thread-1] INFO  impl.RaftServerImpl (RaftServerImpl.java:<init>(93)) - 22376942-19b4-4255-bdb4-c51c782b6438: new RaftServerImpl for group-CD7EF95B6F57:[22376942-19b4-4255-bdb4-c51c782b6438:192.168.5.168:39722] with ContainerStateMachine:uninitialized
2019-08-20 17:30:50,872 [pool-439-thread-1] INFO  server.RaftServerConfigKeys (ConfUtils.java:logGet(43)) - raft.server.rpc.timeout.min = 5s (custom)
2019-08-20 17:30:50,872 [pool-439-thread-1] INFO  server.RaftServerConfigKeys (ConfUtils.java:logGet(43)) - raft.server.rpc.timeout.max = 5200ms (custom)
2019-08-20 17:30:50,872 [pool-439-thread-1] INFO  server.RaftServerConfigKeys (ConfUtils.java:logGet(43)) - raft.server.rpcslowness.timeout = 120s (custom)
2019-08-20 17:30:50,872 [pool-439-thread-1] INFO  server.RaftServerConfigKeys (ConfUtils.java:logGet(43)) - raft.server.sleep.deviation.threshold = 300 (default)
2019-08-20 17:30:50,872 [pool-439-thread-1] INFO  server.RaftServerConfigKeys (ConfUtils.java:logGet(43)) - raft.server.log.appender.install.snapshot.enabled = false (custom)
2019-08-20 17:30:50,872 [pool-439-thread-1] INFO  impl.RaftServerImpl (ServerState.java:<init>(105)) - 22376942-19b4-4255-bdb4-c51c782b6438:group-CD7EF95B6F57 ConfigurationManager, init=-1: [22376942-19b4-4255-bdb4-c51c782b6438:192.168.5.168:39722], old=null, confs=<EMPTY_MAP>
2019-08-20 17:30:50,873 [pool-439-thread-1] INFO  server.RaftServerConfigKeys (ConfUtils.java:logGet(43)) - raft.server.storage.dir = [/workdir/hadoop-ozone/integration-test/target/test-dir/MiniOzoneClusterImpl-7c4d8f4b-6ef9-4f83-95e6-46f70b8176c5/datanode-0/data/ratis] (custom)
2019-08-20 17:30:50,873 [pool-439-thread-1] INFO  storage.RaftStorageDirectory (RaftStorageDirectory.java:analyzeStorage(246)) - The storage directory /workdir/hadoop-ozone/integration-test/target/test-dir/MiniOzoneClusterImpl-7c4d8f4b-6ef9-4f83-95e6-46f70b8176c5/datanode-0/data/ratis/70a92448-5539-417e-929c-cd7ef95b6f57 does not exist. Creating ...
2019-08-20 17:30:50,886 [pool-439-thread-1] INFO  storage.RaftStorageDirectory (RaftStorageDirectory.java:tryLock(328)) - Lock on /workdir/hadoop-ozone/integration-test/target/test-dir/MiniOzoneClusterImpl-7c4d8f4b-6ef9-4f83-95e6-46f70b8176c5/datanode-0/data/ratis/70a92448-5539-417e-929c-cd7ef95b6f57/in_use.lock acquired by nodename 29220@pr-hdds-1927-28fzr-1052167450
2019-08-20 17:30:50,899 [pool-439-thread-1] INFO  storage.RaftStorage (RaftStorage.java:format(72)) - Storage directory /workdir/hadoop-ozone/integration-test/target/test-dir/MiniOzoneClusterImpl-7c4d8f4b-6ef9-4f83-95e6-46f70b8176c5/datanode-0/data/ratis/70a92448-5539-417e-929c-cd7ef95b6f57 has been successfully formatted.
2019-08-20 17:30:50,899 [pool-439-thread-1] INFO  ratis.ContainerStateMachine (ContainerStateMachine.java:loadSnapshot(222)) - group-CD7EF95B6F57: The snapshot info is null. Setting the last applied indexto:(t:0, i:~)
2019-08-20 17:30:50,899 [pool-439-thread-1] INFO  server.RaftServerConfigKeys (ConfUtils.java:logGet(43)) - raft.server.leader.election.timeout = 120s (custom)
2019-08-20 17:30:50,899 [pool-439-thread-1] INFO  server.RaftServerConfigKeys (ConfUtils.java:logGet(43)) - raft.server.log.use.memory = false (default)
2019-08-20 17:30:50,899 [pool-439-thread-1] INFO  server.RaftServerConfigKeys (ConfUtils.java:logGet(43)) - raft.server.log.purge.gap = 1000000 (custom)
2019-08-20 17:30:50,900 [pool-439-thread-1] INFO  server.RaftServerConfigKeys (ConfUtils.java:logGet(43)) - raft.server.log.appender.buffer.byte-limit = 33554432 (custom)
2019-08-20 17:30:50,900 [pool-439-thread-1] INFO  server.RaftServerConfigKeys (ConfUtils.java:logGet(43)) - raft.server.log.segment.size.max = 1048576 (custom)
2019-08-20 17:30:50,900 [pool-439-thread-1] INFO  server.RaftServerConfigKeys (ConfUtils.java:logGet(43)) - raft.server.log.segment.cache.num.max = 2 (custom)
2019-08-20 17:30:50,900 [pool-439-thread-1] INFO  segmented.SegmentedRaftLogWorker (SegmentedRaftLogWorker.java:<init>(172)) - new 22376942-19b4-4255-bdb4-c51c782b6438-SegmentedRaftLogWorker:Storage Directory /workdir/hadoop-ozone/integration-test/target/test-dir/MiniOzoneClusterImpl-7c4d8f4b-6ef9-4f83-95e6-46f70b8176c5/datanode-0/data/ratis/70a92448-5539-417e-929c-cd7ef95b6f57 for RaftStorage:Storage Directory /workdir/hadoop-ozone/integration-test/target/test-dir/MiniOzoneClusterImpl-7c4d8f4b-6ef9-4f83-95e6-46f70b8176c5/datanode-0/data/ratis/70a92448-5539-417e-929c-cd7ef95b6f57
2019-08-20 17:30:50,900 [pool-439-thread-1] INFO  server.RaftServerConfigKeys (ConfUtils.java:logGet(43)) - raft.server.log.queue.byte-limit = 2147483647 (custom)
2019-08-20 17:30:50,900 [pool-439-thread-1] INFO  server.RaftServerConfigKeys (ConfUtils.java:logGet(43)) - raft.server.log.queue.element-limit = 1024 (custom)
2019-08-20 17:30:50,900 [pool-439-thread-1] INFO  server.RaftServerConfigKeys (ConfUtils.java:logGet(43)) - raft.server.log.segment.size.max = 1048576 (custom)
2019-08-20 17:30:50,900 [pool-439-thread-1] INFO  server.RaftServerConfigKeys (ConfUtils.java:logGet(43)) - raft.server.log.preallocated.size = 16384 (custom)
2019-08-20 17:30:50,901 [pool-439-thread-1] INFO  server.RaftServerConfigKeys (ConfUtils.java:logGet(43)) - raft.server.log.write.buffer.size = 33554432 (custom)
2019-08-20 17:30:50,901 [pool-439-thread-1] INFO  server.RaftServerConfigKeys (ConfUtils.java:logGet(43)) - raft.server.log.force.sync.num = 128 (default)
2019-08-20 17:30:50,901 [pool-439-thread-1] INFO  server.RaftServerConfigKeys (ConfUtils.java:logGet(43)) - raft.server.log.statemachine.data.sync = true (default)
2019-08-20 17:30:50,901 [pool-439-thread-1] INFO  server.RaftServerConfigKeys (ConfUtils.java:logGet(43)) - raft.server.log.statemachine.data.sync.timeout = 10s (default)
2019-08-20 17:30:50,901 [pool-439-thread-1] INFO  server.RaftServerConfigKeys (ConfUtils.java:logGet(43)) - raft.server.log.statemachine.data.sync.timeout.retry = -1 (default)
2019-08-20 17:30:50,901 [pool-439-thread-1] INFO  server.RaftServerConfigKeys (ConfUtils.java:logGet(43)) - raft.server.log.statemachine.data.caching.enabled = true (custom)
2019-08-20 17:30:50,901 [pool-439-thread-1] INFO  segmented.SegmentedRaftLogWorker (SegmentedRaftLogWorker.java:lambda$new$0(132)) - 22376942-19b4-4255-bdb4-c51c782b6438-SegmentedRaftLogWorker:Storage Directory /workdir/hadoop-ozone/integration-test/target/test-dir/MiniOzoneClusterImpl-7c4d8f4b-6ef9-4f83-95e6-46f70b8176c5/datanode-0/data/ratis/70a92448-5539-417e-929c-cd7ef95b6f57: flushIndex: setUnconditionally 0 -> -1
2019-08-20 17:30:50,902 [pool-439-thread-1] INFO  server.RaftServerConfigKeys (ConfUtils.java:logGet(43)) - raft.server.snapshot.auto.trigger.enabled = true (custom)
2019-08-20 17:30:50,902 [pool-439-thread-1] INFO  server.RaftServerConfigKeys (ConfUtils.java:logGet(43)) - raft.server.snapshot.auto.trigger.threshold = 10000 (custom)
2019-08-20 17:30:50,902 [pool-439-thread-1] INFO  server.RaftServerConfigKeys (ConfUtils.java:logGet(43)) - raft.server.retrycache.expirytime = 600000ms (custom)
2019-08-20 17:30:50,902 [pool-439-thread-1] INFO  impl.RaftServerImpl (RaftServerImpl.java:start(180)) - 22376942-19b4-4255-bdb4-c51c782b6438: start group-CD7EF95B6F57
2019-08-20 17:30:50,902 [pool-439-thread-1] INFO  impl.RaftServerImpl (RaftServerImpl.java:setRole(171)) - 22376942-19b4-4255-bdb4-c51c782b6438:group-CD7EF95B6F57 changes role from null to FOLLOWER at term 0 for startAsFollower
2019-08-20 17:30:50,902 [pool-439-thread-1] INFO  impl.RoleInfo (RoleInfo.java:updateAndGet(143)) - 22376942-19b4-4255-bdb4-c51c782b6438: start FollowerState
2019-08-20 17:30:50,903 [pool-439-thread-1] INFO  util.JmxRegister (JmxRegister.java:tryRegister(44)) - Successfully registered JMX Bean with object name Ratis:service=RaftServer,group=group-CD7EF95B6F57,id=22376942-19b4-4255-bdb4-c51c782b6438
2019-08-20 17:30:50,908 [RatisPipelineUtilsThread] INFO  pipeline.PipelineStateManager (PipelineStateManager.java:addPipeline(56)) - Created pipeline Pipeline[ Id: 70a92448-5539-417e-929c-cd7ef95b6f57, Nodes: 22376942-19b4-4255-bdb4-c51c782b6438{ip: 192.168.5.168, host: pr-hdds-1927-28fzr-1052167450, networkLocation: /default-rack, certSerialId: null}, Type:RATIS, Factor:ONE, State:OPEN]
2019-08-20 17:30:51,009 [main] INFO  ozone.MiniOzoneClusterImpl (MiniOzoneClusterImpl.java:lambda$waitForClusterToBeReady$0(142)) - Waiting for cluster to be ready. Got 1 of 7 DN Heartbeats.
2019-08-20 17:30:51,028 [IPC Server handler 1 on 39414] INFO  net.NetworkTopology (NetworkTopologyImpl.java:add(110)) - Added a new node: /default-rack/9d32e657-27b9-4d89-b8c3-3e7cbe4e0bae
2019-08-20 17:30:51,028 [IPC Server handler 1 on 39414] INFO  node.SCMNodeManager (SCMNodeManager.java:register(273)) - Registered Data node : 9d32e657-27b9-4d89-b8c3-3e7cbe4e0bae{ip: 192.168.5.168, host: pr-hdds-1927-28fzr-1052167450, networkLocation: /default-rack, certSerialId: null}
2019-08-20 17:30:51,029 | INFO  | SCMAudit | user=jenkins1000 | ip=192.168.5.168 | op=REGISTER {datanodeDetails=9d32e657-27b9-4d89-b8c3-3e7cbe4e0bae{ip: 192.168.5.168, host: pr-hdds-1927-28fzr-1052167450, networkLocation: /default-rack, certSerialId: null}} | ret=SUCCESS |  
2019-08-20 17:30:51,036 [grpc-default-executor-6] INFO  impl.RaftServerProxy (RaftServerProxy.java:addNew(89)) - 9d32e657-27b9-4d89-b8c3-3e7cbe4e0bae: addNew group-AA3788DAC708:[9d32e657-27b9-4d89-b8c3-3e7cbe4e0bae:192.168.5.168:39672] returns group-AA3788DAC708:java.util.concurrent.CompletableFuture@4b274efe[Not completed]
2019-08-20 17:30:51,037 [pool-450-thread-1] INFO  impl.RaftServerImpl (RaftServerImpl.java:<init>(93)) - 9d32e657-27b9-4d89-b8c3-3e7cbe4e0bae: new RaftServerImpl for group-AA3788DAC708:[9d32e657-27b9-4d89-b8c3-3e7cbe4e0bae:192.168.5.168:39672] with ContainerStateMachine:uninitialized
2019-08-20 17:30:51,038 [pool-450-thread-1] INFO  server.RaftServerConfigKeys (ConfUtils.java:logGet(43)) - raft.server.rpc.timeout.min = 5s (custom)
2019-08-20 17:30:51,038 [pool-450-thread-1] INFO  server.RaftServerConfigKeys (ConfUtils.java:logGet(43)) - raft.server.rpc.timeout.max = 5200ms (custom)
2019-08-20 17:30:51,038 [pool-450-thread-1] INFO  server.RaftServerConfigKeys (ConfUtils.java:logGet(43)) - raft.server.rpcslowness.timeout = 120s (custom)
2019-08-20 17:30:51,038 [pool-450-thread-1] INFO  server.RaftServerConfigKeys (ConfUtils.java:logGet(43)) - raft.server.sleep.deviation.threshold = 300 (default)
2019-08-20 17:30:51,038 [pool-450-thread-1] INFO  server.RaftServerConfigKeys (ConfUtils.java:logGet(43)) - raft.server.log.appender.install.snapshot.enabled = false (custom)
2019-08-20 17:30:51,038 [pool-450-thread-1] INFO  impl.RaftServerImpl (ServerState.java:<init>(105)) - 9d32e657-27b9-4d89-b8c3-3e7cbe4e0bae:group-AA3788DAC708 ConfigurationManager, init=-1: [9d32e657-27b9-4d89-b8c3-3e7cbe4e0bae:192.168.5.168:39672], old=null, confs=<EMPTY_MAP>
2019-08-20 17:30:51,038 [pool-450-thread-1] INFO  server.RaftServerConfigKeys (ConfUtils.java:logGet(43)) - raft.server.storage.dir = [/workdir/hadoop-ozone/integration-test/target/test-dir/MiniOzoneClusterImpl-7c4d8f4b-6ef9-4f83-95e6-46f70b8176c5/datanode-1/data/ratis] (custom)
2019-08-20 17:30:51,039 [pool-450-thread-1] INFO  storage.RaftStorageDirectory (RaftStorageDirectory.java:analyzeStorage(246)) - The storage directory /workdir/hadoop-ozone/integration-test/target/test-dir/MiniOzoneClusterImpl-7c4d8f4b-6ef9-4f83-95e6-46f70b8176c5/datanode-1/data/ratis/38ea0c17-97a9-4294-9001-aa3788dac708 does not exist. Creating ...
2019-08-20 17:30:51,052 [pool-450-thread-1] INFO  storage.RaftStorageDirectory (RaftStorageDirectory.java:tryLock(328)) - Lock on /workdir/hadoop-ozone/integration-test/target/test-dir/MiniOzoneClusterImpl-7c4d8f4b-6ef9-4f83-95e6-46f70b8176c5/datanode-1/data/ratis/38ea0c17-97a9-4294-9001-aa3788dac708/in_use.lock acquired by nodename 29220@pr-hdds-1927-28fzr-1052167450
2019-08-20 17:30:51,064 [pool-450-thread-1] INFO  storage.RaftStorage (RaftStorage.java:format(72)) - Storage directory /workdir/hadoop-ozone/integration-test/target/test-dir/MiniOzoneClusterImpl-7c4d8f4b-6ef9-4f83-95e6-46f70b8176c5/datanode-1/data/ratis/38ea0c17-97a9-4294-9001-aa3788dac708 has been successfully formatted.
2019-08-20 17:30:51,065 [pool-450-thread-1] INFO  ratis.ContainerStateMachine (ContainerStateMachine.java:loadSnapshot(222)) - group-AA3788DAC708: The snapshot info is null. Setting the last applied indexto:(t:0, i:~)
2019-08-20 17:30:51,065 [pool-450-thread-1] INFO  server.RaftServerConfigKeys (ConfUtils.java:logGet(43)) - raft.server.leader.election.timeout = 120s (custom)
2019-08-20 17:30:51,065 [pool-450-thread-1] INFO  server.RaftServerConfigKeys (ConfUtils.java:logGet(43)) - raft.server.log.use.memory = false (default)
2019-08-20 17:30:51,065 [pool-450-thread-1] INFO  server.RaftServerConfigKeys (ConfUtils.java:logGet(43)) - raft.server.log.purge.gap = 1000000 (custom)
2019-08-20 17:30:51,065 [pool-450-thread-1] INFO  server.RaftServerConfigKeys (ConfUtils.java:logGet(43)) - raft.server.log.appender.buffer.byte-limit = 33554432 (custom)
2019-08-20 17:30:51,065 [pool-450-thread-1] INFO  server.RaftServerConfigKeys (ConfUtils.java:logGet(43)) - raft.server.log.segment.size.max = 1048576 (custom)
2019-08-20 17:30:51,065 [pool-450-thread-1] INFO  server.RaftServerConfigKeys (ConfUtils.java:logGet(43)) - raft.server.log.segment.cache.num.max = 2 (custom)
2019-08-20 17:30:51,066 [pool-450-thread-1] INFO  segmented.SegmentedRaftLogWorker (SegmentedRaftLogWorker.java:<init>(172)) - new 9d32e657-27b9-4d89-b8c3-3e7cbe4e0bae-SegmentedRaftLogWorker:Storage Directory /workdir/hadoop-ozone/integration-test/target/test-dir/MiniOzoneClusterImpl-7c4d8f4b-6ef9-4f83-95e6-46f70b8176c5/datanode-1/data/ratis/38ea0c17-97a9-4294-9001-aa3788dac708 for RaftStorage:Storage Directory /workdir/hadoop-ozone/integration-test/target/test-dir/MiniOzoneClusterImpl-7c4d8f4b-6ef9-4f83-95e6-46f70b8176c5/datanode-1/data/ratis/38ea0c17-97a9-4294-9001-aa3788dac708
2019-08-20 17:30:51,066 [pool-450-thread-1] INFO  server.RaftServerConfigKeys (ConfUtils.java:logGet(43)) - raft.server.log.queue.byte-limit = 2147483647 (custom)
2019-08-20 17:30:51,066 [pool-450-thread-1] INFO  server.RaftServerConfigKeys (ConfUtils.java:logGet(43)) - raft.server.log.queue.element-limit = 1024 (custom)
2019-08-20 17:30:51,066 [pool-450-thread-1] INFO  server.RaftServerConfigKeys (ConfUtils.java:logGet(43)) - raft.server.log.segment.size.max = 1048576 (custom)
2019-08-20 17:30:51,066 [pool-450-thread-1] INFO  server.RaftServerConfigKeys (ConfUtils.java:logGet(43)) - raft.server.log.preallocated.size = 16384 (custom)
2019-08-20 17:30:51,066 [pool-450-thread-1] INFO  server.RaftServerConfigKeys (ConfUtils.java:logGet(43)) - raft.server.log.write.buffer.size = 33554432 (custom)
2019-08-20 17:30:51,066 [pool-450-thread-1] INFO  server.RaftServerConfigKeys (ConfUtils.java:logGet(43)) - raft.server.log.force.sync.num = 128 (default)
2019-08-20 17:30:51,066 [pool-450-thread-1] INFO  server.RaftServerConfigKeys (ConfUtils.java:logGet(43)) - raft.server.log.statemachine.data.sync = true (default)
2019-08-20 17:30:51,067 [pool-450-thread-1] INFO  server.RaftServerConfigKeys (ConfUtils.java:logGet(43)) - raft.server.log.statemachine.data.sync.timeout = 10s (default)
2019-08-20 17:30:51,067 [pool-450-thread-1] INFO  server.RaftServerConfigKeys (ConfUtils.java:logGet(43)) - raft.server.log.statemachine.data.sync.timeout.retry = -1 (default)
2019-08-20 17:30:51,067 [pool-450-thread-1] INFO  server.RaftServerConfigKeys (ConfUtils.java:logGet(43)) - raft.server.log.statemachine.data.caching.enabled = true (custom)
2019-08-20 17:30:51,067 [pool-450-thread-1] INFO  segmented.SegmentedRaftLogWorker (SegmentedRaftLogWorker.java:lambda$new$0(132)) - 9d32e657-27b9-4d89-b8c3-3e7cbe4e0bae-SegmentedRaftLogWorker:Storage Directory /workdir/hadoop-ozone/integration-test/target/test-dir/MiniOzoneClusterImpl-7c4d8f4b-6ef9-4f83-95e6-46f70b8176c5/datanode-1/data/ratis/38ea0c17-97a9-4294-9001-aa3788dac708: flushIndex: setUnconditionally 0 -> -1
2019-08-20 17:30:51,067 [pool-450-thread-1] INFO  server.RaftServerConfigKeys (ConfUtils.java:logGet(43)) - raft.server.snapshot.auto.trigger.enabled = true (custom)
2019-08-20 17:30:51,068 [pool-450-thread-1] INFO  server.RaftServerConfigKeys (ConfUtils.java:logGet(43)) - raft.server.snapshot.auto.trigger.threshold = 10000 (custom)
2019-08-20 17:30:51,068 [pool-450-thread-1] INFO  server.RaftServerConfigKeys (ConfUtils.java:logGet(43)) - raft.server.retrycache.expirytime = 600000ms (custom)
2019-08-20 17:30:51,068 [pool-450-thread-1] INFO  impl.RaftServerImpl (RaftServerImpl.java:start(180)) - 9d32e657-27b9-4d89-b8c3-3e7cbe4e0bae: start group-AA3788DAC708
2019-08-20 17:30:51,068 [pool-450-thread-1] INFO  impl.RaftServerImpl (RaftServerImpl.java:setRole(171)) - 9d32e657-27b9-4d89-b8c3-3e7cbe4e0bae:group-AA3788DAC708 changes role from null to FOLLOWER at term 0 for startAsFollower
2019-08-20 17:30:51,068 [pool-450-thread-1] INFO  impl.RoleInfo (RoleInfo.java:updateAndGet(143)) - 9d32e657-27b9-4d89-b8c3-3e7cbe4e0bae: start FollowerState
2019-08-20 17:30:51,068 [pool-450-thread-1] INFO  util.JmxRegister (JmxRegister.java:tryRegister(44)) - Successfully registered JMX Bean with object name Ratis:service=RaftServer,group=group-AA3788DAC708,id=9d32e657-27b9-4d89-b8c3-3e7cbe4e0bae
2019-08-20 17:30:51,074 [RatisPipelineUtilsThread] INFO  pipeline.PipelineStateManager (PipelineStateManager.java:addPipeline(56)) - Created pipeline Pipeline[ Id: 38ea0c17-97a9-4294-9001-aa3788dac708, Nodes: 9d32e657-27b9-4d89-b8c3-3e7cbe4e0bae{ip: 192.168.5.168, host: pr-hdds-1927-28fzr-1052167450, networkLocation: /default-rack, certSerialId: null}, Type:RATIS, Factor:ONE, State:OPEN]
2019-08-20 17:30:51,216 [IPC Server handler 2 on 39414] INFO  net.NetworkTopology (NetworkTopologyImpl.java:add(110)) - Added a new node: /default-rack/868c4038-48e0-4158-9c2b-9080e3500686
2019-08-20 17:30:51,216 [IPC Server handler 2 on 39414] INFO  node.SCMNodeManager (SCMNodeManager.java:register(273)) - Registered Data node : 868c4038-48e0-4158-9c2b-9080e3500686{ip: 192.168.5.168, host: pr-hdds-1927-28fzr-1052167450, networkLocation: /default-rack, certSerialId: null}
2019-08-20 17:30:51,220 | INFO  | SCMAudit | user=jenkins1000 | ip=192.168.5.168 | op=REGISTER {datanodeDetails=868c4038-48e0-4158-9c2b-9080e3500686{ip: 192.168.5.168, host: pr-hdds-1927-28fzr-1052167450, networkLocation: /default-rack, certSerialId: null}} | ret=SUCCESS |  
2019-08-20 17:30:51,231 [grpc-default-executor-6] INFO  impl.RaftServerProxy (RaftServerProxy.java:addNew(89)) - 868c4038-48e0-4158-9c2b-9080e3500686: addNew group-B50590AFBF29:[868c4038-48e0-4158-9c2b-9080e3500686:192.168.5.168:33920] returns group-B50590AFBF29:java.util.concurrent.CompletableFuture@786c8e6a[Not completed]
2019-08-20 17:30:51,232 [pool-461-thread-1] INFO  impl.RaftServerImpl (RaftServerImpl.java:<init>(93)) - 868c4038-48e0-4158-9c2b-9080e3500686: new RaftServerImpl for group-B50590AFBF29:[868c4038-48e0-4158-9c2b-9080e3500686:192.168.5.168:33920] with ContainerStateMachine:uninitialized
2019-08-20 17:30:51,232 [pool-461-thread-1] INFO  server.RaftServerConfigKeys (ConfUtils.java:logGet(43)) - raft.server.rpc.timeout.min = 5s (custom)
2019-08-20 17:30:51,233 [pool-461-thread-1] INFO  server.RaftServerConfigKeys (ConfUtils.java:logGet(43)) - raft.server.rpc.timeout.max = 5200ms (custom)
2019-08-20 17:30:51,233 [pool-461-thread-1] INFO  server.RaftServerConfigKeys (ConfUtils.java:logGet(43)) - raft.server.rpcslowness.timeout = 120s (custom)
2019-08-20 17:30:51,233 [pool-461-thread-1] INFO  server.RaftServerConfigKeys (ConfUtils.java:logGet(43)) - raft.server.sleep.deviation.threshold = 300 (default)
2019-08-20 17:30:51,233 [pool-461-thread-1] INFO  server.RaftServerConfigKeys (ConfUtils.java:logGet(43)) - raft.server.log.appender.install.snapshot.enabled = false (custom)
2019-08-20 17:30:51,233 [pool-461-thread-1] INFO  impl.RaftServerImpl (ServerState.java:<init>(105)) - 868c4038-48e0-4158-9c2b-9080e3500686:group-B50590AFBF29 ConfigurationManager, init=-1: [868c4038-48e0-4158-9c2b-9080e3500686:192.168.5.168:33920], old=null, confs=<EMPTY_MAP>
2019-08-20 17:30:51,233 [pool-461-thread-1] INFO  server.RaftServerConfigKeys (ConfUtils.java:logGet(43)) - raft.server.storage.dir = [/workdir/hadoop-ozone/integration-test/target/test-dir/MiniOzoneClusterImpl-7c4d8f4b-6ef9-4f83-95e6-46f70b8176c5/datanode-2/data/ratis] (custom)
2019-08-20 17:30:51,234 [pool-461-thread-1] INFO  storage.RaftStorageDirectory (RaftStorageDirectory.java:analyzeStorage(246)) - The storage directory /workdir/hadoop-ozone/integration-test/target/test-dir/MiniOzoneClusterImpl-7c4d8f4b-6ef9-4f83-95e6-46f70b8176c5/datanode-2/data/ratis/b46b4cac-d79a-46c1-b6b1-b50590afbf29 does not exist. Creating ...
2019-08-20 17:30:51,247 [pool-461-thread-1] INFO  storage.RaftStorageDirectory (RaftStorageDirectory.java:tryLock(328)) - Lock on /workdir/hadoop-ozone/integration-test/target/test-dir/MiniOzoneClusterImpl-7c4d8f4b-6ef9-4f83-95e6-46f70b8176c5/datanode-2/data/ratis/b46b4cac-d79a-46c1-b6b1-b50590afbf29/in_use.lock acquired by nodename 29220@pr-hdds-1927-28fzr-1052167450
2019-08-20 17:30:51,259 [pool-461-thread-1] INFO  storage.RaftStorage (RaftStorage.java:format(72)) - Storage directory /workdir/hadoop-ozone/integration-test/target/test-dir/MiniOzoneClusterImpl-7c4d8f4b-6ef9-4f83-95e6-46f70b8176c5/datanode-2/data/ratis/b46b4cac-d79a-46c1-b6b1-b50590afbf29 has been successfully formatted.
2019-08-20 17:30:51,260 [pool-461-thread-1] INFO  ratis.ContainerStateMachine (ContainerStateMachine.java:loadSnapshot(222)) - group-B50590AFBF29: The snapshot info is null. Setting the last applied indexto:(t:0, i:~)
2019-08-20 17:30:51,260 [pool-461-thread-1] INFO  server.RaftServerConfigKeys (ConfUtils.java:logGet(43)) - raft.server.leader.election.timeout = 120s (custom)
2019-08-20 17:30:51,260 [pool-461-thread-1] INFO  server.RaftServerConfigKeys (ConfUtils.java:logGet(43)) - raft.server.log.use.memory = false (default)
2019-08-20 17:30:51,260 [pool-461-thread-1] INFO  server.RaftServerConfigKeys (ConfUtils.java:logGet(43)) - raft.server.log.purge.gap = 1000000 (custom)
2019-08-20 17:30:51,260 [pool-461-thread-1] INFO  server.RaftServerConfigKeys (ConfUtils.java:logGet(43)) - raft.server.log.appender.buffer.byte-limit = 33554432 (custom)
2019-08-20 17:30:51,260 [pool-461-thread-1] INFO  server.RaftServerConfigKeys (ConfUtils.java:logGet(43)) - raft.server.log.segment.size.max = 1048576 (custom)
2019-08-20 17:30:51,260 [pool-461-thread-1] INFO  server.RaftServerConfigKeys (ConfUtils.java:logGet(43)) - raft.server.log.segment.cache.num.max = 2 (custom)
2019-08-20 17:30:51,260 [pool-461-thread-1] INFO  segmented.SegmentedRaftLogWorker (SegmentedRaftLogWorker.java:<init>(172)) - new 868c4038-48e0-4158-9c2b-9080e3500686-SegmentedRaftLogWorker:Storage Directory /workdir/hadoop-ozone/integration-test/target/test-dir/MiniOzoneClusterImpl-7c4d8f4b-6ef9-4f83-95e6-46f70b8176c5/datanode-2/data/ratis/b46b4cac-d79a-46c1-b6b1-b50590afbf29 for RaftStorage:Storage Directory /workdir/hadoop-ozone/integration-test/target/test-dir/MiniOzoneClusterImpl-7c4d8f4b-6ef9-4f83-95e6-46f70b8176c5/datanode-2/data/ratis/b46b4cac-d79a-46c1-b6b1-b50590afbf29
2019-08-20 17:30:51,261 [pool-461-thread-1] INFO  server.RaftServerConfigKeys (ConfUtils.java:logGet(43)) - raft.server.log.queue.byte-limit = 2147483647 (custom)
2019-08-20 17:30:51,261 [pool-461-thread-1] INFO  server.RaftServerConfigKeys (ConfUtils.java:logGet(43)) - raft.server.log.queue.element-limit = 1024 (custom)
2019-08-20 17:30:51,261 [pool-461-thread-1] INFO  server.RaftServerConfigKeys (ConfUtils.java:logGet(43)) - raft.server.log.segment.size.max = 1048576 (custom)
2019-08-20 17:30:51,261 [pool-461-thread-1] INFO  server.RaftServerConfigKeys (ConfUtils.java:logGet(43)) - raft.server.log.preallocated.size = 16384 (custom)
2019-08-20 17:30:51,261 [pool-461-thread-1] INFO  server.RaftServerConfigKeys (ConfUtils.java:logGet(43)) - raft.server.log.write.buffer.size = 33554432 (custom)
2019-08-20 17:30:51,261 [pool-461-thread-1] INFO  server.RaftServerConfigKeys (ConfUtils.java:logGet(43)) - raft.server.log.force.sync.num = 128 (default)
2019-08-20 17:30:51,262 [pool-461-thread-1] INFO  server.RaftServerConfigKeys (ConfUtils.java:logGet(43)) - raft.server.log.statemachine.data.sync = true (default)
2019-08-20 17:30:51,262 [pool-461-thread-1] INFO  server.RaftServerConfigKeys (ConfUtils.java:logGet(43)) - raft.server.log.statemachine.data.sync.timeout = 10s (default)
2019-08-20 17:30:51,262 [pool-461-thread-1] INFO  server.RaftServerConfigKeys (ConfUtils.java:logGet(43)) - raft.server.log.statemachine.data.sync.timeout.retry = -1 (default)
2019-08-20 17:30:51,262 [pool-461-thread-1] INFO  server.RaftServerConfigKeys (ConfUtils.java:logGet(43)) - raft.server.log.statemachine.data.caching.enabled = true (custom)
2019-08-20 17:30:51,262 [pool-461-thread-1] INFO  segmented.SegmentedRaftLogWorker (SegmentedRaftLogWorker.java:lambda$new$0(132)) - 868c4038-48e0-4158-9c2b-9080e3500686-SegmentedRaftLogWorker:Storage Directory /workdir/hadoop-ozone/integration-test/target/test-dir/MiniOzoneClusterImpl-7c4d8f4b-6ef9-4f83-95e6-46f70b8176c5/datanode-2/data/ratis/b46b4cac-d79a-46c1-b6b1-b50590afbf29: flushIndex: setUnconditionally 0 -> -1
2019-08-20 17:30:51,263 [pool-461-thread-1] INFO  server.RaftServerConfigKeys (ConfUtils.java:logGet(43)) - raft.server.snapshot.auto.trigger.enabled = true (custom)
2019-08-20 17:30:51,263 [pool-461-thread-1] INFO  server.RaftServerConfigKeys (ConfUtils.java:logGet(43)) - raft.server.snapshot.auto.trigger.threshold = 10000 (custom)
2019-08-20 17:30:51,263 [pool-461-thread-1] INFO  server.RaftServerConfigKeys (ConfUtils.java:logGet(43)) - raft.server.retrycache.expirytime = 600000ms (custom)
2019-08-20 17:30:51,263 [pool-461-thread-1] INFO  impl.RaftServerImpl (RaftServerImpl.java:start(180)) - 868c4038-48e0-4158-9c2b-9080e3500686: start group-B50590AFBF29
2019-08-20 17:30:51,263 [pool-461-thread-1] INFO  impl.RaftServerImpl (RaftServerImpl.java:setRole(171)) - 868c4038-48e0-4158-9c2b-9080e3500686:group-B50590AFBF29 changes role from null to FOLLOWER at term 0 for startAsFollower
2019-08-20 17:30:51,264 [pool-461-thread-1] INFO  impl.RoleInfo (RoleInfo.java:updateAndGet(143)) - 868c4038-48e0-4158-9c2b-9080e3500686: start FollowerState
2019-08-20 17:30:51,264 [pool-461-thread-1] INFO  util.JmxRegister (JmxRegister.java:tryRegister(44)) - Successfully registered JMX Bean with object name Ratis:service=RaftServer,group=group-B50590AFBF29,id=868c4038-48e0-4158-9c2b-9080e3500686
2019-08-20 17:30:51,269 [RatisPipelineUtilsThread] INFO  pipeline.PipelineStateManager (PipelineStateManager.java:addPipeline(56)) - Created pipeline Pipeline[ Id: b46b4cac-d79a-46c1-b6b1-b50590afbf29, Nodes: 868c4038-48e0-4158-9c2b-9080e3500686{ip: 192.168.5.168, host: pr-hdds-1927-28fzr-1052167450, networkLocation: /default-rack, certSerialId: null}, Type:RATIS, Factor:ONE, State:OPEN]
2019-08-20 17:30:51,276 [grpc-default-executor-0] INFO  impl.RaftServerProxy (RaftServerProxy.java:addNew(89)) - 868c4038-48e0-4158-9c2b-9080e3500686: addNew group-965AF072D4A4:[868c4038-48e0-4158-9c2b-9080e3500686:192.168.5.168:33920, 9d32e657-27b9-4d89-b8c3-3e7cbe4e0bae:192.168.5.168:39672, 22376942-19b4-4255-bdb4-c51c782b6438:192.168.5.168:39722] returns group-965AF072D4A4:java.util.concurrent.CompletableFuture@364b1f98[Not completed]
2019-08-20 17:30:51,276 [grpc-default-executor-6] INFO  impl.RaftServerProxy (RaftServerProxy.java:addNew(89)) - 22376942-19b4-4255-bdb4-c51c782b6438: addNew group-965AF072D4A4:[868c4038-48e0-4158-9c2b-9080e3500686:192.168.5.168:33920, 9d32e657-27b9-4d89-b8c3-3e7cbe4e0bae:192.168.5.168:39672, 22376942-19b4-4255-bdb4-c51c782b6438:192.168.5.168:39722] returns group-965AF072D4A4:java.util.concurrent.CompletableFuture@1ee8729d[Not completed]
2019-08-20 17:30:51,276 [grpc-default-executor-4] INFO  impl.RaftServerProxy (RaftServerProxy.java:addNew(89)) - 9d32e657-27b9-4d89-b8c3-3e7cbe4e0bae: addNew group-965AF072D4A4:[868c4038-48e0-4158-9c2b-9080e3500686:192.168.5.168:33920, 9d32e657-27b9-4d89-b8c3-3e7cbe4e0bae:192.168.5.168:39672, 22376942-19b4-4255-bdb4-c51c782b6438:192.168.5.168:39722] returns group-965AF072D4A4:java.util.concurrent.CompletableFuture@258e1d9d[Not completed]
2019-08-20 17:30:51,277 [pool-450-thread-1] INFO  impl.RaftServerImpl (RaftServerImpl.java:<init>(93)) - 9d32e657-27b9-4d89-b8c3-3e7cbe4e0bae: new RaftServerImpl for group-965AF072D4A4:[868c4038-48e0-4158-9c2b-9080e3500686:192.168.5.168:33920, 9d32e657-27b9-4d89-b8c3-3e7cbe4e0bae:192.168.5.168:39672, 22376942-19b4-4255-bdb4-c51c782b6438:192.168.5.168:39722] with ContainerStateMachine:uninitialized
2019-08-20 17:30:51,277 [pool-450-thread-1] INFO  server.RaftServerConfigKeys (ConfUtils.java:logGet(43)) - raft.server.rpc.timeout.min = 5s (custom)
2019-08-20 17:30:51,277 [pool-461-thread-1] INFO  impl.RaftServerImpl (RaftServerImpl.java:<init>(93)) - 868c4038-48e0-4158-9c2b-9080e3500686: new RaftServerImpl for group-965AF072D4A4:[868c4038-48e0-4158-9c2b-9080e3500686:192.168.5.168:33920, 9d32e657-27b9-4d89-b8c3-3e7cbe4e0bae:192.168.5.168:39672, 22376942-19b4-4255-bdb4-c51c782b6438:192.168.5.168:39722] with ContainerStateMachine:uninitialized
2019-08-20 17:30:51,277 [pool-450-thread-1] INFO  server.RaftServerConfigKeys (ConfUtils.java:logGet(43)) - raft.server.rpc.timeout.max = 5200ms (custom)
2019-08-20 17:30:51,277 [pool-461-thread-1] INFO  server.RaftServerConfigKeys (ConfUtils.java:logGet(43)) - raft.server.rpc.timeout.min = 5s (custom)
2019-08-20 17:30:51,277 [pool-450-thread-1] INFO  server.RaftServerConfigKeys (ConfUtils.java:logGet(43)) - raft.server.rpcslowness.timeout = 120s (custom)
2019-08-20 17:30:51,277 [pool-461-thread-1] INFO  server.RaftServerConfigKeys (ConfUtils.java:logGet(43)) - raft.server.rpc.timeout.max = 5200ms (custom)
2019-08-20 17:30:51,278 [pool-439-thread-1] INFO  impl.RaftServerImpl (RaftServerImpl.java:<init>(93)) - 22376942-19b4-4255-bdb4-c51c782b6438: new RaftServerImpl for group-965AF072D4A4:[868c4038-48e0-4158-9c2b-9080e3500686:192.168.5.168:33920, 9d32e657-27b9-4d89-b8c3-3e7cbe4e0bae:192.168.5.168:39672, 22376942-19b4-4255-bdb4-c51c782b6438:192.168.5.168:39722] with ContainerStateMachine:uninitialized
2019-08-20 17:30:51,278 [pool-450-thread-1] INFO  server.RaftServerConfigKeys (ConfUtils.java:logGet(43)) - raft.server.sleep.deviation.threshold = 300 (default)
2019-08-20 17:30:51,278 [pool-439-thread-1] INFO  server.RaftServerConfigKeys (ConfUtils.java:logGet(43)) - raft.server.rpc.timeout.min = 5s (custom)
2019-08-20 17:30:51,278 [pool-461-thread-1] INFO  server.RaftServerConfigKeys (ConfUtils.java:logGet(43)) - raft.server.rpcslowness.timeout = 120s (custom)
2019-08-20 17:30:51,278 [pool-439-thread-1] INFO  server.RaftServerConfigKeys (ConfUtils.java:logGet(43)) - raft.server.rpc.timeout.max = 5200ms (custom)
2019-08-20 17:30:51,278 [pool-450-thread-1] INFO  server.RaftServerConfigKeys (ConfUtils.java:logGet(43)) - raft.server.log.appender.install.snapshot.enabled = false (custom)
2019-08-20 17:30:51,278 [pool-439-thread-1] INFO  server.RaftServerConfigKeys (ConfUtils.java:logGet(43)) - raft.server.rpcslowness.timeout = 120s (custom)
2019-08-20 17:30:51,278 [pool-461-thread-1] INFO  server.RaftServerConfigKeys (ConfUtils.java:logGet(43)) - raft.server.sleep.deviation.threshold = 300 (default)
2019-08-20 17:30:51,278 [pool-439-thread-1] INFO  server.RaftServerConfigKeys (ConfUtils.java:logGet(43)) - raft.server.sleep.deviation.threshold = 300 (default)
2019-08-20 17:30:51,278 [pool-450-thread-1] INFO  impl.RaftServerImpl (ServerState.java:<init>(105)) - 9d32e657-27b9-4d89-b8c3-3e7cbe4e0bae:group-965AF072D4A4 ConfigurationManager, init=-1: [868c4038-48e0-4158-9c2b-9080e3500686:192.168.5.168:33920, 9d32e657-27b9-4d89-b8c3-3e7cbe4e0bae:192.168.5.168:39672, 22376942-19b4-4255-bdb4-c51c782b6438:192.168.5.168:39722], old=null, confs=<EMPTY_MAP>
2019-08-20 17:30:51,279 [pool-439-thread-1] INFO  server.RaftServerConfigKeys (ConfUtils.java:logGet(43)) - raft.server.log.appender.install.snapshot.enabled = false (custom)
2019-08-20 17:30:51,279 [pool-461-thread-1] INFO  server.RaftServerConfigKeys (ConfUtils.java:logGet(43)) - raft.server.log.appender.install.snapshot.enabled = false (custom)
2019-08-20 17:30:51,279 [pool-439-thread-1] INFO  impl.RaftServerImpl (ServerState.java:<init>(105)) - 22376942-19b4-4255-bdb4-c51c782b6438:group-965AF072D4A4 ConfigurationManager, init=-1: [868c4038-48e0-4158-9c2b-9080e3500686:192.168.5.168:33920, 9d32e657-27b9-4d89-b8c3-3e7cbe4e0bae:192.168.5.168:39672, 22376942-19b4-4255-bdb4-c51c782b6438:192.168.5.168:39722], old=null, confs=<EMPTY_MAP>
2019-08-20 17:30:51,279 [pool-450-thread-1] INFO  server.RaftServerConfigKeys (ConfUtils.java:logGet(43)) - raft.server.storage.dir = [/workdir/hadoop-ozone/integration-test/target/test-dir/MiniOzoneClusterImpl-7c4d8f4b-6ef9-4f83-95e6-46f70b8176c5/datanode-1/data/ratis] (custom)
2019-08-20 17:30:51,279 [pool-439-thread-1] INFO  server.RaftServerConfigKeys (ConfUtils.java:logGet(43)) - raft.server.storage.dir = [/workdir/hadoop-ozone/integration-test/target/test-dir/MiniOzoneClusterImpl-7c4d8f4b-6ef9-4f83-95e6-46f70b8176c5/datanode-0/data/ratis] (custom)
2019-08-20 17:30:51,279 [pool-461-thread-1] INFO  impl.RaftServerImpl (ServerState.java:<init>(105)) - 868c4038-48e0-4158-9c2b-9080e3500686:group-965AF072D4A4 ConfigurationManager, init=-1: [868c4038-48e0-4158-9c2b-9080e3500686:192.168.5.168:33920, 9d32e657-27b9-4d89-b8c3-3e7cbe4e0bae:192.168.5.168:39672, 22376942-19b4-4255-bdb4-c51c782b6438:192.168.5.168:39722], old=null, confs=<EMPTY_MAP>
2019-08-20 17:30:51,279 [pool-461-thread-1] INFO  server.RaftServerConfigKeys (ConfUtils.java:logGet(43)) - raft.server.storage.dir = [/workdir/hadoop-ozone/integration-test/target/test-dir/MiniOzoneClusterImpl-7c4d8f4b-6ef9-4f83-95e6-46f70b8176c5/datanode-2/data/ratis] (custom)
2019-08-20 17:30:51,279 [pool-439-thread-1] INFO  storage.RaftStorageDirectory (RaftStorageDirectory.java:analyzeStorage(246)) - The storage directory /workdir/hadoop-ozone/integration-test/target/test-dir/MiniOzoneClusterImpl-7c4d8f4b-6ef9-4f83-95e6-46f70b8176c5/datanode-0/data/ratis/9851c3d2-2219-4d9e-8426-965af072d4a4 does not exist. Creating ...
2019-08-20 17:30:51,279 [pool-450-thread-1] INFO  storage.RaftStorageDirectory (RaftStorageDirectory.java:analyzeStorage(246)) - The storage directory /workdir/hadoop-ozone/integration-test/target/test-dir/MiniOzoneClusterImpl-7c4d8f4b-6ef9-4f83-95e6-46f70b8176c5/datanode-1/data/ratis/9851c3d2-2219-4d9e-8426-965af072d4a4 does not exist. Creating ...
2019-08-20 17:30:51,280 [pool-461-thread-1] INFO  storage.RaftStorageDirectory (RaftStorageDirectory.java:analyzeStorage(246)) - The storage directory /workdir/hadoop-ozone/integration-test/target/test-dir/MiniOzoneClusterImpl-7c4d8f4b-6ef9-4f83-95e6-46f70b8176c5/datanode-2/data/ratis/9851c3d2-2219-4d9e-8426-965af072d4a4 does not exist. Creating ...
2019-08-20 17:30:51,292 [pool-461-thread-1] INFO  storage.RaftStorageDirectory (RaftStorageDirectory.java:tryLock(328)) - Lock on /workdir/hadoop-ozone/integration-test/target/test-dir/MiniOzoneClusterImpl-7c4d8f4b-6ef9-4f83-95e6-46f70b8176c5/datanode-2/data/ratis/9851c3d2-2219-4d9e-8426-965af072d4a4/in_use.lock acquired by nodename 29220@pr-hdds-1927-28fzr-1052167450
2019-08-20 17:30:51,293 [pool-439-thread-1] INFO  storage.RaftStorageDirectory (RaftStorageDirectory.java:tryLock(328)) - Lock on /workdir/hadoop-ozone/integration-test/target/test-dir/MiniOzoneClusterImpl-7c4d8f4b-6ef9-4f83-95e6-46f70b8176c5/datanode-0/data/ratis/9851c3d2-2219-4d9e-8426-965af072d4a4/in_use.lock acquired by nodename 29220@pr-hdds-1927-28fzr-1052167450
2019-08-20 17:30:51,293 [pool-450-thread-1] INFO  storage.RaftStorageDirectory (RaftStorageDirectory.java:tryLock(328)) - Lock on /workdir/hadoop-ozone/integration-test/target/test-dir/MiniOzoneClusterImpl-7c4d8f4b-6ef9-4f83-95e6-46f70b8176c5/datanode-1/data/ratis/9851c3d2-2219-4d9e-8426-965af072d4a4/in_use.lock acquired by nodename 29220@pr-hdds-1927-28fzr-1052167450
2019-08-20 17:30:51,317 [pool-461-thread-1] INFO  storage.RaftStorage (RaftStorage.java:format(72)) - Storage directory /workdir/hadoop-ozone/integration-test/target/test-dir/MiniOzoneClusterImpl-7c4d8f4b-6ef9-4f83-95e6-46f70b8176c5/datanode-2/data/ratis/9851c3d2-2219-4d9e-8426-965af072d4a4 has been successfully formatted.
2019-08-20 17:30:51,317 [pool-439-thread-1] INFO  storage.RaftStorage (RaftStorage.java:format(72)) - Storage directory /workdir/hadoop-ozone/integration-test/target/test-dir/MiniOzoneClusterImpl-7c4d8f4b-6ef9-4f83-95e6-46f70b8176c5/datanode-0/data/ratis/9851c3d2-2219-4d9e-8426-965af072d4a4 has been successfully formatted.
2019-08-20 17:30:51,317 [pool-450-thread-1] INFO  storage.RaftStorage (RaftStorage.java:format(72)) - Storage directory /workdir/hadoop-ozone/integration-test/target/test-dir/MiniOzoneClusterImpl-7c4d8f4b-6ef9-4f83-95e6-46f70b8176c5/datanode-1/data/ratis/9851c3d2-2219-4d9e-8426-965af072d4a4 has been successfully formatted.
2019-08-20 17:30:51,318 [pool-439-thread-1] INFO  ratis.ContainerStateMachine (ContainerStateMachine.java:loadSnapshot(222)) - group-965AF072D4A4: The snapshot info is null. Setting the last applied indexto:(t:0, i:~)
2019-08-20 17:30:51,318 [pool-461-thread-1] INFO  ratis.ContainerStateMachine (ContainerStateMachine.java:loadSnapshot(222)) - group-965AF072D4A4: The snapshot info is null. Setting the last applied indexto:(t:0, i:~)
2019-08-20 17:30:51,318 [pool-439-thread-1] INFO  server.RaftServerConfigKeys (ConfUtils.java:logGet(43)) - raft.server.leader.election.timeout = 120s (custom)
2019-08-20 17:30:51,318 [pool-450-thread-1] INFO  ratis.ContainerStateMachine (ContainerStateMachine.java:loadSnapshot(222)) - group-965AF072D4A4: The snapshot info is null. Setting the last applied indexto:(t:0, i:~)
2019-08-20 17:30:51,318 [pool-439-thread-1] INFO  server.RaftServerConfigKeys (ConfUtils.java:logGet(43)) - raft.server.log.use.memory = false (default)
2019-08-20 17:30:51,318 [pool-461-thread-1] INFO  server.RaftServerConfigKeys (ConfUtils.java:logGet(43)) - raft.server.leader.election.timeout = 120s (custom)
2019-08-20 17:30:51,319 [pool-439-thread-1] INFO  server.RaftServerConfigKeys (ConfUtils.java:logGet(43)) - raft.server.log.purge.gap = 1000000 (custom)
2019-08-20 17:30:51,318 [pool-450-thread-1] INFO  server.RaftServerConfigKeys (ConfUtils.java:logGet(43)) - raft.server.leader.election.timeout = 120s (custom)
2019-08-20 17:30:51,319 [pool-439-thread-1] INFO  server.RaftServerConfigKeys (ConfUtils.java:logGet(43)) - raft.server.log.appender.buffer.byte-limit = 33554432 (custom)
2019-08-20 17:30:51,319 [pool-461-thread-1] INFO  server.RaftServerConfigKeys (ConfUtils.java:logGet(43)) - raft.server.log.use.memory = false (default)
2019-08-20 17:30:51,319 [pool-439-thread-1] INFO  server.RaftServerConfigKeys (ConfUtils.java:logGet(43)) - raft.server.log.segment.size.max = 1048576 (custom)
2019-08-20 17:30:51,319 [pool-450-thread-1] INFO  server.RaftServerConfigKeys (ConfUtils.java:logGet(43)) - raft.server.log.use.memory = false (default)
2019-08-20 17:30:51,319 [pool-439-thread-1] INFO  server.RaftServerConfigKeys (ConfUtils.java:logGet(43)) - raft.server.log.segment.cache.num.max = 2 (custom)
2019-08-20 17:30:51,319 [pool-461-thread-1] INFO  server.RaftServerConfigKeys (ConfUtils.java:logGet(43)) - raft.server.log.purge.gap = 1000000 (custom)
2019-08-20 17:30:51,320 [pool-439-thread-1] INFO  segmented.SegmentedRaftLogWorker (SegmentedRaftLogWorker.java:<init>(172)) - new 22376942-19b4-4255-bdb4-c51c782b6438-SegmentedRaftLogWorker:Storage Directory /workdir/hadoop-ozone/integration-test/target/test-dir/MiniOzoneClusterImpl-7c4d8f4b-6ef9-4f83-95e6-46f70b8176c5/datanode-0/data/ratis/9851c3d2-2219-4d9e-8426-965af072d4a4 for RaftStorage:Storage Directory /workdir/hadoop-ozone/integration-test/target/test-dir/MiniOzoneClusterImpl-7c4d8f4b-6ef9-4f83-95e6-46f70b8176c5/datanode-0/data/ratis/9851c3d2-2219-4d9e-8426-965af072d4a4
2019-08-20 17:30:51,319 [pool-450-thread-1] INFO  server.RaftServerConfigKeys (ConfUtils.java:logGet(43)) - raft.server.log.purge.gap = 1000000 (custom)
2019-08-20 17:30:51,320 [pool-439-thread-1] INFO  server.RaftServerConfigKeys (ConfUtils.java:logGet(43)) - raft.server.log.queue.byte-limit = 2147483647 (custom)
2019-08-20 17:30:51,320 [pool-461-thread-1] INFO  server.RaftServerConfigKeys (ConfUtils.java:logGet(43)) - raft.server.log.appender.buffer.byte-limit = 33554432 (custom)
2019-08-20 17:30:51,320 [pool-439-thread-1] INFO  server.RaftServerConfigKeys (ConfUtils.java:logGet(43)) - raft.server.log.queue.element-limit = 1024 (custom)
2019-08-20 17:30:51,320 [pool-450-thread-1] INFO  server.RaftServerConfigKeys (ConfUtils.java:logGet(43)) - raft.server.log.appender.buffer.byte-limit = 33554432 (custom)
2019-08-20 17:30:51,320 [pool-439-thread-1] INFO  server.RaftServerConfigKeys (ConfUtils.java:logGet(43)) - raft.server.log.segment.size.max = 1048576 (custom)
2019-08-20 17:30:51,320 [pool-461-thread-1] INFO  server.RaftServerConfigKeys (ConfUtils.java:logGet(43)) - raft.server.log.segment.size.max = 1048576 (custom)
2019-08-20 17:30:51,321 [pool-439-thread-1] INFO  server.RaftServerConfigKeys (ConfUtils.java:logGet(43)) - raft.server.log.preallocated.size = 16384 (custom)
2019-08-20 17:30:51,320 [pool-450-thread-1] INFO  server.RaftServerConfigKeys (ConfUtils.java:logGet(43)) - raft.server.log.segment.size.max = 1048576 (custom)
2019-08-20 17:30:51,321 [pool-439-thread-1] INFO  server.RaftServerConfigKeys (ConfUtils.java:logGet(43)) - raft.server.log.write.buffer.size = 33554432 (custom)
2019-08-20 17:30:51,321 [pool-461-thread-1] INFO  server.RaftServerConfigKeys (ConfUtils.java:logGet(43)) - raft.server.log.segment.cache.num.max = 2 (custom)
2019-08-20 17:30:51,321 [pool-439-thread-1] INFO  server.RaftServerConfigKeys (ConfUtils.java:logGet(43)) - raft.server.log.force.sync.num = 128 (default)
2019-08-20 17:30:51,321 [pool-450-thread-1] INFO  server.RaftServerConfigKeys (ConfUtils.java:logGet(43)) - raft.server.log.segment.cache.num.max = 2 (custom)
2019-08-20 17:30:51,321 [pool-439-thread-1] INFO  server.RaftServerConfigKeys (ConfUtils.java:logGet(43)) - raft.server.log.statemachine.data.sync = true (default)
2019-08-20 17:30:51,321 [pool-461-thread-1] INFO  segmented.SegmentedRaftLogWorker (SegmentedRaftLogWorker.java:<init>(172)) - new 868c4038-48e0-4158-9c2b-9080e3500686-SegmentedRaftLogWorker:Storage Directory /workdir/hadoop-ozone/integration-test/target/test-dir/MiniOzoneClusterImpl-7c4d8f4b-6ef9-4f83-95e6-46f70b8176c5/datanode-2/data/ratis/9851c3d2-2219-4d9e-8426-965af072d4a4 for RaftStorage:Storage Directory /workdir/hadoop-ozone/integration-test/target/test-dir/MiniOzoneClusterImpl-7c4d8f4b-6ef9-4f83-95e6-46f70b8176c5/datanode-2/data/ratis/9851c3d2-2219-4d9e-8426-965af072d4a4
2019-08-20 17:30:51,322 [pool-439-thread-1] INFO  server.RaftServerConfigKeys (ConfUtils.java:logGet(43)) - raft.server.log.statemachine.data.sync.timeout = 10s (default)
2019-08-20 17:30:51,321 [pool-450-thread-1] INFO  segmented.SegmentedRaftLogWorker (SegmentedRaftLogWorker.java:<init>(172)) - new 9d32e657-27b9-4d89-b8c3-3e7cbe4e0bae-SegmentedRaftLogWorker:Storage Directory /workdir/hadoop-ozone/integration-test/target/test-dir/MiniOzoneClusterImpl-7c4d8f4b-6ef9-4f83-95e6-46f70b8176c5/datanode-1/data/ratis/9851c3d2-2219-4d9e-8426-965af072d4a4 for RaftStorage:Storage Directory /workdir/hadoop-ozone/integration-test/target/test-dir/MiniOzoneClusterImpl-7c4d8f4b-6ef9-4f83-95e6-46f70b8176c5/datanode-1/data/ratis/9851c3d2-2219-4d9e-8426-965af072d4a4
2019-08-20 17:30:51,322 [pool-439-thread-1] INFO  server.RaftServerConfigKeys (ConfUtils.java:logGet(43)) - raft.server.log.statemachine.data.sync.timeout.retry = -1 (default)
2019-08-20 17:30:51,322 [pool-461-thread-1] INFO  server.RaftServerConfigKeys (ConfUtils.java:logGet(43)) - raft.server.log.queue.byte-limit = 2147483647 (custom)
2019-08-20 17:30:51,322 [pool-439-thread-1] INFO  server.RaftServerConfigKeys (ConfUtils.java:logGet(43)) - raft.server.log.statemachine.data.caching.enabled = true (custom)
2019-08-20 17:30:51,322 [pool-450-thread-1] INFO  server.RaftServerConfigKeys (ConfUtils.java:logGet(43)) - raft.server.log.queue.byte-limit = 2147483647 (custom)
2019-08-20 17:30:51,322 [pool-461-thread-1] INFO  server.RaftServerConfigKeys (ConfUtils.java:logGet(43)) - raft.server.log.queue.element-limit = 1024 (custom)
2019-08-20 17:30:51,322 [pool-450-thread-1] INFO  server.RaftServerConfigKeys (ConfUtils.java:logGet(43)) - raft.server.log.queue.element-limit = 1024 (custom)
2019-08-20 17:30:51,323 [pool-439-thread-1] INFO  segmented.SegmentedRaftLogWorker (SegmentedRaftLogWorker.java:lambda$new$0(132)) - 22376942-19b4-4255-bdb4-c51c782b6438-SegmentedRaftLogWorker:Storage Directory /workdir/hadoop-ozone/integration-test/target/test-dir/MiniOzoneClusterImpl-7c4d8f4b-6ef9-4f83-95e6-46f70b8176c5/datanode-0/data/ratis/9851c3d2-2219-4d9e-8426-965af072d4a4: flushIndex: setUnconditionally 0 -> -1
2019-08-20 17:30:51,323 [pool-461-thread-1] INFO  server.RaftServerConfigKeys (ConfUtils.java:logGet(43)) - raft.server.log.segment.size.max = 1048576 (custom)
2019-08-20 17:30:51,323 [pool-450-thread-1] INFO  server.RaftServerConfigKeys (ConfUtils.java:logGet(43)) - raft.server.log.segment.size.max = 1048576 (custom)
2019-08-20 17:30:51,323 [pool-439-thread-1] INFO  server.RaftServerConfigKeys (ConfUtils.java:logGet(43)) - raft.server.snapshot.auto.trigger.enabled = true (custom)
2019-08-20 17:30:51,323 [pool-461-thread-1] INFO  server.RaftServerConfigKeys (ConfUtils.java:logGet(43)) - raft.server.log.preallocated.size = 16384 (custom)
2019-08-20 17:30:51,323 [pool-439-thread-1] INFO  server.RaftServerConfigKeys (ConfUtils.java:logGet(43)) - raft.server.snapshot.auto.trigger.threshold = 10000 (custom)
2019-08-20 17:30:51,323 [pool-450-thread-1] INFO  server.RaftServerConfigKeys (ConfUtils.java:logGet(43)) - raft.server.log.preallocated.size = 16384 (custom)
2019-08-20 17:30:51,324 [pool-439-thread-1] INFO  server.RaftServerConfigKeys (ConfUtils.java:logGet(43)) - raft.server.retrycache.expirytime = 600000ms (custom)
2019-08-20 17:30:51,323 [pool-461-thread-1] INFO  server.RaftServerConfigKeys (ConfUtils.java:logGet(43)) - raft.server.log.write.buffer.size = 33554432 (custom)
2019-08-20 17:30:51,324 [pool-450-thread-1] INFO  server.RaftServerConfigKeys (ConfUtils.java:logGet(43)) - raft.server.log.write.buffer.size = 33554432 (custom)
2019-08-20 17:30:51,324 [pool-439-thread-1] INFO  impl.RaftServerImpl (RaftServerImpl.java:start(180)) - 22376942-19b4-4255-bdb4-c51c782b6438: start group-965AF072D4A4
2019-08-20 17:30:51,324 [pool-461-thread-1] INFO  server.RaftServerConfigKeys (ConfUtils.java:logGet(43)) - raft.server.log.force.sync.num = 128 (default)
2019-08-20 17:30:51,324 [pool-439-thread-1] INFO  impl.RaftServerImpl (RaftServerImpl.java:setRole(171)) - 22376942-19b4-4255-bdb4-c51c782b6438:group-965AF072D4A4 changes role from null to FOLLOWER at term 0 for startAsFollower
2019-08-20 17:30:51,324 [pool-450-thread-1] INFO  server.RaftServerConfigKeys (ConfUtils.java:logGet(43)) - raft.server.log.force.sync.num = 128 (default)
2019-08-20 17:30:51,324 [pool-439-thread-1] INFO  impl.RoleInfo (RoleInfo.java:updateAndGet(143)) - 22376942-19b4-4255-bdb4-c51c782b6438: start FollowerState
2019-08-20 17:30:51,324 [pool-461-thread-1] INFO  server.RaftServerConfigKeys (ConfUtils.java:logGet(43)) - raft.server.log.statemachine.data.sync = true (default)
2019-08-20 17:30:51,325 [pool-450-thread-1] INFO  server.RaftServerConfigKeys (ConfUtils.java:logGet(43)) - raft.server.log.statemachine.data.sync = true (default)
2019-08-20 17:30:51,325 [pool-461-thread-1] INFO  server.RaftServerConfigKeys (ConfUtils.java:logGet(43)) - raft.server.log.statemachine.data.sync.timeout = 10s (default)
2019-08-20 17:30:51,325 [pool-439-thread-1] INFO  util.JmxRegister (JmxRegister.java:tryRegister(44)) - Successfully registered JMX Bean with object name Ratis:service=RaftServer,group=group-965AF072D4A4,id=22376942-19b4-4255-bdb4-c51c782b6438
2019-08-20 17:30:51,325 [pool-450-thread-1] INFO  server.RaftServerConfigKeys (ConfUtils.java:logGet(43)) - raft.server.log.statemachine.data.sync.timeout = 10s (default)
2019-08-20 17:30:51,325 [pool-450-thread-1] INFO  server.RaftServerConfigKeys (ConfUtils.java:logGet(43)) - raft.server.log.statemachine.data.sync.timeout.retry = -1 (default)
2019-08-20 17:30:51,325 [pool-461-thread-1] INFO  server.RaftServerConfigKeys (ConfUtils.java:logGet(43)) - raft.server.log.statemachine.data.sync.timeout.retry = -1 (default)
2019-08-20 17:30:51,326 [pool-450-thread-1] INFO  server.RaftServerConfigKeys (ConfUtils.java:logGet(43)) - raft.server.log.statemachine.data.caching.enabled = true (custom)
2019-08-20 17:30:51,326 [pool-461-thread-1] INFO  server.RaftServerConfigKeys (ConfUtils.java:logGet(43)) - raft.server.log.statemachine.data.caching.enabled = true (custom)
2019-08-20 17:30:51,326 [pool-450-thread-1] INFO  segmented.SegmentedRaftLogWorker (SegmentedRaftLogWorker.java:lambda$new$0(132)) - 9d32e657-27b9-4d89-b8c3-3e7cbe4e0bae-SegmentedRaftLogWorker:Storage Directory /workdir/hadoop-ozone/integration-test/target/test-dir/MiniOzoneClusterImpl-7c4d8f4b-6ef9-4f83-95e6-46f70b8176c5/datanode-1/data/ratis/9851c3d2-2219-4d9e-8426-965af072d4a4: flushIndex: setUnconditionally 0 -> -1
2019-08-20 17:30:51,326 [pool-461-thread-1] INFO  segmented.SegmentedRaftLogWorker (SegmentedRaftLogWorker.java:lambda$new$0(132)) - 868c4038-48e0-4158-9c2b-9080e3500686-SegmentedRaftLogWorker:Storage Directory /workdir/hadoop-ozone/integration-test/target/test-dir/MiniOzoneClusterImpl-7c4d8f4b-6ef9-4f83-95e6-46f70b8176c5/datanode-2/data/ratis/9851c3d2-2219-4d9e-8426-965af072d4a4: flushIndex: setUnconditionally 0 -> -1
2019-08-20 17:30:51,326 [pool-450-thread-1] INFO  server.RaftServerConfigKeys (ConfUtils.java:logGet(43)) - raft.server.snapshot.auto.trigger.enabled = true (custom)
2019-08-20 17:30:51,329 [pool-450-thread-1] INFO  server.RaftServerConfigKeys (ConfUtils.java:logGet(43)) - raft.server.snapshot.auto.trigger.threshold = 10000 (custom)
2019-08-20 17:30:51,329 [pool-461-thread-1] INFO  server.RaftServerConfigKeys (ConfUtils.java:logGet(43)) - raft.server.snapshot.auto.trigger.enabled = true (custom)
2019-08-20 17:30:51,329 [pool-450-thread-1] INFO  server.RaftServerConfigKeys (ConfUtils.java:logGet(43)) - raft.server.retrycache.expirytime = 600000ms (custom)
2019-08-20 17:30:51,329 [pool-461-thread-1] INFO  server.RaftServerConfigKeys (ConfUtils.java:logGet(43)) - raft.server.snapshot.auto.trigger.threshold = 10000 (custom)
2019-08-20 17:30:51,329 [pool-450-thread-1] INFO  impl.RaftServerImpl (RaftServerImpl.java:start(180)) - 9d32e657-27b9-4d89-b8c3-3e7cbe4e0bae: start group-965AF072D4A4
2019-08-20 17:30:51,329 [pool-461-thread-1] INFO  server.RaftServerConfigKeys (ConfUtils.java:logGet(43)) - raft.server.retrycache.expirytime = 600000ms (custom)
2019-08-20 17:30:51,329 [pool-450-thread-1] INFO  impl.RaftServerImpl (RaftServerImpl.java:setRole(171)) - 9d32e657-27b9-4d89-b8c3-3e7cbe4e0bae:group-965AF072D4A4 changes role from null to FOLLOWER at term 0 for startAsFollower
2019-08-20 17:30:51,330 [pool-461-thread-1] INFO  impl.RaftServerImpl (RaftServerImpl.java:start(180)) - 868c4038-48e0-4158-9c2b-9080e3500686: start group-965AF072D4A4
2019-08-20 17:30:51,330 [pool-450-thread-1] INFO  impl.RoleInfo (RoleInfo.java:updateAndGet(143)) - 9d32e657-27b9-4d89-b8c3-3e7cbe4e0bae: start FollowerState
2019-08-20 17:30:51,330 [pool-461-thread-1] INFO  impl.RaftServerImpl (RaftServerImpl.java:setRole(171)) - 868c4038-48e0-4158-9c2b-9080e3500686:group-965AF072D4A4 changes role from null to FOLLOWER at term 0 for startAsFollower
2019-08-20 17:30:51,330 [pool-461-thread-1] INFO  impl.RoleInfo (RoleInfo.java:updateAndGet(143)) - 868c4038-48e0-4158-9c2b-9080e3500686: start FollowerState
2019-08-20 17:30:51,330 [pool-450-thread-1] INFO  util.JmxRegister (JmxRegister.java:tryRegister(44)) - Successfully registered JMX Bean with object name Ratis:service=RaftServer,group=group-965AF072D4A4,id=9d32e657-27b9-4d89-b8c3-3e7cbe4e0bae
2019-08-20 17:30:51,330 [pool-461-thread-1] INFO  util.JmxRegister (JmxRegister.java:tryRegister(44)) - Successfully registered JMX Bean with object name Ratis:service=RaftServer,group=group-965AF072D4A4,id=868c4038-48e0-4158-9c2b-9080e3500686
2019-08-20 17:30:51,336 [RatisPipelineUtilsThread] INFO  pipeline.PipelineStateManager (PipelineStateManager.java:addPipeline(56)) - Created pipeline Pipeline[ Id: 9851c3d2-2219-4d9e-8426-965af072d4a4, Nodes: 868c4038-48e0-4158-9c2b-9080e3500686{ip: 192.168.5.168, host: pr-hdds-1927-28fzr-1052167450, networkLocation: /default-rack, certSerialId: null}9d32e657-27b9-4d89-b8c3-3e7cbe4e0bae{ip: 192.168.5.168, host: pr-hdds-1927-28fzr-1052167450, networkLocation: /default-rack, certSerialId: null}22376942-19b4-4255-bdb4-c51c782b6438{ip: 192.168.5.168, host: pr-hdds-1927-28fzr-1052167450, networkLocation: /default-rack, certSerialId: null}, Type:RATIS, Factor:THREE, State:OPEN]
2019-08-20 17:30:51,540 [IPC Server handler 3 on 39414] INFO  net.NetworkTopology (NetworkTopologyImpl.java:add(110)) - Added a new node: /default-rack/1995104d-c8de-4475-a574-4c6ff65d896e
2019-08-20 17:30:51,540 [IPC Server handler 3 on 39414] INFO  node.SCMNodeManager (SCMNodeManager.java:register(273)) - Registered Data node : 1995104d-c8de-4475-a574-4c6ff65d896e{ip: 192.168.5.168, host: pr-hdds-1927-28fzr-1052167450, networkLocation: /default-rack, certSerialId: null}
2019-08-20 17:30:51,540 | INFO  | SCMAudit | user=jenkins1000 | ip=192.168.5.168 | op=REGISTER {datanodeDetails=1995104d-c8de-4475-a574-4c6ff65d896e{ip: 192.168.5.168, host: pr-hdds-1927-28fzr-1052167450, networkLocation: /default-rack, certSerialId: null}} | ret=SUCCESS |  
2019-08-20 17:30:51,549 [grpc-default-executor-6] INFO  impl.RaftServerProxy (RaftServerProxy.java:addNew(89)) - 1995104d-c8de-4475-a574-4c6ff65d896e: addNew group-DB94834853C5:[1995104d-c8de-4475-a574-4c6ff65d896e:192.168.5.168:36430] returns group-DB94834853C5:java.util.concurrent.CompletableFuture@542725ab[Not completed]
2019-08-20 17:30:51,550 [pool-472-thread-1] INFO  impl.RaftServerImpl (RaftServerImpl.java:<init>(93)) - 1995104d-c8de-4475-a574-4c6ff65d896e: new RaftServerImpl for group-DB94834853C5:[1995104d-c8de-4475-a574-4c6ff65d896e:192.168.5.168:36430] with ContainerStateMachine:uninitialized
2019-08-20 17:30:51,550 [pool-472-thread-1] INFO  server.RaftServerConfigKeys (ConfUtils.java:logGet(43)) - raft.server.rpc.timeout.min = 5s (custom)
2019-08-20 17:30:51,550 [pool-472-thread-1] INFO  server.RaftServerConfigKeys (ConfUtils.java:logGet(43)) - raft.server.rpc.timeout.max = 5200ms (custom)
2019-08-20 17:30:51,550 [pool-472-thread-1] INFO  server.RaftServerConfigKeys (ConfUtils.java:logGet(43)) - raft.server.rpcslowness.timeout = 120s (custom)
2019-08-20 17:30:51,550 [pool-472-thread-1] INFO  server.RaftServerConfigKeys (ConfUtils.java:logGet(43)) - raft.server.sleep.deviation.threshold = 300 (default)
2019-08-20 17:30:51,550 [pool-472-thread-1] INFO  server.RaftServerConfigKeys (ConfUtils.java:logGet(43)) - raft.server.log.appender.install.snapshot.enabled = false (custom)
2019-08-20 17:30:51,550 [pool-472-thread-1] INFO  impl.RaftServerImpl (ServerState.java:<init>(105)) - 1995104d-c8de-4475-a574-4c6ff65d896e:group-DB94834853C5 ConfigurationManager, init=-1: [1995104d-c8de-4475-a574-4c6ff65d896e:192.168.5.168:36430], old=null, confs=<EMPTY_MAP>
2019-08-20 17:30:51,551 [pool-472-thread-1] INFO  server.RaftServerConfigKeys (ConfUtils.java:logGet(43)) - raft.server.storage.dir = [/workdir/hadoop-ozone/integration-test/target/test-dir/MiniOzoneClusterImpl-7c4d8f4b-6ef9-4f83-95e6-46f70b8176c5/datanode-3/data/ratis] (custom)
2019-08-20 17:30:51,551 [pool-472-thread-1] INFO  storage.RaftStorageDirectory (RaftStorageDirectory.java:analyzeStorage(246)) - The storage directory /workdir/hadoop-ozone/integration-test/target/test-dir/MiniOzoneClusterImpl-7c4d8f4b-6ef9-4f83-95e6-46f70b8176c5/datanode-3/data/ratis/8ec89569-a446-4af2-9e38-db94834853c5 does not exist. Creating ...
2019-08-20 17:30:51,565 [pool-472-thread-1] INFO  storage.RaftStorageDirectory (RaftStorageDirectory.java:tryLock(328)) - Lock on /workdir/hadoop-ozone/integration-test/target/test-dir/MiniOzoneClusterImpl-7c4d8f4b-6ef9-4f83-95e6-46f70b8176c5/datanode-3/data/ratis/8ec89569-a446-4af2-9e38-db94834853c5/in_use.lock acquired by nodename 29220@pr-hdds-1927-28fzr-1052167450
2019-08-20 17:30:51,577 [pool-472-thread-1] INFO  storage.RaftStorage (RaftStorage.java:format(72)) - Storage directory /workdir/hadoop-ozone/integration-test/target/test-dir/MiniOzoneClusterImpl-7c4d8f4b-6ef9-4f83-95e6-46f70b8176c5/datanode-3/data/ratis/8ec89569-a446-4af2-9e38-db94834853c5 has been successfully formatted.
2019-08-20 17:30:51,578 [pool-472-thread-1] INFO  ratis.ContainerStateMachine (ContainerStateMachine.java:loadSnapshot(222)) - group-DB94834853C5: The snapshot info is null. Setting the last applied indexto:(t:0, i:~)
2019-08-20 17:30:51,578 [pool-472-thread-1] INFO  server.RaftServerConfigKeys (ConfUtils.java:logGet(43)) - raft.server.leader.election.timeout = 120s (custom)
2019-08-20 17:30:51,578 [pool-472-thread-1] INFO  server.RaftServerConfigKeys (ConfUtils.java:logGet(43)) - raft.server.log.use.memory = false (default)
2019-08-20 17:30:51,578 [pool-472-thread-1] INFO  server.RaftServerConfigKeys (ConfUtils.java:logGet(43)) - raft.server.log.purge.gap = 1000000 (custom)
2019-08-20 17:30:51,578 [pool-472-thread-1] INFO  server.RaftServerConfigKeys (ConfUtils.java:logGet(43)) - raft.server.log.appender.buffer.byte-limit = 33554432 (custom)
2019-08-20 17:30:51,578 [pool-472-thread-1] INFO  server.RaftServerConfigKeys (ConfUtils.java:logGet(43)) - raft.server.log.segment.size.max = 1048576 (custom)
2019-08-20 17:30:51,578 [pool-472-thread-1] INFO  server.RaftServerConfigKeys (ConfUtils.java:logGet(43)) - raft.server.log.segment.cache.num.max = 2 (custom)
2019-08-20 17:30:51,579 [pool-472-thread-1] INFO  segmented.SegmentedRaftLogWorker (SegmentedRaftLogWorker.java:<init>(172)) - new 1995104d-c8de-4475-a574-4c6ff65d896e-SegmentedRaftLogWorker:Storage Directory /workdir/hadoop-ozone/integration-test/target/test-dir/MiniOzoneClusterImpl-7c4d8f4b-6ef9-4f83-95e6-46f70b8176c5/datanode-3/data/ratis/8ec89569-a446-4af2-9e38-db94834853c5 for RaftStorage:Storage Directory /workdir/hadoop-ozone/integration-test/target/test-dir/MiniOzoneClusterImpl-7c4d8f4b-6ef9-4f83-95e6-46f70b8176c5/datanode-3/data/ratis/8ec89569-a446-4af2-9e38-db94834853c5
2019-08-20 17:30:51,579 [pool-472-thread-1] INFO  server.RaftServerConfigKeys (ConfUtils.java:logGet(43)) - raft.server.log.queue.byte-limit = 2147483647 (custom)
2019-08-20 17:30:51,579 [pool-472-thread-1] INFO  server.RaftServerConfigKeys (ConfUtils.java:logGet(43)) - raft.server.log.queue.element-limit = 1024 (custom)
2019-08-20 17:30:51,579 [pool-472-thread-1] INFO  server.RaftServerConfigKeys (ConfUtils.java:logGet(43)) - raft.server.log.segment.size.max = 1048576 (custom)
2019-08-20 17:30:51,579 [pool-472-thread-1] INFO  server.RaftServerConfigKeys (ConfUtils.java:logGet(43)) - raft.server.log.preallocated.size = 16384 (custom)
2019-08-20 17:30:51,579 [pool-472-thread-1] INFO  server.RaftServerConfigKeys (ConfUtils.java:logGet(43)) - raft.server.log.write.buffer.size = 33554432 (custom)
2019-08-20 17:30:51,580 [pool-472-thread-1] INFO  server.RaftServerConfigKeys (ConfUtils.java:logGet(43)) - raft.server.log.force.sync.num = 128 (default)
2019-08-20 17:30:51,580 [pool-472-thread-1] INFO  server.RaftServerConfigKeys (ConfUtils.java:logGet(43)) - raft.server.log.statemachine.data.sync = true (default)
2019-08-20 17:30:51,580 [pool-472-thread-1] INFO  server.RaftServerConfigKeys (ConfUtils.java:logGet(43)) - raft.server.log.statemachine.data.sync.timeout = 10s (default)
2019-08-20 17:30:51,580 [pool-472-thread-1] INFO  server.RaftServerConfigKeys (ConfUtils.java:logGet(43)) - raft.server.log.statemachine.data.sync.timeout.retry = -1 (default)
2019-08-20 17:30:51,580 [pool-472-thread-1] INFO  server.RaftServerConfigKeys (ConfUtils.java:logGet(43)) - raft.server.log.statemachine.data.caching.enabled = true (custom)
2019-08-20 17:30:51,580 [pool-472-thread-1] INFO  segmented.SegmentedRaftLogWorker (SegmentedRaftLogWorker.java:lambda$new$0(132)) - 1995104d-c8de-4475-a574-4c6ff65d896e-SegmentedRaftLogWorker:Storage Directory /workdir/hadoop-ozone/integration-test/target/test-dir/MiniOzoneClusterImpl-7c4d8f4b-6ef9-4f83-95e6-46f70b8176c5/datanode-3/data/ratis/8ec89569-a446-4af2-9e38-db94834853c5: flushIndex: setUnconditionally 0 -> -1
2019-08-20 17:30:51,581 [pool-472-thread-1] INFO  server.RaftServerConfigKeys (ConfUtils.java:logGet(43)) - raft.server.snapshot.auto.trigger.enabled = true (custom)
2019-08-20 17:30:51,581 [pool-472-thread-1] INFO  server.RaftServerConfigKeys (ConfUtils.java:logGet(43)) - raft.server.snapshot.auto.trigger.threshold = 10000 (custom)
2019-08-20 17:30:51,581 [pool-472-thread-1] INFO  server.RaftServerConfigKeys (ConfUtils.java:logGet(43)) - raft.server.retrycache.expirytime = 600000ms (custom)
2019-08-20 17:30:51,581 [pool-472-thread-1] INFO  impl.RaftServerImpl (RaftServerImpl.java:start(180)) - 1995104d-c8de-4475-a574-4c6ff65d896e: start group-DB94834853C5
2019-08-20 17:30:51,581 [pool-472-thread-1] INFO  impl.RaftServerImpl (RaftServerImpl.java:setRole(171)) - 1995104d-c8de-4475-a574-4c6ff65d896e:group-DB94834853C5 changes role from null to FOLLOWER at term 0 for startAsFollower
2019-08-20 17:30:51,581 [pool-472-thread-1] INFO  impl.RoleInfo (RoleInfo.java:updateAndGet(143)) - 1995104d-c8de-4475-a574-4c6ff65d896e: start FollowerState
2019-08-20 17:30:51,591 [pool-472-thread-1] INFO  util.JmxRegister (JmxRegister.java:tryRegister(44)) - Successfully registered JMX Bean with object name Ratis:service=RaftServer,group=group-DB94834853C5,id=1995104d-c8de-4475-a574-4c6ff65d896e
2019-08-20 17:30:51,601 [RatisPipelineUtilsThread] INFO  pipeline.PipelineStateManager (PipelineStateManager.java:addPipeline(56)) - Created pipeline Pipeline[ Id: 8ec89569-a446-4af2-9e38-db94834853c5, Nodes: 1995104d-c8de-4475-a574-4c6ff65d896e{ip: 192.168.5.168, host: pr-hdds-1927-28fzr-1052167450, networkLocation: /default-rack, certSerialId: null}, Type:RATIS, Factor:ONE, State:OPEN]
2019-08-20 17:30:51,691 [IPC Server handler 4 on 39414] INFO  net.NetworkTopology (NetworkTopologyImpl.java:add(110)) - Added a new node: /default-rack/6c4a6901-b690-4e6e-9f9b-d426bfd0501b
2019-08-20 17:30:51,691 [IPC Server handler 4 on 39414] INFO  node.SCMNodeManager (SCMNodeManager.java:register(273)) - Registered Data node : 6c4a6901-b690-4e6e-9f9b-d426bfd0501b{ip: 192.168.5.168, host: pr-hdds-1927-28fzr-1052167450, networkLocation: /default-rack, certSerialId: null}
2019-08-20 17:30:51,691 | INFO  | SCMAudit | user=jenkins1000 | ip=192.168.5.168 | op=REGISTER {datanodeDetails=6c4a6901-b690-4e6e-9f9b-d426bfd0501b{ip: 192.168.5.168, host: pr-hdds-1927-28fzr-1052167450, networkLocation: /default-rack, certSerialId: null}} | ret=SUCCESS |  
2019-08-20 17:30:51,697 [grpc-default-executor-6] INFO  impl.RaftServerProxy (RaftServerProxy.java:addNew(89)) - 6c4a6901-b690-4e6e-9f9b-d426bfd0501b: addNew group-A61450CC60DA:[6c4a6901-b690-4e6e-9f9b-d426bfd0501b:192.168.5.168:43721] returns group-A61450CC60DA:java.util.concurrent.CompletableFuture@4734842[Not completed]
2019-08-20 17:30:51,699 [pool-483-thread-1] INFO  impl.RaftServerImpl (RaftServerImpl.java:<init>(93)) - 6c4a6901-b690-4e6e-9f9b-d426bfd0501b: new RaftServerImpl for group-A61450CC60DA:[6c4a6901-b690-4e6e-9f9b-d426bfd0501b:192.168.5.168:43721] with ContainerStateMachine:uninitialized
2019-08-20 17:30:51,699 [pool-483-thread-1] INFO  server.RaftServerConfigKeys (ConfUtils.java:logGet(43)) - raft.server.rpc.timeout.min = 5s (custom)
2019-08-20 17:30:51,699 [pool-483-thread-1] INFO  server.RaftServerConfigKeys (ConfUtils.java:logGet(43)) - raft.server.rpc.timeout.max = 5200ms (custom)
2019-08-20 17:30:51,699 [pool-483-thread-1] INFO  server.RaftServerConfigKeys (ConfUtils.java:logGet(43)) - raft.server.rpcslowness.timeout = 120s (custom)
2019-08-20 17:30:51,699 [pool-483-thread-1] INFO  server.RaftServerConfigKeys (ConfUtils.java:logGet(43)) - raft.server.sleep.deviation.threshold = 300 (default)
2019-08-20 17:30:51,699 [pool-483-thread-1] INFO  server.RaftServerConfigKeys (ConfUtils.java:logGet(43)) - raft.server.log.appender.install.snapshot.enabled = false (custom)
2019-08-20 17:30:51,699 [pool-483-thread-1] INFO  impl.RaftServerImpl (ServerState.java:<init>(105)) - 6c4a6901-b690-4e6e-9f9b-d426bfd0501b:group-A61450CC60DA ConfigurationManager, init=-1: [6c4a6901-b690-4e6e-9f9b-d426bfd0501b:192.168.5.168:43721], old=null, confs=<EMPTY_MAP>
2019-08-20 17:30:51,700 [pool-483-thread-1] INFO  server.RaftServerConfigKeys (ConfUtils.java:logGet(43)) - raft.server.storage.dir = [/workdir/hadoop-ozone/integration-test/target/test-dir/MiniOzoneClusterImpl-7c4d8f4b-6ef9-4f83-95e6-46f70b8176c5/datanode-4/data/ratis] (custom)
2019-08-20 17:30:51,700 [pool-483-thread-1] INFO  storage.RaftStorageDirectory (RaftStorageDirectory.java:analyzeStorage(246)) - The storage directory /workdir/hadoop-ozone/integration-test/target/test-dir/MiniOzoneClusterImpl-7c4d8f4b-6ef9-4f83-95e6-46f70b8176c5/datanode-4/data/ratis/0233348f-d83e-443c-8544-a61450cc60da does not exist. Creating ...
2019-08-20 17:30:51,725 [pool-483-thread-1] INFO  storage.RaftStorageDirectory (RaftStorageDirectory.java:tryLock(328)) - Lock on /workdir/hadoop-ozone/integration-test/target/test-dir/MiniOzoneClusterImpl-7c4d8f4b-6ef9-4f83-95e6-46f70b8176c5/datanode-4/data/ratis/0233348f-d83e-443c-8544-a61450cc60da/in_use.lock acquired by nodename 29220@pr-hdds-1927-28fzr-1052167450
2019-08-20 17:30:51,747 [pool-483-thread-1] INFO  storage.RaftStorage (RaftStorage.java:format(72)) - Storage directory /workdir/hadoop-ozone/integration-test/target/test-dir/MiniOzoneClusterImpl-7c4d8f4b-6ef9-4f83-95e6-46f70b8176c5/datanode-4/data/ratis/0233348f-d83e-443c-8544-a61450cc60da has been successfully formatted.
2019-08-20 17:30:51,748 [pool-483-thread-1] INFO  ratis.ContainerStateMachine (ContainerStateMachine.java:loadSnapshot(222)) - group-A61450CC60DA: The snapshot info is null. Setting the last applied indexto:(t:0, i:~)
2019-08-20 17:30:51,748 [pool-483-thread-1] INFO  server.RaftServerConfigKeys (ConfUtils.java:logGet(43)) - raft.server.leader.election.timeout = 120s (custom)
2019-08-20 17:30:51,748 [pool-483-thread-1] INFO  server.RaftServerConfigKeys (ConfUtils.java:logGet(43)) - raft.server.log.use.memory = false (default)
2019-08-20 17:30:51,748 [pool-483-thread-1] INFO  server.RaftServerConfigKeys (ConfUtils.java:logGet(43)) - raft.server.log.purge.gap = 1000000 (custom)
2019-08-20 17:30:51,748 [pool-483-thread-1] INFO  server.RaftServerConfigKeys (ConfUtils.java:logGet(43)) - raft.server.log.appender.buffer.byte-limit = 33554432 (custom)
2019-08-20 17:30:51,749 [pool-483-thread-1] INFO  server.RaftServerConfigKeys (ConfUtils.java:logGet(43)) - raft.server.log.segment.size.max = 1048576 (custom)
2019-08-20 17:30:51,749 [pool-483-thread-1] INFO  server.RaftServerConfigKeys (ConfUtils.java:logGet(43)) - raft.server.log.segment.cache.num.max = 2 (custom)
2019-08-20 17:30:51,749 [pool-483-thread-1] INFO  segmented.SegmentedRaftLogWorker (SegmentedRaftLogWorker.java:<init>(172)) - new 6c4a6901-b690-4e6e-9f9b-d426bfd0501b-SegmentedRaftLogWorker:Storage Directory /workdir/hadoop-ozone/integration-test/target/test-dir/MiniOzoneClusterImpl-7c4d8f4b-6ef9-4f83-95e6-46f70b8176c5/datanode-4/data/ratis/0233348f-d83e-443c-8544-a61450cc60da for RaftStorage:Storage Directory /workdir/hadoop-ozone/integration-test/target/test-dir/MiniOzoneClusterImpl-7c4d8f4b-6ef9-4f83-95e6-46f70b8176c5/datanode-4/data/ratis/0233348f-d83e-443c-8544-a61450cc60da
2019-08-20 17:30:51,749 [pool-483-thread-1] INFO  server.RaftServerConfigKeys (ConfUtils.java:logGet(43)) - raft.server.log.queue.byte-limit = 2147483647 (custom)
2019-08-20 17:30:51,749 [pool-483-thread-1] INFO  server.RaftServerConfigKeys (ConfUtils.java:logGet(43)) - raft.server.log.queue.element-limit = 1024 (custom)
2019-08-20 17:30:51,750 [pool-483-thread-1] INFO  server.RaftServerConfigKeys (ConfUtils.java:logGet(43)) - raft.server.log.segment.size.max = 1048576 (custom)
2019-08-20 17:30:51,750 [pool-483-thread-1] INFO  server.RaftServerConfigKeys (ConfUtils.java:logGet(43)) - raft.server.log.preallocated.size = 16384 (custom)
2019-08-20 17:30:51,750 [pool-483-thread-1] INFO  server.RaftServerConfigKeys (ConfUtils.java:logGet(43)) - raft.server.log.write.buffer.size = 33554432 (custom)
2019-08-20 17:30:51,750 [pool-483-thread-1] INFO  server.RaftServerConfigKeys (ConfUtils.java:logGet(43)) - raft.server.log.force.sync.num = 128 (default)
2019-08-20 17:30:51,751 [pool-483-thread-1] INFO  server.RaftServerConfigKeys (ConfUtils.java:logGet(43)) - raft.server.log.statemachine.data.sync = true (default)
2019-08-20 17:30:51,751 [pool-483-thread-1] INFO  server.RaftServerConfigKeys (ConfUtils.java:logGet(43)) - raft.server.log.statemachine.data.sync.timeout = 10s (default)
2019-08-20 17:30:51,751 [pool-483-thread-1] INFO  server.RaftServerConfigKeys (ConfUtils.java:logGet(43)) - raft.server.log.statemachine.data.sync.timeout.retry = -1 (default)
2019-08-20 17:30:51,751 [pool-483-thread-1] INFO  server.RaftServerConfigKeys (ConfUtils.java:logGet(43)) - raft.server.log.statemachine.data.caching.enabled = true (custom)
2019-08-20 17:30:51,752 [pool-483-thread-1] INFO  segmented.SegmentedRaftLogWorker (SegmentedRaftLogWorker.java:lambda$new$0(132)) - 6c4a6901-b690-4e6e-9f9b-d426bfd0501b-SegmentedRaftLogWorker:Storage Directory /workdir/hadoop-ozone/integration-test/target/test-dir/MiniOzoneClusterImpl-7c4d8f4b-6ef9-4f83-95e6-46f70b8176c5/datanode-4/data/ratis/0233348f-d83e-443c-8544-a61450cc60da: flushIndex: setUnconditionally 0 -> -1
2019-08-20 17:30:51,752 [pool-483-thread-1] INFO  server.RaftServerConfigKeys (ConfUtils.java:logGet(43)) - raft.server.snapshot.auto.trigger.enabled = true (custom)
2019-08-20 17:30:51,752 [pool-483-thread-1] INFO  server.RaftServerConfigKeys (ConfUtils.java:logGet(43)) - raft.server.snapshot.auto.trigger.threshold = 10000 (custom)
2019-08-20 17:30:51,752 [pool-483-thread-1] INFO  server.RaftServerConfigKeys (ConfUtils.java:logGet(43)) - raft.server.retrycache.expirytime = 600000ms (custom)
2019-08-20 17:30:51,753 [pool-483-thread-1] INFO  impl.RaftServerImpl (RaftServerImpl.java:start(180)) - 6c4a6901-b690-4e6e-9f9b-d426bfd0501b: start group-A61450CC60DA
2019-08-20 17:30:51,753 [pool-483-thread-1] INFO  impl.RaftServerImpl (RaftServerImpl.java:setRole(171)) - 6c4a6901-b690-4e6e-9f9b-d426bfd0501b:group-A61450CC60DA changes role from null to FOLLOWER at term 0 for startAsFollower
2019-08-20 17:30:51,753 [pool-483-thread-1] INFO  impl.RoleInfo (RoleInfo.java:updateAndGet(143)) - 6c4a6901-b690-4e6e-9f9b-d426bfd0501b: start FollowerState
2019-08-20 17:30:51,753 [pool-483-thread-1] INFO  util.JmxRegister (JmxRegister.java:tryRegister(44)) - Successfully registered JMX Bean with object name Ratis:service=RaftServer,group=group-A61450CC60DA,id=6c4a6901-b690-4e6e-9f9b-d426bfd0501b
2019-08-20 17:30:51,758 [RatisPipelineUtilsThread] INFO  pipeline.PipelineStateManager (PipelineStateManager.java:addPipeline(56)) - Created pipeline Pipeline[ Id: 0233348f-d83e-443c-8544-a61450cc60da, Nodes: 6c4a6901-b690-4e6e-9f9b-d426bfd0501b{ip: 192.168.5.168, host: pr-hdds-1927-28fzr-1052167450, networkLocation: /default-rack, certSerialId: null}, Type:RATIS, Factor:ONE, State:OPEN]
2019-08-20 17:30:51,850 [IPC Server handler 5 on 39414] INFO  net.NetworkTopology (NetworkTopologyImpl.java:add(110)) - Added a new node: /default-rack/be053fe7-daa4-4335-a0a6-d036739a6273
2019-08-20 17:30:51,851 [IPC Server handler 5 on 39414] INFO  node.SCMNodeManager (SCMNodeManager.java:register(273)) - Registered Data node : be053fe7-daa4-4335-a0a6-d036739a6273{ip: 192.168.5.168, host: pr-hdds-1927-28fzr-1052167450, networkLocation: /default-rack, certSerialId: null}
2019-08-20 17:30:51,851 | INFO  | SCMAudit | user=jenkins1000 | ip=192.168.5.168 | op=REGISTER {datanodeDetails=be053fe7-daa4-4335-a0a6-d036739a6273{ip: 192.168.5.168, host: pr-hdds-1927-28fzr-1052167450, networkLocation: /default-rack, certSerialId: null}} | ret=SUCCESS |  
2019-08-20 17:30:51,859 [grpc-default-executor-6] INFO  impl.RaftServerProxy (RaftServerProxy.java:addNew(89)) - be053fe7-daa4-4335-a0a6-d036739a6273: addNew group-8C7E0E694B1E:[be053fe7-daa4-4335-a0a6-d036739a6273:192.168.5.168:46280] returns group-8C7E0E694B1E:java.util.concurrent.CompletableFuture@3be1376e[Not completed]
2019-08-20 17:30:51,860 [pool-494-thread-1] INFO  impl.RaftServerImpl (RaftServerImpl.java:<init>(93)) - be053fe7-daa4-4335-a0a6-d036739a6273: new RaftServerImpl for group-8C7E0E694B1E:[be053fe7-daa4-4335-a0a6-d036739a6273:192.168.5.168:46280] with ContainerStateMachine:uninitialized
2019-08-20 17:30:51,860 [pool-494-thread-1] INFO  server.RaftServerConfigKeys (ConfUtils.java:logGet(43)) - raft.server.rpc.timeout.min = 5s (custom)
2019-08-20 17:30:51,860 [pool-494-thread-1] INFO  server.RaftServerConfigKeys (ConfUtils.java:logGet(43)) - raft.server.rpc.timeout.max = 5200ms (custom)
2019-08-20 17:30:51,860 [pool-494-thread-1] INFO  server.RaftServerConfigKeys (ConfUtils.java:logGet(43)) - raft.server.rpcslowness.timeout = 120s (custom)
2019-08-20 17:30:51,860 [pool-494-thread-1] INFO  server.RaftServerConfigKeys (ConfUtils.java:logGet(43)) - raft.server.sleep.deviation.threshold = 300 (default)
2019-08-20 17:30:51,861 [pool-494-thread-1] INFO  server.RaftServerConfigKeys (ConfUtils.java:logGet(43)) - raft.server.log.appender.install.snapshot.enabled = false (custom)
2019-08-20 17:30:51,861 [pool-494-thread-1] INFO  impl.RaftServerImpl (ServerState.java:<init>(105)) - be053fe7-daa4-4335-a0a6-d036739a6273:group-8C7E0E694B1E ConfigurationManager, init=-1: [be053fe7-daa4-4335-a0a6-d036739a6273:192.168.5.168:46280], old=null, confs=<EMPTY_MAP>
2019-08-20 17:30:51,861 [pool-494-thread-1] INFO  server.RaftServerConfigKeys (ConfUtils.java:logGet(43)) - raft.server.storage.dir = [/workdir/hadoop-ozone/integration-test/target/test-dir/MiniOzoneClusterImpl-7c4d8f4b-6ef9-4f83-95e6-46f70b8176c5/datanode-5/data/ratis] (custom)
2019-08-20 17:30:51,861 [pool-494-thread-1] INFO  storage.RaftStorageDirectory (RaftStorageDirectory.java:analyzeStorage(246)) - The storage directory /workdir/hadoop-ozone/integration-test/target/test-dir/MiniOzoneClusterImpl-7c4d8f4b-6ef9-4f83-95e6-46f70b8176c5/datanode-5/data/ratis/c0259ad1-3816-4bc4-ada2-8c7e0e694b1e does not exist. Creating ...
2019-08-20 17:30:51,886 [pool-494-thread-1] INFO  storage.RaftStorageDirectory (RaftStorageDirectory.java:tryLock(328)) - Lock on /workdir/hadoop-ozone/integration-test/target/test-dir/MiniOzoneClusterImpl-7c4d8f4b-6ef9-4f83-95e6-46f70b8176c5/datanode-5/data/ratis/c0259ad1-3816-4bc4-ada2-8c7e0e694b1e/in_use.lock acquired by nodename 29220@pr-hdds-1927-28fzr-1052167450
2019-08-20 17:30:51,890 [pool-494-thread-1] INFO  storage.RaftStorage (RaftStorage.java:format(72)) - Storage directory /workdir/hadoop-ozone/integration-test/target/test-dir/MiniOzoneClusterImpl-7c4d8f4b-6ef9-4f83-95e6-46f70b8176c5/datanode-5/data/ratis/c0259ad1-3816-4bc4-ada2-8c7e0e694b1e has been successfully formatted.
2019-08-20 17:30:51,890 [pool-494-thread-1] INFO  ratis.ContainerStateMachine (ContainerStateMachine.java:loadSnapshot(222)) - group-8C7E0E694B1E: The snapshot info is null. Setting the last applied indexto:(t:0, i:~)
2019-08-20 17:30:51,890 [pool-494-thread-1] INFO  server.RaftServerConfigKeys (ConfUtils.java:logGet(43)) - raft.server.leader.election.timeout = 120s (custom)
2019-08-20 17:30:51,891 [pool-494-thread-1] INFO  server.RaftServerConfigKeys (ConfUtils.java:logGet(43)) - raft.server.log.use.memory = false (default)
2019-08-20 17:30:51,891 [pool-494-thread-1] INFO  server.RaftServerConfigKeys (ConfUtils.java:logGet(43)) - raft.server.log.purge.gap = 1000000 (custom)
2019-08-20 17:30:51,891 [pool-494-thread-1] INFO  server.RaftServerConfigKeys (ConfUtils.java:logGet(43)) - raft.server.log.appender.buffer.byte-limit = 33554432 (custom)
2019-08-20 17:30:51,891 [pool-494-thread-1] INFO  server.RaftServerConfigKeys (ConfUtils.java:logGet(43)) - raft.server.log.segment.size.max = 1048576 (custom)
2019-08-20 17:30:51,892 [pool-494-thread-1] INFO  server.RaftServerConfigKeys (ConfUtils.java:logGet(43)) - raft.server.log.segment.cache.num.max = 2 (custom)
2019-08-20 17:30:51,892 [pool-494-thread-1] INFO  segmented.SegmentedRaftLogWorker (SegmentedRaftLogWorker.java:<init>(172)) - new be053fe7-daa4-4335-a0a6-d036739a6273-SegmentedRaftLogWorker:Storage Directory /workdir/hadoop-ozone/integration-test/target/test-dir/MiniOzoneClusterImpl-7c4d8f4b-6ef9-4f83-95e6-46f70b8176c5/datanode-5/data/ratis/c0259ad1-3816-4bc4-ada2-8c7e0e694b1e for RaftStorage:Storage Directory /workdir/hadoop-ozone/integration-test/target/test-dir/MiniOzoneClusterImpl-7c4d8f4b-6ef9-4f83-95e6-46f70b8176c5/datanode-5/data/ratis/c0259ad1-3816-4bc4-ada2-8c7e0e694b1e
2019-08-20 17:30:51,892 [pool-494-thread-1] INFO  server.RaftServerConfigKeys (ConfUtils.java:logGet(43)) - raft.server.log.queue.byte-limit = 2147483647 (custom)
2019-08-20 17:30:51,892 [pool-494-thread-1] INFO  server.RaftServerConfigKeys (ConfUtils.java:logGet(43)) - raft.server.log.queue.element-limit = 1024 (custom)
2019-08-20 17:30:51,893 [pool-494-thread-1] INFO  server.RaftServerConfigKeys (ConfUtils.java:logGet(43)) - raft.server.log.segment.size.max = 1048576 (custom)
2019-08-20 17:30:51,893 [pool-494-thread-1] INFO  server.RaftServerConfigKeys (ConfUtils.java:logGet(43)) - raft.server.log.preallocated.size = 16384 (custom)
2019-08-20 17:30:51,893 [pool-494-thread-1] INFO  server.RaftServerConfigKeys (ConfUtils.java:logGet(43)) - raft.server.log.write.buffer.size = 33554432 (custom)
2019-08-20 17:30:51,893 [pool-494-thread-1] INFO  server.RaftServerConfigKeys (ConfUtils.java:logGet(43)) - raft.server.log.force.sync.num = 128 (default)
2019-08-20 17:30:51,894 [pool-494-thread-1] INFO  server.RaftServerConfigKeys (ConfUtils.java:logGet(43)) - raft.server.log.statemachine.data.sync = true (default)
2019-08-20 17:30:51,894 [pool-494-thread-1] INFO  server.RaftServerConfigKeys (ConfUtils.java:logGet(43)) - raft.server.log.statemachine.data.sync.timeout = 10s (default)
2019-08-20 17:30:51,894 [pool-494-thread-1] INFO  server.RaftServerConfigKeys (ConfUtils.java:logGet(43)) - raft.server.log.statemachine.data.sync.timeout.retry = -1 (default)
2019-08-20 17:30:51,894 [pool-494-thread-1] INFO  server.RaftServerConfigKeys (ConfUtils.java:logGet(43)) - raft.server.log.statemachine.data.caching.enabled = true (custom)
2019-08-20 17:30:51,895 [pool-494-thread-1] INFO  segmented.SegmentedRaftLogWorker (SegmentedRaftLogWorker.java:lambda$new$0(132)) - be053fe7-daa4-4335-a0a6-d036739a6273-SegmentedRaftLogWorker:Storage Directory /workdir/hadoop-ozone/integration-test/target/test-dir/MiniOzoneClusterImpl-7c4d8f4b-6ef9-4f83-95e6-46f70b8176c5/datanode-5/data/ratis/c0259ad1-3816-4bc4-ada2-8c7e0e694b1e: flushIndex: setUnconditionally 0 -> -1
2019-08-20 17:30:51,895 [pool-494-thread-1] INFO  server.RaftServerConfigKeys (ConfUtils.java:logGet(43)) - raft.server.snapshot.auto.trigger.enabled = true (custom)
2019-08-20 17:30:51,895 [pool-494-thread-1] INFO  server.RaftServerConfigKeys (ConfUtils.java:logGet(43)) - raft.server.snapshot.auto.trigger.threshold = 10000 (custom)
2019-08-20 17:30:51,896 [pool-494-thread-1] INFO  server.RaftServerConfigKeys (ConfUtils.java:logGet(43)) - raft.server.retrycache.expirytime = 600000ms (custom)
2019-08-20 17:30:51,896 [pool-494-thread-1] INFO  impl.RaftServerImpl (RaftServerImpl.java:start(180)) - be053fe7-daa4-4335-a0a6-d036739a6273: start group-8C7E0E694B1E
2019-08-20 17:30:51,896 [pool-494-thread-1] INFO  impl.RaftServerImpl (RaftServerImpl.java:setRole(171)) - be053fe7-daa4-4335-a0a6-d036739a6273:group-8C7E0E694B1E changes role from null to FOLLOWER at term 0 for startAsFollower
2019-08-20 17:30:51,896 [pool-494-thread-1] INFO  impl.RoleInfo (RoleInfo.java:updateAndGet(143)) - be053fe7-daa4-4335-a0a6-d036739a6273: start FollowerState
2019-08-20 17:30:51,897 [pool-494-thread-1] INFO  util.JmxRegister (JmxRegister.java:tryRegister(44)) - Successfully registered JMX Bean with object name Ratis:service=RaftServer,group=group-8C7E0E694B1E,id=be053fe7-daa4-4335-a0a6-d036739a6273
2019-08-20 17:30:51,901 [RatisPipelineUtilsThread] INFO  pipeline.PipelineStateManager (PipelineStateManager.java:addPipeline(56)) - Created pipeline Pipeline[ Id: c0259ad1-3816-4bc4-ada2-8c7e0e694b1e, Nodes: be053fe7-daa4-4335-a0a6-d036739a6273{ip: 192.168.5.168, host: pr-hdds-1927-28fzr-1052167450, networkLocation: /default-rack, certSerialId: null}, Type:RATIS, Factor:ONE, State:OPEN]
2019-08-20 17:30:51,912 [grpc-default-executor-4] INFO  impl.RaftServerProxy (RaftServerProxy.java:addNew(89)) - 6c4a6901-b690-4e6e-9f9b-d426bfd0501b: addNew group-201551AF80AB:[1995104d-c8de-4475-a574-4c6ff65d896e:192.168.5.168:36430, 6c4a6901-b690-4e6e-9f9b-d426bfd0501b:192.168.5.168:43721, be053fe7-daa4-4335-a0a6-d036739a6273:192.168.5.168:46280] returns group-201551AF80AB:java.util.concurrent.CompletableFuture@70d75eb7[Not completed]
2019-08-20 17:30:51,912 [grpc-default-executor-6] INFO  impl.RaftServerProxy (RaftServerProxy.java:addNew(89)) - 1995104d-c8de-4475-a574-4c6ff65d896e: addNew group-201551AF80AB:[1995104d-c8de-4475-a574-4c6ff65d896e:192.168.5.168:36430, 6c4a6901-b690-4e6e-9f9b-d426bfd0501b:192.168.5.168:43721, be053fe7-daa4-4335-a0a6-d036739a6273:192.168.5.168:46280] returns group-201551AF80AB:java.util.concurrent.CompletableFuture@6dea4e54[Not completed]
2019-08-20 17:30:51,912 [grpc-default-executor-0] INFO  impl.RaftServerProxy (RaftServerProxy.java:addNew(89)) - be053fe7-daa4-4335-a0a6-d036739a6273: addNew group-201551AF80AB:[1995104d-c8de-4475-a574-4c6ff65d896e:192.168.5.168:36430, 6c4a6901-b690-4e6e-9f9b-d426bfd0501b:192.168.5.168:43721, be053fe7-daa4-4335-a0a6-d036739a6273:192.168.5.168:46280] returns group-201551AF80AB:java.util.concurrent.CompletableFuture@4b2f875c[Not completed]
2019-08-20 17:30:51,914 [pool-472-thread-1] INFO  impl.RaftServerImpl (RaftServerImpl.java:<init>(93)) - 1995104d-c8de-4475-a574-4c6ff65d896e: new RaftServerImpl for group-201551AF80AB:[1995104d-c8de-4475-a574-4c6ff65d896e:192.168.5.168:36430, 6c4a6901-b690-4e6e-9f9b-d426bfd0501b:192.168.5.168:43721, be053fe7-daa4-4335-a0a6-d036739a6273:192.168.5.168:46280] with ContainerStateMachine:uninitialized
2019-08-20 17:30:51,914 [pool-472-thread-1] INFO  server.RaftServerConfigKeys (ConfUtils.java:logGet(43)) - raft.server.rpc.timeout.min = 5s (custom)
2019-08-20 17:30:51,914 [pool-472-thread-1] INFO  server.RaftServerConfigKeys (ConfUtils.java:logGet(43)) - raft.server.rpc.timeout.max = 5200ms (custom)
2019-08-20 17:30:51,914 [pool-494-thread-1] INFO  impl.RaftServerImpl (RaftServerImpl.java:<init>(93)) - be053fe7-daa4-4335-a0a6-d036739a6273: new RaftServerImpl for group-201551AF80AB:[1995104d-c8de-4475-a574-4c6ff65d896e:192.168.5.168:36430, 6c4a6901-b690-4e6e-9f9b-d426bfd0501b:192.168.5.168:43721, be053fe7-daa4-4335-a0a6-d036739a6273:192.168.5.168:46280] with ContainerStateMachine:uninitialized
2019-08-20 17:30:51,914 [pool-472-thread-1] INFO  server.RaftServerConfigKeys (ConfUtils.java:logGet(43)) - raft.server.rpcslowness.timeout = 120s (custom)
2019-08-20 17:30:51,914 [pool-494-thread-1] INFO  server.RaftServerConfigKeys (ConfUtils.java:logGet(43)) - raft.server.rpc.timeout.min = 5s (custom)
2019-08-20 17:30:51,915 [pool-472-thread-1] INFO  server.RaftServerConfigKeys (ConfUtils.java:logGet(43)) - raft.server.sleep.deviation.threshold = 300 (default)
2019-08-20 17:30:51,915 [pool-483-thread-1] INFO  impl.RaftServerImpl (RaftServerImpl.java:<init>(93)) - 6c4a6901-b690-4e6e-9f9b-d426bfd0501b: new RaftServerImpl for group-201551AF80AB:[1995104d-c8de-4475-a574-4c6ff65d896e:192.168.5.168:36430, 6c4a6901-b690-4e6e-9f9b-d426bfd0501b:192.168.5.168:43721, be053fe7-daa4-4335-a0a6-d036739a6273:192.168.5.168:46280] with ContainerStateMachine:uninitialized
2019-08-20 17:30:51,915 [pool-472-thread-1] INFO  server.RaftServerConfigKeys (ConfUtils.java:logGet(43)) - raft.server.log.appender.install.snapshot.enabled = false (custom)
2019-08-20 17:30:51,915 [pool-494-thread-1] INFO  server.RaftServerConfigKeys (ConfUtils.java:logGet(43)) - raft.server.rpc.timeout.max = 5200ms (custom)
2019-08-20 17:30:51,915 [pool-472-thread-1] INFO  impl.RaftServerImpl (ServerState.java:<init>(105)) - 1995104d-c8de-4475-a574-4c6ff65d896e:group-201551AF80AB ConfigurationManager, init=-1: [1995104d-c8de-4475-a574-4c6ff65d896e:192.168.5.168:36430, 6c4a6901-b690-4e6e-9f9b-d426bfd0501b:192.168.5.168:43721, be053fe7-daa4-4335-a0a6-d036739a6273:192.168.5.168:46280], old=null, confs=<EMPTY_MAP>
2019-08-20 17:30:51,915 [pool-483-thread-1] INFO  server.RaftServerConfigKeys (ConfUtils.java:logGet(43)) - raft.server.rpc.timeout.min = 5s (custom)
2019-08-20 17:30:51,916 [pool-472-thread-1] INFO  server.RaftServerConfigKeys (ConfUtils.java:logGet(43)) - raft.server.storage.dir = [/workdir/hadoop-ozone/integration-test/target/test-dir/MiniOzoneClusterImpl-7c4d8f4b-6ef9-4f83-95e6-46f70b8176c5/datanode-3/data/ratis] (custom)
2019-08-20 17:30:51,915 [pool-494-thread-1] INFO  server.RaftServerConfigKeys (ConfUtils.java:logGet(43)) - raft.server.rpcslowness.timeout = 120s (custom)
2019-08-20 17:30:51,916 [pool-483-thread-1] INFO  server.RaftServerConfigKeys (ConfUtils.java:logGet(43)) - raft.server.rpc.timeout.max = 5200ms (custom)
2019-08-20 17:30:51,916 [pool-494-thread-1] INFO  server.RaftServerConfigKeys (ConfUtils.java:logGet(43)) - raft.server.sleep.deviation.threshold = 300 (default)
2019-08-20 17:30:51,916 [pool-472-thread-1] INFO  storage.RaftStorageDirectory (RaftStorageDirectory.java:analyzeStorage(246)) - The storage directory /workdir/hadoop-ozone/integration-test/target/test-dir/MiniOzoneClusterImpl-7c4d8f4b-6ef9-4f83-95e6-46f70b8176c5/datanode-3/data/ratis/3fdbefe7-45a7-4892-82a8-201551af80ab does not exist. Creating ...
2019-08-20 17:30:51,916 [pool-494-thread-1] INFO  server.RaftServerConfigKeys (ConfUtils.java:logGet(43)) - raft.server.log.appender.install.snapshot.enabled = false (custom)
2019-08-20 17:30:51,916 [pool-483-thread-1] INFO  server.RaftServerConfigKeys (ConfUtils.java:logGet(43)) - raft.server.rpcslowness.timeout = 120s (custom)
2019-08-20 17:30:51,917 [pool-494-thread-1] INFO  impl.RaftServerImpl (ServerState.java:<init>(105)) - be053fe7-daa4-4335-a0a6-d036739a6273:group-201551AF80AB ConfigurationManager, init=-1: [1995104d-c8de-4475-a574-4c6ff65d896e:192.168.5.168:36430, 6c4a6901-b690-4e6e-9f9b-d426bfd0501b:192.168.5.168:43721, be053fe7-daa4-4335-a0a6-d036739a6273:192.168.5.168:46280], old=null, confs=<EMPTY_MAP>
2019-08-20 17:30:51,917 [pool-483-thread-1] INFO  server.RaftServerConfigKeys (ConfUtils.java:logGet(43)) - raft.server.sleep.deviation.threshold = 300 (default)
2019-08-20 17:30:51,917 [pool-494-thread-1] INFO  server.RaftServerConfigKeys (ConfUtils.java:logGet(43)) - raft.server.storage.dir = [/workdir/hadoop-ozone/integration-test/target/test-dir/MiniOzoneClusterImpl-7c4d8f4b-6ef9-4f83-95e6-46f70b8176c5/datanode-5/data/ratis] (custom)
2019-08-20 17:30:51,917 [pool-483-thread-1] INFO  server.RaftServerConfigKeys (ConfUtils.java:logGet(43)) - raft.server.log.appender.install.snapshot.enabled = false (custom)
2019-08-20 17:30:51,917 [pool-483-thread-1] INFO  impl.RaftServerImpl (ServerState.java:<init>(105)) - 6c4a6901-b690-4e6e-9f9b-d426bfd0501b:group-201551AF80AB ConfigurationManager, init=-1: [1995104d-c8de-4475-a574-4c6ff65d896e:192.168.5.168:36430, 6c4a6901-b690-4e6e-9f9b-d426bfd0501b:192.168.5.168:43721, be053fe7-daa4-4335-a0a6-d036739a6273:192.168.5.168:46280], old=null, confs=<EMPTY_MAP>
2019-08-20 17:30:51,918 [pool-494-thread-1] INFO  storage.RaftStorageDirectory (RaftStorageDirectory.java:analyzeStorage(246)) - The storage directory /workdir/hadoop-ozone/integration-test/target/test-dir/MiniOzoneClusterImpl-7c4d8f4b-6ef9-4f83-95e6-46f70b8176c5/datanode-5/data/ratis/3fdbefe7-45a7-4892-82a8-201551af80ab does not exist. Creating ...
2019-08-20 17:30:51,918 [pool-483-thread-1] INFO  server.RaftServerConfigKeys (ConfUtils.java:logGet(43)) - raft.server.storage.dir = [/workdir/hadoop-ozone/integration-test/target/test-dir/MiniOzoneClusterImpl-7c4d8f4b-6ef9-4f83-95e6-46f70b8176c5/datanode-4/data/ratis] (custom)
2019-08-20 17:30:51,918 [pool-483-thread-1] INFO  storage.RaftStorageDirectory (RaftStorageDirectory.java:analyzeStorage(246)) - The storage directory /workdir/hadoop-ozone/integration-test/target/test-dir/MiniOzoneClusterImpl-7c4d8f4b-6ef9-4f83-95e6-46f70b8176c5/datanode-4/data/ratis/3fdbefe7-45a7-4892-82a8-201551af80ab does not exist. Creating ...
2019-08-20 17:30:51,921 [pool-494-thread-1] INFO  storage.RaftStorageDirectory (RaftStorageDirectory.java:tryLock(328)) - Lock on /workdir/hadoop-ozone/integration-test/target/test-dir/MiniOzoneClusterImpl-7c4d8f4b-6ef9-4f83-95e6-46f70b8176c5/datanode-5/data/ratis/3fdbefe7-45a7-4892-82a8-201551af80ab/in_use.lock acquired by nodename 29220@pr-hdds-1927-28fzr-1052167450
2019-08-20 17:30:51,921 [pool-472-thread-1] INFO  storage.RaftStorageDirectory (RaftStorageDirectory.java:tryLock(328)) - Lock on /workdir/hadoop-ozone/integration-test/target/test-dir/MiniOzoneClusterImpl-7c4d8f4b-6ef9-4f83-95e6-46f70b8176c5/datanode-3/data/ratis/3fdbefe7-45a7-4892-82a8-201551af80ab/in_use.lock acquired by nodename 29220@pr-hdds-1927-28fzr-1052167450
2019-08-20 17:30:51,923 [pool-483-thread-1] INFO  storage.RaftStorageDirectory (RaftStorageDirectory.java:tryLock(328)) - Lock on /workdir/hadoop-ozone/integration-test/target/test-dir/MiniOzoneClusterImpl-7c4d8f4b-6ef9-4f83-95e6-46f70b8176c5/datanode-4/data/ratis/3fdbefe7-45a7-4892-82a8-201551af80ab/in_use.lock acquired by nodename 29220@pr-hdds-1927-28fzr-1052167450
2019-08-20 17:30:51,927 [pool-472-thread-1] INFO  storage.RaftStorage (RaftStorage.java:format(72)) - Storage directory /workdir/hadoop-ozone/integration-test/target/test-dir/MiniOzoneClusterImpl-7c4d8f4b-6ef9-4f83-95e6-46f70b8176c5/datanode-3/data/ratis/3fdbefe7-45a7-4892-82a8-201551af80ab has been successfully formatted.
2019-08-20 17:30:51,927 [pool-483-thread-1] INFO  storage.RaftStorage (RaftStorage.java:format(72)) - Storage directory /workdir/hadoop-ozone/integration-test/target/test-dir/MiniOzoneClusterImpl-7c4d8f4b-6ef9-4f83-95e6-46f70b8176c5/datanode-4/data/ratis/3fdbefe7-45a7-4892-82a8-201551af80ab has been successfully formatted.
2019-08-20 17:30:51,927 [pool-494-thread-1] INFO  storage.RaftStorage (RaftStorage.java:format(72)) - Storage directory /workdir/hadoop-ozone/integration-test/target/test-dir/MiniOzoneClusterImpl-7c4d8f4b-6ef9-4f83-95e6-46f70b8176c5/datanode-5/data/ratis/3fdbefe7-45a7-4892-82a8-201551af80ab has been successfully formatted.
2019-08-20 17:30:51,928 [pool-483-thread-1] INFO  ratis.ContainerStateMachine (ContainerStateMachine.java:loadSnapshot(222)) - group-201551AF80AB: The snapshot info is null. Setting the last applied indexto:(t:0, i:~)
2019-08-20 17:30:51,927 [pool-472-thread-1] INFO  ratis.ContainerStateMachine (ContainerStateMachine.java:loadSnapshot(222)) - group-201551AF80AB: The snapshot info is null. Setting the last applied indexto:(t:0, i:~)
2019-08-20 17:30:51,928 [pool-483-thread-1] INFO  server.RaftServerConfigKeys (ConfUtils.java:logGet(43)) - raft.server.leader.election.timeout = 120s (custom)
2019-08-20 17:30:51,928 [pool-494-thread-1] INFO  ratis.ContainerStateMachine (ContainerStateMachine.java:loadSnapshot(222)) - group-201551AF80AB: The snapshot info is null. Setting the last applied indexto:(t:0, i:~)
2019-08-20 17:30:51,928 [pool-483-thread-1] INFO  server.RaftServerConfigKeys (ConfUtils.java:logGet(43)) - raft.server.log.use.memory = false (default)
2019-08-20 17:30:51,928 [pool-472-thread-1] INFO  server.RaftServerConfigKeys (ConfUtils.java:logGet(43)) - raft.server.leader.election.timeout = 120s (custom)
2019-08-20 17:30:51,928 [pool-483-thread-1] INFO  server.RaftServerConfigKeys (ConfUtils.java:logGet(43)) - raft.server.log.purge.gap = 1000000 (custom)
2019-08-20 17:30:51,928 [pool-494-thread-1] INFO  server.RaftServerConfigKeys (ConfUtils.java:logGet(43)) - raft.server.leader.election.timeout = 120s (custom)
2019-08-20 17:30:51,929 [pool-483-thread-1] INFO  server.RaftServerConfigKeys (ConfUtils.java:logGet(43)) - raft.server.log.appender.buffer.byte-limit = 33554432 (custom)
2019-08-20 17:30:51,929 [pool-472-thread-1] INFO  server.RaftServerConfigKeys (ConfUtils.java:logGet(43)) - raft.server.log.use.memory = false (default)
2019-08-20 17:30:51,929 [pool-483-thread-1] INFO  server.RaftServerConfigKeys (ConfUtils.java:logGet(43)) - raft.server.log.segment.size.max = 1048576 (custom)
2019-08-20 17:30:51,929 [pool-483-thread-1] INFO  server.RaftServerConfigKeys (ConfUtils.java:logGet(43)) - raft.server.log.segment.cache.num.max = 2 (custom)
2019-08-20 17:30:51,929 [pool-494-thread-1] INFO  server.RaftServerConfigKeys (ConfUtils.java:logGet(43)) - raft.server.log.use.memory = false (default)
2019-08-20 17:30:51,930 [pool-483-thread-1] INFO  segmented.SegmentedRaftLogWorker (SegmentedRaftLogWorker.java:<init>(172)) - new 6c4a6901-b690-4e6e-9f9b-d426bfd0501b-SegmentedRaftLogWorker:Storage Directory /workdir/hadoop-ozone/integration-test/target/test-dir/MiniOzoneClusterImpl-7c4d8f4b-6ef9-4f83-95e6-46f70b8176c5/datanode-4/data/ratis/3fdbefe7-45a7-4892-82a8-201551af80ab for RaftStorage:Storage Directory /workdir/hadoop-ozone/integration-test/target/test-dir/MiniOzoneClusterImpl-7c4d8f4b-6ef9-4f83-95e6-46f70b8176c5/datanode-4/data/ratis/3fdbefe7-45a7-4892-82a8-201551af80ab
2019-08-20 17:30:51,929 [pool-472-thread-1] INFO  server.RaftServerConfigKeys (ConfUtils.java:logGet(43)) - raft.server.log.purge.gap = 1000000 (custom)
2019-08-20 17:30:51,930 [pool-483-thread-1] INFO  server.RaftServerConfigKeys (ConfUtils.java:logGet(43)) - raft.server.log.queue.byte-limit = 2147483647 (custom)
2019-08-20 17:30:51,930 [pool-494-thread-1] INFO  server.RaftServerConfigKeys (ConfUtils.java:logGet(43)) - raft.server.log.purge.gap = 1000000 (custom)
2019-08-20 17:30:51,930 [pool-483-thread-1] INFO  server.RaftServerConfigKeys (ConfUtils.java:logGet(43)) - raft.server.log.queue.element-limit = 1024 (custom)
2019-08-20 17:30:51,930 [pool-472-thread-1] INFO  server.RaftServerConfigKeys (ConfUtils.java:logGet(43)) - raft.server.log.appender.buffer.byte-limit = 33554432 (custom)
2019-08-20 17:30:51,931 [pool-483-thread-1] INFO  server.RaftServerConfigKeys (ConfUtils.java:logGet(43)) - raft.server.log.segment.size.max = 1048576 (custom)
2019-08-20 17:30:51,930 [pool-494-thread-1] INFO  server.RaftServerConfigKeys (ConfUtils.java:logGet(43)) - raft.server.log.appender.buffer.byte-limit = 33554432 (custom)
2019-08-20 17:30:51,931 [pool-483-thread-1] INFO  server.RaftServerConfigKeys (ConfUtils.java:logGet(43)) - raft.server.log.preallocated.size = 16384 (custom)
2019-08-20 17:30:51,931 [pool-472-thread-1] INFO  server.RaftServerConfigKeys (ConfUtils.java:logGet(43)) - raft.server.log.segment.size.max = 1048576 (custom)
2019-08-20 17:30:51,931 [pool-483-thread-1] INFO  server.RaftServerConfigKeys (ConfUtils.java:logGet(43)) - raft.server.log.write.buffer.size = 33554432 (custom)
2019-08-20 17:30:51,932 [pool-483-thread-1] INFO  server.RaftServerConfigKeys (ConfUtils.java:logGet(43)) - raft.server.log.force.sync.num = 128 (default)
2019-08-20 17:30:51,931 [pool-494-thread-1] INFO  server.RaftServerConfigKeys (ConfUtils.java:logGet(43)) - raft.server.log.segment.size.max = 1048576 (custom)
2019-08-20 17:30:51,932 [pool-483-thread-1] INFO  server.RaftServerConfigKeys (ConfUtils.java:logGet(43)) - raft.server.log.statemachine.data.sync = true (default)
2019-08-20 17:30:51,932 [pool-483-thread-1] INFO  server.RaftServerConfigKeys (ConfUtils.java:logGet(43)) - raft.server.log.statemachine.data.sync.timeout = 10s (default)
2019-08-20 17:30:51,931 [pool-472-thread-1] INFO  server.RaftServerConfigKeys (ConfUtils.java:logGet(43)) - raft.server.log.segment.cache.num.max = 2 (custom)
2019-08-20 17:30:51,932 [pool-483-thread-1] INFO  server.RaftServerConfigKeys (ConfUtils.java:logGet(43)) - raft.server.log.statemachine.data.sync.timeout.retry = -1 (default)
2019-08-20 17:30:51,932 [pool-494-thread-1] INFO  server.RaftServerConfigKeys (ConfUtils.java:logGet(43)) - raft.server.log.segment.cache.num.max = 2 (custom)
2019-08-20 17:30:51,933 [pool-483-thread-1] INFO  server.RaftServerConfigKeys (ConfUtils.java:logGet(43)) - raft.server.log.statemachine.data.caching.enabled = true (custom)
2019-08-20 17:30:51,932 [pool-472-thread-1] INFO  segmented.SegmentedRaftLogWorker (SegmentedRaftLogWorker.java:<init>(172)) - new 1995104d-c8de-4475-a574-4c6ff65d896e-SegmentedRaftLogWorker:Storage Directory /workdir/hadoop-ozone/integration-test/target/test-dir/MiniOzoneClusterImpl-7c4d8f4b-6ef9-4f83-95e6-46f70b8176c5/datanode-3/data/ratis/3fdbefe7-45a7-4892-82a8-201551af80ab for RaftStorage:Storage Directory /workdir/hadoop-ozone/integration-test/target/test-dir/MiniOzoneClusterImpl-7c4d8f4b-6ef9-4f83-95e6-46f70b8176c5/datanode-3/data/ratis/3fdbefe7-45a7-4892-82a8-201551af80ab
2019-08-20 17:30:51,933 [pool-494-thread-1] INFO  segmented.SegmentedRaftLogWorker (SegmentedRaftLogWorker.java:<init>(172)) - new be053fe7-daa4-4335-a0a6-d036739a6273-SegmentedRaftLogWorker:Storage Directory /workdir/hadoop-ozone/integration-test/target/test-dir/MiniOzoneClusterImpl-7c4d8f4b-6ef9-4f83-95e6-46f70b8176c5/datanode-5/data/ratis/3fdbefe7-45a7-4892-82a8-201551af80ab for RaftStorage:Storage Directory /workdir/hadoop-ozone/integration-test/target/test-dir/MiniOzoneClusterImpl-7c4d8f4b-6ef9-4f83-95e6-46f70b8176c5/datanode-5/data/ratis/3fdbefe7-45a7-4892-82a8-201551af80ab
2019-08-20 17:30:51,933 [pool-483-thread-1] INFO  segmented.SegmentedRaftLogWorker (SegmentedRaftLogWorker.java:lambda$new$0(132)) - 6c4a6901-b690-4e6e-9f9b-d426bfd0501b-SegmentedRaftLogWorker:Storage Directory /workdir/hadoop-ozone/integration-test/target/test-dir/MiniOzoneClusterImpl-7c4d8f4b-6ef9-4f83-95e6-46f70b8176c5/datanode-4/data/ratis/3fdbefe7-45a7-4892-82a8-201551af80ab: flushIndex: setUnconditionally 0 -> -1
2019-08-20 17:30:51,933 [pool-472-thread-1] INFO  server.RaftServerConfigKeys (ConfUtils.java:logGet(43)) - raft.server.log.queue.byte-limit = 2147483647 (custom)
2019-08-20 17:30:51,933 [pool-494-thread-1] INFO  server.RaftServerConfigKeys (ConfUtils.java:logGet(43)) - raft.server.log.queue.byte-limit = 2147483647 (custom)
2019-08-20 17:30:51,934 [pool-483-thread-1] INFO  server.RaftServerConfigKeys (ConfUtils.java:logGet(43)) - raft.server.snapshot.auto.trigger.enabled = true (custom)
2019-08-20 17:30:51,933 [pool-472-thread-1] INFO  server.RaftServerConfigKeys (ConfUtils.java:logGet(43)) - raft.server.log.queue.element-limit = 1024 (custom)
2019-08-20 17:30:51,934 [pool-483-thread-1] INFO  server.RaftServerConfigKeys (ConfUtils.java:logGet(43)) - raft.server.snapshot.auto.trigger.threshold = 10000 (custom)
2019-08-20 17:30:51,934 [pool-494-thread-1] INFO  server.RaftServerConfigKeys (ConfUtils.java:logGet(43)) - raft.server.log.queue.element-limit = 1024 (custom)
2019-08-20 17:30:51,934 [pool-483-thread-1] INFO  server.RaftServerConfigKeys (ConfUtils.java:logGet(43)) - raft.server.retrycache.expirytime = 600000ms (custom)
2019-08-20 17:30:51,934 [pool-472-thread-1] INFO  server.RaftServerConfigKeys (ConfUtils.java:logGet(43)) - raft.server.log.segment.size.max = 1048576 (custom)
2019-08-20 17:30:51,935 [pool-483-thread-1] INFO  impl.RaftServerImpl (RaftServerImpl.java:start(180)) - 6c4a6901-b690-4e6e-9f9b-d426bfd0501b: start group-201551AF80AB
2019-08-20 17:30:51,934 [pool-494-thread-1] INFO  server.RaftServerConfigKeys (ConfUtils.java:logGet(43)) - raft.server.log.segment.size.max = 1048576 (custom)
2019-08-20 17:30:51,935 [pool-483-thread-1] INFO  impl.RaftServerImpl (RaftServerImpl.java:setRole(171)) - 6c4a6901-b690-4e6e-9f9b-d426bfd0501b:group-201551AF80AB changes role from null to FOLLOWER at term 0 for startAsFollower
2019-08-20 17:30:51,935 [pool-472-thread-1] INFO  server.RaftServerConfigKeys (ConfUtils.java:logGet(43)) - raft.server.log.preallocated.size = 16384 (custom)
2019-08-20 17:30:51,935 [pool-483-thread-1] INFO  impl.RoleInfo (RoleInfo.java:updateAndGet(143)) - 6c4a6901-b690-4e6e-9f9b-d426bfd0501b: start FollowerState
2019-08-20 17:30:51,935 [pool-494-thread-1] INFO  server.RaftServerConfigKeys (ConfUtils.java:logGet(43)) - raft.server.log.preallocated.size = 16384 (custom)
2019-08-20 17:30:51,935 [pool-472-thread-1] INFO  server.RaftServerConfigKeys (ConfUtils.java:logGet(43)) - raft.server.log.write.buffer.size = 33554432 (custom)
2019-08-20 17:30:51,936 [pool-483-thread-1] INFO  util.JmxRegister (JmxRegister.java:tryRegister(44)) - Successfully registered JMX Bean with object name Ratis:service=RaftServer,group=group-201551AF80AB,id=6c4a6901-b690-4e6e-9f9b-d426bfd0501b
2019-08-20 17:30:51,936 [pool-494-thread-1] INFO  server.RaftServerConfigKeys (ConfUtils.java:logGet(43)) - raft.server.log.write.buffer.size = 33554432 (custom)
2019-08-20 17:30:51,936 [pool-472-thread-1] INFO  server.RaftServerConfigKeys (ConfUtils.java:logGet(43)) - raft.server.log.force.sync.num = 128 (default)
2019-08-20 17:30:51,936 [pool-494-thread-1] INFO  server.RaftServerConfigKeys (ConfUtils.java:logGet(43)) - raft.server.log.force.sync.num = 128 (default)
2019-08-20 17:30:51,936 [pool-472-thread-1] INFO  server.RaftServerConfigKeys (ConfUtils.java:logGet(43)) - raft.server.log.statemachine.data.sync = true (default)
2019-08-20 17:30:51,937 [pool-494-thread-1] INFO  server.RaftServerConfigKeys (ConfUtils.java:logGet(43)) - raft.server.log.statemachine.data.sync = true (default)
2019-08-20 17:30:51,937 [pool-472-thread-1] INFO  server.RaftServerConfigKeys (ConfUtils.java:logGet(43)) - raft.server.log.statemachine.data.sync.timeout = 10s (default)
2019-08-20 17:30:51,937 [pool-494-thread-1] INFO  server.RaftServerConfigKeys (ConfUtils.java:logGet(43)) - raft.server.log.statemachine.data.sync.timeout = 10s (default)
2019-08-20 17:30:51,937 [pool-472-thread-1] INFO  server.RaftServerConfigKeys (ConfUtils.java:logGet(43)) - raft.server.log.statemachine.data.sync.timeout.retry = -1 (default)
2019-08-20 17:30:51,940 [pool-494-thread-1] INFO  server.RaftServerConfigKeys (ConfUtils.java:logGet(43)) - raft.server.log.statemachine.data.sync.timeout.retry = -1 (default)
2019-08-20 17:30:51,940 [pool-472-thread-1] INFO  server.RaftServerConfigKeys (ConfUtils.java:logGet(43)) - raft.server.log.statemachine.data.caching.enabled = true (custom)
2019-08-20 17:30:51,940 [pool-494-thread-1] INFO  server.RaftServerConfigKeys (ConfUtils.java:logGet(43)) - raft.server.log.statemachine.data.caching.enabled = true (custom)
2019-08-20 17:30:51,940 [pool-472-thread-1] INFO  segmented.SegmentedRaftLogWorker (SegmentedRaftLogWorker.java:lambda$new$0(132)) - 1995104d-c8de-4475-a574-4c6ff65d896e-SegmentedRaftLogWorker:Storage Directory /workdir/hadoop-ozone/integration-test/target/test-dir/MiniOzoneClusterImpl-7c4d8f4b-6ef9-4f83-95e6-46f70b8176c5/datanode-3/data/ratis/3fdbefe7-45a7-4892-82a8-201551af80ab: flushIndex: setUnconditionally 0 -> -1
2019-08-20 17:30:51,941 [pool-494-thread-1] INFO  segmented.SegmentedRaftLogWorker (SegmentedRaftLogWorker.java:lambda$new$0(132)) - be053fe7-daa4-4335-a0a6-d036739a6273-SegmentedRaftLogWorker:Storage Directory /workdir/hadoop-ozone/integration-test/target/test-dir/MiniOzoneClusterImpl-7c4d8f4b-6ef9-4f83-95e6-46f70b8176c5/datanode-5/data/ratis/3fdbefe7-45a7-4892-82a8-201551af80ab: flushIndex: setUnconditionally 0 -> -1
2019-08-20 17:30:51,941 [pool-472-thread-1] INFO  server.RaftServerConfigKeys (ConfUtils.java:logGet(43)) - raft.server.snapshot.auto.trigger.enabled = true (custom)
2019-08-20 17:30:51,941 [pool-472-thread-1] INFO  server.RaftServerConfigKeys (ConfUtils.java:logGet(43)) - raft.server.snapshot.auto.trigger.threshold = 10000 (custom)
2019-08-20 17:30:51,941 [pool-494-thread-1] INFO  server.RaftServerConfigKeys (ConfUtils.java:logGet(43)) - raft.server.snapshot.auto.trigger.enabled = true (custom)
2019-08-20 17:30:51,941 [pool-472-thread-1] INFO  server.RaftServerConfigKeys (ConfUtils.java:logGet(43)) - raft.server.retrycache.expirytime = 600000ms (custom)
2019-08-20 17:30:51,941 [pool-494-thread-1] INFO  server.RaftServerConfigKeys (ConfUtils.java:logGet(43)) - raft.server.snapshot.auto.trigger.threshold = 10000 (custom)
2019-08-20 17:30:51,942 [pool-472-thread-1] INFO  impl.RaftServerImpl (RaftServerImpl.java:start(180)) - 1995104d-c8de-4475-a574-4c6ff65d896e: start group-201551AF80AB
2019-08-20 17:30:51,942 [pool-494-thread-1] INFO  server.RaftServerConfigKeys (ConfUtils.java:logGet(43)) - raft.server.retrycache.expirytime = 600000ms (custom)
2019-08-20 17:30:51,942 [pool-472-thread-1] INFO  impl.RaftServerImpl (RaftServerImpl.java:setRole(171)) - 1995104d-c8de-4475-a574-4c6ff65d896e:group-201551AF80AB changes role from null to FOLLOWER at term 0 for startAsFollower
2019-08-20 17:30:51,942 [pool-494-thread-1] INFO  impl.RaftServerImpl (RaftServerImpl.java:start(180)) - be053fe7-daa4-4335-a0a6-d036739a6273: start group-201551AF80AB
2019-08-20 17:30:51,942 [pool-472-thread-1] INFO  impl.RoleInfo (RoleInfo.java:updateAndGet(143)) - 1995104d-c8de-4475-a574-4c6ff65d896e: start FollowerState
2019-08-20 17:30:51,942 [pool-494-thread-1] INFO  impl.RaftServerImpl (RaftServerImpl.java:setRole(171)) - be053fe7-daa4-4335-a0a6-d036739a6273:group-201551AF80AB changes role from null to FOLLOWER at term 0 for startAsFollower
2019-08-20 17:30:51,943 [pool-494-thread-1] INFO  impl.RoleInfo (RoleInfo.java:updateAndGet(143)) - be053fe7-daa4-4335-a0a6-d036739a6273: start FollowerState
2019-08-20 17:30:51,943 [pool-472-thread-1] INFO  util.JmxRegister (JmxRegister.java:tryRegister(44)) - Successfully registered JMX Bean with object name Ratis:service=RaftServer,group=group-201551AF80AB,id=1995104d-c8de-4475-a574-4c6ff65d896e
2019-08-20 17:30:51,943 [pool-494-thread-1] INFO  util.JmxRegister (JmxRegister.java:tryRegister(44)) - Successfully registered JMX Bean with object name Ratis:service=RaftServer,group=group-201551AF80AB,id=be053fe7-daa4-4335-a0a6-d036739a6273
2019-08-20 17:30:51,950 [RatisPipelineUtilsThread] INFO  pipeline.PipelineStateManager (PipelineStateManager.java:addPipeline(56)) - Created pipeline Pipeline[ Id: 3fdbefe7-45a7-4892-82a8-201551af80ab, Nodes: 6c4a6901-b690-4e6e-9f9b-d426bfd0501b{ip: 192.168.5.168, host: pr-hdds-1927-28fzr-1052167450, networkLocation: /default-rack, certSerialId: null}be053fe7-daa4-4335-a0a6-d036739a6273{ip: 192.168.5.168, host: pr-hdds-1927-28fzr-1052167450, networkLocation: /default-rack, certSerialId: null}1995104d-c8de-4475-a574-4c6ff65d896e{ip: 192.168.5.168, host: pr-hdds-1927-28fzr-1052167450, networkLocation: /default-rack, certSerialId: null}, Type:RATIS, Factor:THREE, State:OPEN]
2019-08-20 17:30:52,009 [main] INFO  ozone.MiniOzoneClusterImpl (MiniOzoneClusterImpl.java:lambda$waitForClusterToBeReady$0(142)) - Waiting for cluster to be ready. Got 6 of 7 DN Heartbeats.
2019-08-20 17:30:52,010 [IPC Server handler 0 on 39414] INFO  net.NetworkTopology (NetworkTopologyImpl.java:add(110)) - Added a new node: /default-rack/c4be4be4-1f04-4e64-8fc9-c7c8b3e12d80
2019-08-20 17:30:52,010 [IPC Server handler 0 on 39414] INFO  node.SCMNodeManager (SCMNodeManager.java:register(273)) - Registered Data node : c4be4be4-1f04-4e64-8fc9-c7c8b3e12d80{ip: 192.168.5.168, host: pr-hdds-1927-28fzr-1052167450, networkLocation: /default-rack, certSerialId: null}
2019-08-20 17:30:52,011 | INFO  | SCMAudit | user=jenkins1000 | ip=192.168.5.168 | op=REGISTER {datanodeDetails=c4be4be4-1f04-4e64-8fc9-c7c8b3e12d80{ip: 192.168.5.168, host: pr-hdds-1927-28fzr-1052167450, networkLocation: /default-rack, certSerialId: null}} | ret=SUCCESS |  
2019-08-20 17:30:52,017 [grpc-default-executor-0] INFO  impl.RaftServerProxy (RaftServerProxy.java:addNew(89)) - c4be4be4-1f04-4e64-8fc9-c7c8b3e12d80: addNew group-E710645A75A7:[c4be4be4-1f04-4e64-8fc9-c7c8b3e12d80:192.168.5.168:44827] returns group-E710645A75A7:java.util.concurrent.CompletableFuture@4b7a5f49[Not completed]
2019-08-20 17:30:52,019 [pool-505-thread-1] INFO  impl.RaftServerImpl (RaftServerImpl.java:<init>(93)) - c4be4be4-1f04-4e64-8fc9-c7c8b3e12d80: new RaftServerImpl for group-E710645A75A7:[c4be4be4-1f04-4e64-8fc9-c7c8b3e12d80:192.168.5.168:44827] with ContainerStateMachine:uninitialized
2019-08-20 17:30:52,019 [pool-505-thread-1] INFO  server.RaftServerConfigKeys (ConfUtils.java:logGet(43)) - raft.server.rpc.timeout.min = 5s (custom)
2019-08-20 17:30:52,019 [pool-505-thread-1] INFO  server.RaftServerConfigKeys (ConfUtils.java:logGet(43)) - raft.server.rpc.timeout.max = 5200ms (custom)
2019-08-20 17:30:52,019 [pool-505-thread-1] INFO  server.RaftServerConfigKeys (ConfUtils.java:logGet(43)) - raft.server.rpcslowness.timeout = 120s (custom)
2019-08-20 17:30:52,019 [pool-505-thread-1] INFO  server.RaftServerConfigKeys (ConfUtils.java:logGet(43)) - raft.server.sleep.deviation.threshold = 300 (default)
2019-08-20 17:30:52,019 [pool-505-thread-1] INFO  server.RaftServerConfigKeys (ConfUtils.java:logGet(43)) - raft.server.log.appender.install.snapshot.enabled = false (custom)
2019-08-20 17:30:52,019 [pool-505-thread-1] INFO  impl.RaftServerImpl (ServerState.java:<init>(105)) - c4be4be4-1f04-4e64-8fc9-c7c8b3e12d80:group-E710645A75A7 ConfigurationManager, init=-1: [c4be4be4-1f04-4e64-8fc9-c7c8b3e12d80:192.168.5.168:44827], old=null, confs=<EMPTY_MAP>
2019-08-20 17:30:52,020 [pool-505-thread-1] INFO  server.RaftServerConfigKeys (ConfUtils.java:logGet(43)) - raft.server.storage.dir = [/workdir/hadoop-ozone/integration-test/target/test-dir/MiniOzoneClusterImpl-7c4d8f4b-6ef9-4f83-95e6-46f70b8176c5/datanode-6/data/ratis] (custom)
2019-08-20 17:30:52,020 [pool-505-thread-1] INFO  storage.RaftStorageDirectory (RaftStorageDirectory.java:analyzeStorage(246)) - The storage directory /workdir/hadoop-ozone/integration-test/target/test-dir/MiniOzoneClusterImpl-7c4d8f4b-6ef9-4f83-95e6-46f70b8176c5/datanode-6/data/ratis/e0c23197-1f05-4f19-863d-e710645a75a7 does not exist. Creating ...
2019-08-20 17:30:52,045 [pool-505-thread-1] INFO  storage.RaftStorageDirectory (RaftStorageDirectory.java:tryLock(328)) - Lock on /workdir/hadoop-ozone/integration-test/target/test-dir/MiniOzoneClusterImpl-7c4d8f4b-6ef9-4f83-95e6-46f70b8176c5/datanode-6/data/ratis/e0c23197-1f05-4f19-863d-e710645a75a7/in_use.lock acquired by nodename 29220@pr-hdds-1927-28fzr-1052167450
2019-08-20 17:30:52,058 [pool-505-thread-1] INFO  storage.RaftStorage (RaftStorage.java:format(72)) - Storage directory /workdir/hadoop-ozone/integration-test/target/test-dir/MiniOzoneClusterImpl-7c4d8f4b-6ef9-4f83-95e6-46f70b8176c5/datanode-6/data/ratis/e0c23197-1f05-4f19-863d-e710645a75a7 has been successfully formatted.
2019-08-20 17:30:52,058 [pool-505-thread-1] INFO  ratis.ContainerStateMachine (ContainerStateMachine.java:loadSnapshot(222)) - group-E710645A75A7: The snapshot info is null. Setting the last applied indexto:(t:0, i:~)
2019-08-20 17:30:52,059 [pool-505-thread-1] INFO  server.RaftServerConfigKeys (ConfUtils.java:logGet(43)) - raft.server.leader.election.timeout = 120s (custom)
2019-08-20 17:30:52,059 [pool-505-thread-1] INFO  server.RaftServerConfigKeys (ConfUtils.java:logGet(43)) - raft.server.log.use.memory = false (default)
2019-08-20 17:30:52,059 [pool-505-thread-1] INFO  server.RaftServerConfigKeys (ConfUtils.java:logGet(43)) - raft.server.log.purge.gap = 1000000 (custom)
2019-08-20 17:30:52,059 [pool-505-thread-1] INFO  server.RaftServerConfigKeys (ConfUtils.java:logGet(43)) - raft.server.log.appender.buffer.byte-limit = 33554432 (custom)
2019-08-20 17:30:52,059 [pool-505-thread-1] INFO  server.RaftServerConfigKeys (ConfUtils.java:logGet(43)) - raft.server.log.segment.size.max = 1048576 (custom)
2019-08-20 17:30:52,059 [pool-505-thread-1] INFO  server.RaftServerConfigKeys (ConfUtils.java:logGet(43)) - raft.server.log.segment.cache.num.max = 2 (custom)
2019-08-20 17:30:52,059 [pool-505-thread-1] INFO  segmented.SegmentedRaftLogWorker (SegmentedRaftLogWorker.java:<init>(172)) - new c4be4be4-1f04-4e64-8fc9-c7c8b3e12d80-SegmentedRaftLogWorker:Storage Directory /workdir/hadoop-ozone/integration-test/target/test-dir/MiniOzoneClusterImpl-7c4d8f4b-6ef9-4f83-95e6-46f70b8176c5/datanode-6/data/ratis/e0c23197-1f05-4f19-863d-e710645a75a7 for RaftStorage:Storage Directory /workdir/hadoop-ozone/integration-test/target/test-dir/MiniOzoneClusterImpl-7c4d8f4b-6ef9-4f83-95e6-46f70b8176c5/datanode-6/data/ratis/e0c23197-1f05-4f19-863d-e710645a75a7
2019-08-20 17:30:52,060 [pool-505-thread-1] INFO  server.RaftServerConfigKeys (ConfUtils.java:logGet(43)) - raft.server.log.queue.byte-limit = 2147483647 (custom)
2019-08-20 17:30:52,060 [pool-505-thread-1] INFO  server.RaftServerConfigKeys (ConfUtils.java:logGet(43)) - raft.server.log.queue.element-limit = 1024 (custom)
2019-08-20 17:30:52,060 [pool-505-thread-1] INFO  server.RaftServerConfigKeys (ConfUtils.java:logGet(43)) - raft.server.log.segment.size.max = 1048576 (custom)
2019-08-20 17:30:52,060 [pool-505-thread-1] INFO  server.RaftServerConfigKeys (ConfUtils.java:logGet(43)) - raft.server.log.preallocated.size = 16384 (custom)
2019-08-20 17:30:52,060 [pool-505-thread-1] INFO  server.RaftServerConfigKeys (ConfUtils.java:logGet(43)) - raft.server.log.write.buffer.size = 33554432 (custom)
2019-08-20 17:30:52,060 [pool-505-thread-1] INFO  server.RaftServerConfigKeys (ConfUtils.java:logGet(43)) - raft.server.log.force.sync.num = 128 (default)
2019-08-20 17:30:52,061 [pool-505-thread-1] INFO  server.RaftServerConfigKeys (ConfUtils.java:logGet(43)) - raft.server.log.statemachine.data.sync = true (default)
2019-08-20 17:30:52,061 [pool-505-thread-1] INFO  server.RaftServerConfigKeys (ConfUtils.java:logGet(43)) - raft.server.log.statemachine.data.sync.timeout = 10s (default)
2019-08-20 17:30:52,061 [pool-505-thread-1] INFO  server.RaftServerConfigKeys (ConfUtils.java:logGet(43)) - raft.server.log.statemachine.data.sync.timeout.retry = -1 (default)
2019-08-20 17:30:52,061 [pool-505-thread-1] INFO  server.RaftServerConfigKeys (ConfUtils.java:logGet(43)) - raft.server.log.statemachine.data.caching.enabled = true (custom)
2019-08-20 17:30:52,061 [pool-505-thread-1] INFO  segmented.SegmentedRaftLogWorker (SegmentedRaftLogWorker.java:lambda$new$0(132)) - c4be4be4-1f04-4e64-8fc9-c7c8b3e12d80-SegmentedRaftLogWorker:Storage Directory /workdir/hadoop-ozone/integration-test/target/test-dir/MiniOzoneClusterImpl-7c4d8f4b-6ef9-4f83-95e6-46f70b8176c5/datanode-6/data/ratis/e0c23197-1f05-4f19-863d-e710645a75a7: flushIndex: setUnconditionally 0 -> -1
2019-08-20 17:30:52,062 [pool-505-thread-1] INFO  server.RaftServerConfigKeys (ConfUtils.java:logGet(43)) - raft.server.snapshot.auto.trigger.enabled = true (custom)
2019-08-20 17:30:52,062 [pool-505-thread-1] INFO  server.RaftServerConfigKeys (ConfUtils.java:logGet(43)) - raft.server.snapshot.auto.trigger.threshold = 10000 (custom)
2019-08-20 17:30:52,062 [pool-505-thread-1] INFO  server.RaftServerConfigKeys (ConfUtils.java:logGet(43)) - raft.server.retrycache.expirytime = 600000ms (custom)
2019-08-20 17:30:52,062 [pool-505-thread-1] INFO  impl.RaftServerImpl (RaftServerImpl.java:start(180)) - c4be4be4-1f04-4e64-8fc9-c7c8b3e12d80: start group-E710645A75A7
2019-08-20 17:30:52,062 [pool-505-thread-1] INFO  impl.RaftServerImpl (RaftServerImpl.java:setRole(171)) - c4be4be4-1f04-4e64-8fc9-c7c8b3e12d80:group-E710645A75A7 changes role from null to FOLLOWER at term 0 for startAsFollower
2019-08-20 17:30:52,062 [pool-505-thread-1] INFO  impl.RoleInfo (RoleInfo.java:updateAndGet(143)) - c4be4be4-1f04-4e64-8fc9-c7c8b3e12d80: start FollowerState
2019-08-20 17:30:52,063 [pool-505-thread-1] INFO  util.JmxRegister (JmxRegister.java:tryRegister(44)) - Successfully registered JMX Bean with object name Ratis:service=RaftServer,group=group-E710645A75A7,id=c4be4be4-1f04-4e64-8fc9-c7c8b3e12d80
2019-08-20 17:30:52,067 [RatisPipelineUtilsThread] INFO  pipeline.PipelineStateManager (PipelineStateManager.java:addPipeline(56)) - Created pipeline Pipeline[ Id: e0c23197-1f05-4f19-863d-e710645a75a7, Nodes: c4be4be4-1f04-4e64-8fc9-c7c8b3e12d80{ip: 192.168.5.168, host: pr-hdds-1927-28fzr-1052167450, networkLocation: /default-rack, certSerialId: null}, Type:RATIS, Factor:ONE, State:OPEN]
2019-08-20 17:30:52,840 | INFO  | SCMAudit | user=jenkins1000 | ip=192.168.5.168 | op=SEND_HEARTBEAT {datanodeUUID=22376942-19b4-4255-bdb4-c51c782b6438, command=[]} | ret=SUCCESS |  
2019-08-20 17:30:53,010 [main] INFO  ozone.MiniOzoneClusterImpl (MiniOzoneClusterImpl.java:lambda$waitForClusterToBeReady$0(142)) - Cluster is ready. Got 7 of 7 DN Heartbeats.
2019-08-20 17:30:53,037 | INFO  | SCMAudit | user=jenkins1000 | ip=192.168.5.168 | op=SEND_HEARTBEAT {datanodeUUID=9d32e657-27b9-4d89-b8c3-3e7cbe4e0bae, command=[]} | ret=SUCCESS |  
2019-08-20 17:30:53,040 [main] INFO  rpc.RpcClient (RpcClient.java:createVolume(293)) - Creating Volume: testblockoutputstream, with jenkins1000 as owner.
2019-08-20 17:30:53,043 | INFO  | OMAudit | user=jenkins1000 | ip=127.0.0.1 | op=CREATE_VOLUME {admin=jenkins1000, owner=jenkins1000, volume=testblockoutputstream, creationTime=1566322253042, quotaInBytes=1152921504606846976} | ret=SUCCESS |  
2019-08-20 17:30:53,056 | INFO  | OMAudit | user=jenkins1000 | ip=127.0.0.1 | op=READ_VOLUME {volume=testblockoutputstream} | ret=SUCCESS |  
2019-08-20 17:30:53,057 [main] INFO  rpc.RpcClient (RpcClient.java:createBucket(432)) - Creating Bucket: testblockoutputstream/testblockoutputstream, with Versioning false and Storage Type set to DISK and Encryption set to false 
2019-08-20 17:30:53,062 | INFO  | OMAudit | user=jenkins1000 | ip=127.0.0.1 | op=CREATE_BUCKET {volume=testblockoutputstream, bucket=testblockoutputstream, acls=[user:jenkins1000:a[ACCESS], group:default:a[ACCESS]], isVersionEnabled=false, storageType=DISK, creationTime=0} | ret=SUCCESS |  
2019-08-20 17:30:53,063 | INFO  | OMAudit | user=jenkins1000 | ip=127.0.0.1 | op=READ_VOLUME {volume=testblockoutputstream} | ret=SUCCESS |  
2019-08-20 17:30:53,065 | INFO  | OMAudit | user=jenkins1000 | ip=127.0.0.1 | op=READ_BUCKET {volume=testblockoutputstream, bucket=testblockoutputstream} | ret=SUCCESS |  
2019-08-20 17:30:53,069 | INFO  | SCMAudit | user=jenkins1000 | ip=192.168.5.168 | op=ALLOCATE_BLOCK {owner=6c9a2a79-707d-4bce-8fd9-d04bf0c0f9e6, size=800, type=RATIS, factor=THREE} | ret=SUCCESS |  
2019-08-20 17:30:53,073 | INFO  | OMAudit | user=jenkins1000 | ip=127.0.0.1 | op=ALLOCATE_KEY {volume=testblockoutputstream, bucket=testblockoutputstream, key=13977d12-54e8-4db2-b198-f80eccb3b63f, dataSize=0, replicationType=RATIS, replicationFactor=THREE, keyLocationInfo=null} | ret=SUCCESS |  
2019-08-20 17:30:53,087 [grpc-default-executor-0] INFO  client.GrpcClientProtocolClient (GrpcClientProtocolClient.java:onNext(255)) - client-5BA33208DA75->6c4a6901-b690-4e6e-9f9b-d426bfd0501b: receive RaftClientReply:client-5BA33208DA75->6c4a6901-b690-4e6e-9f9b-d426bfd0501b@group-201551AF80AB, cid=168, FAILED org.apache.ratis.protocol.NotLeaderException: Server 6c4a6901-b690-4e6e-9f9b-d426bfd0501b is not the leader (null). Request must be sent to leader., logIndex=0, commits[6c4a6901-b690-4e6e-9f9b-d426bfd0501b:c-1]
2019-08-20 17:30:53,217 | INFO  | SCMAudit | user=jenkins1000 | ip=192.168.5.168 | op=SEND_HEARTBEAT {datanodeUUID=868c4038-48e0-4158-9c2b-9080e3500686, command=[]} | ret=SUCCESS |  
2019-08-20 17:30:53,539 | INFO  | SCMAudit | user=jenkins1000 | ip=192.168.5.168 | op=SEND_HEARTBEAT {datanodeUUID=1995104d-c8de-4475-a574-4c6ff65d896e, command=[]} | ret=SUCCESS |  
2019-08-20 17:30:53,690 | INFO  | SCMAudit | user=jenkins1000 | ip=192.168.5.168 | op=SEND_HEARTBEAT {datanodeUUID=6c4a6901-b690-4e6e-9f9b-d426bfd0501b, command=[]} | ret=SUCCESS |  
2019-08-20 17:30:53,840 | INFO  | SCMAudit | user=jenkins1000 | ip=192.168.5.168 | op=SEND_HEARTBEAT {datanodeUUID=22376942-19b4-4255-bdb4-c51c782b6438, command=[]} | ret=SUCCESS |  
2019-08-20 17:30:53,850 | INFO  | SCMAudit | user=jenkins1000 | ip=192.168.5.168 | op=SEND_HEARTBEAT {datanodeUUID=be053fe7-daa4-4335-a0a6-d036739a6273, command=[]} | ret=SUCCESS |  
2019-08-20 17:30:53,859 [Thread-3306] INFO  container.ReplicationManager (ReplicationManager.java:start(152)) - Starting Replication Monitor Thread.
2019-08-20 17:30:53,862 [ReplicationMonitor] INFO  container.ReplicationManager (ReplicationManager.java:run(215)) - Replication Monitor Thread took 0 milliseconds for processing 1 containers.
2019-08-20 17:30:54,009 | INFO  | SCMAudit | user=jenkins1000 | ip=192.168.5.168 | op=SEND_HEARTBEAT {datanodeUUID=c4be4be4-1f04-4e64-8fc9-c7c8b3e12d80, command=[]} | ret=SUCCESS |  
2019-08-20 17:30:54,028 | INFO  | SCMAudit | user=jenkins1000 | ip=192.168.5.168 | op=SEND_HEARTBEAT {datanodeUUID=9d32e657-27b9-4d89-b8c3-3e7cbe4e0bae, command=[]} | ret=SUCCESS |  
2019-08-20 17:30:54,102 [grpc-default-executor-4] INFO  client.GrpcClientProtocolClient (GrpcClientProtocolClient.java:onNext(255)) - client-5BA33208DA75->be053fe7-daa4-4335-a0a6-d036739a6273: receive RaftClientReply:client-5BA33208DA75->be053fe7-daa4-4335-a0a6-d036739a6273@group-201551AF80AB, cid=168, FAILED org.apache.ratis.protocol.NotLeaderException: Server be053fe7-daa4-4335-a0a6-d036739a6273 is not the leader (null). Request must be sent to leader., logIndex=0, commits[be053fe7-daa4-4335-a0a6-d036739a6273:c-1]
2019-08-20 17:30:54,216 | INFO  | SCMAudit | user=jenkins1000 | ip=192.168.5.168 | op=SEND_HEARTBEAT {datanodeUUID=868c4038-48e0-4158-9c2b-9080e3500686, command=[]} | ret=SUCCESS |  
2019-08-20 17:30:54,539 | INFO  | SCMAudit | user=jenkins1000 | ip=192.168.5.168 | op=SEND_HEARTBEAT {datanodeUUID=1995104d-c8de-4475-a574-4c6ff65d896e, command=[]} | ret=SUCCESS |  
2019-08-20 17:30:54,690 | INFO  | SCMAudit | user=jenkins1000 | ip=192.168.5.168 | op=SEND_HEARTBEAT {datanodeUUID=6c4a6901-b690-4e6e-9f9b-d426bfd0501b, command=[]} | ret=SUCCESS |  
2019-08-20 17:30:54,840 | INFO  | SCMAudit | user=jenkins1000 | ip=192.168.5.168 | op=SEND_HEARTBEAT {datanodeUUID=22376942-19b4-4255-bdb4-c51c782b6438, command=[]} | ret=SUCCESS |  
2019-08-20 17:30:54,851 | INFO  | SCMAudit | user=jenkins1000 | ip=192.168.5.168 | op=SEND_HEARTBEAT {datanodeUUID=be053fe7-daa4-4335-a0a6-d036739a6273, command=[]} | ret=SUCCESS |  
2019-08-20 17:30:55,009 | INFO  | SCMAudit | user=jenkins1000 | ip=192.168.5.168 | op=SEND_HEARTBEAT {datanodeUUID=c4be4be4-1f04-4e64-8fc9-c7c8b3e12d80, command=[]} | ret=SUCCESS |  
2019-08-20 17:30:55,028 | INFO  | SCMAudit | user=jenkins1000 | ip=192.168.5.168 | op=SEND_HEARTBEAT {datanodeUUID=9d32e657-27b9-4d89-b8c3-3e7cbe4e0bae, command=[]} | ret=SUCCESS |  
2019-08-20 17:30:55,122 [grpc-default-executor-4] INFO  client.GrpcClientProtocolClient (GrpcClientProtocolClient.java:onNext(255)) - client-5BA33208DA75->1995104d-c8de-4475-a574-4c6ff65d896e: receive RaftClientReply:client-5BA33208DA75->1995104d-c8de-4475-a574-4c6ff65d896e@group-201551AF80AB, cid=168, FAILED org.apache.ratis.protocol.NotLeaderException: Server 1995104d-c8de-4475-a574-4c6ff65d896e is not the leader (null). Request must be sent to leader., logIndex=0, commits[1995104d-c8de-4475-a574-4c6ff65d896e:c-1]
2019-08-20 17:30:55,216 | INFO  | SCMAudit | user=jenkins1000 | ip=192.168.5.168 | op=SEND_HEARTBEAT {datanodeUUID=868c4038-48e0-4158-9c2b-9080e3500686, command=[]} | ret=SUCCESS |  
2019-08-20 17:30:55,539 | INFO  | SCMAudit | user=jenkins1000 | ip=192.168.5.168 | op=SEND_HEARTBEAT {datanodeUUID=1995104d-c8de-4475-a574-4c6ff65d896e, command=[]} | ret=SUCCESS |  
2019-08-20 17:30:55,690 | INFO  | SCMAudit | user=jenkins1000 | ip=192.168.5.168 | op=SEND_HEARTBEAT {datanodeUUID=6c4a6901-b690-4e6e-9f9b-d426bfd0501b, command=[]} | ret=SUCCESS |  
2019-08-20 17:30:55,840 | INFO  | SCMAudit | user=jenkins1000 | ip=192.168.5.168 | op=SEND_HEARTBEAT {datanodeUUID=22376942-19b4-4255-bdb4-c51c782b6438, command=[]} | ret=SUCCESS |  
2019-08-20 17:30:55,851 | INFO  | SCMAudit | user=jenkins1000 | ip=192.168.5.168 | op=SEND_HEARTBEAT {datanodeUUID=be053fe7-daa4-4335-a0a6-d036739a6273, command=[]} | ret=SUCCESS |  
2019-08-20 17:30:55,963 [Thread-3308] INFO  impl.FollowerState (FollowerState.java:run(106)) - 22376942-19b4-4255-bdb4-c51c782b6438:group-CD7EF95B6F57 changes to CANDIDATE, lastRpcTime:5060, electionTimeout:5060ms
2019-08-20 17:30:55,963 [Thread-3308] INFO  impl.RoleInfo (RoleInfo.java:shutdownFollowerState(121)) - 22376942-19b4-4255-bdb4-c51c782b6438: shutdown FollowerState
2019-08-20 17:30:55,963 [Thread-3308] INFO  impl.RaftServerImpl (RaftServerImpl.java:setRole(171)) - 22376942-19b4-4255-bdb4-c51c782b6438:group-CD7EF95B6F57 changes role from FOLLOWER to CANDIDATE at term 0 for changeToCandidate
2019-08-20 17:30:55,963 [Thread-3308] INFO  impl.RoleInfo (RoleInfo.java:updateAndGet(143)) - 22376942-19b4-4255-bdb4-c51c782b6438: start LeaderElection
2019-08-20 17:30:55,997 [22376942-19b4-4255-bdb4-c51c782b6438:group-CD7EF95B6F57:LeaderElection54] INFO  impl.LeaderElection (LeaderElection.java:askForVotes(181)) - 22376942-19b4-4255-bdb4-c51c782b6438:group-CD7EF95B6F57:LeaderElection54: begin an election at term 1 for -1: [22376942-19b4-4255-bdb4-c51c782b6438:192.168.5.168:39722], old=null
2019-08-20 17:30:55,997 [22376942-19b4-4255-bdb4-c51c782b6438:group-CD7EF95B6F57:LeaderElection54] INFO  impl.RoleInfo (RoleInfo.java:shutdownLeaderElection(134)) - 22376942-19b4-4255-bdb4-c51c782b6438: shutdown LeaderElection
2019-08-20 17:30:55,998 [22376942-19b4-4255-bdb4-c51c782b6438:group-CD7EF95B6F57:LeaderElection54] INFO  impl.RaftServerImpl (RaftServerImpl.java:setRole(171)) - 22376942-19b4-4255-bdb4-c51c782b6438:group-CD7EF95B6F57 changes role from CANDIDATE to LEADER at term 1 for changeToLeader
2019-08-20 17:30:55,998 [22376942-19b4-4255-bdb4-c51c782b6438:group-CD7EF95B6F57:LeaderElection54] INFO  impl.RaftServerImpl (ServerState.java:setLeader(263)) - 22376942-19b4-4255-bdb4-c51c782b6438:group-CD7EF95B6F57 change Leader from null to 22376942-19b4-4255-bdb4-c51c782b6438 at term 1 for becomeLeader, leader elected after 5098ms
2019-08-20 17:30:55,998 [22376942-19b4-4255-bdb4-c51c782b6438:group-CD7EF95B6F57:LeaderElection54] INFO  server.RaftServerConfigKeys (ConfUtils.java:logGet(43)) - raft.server.staging.catchup.gap = 1000 (default)
2019-08-20 17:30:55,998 [22376942-19b4-4255-bdb4-c51c782b6438:group-CD7EF95B6F57:LeaderElection54] INFO  server.RaftServerConfigKeys (ConfUtils.java:logGet(43)) - raft.server.rpc.sleep.time = 25ms (default)
2019-08-20 17:30:55,998 [22376942-19b4-4255-bdb4-c51c782b6438:group-CD7EF95B6F57:LeaderElection54] INFO  server.RaftServerConfigKeys (ConfUtils.java:logGet(43)) - raft.server.write.element-limit = 4096 (default)
2019-08-20 17:30:55,998 [22376942-19b4-4255-bdb4-c51c782b6438:group-CD7EF95B6F57:LeaderElection54] INFO  server.RaftServerConfigKeys (ConfUtils.java:logGet(43)) - raft.server.watch.timeout = 10s (default)
2019-08-20 17:30:55,999 [22376942-19b4-4255-bdb4-c51c782b6438:group-CD7EF95B6F57:LeaderElection54] INFO  server.RaftServerConfigKeys (ConfUtils.java:logGet(43)) - raft.server.watch.timeout.denomination = 1s (default)
2019-08-20 17:30:55,999 [22376942-19b4-4255-bdb4-c51c782b6438:group-CD7EF95B6F57:LeaderElection54] INFO  server.RaftServerConfigKeys (ConfUtils.java:logGet(43)) - raft.server.watch.element-limit = 65536 (default)
2019-08-20 17:30:55,999 [22376942-19b4-4255-bdb4-c51c782b6438:group-CD7EF95B6F57:LeaderElection54] INFO  impl.RoleInfo (RoleInfo.java:updateAndGet(143)) - 22376942-19b4-4255-bdb4-c51c782b6438: start LeaderState
2019-08-20 17:30:55,999 [22376942-19b4-4255-bdb4-c51c782b6438:group-CD7EF95B6F57:LeaderElection54] INFO  segmented.SegmentedRaftLogWorker (SegmentedRaftLogWorker.java:startLogSegment(380)) - 22376942-19b4-4255-bdb4-c51c782b6438-SegmentedRaftLogWorker:Storage Directory /workdir/hadoop-ozone/integration-test/target/test-dir/MiniOzoneClusterImpl-7c4d8f4b-6ef9-4f83-95e6-46f70b8176c5/datanode-0/data/ratis/70a92448-5539-417e-929c-cd7ef95b6f57: Starting segment from index:0
2019-08-20 17:30:56,000 [22376942-19b4-4255-bdb4-c51c782b6438:group-CD7EF95B6F57:LeaderElection54] INFO  impl.RaftServerImpl (ServerState.java:setRaftConf(361)) - 22376942-19b4-4255-bdb4-c51c782b6438:group-CD7EF95B6F57 set configuration 0: [22376942-19b4-4255-bdb4-c51c782b6438:192.168.5.168:39722], old=null at 0
2019-08-20 17:30:56,009 | INFO  | SCMAudit | user=jenkins1000 | ip=192.168.5.168 | op=SEND_HEARTBEAT {datanodeUUID=c4be4be4-1f04-4e64-8fc9-c7c8b3e12d80, command=[]} | ret=SUCCESS |  
2019-08-20 17:30:56,028 | INFO  | SCMAudit | user=jenkins1000 | ip=192.168.5.168 | op=SEND_HEARTBEAT {datanodeUUID=9d32e657-27b9-4d89-b8c3-3e7cbe4e0bae, command=[]} | ret=SUCCESS |  
2019-08-20 17:30:56,034 [22376942-19b4-4255-bdb4-c51c782b6438-SegmentedRaftLogWorker:Storage Directory /workdir/hadoop-ozone/integration-test/target/test-dir/MiniOzoneClusterImpl-7c4d8f4b-6ef9-4f83-95e6-46f70b8176c5/datanode-0/data/ratis/70a92448-5539-417e-929c-cd7ef95b6f57] INFO  segmented.SegmentedRaftLogWorker (SegmentedRaftLogWorker.java:execute(569)) - 22376942-19b4-4255-bdb4-c51c782b6438-SegmentedRaftLogWorker:Storage Directory /workdir/hadoop-ozone/integration-test/target/test-dir/MiniOzoneClusterImpl-7c4d8f4b-6ef9-4f83-95e6-46f70b8176c5/datanode-0/data/ratis/70a92448-5539-417e-929c-cd7ef95b6f57: created new log segment /workdir/hadoop-ozone/integration-test/target/test-dir/MiniOzoneClusterImpl-7c4d8f4b-6ef9-4f83-95e6-46f70b8176c5/datanode-0/data/ratis/70a92448-5539-417e-929c-cd7ef95b6f57/current/log_inprogress_0
2019-08-20 17:30:56,134 [grpc-default-executor-6] INFO  client.GrpcClientProtocolClient (GrpcClientProtocolClient.java:onNext(255)) - client-5BA33208DA75->6c4a6901-b690-4e6e-9f9b-d426bfd0501b: receive RaftClientReply:client-5BA33208DA75->6c4a6901-b690-4e6e-9f9b-d426bfd0501b@group-201551AF80AB, cid=168, FAILED org.apache.ratis.protocol.NotLeaderException: Server 6c4a6901-b690-4e6e-9f9b-d426bfd0501b is not the leader (null). Request must be sent to leader., logIndex=0, commits[6c4a6901-b690-4e6e-9f9b-d426bfd0501b:c-1]
2019-08-20 17:30:56,153 [Thread-3311] INFO  impl.FollowerState (FollowerState.java:run(106)) - 9d32e657-27b9-4d89-b8c3-3e7cbe4e0bae:group-AA3788DAC708 changes to CANDIDATE, lastRpcTime:5084, electionTimeout:5084ms
2019-08-20 17:30:56,153 [Thread-3311] INFO  impl.RoleInfo (RoleInfo.java:shutdownFollowerState(121)) - 9d32e657-27b9-4d89-b8c3-3e7cbe4e0bae: shutdown FollowerState
2019-08-20 17:30:56,153 [Thread-3311] INFO  impl.RaftServerImpl (RaftServerImpl.java:setRole(171)) - 9d32e657-27b9-4d89-b8c3-3e7cbe4e0bae:group-AA3788DAC708 changes role from FOLLOWER to CANDIDATE at term 0 for changeToCandidate
2019-08-20 17:30:56,153 [Thread-3311] INFO  impl.RoleInfo (RoleInfo.java:updateAndGet(143)) - 9d32e657-27b9-4d89-b8c3-3e7cbe4e0bae: start LeaderElection
2019-08-20 17:30:56,173 [9d32e657-27b9-4d89-b8c3-3e7cbe4e0bae:group-AA3788DAC708:LeaderElection55] INFO  impl.LeaderElection (LeaderElection.java:askForVotes(181)) - 9d32e657-27b9-4d89-b8c3-3e7cbe4e0bae:group-AA3788DAC708:LeaderElection55: begin an election at term 1 for -1: [9d32e657-27b9-4d89-b8c3-3e7cbe4e0bae:192.168.5.168:39672], old=null
2019-08-20 17:30:56,173 [9d32e657-27b9-4d89-b8c3-3e7cbe4e0bae:group-AA3788DAC708:LeaderElection55] INFO  impl.RoleInfo (RoleInfo.java:shutdownLeaderElection(134)) - 9d32e657-27b9-4d89-b8c3-3e7cbe4e0bae: shutdown LeaderElection
2019-08-20 17:30:56,173 [9d32e657-27b9-4d89-b8c3-3e7cbe4e0bae:group-AA3788DAC708:LeaderElection55] INFO  impl.RaftServerImpl (RaftServerImpl.java:setRole(171)) - 9d32e657-27b9-4d89-b8c3-3e7cbe4e0bae:group-AA3788DAC708 changes role from CANDIDATE to LEADER at term 1 for changeToLeader
2019-08-20 17:30:56,173 [9d32e657-27b9-4d89-b8c3-3e7cbe4e0bae:group-AA3788DAC708:LeaderElection55] INFO  impl.RaftServerImpl (ServerState.java:setLeader(263)) - 9d32e657-27b9-4d89-b8c3-3e7cbe4e0bae:group-AA3788DAC708 change Leader from null to 9d32e657-27b9-4d89-b8c3-3e7cbe4e0bae at term 1 for becomeLeader, leader elected after 5108ms
2019-08-20 17:30:56,173 [9d32e657-27b9-4d89-b8c3-3e7cbe4e0bae:group-AA3788DAC708:LeaderElection55] INFO  server.RaftServerConfigKeys (ConfUtils.java:logGet(43)) - raft.server.staging.catchup.gap = 1000 (default)
2019-08-20 17:30:56,174 [9d32e657-27b9-4d89-b8c3-3e7cbe4e0bae:group-AA3788DAC708:LeaderElection55] INFO  server.RaftServerConfigKeys (ConfUtils.java:logGet(43)) - raft.server.rpc.sleep.time = 25ms (default)
2019-08-20 17:30:56,174 [9d32e657-27b9-4d89-b8c3-3e7cbe4e0bae:group-AA3788DAC708:LeaderElection55] INFO  server.RaftServerConfigKeys (ConfUtils.java:logGet(43)) - raft.server.write.element-limit = 4096 (default)
2019-08-20 17:30:56,174 [9d32e657-27b9-4d89-b8c3-3e7cbe4e0bae:group-AA3788DAC708:LeaderElection55] INFO  server.RaftServerConfigKeys (ConfUtils.java:logGet(43)) - raft.server.watch.timeout = 10s (default)
2019-08-20 17:30:56,174 [9d32e657-27b9-4d89-b8c3-3e7cbe4e0bae:group-AA3788DAC708:LeaderElection55] INFO  server.RaftServerConfigKeys (ConfUtils.java:logGet(43)) - raft.server.watch.timeout.denomination = 1s (default)
2019-08-20 17:30:56,174 [9d32e657-27b9-4d89-b8c3-3e7cbe4e0bae:group-AA3788DAC708:LeaderElection55] INFO  server.RaftServerConfigKeys (ConfUtils.java:logGet(43)) - raft.server.watch.element-limit = 65536 (default)
2019-08-20 17:30:56,174 [9d32e657-27b9-4d89-b8c3-3e7cbe4e0bae:group-AA3788DAC708:LeaderElection55] INFO  impl.RoleInfo (RoleInfo.java:updateAndGet(143)) - 9d32e657-27b9-4d89-b8c3-3e7cbe4e0bae: start LeaderState
2019-08-20 17:30:56,175 [9d32e657-27b9-4d89-b8c3-3e7cbe4e0bae:group-AA3788DAC708:LeaderElection55] INFO  segmented.SegmentedRaftLogWorker (SegmentedRaftLogWorker.java:startLogSegment(380)) - 9d32e657-27b9-4d89-b8c3-3e7cbe4e0bae-SegmentedRaftLogWorker:Storage Directory /workdir/hadoop-ozone/integration-test/target/test-dir/MiniOzoneClusterImpl-7c4d8f4b-6ef9-4f83-95e6-46f70b8176c5/datanode-1/data/ratis/38ea0c17-97a9-4294-9001-aa3788dac708: Starting segment from index:0
2019-08-20 17:30:56,175 [9d32e657-27b9-4d89-b8c3-3e7cbe4e0bae:group-AA3788DAC708:LeaderElection55] INFO  impl.RaftServerImpl (ServerState.java:setRaftConf(361)) - 9d32e657-27b9-4d89-b8c3-3e7cbe4e0bae:group-AA3788DAC708 set configuration 0: [9d32e657-27b9-4d89-b8c3-3e7cbe4e0bae:192.168.5.168:39672], old=null at 0
2019-08-20 17:30:56,216 | INFO  | SCMAudit | user=jenkins1000 | ip=192.168.5.168 | op=SEND_HEARTBEAT {datanodeUUID=868c4038-48e0-4158-9c2b-9080e3500686, command=[]} | ret=SUCCESS |  
2019-08-20 17:30:56,218 [9d32e657-27b9-4d89-b8c3-3e7cbe4e0bae-SegmentedRaftLogWorker:Storage Directory /workdir/hadoop-ozone/integration-test/target/test-dir/MiniOzoneClusterImpl-7c4d8f4b-6ef9-4f83-95e6-46f70b8176c5/datanode-1/data/ratis/38ea0c17-97a9-4294-9001-aa3788dac708] INFO  segmented.SegmentedRaftLogWorker (SegmentedRaftLogWorker.java:execute(569)) - 9d32e657-27b9-4d89-b8c3-3e7cbe4e0bae-SegmentedRaftLogWorker:Storage Directory /workdir/hadoop-ozone/integration-test/target/test-dir/MiniOzoneClusterImpl-7c4d8f4b-6ef9-4f83-95e6-46f70b8176c5/datanode-1/data/ratis/38ea0c17-97a9-4294-9001-aa3788dac708: created new log segment /workdir/hadoop-ozone/integration-test/target/test-dir/MiniOzoneClusterImpl-7c4d8f4b-6ef9-4f83-95e6-46f70b8176c5/datanode-1/data/ratis/38ea0c17-97a9-4294-9001-aa3788dac708/current/log_inprogress_0
2019-08-20 17:30:56,373 [Thread-3321] INFO  impl.FollowerState (FollowerState.java:run(106)) - 9d32e657-27b9-4d89-b8c3-3e7cbe4e0bae:group-965AF072D4A4 changes to CANDIDATE, lastRpcTime:5043, electionTimeout:5043ms
2019-08-20 17:30:56,373 [Thread-3321] INFO  impl.RoleInfo (RoleInfo.java:shutdownFollowerState(121)) - 9d32e657-27b9-4d89-b8c3-3e7cbe4e0bae: shutdown FollowerState
2019-08-20 17:30:56,373 [Thread-3321] INFO  impl.RaftServerImpl (RaftServerImpl.java:setRole(171)) - 9d32e657-27b9-4d89-b8c3-3e7cbe4e0bae:group-965AF072D4A4 changes role from FOLLOWER to CANDIDATE at term 0 for changeToCandidate
2019-08-20 17:30:56,374 [Thread-3321] INFO  impl.RoleInfo (RoleInfo.java:updateAndGet(143)) - 9d32e657-27b9-4d89-b8c3-3e7cbe4e0bae: start LeaderElection
2019-08-20 17:30:56,406 [9d32e657-27b9-4d89-b8c3-3e7cbe4e0bae:group-965AF072D4A4:LeaderElection56] INFO  impl.LeaderElection (LeaderElection.java:askForVotes(181)) - 9d32e657-27b9-4d89-b8c3-3e7cbe4e0bae:group-965AF072D4A4:LeaderElection56: begin an election at term 1 for -1: [868c4038-48e0-4158-9c2b-9080e3500686:192.168.5.168:33920, 9d32e657-27b9-4d89-b8c3-3e7cbe4e0bae:192.168.5.168:39672, 22376942-19b4-4255-bdb4-c51c782b6438:192.168.5.168:39722], old=null
2019-08-20 17:30:56,421 [grpc-default-executor-6] INFO  impl.RaftServerImpl (RaftServerImpl.java:setRole(171)) - 868c4038-48e0-4158-9c2b-9080e3500686:group-965AF072D4A4 changes role from FOLLOWER to FOLLOWER at term 1 for recognizeCandidate:9d32e657-27b9-4d89-b8c3-3e7cbe4e0bae
2019-08-20 17:30:56,421 [grpc-default-executor-6] INFO  impl.RoleInfo (RoleInfo.java:shutdownFollowerState(121)) - 868c4038-48e0-4158-9c2b-9080e3500686: shutdown FollowerState
2019-08-20 17:30:56,421 [grpc-default-executor-4] INFO  impl.RaftServerImpl (RaftServerImpl.java:setRole(171)) - 22376942-19b4-4255-bdb4-c51c782b6438:group-965AF072D4A4 changes role from FOLLOWER to FOLLOWER at term 1 for recognizeCandidate:9d32e657-27b9-4d89-b8c3-3e7cbe4e0bae
2019-08-20 17:30:56,422 [Thread-3322] INFO  impl.FollowerState (FollowerState.java:run(114)) - 868c4038-48e0-4158-9c2b-9080e3500686: FollowerState was interrupted: java.lang.InterruptedException: sleep interrupted
2019-08-20 17:30:56,422 [grpc-default-executor-6] INFO  impl.RoleInfo (RoleInfo.java:updateAndGet(143)) - 868c4038-48e0-4158-9c2b-9080e3500686: start FollowerState
2019-08-20 17:30:56,422 [grpc-default-executor-4] INFO  impl.RoleInfo (RoleInfo.java:shutdownFollowerState(121)) - 22376942-19b4-4255-bdb4-c51c782b6438: shutdown FollowerState
2019-08-20 17:30:56,425 [grpc-default-executor-4] INFO  impl.RoleInfo (RoleInfo.java:updateAndGet(143)) - 22376942-19b4-4255-bdb4-c51c782b6438: start FollowerState
2019-08-20 17:30:56,425 [Thread-3317] INFO  impl.FollowerState (FollowerState.java:run(114)) - 22376942-19b4-4255-bdb4-c51c782b6438: FollowerState was interrupted: java.lang.InterruptedException: sleep interrupted
2019-08-20 17:30:56,444 [9d32e657-27b9-4d89-b8c3-3e7cbe4e0bae:group-965AF072D4A4:LeaderElection56] INFO  impl.LeaderElection (LeaderElection.java:logAndReturn(56)) - 9d32e657-27b9-4d89-b8c3-3e7cbe4e0bae:group-965AF072D4A4:LeaderElection56: Election PASSED; received 1 response(s) [9d32e657-27b9-4d89-b8c3-3e7cbe4e0bae<-868c4038-48e0-4158-9c2b-9080e3500686#0:OK-t1] and 0 exception(s); 9d32e657-27b9-4d89-b8c3-3e7cbe4e0bae:t1, leader=null, voted=9d32e657-27b9-4d89-b8c3-3e7cbe4e0bae, raftlog=9d32e657-27b9-4d89-b8c3-3e7cbe4e0bae-SegmentedRaftLog:OPENED:c-1,f-1,i0, conf=-1: [868c4038-48e0-4158-9c2b-9080e3500686:192.168.5.168:33920, 9d32e657-27b9-4d89-b8c3-3e7cbe4e0bae:192.168.5.168:39672, 22376942-19b4-4255-bdb4-c51c782b6438:192.168.5.168:39722], old=null
2019-08-20 17:30:56,444 [9d32e657-27b9-4d89-b8c3-3e7cbe4e0bae:group-965AF072D4A4:LeaderElection56] INFO  impl.RoleInfo (RoleInfo.java:shutdownLeaderElection(134)) - 9d32e657-27b9-4d89-b8c3-3e7cbe4e0bae: shutdown LeaderElection
2019-08-20 17:30:56,445 [9d32e657-27b9-4d89-b8c3-3e7cbe4e0bae:group-965AF072D4A4:LeaderElection56] INFO  impl.RaftServerImpl (RaftServerImpl.java:setRole(171)) - 9d32e657-27b9-4d89-b8c3-3e7cbe4e0bae:group-965AF072D4A4 changes role from CANDIDATE to LEADER at term 1 for changeToLeader
2019-08-20 17:30:56,445 [9d32e657-27b9-4d89-b8c3-3e7cbe4e0bae:group-965AF072D4A4:LeaderElection56] INFO  impl.RaftServerImpl (ServerState.java:setLeader(263)) - 9d32e657-27b9-4d89-b8c3-3e7cbe4e0bae:group-965AF072D4A4 change Leader from null to 9d32e657-27b9-4d89-b8c3-3e7cbe4e0bae at term 1 for becomeLeader, leader elected after 5126ms
2019-08-20 17:30:56,445 [9d32e657-27b9-4d89-b8c3-3e7cbe4e0bae:group-965AF072D4A4:LeaderElection56] INFO  server.RaftServerConfigKeys (ConfUtils.java:logGet(43)) - raft.server.staging.catchup.gap = 1000 (default)
2019-08-20 17:30:56,445 [9d32e657-27b9-4d89-b8c3-3e7cbe4e0bae:group-965AF072D4A4:LeaderElection56] INFO  server.RaftServerConfigKeys (ConfUtils.java:logGet(43)) - raft.server.rpc.sleep.time = 25ms (default)
2019-08-20 17:30:56,445 [9d32e657-27b9-4d89-b8c3-3e7cbe4e0bae:group-965AF072D4A4:LeaderElection56] INFO  server.RaftServerConfigKeys (ConfUtils.java:logGet(43)) - raft.server.write.element-limit = 4096 (default)
2019-08-20 17:30:56,445 [9d32e657-27b9-4d89-b8c3-3e7cbe4e0bae:group-965AF072D4A4:LeaderElection56] INFO  server.RaftServerConfigKeys (ConfUtils.java:logGet(43)) - raft.server.watch.timeout = 10s (default)
2019-08-20 17:30:56,446 [9d32e657-27b9-4d89-b8c3-3e7cbe4e0bae:group-965AF072D4A4:LeaderElection56] INFO  server.RaftServerConfigKeys (ConfUtils.java:logGet(43)) - raft.server.watch.timeout.denomination = 1s (default)
2019-08-20 17:30:56,446 [9d32e657-27b9-4d89-b8c3-3e7cbe4e0bae:group-965AF072D4A4:LeaderElection56] INFO  server.RaftServerConfigKeys (ConfUtils.java:logGet(43)) - raft.server.watch.element-limit = 65536 (default)
2019-08-20 17:30:56,446 [9d32e657-27b9-4d89-b8c3-3e7cbe4e0bae:group-965AF072D4A4:LeaderElection56] INFO  server.RaftServerConfigKeys (ConfUtils.java:logGet(43)) - raft.server.log.appender.snapshot.chunk.size.max = 16MB (=16777216) (default)
2019-08-20 17:30:56,446 [9d32e657-27b9-4d89-b8c3-3e7cbe4e0bae:group-965AF072D4A4:LeaderElection56] INFO  server.RaftServerConfigKeys (ConfUtils.java:logGet(43)) - raft.server.log.appender.buffer.byte-limit = 33554432 (custom)
2019-08-20 17:30:56,446 [9d32e657-27b9-4d89-b8c3-3e7cbe4e0bae:group-965AF072D4A4:LeaderElection56] INFO  server.RaftServerConfigKeys (ConfUtils.java:logGet(43)) - raft.server.log.appender.buffer.element-limit = 1 (custom)
2019-08-20 17:30:56,446 [9d32e657-27b9-4d89-b8c3-3e7cbe4e0bae:group-965AF072D4A4:LeaderElection56] INFO  grpc.GrpcConfigKeys$Server (ConfUtils.java:logGet(43)) - raft.grpc.server.leader.outstanding.appends.max = 128 (default)
2019-08-20 17:30:56,447 [9d32e657-27b9-4d89-b8c3-3e7cbe4e0bae:group-965AF072D4A4:LeaderElection56] INFO  server.RaftServerConfigKeys (ConfUtils.java:logGet(43)) - raft.server.rpc.request.timeout = 3000ms (default)
2019-08-20 17:30:56,447 [9d32e657-27b9-4d89-b8c3-3e7cbe4e0bae:group-965AF072D4A4:LeaderElection56] INFO  server.RaftServerConfigKeys (ConfUtils.java:logGet(43)) - raft.server.log.appender.install.snapshot.enabled = false (custom)
2019-08-20 17:30:56,447 [9d32e657-27b9-4d89-b8c3-3e7cbe4e0bae:group-965AF072D4A4:LeaderElection56] INFO  server.RaftServerConfigKeys (ConfUtils.java:logGet(43)) - raft.server.log.appender.snapshot.chunk.size.max = 16MB (=16777216) (default)
2019-08-20 17:30:56,447 [9d32e657-27b9-4d89-b8c3-3e7cbe4e0bae:group-965AF072D4A4:LeaderElection56] INFO  server.RaftServerConfigKeys (ConfUtils.java:logGet(43)) - raft.server.log.appender.buffer.byte-limit = 33554432 (custom)
2019-08-20 17:30:56,447 [9d32e657-27b9-4d89-b8c3-3e7cbe4e0bae:group-965AF072D4A4:LeaderElection56] INFO  server.RaftServerConfigKeys (ConfUtils.java:logGet(43)) - raft.server.log.appender.buffer.element-limit = 1 (custom)
2019-08-20 17:30:56,448 [9d32e657-27b9-4d89-b8c3-3e7cbe4e0bae:group-965AF072D4A4:LeaderElection56] INFO  grpc.GrpcConfigKeys$Server (ConfUtils.java:logGet(43)) - raft.grpc.server.leader.outstanding.appends.max = 128 (default)
2019-08-20 17:30:56,448 [9d32e657-27b9-4d89-b8c3-3e7cbe4e0bae:group-965AF072D4A4:LeaderElection56] INFO  server.RaftServerConfigKeys (ConfUtils.java:logGet(43)) - raft.server.rpc.request.timeout = 3000ms (default)
2019-08-20 17:30:56,448 [9d32e657-27b9-4d89-b8c3-3e7cbe4e0bae:group-965AF072D4A4:LeaderElection56] INFO  server.RaftServerConfigKeys (ConfUtils.java:logGet(43)) - raft.server.log.appender.install.snapshot.enabled = false (custom)
2019-08-20 17:30:56,448 [9d32e657-27b9-4d89-b8c3-3e7cbe4e0bae:group-965AF072D4A4:LeaderElection56] INFO  impl.RoleInfo (RoleInfo.java:updateAndGet(143)) - 9d32e657-27b9-4d89-b8c3-3e7cbe4e0bae: start LeaderState
2019-08-20 17:30:56,448 [9d32e657-27b9-4d89-b8c3-3e7cbe4e0bae:group-965AF072D4A4:LeaderElection56] INFO  segmented.SegmentedRaftLogWorker (SegmentedRaftLogWorker.java:startLogSegment(380)) - 9d32e657-27b9-4d89-b8c3-3e7cbe4e0bae-SegmentedRaftLogWorker:Storage Directory /workdir/hadoop-ozone/integration-test/target/test-dir/MiniOzoneClusterImpl-7c4d8f4b-6ef9-4f83-95e6-46f70b8176c5/datanode-1/data/ratis/9851c3d2-2219-4d9e-8426-965af072d4a4: Starting segment from index:0
2019-08-20 17:30:56,449 [9d32e657-27b9-4d89-b8c3-3e7cbe4e0bae:group-965AF072D4A4:LeaderElection56] INFO  impl.RaftServerImpl (ServerState.java:setRaftConf(361)) - 9d32e657-27b9-4d89-b8c3-3e7cbe4e0bae:group-965AF072D4A4 set configuration 0: [868c4038-48e0-4158-9c2b-9080e3500686:192.168.5.168:33920, 9d32e657-27b9-4d89-b8c3-3e7cbe4e0bae:192.168.5.168:39672, 22376942-19b4-4255-bdb4-c51c782b6438:192.168.5.168:39722], old=null at 0
2019-08-20 17:30:56,450 [Thread-3314] INFO  impl.FollowerState (FollowerState.java:run(106)) - 868c4038-48e0-4158-9c2b-9080e3500686:group-B50590AFBF29 changes to CANDIDATE, lastRpcTime:5186, electionTimeout:5186ms
2019-08-20 17:30:56,450 [Thread-3314] INFO  impl.RoleInfo (RoleInfo.java:shutdownFollowerState(121)) - 868c4038-48e0-4158-9c2b-9080e3500686: shutdown FollowerState
2019-08-20 17:30:56,450 [Thread-3314] INFO  impl.RaftServerImpl (RaftServerImpl.java:setRole(171)) - 868c4038-48e0-4158-9c2b-9080e3500686:group-B50590AFBF29 changes role from FOLLOWER to CANDIDATE at term 0 for changeToCandidate
2019-08-20 17:30:56,450 [grpc-default-executor-6] INFO  impl.RaftServerImpl (ServerState.java:setLeader(263)) - 868c4038-48e0-4158-9c2b-9080e3500686:group-965AF072D4A4 change Leader from null to 9d32e657-27b9-4d89-b8c3-3e7cbe4e0bae at term 1 for appendEntries, leader elected after 5132ms
2019-08-20 17:30:56,450 [grpc-default-executor-4] INFO  impl.RaftServerImpl (ServerState.java:setLeader(263)) - 22376942-19b4-4255-bdb4-c51c782b6438:group-965AF072D4A4 change Leader from null to 9d32e657-27b9-4d89-b8c3-3e7cbe4e0bae at term 1 for appendEntries, leader elected after 5132ms
2019-08-20 17:30:56,450 [Thread-3314] INFO  impl.RoleInfo (RoleInfo.java:updateAndGet(143)) - 868c4038-48e0-4158-9c2b-9080e3500686: start LeaderElection
2019-08-20 17:30:56,479 [grpc-default-executor-4] INFO  impl.RaftServerImpl (ServerState.java:setRaftConf(361)) - 868c4038-48e0-4158-9c2b-9080e3500686:group-965AF072D4A4 set configuration 0: [868c4038-48e0-4158-9c2b-9080e3500686:192.168.5.168:33920, 9d32e657-27b9-4d89-b8c3-3e7cbe4e0bae:192.168.5.168:39672, 22376942-19b4-4255-bdb4-c51c782b6438:192.168.5.168:39722], old=null at 0
2019-08-20 17:30:56,479 [grpc-default-executor-6] INFO  impl.RaftServerImpl (ServerState.java:setRaftConf(361)) - 22376942-19b4-4255-bdb4-c51c782b6438:group-965AF072D4A4 set configuration 0: [868c4038-48e0-4158-9c2b-9080e3500686:192.168.5.168:33920, 9d32e657-27b9-4d89-b8c3-3e7cbe4e0bae:192.168.5.168:39672, 22376942-19b4-4255-bdb4-c51c782b6438:192.168.5.168:39722], old=null at 0
2019-08-20 17:30:56,479 [grpc-default-executor-4] INFO  segmented.SegmentedRaftLogWorker (SegmentedRaftLogWorker.java:startLogSegment(380)) - 868c4038-48e0-4158-9c2b-9080e3500686-SegmentedRaftLogWorker:Storage Directory /workdir/hadoop-ozone/integration-test/target/test-dir/MiniOzoneClusterImpl-7c4d8f4b-6ef9-4f83-95e6-46f70b8176c5/datanode-2/data/ratis/9851c3d2-2219-4d9e-8426-965af072d4a4: Starting segment from index:0
2019-08-20 17:30:56,479 [grpc-default-executor-6] INFO  segmented.SegmentedRaftLogWorker (SegmentedRaftLogWorker.java:startLogSegment(380)) - 22376942-19b4-4255-bdb4-c51c782b6438-SegmentedRaftLogWorker:Storage Directory /workdir/hadoop-ozone/integration-test/target/test-dir/MiniOzoneClusterImpl-7c4d8f4b-6ef9-4f83-95e6-46f70b8176c5/datanode-0/data/ratis/9851c3d2-2219-4d9e-8426-965af072d4a4: Starting segment from index:0
2019-08-20 17:30:56,489 [9d32e657-27b9-4d89-b8c3-3e7cbe4e0bae-SegmentedRaftLogWorker:Storage Directory /workdir/hadoop-ozone/integration-test/target/test-dir/MiniOzoneClusterImpl-7c4d8f4b-6ef9-4f83-95e6-46f70b8176c5/datanode-1/data/ratis/9851c3d2-2219-4d9e-8426-965af072d4a4] INFO  segmented.SegmentedRaftLogWorker (SegmentedRaftLogWorker.java:execute(569)) - 9d32e657-27b9-4d89-b8c3-3e7cbe4e0bae-SegmentedRaftLogWorker:Storage Directory /workdir/hadoop-ozone/integration-test/target/test-dir/MiniOzoneClusterImpl-7c4d8f4b-6ef9-4f83-95e6-46f70b8176c5/datanode-1/data/ratis/9851c3d2-2219-4d9e-8426-965af072d4a4: created new log segment /workdir/hadoop-ozone/integration-test/target/test-dir/MiniOzoneClusterImpl-7c4d8f4b-6ef9-4f83-95e6-46f70b8176c5/datanode-1/data/ratis/9851c3d2-2219-4d9e-8426-965af072d4a4/current/log_inprogress_0
2019-08-20 17:30:56,489 [868c4038-48e0-4158-9c2b-9080e3500686:group-B50590AFBF29:LeaderElection57] INFO  impl.LeaderElection (LeaderElection.java:askForVotes(181)) - 868c4038-48e0-4158-9c2b-9080e3500686:group-B50590AFBF29:LeaderElection57: begin an election at term 1 for -1: [868c4038-48e0-4158-9c2b-9080e3500686:192.168.5.168:33920], old=null
2019-08-20 17:30:56,489 [868c4038-48e0-4158-9c2b-9080e3500686:group-B50590AFBF29:LeaderElection57] INFO  impl.RoleInfo (RoleInfo.java:shutdownLeaderElection(134)) - 868c4038-48e0-4158-9c2b-9080e3500686: shutdown LeaderElection
2019-08-20 17:30:56,489 [868c4038-48e0-4158-9c2b-9080e3500686:group-B50590AFBF29:LeaderElection57] INFO  impl.RaftServerImpl (RaftServerImpl.java:setRole(171)) - 868c4038-48e0-4158-9c2b-9080e3500686:group-B50590AFBF29 changes role from CANDIDATE to LEADER at term 1 for changeToLeader
2019-08-20 17:30:56,489 [868c4038-48e0-4158-9c2b-9080e3500686:group-B50590AFBF29:LeaderElection57] INFO  impl.RaftServerImpl (ServerState.java:setLeader(263)) - 868c4038-48e0-4158-9c2b-9080e3500686:group-B50590AFBF29 change Leader from null to 868c4038-48e0-4158-9c2b-9080e3500686 at term 1 for becomeLeader, leader elected after 5229ms
2019-08-20 17:30:56,489 [868c4038-48e0-4158-9c2b-9080e3500686:group-B50590AFBF29:LeaderElection57] INFO  server.RaftServerConfigKeys (ConfUtils.java:logGet(43)) - raft.server.staging.catchup.gap = 1000 (default)
2019-08-20 17:30:56,490 [868c4038-48e0-4158-9c2b-9080e3500686:group-B50590AFBF29:LeaderElection57] INFO  server.RaftServerConfigKeys (ConfUtils.java:logGet(43)) - raft.server.rpc.sleep.time = 25ms (default)
2019-08-20 17:30:56,490 [868c4038-48e0-4158-9c2b-9080e3500686:group-B50590AFBF29:LeaderElection57] INFO  server.RaftServerConfigKeys (ConfUtils.java:logGet(43)) - raft.server.write.element-limit = 4096 (default)
2019-08-20 17:30:56,490 [868c4038-48e0-4158-9c2b-9080e3500686:group-B50590AFBF29:LeaderElection57] INFO  server.RaftServerConfigKeys (ConfUtils.java:logGet(43)) - raft.server.watch.timeout = 10s (default)
2019-08-20 17:30:56,490 [868c4038-48e0-4158-9c2b-9080e3500686:group-B50590AFBF29:LeaderElection57] INFO  server.RaftServerConfigKeys (ConfUtils.java:logGet(43)) - raft.server.watch.timeout.denomination = 1s (default)
2019-08-20 17:30:56,490 [868c4038-48e0-4158-9c2b-9080e3500686:group-B50590AFBF29:LeaderElection57] INFO  server.RaftServerConfigKeys (ConfUtils.java:logGet(43)) - raft.server.watch.element-limit = 65536 (default)
2019-08-20 17:30:56,490 [868c4038-48e0-4158-9c2b-9080e3500686:group-B50590AFBF29:LeaderElection57] INFO  impl.RoleInfo (RoleInfo.java:updateAndGet(143)) - 868c4038-48e0-4158-9c2b-9080e3500686: start LeaderState
2019-08-20 17:30:56,490 [868c4038-48e0-4158-9c2b-9080e3500686:group-B50590AFBF29:LeaderElection57] INFO  segmented.SegmentedRaftLogWorker (SegmentedRaftLogWorker.java:startLogSegment(380)) - 868c4038-48e0-4158-9c2b-9080e3500686-SegmentedRaftLogWorker:Storage Directory /workdir/hadoop-ozone/integration-test/target/test-dir/MiniOzoneClusterImpl-7c4d8f4b-6ef9-4f83-95e6-46f70b8176c5/datanode-2/data/ratis/b46b4cac-d79a-46c1-b6b1-b50590afbf29: Starting segment from index:0
2019-08-20 17:30:56,492 [868c4038-48e0-4158-9c2b-9080e3500686:group-B50590AFBF29:LeaderElection57] INFO  impl.RaftServerImpl (ServerState.java:setRaftConf(361)) - 868c4038-48e0-4158-9c2b-9080e3500686:group-B50590AFBF29 set configuration 0: [868c4038-48e0-4158-9c2b-9080e3500686:192.168.5.168:33920], old=null at 0
2019-08-20 17:30:56,539 | INFO  | SCMAudit | user=jenkins1000 | ip=192.168.5.168 | op=SEND_HEARTBEAT {datanodeUUID=1995104d-c8de-4475-a574-4c6ff65d896e, command=[]} | ret=SUCCESS |  
2019-08-20 17:30:56,550 [868c4038-48e0-4158-9c2b-9080e3500686-SegmentedRaftLogWorker:Storage Directory /workdir/hadoop-ozone/integration-test/target/test-dir/MiniOzoneClusterImpl-7c4d8f4b-6ef9-4f83-95e6-46f70b8176c5/datanode-2/data/ratis/b46b4cac-d79a-46c1-b6b1-b50590afbf29] INFO  segmented.SegmentedRaftLogWorker (SegmentedRaftLogWorker.java:execute(569)) - 868c4038-48e0-4158-9c2b-9080e3500686-SegmentedRaftLogWorker:Storage Directory /workdir/hadoop-ozone/integration-test/target/test-dir/MiniOzoneClusterImpl-7c4d8f4b-6ef9-4f83-95e6-46f70b8176c5/datanode-2/data/ratis/b46b4cac-d79a-46c1-b6b1-b50590afbf29: created new log segment /workdir/hadoop-ozone/integration-test/target/test-dir/MiniOzoneClusterImpl-7c4d8f4b-6ef9-4f83-95e6-46f70b8176c5/datanode-2/data/ratis/b46b4cac-d79a-46c1-b6b1-b50590afbf29/current/log_inprogress_0
2019-08-20 17:30:56,550 [868c4038-48e0-4158-9c2b-9080e3500686-SegmentedRaftLogWorker:Storage Directory /workdir/hadoop-ozone/integration-test/target/test-dir/MiniOzoneClusterImpl-7c4d8f4b-6ef9-4f83-95e6-46f70b8176c5/datanode-2/data/ratis/9851c3d2-2219-4d9e-8426-965af072d4a4] INFO  segmented.SegmentedRaftLogWorker (SegmentedRaftLogWorker.java:execute(569)) - 868c4038-48e0-4158-9c2b-9080e3500686-SegmentedRaftLogWorker:Storage Directory /workdir/hadoop-ozone/integration-test/target/test-dir/MiniOzoneClusterImpl-7c4d8f4b-6ef9-4f83-95e6-46f70b8176c5/datanode-2/data/ratis/9851c3d2-2219-4d9e-8426-965af072d4a4: created new log segment /workdir/hadoop-ozone/integration-test/target/test-dir/MiniOzoneClusterImpl-7c4d8f4b-6ef9-4f83-95e6-46f70b8176c5/datanode-2/data/ratis/9851c3d2-2219-4d9e-8426-965af072d4a4/current/log_inprogress_0
2019-08-20 17:30:56,550 [22376942-19b4-4255-bdb4-c51c782b6438-SegmentedRaftLogWorker:Storage Directory /workdir/hadoop-ozone/integration-test/target/test-dir/MiniOzoneClusterImpl-7c4d8f4b-6ef9-4f83-95e6-46f70b8176c5/datanode-0/data/ratis/9851c3d2-2219-4d9e-8426-965af072d4a4] INFO  segmented.SegmentedRaftLogWorker (SegmentedRaftLogWorker.java:execute(569)) - 22376942-19b4-4255-bdb4-c51c782b6438-SegmentedRaftLogWorker:Storage Directory /workdir/hadoop-ozone/integration-test/target/test-dir/MiniOzoneClusterImpl-7c4d8f4b-6ef9-4f83-95e6-46f70b8176c5/datanode-0/data/ratis/9851c3d2-2219-4d9e-8426-965af072d4a4: created new log segment /workdir/hadoop-ozone/integration-test/target/test-dir/MiniOzoneClusterImpl-7c4d8f4b-6ef9-4f83-95e6-46f70b8176c5/datanode-0/data/ratis/9851c3d2-2219-4d9e-8426-965af072d4a4/current/log_inprogress_0
2019-08-20 17:30:56,633 [Thread-3326] INFO  impl.FollowerState (FollowerState.java:run(106)) - 1995104d-c8de-4475-a574-4c6ff65d896e:group-DB94834853C5 changes to CANDIDATE, lastRpcTime:5051, electionTimeout:5051ms
2019-08-20 17:30:56,633 [Thread-3326] INFO  impl.RoleInfo (RoleInfo.java:shutdownFollowerState(121)) - 1995104d-c8de-4475-a574-4c6ff65d896e: shutdown FollowerState
2019-08-20 17:30:56,633 [Thread-3326] INFO  impl.RaftServerImpl (RaftServerImpl.java:setRole(171)) - 1995104d-c8de-4475-a574-4c6ff65d896e:group-DB94834853C5 changes role from FOLLOWER to CANDIDATE at term 0 for changeToCandidate
2019-08-20 17:30:56,633 [Thread-3326] INFO  impl.RoleInfo (RoleInfo.java:updateAndGet(143)) - 1995104d-c8de-4475-a574-4c6ff65d896e: start LeaderElection
2019-08-20 17:30:56,664 [1995104d-c8de-4475-a574-4c6ff65d896e:group-DB94834853C5:LeaderElection58] INFO  impl.LeaderElection (LeaderElection.java:askForVotes(181)) - 1995104d-c8de-4475-a574-4c6ff65d896e:group-DB94834853C5:LeaderElection58: begin an election at term 1 for -1: [1995104d-c8de-4475-a574-4c6ff65d896e:192.168.5.168:36430], old=null
2019-08-20 17:30:56,664 [1995104d-c8de-4475-a574-4c6ff65d896e:group-DB94834853C5:LeaderElection58] INFO  impl.RoleInfo (RoleInfo.java:shutdownLeaderElection(134)) - 1995104d-c8de-4475-a574-4c6ff65d896e: shutdown LeaderElection
2019-08-20 17:30:56,664 [1995104d-c8de-4475-a574-4c6ff65d896e:group-DB94834853C5:LeaderElection58] INFO  impl.RaftServerImpl (RaftServerImpl.java:setRole(171)) - 1995104d-c8de-4475-a574-4c6ff65d896e:group-DB94834853C5 changes role from CANDIDATE to LEADER at term 1 for changeToLeader
2019-08-20 17:30:56,665 [1995104d-c8de-4475-a574-4c6ff65d896e:group-DB94834853C5:LeaderElection58] INFO  impl.RaftServerImpl (ServerState.java:setLeader(263)) - 1995104d-c8de-4475-a574-4c6ff65d896e:group-DB94834853C5 change Leader from null to 1995104d-c8de-4475-a574-4c6ff65d896e at term 1 for becomeLeader, leader elected after 5086ms
2019-08-20 17:30:56,665 [1995104d-c8de-4475-a574-4c6ff65d896e:group-DB94834853C5:LeaderElection58] INFO  server.RaftServerConfigKeys (ConfUtils.java:logGet(43)) - raft.server.staging.catchup.gap = 1000 (default)
2019-08-20 17:30:56,665 [1995104d-c8de-4475-a574-4c6ff65d896e:group-DB94834853C5:LeaderElection58] INFO  server.RaftServerConfigKeys (ConfUtils.java:logGet(43)) - raft.server.rpc.sleep.time = 25ms (default)
2019-08-20 17:30:56,665 [1995104d-c8de-4475-a574-4c6ff65d896e:group-DB94834853C5:LeaderElection58] INFO  server.RaftServerConfigKeys (ConfUtils.java:logGet(43)) - raft.server.write.element-limit = 4096 (default)
2019-08-20 17:30:56,665 [1995104d-c8de-4475-a574-4c6ff65d896e:group-DB94834853C5:LeaderElection58] INFO  server.RaftServerConfigKeys (ConfUtils.java:logGet(43)) - raft.server.watch.timeout = 10s (default)
2019-08-20 17:30:56,665 [1995104d-c8de-4475-a574-4c6ff65d896e:group-DB94834853C5:LeaderElection58] INFO  server.RaftServerConfigKeys (ConfUtils.java:logGet(43)) - raft.server.watch.timeout.denomination = 1s (default)
2019-08-20 17:30:56,666 [1995104d-c8de-4475-a574-4c6ff65d896e:group-DB94834853C5:LeaderElection58] INFO  server.RaftServerConfigKeys (ConfUtils.java:logGet(43)) - raft.server.watch.element-limit = 65536 (default)
2019-08-20 17:30:56,666 [1995104d-c8de-4475-a574-4c6ff65d896e:group-DB94834853C5:LeaderElection58] INFO  impl.RoleInfo (RoleInfo.java:updateAndGet(143)) - 1995104d-c8de-4475-a574-4c6ff65d896e: start LeaderState
2019-08-20 17:30:56,666 [1995104d-c8de-4475-a574-4c6ff65d896e:group-DB94834853C5:LeaderElection58] INFO  segmented.SegmentedRaftLogWorker (SegmentedRaftLogWorker.java:startLogSegment(380)) - 1995104d-c8de-4475-a574-4c6ff65d896e-SegmentedRaftLogWorker:Storage Directory /workdir/hadoop-ozone/integration-test/target/test-dir/MiniOzoneClusterImpl-7c4d8f4b-6ef9-4f83-95e6-46f70b8176c5/datanode-3/data/ratis/8ec89569-a446-4af2-9e38-db94834853c5: Starting segment from index:0
2019-08-20 17:30:56,667 [1995104d-c8de-4475-a574-4c6ff65d896e:group-DB94834853C5:LeaderElection58] INFO  impl.RaftServerImpl (ServerState.java:setRaftConf(361)) - 1995104d-c8de-4475-a574-4c6ff65d896e:group-DB94834853C5 set configuration 0: [1995104d-c8de-4475-a574-4c6ff65d896e:192.168.5.168:36430], old=null at 0
2019-08-20 17:30:56,690 | INFO  | SCMAudit | user=jenkins1000 | ip=192.168.5.168 | op=SEND_HEARTBEAT {datanodeUUID=6c4a6901-b690-4e6e-9f9b-d426bfd0501b, command=[]} | ret=SUCCESS |  
2019-08-20 17:30:56,712 [1995104d-c8de-4475-a574-4c6ff65d896e-SegmentedRaftLogWorker:Storage Directory /workdir/hadoop-ozone/integration-test/target/test-dir/MiniOzoneClusterImpl-7c4d8f4b-6ef9-4f83-95e6-46f70b8176c5/datanode-3/data/ratis/8ec89569-a446-4af2-9e38-db94834853c5] INFO  segmented.SegmentedRaftLogWorker (SegmentedRaftLogWorker.java:execute(569)) - 1995104d-c8de-4475-a574-4c6ff65d896e-SegmentedRaftLogWorker:Storage Directory /workdir/hadoop-ozone/integration-test/target/test-dir/MiniOzoneClusterImpl-7c4d8f4b-6ef9-4f83-95e6-46f70b8176c5/datanode-3/data/ratis/8ec89569-a446-4af2-9e38-db94834853c5: created new log segment /workdir/hadoop-ozone/integration-test/target/test-dir/MiniOzoneClusterImpl-7c4d8f4b-6ef9-4f83-95e6-46f70b8176c5/datanode-3/data/ratis/8ec89569-a446-4af2-9e38-db94834853c5/current/log_inprogress_0
2019-08-20 17:30:56,841 | INFO  | SCMAudit | user=jenkins1000 | ip=192.168.5.168 | op=SEND_HEARTBEAT {datanodeUUID=22376942-19b4-4255-bdb4-c51c782b6438, command=[]} | ret=SUCCESS |  
2019-08-20 17:30:56,851 | INFO  | SCMAudit | user=jenkins1000 | ip=192.168.5.168 | op=SEND_HEARTBEAT {datanodeUUID=be053fe7-daa4-4335-a0a6-d036739a6273, command=[]} | ret=SUCCESS |  
2019-08-20 17:30:56,918 [Thread-3329] INFO  impl.FollowerState (FollowerState.java:run(106)) - 6c4a6901-b690-4e6e-9f9b-d426bfd0501b:group-A61450CC60DA changes to CANDIDATE, lastRpcTime:5164, electionTimeout:5164ms
2019-08-20 17:30:56,918 [Thread-3329] INFO  impl.RoleInfo (RoleInfo.java:shutdownFollowerState(121)) - 6c4a6901-b690-4e6e-9f9b-d426bfd0501b: shutdown FollowerState
2019-08-20 17:30:56,918 [Thread-3329] INFO  impl.RaftServerImpl (RaftServerImpl.java:setRole(171)) - 6c4a6901-b690-4e6e-9f9b-d426bfd0501b:group-A61450CC60DA changes role from FOLLOWER to CANDIDATE at term 0 for changeToCandidate
2019-08-20 17:30:56,918 [Thread-3329] INFO  impl.RoleInfo (RoleInfo.java:updateAndGet(143)) - 6c4a6901-b690-4e6e-9f9b-d426bfd0501b: start LeaderElection
2019-08-20 17:30:56,937 [Thread-3335] INFO  impl.FollowerState (FollowerState.java:run(106)) - 6c4a6901-b690-4e6e-9f9b-d426bfd0501b:group-201551AF80AB changes to CANDIDATE, lastRpcTime:5001, electionTimeout:5001ms
2019-08-20 17:30:56,937 [Thread-3335] INFO  impl.RoleInfo (RoleInfo.java:shutdownFollowerState(121)) - 6c4a6901-b690-4e6e-9f9b-d426bfd0501b: shutdown FollowerState
2019-08-20 17:30:56,937 [Thread-3335] INFO  impl.RaftServerImpl (RaftServerImpl.java:setRole(171)) - 6c4a6901-b690-4e6e-9f9b-d426bfd0501b:group-201551AF80AB changes role from FOLLOWER to CANDIDATE at term 0 for changeToCandidate
2019-08-20 17:30:56,937 [Thread-3335] INFO  impl.RoleInfo (RoleInfo.java:updateAndGet(143)) - 6c4a6901-b690-4e6e-9f9b-d426bfd0501b: start LeaderElection
2019-08-20 17:30:56,943 [6c4a6901-b690-4e6e-9f9b-d426bfd0501b:group-A61450CC60DA:LeaderElection59] INFO  impl.LeaderElection (LeaderElection.java:askForVotes(181)) - 6c4a6901-b690-4e6e-9f9b-d426bfd0501b:group-A61450CC60DA:LeaderElection59: begin an election at term 1 for -1: [6c4a6901-b690-4e6e-9f9b-d426bfd0501b:192.168.5.168:43721], old=null
2019-08-20 17:30:56,943 [6c4a6901-b690-4e6e-9f9b-d426bfd0501b:group-A61450CC60DA:LeaderElection59] INFO  impl.RoleInfo (RoleInfo.java:shutdownLeaderElection(134)) - 6c4a6901-b690-4e6e-9f9b-d426bfd0501b: shutdown LeaderElection
2019-08-20 17:30:56,943 [6c4a6901-b690-4e6e-9f9b-d426bfd0501b:group-A61450CC60DA:LeaderElection59] INFO  impl.RaftServerImpl (RaftServerImpl.java:setRole(171)) - 6c4a6901-b690-4e6e-9f9b-d426bfd0501b:group-A61450CC60DA changes role from CANDIDATE to LEADER at term 1 for changeToLeader
2019-08-20 17:30:56,943 [6c4a6901-b690-4e6e-9f9b-d426bfd0501b:group-A61450CC60DA:LeaderElection59] INFO  impl.RaftServerImpl (ServerState.java:setLeader(263)) - 6c4a6901-b690-4e6e-9f9b-d426bfd0501b:group-A61450CC60DA change Leader from null to 6c4a6901-b690-4e6e-9f9b-d426bfd0501b at term 1 for becomeLeader, leader elected after 5195ms
2019-08-20 17:30:56,943 [6c4a6901-b690-4e6e-9f9b-d426bfd0501b:group-A61450CC60DA:LeaderElection59] INFO  server.RaftServerConfigKeys (ConfUtils.java:logGet(43)) - raft.server.staging.catchup.gap = 1000 (default)
2019-08-20 17:30:56,943 [6c4a6901-b690-4e6e-9f9b-d426bfd0501b:group-A61450CC60DA:LeaderElection59] INFO  server.RaftServerConfigKeys (ConfUtils.java:logGet(43)) - raft.server.rpc.sleep.time = 25ms (default)
2019-08-20 17:30:56,944 [6c4a6901-b690-4e6e-9f9b-d426bfd0501b:group-A61450CC60DA:LeaderElection59] INFO  server.RaftServerConfigKeys (ConfUtils.java:logGet(43)) - raft.server.write.element-limit = 4096 (default)
2019-08-20 17:30:56,944 [6c4a6901-b690-4e6e-9f9b-d426bfd0501b:group-A61450CC60DA:LeaderElection59] INFO  server.RaftServerConfigKeys (ConfUtils.java:logGet(43)) - raft.server.watch.timeout = 10s (default)
2019-08-20 17:30:56,944 [6c4a6901-b690-4e6e-9f9b-d426bfd0501b:group-A61450CC60DA:LeaderElection59] INFO  server.RaftServerConfigKeys (ConfUtils.java:logGet(43)) - raft.server.watch.timeout.denomination = 1s (default)
2019-08-20 17:30:56,944 [6c4a6901-b690-4e6e-9f9b-d426bfd0501b:group-A61450CC60DA:LeaderElection59] INFO  server.RaftServerConfigKeys (ConfUtils.java:logGet(43)) - raft.server.watch.element-limit = 65536 (default)
2019-08-20 17:30:56,944 [6c4a6901-b690-4e6e-9f9b-d426bfd0501b:group-A61450CC60DA:LeaderElection59] INFO  impl.RoleInfo (RoleInfo.java:updateAndGet(143)) - 6c4a6901-b690-4e6e-9f9b-d426bfd0501b: start LeaderState
2019-08-20 17:30:56,945 [6c4a6901-b690-4e6e-9f9b-d426bfd0501b:group-A61450CC60DA:LeaderElection59] INFO  segmented.SegmentedRaftLogWorker (SegmentedRaftLogWorker.java:startLogSegment(380)) - 6c4a6901-b690-4e6e-9f9b-d426bfd0501b-SegmentedRaftLogWorker:Storage Directory /workdir/hadoop-ozone/integration-test/target/test-dir/MiniOzoneClusterImpl-7c4d8f4b-6ef9-4f83-95e6-46f70b8176c5/datanode-4/data/ratis/0233348f-d83e-443c-8544-a61450cc60da: Starting segment from index:0
2019-08-20 17:30:56,945 [6c4a6901-b690-4e6e-9f9b-d426bfd0501b:group-A61450CC60DA:LeaderElection59] INFO  impl.RaftServerImpl (ServerState.java:setRaftConf(361)) - 6c4a6901-b690-4e6e-9f9b-d426bfd0501b:group-A61450CC60DA set configuration 0: [6c4a6901-b690-4e6e-9f9b-d426bfd0501b:192.168.5.168:43721], old=null at 0
2019-08-20 17:30:56,971 [6c4a6901-b690-4e6e-9f9b-d426bfd0501b:group-201551AF80AB:LeaderElection60] INFO  impl.LeaderElection (LeaderElection.java:askForVotes(181)) - 6c4a6901-b690-4e6e-9f9b-d426bfd0501b:group-201551AF80AB:LeaderElection60: begin an election at term 1 for -1: [1995104d-c8de-4475-a574-4c6ff65d896e:192.168.5.168:36430, 6c4a6901-b690-4e6e-9f9b-d426bfd0501b:192.168.5.168:43721, be053fe7-daa4-4335-a0a6-d036739a6273:192.168.5.168:46280], old=null
2019-08-20 17:30:56,975 [grpc-default-executor-6] INFO  impl.RaftServerImpl (RaftServerImpl.java:setRole(171)) - 1995104d-c8de-4475-a574-4c6ff65d896e:group-201551AF80AB changes role from FOLLOWER to FOLLOWER at term 1 for recognizeCandidate:6c4a6901-b690-4e6e-9f9b-d426bfd0501b
2019-08-20 17:30:56,976 [grpc-default-executor-6] INFO  impl.RoleInfo (RoleInfo.java:shutdownFollowerState(121)) - 1995104d-c8de-4475-a574-4c6ff65d896e: shutdown FollowerState
2019-08-20 17:30:56,975 [grpc-default-executor-4] INFO  impl.RaftServerImpl (RaftServerImpl.java:setRole(171)) - be053fe7-daa4-4335-a0a6-d036739a6273:group-201551AF80AB changes role from FOLLOWER to FOLLOWER at term 1 for recognizeCandidate:6c4a6901-b690-4e6e-9f9b-d426bfd0501b
2019-08-20 17:30:56,976 [Thread-3339] INFO  impl.FollowerState (FollowerState.java:run(114)) - 1995104d-c8de-4475-a574-4c6ff65d896e: FollowerState was interrupted: java.lang.InterruptedException: sleep interrupted
2019-08-20 17:30:56,976 [grpc-default-executor-6] INFO  impl.RoleInfo (RoleInfo.java:updateAndGet(143)) - 1995104d-c8de-4475-a574-4c6ff65d896e: start FollowerState
2019-08-20 17:30:56,976 [grpc-default-executor-4] INFO  impl.RoleInfo (RoleInfo.java:shutdownFollowerState(121)) - be053fe7-daa4-4335-a0a6-d036739a6273: shutdown FollowerState
2019-08-20 17:30:56,979 [grpc-default-executor-4] INFO  impl.RoleInfo (RoleInfo.java:updateAndGet(143)) - be053fe7-daa4-4335-a0a6-d036739a6273: start FollowerState
2019-08-20 17:30:56,979 [Thread-3340] INFO  impl.FollowerState (FollowerState.java:run(114)) - be053fe7-daa4-4335-a0a6-d036739a6273: FollowerState was interrupted: java.lang.InterruptedException: sleep interrupted
2019-08-20 17:30:56,982 [6c4a6901-b690-4e6e-9f9b-d426bfd0501b-SegmentedRaftLogWorker:Storage Directory /workdir/hadoop-ozone/integration-test/target/test-dir/MiniOzoneClusterImpl-7c4d8f4b-6ef9-4f83-95e6-46f70b8176c5/datanode-4/data/ratis/0233348f-d83e-443c-8544-a61450cc60da] INFO  segmented.SegmentedRaftLogWorker (SegmentedRaftLogWorker.java:execute(569)) - 6c4a6901-b690-4e6e-9f9b-d426bfd0501b-SegmentedRaftLogWorker:Storage Directory /workdir/hadoop-ozone/integration-test/target/test-dir/MiniOzoneClusterImpl-7c4d8f4b-6ef9-4f83-95e6-46f70b8176c5/datanode-4/data/ratis/0233348f-d83e-443c-8544-a61450cc60da: created new log segment /workdir/hadoop-ozone/integration-test/target/test-dir/MiniOzoneClusterImpl-7c4d8f4b-6ef9-4f83-95e6-46f70b8176c5/datanode-4/data/ratis/0233348f-d83e-443c-8544-a61450cc60da/current/log_inprogress_0
2019-08-20 17:30:56,991 [Thread-3332] INFO  impl.FollowerState (FollowerState.java:run(106)) - be053fe7-daa4-4335-a0a6-d036739a6273:group-8C7E0E694B1E changes to CANDIDATE, lastRpcTime:5094, electionTimeout:5094ms
2019-08-20 17:30:56,991 [Thread-3332] INFO  impl.RoleInfo (RoleInfo.java:shutdownFollowerState(121)) - be053fe7-daa4-4335-a0a6-d036739a6273: shutdown FollowerState
2019-08-20 17:30:56,991 [Thread-3332] INFO  impl.RaftServerImpl (RaftServerImpl.java:setRole(171)) - be053fe7-daa4-4335-a0a6-d036739a6273:group-8C7E0E694B1E changes role from FOLLOWER to CANDIDATE at term 0 for changeToCandidate
2019-08-20 17:30:56,991 [Thread-3332] INFO  impl.RoleInfo (RoleInfo.java:updateAndGet(143)) - be053fe7-daa4-4335-a0a6-d036739a6273: start LeaderElection
2019-08-20 17:30:57,010 [be053fe7-daa4-4335-a0a6-d036739a6273:group-8C7E0E694B1E:LeaderElection61] INFO  impl.LeaderElection (LeaderElection.java:askForVotes(181)) - be053fe7-daa4-4335-a0a6-d036739a6273:group-8C7E0E694B1E:LeaderElection61: begin an election at term 1 for -1: [be053fe7-daa4-4335-a0a6-d036739a6273:192.168.5.168:46280], old=null
2019-08-20 17:30:57,010 [be053fe7-daa4-4335-a0a6-d036739a6273:group-8C7E0E694B1E:LeaderElection61] INFO  impl.RoleInfo (RoleInfo.java:shutdownLeaderElection(134)) - be053fe7-daa4-4335-a0a6-d036739a6273: shutdown LeaderElection
2019-08-20 17:30:57,010 [6c4a6901-b690-4e6e-9f9b-d426bfd0501b:group-201551AF80AB:LeaderElection60] INFO  impl.LeaderElection (LeaderElection.java:logAndReturn(56)) - 6c4a6901-b690-4e6e-9f9b-d426bfd0501b:group-201551AF80AB:LeaderElection60: Election PASSED; received 1 response(s) [6c4a6901-b690-4e6e-9f9b-d426bfd0501b<-1995104d-c8de-4475-a574-4c6ff65d896e#0:OK-t1] and 0 exception(s); 6c4a6901-b690-4e6e-9f9b-d426bfd0501b:t1, leader=null, voted=6c4a6901-b690-4e6e-9f9b-d426bfd0501b, raftlog=6c4a6901-b690-4e6e-9f9b-d426bfd0501b-SegmentedRaftLog:OPENED:c-1,f-1,i0, conf=-1: [1995104d-c8de-4475-a574-4c6ff65d896e:192.168.5.168:36430, 6c4a6901-b690-4e6e-9f9b-d426bfd0501b:192.168.5.168:43721, be053fe7-daa4-4335-a0a6-d036739a6273:192.168.5.168:46280], old=null
2019-08-20 17:30:57,010 [be053fe7-daa4-4335-a0a6-d036739a6273:group-8C7E0E694B1E:LeaderElection61] INFO  impl.RaftServerImpl (RaftServerImpl.java:setRole(171)) - be053fe7-daa4-4335-a0a6-d036739a6273:group-8C7E0E694B1E changes role from CANDIDATE to LEADER at term 1 for changeToLeader
2019-08-20 17:30:57,010 [6c4a6901-b690-4e6e-9f9b-d426bfd0501b:group-201551AF80AB:LeaderElection60] INFO  impl.RoleInfo (RoleInfo.java:shutdownLeaderElection(134)) - 6c4a6901-b690-4e6e-9f9b-d426bfd0501b: shutdown LeaderElection
2019-08-20 17:30:57,010 | INFO  | SCMAudit | user=jenkins1000 | ip=192.168.5.168 | op=SEND_HEARTBEAT {datanodeUUID=c4be4be4-1f04-4e64-8fc9-c7c8b3e12d80, command=[]} | ret=SUCCESS |  
2019-08-20 17:30:57,010 [be053fe7-daa4-4335-a0a6-d036739a6273:group-8C7E0E694B1E:LeaderElection61] INFO  impl.RaftServerImpl (ServerState.java:setLeader(263)) - be053fe7-daa4-4335-a0a6-d036739a6273:group-8C7E0E694B1E change Leader from null to be053fe7-daa4-4335-a0a6-d036739a6273 at term 1 for becomeLeader, leader elected after 5119ms
2019-08-20 17:30:57,010 [6c4a6901-b690-4e6e-9f9b-d426bfd0501b:group-201551AF80AB:LeaderElection60] INFO  impl.RaftServerImpl (RaftServerImpl.java:setRole(171)) - 6c4a6901-b690-4e6e-9f9b-d426bfd0501b:group-201551AF80AB changes role from CANDIDATE to LEADER at term 1 for changeToLeader
2019-08-20 17:30:57,011 [be053fe7-daa4-4335-a0a6-d036739a6273:group-8C7E0E694B1E:LeaderElection61] INFO  server.RaftServerConfigKeys (ConfUtils.java:logGet(43)) - raft.server.staging.catchup.gap = 1000 (default)
2019-08-20 17:30:57,011 [6c4a6901-b690-4e6e-9f9b-d426bfd0501b:group-201551AF80AB:LeaderElection60] INFO  impl.RaftServerImpl (ServerState.java:setLeader(263)) - 6c4a6901-b690-4e6e-9f9b-d426bfd0501b:group-201551AF80AB change Leader from null to 6c4a6901-b690-4e6e-9f9b-d426bfd0501b at term 1 for becomeLeader, leader elected after 5082ms
2019-08-20 17:30:57,011 [be053fe7-daa4-4335-a0a6-d036739a6273:group-8C7E0E694B1E:LeaderElection61] INFO  server.RaftServerConfigKeys (ConfUtils.java:logGet(43)) - raft.server.rpc.sleep.time = 25ms (default)
2019-08-20 17:30:57,011 [6c4a6901-b690-4e6e-9f9b-d426bfd0501b:group-201551AF80AB:LeaderElection60] INFO  server.RaftServerConfigKeys (ConfUtils.java:logGet(43)) - raft.server.staging.catchup.gap = 1000 (default)
2019-08-20 17:30:57,011 [be053fe7-daa4-4335-a0a6-d036739a6273:group-8C7E0E694B1E:LeaderElection61] INFO  server.RaftServerConfigKeys (ConfUtils.java:logGet(43)) - raft.server.write.element-limit = 4096 (default)
2019-08-20 17:30:57,011 [6c4a6901-b690-4e6e-9f9b-d426bfd0501b:group-201551AF80AB:LeaderElection60] INFO  server.RaftServerConfigKeys (ConfUtils.java:logGet(43)) - raft.server.rpc.sleep.time = 25ms (default)
2019-08-20 17:30:57,011 [be053fe7-daa4-4335-a0a6-d036739a6273:group-8C7E0E694B1E:LeaderElection61] INFO  server.RaftServerConfigKeys (ConfUtils.java:logGet(43)) - raft.server.watch.timeout = 10s (default)
2019-08-20 17:30:57,012 [6c4a6901-b690-4e6e-9f9b-d426bfd0501b:group-201551AF80AB:LeaderElection60] INFO  server.RaftServerConfigKeys (ConfUtils.java:logGet(43)) - raft.server.write.element-limit = 4096 (default)
2019-08-20 17:30:57,012 [be053fe7-daa4-4335-a0a6-d036739a6273:group-8C7E0E694B1E:LeaderElection61] INFO  server.RaftServerConfigKeys (ConfUtils.java:logGet(43)) - raft.server.watch.timeout.denomination = 1s (default)
2019-08-20 17:30:57,012 [6c4a6901-b690-4e6e-9f9b-d426bfd0501b:group-201551AF80AB:LeaderElection60] INFO  server.RaftServerConfigKeys (ConfUtils.java:logGet(43)) - raft.server.watch.timeout = 10s (default)
2019-08-20 17:30:57,012 [be053fe7-daa4-4335-a0a6-d036739a6273:group-8C7E0E694B1E:LeaderElection61] INFO  server.RaftServerConfigKeys (ConfUtils.java:logGet(43)) - raft.server.watch.element-limit = 65536 (default)
2019-08-20 17:30:57,012 [6c4a6901-b690-4e6e-9f9b-d426bfd0501b:group-201551AF80AB:LeaderElection60] INFO  server.RaftServerConfigKeys (ConfUtils.java:logGet(43)) - raft.server.watch.timeout.denomination = 1s (default)
2019-08-20 17:30:57,012 [be053fe7-daa4-4335-a0a6-d036739a6273:group-8C7E0E694B1E:LeaderElection61] INFO  impl.RoleInfo (RoleInfo.java:updateAndGet(143)) - be053fe7-daa4-4335-a0a6-d036739a6273: start LeaderState
2019-08-20 17:30:57,012 [6c4a6901-b690-4e6e-9f9b-d426bfd0501b:group-201551AF80AB:LeaderElection60] INFO  server.RaftServerConfigKeys (ConfUtils.java:logGet(43)) - raft.server.watch.element-limit = 65536 (default)
2019-08-20 17:30:57,013 [be053fe7-daa4-4335-a0a6-d036739a6273:group-8C7E0E694B1E:LeaderElection61] INFO  segmented.SegmentedRaftLogWorker (SegmentedRaftLogWorker.java:startLogSegment(380)) - be053fe7-daa4-4335-a0a6-d036739a6273-SegmentedRaftLogWorker:Storage Directory /workdir/hadoop-ozone/integration-test/target/test-dir/MiniOzoneClusterImpl-7c4d8f4b-6ef9-4f83-95e6-46f70b8176c5/datanode-5/data/ratis/c0259ad1-3816-4bc4-ada2-8c7e0e694b1e: Starting segment from index:0
2019-08-20 17:30:57,013 [6c4a6901-b690-4e6e-9f9b-d426bfd0501b:group-201551AF80AB:LeaderElection60] INFO  server.RaftServerConfigKeys (ConfUtils.java:logGet(43)) - raft.server.log.appender.snapshot.chunk.size.max = 16MB (=16777216) (default)
2019-08-20 17:30:57,013 [6c4a6901-b690-4e6e-9f9b-d426bfd0501b:group-201551AF80AB:LeaderElection60] INFO  server.RaftServerConfigKeys (ConfUtils.java:logGet(43)) - raft.server.log.appender.buffer.byte-limit = 33554432 (custom)
2019-08-20 17:30:57,013 [be053fe7-daa4-4335-a0a6-d036739a6273:group-8C7E0E694B1E:LeaderElection61] INFO  impl.RaftServerImpl (ServerState.java:setRaftConf(361)) - be053fe7-daa4-4335-a0a6-d036739a6273:group-8C7E0E694B1E set configuration 0: [be053fe7-daa4-4335-a0a6-d036739a6273:192.168.5.168:46280], old=null at 0
2019-08-20 17:30:57,013 [6c4a6901-b690-4e6e-9f9b-d426bfd0501b:group-201551AF80AB:LeaderElection60] INFO  server.RaftServerConfigKeys (ConfUtils.java:logGet(43)) - raft.server.log.appender.buffer.element-limit = 1 (custom)
2019-08-20 17:30:57,048 [6c4a6901-b690-4e6e-9f9b-d426bfd0501b:group-201551AF80AB:LeaderElection60] INFO  grpc.GrpcConfigKeys$Server (ConfUtils.java:logGet(43)) - raft.grpc.server.leader.outstanding.appends.max = 128 (default)
2019-08-20 17:30:57,048 | INFO  | SCMAudit | user=jenkins1000 | ip=192.168.5.168 | op=SEND_HEARTBEAT {datanodeUUID=9d32e657-27b9-4d89-b8c3-3e7cbe4e0bae, command=[]} | ret=SUCCESS |  
2019-08-20 17:30:57,048 [6c4a6901-b690-4e6e-9f9b-d426bfd0501b:group-201551AF80AB:LeaderElection60] INFO  server.RaftServerConfigKeys (ConfUtils.java:logGet(43)) - raft.server.rpc.request.timeout = 3000ms (default)
2019-08-20 17:30:57,049 [6c4a6901-b690-4e6e-9f9b-d426bfd0501b:group-201551AF80AB:LeaderElection60] INFO  server.RaftServerConfigKeys (ConfUtils.java:logGet(43)) - raft.server.log.appender.install.snapshot.enabled = false (custom)
2019-08-20 17:30:57,049 [6c4a6901-b690-4e6e-9f9b-d426bfd0501b:group-201551AF80AB:LeaderElection60] INFO  server.RaftServerConfigKeys (ConfUtils.java:logGet(43)) - raft.server.log.appender.snapshot.chunk.size.max = 16MB (=16777216) (default)
2019-08-20 17:30:57,049 [6c4a6901-b690-4e6e-9f9b-d426bfd0501b:group-201551AF80AB:LeaderElection60] INFO  server.RaftServerConfigKeys (ConfUtils.java:logGet(43)) - raft.server.log.appender.buffer.byte-limit = 33554432 (custom)
2019-08-20 17:30:57,049 [6c4a6901-b690-4e6e-9f9b-d426bfd0501b:group-201551AF80AB:LeaderElection60] INFO  server.RaftServerConfigKeys (ConfUtils.java:logGet(43)) - raft.server.log.appender.buffer.element-limit = 1 (custom)
2019-08-20 17:30:57,049 [6c4a6901-b690-4e6e-9f9b-d426bfd0501b:group-201551AF80AB:LeaderElection60] INFO  grpc.GrpcConfigKeys$Server (ConfUtils.java:logGet(43)) - raft.grpc.server.leader.outstanding.appends.max = 128 (default)
2019-08-20 17:30:57,049 [6c4a6901-b690-4e6e-9f9b-d426bfd0501b:group-201551AF80AB:LeaderElection60] INFO  server.RaftServerConfigKeys (ConfUtils.java:logGet(43)) - raft.server.rpc.request.timeout = 3000ms (default)
2019-08-20 17:30:57,050 [6c4a6901-b690-4e6e-9f9b-d426bfd0501b:group-201551AF80AB:LeaderElection60] INFO  server.RaftServerConfigKeys (ConfUtils.java:logGet(43)) - raft.server.log.appender.install.snapshot.enabled = false (custom)
2019-08-20 17:30:57,050 [6c4a6901-b690-4e6e-9f9b-d426bfd0501b:group-201551AF80AB:LeaderElection60] INFO  impl.RoleInfo (RoleInfo.java:updateAndGet(143)) - 6c4a6901-b690-4e6e-9f9b-d426bfd0501b: start LeaderState
2019-08-20 17:30:57,050 [6c4a6901-b690-4e6e-9f9b-d426bfd0501b:group-201551AF80AB:LeaderElection60] INFO  segmented.SegmentedRaftLogWorker (SegmentedRaftLogWorker.java:startLogSegment(380)) - 6c4a6901-b690-4e6e-9f9b-d426bfd0501b-SegmentedRaftLogWorker:Storage Directory /workdir/hadoop-ozone/integration-test/target/test-dir/MiniOzoneClusterImpl-7c4d8f4b-6ef9-4f83-95e6-46f70b8176c5/datanode-4/data/ratis/3fdbefe7-45a7-4892-82a8-201551af80ab: Starting segment from index:0
2019-08-20 17:30:57,051 [6c4a6901-b690-4e6e-9f9b-d426bfd0501b:group-201551AF80AB:LeaderElection60] INFO  impl.RaftServerImpl (ServerState.java:setRaftConf(361)) - 6c4a6901-b690-4e6e-9f9b-d426bfd0501b:group-201551AF80AB set configuration 0: [1995104d-c8de-4475-a574-4c6ff65d896e:192.168.5.168:36430, 6c4a6901-b690-4e6e-9f9b-d426bfd0501b:192.168.5.168:43721, be053fe7-daa4-4335-a0a6-d036739a6273:192.168.5.168:46280], old=null at 0
2019-08-20 17:30:57,052 [grpc-default-executor-4] INFO  impl.RaftServerImpl (ServerState.java:setLeader(263)) - be053fe7-daa4-4335-a0a6-d036739a6273:group-201551AF80AB change Leader from null to 6c4a6901-b690-4e6e-9f9b-d426bfd0501b at term 1 for appendEntries, leader elected after 5124ms
2019-08-20 17:30:57,052 [grpc-default-executor-6] INFO  impl.RaftServerImpl (ServerState.java:setLeader(263)) - 1995104d-c8de-4475-a574-4c6ff65d896e:group-201551AF80AB change Leader from null to 6c4a6901-b690-4e6e-9f9b-d426bfd0501b at term 1 for appendEntries, leader elected after 5124ms
2019-08-20 17:30:57,093 [be053fe7-daa4-4335-a0a6-d036739a6273-SegmentedRaftLogWorker:Storage Directory /workdir/hadoop-ozone/integration-test/target/test-dir/MiniOzoneClusterImpl-7c4d8f4b-6ef9-4f83-95e6-46f70b8176c5/datanode-5/data/ratis/c0259ad1-3816-4bc4-ada2-8c7e0e694b1e] INFO  segmented.SegmentedRaftLogWorker (SegmentedRaftLogWorker.java:execute(569)) - be053fe7-daa4-4335-a0a6-d036739a6273-SegmentedRaftLogWorker:Storage Directory /workdir/hadoop-ozone/integration-test/target/test-dir/MiniOzoneClusterImpl-7c4d8f4b-6ef9-4f83-95e6-46f70b8176c5/datanode-5/data/ratis/c0259ad1-3816-4bc4-ada2-8c7e0e694b1e: created new log segment /workdir/hadoop-ozone/integration-test/target/test-dir/MiniOzoneClusterImpl-7c4d8f4b-6ef9-4f83-95e6-46f70b8176c5/datanode-5/data/ratis/c0259ad1-3816-4bc4-ada2-8c7e0e694b1e/current/log_inprogress_0
2019-08-20 17:30:57,096 [grpc-default-executor-6] INFO  impl.RaftServerImpl (ServerState.java:setRaftConf(361)) - be053fe7-daa4-4335-a0a6-d036739a6273:group-201551AF80AB set configuration 0: [1995104d-c8de-4475-a574-4c6ff65d896e:192.168.5.168:36430, 6c4a6901-b690-4e6e-9f9b-d426bfd0501b:192.168.5.168:43721, be053fe7-daa4-4335-a0a6-d036739a6273:192.168.5.168:46280], old=null at 0
2019-08-20 17:30:57,096 [grpc-default-executor-6] INFO  segmented.SegmentedRaftLogWorker (SegmentedRaftLogWorker.java:startLogSegment(380)) - be053fe7-daa4-4335-a0a6-d036739a6273-SegmentedRaftLogWorker:Storage Directory /workdir/hadoop-ozone/integration-test/target/test-dir/MiniOzoneClusterImpl-7c4d8f4b-6ef9-4f83-95e6-46f70b8176c5/datanode-5/data/ratis/3fdbefe7-45a7-4892-82a8-201551af80ab: Starting segment from index:0
2019-08-20 17:30:57,097 [grpc-default-executor-4] INFO  impl.RaftServerImpl (ServerState.java:setRaftConf(361)) - 1995104d-c8de-4475-a574-4c6ff65d896e:group-201551AF80AB set configuration 0: [1995104d-c8de-4475-a574-4c6ff65d896e:192.168.5.168:36430, 6c4a6901-b690-4e6e-9f9b-d426bfd0501b:192.168.5.168:43721, be053fe7-daa4-4335-a0a6-d036739a6273:192.168.5.168:46280], old=null at 0
2019-08-20 17:30:57,097 [grpc-default-executor-4] INFO  segmented.SegmentedRaftLogWorker (SegmentedRaftLogWorker.java:startLogSegment(380)) - 1995104d-c8de-4475-a574-4c6ff65d896e-SegmentedRaftLogWorker:Storage Directory /workdir/hadoop-ozone/integration-test/target/test-dir/MiniOzoneClusterImpl-7c4d8f4b-6ef9-4f83-95e6-46f70b8176c5/datanode-3/data/ratis/3fdbefe7-45a7-4892-82a8-201551af80ab: Starting segment from index:0
2019-08-20 17:30:57,105 [6c4a6901-b690-4e6e-9f9b-d426bfd0501b-SegmentedRaftLogWorker:Storage Directory /workdir/hadoop-ozone/integration-test/target/test-dir/MiniOzoneClusterImpl-7c4d8f4b-6ef9-4f83-95e6-46f70b8176c5/datanode-4/data/ratis/3fdbefe7-45a7-4892-82a8-201551af80ab] INFO  segmented.SegmentedRaftLogWorker (SegmentedRaftLogWorker.java:execute(569)) - 6c4a6901-b690-4e6e-9f9b-d426bfd0501b-SegmentedRaftLogWorker:Storage Directory /workdir/hadoop-ozone/integration-test/target/test-dir/MiniOzoneClusterImpl-7c4d8f4b-6ef9-4f83-95e6-46f70b8176c5/datanode-4/data/ratis/3fdbefe7-45a7-4892-82a8-201551af80ab: created new log segment /workdir/hadoop-ozone/integration-test/target/test-dir/MiniOzoneClusterImpl-7c4d8f4b-6ef9-4f83-95e6-46f70b8176c5/datanode-4/data/ratis/3fdbefe7-45a7-4892-82a8-201551af80ab/current/log_inprogress_0
2019-08-20 17:30:57,142 [1995104d-c8de-4475-a574-4c6ff65d896e-SegmentedRaftLogWorker:Storage Directory /workdir/hadoop-ozone/integration-test/target/test-dir/MiniOzoneClusterImpl-7c4d8f4b-6ef9-4f83-95e6-46f70b8176c5/datanode-3/data/ratis/3fdbefe7-45a7-4892-82a8-201551af80ab] INFO  segmented.SegmentedRaftLogWorker (SegmentedRaftLogWorker.java:execute(569)) - 1995104d-c8de-4475-a574-4c6ff65d896e-SegmentedRaftLogWorker:Storage Directory /workdir/hadoop-ozone/integration-test/target/test-dir/MiniOzoneClusterImpl-7c4d8f4b-6ef9-4f83-95e6-46f70b8176c5/datanode-3/data/ratis/3fdbefe7-45a7-4892-82a8-201551af80ab: created new log segment /workdir/hadoop-ozone/integration-test/target/test-dir/MiniOzoneClusterImpl-7c4d8f4b-6ef9-4f83-95e6-46f70b8176c5/datanode-3/data/ratis/3fdbefe7-45a7-4892-82a8-201551af80ab/current/log_inprogress_0
2019-08-20 17:30:57,142 [be053fe7-daa4-4335-a0a6-d036739a6273-SegmentedRaftLogWorker:Storage Directory /workdir/hadoop-ozone/integration-test/target/test-dir/MiniOzoneClusterImpl-7c4d8f4b-6ef9-4f83-95e6-46f70b8176c5/datanode-5/data/ratis/3fdbefe7-45a7-4892-82a8-201551af80ab] INFO  segmented.SegmentedRaftLogWorker (SegmentedRaftLogWorker.java:execute(569)) - be053fe7-daa4-4335-a0a6-d036739a6273-SegmentedRaftLogWorker:Storage Directory /workdir/hadoop-ozone/integration-test/target/test-dir/MiniOzoneClusterImpl-7c4d8f4b-6ef9-4f83-95e6-46f70b8176c5/datanode-5/data/ratis/3fdbefe7-45a7-4892-82a8-201551af80ab: created new log segment /workdir/hadoop-ozone/integration-test/target/test-dir/MiniOzoneClusterImpl-7c4d8f4b-6ef9-4f83-95e6-46f70b8176c5/datanode-5/data/ratis/3fdbefe7-45a7-4892-82a8-201551af80ab/current/log_inprogress_0
2019-08-20 17:30:57,146 [grpc-default-executor-4] INFO  client.GrpcClientProtocolClient (GrpcClientProtocolClient.java:onNext(255)) - client-5BA33208DA75->be053fe7-daa4-4335-a0a6-d036739a6273: receive RaftClientReply:client-5BA33208DA75->be053fe7-daa4-4335-a0a6-d036739a6273@group-201551AF80AB, cid=168, FAILED org.apache.ratis.protocol.NotLeaderException: Server be053fe7-daa4-4335-a0a6-d036739a6273 is not the leader (6c4a6901-b690-4e6e-9f9b-d426bfd0501b:192.168.5.168:43721). Request must be sent to leader., logIndex=0, commits[be053fe7-daa4-4335-a0a6-d036739a6273:c-1, 1995104d-c8de-4475-a574-4c6ff65d896e:c-1, 6c4a6901-b690-4e6e-9f9b-d426bfd0501b:c-1]
2019-08-20 17:30:57,163 [Thread-3344] INFO  impl.FollowerState (FollowerState.java:run(106)) - c4be4be4-1f04-4e64-8fc9-c7c8b3e12d80:group-E710645A75A7 changes to CANDIDATE, lastRpcTime:5100, electionTimeout:5100ms
2019-08-20 17:30:57,163 [Thread-3344] INFO  impl.RoleInfo (RoleInfo.java:shutdownFollowerState(121)) - c4be4be4-1f04-4e64-8fc9-c7c8b3e12d80: shutdown FollowerState
2019-08-20 17:30:57,163 [Thread-3344] INFO  impl.RaftServerImpl (RaftServerImpl.java:setRole(171)) - c4be4be4-1f04-4e64-8fc9-c7c8b3e12d80:group-E710645A75A7 changes role from FOLLOWER to CANDIDATE at term 0 for changeToCandidate
2019-08-20 17:30:57,163 [Thread-3344] INFO  impl.RoleInfo (RoleInfo.java:updateAndGet(143)) - c4be4be4-1f04-4e64-8fc9-c7c8b3e12d80: start LeaderElection
2019-08-20 17:30:57,181 [c4be4be4-1f04-4e64-8fc9-c7c8b3e12d80:group-E710645A75A7:LeaderElection62] INFO  impl.LeaderElection (LeaderElection.java:askForVotes(181)) - c4be4be4-1f04-4e64-8fc9-c7c8b3e12d80:group-E710645A75A7:LeaderElection62: begin an election at term 1 for -1: [c4be4be4-1f04-4e64-8fc9-c7c8b3e12d80:192.168.5.168:44827], old=null
2019-08-20 17:30:57,182 [c4be4be4-1f04-4e64-8fc9-c7c8b3e12d80:group-E710645A75A7:LeaderElection62] INFO  impl.RoleInfo (RoleInfo.java:shutdownLeaderElection(134)) - c4be4be4-1f04-4e64-8fc9-c7c8b3e12d80: shutdown LeaderElection
2019-08-20 17:30:57,182 [c4be4be4-1f04-4e64-8fc9-c7c8b3e12d80:group-E710645A75A7:LeaderElection62] INFO  impl.RaftServerImpl (RaftServerImpl.java:setRole(171)) - c4be4be4-1f04-4e64-8fc9-c7c8b3e12d80:group-E710645A75A7 changes role from CANDIDATE to LEADER at term 1 for changeToLeader
2019-08-20 17:30:57,182 [c4be4be4-1f04-4e64-8fc9-c7c8b3e12d80:group-E710645A75A7:LeaderElection62] INFO  impl.RaftServerImpl (ServerState.java:setLeader(263)) - c4be4be4-1f04-4e64-8fc9-c7c8b3e12d80:group-E710645A75A7 change Leader from null to c4be4be4-1f04-4e64-8fc9-c7c8b3e12d80 at term 1 for becomeLeader, leader elected after 5123ms
2019-08-20 17:30:57,182 [c4be4be4-1f04-4e64-8fc9-c7c8b3e12d80:group-E710645A75A7:LeaderElection62] INFO  server.RaftServerConfigKeys (ConfUtils.java:logGet(43)) - raft.server.staging.catchup.gap = 1000 (default)
2019-08-20 17:30:57,182 [c4be4be4-1f04-4e64-8fc9-c7c8b3e12d80:group-E710645A75A7:LeaderElection62] INFO  server.RaftServerConfigKeys (ConfUtils.java:logGet(43)) - raft.server.rpc.sleep.time = 25ms (default)
2019-08-20 17:30:57,182 [c4be4be4-1f04-4e64-8fc9-c7c8b3e12d80:group-E710645A75A7:LeaderElection62] INFO  server.RaftServerConfigKeys (ConfUtils.java:logGet(43)) - raft.server.write.element-limit = 4096 (default)
2019-08-20 17:30:57,182 [c4be4be4-1f04-4e64-8fc9-c7c8b3e12d80:group-E710645A75A7:LeaderElection62] INFO  server.RaftServerConfigKeys (ConfUtils.java:logGet(43)) - raft.server.watch.timeout = 10s (default)
2019-08-20 17:30:57,182 [c4be4be4-1f04-4e64-8fc9-c7c8b3e12d80:group-E710645A75A7:LeaderElection62] INFO  server.RaftServerConfigKeys (ConfUtils.java:logGet(43)) - raft.server.watch.timeout.denomination = 1s (default)
2019-08-20 17:30:57,182 [c4be4be4-1f04-4e64-8fc9-c7c8b3e12d80:group-E710645A75A7:LeaderElection62] INFO  server.RaftServerConfigKeys (ConfUtils.java:logGet(43)) - raft.server.watch.element-limit = 65536 (default)
2019-08-20 17:30:57,182 [c4be4be4-1f04-4e64-8fc9-c7c8b3e12d80:group-E710645A75A7:LeaderElection62] INFO  impl.RoleInfo (RoleInfo.java:updateAndGet(143)) - c4be4be4-1f04-4e64-8fc9-c7c8b3e12d80: start LeaderState
2019-08-20 17:30:57,183 [c4be4be4-1f04-4e64-8fc9-c7c8b3e12d80:group-E710645A75A7:LeaderElection62] INFO  segmented.SegmentedRaftLogWorker (SegmentedRaftLogWorker.java:startLogSegment(380)) - c4be4be4-1f04-4e64-8fc9-c7c8b3e12d80-SegmentedRaftLogWorker:Storage Directory /workdir/hadoop-ozone/integration-test/target/test-dir/MiniOzoneClusterImpl-7c4d8f4b-6ef9-4f83-95e6-46f70b8176c5/datanode-6/data/ratis/e0c23197-1f05-4f19-863d-e710645a75a7: Starting segment from index:0
2019-08-20 17:30:57,183 [c4be4be4-1f04-4e64-8fc9-c7c8b3e12d80:group-E710645A75A7:LeaderElection62] INFO  impl.RaftServerImpl (ServerState.java:setRaftConf(361)) - c4be4be4-1f04-4e64-8fc9-c7c8b3e12d80:group-E710645A75A7 set configuration 0: [c4be4be4-1f04-4e64-8fc9-c7c8b3e12d80:192.168.5.168:44827], old=null at 0
2019-08-20 17:30:57,217 | INFO  | SCMAudit | user=jenkins1000 | ip=192.168.5.168 | op=SEND_HEARTBEAT {datanodeUUID=868c4038-48e0-4158-9c2b-9080e3500686, command=[]} | ret=SUCCESS |  
2019-08-20 17:30:57,236 [c4be4be4-1f04-4e64-8fc9-c7c8b3e12d80-SegmentedRaftLogWorker:Storage Directory /workdir/hadoop-ozone/integration-test/target/test-dir/MiniOzoneClusterImpl-7c4d8f4b-6ef9-4f83-95e6-46f70b8176c5/datanode-6/data/ratis/e0c23197-1f05-4f19-863d-e710645a75a7] INFO  segmented.SegmentedRaftLogWorker (SegmentedRaftLogWorker.java:execute(569)) - c4be4be4-1f04-4e64-8fc9-c7c8b3e12d80-SegmentedRaftLogWorker:Storage Directory /workdir/hadoop-ozone/integration-test/target/test-dir/MiniOzoneClusterImpl-7c4d8f4b-6ef9-4f83-95e6-46f70b8176c5/datanode-6/data/ratis/e0c23197-1f05-4f19-863d-e710645a75a7: created new log segment /workdir/hadoop-ozone/integration-test/target/test-dir/MiniOzoneClusterImpl-7c4d8f4b-6ef9-4f83-95e6-46f70b8176c5/datanode-6/data/ratis/e0c23197-1f05-4f19-863d-e710645a75a7/current/log_inprogress_0
2019-08-20 17:30:57,291 | INFO  | DNAudit | user=null | ip=null | op=WRITE_CHUNK {blockData=conID: 1 locID: 102650495177129998 bcsId: 0} | ret=SUCCESS |  
2019-08-20 17:30:57,291 | INFO  | DNAudit | user=null | ip=null | op=WRITE_CHUNK {blockData=conID: 1 locID: 102650495177129998 bcsId: 0} | ret=SUCCESS |  
2019-08-20 17:30:57,291 | INFO  | DNAudit | user=null | ip=null | op=WRITE_CHUNK {blockData=conID: 1 locID: 102650495177129998 bcsId: 0} | ret=SUCCESS |  
2019-08-20 17:30:57,292 | INFO  | SCMAudit | user=jenkins1000 | ip=192.168.5.168 | op=SEND_HEARTBEAT {datanodeUUID=1995104d-c8de-4475-a574-4c6ff65d896e, command=[]} | ret=SUCCESS |  
2019-08-20 17:30:57,292 | INFO  | SCMAudit | user=jenkins1000 | ip=192.168.5.168 | op=SEND_HEARTBEAT {datanodeUUID=be053fe7-daa4-4335-a0a6-d036739a6273, command=[]} | ret=SUCCESS |  
2019-08-20 17:30:57,292 | INFO  | SCMAudit | user=jenkins1000 | ip=192.168.5.168 | op=SEND_HEARTBEAT {datanodeUUID=6c4a6901-b690-4e6e-9f9b-d426bfd0501b, command=[]} | ret=SUCCESS |  
2019-08-20 17:30:57,307 | INFO  | DNAudit | user=null | ip=null | op=WRITE_CHUNK {blockData=conID: 1 locID: 102650495177129998 bcsId: 0} | ret=SUCCESS |  
2019-08-20 17:30:57,314 [grpc-default-executor-6] INFO  client.GrpcClientProtocolClient (GrpcClientProtocolClient.java:onNext(255)) - client-5BA33208DA75->6c4a6901-b690-4e6e-9f9b-d426bfd0501b: receive RaftClientReply:client-5BA33208DA75->6c4a6901-b690-4e6e-9f9b-d426bfd0501b@group-201551AF80AB, cid=168, SUCCESS, logIndex=1, commits[6c4a6901-b690-4e6e-9f9b-d426bfd0501b:c1, 1995104d-c8de-4475-a574-4c6ff65d896e:c0, be053fe7-daa4-4335-a0a6-d036739a6273:c0]
2019-08-20 17:30:57,318 | INFO  | DNAudit | user=null | ip=null | op=WRITE_CHUNK {blockData=conID: 1 locID: 102650495177129998 bcsId: 0} | ret=SUCCESS |  
2019-08-20 17:30:57,319 | INFO  | DNAudit | user=null | ip=null | op=WRITE_CHUNK {blockData=conID: 1 locID: 102650495177129998 bcsId: 0} | ret=SUCCESS |  
2019-08-20 17:30:57,319 | INFO  | DNAudit | user=null | ip=null | op=WRITE_CHUNK {blockData=conID: 1 locID: 102650495177129998 bcsId: 0} | ret=SUCCESS |  
2019-08-20 17:30:57,319 | INFO  | DNAudit | user=null | ip=null | op=WRITE_CHUNK {blockData=conID: 1 locID: 102650495177129998 bcsId: 0} | ret=SUCCESS |  
2019-08-20 17:30:57,322 | INFO  | DNAudit | user=null | ip=null | op=WRITE_CHUNK {blockData=conID: 1 locID: 102650495177129998 bcsId: 0} | ret=SUCCESS |  
2019-08-20 17:30:57,323 | INFO  | DNAudit | user=null | ip=null | op=WRITE_CHUNK {blockData=conID: 1 locID: 102650495177129998 bcsId: 0} | ret=SUCCESS |  
2019-08-20 17:30:57,324 | INFO  | DNAudit | user=null | ip=null | op=WRITE_CHUNK {blockData=conID: 1 locID: 102650495177129998 bcsId: 0} | ret=SUCCESS |  
2019-08-20 17:30:57,324 | INFO  | DNAudit | user=null | ip=null | op=WRITE_CHUNK {blockData=conID: 1 locID: 102650495177129998 bcsId: 0} | ret=SUCCESS |  
2019-08-20 17:30:57,324 | INFO  | DNAudit | user=null | ip=null | op=WRITE_CHUNK {blockData=conID: 1 locID: 102650495177129998 bcsId: 0} | ret=SUCCESS |  
2019-08-20 17:30:57,325 | INFO  | DNAudit | user=null | ip=null | op=WRITE_CHUNK {blockData=conID: 1 locID: 102650495177129998 bcsId: 0} | ret=SUCCESS |  
2019-08-20 17:30:57,325 | INFO  | DNAudit | user=null | ip=null | op=WRITE_CHUNK {blockData=conID: 1 locID: 102650495177129998 bcsId: 0} | ret=SUCCESS |  
2019-08-20 17:30:57,330 | INFO  | DNAudit | user=null | ip=null | op=WRITE_CHUNK {blockData=conID: 1 locID: 102650495177129998 bcsId: 0} | ret=SUCCESS |  
2019-08-20 17:30:57,334 [grpc-default-executor-4] INFO  client.GrpcClientProtocolClient (GrpcClientProtocolClient.java:onNext(255)) - client-5BA33208DA75->6c4a6901-b690-4e6e-9f9b-d426bfd0501b: receive RaftClientReply:client-5BA33208DA75->6c4a6901-b690-4e6e-9f9b-d426bfd0501b@group-201551AF80AB, cid=169, SUCCESS, logIndex=3, commits[6c4a6901-b690-4e6e-9f9b-d426bfd0501b:c3, 1995104d-c8de-4475-a574-4c6ff65d896e:c1, be053fe7-daa4-4335-a0a6-d036739a6273:c2]
2019-08-20 17:30:57,344 | INFO  | DNAudit | user=null | ip=null | op=WRITE_CHUNK {blockData=conID: 1 locID: 102650495177129998 bcsId: 0} | ret=SUCCESS |  
2019-08-20 17:30:57,345 | INFO  | DNAudit | user=null | ip=null | op=WRITE_CHUNK {blockData=conID: 1 locID: 102650495177129998 bcsId: 0} | ret=SUCCESS |  
2019-08-20 17:30:57,415 | INFO  | DNAudit | user=null | ip=null | op=PUT_BLOCK {blockData=[blockId=conID: 1 locID: 102650495177129998 bcsId: 0,size=200]} | ret=SUCCESS |  
2019-08-20 17:30:57,416 | INFO  | DNAudit | user=null | ip=null | op=WRITE_CHUNK {blockData=conID: 1 locID: 102650495177129998 bcsId: 0} | ret=SUCCESS |  
2019-08-20 17:30:57,417 | INFO  | DNAudit | user=null | ip=null | op=WRITE_CHUNK {blockData=conID: 1 locID: 102650495177129998 bcsId: 0} | ret=SUCCESS |  
2019-08-20 17:30:57,417 [grpc-default-executor-0] INFO  client.GrpcClientProtocolClient (GrpcClientProtocolClient.java:onNext(255)) - client-5BA33208DA75->6c4a6901-b690-4e6e-9f9b-d426bfd0501b: receive RaftClientReply:client-5BA33208DA75->6c4a6901-b690-4e6e-9f9b-d426bfd0501b@group-201551AF80AB, cid=170, SUCCESS, logIndex=4, commits[6c4a6901-b690-4e6e-9f9b-d426bfd0501b:c12, 1995104d-c8de-4475-a574-4c6ff65d896e:c7, be053fe7-daa4-4335-a0a6-d036739a6273:c7]
2019-08-20 17:30:57,417 [grpc-default-executor-0] INFO  client.GrpcClientProtocolClient (GrpcClientProtocolClient.java:onNext(255)) - client-5BA33208DA75->6c4a6901-b690-4e6e-9f9b-d426bfd0501b: receive RaftClientReply:client-5BA33208DA75->6c4a6901-b690-4e6e-9f9b-d426bfd0501b@group-201551AF80AB, cid=171, SUCCESS, logIndex=5, commits[6c4a6901-b690-4e6e-9f9b-d426bfd0501b:c12, 1995104d-c8de-4475-a574-4c6ff65d896e:c7, be053fe7-daa4-4335-a0a6-d036739a6273:c7]
2019-08-20 17:30:57,418 [grpc-default-executor-0] INFO  client.GrpcClientProtocolClient (GrpcClientProtocolClient.java:onNext(255)) - client-5BA33208DA75->6c4a6901-b690-4e6e-9f9b-d426bfd0501b: receive RaftClientReply:client-5BA33208DA75->6c4a6901-b690-4e6e-9f9b-d426bfd0501b@group-201551AF80AB, cid=172, SUCCESS, logIndex=6, commits[6c4a6901-b690-4e6e-9f9b-d426bfd0501b:c12, 1995104d-c8de-4475-a574-4c6ff65d896e:c7, be053fe7-daa4-4335-a0a6-d036739a6273:c7]
2019-08-20 17:30:57,475 | INFO  | DNAudit | user=null | ip=null | op=PUT_BLOCK {blockData=[blockId=conID: 1 locID: 102650495177129998 bcsId: 0,size=200]} | ret=SUCCESS |  
2019-08-20 17:30:57,476 | INFO  | DNAudit | user=null | ip=null | op=WRITE_CHUNK {blockData=conID: 1 locID: 102650495177129998 bcsId: 0} | ret=SUCCESS |  
2019-08-20 17:30:57,476 | INFO  | DNAudit | user=null | ip=null | op=WRITE_CHUNK {blockData=conID: 1 locID: 102650495177129998 bcsId: 0} | ret=SUCCESS |  
2019-08-20 17:30:57,556 | INFO  | DNAudit | user=null | ip=null | op=PUT_BLOCK {blockData=[blockId=conID: 1 locID: 102650495177129998 bcsId: 0,size=400]} | ret=SUCCESS |  
2019-08-20 17:30:57,556 | INFO  | DNAudit | user=null | ip=null | op=PUT_BLOCK {blockData=[blockId=conID: 1 locID: 102650495177129998 bcsId: 0,size=400]} | ret=SUCCESS |  
2019-08-20 17:30:57,556 | INFO  | DNAudit | user=null | ip=null | op=PUT_BLOCK {blockData=[blockId=conID: 1 locID: 102650495177129998 bcsId: 0,size=200]} | ret=SUCCESS |  
2019-08-20 17:30:57,556 | INFO  | DNAudit | user=null | ip=null | op=WRITE_CHUNK {blockData=conID: 1 locID: 102650495177129998 bcsId: 0} | ret=SUCCESS |  
2019-08-20 17:30:57,557 | INFO  | DNAudit | user=null | ip=null | op=WRITE_CHUNK {blockData=conID: 1 locID: 102650495177129998 bcsId: 0} | ret=SUCCESS |  
2019-08-20 17:30:57,557 [grpc-default-executor-0] INFO  client.GrpcClientProtocolClient (GrpcClientProtocolClient.java:onNext(255)) - client-5BA33208DA75->6c4a6901-b690-4e6e-9f9b-d426bfd0501b: receive RaftClientReply:client-5BA33208DA75->6c4a6901-b690-4e6e-9f9b-d426bfd0501b@group-201551AF80AB, cid=173, SUCCESS, logIndex=7, commits[6c4a6901-b690-4e6e-9f9b-d426bfd0501b:c12, 1995104d-c8de-4475-a574-4c6ff65d896e:c7, be053fe7-daa4-4335-a0a6-d036739a6273:c7]
2019-08-20 17:30:57,558 | INFO  | DNAudit | user=null | ip=null | op=PUT_BLOCK {blockData=[blockId=conID: 1 locID: 102650495177129998 bcsId: 0,size=400]} | ret=SUCCESS |  
2019-08-20 17:30:57,561 | INFO  | DNAudit | user=null | ip=null | op=WRITE_CHUNK {blockData=conID: 1 locID: 102650495177129998 bcsId: 7} | ret=SUCCESS |  
2019-08-20 17:30:57,562 | INFO  | DNAudit | user=null | ip=null | op=WRITE_CHUNK {blockData=conID: 1 locID: 102650495177129998 bcsId: 7} | ret=SUCCESS |  
2019-08-20 17:30:57,562 | INFO  | DNAudit | user=null | ip=null | op=WRITE_CHUNK {blockData=conID: 1 locID: 102650495177129998 bcsId: 7} | ret=SUCCESS |  
2019-08-20 17:30:57,578 | INFO  | DNAudit | user=null | ip=null | op=WRITE_CHUNK {blockData=conID: 1 locID: 102650495177129998 bcsId: 7} | ret=SUCCESS |  
2019-08-20 17:30:57,579 | INFO  | DNAudit | user=null | ip=null | op=PUT_BLOCK {blockData=[blockId=conID: 1 locID: 102650495177129998 bcsId: 0,size=450]} | ret=SUCCESS |  
2019-08-20 17:30:57,579 [grpc-default-executor-0] INFO  client.GrpcClientProtocolClient (GrpcClientProtocolClient.java:onNext(255)) - client-5BA33208DA75->6c4a6901-b690-4e6e-9f9b-d426bfd0501b: receive RaftClientReply:client-5BA33208DA75->6c4a6901-b690-4e6e-9f9b-d426bfd0501b@group-201551AF80AB, cid=174, SUCCESS, logIndex=13, commits[6c4a6901-b690-4e6e-9f9b-d426bfd0501b:c14, 1995104d-c8de-4475-a574-4c6ff65d896e:c12, be053fe7-daa4-4335-a0a6-d036739a6273:c12]
2019-08-20 17:30:57,580 [grpc-default-executor-0] INFO  client.GrpcClientProtocolClient (GrpcClientProtocolClient.java:onNext(255)) - client-5BA33208DA75->6c4a6901-b690-4e6e-9f9b-d426bfd0501b: receive RaftClientReply:client-5BA33208DA75->6c4a6901-b690-4e6e-9f9b-d426bfd0501b@group-201551AF80AB, cid=175, SUCCESS, logIndex=14, commits[6c4a6901-b690-4e6e-9f9b-d426bfd0501b:c14, 1995104d-c8de-4475-a574-4c6ff65d896e:c12, be053fe7-daa4-4335-a0a6-d036739a6273:c12]
2019-08-20 17:30:57,590 | INFO  | DNAudit | user=null | ip=null | op=WRITE_CHUNK {blockData=conID: 1 locID: 102650495177129998 bcsId: 7} | ret=SUCCESS |  
2019-08-20 17:30:57,590 | INFO  | DNAudit | user=null | ip=null | op=WRITE_CHUNK {blockData=conID: 1 locID: 102650495177129998 bcsId: 7} | ret=SUCCESS |  
2019-08-20 17:30:57,591 | INFO  | DNAudit | user=null | ip=null | op=PUT_BLOCK {blockData=[blockId=conID: 1 locID: 102650495177129998 bcsId: 0,size=450]} | ret=SUCCESS |  
2019-08-20 17:30:57,592 | INFO  | DNAudit | user=null | ip=null | op=PUT_BLOCK {blockData=[blockId=conID: 1 locID: 102650495177129998 bcsId: 0,size=450]} | ret=SUCCESS |  
2019-08-20 17:30:57,595 [grpc-default-executor-0] INFO  client.GrpcClientProtocolClient (GrpcClientProtocolClient.java:onNext(255)) - client-5BA33208DA75->6c4a6901-b690-4e6e-9f9b-d426bfd0501b: receive RaftClientReply:client-5BA33208DA75->6c4a6901-b690-4e6e-9f9b-d426bfd0501b@group-201551AF80AB, cid=176, SUCCESS, logIndex=0, commits[6c4a6901-b690-4e6e-9f9b-d426bfd0501b:c16, 1995104d-c8de-4475-a574-4c6ff65d896e:c14, be053fe7-daa4-4335-a0a6-d036739a6273:c14]
2019-08-20 17:30:57,596 [main] INFO  datanode.ObjectStoreHandler (ObjectStoreHandler.java:close(155)) - Closing ObjectStoreHandler.
2019-08-20 17:30:57,597 [main] INFO  ozone.HddsDatanodeService (HddsDatanodeService.java:stop(451)) - Stopped plug-in org.apache.hadoop.ozone.web.OzoneHddsDatanodeService@4a467f08
2019-08-20 17:30:57,841 | INFO  | SCMAudit | user=jenkins1000 | ip=192.168.5.168 | op=SEND_HEARTBEAT {datanodeUUID=22376942-19b4-4255-bdb4-c51c782b6438, command=[]} | ret=SUCCESS |  
2019-08-20 17:30:58,010 | INFO  | SCMAudit | user=jenkins1000 | ip=192.168.5.168 | op=SEND_HEARTBEAT {datanodeUUID=c4be4be4-1f04-4e64-8fc9-c7c8b3e12d80, command=[]} | ret=SUCCESS |  
2019-08-20 17:30:58,049 | INFO  | SCMAudit | user=jenkins1000 | ip=192.168.5.168 | op=SEND_HEARTBEAT {datanodeUUID=9d32e657-27b9-4d89-b8c3-3e7cbe4e0bae, command=[]} | ret=SUCCESS |  
2019-08-20 17:30:58,216 | INFO  | SCMAudit | user=jenkins1000 | ip=192.168.5.168 | op=SEND_HEARTBEAT {datanodeUUID=868c4038-48e0-4158-9c2b-9080e3500686, command=[]} | ret=SUCCESS |  
2019-08-20 17:30:58,290 [Datanode State Machine Thread - 0] INFO  statemachine.DatanodeStateMachine (DatanodeStateMachine.java:lambda$startDaemon$0(350)) - Ozone container server started.
2019-08-20 17:30:58,291 | INFO  | SCMAudit | user=jenkins1000 | ip=192.168.5.168 | op=SEND_HEARTBEAT {datanodeUUID=be053fe7-daa4-4335-a0a6-d036739a6273, command=[]} | ret=SUCCESS |  
2019-08-20 17:30:58,291 | INFO  | SCMAudit | user=jenkins1000 | ip=192.168.5.168 | op=SEND_HEARTBEAT {datanodeUUID=1995104d-c8de-4475-a574-4c6ff65d896e, command=[]} | ret=SUCCESS |  
2019-08-20 17:30:58,841 | INFO  | SCMAudit | user=jenkins1000 | ip=192.168.5.168 | op=SEND_HEARTBEAT {datanodeUUID=22376942-19b4-4255-bdb4-c51c782b6438, command=[]} | ret=SUCCESS |  
2019-08-20 17:30:59,010 | INFO  | SCMAudit | user=jenkins1000 | ip=192.168.5.168 | op=SEND_HEARTBEAT {datanodeUUID=c4be4be4-1f04-4e64-8fc9-c7c8b3e12d80, command=[]} | ret=SUCCESS |  
2019-08-20 17:30:59,049 | INFO  | SCMAudit | user=jenkins1000 | ip=192.168.5.168 | op=SEND_HEARTBEAT {datanodeUUID=9d32e657-27b9-4d89-b8c3-3e7cbe4e0bae, command=[]} | ret=SUCCESS |  
2019-08-20 17:30:59,216 | INFO  | SCMAudit | user=jenkins1000 | ip=192.168.5.168 | op=SEND_HEARTBEAT {datanodeUUID=868c4038-48e0-4158-9c2b-9080e3500686, command=[]} | ret=SUCCESS |  
2019-08-20 17:30:59,291 | INFO  | SCMAudit | user=jenkins1000 | ip=192.168.5.168 | op=SEND_HEARTBEAT {datanodeUUID=1995104d-c8de-4475-a574-4c6ff65d896e, command=[]} | ret=SUCCESS |  
2019-08-20 17:30:59,291 | INFO  | SCMAudit | user=jenkins1000 | ip=192.168.5.168 | op=SEND_HEARTBEAT {datanodeUUID=be053fe7-daa4-4335-a0a6-d036739a6273, command=[]} | ret=SUCCESS |  
2019-08-20 17:30:59,841 | INFO  | SCMAudit | user=jenkins1000 | ip=192.168.5.168 | op=SEND_HEARTBEAT {datanodeUUID=22376942-19b4-4255-bdb4-c51c782b6438, command=[]} | ret=SUCCESS |  
2019-08-20 17:31:00,010 | INFO  | SCMAudit | user=jenkins1000 | ip=192.168.5.168 | op=SEND_HEARTBEAT {datanodeUUID=c4be4be4-1f04-4e64-8fc9-c7c8b3e12d80, command=[]} | ret=SUCCESS |  
2019-08-20 17:31:00,049 | INFO  | SCMAudit | user=jenkins1000 | ip=192.168.5.168 | op=SEND_HEARTBEAT {datanodeUUID=9d32e657-27b9-4d89-b8c3-3e7cbe4e0bae, command=[]} | ret=SUCCESS |  
2019-08-20 17:31:00,216 | INFO  | SCMAudit | user=jenkins1000 | ip=192.168.5.168 | op=SEND_HEARTBEAT {datanodeUUID=868c4038-48e0-4158-9c2b-9080e3500686, command=[]} | ret=SUCCESS |  
2019-08-20 17:31:00,291 | INFO  | SCMAudit | user=jenkins1000 | ip=192.168.5.168 | op=SEND_HEARTBEAT {datanodeUUID=1995104d-c8de-4475-a574-4c6ff65d896e, command=[]} | ret=SUCCESS |  
2019-08-20 17:31:00,291 | INFO  | SCMAudit | user=jenkins1000 | ip=192.168.5.168 | op=SEND_HEARTBEAT {datanodeUUID=be053fe7-daa4-4335-a0a6-d036739a6273, command=[]} | ret=SUCCESS |  
2019-08-20 17:31:00,841 | INFO  | SCMAudit | user=jenkins1000 | ip=192.168.5.168 | op=SEND_HEARTBEAT {datanodeUUID=22376942-19b4-4255-bdb4-c51c782b6438, command=[]} | ret=SUCCESS |  
2019-08-20 17:31:01,011 | INFO  | SCMAudit | user=jenkins1000 | ip=192.168.5.168 | op=SEND_HEARTBEAT {datanodeUUID=c4be4be4-1f04-4e64-8fc9-c7c8b3e12d80, command=[]} | ret=SUCCESS |  
2019-08-20 17:31:01,049 | INFO  | SCMAudit | user=jenkins1000 | ip=192.168.5.168 | op=SEND_HEARTBEAT {datanodeUUID=9d32e657-27b9-4d89-b8c3-3e7cbe4e0bae, command=[]} | ret=SUCCESS |  
2019-08-20 17:31:01,216 | INFO  | SCMAudit | user=jenkins1000 | ip=192.168.5.168 | op=SEND_HEARTBEAT {datanodeUUID=868c4038-48e0-4158-9c2b-9080e3500686, command=[]} | ret=SUCCESS |  
2019-08-20 17:31:01,290 | INFO  | SCMAudit | user=jenkins1000 | ip=192.168.5.168 | op=SEND_HEARTBEAT {datanodeUUID=1995104d-c8de-4475-a574-4c6ff65d896e, command=[]} | ret=SUCCESS |  
2019-08-20 17:31:01,291 | INFO  | SCMAudit | user=jenkins1000 | ip=192.168.5.168 | op=SEND_HEARTBEAT {datanodeUUID=be053fe7-daa4-4335-a0a6-d036739a6273, command=[]} | ret=SUCCESS |  
2019-08-20 17:31:01,841 | INFO  | SCMAudit | user=jenkins1000 | ip=192.168.5.168 | op=SEND_HEARTBEAT {datanodeUUID=22376942-19b4-4255-bdb4-c51c782b6438, command=[]} | ret=SUCCESS |  
2019-08-20 17:31:02,011 | INFO  | SCMAudit | user=jenkins1000 | ip=192.168.5.168 | op=SEND_HEARTBEAT {datanodeUUID=c4be4be4-1f04-4e64-8fc9-c7c8b3e12d80, command=[]} | ret=SUCCESS |  
2019-08-20 17:31:02,049 | INFO  | SCMAudit | user=jenkins1000 | ip=192.168.5.168 | op=SEND_HEARTBEAT {datanodeUUID=9d32e657-27b9-4d89-b8c3-3e7cbe4e0bae, command=[]} | ret=SUCCESS |  
2019-08-20 17:31:02,216 | INFO  | SCMAudit | user=jenkins1000 | ip=192.168.5.168 | op=SEND_HEARTBEAT {datanodeUUID=868c4038-48e0-4158-9c2b-9080e3500686, command=[]} | ret=SUCCESS |  
2019-08-20 17:31:02,291 | INFO  | SCMAudit | user=jenkins1000 | ip=192.168.5.168 | op=SEND_HEARTBEAT {datanodeUUID=be053fe7-daa4-4335-a0a6-d036739a6273, command=[]} | ret=SUCCESS |  
2019-08-20 17:31:02,291 | INFO  | SCMAudit | user=jenkins1000 | ip=192.168.5.168 | op=SEND_HEARTBEAT {datanodeUUID=1995104d-c8de-4475-a574-4c6ff65d896e, command=[]} | ret=SUCCESS |  
2019-08-20 17:31:02,301 [EventQueue-StaleNodeForStaleNodeHandler] INFO  node.StaleNodeHandler (StaleNodeHandler.java:onMessage(58)) - Datanode 6c4a6901-b690-4e6e-9f9b-d426bfd0501b{ip: 192.168.5.168, host: pr-hdds-1927-28fzr-1052167450, networkLocation: /default-rack, certSerialId: null} moved to stale state. Finalizing its pipelines [PipelineID=3fdbefe7-45a7-4892-82a8-201551af80ab, PipelineID=0233348f-d83e-443c-8544-a61450cc60da]
2019-08-20 17:31:02,301 [EventQueue-StaleNodeForStaleNodeHandler] INFO  pipeline.SCMPipelineManager (SCMPipelineManager.java:finalizeAndDestroyPipeline(309)) - destroying pipeline:Pipeline[ Id: 3fdbefe7-45a7-4892-82a8-201551af80ab, Nodes: 6c4a6901-b690-4e6e-9f9b-d426bfd0501b{ip: 192.168.5.168, host: pr-hdds-1927-28fzr-1052167450, networkLocation: /default-rack, certSerialId: null}be053fe7-daa4-4335-a0a6-d036739a6273{ip: 192.168.5.168, host: pr-hdds-1927-28fzr-1052167450, networkLocation: /default-rack, certSerialId: null}1995104d-c8de-4475-a574-4c6ff65d896e{ip: 192.168.5.168, host: pr-hdds-1927-28fzr-1052167450, networkLocation: /default-rack, certSerialId: null}, Type:RATIS, Factor:THREE, State:OPEN]
2019-08-20 17:31:02,301 [EventQueue-StaleNodeForStaleNodeHandler] INFO  pipeline.PipelineStateManager (PipelineStateManager.java:finalizePipeline(123)) - Pipeline Pipeline[ Id: 3fdbefe7-45a7-4892-82a8-201551af80ab, Nodes: 6c4a6901-b690-4e6e-9f9b-d426bfd0501b{ip: 192.168.5.168, host: pr-hdds-1927-28fzr-1052167450, networkLocation: /default-rack, certSerialId: null}be053fe7-daa4-4335-a0a6-d036739a6273{ip: 192.168.5.168, host: pr-hdds-1927-28fzr-1052167450, networkLocation: /default-rack, certSerialId: null}1995104d-c8de-4475-a574-4c6ff65d896e{ip: 192.168.5.168, host: pr-hdds-1927-28fzr-1052167450, networkLocation: /default-rack, certSerialId: null}, Type:RATIS, Factor:THREE, State:CLOSED] moved to CLOSED state
2019-08-20 17:31:02,302 [EventQueue-StaleNodeForStaleNodeHandler] INFO  pipeline.SCMPipelineManager (SCMPipelineManager.java:finalizeAndDestroyPipeline(309)) - destroying pipeline:Pipeline[ Id: 0233348f-d83e-443c-8544-a61450cc60da, Nodes: 6c4a6901-b690-4e6e-9f9b-d426bfd0501b{ip: 192.168.5.168, host: pr-hdds-1927-28fzr-1052167450, networkLocation: /default-rack, certSerialId: null}, Type:RATIS, Factor:ONE, State:OPEN]
2019-08-20 17:31:02,302 [EventQueue-CloseContainerForCloseContainerEventHandler] INFO  container.CloseContainerEventHandler (CloseContainerEventHandler.java:onMessage(61)) - Close container Event triggered for container : #1
2019-08-20 17:31:02,302 [EventQueue-StaleNodeForStaleNodeHandler] INFO  pipeline.PipelineStateManager (PipelineStateManager.java:finalizePipeline(123)) - Pipeline Pipeline[ Id: 0233348f-d83e-443c-8544-a61450cc60da, Nodes: 6c4a6901-b690-4e6e-9f9b-d426bfd0501b{ip: 192.168.5.168, host: pr-hdds-1927-28fzr-1052167450, networkLocation: /default-rack, certSerialId: null}, Type:RATIS, Factor:ONE, State:CLOSED] moved to CLOSED state
2019-08-20 17:31:02,598 [main] INFO  ozoneimpl.OzoneContainer (OzoneContainer.java:stop(199)) - Attempting to stop container services.
2019-08-20 17:31:02,598 [main] INFO  impl.RaftServerProxy (RaftServerProxy.java:lambda$close$4(314)) - 6c4a6901-b690-4e6e-9f9b-d426bfd0501b: close
2019-08-20 17:31:02,599 [main] INFO  impl.RaftServerImpl (RaftServerImpl.java:lambda$shutdown$3(245)) - 6c4a6901-b690-4e6e-9f9b-d426bfd0501b: shutdown group-201551AF80AB
2019-08-20 17:31:02,599 [ForkJoinPool.commonPool-worker-1] INFO  impl.RaftServerImpl (RaftServerImpl.java:lambda$shutdown$3(245)) - 6c4a6901-b690-4e6e-9f9b-d426bfd0501b: shutdown group-A61450CC60DA
2019-08-20 17:31:02,600 [main] INFO  util.JmxRegister (JmxRegister.java:unregister(73)) - Successfully un-registered JMX Bean with object name Ratis:service=RaftServer,group=group-201551AF80AB,id=6c4a6901-b690-4e6e-9f9b-d426bfd0501b
2019-08-20 17:31:02,600 [ForkJoinPool.commonPool-worker-1] INFO  util.JmxRegister (JmxRegister.java:unregister(73)) - Successfully un-registered JMX Bean with object name Ratis:service=RaftServer,group=group-A61450CC60DA,id=6c4a6901-b690-4e6e-9f9b-d426bfd0501b
2019-08-20 17:31:02,600 [main] INFO  impl.RoleInfo (RoleInfo.java:shutdownLeaderState(104)) - 6c4a6901-b690-4e6e-9f9b-d426bfd0501b: shutdown LeaderState
2019-08-20 17:31:02,600 [ForkJoinPool.commonPool-worker-1] INFO  impl.RoleInfo (RoleInfo.java:shutdownLeaderState(104)) - 6c4a6901-b690-4e6e-9f9b-d426bfd0501b: shutdown LeaderState
2019-08-20 17:31:02,605 [org.apache.ratis.server.impl.LogAppender$AppenderDaemon$$Lambda$460/480484917@743f3801] WARN  server.GrpcLogAppender (GrpcLogAppender.java:mayWait(143)) - GrpcLogAppender(6c4a6901-b690-4e6e-9f9b-d426bfd0501b->1995104d-c8de-4475-a574-4c6ff65d896e): Wait interrupted by java.lang.InterruptedException
2019-08-20 17:31:02,605 [main] INFO  impl.PendingRequests (PendingRequests.java:sendNotLeaderResponses(202)) - 6c4a6901-b690-4e6e-9f9b-d426bfd0501b-PendingRequests: sendNotLeaderResponses
2019-08-20 17:31:02,605 [org.apache.ratis.server.impl.LogAppender$AppenderDaemon$$Lambda$460/480484917@313db8e2] WARN  server.GrpcLogAppender (GrpcLogAppender.java:mayWait(143)) - GrpcLogAppender(6c4a6901-b690-4e6e-9f9b-d426bfd0501b->be053fe7-daa4-4335-a0a6-d036739a6273): Wait interrupted by java.lang.InterruptedException
2019-08-20 17:31:02,605 [ForkJoinPool.commonPool-worker-1] INFO  impl.PendingRequests (PendingRequests.java:sendNotLeaderResponses(202)) - 6c4a6901-b690-4e6e-9f9b-d426bfd0501b-PendingRequests: sendNotLeaderResponses
2019-08-20 17:31:02,606 [grpc-default-executor-6] INFO  server.GrpcServerProtocolService (GrpcServerProtocolService.java:onCompleted(104)) - 1995104d-c8de-4475-a574-4c6ff65d896e: appendEntries completed
2019-08-20 17:31:02,610 [ForkJoinPool.commonPool-worker-1] INFO  impl.StateMachineUpdater (StateMachineUpdater.java:stopAndJoin(115)) - StateMachineUpdater:6c4a6901-b690-4e6e-9f9b-d426bfd0501b:group-A61450CC60DA: set stopIndex = 0
2019-08-20 17:31:02,610 [main] INFO  impl.StateMachineUpdater (StateMachineUpdater.java:stopAndJoin(115)) - StateMachineUpdater:6c4a6901-b690-4e6e-9f9b-d426bfd0501b:group-201551AF80AB: set stopIndex = 16
2019-08-20 17:31:02,610 [ForkJoinPool.commonPool-worker-1] INFO  impl.RaftServerImpl (ServerState.java:close(394)) - 6c4a6901-b690-4e6e-9f9b-d426bfd0501b:group-A61450CC60DA closes. The last applied log index is 0
2019-08-20 17:31:02,610 [grpc-default-executor-6] INFO  server.GrpcLogAppender (GrpcLogAppender.java:onCompleted(292)) - 6c4a6901-b690-4e6e-9f9b-d426bfd0501b->1995104d-c8de-4475-a574-4c6ff65d896e: follower responses appendEntries COMPLETED
2019-08-20 17:31:02,610 [grpc-default-executor-0] INFO  server.GrpcServerProtocolService (GrpcServerProtocolService.java:onCompleted(104)) - be053fe7-daa4-4335-a0a6-d036739a6273: appendEntries completed
2019-08-20 17:31:02,610 [StateMachineUpdater:6c4a6901-b690-4e6e-9f9b-d426bfd0501b:group-201551AF80AB] INFO  ratis.ContainerStateMachine (ContainerStateMachine.java:takeSnapshot(271)) - group-201551AF80AB: Taking a snapshot at:(t:1, i:14) file /workdir/hadoop-ozone/integration-test/target/test-dir/MiniOzoneClusterImpl-7c4d8f4b-6ef9-4f83-95e6-46f70b8176c5/datanode-4/data/ratis/3fdbefe7-45a7-4892-82a8-201551af80ab/sm/snapshot.1_14
2019-08-20 17:31:02,611 [6c4a6901-b690-4e6e-9f9b-d426bfd0501b-SegmentedRaftLogWorker:Storage Directory /workdir/hadoop-ozone/integration-test/target/test-dir/MiniOzoneClusterImpl-7c4d8f4b-6ef9-4f83-95e6-46f70b8176c5/datanode-4/data/ratis/0233348f-d83e-443c-8544-a61450cc60da] INFO  segmented.SegmentedRaftLogWorker (SegmentedRaftLogWorker.java:run(313)) - 6c4a6901-b690-4e6e-9f9b-d426bfd0501b-SegmentedRaftLogWorker:Storage Directory /workdir/hadoop-ozone/integration-test/target/test-dir/MiniOzoneClusterImpl-7c4d8f4b-6ef9-4f83-95e6-46f70b8176c5/datanode-4/data/ratis/0233348f-d83e-443c-8544-a61450cc60da was interrupted, exiting. There are 0 tasks remaining in the queue.
2019-08-20 17:31:02,611 [grpc-default-executor-6] INFO  impl.FollowerInfo (FollowerInfo.java:lambda$new$0(50)) - 6c4a6901-b690-4e6e-9f9b-d426bfd0501b->1995104d-c8de-4475-a574-4c6ff65d896e: nextIndex: updateUnconditionally 17 -> 16
2019-08-20 17:31:02,611 [grpc-default-executor-0] INFO  server.GrpcLogAppender (GrpcLogAppender.java:onCompleted(292)) - 6c4a6901-b690-4e6e-9f9b-d426bfd0501b->be053fe7-daa4-4335-a0a6-d036739a6273: follower responses appendEntries COMPLETED
2019-08-20 17:31:02,613 [grpc-default-executor-0] INFO  impl.FollowerInfo (FollowerInfo.java:lambda$new$0(50)) - 6c4a6901-b690-4e6e-9f9b-d426bfd0501b->be053fe7-daa4-4335-a0a6-d036739a6273: nextIndex: updateUnconditionally 17 -> 16
2019-08-20 17:31:02,623 [ForkJoinPool.commonPool-worker-1] INFO  segmented.SegmentedRaftLogWorker (SegmentedRaftLogWorker.java:close(228)) - 6c4a6901-b690-4e6e-9f9b-d426bfd0501b-SegmentedRaftLogWorker:Storage Directory /workdir/hadoop-ozone/integration-test/target/test-dir/MiniOzoneClusterImpl-7c4d8f4b-6ef9-4f83-95e6-46f70b8176c5/datanode-4/data/ratis/0233348f-d83e-443c-8544-a61450cc60da close()
2019-08-20 17:31:02,633 [StateMachineUpdater:6c4a6901-b690-4e6e-9f9b-d426bfd0501b:group-201551AF80AB] INFO  ratis.ContainerStateMachine (ContainerStateMachine.java:takeSnapshot(282)) - group-201551AF80AB: Finished taking a snapshot at:(t:1, i:14) file:/workdir/hadoop-ozone/integration-test/target/test-dir/MiniOzoneClusterImpl-7c4d8f4b-6ef9-4f83-95e6-46f70b8176c5/datanode-4/data/ratis/3fdbefe7-45a7-4892-82a8-201551af80ab/sm/snapshot.1_14 time:24
2019-08-20 17:31:02,633 [StateMachineUpdater:6c4a6901-b690-4e6e-9f9b-d426bfd0501b:group-201551AF80AB] INFO  impl.StateMachineUpdater (StateMachineUpdater.java:takeSnapshot(242)) - StateMachineUpdater:6c4a6901-b690-4e6e-9f9b-d426bfd0501b:group-201551AF80AB: Took a snapshot at index 14
2019-08-20 17:31:02,633 [StateMachineUpdater:6c4a6901-b690-4e6e-9f9b-d426bfd0501b:group-201551AF80AB] INFO  impl.StateMachineUpdater (StateMachineUpdater.java:lambda$new$0(80)) - StateMachineUpdater:6c4a6901-b690-4e6e-9f9b-d426bfd0501b:group-201551AF80AB: snapshotIndex: updateIncreasingly -1 -> 14
2019-08-20 17:31:02,633 [main] INFO  impl.RaftServerImpl (ServerState.java:close(394)) - 6c4a6901-b690-4e6e-9f9b-d426bfd0501b:group-201551AF80AB closes. The last applied log index is 16
2019-08-20 17:31:02,634 [6c4a6901-b690-4e6e-9f9b-d426bfd0501b-SegmentedRaftLogWorker:Storage Directory /workdir/hadoop-ozone/integration-test/target/test-dir/MiniOzoneClusterImpl-7c4d8f4b-6ef9-4f83-95e6-46f70b8176c5/datanode-4/data/ratis/3fdbefe7-45a7-4892-82a8-201551af80ab] INFO  segmented.SegmentedRaftLogWorker (SegmentedRaftLogWorker.java:run(313)) - 6c4a6901-b690-4e6e-9f9b-d426bfd0501b-SegmentedRaftLogWorker:Storage Directory /workdir/hadoop-ozone/integration-test/target/test-dir/MiniOzoneClusterImpl-7c4d8f4b-6ef9-4f83-95e6-46f70b8176c5/datanode-4/data/ratis/3fdbefe7-45a7-4892-82a8-201551af80ab was interrupted, exiting. There are 0 tasks remaining in the queue.
2019-08-20 17:31:02,635 [main] INFO  segmented.SegmentedRaftLogWorker (SegmentedRaftLogWorker.java:close(228)) - 6c4a6901-b690-4e6e-9f9b-d426bfd0501b-SegmentedRaftLogWorker:Storage Directory /workdir/hadoop-ozone/integration-test/target/test-dir/MiniOzoneClusterImpl-7c4d8f4b-6ef9-4f83-95e6-46f70b8176c5/datanode-4/data/ratis/3fdbefe7-45a7-4892-82a8-201551af80ab close()
2019-08-20 17:31:02,639 [main] INFO  server.GrpcService (GrpcService.java:closeImpl(155)) - 6c4a6901-b690-4e6e-9f9b-d426bfd0501b: shutdown server with port 43721 now
2019-08-20 17:31:02,639 [grpc-default-executor-6] WARN  client.GrpcClientProtocolService (LogUtils.java:warn(134)) - 3-UnorderedRequestStreamObserver3: onError: org.apache.ratis.thirdparty.io.grpc.StatusRuntimeException: CANCELLED: cancelled before receiving half close
2019-08-20 17:31:02,640 [main] INFO  server.GrpcService (GrpcService.java:closeImpl(163)) - 6c4a6901-b690-4e6e-9f9b-d426bfd0501b: shutdown server with port 43721 successfully
2019-08-20 17:31:02,641 [main] INFO  utils.BackgroundService (BackgroundService.java:shutdown(148)) - Shutting down service BlockDeletingService
2019-08-20 17:31:02,645 [refreshUsed-/workdir/hadoop-ozone/integration-test/target/test-dir/MiniOzoneClusterImpl-7c4d8f4b-6ef9-4f83-95e6-46f70b8176c5/datanode-4/data/containers] WARN  fs.CachingGetSpaceUsed (CachingGetSpaceUsed.java:run(183)) - Thread Interrupted waiting to refresh disk information: sleep interrupted
2019-08-20 17:31:02,666 [main] INFO  statemachine.DatanodeStateMachine (DatanodeStateMachine.java:stopDaemon(395)) - Ozone container server stopped.
2019-08-20 17:31:02,667 [main] INFO  handler.ContextHandler (ContextHandler.java:doStop(910)) - Stopped o.e.j.w.WebAppContext@29471e3e{/,null,UNAVAILABLE}{/hddsDatanode}
2019-08-20 17:31:02,668 [main] INFO  server.AbstractConnector (AbstractConnector.java:doStop(318)) - Stopped ServerConnector@73fa97a9{HTTP/1.1,[http/1.1]}{0.0.0.0:0}
2019-08-20 17:31:02,669 [main] INFO  handler.ContextHandler (ContextHandler.java:doStop(910)) - Stopped o.e.j.s.ServletContextHandler@59a49dbc{/static,jar:file:/home/user/.m2/repository/org/apache/hadoop/hadoop-hdds-container-service/0.5.0-SNAPSHOT/hadoop-hdds-container-service-0.5.0-SNAPSHOT.jar!/webapps/static,UNAVAILABLE}
2019-08-20 17:31:02,669 [main] INFO  handler.ContextHandler (ContextHandler.java:doStop(910)) - Stopped o.e.j.s.ServletContextHandler@168ffb0{/logs,file:///workdir/hadoop-ozone/integration-test/target/log,UNAVAILABLE}
2019-08-20 17:31:02,842 | INFO  | SCMAudit | user=jenkins1000 | ip=192.168.5.168 | op=SEND_HEARTBEAT {datanodeUUID=22376942-19b4-4255-bdb4-c51c782b6438, command=[]} | ret=SUCCESS |  
2019-08-20 17:31:03,011 | INFO  | SCMAudit | user=jenkins1000 | ip=192.168.5.168 | op=SEND_HEARTBEAT {datanodeUUID=c4be4be4-1f04-4e64-8fc9-c7c8b3e12d80, command=[]} | ret=SUCCESS |  
2019-08-20 17:31:03,049 | INFO  | SCMAudit | user=jenkins1000 | ip=192.168.5.168 | op=SEND_HEARTBEAT {datanodeUUID=9d32e657-27b9-4d89-b8c3-3e7cbe4e0bae, command=[]} | ret=SUCCESS |  
2019-08-20 17:31:03,216 | INFO  | SCMAudit | user=jenkins1000 | ip=192.168.5.168 | op=SEND_HEARTBEAT {datanodeUUID=868c4038-48e0-4158-9c2b-9080e3500686, command=[]} | ret=SUCCESS |  
2019-08-20 17:31:03,293 | INFO  | SCMAudit | user=jenkins1000 | ip=192.168.5.168 | op=SEND_HEARTBEAT {datanodeUUID=be053fe7-daa4-4335-a0a6-d036739a6273, command=[commandType: closeContainerCommand closeContainerCommandProto { containerID: 1 pipelineID { id: "3fdbefe7-45a7-4892-82a8-201551af80ab" } cmdId: 1 force: false } ]} | ret=SUCCESS |  
2019-08-20 17:31:03,293 | INFO  | SCMAudit | user=jenkins1000 | ip=192.168.5.168 | op=SEND_HEARTBEAT {datanodeUUID=1995104d-c8de-4475-a574-4c6ff65d896e, command=[commandType: closeContainerCommand closeContainerCommandProto { containerID: 1 pipelineID { id: "3fdbefe7-45a7-4892-82a8-201551af80ab" } cmdId: 1 force: false } ]} | ret=SUCCESS |  
2019-08-20 17:31:03,842 | INFO  | SCMAudit | user=jenkins1000 | ip=192.168.5.168 | op=SEND_HEARTBEAT {datanodeUUID=22376942-19b4-4255-bdb4-c51c782b6438, command=[]} | ret=SUCCESS |  
2019-08-20 17:31:04,011 | INFO  | SCMAudit | user=jenkins1000 | ip=192.168.5.168 | op=SEND_HEARTBEAT {datanodeUUID=c4be4be4-1f04-4e64-8fc9-c7c8b3e12d80, command=[]} | ret=SUCCESS |  
2019-08-20 17:31:04,049 | INFO  | SCMAudit | user=jenkins1000 | ip=192.168.5.168 | op=SEND_HEARTBEAT {datanodeUUID=9d32e657-27b9-4d89-b8c3-3e7cbe4e0bae, command=[]} | ret=SUCCESS |  
2019-08-20 17:31:04,216 | INFO  | SCMAudit | user=jenkins1000 | ip=192.168.5.168 | op=SEND_HEARTBEAT {datanodeUUID=868c4038-48e0-4158-9c2b-9080e3500686, command=[]} | ret=SUCCESS |  
2019-08-20 17:31:04,292 | INFO  | SCMAudit | user=jenkins1000 | ip=192.168.5.168 | op=SEND_HEARTBEAT {datanodeUUID=1995104d-c8de-4475-a574-4c6ff65d896e, command=[]} | ret=SUCCESS |  
2019-08-20 17:31:04,292 | INFO  | SCMAudit | user=jenkins1000 | ip=192.168.5.168 | op=SEND_HEARTBEAT {datanodeUUID=be053fe7-daa4-4335-a0a6-d036739a6273, command=[]} | ret=SUCCESS |  
2019-08-20 17:31:04,320 | INFO  | SCMAudit | user=jenkins1000 | ip=192.168.5.168 | op=SEND_HEARTBEAT {datanodeUUID=1995104d-c8de-4475-a574-4c6ff65d896e, command=[]} | ret=SUCCESS |  
2019-08-20 17:31:04,320 | INFO  | SCMAudit | user=jenkins1000 | ip=192.168.5.168 | op=SEND_HEARTBEAT {datanodeUUID=be053fe7-daa4-4335-a0a6-d036739a6273, command=[]} | ret=SUCCESS |  
2019-08-20 17:31:04,685 [grpc-default-executor-4] INFO  client.GrpcClientProtocolClient (GrpcClientProtocolClient.java:onNext(255)) - client-5BA33208DA75->be053fe7-daa4-4335-a0a6-d036739a6273: receive RaftClientReply:client-5BA33208DA75->be053fe7-daa4-4335-a0a6-d036739a6273@group-201551AF80AB, cid=177, FAILED org.apache.ratis.protocol.NotLeaderException: Server be053fe7-daa4-4335-a0a6-d036739a6273 is not the leader (6c4a6901-b690-4e6e-9f9b-d426bfd0501b:192.168.5.168:43721). Request must be sent to leader., logIndex=0, commits[be053fe7-daa4-4335-a0a6-d036739a6273:c16, 1995104d-c8de-4475-a574-4c6ff65d896e:c16, 6c4a6901-b690-4e6e-9f9b-d426bfd0501b:c16]
2019-08-20 17:31:04,842 | INFO  | SCMAudit | user=jenkins1000 | ip=192.168.5.168 | op=SEND_HEARTBEAT {datanodeUUID=22376942-19b4-4255-bdb4-c51c782b6438, command=[]} | ret=SUCCESS |  
2019-08-20 17:31:05,011 | INFO  | SCMAudit | user=jenkins1000 | ip=192.168.5.168 | op=SEND_HEARTBEAT {datanodeUUID=c4be4be4-1f04-4e64-8fc9-c7c8b3e12d80, command=[]} | ret=SUCCESS |  
2019-08-20 17:31:05,049 | INFO  | SCMAudit | user=jenkins1000 | ip=192.168.5.168 | op=SEND_HEARTBEAT {datanodeUUID=9d32e657-27b9-4d89-b8c3-3e7cbe4e0bae, command=[]} | ret=SUCCESS |  
2019-08-20 17:31:05,216 | INFO  | SCMAudit | user=jenkins1000 | ip=192.168.5.168 | op=SEND_HEARTBEAT {datanodeUUID=868c4038-48e0-4158-9c2b-9080e3500686, command=[]} | ret=SUCCESS |  
2019-08-20 17:31:05,320 | INFO  | SCMAudit | user=jenkins1000 | ip=192.168.5.168 | op=SEND_HEARTBEAT {datanodeUUID=1995104d-c8de-4475-a574-4c6ff65d896e, command=[]} | ret=SUCCESS |  
2019-08-20 17:31:05,320 | INFO  | SCMAudit | user=jenkins1000 | ip=192.168.5.168 | op=SEND_HEARTBEAT {datanodeUUID=be053fe7-daa4-4335-a0a6-d036739a6273, command=[]} | ret=SUCCESS |  
2019-08-20 17:31:05,699 [grpc-default-executor-4] INFO  client.GrpcClientProtocolClient (GrpcClientProtocolClient.java:onNext(255)) - client-5BA33208DA75->be053fe7-daa4-4335-a0a6-d036739a6273: receive RaftClientReply:client-5BA33208DA75->be053fe7-daa4-4335-a0a6-d036739a6273@group-201551AF80AB, cid=177, FAILED org.apache.ratis.protocol.NotLeaderException: Server be053fe7-daa4-4335-a0a6-d036739a6273 is not the leader (6c4a6901-b690-4e6e-9f9b-d426bfd0501b:192.168.5.168:43721). Request must be sent to leader., logIndex=0, commits[be053fe7-daa4-4335-a0a6-d036739a6273:c16, 1995104d-c8de-4475-a574-4c6ff65d896e:c16, 6c4a6901-b690-4e6e-9f9b-d426bfd0501b:c16]
2019-08-20 17:31:05,842 | INFO  | SCMAudit | user=jenkins1000 | ip=192.168.5.168 | op=SEND_HEARTBEAT {datanodeUUID=22376942-19b4-4255-bdb4-c51c782b6438, command=[]} | ret=SUCCESS |  
2019-08-20 17:31:06,011 | INFO  | SCMAudit | user=jenkins1000 | ip=192.168.5.168 | op=SEND_HEARTBEAT {datanodeUUID=c4be4be4-1f04-4e64-8fc9-c7c8b3e12d80, command=[]} | ret=SUCCESS |  
2019-08-20 17:31:06,049 | INFO  | SCMAudit | user=jenkins1000 | ip=192.168.5.168 | op=SEND_HEARTBEAT {datanodeUUID=9d32e657-27b9-4d89-b8c3-3e7cbe4e0bae, command=[]} | ret=SUCCESS |  
2019-08-20 17:31:06,216 | INFO  | SCMAudit | user=jenkins1000 | ip=192.168.5.168 | op=SEND_HEARTBEAT {datanodeUUID=868c4038-48e0-4158-9c2b-9080e3500686, command=[]} | ret=SUCCESS |  
2019-08-20 17:31:06,320 | INFO  | SCMAudit | user=jenkins1000 | ip=192.168.5.168 | op=SEND_HEARTBEAT {datanodeUUID=be053fe7-daa4-4335-a0a6-d036739a6273, command=[]} | ret=SUCCESS |  
2019-08-20 17:31:06,320 | INFO  | SCMAudit | user=jenkins1000 | ip=192.168.5.168 | op=SEND_HEARTBEAT {datanodeUUID=1995104d-c8de-4475-a574-4c6ff65d896e, command=[]} | ret=SUCCESS |  
2019-08-20 17:31:06,714 [grpc-default-executor-6] INFO  client.GrpcClientProtocolClient (GrpcClientProtocolClient.java:onNext(255)) - client-5BA33208DA75->be053fe7-daa4-4335-a0a6-d036739a6273: receive RaftClientReply:client-5BA33208DA75->be053fe7-daa4-4335-a0a6-d036739a6273@group-201551AF80AB, cid=177, FAILED org.apache.ratis.protocol.NotLeaderException: Server be053fe7-daa4-4335-a0a6-d036739a6273 is not the leader (6c4a6901-b690-4e6e-9f9b-d426bfd0501b:192.168.5.168:43721). Request must be sent to leader., logIndex=0, commits[be053fe7-daa4-4335-a0a6-d036739a6273:c16, 1995104d-c8de-4475-a574-4c6ff65d896e:c16, 6c4a6901-b690-4e6e-9f9b-d426bfd0501b:c16]
2019-08-20 17:31:06,842 | INFO  | SCMAudit | user=jenkins1000 | ip=192.168.5.168 | op=SEND_HEARTBEAT {datanodeUUID=22376942-19b4-4255-bdb4-c51c782b6438, command=[]} | ret=SUCCESS |  
2019-08-20 17:31:07,011 | INFO  | SCMAudit | user=jenkins1000 | ip=192.168.5.168 | op=SEND_HEARTBEAT {datanodeUUID=c4be4be4-1f04-4e64-8fc9-c7c8b3e12d80, command=[]} | ret=SUCCESS |  
2019-08-20 17:31:07,049 | INFO  | SCMAudit | user=jenkins1000 | ip=192.168.5.168 | op=SEND_HEARTBEAT {datanodeUUID=9d32e657-27b9-4d89-b8c3-3e7cbe4e0bae, command=[]} | ret=SUCCESS |  
2019-08-20 17:31:07,216 | INFO  | SCMAudit | user=jenkins1000 | ip=192.168.5.168 | op=SEND_HEARTBEAT {datanodeUUID=868c4038-48e0-4158-9c2b-9080e3500686, command=[]} | ret=SUCCESS |  
2019-08-20 17:31:07,320 | INFO  | SCMAudit | user=jenkins1000 | ip=192.168.5.168 | op=SEND_HEARTBEAT {datanodeUUID=1995104d-c8de-4475-a574-4c6ff65d896e, command=[]} | ret=SUCCESS |  
2019-08-20 17:31:07,320 | INFO  | SCMAudit | user=jenkins1000 | ip=192.168.5.168 | op=SEND_HEARTBEAT {datanodeUUID=be053fe7-daa4-4335-a0a6-d036739a6273, command=[]} | ret=SUCCESS |  
2019-08-20 17:31:07,730 [grpc-default-executor-6] INFO  client.GrpcClientProtocolClient (GrpcClientProtocolClient.java:onNext(255)) - client-5BA33208DA75->1995104d-c8de-4475-a574-4c6ff65d896e: receive RaftClientReply:client-5BA33208DA75->1995104d-c8de-4475-a574-4c6ff65d896e@group-201551AF80AB, cid=177, FAILED org.apache.ratis.protocol.NotLeaderException: Server 1995104d-c8de-4475-a574-4c6ff65d896e is not the leader (6c4a6901-b690-4e6e-9f9b-d426bfd0501b:192.168.5.168:43721). Request must be sent to leader., logIndex=0, commits[1995104d-c8de-4475-a574-4c6ff65d896e:c16, 6c4a6901-b690-4e6e-9f9b-d426bfd0501b:c16, be053fe7-daa4-4335-a0a6-d036739a6273:c16]
2019-08-20 17:31:07,842 | INFO  | SCMAudit | user=jenkins1000 | ip=192.168.5.168 | op=SEND_HEARTBEAT {datanodeUUID=22376942-19b4-4255-bdb4-c51c782b6438, command=[]} | ret=SUCCESS |  
2019-08-20 17:31:08,011 | INFO  | SCMAudit | user=jenkins1000 | ip=192.168.5.168 | op=SEND_HEARTBEAT {datanodeUUID=c4be4be4-1f04-4e64-8fc9-c7c8b3e12d80, command=[]} | ret=SUCCESS |  
2019-08-20 17:31:08,049 | INFO  | SCMAudit | user=jenkins1000 | ip=192.168.5.168 | op=SEND_HEARTBEAT {datanodeUUID=9d32e657-27b9-4d89-b8c3-3e7cbe4e0bae, command=[]} | ret=SUCCESS |  
2019-08-20 17:31:08,216 | INFO  | SCMAudit | user=jenkins1000 | ip=192.168.5.168 | op=SEND_HEARTBEAT {datanodeUUID=868c4038-48e0-4158-9c2b-9080e3500686, command=[]} | ret=SUCCESS |  
2019-08-20 17:31:08,320 | INFO  | SCMAudit | user=jenkins1000 | ip=192.168.5.168 | op=SEND_HEARTBEAT {datanodeUUID=be053fe7-daa4-4335-a0a6-d036739a6273, command=[]} | ret=SUCCESS |  
2019-08-20 17:31:08,320 | INFO  | SCMAudit | user=jenkins1000 | ip=192.168.5.168 | op=SEND_HEARTBEAT {datanodeUUID=1995104d-c8de-4475-a574-4c6ff65d896e, command=[]} | ret=SUCCESS |  
2019-08-20 17:31:08,746 [grpc-default-executor-0] INFO  client.GrpcClientProtocolClient (GrpcClientProtocolClient.java:onNext(255)) - client-5BA33208DA75->1995104d-c8de-4475-a574-4c6ff65d896e: receive RaftClientReply:client-5BA33208DA75->1995104d-c8de-4475-a574-4c6ff65d896e@group-201551AF80AB, cid=177, FAILED org.apache.ratis.protocol.NotLeaderException: Server 1995104d-c8de-4475-a574-4c6ff65d896e is not the leader (6c4a6901-b690-4e6e-9f9b-d426bfd0501b:192.168.5.168:43721). Request must be sent to leader., logIndex=0, commits[1995104d-c8de-4475-a574-4c6ff65d896e:c16, 6c4a6901-b690-4e6e-9f9b-d426bfd0501b:c16, be053fe7-daa4-4335-a0a6-d036739a6273:c16]
2019-08-20 17:31:08,843 | INFO  | SCMAudit | user=jenkins1000 | ip=192.168.5.168 | op=SEND_HEARTBEAT {datanodeUUID=22376942-19b4-4255-bdb4-c51c782b6438, command=[]} | ret=SUCCESS |  
2019-08-20 17:31:09,011 | INFO  | SCMAudit | user=jenkins1000 | ip=192.168.5.168 | op=SEND_HEARTBEAT {datanodeUUID=c4be4be4-1f04-4e64-8fc9-c7c8b3e12d80, command=[]} | ret=SUCCESS |  
2019-08-20 17:31:09,049 | INFO  | SCMAudit | user=jenkins1000 | ip=192.168.5.168 | op=SEND_HEARTBEAT {datanodeUUID=9d32e657-27b9-4d89-b8c3-3e7cbe4e0bae, command=[]} | ret=SUCCESS |  
2019-08-20 17:31:09,216 | INFO  | SCMAudit | user=jenkins1000 | ip=192.168.5.168 | op=SEND_HEARTBEAT {datanodeUUID=868c4038-48e0-4158-9c2b-9080e3500686, command=[]} | ret=SUCCESS |  
2019-08-20 17:31:09,320 | INFO  | SCMAudit | user=jenkins1000 | ip=192.168.5.168 | op=SEND_HEARTBEAT {datanodeUUID=be053fe7-daa4-4335-a0a6-d036739a6273, command=[]} | ret=SUCCESS |  
2019-08-20 17:31:09,320 | INFO  | SCMAudit | user=jenkins1000 | ip=192.168.5.168 | op=SEND_HEARTBEAT {datanodeUUID=1995104d-c8de-4475-a574-4c6ff65d896e, command=[]} | ret=SUCCESS |  
2019-08-20 17:31:09,762 [grpc-default-executor-0] INFO  client.GrpcClientProtocolClient (GrpcClientProtocolClient.java:onNext(255)) - client-5BA33208DA75->be053fe7-daa4-4335-a0a6-d036739a6273: receive RaftClientReply:client-5BA33208DA75->be053fe7-daa4-4335-a0a6-d036739a6273@group-201551AF80AB, cid=177, FAILED org.apache.ratis.protocol.NotLeaderException: Server be053fe7-daa4-4335-a0a6-d036739a6273 is not the leader (6c4a6901-b690-4e6e-9f9b-d426bfd0501b:192.168.5.168:43721). Request must be sent to leader., logIndex=0, commits[be053fe7-daa4-4335-a0a6-d036739a6273:c16, 1995104d-c8de-4475-a574-4c6ff65d896e:c16, 6c4a6901-b690-4e6e-9f9b-d426bfd0501b:c16]
2019-08-20 17:31:09,843 | INFO  | SCMAudit | user=jenkins1000 | ip=192.168.5.168 | op=SEND_HEARTBEAT {datanodeUUID=22376942-19b4-4255-bdb4-c51c782b6438, command=[]} | ret=SUCCESS |  
2019-08-20 17:31:10,011 | INFO  | SCMAudit | user=jenkins1000 | ip=192.168.5.168 | op=SEND_HEARTBEAT {datanodeUUID=c4be4be4-1f04-4e64-8fc9-c7c8b3e12d80, command=[]} | ret=SUCCESS |  
2019-08-20 17:31:10,049 | INFO  | SCMAudit | user=jenkins1000 | ip=192.168.5.168 | op=SEND_HEARTBEAT {datanodeUUID=9d32e657-27b9-4d89-b8c3-3e7cbe4e0bae, command=[]} | ret=SUCCESS |  
2019-08-20 17:31:10,216 | INFO  | SCMAudit | user=jenkins1000 | ip=192.168.5.168 | op=SEND_HEARTBEAT {datanodeUUID=868c4038-48e0-4158-9c2b-9080e3500686, command=[]} | ret=SUCCESS |  
2019-08-20 17:31:10,320 | INFO  | SCMAudit | user=jenkins1000 | ip=192.168.5.168 | op=SEND_HEARTBEAT {datanodeUUID=be053fe7-daa4-4335-a0a6-d036739a6273, command=[]} | ret=SUCCESS |  
2019-08-20 17:31:10,320 | INFO  | SCMAudit | user=jenkins1000 | ip=192.168.5.168 | op=SEND_HEARTBEAT {datanodeUUID=1995104d-c8de-4475-a574-4c6ff65d896e, command=[]} | ret=SUCCESS |  
2019-08-20 17:31:10,779 [grpc-default-executor-6] INFO  client.GrpcClientProtocolClient (GrpcClientProtocolClient.java:onNext(255)) - client-5BA33208DA75->be053fe7-daa4-4335-a0a6-d036739a6273: receive RaftClientReply:client-5BA33208DA75->be053fe7-daa4-4335-a0a6-d036739a6273@group-201551AF80AB, cid=177, FAILED org.apache.ratis.protocol.NotLeaderException: Server be053fe7-daa4-4335-a0a6-d036739a6273 is not the leader (6c4a6901-b690-4e6e-9f9b-d426bfd0501b:192.168.5.168:43721). Request must be sent to leader., logIndex=0, commits[be053fe7-daa4-4335-a0a6-d036739a6273:c16, 1995104d-c8de-4475-a574-4c6ff65d896e:c16, 6c4a6901-b690-4e6e-9f9b-d426bfd0501b:c16]
2019-08-20 17:31:10,843 | INFO  | SCMAudit | user=jenkins1000 | ip=192.168.5.168 | op=SEND_HEARTBEAT {datanodeUUID=22376942-19b4-4255-bdb4-c51c782b6438, command=[]} | ret=SUCCESS |  
2019-08-20 17:31:11,011 | INFO  | SCMAudit | user=jenkins1000 | ip=192.168.5.168 | op=SEND_HEARTBEAT {datanodeUUID=c4be4be4-1f04-4e64-8fc9-c7c8b3e12d80, command=[]} | ret=SUCCESS |  
2019-08-20 17:31:11,049 | INFO  | SCMAudit | user=jenkins1000 | ip=192.168.5.168 | op=SEND_HEARTBEAT {datanodeUUID=9d32e657-27b9-4d89-b8c3-3e7cbe4e0bae, command=[]} | ret=SUCCESS |  
2019-08-20 17:31:11,217 | INFO  | SCMAudit | user=jenkins1000 | ip=192.168.5.168 | op=SEND_HEARTBEAT {datanodeUUID=868c4038-48e0-4158-9c2b-9080e3500686, command=[]} | ret=SUCCESS |  
2019-08-20 17:31:11,320 | INFO  | SCMAudit | user=jenkins1000 | ip=192.168.5.168 | op=SEND_HEARTBEAT {datanodeUUID=be053fe7-daa4-4335-a0a6-d036739a6273, command=[]} | ret=SUCCESS |  
2019-08-20 17:31:11,320 | INFO  | SCMAudit | user=jenkins1000 | ip=192.168.5.168 | op=SEND_HEARTBEAT {datanodeUUID=1995104d-c8de-4475-a574-4c6ff65d896e, command=[]} | ret=SUCCESS |  
2019-08-20 17:31:11,795 [grpc-default-executor-6] INFO  client.GrpcClientProtocolClient (GrpcClientProtocolClient.java:onNext(255)) - client-5BA33208DA75->be053fe7-daa4-4335-a0a6-d036739a6273: receive RaftClientReply:client-5BA33208DA75->be053fe7-daa4-4335-a0a6-d036739a6273@group-201551AF80AB, cid=177, FAILED org.apache.ratis.protocol.NotLeaderException: Server be053fe7-daa4-4335-a0a6-d036739a6273 is not the leader (6c4a6901-b690-4e6e-9f9b-d426bfd0501b:192.168.5.168:43721). Request must be sent to leader., logIndex=0, commits[be053fe7-daa4-4335-a0a6-d036739a6273:c16, 1995104d-c8de-4475-a574-4c6ff65d896e:c16, 6c4a6901-b690-4e6e-9f9b-d426bfd0501b:c16]
2019-08-20 17:31:11,843 | INFO  | SCMAudit | user=jenkins1000 | ip=192.168.5.168 | op=SEND_HEARTBEAT {datanodeUUID=22376942-19b4-4255-bdb4-c51c782b6438, command=[]} | ret=SUCCESS |  
2019-08-20 17:31:12,011 | INFO  | SCMAudit | user=jenkins1000 | ip=192.168.5.168 | op=SEND_HEARTBEAT {datanodeUUID=c4be4be4-1f04-4e64-8fc9-c7c8b3e12d80, command=[]} | ret=SUCCESS |  
2019-08-20 17:31:12,049 | INFO  | SCMAudit | user=jenkins1000 | ip=192.168.5.168 | op=SEND_HEARTBEAT {datanodeUUID=9d32e657-27b9-4d89-b8c3-3e7cbe4e0bae, command=[]} | ret=SUCCESS |  
2019-08-20 17:31:12,218 | INFO  | SCMAudit | user=jenkins1000 | ip=192.168.5.168 | op=SEND_HEARTBEAT {datanodeUUID=868c4038-48e0-4158-9c2b-9080e3500686, command=[]} | ret=SUCCESS |  
2019-08-20 17:31:12,320 | INFO  | SCMAudit | user=jenkins1000 | ip=192.168.5.168 | op=SEND_HEARTBEAT {datanodeUUID=be053fe7-daa4-4335-a0a6-d036739a6273, command=[]} | ret=SUCCESS |  
2019-08-20 17:31:12,320 | INFO  | SCMAudit | user=jenkins1000 | ip=192.168.5.168 | op=SEND_HEARTBEAT {datanodeUUID=1995104d-c8de-4475-a574-4c6ff65d896e, command=[]} | ret=SUCCESS |  
2019-08-20 17:31:12,375 [Thread-3388] INFO  impl.FollowerState (FollowerState.java:run(106)) - 1995104d-c8de-4475-a574-4c6ff65d896e:group-201551AF80AB changes to CANDIDATE, lastRpcTime:9779, electionTimeout:5084ms
2019-08-20 17:31:12,375 [Thread-3388] INFO  impl.RoleInfo (RoleInfo.java:shutdownFollowerState(121)) - 1995104d-c8de-4475-a574-4c6ff65d896e: shutdown FollowerState
2019-08-20 17:31:12,375 [Thread-3388] INFO  impl.RaftServerImpl (RaftServerImpl.java:setRole(171)) - 1995104d-c8de-4475-a574-4c6ff65d896e:group-201551AF80AB changes role from FOLLOWER to CANDIDATE at term 1 for changeToCandidate
2019-08-20 17:31:12,375 [Thread-3388] INFO  impl.RoleInfo (RoleInfo.java:updateAndGet(143)) - 1995104d-c8de-4475-a574-4c6ff65d896e: start LeaderElection
2019-08-20 17:31:12,378 [1995104d-c8de-4475-a574-4c6ff65d896e:group-201551AF80AB:LeaderElection63] INFO  impl.RaftServerImpl (ServerState.java:setLeader(263)) - 1995104d-c8de-4475-a574-4c6ff65d896e:group-201551AF80AB change Leader from 6c4a6901-b690-4e6e-9f9b-d426bfd0501b to null at term 1 for initElection
2019-08-20 17:31:12,392 [1995104d-c8de-4475-a574-4c6ff65d896e:group-201551AF80AB:LeaderElection63] INFO  impl.LeaderElection (LeaderElection.java:askForVotes(181)) - 1995104d-c8de-4475-a574-4c6ff65d896e:group-201551AF80AB:LeaderElection63: begin an election at term 2 for 0: [1995104d-c8de-4475-a574-4c6ff65d896e:192.168.5.168:36430, 6c4a6901-b690-4e6e-9f9b-d426bfd0501b:192.168.5.168:43721, be053fe7-daa4-4335-a0a6-d036739a6273:192.168.5.168:46280], old=null
2019-08-20 17:31:12,395 [1995104d-c8de-4475-a574-4c6ff65d896e:group-201551AF80AB:LeaderElection63] INFO  impl.LeaderElection (LogUtils.java:infoOrTrace(149)) - 1995104d-c8de-4475-a574-4c6ff65d896e:group-201551AF80AB:LeaderElection63 got exception when requesting votes: {}
java.util.concurrent.ExecutionException: org.apache.ratis.thirdparty.io.grpc.StatusRuntimeException: UNAVAILABLE: io exception
	at java.util.concurrent.FutureTask.report(FutureTask.java:122)
	at java.util.concurrent.FutureTask.get(FutureTask.java:192)
	at org.apache.ratis.server.impl.LeaderElection.waitForResults(LeaderElection.java:262)
	at org.apache.ratis.server.impl.LeaderElection.askForVotes(LeaderElection.java:200)
	at org.apache.ratis.server.impl.LeaderElection.run(LeaderElection.java:130)
	at java.lang.Thread.run(Thread.java:748)
Caused by: org.apache.ratis.thirdparty.io.grpc.StatusRuntimeException: UNAVAILABLE: io exception
	at org.apache.ratis.thirdparty.io.grpc.stub.ClientCalls.toStatusRuntimeException(ClientCalls.java:233)
	at org.apache.ratis.thirdparty.io.grpc.stub.ClientCalls.getUnchecked(ClientCalls.java:214)
	at org.apache.ratis.thirdparty.io.grpc.stub.ClientCalls.blockingUnaryCall(ClientCalls.java:139)
	at org.apache.ratis.proto.grpc.RaftServerProtocolServiceGrpc$RaftServerProtocolServiceBlockingStub.requestVote(RaftServerProtocolServiceGrpc.java:265)
	at org.apache.ratis.grpc.server.GrpcServerProtocolClient.requestVote(GrpcServerProtocolClient.java:83)
	at org.apache.ratis.grpc.server.GrpcService.requestVote(GrpcService.java:195)
	at org.apache.ratis.server.impl.LeaderElection.lambda$submitRequests$1(LeaderElection.java:237)
	at java.util.concurrent.FutureTask.run(FutureTask.java:266)
	at java.util.concurrent.Executors$RunnableAdapter.call(Executors.java:511)
	at java.util.concurrent.FutureTask.run(FutureTask.java:266)
	at java.util.concurrent.ThreadPoolExecutor.runWorker(ThreadPoolExecutor.java:1149)
	at java.util.concurrent.ThreadPoolExecutor$Worker.run(ThreadPoolExecutor.java:624)
	... 1 more
Caused by: org.apache.ratis.thirdparty.io.netty.channel.AbstractChannel$AnnotatedConnectException: Connection refused: /192.168.5.168:43721
	at sun.nio.ch.SocketChannelImpl.checkConnect(Native Method)
	at sun.nio.ch.SocketChannelImpl.finishConnect(SocketChannelImpl.java:717)
	at org.apache.ratis.thirdparty.io.netty.channel.socket.nio.NioSocketChannel.doFinishConnect(NioSocketChannel.java:327)
	at org.apache.ratis.thirdparty.io.netty.channel.nio.AbstractNioChannel$AbstractNioUnsafe.finishConnect(AbstractNioChannel.java:340)
	at org.apache.ratis.thirdparty.io.netty.channel.nio.NioEventLoop.processSelectedKey(NioEventLoop.java:632)
	at org.apache.ratis.thirdparty.io.netty.channel.nio.NioEventLoop.processSelectedKeysOptimized(NioEventLoop.java:579)
	at org.apache.ratis.thirdparty.io.netty.channel.nio.NioEventLoop.processSelectedKeys(NioEventLoop.java:496)
	at org.apache.ratis.thirdparty.io.netty.channel.nio.NioEventLoop.run(NioEventLoop.java:458)
	at org.apache.ratis.thirdparty.io.netty.util.concurrent.SingleThreadEventExecutor$5.run(SingleThreadEventExecutor.java:897)
	at org.apache.ratis.thirdparty.io.netty.util.concurrent.FastThreadLocalRunnable.run(FastThreadLocalRunnable.java:30)
	... 1 more
Caused by: java.net.ConnectException: Connection refused
	... 11 more
2019-08-20 17:31:12,399 [grpc-default-executor-4] INFO  impl.RaftServerImpl (ServerState.java:setLeader(263)) - be053fe7-daa4-4335-a0a6-d036739a6273:group-201551AF80AB change Leader from 6c4a6901-b690-4e6e-9f9b-d426bfd0501b to null at term 2 for updateCurrentTerm
2019-08-20 17:31:12,399 [grpc-default-executor-4] INFO  impl.RaftServerImpl (RaftServerImpl.java:setRole(171)) - be053fe7-daa4-4335-a0a6-d036739a6273:group-201551AF80AB changes role from FOLLOWER to FOLLOWER at term 2 for recognizeCandidate:1995104d-c8de-4475-a574-4c6ff65d896e
2019-08-20 17:31:12,399 [grpc-default-executor-4] INFO  impl.RoleInfo (RoleInfo.java:shutdownFollowerState(121)) - be053fe7-daa4-4335-a0a6-d036739a6273: shutdown FollowerState
2019-08-20 17:31:12,399 [grpc-default-executor-4] INFO  impl.RoleInfo (RoleInfo.java:updateAndGet(143)) - be053fe7-daa4-4335-a0a6-d036739a6273: start FollowerState
2019-08-20 17:31:12,399 [Thread-3389] INFO  impl.FollowerState (FollowerState.java:run(114)) - be053fe7-daa4-4335-a0a6-d036739a6273: FollowerState was interrupted: java.lang.InterruptedException: sleep interrupted
2019-08-20 17:31:12,419 [1995104d-c8de-4475-a574-4c6ff65d896e:group-201551AF80AB:LeaderElection63] INFO  impl.LeaderElection (LeaderElection.java:logAndReturn(56)) - 1995104d-c8de-4475-a574-4c6ff65d896e:group-201551AF80AB:LeaderElection63: Election PASSED; received 1 response(s) [1995104d-c8de-4475-a574-4c6ff65d896e<-be053fe7-daa4-4335-a0a6-d036739a6273#0:OK-t2] and 1 exception(s); 1995104d-c8de-4475-a574-4c6ff65d896e:t2, leader=null, voted=1995104d-c8de-4475-a574-4c6ff65d896e, raftlog=1995104d-c8de-4475-a574-4c6ff65d896e-SegmentedRaftLog:OPENED:c16,f16,i16, conf=0: [1995104d-c8de-4475-a574-4c6ff65d896e:192.168.5.168:36430, 6c4a6901-b690-4e6e-9f9b-d426bfd0501b:192.168.5.168:43721, be053fe7-daa4-4335-a0a6-d036739a6273:192.168.5.168:46280], old=null
2019-08-20 17:31:12,419 [1995104d-c8de-4475-a574-4c6ff65d896e:group-201551AF80AB:LeaderElection63] INFO  impl.LeaderElection (LogUtils.java:infoOrTrace(149)) -   Exception 0: {}
java.util.concurrent.ExecutionException: org.apache.ratis.thirdparty.io.grpc.StatusRuntimeException: UNAVAILABLE: io exception
	at java.util.concurrent.FutureTask.report(FutureTask.java:122)
	at java.util.concurrent.FutureTask.get(FutureTask.java:192)
	at org.apache.ratis.server.impl.LeaderElection.waitForResults(LeaderElection.java:262)
	at org.apache.ratis.server.impl.LeaderElection.askForVotes(LeaderElection.java:200)
	at org.apache.ratis.server.impl.LeaderElection.run(LeaderElection.java:130)
	at java.lang.Thread.run(Thread.java:748)
Caused by: org.apache.ratis.thirdparty.io.grpc.StatusRuntimeException: UNAVAILABLE: io exception
	at org.apache.ratis.thirdparty.io.grpc.stub.ClientCalls.toStatusRuntimeException(ClientCalls.java:233)
	at org.apache.ratis.thirdparty.io.grpc.stub.ClientCalls.getUnchecked(ClientCalls.java:214)
	at org.apache.ratis.thirdparty.io.grpc.stub.ClientCalls.blockingUnaryCall(ClientCalls.java:139)
	at org.apache.ratis.proto.grpc.RaftServerProtocolServiceGrpc$RaftServerProtocolServiceBlockingStub.requestVote(RaftServerProtocolServiceGrpc.java:265)
	at org.apache.ratis.grpc.server.GrpcServerProtocolClient.requestVote(GrpcServerProtocolClient.java:83)
	at org.apache.ratis.grpc.server.GrpcService.requestVote(GrpcService.java:195)
	at org.apache.ratis.server.impl.LeaderElection.lambda$submitRequests$1(LeaderElection.java:237)
	at java.util.concurrent.FutureTask.run(FutureTask.java:266)
	at java.util.concurrent.Executors$RunnableAdapter.call(Executors.java:511)
	at java.util.concurrent.FutureTask.run(FutureTask.java:266)
	at java.util.concurrent.ThreadPoolExecutor.runWorker(ThreadPoolExecutor.java:1149)
	at java.util.concurrent.ThreadPoolExecutor$Worker.run(ThreadPoolExecutor.java:624)
	... 1 more
Caused by: org.apache.ratis.thirdparty.io.netty.channel.AbstractChannel$AnnotatedConnectException: Connection refused: /192.168.5.168:43721
	at sun.nio.ch.SocketChannelImpl.checkConnect(Native Method)
	at sun.nio.ch.SocketChannelImpl.finishConnect(SocketChannelImpl.java:717)
	at org.apache.ratis.thirdparty.io.netty.channel.socket.nio.NioSocketChannel.doFinishConnect(NioSocketChannel.java:327)
	at org.apache.ratis.thirdparty.io.netty.channel.nio.AbstractNioChannel$AbstractNioUnsafe.finishConnect(AbstractNioChannel.java:340)
	at org.apache.ratis.thirdparty.io.netty.channel.nio.NioEventLoop.processSelectedKey(NioEventLoop.java:632)
	at org.apache.ratis.thirdparty.io.netty.channel.nio.NioEventLoop.processSelectedKeysOptimized(NioEventLoop.java:579)
	at org.apache.ratis.thirdparty.io.netty.channel.nio.NioEventLoop.processSelectedKeys(NioEventLoop.java:496)
	at org.apache.ratis.thirdparty.io.netty.channel.nio.NioEventLoop.run(NioEventLoop.java:458)
	at org.apache.ratis.thirdparty.io.netty.util.concurrent.SingleThreadEventExecutor$5.run(SingleThreadEventExecutor.java:897)
	at org.apache.ratis.thirdparty.io.netty.util.concurrent.FastThreadLocalRunnable.run(FastThreadLocalRunnable.java:30)
	... 1 more
Caused by: java.net.ConnectException: Connection refused
	... 11 more
2019-08-20 17:31:12,419 [1995104d-c8de-4475-a574-4c6ff65d896e:group-201551AF80AB:LeaderElection63] INFO  impl.RoleInfo (RoleInfo.java:shutdownLeaderElection(134)) - 1995104d-c8de-4475-a574-4c6ff65d896e: shutdown LeaderElection
2019-08-20 17:31:12,420 [1995104d-c8de-4475-a574-4c6ff65d896e:group-201551AF80AB:LeaderElection63] INFO  impl.RaftServerImpl (RaftServerImpl.java:setRole(171)) - 1995104d-c8de-4475-a574-4c6ff65d896e:group-201551AF80AB changes role from CANDIDATE to LEADER at term 2 for changeToLeader
2019-08-20 17:31:12,420 [1995104d-c8de-4475-a574-4c6ff65d896e:group-201551AF80AB:LeaderElection63] INFO  impl.RaftServerImpl (ServerState.java:setLeader(263)) - 1995104d-c8de-4475-a574-4c6ff65d896e:group-201551AF80AB change Leader from null to 1995104d-c8de-4475-a574-4c6ff65d896e at term 2 for becomeLeader, leader elected after 41ms
2019-08-20 17:31:12,420 [1995104d-c8de-4475-a574-4c6ff65d896e:group-201551AF80AB:LeaderElection63] INFO  server.RaftServerConfigKeys (ConfUtils.java:logGet(43)) - raft.server.staging.catchup.gap = 1000 (default)
2019-08-20 17:31:12,420 [1995104d-c8de-4475-a574-4c6ff65d896e:group-201551AF80AB:LeaderElection63] INFO  server.RaftServerConfigKeys (ConfUtils.java:logGet(43)) - raft.server.rpc.sleep.time = 25ms (default)
2019-08-20 17:31:12,421 [1995104d-c8de-4475-a574-4c6ff65d896e:group-201551AF80AB:LeaderElection63] INFO  server.RaftServerConfigKeys (ConfUtils.java:logGet(43)) - raft.server.write.element-limit = 4096 (default)
2019-08-20 17:31:12,421 [1995104d-c8de-4475-a574-4c6ff65d896e:group-201551AF80AB:LeaderElection63] INFO  server.RaftServerConfigKeys (ConfUtils.java:logGet(43)) - raft.server.watch.timeout = 10s (default)
2019-08-20 17:31:12,421 [1995104d-c8de-4475-a574-4c6ff65d896e:group-201551AF80AB:LeaderElection63] INFO  server.RaftServerConfigKeys (ConfUtils.java:logGet(43)) - raft.server.watch.timeout.denomination = 1s (default)
2019-08-20 17:31:12,421 [1995104d-c8de-4475-a574-4c6ff65d896e:group-201551AF80AB:LeaderElection63] INFO  server.RaftServerConfigKeys (ConfUtils.java:logGet(43)) - raft.server.watch.element-limit = 65536 (default)
2019-08-20 17:31:12,421 [1995104d-c8de-4475-a574-4c6ff65d896e:group-201551AF80AB:LeaderElection63] INFO  server.RaftServerConfigKeys (ConfUtils.java:logGet(43)) - raft.server.log.appender.snapshot.chunk.size.max = 16MB (=16777216) (default)
2019-08-20 17:31:12,422 [1995104d-c8de-4475-a574-4c6ff65d896e:group-201551AF80AB:LeaderElection63] INFO  server.RaftServerConfigKeys (ConfUtils.java:logGet(43)) - raft.server.log.appender.buffer.byte-limit = 33554432 (custom)
2019-08-20 17:31:12,422 [1995104d-c8de-4475-a574-4c6ff65d896e:group-201551AF80AB:LeaderElection63] INFO  server.RaftServerConfigKeys (ConfUtils.java:logGet(43)) - raft.server.log.appender.buffer.element-limit = 1 (custom)
2019-08-20 17:31:12,422 [1995104d-c8de-4475-a574-4c6ff65d896e:group-201551AF80AB:LeaderElection63] INFO  grpc.GrpcConfigKeys$Server (ConfUtils.java:logGet(43)) - raft.grpc.server.leader.outstanding.appends.max = 128 (default)
2019-08-20 17:31:12,422 [1995104d-c8de-4475-a574-4c6ff65d896e:group-201551AF80AB:LeaderElection63] INFO  server.RaftServerConfigKeys (ConfUtils.java:logGet(43)) - raft.server.rpc.request.timeout = 3000ms (default)
2019-08-20 17:31:12,423 [1995104d-c8de-4475-a574-4c6ff65d896e:group-201551AF80AB:LeaderElection63] INFO  server.RaftServerConfigKeys (ConfUtils.java:logGet(43)) - raft.server.log.appender.install.snapshot.enabled = false (custom)
2019-08-20 17:31:12,423 [1995104d-c8de-4475-a574-4c6ff65d896e:group-201551AF80AB:LeaderElection63] INFO  server.RaftServerConfigKeys (ConfUtils.java:logGet(43)) - raft.server.log.appender.snapshot.chunk.size.max = 16MB (=16777216) (default)
2019-08-20 17:31:12,423 [1995104d-c8de-4475-a574-4c6ff65d896e:group-201551AF80AB:LeaderElection63] INFO  server.RaftServerConfigKeys (ConfUtils.java:logGet(43)) - raft.server.log.appender.buffer.byte-limit = 33554432 (custom)
2019-08-20 17:31:12,423 [1995104d-c8de-4475-a574-4c6ff65d896e:group-201551AF80AB:LeaderElection63] INFO  server.RaftServerConfigKeys (ConfUtils.java:logGet(43)) - raft.server.log.appender.buffer.element-limit = 1 (custom)
2019-08-20 17:31:12,423 [1995104d-c8de-4475-a574-4c6ff65d896e:group-201551AF80AB:LeaderElection63] INFO  grpc.GrpcConfigKeys$Server (ConfUtils.java:logGet(43)) - raft.grpc.server.leader.outstanding.appends.max = 128 (default)
2019-08-20 17:31:12,423 [1995104d-c8de-4475-a574-4c6ff65d896e:group-201551AF80AB:LeaderElection63] INFO  server.RaftServerConfigKeys (ConfUtils.java:logGet(43)) - raft.server.rpc.request.timeout = 3000ms (default)
2019-08-20 17:31:12,424 [1995104d-c8de-4475-a574-4c6ff65d896e:group-201551AF80AB:LeaderElection63] INFO  server.RaftServerConfigKeys (ConfUtils.java:logGet(43)) - raft.server.log.appender.install.snapshot.enabled = false (custom)
2019-08-20 17:31:12,424 [1995104d-c8de-4475-a574-4c6ff65d896e:group-201551AF80AB:LeaderElection63] INFO  impl.RoleInfo (RoleInfo.java:updateAndGet(143)) - 1995104d-c8de-4475-a574-4c6ff65d896e: start LeaderState
2019-08-20 17:31:12,424 [1995104d-c8de-4475-a574-4c6ff65d896e:group-201551AF80AB:LeaderElection63] INFO  segmented.SegmentedRaftLogWorker (SegmentedRaftLogWorker.java:rollLogSegment(385)) - 1995104d-c8de-4475-a574-4c6ff65d896e-SegmentedRaftLogWorker:Storage Directory /workdir/hadoop-ozone/integration-test/target/test-dir/MiniOzoneClusterImpl-7c4d8f4b-6ef9-4f83-95e6-46f70b8176c5/datanode-3/data/ratis/3fdbefe7-45a7-4892-82a8-201551af80ab: Rolling segment log-0_16 to index:16
2019-08-20 17:31:12,425 [1995104d-c8de-4475-a574-4c6ff65d896e-SegmentedRaftLogWorker:Storage Directory /workdir/hadoop-ozone/integration-test/target/test-dir/MiniOzoneClusterImpl-7c4d8f4b-6ef9-4f83-95e6-46f70b8176c5/datanode-3/data/ratis/3fdbefe7-45a7-4892-82a8-201551af80ab] INFO  segmented.SegmentedRaftLogWorker (SegmentedRaftLogWorker.java:execute(526)) - 1995104d-c8de-4475-a574-4c6ff65d896e-SegmentedRaftLogWorker:Storage Directory /workdir/hadoop-ozone/integration-test/target/test-dir/MiniOzoneClusterImpl-7c4d8f4b-6ef9-4f83-95e6-46f70b8176c5/datanode-3/data/ratis/3fdbefe7-45a7-4892-82a8-201551af80ab: Rolled log segment from /workdir/hadoop-ozone/integration-test/target/test-dir/MiniOzoneClusterImpl-7c4d8f4b-6ef9-4f83-95e6-46f70b8176c5/datanode-3/data/ratis/3fdbefe7-45a7-4892-82a8-201551af80ab/current/log_inprogress_0 to /workdir/hadoop-ozone/integration-test/target/test-dir/MiniOzoneClusterImpl-7c4d8f4b-6ef9-4f83-95e6-46f70b8176c5/datanode-3/data/ratis/3fdbefe7-45a7-4892-82a8-201551af80ab/current/log_0-16
2019-08-20 17:31:12,425 [1995104d-c8de-4475-a574-4c6ff65d896e:group-201551AF80AB:LeaderElection63] INFO  impl.RaftServerImpl (ServerState.java:setRaftConf(361)) - 1995104d-c8de-4475-a574-4c6ff65d896e:group-201551AF80AB set configuration 17: [1995104d-c8de-4475-a574-4c6ff65d896e:192.168.5.168:36430, 6c4a6901-b690-4e6e-9f9b-d426bfd0501b:192.168.5.168:43721, be053fe7-daa4-4335-a0a6-d036739a6273:192.168.5.168:46280], old=null at 17
2019-08-20 17:31:12,426 [grpc-default-executor-4] WARN  server.GrpcLogAppender (LogUtils.java:warn(134)) - 1995104d-c8de-4475-a574-4c6ff65d896e->6c4a6901-b690-4e6e-9f9b-d426bfd0501b: Failed appendEntries: org.apache.ratis.thirdparty.io.grpc.StatusRuntimeException: UNAVAILABLE: io exception
2019-08-20 17:31:12,426 [grpc-default-executor-4] INFO  impl.FollowerInfo (FollowerInfo.java:lambda$new$0(50)) - 1995104d-c8de-4475-a574-4c6ff65d896e->6c4a6901-b690-4e6e-9f9b-d426bfd0501b: nextIndex: updateUnconditionally 17 -> 1
2019-08-20 17:31:12,427 [grpc-default-executor-4] INFO  impl.RaftServerImpl (ServerState.java:setLeader(263)) - be053fe7-daa4-4335-a0a6-d036739a6273:group-201551AF80AB change Leader from null to 1995104d-c8de-4475-a574-4c6ff65d896e at term 2 for appendEntries, leader elected after 28ms
2019-08-20 17:31:12,430 [grpc-default-executor-4] INFO  impl.RaftServerImpl (ServerState.java:setRaftConf(361)) - be053fe7-daa4-4335-a0a6-d036739a6273:group-201551AF80AB set configuration 17: [1995104d-c8de-4475-a574-4c6ff65d896e:192.168.5.168:36430, 6c4a6901-b690-4e6e-9f9b-d426bfd0501b:192.168.5.168:43721, be053fe7-daa4-4335-a0a6-d036739a6273:192.168.5.168:46280], old=null at 17
2019-08-20 17:31:12,430 [grpc-default-executor-4] INFO  segmented.SegmentedRaftLogWorker (SegmentedRaftLogWorker.java:rollLogSegment(385)) - be053fe7-daa4-4335-a0a6-d036739a6273-SegmentedRaftLogWorker:Storage Directory /workdir/hadoop-ozone/integration-test/target/test-dir/MiniOzoneClusterImpl-7c4d8f4b-6ef9-4f83-95e6-46f70b8176c5/datanode-5/data/ratis/3fdbefe7-45a7-4892-82a8-201551af80ab: Rolling segment log-0_16 to index:16
2019-08-20 17:31:12,431 [be053fe7-daa4-4335-a0a6-d036739a6273-SegmentedRaftLogWorker:Storage Directory /workdir/hadoop-ozone/integration-test/target/test-dir/MiniOzoneClusterImpl-7c4d8f4b-6ef9-4f83-95e6-46f70b8176c5/datanode-5/data/ratis/3fdbefe7-45a7-4892-82a8-201551af80ab] INFO  segmented.SegmentedRaftLogWorker (SegmentedRaftLogWorker.java:execute(526)) - be053fe7-daa4-4335-a0a6-d036739a6273-SegmentedRaftLogWorker:Storage Directory /workdir/hadoop-ozone/integration-test/target/test-dir/MiniOzoneClusterImpl-7c4d8f4b-6ef9-4f83-95e6-46f70b8176c5/datanode-5/data/ratis/3fdbefe7-45a7-4892-82a8-201551af80ab: Rolled log segment from /workdir/hadoop-ozone/integration-test/target/test-dir/MiniOzoneClusterImpl-7c4d8f4b-6ef9-4f83-95e6-46f70b8176c5/datanode-5/data/ratis/3fdbefe7-45a7-4892-82a8-201551af80ab/current/log_inprogress_0 to /workdir/hadoop-ozone/integration-test/target/test-dir/MiniOzoneClusterImpl-7c4d8f4b-6ef9-4f83-95e6-46f70b8176c5/datanode-5/data/ratis/3fdbefe7-45a7-4892-82a8-201551af80ab/current/log_0-16
2019-08-20 17:31:12,460 [1995104d-c8de-4475-a574-4c6ff65d896e-SegmentedRaftLogWorker:Storage Directory /workdir/hadoop-ozone/integration-test/target/test-dir/MiniOzoneClusterImpl-7c4d8f4b-6ef9-4f83-95e6-46f70b8176c5/datanode-3/data/ratis/3fdbefe7-45a7-4892-82a8-201551af80ab] INFO  segmented.SegmentedRaftLogWorker (SegmentedRaftLogWorker.java:execute(569)) - 1995104d-c8de-4475-a574-4c6ff65d896e-SegmentedRaftLogWorker:Storage Directory /workdir/hadoop-ozone/integration-test/target/test-dir/MiniOzoneClusterImpl-7c4d8f4b-6ef9-4f83-95e6-46f70b8176c5/datanode-3/data/ratis/3fdbefe7-45a7-4892-82a8-201551af80ab: created new log segment /workdir/hadoop-ozone/integration-test/target/test-dir/MiniOzoneClusterImpl-7c4d8f4b-6ef9-4f83-95e6-46f70b8176c5/datanode-3/data/ratis/3fdbefe7-45a7-4892-82a8-201551af80ab/current/log_inprogress_17
2019-08-20 17:31:12,473 [be053fe7-daa4-4335-a0a6-d036739a6273-SegmentedRaftLogWorker:Storage Directory /workdir/hadoop-ozone/integration-test/target/test-dir/MiniOzoneClusterImpl-7c4d8f4b-6ef9-4f83-95e6-46f70b8176c5/datanode-5/data/ratis/3fdbefe7-45a7-4892-82a8-201551af80ab] INFO  segmented.SegmentedRaftLogWorker (SegmentedRaftLogWorker.java:execute(569)) - be053fe7-daa4-4335-a0a6-d036739a6273-SegmentedRaftLogWorker:Storage Directory /workdir/hadoop-ozone/integration-test/target/test-dir/MiniOzoneClusterImpl-7c4d8f4b-6ef9-4f83-95e6-46f70b8176c5/datanode-5/data/ratis/3fdbefe7-45a7-4892-82a8-201551af80ab: created new log segment /workdir/hadoop-ozone/integration-test/target/test-dir/MiniOzoneClusterImpl-7c4d8f4b-6ef9-4f83-95e6-46f70b8176c5/datanode-5/data/ratis/3fdbefe7-45a7-4892-82a8-201551af80ab/current/log_inprogress_17
2019-08-20 17:31:12,498 | INFO  | DNAudit | user=null | ip=null | op=READ_CHUNK {blockData=conID: 1 locID: 102650495177129998 bcsId: 0} | ret=SUCCESS |  
2019-08-20 17:31:12,501 [grpc-default-executor-4] WARN  server.GrpcLogAppender (LogUtils.java:warn(134)) - 1995104d-c8de-4475-a574-4c6ff65d896e->6c4a6901-b690-4e6e-9f9b-d426bfd0501b: Failed appendEntries: org.apache.ratis.thirdparty.io.grpc.StatusRuntimeException: UNAVAILABLE: io exception
2019-08-20 17:31:12,501 [grpc-default-executor-4] INFO  impl.FollowerInfo (FollowerInfo.java:lambda$new$0(50)) - 1995104d-c8de-4475-a574-4c6ff65d896e->6c4a6901-b690-4e6e-9f9b-d426bfd0501b: nextIndex: updateUnconditionally 2 -> 1
2019-08-20 17:31:12,505 [grpc-default-executor-4] WARN  server.GrpcLogAppender (LogUtils.java:warn(134)) - 1995104d-c8de-4475-a574-4c6ff65d896e->6c4a6901-b690-4e6e-9f9b-d426bfd0501b: Failed appendEntries: org.apache.ratis.thirdparty.io.grpc.StatusRuntimeException: UNAVAILABLE: io exception
2019-08-20 17:31:12,505 [grpc-default-executor-4] INFO  impl.FollowerInfo (FollowerInfo.java:lambda$new$0(50)) - 1995104d-c8de-4475-a574-4c6ff65d896e->6c4a6901-b690-4e6e-9f9b-d426bfd0501b: nextIndex: updateUnconditionally 2 -> 1
2019-08-20 17:31:12,817 [grpc-default-executor-4] INFO  client.GrpcClientProtocolClient (GrpcClientProtocolClient.java:onNext(255)) - client-5BA33208DA75->be053fe7-daa4-4335-a0a6-d036739a6273: receive RaftClientReply:client-5BA33208DA75->be053fe7-daa4-4335-a0a6-d036739a6273@group-201551AF80AB, cid=177, FAILED org.apache.ratis.protocol.NotLeaderException: Server be053fe7-daa4-4335-a0a6-d036739a6273 is not the leader (1995104d-c8de-4475-a574-4c6ff65d896e:192.168.5.168:36430). Request must be sent to leader., logIndex=0, commits[be053fe7-daa4-4335-a0a6-d036739a6273:c17, 1995104d-c8de-4475-a574-4c6ff65d896e:c17, 6c4a6901-b690-4e6e-9f9b-d426bfd0501b:c16]
2019-08-20 17:31:12,825 | ERROR | DNAudit | user=null | ip=null | op=WRITE_CHUNK {blockData=conID: 1 locID: 102650495177129998 bcsId: 14} | ret=FAILURE | org.apache.hadoop.hdds.scm.container.common.helpers.ContainerNotOpenException: Container 1 in CLOSING state
	at org.apache.hadoop.ozone.container.common.impl.HddsDispatcher.validateContainerCommand(HddsDispatcher.java:408)
	at org.apache.hadoop.ozone.container.common.transport.server.ratis.ContainerStateMachine.startTransaction(ContainerStateMachine.java:297) 
2019-08-20 17:31:12,836 [grpc-default-executor-6] INFO  client.GrpcClientProtocolClient (GrpcClientProtocolClient.java:onNext(255)) - client-5BA33208DA75->1995104d-c8de-4475-a574-4c6ff65d896e: receive RaftClientReply:client-5BA33208DA75->1995104d-c8de-4475-a574-4c6ff65d896e@group-201551AF80AB, cid=177, FAILED org.apache.ratis.protocol.StateMachineException: org.apache.hadoop.hdds.scm.container.common.helpers.ContainerNotOpenException from Server 1995104d-c8de-4475-a574-4c6ff65d896e: Container 1 in CLOSING state, logIndex=0, commits[1995104d-c8de-4475-a574-4c6ff65d896e:c18, 6c4a6901-b690-4e6e-9f9b-d426bfd0501b:c16, be053fe7-daa4-4335-a0a6-d036739a6273:c17]
2019-08-20 17:31:12,838 | ERROR | DNAudit | user=null | ip=null | op=WRITE_CHUNK {blockData=conID: 1 locID: 102650495177129998 bcsId: 14} | ret=FAILURE | org.apache.hadoop.hdds.scm.container.common.helpers.ContainerNotOpenException: Container 1 in CLOSING state
	at org.apache.hadoop.ozone.container.common.impl.HddsDispatcher.validateContainerCommand(HddsDispatcher.java:408)
	at org.apache.hadoop.ozone.container.common.transport.server.ratis.ContainerStateMachine.startTransaction(ContainerStateMachine.java:297) 
2019-08-20 17:31:12,844 | INFO  | SCMAudit | user=jenkins1000 | ip=192.168.5.168 | op=SEND_HEARTBEAT {datanodeUUID=22376942-19b4-4255-bdb4-c51c782b6438, command=[]} | ret=SUCCESS |  
2019-08-20 17:31:12,845 | ERROR | DNAudit | user=null | ip=null | op=PUT_BLOCK {blockData=[blockId=conID: 1 locID: 102650495177129998 bcsId: 0,size=650]} | ret=FAILURE | org.apache.hadoop.hdds.scm.container.common.helpers.ContainerNotOpenException: Container 1 in CLOSING state
	at org.apache.hadoop.ozone.container.common.impl.HddsDispatcher.validateContainerCommand(HddsDispatcher.java:408)
	at org.apache.hadoop.ozone.container.common.transport.server.ratis.ContainerStateMachine.startTransaction(ContainerStateMachine.java:297) 
2019-08-20 17:31:12,846 [grpc-default-executor-6] INFO  client.GrpcClientProtocolClient (GrpcClientProtocolClient.java:onNext(255)) - client-5BA33208DA75->1995104d-c8de-4475-a574-4c6ff65d896e: receive RaftClientReply:client-5BA33208DA75->1995104d-c8de-4475-a574-4c6ff65d896e@group-201551AF80AB, cid=178, FAILED org.apache.ratis.protocol.StateMachineException: org.apache.hadoop.hdds.scm.container.common.helpers.ContainerNotOpenException from Server 1995104d-c8de-4475-a574-4c6ff65d896e: Container 1 in CLOSING state, logIndex=0, commits[1995104d-c8de-4475-a574-4c6ff65d896e:c18, 6c4a6901-b690-4e6e-9f9b-d426bfd0501b:c16, be053fe7-daa4-4335-a0a6-d036739a6273:c17]
2019-08-20 17:31:12,849 | ERROR | DNAudit | user=null | ip=null | op=WRITE_CHUNK {blockData=conID: 1 locID: 102650495177129998 bcsId: 14} | ret=FAILURE | org.apache.hadoop.hdds.scm.container.common.helpers.ContainerNotOpenException: Container 1 in CLOSING state
	at org.apache.hadoop.ozone.container.common.impl.HddsDispatcher.validateContainerCommand(HddsDispatcher.java:408)
	at org.apache.hadoop.ozone.container.common.transport.server.ratis.ContainerStateMachine.startTransaction(ContainerStateMachine.java:297) 
2019-08-20 17:31:12,852 [grpc-default-executor-6] INFO  client.GrpcClientProtocolClient (GrpcClientProtocolClient.java:onNext(255)) - client-5BA33208DA75->1995104d-c8de-4475-a574-4c6ff65d896e: receive RaftClientReply:client-5BA33208DA75->1995104d-c8de-4475-a574-4c6ff65d896e@group-201551AF80AB, cid=179, FAILED org.apache.ratis.protocol.StateMachineException: org.apache.hadoop.hdds.scm.container.common.helpers.ContainerNotOpenException from Server 1995104d-c8de-4475-a574-4c6ff65d896e: Container 1 in CLOSING state, logIndex=0, commits[1995104d-c8de-4475-a574-4c6ff65d896e:c18, 6c4a6901-b690-4e6e-9f9b-d426bfd0501b:c16, be053fe7-daa4-4335-a0a6-d036739a6273:c17]
2019-08-20 17:31:12,853 | ERROR | DNAudit | user=null | ip=null | op=WRITE_CHUNK {blockData=conID: 1 locID: 102650495177129998 bcsId: 14} | ret=FAILURE | org.apache.hadoop.hdds.scm.container.common.helpers.ContainerNotOpenException: Container 1 in CLOSING state
	at org.apache.hadoop.ozone.container.common.impl.HddsDispatcher.validateContainerCommand(HddsDispatcher.java:408)
	at org.apache.hadoop.ozone.container.common.transport.server.ratis.ContainerStateMachine.startTransaction(ContainerStateMachine.java:297) 
2019-08-20 17:31:12,857 [grpc-default-executor-6] INFO  client.GrpcClientProtocolClient (GrpcClientProtocolClient.java:onNext(255)) - client-5BA33208DA75->1995104d-c8de-4475-a574-4c6ff65d896e: receive RaftClientReply:client-5BA33208DA75->1995104d-c8de-4475-a574-4c6ff65d896e@group-201551AF80AB, cid=180, FAILED org.apache.ratis.protocol.StateMachineException: org.apache.hadoop.hdds.scm.container.common.helpers.ContainerNotOpenException from Server 1995104d-c8de-4475-a574-4c6ff65d896e: Container 1 in CLOSING state, logIndex=0, commits[1995104d-c8de-4475-a574-4c6ff65d896e:c18, 6c4a6901-b690-4e6e-9f9b-d426bfd0501b:c16, be053fe7-daa4-4335-a0a6-d036739a6273:c17]
2019-08-20 17:31:12,858 | ERROR | DNAudit | user=null | ip=null | op=PUT_BLOCK {blockData=[blockId=conID: 1 locID: 102650495177129998 bcsId: 0,size=800]} | ret=FAILURE | org.apache.hadoop.hdds.scm.container.common.helpers.ContainerNotOpenException: Container 1 in CLOSING state
	at org.apache.hadoop.ozone.container.common.impl.HddsDispatcher.validateContainerCommand(HddsDispatcher.java:408)
	at org.apache.hadoop.ozone.container.common.transport.server.ratis.ContainerStateMachine.startTransaction(ContainerStateMachine.java:297) 
2019-08-20 17:31:12,859 [grpc-default-executor-6] INFO  client.GrpcClientProtocolClient (GrpcClientProtocolClient.java:onNext(255)) - client-5BA33208DA75->1995104d-c8de-4475-a574-4c6ff65d896e: receive RaftClientReply:client-5BA33208DA75->1995104d-c8de-4475-a574-4c6ff65d896e@group-201551AF80AB, cid=181, FAILED org.apache.ratis.protocol.StateMachineException: org.apache.hadoop.hdds.scm.container.common.helpers.ContainerNotOpenException from Server 1995104d-c8de-4475-a574-4c6ff65d896e: Container 1 in CLOSING state, logIndex=0, commits[1995104d-c8de-4475-a574-4c6ff65d896e:c18, 6c4a6901-b690-4e6e-9f9b-d426bfd0501b:c16, be053fe7-daa4-4335-a0a6-d036739a6273:c17]
2019-08-20 17:31:12,872 [grpc-default-executor-6] INFO  client.GrpcClientProtocolClient (GrpcClientProtocolClient.java:onNext(255)) - client-5BA33208DA75->1995104d-c8de-4475-a574-4c6ff65d896e: receive RaftClientReply:client-5BA33208DA75->1995104d-c8de-4475-a574-4c6ff65d896e@group-201551AF80AB, cid=182, FAILED org.apache.ratis.protocol.StateMachineException: org.apache.hadoop.hdds.scm.container.common.helpers.ContainerNotOpenException from Server 1995104d-c8de-4475-a574-4c6ff65d896e: Container 1 in CLOSING state, logIndex=0, commits[1995104d-c8de-4475-a574-4c6ff65d896e:c18, 6c4a6901-b690-4e6e-9f9b-d426bfd0501b:c16, be053fe7-daa4-4335-a0a6-d036739a6273:c17]
2019-08-20 17:31:12,906 | INFO  | SCMAudit | user=jenkins1000 | ip=192.168.5.168 | op=ALLOCATE_BLOCK {owner=6c9a2a79-707d-4bce-8fd9-d04bf0c0f9e6, size=800, type=RATIS, factor=THREE} | ret=SUCCESS |  
2019-08-20 17:31:12,908 | INFO  | OMAudit | user=jenkins1000 | ip=127.0.0.1 | op=ALLOCATE_BLOCK {volume=testblockoutputstream, bucket=testblockoutputstream, key=13977d12-54e8-4db2-b198-f80eccb3b63f, dataSize=0, replicationType=null, replicationFactor=null, keyLocationInfo=null, clientID=102650495176998925} | ret=SUCCESS |  
2019-08-20 17:31:12,918 [grpc-default-executor-6] INFO  client.GrpcClientProtocolClient (GrpcClientProtocolClient.java:onNext(255)) - client-0C7E18D5FFF7->868c4038-48e0-4158-9c2b-9080e3500686: receive RaftClientReply:client-0C7E18D5FFF7->868c4038-48e0-4158-9c2b-9080e3500686@group-965AF072D4A4, cid=183, FAILED org.apache.ratis.protocol.NotLeaderException: Server 868c4038-48e0-4158-9c2b-9080e3500686 is not the leader (9d32e657-27b9-4d89-b8c3-3e7cbe4e0bae:192.168.5.168:39672). Request must be sent to leader., logIndex=0, commits[868c4038-48e0-4158-9c2b-9080e3500686:c0, 9d32e657-27b9-4d89-b8c3-3e7cbe4e0bae:c0, 22376942-19b4-4255-bdb4-c51c782b6438:c0]
2019-08-20 17:31:13,011 | INFO  | SCMAudit | user=jenkins1000 | ip=192.168.5.168 | op=SEND_HEARTBEAT {datanodeUUID=c4be4be4-1f04-4e64-8fc9-c7c8b3e12d80, command=[]} | ret=SUCCESS |  
2019-08-20 17:31:13,049 | INFO  | SCMAudit | user=jenkins1000 | ip=192.168.5.168 | op=SEND_HEARTBEAT {datanodeUUID=9d32e657-27b9-4d89-b8c3-3e7cbe4e0bae, command=[]} | ret=SUCCESS |  
2019-08-20 17:31:13,218 | INFO  | SCMAudit | user=jenkins1000 | ip=192.168.5.168 | op=SEND_HEARTBEAT {datanodeUUID=868c4038-48e0-4158-9c2b-9080e3500686, command=[]} | ret=SUCCESS |  
2019-08-20 17:31:13,320 | INFO  | SCMAudit | user=jenkins1000 | ip=192.168.5.168 | op=SEND_HEARTBEAT {datanodeUUID=1995104d-c8de-4475-a574-4c6ff65d896e, command=[]} | ret=SUCCESS |  
2019-08-20 17:31:13,320 | INFO  | SCMAudit | user=jenkins1000 | ip=192.168.5.168 | op=SEND_HEARTBEAT {datanodeUUID=be053fe7-daa4-4335-a0a6-d036739a6273, command=[]} | ret=SUCCESS |  
2019-08-20 17:31:13,844 | INFO  | SCMAudit | user=jenkins1000 | ip=192.168.5.168 | op=SEND_HEARTBEAT {datanodeUUID=22376942-19b4-4255-bdb4-c51c782b6438, command=[]} | ret=SUCCESS |  
2019-08-20 17:31:14,004 | INFO  | DNAudit | user=null | ip=null | op=WRITE_CHUNK {blockData=conID: 2 locID: 102650496477167631 bcsId: 0} | ret=SUCCESS |  
2019-08-20 17:31:14,004 | INFO  | DNAudit | user=null | ip=null | op=WRITE_CHUNK {blockData=conID: 2 locID: 102650496477167631 bcsId: 0} | ret=SUCCESS |  
2019-08-20 17:31:14,004 | INFO  | DNAudit | user=null | ip=null | op=WRITE_CHUNK {blockData=conID: 2 locID: 102650496477167631 bcsId: 0} | ret=SUCCESS |  
2019-08-20 17:31:14,004 | INFO  | SCMAudit | user=jenkins1000 | ip=192.168.5.168 | op=SEND_HEARTBEAT {datanodeUUID=22376942-19b4-4255-bdb4-c51c782b6438, command=[]} | ret=SUCCESS |  
2019-08-20 17:31:14,004 | INFO  | SCMAudit | user=jenkins1000 | ip=192.168.5.168 | op=SEND_HEARTBEAT {datanodeUUID=868c4038-48e0-4158-9c2b-9080e3500686, command=[]} | ret=SUCCESS |  
2019-08-20 17:31:14,004 | INFO  | SCMAudit | user=jenkins1000 | ip=192.168.5.168 | op=SEND_HEARTBEAT {datanodeUUID=9d32e657-27b9-4d89-b8c3-3e7cbe4e0bae, command=[]} | ret=SUCCESS |  
2019-08-20 17:31:14,009 | INFO  | DNAudit | user=null | ip=null | op=WRITE_CHUNK {blockData=conID: 2 locID: 102650496477167631 bcsId: 0} | ret=SUCCESS |  
2019-08-20 17:31:14,012 | INFO  | SCMAudit | user=jenkins1000 | ip=192.168.5.168 | op=SEND_HEARTBEAT {datanodeUUID=c4be4be4-1f04-4e64-8fc9-c7c8b3e12d80, command=[]} | ret=SUCCESS |  
2019-08-20 17:31:14,014 [grpc-default-executor-6] INFO  client.GrpcClientProtocolClient (GrpcClientProtocolClient.java:onNext(255)) - client-0C7E18D5FFF7->9d32e657-27b9-4d89-b8c3-3e7cbe4e0bae: receive RaftClientReply:client-0C7E18D5FFF7->9d32e657-27b9-4d89-b8c3-3e7cbe4e0bae@group-965AF072D4A4, cid=183, SUCCESS, logIndex=1, commits[9d32e657-27b9-4d89-b8c3-3e7cbe4e0bae:c1, 868c4038-48e0-4158-9c2b-9080e3500686:c0, 22376942-19b4-4255-bdb4-c51c782b6438:c0]
2019-08-20 17:31:14,015 | INFO  | DNAudit | user=null | ip=null | op=WRITE_CHUNK {blockData=conID: 2 locID: 102650496477167631 bcsId: 0} | ret=SUCCESS |  
2019-08-20 17:31:14,017 | INFO  | DNAudit | user=null | ip=null | op=WRITE_CHUNK {blockData=conID: 2 locID: 102650496477167631 bcsId: 0} | ret=SUCCESS |  
2019-08-20 17:31:14,018 | INFO  | DNAudit | user=null | ip=null | op=WRITE_CHUNK {blockData=conID: 2 locID: 102650496477167631 bcsId: 0} | ret=SUCCESS |  
2019-08-20 17:31:14,019 | INFO  | DNAudit | user=null | ip=null | op=WRITE_CHUNK {blockData=conID: 2 locID: 102650496477167631 bcsId: 0} | ret=SUCCESS |  
2019-08-20 17:31:14,019 | INFO  | DNAudit | user=null | ip=null | op=WRITE_CHUNK {blockData=conID: 2 locID: 102650496477167631 bcsId: 0} | ret=SUCCESS |  
2019-08-20 17:31:14,019 | INFO  | DNAudit | user=null | ip=null | op=WRITE_CHUNK {blockData=conID: 2 locID: 102650496477167631 bcsId: 0} | ret=SUCCESS |  
2019-08-20 17:31:14,020 | INFO  | DNAudit | user=null | ip=null | op=WRITE_CHUNK {blockData=conID: 2 locID: 102650496477167631 bcsId: 0} | ret=SUCCESS |  
2019-08-20 17:31:14,020 | INFO  | DNAudit | user=null | ip=null | op=WRITE_CHUNK {blockData=conID: 2 locID: 102650496477167631 bcsId: 0} | ret=SUCCESS |  
2019-08-20 17:31:14,020 | INFO  | DNAudit | user=null | ip=null | op=WRITE_CHUNK {blockData=conID: 2 locID: 102650496477167631 bcsId: 0} | ret=SUCCESS |  
2019-08-20 17:31:14,021 | INFO  | DNAudit | user=null | ip=null | op=WRITE_CHUNK {blockData=conID: 2 locID: 102650496477167631 bcsId: 0} | ret=SUCCESS |  
2019-08-20 17:31:14,021 | INFO  | DNAudit | user=null | ip=null | op=WRITE_CHUNK {blockData=conID: 2 locID: 102650496477167631 bcsId: 0} | ret=SUCCESS |  
2019-08-20 17:31:14,024 | INFO  | DNAudit | user=null | ip=null | op=WRITE_CHUNK {blockData=conID: 2 locID: 102650496477167631 bcsId: 0} | ret=SUCCESS |  
2019-08-20 17:31:14,032 [grpc-default-executor-0] INFO  client.GrpcClientProtocolClient (GrpcClientProtocolClient.java:onNext(255)) - client-0C7E18D5FFF7->9d32e657-27b9-4d89-b8c3-3e7cbe4e0bae: receive RaftClientReply:client-0C7E18D5FFF7->9d32e657-27b9-4d89-b8c3-3e7cbe4e0bae@group-965AF072D4A4, cid=184, SUCCESS, logIndex=3, commits[9d32e657-27b9-4d89-b8c3-3e7cbe4e0bae:c4, 868c4038-48e0-4158-9c2b-9080e3500686:c2, 22376942-19b4-4255-bdb4-c51c782b6438:c2]
2019-08-20 17:31:14,036 | INFO  | DNAudit | user=null | ip=null | op=WRITE_CHUNK {blockData=conID: 2 locID: 102650496477167631 bcsId: 0} | ret=SUCCESS |  
2019-08-20 17:31:14,036 | INFO  | DNAudit | user=null | ip=null | op=WRITE_CHUNK {blockData=conID: 2 locID: 102650496477167631 bcsId: 0} | ret=SUCCESS |  
2019-08-20 17:31:14,058 | INFO  | DNAudit | user=null | ip=null | op=PUT_BLOCK {blockData=[blockId=conID: 2 locID: 102650496477167631 bcsId: 0,size=200]} | ret=SUCCESS |  
2019-08-20 17:31:14,059 | INFO  | DNAudit | user=null | ip=null | op=WRITE_CHUNK {blockData=conID: 2 locID: 102650496477167631 bcsId: 0} | ret=SUCCESS |  
2019-08-20 17:31:14,059 [grpc-default-executor-5] INFO  client.GrpcClientProtocolClient (GrpcClientProtocolClient.java:onNext(255)) - client-0C7E18D5FFF7->9d32e657-27b9-4d89-b8c3-3e7cbe4e0bae: receive RaftClientReply:client-0C7E18D5FFF7->9d32e657-27b9-4d89-b8c3-3e7cbe4e0bae@group-965AF072D4A4, cid=185, SUCCESS, logIndex=4, commits[9d32e657-27b9-4d89-b8c3-3e7cbe4e0bae:c12, 868c4038-48e0-4158-9c2b-9080e3500686:c7, 22376942-19b4-4255-bdb4-c51c782b6438:c7]
2019-08-20 17:31:14,060 | INFO  | DNAudit | user=null | ip=null | op=WRITE_CHUNK {blockData=conID: 2 locID: 102650496477167631 bcsId: 0} | ret=SUCCESS |  
2019-08-20 17:31:14,060 [grpc-default-executor-5] INFO  client.GrpcClientProtocolClient (GrpcClientProtocolClient.java:onNext(255)) - client-0C7E18D5FFF7->9d32e657-27b9-4d89-b8c3-3e7cbe4e0bae: receive RaftClientReply:client-0C7E18D5FFF7->9d32e657-27b9-4d89-b8c3-3e7cbe4e0bae@group-965AF072D4A4, cid=186, SUCCESS, logIndex=5, commits[9d32e657-27b9-4d89-b8c3-3e7cbe4e0bae:c12, 868c4038-48e0-4158-9c2b-9080e3500686:c7, 22376942-19b4-4255-bdb4-c51c782b6438:c7]
2019-08-20 17:31:14,061 [grpc-default-executor-5] INFO  client.GrpcClientProtocolClient (GrpcClientProtocolClient.java:onNext(255)) - client-0C7E18D5FFF7->9d32e657-27b9-4d89-b8c3-3e7cbe4e0bae: receive RaftClientReply:client-0C7E18D5FFF7->9d32e657-27b9-4d89-b8c3-3e7cbe4e0bae@group-965AF072D4A4, cid=187, SUCCESS, logIndex=6, commits[9d32e657-27b9-4d89-b8c3-3e7cbe4e0bae:c12, 868c4038-48e0-4158-9c2b-9080e3500686:c7, 22376942-19b4-4255-bdb4-c51c782b6438:c7]
2019-08-20 17:31:14,121 | INFO  | DNAudit | user=null | ip=null | op=PUT_BLOCK {blockData=[blockId=conID: 2 locID: 102650496477167631 bcsId: 0,size=200]} | ret=SUCCESS |  
2019-08-20 17:31:14,122 | INFO  | DNAudit | user=null | ip=null | op=WRITE_CHUNK {blockData=conID: 2 locID: 102650496477167631 bcsId: 0} | ret=SUCCESS |  
2019-08-20 17:31:14,122 | INFO  | DNAudit | user=null | ip=null | op=WRITE_CHUNK {blockData=conID: 2 locID: 102650496477167631 bcsId: 0} | ret=SUCCESS |  
2019-08-20 17:31:14,206 | INFO  | DNAudit | user=null | ip=null | op=PUT_BLOCK {blockData=[blockId=conID: 2 locID: 102650496477167631 bcsId: 0,size=400]} | ret=SUCCESS |  
2019-08-20 17:31:14,206 | INFO  | DNAudit | user=null | ip=null | op=PUT_BLOCK {blockData=[blockId=conID: 2 locID: 102650496477167631 bcsId: 0,size=400]} | ret=SUCCESS |  
2019-08-20 17:31:14,206 | INFO  | DNAudit | user=null | ip=null | op=PUT_BLOCK {blockData=[blockId=conID: 2 locID: 102650496477167631 bcsId: 0,size=200]} | ret=SUCCESS |  
2019-08-20 17:31:14,207 | INFO  | DNAudit | user=null | ip=null | op=WRITE_CHUNK {blockData=conID: 2 locID: 102650496477167631 bcsId: 0} | ret=SUCCESS |  
2019-08-20 17:31:14,207 | INFO  | DNAudit | user=null | ip=null | op=WRITE_CHUNK {blockData=conID: 2 locID: 102650496477167631 bcsId: 0} | ret=SUCCESS |  
2019-08-20 17:31:14,208 | INFO  | DNAudit | user=null | ip=null | op=PUT_BLOCK {blockData=[blockId=conID: 2 locID: 102650496477167631 bcsId: 0,size=400]} | ret=SUCCESS |  
2019-08-20 17:31:14,208 [grpc-default-executor-5] INFO  client.GrpcClientProtocolClient (GrpcClientProtocolClient.java:onNext(255)) - client-0C7E18D5FFF7->9d32e657-27b9-4d89-b8c3-3e7cbe4e0bae: receive RaftClientReply:client-0C7E18D5FFF7->9d32e657-27b9-4d89-b8c3-3e7cbe4e0bae@group-965AF072D4A4, cid=188, SUCCESS, logIndex=7, commits[9d32e657-27b9-4d89-b8c3-3e7cbe4e0bae:c12, 868c4038-48e0-4158-9c2b-9080e3500686:c7, 22376942-19b4-4255-bdb4-c51c782b6438:c7]
2019-08-20 17:31:14,211 | INFO  | DNAudit | user=null | ip=null | op=WRITE_CHUNK {blockData=conID: 2 locID: 102650496477167631 bcsId: 7} | ret=SUCCESS |  
2019-08-20 17:31:14,212 | INFO  | DNAudit | user=null | ip=null | op=WRITE_CHUNK {blockData=conID: 2 locID: 102650496477167631 bcsId: 7} | ret=SUCCESS |  
2019-08-20 17:31:14,212 | INFO  | DNAudit | user=null | ip=null | op=WRITE_CHUNK {blockData=conID: 2 locID: 102650496477167631 bcsId: 7} | ret=SUCCESS |  
2019-08-20 17:31:14,224 | INFO  | DNAudit | user=null | ip=null | op=WRITE_CHUNK {blockData=conID: 2 locID: 102650496477167631 bcsId: 7} | ret=SUCCESS |  
2019-08-20 17:31:14,225 | INFO  | DNAudit | user=null | ip=null | op=PUT_BLOCK {blockData=[blockId=conID: 2 locID: 102650496477167631 bcsId: 0,size=450]} | ret=SUCCESS |  
2019-08-20 17:31:14,225 [grpc-default-executor-6] INFO  client.GrpcClientProtocolClient (GrpcClientProtocolClient.java:onNext(255)) - client-0C7E18D5FFF7->9d32e657-27b9-4d89-b8c3-3e7cbe4e0bae: receive RaftClientReply:client-0C7E18D5FFF7->9d32e657-27b9-4d89-b8c3-3e7cbe4e0bae@group-965AF072D4A4, cid=189, SUCCESS, logIndex=13, commits[9d32e657-27b9-4d89-b8c3-3e7cbe4e0bae:c14, 868c4038-48e0-4158-9c2b-9080e3500686:c12, 22376942-19b4-4255-bdb4-c51c782b6438:c12]
2019-08-20 17:31:14,226 [grpc-default-executor-6] INFO  client.GrpcClientProtocolClient (GrpcClientProtocolClient.java:onNext(255)) - client-0C7E18D5FFF7->9d32e657-27b9-4d89-b8c3-3e7cbe4e0bae: receive RaftClientReply:client-0C7E18D5FFF7->9d32e657-27b9-4d89-b8c3-3e7cbe4e0bae@group-965AF072D4A4, cid=190, SUCCESS, logIndex=14, commits[9d32e657-27b9-4d89-b8c3-3e7cbe4e0bae:c14, 868c4038-48e0-4158-9c2b-9080e3500686:c12, 22376942-19b4-4255-bdb4-c51c782b6438:c12]
2019-08-20 17:31:14,236 | INFO  | DNAudit | user=null | ip=null | op=WRITE_CHUNK {blockData=conID: 2 locID: 102650496477167631 bcsId: 7} | ret=SUCCESS |  
2019-08-20 17:31:14,236 | INFO  | DNAudit | user=null | ip=null | op=WRITE_CHUNK {blockData=conID: 2 locID: 102650496477167631 bcsId: 7} | ret=SUCCESS |  
2019-08-20 17:31:14,239 | INFO  | DNAudit | user=null | ip=null | op=PUT_BLOCK {blockData=[blockId=conID: 2 locID: 102650496477167631 bcsId: 0,size=450]} | ret=SUCCESS |  
2019-08-20 17:31:14,239 | INFO  | DNAudit | user=null | ip=null | op=PUT_BLOCK {blockData=[blockId=conID: 2 locID: 102650496477167631 bcsId: 0,size=450]} | ret=SUCCESS |  
2019-08-20 17:31:14,242 [grpc-default-executor-5] INFO  client.GrpcClientProtocolClient (GrpcClientProtocolClient.java:onNext(255)) - client-0C7E18D5FFF7->9d32e657-27b9-4d89-b8c3-3e7cbe4e0bae: receive RaftClientReply:client-0C7E18D5FFF7->9d32e657-27b9-4d89-b8c3-3e7cbe4e0bae@group-965AF072D4A4, cid=191, SUCCESS, logIndex=0, commits[9d32e657-27b9-4d89-b8c3-3e7cbe4e0bae:c16, 868c4038-48e0-4158-9c2b-9080e3500686:c14, 22376942-19b4-4255-bdb4-c51c782b6438:c14]
2019-08-20 17:31:14,243 [main] INFO  ozone.MiniOzoneClusterImpl (MiniOzoneClusterImpl.java:shutdown(321)) - Shutting down the Mini Ozone Cluster
2019-08-20 17:31:14,243 | INFO  | SCMAudit | user=null | ip=null | op=GET_SCM_INFO null | ret=SUCCESS |  
2019-08-20 17:31:14,244 [main] INFO  ozone.MiniOzoneClusterImpl (MiniOzoneClusterImpl.java:stop(336)) - Stopping the Mini Ozone Cluster
2019-08-20 17:31:14,244 [main] INFO  ozone.MiniOzoneClusterImpl (MiniOzoneClusterImpl.java:stop(338)) - Stopping the OzoneManager
2019-08-20 17:31:14,244 [main] INFO  ipc.Server (Server.java:stop(3082)) - Stopping server on 46167
2019-08-20 17:31:14,265 [IPC Server listener on 46167] INFO  ipc.Server (Server.java:run(1185)) - Stopping IPC Server listener on 46167
2019-08-20 17:31:14,265 [IPC Server Responder] INFO  ipc.Server (Server.java:run(1319)) - Stopping IPC Server Responder
2019-08-20 17:31:14,265 [main] INFO  ratis.OzoneManagerDoubleBuffer (OzoneManagerDoubleBuffer.java:stop(248)) - Stopping OMDoubleBuffer flush thread
2019-08-20 17:31:14,273 [OMDoubleBufferFlushThread] INFO  ratis.OzoneManagerDoubleBuffer (OzoneManagerDoubleBuffer.java:flushTransactions(191)) - OMDoubleBuffer flush thread OMDoubleBufferFlushThread is interrupted and will exit. OMDoubleBufferFlushThread
2019-08-20 17:31:14,273 [main] INFO  utils.BackgroundService (BackgroundService.java:shutdown(148)) - Shutting down service KeyDeletingService
2019-08-20 17:31:14,274 [main] INFO  handler.ContextHandler (ContextHandler.java:doStop(910)) - Stopped o.e.j.w.WebAppContext@1a557a52{/,null,UNAVAILABLE}{/ozoneManager}
2019-08-20 17:31:14,275 [main] INFO  server.AbstractConnector (AbstractConnector.java:doStop(318)) - Stopped ServerConnector@4ab959e8{HTTP/1.1,[http/1.1]}{0.0.0.0:0}
2019-08-20 17:31:14,276 [main] INFO  handler.ContextHandler (ContextHandler.java:doStop(910)) - Stopped o.e.j.s.ServletContextHandler@2be83e7e{/static,file:///workdir/hadoop-ozone/integration-test/target/test-classes/webapps/static,UNAVAILABLE}
2019-08-20 17:31:14,276 [main] INFO  handler.ContextHandler (ContextHandler.java:doStop(910)) - Stopped o.e.j.s.ServletContextHandler@5d729af6{/logs,file:///workdir/hadoop-ozone/integration-test/target/log,UNAVAILABLE}
2019-08-20 17:31:14,279 [main] INFO  ozone.MiniOzoneClusterImpl (MiniOzoneClusterImpl.java:stop(344)) - Shutting the HddsDatanodes
2019-08-20 17:31:14,279 [main] INFO  datanode.ObjectStoreHandler (ObjectStoreHandler.java:close(155)) - Closing ObjectStoreHandler.
2019-08-20 17:31:14,279 [ForkJoinPool.commonPool-worker-0] INFO  datanode.ObjectStoreHandler (ObjectStoreHandler.java:close(155)) - Closing ObjectStoreHandler.
2019-08-20 17:31:14,280 [ForkJoinPool.commonPool-worker-0] INFO  ozone.HddsDatanodeService (HddsDatanodeService.java:stop(451)) - Stopped plug-in org.apache.hadoop.ozone.web.OzoneHddsDatanodeService@625d2b6d
2019-08-20 17:31:14,280 [main] INFO  ozone.HddsDatanodeService (HddsDatanodeService.java:stop(451)) - Stopped plug-in org.apache.hadoop.ozone.web.OzoneHddsDatanodeService@3726fc3b
2019-08-20 17:31:14,319 [Datanode State Machine Thread - 0] INFO  statemachine.DatanodeStateMachine (DatanodeStateMachine.java:lambda$startDaemon$0(350)) - Ozone container server started.
2019-08-20 17:31:14,321 | INFO  | SCMAudit | user=jenkins1000 | ip=192.168.5.168 | op=SEND_HEARTBEAT {datanodeUUID=be053fe7-daa4-4335-a0a6-d036739a6273, command=[]} | ret=SUCCESS |  
2019-08-20 17:31:15,001 [Datanode State Machine Thread - 0] INFO  statemachine.DatanodeStateMachine (DatanodeStateMachine.java:lambda$startDaemon$0(350)) - Ozone container server started.
2019-08-20 17:31:15,003 | INFO  | SCMAudit | user=jenkins1000 | ip=192.168.5.168 | op=SEND_HEARTBEAT {datanodeUUID=22376942-19b4-4255-bdb4-c51c782b6438, command=[]} | ret=SUCCESS |  
2019-08-20 17:31:15,004 | INFO  | SCMAudit | user=jenkins1000 | ip=192.168.5.168 | op=SEND_HEARTBEAT {datanodeUUID=868c4038-48e0-4158-9c2b-9080e3500686, command=[]} | ret=SUCCESS |  
2019-08-20 17:31:15,017 | INFO  | SCMAudit | user=jenkins1000 | ip=192.168.5.168 | op=SEND_HEARTBEAT {datanodeUUID=c4be4be4-1f04-4e64-8fc9-c7c8b3e12d80, command=[]} | ret=SUCCESS |  
2019-08-20 17:31:15,018 [grpc-default-executor-0] WARN  server.GrpcLogAppender (LogUtils.java:warn(134)) - 1995104d-c8de-4475-a574-4c6ff65d896e->6c4a6901-b690-4e6e-9f9b-d426bfd0501b: Failed appendEntries: org.apache.ratis.thirdparty.io.grpc.StatusRuntimeException: UNAVAILABLE: io exception
2019-08-20 17:31:15,018 [grpc-default-executor-0] INFO  impl.FollowerInfo (FollowerInfo.java:lambda$new$0(50)) - 1995104d-c8de-4475-a574-4c6ff65d896e->6c4a6901-b690-4e6e-9f9b-d426bfd0501b: nextIndex: updateUnconditionally 1 -> 0
2019-08-20 17:31:15,321 | INFO  | SCMAudit | user=jenkins1000 | ip=192.168.5.168 | op=SEND_HEARTBEAT {datanodeUUID=be053fe7-daa4-4335-a0a6-d036739a6273, command=[]} | ret=SUCCESS |  
2019-08-20 17:31:16,003 | INFO  | SCMAudit | user=jenkins1000 | ip=192.168.5.168 | op=SEND_HEARTBEAT {datanodeUUID=22376942-19b4-4255-bdb4-c51c782b6438, command=[]} | ret=SUCCESS |  
2019-08-20 17:31:16,004 | INFO  | SCMAudit | user=jenkins1000 | ip=192.168.5.168 | op=SEND_HEARTBEAT {datanodeUUID=868c4038-48e0-4158-9c2b-9080e3500686, command=[]} | ret=SUCCESS |  
2019-08-20 17:31:16,020 | INFO  | SCMAudit | user=jenkins1000 | ip=192.168.5.168 | op=SEND_HEARTBEAT {datanodeUUID=c4be4be4-1f04-4e64-8fc9-c7c8b3e12d80, command=[]} | ret=SUCCESS |  
2019-08-20 17:31:16,321 | INFO  | SCMAudit | user=jenkins1000 | ip=192.168.5.168 | op=SEND_HEARTBEAT {datanodeUUID=be053fe7-daa4-4335-a0a6-d036739a6273, command=[]} | ret=SUCCESS |  
2019-08-20 17:31:17,003 | INFO  | SCMAudit | user=jenkins1000 | ip=192.168.5.168 | op=SEND_HEARTBEAT {datanodeUUID=22376942-19b4-4255-bdb4-c51c782b6438, command=[]} | ret=SUCCESS |  
2019-08-20 17:31:17,004 | INFO  | SCMAudit | user=jenkins1000 | ip=192.168.5.168 | op=SEND_HEARTBEAT {datanodeUUID=868c4038-48e0-4158-9c2b-9080e3500686, command=[]} | ret=SUCCESS |  
2019-08-20 17:31:17,023 | INFO  | SCMAudit | user=jenkins1000 | ip=192.168.5.168 | op=SEND_HEARTBEAT {datanodeUUID=c4be4be4-1f04-4e64-8fc9-c7c8b3e12d80, command=[]} | ret=SUCCESS |  
2019-08-20 17:31:17,321 | INFO  | SCMAudit | user=jenkins1000 | ip=192.168.5.168 | op=SEND_HEARTBEAT {datanodeUUID=be053fe7-daa4-4335-a0a6-d036739a6273, command=[]} | ret=SUCCESS |  
2019-08-20 17:31:17,508 [grpc-default-executor-5] WARN  server.GrpcLogAppender (LogUtils.java:warn(134)) - 1995104d-c8de-4475-a574-4c6ff65d896e->6c4a6901-b690-4e6e-9f9b-d426bfd0501b: Failed appendEntries: org.apache.ratis.thirdparty.io.grpc.StatusRuntimeException: UNAVAILABLE: io exception
2019-08-20 17:31:17,509 [grpc-default-executor-5] INFO  impl.FollowerInfo (FollowerInfo.java:lambda$new$0(50)) - 1995104d-c8de-4475-a574-4c6ff65d896e->6c4a6901-b690-4e6e-9f9b-d426bfd0501b: nextIndex: updateUnconditionally 0 -> 0
2019-08-20 17:31:18,004 | INFO  | SCMAudit | user=jenkins1000 | ip=192.168.5.168 | op=SEND_HEARTBEAT {datanodeUUID=22376942-19b4-4255-bdb4-c51c782b6438, command=[]} | ret=SUCCESS |  
2019-08-20 17:31:18,005 | INFO  | SCMAudit | user=jenkins1000 | ip=192.168.5.168 | op=SEND_HEARTBEAT {datanodeUUID=868c4038-48e0-4158-9c2b-9080e3500686, command=[]} | ret=SUCCESS |  
2019-08-20 17:31:18,026 | INFO  | SCMAudit | user=jenkins1000 | ip=192.168.5.168 | op=SEND_HEARTBEAT {datanodeUUID=c4be4be4-1f04-4e64-8fc9-c7c8b3e12d80, command=[]} | ret=SUCCESS |  
2019-08-20 17:31:18,321 | INFO  | SCMAudit | user=jenkins1000 | ip=192.168.5.168 | op=SEND_HEARTBEAT {datanodeUUID=be053fe7-daa4-4335-a0a6-d036739a6273, command=[]} | ret=SUCCESS |  
2019-08-20 17:31:18,338 [EventQueue-StaleNodeForStaleNodeHandler] INFO  node.StaleNodeHandler (StaleNodeHandler.java:onMessage(58)) - Datanode 1995104d-c8de-4475-a574-4c6ff65d896e{ip: 192.168.5.168, host: pr-hdds-1927-28fzr-1052167450, networkLocation: /default-rack, certSerialId: null} moved to stale state. Finalizing its pipelines [PipelineID=3fdbefe7-45a7-4892-82a8-201551af80ab, PipelineID=8ec89569-a446-4af2-9e38-db94834853c5]
2019-08-20 17:31:18,339 [EventQueue-StaleNodeForStaleNodeHandler] INFO  pipeline.SCMPipelineManager (SCMPipelineManager.java:finalizeAndDestroyPipeline(309)) - destroying pipeline:Pipeline[ Id: 3fdbefe7-45a7-4892-82a8-201551af80ab, Nodes: 6c4a6901-b690-4e6e-9f9b-d426bfd0501b{ip: 192.168.5.168, host: pr-hdds-1927-28fzr-1052167450, networkLocation: /default-rack, certSerialId: null}be053fe7-daa4-4335-a0a6-d036739a6273{ip: 192.168.5.168, host: pr-hdds-1927-28fzr-1052167450, networkLocation: /default-rack, certSerialId: null}1995104d-c8de-4475-a574-4c6ff65d896e{ip: 192.168.5.168, host: pr-hdds-1927-28fzr-1052167450, networkLocation: /default-rack, certSerialId: null}, Type:RATIS, Factor:THREE, State:CLOSED]
2019-08-20 17:31:18,339 [EventQueue-StaleNodeForStaleNodeHandler] INFO  pipeline.SCMPipelineManager (SCMPipelineManager.java:finalizeAndDestroyPipeline(309)) - destroying pipeline:Pipeline[ Id: 8ec89569-a446-4af2-9e38-db94834853c5, Nodes: 1995104d-c8de-4475-a574-4c6ff65d896e{ip: 192.168.5.168, host: pr-hdds-1927-28fzr-1052167450, networkLocation: /default-rack, certSerialId: null}, Type:RATIS, Factor:ONE, State:OPEN]
2019-08-20 17:31:18,339 [EventQueue-StaleNodeForStaleNodeHandler] INFO  pipeline.PipelineStateManager (PipelineStateManager.java:finalizePipeline(123)) - Pipeline Pipeline[ Id: 8ec89569-a446-4af2-9e38-db94834853c5, Nodes: 1995104d-c8de-4475-a574-4c6ff65d896e{ip: 192.168.5.168, host: pr-hdds-1927-28fzr-1052167450, networkLocation: /default-rack, certSerialId: null}, Type:RATIS, Factor:ONE, State:CLOSED] moved to CLOSED state
2019-08-20 17:31:19,004 | INFO  | SCMAudit | user=jenkins1000 | ip=192.168.5.168 | op=SEND_HEARTBEAT {datanodeUUID=22376942-19b4-4255-bdb4-c51c782b6438, command=[]} | ret=SUCCESS |  
2019-08-20 17:31:19,006 | INFO  | SCMAudit | user=jenkins1000 | ip=192.168.5.168 | op=SEND_HEARTBEAT {datanodeUUID=868c4038-48e0-4158-9c2b-9080e3500686, command=[]} | ret=SUCCESS |  
2019-08-20 17:31:19,030 | INFO  | SCMAudit | user=jenkins1000 | ip=192.168.5.168 | op=SEND_HEARTBEAT {datanodeUUID=c4be4be4-1f04-4e64-8fc9-c7c8b3e12d80, command=[]} | ret=SUCCESS |  
2019-08-20 17:31:19,039 [EventQueue-StaleNodeForStaleNodeHandler] INFO  node.StaleNodeHandler (StaleNodeHandler.java:onMessage(58)) - Datanode 9d32e657-27b9-4d89-b8c3-3e7cbe4e0bae{ip: 192.168.5.168, host: pr-hdds-1927-28fzr-1052167450, networkLocation: /default-rack, certSerialId: null} moved to stale state. Finalizing its pipelines [PipelineID=38ea0c17-97a9-4294-9001-aa3788dac708, PipelineID=9851c3d2-2219-4d9e-8426-965af072d4a4]
2019-08-20 17:31:19,039 [EventQueue-StaleNodeForStaleNodeHandler] INFO  pipeline.SCMPipelineManager (SCMPipelineManager.java:finalizeAndDestroyPipeline(309)) - destroying pipeline:Pipeline[ Id: 38ea0c17-97a9-4294-9001-aa3788dac708, Nodes: 9d32e657-27b9-4d89-b8c3-3e7cbe4e0bae{ip: 192.168.5.168, host: pr-hdds-1927-28fzr-1052167450, networkLocation: /default-rack, certSerialId: null}, Type:RATIS, Factor:ONE, State:OPEN]
2019-08-20 17:31:19,039 [EventQueue-StaleNodeForStaleNodeHandler] INFO  pipeline.PipelineStateManager (PipelineStateManager.java:finalizePipeline(123)) - Pipeline Pipeline[ Id: 38ea0c17-97a9-4294-9001-aa3788dac708, Nodes: 9d32e657-27b9-4d89-b8c3-3e7cbe4e0bae{ip: 192.168.5.168, host: pr-hdds-1927-28fzr-1052167450, networkLocation: /default-rack, certSerialId: null}, Type:RATIS, Factor:ONE, State:CLOSED] moved to CLOSED state
2019-08-20 17:31:19,039 [EventQueue-StaleNodeForStaleNodeHandler] INFO  pipeline.SCMPipelineManager (SCMPipelineManager.java:finalizeAndDestroyPipeline(309)) - destroying pipeline:Pipeline[ Id: 9851c3d2-2219-4d9e-8426-965af072d4a4, Nodes: 868c4038-48e0-4158-9c2b-9080e3500686{ip: 192.168.5.168, host: pr-hdds-1927-28fzr-1052167450, networkLocation: /default-rack, certSerialId: null}9d32e657-27b9-4d89-b8c3-3e7cbe4e0bae{ip: 192.168.5.168, host: pr-hdds-1927-28fzr-1052167450, networkLocation: /default-rack, certSerialId: null}22376942-19b4-4255-bdb4-c51c782b6438{ip: 192.168.5.168, host: pr-hdds-1927-28fzr-1052167450, networkLocation: /default-rack, certSerialId: null}, Type:RATIS, Factor:THREE, State:OPEN]
2019-08-20 17:31:19,040 [EventQueue-StaleNodeForStaleNodeHandler] INFO  pipeline.PipelineStateManager (PipelineStateManager.java:finalizePipeline(123)) - Pipeline Pipeline[ Id: 9851c3d2-2219-4d9e-8426-965af072d4a4, Nodes: 868c4038-48e0-4158-9c2b-9080e3500686{ip: 192.168.5.168, host: pr-hdds-1927-28fzr-1052167450, networkLocation: /default-rack, certSerialId: null}9d32e657-27b9-4d89-b8c3-3e7cbe4e0bae{ip: 192.168.5.168, host: pr-hdds-1927-28fzr-1052167450, networkLocation: /default-rack, certSerialId: null}22376942-19b4-4255-bdb4-c51c782b6438{ip: 192.168.5.168, host: pr-hdds-1927-28fzr-1052167450, networkLocation: /default-rack, certSerialId: null}, Type:RATIS, Factor:THREE, State:CLOSED] moved to CLOSED state
2019-08-20 17:31:19,040 [EventQueue-CloseContainerForCloseContainerEventHandler] INFO  container.CloseContainerEventHandler (CloseContainerEventHandler.java:onMessage(61)) - Close container Event triggered for container : #2
2019-08-20 17:31:19,281 [ForkJoinPool.commonPool-worker-0] INFO  ozoneimpl.OzoneContainer (OzoneContainer.java:stop(199)) - Attempting to stop container services.
2019-08-20 17:31:19,281 [main] INFO  ozoneimpl.OzoneContainer (OzoneContainer.java:stop(199)) - Attempting to stop container services.
2019-08-20 17:31:19,282 [ForkJoinPool.commonPool-worker-0] INFO  impl.RaftServerProxy (RaftServerProxy.java:lambda$close$4(314)) - 9d32e657-27b9-4d89-b8c3-3e7cbe4e0bae: close
2019-08-20 17:31:19,282 [main] INFO  impl.RaftServerProxy (RaftServerProxy.java:lambda$close$4(314)) - 1995104d-c8de-4475-a574-4c6ff65d896e: close
2019-08-20 17:31:19,283 [ForkJoinPool.commonPool-worker-0] INFO  impl.RaftServerImpl (RaftServerImpl.java:lambda$shutdown$3(245)) - 9d32e657-27b9-4d89-b8c3-3e7cbe4e0bae: shutdown group-AA3788DAC708
2019-08-20 17:31:19,283 [main] INFO  impl.RaftServerImpl (RaftServerImpl.java:lambda$shutdown$3(245)) - 1995104d-c8de-4475-a574-4c6ff65d896e: shutdown group-201551AF80AB
2019-08-20 17:31:19,283 [ForkJoinPool.commonPool-worker-0] INFO  util.JmxRegister (JmxRegister.java:unregister(73)) - Successfully un-registered JMX Bean with object name Ratis:service=RaftServer,group=group-AA3788DAC708,id=9d32e657-27b9-4d89-b8c3-3e7cbe4e0bae
2019-08-20 17:31:19,284 [main] INFO  util.JmxRegister (JmxRegister.java:unregister(73)) - Successfully un-registered JMX Bean with object name Ratis:service=RaftServer,group=group-201551AF80AB,id=1995104d-c8de-4475-a574-4c6ff65d896e
2019-08-20 17:31:19,284 [ForkJoinPool.commonPool-worker-0] INFO  impl.RoleInfo (RoleInfo.java:shutdownLeaderState(104)) - 9d32e657-27b9-4d89-b8c3-3e7cbe4e0bae: shutdown LeaderState
2019-08-20 17:31:19,284 [main] INFO  impl.RoleInfo (RoleInfo.java:shutdownLeaderState(104)) - 1995104d-c8de-4475-a574-4c6ff65d896e: shutdown LeaderState
2019-08-20 17:31:19,285 [ForkJoinPool.commonPool-worker-0] INFO  impl.PendingRequests (PendingRequests.java:sendNotLeaderResponses(202)) - 9d32e657-27b9-4d89-b8c3-3e7cbe4e0bae-PendingRequests: sendNotLeaderResponses
2019-08-20 17:31:19,291 [org.apache.ratis.server.impl.LogAppender$AppenderDaemon$$Lambda$460/480484917@786c13be] WARN  server.GrpcLogAppender (GrpcLogAppender.java:mayWait(143)) - GrpcLogAppender(1995104d-c8de-4475-a574-4c6ff65d896e->6c4a6901-b690-4e6e-9f9b-d426bfd0501b): Wait interrupted by java.lang.InterruptedException
2019-08-20 17:31:19,291 [org.apache.ratis.server.impl.LogAppender$AppenderDaemon$$Lambda$460/480484917@4f586d1c] WARN  server.GrpcLogAppender (GrpcLogAppender.java:mayWait(143)) - GrpcLogAppender(1995104d-c8de-4475-a574-4c6ff65d896e->be053fe7-daa4-4335-a0a6-d036739a6273): Wait interrupted by java.lang.InterruptedException
2019-08-20 17:31:19,291 [ForkJoinPool.commonPool-worker-0] INFO  impl.StateMachineUpdater (StateMachineUpdater.java:stopAndJoin(115)) - StateMachineUpdater:9d32e657-27b9-4d89-b8c3-3e7cbe4e0bae:group-AA3788DAC708: set stopIndex = 0
2019-08-20 17:31:19,291 [main] INFO  impl.PendingRequests (PendingRequests.java:sendNotLeaderResponses(202)) - 1995104d-c8de-4475-a574-4c6ff65d896e-PendingRequests: sendNotLeaderResponses
2019-08-20 17:31:19,292 [grpc-default-executor-0] INFO  server.GrpcServerProtocolService (GrpcServerProtocolService.java:onCompleted(104)) - be053fe7-daa4-4335-a0a6-d036739a6273: appendEntries completed
2019-08-20 17:31:19,292 [ForkJoinPool.commonPool-worker-0] INFO  impl.RaftServerImpl (ServerState.java:close(394)) - 9d32e657-27b9-4d89-b8c3-3e7cbe4e0bae:group-AA3788DAC708 closes. The last applied log index is 0
2019-08-20 17:31:19,295 [StateMachineUpdater:1995104d-c8de-4475-a574-4c6ff65d896e:group-201551AF80AB] INFO  ratis.ContainerStateMachine (ContainerStateMachine.java:takeSnapshot(271)) - group-201551AF80AB: Taking a snapshot at:(t:1, i:14) file /workdir/hadoop-ozone/integration-test/target/test-dir/MiniOzoneClusterImpl-7c4d8f4b-6ef9-4f83-95e6-46f70b8176c5/datanode-3/data/ratis/3fdbefe7-45a7-4892-82a8-201551af80ab/sm/snapshot.1_14
2019-08-20 17:31:19,295 [main] INFO  impl.StateMachineUpdater (StateMachineUpdater.java:stopAndJoin(115)) - StateMachineUpdater:1995104d-c8de-4475-a574-4c6ff65d896e:group-201551AF80AB: set stopIndex = 18
2019-08-20 17:31:19,296 [9d32e657-27b9-4d89-b8c3-3e7cbe4e0bae-SegmentedRaftLogWorker:Storage Directory /workdir/hadoop-ozone/integration-test/target/test-dir/MiniOzoneClusterImpl-7c4d8f4b-6ef9-4f83-95e6-46f70b8176c5/datanode-1/data/ratis/38ea0c17-97a9-4294-9001-aa3788dac708] INFO  segmented.SegmentedRaftLogWorker (SegmentedRaftLogWorker.java:run(313)) - 9d32e657-27b9-4d89-b8c3-3e7cbe4e0bae-SegmentedRaftLogWorker:Storage Directory /workdir/hadoop-ozone/integration-test/target/test-dir/MiniOzoneClusterImpl-7c4d8f4b-6ef9-4f83-95e6-46f70b8176c5/datanode-1/data/ratis/38ea0c17-97a9-4294-9001-aa3788dac708 was interrupted, exiting. There are 0 tasks remaining in the queue.
2019-08-20 17:31:19,295 [grpc-default-executor-5] INFO  server.GrpcLogAppender (GrpcLogAppender.java:onCompleted(292)) - 1995104d-c8de-4475-a574-4c6ff65d896e->be053fe7-daa4-4335-a0a6-d036739a6273: follower responses appendEntries COMPLETED
2019-08-20 17:31:19,299 [grpc-default-executor-5] INFO  impl.FollowerInfo (FollowerInfo.java:lambda$new$0(50)) - 1995104d-c8de-4475-a574-4c6ff65d896e->be053fe7-daa4-4335-a0a6-d036739a6273: nextIndex: updateUnconditionally 19 -> 18
2019-08-20 17:31:19,308 [ForkJoinPool.commonPool-worker-0] INFO  segmented.SegmentedRaftLogWorker (SegmentedRaftLogWorker.java:close(228)) - 9d32e657-27b9-4d89-b8c3-3e7cbe4e0bae-SegmentedRaftLogWorker:Storage Directory /workdir/hadoop-ozone/integration-test/target/test-dir/MiniOzoneClusterImpl-7c4d8f4b-6ef9-4f83-95e6-46f70b8176c5/datanode-1/data/ratis/38ea0c17-97a9-4294-9001-aa3788dac708 close()
2019-08-20 17:31:19,312 [StateMachineUpdater:1995104d-c8de-4475-a574-4c6ff65d896e:group-201551AF80AB] INFO  ratis.ContainerStateMachine (ContainerStateMachine.java:takeSnapshot(282)) - group-201551AF80AB: Finished taking a snapshot at:(t:1, i:14) file:/workdir/hadoop-ozone/integration-test/target/test-dir/MiniOzoneClusterImpl-7c4d8f4b-6ef9-4f83-95e6-46f70b8176c5/datanode-3/data/ratis/3fdbefe7-45a7-4892-82a8-201551af80ab/sm/snapshot.1_14 time:17
2019-08-20 17:31:19,312 [ForkJoinPool.commonPool-worker-0] INFO  impl.RaftServerImpl (RaftServerImpl.java:lambda$shutdown$3(245)) - 9d32e657-27b9-4d89-b8c3-3e7cbe4e0bae: shutdown group-965AF072D4A4
2019-08-20 17:31:19,313 [StateMachineUpdater:1995104d-c8de-4475-a574-4c6ff65d896e:group-201551AF80AB] INFO  impl.StateMachineUpdater (StateMachineUpdater.java:takeSnapshot(242)) - StateMachineUpdater:1995104d-c8de-4475-a574-4c6ff65d896e:group-201551AF80AB: Took a snapshot at index 14
2019-08-20 17:31:19,313 [ForkJoinPool.commonPool-worker-0] INFO  util.JmxRegister (JmxRegister.java:unregister(73)) - Successfully un-registered JMX Bean with object name Ratis:service=RaftServer,group=group-965AF072D4A4,id=9d32e657-27b9-4d89-b8c3-3e7cbe4e0bae
2019-08-20 17:31:19,313 [StateMachineUpdater:1995104d-c8de-4475-a574-4c6ff65d896e:group-201551AF80AB] INFO  impl.StateMachineUpdater (StateMachineUpdater.java:lambda$new$0(80)) - StateMachineUpdater:1995104d-c8de-4475-a574-4c6ff65d896e:group-201551AF80AB: snapshotIndex: updateIncreasingly -1 -> 14
2019-08-20 17:31:19,313 [ForkJoinPool.commonPool-worker-0] INFO  impl.RoleInfo (RoleInfo.java:shutdownLeaderState(104)) - 9d32e657-27b9-4d89-b8c3-3e7cbe4e0bae: shutdown LeaderState
2019-08-20 17:31:19,318 [main] INFO  impl.RaftServerImpl (ServerState.java:close(394)) - 1995104d-c8de-4475-a574-4c6ff65d896e:group-201551AF80AB closes. The last applied log index is 18
2019-08-20 17:31:19,318 [org.apache.ratis.server.impl.LogAppender$AppenderDaemon$$Lambda$460/480484917@2e7decf] WARN  server.GrpcLogAppender (GrpcLogAppender.java:mayWait(143)) - GrpcLogAppender(9d32e657-27b9-4d89-b8c3-3e7cbe4e0bae->868c4038-48e0-4158-9c2b-9080e3500686): Wait interrupted by java.lang.InterruptedException
2019-08-20 17:31:19,318 [ForkJoinPool.commonPool-worker-0] INFO  impl.PendingRequests (PendingRequests.java:sendNotLeaderResponses(202)) - 9d32e657-27b9-4d89-b8c3-3e7cbe4e0bae-PendingRequests: sendNotLeaderResponses
2019-08-20 17:31:19,319 [grpc-default-executor-5] INFO  server.GrpcServerProtocolService (GrpcServerProtocolService.java:onCompleted(104)) - 868c4038-48e0-4158-9c2b-9080e3500686: appendEntries completed
2019-08-20 17:31:19,318 [org.apache.ratis.server.impl.LogAppender$AppenderDaemon$$Lambda$460/480484917@47e550f7] WARN  server.GrpcLogAppender (GrpcLogAppender.java:mayWait(143)) - GrpcLogAppender(9d32e657-27b9-4d89-b8c3-3e7cbe4e0bae->22376942-19b4-4255-bdb4-c51c782b6438): Wait interrupted by java.lang.InterruptedException
2019-08-20 17:31:19,319 [StateMachineUpdater:9d32e657-27b9-4d89-b8c3-3e7cbe4e0bae:group-965AF072D4A4] INFO  ratis.ContainerStateMachine (ContainerStateMachine.java:takeSnapshot(271)) - group-965AF072D4A4: Taking a snapshot at:(t:1, i:14) file /workdir/hadoop-ozone/integration-test/target/test-dir/MiniOzoneClusterImpl-7c4d8f4b-6ef9-4f83-95e6-46f70b8176c5/datanode-1/data/ratis/9851c3d2-2219-4d9e-8426-965af072d4a4/sm/snapshot.1_14
2019-08-20 17:31:19,319 [ForkJoinPool.commonPool-worker-0] INFO  impl.StateMachineUpdater (StateMachineUpdater.java:stopAndJoin(115)) - StateMachineUpdater:9d32e657-27b9-4d89-b8c3-3e7cbe4e0bae:group-965AF072D4A4: set stopIndex = 16
2019-08-20 17:31:19,318 [1995104d-c8de-4475-a574-4c6ff65d896e-SegmentedRaftLogWorker:Storage Directory /workdir/hadoop-ozone/integration-test/target/test-dir/MiniOzoneClusterImpl-7c4d8f4b-6ef9-4f83-95e6-46f70b8176c5/datanode-3/data/ratis/3fdbefe7-45a7-4892-82a8-201551af80ab] INFO  segmented.SegmentedRaftLogWorker (SegmentedRaftLogWorker.java:run(313)) - 1995104d-c8de-4475-a574-4c6ff65d896e-SegmentedRaftLogWorker:Storage Directory /workdir/hadoop-ozone/integration-test/target/test-dir/MiniOzoneClusterImpl-7c4d8f4b-6ef9-4f83-95e6-46f70b8176c5/datanode-3/data/ratis/3fdbefe7-45a7-4892-82a8-201551af80ab was interrupted, exiting. There are 0 tasks remaining in the queue.
2019-08-20 17:31:19,319 [grpc-default-executor-5] INFO  server.GrpcServerProtocolService (GrpcServerProtocolService.java:onCompleted(104)) - 22376942-19b4-4255-bdb4-c51c782b6438: appendEntries completed
2019-08-20 17:31:19,320 [grpc-default-executor-0] INFO  server.GrpcLogAppender (GrpcLogAppender.java:onCompleted(292)) - 9d32e657-27b9-4d89-b8c3-3e7cbe4e0bae->868c4038-48e0-4158-9c2b-9080e3500686: follower responses appendEntries COMPLETED
2019-08-20 17:31:19,323 | INFO  | SCMAudit | user=jenkins1000 | ip=192.168.5.168 | op=SEND_HEARTBEAT {datanodeUUID=be053fe7-daa4-4335-a0a6-d036739a6273, command=[]} | ret=SUCCESS |  
2019-08-20 17:31:19,322 [main] INFO  segmented.SegmentedRaftLogWorker (SegmentedRaftLogWorker.java:close(228)) - 1995104d-c8de-4475-a574-4c6ff65d896e-SegmentedRaftLogWorker:Storage Directory /workdir/hadoop-ozone/integration-test/target/test-dir/MiniOzoneClusterImpl-7c4d8f4b-6ef9-4f83-95e6-46f70b8176c5/datanode-3/data/ratis/3fdbefe7-45a7-4892-82a8-201551af80ab close()
2019-08-20 17:31:19,322 [grpc-default-executor-0] INFO  impl.FollowerInfo (FollowerInfo.java:lambda$new$0(50)) - 9d32e657-27b9-4d89-b8c3-3e7cbe4e0bae->868c4038-48e0-4158-9c2b-9080e3500686: nextIndex: updateUnconditionally 17 -> 16
2019-08-20 17:31:19,322 [grpc-default-executor-6] INFO  server.GrpcLogAppender (GrpcLogAppender.java:onCompleted(292)) - 9d32e657-27b9-4d89-b8c3-3e7cbe4e0bae->22376942-19b4-4255-bdb4-c51c782b6438: follower responses appendEntries COMPLETED
2019-08-20 17:31:19,327 [main] INFO  impl.RaftServerImpl (RaftServerImpl.java:lambda$shutdown$3(245)) - 1995104d-c8de-4475-a574-4c6ff65d896e: shutdown group-DB94834853C5
2019-08-20 17:31:19,327 [grpc-default-executor-6] INFO  impl.FollowerInfo (FollowerInfo.java:lambda$new$0(50)) - 9d32e657-27b9-4d89-b8c3-3e7cbe4e0bae->22376942-19b4-4255-bdb4-c51c782b6438: nextIndex: updateUnconditionally 17 -> 16
2019-08-20 17:31:19,328 [main] INFO  util.JmxRegister (JmxRegister.java:unregister(73)) - Successfully un-registered JMX Bean with object name Ratis:service=RaftServer,group=group-DB94834853C5,id=1995104d-c8de-4475-a574-4c6ff65d896e
2019-08-20 17:31:19,328 [main] INFO  impl.RoleInfo (RoleInfo.java:shutdownLeaderState(104)) - 1995104d-c8de-4475-a574-4c6ff65d896e: shutdown LeaderState
2019-08-20 17:31:19,329 [main] INFO  impl.PendingRequests (PendingRequests.java:sendNotLeaderResponses(202)) - 1995104d-c8de-4475-a574-4c6ff65d896e-PendingRequests: sendNotLeaderResponses
2019-08-20 17:31:19,329 [main] INFO  impl.StateMachineUpdater (StateMachineUpdater.java:stopAndJoin(115)) - StateMachineUpdater:1995104d-c8de-4475-a574-4c6ff65d896e:group-DB94834853C5: set stopIndex = 0
2019-08-20 17:31:19,330 [main] INFO  impl.RaftServerImpl (ServerState.java:close(394)) - 1995104d-c8de-4475-a574-4c6ff65d896e:group-DB94834853C5 closes. The last applied log index is 0
2019-08-20 17:31:19,330 [1995104d-c8de-4475-a574-4c6ff65d896e-SegmentedRaftLogWorker:Storage Directory /workdir/hadoop-ozone/integration-test/target/test-dir/MiniOzoneClusterImpl-7c4d8f4b-6ef9-4f83-95e6-46f70b8176c5/datanode-3/data/ratis/8ec89569-a446-4af2-9e38-db94834853c5] INFO  segmented.SegmentedRaftLogWorker (SegmentedRaftLogWorker.java:run(313)) - 1995104d-c8de-4475-a574-4c6ff65d896e-SegmentedRaftLogWorker:Storage Directory /workdir/hadoop-ozone/integration-test/target/test-dir/MiniOzoneClusterImpl-7c4d8f4b-6ef9-4f83-95e6-46f70b8176c5/datanode-3/data/ratis/8ec89569-a446-4af2-9e38-db94834853c5 was interrupted, exiting. There are 0 tasks remaining in the queue.
2019-08-20 17:31:19,332 [main] INFO  segmented.SegmentedRaftLogWorker (SegmentedRaftLogWorker.java:close(228)) - 1995104d-c8de-4475-a574-4c6ff65d896e-SegmentedRaftLogWorker:Storage Directory /workdir/hadoop-ozone/integration-test/target/test-dir/MiniOzoneClusterImpl-7c4d8f4b-6ef9-4f83-95e6-46f70b8176c5/datanode-3/data/ratis/8ec89569-a446-4af2-9e38-db94834853c5 close()
2019-08-20 17:31:19,333 [StateMachineUpdater:9d32e657-27b9-4d89-b8c3-3e7cbe4e0bae:group-965AF072D4A4] INFO  ratis.ContainerStateMachine (ContainerStateMachine.java:takeSnapshot(282)) - group-965AF072D4A4: Finished taking a snapshot at:(t:1, i:14) file:/workdir/hadoop-ozone/integration-test/target/test-dir/MiniOzoneClusterImpl-7c4d8f4b-6ef9-4f83-95e6-46f70b8176c5/datanode-1/data/ratis/9851c3d2-2219-4d9e-8426-965af072d4a4/sm/snapshot.1_14 time:13
2019-08-20 17:31:19,337 [StateMachineUpdater:9d32e657-27b9-4d89-b8c3-3e7cbe4e0bae:group-965AF072D4A4] INFO  impl.StateMachineUpdater (StateMachineUpdater.java:takeSnapshot(242)) - StateMachineUpdater:9d32e657-27b9-4d89-b8c3-3e7cbe4e0bae:group-965AF072D4A4: Took a snapshot at index 14
2019-08-20 17:31:19,337 [main] INFO  server.GrpcService (GrpcService.java:closeImpl(155)) - 1995104d-c8de-4475-a574-4c6ff65d896e: shutdown server with port 36430 now
2019-08-20 17:31:19,337 [StateMachineUpdater:9d32e657-27b9-4d89-b8c3-3e7cbe4e0bae:group-965AF072D4A4] INFO  impl.StateMachineUpdater (StateMachineUpdater.java:lambda$new$0(80)) - StateMachineUpdater:9d32e657-27b9-4d89-b8c3-3e7cbe4e0bae:group-965AF072D4A4: snapshotIndex: updateIncreasingly -1 -> 14
2019-08-20 17:31:19,338 [ForkJoinPool.commonPool-worker-0] INFO  impl.RaftServerImpl (ServerState.java:close(394)) - 9d32e657-27b9-4d89-b8c3-3e7cbe4e0bae:group-965AF072D4A4 closes. The last applied log index is 16
2019-08-20 17:31:19,338 [main] INFO  server.GrpcService (GrpcService.java:closeImpl(163)) - 1995104d-c8de-4475-a574-4c6ff65d896e: shutdown server with port 36430 successfully
2019-08-20 17:31:19,338 [9d32e657-27b9-4d89-b8c3-3e7cbe4e0bae-SegmentedRaftLogWorker:Storage Directory /workdir/hadoop-ozone/integration-test/target/test-dir/MiniOzoneClusterImpl-7c4d8f4b-6ef9-4f83-95e6-46f70b8176c5/datanode-1/data/ratis/9851c3d2-2219-4d9e-8426-965af072d4a4] INFO  segmented.SegmentedRaftLogWorker (SegmentedRaftLogWorker.java:run(313)) - 9d32e657-27b9-4d89-b8c3-3e7cbe4e0bae-SegmentedRaftLogWorker:Storage Directory /workdir/hadoop-ozone/integration-test/target/test-dir/MiniOzoneClusterImpl-7c4d8f4b-6ef9-4f83-95e6-46f70b8176c5/datanode-1/data/ratis/9851c3d2-2219-4d9e-8426-965af072d4a4 was interrupted, exiting. There are 0 tasks remaining in the queue.
2019-08-20 17:31:19,341 [ForkJoinPool.commonPool-worker-0] INFO  segmented.SegmentedRaftLogWorker (SegmentedRaftLogWorker.java:close(228)) - 9d32e657-27b9-4d89-b8c3-3e7cbe4e0bae-SegmentedRaftLogWorker:Storage Directory /workdir/hadoop-ozone/integration-test/target/test-dir/MiniOzoneClusterImpl-7c4d8f4b-6ef9-4f83-95e6-46f70b8176c5/datanode-1/data/ratis/9851c3d2-2219-4d9e-8426-965af072d4a4 close()
2019-08-20 17:31:19,346 [ForkJoinPool.commonPool-worker-0] INFO  server.GrpcService (GrpcService.java:closeImpl(155)) - 9d32e657-27b9-4d89-b8c3-3e7cbe4e0bae: shutdown server with port 39672 now
2019-08-20 17:31:19,346 [grpc-default-executor-0] WARN  client.GrpcClientProtocolService (LogUtils.java:warn(134)) - 1-UnorderedRequestStreamObserver1: onError: org.apache.ratis.thirdparty.io.grpc.StatusRuntimeException: CANCELLED: cancelled before receiving half close
2019-08-20 17:31:19,346 [ForkJoinPool.commonPool-worker-0] INFO  server.GrpcService (GrpcService.java:closeImpl(163)) - 9d32e657-27b9-4d89-b8c3-3e7cbe4e0bae: shutdown server with port 39672 successfully
2019-08-20 17:31:19,349 [ForkJoinPool.commonPool-worker-0] INFO  utils.BackgroundService (BackgroundService.java:shutdown(148)) - Shutting down service BlockDeletingService
2019-08-20 17:31:19,355 [main] INFO  utils.BackgroundService (BackgroundService.java:shutdown(148)) - Shutting down service BlockDeletingService
2019-08-20 17:31:19,357 [refreshUsed-/workdir/hadoop-ozone/integration-test/target/test-dir/MiniOzoneClusterImpl-7c4d8f4b-6ef9-4f83-95e6-46f70b8176c5/datanode-1/data/containers] WARN  fs.CachingGetSpaceUsed (CachingGetSpaceUsed.java:run(183)) - Thread Interrupted waiting to refresh disk information: sleep interrupted
2019-08-20 17:31:19,358 [refreshUsed-/workdir/hadoop-ozone/integration-test/target/test-dir/MiniOzoneClusterImpl-7c4d8f4b-6ef9-4f83-95e6-46f70b8176c5/datanode-3/data/containers] WARN  fs.CachingGetSpaceUsed (CachingGetSpaceUsed.java:run(183)) - Thread Interrupted waiting to refresh disk information: sleep interrupted
2019-08-20 17:31:19,375 [main] INFO  statemachine.DatanodeStateMachine (DatanodeStateMachine.java:stopDaemon(395)) - Ozone container server stopped.
2019-08-20 17:31:19,376 [main] INFO  handler.ContextHandler (ContextHandler.java:doStop(910)) - Stopped o.e.j.w.WebAppContext@58b03882{/,null,UNAVAILABLE}{/hddsDatanode}
2019-08-20 17:31:19,377 [main] INFO  server.AbstractConnector (AbstractConnector.java:doStop(318)) - Stopped ServerConnector@24710e61{HTTP/1.1,[http/1.1]}{0.0.0.0:0}
2019-08-20 17:31:19,381 [ForkJoinPool.commonPool-worker-0] INFO  statemachine.DatanodeStateMachine (DatanodeStateMachine.java:stopDaemon(395)) - Ozone container server stopped.
2019-08-20 17:31:19,381 [main] INFO  handler.ContextHandler (ContextHandler.java:doStop(910)) - Stopped o.e.j.s.ServletContextHandler@4dbeae45{/static,jar:file:/home/user/.m2/repository/org/apache/hadoop/hadoop-hdds-container-service/0.5.0-SNAPSHOT/hadoop-hdds-container-service-0.5.0-SNAPSHOT.jar!/webapps/static,UNAVAILABLE}
2019-08-20 17:31:19,385 [main] INFO  handler.ContextHandler (ContextHandler.java:doStop(910)) - Stopped o.e.j.s.ServletContextHandler@4b7704ec{/logs,file:///workdir/hadoop-ozone/integration-test/target/log,UNAVAILABLE}
2019-08-20 17:31:19,387 [ForkJoinPool.commonPool-worker-0] INFO  handler.ContextHandler (ContextHandler.java:doStop(910)) - Stopped o.e.j.w.WebAppContext@520034a{/,null,UNAVAILABLE}{/hddsDatanode}
2019-08-20 17:31:19,389 [main] INFO  datanode.ObjectStoreHandler (ObjectStoreHandler.java:close(155)) - Closing ObjectStoreHandler.
2019-08-20 17:31:19,389 [ForkJoinPool.commonPool-worker-0] INFO  server.AbstractConnector (AbstractConnector.java:doStop(318)) - Stopped ServerConnector@bedebe9{HTTP/1.1,[http/1.1]}{0.0.0.0:0}
2019-08-20 17:31:19,389 [main] INFO  ozone.HddsDatanodeService (HddsDatanodeService.java:stop(451)) - Stopped plug-in org.apache.hadoop.ozone.web.OzoneHddsDatanodeService@7cf618f3
2019-08-20 17:31:19,391 [ForkJoinPool.commonPool-worker-0] INFO  handler.ContextHandler (ContextHandler.java:doStop(910)) - Stopped o.e.j.s.ServletContextHandler@2ff2a096{/static,jar:file:/home/user/.m2/repository/org/apache/hadoop/hadoop-hdds-container-service/0.5.0-SNAPSHOT/hadoop-hdds-container-service-0.5.0-SNAPSHOT.jar!/webapps/static,UNAVAILABLE}
2019-08-20 17:31:19,393 [ForkJoinPool.commonPool-worker-0] INFO  handler.ContextHandler (ContextHandler.java:doStop(910)) - Stopped o.e.j.s.ServletContextHandler@403ba39f{/logs,file:///workdir/hadoop-ozone/integration-test/target/log,UNAVAILABLE}
2019-08-20 17:31:19,394 [ForkJoinPool.commonPool-worker-0] INFO  datanode.ObjectStoreHandler (ObjectStoreHandler.java:close(155)) - Closing ObjectStoreHandler.
2019-08-20 17:31:19,395 [ForkJoinPool.commonPool-worker-0] INFO  ozone.HddsDatanodeService (HddsDatanodeService.java:stop(451)) - Stopped plug-in org.apache.hadoop.ozone.web.OzoneHddsDatanodeService@50c20b15
2019-08-20 17:31:20,005 | INFO  | SCMAudit | user=jenkins1000 | ip=192.168.5.168 | op=SEND_HEARTBEAT {datanodeUUID=22376942-19b4-4255-bdb4-c51c782b6438, command=[commandType: closeContainerCommand closeContainerCommandProto { containerID: 2 pipelineID { id: "9851c3d2-2219-4d9e-8426-965af072d4a4" } cmdId: 2 force: false } ]} | ret=SUCCESS |  
2019-08-20 17:31:20,005 [Datanode State Machine Thread - 0] INFO  statemachine.DatanodeStateMachine (DatanodeStateMachine.java:lambda$startDaemon$0(350)) - Ozone container server started.
2019-08-20 17:31:20,025 [Datanode State Machine Thread - 0] INFO  statemachine.DatanodeStateMachine (DatanodeStateMachine.java:lambda$startDaemon$0(350)) - Ozone container server started.
2019-08-20 17:31:20,322 | INFO  | SCMAudit | user=jenkins1000 | ip=192.168.5.168 | op=SEND_HEARTBEAT {datanodeUUID=be053fe7-daa4-4335-a0a6-d036739a6273, command=[]} | ret=SUCCESS |  
2019-08-20 17:31:21,004 | INFO  | SCMAudit | user=jenkins1000 | ip=192.168.5.168 | op=SEND_HEARTBEAT {datanodeUUID=22376942-19b4-4255-bdb4-c51c782b6438, command=[]} | ret=SUCCESS |  
2019-08-20 17:31:21,034 | INFO  | SCMAudit | user=jenkins1000 | ip=192.168.5.168 | op=SEND_HEARTBEAT {datanodeUUID=22376942-19b4-4255-bdb4-c51c782b6438, command=[]} | ret=SUCCESS |  
2019-08-20 17:31:21,322 | INFO  | SCMAudit | user=jenkins1000 | ip=192.168.5.168 | op=SEND_HEARTBEAT {datanodeUUID=be053fe7-daa4-4335-a0a6-d036739a6273, command=[]} | ret=SUCCESS |  
2019-08-20 17:31:22,034 | INFO  | SCMAudit | user=jenkins1000 | ip=192.168.5.168 | op=SEND_HEARTBEAT {datanodeUUID=22376942-19b4-4255-bdb4-c51c782b6438, command=[]} | ret=SUCCESS |  
2019-08-20 17:31:22,323 | INFO  | SCMAudit | user=jenkins1000 | ip=192.168.5.168 | op=SEND_HEARTBEAT {datanodeUUID=be053fe7-daa4-4335-a0a6-d036739a6273, command=[]} | ret=SUCCESS |  
2019-08-20 17:31:22,587 [Thread-3518] INFO  impl.FollowerState (FollowerState.java:run(106)) - be053fe7-daa4-4335-a0a6-d036739a6273:group-201551AF80AB changes to CANDIDATE, lastRpcTime:5078, electionTimeout:5061ms
2019-08-20 17:31:22,587 [Thread-3518] INFO  impl.RoleInfo (RoleInfo.java:shutdownFollowerState(121)) - be053fe7-daa4-4335-a0a6-d036739a6273: shutdown FollowerState
2019-08-20 17:31:22,587 [Thread-3518] INFO  impl.RaftServerImpl (RaftServerImpl.java:setRole(171)) - be053fe7-daa4-4335-a0a6-d036739a6273:group-201551AF80AB changes role from FOLLOWER to CANDIDATE at term 2 for changeToCandidate
2019-08-20 17:31:22,587 [Thread-3518] INFO  impl.RoleInfo (RoleInfo.java:updateAndGet(143)) - be053fe7-daa4-4335-a0a6-d036739a6273: start LeaderElection
2019-08-20 17:31:22,591 [be053fe7-daa4-4335-a0a6-d036739a6273:group-201551AF80AB:LeaderElection64] INFO  impl.RaftServerImpl (ServerState.java:setLeader(263)) - be053fe7-daa4-4335-a0a6-d036739a6273:group-201551AF80AB change Leader from 1995104d-c8de-4475-a574-4c6ff65d896e to null at term 2 for initElection
2019-08-20 17:31:22,616 [be053fe7-daa4-4335-a0a6-d036739a6273:group-201551AF80AB:LeaderElection64] INFO  impl.LeaderElection (LeaderElection.java:askForVotes(181)) - be053fe7-daa4-4335-a0a6-d036739a6273:group-201551AF80AB:LeaderElection64: begin an election at term 3 for 17: [1995104d-c8de-4475-a574-4c6ff65d896e:192.168.5.168:36430, 6c4a6901-b690-4e6e-9f9b-d426bfd0501b:192.168.5.168:43721, be053fe7-daa4-4335-a0a6-d036739a6273:192.168.5.168:46280], old=null
2019-08-20 17:31:22,620 [be053fe7-daa4-4335-a0a6-d036739a6273:group-201551AF80AB:LeaderElection64] INFO  impl.LeaderElection (LogUtils.java:infoOrTrace(149)) - be053fe7-daa4-4335-a0a6-d036739a6273:group-201551AF80AB:LeaderElection64 got exception when requesting votes: {}
java.util.concurrent.ExecutionException: org.apache.ratis.thirdparty.io.grpc.StatusRuntimeException: UNAVAILABLE: io exception
	at java.util.concurrent.FutureTask.report(FutureTask.java:122)
	at java.util.concurrent.FutureTask.get(FutureTask.java:192)
	at org.apache.ratis.server.impl.LeaderElection.waitForResults(LeaderElection.java:262)
	at org.apache.ratis.server.impl.LeaderElection.askForVotes(LeaderElection.java:200)
	at org.apache.ratis.server.impl.LeaderElection.run(LeaderElection.java:130)
	at java.lang.Thread.run(Thread.java:748)
Caused by: org.apache.ratis.thirdparty.io.grpc.StatusRuntimeException: UNAVAILABLE: io exception
	at org.apache.ratis.thirdparty.io.grpc.stub.ClientCalls.toStatusRuntimeException(ClientCalls.java:233)
	at org.apache.ratis.thirdparty.io.grpc.stub.ClientCalls.getUnchecked(ClientCalls.java:214)
	at org.apache.ratis.thirdparty.io.grpc.stub.ClientCalls.blockingUnaryCall(ClientCalls.java:139)
	at org.apache.ratis.proto.grpc.RaftServerProtocolServiceGrpc$RaftServerProtocolServiceBlockingStub.requestVote(RaftServerProtocolServiceGrpc.java:265)
	at org.apache.ratis.grpc.server.GrpcServerProtocolClient.requestVote(GrpcServerProtocolClient.java:83)
	at org.apache.ratis.grpc.server.GrpcService.requestVote(GrpcService.java:195)
	at org.apache.ratis.server.impl.LeaderElection.lambda$submitRequests$1(LeaderElection.java:237)
	at java.util.concurrent.FutureTask.run(FutureTask.java:266)
	at java.util.concurrent.Executors$RunnableAdapter.call(Executors.java:511)
	at java.util.concurrent.FutureTask.run(FutureTask.java:266)
	at java.util.concurrent.ThreadPoolExecutor.runWorker(ThreadPoolExecutor.java:1149)
	at java.util.concurrent.ThreadPoolExecutor$Worker.run(ThreadPoolExecutor.java:624)
	... 1 more
Caused by: org.apache.ratis.thirdparty.io.netty.channel.AbstractChannel$AnnotatedConnectException: Connection refused: /192.168.5.168:36430
	at sun.nio.ch.SocketChannelImpl.checkConnect(Native Method)
	at sun.nio.ch.SocketChannelImpl.finishConnect(SocketChannelImpl.java:717)
	at org.apache.ratis.thirdparty.io.netty.channel.socket.nio.NioSocketChannel.doFinishConnect(NioSocketChannel.java:327)
	at org.apache.ratis.thirdparty.io.netty.channel.nio.AbstractNioChannel$AbstractNioUnsafe.finishConnect(AbstractNioChannel.java:340)
	at org.apache.ratis.thirdparty.io.netty.channel.nio.NioEventLoop.processSelectedKey(NioEventLoop.java:632)
	at org.apache.ratis.thirdparty.io.netty.channel.nio.NioEventLoop.processSelectedKeysOptimized(NioEventLoop.java:579)
	at org.apache.ratis.thirdparty.io.netty.channel.nio.NioEventLoop.processSelectedKeys(NioEventLoop.java:496)
	at org.apache.ratis.thirdparty.io.netty.channel.nio.NioEventLoop.run(NioEventLoop.java:458)
	at org.apache.ratis.thirdparty.io.netty.util.concurrent.SingleThreadEventExecutor$5.run(SingleThreadEventExecutor.java:897)
	at org.apache.ratis.thirdparty.io.netty.util.concurrent.FastThreadLocalRunnable.run(FastThreadLocalRunnable.java:30)
	... 1 more
Caused by: java.net.ConnectException: Connection refused
	... 11 more
2019-08-20 17:31:22,622 [be053fe7-daa4-4335-a0a6-d036739a6273:group-201551AF80AB:LeaderElection64] INFO  impl.LeaderElection (LogUtils.java:infoOrTrace(149)) - be053fe7-daa4-4335-a0a6-d036739a6273:group-201551AF80AB:LeaderElection64 got exception when requesting votes: {}
java.util.concurrent.ExecutionException: org.apache.ratis.thirdparty.io.grpc.StatusRuntimeException: UNAVAILABLE: io exception
	at java.util.concurrent.FutureTask.report(FutureTask.java:122)
	at java.util.concurrent.FutureTask.get(FutureTask.java:192)
	at org.apache.ratis.server.impl.LeaderElection.waitForResults(LeaderElection.java:262)
	at org.apache.ratis.server.impl.LeaderElection.askForVotes(LeaderElection.java:200)
	at org.apache.ratis.server.impl.LeaderElection.run(LeaderElection.java:130)
	at java.lang.Thread.run(Thread.java:748)
Caused by: org.apache.ratis.thirdparty.io.grpc.StatusRuntimeException: UNAVAILABLE: io exception
	at org.apache.ratis.thirdparty.io.grpc.stub.ClientCalls.toStatusRuntimeException(ClientCalls.java:233)
	at org.apache.ratis.thirdparty.io.grpc.stub.ClientCalls.getUnchecked(ClientCalls.java:214)
	at org.apache.ratis.thirdparty.io.grpc.stub.ClientCalls.blockingUnaryCall(ClientCalls.java:139)
	at org.apache.ratis.proto.grpc.RaftServerProtocolServiceGrpc$RaftServerProtocolServiceBlockingStub.requestVote(RaftServerProtocolServiceGrpc.java:265)
	at org.apache.ratis.grpc.server.GrpcServerProtocolClient.requestVote(GrpcServerProtocolClient.java:83)
	at org.apache.ratis.grpc.server.GrpcService.requestVote(GrpcService.java:195)
	at org.apache.ratis.server.impl.LeaderElection.lambda$submitRequests$1(LeaderElection.java:237)
	at java.util.concurrent.FutureTask.run(FutureTask.java:266)
	at java.util.concurrent.Executors$RunnableAdapter.call(Executors.java:511)
	at java.util.concurrent.FutureTask.run(FutureTask.java:266)
	at java.util.concurrent.ThreadPoolExecutor.runWorker(ThreadPoolExecutor.java:1149)
	at java.util.concurrent.ThreadPoolExecutor$Worker.run(ThreadPoolExecutor.java:624)
	... 1 more
Caused by: org.apache.ratis.thirdparty.io.netty.channel.AbstractChannel$AnnotatedConnectException: Connection refused: /192.168.5.168:43721
	at sun.nio.ch.SocketChannelImpl.checkConnect(Native Method)
	at sun.nio.ch.SocketChannelImpl.finishConnect(SocketChannelImpl.java:717)
	at org.apache.ratis.thirdparty.io.netty.channel.socket.nio.NioSocketChannel.doFinishConnect(NioSocketChannel.java:327)
	at org.apache.ratis.thirdparty.io.netty.channel.nio.AbstractNioChannel$AbstractNioUnsafe.finishConnect(AbstractNioChannel.java:340)
	at org.apache.ratis.thirdparty.io.netty.channel.nio.NioEventLoop.processSelectedKey(NioEventLoop.java:632)
	at org.apache.ratis.thirdparty.io.netty.channel.nio.NioEventLoop.processSelectedKeysOptimized(NioEventLoop.java:579)
	at org.apache.ratis.thirdparty.io.netty.channel.nio.NioEventLoop.processSelectedKeys(NioEventLoop.java:496)
	at org.apache.ratis.thirdparty.io.netty.channel.nio.NioEventLoop.run(NioEventLoop.java:458)
	at org.apache.ratis.thirdparty.io.netty.util.concurrent.SingleThreadEventExecutor$5.run(SingleThreadEventExecutor.java:897)
	at org.apache.ratis.thirdparty.io.netty.util.concurrent.FastThreadLocalRunnable.run(FastThreadLocalRunnable.java:30)
	... 1 more
Caused by: java.net.ConnectException: Connection refused
	... 11 more
2019-08-20 17:31:22,625 [be053fe7-daa4-4335-a0a6-d036739a6273:group-201551AF80AB:LeaderElection64] INFO  impl.LeaderElection (LeaderElection.java:logAndReturn(56)) - be053fe7-daa4-4335-a0a6-d036739a6273:group-201551AF80AB:LeaderElection64: Election REJECTED; received 0 response(s) [] and 2 exception(s); be053fe7-daa4-4335-a0a6-d036739a6273:t3, leader=null, voted=be053fe7-daa4-4335-a0a6-d036739a6273, raftlog=be053fe7-daa4-4335-a0a6-d036739a6273-SegmentedRaftLog:OPENED:c18,f18,i18, conf=17: [1995104d-c8de-4475-a574-4c6ff65d896e:192.168.5.168:36430, 6c4a6901-b690-4e6e-9f9b-d426bfd0501b:192.168.5.168:43721, be053fe7-daa4-4335-a0a6-d036739a6273:192.168.5.168:46280], old=null
2019-08-20 17:31:22,625 [be053fe7-daa4-4335-a0a6-d036739a6273:group-201551AF80AB:LeaderElection64] INFO  impl.LeaderElection (LogUtils.java:infoOrTrace(149)) -   Exception 0: {}
java.util.concurrent.ExecutionException: org.apache.ratis.thirdparty.io.grpc.StatusRuntimeException: UNAVAILABLE: io exception
	at java.util.concurrent.FutureTask.report(FutureTask.java:122)
	at java.util.concurrent.FutureTask.get(FutureTask.java:192)
	at org.apache.ratis.server.impl.LeaderElection.waitForResults(LeaderElection.java:262)
	at org.apache.ratis.server.impl.LeaderElection.askForVotes(LeaderElection.java:200)
	at org.apache.ratis.server.impl.LeaderElection.run(LeaderElection.java:130)
	at java.lang.Thread.run(Thread.java:748)
Caused by: org.apache.ratis.thirdparty.io.grpc.StatusRuntimeException: UNAVAILABLE: io exception
	at org.apache.ratis.thirdparty.io.grpc.stub.ClientCalls.toStatusRuntimeException(ClientCalls.java:233)
	at org.apache.ratis.thirdparty.io.grpc.stub.ClientCalls.getUnchecked(ClientCalls.java:214)
	at org.apache.ratis.thirdparty.io.grpc.stub.ClientCalls.blockingUnaryCall(ClientCalls.java:139)
	at org.apache.ratis.proto.grpc.RaftServerProtocolServiceGrpc$RaftServerProtocolServiceBlockingStub.requestVote(RaftServerProtocolServiceGrpc.java:265)
	at org.apache.ratis.grpc.server.GrpcServerProtocolClient.requestVote(GrpcServerProtocolClient.java:83)
	at org.apache.ratis.grpc.server.GrpcService.requestVote(GrpcService.java:195)
	at org.apache.ratis.server.impl.LeaderElection.lambda$submitRequests$1(LeaderElection.java:237)
	at java.util.concurrent.FutureTask.run(FutureTask.java:266)
	at java.util.concurrent.Executors$RunnableAdapter.call(Executors.java:511)
	at java.util.concurrent.FutureTask.run(FutureTask.java:266)
	at java.util.concurrent.ThreadPoolExecutor.runWorker(ThreadPoolExecutor.java:1149)
	at java.util.concurrent.ThreadPoolExecutor$Worker.run(ThreadPoolExecutor.java:624)
	... 1 more
Caused by: org.apache.ratis.thirdparty.io.netty.channel.AbstractChannel$AnnotatedConnectException: Connection refused: /192.168.5.168:36430
	at sun.nio.ch.SocketChannelImpl.checkConnect(Native Method)
	at sun.nio.ch.SocketChannelImpl.finishConnect(SocketChannelImpl.java:717)
	at org.apache.ratis.thirdparty.io.netty.channel.socket.nio.NioSocketChannel.doFinishConnect(NioSocketChannel.java:327)
	at org.apache.ratis.thirdparty.io.netty.channel.nio.AbstractNioChannel$AbstractNioUnsafe.finishConnect(AbstractNioChannel.java:340)
	at org.apache.ratis.thirdparty.io.netty.channel.nio.NioEventLoop.processSelectedKey(NioEventLoop.java:632)
	at org.apache.ratis.thirdparty.io.netty.channel.nio.NioEventLoop.processSelectedKeysOptimized(NioEventLoop.java:579)
	at org.apache.ratis.thirdparty.io.netty.channel.nio.NioEventLoop.processSelectedKeys(NioEventLoop.java:496)
	at org.apache.ratis.thirdparty.io.netty.channel.nio.NioEventLoop.run(NioEventLoop.java:458)
	at org.apache.ratis.thirdparty.io.netty.util.concurrent.SingleThreadEventExecutor$5.run(SingleThreadEventExecutor.java:897)
	at org.apache.ratis.thirdparty.io.netty.util.concurrent.FastThreadLocalRunnable.run(FastThreadLocalRunnable.java:30)
	... 1 more
Caused by: java.net.ConnectException: Connection refused
	... 11 more
2019-08-20 17:31:22,625 [be053fe7-daa4-4335-a0a6-d036739a6273:group-201551AF80AB:LeaderElection64] INFO  impl.LeaderElection (LogUtils.java:infoOrTrace(149)) -   Exception 1: {}
java.util.concurrent.ExecutionException: org.apache.ratis.thirdparty.io.grpc.StatusRuntimeException: UNAVAILABLE: io exception
	at java.util.concurrent.FutureTask.report(FutureTask.java:122)
	at java.util.concurrent.FutureTask.get(FutureTask.java:192)
	at org.apache.ratis.server.impl.LeaderElection.waitForResults(LeaderElection.java:262)
	at org.apache.ratis.server.impl.LeaderElection.askForVotes(LeaderElection.java:200)
	at org.apache.ratis.server.impl.LeaderElection.run(LeaderElection.java:130)
	at java.lang.Thread.run(Thread.java:748)
Caused by: org.apache.ratis.thirdparty.io.grpc.StatusRuntimeException: UNAVAILABLE: io exception
	at org.apache.ratis.thirdparty.io.grpc.stub.ClientCalls.toStatusRuntimeException(ClientCalls.java:233)
	at org.apache.ratis.thirdparty.io.grpc.stub.ClientCalls.getUnchecked(ClientCalls.java:214)
	at org.apache.ratis.thirdparty.io.grpc.stub.ClientCalls.blockingUnaryCall(ClientCalls.java:139)
	at org.apache.ratis.proto.grpc.RaftServerProtocolServiceGrpc$RaftServerProtocolServiceBlockingStub.requestVote(RaftServerProtocolServiceGrpc.java:265)
	at org.apache.ratis.grpc.server.GrpcServerProtocolClient.requestVote(GrpcServerProtocolClient.java:83)
	at org.apache.ratis.grpc.server.GrpcService.requestVote(GrpcService.java:195)
	at org.apache.ratis.server.impl.LeaderElection.lambda$submitRequests$1(LeaderElection.java:237)
	at java.util.concurrent.FutureTask.run(FutureTask.java:266)
	at java.util.concurrent.Executors$RunnableAdapter.call(Executors.java:511)
	at java.util.concurrent.FutureTask.run(FutureTask.java:266)
	at java.util.concurrent.ThreadPoolExecutor.runWorker(ThreadPoolExecutor.java:1149)
	at java.util.concurrent.ThreadPoolExecutor$Worker.run(ThreadPoolExecutor.java:624)
	... 1 more
Caused by: org.apache.ratis.thirdparty.io.netty.channel.AbstractChannel$AnnotatedConnectException: Connection refused: /192.168.5.168:43721
	at sun.nio.ch.SocketChannelImpl.checkConnect(Native Method)
	at sun.nio.ch.SocketChannelImpl.finishConnect(SocketChannelImpl.java:717)
	at org.apache.ratis.thirdparty.io.netty.channel.socket.nio.NioSocketChannel.doFinishConnect(NioSocketChannel.java:327)
	at org.apache.ratis.thirdparty.io.netty.channel.nio.AbstractNioChannel$AbstractNioUnsafe.finishConnect(AbstractNioChannel.java:340)
	at org.apache.ratis.thirdparty.io.netty.channel.nio.NioEventLoop.processSelectedKey(NioEventLoop.java:632)
	at org.apache.ratis.thirdparty.io.netty.channel.nio.NioEventLoop.processSelectedKeysOptimized(NioEventLoop.java:579)
	at org.apache.ratis.thirdparty.io.netty.channel.nio.NioEventLoop.processSelectedKeys(NioEventLoop.java:496)
	at org.apache.ratis.thirdparty.io.netty.channel.nio.NioEventLoop.run(NioEventLoop.java:458)
	at org.apache.ratis.thirdparty.io.netty.util.concurrent.SingleThreadEventExecutor$5.run(SingleThreadEventExecutor.java:897)
	at org.apache.ratis.thirdparty.io.netty.util.concurrent.FastThreadLocalRunnable.run(FastThreadLocalRunnable.java:30)
	... 1 more
Caused by: java.net.ConnectException: Connection refused
	... 11 more
2019-08-20 17:31:22,625 [be053fe7-daa4-4335-a0a6-d036739a6273:group-201551AF80AB:LeaderElection64] INFO  impl.RaftServerImpl (RaftServerImpl.java:setRole(171)) - be053fe7-daa4-4335-a0a6-d036739a6273:group-201551AF80AB changes role from CANDIDATE to FOLLOWER at term 3 for DISCOVERED_A_NEW_TERM
2019-08-20 17:31:22,626 [be053fe7-daa4-4335-a0a6-d036739a6273:group-201551AF80AB:LeaderElection64] INFO  impl.RoleInfo (RoleInfo.java:shutdownLeaderElection(134)) - be053fe7-daa4-4335-a0a6-d036739a6273: shutdown LeaderElection
2019-08-20 17:31:22,626 [be053fe7-daa4-4335-a0a6-d036739a6273:group-201551AF80AB:LeaderElection64] INFO  impl.RoleInfo (RoleInfo.java:updateAndGet(143)) - be053fe7-daa4-4335-a0a6-d036739a6273: start FollowerState
2019-08-20 17:31:23,035 | INFO  | SCMAudit | user=jenkins1000 | ip=192.168.5.168 | op=SEND_HEARTBEAT {datanodeUUID=22376942-19b4-4255-bdb4-c51c782b6438, command=[]} | ret=SUCCESS |  
2019-08-20 17:31:23,324 | INFO  | SCMAudit | user=jenkins1000 | ip=192.168.5.168 | op=SEND_HEARTBEAT {datanodeUUID=be053fe7-daa4-4335-a0a6-d036739a6273, command=[]} | ret=SUCCESS |  
2019-08-20 17:31:24,035 | INFO  | SCMAudit | user=jenkins1000 | ip=192.168.5.168 | op=SEND_HEARTBEAT {datanodeUUID=22376942-19b4-4255-bdb4-c51c782b6438, command=[]} | ret=SUCCESS |  
2019-08-20 17:31:24,045 [EventQueue-StaleNodeForStaleNodeHandler] INFO  node.StaleNodeHandler (StaleNodeHandler.java:onMessage(58)) - Datanode 868c4038-48e0-4158-9c2b-9080e3500686{ip: 192.168.5.168, host: pr-hdds-1927-28fzr-1052167450, networkLocation: /default-rack, certSerialId: null} moved to stale state. Finalizing its pipelines [PipelineID=b46b4cac-d79a-46c1-b6b1-b50590afbf29, PipelineID=9851c3d2-2219-4d9e-8426-965af072d4a4]
2019-08-20 17:31:24,045 [EventQueue-StaleNodeForStaleNodeHandler] INFO  pipeline.SCMPipelineManager (SCMPipelineManager.java:finalizeAndDestroyPipeline(309)) - destroying pipeline:Pipeline[ Id: b46b4cac-d79a-46c1-b6b1-b50590afbf29, Nodes: 868c4038-48e0-4158-9c2b-9080e3500686{ip: 192.168.5.168, host: pr-hdds-1927-28fzr-1052167450, networkLocation: /default-rack, certSerialId: null}, Type:RATIS, Factor:ONE, State:OPEN]
2019-08-20 17:31:24,045 [EventQueue-StaleNodeForStaleNodeHandler] INFO  pipeline.PipelineStateManager (PipelineStateManager.java:finalizePipeline(123)) - Pipeline Pipeline[ Id: b46b4cac-d79a-46c1-b6b1-b50590afbf29, Nodes: 868c4038-48e0-4158-9c2b-9080e3500686{ip: 192.168.5.168, host: pr-hdds-1927-28fzr-1052167450, networkLocation: /default-rack, certSerialId: null}, Type:RATIS, Factor:ONE, State:CLOSED] moved to CLOSED state
2019-08-20 17:31:24,046 [EventQueue-StaleNodeForStaleNodeHandler] INFO  pipeline.SCMPipelineManager (SCMPipelineManager.java:finalizeAndDestroyPipeline(309)) - destroying pipeline:Pipeline[ Id: 9851c3d2-2219-4d9e-8426-965af072d4a4, Nodes: 868c4038-48e0-4158-9c2b-9080e3500686{ip: 192.168.5.168, host: pr-hdds-1927-28fzr-1052167450, networkLocation: /default-rack, certSerialId: null}9d32e657-27b9-4d89-b8c3-3e7cbe4e0bae{ip: 192.168.5.168, host: pr-hdds-1927-28fzr-1052167450, networkLocation: /default-rack, certSerialId: null}22376942-19b4-4255-bdb4-c51c782b6438{ip: 192.168.5.168, host: pr-hdds-1927-28fzr-1052167450, networkLocation: /default-rack, certSerialId: null}, Type:RATIS, Factor:THREE, State:CLOSED]
2019-08-20 17:31:24,046 [EventQueue-StaleNodeForStaleNodeHandler] INFO  node.StaleNodeHandler (StaleNodeHandler.java:onMessage(58)) - Datanode c4be4be4-1f04-4e64-8fc9-c7c8b3e12d80{ip: 192.168.5.168, host: pr-hdds-1927-28fzr-1052167450, networkLocation: /default-rack, certSerialId: null} moved to stale state. Finalizing its pipelines [PipelineID=e0c23197-1f05-4f19-863d-e710645a75a7]
2019-08-20 17:31:24,046 [EventQueue-StaleNodeForStaleNodeHandler] INFO  pipeline.SCMPipelineManager (SCMPipelineManager.java:finalizeAndDestroyPipeline(309)) - destroying pipeline:Pipeline[ Id: e0c23197-1f05-4f19-863d-e710645a75a7, Nodes: c4be4be4-1f04-4e64-8fc9-c7c8b3e12d80{ip: 192.168.5.168, host: pr-hdds-1927-28fzr-1052167450, networkLocation: /default-rack, certSerialId: null}, Type:RATIS, Factor:ONE, State:OPEN]
2019-08-20 17:31:24,046 [EventQueue-StaleNodeForStaleNodeHandler] INFO  pipeline.PipelineStateManager (PipelineStateManager.java:finalizePipeline(123)) - Pipeline Pipeline[ Id: e0c23197-1f05-4f19-863d-e710645a75a7, Nodes: c4be4be4-1f04-4e64-8fc9-c7c8b3e12d80{ip: 192.168.5.168, host: pr-hdds-1927-28fzr-1052167450, networkLocation: /default-rack, certSerialId: null}, Type:RATIS, Factor:ONE, State:CLOSED] moved to CLOSED state
2019-08-20 17:31:24,324 | INFO  | SCMAudit | user=jenkins1000 | ip=192.168.5.168 | op=SEND_HEARTBEAT {datanodeUUID=be053fe7-daa4-4335-a0a6-d036739a6273, command=[]} | ret=SUCCESS |  
2019-08-20 17:31:24,392 [main] INFO  ozoneimpl.OzoneContainer (OzoneContainer.java:stop(199)) - Attempting to stop container services.
2019-08-20 17:31:24,392 [main] INFO  impl.RaftServerProxy (RaftServerProxy.java:lambda$close$4(314)) - c4be4be4-1f04-4e64-8fc9-c7c8b3e12d80: close
2019-08-20 17:31:24,393 [main] INFO  impl.RaftServerImpl (RaftServerImpl.java:lambda$shutdown$3(245)) - c4be4be4-1f04-4e64-8fc9-c7c8b3e12d80: shutdown group-E710645A75A7
2019-08-20 17:31:24,394 [main] INFO  util.JmxRegister (JmxRegister.java:unregister(73)) - Successfully un-registered JMX Bean with object name Ratis:service=RaftServer,group=group-E710645A75A7,id=c4be4be4-1f04-4e64-8fc9-c7c8b3e12d80
2019-08-20 17:31:24,394 [main] INFO  impl.RoleInfo (RoleInfo.java:shutdownLeaderState(104)) - c4be4be4-1f04-4e64-8fc9-c7c8b3e12d80: shutdown LeaderState
2019-08-20 17:31:24,395 [main] INFO  impl.PendingRequests (PendingRequests.java:sendNotLeaderResponses(202)) - c4be4be4-1f04-4e64-8fc9-c7c8b3e12d80-PendingRequests: sendNotLeaderResponses
2019-08-20 17:31:24,395 [main] INFO  impl.StateMachineUpdater (StateMachineUpdater.java:stopAndJoin(115)) - StateMachineUpdater:c4be4be4-1f04-4e64-8fc9-c7c8b3e12d80:group-E710645A75A7: set stopIndex = 0
2019-08-20 17:31:24,395 [ForkJoinPool.commonPool-worker-0] INFO  ozoneimpl.OzoneContainer (OzoneContainer.java:stop(199)) - Attempting to stop container services.
2019-08-20 17:31:24,396 [main] INFO  impl.RaftServerImpl (ServerState.java:close(394)) - c4be4be4-1f04-4e64-8fc9-c7c8b3e12d80:group-E710645A75A7 closes. The last applied log index is 0
2019-08-20 17:31:24,396 [ForkJoinPool.commonPool-worker-0] INFO  impl.RaftServerProxy (RaftServerProxy.java:lambda$close$4(314)) - 868c4038-48e0-4158-9c2b-9080e3500686: close
2019-08-20 17:31:24,397 [c4be4be4-1f04-4e64-8fc9-c7c8b3e12d80-SegmentedRaftLogWorker:Storage Directory /workdir/hadoop-ozone/integration-test/target/test-dir/MiniOzoneClusterImpl-7c4d8f4b-6ef9-4f83-95e6-46f70b8176c5/datanode-6/data/ratis/e0c23197-1f05-4f19-863d-e710645a75a7] INFO  segmented.SegmentedRaftLogWorker (SegmentedRaftLogWorker.java:run(313)) - c4be4be4-1f04-4e64-8fc9-c7c8b3e12d80-SegmentedRaftLogWorker:Storage Directory /workdir/hadoop-ozone/integration-test/target/test-dir/MiniOzoneClusterImpl-7c4d8f4b-6ef9-4f83-95e6-46f70b8176c5/datanode-6/data/ratis/e0c23197-1f05-4f19-863d-e710645a75a7 was interrupted, exiting. There are 0 tasks remaining in the queue.
2019-08-20 17:31:24,397 [ForkJoinPool.commonPool-worker-0] INFO  impl.RaftServerImpl (RaftServerImpl.java:lambda$shutdown$3(245)) - 868c4038-48e0-4158-9c2b-9080e3500686: shutdown group-B50590AFBF29
2019-08-20 17:31:24,400 [main] INFO  segmented.SegmentedRaftLogWorker (SegmentedRaftLogWorker.java:close(228)) - c4be4be4-1f04-4e64-8fc9-c7c8b3e12d80-SegmentedRaftLogWorker:Storage Directory /workdir/hadoop-ozone/integration-test/target/test-dir/MiniOzoneClusterImpl-7c4d8f4b-6ef9-4f83-95e6-46f70b8176c5/datanode-6/data/ratis/e0c23197-1f05-4f19-863d-e710645a75a7 close()
2019-08-20 17:31:24,400 [ForkJoinPool.commonPool-worker-0] INFO  util.JmxRegister (JmxRegister.java:unregister(73)) - Successfully un-registered JMX Bean with object name Ratis:service=RaftServer,group=group-B50590AFBF29,id=868c4038-48e0-4158-9c2b-9080e3500686
2019-08-20 17:31:24,404 [main] INFO  server.GrpcService (GrpcService.java:closeImpl(155)) - c4be4be4-1f04-4e64-8fc9-c7c8b3e12d80: shutdown server with port 44827 now
2019-08-20 17:31:24,404 [ForkJoinPool.commonPool-worker-0] INFO  impl.RoleInfo (RoleInfo.java:shutdownLeaderState(104)) - 868c4038-48e0-4158-9c2b-9080e3500686: shutdown LeaderState
2019-08-20 17:31:24,407 [main] INFO  server.GrpcService (GrpcService.java:closeImpl(163)) - c4be4be4-1f04-4e64-8fc9-c7c8b3e12d80: shutdown server with port 44827 successfully
2019-08-20 17:31:24,407 [ForkJoinPool.commonPool-worker-0] INFO  impl.PendingRequests (PendingRequests.java:sendNotLeaderResponses(202)) - 868c4038-48e0-4158-9c2b-9080e3500686-PendingRequests: sendNotLeaderResponses
2019-08-20 17:31:24,408 [ForkJoinPool.commonPool-worker-0] INFO  impl.StateMachineUpdater (StateMachineUpdater.java:stopAndJoin(115)) - StateMachineUpdater:868c4038-48e0-4158-9c2b-9080e3500686:group-B50590AFBF29: set stopIndex = 0
2019-08-20 17:31:24,408 [ForkJoinPool.commonPool-worker-0] INFO  impl.RaftServerImpl (ServerState.java:close(394)) - 868c4038-48e0-4158-9c2b-9080e3500686:group-B50590AFBF29 closes. The last applied log index is 0
2019-08-20 17:31:24,409 [868c4038-48e0-4158-9c2b-9080e3500686-SegmentedRaftLogWorker:Storage Directory /workdir/hadoop-ozone/integration-test/target/test-dir/MiniOzoneClusterImpl-7c4d8f4b-6ef9-4f83-95e6-46f70b8176c5/datanode-2/data/ratis/b46b4cac-d79a-46c1-b6b1-b50590afbf29] INFO  segmented.SegmentedRaftLogWorker (SegmentedRaftLogWorker.java:run(313)) - 868c4038-48e0-4158-9c2b-9080e3500686-SegmentedRaftLogWorker:Storage Directory /workdir/hadoop-ozone/integration-test/target/test-dir/MiniOzoneClusterImpl-7c4d8f4b-6ef9-4f83-95e6-46f70b8176c5/datanode-2/data/ratis/b46b4cac-d79a-46c1-b6b1-b50590afbf29 was interrupted, exiting. There are 0 tasks remaining in the queue.
2019-08-20 17:31:24,411 [ForkJoinPool.commonPool-worker-0] INFO  segmented.SegmentedRaftLogWorker (SegmentedRaftLogWorker.java:close(228)) - 868c4038-48e0-4158-9c2b-9080e3500686-SegmentedRaftLogWorker:Storage Directory /workdir/hadoop-ozone/integration-test/target/test-dir/MiniOzoneClusterImpl-7c4d8f4b-6ef9-4f83-95e6-46f70b8176c5/datanode-2/data/ratis/b46b4cac-d79a-46c1-b6b1-b50590afbf29 close()
2019-08-20 17:31:24,411 [main] INFO  utils.BackgroundService (BackgroundService.java:shutdown(148)) - Shutting down service BlockDeletingService
2019-08-20 17:31:24,415 [ForkJoinPool.commonPool-worker-0] INFO  impl.RaftServerImpl (RaftServerImpl.java:lambda$shutdown$3(245)) - 868c4038-48e0-4158-9c2b-9080e3500686: shutdown group-965AF072D4A4
2019-08-20 17:31:24,416 [ForkJoinPool.commonPool-worker-0] INFO  util.JmxRegister (JmxRegister.java:unregister(73)) - Successfully un-registered JMX Bean with object name Ratis:service=RaftServer,group=group-965AF072D4A4,id=868c4038-48e0-4158-9c2b-9080e3500686
2019-08-20 17:31:24,417 [ForkJoinPool.commonPool-worker-0] INFO  impl.RoleInfo (RoleInfo.java:shutdownFollowerState(121)) - 868c4038-48e0-4158-9c2b-9080e3500686: shutdown FollowerState
2019-08-20 17:31:24,417 [ForkJoinPool.commonPool-worker-0] INFO  impl.StateMachineUpdater (StateMachineUpdater.java:stopAndJoin(115)) - StateMachineUpdater:868c4038-48e0-4158-9c2b-9080e3500686:group-965AF072D4A4: set stopIndex = 16
2019-08-20 17:31:24,417 [StateMachineUpdater:868c4038-48e0-4158-9c2b-9080e3500686:group-965AF072D4A4] INFO  ratis.ContainerStateMachine (ContainerStateMachine.java:takeSnapshot(271)) - group-965AF072D4A4: Taking a snapshot at:(t:1, i:14) file /workdir/hadoop-ozone/integration-test/target/test-dir/MiniOzoneClusterImpl-7c4d8f4b-6ef9-4f83-95e6-46f70b8176c5/datanode-2/data/ratis/9851c3d2-2219-4d9e-8426-965af072d4a4/sm/snapshot.1_14
2019-08-20 17:31:24,419 [Thread-3368] INFO  impl.FollowerState (FollowerState.java:run(114)) - 868c4038-48e0-4158-9c2b-9080e3500686: FollowerState was interrupted: java.lang.InterruptedException: sleep interrupted
2019-08-20 17:31:24,419 [refreshUsed-/workdir/hadoop-ozone/integration-test/target/test-dir/MiniOzoneClusterImpl-7c4d8f4b-6ef9-4f83-95e6-46f70b8176c5/datanode-6/data/containers] WARN  fs.CachingGetSpaceUsed (CachingGetSpaceUsed.java:run(183)) - Thread Interrupted waiting to refresh disk information: sleep interrupted
2019-08-20 17:31:24,440 [main] INFO  statemachine.DatanodeStateMachine (DatanodeStateMachine.java:stopDaemon(395)) - Ozone container server stopped.
2019-08-20 17:31:24,442 [main] INFO  handler.ContextHandler (ContextHandler.java:doStop(910)) - Stopped o.e.j.w.WebAppContext@5c452e69{/,null,UNAVAILABLE}{/hddsDatanode}
2019-08-20 17:31:24,444 [StateMachineUpdater:868c4038-48e0-4158-9c2b-9080e3500686:group-965AF072D4A4] INFO  ratis.ContainerStateMachine (ContainerStateMachine.java:takeSnapshot(282)) - group-965AF072D4A4: Finished taking a snapshot at:(t:1, i:14) file:/workdir/hadoop-ozone/integration-test/target/test-dir/MiniOzoneClusterImpl-7c4d8f4b-6ef9-4f83-95e6-46f70b8176c5/datanode-2/data/ratis/9851c3d2-2219-4d9e-8426-965af072d4a4/sm/snapshot.1_14 time:26
2019-08-20 17:31:24,444 [main] INFO  server.AbstractConnector (AbstractConnector.java:doStop(318)) - Stopped ServerConnector@5c519681{HTTP/1.1,[http/1.1]}{0.0.0.0:0}
2019-08-20 17:31:24,444 [StateMachineUpdater:868c4038-48e0-4158-9c2b-9080e3500686:group-965AF072D4A4] INFO  impl.StateMachineUpdater (StateMachineUpdater.java:takeSnapshot(242)) - StateMachineUpdater:868c4038-48e0-4158-9c2b-9080e3500686:group-965AF072D4A4: Took a snapshot at index 14
2019-08-20 17:31:24,444 [StateMachineUpdater:868c4038-48e0-4158-9c2b-9080e3500686:group-965AF072D4A4] INFO  impl.StateMachineUpdater (StateMachineUpdater.java:lambda$new$0(80)) - StateMachineUpdater:868c4038-48e0-4158-9c2b-9080e3500686:group-965AF072D4A4: snapshotIndex: updateIncreasingly -1 -> 14
2019-08-20 17:31:24,444 [main] INFO  handler.ContextHandler (ContextHandler.java:doStop(910)) - Stopped o.e.j.s.ServletContextHandler@7b1d3a05{/static,jar:file:/home/user/.m2/repository/org/apache/hadoop/hadoop-hdds-container-service/0.5.0-SNAPSHOT/hadoop-hdds-container-service-0.5.0-SNAPSHOT.jar!/webapps/static,UNAVAILABLE}
2019-08-20 17:31:24,445 [ForkJoinPool.commonPool-worker-0] INFO  impl.RaftServerImpl (ServerState.java:close(394)) - 868c4038-48e0-4158-9c2b-9080e3500686:group-965AF072D4A4 closes. The last applied log index is 16
2019-08-20 17:31:24,445 [main] INFO  handler.ContextHandler (ContextHandler.java:doStop(910)) - Stopped o.e.j.s.ServletContextHandler@689504b1{/logs,file:///workdir/hadoop-ozone/integration-test/target/log,UNAVAILABLE}
2019-08-20 17:31:24,445 [868c4038-48e0-4158-9c2b-9080e3500686-SegmentedRaftLogWorker:Storage Directory /workdir/hadoop-ozone/integration-test/target/test-dir/MiniOzoneClusterImpl-7c4d8f4b-6ef9-4f83-95e6-46f70b8176c5/datanode-2/data/ratis/9851c3d2-2219-4d9e-8426-965af072d4a4] INFO  segmented.SegmentedRaftLogWorker (SegmentedRaftLogWorker.java:run(313)) - 868c4038-48e0-4158-9c2b-9080e3500686-SegmentedRaftLogWorker:Storage Directory /workdir/hadoop-ozone/integration-test/target/test-dir/MiniOzoneClusterImpl-7c4d8f4b-6ef9-4f83-95e6-46f70b8176c5/datanode-2/data/ratis/9851c3d2-2219-4d9e-8426-965af072d4a4 was interrupted, exiting. There are 0 tasks remaining in the queue.
2019-08-20 17:31:24,447 [ForkJoinPool.commonPool-worker-0] INFO  segmented.SegmentedRaftLogWorker (SegmentedRaftLogWorker.java:close(228)) - 868c4038-48e0-4158-9c2b-9080e3500686-SegmentedRaftLogWorker:Storage Directory /workdir/hadoop-ozone/integration-test/target/test-dir/MiniOzoneClusterImpl-7c4d8f4b-6ef9-4f83-95e6-46f70b8176c5/datanode-2/data/ratis/9851c3d2-2219-4d9e-8426-965af072d4a4 close()
2019-08-20 17:31:24,450 [ForkJoinPool.commonPool-worker-0] INFO  server.GrpcService (GrpcService.java:closeImpl(155)) - 868c4038-48e0-4158-9c2b-9080e3500686: shutdown server with port 33920 now
2019-08-20 17:31:24,450 [main] INFO  datanode.ObjectStoreHandler (ObjectStoreHandler.java:close(155)) - Closing ObjectStoreHandler.
2019-08-20 17:31:24,450 [ForkJoinPool.commonPool-worker-0] INFO  server.GrpcService (GrpcService.java:closeImpl(163)) - 868c4038-48e0-4158-9c2b-9080e3500686: shutdown server with port 33920 successfully
2019-08-20 17:31:24,451 [main] INFO  ozone.HddsDatanodeService (HddsDatanodeService.java:stop(451)) - Stopped plug-in org.apache.hadoop.ozone.web.OzoneHddsDatanodeService@676beb9f
2019-08-20 17:31:24,452 [ForkJoinPool.commonPool-worker-0] INFO  utils.BackgroundService (BackgroundService.java:shutdown(148)) - Shutting down service BlockDeletingService
2019-08-20 17:31:24,454 [refreshUsed-/workdir/hadoop-ozone/integration-test/target/test-dir/MiniOzoneClusterImpl-7c4d8f4b-6ef9-4f83-95e6-46f70b8176c5/datanode-2/data/containers] WARN  fs.CachingGetSpaceUsed (CachingGetSpaceUsed.java:run(183)) - Thread Interrupted waiting to refresh disk information: sleep interrupted
2019-08-20 17:31:24,469 [ForkJoinPool.commonPool-worker-0] INFO  statemachine.DatanodeStateMachine (DatanodeStateMachine.java:stopDaemon(395)) - Ozone container server stopped.
2019-08-20 17:31:24,474 [ForkJoinPool.commonPool-worker-0] INFO  handler.ContextHandler (ContextHandler.java:doStop(910)) - Stopped o.e.j.w.WebAppContext@2c69ea30{/,null,UNAVAILABLE}{/hddsDatanode}
2019-08-20 17:31:24,474 [ForkJoinPool.commonPool-worker-0] INFO  server.AbstractConnector (AbstractConnector.java:doStop(318)) - Stopped ServerConnector@76dc9569{HTTP/1.1,[http/1.1]}{0.0.0.0:0}
2019-08-20 17:31:24,476 [ForkJoinPool.commonPool-worker-0] INFO  handler.ContextHandler (ContextHandler.java:doStop(910)) - Stopped o.e.j.s.ServletContextHandler@35fddea2{/static,jar:file:/home/user/.m2/repository/org/apache/hadoop/hadoop-hdds-container-service/0.5.0-SNAPSHOT/hadoop-hdds-container-service-0.5.0-SNAPSHOT.jar!/webapps/static,UNAVAILABLE}
2019-08-20 17:31:24,477 [ForkJoinPool.commonPool-worker-0] INFO  handler.ContextHandler (ContextHandler.java:doStop(910)) - Stopped o.e.j.s.ServletContextHandler@b42d1c8{/logs,file:///workdir/hadoop-ozone/integration-test/target/log,UNAVAILABLE}
2019-08-20 17:31:24,478 [ForkJoinPool.commonPool-worker-0] INFO  datanode.ObjectStoreHandler (ObjectStoreHandler.java:close(155)) - Closing ObjectStoreHandler.
2019-08-20 17:31:24,479 [ForkJoinPool.commonPool-worker-0] INFO  ozone.HddsDatanodeService (HddsDatanodeService.java:stop(451)) - Stopped plug-in org.apache.hadoop.ozone.web.OzoneHddsDatanodeService@2456716b
2019-08-20 17:31:25,035 [Datanode State Machine Thread - 0] INFO  statemachine.DatanodeStateMachine (DatanodeStateMachine.java:lambda$startDaemon$0(350)) - Ozone container server started.
2019-08-20 17:31:25,323 [Datanode State Machine Thread - 0] INFO  statemachine.DatanodeStateMachine (DatanodeStateMachine.java:lambda$startDaemon$0(350)) - Ozone container server started.
2019-08-20 17:31:26,924 [Thread-3369] INFO  impl.FollowerState (FollowerState.java:run(106)) - 22376942-19b4-4255-bdb4-c51c782b6438:group-965AF072D4A4 changes to CANDIDATE, lastRpcTime:7680, electionTimeout:5050ms
2019-08-20 17:31:26,925 [Thread-3369] INFO  impl.RoleInfo (RoleInfo.java:shutdownFollowerState(121)) - 22376942-19b4-4255-bdb4-c51c782b6438: shutdown FollowerState
2019-08-20 17:31:26,925 [Thread-3369] INFO  impl.RaftServerImpl (RaftServerImpl.java:setRole(171)) - 22376942-19b4-4255-bdb4-c51c782b6438:group-965AF072D4A4 changes role from FOLLOWER to CANDIDATE at term 1 for changeToCandidate
2019-08-20 17:31:26,925 [Thread-3369] INFO  impl.RoleInfo (RoleInfo.java:updateAndGet(143)) - 22376942-19b4-4255-bdb4-c51c782b6438: start LeaderElection
2019-08-20 17:31:26,928 [22376942-19b4-4255-bdb4-c51c782b6438:group-965AF072D4A4:LeaderElection65] INFO  impl.RaftServerImpl (ServerState.java:setLeader(263)) - 22376942-19b4-4255-bdb4-c51c782b6438:group-965AF072D4A4 change Leader from 9d32e657-27b9-4d89-b8c3-3e7cbe4e0bae to null at term 1 for initElection
2019-08-20 17:31:26,942 [22376942-19b4-4255-bdb4-c51c782b6438:group-965AF072D4A4:LeaderElection65] INFO  impl.LeaderElection (LeaderElection.java:askForVotes(181)) - 22376942-19b4-4255-bdb4-c51c782b6438:group-965AF072D4A4:LeaderElection65: begin an election at term 2 for 0: [868c4038-48e0-4158-9c2b-9080e3500686:192.168.5.168:33920, 9d32e657-27b9-4d89-b8c3-3e7cbe4e0bae:192.168.5.168:39672, 22376942-19b4-4255-bdb4-c51c782b6438:192.168.5.168:39722], old=null
2019-08-20 17:31:26,945 [22376942-19b4-4255-bdb4-c51c782b6438:group-965AF072D4A4:LeaderElection65] INFO  impl.LeaderElection (LogUtils.java:infoOrTrace(149)) - 22376942-19b4-4255-bdb4-c51c782b6438:group-965AF072D4A4:LeaderElection65 got exception when requesting votes: {}
java.util.concurrent.ExecutionException: org.apache.ratis.thirdparty.io.grpc.StatusRuntimeException: UNAVAILABLE: io exception
	at java.util.concurrent.FutureTask.report(FutureTask.java:122)
	at java.util.concurrent.FutureTask.get(FutureTask.java:192)
	at org.apache.ratis.server.impl.LeaderElection.waitForResults(LeaderElection.java:262)
	at org.apache.ratis.server.impl.LeaderElection.askForVotes(LeaderElection.java:200)
	at org.apache.ratis.server.impl.LeaderElection.run(LeaderElection.java:130)
	at java.lang.Thread.run(Thread.java:748)
Caused by: org.apache.ratis.thirdparty.io.grpc.StatusRuntimeException: UNAVAILABLE: io exception
	at org.apache.ratis.thirdparty.io.grpc.stub.ClientCalls.toStatusRuntimeException(ClientCalls.java:233)
	at org.apache.ratis.thirdparty.io.grpc.stub.ClientCalls.getUnchecked(ClientCalls.java:214)
	at org.apache.ratis.thirdparty.io.grpc.stub.ClientCalls.blockingUnaryCall(ClientCalls.java:139)
	at org.apache.ratis.proto.grpc.RaftServerProtocolServiceGrpc$RaftServerProtocolServiceBlockingStub.requestVote(RaftServerProtocolServiceGrpc.java:265)
	at org.apache.ratis.grpc.server.GrpcServerProtocolClient.requestVote(GrpcServerProtocolClient.java:83)
	at org.apache.ratis.grpc.server.GrpcService.requestVote(GrpcService.java:195)
	at org.apache.ratis.server.impl.LeaderElection.lambda$submitRequests$1(LeaderElection.java:237)
	at java.util.concurrent.FutureTask.run(FutureTask.java:266)
	at java.util.concurrent.Executors$RunnableAdapter.call(Executors.java:511)
	at java.util.concurrent.FutureTask.run(FutureTask.java:266)
	at java.util.concurrent.ThreadPoolExecutor.runWorker(ThreadPoolExecutor.java:1149)
	at java.util.concurrent.ThreadPoolExecutor$Worker.run(ThreadPoolExecutor.java:624)
	... 1 more
Caused by: org.apache.ratis.thirdparty.io.netty.channel.AbstractChannel$AnnotatedConnectException: Connection refused: /192.168.5.168:33920
	at sun.nio.ch.SocketChannelImpl.checkConnect(Native Method)
	at sun.nio.ch.SocketChannelImpl.finishConnect(SocketChannelImpl.java:717)
	at org.apache.ratis.thirdparty.io.netty.channel.socket.nio.NioSocketChannel.doFinishConnect(NioSocketChannel.java:327)
	at org.apache.ratis.thirdparty.io.netty.channel.nio.AbstractNioChannel$AbstractNioUnsafe.finishConnect(AbstractNioChannel.java:340)
	at org.apache.ratis.thirdparty.io.netty.channel.nio.NioEventLoop.processSelectedKey(NioEventLoop.java:632)
	at org.apache.ratis.thirdparty.io.netty.channel.nio.NioEventLoop.processSelectedKeysOptimized(NioEventLoop.java:579)
	at org.apache.ratis.thirdparty.io.netty.channel.nio.NioEventLoop.processSelectedKeys(NioEventLoop.java:496)
	at org.apache.ratis.thirdparty.io.netty.channel.nio.NioEventLoop.run(NioEventLoop.java:458)
	at org.apache.ratis.thirdparty.io.netty.util.concurrent.SingleThreadEventExecutor$5.run(SingleThreadEventExecutor.java:897)
	at org.apache.ratis.thirdparty.io.netty.util.concurrent.FastThreadLocalRunnable.run(FastThreadLocalRunnable.java:30)
	... 1 more
Caused by: java.net.ConnectException: Connection refused
	... 11 more
2019-08-20 17:31:26,947 [22376942-19b4-4255-bdb4-c51c782b6438:group-965AF072D4A4:LeaderElection65] INFO  impl.LeaderElection (LogUtils.java:infoOrTrace(149)) - 22376942-19b4-4255-bdb4-c51c782b6438:group-965AF072D4A4:LeaderElection65 got exception when requesting votes: {}
java.util.concurrent.ExecutionException: org.apache.ratis.thirdparty.io.grpc.StatusRuntimeException: UNAVAILABLE: io exception
	at java.util.concurrent.FutureTask.report(FutureTask.java:122)
	at java.util.concurrent.FutureTask.get(FutureTask.java:192)
	at org.apache.ratis.server.impl.LeaderElection.waitForResults(LeaderElection.java:262)
	at org.apache.ratis.server.impl.LeaderElection.askForVotes(LeaderElection.java:200)
	at org.apache.ratis.server.impl.LeaderElection.run(LeaderElection.java:130)
	at java.lang.Thread.run(Thread.java:748)
Caused by: org.apache.ratis.thirdparty.io.grpc.StatusRuntimeException: UNAVAILABLE: io exception
	at org.apache.ratis.thirdparty.io.grpc.stub.ClientCalls.toStatusRuntimeException(ClientCalls.java:233)
	at org.apache.ratis.thirdparty.io.grpc.stub.ClientCalls.getUnchecked(ClientCalls.java:214)
	at org.apache.ratis.thirdparty.io.grpc.stub.ClientCalls.blockingUnaryCall(ClientCalls.java:139)
	at org.apache.ratis.proto.grpc.RaftServerProtocolServiceGrpc$RaftServerProtocolServiceBlockingStub.requestVote(RaftServerProtocolServiceGrpc.java:265)
	at org.apache.ratis.grpc.server.GrpcServerProtocolClient.requestVote(GrpcServerProtocolClient.java:83)
	at org.apache.ratis.grpc.server.GrpcService.requestVote(GrpcService.java:195)
	at org.apache.ratis.server.impl.LeaderElection.lambda$submitRequests$1(LeaderElection.java:237)
	at java.util.concurrent.FutureTask.run(FutureTask.java:266)
	at java.util.concurrent.Executors$RunnableAdapter.call(Executors.java:511)
	at java.util.concurrent.FutureTask.run(FutureTask.java:266)
	at java.util.concurrent.ThreadPoolExecutor.runWorker(ThreadPoolExecutor.java:1149)
	at java.util.concurrent.ThreadPoolExecutor$Worker.run(ThreadPoolExecutor.java:624)
	... 1 more
Caused by: org.apache.ratis.thirdparty.io.netty.channel.AbstractChannel$AnnotatedConnectException: Connection refused: /192.168.5.168:39672
	at sun.nio.ch.SocketChannelImpl.checkConnect(Native Method)
	at sun.nio.ch.SocketChannelImpl.finishConnect(SocketChannelImpl.java:717)
	at org.apache.ratis.thirdparty.io.netty.channel.socket.nio.NioSocketChannel.doFinishConnect(NioSocketChannel.java:327)
	at org.apache.ratis.thirdparty.io.netty.channel.nio.AbstractNioChannel$AbstractNioUnsafe.finishConnect(AbstractNioChannel.java:340)
	at org.apache.ratis.thirdparty.io.netty.channel.nio.NioEventLoop.processSelectedKey(NioEventLoop.java:632)
	at org.apache.ratis.thirdparty.io.netty.channel.nio.NioEventLoop.processSelectedKeysOptimized(NioEventLoop.java:579)
	at org.apache.ratis.thirdparty.io.netty.channel.nio.NioEventLoop.processSelectedKeys(NioEventLoop.java:496)
	at org.apache.ratis.thirdparty.io.netty.channel.nio.NioEventLoop.run(NioEventLoop.java:458)
	at org.apache.ratis.thirdparty.io.netty.util.concurrent.SingleThreadEventExecutor$5.run(SingleThreadEventExecutor.java:897)
	at org.apache.ratis.thirdparty.io.netty.util.concurrent.FastThreadLocalRunnable.run(FastThreadLocalRunnable.java:30)
	... 1 more
Caused by: java.net.ConnectException: Connection refused
	... 11 more
2019-08-20 17:31:26,948 [22376942-19b4-4255-bdb4-c51c782b6438:group-965AF072D4A4:LeaderElection65] INFO  impl.LeaderElection (LeaderElection.java:logAndReturn(56)) - 22376942-19b4-4255-bdb4-c51c782b6438:group-965AF072D4A4:LeaderElection65: Election REJECTED; received 0 response(s) [] and 2 exception(s); 22376942-19b4-4255-bdb4-c51c782b6438:t2, leader=null, voted=22376942-19b4-4255-bdb4-c51c782b6438, raftlog=22376942-19b4-4255-bdb4-c51c782b6438-SegmentedRaftLog:OPENED:c16,f16,i16, conf=0: [868c4038-48e0-4158-9c2b-9080e3500686:192.168.5.168:33920, 9d32e657-27b9-4d89-b8c3-3e7cbe4e0bae:192.168.5.168:39672, 22376942-19b4-4255-bdb4-c51c782b6438:192.168.5.168:39722], old=null
2019-08-20 17:31:26,948 [22376942-19b4-4255-bdb4-c51c782b6438:group-965AF072D4A4:LeaderElection65] INFO  impl.LeaderElection (LogUtils.java:infoOrTrace(149)) -   Exception 0: {}
java.util.concurrent.ExecutionException: org.apache.ratis.thirdparty.io.grpc.StatusRuntimeException: UNAVAILABLE: io exception
	at java.util.concurrent.FutureTask.report(FutureTask.java:122)
	at java.util.concurrent.FutureTask.get(FutureTask.java:192)
	at org.apache.ratis.server.impl.LeaderElection.waitForResults(LeaderElection.java:262)
	at org.apache.ratis.server.impl.LeaderElection.askForVotes(LeaderElection.java:200)
	at org.apache.ratis.server.impl.LeaderElection.run(LeaderElection.java:130)
	at java.lang.Thread.run(Thread.java:748)
Caused by: org.apache.ratis.thirdparty.io.grpc.StatusRuntimeException: UNAVAILABLE: io exception
	at org.apache.ratis.thirdparty.io.grpc.stub.ClientCalls.toStatusRuntimeException(ClientCalls.java:233)
	at org.apache.ratis.thirdparty.io.grpc.stub.ClientCalls.getUnchecked(ClientCalls.java:214)
	at org.apache.ratis.thirdparty.io.grpc.stub.ClientCalls.blockingUnaryCall(ClientCalls.java:139)
	at org.apache.ratis.proto.grpc.RaftServerProtocolServiceGrpc$RaftServerProtocolServiceBlockingStub.requestVote(RaftServerProtocolServiceGrpc.java:265)
	at org.apache.ratis.grpc.server.GrpcServerProtocolClient.requestVote(GrpcServerProtocolClient.java:83)
	at org.apache.ratis.grpc.server.GrpcService.requestVote(GrpcService.java:195)
	at org.apache.ratis.server.impl.LeaderElection.lambda$submitRequests$1(LeaderElection.java:237)
	at java.util.concurrent.FutureTask.run(FutureTask.java:266)
	at java.util.concurrent.Executors$RunnableAdapter.call(Executors.java:511)
	at java.util.concurrent.FutureTask.run(FutureTask.java:266)
	at java.util.concurrent.ThreadPoolExecutor.runWorker(ThreadPoolExecutor.java:1149)
	at java.util.concurrent.ThreadPoolExecutor$Worker.run(ThreadPoolExecutor.java:624)
	... 1 more
Caused by: org.apache.ratis.thirdparty.io.netty.channel.AbstractChannel$AnnotatedConnectException: Connection refused: /192.168.5.168:33920
	at sun.nio.ch.SocketChannelImpl.checkConnect(Native Method)
	at sun.nio.ch.SocketChannelImpl.finishConnect(SocketChannelImpl.java:717)
	at org.apache.ratis.thirdparty.io.netty.channel.socket.nio.NioSocketChannel.doFinishConnect(NioSocketChannel.java:327)
	at org.apache.ratis.thirdparty.io.netty.channel.nio.AbstractNioChannel$AbstractNioUnsafe.finishConnect(AbstractNioChannel.java:340)
	at org.apache.ratis.thirdparty.io.netty.channel.nio.NioEventLoop.processSelectedKey(NioEventLoop.java:632)
	at org.apache.ratis.thirdparty.io.netty.channel.nio.NioEventLoop.processSelectedKeysOptimized(NioEventLoop.java:579)
	at org.apache.ratis.thirdparty.io.netty.channel.nio.NioEventLoop.processSelectedKeys(NioEventLoop.java:496)
	at org.apache.ratis.thirdparty.io.netty.channel.nio.NioEventLoop.run(NioEventLoop.java:458)
	at org.apache.ratis.thirdparty.io.netty.util.concurrent.SingleThreadEventExecutor$5.run(SingleThreadEventExecutor.java:897)
	at org.apache.ratis.thirdparty.io.netty.util.concurrent.FastThreadLocalRunnable.run(FastThreadLocalRunnable.java:30)
	... 1 more
Caused by: java.net.ConnectException: Connection refused
	... 11 more
2019-08-20 17:31:26,948 [22376942-19b4-4255-bdb4-c51c782b6438:group-965AF072D4A4:LeaderElection65] INFO  impl.LeaderElection (LogUtils.java:infoOrTrace(149)) -   Exception 1: {}
java.util.concurrent.ExecutionException: org.apache.ratis.thirdparty.io.grpc.StatusRuntimeException: UNAVAILABLE: io exception
	at java.util.concurrent.FutureTask.report(FutureTask.java:122)
	at java.util.concurrent.FutureTask.get(FutureTask.java:192)
	at org.apache.ratis.server.impl.LeaderElection.waitForResults(LeaderElection.java:262)
	at org.apache.ratis.server.impl.LeaderElection.askForVotes(LeaderElection.java:200)
	at org.apache.ratis.server.impl.LeaderElection.run(LeaderElection.java:130)
	at java.lang.Thread.run(Thread.java:748)
Caused by: org.apache.ratis.thirdparty.io.grpc.StatusRuntimeException: UNAVAILABLE: io exception
	at org.apache.ratis.thirdparty.io.grpc.stub.ClientCalls.toStatusRuntimeException(ClientCalls.java:233)
	at org.apache.ratis.thirdparty.io.grpc.stub.ClientCalls.getUnchecked(ClientCalls.java:214)
	at org.apache.ratis.thirdparty.io.grpc.stub.ClientCalls.blockingUnaryCall(ClientCalls.java:139)
	at org.apache.ratis.proto.grpc.RaftServerProtocolServiceGrpc$RaftServerProtocolServiceBlockingStub.requestVote(RaftServerProtocolServiceGrpc.java:265)
	at org.apache.ratis.grpc.server.GrpcServerProtocolClient.requestVote(GrpcServerProtocolClient.java:83)
	at org.apache.ratis.grpc.server.GrpcService.requestVote(GrpcService.java:195)
	at org.apache.ratis.server.impl.LeaderElection.lambda$submitRequests$1(LeaderElection.java:237)
	at java.util.concurrent.FutureTask.run(FutureTask.java:266)
	at java.util.concurrent.Executors$RunnableAdapter.call(Executors.java:511)
	at java.util.concurrent.FutureTask.run(FutureTask.java:266)
	at java.util.concurrent.ThreadPoolExecutor.runWorker(ThreadPoolExecutor.java:1149)
	at java.util.concurrent.ThreadPoolExecutor$Worker.run(ThreadPoolExecutor.java:624)
	... 1 more
Caused by: org.apache.ratis.thirdparty.io.netty.channel.AbstractChannel$AnnotatedConnectException: Connection refused: /192.168.5.168:39672
	at sun.nio.ch.SocketChannelImpl.checkConnect(Native Method)
	at sun.nio.ch.SocketChannelImpl.finishConnect(SocketChannelImpl.java:717)
	at org.apache.ratis.thirdparty.io.netty.channel.socket.nio.NioSocketChannel.doFinishConnect(NioSocketChannel.java:327)
	at org.apache.ratis.thirdparty.io.netty.channel.nio.AbstractNioChannel$AbstractNioUnsafe.finishConnect(AbstractNioChannel.java:340)
	at org.apache.ratis.thirdparty.io.netty.channel.nio.NioEventLoop.processSelectedKey(NioEventLoop.java:632)
	at org.apache.ratis.thirdparty.io.netty.channel.nio.NioEventLoop.processSelectedKeysOptimized(NioEventLoop.java:579)
	at org.apache.ratis.thirdparty.io.netty.channel.nio.NioEventLoop.processSelectedKeys(NioEventLoop.java:496)
	at org.apache.ratis.thirdparty.io.netty.channel.nio.NioEventLoop.run(NioEventLoop.java:458)
	at org.apache.ratis.thirdparty.io.netty.util.concurrent.SingleThreadEventExecutor$5.run(SingleThreadEventExecutor.java:897)
	at org.apache.ratis.thirdparty.io.netty.util.concurrent.FastThreadLocalRunnable.run(FastThreadLocalRunnable.java:30)
	... 1 more
Caused by: java.net.ConnectException: Connection refused
	... 11 more
2019-08-20 17:31:26,949 [22376942-19b4-4255-bdb4-c51c782b6438:group-965AF072D4A4:LeaderElection65] INFO  impl.RaftServerImpl (RaftServerImpl.java:setRole(171)) - 22376942-19b4-4255-bdb4-c51c782b6438:group-965AF072D4A4 changes role from CANDIDATE to FOLLOWER at term 2 for DISCOVERED_A_NEW_TERM
2019-08-20 17:31:26,949 [22376942-19b4-4255-bdb4-c51c782b6438:group-965AF072D4A4:LeaderElection65] INFO  impl.RoleInfo (RoleInfo.java:shutdownLeaderElection(134)) - 22376942-19b4-4255-bdb4-c51c782b6438: shutdown LeaderElection
2019-08-20 17:31:26,949 [22376942-19b4-4255-bdb4-c51c782b6438:group-965AF072D4A4:LeaderElection65] INFO  impl.RoleInfo (RoleInfo.java:updateAndGet(143)) - 22376942-19b4-4255-bdb4-c51c782b6438: start FollowerState
2019-08-20 17:31:27,734 [Thread-3610] INFO  impl.FollowerState (FollowerState.java:run(106)) - be053fe7-daa4-4335-a0a6-d036739a6273:group-201551AF80AB changes to CANDIDATE, lastRpcTime:5108, electionTimeout:5108ms
2019-08-20 17:31:27,735 [Thread-3610] INFO  impl.RoleInfo (RoleInfo.java:shutdownFollowerState(121)) - be053fe7-daa4-4335-a0a6-d036739a6273: shutdown FollowerState
2019-08-20 17:31:27,735 [Thread-3610] INFO  impl.RaftServerImpl (RaftServerImpl.java:setRole(171)) - be053fe7-daa4-4335-a0a6-d036739a6273:group-201551AF80AB changes role from FOLLOWER to CANDIDATE at term 3 for changeToCandidate
2019-08-20 17:31:27,735 [Thread-3610] INFO  impl.RoleInfo (RoleInfo.java:updateAndGet(143)) - be053fe7-daa4-4335-a0a6-d036739a6273: start LeaderElection
2019-08-20 17:31:27,752 [be053fe7-daa4-4335-a0a6-d036739a6273:group-201551AF80AB:LeaderElection66] INFO  impl.LeaderElection (LeaderElection.java:askForVotes(181)) - be053fe7-daa4-4335-a0a6-d036739a6273:group-201551AF80AB:LeaderElection66: begin an election at term 4 for 17: [1995104d-c8de-4475-a574-4c6ff65d896e:192.168.5.168:36430, 6c4a6901-b690-4e6e-9f9b-d426bfd0501b:192.168.5.168:43721, be053fe7-daa4-4335-a0a6-d036739a6273:192.168.5.168:46280], old=null
2019-08-20 17:31:27,753 [be053fe7-daa4-4335-a0a6-d036739a6273:group-201551AF80AB:LeaderElection66] INFO  impl.LeaderElection (LogUtils.java:infoOrTrace(149)) - be053fe7-daa4-4335-a0a6-d036739a6273:group-201551AF80AB:LeaderElection66 got exception when requesting votes: {}
java.util.concurrent.ExecutionException: org.apache.ratis.thirdparty.io.grpc.StatusRuntimeException: UNAVAILABLE: io exception
	at java.util.concurrent.FutureTask.report(FutureTask.java:122)
	at java.util.concurrent.FutureTask.get(FutureTask.java:192)
	at org.apache.ratis.server.impl.LeaderElection.waitForResults(LeaderElection.java:262)
	at org.apache.ratis.server.impl.LeaderElection.askForVotes(LeaderElection.java:200)
	at org.apache.ratis.server.impl.LeaderElection.run(LeaderElection.java:130)
	at java.lang.Thread.run(Thread.java:748)
Caused by: org.apache.ratis.thirdparty.io.grpc.StatusRuntimeException: UNAVAILABLE: io exception
	at org.apache.ratis.thirdparty.io.grpc.stub.ClientCalls.toStatusRuntimeException(ClientCalls.java:233)
	at org.apache.ratis.thirdparty.io.grpc.stub.ClientCalls.getUnchecked(ClientCalls.java:214)
	at org.apache.ratis.thirdparty.io.grpc.stub.ClientCalls.blockingUnaryCall(ClientCalls.java:139)
	at org.apache.ratis.proto.grpc.RaftServerProtocolServiceGrpc$RaftServerProtocolServiceBlockingStub.requestVote(RaftServerProtocolServiceGrpc.java:265)
	at org.apache.ratis.grpc.server.GrpcServerProtocolClient.requestVote(GrpcServerProtocolClient.java:83)
	at org.apache.ratis.grpc.server.GrpcService.requestVote(GrpcService.java:195)
	at org.apache.ratis.server.impl.LeaderElection.lambda$submitRequests$1(LeaderElection.java:237)
	at java.util.concurrent.FutureTask.run(FutureTask.java:266)
	at java.util.concurrent.Executors$RunnableAdapter.call(Executors.java:511)
	at java.util.concurrent.FutureTask.run(FutureTask.java:266)
	at java.util.concurrent.ThreadPoolExecutor.runWorker(ThreadPoolExecutor.java:1149)
	at java.util.concurrent.ThreadPoolExecutor$Worker.run(ThreadPoolExecutor.java:624)
	... 1 more
Caused by: org.apache.ratis.thirdparty.io.netty.channel.AbstractChannel$AnnotatedConnectException: Connection refused: /192.168.5.168:36430
	at sun.nio.ch.SocketChannelImpl.checkConnect(Native Method)
	at sun.nio.ch.SocketChannelImpl.finishConnect(SocketChannelImpl.java:717)
	at org.apache.ratis.thirdparty.io.netty.channel.socket.nio.NioSocketChannel.doFinishConnect(NioSocketChannel.java:327)
	at org.apache.ratis.thirdparty.io.netty.channel.nio.AbstractNioChannel$AbstractNioUnsafe.finishConnect(AbstractNioChannel.java:340)
	at org.apache.ratis.thirdparty.io.netty.channel.nio.NioEventLoop.processSelectedKey(NioEventLoop.java:632)
	at org.apache.ratis.thirdparty.io.netty.channel.nio.NioEventLoop.processSelectedKeysOptimized(NioEventLoop.java:579)
	at org.apache.ratis.thirdparty.io.netty.channel.nio.NioEventLoop.processSelectedKeys(NioEventLoop.java:496)
	at org.apache.ratis.thirdparty.io.netty.channel.nio.NioEventLoop.run(NioEventLoop.java:458)
	at org.apache.ratis.thirdparty.io.netty.util.concurrent.SingleThreadEventExecutor$5.run(SingleThreadEventExecutor.java:897)
	at org.apache.ratis.thirdparty.io.netty.util.concurrent.FastThreadLocalRunnable.run(FastThreadLocalRunnable.java:30)
	... 1 more
Caused by: java.net.ConnectException: Connection refused
	... 11 more
2019-08-20 17:31:27,755 [be053fe7-daa4-4335-a0a6-d036739a6273:group-201551AF80AB:LeaderElection66] INFO  impl.LeaderElection (LogUtils.java:infoOrTrace(149)) - be053fe7-daa4-4335-a0a6-d036739a6273:group-201551AF80AB:LeaderElection66 got exception when requesting votes: {}
java.util.concurrent.ExecutionException: org.apache.ratis.thirdparty.io.grpc.StatusRuntimeException: UNAVAILABLE: io exception
	at java.util.concurrent.FutureTask.report(FutureTask.java:122)
	at java.util.concurrent.FutureTask.get(FutureTask.java:192)
	at org.apache.ratis.server.impl.LeaderElection.waitForResults(LeaderElection.java:262)
	at org.apache.ratis.server.impl.LeaderElection.askForVotes(LeaderElection.java:200)
	at org.apache.ratis.server.impl.LeaderElection.run(LeaderElection.java:130)
	at java.lang.Thread.run(Thread.java:748)
Caused by: org.apache.ratis.thirdparty.io.grpc.StatusRuntimeException: UNAVAILABLE: io exception
	at org.apache.ratis.thirdparty.io.grpc.stub.ClientCalls.toStatusRuntimeException(ClientCalls.java:233)
	at org.apache.ratis.thirdparty.io.grpc.stub.ClientCalls.getUnchecked(ClientCalls.java:214)
	at org.apache.ratis.thirdparty.io.grpc.stub.ClientCalls.blockingUnaryCall(ClientCalls.java:139)
	at org.apache.ratis.proto.grpc.RaftServerProtocolServiceGrpc$RaftServerProtocolServiceBlockingStub.requestVote(RaftServerProtocolServiceGrpc.java:265)
	at org.apache.ratis.grpc.server.GrpcServerProtocolClient.requestVote(GrpcServerProtocolClient.java:83)
	at org.apache.ratis.grpc.server.GrpcService.requestVote(GrpcService.java:195)
	at org.apache.ratis.server.impl.LeaderElection.lambda$submitRequests$1(LeaderElection.java:237)
	at java.util.concurrent.FutureTask.run(FutureTask.java:266)
	at java.util.concurrent.Executors$RunnableAdapter.call(Executors.java:511)
	at java.util.concurrent.FutureTask.run(FutureTask.java:266)
	at java.util.concurrent.ThreadPoolExecutor.runWorker(ThreadPoolExecutor.java:1149)
	at java.util.concurrent.ThreadPoolExecutor$Worker.run(ThreadPoolExecutor.java:624)
	... 1 more
Caused by: org.apache.ratis.thirdparty.io.netty.channel.AbstractChannel$AnnotatedConnectException: Connection refused: /192.168.5.168:43721
	at sun.nio.ch.SocketChannelImpl.checkConnect(Native Method)
	at sun.nio.ch.SocketChannelImpl.finishConnect(SocketChannelImpl.java:717)
	at org.apache.ratis.thirdparty.io.netty.channel.socket.nio.NioSocketChannel.doFinishConnect(NioSocketChannel.java:327)
	at org.apache.ratis.thirdparty.io.netty.channel.nio.AbstractNioChannel$AbstractNioUnsafe.finishConnect(AbstractNioChannel.java:340)
	at org.apache.ratis.thirdparty.io.netty.channel.nio.NioEventLoop.processSelectedKey(NioEventLoop.java:632)
	at org.apache.ratis.thirdparty.io.netty.channel.nio.NioEventLoop.processSelectedKeysOptimized(NioEventLoop.java:579)
	at org.apache.ratis.thirdparty.io.netty.channel.nio.NioEventLoop.processSelectedKeys(NioEventLoop.java:496)
	at org.apache.ratis.thirdparty.io.netty.channel.nio.NioEventLoop.run(NioEventLoop.java:458)
	at org.apache.ratis.thirdparty.io.netty.util.concurrent.SingleThreadEventExecutor$5.run(SingleThreadEventExecutor.java:897)
	at org.apache.ratis.thirdparty.io.netty.util.concurrent.FastThreadLocalRunnable.run(FastThreadLocalRunnable.java:30)
	... 1 more
Caused by: java.net.ConnectException: Connection refused
	... 11 more
2019-08-20 17:31:27,765 [be053fe7-daa4-4335-a0a6-d036739a6273:group-201551AF80AB:LeaderElection66] INFO  impl.LeaderElection (LeaderElection.java:logAndReturn(56)) - be053fe7-daa4-4335-a0a6-d036739a6273:group-201551AF80AB:LeaderElection66: Election REJECTED; received 0 response(s) [] and 2 exception(s); be053fe7-daa4-4335-a0a6-d036739a6273:t4, leader=null, voted=be053fe7-daa4-4335-a0a6-d036739a6273, raftlog=be053fe7-daa4-4335-a0a6-d036739a6273-SegmentedRaftLog:OPENED:c18,f18,i18, conf=17: [1995104d-c8de-4475-a574-4c6ff65d896e:192.168.5.168:36430, 6c4a6901-b690-4e6e-9f9b-d426bfd0501b:192.168.5.168:43721, be053fe7-daa4-4335-a0a6-d036739a6273:192.168.5.168:46280], old=null
2019-08-20 17:31:27,765 [be053fe7-daa4-4335-a0a6-d036739a6273:group-201551AF80AB:LeaderElection66] INFO  impl.LeaderElection (LogUtils.java:infoOrTrace(149)) -   Exception 0: {}
java.util.concurrent.ExecutionException: org.apache.ratis.thirdparty.io.grpc.StatusRuntimeException: UNAVAILABLE: io exception
	at java.util.concurrent.FutureTask.report(FutureTask.java:122)
	at java.util.concurrent.FutureTask.get(FutureTask.java:192)
	at org.apache.ratis.server.impl.LeaderElection.waitForResults(LeaderElection.java:262)
	at org.apache.ratis.server.impl.LeaderElection.askForVotes(LeaderElection.java:200)
	at org.apache.ratis.server.impl.LeaderElection.run(LeaderElection.java:130)
	at java.lang.Thread.run(Thread.java:748)
Caused by: org.apache.ratis.thirdparty.io.grpc.StatusRuntimeException: UNAVAILABLE: io exception
	at org.apache.ratis.thirdparty.io.grpc.stub.ClientCalls.toStatusRuntimeException(ClientCalls.java:233)
	at org.apache.ratis.thirdparty.io.grpc.stub.ClientCalls.getUnchecked(ClientCalls.java:214)
	at org.apache.ratis.thirdparty.io.grpc.stub.ClientCalls.blockingUnaryCall(ClientCalls.java:139)
	at org.apache.ratis.proto.grpc.RaftServerProtocolServiceGrpc$RaftServerProtocolServiceBlockingStub.requestVote(RaftServerProtocolServiceGrpc.java:265)
	at org.apache.ratis.grpc.server.GrpcServerProtocolClient.requestVote(GrpcServerProtocolClient.java:83)
	at org.apache.ratis.grpc.server.GrpcService.requestVote(GrpcService.java:195)
	at org.apache.ratis.server.impl.LeaderElection.lambda$submitRequests$1(LeaderElection.java:237)
	at java.util.concurrent.FutureTask.run(FutureTask.java:266)
	at java.util.concurrent.Executors$RunnableAdapter.call(Executors.java:511)
	at java.util.concurrent.FutureTask.run(FutureTask.java:266)
	at java.util.concurrent.ThreadPoolExecutor.runWorker(ThreadPoolExecutor.java:1149)
	at java.util.concurrent.ThreadPoolExecutor$Worker.run(ThreadPoolExecutor.java:624)
	... 1 more
Caused by: org.apache.ratis.thirdparty.io.netty.channel.AbstractChannel$AnnotatedConnectException: Connection refused: /192.168.5.168:36430
	at sun.nio.ch.SocketChannelImpl.checkConnect(Native Method)
	at sun.nio.ch.SocketChannelImpl.finishConnect(SocketChannelImpl.java:717)
	at org.apache.ratis.thirdparty.io.netty.channel.socket.nio.NioSocketChannel.doFinishConnect(NioSocketChannel.java:327)
	at org.apache.ratis.thirdparty.io.netty.channel.nio.AbstractNioChannel$AbstractNioUnsafe.finishConnect(AbstractNioChannel.java:340)
	at org.apache.ratis.thirdparty.io.netty.channel.nio.NioEventLoop.processSelectedKey(NioEventLoop.java:632)
	at org.apache.ratis.thirdparty.io.netty.channel.nio.NioEventLoop.processSelectedKeysOptimized(NioEventLoop.java:579)
	at org.apache.ratis.thirdparty.io.netty.channel.nio.NioEventLoop.processSelectedKeys(NioEventLoop.java:496)
	at org.apache.ratis.thirdparty.io.netty.channel.nio.NioEventLoop.run(NioEventLoop.java:458)
	at org.apache.ratis.thirdparty.io.netty.util.concurrent.SingleThreadEventExecutor$5.run(SingleThreadEventExecutor.java:897)
	at org.apache.ratis.thirdparty.io.netty.util.concurrent.FastThreadLocalRunnable.run(FastThreadLocalRunnable.java:30)
	... 1 more
Caused by: java.net.ConnectException: Connection refused
	... 11 more
2019-08-20 17:31:27,765 [be053fe7-daa4-4335-a0a6-d036739a6273:group-201551AF80AB:LeaderElection66] INFO  impl.LeaderElection (LogUtils.java:infoOrTrace(149)) -   Exception 1: {}
java.util.concurrent.ExecutionException: org.apache.ratis.thirdparty.io.grpc.StatusRuntimeException: UNAVAILABLE: io exception
	at java.util.concurrent.FutureTask.report(FutureTask.java:122)
	at java.util.concurrent.FutureTask.get(FutureTask.java:192)
	at org.apache.ratis.server.impl.LeaderElection.waitForResults(LeaderElection.java:262)
	at org.apache.ratis.server.impl.LeaderElection.askForVotes(LeaderElection.java:200)
	at org.apache.ratis.server.impl.LeaderElection.run(LeaderElection.java:130)
	at java.lang.Thread.run(Thread.java:748)
Caused by: org.apache.ratis.thirdparty.io.grpc.StatusRuntimeException: UNAVAILABLE: io exception
	at org.apache.ratis.thirdparty.io.grpc.stub.ClientCalls.toStatusRuntimeException(ClientCalls.java:233)
	at org.apache.ratis.thirdparty.io.grpc.stub.ClientCalls.getUnchecked(ClientCalls.java:214)
	at org.apache.ratis.thirdparty.io.grpc.stub.ClientCalls.blockingUnaryCall(ClientCalls.java:139)
	at org.apache.ratis.proto.grpc.RaftServerProtocolServiceGrpc$RaftServerProtocolServiceBlockingStub.requestVote(RaftServerProtocolServiceGrpc.java:265)
	at org.apache.ratis.grpc.server.GrpcServerProtocolClient.requestVote(GrpcServerProtocolClient.java:83)
	at org.apache.ratis.grpc.server.GrpcService.requestVote(GrpcService.java:195)
	at org.apache.ratis.server.impl.LeaderElection.lambda$submitRequests$1(LeaderElection.java:237)
	at java.util.concurrent.FutureTask.run(FutureTask.java:266)
	at java.util.concurrent.Executors$RunnableAdapter.call(Executors.java:511)
	at java.util.concurrent.FutureTask.run(FutureTask.java:266)
	at java.util.concurrent.ThreadPoolExecutor.runWorker(ThreadPoolExecutor.java:1149)
	at java.util.concurrent.ThreadPoolExecutor$Worker.run(ThreadPoolExecutor.java:624)
	... 1 more
Caused by: org.apache.ratis.thirdparty.io.netty.channel.AbstractChannel$AnnotatedConnectException: Connection refused: /192.168.5.168:43721
	at sun.nio.ch.SocketChannelImpl.checkConnect(Native Method)
	at sun.nio.ch.SocketChannelImpl.finishConnect(SocketChannelImpl.java:717)
	at org.apache.ratis.thirdparty.io.netty.channel.socket.nio.NioSocketChannel.doFinishConnect(NioSocketChannel.java:327)
	at org.apache.ratis.thirdparty.io.netty.channel.nio.AbstractNioChannel$AbstractNioUnsafe.finishConnect(AbstractNioChannel.java:340)
	at org.apache.ratis.thirdparty.io.netty.channel.nio.NioEventLoop.processSelectedKey(NioEventLoop.java:632)
	at org.apache.ratis.thirdparty.io.netty.channel.nio.NioEventLoop.processSelectedKeysOptimized(NioEventLoop.java:579)
	at org.apache.ratis.thirdparty.io.netty.channel.nio.NioEventLoop.processSelectedKeys(NioEventLoop.java:496)
	at org.apache.ratis.thirdparty.io.netty.channel.nio.NioEventLoop.run(NioEventLoop.java:458)
	at org.apache.ratis.thirdparty.io.netty.util.concurrent.SingleThreadEventExecutor$5.run(SingleThreadEventExecutor.java:897)
	at org.apache.ratis.thirdparty.io.netty.util.concurrent.FastThreadLocalRunnable.run(FastThreadLocalRunnable.java:30)
	... 1 more
Caused by: java.net.ConnectException: Connection refused
	... 11 more
2019-08-20 17:31:27,765 [be053fe7-daa4-4335-a0a6-d036739a6273:group-201551AF80AB:LeaderElection66] INFO  impl.RaftServerImpl (RaftServerImpl.java:setRole(171)) - be053fe7-daa4-4335-a0a6-d036739a6273:group-201551AF80AB changes role from CANDIDATE to FOLLOWER at term 4 for DISCOVERED_A_NEW_TERM
2019-08-20 17:31:27,765 [be053fe7-daa4-4335-a0a6-d036739a6273:group-201551AF80AB:LeaderElection66] INFO  impl.RoleInfo (RoleInfo.java:shutdownLeaderElection(134)) - be053fe7-daa4-4335-a0a6-d036739a6273: shutdown LeaderElection
2019-08-20 17:31:27,766 [be053fe7-daa4-4335-a0a6-d036739a6273:group-201551AF80AB:LeaderElection66] INFO  impl.RoleInfo (RoleInfo.java:updateAndGet(143)) - be053fe7-daa4-4335-a0a6-d036739a6273: start FollowerState
2019-08-20 17:31:29,051 [EventQueue-StaleNodeForStaleNodeHandler] INFO  node.StaleNodeHandler (StaleNodeHandler.java:onMessage(58)) - Datanode 22376942-19b4-4255-bdb4-c51c782b6438{ip: 192.168.5.168, host: pr-hdds-1927-28fzr-1052167450, networkLocation: /default-rack, certSerialId: null} moved to stale state. Finalizing its pipelines [PipelineID=70a92448-5539-417e-929c-cd7ef95b6f57, PipelineID=9851c3d2-2219-4d9e-8426-965af072d4a4]
2019-08-20 17:31:29,052 [EventQueue-StaleNodeForStaleNodeHandler] INFO  pipeline.SCMPipelineManager (SCMPipelineManager.java:finalizeAndDestroyPipeline(309)) - destroying pipeline:Pipeline[ Id: 70a92448-5539-417e-929c-cd7ef95b6f57, Nodes: 22376942-19b4-4255-bdb4-c51c782b6438{ip: 192.168.5.168, host: pr-hdds-1927-28fzr-1052167450, networkLocation: /default-rack, certSerialId: null}, Type:RATIS, Factor:ONE, State:OPEN]
2019-08-20 17:31:29,052 [EventQueue-StaleNodeForStaleNodeHandler] INFO  pipeline.PipelineStateManager (PipelineStateManager.java:finalizePipeline(123)) - Pipeline Pipeline[ Id: 70a92448-5539-417e-929c-cd7ef95b6f57, Nodes: 22376942-19b4-4255-bdb4-c51c782b6438{ip: 192.168.5.168, host: pr-hdds-1927-28fzr-1052167450, networkLocation: /default-rack, certSerialId: null}, Type:RATIS, Factor:ONE, State:CLOSED] moved to CLOSED state
2019-08-20 17:31:29,052 [EventQueue-StaleNodeForStaleNodeHandler] INFO  pipeline.SCMPipelineManager (SCMPipelineManager.java:finalizeAndDestroyPipeline(309)) - destroying pipeline:Pipeline[ Id: 9851c3d2-2219-4d9e-8426-965af072d4a4, Nodes: 868c4038-48e0-4158-9c2b-9080e3500686{ip: 192.168.5.168, host: pr-hdds-1927-28fzr-1052167450, networkLocation: /default-rack, certSerialId: null}9d32e657-27b9-4d89-b8c3-3e7cbe4e0bae{ip: 192.168.5.168, host: pr-hdds-1927-28fzr-1052167450, networkLocation: /default-rack, certSerialId: null}22376942-19b4-4255-bdb4-c51c782b6438{ip: 192.168.5.168, host: pr-hdds-1927-28fzr-1052167450, networkLocation: /default-rack, certSerialId: null}, Type:RATIS, Factor:THREE, State:CLOSED]
2019-08-20 17:31:29,352 [EventQueue-StaleNodeForStaleNodeHandler] INFO  node.StaleNodeHandler (StaleNodeHandler.java:onMessage(58)) - Datanode be053fe7-daa4-4335-a0a6-d036739a6273{ip: 192.168.5.168, host: pr-hdds-1927-28fzr-1052167450, networkLocation: /default-rack, certSerialId: null} moved to stale state. Finalizing its pipelines [PipelineID=3fdbefe7-45a7-4892-82a8-201551af80ab, PipelineID=c0259ad1-3816-4bc4-ada2-8c7e0e694b1e]
2019-08-20 17:31:29,352 [EventQueue-StaleNodeForStaleNodeHandler] INFO  pipeline.SCMPipelineManager (SCMPipelineManager.java:finalizeAndDestroyPipeline(309)) - destroying pipeline:Pipeline[ Id: 3fdbefe7-45a7-4892-82a8-201551af80ab, Nodes: 6c4a6901-b690-4e6e-9f9b-d426bfd0501b{ip: 192.168.5.168, host: pr-hdds-1927-28fzr-1052167450, networkLocation: /default-rack, certSerialId: null}be053fe7-daa4-4335-a0a6-d036739a6273{ip: 192.168.5.168, host: pr-hdds-1927-28fzr-1052167450, networkLocation: /default-rack, certSerialId: null}1995104d-c8de-4475-a574-4c6ff65d896e{ip: 192.168.5.168, host: pr-hdds-1927-28fzr-1052167450, networkLocation: /default-rack, certSerialId: null}, Type:RATIS, Factor:THREE, State:CLOSED]
2019-08-20 17:31:29,352 [EventQueue-StaleNodeForStaleNodeHandler] INFO  pipeline.SCMPipelineManager (SCMPipelineManager.java:finalizeAndDestroyPipeline(309)) - destroying pipeline:Pipeline[ Id: c0259ad1-3816-4bc4-ada2-8c7e0e694b1e, Nodes: be053fe7-daa4-4335-a0a6-d036739a6273{ip: 192.168.5.168, host: pr-hdds-1927-28fzr-1052167450, networkLocation: /default-rack, certSerialId: null}, Type:RATIS, Factor:ONE, State:OPEN]
2019-08-20 17:31:29,353 [EventQueue-StaleNodeForStaleNodeHandler] INFO  pipeline.PipelineStateManager (PipelineStateManager.java:finalizePipeline(123)) - Pipeline Pipeline[ Id: c0259ad1-3816-4bc4-ada2-8c7e0e694b1e, Nodes: be053fe7-daa4-4335-a0a6-d036739a6273{ip: 192.168.5.168, host: pr-hdds-1927-28fzr-1052167450, networkLocation: /default-rack, certSerialId: null}, Type:RATIS, Factor:ONE, State:CLOSED] moved to CLOSED state
2019-08-20 17:31:29,452 [main] INFO  ozoneimpl.OzoneContainer (OzoneContainer.java:stop(199)) - Attempting to stop container services.
2019-08-20 17:31:29,452 [main] INFO  impl.RaftServerProxy (RaftServerProxy.java:lambda$close$4(314)) - be053fe7-daa4-4335-a0a6-d036739a6273: close
2019-08-20 17:31:29,453 [main] INFO  impl.RaftServerImpl (RaftServerImpl.java:lambda$shutdown$3(245)) - be053fe7-daa4-4335-a0a6-d036739a6273: shutdown group-201551AF80AB
2019-08-20 17:31:29,453 [main] INFO  util.JmxRegister (JmxRegister.java:unregister(73)) - Successfully un-registered JMX Bean with object name Ratis:service=RaftServer,group=group-201551AF80AB,id=be053fe7-daa4-4335-a0a6-d036739a6273
2019-08-20 17:31:29,453 [main] INFO  impl.RoleInfo (RoleInfo.java:shutdownFollowerState(121)) - be053fe7-daa4-4335-a0a6-d036739a6273: shutdown FollowerState
2019-08-20 17:31:29,453 [main] INFO  impl.StateMachineUpdater (StateMachineUpdater.java:stopAndJoin(115)) - StateMachineUpdater:be053fe7-daa4-4335-a0a6-d036739a6273:group-201551AF80AB: set stopIndex = 18
2019-08-20 17:31:29,454 [Thread-3619] INFO  impl.FollowerState (FollowerState.java:run(114)) - be053fe7-daa4-4335-a0a6-d036739a6273: FollowerState was interrupted: java.lang.InterruptedException: sleep interrupted
2019-08-20 17:31:29,454 [StateMachineUpdater:be053fe7-daa4-4335-a0a6-d036739a6273:group-201551AF80AB] INFO  ratis.ContainerStateMachine (ContainerStateMachine.java:takeSnapshot(271)) - group-201551AF80AB: Taking a snapshot at:(t:1, i:14) file /workdir/hadoop-ozone/integration-test/target/test-dir/MiniOzoneClusterImpl-7c4d8f4b-6ef9-4f83-95e6-46f70b8176c5/datanode-5/data/ratis/3fdbefe7-45a7-4892-82a8-201551af80ab/sm/snapshot.1_14
2019-08-20 17:31:29,479 [ForkJoinPool.commonPool-worker-0] INFO  ozoneimpl.OzoneContainer (OzoneContainer.java:stop(199)) - Attempting to stop container services.
2019-08-20 17:31:29,480 [ForkJoinPool.commonPool-worker-0] INFO  impl.RaftServerProxy (RaftServerProxy.java:lambda$close$4(314)) - 22376942-19b4-4255-bdb4-c51c782b6438: close
2019-08-20 17:31:29,480 [ForkJoinPool.commonPool-worker-0] INFO  impl.RaftServerImpl (RaftServerImpl.java:lambda$shutdown$3(245)) - 22376942-19b4-4255-bdb4-c51c782b6438: shutdown group-CD7EF95B6F57
2019-08-20 17:31:29,480 [ForkJoinPool.commonPool-worker-0] INFO  util.JmxRegister (JmxRegister.java:unregister(73)) - Successfully un-registered JMX Bean with object name Ratis:service=RaftServer,group=group-CD7EF95B6F57,id=22376942-19b4-4255-bdb4-c51c782b6438
2019-08-20 17:31:29,481 [ForkJoinPool.commonPool-worker-0] INFO  impl.RoleInfo (RoleInfo.java:shutdownLeaderState(104)) - 22376942-19b4-4255-bdb4-c51c782b6438: shutdown LeaderState
2019-08-20 17:31:29,481 [ForkJoinPool.commonPool-worker-0] INFO  impl.PendingRequests (PendingRequests.java:sendNotLeaderResponses(202)) - 22376942-19b4-4255-bdb4-c51c782b6438-PendingRequests: sendNotLeaderResponses
2019-08-20 17:31:29,481 [ForkJoinPool.commonPool-worker-0] INFO  impl.StateMachineUpdater (StateMachineUpdater.java:stopAndJoin(115)) - StateMachineUpdater:22376942-19b4-4255-bdb4-c51c782b6438:group-CD7EF95B6F57: set stopIndex = 0
2019-08-20 17:31:29,482 [ForkJoinPool.commonPool-worker-0] INFO  impl.RaftServerImpl (ServerState.java:close(394)) - 22376942-19b4-4255-bdb4-c51c782b6438:group-CD7EF95B6F57 closes. The last applied log index is 0
2019-08-20 17:31:29,482 [22376942-19b4-4255-bdb4-c51c782b6438-SegmentedRaftLogWorker:Storage Directory /workdir/hadoop-ozone/integration-test/target/test-dir/MiniOzoneClusterImpl-7c4d8f4b-6ef9-4f83-95e6-46f70b8176c5/datanode-0/data/ratis/70a92448-5539-417e-929c-cd7ef95b6f57] INFO  segmented.SegmentedRaftLogWorker (SegmentedRaftLogWorker.java:run(313)) - 22376942-19b4-4255-bdb4-c51c782b6438-SegmentedRaftLogWorker:Storage Directory /workdir/hadoop-ozone/integration-test/target/test-dir/MiniOzoneClusterImpl-7c4d8f4b-6ef9-4f83-95e6-46f70b8176c5/datanode-0/data/ratis/70a92448-5539-417e-929c-cd7ef95b6f57 was interrupted, exiting. There are 0 tasks remaining in the queue.
2019-08-20 17:31:29,487 [StateMachineUpdater:be053fe7-daa4-4335-a0a6-d036739a6273:group-201551AF80AB] INFO  ratis.ContainerStateMachine (ContainerStateMachine.java:takeSnapshot(282)) - group-201551AF80AB: Finished taking a snapshot at:(t:1, i:14) file:/workdir/hadoop-ozone/integration-test/target/test-dir/MiniOzoneClusterImpl-7c4d8f4b-6ef9-4f83-95e6-46f70b8176c5/datanode-5/data/ratis/3fdbefe7-45a7-4892-82a8-201551af80ab/sm/snapshot.1_14 time:34
2019-08-20 17:31:29,487 [StateMachineUpdater:be053fe7-daa4-4335-a0a6-d036739a6273:group-201551AF80AB] INFO  impl.StateMachineUpdater (StateMachineUpdater.java:takeSnapshot(242)) - StateMachineUpdater:be053fe7-daa4-4335-a0a6-d036739a6273:group-201551AF80AB: Took a snapshot at index 14
2019-08-20 17:31:29,487 [ForkJoinPool.commonPool-worker-0] INFO  segmented.SegmentedRaftLogWorker (SegmentedRaftLogWorker.java:close(228)) - 22376942-19b4-4255-bdb4-c51c782b6438-SegmentedRaftLogWorker:Storage Directory /workdir/hadoop-ozone/integration-test/target/test-dir/MiniOzoneClusterImpl-7c4d8f4b-6ef9-4f83-95e6-46f70b8176c5/datanode-0/data/ratis/70a92448-5539-417e-929c-cd7ef95b6f57 close()
2019-08-20 17:31:29,487 [StateMachineUpdater:be053fe7-daa4-4335-a0a6-d036739a6273:group-201551AF80AB] INFO  impl.StateMachineUpdater (StateMachineUpdater.java:lambda$new$0(80)) - StateMachineUpdater:be053fe7-daa4-4335-a0a6-d036739a6273:group-201551AF80AB: snapshotIndex: updateIncreasingly -1 -> 14
2019-08-20 17:31:29,489 [ForkJoinPool.commonPool-worker-0] INFO  impl.RaftServerImpl (RaftServerImpl.java:lambda$shutdown$3(245)) - 22376942-19b4-4255-bdb4-c51c782b6438: shutdown group-965AF072D4A4
2019-08-20 17:31:29,489 [main] INFO  impl.RaftServerImpl (ServerState.java:close(394)) - be053fe7-daa4-4335-a0a6-d036739a6273:group-201551AF80AB closes. The last applied log index is 18
2019-08-20 17:31:29,489 [ForkJoinPool.commonPool-worker-0] INFO  util.JmxRegister (JmxRegister.java:unregister(73)) - Successfully un-registered JMX Bean with object name Ratis:service=RaftServer,group=group-965AF072D4A4,id=22376942-19b4-4255-bdb4-c51c782b6438
2019-08-20 17:31:29,490 [be053fe7-daa4-4335-a0a6-d036739a6273-SegmentedRaftLogWorker:Storage Directory /workdir/hadoop-ozone/integration-test/target/test-dir/MiniOzoneClusterImpl-7c4d8f4b-6ef9-4f83-95e6-46f70b8176c5/datanode-5/data/ratis/3fdbefe7-45a7-4892-82a8-201551af80ab] INFO  segmented.SegmentedRaftLogWorker (SegmentedRaftLogWorker.java:run(313)) - be053fe7-daa4-4335-a0a6-d036739a6273-SegmentedRaftLogWorker:Storage Directory /workdir/hadoop-ozone/integration-test/target/test-dir/MiniOzoneClusterImpl-7c4d8f4b-6ef9-4f83-95e6-46f70b8176c5/datanode-5/data/ratis/3fdbefe7-45a7-4892-82a8-201551af80ab was interrupted, exiting. There are 0 tasks remaining in the queue.
2019-08-20 17:31:29,490 [ForkJoinPool.commonPool-worker-0] INFO  impl.RoleInfo (RoleInfo.java:shutdownFollowerState(121)) - 22376942-19b4-4255-bdb4-c51c782b6438: shutdown FollowerState
2019-08-20 17:31:29,490 [main] INFO  segmented.SegmentedRaftLogWorker (SegmentedRaftLogWorker.java:close(228)) - be053fe7-daa4-4335-a0a6-d036739a6273-SegmentedRaftLogWorker:Storage Directory /workdir/hadoop-ozone/integration-test/target/test-dir/MiniOzoneClusterImpl-7c4d8f4b-6ef9-4f83-95e6-46f70b8176c5/datanode-5/data/ratis/3fdbefe7-45a7-4892-82a8-201551af80ab close()
2019-08-20 17:31:29,490 [StateMachineUpdater:22376942-19b4-4255-bdb4-c51c782b6438:group-965AF072D4A4] INFO  ratis.ContainerStateMachine (ContainerStateMachine.java:takeSnapshot(271)) - group-965AF072D4A4: Taking a snapshot at:(t:1, i:14) file /workdir/hadoop-ozone/integration-test/target/test-dir/MiniOzoneClusterImpl-7c4d8f4b-6ef9-4f83-95e6-46f70b8176c5/datanode-0/data/ratis/9851c3d2-2219-4d9e-8426-965af072d4a4/sm/snapshot.1_14
2019-08-20 17:31:29,490 [Thread-3615] INFO  impl.FollowerState (FollowerState.java:run(114)) - 22376942-19b4-4255-bdb4-c51c782b6438: FollowerState was interrupted: java.lang.InterruptedException: sleep interrupted
2019-08-20 17:31:29,490 [ForkJoinPool.commonPool-worker-0] INFO  impl.StateMachineUpdater (StateMachineUpdater.java:stopAndJoin(115)) - StateMachineUpdater:22376942-19b4-4255-bdb4-c51c782b6438:group-965AF072D4A4: set stopIndex = 16
2019-08-20 17:31:29,492 [main] INFO  impl.RaftServerImpl (RaftServerImpl.java:lambda$shutdown$3(245)) - be053fe7-daa4-4335-a0a6-d036739a6273: shutdown group-8C7E0E694B1E
2019-08-20 17:31:29,493 [main] INFO  util.JmxRegister (JmxRegister.java:unregister(73)) - Successfully un-registered JMX Bean with object name Ratis:service=RaftServer,group=group-8C7E0E694B1E,id=be053fe7-daa4-4335-a0a6-d036739a6273
2019-08-20 17:31:29,494 [main] INFO  impl.RoleInfo (RoleInfo.java:shutdownLeaderState(104)) - be053fe7-daa4-4335-a0a6-d036739a6273: shutdown LeaderState
2019-08-20 17:31:29,494 [main] INFO  impl.PendingRequests (PendingRequests.java:sendNotLeaderResponses(202)) - be053fe7-daa4-4335-a0a6-d036739a6273-PendingRequests: sendNotLeaderResponses
2019-08-20 17:31:29,494 [main] INFO  impl.StateMachineUpdater (StateMachineUpdater.java:stopAndJoin(115)) - StateMachineUpdater:be053fe7-daa4-4335-a0a6-d036739a6273:group-8C7E0E694B1E: set stopIndex = 0
2019-08-20 17:31:29,495 [main] INFO  impl.RaftServerImpl (ServerState.java:close(394)) - be053fe7-daa4-4335-a0a6-d036739a6273:group-8C7E0E694B1E closes. The last applied log index is 0
2019-08-20 17:31:29,495 [be053fe7-daa4-4335-a0a6-d036739a6273-SegmentedRaftLogWorker:Storage Directory /workdir/hadoop-ozone/integration-test/target/test-dir/MiniOzoneClusterImpl-7c4d8f4b-6ef9-4f83-95e6-46f70b8176c5/datanode-5/data/ratis/c0259ad1-3816-4bc4-ada2-8c7e0e694b1e] INFO  segmented.SegmentedRaftLogWorker (SegmentedRaftLogWorker.java:run(313)) - be053fe7-daa4-4335-a0a6-d036739a6273-SegmentedRaftLogWorker:Storage Directory /workdir/hadoop-ozone/integration-test/target/test-dir/MiniOzoneClusterImpl-7c4d8f4b-6ef9-4f83-95e6-46f70b8176c5/datanode-5/data/ratis/c0259ad1-3816-4bc4-ada2-8c7e0e694b1e was interrupted, exiting. There are 0 tasks remaining in the queue.
2019-08-20 17:31:29,496 [main] INFO  segmented.SegmentedRaftLogWorker (SegmentedRaftLogWorker.java:close(228)) - be053fe7-daa4-4335-a0a6-d036739a6273-SegmentedRaftLogWorker:Storage Directory /workdir/hadoop-ozone/integration-test/target/test-dir/MiniOzoneClusterImpl-7c4d8f4b-6ef9-4f83-95e6-46f70b8176c5/datanode-5/data/ratis/c0259ad1-3816-4bc4-ada2-8c7e0e694b1e close()
2019-08-20 17:31:29,497 [main] INFO  server.GrpcService (GrpcService.java:closeImpl(155)) - be053fe7-daa4-4335-a0a6-d036739a6273: shutdown server with port 46280 now
2019-08-20 17:31:29,498 [main] INFO  server.GrpcService (GrpcService.java:closeImpl(163)) - be053fe7-daa4-4335-a0a6-d036739a6273: shutdown server with port 46280 successfully
2019-08-20 17:31:29,500 [main] INFO  utils.BackgroundService (BackgroundService.java:shutdown(148)) - Shutting down service BlockDeletingService
2019-08-20 17:31:29,506 [refreshUsed-/workdir/hadoop-ozone/integration-test/target/test-dir/MiniOzoneClusterImpl-7c4d8f4b-6ef9-4f83-95e6-46f70b8176c5/datanode-5/data/containers] WARN  fs.CachingGetSpaceUsed (CachingGetSpaceUsed.java:run(183)) - Thread Interrupted waiting to refresh disk information: sleep interrupted
2019-08-20 17:31:29,517 [StateMachineUpdater:22376942-19b4-4255-bdb4-c51c782b6438:group-965AF072D4A4] INFO  ratis.ContainerStateMachine (ContainerStateMachine.java:takeSnapshot(282)) - group-965AF072D4A4: Finished taking a snapshot at:(t:1, i:14) file:/workdir/hadoop-ozone/integration-test/target/test-dir/MiniOzoneClusterImpl-7c4d8f4b-6ef9-4f83-95e6-46f70b8176c5/datanode-0/data/ratis/9851c3d2-2219-4d9e-8426-965af072d4a4/sm/snapshot.1_14 time:27
2019-08-20 17:31:29,518 [StateMachineUpdater:22376942-19b4-4255-bdb4-c51c782b6438:group-965AF072D4A4] INFO  impl.StateMachineUpdater (StateMachineUpdater.java:takeSnapshot(242)) - StateMachineUpdater:22376942-19b4-4255-bdb4-c51c782b6438:group-965AF072D4A4: Took a snapshot at index 14
2019-08-20 17:31:29,518 [StateMachineUpdater:22376942-19b4-4255-bdb4-c51c782b6438:group-965AF072D4A4] INFO  impl.StateMachineUpdater (StateMachineUpdater.java:lambda$new$0(80)) - StateMachineUpdater:22376942-19b4-4255-bdb4-c51c782b6438:group-965AF072D4A4: snapshotIndex: updateIncreasingly -1 -> 14
2019-08-20 17:31:29,518 [ForkJoinPool.commonPool-worker-0] INFO  impl.RaftServerImpl (ServerState.java:close(394)) - 22376942-19b4-4255-bdb4-c51c782b6438:group-965AF072D4A4 closes. The last applied log index is 16
2019-08-20 17:31:29,519 [22376942-19b4-4255-bdb4-c51c782b6438-SegmentedRaftLogWorker:Storage Directory /workdir/hadoop-ozone/integration-test/target/test-dir/MiniOzoneClusterImpl-7c4d8f4b-6ef9-4f83-95e6-46f70b8176c5/datanode-0/data/ratis/9851c3d2-2219-4d9e-8426-965af072d4a4] INFO  segmented.SegmentedRaftLogWorker (SegmentedRaftLogWorker.java:run(313)) - 22376942-19b4-4255-bdb4-c51c782b6438-SegmentedRaftLogWorker:Storage Directory /workdir/hadoop-ozone/integration-test/target/test-dir/MiniOzoneClusterImpl-7c4d8f4b-6ef9-4f83-95e6-46f70b8176c5/datanode-0/data/ratis/9851c3d2-2219-4d9e-8426-965af072d4a4 was interrupted, exiting. There are 0 tasks remaining in the queue.
2019-08-20 17:31:29,520 [main] INFO  statemachine.DatanodeStateMachine (DatanodeStateMachine.java:stopDaemon(395)) - Ozone container server stopped.
2019-08-20 17:31:29,520 [ForkJoinPool.commonPool-worker-0] INFO  segmented.SegmentedRaftLogWorker (SegmentedRaftLogWorker.java:close(228)) - 22376942-19b4-4255-bdb4-c51c782b6438-SegmentedRaftLogWorker:Storage Directory /workdir/hadoop-ozone/integration-test/target/test-dir/MiniOzoneClusterImpl-7c4d8f4b-6ef9-4f83-95e6-46f70b8176c5/datanode-0/data/ratis/9851c3d2-2219-4d9e-8426-965af072d4a4 close()
2019-08-20 17:31:29,522 [ForkJoinPool.commonPool-worker-0] INFO  server.GrpcService (GrpcService.java:closeImpl(155)) - 22376942-19b4-4255-bdb4-c51c782b6438: shutdown server with port 39722 now
2019-08-20 17:31:29,523 [ForkJoinPool.commonPool-worker-0] INFO  server.GrpcService (GrpcService.java:closeImpl(163)) - 22376942-19b4-4255-bdb4-c51c782b6438: shutdown server with port 39722 successfully
2019-08-20 17:31:29,523 [main] INFO  handler.ContextHandler (ContextHandler.java:doStop(910)) - Stopped o.e.j.w.WebAppContext@6dabad5c{/,null,UNAVAILABLE}{/hddsDatanode}
2019-08-20 17:31:29,524 [main] INFO  server.AbstractConnector (AbstractConnector.java:doStop(318)) - Stopped ServerConnector@1bfa398e{HTTP/1.1,[http/1.1]}{0.0.0.0:0}
2019-08-20 17:31:29,524 [ForkJoinPool.commonPool-worker-0] INFO  utils.BackgroundService (BackgroundService.java:shutdown(148)) - Shutting down service BlockDeletingService
2019-08-20 17:31:29,524 [main] INFO  handler.ContextHandler (ContextHandler.java:doStop(910)) - Stopped o.e.j.s.ServletContextHandler@7ec63b9a{/static,jar:file:/home/user/.m2/repository/org/apache/hadoop/hadoop-hdds-container-service/0.5.0-SNAPSHOT/hadoop-hdds-container-service-0.5.0-SNAPSHOT.jar!/webapps/static,UNAVAILABLE}
2019-08-20 17:31:29,525 [refreshUsed-/workdir/hadoop-ozone/integration-test/target/test-dir/MiniOzoneClusterImpl-7c4d8f4b-6ef9-4f83-95e6-46f70b8176c5/datanode-0/data/containers] WARN  fs.CachingGetSpaceUsed (CachingGetSpaceUsed.java:run(183)) - Thread Interrupted waiting to refresh disk information: sleep interrupted
2019-08-20 17:31:29,525 [main] INFO  handler.ContextHandler (ContextHandler.java:doStop(910)) - Stopped o.e.j.s.ServletContextHandler@6980e66a{/logs,file:///workdir/hadoop-ozone/integration-test/target/log,UNAVAILABLE}
2019-08-20 17:31:29,544 [ForkJoinPool.commonPool-worker-0] INFO  statemachine.DatanodeStateMachine (DatanodeStateMachine.java:stopDaemon(395)) - Ozone container server stopped.
2019-08-20 17:31:29,547 [ForkJoinPool.commonPool-worker-0] INFO  handler.ContextHandler (ContextHandler.java:doStop(910)) - Stopped o.e.j.w.WebAppContext@77732366{/,null,UNAVAILABLE}{/hddsDatanode}
2019-08-20 17:31:29,547 [ForkJoinPool.commonPool-worker-0] INFO  server.AbstractConnector (AbstractConnector.java:doStop(318)) - Stopped ServerConnector@7c046af{HTTP/1.1,[http/1.1]}{0.0.0.0:0}
2019-08-20 17:31:29,548 [ForkJoinPool.commonPool-worker-0] INFO  handler.ContextHandler (ContextHandler.java:doStop(910)) - Stopped o.e.j.s.ServletContextHandler@60f70c9e{/static,jar:file:/home/user/.m2/repository/org/apache/hadoop/hadoop-hdds-container-service/0.5.0-SNAPSHOT/hadoop-hdds-container-service-0.5.0-SNAPSHOT.jar!/webapps/static,UNAVAILABLE}
2019-08-20 17:31:29,549 [ForkJoinPool.commonPool-worker-0] INFO  handler.ContextHandler (ContextHandler.java:doStop(910)) - Stopped o.e.j.s.ServletContextHandler@4dd28982{/logs,file:///workdir/hadoop-ozone/integration-test/target/log,UNAVAILABLE}
2019-08-20 17:31:29,550 [main] INFO  ozone.MiniOzoneClusterImpl (MiniOzoneClusterImpl.java:stop(353)) - Stopping the StorageContainerManager
2019-08-20 17:31:29,550 [main] INFO  server.StorageContainerManager (StorageContainerManager.java:stop(797)) - Stopping Replication Manager Service.
2019-08-20 17:31:29,551 [main] INFO  container.ReplicationManager (ReplicationManager.java:stop(193)) - Stopping Replication Monitor Thread.
2019-08-20 17:31:29,551 [main] INFO  server.StorageContainerManager (StorageContainerManager.java:stop(804)) - Stopping Lease Manager of the command watchers
2019-08-20 17:31:29,551 [main] INFO  server.StorageContainerManager (StorageContainerManager.java:stop(811)) - Stopping datanode service RPC server
2019-08-20 17:31:29,551 [main] INFO  server.SCMDatanodeProtocolServer (SCMDatanodeProtocolServer.java:stop(367)) - Stopping the RPC server for DataNodes
2019-08-20 17:31:29,551 [main] INFO  ipc.Server (Server.java:stop(3082)) - Stopping server on 39414
2019-08-20 17:31:29,553 [IPC Server listener on 39414] INFO  ipc.Server (Server.java:run(1185)) - Stopping IPC Server listener on 39414
2019-08-20 17:31:29,554 [IPC Server Responder] INFO  ipc.Server (Server.java:run(1319)) - Stopping IPC Server Responder
2019-08-20 17:31:29,652 [SCM Heartbeat Processing Thread - 0] WARN  node.NodeStateManager (NodeStateManager.java:scheduleNextHealthCheck(646)) - Current Thread is interrupted, shutting down HB processing thread for Node Manager.
2019-08-20 17:31:29,652 [main] INFO  server.StorageContainerManager (StorageContainerManager.java:stop(819)) - Stopping block service RPC server
2019-08-20 17:31:29,653 [main] INFO  server.SCMBlockProtocolServer (SCMBlockProtocolServer.java:stop(148)) - Stopping the RPC server for Block Protocol
2019-08-20 17:31:29,653 [main] INFO  ipc.Server (Server.java:stop(3082)) - Stopping server on 41602
2019-08-20 17:31:29,655 [main] INFO  server.StorageContainerManager (StorageContainerManager.java:stop(826)) - Stopping the StorageContainerLocationProtocol RPC server
2019-08-20 17:31:29,655 [main] INFO  server.SCMClientProtocolServer (SCMClientProtocolServer.java:stop(159)) - Stopping the RPC server for Client Protocol
2019-08-20 17:31:29,655 [main] INFO  ipc.Server (Server.java:stop(3082)) - Stopping server on 39708
2019-08-20 17:31:29,655 [IPC Server listener on 41602] INFO  ipc.Server (Server.java:run(1185)) - Stopping IPC Server listener on 41602
2019-08-20 17:31:29,655 [IPC Server Responder] INFO  ipc.Server (Server.java:run(1319)) - Stopping IPC Server Responder
2019-08-20 17:31:29,658 [IPC Server listener on 39708] INFO  ipc.Server (Server.java:run(1185)) - Stopping IPC Server listener on 39708
2019-08-20 17:31:29,658 [main] INFO  server.StorageContainerManager (StorageContainerManager.java:stop(833)) - Stopping Storage Container Manager HTTP server.
2019-08-20 17:31:29,659 [IPC Server Responder] INFO  ipc.Server (Server.java:run(1319)) - Stopping IPC Server Responder
2019-08-20 17:31:29,660 [main] INFO  handler.ContextHandler (ContextHandler.java:doStop(910)) - Stopped o.e.j.w.WebAppContext@12dd3501{/,null,UNAVAILABLE}{/scm}
2019-08-20 17:31:29,661 [main] INFO  server.AbstractConnector (AbstractConnector.java:doStop(318)) - Stopped ServerConnector@4cb0e39e{HTTP/1.1,[http/1.1]}{0.0.0.0:0}
2019-08-20 17:31:29,661 [main] INFO  handler.ContextHandler (ContextHandler.java:doStop(910)) - Stopped o.e.j.s.ServletContextHandler@56c39949{/static,file:///workdir/hadoop-ozone/integration-test/target/test-classes/webapps/static,UNAVAILABLE}
2019-08-20 17:31:29,661 [main] INFO  handler.ContextHandler (ContextHandler.java:doStop(910)) - Stopped o.e.j.s.ServletContextHandler@7786c2e0{/logs,file:///workdir/hadoop-ozone/integration-test/target/log,UNAVAILABLE}
2019-08-20 17:31:29,662 [main] INFO  server.StorageContainerManager (StorageContainerManager.java:stop(844)) - Stopping Block Manager Service.
2019-08-20 17:31:29,662 [main] INFO  utils.BackgroundService (BackgroundService.java:shutdown(148)) - Shutting down service SCMBlockDeletingService
2019-08-20 17:31:29,663 [main] INFO  utils.BackgroundService (BackgroundService.java:shutdown(148)) - Shutting down service SCMBlockDeletingService
2019-08-20 17:31:29,663 [main] INFO  server.StorageContainerManager (StorageContainerManager.java:stop(866)) - Stopping SCM Event Queue.
2019-08-20 17:31:29,666 [main] INFO  impl.MetricsSystemImpl (MetricsSystemImpl.java:stop(210)) - Stopping HddsDatanode metrics system...
2019-08-20 17:31:29,675 [main] INFO  impl.MetricsSystemImpl (MetricsSystemImpl.java:stop(216)) - HddsDatanode metrics system stopped.
]]></system-out>
    <system-err><![CDATA[Aug 20, 2019 5:30:46 PM com.sun.jersey.server.impl.application.WebApplicationImpl _initiate
INFO: Initiating Jersey application, version 'Jersey: 1.19 02/11/2015 03:25 AM'
Aug 20, 2019 5:30:46 PM com.sun.jersey.server.impl.application.WebApplicationImpl _initiate
INFO: Initiating Jersey application, version 'Jersey: 1.19 02/11/2015 03:25 AM'
Aug 20, 2019 5:30:47 PM com.sun.jersey.server.impl.application.WebApplicationImpl _initiate
INFO: Initiating Jersey application, version 'Jersey: 1.19 02/11/2015 03:25 AM'
Aug 20, 2019 5:30:47 PM com.sun.jersey.server.impl.application.WebApplicationImpl _initiate
INFO: Initiating Jersey application, version 'Jersey: 1.19 02/11/2015 03:25 AM'
Aug 20, 2019 5:30:47 PM com.sun.jersey.server.impl.application.WebApplicationImpl _initiate
INFO: Initiating Jersey application, version 'Jersey: 1.19 02/11/2015 03:25 AM'
Aug 20, 2019 5:30:47 PM com.sun.jersey.server.impl.application.WebApplicationImpl _initiate
INFO: Initiating Jersey application, version 'Jersey: 1.19 02/11/2015 03:25 AM'
Aug 20, 2019 5:30:47 PM com.sun.jersey.server.impl.application.WebApplicationImpl _initiate
INFO: Initiating Jersey application, version 'Jersey: 1.19 02/11/2015 03:25 AM'
Aug 20, 2019 5:30:50 PM org.apache.ratis.thirdparty.io.grpc.internal.ManagedChannelOrphanWrapper$ManagedChannelReference cleanQueue
SEVERE: *~*~*~ Channel ManagedChannelImpl{logId=2495, target=192.168.5.168:42125} was not shutdown properly!!! ~*~*~*
    Make sure to call shutdown()/shutdownNow() and wait until awaitTermination() returns true.
java.lang.RuntimeException: ManagedChannel allocation site
	at org.apache.ratis.thirdparty.io.grpc.internal.ManagedChannelOrphanWrapper$ManagedChannelReference.<init>(ManagedChannelOrphanWrapper.java:103)
	at org.apache.ratis.thirdparty.io.grpc.internal.ManagedChannelOrphanWrapper.<init>(ManagedChannelOrphanWrapper.java:53)
	at org.apache.ratis.thirdparty.io.grpc.internal.ManagedChannelOrphanWrapper.<init>(ManagedChannelOrphanWrapper.java:44)
	at org.apache.ratis.thirdparty.io.grpc.internal.AbstractManagedChannelImplBuilder.build(AbstractManagedChannelImplBuilder.java:411)
	at org.apache.hadoop.hdds.scm.XceiverClientGrpc.connectToDatanode(XceiverClientGrpc.java:174)
	at org.apache.hadoop.hdds.scm.XceiverClientGrpc.reconnect(XceiverClientGrpc.java:422)
	at org.apache.hadoop.hdds.scm.XceiverClientGrpc.sendCommandAsync(XceiverClientGrpc.java:371)
	at org.apache.hadoop.hdds.scm.XceiverClientGrpc.sendCommandWithRetry(XceiverClientGrpc.java:284)
	at org.apache.hadoop.hdds.scm.XceiverClientGrpc.sendCommandWithTraceIDAndRetry(XceiverClientGrpc.java:250)
	at org.apache.hadoop.hdds.scm.XceiverClientGrpc.sendCommand(XceiverClientGrpc.java:233)
	at org.apache.hadoop.hdds.scm.storage.ContainerProtocolCalls.getBlock(ContainerProtocolCalls.java:118)
	at org.apache.hadoop.hdds.scm.storage.BlockInputStream.getChunkInfos(BlockInputStream.java:167)
	at org.apache.hadoop.hdds.scm.storage.BlockInputStream.initialize(BlockInputStream.java:118)
	at org.apache.hadoop.hdds.scm.storage.BlockInputStream.read(BlockInputStream.java:222)
	at org.apache.hadoop.ozone.client.io.KeyInputStream.read(KeyInputStream.java:171)
	at org.apache.hadoop.ozone.client.io.OzoneInputStream.read(OzoneInputStream.java:47)
	at java.io.InputStream.read(InputStream.java:101)
	at org.apache.hadoop.ozone.container.ContainerTestHelper.validateData(ContainerTestHelper.java:709)
	at org.apache.hadoop.ozone.client.rpc.TestBlockOutputStreamWithFailures.validateData(TestBlockOutputStreamWithFailures.java:1216)
	at org.apache.hadoop.ozone.client.rpc.TestBlockOutputStreamWithFailures.testWatchForCommitWithSingleNodeRatis(TestBlockOutputStreamWithFailures.java:918)
	at sun.reflect.NativeMethodAccessorImpl.invoke0(Native Method)
	at sun.reflect.NativeMethodAccessorImpl.invoke(NativeMethodAccessorImpl.java:62)
	at sun.reflect.DelegatingMethodAccessorImpl.invoke(DelegatingMethodAccessorImpl.java:43)
	at java.lang.reflect.Method.invoke(Method.java:498)
	at org.junit.runners.model.FrameworkMethod$1.runReflectiveCall(FrameworkMethod.java:47)
	at org.junit.internal.runners.model.ReflectiveCallable.run(ReflectiveCallable.java:12)
	at org.junit.runners.model.FrameworkMethod.invokeExplosively(FrameworkMethod.java:44)
	at org.junit.internal.runners.statements.InvokeMethod.evaluate(InvokeMethod.java:17)
	at org.junit.internal.runners.statements.RunBefores.evaluate(RunBefores.java:26)
	at org.junit.internal.runners.statements.RunAfters.evaluate(RunAfters.java:27)
	at org.junit.runners.ParentRunner.runLeaf(ParentRunner.java:271)
	at org.junit.runners.BlockJUnit4ClassRunner.runChild(BlockJUnit4ClassRunner.java:70)
	at org.junit.runners.BlockJUnit4ClassRunner.runChild(BlockJUnit4ClassRunner.java:50)
	at org.junit.runners.ParentRunner$3.run(ParentRunner.java:238)
	at org.junit.runners.ParentRunner$1.schedule(ParentRunner.java:63)
	at org.junit.runners.ParentRunner.runChildren(ParentRunner.java:236)
	at org.junit.runners.ParentRunner.access$000(ParentRunner.java:53)
	at org.junit.runners.ParentRunner$2.evaluate(ParentRunner.java:229)
	at org.junit.runners.ParentRunner.run(ParentRunner.java:309)
	at org.apache.maven.surefire.junit4.JUnit4Provider.execute(JUnit4Provider.java:365)
	at org.apache.maven.surefire.junit4.JUnit4Provider.executeWithRerun(JUnit4Provider.java:273)
	at org.apache.maven.surefire.junit4.JUnit4Provider.executeTestSet(JUnit4Provider.java:238)
	at org.apache.maven.surefire.junit4.JUnit4Provider.invoke(JUnit4Provider.java:159)
	at org.apache.maven.surefire.booter.ForkedBooter.invokeProviderInSameClassLoader(ForkedBooter.java:384)
	at org.apache.maven.surefire.booter.ForkedBooter.runSuitesInProcess(ForkedBooter.java:345)
	at org.apache.maven.surefire.booter.ForkedBooter.execute(ForkedBooter.java:126)
	at org.apache.maven.surefire.booter.ForkedBooter.main(ForkedBooter.java:418)

Aug 20, 2019 5:30:50 PM org.apache.ratis.thirdparty.io.grpc.internal.ManagedChannelOrphanWrapper$ManagedChannelReference cleanQueue
SEVERE: *~*~*~ Channel ManagedChannelImpl{logId=2500, target=192.168.5.168:39658} was not shutdown properly!!! ~*~*~*
    Make sure to call shutdown()/shutdownNow() and wait until awaitTermination() returns true.
java.lang.RuntimeException: ManagedChannel allocation site
	at org.apache.ratis.thirdparty.io.grpc.internal.ManagedChannelOrphanWrapper$ManagedChannelReference.<init>(ManagedChannelOrphanWrapper.java:103)
	at org.apache.ratis.thirdparty.io.grpc.internal.ManagedChannelOrphanWrapper.<init>(ManagedChannelOrphanWrapper.java:53)
	at org.apache.ratis.thirdparty.io.grpc.internal.ManagedChannelOrphanWrapper.<init>(ManagedChannelOrphanWrapper.java:44)
	at org.apache.ratis.thirdparty.io.grpc.internal.AbstractManagedChannelImplBuilder.build(AbstractManagedChannelImplBuilder.java:411)
	at org.apache.hadoop.hdds.scm.XceiverClientGrpc.connectToDatanode(XceiverClientGrpc.java:174)
	at org.apache.hadoop.hdds.scm.XceiverClientGrpc.reconnect(XceiverClientGrpc.java:422)
	at org.apache.hadoop.hdds.scm.XceiverClientGrpc.sendCommandAsync(XceiverClientGrpc.java:371)
	at org.apache.hadoop.hdds.scm.XceiverClientGrpc.sendCommandWithRetry(XceiverClientGrpc.java:284)
	at org.apache.hadoop.hdds.scm.XceiverClientGrpc.sendCommandWithTraceIDAndRetry(XceiverClientGrpc.java:250)
	at org.apache.hadoop.hdds.scm.XceiverClientGrpc.sendCommand(XceiverClientGrpc.java:233)
	at org.apache.hadoop.hdds.scm.storage.ContainerProtocolCalls.getBlock(ContainerProtocolCalls.java:118)
	at org.apache.hadoop.hdds.scm.storage.BlockInputStream.getChunkInfos(BlockInputStream.java:167)
	at org.apache.hadoop.hdds.scm.storage.BlockInputStream.initialize(BlockInputStream.java:118)
	at org.apache.hadoop.hdds.scm.storage.BlockInputStream.read(BlockInputStream.java:222)
	at org.apache.hadoop.ozone.client.io.KeyInputStream.read(KeyInputStream.java:171)
	at org.apache.hadoop.ozone.client.io.OzoneInputStream.read(OzoneInputStream.java:47)
	at java.io.InputStream.read(InputStream.java:101)
	at org.apache.hadoop.ozone.container.ContainerTestHelper.validateData(ContainerTestHelper.java:709)
	at org.apache.hadoop.ozone.client.rpc.TestBlockOutputStreamWithFailures.validateData(TestBlockOutputStreamWithFailures.java:1216)
	at org.apache.hadoop.ozone.client.rpc.TestBlockOutputStreamWithFailures.testWatchForCommitWithSingleNodeRatis(TestBlockOutputStreamWithFailures.java:918)
	at sun.reflect.NativeMethodAccessorImpl.invoke0(Native Method)
	at sun.reflect.NativeMethodAccessorImpl.invoke(NativeMethodAccessorImpl.java:62)
	at sun.reflect.DelegatingMethodAccessorImpl.invoke(DelegatingMethodAccessorImpl.java:43)
	at java.lang.reflect.Method.invoke(Method.java:498)
	at org.junit.runners.model.FrameworkMethod$1.runReflectiveCall(FrameworkMethod.java:47)
	at org.junit.internal.runners.model.ReflectiveCallable.run(ReflectiveCallable.java:12)
	at org.junit.runners.model.FrameworkMethod.invokeExplosively(FrameworkMethod.java:44)
	at org.junit.internal.runners.statements.InvokeMethod.evaluate(InvokeMethod.java:17)
	at org.junit.internal.runners.statements.RunBefores.evaluate(RunBefores.java:26)
	at org.junit.internal.runners.statements.RunAfters.evaluate(RunAfters.java:27)
	at org.junit.runners.ParentRunner.runLeaf(ParentRunner.java:271)
	at org.junit.runners.BlockJUnit4ClassRunner.runChild(BlockJUnit4ClassRunner.java:70)
	at org.junit.runners.BlockJUnit4ClassRunner.runChild(BlockJUnit4ClassRunner.java:50)
	at org.junit.runners.ParentRunner$3.run(ParentRunner.java:238)
	at org.junit.runners.ParentRunner$1.schedule(ParentRunner.java:63)
	at org.junit.runners.ParentRunner.runChildren(ParentRunner.java:236)
	at org.junit.runners.ParentRunner.access$000(ParentRunner.java:53)
	at org.junit.runners.ParentRunner$2.evaluate(ParentRunner.java:229)
	at org.junit.runners.ParentRunner.run(ParentRunner.java:309)
	at org.apache.maven.surefire.junit4.JUnit4Provider.execute(JUnit4Provider.java:365)
	at org.apache.maven.surefire.junit4.JUnit4Provider.executeWithRerun(JUnit4Provider.java:273)
	at org.apache.maven.surefire.junit4.JUnit4Provider.executeTestSet(JUnit4Provider.java:238)
	at org.apache.maven.surefire.junit4.JUnit4Provider.invoke(JUnit4Provider.java:159)
	at org.apache.maven.surefire.booter.ForkedBooter.invokeProviderInSameClassLoader(ForkedBooter.java:384)
	at org.apache.maven.surefire.booter.ForkedBooter.runSuitesInProcess(ForkedBooter.java:345)
	at org.apache.maven.surefire.booter.ForkedBooter.execute(ForkedBooter.java:126)
	at org.apache.maven.surefire.booter.ForkedBooter.main(ForkedBooter.java:418)

Aug 20, 2019 5:30:50 PM org.apache.ratis.thirdparty.io.grpc.internal.ManagedChannelOrphanWrapper$ManagedChannelReference cleanQueue
SEVERE: *~*~*~ Channel ManagedChannelImpl{logId=2485, target=192.168.5.168:46161} was not shutdown properly!!! ~*~*~*
    Make sure to call shutdown()/shutdownNow() and wait until awaitTermination() returns true.
java.lang.RuntimeException: ManagedChannel allocation site
	at org.apache.ratis.thirdparty.io.grpc.internal.ManagedChannelOrphanWrapper$ManagedChannelReference.<init>(ManagedChannelOrphanWrapper.java:103)
	at org.apache.ratis.thirdparty.io.grpc.internal.ManagedChannelOrphanWrapper.<init>(ManagedChannelOrphanWrapper.java:53)
	at org.apache.ratis.thirdparty.io.grpc.internal.ManagedChannelOrphanWrapper.<init>(ManagedChannelOrphanWrapper.java:44)
	at org.apache.ratis.thirdparty.io.grpc.internal.AbstractManagedChannelImplBuilder.build(AbstractManagedChannelImplBuilder.java:411)
	at org.apache.ratis.grpc.client.GrpcClientProtocolClient.<init>(GrpcClientProtocolClient.java:119)
	at org.apache.ratis.grpc.client.GrpcClientRpc.lambda$new$0(GrpcClientRpc.java:55)
	at org.apache.ratis.util.PeerProxyMap$PeerAndProxy.lambda$getProxy$0(PeerProxyMap.java:61)
	at org.apache.ratis.util.LifeCycle.startAndTransition(LifeCycle.java:202)
	at org.apache.ratis.util.PeerProxyMap$PeerAndProxy.getProxy(PeerProxyMap.java:60)
	at org.apache.ratis.util.PeerProxyMap.getProxy(PeerProxyMap.java:107)
	at org.apache.ratis.grpc.client.GrpcClientRpc.sendRequestAsync(GrpcClientRpc.java:66)
	at org.apache.ratis.client.impl.OrderedAsync.sendRequest(OrderedAsync.java:208)
	at org.apache.ratis.client.impl.OrderedAsync.sendRequestWithRetry(OrderedAsync.java:169)
	at org.apache.ratis.util.SlidingWindow$Client.sendOrDelayRequest(SlidingWindow.java:278)
	at org.apache.ratis.util.SlidingWindow$Client.retry(SlidingWindow.java:294)
	at org.apache.ratis.client.impl.OrderedAsync.lambda$scheduleWithTimeout$7(OrderedAsync.java:195)
	at org.apache.ratis.util.TimeoutScheduler.lambda$onTimeout$0(TimeoutScheduler.java:85)
	at org.apache.ratis.util.TimeoutScheduler.lambda$onTimeout$1(TimeoutScheduler.java:104)
	at org.apache.ratis.util.LogUtils.runAndLog(LogUtils.java:50)
	at org.apache.ratis.util.LogUtils$1.run(LogUtils.java:91)
	at java.util.concurrent.Executors$RunnableAdapter.call(Executors.java:511)
	at java.util.concurrent.FutureTask.run(FutureTask.java:266)
	at java.util.concurrent.ScheduledThreadPoolExecutor$ScheduledFutureTask.access$201(ScheduledThreadPoolExecutor.java:180)
	at java.util.concurrent.ScheduledThreadPoolExecutor$ScheduledFutureTask.run(ScheduledThreadPoolExecutor.java:293)
	at java.util.concurrent.ThreadPoolExecutor.runWorker(ThreadPoolExecutor.java:1149)
	at java.util.concurrent.ThreadPoolExecutor$Worker.run(ThreadPoolExecutor.java:624)
	at java.lang.Thread.run(Thread.java:748)

Aug 20, 2019 5:30:50 PM org.apache.ratis.thirdparty.io.grpc.internal.ManagedChannelOrphanWrapper$ManagedChannelReference cleanQueue
SEVERE: *~*~*~ Channel ManagedChannelImpl{logId=2490, target=192.168.5.168:43923} was not shutdown properly!!! ~*~*~*
    Make sure to call shutdown()/shutdownNow() and wait until awaitTermination() returns true.
java.lang.RuntimeException: ManagedChannel allocation site
	at org.apache.ratis.thirdparty.io.grpc.internal.ManagedChannelOrphanWrapper$ManagedChannelReference.<init>(ManagedChannelOrphanWrapper.java:103)
	at org.apache.ratis.thirdparty.io.grpc.internal.ManagedChannelOrphanWrapper.<init>(ManagedChannelOrphanWrapper.java:53)
	at org.apache.ratis.thirdparty.io.grpc.internal.ManagedChannelOrphanWrapper.<init>(ManagedChannelOrphanWrapper.java:44)
	at org.apache.ratis.thirdparty.io.grpc.internal.AbstractManagedChannelImplBuilder.build(AbstractManagedChannelImplBuilder.java:411)
	at org.apache.ratis.grpc.client.GrpcClientProtocolClient.<init>(GrpcClientProtocolClient.java:119)
	at org.apache.ratis.grpc.client.GrpcClientRpc.lambda$new$0(GrpcClientRpc.java:55)
	at org.apache.ratis.util.PeerProxyMap$PeerAndProxy.lambda$getProxy$0(PeerProxyMap.java:61)
	at org.apache.ratis.util.LifeCycle.startAndTransition(LifeCycle.java:202)
	at org.apache.ratis.util.PeerProxyMap$PeerAndProxy.getProxy(PeerProxyMap.java:60)
	at org.apache.ratis.util.PeerProxyMap.getProxy(PeerProxyMap.java:107)
	at org.apache.ratis.grpc.client.GrpcClientRpc.sendRequestAsync(GrpcClientRpc.java:66)
	at org.apache.ratis.client.impl.OrderedAsync.sendRequest(OrderedAsync.java:208)
	at org.apache.ratis.client.impl.OrderedAsync.sendRequestWithRetry(OrderedAsync.java:169)
	at org.apache.ratis.util.SlidingWindow$Client.sendOrDelayRequest(SlidingWindow.java:278)
	at org.apache.ratis.util.SlidingWindow$Client.submitNewRequest(SlidingWindow.java:257)
	at org.apache.ratis.client.impl.OrderedAsync.send(OrderedAsync.java:155)
	at org.apache.ratis.client.impl.RaftClientImpl.sendAsync(RaftClientImpl.java:145)
	at org.apache.ratis.client.impl.RaftClientImpl.sendAsync(RaftClientImpl.java:125)
	at org.apache.hadoop.hdds.scm.XceiverClientRatis.sendRequestAsync(XceiverClientRatis.java:224)
	at org.apache.hadoop.hdds.scm.XceiverClientRatis.sendCommandAsync(XceiverClientRatis.java:302)
	at org.apache.hadoop.hdds.scm.storage.ContainerProtocolCalls.writeChunkAsync(ContainerProtocolCalls.java:310)
	at org.apache.hadoop.hdds.scm.storage.BlockOutputStream.writeChunkToContainer(BlockOutputStream.java:601)
	at org.apache.hadoop.hdds.scm.storage.BlockOutputStream.writeChunk(BlockOutputStream.java:459)
	at org.apache.hadoop.hdds.scm.storage.BlockOutputStream.writeOnRetry(BlockOutputStream.java:285)
	at org.apache.hadoop.ozone.client.io.BlockOutputStreamEntry.writeOnRetry(BlockOutputStreamEntry.java:200)
	at org.apache.hadoop.ozone.client.io.KeyOutputStream.handleWrite(KeyOutputStream.java:209)
	at org.apache.hadoop.ozone.client.io.KeyOutputStream.handleRetry(KeyOutputStream.java:376)
	at org.apache.hadoop.ozone.client.io.KeyOutputStream.handleException(KeyOutputStream.java:325)
	at org.apache.hadoop.ozone.client.io.KeyOutputStream.handleFlushOrClose(KeyOutputStream.java:448)
	at org.apache.hadoop.ozone.client.io.KeyOutputStream.handleWrite(KeyOutputStream.java:235)
	at org.apache.hadoop.ozone.client.io.KeyOutputStream.write(KeyOutputStream.java:193)
	at org.apache.hadoop.ozone.client.io.OzoneOutputStream.write(OzoneOutputStream.java:49)
	at java.io.OutputStream.write(OutputStream.java:75)
	at org.apache.hadoop.ozone.client.rpc.TestBlockOutputStreamWithFailures.testWatchForCommitWithSingleNodeRatis(TestBlockOutputStreamWithFailures.java:885)
	at sun.reflect.NativeMethodAccessorImpl.invoke0(Native Method)
	at sun.reflect.NativeMethodAccessorImpl.invoke(NativeMethodAccessorImpl.java:62)
	at sun.reflect.DelegatingMethodAccessorImpl.invoke(DelegatingMethodAccessorImpl.java:43)
	at java.lang.reflect.Method.invoke(Method.java:498)
	at org.junit.runners.model.FrameworkMethod$1.runReflectiveCall(FrameworkMethod.java:47)
	at org.junit.internal.runners.model.ReflectiveCallable.run(ReflectiveCallable.java:12)
	at org.junit.runners.model.FrameworkMethod.invokeExplosively(FrameworkMethod.java:44)
	at org.junit.internal.runners.statements.InvokeMethod.evaluate(InvokeMethod.java:17)
	at org.junit.internal.runners.statements.RunBefores.evaluate(RunBefores.java:26)
	at org.junit.internal.runners.statements.RunAfters.evaluate(RunAfters.java:27)
	at org.junit.runners.ParentRunner.runLeaf(ParentRunner.java:271)
	at org.junit.runners.BlockJUnit4ClassRunner.runChild(BlockJUnit4ClassRunner.java:70)
	at org.junit.runners.BlockJUnit4ClassRunner.runChild(BlockJUnit4ClassRunner.java:50)
	at org.junit.runners.ParentRunner$3.run(ParentRunner.java:238)
	at org.junit.runners.ParentRunner$1.schedule(ParentRunner.java:63)
	at org.junit.runners.ParentRunner.runChildren(ParentRunner.java:236)
	at org.junit.runners.ParentRunner.access$000(ParentRunner.java:53)
	at org.junit.runners.ParentRunner$2.evaluate(ParentRunner.java:229)
	at org.junit.runners.ParentRunner.run(ParentRunner.java:309)
	at org.apache.maven.surefire.junit4.JUnit4Provider.execute(JUnit4Provider.java:365)
	at org.apache.maven.surefire.junit4.JUnit4Provider.executeWithRerun(JUnit4Provider.java:273)
	at org.apache.maven.surefire.junit4.JUnit4Provider.executeTestSet(JUnit4Provider.java:238)
	at org.apache.maven.surefire.junit4.JUnit4Provider.invoke(JUnit4Provider.java:159)
	at org.apache.maven.surefire.booter.ForkedBooter.invokeProviderInSameClassLoader(ForkedBooter.java:384)
	at org.apache.maven.surefire.booter.ForkedBooter.runSuitesInProcess(ForkedBooter.java:345)
	at org.apache.maven.surefire.booter.ForkedBooter.execute(ForkedBooter.java:126)
	at org.apache.maven.surefire.booter.ForkedBooter.main(ForkedBooter.java:418)

]]></system-err>
  </testcase>
  <testcase name="testFailureWithPrimeSizedData" classname="org.apache.hadoop.ozone.client.rpc.TestBlockOutputStreamWithFailures" time="40.62"/>
  <testcase name="testWatchForCommitWithCloseContainerException" classname="org.apache.hadoop.ozone.client.rpc.TestBlockOutputStreamWithFailures" time="40.865"/>
  <testcase name="testExceptionDuringClose" classname="org.apache.hadoop.ozone.client.rpc.TestBlockOutputStreamWithFailures" time="39.281"/>
</testsuite>