<?xml version="1.0" encoding="UTF-8"?>
<testsuite xmlns:xsi="http://www.w3.org/2001/XMLSchema-instance" xsi:noNamespaceSchemaLocation="https://maven.apache.org/surefire/maven-surefire-plugin/xsd/surefire-test-report.xsd" name="org.apache.hadoop.ozone.client.rpc.TestBlockOutputStreamWithFailures" time="682.493" tests="8" errors="0" skipped="0" failures="1">
  <properties>
    <property name="awt.toolkit" value="sun.awt.X11.XToolkit"/>
    <property name="file.encoding.pkg" value="sun.io"/>
    <property name="java.specification.version" value="1.8"/>
    <property name="sun.cpu.isalist" value=""/>
    <property name="sun.jnu.encoding" value="UTF-8"/>
    <property name="java.class.path" value="/workdir/hadoop-ozone/integration-test/target/test-classes:/workdir/hadoop-ozone/integration-test/target/classes:/home/user/.m2/repository/org/apache/hadoop/hadoop-ozone-common/0.5.0-SNAPSHOT/hadoop-ozone-common-0.5.0-SNAPSHOT.jar:/home/user/.m2/repository/org/apache/commons/commons-compress/1.4.1/commons-compress-1.4.1.jar:/home/user/.m2/repository/org/tukaani/xz/1.0/xz-1.0.jar:/home/user/.m2/repository/org/apache/hadoop/hadoop-common/3.2.0/hadoop-common-3.2.0.jar:/home/user/.m2/repository/org/apache/hadoop/hadoop-hdfs/3.2.0/hadoop-hdfs-3.2.0.jar:/home/user/.m2/repository/org/apache/hadoop/hadoop-hdfs-client/3.2.0/hadoop-hdfs-client-3.2.0.jar:/home/user/.m2/repository/com/fasterxml/jackson/core/jackson-annotations/2.9.9/jackson-annotations-2.9.9.jar:/home/user/.m2/repository/org/apache/hadoop/hadoop-hdds-common/0.5.0-SNAPSHOT/hadoop-hdds-common-0.5.0-SNAPSHOT.jar:/home/user/.m2/repository/javax/annotation/javax.annotation-api/1.2/javax.annotation-api-1.2.jar:/home/user/.m2/repository/org/apache/ratis/ratis-server/0.4.0/ratis-server-0.4.0.jar:/home/user/.m2/repository/org/apache/ratis/ratis-thirdparty-misc/0.2.0/ratis-thirdparty-misc-0.2.0.jar:/home/user/.m2/repository/org/apache/ratis/ratis-proto/0.4.0/ratis-proto-0.4.0.jar:/home/user/.m2/repository/org/apache/ratis/ratis-common/0.4.0/ratis-common-0.4.0.jar:/home/user/.m2/repository/org/apache/ratis/ratis-client/0.4.0/ratis-client-0.4.0.jar:/home/user/.m2/repository/org/apache/ratis/ratis-metrics/0.4.0/ratis-metrics-0.4.0.jar:/home/user/.m2/repository/com/github/joshelser/dropwizard-metrics-hadoop-metrics2-reporter/0.1.2/dropwizard-metrics-hadoop-metrics2-reporter-0.1.2.jar:/home/user/.m2/repository/io/dropwizard/metrics/metrics-jvm/3.2.5/metrics-jvm-3.2.5.jar:/home/user/.m2/repository/io/dropwizard/metrics/metrics-ganglia/3.2.5/metrics-ganglia-3.2.5.jar:/home/user/.m2/repository/info/ganglia/gmetric4j/gmetric4j/1.0.7/gmetric4j-1.0.7.jar:/home/user/.m2/repository/org/apache/ratis/ratis-netty/0.4.0/ratis-netty-0.4.0.jar:/home/user/.m2/repository/org/apache/ratis/ratis-grpc/0.4.0/ratis-grpc-0.4.0.jar:/home/user/.m2/repository/org/rocksdb/rocksdbjni/6.0.1/rocksdbjni-6.0.1.jar:/home/user/.m2/repository/org/apache/logging/log4j/log4j-api/2.11.0/log4j-api-2.11.0.jar:/home/user/.m2/repository/org/apache/logging/log4j/log4j-core/2.11.0/log4j-core-2.11.0.jar:/home/user/.m2/repository/com/lmax/disruptor/3.4.2/disruptor-3.4.2.jar:/home/user/.m2/repository/org/apache/commons/commons-pool2/2.6.0/commons-pool2-2.6.0.jar:/home/user/.m2/repository/org/bouncycastle/bcpkix-jdk15on/1.60/bcpkix-jdk15on-1.60.jar:/home/user/.m2/repository/commons-validator/commons-validator/1.6/commons-validator-1.6.jar:/home/user/.m2/repository/commons-digester/commons-digester/1.8.1/commons-digester-1.8.1.jar:/home/user/.m2/repository/io/jaegertracing/jaeger-client/0.34.0/jaeger-client-0.34.0.jar:/home/user/.m2/repository/io/jaegertracing/jaeger-thrift/0.34.0/jaeger-thrift-0.34.0.jar:/home/user/.m2/repository/org/apache/thrift/libthrift/0.12.0/libthrift-0.12.0.jar:/home/user/.m2/repository/com/squareup/okhttp3/okhttp/3.9.0/okhttp-3.9.0.jar:/home/user/.m2/repository/com/squareup/okio/okio/1.13.0/okio-1.13.0.jar:/home/user/.m2/repository/io/jaegertracing/jaeger-core/0.34.0/jaeger-core-0.34.0.jar:/home/user/.m2/repository/io/jaegertracing/jaeger-tracerresolver/0.34.0/jaeger-tracerresolver-0.34.0.jar:/home/user/.m2/repository/io/opentracing/contrib/opentracing-tracerresolver/0.1.5/opentracing-tracerresolver-0.1.5.jar:/home/user/.m2/repository/io/opentracing/opentracing-util/0.31.0/opentracing-util-0.31.0.jar:/home/user/.m2/repository/io/opentracing/opentracing-api/0.31.0/opentracing-api-0.31.0.jar:/home/user/.m2/repository/io/opentracing/opentracing-noop/0.31.0/opentracing-noop-0.31.0.jar:/home/user/.m2/repository/org/apache/hadoop/hadoop-hdds-server-framework/0.5.0-SNAPSHOT/hadoop-hdds-server-framework-0.5.0-SNAPSHOT.jar:/home/user/.m2/repository/org/apache/hadoop/hadoop-hdds-container-service/0.5.0-SNAPSHOT/hadoop-hdds-container-service-0.5.0-SNAPSHOT.jar:/home/user/.m2/repository/org/apache/hadoop/hadoop-hdds-client/0.5.0-SNAPSHOT/hadoop-hdds-client-0.5.0-SNAPSHOT.jar:/home/user/.m2/repository/org/apache/hadoop/hadoop-hdds-tools/0.5.0-SNAPSHOT/hadoop-hdds-tools-0.5.0-SNAPSHOT.jar:/home/user/.m2/repository/org/apache/hadoop/hadoop-hdds-server-scm/0.5.0-SNAPSHOT/hadoop-hdds-server-scm-0.5.0-SNAPSHOT.jar:/home/user/.m2/repository/org/apache/hadoop/hadoop-hdds-docs/0.5.0-SNAPSHOT/hadoop-hdds-docs-0.5.0-SNAPSHOT.jar:/home/user/.m2/repository/io/dropwizard/metrics/metrics-core/3.2.4/metrics-core-3.2.4.jar:/home/user/.m2/repository/org/hamcrest/hamcrest-all/1.3/hamcrest-all-1.3.jar:/home/user/.m2/repository/org/bouncycastle/bcprov-jdk15on/1.60/bcprov-jdk15on-1.60.jar:/home/user/.m2/repository/info/picocli/picocli/3.9.6/picocli-3.9.6.jar:/home/user/.m2/repository/com/google/protobuf/protobuf-java/2.5.0/protobuf-java-2.5.0.jar:/home/user/.m2/repository/com/google/guava/guava/11.0.2/guava-11.0.2.jar:/home/user/.m2/repository/org/apache/hadoop/hadoop-ozone-ozone-manager/0.5.0-SNAPSHOT/hadoop-ozone-ozone-manager-0.5.0-SNAPSHOT.jar:/home/user/.m2/repository/org/apache/hadoop/hadoop-minikdc/3.2.0/hadoop-minikdc-3.2.0.jar:/home/user/.m2/repository/commons-io/commons-io/2.5/commons-io-2.5.jar:/home/user/.m2/repository/org/apache/kerby/kerb-simplekdc/1.0.1/kerb-simplekdc-1.0.1.jar:/home/user/.m2/repository/org/apache/kerby/kerb-client/1.0.1/kerb-client-1.0.1.jar:/home/user/.m2/repository/org/apache/kerby/kerby-config/1.0.1/kerby-config-1.0.1.jar:/home/user/.m2/repository/org/apache/kerby/kerb-core/1.0.1/kerb-core-1.0.1.jar:/home/user/.m2/repository/org/apache/kerby/kerby-pkix/1.0.1/kerby-pkix-1.0.1.jar:/home/user/.m2/repository/org/apache/kerby/kerby-asn1/1.0.1/kerby-asn1-1.0.1.jar:/home/user/.m2/repository/org/apache/kerby/kerby-util/1.0.1/kerby-util-1.0.1.jar:/home/user/.m2/repository/org/apache/kerby/kerb-common/1.0.1/kerb-common-1.0.1.jar:/home/user/.m2/repository/org/apache/kerby/kerb-crypto/1.0.1/kerb-crypto-1.0.1.jar:/home/user/.m2/repository/org/apache/kerby/kerb-util/1.0.1/kerb-util-1.0.1.jar:/home/user/.m2/repository/org/apache/kerby/token-provider/1.0.1/token-provider-1.0.1.jar:/home/user/.m2/repository/org/apache/kerby/kerb-admin/1.0.1/kerb-admin-1.0.1.jar:/home/user/.m2/repository/org/apache/kerby/kerb-server/1.0.1/kerb-server-1.0.1.jar:/home/user/.m2/repository/org/apache/kerby/kerb-identity/1.0.1/kerb-identity-1.0.1.jar:/home/user/.m2/repository/org/apache/kerby/kerby-xdr/1.0.1/kerby-xdr-1.0.1.jar:/home/user/.m2/repository/org/slf4j/slf4j-log4j12/1.7.25/slf4j-log4j12-1.7.25.jar:/home/user/.m2/repository/org/apache/hadoop/hadoop-ozone-s3gateway/0.5.0-SNAPSHOT/hadoop-ozone-s3gateway-0.5.0-SNAPSHOT.jar:/home/user/.m2/repository/org/jboss/weld/servlet/weld-servlet/2.4.7.Final/weld-servlet-2.4.7.Final.jar:/home/user/.m2/repository/org/glassfish/jersey/containers/jersey-container-servlet-core/2.27/jersey-container-servlet-core-2.27.jar:/home/user/.m2/repository/org/glassfish/hk2/external/javax.inject/2.5.0-b42/javax.inject-2.5.0-b42.jar:/home/user/.m2/repository/org/glassfish/jersey/core/jersey-common/2.27/jersey-common-2.27.jar:/home/user/.m2/repository/org/glassfish/hk2/osgi-resource-locator/1.0.1/osgi-resource-locator-1.0.1.jar:/home/user/.m2/repository/javax/ws/rs/javax.ws.rs-api/2.1/javax.ws.rs-api-2.1.jar:/home/user/.m2/repository/org/glassfish/jersey/ext/cdi/jersey-cdi1x/2.27/jersey-cdi1x-2.27.jar:/home/user/.m2/repository/org/glassfish/jersey/inject/jersey-hk2/2.27/jersey-hk2-2.27.jar:/home/user/.m2/repository/org/glassfish/hk2/hk2-locator/2.5.0-b42/hk2-locator-2.5.0-b42.jar:/home/user/.m2/repository/org/javassist/javassist/3.22.0-CR2/javassist-3.22.0-CR2.jar:/home/user/.m2/repository/org/glassfish/hk2/hk2-api/2.5.0/hk2-api-2.5.0.jar:/home/user/.m2/repository/org/glassfish/hk2/external/jakarta.inject/2.5.0/jakarta.inject-2.5.0.jar:/home/user/.m2/repository/org/glassfish/hk2/hk2-utils/2.5.0/hk2-utils-2.5.0.jar:/home/user/.m2/repository/jakarta/annotation/jakarta.annotation-api/1.3.4/jakarta.annotation-api-1.3.4.jar:/home/user/.m2/repository/org/glassfish/hk2/external/aopalliance-repackaged/2.5.0/aopalliance-repackaged-2.5.0.jar:/home/user/.m2/repository/com/fasterxml/jackson/dataformat/jackson-dataformat-xml/2.9.0/jackson-dataformat-xml-2.9.0.jar:/home/user/.m2/repository/com/fasterxml/jackson/core/jackson-core/2.9.9/jackson-core-2.9.9.jar:/home/user/.m2/repository/com/fasterxml/jackson/module/jackson-module-jaxb-annotations/2.9.9/jackson-module-jaxb-annotations-2.9.9.jar:/home/user/.m2/repository/javax/enterprise/cdi-api/1.2/cdi-api-1.2.jar:/home/user/.m2/repository/javax/el/javax.el-api/3.0.0/javax.el-api-3.0.0.jar:/home/user/.m2/repository/javax/interceptor/javax.interceptor-api/1.2/javax.interceptor-api-1.2.jar:/home/user/.m2/repository/javax/inject/javax.inject/1/javax.inject-1.jar:/home/user/.m2/repository/com/sun/xml/bind/jaxb-impl/2.3.0.1/jaxb-impl-2.3.0.1.jar:/home/user/.m2/repository/com/sun/xml/bind/jaxb-core/2.3.0.1/jaxb-core-2.3.0.1.jar:/home/user/.m2/repository/javax/xml/bind/jaxb-api/2.3.0/jaxb-api-2.3.0.jar:/home/user/.m2/repository/javax/activation/activation/1.1.1/activation-1.1.1.jar:/home/user/.m2/repository/org/apache/hadoop/hadoop-ozone-csi/0.5.0-SNAPSHOT/hadoop-ozone-csi-0.5.0-SNAPSHOT.jar:/home/user/.m2/repository/com/google/protobuf/protobuf-java-util/3.5.1/protobuf-java-util-3.5.1.jar:/home/user/.m2/repository/org/apache/hadoop/hadoop-hdds-config/0.5.0-SNAPSHOT/hadoop-hdds-config-0.5.0-SNAPSHOT.jar:/home/user/.m2/repository/io/grpc/grpc-netty/1.17.1/grpc-netty-1.17.1.jar:/home/user/.m2/repository/io/grpc/grpc-core/1.17.1/grpc-core-1.17.1.jar:/home/user/.m2/repository/io/grpc/grpc-context/1.17.1/grpc-context-1.17.1.jar:/home/user/.m2/repository/com/google/errorprone/error_prone_annotations/2.2.0/error_prone_annotations-2.2.0.jar:/home/user/.m2/repository/org/codehaus/mojo/animal-sniffer-annotations/1.17/animal-sniffer-annotations-1.17.jar:/home/user/.m2/repository/io/opencensus/opencensus-api/0.17.0/opencensus-api-0.17.0.jar:/home/user/.m2/repository/io/opencensus/opencensus-contrib-grpc-metrics/0.17.0/opencensus-contrib-grpc-metrics-0.17.0.jar:/home/user/.m2/repository/io/netty/netty-codec-http2/4.1.30.Final/netty-codec-http2-4.1.30.Final.jar:/home/user/.m2/repository/io/netty/netty-codec-http/4.1.30.Final/netty-codec-http-4.1.30.Final.jar:/home/user/.m2/repository/io/netty/netty-codec/4.1.30.Final/netty-codec-4.1.30.Final.jar:/home/user/.m2/repository/io/netty/netty-handler/4.1.30.Final/netty-handler-4.1.30.Final.jar:/home/user/.m2/repository/io/netty/netty-handler-proxy/4.1.30.Final/netty-handler-proxy-4.1.30.Final.jar:/home/user/.m2/repository/io/netty/netty-codec-socks/4.1.30.Final/netty-codec-socks-4.1.30.Final.jar:/home/user/.m2/repository/io/netty/netty-transport-native-epoll/4.1.30.Final/netty-transport-native-epoll-4.1.30.Final.jar:/home/user/.m2/repository/io/netty/netty-common/4.1.30.Final/netty-common-4.1.30.Final.jar:/home/user/.m2/repository/io/netty/netty-buffer/4.1.30.Final/netty-buffer-4.1.30.Final.jar:/home/user/.m2/repository/io/netty/netty-transport/4.1.30.Final/netty-transport-4.1.30.Final.jar:/home/user/.m2/repository/io/netty/netty-resolver/4.1.30.Final/netty-resolver-4.1.30.Final.jar:/home/user/.m2/repository/io/netty/netty-transport-native-unix-common/4.1.30.Final/netty-transport-native-unix-common-4.1.30.Final.jar:/home/user/.m2/repository/io/grpc/grpc-protobuf/1.17.1/grpc-protobuf-1.17.1.jar:/home/user/.m2/repository/com/google/api/grpc/proto-google-common-protos/1.0.0/proto-google-common-protos-1.0.0.jar:/home/user/.m2/repository/io/grpc/grpc-protobuf-lite/1.17.1/grpc-protobuf-lite-1.17.1.jar:/home/user/.m2/repository/io/grpc/grpc-stub/1.17.1/grpc-stub-1.17.1.jar:/home/user/.m2/repository/org/apache/hadoop/hadoop-ozone-recon/0.5.0-SNAPSHOT/hadoop-ozone-recon-0.5.0-SNAPSHOT.jar:/home/user/.m2/repository/org/apache/hadoop/hadoop-ozone-reconcodegen/0.5.0-SNAPSHOT/hadoop-ozone-reconcodegen-0.5.0-SNAPSHOT.jar:/home/user/.m2/repository/com/google/inject/extensions/guice-multibindings/4.0/guice-multibindings-4.0.jar:/home/user/.m2/repository/com/google/inject/guice/4.0/guice-4.0.jar:/home/user/.m2/repository/aopalliance/aopalliance/1.0/aopalliance-1.0.jar:/home/user/.m2/repository/com/google/inject/extensions/guice-servlet/4.0/guice-servlet-4.0.jar:/home/user/.m2/repository/org/glassfish/jersey/containers/jersey-container-servlet/2.27/jersey-container-servlet-2.27.jar:/home/user/.m2/repository/org/glassfish/hk2/guice-bridge/2.5.0/guice-bridge-2.5.0.jar:/home/user/.m2/repository/org/glassfish/jersey/core/jersey-server/2.27/jersey-server-2.27.jar:/home/user/.m2/repository/org/glassfish/jersey/core/jersey-client/2.27/jersey-client-2.27.jar:/home/user/.m2/repository/org/glassfish/jersey/media/jersey-media-jaxb/2.27/jersey-media-jaxb-2.27.jar:/home/user/.m2/repository/javax/validation/validation-api/1.1.0.Final/validation-api-1.1.0.Final.jar:/home/user/.m2/repository/org/glassfish/jersey/media/jersey-media-json-jackson/2.27/jersey-media-json-jackson-2.27.jar:/home/user/.m2/repository/org/glassfish/jersey/ext/jersey-entity-filtering/2.27/jersey-entity-filtering-2.27.jar:/home/user/.m2/repository/com/google/inject/extensions/guice-assistedinject/4.0/guice-assistedinject-4.0.jar:/home/user/.m2/repository/org/jooq/jooq/3.11.10/jooq-3.11.10.jar:/home/user/.m2/repository/org/jooq/jooq-meta/3.11.10/jooq-meta-3.11.10.jar:/home/user/.m2/repository/org/jooq/jooq-codegen/3.11.10/jooq-codegen-3.11.10.jar:/home/user/.m2/repository/com/jolbox/bonecp/0.8.0.RELEASE/bonecp-0.8.0.RELEASE.jar:/home/user/.m2/repository/org/xerial/sqlite-jdbc/3.25.2/sqlite-jdbc-3.25.2.jar:/home/user/.m2/repository/org/springframework/spring-jdbc/5.1.3.RELEASE/spring-jdbc-5.1.3.RELEASE.jar:/home/user/.m2/repository/org/springframework/spring-beans/5.1.3.RELEASE/spring-beans-5.1.3.RELEASE.jar:/home/user/.m2/repository/org/springframework/spring-core/5.1.3.RELEASE/spring-core-5.1.3.RELEASE.jar:/home/user/.m2/repository/org/springframework/spring-jcl/5.1.3.RELEASE/spring-jcl-5.1.3.RELEASE.jar:/home/user/.m2/repository/org/springframework/spring-tx/5.1.3.RELEASE/spring-tx-5.1.3.RELEASE.jar:/home/user/.m2/repository/org/apache/hadoop/hadoop-ozone-client/0.5.0-SNAPSHOT/hadoop-ozone-client-0.5.0-SNAPSHOT.jar:/home/user/.m2/repository/commons-lang/commons-lang/2.6/commons-lang-2.6.jar:/home/user/.m2/repository/org/apache/hadoop/hadoop-ozone-ozone-manager/0.5.0-SNAPSHOT/hadoop-ozone-ozone-manager-0.5.0-SNAPSHOT-tests.jar:/home/user/.m2/repository/junit/junit/4.11/junit-4.11.jar:/home/user/.m2/repository/org/hamcrest/hamcrest-core/1.3/hamcrest-core-1.3.jar:/home/user/.m2/repository/org/openjdk/jmh/jmh-core/1.19/jmh-core-1.19.jar:/home/user/.m2/repository/net/sf/jopt-simple/jopt-simple/4.6/jopt-simple-4.6.jar:/home/user/.m2/repository/org/apache/commons/commons-math3/3.1.1/commons-math3-3.1.1.jar:/home/user/.m2/repository/org/openjdk/jmh/jmh-generator-annprocess/1.19/jmh-generator-annprocess-1.19.jar:/home/user/.m2/repository/org/mockito/mockito-all/1.8.5/mockito-all-1.8.5.jar:/home/user/.m2/repository/org/apache/hadoop/hadoop-kms/3.2.0/hadoop-kms-3.2.0.jar:/home/user/.m2/repository/org/apache/hadoop/hadoop-auth/3.2.0/hadoop-auth-3.2.0.jar:/home/user/.m2/repository/com/nimbusds/nimbus-jose-jwt/4.41.1/nimbus-jose-jwt-4.41.1.jar:/home/user/.m2/repository/com/github/stephenc/jcip/jcip-annotations/1.0-1/jcip-annotations-1.0-1.jar:/home/user/.m2/repository/net/minidev/json-smart/2.3/json-smart-2.3.jar:/home/user/.m2/repository/net/minidev/accessors-smart/1.2/accessors-smart-1.2.jar:/home/user/.m2/repository/org/ow2/asm/asm/5.0.4/asm-5.0.4.jar:/home/user/.m2/repository/org/apache/curator/curator-framework/2.12.0/curator-framework-2.12.0.jar:/home/user/.m2/repository/com/sun/jersey/jersey-core/1.19/jersey-core-1.19.jar:/home/user/.m2/repository/javax/ws/rs/jsr311-api/1.1.1/jsr311-api-1.1.1.jar:/home/user/.m2/repository/com/sun/jersey/jersey-server/1.19/jersey-server-1.19.jar:/home/user/.m2/repository/javax/servlet/javax.servlet-api/3.1.0/javax.servlet-api-3.1.0.jar:/home/user/.m2/repository/org/eclipse/jetty/jetty-server/9.3.25.v20180904/jetty-server-9.3.25.v20180904.jar:/home/user/.m2/repository/org/eclipse/jetty/jetty-http/9.3.25.v20180904/jetty-http-9.3.25.v20180904.jar:/home/user/.m2/repository/org/eclipse/jetty/jetty-io/9.3.25.v20180904/jetty-io-9.3.25.v20180904.jar:/home/user/.m2/repository/org/eclipse/jetty/jetty-webapp/9.3.25.v20180904/jetty-webapp-9.3.25.v20180904.jar:/home/user/.m2/repository/org/eclipse/jetty/jetty-xml/9.3.25.v20180904/jetty-xml-9.3.25.v20180904.jar:/home/user/.m2/repository/log4j/log4j/1.2.17/log4j-1.2.17.jar:/home/user/.m2/repository/org/slf4j/slf4j-api/1.7.25/slf4j-api-1.7.25.jar:/home/user/.m2/repository/org/slf4j/jul-to-slf4j/1.7.25/jul-to-slf4j-1.7.25.jar:/home/user/.m2/repository/org/eclipse/jetty/jetty-util/9.3.25.v20180904/jetty-util-9.3.25.v20180904.jar:/home/user/.m2/repository/com/fasterxml/jackson/core/jackson-databind/2.9.9/jackson-databind-2.9.9.jar:/home/user/.m2/repository/org/apache/hadoop/hadoop-kms/3.2.0/hadoop-kms-3.2.0-tests.jar:/home/user/.m2/repository/org/apache/hadoop/hadoop-hdds-server-scm/0.5.0-SNAPSHOT/hadoop-hdds-server-scm-0.5.0-SNAPSHOT-tests.jar:/home/user/.m2/repository/org/apache/hadoop/hadoop-hdds-container-service/0.5.0-SNAPSHOT/hadoop-hdds-container-service-0.5.0-SNAPSHOT-tests.jar:/home/user/.m2/repository/org/yaml/snakeyaml/1.16/snakeyaml-1.16.jar:/home/user/.m2/repository/org/apache/hadoop/hadoop-common/3.2.0/hadoop-common-3.2.0-tests.jar:/home/user/.m2/repository/org/apache/hadoop/hadoop-annotations/3.2.0/hadoop-annotations-3.2.0.jar:/usr/lib/jvm/java-1.8-openjdk/jre/../lib/tools.jar:/home/user/.m2/repository/commons-cli/commons-cli/1.2/commons-cli-1.2.jar:/home/user/.m2/repository/org/apache/httpcomponents/httpclient/4.5.2/httpclient-4.5.2.jar:/home/user/.m2/repository/org/apache/httpcomponents/httpcore/4.4.4/httpcore-4.4.4.jar:/home/user/.m2/repository/commons-codec/commons-codec/1.11/commons-codec-1.11.jar:/home/user/.m2/repository/commons-net/commons-net/3.6/commons-net-3.6.jar:/home/user/.m2/repository/commons-collections/commons-collections/3.2.2/commons-collections-3.2.2.jar:/home/user/.m2/repository/org/eclipse/jetty/jetty-servlet/9.3.25.v20180904/jetty-servlet-9.3.25.v20180904.jar:/home/user/.m2/repository/org/eclipse/jetty/jetty-security/9.3.25.v20180904/jetty-security-9.3.25.v20180904.jar:/home/user/.m2/repository/javax/servlet/jsp/jsp-api/2.1/jsp-api-2.1.jar:/home/user/.m2/repository/com/sun/jersey/jersey-servlet/1.19/jersey-servlet-1.19.jar:/home/user/.m2/repository/com/sun/jersey/jersey-json/1.19/jersey-json-1.19.jar:/home/user/.m2/repository/org/codehaus/jettison/jettison/1.1/jettison-1.1.jar:/home/user/.m2/repository/org/codehaus/jackson/jackson-core-asl/1.9.13/jackson-core-asl-1.9.13.jar:/home/user/.m2/repository/org/codehaus/jackson/jackson-mapper-asl/1.9.13/jackson-mapper-asl-1.9.13.jar:/home/user/.m2/repository/org/codehaus/jackson/jackson-jaxrs/1.9.13/jackson-jaxrs-1.9.13.jar:/home/user/.m2/repository/org/codehaus/jackson/jackson-xc/1.9.13/jackson-xc-1.9.13.jar:/home/user/.m2/repository/commons-logging/commons-logging/1.1.3/commons-logging-1.1.3.jar:/home/user/.m2/repository/commons-beanutils/commons-beanutils/1.9.4/commons-beanutils-1.9.4.jar:/home/user/.m2/repository/org/apache/commons/commons-configuration2/2.1.1/commons-configuration2-2.1.1.jar:/home/user/.m2/repository/org/apache/commons/commons-lang3/3.7/commons-lang3-3.7.jar:/home/user/.m2/repository/org/apache/commons/commons-text/1.4/commons-text-1.4.jar:/home/user/.m2/repository/org/apache/avro/avro/1.7.7/avro-1.7.7.jar:/home/user/.m2/repository/com/thoughtworks/paranamer/paranamer/2.3/paranamer-2.3.jar:/home/user/.m2/repository/org/xerial/snappy/snappy-java/1.0.5/snappy-java-1.0.5.jar:/home/user/.m2/repository/com/google/re2j/re2j/1.1/re2j-1.1.jar:/home/user/.m2/repository/com/google/code/gson/gson/2.2.4/gson-2.2.4.jar:/home/user/.m2/repository/com/jcraft/jsch/0.1.54/jsch-0.1.54.jar:/home/user/.m2/repository/org/apache/curator/curator-client/2.12.0/curator-client-2.12.0.jar:/home/user/.m2/repository/org/apache/curator/curator-recipes/2.12.0/curator-recipes-2.12.0.jar:/home/user/.m2/repository/com/google/code/findbugs/jsr305/3.0.0/jsr305-3.0.0.jar:/home/user/.m2/repository/org/apache/htrace/htrace-core4/4.1.0-incubating/htrace-core4-4.1.0-incubating.jar:/home/user/.m2/repository/org/apache/zookeeper/zookeeper/3.4.13/zookeeper-3.4.13.jar:/home/user/.m2/repository/jline/jline/0.9.94/jline-0.9.94.jar:/home/user/.m2/repository/org/apache/yetus/audience-annotations/0.5.0/audience-annotations-0.5.0.jar:/home/user/.m2/repository/org/codehaus/woodstox/stax2-api/3.1.4/stax2-api-3.1.4.jar:/home/user/.m2/repository/com/fasterxml/woodstox/woodstox-core/5.0.3/woodstox-core-5.0.3.jar:/home/user/.m2/repository/dnsjava/dnsjava/2.1.7/dnsjava-2.1.7.jar:/home/user/.m2/repository/org/apache/hadoop/hadoop-hdfs/3.2.0/hadoop-hdfs-3.2.0-tests.jar:/home/user/.m2/repository/org/eclipse/jetty/jetty-util-ajax/9.3.25.v20180904/jetty-util-ajax-9.3.25.v20180904.jar:/home/user/.m2/repository/commons-daemon/commons-daemon/1.0.13/commons-daemon-1.0.13.jar:/home/user/.m2/repository/io/netty/netty/3.10.5.Final/netty-3.10.5.Final.jar:/home/user/.m2/repository/io/netty/netty-all/4.0.52.Final/netty-all-4.0.52.Final.jar:/home/user/.m2/repository/org/fusesource/leveldbjni/leveldbjni-all/1.8/leveldbjni-all-1.8.jar:"/>
    <property name="java.vm.vendor" value="IcedTea"/>
    <property name="sun.arch.data.model" value="64"/>
    <property name="test.build.dir" value="/workdir/hadoop-ozone/integration-test/target/test-dir"/>
    <property name="test.cache.data" value=""/>
    <property name="java.vendor.url" value="https://icedtea.classpath.org"/>
    <property name="user.timezone" value=""/>
    <property name="java.vm.specification.version" value="1.8"/>
    <property name="os.name" value="Linux"/>
    <property name="test.build.data" value="/workdir/hadoop-ozone/integration-test/target/test-dir"/>
    <property name="user.country" value="US"/>
    <property name="sun.java.launcher" value="SUN_STANDARD"/>
    <property name="sun.boot.library.path" value="/usr/lib/jvm/java-1.8-openjdk/jre/lib/amd64"/>
    <property name="sun.java.command" value="/workdir/hadoop-ozone/integration-test/target/surefire/surefirebooter7089339148592643889.jar /workdir/hadoop-ozone/integration-test/target/surefire 2019-09-24T05-25-09_032-jvmRun1 surefire2053722401306657591tmp surefire_637595178559600130360tmp"/>
    <property name="test" value="!TestMiniChaosOzoneCluster"/>
    <property name="surefire.test.class.path" value="/workdir/hadoop-ozone/integration-test/target/test-classes:/workdir/hadoop-ozone/integration-test/target/classes:/home/user/.m2/repository/org/apache/hadoop/hadoop-ozone-common/0.5.0-SNAPSHOT/hadoop-ozone-common-0.5.0-SNAPSHOT.jar:/home/user/.m2/repository/org/apache/commons/commons-compress/1.4.1/commons-compress-1.4.1.jar:/home/user/.m2/repository/org/tukaani/xz/1.0/xz-1.0.jar:/home/user/.m2/repository/org/apache/hadoop/hadoop-common/3.2.0/hadoop-common-3.2.0.jar:/home/user/.m2/repository/org/apache/hadoop/hadoop-hdfs/3.2.0/hadoop-hdfs-3.2.0.jar:/home/user/.m2/repository/org/apache/hadoop/hadoop-hdfs-client/3.2.0/hadoop-hdfs-client-3.2.0.jar:/home/user/.m2/repository/com/fasterxml/jackson/core/jackson-annotations/2.9.9/jackson-annotations-2.9.9.jar:/home/user/.m2/repository/org/apache/hadoop/hadoop-hdds-common/0.5.0-SNAPSHOT/hadoop-hdds-common-0.5.0-SNAPSHOT.jar:/home/user/.m2/repository/javax/annotation/javax.annotation-api/1.2/javax.annotation-api-1.2.jar:/home/user/.m2/repository/org/apache/ratis/ratis-server/0.4.0/ratis-server-0.4.0.jar:/home/user/.m2/repository/org/apache/ratis/ratis-thirdparty-misc/0.2.0/ratis-thirdparty-misc-0.2.0.jar:/home/user/.m2/repository/org/apache/ratis/ratis-proto/0.4.0/ratis-proto-0.4.0.jar:/home/user/.m2/repository/org/apache/ratis/ratis-common/0.4.0/ratis-common-0.4.0.jar:/home/user/.m2/repository/org/apache/ratis/ratis-client/0.4.0/ratis-client-0.4.0.jar:/home/user/.m2/repository/org/apache/ratis/ratis-metrics/0.4.0/ratis-metrics-0.4.0.jar:/home/user/.m2/repository/com/github/joshelser/dropwizard-metrics-hadoop-metrics2-reporter/0.1.2/dropwizard-metrics-hadoop-metrics2-reporter-0.1.2.jar:/home/user/.m2/repository/io/dropwizard/metrics/metrics-jvm/3.2.5/metrics-jvm-3.2.5.jar:/home/user/.m2/repository/io/dropwizard/metrics/metrics-ganglia/3.2.5/metrics-ganglia-3.2.5.jar:/home/user/.m2/repository/info/ganglia/gmetric4j/gmetric4j/1.0.7/gmetric4j-1.0.7.jar:/home/user/.m2/repository/org/apache/ratis/ratis-netty/0.4.0/ratis-netty-0.4.0.jar:/home/user/.m2/repository/org/apache/ratis/ratis-grpc/0.4.0/ratis-grpc-0.4.0.jar:/home/user/.m2/repository/org/rocksdb/rocksdbjni/6.0.1/rocksdbjni-6.0.1.jar:/home/user/.m2/repository/org/apache/logging/log4j/log4j-api/2.11.0/log4j-api-2.11.0.jar:/home/user/.m2/repository/org/apache/logging/log4j/log4j-core/2.11.0/log4j-core-2.11.0.jar:/home/user/.m2/repository/com/lmax/disruptor/3.4.2/disruptor-3.4.2.jar:/home/user/.m2/repository/org/apache/commons/commons-pool2/2.6.0/commons-pool2-2.6.0.jar:/home/user/.m2/repository/org/bouncycastle/bcpkix-jdk15on/1.60/bcpkix-jdk15on-1.60.jar:/home/user/.m2/repository/commons-validator/commons-validator/1.6/commons-validator-1.6.jar:/home/user/.m2/repository/commons-digester/commons-digester/1.8.1/commons-digester-1.8.1.jar:/home/user/.m2/repository/io/jaegertracing/jaeger-client/0.34.0/jaeger-client-0.34.0.jar:/home/user/.m2/repository/io/jaegertracing/jaeger-thrift/0.34.0/jaeger-thrift-0.34.0.jar:/home/user/.m2/repository/org/apache/thrift/libthrift/0.12.0/libthrift-0.12.0.jar:/home/user/.m2/repository/com/squareup/okhttp3/okhttp/3.9.0/okhttp-3.9.0.jar:/home/user/.m2/repository/com/squareup/okio/okio/1.13.0/okio-1.13.0.jar:/home/user/.m2/repository/io/jaegertracing/jaeger-core/0.34.0/jaeger-core-0.34.0.jar:/home/user/.m2/repository/io/jaegertracing/jaeger-tracerresolver/0.34.0/jaeger-tracerresolver-0.34.0.jar:/home/user/.m2/repository/io/opentracing/contrib/opentracing-tracerresolver/0.1.5/opentracing-tracerresolver-0.1.5.jar:/home/user/.m2/repository/io/opentracing/opentracing-util/0.31.0/opentracing-util-0.31.0.jar:/home/user/.m2/repository/io/opentracing/opentracing-api/0.31.0/opentracing-api-0.31.0.jar:/home/user/.m2/repository/io/opentracing/opentracing-noop/0.31.0/opentracing-noop-0.31.0.jar:/home/user/.m2/repository/org/apache/hadoop/hadoop-hdds-server-framework/0.5.0-SNAPSHOT/hadoop-hdds-server-framework-0.5.0-SNAPSHOT.jar:/home/user/.m2/repository/org/apache/hadoop/hadoop-hdds-container-service/0.5.0-SNAPSHOT/hadoop-hdds-container-service-0.5.0-SNAPSHOT.jar:/home/user/.m2/repository/org/apache/hadoop/hadoop-hdds-client/0.5.0-SNAPSHOT/hadoop-hdds-client-0.5.0-SNAPSHOT.jar:/home/user/.m2/repository/org/apache/hadoop/hadoop-hdds-tools/0.5.0-SNAPSHOT/hadoop-hdds-tools-0.5.0-SNAPSHOT.jar:/home/user/.m2/repository/org/apache/hadoop/hadoop-hdds-server-scm/0.5.0-SNAPSHOT/hadoop-hdds-server-scm-0.5.0-SNAPSHOT.jar:/home/user/.m2/repository/org/apache/hadoop/hadoop-hdds-docs/0.5.0-SNAPSHOT/hadoop-hdds-docs-0.5.0-SNAPSHOT.jar:/home/user/.m2/repository/io/dropwizard/metrics/metrics-core/3.2.4/metrics-core-3.2.4.jar:/home/user/.m2/repository/org/hamcrest/hamcrest-all/1.3/hamcrest-all-1.3.jar:/home/user/.m2/repository/org/bouncycastle/bcprov-jdk15on/1.60/bcprov-jdk15on-1.60.jar:/home/user/.m2/repository/info/picocli/picocli/3.9.6/picocli-3.9.6.jar:/home/user/.m2/repository/com/google/protobuf/protobuf-java/2.5.0/protobuf-java-2.5.0.jar:/home/user/.m2/repository/com/google/guava/guava/11.0.2/guava-11.0.2.jar:/home/user/.m2/repository/org/apache/hadoop/hadoop-ozone-ozone-manager/0.5.0-SNAPSHOT/hadoop-ozone-ozone-manager-0.5.0-SNAPSHOT.jar:/home/user/.m2/repository/org/apache/hadoop/hadoop-minikdc/3.2.0/hadoop-minikdc-3.2.0.jar:/home/user/.m2/repository/commons-io/commons-io/2.5/commons-io-2.5.jar:/home/user/.m2/repository/org/apache/kerby/kerb-simplekdc/1.0.1/kerb-simplekdc-1.0.1.jar:/home/user/.m2/repository/org/apache/kerby/kerb-client/1.0.1/kerb-client-1.0.1.jar:/home/user/.m2/repository/org/apache/kerby/kerby-config/1.0.1/kerby-config-1.0.1.jar:/home/user/.m2/repository/org/apache/kerby/kerb-core/1.0.1/kerb-core-1.0.1.jar:/home/user/.m2/repository/org/apache/kerby/kerby-pkix/1.0.1/kerby-pkix-1.0.1.jar:/home/user/.m2/repository/org/apache/kerby/kerby-asn1/1.0.1/kerby-asn1-1.0.1.jar:/home/user/.m2/repository/org/apache/kerby/kerby-util/1.0.1/kerby-util-1.0.1.jar:/home/user/.m2/repository/org/apache/kerby/kerb-common/1.0.1/kerb-common-1.0.1.jar:/home/user/.m2/repository/org/apache/kerby/kerb-crypto/1.0.1/kerb-crypto-1.0.1.jar:/home/user/.m2/repository/org/apache/kerby/kerb-util/1.0.1/kerb-util-1.0.1.jar:/home/user/.m2/repository/org/apache/kerby/token-provider/1.0.1/token-provider-1.0.1.jar:/home/user/.m2/repository/org/apache/kerby/kerb-admin/1.0.1/kerb-admin-1.0.1.jar:/home/user/.m2/repository/org/apache/kerby/kerb-server/1.0.1/kerb-server-1.0.1.jar:/home/user/.m2/repository/org/apache/kerby/kerb-identity/1.0.1/kerb-identity-1.0.1.jar:/home/user/.m2/repository/org/apache/kerby/kerby-xdr/1.0.1/kerby-xdr-1.0.1.jar:/home/user/.m2/repository/org/slf4j/slf4j-log4j12/1.7.25/slf4j-log4j12-1.7.25.jar:/home/user/.m2/repository/org/apache/hadoop/hadoop-ozone-s3gateway/0.5.0-SNAPSHOT/hadoop-ozone-s3gateway-0.5.0-SNAPSHOT.jar:/home/user/.m2/repository/org/jboss/weld/servlet/weld-servlet/2.4.7.Final/weld-servlet-2.4.7.Final.jar:/home/user/.m2/repository/org/glassfish/jersey/containers/jersey-container-servlet-core/2.27/jersey-container-servlet-core-2.27.jar:/home/user/.m2/repository/org/glassfish/hk2/external/javax.inject/2.5.0-b42/javax.inject-2.5.0-b42.jar:/home/user/.m2/repository/org/glassfish/jersey/core/jersey-common/2.27/jersey-common-2.27.jar:/home/user/.m2/repository/org/glassfish/hk2/osgi-resource-locator/1.0.1/osgi-resource-locator-1.0.1.jar:/home/user/.m2/repository/javax/ws/rs/javax.ws.rs-api/2.1/javax.ws.rs-api-2.1.jar:/home/user/.m2/repository/org/glassfish/jersey/ext/cdi/jersey-cdi1x/2.27/jersey-cdi1x-2.27.jar:/home/user/.m2/repository/org/glassfish/jersey/inject/jersey-hk2/2.27/jersey-hk2-2.27.jar:/home/user/.m2/repository/org/glassfish/hk2/hk2-locator/2.5.0-b42/hk2-locator-2.5.0-b42.jar:/home/user/.m2/repository/org/javassist/javassist/3.22.0-CR2/javassist-3.22.0-CR2.jar:/home/user/.m2/repository/org/glassfish/hk2/hk2-api/2.5.0/hk2-api-2.5.0.jar:/home/user/.m2/repository/org/glassfish/hk2/external/jakarta.inject/2.5.0/jakarta.inject-2.5.0.jar:/home/user/.m2/repository/org/glassfish/hk2/hk2-utils/2.5.0/hk2-utils-2.5.0.jar:/home/user/.m2/repository/jakarta/annotation/jakarta.annotation-api/1.3.4/jakarta.annotation-api-1.3.4.jar:/home/user/.m2/repository/org/glassfish/hk2/external/aopalliance-repackaged/2.5.0/aopalliance-repackaged-2.5.0.jar:/home/user/.m2/repository/com/fasterxml/jackson/dataformat/jackson-dataformat-xml/2.9.0/jackson-dataformat-xml-2.9.0.jar:/home/user/.m2/repository/com/fasterxml/jackson/core/jackson-core/2.9.9/jackson-core-2.9.9.jar:/home/user/.m2/repository/com/fasterxml/jackson/module/jackson-module-jaxb-annotations/2.9.9/jackson-module-jaxb-annotations-2.9.9.jar:/home/user/.m2/repository/javax/enterprise/cdi-api/1.2/cdi-api-1.2.jar:/home/user/.m2/repository/javax/el/javax.el-api/3.0.0/javax.el-api-3.0.0.jar:/home/user/.m2/repository/javax/interceptor/javax.interceptor-api/1.2/javax.interceptor-api-1.2.jar:/home/user/.m2/repository/javax/inject/javax.inject/1/javax.inject-1.jar:/home/user/.m2/repository/com/sun/xml/bind/jaxb-impl/2.3.0.1/jaxb-impl-2.3.0.1.jar:/home/user/.m2/repository/com/sun/xml/bind/jaxb-core/2.3.0.1/jaxb-core-2.3.0.1.jar:/home/user/.m2/repository/javax/xml/bind/jaxb-api/2.3.0/jaxb-api-2.3.0.jar:/home/user/.m2/repository/javax/activation/activation/1.1.1/activation-1.1.1.jar:/home/user/.m2/repository/org/apache/hadoop/hadoop-ozone-csi/0.5.0-SNAPSHOT/hadoop-ozone-csi-0.5.0-SNAPSHOT.jar:/home/user/.m2/repository/com/google/protobuf/protobuf-java-util/3.5.1/protobuf-java-util-3.5.1.jar:/home/user/.m2/repository/org/apache/hadoop/hadoop-hdds-config/0.5.0-SNAPSHOT/hadoop-hdds-config-0.5.0-SNAPSHOT.jar:/home/user/.m2/repository/io/grpc/grpc-netty/1.17.1/grpc-netty-1.17.1.jar:/home/user/.m2/repository/io/grpc/grpc-core/1.17.1/grpc-core-1.17.1.jar:/home/user/.m2/repository/io/grpc/grpc-context/1.17.1/grpc-context-1.17.1.jar:/home/user/.m2/repository/com/google/errorprone/error_prone_annotations/2.2.0/error_prone_annotations-2.2.0.jar:/home/user/.m2/repository/org/codehaus/mojo/animal-sniffer-annotations/1.17/animal-sniffer-annotations-1.17.jar:/home/user/.m2/repository/io/opencensus/opencensus-api/0.17.0/opencensus-api-0.17.0.jar:/home/user/.m2/repository/io/opencensus/opencensus-contrib-grpc-metrics/0.17.0/opencensus-contrib-grpc-metrics-0.17.0.jar:/home/user/.m2/repository/io/netty/netty-codec-http2/4.1.30.Final/netty-codec-http2-4.1.30.Final.jar:/home/user/.m2/repository/io/netty/netty-codec-http/4.1.30.Final/netty-codec-http-4.1.30.Final.jar:/home/user/.m2/repository/io/netty/netty-codec/4.1.30.Final/netty-codec-4.1.30.Final.jar:/home/user/.m2/repository/io/netty/netty-handler/4.1.30.Final/netty-handler-4.1.30.Final.jar:/home/user/.m2/repository/io/netty/netty-handler-proxy/4.1.30.Final/netty-handler-proxy-4.1.30.Final.jar:/home/user/.m2/repository/io/netty/netty-codec-socks/4.1.30.Final/netty-codec-socks-4.1.30.Final.jar:/home/user/.m2/repository/io/netty/netty-transport-native-epoll/4.1.30.Final/netty-transport-native-epoll-4.1.30.Final.jar:/home/user/.m2/repository/io/netty/netty-common/4.1.30.Final/netty-common-4.1.30.Final.jar:/home/user/.m2/repository/io/netty/netty-buffer/4.1.30.Final/netty-buffer-4.1.30.Final.jar:/home/user/.m2/repository/io/netty/netty-transport/4.1.30.Final/netty-transport-4.1.30.Final.jar:/home/user/.m2/repository/io/netty/netty-resolver/4.1.30.Final/netty-resolver-4.1.30.Final.jar:/home/user/.m2/repository/io/netty/netty-transport-native-unix-common/4.1.30.Final/netty-transport-native-unix-common-4.1.30.Final.jar:/home/user/.m2/repository/io/grpc/grpc-protobuf/1.17.1/grpc-protobuf-1.17.1.jar:/home/user/.m2/repository/com/google/api/grpc/proto-google-common-protos/1.0.0/proto-google-common-protos-1.0.0.jar:/home/user/.m2/repository/io/grpc/grpc-protobuf-lite/1.17.1/grpc-protobuf-lite-1.17.1.jar:/home/user/.m2/repository/io/grpc/grpc-stub/1.17.1/grpc-stub-1.17.1.jar:/home/user/.m2/repository/org/apache/hadoop/hadoop-ozone-recon/0.5.0-SNAPSHOT/hadoop-ozone-recon-0.5.0-SNAPSHOT.jar:/home/user/.m2/repository/org/apache/hadoop/hadoop-ozone-reconcodegen/0.5.0-SNAPSHOT/hadoop-ozone-reconcodegen-0.5.0-SNAPSHOT.jar:/home/user/.m2/repository/com/google/inject/extensions/guice-multibindings/4.0/guice-multibindings-4.0.jar:/home/user/.m2/repository/com/google/inject/guice/4.0/guice-4.0.jar:/home/user/.m2/repository/aopalliance/aopalliance/1.0/aopalliance-1.0.jar:/home/user/.m2/repository/com/google/inject/extensions/guice-servlet/4.0/guice-servlet-4.0.jar:/home/user/.m2/repository/org/glassfish/jersey/containers/jersey-container-servlet/2.27/jersey-container-servlet-2.27.jar:/home/user/.m2/repository/org/glassfish/hk2/guice-bridge/2.5.0/guice-bridge-2.5.0.jar:/home/user/.m2/repository/org/glassfish/jersey/core/jersey-server/2.27/jersey-server-2.27.jar:/home/user/.m2/repository/org/glassfish/jersey/core/jersey-client/2.27/jersey-client-2.27.jar:/home/user/.m2/repository/org/glassfish/jersey/media/jersey-media-jaxb/2.27/jersey-media-jaxb-2.27.jar:/home/user/.m2/repository/javax/validation/validation-api/1.1.0.Final/validation-api-1.1.0.Final.jar:/home/user/.m2/repository/org/glassfish/jersey/media/jersey-media-json-jackson/2.27/jersey-media-json-jackson-2.27.jar:/home/user/.m2/repository/org/glassfish/jersey/ext/jersey-entity-filtering/2.27/jersey-entity-filtering-2.27.jar:/home/user/.m2/repository/com/google/inject/extensions/guice-assistedinject/4.0/guice-assistedinject-4.0.jar:/home/user/.m2/repository/org/jooq/jooq/3.11.10/jooq-3.11.10.jar:/home/user/.m2/repository/org/jooq/jooq-meta/3.11.10/jooq-meta-3.11.10.jar:/home/user/.m2/repository/org/jooq/jooq-codegen/3.11.10/jooq-codegen-3.11.10.jar:/home/user/.m2/repository/com/jolbox/bonecp/0.8.0.RELEASE/bonecp-0.8.0.RELEASE.jar:/home/user/.m2/repository/org/xerial/sqlite-jdbc/3.25.2/sqlite-jdbc-3.25.2.jar:/home/user/.m2/repository/org/springframework/spring-jdbc/5.1.3.RELEASE/spring-jdbc-5.1.3.RELEASE.jar:/home/user/.m2/repository/org/springframework/spring-beans/5.1.3.RELEASE/spring-beans-5.1.3.RELEASE.jar:/home/user/.m2/repository/org/springframework/spring-core/5.1.3.RELEASE/spring-core-5.1.3.RELEASE.jar:/home/user/.m2/repository/org/springframework/spring-jcl/5.1.3.RELEASE/spring-jcl-5.1.3.RELEASE.jar:/home/user/.m2/repository/org/springframework/spring-tx/5.1.3.RELEASE/spring-tx-5.1.3.RELEASE.jar:/home/user/.m2/repository/org/apache/hadoop/hadoop-ozone-client/0.5.0-SNAPSHOT/hadoop-ozone-client-0.5.0-SNAPSHOT.jar:/home/user/.m2/repository/commons-lang/commons-lang/2.6/commons-lang-2.6.jar:/home/user/.m2/repository/org/apache/hadoop/hadoop-ozone-ozone-manager/0.5.0-SNAPSHOT/hadoop-ozone-ozone-manager-0.5.0-SNAPSHOT-tests.jar:/home/user/.m2/repository/junit/junit/4.11/junit-4.11.jar:/home/user/.m2/repository/org/hamcrest/hamcrest-core/1.3/hamcrest-core-1.3.jar:/home/user/.m2/repository/org/openjdk/jmh/jmh-core/1.19/jmh-core-1.19.jar:/home/user/.m2/repository/net/sf/jopt-simple/jopt-simple/4.6/jopt-simple-4.6.jar:/home/user/.m2/repository/org/apache/commons/commons-math3/3.1.1/commons-math3-3.1.1.jar:/home/user/.m2/repository/org/openjdk/jmh/jmh-generator-annprocess/1.19/jmh-generator-annprocess-1.19.jar:/home/user/.m2/repository/org/mockito/mockito-all/1.8.5/mockito-all-1.8.5.jar:/home/user/.m2/repository/org/apache/hadoop/hadoop-kms/3.2.0/hadoop-kms-3.2.0.jar:/home/user/.m2/repository/org/apache/hadoop/hadoop-auth/3.2.0/hadoop-auth-3.2.0.jar:/home/user/.m2/repository/com/nimbusds/nimbus-jose-jwt/4.41.1/nimbus-jose-jwt-4.41.1.jar:/home/user/.m2/repository/com/github/stephenc/jcip/jcip-annotations/1.0-1/jcip-annotations-1.0-1.jar:/home/user/.m2/repository/net/minidev/json-smart/2.3/json-smart-2.3.jar:/home/user/.m2/repository/net/minidev/accessors-smart/1.2/accessors-smart-1.2.jar:/home/user/.m2/repository/org/ow2/asm/asm/5.0.4/asm-5.0.4.jar:/home/user/.m2/repository/org/apache/curator/curator-framework/2.12.0/curator-framework-2.12.0.jar:/home/user/.m2/repository/com/sun/jersey/jersey-core/1.19/jersey-core-1.19.jar:/home/user/.m2/repository/javax/ws/rs/jsr311-api/1.1.1/jsr311-api-1.1.1.jar:/home/user/.m2/repository/com/sun/jersey/jersey-server/1.19/jersey-server-1.19.jar:/home/user/.m2/repository/javax/servlet/javax.servlet-api/3.1.0/javax.servlet-api-3.1.0.jar:/home/user/.m2/repository/org/eclipse/jetty/jetty-server/9.3.25.v20180904/jetty-server-9.3.25.v20180904.jar:/home/user/.m2/repository/org/eclipse/jetty/jetty-http/9.3.25.v20180904/jetty-http-9.3.25.v20180904.jar:/home/user/.m2/repository/org/eclipse/jetty/jetty-io/9.3.25.v20180904/jetty-io-9.3.25.v20180904.jar:/home/user/.m2/repository/org/eclipse/jetty/jetty-webapp/9.3.25.v20180904/jetty-webapp-9.3.25.v20180904.jar:/home/user/.m2/repository/org/eclipse/jetty/jetty-xml/9.3.25.v20180904/jetty-xml-9.3.25.v20180904.jar:/home/user/.m2/repository/log4j/log4j/1.2.17/log4j-1.2.17.jar:/home/user/.m2/repository/org/slf4j/slf4j-api/1.7.25/slf4j-api-1.7.25.jar:/home/user/.m2/repository/org/slf4j/jul-to-slf4j/1.7.25/jul-to-slf4j-1.7.25.jar:/home/user/.m2/repository/org/eclipse/jetty/jetty-util/9.3.25.v20180904/jetty-util-9.3.25.v20180904.jar:/home/user/.m2/repository/com/fasterxml/jackson/core/jackson-databind/2.9.9/jackson-databind-2.9.9.jar:/home/user/.m2/repository/org/apache/hadoop/hadoop-kms/3.2.0/hadoop-kms-3.2.0-tests.jar:/home/user/.m2/repository/org/apache/hadoop/hadoop-hdds-server-scm/0.5.0-SNAPSHOT/hadoop-hdds-server-scm-0.5.0-SNAPSHOT-tests.jar:/home/user/.m2/repository/org/apache/hadoop/hadoop-hdds-container-service/0.5.0-SNAPSHOT/hadoop-hdds-container-service-0.5.0-SNAPSHOT-tests.jar:/home/user/.m2/repository/org/yaml/snakeyaml/1.16/snakeyaml-1.16.jar:/home/user/.m2/repository/org/apache/hadoop/hadoop-common/3.2.0/hadoop-common-3.2.0-tests.jar:/home/user/.m2/repository/org/apache/hadoop/hadoop-annotations/3.2.0/hadoop-annotations-3.2.0.jar:/usr/lib/jvm/java-1.8-openjdk/jre/../lib/tools.jar:/home/user/.m2/repository/commons-cli/commons-cli/1.2/commons-cli-1.2.jar:/home/user/.m2/repository/org/apache/httpcomponents/httpclient/4.5.2/httpclient-4.5.2.jar:/home/user/.m2/repository/org/apache/httpcomponents/httpcore/4.4.4/httpcore-4.4.4.jar:/home/user/.m2/repository/commons-codec/commons-codec/1.11/commons-codec-1.11.jar:/home/user/.m2/repository/commons-net/commons-net/3.6/commons-net-3.6.jar:/home/user/.m2/repository/commons-collections/commons-collections/3.2.2/commons-collections-3.2.2.jar:/home/user/.m2/repository/org/eclipse/jetty/jetty-servlet/9.3.25.v20180904/jetty-servlet-9.3.25.v20180904.jar:/home/user/.m2/repository/org/eclipse/jetty/jetty-security/9.3.25.v20180904/jetty-security-9.3.25.v20180904.jar:/home/user/.m2/repository/javax/servlet/jsp/jsp-api/2.1/jsp-api-2.1.jar:/home/user/.m2/repository/com/sun/jersey/jersey-servlet/1.19/jersey-servlet-1.19.jar:/home/user/.m2/repository/com/sun/jersey/jersey-json/1.19/jersey-json-1.19.jar:/home/user/.m2/repository/org/codehaus/jettison/jettison/1.1/jettison-1.1.jar:/home/user/.m2/repository/org/codehaus/jackson/jackson-core-asl/1.9.13/jackson-core-asl-1.9.13.jar:/home/user/.m2/repository/org/codehaus/jackson/jackson-mapper-asl/1.9.13/jackson-mapper-asl-1.9.13.jar:/home/user/.m2/repository/org/codehaus/jackson/jackson-jaxrs/1.9.13/jackson-jaxrs-1.9.13.jar:/home/user/.m2/repository/org/codehaus/jackson/jackson-xc/1.9.13/jackson-xc-1.9.13.jar:/home/user/.m2/repository/commons-logging/commons-logging/1.1.3/commons-logging-1.1.3.jar:/home/user/.m2/repository/commons-beanutils/commons-beanutils/1.9.4/commons-beanutils-1.9.4.jar:/home/user/.m2/repository/org/apache/commons/commons-configuration2/2.1.1/commons-configuration2-2.1.1.jar:/home/user/.m2/repository/org/apache/commons/commons-lang3/3.7/commons-lang3-3.7.jar:/home/user/.m2/repository/org/apache/commons/commons-text/1.4/commons-text-1.4.jar:/home/user/.m2/repository/org/apache/avro/avro/1.7.7/avro-1.7.7.jar:/home/user/.m2/repository/com/thoughtworks/paranamer/paranamer/2.3/paranamer-2.3.jar:/home/user/.m2/repository/org/xerial/snappy/snappy-java/1.0.5/snappy-java-1.0.5.jar:/home/user/.m2/repository/com/google/re2j/re2j/1.1/re2j-1.1.jar:/home/user/.m2/repository/com/google/code/gson/gson/2.2.4/gson-2.2.4.jar:/home/user/.m2/repository/com/jcraft/jsch/0.1.54/jsch-0.1.54.jar:/home/user/.m2/repository/org/apache/curator/curator-client/2.12.0/curator-client-2.12.0.jar:/home/user/.m2/repository/org/apache/curator/curator-recipes/2.12.0/curator-recipes-2.12.0.jar:/home/user/.m2/repository/com/google/code/findbugs/jsr305/3.0.0/jsr305-3.0.0.jar:/home/user/.m2/repository/org/apache/htrace/htrace-core4/4.1.0-incubating/htrace-core4-4.1.0-incubating.jar:/home/user/.m2/repository/org/apache/zookeeper/zookeeper/3.4.13/zookeeper-3.4.13.jar:/home/user/.m2/repository/jline/jline/0.9.94/jline-0.9.94.jar:/home/user/.m2/repository/org/apache/yetus/audience-annotations/0.5.0/audience-annotations-0.5.0.jar:/home/user/.m2/repository/org/codehaus/woodstox/stax2-api/3.1.4/stax2-api-3.1.4.jar:/home/user/.m2/repository/com/fasterxml/woodstox/woodstox-core/5.0.3/woodstox-core-5.0.3.jar:/home/user/.m2/repository/dnsjava/dnsjava/2.1.7/dnsjava-2.1.7.jar:/home/user/.m2/repository/org/apache/hadoop/hadoop-hdfs/3.2.0/hadoop-hdfs-3.2.0-tests.jar:/home/user/.m2/repository/org/eclipse/jetty/jetty-util-ajax/9.3.25.v20180904/jetty-util-ajax-9.3.25.v20180904.jar:/home/user/.m2/repository/commons-daemon/commons-daemon/1.0.13/commons-daemon-1.0.13.jar:/home/user/.m2/repository/io/netty/netty/3.10.5.Final/netty-3.10.5.Final.jar:/home/user/.m2/repository/io/netty/netty-all/4.0.52.Final/netty-all-4.0.52.Final.jar:/home/user/.m2/repository/org/fusesource/leveldbjni/leveldbjni-all/1.8/leveldbjni-all-1.8.jar:"/>
    <property name="sun.cpu.endian" value="little"/>
    <property name="user.home" value="/home/user"/>
    <property name="user.language" value="en"/>
    <property name="java.specification.vendor" value="Oracle Corporation"/>
    <property name="java.home" value="/usr/lib/jvm/java-1.8-openjdk/jre"/>
    <property name="java.security.krb5.conf" value="/workdir/hadoop-ozone/integration-test/target/test-classes/krb5.conf"/>
    <property name="basedir" value="/workdir/hadoop-ozone/integration-test"/>
    <property name="file.separator" value="/"/>
    <property name="line.separator" value="&#10;"/>
    <property name="java.vm.specification.vendor" value="Oracle Corporation"/>
    <property name="java.specification.name" value="Java Platform API Specification"/>
    <property name="java.awt.graphicsenv" value="sun.awt.X11GraphicsEnvironment"/>
    <property name="surefire.real.class.path" value="/workdir/hadoop-ozone/integration-test/target/surefire/surefirebooter7089339148592643889.jar"/>
    <property name="hadoop.log.dir" value="/workdir/hadoop-ozone/integration-test/target/log"/>
    <property name="sun.boot.class.path" value="/usr/lib/jvm/java-1.8-openjdk/jre/lib/resources.jar:/usr/lib/jvm/java-1.8-openjdk/jre/lib/rt.jar:/usr/lib/jvm/java-1.8-openjdk/jre/lib/sunrsasign.jar:/usr/lib/jvm/java-1.8-openjdk/jre/lib/jsse.jar:/usr/lib/jvm/java-1.8-openjdk/jre/lib/jce.jar:/usr/lib/jvm/java-1.8-openjdk/jre/lib/charsets.jar:/usr/lib/jvm/java-1.8-openjdk/jre/lib/jfr.jar:/usr/lib/jvm/java-1.8-openjdk/jre/classes"/>
    <property name="sun.management.compiler" value="HotSpot 64-Bit Tiered Compilers"/>
    <property name="java.runtime.version" value="1.8.0_212-b04"/>
    <property name="java.net.preferIPv4Stack" value="true"/>
    <property name="user.name" value="jenkins1000"/>
    <property name="path.separator" value=":"/>
    <property name="java.security.egd" value="file:///dev/urandom"/>
    <property name="os.version" value="3.10.0-957.12.2.el7.x86_64"/>
    <property name="java.endorsed.dirs" value="/usr/lib/jvm/java-1.8-openjdk/jre/lib/endorsed"/>
    <property name="java.runtime.name" value="OpenJDK Runtime Environment"/>
    <property name="file.encoding" value="UTF-8"/>
    <property name="java.vm.name" value="OpenJDK 64-Bit Server VM"/>
    <property name="test.build.webapps" value=""/>
    <property name="localRepository" value="/home/user/.m2/repository"/>
    <property name="java.vendor.url.bug" value="https://icedtea.classpath.org/bugzilla"/>
    <property name="java.io.tmpdir" value="/tmp"/>
    <property name="require.test.libhadoop" value=""/>
    <property name="java.version" value="1.8.0_212"/>
    <property name="user.dir" value="/workdir/hadoop-ozone/integration-test"/>
    <property name="os.arch" value="amd64"/>
    <property name="java.vm.specification.name" value="Java Virtual Machine Specification"/>
    <property name="test.build.classes" value="/workdir/hadoop-ozone/integration-test/target/test-classes"/>
    <property name="java.awt.printerjob" value="sun.print.PSPrinterJob"/>
    <property name="sun.os.patch.level" value="unknown"/>
    <property name="hadoop.tmp.dir" value="/workdir/hadoop-ozone/integration-test/target/tmp"/>
    <property name="java.library.path" value="/usr/lib/jvm/java-1.8-openjdk/jre/lib/amd64/server:/usr/lib/jvm/java-1.8-openjdk/jre/lib/amd64:/usr/lib/jvm/java-1.8-openjdk/jre/../lib/amd64:/workdir/hadoop-ozone/integration-test/target/native/target/usr/local/lib:/workdir/hadoop-ozone/integration-test/../../hadoop-common-project/hadoop-common/target/native/target/usr/local/lib:/usr/java/packages/lib/amd64:/usr/lib64:/lib64:/lib:/usr/lib"/>
    <property name="java.vm.info" value="mixed mode"/>
    <property name="java.vendor" value="IcedTea"/>
    <property name="java.vm.version" value="25.212-b04"/>
    <property name="java.ext.dirs" value="/usr/lib/jvm/java-1.8-openjdk/jre/lib/ext:/usr/java/packages/lib/ext"/>
    <property name="sun.io.unicode.encoding" value="UnicodeLittle"/>
    <property name="java.class.version" value="52.0"/>
  </properties>
  <testcase name="test2DatanodesFailure" classname="org.apache.hadoop.ozone.client.rpc.TestBlockOutputStreamWithFailures" time="42.925"/>
  <testcase name="testDatanodeFailureWithPreAllocation" classname="org.apache.hadoop.ozone.client.rpc.TestBlockOutputStreamWithFailures" time="224.221"/>
  <testcase name="testDatanodeFailureWithSingleNodeRatis" classname="org.apache.hadoop.ozone.client.rpc.TestBlockOutputStreamWithFailures" time="224.667"/>
  <testcase name="testWatchForCommitWithSingleNodeRatis" classname="org.apache.hadoop.ozone.client.rpc.TestBlockOutputStreamWithFailures" time="34.177"/>
  <testcase name="testWatchForCommitDatanodeFailure" classname="org.apache.hadoop.ozone.client.rpc.TestBlockOutputStreamWithFailures" time="53.394">
    <failure message="expected:&lt;2&gt; but was:&lt;3&gt;" type="java.lang.AssertionError"><![CDATA[java.lang.AssertionError: expected:<2> but was:<3>
	at org.junit.Assert.fail(Assert.java:88)
	at org.junit.Assert.failNotEquals(Assert.java:743)
	at org.junit.Assert.assertEquals(Assert.java:118)
	at org.junit.Assert.assertEquals(Assert.java:555)
	at org.junit.Assert.assertEquals(Assert.java:542)
	at org.apache.hadoop.ozone.client.rpc.TestBlockOutputStreamWithFailures.testWatchForCommitDatanodeFailure(TestBlockOutputStreamWithFailures.java:366)
	at sun.reflect.NativeMethodAccessorImpl.invoke0(Native Method)
	at sun.reflect.NativeMethodAccessorImpl.invoke(NativeMethodAccessorImpl.java:62)
	at sun.reflect.DelegatingMethodAccessorImpl.invoke(DelegatingMethodAccessorImpl.java:43)
	at java.lang.reflect.Method.invoke(Method.java:498)
	at org.junit.runners.model.FrameworkMethod$1.runReflectiveCall(FrameworkMethod.java:47)
	at org.junit.internal.runners.model.ReflectiveCallable.run(ReflectiveCallable.java:12)
	at org.junit.runners.model.FrameworkMethod.invokeExplosively(FrameworkMethod.java:44)
	at org.junit.internal.runners.statements.InvokeMethod.evaluate(InvokeMethod.java:17)
	at org.junit.internal.runners.statements.RunBefores.evaluate(RunBefores.java:26)
	at org.junit.internal.runners.statements.RunAfters.evaluate(RunAfters.java:27)
	at org.junit.runners.ParentRunner.runLeaf(ParentRunner.java:271)
	at org.junit.runners.BlockJUnit4ClassRunner.runChild(BlockJUnit4ClassRunner.java:70)
	at org.junit.runners.BlockJUnit4ClassRunner.runChild(BlockJUnit4ClassRunner.java:50)
	at org.junit.runners.ParentRunner$3.run(ParentRunner.java:238)
	at org.junit.runners.ParentRunner$1.schedule(ParentRunner.java:63)
	at org.junit.runners.ParentRunner.runChildren(ParentRunner.java:236)
	at org.junit.runners.ParentRunner.access$000(ParentRunner.java:53)
	at org.junit.runners.ParentRunner$2.evaluate(ParentRunner.java:229)
	at org.junit.runners.ParentRunner.run(ParentRunner.java:309)
	at org.apache.maven.surefire.junit4.JUnit4Provider.execute(JUnit4Provider.java:365)
	at org.apache.maven.surefire.junit4.JUnit4Provider.executeWithRerun(JUnit4Provider.java:273)
	at org.apache.maven.surefire.junit4.JUnit4Provider.executeTestSet(JUnit4Provider.java:238)
	at org.apache.maven.surefire.junit4.JUnit4Provider.invoke(JUnit4Provider.java:159)
	at org.apache.maven.surefire.booter.ForkedBooter.invokeProviderInSameClassLoader(ForkedBooter.java:384)
	at org.apache.maven.surefire.booter.ForkedBooter.runSuitesInProcess(ForkedBooter.java:345)
	at org.apache.maven.surefire.booter.ForkedBooter.execute(ForkedBooter.java:126)
	at org.apache.maven.surefire.booter.ForkedBooter.main(ForkedBooter.java:418)
]]></failure>
    <system-out><![CDATA[2019-09-24 06:21:59,343 [main] WARN  server.ServerUtils (ServerUtils.java:getScmDbDir(145)) - ozone.scm.db.dirs is not configured. We recommend adding this setting. Falling back to ozone.metadata.dirs instead.
2019-09-24 06:21:59,385 [main] WARN  server.ServerUtils (ServerUtils.java:getScmDbDir(145)) - ozone.scm.db.dirs is not configured. We recommend adding this setting. Falling back to ozone.metadata.dirs instead.
2019-09-24 06:21:59,385 [main] WARN  server.ServerUtils (ServerUtils.java:getScmDbDir(145)) - ozone.scm.db.dirs is not configured. We recommend adding this setting. Falling back to ozone.metadata.dirs instead.
2019-09-24 06:21:59,386 [main] INFO  db.DBStoreBuilder (DBStoreBuilder.java:addTable(110)) - using custom profile for table: deletedBlocks
2019-09-24 06:21:59,387 [main] INFO  db.DBStoreBuilder (DBStoreBuilder.java:processTables(161)) - Using default column profile:DBProfile.DISK for Table:deletedBlocks
2019-09-24 06:21:59,387 [main] INFO  db.DBStoreBuilder (DBStoreBuilder.java:addTable(110)) - using custom profile for table: validCerts
2019-09-24 06:21:59,387 [main] INFO  db.DBStoreBuilder (DBStoreBuilder.java:processTables(161)) - Using default column profile:DBProfile.DISK for Table:validCerts
2019-09-24 06:21:59,388 [main] INFO  db.DBStoreBuilder (DBStoreBuilder.java:addTable(110)) - using custom profile for table: revokedCerts
2019-09-24 06:21:59,388 [main] INFO  db.DBStoreBuilder (DBStoreBuilder.java:processTables(161)) - Using default column profile:DBProfile.DISK for Table:revokedCerts
2019-09-24 06:21:59,388 [main] INFO  db.DBStoreBuilder (DBStoreBuilder.java:addTable(110)) - using custom profile for table: default
2019-09-24 06:21:59,389 [main] INFO  db.DBStoreBuilder (DBStoreBuilder.java:processTables(167)) - Using default column profile:DBProfile.DISK for Table:default
2019-09-24 06:21:59,389 [main] INFO  db.DBStoreBuilder (DBStoreBuilder.java:getDbProfile(198)) - Using default options. DBProfile.DISK
2019-09-24 06:21:59,580 [main] INFO  net.NodeSchemaLoader (NodeSchemaLoader.java:loadSchemaFromFile(125)) - Loading file from sun.misc.CompoundEnumeration@2ca3d826
2019-09-24 06:21:59,581 [main] INFO  net.NodeSchemaLoader (NodeSchemaLoader.java:loadSchema(171)) - Loading network topology layer schema file
2019-09-24 06:21:59,584 [main] INFO  node.SCMNodeManager (SCMNodeManager.java:<init>(114)) - Entering startup safe mode.
2019-09-24 06:21:59,585 [main] INFO  algorithms.ContainerPlacementPolicyFactory (ContainerPlacementPolicyFactory.java:getPolicy(57)) - Create container placement policy of type org.apache.hadoop.hdds.scm.container.placement.algorithms.SCMContainerPlacementRandom
2019-09-24 06:21:59,585 [main] WARN  server.ServerUtils (ServerUtils.java:getScmDbDir(145)) - ozone.scm.db.dirs is not configured. We recommend adding this setting. Falling back to ozone.metadata.dirs instead.
2019-09-24 06:21:59,671 [main] INFO  pipeline.SCMPipelineManager (SCMPipelineManager.java:initializePipelineState(132)) - No pipeline exists in current db
2019-09-24 06:21:59,671 [main] WARN  server.ServerUtils (ServerUtils.java:getScmDbDir(145)) - ozone.scm.db.dirs is not configured. We recommend adding this setting. Falling back to ozone.metadata.dirs instead.
2019-09-24 06:21:59,734 [main] WARN  events.EventQueue (EventQueue.java:fireEvent(183)) - No event handler registered for event TypedEvent{payloadType=SafeModeStatus, name='SafeModeStatus'}
2019-09-24 06:21:59,735 [main] INFO  ipc.CallQueueManager (CallQueueManager.java:<init>(84)) - Using callQueue: class java.util.concurrent.LinkedBlockingQueue, queueCapacity: 2000, scheduler: class org.apache.hadoop.ipc.DefaultRpcScheduler, ipcBackoff: false.
2019-09-24 06:21:59,736 [Socket Reader #1 for port 43688] INFO  ipc.Server (Server.java:run(1074)) - Starting Socket Reader #1 for port 43688
2019-09-24 06:21:59,738 [main] INFO  ipc.CallQueueManager (CallQueueManager.java:<init>(84)) - Using callQueue: class java.util.concurrent.LinkedBlockingQueue, queueCapacity: 2000, scheduler: class org.apache.hadoop.ipc.DefaultRpcScheduler, ipcBackoff: false.
2019-09-24 06:21:59,739 [Socket Reader #1 for port 42408] INFO  ipc.Server (Server.java:run(1074)) - Starting Socket Reader #1 for port 42408
2019-09-24 06:21:59,741 [main] INFO  ipc.CallQueueManager (CallQueueManager.java:<init>(84)) - Using callQueue: class java.util.concurrent.LinkedBlockingQueue, queueCapacity: 2000, scheduler: class org.apache.hadoop.ipc.DefaultRpcScheduler, ipcBackoff: false.
2019-09-24 06:21:59,742 [Socket Reader #1 for port 41572] INFO  ipc.Server (Server.java:run(1074)) - Starting Socket Reader #1 for port 41572
2019-09-24 06:21:59,746 [main] INFO  hdfs.DFSUtil (DFSUtil.java:httpServerTemplateForNNAndJN(1641)) - Starting Web-server for scm at: http://0.0.0.0:0
2019-09-24 06:21:59,749 [main] INFO  server.AuthenticationFilter (AuthenticationFilter.java:constructSecretProvider(240)) - Unable to initialize FileSignerSecretProvider, falling back to use random secrets.
2019-09-24 06:21:59,749 [main] WARN  http.HttpRequestLog (HttpRequestLog.java:getRequestLog(97)) - Jetty request log can only be enabled using Log4j
2019-09-24 06:21:59,752 [main] INFO  http.HttpServer2 (HttpServer2.java:addGlobalFilter(975)) - Added global filter 'safety' (class=org.apache.hadoop.http.HttpServer2$QuotingInputFilter)
2019-09-24 06:21:59,753 [main] INFO  http.HttpServer2 (HttpServer2.java:addFilter(948)) - Added filter static_user_filter (class=org.apache.hadoop.http.lib.StaticUserWebFilter$StaticUserFilter) to context scm
2019-09-24 06:21:59,753 [main] INFO  http.HttpServer2 (HttpServer2.java:addFilter(958)) - Added filter static_user_filter (class=org.apache.hadoop.http.lib.StaticUserWebFilter$StaticUserFilter) to context logs
2019-09-24 06:21:59,753 [main] INFO  http.HttpServer2 (HttpServer2.java:addFilter(958)) - Added filter static_user_filter (class=org.apache.hadoop.http.lib.StaticUserWebFilter$StaticUserFilter) to context static
2019-09-24 06:21:59,757 [main] INFO  server.StorageContainerManager (StorageContainerManager.java:start(770)) - StorageContainerLocationProtocol RPC server is listening at /0.0.0.0:41572
2019-09-24 06:21:59,760 [main] WARN  impl.MetricsConfig (MetricsConfig.java:loadFirst(134)) - Cannot locate configuration: tried hadoop-metrics2-storagecontainermanager.properties,hadoop-metrics2.properties
2019-09-24 06:21:59,762 [main] INFO  impl.MetricsSystemImpl (MetricsSystemImpl.java:startTimer(374)) - Scheduled Metric snapshot period at 10 second(s).
2019-09-24 06:21:59,762 [main] INFO  impl.MetricsSystemImpl (MetricsSystemImpl.java:start(191)) - StorageContainerManager metrics system started
2019-09-24 06:21:59,831 [main] WARN  impl.MetricsSystemImpl (MetricsSystemImpl.java:register(276)) - Sink prometheus already exists!
2019-09-24 06:21:59,908 [main] INFO  server.SCMClientProtocolServer (SCMClientProtocolServer.java:start(151)) - RPC server for Client  is listening at /0.0.0.0:41572
2019-09-24 06:21:59,909 [IPC Server Responder] INFO  ipc.Server (Server.java:run(1314)) - IPC Server Responder: starting
2019-09-24 06:21:59,909 [IPC Server listener on 41572] INFO  ipc.Server (Server.java:run(1153)) - IPC Server listener on 41572: starting
2019-09-24 06:21:59,913 [main] INFO  server.StorageContainerManager (StorageContainerManager.java:start(780)) - ScmBlockLocationProtocol RPC server is listening at /0.0.0.0:42408
2019-09-24 06:21:59,914 [main] INFO  server.SCMBlockProtocolServer (SCMBlockProtocolServer.java:start(146)) - RPC server for Block Protocol is listening at /0.0.0.0:42408
2019-09-24 06:21:59,914 [IPC Server Responder] INFO  ipc.Server (Server.java:run(1314)) - IPC Server Responder: starting
2019-09-24 06:21:59,915 [IPC Server listener on 42408] INFO  ipc.Server (Server.java:run(1153)) - IPC Server listener on 42408: starting
2019-09-24 06:21:59,918 [main] INFO  server.StorageContainerManager (StorageContainerManager.java:start(784)) - ScmDatanodeProtocl RPC server is listening at /0.0.0.0:43688
2019-09-24 06:21:59,918 [main] INFO  server.SCMDatanodeProtocolServer (SCMDatanodeProtocolServer.java:start(191)) - RPC server for DataNodes is listening at /0.0.0.0:43688
2019-09-24 06:21:59,918 [IPC Server Responder] INFO  ipc.Server (Server.java:run(1314)) - IPC Server Responder: starting
2019-09-24 06:21:59,919 [IPC Server listener on 43688] INFO  ipc.Server (Server.java:run(1153)) - IPC Server listener on 43688: starting
2019-09-24 06:21:59,922 [main] INFO  http.HttpServer2 (HttpServer2.java:bindListener(1191)) - Jetty bound to port 32968
2019-09-24 06:21:59,922 [main] INFO  server.Server (Server.java:doStart(351)) - jetty-9.3.25.v20180904, build timestamp: 2018-09-04T21:11:46Z, git hash: 3ce520221d0240229c862b122d2b06c12a625732
2019-09-24 06:21:59,924 [main] INFO  handler.ContextHandler (ContextHandler.java:doStart(781)) - Started o.e.j.s.ServletContextHandler@615db358{/logs,file:///workdir/hadoop-ozone/integration-test/target/log,AVAILABLE}
2019-09-24 06:21:59,925 [main] INFO  handler.ContextHandler (ContextHandler.java:doStart(781)) - Started o.e.j.s.ServletContextHandler@5fef0c19{/static,file:///workdir/hadoop-ozone/integration-test/target/test-classes/webapps/static,AVAILABLE}
2019-09-24 06:21:59,929 [main] INFO  handler.ContextHandler (ContextHandler.java:doStart(781)) - Started o.e.j.w.WebAppContext@2bd8f7db{/,file:///workdir/hadoop-ozone/integration-test/target/test-classes/webapps/scm/,AVAILABLE}{/scm}
2019-09-24 06:21:59,930 [main] INFO  server.AbstractConnector (AbstractConnector.java:doStart(278)) - Started ServerConnector@6d7ad0f5{HTTP/1.1,[http/1.1]}{0.0.0.0:32968}
2019-09-24 06:21:59,931 [main] INFO  server.Server (Server.java:doStart(419)) - Started @527231ms
2019-09-24 06:21:59,931 [main] WARN  impl.MetricsSystemImpl (MetricsSystemImpl.java:register(276)) - Sink prometheus already exists!
2019-09-24 06:21:59,931 [main] INFO  server.BaseHttpServer (BaseHttpServer.java:updateConnectorAddress(215)) - HTTP server of SCM is listening at http://0.0.0.0:32968
2019-09-24 06:21:59,932 [main] WARN  server.ServerUtils (ServerUtils.java:getDBPath(222)) - ozone.om.db.dirs is not configured. We recommend adding this setting. Falling back to ozone.metadata.dirs instead.
2019-09-24 06:21:59,933 [org.apache.hadoop.util.JvmPauseMonitor$Monitor@49a38b1] INFO  util.JvmPauseMonitor (JvmPauseMonitor.java:run(188)) - Starting JVM pause monitor
2019-09-24 06:21:59,946 [main] WARN  server.ServerUtils (ServerUtils.java:getDBPath(222)) - ozone.om.db.dirs is not configured. We recommend adding this setting. Falling back to ozone.metadata.dirs instead.
2019-09-24 06:21:59,946 [main] WARN  server.ServerUtils (ServerUtils.java:getDBPath(222)) - ozone.om.db.dirs is not configured. We recommend adding this setting. Falling back to ozone.metadata.dirs instead.
2019-09-24 06:21:59,947 [main] INFO  om.OzoneManager (OzoneManager.java:setOMNodeDetails(652)) - OM Service ID is not set. Setting it to the default ID: omServiceIdDefault
2019-09-24 06:21:59,947 [main] INFO  om.OzoneManager (OzoneManager.java:setOMNodeDetails(658)) - OM Node ID is not set. Setting it to the OmStorage's OmID: 24d91290-8452-4329-aba6-776c5f6af69f
2019-09-24 06:21:59,947 [main] INFO  om.OzoneManager (OzoneManager.java:loadOMHAConfigs(609)) - Found matching OM address with OMServiceId: null, OMNodeId: null, RPC Address: localhost:0 and Ratis port: 9872
2019-09-24 06:21:59,954 [main] WARN  server.ServerUtils (ServerUtils.java:getDBPath(222)) - ozone.om.db.dirs is not configured. We recommend adding this setting. Falling back to ozone.metadata.dirs instead.
2019-09-24 06:21:59,954 [main] INFO  db.DBStoreBuilder (DBStoreBuilder.java:addTable(110)) - using custom profile for table: userTable
2019-09-24 06:21:59,954 [main] INFO  db.DBStoreBuilder (DBStoreBuilder.java:processTables(161)) - Using default column profile:DBProfile.DISK for Table:userTable
2019-09-24 06:21:59,955 [main] INFO  db.DBStoreBuilder (DBStoreBuilder.java:addTable(110)) - using custom profile for table: volumeTable
2019-09-24 06:21:59,955 [main] INFO  db.DBStoreBuilder (DBStoreBuilder.java:processTables(161)) - Using default column profile:DBProfile.DISK for Table:volumeTable
2019-09-24 06:21:59,955 [main] INFO  db.DBStoreBuilder (DBStoreBuilder.java:addTable(110)) - using custom profile for table: bucketTable
2019-09-24 06:21:59,955 [main] INFO  db.DBStoreBuilder (DBStoreBuilder.java:processTables(161)) - Using default column profile:DBProfile.DISK for Table:bucketTable
2019-09-24 06:21:59,956 [main] INFO  db.DBStoreBuilder (DBStoreBuilder.java:addTable(110)) - using custom profile for table: keyTable
2019-09-24 06:21:59,956 [main] INFO  db.DBStoreBuilder (DBStoreBuilder.java:processTables(161)) - Using default column profile:DBProfile.DISK for Table:keyTable
2019-09-24 06:21:59,956 [main] INFO  db.DBStoreBuilder (DBStoreBuilder.java:addTable(110)) - using custom profile for table: deletedTable
2019-09-24 06:21:59,956 [main] INFO  db.DBStoreBuilder (DBStoreBuilder.java:processTables(161)) - Using default column profile:DBProfile.DISK for Table:deletedTable
2019-09-24 06:21:59,957 [main] INFO  db.DBStoreBuilder (DBStoreBuilder.java:addTable(110)) - using custom profile for table: openKeyTable
2019-09-24 06:21:59,957 [main] INFO  db.DBStoreBuilder (DBStoreBuilder.java:processTables(161)) - Using default column profile:DBProfile.DISK for Table:openKeyTable
2019-09-24 06:21:59,957 [main] INFO  db.DBStoreBuilder (DBStoreBuilder.java:addTable(110)) - using custom profile for table: s3Table
2019-09-24 06:21:59,957 [main] INFO  db.DBStoreBuilder (DBStoreBuilder.java:processTables(161)) - Using default column profile:DBProfile.DISK for Table:s3Table
2019-09-24 06:21:59,958 [main] INFO  db.DBStoreBuilder (DBStoreBuilder.java:addTable(110)) - using custom profile for table: multipartInfoTable
2019-09-24 06:21:59,958 [main] INFO  db.DBStoreBuilder (DBStoreBuilder.java:processTables(161)) - Using default column profile:DBProfile.DISK for Table:multipartInfoTable
2019-09-24 06:21:59,958 [main] INFO  db.DBStoreBuilder (DBStoreBuilder.java:addTable(110)) - using custom profile for table: dTokenTable
2019-09-24 06:21:59,958 [main] INFO  db.DBStoreBuilder (DBStoreBuilder.java:processTables(161)) - Using default column profile:DBProfile.DISK for Table:dTokenTable
2019-09-24 06:21:59,959 [main] INFO  db.DBStoreBuilder (DBStoreBuilder.java:addTable(110)) - using custom profile for table: s3SecretTable
2019-09-24 06:21:59,959 [main] INFO  db.DBStoreBuilder (DBStoreBuilder.java:processTables(161)) - Using default column profile:DBProfile.DISK for Table:s3SecretTable
2019-09-24 06:21:59,959 [main] INFO  db.DBStoreBuilder (DBStoreBuilder.java:addTable(110)) - using custom profile for table: prefixTable
2019-09-24 06:21:59,959 [main] INFO  db.DBStoreBuilder (DBStoreBuilder.java:processTables(161)) - Using default column profile:DBProfile.DISK for Table:prefixTable
2019-09-24 06:21:59,960 [main] INFO  db.DBStoreBuilder (DBStoreBuilder.java:addTable(110)) - using custom profile for table: default
2019-09-24 06:21:59,960 [main] INFO  db.DBStoreBuilder (DBStoreBuilder.java:processTables(167)) - Using default column profile:DBProfile.DISK for Table:default
2019-09-24 06:21:59,960 [main] INFO  db.DBStoreBuilder (DBStoreBuilder.java:getDbProfile(198)) - Using default options. DBProfile.DISK
2019-09-24 06:22:00,374 [main] INFO  ipc.CallQueueManager (CallQueueManager.java:<init>(84)) - Using callQueue: class java.util.concurrent.LinkedBlockingQueue, queueCapacity: 2000, scheduler: class org.apache.hadoop.ipc.DefaultRpcScheduler, ipcBackoff: false.
2019-09-24 06:22:00,375 [Socket Reader #1 for port 36716] INFO  ipc.Server (Server.java:run(1074)) - Starting Socket Reader #1 for port 36716
2019-09-24 06:22:00,390 [main] INFO  om.OzoneManager (OzoneManager.java:start(1243)) - OzoneManager RPC server is listening at localhost/127.0.0.1:36716
2019-09-24 06:22:00,390 [main] INFO  impl.MetricsSystemImpl (MetricsSystemImpl.java:init(158)) - OzoneManager metrics system started (again)
2019-09-24 06:22:00,390 [IPC Server Responder] INFO  ipc.Server (Server.java:run(1314)) - IPC Server Responder: starting
2019-09-24 06:22:00,392 [IPC Server listener on 36716] INFO  ipc.Server (Server.java:run(1153)) - IPC Server listener on 36716: starting
2019-09-24 06:22:00,398 [main] INFO  hdfs.DFSUtil (DFSUtil.java:httpServerTemplateForNNAndJN(1641)) - Starting Web-server for ozoneManager at: http://0.0.0.0:0
2019-09-24 06:22:00,399 [main] INFO  server.AuthenticationFilter (AuthenticationFilter.java:constructSecretProvider(240)) - Unable to initialize FileSignerSecretProvider, falling back to use random secrets.
2019-09-24 06:22:00,399 [main] WARN  http.HttpRequestLog (HttpRequestLog.java:getRequestLog(97)) - Jetty request log can only be enabled using Log4j
2019-09-24 06:22:00,401 [main] INFO  http.HttpServer2 (HttpServer2.java:addGlobalFilter(975)) - Added global filter 'safety' (class=org.apache.hadoop.http.HttpServer2$QuotingInputFilter)
2019-09-24 06:22:00,402 [main] INFO  http.HttpServer2 (HttpServer2.java:addFilter(948)) - Added filter static_user_filter (class=org.apache.hadoop.http.lib.StaticUserWebFilter$StaticUserFilter) to context ozoneManager
2019-09-24 06:22:00,402 [main] INFO  http.HttpServer2 (HttpServer2.java:addFilter(958)) - Added filter static_user_filter (class=org.apache.hadoop.http.lib.StaticUserWebFilter$StaticUserFilter) to context logs
2019-09-24 06:22:00,402 [main] INFO  http.HttpServer2 (HttpServer2.java:addFilter(958)) - Added filter static_user_filter (class=org.apache.hadoop.http.lib.StaticUserWebFilter$StaticUserFilter) to context static
2019-09-24 06:22:00,403 [main] INFO  http.HttpServer2 (HttpServer2.java:bindListener(1191)) - Jetty bound to port 39247
2019-09-24 06:22:00,403 [main] INFO  server.Server (Server.java:doStart(351)) - jetty-9.3.25.v20180904, build timestamp: 2018-09-04T21:11:46Z, git hash: 3ce520221d0240229c862b122d2b06c12a625732
2019-09-24 06:22:00,404 [main] INFO  handler.ContextHandler (ContextHandler.java:doStart(781)) - Started o.e.j.s.ServletContextHandler@7a0ab480{/logs,file:///workdir/hadoop-ozone/integration-test/target/log,AVAILABLE}
2019-09-24 06:22:00,404 [main] INFO  handler.ContextHandler (ContextHandler.java:doStart(781)) - Started o.e.j.s.ServletContextHandler@130cfc47{/static,file:///workdir/hadoop-ozone/integration-test/target/test-classes/webapps/static,AVAILABLE}
2019-09-24 06:22:00,409 [main] INFO  handler.ContextHandler (ContextHandler.java:doStart(781)) - Started o.e.j.w.WebAppContext@6889f56f{/,file:///workdir/hadoop-ozone/integration-test/target/test-classes/webapps/ozoneManager/,AVAILABLE}{/ozoneManager}
2019-09-24 06:22:00,409 [main] INFO  server.AbstractConnector (AbstractConnector.java:doStart(278)) - Started ServerConnector@231b35fb{HTTP/1.1,[http/1.1]}{0.0.0.0:39247}
2019-09-24 06:22:00,411 [main] INFO  server.Server (Server.java:doStart(419)) - Started @527711ms
2019-09-24 06:22:00,411 [main] WARN  impl.MetricsSystemImpl (MetricsSystemImpl.java:register(276)) - Sink prometheus already exists!
2019-09-24 06:22:00,411 [main] INFO  server.BaseHttpServer (BaseHttpServer.java:updateConnectorAddress(215)) - HTTP server of OZONEMANAGER is listening at http://0.0.0.0:39247
2019-09-24 06:22:00,427 [main] INFO  impl.MetricsSystemImpl (MetricsSystemImpl.java:init(158)) - HddsDatanode metrics system started (again)
2019-09-24 06:22:00,430 [main] INFO  ozone.HddsDatanodeService (HddsDatanodeService.java:start(184)) - HddsDatanodeService host:trunk-nightly-20190924-mj2km-2450050911 ip:192.168.151.91
2019-09-24 06:22:00,437 [main] INFO  volume.HddsVolume (HddsVolume.java:<init>(176)) - Creating Volume: /workdir/hadoop-ozone/integration-test/target/test-dir/MiniOzoneClusterImpl-a40bf951-cab5-4b8a-b522-79b69e6c8739/datanode-0/data/containers/hdds of  storage type : DISK and capacity : 1482555576320
2019-09-24 06:22:00,437 [main] INFO  volume.VolumeSet (VolumeSet.java:initializeVolumeSet(170)) - Added Volume : /workdir/hadoop-ozone/integration-test/target/test-dir/MiniOzoneClusterImpl-a40bf951-cab5-4b8a-b522-79b69e6c8739/datanode-0/data/containers/hdds to VolumeSet
2019-09-24 06:22:00,437 [main] INFO  volume.ThrottledAsyncChecker (ThrottledAsyncChecker.java:schedule(139)) - Scheduling a check for org.apache.hadoop.ozone.container.common.volume.HddsVolume@1785d194
2019-09-24 06:22:00,438 [main] INFO  volume.HddsVolumeChecker (HddsVolumeChecker.java:checkAllVolumes(202)) - Scheduled health check for volume org.apache.hadoop.ozone.container.common.volume.HddsVolume@1785d194
2019-09-24 06:22:00,454 [main] INFO  impl.RaftServerProxy (ConfUtils.java:logGet(43)) - raft.rpc.type = GRPC (default)
2019-09-24 06:22:00,454 [main] INFO  grpc.GrpcFactory (GrpcFactory.java:checkPooledByteBufAllocatorUseCacheForAllThreads(45)) - PERFORMANCE WARNING: useCacheForAllThreads is true that may cause Netty to create a lot garbage objects and, as a result, trigger GC.
	It is recommended to disable useCacheForAllThreads by setting -Dorg.apache.ratis.thirdparty.io.netty.allocator.useCacheForAllThreads=false in command line.
2019-09-24 06:22:00,454 [main] INFO  grpc.GrpcConfigKeys$Server (ConfUtils.java:logGet(43)) - raft.grpc.server.port = 0 (default)
2019-09-24 06:22:00,454 [main] INFO  server.GrpcService (ConfUtils.java:logGet(43)) - raft.grpc.message.size.max = 33570816 (custom)
2019-09-24 06:22:00,454 [main] INFO  server.RaftServerConfigKeys (ConfUtils.java:logGet(43)) - raft.server.log.appender.buffer.byte-limit = 33554432 (custom)
2019-09-24 06:22:00,455 [main] INFO  server.GrpcService (ConfUtils.java:logGet(43)) - raft.grpc.flow.control.window = 1MB (=1048576) (default)
2019-09-24 06:22:00,455 [main] INFO  server.RaftServerConfigKeys (ConfUtils.java:logGet(43)) - raft.server.rpc.request.timeout = 3000ms (default)
2019-09-24 06:22:00,455 [main] INFO  server.RaftServerConfigKeys (ConfUtils.java:logGet(43)) - raft.server.storage.dir = [/workdir/hadoop-ozone/integration-test/target/test-dir/MiniOzoneClusterImpl-a40bf951-cab5-4b8a-b522-79b69e6c8739/datanode-0/data/ratis] (custom)
2019-09-24 06:22:00,456 [main] INFO  hdfs.DFSUtil (DFSUtil.java:httpServerTemplateForNNAndJN(1641)) - Starting Web-server for hddsDatanode at: http://0.0.0.0:0
2019-09-24 06:22:00,457 [main] INFO  server.AuthenticationFilter (AuthenticationFilter.java:constructSecretProvider(240)) - Unable to initialize FileSignerSecretProvider, falling back to use random secrets.
2019-09-24 06:22:00,458 [main] WARN  http.HttpRequestLog (HttpRequestLog.java:getRequestLog(97)) - Jetty request log can only be enabled using Log4j
2019-09-24 06:22:00,459 [main] INFO  http.HttpServer2 (HttpServer2.java:addGlobalFilter(975)) - Added global filter 'safety' (class=org.apache.hadoop.http.HttpServer2$QuotingInputFilter)
2019-09-24 06:22:00,459 [main] INFO  http.HttpServer2 (HttpServer2.java:addFilter(948)) - Added filter static_user_filter (class=org.apache.hadoop.http.lib.StaticUserWebFilter$StaticUserFilter) to context hddsDatanode
2019-09-24 06:22:00,460 [main] INFO  http.HttpServer2 (HttpServer2.java:addFilter(958)) - Added filter static_user_filter (class=org.apache.hadoop.http.lib.StaticUserWebFilter$StaticUserFilter) to context logs
2019-09-24 06:22:00,460 [main] INFO  http.HttpServer2 (HttpServer2.java:addFilter(958)) - Added filter static_user_filter (class=org.apache.hadoop.http.lib.StaticUserWebFilter$StaticUserFilter) to context static
2019-09-24 06:22:00,460 [main] INFO  http.HttpServer2 (HttpServer2.java:bindListener(1191)) - Jetty bound to port 35672
2019-09-24 06:22:00,460 [main] INFO  server.Server (Server.java:doStart(351)) - jetty-9.3.25.v20180904, build timestamp: 2018-09-04T21:11:46Z, git hash: 3ce520221d0240229c862b122d2b06c12a625732
2019-09-24 06:22:00,462 [main] INFO  handler.ContextHandler (ContextHandler.java:doStart(781)) - Started o.e.j.s.ServletContextHandler@682e422c{/logs,file:///workdir/hadoop-ozone/integration-test/target/log,AVAILABLE}
2019-09-24 06:22:00,462 [main] INFO  handler.ContextHandler (ContextHandler.java:doStart(781)) - Started o.e.j.s.ServletContextHandler@2726a511{/static,jar:file:/home/user/.m2/repository/org/apache/hadoop/hadoop-hdds-container-service/0.5.0-SNAPSHOT/hadoop-hdds-container-service-0.5.0-SNAPSHOT.jar!/webapps/static,AVAILABLE}
2019-09-24 06:22:00,489 [main] INFO  handler.ContextHandler (ContextHandler.java:doStart(781)) - Started o.e.j.w.WebAppContext@34a6d9db{/,file:///tmp/jetty-0.0.0.0-35672-hddsDatanode-_-any-5250976505516843409.dir/webapp/,AVAILABLE}{/hddsDatanode}
2019-09-24 06:22:00,490 [main] INFO  server.AbstractConnector (AbstractConnector.java:doStart(278)) - Started ServerConnector@52ecc989{HTTP/1.1,[http/1.1]}{0.0.0.0:35672}
2019-09-24 06:22:00,491 [main] INFO  server.Server (Server.java:doStart(419)) - Started @527791ms
2019-09-24 06:22:00,491 [main] WARN  impl.MetricsSystemImpl (MetricsSystemImpl.java:register(276)) - Sink prometheus already exists!
2019-09-24 06:22:00,494 [main] INFO  server.BaseHttpServer (BaseHttpServer.java:updateConnectorAddress(215)) - HTTP server of HDDSDATANODE is listening at http://0.0.0.0:35672
2019-09-24 06:22:00,494 [main] INFO  impl.MetricsSystemImpl (MetricsSystemImpl.java:init(158)) - HddsDatanode metrics system started (again)
2019-09-24 06:22:00,498 [org.apache.hadoop.util.JvmPauseMonitor$Monitor@6c666e15] INFO  util.JvmPauseMonitor (JvmPauseMonitor.java:run(188)) - Starting JVM pause monitor
2019-09-24 06:22:00,499 [main] INFO  ozone.HddsDatanodeService (HddsDatanodeService.java:start(184)) - HddsDatanodeService host:trunk-nightly-20190924-mj2km-2450050911 ip:192.168.151.91
2019-09-24 06:22:00,501 [Datanode State Machine Thread - 0] INFO  datanode.InitDatanodeState (InitDatanodeState.java:persistContainerDatanodeDetails(140)) - DatanodeDetails is persisted to /workdir/hadoop-ozone/integration-test/target/test-dir/MiniOzoneClusterImpl-a40bf951-cab5-4b8a-b522-79b69e6c8739/datanode-0/meta/datanode.id
2019-09-24 06:22:00,506 [main] INFO  volume.HddsVolume (HddsVolume.java:<init>(176)) - Creating Volume: /workdir/hadoop-ozone/integration-test/target/test-dir/MiniOzoneClusterImpl-a40bf951-cab5-4b8a-b522-79b69e6c8739/datanode-1/data/containers/hdds of  storage type : DISK and capacity : 1482555576320
2019-09-24 06:22:00,506 [main] INFO  volume.VolumeSet (VolumeSet.java:initializeVolumeSet(170)) - Added Volume : /workdir/hadoop-ozone/integration-test/target/test-dir/MiniOzoneClusterImpl-a40bf951-cab5-4b8a-b522-79b69e6c8739/datanode-1/data/containers/hdds to VolumeSet
2019-09-24 06:22:00,507 [main] INFO  volume.ThrottledAsyncChecker (ThrottledAsyncChecker.java:schedule(139)) - Scheduling a check for org.apache.hadoop.ozone.container.common.volume.HddsVolume@28ee882c
2019-09-24 06:22:00,507 [main] INFO  volume.HddsVolumeChecker (HddsVolumeChecker.java:checkAllVolumes(202)) - Scheduled health check for volume org.apache.hadoop.ozone.container.common.volume.HddsVolume@28ee882c
2019-09-24 06:22:00,525 [main] INFO  impl.RaftServerProxy (ConfUtils.java:logGet(43)) - raft.rpc.type = GRPC (default)
2019-09-24 06:22:00,525 [main] INFO  grpc.GrpcFactory (GrpcFactory.java:checkPooledByteBufAllocatorUseCacheForAllThreads(45)) - PERFORMANCE WARNING: useCacheForAllThreads is true that may cause Netty to create a lot garbage objects and, as a result, trigger GC.
	It is recommended to disable useCacheForAllThreads by setting -Dorg.apache.ratis.thirdparty.io.netty.allocator.useCacheForAllThreads=false in command line.
2019-09-24 06:22:00,525 [main] INFO  grpc.GrpcConfigKeys$Server (ConfUtils.java:logGet(43)) - raft.grpc.server.port = 0 (default)
2019-09-24 06:22:00,525 [main] INFO  server.GrpcService (ConfUtils.java:logGet(43)) - raft.grpc.message.size.max = 33570816 (custom)
2019-09-24 06:22:00,526 [main] INFO  server.RaftServerConfigKeys (ConfUtils.java:logGet(43)) - raft.server.log.appender.buffer.byte-limit = 33554432 (custom)
2019-09-24 06:22:00,526 [main] INFO  server.GrpcService (ConfUtils.java:logGet(43)) - raft.grpc.flow.control.window = 1MB (=1048576) (default)
2019-09-24 06:22:00,526 [main] INFO  server.RaftServerConfigKeys (ConfUtils.java:logGet(43)) - raft.server.rpc.request.timeout = 3000ms (default)
2019-09-24 06:22:00,527 [main] INFO  server.RaftServerConfigKeys (ConfUtils.java:logGet(43)) - raft.server.storage.dir = [/workdir/hadoop-ozone/integration-test/target/test-dir/MiniOzoneClusterImpl-a40bf951-cab5-4b8a-b522-79b69e6c8739/datanode-1/data/ratis] (custom)
2019-09-24 06:22:00,528 [main] INFO  hdfs.DFSUtil (DFSUtil.java:httpServerTemplateForNNAndJN(1641)) - Starting Web-server for hddsDatanode at: http://0.0.0.0:0
2019-09-24 06:22:00,529 [main] INFO  server.AuthenticationFilter (AuthenticationFilter.java:constructSecretProvider(240)) - Unable to initialize FileSignerSecretProvider, falling back to use random secrets.
2019-09-24 06:22:00,530 [main] WARN  http.HttpRequestLog (HttpRequestLog.java:getRequestLog(97)) - Jetty request log can only be enabled using Log4j
2019-09-24 06:22:00,532 [main] INFO  http.HttpServer2 (HttpServer2.java:addGlobalFilter(975)) - Added global filter 'safety' (class=org.apache.hadoop.http.HttpServer2$QuotingInputFilter)
2019-09-24 06:22:00,532 [main] INFO  http.HttpServer2 (HttpServer2.java:addFilter(948)) - Added filter static_user_filter (class=org.apache.hadoop.http.lib.StaticUserWebFilter$StaticUserFilter) to context hddsDatanode
2019-09-24 06:22:00,532 [main] INFO  http.HttpServer2 (HttpServer2.java:addFilter(958)) - Added filter static_user_filter (class=org.apache.hadoop.http.lib.StaticUserWebFilter$StaticUserFilter) to context logs
2019-09-24 06:22:00,533 [main] INFO  http.HttpServer2 (HttpServer2.java:addFilter(958)) - Added filter static_user_filter (class=org.apache.hadoop.http.lib.StaticUserWebFilter$StaticUserFilter) to context static
2019-09-24 06:22:00,533 [main] INFO  http.HttpServer2 (HttpServer2.java:bindListener(1191)) - Jetty bound to port 43434
2019-09-24 06:22:00,534 [main] INFO  server.Server (Server.java:doStart(351)) - jetty-9.3.25.v20180904, build timestamp: 2018-09-04T21:11:46Z, git hash: 3ce520221d0240229c862b122d2b06c12a625732
2019-09-24 06:22:00,535 [main] INFO  handler.ContextHandler (ContextHandler.java:doStart(781)) - Started o.e.j.s.ServletContextHandler@785ed99c{/logs,file:///workdir/hadoop-ozone/integration-test/target/log,AVAILABLE}
2019-09-24 06:22:00,536 [main] INFO  handler.ContextHandler (ContextHandler.java:doStart(781)) - Started o.e.j.s.ServletContextHandler@755b5f30{/static,jar:file:/home/user/.m2/repository/org/apache/hadoop/hadoop-hdds-container-service/0.5.0-SNAPSHOT/hadoop-hdds-container-service-0.5.0-SNAPSHOT.jar!/webapps/static,AVAILABLE}
2019-09-24 06:22:00,571 [main] INFO  handler.ContextHandler (ContextHandler.java:doStart(781)) - Started o.e.j.w.WebAppContext@7b8ea1db{/,file:///tmp/jetty-0.0.0.0-43434-hddsDatanode-_-any-6398892606890447789.dir/webapp/,AVAILABLE}{/hddsDatanode}
2019-09-24 06:22:00,571 [main] INFO  server.AbstractConnector (AbstractConnector.java:doStart(278)) - Started ServerConnector@a91119b{HTTP/1.1,[http/1.1]}{0.0.0.0:43434}
2019-09-24 06:22:00,572 [main] INFO  server.Server (Server.java:doStart(419)) - Started @527872ms
2019-09-24 06:22:00,573 [main] WARN  impl.MetricsSystemImpl (MetricsSystemImpl.java:register(276)) - Sink prometheus already exists!
2019-09-24 06:22:00,574 [main] INFO  server.BaseHttpServer (BaseHttpServer.java:updateConnectorAddress(215)) - HTTP server of HDDSDATANODE is listening at http://0.0.0.0:43434
2019-09-24 06:22:00,574 [main] INFO  impl.MetricsSystemImpl (MetricsSystemImpl.java:init(158)) - HddsDatanode metrics system started (again)
2019-09-24 06:22:00,579 [org.apache.hadoop.util.JvmPauseMonitor$Monitor@59ea7ee0] INFO  util.JvmPauseMonitor (JvmPauseMonitor.java:run(188)) - Starting JVM pause monitor
2019-09-24 06:22:00,579 [main] INFO  ozone.HddsDatanodeService (HddsDatanodeService.java:start(184)) - HddsDatanodeService host:trunk-nightly-20190924-mj2km-2450050911 ip:192.168.151.91
2019-09-24 06:22:00,579 [Datanode State Machine Thread - 0] INFO  datanode.InitDatanodeState (InitDatanodeState.java:persistContainerDatanodeDetails(140)) - DatanodeDetails is persisted to /workdir/hadoop-ozone/integration-test/target/test-dir/MiniOzoneClusterImpl-a40bf951-cab5-4b8a-b522-79b69e6c8739/datanode-1/meta/datanode.id
2019-09-24 06:22:00,585 [main] INFO  volume.HddsVolume (HddsVolume.java:<init>(176)) - Creating Volume: /workdir/hadoop-ozone/integration-test/target/test-dir/MiniOzoneClusterImpl-a40bf951-cab5-4b8a-b522-79b69e6c8739/datanode-2/data/containers/hdds of  storage type : DISK and capacity : 1482555576320
2019-09-24 06:22:00,586 [main] INFO  volume.VolumeSet (VolumeSet.java:initializeVolumeSet(170)) - Added Volume : /workdir/hadoop-ozone/integration-test/target/test-dir/MiniOzoneClusterImpl-a40bf951-cab5-4b8a-b522-79b69e6c8739/datanode-2/data/containers/hdds to VolumeSet
2019-09-24 06:22:00,586 [main] INFO  volume.ThrottledAsyncChecker (ThrottledAsyncChecker.java:schedule(139)) - Scheduling a check for org.apache.hadoop.ozone.container.common.volume.HddsVolume@4f2ac7e0
2019-09-24 06:22:00,587 [main] INFO  volume.HddsVolumeChecker (HddsVolumeChecker.java:checkAllVolumes(202)) - Scheduled health check for volume org.apache.hadoop.ozone.container.common.volume.HddsVolume@4f2ac7e0
2019-09-24 06:22:00,602 [main] INFO  impl.RaftServerProxy (ConfUtils.java:logGet(43)) - raft.rpc.type = GRPC (default)
2019-09-24 06:22:00,602 [main] INFO  grpc.GrpcFactory (GrpcFactory.java:checkPooledByteBufAllocatorUseCacheForAllThreads(45)) - PERFORMANCE WARNING: useCacheForAllThreads is true that may cause Netty to create a lot garbage objects and, as a result, trigger GC.
	It is recommended to disable useCacheForAllThreads by setting -Dorg.apache.ratis.thirdparty.io.netty.allocator.useCacheForAllThreads=false in command line.
2019-09-24 06:22:00,602 [main] INFO  grpc.GrpcConfigKeys$Server (ConfUtils.java:logGet(43)) - raft.grpc.server.port = 0 (default)
2019-09-24 06:22:00,603 [main] INFO  server.GrpcService (ConfUtils.java:logGet(43)) - raft.grpc.message.size.max = 33570816 (custom)
2019-09-24 06:22:00,603 [main] INFO  server.RaftServerConfigKeys (ConfUtils.java:logGet(43)) - raft.server.log.appender.buffer.byte-limit = 33554432 (custom)
2019-09-24 06:22:00,603 [main] INFO  server.GrpcService (ConfUtils.java:logGet(43)) - raft.grpc.flow.control.window = 1MB (=1048576) (default)
2019-09-24 06:22:00,603 [main] INFO  server.RaftServerConfigKeys (ConfUtils.java:logGet(43)) - raft.server.rpc.request.timeout = 3000ms (default)
2019-09-24 06:22:00,604 [main] INFO  server.RaftServerConfigKeys (ConfUtils.java:logGet(43)) - raft.server.storage.dir = [/workdir/hadoop-ozone/integration-test/target/test-dir/MiniOzoneClusterImpl-a40bf951-cab5-4b8a-b522-79b69e6c8739/datanode-2/data/ratis] (custom)
2019-09-24 06:22:00,605 [main] INFO  hdfs.DFSUtil (DFSUtil.java:httpServerTemplateForNNAndJN(1641)) - Starting Web-server for hddsDatanode at: http://0.0.0.0:0
2019-09-24 06:22:00,606 [main] INFO  server.AuthenticationFilter (AuthenticationFilter.java:constructSecretProvider(240)) - Unable to initialize FileSignerSecretProvider, falling back to use random secrets.
2019-09-24 06:22:00,607 [main] WARN  http.HttpRequestLog (HttpRequestLog.java:getRequestLog(97)) - Jetty request log can only be enabled using Log4j
2019-09-24 06:22:00,609 [main] INFO  http.HttpServer2 (HttpServer2.java:addGlobalFilter(975)) - Added global filter 'safety' (class=org.apache.hadoop.http.HttpServer2$QuotingInputFilter)
2019-09-24 06:22:00,610 [main] INFO  http.HttpServer2 (HttpServer2.java:addFilter(948)) - Added filter static_user_filter (class=org.apache.hadoop.http.lib.StaticUserWebFilter$StaticUserFilter) to context hddsDatanode
2019-09-24 06:22:00,610 [main] INFO  http.HttpServer2 (HttpServer2.java:addFilter(958)) - Added filter static_user_filter (class=org.apache.hadoop.http.lib.StaticUserWebFilter$StaticUserFilter) to context static
2019-09-24 06:22:00,610 [main] INFO  http.HttpServer2 (HttpServer2.java:addFilter(958)) - Added filter static_user_filter (class=org.apache.hadoop.http.lib.StaticUserWebFilter$StaticUserFilter) to context logs
2019-09-24 06:22:00,611 [main] INFO  http.HttpServer2 (HttpServer2.java:bindListener(1191)) - Jetty bound to port 38201
2019-09-24 06:22:00,611 [main] INFO  server.Server (Server.java:doStart(351)) - jetty-9.3.25.v20180904, build timestamp: 2018-09-04T21:11:46Z, git hash: 3ce520221d0240229c862b122d2b06c12a625732
2019-09-24 06:22:00,613 [main] INFO  handler.ContextHandler (ContextHandler.java:doStart(781)) - Started o.e.j.s.ServletContextHandler@509a6095{/logs,file:///workdir/hadoop-ozone/integration-test/target/log,AVAILABLE}
2019-09-24 06:22:00,614 [main] INFO  handler.ContextHandler (ContextHandler.java:doStart(781)) - Started o.e.j.s.ServletContextHandler@75bd28d{/static,jar:file:/home/user/.m2/repository/org/apache/hadoop/hadoop-hdds-container-service/0.5.0-SNAPSHOT/hadoop-hdds-container-service-0.5.0-SNAPSHOT.jar!/webapps/static,AVAILABLE}
2019-09-24 06:22:00,652 [main] INFO  handler.ContextHandler (ContextHandler.java:doStart(781)) - Started o.e.j.w.WebAppContext@6169be09{/,file:///tmp/jetty-0.0.0.0-38201-hddsDatanode-_-any-2612735327664618514.dir/webapp/,AVAILABLE}{/hddsDatanode}
2019-09-24 06:22:00,652 [main] INFO  server.AbstractConnector (AbstractConnector.java:doStart(278)) - Started ServerConnector@5e3db14{HTTP/1.1,[http/1.1]}{0.0.0.0:38201}
2019-09-24 06:22:00,653 [main] INFO  server.Server (Server.java:doStart(419)) - Started @527953ms
2019-09-24 06:22:00,653 [main] WARN  impl.MetricsSystemImpl (MetricsSystemImpl.java:register(276)) - Sink prometheus already exists!
2019-09-24 06:22:00,654 [main] INFO  server.BaseHttpServer (BaseHttpServer.java:updateConnectorAddress(215)) - HTTP server of HDDSDATANODE is listening at http://0.0.0.0:38201
2019-09-24 06:22:00,654 [main] INFO  impl.MetricsSystemImpl (MetricsSystemImpl.java:init(158)) - HddsDatanode metrics system started (again)
2019-09-24 06:22:00,659 [org.apache.hadoop.util.JvmPauseMonitor$Monitor@14d94237] INFO  util.JvmPauseMonitor (JvmPauseMonitor.java:run(188)) - Starting JVM pause monitor
2019-09-24 06:22:00,661 [main] INFO  ozone.HddsDatanodeService (HddsDatanodeService.java:start(184)) - HddsDatanodeService host:trunk-nightly-20190924-mj2km-2450050911 ip:192.168.151.91
2019-09-24 06:22:00,661 [Datanode State Machine Thread - 0] INFO  datanode.InitDatanodeState (InitDatanodeState.java:persistContainerDatanodeDetails(140)) - DatanodeDetails is persisted to /workdir/hadoop-ozone/integration-test/target/test-dir/MiniOzoneClusterImpl-a40bf951-cab5-4b8a-b522-79b69e6c8739/datanode-2/meta/datanode.id
2019-09-24 06:22:00,668 [main] INFO  volume.HddsVolume (HddsVolume.java:<init>(176)) - Creating Volume: /workdir/hadoop-ozone/integration-test/target/test-dir/MiniOzoneClusterImpl-a40bf951-cab5-4b8a-b522-79b69e6c8739/datanode-3/data/containers/hdds of  storage type : DISK and capacity : 1482555576320
2019-09-24 06:22:00,668 [main] INFO  volume.VolumeSet (VolumeSet.java:initializeVolumeSet(170)) - Added Volume : /workdir/hadoop-ozone/integration-test/target/test-dir/MiniOzoneClusterImpl-a40bf951-cab5-4b8a-b522-79b69e6c8739/datanode-3/data/containers/hdds to VolumeSet
2019-09-24 06:22:00,669 [main] INFO  volume.ThrottledAsyncChecker (ThrottledAsyncChecker.java:schedule(139)) - Scheduling a check for org.apache.hadoop.ozone.container.common.volume.HddsVolume@16681017
2019-09-24 06:22:00,670 [main] INFO  volume.HddsVolumeChecker (HddsVolumeChecker.java:checkAllVolumes(202)) - Scheduled health check for volume org.apache.hadoop.ozone.container.common.volume.HddsVolume@16681017
2019-09-24 06:22:00,690 [main] INFO  impl.RaftServerProxy (ConfUtils.java:logGet(43)) - raft.rpc.type = GRPC (default)
2019-09-24 06:22:00,690 [main] INFO  grpc.GrpcFactory (GrpcFactory.java:checkPooledByteBufAllocatorUseCacheForAllThreads(45)) - PERFORMANCE WARNING: useCacheForAllThreads is true that may cause Netty to create a lot garbage objects and, as a result, trigger GC.
	It is recommended to disable useCacheForAllThreads by setting -Dorg.apache.ratis.thirdparty.io.netty.allocator.useCacheForAllThreads=false in command line.
2019-09-24 06:22:00,690 [main] INFO  grpc.GrpcConfigKeys$Server (ConfUtils.java:logGet(43)) - raft.grpc.server.port = 0 (default)
2019-09-24 06:22:00,690 [main] INFO  server.GrpcService (ConfUtils.java:logGet(43)) - raft.grpc.message.size.max = 33570816 (custom)
2019-09-24 06:22:00,691 [main] INFO  server.RaftServerConfigKeys (ConfUtils.java:logGet(43)) - raft.server.log.appender.buffer.byte-limit = 33554432 (custom)
2019-09-24 06:22:00,691 [main] INFO  server.GrpcService (ConfUtils.java:logGet(43)) - raft.grpc.flow.control.window = 1MB (=1048576) (default)
2019-09-24 06:22:00,691 [main] INFO  server.RaftServerConfigKeys (ConfUtils.java:logGet(43)) - raft.server.rpc.request.timeout = 3000ms (default)
2019-09-24 06:22:00,692 [main] INFO  server.RaftServerConfigKeys (ConfUtils.java:logGet(43)) - raft.server.storage.dir = [/workdir/hadoop-ozone/integration-test/target/test-dir/MiniOzoneClusterImpl-a40bf951-cab5-4b8a-b522-79b69e6c8739/datanode-3/data/ratis] (custom)
2019-09-24 06:22:00,693 [main] INFO  hdfs.DFSUtil (DFSUtil.java:httpServerTemplateForNNAndJN(1641)) - Starting Web-server for hddsDatanode at: http://0.0.0.0:0
2019-09-24 06:22:00,695 [main] INFO  server.AuthenticationFilter (AuthenticationFilter.java:constructSecretProvider(240)) - Unable to initialize FileSignerSecretProvider, falling back to use random secrets.
2019-09-24 06:22:00,695 [main] WARN  http.HttpRequestLog (HttpRequestLog.java:getRequestLog(97)) - Jetty request log can only be enabled using Log4j
2019-09-24 06:22:00,697 [main] INFO  http.HttpServer2 (HttpServer2.java:addGlobalFilter(975)) - Added global filter 'safety' (class=org.apache.hadoop.http.HttpServer2$QuotingInputFilter)
2019-09-24 06:22:00,697 [main] INFO  http.HttpServer2 (HttpServer2.java:addFilter(948)) - Added filter static_user_filter (class=org.apache.hadoop.http.lib.StaticUserWebFilter$StaticUserFilter) to context hddsDatanode
2019-09-24 06:22:00,698 [main] INFO  http.HttpServer2 (HttpServer2.java:addFilter(958)) - Added filter static_user_filter (class=org.apache.hadoop.http.lib.StaticUserWebFilter$StaticUserFilter) to context logs
2019-09-24 06:22:00,698 [main] INFO  http.HttpServer2 (HttpServer2.java:addFilter(958)) - Added filter static_user_filter (class=org.apache.hadoop.http.lib.StaticUserWebFilter$StaticUserFilter) to context static
2019-09-24 06:22:00,698 [main] INFO  http.HttpServer2 (HttpServer2.java:bindListener(1191)) - Jetty bound to port 45409
2019-09-24 06:22:00,699 [main] INFO  server.Server (Server.java:doStart(351)) - jetty-9.3.25.v20180904, build timestamp: 2018-09-04T21:11:46Z, git hash: 3ce520221d0240229c862b122d2b06c12a625732
2019-09-24 06:22:00,700 [main] INFO  handler.ContextHandler (ContextHandler.java:doStart(781)) - Started o.e.j.s.ServletContextHandler@203e705e{/logs,file:///workdir/hadoop-ozone/integration-test/target/log,AVAILABLE}
2019-09-24 06:22:00,701 [main] INFO  handler.ContextHandler (ContextHandler.java:doStart(781)) - Started o.e.j.s.ServletContextHandler@39652a30{/static,jar:file:/home/user/.m2/repository/org/apache/hadoop/hadoop-hdds-container-service/0.5.0-SNAPSHOT/hadoop-hdds-container-service-0.5.0-SNAPSHOT.jar!/webapps/static,AVAILABLE}
2019-09-24 06:22:00,737 [main] INFO  handler.ContextHandler (ContextHandler.java:doStart(781)) - Started o.e.j.w.WebAppContext@106c988{/,file:///tmp/jetty-0.0.0.0-45409-hddsDatanode-_-any-2635545567653935523.dir/webapp/,AVAILABLE}{/hddsDatanode}
2019-09-24 06:22:00,737 [main] INFO  server.AbstractConnector (AbstractConnector.java:doStart(278)) - Started ServerConnector@21274afe{HTTP/1.1,[http/1.1]}{0.0.0.0:45409}
2019-09-24 06:22:00,739 [main] INFO  server.Server (Server.java:doStart(419)) - Started @528039ms
2019-09-24 06:22:00,739 [main] WARN  impl.MetricsSystemImpl (MetricsSystemImpl.java:register(276)) - Sink prometheus already exists!
2019-09-24 06:22:00,740 [main] INFO  server.BaseHttpServer (BaseHttpServer.java:updateConnectorAddress(215)) - HTTP server of HDDSDATANODE is listening at http://0.0.0.0:45409
2019-09-24 06:22:00,740 [main] INFO  impl.MetricsSystemImpl (MetricsSystemImpl.java:init(158)) - HddsDatanode metrics system started (again)
2019-09-24 06:22:00,744 [org.apache.hadoop.util.JvmPauseMonitor$Monitor@59c1d106] INFO  util.JvmPauseMonitor (JvmPauseMonitor.java:run(188)) - Starting JVM pause monitor
2019-09-24 06:22:00,745 [main] INFO  ozone.HddsDatanodeService (HddsDatanodeService.java:start(184)) - HddsDatanodeService host:trunk-nightly-20190924-mj2km-2450050911 ip:192.168.151.91
2019-09-24 06:22:00,746 [Datanode State Machine Thread - 0] INFO  datanode.InitDatanodeState (InitDatanodeState.java:persistContainerDatanodeDetails(140)) - DatanodeDetails is persisted to /workdir/hadoop-ozone/integration-test/target/test-dir/MiniOzoneClusterImpl-a40bf951-cab5-4b8a-b522-79b69e6c8739/datanode-3/meta/datanode.id
2019-09-24 06:22:00,751 [main] INFO  volume.HddsVolume (HddsVolume.java:<init>(176)) - Creating Volume: /workdir/hadoop-ozone/integration-test/target/test-dir/MiniOzoneClusterImpl-a40bf951-cab5-4b8a-b522-79b69e6c8739/datanode-4/data/containers/hdds of  storage type : DISK and capacity : 1482555576320
2019-09-24 06:22:00,752 [main] INFO  volume.VolumeSet (VolumeSet.java:initializeVolumeSet(170)) - Added Volume : /workdir/hadoop-ozone/integration-test/target/test-dir/MiniOzoneClusterImpl-a40bf951-cab5-4b8a-b522-79b69e6c8739/datanode-4/data/containers/hdds to VolumeSet
2019-09-24 06:22:00,752 [main] INFO  volume.ThrottledAsyncChecker (ThrottledAsyncChecker.java:schedule(139)) - Scheduling a check for org.apache.hadoop.ozone.container.common.volume.HddsVolume@58a7dc4
2019-09-24 06:22:00,752 [main] INFO  volume.HddsVolumeChecker (HddsVolumeChecker.java:checkAllVolumes(202)) - Scheduled health check for volume org.apache.hadoop.ozone.container.common.volume.HddsVolume@58a7dc4
2019-09-24 06:22:00,766 [main] INFO  impl.RaftServerProxy (ConfUtils.java:logGet(43)) - raft.rpc.type = GRPC (default)
2019-09-24 06:22:00,767 [main] INFO  grpc.GrpcFactory (GrpcFactory.java:checkPooledByteBufAllocatorUseCacheForAllThreads(45)) - PERFORMANCE WARNING: useCacheForAllThreads is true that may cause Netty to create a lot garbage objects and, as a result, trigger GC.
	It is recommended to disable useCacheForAllThreads by setting -Dorg.apache.ratis.thirdparty.io.netty.allocator.useCacheForAllThreads=false in command line.
2019-09-24 06:22:00,767 [main] INFO  grpc.GrpcConfigKeys$Server (ConfUtils.java:logGet(43)) - raft.grpc.server.port = 0 (default)
2019-09-24 06:22:00,767 [main] INFO  server.GrpcService (ConfUtils.java:logGet(43)) - raft.grpc.message.size.max = 33570816 (custom)
2019-09-24 06:22:00,767 [main] INFO  server.RaftServerConfigKeys (ConfUtils.java:logGet(43)) - raft.server.log.appender.buffer.byte-limit = 33554432 (custom)
2019-09-24 06:22:00,767 [main] INFO  server.GrpcService (ConfUtils.java:logGet(43)) - raft.grpc.flow.control.window = 1MB (=1048576) (default)
2019-09-24 06:22:00,768 [main] INFO  server.RaftServerConfigKeys (ConfUtils.java:logGet(43)) - raft.server.rpc.request.timeout = 3000ms (default)
2019-09-24 06:22:00,768 [main] INFO  server.RaftServerConfigKeys (ConfUtils.java:logGet(43)) - raft.server.storage.dir = [/workdir/hadoop-ozone/integration-test/target/test-dir/MiniOzoneClusterImpl-a40bf951-cab5-4b8a-b522-79b69e6c8739/datanode-4/data/ratis] (custom)
2019-09-24 06:22:00,769 [main] INFO  hdfs.DFSUtil (DFSUtil.java:httpServerTemplateForNNAndJN(1641)) - Starting Web-server for hddsDatanode at: http://0.0.0.0:0
2019-09-24 06:22:00,771 [main] INFO  server.AuthenticationFilter (AuthenticationFilter.java:constructSecretProvider(240)) - Unable to initialize FileSignerSecretProvider, falling back to use random secrets.
2019-09-24 06:22:00,771 [main] WARN  http.HttpRequestLog (HttpRequestLog.java:getRequestLog(97)) - Jetty request log can only be enabled using Log4j
2019-09-24 06:22:00,773 [main] INFO  http.HttpServer2 (HttpServer2.java:addGlobalFilter(975)) - Added global filter 'safety' (class=org.apache.hadoop.http.HttpServer2$QuotingInputFilter)
2019-09-24 06:22:00,773 [main] INFO  http.HttpServer2 (HttpServer2.java:addFilter(948)) - Added filter static_user_filter (class=org.apache.hadoop.http.lib.StaticUserWebFilter$StaticUserFilter) to context hddsDatanode
2019-09-24 06:22:00,774 [main] INFO  http.HttpServer2 (HttpServer2.java:addFilter(958)) - Added filter static_user_filter (class=org.apache.hadoop.http.lib.StaticUserWebFilter$StaticUserFilter) to context static
2019-09-24 06:22:00,774 [main] INFO  http.HttpServer2 (HttpServer2.java:addFilter(958)) - Added filter static_user_filter (class=org.apache.hadoop.http.lib.StaticUserWebFilter$StaticUserFilter) to context logs
2019-09-24 06:22:00,775 [main] INFO  http.HttpServer2 (HttpServer2.java:bindListener(1191)) - Jetty bound to port 45628
2019-09-24 06:22:00,775 [main] INFO  server.Server (Server.java:doStart(351)) - jetty-9.3.25.v20180904, build timestamp: 2018-09-04T21:11:46Z, git hash: 3ce520221d0240229c862b122d2b06c12a625732
2019-09-24 06:22:00,776 [main] INFO  handler.ContextHandler (ContextHandler.java:doStart(781)) - Started o.e.j.s.ServletContextHandler@3869a6e5{/logs,file:///workdir/hadoop-ozone/integration-test/target/log,AVAILABLE}
2019-09-24 06:22:00,777 [main] INFO  handler.ContextHandler (ContextHandler.java:doStart(781)) - Started o.e.j.s.ServletContextHandler@7d484fcd{/static,jar:file:/home/user/.m2/repository/org/apache/hadoop/hadoop-hdds-container-service/0.5.0-SNAPSHOT/hadoop-hdds-container-service-0.5.0-SNAPSHOT.jar!/webapps/static,AVAILABLE}
2019-09-24 06:22:00,809 [main] INFO  handler.ContextHandler (ContextHandler.java:doStart(781)) - Started o.e.j.w.WebAppContext@99a8de3{/,file:///tmp/jetty-0.0.0.0-45628-hddsDatanode-_-any-4498720014742669290.dir/webapp/,AVAILABLE}{/hddsDatanode}
2019-09-24 06:22:00,809 [main] INFO  server.AbstractConnector (AbstractConnector.java:doStart(278)) - Started ServerConnector@87f501f{HTTP/1.1,[http/1.1]}{0.0.0.0:45628}
2019-09-24 06:22:00,810 [main] INFO  server.Server (Server.java:doStart(419)) - Started @528110ms
2019-09-24 06:22:00,811 [main] WARN  impl.MetricsSystemImpl (MetricsSystemImpl.java:register(276)) - Sink prometheus already exists!
2019-09-24 06:22:00,812 [main] INFO  server.BaseHttpServer (BaseHttpServer.java:updateConnectorAddress(215)) - HTTP server of HDDSDATANODE is listening at http://0.0.0.0:45628
2019-09-24 06:22:00,813 [main] INFO  impl.MetricsSystemImpl (MetricsSystemImpl.java:init(158)) - HddsDatanode metrics system started (again)
2019-09-24 06:22:00,819 [org.apache.hadoop.util.JvmPauseMonitor$Monitor@31b4ebf8] INFO  util.JvmPauseMonitor (JvmPauseMonitor.java:run(188)) - Starting JVM pause monitor
2019-09-24 06:22:00,820 [Datanode State Machine Thread - 0] INFO  datanode.InitDatanodeState (InitDatanodeState.java:persistContainerDatanodeDetails(140)) - DatanodeDetails is persisted to /workdir/hadoop-ozone/integration-test/target/test-dir/MiniOzoneClusterImpl-a40bf951-cab5-4b8a-b522-79b69e6c8739/datanode-4/meta/datanode.id
2019-09-24 06:22:00,820 [main] INFO  ozone.HddsDatanodeService (HddsDatanodeService.java:start(184)) - HddsDatanodeService host:trunk-nightly-20190924-mj2km-2450050911 ip:192.168.151.91
2019-09-24 06:22:00,828 [main] INFO  volume.HddsVolume (HddsVolume.java:<init>(176)) - Creating Volume: /workdir/hadoop-ozone/integration-test/target/test-dir/MiniOzoneClusterImpl-a40bf951-cab5-4b8a-b522-79b69e6c8739/datanode-5/data/containers/hdds of  storage type : DISK and capacity : 1482555576320
2019-09-24 06:22:00,828 [main] INFO  volume.VolumeSet (VolumeSet.java:initializeVolumeSet(170)) - Added Volume : /workdir/hadoop-ozone/integration-test/target/test-dir/MiniOzoneClusterImpl-a40bf951-cab5-4b8a-b522-79b69e6c8739/datanode-5/data/containers/hdds to VolumeSet
2019-09-24 06:22:00,828 [main] INFO  volume.ThrottledAsyncChecker (ThrottledAsyncChecker.java:schedule(139)) - Scheduling a check for org.apache.hadoop.ozone.container.common.volume.HddsVolume@2fde9469
2019-09-24 06:22:00,829 [main] INFO  volume.HddsVolumeChecker (HddsVolumeChecker.java:checkAllVolumes(202)) - Scheduled health check for volume org.apache.hadoop.ozone.container.common.volume.HddsVolume@2fde9469
2019-09-24 06:22:00,848 [main] INFO  impl.RaftServerProxy (ConfUtils.java:logGet(43)) - raft.rpc.type = GRPC (default)
2019-09-24 06:22:00,848 [main] INFO  grpc.GrpcFactory (GrpcFactory.java:checkPooledByteBufAllocatorUseCacheForAllThreads(45)) - PERFORMANCE WARNING: useCacheForAllThreads is true that may cause Netty to create a lot garbage objects and, as a result, trigger GC.
	It is recommended to disable useCacheForAllThreads by setting -Dorg.apache.ratis.thirdparty.io.netty.allocator.useCacheForAllThreads=false in command line.
2019-09-24 06:22:00,849 [main] INFO  grpc.GrpcConfigKeys$Server (ConfUtils.java:logGet(43)) - raft.grpc.server.port = 0 (default)
2019-09-24 06:22:00,849 [main] INFO  server.GrpcService (ConfUtils.java:logGet(43)) - raft.grpc.message.size.max = 33570816 (custom)
2019-09-24 06:22:00,849 [main] INFO  server.RaftServerConfigKeys (ConfUtils.java:logGet(43)) - raft.server.log.appender.buffer.byte-limit = 33554432 (custom)
2019-09-24 06:22:00,849 [main] INFO  server.GrpcService (ConfUtils.java:logGet(43)) - raft.grpc.flow.control.window = 1MB (=1048576) (default)
2019-09-24 06:22:00,850 [main] INFO  server.RaftServerConfigKeys (ConfUtils.java:logGet(43)) - raft.server.rpc.request.timeout = 3000ms (default)
2019-09-24 06:22:00,850 [main] INFO  server.RaftServerConfigKeys (ConfUtils.java:logGet(43)) - raft.server.storage.dir = [/workdir/hadoop-ozone/integration-test/target/test-dir/MiniOzoneClusterImpl-a40bf951-cab5-4b8a-b522-79b69e6c8739/datanode-5/data/ratis] (custom)
2019-09-24 06:22:00,852 [main] INFO  hdfs.DFSUtil (DFSUtil.java:httpServerTemplateForNNAndJN(1641)) - Starting Web-server for hddsDatanode at: http://0.0.0.0:0
2019-09-24 06:22:00,853 [main] INFO  server.AuthenticationFilter (AuthenticationFilter.java:constructSecretProvider(240)) - Unable to initialize FileSignerSecretProvider, falling back to use random secrets.
2019-09-24 06:22:00,854 [main] WARN  http.HttpRequestLog (HttpRequestLog.java:getRequestLog(97)) - Jetty request log can only be enabled using Log4j
2019-09-24 06:22:00,855 [main] INFO  http.HttpServer2 (HttpServer2.java:addGlobalFilter(975)) - Added global filter 'safety' (class=org.apache.hadoop.http.HttpServer2$QuotingInputFilter)
2019-09-24 06:22:00,856 [main] INFO  http.HttpServer2 (HttpServer2.java:addFilter(948)) - Added filter static_user_filter (class=org.apache.hadoop.http.lib.StaticUserWebFilter$StaticUserFilter) to context hddsDatanode
2019-09-24 06:22:00,856 [main] INFO  http.HttpServer2 (HttpServer2.java:addFilter(958)) - Added filter static_user_filter (class=org.apache.hadoop.http.lib.StaticUserWebFilter$StaticUserFilter) to context logs
2019-09-24 06:22:00,856 [main] INFO  http.HttpServer2 (HttpServer2.java:addFilter(958)) - Added filter static_user_filter (class=org.apache.hadoop.http.lib.StaticUserWebFilter$StaticUserFilter) to context static
2019-09-24 06:22:00,857 [main] INFO  http.HttpServer2 (HttpServer2.java:bindListener(1191)) - Jetty bound to port 38820
2019-09-24 06:22:00,857 [main] INFO  server.Server (Server.java:doStart(351)) - jetty-9.3.25.v20180904, build timestamp: 2018-09-04T21:11:46Z, git hash: 3ce520221d0240229c862b122d2b06c12a625732
2019-09-24 06:22:00,859 [main] INFO  handler.ContextHandler (ContextHandler.java:doStart(781)) - Started o.e.j.s.ServletContextHandler@27e44e9c{/logs,file:///workdir/hadoop-ozone/integration-test/target/log,AVAILABLE}
2019-09-24 06:22:00,860 [main] INFO  handler.ContextHandler (ContextHandler.java:doStart(781)) - Started o.e.j.s.ServletContextHandler@1bee0085{/static,jar:file:/home/user/.m2/repository/org/apache/hadoop/hadoop-hdds-container-service/0.5.0-SNAPSHOT/hadoop-hdds-container-service-0.5.0-SNAPSHOT.jar!/webapps/static,AVAILABLE}
2019-09-24 06:22:00,896 [main] INFO  handler.ContextHandler (ContextHandler.java:doStart(781)) - Started o.e.j.w.WebAppContext@7a36c83a{/,file:///tmp/jetty-0.0.0.0-38820-hddsDatanode-_-any-1623807553351847667.dir/webapp/,AVAILABLE}{/hddsDatanode}
2019-09-24 06:22:00,896 [main] INFO  server.AbstractConnector (AbstractConnector.java:doStart(278)) - Started ServerConnector@154b8cb6{HTTP/1.1,[http/1.1]}{0.0.0.0:38820}
2019-09-24 06:22:00,898 [main] INFO  server.Server (Server.java:doStart(419)) - Started @528196ms
2019-09-24 06:22:00,898 [main] WARN  impl.MetricsSystemImpl (MetricsSystemImpl.java:register(276)) - Sink prometheus already exists!
2019-09-24 06:22:00,899 [main] INFO  server.BaseHttpServer (BaseHttpServer.java:updateConnectorAddress(215)) - HTTP server of HDDSDATANODE is listening at http://0.0.0.0:38820
2019-09-24 06:22:00,899 [main] INFO  impl.MetricsSystemImpl (MetricsSystemImpl.java:init(158)) - HddsDatanode metrics system started (again)
2019-09-24 06:22:00,904 [org.apache.hadoop.util.JvmPauseMonitor$Monitor@55a42378] INFO  util.JvmPauseMonitor (JvmPauseMonitor.java:run(188)) - Starting JVM pause monitor
2019-09-24 06:22:00,904 [main] INFO  ozone.HddsDatanodeService (HddsDatanodeService.java:start(184)) - HddsDatanodeService host:trunk-nightly-20190924-mj2km-2450050911 ip:192.168.151.91
2019-09-24 06:22:00,906 [Datanode State Machine Thread - 0] INFO  datanode.InitDatanodeState (InitDatanodeState.java:persistContainerDatanodeDetails(140)) - DatanodeDetails is persisted to /workdir/hadoop-ozone/integration-test/target/test-dir/MiniOzoneClusterImpl-a40bf951-cab5-4b8a-b522-79b69e6c8739/datanode-5/meta/datanode.id
2019-09-24 06:22:00,911 [main] INFO  volume.HddsVolume (HddsVolume.java:<init>(176)) - Creating Volume: /workdir/hadoop-ozone/integration-test/target/test-dir/MiniOzoneClusterImpl-a40bf951-cab5-4b8a-b522-79b69e6c8739/datanode-6/data/containers/hdds of  storage type : DISK and capacity : 1482555576320
2019-09-24 06:22:00,911 [main] INFO  volume.VolumeSet (VolumeSet.java:initializeVolumeSet(170)) - Added Volume : /workdir/hadoop-ozone/integration-test/target/test-dir/MiniOzoneClusterImpl-a40bf951-cab5-4b8a-b522-79b69e6c8739/datanode-6/data/containers/hdds to VolumeSet
2019-09-24 06:22:00,911 [main] INFO  volume.ThrottledAsyncChecker (ThrottledAsyncChecker.java:schedule(139)) - Scheduling a check for org.apache.hadoop.ozone.container.common.volume.HddsVolume@6dd79214
2019-09-24 06:22:00,911 [main] INFO  volume.HddsVolumeChecker (HddsVolumeChecker.java:checkAllVolumes(202)) - Scheduled health check for volume org.apache.hadoop.ozone.container.common.volume.HddsVolume@6dd79214
2019-09-24 06:22:00,924 [main] INFO  impl.RaftServerProxy (ConfUtils.java:logGet(43)) - raft.rpc.type = GRPC (default)
2019-09-24 06:22:00,924 [main] INFO  grpc.GrpcFactory (GrpcFactory.java:checkPooledByteBufAllocatorUseCacheForAllThreads(45)) - PERFORMANCE WARNING: useCacheForAllThreads is true that may cause Netty to create a lot garbage objects and, as a result, trigger GC.
	It is recommended to disable useCacheForAllThreads by setting -Dorg.apache.ratis.thirdparty.io.netty.allocator.useCacheForAllThreads=false in command line.
2019-09-24 06:22:00,924 [main] INFO  grpc.GrpcConfigKeys$Server (ConfUtils.java:logGet(43)) - raft.grpc.server.port = 0 (default)
2019-09-24 06:22:00,924 [main] INFO  server.GrpcService (ConfUtils.java:logGet(43)) - raft.grpc.message.size.max = 33570816 (custom)
2019-09-24 06:22:00,924 [main] INFO  server.RaftServerConfigKeys (ConfUtils.java:logGet(43)) - raft.server.log.appender.buffer.byte-limit = 33554432 (custom)
2019-09-24 06:22:00,925 [main] INFO  server.GrpcService (ConfUtils.java:logGet(43)) - raft.grpc.flow.control.window = 1MB (=1048576) (default)
2019-09-24 06:22:00,925 [main] INFO  server.RaftServerConfigKeys (ConfUtils.java:logGet(43)) - raft.server.rpc.request.timeout = 3000ms (default)
2019-09-24 06:22:00,925 [main] INFO  server.RaftServerConfigKeys (ConfUtils.java:logGet(43)) - raft.server.storage.dir = [/workdir/hadoop-ozone/integration-test/target/test-dir/MiniOzoneClusterImpl-a40bf951-cab5-4b8a-b522-79b69e6c8739/datanode-6/data/ratis] (custom)
2019-09-24 06:22:00,926 [main] INFO  hdfs.DFSUtil (DFSUtil.java:httpServerTemplateForNNAndJN(1641)) - Starting Web-server for hddsDatanode at: http://0.0.0.0:0
2019-09-24 06:22:00,928 [main] INFO  server.AuthenticationFilter (AuthenticationFilter.java:constructSecretProvider(240)) - Unable to initialize FileSignerSecretProvider, falling back to use random secrets.
2019-09-24 06:22:00,929 [main] WARN  http.HttpRequestLog (HttpRequestLog.java:getRequestLog(97)) - Jetty request log can only be enabled using Log4j
2019-09-24 06:22:00,931 [main] INFO  http.HttpServer2 (HttpServer2.java:addGlobalFilter(975)) - Added global filter 'safety' (class=org.apache.hadoop.http.HttpServer2$QuotingInputFilter)
2019-09-24 06:22:00,931 [main] INFO  http.HttpServer2 (HttpServer2.java:addFilter(948)) - Added filter static_user_filter (class=org.apache.hadoop.http.lib.StaticUserWebFilter$StaticUserFilter) to context hddsDatanode
2019-09-24 06:22:00,931 [main] INFO  http.HttpServer2 (HttpServer2.java:addFilter(958)) - Added filter static_user_filter (class=org.apache.hadoop.http.lib.StaticUserWebFilter$StaticUserFilter) to context static
2019-09-24 06:22:00,931 [main] INFO  http.HttpServer2 (HttpServer2.java:addFilter(958)) - Added filter static_user_filter (class=org.apache.hadoop.http.lib.StaticUserWebFilter$StaticUserFilter) to context logs
2019-09-24 06:22:00,932 [main] INFO  http.HttpServer2 (HttpServer2.java:bindListener(1191)) - Jetty bound to port 38408
2019-09-24 06:22:00,932 [main] INFO  server.Server (Server.java:doStart(351)) - jetty-9.3.25.v20180904, build timestamp: 2018-09-04T21:11:46Z, git hash: 3ce520221d0240229c862b122d2b06c12a625732
2019-09-24 06:22:00,934 [main] INFO  handler.ContextHandler (ContextHandler.java:doStart(781)) - Started o.e.j.s.ServletContextHandler@2bf2d6eb{/logs,file:///workdir/hadoop-ozone/integration-test/target/log,AVAILABLE}
2019-09-24 06:22:00,935 [main] INFO  handler.ContextHandler (ContextHandler.java:doStart(781)) - Started o.e.j.s.ServletContextHandler@76a9a009{/static,jar:file:/home/user/.m2/repository/org/apache/hadoop/hadoop-hdds-container-service/0.5.0-SNAPSHOT/hadoop-hdds-container-service-0.5.0-SNAPSHOT.jar!/webapps/static,AVAILABLE}
2019-09-24 06:22:00,969 [main] INFO  handler.ContextHandler (ContextHandler.java:doStart(781)) - Started o.e.j.w.WebAppContext@19cdc217{/,file:///tmp/jetty-0.0.0.0-38408-hddsDatanode-_-any-6023906571866141416.dir/webapp/,AVAILABLE}{/hddsDatanode}
2019-09-24 06:22:00,970 [main] INFO  server.AbstractConnector (AbstractConnector.java:doStart(278)) - Started ServerConnector@5f5297e3{HTTP/1.1,[http/1.1]}{0.0.0.0:38408}
2019-09-24 06:22:00,974 [main] INFO  server.Server (Server.java:doStart(419)) - Started @528270ms
2019-09-24 06:22:00,974 [main] WARN  impl.MetricsSystemImpl (MetricsSystemImpl.java:register(276)) - Sink prometheus already exists!
2019-09-24 06:22:00,975 [main] INFO  server.BaseHttpServer (BaseHttpServer.java:updateConnectorAddress(215)) - HTTP server of HDDSDATANODE is listening at http://0.0.0.0:38408
2019-09-24 06:22:00,975 [main] INFO  ozone.MiniOzoneClusterImpl (MiniOzoneClusterImpl.java:lambda$waitForClusterToBeReady$0(147)) - Waiting for cluster to be ready. Got 0 of 7 DN Heartbeats.
2019-09-24 06:22:00,977 [org.apache.hadoop.util.JvmPauseMonitor$Monitor@2cf7c104] INFO  util.JvmPauseMonitor (JvmPauseMonitor.java:run(188)) - Starting JVM pause monitor
2019-09-24 06:22:00,978 [Datanode State Machine Thread - 0] INFO  datanode.InitDatanodeState (InitDatanodeState.java:persistContainerDatanodeDetails(140)) - DatanodeDetails is persisted to /workdir/hadoop-ozone/integration-test/target/test-dir/MiniOzoneClusterImpl-a40bf951-cab5-4b8a-b522-79b69e6c8739/datanode-6/meta/datanode.id
2019-09-24 06:22:01,976 [main] INFO  ozone.MiniOzoneClusterImpl (MiniOzoneClusterImpl.java:lambda$waitForClusterToBeReady$0(147)) - Waiting for cluster to be ready. Got 0 of 7 DN Heartbeats.
2019-09-24 06:22:02,523 [Datanode State Machine Thread - 0] INFO  ozoneimpl.OzoneContainer (OzoneContainer.java:start(217)) - Attempting to start container services.
2019-09-24 06:22:02,523 [Datanode State Machine Thread - 0] INFO  ozoneimpl.OzoneContainer (OzoneContainer.java:startContainerScrub(179)) - Background container scanner has been disabled.
2019-09-24 06:22:02,523 [Datanode State Machine Thread - 0] INFO  ratis.XceiverServerRatis (XceiverServerRatis.java:start(411)) - Starting XceiverServerRatis b1e67946-c9ea-4459-831d-c4b76e7bce93 at port 0
2019-09-24 06:22:02,529 [Datanode State Machine Thread - 0] INFO  impl.RaftServerProxy (RaftServerProxy.java:lambda$start$3(299)) - b1e67946-c9ea-4459-831d-c4b76e7bce93: start RPC server
2019-09-24 06:22:02,531 [Datanode State Machine Thread - 0] INFO  server.GrpcService (GrpcService.java:startImpl(158)) - b1e67946-c9ea-4459-831d-c4b76e7bce93: GrpcService started, listening on 0.0.0.0/0.0.0.0:35185
2019-09-24 06:22:02,531 [Datanode State Machine Thread - 0] INFO  ratis.XceiverServerRatis (XceiverServerRatis.java:start(421)) - XceiverServerRatis b1e67946-c9ea-4459-831d-c4b76e7bce93 is started using port 35185
2019-09-24 06:22:02,531 [Datanode State Machine Thread - 0] INFO  server.XceiverServerGrpc (XceiverServerGrpc.java:start(149)) - XceiverServerGrpc b1e67946-c9ea-4459-831d-c4b76e7bce93 is started using port 44611
2019-09-24 06:22:02,594 [Datanode State Machine Thread - 0] INFO  ozoneimpl.OzoneContainer (OzoneContainer.java:start(217)) - Attempting to start container services.
2019-09-24 06:22:02,594 [Datanode State Machine Thread - 0] INFO  ozoneimpl.OzoneContainer (OzoneContainer.java:startContainerScrub(179)) - Background container scanner has been disabled.
2019-09-24 06:22:02,595 [Datanode State Machine Thread - 0] INFO  ratis.XceiverServerRatis (XceiverServerRatis.java:start(411)) - Starting XceiverServerRatis 6af71f09-eab3-4645-8883-a2b3665a1ca1 at port 0
2019-09-24 06:22:02,602 [Datanode State Machine Thread - 0] INFO  impl.RaftServerProxy (RaftServerProxy.java:lambda$start$3(299)) - 6af71f09-eab3-4645-8883-a2b3665a1ca1: start RPC server
2019-09-24 06:22:02,604 [Datanode State Machine Thread - 0] INFO  server.GrpcService (GrpcService.java:startImpl(158)) - 6af71f09-eab3-4645-8883-a2b3665a1ca1: GrpcService started, listening on 0.0.0.0/0.0.0.0:45219
2019-09-24 06:22:02,604 [Datanode State Machine Thread - 0] INFO  ratis.XceiverServerRatis (XceiverServerRatis.java:start(421)) - XceiverServerRatis 6af71f09-eab3-4645-8883-a2b3665a1ca1 is started using port 45219
2019-09-24 06:22:02,605 [Datanode State Machine Thread - 0] INFO  server.XceiverServerGrpc (XceiverServerGrpc.java:start(149)) - XceiverServerGrpc 6af71f09-eab3-4645-8883-a2b3665a1ca1 is started using port 41955
2019-09-24 06:22:02,673 [Datanode State Machine Thread - 0] INFO  ozoneimpl.OzoneContainer (OzoneContainer.java:start(217)) - Attempting to start container services.
2019-09-24 06:22:02,674 [Datanode State Machine Thread - 0] INFO  ozoneimpl.OzoneContainer (OzoneContainer.java:startContainerScrub(179)) - Background container scanner has been disabled.
2019-09-24 06:22:02,674 [Datanode State Machine Thread - 0] INFO  ratis.XceiverServerRatis (XceiverServerRatis.java:start(411)) - Starting XceiverServerRatis c80bdc58-8b99-461e-b3c1-5966c3d571a0 at port 0
2019-09-24 06:22:02,679 [Datanode State Machine Thread - 0] INFO  impl.RaftServerProxy (RaftServerProxy.java:lambda$start$3(299)) - c80bdc58-8b99-461e-b3c1-5966c3d571a0: start RPC server
2019-09-24 06:22:02,680 [Datanode State Machine Thread - 0] INFO  server.GrpcService (GrpcService.java:startImpl(158)) - c80bdc58-8b99-461e-b3c1-5966c3d571a0: GrpcService started, listening on 0.0.0.0/0.0.0.0:46271
2019-09-24 06:22:02,680 [Datanode State Machine Thread - 0] INFO  ratis.XceiverServerRatis (XceiverServerRatis.java:start(421)) - XceiverServerRatis c80bdc58-8b99-461e-b3c1-5966c3d571a0 is started using port 46271
2019-09-24 06:22:02,683 [Datanode State Machine Thread - 0] INFO  server.XceiverServerGrpc (XceiverServerGrpc.java:start(149)) - XceiverServerGrpc c80bdc58-8b99-461e-b3c1-5966c3d571a0 is started using port 40299
2019-09-24 06:22:02,759 [Datanode State Machine Thread - 0] INFO  ozoneimpl.OzoneContainer (OzoneContainer.java:start(217)) - Attempting to start container services.
2019-09-24 06:22:02,759 [Datanode State Machine Thread - 0] INFO  ozoneimpl.OzoneContainer (OzoneContainer.java:startContainerScrub(179)) - Background container scanner has been disabled.
2019-09-24 06:22:02,759 [Datanode State Machine Thread - 0] INFO  ratis.XceiverServerRatis (XceiverServerRatis.java:start(411)) - Starting XceiverServerRatis 785edad9-7165-444d-90ff-997f52a16f53 at port 0
2019-09-24 06:22:02,764 [Datanode State Machine Thread - 0] INFO  impl.RaftServerProxy (RaftServerProxy.java:lambda$start$3(299)) - 785edad9-7165-444d-90ff-997f52a16f53: start RPC server
2019-09-24 06:22:02,764 [Datanode State Machine Thread - 0] INFO  server.GrpcService (GrpcService.java:startImpl(158)) - 785edad9-7165-444d-90ff-997f52a16f53: GrpcService started, listening on 0.0.0.0/0.0.0.0:38316
2019-09-24 06:22:02,764 [Datanode State Machine Thread - 0] INFO  ratis.XceiverServerRatis (XceiverServerRatis.java:start(421)) - XceiverServerRatis 785edad9-7165-444d-90ff-997f52a16f53 is started using port 38316
2019-09-24 06:22:02,765 [Datanode State Machine Thread - 0] INFO  server.XceiverServerGrpc (XceiverServerGrpc.java:start(149)) - XceiverServerGrpc 785edad9-7165-444d-90ff-997f52a16f53 is started using port 41965
2019-09-24 06:22:02,848 [Datanode State Machine Thread - 0] INFO  ozoneimpl.OzoneContainer (OzoneContainer.java:start(217)) - Attempting to start container services.
2019-09-24 06:22:02,848 [Datanode State Machine Thread - 0] INFO  ozoneimpl.OzoneContainer (OzoneContainer.java:startContainerScrub(179)) - Background container scanner has been disabled.
2019-09-24 06:22:02,849 [Datanode State Machine Thread - 0] INFO  ratis.XceiverServerRatis (XceiverServerRatis.java:start(411)) - Starting XceiverServerRatis 1944460d-8ee5-416d-a02c-bd5dce5bd506 at port 0
2019-09-24 06:22:02,856 [Datanode State Machine Thread - 0] INFO  impl.RaftServerProxy (RaftServerProxy.java:lambda$start$3(299)) - 1944460d-8ee5-416d-a02c-bd5dce5bd506: start RPC server
2019-09-24 06:22:02,857 [Datanode State Machine Thread - 0] INFO  server.GrpcService (GrpcService.java:startImpl(158)) - 1944460d-8ee5-416d-a02c-bd5dce5bd506: GrpcService started, listening on 0.0.0.0/0.0.0.0:32780
2019-09-24 06:22:02,857 [Datanode State Machine Thread - 0] INFO  ratis.XceiverServerRatis (XceiverServerRatis.java:start(421)) - XceiverServerRatis 1944460d-8ee5-416d-a02c-bd5dce5bd506 is started using port 32780
2019-09-24 06:22:02,860 [Datanode State Machine Thread - 0] INFO  server.XceiverServerGrpc (XceiverServerGrpc.java:start(149)) - XceiverServerGrpc 1944460d-8ee5-416d-a02c-bd5dce5bd506 is started using port 40837
2019-09-24 06:22:02,930 [Datanode State Machine Thread - 0] INFO  ozoneimpl.OzoneContainer (OzoneContainer.java:start(217)) - Attempting to start container services.
2019-09-24 06:22:02,931 [Datanode State Machine Thread - 0] INFO  ozoneimpl.OzoneContainer (OzoneContainer.java:startContainerScrub(179)) - Background container scanner has been disabled.
2019-09-24 06:22:02,931 [Datanode State Machine Thread - 0] INFO  ratis.XceiverServerRatis (XceiverServerRatis.java:start(411)) - Starting XceiverServerRatis 6f00f8fe-2a95-42ae-9e1e-7f02ea0c4b08 at port 0
2019-09-24 06:22:02,939 [Datanode State Machine Thread - 0] INFO  impl.RaftServerProxy (RaftServerProxy.java:lambda$start$3(299)) - 6f00f8fe-2a95-42ae-9e1e-7f02ea0c4b08: start RPC server
2019-09-24 06:22:02,953 [Datanode State Machine Thread - 0] INFO  server.GrpcService (GrpcService.java:startImpl(158)) - 6f00f8fe-2a95-42ae-9e1e-7f02ea0c4b08: GrpcService started, listening on 0.0.0.0/0.0.0.0:43861
2019-09-24 06:22:02,954 [Datanode State Machine Thread - 0] INFO  ratis.XceiverServerRatis (XceiverServerRatis.java:start(421)) - XceiverServerRatis 6f00f8fe-2a95-42ae-9e1e-7f02ea0c4b08 is started using port 43861
2019-09-24 06:22:02,956 [Datanode State Machine Thread - 0] INFO  server.XceiverServerGrpc (XceiverServerGrpc.java:start(149)) - XceiverServerGrpc 6f00f8fe-2a95-42ae-9e1e-7f02ea0c4b08 is started using port 41485
2019-09-24 06:22:02,977 [main] INFO  ozone.MiniOzoneClusterImpl (MiniOzoneClusterImpl.java:lambda$waitForClusterToBeReady$0(147)) - Waiting for cluster to be ready. Got 0 of 7 DN Heartbeats.
2019-09-24 06:22:02,990 [Datanode State Machine Thread - 0] INFO  ozoneimpl.OzoneContainer (OzoneContainer.java:start(217)) - Attempting to start container services.
2019-09-24 06:22:02,990 [Datanode State Machine Thread - 0] INFO  ozoneimpl.OzoneContainer (OzoneContainer.java:startContainerScrub(179)) - Background container scanner has been disabled.
2019-09-24 06:22:02,990 [Datanode State Machine Thread - 0] INFO  ratis.XceiverServerRatis (XceiverServerRatis.java:start(411)) - Starting XceiverServerRatis aafc956e-a99d-40e4-a91d-d7ae19e7d808 at port 0
2019-09-24 06:22:02,998 [Datanode State Machine Thread - 0] INFO  impl.RaftServerProxy (RaftServerProxy.java:lambda$start$3(299)) - aafc956e-a99d-40e4-a91d-d7ae19e7d808: start RPC server
2019-09-24 06:22:03,001 [Datanode State Machine Thread - 0] INFO  server.GrpcService (GrpcService.java:startImpl(158)) - aafc956e-a99d-40e4-a91d-d7ae19e7d808: GrpcService started, listening on 0.0.0.0/0.0.0.0:42878
2019-09-24 06:22:03,001 [Datanode State Machine Thread - 0] INFO  ratis.XceiverServerRatis (XceiverServerRatis.java:start(421)) - XceiverServerRatis aafc956e-a99d-40e4-a91d-d7ae19e7d808 is started using port 42878
2019-09-24 06:22:03,002 [Datanode State Machine Thread - 0] INFO  server.XceiverServerGrpc (XceiverServerGrpc.java:start(149)) - XceiverServerGrpc aafc956e-a99d-40e4-a91d-d7ae19e7d808 is started using port 38910
2019-09-24 06:22:03,977 [main] INFO  ozone.MiniOzoneClusterImpl (MiniOzoneClusterImpl.java:lambda$waitForClusterToBeReady$0(147)) - Waiting for cluster to be ready. Got 0 of 7 DN Heartbeats.
2019-09-24 06:22:04,505 [IPC Server handler 1 on 43688] INFO  net.NetworkTopology (NetworkTopologyImpl.java:add(111)) - Added a new node: /default-rack/b1e67946-c9ea-4459-831d-c4b76e7bce93
2019-09-24 06:22:04,505 [IPC Server handler 1 on 43688] INFO  node.SCMNodeManager (SCMNodeManager.java:register(266)) - Registered Data node : b1e67946-c9ea-4459-831d-c4b76e7bce93{ip: 192.168.151.91, host: trunk-nightly-20190924-mj2km-2450050911, networkLocation: /default-rack, certSerialId: null}
2019-09-24 06:22:04,509 [EventQueue-NodeRegistrationContainerReportForDataNodeSafeModeRule] INFO  safemode.SCMSafeModeManager (DataNodeSafeModeRule.java:process(71)) - SCM in safe mode. 1 DataNodes registered, 1 required.
2019-09-24 06:22:04,512 [EventQueue-NodeRegistrationContainerReportForDataNodeSafeModeRule] INFO  safemode.SCMSafeModeManager (SCMSafeModeManager.java:validateSafeModeExitRules(177)) - ScmSafeModeManager, all rules are successfully validated
2019-09-24 06:22:04,512 [EventQueue-NodeRegistrationContainerReportForDataNodeSafeModeRule] INFO  safemode.SCMSafeModeManager (SCMSafeModeManager.java:exitSafeMode(193)) - SCM exiting safe mode.
2019-09-24 06:22:04,523 [grpc-default-executor-9] INFO  impl.RaftServerProxy (RaftServerProxy.java:addNew(89)) - b1e67946-c9ea-4459-831d-c4b76e7bce93: addNew group-7DC4A713137F:[b1e67946-c9ea-4459-831d-c4b76e7bce93:192.168.151.91:35185] returns group-7DC4A713137F:java.util.concurrent.CompletableFuture@615e267[Not completed]
2019-09-24 06:22:04,526 [pool-409-thread-1] INFO  impl.RaftServerImpl (RaftServerImpl.java:<init>(95)) - b1e67946-c9ea-4459-831d-c4b76e7bce93: new RaftServerImpl for group-7DC4A713137F:[b1e67946-c9ea-4459-831d-c4b76e7bce93:192.168.151.91:35185] with ContainerStateMachine:uninitialized
2019-09-24 06:22:04,526 [pool-409-thread-1] INFO  server.RaftServerConfigKeys (ConfUtils.java:logGet(43)) - raft.server.rpc.timeout.min = 5s (custom)
2019-09-24 06:22:04,526 [pool-409-thread-1] INFO  server.RaftServerConfigKeys (ConfUtils.java:logGet(43)) - raft.server.rpc.timeout.max = 5200ms (custom)
2019-09-24 06:22:04,526 [pool-409-thread-1] INFO  server.RaftServerConfigKeys (ConfUtils.java:logGet(43)) - raft.server.rpcslowness.timeout = 120s (custom)
2019-09-24 06:22:04,526 [pool-409-thread-1] INFO  server.RaftServerConfigKeys (ConfUtils.java:logGet(43)) - raft.server.sleep.deviation.threshold = 300 (default)
2019-09-24 06:22:04,526 [pool-409-thread-1] INFO  server.RaftServerConfigKeys (ConfUtils.java:logGet(43)) - raft.server.log.appender.install.snapshot.enabled = false (custom)
2019-09-24 06:22:04,527 [pool-409-thread-1] INFO  impl.RaftServerImpl (ServerState.java:<init>(103)) - b1e67946-c9ea-4459-831d-c4b76e7bce93@group-7DC4A713137F: ConfigurationManager, init=-1: [b1e67946-c9ea-4459-831d-c4b76e7bce93:192.168.151.91:35185], old=null, confs=<EMPTY_MAP>
2019-09-24 06:22:04,527 [pool-409-thread-1] INFO  server.RaftServerConfigKeys (ConfUtils.java:logGet(43)) - raft.server.storage.dir = [/workdir/hadoop-ozone/integration-test/target/test-dir/MiniOzoneClusterImpl-a40bf951-cab5-4b8a-b522-79b69e6c8739/datanode-0/data/ratis] (custom)
2019-09-24 06:22:04,527 [pool-409-thread-1] INFO  storage.RaftStorageDirectory (RaftStorageDirectory.java:analyzeStorage(246)) - The storage directory /workdir/hadoop-ozone/integration-test/target/test-dir/MiniOzoneClusterImpl-a40bf951-cab5-4b8a-b522-79b69e6c8739/datanode-0/data/ratis/15b695fb-a5c3-4c59-9541-7dc4a713137f does not exist. Creating ...
2019-09-24 06:22:04,540 [pool-409-thread-1] INFO  storage.RaftStorageDirectory (RaftStorageDirectory.java:tryLock(328)) - Lock on /workdir/hadoop-ozone/integration-test/target/test-dir/MiniOzoneClusterImpl-a40bf951-cab5-4b8a-b522-79b69e6c8739/datanode-0/data/ratis/15b695fb-a5c3-4c59-9541-7dc4a713137f/in_use.lock acquired by nodename 23382@trunk-nightly-20190924-mj2km-2450050911
2019-09-24 06:22:04,553 [pool-409-thread-1] INFO  storage.RaftStorage (RaftStorage.java:format(72)) - Storage directory /workdir/hadoop-ozone/integration-test/target/test-dir/MiniOzoneClusterImpl-a40bf951-cab5-4b8a-b522-79b69e6c8739/datanode-0/data/ratis/15b695fb-a5c3-4c59-9541-7dc4a713137f has been successfully formatted.
2019-09-24 06:22:04,553 [pool-409-thread-1] INFO  ratis.ContainerStateMachine (ContainerStateMachine.java:loadSnapshot(230)) - group-7DC4A713137F: The snapshot info is null. Setting the last applied indexto:(t:0, i:~)
2019-09-24 06:22:04,553 [pool-409-thread-1] INFO  server.RaftServerConfigKeys (ConfUtils.java:logGet(43)) - raft.server.notification.no-leader.timeout = 120s (custom)
2019-09-24 06:22:04,553 [pool-409-thread-1] INFO  server.RaftServerConfigKeys (ConfUtils.java:logGet(43)) - raft.server.log.use.memory = false (default)
2019-09-24 06:22:04,554 [pool-409-thread-1] INFO  server.RaftServerConfigKeys (ConfUtils.java:logGet(43)) - raft.server.log.purge.gap = 1000000 (custom)
2019-09-24 06:22:04,554 [pool-409-thread-1] INFO  server.RaftServerConfigKeys (ConfUtils.java:logGet(43)) - raft.server.log.appender.buffer.byte-limit = 33554432 (custom)
2019-09-24 06:22:04,554 [pool-409-thread-1] INFO  server.RaftServerConfigKeys (ConfUtils.java:logGet(43)) - raft.server.log.segment.size.max = 1048576 (custom)
2019-09-24 06:22:04,554 [pool-409-thread-1] INFO  server.RaftServerConfigKeys (ConfUtils.java:logGet(43)) - raft.server.log.segment.cache.num.max = 2 (custom)
2019-09-24 06:22:04,554 [pool-409-thread-1] INFO  segmented.SegmentedRaftLogWorker (SegmentedRaftLogWorker.java:<init>(172)) - new b1e67946-c9ea-4459-831d-c4b76e7bce93@group-7DC4A713137F-SegmentedRaftLogWorker for RaftStorage:Storage Directory /workdir/hadoop-ozone/integration-test/target/test-dir/MiniOzoneClusterImpl-a40bf951-cab5-4b8a-b522-79b69e6c8739/datanode-0/data/ratis/15b695fb-a5c3-4c59-9541-7dc4a713137f
2019-09-24 06:22:04,557 [pool-409-thread-1] INFO  server.RaftServerConfigKeys (ConfUtils.java:logGet(43)) - raft.server.log.queue.byte-limit = 2147483647 (custom)
2019-09-24 06:22:04,557 [pool-409-thread-1] INFO  server.RaftServerConfigKeys (ConfUtils.java:logGet(43)) - raft.server.log.queue.element-limit = 1024 (custom)
2019-09-24 06:22:04,557 [pool-409-thread-1] INFO  server.RaftServerConfigKeys (ConfUtils.java:logGet(43)) - raft.server.log.segment.size.max = 1048576 (custom)
2019-09-24 06:22:04,557 [pool-409-thread-1] INFO  server.RaftServerConfigKeys (ConfUtils.java:logGet(43)) - raft.server.log.preallocated.size = 16384 (custom)
2019-09-24 06:22:04,557 [pool-409-thread-1] INFO  server.RaftServerConfigKeys (ConfUtils.java:logGet(43)) - raft.server.log.write.buffer.size = 33554432 (custom)
2019-09-24 06:22:04,557 [pool-409-thread-1] INFO  server.RaftServerConfigKeys (ConfUtils.java:logGet(43)) - raft.server.log.force.sync.num = 128 (default)
2019-09-24 06:22:04,558 [pool-409-thread-1] INFO  server.RaftServerConfigKeys (ConfUtils.java:logGet(43)) - raft.server.log.statemachine.data.sync = true (default)
2019-09-24 06:22:04,558 [pool-409-thread-1] INFO  server.RaftServerConfigKeys (ConfUtils.java:logGet(43)) - raft.server.log.statemachine.data.sync.timeout = 10s (default)
2019-09-24 06:22:04,558 [pool-409-thread-1] INFO  server.RaftServerConfigKeys (ConfUtils.java:logGet(43)) - raft.server.log.statemachine.data.sync.timeout.retry = -1 (default)
2019-09-24 06:22:04,558 [pool-409-thread-1] INFO  server.RaftServerConfigKeys (ConfUtils.java:logGet(43)) - raft.server.log.statemachine.data.caching.enabled = true (custom)
2019-09-24 06:22:04,558 [pool-409-thread-1] INFO  segmented.SegmentedRaftLogWorker (SegmentedRaftLogWorker.java:lambda$new$0(132)) - b1e67946-c9ea-4459-831d-c4b76e7bce93@group-7DC4A713137F-SegmentedRaftLogWorker: flushIndex: setUnconditionally 0 -> -1
2019-09-24 06:22:04,559 [pool-409-thread-1] INFO  server.RaftServerConfigKeys (ConfUtils.java:logGet(43)) - raft.server.snapshot.auto.trigger.enabled = true (custom)
2019-09-24 06:22:04,559 [pool-409-thread-1] INFO  server.RaftServerConfigKeys (ConfUtils.java:logGet(43)) - raft.server.snapshot.auto.trigger.threshold = 10000 (custom)
2019-09-24 06:22:04,559 [pool-409-thread-1] INFO  server.RaftServerConfigKeys (ConfUtils.java:logGet(43)) - raft.server.snapshot.retention.num.files = 5 (custom)
2019-09-24 06:22:04,559 [pool-409-thread-1] INFO  server.RaftServerConfigKeys (ConfUtils.java:logGet(43)) - raft.server.retrycache.expirytime = 600000ms (custom)
2019-09-24 06:22:04,561 [pool-409-thread-1] INFO  impl.RaftServerImpl (RaftServerImpl.java:start(185)) - b1e67946-c9ea-4459-831d-c4b76e7bce93@group-7DC4A713137F: start as a follower, conf=-1: [b1e67946-c9ea-4459-831d-c4b76e7bce93:192.168.151.91:35185], old=null
2019-09-24 06:22:04,562 [pool-409-thread-1] INFO  impl.RaftServerImpl (RaftServerImpl.java:setRole(174)) - b1e67946-c9ea-4459-831d-c4b76e7bce93@group-7DC4A713137F: changes role from      null to FOLLOWER at term 0 for startAsFollower
2019-09-24 06:22:04,562 [pool-409-thread-1] INFO  impl.RoleInfo (RoleInfo.java:updateAndGet(143)) - b1e67946-c9ea-4459-831d-c4b76e7bce93: start FollowerState
2019-09-24 06:22:04,562 [pool-409-thread-1] INFO  util.JmxRegister (JmxRegister.java:tryRegister(44)) - Successfully registered JMX Bean with object name Ratis:service=RaftServer,group=group-7DC4A713137F,id=b1e67946-c9ea-4459-831d-c4b76e7bce93
2019-09-24 06:22:04,566 [RatisPipelineUtilsThread] INFO  pipeline.PipelineStateManager (PipelineStateManager.java:addPipeline(56)) - Created pipeline Pipeline[ Id: 15b695fb-a5c3-4c59-9541-7dc4a713137f, Nodes: b1e67946-c9ea-4459-831d-c4b76e7bce93{ip: 192.168.151.91, host: trunk-nightly-20190924-mj2km-2450050911, networkLocation: /default-rack, certSerialId: null}, Type:RATIS, Factor:ONE, State:OPEN]
2019-09-24 06:22:04,580 [IPC Server handler 3 on 43688] INFO  net.NetworkTopology (NetworkTopologyImpl.java:add(111)) - Added a new node: /default-rack/6af71f09-eab3-4645-8883-a2b3665a1ca1
2019-09-24 06:22:04,581 [IPC Server handler 3 on 43688] INFO  node.SCMNodeManager (SCMNodeManager.java:register(266)) - Registered Data node : 6af71f09-eab3-4645-8883-a2b3665a1ca1{ip: 192.168.151.91, host: trunk-nightly-20190924-mj2km-2450050911, networkLocation: /default-rack, certSerialId: null}
2019-09-24 06:22:04,602 [grpc-default-executor-9] INFO  impl.RaftServerProxy (RaftServerProxy.java:addNew(89)) - 6af71f09-eab3-4645-8883-a2b3665a1ca1: addNew group-CA2D50C4DE7B:[6af71f09-eab3-4645-8883-a2b3665a1ca1:192.168.151.91:45219] returns group-CA2D50C4DE7B:java.util.concurrent.CompletableFuture@615d9256[Not completed]
2019-09-24 06:22:04,603 [pool-419-thread-1] INFO  impl.RaftServerImpl (RaftServerImpl.java:<init>(95)) - 6af71f09-eab3-4645-8883-a2b3665a1ca1: new RaftServerImpl for group-CA2D50C4DE7B:[6af71f09-eab3-4645-8883-a2b3665a1ca1:192.168.151.91:45219] with ContainerStateMachine:uninitialized
2019-09-24 06:22:04,603 [pool-419-thread-1] INFO  server.RaftServerConfigKeys (ConfUtils.java:logGet(43)) - raft.server.rpc.timeout.min = 5s (custom)
2019-09-24 06:22:04,603 [pool-419-thread-1] INFO  server.RaftServerConfigKeys (ConfUtils.java:logGet(43)) - raft.server.rpc.timeout.max = 5200ms (custom)
2019-09-24 06:22:04,603 [pool-419-thread-1] INFO  server.RaftServerConfigKeys (ConfUtils.java:logGet(43)) - raft.server.rpcslowness.timeout = 120s (custom)
2019-09-24 06:22:04,604 [pool-419-thread-1] INFO  server.RaftServerConfigKeys (ConfUtils.java:logGet(43)) - raft.server.sleep.deviation.threshold = 300 (default)
2019-09-24 06:22:04,604 [pool-419-thread-1] INFO  server.RaftServerConfigKeys (ConfUtils.java:logGet(43)) - raft.server.log.appender.install.snapshot.enabled = false (custom)
2019-09-24 06:22:04,604 [pool-419-thread-1] INFO  impl.RaftServerImpl (ServerState.java:<init>(103)) - 6af71f09-eab3-4645-8883-a2b3665a1ca1@group-CA2D50C4DE7B: ConfigurationManager, init=-1: [6af71f09-eab3-4645-8883-a2b3665a1ca1:192.168.151.91:45219], old=null, confs=<EMPTY_MAP>
2019-09-24 06:22:04,604 [pool-419-thread-1] INFO  server.RaftServerConfigKeys (ConfUtils.java:logGet(43)) - raft.server.storage.dir = [/workdir/hadoop-ozone/integration-test/target/test-dir/MiniOzoneClusterImpl-a40bf951-cab5-4b8a-b522-79b69e6c8739/datanode-1/data/ratis] (custom)
2019-09-24 06:22:04,604 [pool-419-thread-1] INFO  storage.RaftStorageDirectory (RaftStorageDirectory.java:analyzeStorage(246)) - The storage directory /workdir/hadoop-ozone/integration-test/target/test-dir/MiniOzoneClusterImpl-a40bf951-cab5-4b8a-b522-79b69e6c8739/datanode-1/data/ratis/4b778226-6580-4084-98c6-ca2d50c4de7b does not exist. Creating ...
2019-09-24 06:22:04,619 [pool-419-thread-1] INFO  storage.RaftStorageDirectory (RaftStorageDirectory.java:tryLock(328)) - Lock on /workdir/hadoop-ozone/integration-test/target/test-dir/MiniOzoneClusterImpl-a40bf951-cab5-4b8a-b522-79b69e6c8739/datanode-1/data/ratis/4b778226-6580-4084-98c6-ca2d50c4de7b/in_use.lock acquired by nodename 23382@trunk-nightly-20190924-mj2km-2450050911
2019-09-24 06:22:04,632 [pool-419-thread-1] INFO  storage.RaftStorage (RaftStorage.java:format(72)) - Storage directory /workdir/hadoop-ozone/integration-test/target/test-dir/MiniOzoneClusterImpl-a40bf951-cab5-4b8a-b522-79b69e6c8739/datanode-1/data/ratis/4b778226-6580-4084-98c6-ca2d50c4de7b has been successfully formatted.
2019-09-24 06:22:04,632 [pool-419-thread-1] INFO  ratis.ContainerStateMachine (ContainerStateMachine.java:loadSnapshot(230)) - group-CA2D50C4DE7B: The snapshot info is null. Setting the last applied indexto:(t:0, i:~)
2019-09-24 06:22:04,632 [pool-419-thread-1] INFO  server.RaftServerConfigKeys (ConfUtils.java:logGet(43)) - raft.server.notification.no-leader.timeout = 120s (custom)
2019-09-24 06:22:04,632 [pool-419-thread-1] INFO  server.RaftServerConfigKeys (ConfUtils.java:logGet(43)) - raft.server.log.use.memory = false (default)
2019-09-24 06:22:04,632 [pool-419-thread-1] INFO  server.RaftServerConfigKeys (ConfUtils.java:logGet(43)) - raft.server.log.purge.gap = 1000000 (custom)
2019-09-24 06:22:04,632 [pool-419-thread-1] INFO  server.RaftServerConfigKeys (ConfUtils.java:logGet(43)) - raft.server.log.appender.buffer.byte-limit = 33554432 (custom)
2019-09-24 06:22:04,633 [pool-419-thread-1] INFO  server.RaftServerConfigKeys (ConfUtils.java:logGet(43)) - raft.server.log.segment.size.max = 1048576 (custom)
2019-09-24 06:22:04,633 [pool-419-thread-1] INFO  server.RaftServerConfigKeys (ConfUtils.java:logGet(43)) - raft.server.log.segment.cache.num.max = 2 (custom)
2019-09-24 06:22:04,633 [pool-419-thread-1] INFO  segmented.SegmentedRaftLogWorker (SegmentedRaftLogWorker.java:<init>(172)) - new 6af71f09-eab3-4645-8883-a2b3665a1ca1@group-CA2D50C4DE7B-SegmentedRaftLogWorker for RaftStorage:Storage Directory /workdir/hadoop-ozone/integration-test/target/test-dir/MiniOzoneClusterImpl-a40bf951-cab5-4b8a-b522-79b69e6c8739/datanode-1/data/ratis/4b778226-6580-4084-98c6-ca2d50c4de7b
2019-09-24 06:22:04,634 [pool-419-thread-1] INFO  server.RaftServerConfigKeys (ConfUtils.java:logGet(43)) - raft.server.log.queue.byte-limit = 2147483647 (custom)
2019-09-24 06:22:04,635 [pool-419-thread-1] INFO  server.RaftServerConfigKeys (ConfUtils.java:logGet(43)) - raft.server.log.queue.element-limit = 1024 (custom)
2019-09-24 06:22:04,635 [pool-419-thread-1] INFO  server.RaftServerConfigKeys (ConfUtils.java:logGet(43)) - raft.server.log.segment.size.max = 1048576 (custom)
2019-09-24 06:22:04,635 [pool-419-thread-1] INFO  server.RaftServerConfigKeys (ConfUtils.java:logGet(43)) - raft.server.log.preallocated.size = 16384 (custom)
2019-09-24 06:22:04,635 [pool-419-thread-1] INFO  server.RaftServerConfigKeys (ConfUtils.java:logGet(43)) - raft.server.log.write.buffer.size = 33554432 (custom)
2019-09-24 06:22:04,635 [pool-419-thread-1] INFO  server.RaftServerConfigKeys (ConfUtils.java:logGet(43)) - raft.server.log.force.sync.num = 128 (default)
2019-09-24 06:22:04,635 [pool-419-thread-1] INFO  server.RaftServerConfigKeys (ConfUtils.java:logGet(43)) - raft.server.log.statemachine.data.sync = true (default)
2019-09-24 06:22:04,635 [pool-419-thread-1] INFO  server.RaftServerConfigKeys (ConfUtils.java:logGet(43)) - raft.server.log.statemachine.data.sync.timeout = 10s (default)
2019-09-24 06:22:04,636 [pool-419-thread-1] INFO  server.RaftServerConfigKeys (ConfUtils.java:logGet(43)) - raft.server.log.statemachine.data.sync.timeout.retry = -1 (default)
2019-09-24 06:22:04,636 [pool-419-thread-1] INFO  server.RaftServerConfigKeys (ConfUtils.java:logGet(43)) - raft.server.log.statemachine.data.caching.enabled = true (custom)
2019-09-24 06:22:04,636 [pool-419-thread-1] INFO  segmented.SegmentedRaftLogWorker (SegmentedRaftLogWorker.java:lambda$new$0(132)) - 6af71f09-eab3-4645-8883-a2b3665a1ca1@group-CA2D50C4DE7B-SegmentedRaftLogWorker: flushIndex: setUnconditionally 0 -> -1
2019-09-24 06:22:04,636 [pool-419-thread-1] INFO  server.RaftServerConfigKeys (ConfUtils.java:logGet(43)) - raft.server.snapshot.auto.trigger.enabled = true (custom)
2019-09-24 06:22:04,636 [pool-419-thread-1] INFO  server.RaftServerConfigKeys (ConfUtils.java:logGet(43)) - raft.server.snapshot.auto.trigger.threshold = 10000 (custom)
2019-09-24 06:22:04,637 [pool-419-thread-1] INFO  server.RaftServerConfigKeys (ConfUtils.java:logGet(43)) - raft.server.snapshot.retention.num.files = 5 (custom)
2019-09-24 06:22:04,637 [pool-419-thread-1] INFO  server.RaftServerConfigKeys (ConfUtils.java:logGet(43)) - raft.server.retrycache.expirytime = 600000ms (custom)
2019-09-24 06:22:04,638 [pool-419-thread-1] INFO  impl.RaftServerImpl (RaftServerImpl.java:start(185)) - 6af71f09-eab3-4645-8883-a2b3665a1ca1@group-CA2D50C4DE7B: start as a follower, conf=-1: [6af71f09-eab3-4645-8883-a2b3665a1ca1:192.168.151.91:45219], old=null
2019-09-24 06:22:04,638 [pool-419-thread-1] INFO  impl.RaftServerImpl (RaftServerImpl.java:setRole(174)) - 6af71f09-eab3-4645-8883-a2b3665a1ca1@group-CA2D50C4DE7B: changes role from      null to FOLLOWER at term 0 for startAsFollower
2019-09-24 06:22:04,638 [pool-419-thread-1] INFO  impl.RoleInfo (RoleInfo.java:updateAndGet(143)) - 6af71f09-eab3-4645-8883-a2b3665a1ca1: start FollowerState
2019-09-24 06:22:04,639 [pool-419-thread-1] INFO  util.JmxRegister (JmxRegister.java:tryRegister(44)) - Successfully registered JMX Bean with object name Ratis:service=RaftServer,group=group-CA2D50C4DE7B,id=6af71f09-eab3-4645-8883-a2b3665a1ca1
2019-09-24 06:22:04,641 [RatisPipelineUtilsThread] INFO  pipeline.PipelineStateManager (PipelineStateManager.java:addPipeline(56)) - Created pipeline Pipeline[ Id: 4b778226-6580-4084-98c6-ca2d50c4de7b, Nodes: 6af71f09-eab3-4645-8883-a2b3665a1ca1{ip: 192.168.151.91, host: trunk-nightly-20190924-mj2km-2450050911, networkLocation: /default-rack, certSerialId: null}, Type:RATIS, Factor:ONE, State:OPEN]
2019-09-24 06:22:04,661 [IPC Server handler 4 on 43688] INFO  net.NetworkTopology (NetworkTopologyImpl.java:add(111)) - Added a new node: /default-rack/c80bdc58-8b99-461e-b3c1-5966c3d571a0
2019-09-24 06:22:04,661 [IPC Server handler 4 on 43688] INFO  node.SCMNodeManager (SCMNodeManager.java:register(266)) - Registered Data node : c80bdc58-8b99-461e-b3c1-5966c3d571a0{ip: 192.168.151.91, host: trunk-nightly-20190924-mj2km-2450050911, networkLocation: /default-rack, certSerialId: null}
2019-09-24 06:22:04,669 [grpc-default-executor-9] INFO  impl.RaftServerProxy (RaftServerProxy.java:addNew(89)) - c80bdc58-8b99-461e-b3c1-5966c3d571a0: addNew group-6E44DF3A0AFB:[c80bdc58-8b99-461e-b3c1-5966c3d571a0:192.168.151.91:46271] returns group-6E44DF3A0AFB:java.util.concurrent.CompletableFuture@15bbf890[Not completed]
2019-09-24 06:22:04,671 [pool-429-thread-1] INFO  impl.RaftServerImpl (RaftServerImpl.java:<init>(95)) - c80bdc58-8b99-461e-b3c1-5966c3d571a0: new RaftServerImpl for group-6E44DF3A0AFB:[c80bdc58-8b99-461e-b3c1-5966c3d571a0:192.168.151.91:46271] with ContainerStateMachine:uninitialized
2019-09-24 06:22:04,671 [pool-429-thread-1] INFO  server.RaftServerConfigKeys (ConfUtils.java:logGet(43)) - raft.server.rpc.timeout.min = 5s (custom)
2019-09-24 06:22:04,671 [pool-429-thread-1] INFO  server.RaftServerConfigKeys (ConfUtils.java:logGet(43)) - raft.server.rpc.timeout.max = 5200ms (custom)
2019-09-24 06:22:04,671 [pool-429-thread-1] INFO  server.RaftServerConfigKeys (ConfUtils.java:logGet(43)) - raft.server.rpcslowness.timeout = 120s (custom)
2019-09-24 06:22:04,671 [pool-429-thread-1] INFO  server.RaftServerConfigKeys (ConfUtils.java:logGet(43)) - raft.server.sleep.deviation.threshold = 300 (default)
2019-09-24 06:22:04,671 [pool-429-thread-1] INFO  server.RaftServerConfigKeys (ConfUtils.java:logGet(43)) - raft.server.log.appender.install.snapshot.enabled = false (custom)
2019-09-24 06:22:04,671 [pool-429-thread-1] INFO  impl.RaftServerImpl (ServerState.java:<init>(103)) - c80bdc58-8b99-461e-b3c1-5966c3d571a0@group-6E44DF3A0AFB: ConfigurationManager, init=-1: [c80bdc58-8b99-461e-b3c1-5966c3d571a0:192.168.151.91:46271], old=null, confs=<EMPTY_MAP>
2019-09-24 06:22:04,672 [pool-429-thread-1] INFO  server.RaftServerConfigKeys (ConfUtils.java:logGet(43)) - raft.server.storage.dir = [/workdir/hadoop-ozone/integration-test/target/test-dir/MiniOzoneClusterImpl-a40bf951-cab5-4b8a-b522-79b69e6c8739/datanode-2/data/ratis] (custom)
2019-09-24 06:22:04,672 [pool-429-thread-1] INFO  storage.RaftStorageDirectory (RaftStorageDirectory.java:analyzeStorage(246)) - The storage directory /workdir/hadoop-ozone/integration-test/target/test-dir/MiniOzoneClusterImpl-a40bf951-cab5-4b8a-b522-79b69e6c8739/datanode-2/data/ratis/6371c586-8488-444c-ae1c-6e44df3a0afb does not exist. Creating ...
2019-09-24 06:22:04,685 [pool-429-thread-1] INFO  storage.RaftStorageDirectory (RaftStorageDirectory.java:tryLock(328)) - Lock on /workdir/hadoop-ozone/integration-test/target/test-dir/MiniOzoneClusterImpl-a40bf951-cab5-4b8a-b522-79b69e6c8739/datanode-2/data/ratis/6371c586-8488-444c-ae1c-6e44df3a0afb/in_use.lock acquired by nodename 23382@trunk-nightly-20190924-mj2km-2450050911
2019-09-24 06:22:04,698 [pool-429-thread-1] INFO  storage.RaftStorage (RaftStorage.java:format(72)) - Storage directory /workdir/hadoop-ozone/integration-test/target/test-dir/MiniOzoneClusterImpl-a40bf951-cab5-4b8a-b522-79b69e6c8739/datanode-2/data/ratis/6371c586-8488-444c-ae1c-6e44df3a0afb has been successfully formatted.
2019-09-24 06:22:04,698 [pool-429-thread-1] INFO  ratis.ContainerStateMachine (ContainerStateMachine.java:loadSnapshot(230)) - group-6E44DF3A0AFB: The snapshot info is null. Setting the last applied indexto:(t:0, i:~)
2019-09-24 06:22:04,698 [pool-429-thread-1] INFO  server.RaftServerConfigKeys (ConfUtils.java:logGet(43)) - raft.server.notification.no-leader.timeout = 120s (custom)
2019-09-24 06:22:04,698 [pool-429-thread-1] INFO  server.RaftServerConfigKeys (ConfUtils.java:logGet(43)) - raft.server.log.use.memory = false (default)
2019-09-24 06:22:04,698 [pool-429-thread-1] INFO  server.RaftServerConfigKeys (ConfUtils.java:logGet(43)) - raft.server.log.purge.gap = 1000000 (custom)
2019-09-24 06:22:04,698 [pool-429-thread-1] INFO  server.RaftServerConfigKeys (ConfUtils.java:logGet(43)) - raft.server.log.appender.buffer.byte-limit = 33554432 (custom)
2019-09-24 06:22:04,699 [pool-429-thread-1] INFO  server.RaftServerConfigKeys (ConfUtils.java:logGet(43)) - raft.server.log.segment.size.max = 1048576 (custom)
2019-09-24 06:22:04,699 [pool-429-thread-1] INFO  server.RaftServerConfigKeys (ConfUtils.java:logGet(43)) - raft.server.log.segment.cache.num.max = 2 (custom)
2019-09-24 06:22:04,699 [pool-429-thread-1] INFO  segmented.SegmentedRaftLogWorker (SegmentedRaftLogWorker.java:<init>(172)) - new c80bdc58-8b99-461e-b3c1-5966c3d571a0@group-6E44DF3A0AFB-SegmentedRaftLogWorker for RaftStorage:Storage Directory /workdir/hadoop-ozone/integration-test/target/test-dir/MiniOzoneClusterImpl-a40bf951-cab5-4b8a-b522-79b69e6c8739/datanode-2/data/ratis/6371c586-8488-444c-ae1c-6e44df3a0afb
2019-09-24 06:22:04,701 [pool-429-thread-1] INFO  server.RaftServerConfigKeys (ConfUtils.java:logGet(43)) - raft.server.log.queue.byte-limit = 2147483647 (custom)
2019-09-24 06:22:04,701 [pool-429-thread-1] INFO  server.RaftServerConfigKeys (ConfUtils.java:logGet(43)) - raft.server.log.queue.element-limit = 1024 (custom)
2019-09-24 06:22:04,701 [pool-429-thread-1] INFO  server.RaftServerConfigKeys (ConfUtils.java:logGet(43)) - raft.server.log.segment.size.max = 1048576 (custom)
2019-09-24 06:22:04,701 [pool-429-thread-1] INFO  server.RaftServerConfigKeys (ConfUtils.java:logGet(43)) - raft.server.log.preallocated.size = 16384 (custom)
2019-09-24 06:22:04,702 [pool-429-thread-1] INFO  server.RaftServerConfigKeys (ConfUtils.java:logGet(43)) - raft.server.log.write.buffer.size = 33554432 (custom)
2019-09-24 06:22:04,702 [pool-429-thread-1] INFO  server.RaftServerConfigKeys (ConfUtils.java:logGet(43)) - raft.server.log.force.sync.num = 128 (default)
2019-09-24 06:22:04,702 [pool-429-thread-1] INFO  server.RaftServerConfigKeys (ConfUtils.java:logGet(43)) - raft.server.log.statemachine.data.sync = true (default)
2019-09-24 06:22:04,702 [pool-429-thread-1] INFO  server.RaftServerConfigKeys (ConfUtils.java:logGet(43)) - raft.server.log.statemachine.data.sync.timeout = 10s (default)
2019-09-24 06:22:04,702 [pool-429-thread-1] INFO  server.RaftServerConfigKeys (ConfUtils.java:logGet(43)) - raft.server.log.statemachine.data.sync.timeout.retry = -1 (default)
2019-09-24 06:22:04,702 [pool-429-thread-1] INFO  server.RaftServerConfigKeys (ConfUtils.java:logGet(43)) - raft.server.log.statemachine.data.caching.enabled = true (custom)
2019-09-24 06:22:04,703 [pool-429-thread-1] INFO  segmented.SegmentedRaftLogWorker (SegmentedRaftLogWorker.java:lambda$new$0(132)) - c80bdc58-8b99-461e-b3c1-5966c3d571a0@group-6E44DF3A0AFB-SegmentedRaftLogWorker: flushIndex: setUnconditionally 0 -> -1
2019-09-24 06:22:04,703 [pool-429-thread-1] INFO  server.RaftServerConfigKeys (ConfUtils.java:logGet(43)) - raft.server.snapshot.auto.trigger.enabled = true (custom)
2019-09-24 06:22:04,703 [pool-429-thread-1] INFO  server.RaftServerConfigKeys (ConfUtils.java:logGet(43)) - raft.server.snapshot.auto.trigger.threshold = 10000 (custom)
2019-09-24 06:22:04,703 [pool-429-thread-1] INFO  server.RaftServerConfigKeys (ConfUtils.java:logGet(43)) - raft.server.snapshot.retention.num.files = 5 (custom)
2019-09-24 06:22:04,703 [pool-429-thread-1] INFO  server.RaftServerConfigKeys (ConfUtils.java:logGet(43)) - raft.server.retrycache.expirytime = 600000ms (custom)
2019-09-24 06:22:04,706 [pool-429-thread-1] INFO  impl.RaftServerImpl (RaftServerImpl.java:start(185)) - c80bdc58-8b99-461e-b3c1-5966c3d571a0@group-6E44DF3A0AFB: start as a follower, conf=-1: [c80bdc58-8b99-461e-b3c1-5966c3d571a0:192.168.151.91:46271], old=null
2019-09-24 06:22:04,706 [pool-429-thread-1] INFO  impl.RaftServerImpl (RaftServerImpl.java:setRole(174)) - c80bdc58-8b99-461e-b3c1-5966c3d571a0@group-6E44DF3A0AFB: changes role from      null to FOLLOWER at term 0 for startAsFollower
2019-09-24 06:22:04,706 [pool-429-thread-1] INFO  impl.RoleInfo (RoleInfo.java:updateAndGet(143)) - c80bdc58-8b99-461e-b3c1-5966c3d571a0: start FollowerState
2019-09-24 06:22:04,706 [pool-429-thread-1] INFO  util.JmxRegister (JmxRegister.java:tryRegister(44)) - Successfully registered JMX Bean with object name Ratis:service=RaftServer,group=group-6E44DF3A0AFB,id=c80bdc58-8b99-461e-b3c1-5966c3d571a0
2019-09-24 06:22:04,708 [RatisPipelineUtilsThread] INFO  pipeline.PipelineStateManager (PipelineStateManager.java:addPipeline(56)) - Created pipeline Pipeline[ Id: 6371c586-8488-444c-ae1c-6e44df3a0afb, Nodes: c80bdc58-8b99-461e-b3c1-5966c3d571a0{ip: 192.168.151.91, host: trunk-nightly-20190924-mj2km-2450050911, networkLocation: /default-rack, certSerialId: null}, Type:RATIS, Factor:ONE, State:OPEN]
2019-09-24 06:22:04,718 [grpc-default-executor-10] INFO  impl.RaftServerProxy (RaftServerProxy.java:addNew(89)) - b1e67946-c9ea-4459-831d-c4b76e7bce93: addNew group-B04AC77420B8:[b1e67946-c9ea-4459-831d-c4b76e7bce93:192.168.151.91:35185, 6af71f09-eab3-4645-8883-a2b3665a1ca1:192.168.151.91:45219, c80bdc58-8b99-461e-b3c1-5966c3d571a0:192.168.151.91:46271] returns group-B04AC77420B8:java.util.concurrent.CompletableFuture@3d5acbdf[Not completed]
2019-09-24 06:22:04,719 [grpc-default-executor-10] INFO  impl.RaftServerProxy (RaftServerProxy.java:addNew(89)) - 6af71f09-eab3-4645-8883-a2b3665a1ca1: addNew group-B04AC77420B8:[b1e67946-c9ea-4459-831d-c4b76e7bce93:192.168.151.91:35185, 6af71f09-eab3-4645-8883-a2b3665a1ca1:192.168.151.91:45219, c80bdc58-8b99-461e-b3c1-5966c3d571a0:192.168.151.91:46271] returns group-B04AC77420B8:java.util.concurrent.CompletableFuture@396548ac[Not completed]
2019-09-24 06:22:04,719 [pool-409-thread-1] INFO  impl.RaftServerImpl (RaftServerImpl.java:<init>(95)) - b1e67946-c9ea-4459-831d-c4b76e7bce93: new RaftServerImpl for group-B04AC77420B8:[b1e67946-c9ea-4459-831d-c4b76e7bce93:192.168.151.91:35185, 6af71f09-eab3-4645-8883-a2b3665a1ca1:192.168.151.91:45219, c80bdc58-8b99-461e-b3c1-5966c3d571a0:192.168.151.91:46271] with ContainerStateMachine:uninitialized
2019-09-24 06:22:04,719 [grpc-default-executor-10] INFO  impl.RaftServerProxy (RaftServerProxy.java:addNew(89)) - c80bdc58-8b99-461e-b3c1-5966c3d571a0: addNew group-B04AC77420B8:[b1e67946-c9ea-4459-831d-c4b76e7bce93:192.168.151.91:35185, 6af71f09-eab3-4645-8883-a2b3665a1ca1:192.168.151.91:45219, c80bdc58-8b99-461e-b3c1-5966c3d571a0:192.168.151.91:46271] returns group-B04AC77420B8:java.util.concurrent.CompletableFuture@7c67c1e4[Not completed]
2019-09-24 06:22:04,719 [pool-409-thread-1] INFO  server.RaftServerConfigKeys (ConfUtils.java:logGet(43)) - raft.server.rpc.timeout.min = 5s (custom)
2019-09-24 06:22:04,720 [pool-409-thread-1] INFO  server.RaftServerConfigKeys (ConfUtils.java:logGet(43)) - raft.server.rpc.timeout.max = 5200ms (custom)
2019-09-24 06:22:04,720 [pool-409-thread-1] INFO  server.RaftServerConfigKeys (ConfUtils.java:logGet(43)) - raft.server.rpcslowness.timeout = 120s (custom)
2019-09-24 06:22:04,720 [pool-409-thread-1] INFO  server.RaftServerConfigKeys (ConfUtils.java:logGet(43)) - raft.server.sleep.deviation.threshold = 300 (default)
2019-09-24 06:22:04,720 [pool-419-thread-1] INFO  impl.RaftServerImpl (RaftServerImpl.java:<init>(95)) - 6af71f09-eab3-4645-8883-a2b3665a1ca1: new RaftServerImpl for group-B04AC77420B8:[b1e67946-c9ea-4459-831d-c4b76e7bce93:192.168.151.91:35185, 6af71f09-eab3-4645-8883-a2b3665a1ca1:192.168.151.91:45219, c80bdc58-8b99-461e-b3c1-5966c3d571a0:192.168.151.91:46271] with ContainerStateMachine:uninitialized
2019-09-24 06:22:04,720 [pool-409-thread-1] INFO  server.RaftServerConfigKeys (ConfUtils.java:logGet(43)) - raft.server.log.appender.install.snapshot.enabled = false (custom)
2019-09-24 06:22:04,720 [pool-419-thread-1] INFO  server.RaftServerConfigKeys (ConfUtils.java:logGet(43)) - raft.server.rpc.timeout.min = 5s (custom)
2019-09-24 06:22:04,720 [pool-409-thread-1] INFO  impl.RaftServerImpl (ServerState.java:<init>(103)) - b1e67946-c9ea-4459-831d-c4b76e7bce93@group-B04AC77420B8: ConfigurationManager, init=-1: [b1e67946-c9ea-4459-831d-c4b76e7bce93:192.168.151.91:35185, 6af71f09-eab3-4645-8883-a2b3665a1ca1:192.168.151.91:45219, c80bdc58-8b99-461e-b3c1-5966c3d571a0:192.168.151.91:46271], old=null, confs=<EMPTY_MAP>
2019-09-24 06:22:04,720 [pool-419-thread-1] INFO  server.RaftServerConfigKeys (ConfUtils.java:logGet(43)) - raft.server.rpc.timeout.max = 5200ms (custom)
2019-09-24 06:22:04,720 [pool-429-thread-1] INFO  impl.RaftServerImpl (RaftServerImpl.java:<init>(95)) - c80bdc58-8b99-461e-b3c1-5966c3d571a0: new RaftServerImpl for group-B04AC77420B8:[b1e67946-c9ea-4459-831d-c4b76e7bce93:192.168.151.91:35185, 6af71f09-eab3-4645-8883-a2b3665a1ca1:192.168.151.91:45219, c80bdc58-8b99-461e-b3c1-5966c3d571a0:192.168.151.91:46271] with ContainerStateMachine:uninitialized
2019-09-24 06:22:04,721 [pool-419-thread-1] INFO  server.RaftServerConfigKeys (ConfUtils.java:logGet(43)) - raft.server.rpcslowness.timeout = 120s (custom)
2019-09-24 06:22:04,721 [pool-419-thread-1] INFO  server.RaftServerConfigKeys (ConfUtils.java:logGet(43)) - raft.server.sleep.deviation.threshold = 300 (default)
2019-09-24 06:22:04,720 [pool-409-thread-1] INFO  server.RaftServerConfigKeys (ConfUtils.java:logGet(43)) - raft.server.storage.dir = [/workdir/hadoop-ozone/integration-test/target/test-dir/MiniOzoneClusterImpl-a40bf951-cab5-4b8a-b522-79b69e6c8739/datanode-0/data/ratis] (custom)
2019-09-24 06:22:04,721 [pool-419-thread-1] INFO  server.RaftServerConfigKeys (ConfUtils.java:logGet(43)) - raft.server.log.appender.install.snapshot.enabled = false (custom)
2019-09-24 06:22:04,721 [pool-429-thread-1] INFO  server.RaftServerConfigKeys (ConfUtils.java:logGet(43)) - raft.server.rpc.timeout.min = 5s (custom)
2019-09-24 06:22:04,721 [pool-409-thread-1] INFO  storage.RaftStorageDirectory (RaftStorageDirectory.java:analyzeStorage(246)) - The storage directory /workdir/hadoop-ozone/integration-test/target/test-dir/MiniOzoneClusterImpl-a40bf951-cab5-4b8a-b522-79b69e6c8739/datanode-0/data/ratis/4d49162f-3fa5-486f-961c-b04ac77420b8 does not exist. Creating ...
2019-09-24 06:22:04,721 [pool-419-thread-1] INFO  impl.RaftServerImpl (ServerState.java:<init>(103)) - 6af71f09-eab3-4645-8883-a2b3665a1ca1@group-B04AC77420B8: ConfigurationManager, init=-1: [b1e67946-c9ea-4459-831d-c4b76e7bce93:192.168.151.91:35185, 6af71f09-eab3-4645-8883-a2b3665a1ca1:192.168.151.91:45219, c80bdc58-8b99-461e-b3c1-5966c3d571a0:192.168.151.91:46271], old=null, confs=<EMPTY_MAP>
2019-09-24 06:22:04,721 [pool-429-thread-1] INFO  server.RaftServerConfigKeys (ConfUtils.java:logGet(43)) - raft.server.rpc.timeout.max = 5200ms (custom)
2019-09-24 06:22:04,722 [pool-419-thread-1] INFO  server.RaftServerConfigKeys (ConfUtils.java:logGet(43)) - raft.server.storage.dir = [/workdir/hadoop-ozone/integration-test/target/test-dir/MiniOzoneClusterImpl-a40bf951-cab5-4b8a-b522-79b69e6c8739/datanode-1/data/ratis] (custom)
2019-09-24 06:22:04,722 [pool-429-thread-1] INFO  server.RaftServerConfigKeys (ConfUtils.java:logGet(43)) - raft.server.rpcslowness.timeout = 120s (custom)
2019-09-24 06:22:04,722 [pool-429-thread-1] INFO  server.RaftServerConfigKeys (ConfUtils.java:logGet(43)) - raft.server.sleep.deviation.threshold = 300 (default)
2019-09-24 06:22:04,722 [pool-419-thread-1] INFO  storage.RaftStorageDirectory (RaftStorageDirectory.java:analyzeStorage(246)) - The storage directory /workdir/hadoop-ozone/integration-test/target/test-dir/MiniOzoneClusterImpl-a40bf951-cab5-4b8a-b522-79b69e6c8739/datanode-1/data/ratis/4d49162f-3fa5-486f-961c-b04ac77420b8 does not exist. Creating ...
2019-09-24 06:22:04,722 [pool-429-thread-1] INFO  server.RaftServerConfigKeys (ConfUtils.java:logGet(43)) - raft.server.log.appender.install.snapshot.enabled = false (custom)
2019-09-24 06:22:04,722 [pool-429-thread-1] INFO  impl.RaftServerImpl (ServerState.java:<init>(103)) - c80bdc58-8b99-461e-b3c1-5966c3d571a0@group-B04AC77420B8: ConfigurationManager, init=-1: [b1e67946-c9ea-4459-831d-c4b76e7bce93:192.168.151.91:35185, 6af71f09-eab3-4645-8883-a2b3665a1ca1:192.168.151.91:45219, c80bdc58-8b99-461e-b3c1-5966c3d571a0:192.168.151.91:46271], old=null, confs=<EMPTY_MAP>
2019-09-24 06:22:04,722 [pool-429-thread-1] INFO  server.RaftServerConfigKeys (ConfUtils.java:logGet(43)) - raft.server.storage.dir = [/workdir/hadoop-ozone/integration-test/target/test-dir/MiniOzoneClusterImpl-a40bf951-cab5-4b8a-b522-79b69e6c8739/datanode-2/data/ratis] (custom)
2019-09-24 06:22:04,723 [pool-429-thread-1] INFO  storage.RaftStorageDirectory (RaftStorageDirectory.java:analyzeStorage(246)) - The storage directory /workdir/hadoop-ozone/integration-test/target/test-dir/MiniOzoneClusterImpl-a40bf951-cab5-4b8a-b522-79b69e6c8739/datanode-2/data/ratis/4d49162f-3fa5-486f-961c-b04ac77420b8 does not exist. Creating ...
2019-09-24 06:22:04,746 [pool-409-thread-1] INFO  storage.RaftStorageDirectory (RaftStorageDirectory.java:tryLock(328)) - Lock on /workdir/hadoop-ozone/integration-test/target/test-dir/MiniOzoneClusterImpl-a40bf951-cab5-4b8a-b522-79b69e6c8739/datanode-0/data/ratis/4d49162f-3fa5-486f-961c-b04ac77420b8/in_use.lock acquired by nodename 23382@trunk-nightly-20190924-mj2km-2450050911
2019-09-24 06:22:04,746 [IPC Server handler 5 on 43688] INFO  net.NetworkTopology (NetworkTopologyImpl.java:add(111)) - Added a new node: /default-rack/785edad9-7165-444d-90ff-997f52a16f53
2019-09-24 06:22:04,746 [IPC Server handler 5 on 43688] INFO  node.SCMNodeManager (SCMNodeManager.java:register(266)) - Registered Data node : 785edad9-7165-444d-90ff-997f52a16f53{ip: 192.168.151.91, host: trunk-nightly-20190924-mj2km-2450050911, networkLocation: /default-rack, certSerialId: null}
2019-09-24 06:22:04,746 [pool-419-thread-1] INFO  storage.RaftStorageDirectory (RaftStorageDirectory.java:tryLock(328)) - Lock on /workdir/hadoop-ozone/integration-test/target/test-dir/MiniOzoneClusterImpl-a40bf951-cab5-4b8a-b522-79b69e6c8739/datanode-1/data/ratis/4d49162f-3fa5-486f-961c-b04ac77420b8/in_use.lock acquired by nodename 23382@trunk-nightly-20190924-mj2km-2450050911
2019-09-24 06:22:04,746 [pool-429-thread-1] INFO  storage.RaftStorageDirectory (RaftStorageDirectory.java:tryLock(328)) - Lock on /workdir/hadoop-ozone/integration-test/target/test-dir/MiniOzoneClusterImpl-a40bf951-cab5-4b8a-b522-79b69e6c8739/datanode-2/data/ratis/4d49162f-3fa5-486f-961c-b04ac77420b8/in_use.lock acquired by nodename 23382@trunk-nightly-20190924-mj2km-2450050911
2019-09-24 06:22:04,771 [pool-419-thread-1] INFO  storage.RaftStorage (RaftStorage.java:format(72)) - Storage directory /workdir/hadoop-ozone/integration-test/target/test-dir/MiniOzoneClusterImpl-a40bf951-cab5-4b8a-b522-79b69e6c8739/datanode-1/data/ratis/4d49162f-3fa5-486f-961c-b04ac77420b8 has been successfully formatted.
2019-09-24 06:22:04,771 [pool-409-thread-1] INFO  storage.RaftStorage (RaftStorage.java:format(72)) - Storage directory /workdir/hadoop-ozone/integration-test/target/test-dir/MiniOzoneClusterImpl-a40bf951-cab5-4b8a-b522-79b69e6c8739/datanode-0/data/ratis/4d49162f-3fa5-486f-961c-b04ac77420b8 has been successfully formatted.
2019-09-24 06:22:04,771 [pool-429-thread-1] INFO  storage.RaftStorage (RaftStorage.java:format(72)) - Storage directory /workdir/hadoop-ozone/integration-test/target/test-dir/MiniOzoneClusterImpl-a40bf951-cab5-4b8a-b522-79b69e6c8739/datanode-2/data/ratis/4d49162f-3fa5-486f-961c-b04ac77420b8 has been successfully formatted.
2019-09-24 06:22:04,771 [pool-409-thread-1] INFO  ratis.ContainerStateMachine (ContainerStateMachine.java:loadSnapshot(230)) - group-B04AC77420B8: The snapshot info is null. Setting the last applied indexto:(t:0, i:~)
2019-09-24 06:22:04,771 [pool-419-thread-1] INFO  ratis.ContainerStateMachine (ContainerStateMachine.java:loadSnapshot(230)) - group-B04AC77420B8: The snapshot info is null. Setting the last applied indexto:(t:0, i:~)
2019-09-24 06:22:04,771 [pool-409-thread-1] INFO  server.RaftServerConfigKeys (ConfUtils.java:logGet(43)) - raft.server.notification.no-leader.timeout = 120s (custom)
2019-09-24 06:22:04,771 [pool-429-thread-1] INFO  ratis.ContainerStateMachine (ContainerStateMachine.java:loadSnapshot(230)) - group-B04AC77420B8: The snapshot info is null. Setting the last applied indexto:(t:0, i:~)
2019-09-24 06:22:04,772 [pool-409-thread-1] INFO  server.RaftServerConfigKeys (ConfUtils.java:logGet(43)) - raft.server.log.use.memory = false (default)
2019-09-24 06:22:04,772 [pool-409-thread-1] INFO  server.RaftServerConfigKeys (ConfUtils.java:logGet(43)) - raft.server.log.purge.gap = 1000000 (custom)
2019-09-24 06:22:04,771 [pool-419-thread-1] INFO  server.RaftServerConfigKeys (ConfUtils.java:logGet(43)) - raft.server.notification.no-leader.timeout = 120s (custom)
2019-09-24 06:22:04,772 [pool-409-thread-1] INFO  server.RaftServerConfigKeys (ConfUtils.java:logGet(43)) - raft.server.log.appender.buffer.byte-limit = 33554432 (custom)
2019-09-24 06:22:04,772 [pool-429-thread-1] INFO  server.RaftServerConfigKeys (ConfUtils.java:logGet(43)) - raft.server.notification.no-leader.timeout = 120s (custom)
2019-09-24 06:22:04,772 [pool-409-thread-1] INFO  server.RaftServerConfigKeys (ConfUtils.java:logGet(43)) - raft.server.log.segment.size.max = 1048576 (custom)
2019-09-24 06:22:04,772 [pool-419-thread-1] INFO  server.RaftServerConfigKeys (ConfUtils.java:logGet(43)) - raft.server.log.use.memory = false (default)
2019-09-24 06:22:04,773 [pool-409-thread-1] INFO  server.RaftServerConfigKeys (ConfUtils.java:logGet(43)) - raft.server.log.segment.cache.num.max = 2 (custom)
2019-09-24 06:22:04,772 [pool-429-thread-1] INFO  server.RaftServerConfigKeys (ConfUtils.java:logGet(43)) - raft.server.log.use.memory = false (default)
2019-09-24 06:22:04,773 [pool-409-thread-1] INFO  segmented.SegmentedRaftLogWorker (SegmentedRaftLogWorker.java:<init>(172)) - new b1e67946-c9ea-4459-831d-c4b76e7bce93@group-B04AC77420B8-SegmentedRaftLogWorker for RaftStorage:Storage Directory /workdir/hadoop-ozone/integration-test/target/test-dir/MiniOzoneClusterImpl-a40bf951-cab5-4b8a-b522-79b69e6c8739/datanode-0/data/ratis/4d49162f-3fa5-486f-961c-b04ac77420b8
2019-09-24 06:22:04,773 [pool-419-thread-1] INFO  server.RaftServerConfigKeys (ConfUtils.java:logGet(43)) - raft.server.log.purge.gap = 1000000 (custom)
2019-09-24 06:22:04,773 [pool-409-thread-1] INFO  server.RaftServerConfigKeys (ConfUtils.java:logGet(43)) - raft.server.log.queue.byte-limit = 2147483647 (custom)
2019-09-24 06:22:04,773 [pool-429-thread-1] INFO  server.RaftServerConfigKeys (ConfUtils.java:logGet(43)) - raft.server.log.purge.gap = 1000000 (custom)
2019-09-24 06:22:04,774 [pool-409-thread-1] INFO  server.RaftServerConfigKeys (ConfUtils.java:logGet(43)) - raft.server.log.queue.element-limit = 1024 (custom)
2019-09-24 06:22:04,773 [pool-419-thread-1] INFO  server.RaftServerConfigKeys (ConfUtils.java:logGet(43)) - raft.server.log.appender.buffer.byte-limit = 33554432 (custom)
2019-09-24 06:22:04,774 [pool-409-thread-1] INFO  server.RaftServerConfigKeys (ConfUtils.java:logGet(43)) - raft.server.log.segment.size.max = 1048576 (custom)
2019-09-24 06:22:04,774 [pool-429-thread-1] INFO  server.RaftServerConfigKeys (ConfUtils.java:logGet(43)) - raft.server.log.appender.buffer.byte-limit = 33554432 (custom)
2019-09-24 06:22:04,774 [pool-409-thread-1] INFO  server.RaftServerConfigKeys (ConfUtils.java:logGet(43)) - raft.server.log.preallocated.size = 16384 (custom)
2019-09-24 06:22:04,774 [pool-409-thread-1] INFO  server.RaftServerConfigKeys (ConfUtils.java:logGet(43)) - raft.server.log.write.buffer.size = 33554432 (custom)
2019-09-24 06:22:04,774 [pool-419-thread-1] INFO  server.RaftServerConfigKeys (ConfUtils.java:logGet(43)) - raft.server.log.segment.size.max = 1048576 (custom)
2019-09-24 06:22:04,775 [pool-409-thread-1] INFO  server.RaftServerConfigKeys (ConfUtils.java:logGet(43)) - raft.server.log.force.sync.num = 128 (default)
2019-09-24 06:22:04,774 [pool-429-thread-1] INFO  server.RaftServerConfigKeys (ConfUtils.java:logGet(43)) - raft.server.log.segment.size.max = 1048576 (custom)
2019-09-24 06:22:04,775 [pool-409-thread-1] INFO  server.RaftServerConfigKeys (ConfUtils.java:logGet(43)) - raft.server.log.statemachine.data.sync = true (default)
2019-09-24 06:22:04,775 [pool-419-thread-1] INFO  server.RaftServerConfigKeys (ConfUtils.java:logGet(43)) - raft.server.log.segment.cache.num.max = 2 (custom)
2019-09-24 06:22:04,775 [pool-409-thread-1] INFO  server.RaftServerConfigKeys (ConfUtils.java:logGet(43)) - raft.server.log.statemachine.data.sync.timeout = 10s (default)
2019-09-24 06:22:04,776 [pool-409-thread-1] INFO  server.RaftServerConfigKeys (ConfUtils.java:logGet(43)) - raft.server.log.statemachine.data.sync.timeout.retry = -1 (default)
2019-09-24 06:22:04,775 [pool-429-thread-1] INFO  server.RaftServerConfigKeys (ConfUtils.java:logGet(43)) - raft.server.log.segment.cache.num.max = 2 (custom)
2019-09-24 06:22:04,776 [pool-409-thread-1] INFO  server.RaftServerConfigKeys (ConfUtils.java:logGet(43)) - raft.server.log.statemachine.data.caching.enabled = true (custom)
2019-09-24 06:22:04,775 [pool-419-thread-1] INFO  segmented.SegmentedRaftLogWorker (SegmentedRaftLogWorker.java:<init>(172)) - new 6af71f09-eab3-4645-8883-a2b3665a1ca1@group-B04AC77420B8-SegmentedRaftLogWorker for RaftStorage:Storage Directory /workdir/hadoop-ozone/integration-test/target/test-dir/MiniOzoneClusterImpl-a40bf951-cab5-4b8a-b522-79b69e6c8739/datanode-1/data/ratis/4d49162f-3fa5-486f-961c-b04ac77420b8
2019-09-24 06:22:04,776 [pool-409-thread-1] INFO  segmented.SegmentedRaftLogWorker (SegmentedRaftLogWorker.java:lambda$new$0(132)) - b1e67946-c9ea-4459-831d-c4b76e7bce93@group-B04AC77420B8-SegmentedRaftLogWorker: flushIndex: setUnconditionally 0 -> -1
2019-09-24 06:22:04,776 [pool-429-thread-1] INFO  segmented.SegmentedRaftLogWorker (SegmentedRaftLogWorker.java:<init>(172)) - new c80bdc58-8b99-461e-b3c1-5966c3d571a0@group-B04AC77420B8-SegmentedRaftLogWorker for RaftStorage:Storage Directory /workdir/hadoop-ozone/integration-test/target/test-dir/MiniOzoneClusterImpl-a40bf951-cab5-4b8a-b522-79b69e6c8739/datanode-2/data/ratis/4d49162f-3fa5-486f-961c-b04ac77420b8
2019-09-24 06:22:04,776 [pool-419-thread-1] INFO  server.RaftServerConfigKeys (ConfUtils.java:logGet(43)) - raft.server.log.queue.byte-limit = 2147483647 (custom)
2019-09-24 06:22:04,777 [pool-409-thread-1] INFO  server.RaftServerConfigKeys (ConfUtils.java:logGet(43)) - raft.server.snapshot.auto.trigger.enabled = true (custom)
2019-09-24 06:22:04,777 [pool-429-thread-1] INFO  server.RaftServerConfigKeys (ConfUtils.java:logGet(43)) - raft.server.log.queue.byte-limit = 2147483647 (custom)
2019-09-24 06:22:04,777 [pool-409-thread-1] INFO  server.RaftServerConfigKeys (ConfUtils.java:logGet(43)) - raft.server.snapshot.auto.trigger.threshold = 10000 (custom)
2019-09-24 06:22:04,777 [pool-419-thread-1] INFO  server.RaftServerConfigKeys (ConfUtils.java:logGet(43)) - raft.server.log.queue.element-limit = 1024 (custom)
2019-09-24 06:22:04,777 [pool-409-thread-1] INFO  server.RaftServerConfigKeys (ConfUtils.java:logGet(43)) - raft.server.snapshot.retention.num.files = 5 (custom)
2019-09-24 06:22:04,777 [pool-429-thread-1] INFO  server.RaftServerConfigKeys (ConfUtils.java:logGet(43)) - raft.server.log.queue.element-limit = 1024 (custom)
2019-09-24 06:22:04,778 [pool-409-thread-1] INFO  server.RaftServerConfigKeys (ConfUtils.java:logGet(43)) - raft.server.retrycache.expirytime = 600000ms (custom)
2019-09-24 06:22:04,777 [pool-419-thread-1] INFO  server.RaftServerConfigKeys (ConfUtils.java:logGet(43)) - raft.server.log.segment.size.max = 1048576 (custom)
2019-09-24 06:22:04,778 [pool-429-thread-1] INFO  server.RaftServerConfigKeys (ConfUtils.java:logGet(43)) - raft.server.log.segment.size.max = 1048576 (custom)
2019-09-24 06:22:04,778 [pool-419-thread-1] INFO  server.RaftServerConfigKeys (ConfUtils.java:logGet(43)) - raft.server.log.preallocated.size = 16384 (custom)
2019-09-24 06:22:04,778 [pool-429-thread-1] INFO  server.RaftServerConfigKeys (ConfUtils.java:logGet(43)) - raft.server.log.preallocated.size = 16384 (custom)
2019-09-24 06:22:04,779 [pool-419-thread-1] INFO  server.RaftServerConfigKeys (ConfUtils.java:logGet(43)) - raft.server.log.write.buffer.size = 33554432 (custom)
2019-09-24 06:22:04,779 [pool-429-thread-1] INFO  server.RaftServerConfigKeys (ConfUtils.java:logGet(43)) - raft.server.log.write.buffer.size = 33554432 (custom)
2019-09-24 06:22:04,779 [pool-419-thread-1] INFO  server.RaftServerConfigKeys (ConfUtils.java:logGet(43)) - raft.server.log.force.sync.num = 128 (default)
2019-09-24 06:22:04,779 [pool-429-thread-1] INFO  server.RaftServerConfigKeys (ConfUtils.java:logGet(43)) - raft.server.log.force.sync.num = 128 (default)
2019-09-24 06:22:04,779 [pool-419-thread-1] INFO  server.RaftServerConfigKeys (ConfUtils.java:logGet(43)) - raft.server.log.statemachine.data.sync = true (default)
2019-09-24 06:22:04,779 [pool-429-thread-1] INFO  server.RaftServerConfigKeys (ConfUtils.java:logGet(43)) - raft.server.log.statemachine.data.sync = true (default)
2019-09-24 06:22:04,779 [pool-419-thread-1] INFO  server.RaftServerConfigKeys (ConfUtils.java:logGet(43)) - raft.server.log.statemachine.data.sync.timeout = 10s (default)
2019-09-24 06:22:04,780 [pool-429-thread-1] INFO  server.RaftServerConfigKeys (ConfUtils.java:logGet(43)) - raft.server.log.statemachine.data.sync.timeout = 10s (default)
2019-09-24 06:22:04,780 [pool-409-thread-1] INFO  impl.RaftServerImpl (RaftServerImpl.java:start(185)) - b1e67946-c9ea-4459-831d-c4b76e7bce93@group-B04AC77420B8: start as a follower, conf=-1: [b1e67946-c9ea-4459-831d-c4b76e7bce93:192.168.151.91:35185, 6af71f09-eab3-4645-8883-a2b3665a1ca1:192.168.151.91:45219, c80bdc58-8b99-461e-b3c1-5966c3d571a0:192.168.151.91:46271], old=null
2019-09-24 06:22:04,780 [pool-419-thread-1] INFO  server.RaftServerConfigKeys (ConfUtils.java:logGet(43)) - raft.server.log.statemachine.data.sync.timeout.retry = -1 (default)
2019-09-24 06:22:04,780 [pool-409-thread-1] INFO  impl.RaftServerImpl (RaftServerImpl.java:setRole(174)) - b1e67946-c9ea-4459-831d-c4b76e7bce93@group-B04AC77420B8: changes role from      null to FOLLOWER at term 0 for startAsFollower
2019-09-24 06:22:04,780 [pool-409-thread-1] INFO  impl.RoleInfo (RoleInfo.java:updateAndGet(143)) - b1e67946-c9ea-4459-831d-c4b76e7bce93: start FollowerState
2019-09-24 06:22:04,780 [pool-429-thread-1] INFO  server.RaftServerConfigKeys (ConfUtils.java:logGet(43)) - raft.server.log.statemachine.data.sync.timeout.retry = -1 (default)
2019-09-24 06:22:04,780 [pool-419-thread-1] INFO  server.RaftServerConfigKeys (ConfUtils.java:logGet(43)) - raft.server.log.statemachine.data.caching.enabled = true (custom)
2019-09-24 06:22:04,781 [pool-409-thread-1] INFO  util.JmxRegister (JmxRegister.java:tryRegister(44)) - Successfully registered JMX Bean with object name Ratis:service=RaftServer,group=group-B04AC77420B8,id=b1e67946-c9ea-4459-831d-c4b76e7bce93
2019-09-24 06:22:04,781 [pool-429-thread-1] INFO  server.RaftServerConfigKeys (ConfUtils.java:logGet(43)) - raft.server.log.statemachine.data.caching.enabled = true (custom)
2019-09-24 06:22:04,781 [pool-419-thread-1] INFO  segmented.SegmentedRaftLogWorker (SegmentedRaftLogWorker.java:lambda$new$0(132)) - 6af71f09-eab3-4645-8883-a2b3665a1ca1@group-B04AC77420B8-SegmentedRaftLogWorker: flushIndex: setUnconditionally 0 -> -1
2019-09-24 06:22:04,781 [pool-429-thread-1] INFO  segmented.SegmentedRaftLogWorker (SegmentedRaftLogWorker.java:lambda$new$0(132)) - c80bdc58-8b99-461e-b3c1-5966c3d571a0@group-B04AC77420B8-SegmentedRaftLogWorker: flushIndex: setUnconditionally 0 -> -1
2019-09-24 06:22:04,781 [pool-419-thread-1] INFO  server.RaftServerConfigKeys (ConfUtils.java:logGet(43)) - raft.server.snapshot.auto.trigger.enabled = true (custom)
2019-09-24 06:22:04,782 [pool-419-thread-1] INFO  server.RaftServerConfigKeys (ConfUtils.java:logGet(43)) - raft.server.snapshot.auto.trigger.threshold = 10000 (custom)
2019-09-24 06:22:04,782 [pool-429-thread-1] INFO  server.RaftServerConfigKeys (ConfUtils.java:logGet(43)) - raft.server.snapshot.auto.trigger.enabled = true (custom)
2019-09-24 06:22:04,782 [pool-419-thread-1] INFO  server.RaftServerConfigKeys (ConfUtils.java:logGet(43)) - raft.server.snapshot.retention.num.files = 5 (custom)
2019-09-24 06:22:04,782 [pool-429-thread-1] INFO  server.RaftServerConfigKeys (ConfUtils.java:logGet(43)) - raft.server.snapshot.auto.trigger.threshold = 10000 (custom)
2019-09-24 06:22:04,782 [pool-419-thread-1] INFO  server.RaftServerConfigKeys (ConfUtils.java:logGet(43)) - raft.server.retrycache.expirytime = 600000ms (custom)
2019-09-24 06:22:04,782 [pool-429-thread-1] INFO  server.RaftServerConfigKeys (ConfUtils.java:logGet(43)) - raft.server.snapshot.retention.num.files = 5 (custom)
2019-09-24 06:22:04,783 [pool-429-thread-1] INFO  server.RaftServerConfigKeys (ConfUtils.java:logGet(43)) - raft.server.retrycache.expirytime = 600000ms (custom)
2019-09-24 06:22:04,785 [pool-419-thread-1] INFO  impl.RaftServerImpl (RaftServerImpl.java:start(185)) - 6af71f09-eab3-4645-8883-a2b3665a1ca1@group-B04AC77420B8: start as a follower, conf=-1: [b1e67946-c9ea-4459-831d-c4b76e7bce93:192.168.151.91:35185, 6af71f09-eab3-4645-8883-a2b3665a1ca1:192.168.151.91:45219, c80bdc58-8b99-461e-b3c1-5966c3d571a0:192.168.151.91:46271], old=null
2019-09-24 06:22:04,785 [pool-419-thread-1] INFO  impl.RaftServerImpl (RaftServerImpl.java:setRole(174)) - 6af71f09-eab3-4645-8883-a2b3665a1ca1@group-B04AC77420B8: changes role from      null to FOLLOWER at term 0 for startAsFollower
2019-09-24 06:22:04,785 [pool-419-thread-1] INFO  impl.RoleInfo (RoleInfo.java:updateAndGet(143)) - 6af71f09-eab3-4645-8883-a2b3665a1ca1: start FollowerState
2019-09-24 06:22:04,785 [pool-429-thread-1] INFO  impl.RaftServerImpl (RaftServerImpl.java:start(185)) - c80bdc58-8b99-461e-b3c1-5966c3d571a0@group-B04AC77420B8: start as a follower, conf=-1: [b1e67946-c9ea-4459-831d-c4b76e7bce93:192.168.151.91:35185, 6af71f09-eab3-4645-8883-a2b3665a1ca1:192.168.151.91:45219, c80bdc58-8b99-461e-b3c1-5966c3d571a0:192.168.151.91:46271], old=null
2019-09-24 06:22:04,785 [pool-419-thread-1] INFO  util.JmxRegister (JmxRegister.java:tryRegister(44)) - Successfully registered JMX Bean with object name Ratis:service=RaftServer,group=group-B04AC77420B8,id=6af71f09-eab3-4645-8883-a2b3665a1ca1
2019-09-24 06:22:04,786 [pool-429-thread-1] INFO  impl.RaftServerImpl (RaftServerImpl.java:setRole(174)) - c80bdc58-8b99-461e-b3c1-5966c3d571a0@group-B04AC77420B8: changes role from      null to FOLLOWER at term 0 for startAsFollower
2019-09-24 06:22:04,786 [pool-429-thread-1] INFO  impl.RoleInfo (RoleInfo.java:updateAndGet(143)) - c80bdc58-8b99-461e-b3c1-5966c3d571a0: start FollowerState
2019-09-24 06:22:04,797 [pool-429-thread-1] INFO  util.JmxRegister (JmxRegister.java:tryRegister(44)) - Successfully registered JMX Bean with object name Ratis:service=RaftServer,group=group-B04AC77420B8,id=c80bdc58-8b99-461e-b3c1-5966c3d571a0
2019-09-24 06:22:04,806 [RatisPipelineUtilsThread] INFO  pipeline.PipelineStateManager (PipelineStateManager.java:addPipeline(56)) - Created pipeline Pipeline[ Id: 4d49162f-3fa5-486f-961c-b04ac77420b8, Nodes: b1e67946-c9ea-4459-831d-c4b76e7bce93{ip: 192.168.151.91, host: trunk-nightly-20190924-mj2km-2450050911, networkLocation: /default-rack, certSerialId: null}6af71f09-eab3-4645-8883-a2b3665a1ca1{ip: 192.168.151.91, host: trunk-nightly-20190924-mj2km-2450050911, networkLocation: /default-rack, certSerialId: null}c80bdc58-8b99-461e-b3c1-5966c3d571a0{ip: 192.168.151.91, host: trunk-nightly-20190924-mj2km-2450050911, networkLocation: /default-rack, certSerialId: null}, Type:RATIS, Factor:THREE, State:OPEN]
2019-09-24 06:22:04,820 [IPC Server handler 6 on 43688] INFO  net.NetworkTopology (NetworkTopologyImpl.java:add(111)) - Added a new node: /default-rack/1944460d-8ee5-416d-a02c-bd5dce5bd506
2019-09-24 06:22:04,820 [IPC Server handler 6 on 43688] INFO  node.SCMNodeManager (SCMNodeManager.java:register(266)) - Registered Data node : 1944460d-8ee5-416d-a02c-bd5dce5bd506{ip: 192.168.151.91, host: trunk-nightly-20190924-mj2km-2450050911, networkLocation: /default-rack, certSerialId: null}
2019-09-24 06:22:04,826 [grpc-default-executor-10] INFO  impl.RaftServerProxy (RaftServerProxy.java:addNew(89)) - 785edad9-7165-444d-90ff-997f52a16f53: addNew group-E29545DCCCF5:[785edad9-7165-444d-90ff-997f52a16f53:192.168.151.91:38316] returns group-E29545DCCCF5:java.util.concurrent.CompletableFuture@5e62ac62[Not completed]
2019-09-24 06:22:04,829 [pool-439-thread-1] INFO  impl.RaftServerImpl (RaftServerImpl.java:<init>(95)) - 785edad9-7165-444d-90ff-997f52a16f53: new RaftServerImpl for group-E29545DCCCF5:[785edad9-7165-444d-90ff-997f52a16f53:192.168.151.91:38316] with ContainerStateMachine:uninitialized
2019-09-24 06:22:04,829 [pool-439-thread-1] INFO  server.RaftServerConfigKeys (ConfUtils.java:logGet(43)) - raft.server.rpc.timeout.min = 5s (custom)
2019-09-24 06:22:04,830 [pool-439-thread-1] INFO  server.RaftServerConfigKeys (ConfUtils.java:logGet(43)) - raft.server.rpc.timeout.max = 5200ms (custom)
2019-09-24 06:22:04,830 [pool-439-thread-1] INFO  server.RaftServerConfigKeys (ConfUtils.java:logGet(43)) - raft.server.rpcslowness.timeout = 120s (custom)
2019-09-24 06:22:04,830 [pool-439-thread-1] INFO  server.RaftServerConfigKeys (ConfUtils.java:logGet(43)) - raft.server.sleep.deviation.threshold = 300 (default)
2019-09-24 06:22:04,830 [pool-439-thread-1] INFO  server.RaftServerConfigKeys (ConfUtils.java:logGet(43)) - raft.server.log.appender.install.snapshot.enabled = false (custom)
2019-09-24 06:22:04,830 [pool-439-thread-1] INFO  impl.RaftServerImpl (ServerState.java:<init>(103)) - 785edad9-7165-444d-90ff-997f52a16f53@group-E29545DCCCF5: ConfigurationManager, init=-1: [785edad9-7165-444d-90ff-997f52a16f53:192.168.151.91:38316], old=null, confs=<EMPTY_MAP>
2019-09-24 06:22:04,830 [pool-439-thread-1] INFO  server.RaftServerConfigKeys (ConfUtils.java:logGet(43)) - raft.server.storage.dir = [/workdir/hadoop-ozone/integration-test/target/test-dir/MiniOzoneClusterImpl-a40bf951-cab5-4b8a-b522-79b69e6c8739/datanode-3/data/ratis] (custom)
2019-09-24 06:22:04,831 [pool-439-thread-1] INFO  storage.RaftStorageDirectory (RaftStorageDirectory.java:analyzeStorage(246)) - The storage directory /workdir/hadoop-ozone/integration-test/target/test-dir/MiniOzoneClusterImpl-a40bf951-cab5-4b8a-b522-79b69e6c8739/datanode-3/data/ratis/64775a4c-757a-4ea9-8315-e29545dcccf5 does not exist. Creating ...
2019-09-24 06:22:04,844 [pool-439-thread-1] INFO  storage.RaftStorageDirectory (RaftStorageDirectory.java:tryLock(328)) - Lock on /workdir/hadoop-ozone/integration-test/target/test-dir/MiniOzoneClusterImpl-a40bf951-cab5-4b8a-b522-79b69e6c8739/datanode-3/data/ratis/64775a4c-757a-4ea9-8315-e29545dcccf5/in_use.lock acquired by nodename 23382@trunk-nightly-20190924-mj2km-2450050911
2019-09-24 06:22:04,858 [pool-439-thread-1] INFO  storage.RaftStorage (RaftStorage.java:format(72)) - Storage directory /workdir/hadoop-ozone/integration-test/target/test-dir/MiniOzoneClusterImpl-a40bf951-cab5-4b8a-b522-79b69e6c8739/datanode-3/data/ratis/64775a4c-757a-4ea9-8315-e29545dcccf5 has been successfully formatted.
2019-09-24 06:22:04,858 [pool-439-thread-1] INFO  ratis.ContainerStateMachine (ContainerStateMachine.java:loadSnapshot(230)) - group-E29545DCCCF5: The snapshot info is null. Setting the last applied indexto:(t:0, i:~)
2019-09-24 06:22:04,858 [pool-439-thread-1] INFO  server.RaftServerConfigKeys (ConfUtils.java:logGet(43)) - raft.server.notification.no-leader.timeout = 120s (custom)
2019-09-24 06:22:04,858 [pool-439-thread-1] INFO  server.RaftServerConfigKeys (ConfUtils.java:logGet(43)) - raft.server.log.use.memory = false (default)
2019-09-24 06:22:04,858 [pool-439-thread-1] INFO  server.RaftServerConfigKeys (ConfUtils.java:logGet(43)) - raft.server.log.purge.gap = 1000000 (custom)
2019-09-24 06:22:04,859 [pool-439-thread-1] INFO  server.RaftServerConfigKeys (ConfUtils.java:logGet(43)) - raft.server.log.appender.buffer.byte-limit = 33554432 (custom)
2019-09-24 06:22:04,859 [pool-439-thread-1] INFO  server.RaftServerConfigKeys (ConfUtils.java:logGet(43)) - raft.server.log.segment.size.max = 1048576 (custom)
2019-09-24 06:22:04,859 [pool-439-thread-1] INFO  server.RaftServerConfigKeys (ConfUtils.java:logGet(43)) - raft.server.log.segment.cache.num.max = 2 (custom)
2019-09-24 06:22:04,859 [pool-439-thread-1] INFO  segmented.SegmentedRaftLogWorker (SegmentedRaftLogWorker.java:<init>(172)) - new 785edad9-7165-444d-90ff-997f52a16f53@group-E29545DCCCF5-SegmentedRaftLogWorker for RaftStorage:Storage Directory /workdir/hadoop-ozone/integration-test/target/test-dir/MiniOzoneClusterImpl-a40bf951-cab5-4b8a-b522-79b69e6c8739/datanode-3/data/ratis/64775a4c-757a-4ea9-8315-e29545dcccf5
2019-09-24 06:22:04,861 [pool-439-thread-1] INFO  server.RaftServerConfigKeys (ConfUtils.java:logGet(43)) - raft.server.log.queue.byte-limit = 2147483647 (custom)
2019-09-24 06:22:04,861 [pool-439-thread-1] INFO  server.RaftServerConfigKeys (ConfUtils.java:logGet(43)) - raft.server.log.queue.element-limit = 1024 (custom)
2019-09-24 06:22:04,861 [pool-439-thread-1] INFO  server.RaftServerConfigKeys (ConfUtils.java:logGet(43)) - raft.server.log.segment.size.max = 1048576 (custom)
2019-09-24 06:22:04,861 [pool-439-thread-1] INFO  server.RaftServerConfigKeys (ConfUtils.java:logGet(43)) - raft.server.log.preallocated.size = 16384 (custom)
2019-09-24 06:22:04,861 [pool-439-thread-1] INFO  server.RaftServerConfigKeys (ConfUtils.java:logGet(43)) - raft.server.log.write.buffer.size = 33554432 (custom)
2019-09-24 06:22:04,861 [pool-439-thread-1] INFO  server.RaftServerConfigKeys (ConfUtils.java:logGet(43)) - raft.server.log.force.sync.num = 128 (default)
2019-09-24 06:22:04,862 [pool-439-thread-1] INFO  server.RaftServerConfigKeys (ConfUtils.java:logGet(43)) - raft.server.log.statemachine.data.sync = true (default)
2019-09-24 06:22:04,862 [pool-439-thread-1] INFO  server.RaftServerConfigKeys (ConfUtils.java:logGet(43)) - raft.server.log.statemachine.data.sync.timeout = 10s (default)
2019-09-24 06:22:04,862 [pool-439-thread-1] INFO  server.RaftServerConfigKeys (ConfUtils.java:logGet(43)) - raft.server.log.statemachine.data.sync.timeout.retry = -1 (default)
2019-09-24 06:22:04,862 [pool-439-thread-1] INFO  server.RaftServerConfigKeys (ConfUtils.java:logGet(43)) - raft.server.log.statemachine.data.caching.enabled = true (custom)
2019-09-24 06:22:04,863 [pool-439-thread-1] INFO  segmented.SegmentedRaftLogWorker (SegmentedRaftLogWorker.java:lambda$new$0(132)) - 785edad9-7165-444d-90ff-997f52a16f53@group-E29545DCCCF5-SegmentedRaftLogWorker: flushIndex: setUnconditionally 0 -> -1
2019-09-24 06:22:04,863 [pool-439-thread-1] INFO  server.RaftServerConfigKeys (ConfUtils.java:logGet(43)) - raft.server.snapshot.auto.trigger.enabled = true (custom)
2019-09-24 06:22:04,863 [pool-439-thread-1] INFO  server.RaftServerConfigKeys (ConfUtils.java:logGet(43)) - raft.server.snapshot.auto.trigger.threshold = 10000 (custom)
2019-09-24 06:22:04,863 [pool-439-thread-1] INFO  server.RaftServerConfigKeys (ConfUtils.java:logGet(43)) - raft.server.snapshot.retention.num.files = 5 (custom)
2019-09-24 06:22:04,863 [pool-439-thread-1] INFO  server.RaftServerConfigKeys (ConfUtils.java:logGet(43)) - raft.server.retrycache.expirytime = 600000ms (custom)
2019-09-24 06:22:04,865 [pool-439-thread-1] INFO  impl.RaftServerImpl (RaftServerImpl.java:start(185)) - 785edad9-7165-444d-90ff-997f52a16f53@group-E29545DCCCF5: start as a follower, conf=-1: [785edad9-7165-444d-90ff-997f52a16f53:192.168.151.91:38316], old=null
2019-09-24 06:22:04,865 [pool-439-thread-1] INFO  impl.RaftServerImpl (RaftServerImpl.java:setRole(174)) - 785edad9-7165-444d-90ff-997f52a16f53@group-E29545DCCCF5: changes role from      null to FOLLOWER at term 0 for startAsFollower
2019-09-24 06:22:04,865 [pool-439-thread-1] INFO  impl.RoleInfo (RoleInfo.java:updateAndGet(143)) - 785edad9-7165-444d-90ff-997f52a16f53: start FollowerState
2019-09-24 06:22:04,866 [pool-439-thread-1] INFO  util.JmxRegister (JmxRegister.java:tryRegister(44)) - Successfully registered JMX Bean with object name Ratis:service=RaftServer,group=group-E29545DCCCF5,id=785edad9-7165-444d-90ff-997f52a16f53
2019-09-24 06:22:04,868 [RatisPipelineUtilsThread] INFO  pipeline.PipelineStateManager (PipelineStateManager.java:addPipeline(56)) - Created pipeline Pipeline[ Id: 64775a4c-757a-4ea9-8315-e29545dcccf5, Nodes: 785edad9-7165-444d-90ff-997f52a16f53{ip: 192.168.151.91, host: trunk-nightly-20190924-mj2km-2450050911, networkLocation: /default-rack, certSerialId: null}, Type:RATIS, Factor:ONE, State:OPEN]
2019-09-24 06:22:04,877 [grpc-default-executor-10] INFO  impl.RaftServerProxy (RaftServerProxy.java:addNew(89)) - 1944460d-8ee5-416d-a02c-bd5dce5bd506: addNew group-13361F1A052B:[1944460d-8ee5-416d-a02c-bd5dce5bd506:192.168.151.91:32780] returns group-13361F1A052B:java.util.concurrent.CompletableFuture@eacb938[Not completed]
2019-09-24 06:22:04,878 [pool-449-thread-1] INFO  impl.RaftServerImpl (RaftServerImpl.java:<init>(95)) - 1944460d-8ee5-416d-a02c-bd5dce5bd506: new RaftServerImpl for group-13361F1A052B:[1944460d-8ee5-416d-a02c-bd5dce5bd506:192.168.151.91:32780] with ContainerStateMachine:uninitialized
2019-09-24 06:22:04,878 [pool-449-thread-1] INFO  server.RaftServerConfigKeys (ConfUtils.java:logGet(43)) - raft.server.rpc.timeout.min = 5s (custom)
2019-09-24 06:22:04,878 [pool-449-thread-1] INFO  server.RaftServerConfigKeys (ConfUtils.java:logGet(43)) - raft.server.rpc.timeout.max = 5200ms (custom)
2019-09-24 06:22:04,878 [pool-449-thread-1] INFO  server.RaftServerConfigKeys (ConfUtils.java:logGet(43)) - raft.server.rpcslowness.timeout = 120s (custom)
2019-09-24 06:22:04,879 [pool-449-thread-1] INFO  server.RaftServerConfigKeys (ConfUtils.java:logGet(43)) - raft.server.sleep.deviation.threshold = 300 (default)
2019-09-24 06:22:04,879 [pool-449-thread-1] INFO  server.RaftServerConfigKeys (ConfUtils.java:logGet(43)) - raft.server.log.appender.install.snapshot.enabled = false (custom)
2019-09-24 06:22:04,879 [pool-449-thread-1] INFO  impl.RaftServerImpl (ServerState.java:<init>(103)) - 1944460d-8ee5-416d-a02c-bd5dce5bd506@group-13361F1A052B: ConfigurationManager, init=-1: [1944460d-8ee5-416d-a02c-bd5dce5bd506:192.168.151.91:32780], old=null, confs=<EMPTY_MAP>
2019-09-24 06:22:04,879 [pool-449-thread-1] INFO  server.RaftServerConfigKeys (ConfUtils.java:logGet(43)) - raft.server.storage.dir = [/workdir/hadoop-ozone/integration-test/target/test-dir/MiniOzoneClusterImpl-a40bf951-cab5-4b8a-b522-79b69e6c8739/datanode-4/data/ratis] (custom)
2019-09-24 06:22:04,879 [pool-449-thread-1] INFO  storage.RaftStorageDirectory (RaftStorageDirectory.java:analyzeStorage(246)) - The storage directory /workdir/hadoop-ozone/integration-test/target/test-dir/MiniOzoneClusterImpl-a40bf951-cab5-4b8a-b522-79b69e6c8739/datanode-4/data/ratis/03543528-0025-45a6-aea3-13361f1a052b does not exist. Creating ...
2019-09-24 06:22:04,891 [pool-449-thread-1] INFO  storage.RaftStorageDirectory (RaftStorageDirectory.java:tryLock(328)) - Lock on /workdir/hadoop-ozone/integration-test/target/test-dir/MiniOzoneClusterImpl-a40bf951-cab5-4b8a-b522-79b69e6c8739/datanode-4/data/ratis/03543528-0025-45a6-aea3-13361f1a052b/in_use.lock acquired by nodename 23382@trunk-nightly-20190924-mj2km-2450050911
2019-09-24 06:22:04,904 [pool-449-thread-1] INFO  storage.RaftStorage (RaftStorage.java:format(72)) - Storage directory /workdir/hadoop-ozone/integration-test/target/test-dir/MiniOzoneClusterImpl-a40bf951-cab5-4b8a-b522-79b69e6c8739/datanode-4/data/ratis/03543528-0025-45a6-aea3-13361f1a052b has been successfully formatted.
2019-09-24 06:22:04,904 [pool-449-thread-1] INFO  ratis.ContainerStateMachine (ContainerStateMachine.java:loadSnapshot(230)) - group-13361F1A052B: The snapshot info is null. Setting the last applied indexto:(t:0, i:~)
2019-09-24 06:22:04,904 [pool-449-thread-1] INFO  server.RaftServerConfigKeys (ConfUtils.java:logGet(43)) - raft.server.notification.no-leader.timeout = 120s (custom)
2019-09-24 06:22:04,905 [pool-449-thread-1] INFO  server.RaftServerConfigKeys (ConfUtils.java:logGet(43)) - raft.server.log.use.memory = false (default)
2019-09-24 06:22:04,905 [pool-449-thread-1] INFO  server.RaftServerConfigKeys (ConfUtils.java:logGet(43)) - raft.server.log.purge.gap = 1000000 (custom)
2019-09-24 06:22:04,905 [IPC Server handler 2 on 43688] INFO  net.NetworkTopology (NetworkTopologyImpl.java:add(111)) - Added a new node: /default-rack/6f00f8fe-2a95-42ae-9e1e-7f02ea0c4b08
2019-09-24 06:22:04,905 [pool-449-thread-1] INFO  server.RaftServerConfigKeys (ConfUtils.java:logGet(43)) - raft.server.log.appender.buffer.byte-limit = 33554432 (custom)
2019-09-24 06:22:04,905 [IPC Server handler 2 on 43688] INFO  node.SCMNodeManager (SCMNodeManager.java:register(266)) - Registered Data node : 6f00f8fe-2a95-42ae-9e1e-7f02ea0c4b08{ip: 192.168.151.91, host: trunk-nightly-20190924-mj2km-2450050911, networkLocation: /default-rack, certSerialId: null}
2019-09-24 06:22:04,905 [pool-449-thread-1] INFO  server.RaftServerConfigKeys (ConfUtils.java:logGet(43)) - raft.server.log.segment.size.max = 1048576 (custom)
2019-09-24 06:22:04,905 [pool-449-thread-1] INFO  server.RaftServerConfigKeys (ConfUtils.java:logGet(43)) - raft.server.log.segment.cache.num.max = 2 (custom)
2019-09-24 06:22:04,906 [pool-449-thread-1] INFO  segmented.SegmentedRaftLogWorker (SegmentedRaftLogWorker.java:<init>(172)) - new 1944460d-8ee5-416d-a02c-bd5dce5bd506@group-13361F1A052B-SegmentedRaftLogWorker for RaftStorage:Storage Directory /workdir/hadoop-ozone/integration-test/target/test-dir/MiniOzoneClusterImpl-a40bf951-cab5-4b8a-b522-79b69e6c8739/datanode-4/data/ratis/03543528-0025-45a6-aea3-13361f1a052b
2019-09-24 06:22:04,907 [pool-449-thread-1] INFO  server.RaftServerConfigKeys (ConfUtils.java:logGet(43)) - raft.server.log.queue.byte-limit = 2147483647 (custom)
2019-09-24 06:22:04,907 [pool-449-thread-1] INFO  server.RaftServerConfigKeys (ConfUtils.java:logGet(43)) - raft.server.log.queue.element-limit = 1024 (custom)
2019-09-24 06:22:04,908 [pool-449-thread-1] INFO  server.RaftServerConfigKeys (ConfUtils.java:logGet(43)) - raft.server.log.segment.size.max = 1048576 (custom)
2019-09-24 06:22:04,908 [pool-449-thread-1] INFO  server.RaftServerConfigKeys (ConfUtils.java:logGet(43)) - raft.server.log.preallocated.size = 16384 (custom)
2019-09-24 06:22:04,908 [pool-449-thread-1] INFO  server.RaftServerConfigKeys (ConfUtils.java:logGet(43)) - raft.server.log.write.buffer.size = 33554432 (custom)
2019-09-24 06:22:04,908 [pool-449-thread-1] INFO  server.RaftServerConfigKeys (ConfUtils.java:logGet(43)) - raft.server.log.force.sync.num = 128 (default)
2019-09-24 06:22:04,908 [pool-449-thread-1] INFO  server.RaftServerConfigKeys (ConfUtils.java:logGet(43)) - raft.server.log.statemachine.data.sync = true (default)
2019-09-24 06:22:04,908 [pool-449-thread-1] INFO  server.RaftServerConfigKeys (ConfUtils.java:logGet(43)) - raft.server.log.statemachine.data.sync.timeout = 10s (default)
2019-09-24 06:22:04,908 [pool-449-thread-1] INFO  server.RaftServerConfigKeys (ConfUtils.java:logGet(43)) - raft.server.log.statemachine.data.sync.timeout.retry = -1 (default)
2019-09-24 06:22:04,909 [pool-449-thread-1] INFO  server.RaftServerConfigKeys (ConfUtils.java:logGet(43)) - raft.server.log.statemachine.data.caching.enabled = true (custom)
2019-09-24 06:22:04,909 [pool-449-thread-1] INFO  segmented.SegmentedRaftLogWorker (SegmentedRaftLogWorker.java:lambda$new$0(132)) - 1944460d-8ee5-416d-a02c-bd5dce5bd506@group-13361F1A052B-SegmentedRaftLogWorker: flushIndex: setUnconditionally 0 -> -1
2019-09-24 06:22:04,909 [pool-449-thread-1] INFO  server.RaftServerConfigKeys (ConfUtils.java:logGet(43)) - raft.server.snapshot.auto.trigger.enabled = true (custom)
2019-09-24 06:22:04,909 [pool-449-thread-1] INFO  server.RaftServerConfigKeys (ConfUtils.java:logGet(43)) - raft.server.snapshot.auto.trigger.threshold = 10000 (custom)
2019-09-24 06:22:04,909 [pool-449-thread-1] INFO  server.RaftServerConfigKeys (ConfUtils.java:logGet(43)) - raft.server.snapshot.retention.num.files = 5 (custom)
2019-09-24 06:22:04,910 [pool-449-thread-1] INFO  server.RaftServerConfigKeys (ConfUtils.java:logGet(43)) - raft.server.retrycache.expirytime = 600000ms (custom)
2019-09-24 06:22:04,911 [pool-449-thread-1] INFO  impl.RaftServerImpl (RaftServerImpl.java:start(185)) - 1944460d-8ee5-416d-a02c-bd5dce5bd506@group-13361F1A052B: start as a follower, conf=-1: [1944460d-8ee5-416d-a02c-bd5dce5bd506:192.168.151.91:32780], old=null
2019-09-24 06:22:04,911 [pool-449-thread-1] INFO  impl.RaftServerImpl (RaftServerImpl.java:setRole(174)) - 1944460d-8ee5-416d-a02c-bd5dce5bd506@group-13361F1A052B: changes role from      null to FOLLOWER at term 0 for startAsFollower
2019-09-24 06:22:04,911 [pool-449-thread-1] INFO  impl.RoleInfo (RoleInfo.java:updateAndGet(143)) - 1944460d-8ee5-416d-a02c-bd5dce5bd506: start FollowerState
2019-09-24 06:22:04,912 [pool-449-thread-1] INFO  util.JmxRegister (JmxRegister.java:tryRegister(44)) - Successfully registered JMX Bean with object name Ratis:service=RaftServer,group=group-13361F1A052B,id=1944460d-8ee5-416d-a02c-bd5dce5bd506
2019-09-24 06:22:04,914 [RatisPipelineUtilsThread] INFO  pipeline.PipelineStateManager (PipelineStateManager.java:addPipeline(56)) - Created pipeline Pipeline[ Id: 03543528-0025-45a6-aea3-13361f1a052b, Nodes: 1944460d-8ee5-416d-a02c-bd5dce5bd506{ip: 192.168.151.91, host: trunk-nightly-20190924-mj2km-2450050911, networkLocation: /default-rack, certSerialId: null}, Type:RATIS, Factor:ONE, State:OPEN]
2019-09-24 06:22:04,919 [grpc-default-executor-10] INFO  impl.RaftServerProxy (RaftServerProxy.java:addNew(89)) - 6f00f8fe-2a95-42ae-9e1e-7f02ea0c4b08: addNew group-9686FC6E6EE9:[6f00f8fe-2a95-42ae-9e1e-7f02ea0c4b08:192.168.151.91:43861] returns group-9686FC6E6EE9:java.util.concurrent.CompletableFuture@6812efff[Not completed]
2019-09-24 06:22:04,921 [pool-459-thread-1] INFO  impl.RaftServerImpl (RaftServerImpl.java:<init>(95)) - 6f00f8fe-2a95-42ae-9e1e-7f02ea0c4b08: new RaftServerImpl for group-9686FC6E6EE9:[6f00f8fe-2a95-42ae-9e1e-7f02ea0c4b08:192.168.151.91:43861] with ContainerStateMachine:uninitialized
2019-09-24 06:22:04,921 [pool-459-thread-1] INFO  server.RaftServerConfigKeys (ConfUtils.java:logGet(43)) - raft.server.rpc.timeout.min = 5s (custom)
2019-09-24 06:22:04,922 [pool-459-thread-1] INFO  server.RaftServerConfigKeys (ConfUtils.java:logGet(43)) - raft.server.rpc.timeout.max = 5200ms (custom)
2019-09-24 06:22:04,922 [pool-459-thread-1] INFO  server.RaftServerConfigKeys (ConfUtils.java:logGet(43)) - raft.server.rpcslowness.timeout = 120s (custom)
2019-09-24 06:22:04,922 [pool-459-thread-1] INFO  server.RaftServerConfigKeys (ConfUtils.java:logGet(43)) - raft.server.sleep.deviation.threshold = 300 (default)
2019-09-24 06:22:04,922 [pool-459-thread-1] INFO  server.RaftServerConfigKeys (ConfUtils.java:logGet(43)) - raft.server.log.appender.install.snapshot.enabled = false (custom)
2019-09-24 06:22:04,922 [pool-459-thread-1] INFO  impl.RaftServerImpl (ServerState.java:<init>(103)) - 6f00f8fe-2a95-42ae-9e1e-7f02ea0c4b08@group-9686FC6E6EE9: ConfigurationManager, init=-1: [6f00f8fe-2a95-42ae-9e1e-7f02ea0c4b08:192.168.151.91:43861], old=null, confs=<EMPTY_MAP>
2019-09-24 06:22:04,922 [pool-459-thread-1] INFO  server.RaftServerConfigKeys (ConfUtils.java:logGet(43)) - raft.server.storage.dir = [/workdir/hadoop-ozone/integration-test/target/test-dir/MiniOzoneClusterImpl-a40bf951-cab5-4b8a-b522-79b69e6c8739/datanode-5/data/ratis] (custom)
2019-09-24 06:22:04,923 [pool-459-thread-1] INFO  storage.RaftStorageDirectory (RaftStorageDirectory.java:analyzeStorage(246)) - The storage directory /workdir/hadoop-ozone/integration-test/target/test-dir/MiniOzoneClusterImpl-a40bf951-cab5-4b8a-b522-79b69e6c8739/datanode-5/data/ratis/e81e8958-65d8-4afb-b1ba-9686fc6e6ee9 does not exist. Creating ...
2019-09-24 06:22:04,936 [pool-459-thread-1] INFO  storage.RaftStorageDirectory (RaftStorageDirectory.java:tryLock(328)) - Lock on /workdir/hadoop-ozone/integration-test/target/test-dir/MiniOzoneClusterImpl-a40bf951-cab5-4b8a-b522-79b69e6c8739/datanode-5/data/ratis/e81e8958-65d8-4afb-b1ba-9686fc6e6ee9/in_use.lock acquired by nodename 23382@trunk-nightly-20190924-mj2km-2450050911
2019-09-24 06:22:04,949 [pool-459-thread-1] INFO  storage.RaftStorage (RaftStorage.java:format(72)) - Storage directory /workdir/hadoop-ozone/integration-test/target/test-dir/MiniOzoneClusterImpl-a40bf951-cab5-4b8a-b522-79b69e6c8739/datanode-5/data/ratis/e81e8958-65d8-4afb-b1ba-9686fc6e6ee9 has been successfully formatted.
2019-09-24 06:22:04,949 [pool-459-thread-1] INFO  ratis.ContainerStateMachine (ContainerStateMachine.java:loadSnapshot(230)) - group-9686FC6E6EE9: The snapshot info is null. Setting the last applied indexto:(t:0, i:~)
2019-09-24 06:22:04,949 [pool-459-thread-1] INFO  server.RaftServerConfigKeys (ConfUtils.java:logGet(43)) - raft.server.notification.no-leader.timeout = 120s (custom)
2019-09-24 06:22:04,949 [pool-459-thread-1] INFO  server.RaftServerConfigKeys (ConfUtils.java:logGet(43)) - raft.server.log.use.memory = false (default)
2019-09-24 06:22:04,950 [pool-459-thread-1] INFO  server.RaftServerConfigKeys (ConfUtils.java:logGet(43)) - raft.server.log.purge.gap = 1000000 (custom)
2019-09-24 06:22:04,950 [pool-459-thread-1] INFO  server.RaftServerConfigKeys (ConfUtils.java:logGet(43)) - raft.server.log.appender.buffer.byte-limit = 33554432 (custom)
2019-09-24 06:22:04,950 [pool-459-thread-1] INFO  server.RaftServerConfigKeys (ConfUtils.java:logGet(43)) - raft.server.log.segment.size.max = 1048576 (custom)
2019-09-24 06:22:04,950 [pool-459-thread-1] INFO  server.RaftServerConfigKeys (ConfUtils.java:logGet(43)) - raft.server.log.segment.cache.num.max = 2 (custom)
2019-09-24 06:22:04,950 [pool-459-thread-1] INFO  segmented.SegmentedRaftLogWorker (SegmentedRaftLogWorker.java:<init>(172)) - new 6f00f8fe-2a95-42ae-9e1e-7f02ea0c4b08@group-9686FC6E6EE9-SegmentedRaftLogWorker for RaftStorage:Storage Directory /workdir/hadoop-ozone/integration-test/target/test-dir/MiniOzoneClusterImpl-a40bf951-cab5-4b8a-b522-79b69e6c8739/datanode-5/data/ratis/e81e8958-65d8-4afb-b1ba-9686fc6e6ee9
2019-09-24 06:22:04,952 [pool-459-thread-1] INFO  server.RaftServerConfigKeys (ConfUtils.java:logGet(43)) - raft.server.log.queue.byte-limit = 2147483647 (custom)
2019-09-24 06:22:04,953 [pool-459-thread-1] INFO  server.RaftServerConfigKeys (ConfUtils.java:logGet(43)) - raft.server.log.queue.element-limit = 1024 (custom)
2019-09-24 06:22:04,953 [pool-459-thread-1] INFO  server.RaftServerConfigKeys (ConfUtils.java:logGet(43)) - raft.server.log.segment.size.max = 1048576 (custom)
2019-09-24 06:22:04,953 [pool-459-thread-1] INFO  server.RaftServerConfigKeys (ConfUtils.java:logGet(43)) - raft.server.log.preallocated.size = 16384 (custom)
2019-09-24 06:22:04,953 [pool-459-thread-1] INFO  server.RaftServerConfigKeys (ConfUtils.java:logGet(43)) - raft.server.log.write.buffer.size = 33554432 (custom)
2019-09-24 06:22:04,953 [pool-459-thread-1] INFO  server.RaftServerConfigKeys (ConfUtils.java:logGet(43)) - raft.server.log.force.sync.num = 128 (default)
2019-09-24 06:22:04,953 [pool-459-thread-1] INFO  server.RaftServerConfigKeys (ConfUtils.java:logGet(43)) - raft.server.log.statemachine.data.sync = true (default)
2019-09-24 06:22:04,953 [pool-459-thread-1] INFO  server.RaftServerConfigKeys (ConfUtils.java:logGet(43)) - raft.server.log.statemachine.data.sync.timeout = 10s (default)
2019-09-24 06:22:04,954 [pool-459-thread-1] INFO  server.RaftServerConfigKeys (ConfUtils.java:logGet(43)) - raft.server.log.statemachine.data.sync.timeout.retry = -1 (default)
2019-09-24 06:22:04,954 [pool-459-thread-1] INFO  server.RaftServerConfigKeys (ConfUtils.java:logGet(43)) - raft.server.log.statemachine.data.caching.enabled = true (custom)
2019-09-24 06:22:04,954 [pool-459-thread-1] INFO  segmented.SegmentedRaftLogWorker (SegmentedRaftLogWorker.java:lambda$new$0(132)) - 6f00f8fe-2a95-42ae-9e1e-7f02ea0c4b08@group-9686FC6E6EE9-SegmentedRaftLogWorker: flushIndex: setUnconditionally 0 -> -1
2019-09-24 06:22:04,954 [pool-459-thread-1] INFO  server.RaftServerConfigKeys (ConfUtils.java:logGet(43)) - raft.server.snapshot.auto.trigger.enabled = true (custom)
2019-09-24 06:22:04,955 [pool-459-thread-1] INFO  server.RaftServerConfigKeys (ConfUtils.java:logGet(43)) - raft.server.snapshot.auto.trigger.threshold = 10000 (custom)
2019-09-24 06:22:04,955 [pool-459-thread-1] INFO  server.RaftServerConfigKeys (ConfUtils.java:logGet(43)) - raft.server.snapshot.retention.num.files = 5 (custom)
2019-09-24 06:22:04,955 [pool-459-thread-1] INFO  server.RaftServerConfigKeys (ConfUtils.java:logGet(43)) - raft.server.retrycache.expirytime = 600000ms (custom)
2019-09-24 06:22:04,956 [pool-459-thread-1] INFO  impl.RaftServerImpl (RaftServerImpl.java:start(185)) - 6f00f8fe-2a95-42ae-9e1e-7f02ea0c4b08@group-9686FC6E6EE9: start as a follower, conf=-1: [6f00f8fe-2a95-42ae-9e1e-7f02ea0c4b08:192.168.151.91:43861], old=null
2019-09-24 06:22:04,957 [pool-459-thread-1] INFO  impl.RaftServerImpl (RaftServerImpl.java:setRole(174)) - 6f00f8fe-2a95-42ae-9e1e-7f02ea0c4b08@group-9686FC6E6EE9: changes role from      null to FOLLOWER at term 0 for startAsFollower
2019-09-24 06:22:04,957 [pool-459-thread-1] INFO  impl.RoleInfo (RoleInfo.java:updateAndGet(143)) - 6f00f8fe-2a95-42ae-9e1e-7f02ea0c4b08: start FollowerState
2019-09-24 06:22:04,957 [pool-459-thread-1] INFO  util.JmxRegister (JmxRegister.java:tryRegister(44)) - Successfully registered JMX Bean with object name Ratis:service=RaftServer,group=group-9686FC6E6EE9,id=6f00f8fe-2a95-42ae-9e1e-7f02ea0c4b08
2019-09-24 06:22:04,959 [RatisPipelineUtilsThread] INFO  pipeline.PipelineStateManager (PipelineStateManager.java:addPipeline(56)) - Created pipeline Pipeline[ Id: e81e8958-65d8-4afb-b1ba-9686fc6e6ee9, Nodes: 6f00f8fe-2a95-42ae-9e1e-7f02ea0c4b08{ip: 192.168.151.91, host: trunk-nightly-20190924-mj2km-2450050911, networkLocation: /default-rack, certSerialId: null}, Type:RATIS, Factor:ONE, State:OPEN]
2019-09-24 06:22:04,968 [grpc-default-executor-9] INFO  impl.RaftServerProxy (RaftServerProxy.java:addNew(89)) - 1944460d-8ee5-416d-a02c-bd5dce5bd506: addNew group-2A99E4893629:[6f00f8fe-2a95-42ae-9e1e-7f02ea0c4b08:192.168.151.91:43861, 1944460d-8ee5-416d-a02c-bd5dce5bd506:192.168.151.91:32780, 785edad9-7165-444d-90ff-997f52a16f53:192.168.151.91:38316] returns group-2A99E4893629:java.util.concurrent.CompletableFuture@44017e31[Not completed]
2019-09-24 06:22:04,968 [grpc-default-executor-8] INFO  impl.RaftServerProxy (RaftServerProxy.java:addNew(89)) - 785edad9-7165-444d-90ff-997f52a16f53: addNew group-2A99E4893629:[6f00f8fe-2a95-42ae-9e1e-7f02ea0c4b08:192.168.151.91:43861, 1944460d-8ee5-416d-a02c-bd5dce5bd506:192.168.151.91:32780, 785edad9-7165-444d-90ff-997f52a16f53:192.168.151.91:38316] returns group-2A99E4893629:java.util.concurrent.CompletableFuture@46db8800[Not completed]
2019-09-24 06:22:04,968 [grpc-default-executor-10] INFO  impl.RaftServerProxy (RaftServerProxy.java:addNew(89)) - 6f00f8fe-2a95-42ae-9e1e-7f02ea0c4b08: addNew group-2A99E4893629:[6f00f8fe-2a95-42ae-9e1e-7f02ea0c4b08:192.168.151.91:43861, 1944460d-8ee5-416d-a02c-bd5dce5bd506:192.168.151.91:32780, 785edad9-7165-444d-90ff-997f52a16f53:192.168.151.91:38316] returns group-2A99E4893629:java.util.concurrent.CompletableFuture@76a62c71[Not completed]
2019-09-24 06:22:04,969 [pool-439-thread-1] INFO  impl.RaftServerImpl (RaftServerImpl.java:<init>(95)) - 785edad9-7165-444d-90ff-997f52a16f53: new RaftServerImpl for group-2A99E4893629:[6f00f8fe-2a95-42ae-9e1e-7f02ea0c4b08:192.168.151.91:43861, 1944460d-8ee5-416d-a02c-bd5dce5bd506:192.168.151.91:32780, 785edad9-7165-444d-90ff-997f52a16f53:192.168.151.91:38316] with ContainerStateMachine:uninitialized
2019-09-24 06:22:04,970 [pool-439-thread-1] INFO  server.RaftServerConfigKeys (ConfUtils.java:logGet(43)) - raft.server.rpc.timeout.min = 5s (custom)
2019-09-24 06:22:04,970 [pool-439-thread-1] INFO  server.RaftServerConfigKeys (ConfUtils.java:logGet(43)) - raft.server.rpc.timeout.max = 5200ms (custom)
2019-09-24 06:22:04,970 [pool-439-thread-1] INFO  server.RaftServerConfigKeys (ConfUtils.java:logGet(43)) - raft.server.rpcslowness.timeout = 120s (custom)
2019-09-24 06:22:04,970 [pool-439-thread-1] INFO  server.RaftServerConfigKeys (ConfUtils.java:logGet(43)) - raft.server.sleep.deviation.threshold = 300 (default)
2019-09-24 06:22:04,970 [pool-439-thread-1] INFO  server.RaftServerConfigKeys (ConfUtils.java:logGet(43)) - raft.server.log.appender.install.snapshot.enabled = false (custom)
2019-09-24 06:22:04,970 [pool-439-thread-1] INFO  impl.RaftServerImpl (ServerState.java:<init>(103)) - 785edad9-7165-444d-90ff-997f52a16f53@group-2A99E4893629: ConfigurationManager, init=-1: [6f00f8fe-2a95-42ae-9e1e-7f02ea0c4b08:192.168.151.91:43861, 1944460d-8ee5-416d-a02c-bd5dce5bd506:192.168.151.91:32780, 785edad9-7165-444d-90ff-997f52a16f53:192.168.151.91:38316], old=null, confs=<EMPTY_MAP>
2019-09-24 06:22:04,970 [pool-439-thread-1] INFO  server.RaftServerConfigKeys (ConfUtils.java:logGet(43)) - raft.server.storage.dir = [/workdir/hadoop-ozone/integration-test/target/test-dir/MiniOzoneClusterImpl-a40bf951-cab5-4b8a-b522-79b69e6c8739/datanode-3/data/ratis] (custom)
2019-09-24 06:22:04,971 [pool-459-thread-1] INFO  impl.RaftServerImpl (RaftServerImpl.java:<init>(95)) - 6f00f8fe-2a95-42ae-9e1e-7f02ea0c4b08: new RaftServerImpl for group-2A99E4893629:[6f00f8fe-2a95-42ae-9e1e-7f02ea0c4b08:192.168.151.91:43861, 1944460d-8ee5-416d-a02c-bd5dce5bd506:192.168.151.91:32780, 785edad9-7165-444d-90ff-997f52a16f53:192.168.151.91:38316] with ContainerStateMachine:uninitialized
2019-09-24 06:22:04,971 [pool-439-thread-1] INFO  storage.RaftStorageDirectory (RaftStorageDirectory.java:analyzeStorage(246)) - The storage directory /workdir/hadoop-ozone/integration-test/target/test-dir/MiniOzoneClusterImpl-a40bf951-cab5-4b8a-b522-79b69e6c8739/datanode-3/data/ratis/e221a0b6-98de-4f36-ab23-2a99e4893629 does not exist. Creating ...
2019-09-24 06:22:04,971 [pool-459-thread-1] INFO  server.RaftServerConfigKeys (ConfUtils.java:logGet(43)) - raft.server.rpc.timeout.min = 5s (custom)
2019-09-24 06:22:04,971 [pool-449-thread-1] INFO  impl.RaftServerImpl (RaftServerImpl.java:<init>(95)) - 1944460d-8ee5-416d-a02c-bd5dce5bd506: new RaftServerImpl for group-2A99E4893629:[6f00f8fe-2a95-42ae-9e1e-7f02ea0c4b08:192.168.151.91:43861, 1944460d-8ee5-416d-a02c-bd5dce5bd506:192.168.151.91:32780, 785edad9-7165-444d-90ff-997f52a16f53:192.168.151.91:38316] with ContainerStateMachine:uninitialized
2019-09-24 06:22:04,971 [pool-459-thread-1] INFO  server.RaftServerConfigKeys (ConfUtils.java:logGet(43)) - raft.server.rpc.timeout.max = 5200ms (custom)
2019-09-24 06:22:04,971 [pool-449-thread-1] INFO  server.RaftServerConfigKeys (ConfUtils.java:logGet(43)) - raft.server.rpc.timeout.min = 5s (custom)
2019-09-24 06:22:04,971 [pool-459-thread-1] INFO  server.RaftServerConfigKeys (ConfUtils.java:logGet(43)) - raft.server.rpcslowness.timeout = 120s (custom)
2019-09-24 06:22:04,971 [pool-449-thread-1] INFO  server.RaftServerConfigKeys (ConfUtils.java:logGet(43)) - raft.server.rpc.timeout.max = 5200ms (custom)
2019-09-24 06:22:04,972 [pool-459-thread-1] INFO  server.RaftServerConfigKeys (ConfUtils.java:logGet(43)) - raft.server.sleep.deviation.threshold = 300 (default)
2019-09-24 06:22:04,972 [pool-449-thread-1] INFO  server.RaftServerConfigKeys (ConfUtils.java:logGet(43)) - raft.server.rpcslowness.timeout = 120s (custom)
2019-09-24 06:22:04,972 [pool-459-thread-1] INFO  server.RaftServerConfigKeys (ConfUtils.java:logGet(43)) - raft.server.log.appender.install.snapshot.enabled = false (custom)
2019-09-24 06:22:04,972 [pool-449-thread-1] INFO  server.RaftServerConfigKeys (ConfUtils.java:logGet(43)) - raft.server.sleep.deviation.threshold = 300 (default)
2019-09-24 06:22:04,972 [pool-459-thread-1] INFO  impl.RaftServerImpl (ServerState.java:<init>(103)) - 6f00f8fe-2a95-42ae-9e1e-7f02ea0c4b08@group-2A99E4893629: ConfigurationManager, init=-1: [6f00f8fe-2a95-42ae-9e1e-7f02ea0c4b08:192.168.151.91:43861, 1944460d-8ee5-416d-a02c-bd5dce5bd506:192.168.151.91:32780, 785edad9-7165-444d-90ff-997f52a16f53:192.168.151.91:38316], old=null, confs=<EMPTY_MAP>
2019-09-24 06:22:04,972 [pool-449-thread-1] INFO  server.RaftServerConfigKeys (ConfUtils.java:logGet(43)) - raft.server.log.appender.install.snapshot.enabled = false (custom)
2019-09-24 06:22:04,972 [pool-459-thread-1] INFO  server.RaftServerConfigKeys (ConfUtils.java:logGet(43)) - raft.server.storage.dir = [/workdir/hadoop-ozone/integration-test/target/test-dir/MiniOzoneClusterImpl-a40bf951-cab5-4b8a-b522-79b69e6c8739/datanode-5/data/ratis] (custom)
2019-09-24 06:22:04,972 [pool-449-thread-1] INFO  impl.RaftServerImpl (ServerState.java:<init>(103)) - 1944460d-8ee5-416d-a02c-bd5dce5bd506@group-2A99E4893629: ConfigurationManager, init=-1: [6f00f8fe-2a95-42ae-9e1e-7f02ea0c4b08:192.168.151.91:43861, 1944460d-8ee5-416d-a02c-bd5dce5bd506:192.168.151.91:32780, 785edad9-7165-444d-90ff-997f52a16f53:192.168.151.91:38316], old=null, confs=<EMPTY_MAP>
2019-09-24 06:22:04,973 [pool-449-thread-1] INFO  server.RaftServerConfigKeys (ConfUtils.java:logGet(43)) - raft.server.storage.dir = [/workdir/hadoop-ozone/integration-test/target/test-dir/MiniOzoneClusterImpl-a40bf951-cab5-4b8a-b522-79b69e6c8739/datanode-4/data/ratis] (custom)
2019-09-24 06:22:04,973 [pool-459-thread-1] INFO  storage.RaftStorageDirectory (RaftStorageDirectory.java:analyzeStorage(246)) - The storage directory /workdir/hadoop-ozone/integration-test/target/test-dir/MiniOzoneClusterImpl-a40bf951-cab5-4b8a-b522-79b69e6c8739/datanode-5/data/ratis/e221a0b6-98de-4f36-ab23-2a99e4893629 does not exist. Creating ...
2019-09-24 06:22:04,973 [pool-449-thread-1] INFO  storage.RaftStorageDirectory (RaftStorageDirectory.java:analyzeStorage(246)) - The storage directory /workdir/hadoop-ozone/integration-test/target/test-dir/MiniOzoneClusterImpl-a40bf951-cab5-4b8a-b522-79b69e6c8739/datanode-4/data/ratis/e221a0b6-98de-4f36-ab23-2a99e4893629 does not exist. Creating ...
2019-09-24 06:22:04,977 [IPC Server handler 0 on 43688] INFO  net.NetworkTopology (NetworkTopologyImpl.java:add(111)) - Added a new node: /default-rack/aafc956e-a99d-40e4-a91d-d7ae19e7d808
2019-09-24 06:22:04,977 [IPC Server handler 0 on 43688] INFO  node.SCMNodeManager (SCMNodeManager.java:register(266)) - Registered Data node : aafc956e-a99d-40e4-a91d-d7ae19e7d808{ip: 192.168.151.91, host: trunk-nightly-20190924-mj2km-2450050911, networkLocation: /default-rack, certSerialId: null}
2019-09-24 06:22:04,978 [main] INFO  ozone.MiniOzoneClusterImpl (MiniOzoneClusterImpl.java:lambda$waitForClusterToBeReady$0(147)) - Cluster is ready. Got 7 of 7 DN Heartbeats.
2019-09-24 06:22:04,984 [pool-439-thread-1] INFO  storage.RaftStorageDirectory (RaftStorageDirectory.java:tryLock(328)) - Lock on /workdir/hadoop-ozone/integration-test/target/test-dir/MiniOzoneClusterImpl-a40bf951-cab5-4b8a-b522-79b69e6c8739/datanode-3/data/ratis/e221a0b6-98de-4f36-ab23-2a99e4893629/in_use.lock acquired by nodename 23382@trunk-nightly-20190924-mj2km-2450050911
2019-09-24 06:22:04,984 [pool-449-thread-1] INFO  storage.RaftStorageDirectory (RaftStorageDirectory.java:tryLock(328)) - Lock on /workdir/hadoop-ozone/integration-test/target/test-dir/MiniOzoneClusterImpl-a40bf951-cab5-4b8a-b522-79b69e6c8739/datanode-4/data/ratis/e221a0b6-98de-4f36-ab23-2a99e4893629/in_use.lock acquired by nodename 23382@trunk-nightly-20190924-mj2km-2450050911
2019-09-24 06:22:04,984 [pool-459-thread-1] INFO  storage.RaftStorageDirectory (RaftStorageDirectory.java:tryLock(328)) - Lock on /workdir/hadoop-ozone/integration-test/target/test-dir/MiniOzoneClusterImpl-a40bf951-cab5-4b8a-b522-79b69e6c8739/datanode-5/data/ratis/e221a0b6-98de-4f36-ab23-2a99e4893629/in_use.lock acquired by nodename 23382@trunk-nightly-20190924-mj2km-2450050911
2019-09-24 06:22:04,999 [pool-439-thread-1] INFO  storage.RaftStorage (RaftStorage.java:format(72)) - Storage directory /workdir/hadoop-ozone/integration-test/target/test-dir/MiniOzoneClusterImpl-a40bf951-cab5-4b8a-b522-79b69e6c8739/datanode-3/data/ratis/e221a0b6-98de-4f36-ab23-2a99e4893629 has been successfully formatted.
2019-09-24 06:22:04,999 [pool-459-thread-1] INFO  storage.RaftStorage (RaftStorage.java:format(72)) - Storage directory /workdir/hadoop-ozone/integration-test/target/test-dir/MiniOzoneClusterImpl-a40bf951-cab5-4b8a-b522-79b69e6c8739/datanode-5/data/ratis/e221a0b6-98de-4f36-ab23-2a99e4893629 has been successfully formatted.
2019-09-24 06:22:04,999 [pool-439-thread-1] INFO  ratis.ContainerStateMachine (ContainerStateMachine.java:loadSnapshot(230)) - group-2A99E4893629: The snapshot info is null. Setting the last applied indexto:(t:0, i:~)
2019-09-24 06:22:04,999 [pool-449-thread-1] INFO  storage.RaftStorage (RaftStorage.java:format(72)) - Storage directory /workdir/hadoop-ozone/integration-test/target/test-dir/MiniOzoneClusterImpl-a40bf951-cab5-4b8a-b522-79b69e6c8739/datanode-4/data/ratis/e221a0b6-98de-4f36-ab23-2a99e4893629 has been successfully formatted.
2019-09-24 06:22:04,999 [pool-439-thread-1] INFO  server.RaftServerConfigKeys (ConfUtils.java:logGet(43)) - raft.server.notification.no-leader.timeout = 120s (custom)
2019-09-24 06:22:04,999 [pool-459-thread-1] INFO  ratis.ContainerStateMachine (ContainerStateMachine.java:loadSnapshot(230)) - group-2A99E4893629: The snapshot info is null. Setting the last applied indexto:(t:0, i:~)
2019-09-24 06:22:04,999 [pool-439-thread-1] INFO  server.RaftServerConfigKeys (ConfUtils.java:logGet(43)) - raft.server.log.use.memory = false (default)
2019-09-24 06:22:04,999 [pool-449-thread-1] INFO  ratis.ContainerStateMachine (ContainerStateMachine.java:loadSnapshot(230)) - group-2A99E4893629: The snapshot info is null. Setting the last applied indexto:(t:0, i:~)
2019-09-24 06:22:05,000 [pool-439-thread-1] INFO  server.RaftServerConfigKeys (ConfUtils.java:logGet(43)) - raft.server.log.purge.gap = 1000000 (custom)
2019-09-24 06:22:05,000 [pool-459-thread-1] INFO  server.RaftServerConfigKeys (ConfUtils.java:logGet(43)) - raft.server.notification.no-leader.timeout = 120s (custom)
2019-09-24 06:22:05,000 [pool-439-thread-1] INFO  server.RaftServerConfigKeys (ConfUtils.java:logGet(43)) - raft.server.log.appender.buffer.byte-limit = 33554432 (custom)
2019-09-24 06:22:05,000 [pool-449-thread-1] INFO  server.RaftServerConfigKeys (ConfUtils.java:logGet(43)) - raft.server.notification.no-leader.timeout = 120s (custom)
2019-09-24 06:22:05,000 [pool-439-thread-1] INFO  server.RaftServerConfigKeys (ConfUtils.java:logGet(43)) - raft.server.log.segment.size.max = 1048576 (custom)
2019-09-24 06:22:05,000 [pool-459-thread-1] INFO  server.RaftServerConfigKeys (ConfUtils.java:logGet(43)) - raft.server.log.use.memory = false (default)
2019-09-24 06:22:05,001 [pool-439-thread-1] INFO  server.RaftServerConfigKeys (ConfUtils.java:logGet(43)) - raft.server.log.segment.cache.num.max = 2 (custom)
2019-09-24 06:22:05,001 [pool-449-thread-1] INFO  server.RaftServerConfigKeys (ConfUtils.java:logGet(43)) - raft.server.log.use.memory = false (default)
2019-09-24 06:22:05,001 [pool-439-thread-1] INFO  segmented.SegmentedRaftLogWorker (SegmentedRaftLogWorker.java:<init>(172)) - new 785edad9-7165-444d-90ff-997f52a16f53@group-2A99E4893629-SegmentedRaftLogWorker for RaftStorage:Storage Directory /workdir/hadoop-ozone/integration-test/target/test-dir/MiniOzoneClusterImpl-a40bf951-cab5-4b8a-b522-79b69e6c8739/datanode-3/data/ratis/e221a0b6-98de-4f36-ab23-2a99e4893629
2019-09-24 06:22:05,001 [pool-459-thread-1] INFO  server.RaftServerConfigKeys (ConfUtils.java:logGet(43)) - raft.server.log.purge.gap = 1000000 (custom)
2019-09-24 06:22:05,001 [pool-439-thread-1] INFO  server.RaftServerConfigKeys (ConfUtils.java:logGet(43)) - raft.server.log.queue.byte-limit = 2147483647 (custom)
2019-09-24 06:22:05,001 [pool-449-thread-1] INFO  server.RaftServerConfigKeys (ConfUtils.java:logGet(43)) - raft.server.log.purge.gap = 1000000 (custom)
2019-09-24 06:22:05,003 [pool-439-thread-1] INFO  server.RaftServerConfigKeys (ConfUtils.java:logGet(43)) - raft.server.log.queue.element-limit = 1024 (custom)
2019-09-24 06:22:05,002 [pool-459-thread-1] INFO  server.RaftServerConfigKeys (ConfUtils.java:logGet(43)) - raft.server.log.appender.buffer.byte-limit = 33554432 (custom)
2019-09-24 06:22:05,004 [pool-439-thread-1] INFO  server.RaftServerConfigKeys (ConfUtils.java:logGet(43)) - raft.server.log.segment.size.max = 1048576 (custom)
2019-09-24 06:22:05,003 [pool-449-thread-1] INFO  server.RaftServerConfigKeys (ConfUtils.java:logGet(43)) - raft.server.log.appender.buffer.byte-limit = 33554432 (custom)
2019-09-24 06:22:05,004 [pool-439-thread-1] INFO  server.RaftServerConfigKeys (ConfUtils.java:logGet(43)) - raft.server.log.preallocated.size = 16384 (custom)
2019-09-24 06:22:05,004 [pool-459-thread-1] INFO  server.RaftServerConfigKeys (ConfUtils.java:logGet(43)) - raft.server.log.segment.size.max = 1048576 (custom)
2019-09-24 06:22:05,004 [pool-439-thread-1] INFO  server.RaftServerConfigKeys (ConfUtils.java:logGet(43)) - raft.server.log.write.buffer.size = 33554432 (custom)
2019-09-24 06:22:05,004 [pool-439-thread-1] INFO  server.RaftServerConfigKeys (ConfUtils.java:logGet(43)) - raft.server.log.force.sync.num = 128 (default)
2019-09-24 06:22:05,004 [pool-449-thread-1] INFO  server.RaftServerConfigKeys (ConfUtils.java:logGet(43)) - raft.server.log.segment.size.max = 1048576 (custom)
2019-09-24 06:22:05,005 [main] INFO  rpc.RpcClient (RpcClient.java:createVolume(276)) - Creating Volume: testblockoutputstream, with jenkins1000 as owner.
2019-09-24 06:22:05,005 [pool-439-thread-1] INFO  server.RaftServerConfigKeys (ConfUtils.java:logGet(43)) - raft.server.log.statemachine.data.sync = true (default)
2019-09-24 06:22:05,004 [pool-459-thread-1] INFO  server.RaftServerConfigKeys (ConfUtils.java:logGet(43)) - raft.server.log.segment.cache.num.max = 2 (custom)
2019-09-24 06:22:05,005 [pool-439-thread-1] INFO  server.RaftServerConfigKeys (ConfUtils.java:logGet(43)) - raft.server.log.statemachine.data.sync.timeout = 10s (default)
2019-09-24 06:22:05,005 [pool-449-thread-1] INFO  server.RaftServerConfigKeys (ConfUtils.java:logGet(43)) - raft.server.log.segment.cache.num.max = 2 (custom)
2019-09-24 06:22:05,006 [pool-439-thread-1] INFO  server.RaftServerConfigKeys (ConfUtils.java:logGet(43)) - raft.server.log.statemachine.data.sync.timeout.retry = -1 (default)
2019-09-24 06:22:05,005 [pool-459-thread-1] INFO  segmented.SegmentedRaftLogWorker (SegmentedRaftLogWorker.java:<init>(172)) - new 6f00f8fe-2a95-42ae-9e1e-7f02ea0c4b08@group-2A99E4893629-SegmentedRaftLogWorker for RaftStorage:Storage Directory /workdir/hadoop-ozone/integration-test/target/test-dir/MiniOzoneClusterImpl-a40bf951-cab5-4b8a-b522-79b69e6c8739/datanode-5/data/ratis/e221a0b6-98de-4f36-ab23-2a99e4893629
2019-09-24 06:22:05,006 [pool-439-thread-1] INFO  server.RaftServerConfigKeys (ConfUtils.java:logGet(43)) - raft.server.log.statemachine.data.caching.enabled = true (custom)
2019-09-24 06:22:05,006 [pool-449-thread-1] INFO  segmented.SegmentedRaftLogWorker (SegmentedRaftLogWorker.java:<init>(172)) - new 1944460d-8ee5-416d-a02c-bd5dce5bd506@group-2A99E4893629-SegmentedRaftLogWorker for RaftStorage:Storage Directory /workdir/hadoop-ozone/integration-test/target/test-dir/MiniOzoneClusterImpl-a40bf951-cab5-4b8a-b522-79b69e6c8739/datanode-4/data/ratis/e221a0b6-98de-4f36-ab23-2a99e4893629
2019-09-24 06:22:05,006 [pool-459-thread-1] INFO  server.RaftServerConfigKeys (ConfUtils.java:logGet(43)) - raft.server.log.queue.byte-limit = 2147483647 (custom)
2019-09-24 06:22:05,006 [pool-439-thread-1] INFO  segmented.SegmentedRaftLogWorker (SegmentedRaftLogWorker.java:lambda$new$0(132)) - 785edad9-7165-444d-90ff-997f52a16f53@group-2A99E4893629-SegmentedRaftLogWorker: flushIndex: setUnconditionally 0 -> -1
2019-09-24 06:22:05,006 [pool-449-thread-1] INFO  server.RaftServerConfigKeys (ConfUtils.java:logGet(43)) - raft.server.log.queue.byte-limit = 2147483647 (custom)
2019-09-24 06:22:05,007 [pool-459-thread-1] INFO  server.RaftServerConfigKeys (ConfUtils.java:logGet(43)) - raft.server.log.queue.element-limit = 1024 (custom)
2019-09-24 06:22:05,007 [pool-439-thread-1] INFO  server.RaftServerConfigKeys (ConfUtils.java:logGet(43)) - raft.server.snapshot.auto.trigger.enabled = true (custom)
2019-09-24 06:22:05,007 [pool-449-thread-1] INFO  server.RaftServerConfigKeys (ConfUtils.java:logGet(43)) - raft.server.log.queue.element-limit = 1024 (custom)
2019-09-24 06:22:05,007 [pool-439-thread-1] INFO  server.RaftServerConfigKeys (ConfUtils.java:logGet(43)) - raft.server.snapshot.auto.trigger.threshold = 10000 (custom)
2019-09-24 06:22:05,007 [pool-459-thread-1] INFO  server.RaftServerConfigKeys (ConfUtils.java:logGet(43)) - raft.server.log.segment.size.max = 1048576 (custom)
2019-09-24 06:22:05,008 [pool-439-thread-1] INFO  server.RaftServerConfigKeys (ConfUtils.java:logGet(43)) - raft.server.snapshot.retention.num.files = 5 (custom)
2019-09-24 06:22:05,008 [pool-449-thread-1] INFO  server.RaftServerConfigKeys (ConfUtils.java:logGet(43)) - raft.server.log.segment.size.max = 1048576 (custom)
2019-09-24 06:22:05,008 [pool-439-thread-1] INFO  server.RaftServerConfigKeys (ConfUtils.java:logGet(43)) - raft.server.retrycache.expirytime = 600000ms (custom)
2019-09-24 06:22:05,008 [pool-459-thread-1] INFO  server.RaftServerConfigKeys (ConfUtils.java:logGet(43)) - raft.server.log.preallocated.size = 16384 (custom)
2019-09-24 06:22:05,008 [pool-449-thread-1] INFO  server.RaftServerConfigKeys (ConfUtils.java:logGet(43)) - raft.server.log.preallocated.size = 16384 (custom)
2019-09-24 06:22:05,009 [pool-459-thread-1] INFO  server.RaftServerConfigKeys (ConfUtils.java:logGet(43)) - raft.server.log.write.buffer.size = 33554432 (custom)
2019-09-24 06:22:05,009 [pool-449-thread-1] INFO  server.RaftServerConfigKeys (ConfUtils.java:logGet(43)) - raft.server.log.write.buffer.size = 33554432 (custom)
2019-09-24 06:22:05,009 [pool-459-thread-1] INFO  server.RaftServerConfigKeys (ConfUtils.java:logGet(43)) - raft.server.log.force.sync.num = 128 (default)
2019-09-24 06:22:05,009 [pool-449-thread-1] INFO  server.RaftServerConfigKeys (ConfUtils.java:logGet(43)) - raft.server.log.force.sync.num = 128 (default)
2019-09-24 06:22:05,009 [pool-459-thread-1] INFO  server.RaftServerConfigKeys (ConfUtils.java:logGet(43)) - raft.server.log.statemachine.data.sync = true (default)
2019-09-24 06:22:05,010 [pool-449-thread-1] INFO  server.RaftServerConfigKeys (ConfUtils.java:logGet(43)) - raft.server.log.statemachine.data.sync = true (default)
2019-09-24 06:22:05,010 [pool-459-thread-1] INFO  server.RaftServerConfigKeys (ConfUtils.java:logGet(43)) - raft.server.log.statemachine.data.sync.timeout = 10s (default)
2019-09-24 06:22:05,010 [IPC Server handler 0 on 36716] INFO  volume.OMVolumeCreateRequest (OMVolumeCreateRequest.java:validateAndUpdateCache(189)) - created volume:testblockoutputstream for user:jenkins1000
2019-09-24 06:22:05,010 [pool-449-thread-1] INFO  server.RaftServerConfigKeys (ConfUtils.java:logGet(43)) - raft.server.log.statemachine.data.sync.timeout = 10s (default)
2019-09-24 06:22:05,010 [pool-439-thread-1] INFO  impl.RaftServerImpl (RaftServerImpl.java:start(185)) - 785edad9-7165-444d-90ff-997f52a16f53@group-2A99E4893629: start as a follower, conf=-1: [6f00f8fe-2a95-42ae-9e1e-7f02ea0c4b08:192.168.151.91:43861, 1944460d-8ee5-416d-a02c-bd5dce5bd506:192.168.151.91:32780, 785edad9-7165-444d-90ff-997f52a16f53:192.168.151.91:38316], old=null
2019-09-24 06:22:05,010 [pool-459-thread-1] INFO  server.RaftServerConfigKeys (ConfUtils.java:logGet(43)) - raft.server.log.statemachine.data.sync.timeout.retry = -1 (default)
2019-09-24 06:22:05,011 [pool-439-thread-1] INFO  impl.RaftServerImpl (RaftServerImpl.java:setRole(174)) - 785edad9-7165-444d-90ff-997f52a16f53@group-2A99E4893629: changes role from      null to FOLLOWER at term 0 for startAsFollower
2019-09-24 06:22:05,010 [pool-449-thread-1] INFO  server.RaftServerConfigKeys (ConfUtils.java:logGet(43)) - raft.server.log.statemachine.data.sync.timeout.retry = -1 (default)
2019-09-24 06:22:05,011 [pool-439-thread-1] INFO  impl.RoleInfo (RoleInfo.java:updateAndGet(143)) - 785edad9-7165-444d-90ff-997f52a16f53: start FollowerState
2019-09-24 06:22:05,011 [pool-459-thread-1] INFO  server.RaftServerConfigKeys (ConfUtils.java:logGet(43)) - raft.server.log.statemachine.data.caching.enabled = true (custom)
2019-09-24 06:22:05,011 [pool-449-thread-1] INFO  server.RaftServerConfigKeys (ConfUtils.java:logGet(43)) - raft.server.log.statemachine.data.caching.enabled = true (custom)
2019-09-24 06:22:05,011 [pool-459-thread-1] INFO  segmented.SegmentedRaftLogWorker (SegmentedRaftLogWorker.java:lambda$new$0(132)) - 6f00f8fe-2a95-42ae-9e1e-7f02ea0c4b08@group-2A99E4893629-SegmentedRaftLogWorker: flushIndex: setUnconditionally 0 -> -1
2019-09-24 06:22:05,012 [pool-449-thread-1] INFO  segmented.SegmentedRaftLogWorker (SegmentedRaftLogWorker.java:lambda$new$0(132)) - 1944460d-8ee5-416d-a02c-bd5dce5bd506@group-2A99E4893629-SegmentedRaftLogWorker: flushIndex: setUnconditionally 0 -> -1
2019-09-24 06:22:05,011 [pool-439-thread-1] INFO  util.JmxRegister (JmxRegister.java:tryRegister(44)) - Successfully registered JMX Bean with object name Ratis:service=RaftServer,group=group-2A99E4893629,id=785edad9-7165-444d-90ff-997f52a16f53
2019-09-24 06:22:05,012 [pool-459-thread-1] INFO  server.RaftServerConfigKeys (ConfUtils.java:logGet(43)) - raft.server.snapshot.auto.trigger.enabled = true (custom)
2019-09-24 06:22:05,012 [pool-449-thread-1] INFO  server.RaftServerConfigKeys (ConfUtils.java:logGet(43)) - raft.server.snapshot.auto.trigger.enabled = true (custom)
2019-09-24 06:22:05,012 [pool-459-thread-1] INFO  server.RaftServerConfigKeys (ConfUtils.java:logGet(43)) - raft.server.snapshot.auto.trigger.threshold = 10000 (custom)
2019-09-24 06:22:05,012 [pool-449-thread-1] INFO  server.RaftServerConfigKeys (ConfUtils.java:logGet(43)) - raft.server.snapshot.auto.trigger.threshold = 10000 (custom)
2019-09-24 06:22:05,012 [pool-459-thread-1] INFO  server.RaftServerConfigKeys (ConfUtils.java:logGet(43)) - raft.server.snapshot.retention.num.files = 5 (custom)
2019-09-24 06:22:05,014 [pool-449-thread-1] INFO  server.RaftServerConfigKeys (ConfUtils.java:logGet(43)) - raft.server.snapshot.retention.num.files = 5 (custom)
2019-09-24 06:22:05,014 [pool-459-thread-1] INFO  server.RaftServerConfigKeys (ConfUtils.java:logGet(43)) - raft.server.retrycache.expirytime = 600000ms (custom)
2019-09-24 06:22:05,014 [pool-449-thread-1] INFO  server.RaftServerConfigKeys (ConfUtils.java:logGet(43)) - raft.server.retrycache.expirytime = 600000ms (custom)
2019-09-24 06:22:05,021 [main] INFO  rpc.RpcClient (RpcClient.java:createBucket(415)) - Creating Bucket: testblockoutputstream/testblockoutputstream, with Versioning false and Storage Type set to DISK and Encryption set to false 
2019-09-24 06:22:05,023 [pool-459-thread-1] INFO  impl.RaftServerImpl (RaftServerImpl.java:start(185)) - 6f00f8fe-2a95-42ae-9e1e-7f02ea0c4b08@group-2A99E4893629: start as a follower, conf=-1: [6f00f8fe-2a95-42ae-9e1e-7f02ea0c4b08:192.168.151.91:43861, 1944460d-8ee5-416d-a02c-bd5dce5bd506:192.168.151.91:32780, 785edad9-7165-444d-90ff-997f52a16f53:192.168.151.91:38316], old=null
2019-09-24 06:22:05,023 [pool-449-thread-1] INFO  impl.RaftServerImpl (RaftServerImpl.java:start(185)) - 1944460d-8ee5-416d-a02c-bd5dce5bd506@group-2A99E4893629: start as a follower, conf=-1: [6f00f8fe-2a95-42ae-9e1e-7f02ea0c4b08:192.168.151.91:43861, 1944460d-8ee5-416d-a02c-bd5dce5bd506:192.168.151.91:32780, 785edad9-7165-444d-90ff-997f52a16f53:192.168.151.91:38316], old=null
2019-09-24 06:22:05,023 [pool-459-thread-1] INFO  impl.RaftServerImpl (RaftServerImpl.java:setRole(174)) - 6f00f8fe-2a95-42ae-9e1e-7f02ea0c4b08@group-2A99E4893629: changes role from      null to FOLLOWER at term 0 for startAsFollower
2019-09-24 06:22:05,024 [pool-449-thread-1] INFO  impl.RaftServerImpl (RaftServerImpl.java:setRole(174)) - 1944460d-8ee5-416d-a02c-bd5dce5bd506@group-2A99E4893629: changes role from      null to FOLLOWER at term 0 for startAsFollower
2019-09-24 06:22:05,024 [pool-459-thread-1] INFO  impl.RoleInfo (RoleInfo.java:updateAndGet(143)) - 6f00f8fe-2a95-42ae-9e1e-7f02ea0c4b08: start FollowerState
2019-09-24 06:22:05,025 [pool-449-thread-1] INFO  impl.RoleInfo (RoleInfo.java:updateAndGet(143)) - 1944460d-8ee5-416d-a02c-bd5dce5bd506: start FollowerState
2019-09-24 06:22:05,025 [pool-459-thread-1] INFO  util.JmxRegister (JmxRegister.java:tryRegister(44)) - Successfully registered JMX Bean with object name Ratis:service=RaftServer,group=group-2A99E4893629,id=6f00f8fe-2a95-42ae-9e1e-7f02ea0c4b08
2019-09-24 06:22:05,025 [pool-449-thread-1] INFO  util.JmxRegister (JmxRegister.java:tryRegister(44)) - Successfully registered JMX Bean with object name Ratis:service=RaftServer,group=group-2A99E4893629,id=1944460d-8ee5-416d-a02c-bd5dce5bd506
2019-09-24 06:22:05,028 [RatisPipelineUtilsThread] INFO  pipeline.PipelineStateManager (PipelineStateManager.java:addPipeline(56)) - Created pipeline Pipeline[ Id: e221a0b6-98de-4f36-ab23-2a99e4893629, Nodes: 785edad9-7165-444d-90ff-997f52a16f53{ip: 192.168.151.91, host: trunk-nightly-20190924-mj2km-2450050911, networkLocation: /default-rack, certSerialId: null}1944460d-8ee5-416d-a02c-bd5dce5bd506{ip: 192.168.151.91, host: trunk-nightly-20190924-mj2km-2450050911, networkLocation: /default-rack, certSerialId: null}6f00f8fe-2a95-42ae-9e1e-7f02ea0c4b08{ip: 192.168.151.91, host: trunk-nightly-20190924-mj2km-2450050911, networkLocation: /default-rack, certSerialId: null}, Type:RATIS, Factor:THREE, State:OPEN]
2019-09-24 06:22:07,514 [Thread-2888] INFO  container.ReplicationManager (ReplicationManager.java:start(162)) - Starting Replication Monitor Thread.
2019-09-24 06:22:07,518 [ReplicationMonitor] INFO  container.ReplicationManager (ReplicationManager.java:run(225)) - Replication Monitor Thread took 0 milliseconds for processing 1 containers.
2019-09-24 06:22:09,631 [Thread-2890] INFO  impl.FollowerState (FollowerState.java:run(106)) - b1e67946-c9ea-4459-831d-c4b76e7bce93:group-7DC4A713137F changes to CANDIDATE, lastRpcTime:5069, electionTimeout:5069ms
2019-09-24 06:22:09,632 [Thread-2890] INFO  impl.RoleInfo (RoleInfo.java:shutdownFollowerState(121)) - b1e67946-c9ea-4459-831d-c4b76e7bce93: shutdown FollowerState
2019-09-24 06:22:09,632 [Thread-2890] INFO  impl.RaftServerImpl (RaftServerImpl.java:setRole(174)) - b1e67946-c9ea-4459-831d-c4b76e7bce93@group-7DC4A713137F: changes role from  FOLLOWER to CANDIDATE at term 0 for changeToCandidate
2019-09-24 06:22:09,632 [Thread-2890] INFO  impl.RoleInfo (RoleInfo.java:updateAndGet(143)) - b1e67946-c9ea-4459-831d-c4b76e7bce93: start LeaderElection
2019-09-24 06:22:09,654 [b1e67946-c9ea-4459-831d-c4b76e7bce93@group-7DC4A713137F:LeaderElection58] INFO  impl.LeaderElection (LeaderElection.java:askForVotes(182)) - b1e67946-c9ea-4459-831d-c4b76e7bce93@group-7DC4A713137F:LeaderElection58: begin an election at term 1 for -1: [b1e67946-c9ea-4459-831d-c4b76e7bce93:192.168.151.91:35185], old=null
2019-09-24 06:22:09,654 [b1e67946-c9ea-4459-831d-c4b76e7bce93@group-7DC4A713137F:LeaderElection58] INFO  impl.RoleInfo (RoleInfo.java:shutdownLeaderElection(134)) - b1e67946-c9ea-4459-831d-c4b76e7bce93: shutdown LeaderElection
2019-09-24 06:22:09,654 [b1e67946-c9ea-4459-831d-c4b76e7bce93@group-7DC4A713137F:LeaderElection58] INFO  impl.RaftServerImpl (RaftServerImpl.java:setRole(174)) - b1e67946-c9ea-4459-831d-c4b76e7bce93@group-7DC4A713137F: changes role from CANDIDATE to LEADER at term 1 for changeToLeader
2019-09-24 06:22:09,654 [b1e67946-c9ea-4459-831d-c4b76e7bce93@group-7DC4A713137F:LeaderElection58] INFO  impl.RaftServerImpl (ServerState.java:setLeader(253)) - b1e67946-c9ea-4459-831d-c4b76e7bce93@group-7DC4A713137F: change Leader from null to b1e67946-c9ea-4459-831d-c4b76e7bce93 at term 1 for becomeLeader, leader elected after 5100ms
2019-09-24 06:22:09,655 [b1e67946-c9ea-4459-831d-c4b76e7bce93@group-7DC4A713137F:LeaderElection58] INFO  server.RaftServerConfigKeys (ConfUtils.java:logGet(43)) - raft.server.staging.catchup.gap = 1000 (default)
2019-09-24 06:22:09,655 [b1e67946-c9ea-4459-831d-c4b76e7bce93@group-7DC4A713137F:LeaderElection58] INFO  server.RaftServerConfigKeys (ConfUtils.java:logGet(43)) - raft.server.rpc.sleep.time = 25ms (default)
2019-09-24 06:22:09,655 [b1e67946-c9ea-4459-831d-c4b76e7bce93@group-7DC4A713137F:LeaderElection58] INFO  server.RaftServerConfigKeys (ConfUtils.java:logGet(43)) - raft.server.write.element-limit = 4096 (default)
2019-09-24 06:22:09,655 [b1e67946-c9ea-4459-831d-c4b76e7bce93@group-7DC4A713137F:LeaderElection58] INFO  server.RaftServerConfigKeys (ConfUtils.java:logGet(43)) - raft.server.watch.timeout = 10s (default)
2019-09-24 06:22:09,655 [b1e67946-c9ea-4459-831d-c4b76e7bce93@group-7DC4A713137F:LeaderElection58] INFO  server.RaftServerConfigKeys (ConfUtils.java:logGet(43)) - raft.server.watch.timeout.denomination = 1s (default)
2019-09-24 06:22:09,655 [b1e67946-c9ea-4459-831d-c4b76e7bce93@group-7DC4A713137F:LeaderElection58] INFO  server.RaftServerConfigKeys (ConfUtils.java:logGet(43)) - raft.server.watch.element-limit = 65536 (default)
2019-09-24 06:22:09,658 [b1e67946-c9ea-4459-831d-c4b76e7bce93@group-7DC4A713137F:LeaderElection58] INFO  impl.RoleInfo (RoleInfo.java:updateAndGet(143)) - b1e67946-c9ea-4459-831d-c4b76e7bce93: start LeaderState
2019-09-24 06:22:09,658 [b1e67946-c9ea-4459-831d-c4b76e7bce93@group-7DC4A713137F:LeaderElection58] INFO  segmented.SegmentedRaftLogWorker (SegmentedRaftLogWorker.java:startLogSegment(380)) - b1e67946-c9ea-4459-831d-c4b76e7bce93@group-7DC4A713137F-SegmentedRaftLogWorker: Starting segment from index:0
2019-09-24 06:22:09,659 [b1e67946-c9ea-4459-831d-c4b76e7bce93@group-7DC4A713137F:LeaderElection58] INFO  impl.RaftServerImpl (ServerState.java:setRaftConf(354)) - b1e67946-c9ea-4459-831d-c4b76e7bce93@group-7DC4A713137F: set configuration 0: [b1e67946-c9ea-4459-831d-c4b76e7bce93:192.168.151.91:35185], old=null at 0
2019-09-24 06:22:09,706 [b1e67946-c9ea-4459-831d-c4b76e7bce93@group-7DC4A713137F-SegmentedRaftLogWorker] INFO  segmented.SegmentedRaftLogWorker (SegmentedRaftLogWorker.java:execute(569)) - b1e67946-c9ea-4459-831d-c4b76e7bce93@group-7DC4A713137F-SegmentedRaftLogWorker: created new log segment /workdir/hadoop-ozone/integration-test/target/test-dir/MiniOzoneClusterImpl-a40bf951-cab5-4b8a-b522-79b69e6c8739/datanode-0/data/ratis/15b695fb-a5c3-4c59-9541-7dc4a713137f/current/log_inprogress_0
2019-09-24 06:22:09,712 [Thread-2893] INFO  impl.FollowerState (FollowerState.java:run(106)) - 6af71f09-eab3-4645-8883-a2b3665a1ca1:group-CA2D50C4DE7B changes to CANDIDATE, lastRpcTime:5073, electionTimeout:5073ms
2019-09-24 06:22:09,712 [Thread-2893] INFO  impl.RoleInfo (RoleInfo.java:shutdownFollowerState(121)) - 6af71f09-eab3-4645-8883-a2b3665a1ca1: shutdown FollowerState
2019-09-24 06:22:09,712 [Thread-2893] INFO  impl.RaftServerImpl (RaftServerImpl.java:setRole(174)) - 6af71f09-eab3-4645-8883-a2b3665a1ca1@group-CA2D50C4DE7B: changes role from  FOLLOWER to CANDIDATE at term 0 for changeToCandidate
2019-09-24 06:22:09,713 [Thread-2893] INFO  impl.RoleInfo (RoleInfo.java:updateAndGet(143)) - 6af71f09-eab3-4645-8883-a2b3665a1ca1: start LeaderElection
2019-09-24 06:22:09,735 [6af71f09-eab3-4645-8883-a2b3665a1ca1@group-CA2D50C4DE7B:LeaderElection59] INFO  impl.LeaderElection (LeaderElection.java:askForVotes(182)) - 6af71f09-eab3-4645-8883-a2b3665a1ca1@group-CA2D50C4DE7B:LeaderElection59: begin an election at term 1 for -1: [6af71f09-eab3-4645-8883-a2b3665a1ca1:192.168.151.91:45219], old=null
2019-09-24 06:22:09,735 [6af71f09-eab3-4645-8883-a2b3665a1ca1@group-CA2D50C4DE7B:LeaderElection59] INFO  impl.RoleInfo (RoleInfo.java:shutdownLeaderElection(134)) - 6af71f09-eab3-4645-8883-a2b3665a1ca1: shutdown LeaderElection
2019-09-24 06:22:09,735 [6af71f09-eab3-4645-8883-a2b3665a1ca1@group-CA2D50C4DE7B:LeaderElection59] INFO  impl.RaftServerImpl (RaftServerImpl.java:setRole(174)) - 6af71f09-eab3-4645-8883-a2b3665a1ca1@group-CA2D50C4DE7B: changes role from CANDIDATE to LEADER at term 1 for changeToLeader
2019-09-24 06:22:09,735 [6af71f09-eab3-4645-8883-a2b3665a1ca1@group-CA2D50C4DE7B:LeaderElection59] INFO  impl.RaftServerImpl (ServerState.java:setLeader(253)) - 6af71f09-eab3-4645-8883-a2b3665a1ca1@group-CA2D50C4DE7B: change Leader from null to 6af71f09-eab3-4645-8883-a2b3665a1ca1 at term 1 for becomeLeader, leader elected after 5103ms
2019-09-24 06:22:09,735 [6af71f09-eab3-4645-8883-a2b3665a1ca1@group-CA2D50C4DE7B:LeaderElection59] INFO  server.RaftServerConfigKeys (ConfUtils.java:logGet(43)) - raft.server.staging.catchup.gap = 1000 (default)
2019-09-24 06:22:09,735 [6af71f09-eab3-4645-8883-a2b3665a1ca1@group-CA2D50C4DE7B:LeaderElection59] INFO  server.RaftServerConfigKeys (ConfUtils.java:logGet(43)) - raft.server.rpc.sleep.time = 25ms (default)
2019-09-24 06:22:09,736 [6af71f09-eab3-4645-8883-a2b3665a1ca1@group-CA2D50C4DE7B:LeaderElection59] INFO  server.RaftServerConfigKeys (ConfUtils.java:logGet(43)) - raft.server.write.element-limit = 4096 (default)
2019-09-24 06:22:09,736 [6af71f09-eab3-4645-8883-a2b3665a1ca1@group-CA2D50C4DE7B:LeaderElection59] INFO  server.RaftServerConfigKeys (ConfUtils.java:logGet(43)) - raft.server.watch.timeout = 10s (default)
2019-09-24 06:22:09,736 [6af71f09-eab3-4645-8883-a2b3665a1ca1@group-CA2D50C4DE7B:LeaderElection59] INFO  server.RaftServerConfigKeys (ConfUtils.java:logGet(43)) - raft.server.watch.timeout.denomination = 1s (default)
2019-09-24 06:22:09,736 [6af71f09-eab3-4645-8883-a2b3665a1ca1@group-CA2D50C4DE7B:LeaderElection59] INFO  server.RaftServerConfigKeys (ConfUtils.java:logGet(43)) - raft.server.watch.element-limit = 65536 (default)
2019-09-24 06:22:09,738 [6af71f09-eab3-4645-8883-a2b3665a1ca1@group-CA2D50C4DE7B:LeaderElection59] INFO  impl.RoleInfo (RoleInfo.java:updateAndGet(143)) - 6af71f09-eab3-4645-8883-a2b3665a1ca1: start LeaderState
2019-09-24 06:22:09,738 [6af71f09-eab3-4645-8883-a2b3665a1ca1@group-CA2D50C4DE7B:LeaderElection59] INFO  segmented.SegmentedRaftLogWorker (SegmentedRaftLogWorker.java:startLogSegment(380)) - 6af71f09-eab3-4645-8883-a2b3665a1ca1@group-CA2D50C4DE7B-SegmentedRaftLogWorker: Starting segment from index:0
2019-09-24 06:22:09,739 [6af71f09-eab3-4645-8883-a2b3665a1ca1@group-CA2D50C4DE7B:LeaderElection59] INFO  impl.RaftServerImpl (ServerState.java:setRaftConf(354)) - 6af71f09-eab3-4645-8883-a2b3665a1ca1@group-CA2D50C4DE7B: set configuration 0: [6af71f09-eab3-4645-8883-a2b3665a1ca1:192.168.151.91:45219], old=null at 0
2019-09-24 06:22:09,797 [6af71f09-eab3-4645-8883-a2b3665a1ca1@group-CA2D50C4DE7B-SegmentedRaftLogWorker] INFO  segmented.SegmentedRaftLogWorker (SegmentedRaftLogWorker.java:execute(569)) - 6af71f09-eab3-4645-8883-a2b3665a1ca1@group-CA2D50C4DE7B-SegmentedRaftLogWorker: created new log segment /workdir/hadoop-ozone/integration-test/target/test-dir/MiniOzoneClusterImpl-a40bf951-cab5-4b8a-b522-79b69e6c8739/datanode-1/data/ratis/4b778226-6580-4084-98c6-ca2d50c4de7b/current/log_inprogress_0
2019-09-24 06:22:09,873 [Thread-2896] INFO  impl.FollowerState (FollowerState.java:run(106)) - c80bdc58-8b99-461e-b3c1-5966c3d571a0:group-6E44DF3A0AFB changes to CANDIDATE, lastRpcTime:5166, electionTimeout:5166ms
2019-09-24 06:22:09,873 [Thread-2896] INFO  impl.RoleInfo (RoleInfo.java:shutdownFollowerState(121)) - c80bdc58-8b99-461e-b3c1-5966c3d571a0: shutdown FollowerState
2019-09-24 06:22:09,873 [Thread-2896] INFO  impl.RaftServerImpl (RaftServerImpl.java:setRole(174)) - c80bdc58-8b99-461e-b3c1-5966c3d571a0@group-6E44DF3A0AFB: changes role from  FOLLOWER to CANDIDATE at term 0 for changeToCandidate
2019-09-24 06:22:09,873 [Thread-2896] INFO  impl.RoleInfo (RoleInfo.java:updateAndGet(143)) - c80bdc58-8b99-461e-b3c1-5966c3d571a0: start LeaderElection
2019-09-24 06:22:09,896 [Thread-2899] INFO  impl.FollowerState (FollowerState.java:run(106)) - b1e67946-c9ea-4459-831d-c4b76e7bce93:group-B04AC77420B8 changes to CANDIDATE, lastRpcTime:5115, electionTimeout:5112ms
2019-09-24 06:22:09,896 [Thread-2899] INFO  impl.RoleInfo (RoleInfo.java:shutdownFollowerState(121)) - b1e67946-c9ea-4459-831d-c4b76e7bce93: shutdown FollowerState
2019-09-24 06:22:09,896 [Thread-2899] INFO  impl.RaftServerImpl (RaftServerImpl.java:setRole(174)) - b1e67946-c9ea-4459-831d-c4b76e7bce93@group-B04AC77420B8: changes role from  FOLLOWER to CANDIDATE at term 0 for changeToCandidate
2019-09-24 06:22:09,896 [Thread-2899] INFO  impl.RoleInfo (RoleInfo.java:updateAndGet(143)) - b1e67946-c9ea-4459-831d-c4b76e7bce93: start LeaderElection
2019-09-24 06:22:09,909 [c80bdc58-8b99-461e-b3c1-5966c3d571a0@group-6E44DF3A0AFB:LeaderElection60] INFO  impl.LeaderElection (LeaderElection.java:askForVotes(182)) - c80bdc58-8b99-461e-b3c1-5966c3d571a0@group-6E44DF3A0AFB:LeaderElection60: begin an election at term 1 for -1: [c80bdc58-8b99-461e-b3c1-5966c3d571a0:192.168.151.91:46271], old=null
2019-09-24 06:22:09,909 [b1e67946-c9ea-4459-831d-c4b76e7bce93@group-B04AC77420B8:LeaderElection61] INFO  impl.LeaderElection (LeaderElection.java:askForVotes(182)) - b1e67946-c9ea-4459-831d-c4b76e7bce93@group-B04AC77420B8:LeaderElection61: begin an election at term 1 for -1: [b1e67946-c9ea-4459-831d-c4b76e7bce93:192.168.151.91:35185, 6af71f09-eab3-4645-8883-a2b3665a1ca1:192.168.151.91:45219, c80bdc58-8b99-461e-b3c1-5966c3d571a0:192.168.151.91:46271], old=null
2019-09-24 06:22:09,909 [c80bdc58-8b99-461e-b3c1-5966c3d571a0@group-6E44DF3A0AFB:LeaderElection60] INFO  impl.RoleInfo (RoleInfo.java:shutdownLeaderElection(134)) - c80bdc58-8b99-461e-b3c1-5966c3d571a0: shutdown LeaderElection
2019-09-24 06:22:09,910 [c80bdc58-8b99-461e-b3c1-5966c3d571a0@group-6E44DF3A0AFB:LeaderElection60] INFO  impl.RaftServerImpl (RaftServerImpl.java:setRole(174)) - c80bdc58-8b99-461e-b3c1-5966c3d571a0@group-6E44DF3A0AFB: changes role from CANDIDATE to LEADER at term 1 for changeToLeader
2019-09-24 06:22:09,910 [c80bdc58-8b99-461e-b3c1-5966c3d571a0@group-6E44DF3A0AFB:LeaderElection60] INFO  impl.RaftServerImpl (ServerState.java:setLeader(253)) - c80bdc58-8b99-461e-b3c1-5966c3d571a0@group-6E44DF3A0AFB: change Leader from null to c80bdc58-8b99-461e-b3c1-5966c3d571a0 at term 1 for becomeLeader, leader elected after 5211ms
2019-09-24 06:22:09,910 [c80bdc58-8b99-461e-b3c1-5966c3d571a0@group-6E44DF3A0AFB:LeaderElection60] INFO  server.RaftServerConfigKeys (ConfUtils.java:logGet(43)) - raft.server.staging.catchup.gap = 1000 (default)
2019-09-24 06:22:09,910 [c80bdc58-8b99-461e-b3c1-5966c3d571a0@group-6E44DF3A0AFB:LeaderElection60] INFO  server.RaftServerConfigKeys (ConfUtils.java:logGet(43)) - raft.server.rpc.sleep.time = 25ms (default)
2019-09-24 06:22:09,910 [c80bdc58-8b99-461e-b3c1-5966c3d571a0@group-6E44DF3A0AFB:LeaderElection60] INFO  server.RaftServerConfigKeys (ConfUtils.java:logGet(43)) - raft.server.write.element-limit = 4096 (default)
2019-09-24 06:22:09,911 [c80bdc58-8b99-461e-b3c1-5966c3d571a0@group-6E44DF3A0AFB:LeaderElection60] INFO  server.RaftServerConfigKeys (ConfUtils.java:logGet(43)) - raft.server.watch.timeout = 10s (default)
2019-09-24 06:22:09,911 [Thread-2908] INFO  impl.FollowerState (FollowerState.java:run(106)) - 785edad9-7165-444d-90ff-997f52a16f53:group-E29545DCCCF5 changes to CANDIDATE, lastRpcTime:5045, electionTimeout:5045ms
2019-09-24 06:22:09,911 [c80bdc58-8b99-461e-b3c1-5966c3d571a0@group-6E44DF3A0AFB:LeaderElection60] INFO  server.RaftServerConfigKeys (ConfUtils.java:logGet(43)) - raft.server.watch.timeout.denomination = 1s (default)
2019-09-24 06:22:09,911 [Thread-2908] INFO  impl.RoleInfo (RoleInfo.java:shutdownFollowerState(121)) - 785edad9-7165-444d-90ff-997f52a16f53: shutdown FollowerState
2019-09-24 06:22:09,911 [c80bdc58-8b99-461e-b3c1-5966c3d571a0@group-6E44DF3A0AFB:LeaderElection60] INFO  server.RaftServerConfigKeys (ConfUtils.java:logGet(43)) - raft.server.watch.element-limit = 65536 (default)
2019-09-24 06:22:09,911 [Thread-2908] INFO  impl.RaftServerImpl (RaftServerImpl.java:setRole(174)) - 785edad9-7165-444d-90ff-997f52a16f53@group-E29545DCCCF5: changes role from  FOLLOWER to CANDIDATE at term 0 for changeToCandidate
2019-09-24 06:22:09,911 [Thread-2908] INFO  impl.RoleInfo (RoleInfo.java:updateAndGet(143)) - 785edad9-7165-444d-90ff-997f52a16f53: start LeaderElection
2019-09-24 06:22:09,919 [c80bdc58-8b99-461e-b3c1-5966c3d571a0@group-6E44DF3A0AFB:LeaderElection60] INFO  impl.RoleInfo (RoleInfo.java:updateAndGet(143)) - c80bdc58-8b99-461e-b3c1-5966c3d571a0: start LeaderState
2019-09-24 06:22:09,919 [c80bdc58-8b99-461e-b3c1-5966c3d571a0@group-6E44DF3A0AFB:LeaderElection60] INFO  segmented.SegmentedRaftLogWorker (SegmentedRaftLogWorker.java:startLogSegment(380)) - c80bdc58-8b99-461e-b3c1-5966c3d571a0@group-6E44DF3A0AFB-SegmentedRaftLogWorker: Starting segment from index:0
2019-09-24 06:22:09,919 [grpc-default-executor-8] INFO  impl.RaftServerImpl (RaftServerImpl.java:setRole(174)) - 6af71f09-eab3-4645-8883-a2b3665a1ca1@group-B04AC77420B8: changes role from  FOLLOWER to FOLLOWER at term 1 for recognizeCandidate:b1e67946-c9ea-4459-831d-c4b76e7bce93
2019-09-24 06:22:09,919 [c80bdc58-8b99-461e-b3c1-5966c3d571a0@group-6E44DF3A0AFB:LeaderElection60] INFO  impl.RaftServerImpl (ServerState.java:setRaftConf(354)) - c80bdc58-8b99-461e-b3c1-5966c3d571a0@group-6E44DF3A0AFB: set configuration 0: [c80bdc58-8b99-461e-b3c1-5966c3d571a0:192.168.151.91:46271], old=null at 0
2019-09-24 06:22:09,919 [grpc-default-executor-9] INFO  impl.RaftServerImpl (RaftServerImpl.java:setRole(174)) - c80bdc58-8b99-461e-b3c1-5966c3d571a0@group-B04AC77420B8: changes role from  FOLLOWER to FOLLOWER at term 1 for recognizeCandidate:b1e67946-c9ea-4459-831d-c4b76e7bce93
2019-09-24 06:22:09,919 [grpc-default-executor-8] INFO  impl.RoleInfo (RoleInfo.java:shutdownFollowerState(121)) - 6af71f09-eab3-4645-8883-a2b3665a1ca1: shutdown FollowerState
2019-09-24 06:22:09,961 [785edad9-7165-444d-90ff-997f52a16f53@group-E29545DCCCF5:LeaderElection62] INFO  impl.LeaderElection (LeaderElection.java:askForVotes(182)) - 785edad9-7165-444d-90ff-997f52a16f53@group-E29545DCCCF5:LeaderElection62: begin an election at term 1 for -1: [785edad9-7165-444d-90ff-997f52a16f53:192.168.151.91:38316], old=null
2019-09-24 06:22:09,961 [grpc-default-executor-9] INFO  impl.RoleInfo (RoleInfo.java:shutdownFollowerState(121)) - c80bdc58-8b99-461e-b3c1-5966c3d571a0: shutdown FollowerState
2019-09-24 06:22:09,961 [Thread-2903] INFO  impl.FollowerState (FollowerState.java:run(115)) - 6af71f09-eab3-4645-8883-a2b3665a1ca1: FollowerState was interrupted: java.lang.InterruptedException: sleep interrupted
2019-09-24 06:22:09,961 [785edad9-7165-444d-90ff-997f52a16f53@group-E29545DCCCF5:LeaderElection62] INFO  impl.RoleInfo (RoleInfo.java:shutdownLeaderElection(134)) - 785edad9-7165-444d-90ff-997f52a16f53: shutdown LeaderElection
2019-09-24 06:22:09,961 [grpc-default-executor-8] INFO  impl.RoleInfo (RoleInfo.java:updateAndGet(143)) - 6af71f09-eab3-4645-8883-a2b3665a1ca1: start FollowerState
2019-09-24 06:22:09,965 [785edad9-7165-444d-90ff-997f52a16f53@group-E29545DCCCF5:LeaderElection62] INFO  impl.RaftServerImpl (RaftServerImpl.java:setRole(174)) - 785edad9-7165-444d-90ff-997f52a16f53@group-E29545DCCCF5: changes role from CANDIDATE to LEADER at term 1 for changeToLeader
2019-09-24 06:22:09,961 [grpc-default-executor-9] INFO  impl.RoleInfo (RoleInfo.java:updateAndGet(143)) - c80bdc58-8b99-461e-b3c1-5966c3d571a0: start FollowerState
2019-09-24 06:22:09,965 [785edad9-7165-444d-90ff-997f52a16f53@group-E29545DCCCF5:LeaderElection62] INFO  impl.RaftServerImpl (ServerState.java:setLeader(253)) - 785edad9-7165-444d-90ff-997f52a16f53@group-E29545DCCCF5: change Leader from null to 785edad9-7165-444d-90ff-997f52a16f53 at term 1 for becomeLeader, leader elected after 5106ms
2019-09-24 06:22:09,965 [785edad9-7165-444d-90ff-997f52a16f53@group-E29545DCCCF5:LeaderElection62] INFO  server.RaftServerConfigKeys (ConfUtils.java:logGet(43)) - raft.server.staging.catchup.gap = 1000 (default)
2019-09-24 06:22:09,965 [785edad9-7165-444d-90ff-997f52a16f53@group-E29545DCCCF5:LeaderElection62] INFO  server.RaftServerConfigKeys (ConfUtils.java:logGet(43)) - raft.server.rpc.sleep.time = 25ms (default)
2019-09-24 06:22:09,966 [785edad9-7165-444d-90ff-997f52a16f53@group-E29545DCCCF5:LeaderElection62] INFO  server.RaftServerConfigKeys (ConfUtils.java:logGet(43)) - raft.server.write.element-limit = 4096 (default)
2019-09-24 06:22:09,966 [785edad9-7165-444d-90ff-997f52a16f53@group-E29545DCCCF5:LeaderElection62] INFO  server.RaftServerConfigKeys (ConfUtils.java:logGet(43)) - raft.server.watch.timeout = 10s (default)
2019-09-24 06:22:09,966 [785edad9-7165-444d-90ff-997f52a16f53@group-E29545DCCCF5:LeaderElection62] INFO  server.RaftServerConfigKeys (ConfUtils.java:logGet(43)) - raft.server.watch.timeout.denomination = 1s (default)
2019-09-24 06:22:09,966 [785edad9-7165-444d-90ff-997f52a16f53@group-E29545DCCCF5:LeaderElection62] INFO  server.RaftServerConfigKeys (ConfUtils.java:logGet(43)) - raft.server.watch.element-limit = 65536 (default)
2019-09-24 06:22:09,968 [785edad9-7165-444d-90ff-997f52a16f53@group-E29545DCCCF5:LeaderElection62] INFO  impl.RoleInfo (RoleInfo.java:updateAndGet(143)) - 785edad9-7165-444d-90ff-997f52a16f53: start LeaderState
2019-09-24 06:22:09,968 [785edad9-7165-444d-90ff-997f52a16f53@group-E29545DCCCF5:LeaderElection62] INFO  segmented.SegmentedRaftLogWorker (SegmentedRaftLogWorker.java:startLogSegment(380)) - 785edad9-7165-444d-90ff-997f52a16f53@group-E29545DCCCF5-SegmentedRaftLogWorker: Starting segment from index:0
2019-09-24 06:22:09,968 [785edad9-7165-444d-90ff-997f52a16f53@group-E29545DCCCF5:LeaderElection62] INFO  impl.RaftServerImpl (ServerState.java:setRaftConf(354)) - 785edad9-7165-444d-90ff-997f52a16f53@group-E29545DCCCF5: set configuration 0: [785edad9-7165-444d-90ff-997f52a16f53:192.168.151.91:38316], old=null at 0
2019-09-24 06:22:10,000 [Thread-2911] INFO  impl.FollowerState (FollowerState.java:run(106)) - 1944460d-8ee5-416d-a02c-bd5dce5bd506:group-13361F1A052B changes to CANDIDATE, lastRpcTime:5088, electionTimeout:5072ms
2019-09-24 06:22:10,001 [c80bdc58-8b99-461e-b3c1-5966c3d571a0@group-6E44DF3A0AFB-SegmentedRaftLogWorker] INFO  segmented.SegmentedRaftLogWorker (SegmentedRaftLogWorker.java:execute(569)) - c80bdc58-8b99-461e-b3c1-5966c3d571a0@group-6E44DF3A0AFB-SegmentedRaftLogWorker: created new log segment /workdir/hadoop-ozone/integration-test/target/test-dir/MiniOzoneClusterImpl-a40bf951-cab5-4b8a-b522-79b69e6c8739/datanode-2/data/ratis/6371c586-8488-444c-ae1c-6e44df3a0afb/current/log_inprogress_0
2019-09-24 06:22:10,001 [Thread-2911] INFO  impl.RoleInfo (RoleInfo.java:shutdownFollowerState(121)) - 1944460d-8ee5-416d-a02c-bd5dce5bd506: shutdown FollowerState
2019-09-24 06:22:10,001 [Thread-2911] INFO  impl.RaftServerImpl (RaftServerImpl.java:setRole(174)) - 1944460d-8ee5-416d-a02c-bd5dce5bd506@group-13361F1A052B: changes role from  FOLLOWER to CANDIDATE at term 0 for changeToCandidate
2019-09-24 06:22:10,004 [Thread-2911] INFO  impl.RoleInfo (RoleInfo.java:updateAndGet(143)) - 1944460d-8ee5-416d-a02c-bd5dce5bd506: start LeaderElection
2019-09-24 06:22:10,011 [b1e67946-c9ea-4459-831d-c4b76e7bce93@group-B04AC77420B8:LeaderElection61] INFO  impl.LeaderElection (LeaderElection.java:logAndReturn(56)) - b1e67946-c9ea-4459-831d-c4b76e7bce93@group-B04AC77420B8:LeaderElection61: Election PASSED; received 1 response(s) [b1e67946-c9ea-4459-831d-c4b76e7bce93<-c80bdc58-8b99-461e-b3c1-5966c3d571a0#0:OK-t1] and 0 exception(s); b1e67946-c9ea-4459-831d-c4b76e7bce93@group-B04AC77420B8:t1, leader=null, voted=b1e67946-c9ea-4459-831d-c4b76e7bce93, raftlog=b1e67946-c9ea-4459-831d-c4b76e7bce93@group-B04AC77420B8-SegmentedRaftLog:OPENED:c-1,f-1,i0, conf=-1: [b1e67946-c9ea-4459-831d-c4b76e7bce93:192.168.151.91:35185, 6af71f09-eab3-4645-8883-a2b3665a1ca1:192.168.151.91:45219, c80bdc58-8b99-461e-b3c1-5966c3d571a0:192.168.151.91:46271], old=null
2019-09-24 06:22:10,012 [b1e67946-c9ea-4459-831d-c4b76e7bce93@group-B04AC77420B8:LeaderElection61] INFO  impl.RoleInfo (RoleInfo.java:shutdownLeaderElection(134)) - b1e67946-c9ea-4459-831d-c4b76e7bce93: shutdown LeaderElection
2019-09-24 06:22:10,012 [b1e67946-c9ea-4459-831d-c4b76e7bce93@group-B04AC77420B8:LeaderElection61] INFO  impl.RaftServerImpl (RaftServerImpl.java:setRole(174)) - b1e67946-c9ea-4459-831d-c4b76e7bce93@group-B04AC77420B8: changes role from CANDIDATE to LEADER at term 1 for changeToLeader
2019-09-24 06:22:10,012 [b1e67946-c9ea-4459-831d-c4b76e7bce93@group-B04AC77420B8:LeaderElection61] INFO  impl.RaftServerImpl (ServerState.java:setLeader(253)) - b1e67946-c9ea-4459-831d-c4b76e7bce93@group-B04AC77420B8: change Leader from null to b1e67946-c9ea-4459-831d-c4b76e7bce93 at term 1 for becomeLeader, leader elected after 5240ms
2019-09-24 06:22:10,012 [b1e67946-c9ea-4459-831d-c4b76e7bce93@group-B04AC77420B8:LeaderElection61] INFO  server.RaftServerConfigKeys (ConfUtils.java:logGet(43)) - raft.server.staging.catchup.gap = 1000 (default)
2019-09-24 06:22:10,012 [b1e67946-c9ea-4459-831d-c4b76e7bce93@group-B04AC77420B8:LeaderElection61] INFO  server.RaftServerConfigKeys (ConfUtils.java:logGet(43)) - raft.server.rpc.sleep.time = 25ms (default)
2019-09-24 06:22:10,012 [b1e67946-c9ea-4459-831d-c4b76e7bce93@group-B04AC77420B8:LeaderElection61] INFO  server.RaftServerConfigKeys (ConfUtils.java:logGet(43)) - raft.server.write.element-limit = 4096 (default)
2019-09-24 06:22:10,012 [b1e67946-c9ea-4459-831d-c4b76e7bce93@group-B04AC77420B8:LeaderElection61] INFO  server.RaftServerConfigKeys (ConfUtils.java:logGet(43)) - raft.server.watch.timeout = 10s (default)
2019-09-24 06:22:10,013 [b1e67946-c9ea-4459-831d-c4b76e7bce93@group-B04AC77420B8:LeaderElection61] INFO  server.RaftServerConfigKeys (ConfUtils.java:logGet(43)) - raft.server.watch.timeout.denomination = 1s (default)
2019-09-24 06:22:10,013 [b1e67946-c9ea-4459-831d-c4b76e7bce93@group-B04AC77420B8:LeaderElection61] INFO  server.RaftServerConfigKeys (ConfUtils.java:logGet(43)) - raft.server.watch.element-limit = 65536 (default)
2019-09-24 06:22:10,013 [785edad9-7165-444d-90ff-997f52a16f53@group-E29545DCCCF5-SegmentedRaftLogWorker] INFO  segmented.SegmentedRaftLogWorker (SegmentedRaftLogWorker.java:execute(569)) - 785edad9-7165-444d-90ff-997f52a16f53@group-E29545DCCCF5-SegmentedRaftLogWorker: created new log segment /workdir/hadoop-ozone/integration-test/target/test-dir/MiniOzoneClusterImpl-a40bf951-cab5-4b8a-b522-79b69e6c8739/datanode-3/data/ratis/64775a4c-757a-4ea9-8315-e29545dcccf5/current/log_inprogress_0
2019-09-24 06:22:10,016 [1944460d-8ee5-416d-a02c-bd5dce5bd506@group-13361F1A052B:LeaderElection63] INFO  impl.LeaderElection (LeaderElection.java:askForVotes(182)) - 1944460d-8ee5-416d-a02c-bd5dce5bd506@group-13361F1A052B:LeaderElection63: begin an election at term 1 for -1: [1944460d-8ee5-416d-a02c-bd5dce5bd506:192.168.151.91:32780], old=null
2019-09-24 06:22:10,016 [1944460d-8ee5-416d-a02c-bd5dce5bd506@group-13361F1A052B:LeaderElection63] INFO  impl.RoleInfo (RoleInfo.java:shutdownLeaderElection(134)) - 1944460d-8ee5-416d-a02c-bd5dce5bd506: shutdown LeaderElection
2019-09-24 06:22:10,016 [1944460d-8ee5-416d-a02c-bd5dce5bd506@group-13361F1A052B:LeaderElection63] INFO  impl.RaftServerImpl (RaftServerImpl.java:setRole(174)) - 1944460d-8ee5-416d-a02c-bd5dce5bd506@group-13361F1A052B: changes role from CANDIDATE to LEADER at term 1 for changeToLeader
2019-09-24 06:22:10,016 [1944460d-8ee5-416d-a02c-bd5dce5bd506@group-13361F1A052B:LeaderElection63] INFO  impl.RaftServerImpl (ServerState.java:setLeader(253)) - 1944460d-8ee5-416d-a02c-bd5dce5bd506@group-13361F1A052B: change Leader from null to 1944460d-8ee5-416d-a02c-bd5dce5bd506 at term 1 for becomeLeader, leader elected after 5112ms
2019-09-24 06:22:10,017 [1944460d-8ee5-416d-a02c-bd5dce5bd506@group-13361F1A052B:LeaderElection63] INFO  server.RaftServerConfigKeys (ConfUtils.java:logGet(43)) - raft.server.staging.catchup.gap = 1000 (default)
2019-09-24 06:22:10,017 [1944460d-8ee5-416d-a02c-bd5dce5bd506@group-13361F1A052B:LeaderElection63] INFO  server.RaftServerConfigKeys (ConfUtils.java:logGet(43)) - raft.server.rpc.sleep.time = 25ms (default)
2019-09-24 06:22:10,017 [1944460d-8ee5-416d-a02c-bd5dce5bd506@group-13361F1A052B:LeaderElection63] INFO  server.RaftServerConfigKeys (ConfUtils.java:logGet(43)) - raft.server.write.element-limit = 4096 (default)
2019-09-24 06:22:10,017 [1944460d-8ee5-416d-a02c-bd5dce5bd506@group-13361F1A052B:LeaderElection63] INFO  server.RaftServerConfigKeys (ConfUtils.java:logGet(43)) - raft.server.watch.timeout = 10s (default)
2019-09-24 06:22:10,017 [1944460d-8ee5-416d-a02c-bd5dce5bd506@group-13361F1A052B:LeaderElection63] INFO  server.RaftServerConfigKeys (ConfUtils.java:logGet(43)) - raft.server.watch.timeout.denomination = 1s (default)
2019-09-24 06:22:10,017 [1944460d-8ee5-416d-a02c-bd5dce5bd506@group-13361F1A052B:LeaderElection63] INFO  server.RaftServerConfigKeys (ConfUtils.java:logGet(43)) - raft.server.watch.element-limit = 65536 (default)
2019-09-24 06:22:10,018 [b1e67946-c9ea-4459-831d-c4b76e7bce93@group-B04AC77420B8:LeaderElection61] INFO  server.RaftServerConfigKeys (ConfUtils.java:logGet(43)) - raft.server.log.appender.snapshot.chunk.size.max = 16MB (=16777216) (default)
2019-09-24 06:22:10,019 [b1e67946-c9ea-4459-831d-c4b76e7bce93@group-B04AC77420B8:LeaderElection61] INFO  server.RaftServerConfigKeys (ConfUtils.java:logGet(43)) - raft.server.log.appender.buffer.byte-limit = 33554432 (custom)
2019-09-24 06:22:10,019 [b1e67946-c9ea-4459-831d-c4b76e7bce93@group-B04AC77420B8:LeaderElection61] INFO  server.RaftServerConfigKeys (ConfUtils.java:logGet(43)) - raft.server.log.appender.buffer.element-limit = 1 (custom)
2019-09-24 06:22:10,019 [b1e67946-c9ea-4459-831d-c4b76e7bce93@group-B04AC77420B8:LeaderElection61] INFO  grpc.GrpcConfigKeys$Server (ConfUtils.java:logGet(43)) - raft.grpc.server.leader.outstanding.appends.max = 128 (default)
2019-09-24 06:22:10,019 [1944460d-8ee5-416d-a02c-bd5dce5bd506@group-13361F1A052B:LeaderElection63] INFO  impl.RoleInfo (RoleInfo.java:updateAndGet(143)) - 1944460d-8ee5-416d-a02c-bd5dce5bd506: start LeaderState
2019-09-24 06:22:10,019 [b1e67946-c9ea-4459-831d-c4b76e7bce93@group-B04AC77420B8:LeaderElection61] INFO  server.RaftServerConfigKeys (ConfUtils.java:logGet(43)) - raft.server.rpc.request.timeout = 3000ms (default)
2019-09-24 06:22:10,020 [1944460d-8ee5-416d-a02c-bd5dce5bd506@group-13361F1A052B:LeaderElection63] INFO  segmented.SegmentedRaftLogWorker (SegmentedRaftLogWorker.java:startLogSegment(380)) - 1944460d-8ee5-416d-a02c-bd5dce5bd506@group-13361F1A052B-SegmentedRaftLogWorker: Starting segment from index:0
2019-09-24 06:22:10,020 [b1e67946-c9ea-4459-831d-c4b76e7bce93@group-B04AC77420B8:LeaderElection61] INFO  server.RaftServerConfigKeys (ConfUtils.java:logGet(43)) - raft.server.log.appender.install.snapshot.enabled = false (custom)
2019-09-24 06:22:10,020 [b1e67946-c9ea-4459-831d-c4b76e7bce93@group-B04AC77420B8:LeaderElection61] INFO  server.RaftServerConfigKeys (ConfUtils.java:logGet(43)) - raft.server.log.appender.snapshot.chunk.size.max = 16MB (=16777216) (default)
2019-09-24 06:22:10,020 [1944460d-8ee5-416d-a02c-bd5dce5bd506@group-13361F1A052B:LeaderElection63] INFO  impl.RaftServerImpl (ServerState.java:setRaftConf(354)) - 1944460d-8ee5-416d-a02c-bd5dce5bd506@group-13361F1A052B: set configuration 0: [1944460d-8ee5-416d-a02c-bd5dce5bd506:192.168.151.91:32780], old=null at 0
2019-09-24 06:22:10,020 [b1e67946-c9ea-4459-831d-c4b76e7bce93@group-B04AC77420B8:LeaderElection61] INFO  server.RaftServerConfigKeys (ConfUtils.java:logGet(43)) - raft.server.log.appender.buffer.byte-limit = 33554432 (custom)
2019-09-24 06:22:10,059 [Thread-2924] INFO  impl.FollowerState (FollowerState.java:run(106)) - 1944460d-8ee5-416d-a02c-bd5dce5bd506:group-2A99E4893629 changes to CANDIDATE, lastRpcTime:5034, electionTimeout:5034ms
2019-09-24 06:22:10,060 [b1e67946-c9ea-4459-831d-c4b76e7bce93@group-B04AC77420B8:LeaderElection61] INFO  server.RaftServerConfigKeys (ConfUtils.java:logGet(43)) - raft.server.log.appender.buffer.element-limit = 1 (custom)
2019-09-24 06:22:10,060 [Thread-2924] INFO  impl.RoleInfo (RoleInfo.java:shutdownFollowerState(121)) - 1944460d-8ee5-416d-a02c-bd5dce5bd506: shutdown FollowerState
2019-09-24 06:22:10,060 [Thread-2924] INFO  impl.RaftServerImpl (RaftServerImpl.java:setRole(174)) - 1944460d-8ee5-416d-a02c-bd5dce5bd506@group-2A99E4893629: changes role from  FOLLOWER to CANDIDATE at term 0 for changeToCandidate
2019-09-24 06:22:10,060 [b1e67946-c9ea-4459-831d-c4b76e7bce93@group-B04AC77420B8:LeaderElection61] INFO  grpc.GrpcConfigKeys$Server (ConfUtils.java:logGet(43)) - raft.grpc.server.leader.outstanding.appends.max = 128 (default)
2019-09-24 06:22:10,060 [Thread-2924] INFO  impl.RoleInfo (RoleInfo.java:updateAndGet(143)) - 1944460d-8ee5-416d-a02c-bd5dce5bd506: start LeaderElection
2019-09-24 06:22:10,061 [b1e67946-c9ea-4459-831d-c4b76e7bce93@group-B04AC77420B8:LeaderElection61] INFO  server.RaftServerConfigKeys (ConfUtils.java:logGet(43)) - raft.server.rpc.request.timeout = 3000ms (default)
2019-09-24 06:22:10,061 [b1e67946-c9ea-4459-831d-c4b76e7bce93@group-B04AC77420B8:LeaderElection61] INFO  server.RaftServerConfigKeys (ConfUtils.java:logGet(43)) - raft.server.log.appender.install.snapshot.enabled = false (custom)
2019-09-24 06:22:10,067 [b1e67946-c9ea-4459-831d-c4b76e7bce93@group-B04AC77420B8:LeaderElection61] INFO  impl.RoleInfo (RoleInfo.java:updateAndGet(143)) - b1e67946-c9ea-4459-831d-c4b76e7bce93: start LeaderState
2019-09-24 06:22:10,067 [b1e67946-c9ea-4459-831d-c4b76e7bce93@group-B04AC77420B8:LeaderElection61] INFO  segmented.SegmentedRaftLogWorker (SegmentedRaftLogWorker.java:startLogSegment(380)) - b1e67946-c9ea-4459-831d-c4b76e7bce93@group-B04AC77420B8-SegmentedRaftLogWorker: Starting segment from index:0
2019-09-24 06:22:10,068 [b1e67946-c9ea-4459-831d-c4b76e7bce93@group-B04AC77420B8:LeaderElection61] INFO  impl.RaftServerImpl (ServerState.java:setRaftConf(354)) - b1e67946-c9ea-4459-831d-c4b76e7bce93@group-B04AC77420B8: set configuration 0: [b1e67946-c9ea-4459-831d-c4b76e7bce93:192.168.151.91:35185, 6af71f09-eab3-4645-8883-a2b3665a1ca1:192.168.151.91:45219, c80bdc58-8b99-461e-b3c1-5966c3d571a0:192.168.151.91:46271], old=null at 0
2019-09-24 06:22:10,106 [1944460d-8ee5-416d-a02c-bd5dce5bd506@group-13361F1A052B-SegmentedRaftLogWorker] INFO  segmented.SegmentedRaftLogWorker (SegmentedRaftLogWorker.java:execute(569)) - 1944460d-8ee5-416d-a02c-bd5dce5bd506@group-13361F1A052B-SegmentedRaftLogWorker: created new log segment /workdir/hadoop-ozone/integration-test/target/test-dir/MiniOzoneClusterImpl-a40bf951-cab5-4b8a-b522-79b69e6c8739/datanode-4/data/ratis/03543528-0025-45a6-aea3-13361f1a052b/current/log_inprogress_0
2019-09-24 06:22:10,106 [1944460d-8ee5-416d-a02c-bd5dce5bd506@group-2A99E4893629:LeaderElection64] INFO  impl.LeaderElection (LeaderElection.java:askForVotes(182)) - 1944460d-8ee5-416d-a02c-bd5dce5bd506@group-2A99E4893629:LeaderElection64: begin an election at term 1 for -1: [6f00f8fe-2a95-42ae-9e1e-7f02ea0c4b08:192.168.151.91:43861, 1944460d-8ee5-416d-a02c-bd5dce5bd506:192.168.151.91:32780, 785edad9-7165-444d-90ff-997f52a16f53:192.168.151.91:38316], old=null
2019-09-24 06:22:10,108 [grpc-default-executor-8] INFO  impl.RaftServerImpl (ServerState.java:setLeader(253)) - c80bdc58-8b99-461e-b3c1-5966c3d571a0@group-B04AC77420B8: change Leader from null to b1e67946-c9ea-4459-831d-c4b76e7bce93 at term 1 for appendEntries, leader elected after 5336ms
2019-09-24 06:22:10,113 [Thread-2914] INFO  impl.FollowerState (FollowerState.java:run(106)) - 6f00f8fe-2a95-42ae-9e1e-7f02ea0c4b08:group-9686FC6E6EE9 changes to CANDIDATE, lastRpcTime:5156, electionTimeout:5153ms
2019-09-24 06:22:10,115 [Thread-2914] INFO  impl.RoleInfo (RoleInfo.java:shutdownFollowerState(121)) - 6f00f8fe-2a95-42ae-9e1e-7f02ea0c4b08: shutdown FollowerState
2019-09-24 06:22:10,115 [Thread-2914] INFO  impl.RaftServerImpl (RaftServerImpl.java:setRole(174)) - 6f00f8fe-2a95-42ae-9e1e-7f02ea0c4b08@group-9686FC6E6EE9: changes role from  FOLLOWER to CANDIDATE at term 0 for changeToCandidate
2019-09-24 06:22:10,115 [Thread-2914] INFO  impl.RoleInfo (RoleInfo.java:updateAndGet(143)) - 6f00f8fe-2a95-42ae-9e1e-7f02ea0c4b08: start LeaderElection
2019-09-24 06:22:10,113 [grpc-default-executor-9] INFO  impl.RaftServerImpl (ServerState.java:setLeader(253)) - 6af71f09-eab3-4645-8883-a2b3665a1ca1@group-B04AC77420B8: change Leader from null to b1e67946-c9ea-4459-831d-c4b76e7bce93 at term 1 for appendEntries, leader elected after 5341ms
2019-09-24 06:22:10,121 [b1e67946-c9ea-4459-831d-c4b76e7bce93@group-B04AC77420B8-SegmentedRaftLogWorker] INFO  segmented.SegmentedRaftLogWorker (SegmentedRaftLogWorker.java:execute(569)) - b1e67946-c9ea-4459-831d-c4b76e7bce93@group-B04AC77420B8-SegmentedRaftLogWorker: created new log segment /workdir/hadoop-ozone/integration-test/target/test-dir/MiniOzoneClusterImpl-a40bf951-cab5-4b8a-b522-79b69e6c8739/datanode-0/data/ratis/4d49162f-3fa5-486f-961c-b04ac77420b8/current/log_inprogress_0
2019-09-24 06:22:10,129 [grpc-default-executor-10] INFO  impl.RaftServerImpl (ServerState.java:setRaftConf(354)) - c80bdc58-8b99-461e-b3c1-5966c3d571a0@group-B04AC77420B8: set configuration 0: [b1e67946-c9ea-4459-831d-c4b76e7bce93:192.168.151.91:35185, 6af71f09-eab3-4645-8883-a2b3665a1ca1:192.168.151.91:45219, c80bdc58-8b99-461e-b3c1-5966c3d571a0:192.168.151.91:46271], old=null at 0
2019-09-24 06:22:10,129 [grpc-default-executor-10] INFO  segmented.SegmentedRaftLogWorker (SegmentedRaftLogWorker.java:startLogSegment(380)) - c80bdc58-8b99-461e-b3c1-5966c3d571a0@group-B04AC77420B8-SegmentedRaftLogWorker: Starting segment from index:0
2019-09-24 06:22:10,129 [grpc-default-executor-9] INFO  impl.RaftServerImpl (RaftServerImpl.java:setRole(174)) - 785edad9-7165-444d-90ff-997f52a16f53@group-2A99E4893629: changes role from  FOLLOWER to FOLLOWER at term 1 for recognizeCandidate:1944460d-8ee5-416d-a02c-bd5dce5bd506
2019-09-24 06:22:10,130 [grpc-default-executor-9] INFO  impl.RoleInfo (RoleInfo.java:shutdownFollowerState(121)) - 785edad9-7165-444d-90ff-997f52a16f53: shutdown FollowerState
2019-09-24 06:22:10,130 [grpc-default-executor-9] INFO  impl.RoleInfo (RoleInfo.java:updateAndGet(143)) - 785edad9-7165-444d-90ff-997f52a16f53: start FollowerState
2019-09-24 06:22:10,130 [Thread-2919] INFO  impl.FollowerState (FollowerState.java:run(115)) - 785edad9-7165-444d-90ff-997f52a16f53: FollowerState was interrupted: java.lang.InterruptedException: sleep interrupted
2019-09-24 06:22:10,168 [6f00f8fe-2a95-42ae-9e1e-7f02ea0c4b08@group-9686FC6E6EE9:LeaderElection65] INFO  impl.LeaderElection (LeaderElection.java:askForVotes(182)) - 6f00f8fe-2a95-42ae-9e1e-7f02ea0c4b08@group-9686FC6E6EE9:LeaderElection65: begin an election at term 1 for -1: [6f00f8fe-2a95-42ae-9e1e-7f02ea0c4b08:192.168.151.91:43861], old=null
2019-09-24 06:22:10,168 [6f00f8fe-2a95-42ae-9e1e-7f02ea0c4b08@group-9686FC6E6EE9:LeaderElection65] INFO  impl.RoleInfo (RoleInfo.java:shutdownLeaderElection(134)) - 6f00f8fe-2a95-42ae-9e1e-7f02ea0c4b08: shutdown LeaderElection
2019-09-24 06:22:10,169 [6f00f8fe-2a95-42ae-9e1e-7f02ea0c4b08@group-9686FC6E6EE9:LeaderElection65] INFO  impl.RaftServerImpl (RaftServerImpl.java:setRole(174)) - 6f00f8fe-2a95-42ae-9e1e-7f02ea0c4b08@group-9686FC6E6EE9: changes role from CANDIDATE to LEADER at term 1 for changeToLeader
2019-09-24 06:22:10,169 [6f00f8fe-2a95-42ae-9e1e-7f02ea0c4b08@group-9686FC6E6EE9:LeaderElection65] INFO  impl.RaftServerImpl (ServerState.java:setLeader(253)) - 6f00f8fe-2a95-42ae-9e1e-7f02ea0c4b08@group-9686FC6E6EE9: change Leader from null to 6f00f8fe-2a95-42ae-9e1e-7f02ea0c4b08 at term 1 for becomeLeader, leader elected after 5219ms
2019-09-24 06:22:10,169 [grpc-default-executor-10] INFO  impl.RaftServerImpl (ServerState.java:setRaftConf(354)) - 6af71f09-eab3-4645-8883-a2b3665a1ca1@group-B04AC77420B8: set configuration 0: [b1e67946-c9ea-4459-831d-c4b76e7bce93:192.168.151.91:35185, 6af71f09-eab3-4645-8883-a2b3665a1ca1:192.168.151.91:45219, c80bdc58-8b99-461e-b3c1-5966c3d571a0:192.168.151.91:46271], old=null at 0
2019-09-24 06:22:10,169 [6f00f8fe-2a95-42ae-9e1e-7f02ea0c4b08@group-9686FC6E6EE9:LeaderElection65] INFO  server.RaftServerConfigKeys (ConfUtils.java:logGet(43)) - raft.server.staging.catchup.gap = 1000 (default)
2019-09-24 06:22:10,169 [grpc-default-executor-10] INFO  segmented.SegmentedRaftLogWorker (SegmentedRaftLogWorker.java:startLogSegment(380)) - 6af71f09-eab3-4645-8883-a2b3665a1ca1@group-B04AC77420B8-SegmentedRaftLogWorker: Starting segment from index:0
2019-09-24 06:22:10,169 [6f00f8fe-2a95-42ae-9e1e-7f02ea0c4b08@group-9686FC6E6EE9:LeaderElection65] INFO  server.RaftServerConfigKeys (ConfUtils.java:logGet(43)) - raft.server.rpc.sleep.time = 25ms (default)
2019-09-24 06:22:10,170 [6f00f8fe-2a95-42ae-9e1e-7f02ea0c4b08@group-9686FC6E6EE9:LeaderElection65] INFO  server.RaftServerConfigKeys (ConfUtils.java:logGet(43)) - raft.server.write.element-limit = 4096 (default)
2019-09-24 06:22:10,170 [grpc-default-executor-8] INFO  impl.RaftServerImpl (RaftServerImpl.java:setRole(174)) - 6f00f8fe-2a95-42ae-9e1e-7f02ea0c4b08@group-2A99E4893629: changes role from  FOLLOWER to FOLLOWER at term 1 for recognizeCandidate:1944460d-8ee5-416d-a02c-bd5dce5bd506
2019-09-24 06:22:10,170 [6f00f8fe-2a95-42ae-9e1e-7f02ea0c4b08@group-9686FC6E6EE9:LeaderElection65] INFO  server.RaftServerConfigKeys (ConfUtils.java:logGet(43)) - raft.server.watch.timeout = 10s (default)
2019-09-24 06:22:10,170 [grpc-default-executor-8] INFO  impl.RoleInfo (RoleInfo.java:shutdownFollowerState(121)) - 6f00f8fe-2a95-42ae-9e1e-7f02ea0c4b08: shutdown FollowerState
2019-09-24 06:22:10,170 [6f00f8fe-2a95-42ae-9e1e-7f02ea0c4b08@group-9686FC6E6EE9:LeaderElection65] INFO  server.RaftServerConfigKeys (ConfUtils.java:logGet(43)) - raft.server.watch.timeout.denomination = 1s (default)
2019-09-24 06:22:10,170 [Thread-2923] INFO  impl.FollowerState (FollowerState.java:run(115)) - 6f00f8fe-2a95-42ae-9e1e-7f02ea0c4b08: FollowerState was interrupted: java.lang.InterruptedException: sleep interrupted
2019-09-24 06:22:10,170 [grpc-default-executor-8] INFO  impl.RoleInfo (RoleInfo.java:updateAndGet(143)) - 6f00f8fe-2a95-42ae-9e1e-7f02ea0c4b08: start FollowerState
2019-09-24 06:22:10,205 [c80bdc58-8b99-461e-b3c1-5966c3d571a0@group-B04AC77420B8-SegmentedRaftLogWorker] INFO  segmented.SegmentedRaftLogWorker (SegmentedRaftLogWorker.java:execute(569)) - c80bdc58-8b99-461e-b3c1-5966c3d571a0@group-B04AC77420B8-SegmentedRaftLogWorker: created new log segment /workdir/hadoop-ozone/integration-test/target/test-dir/MiniOzoneClusterImpl-a40bf951-cab5-4b8a-b522-79b69e6c8739/datanode-2/data/ratis/4d49162f-3fa5-486f-961c-b04ac77420b8/current/log_inprogress_0
2019-09-24 06:22:10,170 [6f00f8fe-2a95-42ae-9e1e-7f02ea0c4b08@group-9686FC6E6EE9:LeaderElection65] INFO  server.RaftServerConfigKeys (ConfUtils.java:logGet(43)) - raft.server.watch.element-limit = 65536 (default)
2019-09-24 06:22:10,207 [1944460d-8ee5-416d-a02c-bd5dce5bd506@group-2A99E4893629:LeaderElection64] INFO  impl.LeaderElection (LeaderElection.java:logAndReturn(56)) - 1944460d-8ee5-416d-a02c-bd5dce5bd506@group-2A99E4893629:LeaderElection64: Election PASSED; received 1 response(s) [1944460d-8ee5-416d-a02c-bd5dce5bd506<-785edad9-7165-444d-90ff-997f52a16f53#0:OK-t1] and 0 exception(s); 1944460d-8ee5-416d-a02c-bd5dce5bd506@group-2A99E4893629:t1, leader=null, voted=1944460d-8ee5-416d-a02c-bd5dce5bd506, raftlog=1944460d-8ee5-416d-a02c-bd5dce5bd506@group-2A99E4893629-SegmentedRaftLog:OPENED:c-1,f-1,i0, conf=-1: [6f00f8fe-2a95-42ae-9e1e-7f02ea0c4b08:192.168.151.91:43861, 1944460d-8ee5-416d-a02c-bd5dce5bd506:192.168.151.91:32780, 785edad9-7165-444d-90ff-997f52a16f53:192.168.151.91:38316], old=null
2019-09-24 06:22:10,207 [1944460d-8ee5-416d-a02c-bd5dce5bd506@group-2A99E4893629:LeaderElection64] INFO  impl.RoleInfo (RoleInfo.java:shutdownLeaderElection(134)) - 1944460d-8ee5-416d-a02c-bd5dce5bd506: shutdown LeaderElection
2019-09-24 06:22:10,207 [1944460d-8ee5-416d-a02c-bd5dce5bd506@group-2A99E4893629:LeaderElection64] INFO  impl.RaftServerImpl (RaftServerImpl.java:setRole(174)) - 1944460d-8ee5-416d-a02c-bd5dce5bd506@group-2A99E4893629: changes role from CANDIDATE to LEADER at term 1 for changeToLeader
2019-09-24 06:22:10,207 [1944460d-8ee5-416d-a02c-bd5dce5bd506@group-2A99E4893629:LeaderElection64] INFO  impl.RaftServerImpl (ServerState.java:setLeader(253)) - 1944460d-8ee5-416d-a02c-bd5dce5bd506@group-2A99E4893629: change Leader from null to 1944460d-8ee5-416d-a02c-bd5dce5bd506 at term 1 for becomeLeader, leader elected after 5207ms
2019-09-24 06:22:10,208 [1944460d-8ee5-416d-a02c-bd5dce5bd506@group-2A99E4893629:LeaderElection64] INFO  server.RaftServerConfigKeys (ConfUtils.java:logGet(43)) - raft.server.staging.catchup.gap = 1000 (default)
2019-09-24 06:22:10,208 [1944460d-8ee5-416d-a02c-bd5dce5bd506@group-2A99E4893629:LeaderElection64] INFO  server.RaftServerConfigKeys (ConfUtils.java:logGet(43)) - raft.server.rpc.sleep.time = 25ms (default)
2019-09-24 06:22:10,208 [1944460d-8ee5-416d-a02c-bd5dce5bd506@group-2A99E4893629:LeaderElection64] INFO  server.RaftServerConfigKeys (ConfUtils.java:logGet(43)) - raft.server.write.element-limit = 4096 (default)
2019-09-24 06:22:10,209 [6f00f8fe-2a95-42ae-9e1e-7f02ea0c4b08@group-9686FC6E6EE9:LeaderElection65] INFO  impl.RoleInfo (RoleInfo.java:updateAndGet(143)) - 6f00f8fe-2a95-42ae-9e1e-7f02ea0c4b08: start LeaderState
2019-09-24 06:22:10,209 [1944460d-8ee5-416d-a02c-bd5dce5bd506@group-2A99E4893629:LeaderElection64] INFO  server.RaftServerConfigKeys (ConfUtils.java:logGet(43)) - raft.server.watch.timeout = 10s (default)
2019-09-24 06:22:10,212 [6f00f8fe-2a95-42ae-9e1e-7f02ea0c4b08@group-9686FC6E6EE9:LeaderElection65] INFO  segmented.SegmentedRaftLogWorker (SegmentedRaftLogWorker.java:startLogSegment(380)) - 6f00f8fe-2a95-42ae-9e1e-7f02ea0c4b08@group-9686FC6E6EE9-SegmentedRaftLogWorker: Starting segment from index:0
2019-09-24 06:22:10,212 [1944460d-8ee5-416d-a02c-bd5dce5bd506@group-2A99E4893629:LeaderElection64] INFO  server.RaftServerConfigKeys (ConfUtils.java:logGet(43)) - raft.server.watch.timeout.denomination = 1s (default)
2019-09-24 06:22:10,212 [1944460d-8ee5-416d-a02c-bd5dce5bd506@group-2A99E4893629:LeaderElection64] INFO  server.RaftServerConfigKeys (ConfUtils.java:logGet(43)) - raft.server.watch.element-limit = 65536 (default)
2019-09-24 06:22:10,212 [6f00f8fe-2a95-42ae-9e1e-7f02ea0c4b08@group-9686FC6E6EE9:LeaderElection65] INFO  impl.RaftServerImpl (ServerState.java:setRaftConf(354)) - 6f00f8fe-2a95-42ae-9e1e-7f02ea0c4b08@group-9686FC6E6EE9: set configuration 0: [6f00f8fe-2a95-42ae-9e1e-7f02ea0c4b08:192.168.151.91:43861], old=null at 0
2019-09-24 06:22:10,252 [6af71f09-eab3-4645-8883-a2b3665a1ca1@group-B04AC77420B8-SegmentedRaftLogWorker] INFO  segmented.SegmentedRaftLogWorker (SegmentedRaftLogWorker.java:execute(569)) - 6af71f09-eab3-4645-8883-a2b3665a1ca1@group-B04AC77420B8-SegmentedRaftLogWorker: created new log segment /workdir/hadoop-ozone/integration-test/target/test-dir/MiniOzoneClusterImpl-a40bf951-cab5-4b8a-b522-79b69e6c8739/datanode-1/data/ratis/4d49162f-3fa5-486f-961c-b04ac77420b8/current/log_inprogress_0
2019-09-24 06:22:10,259 [1944460d-8ee5-416d-a02c-bd5dce5bd506@group-2A99E4893629:LeaderElection64] INFO  server.RaftServerConfigKeys (ConfUtils.java:logGet(43)) - raft.server.log.appender.snapshot.chunk.size.max = 16MB (=16777216) (default)
2019-09-24 06:22:10,259 [1944460d-8ee5-416d-a02c-bd5dce5bd506@group-2A99E4893629:LeaderElection64] INFO  server.RaftServerConfigKeys (ConfUtils.java:logGet(43)) - raft.server.log.appender.buffer.byte-limit = 33554432 (custom)
2019-09-24 06:22:10,259 [1944460d-8ee5-416d-a02c-bd5dce5bd506@group-2A99E4893629:LeaderElection64] INFO  server.RaftServerConfigKeys (ConfUtils.java:logGet(43)) - raft.server.log.appender.buffer.element-limit = 1 (custom)
2019-09-24 06:22:10,260 [1944460d-8ee5-416d-a02c-bd5dce5bd506@group-2A99E4893629:LeaderElection64] INFO  grpc.GrpcConfigKeys$Server (ConfUtils.java:logGet(43)) - raft.grpc.server.leader.outstanding.appends.max = 128 (default)
2019-09-24 06:22:10,260 [1944460d-8ee5-416d-a02c-bd5dce5bd506@group-2A99E4893629:LeaderElection64] INFO  server.RaftServerConfigKeys (ConfUtils.java:logGet(43)) - raft.server.rpc.request.timeout = 3000ms (default)
2019-09-24 06:22:10,260 [1944460d-8ee5-416d-a02c-bd5dce5bd506@group-2A99E4893629:LeaderElection64] INFO  server.RaftServerConfigKeys (ConfUtils.java:logGet(43)) - raft.server.log.appender.install.snapshot.enabled = false (custom)
2019-09-24 06:22:10,261 [1944460d-8ee5-416d-a02c-bd5dce5bd506@group-2A99E4893629:LeaderElection64] INFO  server.RaftServerConfigKeys (ConfUtils.java:logGet(43)) - raft.server.log.appender.snapshot.chunk.size.max = 16MB (=16777216) (default)
2019-09-24 06:22:10,261 [1944460d-8ee5-416d-a02c-bd5dce5bd506@group-2A99E4893629:LeaderElection64] INFO  server.RaftServerConfigKeys (ConfUtils.java:logGet(43)) - raft.server.log.appender.buffer.byte-limit = 33554432 (custom)
2019-09-24 06:22:10,261 [1944460d-8ee5-416d-a02c-bd5dce5bd506@group-2A99E4893629:LeaderElection64] INFO  server.RaftServerConfigKeys (ConfUtils.java:logGet(43)) - raft.server.log.appender.buffer.element-limit = 1 (custom)
2019-09-24 06:22:10,262 [1944460d-8ee5-416d-a02c-bd5dce5bd506@group-2A99E4893629:LeaderElection64] INFO  grpc.GrpcConfigKeys$Server (ConfUtils.java:logGet(43)) - raft.grpc.server.leader.outstanding.appends.max = 128 (default)
2019-09-24 06:22:10,262 [1944460d-8ee5-416d-a02c-bd5dce5bd506@group-2A99E4893629:LeaderElection64] INFO  server.RaftServerConfigKeys (ConfUtils.java:logGet(43)) - raft.server.rpc.request.timeout = 3000ms (default)
2019-09-24 06:22:10,262 [1944460d-8ee5-416d-a02c-bd5dce5bd506@group-2A99E4893629:LeaderElection64] INFO  server.RaftServerConfigKeys (ConfUtils.java:logGet(43)) - raft.server.log.appender.install.snapshot.enabled = false (custom)
2019-09-24 06:22:10,263 [1944460d-8ee5-416d-a02c-bd5dce5bd506@group-2A99E4893629:LeaderElection64] INFO  impl.RoleInfo (RoleInfo.java:updateAndGet(143)) - 1944460d-8ee5-416d-a02c-bd5dce5bd506: start LeaderState
2019-09-24 06:22:10,263 [1944460d-8ee5-416d-a02c-bd5dce5bd506@group-2A99E4893629:LeaderElection64] INFO  segmented.SegmentedRaftLogWorker (SegmentedRaftLogWorker.java:startLogSegment(380)) - 1944460d-8ee5-416d-a02c-bd5dce5bd506@group-2A99E4893629-SegmentedRaftLogWorker: Starting segment from index:0
2019-09-24 06:22:10,264 [6f00f8fe-2a95-42ae-9e1e-7f02ea0c4b08@group-9686FC6E6EE9-SegmentedRaftLogWorker] INFO  segmented.SegmentedRaftLogWorker (SegmentedRaftLogWorker.java:execute(569)) - 6f00f8fe-2a95-42ae-9e1e-7f02ea0c4b08@group-9686FC6E6EE9-SegmentedRaftLogWorker: created new log segment /workdir/hadoop-ozone/integration-test/target/test-dir/MiniOzoneClusterImpl-a40bf951-cab5-4b8a-b522-79b69e6c8739/datanode-5/data/ratis/e81e8958-65d8-4afb-b1ba-9686fc6e6ee9/current/log_inprogress_0
2019-09-24 06:22:10,264 [1944460d-8ee5-416d-a02c-bd5dce5bd506@group-2A99E4893629:LeaderElection64] INFO  impl.RaftServerImpl (ServerState.java:setRaftConf(354)) - 1944460d-8ee5-416d-a02c-bd5dce5bd506@group-2A99E4893629: set configuration 0: [6f00f8fe-2a95-42ae-9e1e-7f02ea0c4b08:192.168.151.91:43861, 1944460d-8ee5-416d-a02c-bd5dce5bd506:192.168.151.91:32780, 785edad9-7165-444d-90ff-997f52a16f53:192.168.151.91:38316], old=null at 0
2019-09-24 06:22:10,300 [grpc-default-executor-8] INFO  impl.RaftServerImpl (ServerState.java:setLeader(253)) - 6f00f8fe-2a95-42ae-9e1e-7f02ea0c4b08@group-2A99E4893629: change Leader from null to 1944460d-8ee5-416d-a02c-bd5dce5bd506 at term 1 for appendEntries, leader elected after 5300ms
2019-09-24 06:22:10,302 [grpc-default-executor-10] INFO  impl.RaftServerImpl (ServerState.java:setLeader(253)) - 785edad9-7165-444d-90ff-997f52a16f53@group-2A99E4893629: change Leader from null to 1944460d-8ee5-416d-a02c-bd5dce5bd506 at term 1 for appendEntries, leader elected after 5303ms
2019-09-24 06:22:10,309 [grpc-default-executor-8] INFO  impl.RaftServerImpl (ServerState.java:setRaftConf(354)) - 785edad9-7165-444d-90ff-997f52a16f53@group-2A99E4893629: set configuration 0: [6f00f8fe-2a95-42ae-9e1e-7f02ea0c4b08:192.168.151.91:43861, 1944460d-8ee5-416d-a02c-bd5dce5bd506:192.168.151.91:32780, 785edad9-7165-444d-90ff-997f52a16f53:192.168.151.91:38316], old=null at 0
2019-09-24 06:22:10,309 [grpc-default-executor-10] INFO  impl.RaftServerImpl (ServerState.java:setRaftConf(354)) - 6f00f8fe-2a95-42ae-9e1e-7f02ea0c4b08@group-2A99E4893629: set configuration 0: [6f00f8fe-2a95-42ae-9e1e-7f02ea0c4b08:192.168.151.91:43861, 1944460d-8ee5-416d-a02c-bd5dce5bd506:192.168.151.91:32780, 785edad9-7165-444d-90ff-997f52a16f53:192.168.151.91:38316], old=null at 0
2019-09-24 06:22:10,310 [grpc-default-executor-8] INFO  segmented.SegmentedRaftLogWorker (SegmentedRaftLogWorker.java:startLogSegment(380)) - 785edad9-7165-444d-90ff-997f52a16f53@group-2A99E4893629-SegmentedRaftLogWorker: Starting segment from index:0
2019-09-24 06:22:10,310 [grpc-default-executor-10] INFO  segmented.SegmentedRaftLogWorker (SegmentedRaftLogWorker.java:startLogSegment(380)) - 6f00f8fe-2a95-42ae-9e1e-7f02ea0c4b08@group-2A99E4893629-SegmentedRaftLogWorker: Starting segment from index:0
2019-09-24 06:22:10,313 [1944460d-8ee5-416d-a02c-bd5dce5bd506@group-2A99E4893629-SegmentedRaftLogWorker] INFO  segmented.SegmentedRaftLogWorker (SegmentedRaftLogWorker.java:execute(569)) - 1944460d-8ee5-416d-a02c-bd5dce5bd506@group-2A99E4893629-SegmentedRaftLogWorker: created new log segment /workdir/hadoop-ozone/integration-test/target/test-dir/MiniOzoneClusterImpl-a40bf951-cab5-4b8a-b522-79b69e6c8739/datanode-4/data/ratis/e221a0b6-98de-4f36-ab23-2a99e4893629/current/log_inprogress_0
2019-09-24 06:22:10,353 [785edad9-7165-444d-90ff-997f52a16f53@group-2A99E4893629-SegmentedRaftLogWorker] INFO  segmented.SegmentedRaftLogWorker (SegmentedRaftLogWorker.java:execute(569)) - 785edad9-7165-444d-90ff-997f52a16f53@group-2A99E4893629-SegmentedRaftLogWorker: created new log segment /workdir/hadoop-ozone/integration-test/target/test-dir/MiniOzoneClusterImpl-a40bf951-cab5-4b8a-b522-79b69e6c8739/datanode-3/data/ratis/e221a0b6-98de-4f36-ab23-2a99e4893629/current/log_inprogress_0
2019-09-24 06:22:10,353 [6f00f8fe-2a95-42ae-9e1e-7f02ea0c4b08@group-2A99E4893629-SegmentedRaftLogWorker] INFO  segmented.SegmentedRaftLogWorker (SegmentedRaftLogWorker.java:execute(569)) - 6f00f8fe-2a95-42ae-9e1e-7f02ea0c4b08@group-2A99E4893629-SegmentedRaftLogWorker: created new log segment /workdir/hadoop-ozone/integration-test/target/test-dir/MiniOzoneClusterImpl-a40bf951-cab5-4b8a-b522-79b69e6c8739/datanode-5/data/ratis/e221a0b6-98de-4f36-ab23-2a99e4893629/current/log_inprogress_0
2019-09-24 06:22:11,356 [Datanode State Machine Thread - 0] INFO  statemachine.DatanodeStateMachine (DatanodeStateMachine.java:lambda$startDaemon$0(350)) - Ozone container server started.
2019-09-24 06:22:15,359 [EventQueue-StaleNodeForStaleNodeHandler] INFO  node.StaleNodeHandler (StaleNodeHandler.java:onMessage(58)) - Datanode b1e67946-c9ea-4459-831d-c4b76e7bce93{ip: 192.168.151.91, host: trunk-nightly-20190924-mj2km-2450050911, networkLocation: /default-rack, certSerialId: null} moved to stale state. Finalizing its pipelines [PipelineID=4d49162f-3fa5-486f-961c-b04ac77420b8, PipelineID=15b695fb-a5c3-4c59-9541-7dc4a713137f]
2019-09-24 06:22:15,359 [EventQueue-StaleNodeForStaleNodeHandler] INFO  pipeline.SCMPipelineManager (SCMPipelineManager.java:finalizeAndDestroyPipeline(315)) - destroying pipeline:Pipeline[ Id: 4d49162f-3fa5-486f-961c-b04ac77420b8, Nodes: b1e67946-c9ea-4459-831d-c4b76e7bce93{ip: 192.168.151.91, host: trunk-nightly-20190924-mj2km-2450050911, networkLocation: /default-rack, certSerialId: null}6af71f09-eab3-4645-8883-a2b3665a1ca1{ip: 192.168.151.91, host: trunk-nightly-20190924-mj2km-2450050911, networkLocation: /default-rack, certSerialId: null}c80bdc58-8b99-461e-b3c1-5966c3d571a0{ip: 192.168.151.91, host: trunk-nightly-20190924-mj2km-2450050911, networkLocation: /default-rack, certSerialId: null}, Type:RATIS, Factor:THREE, State:OPEN]
2019-09-24 06:22:15,359 [EventQueue-StaleNodeForStaleNodeHandler] INFO  pipeline.PipelineStateManager (PipelineStateManager.java:finalizePipeline(123)) - Pipeline Pipeline[ Id: 4d49162f-3fa5-486f-961c-b04ac77420b8, Nodes: b1e67946-c9ea-4459-831d-c4b76e7bce93{ip: 192.168.151.91, host: trunk-nightly-20190924-mj2km-2450050911, networkLocation: /default-rack, certSerialId: null}6af71f09-eab3-4645-8883-a2b3665a1ca1{ip: 192.168.151.91, host: trunk-nightly-20190924-mj2km-2450050911, networkLocation: /default-rack, certSerialId: null}c80bdc58-8b99-461e-b3c1-5966c3d571a0{ip: 192.168.151.91, host: trunk-nightly-20190924-mj2km-2450050911, networkLocation: /default-rack, certSerialId: null}, Type:RATIS, Factor:THREE, State:CLOSED] moved to CLOSED state
2019-09-24 06:22:15,360 [EventQueue-CloseContainerForCloseContainerEventHandler] INFO  container.CloseContainerEventHandler (CloseContainerEventHandler.java:onMessage(61)) - Close container Event triggered for container : #1
2019-09-24 06:22:15,364 [EventQueue-StaleNodeForStaleNodeHandler] INFO  pipeline.SCMPipelineManager (SCMPipelineManager.java:finalizeAndDestroyPipeline(315)) - destroying pipeline:Pipeline[ Id: 15b695fb-a5c3-4c59-9541-7dc4a713137f, Nodes: b1e67946-c9ea-4459-831d-c4b76e7bce93{ip: 192.168.151.91, host: trunk-nightly-20190924-mj2km-2450050911, networkLocation: /default-rack, certSerialId: null}, Type:RATIS, Factor:ONE, State:OPEN]
2019-09-24 06:22:15,366 [EventQueue-StaleNodeForStaleNodeHandler] INFO  pipeline.PipelineStateManager (PipelineStateManager.java:finalizePipeline(123)) - Pipeline Pipeline[ Id: 15b695fb-a5c3-4c59-9541-7dc4a713137f, Nodes: b1e67946-c9ea-4459-831d-c4b76e7bce93{ip: 192.168.151.91, host: trunk-nightly-20190924-mj2km-2450050911, networkLocation: /default-rack, certSerialId: null}, Type:RATIS, Factor:ONE, State:CLOSED] moved to CLOSED state
2019-09-24 06:22:15,473 [main] INFO  ozoneimpl.OzoneContainer (OzoneContainer.java:stop(231)) - Attempting to stop container services.
2019-09-24 06:22:15,474 [main] INFO  impl.RaftServerProxy (RaftServerProxy.java:lambda$close$4(314)) - b1e67946-c9ea-4459-831d-c4b76e7bce93: close
2019-09-24 06:22:15,475 [main] INFO  impl.RaftServerImpl (RaftServerImpl.java:lambda$shutdown$3(251)) - b1e67946-c9ea-4459-831d-c4b76e7bce93@group-B04AC77420B8: shutdown
2019-09-24 06:22:15,475 [ForkJoinPool.commonPool-worker-0] INFO  impl.RaftServerImpl (RaftServerImpl.java:lambda$shutdown$3(251)) - b1e67946-c9ea-4459-831d-c4b76e7bce93@group-7DC4A713137F: shutdown
2019-09-24 06:22:15,475 [main] INFO  util.JmxRegister (JmxRegister.java:unregister(73)) - Successfully un-registered JMX Bean with object name Ratis:service=RaftServer,group=group-B04AC77420B8,id=b1e67946-c9ea-4459-831d-c4b76e7bce93
2019-09-24 06:22:15,475 [ForkJoinPool.commonPool-worker-0] INFO  util.JmxRegister (JmxRegister.java:unregister(73)) - Successfully un-registered JMX Bean with object name Ratis:service=RaftServer,group=group-7DC4A713137F,id=b1e67946-c9ea-4459-831d-c4b76e7bce93
2019-09-24 06:22:15,476 [main] INFO  impl.RoleInfo (RoleInfo.java:shutdownLeaderState(104)) - b1e67946-c9ea-4459-831d-c4b76e7bce93: shutdown LeaderState
2019-09-24 06:22:15,476 [ForkJoinPool.commonPool-worker-0] INFO  impl.RoleInfo (RoleInfo.java:shutdownLeaderState(104)) - b1e67946-c9ea-4459-831d-c4b76e7bce93: shutdown LeaderState
2019-09-24 06:22:15,482 [org.apache.ratis.server.impl.LogAppender$AppenderDaemon$$Lambda$518/2065324315@6c19ff6a] WARN  server.GrpcLogAppender (GrpcLogAppender.java:mayWait(143)) - b1e67946-c9ea-4459-831d-c4b76e7bce93@group-B04AC77420B8->6af71f09-eab3-4645-8883-a2b3665a1ca1-GrpcLogAppender: Wait interrupted by java.lang.InterruptedException
2019-09-24 06:22:15,482 [main] INFO  impl.PendingRequests (PendingRequests.java:sendNotLeaderResponses(202)) - b1e67946-c9ea-4459-831d-c4b76e7bce93-PendingRequests: sendNotLeaderResponses
2019-09-24 06:22:15,482 [org.apache.ratis.server.impl.LogAppender$AppenderDaemon$$Lambda$518/2065324315@57bb9c53] WARN  server.GrpcLogAppender (GrpcLogAppender.java:mayWait(143)) - b1e67946-c9ea-4459-831d-c4b76e7bce93@group-B04AC77420B8->c80bdc58-8b99-461e-b3c1-5966c3d571a0-GrpcLogAppender: Wait interrupted by java.lang.InterruptedException
2019-09-24 06:22:15,482 [ForkJoinPool.commonPool-worker-0] INFO  impl.PendingRequests (PendingRequests.java:sendNotLeaderResponses(202)) - b1e67946-c9ea-4459-831d-c4b76e7bce93-PendingRequests: sendNotLeaderResponses
2019-09-24 06:22:15,483 [grpc-default-executor-9] INFO  server.GrpcServerProtocolService (GrpcServerProtocolService.java:onCompleted(113)) - 6af71f09-eab3-4645-8883-a2b3665a1ca1: Completed APPEND_ENTRIES, lastRequest: b1e67946-c9ea-4459-831d-c4b76e7bce93->6af71f09-eab3-4645-8883-a2b3665a1ca1#19-t1, previous=(t:1, i:16), leaderCommit=16, initializing? false, entries: <empty>
2019-09-24 06:22:15,489 [main] INFO  impl.StateMachineUpdater (StateMachineUpdater.java:stopAndJoin(125)) - b1e67946-c9ea-4459-831d-c4b76e7bce93@group-B04AC77420B8-StateMachineUpdater: set stopIndex = 16
2019-09-24 06:22:15,489 [grpc-default-executor-8] INFO  server.GrpcServerProtocolService (GrpcServerProtocolService.java:onCompleted(113)) - c80bdc58-8b99-461e-b3c1-5966c3d571a0: Completed APPEND_ENTRIES, lastRequest: b1e67946-c9ea-4459-831d-c4b76e7bce93->c80bdc58-8b99-461e-b3c1-5966c3d571a0#19-t1, previous=(t:1, i:16), leaderCommit=16, initializing? false, entries: <empty>
2019-09-24 06:22:15,489 [ForkJoinPool.commonPool-worker-0] INFO  impl.StateMachineUpdater (StateMachineUpdater.java:stopAndJoin(125)) - b1e67946-c9ea-4459-831d-c4b76e7bce93@group-7DC4A713137F-StateMachineUpdater: set stopIndex = 0
2019-09-24 06:22:15,490 [grpc-default-executor-9] INFO  server.GrpcLogAppender (GrpcLogAppender.java:onCompleted(293)) - b1e67946-c9ea-4459-831d-c4b76e7bce93@group-B04AC77420B8->6af71f09-eab3-4645-8883-a2b3665a1ca1-AppendLogResponseHandler: follower responses appendEntries COMPLETED
2019-09-24 06:22:15,489 [b1e67946-c9ea-4459-831d-c4b76e7bce93@group-B04AC77420B8-StateMachineUpdater] INFO  ratis.ContainerStateMachine (ContainerStateMachine.java:takeSnapshot(289)) - group-B04AC77420B8: Taking a snapshot at:(t:1, i:14) file /workdir/hadoop-ozone/integration-test/target/test-dir/MiniOzoneClusterImpl-a40bf951-cab5-4b8a-b522-79b69e6c8739/datanode-0/data/ratis/4d49162f-3fa5-486f-961c-b04ac77420b8/sm/snapshot.1_14
2019-09-24 06:22:15,490 [grpc-default-executor-8] INFO  server.GrpcLogAppender (GrpcLogAppender.java:onCompleted(293)) - b1e67946-c9ea-4459-831d-c4b76e7bce93@group-B04AC77420B8->c80bdc58-8b99-461e-b3c1-5966c3d571a0-AppendLogResponseHandler: follower responses appendEntries COMPLETED
2019-09-24 06:22:15,490 [ForkJoinPool.commonPool-worker-0] INFO  impl.RaftServerImpl (ServerState.java:close(385)) - b1e67946-c9ea-4459-831d-c4b76e7bce93@group-7DC4A713137F: closes. applyIndex: 0
2019-09-24 06:22:15,491 [grpc-default-executor-9] INFO  impl.FollowerInfo (FollowerInfo.java:lambda$new$0(51)) - b1e67946-c9ea-4459-831d-c4b76e7bce93@group-B04AC77420B8->6af71f09-eab3-4645-8883-a2b3665a1ca1: nextIndex: updateUnconditionally 17 -> 16
2019-09-24 06:22:15,491 [b1e67946-c9ea-4459-831d-c4b76e7bce93@group-7DC4A713137F-SegmentedRaftLogWorker] INFO  segmented.SegmentedRaftLogWorker (SegmentedRaftLogWorker.java:run(313)) - b1e67946-c9ea-4459-831d-c4b76e7bce93@group-7DC4A713137F-SegmentedRaftLogWorker was interrupted, exiting. There are 0 tasks remaining in the queue.
2019-09-24 06:22:15,491 [grpc-default-executor-8] INFO  impl.FollowerInfo (FollowerInfo.java:lambda$new$0(51)) - b1e67946-c9ea-4459-831d-c4b76e7bce93@group-B04AC77420B8->c80bdc58-8b99-461e-b3c1-5966c3d571a0: nextIndex: updateUnconditionally 17 -> 16
2019-09-24 06:22:15,502 [ForkJoinPool.commonPool-worker-0] INFO  segmented.SegmentedRaftLogWorker (SegmentedRaftLogWorker.java:close(228)) - b1e67946-c9ea-4459-831d-c4b76e7bce93@group-7DC4A713137F-SegmentedRaftLogWorker close()
2019-09-24 06:22:15,519 [b1e67946-c9ea-4459-831d-c4b76e7bce93@group-B04AC77420B8-StateMachineUpdater] INFO  ratis.ContainerStateMachine (ContainerStateMachine.java:takeSnapshot(300)) - group-B04AC77420B8: Finished taking a snapshot at:(t:1, i:14) file:/workdir/hadoop-ozone/integration-test/target/test-dir/MiniOzoneClusterImpl-a40bf951-cab5-4b8a-b522-79b69e6c8739/datanode-0/data/ratis/4d49162f-3fa5-486f-961c-b04ac77420b8/sm/snapshot.1_14 time:29
2019-09-24 06:22:15,519 [b1e67946-c9ea-4459-831d-c4b76e7bce93@group-B04AC77420B8-StateMachineUpdater] INFO  impl.StateMachineUpdater (StateMachineUpdater.java:takeSnapshot(258)) - b1e67946-c9ea-4459-831d-c4b76e7bce93@group-B04AC77420B8-StateMachineUpdater: Took a snapshot at index 14
2019-09-24 06:22:15,519 [b1e67946-c9ea-4459-831d-c4b76e7bce93@group-B04AC77420B8-StateMachineUpdater] INFO  impl.StateMachineUpdater (StateMachineUpdater.java:lambda$new$0(83)) - b1e67946-c9ea-4459-831d-c4b76e7bce93@group-B04AC77420B8-StateMachineUpdater: snapshotIndex: updateIncreasingly -1 -> 14
2019-09-24 06:22:15,520 [b1e67946-c9ea-4459-831d-c4b76e7bce93@group-B04AC77420B8-StateMachineUpdater] INFO  ratis.ContainerStateMachine (ContainerStateMachine.java:takeSnapshot(289)) - group-B04AC77420B8: Taking a snapshot at:(t:1, i:14) file /workdir/hadoop-ozone/integration-test/target/test-dir/MiniOzoneClusterImpl-a40bf951-cab5-4b8a-b522-79b69e6c8739/datanode-0/data/ratis/4d49162f-3fa5-486f-961c-b04ac77420b8/sm/snapshot.1_14
2019-09-24 06:22:15,532 [b1e67946-c9ea-4459-831d-c4b76e7bce93@group-B04AC77420B8-StateMachineUpdater] INFO  ratis.ContainerStateMachine (ContainerStateMachine.java:takeSnapshot(300)) - group-B04AC77420B8: Finished taking a snapshot at:(t:1, i:14) file:/workdir/hadoop-ozone/integration-test/target/test-dir/MiniOzoneClusterImpl-a40bf951-cab5-4b8a-b522-79b69e6c8739/datanode-0/data/ratis/4d49162f-3fa5-486f-961c-b04ac77420b8/sm/snapshot.1_14 time:12
2019-09-24 06:22:15,532 [b1e67946-c9ea-4459-831d-c4b76e7bce93@group-B04AC77420B8-StateMachineUpdater] INFO  impl.StateMachineUpdater (StateMachineUpdater.java:takeSnapshot(258)) - b1e67946-c9ea-4459-831d-c4b76e7bce93@group-B04AC77420B8-StateMachineUpdater: Took a snapshot at index 14
2019-09-24 06:22:15,532 [b1e67946-c9ea-4459-831d-c4b76e7bce93@group-B04AC77420B8-StateMachineUpdater] INFO  impl.StateMachineUpdater (StateMachineUpdater.java:lambda$new$0(83)) - b1e67946-c9ea-4459-831d-c4b76e7bce93@group-B04AC77420B8-StateMachineUpdater: snapshotIndex: updateIncreasingly 14 -> 14
2019-09-24 06:22:15,533 [main] INFO  impl.RaftServerImpl (ServerState.java:close(385)) - b1e67946-c9ea-4459-831d-c4b76e7bce93@group-B04AC77420B8: closes. applyIndex: 16
2019-09-24 06:22:15,533 [b1e67946-c9ea-4459-831d-c4b76e7bce93@group-B04AC77420B8-SegmentedRaftLogWorker] INFO  segmented.SegmentedRaftLogWorker (SegmentedRaftLogWorker.java:run(313)) - b1e67946-c9ea-4459-831d-c4b76e7bce93@group-B04AC77420B8-SegmentedRaftLogWorker was interrupted, exiting. There are 0 tasks remaining in the queue.
2019-09-24 06:22:15,536 [main] INFO  segmented.SegmentedRaftLogWorker (SegmentedRaftLogWorker.java:close(228)) - b1e67946-c9ea-4459-831d-c4b76e7bce93@group-B04AC77420B8-SegmentedRaftLogWorker close()
2019-09-24 06:22:15,559 [main] INFO  server.GrpcService (GrpcService.java:closeImpl(164)) - b1e67946-c9ea-4459-831d-c4b76e7bce93: shutdown server with port 35185 now
2019-09-24 06:22:15,560 [grpc-default-executor-9] WARN  client.GrpcClientProtocolService (LogUtils.java:warn(134)) - 3-UnorderedRequestStreamObserver3: onError: org.apache.ratis.thirdparty.io.grpc.StatusRuntimeException: CANCELLED: cancelled before receiving half close
2019-09-24 06:22:15,560 [main] INFO  server.GrpcService (GrpcService.java:closeImpl(172)) - b1e67946-c9ea-4459-831d-c4b76e7bce93: shutdown server with port 35185 successfully
2019-09-24 06:22:15,566 [refreshUsed-/workdir/hadoop-ozone/integration-test/target/test-dir/MiniOzoneClusterImpl-a40bf951-cab5-4b8a-b522-79b69e6c8739/datanode-0/data/containers] WARN  fs.CachingGetSpaceUsed (CachingGetSpaceUsed.java:run(183)) - Thread Interrupted waiting to refresh disk information: sleep interrupted
2019-09-24 06:22:15,583 [main] INFO  utils.BackgroundService (BackgroundService.java:shutdown(148)) - Shutting down service BlockDeletingService
2019-09-24 06:22:15,595 [main] INFO  statemachine.DatanodeStateMachine (DatanodeStateMachine.java:stopDaemon(395)) - Ozone container server stopped.
2019-09-24 06:22:15,597 [main] INFO  handler.ContextHandler (ContextHandler.java:doStop(910)) - Stopped o.e.j.w.WebAppContext@34a6d9db{/,null,UNAVAILABLE}{/hddsDatanode}
2019-09-24 06:22:15,599 [main] INFO  server.AbstractConnector (AbstractConnector.java:doStop(318)) - Stopped ServerConnector@52ecc989{HTTP/1.1,[http/1.1]}{0.0.0.0:0}
2019-09-24 06:22:15,599 [main] INFO  handler.ContextHandler (ContextHandler.java:doStop(910)) - Stopped o.e.j.s.ServletContextHandler@2726a511{/static,jar:file:/home/user/.m2/repository/org/apache/hadoop/hadoop-hdds-container-service/0.5.0-SNAPSHOT/hadoop-hdds-container-service-0.5.0-SNAPSHOT.jar!/webapps/static,UNAVAILABLE}
2019-09-24 06:22:15,600 [main] INFO  handler.ContextHandler (ContextHandler.java:doStop(910)) - Stopped o.e.j.s.ServletContextHandler@682e422c{/logs,file:///workdir/hadoop-ozone/integration-test/target/log,UNAVAILABLE}
2019-09-24 06:22:25,133 [Thread-2950] INFO  impl.FollowerState (FollowerState.java:run(106)) - c80bdc58-8b99-461e-b3c1-5966c3d571a0:group-B04AC77420B8 changes to CANDIDATE, lastRpcTime:9660, electionTimeout:5073ms
2019-09-24 06:22:25,134 [Thread-2950] INFO  impl.RoleInfo (RoleInfo.java:shutdownFollowerState(121)) - c80bdc58-8b99-461e-b3c1-5966c3d571a0: shutdown FollowerState
2019-09-24 06:22:25,135 [Thread-2950] INFO  impl.RaftServerImpl (RaftServerImpl.java:setRole(174)) - c80bdc58-8b99-461e-b3c1-5966c3d571a0@group-B04AC77420B8: changes role from  FOLLOWER to CANDIDATE at term 1 for changeToCandidate
2019-09-24 06:22:25,135 [Thread-2950] INFO  impl.RoleInfo (RoleInfo.java:updateAndGet(143)) - c80bdc58-8b99-461e-b3c1-5966c3d571a0: start LeaderElection
2019-09-24 06:22:25,141 [c80bdc58-8b99-461e-b3c1-5966c3d571a0@group-B04AC77420B8:LeaderElection66] INFO  impl.RaftServerImpl (ServerState.java:setLeader(253)) - c80bdc58-8b99-461e-b3c1-5966c3d571a0@group-B04AC77420B8: change Leader from b1e67946-c9ea-4459-831d-c4b76e7bce93 to null at term 1 for initElection
2019-09-24 06:22:25,150 [Thread-2949] INFO  impl.FollowerState (FollowerState.java:run(106)) - 6af71f09-eab3-4645-8883-a2b3665a1ca1:group-B04AC77420B8 changes to CANDIDATE, lastRpcTime:9676, electionTimeout:5090ms
2019-09-24 06:22:25,150 [Thread-2949] INFO  impl.RoleInfo (RoleInfo.java:shutdownFollowerState(121)) - 6af71f09-eab3-4645-8883-a2b3665a1ca1: shutdown FollowerState
2019-09-24 06:22:25,150 [Thread-2949] INFO  impl.RaftServerImpl (RaftServerImpl.java:setRole(174)) - 6af71f09-eab3-4645-8883-a2b3665a1ca1@group-B04AC77420B8: changes role from  FOLLOWER to CANDIDATE at term 1 for changeToCandidate
2019-09-24 06:22:25,150 [Thread-2949] INFO  impl.RoleInfo (RoleInfo.java:updateAndGet(143)) - 6af71f09-eab3-4645-8883-a2b3665a1ca1: start LeaderElection
2019-09-24 06:22:25,153 [6af71f09-eab3-4645-8883-a2b3665a1ca1@group-B04AC77420B8:LeaderElection67] INFO  impl.RaftServerImpl (ServerState.java:setLeader(253)) - 6af71f09-eab3-4645-8883-a2b3665a1ca1@group-B04AC77420B8: change Leader from b1e67946-c9ea-4459-831d-c4b76e7bce93 to null at term 1 for initElection
2019-09-24 06:22:25,164 [6af71f09-eab3-4645-8883-a2b3665a1ca1@group-B04AC77420B8:LeaderElection67] INFO  impl.LeaderElection (LeaderElection.java:askForVotes(182)) - 6af71f09-eab3-4645-8883-a2b3665a1ca1@group-B04AC77420B8:LeaderElection67: begin an election at term 2 for 0: [b1e67946-c9ea-4459-831d-c4b76e7bce93:192.168.151.91:35185, 6af71f09-eab3-4645-8883-a2b3665a1ca1:192.168.151.91:45219, c80bdc58-8b99-461e-b3c1-5966c3d571a0:192.168.151.91:46271], old=null
2019-09-24 06:22:25,164 [c80bdc58-8b99-461e-b3c1-5966c3d571a0@group-B04AC77420B8:LeaderElection66] INFO  impl.LeaderElection (LeaderElection.java:askForVotes(182)) - c80bdc58-8b99-461e-b3c1-5966c3d571a0@group-B04AC77420B8:LeaderElection66: begin an election at term 2 for 0: [b1e67946-c9ea-4459-831d-c4b76e7bce93:192.168.151.91:35185, 6af71f09-eab3-4645-8883-a2b3665a1ca1:192.168.151.91:45219, c80bdc58-8b99-461e-b3c1-5966c3d571a0:192.168.151.91:46271], old=null
2019-09-24 06:22:25,168 [6af71f09-eab3-4645-8883-a2b3665a1ca1@group-B04AC77420B8:LeaderElection67] INFO  impl.LeaderElection (LogUtils.java:infoOrTrace(149)) - 6af71f09-eab3-4645-8883-a2b3665a1ca1@group-B04AC77420B8:LeaderElection67 got exception when requesting votes: {}
java.util.concurrent.ExecutionException: org.apache.ratis.thirdparty.io.grpc.StatusRuntimeException: UNAVAILABLE: io exception
	at java.util.concurrent.FutureTask.report(FutureTask.java:122)
	at java.util.concurrent.FutureTask.get(FutureTask.java:192)
	at org.apache.ratis.server.impl.LeaderElection.waitForResults(LeaderElection.java:263)
	at org.apache.ratis.server.impl.LeaderElection.askForVotes(LeaderElection.java:201)
	at org.apache.ratis.server.impl.LeaderElection.run(LeaderElection.java:133)
	at java.lang.Thread.run(Thread.java:748)
Caused by: org.apache.ratis.thirdparty.io.grpc.StatusRuntimeException: UNAVAILABLE: io exception
	at org.apache.ratis.thirdparty.io.grpc.stub.ClientCalls.toStatusRuntimeException(ClientCalls.java:233)
	at org.apache.ratis.thirdparty.io.grpc.stub.ClientCalls.getUnchecked(ClientCalls.java:214)
	at org.apache.ratis.thirdparty.io.grpc.stub.ClientCalls.blockingUnaryCall(ClientCalls.java:139)
	at org.apache.ratis.proto.grpc.RaftServerProtocolServiceGrpc$RaftServerProtocolServiceBlockingStub.requestVote(RaftServerProtocolServiceGrpc.java:265)
	at org.apache.ratis.grpc.server.GrpcServerProtocolClient.requestVote(GrpcServerProtocolClient.java:90)
	at org.apache.ratis.grpc.server.GrpcService.requestVote(GrpcService.java:204)
	at org.apache.ratis.server.impl.LeaderElection.lambda$submitRequests$1(LeaderElection.java:238)
	at java.util.concurrent.FutureTask.run(FutureTask.java:266)
	at java.util.concurrent.Executors$RunnableAdapter.call(Executors.java:511)
	at java.util.concurrent.FutureTask.run(FutureTask.java:266)
	at java.util.concurrent.ThreadPoolExecutor.runWorker(ThreadPoolExecutor.java:1149)
	at java.util.concurrent.ThreadPoolExecutor$Worker.run(ThreadPoolExecutor.java:624)
	... 1 more
Caused by: org.apache.ratis.thirdparty.io.netty.channel.AbstractChannel$AnnotatedConnectException: Connection refused: /192.168.151.91:35185
	at sun.nio.ch.SocketChannelImpl.checkConnect(Native Method)
	at sun.nio.ch.SocketChannelImpl.finishConnect(SocketChannelImpl.java:717)
	at org.apache.ratis.thirdparty.io.netty.channel.socket.nio.NioSocketChannel.doFinishConnect(NioSocketChannel.java:327)
	at org.apache.ratis.thirdparty.io.netty.channel.nio.AbstractNioChannel$AbstractNioUnsafe.finishConnect(AbstractNioChannel.java:340)
	at org.apache.ratis.thirdparty.io.netty.channel.nio.NioEventLoop.processSelectedKey(NioEventLoop.java:632)
	at org.apache.ratis.thirdparty.io.netty.channel.nio.NioEventLoop.processSelectedKeysOptimized(NioEventLoop.java:579)
	at org.apache.ratis.thirdparty.io.netty.channel.nio.NioEventLoop.processSelectedKeys(NioEventLoop.java:496)
	at org.apache.ratis.thirdparty.io.netty.channel.nio.NioEventLoop.run(NioEventLoop.java:458)
	at org.apache.ratis.thirdparty.io.netty.util.concurrent.SingleThreadEventExecutor$5.run(SingleThreadEventExecutor.java:897)
	at org.apache.ratis.thirdparty.io.netty.util.concurrent.FastThreadLocalRunnable.run(FastThreadLocalRunnable.java:30)
	... 1 more
Caused by: java.net.ConnectException: Connection refused
	... 11 more
2019-09-24 06:22:25,168 [c80bdc58-8b99-461e-b3c1-5966c3d571a0@group-B04AC77420B8:LeaderElection66] INFO  impl.LeaderElection (LogUtils.java:infoOrTrace(149)) - c80bdc58-8b99-461e-b3c1-5966c3d571a0@group-B04AC77420B8:LeaderElection66 got exception when requesting votes: {}
java.util.concurrent.ExecutionException: org.apache.ratis.thirdparty.io.grpc.StatusRuntimeException: UNAVAILABLE: io exception
	at java.util.concurrent.FutureTask.report(FutureTask.java:122)
	at java.util.concurrent.FutureTask.get(FutureTask.java:192)
	at org.apache.ratis.server.impl.LeaderElection.waitForResults(LeaderElection.java:263)
	at org.apache.ratis.server.impl.LeaderElection.askForVotes(LeaderElection.java:201)
	at org.apache.ratis.server.impl.LeaderElection.run(LeaderElection.java:133)
	at java.lang.Thread.run(Thread.java:748)
Caused by: org.apache.ratis.thirdparty.io.grpc.StatusRuntimeException: UNAVAILABLE: io exception
	at org.apache.ratis.thirdparty.io.grpc.stub.ClientCalls.toStatusRuntimeException(ClientCalls.java:233)
	at org.apache.ratis.thirdparty.io.grpc.stub.ClientCalls.getUnchecked(ClientCalls.java:214)
	at org.apache.ratis.thirdparty.io.grpc.stub.ClientCalls.blockingUnaryCall(ClientCalls.java:139)
	at org.apache.ratis.proto.grpc.RaftServerProtocolServiceGrpc$RaftServerProtocolServiceBlockingStub.requestVote(RaftServerProtocolServiceGrpc.java:265)
	at org.apache.ratis.grpc.server.GrpcServerProtocolClient.requestVote(GrpcServerProtocolClient.java:90)
	at org.apache.ratis.grpc.server.GrpcService.requestVote(GrpcService.java:204)
	at org.apache.ratis.server.impl.LeaderElection.lambda$submitRequests$1(LeaderElection.java:238)
	at java.util.concurrent.FutureTask.run(FutureTask.java:266)
	at java.util.concurrent.Executors$RunnableAdapter.call(Executors.java:511)
	at java.util.concurrent.FutureTask.run(FutureTask.java:266)
	at java.util.concurrent.ThreadPoolExecutor.runWorker(ThreadPoolExecutor.java:1149)
	at java.util.concurrent.ThreadPoolExecutor$Worker.run(ThreadPoolExecutor.java:624)
	... 1 more
Caused by: org.apache.ratis.thirdparty.io.netty.channel.AbstractChannel$AnnotatedConnectException: Connection refused: /192.168.151.91:35185
	at sun.nio.ch.SocketChannelImpl.checkConnect(Native Method)
	at sun.nio.ch.SocketChannelImpl.finishConnect(SocketChannelImpl.java:717)
	at org.apache.ratis.thirdparty.io.netty.channel.socket.nio.NioSocketChannel.doFinishConnect(NioSocketChannel.java:327)
	at org.apache.ratis.thirdparty.io.netty.channel.nio.AbstractNioChannel$AbstractNioUnsafe.finishConnect(AbstractNioChannel.java:340)
	at org.apache.ratis.thirdparty.io.netty.channel.nio.NioEventLoop.processSelectedKey(NioEventLoop.java:632)
	at org.apache.ratis.thirdparty.io.netty.channel.nio.NioEventLoop.processSelectedKeysOptimized(NioEventLoop.java:579)
	at org.apache.ratis.thirdparty.io.netty.channel.nio.NioEventLoop.processSelectedKeys(NioEventLoop.java:496)
	at org.apache.ratis.thirdparty.io.netty.channel.nio.NioEventLoop.run(NioEventLoop.java:458)
	at org.apache.ratis.thirdparty.io.netty.util.concurrent.SingleThreadEventExecutor$5.run(SingleThreadEventExecutor.java:897)
	at org.apache.ratis.thirdparty.io.netty.util.concurrent.FastThreadLocalRunnable.run(FastThreadLocalRunnable.java:30)
	... 1 more
Caused by: java.net.ConnectException: Connection refused
	... 11 more
2019-09-24 06:22:25,177 [6af71f09-eab3-4645-8883-a2b3665a1ca1@group-B04AC77420B8:LeaderElection67] INFO  impl.LeaderElection (LeaderElection.java:logAndReturn(56)) - 6af71f09-eab3-4645-8883-a2b3665a1ca1@group-B04AC77420B8:LeaderElection67: Election REJECTED; received 1 response(s) [6af71f09-eab3-4645-8883-a2b3665a1ca1<-c80bdc58-8b99-461e-b3c1-5966c3d571a0#0:FAIL-t2] and 1 exception(s); 6af71f09-eab3-4645-8883-a2b3665a1ca1@group-B04AC77420B8:t2, leader=null, voted=6af71f09-eab3-4645-8883-a2b3665a1ca1, raftlog=6af71f09-eab3-4645-8883-a2b3665a1ca1@group-B04AC77420B8-SegmentedRaftLog:OPENED:c16,f16,i16, conf=0: [b1e67946-c9ea-4459-831d-c4b76e7bce93:192.168.151.91:35185, 6af71f09-eab3-4645-8883-a2b3665a1ca1:192.168.151.91:45219, c80bdc58-8b99-461e-b3c1-5966c3d571a0:192.168.151.91:46271], old=null
2019-09-24 06:22:25,177 [c80bdc58-8b99-461e-b3c1-5966c3d571a0@group-B04AC77420B8:LeaderElection66] INFO  impl.LeaderElection (LeaderElection.java:logAndReturn(56)) - c80bdc58-8b99-461e-b3c1-5966c3d571a0@group-B04AC77420B8:LeaderElection66: Election REJECTED; received 1 response(s) [c80bdc58-8b99-461e-b3c1-5966c3d571a0<-6af71f09-eab3-4645-8883-a2b3665a1ca1#0:FAIL-t2] and 1 exception(s); c80bdc58-8b99-461e-b3c1-5966c3d571a0@group-B04AC77420B8:t2, leader=null, voted=c80bdc58-8b99-461e-b3c1-5966c3d571a0, raftlog=c80bdc58-8b99-461e-b3c1-5966c3d571a0@group-B04AC77420B8-SegmentedRaftLog:OPENED:c16,f16,i16, conf=0: [b1e67946-c9ea-4459-831d-c4b76e7bce93:192.168.151.91:35185, 6af71f09-eab3-4645-8883-a2b3665a1ca1:192.168.151.91:45219, c80bdc58-8b99-461e-b3c1-5966c3d571a0:192.168.151.91:46271], old=null
2019-09-24 06:22:25,177 [6af71f09-eab3-4645-8883-a2b3665a1ca1@group-B04AC77420B8:LeaderElection67] INFO  impl.LeaderElection (LogUtils.java:infoOrTrace(149)) -   Exception 0: {}
java.util.concurrent.ExecutionException: org.apache.ratis.thirdparty.io.grpc.StatusRuntimeException: UNAVAILABLE: io exception
	at java.util.concurrent.FutureTask.report(FutureTask.java:122)
	at java.util.concurrent.FutureTask.get(FutureTask.java:192)
	at org.apache.ratis.server.impl.LeaderElection.waitForResults(LeaderElection.java:263)
	at org.apache.ratis.server.impl.LeaderElection.askForVotes(LeaderElection.java:201)
	at org.apache.ratis.server.impl.LeaderElection.run(LeaderElection.java:133)
	at java.lang.Thread.run(Thread.java:748)
Caused by: org.apache.ratis.thirdparty.io.grpc.StatusRuntimeException: UNAVAILABLE: io exception
	at org.apache.ratis.thirdparty.io.grpc.stub.ClientCalls.toStatusRuntimeException(ClientCalls.java:233)
	at org.apache.ratis.thirdparty.io.grpc.stub.ClientCalls.getUnchecked(ClientCalls.java:214)
	at org.apache.ratis.thirdparty.io.grpc.stub.ClientCalls.blockingUnaryCall(ClientCalls.java:139)
	at org.apache.ratis.proto.grpc.RaftServerProtocolServiceGrpc$RaftServerProtocolServiceBlockingStub.requestVote(RaftServerProtocolServiceGrpc.java:265)
	at org.apache.ratis.grpc.server.GrpcServerProtocolClient.requestVote(GrpcServerProtocolClient.java:90)
	at org.apache.ratis.grpc.server.GrpcService.requestVote(GrpcService.java:204)
	at org.apache.ratis.server.impl.LeaderElection.lambda$submitRequests$1(LeaderElection.java:238)
	at java.util.concurrent.FutureTask.run(FutureTask.java:266)
	at java.util.concurrent.Executors$RunnableAdapter.call(Executors.java:511)
	at java.util.concurrent.FutureTask.run(FutureTask.java:266)
	at java.util.concurrent.ThreadPoolExecutor.runWorker(ThreadPoolExecutor.java:1149)
	at java.util.concurrent.ThreadPoolExecutor$Worker.run(ThreadPoolExecutor.java:624)
	... 1 more
Caused by: org.apache.ratis.thirdparty.io.netty.channel.AbstractChannel$AnnotatedConnectException: Connection refused: /192.168.151.91:35185
	at sun.nio.ch.SocketChannelImpl.checkConnect(Native Method)
	at sun.nio.ch.SocketChannelImpl.finishConnect(SocketChannelImpl.java:717)
	at org.apache.ratis.thirdparty.io.netty.channel.socket.nio.NioSocketChannel.doFinishConnect(NioSocketChannel.java:327)
	at org.apache.ratis.thirdparty.io.netty.channel.nio.AbstractNioChannel$AbstractNioUnsafe.finishConnect(AbstractNioChannel.java:340)
	at org.apache.ratis.thirdparty.io.netty.channel.nio.NioEventLoop.processSelectedKey(NioEventLoop.java:632)
	at org.apache.ratis.thirdparty.io.netty.channel.nio.NioEventLoop.processSelectedKeysOptimized(NioEventLoop.java:579)
	at org.apache.ratis.thirdparty.io.netty.channel.nio.NioEventLoop.processSelectedKeys(NioEventLoop.java:496)
	at org.apache.ratis.thirdparty.io.netty.channel.nio.NioEventLoop.run(NioEventLoop.java:458)
	at org.apache.ratis.thirdparty.io.netty.util.concurrent.SingleThreadEventExecutor$5.run(SingleThreadEventExecutor.java:897)
	at org.apache.ratis.thirdparty.io.netty.util.concurrent.FastThreadLocalRunnable.run(FastThreadLocalRunnable.java:30)
	... 1 more
Caused by: java.net.ConnectException: Connection refused
	... 11 more
2019-09-24 06:22:25,178 [c80bdc58-8b99-461e-b3c1-5966c3d571a0@group-B04AC77420B8:LeaderElection66] INFO  impl.LeaderElection (LogUtils.java:infoOrTrace(149)) -   Exception 0: {}
java.util.concurrent.ExecutionException: org.apache.ratis.thirdparty.io.grpc.StatusRuntimeException: UNAVAILABLE: io exception
	at java.util.concurrent.FutureTask.report(FutureTask.java:122)
	at java.util.concurrent.FutureTask.get(FutureTask.java:192)
	at org.apache.ratis.server.impl.LeaderElection.waitForResults(LeaderElection.java:263)
	at org.apache.ratis.server.impl.LeaderElection.askForVotes(LeaderElection.java:201)
	at org.apache.ratis.server.impl.LeaderElection.run(LeaderElection.java:133)
	at java.lang.Thread.run(Thread.java:748)
Caused by: org.apache.ratis.thirdparty.io.grpc.StatusRuntimeException: UNAVAILABLE: io exception
	at org.apache.ratis.thirdparty.io.grpc.stub.ClientCalls.toStatusRuntimeException(ClientCalls.java:233)
	at org.apache.ratis.thirdparty.io.grpc.stub.ClientCalls.getUnchecked(ClientCalls.java:214)
	at org.apache.ratis.thirdparty.io.grpc.stub.ClientCalls.blockingUnaryCall(ClientCalls.java:139)
	at org.apache.ratis.proto.grpc.RaftServerProtocolServiceGrpc$RaftServerProtocolServiceBlockingStub.requestVote(RaftServerProtocolServiceGrpc.java:265)
	at org.apache.ratis.grpc.server.GrpcServerProtocolClient.requestVote(GrpcServerProtocolClient.java:90)
	at org.apache.ratis.grpc.server.GrpcService.requestVote(GrpcService.java:204)
	at org.apache.ratis.server.impl.LeaderElection.lambda$submitRequests$1(LeaderElection.java:238)
	at java.util.concurrent.FutureTask.run(FutureTask.java:266)
	at java.util.concurrent.Executors$RunnableAdapter.call(Executors.java:511)
	at java.util.concurrent.FutureTask.run(FutureTask.java:266)
	at java.util.concurrent.ThreadPoolExecutor.runWorker(ThreadPoolExecutor.java:1149)
	at java.util.concurrent.ThreadPoolExecutor$Worker.run(ThreadPoolExecutor.java:624)
	... 1 more
Caused by: org.apache.ratis.thirdparty.io.netty.channel.AbstractChannel$AnnotatedConnectException: Connection refused: /192.168.151.91:35185
	at sun.nio.ch.SocketChannelImpl.checkConnect(Native Method)
	at sun.nio.ch.SocketChannelImpl.finishConnect(SocketChannelImpl.java:717)
	at org.apache.ratis.thirdparty.io.netty.channel.socket.nio.NioSocketChannel.doFinishConnect(NioSocketChannel.java:327)
	at org.apache.ratis.thirdparty.io.netty.channel.nio.AbstractNioChannel$AbstractNioUnsafe.finishConnect(AbstractNioChannel.java:340)
	at org.apache.ratis.thirdparty.io.netty.channel.nio.NioEventLoop.processSelectedKey(NioEventLoop.java:632)
	at org.apache.ratis.thirdparty.io.netty.channel.nio.NioEventLoop.processSelectedKeysOptimized(NioEventLoop.java:579)
	at org.apache.ratis.thirdparty.io.netty.channel.nio.NioEventLoop.processSelectedKeys(NioEventLoop.java:496)
	at org.apache.ratis.thirdparty.io.netty.channel.nio.NioEventLoop.run(NioEventLoop.java:458)
	at org.apache.ratis.thirdparty.io.netty.util.concurrent.SingleThreadEventExecutor$5.run(SingleThreadEventExecutor.java:897)
	at org.apache.ratis.thirdparty.io.netty.util.concurrent.FastThreadLocalRunnable.run(FastThreadLocalRunnable.java:30)
	... 1 more
Caused by: java.net.ConnectException: Connection refused
	... 11 more
2019-09-24 06:22:25,181 [6af71f09-eab3-4645-8883-a2b3665a1ca1@group-B04AC77420B8:LeaderElection67] INFO  impl.RaftServerImpl (RaftServerImpl.java:setRole(174)) - 6af71f09-eab3-4645-8883-a2b3665a1ca1@group-B04AC77420B8: changes role from CANDIDATE to FOLLOWER at term 2 for DISCOVERED_A_NEW_TERM
2019-09-24 06:22:25,184 [c80bdc58-8b99-461e-b3c1-5966c3d571a0@group-B04AC77420B8:LeaderElection66] INFO  impl.RaftServerImpl (RaftServerImpl.java:setRole(174)) - c80bdc58-8b99-461e-b3c1-5966c3d571a0@group-B04AC77420B8: changes role from CANDIDATE to FOLLOWER at term 2 for DISCOVERED_A_NEW_TERM
2019-09-24 06:22:25,184 [6af71f09-eab3-4645-8883-a2b3665a1ca1@group-B04AC77420B8:LeaderElection67] INFO  impl.RoleInfo (RoleInfo.java:shutdownLeaderElection(134)) - 6af71f09-eab3-4645-8883-a2b3665a1ca1: shutdown LeaderElection
2019-09-24 06:22:25,184 [c80bdc58-8b99-461e-b3c1-5966c3d571a0@group-B04AC77420B8:LeaderElection66] INFO  impl.RoleInfo (RoleInfo.java:shutdownLeaderElection(134)) - c80bdc58-8b99-461e-b3c1-5966c3d571a0: shutdown LeaderElection
2019-09-24 06:22:25,184 [6af71f09-eab3-4645-8883-a2b3665a1ca1@group-B04AC77420B8:LeaderElection67] INFO  impl.RoleInfo (RoleInfo.java:updateAndGet(143)) - 6af71f09-eab3-4645-8883-a2b3665a1ca1: start FollowerState
2019-09-24 06:22:25,184 [c80bdc58-8b99-461e-b3c1-5966c3d571a0@group-B04AC77420B8:LeaderElection66] INFO  impl.RoleInfo (RoleInfo.java:updateAndGet(143)) - c80bdc58-8b99-461e-b3c1-5966c3d571a0: start FollowerState
2019-09-24 06:22:30,336 [Thread-3077] INFO  impl.FollowerState (FollowerState.java:run(106)) - 6af71f09-eab3-4645-8883-a2b3665a1ca1:group-B04AC77420B8 changes to CANDIDATE, lastRpcTime:5151, electionTimeout:5151ms
2019-09-24 06:22:30,337 [Thread-3077] INFO  impl.RoleInfo (RoleInfo.java:shutdownFollowerState(121)) - 6af71f09-eab3-4645-8883-a2b3665a1ca1: shutdown FollowerState
2019-09-24 06:22:30,337 [Thread-3077] INFO  impl.RaftServerImpl (RaftServerImpl.java:setRole(174)) - 6af71f09-eab3-4645-8883-a2b3665a1ca1@group-B04AC77420B8: changes role from  FOLLOWER to CANDIDATE at term 2 for changeToCandidate
2019-09-24 06:22:30,337 [Thread-3077] INFO  impl.RoleInfo (RoleInfo.java:updateAndGet(143)) - 6af71f09-eab3-4645-8883-a2b3665a1ca1: start LeaderElection
2019-09-24 06:22:30,356 [6af71f09-eab3-4645-8883-a2b3665a1ca1@group-B04AC77420B8:LeaderElection68] INFO  impl.LeaderElection (LeaderElection.java:askForVotes(182)) - 6af71f09-eab3-4645-8883-a2b3665a1ca1@group-B04AC77420B8:LeaderElection68: begin an election at term 3 for 0: [b1e67946-c9ea-4459-831d-c4b76e7bce93:192.168.151.91:35185, 6af71f09-eab3-4645-8883-a2b3665a1ca1:192.168.151.91:45219, c80bdc58-8b99-461e-b3c1-5966c3d571a0:192.168.151.91:46271], old=null
2019-09-24 06:22:30,358 [6af71f09-eab3-4645-8883-a2b3665a1ca1@group-B04AC77420B8:LeaderElection68] INFO  impl.LeaderElection (LogUtils.java:infoOrTrace(149)) - 6af71f09-eab3-4645-8883-a2b3665a1ca1@group-B04AC77420B8:LeaderElection68 got exception when requesting votes: {}
java.util.concurrent.ExecutionException: org.apache.ratis.thirdparty.io.grpc.StatusRuntimeException: UNAVAILABLE: io exception
	at java.util.concurrent.FutureTask.report(FutureTask.java:122)
	at java.util.concurrent.FutureTask.get(FutureTask.java:192)
	at org.apache.ratis.server.impl.LeaderElection.waitForResults(LeaderElection.java:263)
	at org.apache.ratis.server.impl.LeaderElection.askForVotes(LeaderElection.java:201)
	at org.apache.ratis.server.impl.LeaderElection.run(LeaderElection.java:133)
	at java.lang.Thread.run(Thread.java:748)
Caused by: org.apache.ratis.thirdparty.io.grpc.StatusRuntimeException: UNAVAILABLE: io exception
	at org.apache.ratis.thirdparty.io.grpc.stub.ClientCalls.toStatusRuntimeException(ClientCalls.java:233)
	at org.apache.ratis.thirdparty.io.grpc.stub.ClientCalls.getUnchecked(ClientCalls.java:214)
	at org.apache.ratis.thirdparty.io.grpc.stub.ClientCalls.blockingUnaryCall(ClientCalls.java:139)
	at org.apache.ratis.proto.grpc.RaftServerProtocolServiceGrpc$RaftServerProtocolServiceBlockingStub.requestVote(RaftServerProtocolServiceGrpc.java:265)
	at org.apache.ratis.grpc.server.GrpcServerProtocolClient.requestVote(GrpcServerProtocolClient.java:90)
	at org.apache.ratis.grpc.server.GrpcService.requestVote(GrpcService.java:204)
	at org.apache.ratis.server.impl.LeaderElection.lambda$submitRequests$1(LeaderElection.java:238)
	at java.util.concurrent.FutureTask.run(FutureTask.java:266)
	at java.util.concurrent.Executors$RunnableAdapter.call(Executors.java:511)
	at java.util.concurrent.FutureTask.run(FutureTask.java:266)
	at java.util.concurrent.ThreadPoolExecutor.runWorker(ThreadPoolExecutor.java:1149)
	at java.util.concurrent.ThreadPoolExecutor$Worker.run(ThreadPoolExecutor.java:624)
	... 1 more
Caused by: org.apache.ratis.thirdparty.io.netty.channel.AbstractChannel$AnnotatedConnectException: Connection refused: /192.168.151.91:35185
	at sun.nio.ch.SocketChannelImpl.checkConnect(Native Method)
	at sun.nio.ch.SocketChannelImpl.finishConnect(SocketChannelImpl.java:717)
	at org.apache.ratis.thirdparty.io.netty.channel.socket.nio.NioSocketChannel.doFinishConnect(NioSocketChannel.java:327)
	at org.apache.ratis.thirdparty.io.netty.channel.nio.AbstractNioChannel$AbstractNioUnsafe.finishConnect(AbstractNioChannel.java:340)
	at org.apache.ratis.thirdparty.io.netty.channel.nio.NioEventLoop.processSelectedKey(NioEventLoop.java:632)
	at org.apache.ratis.thirdparty.io.netty.channel.nio.NioEventLoop.processSelectedKeysOptimized(NioEventLoop.java:579)
	at org.apache.ratis.thirdparty.io.netty.channel.nio.NioEventLoop.processSelectedKeys(NioEventLoop.java:496)
	at org.apache.ratis.thirdparty.io.netty.channel.nio.NioEventLoop.run(NioEventLoop.java:458)
	at org.apache.ratis.thirdparty.io.netty.util.concurrent.SingleThreadEventExecutor$5.run(SingleThreadEventExecutor.java:897)
	at org.apache.ratis.thirdparty.io.netty.util.concurrent.FastThreadLocalRunnable.run(FastThreadLocalRunnable.java:30)
	... 1 more
Caused by: java.net.ConnectException: Connection refused
	... 11 more
2019-09-24 06:22:30,362 [grpc-default-executor-6] INFO  impl.RaftServerImpl (RaftServerImpl.java:setRole(174)) - c80bdc58-8b99-461e-b3c1-5966c3d571a0@group-B04AC77420B8: changes role from  FOLLOWER to FOLLOWER at term 3 for recognizeCandidate:6af71f09-eab3-4645-8883-a2b3665a1ca1
2019-09-24 06:22:30,363 [grpc-default-executor-6] INFO  impl.RoleInfo (RoleInfo.java:shutdownFollowerState(121)) - c80bdc58-8b99-461e-b3c1-5966c3d571a0: shutdown FollowerState
2019-09-24 06:22:30,363 [grpc-default-executor-6] INFO  impl.RoleInfo (RoleInfo.java:updateAndGet(143)) - c80bdc58-8b99-461e-b3c1-5966c3d571a0: start FollowerState
2019-09-24 06:22:30,363 [Thread-3078] INFO  impl.FollowerState (FollowerState.java:run(115)) - c80bdc58-8b99-461e-b3c1-5966c3d571a0: FollowerState was interrupted: java.lang.InterruptedException: sleep interrupted
2019-09-24 06:22:30,382 [6af71f09-eab3-4645-8883-a2b3665a1ca1@group-B04AC77420B8:LeaderElection68] INFO  impl.LeaderElection (LeaderElection.java:logAndReturn(56)) - 6af71f09-eab3-4645-8883-a2b3665a1ca1@group-B04AC77420B8:LeaderElection68: Election PASSED; received 1 response(s) [6af71f09-eab3-4645-8883-a2b3665a1ca1<-c80bdc58-8b99-461e-b3c1-5966c3d571a0#0:OK-t3] and 1 exception(s); 6af71f09-eab3-4645-8883-a2b3665a1ca1@group-B04AC77420B8:t3, leader=null, voted=6af71f09-eab3-4645-8883-a2b3665a1ca1, raftlog=6af71f09-eab3-4645-8883-a2b3665a1ca1@group-B04AC77420B8-SegmentedRaftLog:OPENED:c16,f16,i16, conf=0: [b1e67946-c9ea-4459-831d-c4b76e7bce93:192.168.151.91:35185, 6af71f09-eab3-4645-8883-a2b3665a1ca1:192.168.151.91:45219, c80bdc58-8b99-461e-b3c1-5966c3d571a0:192.168.151.91:46271], old=null
2019-09-24 06:22:30,383 [6af71f09-eab3-4645-8883-a2b3665a1ca1@group-B04AC77420B8:LeaderElection68] INFO  impl.LeaderElection (LogUtils.java:infoOrTrace(149)) -   Exception 0: {}
java.util.concurrent.ExecutionException: org.apache.ratis.thirdparty.io.grpc.StatusRuntimeException: UNAVAILABLE: io exception
	at java.util.concurrent.FutureTask.report(FutureTask.java:122)
	at java.util.concurrent.FutureTask.get(FutureTask.java:192)
	at org.apache.ratis.server.impl.LeaderElection.waitForResults(LeaderElection.java:263)
	at org.apache.ratis.server.impl.LeaderElection.askForVotes(LeaderElection.java:201)
	at org.apache.ratis.server.impl.LeaderElection.run(LeaderElection.java:133)
	at java.lang.Thread.run(Thread.java:748)
Caused by: org.apache.ratis.thirdparty.io.grpc.StatusRuntimeException: UNAVAILABLE: io exception
	at org.apache.ratis.thirdparty.io.grpc.stub.ClientCalls.toStatusRuntimeException(ClientCalls.java:233)
	at org.apache.ratis.thirdparty.io.grpc.stub.ClientCalls.getUnchecked(ClientCalls.java:214)
	at org.apache.ratis.thirdparty.io.grpc.stub.ClientCalls.blockingUnaryCall(ClientCalls.java:139)
	at org.apache.ratis.proto.grpc.RaftServerProtocolServiceGrpc$RaftServerProtocolServiceBlockingStub.requestVote(RaftServerProtocolServiceGrpc.java:265)
	at org.apache.ratis.grpc.server.GrpcServerProtocolClient.requestVote(GrpcServerProtocolClient.java:90)
	at org.apache.ratis.grpc.server.GrpcService.requestVote(GrpcService.java:204)
	at org.apache.ratis.server.impl.LeaderElection.lambda$submitRequests$1(LeaderElection.java:238)
	at java.util.concurrent.FutureTask.run(FutureTask.java:266)
	at java.util.concurrent.Executors$RunnableAdapter.call(Executors.java:511)
	at java.util.concurrent.FutureTask.run(FutureTask.java:266)
	at java.util.concurrent.ThreadPoolExecutor.runWorker(ThreadPoolExecutor.java:1149)
	at java.util.concurrent.ThreadPoolExecutor$Worker.run(ThreadPoolExecutor.java:624)
	... 1 more
Caused by: org.apache.ratis.thirdparty.io.netty.channel.AbstractChannel$AnnotatedConnectException: Connection refused: /192.168.151.91:35185
	at sun.nio.ch.SocketChannelImpl.checkConnect(Native Method)
	at sun.nio.ch.SocketChannelImpl.finishConnect(SocketChannelImpl.java:717)
	at org.apache.ratis.thirdparty.io.netty.channel.socket.nio.NioSocketChannel.doFinishConnect(NioSocketChannel.java:327)
	at org.apache.ratis.thirdparty.io.netty.channel.nio.AbstractNioChannel$AbstractNioUnsafe.finishConnect(AbstractNioChannel.java:340)
	at org.apache.ratis.thirdparty.io.netty.channel.nio.NioEventLoop.processSelectedKey(NioEventLoop.java:632)
	at org.apache.ratis.thirdparty.io.netty.channel.nio.NioEventLoop.processSelectedKeysOptimized(NioEventLoop.java:579)
	at org.apache.ratis.thirdparty.io.netty.channel.nio.NioEventLoop.processSelectedKeys(NioEventLoop.java:496)
	at org.apache.ratis.thirdparty.io.netty.channel.nio.NioEventLoop.run(NioEventLoop.java:458)
	at org.apache.ratis.thirdparty.io.netty.util.concurrent.SingleThreadEventExecutor$5.run(SingleThreadEventExecutor.java:897)
	at org.apache.ratis.thirdparty.io.netty.util.concurrent.FastThreadLocalRunnable.run(FastThreadLocalRunnable.java:30)
	... 1 more
Caused by: java.net.ConnectException: Connection refused
	... 11 more
2019-09-24 06:22:30,383 [6af71f09-eab3-4645-8883-a2b3665a1ca1@group-B04AC77420B8:LeaderElection68] INFO  impl.RoleInfo (RoleInfo.java:shutdownLeaderElection(134)) - 6af71f09-eab3-4645-8883-a2b3665a1ca1: shutdown LeaderElection
2019-09-24 06:22:30,384 [6af71f09-eab3-4645-8883-a2b3665a1ca1@group-B04AC77420B8:LeaderElection68] INFO  impl.RaftServerImpl (RaftServerImpl.java:setRole(174)) - 6af71f09-eab3-4645-8883-a2b3665a1ca1@group-B04AC77420B8: changes role from CANDIDATE to LEADER at term 3 for changeToLeader
2019-09-24 06:22:30,384 [6af71f09-eab3-4645-8883-a2b3665a1ca1@group-B04AC77420B8:LeaderElection68] INFO  impl.RaftServerImpl (ServerState.java:setLeader(253)) - 6af71f09-eab3-4645-8883-a2b3665a1ca1@group-B04AC77420B8: change Leader from null to 6af71f09-eab3-4645-8883-a2b3665a1ca1 at term 3 for becomeLeader, leader elected after 5230ms
2019-09-24 06:22:30,384 [6af71f09-eab3-4645-8883-a2b3665a1ca1@group-B04AC77420B8:LeaderElection68] INFO  server.RaftServerConfigKeys (ConfUtils.java:logGet(43)) - raft.server.staging.catchup.gap = 1000 (default)
2019-09-24 06:22:30,384 [6af71f09-eab3-4645-8883-a2b3665a1ca1@group-B04AC77420B8:LeaderElection68] INFO  server.RaftServerConfigKeys (ConfUtils.java:logGet(43)) - raft.server.rpc.sleep.time = 25ms (default)
2019-09-24 06:22:30,385 [6af71f09-eab3-4645-8883-a2b3665a1ca1@group-B04AC77420B8:LeaderElection68] INFO  server.RaftServerConfigKeys (ConfUtils.java:logGet(43)) - raft.server.write.element-limit = 4096 (default)
2019-09-24 06:22:30,385 [6af71f09-eab3-4645-8883-a2b3665a1ca1@group-B04AC77420B8:LeaderElection68] INFO  server.RaftServerConfigKeys (ConfUtils.java:logGet(43)) - raft.server.watch.timeout = 10s (default)
2019-09-24 06:22:30,385 [6af71f09-eab3-4645-8883-a2b3665a1ca1@group-B04AC77420B8:LeaderElection68] INFO  server.RaftServerConfigKeys (ConfUtils.java:logGet(43)) - raft.server.watch.timeout.denomination = 1s (default)
2019-09-24 06:22:30,385 [6af71f09-eab3-4645-8883-a2b3665a1ca1@group-B04AC77420B8:LeaderElection68] INFO  server.RaftServerConfigKeys (ConfUtils.java:logGet(43)) - raft.server.watch.element-limit = 65536 (default)
2019-09-24 06:22:30,390 [6af71f09-eab3-4645-8883-a2b3665a1ca1@group-B04AC77420B8:LeaderElection68] INFO  server.RaftServerConfigKeys (ConfUtils.java:logGet(43)) - raft.server.log.appender.snapshot.chunk.size.max = 16MB (=16777216) (default)
2019-09-24 06:22:30,390 [6af71f09-eab3-4645-8883-a2b3665a1ca1@group-B04AC77420B8:LeaderElection68] INFO  server.RaftServerConfigKeys (ConfUtils.java:logGet(43)) - raft.server.log.appender.buffer.byte-limit = 33554432 (custom)
2019-09-24 06:22:30,391 [6af71f09-eab3-4645-8883-a2b3665a1ca1@group-B04AC77420B8:LeaderElection68] INFO  server.RaftServerConfigKeys (ConfUtils.java:logGet(43)) - raft.server.log.appender.buffer.element-limit = 1 (custom)
2019-09-24 06:22:30,391 [6af71f09-eab3-4645-8883-a2b3665a1ca1@group-B04AC77420B8:LeaderElection68] INFO  grpc.GrpcConfigKeys$Server (ConfUtils.java:logGet(43)) - raft.grpc.server.leader.outstanding.appends.max = 128 (default)
2019-09-24 06:22:30,391 [6af71f09-eab3-4645-8883-a2b3665a1ca1@group-B04AC77420B8:LeaderElection68] INFO  server.RaftServerConfigKeys (ConfUtils.java:logGet(43)) - raft.server.rpc.request.timeout = 3000ms (default)
2019-09-24 06:22:30,392 [6af71f09-eab3-4645-8883-a2b3665a1ca1@group-B04AC77420B8:LeaderElection68] INFO  server.RaftServerConfigKeys (ConfUtils.java:logGet(43)) - raft.server.log.appender.install.snapshot.enabled = false (custom)
2019-09-24 06:22:30,392 [6af71f09-eab3-4645-8883-a2b3665a1ca1@group-B04AC77420B8:LeaderElection68] INFO  server.RaftServerConfigKeys (ConfUtils.java:logGet(43)) - raft.server.log.appender.snapshot.chunk.size.max = 16MB (=16777216) (default)
2019-09-24 06:22:30,392 [6af71f09-eab3-4645-8883-a2b3665a1ca1@group-B04AC77420B8:LeaderElection68] INFO  server.RaftServerConfigKeys (ConfUtils.java:logGet(43)) - raft.server.log.appender.buffer.byte-limit = 33554432 (custom)
2019-09-24 06:22:30,392 [6af71f09-eab3-4645-8883-a2b3665a1ca1@group-B04AC77420B8:LeaderElection68] INFO  server.RaftServerConfigKeys (ConfUtils.java:logGet(43)) - raft.server.log.appender.buffer.element-limit = 1 (custom)
2019-09-24 06:22:30,393 [6af71f09-eab3-4645-8883-a2b3665a1ca1@group-B04AC77420B8:LeaderElection68] INFO  grpc.GrpcConfigKeys$Server (ConfUtils.java:logGet(43)) - raft.grpc.server.leader.outstanding.appends.max = 128 (default)
2019-09-24 06:22:30,393 [6af71f09-eab3-4645-8883-a2b3665a1ca1@group-B04AC77420B8:LeaderElection68] INFO  server.RaftServerConfigKeys (ConfUtils.java:logGet(43)) - raft.server.rpc.request.timeout = 3000ms (default)
2019-09-24 06:22:30,393 [6af71f09-eab3-4645-8883-a2b3665a1ca1@group-B04AC77420B8:LeaderElection68] INFO  server.RaftServerConfigKeys (ConfUtils.java:logGet(43)) - raft.server.log.appender.install.snapshot.enabled = false (custom)
2019-09-24 06:22:30,394 [6af71f09-eab3-4645-8883-a2b3665a1ca1@group-B04AC77420B8:LeaderElection68] INFO  impl.RoleInfo (RoleInfo.java:updateAndGet(143)) - 6af71f09-eab3-4645-8883-a2b3665a1ca1: start LeaderState
2019-09-24 06:22:30,394 [6af71f09-eab3-4645-8883-a2b3665a1ca1@group-B04AC77420B8:LeaderElection68] INFO  segmented.SegmentedRaftLogWorker (SegmentedRaftLogWorker.java:rollLogSegment(385)) - 6af71f09-eab3-4645-8883-a2b3665a1ca1@group-B04AC77420B8-SegmentedRaftLogWorker: Rolling segment log-0_16 to index:16
2019-09-24 06:22:30,396 [6af71f09-eab3-4645-8883-a2b3665a1ca1@group-B04AC77420B8-SegmentedRaftLogWorker] INFO  segmented.SegmentedRaftLogWorker (SegmentedRaftLogWorker.java:execute(526)) - 6af71f09-eab3-4645-8883-a2b3665a1ca1@group-B04AC77420B8-SegmentedRaftLogWorker: Rolled log segment from /workdir/hadoop-ozone/integration-test/target/test-dir/MiniOzoneClusterImpl-a40bf951-cab5-4b8a-b522-79b69e6c8739/datanode-1/data/ratis/4d49162f-3fa5-486f-961c-b04ac77420b8/current/log_inprogress_0 to /workdir/hadoop-ozone/integration-test/target/test-dir/MiniOzoneClusterImpl-a40bf951-cab5-4b8a-b522-79b69e6c8739/datanode-1/data/ratis/4d49162f-3fa5-486f-961c-b04ac77420b8/current/log_0-16
2019-09-24 06:22:30,396 [6af71f09-eab3-4645-8883-a2b3665a1ca1@group-B04AC77420B8:LeaderElection68] INFO  impl.RaftServerImpl (ServerState.java:setRaftConf(354)) - 6af71f09-eab3-4645-8883-a2b3665a1ca1@group-B04AC77420B8: set configuration 17: [b1e67946-c9ea-4459-831d-c4b76e7bce93:192.168.151.91:35185, 6af71f09-eab3-4645-8883-a2b3665a1ca1:192.168.151.91:45219, c80bdc58-8b99-461e-b3c1-5966c3d571a0:192.168.151.91:46271], old=null at 17
2019-09-24 06:22:30,399 [grpc-default-executor-6] WARN  server.GrpcLogAppender (LogUtils.java:warn(134)) - 6af71f09-eab3-4645-8883-a2b3665a1ca1@group-B04AC77420B8->b1e67946-c9ea-4459-831d-c4b76e7bce93-AppendLogResponseHandler: Failed appendEntries: org.apache.ratis.thirdparty.io.grpc.StatusRuntimeException: UNAVAILABLE: io exception
2019-09-24 06:22:30,403 [grpc-default-executor-6] INFO  impl.FollowerInfo (FollowerInfo.java:lambda$new$0(51)) - 6af71f09-eab3-4645-8883-a2b3665a1ca1@group-B04AC77420B8->b1e67946-c9ea-4459-831d-c4b76e7bce93: nextIndex: updateUnconditionally 17 -> 1
2019-09-24 06:22:30,404 [grpc-default-executor-6] INFO  impl.RaftServerImpl (ServerState.java:setLeader(253)) - c80bdc58-8b99-461e-b3c1-5966c3d571a0@group-B04AC77420B8: change Leader from null to 6af71f09-eab3-4645-8883-a2b3665a1ca1 at term 3 for appendEntries, leader elected after 5263ms
2019-09-24 06:22:30,407 [grpc-default-executor-6] INFO  impl.RaftServerImpl (ServerState.java:setRaftConf(354)) - c80bdc58-8b99-461e-b3c1-5966c3d571a0@group-B04AC77420B8: set configuration 17: [b1e67946-c9ea-4459-831d-c4b76e7bce93:192.168.151.91:35185, 6af71f09-eab3-4645-8883-a2b3665a1ca1:192.168.151.91:45219, c80bdc58-8b99-461e-b3c1-5966c3d571a0:192.168.151.91:46271], old=null at 17
2019-09-24 06:22:30,407 [grpc-default-executor-6] INFO  segmented.SegmentedRaftLogWorker (SegmentedRaftLogWorker.java:rollLogSegment(385)) - c80bdc58-8b99-461e-b3c1-5966c3d571a0@group-B04AC77420B8-SegmentedRaftLogWorker: Rolling segment log-0_16 to index:16
2019-09-24 06:22:30,408 [c80bdc58-8b99-461e-b3c1-5966c3d571a0@group-B04AC77420B8-SegmentedRaftLogWorker] INFO  segmented.SegmentedRaftLogWorker (SegmentedRaftLogWorker.java:execute(526)) - c80bdc58-8b99-461e-b3c1-5966c3d571a0@group-B04AC77420B8-SegmentedRaftLogWorker: Rolled log segment from /workdir/hadoop-ozone/integration-test/target/test-dir/MiniOzoneClusterImpl-a40bf951-cab5-4b8a-b522-79b69e6c8739/datanode-2/data/ratis/4d49162f-3fa5-486f-961c-b04ac77420b8/current/log_inprogress_0 to /workdir/hadoop-ozone/integration-test/target/test-dir/MiniOzoneClusterImpl-a40bf951-cab5-4b8a-b522-79b69e6c8739/datanode-2/data/ratis/4d49162f-3fa5-486f-961c-b04ac77420b8/current/log_0-16
2019-09-24 06:22:30,451 [c80bdc58-8b99-461e-b3c1-5966c3d571a0@group-B04AC77420B8-SegmentedRaftLogWorker] INFO  segmented.SegmentedRaftLogWorker (SegmentedRaftLogWorker.java:execute(569)) - c80bdc58-8b99-461e-b3c1-5966c3d571a0@group-B04AC77420B8-SegmentedRaftLogWorker: created new log segment /workdir/hadoop-ozone/integration-test/target/test-dir/MiniOzoneClusterImpl-a40bf951-cab5-4b8a-b522-79b69e6c8739/datanode-2/data/ratis/4d49162f-3fa5-486f-961c-b04ac77420b8/current/log_inprogress_17
2019-09-24 06:22:30,451 [6af71f09-eab3-4645-8883-a2b3665a1ca1@group-B04AC77420B8-SegmentedRaftLogWorker] INFO  segmented.SegmentedRaftLogWorker (SegmentedRaftLogWorker.java:execute(569)) - 6af71f09-eab3-4645-8883-a2b3665a1ca1@group-B04AC77420B8-SegmentedRaftLogWorker: created new log segment /workdir/hadoop-ozone/integration-test/target/test-dir/MiniOzoneClusterImpl-a40bf951-cab5-4b8a-b522-79b69e6c8739/datanode-1/data/ratis/4d49162f-3fa5-486f-961c-b04ac77420b8/current/log_inprogress_17
2019-09-24 06:22:30,475 [grpc-default-executor-9] WARN  server.GrpcLogAppender (LogUtils.java:warn(134)) - 6af71f09-eab3-4645-8883-a2b3665a1ca1@group-B04AC77420B8->b1e67946-c9ea-4459-831d-c4b76e7bce93-AppendLogResponseHandler: Failed appendEntries: org.apache.ratis.thirdparty.io.grpc.StatusRuntimeException: UNAVAILABLE: io exception
2019-09-24 06:22:30,476 [grpc-default-executor-9] INFO  impl.FollowerInfo (FollowerInfo.java:lambda$new$0(51)) - 6af71f09-eab3-4645-8883-a2b3665a1ca1@group-B04AC77420B8->b1e67946-c9ea-4459-831d-c4b76e7bce93: nextIndex: updateUnconditionally 2 -> 1
2019-09-24 06:22:30,487 [grpc-default-executor-6] WARN  server.GrpcLogAppender (LogUtils.java:warn(134)) - 6af71f09-eab3-4645-8883-a2b3665a1ca1@group-B04AC77420B8->b1e67946-c9ea-4459-831d-c4b76e7bce93-AppendLogResponseHandler: Failed appendEntries: org.apache.ratis.thirdparty.io.grpc.StatusRuntimeException: UNAVAILABLE: io exception
2019-09-24 06:22:30,487 [grpc-default-executor-6] INFO  impl.FollowerInfo (FollowerInfo.java:lambda$new$0(51)) - 6af71f09-eab3-4645-8883-a2b3665a1ca1@group-B04AC77420B8->b1e67946-c9ea-4459-831d-c4b76e7bce93: nextIndex: updateUnconditionally 2 -> 1
06:22:31.854 [grpc-default-executor-8] ERROR DNAudit - user=null | ip=null | op=WRITE_CHUNK {blockData=conID: 1 locID: 102846046210031629 bcsId: 14} | ret=FAILURE
org.apache.hadoop.hdds.scm.container.common.helpers.ContainerNotOpenException: Container 1 in CLOSING state
	at org.apache.hadoop.ozone.container.common.impl.HddsDispatcher.validateContainerCommand(HddsDispatcher.java:434) ~[hadoop-hdds-container-service-0.5.0-SNAPSHOT.jar:?]
	at org.apache.hadoop.ozone.container.common.transport.server.ratis.ContainerStateMachine.startTransaction(ContainerStateMachine.java:315) ~[hadoop-hdds-container-service-0.5.0-SNAPSHOT.jar:?]
	at org.apache.ratis.server.impl.RaftServerImpl.submitClientRequestAsync(RaftServerImpl.java:573) ~[ratis-server-0.4.0.jar:0.4.0]
	at org.apache.ratis.server.impl.RaftServerProxy.lambda$submitClientRequestAsync$7(RaftServerProxy.java:333) ~[ratis-server-0.4.0.jar:0.4.0]
	at org.apache.ratis.server.impl.RaftServerProxy.lambda$null$5(RaftServerProxy.java:328) ~[ratis-server-0.4.0.jar:0.4.0]
	at org.apache.ratis.util.JavaUtils.callAsUnchecked(JavaUtils.java:109) ~[ratis-common-0.4.0.jar:0.4.0]
	at org.apache.ratis.server.impl.RaftServerProxy.lambda$submitRequest$6(RaftServerProxy.java:328) ~[ratis-server-0.4.0.jar:0.4.0]
	at java.util.concurrent.CompletableFuture.uniComposeStage(CompletableFuture.java:981) ~[?:1.8.0_212]
	at java.util.concurrent.CompletableFuture.thenCompose(CompletableFuture.java:2124) ~[?:1.8.0_212]
	at org.apache.ratis.server.impl.RaftServerProxy.submitRequest(RaftServerProxy.java:327) ~[ratis-server-0.4.0.jar:0.4.0]
	at org.apache.ratis.server.impl.RaftServerProxy.submitClientRequestAsync(RaftServerProxy.java:333) ~[ratis-server-0.4.0.jar:0.4.0]
	at org.apache.ratis.grpc.client.GrpcClientProtocolService$RequestStreamObserver.processClientRequest(GrpcClientProtocolService.java:220) ~[ratis-grpc-0.4.0.jar:0.4.0]
	at org.apache.ratis.grpc.client.GrpcClientProtocolService$OrderedRequestStreamObserver.processClientRequest(GrpcClientProtocolService.java:326) ~[ratis-grpc-0.4.0.jar:0.4.0]
	at org.apache.ratis.util.SlidingWindow$Server.processRequestsFromHead(SlidingWindow.java:429) [ratis-common-0.4.0.jar:0.4.0]
	at org.apache.ratis.util.SlidingWindow$Server.receivedRequest(SlidingWindow.java:421) [ratis-common-0.4.0.jar:0.4.0]
	at org.apache.ratis.grpc.client.GrpcClientProtocolService$OrderedRequestStreamObserver.processClientRequest(GrpcClientProtocolService.java:345) [ratis-grpc-0.4.0.jar:0.4.0]
	at org.apache.ratis.grpc.client.GrpcClientProtocolService$RequestStreamObserver.onNext(GrpcClientProtocolService.java:240) [ratis-grpc-0.4.0.jar:0.4.0]
	at org.apache.ratis.grpc.client.GrpcClientProtocolService$RequestStreamObserver.onNext(GrpcClientProtocolService.java:168) [ratis-grpc-0.4.0.jar:0.4.0]
	at org.apache.ratis.thirdparty.io.grpc.stub.ServerCalls$StreamingServerCallHandler$StreamingServerCallListener.onMessage(ServerCalls.java:248) [ratis-thirdparty-misc-0.2.0.jar:0.2.0]
	at org.apache.ratis.thirdparty.io.grpc.internal.ServerCallImpl$ServerStreamListenerImpl.messagesAvailable(ServerCallImpl.java:263) [ratis-thirdparty-misc-0.2.0.jar:0.2.0]
	at org.apache.ratis.thirdparty.io.grpc.internal.ServerImpl$JumpToApplicationThreadServerStreamListener$1MessagesAvailable.runInContext(ServerImpl.java:686) [ratis-thirdparty-misc-0.2.0.jar:0.2.0]
	at org.apache.ratis.thirdparty.io.grpc.internal.ContextRunnable.run(ContextRunnable.java:37) [ratis-thirdparty-misc-0.2.0.jar:0.2.0]
	at org.apache.ratis.thirdparty.io.grpc.internal.SerializingExecutor.run(SerializingExecutor.java:123) [ratis-thirdparty-misc-0.2.0.jar:0.2.0]
	at java.util.concurrent.ThreadPoolExecutor.runWorker(ThreadPoolExecutor.java:1149) [?:1.8.0_212]
	at java.util.concurrent.ThreadPoolExecutor$Worker.run(ThreadPoolExecutor.java:624) [?:1.8.0_212]
	at java.lang.Thread.run(Thread.java:748) [?:1.8.0_212]
06:22:31.870 [grpc-default-executor-6] ERROR DNAudit - user=null | ip=null | op=WRITE_CHUNK {blockData=conID: 1 locID: 102846046210031629 bcsId: 14} | ret=FAILURE
org.apache.hadoop.hdds.scm.container.common.helpers.ContainerNotOpenException: Container 1 in CLOSING state
	at org.apache.hadoop.ozone.container.common.impl.HddsDispatcher.validateContainerCommand(HddsDispatcher.java:434) ~[hadoop-hdds-container-service-0.5.0-SNAPSHOT.jar:?]
	at org.apache.hadoop.ozone.container.common.transport.server.ratis.ContainerStateMachine.startTransaction(ContainerStateMachine.java:315) ~[hadoop-hdds-container-service-0.5.0-SNAPSHOT.jar:?]
	at org.apache.ratis.server.impl.RaftServerImpl.submitClientRequestAsync(RaftServerImpl.java:573) ~[ratis-server-0.4.0.jar:0.4.0]
	at org.apache.ratis.server.impl.RaftServerProxy.lambda$submitClientRequestAsync$7(RaftServerProxy.java:333) ~[ratis-server-0.4.0.jar:0.4.0]
	at org.apache.ratis.server.impl.RaftServerProxy.lambda$null$5(RaftServerProxy.java:328) ~[ratis-server-0.4.0.jar:0.4.0]
	at org.apache.ratis.util.JavaUtils.callAsUnchecked(JavaUtils.java:109) ~[ratis-common-0.4.0.jar:0.4.0]
	at org.apache.ratis.server.impl.RaftServerProxy.lambda$submitRequest$6(RaftServerProxy.java:328) ~[ratis-server-0.4.0.jar:0.4.0]
	at java.util.concurrent.CompletableFuture.uniComposeStage(CompletableFuture.java:981) ~[?:1.8.0_212]
	at java.util.concurrent.CompletableFuture.thenCompose(CompletableFuture.java:2124) ~[?:1.8.0_212]
	at org.apache.ratis.server.impl.RaftServerProxy.submitRequest(RaftServerProxy.java:327) ~[ratis-server-0.4.0.jar:0.4.0]
	at org.apache.ratis.server.impl.RaftServerProxy.submitClientRequestAsync(RaftServerProxy.java:333) ~[ratis-server-0.4.0.jar:0.4.0]
	at org.apache.ratis.grpc.client.GrpcClientProtocolService$RequestStreamObserver.processClientRequest(GrpcClientProtocolService.java:220) ~[ratis-grpc-0.4.0.jar:0.4.0]
	at org.apache.ratis.grpc.client.GrpcClientProtocolService$OrderedRequestStreamObserver.processClientRequest(GrpcClientProtocolService.java:326) ~[ratis-grpc-0.4.0.jar:0.4.0]
	at org.apache.ratis.util.SlidingWindow$Server.processRequestsFromHead(SlidingWindow.java:429) [ratis-common-0.4.0.jar:0.4.0]
	at org.apache.ratis.util.SlidingWindow$Server.receivedRequest(SlidingWindow.java:421) [ratis-common-0.4.0.jar:0.4.0]
	at org.apache.ratis.grpc.client.GrpcClientProtocolService$OrderedRequestStreamObserver.processClientRequest(GrpcClientProtocolService.java:345) [ratis-grpc-0.4.0.jar:0.4.0]
	at org.apache.ratis.grpc.client.GrpcClientProtocolService$RequestStreamObserver.onNext(GrpcClientProtocolService.java:240) [ratis-grpc-0.4.0.jar:0.4.0]
	at org.apache.ratis.grpc.client.GrpcClientProtocolService$RequestStreamObserver.onNext(GrpcClientProtocolService.java:168) [ratis-grpc-0.4.0.jar:0.4.0]
	at org.apache.ratis.thirdparty.io.grpc.stub.ServerCalls$StreamingServerCallHandler$StreamingServerCallListener.onMessage(ServerCalls.java:248) [ratis-thirdparty-misc-0.2.0.jar:0.2.0]
	at org.apache.ratis.thirdparty.io.grpc.internal.ServerCallImpl$ServerStreamListenerImpl.messagesAvailable(ServerCallImpl.java:263) [ratis-thirdparty-misc-0.2.0.jar:0.2.0]
	at org.apache.ratis.thirdparty.io.grpc.internal.ServerImpl$JumpToApplicationThreadServerStreamListener$1MessagesAvailable.runInContext(ServerImpl.java:686) [ratis-thirdparty-misc-0.2.0.jar:0.2.0]
	at org.apache.ratis.thirdparty.io.grpc.internal.ContextRunnable.run(ContextRunnable.java:37) [ratis-thirdparty-misc-0.2.0.jar:0.2.0]
	at org.apache.ratis.thirdparty.io.grpc.internal.SerializingExecutor.run(SerializingExecutor.java:123) [ratis-thirdparty-misc-0.2.0.jar:0.2.0]
	at java.util.concurrent.ThreadPoolExecutor.runWorker(ThreadPoolExecutor.java:1149) [?:1.8.0_212]
	at java.util.concurrent.ThreadPoolExecutor$Worker.run(ThreadPoolExecutor.java:624) [?:1.8.0_212]
	at java.lang.Thread.run(Thread.java:748) [?:1.8.0_212]
06:22:31.878 [grpc-default-executor-6] ERROR DNAudit - user=null | ip=null | op=PUT_BLOCK {blockData=[blockId=conID: 1 locID: 102846046210031629 bcsId: 0,size=650]} | ret=FAILURE
org.apache.hadoop.hdds.scm.container.common.helpers.ContainerNotOpenException: Container 1 in CLOSING state
	at org.apache.hadoop.ozone.container.common.impl.HddsDispatcher.validateContainerCommand(HddsDispatcher.java:434) ~[hadoop-hdds-container-service-0.5.0-SNAPSHOT.jar:?]
	at org.apache.hadoop.ozone.container.common.transport.server.ratis.ContainerStateMachine.startTransaction(ContainerStateMachine.java:315) ~[hadoop-hdds-container-service-0.5.0-SNAPSHOT.jar:?]
	at org.apache.ratis.server.impl.RaftServerImpl.submitClientRequestAsync(RaftServerImpl.java:573) ~[ratis-server-0.4.0.jar:0.4.0]
	at org.apache.ratis.server.impl.RaftServerProxy.lambda$submitClientRequestAsync$7(RaftServerProxy.java:333) ~[ratis-server-0.4.0.jar:0.4.0]
	at org.apache.ratis.server.impl.RaftServerProxy.lambda$null$5(RaftServerProxy.java:328) ~[ratis-server-0.4.0.jar:0.4.0]
	at org.apache.ratis.util.JavaUtils.callAsUnchecked(JavaUtils.java:109) ~[ratis-common-0.4.0.jar:0.4.0]
	at org.apache.ratis.server.impl.RaftServerProxy.lambda$submitRequest$6(RaftServerProxy.java:328) ~[ratis-server-0.4.0.jar:0.4.0]
	at java.util.concurrent.CompletableFuture.uniComposeStage(CompletableFuture.java:981) ~[?:1.8.0_212]
	at java.util.concurrent.CompletableFuture.thenCompose(CompletableFuture.java:2124) ~[?:1.8.0_212]
	at org.apache.ratis.server.impl.RaftServerProxy.submitRequest(RaftServerProxy.java:327) ~[ratis-server-0.4.0.jar:0.4.0]
	at org.apache.ratis.server.impl.RaftServerProxy.submitClientRequestAsync(RaftServerProxy.java:333) ~[ratis-server-0.4.0.jar:0.4.0]
	at org.apache.ratis.grpc.client.GrpcClientProtocolService$RequestStreamObserver.processClientRequest(GrpcClientProtocolService.java:220) ~[ratis-grpc-0.4.0.jar:0.4.0]
	at org.apache.ratis.grpc.client.GrpcClientProtocolService$OrderedRequestStreamObserver.processClientRequest(GrpcClientProtocolService.java:326) ~[ratis-grpc-0.4.0.jar:0.4.0]
	at org.apache.ratis.util.SlidingWindow$Server.processRequestsFromHead(SlidingWindow.java:429) [ratis-common-0.4.0.jar:0.4.0]
	at org.apache.ratis.util.SlidingWindow$Server.receivedRequest(SlidingWindow.java:421) [ratis-common-0.4.0.jar:0.4.0]
	at org.apache.ratis.grpc.client.GrpcClientProtocolService$OrderedRequestStreamObserver.processClientRequest(GrpcClientProtocolService.java:345) [ratis-grpc-0.4.0.jar:0.4.0]
	at org.apache.ratis.grpc.client.GrpcClientProtocolService$RequestStreamObserver.onNext(GrpcClientProtocolService.java:240) [ratis-grpc-0.4.0.jar:0.4.0]
	at org.apache.ratis.grpc.client.GrpcClientProtocolService$RequestStreamObserver.onNext(GrpcClientProtocolService.java:168) [ratis-grpc-0.4.0.jar:0.4.0]
	at org.apache.ratis.thirdparty.io.grpc.stub.ServerCalls$StreamingServerCallHandler$StreamingServerCallListener.onMessage(ServerCalls.java:248) [ratis-thirdparty-misc-0.2.0.jar:0.2.0]
	at org.apache.ratis.thirdparty.io.grpc.internal.ServerCallImpl$ServerStreamListenerImpl.messagesAvailable(ServerCallImpl.java:263) [ratis-thirdparty-misc-0.2.0.jar:0.2.0]
	at org.apache.ratis.thirdparty.io.grpc.internal.ServerImpl$JumpToApplicationThreadServerStreamListener$1MessagesAvailable.runInContext(ServerImpl.java:686) [ratis-thirdparty-misc-0.2.0.jar:0.2.0]
	at org.apache.ratis.thirdparty.io.grpc.internal.ContextRunnable.run(ContextRunnable.java:37) [ratis-thirdparty-misc-0.2.0.jar:0.2.0]
	at org.apache.ratis.thirdparty.io.grpc.internal.SerializingExecutor.run(SerializingExecutor.java:123) [ratis-thirdparty-misc-0.2.0.jar:0.2.0]
	at java.util.concurrent.ThreadPoolExecutor.runWorker(ThreadPoolExecutor.java:1149) [?:1.8.0_212]
	at java.util.concurrent.ThreadPoolExecutor$Worker.run(ThreadPoolExecutor.java:624) [?:1.8.0_212]
	at java.lang.Thread.run(Thread.java:748) [?:1.8.0_212]
06:22:31.880 [grpc-default-executor-6] ERROR DNAudit - user=null | ip=null | op=WRITE_CHUNK {blockData=conID: 1 locID: 102846046210031629 bcsId: 14} | ret=FAILURE
org.apache.hadoop.hdds.scm.container.common.helpers.ContainerNotOpenException: Container 1 in CLOSING state
	at org.apache.hadoop.ozone.container.common.impl.HddsDispatcher.validateContainerCommand(HddsDispatcher.java:434) ~[hadoop-hdds-container-service-0.5.0-SNAPSHOT.jar:?]
	at org.apache.hadoop.ozone.container.common.transport.server.ratis.ContainerStateMachine.startTransaction(ContainerStateMachine.java:315) ~[hadoop-hdds-container-service-0.5.0-SNAPSHOT.jar:?]
	at org.apache.ratis.server.impl.RaftServerImpl.submitClientRequestAsync(RaftServerImpl.java:573) ~[ratis-server-0.4.0.jar:0.4.0]
	at org.apache.ratis.server.impl.RaftServerProxy.lambda$submitClientRequestAsync$7(RaftServerProxy.java:333) ~[ratis-server-0.4.0.jar:0.4.0]
	at org.apache.ratis.server.impl.RaftServerProxy.lambda$null$5(RaftServerProxy.java:328) ~[ratis-server-0.4.0.jar:0.4.0]
	at org.apache.ratis.util.JavaUtils.callAsUnchecked(JavaUtils.java:109) ~[ratis-common-0.4.0.jar:0.4.0]
	at org.apache.ratis.server.impl.RaftServerProxy.lambda$submitRequest$6(RaftServerProxy.java:328) ~[ratis-server-0.4.0.jar:0.4.0]
	at java.util.concurrent.CompletableFuture.uniComposeStage(CompletableFuture.java:981) ~[?:1.8.0_212]
	at java.util.concurrent.CompletableFuture.thenCompose(CompletableFuture.java:2124) ~[?:1.8.0_212]
	at org.apache.ratis.server.impl.RaftServerProxy.submitRequest(RaftServerProxy.java:327) ~[ratis-server-0.4.0.jar:0.4.0]
	at org.apache.ratis.server.impl.RaftServerProxy.submitClientRequestAsync(RaftServerProxy.java:333) ~[ratis-server-0.4.0.jar:0.4.0]
	at org.apache.ratis.grpc.client.GrpcClientProtocolService$RequestStreamObserver.processClientRequest(GrpcClientProtocolService.java:220) ~[ratis-grpc-0.4.0.jar:0.4.0]
	at org.apache.ratis.grpc.client.GrpcClientProtocolService$OrderedRequestStreamObserver.processClientRequest(GrpcClientProtocolService.java:326) ~[ratis-grpc-0.4.0.jar:0.4.0]
	at org.apache.ratis.util.SlidingWindow$Server.processRequestsFromHead(SlidingWindow.java:429) [ratis-common-0.4.0.jar:0.4.0]
	at org.apache.ratis.util.SlidingWindow$Server.receivedRequest(SlidingWindow.java:421) [ratis-common-0.4.0.jar:0.4.0]
	at org.apache.ratis.grpc.client.GrpcClientProtocolService$OrderedRequestStreamObserver.processClientRequest(GrpcClientProtocolService.java:345) [ratis-grpc-0.4.0.jar:0.4.0]
	at org.apache.ratis.grpc.client.GrpcClientProtocolService$RequestStreamObserver.onNext(GrpcClientProtocolService.java:240) [ratis-grpc-0.4.0.jar:0.4.0]
	at org.apache.ratis.grpc.client.GrpcClientProtocolService$RequestStreamObserver.onNext(GrpcClientProtocolService.java:168) [ratis-grpc-0.4.0.jar:0.4.0]
	at org.apache.ratis.thirdparty.io.grpc.stub.ServerCalls$StreamingServerCallHandler$StreamingServerCallListener.onMessage(ServerCalls.java:248) [ratis-thirdparty-misc-0.2.0.jar:0.2.0]
	at org.apache.ratis.thirdparty.io.grpc.internal.ServerCallImpl$ServerStreamListenerImpl.messagesAvailable(ServerCallImpl.java:263) [ratis-thirdparty-misc-0.2.0.jar:0.2.0]
	at org.apache.ratis.thirdparty.io.grpc.internal.ServerImpl$JumpToApplicationThreadServerStreamListener$1MessagesAvailable.runInContext(ServerImpl.java:686) [ratis-thirdparty-misc-0.2.0.jar:0.2.0]
	at org.apache.ratis.thirdparty.io.grpc.internal.ContextRunnable.run(ContextRunnable.java:37) [ratis-thirdparty-misc-0.2.0.jar:0.2.0]
	at org.apache.ratis.thirdparty.io.grpc.internal.SerializingExecutor.run(SerializingExecutor.java:123) [ratis-thirdparty-misc-0.2.0.jar:0.2.0]
	at java.util.concurrent.ThreadPoolExecutor.runWorker(ThreadPoolExecutor.java:1149) [?:1.8.0_212]
	at java.util.concurrent.ThreadPoolExecutor$Worker.run(ThreadPoolExecutor.java:624) [?:1.8.0_212]
	at java.lang.Thread.run(Thread.java:748) [?:1.8.0_212]
06:22:31.889 [grpc-default-executor-6] ERROR DNAudit - user=null | ip=null | op=WRITE_CHUNK {blockData=conID: 1 locID: 102846046210031629 bcsId: 14} | ret=FAILURE
org.apache.hadoop.hdds.scm.container.common.helpers.ContainerNotOpenException: Container 1 in CLOSING state
	at org.apache.hadoop.ozone.container.common.impl.HddsDispatcher.validateContainerCommand(HddsDispatcher.java:434) ~[hadoop-hdds-container-service-0.5.0-SNAPSHOT.jar:?]
	at org.apache.hadoop.ozone.container.common.transport.server.ratis.ContainerStateMachine.startTransaction(ContainerStateMachine.java:315) ~[hadoop-hdds-container-service-0.5.0-SNAPSHOT.jar:?]
	at org.apache.ratis.server.impl.RaftServerImpl.submitClientRequestAsync(RaftServerImpl.java:573) ~[ratis-server-0.4.0.jar:0.4.0]
	at org.apache.ratis.server.impl.RaftServerProxy.lambda$submitClientRequestAsync$7(RaftServerProxy.java:333) ~[ratis-server-0.4.0.jar:0.4.0]
	at org.apache.ratis.server.impl.RaftServerProxy.lambda$null$5(RaftServerProxy.java:328) ~[ratis-server-0.4.0.jar:0.4.0]
	at org.apache.ratis.util.JavaUtils.callAsUnchecked(JavaUtils.java:109) ~[ratis-common-0.4.0.jar:0.4.0]
	at org.apache.ratis.server.impl.RaftServerProxy.lambda$submitRequest$6(RaftServerProxy.java:328) ~[ratis-server-0.4.0.jar:0.4.0]
	at java.util.concurrent.CompletableFuture.uniComposeStage(CompletableFuture.java:981) ~[?:1.8.0_212]
	at java.util.concurrent.CompletableFuture.thenCompose(CompletableFuture.java:2124) ~[?:1.8.0_212]
	at org.apache.ratis.server.impl.RaftServerProxy.submitRequest(RaftServerProxy.java:327) ~[ratis-server-0.4.0.jar:0.4.0]
	at org.apache.ratis.server.impl.RaftServerProxy.submitClientRequestAsync(RaftServerProxy.java:333) ~[ratis-server-0.4.0.jar:0.4.0]
	at org.apache.ratis.grpc.client.GrpcClientProtocolService$RequestStreamObserver.processClientRequest(GrpcClientProtocolService.java:220) ~[ratis-grpc-0.4.0.jar:0.4.0]
	at org.apache.ratis.grpc.client.GrpcClientProtocolService$OrderedRequestStreamObserver.processClientRequest(GrpcClientProtocolService.java:326) ~[ratis-grpc-0.4.0.jar:0.4.0]
	at org.apache.ratis.util.SlidingWindow$Server.processRequestsFromHead(SlidingWindow.java:429) [ratis-common-0.4.0.jar:0.4.0]
	at org.apache.ratis.util.SlidingWindow$Server.receivedRequest(SlidingWindow.java:421) [ratis-common-0.4.0.jar:0.4.0]
	at org.apache.ratis.grpc.client.GrpcClientProtocolService$OrderedRequestStreamObserver.processClientRequest(GrpcClientProtocolService.java:345) [ratis-grpc-0.4.0.jar:0.4.0]
	at org.apache.ratis.grpc.client.GrpcClientProtocolService$RequestStreamObserver.onNext(GrpcClientProtocolService.java:240) [ratis-grpc-0.4.0.jar:0.4.0]
	at org.apache.ratis.grpc.client.GrpcClientProtocolService$RequestStreamObserver.onNext(GrpcClientProtocolService.java:168) [ratis-grpc-0.4.0.jar:0.4.0]
	at org.apache.ratis.thirdparty.io.grpc.stub.ServerCalls$StreamingServerCallHandler$StreamingServerCallListener.onMessage(ServerCalls.java:248) [ratis-thirdparty-misc-0.2.0.jar:0.2.0]
	at org.apache.ratis.thirdparty.io.grpc.internal.ServerCallImpl$ServerStreamListenerImpl.messagesAvailable(ServerCallImpl.java:263) [ratis-thirdparty-misc-0.2.0.jar:0.2.0]
	at org.apache.ratis.thirdparty.io.grpc.internal.ServerImpl$JumpToApplicationThreadServerStreamListener$1MessagesAvailable.runInContext(ServerImpl.java:686) [ratis-thirdparty-misc-0.2.0.jar:0.2.0]
	at org.apache.ratis.thirdparty.io.grpc.internal.ContextRunnable.run(ContextRunnable.java:37) [ratis-thirdparty-misc-0.2.0.jar:0.2.0]
	at org.apache.ratis.thirdparty.io.grpc.internal.SerializingExecutor.run(SerializingExecutor.java:123) [ratis-thirdparty-misc-0.2.0.jar:0.2.0]
	at java.util.concurrent.ThreadPoolExecutor.runWorker(ThreadPoolExecutor.java:1149) [?:1.8.0_212]
	at java.util.concurrent.ThreadPoolExecutor$Worker.run(ThreadPoolExecutor.java:624) [?:1.8.0_212]
	at java.lang.Thread.run(Thread.java:748) [?:1.8.0_212]
06:22:31.902 [grpc-default-executor-6] ERROR DNAudit - user=null | ip=null | op=PUT_BLOCK {blockData=[blockId=conID: 1 locID: 102846046210031629 bcsId: 0,size=800]} | ret=FAILURE
org.apache.hadoop.hdds.scm.container.common.helpers.ContainerNotOpenException: Container 1 in CLOSING state
	at org.apache.hadoop.ozone.container.common.impl.HddsDispatcher.validateContainerCommand(HddsDispatcher.java:434) ~[hadoop-hdds-container-service-0.5.0-SNAPSHOT.jar:?]
	at org.apache.hadoop.ozone.container.common.transport.server.ratis.ContainerStateMachine.startTransaction(ContainerStateMachine.java:315) ~[hadoop-hdds-container-service-0.5.0-SNAPSHOT.jar:?]
	at org.apache.ratis.server.impl.RaftServerImpl.submitClientRequestAsync(RaftServerImpl.java:573) ~[ratis-server-0.4.0.jar:0.4.0]
	at org.apache.ratis.server.impl.RaftServerProxy.lambda$submitClientRequestAsync$7(RaftServerProxy.java:333) ~[ratis-server-0.4.0.jar:0.4.0]
	at org.apache.ratis.server.impl.RaftServerProxy.lambda$null$5(RaftServerProxy.java:328) ~[ratis-server-0.4.0.jar:0.4.0]
	at org.apache.ratis.util.JavaUtils.callAsUnchecked(JavaUtils.java:109) ~[ratis-common-0.4.0.jar:0.4.0]
	at org.apache.ratis.server.impl.RaftServerProxy.lambda$submitRequest$6(RaftServerProxy.java:328) ~[ratis-server-0.4.0.jar:0.4.0]
	at java.util.concurrent.CompletableFuture.uniComposeStage(CompletableFuture.java:981) ~[?:1.8.0_212]
	at java.util.concurrent.CompletableFuture.thenCompose(CompletableFuture.java:2124) ~[?:1.8.0_212]
	at org.apache.ratis.server.impl.RaftServerProxy.submitRequest(RaftServerProxy.java:327) ~[ratis-server-0.4.0.jar:0.4.0]
	at org.apache.ratis.server.impl.RaftServerProxy.submitClientRequestAsync(RaftServerProxy.java:333) ~[ratis-server-0.4.0.jar:0.4.0]
	at org.apache.ratis.grpc.client.GrpcClientProtocolService$RequestStreamObserver.processClientRequest(GrpcClientProtocolService.java:220) ~[ratis-grpc-0.4.0.jar:0.4.0]
	at org.apache.ratis.grpc.client.GrpcClientProtocolService$OrderedRequestStreamObserver.processClientRequest(GrpcClientProtocolService.java:326) ~[ratis-grpc-0.4.0.jar:0.4.0]
	at org.apache.ratis.util.SlidingWindow$Server.processRequestsFromHead(SlidingWindow.java:429) [ratis-common-0.4.0.jar:0.4.0]
	at org.apache.ratis.util.SlidingWindow$Server.receivedRequest(SlidingWindow.java:421) [ratis-common-0.4.0.jar:0.4.0]
	at org.apache.ratis.grpc.client.GrpcClientProtocolService$OrderedRequestStreamObserver.processClientRequest(GrpcClientProtocolService.java:345) [ratis-grpc-0.4.0.jar:0.4.0]
	at org.apache.ratis.grpc.client.GrpcClientProtocolService$RequestStreamObserver.onNext(GrpcClientProtocolService.java:240) [ratis-grpc-0.4.0.jar:0.4.0]
	at org.apache.ratis.grpc.client.GrpcClientProtocolService$RequestStreamObserver.onNext(GrpcClientProtocolService.java:168) [ratis-grpc-0.4.0.jar:0.4.0]
	at org.apache.ratis.thirdparty.io.grpc.stub.ServerCalls$StreamingServerCallHandler$StreamingServerCallListener.onMessage(ServerCalls.java:248) [ratis-thirdparty-misc-0.2.0.jar:0.2.0]
	at org.apache.ratis.thirdparty.io.grpc.internal.ServerCallImpl$ServerStreamListenerImpl.messagesAvailable(ServerCallImpl.java:263) [ratis-thirdparty-misc-0.2.0.jar:0.2.0]
	at org.apache.ratis.thirdparty.io.grpc.internal.ServerImpl$JumpToApplicationThreadServerStreamListener$1MessagesAvailable.runInContext(ServerImpl.java:686) [ratis-thirdparty-misc-0.2.0.jar:0.2.0]
	at org.apache.ratis.thirdparty.io.grpc.internal.ContextRunnable.run(ContextRunnable.java:37) [ratis-thirdparty-misc-0.2.0.jar:0.2.0]
	at org.apache.ratis.thirdparty.io.grpc.internal.SerializingExecutor.run(SerializingExecutor.java:123) [ratis-thirdparty-misc-0.2.0.jar:0.2.0]
	at java.util.concurrent.ThreadPoolExecutor.runWorker(ThreadPoolExecutor.java:1149) [?:1.8.0_212]
	at java.util.concurrent.ThreadPoolExecutor$Worker.run(ThreadPoolExecutor.java:624) [?:1.8.0_212]
	at java.lang.Thread.run(Thread.java:748) [?:1.8.0_212]
2019-09-24 06:22:32,188 [main] INFO  ozone.MiniOzoneClusterImpl (MiniOzoneClusterImpl.java:shutdown(314)) - Shutting down the Mini Ozone Cluster
2019-09-24 06:22:32,189 [main] INFO  ozone.MiniOzoneClusterImpl (MiniOzoneClusterImpl.java:stop(330)) - Stopping the Mini Ozone Cluster
2019-09-24 06:22:32,189 [main] INFO  ozone.MiniOzoneClusterImpl (MiniOzoneClusterImpl.java:stopOM(400)) - Stopping the OzoneManager
2019-09-24 06:22:32,189 [main] INFO  ipc.Server (Server.java:stop(3082)) - Stopping server on 36716
2019-09-24 06:22:32,209 [IPC Server listener on 36716] INFO  ipc.Server (Server.java:run(1185)) - Stopping IPC Server listener on 36716
2019-09-24 06:22:32,209 [main] INFO  ratis.OzoneManagerDoubleBuffer (OzoneManagerDoubleBuffer.java:stop(248)) - Stopping OMDoubleBuffer flush thread
2019-09-24 06:22:32,213 [IPC Server Responder] INFO  ipc.Server (Server.java:run(1319)) - Stopping IPC Server Responder
2019-09-24 06:22:32,228 [OMDoubleBufferFlushThread] INFO  ratis.OzoneManagerDoubleBuffer (OzoneManagerDoubleBuffer.java:flushTransactions(191)) - OMDoubleBuffer flush thread OMDoubleBufferFlushThread is interrupted and will exit. OMDoubleBufferFlushThread
2019-09-24 06:22:32,229 [main] INFO  utils.BackgroundService (BackgroundService.java:shutdown(148)) - Shutting down service KeyDeletingService
2019-09-24 06:22:32,230 [main] INFO  handler.ContextHandler (ContextHandler.java:doStop(910)) - Stopped o.e.j.w.WebAppContext@6889f56f{/,null,UNAVAILABLE}{/ozoneManager}
2019-09-24 06:22:32,231 [main] INFO  server.AbstractConnector (AbstractConnector.java:doStop(318)) - Stopped ServerConnector@231b35fb{HTTP/1.1,[http/1.1]}{0.0.0.0:0}
2019-09-24 06:22:32,231 [main] INFO  handler.ContextHandler (ContextHandler.java:doStop(910)) - Stopped o.e.j.s.ServletContextHandler@130cfc47{/static,file:///workdir/hadoop-ozone/integration-test/target/test-classes/webapps/static,UNAVAILABLE}
2019-09-24 06:22:32,232 [main] INFO  handler.ContextHandler (ContextHandler.java:doStop(910)) - Stopped o.e.j.s.ServletContextHandler@7a0ab480{/logs,file:///workdir/hadoop-ozone/integration-test/target/log,UNAVAILABLE}
2019-09-24 06:22:32,234 [main] INFO  ozone.MiniOzoneClusterImpl (MiniOzoneClusterImpl.java:stopDatanodes(377)) - Stopping the HddsDatanodes
2019-09-24 06:22:32,387 [Datanode State Machine Thread - 0] INFO  statemachine.DatanodeStateMachine (DatanodeStateMachine.java:lambda$startDaemon$0(350)) - Ozone container server started.
2019-09-24 06:22:32,988 [grpc-default-executor-9] WARN  server.GrpcLogAppender (LogUtils.java:warn(134)) - 6af71f09-eab3-4645-8883-a2b3665a1ca1@group-B04AC77420B8->b1e67946-c9ea-4459-831d-c4b76e7bce93-AppendLogResponseHandler: Failed appendEntries: org.apache.ratis.thirdparty.io.grpc.StatusRuntimeException: UNAVAILABLE: io exception
2019-09-24 06:22:32,988 [grpc-default-executor-9] INFO  impl.FollowerInfo (FollowerInfo.java:lambda$new$0(51)) - 6af71f09-eab3-4645-8883-a2b3665a1ca1@group-B04AC77420B8->b1e67946-c9ea-4459-831d-c4b76e7bce93: nextIndex: updateUnconditionally 1 -> 0
2019-09-24 06:22:33,077 [Datanode State Machine Thread - 0] INFO  statemachine.DatanodeStateMachine (DatanodeStateMachine.java:lambda$startDaemon$0(350)) - Ozone container server started.
2019-09-24 06:22:35,489 [grpc-default-executor-8] WARN  server.GrpcLogAppender (LogUtils.java:warn(134)) - 6af71f09-eab3-4645-8883-a2b3665a1ca1@group-B04AC77420B8->b1e67946-c9ea-4459-831d-c4b76e7bce93-AppendLogResponseHandler: Failed appendEntries: org.apache.ratis.thirdparty.io.grpc.StatusRuntimeException: UNAVAILABLE: io exception
2019-09-24 06:22:35,490 [grpc-default-executor-8] INFO  impl.FollowerInfo (FollowerInfo.java:lambda$new$0(51)) - 6af71f09-eab3-4645-8883-a2b3665a1ca1@group-B04AC77420B8->b1e67946-c9ea-4459-831d-c4b76e7bce93: nextIndex: updateUnconditionally 0 -> 0
2019-09-24 06:22:36,394 [EventQueue-StaleNodeForStaleNodeHandler] INFO  node.StaleNodeHandler (StaleNodeHandler.java:onMessage(58)) - Datanode 6af71f09-eab3-4645-8883-a2b3665a1ca1{ip: 192.168.151.91, host: trunk-nightly-20190924-mj2km-2450050911, networkLocation: /default-rack, certSerialId: null} moved to stale state. Finalizing its pipelines [PipelineID=4b778226-6580-4084-98c6-ca2d50c4de7b, PipelineID=4d49162f-3fa5-486f-961c-b04ac77420b8]
2019-09-24 06:22:36,395 [EventQueue-StaleNodeForStaleNodeHandler] INFO  pipeline.SCMPipelineManager (SCMPipelineManager.java:finalizeAndDestroyPipeline(315)) - destroying pipeline:Pipeline[ Id: 4b778226-6580-4084-98c6-ca2d50c4de7b, Nodes: 6af71f09-eab3-4645-8883-a2b3665a1ca1{ip: 192.168.151.91, host: trunk-nightly-20190924-mj2km-2450050911, networkLocation: /default-rack, certSerialId: null}, Type:RATIS, Factor:ONE, State:OPEN]
2019-09-24 06:22:36,395 [EventQueue-StaleNodeForStaleNodeHandler] INFO  pipeline.PipelineStateManager (PipelineStateManager.java:finalizePipeline(123)) - Pipeline Pipeline[ Id: 4b778226-6580-4084-98c6-ca2d50c4de7b, Nodes: 6af71f09-eab3-4645-8883-a2b3665a1ca1{ip: 192.168.151.91, host: trunk-nightly-20190924-mj2km-2450050911, networkLocation: /default-rack, certSerialId: null}, Type:RATIS, Factor:ONE, State:CLOSED] moved to CLOSED state
2019-09-24 06:22:36,396 [EventQueue-StaleNodeForStaleNodeHandler] INFO  pipeline.SCMPipelineManager (SCMPipelineManager.java:finalizeAndDestroyPipeline(315)) - destroying pipeline:Pipeline[ Id: 4d49162f-3fa5-486f-961c-b04ac77420b8, Nodes: b1e67946-c9ea-4459-831d-c4b76e7bce93{ip: 192.168.151.91, host: trunk-nightly-20190924-mj2km-2450050911, networkLocation: /default-rack, certSerialId: null}6af71f09-eab3-4645-8883-a2b3665a1ca1{ip: 192.168.151.91, host: trunk-nightly-20190924-mj2km-2450050911, networkLocation: /default-rack, certSerialId: null}c80bdc58-8b99-461e-b3c1-5966c3d571a0{ip: 192.168.151.91, host: trunk-nightly-20190924-mj2km-2450050911, networkLocation: /default-rack, certSerialId: null}, Type:RATIS, Factor:THREE, State:CLOSED]
2019-09-24 06:22:37,095 [EventQueue-StaleNodeForStaleNodeHandler] INFO  node.StaleNodeHandler (StaleNodeHandler.java:onMessage(58)) - Datanode 1944460d-8ee5-416d-a02c-bd5dce5bd506{ip: 192.168.151.91, host: trunk-nightly-20190924-mj2km-2450050911, networkLocation: /default-rack, certSerialId: null} moved to stale state. Finalizing its pipelines [PipelineID=e221a0b6-98de-4f36-ab23-2a99e4893629, PipelineID=03543528-0025-45a6-aea3-13361f1a052b]
2019-09-24 06:22:37,096 [EventQueue-StaleNodeForStaleNodeHandler] INFO  pipeline.SCMPipelineManager (SCMPipelineManager.java:finalizeAndDestroyPipeline(315)) - destroying pipeline:Pipeline[ Id: e221a0b6-98de-4f36-ab23-2a99e4893629, Nodes: 785edad9-7165-444d-90ff-997f52a16f53{ip: 192.168.151.91, host: trunk-nightly-20190924-mj2km-2450050911, networkLocation: /default-rack, certSerialId: null}1944460d-8ee5-416d-a02c-bd5dce5bd506{ip: 192.168.151.91, host: trunk-nightly-20190924-mj2km-2450050911, networkLocation: /default-rack, certSerialId: null}6f00f8fe-2a95-42ae-9e1e-7f02ea0c4b08{ip: 192.168.151.91, host: trunk-nightly-20190924-mj2km-2450050911, networkLocation: /default-rack, certSerialId: null}, Type:RATIS, Factor:THREE, State:OPEN]
2019-09-24 06:22:37,096 [EventQueue-StaleNodeForStaleNodeHandler] INFO  pipeline.PipelineStateManager (PipelineStateManager.java:finalizePipeline(123)) - Pipeline Pipeline[ Id: e221a0b6-98de-4f36-ab23-2a99e4893629, Nodes: 785edad9-7165-444d-90ff-997f52a16f53{ip: 192.168.151.91, host: trunk-nightly-20190924-mj2km-2450050911, networkLocation: /default-rack, certSerialId: null}1944460d-8ee5-416d-a02c-bd5dce5bd506{ip: 192.168.151.91, host: trunk-nightly-20190924-mj2km-2450050911, networkLocation: /default-rack, certSerialId: null}6f00f8fe-2a95-42ae-9e1e-7f02ea0c4b08{ip: 192.168.151.91, host: trunk-nightly-20190924-mj2km-2450050911, networkLocation: /default-rack, certSerialId: null}, Type:RATIS, Factor:THREE, State:CLOSED] moved to CLOSED state
2019-09-24 06:22:37,096 [EventQueue-CloseContainerForCloseContainerEventHandler] INFO  container.CloseContainerEventHandler (CloseContainerEventHandler.java:onMessage(61)) - Close container Event triggered for container : #2
2019-09-24 06:22:37,102 [EventQueue-StaleNodeForStaleNodeHandler] INFO  pipeline.SCMPipelineManager (SCMPipelineManager.java:finalizeAndDestroyPipeline(315)) - destroying pipeline:Pipeline[ Id: 03543528-0025-45a6-aea3-13361f1a052b, Nodes: 1944460d-8ee5-416d-a02c-bd5dce5bd506{ip: 192.168.151.91, host: trunk-nightly-20190924-mj2km-2450050911, networkLocation: /default-rack, certSerialId: null}, Type:RATIS, Factor:ONE, State:OPEN]
2019-09-24 06:22:37,105 [EventQueue-StaleNodeForStaleNodeHandler] INFO  pipeline.PipelineStateManager (PipelineStateManager.java:finalizePipeline(123)) - Pipeline Pipeline[ Id: 03543528-0025-45a6-aea3-13361f1a052b, Nodes: 1944460d-8ee5-416d-a02c-bd5dce5bd506{ip: 192.168.151.91, host: trunk-nightly-20190924-mj2km-2450050911, networkLocation: /default-rack, certSerialId: null}, Type:RATIS, Factor:ONE, State:CLOSED] moved to CLOSED state
2019-09-24 06:22:37,236 [main] INFO  ozoneimpl.OzoneContainer (OzoneContainer.java:stop(231)) - Attempting to stop container services.
2019-09-24 06:22:37,236 [ForkJoinPool.commonPool-worker-1] INFO  ozoneimpl.OzoneContainer (OzoneContainer.java:stop(231)) - Attempting to stop container services.
2019-09-24 06:22:37,237 [main] INFO  impl.RaftServerProxy (RaftServerProxy.java:lambda$close$4(314)) - 1944460d-8ee5-416d-a02c-bd5dce5bd506: close
2019-09-24 06:22:37,237 [ForkJoinPool.commonPool-worker-1] INFO  impl.RaftServerProxy (RaftServerProxy.java:lambda$close$4(314)) - 6af71f09-eab3-4645-8883-a2b3665a1ca1: close
2019-09-24 06:22:37,237 [main] INFO  impl.RaftServerImpl (RaftServerImpl.java:lambda$shutdown$3(251)) - 1944460d-8ee5-416d-a02c-bd5dce5bd506@group-2A99E4893629: shutdown
2019-09-24 06:22:37,237 [ForkJoinPool.commonPool-worker-1] INFO  impl.RaftServerImpl (RaftServerImpl.java:lambda$shutdown$3(251)) - 6af71f09-eab3-4645-8883-a2b3665a1ca1@group-CA2D50C4DE7B: shutdown
2019-09-24 06:22:37,238 [main] INFO  util.JmxRegister (JmxRegister.java:unregister(73)) - Successfully un-registered JMX Bean with object name Ratis:service=RaftServer,group=group-2A99E4893629,id=1944460d-8ee5-416d-a02c-bd5dce5bd506
2019-09-24 06:22:37,238 [ForkJoinPool.commonPool-worker-1] INFO  util.JmxRegister (JmxRegister.java:unregister(73)) - Successfully un-registered JMX Bean with object name Ratis:service=RaftServer,group=group-CA2D50C4DE7B,id=6af71f09-eab3-4645-8883-a2b3665a1ca1
2019-09-24 06:22:37,238 [main] INFO  impl.RoleInfo (RoleInfo.java:shutdownLeaderState(104)) - 1944460d-8ee5-416d-a02c-bd5dce5bd506: shutdown LeaderState
2019-09-24 06:22:37,238 [ForkJoinPool.commonPool-worker-1] INFO  impl.RoleInfo (RoleInfo.java:shutdownLeaderState(104)) - 6af71f09-eab3-4645-8883-a2b3665a1ca1: shutdown LeaderState
2019-09-24 06:22:37,244 [org.apache.ratis.server.impl.LogAppender$AppenderDaemon$$Lambda$518/2065324315@428c54e2] WARN  server.GrpcLogAppender (GrpcLogAppender.java:mayWait(143)) - 1944460d-8ee5-416d-a02c-bd5dce5bd506@group-2A99E4893629->785edad9-7165-444d-90ff-997f52a16f53-GrpcLogAppender: Wait interrupted by java.lang.InterruptedException
2019-09-24 06:22:37,244 [org.apache.ratis.server.impl.LogAppender$AppenderDaemon$$Lambda$518/2065324315@445b5b22] WARN  server.GrpcLogAppender (GrpcLogAppender.java:mayWait(143)) - 1944460d-8ee5-416d-a02c-bd5dce5bd506@group-2A99E4893629->6f00f8fe-2a95-42ae-9e1e-7f02ea0c4b08-GrpcLogAppender: Wait interrupted by java.lang.InterruptedException
2019-09-24 06:22:37,244 [main] INFO  impl.PendingRequests (PendingRequests.java:sendNotLeaderResponses(202)) - 1944460d-8ee5-416d-a02c-bd5dce5bd506-PendingRequests: sendNotLeaderResponses
2019-09-24 06:22:37,244 [ForkJoinPool.commonPool-worker-1] INFO  impl.PendingRequests (PendingRequests.java:sendNotLeaderResponses(202)) - 6af71f09-eab3-4645-8883-a2b3665a1ca1-PendingRequests: sendNotLeaderResponses
2019-09-24 06:22:37,245 [grpc-default-executor-6] INFO  server.GrpcServerProtocolService (GrpcServerProtocolService.java:onCompleted(113)) - 6f00f8fe-2a95-42ae-9e1e-7f02ea0c4b08: Completed APPEND_ENTRIES, lastRequest: 1944460d-8ee5-416d-a02c-bd5dce5bd506->6f00f8fe-2a95-42ae-9e1e-7f02ea0c4b08#27-t1, previous=(t:1, i:16), leaderCommit=16, initializing? false, entries: <empty>
2019-09-24 06:22:37,245 [grpc-default-executor-8] INFO  server.GrpcServerProtocolService (GrpcServerProtocolService.java:onCompleted(113)) - 785edad9-7165-444d-90ff-997f52a16f53: Completed APPEND_ENTRIES, lastRequest: 1944460d-8ee5-416d-a02c-bd5dce5bd506->785edad9-7165-444d-90ff-997f52a16f53#27-t1, previous=(t:1, i:16), leaderCommit=16, initializing? false, entries: <empty>
2019-09-24 06:22:37,250 [1944460d-8ee5-416d-a02c-bd5dce5bd506@group-2A99E4893629-StateMachineUpdater] INFO  ratis.ContainerStateMachine (ContainerStateMachine.java:takeSnapshot(289)) - group-2A99E4893629: Taking a snapshot at:(t:1, i:14) file /workdir/hadoop-ozone/integration-test/target/test-dir/MiniOzoneClusterImpl-a40bf951-cab5-4b8a-b522-79b69e6c8739/datanode-4/data/ratis/e221a0b6-98de-4f36-ab23-2a99e4893629/sm/snapshot.1_14
2019-09-24 06:22:37,250 [main] INFO  impl.StateMachineUpdater (StateMachineUpdater.java:stopAndJoin(125)) - 1944460d-8ee5-416d-a02c-bd5dce5bd506@group-2A99E4893629-StateMachineUpdater: set stopIndex = 16
2019-09-24 06:22:37,250 [ForkJoinPool.commonPool-worker-1] INFO  impl.StateMachineUpdater (StateMachineUpdater.java:stopAndJoin(125)) - 6af71f09-eab3-4645-8883-a2b3665a1ca1@group-CA2D50C4DE7B-StateMachineUpdater: set stopIndex = 0
2019-09-24 06:22:37,251 [ForkJoinPool.commonPool-worker-1] INFO  impl.RaftServerImpl (ServerState.java:close(385)) - 6af71f09-eab3-4645-8883-a2b3665a1ca1@group-CA2D50C4DE7B: closes. applyIndex: 0
2019-09-24 06:22:37,251 [grpc-default-executor-9] INFO  server.GrpcLogAppender (GrpcLogAppender.java:onCompleted(293)) - 1944460d-8ee5-416d-a02c-bd5dce5bd506@group-2A99E4893629->785edad9-7165-444d-90ff-997f52a16f53-AppendLogResponseHandler: follower responses appendEntries COMPLETED
2019-09-24 06:22:37,251 [grpc-default-executor-8] INFO  server.GrpcLogAppender (GrpcLogAppender.java:onCompleted(293)) - 1944460d-8ee5-416d-a02c-bd5dce5bd506@group-2A99E4893629->6f00f8fe-2a95-42ae-9e1e-7f02ea0c4b08-AppendLogResponseHandler: follower responses appendEntries COMPLETED
2019-09-24 06:22:37,252 [grpc-default-executor-9] INFO  impl.FollowerInfo (FollowerInfo.java:lambda$new$0(51)) - 1944460d-8ee5-416d-a02c-bd5dce5bd506@group-2A99E4893629->785edad9-7165-444d-90ff-997f52a16f53: nextIndex: updateUnconditionally 17 -> 16
2019-09-24 06:22:37,252 [6af71f09-eab3-4645-8883-a2b3665a1ca1@group-CA2D50C4DE7B-SegmentedRaftLogWorker] INFO  segmented.SegmentedRaftLogWorker (SegmentedRaftLogWorker.java:run(313)) - 6af71f09-eab3-4645-8883-a2b3665a1ca1@group-CA2D50C4DE7B-SegmentedRaftLogWorker was interrupted, exiting. There are 0 tasks remaining in the queue.
2019-09-24 06:22:37,252 [grpc-default-executor-8] INFO  impl.FollowerInfo (FollowerInfo.java:lambda$new$0(51)) - 1944460d-8ee5-416d-a02c-bd5dce5bd506@group-2A99E4893629->6f00f8fe-2a95-42ae-9e1e-7f02ea0c4b08: nextIndex: updateUnconditionally 17 -> 16
2019-09-24 06:22:37,263 [ForkJoinPool.commonPool-worker-1] INFO  segmented.SegmentedRaftLogWorker (SegmentedRaftLogWorker.java:close(228)) - 6af71f09-eab3-4645-8883-a2b3665a1ca1@group-CA2D50C4DE7B-SegmentedRaftLogWorker close()
2019-09-24 06:22:37,268 [ForkJoinPool.commonPool-worker-1] INFO  impl.RaftServerImpl (RaftServerImpl.java:lambda$shutdown$3(251)) - 6af71f09-eab3-4645-8883-a2b3665a1ca1@group-B04AC77420B8: shutdown
2019-09-24 06:22:37,268 [ForkJoinPool.commonPool-worker-1] INFO  util.JmxRegister (JmxRegister.java:unregister(73)) - Successfully un-registered JMX Bean with object name Ratis:service=RaftServer,group=group-B04AC77420B8,id=6af71f09-eab3-4645-8883-a2b3665a1ca1
2019-09-24 06:22:37,268 [ForkJoinPool.commonPool-worker-1] INFO  impl.RoleInfo (RoleInfo.java:shutdownLeaderState(104)) - 6af71f09-eab3-4645-8883-a2b3665a1ca1: shutdown LeaderState
2019-09-24 06:22:37,273 [ForkJoinPool.commonPool-worker-1] INFO  impl.PendingRequests (PendingRequests.java:sendNotLeaderResponses(202)) - 6af71f09-eab3-4645-8883-a2b3665a1ca1-PendingRequests: sendNotLeaderResponses
2019-09-24 06:22:37,273 [1944460d-8ee5-416d-a02c-bd5dce5bd506@group-2A99E4893629-StateMachineUpdater] INFO  ratis.ContainerStateMachine (ContainerStateMachine.java:takeSnapshot(300)) - group-2A99E4893629: Finished taking a snapshot at:(t:1, i:14) file:/workdir/hadoop-ozone/integration-test/target/test-dir/MiniOzoneClusterImpl-a40bf951-cab5-4b8a-b522-79b69e6c8739/datanode-4/data/ratis/e221a0b6-98de-4f36-ab23-2a99e4893629/sm/snapshot.1_14 time:24
2019-09-24 06:22:37,274 [ForkJoinPool.commonPool-worker-1] INFO  impl.StateMachineUpdater (StateMachineUpdater.java:stopAndJoin(125)) - 6af71f09-eab3-4645-8883-a2b3665a1ca1@group-B04AC77420B8-StateMachineUpdater: set stopIndex = 18
2019-09-24 06:22:37,274 [1944460d-8ee5-416d-a02c-bd5dce5bd506@group-2A99E4893629-StateMachineUpdater] INFO  impl.StateMachineUpdater (StateMachineUpdater.java:takeSnapshot(258)) - 1944460d-8ee5-416d-a02c-bd5dce5bd506@group-2A99E4893629-StateMachineUpdater: Took a snapshot at index 14
2019-09-24 06:22:37,273 [org.apache.ratis.server.impl.LogAppender$AppenderDaemon$$Lambda$518/2065324315@1d247d53] WARN  server.GrpcLogAppender (GrpcLogAppender.java:mayWait(143)) - 6af71f09-eab3-4645-8883-a2b3665a1ca1@group-B04AC77420B8->c80bdc58-8b99-461e-b3c1-5966c3d571a0-GrpcLogAppender: Wait interrupted by java.lang.InterruptedException
2019-09-24 06:22:37,273 [org.apache.ratis.server.impl.LogAppender$AppenderDaemon$$Lambda$518/2065324315@41b530eb] WARN  server.GrpcLogAppender (GrpcLogAppender.java:mayWait(143)) - 6af71f09-eab3-4645-8883-a2b3665a1ca1@group-B04AC77420B8->b1e67946-c9ea-4459-831d-c4b76e7bce93-GrpcLogAppender: Wait interrupted by java.lang.InterruptedException
2019-09-24 06:22:37,274 [1944460d-8ee5-416d-a02c-bd5dce5bd506@group-2A99E4893629-StateMachineUpdater] INFO  impl.StateMachineUpdater (StateMachineUpdater.java:lambda$new$0(83)) - 1944460d-8ee5-416d-a02c-bd5dce5bd506@group-2A99E4893629-StateMachineUpdater: snapshotIndex: updateIncreasingly -1 -> 14
2019-09-24 06:22:37,274 [6af71f09-eab3-4645-8883-a2b3665a1ca1@group-B04AC77420B8-StateMachineUpdater] INFO  ratis.ContainerStateMachine (ContainerStateMachine.java:takeSnapshot(289)) - group-B04AC77420B8: Taking a snapshot at:(t:1, i:14) file /workdir/hadoop-ozone/integration-test/target/test-dir/MiniOzoneClusterImpl-a40bf951-cab5-4b8a-b522-79b69e6c8739/datanode-1/data/ratis/4d49162f-3fa5-486f-961c-b04ac77420b8/sm/snapshot.1_14
2019-09-24 06:22:37,275 [grpc-default-executor-8] INFO  server.GrpcServerProtocolService (GrpcServerProtocolService.java:onCompleted(113)) - c80bdc58-8b99-461e-b3c1-5966c3d571a0: Completed APPEND_ENTRIES, lastRequest: 6af71f09-eab3-4645-8883-a2b3665a1ca1->c80bdc58-8b99-461e-b3c1-5966c3d571a0#4-t3, previous=(t:3, i:18), leaderCommit=18, initializing? false, entries: <empty>
2019-09-24 06:22:37,275 [1944460d-8ee5-416d-a02c-bd5dce5bd506@group-2A99E4893629-StateMachineUpdater] INFO  ratis.ContainerStateMachine (ContainerStateMachine.java:takeSnapshot(289)) - group-2A99E4893629: Taking a snapshot at:(t:1, i:14) file /workdir/hadoop-ozone/integration-test/target/test-dir/MiniOzoneClusterImpl-a40bf951-cab5-4b8a-b522-79b69e6c8739/datanode-4/data/ratis/e221a0b6-98de-4f36-ab23-2a99e4893629/sm/snapshot.1_14
2019-09-24 06:22:37,276 [grpc-default-executor-8] INFO  server.GrpcLogAppender (GrpcLogAppender.java:onCompleted(293)) - 6af71f09-eab3-4645-8883-a2b3665a1ca1@group-B04AC77420B8->c80bdc58-8b99-461e-b3c1-5966c3d571a0-AppendLogResponseHandler: follower responses appendEntries COMPLETED
2019-09-24 06:22:37,276 [grpc-default-executor-8] INFO  impl.FollowerInfo (FollowerInfo.java:lambda$new$0(51)) - 6af71f09-eab3-4645-8883-a2b3665a1ca1@group-B04AC77420B8->c80bdc58-8b99-461e-b3c1-5966c3d571a0: nextIndex: updateUnconditionally 19 -> 18
2019-09-24 06:22:37,288 [6af71f09-eab3-4645-8883-a2b3665a1ca1@group-B04AC77420B8-StateMachineUpdater] INFO  ratis.ContainerStateMachine (ContainerStateMachine.java:takeSnapshot(300)) - group-B04AC77420B8: Finished taking a snapshot at:(t:1, i:14) file:/workdir/hadoop-ozone/integration-test/target/test-dir/MiniOzoneClusterImpl-a40bf951-cab5-4b8a-b522-79b69e6c8739/datanode-1/data/ratis/4d49162f-3fa5-486f-961c-b04ac77420b8/sm/snapshot.1_14 time:15
2019-09-24 06:22:37,288 [1944460d-8ee5-416d-a02c-bd5dce5bd506@group-2A99E4893629-StateMachineUpdater] INFO  ratis.ContainerStateMachine (ContainerStateMachine.java:takeSnapshot(300)) - group-2A99E4893629: Finished taking a snapshot at:(t:1, i:14) file:/workdir/hadoop-ozone/integration-test/target/test-dir/MiniOzoneClusterImpl-a40bf951-cab5-4b8a-b522-79b69e6c8739/datanode-4/data/ratis/e221a0b6-98de-4f36-ab23-2a99e4893629/sm/snapshot.1_14 time:13
2019-09-24 06:22:37,289 [6af71f09-eab3-4645-8883-a2b3665a1ca1@group-B04AC77420B8-StateMachineUpdater] INFO  impl.StateMachineUpdater (StateMachineUpdater.java:takeSnapshot(258)) - 6af71f09-eab3-4645-8883-a2b3665a1ca1@group-B04AC77420B8-StateMachineUpdater: Took a snapshot at index 14
2019-09-24 06:22:37,289 [1944460d-8ee5-416d-a02c-bd5dce5bd506@group-2A99E4893629-StateMachineUpdater] INFO  impl.StateMachineUpdater (StateMachineUpdater.java:takeSnapshot(258)) - 1944460d-8ee5-416d-a02c-bd5dce5bd506@group-2A99E4893629-StateMachineUpdater: Took a snapshot at index 14
2019-09-24 06:22:37,289 [6af71f09-eab3-4645-8883-a2b3665a1ca1@group-B04AC77420B8-StateMachineUpdater] INFO  impl.StateMachineUpdater (StateMachineUpdater.java:lambda$new$0(83)) - 6af71f09-eab3-4645-8883-a2b3665a1ca1@group-B04AC77420B8-StateMachineUpdater: snapshotIndex: updateIncreasingly -1 -> 14
2019-09-24 06:22:37,289 [1944460d-8ee5-416d-a02c-bd5dce5bd506@group-2A99E4893629-StateMachineUpdater] INFO  impl.StateMachineUpdater (StateMachineUpdater.java:lambda$new$0(83)) - 1944460d-8ee5-416d-a02c-bd5dce5bd506@group-2A99E4893629-StateMachineUpdater: snapshotIndex: updateIncreasingly 14 -> 14
2019-09-24 06:22:37,289 [6af71f09-eab3-4645-8883-a2b3665a1ca1@group-B04AC77420B8-StateMachineUpdater] INFO  ratis.ContainerStateMachine (ContainerStateMachine.java:takeSnapshot(289)) - group-B04AC77420B8: Taking a snapshot at:(t:1, i:14) file /workdir/hadoop-ozone/integration-test/target/test-dir/MiniOzoneClusterImpl-a40bf951-cab5-4b8a-b522-79b69e6c8739/datanode-1/data/ratis/4d49162f-3fa5-486f-961c-b04ac77420b8/sm/snapshot.1_14
2019-09-24 06:22:37,289 [main] INFO  impl.RaftServerImpl (ServerState.java:close(385)) - 1944460d-8ee5-416d-a02c-bd5dce5bd506@group-2A99E4893629: closes. applyIndex: 16
2019-09-24 06:22:37,290 [1944460d-8ee5-416d-a02c-bd5dce5bd506@group-2A99E4893629-SegmentedRaftLogWorker] INFO  segmented.SegmentedRaftLogWorker (SegmentedRaftLogWorker.java:run(313)) - 1944460d-8ee5-416d-a02c-bd5dce5bd506@group-2A99E4893629-SegmentedRaftLogWorker was interrupted, exiting. There are 0 tasks remaining in the queue.
2019-09-24 06:22:37,293 [main] INFO  segmented.SegmentedRaftLogWorker (SegmentedRaftLogWorker.java:close(228)) - 1944460d-8ee5-416d-a02c-bd5dce5bd506@group-2A99E4893629-SegmentedRaftLogWorker close()
2019-09-24 06:22:37,296 [main] INFO  impl.RaftServerImpl (RaftServerImpl.java:lambda$shutdown$3(251)) - 1944460d-8ee5-416d-a02c-bd5dce5bd506@group-13361F1A052B: shutdown
2019-09-24 06:22:37,296 [main] INFO  util.JmxRegister (JmxRegister.java:unregister(73)) - Successfully un-registered JMX Bean with object name Ratis:service=RaftServer,group=group-13361F1A052B,id=1944460d-8ee5-416d-a02c-bd5dce5bd506
2019-09-24 06:22:37,296 [main] INFO  impl.RoleInfo (RoleInfo.java:shutdownLeaderState(104)) - 1944460d-8ee5-416d-a02c-bd5dce5bd506: shutdown LeaderState
2019-09-24 06:22:37,297 [main] INFO  impl.PendingRequests (PendingRequests.java:sendNotLeaderResponses(202)) - 1944460d-8ee5-416d-a02c-bd5dce5bd506-PendingRequests: sendNotLeaderResponses
2019-09-24 06:22:37,297 [main] INFO  impl.StateMachineUpdater (StateMachineUpdater.java:stopAndJoin(125)) - 1944460d-8ee5-416d-a02c-bd5dce5bd506@group-13361F1A052B-StateMachineUpdater: set stopIndex = 0
2019-09-24 06:22:37,298 [main] INFO  impl.RaftServerImpl (ServerState.java:close(385)) - 1944460d-8ee5-416d-a02c-bd5dce5bd506@group-13361F1A052B: closes. applyIndex: 0
2019-09-24 06:22:37,298 [1944460d-8ee5-416d-a02c-bd5dce5bd506@group-13361F1A052B-SegmentedRaftLogWorker] INFO  segmented.SegmentedRaftLogWorker (SegmentedRaftLogWorker.java:run(313)) - 1944460d-8ee5-416d-a02c-bd5dce5bd506@group-13361F1A052B-SegmentedRaftLogWorker was interrupted, exiting. There are 0 tasks remaining in the queue.
2019-09-24 06:22:37,298 [main] INFO  segmented.SegmentedRaftLogWorker (SegmentedRaftLogWorker.java:close(228)) - 1944460d-8ee5-416d-a02c-bd5dce5bd506@group-13361F1A052B-SegmentedRaftLogWorker close()
2019-09-24 06:22:37,301 [main] INFO  server.GrpcService (GrpcService.java:closeImpl(164)) - 1944460d-8ee5-416d-a02c-bd5dce5bd506: shutdown server with port 32780 now
2019-09-24 06:22:37,302 [grpc-default-executor-9] WARN  client.GrpcClientProtocolService (LogUtils.java:warn(134)) - 1-UnorderedRequestStreamObserver1: onError: org.apache.ratis.thirdparty.io.grpc.StatusRuntimeException: CANCELLED: cancelled before receiving half close
2019-09-24 06:22:37,302 [main] INFO  server.GrpcService (GrpcService.java:closeImpl(172)) - 1944460d-8ee5-416d-a02c-bd5dce5bd506: shutdown server with port 32780 successfully
2019-09-24 06:22:37,304 [refreshUsed-/workdir/hadoop-ozone/integration-test/target/test-dir/MiniOzoneClusterImpl-a40bf951-cab5-4b8a-b522-79b69e6c8739/datanode-4/data/containers] WARN  fs.CachingGetSpaceUsed (CachingGetSpaceUsed.java:run(183)) - Thread Interrupted waiting to refresh disk information: sleep interrupted
2019-09-24 06:22:37,313 [6af71f09-eab3-4645-8883-a2b3665a1ca1@group-B04AC77420B8-StateMachineUpdater] INFO  ratis.ContainerStateMachine (ContainerStateMachine.java:takeSnapshot(300)) - group-B04AC77420B8: Finished taking a snapshot at:(t:1, i:14) file:/workdir/hadoop-ozone/integration-test/target/test-dir/MiniOzoneClusterImpl-a40bf951-cab5-4b8a-b522-79b69e6c8739/datanode-1/data/ratis/4d49162f-3fa5-486f-961c-b04ac77420b8/sm/snapshot.1_14 time:25
2019-09-24 06:22:37,314 [6af71f09-eab3-4645-8883-a2b3665a1ca1@group-B04AC77420B8-StateMachineUpdater] INFO  impl.StateMachineUpdater (StateMachineUpdater.java:takeSnapshot(258)) - 6af71f09-eab3-4645-8883-a2b3665a1ca1@group-B04AC77420B8-StateMachineUpdater: Took a snapshot at index 14
2019-09-24 06:22:37,314 [6af71f09-eab3-4645-8883-a2b3665a1ca1@group-B04AC77420B8-StateMachineUpdater] INFO  impl.StateMachineUpdater (StateMachineUpdater.java:lambda$new$0(83)) - 6af71f09-eab3-4645-8883-a2b3665a1ca1@group-B04AC77420B8-StateMachineUpdater: snapshotIndex: updateIncreasingly 14 -> 14
2019-09-24 06:22:37,314 [ForkJoinPool.commonPool-worker-1] INFO  impl.RaftServerImpl (ServerState.java:close(385)) - 6af71f09-eab3-4645-8883-a2b3665a1ca1@group-B04AC77420B8: closes. applyIndex: 18
2019-09-24 06:22:37,314 [6af71f09-eab3-4645-8883-a2b3665a1ca1@group-B04AC77420B8-SegmentedRaftLogWorker] INFO  segmented.SegmentedRaftLogWorker (SegmentedRaftLogWorker.java:run(313)) - 6af71f09-eab3-4645-8883-a2b3665a1ca1@group-B04AC77420B8-SegmentedRaftLogWorker was interrupted, exiting. There are 0 tasks remaining in the queue.
2019-09-24 06:22:37,317 [ForkJoinPool.commonPool-worker-1] INFO  segmented.SegmentedRaftLogWorker (SegmentedRaftLogWorker.java:close(228)) - 6af71f09-eab3-4645-8883-a2b3665a1ca1@group-B04AC77420B8-SegmentedRaftLogWorker close()
2019-09-24 06:22:37,319 [ForkJoinPool.commonPool-worker-1] INFO  server.GrpcService (GrpcService.java:closeImpl(164)) - 6af71f09-eab3-4645-8883-a2b3665a1ca1: shutdown server with port 45219 now
2019-09-24 06:22:37,319 [ForkJoinPool.commonPool-worker-1] INFO  server.GrpcService (GrpcService.java:closeImpl(172)) - 6af71f09-eab3-4645-8883-a2b3665a1ca1: shutdown server with port 45219 successfully
2019-09-24 06:22:37,321 [refreshUsed-/workdir/hadoop-ozone/integration-test/target/test-dir/MiniOzoneClusterImpl-a40bf951-cab5-4b8a-b522-79b69e6c8739/datanode-1/data/containers] WARN  fs.CachingGetSpaceUsed (CachingGetSpaceUsed.java:run(183)) - Thread Interrupted waiting to refresh disk information: sleep interrupted
2019-09-24 06:22:37,325 [main] INFO  utils.BackgroundService (BackgroundService.java:shutdown(148)) - Shutting down service BlockDeletingService
2019-09-24 06:22:37,331 [main] INFO  statemachine.DatanodeStateMachine (DatanodeStateMachine.java:stopDaemon(395)) - Ozone container server stopped.
2019-09-24 06:22:37,332 [main] INFO  handler.ContextHandler (ContextHandler.java:doStop(910)) - Stopped o.e.j.w.WebAppContext@99a8de3{/,null,UNAVAILABLE}{/hddsDatanode}
2019-09-24 06:22:37,333 [main] INFO  server.AbstractConnector (AbstractConnector.java:doStop(318)) - Stopped ServerConnector@87f501f{HTTP/1.1,[http/1.1]}{0.0.0.0:0}
2019-09-24 06:22:37,334 [main] INFO  handler.ContextHandler (ContextHandler.java:doStop(910)) - Stopped o.e.j.s.ServletContextHandler@7d484fcd{/static,jar:file:/home/user/.m2/repository/org/apache/hadoop/hadoop-hdds-container-service/0.5.0-SNAPSHOT/hadoop-hdds-container-service-0.5.0-SNAPSHOT.jar!/webapps/static,UNAVAILABLE}
2019-09-24 06:22:37,334 [main] INFO  handler.ContextHandler (ContextHandler.java:doStop(910)) - Stopped o.e.j.s.ServletContextHandler@3869a6e5{/logs,file:///workdir/hadoop-ozone/integration-test/target/log,UNAVAILABLE}
2019-09-24 06:22:37,337 [ForkJoinPool.commonPool-worker-1] INFO  utils.BackgroundService (BackgroundService.java:shutdown(148)) - Shutting down service BlockDeletingService
2019-09-24 06:22:37,342 [ForkJoinPool.commonPool-worker-1] INFO  statemachine.DatanodeStateMachine (DatanodeStateMachine.java:stopDaemon(395)) - Ozone container server stopped.
2019-09-24 06:22:37,348 [ForkJoinPool.commonPool-worker-1] INFO  handler.ContextHandler (ContextHandler.java:doStop(910)) - Stopped o.e.j.w.WebAppContext@7b8ea1db{/,null,UNAVAILABLE}{/hddsDatanode}
2019-09-24 06:22:37,348 [ForkJoinPool.commonPool-worker-1] INFO  server.AbstractConnector (AbstractConnector.java:doStop(318)) - Stopped ServerConnector@a91119b{HTTP/1.1,[http/1.1]}{0.0.0.0:0}
2019-09-24 06:22:37,349 [ForkJoinPool.commonPool-worker-1] INFO  handler.ContextHandler (ContextHandler.java:doStop(910)) - Stopped o.e.j.s.ServletContextHandler@755b5f30{/static,jar:file:/home/user/.m2/repository/org/apache/hadoop/hadoop-hdds-container-service/0.5.0-SNAPSHOT/hadoop-hdds-container-service-0.5.0-SNAPSHOT.jar!/webapps/static,UNAVAILABLE}
2019-09-24 06:22:37,351 [ForkJoinPool.commonPool-worker-1] INFO  handler.ContextHandler (ContextHandler.java:doStop(910)) - Stopped o.e.j.s.ServletContextHandler@785ed99c{/logs,file:///workdir/hadoop-ozone/integration-test/target/log,UNAVAILABLE}
2019-09-24 06:22:37,401 [Datanode State Machine Thread - 0] INFO  statemachine.DatanodeStateMachine (DatanodeStateMachine.java:lambda$startDaemon$0(350)) - Ozone container server started.
2019-09-24 06:22:38,077 [Datanode State Machine Thread - 0] INFO  statemachine.DatanodeStateMachine (DatanodeStateMachine.java:lambda$startDaemon$0(350)) - Ozone container server started.
2019-09-24 06:22:40,530 [Thread-3096] INFO  impl.FollowerState (FollowerState.java:run(106)) - c80bdc58-8b99-461e-b3c1-5966c3d571a0:group-B04AC77420B8 changes to CANDIDATE, lastRpcTime:5040, electionTimeout:5027ms
2019-09-24 06:22:40,531 [Thread-3096] INFO  impl.RoleInfo (RoleInfo.java:shutdownFollowerState(121)) - c80bdc58-8b99-461e-b3c1-5966c3d571a0: shutdown FollowerState
2019-09-24 06:22:40,531 [Thread-3096] INFO  impl.RaftServerImpl (RaftServerImpl.java:setRole(174)) - c80bdc58-8b99-461e-b3c1-5966c3d571a0@group-B04AC77420B8: changes role from  FOLLOWER to CANDIDATE at term 3 for changeToCandidate
2019-09-24 06:22:40,532 [Thread-3096] INFO  impl.RoleInfo (RoleInfo.java:updateAndGet(143)) - c80bdc58-8b99-461e-b3c1-5966c3d571a0: start LeaderElection
2019-09-24 06:22:40,539 [c80bdc58-8b99-461e-b3c1-5966c3d571a0@group-B04AC77420B8:LeaderElection69] INFO  impl.RaftServerImpl (ServerState.java:setLeader(253)) - c80bdc58-8b99-461e-b3c1-5966c3d571a0@group-B04AC77420B8: change Leader from 6af71f09-eab3-4645-8883-a2b3665a1ca1 to null at term 3 for initElection
2019-09-24 06:22:40,554 [c80bdc58-8b99-461e-b3c1-5966c3d571a0@group-B04AC77420B8:LeaderElection69] INFO  impl.LeaderElection (LeaderElection.java:askForVotes(182)) - c80bdc58-8b99-461e-b3c1-5966c3d571a0@group-B04AC77420B8:LeaderElection69: begin an election at term 4 for 17: [b1e67946-c9ea-4459-831d-c4b76e7bce93:192.168.151.91:35185, 6af71f09-eab3-4645-8883-a2b3665a1ca1:192.168.151.91:45219, c80bdc58-8b99-461e-b3c1-5966c3d571a0:192.168.151.91:46271], old=null
2019-09-24 06:22:40,557 [c80bdc58-8b99-461e-b3c1-5966c3d571a0@group-B04AC77420B8:LeaderElection69] INFO  impl.LeaderElection (LogUtils.java:infoOrTrace(149)) - c80bdc58-8b99-461e-b3c1-5966c3d571a0@group-B04AC77420B8:LeaderElection69 got exception when requesting votes: {}
java.util.concurrent.ExecutionException: org.apache.ratis.thirdparty.io.grpc.StatusRuntimeException: UNAVAILABLE: io exception
	at java.util.concurrent.FutureTask.report(FutureTask.java:122)
	at java.util.concurrent.FutureTask.get(FutureTask.java:192)
	at org.apache.ratis.server.impl.LeaderElection.waitForResults(LeaderElection.java:263)
	at org.apache.ratis.server.impl.LeaderElection.askForVotes(LeaderElection.java:201)
	at org.apache.ratis.server.impl.LeaderElection.run(LeaderElection.java:133)
	at java.lang.Thread.run(Thread.java:748)
Caused by: org.apache.ratis.thirdparty.io.grpc.StatusRuntimeException: UNAVAILABLE: io exception
	at org.apache.ratis.thirdparty.io.grpc.stub.ClientCalls.toStatusRuntimeException(ClientCalls.java:233)
	at org.apache.ratis.thirdparty.io.grpc.stub.ClientCalls.getUnchecked(ClientCalls.java:214)
	at org.apache.ratis.thirdparty.io.grpc.stub.ClientCalls.blockingUnaryCall(ClientCalls.java:139)
	at org.apache.ratis.proto.grpc.RaftServerProtocolServiceGrpc$RaftServerProtocolServiceBlockingStub.requestVote(RaftServerProtocolServiceGrpc.java:265)
	at org.apache.ratis.grpc.server.GrpcServerProtocolClient.requestVote(GrpcServerProtocolClient.java:90)
	at org.apache.ratis.grpc.server.GrpcService.requestVote(GrpcService.java:204)
	at org.apache.ratis.server.impl.LeaderElection.lambda$submitRequests$1(LeaderElection.java:238)
	at java.util.concurrent.FutureTask.run(FutureTask.java:266)
	at java.util.concurrent.Executors$RunnableAdapter.call(Executors.java:511)
	at java.util.concurrent.FutureTask.run(FutureTask.java:266)
	at java.util.concurrent.ThreadPoolExecutor.runWorker(ThreadPoolExecutor.java:1149)
	at java.util.concurrent.ThreadPoolExecutor$Worker.run(ThreadPoolExecutor.java:624)
	... 1 more
Caused by: org.apache.ratis.thirdparty.io.netty.channel.AbstractChannel$AnnotatedConnectException: Connection refused: /192.168.151.91:35185
	at sun.nio.ch.SocketChannelImpl.checkConnect(Native Method)
	at sun.nio.ch.SocketChannelImpl.finishConnect(SocketChannelImpl.java:717)
	at org.apache.ratis.thirdparty.io.netty.channel.socket.nio.NioSocketChannel.doFinishConnect(NioSocketChannel.java:327)
	at org.apache.ratis.thirdparty.io.netty.channel.nio.AbstractNioChannel$AbstractNioUnsafe.finishConnect(AbstractNioChannel.java:340)
	at org.apache.ratis.thirdparty.io.netty.channel.nio.NioEventLoop.processSelectedKey(NioEventLoop.java:632)
	at org.apache.ratis.thirdparty.io.netty.channel.nio.NioEventLoop.processSelectedKeysOptimized(NioEventLoop.java:579)
	at org.apache.ratis.thirdparty.io.netty.channel.nio.NioEventLoop.processSelectedKeys(NioEventLoop.java:496)
	at org.apache.ratis.thirdparty.io.netty.channel.nio.NioEventLoop.run(NioEventLoop.java:458)
	at org.apache.ratis.thirdparty.io.netty.util.concurrent.SingleThreadEventExecutor$5.run(SingleThreadEventExecutor.java:897)
	at org.apache.ratis.thirdparty.io.netty.util.concurrent.FastThreadLocalRunnable.run(FastThreadLocalRunnable.java:30)
	... 1 more
Caused by: java.net.ConnectException: Connection refused
	... 11 more
2019-09-24 06:22:40,561 [c80bdc58-8b99-461e-b3c1-5966c3d571a0@group-B04AC77420B8:LeaderElection69] INFO  impl.LeaderElection (LogUtils.java:infoOrTrace(149)) - c80bdc58-8b99-461e-b3c1-5966c3d571a0@group-B04AC77420B8:LeaderElection69 got exception when requesting votes: {}
java.util.concurrent.ExecutionException: org.apache.ratis.thirdparty.io.grpc.StatusRuntimeException: UNAVAILABLE: io exception
	at java.util.concurrent.FutureTask.report(FutureTask.java:122)
	at java.util.concurrent.FutureTask.get(FutureTask.java:192)
	at org.apache.ratis.server.impl.LeaderElection.waitForResults(LeaderElection.java:263)
	at org.apache.ratis.server.impl.LeaderElection.askForVotes(LeaderElection.java:201)
	at org.apache.ratis.server.impl.LeaderElection.run(LeaderElection.java:133)
	at java.lang.Thread.run(Thread.java:748)
Caused by: org.apache.ratis.thirdparty.io.grpc.StatusRuntimeException: UNAVAILABLE: io exception
	at org.apache.ratis.thirdparty.io.grpc.stub.ClientCalls.toStatusRuntimeException(ClientCalls.java:233)
	at org.apache.ratis.thirdparty.io.grpc.stub.ClientCalls.getUnchecked(ClientCalls.java:214)
	at org.apache.ratis.thirdparty.io.grpc.stub.ClientCalls.blockingUnaryCall(ClientCalls.java:139)
	at org.apache.ratis.proto.grpc.RaftServerProtocolServiceGrpc$RaftServerProtocolServiceBlockingStub.requestVote(RaftServerProtocolServiceGrpc.java:265)
	at org.apache.ratis.grpc.server.GrpcServerProtocolClient.requestVote(GrpcServerProtocolClient.java:90)
	at org.apache.ratis.grpc.server.GrpcService.requestVote(GrpcService.java:204)
	at org.apache.ratis.server.impl.LeaderElection.lambda$submitRequests$1(LeaderElection.java:238)
	at java.util.concurrent.FutureTask.run(FutureTask.java:266)
	at java.util.concurrent.Executors$RunnableAdapter.call(Executors.java:511)
	at java.util.concurrent.FutureTask.run(FutureTask.java:266)
	at java.util.concurrent.ThreadPoolExecutor.runWorker(ThreadPoolExecutor.java:1149)
	at java.util.concurrent.ThreadPoolExecutor$Worker.run(ThreadPoolExecutor.java:624)
	... 1 more
Caused by: org.apache.ratis.thirdparty.io.netty.channel.AbstractChannel$AnnotatedConnectException: Connection refused: /192.168.151.91:45219
	at sun.nio.ch.SocketChannelImpl.checkConnect(Native Method)
	at sun.nio.ch.SocketChannelImpl.finishConnect(SocketChannelImpl.java:717)
	at org.apache.ratis.thirdparty.io.netty.channel.socket.nio.NioSocketChannel.doFinishConnect(NioSocketChannel.java:327)
	at org.apache.ratis.thirdparty.io.netty.channel.nio.AbstractNioChannel$AbstractNioUnsafe.finishConnect(AbstractNioChannel.java:340)
	at org.apache.ratis.thirdparty.io.netty.channel.nio.NioEventLoop.processSelectedKey(NioEventLoop.java:632)
	at org.apache.ratis.thirdparty.io.netty.channel.nio.NioEventLoop.processSelectedKeysOptimized(NioEventLoop.java:579)
	at org.apache.ratis.thirdparty.io.netty.channel.nio.NioEventLoop.processSelectedKeys(NioEventLoop.java:496)
	at org.apache.ratis.thirdparty.io.netty.channel.nio.NioEventLoop.run(NioEventLoop.java:458)
	at org.apache.ratis.thirdparty.io.netty.util.concurrent.SingleThreadEventExecutor$5.run(SingleThreadEventExecutor.java:897)
	at org.apache.ratis.thirdparty.io.netty.util.concurrent.FastThreadLocalRunnable.run(FastThreadLocalRunnable.java:30)
	... 1 more
Caused by: java.net.ConnectException: Connection refused
	... 11 more
2019-09-24 06:22:40,564 [c80bdc58-8b99-461e-b3c1-5966c3d571a0@group-B04AC77420B8:LeaderElection69] INFO  impl.LeaderElection (LeaderElection.java:logAndReturn(56)) - c80bdc58-8b99-461e-b3c1-5966c3d571a0@group-B04AC77420B8:LeaderElection69: Election REJECTED; received 0 response(s) [] and 2 exception(s); c80bdc58-8b99-461e-b3c1-5966c3d571a0@group-B04AC77420B8:t4, leader=null, voted=c80bdc58-8b99-461e-b3c1-5966c3d571a0, raftlog=c80bdc58-8b99-461e-b3c1-5966c3d571a0@group-B04AC77420B8-SegmentedRaftLog:OPENED:c18,f18,i18, conf=17: [b1e67946-c9ea-4459-831d-c4b76e7bce93:192.168.151.91:35185, 6af71f09-eab3-4645-8883-a2b3665a1ca1:192.168.151.91:45219, c80bdc58-8b99-461e-b3c1-5966c3d571a0:192.168.151.91:46271], old=null
2019-09-24 06:22:40,564 [c80bdc58-8b99-461e-b3c1-5966c3d571a0@group-B04AC77420B8:LeaderElection69] INFO  impl.LeaderElection (LogUtils.java:infoOrTrace(149)) -   Exception 0: {}
java.util.concurrent.ExecutionException: org.apache.ratis.thirdparty.io.grpc.StatusRuntimeException: UNAVAILABLE: io exception
	at java.util.concurrent.FutureTask.report(FutureTask.java:122)
	at java.util.concurrent.FutureTask.get(FutureTask.java:192)
	at org.apache.ratis.server.impl.LeaderElection.waitForResults(LeaderElection.java:263)
	at org.apache.ratis.server.impl.LeaderElection.askForVotes(LeaderElection.java:201)
	at org.apache.ratis.server.impl.LeaderElection.run(LeaderElection.java:133)
	at java.lang.Thread.run(Thread.java:748)
Caused by: org.apache.ratis.thirdparty.io.grpc.StatusRuntimeException: UNAVAILABLE: io exception
	at org.apache.ratis.thirdparty.io.grpc.stub.ClientCalls.toStatusRuntimeException(ClientCalls.java:233)
	at org.apache.ratis.thirdparty.io.grpc.stub.ClientCalls.getUnchecked(ClientCalls.java:214)
	at org.apache.ratis.thirdparty.io.grpc.stub.ClientCalls.blockingUnaryCall(ClientCalls.java:139)
	at org.apache.ratis.proto.grpc.RaftServerProtocolServiceGrpc$RaftServerProtocolServiceBlockingStub.requestVote(RaftServerProtocolServiceGrpc.java:265)
	at org.apache.ratis.grpc.server.GrpcServerProtocolClient.requestVote(GrpcServerProtocolClient.java:90)
	at org.apache.ratis.grpc.server.GrpcService.requestVote(GrpcService.java:204)
	at org.apache.ratis.server.impl.LeaderElection.lambda$submitRequests$1(LeaderElection.java:238)
	at java.util.concurrent.FutureTask.run(FutureTask.java:266)
	at java.util.concurrent.Executors$RunnableAdapter.call(Executors.java:511)
	at java.util.concurrent.FutureTask.run(FutureTask.java:266)
	at java.util.concurrent.ThreadPoolExecutor.runWorker(ThreadPoolExecutor.java:1149)
	at java.util.concurrent.ThreadPoolExecutor$Worker.run(ThreadPoolExecutor.java:624)
	... 1 more
Caused by: org.apache.ratis.thirdparty.io.netty.channel.AbstractChannel$AnnotatedConnectException: Connection refused: /192.168.151.91:35185
	at sun.nio.ch.SocketChannelImpl.checkConnect(Native Method)
	at sun.nio.ch.SocketChannelImpl.finishConnect(SocketChannelImpl.java:717)
	at org.apache.ratis.thirdparty.io.netty.channel.socket.nio.NioSocketChannel.doFinishConnect(NioSocketChannel.java:327)
	at org.apache.ratis.thirdparty.io.netty.channel.nio.AbstractNioChannel$AbstractNioUnsafe.finishConnect(AbstractNioChannel.java:340)
	at org.apache.ratis.thirdparty.io.netty.channel.nio.NioEventLoop.processSelectedKey(NioEventLoop.java:632)
	at org.apache.ratis.thirdparty.io.netty.channel.nio.NioEventLoop.processSelectedKeysOptimized(NioEventLoop.java:579)
	at org.apache.ratis.thirdparty.io.netty.channel.nio.NioEventLoop.processSelectedKeys(NioEventLoop.java:496)
	at org.apache.ratis.thirdparty.io.netty.channel.nio.NioEventLoop.run(NioEventLoop.java:458)
	at org.apache.ratis.thirdparty.io.netty.util.concurrent.SingleThreadEventExecutor$5.run(SingleThreadEventExecutor.java:897)
	at org.apache.ratis.thirdparty.io.netty.util.concurrent.FastThreadLocalRunnable.run(FastThreadLocalRunnable.java:30)
	... 1 more
Caused by: java.net.ConnectException: Connection refused
	... 11 more
2019-09-24 06:22:40,564 [c80bdc58-8b99-461e-b3c1-5966c3d571a0@group-B04AC77420B8:LeaderElection69] INFO  impl.LeaderElection (LogUtils.java:infoOrTrace(149)) -   Exception 1: {}
java.util.concurrent.ExecutionException: org.apache.ratis.thirdparty.io.grpc.StatusRuntimeException: UNAVAILABLE: io exception
	at java.util.concurrent.FutureTask.report(FutureTask.java:122)
	at java.util.concurrent.FutureTask.get(FutureTask.java:192)
	at org.apache.ratis.server.impl.LeaderElection.waitForResults(LeaderElection.java:263)
	at org.apache.ratis.server.impl.LeaderElection.askForVotes(LeaderElection.java:201)
	at org.apache.ratis.server.impl.LeaderElection.run(LeaderElection.java:133)
	at java.lang.Thread.run(Thread.java:748)
Caused by: org.apache.ratis.thirdparty.io.grpc.StatusRuntimeException: UNAVAILABLE: io exception
	at org.apache.ratis.thirdparty.io.grpc.stub.ClientCalls.toStatusRuntimeException(ClientCalls.java:233)
	at org.apache.ratis.thirdparty.io.grpc.stub.ClientCalls.getUnchecked(ClientCalls.java:214)
	at org.apache.ratis.thirdparty.io.grpc.stub.ClientCalls.blockingUnaryCall(ClientCalls.java:139)
	at org.apache.ratis.proto.grpc.RaftServerProtocolServiceGrpc$RaftServerProtocolServiceBlockingStub.requestVote(RaftServerProtocolServiceGrpc.java:265)
	at org.apache.ratis.grpc.server.GrpcServerProtocolClient.requestVote(GrpcServerProtocolClient.java:90)
	at org.apache.ratis.grpc.server.GrpcService.requestVote(GrpcService.java:204)
	at org.apache.ratis.server.impl.LeaderElection.lambda$submitRequests$1(LeaderElection.java:238)
	at java.util.concurrent.FutureTask.run(FutureTask.java:266)
	at java.util.concurrent.Executors$RunnableAdapter.call(Executors.java:511)
	at java.util.concurrent.FutureTask.run(FutureTask.java:266)
	at java.util.concurrent.ThreadPoolExecutor.runWorker(ThreadPoolExecutor.java:1149)
	at java.util.concurrent.ThreadPoolExecutor$Worker.run(ThreadPoolExecutor.java:624)
	... 1 more
Caused by: org.apache.ratis.thirdparty.io.netty.channel.AbstractChannel$AnnotatedConnectException: Connection refused: /192.168.151.91:45219
	at sun.nio.ch.SocketChannelImpl.checkConnect(Native Method)
	at sun.nio.ch.SocketChannelImpl.finishConnect(SocketChannelImpl.java:717)
	at org.apache.ratis.thirdparty.io.netty.channel.socket.nio.NioSocketChannel.doFinishConnect(NioSocketChannel.java:327)
	at org.apache.ratis.thirdparty.io.netty.channel.nio.AbstractNioChannel$AbstractNioUnsafe.finishConnect(AbstractNioChannel.java:340)
	at org.apache.ratis.thirdparty.io.netty.channel.nio.NioEventLoop.processSelectedKey(NioEventLoop.java:632)
	at org.apache.ratis.thirdparty.io.netty.channel.nio.NioEventLoop.processSelectedKeysOptimized(NioEventLoop.java:579)
	at org.apache.ratis.thirdparty.io.netty.channel.nio.NioEventLoop.processSelectedKeys(NioEventLoop.java:496)
	at org.apache.ratis.thirdparty.io.netty.channel.nio.NioEventLoop.run(NioEventLoop.java:458)
	at org.apache.ratis.thirdparty.io.netty.util.concurrent.SingleThreadEventExecutor$5.run(SingleThreadEventExecutor.java:897)
	at org.apache.ratis.thirdparty.io.netty.util.concurrent.FastThreadLocalRunnable.run(FastThreadLocalRunnable.java:30)
	... 1 more
Caused by: java.net.ConnectException: Connection refused
	... 11 more
2019-09-24 06:22:40,565 [c80bdc58-8b99-461e-b3c1-5966c3d571a0@group-B04AC77420B8:LeaderElection69] INFO  impl.RaftServerImpl (RaftServerImpl.java:setRole(174)) - c80bdc58-8b99-461e-b3c1-5966c3d571a0@group-B04AC77420B8: changes role from CANDIDATE to FOLLOWER at term 4 for DISCOVERED_A_NEW_TERM
2019-09-24 06:22:40,565 [c80bdc58-8b99-461e-b3c1-5966c3d571a0@group-B04AC77420B8:LeaderElection69] INFO  impl.RoleInfo (RoleInfo.java:shutdownLeaderElection(134)) - c80bdc58-8b99-461e-b3c1-5966c3d571a0: shutdown LeaderElection
2019-09-24 06:22:40,565 [c80bdc58-8b99-461e-b3c1-5966c3d571a0@group-B04AC77420B8:LeaderElection69] INFO  impl.RoleInfo (RoleInfo.java:updateAndGet(143)) - c80bdc58-8b99-461e-b3c1-5966c3d571a0: start FollowerState
2019-09-24 06:22:41,406 [EventQueue-StaleNodeForStaleNodeHandler] INFO  node.StaleNodeHandler (StaleNodeHandler.java:onMessage(58)) - Datanode c80bdc58-8b99-461e-b3c1-5966c3d571a0{ip: 192.168.151.91, host: trunk-nightly-20190924-mj2km-2450050911, networkLocation: /default-rack, certSerialId: null} moved to stale state. Finalizing its pipelines [PipelineID=4d49162f-3fa5-486f-961c-b04ac77420b8, PipelineID=6371c586-8488-444c-ae1c-6e44df3a0afb]
2019-09-24 06:22:41,409 [EventQueue-StaleNodeForStaleNodeHandler] INFO  pipeline.SCMPipelineManager (SCMPipelineManager.java:finalizeAndDestroyPipeline(315)) - destroying pipeline:Pipeline[ Id: 4d49162f-3fa5-486f-961c-b04ac77420b8, Nodes: b1e67946-c9ea-4459-831d-c4b76e7bce93{ip: 192.168.151.91, host: trunk-nightly-20190924-mj2km-2450050911, networkLocation: /default-rack, certSerialId: null}6af71f09-eab3-4645-8883-a2b3665a1ca1{ip: 192.168.151.91, host: trunk-nightly-20190924-mj2km-2450050911, networkLocation: /default-rack, certSerialId: null}c80bdc58-8b99-461e-b3c1-5966c3d571a0{ip: 192.168.151.91, host: trunk-nightly-20190924-mj2km-2450050911, networkLocation: /default-rack, certSerialId: null}, Type:RATIS, Factor:THREE, State:CLOSED]
2019-09-24 06:22:41,410 [EventQueue-StaleNodeForStaleNodeHandler] INFO  pipeline.SCMPipelineManager (SCMPipelineManager.java:finalizeAndDestroyPipeline(315)) - destroying pipeline:Pipeline[ Id: 6371c586-8488-444c-ae1c-6e44df3a0afb, Nodes: c80bdc58-8b99-461e-b3c1-5966c3d571a0{ip: 192.168.151.91, host: trunk-nightly-20190924-mj2km-2450050911, networkLocation: /default-rack, certSerialId: null}, Type:RATIS, Factor:ONE, State:OPEN]
2019-09-24 06:22:41,410 [EventQueue-StaleNodeForStaleNodeHandler] INFO  pipeline.PipelineStateManager (PipelineStateManager.java:finalizePipeline(123)) - Pipeline Pipeline[ Id: 6371c586-8488-444c-ae1c-6e44df3a0afb, Nodes: c80bdc58-8b99-461e-b3c1-5966c3d571a0{ip: 192.168.151.91, host: trunk-nightly-20190924-mj2km-2450050911, networkLocation: /default-rack, certSerialId: null}, Type:RATIS, Factor:ONE, State:CLOSED] moved to CLOSED state
2019-09-24 06:22:42,107 [EventQueue-StaleNodeForStaleNodeHandler] INFO  node.StaleNodeHandler (StaleNodeHandler.java:onMessage(58)) - Datanode 785edad9-7165-444d-90ff-997f52a16f53{ip: 192.168.151.91, host: trunk-nightly-20190924-mj2km-2450050911, networkLocation: /default-rack, certSerialId: null} moved to stale state. Finalizing its pipelines [PipelineID=64775a4c-757a-4ea9-8315-e29545dcccf5, PipelineID=e221a0b6-98de-4f36-ab23-2a99e4893629]
2019-09-24 06:22:42,108 [EventQueue-StaleNodeForStaleNodeHandler] INFO  pipeline.SCMPipelineManager (SCMPipelineManager.java:finalizeAndDestroyPipeline(315)) - destroying pipeline:Pipeline[ Id: 64775a4c-757a-4ea9-8315-e29545dcccf5, Nodes: 785edad9-7165-444d-90ff-997f52a16f53{ip: 192.168.151.91, host: trunk-nightly-20190924-mj2km-2450050911, networkLocation: /default-rack, certSerialId: null}, Type:RATIS, Factor:ONE, State:OPEN]
2019-09-24 06:22:42,108 [EventQueue-StaleNodeForStaleNodeHandler] INFO  pipeline.PipelineStateManager (PipelineStateManager.java:finalizePipeline(123)) - Pipeline Pipeline[ Id: 64775a4c-757a-4ea9-8315-e29545dcccf5, Nodes: 785edad9-7165-444d-90ff-997f52a16f53{ip: 192.168.151.91, host: trunk-nightly-20190924-mj2km-2450050911, networkLocation: /default-rack, certSerialId: null}, Type:RATIS, Factor:ONE, State:CLOSED] moved to CLOSED state
2019-09-24 06:22:42,108 [EventQueue-StaleNodeForStaleNodeHandler] INFO  pipeline.SCMPipelineManager (SCMPipelineManager.java:finalizeAndDestroyPipeline(315)) - destroying pipeline:Pipeline[ Id: e221a0b6-98de-4f36-ab23-2a99e4893629, Nodes: 785edad9-7165-444d-90ff-997f52a16f53{ip: 192.168.151.91, host: trunk-nightly-20190924-mj2km-2450050911, networkLocation: /default-rack, certSerialId: null}1944460d-8ee5-416d-a02c-bd5dce5bd506{ip: 192.168.151.91, host: trunk-nightly-20190924-mj2km-2450050911, networkLocation: /default-rack, certSerialId: null}6f00f8fe-2a95-42ae-9e1e-7f02ea0c4b08{ip: 192.168.151.91, host: trunk-nightly-20190924-mj2km-2450050911, networkLocation: /default-rack, certSerialId: null}, Type:RATIS, Factor:THREE, State:CLOSED]
2019-09-24 06:22:42,336 [main] INFO  ozoneimpl.OzoneContainer (OzoneContainer.java:stop(231)) - Attempting to stop container services.
2019-09-24 06:22:42,344 [main] INFO  impl.RaftServerProxy (RaftServerProxy.java:lambda$close$4(314)) - 785edad9-7165-444d-90ff-997f52a16f53: close
2019-09-24 06:22:42,344 [main] INFO  impl.RaftServerImpl (RaftServerImpl.java:lambda$shutdown$3(251)) - 785edad9-7165-444d-90ff-997f52a16f53@group-E29545DCCCF5: shutdown
2019-09-24 06:22:42,344 [main] INFO  util.JmxRegister (JmxRegister.java:unregister(73)) - Successfully un-registered JMX Bean with object name Ratis:service=RaftServer,group=group-E29545DCCCF5,id=785edad9-7165-444d-90ff-997f52a16f53
2019-09-24 06:22:42,345 [main] INFO  impl.RoleInfo (RoleInfo.java:shutdownLeaderState(104)) - 785edad9-7165-444d-90ff-997f52a16f53: shutdown LeaderState
2019-09-24 06:22:42,345 [main] INFO  impl.PendingRequests (PendingRequests.java:sendNotLeaderResponses(202)) - 785edad9-7165-444d-90ff-997f52a16f53-PendingRequests: sendNotLeaderResponses
2019-09-24 06:22:42,346 [main] INFO  impl.StateMachineUpdater (StateMachineUpdater.java:stopAndJoin(125)) - 785edad9-7165-444d-90ff-997f52a16f53@group-E29545DCCCF5-StateMachineUpdater: set stopIndex = 0
2019-09-24 06:22:42,346 [main] INFO  impl.RaftServerImpl (ServerState.java:close(385)) - 785edad9-7165-444d-90ff-997f52a16f53@group-E29545DCCCF5: closes. applyIndex: 0
2019-09-24 06:22:42,347 [785edad9-7165-444d-90ff-997f52a16f53@group-E29545DCCCF5-SegmentedRaftLogWorker] INFO  segmented.SegmentedRaftLogWorker (SegmentedRaftLogWorker.java:run(313)) - 785edad9-7165-444d-90ff-997f52a16f53@group-E29545DCCCF5-SegmentedRaftLogWorker was interrupted, exiting. There are 0 tasks remaining in the queue.
2019-09-24 06:22:42,350 [main] INFO  segmented.SegmentedRaftLogWorker (SegmentedRaftLogWorker.java:close(228)) - 785edad9-7165-444d-90ff-997f52a16f53@group-E29545DCCCF5-SegmentedRaftLogWorker close()
2019-09-24 06:22:42,352 [main] INFO  impl.RaftServerImpl (RaftServerImpl.java:lambda$shutdown$3(251)) - 785edad9-7165-444d-90ff-997f52a16f53@group-2A99E4893629: shutdown
2019-09-24 06:22:42,353 [main] INFO  util.JmxRegister (JmxRegister.java:unregister(73)) - Successfully un-registered JMX Bean with object name Ratis:service=RaftServer,group=group-2A99E4893629,id=785edad9-7165-444d-90ff-997f52a16f53
2019-09-24 06:22:42,353 [ForkJoinPool.commonPool-worker-1] INFO  ozoneimpl.OzoneContainer (OzoneContainer.java:stop(231)) - Attempting to stop container services.
2019-09-24 06:22:42,354 [main] INFO  impl.RoleInfo (RoleInfo.java:shutdownFollowerState(121)) - 785edad9-7165-444d-90ff-997f52a16f53: shutdown FollowerState
2019-09-24 06:22:42,354 [ForkJoinPool.commonPool-worker-1] INFO  impl.RaftServerProxy (RaftServerProxy.java:lambda$close$4(314)) - c80bdc58-8b99-461e-b3c1-5966c3d571a0: close
2019-09-24 06:22:42,354 [main] INFO  impl.StateMachineUpdater (StateMachineUpdater.java:stopAndJoin(125)) - 785edad9-7165-444d-90ff-997f52a16f53@group-2A99E4893629-StateMachineUpdater: set stopIndex = 16
2019-09-24 06:22:42,355 [Thread-2967] INFO  impl.FollowerState (FollowerState.java:run(115)) - 785edad9-7165-444d-90ff-997f52a16f53: FollowerState was interrupted: java.lang.InterruptedException: sleep interrupted
2019-09-24 06:22:42,355 [ForkJoinPool.commonPool-worker-1] INFO  impl.RaftServerImpl (RaftServerImpl.java:lambda$shutdown$3(251)) - c80bdc58-8b99-461e-b3c1-5966c3d571a0@group-B04AC77420B8: shutdown
2019-09-24 06:22:42,355 [785edad9-7165-444d-90ff-997f52a16f53@group-2A99E4893629-StateMachineUpdater] INFO  ratis.ContainerStateMachine (ContainerStateMachine.java:takeSnapshot(289)) - group-2A99E4893629: Taking a snapshot at:(t:1, i:14) file /workdir/hadoop-ozone/integration-test/target/test-dir/MiniOzoneClusterImpl-a40bf951-cab5-4b8a-b522-79b69e6c8739/datanode-3/data/ratis/e221a0b6-98de-4f36-ab23-2a99e4893629/sm/snapshot.1_14
2019-09-24 06:22:42,357 [ForkJoinPool.commonPool-worker-1] INFO  util.JmxRegister (JmxRegister.java:unregister(73)) - Successfully un-registered JMX Bean with object name Ratis:service=RaftServer,group=group-B04AC77420B8,id=c80bdc58-8b99-461e-b3c1-5966c3d571a0
2019-09-24 06:22:42,358 [ForkJoinPool.commonPool-worker-1] INFO  impl.RoleInfo (RoleInfo.java:shutdownFollowerState(121)) - c80bdc58-8b99-461e-b3c1-5966c3d571a0: shutdown FollowerState
2019-09-24 06:22:42,358 [ForkJoinPool.commonPool-worker-1] INFO  impl.StateMachineUpdater (StateMachineUpdater.java:stopAndJoin(125)) - c80bdc58-8b99-461e-b3c1-5966c3d571a0@group-B04AC77420B8-StateMachineUpdater: set stopIndex = 18
2019-09-24 06:22:42,359 [c80bdc58-8b99-461e-b3c1-5966c3d571a0@group-B04AC77420B8-StateMachineUpdater] INFO  ratis.ContainerStateMachine (ContainerStateMachine.java:takeSnapshot(289)) - group-B04AC77420B8: Taking a snapshot at:(t:1, i:14) file /workdir/hadoop-ozone/integration-test/target/test-dir/MiniOzoneClusterImpl-a40bf951-cab5-4b8a-b522-79b69e6c8739/datanode-2/data/ratis/4d49162f-3fa5-486f-961c-b04ac77420b8/sm/snapshot.1_14
2019-09-24 06:22:42,359 [Thread-3178] INFO  impl.FollowerState (FollowerState.java:run(115)) - c80bdc58-8b99-461e-b3c1-5966c3d571a0: FollowerState was interrupted: java.lang.InterruptedException: sleep interrupted
2019-09-24 06:22:42,371 [785edad9-7165-444d-90ff-997f52a16f53@group-2A99E4893629-StateMachineUpdater] INFO  ratis.ContainerStateMachine (ContainerStateMachine.java:takeSnapshot(300)) - group-2A99E4893629: Finished taking a snapshot at:(t:1, i:14) file:/workdir/hadoop-ozone/integration-test/target/test-dir/MiniOzoneClusterImpl-a40bf951-cab5-4b8a-b522-79b69e6c8739/datanode-3/data/ratis/e221a0b6-98de-4f36-ab23-2a99e4893629/sm/snapshot.1_14 time:16
2019-09-24 06:22:42,371 [c80bdc58-8b99-461e-b3c1-5966c3d571a0@group-B04AC77420B8-StateMachineUpdater] INFO  ratis.ContainerStateMachine (ContainerStateMachine.java:takeSnapshot(300)) - group-B04AC77420B8: Finished taking a snapshot at:(t:1, i:14) file:/workdir/hadoop-ozone/integration-test/target/test-dir/MiniOzoneClusterImpl-a40bf951-cab5-4b8a-b522-79b69e6c8739/datanode-2/data/ratis/4d49162f-3fa5-486f-961c-b04ac77420b8/sm/snapshot.1_14 time:12
2019-09-24 06:22:42,372 [785edad9-7165-444d-90ff-997f52a16f53@group-2A99E4893629-StateMachineUpdater] INFO  impl.StateMachineUpdater (StateMachineUpdater.java:takeSnapshot(258)) - 785edad9-7165-444d-90ff-997f52a16f53@group-2A99E4893629-StateMachineUpdater: Took a snapshot at index 14
2019-09-24 06:22:42,372 [c80bdc58-8b99-461e-b3c1-5966c3d571a0@group-B04AC77420B8-StateMachineUpdater] INFO  impl.StateMachineUpdater (StateMachineUpdater.java:takeSnapshot(258)) - c80bdc58-8b99-461e-b3c1-5966c3d571a0@group-B04AC77420B8-StateMachineUpdater: Took a snapshot at index 14
2019-09-24 06:22:42,372 [c80bdc58-8b99-461e-b3c1-5966c3d571a0@group-B04AC77420B8-StateMachineUpdater] INFO  impl.StateMachineUpdater (StateMachineUpdater.java:lambda$new$0(83)) - c80bdc58-8b99-461e-b3c1-5966c3d571a0@group-B04AC77420B8-StateMachineUpdater: snapshotIndex: updateIncreasingly -1 -> 14
2019-09-24 06:22:42,372 [785edad9-7165-444d-90ff-997f52a16f53@group-2A99E4893629-StateMachineUpdater] INFO  impl.StateMachineUpdater (StateMachineUpdater.java:lambda$new$0(83)) - 785edad9-7165-444d-90ff-997f52a16f53@group-2A99E4893629-StateMachineUpdater: snapshotIndex: updateIncreasingly -1 -> 14
2019-09-24 06:22:42,373 [785edad9-7165-444d-90ff-997f52a16f53@group-2A99E4893629-StateMachineUpdater] INFO  ratis.ContainerStateMachine (ContainerStateMachine.java:takeSnapshot(289)) - group-2A99E4893629: Taking a snapshot at:(t:1, i:14) file /workdir/hadoop-ozone/integration-test/target/test-dir/MiniOzoneClusterImpl-a40bf951-cab5-4b8a-b522-79b69e6c8739/datanode-3/data/ratis/e221a0b6-98de-4f36-ab23-2a99e4893629/sm/snapshot.1_14
2019-09-24 06:22:42,373 [c80bdc58-8b99-461e-b3c1-5966c3d571a0@group-B04AC77420B8-StateMachineUpdater] INFO  ratis.ContainerStateMachine (ContainerStateMachine.java:takeSnapshot(289)) - group-B04AC77420B8: Taking a snapshot at:(t:1, i:14) file /workdir/hadoop-ozone/integration-test/target/test-dir/MiniOzoneClusterImpl-a40bf951-cab5-4b8a-b522-79b69e6c8739/datanode-2/data/ratis/4d49162f-3fa5-486f-961c-b04ac77420b8/sm/snapshot.1_14
2019-09-24 06:22:42,386 [c80bdc58-8b99-461e-b3c1-5966c3d571a0@group-B04AC77420B8-StateMachineUpdater] INFO  ratis.ContainerStateMachine (ContainerStateMachine.java:takeSnapshot(300)) - group-B04AC77420B8: Finished taking a snapshot at:(t:1, i:14) file:/workdir/hadoop-ozone/integration-test/target/test-dir/MiniOzoneClusterImpl-a40bf951-cab5-4b8a-b522-79b69e6c8739/datanode-2/data/ratis/4d49162f-3fa5-486f-961c-b04ac77420b8/sm/snapshot.1_14 time:13
2019-09-24 06:22:42,386 [785edad9-7165-444d-90ff-997f52a16f53@group-2A99E4893629-StateMachineUpdater] INFO  ratis.ContainerStateMachine (ContainerStateMachine.java:takeSnapshot(300)) - group-2A99E4893629: Finished taking a snapshot at:(t:1, i:14) file:/workdir/hadoop-ozone/integration-test/target/test-dir/MiniOzoneClusterImpl-a40bf951-cab5-4b8a-b522-79b69e6c8739/datanode-3/data/ratis/e221a0b6-98de-4f36-ab23-2a99e4893629/sm/snapshot.1_14 time:13
2019-09-24 06:22:42,386 [c80bdc58-8b99-461e-b3c1-5966c3d571a0@group-B04AC77420B8-StateMachineUpdater] INFO  impl.StateMachineUpdater (StateMachineUpdater.java:takeSnapshot(258)) - c80bdc58-8b99-461e-b3c1-5966c3d571a0@group-B04AC77420B8-StateMachineUpdater: Took a snapshot at index 14
2019-09-24 06:22:42,386 [c80bdc58-8b99-461e-b3c1-5966c3d571a0@group-B04AC77420B8-StateMachineUpdater] INFO  impl.StateMachineUpdater (StateMachineUpdater.java:lambda$new$0(83)) - c80bdc58-8b99-461e-b3c1-5966c3d571a0@group-B04AC77420B8-StateMachineUpdater: snapshotIndex: updateIncreasingly 14 -> 14
2019-09-24 06:22:42,386 [785edad9-7165-444d-90ff-997f52a16f53@group-2A99E4893629-StateMachineUpdater] INFO  impl.StateMachineUpdater (StateMachineUpdater.java:takeSnapshot(258)) - 785edad9-7165-444d-90ff-997f52a16f53@group-2A99E4893629-StateMachineUpdater: Took a snapshot at index 14
2019-09-24 06:22:42,387 [785edad9-7165-444d-90ff-997f52a16f53@group-2A99E4893629-StateMachineUpdater] INFO  impl.StateMachineUpdater (StateMachineUpdater.java:lambda$new$0(83)) - 785edad9-7165-444d-90ff-997f52a16f53@group-2A99E4893629-StateMachineUpdater: snapshotIndex: updateIncreasingly 14 -> 14
2019-09-24 06:22:42,387 [ForkJoinPool.commonPool-worker-1] INFO  impl.RaftServerImpl (ServerState.java:close(385)) - c80bdc58-8b99-461e-b3c1-5966c3d571a0@group-B04AC77420B8: closes. applyIndex: 18
2019-09-24 06:22:42,387 [main] INFO  impl.RaftServerImpl (ServerState.java:close(385)) - 785edad9-7165-444d-90ff-997f52a16f53@group-2A99E4893629: closes. applyIndex: 16
2019-09-24 06:22:42,387 [c80bdc58-8b99-461e-b3c1-5966c3d571a0@group-B04AC77420B8-SegmentedRaftLogWorker] INFO  segmented.SegmentedRaftLogWorker (SegmentedRaftLogWorker.java:run(313)) - c80bdc58-8b99-461e-b3c1-5966c3d571a0@group-B04AC77420B8-SegmentedRaftLogWorker was interrupted, exiting. There are 0 tasks remaining in the queue.
2019-09-24 06:22:42,388 [785edad9-7165-444d-90ff-997f52a16f53@group-2A99E4893629-SegmentedRaftLogWorker] INFO  segmented.SegmentedRaftLogWorker (SegmentedRaftLogWorker.java:run(313)) - 785edad9-7165-444d-90ff-997f52a16f53@group-2A99E4893629-SegmentedRaftLogWorker was interrupted, exiting. There are 0 tasks remaining in the queue.
2019-09-24 06:22:42,390 [ForkJoinPool.commonPool-worker-1] INFO  segmented.SegmentedRaftLogWorker (SegmentedRaftLogWorker.java:close(228)) - c80bdc58-8b99-461e-b3c1-5966c3d571a0@group-B04AC77420B8-SegmentedRaftLogWorker close()
2019-09-24 06:22:42,392 [main] INFO  segmented.SegmentedRaftLogWorker (SegmentedRaftLogWorker.java:close(228)) - 785edad9-7165-444d-90ff-997f52a16f53@group-2A99E4893629-SegmentedRaftLogWorker close()
2019-09-24 06:22:42,395 [ForkJoinPool.commonPool-worker-1] INFO  impl.RaftServerImpl (RaftServerImpl.java:lambda$shutdown$3(251)) - c80bdc58-8b99-461e-b3c1-5966c3d571a0@group-6E44DF3A0AFB: shutdown
2019-09-24 06:22:42,398 [main] INFO  server.GrpcService (GrpcService.java:closeImpl(164)) - 785edad9-7165-444d-90ff-997f52a16f53: shutdown server with port 38316 now
2019-09-24 06:22:42,398 [ForkJoinPool.commonPool-worker-1] INFO  util.JmxRegister (JmxRegister.java:unregister(73)) - Successfully un-registered JMX Bean with object name Ratis:service=RaftServer,group=group-6E44DF3A0AFB,id=c80bdc58-8b99-461e-b3c1-5966c3d571a0
2019-09-24 06:22:42,398 [ForkJoinPool.commonPool-worker-1] INFO  impl.RoleInfo (RoleInfo.java:shutdownLeaderState(104)) - c80bdc58-8b99-461e-b3c1-5966c3d571a0: shutdown LeaderState
2019-09-24 06:22:42,399 [ForkJoinPool.commonPool-worker-1] INFO  impl.PendingRequests (PendingRequests.java:sendNotLeaderResponses(202)) - c80bdc58-8b99-461e-b3c1-5966c3d571a0-PendingRequests: sendNotLeaderResponses
2019-09-24 06:22:42,399 [main] INFO  server.GrpcService (GrpcService.java:closeImpl(172)) - 785edad9-7165-444d-90ff-997f52a16f53: shutdown server with port 38316 successfully
2019-09-24 06:22:42,399 [ForkJoinPool.commonPool-worker-1] INFO  impl.StateMachineUpdater (StateMachineUpdater.java:stopAndJoin(125)) - c80bdc58-8b99-461e-b3c1-5966c3d571a0@group-6E44DF3A0AFB-StateMachineUpdater: set stopIndex = 0
2019-09-24 06:22:42,400 [ForkJoinPool.commonPool-worker-1] INFO  impl.RaftServerImpl (ServerState.java:close(385)) - c80bdc58-8b99-461e-b3c1-5966c3d571a0@group-6E44DF3A0AFB: closes. applyIndex: 0
2019-09-24 06:22:42,401 [c80bdc58-8b99-461e-b3c1-5966c3d571a0@group-6E44DF3A0AFB-SegmentedRaftLogWorker] INFO  segmented.SegmentedRaftLogWorker (SegmentedRaftLogWorker.java:run(313)) - c80bdc58-8b99-461e-b3c1-5966c3d571a0@group-6E44DF3A0AFB-SegmentedRaftLogWorker was interrupted, exiting. There are 0 tasks remaining in the queue.
2019-09-24 06:22:42,401 [ForkJoinPool.commonPool-worker-1] INFO  segmented.SegmentedRaftLogWorker (SegmentedRaftLogWorker.java:close(228)) - c80bdc58-8b99-461e-b3c1-5966c3d571a0@group-6E44DF3A0AFB-SegmentedRaftLogWorker close()
2019-09-24 06:22:42,404 [ForkJoinPool.commonPool-worker-1] INFO  server.GrpcService (GrpcService.java:closeImpl(164)) - c80bdc58-8b99-461e-b3c1-5966c3d571a0: shutdown server with port 46271 now
2019-09-24 06:22:42,405 [ForkJoinPool.commonPool-worker-1] INFO  server.GrpcService (GrpcService.java:closeImpl(172)) - c80bdc58-8b99-461e-b3c1-5966c3d571a0: shutdown server with port 46271 successfully
2019-09-24 06:22:42,409 [refreshUsed-/workdir/hadoop-ozone/integration-test/target/test-dir/MiniOzoneClusterImpl-a40bf951-cab5-4b8a-b522-79b69e6c8739/datanode-3/data/containers] WARN  fs.CachingGetSpaceUsed (CachingGetSpaceUsed.java:run(183)) - Thread Interrupted waiting to refresh disk information: sleep interrupted
2019-09-24 06:22:42,412 [refreshUsed-/workdir/hadoop-ozone/integration-test/target/test-dir/MiniOzoneClusterImpl-a40bf951-cab5-4b8a-b522-79b69e6c8739/datanode-2/data/containers] WARN  fs.CachingGetSpaceUsed (CachingGetSpaceUsed.java:run(183)) - Thread Interrupted waiting to refresh disk information: sleep interrupted
2019-09-24 06:22:42,431 [ForkJoinPool.commonPool-worker-1] INFO  utils.BackgroundService (BackgroundService.java:shutdown(148)) - Shutting down service BlockDeletingService
2019-09-24 06:22:42,431 [main] INFO  utils.BackgroundService (BackgroundService.java:shutdown(148)) - Shutting down service BlockDeletingService
2019-09-24 06:22:42,440 [ForkJoinPool.commonPool-worker-1] INFO  statemachine.DatanodeStateMachine (DatanodeStateMachine.java:stopDaemon(395)) - Ozone container server stopped.
2019-09-24 06:22:42,442 [main] INFO  statemachine.DatanodeStateMachine (DatanodeStateMachine.java:stopDaemon(395)) - Ozone container server stopped.
2019-09-24 06:22:42,448 [main] INFO  handler.ContextHandler (ContextHandler.java:doStop(910)) - Stopped o.e.j.w.WebAppContext@106c988{/,null,UNAVAILABLE}{/hddsDatanode}
2019-09-24 06:22:42,448 [ForkJoinPool.commonPool-worker-1] INFO  handler.ContextHandler (ContextHandler.java:doStop(910)) - Stopped o.e.j.w.WebAppContext@6169be09{/,null,UNAVAILABLE}{/hddsDatanode}
2019-09-24 06:22:42,449 [ForkJoinPool.commonPool-worker-1] INFO  server.AbstractConnector (AbstractConnector.java:doStop(318)) - Stopped ServerConnector@5e3db14{HTTP/1.1,[http/1.1]}{0.0.0.0:0}
2019-09-24 06:22:42,449 [main] INFO  server.AbstractConnector (AbstractConnector.java:doStop(318)) - Stopped ServerConnector@21274afe{HTTP/1.1,[http/1.1]}{0.0.0.0:0}
2019-09-24 06:22:42,451 [ForkJoinPool.commonPool-worker-1] INFO  handler.ContextHandler (ContextHandler.java:doStop(910)) - Stopped o.e.j.s.ServletContextHandler@75bd28d{/static,jar:file:/home/user/.m2/repository/org/apache/hadoop/hadoop-hdds-container-service/0.5.0-SNAPSHOT/hadoop-hdds-container-service-0.5.0-SNAPSHOT.jar!/webapps/static,UNAVAILABLE}
2019-09-24 06:22:42,451 [main] INFO  handler.ContextHandler (ContextHandler.java:doStop(910)) - Stopped o.e.j.s.ServletContextHandler@39652a30{/static,jar:file:/home/user/.m2/repository/org/apache/hadoop/hadoop-hdds-container-service/0.5.0-SNAPSHOT/hadoop-hdds-container-service-0.5.0-SNAPSHOT.jar!/webapps/static,UNAVAILABLE}
2019-09-24 06:22:42,453 [ForkJoinPool.commonPool-worker-1] INFO  handler.ContextHandler (ContextHandler.java:doStop(910)) - Stopped o.e.j.s.ServletContextHandler@509a6095{/logs,file:///workdir/hadoop-ozone/integration-test/target/log,UNAVAILABLE}
2019-09-24 06:22:42,453 [main] INFO  handler.ContextHandler (ContextHandler.java:doStop(910)) - Stopped o.e.j.s.ServletContextHandler@203e705e{/logs,file:///workdir/hadoop-ozone/integration-test/target/log,UNAVAILABLE}
2019-09-24 06:22:43,004 [Datanode State Machine Thread - 0] INFO  statemachine.DatanodeStateMachine (DatanodeStateMachine.java:lambda$startDaemon$0(350)) - Ozone container server started.
2019-09-24 06:22:45,657 [Thread-2970] INFO  impl.FollowerState (FollowerState.java:run(106)) - 6f00f8fe-2a95-42ae-9e1e-7f02ea0c4b08:group-2A99E4893629 changes to CANDIDATE, lastRpcTime:8464, electionTimeout:5073ms
2019-09-24 06:22:45,659 [Thread-2970] INFO  impl.RoleInfo (RoleInfo.java:shutdownFollowerState(121)) - 6f00f8fe-2a95-42ae-9e1e-7f02ea0c4b08: shutdown FollowerState
2019-09-24 06:22:45,660 [Thread-2970] INFO  impl.RaftServerImpl (RaftServerImpl.java:setRole(174)) - 6f00f8fe-2a95-42ae-9e1e-7f02ea0c4b08@group-2A99E4893629: changes role from  FOLLOWER to CANDIDATE at term 1 for changeToCandidate
2019-09-24 06:22:45,661 [Thread-2970] INFO  impl.RoleInfo (RoleInfo.java:updateAndGet(143)) - 6f00f8fe-2a95-42ae-9e1e-7f02ea0c4b08: start LeaderElection
2019-09-24 06:22:45,669 [6f00f8fe-2a95-42ae-9e1e-7f02ea0c4b08@group-2A99E4893629:LeaderElection70] INFO  impl.RaftServerImpl (ServerState.java:setLeader(253)) - 6f00f8fe-2a95-42ae-9e1e-7f02ea0c4b08@group-2A99E4893629: change Leader from 1944460d-8ee5-416d-a02c-bd5dce5bd506 to null at term 1 for initElection
2019-09-24 06:22:45,686 [6f00f8fe-2a95-42ae-9e1e-7f02ea0c4b08@group-2A99E4893629:LeaderElection70] INFO  impl.LeaderElection (LeaderElection.java:askForVotes(182)) - 6f00f8fe-2a95-42ae-9e1e-7f02ea0c4b08@group-2A99E4893629:LeaderElection70: begin an election at term 2 for 0: [6f00f8fe-2a95-42ae-9e1e-7f02ea0c4b08:192.168.151.91:43861, 1944460d-8ee5-416d-a02c-bd5dce5bd506:192.168.151.91:32780, 785edad9-7165-444d-90ff-997f52a16f53:192.168.151.91:38316], old=null
2019-09-24 06:22:45,693 [6f00f8fe-2a95-42ae-9e1e-7f02ea0c4b08@group-2A99E4893629:LeaderElection70] INFO  impl.LeaderElection (LogUtils.java:infoOrTrace(149)) - 6f00f8fe-2a95-42ae-9e1e-7f02ea0c4b08@group-2A99E4893629:LeaderElection70 got exception when requesting votes: {}
java.util.concurrent.ExecutionException: org.apache.ratis.thirdparty.io.grpc.StatusRuntimeException: UNAVAILABLE: io exception
	at java.util.concurrent.FutureTask.report(FutureTask.java:122)
	at java.util.concurrent.FutureTask.get(FutureTask.java:192)
	at org.apache.ratis.server.impl.LeaderElection.waitForResults(LeaderElection.java:263)
	at org.apache.ratis.server.impl.LeaderElection.askForVotes(LeaderElection.java:201)
	at org.apache.ratis.server.impl.LeaderElection.run(LeaderElection.java:133)
	at java.lang.Thread.run(Thread.java:748)
Caused by: org.apache.ratis.thirdparty.io.grpc.StatusRuntimeException: UNAVAILABLE: io exception
	at org.apache.ratis.thirdparty.io.grpc.stub.ClientCalls.toStatusRuntimeException(ClientCalls.java:233)
	at org.apache.ratis.thirdparty.io.grpc.stub.ClientCalls.getUnchecked(ClientCalls.java:214)
	at org.apache.ratis.thirdparty.io.grpc.stub.ClientCalls.blockingUnaryCall(ClientCalls.java:139)
	at org.apache.ratis.proto.grpc.RaftServerProtocolServiceGrpc$RaftServerProtocolServiceBlockingStub.requestVote(RaftServerProtocolServiceGrpc.java:265)
	at org.apache.ratis.grpc.server.GrpcServerProtocolClient.requestVote(GrpcServerProtocolClient.java:90)
	at org.apache.ratis.grpc.server.GrpcService.requestVote(GrpcService.java:204)
	at org.apache.ratis.server.impl.LeaderElection.lambda$submitRequests$1(LeaderElection.java:238)
	at java.util.concurrent.FutureTask.run(FutureTask.java:266)
	at java.util.concurrent.Executors$RunnableAdapter.call(Executors.java:511)
	at java.util.concurrent.FutureTask.run(FutureTask.java:266)
	at java.util.concurrent.ThreadPoolExecutor.runWorker(ThreadPoolExecutor.java:1149)
	at java.util.concurrent.ThreadPoolExecutor$Worker.run(ThreadPoolExecutor.java:624)
	... 1 more
Caused by: org.apache.ratis.thirdparty.io.netty.channel.AbstractChannel$AnnotatedConnectException: Connection refused: /192.168.151.91:32780
	at sun.nio.ch.SocketChannelImpl.checkConnect(Native Method)
	at sun.nio.ch.SocketChannelImpl.finishConnect(SocketChannelImpl.java:717)
	at org.apache.ratis.thirdparty.io.netty.channel.socket.nio.NioSocketChannel.doFinishConnect(NioSocketChannel.java:327)
	at org.apache.ratis.thirdparty.io.netty.channel.nio.AbstractNioChannel$AbstractNioUnsafe.finishConnect(AbstractNioChannel.java:340)
	at org.apache.ratis.thirdparty.io.netty.channel.nio.NioEventLoop.processSelectedKey(NioEventLoop.java:632)
	at org.apache.ratis.thirdparty.io.netty.channel.nio.NioEventLoop.processSelectedKeysOptimized(NioEventLoop.java:579)
	at org.apache.ratis.thirdparty.io.netty.channel.nio.NioEventLoop.processSelectedKeys(NioEventLoop.java:496)
	at org.apache.ratis.thirdparty.io.netty.channel.nio.NioEventLoop.run(NioEventLoop.java:458)
	at org.apache.ratis.thirdparty.io.netty.util.concurrent.SingleThreadEventExecutor$5.run(SingleThreadEventExecutor.java:897)
	at org.apache.ratis.thirdparty.io.netty.util.concurrent.FastThreadLocalRunnable.run(FastThreadLocalRunnable.java:30)
	... 1 more
Caused by: java.net.ConnectException: Connection refused
	... 11 more
2019-09-24 06:22:45,694 [6f00f8fe-2a95-42ae-9e1e-7f02ea0c4b08@group-2A99E4893629:LeaderElection70] INFO  impl.LeaderElection (LogUtils.java:infoOrTrace(149)) - 6f00f8fe-2a95-42ae-9e1e-7f02ea0c4b08@group-2A99E4893629:LeaderElection70 got exception when requesting votes: {}
java.util.concurrent.ExecutionException: org.apache.ratis.thirdparty.io.grpc.StatusRuntimeException: UNAVAILABLE: io exception
	at java.util.concurrent.FutureTask.report(FutureTask.java:122)
	at java.util.concurrent.FutureTask.get(FutureTask.java:192)
	at org.apache.ratis.server.impl.LeaderElection.waitForResults(LeaderElection.java:263)
	at org.apache.ratis.server.impl.LeaderElection.askForVotes(LeaderElection.java:201)
	at org.apache.ratis.server.impl.LeaderElection.run(LeaderElection.java:133)
	at java.lang.Thread.run(Thread.java:748)
Caused by: org.apache.ratis.thirdparty.io.grpc.StatusRuntimeException: UNAVAILABLE: io exception
	at org.apache.ratis.thirdparty.io.grpc.stub.ClientCalls.toStatusRuntimeException(ClientCalls.java:233)
	at org.apache.ratis.thirdparty.io.grpc.stub.ClientCalls.getUnchecked(ClientCalls.java:214)
	at org.apache.ratis.thirdparty.io.grpc.stub.ClientCalls.blockingUnaryCall(ClientCalls.java:139)
	at org.apache.ratis.proto.grpc.RaftServerProtocolServiceGrpc$RaftServerProtocolServiceBlockingStub.requestVote(RaftServerProtocolServiceGrpc.java:265)
	at org.apache.ratis.grpc.server.GrpcServerProtocolClient.requestVote(GrpcServerProtocolClient.java:90)
	at org.apache.ratis.grpc.server.GrpcService.requestVote(GrpcService.java:204)
	at org.apache.ratis.server.impl.LeaderElection.lambda$submitRequests$1(LeaderElection.java:238)
	at java.util.concurrent.FutureTask.run(FutureTask.java:266)
	at java.util.concurrent.Executors$RunnableAdapter.call(Executors.java:511)
	at java.util.concurrent.FutureTask.run(FutureTask.java:266)
	at java.util.concurrent.ThreadPoolExecutor.runWorker(ThreadPoolExecutor.java:1149)
	at java.util.concurrent.ThreadPoolExecutor$Worker.run(ThreadPoolExecutor.java:624)
	... 1 more
Caused by: org.apache.ratis.thirdparty.io.netty.channel.AbstractChannel$AnnotatedConnectException: Connection refused: /192.168.151.91:38316
	at sun.nio.ch.SocketChannelImpl.checkConnect(Native Method)
	at sun.nio.ch.SocketChannelImpl.finishConnect(SocketChannelImpl.java:717)
	at org.apache.ratis.thirdparty.io.netty.channel.socket.nio.NioSocketChannel.doFinishConnect(NioSocketChannel.java:327)
	at org.apache.ratis.thirdparty.io.netty.channel.nio.AbstractNioChannel$AbstractNioUnsafe.finishConnect(AbstractNioChannel.java:340)
	at org.apache.ratis.thirdparty.io.netty.channel.nio.NioEventLoop.processSelectedKey(NioEventLoop.java:632)
	at org.apache.ratis.thirdparty.io.netty.channel.nio.NioEventLoop.processSelectedKeysOptimized(NioEventLoop.java:579)
	at org.apache.ratis.thirdparty.io.netty.channel.nio.NioEventLoop.processSelectedKeys(NioEventLoop.java:496)
	at org.apache.ratis.thirdparty.io.netty.channel.nio.NioEventLoop.run(NioEventLoop.java:458)
	at org.apache.ratis.thirdparty.io.netty.util.concurrent.SingleThreadEventExecutor$5.run(SingleThreadEventExecutor.java:897)
	at org.apache.ratis.thirdparty.io.netty.util.concurrent.FastThreadLocalRunnable.run(FastThreadLocalRunnable.java:30)
	... 1 more
Caused by: java.net.ConnectException: Connection refused
	... 11 more
2019-09-24 06:22:45,696 [6f00f8fe-2a95-42ae-9e1e-7f02ea0c4b08@group-2A99E4893629:LeaderElection70] INFO  impl.LeaderElection (LeaderElection.java:logAndReturn(56)) - 6f00f8fe-2a95-42ae-9e1e-7f02ea0c4b08@group-2A99E4893629:LeaderElection70: Election REJECTED; received 0 response(s) [] and 2 exception(s); 6f00f8fe-2a95-42ae-9e1e-7f02ea0c4b08@group-2A99E4893629:t2, leader=null, voted=6f00f8fe-2a95-42ae-9e1e-7f02ea0c4b08, raftlog=6f00f8fe-2a95-42ae-9e1e-7f02ea0c4b08@group-2A99E4893629-SegmentedRaftLog:OPENED:c16,f16,i16, conf=0: [6f00f8fe-2a95-42ae-9e1e-7f02ea0c4b08:192.168.151.91:43861, 1944460d-8ee5-416d-a02c-bd5dce5bd506:192.168.151.91:32780, 785edad9-7165-444d-90ff-997f52a16f53:192.168.151.91:38316], old=null
2019-09-24 06:22:45,697 [6f00f8fe-2a95-42ae-9e1e-7f02ea0c4b08@group-2A99E4893629:LeaderElection70] INFO  impl.LeaderElection (LogUtils.java:infoOrTrace(149)) -   Exception 0: {}
java.util.concurrent.ExecutionException: org.apache.ratis.thirdparty.io.grpc.StatusRuntimeException: UNAVAILABLE: io exception
	at java.util.concurrent.FutureTask.report(FutureTask.java:122)
	at java.util.concurrent.FutureTask.get(FutureTask.java:192)
	at org.apache.ratis.server.impl.LeaderElection.waitForResults(LeaderElection.java:263)
	at org.apache.ratis.server.impl.LeaderElection.askForVotes(LeaderElection.java:201)
	at org.apache.ratis.server.impl.LeaderElection.run(LeaderElection.java:133)
	at java.lang.Thread.run(Thread.java:748)
Caused by: org.apache.ratis.thirdparty.io.grpc.StatusRuntimeException: UNAVAILABLE: io exception
	at org.apache.ratis.thirdparty.io.grpc.stub.ClientCalls.toStatusRuntimeException(ClientCalls.java:233)
	at org.apache.ratis.thirdparty.io.grpc.stub.ClientCalls.getUnchecked(ClientCalls.java:214)
	at org.apache.ratis.thirdparty.io.grpc.stub.ClientCalls.blockingUnaryCall(ClientCalls.java:139)
	at org.apache.ratis.proto.grpc.RaftServerProtocolServiceGrpc$RaftServerProtocolServiceBlockingStub.requestVote(RaftServerProtocolServiceGrpc.java:265)
	at org.apache.ratis.grpc.server.GrpcServerProtocolClient.requestVote(GrpcServerProtocolClient.java:90)
	at org.apache.ratis.grpc.server.GrpcService.requestVote(GrpcService.java:204)
	at org.apache.ratis.server.impl.LeaderElection.lambda$submitRequests$1(LeaderElection.java:238)
	at java.util.concurrent.FutureTask.run(FutureTask.java:266)
	at java.util.concurrent.Executors$RunnableAdapter.call(Executors.java:511)
	at java.util.concurrent.FutureTask.run(FutureTask.java:266)
	at java.util.concurrent.ThreadPoolExecutor.runWorker(ThreadPoolExecutor.java:1149)
	at java.util.concurrent.ThreadPoolExecutor$Worker.run(ThreadPoolExecutor.java:624)
	... 1 more
Caused by: org.apache.ratis.thirdparty.io.netty.channel.AbstractChannel$AnnotatedConnectException: Connection refused: /192.168.151.91:32780
	at sun.nio.ch.SocketChannelImpl.checkConnect(Native Method)
	at sun.nio.ch.SocketChannelImpl.finishConnect(SocketChannelImpl.java:717)
	at org.apache.ratis.thirdparty.io.netty.channel.socket.nio.NioSocketChannel.doFinishConnect(NioSocketChannel.java:327)
	at org.apache.ratis.thirdparty.io.netty.channel.nio.AbstractNioChannel$AbstractNioUnsafe.finishConnect(AbstractNioChannel.java:340)
	at org.apache.ratis.thirdparty.io.netty.channel.nio.NioEventLoop.processSelectedKey(NioEventLoop.java:632)
	at org.apache.ratis.thirdparty.io.netty.channel.nio.NioEventLoop.processSelectedKeysOptimized(NioEventLoop.java:579)
	at org.apache.ratis.thirdparty.io.netty.channel.nio.NioEventLoop.processSelectedKeys(NioEventLoop.java:496)
	at org.apache.ratis.thirdparty.io.netty.channel.nio.NioEventLoop.run(NioEventLoop.java:458)
	at org.apache.ratis.thirdparty.io.netty.util.concurrent.SingleThreadEventExecutor$5.run(SingleThreadEventExecutor.java:897)
	at org.apache.ratis.thirdparty.io.netty.util.concurrent.FastThreadLocalRunnable.run(FastThreadLocalRunnable.java:30)
	... 1 more
Caused by: java.net.ConnectException: Connection refused
	... 11 more
2019-09-24 06:22:45,697 [6f00f8fe-2a95-42ae-9e1e-7f02ea0c4b08@group-2A99E4893629:LeaderElection70] INFO  impl.LeaderElection (LogUtils.java:infoOrTrace(149)) -   Exception 1: {}
java.util.concurrent.ExecutionException: org.apache.ratis.thirdparty.io.grpc.StatusRuntimeException: UNAVAILABLE: io exception
	at java.util.concurrent.FutureTask.report(FutureTask.java:122)
	at java.util.concurrent.FutureTask.get(FutureTask.java:192)
	at org.apache.ratis.server.impl.LeaderElection.waitForResults(LeaderElection.java:263)
	at org.apache.ratis.server.impl.LeaderElection.askForVotes(LeaderElection.java:201)
	at org.apache.ratis.server.impl.LeaderElection.run(LeaderElection.java:133)
	at java.lang.Thread.run(Thread.java:748)
Caused by: org.apache.ratis.thirdparty.io.grpc.StatusRuntimeException: UNAVAILABLE: io exception
	at org.apache.ratis.thirdparty.io.grpc.stub.ClientCalls.toStatusRuntimeException(ClientCalls.java:233)
	at org.apache.ratis.thirdparty.io.grpc.stub.ClientCalls.getUnchecked(ClientCalls.java:214)
	at org.apache.ratis.thirdparty.io.grpc.stub.ClientCalls.blockingUnaryCall(ClientCalls.java:139)
	at org.apache.ratis.proto.grpc.RaftServerProtocolServiceGrpc$RaftServerProtocolServiceBlockingStub.requestVote(RaftServerProtocolServiceGrpc.java:265)
	at org.apache.ratis.grpc.server.GrpcServerProtocolClient.requestVote(GrpcServerProtocolClient.java:90)
	at org.apache.ratis.grpc.server.GrpcService.requestVote(GrpcService.java:204)
	at org.apache.ratis.server.impl.LeaderElection.lambda$submitRequests$1(LeaderElection.java:238)
	at java.util.concurrent.FutureTask.run(FutureTask.java:266)
	at java.util.concurrent.Executors$RunnableAdapter.call(Executors.java:511)
	at java.util.concurrent.FutureTask.run(FutureTask.java:266)
	at java.util.concurrent.ThreadPoolExecutor.runWorker(ThreadPoolExecutor.java:1149)
	at java.util.concurrent.ThreadPoolExecutor$Worker.run(ThreadPoolExecutor.java:624)
	... 1 more
Caused by: org.apache.ratis.thirdparty.io.netty.channel.AbstractChannel$AnnotatedConnectException: Connection refused: /192.168.151.91:38316
	at sun.nio.ch.SocketChannelImpl.checkConnect(Native Method)
	at sun.nio.ch.SocketChannelImpl.finishConnect(SocketChannelImpl.java:717)
	at org.apache.ratis.thirdparty.io.netty.channel.socket.nio.NioSocketChannel.doFinishConnect(NioSocketChannel.java:327)
	at org.apache.ratis.thirdparty.io.netty.channel.nio.AbstractNioChannel$AbstractNioUnsafe.finishConnect(AbstractNioChannel.java:340)
	at org.apache.ratis.thirdparty.io.netty.channel.nio.NioEventLoop.processSelectedKey(NioEventLoop.java:632)
	at org.apache.ratis.thirdparty.io.netty.channel.nio.NioEventLoop.processSelectedKeysOptimized(NioEventLoop.java:579)
	at org.apache.ratis.thirdparty.io.netty.channel.nio.NioEventLoop.processSelectedKeys(NioEventLoop.java:496)
	at org.apache.ratis.thirdparty.io.netty.channel.nio.NioEventLoop.run(NioEventLoop.java:458)
	at org.apache.ratis.thirdparty.io.netty.util.concurrent.SingleThreadEventExecutor$5.run(SingleThreadEventExecutor.java:897)
	at org.apache.ratis.thirdparty.io.netty.util.concurrent.FastThreadLocalRunnable.run(FastThreadLocalRunnable.java:30)
	... 1 more
Caused by: java.net.ConnectException: Connection refused
	... 11 more
2019-09-24 06:22:45,698 [6f00f8fe-2a95-42ae-9e1e-7f02ea0c4b08@group-2A99E4893629:LeaderElection70] INFO  impl.RaftServerImpl (RaftServerImpl.java:setRole(174)) - 6f00f8fe-2a95-42ae-9e1e-7f02ea0c4b08@group-2A99E4893629: changes role from CANDIDATE to FOLLOWER at term 2 for DISCOVERED_A_NEW_TERM
2019-09-24 06:22:45,698 [6f00f8fe-2a95-42ae-9e1e-7f02ea0c4b08@group-2A99E4893629:LeaderElection70] INFO  impl.RoleInfo (RoleInfo.java:shutdownLeaderElection(134)) - 6f00f8fe-2a95-42ae-9e1e-7f02ea0c4b08: shutdown LeaderElection
2019-09-24 06:22:45,698 [6f00f8fe-2a95-42ae-9e1e-7f02ea0c4b08@group-2A99E4893629:LeaderElection70] INFO  impl.RoleInfo (RoleInfo.java:updateAndGet(143)) - 6f00f8fe-2a95-42ae-9e1e-7f02ea0c4b08: start FollowerState
2019-09-24 06:22:47,014 [EventQueue-StaleNodeForStaleNodeHandler] INFO  node.StaleNodeHandler (StaleNodeHandler.java:onMessage(58)) - Datanode aafc956e-a99d-40e4-a91d-d7ae19e7d808{ip: 192.168.151.91, host: trunk-nightly-20190924-mj2km-2450050911, networkLocation: /default-rack, certSerialId: null} moved to stale state. Finalizing its pipelines []
2019-09-24 06:22:47,457 [ForkJoinPool.commonPool-worker-1] INFO  ozoneimpl.OzoneContainer (OzoneContainer.java:stop(231)) - Attempting to stop container services.
2019-09-24 06:22:47,458 [ForkJoinPool.commonPool-worker-1] INFO  impl.RaftServerProxy (RaftServerProxy.java:lambda$close$4(314)) - aafc956e-a99d-40e4-a91d-d7ae19e7d808: close
2019-09-24 06:22:47,460 [ForkJoinPool.commonPool-worker-1] INFO  server.GrpcService (GrpcService.java:closeImpl(164)) - aafc956e-a99d-40e4-a91d-d7ae19e7d808: shutdown server with port 42878 now
2019-09-24 06:22:47,461 [ForkJoinPool.commonPool-worker-1] INFO  server.GrpcService (GrpcService.java:closeImpl(172)) - aafc956e-a99d-40e4-a91d-d7ae19e7d808: shutdown server with port 42878 successfully
2019-09-24 06:22:47,467 [refreshUsed-/workdir/hadoop-ozone/integration-test/target/test-dir/MiniOzoneClusterImpl-a40bf951-cab5-4b8a-b522-79b69e6c8739/datanode-6/data/containers] WARN  fs.CachingGetSpaceUsed (CachingGetSpaceUsed.java:run(183)) - Thread Interrupted waiting to refresh disk information: sleep interrupted
2019-09-24 06:22:47,488 [ForkJoinPool.commonPool-worker-1] INFO  utils.BackgroundService (BackgroundService.java:shutdown(148)) - Shutting down service BlockDeletingService
2019-09-24 06:22:47,491 [ForkJoinPool.commonPool-worker-1] INFO  statemachine.DatanodeStateMachine (DatanodeStateMachine.java:stopDaemon(395)) - Ozone container server stopped.
2019-09-24 06:22:47,496 [ForkJoinPool.commonPool-worker-1] INFO  handler.ContextHandler (ContextHandler.java:doStop(910)) - Stopped o.e.j.w.WebAppContext@19cdc217{/,null,UNAVAILABLE}{/hddsDatanode}
2019-09-24 06:22:47,497 [ForkJoinPool.commonPool-worker-1] INFO  server.AbstractConnector (AbstractConnector.java:doStop(318)) - Stopped ServerConnector@5f5297e3{HTTP/1.1,[http/1.1]}{0.0.0.0:0}
2019-09-24 06:22:47,502 [ForkJoinPool.commonPool-worker-1] INFO  handler.ContextHandler (ContextHandler.java:doStop(910)) - Stopped o.e.j.s.ServletContextHandler@76a9a009{/static,jar:file:/home/user/.m2/repository/org/apache/hadoop/hadoop-hdds-container-service/0.5.0-SNAPSHOT/hadoop-hdds-container-service-0.5.0-SNAPSHOT.jar!/webapps/static,UNAVAILABLE}
2019-09-24 06:22:47,503 [ForkJoinPool.commonPool-worker-1] INFO  handler.ContextHandler (ContextHandler.java:doStop(910)) - Stopped o.e.j.s.ServletContextHandler@2bf2d6eb{/logs,file:///workdir/hadoop-ozone/integration-test/target/log,UNAVAILABLE}
2019-09-24 06:22:48,099 [Datanode State Machine Thread - 0] INFO  statemachine.DatanodeStateMachine (DatanodeStateMachine.java:lambda$startDaemon$0(350)) - Ozone container server started.
2019-09-24 06:22:50,737 [Thread-3182] INFO  impl.FollowerState (FollowerState.java:run(106)) - 6f00f8fe-2a95-42ae-9e1e-7f02ea0c4b08:group-2A99E4893629 changes to CANDIDATE, lastRpcTime:5038, electionTimeout:5038ms
2019-09-24 06:22:50,738 [Thread-3182] INFO  impl.RoleInfo (RoleInfo.java:shutdownFollowerState(121)) - 6f00f8fe-2a95-42ae-9e1e-7f02ea0c4b08: shutdown FollowerState
2019-09-24 06:22:50,738 [Thread-3182] INFO  impl.RaftServerImpl (RaftServerImpl.java:setRole(174)) - 6f00f8fe-2a95-42ae-9e1e-7f02ea0c4b08@group-2A99E4893629: changes role from  FOLLOWER to CANDIDATE at term 2 for changeToCandidate
2019-09-24 06:22:50,739 [Thread-3182] INFO  impl.RoleInfo (RoleInfo.java:updateAndGet(143)) - 6f00f8fe-2a95-42ae-9e1e-7f02ea0c4b08: start LeaderElection
2019-09-24 06:22:50,760 [6f00f8fe-2a95-42ae-9e1e-7f02ea0c4b08@group-2A99E4893629:LeaderElection71] INFO  impl.LeaderElection (LeaderElection.java:askForVotes(182)) - 6f00f8fe-2a95-42ae-9e1e-7f02ea0c4b08@group-2A99E4893629:LeaderElection71: begin an election at term 3 for 0: [6f00f8fe-2a95-42ae-9e1e-7f02ea0c4b08:192.168.151.91:43861, 1944460d-8ee5-416d-a02c-bd5dce5bd506:192.168.151.91:32780, 785edad9-7165-444d-90ff-997f52a16f53:192.168.151.91:38316], old=null
2019-09-24 06:22:50,763 [6f00f8fe-2a95-42ae-9e1e-7f02ea0c4b08@group-2A99E4893629:LeaderElection71] INFO  impl.LeaderElection (LogUtils.java:infoOrTrace(149)) - 6f00f8fe-2a95-42ae-9e1e-7f02ea0c4b08@group-2A99E4893629:LeaderElection71 got exception when requesting votes: {}
java.util.concurrent.ExecutionException: org.apache.ratis.thirdparty.io.grpc.StatusRuntimeException: UNAVAILABLE: io exception
	at java.util.concurrent.FutureTask.report(FutureTask.java:122)
	at java.util.concurrent.FutureTask.get(FutureTask.java:192)
	at org.apache.ratis.server.impl.LeaderElection.waitForResults(LeaderElection.java:263)
	at org.apache.ratis.server.impl.LeaderElection.askForVotes(LeaderElection.java:201)
	at org.apache.ratis.server.impl.LeaderElection.run(LeaderElection.java:133)
	at java.lang.Thread.run(Thread.java:748)
Caused by: org.apache.ratis.thirdparty.io.grpc.StatusRuntimeException: UNAVAILABLE: io exception
	at org.apache.ratis.thirdparty.io.grpc.stub.ClientCalls.toStatusRuntimeException(ClientCalls.java:233)
	at org.apache.ratis.thirdparty.io.grpc.stub.ClientCalls.getUnchecked(ClientCalls.java:214)
	at org.apache.ratis.thirdparty.io.grpc.stub.ClientCalls.blockingUnaryCall(ClientCalls.java:139)
	at org.apache.ratis.proto.grpc.RaftServerProtocolServiceGrpc$RaftServerProtocolServiceBlockingStub.requestVote(RaftServerProtocolServiceGrpc.java:265)
	at org.apache.ratis.grpc.server.GrpcServerProtocolClient.requestVote(GrpcServerProtocolClient.java:90)
	at org.apache.ratis.grpc.server.GrpcService.requestVote(GrpcService.java:204)
	at org.apache.ratis.server.impl.LeaderElection.lambda$submitRequests$1(LeaderElection.java:238)
	at java.util.concurrent.FutureTask.run(FutureTask.java:266)
	at java.util.concurrent.Executors$RunnableAdapter.call(Executors.java:511)
	at java.util.concurrent.FutureTask.run(FutureTask.java:266)
	at java.util.concurrent.ThreadPoolExecutor.runWorker(ThreadPoolExecutor.java:1149)
	at java.util.concurrent.ThreadPoolExecutor$Worker.run(ThreadPoolExecutor.java:624)
	... 1 more
Caused by: org.apache.ratis.thirdparty.io.netty.channel.AbstractChannel$AnnotatedConnectException: Connection refused: /192.168.151.91:38316
	at sun.nio.ch.SocketChannelImpl.checkConnect(Native Method)
	at sun.nio.ch.SocketChannelImpl.finishConnect(SocketChannelImpl.java:717)
	at org.apache.ratis.thirdparty.io.netty.channel.socket.nio.NioSocketChannel.doFinishConnect(NioSocketChannel.java:327)
	at org.apache.ratis.thirdparty.io.netty.channel.nio.AbstractNioChannel$AbstractNioUnsafe.finishConnect(AbstractNioChannel.java:340)
	at org.apache.ratis.thirdparty.io.netty.channel.nio.NioEventLoop.processSelectedKey(NioEventLoop.java:632)
	at org.apache.ratis.thirdparty.io.netty.channel.nio.NioEventLoop.processSelectedKeysOptimized(NioEventLoop.java:579)
	at org.apache.ratis.thirdparty.io.netty.channel.nio.NioEventLoop.processSelectedKeys(NioEventLoop.java:496)
	at org.apache.ratis.thirdparty.io.netty.channel.nio.NioEventLoop.run(NioEventLoop.java:458)
	at org.apache.ratis.thirdparty.io.netty.util.concurrent.SingleThreadEventExecutor$5.run(SingleThreadEventExecutor.java:897)
	at org.apache.ratis.thirdparty.io.netty.util.concurrent.FastThreadLocalRunnable.run(FastThreadLocalRunnable.java:30)
	... 1 more
Caused by: java.net.ConnectException: Connection refused
	... 11 more
2019-09-24 06:22:50,770 [6f00f8fe-2a95-42ae-9e1e-7f02ea0c4b08@group-2A99E4893629:LeaderElection71] INFO  impl.LeaderElection (LogUtils.java:infoOrTrace(149)) - 6f00f8fe-2a95-42ae-9e1e-7f02ea0c4b08@group-2A99E4893629:LeaderElection71 got exception when requesting votes: {}
java.util.concurrent.ExecutionException: org.apache.ratis.thirdparty.io.grpc.StatusRuntimeException: UNAVAILABLE: io exception
	at java.util.concurrent.FutureTask.report(FutureTask.java:122)
	at java.util.concurrent.FutureTask.get(FutureTask.java:192)
	at org.apache.ratis.server.impl.LeaderElection.waitForResults(LeaderElection.java:263)
	at org.apache.ratis.server.impl.LeaderElection.askForVotes(LeaderElection.java:201)
	at org.apache.ratis.server.impl.LeaderElection.run(LeaderElection.java:133)
	at java.lang.Thread.run(Thread.java:748)
Caused by: org.apache.ratis.thirdparty.io.grpc.StatusRuntimeException: UNAVAILABLE: io exception
	at org.apache.ratis.thirdparty.io.grpc.stub.ClientCalls.toStatusRuntimeException(ClientCalls.java:233)
	at org.apache.ratis.thirdparty.io.grpc.stub.ClientCalls.getUnchecked(ClientCalls.java:214)
	at org.apache.ratis.thirdparty.io.grpc.stub.ClientCalls.blockingUnaryCall(ClientCalls.java:139)
	at org.apache.ratis.proto.grpc.RaftServerProtocolServiceGrpc$RaftServerProtocolServiceBlockingStub.requestVote(RaftServerProtocolServiceGrpc.java:265)
	at org.apache.ratis.grpc.server.GrpcServerProtocolClient.requestVote(GrpcServerProtocolClient.java:90)
	at org.apache.ratis.grpc.server.GrpcService.requestVote(GrpcService.java:204)
	at org.apache.ratis.server.impl.LeaderElection.lambda$submitRequests$1(LeaderElection.java:238)
	at java.util.concurrent.FutureTask.run(FutureTask.java:266)
	at java.util.concurrent.Executors$RunnableAdapter.call(Executors.java:511)
	at java.util.concurrent.FutureTask.run(FutureTask.java:266)
	at java.util.concurrent.ThreadPoolExecutor.runWorker(ThreadPoolExecutor.java:1149)
	at java.util.concurrent.ThreadPoolExecutor$Worker.run(ThreadPoolExecutor.java:624)
	... 1 more
Caused by: org.apache.ratis.thirdparty.io.netty.channel.AbstractChannel$AnnotatedConnectException: Connection refused: /192.168.151.91:32780
	at sun.nio.ch.SocketChannelImpl.checkConnect(Native Method)
	at sun.nio.ch.SocketChannelImpl.finishConnect(SocketChannelImpl.java:717)
	at org.apache.ratis.thirdparty.io.netty.channel.socket.nio.NioSocketChannel.doFinishConnect(NioSocketChannel.java:327)
	at org.apache.ratis.thirdparty.io.netty.channel.nio.AbstractNioChannel$AbstractNioUnsafe.finishConnect(AbstractNioChannel.java:340)
	at org.apache.ratis.thirdparty.io.netty.channel.nio.NioEventLoop.processSelectedKey(NioEventLoop.java:632)
	at org.apache.ratis.thirdparty.io.netty.channel.nio.NioEventLoop.processSelectedKeysOptimized(NioEventLoop.java:579)
	at org.apache.ratis.thirdparty.io.netty.channel.nio.NioEventLoop.processSelectedKeys(NioEventLoop.java:496)
	at org.apache.ratis.thirdparty.io.netty.channel.nio.NioEventLoop.run(NioEventLoop.java:458)
	at org.apache.ratis.thirdparty.io.netty.util.concurrent.SingleThreadEventExecutor$5.run(SingleThreadEventExecutor.java:897)
	at org.apache.ratis.thirdparty.io.netty.util.concurrent.FastThreadLocalRunnable.run(FastThreadLocalRunnable.java:30)
	... 1 more
Caused by: java.net.ConnectException: Connection refused
	... 11 more
2019-09-24 06:22:50,771 [6f00f8fe-2a95-42ae-9e1e-7f02ea0c4b08@group-2A99E4893629:LeaderElection71] INFO  impl.LeaderElection (LeaderElection.java:logAndReturn(56)) - 6f00f8fe-2a95-42ae-9e1e-7f02ea0c4b08@group-2A99E4893629:LeaderElection71: Election REJECTED; received 0 response(s) [] and 2 exception(s); 6f00f8fe-2a95-42ae-9e1e-7f02ea0c4b08@group-2A99E4893629:t3, leader=null, voted=6f00f8fe-2a95-42ae-9e1e-7f02ea0c4b08, raftlog=6f00f8fe-2a95-42ae-9e1e-7f02ea0c4b08@group-2A99E4893629-SegmentedRaftLog:OPENED:c16,f16,i16, conf=0: [6f00f8fe-2a95-42ae-9e1e-7f02ea0c4b08:192.168.151.91:43861, 1944460d-8ee5-416d-a02c-bd5dce5bd506:192.168.151.91:32780, 785edad9-7165-444d-90ff-997f52a16f53:192.168.151.91:38316], old=null
2019-09-24 06:22:50,771 [6f00f8fe-2a95-42ae-9e1e-7f02ea0c4b08@group-2A99E4893629:LeaderElection71] INFO  impl.LeaderElection (LogUtils.java:infoOrTrace(149)) -   Exception 0: {}
java.util.concurrent.ExecutionException: org.apache.ratis.thirdparty.io.grpc.StatusRuntimeException: UNAVAILABLE: io exception
	at java.util.concurrent.FutureTask.report(FutureTask.java:122)
	at java.util.concurrent.FutureTask.get(FutureTask.java:192)
	at org.apache.ratis.server.impl.LeaderElection.waitForResults(LeaderElection.java:263)
	at org.apache.ratis.server.impl.LeaderElection.askForVotes(LeaderElection.java:201)
	at org.apache.ratis.server.impl.LeaderElection.run(LeaderElection.java:133)
	at java.lang.Thread.run(Thread.java:748)
Caused by: org.apache.ratis.thirdparty.io.grpc.StatusRuntimeException: UNAVAILABLE: io exception
	at org.apache.ratis.thirdparty.io.grpc.stub.ClientCalls.toStatusRuntimeException(ClientCalls.java:233)
	at org.apache.ratis.thirdparty.io.grpc.stub.ClientCalls.getUnchecked(ClientCalls.java:214)
	at org.apache.ratis.thirdparty.io.grpc.stub.ClientCalls.blockingUnaryCall(ClientCalls.java:139)
	at org.apache.ratis.proto.grpc.RaftServerProtocolServiceGrpc$RaftServerProtocolServiceBlockingStub.requestVote(RaftServerProtocolServiceGrpc.java:265)
	at org.apache.ratis.grpc.server.GrpcServerProtocolClient.requestVote(GrpcServerProtocolClient.java:90)
	at org.apache.ratis.grpc.server.GrpcService.requestVote(GrpcService.java:204)
	at org.apache.ratis.server.impl.LeaderElection.lambda$submitRequests$1(LeaderElection.java:238)
	at java.util.concurrent.FutureTask.run(FutureTask.java:266)
	at java.util.concurrent.Executors$RunnableAdapter.call(Executors.java:511)
	at java.util.concurrent.FutureTask.run(FutureTask.java:266)
	at java.util.concurrent.ThreadPoolExecutor.runWorker(ThreadPoolExecutor.java:1149)
	at java.util.concurrent.ThreadPoolExecutor$Worker.run(ThreadPoolExecutor.java:624)
	... 1 more
Caused by: org.apache.ratis.thirdparty.io.netty.channel.AbstractChannel$AnnotatedConnectException: Connection refused: /192.168.151.91:38316
	at sun.nio.ch.SocketChannelImpl.checkConnect(Native Method)
	at sun.nio.ch.SocketChannelImpl.finishConnect(SocketChannelImpl.java:717)
	at org.apache.ratis.thirdparty.io.netty.channel.socket.nio.NioSocketChannel.doFinishConnect(NioSocketChannel.java:327)
	at org.apache.ratis.thirdparty.io.netty.channel.nio.AbstractNioChannel$AbstractNioUnsafe.finishConnect(AbstractNioChannel.java:340)
	at org.apache.ratis.thirdparty.io.netty.channel.nio.NioEventLoop.processSelectedKey(NioEventLoop.java:632)
	at org.apache.ratis.thirdparty.io.netty.channel.nio.NioEventLoop.processSelectedKeysOptimized(NioEventLoop.java:579)
	at org.apache.ratis.thirdparty.io.netty.channel.nio.NioEventLoop.processSelectedKeys(NioEventLoop.java:496)
	at org.apache.ratis.thirdparty.io.netty.channel.nio.NioEventLoop.run(NioEventLoop.java:458)
	at org.apache.ratis.thirdparty.io.netty.util.concurrent.SingleThreadEventExecutor$5.run(SingleThreadEventExecutor.java:897)
	at org.apache.ratis.thirdparty.io.netty.util.concurrent.FastThreadLocalRunnable.run(FastThreadLocalRunnable.java:30)
	... 1 more
Caused by: java.net.ConnectException: Connection refused
	... 11 more
2019-09-24 06:22:50,772 [6f00f8fe-2a95-42ae-9e1e-7f02ea0c4b08@group-2A99E4893629:LeaderElection71] INFO  impl.LeaderElection (LogUtils.java:infoOrTrace(149)) -   Exception 1: {}
java.util.concurrent.ExecutionException: org.apache.ratis.thirdparty.io.grpc.StatusRuntimeException: UNAVAILABLE: io exception
	at java.util.concurrent.FutureTask.report(FutureTask.java:122)
	at java.util.concurrent.FutureTask.get(FutureTask.java:192)
	at org.apache.ratis.server.impl.LeaderElection.waitForResults(LeaderElection.java:263)
	at org.apache.ratis.server.impl.LeaderElection.askForVotes(LeaderElection.java:201)
	at org.apache.ratis.server.impl.LeaderElection.run(LeaderElection.java:133)
	at java.lang.Thread.run(Thread.java:748)
Caused by: org.apache.ratis.thirdparty.io.grpc.StatusRuntimeException: UNAVAILABLE: io exception
	at org.apache.ratis.thirdparty.io.grpc.stub.ClientCalls.toStatusRuntimeException(ClientCalls.java:233)
	at org.apache.ratis.thirdparty.io.grpc.stub.ClientCalls.getUnchecked(ClientCalls.java:214)
	at org.apache.ratis.thirdparty.io.grpc.stub.ClientCalls.blockingUnaryCall(ClientCalls.java:139)
	at org.apache.ratis.proto.grpc.RaftServerProtocolServiceGrpc$RaftServerProtocolServiceBlockingStub.requestVote(RaftServerProtocolServiceGrpc.java:265)
	at org.apache.ratis.grpc.server.GrpcServerProtocolClient.requestVote(GrpcServerProtocolClient.java:90)
	at org.apache.ratis.grpc.server.GrpcService.requestVote(GrpcService.java:204)
	at org.apache.ratis.server.impl.LeaderElection.lambda$submitRequests$1(LeaderElection.java:238)
	at java.util.concurrent.FutureTask.run(FutureTask.java:266)
	at java.util.concurrent.Executors$RunnableAdapter.call(Executors.java:511)
	at java.util.concurrent.FutureTask.run(FutureTask.java:266)
	at java.util.concurrent.ThreadPoolExecutor.runWorker(ThreadPoolExecutor.java:1149)
	at java.util.concurrent.ThreadPoolExecutor$Worker.run(ThreadPoolExecutor.java:624)
	... 1 more
Caused by: org.apache.ratis.thirdparty.io.netty.channel.AbstractChannel$AnnotatedConnectException: Connection refused: /192.168.151.91:32780
	at sun.nio.ch.SocketChannelImpl.checkConnect(Native Method)
	at sun.nio.ch.SocketChannelImpl.finishConnect(SocketChannelImpl.java:717)
	at org.apache.ratis.thirdparty.io.netty.channel.socket.nio.NioSocketChannel.doFinishConnect(NioSocketChannel.java:327)
	at org.apache.ratis.thirdparty.io.netty.channel.nio.AbstractNioChannel$AbstractNioUnsafe.finishConnect(AbstractNioChannel.java:340)
	at org.apache.ratis.thirdparty.io.netty.channel.nio.NioEventLoop.processSelectedKey(NioEventLoop.java:632)
	at org.apache.ratis.thirdparty.io.netty.channel.nio.NioEventLoop.processSelectedKeysOptimized(NioEventLoop.java:579)
	at org.apache.ratis.thirdparty.io.netty.channel.nio.NioEventLoop.processSelectedKeys(NioEventLoop.java:496)
	at org.apache.ratis.thirdparty.io.netty.channel.nio.NioEventLoop.run(NioEventLoop.java:458)
	at org.apache.ratis.thirdparty.io.netty.util.concurrent.SingleThreadEventExecutor$5.run(SingleThreadEventExecutor.java:897)
	at org.apache.ratis.thirdparty.io.netty.util.concurrent.FastThreadLocalRunnable.run(FastThreadLocalRunnable.java:30)
	... 1 more
Caused by: java.net.ConnectException: Connection refused
	... 11 more
2019-09-24 06:22:50,772 [6f00f8fe-2a95-42ae-9e1e-7f02ea0c4b08@group-2A99E4893629:LeaderElection71] INFO  impl.RaftServerImpl (RaftServerImpl.java:setRole(174)) - 6f00f8fe-2a95-42ae-9e1e-7f02ea0c4b08@group-2A99E4893629: changes role from CANDIDATE to FOLLOWER at term 3 for DISCOVERED_A_NEW_TERM
2019-09-24 06:22:50,773 [6f00f8fe-2a95-42ae-9e1e-7f02ea0c4b08@group-2A99E4893629:LeaderElection71] INFO  impl.RoleInfo (RoleInfo.java:shutdownLeaderElection(134)) - 6f00f8fe-2a95-42ae-9e1e-7f02ea0c4b08: shutdown LeaderElection
2019-09-24 06:22:50,773 [6f00f8fe-2a95-42ae-9e1e-7f02ea0c4b08@group-2A99E4893629:LeaderElection71] INFO  impl.RoleInfo (RoleInfo.java:updateAndGet(143)) - 6f00f8fe-2a95-42ae-9e1e-7f02ea0c4b08: start FollowerState
2019-09-24 06:22:52,121 [EventQueue-StaleNodeForStaleNodeHandler] INFO  node.StaleNodeHandler (StaleNodeHandler.java:onMessage(58)) - Datanode 6f00f8fe-2a95-42ae-9e1e-7f02ea0c4b08{ip: 192.168.151.91, host: trunk-nightly-20190924-mj2km-2450050911, networkLocation: /default-rack, certSerialId: null} moved to stale state. Finalizing its pipelines [PipelineID=e221a0b6-98de-4f36-ab23-2a99e4893629, PipelineID=e81e8958-65d8-4afb-b1ba-9686fc6e6ee9]
2019-09-24 06:22:52,128 [EventQueue-StaleNodeForStaleNodeHandler] INFO  pipeline.SCMPipelineManager (SCMPipelineManager.java:finalizeAndDestroyPipeline(315)) - destroying pipeline:Pipeline[ Id: e221a0b6-98de-4f36-ab23-2a99e4893629, Nodes: 785edad9-7165-444d-90ff-997f52a16f53{ip: 192.168.151.91, host: trunk-nightly-20190924-mj2km-2450050911, networkLocation: /default-rack, certSerialId: null}1944460d-8ee5-416d-a02c-bd5dce5bd506{ip: 192.168.151.91, host: trunk-nightly-20190924-mj2km-2450050911, networkLocation: /default-rack, certSerialId: null}6f00f8fe-2a95-42ae-9e1e-7f02ea0c4b08{ip: 192.168.151.91, host: trunk-nightly-20190924-mj2km-2450050911, networkLocation: /default-rack, certSerialId: null}, Type:RATIS, Factor:THREE, State:CLOSED]
2019-09-24 06:22:52,128 [EventQueue-StaleNodeForStaleNodeHandler] INFO  pipeline.SCMPipelineManager (SCMPipelineManager.java:finalizeAndDestroyPipeline(315)) - destroying pipeline:Pipeline[ Id: e81e8958-65d8-4afb-b1ba-9686fc6e6ee9, Nodes: 6f00f8fe-2a95-42ae-9e1e-7f02ea0c4b08{ip: 192.168.151.91, host: trunk-nightly-20190924-mj2km-2450050911, networkLocation: /default-rack, certSerialId: null}, Type:RATIS, Factor:ONE, State:OPEN]
2019-09-24 06:22:52,129 [EventQueue-StaleNodeForStaleNodeHandler] INFO  pipeline.PipelineStateManager (PipelineStateManager.java:finalizePipeline(123)) - Pipeline Pipeline[ Id: e81e8958-65d8-4afb-b1ba-9686fc6e6ee9, Nodes: 6f00f8fe-2a95-42ae-9e1e-7f02ea0c4b08{ip: 192.168.151.91, host: trunk-nightly-20190924-mj2km-2450050911, networkLocation: /default-rack, certSerialId: null}, Type:RATIS, Factor:ONE, State:CLOSED] moved to CLOSED state
2019-09-24 06:22:52,506 [ForkJoinPool.commonPool-worker-1] INFO  ozoneimpl.OzoneContainer (OzoneContainer.java:stop(231)) - Attempting to stop container services.
2019-09-24 06:22:52,510 [ForkJoinPool.commonPool-worker-1] INFO  impl.RaftServerProxy (RaftServerProxy.java:lambda$close$4(314)) - 6f00f8fe-2a95-42ae-9e1e-7f02ea0c4b08: close
2019-09-24 06:22:52,510 [ForkJoinPool.commonPool-worker-1] INFO  impl.RaftServerImpl (RaftServerImpl.java:lambda$shutdown$3(251)) - 6f00f8fe-2a95-42ae-9e1e-7f02ea0c4b08@group-2A99E4893629: shutdown
2019-09-24 06:22:52,511 [ForkJoinPool.commonPool-worker-1] INFO  util.JmxRegister (JmxRegister.java:unregister(73)) - Successfully un-registered JMX Bean with object name Ratis:service=RaftServer,group=group-2A99E4893629,id=6f00f8fe-2a95-42ae-9e1e-7f02ea0c4b08
2019-09-24 06:22:52,511 [ForkJoinPool.commonPool-worker-1] INFO  impl.RoleInfo (RoleInfo.java:shutdownFollowerState(121)) - 6f00f8fe-2a95-42ae-9e1e-7f02ea0c4b08: shutdown FollowerState
2019-09-24 06:22:52,512 [ForkJoinPool.commonPool-worker-1] INFO  impl.StateMachineUpdater (StateMachineUpdater.java:stopAndJoin(125)) - 6f00f8fe-2a95-42ae-9e1e-7f02ea0c4b08@group-2A99E4893629-StateMachineUpdater: set stopIndex = 16
2019-09-24 06:22:52,512 [6f00f8fe-2a95-42ae-9e1e-7f02ea0c4b08@group-2A99E4893629-StateMachineUpdater] INFO  ratis.ContainerStateMachine (ContainerStateMachine.java:takeSnapshot(289)) - group-2A99E4893629: Taking a snapshot at:(t:1, i:14) file /workdir/hadoop-ozone/integration-test/target/test-dir/MiniOzoneClusterImpl-a40bf951-cab5-4b8a-b522-79b69e6c8739/datanode-5/data/ratis/e221a0b6-98de-4f36-ab23-2a99e4893629/sm/snapshot.1_14
2019-09-24 06:22:52,512 [Thread-3186] INFO  impl.FollowerState (FollowerState.java:run(115)) - 6f00f8fe-2a95-42ae-9e1e-7f02ea0c4b08: FollowerState was interrupted: java.lang.InterruptedException: sleep interrupted
2019-09-24 06:22:52,527 [6f00f8fe-2a95-42ae-9e1e-7f02ea0c4b08@group-2A99E4893629-StateMachineUpdater] INFO  ratis.ContainerStateMachine (ContainerStateMachine.java:takeSnapshot(300)) - group-2A99E4893629: Finished taking a snapshot at:(t:1, i:14) file:/workdir/hadoop-ozone/integration-test/target/test-dir/MiniOzoneClusterImpl-a40bf951-cab5-4b8a-b522-79b69e6c8739/datanode-5/data/ratis/e221a0b6-98de-4f36-ab23-2a99e4893629/sm/snapshot.1_14 time:15
2019-09-24 06:22:52,527 [6f00f8fe-2a95-42ae-9e1e-7f02ea0c4b08@group-2A99E4893629-StateMachineUpdater] INFO  impl.StateMachineUpdater (StateMachineUpdater.java:takeSnapshot(258)) - 6f00f8fe-2a95-42ae-9e1e-7f02ea0c4b08@group-2A99E4893629-StateMachineUpdater: Took a snapshot at index 14
2019-09-24 06:22:52,527 [6f00f8fe-2a95-42ae-9e1e-7f02ea0c4b08@group-2A99E4893629-StateMachineUpdater] INFO  impl.StateMachineUpdater (StateMachineUpdater.java:lambda$new$0(83)) - 6f00f8fe-2a95-42ae-9e1e-7f02ea0c4b08@group-2A99E4893629-StateMachineUpdater: snapshotIndex: updateIncreasingly -1 -> 14
2019-09-24 06:22:52,528 [6f00f8fe-2a95-42ae-9e1e-7f02ea0c4b08@group-2A99E4893629-StateMachineUpdater] INFO  ratis.ContainerStateMachine (ContainerStateMachine.java:takeSnapshot(289)) - group-2A99E4893629: Taking a snapshot at:(t:1, i:14) file /workdir/hadoop-ozone/integration-test/target/test-dir/MiniOzoneClusterImpl-a40bf951-cab5-4b8a-b522-79b69e6c8739/datanode-5/data/ratis/e221a0b6-98de-4f36-ab23-2a99e4893629/sm/snapshot.1_14
2019-09-24 06:22:52,540 [6f00f8fe-2a95-42ae-9e1e-7f02ea0c4b08@group-2A99E4893629-StateMachineUpdater] INFO  ratis.ContainerStateMachine (ContainerStateMachine.java:takeSnapshot(300)) - group-2A99E4893629: Finished taking a snapshot at:(t:1, i:14) file:/workdir/hadoop-ozone/integration-test/target/test-dir/MiniOzoneClusterImpl-a40bf951-cab5-4b8a-b522-79b69e6c8739/datanode-5/data/ratis/e221a0b6-98de-4f36-ab23-2a99e4893629/sm/snapshot.1_14 time:12
2019-09-24 06:22:52,540 [6f00f8fe-2a95-42ae-9e1e-7f02ea0c4b08@group-2A99E4893629-StateMachineUpdater] INFO  impl.StateMachineUpdater (StateMachineUpdater.java:takeSnapshot(258)) - 6f00f8fe-2a95-42ae-9e1e-7f02ea0c4b08@group-2A99E4893629-StateMachineUpdater: Took a snapshot at index 14
2019-09-24 06:22:52,540 [6f00f8fe-2a95-42ae-9e1e-7f02ea0c4b08@group-2A99E4893629-StateMachineUpdater] INFO  impl.StateMachineUpdater (StateMachineUpdater.java:lambda$new$0(83)) - 6f00f8fe-2a95-42ae-9e1e-7f02ea0c4b08@group-2A99E4893629-StateMachineUpdater: snapshotIndex: updateIncreasingly 14 -> 14
2019-09-24 06:22:52,540 [ForkJoinPool.commonPool-worker-1] INFO  impl.RaftServerImpl (ServerState.java:close(385)) - 6f00f8fe-2a95-42ae-9e1e-7f02ea0c4b08@group-2A99E4893629: closes. applyIndex: 16
2019-09-24 06:22:52,541 [6f00f8fe-2a95-42ae-9e1e-7f02ea0c4b08@group-2A99E4893629-SegmentedRaftLogWorker] INFO  segmented.SegmentedRaftLogWorker (SegmentedRaftLogWorker.java:run(313)) - 6f00f8fe-2a95-42ae-9e1e-7f02ea0c4b08@group-2A99E4893629-SegmentedRaftLogWorker was interrupted, exiting. There are 0 tasks remaining in the queue.
2019-09-24 06:22:52,543 [ForkJoinPool.commonPool-worker-1] INFO  segmented.SegmentedRaftLogWorker (SegmentedRaftLogWorker.java:close(228)) - 6f00f8fe-2a95-42ae-9e1e-7f02ea0c4b08@group-2A99E4893629-SegmentedRaftLogWorker close()
2019-09-24 06:22:52,545 [ForkJoinPool.commonPool-worker-1] INFO  impl.RaftServerImpl (RaftServerImpl.java:lambda$shutdown$3(251)) - 6f00f8fe-2a95-42ae-9e1e-7f02ea0c4b08@group-9686FC6E6EE9: shutdown
2019-09-24 06:22:52,545 [ForkJoinPool.commonPool-worker-1] INFO  util.JmxRegister (JmxRegister.java:unregister(73)) - Successfully un-registered JMX Bean with object name Ratis:service=RaftServer,group=group-9686FC6E6EE9,id=6f00f8fe-2a95-42ae-9e1e-7f02ea0c4b08
2019-09-24 06:22:52,545 [ForkJoinPool.commonPool-worker-1] INFO  impl.RoleInfo (RoleInfo.java:shutdownLeaderState(104)) - 6f00f8fe-2a95-42ae-9e1e-7f02ea0c4b08: shutdown LeaderState
2019-09-24 06:22:52,546 [ForkJoinPool.commonPool-worker-1] INFO  impl.PendingRequests (PendingRequests.java:sendNotLeaderResponses(202)) - 6f00f8fe-2a95-42ae-9e1e-7f02ea0c4b08-PendingRequests: sendNotLeaderResponses
2019-09-24 06:22:52,546 [ForkJoinPool.commonPool-worker-1] INFO  impl.StateMachineUpdater (StateMachineUpdater.java:stopAndJoin(125)) - 6f00f8fe-2a95-42ae-9e1e-7f02ea0c4b08@group-9686FC6E6EE9-StateMachineUpdater: set stopIndex = 0
2019-09-24 06:22:52,547 [ForkJoinPool.commonPool-worker-1] INFO  impl.RaftServerImpl (ServerState.java:close(385)) - 6f00f8fe-2a95-42ae-9e1e-7f02ea0c4b08@group-9686FC6E6EE9: closes. applyIndex: 0
2019-09-24 06:22:52,547 [6f00f8fe-2a95-42ae-9e1e-7f02ea0c4b08@group-9686FC6E6EE9-SegmentedRaftLogWorker] INFO  segmented.SegmentedRaftLogWorker (SegmentedRaftLogWorker.java:run(313)) - 6f00f8fe-2a95-42ae-9e1e-7f02ea0c4b08@group-9686FC6E6EE9-SegmentedRaftLogWorker was interrupted, exiting. There are 0 tasks remaining in the queue.
2019-09-24 06:22:52,548 [ForkJoinPool.commonPool-worker-1] INFO  segmented.SegmentedRaftLogWorker (SegmentedRaftLogWorker.java:close(228)) - 6f00f8fe-2a95-42ae-9e1e-7f02ea0c4b08@group-9686FC6E6EE9-SegmentedRaftLogWorker close()
2019-09-24 06:22:52,549 [ForkJoinPool.commonPool-worker-1] INFO  server.GrpcService (GrpcService.java:closeImpl(164)) - 6f00f8fe-2a95-42ae-9e1e-7f02ea0c4b08: shutdown server with port 43861 now
2019-09-24 06:22:52,550 [ForkJoinPool.commonPool-worker-1] INFO  server.GrpcService (GrpcService.java:closeImpl(172)) - 6f00f8fe-2a95-42ae-9e1e-7f02ea0c4b08: shutdown server with port 43861 successfully
2019-09-24 06:22:52,557 [refreshUsed-/workdir/hadoop-ozone/integration-test/target/test-dir/MiniOzoneClusterImpl-a40bf951-cab5-4b8a-b522-79b69e6c8739/datanode-5/data/containers] WARN  fs.CachingGetSpaceUsed (CachingGetSpaceUsed.java:run(183)) - Thread Interrupted waiting to refresh disk information: sleep interrupted
2019-09-24 06:22:52,570 [ForkJoinPool.commonPool-worker-1] INFO  utils.BackgroundService (BackgroundService.java:shutdown(148)) - Shutting down service BlockDeletingService
2019-09-24 06:22:52,575 [ForkJoinPool.commonPool-worker-1] INFO  statemachine.DatanodeStateMachine (DatanodeStateMachine.java:stopDaemon(395)) - Ozone container server stopped.
2019-09-24 06:22:52,579 [ForkJoinPool.commonPool-worker-1] INFO  handler.ContextHandler (ContextHandler.java:doStop(910)) - Stopped o.e.j.w.WebAppContext@7a36c83a{/,null,UNAVAILABLE}{/hddsDatanode}
2019-09-24 06:22:52,579 [ForkJoinPool.commonPool-worker-1] INFO  server.AbstractConnector (AbstractConnector.java:doStop(318)) - Stopped ServerConnector@154b8cb6{HTTP/1.1,[http/1.1]}{0.0.0.0:0}
2019-09-24 06:22:52,580 [ForkJoinPool.commonPool-worker-1] INFO  handler.ContextHandler (ContextHandler.java:doStop(910)) - Stopped o.e.j.s.ServletContextHandler@1bee0085{/static,jar:file:/home/user/.m2/repository/org/apache/hadoop/hadoop-hdds-container-service/0.5.0-SNAPSHOT/hadoop-hdds-container-service-0.5.0-SNAPSHOT.jar!/webapps/static,UNAVAILABLE}
2019-09-24 06:22:52,580 [ForkJoinPool.commonPool-worker-1] INFO  handler.ContextHandler (ContextHandler.java:doStop(910)) - Stopped o.e.j.s.ServletContextHandler@27e44e9c{/logs,file:///workdir/hadoop-ozone/integration-test/target/log,UNAVAILABLE}
2019-09-24 06:22:52,581 [main] INFO  ozone.MiniOzoneClusterImpl (MiniOzoneClusterImpl.java:stopSCM(392)) - Stopping the StorageContainerManager
2019-09-24 06:22:52,581 [main] INFO  server.StorageContainerManager (StorageContainerManager.java:stop(808)) - Stopping Replication Manager Service.
2019-09-24 06:22:52,581 [main] INFO  container.ReplicationManager (ReplicationManager.java:stop(203)) - Stopping Replication Monitor Thread.
2019-09-24 06:22:52,582 [main] INFO  server.StorageContainerManager (StorageContainerManager.java:stop(815)) - Stopping Lease Manager of the command watchers
2019-09-24 06:22:52,582 [main] INFO  server.StorageContainerManager (StorageContainerManager.java:stop(822)) - Stopping datanode service RPC server
2019-09-24 06:22:52,582 [main] INFO  server.SCMDatanodeProtocolServer (SCMDatanodeProtocolServer.java:stop(367)) - Stopping the RPC server for DataNodes
2019-09-24 06:22:52,582 [main] INFO  ipc.Server (Server.java:stop(3082)) - Stopping server on 43688
2019-09-24 06:22:52,585 [IPC Server listener on 43688] INFO  ipc.Server (Server.java:run(1185)) - Stopping IPC Server listener on 43688
2019-09-24 06:22:52,586 [IPC Server Responder] INFO  ipc.Server (Server.java:run(1319)) - Stopping IPC Server Responder
2019-09-24 06:22:52,621 [SCM Heartbeat Processing Thread - 0] WARN  node.NodeStateManager (NodeStateManager.java:scheduleNextHealthCheck(646)) - Current Thread is interrupted, shutting down HB processing thread for Node Manager.
2019-09-24 06:22:52,622 [main] INFO  server.StorageContainerManager (StorageContainerManager.java:stop(830)) - Stopping block service RPC server
2019-09-24 06:22:52,622 [main] INFO  server.SCMBlockProtocolServer (SCMBlockProtocolServer.java:stop(155)) - Stopping the RPC server for Block Protocol
2019-09-24 06:22:52,622 [main] INFO  ipc.Server (Server.java:stop(3082)) - Stopping server on 42408
2019-09-24 06:22:52,625 [IPC Server listener on 42408] INFO  ipc.Server (Server.java:run(1185)) - Stopping IPC Server listener on 42408
2019-09-24 06:22:52,625 [main] INFO  server.StorageContainerManager (StorageContainerManager.java:stop(837)) - Stopping the StorageContainerLocationProtocol RPC server
2019-09-24 06:22:52,626 [main] INFO  server.SCMClientProtocolServer (SCMClientProtocolServer.java:stop(159)) - Stopping the RPC server for Client Protocol
2019-09-24 06:22:52,627 [main] INFO  ipc.Server (Server.java:stop(3082)) - Stopping server on 41572
2019-09-24 06:22:52,626 [IPC Server Responder] INFO  ipc.Server (Server.java:run(1319)) - Stopping IPC Server Responder
2019-09-24 06:22:52,631 [IPC Server listener on 41572] INFO  ipc.Server (Server.java:run(1185)) - Stopping IPC Server listener on 41572
2019-09-24 06:22:52,631 [main] INFO  server.StorageContainerManager (StorageContainerManager.java:stop(844)) - Stopping Storage Container Manager HTTP server.
2019-09-24 06:22:52,631 [IPC Server Responder] INFO  ipc.Server (Server.java:run(1319)) - Stopping IPC Server Responder
2019-09-24 06:22:52,633 [main] INFO  handler.ContextHandler (ContextHandler.java:doStop(910)) - Stopped o.e.j.w.WebAppContext@2bd8f7db{/,null,UNAVAILABLE}{/scm}
2019-09-24 06:22:52,634 [main] INFO  server.AbstractConnector (AbstractConnector.java:doStop(318)) - Stopped ServerConnector@6d7ad0f5{HTTP/1.1,[http/1.1]}{0.0.0.0:0}
2019-09-24 06:22:52,634 [main] INFO  handler.ContextHandler (ContextHandler.java:doStop(910)) - Stopped o.e.j.s.ServletContextHandler@5fef0c19{/static,file:///workdir/hadoop-ozone/integration-test/target/test-classes/webapps/static,UNAVAILABLE}
2019-09-24 06:22:52,635 [main] INFO  handler.ContextHandler (ContextHandler.java:doStop(910)) - Stopped o.e.j.s.ServletContextHandler@615db358{/logs,file:///workdir/hadoop-ozone/integration-test/target/log,UNAVAILABLE}
2019-09-24 06:22:52,636 [main] INFO  server.StorageContainerManager (StorageContainerManager.java:stop(855)) - Stopping Block Manager Service.
2019-09-24 06:22:52,636 [main] INFO  utils.BackgroundService (BackgroundService.java:shutdown(148)) - Shutting down service SCMBlockDeletingService
2019-09-24 06:22:52,636 [main] INFO  utils.BackgroundService (BackgroundService.java:shutdown(148)) - Shutting down service SCMBlockDeletingService
2019-09-24 06:22:52,637 [main] INFO  server.StorageContainerManager (StorageContainerManager.java:stop(877)) - Stopping SCM Event Queue.
2019-09-24 06:22:52,642 [main] INFO  impl.MetricsSystemImpl (MetricsSystemImpl.java:stop(210)) - Stopping HddsDatanode metrics system...
2019-09-24 06:22:52,674 [main] INFO  impl.MetricsSystemImpl (MetricsSystemImpl.java:stop(216)) - HddsDatanode metrics system stopped.
]]></system-out>
  </testcase>
  <testcase name="testFailureWithPrimeSizedData" classname="org.apache.hadoop.ozone.client.rpc.TestBlockOutputStreamWithFailures" time="35.872"/>
  <testcase name="testWatchForCommitWithCloseContainerException" classname="org.apache.hadoop.ozone.client.rpc.TestBlockOutputStreamWithFailures" time="33.567"/>
  <testcase name="testExceptionDuringClose" classname="org.apache.hadoop.ozone.client.rpc.TestBlockOutputStreamWithFailures" time="33.419"/>
</testsuite>