<?xml version="1.0" encoding="UTF-8"?>
<testsuite xmlns:xsi="http://www.w3.org/2001/XMLSchema-instance" xsi:noNamespaceSchemaLocation="https://maven.apache.org/surefire/maven-surefire-plugin/xsd/surefire-test-report.xsd" name="org.apache.hadoop.ozone.freon.TestFreonWithPipelineDestroy" time="37.055" tests="1" errors="1" skipped="0" failures="0">
  <properties>
    <property name="awt.toolkit" value="sun.awt.X11.XToolkit"/>
    <property name="file.encoding.pkg" value="sun.io"/>
    <property name="java.specification.version" value="1.8"/>
    <property name="sun.cpu.isalist" value=""/>
    <property name="sun.jnu.encoding" value="UTF-8"/>
    <property name="java.class.path" value="/workdir/hadoop-ozone/tools/target/test-classes:/workdir/hadoop-ozone/tools/target/classes:/workdir/hadoop-ozone/ozone-manager/target/classes:/workdir/hadoop-hdds/docs/target/classes:/home/user/.m2/repository/org/bouncycastle/bcprov-jdk15on/1.60/bcprov-jdk15on-1.60.jar:/workdir/hadoop-ozone/common/target/classes:/home/user/.m2/repository/org/apache/commons/commons-compress/1.4.1/commons-compress-1.4.1.jar:/home/user/.m2/repository/org/tukaani/xz/1.0/xz-1.0.jar:/home/user/.m2/repository/org/apache/hadoop/hadoop-hdfs-client/3.2.0/hadoop-hdfs-client-3.2.0.jar:/home/user/.m2/repository/com/fasterxml/jackson/core/jackson-annotations/2.9.5/jackson-annotations-2.9.5.jar:/workdir/hadoop-hdds/common/target/classes:/workdir/hadoop-hdds/config/target/classes:/home/user/.m2/repository/javax/annotation/javax.annotation-api/1.2/javax.annotation-api-1.2.jar:/home/user/.m2/repository/org/apache/ratis/ratis-server/0.4.0-2337318-SNAPSHOT/ratis-server-0.4.0-2337318-SNAPSHOT.jar:/home/user/.m2/repository/org/apache/ratis/ratis-thirdparty-misc/0.2.0/ratis-thirdparty-misc-0.2.0.jar:/home/user/.m2/repository/org/apache/ratis/ratis-proto/0.4.0-2337318-SNAPSHOT/ratis-proto-0.4.0-2337318-SNAPSHOT.jar:/home/user/.m2/repository/org/apache/ratis/ratis-common/0.4.0-2337318-SNAPSHOT/ratis-common-0.4.0-2337318-SNAPSHOT.jar:/home/user/.m2/repository/org/apache/ratis/ratis-client/0.4.0-2337318-SNAPSHOT/ratis-client-0.4.0-2337318-SNAPSHOT.jar:/home/user/.m2/repository/org/apache/ratis/ratis-metrics/0.4.0-2337318-SNAPSHOT/ratis-metrics-0.4.0-2337318-SNAPSHOT.jar:/home/user/.m2/repository/org/apache/ratis/ratis-netty/0.4.0-2337318-SNAPSHOT/ratis-netty-0.4.0-2337318-SNAPSHOT.jar:/home/user/.m2/repository/org/apache/ratis/ratis-grpc/0.4.0-2337318-SNAPSHOT/ratis-grpc-0.4.0-2337318-SNAPSHOT.jar:/home/user/.m2/repository/org/rocksdb/rocksdbjni/6.0.1/rocksdbjni-6.0.1.jar:/home/user/.m2/repository/org/apache/logging/log4j/log4j-api/2.11.0/log4j-api-2.11.0.jar:/home/user/.m2/repository/org/apache/logging/log4j/log4j-core/2.11.0/log4j-core-2.11.0.jar:/home/user/.m2/repository/com/lmax/disruptor/3.4.2/disruptor-3.4.2.jar:/home/user/.m2/repository/org/apache/commons/commons-pool2/2.6.0/commons-pool2-2.6.0.jar:/home/user/.m2/repository/org/bouncycastle/bcpkix-jdk15on/1.60/bcpkix-jdk15on-1.60.jar:/home/user/.m2/repository/commons-validator/commons-validator/1.6/commons-validator-1.6.jar:/home/user/.m2/repository/commons-digester/commons-digester/1.8.1/commons-digester-1.8.1.jar:/home/user/.m2/repository/io/jaegertracing/jaeger-client/0.33.1/jaeger-client-0.33.1.jar:/home/user/.m2/repository/io/jaegertracing/jaeger-thrift/0.33.1/jaeger-thrift-0.33.1.jar:/home/user/.m2/repository/org/apache/thrift/libthrift/0.11.0/libthrift-0.11.0.jar:/home/user/.m2/repository/com/squareup/okhttp3/okhttp/3.9.0/okhttp-3.9.0.jar:/home/user/.m2/repository/com/squareup/okio/okio/1.13.0/okio-1.13.0.jar:/home/user/.m2/repository/io/jaegertracing/jaeger-core/0.33.1/jaeger-core-0.33.1.jar:/home/user/.m2/repository/io/jaegertracing/jaeger-tracerresolver/0.33.1/jaeger-tracerresolver-0.33.1.jar:/home/user/.m2/repository/io/opentracing/contrib/opentracing-tracerresolver/0.1.5/opentracing-tracerresolver-0.1.5.jar:/home/user/.m2/repository/io/opentracing/opentracing-util/0.31.0/opentracing-util-0.31.0.jar:/home/user/.m2/repository/io/opentracing/opentracing-api/0.31.0/opentracing-api-0.31.0.jar:/home/user/.m2/repository/io/opentracing/opentracing-noop/0.31.0/opentracing-noop-0.31.0.jar:/home/user/.m2/repository/org/yaml/snakeyaml/1.16/snakeyaml-1.16.jar:/workdir/hadoop-hdds/container-service/target/classes:/workdir/hadoop-hdds/client/target/classes:/workdir/hadoop-hdds/tools/target/classes:/home/user/.m2/repository/org/xerial/sqlite-jdbc/3.25.2/sqlite-jdbc-3.25.2.jar:/workdir/hadoop-hdds/server-scm/target/classes:/home/user/.m2/repository/org/hamcrest/hamcrest-all/1.3/hamcrest-all-1.3.jar:/home/user/.m2/repository/info/picocli/picocli/3.9.6/picocli-3.9.6.jar:/home/user/.m2/repository/com/google/protobuf/protobuf-java/2.5.0/protobuf-java-2.5.0.jar:/home/user/.m2/repository/com/google/guava/guava/11.0.2/guava-11.0.2.jar:/workdir/hadoop-ozone/client/target/classes:/home/user/.m2/repository/org/apache/hadoop/hadoop-ozone-filesystem/0.4.1-SNAPSHOT/hadoop-ozone-filesystem-0.4.1-SNAPSHOT.jar:/workdir/hadoop-hdds/framework/target/classes:/home/user/.m2/repository/org/apache/hadoop/hadoop-common/3.2.0/hadoop-common-3.2.0.jar:/home/user/.m2/repository/org/apache/hadoop/hadoop-annotations/3.2.0/hadoop-annotations-3.2.0.jar:/usr/lib/jvm/java-1.8-openjdk/jre/../lib/tools.jar:/home/user/.m2/repository/commons-cli/commons-cli/1.2/commons-cli-1.2.jar:/home/user/.m2/repository/org/apache/commons/commons-math3/3.1.1/commons-math3-3.1.1.jar:/home/user/.m2/repository/org/apache/httpcomponents/httpclient/4.5.2/httpclient-4.5.2.jar:/home/user/.m2/repository/org/apache/httpcomponents/httpcore/4.4.4/httpcore-4.4.4.jar:/home/user/.m2/repository/commons-codec/commons-codec/1.11/commons-codec-1.11.jar:/home/user/.m2/repository/commons-io/commons-io/2.5/commons-io-2.5.jar:/home/user/.m2/repository/commons-net/commons-net/3.6/commons-net-3.6.jar:/home/user/.m2/repository/commons-collections/commons-collections/3.2.2/commons-collections-3.2.2.jar:/home/user/.m2/repository/javax/servlet/javax.servlet-api/3.1.0/javax.servlet-api-3.1.0.jar:/home/user/.m2/repository/org/eclipse/jetty/jetty-server/9.3.24.v20180605/jetty-server-9.3.24.v20180605.jar:/home/user/.m2/repository/org/eclipse/jetty/jetty-http/9.3.24.v20180605/jetty-http-9.3.24.v20180605.jar:/home/user/.m2/repository/org/eclipse/jetty/jetty-io/9.3.24.v20180605/jetty-io-9.3.24.v20180605.jar:/home/user/.m2/repository/org/eclipse/jetty/jetty-util/9.3.24.v20180605/jetty-util-9.3.24.v20180605.jar:/home/user/.m2/repository/org/eclipse/jetty/jetty-servlet/9.3.24.v20180605/jetty-servlet-9.3.24.v20180605.jar:/home/user/.m2/repository/org/eclipse/jetty/jetty-security/9.3.24.v20180605/jetty-security-9.3.24.v20180605.jar:/home/user/.m2/repository/org/eclipse/jetty/jetty-webapp/9.3.24.v20180605/jetty-webapp-9.3.24.v20180605.jar:/home/user/.m2/repository/org/eclipse/jetty/jetty-xml/9.3.24.v20180605/jetty-xml-9.3.24.v20180605.jar:/home/user/.m2/repository/javax/servlet/jsp/jsp-api/2.1/jsp-api-2.1.jar:/home/user/.m2/repository/com/sun/jersey/jersey-core/1.19/jersey-core-1.19.jar:/home/user/.m2/repository/javax/ws/rs/jsr311-api/1.1.1/jsr311-api-1.1.1.jar:/home/user/.m2/repository/com/sun/jersey/jersey-servlet/1.19/jersey-servlet-1.19.jar:/home/user/.m2/repository/com/sun/jersey/jersey-json/1.19/jersey-json-1.19.jar:/home/user/.m2/repository/org/codehaus/jettison/jettison/1.1/jettison-1.1.jar:/home/user/.m2/repository/com/sun/xml/bind/jaxb-impl/2.3.0.1/jaxb-impl-2.3.0.1.jar:/home/user/.m2/repository/org/codehaus/jackson/jackson-core-asl/1.9.13/jackson-core-asl-1.9.13.jar:/home/user/.m2/repository/org/codehaus/jackson/jackson-mapper-asl/1.9.13/jackson-mapper-asl-1.9.13.jar:/home/user/.m2/repository/org/codehaus/jackson/jackson-jaxrs/1.9.13/jackson-jaxrs-1.9.13.jar:/home/user/.m2/repository/org/codehaus/jackson/jackson-xc/1.9.13/jackson-xc-1.9.13.jar:/home/user/.m2/repository/com/sun/jersey/jersey-server/1.19/jersey-server-1.19.jar:/home/user/.m2/repository/commons-logging/commons-logging/1.1.3/commons-logging-1.1.3.jar:/home/user/.m2/repository/log4j/log4j/1.2.17/log4j-1.2.17.jar:/home/user/.m2/repository/commons-beanutils/commons-beanutils/1.9.3/commons-beanutils-1.9.3.jar:/home/user/.m2/repository/org/apache/commons/commons-configuration2/2.1.1/commons-configuration2-2.1.1.jar:/home/user/.m2/repository/org/apache/commons/commons-lang3/3.7/commons-lang3-3.7.jar:/home/user/.m2/repository/org/apache/commons/commons-text/1.4/commons-text-1.4.jar:/home/user/.m2/repository/org/slf4j/slf4j-api/1.7.25/slf4j-api-1.7.25.jar:/home/user/.m2/repository/org/slf4j/slf4j-log4j12/1.7.25/slf4j-log4j12-1.7.25.jar:/home/user/.m2/repository/org/apache/avro/avro/1.7.7/avro-1.7.7.jar:/home/user/.m2/repository/com/thoughtworks/paranamer/paranamer/2.3/paranamer-2.3.jar:/home/user/.m2/repository/org/xerial/snappy/snappy-java/1.0.5/snappy-java-1.0.5.jar:/home/user/.m2/repository/com/google/re2j/re2j/1.1/re2j-1.1.jar:/home/user/.m2/repository/com/google/code/gson/gson/2.2.4/gson-2.2.4.jar:/home/user/.m2/repository/org/apache/hadoop/hadoop-auth/3.2.0/hadoop-auth-3.2.0.jar:/home/user/.m2/repository/com/nimbusds/nimbus-jose-jwt/4.41.1/nimbus-jose-jwt-4.41.1.jar:/home/user/.m2/repository/com/github/stephenc/jcip/jcip-annotations/1.0-1/jcip-annotations-1.0-1.jar:/home/user/.m2/repository/net/minidev/json-smart/2.3/json-smart-2.3.jar:/home/user/.m2/repository/net/minidev/accessors-smart/1.2/accessors-smart-1.2.jar:/home/user/.m2/repository/org/apache/curator/curator-framework/2.12.0/curator-framework-2.12.0.jar:/home/user/.m2/repository/com/jcraft/jsch/0.1.54/jsch-0.1.54.jar:/home/user/.m2/repository/org/apache/curator/curator-client/2.12.0/curator-client-2.12.0.jar:/home/user/.m2/repository/org/apache/curator/curator-recipes/2.12.0/curator-recipes-2.12.0.jar:/home/user/.m2/repository/com/google/code/findbugs/jsr305/3.0.0/jsr305-3.0.0.jar:/home/user/.m2/repository/org/apache/htrace/htrace-core4/4.1.0-incubating/htrace-core4-4.1.0-incubating.jar:/home/user/.m2/repository/org/apache/zookeeper/zookeeper/3.4.13/zookeeper-3.4.13.jar:/home/user/.m2/repository/org/apache/yetus/audience-annotations/0.5.0/audience-annotations-0.5.0.jar:/home/user/.m2/repository/org/apache/kerby/kerb-simplekdc/1.0.1/kerb-simplekdc-1.0.1.jar:/home/user/.m2/repository/org/apache/kerby/kerb-client/1.0.1/kerb-client-1.0.1.jar:/home/user/.m2/repository/org/apache/kerby/kerby-config/1.0.1/kerby-config-1.0.1.jar:/home/user/.m2/repository/org/apache/kerby/kerb-core/1.0.1/kerb-core-1.0.1.jar:/home/user/.m2/repository/org/apache/kerby/kerby-pkix/1.0.1/kerby-pkix-1.0.1.jar:/home/user/.m2/repository/org/apache/kerby/kerby-asn1/1.0.1/kerby-asn1-1.0.1.jar:/home/user/.m2/repository/org/apache/kerby/kerby-util/1.0.1/kerby-util-1.0.1.jar:/home/user/.m2/repository/org/apache/kerby/kerb-common/1.0.1/kerb-common-1.0.1.jar:/home/user/.m2/repository/org/apache/kerby/kerb-crypto/1.0.1/kerb-crypto-1.0.1.jar:/home/user/.m2/repository/org/apache/kerby/kerb-util/1.0.1/kerb-util-1.0.1.jar:/home/user/.m2/repository/org/apache/kerby/token-provider/1.0.1/token-provider-1.0.1.jar:/home/user/.m2/repository/org/apache/kerby/kerb-admin/1.0.1/kerb-admin-1.0.1.jar:/home/user/.m2/repository/org/apache/kerby/kerb-server/1.0.1/kerb-server-1.0.1.jar:/home/user/.m2/repository/org/apache/kerby/kerb-identity/1.0.1/kerb-identity-1.0.1.jar:/home/user/.m2/repository/org/apache/kerby/kerby-xdr/1.0.1/kerby-xdr-1.0.1.jar:/home/user/.m2/repository/com/fasterxml/jackson/core/jackson-databind/2.9.5/jackson-databind-2.9.5.jar:/home/user/.m2/repository/com/fasterxml/jackson/core/jackson-core/2.9.5/jackson-core-2.9.5.jar:/home/user/.m2/repository/org/codehaus/woodstox/stax2-api/3.1.4/stax2-api-3.1.4.jar:/home/user/.m2/repository/com/fasterxml/woodstox/woodstox-core/5.0.3/woodstox-core-5.0.3.jar:/home/user/.m2/repository/dnsjava/dnsjava/2.1.7/dnsjava-2.1.7.jar:/home/user/.m2/repository/org/apache/hadoop/hadoop-hdfs/3.2.0/hadoop-hdfs-3.2.0.jar:/home/user/.m2/repository/org/eclipse/jetty/jetty-util-ajax/9.3.24.v20180605/jetty-util-ajax-9.3.24.v20180605.jar:/home/user/.m2/repository/commons-daemon/commons-daemon/1.0.13/commons-daemon-1.0.13.jar:/home/user/.m2/repository/io/netty/netty/3.10.5.Final/netty-3.10.5.Final.jar:/home/user/.m2/repository/io/netty/netty-all/4.0.52.Final/netty-all-4.0.52.Final.jar:/home/user/.m2/repository/org/fusesource/leveldbjni/leveldbjni-all/1.8/leveldbjni-all-1.8.jar:/home/user/.m2/repository/com/sun/xml/bind/jaxb-core/2.3.0.1/jaxb-core-2.3.0.1.jar:/home/user/.m2/repository/javax/xml/bind/jaxb-api/2.3.0/jaxb-api-2.3.0.jar:/home/user/.m2/repository/javax/activation/activation/1.1.1/activation-1.1.1.jar:/home/user/.m2/repository/io/dropwizard/metrics/metrics-core/3.2.4/metrics-core-3.2.4.jar:/home/user/.m2/repository/org/openjdk/jmh/jmh-core/1.19/jmh-core-1.19.jar:/home/user/.m2/repository/net/sf/jopt-simple/jopt-simple/4.6/jopt-simple-4.6.jar:/home/user/.m2/repository/org/openjdk/jmh/jmh-generator-annprocess/1.19/jmh-generator-annprocess-1.19.jar:/home/user/.m2/repository/com/google/code/findbugs/findbugs/3.0.1/findbugs-3.0.1.jar:/home/user/.m2/repository/net/jcip/jcip-annotations/1.0/jcip-annotations-1.0.jar:/home/user/.m2/repository/com/google/code/findbugs/bcel-findbugs/6.0/bcel-findbugs-6.0.jar:/home/user/.m2/repository/com/google/code/findbugs/jFormatString/2.0.1/jFormatString-2.0.1.jar:/home/user/.m2/repository/dom4j/dom4j/1.6.1/dom4j-1.6.1.jar:/home/user/.m2/repository/xml-apis/xml-apis/1.0.b2/xml-apis-1.0.b2.jar:/home/user/.m2/repository/org/ow2/asm/asm-debug-all/5.0.2/asm-debug-all-5.0.2.jar:/home/user/.m2/repository/org/ow2/asm/asm-commons/5.0.2/asm-commons-5.0.2.jar:/home/user/.m2/repository/org/ow2/asm/asm-tree/5.0.2/asm-tree-5.0.2.jar:/home/user/.m2/repository/org/ow2/asm/asm/5.0.4/asm-5.0.4.jar:/home/user/.m2/repository/commons-lang/commons-lang/2.6/commons-lang-2.6.jar:/home/user/.m2/repository/com/apple/AppleJavaExtensions/1.4/AppleJavaExtensions-1.4.jar:/home/user/.m2/repository/jaxen/jaxen/1.1.6/jaxen-1.1.6.jar:/home/user/.m2/repository/junit/junit/4.11/junit-4.11.jar:/home/user/.m2/repository/org/hamcrest/hamcrest-core/1.3/hamcrest-core-1.3.jar:/home/user/.m2/repository/org/apache/hadoop/hadoop-common/3.2.0/hadoop-common-3.2.0-tests.jar:/home/user/.m2/repository/org/apache/hadoop/hadoop-ozone-integration-test/0.4.1-SNAPSHOT/hadoop-ozone-integration-test-0.4.1-SNAPSHOT-tests.jar:/workdir/hadoop-ozone/objectstore-service/target/classes:/workdir/hadoop-ozone/s3gateway/target/classes:/home/user/.m2/repository/org/jboss/weld/servlet/weld-servlet/2.4.7.Final/weld-servlet-2.4.7.Final.jar:/home/user/.m2/repository/org/glassfish/jersey/containers/jersey-container-servlet-core/2.27/jersey-container-servlet-core-2.27.jar:/home/user/.m2/repository/org/glassfish/hk2/external/javax.inject/2.5.0-b42/javax.inject-2.5.0-b42.jar:/home/user/.m2/repository/org/glassfish/jersey/core/jersey-common/2.27/jersey-common-2.27.jar:/home/user/.m2/repository/org/glassfish/hk2/osgi-resource-locator/1.0.1/osgi-resource-locator-1.0.1.jar:/home/user/.m2/repository/javax/ws/rs/javax.ws.rs-api/2.1/javax.ws.rs-api-2.1.jar:/home/user/.m2/repository/org/glassfish/jersey/ext/cdi/jersey-cdi1x/2.27/jersey-cdi1x-2.27.jar:/home/user/.m2/repository/org/glassfish/jersey/inject/jersey-hk2/2.27/jersey-hk2-2.27.jar:/home/user/.m2/repository/org/glassfish/hk2/hk2-locator/2.5.0-b42/hk2-locator-2.5.0-b42.jar:/home/user/.m2/repository/org/javassist/javassist/3.22.0-CR2/javassist-3.22.0-CR2.jar:/home/user/.m2/repository/org/glassfish/hk2/hk2-api/2.5.0/hk2-api-2.5.0.jar:/home/user/.m2/repository/org/glassfish/hk2/external/jakarta.inject/2.5.0/jakarta.inject-2.5.0.jar:/home/user/.m2/repository/org/glassfish/hk2/hk2-utils/2.5.0/hk2-utils-2.5.0.jar:/home/user/.m2/repository/jakarta/annotation/jakarta.annotation-api/1.3.4/jakarta.annotation-api-1.3.4.jar:/home/user/.m2/repository/org/glassfish/hk2/external/aopalliance-repackaged/2.5.0/aopalliance-repackaged-2.5.0.jar:/home/user/.m2/repository/com/fasterxml/jackson/dataformat/jackson-dataformat-xml/2.9.0/jackson-dataformat-xml-2.9.0.jar:/home/user/.m2/repository/com/fasterxml/jackson/module/jackson-module-jaxb-annotations/2.9.5/jackson-module-jaxb-annotations-2.9.5.jar:/home/user/.m2/repository/javax/enterprise/cdi-api/1.2/cdi-api-1.2.jar:/home/user/.m2/repository/javax/el/javax.el-api/3.0.0/javax.el-api-3.0.0.jar:/home/user/.m2/repository/javax/interceptor/javax.interceptor-api/1.2/javax.interceptor-api-1.2.jar:/home/user/.m2/repository/javax/inject/javax.inject/1/javax.inject-1.jar:/workdir/hadoop-ozone/csi/target/classes:/home/user/.m2/repository/com/google/protobuf/protobuf-java-util/3.5.1/protobuf-java-util-3.5.1.jar:/home/user/.m2/repository/io/grpc/grpc-netty/1.17.1/grpc-netty-1.17.1.jar:/home/user/.m2/repository/io/grpc/grpc-core/1.17.1/grpc-core-1.17.1.jar:/home/user/.m2/repository/io/grpc/grpc-context/1.17.1/grpc-context-1.17.1.jar:/home/user/.m2/repository/com/google/errorprone/error_prone_annotations/2.2.0/error_prone_annotations-2.2.0.jar:/home/user/.m2/repository/org/codehaus/mojo/animal-sniffer-annotations/1.17/animal-sniffer-annotations-1.17.jar:/home/user/.m2/repository/io/opencensus/opencensus-api/0.17.0/opencensus-api-0.17.0.jar:/home/user/.m2/repository/io/opencensus/opencensus-contrib-grpc-metrics/0.17.0/opencensus-contrib-grpc-metrics-0.17.0.jar:/home/user/.m2/repository/io/netty/netty-codec-http2/4.1.30.Final/netty-codec-http2-4.1.30.Final.jar:/home/user/.m2/repository/io/netty/netty-codec-http/4.1.30.Final/netty-codec-http-4.1.30.Final.jar:/home/user/.m2/repository/io/netty/netty-codec/4.1.30.Final/netty-codec-4.1.30.Final.jar:/home/user/.m2/repository/io/netty/netty-handler/4.1.30.Final/netty-handler-4.1.30.Final.jar:/home/user/.m2/repository/io/netty/netty-handler-proxy/4.1.30.Final/netty-handler-proxy-4.1.30.Final.jar:/home/user/.m2/repository/io/netty/netty-codec-socks/4.1.30.Final/netty-codec-socks-4.1.30.Final.jar:/home/user/.m2/repository/io/netty/netty-transport-native-epoll/4.1.30.Final/netty-transport-native-epoll-4.1.30.Final.jar:/home/user/.m2/repository/io/netty/netty-common/4.1.30.Final/netty-common-4.1.30.Final.jar:/home/user/.m2/repository/io/netty/netty-buffer/4.1.30.Final/netty-buffer-4.1.30.Final.jar:/home/user/.m2/repository/io/netty/netty-transport/4.1.30.Final/netty-transport-4.1.30.Final.jar:/home/user/.m2/repository/io/netty/netty-resolver/4.1.30.Final/netty-resolver-4.1.30.Final.jar:/home/user/.m2/repository/io/netty/netty-transport-native-unix-common/4.1.30.Final/netty-transport-native-unix-common-4.1.30.Final.jar:/home/user/.m2/repository/io/grpc/grpc-protobuf/1.17.1/grpc-protobuf-1.17.1.jar:/home/user/.m2/repository/com/google/api/grpc/proto-google-common-protos/1.0.0/proto-google-common-protos-1.0.0.jar:/home/user/.m2/repository/io/grpc/grpc-protobuf-lite/1.17.1/grpc-protobuf-lite-1.17.1.jar:/home/user/.m2/repository/io/grpc/grpc-stub/1.17.1/grpc-stub-1.17.1.jar:/workdir/hadoop-ozone/ozone-recon/target/classes:/workdir/hadoop-ozone/ozone-recon-codegen/target/classes:/home/user/.m2/repository/com/google/inject/extensions/guice-multibindings/4.0/guice-multibindings-4.0.jar:/home/user/.m2/repository/com/google/inject/guice/4.0/guice-4.0.jar:/home/user/.m2/repository/aopalliance/aopalliance/1.0/aopalliance-1.0.jar:/home/user/.m2/repository/com/google/inject/extensions/guice-servlet/4.0/guice-servlet-4.0.jar:/home/user/.m2/repository/org/glassfish/jersey/containers/jersey-container-servlet/2.27/jersey-container-servlet-2.27.jar:/home/user/.m2/repository/org/glassfish/hk2/guice-bridge/2.5.0/guice-bridge-2.5.0.jar:/home/user/.m2/repository/org/glassfish/jersey/core/jersey-server/2.27/jersey-server-2.27.jar:/home/user/.m2/repository/org/glassfish/jersey/core/jersey-client/2.27/jersey-client-2.27.jar:/home/user/.m2/repository/org/glassfish/jersey/media/jersey-media-jaxb/2.27/jersey-media-jaxb-2.27.jar:/home/user/.m2/repository/javax/validation/validation-api/1.1.0.Final/validation-api-1.1.0.Final.jar:/home/user/.m2/repository/org/glassfish/jersey/media/jersey-media-json-jackson/2.27/jersey-media-json-jackson-2.27.jar:/home/user/.m2/repository/org/glassfish/jersey/ext/jersey-entity-filtering/2.27/jersey-entity-filtering-2.27.jar:/home/user/.m2/repository/com/google/inject/extensions/guice-assistedinject/4.0/guice-assistedinject-4.0.jar:/home/user/.m2/repository/org/jooq/jooq/3.11.10/jooq-3.11.10.jar:/home/user/.m2/repository/org/jooq/jooq-meta/3.11.10/jooq-meta-3.11.10.jar:/home/user/.m2/repository/org/jooq/jooq-codegen/3.11.10/jooq-codegen-3.11.10.jar:/home/user/.m2/repository/com/jolbox/bonecp/0.8.0.RELEASE/bonecp-0.8.0.RELEASE.jar:/home/user/.m2/repository/org/springframework/spring-jdbc/5.1.3.RELEASE/spring-jdbc-5.1.3.RELEASE.jar:/home/user/.m2/repository/org/springframework/spring-beans/5.1.3.RELEASE/spring-beans-5.1.3.RELEASE.jar:/home/user/.m2/repository/org/springframework/spring-core/5.1.3.RELEASE/spring-core-5.1.3.RELEASE.jar:/home/user/.m2/repository/org/springframework/spring-jcl/5.1.3.RELEASE/spring-jcl-5.1.3.RELEASE.jar:/home/user/.m2/repository/org/springframework/spring-tx/5.1.3.RELEASE/spring-tx-5.1.3.RELEASE.jar:/home/user/.m2/repository/org/mockito/mockito-core/2.15.0/mockito-core-2.15.0.jar:/home/user/.m2/repository/net/bytebuddy/byte-buddy/1.7.9/byte-buddy-1.7.9.jar:/home/user/.m2/repository/net/bytebuddy/byte-buddy-agent/1.7.9/byte-buddy-agent-1.7.9.jar:/home/user/.m2/repository/org/objenesis/objenesis/1.0/objenesis-1.0.jar:"/>
    <property name="java.vm.vendor" value="IcedTea"/>
    <property name="sun.arch.data.model" value="64"/>
    <property name="test.build.dir" value="/workdir/hadoop-ozone/tools/target/test-dir"/>
    <property name="test.cache.data" value=""/>
    <property name="java.vendor.url" value="https://icedtea.classpath.org"/>
    <property name="user.timezone" value=""/>
    <property name="java.vm.specification.version" value="1.8"/>
    <property name="os.name" value="Linux"/>
    <property name="test.build.data" value="/workdir/hadoop-ozone/tools/target/test-dir"/>
    <property name="user.country" value="US"/>
    <property name="sun.java.launcher" value="SUN_STANDARD"/>
    <property name="sun.boot.library.path" value="/usr/lib/jvm/java-1.8-openjdk/jre/lib/amd64"/>
    <property name="sun.java.command" value="/workdir/hadoop-ozone/tools/target/surefire/surefirebooter7161784551152420054.jar /workdir/hadoop-ozone/tools/target/surefire 2019-07-29T14-21-59_350-jvmRun1 surefire7475321967300710006tmp surefire_1124758651946964017435tmp"/>
    <property name="surefire.test.class.path" value="/workdir/hadoop-ozone/tools/target/test-classes:/workdir/hadoop-ozone/tools/target/classes:/workdir/hadoop-ozone/ozone-manager/target/classes:/workdir/hadoop-hdds/docs/target/classes:/home/user/.m2/repository/org/bouncycastle/bcprov-jdk15on/1.60/bcprov-jdk15on-1.60.jar:/workdir/hadoop-ozone/common/target/classes:/home/user/.m2/repository/org/apache/commons/commons-compress/1.4.1/commons-compress-1.4.1.jar:/home/user/.m2/repository/org/tukaani/xz/1.0/xz-1.0.jar:/home/user/.m2/repository/org/apache/hadoop/hadoop-hdfs-client/3.2.0/hadoop-hdfs-client-3.2.0.jar:/home/user/.m2/repository/com/fasterxml/jackson/core/jackson-annotations/2.9.5/jackson-annotations-2.9.5.jar:/workdir/hadoop-hdds/common/target/classes:/workdir/hadoop-hdds/config/target/classes:/home/user/.m2/repository/javax/annotation/javax.annotation-api/1.2/javax.annotation-api-1.2.jar:/home/user/.m2/repository/org/apache/ratis/ratis-server/0.4.0-2337318-SNAPSHOT/ratis-server-0.4.0-2337318-SNAPSHOT.jar:/home/user/.m2/repository/org/apache/ratis/ratis-thirdparty-misc/0.2.0/ratis-thirdparty-misc-0.2.0.jar:/home/user/.m2/repository/org/apache/ratis/ratis-proto/0.4.0-2337318-SNAPSHOT/ratis-proto-0.4.0-2337318-SNAPSHOT.jar:/home/user/.m2/repository/org/apache/ratis/ratis-common/0.4.0-2337318-SNAPSHOT/ratis-common-0.4.0-2337318-SNAPSHOT.jar:/home/user/.m2/repository/org/apache/ratis/ratis-client/0.4.0-2337318-SNAPSHOT/ratis-client-0.4.0-2337318-SNAPSHOT.jar:/home/user/.m2/repository/org/apache/ratis/ratis-metrics/0.4.0-2337318-SNAPSHOT/ratis-metrics-0.4.0-2337318-SNAPSHOT.jar:/home/user/.m2/repository/org/apache/ratis/ratis-netty/0.4.0-2337318-SNAPSHOT/ratis-netty-0.4.0-2337318-SNAPSHOT.jar:/home/user/.m2/repository/org/apache/ratis/ratis-grpc/0.4.0-2337318-SNAPSHOT/ratis-grpc-0.4.0-2337318-SNAPSHOT.jar:/home/user/.m2/repository/org/rocksdb/rocksdbjni/6.0.1/rocksdbjni-6.0.1.jar:/home/user/.m2/repository/org/apache/logging/log4j/log4j-api/2.11.0/log4j-api-2.11.0.jar:/home/user/.m2/repository/org/apache/logging/log4j/log4j-core/2.11.0/log4j-core-2.11.0.jar:/home/user/.m2/repository/com/lmax/disruptor/3.4.2/disruptor-3.4.2.jar:/home/user/.m2/repository/org/apache/commons/commons-pool2/2.6.0/commons-pool2-2.6.0.jar:/home/user/.m2/repository/org/bouncycastle/bcpkix-jdk15on/1.60/bcpkix-jdk15on-1.60.jar:/home/user/.m2/repository/commons-validator/commons-validator/1.6/commons-validator-1.6.jar:/home/user/.m2/repository/commons-digester/commons-digester/1.8.1/commons-digester-1.8.1.jar:/home/user/.m2/repository/io/jaegertracing/jaeger-client/0.33.1/jaeger-client-0.33.1.jar:/home/user/.m2/repository/io/jaegertracing/jaeger-thrift/0.33.1/jaeger-thrift-0.33.1.jar:/home/user/.m2/repository/org/apache/thrift/libthrift/0.11.0/libthrift-0.11.0.jar:/home/user/.m2/repository/com/squareup/okhttp3/okhttp/3.9.0/okhttp-3.9.0.jar:/home/user/.m2/repository/com/squareup/okio/okio/1.13.0/okio-1.13.0.jar:/home/user/.m2/repository/io/jaegertracing/jaeger-core/0.33.1/jaeger-core-0.33.1.jar:/home/user/.m2/repository/io/jaegertracing/jaeger-tracerresolver/0.33.1/jaeger-tracerresolver-0.33.1.jar:/home/user/.m2/repository/io/opentracing/contrib/opentracing-tracerresolver/0.1.5/opentracing-tracerresolver-0.1.5.jar:/home/user/.m2/repository/io/opentracing/opentracing-util/0.31.0/opentracing-util-0.31.0.jar:/home/user/.m2/repository/io/opentracing/opentracing-api/0.31.0/opentracing-api-0.31.0.jar:/home/user/.m2/repository/io/opentracing/opentracing-noop/0.31.0/opentracing-noop-0.31.0.jar:/home/user/.m2/repository/org/yaml/snakeyaml/1.16/snakeyaml-1.16.jar:/workdir/hadoop-hdds/container-service/target/classes:/workdir/hadoop-hdds/client/target/classes:/workdir/hadoop-hdds/tools/target/classes:/home/user/.m2/repository/org/xerial/sqlite-jdbc/3.25.2/sqlite-jdbc-3.25.2.jar:/workdir/hadoop-hdds/server-scm/target/classes:/home/user/.m2/repository/org/hamcrest/hamcrest-all/1.3/hamcrest-all-1.3.jar:/home/user/.m2/repository/info/picocli/picocli/3.9.6/picocli-3.9.6.jar:/home/user/.m2/repository/com/google/protobuf/protobuf-java/2.5.0/protobuf-java-2.5.0.jar:/home/user/.m2/repository/com/google/guava/guava/11.0.2/guava-11.0.2.jar:/workdir/hadoop-ozone/client/target/classes:/home/user/.m2/repository/org/apache/hadoop/hadoop-ozone-filesystem/0.4.1-SNAPSHOT/hadoop-ozone-filesystem-0.4.1-SNAPSHOT.jar:/workdir/hadoop-hdds/framework/target/classes:/home/user/.m2/repository/org/apache/hadoop/hadoop-common/3.2.0/hadoop-common-3.2.0.jar:/home/user/.m2/repository/org/apache/hadoop/hadoop-annotations/3.2.0/hadoop-annotations-3.2.0.jar:/usr/lib/jvm/java-1.8-openjdk/jre/../lib/tools.jar:/home/user/.m2/repository/commons-cli/commons-cli/1.2/commons-cli-1.2.jar:/home/user/.m2/repository/org/apache/commons/commons-math3/3.1.1/commons-math3-3.1.1.jar:/home/user/.m2/repository/org/apache/httpcomponents/httpclient/4.5.2/httpclient-4.5.2.jar:/home/user/.m2/repository/org/apache/httpcomponents/httpcore/4.4.4/httpcore-4.4.4.jar:/home/user/.m2/repository/commons-codec/commons-codec/1.11/commons-codec-1.11.jar:/home/user/.m2/repository/commons-io/commons-io/2.5/commons-io-2.5.jar:/home/user/.m2/repository/commons-net/commons-net/3.6/commons-net-3.6.jar:/home/user/.m2/repository/commons-collections/commons-collections/3.2.2/commons-collections-3.2.2.jar:/home/user/.m2/repository/javax/servlet/javax.servlet-api/3.1.0/javax.servlet-api-3.1.0.jar:/home/user/.m2/repository/org/eclipse/jetty/jetty-server/9.3.24.v20180605/jetty-server-9.3.24.v20180605.jar:/home/user/.m2/repository/org/eclipse/jetty/jetty-http/9.3.24.v20180605/jetty-http-9.3.24.v20180605.jar:/home/user/.m2/repository/org/eclipse/jetty/jetty-io/9.3.24.v20180605/jetty-io-9.3.24.v20180605.jar:/home/user/.m2/repository/org/eclipse/jetty/jetty-util/9.3.24.v20180605/jetty-util-9.3.24.v20180605.jar:/home/user/.m2/repository/org/eclipse/jetty/jetty-servlet/9.3.24.v20180605/jetty-servlet-9.3.24.v20180605.jar:/home/user/.m2/repository/org/eclipse/jetty/jetty-security/9.3.24.v20180605/jetty-security-9.3.24.v20180605.jar:/home/user/.m2/repository/org/eclipse/jetty/jetty-webapp/9.3.24.v20180605/jetty-webapp-9.3.24.v20180605.jar:/home/user/.m2/repository/org/eclipse/jetty/jetty-xml/9.3.24.v20180605/jetty-xml-9.3.24.v20180605.jar:/home/user/.m2/repository/javax/servlet/jsp/jsp-api/2.1/jsp-api-2.1.jar:/home/user/.m2/repository/com/sun/jersey/jersey-core/1.19/jersey-core-1.19.jar:/home/user/.m2/repository/javax/ws/rs/jsr311-api/1.1.1/jsr311-api-1.1.1.jar:/home/user/.m2/repository/com/sun/jersey/jersey-servlet/1.19/jersey-servlet-1.19.jar:/home/user/.m2/repository/com/sun/jersey/jersey-json/1.19/jersey-json-1.19.jar:/home/user/.m2/repository/org/codehaus/jettison/jettison/1.1/jettison-1.1.jar:/home/user/.m2/repository/com/sun/xml/bind/jaxb-impl/2.3.0.1/jaxb-impl-2.3.0.1.jar:/home/user/.m2/repository/org/codehaus/jackson/jackson-core-asl/1.9.13/jackson-core-asl-1.9.13.jar:/home/user/.m2/repository/org/codehaus/jackson/jackson-mapper-asl/1.9.13/jackson-mapper-asl-1.9.13.jar:/home/user/.m2/repository/org/codehaus/jackson/jackson-jaxrs/1.9.13/jackson-jaxrs-1.9.13.jar:/home/user/.m2/repository/org/codehaus/jackson/jackson-xc/1.9.13/jackson-xc-1.9.13.jar:/home/user/.m2/repository/com/sun/jersey/jersey-server/1.19/jersey-server-1.19.jar:/home/user/.m2/repository/commons-logging/commons-logging/1.1.3/commons-logging-1.1.3.jar:/home/user/.m2/repository/log4j/log4j/1.2.17/log4j-1.2.17.jar:/home/user/.m2/repository/commons-beanutils/commons-beanutils/1.9.3/commons-beanutils-1.9.3.jar:/home/user/.m2/repository/org/apache/commons/commons-configuration2/2.1.1/commons-configuration2-2.1.1.jar:/home/user/.m2/repository/org/apache/commons/commons-lang3/3.7/commons-lang3-3.7.jar:/home/user/.m2/repository/org/apache/commons/commons-text/1.4/commons-text-1.4.jar:/home/user/.m2/repository/org/slf4j/slf4j-api/1.7.25/slf4j-api-1.7.25.jar:/home/user/.m2/repository/org/slf4j/slf4j-log4j12/1.7.25/slf4j-log4j12-1.7.25.jar:/home/user/.m2/repository/org/apache/avro/avro/1.7.7/avro-1.7.7.jar:/home/user/.m2/repository/com/thoughtworks/paranamer/paranamer/2.3/paranamer-2.3.jar:/home/user/.m2/repository/org/xerial/snappy/snappy-java/1.0.5/snappy-java-1.0.5.jar:/home/user/.m2/repository/com/google/re2j/re2j/1.1/re2j-1.1.jar:/home/user/.m2/repository/com/google/code/gson/gson/2.2.4/gson-2.2.4.jar:/home/user/.m2/repository/org/apache/hadoop/hadoop-auth/3.2.0/hadoop-auth-3.2.0.jar:/home/user/.m2/repository/com/nimbusds/nimbus-jose-jwt/4.41.1/nimbus-jose-jwt-4.41.1.jar:/home/user/.m2/repository/com/github/stephenc/jcip/jcip-annotations/1.0-1/jcip-annotations-1.0-1.jar:/home/user/.m2/repository/net/minidev/json-smart/2.3/json-smart-2.3.jar:/home/user/.m2/repository/net/minidev/accessors-smart/1.2/accessors-smart-1.2.jar:/home/user/.m2/repository/org/apache/curator/curator-framework/2.12.0/curator-framework-2.12.0.jar:/home/user/.m2/repository/com/jcraft/jsch/0.1.54/jsch-0.1.54.jar:/home/user/.m2/repository/org/apache/curator/curator-client/2.12.0/curator-client-2.12.0.jar:/home/user/.m2/repository/org/apache/curator/curator-recipes/2.12.0/curator-recipes-2.12.0.jar:/home/user/.m2/repository/com/google/code/findbugs/jsr305/3.0.0/jsr305-3.0.0.jar:/home/user/.m2/repository/org/apache/htrace/htrace-core4/4.1.0-incubating/htrace-core4-4.1.0-incubating.jar:/home/user/.m2/repository/org/apache/zookeeper/zookeeper/3.4.13/zookeeper-3.4.13.jar:/home/user/.m2/repository/org/apache/yetus/audience-annotations/0.5.0/audience-annotations-0.5.0.jar:/home/user/.m2/repository/org/apache/kerby/kerb-simplekdc/1.0.1/kerb-simplekdc-1.0.1.jar:/home/user/.m2/repository/org/apache/kerby/kerb-client/1.0.1/kerb-client-1.0.1.jar:/home/user/.m2/repository/org/apache/kerby/kerby-config/1.0.1/kerby-config-1.0.1.jar:/home/user/.m2/repository/org/apache/kerby/kerb-core/1.0.1/kerb-core-1.0.1.jar:/home/user/.m2/repository/org/apache/kerby/kerby-pkix/1.0.1/kerby-pkix-1.0.1.jar:/home/user/.m2/repository/org/apache/kerby/kerby-asn1/1.0.1/kerby-asn1-1.0.1.jar:/home/user/.m2/repository/org/apache/kerby/kerby-util/1.0.1/kerby-util-1.0.1.jar:/home/user/.m2/repository/org/apache/kerby/kerb-common/1.0.1/kerb-common-1.0.1.jar:/home/user/.m2/repository/org/apache/kerby/kerb-crypto/1.0.1/kerb-crypto-1.0.1.jar:/home/user/.m2/repository/org/apache/kerby/kerb-util/1.0.1/kerb-util-1.0.1.jar:/home/user/.m2/repository/org/apache/kerby/token-provider/1.0.1/token-provider-1.0.1.jar:/home/user/.m2/repository/org/apache/kerby/kerb-admin/1.0.1/kerb-admin-1.0.1.jar:/home/user/.m2/repository/org/apache/kerby/kerb-server/1.0.1/kerb-server-1.0.1.jar:/home/user/.m2/repository/org/apache/kerby/kerb-identity/1.0.1/kerb-identity-1.0.1.jar:/home/user/.m2/repository/org/apache/kerby/kerby-xdr/1.0.1/kerby-xdr-1.0.1.jar:/home/user/.m2/repository/com/fasterxml/jackson/core/jackson-databind/2.9.5/jackson-databind-2.9.5.jar:/home/user/.m2/repository/com/fasterxml/jackson/core/jackson-core/2.9.5/jackson-core-2.9.5.jar:/home/user/.m2/repository/org/codehaus/woodstox/stax2-api/3.1.4/stax2-api-3.1.4.jar:/home/user/.m2/repository/com/fasterxml/woodstox/woodstox-core/5.0.3/woodstox-core-5.0.3.jar:/home/user/.m2/repository/dnsjava/dnsjava/2.1.7/dnsjava-2.1.7.jar:/home/user/.m2/repository/org/apache/hadoop/hadoop-hdfs/3.2.0/hadoop-hdfs-3.2.0.jar:/home/user/.m2/repository/org/eclipse/jetty/jetty-util-ajax/9.3.24.v20180605/jetty-util-ajax-9.3.24.v20180605.jar:/home/user/.m2/repository/commons-daemon/commons-daemon/1.0.13/commons-daemon-1.0.13.jar:/home/user/.m2/repository/io/netty/netty/3.10.5.Final/netty-3.10.5.Final.jar:/home/user/.m2/repository/io/netty/netty-all/4.0.52.Final/netty-all-4.0.52.Final.jar:/home/user/.m2/repository/org/fusesource/leveldbjni/leveldbjni-all/1.8/leveldbjni-all-1.8.jar:/home/user/.m2/repository/com/sun/xml/bind/jaxb-core/2.3.0.1/jaxb-core-2.3.0.1.jar:/home/user/.m2/repository/javax/xml/bind/jaxb-api/2.3.0/jaxb-api-2.3.0.jar:/home/user/.m2/repository/javax/activation/activation/1.1.1/activation-1.1.1.jar:/home/user/.m2/repository/io/dropwizard/metrics/metrics-core/3.2.4/metrics-core-3.2.4.jar:/home/user/.m2/repository/org/openjdk/jmh/jmh-core/1.19/jmh-core-1.19.jar:/home/user/.m2/repository/net/sf/jopt-simple/jopt-simple/4.6/jopt-simple-4.6.jar:/home/user/.m2/repository/org/openjdk/jmh/jmh-generator-annprocess/1.19/jmh-generator-annprocess-1.19.jar:/home/user/.m2/repository/com/google/code/findbugs/findbugs/3.0.1/findbugs-3.0.1.jar:/home/user/.m2/repository/net/jcip/jcip-annotations/1.0/jcip-annotations-1.0.jar:/home/user/.m2/repository/com/google/code/findbugs/bcel-findbugs/6.0/bcel-findbugs-6.0.jar:/home/user/.m2/repository/com/google/code/findbugs/jFormatString/2.0.1/jFormatString-2.0.1.jar:/home/user/.m2/repository/dom4j/dom4j/1.6.1/dom4j-1.6.1.jar:/home/user/.m2/repository/xml-apis/xml-apis/1.0.b2/xml-apis-1.0.b2.jar:/home/user/.m2/repository/org/ow2/asm/asm-debug-all/5.0.2/asm-debug-all-5.0.2.jar:/home/user/.m2/repository/org/ow2/asm/asm-commons/5.0.2/asm-commons-5.0.2.jar:/home/user/.m2/repository/org/ow2/asm/asm-tree/5.0.2/asm-tree-5.0.2.jar:/home/user/.m2/repository/org/ow2/asm/asm/5.0.4/asm-5.0.4.jar:/home/user/.m2/repository/commons-lang/commons-lang/2.6/commons-lang-2.6.jar:/home/user/.m2/repository/com/apple/AppleJavaExtensions/1.4/AppleJavaExtensions-1.4.jar:/home/user/.m2/repository/jaxen/jaxen/1.1.6/jaxen-1.1.6.jar:/home/user/.m2/repository/junit/junit/4.11/junit-4.11.jar:/home/user/.m2/repository/org/hamcrest/hamcrest-core/1.3/hamcrest-core-1.3.jar:/home/user/.m2/repository/org/apache/hadoop/hadoop-common/3.2.0/hadoop-common-3.2.0-tests.jar:/home/user/.m2/repository/org/apache/hadoop/hadoop-ozone-integration-test/0.4.1-SNAPSHOT/hadoop-ozone-integration-test-0.4.1-SNAPSHOT-tests.jar:/workdir/hadoop-ozone/objectstore-service/target/classes:/workdir/hadoop-ozone/s3gateway/target/classes:/home/user/.m2/repository/org/jboss/weld/servlet/weld-servlet/2.4.7.Final/weld-servlet-2.4.7.Final.jar:/home/user/.m2/repository/org/glassfish/jersey/containers/jersey-container-servlet-core/2.27/jersey-container-servlet-core-2.27.jar:/home/user/.m2/repository/org/glassfish/hk2/external/javax.inject/2.5.0-b42/javax.inject-2.5.0-b42.jar:/home/user/.m2/repository/org/glassfish/jersey/core/jersey-common/2.27/jersey-common-2.27.jar:/home/user/.m2/repository/org/glassfish/hk2/osgi-resource-locator/1.0.1/osgi-resource-locator-1.0.1.jar:/home/user/.m2/repository/javax/ws/rs/javax.ws.rs-api/2.1/javax.ws.rs-api-2.1.jar:/home/user/.m2/repository/org/glassfish/jersey/ext/cdi/jersey-cdi1x/2.27/jersey-cdi1x-2.27.jar:/home/user/.m2/repository/org/glassfish/jersey/inject/jersey-hk2/2.27/jersey-hk2-2.27.jar:/home/user/.m2/repository/org/glassfish/hk2/hk2-locator/2.5.0-b42/hk2-locator-2.5.0-b42.jar:/home/user/.m2/repository/org/javassist/javassist/3.22.0-CR2/javassist-3.22.0-CR2.jar:/home/user/.m2/repository/org/glassfish/hk2/hk2-api/2.5.0/hk2-api-2.5.0.jar:/home/user/.m2/repository/org/glassfish/hk2/external/jakarta.inject/2.5.0/jakarta.inject-2.5.0.jar:/home/user/.m2/repository/org/glassfish/hk2/hk2-utils/2.5.0/hk2-utils-2.5.0.jar:/home/user/.m2/repository/jakarta/annotation/jakarta.annotation-api/1.3.4/jakarta.annotation-api-1.3.4.jar:/home/user/.m2/repository/org/glassfish/hk2/external/aopalliance-repackaged/2.5.0/aopalliance-repackaged-2.5.0.jar:/home/user/.m2/repository/com/fasterxml/jackson/dataformat/jackson-dataformat-xml/2.9.0/jackson-dataformat-xml-2.9.0.jar:/home/user/.m2/repository/com/fasterxml/jackson/module/jackson-module-jaxb-annotations/2.9.5/jackson-module-jaxb-annotations-2.9.5.jar:/home/user/.m2/repository/javax/enterprise/cdi-api/1.2/cdi-api-1.2.jar:/home/user/.m2/repository/javax/el/javax.el-api/3.0.0/javax.el-api-3.0.0.jar:/home/user/.m2/repository/javax/interceptor/javax.interceptor-api/1.2/javax.interceptor-api-1.2.jar:/home/user/.m2/repository/javax/inject/javax.inject/1/javax.inject-1.jar:/workdir/hadoop-ozone/csi/target/classes:/home/user/.m2/repository/com/google/protobuf/protobuf-java-util/3.5.1/protobuf-java-util-3.5.1.jar:/home/user/.m2/repository/io/grpc/grpc-netty/1.17.1/grpc-netty-1.17.1.jar:/home/user/.m2/repository/io/grpc/grpc-core/1.17.1/grpc-core-1.17.1.jar:/home/user/.m2/repository/io/grpc/grpc-context/1.17.1/grpc-context-1.17.1.jar:/home/user/.m2/repository/com/google/errorprone/error_prone_annotations/2.2.0/error_prone_annotations-2.2.0.jar:/home/user/.m2/repository/org/codehaus/mojo/animal-sniffer-annotations/1.17/animal-sniffer-annotations-1.17.jar:/home/user/.m2/repository/io/opencensus/opencensus-api/0.17.0/opencensus-api-0.17.0.jar:/home/user/.m2/repository/io/opencensus/opencensus-contrib-grpc-metrics/0.17.0/opencensus-contrib-grpc-metrics-0.17.0.jar:/home/user/.m2/repository/io/netty/netty-codec-http2/4.1.30.Final/netty-codec-http2-4.1.30.Final.jar:/home/user/.m2/repository/io/netty/netty-codec-http/4.1.30.Final/netty-codec-http-4.1.30.Final.jar:/home/user/.m2/repository/io/netty/netty-codec/4.1.30.Final/netty-codec-4.1.30.Final.jar:/home/user/.m2/repository/io/netty/netty-handler/4.1.30.Final/netty-handler-4.1.30.Final.jar:/home/user/.m2/repository/io/netty/netty-handler-proxy/4.1.30.Final/netty-handler-proxy-4.1.30.Final.jar:/home/user/.m2/repository/io/netty/netty-codec-socks/4.1.30.Final/netty-codec-socks-4.1.30.Final.jar:/home/user/.m2/repository/io/netty/netty-transport-native-epoll/4.1.30.Final/netty-transport-native-epoll-4.1.30.Final.jar:/home/user/.m2/repository/io/netty/netty-common/4.1.30.Final/netty-common-4.1.30.Final.jar:/home/user/.m2/repository/io/netty/netty-buffer/4.1.30.Final/netty-buffer-4.1.30.Final.jar:/home/user/.m2/repository/io/netty/netty-transport/4.1.30.Final/netty-transport-4.1.30.Final.jar:/home/user/.m2/repository/io/netty/netty-resolver/4.1.30.Final/netty-resolver-4.1.30.Final.jar:/home/user/.m2/repository/io/netty/netty-transport-native-unix-common/4.1.30.Final/netty-transport-native-unix-common-4.1.30.Final.jar:/home/user/.m2/repository/io/grpc/grpc-protobuf/1.17.1/grpc-protobuf-1.17.1.jar:/home/user/.m2/repository/com/google/api/grpc/proto-google-common-protos/1.0.0/proto-google-common-protos-1.0.0.jar:/home/user/.m2/repository/io/grpc/grpc-protobuf-lite/1.17.1/grpc-protobuf-lite-1.17.1.jar:/home/user/.m2/repository/io/grpc/grpc-stub/1.17.1/grpc-stub-1.17.1.jar:/workdir/hadoop-ozone/ozone-recon/target/classes:/workdir/hadoop-ozone/ozone-recon-codegen/target/classes:/home/user/.m2/repository/com/google/inject/extensions/guice-multibindings/4.0/guice-multibindings-4.0.jar:/home/user/.m2/repository/com/google/inject/guice/4.0/guice-4.0.jar:/home/user/.m2/repository/aopalliance/aopalliance/1.0/aopalliance-1.0.jar:/home/user/.m2/repository/com/google/inject/extensions/guice-servlet/4.0/guice-servlet-4.0.jar:/home/user/.m2/repository/org/glassfish/jersey/containers/jersey-container-servlet/2.27/jersey-container-servlet-2.27.jar:/home/user/.m2/repository/org/glassfish/hk2/guice-bridge/2.5.0/guice-bridge-2.5.0.jar:/home/user/.m2/repository/org/glassfish/jersey/core/jersey-server/2.27/jersey-server-2.27.jar:/home/user/.m2/repository/org/glassfish/jersey/core/jersey-client/2.27/jersey-client-2.27.jar:/home/user/.m2/repository/org/glassfish/jersey/media/jersey-media-jaxb/2.27/jersey-media-jaxb-2.27.jar:/home/user/.m2/repository/javax/validation/validation-api/1.1.0.Final/validation-api-1.1.0.Final.jar:/home/user/.m2/repository/org/glassfish/jersey/media/jersey-media-json-jackson/2.27/jersey-media-json-jackson-2.27.jar:/home/user/.m2/repository/org/glassfish/jersey/ext/jersey-entity-filtering/2.27/jersey-entity-filtering-2.27.jar:/home/user/.m2/repository/com/google/inject/extensions/guice-assistedinject/4.0/guice-assistedinject-4.0.jar:/home/user/.m2/repository/org/jooq/jooq/3.11.10/jooq-3.11.10.jar:/home/user/.m2/repository/org/jooq/jooq-meta/3.11.10/jooq-meta-3.11.10.jar:/home/user/.m2/repository/org/jooq/jooq-codegen/3.11.10/jooq-codegen-3.11.10.jar:/home/user/.m2/repository/com/jolbox/bonecp/0.8.0.RELEASE/bonecp-0.8.0.RELEASE.jar:/home/user/.m2/repository/org/springframework/spring-jdbc/5.1.3.RELEASE/spring-jdbc-5.1.3.RELEASE.jar:/home/user/.m2/repository/org/springframework/spring-beans/5.1.3.RELEASE/spring-beans-5.1.3.RELEASE.jar:/home/user/.m2/repository/org/springframework/spring-core/5.1.3.RELEASE/spring-core-5.1.3.RELEASE.jar:/home/user/.m2/repository/org/springframework/spring-jcl/5.1.3.RELEASE/spring-jcl-5.1.3.RELEASE.jar:/home/user/.m2/repository/org/springframework/spring-tx/5.1.3.RELEASE/spring-tx-5.1.3.RELEASE.jar:/home/user/.m2/repository/org/mockito/mockito-core/2.15.0/mockito-core-2.15.0.jar:/home/user/.m2/repository/net/bytebuddy/byte-buddy/1.7.9/byte-buddy-1.7.9.jar:/home/user/.m2/repository/net/bytebuddy/byte-buddy-agent/1.7.9/byte-buddy-agent-1.7.9.jar:/home/user/.m2/repository/org/objenesis/objenesis/1.0/objenesis-1.0.jar:"/>
    <property name="sun.cpu.endian" value="little"/>
    <property name="user.home" value="/home/user"/>
    <property name="user.language" value="en"/>
    <property name="java.specification.vendor" value="Oracle Corporation"/>
    <property name="java.home" value="/usr/lib/jvm/java-1.8-openjdk/jre"/>
    <property name="java.security.krb5.conf" value="/workdir/hadoop-ozone/tools/target/test-classes/krb5.conf"/>
    <property name="basedir" value="/workdir/hadoop-ozone/tools"/>
    <property name="file.separator" value="/"/>
    <property name="line.separator" value="&#10;"/>
    <property name="java.vm.specification.vendor" value="Oracle Corporation"/>
    <property name="java.specification.name" value="Java Platform API Specification"/>
    <property name="java.awt.graphicsenv" value="sun.awt.X11GraphicsEnvironment"/>
    <property name="surefire.real.class.path" value="/workdir/hadoop-ozone/tools/target/surefire/surefirebooter7161784551152420054.jar"/>
    <property name="hadoop.log.dir" value="/workdir/hadoop-ozone/tools/target/log"/>
    <property name="sun.boot.class.path" value="/usr/lib/jvm/java-1.8-openjdk/jre/lib/resources.jar:/usr/lib/jvm/java-1.8-openjdk/jre/lib/rt.jar:/usr/lib/jvm/java-1.8-openjdk/jre/lib/sunrsasign.jar:/usr/lib/jvm/java-1.8-openjdk/jre/lib/jsse.jar:/usr/lib/jvm/java-1.8-openjdk/jre/lib/jce.jar:/usr/lib/jvm/java-1.8-openjdk/jre/lib/charsets.jar:/usr/lib/jvm/java-1.8-openjdk/jre/lib/jfr.jar:/usr/lib/jvm/java-1.8-openjdk/jre/classes"/>
    <property name="sun.management.compiler" value="HotSpot 64-Bit Tiered Compilers"/>
    <property name="java.runtime.version" value="1.8.0_212-b04"/>
    <property name="java.net.preferIPv4Stack" value="true"/>
    <property name="user.name" value="jenkins1000"/>
    <property name="path.separator" value=":"/>
    <property name="java.security.egd" value="file:///dev/urandom"/>
    <property name="os.version" value="3.10.0-957.12.2.el7.x86_64"/>
    <property name="java.endorsed.dirs" value="/usr/lib/jvm/java-1.8-openjdk/jre/lib/endorsed"/>
    <property name="java.runtime.name" value="OpenJDK Runtime Environment"/>
    <property name="file.encoding" value="UTF-8"/>
    <property name="java.vm.name" value="OpenJDK 64-Bit Server VM"/>
    <property name="test.build.webapps" value=""/>
    <property name="localRepository" value="/home/user/.m2/repository"/>
    <property name="java.vendor.url.bug" value="https://icedtea.classpath.org/bugzilla"/>
    <property name="java.io.tmpdir" value="/tmp"/>
    <property name="require.test.libhadoop" value=""/>
    <property name="java.version" value="1.8.0_212"/>
    <property name="user.dir" value="/workdir/hadoop-ozone/tools"/>
    <property name="os.arch" value="amd64"/>
    <property name="java.vm.specification.name" value="Java Virtual Machine Specification"/>
    <property name="test.build.classes" value="/workdir/hadoop-ozone/tools/target/test-classes"/>
    <property name="java.awt.printerjob" value="sun.print.PSPrinterJob"/>
    <property name="sun.os.patch.level" value="unknown"/>
    <property name="hadoop.tmp.dir" value="/workdir/hadoop-ozone/tools/target/tmp"/>
    <property name="java.library.path" value="/usr/lib/jvm/java-1.8-openjdk/jre/lib/amd64/server:/usr/lib/jvm/java-1.8-openjdk/jre/lib/amd64:/usr/lib/jvm/java-1.8-openjdk/jre/../lib/amd64:/workdir/hadoop-ozone/tools/target/native/target/usr/local/lib:/workdir/hadoop-ozone/tools/../../hadoop-common-project/hadoop-common/target/native/target/usr/local/lib:/usr/java/packages/lib/amd64:/usr/lib64:/lib64:/lib:/usr/lib"/>
    <property name="java.vm.info" value="mixed mode"/>
    <property name="java.vendor" value="IcedTea"/>
    <property name="java.vm.version" value="25.212-b04"/>
    <property name="java.ext.dirs" value="/usr/lib/jvm/java-1.8-openjdk/jre/lib/ext:/usr/java/packages/lib/ext"/>
    <property name="sun.io.unicode.encoding" value="UnicodeLittle"/>
    <property name="java.class.version" value="52.0"/>
  </properties>
  <testcase name="testRestart" classname="org.apache.hadoop.ozone.freon.TestFreonWithPipelineDestroy" time="15.392">
    <error message="Unexpected Storage Container Exception: org.apache.hadoop.hdds.scm.container.common.helpers.StorageContainerException: ContainerID 3 does not exist" type="java.io.IOException">java.io.IOException: Unexpected Storage Container Exception: org.apache.hadoop.hdds.scm.container.common.helpers.StorageContainerException: ContainerID 3 does not exist
	at org.apache.hadoop.hdds.scm.storage.BlockOutputStream.setIoException(BlockOutputStream.java:541)
	at org.apache.hadoop.hdds.scm.storage.BlockOutputStream.validateResponse(BlockOutputStream.java:532)
	at org.apache.hadoop.hdds.scm.storage.BlockOutputStream.lambda$writeChunkToContainer$2(BlockOutputStream.java:606)
	at java.util.concurrent.CompletableFuture.uniApply(CompletableFuture.java:602)
	at java.util.concurrent.CompletableFuture$UniApply.tryFire(CompletableFuture.java:577)
	at java.util.concurrent.CompletableFuture$Completion.run(CompletableFuture.java:442)
	at java.util.concurrent.ThreadPoolExecutor.runWorker(ThreadPoolExecutor.java:1149)
	at java.util.concurrent.ThreadPoolExecutor$Worker.run(ThreadPoolExecutor.java:624)
	at java.lang.Thread.run(Thread.java:748)
Caused by: org.apache.hadoop.hdds.scm.container.common.helpers.StorageContainerException: ContainerID 3 does not exist
	at org.apache.hadoop.hdds.scm.storage.ContainerProtocolCalls.validateContainerResponse(ContainerProtocolCalls.java:536)
	at org.apache.hadoop.hdds.scm.storage.BlockOutputStream.validateResponse(BlockOutputStream.java:529)
	... 7 more
</error>
    <system-out><![CDATA[2019-07-29 14:33:24,713 WARN  server.ServerUtils (ServerUtils.java:getScmDbDir(145)) - ozone.scm.db.dirs is not configured. We recommend adding this setting. Falling back to ozone.metadata.dirs instead.
2019-07-29 14:33:24,816 WARN  server.ServerUtils (ServerUtils.java:getScmDbDir(145)) - ozone.scm.db.dirs is not configured. We recommend adding this setting. Falling back to ozone.metadata.dirs instead.
2019-07-29 14:33:24,819 WARN  server.ServerUtils (ServerUtils.java:getScmDbDir(145)) - ozone.scm.db.dirs is not configured. We recommend adding this setting. Falling back to ozone.metadata.dirs instead.
2019-07-29 14:33:24,836 INFO  util.log (Log.java:initialized(192)) - Logging initialized @913ms
2019-07-29 14:33:24,937 INFO  db.DBStoreBuilder (DBStoreBuilder.java:addTable(110)) - using custom profile for table: deletedBlocks
2019-07-29 14:33:24,938 INFO  db.DBStoreBuilder (DBStoreBuilder.java:processTables(161)) - Using default column profile:DBProfile.DISK for Table:deletedBlocks
2019-07-29 14:33:24,938 INFO  db.DBStoreBuilder (DBStoreBuilder.java:addTable(110)) - using custom profile for table: validCerts
2019-07-29 14:33:24,938 INFO  db.DBStoreBuilder (DBStoreBuilder.java:processTables(161)) - Using default column profile:DBProfile.DISK for Table:validCerts
2019-07-29 14:33:24,939 INFO  db.DBStoreBuilder (DBStoreBuilder.java:addTable(110)) - using custom profile for table: revokedCerts
2019-07-29 14:33:24,939 INFO  db.DBStoreBuilder (DBStoreBuilder.java:processTables(161)) - Using default column profile:DBProfile.DISK for Table:revokedCerts
2019-07-29 14:33:24,954 INFO  db.DBStoreBuilder (DBStoreBuilder.java:addTable(110)) - using custom profile for table: default
2019-07-29 14:33:24,955 INFO  db.DBStoreBuilder (DBStoreBuilder.java:processTables(167)) - Using default column profile:DBProfile.DISK for Table:default
2019-07-29 14:33:24,956 INFO  db.DBStoreBuilder (DBStoreBuilder.java:getDbProfile(198)) - Using default options. DBProfile.DISK
2019-07-29 14:33:25,137 INFO  net.NodeSchemaLoader (NodeSchemaLoader.java:loadSchemaFromFile(125)) - Loading file from sun.misc.CompoundEnumeration@12b0404f
2019-07-29 14:33:25,139 INFO  net.NodeSchemaLoader (NodeSchemaLoader.java:loadSchema(171)) - Loading network topology layer schema file
2019-07-29 14:33:25,248 INFO  node.SCMNodeManager (SCMNodeManager.java:<init>(121)) - Entering startup safe mode.
2019-07-29 14:33:25,340 WARN  server.ServerUtils (ServerUtils.java:getScmDbDir(145)) - ozone.scm.db.dirs is not configured. We recommend adding this setting. Falling back to ozone.metadata.dirs instead.
2019-07-29 14:33:25,393 INFO  pipeline.SCMPipelineManager (SCMPipelineManager.java:initializePipelineState(126)) - No pipeline exists in current db
2019-07-29 14:33:25,395 WARN  server.ServerUtils (ServerUtils.java:getScmDbDir(145)) - ozone.scm.db.dirs is not configured. We recommend adding this setting. Falling back to ozone.metadata.dirs instead.
2019-07-29 14:33:25,477 WARN  events.EventQueue (EventQueue.java:fireEvent(175)) - No event handler registered for event TypedEvent{payloadType=SafeModeStatus, name='SafeModeStatus'}
2019-07-29 14:33:25,781 INFO  ipc.CallQueueManager (CallQueueManager.java:<init>(84)) - Using callQueue: class java.util.concurrent.LinkedBlockingQueue, queueCapacity: 2000, scheduler: class org.apache.hadoop.ipc.DefaultRpcScheduler, ipcBackoff: false.
2019-07-29 14:33:25,804 INFO  ipc.Server (Server.java:run(1074)) - Starting Socket Reader #1 for port 42169
2019-07-29 14:33:25,824 INFO  ipc.CallQueueManager (CallQueueManager.java:<init>(84)) - Using callQueue: class java.util.concurrent.LinkedBlockingQueue, queueCapacity: 2000, scheduler: class org.apache.hadoop.ipc.DefaultRpcScheduler, ipcBackoff: false.
2019-07-29 14:33:25,825 INFO  ipc.Server (Server.java:run(1074)) - Starting Socket Reader #1 for port 45794
2019-07-29 14:33:25,830 INFO  ipc.CallQueueManager (CallQueueManager.java:<init>(84)) - Using callQueue: class java.util.concurrent.LinkedBlockingQueue, queueCapacity: 2000, scheduler: class org.apache.hadoop.ipc.DefaultRpcScheduler, ipcBackoff: false.
2019-07-29 14:33:25,831 INFO  ipc.Server (Server.java:run(1074)) - Starting Socket Reader #1 for port 36330
2019-07-29 14:33:25,849 INFO  hdfs.DFSUtil (DFSUtil.java:httpServerTemplateForNNAndJN(1641)) - Starting Web-server for scm at: http://0.0.0.0:0
2019-07-29 14:33:26,090 INFO  server.AuthenticationFilter (AuthenticationFilter.java:constructSecretProvider(240)) - Unable to initialize FileSignerSecretProvider, falling back to use random secrets.
2019-07-29 14:33:26,107 WARN  http.HttpRequestLog (HttpRequestLog.java:getRequestLog(97)) - Jetty request log can only be enabled using Log4j
2019-07-29 14:33:26,115 INFO  http.HttpServer2 (HttpServer2.java:addGlobalFilter(975)) - Added global filter 'safety' (class=org.apache.hadoop.http.HttpServer2$QuotingInputFilter)
2019-07-29 14:33:26,118 INFO  http.HttpServer2 (HttpServer2.java:addFilter(948)) - Added filter static_user_filter (class=org.apache.hadoop.http.lib.StaticUserWebFilter$StaticUserFilter) to context scm
2019-07-29 14:33:26,118 INFO  http.HttpServer2 (HttpServer2.java:addFilter(958)) - Added filter static_user_filter (class=org.apache.hadoop.http.lib.StaticUserWebFilter$StaticUserFilter) to context logs
2019-07-29 14:33:26,119 INFO  http.HttpServer2 (HttpServer2.java:addFilter(958)) - Added filter static_user_filter (class=org.apache.hadoop.http.lib.StaticUserWebFilter$StaticUserFilter) to context static
2019-07-29 14:33:26,145 INFO  server.StorageContainerManager (StorageContainerManager.java:start(758)) - StorageContainerLocationProtocol RPC server is listening at /0.0.0.0:36330
2019-07-29 14:33:26,203 WARN  impl.MetricsConfig (MetricsConfig.java:loadFirst(134)) - Cannot locate configuration: tried hadoop-metrics2-storagecontainermanager.properties,hadoop-metrics2.properties
2019-07-29 14:33:26,217 INFO  impl.MetricsSystemImpl (MetricsSystemImpl.java:startTimer(374)) - Scheduled Metric snapshot period at 10 second(s).
2019-07-29 14:33:26,218 INFO  impl.MetricsSystemImpl (MetricsSystemImpl.java:start(191)) - StorageContainerManager metrics system started
2019-07-29 14:33:26,445 INFO  server.SCMClientProtocolServer (SCMClientProtocolServer.java:start(151)) - RPC server for Client  is listening at /0.0.0.0:36330
2019-07-29 14:33:26,446 INFO  ipc.Server (Server.java:run(1314)) - IPC Server Responder: starting
2019-07-29 14:33:26,446 INFO  ipc.Server (Server.java:run(1153)) - IPC Server listener on 36330: starting
2019-07-29 14:33:26,450 INFO  server.StorageContainerManager (StorageContainerManager.java:start(768)) - ScmBlockLocationProtocol RPC server is listening at /0.0.0.0:45794
2019-07-29 14:33:26,450 INFO  server.SCMBlockProtocolServer (SCMBlockProtocolServer.java:start(140)) - RPC server for Block Protocol is listening at /0.0.0.0:45794
2019-07-29 14:33:26,451 INFO  ipc.Server (Server.java:run(1314)) - IPC Server Responder: starting
2019-07-29 14:33:26,451 INFO  ipc.Server (Server.java:run(1153)) - IPC Server listener on 45794: starting
2019-07-29 14:33:26,460 INFO  server.StorageContainerManager (StorageContainerManager.java:start(772)) - ScmDatanodeProtocl RPC server is listening at /0.0.0.0:42169
2019-07-29 14:33:26,460 INFO  server.SCMDatanodeProtocolServer (SCMDatanodeProtocolServer.java:start(191)) - RPC server for DataNodes is listening at /0.0.0.0:42169
2019-07-29 14:33:26,462 INFO  ipc.Server (Server.java:run(1314)) - IPC Server Responder: starting
2019-07-29 14:33:26,462 INFO  ipc.Server (Server.java:run(1153)) - IPC Server listener on 42169: starting
2019-07-29 14:33:26,474 INFO  http.HttpServer2 (HttpServer2.java:bindListener(1191)) - Jetty bound to port 44197
2019-07-29 14:33:26,476 INFO  server.Server (Server.java:doStart(351)) - jetty-9.3.24.v20180605, build timestamp: 2018-06-05T17:11:56Z, git hash: 84205aa28f11a4f31f2a3b86d1bba2cc8ab69827
2019-07-29 14:33:26,513 INFO  handler.ContextHandler (ContextHandler.java:doStart(781)) - Started o.e.j.s.ServletContextHandler@413f69cc{/logs,file:///workdir/hadoop-ozone/tools/target/log,AVAILABLE}
2019-07-29 14:33:26,513 INFO  handler.ContextHandler (ContextHandler.java:doStart(781)) - Started o.e.j.s.ServletContextHandler@1b75c2e3{/static,file:///workdir/hadoop-hdds/server-scm/target/classes/webapps/static/,AVAILABLE}
2019-07-29 14:33:26,544 INFO  handler.ContextHandler (ContextHandler.java:doStart(781)) - Started o.e.j.w.WebAppContext@30f5a68a{/,file:///workdir/hadoop-hdds/server-scm/target/classes/webapps/scm/,AVAILABLE}{/scm}
2019-07-29 14:33:26,549 INFO  server.AbstractConnector (AbstractConnector.java:doStart(278)) - Started ServerConnector@7a8fa663{HTTP/1.1,[http/1.1]}{0.0.0.0:44197}
2019-07-29 14:33:26,549 INFO  server.Server (Server.java:doStart(419)) - Started @2627ms
2019-07-29 14:33:26,550 INFO  server.BaseHttpServer (BaseHttpServer.java:updateConnectorAddress(207)) - HTTP server of SCM is listening at http://0.0.0.0:44197
2019-07-29 14:33:26,561 INFO  util.JvmPauseMonitor (JvmPauseMonitor.java:run(188)) - Starting JVM pause monitor
2019-07-29 14:33:26,565 WARN  server.ServerUtils (ServerUtils.java:getDBPath(222)) - ozone.om.db.dirs is not configured. We recommend adding this setting. Falling back to ozone.metadata.dirs instead.
2019-07-29 14:33:26,716 WARN  server.ServerUtils (ServerUtils.java:getDBPath(222)) - ozone.om.db.dirs is not configured. We recommend adding this setting. Falling back to ozone.metadata.dirs instead.
2019-07-29 14:33:26,717 WARN  server.ServerUtils (ServerUtils.java:getDBPath(222)) - ozone.om.db.dirs is not configured. We recommend adding this setting. Falling back to ozone.metadata.dirs instead.
2019-07-29 14:33:26,719 INFO  om.OzoneManager (OzoneManager.java:setOMNodeDetails(644)) - OM Service ID is not set. Setting it to the default ID: omServiceIdDefault
2019-07-29 14:33:26,719 INFO  om.OzoneManager (OzoneManager.java:setOMNodeDetails(650)) - OM Node ID is not set. Setting it to the OmStorage's OmID: dce2e98a-5029-4420-b945-d696cb345917
2019-07-29 14:33:26,720 INFO  om.OzoneManager (OzoneManager.java:loadOMHAConfigs(601)) - Found matching OM address with OMServiceId: null, OMNodeId: null, RPC Address: localhost:0 and Ratis port: 9872
2019-07-29 14:33:27,433 WARN  server.ServerUtils (ServerUtils.java:getDBPath(222)) - ozone.om.db.dirs is not configured. We recommend adding this setting. Falling back to ozone.metadata.dirs instead.
2019-07-29 14:33:27,440 INFO  db.DBStoreBuilder (DBStoreBuilder.java:addTable(110)) - using custom profile for table: userTable
2019-07-29 14:33:27,440 INFO  db.DBStoreBuilder (DBStoreBuilder.java:processTables(161)) - Using default column profile:DBProfile.DISK for Table:userTable
2019-07-29 14:33:27,440 INFO  db.DBStoreBuilder (DBStoreBuilder.java:addTable(110)) - using custom profile for table: volumeTable
2019-07-29 14:33:27,440 INFO  db.DBStoreBuilder (DBStoreBuilder.java:processTables(161)) - Using default column profile:DBProfile.DISK for Table:volumeTable
2019-07-29 14:33:27,441 INFO  db.DBStoreBuilder (DBStoreBuilder.java:addTable(110)) - using custom profile for table: bucketTable
2019-07-29 14:33:27,441 INFO  db.DBStoreBuilder (DBStoreBuilder.java:processTables(161)) - Using default column profile:DBProfile.DISK for Table:bucketTable
2019-07-29 14:33:27,441 INFO  db.DBStoreBuilder (DBStoreBuilder.java:addTable(110)) - using custom profile for table: keyTable
2019-07-29 14:33:27,441 INFO  db.DBStoreBuilder (DBStoreBuilder.java:processTables(161)) - Using default column profile:DBProfile.DISK for Table:keyTable
2019-07-29 14:33:27,442 INFO  db.DBStoreBuilder (DBStoreBuilder.java:addTable(110)) - using custom profile for table: deletedTable
2019-07-29 14:33:27,442 INFO  db.DBStoreBuilder (DBStoreBuilder.java:processTables(161)) - Using default column profile:DBProfile.DISK for Table:deletedTable
2019-07-29 14:33:27,442 INFO  db.DBStoreBuilder (DBStoreBuilder.java:addTable(110)) - using custom profile for table: openKeyTable
2019-07-29 14:33:27,442 INFO  db.DBStoreBuilder (DBStoreBuilder.java:processTables(161)) - Using default column profile:DBProfile.DISK for Table:openKeyTable
2019-07-29 14:33:27,443 INFO  db.DBStoreBuilder (DBStoreBuilder.java:addTable(110)) - using custom profile for table: s3Table
2019-07-29 14:33:27,443 INFO  db.DBStoreBuilder (DBStoreBuilder.java:processTables(161)) - Using default column profile:DBProfile.DISK for Table:s3Table
2019-07-29 14:33:27,443 INFO  db.DBStoreBuilder (DBStoreBuilder.java:addTable(110)) - using custom profile for table: multipartInfoTable
2019-07-29 14:33:27,443 INFO  db.DBStoreBuilder (DBStoreBuilder.java:processTables(161)) - Using default column profile:DBProfile.DISK for Table:multipartInfoTable
2019-07-29 14:33:27,443 INFO  db.DBStoreBuilder (DBStoreBuilder.java:addTable(110)) - using custom profile for table: dTokenTable
2019-07-29 14:33:27,444 INFO  db.DBStoreBuilder (DBStoreBuilder.java:processTables(161)) - Using default column profile:DBProfile.DISK for Table:dTokenTable
2019-07-29 14:33:27,447 INFO  db.DBStoreBuilder (DBStoreBuilder.java:addTable(110)) - using custom profile for table: s3SecretTable
2019-07-29 14:33:27,449 INFO  db.DBStoreBuilder (DBStoreBuilder.java:processTables(161)) - Using default column profile:DBProfile.DISK for Table:s3SecretTable
2019-07-29 14:33:27,449 INFO  db.DBStoreBuilder (DBStoreBuilder.java:addTable(110)) - using custom profile for table: prefixTable
2019-07-29 14:33:27,450 INFO  db.DBStoreBuilder (DBStoreBuilder.java:processTables(161)) - Using default column profile:DBProfile.DISK for Table:prefixTable
2019-07-29 14:33:27,450 INFO  db.DBStoreBuilder (DBStoreBuilder.java:addTable(110)) - using custom profile for table: default
2019-07-29 14:33:27,450 INFO  db.DBStoreBuilder (DBStoreBuilder.java:processTables(167)) - Using default column profile:DBProfile.DISK for Table:default
2019-07-29 14:33:27,451 INFO  db.DBStoreBuilder (DBStoreBuilder.java:getDbProfile(198)) - Using default options. DBProfile.DISK
2019-07-29 14:33:27,966 INFO  ipc.CallQueueManager (CallQueueManager.java:<init>(84)) - Using callQueue: class java.util.concurrent.LinkedBlockingQueue, queueCapacity: 2000, scheduler: class org.apache.hadoop.ipc.DefaultRpcScheduler, ipcBackoff: false.
2019-07-29 14:33:27,968 INFO  ipc.Server (Server.java:run(1074)) - Starting Socket Reader #1 for port 39024
2019-07-29 14:33:27,997 INFO  om.OzoneManager (OzoneManager.java:start(1255)) - OzoneManager RPC server is listening at localhost/127.0.0.1:39024
2019-07-29 14:33:27,997 INFO  impl.MetricsSystemImpl (MetricsSystemImpl.java:init(158)) - OzoneManager metrics system started (again)
2019-07-29 14:33:27,999 INFO  ipc.Server (Server.java:run(1153)) - IPC Server listener on 39024: starting
2019-07-29 14:33:28,000 INFO  ipc.Server (Server.java:run(1314)) - IPC Server Responder: starting
2019-07-29 14:33:28,012 INFO  hdfs.DFSUtil (DFSUtil.java:httpServerTemplateForNNAndJN(1641)) - Starting Web-server for ozoneManager at: http://0.0.0.0:0
2019-07-29 14:33:28,017 INFO  server.AuthenticationFilter (AuthenticationFilter.java:constructSecretProvider(240)) - Unable to initialize FileSignerSecretProvider, falling back to use random secrets.
2019-07-29 14:33:28,019 WARN  http.HttpRequestLog (HttpRequestLog.java:getRequestLog(97)) - Jetty request log can only be enabled using Log4j
2019-07-29 14:33:28,025 INFO  http.HttpServer2 (HttpServer2.java:addGlobalFilter(975)) - Added global filter 'safety' (class=org.apache.hadoop.http.HttpServer2$QuotingInputFilter)
2019-07-29 14:33:28,026 INFO  http.HttpServer2 (HttpServer2.java:addFilter(948)) - Added filter static_user_filter (class=org.apache.hadoop.http.lib.StaticUserWebFilter$StaticUserFilter) to context ozoneManager
2019-07-29 14:33:28,026 INFO  http.HttpServer2 (HttpServer2.java:addFilter(958)) - Added filter static_user_filter (class=org.apache.hadoop.http.lib.StaticUserWebFilter$StaticUserFilter) to context logs
2019-07-29 14:33:28,026 INFO  http.HttpServer2 (HttpServer2.java:addFilter(958)) - Added filter static_user_filter (class=org.apache.hadoop.http.lib.StaticUserWebFilter$StaticUserFilter) to context static
2019-07-29 14:33:28,029 INFO  http.HttpServer2 (HttpServer2.java:bindListener(1191)) - Jetty bound to port 38454
2019-07-29 14:33:28,030 INFO  server.Server (Server.java:doStart(351)) - jetty-9.3.24.v20180605, build timestamp: 2018-06-05T17:11:56Z, git hash: 84205aa28f11a4f31f2a3b86d1bba2cc8ab69827
2019-07-29 14:33:28,033 INFO  handler.ContextHandler (ContextHandler.java:doStart(781)) - Started o.e.j.s.ServletContextHandler@126be319{/logs,file:///workdir/hadoop-ozone/tools/target/log,AVAILABLE}
2019-07-29 14:33:28,034 INFO  handler.ContextHandler (ContextHandler.java:doStart(781)) - Started o.e.j.s.ServletContextHandler@5c371e13{/static,file:///workdir/hadoop-ozone/ozone-manager/target/classes/webapps/static/,AVAILABLE}
2019-07-29 14:33:28,039 INFO  handler.ContextHandler (ContextHandler.java:doStart(781)) - Started o.e.j.w.WebAppContext@27f0ad19{/,file:///workdir/hadoop-ozone/ozone-manager/target/classes/webapps/ozoneManager/,AVAILABLE}{/ozoneManager}
2019-07-29 14:33:28,041 INFO  server.AbstractConnector (AbstractConnector.java:doStart(278)) - Started ServerConnector@54e81b21{HTTP/1.1,[http/1.1]}{0.0.0.0:38454}
2019-07-29 14:33:28,042 INFO  server.Server (Server.java:doStart(419)) - Started @4120ms
2019-07-29 14:33:28,043 INFO  server.BaseHttpServer (BaseHttpServer.java:updateConnectorAddress(207)) - HTTP server of OZONEMANAGER is listening at http://0.0.0.0:38454
2019-07-29 14:33:28,316 INFO  impl.MetricsSystemImpl (MetricsSystemImpl.java:init(158)) - HddsDatanode metrics system started (again)
2019-07-29 14:33:28,403 INFO  ozone.HddsDatanodeService (HddsDatanodeService.java:start(184)) - HddsDatanodeService host:byscane-nightly-74r8j-3092971048 ip:192.168.69.100
2019-07-29 14:33:28,439 INFO  volume.HddsVolume (HddsVolume.java:<init>(176)) - Creating Volume: /workdir/hadoop-ozone/tools/target/test-dir/MiniOzoneClusterImpl-8fe7d595-2915-409e-b370-fd66cc380fe4/datanode-0/data/containers/hdds of  storage type : DISK and capacity : 52710309888
2019-07-29 14:33:28,442 INFO  volume.VolumeSet (VolumeSet.java:initializeVolumeSet(170)) - Added Volume : /workdir/hadoop-ozone/tools/target/test-dir/MiniOzoneClusterImpl-8fe7d595-2915-409e-b370-fd66cc380fe4/datanode-0/data/containers/hdds to VolumeSet
2019-07-29 14:33:28,445 INFO  volume.ThrottledAsyncChecker (ThrottledAsyncChecker.java:schedule(140)) - Scheduling a check for org.apache.hadoop.ozone.container.common.volume.HddsVolume@43b0ade
2019-07-29 14:33:28,470 INFO  volume.HddsVolumeChecker (HddsVolumeChecker.java:checkAllVolumes(203)) - Scheduled health check for volume org.apache.hadoop.ozone.container.common.volume.HddsVolume@43b0ade
2019-07-29 14:33:28,593 INFO  impl.RaftServerProxy (ConfUtils.java:logGet(43)) - raft.rpc.type = GRPC (default)
2019-07-29 14:33:28,677 INFO  grpc.GrpcFactory (GrpcFactory.java:checkPooledByteBufAllocatorUseCacheForAllThreads(45)) - PERFORMANCE WARNING: useCacheForAllThreads is true that may cause Netty to create a lot garbage objects and, as a result, trigger GC.
	It is recommended to disable useCacheForAllThreads by setting -Dorg.apache.ratis.thirdparty.io.netty.allocator.useCacheForAllThreads=false in command line.
2019-07-29 14:33:28,684 INFO  grpc.GrpcConfigKeys$Server (ConfUtils.java:logGet(43)) - raft.grpc.server.port = 0 (default)
2019-07-29 14:33:28,686 INFO  server.GrpcService (ConfUtils.java:logGet(43)) - raft.grpc.message.size.max = 33570816 (custom)
2019-07-29 14:33:28,688 INFO  server.RaftServerConfigKeys (ConfUtils.java:logGet(43)) - raft.server.log.appender.buffer.byte-limit = 33554432 (custom)
2019-07-29 14:33:28,689 INFO  server.GrpcService (ConfUtils.java:logGet(43)) - raft.grpc.flow.control.window = 1MB (=1048576) (default)
2019-07-29 14:33:28,690 INFO  server.RaftServerConfigKeys (ConfUtils.java:logGet(43)) - raft.server.rpc.request.timeout = 3000ms (default)
2019-07-29 14:33:28,866 INFO  server.RaftServerConfigKeys (ConfUtils.java:logGet(43)) - raft.server.storage.dir = [/workdir/hadoop-ozone/tools/target/test-dir/MiniOzoneClusterImpl-8fe7d595-2915-409e-b370-fd66cc380fe4/datanode-0/data/ratis] (custom)
2019-07-29 14:33:28,908 INFO  replication.SimpleContainerDownloader (SimpleContainerDownloader.java:<init>(72)) - Starting container downloader service to copy containers to replicate.
2019-07-29 14:33:28,922 INFO  hdfs.DFSUtil (DFSUtil.java:httpServerTemplateForNNAndJN(1641)) - Starting Web-server for hddsDatanode at: http://0.0.0.0:0
2019-07-29 14:33:28,924 INFO  server.AuthenticationFilter (AuthenticationFilter.java:constructSecretProvider(240)) - Unable to initialize FileSignerSecretProvider, falling back to use random secrets.
2019-07-29 14:33:28,924 WARN  http.HttpRequestLog (HttpRequestLog.java:getRequestLog(97)) - Jetty request log can only be enabled using Log4j
2019-07-29 14:33:28,927 INFO  http.HttpServer2 (HttpServer2.java:addGlobalFilter(975)) - Added global filter 'safety' (class=org.apache.hadoop.http.HttpServer2$QuotingInputFilter)
2019-07-29 14:33:28,928 INFO  http.HttpServer2 (HttpServer2.java:addFilter(948)) - Added filter static_user_filter (class=org.apache.hadoop.http.lib.StaticUserWebFilter$StaticUserFilter) to context hddsDatanode
2019-07-29 14:33:28,928 INFO  http.HttpServer2 (HttpServer2.java:addFilter(958)) - Added filter static_user_filter (class=org.apache.hadoop.http.lib.StaticUserWebFilter$StaticUserFilter) to context static
2019-07-29 14:33:28,928 INFO  http.HttpServer2 (HttpServer2.java:addFilter(958)) - Added filter static_user_filter (class=org.apache.hadoop.http.lib.StaticUserWebFilter$StaticUserFilter) to context logs
2019-07-29 14:33:28,929 INFO  http.HttpServer2 (HttpServer2.java:bindListener(1191)) - Jetty bound to port 39975
2019-07-29 14:33:28,929 INFO  server.Server (Server.java:doStart(351)) - jetty-9.3.24.v20180605, build timestamp: 2018-06-05T17:11:56Z, git hash: 84205aa28f11a4f31f2a3b86d1bba2cc8ab69827
2019-07-29 14:33:28,932 INFO  handler.ContextHandler (ContextHandler.java:doStart(781)) - Started o.e.j.s.ServletContextHandler@455824ad{/logs,file:///workdir/hadoop-ozone/tools/target/log,AVAILABLE}
2019-07-29 14:33:28,933 INFO  handler.ContextHandler (ContextHandler.java:doStart(781)) - Started o.e.j.s.ServletContextHandler@70f31322{/static,file:///workdir/hadoop-hdds/container-service/target/classes/webapps/static,AVAILABLE}
2019-07-29 14:33:28,940 INFO  handler.ContextHandler (ContextHandler.java:doStart(781)) - Started o.e.j.w.WebAppContext@99407c2{/,file:///workdir/hadoop-hdds/container-service/target/classes/webapps/hddsDatanode/,AVAILABLE}{/hddsDatanode}
2019-07-29 14:33:28,940 INFO  server.AbstractConnector (AbstractConnector.java:doStart(278)) - Started ServerConnector@6c796cc1{HTTP/1.1,[http/1.1]}{0.0.0.0:39975}
2019-07-29 14:33:28,942 INFO  server.Server (Server.java:doStart(419)) - Started @5019ms
2019-07-29 14:33:28,943 INFO  server.BaseHttpServer (BaseHttpServer.java:updateConnectorAddress(207)) - HTTP server of HDDSDATANODE is listening at http://0.0.0.0:39975
2019-07-29 14:33:30,090 INFO  ozone.HddsDatanodeService (HddsDatanodeService.java:startPlugins(395)) - Started plug-in org.apache.hadoop.ozone.web.OzoneHddsDatanodeService@69cd1085
2019-07-29 14:33:30,092 INFO  impl.MetricsSystemImpl (MetricsSystemImpl.java:init(158)) - HddsDatanode metrics system started (again)
2019-07-29 14:33:30,094 INFO  ozone.HddsDatanodeService (HddsDatanodeService.java:start(184)) - HddsDatanodeService host:byscane-nightly-74r8j-3092971048 ip:192.168.69.100
2019-07-29 14:33:30,097 INFO  util.JvmPauseMonitor (JvmPauseMonitor.java:run(188)) - Starting JVM pause monitor
2019-07-29 14:33:30,106 INFO  volume.HddsVolume (HddsVolume.java:<init>(176)) - Creating Volume: /workdir/hadoop-ozone/tools/target/test-dir/MiniOzoneClusterImpl-8fe7d595-2915-409e-b370-fd66cc380fe4/datanode-1/data/containers/hdds of  storage type : DISK and capacity : 52710309888
2019-07-29 14:33:30,107 INFO  volume.VolumeSet (VolumeSet.java:initializeVolumeSet(170)) - Added Volume : /workdir/hadoop-ozone/tools/target/test-dir/MiniOzoneClusterImpl-8fe7d595-2915-409e-b370-fd66cc380fe4/datanode-1/data/containers/hdds to VolumeSet
2019-07-29 14:33:30,107 INFO  volume.ThrottledAsyncChecker (ThrottledAsyncChecker.java:schedule(140)) - Scheduling a check for org.apache.hadoop.ozone.container.common.volume.HddsVolume@b46e103
2019-07-29 14:33:30,109 INFO  volume.HddsVolumeChecker (HddsVolumeChecker.java:checkAllVolumes(203)) - Scheduled health check for volume org.apache.hadoop.ozone.container.common.volume.HddsVolume@b46e103
2019-07-29 14:33:30,129 INFO  impl.RaftServerProxy (ConfUtils.java:logGet(43)) - raft.rpc.type = GRPC (default)
2019-07-29 14:33:30,129 INFO  grpc.GrpcFactory (GrpcFactory.java:checkPooledByteBufAllocatorUseCacheForAllThreads(45)) - PERFORMANCE WARNING: useCacheForAllThreads is true that may cause Netty to create a lot garbage objects and, as a result, trigger GC.
	It is recommended to disable useCacheForAllThreads by setting -Dorg.apache.ratis.thirdparty.io.netty.allocator.useCacheForAllThreads=false in command line.
2019-07-29 14:33:30,130 INFO  grpc.GrpcConfigKeys$Server (ConfUtils.java:logGet(43)) - raft.grpc.server.port = 0 (default)
2019-07-29 14:33:30,130 INFO  server.GrpcService (ConfUtils.java:logGet(43)) - raft.grpc.message.size.max = 33570816 (custom)
2019-07-29 14:33:30,130 INFO  server.RaftServerConfigKeys (ConfUtils.java:logGet(43)) - raft.server.log.appender.buffer.byte-limit = 33554432 (custom)
2019-07-29 14:33:30,131 INFO  server.GrpcService (ConfUtils.java:logGet(43)) - raft.grpc.flow.control.window = 1MB (=1048576) (default)
2019-07-29 14:33:30,131 INFO  server.RaftServerConfigKeys (ConfUtils.java:logGet(43)) - raft.server.rpc.request.timeout = 3000ms (default)
2019-07-29 14:33:30,132 INFO  server.RaftServerConfigKeys (ConfUtils.java:logGet(43)) - raft.server.storage.dir = [/workdir/hadoop-ozone/tools/target/test-dir/MiniOzoneClusterImpl-8fe7d595-2915-409e-b370-fd66cc380fe4/datanode-1/data/ratis] (custom)
2019-07-29 14:33:30,132 INFO  replication.SimpleContainerDownloader (SimpleContainerDownloader.java:<init>(72)) - Starting container downloader service to copy containers to replicate.
2019-07-29 14:33:30,134 INFO  hdfs.DFSUtil (DFSUtil.java:httpServerTemplateForNNAndJN(1641)) - Starting Web-server for hddsDatanode at: http://0.0.0.0:0
2019-07-29 14:33:30,136 INFO  server.AuthenticationFilter (AuthenticationFilter.java:constructSecretProvider(240)) - Unable to initialize FileSignerSecretProvider, falling back to use random secrets.
2019-07-29 14:33:30,138 WARN  http.HttpRequestLog (HttpRequestLog.java:getRequestLog(97)) - Jetty request log can only be enabled using Log4j
2019-07-29 14:33:30,139 INFO  http.HttpServer2 (HttpServer2.java:addGlobalFilter(975)) - Added global filter 'safety' (class=org.apache.hadoop.http.HttpServer2$QuotingInputFilter)
2019-07-29 14:33:30,140 INFO  http.HttpServer2 (HttpServer2.java:addFilter(948)) - Added filter static_user_filter (class=org.apache.hadoop.http.lib.StaticUserWebFilter$StaticUserFilter) to context hddsDatanode
2019-07-29 14:33:30,140 INFO  http.HttpServer2 (HttpServer2.java:addFilter(958)) - Added filter static_user_filter (class=org.apache.hadoop.http.lib.StaticUserWebFilter$StaticUserFilter) to context static
2019-07-29 14:33:30,140 INFO  http.HttpServer2 (HttpServer2.java:addFilter(958)) - Added filter static_user_filter (class=org.apache.hadoop.http.lib.StaticUserWebFilter$StaticUserFilter) to context logs
2019-07-29 14:33:30,141 INFO  http.HttpServer2 (HttpServer2.java:bindListener(1191)) - Jetty bound to port 43463
2019-07-29 14:33:30,141 INFO  server.Server (Server.java:doStart(351)) - jetty-9.3.24.v20180605, build timestamp: 2018-06-05T17:11:56Z, git hash: 84205aa28f11a4f31f2a3b86d1bba2cc8ab69827
2019-07-29 14:33:30,151 INFO  handler.ContextHandler (ContextHandler.java:doStart(781)) - Started o.e.j.s.ServletContextHandler@f5cf29b{/logs,file:///workdir/hadoop-ozone/tools/target/log,AVAILABLE}
2019-07-29 14:33:30,152 INFO  handler.ContextHandler (ContextHandler.java:doStart(781)) - Started o.e.j.s.ServletContextHandler@37e69c43{/static,file:///workdir/hadoop-hdds/container-service/target/classes/webapps/static,AVAILABLE}
2019-07-29 14:33:30,158 INFO  handler.ContextHandler (ContextHandler.java:doStart(781)) - Started o.e.j.w.WebAppContext@d5bb1c4{/,file:///workdir/hadoop-hdds/container-service/target/classes/webapps/hddsDatanode/,AVAILABLE}{/hddsDatanode}
2019-07-29 14:33:30,160 INFO  server.AbstractConnector (AbstractConnector.java:doStart(278)) - Started ServerConnector@7ed3df3b{HTTP/1.1,[http/1.1]}{0.0.0.0:43463}
2019-07-29 14:33:30,160 INFO  server.Server (Server.java:doStart(419)) - Started @6238ms
2019-07-29 14:33:30,165 INFO  server.BaseHttpServer (BaseHttpServer.java:updateConnectorAddress(207)) - HTTP server of HDDSDATANODE is listening at http://0.0.0.0:43463
2019-07-29 14:33:30,254 INFO  datanode.InitDatanodeState (InitDatanodeState.java:persistContainerDatanodeDetails(140)) - DatanodeDetails is persisted to /workdir/hadoop-ozone/tools/target/test-dir/MiniOzoneClusterImpl-8fe7d595-2915-409e-b370-fd66cc380fe4/datanode-0/meta/datanode.id
2019-07-29 14:33:30,339 INFO  ozone.HddsDatanodeService (HddsDatanodeService.java:startPlugins(395)) - Started plug-in org.apache.hadoop.ozone.web.OzoneHddsDatanodeService@73a0f2b
2019-07-29 14:33:30,340 INFO  impl.MetricsSystemImpl (MetricsSystemImpl.java:init(158)) - HddsDatanode metrics system started (again)
2019-07-29 14:33:30,342 INFO  ozone.HddsDatanodeService (HddsDatanodeService.java:start(184)) - HddsDatanodeService host:byscane-nightly-74r8j-3092971048 ip:192.168.69.100
2019-07-29 14:33:30,344 INFO  util.JvmPauseMonitor (JvmPauseMonitor.java:run(188)) - Starting JVM pause monitor
2019-07-29 14:33:30,350 INFO  volume.HddsVolume (HddsVolume.java:<init>(176)) - Creating Volume: /workdir/hadoop-ozone/tools/target/test-dir/MiniOzoneClusterImpl-8fe7d595-2915-409e-b370-fd66cc380fe4/datanode-2/data/containers/hdds of  storage type : DISK and capacity : 52710309888
2019-07-29 14:33:30,350 INFO  volume.VolumeSet (VolumeSet.java:initializeVolumeSet(170)) - Added Volume : /workdir/hadoop-ozone/tools/target/test-dir/MiniOzoneClusterImpl-8fe7d595-2915-409e-b370-fd66cc380fe4/datanode-2/data/containers/hdds to VolumeSet
2019-07-29 14:33:30,351 INFO  datanode.InitDatanodeState (InitDatanodeState.java:persistContainerDatanodeDetails(140)) - DatanodeDetails is persisted to /workdir/hadoop-ozone/tools/target/test-dir/MiniOzoneClusterImpl-8fe7d595-2915-409e-b370-fd66cc380fe4/datanode-1/meta/datanode.id
2019-07-29 14:33:30,354 INFO  volume.ThrottledAsyncChecker (ThrottledAsyncChecker.java:schedule(140)) - Scheduling a check for org.apache.hadoop.ozone.container.common.volume.HddsVolume@5a917723
2019-07-29 14:33:30,355 INFO  volume.HddsVolumeChecker (HddsVolumeChecker.java:checkAllVolumes(203)) - Scheduled health check for volume org.apache.hadoop.ozone.container.common.volume.HddsVolume@5a917723
2019-07-29 14:33:30,371 INFO  impl.RaftServerProxy (ConfUtils.java:logGet(43)) - raft.rpc.type = GRPC (default)
2019-07-29 14:33:30,371 INFO  grpc.GrpcFactory (GrpcFactory.java:checkPooledByteBufAllocatorUseCacheForAllThreads(45)) - PERFORMANCE WARNING: useCacheForAllThreads is true that may cause Netty to create a lot garbage objects and, as a result, trigger GC.
	It is recommended to disable useCacheForAllThreads by setting -Dorg.apache.ratis.thirdparty.io.netty.allocator.useCacheForAllThreads=false in command line.
2019-07-29 14:33:30,371 INFO  grpc.GrpcConfigKeys$Server (ConfUtils.java:logGet(43)) - raft.grpc.server.port = 0 (default)
2019-07-29 14:33:30,372 INFO  server.GrpcService (ConfUtils.java:logGet(43)) - raft.grpc.message.size.max = 33570816 (custom)
2019-07-29 14:33:30,372 INFO  server.RaftServerConfigKeys (ConfUtils.java:logGet(43)) - raft.server.log.appender.buffer.byte-limit = 33554432 (custom)
2019-07-29 14:33:30,372 INFO  server.GrpcService (ConfUtils.java:logGet(43)) - raft.grpc.flow.control.window = 1MB (=1048576) (default)
2019-07-29 14:33:30,373 INFO  server.RaftServerConfigKeys (ConfUtils.java:logGet(43)) - raft.server.rpc.request.timeout = 3000ms (default)
2019-07-29 14:33:30,375 INFO  server.RaftServerConfigKeys (ConfUtils.java:logGet(43)) - raft.server.storage.dir = [/workdir/hadoop-ozone/tools/target/test-dir/MiniOzoneClusterImpl-8fe7d595-2915-409e-b370-fd66cc380fe4/datanode-2/data/ratis] (custom)
2019-07-29 14:33:30,377 INFO  replication.SimpleContainerDownloader (SimpleContainerDownloader.java:<init>(72)) - Starting container downloader service to copy containers to replicate.
2019-07-29 14:33:30,378 INFO  hdfs.DFSUtil (DFSUtil.java:httpServerTemplateForNNAndJN(1641)) - Starting Web-server for hddsDatanode at: http://0.0.0.0:0
2019-07-29 14:33:30,380 INFO  server.AuthenticationFilter (AuthenticationFilter.java:constructSecretProvider(240)) - Unable to initialize FileSignerSecretProvider, falling back to use random secrets.
2019-07-29 14:33:30,381 WARN  http.HttpRequestLog (HttpRequestLog.java:getRequestLog(97)) - Jetty request log can only be enabled using Log4j
2019-07-29 14:33:30,382 INFO  http.HttpServer2 (HttpServer2.java:addGlobalFilter(975)) - Added global filter 'safety' (class=org.apache.hadoop.http.HttpServer2$QuotingInputFilter)
2019-07-29 14:33:30,383 INFO  http.HttpServer2 (HttpServer2.java:addFilter(948)) - Added filter static_user_filter (class=org.apache.hadoop.http.lib.StaticUserWebFilter$StaticUserFilter) to context hddsDatanode
2019-07-29 14:33:30,383 INFO  http.HttpServer2 (HttpServer2.java:addFilter(958)) - Added filter static_user_filter (class=org.apache.hadoop.http.lib.StaticUserWebFilter$StaticUserFilter) to context static
2019-07-29 14:33:30,383 INFO  http.HttpServer2 (HttpServer2.java:addFilter(958)) - Added filter static_user_filter (class=org.apache.hadoop.http.lib.StaticUserWebFilter$StaticUserFilter) to context logs
2019-07-29 14:33:30,384 INFO  http.HttpServer2 (HttpServer2.java:bindListener(1191)) - Jetty bound to port 45574
2019-07-29 14:33:30,384 INFO  server.Server (Server.java:doStart(351)) - jetty-9.3.24.v20180605, build timestamp: 2018-06-05T17:11:56Z, git hash: 84205aa28f11a4f31f2a3b86d1bba2cc8ab69827
2019-07-29 14:33:30,387 INFO  handler.ContextHandler (ContextHandler.java:doStart(781)) - Started o.e.j.s.ServletContextHandler@78cfa264{/logs,file:///workdir/hadoop-ozone/tools/target/log,AVAILABLE}
2019-07-29 14:33:30,388 INFO  handler.ContextHandler (ContextHandler.java:doStart(781)) - Started o.e.j.s.ServletContextHandler@2b6a0ea9{/static,file:///workdir/hadoop-hdds/container-service/target/classes/webapps/static,AVAILABLE}
2019-07-29 14:33:30,394 INFO  handler.ContextHandler (ContextHandler.java:doStart(781)) - Started o.e.j.w.WebAppContext@6b6eae52{/,file:///workdir/hadoop-hdds/container-service/target/classes/webapps/hddsDatanode/,AVAILABLE}{/hddsDatanode}
2019-07-29 14:33:30,395 INFO  server.AbstractConnector (AbstractConnector.java:doStart(278)) - Started ServerConnector@d4df0e{HTTP/1.1,[http/1.1]}{0.0.0.0:45574}
2019-07-29 14:33:30,397 INFO  server.Server (Server.java:doStart(419)) - Started @6475ms
2019-07-29 14:33:30,398 INFO  server.BaseHttpServer (BaseHttpServer.java:updateConnectorAddress(207)) - HTTP server of HDDSDATANODE is listening at http://0.0.0.0:45574
2019-07-29 14:33:30,525 INFO  ozone.HddsDatanodeService (HddsDatanodeService.java:startPlugins(395)) - Started plug-in org.apache.hadoop.ozone.web.OzoneHddsDatanodeService@54e43bfe
2019-07-29 14:33:30,527 INFO  ozone.MiniOzoneClusterImpl (MiniOzoneClusterImpl.java:lambda$waitForClusterToBeReady$0(142)) - Waiting for cluster to be ready. Got 0 of 3 DN Heartbeats.
2019-07-29 14:33:30,528 INFO  util.JvmPauseMonitor (JvmPauseMonitor.java:run(188)) - Starting JVM pause monitor
2019-07-29 14:33:30,531 INFO  datanode.InitDatanodeState (InitDatanodeState.java:persistContainerDatanodeDetails(140)) - DatanodeDetails is persisted to /workdir/hadoop-ozone/tools/target/test-dir/MiniOzoneClusterImpl-8fe7d595-2915-409e-b370-fd66cc380fe4/datanode-2/meta/datanode.id
2019-07-29 14:33:31,528 INFO  ozone.MiniOzoneClusterImpl (MiniOzoneClusterImpl.java:lambda$waitForClusterToBeReady$0(142)) - Waiting for cluster to be ready. Got 0 of 3 DN Heartbeats.
2019-07-29 14:33:32,145 INFO  ozoneimpl.OzoneContainer (OzoneContainer.java:start(186)) - Attempting to start container services.
2019-07-29 14:33:32,146 INFO  ozoneimpl.OzoneContainer (OzoneContainer.java:startContainerScrub(160)) - Background container scrubber has been disabled by hdds.containerscrub.enabled
2019-07-29 14:33:32,147 INFO  ratis.XceiverServerRatis (XceiverServerRatis.java:start(404)) - Starting XceiverServerRatis 48953a3b-fa19-4ad6-b043-99e199343f31 at port 0
2019-07-29 14:33:32,168 INFO  impl.RaftServerProxy (RaftServerProxy.java:lambda$start$3(299)) - 48953a3b-fa19-4ad6-b043-99e199343f31: start RPC server
2019-07-29 14:33:32,291 INFO  server.GrpcService (GrpcService.java:startImpl(149)) - 48953a3b-fa19-4ad6-b043-99e199343f31: GrpcService started, listening on 0.0.0.0/0.0.0.0:44513
2019-07-29 14:33:32,292 INFO  ratis.XceiverServerRatis (XceiverServerRatis.java:start(414)) - XceiverServerRatis 48953a3b-fa19-4ad6-b043-99e199343f31 is started using port 44513
2019-07-29 14:33:32,294 INFO  server.XceiverServerGrpc (XceiverServerGrpc.java:start(161)) - XceiverServerGrpc 48953a3b-fa19-4ad6-b043-99e199343f31 is started using port 37738
2019-07-29 14:33:32,360 INFO  ozoneimpl.OzoneContainer (OzoneContainer.java:start(186)) - Attempting to start container services.
2019-07-29 14:33:32,362 INFO  ozoneimpl.OzoneContainer (OzoneContainer.java:startContainerScrub(160)) - Background container scrubber has been disabled by hdds.containerscrub.enabled
2019-07-29 14:33:32,363 INFO  ratis.XceiverServerRatis (XceiverServerRatis.java:start(404)) - Starting XceiverServerRatis 1534a74e-331e-4cc7-94c9-298e830aa2fc at port 0
2019-07-29 14:33:32,375 INFO  impl.RaftServerProxy (RaftServerProxy.java:lambda$start$3(299)) - 1534a74e-331e-4cc7-94c9-298e830aa2fc: start RPC server
2019-07-29 14:33:32,379 INFO  server.GrpcService (GrpcService.java:startImpl(149)) - 1534a74e-331e-4cc7-94c9-298e830aa2fc: GrpcService started, listening on 0.0.0.0/0.0.0.0:35992
2019-07-29 14:33:32,379 INFO  ratis.XceiverServerRatis (XceiverServerRatis.java:start(414)) - XceiverServerRatis 1534a74e-331e-4cc7-94c9-298e830aa2fc is started using port 35992
2019-07-29 14:33:32,381 INFO  server.XceiverServerGrpc (XceiverServerGrpc.java:start(161)) - XceiverServerGrpc 1534a74e-331e-4cc7-94c9-298e830aa2fc is started using port 37502
2019-07-29 14:33:32,528 INFO  ozone.MiniOzoneClusterImpl (MiniOzoneClusterImpl.java:lambda$waitForClusterToBeReady$0(142)) - Waiting for cluster to be ready. Got 0 of 3 DN Heartbeats.
2019-07-29 14:33:32,547 INFO  ozoneimpl.OzoneContainer (OzoneContainer.java:start(186)) - Attempting to start container services.
2019-07-29 14:33:32,548 INFO  ozoneimpl.OzoneContainer (OzoneContainer.java:startContainerScrub(160)) - Background container scrubber has been disabled by hdds.containerscrub.enabled
2019-07-29 14:33:32,549 INFO  ratis.XceiverServerRatis (XceiverServerRatis.java:start(404)) - Starting XceiverServerRatis f129742c-a489-424c-8940-cb70e7f237f0 at port 0
2019-07-29 14:33:32,612 INFO  impl.RaftServerProxy (RaftServerProxy.java:lambda$start$3(299)) - f129742c-a489-424c-8940-cb70e7f237f0: start RPC server
2019-07-29 14:33:32,629 INFO  server.GrpcService (GrpcService.java:startImpl(149)) - f129742c-a489-424c-8940-cb70e7f237f0: GrpcService started, listening on 0.0.0.0/0.0.0.0:46837
2019-07-29 14:33:32,630 INFO  ratis.XceiverServerRatis (XceiverServerRatis.java:start(414)) - XceiverServerRatis f129742c-a489-424c-8940-cb70e7f237f0 is started using port 46837
2019-07-29 14:33:32,637 INFO  server.XceiverServerGrpc (XceiverServerGrpc.java:start(161)) - XceiverServerGrpc f129742c-a489-424c-8940-cb70e7f237f0 is started using port 46630
2019-07-29 14:33:33,529 INFO  ozone.MiniOzoneClusterImpl (MiniOzoneClusterImpl.java:lambda$waitForClusterToBeReady$0(142)) - Waiting for cluster to be ready. Got 0 of 3 DN Heartbeats.
2019-07-29 14:33:34,137 INFO  net.NetworkTopology (NetworkTopologyImpl.java:add(110)) - Added a new node: /default-rack/48953a3b-fa19-4ad6-b043-99e199343f31
2019-07-29 14:33:34,137 INFO  node.SCMNodeManager (SCMNodeManager.java:register(273)) - Registered Data node : 48953a3b-fa19-4ad6-b043-99e199343f31{ip: 192.168.69.100, host: byscane-nightly-74r8j-3092971048, networkLocation: /default-rack, certSerialId: null}
2019-07-29 14:33:34,142 INFO  safemode.SCMSafeModeManager (DataNodeSafeModeRule.java:process(71)) - SCM in safe mode. 1 DataNodes registered, 1 required.
2019-07-29 14:33:34,143 INFO  safemode.SCMSafeModeManager (SCMSafeModeManager.java:validateSafeModeExitRules(177)) - ScmSafeModeManager, all rules are successfully validated
2019-07-29 14:33:34,143 INFO  safemode.SCMSafeModeManager (SCMSafeModeManager.java:exitSafeMode(193)) - SCM exiting safe mode.
2019-07-29 14:33:34,347 INFO  net.NetworkTopology (NetworkTopologyImpl.java:add(110)) - Added a new node: /default-rack/1534a74e-331e-4cc7-94c9-298e830aa2fc
2019-07-29 14:33:34,347 INFO  node.SCMNodeManager (SCMNodeManager.java:register(273)) - Registered Data node : 1534a74e-331e-4cc7-94c9-298e830aa2fc{ip: 192.168.69.100, host: byscane-nightly-74r8j-3092971048, networkLocation: /default-rack, certSerialId: null}
2019-07-29 14:33:34,531 INFO  ozone.MiniOzoneClusterImpl (MiniOzoneClusterImpl.java:lambda$waitForClusterToBeReady$0(142)) - Waiting for cluster to be ready. Got 2 of 3 DN Heartbeats.
2019-07-29 14:33:34,532 INFO  net.NetworkTopology (NetworkTopologyImpl.java:add(110)) - Added a new node: /default-rack/f129742c-a489-424c-8940-cb70e7f237f0
2019-07-29 14:33:34,532 INFO  node.SCMNodeManager (SCMNodeManager.java:register(273)) - Registered Data node : f129742c-a489-424c-8940-cb70e7f237f0{ip: 192.168.69.100, host: byscane-nightly-74r8j-3092971048, networkLocation: /default-rack, certSerialId: null}
2019-07-29 14:33:34,665 INFO  impl.RaftServerProxy (RaftServerProxy.java:addNew(89)) - 48953a3b-fa19-4ad6-b043-99e199343f31: addNew group-477B1D324AF0:[48953a3b-fa19-4ad6-b043-99e199343f31:192.168.69.100:44513] returns group-477B1D324AF0:java.util.concurrent.CompletableFuture@5ac83421[Not completed]
2019-07-29 14:33:34,682 INFO  impl.RaftServerImpl (RaftServerImpl.java:<init>(93)) - 48953a3b-fa19-4ad6-b043-99e199343f31: new RaftServerImpl for group-477B1D324AF0:[48953a3b-fa19-4ad6-b043-99e199343f31:192.168.69.100:44513] with ContainerStateMachine:uninitialized
2019-07-29 14:33:34,685 INFO  server.RaftServerConfigKeys (ConfUtils.java:logGet(43)) - raft.server.rpc.timeout.min = 5s (custom)
2019-07-29 14:33:34,686 INFO  server.RaftServerConfigKeys (ConfUtils.java:logGet(43)) - raft.server.rpc.timeout.max = 5200ms (custom)
2019-07-29 14:33:34,686 INFO  server.RaftServerConfigKeys (ConfUtils.java:logGet(43)) - raft.server.rpcslowness.timeout = 120s (custom)
2019-07-29 14:33:34,687 INFO  server.RaftServerConfigKeys (ConfUtils.java:logGet(43)) - raft.server.sleep.deviation.threshold = 300 (default)
2019-07-29 14:33:34,688 INFO  server.RaftServerConfigKeys (ConfUtils.java:logGet(43)) - raft.server.log.appender.install.snapshot.enabled = false (custom)
2019-07-29 14:33:34,698 INFO  impl.RaftServerImpl (ServerState.java:<init>(105)) - 48953a3b-fa19-4ad6-b043-99e199343f31:group-477B1D324AF0 ConfigurationManager, init=-1: [48953a3b-fa19-4ad6-b043-99e199343f31:192.168.69.100:44513], old=null, confs=<EMPTY_MAP>
2019-07-29 14:33:34,698 INFO  server.RaftServerConfigKeys (ConfUtils.java:logGet(43)) - raft.server.storage.dir = [/workdir/hadoop-ozone/tools/target/test-dir/MiniOzoneClusterImpl-8fe7d595-2915-409e-b370-fd66cc380fe4/datanode-0/data/ratis] (custom)
2019-07-29 14:33:34,706 INFO  storage.RaftStorageDirectory (RaftStorageDirectory.java:analyzeStorage(246)) - The storage directory /workdir/hadoop-ozone/tools/target/test-dir/MiniOzoneClusterImpl-8fe7d595-2915-409e-b370-fd66cc380fe4/datanode-0/data/ratis/5f2f8646-e609-4391-ab3a-477b1d324af0 does not exist. Creating ...
2019-07-29 14:33:34,724 INFO  storage.RaftStorageDirectory (RaftStorageDirectory.java:tryLock(328)) - Lock on /workdir/hadoop-ozone/tools/target/test-dir/MiniOzoneClusterImpl-8fe7d595-2915-409e-b370-fd66cc380fe4/datanode-0/data/ratis/5f2f8646-e609-4391-ab3a-477b1d324af0/in_use.lock acquired by nodename 22568@byscane-nightly-74r8j-3092971048
2019-07-29 14:33:34,740 INFO  storage.RaftStorage (RaftStorage.java:format(72)) - Storage directory /workdir/hadoop-ozone/tools/target/test-dir/MiniOzoneClusterImpl-8fe7d595-2915-409e-b370-fd66cc380fe4/datanode-0/data/ratis/5f2f8646-e609-4391-ab3a-477b1d324af0 has been successfully formatted.
2019-07-29 14:33:34,742 INFO  ratis.ContainerStateMachine (ContainerStateMachine.java:loadSnapshot(213)) - group-477B1D324AF0: The snapshot info is null. Setting the last applied indexto:(t:0, i:~)
2019-07-29 14:33:34,742 INFO  server.RaftServerConfigKeys (ConfUtils.java:logGet(43)) - raft.server.leader.election.timeout = 120s (custom)
2019-07-29 14:33:34,744 INFO  server.RaftServerConfigKeys (ConfUtils.java:logGet(43)) - raft.server.log.use.memory = false (default)
2019-07-29 14:33:34,750 INFO  server.RaftServerConfigKeys (ConfUtils.java:logGet(43)) - raft.server.log.purge.gap = 1000000000 (custom)
2019-07-29 14:33:34,751 INFO  server.RaftServerConfigKeys (ConfUtils.java:logGet(43)) - raft.server.log.appender.buffer.byte-limit = 33554432 (custom)
2019-07-29 14:33:34,752 INFO  server.RaftServerConfigKeys (ConfUtils.java:logGet(43)) - raft.server.log.segment.size.max = 1048576 (custom)
2019-07-29 14:33:34,758 INFO  server.RaftServerConfigKeys (ConfUtils.java:logGet(43)) - raft.server.log.segment.cache.num.max = 2 (custom)
2019-07-29 14:33:34,764 INFO  segmented.SegmentedRaftLogWorker (SegmentedRaftLogWorker.java:<init>(172)) - new 48953a3b-fa19-4ad6-b043-99e199343f31-SegmentedRaftLogWorker:Storage Directory /workdir/hadoop-ozone/tools/target/test-dir/MiniOzoneClusterImpl-8fe7d595-2915-409e-b370-fd66cc380fe4/datanode-0/data/ratis/5f2f8646-e609-4391-ab3a-477b1d324af0 for RaftStorage:Storage Directory /workdir/hadoop-ozone/tools/target/test-dir/MiniOzoneClusterImpl-8fe7d595-2915-409e-b370-fd66cc380fe4/datanode-0/data/ratis/5f2f8646-e609-4391-ab3a-477b1d324af0
2019-07-29 14:33:34,784 INFO  server.RaftServerConfigKeys (ConfUtils.java:logGet(43)) - raft.server.log.queue.byte-limit = 2147483647 (custom)
2019-07-29 14:33:34,785 INFO  server.RaftServerConfigKeys (ConfUtils.java:logGet(43)) - raft.server.log.queue.element-limit = 1024 (custom)
2019-07-29 14:33:34,793 INFO  server.RaftServerConfigKeys (ConfUtils.java:logGet(43)) - raft.server.log.segment.size.max = 1048576 (custom)
2019-07-29 14:33:34,793 INFO  server.RaftServerConfigKeys (ConfUtils.java:logGet(43)) - raft.server.log.preallocated.size = 16384 (custom)
2019-07-29 14:33:34,794 INFO  server.RaftServerConfigKeys (ConfUtils.java:logGet(43)) - raft.server.log.write.buffer.size = 33554432 (custom)
2019-07-29 14:33:34,794 INFO  server.RaftServerConfigKeys (ConfUtils.java:logGet(43)) - raft.server.log.force.sync.num = 128 (default)
2019-07-29 14:33:34,796 INFO  server.RaftServerConfigKeys (ConfUtils.java:logGet(43)) - raft.server.log.statemachine.data.sync = true (default)
2019-07-29 14:33:34,796 INFO  server.RaftServerConfigKeys (ConfUtils.java:logGet(43)) - raft.server.log.statemachine.data.sync.timeout = 10s (default)
2019-07-29 14:33:34,797 INFO  server.RaftServerConfigKeys (ConfUtils.java:logGet(43)) - raft.server.log.statemachine.data.sync.timeout.retry = -1 (default)
2019-07-29 14:33:34,811 INFO  server.RaftServerConfigKeys (ConfUtils.java:logGet(43)) - raft.server.log.statemachine.data.caching.enabled = true (custom)
2019-07-29 14:33:34,816 INFO  segmented.SegmentedRaftLogWorker (SegmentedRaftLogWorker.java:lambda$new$0(132)) - 48953a3b-fa19-4ad6-b043-99e199343f31-SegmentedRaftLogWorker:Storage Directory /workdir/hadoop-ozone/tools/target/test-dir/MiniOzoneClusterImpl-8fe7d595-2915-409e-b370-fd66cc380fe4/datanode-0/data/ratis/5f2f8646-e609-4391-ab3a-477b1d324af0: flushIndex: setUnconditionally 0 -> -1
2019-07-29 14:33:35,061 INFO  server.RaftServerConfigKeys (ConfUtils.java:logGet(43)) - raft.server.snapshot.auto.trigger.enabled = true (custom)
2019-07-29 14:33:35,063 INFO  server.RaftServerConfigKeys (ConfUtils.java:logGet(43)) - raft.server.snapshot.auto.trigger.threshold = 10000 (custom)
2019-07-29 14:33:35,063 INFO  server.RaftServerConfigKeys (ConfUtils.java:logGet(43)) - raft.server.retrycache.expirytime = 600000ms (custom)
2019-07-29 14:33:35,094 INFO  impl.RaftServerImpl (RaftServerImpl.java:start(180)) - 48953a3b-fa19-4ad6-b043-99e199343f31: start group-477B1D324AF0
2019-07-29 14:33:35,096 INFO  impl.RaftServerImpl (RaftServerImpl.java:setRole(171)) - 48953a3b-fa19-4ad6-b043-99e199343f31:group-477B1D324AF0 changes role from null to FOLLOWER at term 0 for startAsFollower
2019-07-29 14:33:35,098 INFO  impl.RoleInfo (RoleInfo.java:updateAndGet(143)) - 48953a3b-fa19-4ad6-b043-99e199343f31: start FollowerState
2019-07-29 14:33:35,100 INFO  util.JmxRegister (JmxRegister.java:tryRegister(44)) - Successfully registered JMX Bean with object name Ratis:service=RaftServer,group=group-477B1D324AF0,id=48953a3b-fa19-4ad6-b043-99e199343f31
2019-07-29 14:33:35,168 INFO  pipeline.PipelineStateManager (PipelineStateManager.java:addPipeline(56)) - Created pipeline Pipeline[ Id: 5f2f8646-e609-4391-ab3a-477b1d324af0, Nodes: 48953a3b-fa19-4ad6-b043-99e199343f31{ip: 192.168.69.100, host: byscane-nightly-74r8j-3092971048, networkLocation: /default-rack, certSerialId: null}, Type:RATIS, Factor:ONE, State:OPEN]
2019-07-29 14:33:35,189 INFO  impl.RaftServerProxy (RaftServerProxy.java:addNew(89)) - 1534a74e-331e-4cc7-94c9-298e830aa2fc: addNew group-A089DEFE8EFC:[1534a74e-331e-4cc7-94c9-298e830aa2fc:192.168.69.100:35992] returns group-A089DEFE8EFC:java.util.concurrent.CompletableFuture@7ff4dbb[Not completed]
2019-07-29 14:33:35,212 INFO  impl.RaftServerImpl (RaftServerImpl.java:<init>(93)) - 1534a74e-331e-4cc7-94c9-298e830aa2fc: new RaftServerImpl for group-A089DEFE8EFC:[1534a74e-331e-4cc7-94c9-298e830aa2fc:192.168.69.100:35992] with ContainerStateMachine:uninitialized
2019-07-29 14:33:35,214 INFO  server.RaftServerConfigKeys (ConfUtils.java:logGet(43)) - raft.server.rpc.timeout.min = 5s (custom)
2019-07-29 14:33:35,214 INFO  server.RaftServerConfigKeys (ConfUtils.java:logGet(43)) - raft.server.rpc.timeout.max = 5200ms (custom)
2019-07-29 14:33:35,214 INFO  server.RaftServerConfigKeys (ConfUtils.java:logGet(43)) - raft.server.rpcslowness.timeout = 120s (custom)
2019-07-29 14:33:35,215 INFO  server.RaftServerConfigKeys (ConfUtils.java:logGet(43)) - raft.server.sleep.deviation.threshold = 300 (default)
2019-07-29 14:33:35,215 INFO  server.RaftServerConfigKeys (ConfUtils.java:logGet(43)) - raft.server.log.appender.install.snapshot.enabled = false (custom)
2019-07-29 14:33:35,215 INFO  impl.RaftServerImpl (ServerState.java:<init>(105)) - 1534a74e-331e-4cc7-94c9-298e830aa2fc:group-A089DEFE8EFC ConfigurationManager, init=-1: [1534a74e-331e-4cc7-94c9-298e830aa2fc:192.168.69.100:35992], old=null, confs=<EMPTY_MAP>
2019-07-29 14:33:35,215 INFO  server.RaftServerConfigKeys (ConfUtils.java:logGet(43)) - raft.server.storage.dir = [/workdir/hadoop-ozone/tools/target/test-dir/MiniOzoneClusterImpl-8fe7d595-2915-409e-b370-fd66cc380fe4/datanode-1/data/ratis] (custom)
2019-07-29 14:33:35,216 INFO  storage.RaftStorageDirectory (RaftStorageDirectory.java:analyzeStorage(246)) - The storage directory /workdir/hadoop-ozone/tools/target/test-dir/MiniOzoneClusterImpl-8fe7d595-2915-409e-b370-fd66cc380fe4/datanode-1/data/ratis/d63a9317-0637-4572-8e80-a089defe8efc does not exist. Creating ...
2019-07-29 14:33:35,230 INFO  storage.RaftStorageDirectory (RaftStorageDirectory.java:tryLock(328)) - Lock on /workdir/hadoop-ozone/tools/target/test-dir/MiniOzoneClusterImpl-8fe7d595-2915-409e-b370-fd66cc380fe4/datanode-1/data/ratis/d63a9317-0637-4572-8e80-a089defe8efc/in_use.lock acquired by nodename 22568@byscane-nightly-74r8j-3092971048
2019-07-29 14:33:35,243 INFO  storage.RaftStorage (RaftStorage.java:format(72)) - Storage directory /workdir/hadoop-ozone/tools/target/test-dir/MiniOzoneClusterImpl-8fe7d595-2915-409e-b370-fd66cc380fe4/datanode-1/data/ratis/d63a9317-0637-4572-8e80-a089defe8efc has been successfully formatted.
2019-07-29 14:33:35,245 INFO  ratis.ContainerStateMachine (ContainerStateMachine.java:loadSnapshot(213)) - group-A089DEFE8EFC: The snapshot info is null. Setting the last applied indexto:(t:0, i:~)
2019-07-29 14:33:35,246 INFO  server.RaftServerConfigKeys (ConfUtils.java:logGet(43)) - raft.server.leader.election.timeout = 120s (custom)
2019-07-29 14:33:35,246 INFO  server.RaftServerConfigKeys (ConfUtils.java:logGet(43)) - raft.server.log.use.memory = false (default)
2019-07-29 14:33:35,246 INFO  server.RaftServerConfigKeys (ConfUtils.java:logGet(43)) - raft.server.log.purge.gap = 1000000000 (custom)
2019-07-29 14:33:35,246 INFO  server.RaftServerConfigKeys (ConfUtils.java:logGet(43)) - raft.server.log.appender.buffer.byte-limit = 33554432 (custom)
2019-07-29 14:33:35,246 INFO  server.RaftServerConfigKeys (ConfUtils.java:logGet(43)) - raft.server.log.segment.size.max = 1048576 (custom)
2019-07-29 14:33:35,246 INFO  server.RaftServerConfigKeys (ConfUtils.java:logGet(43)) - raft.server.log.segment.cache.num.max = 2 (custom)
2019-07-29 14:33:35,247 INFO  segmented.SegmentedRaftLogWorker (SegmentedRaftLogWorker.java:<init>(172)) - new 1534a74e-331e-4cc7-94c9-298e830aa2fc-SegmentedRaftLogWorker:Storage Directory /workdir/hadoop-ozone/tools/target/test-dir/MiniOzoneClusterImpl-8fe7d595-2915-409e-b370-fd66cc380fe4/datanode-1/data/ratis/d63a9317-0637-4572-8e80-a089defe8efc for RaftStorage:Storage Directory /workdir/hadoop-ozone/tools/target/test-dir/MiniOzoneClusterImpl-8fe7d595-2915-409e-b370-fd66cc380fe4/datanode-1/data/ratis/d63a9317-0637-4572-8e80-a089defe8efc
2019-07-29 14:33:35,248 INFO  server.RaftServerConfigKeys (ConfUtils.java:logGet(43)) - raft.server.log.queue.byte-limit = 2147483647 (custom)
2019-07-29 14:33:35,248 INFO  server.RaftServerConfigKeys (ConfUtils.java:logGet(43)) - raft.server.log.queue.element-limit = 1024 (custom)
2019-07-29 14:33:35,248 INFO  server.RaftServerConfigKeys (ConfUtils.java:logGet(43)) - raft.server.log.segment.size.max = 1048576 (custom)
2019-07-29 14:33:35,248 INFO  server.RaftServerConfigKeys (ConfUtils.java:logGet(43)) - raft.server.log.preallocated.size = 16384 (custom)
2019-07-29 14:33:35,248 INFO  server.RaftServerConfigKeys (ConfUtils.java:logGet(43)) - raft.server.log.write.buffer.size = 33554432 (custom)
2019-07-29 14:33:35,249 INFO  server.RaftServerConfigKeys (ConfUtils.java:logGet(43)) - raft.server.log.force.sync.num = 128 (default)
2019-07-29 14:33:35,249 INFO  server.RaftServerConfigKeys (ConfUtils.java:logGet(43)) - raft.server.log.statemachine.data.sync = true (default)
2019-07-29 14:33:35,249 INFO  server.RaftServerConfigKeys (ConfUtils.java:logGet(43)) - raft.server.log.statemachine.data.sync.timeout = 10s (default)
2019-07-29 14:33:35,249 INFO  server.RaftServerConfigKeys (ConfUtils.java:logGet(43)) - raft.server.log.statemachine.data.sync.timeout.retry = -1 (default)
2019-07-29 14:33:35,249 INFO  server.RaftServerConfigKeys (ConfUtils.java:logGet(43)) - raft.server.log.statemachine.data.caching.enabled = true (custom)
2019-07-29 14:33:35,250 INFO  segmented.SegmentedRaftLogWorker (SegmentedRaftLogWorker.java:lambda$new$0(132)) - 1534a74e-331e-4cc7-94c9-298e830aa2fc-SegmentedRaftLogWorker:Storage Directory /workdir/hadoop-ozone/tools/target/test-dir/MiniOzoneClusterImpl-8fe7d595-2915-409e-b370-fd66cc380fe4/datanode-1/data/ratis/d63a9317-0637-4572-8e80-a089defe8efc: flushIndex: setUnconditionally 0 -> -1
2019-07-29 14:33:35,250 INFO  server.RaftServerConfigKeys (ConfUtils.java:logGet(43)) - raft.server.snapshot.auto.trigger.enabled = true (custom)
2019-07-29 14:33:35,250 INFO  server.RaftServerConfigKeys (ConfUtils.java:logGet(43)) - raft.server.snapshot.auto.trigger.threshold = 10000 (custom)
2019-07-29 14:33:35,250 INFO  server.RaftServerConfigKeys (ConfUtils.java:logGet(43)) - raft.server.retrycache.expirytime = 600000ms (custom)
2019-07-29 14:33:35,250 INFO  impl.RaftServerImpl (RaftServerImpl.java:start(180)) - 1534a74e-331e-4cc7-94c9-298e830aa2fc: start group-A089DEFE8EFC
2019-07-29 14:33:35,251 INFO  impl.RaftServerImpl (RaftServerImpl.java:setRole(171)) - 1534a74e-331e-4cc7-94c9-298e830aa2fc:group-A089DEFE8EFC changes role from null to FOLLOWER at term 0 for startAsFollower
2019-07-29 14:33:35,251 INFO  impl.RoleInfo (RoleInfo.java:updateAndGet(143)) - 1534a74e-331e-4cc7-94c9-298e830aa2fc: start FollowerState
2019-07-29 14:33:35,252 INFO  util.JmxRegister (JmxRegister.java:tryRegister(44)) - Successfully registered JMX Bean with object name Ratis:service=RaftServer,group=group-A089DEFE8EFC,id=1534a74e-331e-4cc7-94c9-298e830aa2fc
2019-07-29 14:33:35,263 INFO  pipeline.PipelineStateManager (PipelineStateManager.java:addPipeline(56)) - Created pipeline Pipeline[ Id: d63a9317-0637-4572-8e80-a089defe8efc, Nodes: 1534a74e-331e-4cc7-94c9-298e830aa2fc{ip: 192.168.69.100, host: byscane-nightly-74r8j-3092971048, networkLocation: /default-rack, certSerialId: null}, Type:RATIS, Factor:ONE, State:OPEN]
2019-07-29 14:33:35,277 INFO  impl.RaftServerProxy (RaftServerProxy.java:addNew(89)) - f129742c-a489-424c-8940-cb70e7f237f0: addNew group-494FA938B467:[f129742c-a489-424c-8940-cb70e7f237f0:192.168.69.100:46837] returns group-494FA938B467:java.util.concurrent.CompletableFuture@40338eee[Not completed]
2019-07-29 14:33:35,282 INFO  impl.RaftServerImpl (RaftServerImpl.java:<init>(93)) - f129742c-a489-424c-8940-cb70e7f237f0: new RaftServerImpl for group-494FA938B467:[f129742c-a489-424c-8940-cb70e7f237f0:192.168.69.100:46837] with ContainerStateMachine:uninitialized
2019-07-29 14:33:35,283 INFO  server.RaftServerConfigKeys (ConfUtils.java:logGet(43)) - raft.server.rpc.timeout.min = 5s (custom)
2019-07-29 14:33:35,283 INFO  server.RaftServerConfigKeys (ConfUtils.java:logGet(43)) - raft.server.rpc.timeout.max = 5200ms (custom)
2019-07-29 14:33:35,283 INFO  server.RaftServerConfigKeys (ConfUtils.java:logGet(43)) - raft.server.rpcslowness.timeout = 120s (custom)
2019-07-29 14:33:35,284 INFO  server.RaftServerConfigKeys (ConfUtils.java:logGet(43)) - raft.server.sleep.deviation.threshold = 300 (default)
2019-07-29 14:33:35,284 INFO  server.RaftServerConfigKeys (ConfUtils.java:logGet(43)) - raft.server.log.appender.install.snapshot.enabled = false (custom)
2019-07-29 14:33:35,284 INFO  impl.RaftServerImpl (ServerState.java:<init>(105)) - f129742c-a489-424c-8940-cb70e7f237f0:group-494FA938B467 ConfigurationManager, init=-1: [f129742c-a489-424c-8940-cb70e7f237f0:192.168.69.100:46837], old=null, confs=<EMPTY_MAP>
2019-07-29 14:33:35,284 INFO  server.RaftServerConfigKeys (ConfUtils.java:logGet(43)) - raft.server.storage.dir = [/workdir/hadoop-ozone/tools/target/test-dir/MiniOzoneClusterImpl-8fe7d595-2915-409e-b370-fd66cc380fe4/datanode-2/data/ratis] (custom)
2019-07-29 14:33:35,284 INFO  storage.RaftStorageDirectory (RaftStorageDirectory.java:analyzeStorage(246)) - The storage directory /workdir/hadoop-ozone/tools/target/test-dir/MiniOzoneClusterImpl-8fe7d595-2915-409e-b370-fd66cc380fe4/datanode-2/data/ratis/6a4fc86a-92b8-466b-ae07-494fa938b467 does not exist. Creating ...
2019-07-29 14:33:35,297 INFO  storage.RaftStorageDirectory (RaftStorageDirectory.java:tryLock(328)) - Lock on /workdir/hadoop-ozone/tools/target/test-dir/MiniOzoneClusterImpl-8fe7d595-2915-409e-b370-fd66cc380fe4/datanode-2/data/ratis/6a4fc86a-92b8-466b-ae07-494fa938b467/in_use.lock acquired by nodename 22568@byscane-nightly-74r8j-3092971048
2019-07-29 14:33:35,310 INFO  storage.RaftStorage (RaftStorage.java:format(72)) - Storage directory /workdir/hadoop-ozone/tools/target/test-dir/MiniOzoneClusterImpl-8fe7d595-2915-409e-b370-fd66cc380fe4/datanode-2/data/ratis/6a4fc86a-92b8-466b-ae07-494fa938b467 has been successfully formatted.
2019-07-29 14:33:35,311 INFO  ratis.ContainerStateMachine (ContainerStateMachine.java:loadSnapshot(213)) - group-494FA938B467: The snapshot info is null. Setting the last applied indexto:(t:0, i:~)
2019-07-29 14:33:35,311 INFO  server.RaftServerConfigKeys (ConfUtils.java:logGet(43)) - raft.server.leader.election.timeout = 120s (custom)
2019-07-29 14:33:35,311 INFO  server.RaftServerConfigKeys (ConfUtils.java:logGet(43)) - raft.server.log.use.memory = false (default)
2019-07-29 14:33:35,312 INFO  server.RaftServerConfigKeys (ConfUtils.java:logGet(43)) - raft.server.log.purge.gap = 1000000000 (custom)
2019-07-29 14:33:35,312 INFO  server.RaftServerConfigKeys (ConfUtils.java:logGet(43)) - raft.server.log.appender.buffer.byte-limit = 33554432 (custom)
2019-07-29 14:33:35,312 INFO  server.RaftServerConfigKeys (ConfUtils.java:logGet(43)) - raft.server.log.segment.size.max = 1048576 (custom)
2019-07-29 14:33:35,312 INFO  server.RaftServerConfigKeys (ConfUtils.java:logGet(43)) - raft.server.log.segment.cache.num.max = 2 (custom)
2019-07-29 14:33:35,313 INFO  segmented.SegmentedRaftLogWorker (SegmentedRaftLogWorker.java:<init>(172)) - new f129742c-a489-424c-8940-cb70e7f237f0-SegmentedRaftLogWorker:Storage Directory /workdir/hadoop-ozone/tools/target/test-dir/MiniOzoneClusterImpl-8fe7d595-2915-409e-b370-fd66cc380fe4/datanode-2/data/ratis/6a4fc86a-92b8-466b-ae07-494fa938b467 for RaftStorage:Storage Directory /workdir/hadoop-ozone/tools/target/test-dir/MiniOzoneClusterImpl-8fe7d595-2915-409e-b370-fd66cc380fe4/datanode-2/data/ratis/6a4fc86a-92b8-466b-ae07-494fa938b467
2019-07-29 14:33:35,313 INFO  server.RaftServerConfigKeys (ConfUtils.java:logGet(43)) - raft.server.log.queue.byte-limit = 2147483647 (custom)
2019-07-29 14:33:35,313 INFO  server.RaftServerConfigKeys (ConfUtils.java:logGet(43)) - raft.server.log.queue.element-limit = 1024 (custom)
2019-07-29 14:33:35,313 INFO  server.RaftServerConfigKeys (ConfUtils.java:logGet(43)) - raft.server.log.segment.size.max = 1048576 (custom)
2019-07-29 14:33:35,314 INFO  server.RaftServerConfigKeys (ConfUtils.java:logGet(43)) - raft.server.log.preallocated.size = 16384 (custom)
2019-07-29 14:33:35,314 INFO  server.RaftServerConfigKeys (ConfUtils.java:logGet(43)) - raft.server.log.write.buffer.size = 33554432 (custom)
2019-07-29 14:33:35,314 INFO  server.RaftServerConfigKeys (ConfUtils.java:logGet(43)) - raft.server.log.force.sync.num = 128 (default)
2019-07-29 14:33:35,314 INFO  server.RaftServerConfigKeys (ConfUtils.java:logGet(43)) - raft.server.log.statemachine.data.sync = true (default)
2019-07-29 14:33:35,315 INFO  server.RaftServerConfigKeys (ConfUtils.java:logGet(43)) - raft.server.log.statemachine.data.sync.timeout = 10s (default)
2019-07-29 14:33:35,315 INFO  server.RaftServerConfigKeys (ConfUtils.java:logGet(43)) - raft.server.log.statemachine.data.sync.timeout.retry = -1 (default)
2019-07-29 14:33:35,315 INFO  server.RaftServerConfigKeys (ConfUtils.java:logGet(43)) - raft.server.log.statemachine.data.caching.enabled = true (custom)
2019-07-29 14:33:35,316 INFO  segmented.SegmentedRaftLogWorker (SegmentedRaftLogWorker.java:lambda$new$0(132)) - f129742c-a489-424c-8940-cb70e7f237f0-SegmentedRaftLogWorker:Storage Directory /workdir/hadoop-ozone/tools/target/test-dir/MiniOzoneClusterImpl-8fe7d595-2915-409e-b370-fd66cc380fe4/datanode-2/data/ratis/6a4fc86a-92b8-466b-ae07-494fa938b467: flushIndex: setUnconditionally 0 -> -1
2019-07-29 14:33:35,316 INFO  server.RaftServerConfigKeys (ConfUtils.java:logGet(43)) - raft.server.snapshot.auto.trigger.enabled = true (custom)
2019-07-29 14:33:35,317 INFO  server.RaftServerConfigKeys (ConfUtils.java:logGet(43)) - raft.server.snapshot.auto.trigger.threshold = 10000 (custom)
2019-07-29 14:33:35,317 INFO  server.RaftServerConfigKeys (ConfUtils.java:logGet(43)) - raft.server.retrycache.expirytime = 600000ms (custom)
2019-07-29 14:33:35,317 INFO  impl.RaftServerImpl (RaftServerImpl.java:start(180)) - f129742c-a489-424c-8940-cb70e7f237f0: start group-494FA938B467
2019-07-29 14:33:35,317 INFO  impl.RaftServerImpl (RaftServerImpl.java:setRole(171)) - f129742c-a489-424c-8940-cb70e7f237f0:group-494FA938B467 changes role from null to FOLLOWER at term 0 for startAsFollower
2019-07-29 14:33:35,318 INFO  impl.RoleInfo (RoleInfo.java:updateAndGet(143)) - f129742c-a489-424c-8940-cb70e7f237f0: start FollowerState
2019-07-29 14:33:35,318 INFO  util.JmxRegister (JmxRegister.java:tryRegister(44)) - Successfully registered JMX Bean with object name Ratis:service=RaftServer,group=group-494FA938B467,id=f129742c-a489-424c-8940-cb70e7f237f0
2019-07-29 14:33:35,326 INFO  pipeline.PipelineStateManager (PipelineStateManager.java:addPipeline(56)) - Created pipeline Pipeline[ Id: 6a4fc86a-92b8-466b-ae07-494fa938b467, Nodes: f129742c-a489-424c-8940-cb70e7f237f0{ip: 192.168.69.100, host: byscane-nightly-74r8j-3092971048, networkLocation: /default-rack, certSerialId: null}, Type:RATIS, Factor:ONE, State:OPEN]
2019-07-29 14:33:35,355 INFO  impl.RaftServerProxy (RaftServerProxy.java:addNew(89)) - f129742c-a489-424c-8940-cb70e7f237f0: addNew group-D184CC43F738:[f129742c-a489-424c-8940-cb70e7f237f0:192.168.69.100:46837, 1534a74e-331e-4cc7-94c9-298e830aa2fc:192.168.69.100:35992, 48953a3b-fa19-4ad6-b043-99e199343f31:192.168.69.100:44513] returns group-D184CC43F738:java.util.concurrent.CompletableFuture@6eb44b79[Not completed]
2019-07-29 14:33:35,356 INFO  impl.RaftServerImpl (RaftServerImpl.java:<init>(93)) - 1534a74e-331e-4cc7-94c9-298e830aa2fc: new RaftServerImpl for group-D184CC43F738:[f129742c-a489-424c-8940-cb70e7f237f0:192.168.69.100:46837, 1534a74e-331e-4cc7-94c9-298e830aa2fc:192.168.69.100:35992, 48953a3b-fa19-4ad6-b043-99e199343f31:192.168.69.100:44513] with ContainerStateMachine:uninitialized
2019-07-29 14:33:35,357 INFO  server.RaftServerConfigKeys (ConfUtils.java:logGet(43)) - raft.server.rpc.timeout.min = 5s (custom)
2019-07-29 14:33:35,357 INFO  server.RaftServerConfigKeys (ConfUtils.java:logGet(43)) - raft.server.rpc.timeout.max = 5200ms (custom)
2019-07-29 14:33:35,357 INFO  server.RaftServerConfigKeys (ConfUtils.java:logGet(43)) - raft.server.rpcslowness.timeout = 120s (custom)
2019-07-29 14:33:35,357 INFO  server.RaftServerConfigKeys (ConfUtils.java:logGet(43)) - raft.server.sleep.deviation.threshold = 300 (default)
2019-07-29 14:33:35,357 INFO  impl.RaftServerImpl (RaftServerImpl.java:<init>(93)) - f129742c-a489-424c-8940-cb70e7f237f0: new RaftServerImpl for group-D184CC43F738:[f129742c-a489-424c-8940-cb70e7f237f0:192.168.69.100:46837, 1534a74e-331e-4cc7-94c9-298e830aa2fc:192.168.69.100:35992, 48953a3b-fa19-4ad6-b043-99e199343f31:192.168.69.100:44513] with ContainerStateMachine:uninitialized
2019-07-29 14:33:35,357 INFO  server.RaftServerConfigKeys (ConfUtils.java:logGet(43)) - raft.server.log.appender.install.snapshot.enabled = false (custom)
2019-07-29 14:33:35,358 INFO  impl.RaftServerImpl (ServerState.java:<init>(105)) - 1534a74e-331e-4cc7-94c9-298e830aa2fc:group-D184CC43F738 ConfigurationManager, init=-1: [f129742c-a489-424c-8940-cb70e7f237f0:192.168.69.100:46837, 1534a74e-331e-4cc7-94c9-298e830aa2fc:192.168.69.100:35992, 48953a3b-fa19-4ad6-b043-99e199343f31:192.168.69.100:44513], old=null, confs=<EMPTY_MAP>
2019-07-29 14:33:35,358 INFO  server.RaftServerConfigKeys (ConfUtils.java:logGet(43)) - raft.server.storage.dir = [/workdir/hadoop-ozone/tools/target/test-dir/MiniOzoneClusterImpl-8fe7d595-2915-409e-b370-fd66cc380fe4/datanode-1/data/ratis] (custom)
2019-07-29 14:33:35,358 INFO  storage.RaftStorageDirectory (RaftStorageDirectory.java:analyzeStorage(246)) - The storage directory /workdir/hadoop-ozone/tools/target/test-dir/MiniOzoneClusterImpl-8fe7d595-2915-409e-b370-fd66cc380fe4/datanode-1/data/ratis/2ca0de00-176d-4da4-bf17-d184cc43f738 does not exist. Creating ...
2019-07-29 14:33:35,358 INFO  server.RaftServerConfigKeys (ConfUtils.java:logGet(43)) - raft.server.rpc.timeout.min = 5s (custom)
2019-07-29 14:33:35,359 INFO  server.RaftServerConfigKeys (ConfUtils.java:logGet(43)) - raft.server.rpc.timeout.max = 5200ms (custom)
2019-07-29 14:33:35,359 INFO  impl.RaftServerProxy (RaftServerProxy.java:addNew(89)) - 1534a74e-331e-4cc7-94c9-298e830aa2fc: addNew group-D184CC43F738:[f129742c-a489-424c-8940-cb70e7f237f0:192.168.69.100:46837, 1534a74e-331e-4cc7-94c9-298e830aa2fc:192.168.69.100:35992, 48953a3b-fa19-4ad6-b043-99e199343f31:192.168.69.100:44513] returns group-D184CC43F738:java.util.concurrent.CompletableFuture@2f9087c2[Not completed]
2019-07-29 14:33:35,360 INFO  impl.RaftServerProxy (RaftServerProxy.java:addNew(89)) - 48953a3b-fa19-4ad6-b043-99e199343f31: addNew group-D184CC43F738:[f129742c-a489-424c-8940-cb70e7f237f0:192.168.69.100:46837, 1534a74e-331e-4cc7-94c9-298e830aa2fc:192.168.69.100:35992, 48953a3b-fa19-4ad6-b043-99e199343f31:192.168.69.100:44513] returns group-D184CC43F738:java.util.concurrent.CompletableFuture@608935d1[Not completed]
2019-07-29 14:33:35,362 INFO  impl.RaftServerImpl (RaftServerImpl.java:<init>(93)) - 48953a3b-fa19-4ad6-b043-99e199343f31: new RaftServerImpl for group-D184CC43F738:[f129742c-a489-424c-8940-cb70e7f237f0:192.168.69.100:46837, 1534a74e-331e-4cc7-94c9-298e830aa2fc:192.168.69.100:35992, 48953a3b-fa19-4ad6-b043-99e199343f31:192.168.69.100:44513] with ContainerStateMachine:uninitialized
2019-07-29 14:33:35,362 INFO  server.RaftServerConfigKeys (ConfUtils.java:logGet(43)) - raft.server.rpc.timeout.min = 5s (custom)
2019-07-29 14:33:35,362 INFO  server.RaftServerConfigKeys (ConfUtils.java:logGet(43)) - raft.server.rpcslowness.timeout = 120s (custom)
2019-07-29 14:33:35,362 INFO  server.RaftServerConfigKeys (ConfUtils.java:logGet(43)) - raft.server.rpc.timeout.max = 5200ms (custom)
2019-07-29 14:33:35,362 INFO  server.RaftServerConfigKeys (ConfUtils.java:logGet(43)) - raft.server.sleep.deviation.threshold = 300 (default)
2019-07-29 14:33:35,363 INFO  server.RaftServerConfigKeys (ConfUtils.java:logGet(43)) - raft.server.rpcslowness.timeout = 120s (custom)
2019-07-29 14:33:35,363 INFO  server.RaftServerConfigKeys (ConfUtils.java:logGet(43)) - raft.server.sleep.deviation.threshold = 300 (default)
2019-07-29 14:33:35,363 INFO  server.RaftServerConfigKeys (ConfUtils.java:logGet(43)) - raft.server.log.appender.install.snapshot.enabled = false (custom)
2019-07-29 14:33:35,363 INFO  impl.RaftServerImpl (ServerState.java:<init>(105)) - 48953a3b-fa19-4ad6-b043-99e199343f31:group-D184CC43F738 ConfigurationManager, init=-1: [f129742c-a489-424c-8940-cb70e7f237f0:192.168.69.100:46837, 1534a74e-331e-4cc7-94c9-298e830aa2fc:192.168.69.100:35992, 48953a3b-fa19-4ad6-b043-99e199343f31:192.168.69.100:44513], old=null, confs=<EMPTY_MAP>
2019-07-29 14:33:35,363 INFO  server.RaftServerConfigKeys (ConfUtils.java:logGet(43)) - raft.server.storage.dir = [/workdir/hadoop-ozone/tools/target/test-dir/MiniOzoneClusterImpl-8fe7d595-2915-409e-b370-fd66cc380fe4/datanode-0/data/ratis] (custom)
2019-07-29 14:33:35,363 INFO  storage.RaftStorageDirectory (RaftStorageDirectory.java:analyzeStorage(246)) - The storage directory /workdir/hadoop-ozone/tools/target/test-dir/MiniOzoneClusterImpl-8fe7d595-2915-409e-b370-fd66cc380fe4/datanode-0/data/ratis/2ca0de00-176d-4da4-bf17-d184cc43f738 does not exist. Creating ...
2019-07-29 14:33:35,363 INFO  server.RaftServerConfigKeys (ConfUtils.java:logGet(43)) - raft.server.log.appender.install.snapshot.enabled = false (custom)
2019-07-29 14:33:35,364 INFO  impl.RaftServerImpl (ServerState.java:<init>(105)) - f129742c-a489-424c-8940-cb70e7f237f0:group-D184CC43F738 ConfigurationManager, init=-1: [f129742c-a489-424c-8940-cb70e7f237f0:192.168.69.100:46837, 1534a74e-331e-4cc7-94c9-298e830aa2fc:192.168.69.100:35992, 48953a3b-fa19-4ad6-b043-99e199343f31:192.168.69.100:44513], old=null, confs=<EMPTY_MAP>
2019-07-29 14:33:35,364 INFO  server.RaftServerConfigKeys (ConfUtils.java:logGet(43)) - raft.server.storage.dir = [/workdir/hadoop-ozone/tools/target/test-dir/MiniOzoneClusterImpl-8fe7d595-2915-409e-b370-fd66cc380fe4/datanode-2/data/ratis] (custom)
2019-07-29 14:33:35,364 INFO  storage.RaftStorageDirectory (RaftStorageDirectory.java:analyzeStorage(246)) - The storage directory /workdir/hadoop-ozone/tools/target/test-dir/MiniOzoneClusterImpl-8fe7d595-2915-409e-b370-fd66cc380fe4/datanode-2/data/ratis/2ca0de00-176d-4da4-bf17-d184cc43f738 does not exist. Creating ...
2019-07-29 14:33:35,372 INFO  storage.RaftStorageDirectory (RaftStorageDirectory.java:tryLock(328)) - Lock on /workdir/hadoop-ozone/tools/target/test-dir/MiniOzoneClusterImpl-8fe7d595-2915-409e-b370-fd66cc380fe4/datanode-2/data/ratis/2ca0de00-176d-4da4-bf17-d184cc43f738/in_use.lock acquired by nodename 22568@byscane-nightly-74r8j-3092971048
2019-07-29 14:33:35,372 INFO  storage.RaftStorageDirectory (RaftStorageDirectory.java:tryLock(328)) - Lock on /workdir/hadoop-ozone/tools/target/test-dir/MiniOzoneClusterImpl-8fe7d595-2915-409e-b370-fd66cc380fe4/datanode-0/data/ratis/2ca0de00-176d-4da4-bf17-d184cc43f738/in_use.lock acquired by nodename 22568@byscane-nightly-74r8j-3092971048
2019-07-29 14:33:35,372 INFO  storage.RaftStorageDirectory (RaftStorageDirectory.java:tryLock(328)) - Lock on /workdir/hadoop-ozone/tools/target/test-dir/MiniOzoneClusterImpl-8fe7d595-2915-409e-b370-fd66cc380fe4/datanode-1/data/ratis/2ca0de00-176d-4da4-bf17-d184cc43f738/in_use.lock acquired by nodename 22568@byscane-nightly-74r8j-3092971048
2019-07-29 14:33:35,386 INFO  storage.RaftStorage (RaftStorage.java:format(72)) - Storage directory /workdir/hadoop-ozone/tools/target/test-dir/MiniOzoneClusterImpl-8fe7d595-2915-409e-b370-fd66cc380fe4/datanode-2/data/ratis/2ca0de00-176d-4da4-bf17-d184cc43f738 has been successfully formatted.
2019-07-29 14:33:35,386 INFO  storage.RaftStorage (RaftStorage.java:format(72)) - Storage directory /workdir/hadoop-ozone/tools/target/test-dir/MiniOzoneClusterImpl-8fe7d595-2915-409e-b370-fd66cc380fe4/datanode-0/data/ratis/2ca0de00-176d-4da4-bf17-d184cc43f738 has been successfully formatted.
2019-07-29 14:33:35,386 INFO  storage.RaftStorage (RaftStorage.java:format(72)) - Storage directory /workdir/hadoop-ozone/tools/target/test-dir/MiniOzoneClusterImpl-8fe7d595-2915-409e-b370-fd66cc380fe4/datanode-1/data/ratis/2ca0de00-176d-4da4-bf17-d184cc43f738 has been successfully formatted.
2019-07-29 14:33:35,387 INFO  ratis.ContainerStateMachine (ContainerStateMachine.java:loadSnapshot(213)) - group-D184CC43F738: The snapshot info is null. Setting the last applied indexto:(t:0, i:~)
2019-07-29 14:33:35,387 INFO  ratis.ContainerStateMachine (ContainerStateMachine.java:loadSnapshot(213)) - group-D184CC43F738: The snapshot info is null. Setting the last applied indexto:(t:0, i:~)
2019-07-29 14:33:35,387 INFO  server.RaftServerConfigKeys (ConfUtils.java:logGet(43)) - raft.server.leader.election.timeout = 120s (custom)
2019-07-29 14:33:35,387 INFO  server.RaftServerConfigKeys (ConfUtils.java:logGet(43)) - raft.server.leader.election.timeout = 120s (custom)
2019-07-29 14:33:35,387 INFO  ratis.ContainerStateMachine (ContainerStateMachine.java:loadSnapshot(213)) - group-D184CC43F738: The snapshot info is null. Setting the last applied indexto:(t:0, i:~)
2019-07-29 14:33:35,387 INFO  server.RaftServerConfigKeys (ConfUtils.java:logGet(43)) - raft.server.leader.election.timeout = 120s (custom)
2019-07-29 14:33:35,387 INFO  server.RaftServerConfigKeys (ConfUtils.java:logGet(43)) - raft.server.log.use.memory = false (default)
2019-07-29 14:33:35,388 INFO  server.RaftServerConfigKeys (ConfUtils.java:logGet(43)) - raft.server.log.purge.gap = 1000000000 (custom)
2019-07-29 14:33:35,388 INFO  server.RaftServerConfigKeys (ConfUtils.java:logGet(43)) - raft.server.log.appender.buffer.byte-limit = 33554432 (custom)
2019-07-29 14:33:35,388 INFO  server.RaftServerConfigKeys (ConfUtils.java:logGet(43)) - raft.server.log.segment.size.max = 1048576 (custom)
2019-07-29 14:33:35,387 INFO  server.RaftServerConfigKeys (ConfUtils.java:logGet(43)) - raft.server.log.use.memory = false (default)
2019-07-29 14:33:35,387 INFO  server.RaftServerConfigKeys (ConfUtils.java:logGet(43)) - raft.server.log.use.memory = false (default)
2019-07-29 14:33:35,388 INFO  server.RaftServerConfigKeys (ConfUtils.java:logGet(43)) - raft.server.log.purge.gap = 1000000000 (custom)
2019-07-29 14:33:35,388 INFO  server.RaftServerConfigKeys (ConfUtils.java:logGet(43)) - raft.server.log.segment.cache.num.max = 2 (custom)
2019-07-29 14:33:35,389 INFO  server.RaftServerConfigKeys (ConfUtils.java:logGet(43)) - raft.server.log.appender.buffer.byte-limit = 33554432 (custom)
2019-07-29 14:33:35,388 INFO  server.RaftServerConfigKeys (ConfUtils.java:logGet(43)) - raft.server.log.purge.gap = 1000000000 (custom)
2019-07-29 14:33:35,389 INFO  server.RaftServerConfigKeys (ConfUtils.java:logGet(43)) - raft.server.log.segment.size.max = 1048576 (custom)
2019-07-29 14:33:35,389 INFO  segmented.SegmentedRaftLogWorker (SegmentedRaftLogWorker.java:<init>(172)) - new 1534a74e-331e-4cc7-94c9-298e830aa2fc-SegmentedRaftLogWorker:Storage Directory /workdir/hadoop-ozone/tools/target/test-dir/MiniOzoneClusterImpl-8fe7d595-2915-409e-b370-fd66cc380fe4/datanode-1/data/ratis/2ca0de00-176d-4da4-bf17-d184cc43f738 for RaftStorage:Storage Directory /workdir/hadoop-ozone/tools/target/test-dir/MiniOzoneClusterImpl-8fe7d595-2915-409e-b370-fd66cc380fe4/datanode-1/data/ratis/2ca0de00-176d-4da4-bf17-d184cc43f738
2019-07-29 14:33:35,389 INFO  server.RaftServerConfigKeys (ConfUtils.java:logGet(43)) - raft.server.log.queue.byte-limit = 2147483647 (custom)
2019-07-29 14:33:35,389 INFO  server.RaftServerConfigKeys (ConfUtils.java:logGet(43)) - raft.server.log.queue.element-limit = 1024 (custom)
2019-07-29 14:33:35,390 INFO  server.RaftServerConfigKeys (ConfUtils.java:logGet(43)) - raft.server.log.segment.size.max = 1048576 (custom)
2019-07-29 14:33:35,390 INFO  server.RaftServerConfigKeys (ConfUtils.java:logGet(43)) - raft.server.log.preallocated.size = 16384 (custom)
2019-07-29 14:33:35,390 INFO  server.RaftServerConfigKeys (ConfUtils.java:logGet(43)) - raft.server.log.write.buffer.size = 33554432 (custom)
2019-07-29 14:33:35,390 INFO  server.RaftServerConfigKeys (ConfUtils.java:logGet(43)) - raft.server.log.force.sync.num = 128 (default)
2019-07-29 14:33:35,390 INFO  server.RaftServerConfigKeys (ConfUtils.java:logGet(43)) - raft.server.log.statemachine.data.sync = true (default)
2019-07-29 14:33:35,390 INFO  server.RaftServerConfigKeys (ConfUtils.java:logGet(43)) - raft.server.log.statemachine.data.sync.timeout = 10s (default)
2019-07-29 14:33:35,391 INFO  server.RaftServerConfigKeys (ConfUtils.java:logGet(43)) - raft.server.log.statemachine.data.sync.timeout.retry = -1 (default)
2019-07-29 14:33:35,391 INFO  server.RaftServerConfigKeys (ConfUtils.java:logGet(43)) - raft.server.log.statemachine.data.caching.enabled = true (custom)
2019-07-29 14:33:35,391 INFO  segmented.SegmentedRaftLogWorker (SegmentedRaftLogWorker.java:lambda$new$0(132)) - 1534a74e-331e-4cc7-94c9-298e830aa2fc-SegmentedRaftLogWorker:Storage Directory /workdir/hadoop-ozone/tools/target/test-dir/MiniOzoneClusterImpl-8fe7d595-2915-409e-b370-fd66cc380fe4/datanode-1/data/ratis/2ca0de00-176d-4da4-bf17-d184cc43f738: flushIndex: setUnconditionally 0 -> -1
2019-07-29 14:33:35,389 INFO  server.RaftServerConfigKeys (ConfUtils.java:logGet(43)) - raft.server.log.segment.cache.num.max = 2 (custom)
2019-07-29 14:33:35,389 INFO  server.RaftServerConfigKeys (ConfUtils.java:logGet(43)) - raft.server.log.appender.buffer.byte-limit = 33554432 (custom)
2019-07-29 14:33:35,393 INFO  segmented.SegmentedRaftLogWorker (SegmentedRaftLogWorker.java:<init>(172)) - new 48953a3b-fa19-4ad6-b043-99e199343f31-SegmentedRaftLogWorker:Storage Directory /workdir/hadoop-ozone/tools/target/test-dir/MiniOzoneClusterImpl-8fe7d595-2915-409e-b370-fd66cc380fe4/datanode-0/data/ratis/2ca0de00-176d-4da4-bf17-d184cc43f738 for RaftStorage:Storage Directory /workdir/hadoop-ozone/tools/target/test-dir/MiniOzoneClusterImpl-8fe7d595-2915-409e-b370-fd66cc380fe4/datanode-0/data/ratis/2ca0de00-176d-4da4-bf17-d184cc43f738
2019-07-29 14:33:35,393 INFO  server.RaftServerConfigKeys (ConfUtils.java:logGet(43)) - raft.server.snapshot.auto.trigger.enabled = true (custom)
2019-07-29 14:33:35,394 INFO  server.RaftServerConfigKeys (ConfUtils.java:logGet(43)) - raft.server.log.queue.byte-limit = 2147483647 (custom)
2019-07-29 14:33:35,394 INFO  server.RaftServerConfigKeys (ConfUtils.java:logGet(43)) - raft.server.log.segment.size.max = 1048576 (custom)
2019-07-29 14:33:35,395 INFO  server.RaftServerConfigKeys (ConfUtils.java:logGet(43)) - raft.server.log.queue.element-limit = 1024 (custom)
2019-07-29 14:33:35,394 INFO  server.RaftServerConfigKeys (ConfUtils.java:logGet(43)) - raft.server.snapshot.auto.trigger.threshold = 10000 (custom)
2019-07-29 14:33:35,395 INFO  server.RaftServerConfigKeys (ConfUtils.java:logGet(43)) - raft.server.log.segment.size.max = 1048576 (custom)
2019-07-29 14:33:35,395 INFO  server.RaftServerConfigKeys (ConfUtils.java:logGet(43)) - raft.server.log.segment.cache.num.max = 2 (custom)
2019-07-29 14:33:35,395 INFO  server.RaftServerConfigKeys (ConfUtils.java:logGet(43)) - raft.server.log.preallocated.size = 16384 (custom)
2019-07-29 14:33:35,395 INFO  server.RaftServerConfigKeys (ConfUtils.java:logGet(43)) - raft.server.retrycache.expirytime = 600000ms (custom)
2019-07-29 14:33:35,395 INFO  server.RaftServerConfigKeys (ConfUtils.java:logGet(43)) - raft.server.log.write.buffer.size = 33554432 (custom)
2019-07-29 14:33:35,395 INFO  segmented.SegmentedRaftLogWorker (SegmentedRaftLogWorker.java:<init>(172)) - new f129742c-a489-424c-8940-cb70e7f237f0-SegmentedRaftLogWorker:Storage Directory /workdir/hadoop-ozone/tools/target/test-dir/MiniOzoneClusterImpl-8fe7d595-2915-409e-b370-fd66cc380fe4/datanode-2/data/ratis/2ca0de00-176d-4da4-bf17-d184cc43f738 for RaftStorage:Storage Directory /workdir/hadoop-ozone/tools/target/test-dir/MiniOzoneClusterImpl-8fe7d595-2915-409e-b370-fd66cc380fe4/datanode-2/data/ratis/2ca0de00-176d-4da4-bf17-d184cc43f738
2019-07-29 14:33:35,396 INFO  server.RaftServerConfigKeys (ConfUtils.java:logGet(43)) - raft.server.log.force.sync.num = 128 (default)
2019-07-29 14:33:35,396 INFO  impl.RaftServerImpl (RaftServerImpl.java:start(180)) - 1534a74e-331e-4cc7-94c9-298e830aa2fc: start group-D184CC43F738
2019-07-29 14:33:35,396 INFO  server.RaftServerConfigKeys (ConfUtils.java:logGet(43)) - raft.server.log.statemachine.data.sync = true (default)
2019-07-29 14:33:35,396 INFO  server.RaftServerConfigKeys (ConfUtils.java:logGet(43)) - raft.server.log.queue.byte-limit = 2147483647 (custom)
2019-07-29 14:33:35,397 INFO  server.RaftServerConfigKeys (ConfUtils.java:logGet(43)) - raft.server.log.statemachine.data.sync.timeout = 10s (default)
2019-07-29 14:33:35,396 INFO  impl.RaftServerImpl (RaftServerImpl.java:setRole(171)) - 1534a74e-331e-4cc7-94c9-298e830aa2fc:group-D184CC43F738 changes role from null to FOLLOWER at term 0 for startAsFollower
2019-07-29 14:33:35,397 INFO  server.RaftServerConfigKeys (ConfUtils.java:logGet(43)) - raft.server.log.statemachine.data.sync.timeout.retry = -1 (default)
2019-07-29 14:33:35,397 INFO  server.RaftServerConfigKeys (ConfUtils.java:logGet(43)) - raft.server.log.queue.element-limit = 1024 (custom)
2019-07-29 14:33:35,397 INFO  server.RaftServerConfigKeys (ConfUtils.java:logGet(43)) - raft.server.log.statemachine.data.caching.enabled = true (custom)
2019-07-29 14:33:35,397 INFO  impl.RoleInfo (RoleInfo.java:updateAndGet(143)) - 1534a74e-331e-4cc7-94c9-298e830aa2fc: start FollowerState
2019-07-29 14:33:35,397 INFO  server.RaftServerConfigKeys (ConfUtils.java:logGet(43)) - raft.server.log.segment.size.max = 1048576 (custom)
2019-07-29 14:33:35,397 INFO  server.RaftServerConfigKeys (ConfUtils.java:logGet(43)) - raft.server.log.preallocated.size = 16384 (custom)
2019-07-29 14:33:35,397 INFO  segmented.SegmentedRaftLogWorker (SegmentedRaftLogWorker.java:lambda$new$0(132)) - 48953a3b-fa19-4ad6-b043-99e199343f31-SegmentedRaftLogWorker:Storage Directory /workdir/hadoop-ozone/tools/target/test-dir/MiniOzoneClusterImpl-8fe7d595-2915-409e-b370-fd66cc380fe4/datanode-0/data/ratis/2ca0de00-176d-4da4-bf17-d184cc43f738: flushIndex: setUnconditionally 0 -> -1
2019-07-29 14:33:35,397 INFO  util.JmxRegister (JmxRegister.java:tryRegister(44)) - Successfully registered JMX Bean with object name Ratis:service=RaftServer,group=group-D184CC43F738,id=1534a74e-331e-4cc7-94c9-298e830aa2fc
2019-07-29 14:33:35,397 INFO  server.RaftServerConfigKeys (ConfUtils.java:logGet(43)) - raft.server.log.write.buffer.size = 33554432 (custom)
2019-07-29 14:33:35,398 INFO  server.RaftServerConfigKeys (ConfUtils.java:logGet(43)) - raft.server.snapshot.auto.trigger.enabled = true (custom)
2019-07-29 14:33:35,398 INFO  server.RaftServerConfigKeys (ConfUtils.java:logGet(43)) - raft.server.log.force.sync.num = 128 (default)
2019-07-29 14:33:35,398 INFO  server.RaftServerConfigKeys (ConfUtils.java:logGet(43)) - raft.server.snapshot.auto.trigger.threshold = 10000 (custom)
2019-07-29 14:33:35,398 INFO  server.RaftServerConfigKeys (ConfUtils.java:logGet(43)) - raft.server.log.statemachine.data.sync = true (default)
2019-07-29 14:33:35,398 INFO  server.RaftServerConfigKeys (ConfUtils.java:logGet(43)) - raft.server.retrycache.expirytime = 600000ms (custom)
2019-07-29 14:33:35,398 INFO  server.RaftServerConfigKeys (ConfUtils.java:logGet(43)) - raft.server.log.statemachine.data.sync.timeout = 10s (default)
2019-07-29 14:33:35,398 INFO  impl.RaftServerImpl (RaftServerImpl.java:start(180)) - 48953a3b-fa19-4ad6-b043-99e199343f31: start group-D184CC43F738
2019-07-29 14:33:35,398 INFO  server.RaftServerConfigKeys (ConfUtils.java:logGet(43)) - raft.server.log.statemachine.data.sync.timeout.retry = -1 (default)
2019-07-29 14:33:35,398 INFO  impl.RaftServerImpl (RaftServerImpl.java:setRole(171)) - 48953a3b-fa19-4ad6-b043-99e199343f31:group-D184CC43F738 changes role from null to FOLLOWER at term 0 for startAsFollower
2019-07-29 14:33:35,399 INFO  server.RaftServerConfigKeys (ConfUtils.java:logGet(43)) - raft.server.log.statemachine.data.caching.enabled = true (custom)
2019-07-29 14:33:35,399 INFO  impl.RoleInfo (RoleInfo.java:updateAndGet(143)) - 48953a3b-fa19-4ad6-b043-99e199343f31: start FollowerState
2019-07-29 14:33:35,400 INFO  segmented.SegmentedRaftLogWorker (SegmentedRaftLogWorker.java:lambda$new$0(132)) - f129742c-a489-424c-8940-cb70e7f237f0-SegmentedRaftLogWorker:Storage Directory /workdir/hadoop-ozone/tools/target/test-dir/MiniOzoneClusterImpl-8fe7d595-2915-409e-b370-fd66cc380fe4/datanode-2/data/ratis/2ca0de00-176d-4da4-bf17-d184cc43f738: flushIndex: setUnconditionally 0 -> -1
2019-07-29 14:33:35,400 INFO  server.RaftServerConfigKeys (ConfUtils.java:logGet(43)) - raft.server.snapshot.auto.trigger.enabled = true (custom)
2019-07-29 14:33:35,400 INFO  util.JmxRegister (JmxRegister.java:tryRegister(44)) - Successfully registered JMX Bean with object name Ratis:service=RaftServer,group=group-D184CC43F738,id=48953a3b-fa19-4ad6-b043-99e199343f31
2019-07-29 14:33:35,401 INFO  server.RaftServerConfigKeys (ConfUtils.java:logGet(43)) - raft.server.snapshot.auto.trigger.threshold = 10000 (custom)
2019-07-29 14:33:35,402 INFO  server.RaftServerConfigKeys (ConfUtils.java:logGet(43)) - raft.server.retrycache.expirytime = 600000ms (custom)
2019-07-29 14:33:35,402 INFO  impl.RaftServerImpl (RaftServerImpl.java:start(180)) - f129742c-a489-424c-8940-cb70e7f237f0: start group-D184CC43F738
2019-07-29 14:33:35,402 INFO  impl.RaftServerImpl (RaftServerImpl.java:setRole(171)) - f129742c-a489-424c-8940-cb70e7f237f0:group-D184CC43F738 changes role from null to FOLLOWER at term 0 for startAsFollower
2019-07-29 14:33:35,403 INFO  impl.RoleInfo (RoleInfo.java:updateAndGet(143)) - f129742c-a489-424c-8940-cb70e7f237f0: start FollowerState
2019-07-29 14:33:35,404 INFO  util.JmxRegister (JmxRegister.java:tryRegister(44)) - Successfully registered JMX Bean with object name Ratis:service=RaftServer,group=group-D184CC43F738,id=f129742c-a489-424c-8940-cb70e7f237f0
2019-07-29 14:33:35,415 INFO  pipeline.PipelineStateManager (PipelineStateManager.java:addPipeline(56)) - Created pipeline Pipeline[ Id: 2ca0de00-176d-4da4-bf17-d184cc43f738, Nodes: 1534a74e-331e-4cc7-94c9-298e830aa2fc{ip: 192.168.69.100, host: byscane-nightly-74r8j-3092971048, networkLocation: /default-rack, certSerialId: null}f129742c-a489-424c-8940-cb70e7f237f0{ip: 192.168.69.100, host: byscane-nightly-74r8j-3092971048, networkLocation: /default-rack, certSerialId: null}48953a3b-fa19-4ad6-b043-99e199343f31{ip: 192.168.69.100, host: byscane-nightly-74r8j-3092971048, networkLocation: /default-rack, certSerialId: null}, Type:RATIS, Factor:THREE, State:OPEN]
2019-07-29 14:33:35,531 INFO  ozone.MiniOzoneClusterImpl (MiniOzoneClusterImpl.java:lambda$waitForClusterToBeReady$0(142)) - Cluster is ready. Got 3 of 3 DN Heartbeats.
2019-07-29 14:33:35,900 INFO  freon.RandomKeyGenerator (RandomKeyGenerator.java:call(278)) - Number of Threads: 10
2019-07-29 14:33:35,901 INFO  freon.RandomKeyGenerator (RandomKeyGenerator.java:call(283)) - Number of Volumes: 1.
2019-07-29 14:33:35,901 INFO  freon.RandomKeyGenerator (RandomKeyGenerator.java:call(284)) - Number of Buckets per Volume: 1.
2019-07-29 14:33:35,901 INFO  freon.RandomKeyGenerator (RandomKeyGenerator.java:call(285)) - Number of Keys per Bucket: 1.
2019-07-29 14:33:35,901 INFO  freon.RandomKeyGenerator (RandomKeyGenerator.java:call(286)) - Key size: 20971520 bytes
2019-07-29 14:33:35,901 INFO  freon.RandomKeyGenerator (RandomKeyGenerator.java:call(287)) - Buffer size: 4096 bytes
2019-07-29 14:33:35,904 INFO  freon.RandomKeyGenerator (RandomKeyGenerator.java:call(301)) - Data validation is enabled.
2019-07-29 14:33:35,906 INFO  freon.RandomKeyGenerator (RandomKeyGenerator.java:call(307)) - Starting progress bar Thread.

 0.00% |█                                                                                                    |  0/1 Time: 0:00:002019-07-29 14:33:35,927 INFO  rpc.RpcClient (RpcClient.java:createVolume(288)) - Creating Volume: vol-0-36450, with jenkins1000 as owner.
2019-07-29 14:33:35,976 INFO  rpc.RpcClient (RpcClient.java:createBucket(425)) - Creating Bucket: vol-0-36450/bucket-0-79309, with Versioning false and Storage Type set to DISK and Encryption set to false 
2019-07-29 14:33:36,131 INFO  impl.MetricsSystemImpl (MetricsSystemImpl.java:init(158)) - XceiverClientMetrics metrics system started (again)
2019-07-29 14:33:36,267 INFO  client.GrpcClientProtocolClient (GrpcClientProtocolClient.java:onNext(255)) - client-6FBE985626B9->1534a74e-331e-4cc7-94c9-298e830aa2fc: receive RaftClientReply:client-6FBE985626B9->1534a74e-331e-4cc7-94c9-298e830aa2fc@group-D184CC43F738, cid=6, FAILED org.apache.ratis.protocol.NotLeaderException: Server 1534a74e-331e-4cc7-94c9-298e830aa2fc is not the leader (null). Request must be sent to leader., logIndex=0, commits[1534a74e-331e-4cc7-94c9-298e830aa2fc:c-1]
 0.00% |█                                                                                                    |  0/1 Time: 0:00:012019-07-29 14:33:37,145 INFO  container.ReplicationManager (ReplicationManager.java:start(155)) - Starting Replication Monitor Thread.
2019-07-29 14:33:37,147 INFO  container.ReplicationManager (ReplicationManager.java:run(207)) - Replication Monitor Thread took 1 milliseconds for processing 3 containers.
2019-07-29 14:33:37,304 INFO  client.GrpcClientProtocolClient (GrpcClientProtocolClient.java:onNext(255)) - client-6FBE985626B9->f129742c-a489-424c-8940-cb70e7f237f0: receive RaftClientReply:client-6FBE985626B9->f129742c-a489-424c-8940-cb70e7f237f0@group-D184CC43F738, cid=6, FAILED org.apache.ratis.protocol.NotLeaderException: Server f129742c-a489-424c-8940-cb70e7f237f0 is not the leader (null). Request must be sent to leader., logIndex=0, commits[f129742c-a489-424c-8940-cb70e7f237f0:c-1]
 0.00% |█                                                                                                    |  0/1 Time: 0:00:022019-07-29 14:33:38,342 INFO  client.GrpcClientProtocolClient (GrpcClientProtocolClient.java:onNext(255)) - client-6FBE985626B9->48953a3b-fa19-4ad6-b043-99e199343f31: receive RaftClientReply:client-6FBE985626B9->48953a3b-fa19-4ad6-b043-99e199343f31@group-D184CC43F738, cid=6, FAILED org.apache.ratis.protocol.NotLeaderException: Server 48953a3b-fa19-4ad6-b043-99e199343f31 is not the leader (null). Request must be sent to leader., logIndex=0, commits[48953a3b-fa19-4ad6-b043-99e199343f31:c-1]
 0.00% |█                                                                                                    |  0/1 Time: 0:00:032019-07-29 14:33:39,372 INFO  client.GrpcClientProtocolClient (GrpcClientProtocolClient.java:onNext(255)) - client-6FBE985626B9->1534a74e-331e-4cc7-94c9-298e830aa2fc: receive RaftClientReply:client-6FBE985626B9->1534a74e-331e-4cc7-94c9-298e830aa2fc@group-D184CC43F738, cid=6, FAILED org.apache.ratis.protocol.NotLeaderException: Server 1534a74e-331e-4cc7-94c9-298e830aa2fc is not the leader (null). Request must be sent to leader., logIndex=0, commits[1534a74e-331e-4cc7-94c9-298e830aa2fc:c-1]
 0.00% |█                                                                                                    |  0/1 Time: 0:00:042019-07-29 14:33:40,106 INFO  impl.FollowerState (FollowerState.java:run(106)) - 48953a3b-fa19-4ad6-b043-99e199343f31:group-477B1D324AF0 changes to CANDIDATE, lastRpcTime:5008, electionTimeout:5007ms
2019-07-29 14:33:40,106 INFO  impl.RoleInfo (RoleInfo.java:shutdownFollowerState(121)) - 48953a3b-fa19-4ad6-b043-99e199343f31: shutdown FollowerState
2019-07-29 14:33:40,106 INFO  impl.RaftServerImpl (RaftServerImpl.java:setRole(171)) - 48953a3b-fa19-4ad6-b043-99e199343f31:group-477B1D324AF0 changes role from FOLLOWER to CANDIDATE at term 0 for changeToCandidate
2019-07-29 14:33:40,110 INFO  impl.RoleInfo (RoleInfo.java:updateAndGet(143)) - 48953a3b-fa19-4ad6-b043-99e199343f31: start LeaderElection
2019-07-29 14:33:40,129 INFO  impl.LeaderElection (LeaderElection.java:askForVotes(181)) - 48953a3b-fa19-4ad6-b043-99e199343f31:group-477B1D324AF0:LeaderElection1: begin an election at term 1 for -1: [48953a3b-fa19-4ad6-b043-99e199343f31:192.168.69.100:44513], old=null
2019-07-29 14:33:40,132 INFO  impl.RoleInfo (RoleInfo.java:shutdownLeaderElection(134)) - 48953a3b-fa19-4ad6-b043-99e199343f31: shutdown LeaderElection
2019-07-29 14:33:40,132 INFO  impl.RaftServerImpl (RaftServerImpl.java:setRole(171)) - 48953a3b-fa19-4ad6-b043-99e199343f31:group-477B1D324AF0 changes role from CANDIDATE to LEADER at term 1 for changeToLeader
2019-07-29 14:33:40,133 INFO  impl.RaftServerImpl (ServerState.java:setLeader(263)) - 48953a3b-fa19-4ad6-b043-99e199343f31:group-477B1D324AF0 change Leader from null to 48953a3b-fa19-4ad6-b043-99e199343f31 at term 1 for becomeLeader, leader elected after 5390ms
2019-07-29 14:33:40,141 INFO  server.RaftServerConfigKeys (ConfUtils.java:logGet(43)) - raft.server.staging.catchup.gap = 1000 (default)
2019-07-29 14:33:40,141 INFO  server.RaftServerConfigKeys (ConfUtils.java:logGet(43)) - raft.server.rpc.sleep.time = 25ms (default)
2019-07-29 14:33:40,145 INFO  server.RaftServerConfigKeys (ConfUtils.java:logGet(43)) - raft.server.write.element-limit = 4096 (default)
2019-07-29 14:33:40,148 INFO  server.RaftServerConfigKeys (ConfUtils.java:logGet(43)) - raft.server.watch.timeout = 10s (default)
2019-07-29 14:33:40,149 INFO  server.RaftServerConfigKeys (ConfUtils.java:logGet(43)) - raft.server.watch.timeout.denomination = 1s (default)
2019-07-29 14:33:40,150 INFO  server.RaftServerConfigKeys (ConfUtils.java:logGet(43)) - raft.server.watch.element-limit = 65536 (default)
2019-07-29 14:33:40,160 INFO  impl.RoleInfo (RoleInfo.java:updateAndGet(143)) - 48953a3b-fa19-4ad6-b043-99e199343f31: start LeaderState
2019-07-29 14:33:40,184 INFO  segmented.SegmentedRaftLogWorker (SegmentedRaftLogWorker.java:startLogSegment(380)) - 48953a3b-fa19-4ad6-b043-99e199343f31-SegmentedRaftLogWorker:Storage Directory /workdir/hadoop-ozone/tools/target/test-dir/MiniOzoneClusterImpl-8fe7d595-2915-409e-b370-fd66cc380fe4/datanode-0/data/ratis/5f2f8646-e609-4391-ab3a-477b1d324af0: Starting segment from index:0
2019-07-29 14:33:40,193 INFO  impl.RaftServerImpl (ServerState.java:setRaftConf(361)) - 48953a3b-fa19-4ad6-b043-99e199343f31:group-477B1D324AF0 set configuration 0: [48953a3b-fa19-4ad6-b043-99e199343f31:192.168.69.100:44513], old=null at 0
2019-07-29 14:33:40,373 INFO  impl.FollowerState (FollowerState.java:run(106)) - f129742c-a489-424c-8940-cb70e7f237f0:group-494FA938B467 changes to CANDIDATE, lastRpcTime:5055, electionTimeout:5055ms
2019-07-29 14:33:40,382 INFO  impl.RoleInfo (RoleInfo.java:shutdownFollowerState(121)) - f129742c-a489-424c-8940-cb70e7f237f0: shutdown FollowerState
2019-07-29 14:33:40,382 INFO  impl.RaftServerImpl (RaftServerImpl.java:setRole(171)) - f129742c-a489-424c-8940-cb70e7f237f0:group-494FA938B467 changes role from FOLLOWER to CANDIDATE at term 0 for changeToCandidate
2019-07-29 14:33:40,382 INFO  impl.RoleInfo (RoleInfo.java:updateAndGet(143)) - f129742c-a489-424c-8940-cb70e7f237f0: start LeaderElection
2019-07-29 14:33:40,401 INFO  impl.FollowerState (FollowerState.java:run(106)) - 1534a74e-331e-4cc7-94c9-298e830aa2fc:group-D184CC43F738 changes to CANDIDATE, lastRpcTime:5003, electionTimeout:5003ms
2019-07-29 14:33:40,401 INFO  impl.RoleInfo (RoleInfo.java:shutdownFollowerState(121)) - 1534a74e-331e-4cc7-94c9-298e830aa2fc: shutdown FollowerState
2019-07-29 14:33:40,401 INFO  segmented.SegmentedRaftLogWorker (SegmentedRaftLogWorker.java:execute(569)) - 48953a3b-fa19-4ad6-b043-99e199343f31-SegmentedRaftLogWorker:Storage Directory /workdir/hadoop-ozone/tools/target/test-dir/MiniOzoneClusterImpl-8fe7d595-2915-409e-b370-fd66cc380fe4/datanode-0/data/ratis/5f2f8646-e609-4391-ab3a-477b1d324af0: created new log segment /workdir/hadoop-ozone/tools/target/test-dir/MiniOzoneClusterImpl-8fe7d595-2915-409e-b370-fd66cc380fe4/datanode-0/data/ratis/5f2f8646-e609-4391-ab3a-477b1d324af0/current/log_inprogress_0
2019-07-29 14:33:40,402 INFO  impl.RaftServerImpl (RaftServerImpl.java:setRole(171)) - 1534a74e-331e-4cc7-94c9-298e830aa2fc:group-D184CC43F738 changes role from FOLLOWER to CANDIDATE at term 0 for changeToCandidate
2019-07-29 14:33:40,401 INFO  impl.LeaderElection (LeaderElection.java:askForVotes(181)) - f129742c-a489-424c-8940-cb70e7f237f0:group-494FA938B467:LeaderElection2: begin an election at term 1 for -1: [f129742c-a489-424c-8940-cb70e7f237f0:192.168.69.100:46837], old=null
2019-07-29 14:33:40,404 INFO  impl.RoleInfo (RoleInfo.java:updateAndGet(143)) - 1534a74e-331e-4cc7-94c9-298e830aa2fc: start LeaderElection
2019-07-29 14:33:40,404 INFO  impl.RoleInfo (RoleInfo.java:shutdownLeaderElection(134)) - f129742c-a489-424c-8940-cb70e7f237f0: shutdown LeaderElection
2019-07-29 14:33:40,406 INFO  impl.RaftServerImpl (RaftServerImpl.java:setRole(171)) - f129742c-a489-424c-8940-cb70e7f237f0:group-494FA938B467 changes role from CANDIDATE to LEADER at term 1 for changeToLeader
2019-07-29 14:33:40,406 INFO  impl.RaftServerImpl (ServerState.java:setLeader(263)) - f129742c-a489-424c-8940-cb70e7f237f0:group-494FA938B467 change Leader from null to f129742c-a489-424c-8940-cb70e7f237f0 at term 1 for becomeLeader, leader elected after 5095ms
2019-07-29 14:33:40,407 INFO  server.RaftServerConfigKeys (ConfUtils.java:logGet(43)) - raft.server.staging.catchup.gap = 1000 (default)
2019-07-29 14:33:40,407 INFO  server.RaftServerConfigKeys (ConfUtils.java:logGet(43)) - raft.server.rpc.sleep.time = 25ms (default)
2019-07-29 14:33:40,407 INFO  server.RaftServerConfigKeys (ConfUtils.java:logGet(43)) - raft.server.write.element-limit = 4096 (default)
2019-07-29 14:33:40,408 INFO  server.RaftServerConfigKeys (ConfUtils.java:logGet(43)) - raft.server.watch.timeout = 10s (default)
2019-07-29 14:33:40,408 INFO  server.RaftServerConfigKeys (ConfUtils.java:logGet(43)) - raft.server.watch.timeout.denomination = 1s (default)
2019-07-29 14:33:40,408 INFO  server.RaftServerConfigKeys (ConfUtils.java:logGet(43)) - raft.server.watch.element-limit = 65536 (default)
2019-07-29 14:33:40,409 INFO  impl.RoleInfo (RoleInfo.java:updateAndGet(143)) - f129742c-a489-424c-8940-cb70e7f237f0: start LeaderState
2019-07-29 14:33:40,409 INFO  segmented.SegmentedRaftLogWorker (SegmentedRaftLogWorker.java:startLogSegment(380)) - f129742c-a489-424c-8940-cb70e7f237f0-SegmentedRaftLogWorker:Storage Directory /workdir/hadoop-ozone/tools/target/test-dir/MiniOzoneClusterImpl-8fe7d595-2915-409e-b370-fd66cc380fe4/datanode-2/data/ratis/6a4fc86a-92b8-466b-ae07-494fa938b467: Starting segment from index:0
2019-07-29 14:33:40,410 INFO  impl.RaftServerImpl (ServerState.java:setRaftConf(361)) - f129742c-a489-424c-8940-cb70e7f237f0:group-494FA938B467 set configuration 0: [f129742c-a489-424c-8940-cb70e7f237f0:192.168.69.100:46837], old=null at 0
2019-07-29 14:33:40,427 INFO  impl.LeaderElection (LeaderElection.java:askForVotes(181)) - 1534a74e-331e-4cc7-94c9-298e830aa2fc:group-D184CC43F738:LeaderElection3: begin an election at term 1 for -1: [f129742c-a489-424c-8940-cb70e7f237f0:192.168.69.100:46837, 1534a74e-331e-4cc7-94c9-298e830aa2fc:192.168.69.100:35992, 48953a3b-fa19-4ad6-b043-99e199343f31:192.168.69.100:44513], old=null
2019-07-29 14:33:40,434 INFO  client.GrpcClientProtocolClient (GrpcClientProtocolClient.java:onNext(255)) - client-6FBE985626B9->f129742c-a489-424c-8940-cb70e7f237f0: receive RaftClientReply:client-6FBE985626B9->f129742c-a489-424c-8940-cb70e7f237f0@group-D184CC43F738, cid=6, FAILED org.apache.ratis.protocol.NotLeaderException: Server f129742c-a489-424c-8940-cb70e7f237f0 is not the leader (null). Request must be sent to leader., logIndex=0, commits[f129742c-a489-424c-8940-cb70e7f237f0:c-1]
2019-07-29 14:33:40,438 INFO  impl.FollowerState (FollowerState.java:run(106)) - 1534a74e-331e-4cc7-94c9-298e830aa2fc:group-A089DEFE8EFC changes to CANDIDATE, lastRpcTime:5187, electionTimeout:5185ms
2019-07-29 14:33:40,438 INFO  impl.RoleInfo (RoleInfo.java:shutdownFollowerState(121)) - 1534a74e-331e-4cc7-94c9-298e830aa2fc: shutdown FollowerState
2019-07-29 14:33:40,441 INFO  impl.RaftServerImpl (RaftServerImpl.java:setRole(171)) - 1534a74e-331e-4cc7-94c9-298e830aa2fc:group-A089DEFE8EFC changes role from FOLLOWER to CANDIDATE at term 0 for changeToCandidate
2019-07-29 14:33:40,443 INFO  segmented.SegmentedRaftLogWorker (SegmentedRaftLogWorker.java:execute(569)) - f129742c-a489-424c-8940-cb70e7f237f0-SegmentedRaftLogWorker:Storage Directory /workdir/hadoop-ozone/tools/target/test-dir/MiniOzoneClusterImpl-8fe7d595-2915-409e-b370-fd66cc380fe4/datanode-2/data/ratis/6a4fc86a-92b8-466b-ae07-494fa938b467: created new log segment /workdir/hadoop-ozone/tools/target/test-dir/MiniOzoneClusterImpl-8fe7d595-2915-409e-b370-fd66cc380fe4/datanode-2/data/ratis/6a4fc86a-92b8-466b-ae07-494fa938b467/current/log_inprogress_0
2019-07-29 14:33:40,443 INFO  impl.RoleInfo (RoleInfo.java:updateAndGet(143)) - 1534a74e-331e-4cc7-94c9-298e830aa2fc: start LeaderElection
2019-07-29 14:33:40,457 INFO  impl.LeaderElection (LeaderElection.java:askForVotes(181)) - 1534a74e-331e-4cc7-94c9-298e830aa2fc:group-A089DEFE8EFC:LeaderElection4: begin an election at term 1 for -1: [1534a74e-331e-4cc7-94c9-298e830aa2fc:192.168.69.100:35992], old=null
2019-07-29 14:33:40,459 INFO  impl.RoleInfo (RoleInfo.java:shutdownLeaderElection(134)) - 1534a74e-331e-4cc7-94c9-298e830aa2fc: shutdown LeaderElection
2019-07-29 14:33:40,459 INFO  impl.RaftServerImpl (RaftServerImpl.java:setRole(171)) - 1534a74e-331e-4cc7-94c9-298e830aa2fc:group-A089DEFE8EFC changes role from CANDIDATE to LEADER at term 1 for changeToLeader
2019-07-29 14:33:40,460 INFO  impl.RaftServerImpl (ServerState.java:setLeader(263)) - 1534a74e-331e-4cc7-94c9-298e830aa2fc:group-A089DEFE8EFC change Leader from null to 1534a74e-331e-4cc7-94c9-298e830aa2fc at term 1 for becomeLeader, leader elected after 5213ms
2019-07-29 14:33:40,460 INFO  server.RaftServerConfigKeys (ConfUtils.java:logGet(43)) - raft.server.staging.catchup.gap = 1000 (default)
2019-07-29 14:33:40,460 INFO  server.RaftServerConfigKeys (ConfUtils.java:logGet(43)) - raft.server.rpc.sleep.time = 25ms (default)
2019-07-29 14:33:40,461 INFO  server.RaftServerConfigKeys (ConfUtils.java:logGet(43)) - raft.server.write.element-limit = 4096 (default)
2019-07-29 14:33:40,461 INFO  server.RaftServerConfigKeys (ConfUtils.java:logGet(43)) - raft.server.watch.timeout = 10s (default)
2019-07-29 14:33:40,461 INFO  server.RaftServerConfigKeys (ConfUtils.java:logGet(43)) - raft.server.watch.timeout.denomination = 1s (default)
2019-07-29 14:33:40,461 INFO  server.RaftServerConfigKeys (ConfUtils.java:logGet(43)) - raft.server.watch.element-limit = 65536 (default)
2019-07-29 14:33:40,462 INFO  impl.RoleInfo (RoleInfo.java:updateAndGet(143)) - 1534a74e-331e-4cc7-94c9-298e830aa2fc: start LeaderState
2019-07-29 14:33:40,462 INFO  segmented.SegmentedRaftLogWorker (SegmentedRaftLogWorker.java:startLogSegment(380)) - 1534a74e-331e-4cc7-94c9-298e830aa2fc-SegmentedRaftLogWorker:Storage Directory /workdir/hadoop-ozone/tools/target/test-dir/MiniOzoneClusterImpl-8fe7d595-2915-409e-b370-fd66cc380fe4/datanode-1/data/ratis/d63a9317-0637-4572-8e80-a089defe8efc: Starting segment from index:0
2019-07-29 14:33:40,463 INFO  impl.RaftServerImpl (ServerState.java:setRaftConf(361)) - 1534a74e-331e-4cc7-94c9-298e830aa2fc:group-A089DEFE8EFC set configuration 0: [1534a74e-331e-4cc7-94c9-298e830aa2fc:192.168.69.100:35992], old=null at 0
2019-07-29 14:33:40,484 INFO  impl.RaftServerImpl (RaftServerImpl.java:setRole(171)) - 48953a3b-fa19-4ad6-b043-99e199343f31:group-D184CC43F738 changes role from FOLLOWER to FOLLOWER at term 1 for recognizeCandidate:1534a74e-331e-4cc7-94c9-298e830aa2fc
2019-07-29 14:33:40,484 INFO  impl.RoleInfo (RoleInfo.java:shutdownFollowerState(121)) - 48953a3b-fa19-4ad6-b043-99e199343f31: shutdown FollowerState
2019-07-29 14:33:40,484 INFO  impl.RaftServerImpl (RaftServerImpl.java:setRole(171)) - f129742c-a489-424c-8940-cb70e7f237f0:group-D184CC43F738 changes role from FOLLOWER to FOLLOWER at term 1 for recognizeCandidate:1534a74e-331e-4cc7-94c9-298e830aa2fc
2019-07-29 14:33:40,485 INFO  impl.FollowerState (FollowerState.java:run(114)) - 48953a3b-fa19-4ad6-b043-99e199343f31: FollowerState was interrupted: java.lang.InterruptedException: sleep interrupted
2019-07-29 14:33:40,485 INFO  impl.RoleInfo (RoleInfo.java:updateAndGet(143)) - 48953a3b-fa19-4ad6-b043-99e199343f31: start FollowerState
2019-07-29 14:33:40,485 INFO  impl.RoleInfo (RoleInfo.java:shutdownFollowerState(121)) - f129742c-a489-424c-8940-cb70e7f237f0: shutdown FollowerState
2019-07-29 14:33:40,486 INFO  impl.FollowerState (FollowerState.java:run(114)) - f129742c-a489-424c-8940-cb70e7f237f0: FollowerState was interrupted: java.lang.InterruptedException: sleep interrupted
2019-07-29 14:33:40,486 INFO  impl.RoleInfo (RoleInfo.java:updateAndGet(143)) - f129742c-a489-424c-8940-cb70e7f237f0: start FollowerState
2019-07-29 14:33:40,494 INFO  segmented.SegmentedRaftLogWorker (SegmentedRaftLogWorker.java:execute(569)) - 1534a74e-331e-4cc7-94c9-298e830aa2fc-SegmentedRaftLogWorker:Storage Directory /workdir/hadoop-ozone/tools/target/test-dir/MiniOzoneClusterImpl-8fe7d595-2915-409e-b370-fd66cc380fe4/datanode-1/data/ratis/d63a9317-0637-4572-8e80-a089defe8efc: created new log segment /workdir/hadoop-ozone/tools/target/test-dir/MiniOzoneClusterImpl-8fe7d595-2915-409e-b370-fd66cc380fe4/datanode-1/data/ratis/d63a9317-0637-4572-8e80-a089defe8efc/current/log_inprogress_0
2019-07-29 14:33:40,518 INFO  impl.LeaderElection (LeaderElection.java:logAndReturn(56)) - 1534a74e-331e-4cc7-94c9-298e830aa2fc:group-D184CC43F738:LeaderElection3: Election PASSED; received 1 response(s) [1534a74e-331e-4cc7-94c9-298e830aa2fc<-48953a3b-fa19-4ad6-b043-99e199343f31#0:OK-t1] and 0 exception(s); 1534a74e-331e-4cc7-94c9-298e830aa2fc:t1, leader=null, voted=1534a74e-331e-4cc7-94c9-298e830aa2fc, raftlog=1534a74e-331e-4cc7-94c9-298e830aa2fc-SegmentedRaftLog:OPENED:c-1,f-1,i0, conf=-1: [f129742c-a489-424c-8940-cb70e7f237f0:192.168.69.100:46837, 1534a74e-331e-4cc7-94c9-298e830aa2fc:192.168.69.100:35992, 48953a3b-fa19-4ad6-b043-99e199343f31:192.168.69.100:44513], old=null
2019-07-29 14:33:40,518 INFO  impl.RoleInfo (RoleInfo.java:shutdownLeaderElection(134)) - 1534a74e-331e-4cc7-94c9-298e830aa2fc: shutdown LeaderElection
2019-07-29 14:33:40,518 INFO  impl.RaftServerImpl (RaftServerImpl.java:setRole(171)) - 1534a74e-331e-4cc7-94c9-298e830aa2fc:group-D184CC43F738 changes role from CANDIDATE to LEADER at term 1 for changeToLeader
2019-07-29 14:33:40,518 INFO  impl.RaftServerImpl (ServerState.java:setLeader(263)) - 1534a74e-331e-4cc7-94c9-298e830aa2fc:group-D184CC43F738 change Leader from null to 1534a74e-331e-4cc7-94c9-298e830aa2fc at term 1 for becomeLeader, leader elected after 5130ms
2019-07-29 14:33:40,519 INFO  server.RaftServerConfigKeys (ConfUtils.java:logGet(43)) - raft.server.staging.catchup.gap = 1000 (default)
2019-07-29 14:33:40,519 INFO  server.RaftServerConfigKeys (ConfUtils.java:logGet(43)) - raft.server.rpc.sleep.time = 25ms (default)
2019-07-29 14:33:40,519 INFO  server.RaftServerConfigKeys (ConfUtils.java:logGet(43)) - raft.server.write.element-limit = 4096 (default)
2019-07-29 14:33:40,519 INFO  server.RaftServerConfigKeys (ConfUtils.java:logGet(43)) - raft.server.watch.timeout = 10s (default)
2019-07-29 14:33:40,520 INFO  server.RaftServerConfigKeys (ConfUtils.java:logGet(43)) - raft.server.watch.timeout.denomination = 1s (default)
2019-07-29 14:33:40,520 INFO  server.RaftServerConfigKeys (ConfUtils.java:logGet(43)) - raft.server.watch.element-limit = 65536 (default)
2019-07-29 14:33:40,521 INFO  server.RaftServerConfigKeys (ConfUtils.java:logGet(43)) - raft.server.log.appender.snapshot.chunk.size.max = 16MB (=16777216) (default)
2019-07-29 14:33:40,522 INFO  server.RaftServerConfigKeys (ConfUtils.java:logGet(43)) - raft.server.log.appender.buffer.byte-limit = 33554432 (custom)
2019-07-29 14:33:40,522 INFO  server.RaftServerConfigKeys (ConfUtils.java:logGet(43)) - raft.server.log.appender.buffer.element-limit = 1 (custom)
2019-07-29 14:33:40,524 INFO  grpc.GrpcConfigKeys$Server (ConfUtils.java:logGet(43)) - raft.grpc.server.leader.outstanding.appends.max = 128 (default)
2019-07-29 14:33:40,525 INFO  server.RaftServerConfigKeys (ConfUtils.java:logGet(43)) - raft.server.rpc.request.timeout = 3000ms (default)
2019-07-29 14:33:40,525 INFO  server.RaftServerConfigKeys (ConfUtils.java:logGet(43)) - raft.server.log.appender.install.snapshot.enabled = false (custom)
2019-07-29 14:33:40,526 INFO  server.RaftServerConfigKeys (ConfUtils.java:logGet(43)) - raft.server.log.appender.snapshot.chunk.size.max = 16MB (=16777216) (default)
2019-07-29 14:33:40,526 INFO  server.RaftServerConfigKeys (ConfUtils.java:logGet(43)) - raft.server.log.appender.buffer.byte-limit = 33554432 (custom)
2019-07-29 14:33:40,526 INFO  server.RaftServerConfigKeys (ConfUtils.java:logGet(43)) - raft.server.log.appender.buffer.element-limit = 1 (custom)
2019-07-29 14:33:40,526 INFO  grpc.GrpcConfigKeys$Server (ConfUtils.java:logGet(43)) - raft.grpc.server.leader.outstanding.appends.max = 128 (default)
2019-07-29 14:33:40,526 INFO  server.RaftServerConfigKeys (ConfUtils.java:logGet(43)) - raft.server.rpc.request.timeout = 3000ms (default)
2019-07-29 14:33:40,526 INFO  server.RaftServerConfigKeys (ConfUtils.java:logGet(43)) - raft.server.log.appender.install.snapshot.enabled = false (custom)
2019-07-29 14:33:40,527 INFO  impl.RoleInfo (RoleInfo.java:updateAndGet(143)) - 1534a74e-331e-4cc7-94c9-298e830aa2fc: start LeaderState
2019-07-29 14:33:40,528 INFO  segmented.SegmentedRaftLogWorker (SegmentedRaftLogWorker.java:startLogSegment(380)) - 1534a74e-331e-4cc7-94c9-298e830aa2fc-SegmentedRaftLogWorker:Storage Directory /workdir/hadoop-ozone/tools/target/test-dir/MiniOzoneClusterImpl-8fe7d595-2915-409e-b370-fd66cc380fe4/datanode-1/data/ratis/2ca0de00-176d-4da4-bf17-d184cc43f738: Starting segment from index:0
2019-07-29 14:33:40,528 INFO  impl.RaftServerImpl (ServerState.java:setRaftConf(361)) - 1534a74e-331e-4cc7-94c9-298e830aa2fc:group-D184CC43F738 set configuration 0: [f129742c-a489-424c-8940-cb70e7f237f0:192.168.69.100:46837, 1534a74e-331e-4cc7-94c9-298e830aa2fc:192.168.69.100:35992, 48953a3b-fa19-4ad6-b043-99e199343f31:192.168.69.100:44513], old=null at 0
2019-07-29 14:33:40,554 INFO  segmented.SegmentedRaftLogWorker (SegmentedRaftLogWorker.java:execute(569)) - 1534a74e-331e-4cc7-94c9-298e830aa2fc-SegmentedRaftLogWorker:Storage Directory /workdir/hadoop-ozone/tools/target/test-dir/MiniOzoneClusterImpl-8fe7d595-2915-409e-b370-fd66cc380fe4/datanode-1/data/ratis/2ca0de00-176d-4da4-bf17-d184cc43f738: created new log segment /workdir/hadoop-ozone/tools/target/test-dir/MiniOzoneClusterImpl-8fe7d595-2915-409e-b370-fd66cc380fe4/datanode-1/data/ratis/2ca0de00-176d-4da4-bf17-d184cc43f738/current/log_inprogress_0
2019-07-29 14:33:40,563 INFO  impl.RaftServerImpl (ServerState.java:setLeader(263)) - 48953a3b-fa19-4ad6-b043-99e199343f31:group-D184CC43F738 change Leader from null to 1534a74e-331e-4cc7-94c9-298e830aa2fc at term 1 for appendEntries, leader elected after 5175ms
2019-07-29 14:33:40,563 INFO  impl.RaftServerImpl (ServerState.java:setLeader(263)) - f129742c-a489-424c-8940-cb70e7f237f0:group-D184CC43F738 change Leader from null to 1534a74e-331e-4cc7-94c9-298e830aa2fc at term 1 for appendEntries, leader elected after 5176ms
2019-07-29 14:33:40,589 INFO  impl.RaftServerImpl (ServerState.java:setRaftConf(361)) - f129742c-a489-424c-8940-cb70e7f237f0:group-D184CC43F738 set configuration 0: [f129742c-a489-424c-8940-cb70e7f237f0:192.168.69.100:46837, 1534a74e-331e-4cc7-94c9-298e830aa2fc:192.168.69.100:35992, 48953a3b-fa19-4ad6-b043-99e199343f31:192.168.69.100:44513], old=null at 0
2019-07-29 14:33:40,589 INFO  impl.RaftServerImpl (ServerState.java:setRaftConf(361)) - 48953a3b-fa19-4ad6-b043-99e199343f31:group-D184CC43F738 set configuration 0: [f129742c-a489-424c-8940-cb70e7f237f0:192.168.69.100:46837, 1534a74e-331e-4cc7-94c9-298e830aa2fc:192.168.69.100:35992, 48953a3b-fa19-4ad6-b043-99e199343f31:192.168.69.100:44513], old=null at 0
2019-07-29 14:33:40,589 INFO  segmented.SegmentedRaftLogWorker (SegmentedRaftLogWorker.java:startLogSegment(380)) - f129742c-a489-424c-8940-cb70e7f237f0-SegmentedRaftLogWorker:Storage Directory /workdir/hadoop-ozone/tools/target/test-dir/MiniOzoneClusterImpl-8fe7d595-2915-409e-b370-fd66cc380fe4/datanode-2/data/ratis/2ca0de00-176d-4da4-bf17-d184cc43f738: Starting segment from index:0
2019-07-29 14:33:40,590 INFO  segmented.SegmentedRaftLogWorker (SegmentedRaftLogWorker.java:startLogSegment(380)) - 48953a3b-fa19-4ad6-b043-99e199343f31-SegmentedRaftLogWorker:Storage Directory /workdir/hadoop-ozone/tools/target/test-dir/MiniOzoneClusterImpl-8fe7d595-2915-409e-b370-fd66cc380fe4/datanode-0/data/ratis/2ca0de00-176d-4da4-bf17-d184cc43f738: Starting segment from index:0
2019-07-29 14:33:40,619 INFO  segmented.SegmentedRaftLogWorker (SegmentedRaftLogWorker.java:execute(569)) - f129742c-a489-424c-8940-cb70e7f237f0-SegmentedRaftLogWorker:Storage Directory /workdir/hadoop-ozone/tools/target/test-dir/MiniOzoneClusterImpl-8fe7d595-2915-409e-b370-fd66cc380fe4/datanode-2/data/ratis/2ca0de00-176d-4da4-bf17-d184cc43f738: created new log segment /workdir/hadoop-ozone/tools/target/test-dir/MiniOzoneClusterImpl-8fe7d595-2915-409e-b370-fd66cc380fe4/datanode-2/data/ratis/2ca0de00-176d-4da4-bf17-d184cc43f738/current/log_inprogress_0
2019-07-29 14:33:40,619 INFO  segmented.SegmentedRaftLogWorker (SegmentedRaftLogWorker.java:execute(569)) - 48953a3b-fa19-4ad6-b043-99e199343f31-SegmentedRaftLogWorker:Storage Directory /workdir/hadoop-ozone/tools/target/test-dir/MiniOzoneClusterImpl-8fe7d595-2915-409e-b370-fd66cc380fe4/datanode-0/data/ratis/2ca0de00-176d-4da4-bf17-d184cc43f738: created new log segment /workdir/hadoop-ozone/tools/target/test-dir/MiniOzoneClusterImpl-8fe7d595-2915-409e-b370-fd66cc380fe4/datanode-0/data/ratis/2ca0de00-176d-4da4-bf17-d184cc43f738/current/log_inprogress_0
 0.00% |█                                                                                                    |  0/1 Time: 0:00:052019-07-29 14:33:41,471 INFO  client.GrpcClientProtocolClient (GrpcClientProtocolClient.java:onNext(255)) - client-6FBE985626B9->48953a3b-fa19-4ad6-b043-99e199343f31: receive RaftClientReply:client-6FBE985626B9->48953a3b-fa19-4ad6-b043-99e199343f31@group-D184CC43F738, cid=6, FAILED org.apache.ratis.protocol.NotLeaderException: Server 48953a3b-fa19-4ad6-b043-99e199343f31 is not the leader (1534a74e-331e-4cc7-94c9-298e830aa2fc:192.168.69.100:35992). Request must be sent to leader., logIndex=0, commits[48953a3b-fa19-4ad6-b043-99e199343f31:c0, f129742c-a489-424c-8940-cb70e7f237f0:c-1, 1534a74e-331e-4cc7-94c9-298e830aa2fc:c0]
2019-07-29 14:33:41,763 INFO  client.GrpcClientProtocolClient (GrpcClientProtocolClient.java:onNext(255)) - client-6FBE985626B9->1534a74e-331e-4cc7-94c9-298e830aa2fc: receive RaftClientReply:client-6FBE985626B9->1534a74e-331e-4cc7-94c9-298e830aa2fc@group-D184CC43F738, cid=6, SUCCESS, logIndex=1, commits[1534a74e-331e-4cc7-94c9-298e830aa2fc:c1, f129742c-a489-424c-8940-cb70e7f237f0:c0, 48953a3b-fa19-4ad6-b043-99e199343f31:c0]
2019-07-29 14:33:41,840 INFO  client.GrpcClientProtocolClient (GrpcClientProtocolClient.java:onNext(255)) - client-6FBE985626B9->1534a74e-331e-4cc7-94c9-298e830aa2fc: receive RaftClientReply:client-6FBE985626B9->1534a74e-331e-4cc7-94c9-298e830aa2fc@group-D184CC43F738, cid=7, SUCCESS, logIndex=3, commits[1534a74e-331e-4cc7-94c9-298e830aa2fc:c8, f129742c-a489-424c-8940-cb70e7f237f0:c6, 48953a3b-fa19-4ad6-b043-99e199343f31:c6]
2019-07-29 14:33:41,842 INFO  client.GrpcClientProtocolClient (GrpcClientProtocolClient.java:onNext(255)) - client-6FBE985626B9->1534a74e-331e-4cc7-94c9-298e830aa2fc: receive RaftClientReply:client-6FBE985626B9->1534a74e-331e-4cc7-94c9-298e830aa2fc@group-D184CC43F738, cid=8, SUCCESS, logIndex=4, commits[1534a74e-331e-4cc7-94c9-298e830aa2fc:c8, f129742c-a489-424c-8940-cb70e7f237f0:c6, 48953a3b-fa19-4ad6-b043-99e199343f31:c6]
 0.00% |█                                                                                                    |  0/1 Time: 0:00:062019-07-29 14:33:41,935 INFO  client.GrpcClientProtocolClient (GrpcClientProtocolClient.java:onNext(255)) - client-6FBE985626B9->1534a74e-331e-4cc7-94c9-298e830aa2fc: receive RaftClientReply:client-6FBE985626B9->1534a74e-331e-4cc7-94c9-298e830aa2fc@group-D184CC43F738, cid=9, SUCCESS, logIndex=5, commits[1534a74e-331e-4cc7-94c9-298e830aa2fc:c8, f129742c-a489-424c-8940-cb70e7f237f0:c6, 48953a3b-fa19-4ad6-b043-99e199343f31:c6]
2019-07-29 14:33:41,993 INFO  client.GrpcClientProtocolClient (GrpcClientProtocolClient.java:onNext(255)) - client-6FBE985626B9->1534a74e-331e-4cc7-94c9-298e830aa2fc: receive RaftClientReply:client-6FBE985626B9->1534a74e-331e-4cc7-94c9-298e830aa2fc@group-D184CC43F738, cid=10, SUCCESS, logIndex=9, commits[1534a74e-331e-4cc7-94c9-298e830aa2fc:c10, f129742c-a489-424c-8940-cb70e7f237f0:c8, 48953a3b-fa19-4ad6-b043-99e199343f31:c8]
2019-07-29 14:33:41,996 INFO  client.GrpcClientProtocolClient (GrpcClientProtocolClient.java:onNext(255)) - client-6FBE985626B9->1534a74e-331e-4cc7-94c9-298e830aa2fc: receive RaftClientReply:client-6FBE985626B9->1534a74e-331e-4cc7-94c9-298e830aa2fc@group-D184CC43F738, cid=11, SUCCESS, logIndex=10, commits[1534a74e-331e-4cc7-94c9-298e830aa2fc:c10, f129742c-a489-424c-8940-cb70e7f237f0:c8, 48953a3b-fa19-4ad6-b043-99e199343f31:c8]
2019-07-29 14:33:42,008 INFO  client.GrpcClientProtocolClient (GrpcClientProtocolClient.java:onNext(255)) - client-6FBE985626B9->1534a74e-331e-4cc7-94c9-298e830aa2fc: receive RaftClientReply:client-6FBE985626B9->1534a74e-331e-4cc7-94c9-298e830aa2fc@group-D184CC43F738, cid=12, SUCCESS, logIndex=11, commits[1534a74e-331e-4cc7-94c9-298e830aa2fc:c12, f129742c-a489-424c-8940-cb70e7f237f0:c8, 48953a3b-fa19-4ad6-b043-99e199343f31:c8]
2019-07-29 14:33:42,009 INFO  client.GrpcClientProtocolClient (GrpcClientProtocolClient.java:onNext(255)) - client-6FBE985626B9->1534a74e-331e-4cc7-94c9-298e830aa2fc: receive RaftClientReply:client-6FBE985626B9->1534a74e-331e-4cc7-94c9-298e830aa2fc@group-D184CC43F738, cid=13, SUCCESS, logIndex=12, commits[1534a74e-331e-4cc7-94c9-298e830aa2fc:c13, f129742c-a489-424c-8940-cb70e7f237f0:c8, 48953a3b-fa19-4ad6-b043-99e199343f31:c10]
2019-07-29 14:33:42,035 INFO  client.GrpcClientProtocolClient (GrpcClientProtocolClient.java:onNext(255)) - client-6FBE985626B9->1534a74e-331e-4cc7-94c9-298e830aa2fc: receive RaftClientReply:client-6FBE985626B9->1534a74e-331e-4cc7-94c9-298e830aa2fc@group-D184CC43F738, cid=14, SUCCESS, logIndex=0, commits[1534a74e-331e-4cc7-94c9-298e830aa2fc:c16, f129742c-a489-424c-8940-cb70e7f237f0:c12, 48953a3b-fa19-4ad6-b043-99e199343f31:c12]
2019-07-29 14:33:42,042 INFO  client.GrpcClientProtocolClient (GrpcClientProtocolClient.java:onNext(255)) - client-6FBE985626B9->1534a74e-331e-4cc7-94c9-298e830aa2fc: receive RaftClientReply:client-6FBE985626B9->1534a74e-331e-4cc7-94c9-298e830aa2fc@group-D184CC43F738, cid=15, SUCCESS, logIndex=0, commits[1534a74e-331e-4cc7-94c9-298e830aa2fc:c16, f129742c-a489-424c-8940-cb70e7f237f0:c12, 48953a3b-fa19-4ad6-b043-99e199343f31:c12]
2019-07-29 14:33:42,185 INFO  client.GrpcClientProtocolClient (GrpcClientProtocolClient.java:onNext(255)) - client-6FBE985626B9->1534a74e-331e-4cc7-94c9-298e830aa2fc: receive RaftClientReply:client-6FBE985626B9->1534a74e-331e-4cc7-94c9-298e830aa2fc@group-D184CC43F738, cid=16, SUCCESS, logIndex=17, commits[1534a74e-331e-4cc7-94c9-298e830aa2fc:c20, f129742c-a489-424c-8940-cb70e7f237f0:c16, 48953a3b-fa19-4ad6-b043-99e199343f31:c16]
2019-07-29 14:33:42,230 INFO  client.GrpcClientProtocolClient (GrpcClientProtocolClient.java:onNext(255)) - client-6FBE985626B9->1534a74e-331e-4cc7-94c9-298e830aa2fc: receive RaftClientReply:client-6FBE985626B9->1534a74e-331e-4cc7-94c9-298e830aa2fc@group-D184CC43F738, cid=17, SUCCESS, logIndex=18, commits[1534a74e-331e-4cc7-94c9-298e830aa2fc:c24, f129742c-a489-424c-8940-cb70e7f237f0:c20, 48953a3b-fa19-4ad6-b043-99e199343f31:c20]
2019-07-29 14:33:42,231 INFO  client.GrpcClientProtocolClient (GrpcClientProtocolClient.java:onNext(255)) - client-6FBE985626B9->1534a74e-331e-4cc7-94c9-298e830aa2fc: receive RaftClientReply:client-6FBE985626B9->1534a74e-331e-4cc7-94c9-298e830aa2fc@group-D184CC43F738, cid=18, SUCCESS, logIndex=19, commits[1534a74e-331e-4cc7-94c9-298e830aa2fc:c24, f129742c-a489-424c-8940-cb70e7f237f0:c20, 48953a3b-fa19-4ad6-b043-99e199343f31:c20]
2019-07-29 14:33:42,328 INFO  client.GrpcClientProtocolClient (GrpcClientProtocolClient.java:onNext(255)) - client-6FBE985626B9->1534a74e-331e-4cc7-94c9-298e830aa2fc: receive RaftClientReply:client-6FBE985626B9->1534a74e-331e-4cc7-94c9-298e830aa2fc@group-D184CC43F738, cid=19, SUCCESS, logIndex=20, commits[1534a74e-331e-4cc7-94c9-298e830aa2fc:c24, f129742c-a489-424c-8940-cb70e7f237f0:c20, 48953a3b-fa19-4ad6-b043-99e199343f31:c20]
2019-07-29 14:33:42,386 INFO  client.GrpcClientProtocolClient (GrpcClientProtocolClient.java:onNext(255)) - client-6FBE985626B9->1534a74e-331e-4cc7-94c9-298e830aa2fc: receive RaftClientReply:client-6FBE985626B9->1534a74e-331e-4cc7-94c9-298e830aa2fc@group-D184CC43F738, cid=20, SUCCESS, logIndex=25, commits[1534a74e-331e-4cc7-94c9-298e830aa2fc:c26, f129742c-a489-424c-8940-cb70e7f237f0:c24, 48953a3b-fa19-4ad6-b043-99e199343f31:c24]
2019-07-29 14:33:42,388 INFO  client.GrpcClientProtocolClient (GrpcClientProtocolClient.java:onNext(255)) - client-6FBE985626B9->1534a74e-331e-4cc7-94c9-298e830aa2fc: receive RaftClientReply:client-6FBE985626B9->1534a74e-331e-4cc7-94c9-298e830aa2fc@group-D184CC43F738, cid=21, SUCCESS, logIndex=26, commits[1534a74e-331e-4cc7-94c9-298e830aa2fc:c28, f129742c-a489-424c-8940-cb70e7f237f0:c24, 48953a3b-fa19-4ad6-b043-99e199343f31:c24]
2019-07-29 14:33:42,389 INFO  client.GrpcClientProtocolClient (GrpcClientProtocolClient.java:onNext(255)) - client-6FBE985626B9->1534a74e-331e-4cc7-94c9-298e830aa2fc: receive RaftClientReply:client-6FBE985626B9->1534a74e-331e-4cc7-94c9-298e830aa2fc@group-D184CC43F738, cid=22, SUCCESS, logIndex=27, commits[1534a74e-331e-4cc7-94c9-298e830aa2fc:c28, f129742c-a489-424c-8940-cb70e7f237f0:c24, 48953a3b-fa19-4ad6-b043-99e199343f31:c24]
2019-07-29 14:33:42,390 INFO  client.GrpcClientProtocolClient (GrpcClientProtocolClient.java:onNext(255)) - client-6FBE985626B9->1534a74e-331e-4cc7-94c9-298e830aa2fc: receive RaftClientReply:client-6FBE985626B9->1534a74e-331e-4cc7-94c9-298e830aa2fc@group-D184CC43F738, cid=23, SUCCESS, logIndex=28, commits[1534a74e-331e-4cc7-94c9-298e830aa2fc:c28, f129742c-a489-424c-8940-cb70e7f237f0:c24, 48953a3b-fa19-4ad6-b043-99e199343f31:c24]
2019-07-29 14:33:42,404 INFO  client.GrpcClientProtocolClient (GrpcClientProtocolClient.java:onNext(255)) - client-6FBE985626B9->1534a74e-331e-4cc7-94c9-298e830aa2fc: receive RaftClientReply:client-6FBE985626B9->1534a74e-331e-4cc7-94c9-298e830aa2fc@group-D184CC43F738, cid=24, SUCCESS, logIndex=0, commits[1534a74e-331e-4cc7-94c9-298e830aa2fc:c32, f129742c-a489-424c-8940-cb70e7f237f0:c28, 48953a3b-fa19-4ad6-b043-99e199343f31:c28]
2019-07-29 14:33:42,407 INFO  client.GrpcClientProtocolClient (GrpcClientProtocolClient.java:onNext(255)) - client-6FBE985626B9->1534a74e-331e-4cc7-94c9-298e830aa2fc: receive RaftClientReply:client-6FBE985626B9->1534a74e-331e-4cc7-94c9-298e830aa2fc@group-D184CC43F738, cid=25, SUCCESS, logIndex=0, commits[1534a74e-331e-4cc7-94c9-298e830aa2fc:c32, f129742c-a489-424c-8940-cb70e7f237f0:c28, 48953a3b-fa19-4ad6-b043-99e199343f31:c28]
2019-07-29 14:33:42,419 INFO  keyvalue.KeyValueHandler (ContainerUtils.java:logAndReturnError(146)) - Operation: CreateContainer : Trace ID: de72ddfcee086529:bb97f1eb223a0d04:b74a05d3c4fe4552:0 : Message: Container creation failed, due to disk out of space : Result: DISK_OUT_OF_SPACE
2019-07-29 14:33:42,425 INFO  keyvalue.KeyValueHandler (ContainerUtils.java:logAndReturnError(146)) - Operation: CreateContainer : Trace ID: de72ddfcee086529:4a58488f3edd82af:b74a05d3c4fe4552:0 : Message: Container creation failed, due to disk out of space : Result: DISK_OUT_OF_SPACE
2019-07-29 14:33:42,433 INFO  keyvalue.KeyValueHandler (ContainerUtils.java:logAndReturnError(146)) - Operation: CreateContainer : Trace ID: de72ddfcee086529:bb97f1eb223a0d04:b74a05d3c4fe4552:0 : Message: Container creation failed, due to disk out of space : Result: DISK_OUT_OF_SPACE
2019-07-29 14:33:42,435 INFO  keyvalue.KeyValueHandler (ContainerUtils.java:logAndReturnError(146)) - Operation: CreateContainer : Trace ID: de72ddfcee086529:bb97f1eb223a0d04:b74a05d3c4fe4552:0 : Message: Container creation failed, due to disk out of space : Result: DISK_OUT_OF_SPACE
2019-07-29 14:33:42,440 INFO  keyvalue.KeyValueHandler (ContainerUtils.java:logAndReturnError(146)) - Operation: CreateContainer : Trace ID: de72ddfcee086529:4a58488f3edd82af:b74a05d3c4fe4552:0 : Message: Container creation failed, due to disk out of space : Result: DISK_OUT_OF_SPACE
2019-07-29 14:33:42,440 INFO  keyvalue.KeyValueHandler (ContainerUtils.java:logAndReturnError(146)) - Operation: CreateContainer : Trace ID: de72ddfcee086529:4a58488f3edd82af:b74a05d3c4fe4552:0 : Message: Container creation failed, due to disk out of space : Result: DISK_OUT_OF_SPACE
14:33:42.422 [pool-37-thread-25] ERROR DNAudit - user=null | ip=null | op=WRITE_CHUNK {blockData=conID: 3 locID: 102525227241308163 bcsId: 0} | ret=FAILURE
org.apache.hadoop.hdds.scm.container.common.helpers.StorageContainerException: ContainerID 3 creation failed
	at org.apache.hadoop.ozone.container.common.impl.HddsDispatcher.dispatchRequest(HddsDispatcher.java:227) ~[classes/:?]
	at org.apache.hadoop.ozone.container.common.impl.HddsDispatcher.dispatch(HddsDispatcher.java:148) ~[classes/:?]
	at org.apache.hadoop.ozone.container.common.transport.server.ratis.ContainerStateMachine.dispatchCommand(ContainerStateMachine.java:374) ~[classes/:?]
	at org.apache.hadoop.ozone.container.common.transport.server.ratis.ContainerStateMachine.runCommand(ContainerStateMachine.java:381) ~[classes/:?]
	at org.apache.hadoop.ozone.container.common.transport.server.ratis.ContainerStateMachine.lambda$handleWriteChunk$1(ContainerStateMachine.java:412) ~[classes/:?]
	at java.util.concurrent.CompletableFuture$AsyncSupply.run(CompletableFuture.java:1590) [?:1.8.0_212]
	at java.util.concurrent.ThreadPoolExecutor.runWorker(ThreadPoolExecutor.java:1149) [?:1.8.0_212]
	at java.util.concurrent.ThreadPoolExecutor$Worker.run(ThreadPoolExecutor.java:624) [?:1.8.0_212]
	at java.lang.Thread.run(Thread.java:748) [?:1.8.0_212]
14:33:42.440 [pool-26-thread-10] ERROR DNAudit - user=null | ip=null | op=WRITE_CHUNK {blockData=conID: 3 locID: 102525227241308163 bcsId: 0} | ret=FAILURE
org.apache.hadoop.hdds.scm.container.common.helpers.StorageContainerException: ContainerID 3 creation failed
	at org.apache.hadoop.ozone.container.common.impl.HddsDispatcher.dispatchRequest(HddsDispatcher.java:227) ~[classes/:?]
	at org.apache.hadoop.ozone.container.common.impl.HddsDispatcher.dispatch(HddsDispatcher.java:148) ~[classes/:?]
	at org.apache.hadoop.ozone.container.common.transport.server.ratis.ContainerStateMachine.dispatchCommand(ContainerStateMachine.java:374) ~[classes/:?]
	at org.apache.hadoop.ozone.container.common.transport.server.ratis.ContainerStateMachine.runCommand(ContainerStateMachine.java:381) ~[classes/:?]
	at org.apache.hadoop.ozone.container.common.transport.server.ratis.ContainerStateMachine.lambda$handleWriteChunk$1(ContainerStateMachine.java:412) ~[classes/:?]
	at java.util.concurrent.CompletableFuture$AsyncSupply.run(CompletableFuture.java:1590) [?:1.8.0_212]
	at java.util.concurrent.ThreadPoolExecutor.runWorker(ThreadPoolExecutor.java:1149) [?:1.8.0_212]
	at java.util.concurrent.ThreadPoolExecutor$Worker.run(ThreadPoolExecutor.java:624) [?:1.8.0_212]
	at java.lang.Thread.run(Thread.java:748) [?:1.8.0_212]
14:33:42.432 [pool-37-thread-28] ERROR DNAudit - user=null | ip=null | op=WRITE_CHUNK {blockData=conID: 3 locID: 102525227241308163 bcsId: 0} | ret=FAILURE
org.apache.hadoop.hdds.scm.container.common.helpers.StorageContainerException: ContainerID 3 creation failed
	at org.apache.hadoop.ozone.container.common.impl.HddsDispatcher.dispatchRequest(HddsDispatcher.java:227) ~[classes/:?]
	at org.apache.hadoop.ozone.container.common.impl.HddsDispatcher.dispatch(HddsDispatcher.java:148) ~[classes/:?]
	at org.apache.hadoop.ozone.container.common.transport.server.ratis.ContainerStateMachine.dispatchCommand(ContainerStateMachine.java:374) ~[classes/:?]
	at org.apache.hadoop.ozone.container.common.transport.server.ratis.ContainerStateMachine.runCommand(ContainerStateMachine.java:381) ~[classes/:?]
	at org.apache.hadoop.ozone.container.common.transport.server.ratis.ContainerStateMachine.lambda$handleWriteChunk$1(ContainerStateMachine.java:412) ~[classes/:?]
	at java.util.concurrent.CompletableFuture$AsyncSupply.run(CompletableFuture.java:1590) [?:1.8.0_212]
	at java.util.concurrent.ThreadPoolExecutor.runWorker(ThreadPoolExecutor.java:1149) [?:1.8.0_212]
	at java.util.concurrent.ThreadPoolExecutor$Worker.run(ThreadPoolExecutor.java:624) [?:1.8.0_212]
	at java.lang.Thread.run(Thread.java:748) [?:1.8.0_212]
14:33:42.435 [pool-26-thread-9] ERROR DNAudit - user=null | ip=null | op=WRITE_CHUNK {blockData=conID: 3 locID: 102525227241308163 bcsId: 0} | ret=FAILURE
org.apache.hadoop.hdds.scm.container.common.helpers.StorageContainerException: ContainerID 3 creation failed
	at org.apache.hadoop.ozone.container.common.impl.HddsDispatcher.dispatchRequest(HddsDispatcher.java:227) ~[classes/:?]
	at org.apache.hadoop.ozone.container.common.impl.HddsDispatcher.dispatch(HddsDispatcher.java:148) ~[classes/:?]
	at org.apache.hadoop.ozone.container.common.transport.server.ratis.ContainerStateMachine.dispatchCommand(ContainerStateMachine.java:374) ~[classes/:?]
	at org.apache.hadoop.ozone.container.common.transport.server.ratis.ContainerStateMachine.runCommand(ContainerStateMachine.java:381) ~[classes/:?]
	at org.apache.hadoop.ozone.container.common.transport.server.ratis.ContainerStateMachine.lambda$handleWriteChunk$1(ContainerStateMachine.java:412) ~[classes/:?]
	at java.util.concurrent.CompletableFuture$AsyncSupply.run(CompletableFuture.java:1590) [?:1.8.0_212]
	at java.util.concurrent.ThreadPoolExecutor.runWorker(ThreadPoolExecutor.java:1149) [?:1.8.0_212]
	at java.util.concurrent.ThreadPoolExecutor$Worker.run(ThreadPoolExecutor.java:624) [?:1.8.0_212]
	at java.lang.Thread.run(Thread.java:748) [?:1.8.0_212]
14:33:42.440 [pool-48-thread-10] ERROR DNAudit - user=null | ip=null | op=WRITE_CHUNK {blockData=conID: 3 locID: 102525227241308163 bcsId: 0} | ret=FAILURE
org.apache.hadoop.hdds.scm.container.common.helpers.StorageContainerException: ContainerID 3 creation failed
	at org.apache.hadoop.ozone.container.common.impl.HddsDispatcher.dispatchRequest(HddsDispatcher.java:227) ~[classes/:?]
	at org.apache.hadoop.ozone.container.common.impl.HddsDispatcher.dispatch(HddsDispatcher.java:148) ~[classes/:?]
	at org.apache.hadoop.ozone.container.common.transport.server.ratis.ContainerStateMachine.dispatchCommand(ContainerStateMachine.java:374) ~[classes/:?]
	at org.apache.hadoop.ozone.container.common.transport.server.ratis.ContainerStateMachine.runCommand(ContainerStateMachine.java:381) ~[classes/:?]
	at org.apache.hadoop.ozone.container.common.transport.server.ratis.ContainerStateMachine.lambda$handleWriteChunk$1(ContainerStateMachine.java:412) ~[classes/:?]
	at java.util.concurrent.CompletableFuture$AsyncSupply.run(CompletableFuture.java:1590) [?:1.8.0_212]
	at java.util.concurrent.ThreadPoolExecutor.runWorker(ThreadPoolExecutor.java:1149) [?:1.8.0_212]
	at java.util.concurrent.ThreadPoolExecutor$Worker.run(ThreadPoolExecutor.java:624) [?:1.8.0_212]
	at java.lang.Thread.run(Thread.java:748) [?:1.8.0_212]
14:33:42.434 [pool-48-thread-9] ERROR DNAudit - user=null | ip=null | op=WRITE_CHUNK {blockData=conID: 3 locID: 102525227241308163 bcsId: 0} | ret=FAILURE
org.apache.hadoop.hdds.scm.container.common.helpers.StorageContainerException: ContainerID 3 creation failed
	at org.apache.hadoop.ozone.container.common.impl.HddsDispatcher.dispatchRequest(HddsDispatcher.java:227) ~[classes/:?]
	at org.apache.hadoop.ozone.container.common.impl.HddsDispatcher.dispatch(HddsDispatcher.java:148) ~[classes/:?]
	at org.apache.hadoop.ozone.container.common.transport.server.ratis.ContainerStateMachine.dispatchCommand(ContainerStateMachine.java:374) ~[classes/:?]
	at org.apache.hadoop.ozone.container.common.transport.server.ratis.ContainerStateMachine.runCommand(ContainerStateMachine.java:381) ~[classes/:?]
	at org.apache.hadoop.ozone.container.common.transport.server.ratis.ContainerStateMachine.lambda$handleWriteChunk$1(ContainerStateMachine.java:412) ~[classes/:?]
	at java.util.concurrent.CompletableFuture$AsyncSupply.run(CompletableFuture.java:1590) [?:1.8.0_212]
	at java.util.concurrent.ThreadPoolExecutor.runWorker(ThreadPoolExecutor.java:1149) [?:1.8.0_212]
	at java.util.concurrent.ThreadPoolExecutor$Worker.run(ThreadPoolExecutor.java:624) [?:1.8.0_212]
	at java.lang.Thread.run(Thread.java:748) [?:1.8.0_212]
2019-07-29 14:33:42,444 INFO  impl.HddsDispatcher (ContainerUtils.java:logAndReturnError(146)) - Operation: WriteChunk : Trace ID: de72ddfcee086529:4a58488f3edd82af:b74a05d3c4fe4552:0 : Message: ContainerID 3 creation failed : Result: DISK_OUT_OF_SPACE
2019-07-29 14:33:42,445 INFO  impl.HddsDispatcher (ContainerUtils.java:logAndReturnError(146)) - Operation: WriteChunk : Trace ID: de72ddfcee086529:bb97f1eb223a0d04:b74a05d3c4fe4552:0 : Message: ContainerID 3 creation failed : Result: DISK_OUT_OF_SPACE
2019-07-29 14:33:42,445 INFO  impl.HddsDispatcher (ContainerUtils.java:logAndReturnError(146)) - Operation: WriteChunk : Trace ID: de72ddfcee086529:bb97f1eb223a0d04:b74a05d3c4fe4552:0 : Message: ContainerID 3 creation failed : Result: DISK_OUT_OF_SPACE
2019-07-29 14:33:42,446 INFO  impl.HddsDispatcher (ContainerUtils.java:logAndReturnError(146)) - Operation: WriteChunk : Trace ID: de72ddfcee086529:bb97f1eb223a0d04:b74a05d3c4fe4552:0 : Message: ContainerID 3 creation failed : Result: DISK_OUT_OF_SPACE
2019-07-29 14:33:42,446 INFO  impl.HddsDispatcher (ContainerUtils.java:logAndReturnError(146)) - Operation: WriteChunk : Trace ID: de72ddfcee086529:4a58488f3edd82af:b74a05d3c4fe4552:0 : Message: ContainerID 3 creation failed : Result: DISK_OUT_OF_SPACE
2019-07-29 14:33:42,446 INFO  impl.HddsDispatcher (ContainerUtils.java:logAndReturnError(146)) - Operation: WriteChunk : Trace ID: de72ddfcee086529:4a58488f3edd82af:b74a05d3c4fe4552:0 : Message: ContainerID 3 creation failed : Result: DISK_OUT_OF_SPACE
14:33:42.461 [RatisApplyTransactionExecutor 3] ERROR DNAudit - user=null | ip=null | op=WRITE_CHUNK {blockData=conID: 3 locID: 102525227241308163 bcsId: 0} | ret=FAILURE
org.apache.hadoop.hdds.scm.container.common.helpers.StorageContainerException: ContainerID 3 does not exist
	at org.apache.hadoop.ozone.container.common.impl.HddsDispatcher.dispatchRequest(HddsDispatcher.java:242) ~[classes/:?]
	at org.apache.hadoop.ozone.container.common.impl.HddsDispatcher.dispatch(HddsDispatcher.java:148) ~[classes/:?]
	at org.apache.hadoop.ozone.container.common.transport.server.ratis.ContainerStateMachine.dispatchCommand(ContainerStateMachine.java:374) ~[classes/:?]
	at org.apache.hadoop.ozone.container.common.transport.server.ratis.ContainerStateMachine.runCommand(ContainerStateMachine.java:381) ~[classes/:?]
	at org.apache.hadoop.ozone.container.common.transport.server.ratis.ContainerStateMachine.lambda$applyTransaction$6(ContainerStateMachine.java:647) ~[classes/:?]
	at java.util.concurrent.CompletableFuture$AsyncSupply.run(CompletableFuture.java:1590) [?:1.8.0_212]
	at java.util.concurrent.ThreadPoolExecutor.runWorker(ThreadPoolExecutor.java:1149) [?:1.8.0_212]
	at java.util.concurrent.ThreadPoolExecutor$Worker.run(ThreadPoolExecutor.java:624) [?:1.8.0_212]
	at java.lang.Thread.run(Thread.java:748) [?:1.8.0_212]
2019-07-29 14:33:42,462 INFO  impl.HddsDispatcher (ContainerUtils.java:logAndReturnError(146)) - Operation: WriteChunk : Trace ID: de72ddfcee086529:bb97f1eb223a0d04:b74a05d3c4fe4552:0 : Message: ContainerID 3 does not exist : Result: CONTAINER_NOT_FOUND
14:33:42.463 [RatisApplyTransactionExecutor 3] ERROR DNAudit - user=null | ip=null | op=PUT_BLOCK {blockData=[blockId=conID: 3 locID: 102525227241308163 bcsId: 0,size=1048576]} | ret=FAILURE
org.apache.hadoop.hdds.scm.container.common.helpers.StorageContainerException: ContainerID 3 does not exist
	at org.apache.hadoop.ozone.container.common.impl.HddsDispatcher.dispatchRequest(HddsDispatcher.java:242) ~[classes/:?]
	at org.apache.hadoop.ozone.container.common.impl.HddsDispatcher.dispatch(HddsDispatcher.java:148) ~[classes/:?]
	at org.apache.hadoop.ozone.container.common.transport.server.ratis.ContainerStateMachine.dispatchCommand(ContainerStateMachine.java:374) ~[classes/:?]
	at org.apache.hadoop.ozone.container.common.transport.server.ratis.ContainerStateMachine.runCommand(ContainerStateMachine.java:381) ~[classes/:?]
	at org.apache.hadoop.ozone.container.common.transport.server.ratis.ContainerStateMachine.lambda$applyTransaction$6(ContainerStateMachine.java:647) ~[classes/:?]
	at java.util.concurrent.CompletableFuture$AsyncSupply.run(CompletableFuture.java:1590) [?:1.8.0_212]
	at java.util.concurrent.ThreadPoolExecutor.runWorker(ThreadPoolExecutor.java:1149) [?:1.8.0_212]
	at java.util.concurrent.ThreadPoolExecutor$Worker.run(ThreadPoolExecutor.java:624) [?:1.8.0_212]
	at java.lang.Thread.run(Thread.java:748) [?:1.8.0_212]
2019-07-29 14:33:42,463 INFO  impl.HddsDispatcher (ContainerUtils.java:logAndReturnError(146)) - Operation: PutBlock : Trace ID: de72ddfcee086529:5eebadbfa8504554:b74a05d3c4fe4552:0 : Message: ContainerID 3 does not exist : Result: CONTAINER_NOT_FOUND
2019-07-29 14:33:42,464 INFO  client.GrpcClientProtocolClient (GrpcClientProtocolClient.java:onNext(255)) - client-6FBE985626B9->1534a74e-331e-4cc7-94c9-298e830aa2fc: receive RaftClientReply:client-6FBE985626B9->1534a74e-331e-4cc7-94c9-298e830aa2fc@group-D184CC43F738, cid=26, SUCCESS, logIndex=33, commits[1534a74e-331e-4cc7-94c9-298e830aa2fc:c36, f129742c-a489-424c-8940-cb70e7f237f0:c32, 48953a3b-fa19-4ad6-b043-99e199343f31:c32]
14:33:42.464 [RatisApplyTransactionExecutor 3] ERROR DNAudit - user=null | ip=null | op=WRITE_CHUNK {blockData=conID: 3 locID: 102525227241308163 bcsId: 0} | ret=FAILURE
org.apache.hadoop.hdds.scm.container.common.helpers.StorageContainerException: ContainerID 3 does not exist
	at org.apache.hadoop.ozone.container.common.impl.HddsDispatcher.dispatchRequest(HddsDispatcher.java:242) ~[classes/:?]
	at org.apache.hadoop.ozone.container.common.impl.HddsDispatcher.dispatch(HddsDispatcher.java:148) ~[classes/:?]
	at org.apache.hadoop.ozone.container.common.transport.server.ratis.ContainerStateMachine.dispatchCommand(ContainerStateMachine.java:374) ~[classes/:?]
	at org.apache.hadoop.ozone.container.common.transport.server.ratis.ContainerStateMachine.runCommand(ContainerStateMachine.java:381) ~[classes/:?]
	at org.apache.hadoop.ozone.container.common.transport.server.ratis.ContainerStateMachine.lambda$applyTransaction$6(ContainerStateMachine.java:647) ~[classes/:?]
	at java.util.concurrent.CompletableFuture$AsyncSupply.run(CompletableFuture.java:1590) [?:1.8.0_212]
	at java.util.concurrent.ThreadPoolExecutor.runWorker(ThreadPoolExecutor.java:1149) [?:1.8.0_212]
	at java.util.concurrent.ThreadPoolExecutor$Worker.run(ThreadPoolExecutor.java:624) [?:1.8.0_212]
	at java.lang.Thread.run(Thread.java:748) [?:1.8.0_212]
2019-07-29 14:33:42,464 INFO  impl.HddsDispatcher (ContainerUtils.java:logAndReturnError(146)) - Operation: WriteChunk : Trace ID: de72ddfcee086529:4a58488f3edd82af:b74a05d3c4fe4552:0 : Message: ContainerID 3 does not exist : Result: CONTAINER_NOT_FOUND
2019-07-29 14:33:42,465 INFO  client.GrpcClientProtocolClient (GrpcClientProtocolClient.java:onNext(255)) - client-6FBE985626B9->1534a74e-331e-4cc7-94c9-298e830aa2fc: receive RaftClientReply:client-6FBE985626B9->1534a74e-331e-4cc7-94c9-298e830aa2fc@group-D184CC43F738, cid=27, SUCCESS, logIndex=34, commits[1534a74e-331e-4cc7-94c9-298e830aa2fc:c36, f129742c-a489-424c-8940-cb70e7f237f0:c32, 48953a3b-fa19-4ad6-b043-99e199343f31:c32]
14:33:42.465 [RatisApplyTransactionExecutor 3] ERROR DNAudit - user=null | ip=null | op=PUT_BLOCK {blockData=[blockId=conID: 3 locID: 102525227241308163 bcsId: 0,size=2097152]} | ret=FAILURE
org.apache.hadoop.hdds.scm.container.common.helpers.StorageContainerException: ContainerID 3 does not exist
	at org.apache.hadoop.ozone.container.common.impl.HddsDispatcher.dispatchRequest(HddsDispatcher.java:242) ~[classes/:?]
	at org.apache.hadoop.ozone.container.common.impl.HddsDispatcher.dispatch(HddsDispatcher.java:148) ~[classes/:?]
	at org.apache.hadoop.ozone.container.common.transport.server.ratis.ContainerStateMachine.dispatchCommand(ContainerStateMachine.java:374) ~[classes/:?]
	at org.apache.hadoop.ozone.container.common.transport.server.ratis.ContainerStateMachine.runCommand(ContainerStateMachine.java:381) ~[classes/:?]
	at org.apache.hadoop.ozone.container.common.transport.server.ratis.ContainerStateMachine.lambda$applyTransaction$6(ContainerStateMachine.java:647) ~[classes/:?]
	at java.util.concurrent.CompletableFuture$AsyncSupply.run(CompletableFuture.java:1590) [?:1.8.0_212]
	at java.util.concurrent.ThreadPoolExecutor.runWorker(ThreadPoolExecutor.java:1149) [?:1.8.0_212]
	at java.util.concurrent.ThreadPoolExecutor$Worker.run(ThreadPoolExecutor.java:624) [?:1.8.0_212]
	at java.lang.Thread.run(Thread.java:748) [?:1.8.0_212]
2019-07-29 14:33:42,465 INFO  impl.HddsDispatcher (ContainerUtils.java:logAndReturnError(146)) - Operation: PutBlock : Trace ID: de72ddfcee086529:16c5b0653f6aeb67:b74a05d3c4fe4552:0 : Message: ContainerID 3 does not exist : Result: CONTAINER_NOT_FOUND
2019-07-29 14:33:42,466 ERROR storage.BlockOutputStream (BlockOutputStream.java:validateResponse(531)) - Unexpected Storage Container Exception: 
org.apache.hadoop.hdds.scm.container.common.helpers.StorageContainerException: ContainerID 3 does not exist
	at org.apache.hadoop.hdds.scm.storage.ContainerProtocolCalls.validateContainerResponse(ContainerProtocolCalls.java:536)
	at org.apache.hadoop.hdds.scm.storage.BlockOutputStream.validateResponse(BlockOutputStream.java:529)
	at org.apache.hadoop.hdds.scm.storage.BlockOutputStream.lambda$writeChunkToContainer$2(BlockOutputStream.java:606)
	at java.util.concurrent.CompletableFuture.uniApply(CompletableFuture.java:602)
	at java.util.concurrent.CompletableFuture$UniApply.tryFire(CompletableFuture.java:577)
	at java.util.concurrent.CompletableFuture$Completion.run(CompletableFuture.java:442)
	at java.util.concurrent.ThreadPoolExecutor.runWorker(ThreadPoolExecutor.java:1149)
	at java.util.concurrent.ThreadPoolExecutor$Worker.run(ThreadPoolExecutor.java:624)
	at java.lang.Thread.run(Thread.java:748)
2019-07-29 14:33:42,466 INFO  client.GrpcClientProtocolClient (GrpcClientProtocolClient.java:onNext(255)) - client-6FBE985626B9->1534a74e-331e-4cc7-94c9-298e830aa2fc: receive RaftClientReply:client-6FBE985626B9->1534a74e-331e-4cc7-94c9-298e830aa2fc@group-D184CC43F738, cid=28, SUCCESS, logIndex=35, commits[1534a74e-331e-4cc7-94c9-298e830aa2fc:c36, f129742c-a489-424c-8940-cb70e7f237f0:c32, 48953a3b-fa19-4ad6-b043-99e199343f31:c32]
2019-07-29 14:33:42,469 INFO  client.GrpcClientProtocolClient (GrpcClientProtocolClient.java:onNext(255)) - client-6FBE985626B9->1534a74e-331e-4cc7-94c9-298e830aa2fc: receive RaftClientReply:client-6FBE985626B9->1534a74e-331e-4cc7-94c9-298e830aa2fc@group-D184CC43F738, cid=29, SUCCESS, logIndex=36, commits[1534a74e-331e-4cc7-94c9-298e830aa2fc:c36, f129742c-a489-424c-8940-cb70e7f237f0:c32, 48953a3b-fa19-4ad6-b043-99e199343f31:c32]
2019-07-29 14:33:42,472 ERROR freon.RandomKeyGenerator (RandomKeyGenerator.java:createKey(730)) - Exception while adding key: key-0-05472 in bucket: bucket-0-79309 of volume: vol-0-36450.
java.io.IOException: Unexpected Storage Container Exception: org.apache.hadoop.hdds.scm.container.common.helpers.StorageContainerException: ContainerID 3 does not exist
	at org.apache.hadoop.hdds.scm.storage.BlockOutputStream.setIoException(BlockOutputStream.java:541)
	at org.apache.hadoop.hdds.scm.storage.BlockOutputStream.validateResponse(BlockOutputStream.java:532)
	at org.apache.hadoop.hdds.scm.storage.BlockOutputStream.lambda$writeChunkToContainer$2(BlockOutputStream.java:606)
	at java.util.concurrent.CompletableFuture.uniApply(CompletableFuture.java:602)
	at java.util.concurrent.CompletableFuture$UniApply.tryFire(CompletableFuture.java:577)
	at java.util.concurrent.CompletableFuture$Completion.run(CompletableFuture.java:442)
	at java.util.concurrent.ThreadPoolExecutor.runWorker(ThreadPoolExecutor.java:1149)
	at java.util.concurrent.ThreadPoolExecutor$Worker.run(ThreadPoolExecutor.java:624)
	at java.lang.Thread.run(Thread.java:748)
Caused by: org.apache.hadoop.hdds.scm.container.common.helpers.StorageContainerException: ContainerID 3 does not exist
	at org.apache.hadoop.hdds.scm.storage.ContainerProtocolCalls.validateContainerResponse(ContainerProtocolCalls.java:536)
	at org.apache.hadoop.hdds.scm.storage.BlockOutputStream.validateResponse(BlockOutputStream.java:529)
	... 7 more
14:33:42.473 [RatisApplyTransactionExecutor 3] ERROR DNAudit - user=null | ip=null | op=WRITE_CHUNK {blockData=conID: 3 locID: 102525227241308163 bcsId: 0} | ret=FAILURE
org.apache.hadoop.hdds.scm.container.common.helpers.StorageContainerException: ContainerID 3 does not exist
	at org.apache.hadoop.ozone.container.common.impl.HddsDispatcher.dispatchRequest(HddsDispatcher.java:242) ~[classes/:?]
	at org.apache.hadoop.ozone.container.common.impl.HddsDispatcher.dispatch(HddsDispatcher.java:148) ~[classes/:?]
	at org.apache.hadoop.ozone.container.common.transport.server.ratis.ContainerStateMachine.dispatchCommand(ContainerStateMachine.java:374) ~[classes/:?]
	at org.apache.hadoop.ozone.container.common.transport.server.ratis.ContainerStateMachine.runCommand(ContainerStateMachine.java:381) ~[classes/:?]
	at org.apache.hadoop.ozone.container.common.transport.server.ratis.ContainerStateMachine.lambda$applyTransaction$6(ContainerStateMachine.java:647) ~[classes/:?]
	at java.util.concurrent.CompletableFuture$AsyncSupply.run(CompletableFuture.java:1590) [?:1.8.0_212]
	at java.util.concurrent.ThreadPoolExecutor.runWorker(ThreadPoolExecutor.java:1149) [?:1.8.0_212]
	at java.util.concurrent.ThreadPoolExecutor$Worker.run(ThreadPoolExecutor.java:624) [?:1.8.0_212]
	at java.lang.Thread.run(Thread.java:748) [?:1.8.0_212]
2019-07-29 14:33:42,473 INFO  impl.HddsDispatcher (ContainerUtils.java:logAndReturnError(146)) - Operation: WriteChunk : Trace ID: de72ddfcee086529:bb97f1eb223a0d04:b74a05d3c4fe4552:0 : Message: ContainerID 3 does not exist : Result: CONTAINER_NOT_FOUND
14:33:42.473 [RatisApplyTransactionExecutor 3] ERROR DNAudit - user=null | ip=null | op=WRITE_CHUNK {blockData=conID: 3 locID: 102525227241308163 bcsId: 0} | ret=FAILURE
org.apache.hadoop.hdds.scm.container.common.helpers.StorageContainerException: ContainerID 3 does not exist
	at org.apache.hadoop.ozone.container.common.impl.HddsDispatcher.dispatchRequest(HddsDispatcher.java:242) ~[classes/:?]
	at org.apache.hadoop.ozone.container.common.impl.HddsDispatcher.dispatch(HddsDispatcher.java:148) ~[classes/:?]
	at org.apache.hadoop.ozone.container.common.transport.server.ratis.ContainerStateMachine.dispatchCommand(ContainerStateMachine.java:374) ~[classes/:?]
	at org.apache.hadoop.ozone.container.common.transport.server.ratis.ContainerStateMachine.runCommand(ContainerStateMachine.java:381) ~[classes/:?]
	at org.apache.hadoop.ozone.container.common.transport.server.ratis.ContainerStateMachine.lambda$applyTransaction$6(ContainerStateMachine.java:647) ~[classes/:?]
	at java.util.concurrent.CompletableFuture$AsyncSupply.run(CompletableFuture.java:1590) [?:1.8.0_212]
	at java.util.concurrent.ThreadPoolExecutor.runWorker(ThreadPoolExecutor.java:1149) [?:1.8.0_212]
	at java.util.concurrent.ThreadPoolExecutor$Worker.run(ThreadPoolExecutor.java:624) [?:1.8.0_212]
	at java.lang.Thread.run(Thread.java:748) [?:1.8.0_212]
2019-07-29 14:33:42,474 INFO  impl.HddsDispatcher (ContainerUtils.java:logAndReturnError(146)) - Operation: WriteChunk : Trace ID: de72ddfcee086529:bb97f1eb223a0d04:b74a05d3c4fe4552:0 : Message: ContainerID 3 does not exist : Result: CONTAINER_NOT_FOUND
14:33:42.474 [RatisApplyTransactionExecutor 3] ERROR DNAudit - user=null | ip=null | op=PUT_BLOCK {blockData=[blockId=conID: 3 locID: 102525227241308163 bcsId: 0,size=1048576]} | ret=FAILURE
org.apache.hadoop.hdds.scm.container.common.helpers.StorageContainerException: ContainerID 3 does not exist
	at org.apache.hadoop.ozone.container.common.impl.HddsDispatcher.dispatchRequest(HddsDispatcher.java:242) ~[classes/:?]
	at org.apache.hadoop.ozone.container.common.impl.HddsDispatcher.dispatch(HddsDispatcher.java:148) ~[classes/:?]
	at org.apache.hadoop.ozone.container.common.transport.server.ratis.ContainerStateMachine.dispatchCommand(ContainerStateMachine.java:374) ~[classes/:?]
	at org.apache.hadoop.ozone.container.common.transport.server.ratis.ContainerStateMachine.runCommand(ContainerStateMachine.java:381) ~[classes/:?]
	at org.apache.hadoop.ozone.container.common.transport.server.ratis.ContainerStateMachine.lambda$applyTransaction$6(ContainerStateMachine.java:647) ~[classes/:?]
	at java.util.concurrent.CompletableFuture$AsyncSupply.run(CompletableFuture.java:1590) [?:1.8.0_212]
	at java.util.concurrent.ThreadPoolExecutor.runWorker(ThreadPoolExecutor.java:1149) [?:1.8.0_212]
	at java.util.concurrent.ThreadPoolExecutor$Worker.run(ThreadPoolExecutor.java:624) [?:1.8.0_212]
	at java.lang.Thread.run(Thread.java:748) [?:1.8.0_212]
2019-07-29 14:33:42,474 INFO  impl.HddsDispatcher (ContainerUtils.java:logAndReturnError(146)) - Operation: PutBlock : Trace ID: de72ddfcee086529:5eebadbfa8504554:b74a05d3c4fe4552:0 : Message: ContainerID 3 does not exist : Result: CONTAINER_NOT_FOUND
14:33:42.475 [RatisApplyTransactionExecutor 3] ERROR DNAudit - user=null | ip=null | op=PUT_BLOCK {blockData=[blockId=conID: 3 locID: 102525227241308163 bcsId: 0,size=1048576]} | ret=FAILURE
org.apache.hadoop.hdds.scm.container.common.helpers.StorageContainerException: ContainerID 3 does not exist
	at org.apache.hadoop.ozone.container.common.impl.HddsDispatcher.dispatchRequest(HddsDispatcher.java:242) ~[classes/:?]
	at org.apache.hadoop.ozone.container.common.impl.HddsDispatcher.dispatch(HddsDispatcher.java:148) ~[classes/:?]
	at org.apache.hadoop.ozone.container.common.transport.server.ratis.ContainerStateMachine.dispatchCommand(ContainerStateMachine.java:374) ~[classes/:?]
	at org.apache.hadoop.ozone.container.common.transport.server.ratis.ContainerStateMachine.runCommand(ContainerStateMachine.java:381) ~[classes/:?]
	at org.apache.hadoop.ozone.container.common.transport.server.ratis.ContainerStateMachine.lambda$applyTransaction$6(ContainerStateMachine.java:647) ~[classes/:?]
	at java.util.concurrent.CompletableFuture$AsyncSupply.run(CompletableFuture.java:1590) [?:1.8.0_212]
	at java.util.concurrent.ThreadPoolExecutor.runWorker(ThreadPoolExecutor.java:1149) [?:1.8.0_212]
	at java.util.concurrent.ThreadPoolExecutor$Worker.run(ThreadPoolExecutor.java:624) [?:1.8.0_212]
	at java.lang.Thread.run(Thread.java:748) [?:1.8.0_212]
2019-07-29 14:33:42,475 INFO  impl.HddsDispatcher (ContainerUtils.java:logAndReturnError(146)) - Operation: PutBlock : Trace ID: de72ddfcee086529:5eebadbfa8504554:b74a05d3c4fe4552:0 : Message: ContainerID 3 does not exist : Result: CONTAINER_NOT_FOUND
14:33:42.485 [RatisApplyTransactionExecutor 3] ERROR DNAudit - user=null | ip=null | op=WRITE_CHUNK {blockData=conID: 3 locID: 102525227241308163 bcsId: 0} | ret=FAILURE
org.apache.hadoop.hdds.scm.container.common.helpers.StorageContainerException: ContainerID 3 does not exist
	at org.apache.hadoop.ozone.container.common.impl.HddsDispatcher.dispatchRequest(HddsDispatcher.java:242) ~[classes/:?]
	at org.apache.hadoop.ozone.container.common.impl.HddsDispatcher.dispatch(HddsDispatcher.java:148) ~[classes/:?]
	at org.apache.hadoop.ozone.container.common.transport.server.ratis.ContainerStateMachine.dispatchCommand(ContainerStateMachine.java:374) ~[classes/:?]
	at org.apache.hadoop.ozone.container.common.transport.server.ratis.ContainerStateMachine.runCommand(ContainerStateMachine.java:381) ~[classes/:?]
	at org.apache.hadoop.ozone.container.common.transport.server.ratis.ContainerStateMachine.lambda$applyTransaction$6(ContainerStateMachine.java:647) ~[classes/:?]
	at java.util.concurrent.CompletableFuture$AsyncSupply.run(CompletableFuture.java:1590) [?:1.8.0_212]
	at java.util.concurrent.ThreadPoolExecutor.runWorker(ThreadPoolExecutor.java:1149) [?:1.8.0_212]
	at java.util.concurrent.ThreadPoolExecutor$Worker.run(ThreadPoolExecutor.java:624) [?:1.8.0_212]
	at java.lang.Thread.run(Thread.java:748) [?:1.8.0_212]
14:33:42.485 [RatisApplyTransactionExecutor 3] ERROR DNAudit - user=null | ip=null | op=WRITE_CHUNK {blockData=conID: 3 locID: 102525227241308163 bcsId: 0} | ret=FAILURE
org.apache.hadoop.hdds.scm.container.common.helpers.StorageContainerException: ContainerID 3 does not exist
	at org.apache.hadoop.ozone.container.common.impl.HddsDispatcher.dispatchRequest(HddsDispatcher.java:242) ~[classes/:?]
	at org.apache.hadoop.ozone.container.common.impl.HddsDispatcher.dispatch(HddsDispatcher.java:148) ~[classes/:?]
	at org.apache.hadoop.ozone.container.common.transport.server.ratis.ContainerStateMachine.dispatchCommand(ContainerStateMachine.java:374) ~[classes/:?]
	at org.apache.hadoop.ozone.container.common.transport.server.ratis.ContainerStateMachine.runCommand(ContainerStateMachine.java:381) ~[classes/:?]
	at org.apache.hadoop.ozone.container.common.transport.server.ratis.ContainerStateMachine.lambda$applyTransaction$6(ContainerStateMachine.java:647) ~[classes/:?]
	at java.util.concurrent.CompletableFuture$AsyncSupply.run(CompletableFuture.java:1590) [?:1.8.0_212]
	at java.util.concurrent.ThreadPoolExecutor.runWorker(ThreadPoolExecutor.java:1149) [?:1.8.0_212]
	at java.util.concurrent.ThreadPoolExecutor$Worker.run(ThreadPoolExecutor.java:624) [?:1.8.0_212]
	at java.lang.Thread.run(Thread.java:748) [?:1.8.0_212]
2019-07-29 14:33:42,485 INFO  impl.HddsDispatcher (ContainerUtils.java:logAndReturnError(146)) - Operation: WriteChunk : Trace ID: de72ddfcee086529:4a58488f3edd82af:b74a05d3c4fe4552:0 : Message: ContainerID 3 does not exist : Result: CONTAINER_NOT_FOUND
2019-07-29 14:33:42,485 INFO  impl.HddsDispatcher (ContainerUtils.java:logAndReturnError(146)) - Operation: WriteChunk : Trace ID: de72ddfcee086529:4a58488f3edd82af:b74a05d3c4fe4552:0 : Message: ContainerID 3 does not exist : Result: CONTAINER_NOT_FOUND
14:33:42.486 [RatisApplyTransactionExecutor 3] ERROR DNAudit - user=null | ip=null | op=PUT_BLOCK {blockData=[blockId=conID: 3 locID: 102525227241308163 bcsId: 0,size=2097152]} | ret=FAILURE
org.apache.hadoop.hdds.scm.container.common.helpers.StorageContainerException: ContainerID 3 does not exist
	at org.apache.hadoop.ozone.container.common.impl.HddsDispatcher.dispatchRequest(HddsDispatcher.java:242) ~[classes/:?]
	at org.apache.hadoop.ozone.container.common.impl.HddsDispatcher.dispatch(HddsDispatcher.java:148) ~[classes/:?]
	at org.apache.hadoop.ozone.container.common.transport.server.ratis.ContainerStateMachine.dispatchCommand(ContainerStateMachine.java:374) ~[classes/:?]
	at org.apache.hadoop.ozone.container.common.transport.server.ratis.ContainerStateMachine.runCommand(ContainerStateMachine.java:381) ~[classes/:?]
	at org.apache.hadoop.ozone.container.common.transport.server.ratis.ContainerStateMachine.lambda$applyTransaction$6(ContainerStateMachine.java:647) ~[classes/:?]
	at java.util.concurrent.CompletableFuture$AsyncSupply.run(CompletableFuture.java:1590) [?:1.8.0_212]
	at java.util.concurrent.ThreadPoolExecutor.runWorker(ThreadPoolExecutor.java:1149) [?:1.8.0_212]
	at java.util.concurrent.ThreadPoolExecutor$Worker.run(ThreadPoolExecutor.java:624) [?:1.8.0_212]
	at java.lang.Thread.run(Thread.java:748) [?:1.8.0_212]
2019-07-29 14:33:42,488 INFO  impl.HddsDispatcher (ContainerUtils.java:logAndReturnError(146)) - Operation: PutBlock : Trace ID: de72ddfcee086529:16c5b0653f6aeb67:b74a05d3c4fe4552:0 : Message: ContainerID 3 does not exist : Result: CONTAINER_NOT_FOUND
14:33:42.487 [RatisApplyTransactionExecutor 3] ERROR DNAudit - user=null | ip=null | op=PUT_BLOCK {blockData=[blockId=conID: 3 locID: 102525227241308163 bcsId: 0,size=2097152]} | ret=FAILURE
org.apache.hadoop.hdds.scm.container.common.helpers.StorageContainerException: ContainerID 3 does not exist
	at org.apache.hadoop.ozone.container.common.impl.HddsDispatcher.dispatchRequest(HddsDispatcher.java:242) ~[classes/:?]
	at org.apache.hadoop.ozone.container.common.impl.HddsDispatcher.dispatch(HddsDispatcher.java:148) ~[classes/:?]
	at org.apache.hadoop.ozone.container.common.transport.server.ratis.ContainerStateMachine.dispatchCommand(ContainerStateMachine.java:374) ~[classes/:?]
	at org.apache.hadoop.ozone.container.common.transport.server.ratis.ContainerStateMachine.runCommand(ContainerStateMachine.java:381) ~[classes/:?]
	at org.apache.hadoop.ozone.container.common.transport.server.ratis.ContainerStateMachine.lambda$applyTransaction$6(ContainerStateMachine.java:647) ~[classes/:?]
	at java.util.concurrent.CompletableFuture$AsyncSupply.run(CompletableFuture.java:1590) [?:1.8.0_212]
	at java.util.concurrent.ThreadPoolExecutor.runWorker(ThreadPoolExecutor.java:1149) [?:1.8.0_212]
	at java.util.concurrent.ThreadPoolExecutor$Worker.run(ThreadPoolExecutor.java:624) [?:1.8.0_212]
	at java.lang.Thread.run(Thread.java:748) [?:1.8.0_212]
2019-07-29 14:33:42,488 INFO  impl.HddsDispatcher (ContainerUtils.java:logAndReturnError(146)) - Operation: PutBlock : Trace ID: de72ddfcee086529:16c5b0653f6aeb67:b74a05d3c4fe4552:0 : Message: ContainerID 3 does not exist : Result: CONTAINER_NOT_FOUND
 0.00% |█                                                                                                    |  0/1 Time: 0:00:07 0.00% |█                                                                                                    |  0/1 Time: 0:00:08 0.00% |█                                                                                                    |  0/1 Time: 0:00:09 100.00% |█████████████████████████████████████████████████████████████████████████████████████████████████████|  1/1 Time: 0:00:10
]]></system-out>
    <system-err><![CDATA[ERROR StatusLogger No Log4j 2 configuration file found. Using default configuration (logging only errors to the console), or user programmatically provided configurations. Set system property 'log4j2.debug' to show Log4j 2 internal initialization logging. See https://logging.apache.org/log4j/2.x/manual/configuration.html for instructions on how to configure Log4j 2
Jul 29, 2019 2:33:29 PM com.sun.jersey.server.impl.application.WebApplicationImpl _initiate
INFO: Initiating Jersey application, version 'Jersey: 1.19 02/11/2015 03:25 AM'
Jul 29, 2019 2:33:30 PM com.sun.jersey.server.impl.application.WebApplicationImpl _initiate
INFO: Initiating Jersey application, version 'Jersey: 1.19 02/11/2015 03:25 AM'
Jul 29, 2019 2:33:30 PM com.sun.jersey.server.impl.application.WebApplicationImpl _initiate
INFO: Initiating Jersey application, version 'Jersey: 1.19 02/11/2015 03:25 AM'
]]></system-err>
  </testcase>
</testsuite>