<?xml version="1.0" encoding="UTF-8"?>
<testsuite xmlns:xsi="http://www.w3.org/2001/XMLSchema-instance" xsi:noNamespaceSchemaLocation="https://maven.apache.org/surefire/maven-surefire-plugin/xsd/surefire-test-report.xsd" name="org.apache.hadoop.ozone.freon.TestFreonWithPipelineDestroy" time="47.182" tests="1" errors="1" skipped="0" failures="0">
  <properties>
    <property name="awt.toolkit" value="sun.awt.X11.XToolkit"/>
    <property name="file.encoding.pkg" value="sun.io"/>
    <property name="java.specification.version" value="1.8"/>
    <property name="sun.cpu.isalist" value=""/>
    <property name="sun.jnu.encoding" value="UTF-8"/>
    <property name="java.class.path" value="/workdir/hadoop-ozone/tools/target/test-classes:/workdir/hadoop-ozone/tools/target/classes:/home/user/.m2/repository/org/apache/hadoop/hadoop-ozone-ozone-manager/0.5.0-SNAPSHOT/hadoop-ozone-ozone-manager-0.5.0-SNAPSHOT.jar:/home/user/.m2/repository/org/apache/hadoop/hadoop-hdds-docs/0.5.0-SNAPSHOT/hadoop-hdds-docs-0.5.0-SNAPSHOT.jar:/home/user/.m2/repository/org/bouncycastle/bcprov-jdk15on/1.60/bcprov-jdk15on-1.60.jar:/home/user/.m2/repository/org/apache/hadoop/hadoop-ozone-common/0.5.0-SNAPSHOT/hadoop-ozone-common-0.5.0-SNAPSHOT.jar:/home/user/.m2/repository/org/apache/commons/commons-compress/1.4.1/commons-compress-1.4.1.jar:/home/user/.m2/repository/org/tukaani/xz/1.0/xz-1.0.jar:/home/user/.m2/repository/org/apache/hadoop/hadoop-hdfs-client/3.2.0/hadoop-hdfs-client-3.2.0.jar:/home/user/.m2/repository/com/fasterxml/jackson/core/jackson-annotations/2.9.5/jackson-annotations-2.9.5.jar:/home/user/.m2/repository/org/apache/hadoop/hadoop-hdds-common/0.5.0-SNAPSHOT/hadoop-hdds-common-0.5.0-SNAPSHOT.jar:/home/user/.m2/repository/org/apache/hadoop/hadoop-hdds-config/0.5.0-SNAPSHOT/hadoop-hdds-config-0.5.0-SNAPSHOT.jar:/home/user/.m2/repository/javax/annotation/javax.annotation-api/1.2/javax.annotation-api-1.2.jar:/home/user/.m2/repository/org/apache/ratis/ratis-server/0.4.0-2337318-SNAPSHOT/ratis-server-0.4.0-2337318-SNAPSHOT.jar:/home/user/.m2/repository/org/apache/ratis/ratis-thirdparty-misc/0.2.0/ratis-thirdparty-misc-0.2.0.jar:/home/user/.m2/repository/org/apache/ratis/ratis-proto/0.4.0-2337318-SNAPSHOT/ratis-proto-0.4.0-2337318-SNAPSHOT.jar:/home/user/.m2/repository/org/apache/ratis/ratis-common/0.4.0-2337318-SNAPSHOT/ratis-common-0.4.0-2337318-SNAPSHOT.jar:/home/user/.m2/repository/org/apache/ratis/ratis-client/0.4.0-2337318-SNAPSHOT/ratis-client-0.4.0-2337318-SNAPSHOT.jar:/home/user/.m2/repository/org/apache/ratis/ratis-metrics/0.4.0-2337318-SNAPSHOT/ratis-metrics-0.4.0-2337318-SNAPSHOT.jar:/home/user/.m2/repository/org/apache/ratis/ratis-netty/0.4.0-2337318-SNAPSHOT/ratis-netty-0.4.0-2337318-SNAPSHOT.jar:/home/user/.m2/repository/org/apache/ratis/ratis-grpc/0.4.0-2337318-SNAPSHOT/ratis-grpc-0.4.0-2337318-SNAPSHOT.jar:/home/user/.m2/repository/org/rocksdb/rocksdbjni/6.0.1/rocksdbjni-6.0.1.jar:/home/user/.m2/repository/org/apache/logging/log4j/log4j-api/2.11.0/log4j-api-2.11.0.jar:/home/user/.m2/repository/org/apache/logging/log4j/log4j-core/2.11.0/log4j-core-2.11.0.jar:/home/user/.m2/repository/com/lmax/disruptor/3.4.2/disruptor-3.4.2.jar:/home/user/.m2/repository/org/apache/commons/commons-pool2/2.6.0/commons-pool2-2.6.0.jar:/home/user/.m2/repository/org/bouncycastle/bcpkix-jdk15on/1.60/bcpkix-jdk15on-1.60.jar:/home/user/.m2/repository/commons-validator/commons-validator/1.6/commons-validator-1.6.jar:/home/user/.m2/repository/commons-digester/commons-digester/1.8.1/commons-digester-1.8.1.jar:/home/user/.m2/repository/io/jaegertracing/jaeger-client/0.33.1/jaeger-client-0.33.1.jar:/home/user/.m2/repository/io/jaegertracing/jaeger-thrift/0.33.1/jaeger-thrift-0.33.1.jar:/home/user/.m2/repository/org/apache/thrift/libthrift/0.11.0/libthrift-0.11.0.jar:/home/user/.m2/repository/com/squareup/okhttp3/okhttp/3.9.0/okhttp-3.9.0.jar:/home/user/.m2/repository/com/squareup/okio/okio/1.13.0/okio-1.13.0.jar:/home/user/.m2/repository/io/jaegertracing/jaeger-core/0.33.1/jaeger-core-0.33.1.jar:/home/user/.m2/repository/io/jaegertracing/jaeger-tracerresolver/0.33.1/jaeger-tracerresolver-0.33.1.jar:/home/user/.m2/repository/io/opentracing/contrib/opentracing-tracerresolver/0.1.5/opentracing-tracerresolver-0.1.5.jar:/home/user/.m2/repository/io/opentracing/opentracing-util/0.31.0/opentracing-util-0.31.0.jar:/home/user/.m2/repository/io/opentracing/opentracing-api/0.31.0/opentracing-api-0.31.0.jar:/home/user/.m2/repository/io/opentracing/opentracing-noop/0.31.0/opentracing-noop-0.31.0.jar:/home/user/.m2/repository/org/yaml/snakeyaml/1.16/snakeyaml-1.16.jar:/home/user/.m2/repository/org/apache/hadoop/hadoop-hdds-container-service/0.5.0-SNAPSHOT/hadoop-hdds-container-service-0.5.0-SNAPSHOT.jar:/home/user/.m2/repository/org/apache/hadoop/hadoop-hdds-client/0.5.0-SNAPSHOT/hadoop-hdds-client-0.5.0-SNAPSHOT.jar:/home/user/.m2/repository/org/apache/hadoop/hadoop-hdds-tools/0.5.0-SNAPSHOT/hadoop-hdds-tools-0.5.0-SNAPSHOT.jar:/home/user/.m2/repository/org/xerial/sqlite-jdbc/3.25.2/sqlite-jdbc-3.25.2.jar:/home/user/.m2/repository/org/apache/hadoop/hadoop-hdds-server-scm/0.5.0-SNAPSHOT/hadoop-hdds-server-scm-0.5.0-SNAPSHOT.jar:/home/user/.m2/repository/org/hamcrest/hamcrest-all/1.3/hamcrest-all-1.3.jar:/home/user/.m2/repository/info/picocli/picocli/3.9.6/picocli-3.9.6.jar:/home/user/.m2/repository/com/google/protobuf/protobuf-java/2.5.0/protobuf-java-2.5.0.jar:/home/user/.m2/repository/com/google/guava/guava/11.0.2/guava-11.0.2.jar:/home/user/.m2/repository/org/apache/hadoop/hadoop-ozone-client/0.5.0-SNAPSHOT/hadoop-ozone-client-0.5.0-SNAPSHOT.jar:/workdir/hadoop-ozone/ozonefs/target/classes:/home/user/.m2/repository/org/apache/hadoop/hadoop-hdds-server-framework/0.5.0-SNAPSHOT/hadoop-hdds-server-framework-0.5.0-SNAPSHOT.jar:/home/user/.m2/repository/org/apache/hadoop/hadoop-common/3.2.0/hadoop-common-3.2.0.jar:/home/user/.m2/repository/org/apache/hadoop/hadoop-annotations/3.2.0/hadoop-annotations-3.2.0.jar:/usr/lib/jvm/java-1.8-openjdk/jre/../lib/tools.jar:/home/user/.m2/repository/commons-cli/commons-cli/1.2/commons-cli-1.2.jar:/home/user/.m2/repository/org/apache/commons/commons-math3/3.1.1/commons-math3-3.1.1.jar:/home/user/.m2/repository/org/apache/httpcomponents/httpclient/4.5.2/httpclient-4.5.2.jar:/home/user/.m2/repository/org/apache/httpcomponents/httpcore/4.4.4/httpcore-4.4.4.jar:/home/user/.m2/repository/commons-codec/commons-codec/1.11/commons-codec-1.11.jar:/home/user/.m2/repository/commons-io/commons-io/2.5/commons-io-2.5.jar:/home/user/.m2/repository/commons-net/commons-net/3.6/commons-net-3.6.jar:/home/user/.m2/repository/commons-collections/commons-collections/3.2.2/commons-collections-3.2.2.jar:/home/user/.m2/repository/javax/servlet/javax.servlet-api/3.1.0/javax.servlet-api-3.1.0.jar:/home/user/.m2/repository/org/eclipse/jetty/jetty-server/9.3.24.v20180605/jetty-server-9.3.24.v20180605.jar:/home/user/.m2/repository/org/eclipse/jetty/jetty-http/9.3.24.v20180605/jetty-http-9.3.24.v20180605.jar:/home/user/.m2/repository/org/eclipse/jetty/jetty-io/9.3.24.v20180605/jetty-io-9.3.24.v20180605.jar:/home/user/.m2/repository/org/eclipse/jetty/jetty-util/9.3.24.v20180605/jetty-util-9.3.24.v20180605.jar:/home/user/.m2/repository/org/eclipse/jetty/jetty-servlet/9.3.24.v20180605/jetty-servlet-9.3.24.v20180605.jar:/home/user/.m2/repository/org/eclipse/jetty/jetty-security/9.3.24.v20180605/jetty-security-9.3.24.v20180605.jar:/home/user/.m2/repository/org/eclipse/jetty/jetty-webapp/9.3.24.v20180605/jetty-webapp-9.3.24.v20180605.jar:/home/user/.m2/repository/org/eclipse/jetty/jetty-xml/9.3.24.v20180605/jetty-xml-9.3.24.v20180605.jar:/home/user/.m2/repository/javax/servlet/jsp/jsp-api/2.1/jsp-api-2.1.jar:/home/user/.m2/repository/com/sun/jersey/jersey-core/1.19/jersey-core-1.19.jar:/home/user/.m2/repository/javax/ws/rs/jsr311-api/1.1.1/jsr311-api-1.1.1.jar:/home/user/.m2/repository/com/sun/jersey/jersey-servlet/1.19/jersey-servlet-1.19.jar:/home/user/.m2/repository/com/sun/jersey/jersey-json/1.19/jersey-json-1.19.jar:/home/user/.m2/repository/org/codehaus/jettison/jettison/1.1/jettison-1.1.jar:/home/user/.m2/repository/com/sun/xml/bind/jaxb-impl/2.3.0.1/jaxb-impl-2.3.0.1.jar:/home/user/.m2/repository/org/codehaus/jackson/jackson-core-asl/1.9.13/jackson-core-asl-1.9.13.jar:/home/user/.m2/repository/org/codehaus/jackson/jackson-mapper-asl/1.9.13/jackson-mapper-asl-1.9.13.jar:/home/user/.m2/repository/org/codehaus/jackson/jackson-jaxrs/1.9.13/jackson-jaxrs-1.9.13.jar:/home/user/.m2/repository/org/codehaus/jackson/jackson-xc/1.9.13/jackson-xc-1.9.13.jar:/home/user/.m2/repository/com/sun/jersey/jersey-server/1.19/jersey-server-1.19.jar:/home/user/.m2/repository/commons-logging/commons-logging/1.1.3/commons-logging-1.1.3.jar:/home/user/.m2/repository/log4j/log4j/1.2.17/log4j-1.2.17.jar:/home/user/.m2/repository/commons-beanutils/commons-beanutils/1.9.3/commons-beanutils-1.9.3.jar:/home/user/.m2/repository/org/apache/commons/commons-configuration2/2.1.1/commons-configuration2-2.1.1.jar:/home/user/.m2/repository/org/apache/commons/commons-lang3/3.7/commons-lang3-3.7.jar:/home/user/.m2/repository/org/apache/commons/commons-text/1.4/commons-text-1.4.jar:/home/user/.m2/repository/org/slf4j/slf4j-api/1.7.25/slf4j-api-1.7.25.jar:/home/user/.m2/repository/org/slf4j/slf4j-log4j12/1.7.25/slf4j-log4j12-1.7.25.jar:/home/user/.m2/repository/org/apache/avro/avro/1.7.7/avro-1.7.7.jar:/home/user/.m2/repository/com/thoughtworks/paranamer/paranamer/2.3/paranamer-2.3.jar:/home/user/.m2/repository/org/xerial/snappy/snappy-java/1.0.5/snappy-java-1.0.5.jar:/home/user/.m2/repository/com/google/re2j/re2j/1.1/re2j-1.1.jar:/home/user/.m2/repository/com/google/code/gson/gson/2.2.4/gson-2.2.4.jar:/home/user/.m2/repository/org/apache/hadoop/hadoop-auth/3.2.0/hadoop-auth-3.2.0.jar:/home/user/.m2/repository/com/nimbusds/nimbus-jose-jwt/4.41.1/nimbus-jose-jwt-4.41.1.jar:/home/user/.m2/repository/com/github/stephenc/jcip/jcip-annotations/1.0-1/jcip-annotations-1.0-1.jar:/home/user/.m2/repository/net/minidev/json-smart/2.3/json-smart-2.3.jar:/home/user/.m2/repository/net/minidev/accessors-smart/1.2/accessors-smart-1.2.jar:/home/user/.m2/repository/org/apache/curator/curator-framework/2.12.0/curator-framework-2.12.0.jar:/home/user/.m2/repository/com/jcraft/jsch/0.1.54/jsch-0.1.54.jar:/home/user/.m2/repository/org/apache/curator/curator-client/2.12.0/curator-client-2.12.0.jar:/home/user/.m2/repository/org/apache/curator/curator-recipes/2.12.0/curator-recipes-2.12.0.jar:/home/user/.m2/repository/com/google/code/findbugs/jsr305/3.0.0/jsr305-3.0.0.jar:/home/user/.m2/repository/org/apache/htrace/htrace-core4/4.1.0-incubating/htrace-core4-4.1.0-incubating.jar:/home/user/.m2/repository/org/apache/zookeeper/zookeeper/3.4.13/zookeeper-3.4.13.jar:/home/user/.m2/repository/org/apache/yetus/audience-annotations/0.5.0/audience-annotations-0.5.0.jar:/home/user/.m2/repository/org/apache/kerby/kerb-simplekdc/1.0.1/kerb-simplekdc-1.0.1.jar:/home/user/.m2/repository/org/apache/kerby/kerb-client/1.0.1/kerb-client-1.0.1.jar:/home/user/.m2/repository/org/apache/kerby/kerby-config/1.0.1/kerby-config-1.0.1.jar:/home/user/.m2/repository/org/apache/kerby/kerb-core/1.0.1/kerb-core-1.0.1.jar:/home/user/.m2/repository/org/apache/kerby/kerby-pkix/1.0.1/kerby-pkix-1.0.1.jar:/home/user/.m2/repository/org/apache/kerby/kerby-asn1/1.0.1/kerby-asn1-1.0.1.jar:/home/user/.m2/repository/org/apache/kerby/kerby-util/1.0.1/kerby-util-1.0.1.jar:/home/user/.m2/repository/org/apache/kerby/kerb-common/1.0.1/kerb-common-1.0.1.jar:/home/user/.m2/repository/org/apache/kerby/kerb-crypto/1.0.1/kerb-crypto-1.0.1.jar:/home/user/.m2/repository/org/apache/kerby/kerb-util/1.0.1/kerb-util-1.0.1.jar:/home/user/.m2/repository/org/apache/kerby/token-provider/1.0.1/token-provider-1.0.1.jar:/home/user/.m2/repository/org/apache/kerby/kerb-admin/1.0.1/kerb-admin-1.0.1.jar:/home/user/.m2/repository/org/apache/kerby/kerb-server/1.0.1/kerb-server-1.0.1.jar:/home/user/.m2/repository/org/apache/kerby/kerb-identity/1.0.1/kerb-identity-1.0.1.jar:/home/user/.m2/repository/org/apache/kerby/kerby-xdr/1.0.1/kerby-xdr-1.0.1.jar:/home/user/.m2/repository/com/fasterxml/jackson/core/jackson-databind/2.9.5/jackson-databind-2.9.5.jar:/home/user/.m2/repository/com/fasterxml/jackson/core/jackson-core/2.9.5/jackson-core-2.9.5.jar:/home/user/.m2/repository/org/codehaus/woodstox/stax2-api/3.1.4/stax2-api-3.1.4.jar:/home/user/.m2/repository/com/fasterxml/woodstox/woodstox-core/5.0.3/woodstox-core-5.0.3.jar:/home/user/.m2/repository/dnsjava/dnsjava/2.1.7/dnsjava-2.1.7.jar:/home/user/.m2/repository/org/apache/hadoop/hadoop-hdfs/3.2.0/hadoop-hdfs-3.2.0.jar:/home/user/.m2/repository/org/eclipse/jetty/jetty-util-ajax/9.3.24.v20180605/jetty-util-ajax-9.3.24.v20180605.jar:/home/user/.m2/repository/commons-daemon/commons-daemon/1.0.13/commons-daemon-1.0.13.jar:/home/user/.m2/repository/io/netty/netty/3.10.5.Final/netty-3.10.5.Final.jar:/home/user/.m2/repository/io/netty/netty-all/4.0.52.Final/netty-all-4.0.52.Final.jar:/home/user/.m2/repository/org/fusesource/leveldbjni/leveldbjni-all/1.8/leveldbjni-all-1.8.jar:/home/user/.m2/repository/com/sun/xml/bind/jaxb-core/2.3.0.1/jaxb-core-2.3.0.1.jar:/home/user/.m2/repository/javax/xml/bind/jaxb-api/2.3.0/jaxb-api-2.3.0.jar:/home/user/.m2/repository/javax/activation/activation/1.1.1/activation-1.1.1.jar:/home/user/.m2/repository/io/dropwizard/metrics/metrics-core/3.2.4/metrics-core-3.2.4.jar:/home/user/.m2/repository/org/openjdk/jmh/jmh-core/1.19/jmh-core-1.19.jar:/home/user/.m2/repository/net/sf/jopt-simple/jopt-simple/4.6/jopt-simple-4.6.jar:/home/user/.m2/repository/org/openjdk/jmh/jmh-generator-annprocess/1.19/jmh-generator-annprocess-1.19.jar:/home/user/.m2/repository/com/google/code/findbugs/findbugs/3.0.1/findbugs-3.0.1.jar:/home/user/.m2/repository/net/jcip/jcip-annotations/1.0/jcip-annotations-1.0.jar:/home/user/.m2/repository/com/google/code/findbugs/bcel-findbugs/6.0/bcel-findbugs-6.0.jar:/home/user/.m2/repository/com/google/code/findbugs/jFormatString/2.0.1/jFormatString-2.0.1.jar:/home/user/.m2/repository/dom4j/dom4j/1.6.1/dom4j-1.6.1.jar:/home/user/.m2/repository/xml-apis/xml-apis/1.0.b2/xml-apis-1.0.b2.jar:/home/user/.m2/repository/org/ow2/asm/asm-debug-all/5.0.2/asm-debug-all-5.0.2.jar:/home/user/.m2/repository/org/ow2/asm/asm-commons/5.0.2/asm-commons-5.0.2.jar:/home/user/.m2/repository/org/ow2/asm/asm-tree/5.0.2/asm-tree-5.0.2.jar:/home/user/.m2/repository/org/ow2/asm/asm/5.0.4/asm-5.0.4.jar:/home/user/.m2/repository/commons-lang/commons-lang/2.6/commons-lang-2.6.jar:/home/user/.m2/repository/com/apple/AppleJavaExtensions/1.4/AppleJavaExtensions-1.4.jar:/home/user/.m2/repository/jaxen/jaxen/1.1.6/jaxen-1.1.6.jar:/home/user/.m2/repository/junit/junit/4.11/junit-4.11.jar:/home/user/.m2/repository/org/hamcrest/hamcrest-core/1.3/hamcrest-core-1.3.jar:/home/user/.m2/repository/org/apache/hadoop/hadoop-common/3.2.0/hadoop-common-3.2.0-tests.jar:/workdir/hadoop-ozone/integration-test/target/test-classes:/home/user/.m2/repository/org/apache/hadoop/hadoop-ozone-objectstore-service/0.5.0-SNAPSHOT/hadoop-ozone-objectstore-service-0.5.0-SNAPSHOT.jar:/home/user/.m2/repository/org/apache/hadoop/hadoop-ozone-s3gateway/0.5.0-SNAPSHOT/hadoop-ozone-s3gateway-0.5.0-SNAPSHOT.jar:/home/user/.m2/repository/org/jboss/weld/servlet/weld-servlet/2.4.7.Final/weld-servlet-2.4.7.Final.jar:/home/user/.m2/repository/org/glassfish/jersey/containers/jersey-container-servlet-core/2.27/jersey-container-servlet-core-2.27.jar:/home/user/.m2/repository/org/glassfish/hk2/external/javax.inject/2.5.0-b42/javax.inject-2.5.0-b42.jar:/home/user/.m2/repository/org/glassfish/jersey/core/jersey-common/2.27/jersey-common-2.27.jar:/home/user/.m2/repository/org/glassfish/hk2/osgi-resource-locator/1.0.1/osgi-resource-locator-1.0.1.jar:/home/user/.m2/repository/javax/ws/rs/javax.ws.rs-api/2.1/javax.ws.rs-api-2.1.jar:/home/user/.m2/repository/org/glassfish/jersey/ext/cdi/jersey-cdi1x/2.27/jersey-cdi1x-2.27.jar:/home/user/.m2/repository/org/glassfish/jersey/inject/jersey-hk2/2.27/jersey-hk2-2.27.jar:/home/user/.m2/repository/org/glassfish/hk2/hk2-locator/2.5.0-b42/hk2-locator-2.5.0-b42.jar:/home/user/.m2/repository/org/javassist/javassist/3.22.0-CR2/javassist-3.22.0-CR2.jar:/home/user/.m2/repository/org/glassfish/hk2/hk2-api/2.5.0/hk2-api-2.5.0.jar:/home/user/.m2/repository/org/glassfish/hk2/external/jakarta.inject/2.5.0/jakarta.inject-2.5.0.jar:/home/user/.m2/repository/org/glassfish/hk2/hk2-utils/2.5.0/hk2-utils-2.5.0.jar:/home/user/.m2/repository/jakarta/annotation/jakarta.annotation-api/1.3.4/jakarta.annotation-api-1.3.4.jar:/home/user/.m2/repository/org/glassfish/hk2/external/aopalliance-repackaged/2.5.0/aopalliance-repackaged-2.5.0.jar:/home/user/.m2/repository/com/fasterxml/jackson/dataformat/jackson-dataformat-xml/2.9.0/jackson-dataformat-xml-2.9.0.jar:/home/user/.m2/repository/com/fasterxml/jackson/module/jackson-module-jaxb-annotations/2.9.5/jackson-module-jaxb-annotations-2.9.5.jar:/home/user/.m2/repository/javax/enterprise/cdi-api/1.2/cdi-api-1.2.jar:/home/user/.m2/repository/javax/el/javax.el-api/3.0.0/javax.el-api-3.0.0.jar:/home/user/.m2/repository/javax/interceptor/javax.interceptor-api/1.2/javax.interceptor-api-1.2.jar:/home/user/.m2/repository/javax/inject/javax.inject/1/javax.inject-1.jar:/home/user/.m2/repository/org/apache/hadoop/hadoop-ozone-csi/0.5.0-SNAPSHOT/hadoop-ozone-csi-0.5.0-SNAPSHOT.jar:/home/user/.m2/repository/com/google/protobuf/protobuf-java-util/3.5.1/protobuf-java-util-3.5.1.jar:/home/user/.m2/repository/io/grpc/grpc-netty/1.17.1/grpc-netty-1.17.1.jar:/home/user/.m2/repository/io/grpc/grpc-core/1.17.1/grpc-core-1.17.1.jar:/home/user/.m2/repository/io/grpc/grpc-context/1.17.1/grpc-context-1.17.1.jar:/home/user/.m2/repository/com/google/errorprone/error_prone_annotations/2.2.0/error_prone_annotations-2.2.0.jar:/home/user/.m2/repository/org/codehaus/mojo/animal-sniffer-annotations/1.17/animal-sniffer-annotations-1.17.jar:/home/user/.m2/repository/io/opencensus/opencensus-api/0.17.0/opencensus-api-0.17.0.jar:/home/user/.m2/repository/io/opencensus/opencensus-contrib-grpc-metrics/0.17.0/opencensus-contrib-grpc-metrics-0.17.0.jar:/home/user/.m2/repository/io/netty/netty-codec-http2/4.1.30.Final/netty-codec-http2-4.1.30.Final.jar:/home/user/.m2/repository/io/netty/netty-codec-http/4.1.30.Final/netty-codec-http-4.1.30.Final.jar:/home/user/.m2/repository/io/netty/netty-codec/4.1.30.Final/netty-codec-4.1.30.Final.jar:/home/user/.m2/repository/io/netty/netty-handler/4.1.30.Final/netty-handler-4.1.30.Final.jar:/home/user/.m2/repository/io/netty/netty-handler-proxy/4.1.30.Final/netty-handler-proxy-4.1.30.Final.jar:/home/user/.m2/repository/io/netty/netty-codec-socks/4.1.30.Final/netty-codec-socks-4.1.30.Final.jar:/home/user/.m2/repository/io/netty/netty-transport-native-epoll/4.1.30.Final/netty-transport-native-epoll-4.1.30.Final.jar:/home/user/.m2/repository/io/netty/netty-common/4.1.30.Final/netty-common-4.1.30.Final.jar:/home/user/.m2/repository/io/netty/netty-buffer/4.1.30.Final/netty-buffer-4.1.30.Final.jar:/home/user/.m2/repository/io/netty/netty-transport/4.1.30.Final/netty-transport-4.1.30.Final.jar:/home/user/.m2/repository/io/netty/netty-resolver/4.1.30.Final/netty-resolver-4.1.30.Final.jar:/home/user/.m2/repository/io/netty/netty-transport-native-unix-common/4.1.30.Final/netty-transport-native-unix-common-4.1.30.Final.jar:/home/user/.m2/repository/io/grpc/grpc-protobuf/1.17.1/grpc-protobuf-1.17.1.jar:/home/user/.m2/repository/com/google/api/grpc/proto-google-common-protos/1.0.0/proto-google-common-protos-1.0.0.jar:/home/user/.m2/repository/io/grpc/grpc-protobuf-lite/1.17.1/grpc-protobuf-lite-1.17.1.jar:/home/user/.m2/repository/io/grpc/grpc-stub/1.17.1/grpc-stub-1.17.1.jar:/home/user/.m2/repository/org/apache/hadoop/hadoop-ozone-recon/0.5.0-SNAPSHOT/hadoop-ozone-recon-0.5.0-SNAPSHOT.jar:/home/user/.m2/repository/org/apache/hadoop/hadoop-ozone-reconcodegen/0.5.0-SNAPSHOT/hadoop-ozone-reconcodegen-0.5.0-SNAPSHOT.jar:/home/user/.m2/repository/com/google/inject/extensions/guice-multibindings/4.0/guice-multibindings-4.0.jar:/home/user/.m2/repository/com/google/inject/guice/4.0/guice-4.0.jar:/home/user/.m2/repository/aopalliance/aopalliance/1.0/aopalliance-1.0.jar:/home/user/.m2/repository/com/google/inject/extensions/guice-servlet/4.0/guice-servlet-4.0.jar:/home/user/.m2/repository/org/glassfish/jersey/containers/jersey-container-servlet/2.27/jersey-container-servlet-2.27.jar:/home/user/.m2/repository/org/glassfish/hk2/guice-bridge/2.5.0/guice-bridge-2.5.0.jar:/home/user/.m2/repository/org/glassfish/jersey/core/jersey-server/2.27/jersey-server-2.27.jar:/home/user/.m2/repository/org/glassfish/jersey/core/jersey-client/2.27/jersey-client-2.27.jar:/home/user/.m2/repository/org/glassfish/jersey/media/jersey-media-jaxb/2.27/jersey-media-jaxb-2.27.jar:/home/user/.m2/repository/javax/validation/validation-api/1.1.0.Final/validation-api-1.1.0.Final.jar:/home/user/.m2/repository/org/glassfish/jersey/media/jersey-media-json-jackson/2.27/jersey-media-json-jackson-2.27.jar:/home/user/.m2/repository/org/glassfish/jersey/ext/jersey-entity-filtering/2.27/jersey-entity-filtering-2.27.jar:/home/user/.m2/repository/com/google/inject/extensions/guice-assistedinject/4.0/guice-assistedinject-4.0.jar:/home/user/.m2/repository/org/jooq/jooq/3.11.10/jooq-3.11.10.jar:/home/user/.m2/repository/org/jooq/jooq-meta/3.11.10/jooq-meta-3.11.10.jar:/home/user/.m2/repository/org/jooq/jooq-codegen/3.11.10/jooq-codegen-3.11.10.jar:/home/user/.m2/repository/com/jolbox/bonecp/0.8.0.RELEASE/bonecp-0.8.0.RELEASE.jar:/home/user/.m2/repository/org/springframework/spring-jdbc/5.1.3.RELEASE/spring-jdbc-5.1.3.RELEASE.jar:/home/user/.m2/repository/org/springframework/spring-beans/5.1.3.RELEASE/spring-beans-5.1.3.RELEASE.jar:/home/user/.m2/repository/org/springframework/spring-core/5.1.3.RELEASE/spring-core-5.1.3.RELEASE.jar:/home/user/.m2/repository/org/springframework/spring-jcl/5.1.3.RELEASE/spring-jcl-5.1.3.RELEASE.jar:/home/user/.m2/repository/org/springframework/spring-tx/5.1.3.RELEASE/spring-tx-5.1.3.RELEASE.jar:/home/user/.m2/repository/org/mockito/mockito-core/2.15.0/mockito-core-2.15.0.jar:/home/user/.m2/repository/net/bytebuddy/byte-buddy/1.7.9/byte-buddy-1.7.9.jar:/home/user/.m2/repository/net/bytebuddy/byte-buddy-agent/1.7.9/byte-buddy-agent-1.7.9.jar:/home/user/.m2/repository/org/objenesis/objenesis/1.0/objenesis-1.0.jar:"/>
    <property name="java.vm.vendor" value="IcedTea"/>
    <property name="sun.arch.data.model" value="64"/>
    <property name="test.build.dir" value="/workdir/hadoop-ozone/tools/target/test-dir"/>
    <property name="test.cache.data" value=""/>
    <property name="java.vendor.url" value="https://icedtea.classpath.org"/>
    <property name="user.timezone" value=""/>
    <property name="java.vm.specification.version" value="1.8"/>
    <property name="os.name" value="Linux"/>
    <property name="test.build.data" value="/workdir/hadoop-ozone/tools/target/test-dir"/>
    <property name="user.country" value="US"/>
    <property name="sun.java.launcher" value="SUN_STANDARD"/>
    <property name="sun.boot.library.path" value="/usr/lib/jvm/java-1.8-openjdk/jre/lib/amd64"/>
    <property name="sun.java.command" value="/workdir/hadoop-ozone/tools/target/surefire/surefirebooter6909784934687225496.jar /workdir/hadoop-ozone/tools/target/surefire 2019-08-20T13-38-49_177-jvmRun1 surefire2378839397216408171tmp surefire_1198265108420793498960tmp"/>
    <property name="test" value="!TestMiniChaosOzoneCluster"/>
    <property name="surefire.test.class.path" value="/workdir/hadoop-ozone/tools/target/test-classes:/workdir/hadoop-ozone/tools/target/classes:/home/user/.m2/repository/org/apache/hadoop/hadoop-ozone-ozone-manager/0.5.0-SNAPSHOT/hadoop-ozone-ozone-manager-0.5.0-SNAPSHOT.jar:/home/user/.m2/repository/org/apache/hadoop/hadoop-hdds-docs/0.5.0-SNAPSHOT/hadoop-hdds-docs-0.5.0-SNAPSHOT.jar:/home/user/.m2/repository/org/bouncycastle/bcprov-jdk15on/1.60/bcprov-jdk15on-1.60.jar:/home/user/.m2/repository/org/apache/hadoop/hadoop-ozone-common/0.5.0-SNAPSHOT/hadoop-ozone-common-0.5.0-SNAPSHOT.jar:/home/user/.m2/repository/org/apache/commons/commons-compress/1.4.1/commons-compress-1.4.1.jar:/home/user/.m2/repository/org/tukaani/xz/1.0/xz-1.0.jar:/home/user/.m2/repository/org/apache/hadoop/hadoop-hdfs-client/3.2.0/hadoop-hdfs-client-3.2.0.jar:/home/user/.m2/repository/com/fasterxml/jackson/core/jackson-annotations/2.9.5/jackson-annotations-2.9.5.jar:/home/user/.m2/repository/org/apache/hadoop/hadoop-hdds-common/0.5.0-SNAPSHOT/hadoop-hdds-common-0.5.0-SNAPSHOT.jar:/home/user/.m2/repository/org/apache/hadoop/hadoop-hdds-config/0.5.0-SNAPSHOT/hadoop-hdds-config-0.5.0-SNAPSHOT.jar:/home/user/.m2/repository/javax/annotation/javax.annotation-api/1.2/javax.annotation-api-1.2.jar:/home/user/.m2/repository/org/apache/ratis/ratis-server/0.4.0-2337318-SNAPSHOT/ratis-server-0.4.0-2337318-SNAPSHOT.jar:/home/user/.m2/repository/org/apache/ratis/ratis-thirdparty-misc/0.2.0/ratis-thirdparty-misc-0.2.0.jar:/home/user/.m2/repository/org/apache/ratis/ratis-proto/0.4.0-2337318-SNAPSHOT/ratis-proto-0.4.0-2337318-SNAPSHOT.jar:/home/user/.m2/repository/org/apache/ratis/ratis-common/0.4.0-2337318-SNAPSHOT/ratis-common-0.4.0-2337318-SNAPSHOT.jar:/home/user/.m2/repository/org/apache/ratis/ratis-client/0.4.0-2337318-SNAPSHOT/ratis-client-0.4.0-2337318-SNAPSHOT.jar:/home/user/.m2/repository/org/apache/ratis/ratis-metrics/0.4.0-2337318-SNAPSHOT/ratis-metrics-0.4.0-2337318-SNAPSHOT.jar:/home/user/.m2/repository/org/apache/ratis/ratis-netty/0.4.0-2337318-SNAPSHOT/ratis-netty-0.4.0-2337318-SNAPSHOT.jar:/home/user/.m2/repository/org/apache/ratis/ratis-grpc/0.4.0-2337318-SNAPSHOT/ratis-grpc-0.4.0-2337318-SNAPSHOT.jar:/home/user/.m2/repository/org/rocksdb/rocksdbjni/6.0.1/rocksdbjni-6.0.1.jar:/home/user/.m2/repository/org/apache/logging/log4j/log4j-api/2.11.0/log4j-api-2.11.0.jar:/home/user/.m2/repository/org/apache/logging/log4j/log4j-core/2.11.0/log4j-core-2.11.0.jar:/home/user/.m2/repository/com/lmax/disruptor/3.4.2/disruptor-3.4.2.jar:/home/user/.m2/repository/org/apache/commons/commons-pool2/2.6.0/commons-pool2-2.6.0.jar:/home/user/.m2/repository/org/bouncycastle/bcpkix-jdk15on/1.60/bcpkix-jdk15on-1.60.jar:/home/user/.m2/repository/commons-validator/commons-validator/1.6/commons-validator-1.6.jar:/home/user/.m2/repository/commons-digester/commons-digester/1.8.1/commons-digester-1.8.1.jar:/home/user/.m2/repository/io/jaegertracing/jaeger-client/0.33.1/jaeger-client-0.33.1.jar:/home/user/.m2/repository/io/jaegertracing/jaeger-thrift/0.33.1/jaeger-thrift-0.33.1.jar:/home/user/.m2/repository/org/apache/thrift/libthrift/0.11.0/libthrift-0.11.0.jar:/home/user/.m2/repository/com/squareup/okhttp3/okhttp/3.9.0/okhttp-3.9.0.jar:/home/user/.m2/repository/com/squareup/okio/okio/1.13.0/okio-1.13.0.jar:/home/user/.m2/repository/io/jaegertracing/jaeger-core/0.33.1/jaeger-core-0.33.1.jar:/home/user/.m2/repository/io/jaegertracing/jaeger-tracerresolver/0.33.1/jaeger-tracerresolver-0.33.1.jar:/home/user/.m2/repository/io/opentracing/contrib/opentracing-tracerresolver/0.1.5/opentracing-tracerresolver-0.1.5.jar:/home/user/.m2/repository/io/opentracing/opentracing-util/0.31.0/opentracing-util-0.31.0.jar:/home/user/.m2/repository/io/opentracing/opentracing-api/0.31.0/opentracing-api-0.31.0.jar:/home/user/.m2/repository/io/opentracing/opentracing-noop/0.31.0/opentracing-noop-0.31.0.jar:/home/user/.m2/repository/org/yaml/snakeyaml/1.16/snakeyaml-1.16.jar:/home/user/.m2/repository/org/apache/hadoop/hadoop-hdds-container-service/0.5.0-SNAPSHOT/hadoop-hdds-container-service-0.5.0-SNAPSHOT.jar:/home/user/.m2/repository/org/apache/hadoop/hadoop-hdds-client/0.5.0-SNAPSHOT/hadoop-hdds-client-0.5.0-SNAPSHOT.jar:/home/user/.m2/repository/org/apache/hadoop/hadoop-hdds-tools/0.5.0-SNAPSHOT/hadoop-hdds-tools-0.5.0-SNAPSHOT.jar:/home/user/.m2/repository/org/xerial/sqlite-jdbc/3.25.2/sqlite-jdbc-3.25.2.jar:/home/user/.m2/repository/org/apache/hadoop/hadoop-hdds-server-scm/0.5.0-SNAPSHOT/hadoop-hdds-server-scm-0.5.0-SNAPSHOT.jar:/home/user/.m2/repository/org/hamcrest/hamcrest-all/1.3/hamcrest-all-1.3.jar:/home/user/.m2/repository/info/picocli/picocli/3.9.6/picocli-3.9.6.jar:/home/user/.m2/repository/com/google/protobuf/protobuf-java/2.5.0/protobuf-java-2.5.0.jar:/home/user/.m2/repository/com/google/guava/guava/11.0.2/guava-11.0.2.jar:/home/user/.m2/repository/org/apache/hadoop/hadoop-ozone-client/0.5.0-SNAPSHOT/hadoop-ozone-client-0.5.0-SNAPSHOT.jar:/workdir/hadoop-ozone/ozonefs/target/classes:/home/user/.m2/repository/org/apache/hadoop/hadoop-hdds-server-framework/0.5.0-SNAPSHOT/hadoop-hdds-server-framework-0.5.0-SNAPSHOT.jar:/home/user/.m2/repository/org/apache/hadoop/hadoop-common/3.2.0/hadoop-common-3.2.0.jar:/home/user/.m2/repository/org/apache/hadoop/hadoop-annotations/3.2.0/hadoop-annotations-3.2.0.jar:/usr/lib/jvm/java-1.8-openjdk/jre/../lib/tools.jar:/home/user/.m2/repository/commons-cli/commons-cli/1.2/commons-cli-1.2.jar:/home/user/.m2/repository/org/apache/commons/commons-math3/3.1.1/commons-math3-3.1.1.jar:/home/user/.m2/repository/org/apache/httpcomponents/httpclient/4.5.2/httpclient-4.5.2.jar:/home/user/.m2/repository/org/apache/httpcomponents/httpcore/4.4.4/httpcore-4.4.4.jar:/home/user/.m2/repository/commons-codec/commons-codec/1.11/commons-codec-1.11.jar:/home/user/.m2/repository/commons-io/commons-io/2.5/commons-io-2.5.jar:/home/user/.m2/repository/commons-net/commons-net/3.6/commons-net-3.6.jar:/home/user/.m2/repository/commons-collections/commons-collections/3.2.2/commons-collections-3.2.2.jar:/home/user/.m2/repository/javax/servlet/javax.servlet-api/3.1.0/javax.servlet-api-3.1.0.jar:/home/user/.m2/repository/org/eclipse/jetty/jetty-server/9.3.24.v20180605/jetty-server-9.3.24.v20180605.jar:/home/user/.m2/repository/org/eclipse/jetty/jetty-http/9.3.24.v20180605/jetty-http-9.3.24.v20180605.jar:/home/user/.m2/repository/org/eclipse/jetty/jetty-io/9.3.24.v20180605/jetty-io-9.3.24.v20180605.jar:/home/user/.m2/repository/org/eclipse/jetty/jetty-util/9.3.24.v20180605/jetty-util-9.3.24.v20180605.jar:/home/user/.m2/repository/org/eclipse/jetty/jetty-servlet/9.3.24.v20180605/jetty-servlet-9.3.24.v20180605.jar:/home/user/.m2/repository/org/eclipse/jetty/jetty-security/9.3.24.v20180605/jetty-security-9.3.24.v20180605.jar:/home/user/.m2/repository/org/eclipse/jetty/jetty-webapp/9.3.24.v20180605/jetty-webapp-9.3.24.v20180605.jar:/home/user/.m2/repository/org/eclipse/jetty/jetty-xml/9.3.24.v20180605/jetty-xml-9.3.24.v20180605.jar:/home/user/.m2/repository/javax/servlet/jsp/jsp-api/2.1/jsp-api-2.1.jar:/home/user/.m2/repository/com/sun/jersey/jersey-core/1.19/jersey-core-1.19.jar:/home/user/.m2/repository/javax/ws/rs/jsr311-api/1.1.1/jsr311-api-1.1.1.jar:/home/user/.m2/repository/com/sun/jersey/jersey-servlet/1.19/jersey-servlet-1.19.jar:/home/user/.m2/repository/com/sun/jersey/jersey-json/1.19/jersey-json-1.19.jar:/home/user/.m2/repository/org/codehaus/jettison/jettison/1.1/jettison-1.1.jar:/home/user/.m2/repository/com/sun/xml/bind/jaxb-impl/2.3.0.1/jaxb-impl-2.3.0.1.jar:/home/user/.m2/repository/org/codehaus/jackson/jackson-core-asl/1.9.13/jackson-core-asl-1.9.13.jar:/home/user/.m2/repository/org/codehaus/jackson/jackson-mapper-asl/1.9.13/jackson-mapper-asl-1.9.13.jar:/home/user/.m2/repository/org/codehaus/jackson/jackson-jaxrs/1.9.13/jackson-jaxrs-1.9.13.jar:/home/user/.m2/repository/org/codehaus/jackson/jackson-xc/1.9.13/jackson-xc-1.9.13.jar:/home/user/.m2/repository/com/sun/jersey/jersey-server/1.19/jersey-server-1.19.jar:/home/user/.m2/repository/commons-logging/commons-logging/1.1.3/commons-logging-1.1.3.jar:/home/user/.m2/repository/log4j/log4j/1.2.17/log4j-1.2.17.jar:/home/user/.m2/repository/commons-beanutils/commons-beanutils/1.9.3/commons-beanutils-1.9.3.jar:/home/user/.m2/repository/org/apache/commons/commons-configuration2/2.1.1/commons-configuration2-2.1.1.jar:/home/user/.m2/repository/org/apache/commons/commons-lang3/3.7/commons-lang3-3.7.jar:/home/user/.m2/repository/org/apache/commons/commons-text/1.4/commons-text-1.4.jar:/home/user/.m2/repository/org/slf4j/slf4j-api/1.7.25/slf4j-api-1.7.25.jar:/home/user/.m2/repository/org/slf4j/slf4j-log4j12/1.7.25/slf4j-log4j12-1.7.25.jar:/home/user/.m2/repository/org/apache/avro/avro/1.7.7/avro-1.7.7.jar:/home/user/.m2/repository/com/thoughtworks/paranamer/paranamer/2.3/paranamer-2.3.jar:/home/user/.m2/repository/org/xerial/snappy/snappy-java/1.0.5/snappy-java-1.0.5.jar:/home/user/.m2/repository/com/google/re2j/re2j/1.1/re2j-1.1.jar:/home/user/.m2/repository/com/google/code/gson/gson/2.2.4/gson-2.2.4.jar:/home/user/.m2/repository/org/apache/hadoop/hadoop-auth/3.2.0/hadoop-auth-3.2.0.jar:/home/user/.m2/repository/com/nimbusds/nimbus-jose-jwt/4.41.1/nimbus-jose-jwt-4.41.1.jar:/home/user/.m2/repository/com/github/stephenc/jcip/jcip-annotations/1.0-1/jcip-annotations-1.0-1.jar:/home/user/.m2/repository/net/minidev/json-smart/2.3/json-smart-2.3.jar:/home/user/.m2/repository/net/minidev/accessors-smart/1.2/accessors-smart-1.2.jar:/home/user/.m2/repository/org/apache/curator/curator-framework/2.12.0/curator-framework-2.12.0.jar:/home/user/.m2/repository/com/jcraft/jsch/0.1.54/jsch-0.1.54.jar:/home/user/.m2/repository/org/apache/curator/curator-client/2.12.0/curator-client-2.12.0.jar:/home/user/.m2/repository/org/apache/curator/curator-recipes/2.12.0/curator-recipes-2.12.0.jar:/home/user/.m2/repository/com/google/code/findbugs/jsr305/3.0.0/jsr305-3.0.0.jar:/home/user/.m2/repository/org/apache/htrace/htrace-core4/4.1.0-incubating/htrace-core4-4.1.0-incubating.jar:/home/user/.m2/repository/org/apache/zookeeper/zookeeper/3.4.13/zookeeper-3.4.13.jar:/home/user/.m2/repository/org/apache/yetus/audience-annotations/0.5.0/audience-annotations-0.5.0.jar:/home/user/.m2/repository/org/apache/kerby/kerb-simplekdc/1.0.1/kerb-simplekdc-1.0.1.jar:/home/user/.m2/repository/org/apache/kerby/kerb-client/1.0.1/kerb-client-1.0.1.jar:/home/user/.m2/repository/org/apache/kerby/kerby-config/1.0.1/kerby-config-1.0.1.jar:/home/user/.m2/repository/org/apache/kerby/kerb-core/1.0.1/kerb-core-1.0.1.jar:/home/user/.m2/repository/org/apache/kerby/kerby-pkix/1.0.1/kerby-pkix-1.0.1.jar:/home/user/.m2/repository/org/apache/kerby/kerby-asn1/1.0.1/kerby-asn1-1.0.1.jar:/home/user/.m2/repository/org/apache/kerby/kerby-util/1.0.1/kerby-util-1.0.1.jar:/home/user/.m2/repository/org/apache/kerby/kerb-common/1.0.1/kerb-common-1.0.1.jar:/home/user/.m2/repository/org/apache/kerby/kerb-crypto/1.0.1/kerb-crypto-1.0.1.jar:/home/user/.m2/repository/org/apache/kerby/kerb-util/1.0.1/kerb-util-1.0.1.jar:/home/user/.m2/repository/org/apache/kerby/token-provider/1.0.1/token-provider-1.0.1.jar:/home/user/.m2/repository/org/apache/kerby/kerb-admin/1.0.1/kerb-admin-1.0.1.jar:/home/user/.m2/repository/org/apache/kerby/kerb-server/1.0.1/kerb-server-1.0.1.jar:/home/user/.m2/repository/org/apache/kerby/kerb-identity/1.0.1/kerb-identity-1.0.1.jar:/home/user/.m2/repository/org/apache/kerby/kerby-xdr/1.0.1/kerby-xdr-1.0.1.jar:/home/user/.m2/repository/com/fasterxml/jackson/core/jackson-databind/2.9.5/jackson-databind-2.9.5.jar:/home/user/.m2/repository/com/fasterxml/jackson/core/jackson-core/2.9.5/jackson-core-2.9.5.jar:/home/user/.m2/repository/org/codehaus/woodstox/stax2-api/3.1.4/stax2-api-3.1.4.jar:/home/user/.m2/repository/com/fasterxml/woodstox/woodstox-core/5.0.3/woodstox-core-5.0.3.jar:/home/user/.m2/repository/dnsjava/dnsjava/2.1.7/dnsjava-2.1.7.jar:/home/user/.m2/repository/org/apache/hadoop/hadoop-hdfs/3.2.0/hadoop-hdfs-3.2.0.jar:/home/user/.m2/repository/org/eclipse/jetty/jetty-util-ajax/9.3.24.v20180605/jetty-util-ajax-9.3.24.v20180605.jar:/home/user/.m2/repository/commons-daemon/commons-daemon/1.0.13/commons-daemon-1.0.13.jar:/home/user/.m2/repository/io/netty/netty/3.10.5.Final/netty-3.10.5.Final.jar:/home/user/.m2/repository/io/netty/netty-all/4.0.52.Final/netty-all-4.0.52.Final.jar:/home/user/.m2/repository/org/fusesource/leveldbjni/leveldbjni-all/1.8/leveldbjni-all-1.8.jar:/home/user/.m2/repository/com/sun/xml/bind/jaxb-core/2.3.0.1/jaxb-core-2.3.0.1.jar:/home/user/.m2/repository/javax/xml/bind/jaxb-api/2.3.0/jaxb-api-2.3.0.jar:/home/user/.m2/repository/javax/activation/activation/1.1.1/activation-1.1.1.jar:/home/user/.m2/repository/io/dropwizard/metrics/metrics-core/3.2.4/metrics-core-3.2.4.jar:/home/user/.m2/repository/org/openjdk/jmh/jmh-core/1.19/jmh-core-1.19.jar:/home/user/.m2/repository/net/sf/jopt-simple/jopt-simple/4.6/jopt-simple-4.6.jar:/home/user/.m2/repository/org/openjdk/jmh/jmh-generator-annprocess/1.19/jmh-generator-annprocess-1.19.jar:/home/user/.m2/repository/com/google/code/findbugs/findbugs/3.0.1/findbugs-3.0.1.jar:/home/user/.m2/repository/net/jcip/jcip-annotations/1.0/jcip-annotations-1.0.jar:/home/user/.m2/repository/com/google/code/findbugs/bcel-findbugs/6.0/bcel-findbugs-6.0.jar:/home/user/.m2/repository/com/google/code/findbugs/jFormatString/2.0.1/jFormatString-2.0.1.jar:/home/user/.m2/repository/dom4j/dom4j/1.6.1/dom4j-1.6.1.jar:/home/user/.m2/repository/xml-apis/xml-apis/1.0.b2/xml-apis-1.0.b2.jar:/home/user/.m2/repository/org/ow2/asm/asm-debug-all/5.0.2/asm-debug-all-5.0.2.jar:/home/user/.m2/repository/org/ow2/asm/asm-commons/5.0.2/asm-commons-5.0.2.jar:/home/user/.m2/repository/org/ow2/asm/asm-tree/5.0.2/asm-tree-5.0.2.jar:/home/user/.m2/repository/org/ow2/asm/asm/5.0.4/asm-5.0.4.jar:/home/user/.m2/repository/commons-lang/commons-lang/2.6/commons-lang-2.6.jar:/home/user/.m2/repository/com/apple/AppleJavaExtensions/1.4/AppleJavaExtensions-1.4.jar:/home/user/.m2/repository/jaxen/jaxen/1.1.6/jaxen-1.1.6.jar:/home/user/.m2/repository/junit/junit/4.11/junit-4.11.jar:/home/user/.m2/repository/org/hamcrest/hamcrest-core/1.3/hamcrest-core-1.3.jar:/home/user/.m2/repository/org/apache/hadoop/hadoop-common/3.2.0/hadoop-common-3.2.0-tests.jar:/workdir/hadoop-ozone/integration-test/target/test-classes:/home/user/.m2/repository/org/apache/hadoop/hadoop-ozone-objectstore-service/0.5.0-SNAPSHOT/hadoop-ozone-objectstore-service-0.5.0-SNAPSHOT.jar:/home/user/.m2/repository/org/apache/hadoop/hadoop-ozone-s3gateway/0.5.0-SNAPSHOT/hadoop-ozone-s3gateway-0.5.0-SNAPSHOT.jar:/home/user/.m2/repository/org/jboss/weld/servlet/weld-servlet/2.4.7.Final/weld-servlet-2.4.7.Final.jar:/home/user/.m2/repository/org/glassfish/jersey/containers/jersey-container-servlet-core/2.27/jersey-container-servlet-core-2.27.jar:/home/user/.m2/repository/org/glassfish/hk2/external/javax.inject/2.5.0-b42/javax.inject-2.5.0-b42.jar:/home/user/.m2/repository/org/glassfish/jersey/core/jersey-common/2.27/jersey-common-2.27.jar:/home/user/.m2/repository/org/glassfish/hk2/osgi-resource-locator/1.0.1/osgi-resource-locator-1.0.1.jar:/home/user/.m2/repository/javax/ws/rs/javax.ws.rs-api/2.1/javax.ws.rs-api-2.1.jar:/home/user/.m2/repository/org/glassfish/jersey/ext/cdi/jersey-cdi1x/2.27/jersey-cdi1x-2.27.jar:/home/user/.m2/repository/org/glassfish/jersey/inject/jersey-hk2/2.27/jersey-hk2-2.27.jar:/home/user/.m2/repository/org/glassfish/hk2/hk2-locator/2.5.0-b42/hk2-locator-2.5.0-b42.jar:/home/user/.m2/repository/org/javassist/javassist/3.22.0-CR2/javassist-3.22.0-CR2.jar:/home/user/.m2/repository/org/glassfish/hk2/hk2-api/2.5.0/hk2-api-2.5.0.jar:/home/user/.m2/repository/org/glassfish/hk2/external/jakarta.inject/2.5.0/jakarta.inject-2.5.0.jar:/home/user/.m2/repository/org/glassfish/hk2/hk2-utils/2.5.0/hk2-utils-2.5.0.jar:/home/user/.m2/repository/jakarta/annotation/jakarta.annotation-api/1.3.4/jakarta.annotation-api-1.3.4.jar:/home/user/.m2/repository/org/glassfish/hk2/external/aopalliance-repackaged/2.5.0/aopalliance-repackaged-2.5.0.jar:/home/user/.m2/repository/com/fasterxml/jackson/dataformat/jackson-dataformat-xml/2.9.0/jackson-dataformat-xml-2.9.0.jar:/home/user/.m2/repository/com/fasterxml/jackson/module/jackson-module-jaxb-annotations/2.9.5/jackson-module-jaxb-annotations-2.9.5.jar:/home/user/.m2/repository/javax/enterprise/cdi-api/1.2/cdi-api-1.2.jar:/home/user/.m2/repository/javax/el/javax.el-api/3.0.0/javax.el-api-3.0.0.jar:/home/user/.m2/repository/javax/interceptor/javax.interceptor-api/1.2/javax.interceptor-api-1.2.jar:/home/user/.m2/repository/javax/inject/javax.inject/1/javax.inject-1.jar:/home/user/.m2/repository/org/apache/hadoop/hadoop-ozone-csi/0.5.0-SNAPSHOT/hadoop-ozone-csi-0.5.0-SNAPSHOT.jar:/home/user/.m2/repository/com/google/protobuf/protobuf-java-util/3.5.1/protobuf-java-util-3.5.1.jar:/home/user/.m2/repository/io/grpc/grpc-netty/1.17.1/grpc-netty-1.17.1.jar:/home/user/.m2/repository/io/grpc/grpc-core/1.17.1/grpc-core-1.17.1.jar:/home/user/.m2/repository/io/grpc/grpc-context/1.17.1/grpc-context-1.17.1.jar:/home/user/.m2/repository/com/google/errorprone/error_prone_annotations/2.2.0/error_prone_annotations-2.2.0.jar:/home/user/.m2/repository/org/codehaus/mojo/animal-sniffer-annotations/1.17/animal-sniffer-annotations-1.17.jar:/home/user/.m2/repository/io/opencensus/opencensus-api/0.17.0/opencensus-api-0.17.0.jar:/home/user/.m2/repository/io/opencensus/opencensus-contrib-grpc-metrics/0.17.0/opencensus-contrib-grpc-metrics-0.17.0.jar:/home/user/.m2/repository/io/netty/netty-codec-http2/4.1.30.Final/netty-codec-http2-4.1.30.Final.jar:/home/user/.m2/repository/io/netty/netty-codec-http/4.1.30.Final/netty-codec-http-4.1.30.Final.jar:/home/user/.m2/repository/io/netty/netty-codec/4.1.30.Final/netty-codec-4.1.30.Final.jar:/home/user/.m2/repository/io/netty/netty-handler/4.1.30.Final/netty-handler-4.1.30.Final.jar:/home/user/.m2/repository/io/netty/netty-handler-proxy/4.1.30.Final/netty-handler-proxy-4.1.30.Final.jar:/home/user/.m2/repository/io/netty/netty-codec-socks/4.1.30.Final/netty-codec-socks-4.1.30.Final.jar:/home/user/.m2/repository/io/netty/netty-transport-native-epoll/4.1.30.Final/netty-transport-native-epoll-4.1.30.Final.jar:/home/user/.m2/repository/io/netty/netty-common/4.1.30.Final/netty-common-4.1.30.Final.jar:/home/user/.m2/repository/io/netty/netty-buffer/4.1.30.Final/netty-buffer-4.1.30.Final.jar:/home/user/.m2/repository/io/netty/netty-transport/4.1.30.Final/netty-transport-4.1.30.Final.jar:/home/user/.m2/repository/io/netty/netty-resolver/4.1.30.Final/netty-resolver-4.1.30.Final.jar:/home/user/.m2/repository/io/netty/netty-transport-native-unix-common/4.1.30.Final/netty-transport-native-unix-common-4.1.30.Final.jar:/home/user/.m2/repository/io/grpc/grpc-protobuf/1.17.1/grpc-protobuf-1.17.1.jar:/home/user/.m2/repository/com/google/api/grpc/proto-google-common-protos/1.0.0/proto-google-common-protos-1.0.0.jar:/home/user/.m2/repository/io/grpc/grpc-protobuf-lite/1.17.1/grpc-protobuf-lite-1.17.1.jar:/home/user/.m2/repository/io/grpc/grpc-stub/1.17.1/grpc-stub-1.17.1.jar:/home/user/.m2/repository/org/apache/hadoop/hadoop-ozone-recon/0.5.0-SNAPSHOT/hadoop-ozone-recon-0.5.0-SNAPSHOT.jar:/home/user/.m2/repository/org/apache/hadoop/hadoop-ozone-reconcodegen/0.5.0-SNAPSHOT/hadoop-ozone-reconcodegen-0.5.0-SNAPSHOT.jar:/home/user/.m2/repository/com/google/inject/extensions/guice-multibindings/4.0/guice-multibindings-4.0.jar:/home/user/.m2/repository/com/google/inject/guice/4.0/guice-4.0.jar:/home/user/.m2/repository/aopalliance/aopalliance/1.0/aopalliance-1.0.jar:/home/user/.m2/repository/com/google/inject/extensions/guice-servlet/4.0/guice-servlet-4.0.jar:/home/user/.m2/repository/org/glassfish/jersey/containers/jersey-container-servlet/2.27/jersey-container-servlet-2.27.jar:/home/user/.m2/repository/org/glassfish/hk2/guice-bridge/2.5.0/guice-bridge-2.5.0.jar:/home/user/.m2/repository/org/glassfish/jersey/core/jersey-server/2.27/jersey-server-2.27.jar:/home/user/.m2/repository/org/glassfish/jersey/core/jersey-client/2.27/jersey-client-2.27.jar:/home/user/.m2/repository/org/glassfish/jersey/media/jersey-media-jaxb/2.27/jersey-media-jaxb-2.27.jar:/home/user/.m2/repository/javax/validation/validation-api/1.1.0.Final/validation-api-1.1.0.Final.jar:/home/user/.m2/repository/org/glassfish/jersey/media/jersey-media-json-jackson/2.27/jersey-media-json-jackson-2.27.jar:/home/user/.m2/repository/org/glassfish/jersey/ext/jersey-entity-filtering/2.27/jersey-entity-filtering-2.27.jar:/home/user/.m2/repository/com/google/inject/extensions/guice-assistedinject/4.0/guice-assistedinject-4.0.jar:/home/user/.m2/repository/org/jooq/jooq/3.11.10/jooq-3.11.10.jar:/home/user/.m2/repository/org/jooq/jooq-meta/3.11.10/jooq-meta-3.11.10.jar:/home/user/.m2/repository/org/jooq/jooq-codegen/3.11.10/jooq-codegen-3.11.10.jar:/home/user/.m2/repository/com/jolbox/bonecp/0.8.0.RELEASE/bonecp-0.8.0.RELEASE.jar:/home/user/.m2/repository/org/springframework/spring-jdbc/5.1.3.RELEASE/spring-jdbc-5.1.3.RELEASE.jar:/home/user/.m2/repository/org/springframework/spring-beans/5.1.3.RELEASE/spring-beans-5.1.3.RELEASE.jar:/home/user/.m2/repository/org/springframework/spring-core/5.1.3.RELEASE/spring-core-5.1.3.RELEASE.jar:/home/user/.m2/repository/org/springframework/spring-jcl/5.1.3.RELEASE/spring-jcl-5.1.3.RELEASE.jar:/home/user/.m2/repository/org/springframework/spring-tx/5.1.3.RELEASE/spring-tx-5.1.3.RELEASE.jar:/home/user/.m2/repository/org/mockito/mockito-core/2.15.0/mockito-core-2.15.0.jar:/home/user/.m2/repository/net/bytebuddy/byte-buddy/1.7.9/byte-buddy-1.7.9.jar:/home/user/.m2/repository/net/bytebuddy/byte-buddy-agent/1.7.9/byte-buddy-agent-1.7.9.jar:/home/user/.m2/repository/org/objenesis/objenesis/1.0/objenesis-1.0.jar:"/>
    <property name="sun.cpu.endian" value="little"/>
    <property name="user.home" value="/home/user"/>
    <property name="user.language" value="en"/>
    <property name="java.specification.vendor" value="Oracle Corporation"/>
    <property name="java.home" value="/usr/lib/jvm/java-1.8-openjdk/jre"/>
    <property name="java.security.krb5.conf" value="/workdir/hadoop-ozone/tools/target/test-classes/krb5.conf"/>
    <property name="basedir" value="/workdir/hadoop-ozone/tools"/>
    <property name="file.separator" value="/"/>
    <property name="line.separator" value="&#10;"/>
    <property name="java.vm.specification.vendor" value="Oracle Corporation"/>
    <property name="java.specification.name" value="Java Platform API Specification"/>
    <property name="java.awt.graphicsenv" value="sun.awt.X11GraphicsEnvironment"/>
    <property name="surefire.real.class.path" value="/workdir/hadoop-ozone/tools/target/surefire/surefirebooter6909784934687225496.jar"/>
    <property name="hadoop.log.dir" value="/workdir/hadoop-ozone/tools/target/log"/>
    <property name="sun.boot.class.path" value="/usr/lib/jvm/java-1.8-openjdk/jre/lib/resources.jar:/usr/lib/jvm/java-1.8-openjdk/jre/lib/rt.jar:/usr/lib/jvm/java-1.8-openjdk/jre/lib/sunrsasign.jar:/usr/lib/jvm/java-1.8-openjdk/jre/lib/jsse.jar:/usr/lib/jvm/java-1.8-openjdk/jre/lib/jce.jar:/usr/lib/jvm/java-1.8-openjdk/jre/lib/charsets.jar:/usr/lib/jvm/java-1.8-openjdk/jre/lib/jfr.jar:/usr/lib/jvm/java-1.8-openjdk/jre/classes"/>
    <property name="sun.management.compiler" value="HotSpot 64-Bit Tiered Compilers"/>
    <property name="java.runtime.version" value="1.8.0_212-b04"/>
    <property name="java.net.preferIPv4Stack" value="true"/>
    <property name="user.name" value="jenkins1000"/>
    <property name="path.separator" value=":"/>
    <property name="java.security.egd" value="file:///dev/urandom"/>
    <property name="os.version" value="3.10.0-957.12.2.el7.x86_64"/>
    <property name="java.endorsed.dirs" value="/usr/lib/jvm/java-1.8-openjdk/jre/lib/endorsed"/>
    <property name="java.runtime.name" value="OpenJDK Runtime Environment"/>
    <property name="file.encoding" value="UTF-8"/>
    <property name="java.vm.name" value="OpenJDK 64-Bit Server VM"/>
    <property name="test.build.webapps" value=""/>
    <property name="localRepository" value="/home/user/.m2/repository"/>
    <property name="java.vendor.url.bug" value="https://icedtea.classpath.org/bugzilla"/>
    <property name="java.io.tmpdir" value="/tmp"/>
    <property name="require.test.libhadoop" value=""/>
    <property name="java.version" value="1.8.0_212"/>
    <property name="user.dir" value="/workdir/hadoop-ozone/tools"/>
    <property name="os.arch" value="amd64"/>
    <property name="java.vm.specification.name" value="Java Virtual Machine Specification"/>
    <property name="test.build.classes" value="/workdir/hadoop-ozone/tools/target/test-classes"/>
    <property name="java.awt.printerjob" value="sun.print.PSPrinterJob"/>
    <property name="sun.os.patch.level" value="unknown"/>
    <property name="hadoop.tmp.dir" value="/workdir/hadoop-ozone/tools/target/tmp"/>
    <property name="java.library.path" value="/usr/lib/jvm/java-1.8-openjdk/jre/lib/amd64/server:/usr/lib/jvm/java-1.8-openjdk/jre/lib/amd64:/usr/lib/jvm/java-1.8-openjdk/jre/../lib/amd64:/workdir/hadoop-ozone/tools/target/native/target/usr/local/lib:/workdir/hadoop-ozone/tools/../../hadoop-common-project/hadoop-common/target/native/target/usr/local/lib:/usr/java/packages/lib/amd64:/usr/lib64:/lib64:/lib:/usr/lib"/>
    <property name="java.vm.info" value="mixed mode"/>
    <property name="java.vendor" value="IcedTea"/>
    <property name="java.vm.version" value="25.212-b04"/>
    <property name="java.ext.dirs" value="/usr/lib/jvm/java-1.8-openjdk/jre/lib/ext:/usr/java/packages/lib/ext"/>
    <property name="sun.io.unicode.encoding" value="UnicodeLittle"/>
    <property name="java.class.version" value="52.0"/>
  </properties>
  <testcase name="testRestart" classname="org.apache.hadoop.ozone.freon.TestFreonWithPipelineDestroy" time="22.751">
    <error message="PipelineID=7a4049f5-9ac3-4842-b2f9-56b55488eac1 not found" type="org.apache.hadoop.hdds.scm.pipeline.PipelineNotFoundException">org.apache.hadoop.hdds.scm.pipeline.PipelineNotFoundException: PipelineID=7a4049f5-9ac3-4842-b2f9-56b55488eac1 not found
	at org.apache.hadoop.hdds.scm.pipeline.PipelineStateMap.getPipeline(PipelineStateMap.java:132)
	at org.apache.hadoop.hdds.scm.pipeline.PipelineStateManager.getPipeline(PipelineStateManager.java:66)
	at org.apache.hadoop.hdds.scm.pipeline.SCMPipelineManager.getPipeline(SCMPipelineManager.java:185)
	at org.apache.hadoop.ozone.freon.TestFreonWithPipelineDestroy.destroyPipeline(TestFreonWithPipelineDestroy.java:104)
	at org.apache.hadoop.ozone.freon.TestFreonWithPipelineDestroy.testRestart(TestFreonWithPipelineDestroy.java:73)
	at sun.reflect.NativeMethodAccessorImpl.invoke0(Native Method)
	at sun.reflect.NativeMethodAccessorImpl.invoke(NativeMethodAccessorImpl.java:62)
	at sun.reflect.DelegatingMethodAccessorImpl.invoke(DelegatingMethodAccessorImpl.java:43)
	at java.lang.reflect.Method.invoke(Method.java:498)
	at org.junit.runners.model.FrameworkMethod$1.runReflectiveCall(FrameworkMethod.java:47)
	at org.junit.internal.runners.model.ReflectiveCallable.run(ReflectiveCallable.java:12)
	at org.junit.runners.model.FrameworkMethod.invokeExplosively(FrameworkMethod.java:44)
	at org.junit.internal.runners.statements.InvokeMethod.evaluate(InvokeMethod.java:17)
	at org.junit.runners.ParentRunner.runLeaf(ParentRunner.java:271)
	at org.junit.runners.BlockJUnit4ClassRunner.runChild(BlockJUnit4ClassRunner.java:70)
	at org.junit.runners.BlockJUnit4ClassRunner.runChild(BlockJUnit4ClassRunner.java:50)
	at org.junit.runners.ParentRunner$3.run(ParentRunner.java:238)
	at org.junit.runners.ParentRunner$1.schedule(ParentRunner.java:63)
	at org.junit.runners.ParentRunner.runChildren(ParentRunner.java:236)
	at org.junit.runners.ParentRunner.access$000(ParentRunner.java:53)
	at org.junit.runners.ParentRunner$2.evaluate(ParentRunner.java:229)
	at org.junit.internal.runners.statements.RunBefores.evaluate(RunBefores.java:26)
	at org.junit.internal.runners.statements.RunAfters.evaluate(RunAfters.java:27)
	at org.junit.runners.ParentRunner.run(ParentRunner.java:309)
	at org.apache.maven.surefire.junit4.JUnit4Provider.execute(JUnit4Provider.java:365)
	at org.apache.maven.surefire.junit4.JUnit4Provider.executeWithRerun(JUnit4Provider.java:273)
	at org.apache.maven.surefire.junit4.JUnit4Provider.executeTestSet(JUnit4Provider.java:238)
	at org.apache.maven.surefire.junit4.JUnit4Provider.invoke(JUnit4Provider.java:159)
	at org.apache.maven.surefire.booter.ForkedBooter.invokeProviderInSameClassLoader(ForkedBooter.java:384)
	at org.apache.maven.surefire.booter.ForkedBooter.runSuitesInProcess(ForkedBooter.java:345)
	at org.apache.maven.surefire.booter.ForkedBooter.execute(ForkedBooter.java:126)
	at org.apache.maven.surefire.booter.ForkedBooter.main(ForkedBooter.java:418)
</error>
    <system-out><![CDATA[2019-08-20 16:01:22,906 [main] WARN  server.ServerUtils (ServerUtils.java:getScmDbDir(145)) - ozone.scm.db.dirs is not configured. We recommend adding this setting. Falling back to ozone.metadata.dirs instead.
2019-08-20 16:01:23,034 [main] WARN  server.ServerUtils (ServerUtils.java:getScmDbDir(145)) - ozone.scm.db.dirs is not configured. We recommend adding this setting. Falling back to ozone.metadata.dirs instead.
2019-08-20 16:01:23,037 [main] WARN  server.ServerUtils (ServerUtils.java:getScmDbDir(145)) - ozone.scm.db.dirs is not configured. We recommend adding this setting. Falling back to ozone.metadata.dirs instead.
2019-08-20 16:01:23,055 [main] INFO  util.log (Log.java:initialized(192)) - Logging initialized @918ms
2019-08-20 16:01:23,156 [main] INFO  db.DBStoreBuilder (DBStoreBuilder.java:addTable(110)) - using custom profile for table: deletedBlocks
2019-08-20 16:01:23,157 [main] INFO  db.DBStoreBuilder (DBStoreBuilder.java:processTables(161)) - Using default column profile:DBProfile.DISK for Table:deletedBlocks
2019-08-20 16:01:23,157 [main] INFO  db.DBStoreBuilder (DBStoreBuilder.java:addTable(110)) - using custom profile for table: validCerts
2019-08-20 16:01:23,157 [main] INFO  db.DBStoreBuilder (DBStoreBuilder.java:processTables(161)) - Using default column profile:DBProfile.DISK for Table:validCerts
2019-08-20 16:01:23,158 [main] INFO  db.DBStoreBuilder (DBStoreBuilder.java:addTable(110)) - using custom profile for table: revokedCerts
2019-08-20 16:01:23,158 [main] INFO  db.DBStoreBuilder (DBStoreBuilder.java:processTables(161)) - Using default column profile:DBProfile.DISK for Table:revokedCerts
2019-08-20 16:01:23,171 [main] INFO  db.DBStoreBuilder (DBStoreBuilder.java:addTable(110)) - using custom profile for table: default
2019-08-20 16:01:23,171 [main] INFO  db.DBStoreBuilder (DBStoreBuilder.java:processTables(167)) - Using default column profile:DBProfile.DISK for Table:default
2019-08-20 16:01:23,172 [main] INFO  db.DBStoreBuilder (DBStoreBuilder.java:getDbProfile(198)) - Using default options. DBProfile.DISK
2019-08-20 16:01:23,451 [main] INFO  net.NodeSchemaLoader (NodeSchemaLoader.java:loadSchemaFromFile(125)) - Loading file from sun.misc.CompoundEnumeration@7193666c
2019-08-20 16:01:23,454 [main] INFO  net.NodeSchemaLoader (NodeSchemaLoader.java:loadSchema(171)) - Loading network topology layer schema file
2019-08-20 16:01:23,554 [main] INFO  node.SCMNodeManager (SCMNodeManager.java:<init>(121)) - Entering startup safe mode.
2019-08-20 16:01:23,629 [main] INFO  algorithms.ContainerPlacementPolicyFactory (ContainerPlacementPolicyFactory.java:getPolicy(55)) - Create container placement policy of type org.apache.hadoop.hdds.scm.container.placement.algorithms.SCMContainerPlacementRandom
2019-08-20 16:01:23,644 [main] WARN  server.ServerUtils (ServerUtils.java:getScmDbDir(145)) - ozone.scm.db.dirs is not configured. We recommend adding this setting. Falling back to ozone.metadata.dirs instead.
2019-08-20 16:01:23,825 [main] INFO  pipeline.SCMPipelineManager (SCMPipelineManager.java:initializePipelineState(126)) - No pipeline exists in current db
2019-08-20 16:01:23,828 [main] WARN  server.ServerUtils (ServerUtils.java:getScmDbDir(145)) - ozone.scm.db.dirs is not configured. We recommend adding this setting. Falling back to ozone.metadata.dirs instead.
2019-08-20 16:01:24,392 [main] WARN  events.EventQueue (EventQueue.java:fireEvent(175)) - No event handler registered for event TypedEvent{payloadType=SafeModeStatus, name='SafeModeStatus'}
2019-08-20 16:01:24,946 [main] INFO  ipc.CallQueueManager (CallQueueManager.java:<init>(84)) - Using callQueue: class java.util.concurrent.LinkedBlockingQueue, queueCapacity: 2000, scheduler: class org.apache.hadoop.ipc.DefaultRpcScheduler, ipcBackoff: false.
2019-08-20 16:01:25,312 [Socket Reader #1 for port 46657] INFO  ipc.Server (Server.java:run(1074)) - Starting Socket Reader #1 for port 46657
2019-08-20 16:01:25,344 [main] INFO  ipc.CallQueueManager (CallQueueManager.java:<init>(84)) - Using callQueue: class java.util.concurrent.LinkedBlockingQueue, queueCapacity: 2000, scheduler: class org.apache.hadoop.ipc.DefaultRpcScheduler, ipcBackoff: false.
2019-08-20 16:01:25,345 [Socket Reader #1 for port 42652] INFO  ipc.Server (Server.java:run(1074)) - Starting Socket Reader #1 for port 42652
2019-08-20 16:01:25,353 [main] INFO  ipc.CallQueueManager (CallQueueManager.java:<init>(84)) - Using callQueue: class java.util.concurrent.LinkedBlockingQueue, queueCapacity: 2000, scheduler: class org.apache.hadoop.ipc.DefaultRpcScheduler, ipcBackoff: false.
2019-08-20 16:01:25,354 [Socket Reader #1 for port 33666] INFO  ipc.Server (Server.java:run(1074)) - Starting Socket Reader #1 for port 33666
2019-08-20 16:01:25,378 [main] INFO  hdfs.DFSUtil (DFSUtil.java:httpServerTemplateForNNAndJN(1641)) - Starting Web-server for scm at: http://0.0.0.0:0
2019-08-20 16:01:25,543 [main] INFO  server.AuthenticationFilter (AuthenticationFilter.java:constructSecretProvider(240)) - Unable to initialize FileSignerSecretProvider, falling back to use random secrets.
2019-08-20 16:01:25,560 [main] WARN  http.HttpRequestLog (HttpRequestLog.java:getRequestLog(97)) - Jetty request log can only be enabled using Log4j
2019-08-20 16:01:25,570 [main] INFO  http.HttpServer2 (HttpServer2.java:addGlobalFilter(975)) - Added global filter 'safety' (class=org.apache.hadoop.http.HttpServer2$QuotingInputFilter)
2019-08-20 16:01:25,573 [main] INFO  http.HttpServer2 (HttpServer2.java:addFilter(948)) - Added filter static_user_filter (class=org.apache.hadoop.http.lib.StaticUserWebFilter$StaticUserFilter) to context scm
2019-08-20 16:01:25,573 [main] INFO  http.HttpServer2 (HttpServer2.java:addFilter(958)) - Added filter static_user_filter (class=org.apache.hadoop.http.lib.StaticUserWebFilter$StaticUserFilter) to context static
2019-08-20 16:01:25,573 [main] INFO  http.HttpServer2 (HttpServer2.java:addFilter(958)) - Added filter static_user_filter (class=org.apache.hadoop.http.lib.StaticUserWebFilter$StaticUserFilter) to context logs
2019-08-20 16:01:25,600 [main] INFO  server.StorageContainerManager (StorageContainerManager.java:start(759)) - StorageContainerLocationProtocol RPC server is listening at /0.0.0.0:33666
2019-08-20 16:01:25,666 [main] WARN  impl.MetricsConfig (MetricsConfig.java:loadFirst(134)) - Cannot locate configuration: tried hadoop-metrics2-storagecontainermanager.properties,hadoop-metrics2.properties
2019-08-20 16:01:25,684 [main] INFO  impl.MetricsSystemImpl (MetricsSystemImpl.java:startTimer(374)) - Scheduled Metric snapshot period at 10 second(s).
2019-08-20 16:01:25,685 [main] INFO  impl.MetricsSystemImpl (MetricsSystemImpl.java:start(191)) - StorageContainerManager metrics system started
2019-08-20 16:01:25,913 [main] INFO  server.SCMClientProtocolServer (SCMClientProtocolServer.java:start(151)) - RPC server for Client  is listening at /0.0.0.0:33666
2019-08-20 16:01:25,914 [IPC Server Responder] INFO  ipc.Server (Server.java:run(1314)) - IPC Server Responder: starting
2019-08-20 16:01:25,914 [IPC Server listener on 33666] INFO  ipc.Server (Server.java:run(1153)) - IPC Server listener on 33666: starting
2019-08-20 16:01:25,919 [main] INFO  server.StorageContainerManager (StorageContainerManager.java:start(769)) - ScmBlockLocationProtocol RPC server is listening at /0.0.0.0:42652
2019-08-20 16:01:25,919 [main] INFO  server.SCMBlockProtocolServer (SCMBlockProtocolServer.java:start(140)) - RPC server for Block Protocol is listening at /0.0.0.0:42652
2019-08-20 16:01:25,920 [IPC Server Responder] INFO  ipc.Server (Server.java:run(1314)) - IPC Server Responder: starting
2019-08-20 16:01:25,920 [IPC Server listener on 42652] INFO  ipc.Server (Server.java:run(1153)) - IPC Server listener on 42652: starting
2019-08-20 16:01:25,926 [main] INFO  server.StorageContainerManager (StorageContainerManager.java:start(773)) - ScmDatanodeProtocl RPC server is listening at /0.0.0.0:46657
2019-08-20 16:01:25,926 [main] INFO  server.SCMDatanodeProtocolServer (SCMDatanodeProtocolServer.java:start(191)) - RPC server for DataNodes is listening at /0.0.0.0:46657
2019-08-20 16:01:25,926 [IPC Server Responder] INFO  ipc.Server (Server.java:run(1314)) - IPC Server Responder: starting
2019-08-20 16:01:25,927 [IPC Server listener on 46657] INFO  ipc.Server (Server.java:run(1153)) - IPC Server listener on 46657: starting
2019-08-20 16:01:25,930 [main] INFO  http.HttpServer2 (HttpServer2.java:bindListener(1191)) - Jetty bound to port 46656
2019-08-20 16:01:25,932 [main] INFO  server.Server (Server.java:doStart(351)) - jetty-9.3.24.v20180605, build timestamp: 2018-06-05T17:11:56Z, git hash: 84205aa28f11a4f31f2a3b86d1bba2cc8ab69827
2019-08-20 16:01:25,966 [main] INFO  handler.ContextHandler (ContextHandler.java:doStart(781)) - Started o.e.j.s.ServletContextHandler@4a11eb84{/logs,file:///workdir/hadoop-ozone/tools/target/log,AVAILABLE}
2019-08-20 16:01:25,967 [main] INFO  handler.ContextHandler (ContextHandler.java:doStart(781)) - Started o.e.j.s.ServletContextHandler@b7838a9{/static,jar:file:/home/user/.m2/repository/org/apache/hadoop/hadoop-hdds-server-scm/0.5.0-SNAPSHOT/hadoop-hdds-server-scm-0.5.0-SNAPSHOT.jar!/webapps/static,AVAILABLE}
2019-08-20 16:01:26,064 [main] INFO  handler.ContextHandler (ContextHandler.java:doStart(781)) - Started o.e.j.w.WebAppContext@672f11c2{/,file:///tmp/jetty-0.0.0.0-46656-scm-_-any-8466606997464452731.dir/webapp/,AVAILABLE}{/scm}
2019-08-20 16:01:26,070 [main] INFO  server.AbstractConnector (AbstractConnector.java:doStart(278)) - Started ServerConnector@2555fff0{HTTP/1.1,[http/1.1]}{0.0.0.0:46656}
2019-08-20 16:01:26,070 [main] INFO  server.Server (Server.java:doStart(419)) - Started @3933ms
2019-08-20 16:01:26,072 [main] INFO  server.BaseHttpServer (BaseHttpServer.java:updateConnectorAddress(213)) - HTTP server of SCM is listening at http://0.0.0.0:46656
2019-08-20 16:01:26,079 [org.apache.hadoop.util.JvmPauseMonitor$Monitor@6b9267b] INFO  util.JvmPauseMonitor (JvmPauseMonitor.java:run(188)) - Starting JVM pause monitor
2019-08-20 16:01:26,082 [main] WARN  server.ServerUtils (ServerUtils.java:getDBPath(222)) - ozone.om.db.dirs is not configured. We recommend adding this setting. Falling back to ozone.metadata.dirs instead.
2019-08-20 16:01:26,232 [main] WARN  server.ServerUtils (ServerUtils.java:getDBPath(222)) - ozone.om.db.dirs is not configured. We recommend adding this setting. Falling back to ozone.metadata.dirs instead.
2019-08-20 16:01:26,233 [main] WARN  server.ServerUtils (ServerUtils.java:getDBPath(222)) - ozone.om.db.dirs is not configured. We recommend adding this setting. Falling back to ozone.metadata.dirs instead.
2019-08-20 16:01:26,234 [main] INFO  om.OzoneManager (OzoneManager.java:setOMNodeDetails(648)) - OM Service ID is not set. Setting it to the default ID: omServiceIdDefault
2019-08-20 16:01:26,234 [main] INFO  om.OzoneManager (OzoneManager.java:setOMNodeDetails(654)) - OM Node ID is not set. Setting it to the OmStorage's OmID: 83ffc3ff-5396-4c83-8c00-0efe3cb89073
2019-08-20 16:01:26,235 [main] INFO  om.OzoneManager (OzoneManager.java:loadOMHAConfigs(605)) - Found matching OM address with OMServiceId: null, OMNodeId: null, RPC Address: localhost:0 and Ratis port: 9872
2019-08-20 16:01:26,512 | INFO  | SCMAudit | user=jenkins1000 | ip=192.168.69.96 | op=GET_SCM_INFO null | ret=SUCCESS |  
2019-08-20 16:01:26,954 [main] WARN  server.ServerUtils (ServerUtils.java:getDBPath(222)) - ozone.om.db.dirs is not configured. We recommend adding this setting. Falling back to ozone.metadata.dirs instead.
2019-08-20 16:01:26,962 [main] INFO  db.DBStoreBuilder (DBStoreBuilder.java:addTable(110)) - using custom profile for table: userTable
2019-08-20 16:01:26,962 [main] INFO  db.DBStoreBuilder (DBStoreBuilder.java:processTables(161)) - Using default column profile:DBProfile.DISK for Table:userTable
2019-08-20 16:01:26,962 [main] INFO  db.DBStoreBuilder (DBStoreBuilder.java:addTable(110)) - using custom profile for table: volumeTable
2019-08-20 16:01:26,962 [main] INFO  db.DBStoreBuilder (DBStoreBuilder.java:processTables(161)) - Using default column profile:DBProfile.DISK for Table:volumeTable
2019-08-20 16:01:26,963 [main] INFO  db.DBStoreBuilder (DBStoreBuilder.java:addTable(110)) - using custom profile for table: bucketTable
2019-08-20 16:01:26,963 [main] INFO  db.DBStoreBuilder (DBStoreBuilder.java:processTables(161)) - Using default column profile:DBProfile.DISK for Table:bucketTable
2019-08-20 16:01:26,963 [main] INFO  db.DBStoreBuilder (DBStoreBuilder.java:addTable(110)) - using custom profile for table: keyTable
2019-08-20 16:01:26,963 [main] INFO  db.DBStoreBuilder (DBStoreBuilder.java:processTables(161)) - Using default column profile:DBProfile.DISK for Table:keyTable
2019-08-20 16:01:26,964 [main] INFO  db.DBStoreBuilder (DBStoreBuilder.java:addTable(110)) - using custom profile for table: deletedTable
2019-08-20 16:01:26,964 [main] INFO  db.DBStoreBuilder (DBStoreBuilder.java:processTables(161)) - Using default column profile:DBProfile.DISK for Table:deletedTable
2019-08-20 16:01:26,964 [main] INFO  db.DBStoreBuilder (DBStoreBuilder.java:addTable(110)) - using custom profile for table: openKeyTable
2019-08-20 16:01:26,964 [main] INFO  db.DBStoreBuilder (DBStoreBuilder.java:processTables(161)) - Using default column profile:DBProfile.DISK for Table:openKeyTable
2019-08-20 16:01:26,965 [main] INFO  db.DBStoreBuilder (DBStoreBuilder.java:addTable(110)) - using custom profile for table: s3Table
2019-08-20 16:01:26,965 [main] INFO  db.DBStoreBuilder (DBStoreBuilder.java:processTables(161)) - Using default column profile:DBProfile.DISK for Table:s3Table
2019-08-20 16:01:26,965 [main] INFO  db.DBStoreBuilder (DBStoreBuilder.java:addTable(110)) - using custom profile for table: multipartInfoTable
2019-08-20 16:01:26,965 [main] INFO  db.DBStoreBuilder (DBStoreBuilder.java:processTables(161)) - Using default column profile:DBProfile.DISK for Table:multipartInfoTable
2019-08-20 16:01:26,966 [main] INFO  db.DBStoreBuilder (DBStoreBuilder.java:addTable(110)) - using custom profile for table: dTokenTable
2019-08-20 16:01:26,966 [main] INFO  db.DBStoreBuilder (DBStoreBuilder.java:processTables(161)) - Using default column profile:DBProfile.DISK for Table:dTokenTable
2019-08-20 16:01:26,966 [main] INFO  db.DBStoreBuilder (DBStoreBuilder.java:addTable(110)) - using custom profile for table: s3SecretTable
2019-08-20 16:01:26,966 [main] INFO  db.DBStoreBuilder (DBStoreBuilder.java:processTables(161)) - Using default column profile:DBProfile.DISK for Table:s3SecretTable
2019-08-20 16:01:26,967 [main] INFO  db.DBStoreBuilder (DBStoreBuilder.java:addTable(110)) - using custom profile for table: prefixTable
2019-08-20 16:01:26,967 [main] INFO  db.DBStoreBuilder (DBStoreBuilder.java:processTables(161)) - Using default column profile:DBProfile.DISK for Table:prefixTable
2019-08-20 16:01:26,967 [main] INFO  db.DBStoreBuilder (DBStoreBuilder.java:addTable(110)) - using custom profile for table: default
2019-08-20 16:01:26,967 [main] INFO  db.DBStoreBuilder (DBStoreBuilder.java:processTables(167)) - Using default column profile:DBProfile.DISK for Table:default
2019-08-20 16:01:26,967 [main] INFO  db.DBStoreBuilder (DBStoreBuilder.java:getDbProfile(198)) - Using default options. DBProfile.DISK
2019-08-20 16:01:27,917 [main] INFO  ipc.CallQueueManager (CallQueueManager.java:<init>(84)) - Using callQueue: class java.util.concurrent.LinkedBlockingQueue, queueCapacity: 2000, scheduler: class org.apache.hadoop.ipc.DefaultRpcScheduler, ipcBackoff: false.
2019-08-20 16:01:27,919 [Socket Reader #1 for port 35225] INFO  ipc.Server (Server.java:run(1074)) - Starting Socket Reader #1 for port 35225
2019-08-20 16:01:27,944 [main] INFO  om.OzoneManager (OzoneManager.java:start(1259)) - OzoneManager RPC server is listening at localhost/127.0.0.1:35225
2019-08-20 16:01:27,944 [main] INFO  impl.MetricsSystemImpl (MetricsSystemImpl.java:init(158)) - OzoneManager metrics system started (again)
2019-08-20 16:01:27,946 [IPC Server Responder] INFO  ipc.Server (Server.java:run(1314)) - IPC Server Responder: starting
2019-08-20 16:01:27,946 [IPC Server listener on 35225] INFO  ipc.Server (Server.java:run(1153)) - IPC Server listener on 35225: starting
2019-08-20 16:01:28,131 [main] INFO  hdfs.DFSUtil (DFSUtil.java:httpServerTemplateForNNAndJN(1641)) - Starting Web-server for ozoneManager at: http://0.0.0.0:0
2019-08-20 16:01:28,134 [main] INFO  server.AuthenticationFilter (AuthenticationFilter.java:constructSecretProvider(240)) - Unable to initialize FileSignerSecretProvider, falling back to use random secrets.
2019-08-20 16:01:28,135 [main] WARN  http.HttpRequestLog (HttpRequestLog.java:getRequestLog(97)) - Jetty request log can only be enabled using Log4j
2019-08-20 16:01:28,139 [main] INFO  http.HttpServer2 (HttpServer2.java:addGlobalFilter(975)) - Added global filter 'safety' (class=org.apache.hadoop.http.HttpServer2$QuotingInputFilter)
2019-08-20 16:01:28,141 [main] INFO  http.HttpServer2 (HttpServer2.java:addFilter(948)) - Added filter static_user_filter (class=org.apache.hadoop.http.lib.StaticUserWebFilter$StaticUserFilter) to context ozoneManager
2019-08-20 16:01:28,141 [main] INFO  http.HttpServer2 (HttpServer2.java:addFilter(958)) - Added filter static_user_filter (class=org.apache.hadoop.http.lib.StaticUserWebFilter$StaticUserFilter) to context logs
2019-08-20 16:01:28,142 [main] INFO  http.HttpServer2 (HttpServer2.java:addFilter(958)) - Added filter static_user_filter (class=org.apache.hadoop.http.lib.StaticUserWebFilter$StaticUserFilter) to context static
2019-08-20 16:01:28,145 [main] INFO  http.HttpServer2 (HttpServer2.java:bindListener(1191)) - Jetty bound to port 43553
2019-08-20 16:01:28,145 [main] INFO  server.Server (Server.java:doStart(351)) - jetty-9.3.24.v20180605, build timestamp: 2018-06-05T17:11:56Z, git hash: 84205aa28f11a4f31f2a3b86d1bba2cc8ab69827
2019-08-20 16:01:28,153 [main] INFO  handler.ContextHandler (ContextHandler.java:doStart(781)) - Started o.e.j.s.ServletContextHandler@22d9c961{/logs,file:///workdir/hadoop-ozone/tools/target/log,AVAILABLE}
2019-08-20 16:01:28,154 [main] INFO  handler.ContextHandler (ContextHandler.java:doStart(781)) - Started o.e.j.s.ServletContextHandler@bdc8014{/static,jar:file:/home/user/.m2/repository/org/apache/hadoop/hadoop-ozone-ozone-manager/0.5.0-SNAPSHOT/hadoop-ozone-ozone-manager-0.5.0-SNAPSHOT.jar!/webapps/static,AVAILABLE}
2019-08-20 16:01:28,214 [main] INFO  handler.ContextHandler (ContextHandler.java:doStart(781)) - Started o.e.j.w.WebAppContext@52b6319f{/,file:///tmp/jetty-0.0.0.0-43553-ozoneManager-_-any-6895633242509222263.dir/webapp/,AVAILABLE}{/ozoneManager}
2019-08-20 16:01:28,215 [main] INFO  server.AbstractConnector (AbstractConnector.java:doStart(278)) - Started ServerConnector@5e9456ae{HTTP/1.1,[http/1.1]}{0.0.0.0:43553}
2019-08-20 16:01:28,216 [main] INFO  server.Server (Server.java:doStart(419)) - Started @6079ms
2019-08-20 16:01:28,217 [main] INFO  server.BaseHttpServer (BaseHttpServer.java:updateConnectorAddress(213)) - HTTP server of OZONEMANAGER is listening at http://0.0.0.0:43553
2019-08-20 16:01:28,353 [main] INFO  impl.MetricsSystemImpl (MetricsSystemImpl.java:init(158)) - HddsDatanode metrics system started (again)
2019-08-20 16:01:28,444 [main] INFO  ozone.HddsDatanodeService (HddsDatanodeService.java:start(184)) - HddsDatanodeService host:pr-hdds-1946lgncr-3764977478 ip:192.168.69.96
2019-08-20 16:01:28,479 [main] INFO  volume.HddsVolume (HddsVolume.java:<init>(176)) - Creating Volume: /workdir/hadoop-ozone/tools/target/test-dir/MiniOzoneClusterImpl-6f19b415-f1af-42d0-a7d4-e238af001e98/datanode-0/data/containers/hdds of  storage type : DISK and capacity : 1482555576320
2019-08-20 16:01:28,481 [main] INFO  volume.VolumeSet (VolumeSet.java:initializeVolumeSet(170)) - Added Volume : /workdir/hadoop-ozone/tools/target/test-dir/MiniOzoneClusterImpl-6f19b415-f1af-42d0-a7d4-e238af001e98/datanode-0/data/containers/hdds to VolumeSet
2019-08-20 16:01:28,484 [main] INFO  volume.ThrottledAsyncChecker (ThrottledAsyncChecker.java:schedule(140)) - Scheduling a check for org.apache.hadoop.ozone.container.common.volume.HddsVolume@30d25c03
2019-08-20 16:01:28,503 [main] INFO  volume.HddsVolumeChecker (HddsVolumeChecker.java:checkAllVolumes(203)) - Scheduled health check for volume org.apache.hadoop.ozone.container.common.volume.HddsVolume@30d25c03
2019-08-20 16:01:28,623 [main] INFO  impl.RaftServerProxy (ConfUtils.java:logGet(43)) - raft.rpc.type = GRPC (default)
2019-08-20 16:01:28,685 [main] INFO  grpc.GrpcFactory (GrpcFactory.java:checkPooledByteBufAllocatorUseCacheForAllThreads(45)) - PERFORMANCE WARNING: useCacheForAllThreads is true that may cause Netty to create a lot garbage objects and, as a result, trigger GC.
	It is recommended to disable useCacheForAllThreads by setting -Dorg.apache.ratis.thirdparty.io.netty.allocator.useCacheForAllThreads=false in command line.
2019-08-20 16:01:28,690 [main] INFO  grpc.GrpcConfigKeys$Server (ConfUtils.java:logGet(43)) - raft.grpc.server.port = 0 (default)
2019-08-20 16:01:28,690 [main] INFO  server.GrpcService (ConfUtils.java:logGet(43)) - raft.grpc.message.size.max = 33570816 (custom)
2019-08-20 16:01:28,692 [main] INFO  server.RaftServerConfigKeys (ConfUtils.java:logGet(43)) - raft.server.log.appender.buffer.byte-limit = 33554432 (custom)
2019-08-20 16:01:28,692 [main] INFO  server.GrpcService (ConfUtils.java:logGet(43)) - raft.grpc.flow.control.window = 1MB (=1048576) (default)
2019-08-20 16:01:28,693 [main] INFO  server.RaftServerConfigKeys (ConfUtils.java:logGet(43)) - raft.server.rpc.request.timeout = 3000ms (default)
2019-08-20 16:01:28,839 [main] INFO  server.RaftServerConfigKeys (ConfUtils.java:logGet(43)) - raft.server.storage.dir = [/workdir/hadoop-ozone/tools/target/test-dir/MiniOzoneClusterImpl-6f19b415-f1af-42d0-a7d4-e238af001e98/datanode-0/data/ratis] (custom)
2019-08-20 16:01:28,875 [main] INFO  replication.SimpleContainerDownloader (SimpleContainerDownloader.java:<init>(72)) - Starting container downloader service to copy containers to replicate.
2019-08-20 16:01:28,888 [main] INFO  hdfs.DFSUtil (DFSUtil.java:httpServerTemplateForNNAndJN(1641)) - Starting Web-server for hddsDatanode at: http://0.0.0.0:0
2019-08-20 16:01:28,891 [main] INFO  server.AuthenticationFilter (AuthenticationFilter.java:constructSecretProvider(240)) - Unable to initialize FileSignerSecretProvider, falling back to use random secrets.
2019-08-20 16:01:28,892 [main] WARN  http.HttpRequestLog (HttpRequestLog.java:getRequestLog(97)) - Jetty request log can only be enabled using Log4j
2019-08-20 16:01:28,895 [main] INFO  http.HttpServer2 (HttpServer2.java:addGlobalFilter(975)) - Added global filter 'safety' (class=org.apache.hadoop.http.HttpServer2$QuotingInputFilter)
2019-08-20 16:01:28,897 [main] INFO  http.HttpServer2 (HttpServer2.java:addFilter(948)) - Added filter static_user_filter (class=org.apache.hadoop.http.lib.StaticUserWebFilter$StaticUserFilter) to context hddsDatanode
2019-08-20 16:01:28,897 [main] INFO  http.HttpServer2 (HttpServer2.java:addFilter(958)) - Added filter static_user_filter (class=org.apache.hadoop.http.lib.StaticUserWebFilter$StaticUserFilter) to context static
2019-08-20 16:01:28,897 [main] INFO  http.HttpServer2 (HttpServer2.java:addFilter(958)) - Added filter static_user_filter (class=org.apache.hadoop.http.lib.StaticUserWebFilter$StaticUserFilter) to context logs
2019-08-20 16:01:28,899 [main] INFO  http.HttpServer2 (HttpServer2.java:bindListener(1191)) - Jetty bound to port 34891
2019-08-20 16:01:28,899 [main] INFO  server.Server (Server.java:doStart(351)) - jetty-9.3.24.v20180605, build timestamp: 2018-06-05T17:11:56Z, git hash: 84205aa28f11a4f31f2a3b86d1bba2cc8ab69827
2019-08-20 16:01:28,902 [main] INFO  handler.ContextHandler (ContextHandler.java:doStart(781)) - Started o.e.j.s.ServletContextHandler@20b9d5d5{/logs,file:///workdir/hadoop-ozone/tools/target/log,AVAILABLE}
2019-08-20 16:01:28,903 [main] INFO  handler.ContextHandler (ContextHandler.java:doStart(781)) - Started o.e.j.s.ServletContextHandler@60c8a093{/static,jar:file:/home/user/.m2/repository/org/apache/hadoop/hadoop-hdds-container-service/0.5.0-SNAPSHOT/hadoop-hdds-container-service-0.5.0-SNAPSHOT.jar!/webapps/static,AVAILABLE}
2019-08-20 16:01:28,960 [main] INFO  handler.ContextHandler (ContextHandler.java:doStart(781)) - Started o.e.j.w.WebAppContext@5a1c3cb4{/,file:///tmp/jetty-0.0.0.0-34891-hddsDatanode-_-any-4804207491329392161.dir/webapp/,AVAILABLE}{/hddsDatanode}
2019-08-20 16:01:28,962 [main] INFO  server.AbstractConnector (AbstractConnector.java:doStart(278)) - Started ServerConnector@76ad6715{HTTP/1.1,[http/1.1]}{0.0.0.0:34891}
2019-08-20 16:01:28,963 [main] INFO  server.Server (Server.java:doStart(419)) - Started @6826ms
2019-08-20 16:01:28,964 [main] INFO  server.BaseHttpServer (BaseHttpServer.java:updateConnectorAddress(213)) - HTTP server of HDDSDATANODE is listening at http://0.0.0.0:34891
2019-08-20 16:01:30,138 | INFO  | ObjectStoreRestHttpServer | Listening HDDS REST traffic on /0.0.0.0:37419 |  
2019-08-20 16:01:30,140 [main] INFO  ozone.HddsDatanodeService (HddsDatanodeService.java:startPlugins(395)) - Started plug-in org.apache.hadoop.ozone.web.OzoneHddsDatanodeService@4d0cc83e
2019-08-20 16:01:30,141 [main] INFO  impl.MetricsSystemImpl (MetricsSystemImpl.java:init(158)) - HddsDatanode metrics system started (again)
2019-08-20 16:01:30,144 [main] INFO  ozone.HddsDatanodeService (HddsDatanodeService.java:start(184)) - HddsDatanodeService host:pr-hdds-1946lgncr-3764977478 ip:192.168.69.96
2019-08-20 16:01:30,148 [org.apache.hadoop.util.JvmPauseMonitor$Monitor@70dc309f] INFO  util.JvmPauseMonitor (JvmPauseMonitor.java:run(188)) - Starting JVM pause monitor
2019-08-20 16:01:30,154 [main] INFO  volume.HddsVolume (HddsVolume.java:<init>(176)) - Creating Volume: /workdir/hadoop-ozone/tools/target/test-dir/MiniOzoneClusterImpl-6f19b415-f1af-42d0-a7d4-e238af001e98/datanode-1/data/containers/hdds of  storage type : DISK and capacity : 1482555576320
2019-08-20 16:01:30,155 [main] INFO  volume.VolumeSet (VolumeSet.java:initializeVolumeSet(170)) - Added Volume : /workdir/hadoop-ozone/tools/target/test-dir/MiniOzoneClusterImpl-6f19b415-f1af-42d0-a7d4-e238af001e98/datanode-1/data/containers/hdds to VolumeSet
2019-08-20 16:01:30,155 [main] INFO  volume.ThrottledAsyncChecker (ThrottledAsyncChecker.java:schedule(140)) - Scheduling a check for org.apache.hadoop.ozone.container.common.volume.HddsVolume@2e590b
2019-08-20 16:01:30,155 [main] INFO  volume.HddsVolumeChecker (HddsVolumeChecker.java:checkAllVolumes(203)) - Scheduled health check for volume org.apache.hadoop.ozone.container.common.volume.HddsVolume@2e590b
2019-08-20 16:01:30,186 [main] INFO  impl.RaftServerProxy (ConfUtils.java:logGet(43)) - raft.rpc.type = GRPC (default)
2019-08-20 16:01:30,186 [main] INFO  grpc.GrpcFactory (GrpcFactory.java:checkPooledByteBufAllocatorUseCacheForAllThreads(45)) - PERFORMANCE WARNING: useCacheForAllThreads is true that may cause Netty to create a lot garbage objects and, as a result, trigger GC.
	It is recommended to disable useCacheForAllThreads by setting -Dorg.apache.ratis.thirdparty.io.netty.allocator.useCacheForAllThreads=false in command line.
2019-08-20 16:01:30,187 [main] INFO  grpc.GrpcConfigKeys$Server (ConfUtils.java:logGet(43)) - raft.grpc.server.port = 0 (default)
2019-08-20 16:01:30,187 [main] INFO  server.GrpcService (ConfUtils.java:logGet(43)) - raft.grpc.message.size.max = 33570816 (custom)
2019-08-20 16:01:30,187 [main] INFO  server.RaftServerConfigKeys (ConfUtils.java:logGet(43)) - raft.server.log.appender.buffer.byte-limit = 33554432 (custom)
2019-08-20 16:01:30,187 [main] INFO  server.GrpcService (ConfUtils.java:logGet(43)) - raft.grpc.flow.control.window = 1MB (=1048576) (default)
2019-08-20 16:01:30,188 [main] INFO  server.RaftServerConfigKeys (ConfUtils.java:logGet(43)) - raft.server.rpc.request.timeout = 3000ms (default)
2019-08-20 16:01:30,188 [main] INFO  server.RaftServerConfigKeys (ConfUtils.java:logGet(43)) - raft.server.storage.dir = [/workdir/hadoop-ozone/tools/target/test-dir/MiniOzoneClusterImpl-6f19b415-f1af-42d0-a7d4-e238af001e98/datanode-1/data/ratis] (custom)
2019-08-20 16:01:30,189 [main] INFO  replication.SimpleContainerDownloader (SimpleContainerDownloader.java:<init>(72)) - Starting container downloader service to copy containers to replicate.
2019-08-20 16:01:30,191 [main] INFO  hdfs.DFSUtil (DFSUtil.java:httpServerTemplateForNNAndJN(1641)) - Starting Web-server for hddsDatanode at: http://0.0.0.0:0
2019-08-20 16:01:30,193 [main] INFO  server.AuthenticationFilter (AuthenticationFilter.java:constructSecretProvider(240)) - Unable to initialize FileSignerSecretProvider, falling back to use random secrets.
2019-08-20 16:01:30,195 [main] WARN  http.HttpRequestLog (HttpRequestLog.java:getRequestLog(97)) - Jetty request log can only be enabled using Log4j
2019-08-20 16:01:30,198 [main] INFO  http.HttpServer2 (HttpServer2.java:addGlobalFilter(975)) - Added global filter 'safety' (class=org.apache.hadoop.http.HttpServer2$QuotingInputFilter)
2019-08-20 16:01:30,199 [main] INFO  http.HttpServer2 (HttpServer2.java:addFilter(948)) - Added filter static_user_filter (class=org.apache.hadoop.http.lib.StaticUserWebFilter$StaticUserFilter) to context hddsDatanode
2019-08-20 16:01:30,199 [main] INFO  http.HttpServer2 (HttpServer2.java:addFilter(958)) - Added filter static_user_filter (class=org.apache.hadoop.http.lib.StaticUserWebFilter$StaticUserFilter) to context static
2019-08-20 16:01:30,199 [main] INFO  http.HttpServer2 (HttpServer2.java:addFilter(958)) - Added filter static_user_filter (class=org.apache.hadoop.http.lib.StaticUserWebFilter$StaticUserFilter) to context logs
2019-08-20 16:01:30,201 [main] INFO  http.HttpServer2 (HttpServer2.java:bindListener(1191)) - Jetty bound to port 40555
2019-08-20 16:01:30,201 [main] INFO  server.Server (Server.java:doStart(351)) - jetty-9.3.24.v20180605, build timestamp: 2018-06-05T17:11:56Z, git hash: 84205aa28f11a4f31f2a3b86d1bba2cc8ab69827
2019-08-20 16:01:30,205 [main] INFO  handler.ContextHandler (ContextHandler.java:doStart(781)) - Started o.e.j.s.ServletContextHandler@46c10083{/logs,file:///workdir/hadoop-ozone/tools/target/log,AVAILABLE}
2019-08-20 16:01:30,206 [main] INFO  handler.ContextHandler (ContextHandler.java:doStart(781)) - Started o.e.j.s.ServletContextHandler@1e98b788{/static,jar:file:/home/user/.m2/repository/org/apache/hadoop/hadoop-hdds-container-service/0.5.0-SNAPSHOT/hadoop-hdds-container-service-0.5.0-SNAPSHOT.jar!/webapps/static,AVAILABLE}
2019-08-20 16:01:30,253 [main] INFO  handler.ContextHandler (ContextHandler.java:doStart(781)) - Started o.e.j.w.WebAppContext@27b337bb{/,file:///tmp/jetty-0.0.0.0-40555-hddsDatanode-_-any-1982209560275035528.dir/webapp/,AVAILABLE}{/hddsDatanode}
2019-08-20 16:01:30,255 [main] INFO  server.AbstractConnector (AbstractConnector.java:doStart(278)) - Started ServerConnector@59636c47{HTTP/1.1,[http/1.1]}{0.0.0.0:40555}
2019-08-20 16:01:30,257 [main] INFO  server.Server (Server.java:doStart(419)) - Started @8119ms
2019-08-20 16:01:30,258 [main] INFO  server.BaseHttpServer (BaseHttpServer.java:updateConnectorAddress(213)) - HTTP server of HDDSDATANODE is listening at http://0.0.0.0:40555
2019-08-20 16:01:30,279 [Datanode State Machine Thread - 0] INFO  datanode.InitDatanodeState (InitDatanodeState.java:persistContainerDatanodeDetails(140)) - DatanodeDetails is persisted to /workdir/hadoop-ozone/tools/target/test-dir/MiniOzoneClusterImpl-6f19b415-f1af-42d0-a7d4-e238af001e98/datanode-0/meta/datanode.id
2019-08-20 16:01:30,441 | INFO  | ObjectStoreRestHttpServer | Listening HDDS REST traffic on /0.0.0.0:43281 |  
2019-08-20 16:01:30,441 [main] INFO  ozone.HddsDatanodeService (HddsDatanodeService.java:startPlugins(395)) - Started plug-in org.apache.hadoop.ozone.web.OzoneHddsDatanodeService@4b87760e
2019-08-20 16:01:30,442 [main] INFO  impl.MetricsSystemImpl (MetricsSystemImpl.java:init(158)) - HddsDatanode metrics system started (again)
2019-08-20 16:01:30,445 [main] INFO  ozone.HddsDatanodeService (HddsDatanodeService.java:start(184)) - HddsDatanodeService host:pr-hdds-1946lgncr-3764977478 ip:192.168.69.96
2019-08-20 16:01:30,445 [org.apache.hadoop.util.JvmPauseMonitor$Monitor@78506631] INFO  util.JvmPauseMonitor (JvmPauseMonitor.java:run(188)) - Starting JVM pause monitor
2019-08-20 16:01:30,452 [Datanode State Machine Thread - 0] INFO  datanode.InitDatanodeState (InitDatanodeState.java:persistContainerDatanodeDetails(140)) - DatanodeDetails is persisted to /workdir/hadoop-ozone/tools/target/test-dir/MiniOzoneClusterImpl-6f19b415-f1af-42d0-a7d4-e238af001e98/datanode-1/meta/datanode.id
2019-08-20 16:01:30,456 [main] INFO  volume.HddsVolume (HddsVolume.java:<init>(176)) - Creating Volume: /workdir/hadoop-ozone/tools/target/test-dir/MiniOzoneClusterImpl-6f19b415-f1af-42d0-a7d4-e238af001e98/datanode-2/data/containers/hdds of  storage type : DISK and capacity : 1482555576320
2019-08-20 16:01:30,456 [main] INFO  volume.VolumeSet (VolumeSet.java:initializeVolumeSet(170)) - Added Volume : /workdir/hadoop-ozone/tools/target/test-dir/MiniOzoneClusterImpl-6f19b415-f1af-42d0-a7d4-e238af001e98/datanode-2/data/containers/hdds to VolumeSet
2019-08-20 16:01:30,457 [main] INFO  volume.ThrottledAsyncChecker (ThrottledAsyncChecker.java:schedule(140)) - Scheduling a check for org.apache.hadoop.ozone.container.common.volume.HddsVolume@36ad229b
2019-08-20 16:01:30,457 [main] INFO  volume.HddsVolumeChecker (HddsVolumeChecker.java:checkAllVolumes(203)) - Scheduled health check for volume org.apache.hadoop.ozone.container.common.volume.HddsVolume@36ad229b
2019-08-20 16:01:30,476 [main] INFO  impl.RaftServerProxy (ConfUtils.java:logGet(43)) - raft.rpc.type = GRPC (default)
2019-08-20 16:01:30,476 [main] INFO  grpc.GrpcFactory (GrpcFactory.java:checkPooledByteBufAllocatorUseCacheForAllThreads(45)) - PERFORMANCE WARNING: useCacheForAllThreads is true that may cause Netty to create a lot garbage objects and, as a result, trigger GC.
	It is recommended to disable useCacheForAllThreads by setting -Dorg.apache.ratis.thirdparty.io.netty.allocator.useCacheForAllThreads=false in command line.
2019-08-20 16:01:30,476 [main] INFO  grpc.GrpcConfigKeys$Server (ConfUtils.java:logGet(43)) - raft.grpc.server.port = 0 (default)
2019-08-20 16:01:30,477 [main] INFO  server.GrpcService (ConfUtils.java:logGet(43)) - raft.grpc.message.size.max = 33570816 (custom)
2019-08-20 16:01:30,477 [main] INFO  server.RaftServerConfigKeys (ConfUtils.java:logGet(43)) - raft.server.log.appender.buffer.byte-limit = 33554432 (custom)
2019-08-20 16:01:30,477 [main] INFO  server.GrpcService (ConfUtils.java:logGet(43)) - raft.grpc.flow.control.window = 1MB (=1048576) (default)
2019-08-20 16:01:30,477 [main] INFO  server.RaftServerConfigKeys (ConfUtils.java:logGet(43)) - raft.server.rpc.request.timeout = 3000ms (default)
2019-08-20 16:01:30,478 [main] INFO  server.RaftServerConfigKeys (ConfUtils.java:logGet(43)) - raft.server.storage.dir = [/workdir/hadoop-ozone/tools/target/test-dir/MiniOzoneClusterImpl-6f19b415-f1af-42d0-a7d4-e238af001e98/datanode-2/data/ratis] (custom)
2019-08-20 16:01:30,479 [main] INFO  replication.SimpleContainerDownloader (SimpleContainerDownloader.java:<init>(72)) - Starting container downloader service to copy containers to replicate.
2019-08-20 16:01:30,480 [main] INFO  hdfs.DFSUtil (DFSUtil.java:httpServerTemplateForNNAndJN(1641)) - Starting Web-server for hddsDatanode at: http://0.0.0.0:0
2019-08-20 16:01:30,482 [main] INFO  server.AuthenticationFilter (AuthenticationFilter.java:constructSecretProvider(240)) - Unable to initialize FileSignerSecretProvider, falling back to use random secrets.
2019-08-20 16:01:30,482 [main] WARN  http.HttpRequestLog (HttpRequestLog.java:getRequestLog(97)) - Jetty request log can only be enabled using Log4j
2019-08-20 16:01:30,484 [main] INFO  http.HttpServer2 (HttpServer2.java:addGlobalFilter(975)) - Added global filter 'safety' (class=org.apache.hadoop.http.HttpServer2$QuotingInputFilter)
2019-08-20 16:01:30,484 [main] INFO  http.HttpServer2 (HttpServer2.java:addFilter(948)) - Added filter static_user_filter (class=org.apache.hadoop.http.lib.StaticUserWebFilter$StaticUserFilter) to context hddsDatanode
2019-08-20 16:01:30,484 [main] INFO  http.HttpServer2 (HttpServer2.java:addFilter(958)) - Added filter static_user_filter (class=org.apache.hadoop.http.lib.StaticUserWebFilter$StaticUserFilter) to context logs
2019-08-20 16:01:30,485 [main] INFO  http.HttpServer2 (HttpServer2.java:addFilter(958)) - Added filter static_user_filter (class=org.apache.hadoop.http.lib.StaticUserWebFilter$StaticUserFilter) to context static
2019-08-20 16:01:30,485 [main] INFO  http.HttpServer2 (HttpServer2.java:bindListener(1191)) - Jetty bound to port 42148
2019-08-20 16:01:30,485 [main] INFO  server.Server (Server.java:doStart(351)) - jetty-9.3.24.v20180605, build timestamp: 2018-06-05T17:11:56Z, git hash: 84205aa28f11a4f31f2a3b86d1bba2cc8ab69827
2019-08-20 16:01:30,487 [main] INFO  handler.ContextHandler (ContextHandler.java:doStart(781)) - Started o.e.j.s.ServletContextHandler@57bd6a8f{/logs,file:///workdir/hadoop-ozone/tools/target/log,AVAILABLE}
2019-08-20 16:01:30,488 [main] INFO  handler.ContextHandler (ContextHandler.java:doStart(781)) - Started o.e.j.s.ServletContextHandler@517704{/static,jar:file:/home/user/.m2/repository/org/apache/hadoop/hadoop-hdds-container-service/0.5.0-SNAPSHOT/hadoop-hdds-container-service-0.5.0-SNAPSHOT.jar!/webapps/static,AVAILABLE}
2019-08-20 16:01:30,517 [main] INFO  handler.ContextHandler (ContextHandler.java:doStart(781)) - Started o.e.j.w.WebAppContext@78c262ba{/,file:///tmp/jetty-0.0.0.0-42148-hddsDatanode-_-any-8714835227186539797.dir/webapp/,AVAILABLE}{/hddsDatanode}
2019-08-20 16:01:30,517 [main] INFO  server.AbstractConnector (AbstractConnector.java:doStart(278)) - Started ServerConnector@7d2c9361{HTTP/1.1,[http/1.1]}{0.0.0.0:42148}
2019-08-20 16:01:30,519 [main] INFO  server.Server (Server.java:doStart(419)) - Started @8382ms
2019-08-20 16:01:30,519 [main] INFO  server.BaseHttpServer (BaseHttpServer.java:updateConnectorAddress(213)) - HTTP server of HDDSDATANODE is listening at http://0.0.0.0:42148
2019-08-20 16:01:30,704 | INFO  | ObjectStoreRestHttpServer | Listening HDDS REST traffic on /0.0.0.0:33853 |  
2019-08-20 16:01:30,704 [main] INFO  ozone.HddsDatanodeService (HddsDatanodeService.java:startPlugins(395)) - Started plug-in org.apache.hadoop.ozone.web.OzoneHddsDatanodeService@38732364
2019-08-20 16:01:30,706 [main] INFO  ozone.MiniOzoneClusterImpl (MiniOzoneClusterImpl.java:lambda$waitForClusterToBeReady$0(142)) - Waiting for cluster to be ready. Got 0 of 3 DN Heartbeats.
2019-08-20 16:01:30,708 [org.apache.hadoop.util.JvmPauseMonitor$Monitor@bf63c4e] INFO  util.JvmPauseMonitor (JvmPauseMonitor.java:run(188)) - Starting JVM pause monitor
2019-08-20 16:01:30,711 [Datanode State Machine Thread - 0] INFO  datanode.InitDatanodeState (InitDatanodeState.java:persistContainerDatanodeDetails(140)) - DatanodeDetails is persisted to /workdir/hadoop-ozone/tools/target/test-dir/MiniOzoneClusterImpl-6f19b415-f1af-42d0-a7d4-e238af001e98/datanode-2/meta/datanode.id
2019-08-20 16:01:31,707 [main] INFO  ozone.MiniOzoneClusterImpl (MiniOzoneClusterImpl.java:lambda$waitForClusterToBeReady$0(142)) - Waiting for cluster to be ready. Got 0 of 3 DN Heartbeats.
2019-08-20 16:01:32,181 | INFO  | SCMAudit | user=jenkins1000 | ip=192.168.69.96 | op=GET_VERSION null | ret=SUCCESS |  
2019-08-20 16:01:32,208 [Datanode State Machine Thread - 0] INFO  ozoneimpl.OzoneContainer (OzoneContainer.java:start(186)) - Attempting to start container services.
2019-08-20 16:01:32,210 [Datanode State Machine Thread - 0] INFO  ozoneimpl.OzoneContainer (OzoneContainer.java:startContainerScrub(160)) - Background container scrubber has been disabled by hdds.containerscrub.enabled
2019-08-20 16:01:32,211 [Datanode State Machine Thread - 0] INFO  ratis.XceiverServerRatis (XceiverServerRatis.java:start(404)) - Starting XceiverServerRatis a2b57e47-6e14-4188-b035-dd43d316fe5c at port 0
2019-08-20 16:01:32,236 [Datanode State Machine Thread - 0] INFO  impl.RaftServerProxy (RaftServerProxy.java:lambda$start$3(299)) - a2b57e47-6e14-4188-b035-dd43d316fe5c: start RPC server
2019-08-20 16:01:32,362 [Datanode State Machine Thread - 0] INFO  server.GrpcService (GrpcService.java:startImpl(149)) - a2b57e47-6e14-4188-b035-dd43d316fe5c: GrpcService started, listening on 0.0.0.0/0.0.0.0:36816
2019-08-20 16:01:32,363 [Datanode State Machine Thread - 0] INFO  ratis.XceiverServerRatis (XceiverServerRatis.java:start(414)) - XceiverServerRatis a2b57e47-6e14-4188-b035-dd43d316fe5c is started using port 36816
2019-08-20 16:01:32,364 [Datanode State Machine Thread - 0] INFO  server.XceiverServerGrpc (XceiverServerGrpc.java:start(161)) - XceiverServerGrpc a2b57e47-6e14-4188-b035-dd43d316fe5c is started using port 39037
2019-08-20 16:01:32,448 | INFO  | SCMAudit | user=jenkins1000 | ip=192.168.69.96 | op=GET_VERSION null | ret=SUCCESS |  
2019-08-20 16:01:32,454 [Datanode State Machine Thread - 0] INFO  ozoneimpl.OzoneContainer (OzoneContainer.java:start(186)) - Attempting to start container services.
2019-08-20 16:01:32,455 [Datanode State Machine Thread - 0] INFO  ozoneimpl.OzoneContainer (OzoneContainer.java:startContainerScrub(160)) - Background container scrubber has been disabled by hdds.containerscrub.enabled
2019-08-20 16:01:32,455 [Datanode State Machine Thread - 0] INFO  ratis.XceiverServerRatis (XceiverServerRatis.java:start(404)) - Starting XceiverServerRatis 61562f27-208f-4909-9070-f45ffa4a26d7 at port 0
2019-08-20 16:01:32,461 [Datanode State Machine Thread - 0] INFO  impl.RaftServerProxy (RaftServerProxy.java:lambda$start$3(299)) - 61562f27-208f-4909-9070-f45ffa4a26d7: start RPC server
2019-08-20 16:01:32,463 [Datanode State Machine Thread - 0] INFO  server.GrpcService (GrpcService.java:startImpl(149)) - 61562f27-208f-4909-9070-f45ffa4a26d7: GrpcService started, listening on 0.0.0.0/0.0.0.0:35819
2019-08-20 16:01:32,463 [Datanode State Machine Thread - 0] INFO  ratis.XceiverServerRatis (XceiverServerRatis.java:start(414)) - XceiverServerRatis 61562f27-208f-4909-9070-f45ffa4a26d7 is started using port 35819
2019-08-20 16:01:32,464 [Datanode State Machine Thread - 0] INFO  server.XceiverServerGrpc (XceiverServerGrpc.java:start(161)) - XceiverServerGrpc 61562f27-208f-4909-9070-f45ffa4a26d7 is started using port 45272
2019-08-20 16:01:32,708 [main] INFO  ozone.MiniOzoneClusterImpl (MiniOzoneClusterImpl.java:lambda$waitForClusterToBeReady$0(142)) - Waiting for cluster to be ready. Got 0 of 3 DN Heartbeats.
2019-08-20 16:01:32,711 | INFO  | SCMAudit | user=jenkins1000 | ip=192.168.69.96 | op=GET_VERSION null | ret=SUCCESS |  
2019-08-20 16:01:32,726 [Datanode State Machine Thread - 0] INFO  ozoneimpl.OzoneContainer (OzoneContainer.java:start(186)) - Attempting to start container services.
2019-08-20 16:01:32,727 [Datanode State Machine Thread - 0] INFO  ozoneimpl.OzoneContainer (OzoneContainer.java:startContainerScrub(160)) - Background container scrubber has been disabled by hdds.containerscrub.enabled
2019-08-20 16:01:32,728 [Datanode State Machine Thread - 0] INFO  ratis.XceiverServerRatis (XceiverServerRatis.java:start(404)) - Starting XceiverServerRatis e17426b5-147c-49d6-be38-710150ed9248 at port 0
2019-08-20 16:01:32,734 [Datanode State Machine Thread - 0] INFO  impl.RaftServerProxy (RaftServerProxy.java:lambda$start$3(299)) - e17426b5-147c-49d6-be38-710150ed9248: start RPC server
2019-08-20 16:01:32,737 [Datanode State Machine Thread - 0] INFO  server.GrpcService (GrpcService.java:startImpl(149)) - e17426b5-147c-49d6-be38-710150ed9248: GrpcService started, listening on 0.0.0.0/0.0.0.0:46488
2019-08-20 16:01:32,737 [Datanode State Machine Thread - 0] INFO  ratis.XceiverServerRatis (XceiverServerRatis.java:start(414)) - XceiverServerRatis e17426b5-147c-49d6-be38-710150ed9248 is started using port 46488
2019-08-20 16:01:32,739 [Datanode State Machine Thread - 0] INFO  server.XceiverServerGrpc (XceiverServerGrpc.java:start(161)) - XceiverServerGrpc e17426b5-147c-49d6-be38-710150ed9248 is started using port 38094
2019-08-20 16:01:33,708 [main] INFO  ozone.MiniOzoneClusterImpl (MiniOzoneClusterImpl.java:lambda$waitForClusterToBeReady$0(142)) - Waiting for cluster to be ready. Got 0 of 3 DN Heartbeats.
2019-08-20 16:01:34,192 [IPC Server handler 1 on 46657] INFO  net.NetworkTopology (NetworkTopologyImpl.java:add(110)) - Added a new node: /default-rack/a2b57e47-6e14-4188-b035-dd43d316fe5c
2019-08-20 16:01:34,193 [IPC Server handler 1 on 46657] INFO  node.SCMNodeManager (SCMNodeManager.java:register(273)) - Registered Data node : a2b57e47-6e14-4188-b035-dd43d316fe5c{ip: 192.168.69.96, host: pr-hdds-1946lgncr-3764977478, networkLocation: /default-rack, certSerialId: null}
2019-08-20 16:01:34,197 [EventQueue-NodeRegistrationContainerReportForDataNodeSafeModeRule] INFO  safemode.SCMSafeModeManager (DataNodeSafeModeRule.java:process(71)) - SCM in safe mode. 1 DataNodes registered, 1 required.
2019-08-20 16:01:34,197 [EventQueue-NodeRegistrationContainerReportForDataNodeSafeModeRule] INFO  safemode.SCMSafeModeManager (SCMSafeModeManager.java:validateSafeModeExitRules(177)) - ScmSafeModeManager, all rules are successfully validated
2019-08-20 16:01:34,197 [EventQueue-NodeRegistrationContainerReportForDataNodeSafeModeRule] INFO  safemode.SCMSafeModeManager (SCMSafeModeManager.java:exitSafeMode(193)) - SCM exiting safe mode.
2019-08-20 16:01:34,203 | INFO  | SCMAudit | user=jenkins1000 | ip=192.168.69.96 | op=REGISTER {datanodeDetails=a2b57e47-6e14-4188-b035-dd43d316fe5c{ip: 192.168.69.96, host: pr-hdds-1946lgncr-3764977478, networkLocation: /default-rack, certSerialId: null}} | ret=SUCCESS |  
2019-08-20 16:01:34,450 [IPC Server handler 3 on 46657] INFO  net.NetworkTopology (NetworkTopologyImpl.java:add(110)) - Added a new node: /default-rack/61562f27-208f-4909-9070-f45ffa4a26d7
2019-08-20 16:01:34,451 [IPC Server handler 3 on 46657] INFO  node.SCMNodeManager (SCMNodeManager.java:register(273)) - Registered Data node : 61562f27-208f-4909-9070-f45ffa4a26d7{ip: 192.168.69.96, host: pr-hdds-1946lgncr-3764977478, networkLocation: /default-rack, certSerialId: null}
2019-08-20 16:01:34,452 | INFO  | SCMAudit | user=jenkins1000 | ip=192.168.69.96 | op=REGISTER {datanodeDetails=61562f27-208f-4909-9070-f45ffa4a26d7{ip: 192.168.69.96, host: pr-hdds-1946lgncr-3764977478, networkLocation: /default-rack, certSerialId: null}} | ret=SUCCESS |  
2019-08-20 16:01:35,074 [main] INFO  ozone.MiniOzoneClusterImpl (MiniOzoneClusterImpl.java:lambda$waitForClusterToBeReady$0(142)) - Waiting for cluster to be ready. Got 2 of 3 DN Heartbeats.
2019-08-20 16:01:35,080 [IPC Server handler 7 on 46657] INFO  net.NetworkTopology (NetworkTopologyImpl.java:add(110)) - Added a new node: /default-rack/e17426b5-147c-49d6-be38-710150ed9248
2019-08-20 16:01:35,081 [IPC Server handler 7 on 46657] INFO  node.SCMNodeManager (SCMNodeManager.java:register(273)) - Registered Data node : e17426b5-147c-49d6-be38-710150ed9248{ip: 192.168.69.96, host: pr-hdds-1946lgncr-3764977478, networkLocation: /default-rack, certSerialId: null}
2019-08-20 16:01:35,081 | INFO  | SCMAudit | user=jenkins1000 | ip=192.168.69.96 | op=REGISTER {datanodeDetails=e17426b5-147c-49d6-be38-710150ed9248{ip: 192.168.69.96, host: pr-hdds-1946lgncr-3764977478, networkLocation: /default-rack, certSerialId: null}} | ret=SUCCESS |  
2019-08-20 16:01:35,480 [grpc-default-executor-0] INFO  impl.RaftServerProxy (RaftServerProxy.java:addNew(89)) - a2b57e47-6e14-4188-b035-dd43d316fe5c: addNew group-56B55488EAC1:[a2b57e47-6e14-4188-b035-dd43d316fe5c:192.168.69.96:36816] returns group-56B55488EAC1:java.util.concurrent.CompletableFuture@6c5bb3a5[Not completed]
2019-08-20 16:01:35,491 [pool-27-thread-1] INFO  impl.RaftServerImpl (RaftServerImpl.java:<init>(93)) - a2b57e47-6e14-4188-b035-dd43d316fe5c: new RaftServerImpl for group-56B55488EAC1:[a2b57e47-6e14-4188-b035-dd43d316fe5c:192.168.69.96:36816] with ContainerStateMachine:uninitialized
2019-08-20 16:01:35,493 [pool-27-thread-1] INFO  server.RaftServerConfigKeys (ConfUtils.java:logGet(43)) - raft.server.rpc.timeout.min = 5s (custom)
2019-08-20 16:01:35,493 [pool-27-thread-1] INFO  server.RaftServerConfigKeys (ConfUtils.java:logGet(43)) - raft.server.rpc.timeout.max = 5200ms (custom)
2019-08-20 16:01:35,493 [pool-27-thread-1] INFO  server.RaftServerConfigKeys (ConfUtils.java:logGet(43)) - raft.server.rpcslowness.timeout = 120s (custom)
2019-08-20 16:01:35,494 [pool-27-thread-1] INFO  server.RaftServerConfigKeys (ConfUtils.java:logGet(43)) - raft.server.sleep.deviation.threshold = 300 (default)
2019-08-20 16:01:35,495 [pool-27-thread-1] INFO  server.RaftServerConfigKeys (ConfUtils.java:logGet(43)) - raft.server.log.appender.install.snapshot.enabled = false (custom)
2019-08-20 16:01:35,505 [pool-27-thread-1] INFO  impl.RaftServerImpl (ServerState.java:<init>(105)) - a2b57e47-6e14-4188-b035-dd43d316fe5c:group-56B55488EAC1 ConfigurationManager, init=-1: [a2b57e47-6e14-4188-b035-dd43d316fe5c:192.168.69.96:36816], old=null, confs=<EMPTY_MAP>
2019-08-20 16:01:35,506 [pool-27-thread-1] INFO  server.RaftServerConfigKeys (ConfUtils.java:logGet(43)) - raft.server.storage.dir = [/workdir/hadoop-ozone/tools/target/test-dir/MiniOzoneClusterImpl-6f19b415-f1af-42d0-a7d4-e238af001e98/datanode-0/data/ratis] (custom)
2019-08-20 16:01:35,517 [pool-27-thread-1] INFO  storage.RaftStorageDirectory (RaftStorageDirectory.java:analyzeStorage(246)) - The storage directory /workdir/hadoop-ozone/tools/target/test-dir/MiniOzoneClusterImpl-6f19b415-f1af-42d0-a7d4-e238af001e98/datanode-0/data/ratis/7a4049f5-9ac3-4842-b2f9-56b55488eac1 does not exist. Creating ...
2019-08-20 16:01:36,076 [main] INFO  ozone.MiniOzoneClusterImpl (MiniOzoneClusterImpl.java:lambda$waitForClusterToBeReady$0(142)) - Cluster is ready. Got 3 of 3 DN Heartbeats.
2019-08-20 16:01:36,168 | INFO  | SCMAudit | user=jenkins1000 | ip=192.168.69.96 | op=SEND_HEARTBEAT {datanodeUUID=a2b57e47-6e14-4188-b035-dd43d316fe5c, command=[]} | ret=SUCCESS |  
2019-08-20 16:01:36,449 | INFO  | SCMAudit | user=jenkins1000 | ip=192.168.69.96 | op=SEND_HEARTBEAT {datanodeUUID=61562f27-208f-4909-9070-f45ffa4a26d7, command=[]} | ret=SUCCESS |  
2019-08-20 16:01:36,517 [main] INFO  freon.RandomKeyGenerator (RandomKeyGenerator.java:call(275)) - Number of Threads: 10
2019-08-20 16:01:36,518 [main] INFO  freon.RandomKeyGenerator (RandomKeyGenerator.java:call(280)) - Number of Volumes: 1.
2019-08-20 16:01:36,518 [main] INFO  freon.RandomKeyGenerator (RandomKeyGenerator.java:call(281)) - Number of Buckets per Volume: 1.
2019-08-20 16:01:36,518 [main] INFO  freon.RandomKeyGenerator (RandomKeyGenerator.java:call(282)) - Number of Keys per Bucket: 1.
2019-08-20 16:01:36,518 [main] INFO  freon.RandomKeyGenerator (RandomKeyGenerator.java:call(283)) - Key size: 20971520 bytes
2019-08-20 16:01:36,519 [main] INFO  freon.RandomKeyGenerator (RandomKeyGenerator.java:call(284)) - Buffer size: 4096 bytes
2019-08-20 16:01:36,522 [main] INFO  freon.RandomKeyGenerator (RandomKeyGenerator.java:call(298)) - Data validation is enabled.
2019-08-20 16:01:36,523 [main] INFO  freon.RandomKeyGenerator (RandomKeyGenerator.java:call(304)) - Starting progress bar Thread.

 0.00% |█                                                                                                    |  0/1 Time: 0:00:002019-08-20 16:01:36,553 [pool-56-thread-1] INFO  rpc.RpcClient (RpcClient.java:createVolume(292)) - Creating Volume: vol-0-65900, with jenkins1000 as owner.
2019-08-20 16:01:36,583 | INFO  | OMAudit | user=jenkins1000 | ip=127.0.0.1 | op=CREATE_VOLUME {admin=jenkins1000, owner=jenkins1000, volume=vol-0-65900, creationTime=1566316896578, quotaInBytes=1152921504606846976} | ret=SUCCESS |  
2019-08-20 16:01:36,599 | INFO  | OMAudit | user=jenkins1000 | ip=127.0.0.1 | op=READ_VOLUME {volume=vol-0-65900} | ret=SUCCESS |  
2019-08-20 16:01:36,617 [pool-56-thread-2] INFO  rpc.RpcClient (RpcClient.java:createBucket(431)) - Creating Bucket: vol-0-65900/bucket-0-45317, with Versioning false and Storage Type set to DISK and Encryption set to false 
2019-08-20 16:01:36,639 | INFO  | OMAudit | user=jenkins1000 | ip=127.0.0.1 | op=CREATE_BUCKET {volume=vol-0-65900, bucket=bucket-0-45317, acls=[user:jenkins1000:a[ACCESS], group:default:a[ACCESS]], isVersionEnabled=false, storageType=DISK, creationTime=0} | ret=SUCCESS |  
2019-08-20 16:01:36,648 | INFO  | OMAudit | user=jenkins1000 | ip=127.0.0.1 | op=READ_BUCKET {volume=vol-0-65900, bucket=bucket-0-45317} | ret=SUCCESS |  
2019-08-20 16:01:37,076 | INFO  | SCMAudit | user=jenkins1000 | ip=192.168.69.96 | op=SEND_HEARTBEAT {datanodeUUID=e17426b5-147c-49d6-be38-710150ed9248, command=[]} | ret=SUCCESS |  
2019-08-20 16:01:37,150 | INFO  | SCMAudit | user=jenkins1000 | ip=192.168.69.96 | op=SEND_HEARTBEAT {datanodeUUID=a2b57e47-6e14-4188-b035-dd43d316fe5c, command=[]} | ret=SUCCESS |  
2019-08-20 16:01:37,200 [Thread-177] INFO  container.ReplicationManager (ReplicationManager.java:start(152)) - Starting Replication Monitor Thread.
2019-08-20 16:01:37,202 [ReplicationMonitor] INFO  container.ReplicationManager (ReplicationManager.java:run(215)) - Replication Monitor Thread took 1 milliseconds for processing 0 containers.
2019-08-20 16:01:37,411 [RATISCREATEPIPELINE1] ERROR pipeline.RatisPipelineProvider (RatisPipelineProvider.java:lambda$null$5(235)) - Failed invoke Ratis rpc org.apache.hadoop.hdds.scm.pipeline.RatisPipelineProvider$$Lambda$170/697700519@1938eed0 for a2b57e47-6e14-4188-b035-dd43d316fe5c
org.apache.ratis.protocol.TimeoutIOException: deadline exceeded after 2961942629ns
	at org.apache.ratis.grpc.GrpcUtil.tryUnwrapException(GrpcUtil.java:82)
	at org.apache.ratis.grpc.GrpcUtil.unwrapException(GrpcUtil.java:75)
	at org.apache.ratis.grpc.client.GrpcClientProtocolClient.blockingCall(GrpcClientProtocolClient.java:169)
	at org.apache.ratis.grpc.client.GrpcClientProtocolClient.groupAdd(GrpcClientProtocolClient.java:138)
	at org.apache.ratis.grpc.client.GrpcClientRpc.sendRequest(GrpcClientRpc.java:94)
	at org.apache.ratis.client.impl.RaftClientImpl.sendRequest(RaftClientImpl.java:279)
	at org.apache.ratis.client.impl.RaftClientImpl.groupAdd(RaftClientImpl.java:206)
	at org.apache.hadoop.hdds.scm.pipeline.RatisPipelineProvider.lambda$initializePipeline$4(RatisPipelineProvider.java:194)
	at org.apache.hadoop.hdds.scm.pipeline.RatisPipelineProvider.lambda$null$5(RatisPipelineProvider.java:231)
	at java.util.stream.ForEachOps$ForEachOp$OfRef.accept(ForEachOps.java:184)
	at java.util.ArrayList$ArrayListSpliterator.forEachRemaining(ArrayList.java:1382)
	at java.util.stream.AbstractPipeline.copyInto(AbstractPipeline.java:482)
	at java.util.stream.ForEachOps$ForEachTask.compute(ForEachOps.java:291)
	at java.util.concurrent.CountedCompleter.exec(CountedCompleter.java:731)
	at java.util.concurrent.ForkJoinTask.doExec(ForkJoinTask.java:289)
	at java.util.concurrent.ForkJoinTask.doInvoke(ForkJoinTask.java:401)
	at java.util.concurrent.ForkJoinTask.invoke(ForkJoinTask.java:734)
	at java.util.stream.ForEachOps$ForEachOp.evaluateParallel(ForEachOps.java:160)
	at java.util.stream.ForEachOps$ForEachOp$OfRef.evaluateParallel(ForEachOps.java:174)
	at java.util.stream.AbstractPipeline.evaluate(AbstractPipeline.java:233)
	at java.util.stream.ReferencePipeline.forEach(ReferencePipeline.java:418)
	at java.util.stream.ReferencePipeline$Head.forEach(ReferencePipeline.java:583)
	at org.apache.hadoop.hdds.scm.pipeline.RatisPipelineProvider.lambda$callRatisRpc$6(RatisPipelineProvider.java:225)
	at java.util.concurrent.ForkJoinTask$AdaptedRunnableAction.exec(ForkJoinTask.java:1386)
	at java.util.concurrent.ForkJoinTask.doExec(ForkJoinTask.java:289)
	at java.util.concurrent.ForkJoinPool$WorkQueue.runTask(ForkJoinPool.java:1056)
	at java.util.concurrent.ForkJoinPool.runWorker(ForkJoinPool.java:1692)
	at java.util.concurrent.ForkJoinWorkerThread.run(ForkJoinWorkerThread.java:157)
Caused by: org.apache.ratis.thirdparty.io.grpc.StatusRuntimeException: DEADLINE_EXCEEDED: deadline exceeded after 2961942629ns
	at org.apache.ratis.thirdparty.io.grpc.stub.ClientCalls.toStatusRuntimeException(ClientCalls.java:233)
	at org.apache.ratis.thirdparty.io.grpc.stub.ClientCalls.getUnchecked(ClientCalls.java:214)
	at org.apache.ratis.thirdparty.io.grpc.stub.ClientCalls.blockingUnaryCall(ClientCalls.java:139)
	at org.apache.ratis.proto.grpc.AdminProtocolServiceGrpc$AdminProtocolServiceBlockingStub.groupManagement(AdminProtocolServiceGrpc.java:274)
	at org.apache.ratis.grpc.client.GrpcClientProtocolClient.lambda$groupAdd$3(GrpcClientProtocolClient.java:140)
	at org.apache.ratis.grpc.client.GrpcClientProtocolClient.blockingCall(GrpcClientProtocolClient.java:167)
	... 25 more
2019-08-20 16:01:37,458 | INFO  | SCMAudit | user=jenkins1000 | ip=192.168.69.96 | op=SEND_HEARTBEAT {datanodeUUID=61562f27-208f-4909-9070-f45ffa4a26d7, command=[]} | ret=SUCCESS |  
2019-08-20 16:01:37,468 [grpc-default-executor-1] INFO  impl.RaftServerProxy (RaftServerProxy.java:addNew(89)) - a2b57e47-6e14-4188-b035-dd43d316fe5c: addNew group-97309D153F47:[e17426b5-147c-49d6-be38-710150ed9248:192.168.69.96:46488, a2b57e47-6e14-4188-b035-dd43d316fe5c:192.168.69.96:36816, 61562f27-208f-4909-9070-f45ffa4a26d7:192.168.69.96:35819] returns group-97309D153F47:java.util.concurrent.CompletableFuture@6534e3cd[Not completed]
2019-08-20 16:01:37,472 [grpc-default-executor-1] INFO  impl.RaftServerProxy (RaftServerProxy.java:addNew(89)) - 61562f27-208f-4909-9070-f45ffa4a26d7: addNew group-97309D153F47:[e17426b5-147c-49d6-be38-710150ed9248:192.168.69.96:46488, a2b57e47-6e14-4188-b035-dd43d316fe5c:192.168.69.96:36816, 61562f27-208f-4909-9070-f45ffa4a26d7:192.168.69.96:35819] returns group-97309D153F47:java.util.concurrent.CompletableFuture@11dc904d[Not completed]
2019-08-20 16:01:37,473 [grpc-default-executor-0] INFO  impl.RaftServerProxy (RaftServerProxy.java:addNew(89)) - e17426b5-147c-49d6-be38-710150ed9248: addNew group-97309D153F47:[e17426b5-147c-49d6-be38-710150ed9248:192.168.69.96:46488, a2b57e47-6e14-4188-b035-dd43d316fe5c:192.168.69.96:36816, 61562f27-208f-4909-9070-f45ffa4a26d7:192.168.69.96:35819] returns group-97309D153F47:java.util.concurrent.CompletableFuture@7cd39c87[Not completed]
2019-08-20 16:01:37,499 [pool-38-thread-1] INFO  impl.RaftServerImpl (RaftServerImpl.java:<init>(93)) - 61562f27-208f-4909-9070-f45ffa4a26d7: new RaftServerImpl for group-97309D153F47:[e17426b5-147c-49d6-be38-710150ed9248:192.168.69.96:46488, a2b57e47-6e14-4188-b035-dd43d316fe5c:192.168.69.96:36816, 61562f27-208f-4909-9070-f45ffa4a26d7:192.168.69.96:35819] with ContainerStateMachine:uninitialized
2019-08-20 16:01:37,501 [pool-38-thread-1] INFO  server.RaftServerConfigKeys (ConfUtils.java:logGet(43)) - raft.server.rpc.timeout.min = 5s (custom)
2019-08-20 16:01:37,501 [pool-38-thread-1] INFO  server.RaftServerConfigKeys (ConfUtils.java:logGet(43)) - raft.server.rpc.timeout.max = 5200ms (custom)
2019-08-20 16:01:37,501 [pool-38-thread-1] INFO  server.RaftServerConfigKeys (ConfUtils.java:logGet(43)) - raft.server.rpcslowness.timeout = 120s (custom)
2019-08-20 16:01:37,501 [pool-38-thread-1] INFO  server.RaftServerConfigKeys (ConfUtils.java:logGet(43)) - raft.server.sleep.deviation.threshold = 300 (default)
2019-08-20 16:01:37,502 [pool-38-thread-1] INFO  server.RaftServerConfigKeys (ConfUtils.java:logGet(43)) - raft.server.log.appender.install.snapshot.enabled = false (custom)
2019-08-20 16:01:37,504 [pool-38-thread-1] INFO  impl.RaftServerImpl (ServerState.java:<init>(105)) - 61562f27-208f-4909-9070-f45ffa4a26d7:group-97309D153F47 ConfigurationManager, init=-1: [e17426b5-147c-49d6-be38-710150ed9248:192.168.69.96:46488, a2b57e47-6e14-4188-b035-dd43d316fe5c:192.168.69.96:36816, 61562f27-208f-4909-9070-f45ffa4a26d7:192.168.69.96:35819], old=null, confs=<EMPTY_MAP>
2019-08-20 16:01:37,508 [pool-38-thread-1] INFO  server.RaftServerConfigKeys (ConfUtils.java:logGet(43)) - raft.server.storage.dir = [/workdir/hadoop-ozone/tools/target/test-dir/MiniOzoneClusterImpl-6f19b415-f1af-42d0-a7d4-e238af001e98/datanode-1/data/ratis] (custom)
2019-08-20 16:01:37,508 [pool-38-thread-1] INFO  storage.RaftStorageDirectory (RaftStorageDirectory.java:analyzeStorage(246)) - The storage directory /workdir/hadoop-ozone/tools/target/test-dir/MiniOzoneClusterImpl-6f19b415-f1af-42d0-a7d4-e238af001e98/datanode-1/data/ratis/4559c68c-6f82-43a1-9f9a-97309d153f47 does not exist. Creating ...
2019-08-20 16:01:37,510 [pool-49-thread-1] INFO  impl.RaftServerImpl (RaftServerImpl.java:<init>(93)) - e17426b5-147c-49d6-be38-710150ed9248: new RaftServerImpl for group-97309D153F47:[e17426b5-147c-49d6-be38-710150ed9248:192.168.69.96:46488, a2b57e47-6e14-4188-b035-dd43d316fe5c:192.168.69.96:36816, 61562f27-208f-4909-9070-f45ffa4a26d7:192.168.69.96:35819] with ContainerStateMachine:uninitialized
2019-08-20 16:01:37,511 [pool-49-thread-1] INFO  server.RaftServerConfigKeys (ConfUtils.java:logGet(43)) - raft.server.rpc.timeout.min = 5s (custom)
2019-08-20 16:01:37,511 [pool-49-thread-1] INFO  server.RaftServerConfigKeys (ConfUtils.java:logGet(43)) - raft.server.rpc.timeout.max = 5200ms (custom)
2019-08-20 16:01:37,512 [pool-49-thread-1] INFO  server.RaftServerConfigKeys (ConfUtils.java:logGet(43)) - raft.server.rpcslowness.timeout = 120s (custom)
2019-08-20 16:01:37,512 [pool-49-thread-1] INFO  server.RaftServerConfigKeys (ConfUtils.java:logGet(43)) - raft.server.sleep.deviation.threshold = 300 (default)
2019-08-20 16:01:37,512 [pool-49-thread-1] INFO  server.RaftServerConfigKeys (ConfUtils.java:logGet(43)) - raft.server.log.appender.install.snapshot.enabled = false (custom)
2019-08-20 16:01:37,512 [pool-49-thread-1] INFO  impl.RaftServerImpl (ServerState.java:<init>(105)) - e17426b5-147c-49d6-be38-710150ed9248:group-97309D153F47 ConfigurationManager, init=-1: [e17426b5-147c-49d6-be38-710150ed9248:192.168.69.96:46488, a2b57e47-6e14-4188-b035-dd43d316fe5c:192.168.69.96:36816, 61562f27-208f-4909-9070-f45ffa4a26d7:192.168.69.96:35819], old=null, confs=<EMPTY_MAP>
2019-08-20 16:01:37,513 [pool-49-thread-1] INFO  server.RaftServerConfigKeys (ConfUtils.java:logGet(43)) - raft.server.storage.dir = [/workdir/hadoop-ozone/tools/target/test-dir/MiniOzoneClusterImpl-6f19b415-f1af-42d0-a7d4-e238af001e98/datanode-2/data/ratis] (custom)
2019-08-20 16:01:37,513 [pool-49-thread-1] INFO  storage.RaftStorageDirectory (RaftStorageDirectory.java:analyzeStorage(246)) - The storage directory /workdir/hadoop-ozone/tools/target/test-dir/MiniOzoneClusterImpl-6f19b415-f1af-42d0-a7d4-e238af001e98/datanode-2/data/ratis/4559c68c-6f82-43a1-9f9a-97309d153f47 does not exist. Creating ...
 0.00% |█                                                                                                    |  0/1 Time: 0:00:012019-08-20 16:01:38,076 | INFO  | SCMAudit | user=jenkins1000 | ip=192.168.69.96 | op=SEND_HEARTBEAT {datanodeUUID=e17426b5-147c-49d6-be38-710150ed9248, command=[]} | ret=SUCCESS |  
2019-08-20 16:01:38,150 | INFO  | SCMAudit | user=jenkins1000 | ip=192.168.69.96 | op=SEND_HEARTBEAT {datanodeUUID=a2b57e47-6e14-4188-b035-dd43d316fe5c, command=[]} | ret=SUCCESS |  
2019-08-20 16:01:38,452 | INFO  | SCMAudit | user=jenkins1000 | ip=192.168.69.96 | op=SEND_HEARTBEAT {datanodeUUID=61562f27-208f-4909-9070-f45ffa4a26d7, command=[]} | ret=SUCCESS |  
 0.00% |█                                                                                                    |  0/1 Time: 0:00:022019-08-20 16:01:39,076 | INFO  | SCMAudit | user=jenkins1000 | ip=192.168.69.96 | op=SEND_HEARTBEAT {datanodeUUID=e17426b5-147c-49d6-be38-710150ed9248, command=[]} | ret=SUCCESS |  
2019-08-20 16:01:39,151 | INFO  | SCMAudit | user=jenkins1000 | ip=192.168.69.96 | op=SEND_HEARTBEAT {datanodeUUID=a2b57e47-6e14-4188-b035-dd43d316fe5c, command=[]} | ret=SUCCESS |  
2019-08-20 16:01:39,451 | INFO  | SCMAudit | user=jenkins1000 | ip=192.168.69.96 | op=SEND_HEARTBEAT {datanodeUUID=61562f27-208f-4909-9070-f45ffa4a26d7, command=[]} | ret=SUCCESS |  
 0.00% |█                                                                                                    |  0/1 Time: 0:00:032019-08-20 16:01:40,076 | INFO  | SCMAudit | user=jenkins1000 | ip=192.168.69.96 | op=SEND_HEARTBEAT {datanodeUUID=e17426b5-147c-49d6-be38-710150ed9248, command=[]} | ret=SUCCESS |  
2019-08-20 16:01:40,151 | INFO  | SCMAudit | user=jenkins1000 | ip=192.168.69.96 | op=SEND_HEARTBEAT {datanodeUUID=a2b57e47-6e14-4188-b035-dd43d316fe5c, command=[]} | ret=SUCCESS |  
2019-08-20 16:01:40,432 [RATISCREATEPIPELINE3] ERROR pipeline.RatisPipelineProvider (RatisPipelineProvider.java:lambda$null$5(235)) - Failed invoke Ratis rpc org.apache.hadoop.hdds.scm.pipeline.RatisPipelineProvider$$Lambda$170/697700519@add2ae8 for e17426b5-147c-49d6-be38-710150ed9248
org.apache.ratis.protocol.TimeoutIOException: deadline exceeded after 2999616057ns
	at org.apache.ratis.grpc.GrpcUtil.tryUnwrapException(GrpcUtil.java:82)
	at org.apache.ratis.grpc.GrpcUtil.unwrapException(GrpcUtil.java:75)
	at org.apache.ratis.grpc.client.GrpcClientProtocolClient.blockingCall(GrpcClientProtocolClient.java:169)
	at org.apache.ratis.grpc.client.GrpcClientProtocolClient.groupAdd(GrpcClientProtocolClient.java:138)
	at org.apache.ratis.grpc.client.GrpcClientRpc.sendRequest(GrpcClientRpc.java:94)
	at org.apache.ratis.client.impl.RaftClientImpl.sendRequest(RaftClientImpl.java:279)
	at org.apache.ratis.client.impl.RaftClientImpl.groupAdd(RaftClientImpl.java:206)
	at org.apache.hadoop.hdds.scm.pipeline.RatisPipelineProvider.lambda$initializePipeline$4(RatisPipelineProvider.java:194)
	at org.apache.hadoop.hdds.scm.pipeline.RatisPipelineProvider.lambda$null$5(RatisPipelineProvider.java:231)
	at java.util.stream.ForEachOps$ForEachOp$OfRef.accept(ForEachOps.java:184)
	at java.util.ArrayList$ArrayListSpliterator.forEachRemaining(ArrayList.java:1382)
	at java.util.stream.AbstractPipeline.copyInto(AbstractPipeline.java:482)
	at java.util.stream.ForEachOps$ForEachTask.compute(ForEachOps.java:291)
	at java.util.concurrent.CountedCompleter.exec(CountedCompleter.java:731)
	at java.util.concurrent.ForkJoinTask.doExec(ForkJoinTask.java:289)
	at java.util.concurrent.ForkJoinPool$WorkQueue.runTask(ForkJoinPool.java:1056)
	at java.util.concurrent.ForkJoinPool.runWorker(ForkJoinPool.java:1692)
	at java.util.concurrent.ForkJoinWorkerThread.run(ForkJoinWorkerThread.java:157)
Caused by: org.apache.ratis.thirdparty.io.grpc.StatusRuntimeException: DEADLINE_EXCEEDED: deadline exceeded after 2999616057ns
	at org.apache.ratis.thirdparty.io.grpc.stub.ClientCalls.toStatusRuntimeException(ClientCalls.java:233)
	at org.apache.ratis.thirdparty.io.grpc.stub.ClientCalls.getUnchecked(ClientCalls.java:214)
	at org.apache.ratis.thirdparty.io.grpc.stub.ClientCalls.blockingUnaryCall(ClientCalls.java:139)
	at org.apache.ratis.proto.grpc.AdminProtocolServiceGrpc$AdminProtocolServiceBlockingStub.groupManagement(AdminProtocolServiceGrpc.java:274)
	at org.apache.ratis.grpc.client.GrpcClientProtocolClient.lambda$groupAdd$3(GrpcClientProtocolClient.java:140)
	at org.apache.ratis.grpc.client.GrpcClientProtocolClient.blockingCall(GrpcClientProtocolClient.java:167)
	... 15 more
2019-08-20 16:01:40,432 [RATISCREATEPIPELINE2] ERROR pipeline.RatisPipelineProvider (RatisPipelineProvider.java:lambda$null$5(235)) - Failed invoke Ratis rpc org.apache.hadoop.hdds.scm.pipeline.RatisPipelineProvider$$Lambda$170/697700519@add2ae8 for a2b57e47-6e14-4188-b035-dd43d316fe5c
org.apache.ratis.protocol.TimeoutIOException: deadline exceeded after 2997034090ns
	at org.apache.ratis.grpc.GrpcUtil.tryUnwrapException(GrpcUtil.java:82)
	at org.apache.ratis.grpc.GrpcUtil.unwrapException(GrpcUtil.java:75)
	at org.apache.ratis.grpc.client.GrpcClientProtocolClient.blockingCall(GrpcClientProtocolClient.java:169)
	at org.apache.ratis.grpc.client.GrpcClientProtocolClient.groupAdd(GrpcClientProtocolClient.java:138)
	at org.apache.ratis.grpc.client.GrpcClientRpc.sendRequest(GrpcClientRpc.java:94)
	at org.apache.ratis.client.impl.RaftClientImpl.sendRequest(RaftClientImpl.java:279)
	at org.apache.ratis.client.impl.RaftClientImpl.groupAdd(RaftClientImpl.java:206)
	at org.apache.hadoop.hdds.scm.pipeline.RatisPipelineProvider.lambda$initializePipeline$4(RatisPipelineProvider.java:194)
	at org.apache.hadoop.hdds.scm.pipeline.RatisPipelineProvider.lambda$null$5(RatisPipelineProvider.java:231)
	at java.util.stream.ForEachOps$ForEachOp$OfRef.accept(ForEachOps.java:184)
	at java.util.ArrayList$ArrayListSpliterator.forEachRemaining(ArrayList.java:1382)
	at java.util.stream.AbstractPipeline.copyInto(AbstractPipeline.java:482)
	at java.util.stream.ForEachOps$ForEachTask.compute(ForEachOps.java:291)
	at java.util.concurrent.CountedCompleter.exec(CountedCompleter.java:731)
	at java.util.concurrent.ForkJoinTask.doExec(ForkJoinTask.java:289)
	at java.util.concurrent.ForkJoinPool$WorkQueue.runTask(ForkJoinPool.java:1056)
	at java.util.concurrent.ForkJoinPool.runWorker(ForkJoinPool.java:1692)
	at java.util.concurrent.ForkJoinWorkerThread.run(ForkJoinWorkerThread.java:157)
Caused by: org.apache.ratis.thirdparty.io.grpc.StatusRuntimeException: DEADLINE_EXCEEDED: deadline exceeded after 2997034090ns
	at org.apache.ratis.thirdparty.io.grpc.stub.ClientCalls.toStatusRuntimeException(ClientCalls.java:233)
	at org.apache.ratis.thirdparty.io.grpc.stub.ClientCalls.getUnchecked(ClientCalls.java:214)
	at org.apache.ratis.thirdparty.io.grpc.stub.ClientCalls.blockingUnaryCall(ClientCalls.java:139)
	at org.apache.ratis.proto.grpc.AdminProtocolServiceGrpc$AdminProtocolServiceBlockingStub.groupManagement(AdminProtocolServiceGrpc.java:274)
	at org.apache.ratis.grpc.client.GrpcClientProtocolClient.lambda$groupAdd$3(GrpcClientProtocolClient.java:140)
	at org.apache.ratis.grpc.client.GrpcClientProtocolClient.blockingCall(GrpcClientProtocolClient.java:167)
	... 15 more
2019-08-20 16:01:40,441 [RATISCREATEPIPELINE1] ERROR pipeline.RatisPipelineProvider (RatisPipelineProvider.java:lambda$null$5(235)) - Failed invoke Ratis rpc org.apache.hadoop.hdds.scm.pipeline.RatisPipelineProvider$$Lambda$170/697700519@add2ae8 for 61562f27-208f-4909-9070-f45ffa4a26d7
org.apache.ratis.protocol.TimeoutIOException: deadline exceeded after 2999635536ns
	at org.apache.ratis.grpc.GrpcUtil.tryUnwrapException(GrpcUtil.java:82)
	at org.apache.ratis.grpc.GrpcUtil.unwrapException(GrpcUtil.java:75)
	at org.apache.ratis.grpc.client.GrpcClientProtocolClient.blockingCall(GrpcClientProtocolClient.java:169)
	at org.apache.ratis.grpc.client.GrpcClientProtocolClient.groupAdd(GrpcClientProtocolClient.java:138)
	at org.apache.ratis.grpc.client.GrpcClientRpc.sendRequest(GrpcClientRpc.java:94)
	at org.apache.ratis.client.impl.RaftClientImpl.sendRequest(RaftClientImpl.java:279)
	at org.apache.ratis.client.impl.RaftClientImpl.groupAdd(RaftClientImpl.java:206)
	at org.apache.hadoop.hdds.scm.pipeline.RatisPipelineProvider.lambda$initializePipeline$4(RatisPipelineProvider.java:194)
	at org.apache.hadoop.hdds.scm.pipeline.RatisPipelineProvider.lambda$null$5(RatisPipelineProvider.java:231)
	at java.util.stream.ForEachOps$ForEachOp$OfRef.accept(ForEachOps.java:184)
	at java.util.ArrayList$ArrayListSpliterator.forEachRemaining(ArrayList.java:1382)
	at java.util.stream.AbstractPipeline.copyInto(AbstractPipeline.java:482)
	at java.util.stream.ForEachOps$ForEachTask.compute(ForEachOps.java:291)
	at java.util.concurrent.CountedCompleter.exec(CountedCompleter.java:731)
	at java.util.concurrent.ForkJoinTask.doExec(ForkJoinTask.java:289)
	at java.util.concurrent.ForkJoinTask.doInvoke(ForkJoinTask.java:401)
	at java.util.concurrent.ForkJoinTask.invoke(ForkJoinTask.java:734)
	at java.util.stream.ForEachOps$ForEachOp.evaluateParallel(ForEachOps.java:160)
	at java.util.stream.ForEachOps$ForEachOp$OfRef.evaluateParallel(ForEachOps.java:174)
	at java.util.stream.AbstractPipeline.evaluate(AbstractPipeline.java:233)
	at java.util.stream.ReferencePipeline.forEach(ReferencePipeline.java:418)
	at java.util.stream.ReferencePipeline$Head.forEach(ReferencePipeline.java:583)
	at org.apache.hadoop.hdds.scm.pipeline.RatisPipelineProvider.lambda$callRatisRpc$6(RatisPipelineProvider.java:225)
	at java.util.concurrent.ForkJoinTask$AdaptedRunnableAction.exec(ForkJoinTask.java:1386)
	at java.util.concurrent.ForkJoinTask.doExec(ForkJoinTask.java:289)
	at java.util.concurrent.ForkJoinPool$WorkQueue.runTask(ForkJoinPool.java:1056)
	at java.util.concurrent.ForkJoinPool.runWorker(ForkJoinPool.java:1692)
	at java.util.concurrent.ForkJoinWorkerThread.run(ForkJoinWorkerThread.java:157)
Caused by: org.apache.ratis.thirdparty.io.grpc.StatusRuntimeException: DEADLINE_EXCEEDED: deadline exceeded after 2999635536ns
	at org.apache.ratis.thirdparty.io.grpc.stub.ClientCalls.toStatusRuntimeException(ClientCalls.java:233)
	at org.apache.ratis.thirdparty.io.grpc.stub.ClientCalls.getUnchecked(ClientCalls.java:214)
	at org.apache.ratis.thirdparty.io.grpc.stub.ClientCalls.blockingUnaryCall(ClientCalls.java:139)
	at org.apache.ratis.proto.grpc.AdminProtocolServiceGrpc$AdminProtocolServiceBlockingStub.groupManagement(AdminProtocolServiceGrpc.java:274)
	at org.apache.ratis.grpc.client.GrpcClientProtocolClient.lambda$groupAdd$3(GrpcClientProtocolClient.java:140)
	at org.apache.ratis.grpc.client.GrpcClientProtocolClient.blockingCall(GrpcClientProtocolClient.java:167)
	... 25 more
2019-08-20 16:01:40,450 | INFO  | SCMAudit | user=jenkins1000 | ip=192.168.69.96 | op=SEND_HEARTBEAT {datanodeUUID=61562f27-208f-4909-9070-f45ffa4a26d7, command=[]} | ret=SUCCESS |  
2019-08-20 16:01:40,473 [grpc-default-executor-1] INFO  impl.RaftServerProxy (RaftServerProxy.java:addNew(89)) - a2b57e47-6e14-4188-b035-dd43d316fe5c: addNew group-910E04B5C739:[a2b57e47-6e14-4188-b035-dd43d316fe5c:192.168.69.96:36816] returns group-910E04B5C739:java.util.concurrent.CompletableFuture@40198e40[Not completed]
 0.00% |█                                                                                                    |  0/1 Time: 0:00:042019-08-20 16:01:41,077 | INFO  | SCMAudit | user=jenkins1000 | ip=192.168.69.96 | op=SEND_HEARTBEAT {datanodeUUID=e17426b5-147c-49d6-be38-710150ed9248, command=[]} | ret=SUCCESS |  
2019-08-20 16:01:41,151 | INFO  | SCMAudit | user=jenkins1000 | ip=192.168.69.96 | op=SEND_HEARTBEAT {datanodeUUID=a2b57e47-6e14-4188-b035-dd43d316fe5c, command=[]} | ret=SUCCESS |  
2019-08-20 16:01:41,452 | INFO  | SCMAudit | user=jenkins1000 | ip=192.168.69.96 | op=SEND_HEARTBEAT {datanodeUUID=61562f27-208f-4909-9070-f45ffa4a26d7, command=[]} | ret=SUCCESS |  
 0.00% |█                                                                                                    |  0/1 Time: 0:00:052019-08-20 16:01:42,077 | INFO  | SCMAudit | user=jenkins1000 | ip=192.168.69.96 | op=SEND_HEARTBEAT {datanodeUUID=e17426b5-147c-49d6-be38-710150ed9248, command=[]} | ret=SUCCESS |  
2019-08-20 16:01:42,151 | INFO  | SCMAudit | user=jenkins1000 | ip=192.168.69.96 | op=SEND_HEARTBEAT {datanodeUUID=a2b57e47-6e14-4188-b035-dd43d316fe5c, command=[]} | ret=SUCCESS |  
2019-08-20 16:01:42,450 | INFO  | SCMAudit | user=jenkins1000 | ip=192.168.69.96 | op=SEND_HEARTBEAT {datanodeUUID=61562f27-208f-4909-9070-f45ffa4a26d7, command=[]} | ret=SUCCESS |  
 0.00% |█                                                                                                    |  0/1 Time: 0:00:062019-08-20 16:01:43,077 | INFO  | SCMAudit | user=jenkins1000 | ip=192.168.69.96 | op=SEND_HEARTBEAT {datanodeUUID=e17426b5-147c-49d6-be38-710150ed9248, command=[]} | ret=SUCCESS |  
2019-08-20 16:01:43,151 | INFO  | SCMAudit | user=jenkins1000 | ip=192.168.69.96 | op=SEND_HEARTBEAT {datanodeUUID=a2b57e47-6e14-4188-b035-dd43d316fe5c, command=[]} | ret=SUCCESS |  
2019-08-20 16:01:43,451 | INFO  | SCMAudit | user=jenkins1000 | ip=192.168.69.96 | op=SEND_HEARTBEAT {datanodeUUID=61562f27-208f-4909-9070-f45ffa4a26d7, command=[]} | ret=SUCCESS |  
2019-08-20 16:01:43,462 [RATISCREATEPIPELINE1] ERROR pipeline.RatisPipelineProvider (RatisPipelineProvider.java:lambda$null$5(235)) - Failed invoke Ratis rpc org.apache.hadoop.hdds.scm.pipeline.RatisPipelineProvider$$Lambda$170/697700519@6b8feff4 for a2b57e47-6e14-4188-b035-dd43d316fe5c
org.apache.ratis.protocol.TimeoutIOException: deadline exceeded after 2999645931ns
	at org.apache.ratis.grpc.GrpcUtil.tryUnwrapException(GrpcUtil.java:82)
	at org.apache.ratis.grpc.GrpcUtil.unwrapException(GrpcUtil.java:75)
	at org.apache.ratis.grpc.client.GrpcClientProtocolClient.blockingCall(GrpcClientProtocolClient.java:169)
	at org.apache.ratis.grpc.client.GrpcClientProtocolClient.groupAdd(GrpcClientProtocolClient.java:138)
	at org.apache.ratis.grpc.client.GrpcClientRpc.sendRequest(GrpcClientRpc.java:94)
	at org.apache.ratis.client.impl.RaftClientImpl.sendRequest(RaftClientImpl.java:279)
	at org.apache.ratis.client.impl.RaftClientImpl.groupAdd(RaftClientImpl.java:206)
	at org.apache.hadoop.hdds.scm.pipeline.RatisPipelineProvider.lambda$initializePipeline$4(RatisPipelineProvider.java:194)
	at org.apache.hadoop.hdds.scm.pipeline.RatisPipelineProvider.lambda$null$5(RatisPipelineProvider.java:231)
	at java.util.stream.ForEachOps$ForEachOp$OfRef.accept(ForEachOps.java:184)
	at java.util.ArrayList$ArrayListSpliterator.forEachRemaining(ArrayList.java:1382)
	at java.util.stream.AbstractPipeline.copyInto(AbstractPipeline.java:482)
	at java.util.stream.ForEachOps$ForEachTask.compute(ForEachOps.java:291)
	at java.util.concurrent.CountedCompleter.exec(CountedCompleter.java:731)
	at java.util.concurrent.ForkJoinTask.doExec(ForkJoinTask.java:289)
	at java.util.concurrent.ForkJoinTask.doInvoke(ForkJoinTask.java:401)
	at java.util.concurrent.ForkJoinTask.invoke(ForkJoinTask.java:734)
	at java.util.stream.ForEachOps$ForEachOp.evaluateParallel(ForEachOps.java:160)
	at java.util.stream.ForEachOps$ForEachOp$OfRef.evaluateParallel(ForEachOps.java:174)
	at java.util.stream.AbstractPipeline.evaluate(AbstractPipeline.java:233)
	at java.util.stream.ReferencePipeline.forEach(ReferencePipeline.java:418)
	at java.util.stream.ReferencePipeline$Head.forEach(ReferencePipeline.java:583)
	at org.apache.hadoop.hdds.scm.pipeline.RatisPipelineProvider.lambda$callRatisRpc$6(RatisPipelineProvider.java:225)
	at java.util.concurrent.ForkJoinTask$AdaptedRunnableAction.exec(ForkJoinTask.java:1386)
	at java.util.concurrent.ForkJoinTask.doExec(ForkJoinTask.java:289)
	at java.util.concurrent.ForkJoinPool$WorkQueue.runTask(ForkJoinPool.java:1056)
	at java.util.concurrent.ForkJoinPool.runWorker(ForkJoinPool.java:1692)
	at java.util.concurrent.ForkJoinWorkerThread.run(ForkJoinWorkerThread.java:157)
Caused by: org.apache.ratis.thirdparty.io.grpc.StatusRuntimeException: DEADLINE_EXCEEDED: deadline exceeded after 2999645931ns
	at org.apache.ratis.thirdparty.io.grpc.stub.ClientCalls.toStatusRuntimeException(ClientCalls.java:233)
	at org.apache.ratis.thirdparty.io.grpc.stub.ClientCalls.getUnchecked(ClientCalls.java:214)
	at org.apache.ratis.thirdparty.io.grpc.stub.ClientCalls.blockingUnaryCall(ClientCalls.java:139)
	at org.apache.ratis.proto.grpc.AdminProtocolServiceGrpc$AdminProtocolServiceBlockingStub.groupManagement(AdminProtocolServiceGrpc.java:274)
	at org.apache.ratis.grpc.client.GrpcClientProtocolClient.lambda$groupAdd$3(GrpcClientProtocolClient.java:140)
	at org.apache.ratis.grpc.client.GrpcClientProtocolClient.blockingCall(GrpcClientProtocolClient.java:167)
	... 25 more
2019-08-20 16:01:43,495 [grpc-default-executor-1] INFO  impl.RaftServerProxy (RaftServerProxy.java:addNew(89)) - e17426b5-147c-49d6-be38-710150ed9248: addNew group-F975BBBB180C:[e17426b5-147c-49d6-be38-710150ed9248:192.168.69.96:46488, a2b57e47-6e14-4188-b035-dd43d316fe5c:192.168.69.96:36816, 61562f27-208f-4909-9070-f45ffa4a26d7:192.168.69.96:35819] returns group-F975BBBB180C:java.util.concurrent.CompletableFuture@3a6fd7f6[Not completed]
2019-08-20 16:01:43,495 [grpc-default-executor-2] INFO  impl.RaftServerProxy (RaftServerProxy.java:addNew(89)) - 61562f27-208f-4909-9070-f45ffa4a26d7: addNew group-F975BBBB180C:[e17426b5-147c-49d6-be38-710150ed9248:192.168.69.96:46488, a2b57e47-6e14-4188-b035-dd43d316fe5c:192.168.69.96:36816, 61562f27-208f-4909-9070-f45ffa4a26d7:192.168.69.96:35819] returns group-F975BBBB180C:java.util.concurrent.CompletableFuture@2e23b5e9[Not completed]
2019-08-20 16:01:43,498 [grpc-default-executor-2] INFO  impl.RaftServerProxy (RaftServerProxy.java:addNew(89)) - a2b57e47-6e14-4188-b035-dd43d316fe5c: addNew group-F975BBBB180C:[e17426b5-147c-49d6-be38-710150ed9248:192.168.69.96:46488, a2b57e47-6e14-4188-b035-dd43d316fe5c:192.168.69.96:36816, 61562f27-208f-4909-9070-f45ffa4a26d7:192.168.69.96:35819] returns group-F975BBBB180C:java.util.concurrent.CompletableFuture@6b212e49[Not completed]
 0.00% |█                                                                                                    |  0/1 Time: 0:00:072019-08-20 16:01:44,078 | INFO  | SCMAudit | user=jenkins1000 | ip=192.168.69.96 | op=SEND_HEARTBEAT {datanodeUUID=e17426b5-147c-49d6-be38-710150ed9248, command=[]} | ret=SUCCESS |  
2019-08-20 16:01:44,158 | INFO  | SCMAudit | user=jenkins1000 | ip=192.168.69.96 | op=SEND_HEARTBEAT {datanodeUUID=a2b57e47-6e14-4188-b035-dd43d316fe5c, command=[]} | ret=SUCCESS |  
2019-08-20 16:01:44,450 | INFO  | SCMAudit | user=jenkins1000 | ip=192.168.69.96 | op=SEND_HEARTBEAT {datanodeUUID=61562f27-208f-4909-9070-f45ffa4a26d7, command=[]} | ret=SUCCESS |  
 0.00% |█                                                                                                    |  0/1 Time: 0:00:082019-08-20 16:01:45,076 | INFO  | SCMAudit | user=jenkins1000 | ip=192.168.69.96 | op=SEND_HEARTBEAT {datanodeUUID=e17426b5-147c-49d6-be38-710150ed9248, command=[]} | ret=SUCCESS |  
2019-08-20 16:01:45,106 [pool-49-thread-1] INFO  storage.RaftStorageDirectory (RaftStorageDirectory.java:tryLock(328)) - Lock on /workdir/hadoop-ozone/tools/target/test-dir/MiniOzoneClusterImpl-6f19b415-f1af-42d0-a7d4-e238af001e98/datanode-2/data/ratis/4559c68c-6f82-43a1-9f9a-97309d153f47/in_use.lock acquired by nodename 32582@pr-hdds-1946lgncr-3764977478
2019-08-20 16:01:45,106 [pool-27-thread-1] INFO  storage.RaftStorageDirectory (RaftStorageDirectory.java:tryLock(328)) - Lock on /workdir/hadoop-ozone/tools/target/test-dir/MiniOzoneClusterImpl-6f19b415-f1af-42d0-a7d4-e238af001e98/datanode-0/data/ratis/7a4049f5-9ac3-4842-b2f9-56b55488eac1/in_use.lock acquired by nodename 32582@pr-hdds-1946lgncr-3764977478
2019-08-20 16:01:45,106 [pool-38-thread-1] INFO  storage.RaftStorageDirectory (RaftStorageDirectory.java:tryLock(328)) - Lock on /workdir/hadoop-ozone/tools/target/test-dir/MiniOzoneClusterImpl-6f19b415-f1af-42d0-a7d4-e238af001e98/datanode-1/data/ratis/4559c68c-6f82-43a1-9f9a-97309d153f47/in_use.lock acquired by nodename 32582@pr-hdds-1946lgncr-3764977478
2019-08-20 16:01:45,126 [pool-49-thread-1] INFO  storage.RaftStorage (RaftStorage.java:format(72)) - Storage directory /workdir/hadoop-ozone/tools/target/test-dir/MiniOzoneClusterImpl-6f19b415-f1af-42d0-a7d4-e238af001e98/datanode-2/data/ratis/4559c68c-6f82-43a1-9f9a-97309d153f47 has been successfully formatted.
2019-08-20 16:01:45,126 [pool-27-thread-1] INFO  storage.RaftStorage (RaftStorage.java:format(72)) - Storage directory /workdir/hadoop-ozone/tools/target/test-dir/MiniOzoneClusterImpl-6f19b415-f1af-42d0-a7d4-e238af001e98/datanode-0/data/ratis/7a4049f5-9ac3-4842-b2f9-56b55488eac1 has been successfully formatted.
2019-08-20 16:01:45,126 [pool-38-thread-1] INFO  storage.RaftStorage (RaftStorage.java:format(72)) - Storage directory /workdir/hadoop-ozone/tools/target/test-dir/MiniOzoneClusterImpl-6f19b415-f1af-42d0-a7d4-e238af001e98/datanode-1/data/ratis/4559c68c-6f82-43a1-9f9a-97309d153f47 has been successfully formatted.
2019-08-20 16:01:45,131 [pool-49-thread-1] INFO  ratis.ContainerStateMachine (ContainerStateMachine.java:loadSnapshot(222)) - group-97309D153F47: The snapshot info is null. Setting the last applied indexto:(t:0, i:~)
2019-08-20 16:01:45,131 [pool-27-thread-1] INFO  ratis.ContainerStateMachine (ContainerStateMachine.java:loadSnapshot(222)) - group-56B55488EAC1: The snapshot info is null. Setting the last applied indexto:(t:0, i:~)
2019-08-20 16:01:45,133 [pool-49-thread-1] INFO  server.RaftServerConfigKeys (ConfUtils.java:logGet(43)) - raft.server.leader.election.timeout = 120s (custom)
2019-08-20 16:01:45,131 [pool-38-thread-1] INFO  ratis.ContainerStateMachine (ContainerStateMachine.java:loadSnapshot(222)) - group-97309D153F47: The snapshot info is null. Setting the last applied indexto:(t:0, i:~)
2019-08-20 16:01:45,133 [pool-27-thread-1] INFO  server.RaftServerConfigKeys (ConfUtils.java:logGet(43)) - raft.server.leader.election.timeout = 120s (custom)
2019-08-20 16:01:45,133 [pool-38-thread-1] INFO  server.RaftServerConfigKeys (ConfUtils.java:logGet(43)) - raft.server.leader.election.timeout = 120s (custom)
2019-08-20 16:01:45,135 [pool-49-thread-1] INFO  server.RaftServerConfigKeys (ConfUtils.java:logGet(43)) - raft.server.log.use.memory = false (default)
2019-08-20 16:01:45,135 [pool-38-thread-1] INFO  server.RaftServerConfigKeys (ConfUtils.java:logGet(43)) - raft.server.log.use.memory = false (default)
2019-08-20 16:01:45,135 [pool-27-thread-1] INFO  server.RaftServerConfigKeys (ConfUtils.java:logGet(43)) - raft.server.log.use.memory = false (default)
2019-08-20 16:01:45,143 [pool-49-thread-1] INFO  server.RaftServerConfigKeys (ConfUtils.java:logGet(43)) - raft.server.log.purge.gap = 1000000 (custom)
2019-08-20 16:01:45,143 [pool-27-thread-1] INFO  server.RaftServerConfigKeys (ConfUtils.java:logGet(43)) - raft.server.log.purge.gap = 1000000 (custom)
2019-08-20 16:01:45,143 [pool-38-thread-1] INFO  server.RaftServerConfigKeys (ConfUtils.java:logGet(43)) - raft.server.log.purge.gap = 1000000 (custom)
2019-08-20 16:01:45,143 [pool-27-thread-1] INFO  server.RaftServerConfigKeys (ConfUtils.java:logGet(43)) - raft.server.log.appender.buffer.byte-limit = 33554432 (custom)
2019-08-20 16:01:45,143 [pool-49-thread-1] INFO  server.RaftServerConfigKeys (ConfUtils.java:logGet(43)) - raft.server.log.appender.buffer.byte-limit = 33554432 (custom)
2019-08-20 16:01:45,143 [pool-38-thread-1] INFO  server.RaftServerConfigKeys (ConfUtils.java:logGet(43)) - raft.server.log.appender.buffer.byte-limit = 33554432 (custom)
2019-08-20 16:01:45,145 [pool-49-thread-1] INFO  server.RaftServerConfigKeys (ConfUtils.java:logGet(43)) - raft.server.log.segment.size.max = 1048576 (custom)
2019-08-20 16:01:45,145 [pool-38-thread-1] INFO  server.RaftServerConfigKeys (ConfUtils.java:logGet(43)) - raft.server.log.segment.size.max = 1048576 (custom)
2019-08-20 16:01:45,145 [pool-27-thread-1] INFO  server.RaftServerConfigKeys (ConfUtils.java:logGet(43)) - raft.server.log.segment.size.max = 1048576 (custom)
2019-08-20 16:01:45,151 | INFO  | SCMAudit | user=jenkins1000 | ip=192.168.69.96 | op=SEND_HEARTBEAT {datanodeUUID=a2b57e47-6e14-4188-b035-dd43d316fe5c, command=[]} | ret=SUCCESS |  
2019-08-20 16:01:45,153 [pool-49-thread-1] INFO  server.RaftServerConfigKeys (ConfUtils.java:logGet(43)) - raft.server.log.segment.cache.num.max = 2 (custom)
2019-08-20 16:01:45,153 [pool-38-thread-1] INFO  server.RaftServerConfigKeys (ConfUtils.java:logGet(43)) - raft.server.log.segment.cache.num.max = 2 (custom)
2019-08-20 16:01:45,153 [pool-27-thread-1] INFO  server.RaftServerConfigKeys (ConfUtils.java:logGet(43)) - raft.server.log.segment.cache.num.max = 2 (custom)
2019-08-20 16:01:45,161 [pool-49-thread-1] INFO  segmented.SegmentedRaftLogWorker (SegmentedRaftLogWorker.java:<init>(172)) - new e17426b5-147c-49d6-be38-710150ed9248-SegmentedRaftLogWorker:Storage Directory /workdir/hadoop-ozone/tools/target/test-dir/MiniOzoneClusterImpl-6f19b415-f1af-42d0-a7d4-e238af001e98/datanode-2/data/ratis/4559c68c-6f82-43a1-9f9a-97309d153f47 for RaftStorage:Storage Directory /workdir/hadoop-ozone/tools/target/test-dir/MiniOzoneClusterImpl-6f19b415-f1af-42d0-a7d4-e238af001e98/datanode-2/data/ratis/4559c68c-6f82-43a1-9f9a-97309d153f47
2019-08-20 16:01:45,161 [pool-27-thread-1] INFO  segmented.SegmentedRaftLogWorker (SegmentedRaftLogWorker.java:<init>(172)) - new a2b57e47-6e14-4188-b035-dd43d316fe5c-SegmentedRaftLogWorker:Storage Directory /workdir/hadoop-ozone/tools/target/test-dir/MiniOzoneClusterImpl-6f19b415-f1af-42d0-a7d4-e238af001e98/datanode-0/data/ratis/7a4049f5-9ac3-4842-b2f9-56b55488eac1 for RaftStorage:Storage Directory /workdir/hadoop-ozone/tools/target/test-dir/MiniOzoneClusterImpl-6f19b415-f1af-42d0-a7d4-e238af001e98/datanode-0/data/ratis/7a4049f5-9ac3-4842-b2f9-56b55488eac1
2019-08-20 16:01:45,161 [pool-38-thread-1] INFO  segmented.SegmentedRaftLogWorker (SegmentedRaftLogWorker.java:<init>(172)) - new 61562f27-208f-4909-9070-f45ffa4a26d7-SegmentedRaftLogWorker:Storage Directory /workdir/hadoop-ozone/tools/target/test-dir/MiniOzoneClusterImpl-6f19b415-f1af-42d0-a7d4-e238af001e98/datanode-1/data/ratis/4559c68c-6f82-43a1-9f9a-97309d153f47 for RaftStorage:Storage Directory /workdir/hadoop-ozone/tools/target/test-dir/MiniOzoneClusterImpl-6f19b415-f1af-42d0-a7d4-e238af001e98/datanode-1/data/ratis/4559c68c-6f82-43a1-9f9a-97309d153f47
2019-08-20 16:01:45,178 [pool-49-thread-1] INFO  server.RaftServerConfigKeys (ConfUtils.java:logGet(43)) - raft.server.log.queue.byte-limit = 2147483647 (custom)
2019-08-20 16:01:45,178 [pool-27-thread-1] INFO  server.RaftServerConfigKeys (ConfUtils.java:logGet(43)) - raft.server.log.queue.byte-limit = 2147483647 (custom)
2019-08-20 16:01:45,178 [pool-38-thread-1] INFO  server.RaftServerConfigKeys (ConfUtils.java:logGet(43)) - raft.server.log.queue.byte-limit = 2147483647 (custom)
2019-08-20 16:01:45,180 [pool-49-thread-1] INFO  server.RaftServerConfigKeys (ConfUtils.java:logGet(43)) - raft.server.log.queue.element-limit = 1024 (custom)
2019-08-20 16:01:45,180 [pool-38-thread-1] INFO  server.RaftServerConfigKeys (ConfUtils.java:logGet(43)) - raft.server.log.queue.element-limit = 1024 (custom)
2019-08-20 16:01:45,180 [pool-27-thread-1] INFO  server.RaftServerConfigKeys (ConfUtils.java:logGet(43)) - raft.server.log.queue.element-limit = 1024 (custom)
2019-08-20 16:01:45,186 [pool-49-thread-1] INFO  server.RaftServerConfigKeys (ConfUtils.java:logGet(43)) - raft.server.log.segment.size.max = 1048576 (custom)
2019-08-20 16:01:45,186 [pool-38-thread-1] INFO  server.RaftServerConfigKeys (ConfUtils.java:logGet(43)) - raft.server.log.segment.size.max = 1048576 (custom)
2019-08-20 16:01:45,186 [pool-27-thread-1] INFO  server.RaftServerConfigKeys (ConfUtils.java:logGet(43)) - raft.server.log.segment.size.max = 1048576 (custom)
2019-08-20 16:01:45,187 [pool-49-thread-1] INFO  server.RaftServerConfigKeys (ConfUtils.java:logGet(43)) - raft.server.log.preallocated.size = 16384 (custom)
2019-08-20 16:01:45,187 [pool-27-thread-1] INFO  server.RaftServerConfigKeys (ConfUtils.java:logGet(43)) - raft.server.log.preallocated.size = 16384 (custom)
2019-08-20 16:01:45,187 [pool-38-thread-1] INFO  server.RaftServerConfigKeys (ConfUtils.java:logGet(43)) - raft.server.log.preallocated.size = 16384 (custom)
2019-08-20 16:01:45,187 [pool-49-thread-1] INFO  server.RaftServerConfigKeys (ConfUtils.java:logGet(43)) - raft.server.log.write.buffer.size = 33554432 (custom)
2019-08-20 16:01:45,187 [pool-38-thread-1] INFO  server.RaftServerConfigKeys (ConfUtils.java:logGet(43)) - raft.server.log.write.buffer.size = 33554432 (custom)
2019-08-20 16:01:45,187 [pool-27-thread-1] INFO  server.RaftServerConfigKeys (ConfUtils.java:logGet(43)) - raft.server.log.write.buffer.size = 33554432 (custom)
2019-08-20 16:01:45,188 [pool-49-thread-1] INFO  server.RaftServerConfigKeys (ConfUtils.java:logGet(43)) - raft.server.log.force.sync.num = 128 (default)
2019-08-20 16:01:45,188 [pool-38-thread-1] INFO  server.RaftServerConfigKeys (ConfUtils.java:logGet(43)) - raft.server.log.force.sync.num = 128 (default)
2019-08-20 16:01:45,188 [pool-27-thread-1] INFO  server.RaftServerConfigKeys (ConfUtils.java:logGet(43)) - raft.server.log.force.sync.num = 128 (default)
2019-08-20 16:01:45,188 [pool-49-thread-1] INFO  server.RaftServerConfigKeys (ConfUtils.java:logGet(43)) - raft.server.log.statemachine.data.sync = true (default)
2019-08-20 16:01:45,189 [pool-38-thread-1] INFO  server.RaftServerConfigKeys (ConfUtils.java:logGet(43)) - raft.server.log.statemachine.data.sync = true (default)
2019-08-20 16:01:45,188 [pool-27-thread-1] INFO  server.RaftServerConfigKeys (ConfUtils.java:logGet(43)) - raft.server.log.statemachine.data.sync = true (default)
2019-08-20 16:01:45,189 [pool-38-thread-1] INFO  server.RaftServerConfigKeys (ConfUtils.java:logGet(43)) - raft.server.log.statemachine.data.sync.timeout = 10s (default)
2019-08-20 16:01:45,189 [pool-49-thread-1] INFO  server.RaftServerConfigKeys (ConfUtils.java:logGet(43)) - raft.server.log.statemachine.data.sync.timeout = 10s (default)
2019-08-20 16:01:45,189 [pool-27-thread-1] INFO  server.RaftServerConfigKeys (ConfUtils.java:logGet(43)) - raft.server.log.statemachine.data.sync.timeout = 10s (default)
2019-08-20 16:01:45,189 [pool-38-thread-1] INFO  server.RaftServerConfigKeys (ConfUtils.java:logGet(43)) - raft.server.log.statemachine.data.sync.timeout.retry = -1 (default)
2019-08-20 16:01:45,189 [pool-49-thread-1] INFO  server.RaftServerConfigKeys (ConfUtils.java:logGet(43)) - raft.server.log.statemachine.data.sync.timeout.retry = -1 (default)
2019-08-20 16:01:45,190 [pool-27-thread-1] INFO  server.RaftServerConfigKeys (ConfUtils.java:logGet(43)) - raft.server.log.statemachine.data.sync.timeout.retry = -1 (default)
2019-08-20 16:01:45,199 [pool-38-thread-1] INFO  server.RaftServerConfigKeys (ConfUtils.java:logGet(43)) - raft.server.log.statemachine.data.caching.enabled = true (custom)
2019-08-20 16:01:45,199 [pool-27-thread-1] INFO  server.RaftServerConfigKeys (ConfUtils.java:logGet(43)) - raft.server.log.statemachine.data.caching.enabled = true (custom)
2019-08-20 16:01:45,199 [pool-49-thread-1] INFO  server.RaftServerConfigKeys (ConfUtils.java:logGet(43)) - raft.server.log.statemachine.data.caching.enabled = true (custom)
2019-08-20 16:01:45,207 [pool-38-thread-1] INFO  segmented.SegmentedRaftLogWorker (SegmentedRaftLogWorker.java:lambda$new$0(132)) - 61562f27-208f-4909-9070-f45ffa4a26d7-SegmentedRaftLogWorker:Storage Directory /workdir/hadoop-ozone/tools/target/test-dir/MiniOzoneClusterImpl-6f19b415-f1af-42d0-a7d4-e238af001e98/datanode-1/data/ratis/4559c68c-6f82-43a1-9f9a-97309d153f47: flushIndex: setUnconditionally 0 -> -1
2019-08-20 16:01:45,207 [pool-49-thread-1] INFO  segmented.SegmentedRaftLogWorker (SegmentedRaftLogWorker.java:lambda$new$0(132)) - e17426b5-147c-49d6-be38-710150ed9248-SegmentedRaftLogWorker:Storage Directory /workdir/hadoop-ozone/tools/target/test-dir/MiniOzoneClusterImpl-6f19b415-f1af-42d0-a7d4-e238af001e98/datanode-2/data/ratis/4559c68c-6f82-43a1-9f9a-97309d153f47: flushIndex: setUnconditionally 0 -> -1
2019-08-20 16:01:45,207 [pool-27-thread-1] INFO  segmented.SegmentedRaftLogWorker (SegmentedRaftLogWorker.java:lambda$new$0(132)) - a2b57e47-6e14-4188-b035-dd43d316fe5c-SegmentedRaftLogWorker:Storage Directory /workdir/hadoop-ozone/tools/target/test-dir/MiniOzoneClusterImpl-6f19b415-f1af-42d0-a7d4-e238af001e98/datanode-0/data/ratis/7a4049f5-9ac3-4842-b2f9-56b55488eac1: flushIndex: setUnconditionally 0 -> -1
2019-08-20 16:01:45,213 [pool-38-thread-1] INFO  server.RaftServerConfigKeys (ConfUtils.java:logGet(43)) - raft.server.snapshot.auto.trigger.enabled = true (custom)
2019-08-20 16:01:45,213 [pool-49-thread-1] INFO  server.RaftServerConfigKeys (ConfUtils.java:logGet(43)) - raft.server.snapshot.auto.trigger.enabled = true (custom)
2019-08-20 16:01:45,213 [pool-27-thread-1] INFO  server.RaftServerConfigKeys (ConfUtils.java:logGet(43)) - raft.server.snapshot.auto.trigger.enabled = true (custom)
2019-08-20 16:01:45,215 [pool-38-thread-1] INFO  server.RaftServerConfigKeys (ConfUtils.java:logGet(43)) - raft.server.snapshot.auto.trigger.threshold = 10000 (custom)
2019-08-20 16:01:45,215 [pool-49-thread-1] INFO  server.RaftServerConfigKeys (ConfUtils.java:logGet(43)) - raft.server.snapshot.auto.trigger.threshold = 10000 (custom)
2019-08-20 16:01:45,215 [pool-27-thread-1] INFO  server.RaftServerConfigKeys (ConfUtils.java:logGet(43)) - raft.server.snapshot.auto.trigger.threshold = 10000 (custom)
2019-08-20 16:01:45,215 [pool-38-thread-1] INFO  server.RaftServerConfigKeys (ConfUtils.java:logGet(43)) - raft.server.retrycache.expirytime = 600000ms (custom)
2019-08-20 16:01:45,215 [pool-49-thread-1] INFO  server.RaftServerConfigKeys (ConfUtils.java:logGet(43)) - raft.server.retrycache.expirytime = 600000ms (custom)
2019-08-20 16:01:45,216 [pool-27-thread-1] INFO  server.RaftServerConfigKeys (ConfUtils.java:logGet(43)) - raft.server.retrycache.expirytime = 600000ms (custom)
2019-08-20 16:01:45,240 [pool-38-thread-1] INFO  impl.RaftServerImpl (RaftServerImpl.java:<init>(93)) - 61562f27-208f-4909-9070-f45ffa4a26d7: new RaftServerImpl for group-F975BBBB180C:[e17426b5-147c-49d6-be38-710150ed9248:192.168.69.96:46488, a2b57e47-6e14-4188-b035-dd43d316fe5c:192.168.69.96:36816, 61562f27-208f-4909-9070-f45ffa4a26d7:192.168.69.96:35819] with ContainerStateMachine:uninitialized
2019-08-20 16:01:45,240 [pool-38-thread-1] INFO  server.RaftServerConfigKeys (ConfUtils.java:logGet(43)) - raft.server.rpc.timeout.min = 5s (custom)
2019-08-20 16:01:45,240 [pool-38-thread-1] INFO  server.RaftServerConfigKeys (ConfUtils.java:logGet(43)) - raft.server.rpc.timeout.max = 5200ms (custom)
2019-08-20 16:01:45,240 [pool-38-thread-1] INFO  server.RaftServerConfigKeys (ConfUtils.java:logGet(43)) - raft.server.rpcslowness.timeout = 120s (custom)
2019-08-20 16:01:45,240 [pool-38-thread-1] INFO  server.RaftServerConfigKeys (ConfUtils.java:logGet(43)) - raft.server.sleep.deviation.threshold = 300 (default)
2019-08-20 16:01:45,241 [pool-38-thread-1] INFO  server.RaftServerConfigKeys (ConfUtils.java:logGet(43)) - raft.server.log.appender.install.snapshot.enabled = false (custom)
2019-08-20 16:01:45,241 [pool-27-thread-1] INFO  impl.RaftServerImpl (RaftServerImpl.java:<init>(93)) - a2b57e47-6e14-4188-b035-dd43d316fe5c: new RaftServerImpl for group-97309D153F47:[e17426b5-147c-49d6-be38-710150ed9248:192.168.69.96:46488, a2b57e47-6e14-4188-b035-dd43d316fe5c:192.168.69.96:36816, 61562f27-208f-4909-9070-f45ffa4a26d7:192.168.69.96:35819] with ContainerStateMachine:uninitialized
2019-08-20 16:01:45,241 [pool-38-thread-1] INFO  impl.RaftServerImpl (ServerState.java:<init>(105)) - 61562f27-208f-4909-9070-f45ffa4a26d7:group-F975BBBB180C ConfigurationManager, init=-1: [e17426b5-147c-49d6-be38-710150ed9248:192.168.69.96:46488, a2b57e47-6e14-4188-b035-dd43d316fe5c:192.168.69.96:36816, 61562f27-208f-4909-9070-f45ffa4a26d7:192.168.69.96:35819], old=null, confs=<EMPTY_MAP>
2019-08-20 16:01:45,241 [pool-27-thread-1] INFO  server.RaftServerConfigKeys (ConfUtils.java:logGet(43)) - raft.server.rpc.timeout.min = 5s (custom)
2019-08-20 16:01:45,241 [pool-38-thread-1] INFO  server.RaftServerConfigKeys (ConfUtils.java:logGet(43)) - raft.server.storage.dir = [/workdir/hadoop-ozone/tools/target/test-dir/MiniOzoneClusterImpl-6f19b415-f1af-42d0-a7d4-e238af001e98/datanode-1/data/ratis] (custom)
2019-08-20 16:01:45,241 [pool-27-thread-1] INFO  server.RaftServerConfigKeys (ConfUtils.java:logGet(43)) - raft.server.rpc.timeout.max = 5200ms (custom)
2019-08-20 16:01:45,241 [pool-27-thread-1] INFO  server.RaftServerConfigKeys (ConfUtils.java:logGet(43)) - raft.server.rpcslowness.timeout = 120s (custom)
2019-08-20 16:01:45,241 [pool-27-thread-1] INFO  server.RaftServerConfigKeys (ConfUtils.java:logGet(43)) - raft.server.sleep.deviation.threshold = 300 (default)
2019-08-20 16:01:45,241 [pool-38-thread-1] INFO  storage.RaftStorageDirectory (RaftStorageDirectory.java:analyzeStorage(246)) - The storage directory /workdir/hadoop-ozone/tools/target/test-dir/MiniOzoneClusterImpl-6f19b415-f1af-42d0-a7d4-e238af001e98/datanode-1/data/ratis/55ccc3c8-3456-40ef-8e9d-f975bbbb180c does not exist. Creating ...
2019-08-20 16:01:45,241 [pool-27-thread-1] INFO  server.RaftServerConfigKeys (ConfUtils.java:logGet(43)) - raft.server.log.appender.install.snapshot.enabled = false (custom)
2019-08-20 16:01:45,242 [pool-49-thread-1] INFO  impl.RaftServerImpl (RaftServerImpl.java:<init>(93)) - e17426b5-147c-49d6-be38-710150ed9248: new RaftServerImpl for group-F975BBBB180C:[e17426b5-147c-49d6-be38-710150ed9248:192.168.69.96:46488, a2b57e47-6e14-4188-b035-dd43d316fe5c:192.168.69.96:36816, 61562f27-208f-4909-9070-f45ffa4a26d7:192.168.69.96:35819] with ContainerStateMachine:uninitialized
2019-08-20 16:01:45,242 [pool-27-thread-1] INFO  impl.RaftServerImpl (ServerState.java:<init>(105)) - a2b57e47-6e14-4188-b035-dd43d316fe5c:group-97309D153F47 ConfigurationManager, init=-1: [e17426b5-147c-49d6-be38-710150ed9248:192.168.69.96:46488, a2b57e47-6e14-4188-b035-dd43d316fe5c:192.168.69.96:36816, 61562f27-208f-4909-9070-f45ffa4a26d7:192.168.69.96:35819], old=null, confs=<EMPTY_MAP>
2019-08-20 16:01:45,242 [pool-49-thread-1] INFO  server.RaftServerConfigKeys (ConfUtils.java:logGet(43)) - raft.server.rpc.timeout.min = 5s (custom)
2019-08-20 16:01:45,242 [pool-27-thread-1] INFO  server.RaftServerConfigKeys (ConfUtils.java:logGet(43)) - raft.server.storage.dir = [/workdir/hadoop-ozone/tools/target/test-dir/MiniOzoneClusterImpl-6f19b415-f1af-42d0-a7d4-e238af001e98/datanode-0/data/ratis] (custom)
2019-08-20 16:01:45,242 [pool-49-thread-1] INFO  server.RaftServerConfigKeys (ConfUtils.java:logGet(43)) - raft.server.rpc.timeout.max = 5200ms (custom)
2019-08-20 16:01:45,242 [pool-49-thread-1] INFO  server.RaftServerConfigKeys (ConfUtils.java:logGet(43)) - raft.server.rpcslowness.timeout = 120s (custom)
2019-08-20 16:01:45,242 [pool-27-thread-1] INFO  storage.RaftStorageDirectory (RaftStorageDirectory.java:analyzeStorage(246)) - The storage directory /workdir/hadoop-ozone/tools/target/test-dir/MiniOzoneClusterImpl-6f19b415-f1af-42d0-a7d4-e238af001e98/datanode-0/data/ratis/4559c68c-6f82-43a1-9f9a-97309d153f47 does not exist. Creating ...
2019-08-20 16:01:45,242 [pool-49-thread-1] INFO  server.RaftServerConfigKeys (ConfUtils.java:logGet(43)) - raft.server.sleep.deviation.threshold = 300 (default)
2019-08-20 16:01:45,243 [pool-49-thread-1] INFO  server.RaftServerConfigKeys (ConfUtils.java:logGet(43)) - raft.server.log.appender.install.snapshot.enabled = false (custom)
2019-08-20 16:01:45,243 [pool-49-thread-1] INFO  impl.RaftServerImpl (ServerState.java:<init>(105)) - e17426b5-147c-49d6-be38-710150ed9248:group-F975BBBB180C ConfigurationManager, init=-1: [e17426b5-147c-49d6-be38-710150ed9248:192.168.69.96:46488, a2b57e47-6e14-4188-b035-dd43d316fe5c:192.168.69.96:36816, 61562f27-208f-4909-9070-f45ffa4a26d7:192.168.69.96:35819], old=null, confs=<EMPTY_MAP>
2019-08-20 16:01:45,243 [pool-49-thread-1] INFO  server.RaftServerConfigKeys (ConfUtils.java:logGet(43)) - raft.server.storage.dir = [/workdir/hadoop-ozone/tools/target/test-dir/MiniOzoneClusterImpl-6f19b415-f1af-42d0-a7d4-e238af001e98/datanode-2/data/ratis] (custom)
2019-08-20 16:01:45,243 [pool-49-thread-1] INFO  storage.RaftStorageDirectory (RaftStorageDirectory.java:analyzeStorage(246)) - The storage directory /workdir/hadoop-ozone/tools/target/test-dir/MiniOzoneClusterImpl-6f19b415-f1af-42d0-a7d4-e238af001e98/datanode-2/data/ratis/55ccc3c8-3456-40ef-8e9d-f975bbbb180c does not exist. Creating ...
2019-08-20 16:01:45,256 [pool-38-thread-1] INFO  storage.RaftStorageDirectory (RaftStorageDirectory.java:tryLock(328)) - Lock on /workdir/hadoop-ozone/tools/target/test-dir/MiniOzoneClusterImpl-6f19b415-f1af-42d0-a7d4-e238af001e98/datanode-1/data/ratis/55ccc3c8-3456-40ef-8e9d-f975bbbb180c/in_use.lock acquired by nodename 32582@pr-hdds-1946lgncr-3764977478
2019-08-20 16:01:45,256 [pool-27-thread-1] INFO  storage.RaftStorageDirectory (RaftStorageDirectory.java:tryLock(328)) - Lock on /workdir/hadoop-ozone/tools/target/test-dir/MiniOzoneClusterImpl-6f19b415-f1af-42d0-a7d4-e238af001e98/datanode-0/data/ratis/4559c68c-6f82-43a1-9f9a-97309d153f47/in_use.lock acquired by nodename 32582@pr-hdds-1946lgncr-3764977478
2019-08-20 16:01:45,256 [pool-49-thread-1] INFO  storage.RaftStorageDirectory (RaftStorageDirectory.java:tryLock(328)) - Lock on /workdir/hadoop-ozone/tools/target/test-dir/MiniOzoneClusterImpl-6f19b415-f1af-42d0-a7d4-e238af001e98/datanode-2/data/ratis/55ccc3c8-3456-40ef-8e9d-f975bbbb180c/in_use.lock acquired by nodename 32582@pr-hdds-1946lgncr-3764977478
2019-08-20 16:01:45,270 [pool-49-thread-1] INFO  storage.RaftStorage (RaftStorage.java:format(72)) - Storage directory /workdir/hadoop-ozone/tools/target/test-dir/MiniOzoneClusterImpl-6f19b415-f1af-42d0-a7d4-e238af001e98/datanode-2/data/ratis/55ccc3c8-3456-40ef-8e9d-f975bbbb180c has been successfully formatted.
2019-08-20 16:01:45,270 [pool-38-thread-1] INFO  storage.RaftStorage (RaftStorage.java:format(72)) - Storage directory /workdir/hadoop-ozone/tools/target/test-dir/MiniOzoneClusterImpl-6f19b415-f1af-42d0-a7d4-e238af001e98/datanode-1/data/ratis/55ccc3c8-3456-40ef-8e9d-f975bbbb180c has been successfully formatted.
2019-08-20 16:01:45,270 [pool-27-thread-1] INFO  storage.RaftStorage (RaftStorage.java:format(72)) - Storage directory /workdir/hadoop-ozone/tools/target/test-dir/MiniOzoneClusterImpl-6f19b415-f1af-42d0-a7d4-e238af001e98/datanode-0/data/ratis/4559c68c-6f82-43a1-9f9a-97309d153f47 has been successfully formatted.
2019-08-20 16:01:45,270 [pool-49-thread-1] INFO  ratis.ContainerStateMachine (ContainerStateMachine.java:loadSnapshot(222)) - group-F975BBBB180C: The snapshot info is null. Setting the last applied indexto:(t:0, i:~)
2019-08-20 16:01:45,271 [pool-27-thread-1] INFO  ratis.ContainerStateMachine (ContainerStateMachine.java:loadSnapshot(222)) - group-97309D153F47: The snapshot info is null. Setting the last applied indexto:(t:0, i:~)
2019-08-20 16:01:45,271 [pool-38-thread-1] INFO  ratis.ContainerStateMachine (ContainerStateMachine.java:loadSnapshot(222)) - group-F975BBBB180C: The snapshot info is null. Setting the last applied indexto:(t:0, i:~)
2019-08-20 16:01:45,271 [pool-27-thread-1] INFO  server.RaftServerConfigKeys (ConfUtils.java:logGet(43)) - raft.server.leader.election.timeout = 120s (custom)
2019-08-20 16:01:45,271 [pool-49-thread-1] INFO  server.RaftServerConfigKeys (ConfUtils.java:logGet(43)) - raft.server.leader.election.timeout = 120s (custom)
2019-08-20 16:01:45,271 [pool-27-thread-1] INFO  server.RaftServerConfigKeys (ConfUtils.java:logGet(43)) - raft.server.log.use.memory = false (default)
2019-08-20 16:01:45,271 [pool-38-thread-1] INFO  server.RaftServerConfigKeys (ConfUtils.java:logGet(43)) - raft.server.leader.election.timeout = 120s (custom)
2019-08-20 16:01:45,271 [pool-27-thread-1] INFO  server.RaftServerConfigKeys (ConfUtils.java:logGet(43)) - raft.server.log.purge.gap = 1000000 (custom)
2019-08-20 16:01:45,271 [pool-49-thread-1] INFO  server.RaftServerConfigKeys (ConfUtils.java:logGet(43)) - raft.server.log.use.memory = false (default)
2019-08-20 16:01:45,272 [pool-27-thread-1] INFO  server.RaftServerConfigKeys (ConfUtils.java:logGet(43)) - raft.server.log.appender.buffer.byte-limit = 33554432 (custom)
2019-08-20 16:01:45,272 [pool-38-thread-1] INFO  server.RaftServerConfigKeys (ConfUtils.java:logGet(43)) - raft.server.log.use.memory = false (default)
2019-08-20 16:01:45,272 [pool-27-thread-1] INFO  server.RaftServerConfigKeys (ConfUtils.java:logGet(43)) - raft.server.log.segment.size.max = 1048576 (custom)
2019-08-20 16:01:45,272 [pool-49-thread-1] INFO  server.RaftServerConfigKeys (ConfUtils.java:logGet(43)) - raft.server.log.purge.gap = 1000000 (custom)
2019-08-20 16:01:45,272 [pool-27-thread-1] INFO  server.RaftServerConfigKeys (ConfUtils.java:logGet(43)) - raft.server.log.segment.cache.num.max = 2 (custom)
2019-08-20 16:01:45,272 [pool-38-thread-1] INFO  server.RaftServerConfigKeys (ConfUtils.java:logGet(43)) - raft.server.log.purge.gap = 1000000 (custom)
2019-08-20 16:01:45,272 [pool-27-thread-1] INFO  segmented.SegmentedRaftLogWorker (SegmentedRaftLogWorker.java:<init>(172)) - new a2b57e47-6e14-4188-b035-dd43d316fe5c-SegmentedRaftLogWorker:Storage Directory /workdir/hadoop-ozone/tools/target/test-dir/MiniOzoneClusterImpl-6f19b415-f1af-42d0-a7d4-e238af001e98/datanode-0/data/ratis/4559c68c-6f82-43a1-9f9a-97309d153f47 for RaftStorage:Storage Directory /workdir/hadoop-ozone/tools/target/test-dir/MiniOzoneClusterImpl-6f19b415-f1af-42d0-a7d4-e238af001e98/datanode-0/data/ratis/4559c68c-6f82-43a1-9f9a-97309d153f47
2019-08-20 16:01:45,272 [pool-49-thread-1] INFO  server.RaftServerConfigKeys (ConfUtils.java:logGet(43)) - raft.server.log.appender.buffer.byte-limit = 33554432 (custom)
2019-08-20 16:01:45,273 [pool-27-thread-1] INFO  server.RaftServerConfigKeys (ConfUtils.java:logGet(43)) - raft.server.log.queue.byte-limit = 2147483647 (custom)
2019-08-20 16:01:45,272 [pool-38-thread-1] INFO  server.RaftServerConfigKeys (ConfUtils.java:logGet(43)) - raft.server.log.appender.buffer.byte-limit = 33554432 (custom)
2019-08-20 16:01:45,274 [pool-27-thread-1] INFO  server.RaftServerConfigKeys (ConfUtils.java:logGet(43)) - raft.server.log.queue.element-limit = 1024 (custom)
2019-08-20 16:01:45,274 [pool-49-thread-1] INFO  server.RaftServerConfigKeys (ConfUtils.java:logGet(43)) - raft.server.log.segment.size.max = 1048576 (custom)
2019-08-20 16:01:45,275 [pool-27-thread-1] INFO  server.RaftServerConfigKeys (ConfUtils.java:logGet(43)) - raft.server.log.segment.size.max = 1048576 (custom)
2019-08-20 16:01:45,274 [pool-38-thread-1] INFO  server.RaftServerConfigKeys (ConfUtils.java:logGet(43)) - raft.server.log.segment.size.max = 1048576 (custom)
2019-08-20 16:01:45,275 [pool-27-thread-1] INFO  server.RaftServerConfigKeys (ConfUtils.java:logGet(43)) - raft.server.log.preallocated.size = 16384 (custom)
2019-08-20 16:01:45,275 [pool-49-thread-1] INFO  server.RaftServerConfigKeys (ConfUtils.java:logGet(43)) - raft.server.log.segment.cache.num.max = 2 (custom)
2019-08-20 16:01:45,275 [pool-27-thread-1] INFO  server.RaftServerConfigKeys (ConfUtils.java:logGet(43)) - raft.server.log.write.buffer.size = 33554432 (custom)
2019-08-20 16:01:45,275 [pool-38-thread-1] INFO  server.RaftServerConfigKeys (ConfUtils.java:logGet(43)) - raft.server.log.segment.cache.num.max = 2 (custom)
2019-08-20 16:01:45,275 [pool-27-thread-1] INFO  server.RaftServerConfigKeys (ConfUtils.java:logGet(43)) - raft.server.log.force.sync.num = 128 (default)
2019-08-20 16:01:45,275 [pool-49-thread-1] INFO  segmented.SegmentedRaftLogWorker (SegmentedRaftLogWorker.java:<init>(172)) - new e17426b5-147c-49d6-be38-710150ed9248-SegmentedRaftLogWorker:Storage Directory /workdir/hadoop-ozone/tools/target/test-dir/MiniOzoneClusterImpl-6f19b415-f1af-42d0-a7d4-e238af001e98/datanode-2/data/ratis/55ccc3c8-3456-40ef-8e9d-f975bbbb180c for RaftStorage:Storage Directory /workdir/hadoop-ozone/tools/target/test-dir/MiniOzoneClusterImpl-6f19b415-f1af-42d0-a7d4-e238af001e98/datanode-2/data/ratis/55ccc3c8-3456-40ef-8e9d-f975bbbb180c
2019-08-20 16:01:45,276 [pool-27-thread-1] INFO  server.RaftServerConfigKeys (ConfUtils.java:logGet(43)) - raft.server.log.statemachine.data.sync = true (default)
2019-08-20 16:01:45,275 [pool-38-thread-1] INFO  segmented.SegmentedRaftLogWorker (SegmentedRaftLogWorker.java:<init>(172)) - new 61562f27-208f-4909-9070-f45ffa4a26d7-SegmentedRaftLogWorker:Storage Directory /workdir/hadoop-ozone/tools/target/test-dir/MiniOzoneClusterImpl-6f19b415-f1af-42d0-a7d4-e238af001e98/datanode-1/data/ratis/55ccc3c8-3456-40ef-8e9d-f975bbbb180c for RaftStorage:Storage Directory /workdir/hadoop-ozone/tools/target/test-dir/MiniOzoneClusterImpl-6f19b415-f1af-42d0-a7d4-e238af001e98/datanode-1/data/ratis/55ccc3c8-3456-40ef-8e9d-f975bbbb180c
2019-08-20 16:01:45,277 [pool-27-thread-1] INFO  server.RaftServerConfigKeys (ConfUtils.java:logGet(43)) - raft.server.log.statemachine.data.sync.timeout = 10s (default)
2019-08-20 16:01:45,276 [pool-49-thread-1] INFO  server.RaftServerConfigKeys (ConfUtils.java:logGet(43)) - raft.server.log.queue.byte-limit = 2147483647 (custom)
2019-08-20 16:01:45,277 [pool-27-thread-1] INFO  server.RaftServerConfigKeys (ConfUtils.java:logGet(43)) - raft.server.log.statemachine.data.sync.timeout.retry = -1 (default)
2019-08-20 16:01:45,277 [pool-38-thread-1] INFO  server.RaftServerConfigKeys (ConfUtils.java:logGet(43)) - raft.server.log.queue.byte-limit = 2147483647 (custom)
2019-08-20 16:01:45,278 [pool-27-thread-1] INFO  server.RaftServerConfigKeys (ConfUtils.java:logGet(43)) - raft.server.log.statemachine.data.caching.enabled = true (custom)
2019-08-20 16:01:45,278 [pool-49-thread-1] INFO  server.RaftServerConfigKeys (ConfUtils.java:logGet(43)) - raft.server.log.queue.element-limit = 1024 (custom)
2019-08-20 16:01:45,278 [pool-38-thread-1] INFO  server.RaftServerConfigKeys (ConfUtils.java:logGet(43)) - raft.server.log.queue.element-limit = 1024 (custom)
2019-08-20 16:01:45,279 [pool-49-thread-1] INFO  server.RaftServerConfigKeys (ConfUtils.java:logGet(43)) - raft.server.log.segment.size.max = 1048576 (custom)
2019-08-20 16:01:45,279 [pool-38-thread-1] INFO  server.RaftServerConfigKeys (ConfUtils.java:logGet(43)) - raft.server.log.segment.size.max = 1048576 (custom)
2019-08-20 16:01:45,279 [pool-49-thread-1] INFO  server.RaftServerConfigKeys (ConfUtils.java:logGet(43)) - raft.server.log.preallocated.size = 16384 (custom)
2019-08-20 16:01:45,279 [pool-27-thread-1] INFO  segmented.SegmentedRaftLogWorker (SegmentedRaftLogWorker.java:lambda$new$0(132)) - a2b57e47-6e14-4188-b035-dd43d316fe5c-SegmentedRaftLogWorker:Storage Directory /workdir/hadoop-ozone/tools/target/test-dir/MiniOzoneClusterImpl-6f19b415-f1af-42d0-a7d4-e238af001e98/datanode-0/data/ratis/4559c68c-6f82-43a1-9f9a-97309d153f47: flushIndex: setUnconditionally 0 -> -1
2019-08-20 16:01:45,279 [pool-49-thread-1] INFO  server.RaftServerConfigKeys (ConfUtils.java:logGet(43)) - raft.server.log.write.buffer.size = 33554432 (custom)
2019-08-20 16:01:45,279 [pool-38-thread-1] INFO  server.RaftServerConfigKeys (ConfUtils.java:logGet(43)) - raft.server.log.preallocated.size = 16384 (custom)
2019-08-20 16:01:45,279 [pool-27-thread-1] INFO  server.RaftServerConfigKeys (ConfUtils.java:logGet(43)) - raft.server.snapshot.auto.trigger.enabled = true (custom)
2019-08-20 16:01:45,279 [pool-49-thread-1] INFO  server.RaftServerConfigKeys (ConfUtils.java:logGet(43)) - raft.server.log.force.sync.num = 128 (default)
2019-08-20 16:01:45,280 [pool-27-thread-1] INFO  server.RaftServerConfigKeys (ConfUtils.java:logGet(43)) - raft.server.snapshot.auto.trigger.threshold = 10000 (custom)
2019-08-20 16:01:45,279 [pool-38-thread-1] INFO  server.RaftServerConfigKeys (ConfUtils.java:logGet(43)) - raft.server.log.write.buffer.size = 33554432 (custom)
2019-08-20 16:01:45,280 [pool-27-thread-1] INFO  server.RaftServerConfigKeys (ConfUtils.java:logGet(43)) - raft.server.retrycache.expirytime = 600000ms (custom)
2019-08-20 16:01:45,280 [pool-49-thread-1] INFO  server.RaftServerConfigKeys (ConfUtils.java:logGet(43)) - raft.server.log.statemachine.data.sync = true (default)
2019-08-20 16:01:45,280 [pool-38-thread-1] INFO  server.RaftServerConfigKeys (ConfUtils.java:logGet(43)) - raft.server.log.force.sync.num = 128 (default)
2019-08-20 16:01:45,280 [pool-49-thread-1] INFO  server.RaftServerConfigKeys (ConfUtils.java:logGet(43)) - raft.server.log.statemachine.data.sync.timeout = 10s (default)
2019-08-20 16:01:45,280 [pool-38-thread-1] INFO  server.RaftServerConfigKeys (ConfUtils.java:logGet(43)) - raft.server.log.statemachine.data.sync = true (default)
2019-08-20 16:01:45,281 [pool-49-thread-1] INFO  server.RaftServerConfigKeys (ConfUtils.java:logGet(43)) - raft.server.log.statemachine.data.sync.timeout.retry = -1 (default)
2019-08-20 16:01:45,281 [pool-38-thread-1] INFO  server.RaftServerConfigKeys (ConfUtils.java:logGet(43)) - raft.server.log.statemachine.data.sync.timeout = 10s (default)
2019-08-20 16:01:45,281 [pool-49-thread-1] INFO  server.RaftServerConfigKeys (ConfUtils.java:logGet(43)) - raft.server.log.statemachine.data.caching.enabled = true (custom)
2019-08-20 16:01:45,281 [pool-38-thread-1] INFO  server.RaftServerConfigKeys (ConfUtils.java:logGet(43)) - raft.server.log.statemachine.data.sync.timeout.retry = -1 (default)
2019-08-20 16:01:45,281 [pool-49-thread-1] INFO  segmented.SegmentedRaftLogWorker (SegmentedRaftLogWorker.java:lambda$new$0(132)) - e17426b5-147c-49d6-be38-710150ed9248-SegmentedRaftLogWorker:Storage Directory /workdir/hadoop-ozone/tools/target/test-dir/MiniOzoneClusterImpl-6f19b415-f1af-42d0-a7d4-e238af001e98/datanode-2/data/ratis/55ccc3c8-3456-40ef-8e9d-f975bbbb180c: flushIndex: setUnconditionally 0 -> -1
2019-08-20 16:01:45,281 [pool-38-thread-1] INFO  server.RaftServerConfigKeys (ConfUtils.java:logGet(43)) - raft.server.log.statemachine.data.caching.enabled = true (custom)
2019-08-20 16:01:45,282 [pool-49-thread-1] INFO  server.RaftServerConfigKeys (ConfUtils.java:logGet(43)) - raft.server.snapshot.auto.trigger.enabled = true (custom)
2019-08-20 16:01:45,282 [pool-49-thread-1] INFO  server.RaftServerConfigKeys (ConfUtils.java:logGet(43)) - raft.server.snapshot.auto.trigger.threshold = 10000 (custom)
2019-08-20 16:01:45,282 [pool-38-thread-1] INFO  segmented.SegmentedRaftLogWorker (SegmentedRaftLogWorker.java:lambda$new$0(132)) - 61562f27-208f-4909-9070-f45ffa4a26d7-SegmentedRaftLogWorker:Storage Directory /workdir/hadoop-ozone/tools/target/test-dir/MiniOzoneClusterImpl-6f19b415-f1af-42d0-a7d4-e238af001e98/datanode-1/data/ratis/55ccc3c8-3456-40ef-8e9d-f975bbbb180c: flushIndex: setUnconditionally 0 -> -1
2019-08-20 16:01:45,282 [pool-49-thread-1] INFO  server.RaftServerConfigKeys (ConfUtils.java:logGet(43)) - raft.server.retrycache.expirytime = 600000ms (custom)
2019-08-20 16:01:45,282 [pool-27-thread-1] INFO  impl.RaftServerImpl (RaftServerImpl.java:<init>(93)) - a2b57e47-6e14-4188-b035-dd43d316fe5c: new RaftServerImpl for group-910E04B5C739:[a2b57e47-6e14-4188-b035-dd43d316fe5c:192.168.69.96:36816] with ContainerStateMachine:uninitialized
2019-08-20 16:01:45,282 [pool-38-thread-1] INFO  server.RaftServerConfigKeys (ConfUtils.java:logGet(43)) - raft.server.snapshot.auto.trigger.enabled = true (custom)
2019-08-20 16:01:45,282 [pool-27-thread-1] INFO  server.RaftServerConfigKeys (ConfUtils.java:logGet(43)) - raft.server.rpc.timeout.min = 5s (custom)
2019-08-20 16:01:45,282 [pool-38-thread-1] INFO  server.RaftServerConfigKeys (ConfUtils.java:logGet(43)) - raft.server.snapshot.auto.trigger.threshold = 10000 (custom)
2019-08-20 16:01:45,282 [pool-49-thread-1] INFO  impl.RaftServerImpl (RaftServerImpl.java:start(180)) - e17426b5-147c-49d6-be38-710150ed9248: start group-97309D153F47
2019-08-20 16:01:45,282 [pool-38-thread-1] INFO  server.RaftServerConfigKeys (ConfUtils.java:logGet(43)) - raft.server.retrycache.expirytime = 600000ms (custom)
2019-08-20 16:01:45,282 [pool-27-thread-1] INFO  server.RaftServerConfigKeys (ConfUtils.java:logGet(43)) - raft.server.rpc.timeout.max = 5200ms (custom)
2019-08-20 16:01:45,283 [pool-38-thread-1] INFO  impl.RaftServerImpl (RaftServerImpl.java:start(180)) - 61562f27-208f-4909-9070-f45ffa4a26d7: start group-97309D153F47
2019-08-20 16:01:45,283 [pool-27-thread-1] INFO  server.RaftServerConfigKeys (ConfUtils.java:logGet(43)) - raft.server.rpcslowness.timeout = 120s (custom)
2019-08-20 16:01:45,283 [pool-27-thread-1] INFO  server.RaftServerConfigKeys (ConfUtils.java:logGet(43)) - raft.server.sleep.deviation.threshold = 300 (default)
2019-08-20 16:01:45,283 [pool-27-thread-1] INFO  server.RaftServerConfigKeys (ConfUtils.java:logGet(43)) - raft.server.log.appender.install.snapshot.enabled = false (custom)
2019-08-20 16:01:45,283 [pool-27-thread-1] INFO  impl.RaftServerImpl (ServerState.java:<init>(105)) - a2b57e47-6e14-4188-b035-dd43d316fe5c:group-910E04B5C739 ConfigurationManager, init=-1: [a2b57e47-6e14-4188-b035-dd43d316fe5c:192.168.69.96:36816], old=null, confs=<EMPTY_MAP>
2019-08-20 16:01:45,283 [pool-27-thread-1] INFO  server.RaftServerConfigKeys (ConfUtils.java:logGet(43)) - raft.server.storage.dir = [/workdir/hadoop-ozone/tools/target/test-dir/MiniOzoneClusterImpl-6f19b415-f1af-42d0-a7d4-e238af001e98/datanode-0/data/ratis] (custom)
2019-08-20 16:01:45,284 [pool-49-thread-1] INFO  impl.RaftServerImpl (RaftServerImpl.java:setRole(171)) - e17426b5-147c-49d6-be38-710150ed9248:group-97309D153F47 changes role from null to FOLLOWER at term 0 for startAsFollower
2019-08-20 16:01:45,284 [pool-38-thread-1] INFO  impl.RaftServerImpl (RaftServerImpl.java:setRole(171)) - 61562f27-208f-4909-9070-f45ffa4a26d7:group-97309D153F47 changes role from null to FOLLOWER at term 0 for startAsFollower
2019-08-20 16:01:45,284 [pool-27-thread-1] INFO  storage.RaftStorageDirectory (RaftStorageDirectory.java:analyzeStorage(246)) - The storage directory /workdir/hadoop-ozone/tools/target/test-dir/MiniOzoneClusterImpl-6f19b415-f1af-42d0-a7d4-e238af001e98/datanode-0/data/ratis/bc9eae54-b31d-4d34-a380-910e04b5c739 does not exist. Creating ...
2019-08-20 16:01:45,285 [pool-38-thread-1] INFO  impl.RoleInfo (RoleInfo.java:updateAndGet(143)) - 61562f27-208f-4909-9070-f45ffa4a26d7: start FollowerState
2019-08-20 16:01:45,285 [pool-49-thread-1] INFO  impl.RoleInfo (RoleInfo.java:updateAndGet(143)) - e17426b5-147c-49d6-be38-710150ed9248: start FollowerState
2019-08-20 16:01:45,288 [pool-38-thread-1] INFO  util.JmxRegister (JmxRegister.java:tryRegister(44)) - Successfully registered JMX Bean with object name Ratis:service=RaftServer,group=group-97309D153F47,id=61562f27-208f-4909-9070-f45ffa4a26d7
2019-08-20 16:01:45,288 [pool-49-thread-1] INFO  util.JmxRegister (JmxRegister.java:tryRegister(44)) - Successfully registered JMX Bean with object name Ratis:service=RaftServer,group=group-97309D153F47,id=e17426b5-147c-49d6-be38-710150ed9248
2019-08-20 16:01:45,296 [pool-27-thread-1] INFO  storage.RaftStorageDirectory (RaftStorageDirectory.java:tryLock(328)) - Lock on /workdir/hadoop-ozone/tools/target/test-dir/MiniOzoneClusterImpl-6f19b415-f1af-42d0-a7d4-e238af001e98/datanode-0/data/ratis/bc9eae54-b31d-4d34-a380-910e04b5c739/in_use.lock acquired by nodename 32582@pr-hdds-1946lgncr-3764977478
2019-08-20 16:01:45,300 [pool-49-thread-1] INFO  impl.RaftServerImpl (RaftServerImpl.java:start(180)) - e17426b5-147c-49d6-be38-710150ed9248: start group-F975BBBB180C
2019-08-20 16:01:45,300 [pool-49-thread-1] INFO  impl.RaftServerImpl (RaftServerImpl.java:setRole(171)) - e17426b5-147c-49d6-be38-710150ed9248:group-F975BBBB180C changes role from null to FOLLOWER at term 0 for startAsFollower
2019-08-20 16:01:45,300 [pool-38-thread-1] INFO  impl.RaftServerImpl (RaftServerImpl.java:start(180)) - 61562f27-208f-4909-9070-f45ffa4a26d7: start group-F975BBBB180C
2019-08-20 16:01:45,300 [pool-49-thread-1] INFO  impl.RoleInfo (RoleInfo.java:updateAndGet(143)) - e17426b5-147c-49d6-be38-710150ed9248: start FollowerState
2019-08-20 16:01:45,300 [pool-38-thread-1] INFO  impl.RaftServerImpl (RaftServerImpl.java:setRole(171)) - 61562f27-208f-4909-9070-f45ffa4a26d7:group-F975BBBB180C changes role from null to FOLLOWER at term 0 for startAsFollower
2019-08-20 16:01:45,301 [pool-38-thread-1] INFO  impl.RoleInfo (RoleInfo.java:updateAndGet(143)) - 61562f27-208f-4909-9070-f45ffa4a26d7: start FollowerState
2019-08-20 16:01:45,301 [pool-49-thread-1] INFO  util.JmxRegister (JmxRegister.java:tryRegister(44)) - Successfully registered JMX Bean with object name Ratis:service=RaftServer,group=group-F975BBBB180C,id=e17426b5-147c-49d6-be38-710150ed9248
2019-08-20 16:01:45,301 [pool-38-thread-1] INFO  util.JmxRegister (JmxRegister.java:tryRegister(44)) - Successfully registered JMX Bean with object name Ratis:service=RaftServer,group=group-F975BBBB180C,id=61562f27-208f-4909-9070-f45ffa4a26d7
2019-08-20 16:01:45,311 [pool-27-thread-1] INFO  storage.RaftStorage (RaftStorage.java:format(72)) - Storage directory /workdir/hadoop-ozone/tools/target/test-dir/MiniOzoneClusterImpl-6f19b415-f1af-42d0-a7d4-e238af001e98/datanode-0/data/ratis/bc9eae54-b31d-4d34-a380-910e04b5c739 has been successfully formatted.
2019-08-20 16:01:45,313 [pool-27-thread-1] INFO  ratis.ContainerStateMachine (ContainerStateMachine.java:loadSnapshot(222)) - group-910E04B5C739: The snapshot info is null. Setting the last applied indexto:(t:0, i:~)
2019-08-20 16:01:45,313 [pool-27-thread-1] INFO  server.RaftServerConfigKeys (ConfUtils.java:logGet(43)) - raft.server.leader.election.timeout = 120s (custom)
2019-08-20 16:01:45,313 [pool-27-thread-1] INFO  server.RaftServerConfigKeys (ConfUtils.java:logGet(43)) - raft.server.log.use.memory = false (default)
2019-08-20 16:01:45,313 [pool-27-thread-1] INFO  server.RaftServerConfigKeys (ConfUtils.java:logGet(43)) - raft.server.log.purge.gap = 1000000 (custom)
2019-08-20 16:01:45,313 [pool-27-thread-1] INFO  server.RaftServerConfigKeys (ConfUtils.java:logGet(43)) - raft.server.log.appender.buffer.byte-limit = 33554432 (custom)
2019-08-20 16:01:45,314 [pool-27-thread-1] INFO  server.RaftServerConfigKeys (ConfUtils.java:logGet(43)) - raft.server.log.segment.size.max = 1048576 (custom)
2019-08-20 16:01:45,315 [pool-27-thread-1] INFO  server.RaftServerConfigKeys (ConfUtils.java:logGet(43)) - raft.server.log.segment.cache.num.max = 2 (custom)
2019-08-20 16:01:45,316 [pool-27-thread-1] INFO  segmented.SegmentedRaftLogWorker (SegmentedRaftLogWorker.java:<init>(172)) - new a2b57e47-6e14-4188-b035-dd43d316fe5c-SegmentedRaftLogWorker:Storage Directory /workdir/hadoop-ozone/tools/target/test-dir/MiniOzoneClusterImpl-6f19b415-f1af-42d0-a7d4-e238af001e98/datanode-0/data/ratis/bc9eae54-b31d-4d34-a380-910e04b5c739 for RaftStorage:Storage Directory /workdir/hadoop-ozone/tools/target/test-dir/MiniOzoneClusterImpl-6f19b415-f1af-42d0-a7d4-e238af001e98/datanode-0/data/ratis/bc9eae54-b31d-4d34-a380-910e04b5c739
2019-08-20 16:01:45,316 [pool-27-thread-1] INFO  server.RaftServerConfigKeys (ConfUtils.java:logGet(43)) - raft.server.log.queue.byte-limit = 2147483647 (custom)
2019-08-20 16:01:45,316 [pool-27-thread-1] INFO  server.RaftServerConfigKeys (ConfUtils.java:logGet(43)) - raft.server.log.queue.element-limit = 1024 (custom)
2019-08-20 16:01:45,316 [pool-27-thread-1] INFO  server.RaftServerConfigKeys (ConfUtils.java:logGet(43)) - raft.server.log.segment.size.max = 1048576 (custom)
2019-08-20 16:01:45,316 [pool-27-thread-1] INFO  server.RaftServerConfigKeys (ConfUtils.java:logGet(43)) - raft.server.log.preallocated.size = 16384 (custom)
2019-08-20 16:01:45,316 [pool-27-thread-1] INFO  server.RaftServerConfigKeys (ConfUtils.java:logGet(43)) - raft.server.log.write.buffer.size = 33554432 (custom)
2019-08-20 16:01:45,317 [pool-27-thread-1] INFO  server.RaftServerConfigKeys (ConfUtils.java:logGet(43)) - raft.server.log.force.sync.num = 128 (default)
2019-08-20 16:01:45,321 [pool-27-thread-1] INFO  server.RaftServerConfigKeys (ConfUtils.java:logGet(43)) - raft.server.log.statemachine.data.sync = true (default)
2019-08-20 16:01:45,321 [pool-27-thread-1] INFO  server.RaftServerConfigKeys (ConfUtils.java:logGet(43)) - raft.server.log.statemachine.data.sync.timeout = 10s (default)
2019-08-20 16:01:45,321 [pool-27-thread-1] INFO  server.RaftServerConfigKeys (ConfUtils.java:logGet(43)) - raft.server.log.statemachine.data.sync.timeout.retry = -1 (default)
2019-08-20 16:01:45,322 [pool-27-thread-1] INFO  server.RaftServerConfigKeys (ConfUtils.java:logGet(43)) - raft.server.log.statemachine.data.caching.enabled = true (custom)
2019-08-20 16:01:45,322 [pool-27-thread-1] INFO  segmented.SegmentedRaftLogWorker (SegmentedRaftLogWorker.java:lambda$new$0(132)) - a2b57e47-6e14-4188-b035-dd43d316fe5c-SegmentedRaftLogWorker:Storage Directory /workdir/hadoop-ozone/tools/target/test-dir/MiniOzoneClusterImpl-6f19b415-f1af-42d0-a7d4-e238af001e98/datanode-0/data/ratis/bc9eae54-b31d-4d34-a380-910e04b5c739: flushIndex: setUnconditionally 0 -> -1
2019-08-20 16:01:45,322 [pool-27-thread-1] INFO  server.RaftServerConfigKeys (ConfUtils.java:logGet(43)) - raft.server.snapshot.auto.trigger.enabled = true (custom)
2019-08-20 16:01:45,322 [pool-27-thread-1] INFO  server.RaftServerConfigKeys (ConfUtils.java:logGet(43)) - raft.server.snapshot.auto.trigger.threshold = 10000 (custom)
2019-08-20 16:01:45,323 [pool-27-thread-1] INFO  server.RaftServerConfigKeys (ConfUtils.java:logGet(43)) - raft.server.retrycache.expirytime = 600000ms (custom)
2019-08-20 16:01:45,326 [pool-27-thread-1] INFO  impl.RaftServerImpl (RaftServerImpl.java:<init>(93)) - a2b57e47-6e14-4188-b035-dd43d316fe5c: new RaftServerImpl for group-F975BBBB180C:[e17426b5-147c-49d6-be38-710150ed9248:192.168.69.96:46488, a2b57e47-6e14-4188-b035-dd43d316fe5c:192.168.69.96:36816, 61562f27-208f-4909-9070-f45ffa4a26d7:192.168.69.96:35819] with ContainerStateMachine:uninitialized
2019-08-20 16:01:45,327 [pool-27-thread-1] INFO  server.RaftServerConfigKeys (ConfUtils.java:logGet(43)) - raft.server.rpc.timeout.min = 5s (custom)
2019-08-20 16:01:45,327 [pool-27-thread-1] INFO  server.RaftServerConfigKeys (ConfUtils.java:logGet(43)) - raft.server.rpc.timeout.max = 5200ms (custom)
2019-08-20 16:01:45,328 [pool-27-thread-1] INFO  server.RaftServerConfigKeys (ConfUtils.java:logGet(43)) - raft.server.rpcslowness.timeout = 120s (custom)
2019-08-20 16:01:45,328 [pool-27-thread-1] INFO  server.RaftServerConfigKeys (ConfUtils.java:logGet(43)) - raft.server.sleep.deviation.threshold = 300 (default)
2019-08-20 16:01:45,328 [pool-27-thread-1] INFO  server.RaftServerConfigKeys (ConfUtils.java:logGet(43)) - raft.server.log.appender.install.snapshot.enabled = false (custom)
2019-08-20 16:01:45,328 [pool-27-thread-1] INFO  impl.RaftServerImpl (ServerState.java:<init>(105)) - a2b57e47-6e14-4188-b035-dd43d316fe5c:group-F975BBBB180C ConfigurationManager, init=-1: [e17426b5-147c-49d6-be38-710150ed9248:192.168.69.96:46488, a2b57e47-6e14-4188-b035-dd43d316fe5c:192.168.69.96:36816, 61562f27-208f-4909-9070-f45ffa4a26d7:192.168.69.96:35819], old=null, confs=<EMPTY_MAP>
2019-08-20 16:01:45,328 [pool-27-thread-1] INFO  server.RaftServerConfigKeys (ConfUtils.java:logGet(43)) - raft.server.storage.dir = [/workdir/hadoop-ozone/tools/target/test-dir/MiniOzoneClusterImpl-6f19b415-f1af-42d0-a7d4-e238af001e98/datanode-0/data/ratis] (custom)
2019-08-20 16:01:45,328 [pool-27-thread-1] INFO  storage.RaftStorageDirectory (RaftStorageDirectory.java:analyzeStorage(246)) - The storage directory /workdir/hadoop-ozone/tools/target/test-dir/MiniOzoneClusterImpl-6f19b415-f1af-42d0-a7d4-e238af001e98/datanode-0/data/ratis/55ccc3c8-3456-40ef-8e9d-f975bbbb180c does not exist. Creating ...
2019-08-20 16:01:45,359 [pool-27-thread-1] INFO  storage.RaftStorageDirectory (RaftStorageDirectory.java:tryLock(328)) - Lock on /workdir/hadoop-ozone/tools/target/test-dir/MiniOzoneClusterImpl-6f19b415-f1af-42d0-a7d4-e238af001e98/datanode-0/data/ratis/55ccc3c8-3456-40ef-8e9d-f975bbbb180c/in_use.lock acquired by nodename 32582@pr-hdds-1946lgncr-3764977478
2019-08-20 16:01:45,374 [pool-27-thread-1] INFO  storage.RaftStorage (RaftStorage.java:format(72)) - Storage directory /workdir/hadoop-ozone/tools/target/test-dir/MiniOzoneClusterImpl-6f19b415-f1af-42d0-a7d4-e238af001e98/datanode-0/data/ratis/55ccc3c8-3456-40ef-8e9d-f975bbbb180c has been successfully formatted.
2019-08-20 16:01:45,375 [pool-27-thread-1] INFO  ratis.ContainerStateMachine (ContainerStateMachine.java:loadSnapshot(222)) - group-F975BBBB180C: The snapshot info is null. Setting the last applied indexto:(t:0, i:~)
2019-08-20 16:01:45,375 [pool-27-thread-1] INFO  server.RaftServerConfigKeys (ConfUtils.java:logGet(43)) - raft.server.leader.election.timeout = 120s (custom)
2019-08-20 16:01:45,375 [pool-27-thread-1] INFO  server.RaftServerConfigKeys (ConfUtils.java:logGet(43)) - raft.server.log.use.memory = false (default)
2019-08-20 16:01:45,375 [pool-27-thread-1] INFO  server.RaftServerConfigKeys (ConfUtils.java:logGet(43)) - raft.server.log.purge.gap = 1000000 (custom)
2019-08-20 16:01:45,375 [pool-27-thread-1] INFO  server.RaftServerConfigKeys (ConfUtils.java:logGet(43)) - raft.server.log.appender.buffer.byte-limit = 33554432 (custom)
2019-08-20 16:01:45,375 [pool-27-thread-1] INFO  server.RaftServerConfigKeys (ConfUtils.java:logGet(43)) - raft.server.log.segment.size.max = 1048576 (custom)
2019-08-20 16:01:45,375 [pool-27-thread-1] INFO  server.RaftServerConfigKeys (ConfUtils.java:logGet(43)) - raft.server.log.segment.cache.num.max = 2 (custom)
2019-08-20 16:01:45,375 [pool-27-thread-1] INFO  segmented.SegmentedRaftLogWorker (SegmentedRaftLogWorker.java:<init>(172)) - new a2b57e47-6e14-4188-b035-dd43d316fe5c-SegmentedRaftLogWorker:Storage Directory /workdir/hadoop-ozone/tools/target/test-dir/MiniOzoneClusterImpl-6f19b415-f1af-42d0-a7d4-e238af001e98/datanode-0/data/ratis/55ccc3c8-3456-40ef-8e9d-f975bbbb180c for RaftStorage:Storage Directory /workdir/hadoop-ozone/tools/target/test-dir/MiniOzoneClusterImpl-6f19b415-f1af-42d0-a7d4-e238af001e98/datanode-0/data/ratis/55ccc3c8-3456-40ef-8e9d-f975bbbb180c
2019-08-20 16:01:45,376 [pool-27-thread-1] INFO  server.RaftServerConfigKeys (ConfUtils.java:logGet(43)) - raft.server.log.queue.byte-limit = 2147483647 (custom)
2019-08-20 16:01:45,376 [pool-27-thread-1] INFO  server.RaftServerConfigKeys (ConfUtils.java:logGet(43)) - raft.server.log.queue.element-limit = 1024 (custom)
2019-08-20 16:01:45,376 [pool-27-thread-1] INFO  server.RaftServerConfigKeys (ConfUtils.java:logGet(43)) - raft.server.log.segment.size.max = 1048576 (custom)
2019-08-20 16:01:45,376 [pool-27-thread-1] INFO  server.RaftServerConfigKeys (ConfUtils.java:logGet(43)) - raft.server.log.preallocated.size = 16384 (custom)
2019-08-20 16:01:45,376 [pool-27-thread-1] INFO  server.RaftServerConfigKeys (ConfUtils.java:logGet(43)) - raft.server.log.write.buffer.size = 33554432 (custom)
2019-08-20 16:01:45,376 [pool-27-thread-1] INFO  server.RaftServerConfigKeys (ConfUtils.java:logGet(43)) - raft.server.log.force.sync.num = 128 (default)
2019-08-20 16:01:45,376 [pool-27-thread-1] INFO  server.RaftServerConfigKeys (ConfUtils.java:logGet(43)) - raft.server.log.statemachine.data.sync = true (default)
2019-08-20 16:01:45,376 [pool-27-thread-1] INFO  server.RaftServerConfigKeys (ConfUtils.java:logGet(43)) - raft.server.log.statemachine.data.sync.timeout = 10s (default)
2019-08-20 16:01:45,377 [pool-27-thread-1] INFO  server.RaftServerConfigKeys (ConfUtils.java:logGet(43)) - raft.server.log.statemachine.data.sync.timeout.retry = -1 (default)
2019-08-20 16:01:45,377 [pool-27-thread-1] INFO  server.RaftServerConfigKeys (ConfUtils.java:logGet(43)) - raft.server.log.statemachine.data.caching.enabled = true (custom)
2019-08-20 16:01:45,377 [pool-27-thread-1] INFO  segmented.SegmentedRaftLogWorker (SegmentedRaftLogWorker.java:lambda$new$0(132)) - a2b57e47-6e14-4188-b035-dd43d316fe5c-SegmentedRaftLogWorker:Storage Directory /workdir/hadoop-ozone/tools/target/test-dir/MiniOzoneClusterImpl-6f19b415-f1af-42d0-a7d4-e238af001e98/datanode-0/data/ratis/55ccc3c8-3456-40ef-8e9d-f975bbbb180c: flushIndex: setUnconditionally 0 -> -1
2019-08-20 16:01:45,377 [pool-27-thread-1] INFO  server.RaftServerConfigKeys (ConfUtils.java:logGet(43)) - raft.server.snapshot.auto.trigger.enabled = true (custom)
2019-08-20 16:01:45,377 [pool-27-thread-1] INFO  server.RaftServerConfigKeys (ConfUtils.java:logGet(43)) - raft.server.snapshot.auto.trigger.threshold = 10000 (custom)
2019-08-20 16:01:45,378 [pool-27-thread-1] INFO  server.RaftServerConfigKeys (ConfUtils.java:logGet(43)) - raft.server.retrycache.expirytime = 600000ms (custom)
2019-08-20 16:01:45,378 [pool-27-thread-1] INFO  impl.RaftServerImpl (RaftServerImpl.java:start(180)) - a2b57e47-6e14-4188-b035-dd43d316fe5c: start group-56B55488EAC1
2019-08-20 16:01:45,378 [pool-27-thread-1] INFO  impl.RaftServerImpl (RaftServerImpl.java:setRole(171)) - a2b57e47-6e14-4188-b035-dd43d316fe5c:group-56B55488EAC1 changes role from null to FOLLOWER at term 0 for startAsFollower
2019-08-20 16:01:45,378 [pool-27-thread-1] INFO  impl.RoleInfo (RoleInfo.java:updateAndGet(143)) - a2b57e47-6e14-4188-b035-dd43d316fe5c: start FollowerState
2019-08-20 16:01:45,378 [pool-27-thread-1] INFO  util.JmxRegister (JmxRegister.java:tryRegister(44)) - Successfully registered JMX Bean with object name Ratis:service=RaftServer,group=group-56B55488EAC1,id=a2b57e47-6e14-4188-b035-dd43d316fe5c
2019-08-20 16:01:45,379 [pool-27-thread-1] INFO  impl.RaftServerImpl (RaftServerImpl.java:start(180)) - a2b57e47-6e14-4188-b035-dd43d316fe5c: start group-97309D153F47
2019-08-20 16:01:45,379 [pool-27-thread-1] INFO  impl.RaftServerImpl (RaftServerImpl.java:setRole(171)) - a2b57e47-6e14-4188-b035-dd43d316fe5c:group-97309D153F47 changes role from null to FOLLOWER at term 0 for startAsFollower
2019-08-20 16:01:45,379 [pool-27-thread-1] INFO  impl.RoleInfo (RoleInfo.java:updateAndGet(143)) - a2b57e47-6e14-4188-b035-dd43d316fe5c: start FollowerState
2019-08-20 16:01:45,379 [pool-27-thread-1] INFO  util.JmxRegister (JmxRegister.java:tryRegister(44)) - Successfully registered JMX Bean with object name Ratis:service=RaftServer,group=group-97309D153F47,id=a2b57e47-6e14-4188-b035-dd43d316fe5c
2019-08-20 16:01:45,380 [pool-27-thread-1] INFO  impl.RaftServerImpl (RaftServerImpl.java:start(180)) - a2b57e47-6e14-4188-b035-dd43d316fe5c: start group-910E04B5C739
2019-08-20 16:01:45,380 [pool-27-thread-1] INFO  impl.RaftServerImpl (RaftServerImpl.java:setRole(171)) - a2b57e47-6e14-4188-b035-dd43d316fe5c:group-910E04B5C739 changes role from null to FOLLOWER at term 0 for startAsFollower
2019-08-20 16:01:45,380 [pool-27-thread-1] INFO  impl.RoleInfo (RoleInfo.java:updateAndGet(143)) - a2b57e47-6e14-4188-b035-dd43d316fe5c: start FollowerState
2019-08-20 16:01:45,380 [pool-27-thread-1] INFO  util.JmxRegister (JmxRegister.java:tryRegister(44)) - Successfully registered JMX Bean with object name Ratis:service=RaftServer,group=group-910E04B5C739,id=a2b57e47-6e14-4188-b035-dd43d316fe5c
2019-08-20 16:01:45,380 [pool-27-thread-1] INFO  impl.RaftServerImpl (RaftServerImpl.java:start(180)) - a2b57e47-6e14-4188-b035-dd43d316fe5c: start group-F975BBBB180C
2019-08-20 16:01:45,380 [pool-27-thread-1] INFO  impl.RaftServerImpl (RaftServerImpl.java:setRole(171)) - a2b57e47-6e14-4188-b035-dd43d316fe5c:group-F975BBBB180C changes role from null to FOLLOWER at term 0 for startAsFollower
2019-08-20 16:01:45,381 [pool-27-thread-1] INFO  impl.RoleInfo (RoleInfo.java:updateAndGet(143)) - a2b57e47-6e14-4188-b035-dd43d316fe5c: start FollowerState
2019-08-20 16:01:45,381 [pool-27-thread-1] INFO  util.JmxRegister (JmxRegister.java:tryRegister(44)) - Successfully registered JMX Bean with object name Ratis:service=RaftServer,group=group-F975BBBB180C,id=a2b57e47-6e14-4188-b035-dd43d316fe5c
2019-08-20 16:01:45,394 [RatisPipelineUtilsThread] INFO  pipeline.PipelineStateManager (PipelineStateManager.java:addPipeline(56)) - Created pipeline Pipeline[ Id: 55ccc3c8-3456-40ef-8e9d-f975bbbb180c, Nodes: a2b57e47-6e14-4188-b035-dd43d316fe5c{ip: 192.168.69.96, host: pr-hdds-1946lgncr-3764977478, networkLocation: /default-rack, certSerialId: null}61562f27-208f-4909-9070-f45ffa4a26d7{ip: 192.168.69.96, host: pr-hdds-1946lgncr-3764977478, networkLocation: /default-rack, certSerialId: null}e17426b5-147c-49d6-be38-710150ed9248{ip: 192.168.69.96, host: pr-hdds-1946lgncr-3764977478, networkLocation: /default-rack, certSerialId: null}, Type:RATIS, Factor:THREE, State:OPEN]
2019-08-20 16:01:45,396 [IPC Server handler 18 on 42652] WARN  block.BlockManagerImpl (BlockManagerImpl.java:allocateBlock(192)) - Pipeline creation failed for type:RATIS factor:THREE. Retrying get pipelines call once.
org.apache.hadoop.hdds.scm.pipeline.InsufficientDatanodesException: Cannot create pipeline of factor 3 using 0 nodes.
	at org.apache.hadoop.hdds.scm.pipeline.RatisPipelineProvider.create(RatisPipelineProvider.java:151)
	at org.apache.hadoop.hdds.scm.pipeline.PipelineFactory.create(PipelineFactory.java:57)
	at org.apache.hadoop.hdds.scm.pipeline.SCMPipelineManager.createPipeline(SCMPipelineManager.java:149)
	at org.apache.hadoop.hdds.scm.block.BlockManagerImpl.allocateBlock(BlockManagerImpl.java:190)
	at org.apache.hadoop.hdds.scm.server.SCMBlockProtocolServer.allocateBlock(SCMBlockProtocolServer.java:175)
	at org.apache.hadoop.ozone.protocolPB.ScmBlockLocationProtocolServerSideTranslatorPB.allocateScmBlock(ScmBlockLocationProtocolServerSideTranslatorPB.java:153)
	at org.apache.hadoop.ozone.protocolPB.ScmBlockLocationProtocolServerSideTranslatorPB.send(ScmBlockLocationProtocolServerSideTranslatorPB.java:112)
	at org.apache.hadoop.hdds.protocol.proto.ScmBlockLocationProtocolProtos$ScmBlockLocationProtocolService$2.callBlockingMethod(ScmBlockLocationProtocolProtos.java:13157)
	at org.apache.hadoop.ipc.ProtobufRpcEngine$Server$ProtoBufRpcInvoker.call(ProtobufRpcEngine.java:524)
	at org.apache.hadoop.ipc.RPC$Server.call(RPC.java:1025)
	at org.apache.hadoop.ipc.Server$RpcCall.run(Server.java:876)
	at org.apache.hadoop.ipc.Server$RpcCall.run(Server.java:822)
	at java.security.AccessController.doPrivileged(Native Method)
	at javax.security.auth.Subject.doAs(Subject.java:422)
	at org.apache.hadoop.security.UserGroupInformation.doAs(UserGroupInformation.java:1730)
	at org.apache.hadoop.ipc.Server$Handler.run(Server.java:2682)
2019-08-20 16:01:45,421 | INFO  | SCMAudit | user=jenkins1000 | ip=192.168.69.96 | op=ALLOCATE_BLOCK {owner=83ffc3ff-5396-4c83-8c00-0efe3cb89073, size=4194304, type=RATIS, factor=THREE} | ret=SUCCESS |  
2019-08-20 16:01:45,446 | INFO  | OMAudit | user=jenkins1000 | ip=127.0.0.1 | op=ALLOCATE_KEY {volume=vol-0-65900, bucket=bucket-0-45317, key=key-0-03095, dataSize=20971520, replicationType=RATIS, replicationFactor=THREE, keyLocationInfo=null} | ret=SUCCESS |  
2019-08-20 16:01:45,450 | INFO  | SCMAudit | user=jenkins1000 | ip=192.168.69.96 | op=SEND_HEARTBEAT {datanodeUUID=61562f27-208f-4909-9070-f45ffa4a26d7, command=[]} | ret=SUCCESS |  
2019-08-20 16:01:45,475 [pool-56-thread-3] INFO  impl.MetricsSystemImpl (MetricsSystemImpl.java:init(158)) - XceiverClientMetrics metrics system started (again)
 0.00% |█                                                                                                    |  0/1 Time: 0:00:092019-08-20 16:01:45,603 [grpc-default-executor-2] INFO  client.GrpcClientProtocolClient (GrpcClientProtocolClient.java:onNext(255)) - client-3B7CAF572576->a2b57e47-6e14-4188-b035-dd43d316fe5c: receive RaftClientReply:client-3B7CAF572576->a2b57e47-6e14-4188-b035-dd43d316fe5c@group-F975BBBB180C, cid=8, FAILED org.apache.ratis.protocol.NotLeaderException: Server a2b57e47-6e14-4188-b035-dd43d316fe5c is not the leader (null). Request must be sent to leader., logIndex=0, commits[a2b57e47-6e14-4188-b035-dd43d316fe5c:c-1]
2019-08-20 16:01:46,076 | INFO  | SCMAudit | user=jenkins1000 | ip=192.168.69.96 | op=SEND_HEARTBEAT {datanodeUUID=e17426b5-147c-49d6-be38-710150ed9248, command=[]} | ret=SUCCESS |  
2019-08-20 16:01:46,151 | INFO  | SCMAudit | user=jenkins1000 | ip=192.168.69.96 | op=SEND_HEARTBEAT {datanodeUUID=a2b57e47-6e14-4188-b035-dd43d316fe5c, command=[]} | ret=SUCCESS |  
2019-08-20 16:01:46,451 | INFO  | SCMAudit | user=jenkins1000 | ip=192.168.69.96 | op=SEND_HEARTBEAT {datanodeUUID=61562f27-208f-4909-9070-f45ffa4a26d7, command=[]} | ret=SUCCESS |  
 0.00% |█                                                                                                    |  0/1 Time: 0:00:102019-08-20 16:01:46,640 [grpc-default-executor-2] INFO  client.GrpcClientProtocolClient (GrpcClientProtocolClient.java:onNext(255)) - client-3B7CAF572576->e17426b5-147c-49d6-be38-710150ed9248: receive RaftClientReply:client-3B7CAF572576->e17426b5-147c-49d6-be38-710150ed9248@group-F975BBBB180C, cid=8, FAILED org.apache.ratis.protocol.NotLeaderException: Server e17426b5-147c-49d6-be38-710150ed9248 is not the leader (null). Request must be sent to leader., logIndex=0, commits[e17426b5-147c-49d6-be38-710150ed9248:c-1]
2019-08-20 16:01:47,076 | INFO  | SCMAudit | user=jenkins1000 | ip=192.168.69.96 | op=SEND_HEARTBEAT {datanodeUUID=e17426b5-147c-49d6-be38-710150ed9248, command=[]} | ret=SUCCESS |  
2019-08-20 16:01:47,152 | INFO  | SCMAudit | user=jenkins1000 | ip=192.168.69.96 | op=SEND_HEARTBEAT {datanodeUUID=a2b57e47-6e14-4188-b035-dd43d316fe5c, command=[]} | ret=SUCCESS |  
2019-08-20 16:01:47,450 | INFO  | SCMAudit | user=jenkins1000 | ip=192.168.69.96 | op=SEND_HEARTBEAT {datanodeUUID=61562f27-208f-4909-9070-f45ffa4a26d7, command=[]} | ret=SUCCESS |  
 0.00% |█                                                                                                    |  0/1 Time: 0:00:112019-08-20 16:01:47,677 [grpc-default-executor-0] INFO  client.GrpcClientProtocolClient (GrpcClientProtocolClient.java:onNext(255)) - client-3B7CAF572576->a2b57e47-6e14-4188-b035-dd43d316fe5c: receive RaftClientReply:client-3B7CAF572576->a2b57e47-6e14-4188-b035-dd43d316fe5c@group-F975BBBB180C, cid=8, FAILED org.apache.ratis.protocol.NotLeaderException: Server a2b57e47-6e14-4188-b035-dd43d316fe5c is not the leader (null). Request must be sent to leader., logIndex=0, commits[a2b57e47-6e14-4188-b035-dd43d316fe5c:c-1]
2019-08-20 16:01:48,077 | INFO  | SCMAudit | user=jenkins1000 | ip=192.168.69.96 | op=SEND_HEARTBEAT {datanodeUUID=e17426b5-147c-49d6-be38-710150ed9248, command=[]} | ret=SUCCESS |  
2019-08-20 16:01:48,152 | INFO  | SCMAudit | user=jenkins1000 | ip=192.168.69.96 | op=SEND_HEARTBEAT {datanodeUUID=a2b57e47-6e14-4188-b035-dd43d316fe5c, command=[]} | ret=SUCCESS |  
2019-08-20 16:01:48,450 | INFO  | SCMAudit | user=jenkins1000 | ip=192.168.69.96 | op=SEND_HEARTBEAT {datanodeUUID=61562f27-208f-4909-9070-f45ffa4a26d7, command=[]} | ret=SUCCESS |  
 0.00% |█                                                                                                    |  0/1 Time: 0:00:122019-08-20 16:01:48,713 [grpc-default-executor-0] INFO  client.GrpcClientProtocolClient (GrpcClientProtocolClient.java:onNext(255)) - client-3B7CAF572576->61562f27-208f-4909-9070-f45ffa4a26d7: receive RaftClientReply:client-3B7CAF572576->61562f27-208f-4909-9070-f45ffa4a26d7@group-F975BBBB180C, cid=8, FAILED org.apache.ratis.protocol.NotLeaderException: Server 61562f27-208f-4909-9070-f45ffa4a26d7 is not the leader (null). Request must be sent to leader., logIndex=0, commits[61562f27-208f-4909-9070-f45ffa4a26d7:c-1]
2019-08-20 16:01:49,078 | INFO  | SCMAudit | user=jenkins1000 | ip=192.168.69.96 | op=SEND_HEARTBEAT {datanodeUUID=e17426b5-147c-49d6-be38-710150ed9248, command=[]} | ret=SUCCESS |  
2019-08-20 16:01:49,152 | INFO  | SCMAudit | user=jenkins1000 | ip=192.168.69.96 | op=SEND_HEARTBEAT {datanodeUUID=a2b57e47-6e14-4188-b035-dd43d316fe5c, command=[]} | ret=SUCCESS |  
2019-08-20 16:01:49,451 | INFO  | SCMAudit | user=jenkins1000 | ip=192.168.69.96 | op=SEND_HEARTBEAT {datanodeUUID=61562f27-208f-4909-9070-f45ffa4a26d7, command=[]} | ret=SUCCESS |  
 0.00% |█                                                                                                    |  0/1 Time: 0:00:132019-08-20 16:01:49,741 [grpc-default-executor-0] INFO  client.GrpcClientProtocolClient (GrpcClientProtocolClient.java:onNext(255)) - client-3B7CAF572576->e17426b5-147c-49d6-be38-710150ed9248: receive RaftClientReply:client-3B7CAF572576->e17426b5-147c-49d6-be38-710150ed9248@group-F975BBBB180C, cid=8, FAILED org.apache.ratis.protocol.NotLeaderException: Server e17426b5-147c-49d6-be38-710150ed9248 is not the leader (null). Request must be sent to leader., logIndex=0, commits[e17426b5-147c-49d6-be38-710150ed9248:c-1]
2019-08-20 16:01:50,079 | INFO  | SCMAudit | user=jenkins1000 | ip=192.168.69.96 | op=SEND_HEARTBEAT {datanodeUUID=e17426b5-147c-49d6-be38-710150ed9248, command=[]} | ret=SUCCESS |  
2019-08-20 16:01:50,152 | INFO  | SCMAudit | user=jenkins1000 | ip=192.168.69.96 | op=SEND_HEARTBEAT {datanodeUUID=a2b57e47-6e14-4188-b035-dd43d316fe5c, command=[]} | ret=SUCCESS |  
2019-08-20 16:01:50,325 [Thread-193] INFO  impl.FollowerState (FollowerState.java:run(106)) - 61562f27-208f-4909-9070-f45ffa4a26d7:group-97309D153F47 changes to CANDIDATE, lastRpcTime:5040, electionTimeout:5038ms
2019-08-20 16:01:50,327 [Thread-193] INFO  impl.RoleInfo (RoleInfo.java:shutdownFollowerState(121)) - 61562f27-208f-4909-9070-f45ffa4a26d7: shutdown FollowerState
2019-08-20 16:01:50,327 [Thread-193] INFO  impl.RaftServerImpl (RaftServerImpl.java:setRole(171)) - 61562f27-208f-4909-9070-f45ffa4a26d7:group-97309D153F47 changes role from FOLLOWER to CANDIDATE at term 0 for changeToCandidate
2019-08-20 16:01:50,329 [Thread-193] INFO  impl.RoleInfo (RoleInfo.java:updateAndGet(143)) - 61562f27-208f-4909-9070-f45ffa4a26d7: start LeaderElection
2019-08-20 16:01:50,359 [Thread-192] INFO  impl.FollowerState (FollowerState.java:run(106)) - e17426b5-147c-49d6-be38-710150ed9248:group-97309D153F47 changes to CANDIDATE, lastRpcTime:5074, electionTimeout:5072ms
2019-08-20 16:01:50,364 [Thread-192] INFO  impl.RoleInfo (RoleInfo.java:shutdownFollowerState(121)) - e17426b5-147c-49d6-be38-710150ed9248: shutdown FollowerState
2019-08-20 16:01:50,364 [61562f27-208f-4909-9070-f45ffa4a26d7:group-97309D153F47:LeaderElection1] INFO  impl.LeaderElection (LeaderElection.java:askForVotes(181)) - 61562f27-208f-4909-9070-f45ffa4a26d7:group-97309D153F47:LeaderElection1: begin an election at term 1 for -1: [e17426b5-147c-49d6-be38-710150ed9248:192.168.69.96:46488, a2b57e47-6e14-4188-b035-dd43d316fe5c:192.168.69.96:36816, 61562f27-208f-4909-9070-f45ffa4a26d7:192.168.69.96:35819], old=null
2019-08-20 16:01:50,364 [Thread-192] INFO  impl.RaftServerImpl (RaftServerImpl.java:setRole(171)) - e17426b5-147c-49d6-be38-710150ed9248:group-97309D153F47 changes role from FOLLOWER to CANDIDATE at term 0 for changeToCandidate
2019-08-20 16:01:50,364 [Thread-192] INFO  impl.RoleInfo (RoleInfo.java:updateAndGet(143)) - e17426b5-147c-49d6-be38-710150ed9248: start LeaderElection
2019-08-20 16:01:50,380 [Thread-196] INFO  impl.FollowerState (FollowerState.java:run(106)) - e17426b5-147c-49d6-be38-710150ed9248:group-F975BBBB180C changes to CANDIDATE, lastRpcTime:5080, electionTimeout:5079ms
2019-08-20 16:01:50,381 [Thread-196] INFO  impl.RoleInfo (RoleInfo.java:shutdownFollowerState(121)) - e17426b5-147c-49d6-be38-710150ed9248: shutdown FollowerState
2019-08-20 16:01:50,382 [Thread-196] INFO  impl.RaftServerImpl (RaftServerImpl.java:setRole(171)) - e17426b5-147c-49d6-be38-710150ed9248:group-F975BBBB180C changes role from FOLLOWER to CANDIDATE at term 0 for changeToCandidate
2019-08-20 16:01:50,382 [e17426b5-147c-49d6-be38-710150ed9248:group-97309D153F47:LeaderElection2] INFO  impl.LeaderElection (LeaderElection.java:askForVotes(181)) - e17426b5-147c-49d6-be38-710150ed9248:group-97309D153F47:LeaderElection2: begin an election at term 1 for -1: [e17426b5-147c-49d6-be38-710150ed9248:192.168.69.96:46488, a2b57e47-6e14-4188-b035-dd43d316fe5c:192.168.69.96:36816, 61562f27-208f-4909-9070-f45ffa4a26d7:192.168.69.96:35819], old=null
2019-08-20 16:01:50,383 [Thread-196] INFO  impl.RoleInfo (RoleInfo.java:updateAndGet(143)) - e17426b5-147c-49d6-be38-710150ed9248: start LeaderElection
2019-08-20 16:01:50,403 [e17426b5-147c-49d6-be38-710150ed9248:group-F975BBBB180C:LeaderElection3] INFO  impl.LeaderElection (LeaderElection.java:askForVotes(181)) - e17426b5-147c-49d6-be38-710150ed9248:group-F975BBBB180C:LeaderElection3: begin an election at term 1 for -1: [e17426b5-147c-49d6-be38-710150ed9248:192.168.69.96:46488, a2b57e47-6e14-4188-b035-dd43d316fe5c:192.168.69.96:36816, 61562f27-208f-4909-9070-f45ffa4a26d7:192.168.69.96:35819], old=null
2019-08-20 16:01:50,405 [Thread-204] INFO  impl.FollowerState (FollowerState.java:run(106)) - a2b57e47-6e14-4188-b035-dd43d316fe5c:group-97309D153F47 changes to CANDIDATE, lastRpcTime:5026, electionTimeout:5026ms
2019-08-20 16:01:50,406 [Thread-204] INFO  impl.RoleInfo (RoleInfo.java:shutdownFollowerState(121)) - a2b57e47-6e14-4188-b035-dd43d316fe5c: shutdown FollowerState
2019-08-20 16:01:50,406 [Thread-204] INFO  impl.RaftServerImpl (RaftServerImpl.java:setRole(171)) - a2b57e47-6e14-4188-b035-dd43d316fe5c:group-97309D153F47 changes role from FOLLOWER to CANDIDATE at term 0 for changeToCandidate
2019-08-20 16:01:50,406 [Thread-204] INFO  impl.RoleInfo (RoleInfo.java:updateAndGet(143)) - a2b57e47-6e14-4188-b035-dd43d316fe5c: start LeaderElection
2019-08-20 16:01:50,417 [grpc-default-executor-4] INFO  impl.RaftServerImpl (RaftServerImpl.java:setRole(171)) - a2b57e47-6e14-4188-b035-dd43d316fe5c:group-F975BBBB180C changes role from FOLLOWER to FOLLOWER at term 1 for recognizeCandidate:e17426b5-147c-49d6-be38-710150ed9248
2019-08-20 16:01:50,417 [grpc-default-executor-3] INFO  impl.RaftServerImpl (RaftServerImpl.java:setRole(171)) - 61562f27-208f-4909-9070-f45ffa4a26d7:group-F975BBBB180C changes role from FOLLOWER to FOLLOWER at term 1 for recognizeCandidate:e17426b5-147c-49d6-be38-710150ed9248
2019-08-20 16:01:50,418 [grpc-default-executor-4] INFO  impl.RoleInfo (RoleInfo.java:shutdownFollowerState(121)) - a2b57e47-6e14-4188-b035-dd43d316fe5c: shutdown FollowerState
2019-08-20 16:01:50,418 [grpc-default-executor-3] INFO  impl.RoleInfo (RoleInfo.java:shutdownFollowerState(121)) - 61562f27-208f-4909-9070-f45ffa4a26d7: shutdown FollowerState
2019-08-20 16:01:50,418 [grpc-default-executor-4] INFO  impl.RoleInfo (RoleInfo.java:updateAndGet(143)) - a2b57e47-6e14-4188-b035-dd43d316fe5c: start FollowerState
2019-08-20 16:01:50,418 [Thread-197] INFO  impl.FollowerState (FollowerState.java:run(114)) - 61562f27-208f-4909-9070-f45ffa4a26d7: FollowerState was interrupted: java.lang.InterruptedException: sleep interrupted
2019-08-20 16:01:50,418 [grpc-default-executor-3] INFO  impl.RoleInfo (RoleInfo.java:updateAndGet(143)) - 61562f27-208f-4909-9070-f45ffa4a26d7: start FollowerState
2019-08-20 16:01:50,418 [Thread-208] INFO  impl.FollowerState (FollowerState.java:run(114)) - a2b57e47-6e14-4188-b035-dd43d316fe5c: FollowerState was interrupted: java.lang.InterruptedException: sleep interrupted
2019-08-20 16:01:50,426 [a2b57e47-6e14-4188-b035-dd43d316fe5c:group-97309D153F47:LeaderElection4] INFO  impl.LeaderElection (LeaderElection.java:askForVotes(181)) - a2b57e47-6e14-4188-b035-dd43d316fe5c:group-97309D153F47:LeaderElection4: begin an election at term 1 for -1: [e17426b5-147c-49d6-be38-710150ed9248:192.168.69.96:46488, a2b57e47-6e14-4188-b035-dd43d316fe5c:192.168.69.96:36816, 61562f27-208f-4909-9070-f45ffa4a26d7:192.168.69.96:35819], old=null
2019-08-20 16:01:50,441 [61562f27-208f-4909-9070-f45ffa4a26d7:group-97309D153F47:LeaderElection1] INFO  impl.LeaderElection (LeaderElection.java:logAndReturn(56)) - 61562f27-208f-4909-9070-f45ffa4a26d7:group-97309D153F47:LeaderElection1: Election REJECTED; received 2 response(s) [61562f27-208f-4909-9070-f45ffa4a26d7<-e17426b5-147c-49d6-be38-710150ed9248#0:FAIL-t1, 61562f27-208f-4909-9070-f45ffa4a26d7<-a2b57e47-6e14-4188-b035-dd43d316fe5c#0:FAIL-t1] and 0 exception(s); 61562f27-208f-4909-9070-f45ffa4a26d7:t1, leader=null, voted=61562f27-208f-4909-9070-f45ffa4a26d7, raftlog=61562f27-208f-4909-9070-f45ffa4a26d7-SegmentedRaftLog:OPENED:c-1,f-1,i0, conf=-1: [e17426b5-147c-49d6-be38-710150ed9248:192.168.69.96:46488, a2b57e47-6e14-4188-b035-dd43d316fe5c:192.168.69.96:36816, 61562f27-208f-4909-9070-f45ffa4a26d7:192.168.69.96:35819], old=null
2019-08-20 16:01:50,441 [e17426b5-147c-49d6-be38-710150ed9248:group-F975BBBB180C:LeaderElection3] INFO  impl.LeaderElection (LeaderElection.java:logAndReturn(56)) - e17426b5-147c-49d6-be38-710150ed9248:group-F975BBBB180C:LeaderElection3: Election PASSED; received 1 response(s) [e17426b5-147c-49d6-be38-710150ed9248<-61562f27-208f-4909-9070-f45ffa4a26d7#0:OK-t1] and 0 exception(s); e17426b5-147c-49d6-be38-710150ed9248:t1, leader=null, voted=e17426b5-147c-49d6-be38-710150ed9248, raftlog=e17426b5-147c-49d6-be38-710150ed9248-SegmentedRaftLog:OPENED:c-1,f-1,i0, conf=-1: [e17426b5-147c-49d6-be38-710150ed9248:192.168.69.96:46488, a2b57e47-6e14-4188-b035-dd43d316fe5c:192.168.69.96:36816, 61562f27-208f-4909-9070-f45ffa4a26d7:192.168.69.96:35819], old=null
2019-08-20 16:01:50,441 [e17426b5-147c-49d6-be38-710150ed9248:group-97309D153F47:LeaderElection2] INFO  impl.LeaderElection (LeaderElection.java:logAndReturn(56)) - e17426b5-147c-49d6-be38-710150ed9248:group-97309D153F47:LeaderElection2: Election REJECTED; received 2 response(s) [e17426b5-147c-49d6-be38-710150ed9248<-a2b57e47-6e14-4188-b035-dd43d316fe5c#0:FAIL-t1, e17426b5-147c-49d6-be38-710150ed9248<-61562f27-208f-4909-9070-f45ffa4a26d7#0:FAIL-t1] and 0 exception(s); e17426b5-147c-49d6-be38-710150ed9248:t1, leader=null, voted=e17426b5-147c-49d6-be38-710150ed9248, raftlog=e17426b5-147c-49d6-be38-710150ed9248-SegmentedRaftLog:OPENED:c-1,f-1,i0, conf=-1: [e17426b5-147c-49d6-be38-710150ed9248:192.168.69.96:46488, a2b57e47-6e14-4188-b035-dd43d316fe5c:192.168.69.96:36816, 61562f27-208f-4909-9070-f45ffa4a26d7:192.168.69.96:35819], old=null
2019-08-20 16:01:50,448 [61562f27-208f-4909-9070-f45ffa4a26d7:group-97309D153F47:LeaderElection1] INFO  impl.RaftServerImpl (RaftServerImpl.java:setRole(171)) - 61562f27-208f-4909-9070-f45ffa4a26d7:group-97309D153F47 changes role from CANDIDATE to FOLLOWER at term 1 for DISCOVERED_A_NEW_TERM
2019-08-20 16:01:50,448 [e17426b5-147c-49d6-be38-710150ed9248:group-97309D153F47:LeaderElection2] INFO  impl.RaftServerImpl (RaftServerImpl.java:setRole(171)) - e17426b5-147c-49d6-be38-710150ed9248:group-97309D153F47 changes role from CANDIDATE to FOLLOWER at term 1 for DISCOVERED_A_NEW_TERM
2019-08-20 16:01:50,448 [61562f27-208f-4909-9070-f45ffa4a26d7:group-97309D153F47:LeaderElection1] INFO  impl.RoleInfo (RoleInfo.java:shutdownLeaderElection(134)) - 61562f27-208f-4909-9070-f45ffa4a26d7: shutdown LeaderElection
2019-08-20 16:01:50,448 [e17426b5-147c-49d6-be38-710150ed9248:group-F975BBBB180C:LeaderElection3] INFO  impl.RoleInfo (RoleInfo.java:shutdownLeaderElection(134)) - e17426b5-147c-49d6-be38-710150ed9248: shutdown LeaderElection
2019-08-20 16:01:50,450 [e17426b5-147c-49d6-be38-710150ed9248:group-97309D153F47:LeaderElection2] INFO  impl.RoleInfo (RoleInfo.java:shutdownLeaderElection(134)) - e17426b5-147c-49d6-be38-710150ed9248: shutdown LeaderElection
2019-08-20 16:01:50,451 [e17426b5-147c-49d6-be38-710150ed9248:group-F975BBBB180C:LeaderElection3] INFO  impl.RaftServerImpl (RaftServerImpl.java:setRole(171)) - e17426b5-147c-49d6-be38-710150ed9248:group-F975BBBB180C changes role from CANDIDATE to LEADER at term 1 for changeToLeader
2019-08-20 16:01:50,451 [61562f27-208f-4909-9070-f45ffa4a26d7:group-97309D153F47:LeaderElection1] INFO  impl.RoleInfo (RoleInfo.java:updateAndGet(143)) - 61562f27-208f-4909-9070-f45ffa4a26d7: start FollowerState
2019-08-20 16:01:50,451 [e17426b5-147c-49d6-be38-710150ed9248:group-97309D153F47:LeaderElection2] INFO  impl.RoleInfo (RoleInfo.java:updateAndGet(143)) - e17426b5-147c-49d6-be38-710150ed9248: start FollowerState
2019-08-20 16:01:50,451 [e17426b5-147c-49d6-be38-710150ed9248:group-F975BBBB180C:LeaderElection3] INFO  impl.RaftServerImpl (ServerState.java:setLeader(263)) - e17426b5-147c-49d6-be38-710150ed9248:group-F975BBBB180C change Leader from null to e17426b5-147c-49d6-be38-710150ed9248 at term 1 for becomeLeader, leader elected after 5180ms
2019-08-20 16:01:50,453 | INFO  | SCMAudit | user=jenkins1000 | ip=192.168.69.96 | op=SEND_HEARTBEAT {datanodeUUID=61562f27-208f-4909-9070-f45ffa4a26d7, command=[]} | ret=SUCCESS |  
2019-08-20 16:01:50,466 [a2b57e47-6e14-4188-b035-dd43d316fe5c:group-97309D153F47:LeaderElection4] INFO  impl.LeaderElection (LeaderElection.java:logAndReturn(56)) - a2b57e47-6e14-4188-b035-dd43d316fe5c:group-97309D153F47:LeaderElection4: Election REJECTED; received 2 response(s) [a2b57e47-6e14-4188-b035-dd43d316fe5c<-e17426b5-147c-49d6-be38-710150ed9248#0:FAIL-t1, a2b57e47-6e14-4188-b035-dd43d316fe5c<-61562f27-208f-4909-9070-f45ffa4a26d7#0:FAIL-t1] and 0 exception(s); a2b57e47-6e14-4188-b035-dd43d316fe5c:t1, leader=null, voted=a2b57e47-6e14-4188-b035-dd43d316fe5c, raftlog=a2b57e47-6e14-4188-b035-dd43d316fe5c-SegmentedRaftLog:OPENED:c-1,f-1,i0, conf=-1: [e17426b5-147c-49d6-be38-710150ed9248:192.168.69.96:46488, a2b57e47-6e14-4188-b035-dd43d316fe5c:192.168.69.96:36816, 61562f27-208f-4909-9070-f45ffa4a26d7:192.168.69.96:35819], old=null
2019-08-20 16:01:50,466 [a2b57e47-6e14-4188-b035-dd43d316fe5c:group-97309D153F47:LeaderElection4] INFO  impl.RaftServerImpl (RaftServerImpl.java:setRole(171)) - a2b57e47-6e14-4188-b035-dd43d316fe5c:group-97309D153F47 changes role from CANDIDATE to FOLLOWER at term 1 for DISCOVERED_A_NEW_TERM
2019-08-20 16:01:50,467 [a2b57e47-6e14-4188-b035-dd43d316fe5c:group-97309D153F47:LeaderElection4] INFO  impl.RoleInfo (RoleInfo.java:shutdownLeaderElection(134)) - a2b57e47-6e14-4188-b035-dd43d316fe5c: shutdown LeaderElection
2019-08-20 16:01:50,468 [Thread-202] INFO  impl.FollowerState (FollowerState.java:run(106)) - a2b57e47-6e14-4188-b035-dd43d316fe5c:group-56B55488EAC1 changes to CANDIDATE, lastRpcTime:5089, electionTimeout:5089ms
2019-08-20 16:01:50,469 [a2b57e47-6e14-4188-b035-dd43d316fe5c:group-97309D153F47:LeaderElection4] INFO  impl.RoleInfo (RoleInfo.java:updateAndGet(143)) - a2b57e47-6e14-4188-b035-dd43d316fe5c: start FollowerState
2019-08-20 16:01:50,469 [Thread-202] INFO  impl.RoleInfo (RoleInfo.java:shutdownFollowerState(121)) - a2b57e47-6e14-4188-b035-dd43d316fe5c: shutdown FollowerState
2019-08-20 16:01:50,469 [Thread-202] INFO  impl.RaftServerImpl (RaftServerImpl.java:setRole(171)) - a2b57e47-6e14-4188-b035-dd43d316fe5c:group-56B55488EAC1 changes role from FOLLOWER to CANDIDATE at term 0 for changeToCandidate
2019-08-20 16:01:50,470 [Thread-202] INFO  impl.RoleInfo (RoleInfo.java:updateAndGet(143)) - a2b57e47-6e14-4188-b035-dd43d316fe5c: start LeaderElection
2019-08-20 16:01:50,474 [e17426b5-147c-49d6-be38-710150ed9248:group-F975BBBB180C:LeaderElection3] INFO  server.RaftServerConfigKeys (ConfUtils.java:logGet(43)) - raft.server.staging.catchup.gap = 1000 (default)
2019-08-20 16:01:50,474 [e17426b5-147c-49d6-be38-710150ed9248:group-F975BBBB180C:LeaderElection3] INFO  server.RaftServerConfigKeys (ConfUtils.java:logGet(43)) - raft.server.rpc.sleep.time = 25ms (default)
2019-08-20 16:01:50,477 [e17426b5-147c-49d6-be38-710150ed9248:group-F975BBBB180C:LeaderElection3] INFO  server.RaftServerConfigKeys (ConfUtils.java:logGet(43)) - raft.server.write.element-limit = 4096 (default)
2019-08-20 16:01:50,480 [e17426b5-147c-49d6-be38-710150ed9248:group-F975BBBB180C:LeaderElection3] INFO  server.RaftServerConfigKeys (ConfUtils.java:logGet(43)) - raft.server.watch.timeout = 10s (default)
2019-08-20 16:01:50,480 [e17426b5-147c-49d6-be38-710150ed9248:group-F975BBBB180C:LeaderElection3] INFO  server.RaftServerConfigKeys (ConfUtils.java:logGet(43)) - raft.server.watch.timeout.denomination = 1s (default)
2019-08-20 16:01:50,481 [e17426b5-147c-49d6-be38-710150ed9248:group-F975BBBB180C:LeaderElection3] INFO  server.RaftServerConfigKeys (ConfUtils.java:logGet(43)) - raft.server.watch.element-limit = 65536 (default)
2019-08-20 16:01:50,485 [a2b57e47-6e14-4188-b035-dd43d316fe5c:group-56B55488EAC1:LeaderElection5] INFO  impl.LeaderElection (LeaderElection.java:askForVotes(181)) - a2b57e47-6e14-4188-b035-dd43d316fe5c:group-56B55488EAC1:LeaderElection5: begin an election at term 1 for -1: [a2b57e47-6e14-4188-b035-dd43d316fe5c:192.168.69.96:36816], old=null
2019-08-20 16:01:50,485 [a2b57e47-6e14-4188-b035-dd43d316fe5c:group-56B55488EAC1:LeaderElection5] INFO  impl.RoleInfo (RoleInfo.java:shutdownLeaderElection(134)) - a2b57e47-6e14-4188-b035-dd43d316fe5c: shutdown LeaderElection
2019-08-20 16:01:50,485 [a2b57e47-6e14-4188-b035-dd43d316fe5c:group-56B55488EAC1:LeaderElection5] INFO  impl.RaftServerImpl (RaftServerImpl.java:setRole(171)) - a2b57e47-6e14-4188-b035-dd43d316fe5c:group-56B55488EAC1 changes role from CANDIDATE to LEADER at term 1 for changeToLeader
2019-08-20 16:01:50,485 [a2b57e47-6e14-4188-b035-dd43d316fe5c:group-56B55488EAC1:LeaderElection5] INFO  impl.RaftServerImpl (ServerState.java:setLeader(263)) - a2b57e47-6e14-4188-b035-dd43d316fe5c:group-56B55488EAC1 change Leader from null to a2b57e47-6e14-4188-b035-dd43d316fe5c at term 1 for becomeLeader, leader elected after 5352ms
2019-08-20 16:01:50,485 [a2b57e47-6e14-4188-b035-dd43d316fe5c:group-56B55488EAC1:LeaderElection5] INFO  server.RaftServerConfigKeys (ConfUtils.java:logGet(43)) - raft.server.staging.catchup.gap = 1000 (default)
2019-08-20 16:01:50,485 [a2b57e47-6e14-4188-b035-dd43d316fe5c:group-56B55488EAC1:LeaderElection5] INFO  server.RaftServerConfigKeys (ConfUtils.java:logGet(43)) - raft.server.rpc.sleep.time = 25ms (default)
2019-08-20 16:01:50,486 [a2b57e47-6e14-4188-b035-dd43d316fe5c:group-56B55488EAC1:LeaderElection5] INFO  server.RaftServerConfigKeys (ConfUtils.java:logGet(43)) - raft.server.write.element-limit = 4096 (default)
2019-08-20 16:01:50,486 [a2b57e47-6e14-4188-b035-dd43d316fe5c:group-56B55488EAC1:LeaderElection5] INFO  server.RaftServerConfigKeys (ConfUtils.java:logGet(43)) - raft.server.watch.timeout = 10s (default)
2019-08-20 16:01:50,486 [a2b57e47-6e14-4188-b035-dd43d316fe5c:group-56B55488EAC1:LeaderElection5] INFO  server.RaftServerConfigKeys (ConfUtils.java:logGet(43)) - raft.server.watch.timeout.denomination = 1s (default)
2019-08-20 16:01:50,486 [a2b57e47-6e14-4188-b035-dd43d316fe5c:group-56B55488EAC1:LeaderElection5] INFO  server.RaftServerConfigKeys (ConfUtils.java:logGet(43)) - raft.server.watch.element-limit = 65536 (default)
2019-08-20 16:01:50,493 [a2b57e47-6e14-4188-b035-dd43d316fe5c:group-56B55488EAC1:LeaderElection5] INFO  impl.RoleInfo (RoleInfo.java:updateAndGet(143)) - a2b57e47-6e14-4188-b035-dd43d316fe5c: start LeaderState
2019-08-20 16:01:50,494 [e17426b5-147c-49d6-be38-710150ed9248:group-F975BBBB180C:LeaderElection3] INFO  server.RaftServerConfigKeys (ConfUtils.java:logGet(43)) - raft.server.log.appender.snapshot.chunk.size.max = 16MB (=16777216) (default)
2019-08-20 16:01:50,494 [e17426b5-147c-49d6-be38-710150ed9248:group-F975BBBB180C:LeaderElection3] INFO  server.RaftServerConfigKeys (ConfUtils.java:logGet(43)) - raft.server.log.appender.buffer.byte-limit = 33554432 (custom)
2019-08-20 16:01:50,495 [e17426b5-147c-49d6-be38-710150ed9248:group-F975BBBB180C:LeaderElection3] INFO  server.RaftServerConfigKeys (ConfUtils.java:logGet(43)) - raft.server.log.appender.buffer.element-limit = 1 (custom)
2019-08-20 16:01:50,498 [e17426b5-147c-49d6-be38-710150ed9248:group-F975BBBB180C:LeaderElection3] INFO  grpc.GrpcConfigKeys$Server (ConfUtils.java:logGet(43)) - raft.grpc.server.leader.outstanding.appends.max = 128 (default)
2019-08-20 16:01:50,498 [e17426b5-147c-49d6-be38-710150ed9248:group-F975BBBB180C:LeaderElection3] INFO  server.RaftServerConfigKeys (ConfUtils.java:logGet(43)) - raft.server.rpc.request.timeout = 3000ms (default)
2019-08-20 16:01:50,498 [e17426b5-147c-49d6-be38-710150ed9248:group-F975BBBB180C:LeaderElection3] INFO  server.RaftServerConfigKeys (ConfUtils.java:logGet(43)) - raft.server.log.appender.install.snapshot.enabled = false (custom)
2019-08-20 16:01:50,498 [e17426b5-147c-49d6-be38-710150ed9248:group-F975BBBB180C:LeaderElection3] INFO  server.RaftServerConfigKeys (ConfUtils.java:logGet(43)) - raft.server.log.appender.snapshot.chunk.size.max = 16MB (=16777216) (default)
2019-08-20 16:01:50,498 [e17426b5-147c-49d6-be38-710150ed9248:group-F975BBBB180C:LeaderElection3] INFO  server.RaftServerConfigKeys (ConfUtils.java:logGet(43)) - raft.server.log.appender.buffer.byte-limit = 33554432 (custom)
2019-08-20 16:01:50,498 [e17426b5-147c-49d6-be38-710150ed9248:group-F975BBBB180C:LeaderElection3] INFO  server.RaftServerConfigKeys (ConfUtils.java:logGet(43)) - raft.server.log.appender.buffer.element-limit = 1 (custom)
2019-08-20 16:01:50,499 [e17426b5-147c-49d6-be38-710150ed9248:group-F975BBBB180C:LeaderElection3] INFO  grpc.GrpcConfigKeys$Server (ConfUtils.java:logGet(43)) - raft.grpc.server.leader.outstanding.appends.max = 128 (default)
2019-08-20 16:01:50,499 [e17426b5-147c-49d6-be38-710150ed9248:group-F975BBBB180C:LeaderElection3] INFO  server.RaftServerConfigKeys (ConfUtils.java:logGet(43)) - raft.server.rpc.request.timeout = 3000ms (default)
2019-08-20 16:01:50,499 [e17426b5-147c-49d6-be38-710150ed9248:group-F975BBBB180C:LeaderElection3] INFO  server.RaftServerConfigKeys (ConfUtils.java:logGet(43)) - raft.server.log.appender.install.snapshot.enabled = false (custom)
2019-08-20 16:01:50,500 [e17426b5-147c-49d6-be38-710150ed9248:group-F975BBBB180C:LeaderElection3] INFO  impl.RoleInfo (RoleInfo.java:updateAndGet(143)) - e17426b5-147c-49d6-be38-710150ed9248: start LeaderState
2019-08-20 16:01:50,509 [a2b57e47-6e14-4188-b035-dd43d316fe5c:group-56B55488EAC1:LeaderElection5] INFO  segmented.SegmentedRaftLogWorker (SegmentedRaftLogWorker.java:startLogSegment(380)) - a2b57e47-6e14-4188-b035-dd43d316fe5c-SegmentedRaftLogWorker:Storage Directory /workdir/hadoop-ozone/tools/target/test-dir/MiniOzoneClusterImpl-6f19b415-f1af-42d0-a7d4-e238af001e98/datanode-0/data/ratis/7a4049f5-9ac3-4842-b2f9-56b55488eac1: Starting segment from index:0
2019-08-20 16:01:50,509 [e17426b5-147c-49d6-be38-710150ed9248:group-F975BBBB180C:LeaderElection3] INFO  segmented.SegmentedRaftLogWorker (SegmentedRaftLogWorker.java:startLogSegment(380)) - e17426b5-147c-49d6-be38-710150ed9248-SegmentedRaftLogWorker:Storage Directory /workdir/hadoop-ozone/tools/target/test-dir/MiniOzoneClusterImpl-6f19b415-f1af-42d0-a7d4-e238af001e98/datanode-2/data/ratis/55ccc3c8-3456-40ef-8e9d-f975bbbb180c: Starting segment from index:0
2019-08-20 16:01:50,517 [a2b57e47-6e14-4188-b035-dd43d316fe5c:group-56B55488EAC1:LeaderElection5] INFO  impl.RaftServerImpl (ServerState.java:setRaftConf(361)) - a2b57e47-6e14-4188-b035-dd43d316fe5c:group-56B55488EAC1 set configuration 0: [a2b57e47-6e14-4188-b035-dd43d316fe5c:192.168.69.96:36816], old=null at 0
2019-08-20 16:01:50,517 [e17426b5-147c-49d6-be38-710150ed9248:group-F975BBBB180C:LeaderElection3] INFO  impl.RaftServerImpl (ServerState.java:setRaftConf(361)) - e17426b5-147c-49d6-be38-710150ed9248:group-F975BBBB180C set configuration 0: [e17426b5-147c-49d6-be38-710150ed9248:192.168.69.96:46488, a2b57e47-6e14-4188-b035-dd43d316fe5c:192.168.69.96:36816, 61562f27-208f-4909-9070-f45ffa4a26d7:192.168.69.96:35819], old=null at 0
2019-08-20 16:01:50,533 [grpc-default-executor-4] INFO  impl.RaftServerImpl (ServerState.java:setLeader(263)) - a2b57e47-6e14-4188-b035-dd43d316fe5c:group-F975BBBB180C change Leader from null to e17426b5-147c-49d6-be38-710150ed9248 at term 1 for appendEntries, leader elected after 5158ms
 0.00% |█                                                                                                    |  0/1 Time: 0:00:142019-08-20 16:01:50,533 [grpc-default-executor-1] INFO  impl.RaftServerImpl (ServerState.java:setLeader(263)) - 61562f27-208f-4909-9070-f45ffa4a26d7:group-F975BBBB180C change Leader from null to e17426b5-147c-49d6-be38-710150ed9248 at term 1 for appendEntries, leader elected after 5262ms
2019-08-20 16:01:50,543 [Thread-206] INFO  impl.FollowerState (FollowerState.java:run(106)) - a2b57e47-6e14-4188-b035-dd43d316fe5c:group-910E04B5C739 changes to CANDIDATE, lastRpcTime:5163, electionTimeout:5163ms
2019-08-20 16:01:50,543 [Thread-206] INFO  impl.RoleInfo (RoleInfo.java:shutdownFollowerState(121)) - a2b57e47-6e14-4188-b035-dd43d316fe5c: shutdown FollowerState
2019-08-20 16:01:50,543 [Thread-206] INFO  impl.RaftServerImpl (RaftServerImpl.java:setRole(171)) - a2b57e47-6e14-4188-b035-dd43d316fe5c:group-910E04B5C739 changes role from FOLLOWER to CANDIDATE at term 0 for changeToCandidate
2019-08-20 16:01:50,543 [Thread-206] INFO  impl.RoleInfo (RoleInfo.java:updateAndGet(143)) - a2b57e47-6e14-4188-b035-dd43d316fe5c: start LeaderElection
2019-08-20 16:01:50,558 [a2b57e47-6e14-4188-b035-dd43d316fe5c:group-910E04B5C739:LeaderElection6] INFO  impl.LeaderElection (LeaderElection.java:askForVotes(181)) - a2b57e47-6e14-4188-b035-dd43d316fe5c:group-910E04B5C739:LeaderElection6: begin an election at term 1 for -1: [a2b57e47-6e14-4188-b035-dd43d316fe5c:192.168.69.96:36816], old=null
2019-08-20 16:01:50,558 [grpc-default-executor-1] INFO  impl.RaftServerImpl (ServerState.java:setRaftConf(361)) - a2b57e47-6e14-4188-b035-dd43d316fe5c:group-F975BBBB180C set configuration 0: [e17426b5-147c-49d6-be38-710150ed9248:192.168.69.96:46488, a2b57e47-6e14-4188-b035-dd43d316fe5c:192.168.69.96:36816, 61562f27-208f-4909-9070-f45ffa4a26d7:192.168.69.96:35819], old=null at 0
2019-08-20 16:01:50,558 [a2b57e47-6e14-4188-b035-dd43d316fe5c:group-910E04B5C739:LeaderElection6] INFO  impl.RoleInfo (RoleInfo.java:shutdownLeaderElection(134)) - a2b57e47-6e14-4188-b035-dd43d316fe5c: shutdown LeaderElection
2019-08-20 16:01:50,558 [grpc-default-executor-1] INFO  segmented.SegmentedRaftLogWorker (SegmentedRaftLogWorker.java:startLogSegment(380)) - a2b57e47-6e14-4188-b035-dd43d316fe5c-SegmentedRaftLogWorker:Storage Directory /workdir/hadoop-ozone/tools/target/test-dir/MiniOzoneClusterImpl-6f19b415-f1af-42d0-a7d4-e238af001e98/datanode-0/data/ratis/55ccc3c8-3456-40ef-8e9d-f975bbbb180c: Starting segment from index:0
2019-08-20 16:01:50,558 [grpc-default-executor-4] INFO  impl.RaftServerImpl (ServerState.java:setRaftConf(361)) - 61562f27-208f-4909-9070-f45ffa4a26d7:group-F975BBBB180C set configuration 0: [e17426b5-147c-49d6-be38-710150ed9248:192.168.69.96:46488, a2b57e47-6e14-4188-b035-dd43d316fe5c:192.168.69.96:36816, 61562f27-208f-4909-9070-f45ffa4a26d7:192.168.69.96:35819], old=null at 0
2019-08-20 16:01:50,559 [a2b57e47-6e14-4188-b035-dd43d316fe5c:group-910E04B5C739:LeaderElection6] INFO  impl.RaftServerImpl (RaftServerImpl.java:setRole(171)) - a2b57e47-6e14-4188-b035-dd43d316fe5c:group-910E04B5C739 changes role from CANDIDATE to LEADER at term 1 for changeToLeader
2019-08-20 16:01:50,559 [grpc-default-executor-4] INFO  segmented.SegmentedRaftLogWorker (SegmentedRaftLogWorker.java:startLogSegment(380)) - 61562f27-208f-4909-9070-f45ffa4a26d7-SegmentedRaftLogWorker:Storage Directory /workdir/hadoop-ozone/tools/target/test-dir/MiniOzoneClusterImpl-6f19b415-f1af-42d0-a7d4-e238af001e98/datanode-1/data/ratis/55ccc3c8-3456-40ef-8e9d-f975bbbb180c: Starting segment from index:0
2019-08-20 16:01:50,559 [a2b57e47-6e14-4188-b035-dd43d316fe5c:group-910E04B5C739:LeaderElection6] INFO  impl.RaftServerImpl (ServerState.java:setLeader(263)) - a2b57e47-6e14-4188-b035-dd43d316fe5c:group-910E04B5C739 change Leader from null to a2b57e47-6e14-4188-b035-dd43d316fe5c at term 1 for becomeLeader, leader elected after 5246ms
2019-08-20 16:01:50,560 [a2b57e47-6e14-4188-b035-dd43d316fe5c:group-910E04B5C739:LeaderElection6] INFO  server.RaftServerConfigKeys (ConfUtils.java:logGet(43)) - raft.server.staging.catchup.gap = 1000 (default)
2019-08-20 16:01:50,560 [a2b57e47-6e14-4188-b035-dd43d316fe5c:group-910E04B5C739:LeaderElection6] INFO  server.RaftServerConfigKeys (ConfUtils.java:logGet(43)) - raft.server.rpc.sleep.time = 25ms (default)
2019-08-20 16:01:50,560 [a2b57e47-6e14-4188-b035-dd43d316fe5c:group-910E04B5C739:LeaderElection6] INFO  server.RaftServerConfigKeys (ConfUtils.java:logGet(43)) - raft.server.write.element-limit = 4096 (default)
2019-08-20 16:01:50,560 [a2b57e47-6e14-4188-b035-dd43d316fe5c:group-910E04B5C739:LeaderElection6] INFO  server.RaftServerConfigKeys (ConfUtils.java:logGet(43)) - raft.server.watch.timeout = 10s (default)
2019-08-20 16:01:50,560 [a2b57e47-6e14-4188-b035-dd43d316fe5c:group-910E04B5C739:LeaderElection6] INFO  server.RaftServerConfigKeys (ConfUtils.java:logGet(43)) - raft.server.watch.timeout.denomination = 1s (default)
2019-08-20 16:01:50,561 [a2b57e47-6e14-4188-b035-dd43d316fe5c:group-910E04B5C739:LeaderElection6] INFO  server.RaftServerConfigKeys (ConfUtils.java:logGet(43)) - raft.server.watch.element-limit = 65536 (default)
2019-08-20 16:01:50,561 [a2b57e47-6e14-4188-b035-dd43d316fe5c:group-910E04B5C739:LeaderElection6] INFO  impl.RoleInfo (RoleInfo.java:updateAndGet(143)) - a2b57e47-6e14-4188-b035-dd43d316fe5c: start LeaderState
2019-08-20 16:01:50,561 [a2b57e47-6e14-4188-b035-dd43d316fe5c:group-910E04B5C739:LeaderElection6] INFO  segmented.SegmentedRaftLogWorker (SegmentedRaftLogWorker.java:startLogSegment(380)) - a2b57e47-6e14-4188-b035-dd43d316fe5c-SegmentedRaftLogWorker:Storage Directory /workdir/hadoop-ozone/tools/target/test-dir/MiniOzoneClusterImpl-6f19b415-f1af-42d0-a7d4-e238af001e98/datanode-0/data/ratis/bc9eae54-b31d-4d34-a380-910e04b5c739: Starting segment from index:0
2019-08-20 16:01:50,562 [a2b57e47-6e14-4188-b035-dd43d316fe5c:group-910E04B5C739:LeaderElection6] INFO  impl.RaftServerImpl (ServerState.java:setRaftConf(361)) - a2b57e47-6e14-4188-b035-dd43d316fe5c:group-910E04B5C739 set configuration 0: [a2b57e47-6e14-4188-b035-dd43d316fe5c:192.168.69.96:36816], old=null at 0
2019-08-20 16:01:50,703 [61562f27-208f-4909-9070-f45ffa4a26d7-SegmentedRaftLogWorker:Storage Directory /workdir/hadoop-ozone/tools/target/test-dir/MiniOzoneClusterImpl-6f19b415-f1af-42d0-a7d4-e238af001e98/datanode-1/data/ratis/55ccc3c8-3456-40ef-8e9d-f975bbbb180c] INFO  segmented.SegmentedRaftLogWorker (SegmentedRaftLogWorker.java:execute(569)) - 61562f27-208f-4909-9070-f45ffa4a26d7-SegmentedRaftLogWorker:Storage Directory /workdir/hadoop-ozone/tools/target/test-dir/MiniOzoneClusterImpl-6f19b415-f1af-42d0-a7d4-e238af001e98/datanode-1/data/ratis/55ccc3c8-3456-40ef-8e9d-f975bbbb180c: created new log segment /workdir/hadoop-ozone/tools/target/test-dir/MiniOzoneClusterImpl-6f19b415-f1af-42d0-a7d4-e238af001e98/datanode-1/data/ratis/55ccc3c8-3456-40ef-8e9d-f975bbbb180c/current/log_inprogress_0
2019-08-20 16:01:50,703 [a2b57e47-6e14-4188-b035-dd43d316fe5c-SegmentedRaftLogWorker:Storage Directory /workdir/hadoop-ozone/tools/target/test-dir/MiniOzoneClusterImpl-6f19b415-f1af-42d0-a7d4-e238af001e98/datanode-0/data/ratis/55ccc3c8-3456-40ef-8e9d-f975bbbb180c] INFO  segmented.SegmentedRaftLogWorker (SegmentedRaftLogWorker.java:execute(569)) - a2b57e47-6e14-4188-b035-dd43d316fe5c-SegmentedRaftLogWorker:Storage Directory /workdir/hadoop-ozone/tools/target/test-dir/MiniOzoneClusterImpl-6f19b415-f1af-42d0-a7d4-e238af001e98/datanode-0/data/ratis/55ccc3c8-3456-40ef-8e9d-f975bbbb180c: created new log segment /workdir/hadoop-ozone/tools/target/test-dir/MiniOzoneClusterImpl-6f19b415-f1af-42d0-a7d4-e238af001e98/datanode-0/data/ratis/55ccc3c8-3456-40ef-8e9d-f975bbbb180c/current/log_inprogress_0
2019-08-20 16:01:50,703 [a2b57e47-6e14-4188-b035-dd43d316fe5c-SegmentedRaftLogWorker:Storage Directory /workdir/hadoop-ozone/tools/target/test-dir/MiniOzoneClusterImpl-6f19b415-f1af-42d0-a7d4-e238af001e98/datanode-0/data/ratis/7a4049f5-9ac3-4842-b2f9-56b55488eac1] INFO  segmented.SegmentedRaftLogWorker (SegmentedRaftLogWorker.java:execute(569)) - a2b57e47-6e14-4188-b035-dd43d316fe5c-SegmentedRaftLogWorker:Storage Directory /workdir/hadoop-ozone/tools/target/test-dir/MiniOzoneClusterImpl-6f19b415-f1af-42d0-a7d4-e238af001e98/datanode-0/data/ratis/7a4049f5-9ac3-4842-b2f9-56b55488eac1: created new log segment /workdir/hadoop-ozone/tools/target/test-dir/MiniOzoneClusterImpl-6f19b415-f1af-42d0-a7d4-e238af001e98/datanode-0/data/ratis/7a4049f5-9ac3-4842-b2f9-56b55488eac1/current/log_inprogress_0
2019-08-20 16:01:50,703 [a2b57e47-6e14-4188-b035-dd43d316fe5c-SegmentedRaftLogWorker:Storage Directory /workdir/hadoop-ozone/tools/target/test-dir/MiniOzoneClusterImpl-6f19b415-f1af-42d0-a7d4-e238af001e98/datanode-0/data/ratis/bc9eae54-b31d-4d34-a380-910e04b5c739] INFO  segmented.SegmentedRaftLogWorker (SegmentedRaftLogWorker.java:execute(569)) - a2b57e47-6e14-4188-b035-dd43d316fe5c-SegmentedRaftLogWorker:Storage Directory /workdir/hadoop-ozone/tools/target/test-dir/MiniOzoneClusterImpl-6f19b415-f1af-42d0-a7d4-e238af001e98/datanode-0/data/ratis/bc9eae54-b31d-4d34-a380-910e04b5c739: created new log segment /workdir/hadoop-ozone/tools/target/test-dir/MiniOzoneClusterImpl-6f19b415-f1af-42d0-a7d4-e238af001e98/datanode-0/data/ratis/bc9eae54-b31d-4d34-a380-910e04b5c739/current/log_inprogress_0
2019-08-20 16:01:50,703 [e17426b5-147c-49d6-be38-710150ed9248-SegmentedRaftLogWorker:Storage Directory /workdir/hadoop-ozone/tools/target/test-dir/MiniOzoneClusterImpl-6f19b415-f1af-42d0-a7d4-e238af001e98/datanode-2/data/ratis/55ccc3c8-3456-40ef-8e9d-f975bbbb180c] INFO  segmented.SegmentedRaftLogWorker (SegmentedRaftLogWorker.java:execute(569)) - e17426b5-147c-49d6-be38-710150ed9248-SegmentedRaftLogWorker:Storage Directory /workdir/hadoop-ozone/tools/target/test-dir/MiniOzoneClusterImpl-6f19b415-f1af-42d0-a7d4-e238af001e98/datanode-2/data/ratis/55ccc3c8-3456-40ef-8e9d-f975bbbb180c: created new log segment /workdir/hadoop-ozone/tools/target/test-dir/MiniOzoneClusterImpl-6f19b415-f1af-42d0-a7d4-e238af001e98/datanode-2/data/ratis/55ccc3c8-3456-40ef-8e9d-f975bbbb180c/current/log_inprogress_0
2019-08-20 16:01:50,766 [grpc-default-executor-1] INFO  client.GrpcClientProtocolClient (GrpcClientProtocolClient.java:onNext(255)) - client-3B7CAF572576->61562f27-208f-4909-9070-f45ffa4a26d7: receive RaftClientReply:client-3B7CAF572576->61562f27-208f-4909-9070-f45ffa4a26d7@group-F975BBBB180C, cid=8, FAILED org.apache.ratis.protocol.NotLeaderException: Server 61562f27-208f-4909-9070-f45ffa4a26d7 is not the leader (e17426b5-147c-49d6-be38-710150ed9248:192.168.69.96:46488). Request must be sent to leader., logIndex=0, commits[61562f27-208f-4909-9070-f45ffa4a26d7:c-1, e17426b5-147c-49d6-be38-710150ed9248:c-1, a2b57e47-6e14-4188-b035-dd43d316fe5c:c-1]
2019-08-20 16:01:51,079 | INFO  | SCMAudit | user=jenkins1000 | ip=192.168.69.96 | op=SEND_HEARTBEAT {datanodeUUID=e17426b5-147c-49d6-be38-710150ed9248, command=[]} | ret=SUCCESS |  
2019-08-20 16:01:51,152 | INFO  | SCMAudit | user=jenkins1000 | ip=192.168.69.96 | op=SEND_HEARTBEAT {datanodeUUID=a2b57e47-6e14-4188-b035-dd43d316fe5c, command=[]} | ret=SUCCESS |  
2019-08-20 16:01:51,451 | INFO  | SCMAudit | user=jenkins1000 | ip=192.168.69.96 | op=SEND_HEARTBEAT {datanodeUUID=61562f27-208f-4909-9070-f45ffa4a26d7, command=[]} | ret=SUCCESS |  
 0.00% |█                                                                                                    |  0/1 Time: 0:00:152019-08-20 16:01:51,729 | INFO  | SCMAudit | user=jenkins1000 | ip=192.168.69.96 | op=SEND_HEARTBEAT {datanodeUUID=e17426b5-147c-49d6-be38-710150ed9248, command=[]} | ret=SUCCESS |  
2019-08-20 16:01:51,729 | INFO  | SCMAudit | user=jenkins1000 | ip=192.168.69.96 | op=SEND_HEARTBEAT {datanodeUUID=a2b57e47-6e14-4188-b035-dd43d316fe5c, command=[]} | ret=SUCCESS |  
2019-08-20 16:01:51,729 | INFO  | SCMAudit | user=jenkins1000 | ip=192.168.69.96 | op=SEND_HEARTBEAT {datanodeUUID=61562f27-208f-4909-9070-f45ffa4a26d7, command=[]} | ret=SUCCESS |  
2019-08-20 16:01:51,741 | INFO  | DNAudit | user=null | ip=null | op=WRITE_CHUNK {blockData=conID: 1 locID: 102650144713146369 bcsId: 0} | ret=SUCCESS |  
2019-08-20 16:01:51,741 | INFO  | DNAudit | user=null | ip=null | op=WRITE_CHUNK {blockData=conID: 1 locID: 102650144713146369 bcsId: 0} | ret=SUCCESS |  
2019-08-20 16:01:51,741 | INFO  | DNAudit | user=null | ip=null | op=WRITE_CHUNK {blockData=conID: 1 locID: 102650144713146369 bcsId: 0} | ret=SUCCESS |  
2019-08-20 16:01:51,757 | INFO  | DNAudit | user=null | ip=null | op=WRITE_CHUNK {blockData=conID: 1 locID: 102650144713146369 bcsId: 0} | ret=SUCCESS |  
2019-08-20 16:01:51,766 | INFO  | DNAudit | user=null | ip=null | op=WRITE_CHUNK {blockData=conID: 1 locID: 102650144713146369 bcsId: 0} | ret=SUCCESS |  
2019-08-20 16:01:51,766 | INFO  | DNAudit | user=null | ip=null | op=WRITE_CHUNK {blockData=conID: 1 locID: 102650144713146369 bcsId: 0} | ret=SUCCESS |  
2019-08-20 16:01:51,767 [grpc-default-executor-4] INFO  client.GrpcClientProtocolClient (GrpcClientProtocolClient.java:onNext(255)) - client-3B7CAF572576->e17426b5-147c-49d6-be38-710150ed9248: receive RaftClientReply:client-3B7CAF572576->e17426b5-147c-49d6-be38-710150ed9248@group-F975BBBB180C, cid=8, SUCCESS, logIndex=1, commits[e17426b5-147c-49d6-be38-710150ed9248:c1, a2b57e47-6e14-4188-b035-dd43d316fe5c:c0, 61562f27-208f-4909-9070-f45ffa4a26d7:c0]
2019-08-20 16:01:51,797 | INFO  | DNAudit | user=null | ip=null | op=WRITE_CHUNK {blockData=conID: 1 locID: 102650144713146369 bcsId: 0} | ret=SUCCESS |  
2019-08-20 16:01:51,806 | INFO  | DNAudit | user=null | ip=null | op=WRITE_CHUNK {blockData=conID: 1 locID: 102650144713146369 bcsId: 0} | ret=SUCCESS |  
2019-08-20 16:01:51,818 | INFO  | DNAudit | user=null | ip=null | op=WRITE_CHUNK {blockData=conID: 1 locID: 102650144713146369 bcsId: 0} | ret=SUCCESS |  
2019-08-20 16:01:51,852 | INFO  | DNAudit | user=null | ip=null | op=PUT_BLOCK {blockData=[blockId=conID: 1 locID: 102650144713146369 bcsId: 0,size=1048576]} | ret=SUCCESS |  
2019-08-20 16:01:51,856 [grpc-default-executor-4] INFO  client.GrpcClientProtocolClient (GrpcClientProtocolClient.java:onNext(255)) - client-3B7CAF572576->e17426b5-147c-49d6-be38-710150ed9248: receive RaftClientReply:client-3B7CAF572576->e17426b5-147c-49d6-be38-710150ed9248@group-F975BBBB180C, cid=9, SUCCESS, logIndex=3, commits[e17426b5-147c-49d6-be38-710150ed9248:c8, a2b57e47-6e14-4188-b035-dd43d316fe5c:c6, 61562f27-208f-4909-9070-f45ffa4a26d7:c6]
2019-08-20 16:01:51,857 | INFO  | DNAudit | user=null | ip=null | op=WRITE_CHUNK {blockData=conID: 1 locID: 102650144713146369 bcsId: 0} | ret=SUCCESS |  
2019-08-20 16:01:51,859 [grpc-default-executor-4] INFO  client.GrpcClientProtocolClient (GrpcClientProtocolClient.java:onNext(255)) - client-3B7CAF572576->e17426b5-147c-49d6-be38-710150ed9248: receive RaftClientReply:client-3B7CAF572576->e17426b5-147c-49d6-be38-710150ed9248@group-F975BBBB180C, cid=10, SUCCESS, logIndex=5, commits[e17426b5-147c-49d6-be38-710150ed9248:c8, a2b57e47-6e14-4188-b035-dd43d316fe5c:c6, 61562f27-208f-4909-9070-f45ffa4a26d7:c6]
2019-08-20 16:01:51,886 | INFO  | DNAudit | user=null | ip=null | op=PUT_BLOCK {blockData=[blockId=conID: 1 locID: 102650144713146369 bcsId: 0,size=1048576]} | ret=SUCCESS |  
2019-08-20 16:01:51,887 | INFO  | DNAudit | user=null | ip=null | op=WRITE_CHUNK {blockData=conID: 1 locID: 102650144713146369 bcsId: 0} | ret=SUCCESS |  
2019-08-20 16:01:51,908 | INFO  | DNAudit | user=null | ip=null | op=PUT_BLOCK {blockData=[blockId=conID: 1 locID: 102650144713146369 bcsId: 0,size=2097152]} | ret=SUCCESS |  
2019-08-20 16:01:51,908 | INFO  | DNAudit | user=null | ip=null | op=PUT_BLOCK {blockData=[blockId=conID: 1 locID: 102650144713146369 bcsId: 0,size=1048576]} | ret=SUCCESS |  
2019-08-20 16:01:51,908 | INFO  | DNAudit | user=null | ip=null | op=PUT_BLOCK {blockData=[blockId=conID: 1 locID: 102650144713146369 bcsId: 0,size=2097152]} | ret=SUCCESS |  
2019-08-20 16:01:51,908 | INFO  | DNAudit | user=null | ip=null | op=WRITE_CHUNK {blockData=conID: 1 locID: 102650144713146369 bcsId: 0} | ret=SUCCESS |  
2019-08-20 16:01:51,909 | INFO  | DNAudit | user=null | ip=null | op=PUT_BLOCK {blockData=[blockId=conID: 1 locID: 102650144713146369 bcsId: 0,size=2097152]} | ret=SUCCESS |  
2019-08-20 16:01:51,910 [grpc-default-executor-4] INFO  client.GrpcClientProtocolClient (GrpcClientProtocolClient.java:onNext(255)) - client-3B7CAF572576->e17426b5-147c-49d6-be38-710150ed9248: receive RaftClientReply:client-3B7CAF572576->e17426b5-147c-49d6-be38-710150ed9248@group-F975BBBB180C, cid=11, SUCCESS, logIndex=6, commits[e17426b5-147c-49d6-be38-710150ed9248:c8, a2b57e47-6e14-4188-b035-dd43d316fe5c:c6, 61562f27-208f-4909-9070-f45ffa4a26d7:c6]
2019-08-20 16:01:51,936 | INFO  | DNAudit | user=null | ip=null | op=WRITE_CHUNK {blockData=conID: 1 locID: 102650144713146369 bcsId: 6} | ret=SUCCESS |  
2019-08-20 16:01:51,946 | INFO  | DNAudit | user=null | ip=null | op=WRITE_CHUNK {blockData=conID: 1 locID: 102650144713146369 bcsId: 6} | ret=SUCCESS |  
2019-08-20 16:01:51,946 | INFO  | DNAudit | user=null | ip=null | op=WRITE_CHUNK {blockData=conID: 1 locID: 102650144713146369 bcsId: 6} | ret=SUCCESS |  
2019-08-20 16:01:51,948 | INFO  | DNAudit | user=null | ip=null | op=WRITE_CHUNK {blockData=conID: 1 locID: 102650144713146369 bcsId: 6} | ret=SUCCESS |  
2019-08-20 16:01:51,951 | INFO  | DNAudit | user=null | ip=null | op=WRITE_CHUNK {blockData=conID: 1 locID: 102650144713146369 bcsId: 6} | ret=SUCCESS |  
2019-08-20 16:01:51,955 | INFO  | DNAudit | user=null | ip=null | op=PUT_BLOCK {blockData=[blockId=conID: 1 locID: 102650144713146369 bcsId: 0,size=3145728]} | ret=SUCCESS |  
2019-08-20 16:01:51,956 [grpc-default-executor-3] INFO  client.GrpcClientProtocolClient (GrpcClientProtocolClient.java:onNext(255)) - client-3B7CAF572576->e17426b5-147c-49d6-be38-710150ed9248: receive RaftClientReply:client-3B7CAF572576->e17426b5-147c-49d6-be38-710150ed9248@group-F975BBBB180C, cid=12, SUCCESS, logIndex=9, commits[e17426b5-147c-49d6-be38-710150ed9248:c9, a2b57e47-6e14-4188-b035-dd43d316fe5c:c8, 61562f27-208f-4909-9070-f45ffa4a26d7:c6]
2019-08-20 16:01:51,961 [grpc-default-executor-4] INFO  client.GrpcClientProtocolClient (GrpcClientProtocolClient.java:onNext(255)) - client-3B7CAF572576->e17426b5-147c-49d6-be38-710150ed9248: receive RaftClientReply:client-3B7CAF572576->e17426b5-147c-49d6-be38-710150ed9248@group-F975BBBB180C, cid=13, SUCCESS, logIndex=10, commits[e17426b5-147c-49d6-be38-710150ed9248:c10, a2b57e47-6e14-4188-b035-dd43d316fe5c:c8, 61562f27-208f-4909-9070-f45ffa4a26d7:c8]
2019-08-20 16:01:51,961 | INFO  | DNAudit | user=null | ip=null | op=WRITE_CHUNK {blockData=conID: 1 locID: 102650144713146369 bcsId: 6} | ret=SUCCESS |  
2019-08-20 16:01:51,963 | INFO  | DNAudit | user=null | ip=null | op=WRITE_CHUNK {blockData=conID: 1 locID: 102650144713146369 bcsId: 6} | ret=SUCCESS |  
2019-08-20 16:01:51,964 | INFO  | DNAudit | user=null | ip=null | op=WRITE_CHUNK {blockData=conID: 1 locID: 102650144713146369 bcsId: 6} | ret=SUCCESS |  
2019-08-20 16:01:51,968 | INFO  | DNAudit | user=null | ip=null | op=PUT_BLOCK {blockData=[blockId=conID: 1 locID: 102650144713146369 bcsId: 0,size=3145728]} | ret=SUCCESS |  
2019-08-20 16:01:51,968 | INFO  | DNAudit | user=null | ip=null | op=WRITE_CHUNK {blockData=conID: 1 locID: 102650144713146369 bcsId: 6} | ret=SUCCESS |  
2019-08-20 16:01:51,968 | INFO  | DNAudit | user=null | ip=null | op=WRITE_CHUNK {blockData=conID: 1 locID: 102650144713146369 bcsId: 6} | ret=SUCCESS |  
2019-08-20 16:01:51,970 | INFO  | DNAudit | user=null | ip=null | op=PUT_BLOCK {blockData=[blockId=conID: 1 locID: 102650144713146369 bcsId: 0,size=4194304]} | ret=SUCCESS |  
2019-08-20 16:01:51,970 | INFO  | DNAudit | user=null | ip=null | op=PUT_BLOCK {blockData=[blockId=conID: 1 locID: 102650144713146369 bcsId: 0,size=3145728]} | ret=SUCCESS |  
2019-08-20 16:01:51,970 | INFO  | DNAudit | user=null | ip=null | op=WRITE_CHUNK {blockData=conID: 1 locID: 102650144713146369 bcsId: 6} | ret=SUCCESS |  
2019-08-20 16:01:51,972 | INFO  | DNAudit | user=null | ip=null | op=WRITE_CHUNK {blockData=conID: 1 locID: 102650144713146369 bcsId: 6} | ret=SUCCESS |  
2019-08-20 16:01:51,973 [grpc-default-executor-4] INFO  client.GrpcClientProtocolClient (GrpcClientProtocolClient.java:onNext(255)) - client-3B7CAF572576->e17426b5-147c-49d6-be38-710150ed9248: receive RaftClientReply:client-3B7CAF572576->e17426b5-147c-49d6-be38-710150ed9248@group-F975BBBB180C, cid=14, SUCCESS, logIndex=11, commits[e17426b5-147c-49d6-be38-710150ed9248:c14, a2b57e47-6e14-4188-b035-dd43d316fe5c:c8, 61562f27-208f-4909-9070-f45ffa4a26d7:c10]
2019-08-20 16:01:51,973 | INFO  | DNAudit | user=null | ip=null | op=PUT_BLOCK {blockData=[blockId=conID: 1 locID: 102650144713146369 bcsId: 0,size=4194304]} | ret=SUCCESS |  
2019-08-20 16:01:51,978 | INFO  | DNAudit | user=null | ip=null | op=PUT_BLOCK {blockData=[blockId=conID: 1 locID: 102650144713146369 bcsId: 0,size=4194304]} | ret=SUCCESS |  
2019-08-20 16:01:51,978 [grpc-default-executor-0] INFO  client.GrpcClientProtocolClient (GrpcClientProtocolClient.java:onNext(255)) - client-3B7CAF572576->e17426b5-147c-49d6-be38-710150ed9248: receive RaftClientReply:client-3B7CAF572576->e17426b5-147c-49d6-be38-710150ed9248@group-F975BBBB180C, cid=15, SUCCESS, logIndex=12, commits[e17426b5-147c-49d6-be38-710150ed9248:c14, a2b57e47-6e14-4188-b035-dd43d316fe5c:c9, 61562f27-208f-4909-9070-f45ffa4a26d7:c10]
2019-08-20 16:01:51,994 [grpc-default-executor-0] INFO  client.GrpcClientProtocolClient (GrpcClientProtocolClient.java:onNext(255)) - client-3B7CAF572576->e17426b5-147c-49d6-be38-710150ed9248: receive RaftClientReply:client-3B7CAF572576->e17426b5-147c-49d6-be38-710150ed9248@group-F975BBBB180C, cid=16, SUCCESS, logIndex=0, commits[e17426b5-147c-49d6-be38-710150ed9248:c15, a2b57e47-6e14-4188-b035-dd43d316fe5c:c13, 61562f27-208f-4909-9070-f45ffa4a26d7:c13]
2019-08-20 16:01:51,999 [grpc-default-executor-0] INFO  client.GrpcClientProtocolClient (GrpcClientProtocolClient.java:onNext(255)) - client-3B7CAF572576->e17426b5-147c-49d6-be38-710150ed9248: receive RaftClientReply:client-3B7CAF572576->e17426b5-147c-49d6-be38-710150ed9248@group-F975BBBB180C, cid=17, SUCCESS, logIndex=0, commits[e17426b5-147c-49d6-be38-710150ed9248:c15, a2b57e47-6e14-4188-b035-dd43d316fe5c:c13, 61562f27-208f-4909-9070-f45ffa4a26d7:c13]
2019-08-20 16:01:52,206 | INFO  | SCMAudit | user=jenkins1000 | ip=192.168.69.96 | op=SEND_HEARTBEAT {datanodeUUID=e17426b5-147c-49d6-be38-710150ed9248, command=[]} | ret=SUCCESS |  
2019-08-20 16:01:52,207 | INFO  | DNAudit | user=null | ip=null | op=WRITE_CHUNK {blockData=conID: 2 locID: 102650144713474050 bcsId: 0} | ret=SUCCESS |  
2019-08-20 16:01:52,208 | INFO  | DNAudit | user=null | ip=null | op=WRITE_CHUNK {blockData=conID: 2 locID: 102650144713474050 bcsId: 0} | ret=SUCCESS |  
2019-08-20 16:01:52,235 | INFO  | SCMAudit | user=jenkins1000 | ip=192.168.69.96 | op=SEND_HEARTBEAT {datanodeUUID=61562f27-208f-4909-9070-f45ffa4a26d7, command=[]} | ret=SUCCESS |  
2019-08-20 16:01:52,235 | INFO  | SCMAudit | user=jenkins1000 | ip=192.168.69.96 | op=SEND_HEARTBEAT {datanodeUUID=a2b57e47-6e14-4188-b035-dd43d316fe5c, command=[]} | ret=SUCCESS |  
2019-08-20 16:01:52,236 | INFO  | DNAudit | user=null | ip=null | op=WRITE_CHUNK {blockData=conID: 2 locID: 102650144713474050 bcsId: 0} | ret=SUCCESS |  
2019-08-20 16:01:52,238 | INFO  | DNAudit | user=null | ip=null | op=WRITE_CHUNK {blockData=conID: 2 locID: 102650144713474050 bcsId: 0} | ret=SUCCESS |  
2019-08-20 16:01:52,238 | INFO  | DNAudit | user=null | ip=null | op=WRITE_CHUNK {blockData=conID: 2 locID: 102650144713474050 bcsId: 0} | ret=SUCCESS |  
2019-08-20 16:01:52,238 | INFO  | DNAudit | user=null | ip=null | op=WRITE_CHUNK {blockData=conID: 2 locID: 102650144713474050 bcsId: 0} | ret=SUCCESS |  
2019-08-20 16:01:52,250 | INFO  | DNAudit | user=null | ip=null | op=WRITE_CHUNK {blockData=conID: 2 locID: 102650144713474050 bcsId: 0} | ret=SUCCESS |  
2019-08-20 16:01:52,254 [grpc-default-executor-3] INFO  client.GrpcClientProtocolClient (GrpcClientProtocolClient.java:onNext(255)) - client-3B7CAF572576->e17426b5-147c-49d6-be38-710150ed9248: receive RaftClientReply:client-3B7CAF572576->e17426b5-147c-49d6-be38-710150ed9248@group-F975BBBB180C, cid=18, SUCCESS, logIndex=16, commits[e17426b5-147c-49d6-be38-710150ed9248:c19, a2b57e47-6e14-4188-b035-dd43d316fe5c:c15, 61562f27-208f-4909-9070-f45ffa4a26d7:c15]
2019-08-20 16:01:52,277 | INFO  | DNAudit | user=null | ip=null | op=WRITE_CHUNK {blockData=conID: 2 locID: 102650144713474050 bcsId: 0} | ret=SUCCESS |  
2019-08-20 16:01:52,277 | INFO  | DNAudit | user=null | ip=null | op=WRITE_CHUNK {blockData=conID: 2 locID: 102650144713474050 bcsId: 0} | ret=SUCCESS |  
2019-08-20 16:01:52,316 | INFO  | DNAudit | user=null | ip=null | op=PUT_BLOCK {blockData=[blockId=conID: 2 locID: 102650144713474050 bcsId: 0,size=1048576]} | ret=SUCCESS |  
2019-08-20 16:01:52,317 | INFO  | DNAudit | user=null | ip=null | op=WRITE_CHUNK {blockData=conID: 2 locID: 102650144713474050 bcsId: 0} | ret=SUCCESS |  
2019-08-20 16:01:52,318 [grpc-default-executor-4] INFO  client.GrpcClientProtocolClient (GrpcClientProtocolClient.java:onNext(255)) - client-3B7CAF572576->e17426b5-147c-49d6-be38-710150ed9248: receive RaftClientReply:client-3B7CAF572576->e17426b5-147c-49d6-be38-710150ed9248@group-F975BBBB180C, cid=19, SUCCESS, logIndex=17, commits[e17426b5-147c-49d6-be38-710150ed9248:c22, a2b57e47-6e14-4188-b035-dd43d316fe5c:c19, 61562f27-208f-4909-9070-f45ffa4a26d7:c19]
2019-08-20 16:01:52,320 [grpc-default-executor-4] INFO  client.GrpcClientProtocolClient (GrpcClientProtocolClient.java:onNext(255)) - client-3B7CAF572576->e17426b5-147c-49d6-be38-710150ed9248: receive RaftClientReply:client-3B7CAF572576->e17426b5-147c-49d6-be38-710150ed9248@group-F975BBBB180C, cid=20, SUCCESS, logIndex=18, commits[e17426b5-147c-49d6-be38-710150ed9248:c22, a2b57e47-6e14-4188-b035-dd43d316fe5c:c19, 61562f27-208f-4909-9070-f45ffa4a26d7:c19]
2019-08-20 16:01:52,407 | INFO  | DNAudit | user=null | ip=null | op=PUT_BLOCK {blockData=[blockId=conID: 2 locID: 102650144713474050 bcsId: 0,size=1048576]} | ret=SUCCESS |  
2019-08-20 16:01:52,407 | INFO  | DNAudit | user=null | ip=null | op=WRITE_CHUNK {blockData=conID: 2 locID: 102650144713474050 bcsId: 0} | ret=SUCCESS |  
2019-08-20 16:01:52,459 | INFO  | DNAudit | user=null | ip=null | op=PUT_BLOCK {blockData=[blockId=conID: 2 locID: 102650144713474050 bcsId: 0,size=2097152]} | ret=SUCCESS |  
2019-08-20 16:01:52,459 | INFO  | DNAudit | user=null | ip=null | op=PUT_BLOCK {blockData=[blockId=conID: 2 locID: 102650144713474050 bcsId: 0,size=2097152]} | ret=SUCCESS |  
2019-08-20 16:01:52,459 | INFO  | DNAudit | user=null | ip=null | op=PUT_BLOCK {blockData=[blockId=conID: 2 locID: 102650144713474050 bcsId: 0,size=1048576]} | ret=SUCCESS |  
2019-08-20 16:01:52,460 | INFO  | DNAudit | user=null | ip=null | op=WRITE_CHUNK {blockData=conID: 2 locID: 102650144713474050 bcsId: 0} | ret=SUCCESS |  
2019-08-20 16:01:52,461 | INFO  | DNAudit | user=null | ip=null | op=PUT_BLOCK {blockData=[blockId=conID: 2 locID: 102650144713474050 bcsId: 0,size=2097152]} | ret=SUCCESS |  
2019-08-20 16:01:52,463 [grpc-default-executor-4] INFO  client.GrpcClientProtocolClient (GrpcClientProtocolClient.java:onNext(255)) - client-3B7CAF572576->e17426b5-147c-49d6-be38-710150ed9248: receive RaftClientReply:client-3B7CAF572576->e17426b5-147c-49d6-be38-710150ed9248@group-F975BBBB180C, cid=21, SUCCESS, logIndex=19, commits[e17426b5-147c-49d6-be38-710150ed9248:c22, a2b57e47-6e14-4188-b035-dd43d316fe5c:c19, 61562f27-208f-4909-9070-f45ffa4a26d7:c19]
2019-08-20 16:01:52,480 | INFO  | DNAudit | user=null | ip=null | op=WRITE_CHUNK {blockData=conID: 2 locID: 102650144713474050 bcsId: 19} | ret=SUCCESS |  
2019-08-20 16:01:52,490 | INFO  | DNAudit | user=null | ip=null | op=WRITE_CHUNK {blockData=conID: 2 locID: 102650144713474050 bcsId: 19} | ret=SUCCESS |  
2019-08-20 16:01:52,490 | INFO  | DNAudit | user=null | ip=null | op=WRITE_CHUNK {blockData=conID: 2 locID: 102650144713474050 bcsId: 19} | ret=SUCCESS |  
2019-08-20 16:01:52,491 | INFO  | DNAudit | user=null | ip=null | op=WRITE_CHUNK {blockData=conID: 2 locID: 102650144713474050 bcsId: 19} | ret=SUCCESS |  
2019-08-20 16:01:52,499 | INFO  | DNAudit | user=null | ip=null | op=WRITE_CHUNK {blockData=conID: 2 locID: 102650144713474050 bcsId: 19} | ret=SUCCESS |  
2019-08-20 16:01:52,504 | INFO  | DNAudit | user=null | ip=null | op=WRITE_CHUNK {blockData=conID: 2 locID: 102650144713474050 bcsId: 19} | ret=SUCCESS |  
2019-08-20 16:01:52,504 | INFO  | DNAudit | user=null | ip=null | op=PUT_BLOCK {blockData=[blockId=conID: 2 locID: 102650144713474050 bcsId: 0,size=3145728]} | ret=SUCCESS |  
2019-08-20 16:01:52,504 [grpc-default-executor-3] INFO  client.GrpcClientProtocolClient (GrpcClientProtocolClient.java:onNext(255)) - client-3B7CAF572576->e17426b5-147c-49d6-be38-710150ed9248: receive RaftClientReply:client-3B7CAF572576->e17426b5-147c-49d6-be38-710150ed9248@group-F975BBBB180C, cid=22, SUCCESS, logIndex=23, commits[e17426b5-147c-49d6-be38-710150ed9248:c24, a2b57e47-6e14-4188-b035-dd43d316fe5c:c22, 61562f27-208f-4909-9070-f45ffa4a26d7:c22]
2019-08-20 16:01:52,505 | INFO  | DNAudit | user=null | ip=null | op=WRITE_CHUNK {blockData=conID: 2 locID: 102650144713474050 bcsId: 19} | ret=SUCCESS |  
2019-08-20 16:01:52,505 [grpc-default-executor-3] INFO  client.GrpcClientProtocolClient (GrpcClientProtocolClient.java:onNext(255)) - client-3B7CAF572576->e17426b5-147c-49d6-be38-710150ed9248: receive RaftClientReply:client-3B7CAF572576->e17426b5-147c-49d6-be38-710150ed9248@group-F975BBBB180C, cid=23, SUCCESS, logIndex=24, commits[e17426b5-147c-49d6-be38-710150ed9248:c24, a2b57e47-6e14-4188-b035-dd43d316fe5c:c22, 61562f27-208f-4909-9070-f45ffa4a26d7:c22]
2019-08-20 16:01:52,508 | INFO  | DNAudit | user=null | ip=null | op=WRITE_CHUNK {blockData=conID: 2 locID: 102650144713474050 bcsId: 19} | ret=SUCCESS |  
2019-08-20 16:01:52,510 | INFO  | DNAudit | user=null | ip=null | op=WRITE_CHUNK {blockData=conID: 2 locID: 102650144713474050 bcsId: 19} | ret=SUCCESS |  
2019-08-20 16:01:52,511 | INFO  | DNAudit | user=null | ip=null | op=PUT_BLOCK {blockData=[blockId=conID: 2 locID: 102650144713474050 bcsId: 0,size=3145728]} | ret=SUCCESS |  
2019-08-20 16:01:52,515 | INFO  | DNAudit | user=null | ip=null | op=PUT_BLOCK {blockData=[blockId=conID: 2 locID: 102650144713474050 bcsId: 0,size=4194304]} | ret=SUCCESS |  
2019-08-20 16:01:52,515 [grpc-default-executor-4] INFO  client.GrpcClientProtocolClient (GrpcClientProtocolClient.java:onNext(255)) - client-3B7CAF572576->e17426b5-147c-49d6-be38-710150ed9248: receive RaftClientReply:client-3B7CAF572576->e17426b5-147c-49d6-be38-710150ed9248@group-F975BBBB180C, cid=24, SUCCESS, logIndex=25, commits[e17426b5-147c-49d6-be38-710150ed9248:c27, a2b57e47-6e14-4188-b035-dd43d316fe5c:c22, 61562f27-208f-4909-9070-f45ffa4a26d7:c24]
2019-08-20 16:01:52,516 [grpc-default-executor-4] INFO  client.GrpcClientProtocolClient (GrpcClientProtocolClient.java:onNext(255)) - client-3B7CAF572576->e17426b5-147c-49d6-be38-710150ed9248: receive RaftClientReply:client-3B7CAF572576->e17426b5-147c-49d6-be38-710150ed9248@group-F975BBBB180C, cid=25, SUCCESS, logIndex=26, commits[e17426b5-147c-49d6-be38-710150ed9248:c28, a2b57e47-6e14-4188-b035-dd43d316fe5c:c22, 61562f27-208f-4909-9070-f45ffa4a26d7:c24]
2019-08-20 16:01:52,519 | INFO  | DNAudit | user=null | ip=null | op=WRITE_CHUNK {blockData=conID: 2 locID: 102650144713474050 bcsId: 19} | ret=SUCCESS |  
2019-08-20 16:01:52,520 | INFO  | DNAudit | user=null | ip=null | op=PUT_BLOCK {blockData=[blockId=conID: 2 locID: 102650144713474050 bcsId: 0,size=3145728]} | ret=SUCCESS |  
2019-08-20 16:01:52,520 | INFO  | DNAudit | user=null | ip=null | op=WRITE_CHUNK {blockData=conID: 2 locID: 102650144713474050 bcsId: 19} | ret=SUCCESS |  
2019-08-20 16:01:52,522 | INFO  | DNAudit | user=null | ip=null | op=WRITE_CHUNK {blockData=conID: 2 locID: 102650144713474050 bcsId: 19} | ret=SUCCESS |  
2019-08-20 16:01:52,523 | INFO  | DNAudit | user=null | ip=null | op=PUT_BLOCK {blockData=[blockId=conID: 2 locID: 102650144713474050 bcsId: 0,size=4194304]} | ret=SUCCESS |  
2019-08-20 16:01:52,523 [grpc-default-executor-4] INFO  client.GrpcClientProtocolClient (GrpcClientProtocolClient.java:onNext(255)) - client-3B7CAF572576->e17426b5-147c-49d6-be38-710150ed9248: receive RaftClientReply:client-3B7CAF572576->e17426b5-147c-49d6-be38-710150ed9248@group-F975BBBB180C, cid=26, SUCCESS, logIndex=0, commits[e17426b5-147c-49d6-be38-710150ed9248:c29, a2b57e47-6e14-4188-b035-dd43d316fe5c:c26, 61562f27-208f-4909-9070-f45ffa4a26d7:c25]
2019-08-20 16:01:52,529 | INFO  | DNAudit | user=null | ip=null | op=PUT_BLOCK {blockData=[blockId=conID: 2 locID: 102650144713474050 bcsId: 0,size=4194304]} | ret=SUCCESS |  
2019-08-20 16:01:52,531 [grpc-default-executor-0] INFO  client.GrpcClientProtocolClient (GrpcClientProtocolClient.java:onNext(255)) - client-3B7CAF572576->e17426b5-147c-49d6-be38-710150ed9248: receive RaftClientReply:client-3B7CAF572576->e17426b5-147c-49d6-be38-710150ed9248@group-F975BBBB180C, cid=27, SUCCESS, logIndex=0, commits[e17426b5-147c-49d6-be38-710150ed9248:c30, a2b57e47-6e14-4188-b035-dd43d316fe5c:c27, 61562f27-208f-4909-9070-f45ffa4a26d7:c27]
 0.00% |█                                                                                                    |  0/1 Time: 0:00:162019-08-20 16:01:52,671 | INFO  | SCMAudit | user=jenkins1000 | ip=192.168.69.96 | op=SEND_HEARTBEAT {datanodeUUID=e17426b5-147c-49d6-be38-710150ed9248, command=[]} | ret=SUCCESS |  
2019-08-20 16:01:52,671 | INFO  | SCMAudit | user=jenkins1000 | ip=192.168.69.96 | op=SEND_HEARTBEAT {datanodeUUID=61562f27-208f-4909-9070-f45ffa4a26d7, command=[]} | ret=SUCCESS |  
2019-08-20 16:01:52,671 | INFO  | SCMAudit | user=jenkins1000 | ip=192.168.69.96 | op=SEND_HEARTBEAT {datanodeUUID=a2b57e47-6e14-4188-b035-dd43d316fe5c, command=[]} | ret=SUCCESS |  
2019-08-20 16:01:52,673 | INFO  | DNAudit | user=null | ip=null | op=WRITE_CHUNK {blockData=conID: 3 locID: 102650144713474051 bcsId: 0} | ret=SUCCESS |  
2019-08-20 16:01:52,674 | INFO  | DNAudit | user=null | ip=null | op=WRITE_CHUNK {blockData=conID: 3 locID: 102650144713474051 bcsId: 0} | ret=SUCCESS |  
2019-08-20 16:01:52,674 | INFO  | DNAudit | user=null | ip=null | op=WRITE_CHUNK {blockData=conID: 3 locID: 102650144713474051 bcsId: 0} | ret=SUCCESS |  
2019-08-20 16:01:52,674 | INFO  | DNAudit | user=null | ip=null | op=WRITE_CHUNK {blockData=conID: 3 locID: 102650144713474051 bcsId: 0} | ret=SUCCESS |  
2019-08-20 16:01:52,674 | INFO  | DNAudit | user=null | ip=null | op=WRITE_CHUNK {blockData=conID: 3 locID: 102650144713474051 bcsId: 0} | ret=SUCCESS |  
2019-08-20 16:01:52,674 | INFO  | DNAudit | user=null | ip=null | op=WRITE_CHUNK {blockData=conID: 3 locID: 102650144713474051 bcsId: 0} | ret=SUCCESS |  
2019-08-20 16:01:52,684 | INFO  | DNAudit | user=null | ip=null | op=WRITE_CHUNK {blockData=conID: 3 locID: 102650144713474051 bcsId: 0} | ret=SUCCESS |  
2019-08-20 16:01:52,686 [grpc-default-executor-0] INFO  client.GrpcClientProtocolClient (GrpcClientProtocolClient.java:onNext(255)) - client-3B7CAF572576->e17426b5-147c-49d6-be38-710150ed9248: receive RaftClientReply:client-3B7CAF572576->e17426b5-147c-49d6-be38-710150ed9248@group-F975BBBB180C, cid=28, SUCCESS, logIndex=31, commits[e17426b5-147c-49d6-be38-710150ed9248:c34, a2b57e47-6e14-4188-b035-dd43d316fe5c:c30, 61562f27-208f-4909-9070-f45ffa4a26d7:c30]
2019-08-20 16:01:52,692 | INFO  | DNAudit | user=null | ip=null | op=WRITE_CHUNK {blockData=conID: 3 locID: 102650144713474051 bcsId: 0} | ret=SUCCESS |  
2019-08-20 16:01:52,692 | INFO  | DNAudit | user=null | ip=null | op=WRITE_CHUNK {blockData=conID: 3 locID: 102650144713474051 bcsId: 0} | ret=SUCCESS |  
2019-08-20 16:01:52,734 | INFO  | DNAudit | user=null | ip=null | op=PUT_BLOCK {blockData=[blockId=conID: 3 locID: 102650144713474051 bcsId: 0,size=1048576]} | ret=SUCCESS |  
2019-08-20 16:01:52,735 | INFO  | DNAudit | user=null | ip=null | op=WRITE_CHUNK {blockData=conID: 3 locID: 102650144713474051 bcsId: 0} | ret=SUCCESS |  
2019-08-20 16:01:52,736 [grpc-default-executor-0] INFO  client.GrpcClientProtocolClient (GrpcClientProtocolClient.java:onNext(255)) - client-3B7CAF572576->e17426b5-147c-49d6-be38-710150ed9248: receive RaftClientReply:client-3B7CAF572576->e17426b5-147c-49d6-be38-710150ed9248@group-F975BBBB180C, cid=29, SUCCESS, logIndex=32, commits[e17426b5-147c-49d6-be38-710150ed9248:c36, a2b57e47-6e14-4188-b035-dd43d316fe5c:c34, 61562f27-208f-4909-9070-f45ffa4a26d7:c34]
2019-08-20 16:01:52,738 [grpc-default-executor-0] INFO  client.GrpcClientProtocolClient (GrpcClientProtocolClient.java:onNext(255)) - client-3B7CAF572576->e17426b5-147c-49d6-be38-710150ed9248: receive RaftClientReply:client-3B7CAF572576->e17426b5-147c-49d6-be38-710150ed9248@group-F975BBBB180C, cid=30, SUCCESS, logIndex=33, commits[e17426b5-147c-49d6-be38-710150ed9248:c36, a2b57e47-6e14-4188-b035-dd43d316fe5c:c34, 61562f27-208f-4909-9070-f45ffa4a26d7:c34]
2019-08-20 16:01:52,803 | INFO  | DNAudit | user=null | ip=null | op=PUT_BLOCK {blockData=[blockId=conID: 3 locID: 102650144713474051 bcsId: 0,size=1048576]} | ret=SUCCESS |  
2019-08-20 16:01:52,804 | INFO  | DNAudit | user=null | ip=null | op=WRITE_CHUNK {blockData=conID: 3 locID: 102650144713474051 bcsId: 0} | ret=SUCCESS |  
2019-08-20 16:01:52,858 | INFO  | DNAudit | user=null | ip=null | op=PUT_BLOCK {blockData=[blockId=conID: 3 locID: 102650144713474051 bcsId: 0,size=1048576]} | ret=SUCCESS |  
2019-08-20 16:01:52,858 | INFO  | DNAudit | user=null | ip=null | op=PUT_BLOCK {blockData=[blockId=conID: 3 locID: 102650144713474051 bcsId: 0,size=2097152]} | ret=SUCCESS |  
2019-08-20 16:01:52,858 | INFO  | DNAudit | user=null | ip=null | op=PUT_BLOCK {blockData=[blockId=conID: 3 locID: 102650144713474051 bcsId: 0,size=2097152]} | ret=SUCCESS |  
2019-08-20 16:01:52,859 | INFO  | DNAudit | user=null | ip=null | op=WRITE_CHUNK {blockData=conID: 3 locID: 102650144713474051 bcsId: 0} | ret=SUCCESS |  
2019-08-20 16:01:52,860 | INFO  | DNAudit | user=null | ip=null | op=PUT_BLOCK {blockData=[blockId=conID: 3 locID: 102650144713474051 bcsId: 0,size=2097152]} | ret=SUCCESS |  
2019-08-20 16:01:52,861 [grpc-default-executor-0] INFO  client.GrpcClientProtocolClient (GrpcClientProtocolClient.java:onNext(255)) - client-3B7CAF572576->e17426b5-147c-49d6-be38-710150ed9248: receive RaftClientReply:client-3B7CAF572576->e17426b5-147c-49d6-be38-710150ed9248@group-F975BBBB180C, cid=31, SUCCESS, logIndex=34, commits[e17426b5-147c-49d6-be38-710150ed9248:c36, a2b57e47-6e14-4188-b035-dd43d316fe5c:c34, 61562f27-208f-4909-9070-f45ffa4a26d7:c34]
2019-08-20 16:01:52,880 | INFO  | DNAudit | user=null | ip=null | op=WRITE_CHUNK {blockData=conID: 3 locID: 102650144713474051 bcsId: 34} | ret=SUCCESS |  
2019-08-20 16:01:52,889 | INFO  | DNAudit | user=null | ip=null | op=WRITE_CHUNK {blockData=conID: 3 locID: 102650144713474051 bcsId: 34} | ret=SUCCESS |  
2019-08-20 16:01:52,889 | INFO  | DNAudit | user=null | ip=null | op=WRITE_CHUNK {blockData=conID: 3 locID: 102650144713474051 bcsId: 34} | ret=SUCCESS |  
2019-08-20 16:01:52,891 | INFO  | DNAudit | user=null | ip=null | op=WRITE_CHUNK {blockData=conID: 3 locID: 102650144713474051 bcsId: 34} | ret=SUCCESS |  
2019-08-20 16:01:52,898 | INFO  | DNAudit | user=null | ip=null | op=WRITE_CHUNK {blockData=conID: 3 locID: 102650144713474051 bcsId: 34} | ret=SUCCESS |  
2019-08-20 16:01:52,899 | INFO  | DNAudit | user=null | ip=null | op=PUT_BLOCK {blockData=[blockId=conID: 3 locID: 102650144713474051 bcsId: 0,size=3145728]} | ret=SUCCESS |  
2019-08-20 16:01:52,899 [grpc-default-executor-1] INFO  client.GrpcClientProtocolClient (GrpcClientProtocolClient.java:onNext(255)) - client-3B7CAF572576->e17426b5-147c-49d6-be38-710150ed9248: receive RaftClientReply:client-3B7CAF572576->e17426b5-147c-49d6-be38-710150ed9248@group-F975BBBB180C, cid=32, SUCCESS, logIndex=37, commits[e17426b5-147c-49d6-be38-710150ed9248:c38, a2b57e47-6e14-4188-b035-dd43d316fe5c:c36, 61562f27-208f-4909-9070-f45ffa4a26d7:c36]
2019-08-20 16:01:52,900 | INFO  | DNAudit | user=null | ip=null | op=WRITE_CHUNK {blockData=conID: 3 locID: 102650144713474051 bcsId: 34} | ret=SUCCESS |  
2019-08-20 16:01:52,900 | INFO  | DNAudit | user=null | ip=null | op=WRITE_CHUNK {blockData=conID: 3 locID: 102650144713474051 bcsId: 34} | ret=SUCCESS |  
2019-08-20 16:01:52,900 [grpc-default-executor-1] INFO  client.GrpcClientProtocolClient (GrpcClientProtocolClient.java:onNext(255)) - client-3B7CAF572576->e17426b5-147c-49d6-be38-710150ed9248: receive RaftClientReply:client-3B7CAF572576->e17426b5-147c-49d6-be38-710150ed9248@group-F975BBBB180C, cid=33, SUCCESS, logIndex=38, commits[e17426b5-147c-49d6-be38-710150ed9248:c38, a2b57e47-6e14-4188-b035-dd43d316fe5c:c36, 61562f27-208f-4909-9070-f45ffa4a26d7:c36]
2019-08-20 16:01:52,908 | INFO  | DNAudit | user=null | ip=null | op=WRITE_CHUNK {blockData=conID: 3 locID: 102650144713474051 bcsId: 34} | ret=SUCCESS |  
2019-08-20 16:01:52,908 | INFO  | DNAudit | user=null | ip=null | op=WRITE_CHUNK {blockData=conID: 3 locID: 102650144713474051 bcsId: 34} | ret=SUCCESS |  
2019-08-20 16:01:52,909 | INFO  | DNAudit | user=null | ip=null | op=PUT_BLOCK {blockData=[blockId=conID: 3 locID: 102650144713474051 bcsId: 0,size=3145728]} | ret=SUCCESS |  
2019-08-20 16:01:52,909 | INFO  | DNAudit | user=null | ip=null | op=PUT_BLOCK {blockData=[blockId=conID: 3 locID: 102650144713474051 bcsId: 0,size=3145728]} | ret=SUCCESS |  
2019-08-20 16:01:52,909 | INFO  | DNAudit | user=null | ip=null | op=WRITE_CHUNK {blockData=conID: 3 locID: 102650144713474051 bcsId: 34} | ret=SUCCESS |  
2019-08-20 16:01:52,910 | INFO  | DNAudit | user=null | ip=null | op=PUT_BLOCK {blockData=[blockId=conID: 3 locID: 102650144713474051 bcsId: 0,size=4194304]} | ret=SUCCESS |  
2019-08-20 16:01:52,910 [grpc-default-executor-4] INFO  client.GrpcClientProtocolClient (GrpcClientProtocolClient.java:onNext(255)) - client-3B7CAF572576->e17426b5-147c-49d6-be38-710150ed9248: receive RaftClientReply:client-3B7CAF572576->e17426b5-147c-49d6-be38-710150ed9248@group-F975BBBB180C, cid=34, SUCCESS, logIndex=39, commits[e17426b5-147c-49d6-be38-710150ed9248:c42, a2b57e47-6e14-4188-b035-dd43d316fe5c:c38, 61562f27-208f-4909-9070-f45ffa4a26d7:c36]
2019-08-20 16:01:52,911 [grpc-default-executor-4] INFO  client.GrpcClientProtocolClient (GrpcClientProtocolClient.java:onNext(255)) - client-3B7CAF572576->e17426b5-147c-49d6-be38-710150ed9248: receive RaftClientReply:client-3B7CAF572576->e17426b5-147c-49d6-be38-710150ed9248@group-F975BBBB180C, cid=35, SUCCESS, logIndex=40, commits[e17426b5-147c-49d6-be38-710150ed9248:c42, a2b57e47-6e14-4188-b035-dd43d316fe5c:c38, 61562f27-208f-4909-9070-f45ffa4a26d7:c38]
2019-08-20 16:01:52,922 | INFO  | DNAudit | user=null | ip=null | op=WRITE_CHUNK {blockData=conID: 3 locID: 102650144713474051 bcsId: 34} | ret=SUCCESS |  
2019-08-20 16:01:52,922 | INFO  | DNAudit | user=null | ip=null | op=WRITE_CHUNK {blockData=conID: 3 locID: 102650144713474051 bcsId: 34} | ret=SUCCESS |  
2019-08-20 16:01:52,923 | INFO  | DNAudit | user=null | ip=null | op=PUT_BLOCK {blockData=[blockId=conID: 3 locID: 102650144713474051 bcsId: 0,size=4194304]} | ret=SUCCESS |  
2019-08-20 16:01:52,923 | INFO  | DNAudit | user=null | ip=null | op=PUT_BLOCK {blockData=[blockId=conID: 3 locID: 102650144713474051 bcsId: 0,size=4194304]} | ret=SUCCESS |  
2019-08-20 16:01:52,924 [grpc-default-executor-4] INFO  client.GrpcClientProtocolClient (GrpcClientProtocolClient.java:onNext(255)) - client-3B7CAF572576->e17426b5-147c-49d6-be38-710150ed9248: receive RaftClientReply:client-3B7CAF572576->e17426b5-147c-49d6-be38-710150ed9248@group-F975BBBB180C, cid=36, SUCCESS, logIndex=0, commits[e17426b5-147c-49d6-be38-710150ed9248:c43, a2b57e47-6e14-4188-b035-dd43d316fe5c:c40, 61562f27-208f-4909-9070-f45ffa4a26d7:c40]
2019-08-20 16:01:52,936 | INFO  | DNAudit | user=null | ip=null | op=WRITE_CHUNK {blockData=conID: 1 locID: 102650144713670660 bcsId: 0} | ret=SUCCESS |  
2019-08-20 16:01:52,942 | INFO  | DNAudit | user=null | ip=null | op=WRITE_CHUNK {blockData=conID: 1 locID: 102650144713670660 bcsId: 0} | ret=SUCCESS |  
2019-08-20 16:01:52,943 | INFO  | DNAudit | user=null | ip=null | op=WRITE_CHUNK {blockData=conID: 1 locID: 102650144713670660 bcsId: 0} | ret=SUCCESS |  
2019-08-20 16:01:52,944 | INFO  | DNAudit | user=null | ip=null | op=WRITE_CHUNK {blockData=conID: 1 locID: 102650144713670660 bcsId: 0} | ret=SUCCESS |  
2019-08-20 16:01:52,947 | INFO  | DNAudit | user=null | ip=null | op=WRITE_CHUNK {blockData=conID: 1 locID: 102650144713670660 bcsId: 0} | ret=SUCCESS |  
2019-08-20 16:01:52,947 | INFO  | DNAudit | user=null | ip=null | op=WRITE_CHUNK {blockData=conID: 1 locID: 102650144713670660 bcsId: 0} | ret=SUCCESS |  
2019-08-20 16:01:52,951 | INFO  | DNAudit | user=null | ip=null | op=WRITE_CHUNK {blockData=conID: 1 locID: 102650144713670660 bcsId: 0} | ret=SUCCESS |  
2019-08-20 16:01:52,952 | INFO  | DNAudit | user=null | ip=null | op=PUT_BLOCK {blockData=[blockId=conID: 1 locID: 102650144713670660 bcsId: 0,size=1048576]} | ret=SUCCESS |  
2019-08-20 16:01:52,952 [grpc-default-executor-0] INFO  client.GrpcClientProtocolClient (GrpcClientProtocolClient.java:onNext(255)) - client-3B7CAF572576->e17426b5-147c-49d6-be38-710150ed9248: receive RaftClientReply:client-3B7CAF572576->e17426b5-147c-49d6-be38-710150ed9248@group-F975BBBB180C, cid=37, SUCCESS, logIndex=45, commits[e17426b5-147c-49d6-be38-710150ed9248:c48, a2b57e47-6e14-4188-b035-dd43d316fe5c:c44, 61562f27-208f-4909-9070-f45ffa4a26d7:c44]
2019-08-20 16:01:52,953 | INFO  | DNAudit | user=null | ip=null | op=WRITE_CHUNK {blockData=conID: 1 locID: 102650144713670660 bcsId: 0} | ret=SUCCESS |  
2019-08-20 16:01:52,954 | INFO  | DNAudit | user=null | ip=null | op=PUT_BLOCK {blockData=[blockId=conID: 1 locID: 102650144713670660 bcsId: 0,size=2097152]} | ret=SUCCESS |  
2019-08-20 16:01:52,954 [grpc-default-executor-0] INFO  client.GrpcClientProtocolClient (GrpcClientProtocolClient.java:onNext(255)) - client-3B7CAF572576->e17426b5-147c-49d6-be38-710150ed9248: receive RaftClientReply:client-3B7CAF572576->e17426b5-147c-49d6-be38-710150ed9248@group-F975BBBB180C, cid=38, SUCCESS, logIndex=46, commits[e17426b5-147c-49d6-be38-710150ed9248:c48, a2b57e47-6e14-4188-b035-dd43d316fe5c:c44, 61562f27-208f-4909-9070-f45ffa4a26d7:c44]
2019-08-20 16:01:52,954 [grpc-default-executor-0] INFO  client.GrpcClientProtocolClient (GrpcClientProtocolClient.java:onNext(255)) - client-3B7CAF572576->e17426b5-147c-49d6-be38-710150ed9248: receive RaftClientReply:client-3B7CAF572576->e17426b5-147c-49d6-be38-710150ed9248@group-F975BBBB180C, cid=39, SUCCESS, logIndex=47, commits[e17426b5-147c-49d6-be38-710150ed9248:c48, a2b57e47-6e14-4188-b035-dd43d316fe5c:c44, 61562f27-208f-4909-9070-f45ffa4a26d7:c44]
2019-08-20 16:01:52,955 [grpc-default-executor-0] INFO  client.GrpcClientProtocolClient (GrpcClientProtocolClient.java:onNext(255)) - client-3B7CAF572576->e17426b5-147c-49d6-be38-710150ed9248: receive RaftClientReply:client-3B7CAF572576->e17426b5-147c-49d6-be38-710150ed9248@group-F975BBBB180C, cid=40, SUCCESS, logIndex=48, commits[e17426b5-147c-49d6-be38-710150ed9248:c48, a2b57e47-6e14-4188-b035-dd43d316fe5c:c44, 61562f27-208f-4909-9070-f45ffa4a26d7:c44]
2019-08-20 16:01:52,993 | INFO  | DNAudit | user=null | ip=null | op=WRITE_CHUNK {blockData=conID: 1 locID: 102650144713670660 bcsId: 0} | ret=SUCCESS |  
2019-08-20 16:01:52,993 | INFO  | DNAudit | user=null | ip=null | op=WRITE_CHUNK {blockData=conID: 1 locID: 102650144713670660 bcsId: 0} | ret=SUCCESS |  
2019-08-20 16:01:52,994 | INFO  | DNAudit | user=null | ip=null | op=PUT_BLOCK {blockData=[blockId=conID: 1 locID: 102650144713670660 bcsId: 0,size=1048576]} | ret=SUCCESS |  
2019-08-20 16:01:52,995 | INFO  | DNAudit | user=null | ip=null | op=PUT_BLOCK {blockData=[blockId=conID: 1 locID: 102650144713670660 bcsId: 0,size=1048576]} | ret=SUCCESS |  
2019-08-20 16:01:52,995 | INFO  | DNAudit | user=null | ip=null | op=WRITE_CHUNK {blockData=conID: 1 locID: 102650144713670660 bcsId: 0} | ret=SUCCESS |  
2019-08-20 16:01:52,995 | INFO  | DNAudit | user=null | ip=null | op=WRITE_CHUNK {blockData=conID: 1 locID: 102650144713670660 bcsId: 0} | ret=SUCCESS |  
2019-08-20 16:01:52,996 | INFO  | DNAudit | user=null | ip=null | op=PUT_BLOCK {blockData=[blockId=conID: 1 locID: 102650144713670660 bcsId: 0,size=2097152]} | ret=SUCCESS |  
2019-08-20 16:01:52,996 | INFO  | DNAudit | user=null | ip=null | op=PUT_BLOCK {blockData=[blockId=conID: 1 locID: 102650144713670660 bcsId: 0,size=2097152]} | ret=SUCCESS |  
2019-08-20 16:01:52,996 [grpc-default-executor-0] INFO  client.GrpcClientProtocolClient (GrpcClientProtocolClient.java:onNext(255)) - client-3B7CAF572576->e17426b5-147c-49d6-be38-710150ed9248: receive RaftClientReply:client-3B7CAF572576->e17426b5-147c-49d6-be38-710150ed9248@group-F975BBBB180C, cid=41, SUCCESS, logIndex=0, commits[e17426b5-147c-49d6-be38-710150ed9248:c50, a2b57e47-6e14-4188-b035-dd43d316fe5c:c48, 61562f27-208f-4909-9070-f45ffa4a26d7:c48]
2019-08-20 16:01:53,011 | INFO  | DNAudit | user=null | ip=null | op=WRITE_CHUNK {blockData=conID: 1 locID: 102650144713670660 bcsId: 48} | ret=SUCCESS |  
2019-08-20 16:01:53,016 | INFO  | DNAudit | user=null | ip=null | op=WRITE_CHUNK {blockData=conID: 1 locID: 102650144713670660 bcsId: 48} | ret=SUCCESS |  
2019-08-20 16:01:53,016 | INFO  | DNAudit | user=null | ip=null | op=WRITE_CHUNK {blockData=conID: 1 locID: 102650144713670660 bcsId: 48} | ret=SUCCESS |  
2019-08-20 16:01:53,030 | INFO  | DNAudit | user=null | ip=null | op=WRITE_CHUNK {blockData=conID: 1 locID: 102650144713670660 bcsId: 48} | ret=SUCCESS |  
2019-08-20 16:01:53,031 | INFO  | DNAudit | user=null | ip=null | op=PUT_BLOCK {blockData=[blockId=conID: 1 locID: 102650144713670660 bcsId: 0,size=3145728]} | ret=SUCCESS |  
2019-08-20 16:01:53,032 [grpc-default-executor-3] INFO  client.GrpcClientProtocolClient (GrpcClientProtocolClient.java:onNext(255)) - client-3B7CAF572576->e17426b5-147c-49d6-be38-710150ed9248: receive RaftClientReply:client-3B7CAF572576->e17426b5-147c-49d6-be38-710150ed9248@group-F975BBBB180C, cid=42, SUCCESS, logIndex=51, commits[e17426b5-147c-49d6-be38-710150ed9248:c52, a2b57e47-6e14-4188-b035-dd43d316fe5c:c50, 61562f27-208f-4909-9070-f45ffa4a26d7:c50]
2019-08-20 16:01:53,033 [grpc-default-executor-3] INFO  client.GrpcClientProtocolClient (GrpcClientProtocolClient.java:onNext(255)) - client-3B7CAF572576->e17426b5-147c-49d6-be38-710150ed9248: receive RaftClientReply:client-3B7CAF572576->e17426b5-147c-49d6-be38-710150ed9248@group-F975BBBB180C, cid=43, SUCCESS, logIndex=52, commits[e17426b5-147c-49d6-be38-710150ed9248:c52, a2b57e47-6e14-4188-b035-dd43d316fe5c:c50, 61562f27-208f-4909-9070-f45ffa4a26d7:c50]
2019-08-20 16:01:53,042 | INFO  | DNAudit | user=null | ip=null | op=WRITE_CHUNK {blockData=conID: 1 locID: 102650144713670660 bcsId: 48} | ret=SUCCESS |  
2019-08-20 16:01:53,042 | INFO  | DNAudit | user=null | ip=null | op=WRITE_CHUNK {blockData=conID: 1 locID: 102650144713670660 bcsId: 48} | ret=SUCCESS |  
2019-08-20 16:01:53,043 | INFO  | DNAudit | user=null | ip=null | op=PUT_BLOCK {blockData=[blockId=conID: 1 locID: 102650144713670660 bcsId: 0,size=3145728]} | ret=SUCCESS |  
2019-08-20 16:01:53,043 | INFO  | DNAudit | user=null | ip=null | op=PUT_BLOCK {blockData=[blockId=conID: 1 locID: 102650144713670660 bcsId: 0,size=3145728]} | ret=SUCCESS |  
2019-08-20 16:01:53,044 | INFO  | DNAudit | user=null | ip=null | op=WRITE_CHUNK {blockData=conID: 1 locID: 102650144713670660 bcsId: 52} | ret=SUCCESS |  
2019-08-20 16:01:53,048 | INFO  | DNAudit | user=null | ip=null | op=WRITE_CHUNK {blockData=conID: 1 locID: 102650144713670660 bcsId: 52} | ret=SUCCESS |  
2019-08-20 16:01:53,048 | INFO  | DNAudit | user=null | ip=null | op=WRITE_CHUNK {blockData=conID: 1 locID: 102650144713670660 bcsId: 52} | ret=SUCCESS |  
2019-08-20 16:01:53,060 | INFO  | DNAudit | user=null | ip=null | op=WRITE_CHUNK {blockData=conID: 1 locID: 102650144713670660 bcsId: 52} | ret=SUCCESS |  
2019-08-20 16:01:53,061 | INFO  | DNAudit | user=null | ip=null | op=PUT_BLOCK {blockData=[blockId=conID: 1 locID: 102650144713670660 bcsId: 0,size=4194304]} | ret=SUCCESS |  
2019-08-20 16:01:53,061 [grpc-default-executor-0] INFO  client.GrpcClientProtocolClient (GrpcClientProtocolClient.java:onNext(255)) - client-3B7CAF572576->e17426b5-147c-49d6-be38-710150ed9248: receive RaftClientReply:client-3B7CAF572576->e17426b5-147c-49d6-be38-710150ed9248@group-F975BBBB180C, cid=44, SUCCESS, logIndex=55, commits[e17426b5-147c-49d6-be38-710150ed9248:c56, a2b57e47-6e14-4188-b035-dd43d316fe5c:c53, 61562f27-208f-4909-9070-f45ffa4a26d7:c53]
2019-08-20 16:01:53,062 [grpc-default-executor-0] INFO  client.GrpcClientProtocolClient (GrpcClientProtocolClient.java:onNext(255)) - client-3B7CAF572576->e17426b5-147c-49d6-be38-710150ed9248: receive RaftClientReply:client-3B7CAF572576->e17426b5-147c-49d6-be38-710150ed9248@group-F975BBBB180C, cid=45, SUCCESS, logIndex=56, commits[e17426b5-147c-49d6-be38-710150ed9248:c56, a2b57e47-6e14-4188-b035-dd43d316fe5c:c53, 61562f27-208f-4909-9070-f45ffa4a26d7:c53]
2019-08-20 16:01:53,071 | INFO  | DNAudit | user=null | ip=null | op=WRITE_CHUNK {blockData=conID: 1 locID: 102650144713670660 bcsId: 52} | ret=SUCCESS |  
2019-08-20 16:01:53,071 | INFO  | DNAudit | user=null | ip=null | op=WRITE_CHUNK {blockData=conID: 1 locID: 102650144713670660 bcsId: 52} | ret=SUCCESS |  
2019-08-20 16:01:53,072 | INFO  | DNAudit | user=null | ip=null | op=PUT_BLOCK {blockData=[blockId=conID: 1 locID: 102650144713670660 bcsId: 0,size=4194304]} | ret=SUCCESS |  
2019-08-20 16:01:53,072 | INFO  | DNAudit | user=null | ip=null | op=PUT_BLOCK {blockData=[blockId=conID: 1 locID: 102650144713670660 bcsId: 0,size=4194304]} | ret=SUCCESS |  
2019-08-20 16:01:53,072 [grpc-default-executor-3] INFO  client.GrpcClientProtocolClient (GrpcClientProtocolClient.java:onNext(255)) - client-3B7CAF572576->e17426b5-147c-49d6-be38-710150ed9248: receive RaftClientReply:client-3B7CAF572576->e17426b5-147c-49d6-be38-710150ed9248@group-F975BBBB180C, cid=46, SUCCESS, logIndex=0, commits[e17426b5-147c-49d6-be38-710150ed9248:c56, a2b57e47-6e14-4188-b035-dd43d316fe5c:c56, 61562f27-208f-4909-9070-f45ffa4a26d7:c56]
2019-08-20 16:01:53,083 | INFO  | DNAudit | user=null | ip=null | op=WRITE_CHUNK {blockData=conID: 2 locID: 102650144713670661 bcsId: 0} | ret=SUCCESS |  
2019-08-20 16:01:53,089 | INFO  | DNAudit | user=null | ip=null | op=WRITE_CHUNK {blockData=conID: 2 locID: 102650144713670661 bcsId: 0} | ret=SUCCESS |  
2019-08-20 16:01:53,090 | INFO  | DNAudit | user=null | ip=null | op=WRITE_CHUNK {blockData=conID: 2 locID: 102650144713670661 bcsId: 0} | ret=SUCCESS |  
2019-08-20 16:01:53,091 | INFO  | DNAudit | user=null | ip=null | op=WRITE_CHUNK {blockData=conID: 2 locID: 102650144713670661 bcsId: 0} | ret=SUCCESS |  
2019-08-20 16:01:53,095 | INFO  | DNAudit | user=null | ip=null | op=WRITE_CHUNK {blockData=conID: 2 locID: 102650144713670661 bcsId: 0} | ret=SUCCESS |  
2019-08-20 16:01:53,096 | INFO  | DNAudit | user=null | ip=null | op=WRITE_CHUNK {blockData=conID: 2 locID: 102650144713670661 bcsId: 0} | ret=SUCCESS |  
2019-08-20 16:01:53,098 | INFO  | DNAudit | user=null | ip=null | op=WRITE_CHUNK {blockData=conID: 2 locID: 102650144713670661 bcsId: 0} | ret=SUCCESS |  
2019-08-20 16:01:53,099 | INFO  | DNAudit | user=null | ip=null | op=PUT_BLOCK {blockData=[blockId=conID: 2 locID: 102650144713670661 bcsId: 0,size=1048576]} | ret=SUCCESS |  
2019-08-20 16:01:53,099 [grpc-default-executor-3] INFO  client.GrpcClientProtocolClient (GrpcClientProtocolClient.java:onNext(255)) - client-3B7CAF572576->e17426b5-147c-49d6-be38-710150ed9248: receive RaftClientReply:client-3B7CAF572576->e17426b5-147c-49d6-be38-710150ed9248@group-F975BBBB180C, cid=47, SUCCESS, logIndex=59, commits[e17426b5-147c-49d6-be38-710150ed9248:c60, a2b57e47-6e14-4188-b035-dd43d316fe5c:c58, 61562f27-208f-4909-9070-f45ffa4a26d7:c58]
2019-08-20 16:01:53,100 [grpc-default-executor-3] INFO  client.GrpcClientProtocolClient (GrpcClientProtocolClient.java:onNext(255)) - client-3B7CAF572576->e17426b5-147c-49d6-be38-710150ed9248: receive RaftClientReply:client-3B7CAF572576->e17426b5-147c-49d6-be38-710150ed9248@group-F975BBBB180C, cid=48, SUCCESS, logIndex=60, commits[e17426b5-147c-49d6-be38-710150ed9248:c60, a2b57e47-6e14-4188-b035-dd43d316fe5c:c58, 61562f27-208f-4909-9070-f45ffa4a26d7:c58]
2019-08-20 16:01:53,109 | INFO  | DNAudit | user=null | ip=null | op=WRITE_CHUNK {blockData=conID: 2 locID: 102650144713670661 bcsId: 0} | ret=SUCCESS |  
2019-08-20 16:01:53,110 | INFO  | DNAudit | user=null | ip=null | op=PUT_BLOCK {blockData=[blockId=conID: 2 locID: 102650144713670661 bcsId: 0,size=2097152]} | ret=SUCCESS |  
2019-08-20 16:01:53,110 [grpc-default-executor-3] INFO  client.GrpcClientProtocolClient (GrpcClientProtocolClient.java:onNext(255)) - client-3B7CAF572576->e17426b5-147c-49d6-be38-710150ed9248: receive RaftClientReply:client-3B7CAF572576->e17426b5-147c-49d6-be38-710150ed9248@group-F975BBBB180C, cid=49, SUCCESS, logIndex=61, commits[e17426b5-147c-49d6-be38-710150ed9248:c62, a2b57e47-6e14-4188-b035-dd43d316fe5c:c58, 61562f27-208f-4909-9070-f45ffa4a26d7:c58]
2019-08-20 16:01:53,111 [grpc-default-executor-3] INFO  client.GrpcClientProtocolClient (GrpcClientProtocolClient.java:onNext(255)) - client-3B7CAF572576->e17426b5-147c-49d6-be38-710150ed9248: receive RaftClientReply:client-3B7CAF572576->e17426b5-147c-49d6-be38-710150ed9248@group-F975BBBB180C, cid=50, SUCCESS, logIndex=62, commits[e17426b5-147c-49d6-be38-710150ed9248:c62, a2b57e47-6e14-4188-b035-dd43d316fe5c:c58, 61562f27-208f-4909-9070-f45ffa4a26d7:c58]
2019-08-20 16:01:53,120 | INFO  | DNAudit | user=null | ip=null | op=WRITE_CHUNK {blockData=conID: 2 locID: 102650144713670661 bcsId: 0} | ret=SUCCESS |  
2019-08-20 16:01:53,121 | INFO  | DNAudit | user=null | ip=null | op=PUT_BLOCK {blockData=[blockId=conID: 2 locID: 102650144713670661 bcsId: 0,size=1048576]} | ret=SUCCESS |  
2019-08-20 16:01:53,122 | INFO  | DNAudit | user=null | ip=null | op=WRITE_CHUNK {blockData=conID: 2 locID: 102650144713670661 bcsId: 0} | ret=SUCCESS |  
2019-08-20 16:01:53,123 | INFO  | DNAudit | user=null | ip=null | op=PUT_BLOCK {blockData=[blockId=conID: 2 locID: 102650144713670661 bcsId: 0,size=1048576]} | ret=SUCCESS |  
2019-08-20 16:01:53,124 | INFO  | DNAudit | user=null | ip=null | op=WRITE_CHUNK {blockData=conID: 2 locID: 102650144713670661 bcsId: 0} | ret=SUCCESS |  
2019-08-20 16:01:53,124 [grpc-default-executor-3] INFO  client.GrpcClientProtocolClient (GrpcClientProtocolClient.java:onNext(255)) - client-3B7CAF572576->e17426b5-147c-49d6-be38-710150ed9248: receive RaftClientReply:client-3B7CAF572576->e17426b5-147c-49d6-be38-710150ed9248@group-F975BBBB180C, cid=51, SUCCESS, logIndex=0, commits[e17426b5-147c-49d6-be38-710150ed9248:c64, a2b57e47-6e14-4188-b035-dd43d316fe5c:c60, 61562f27-208f-4909-9070-f45ffa4a26d7:c60]
2019-08-20 16:01:53,124 | INFO  | DNAudit | user=null | ip=null | op=PUT_BLOCK {blockData=[blockId=conID: 2 locID: 102650144713670661 bcsId: 0,size=2097152]} | ret=SUCCESS |  
2019-08-20 16:01:53,133 | INFO  | DNAudit | user=null | ip=null | op=WRITE_CHUNK {blockData=conID: 2 locID: 102650144713670661 bcsId: 0} | ret=SUCCESS |  
2019-08-20 16:01:53,134 | INFO  | DNAudit | user=null | ip=null | op=PUT_BLOCK {blockData=[blockId=conID: 2 locID: 102650144713670661 bcsId: 0,size=2097152]} | ret=SUCCESS |  
2019-08-20 16:01:53,135 | INFO  | DNAudit | user=null | ip=null | op=WRITE_CHUNK {blockData=conID: 2 locID: 102650144713670661 bcsId: 62} | ret=SUCCESS |  
2019-08-20 16:01:53,138 | INFO  | DNAudit | user=null | ip=null | op=WRITE_CHUNK {blockData=conID: 2 locID: 102650144713670661 bcsId: 62} | ret=SUCCESS |  
2019-08-20 16:01:53,139 | INFO  | DNAudit | user=null | ip=null | op=WRITE_CHUNK {blockData=conID: 2 locID: 102650144713670661 bcsId: 62} | ret=SUCCESS |  
2019-08-20 16:01:53,149 | INFO  | DNAudit | user=null | ip=null | op=WRITE_CHUNK {blockData=conID: 2 locID: 102650144713670661 bcsId: 62} | ret=SUCCESS |  
2019-08-20 16:01:53,150 | INFO  | DNAudit | user=null | ip=null | op=PUT_BLOCK {blockData=[blockId=conID: 2 locID: 102650144713670661 bcsId: 0,size=3145728]} | ret=SUCCESS |  
2019-08-20 16:01:53,151 [grpc-default-executor-0] INFO  client.GrpcClientProtocolClient (GrpcClientProtocolClient.java:onNext(255)) - client-3B7CAF572576->e17426b5-147c-49d6-be38-710150ed9248: receive RaftClientReply:client-3B7CAF572576->e17426b5-147c-49d6-be38-710150ed9248@group-F975BBBB180C, cid=52, SUCCESS, logIndex=67, commits[e17426b5-147c-49d6-be38-710150ed9248:c68, a2b57e47-6e14-4188-b035-dd43d316fe5c:c65, 61562f27-208f-4909-9070-f45ffa4a26d7:c65]
2019-08-20 16:01:53,152 | INFO  | DNAudit | user=null | ip=null | op=WRITE_CHUNK {blockData=conID: 2 locID: 102650144713670661 bcsId: 62} | ret=SUCCESS |  
2019-08-20 16:01:53,152 | INFO  | DNAudit | user=null | ip=null | op=WRITE_CHUNK {blockData=conID: 2 locID: 102650144713670661 bcsId: 62} | ret=SUCCESS |  
2019-08-20 16:01:53,152 [grpc-default-executor-0] INFO  client.GrpcClientProtocolClient (GrpcClientProtocolClient.java:onNext(255)) - client-3B7CAF572576->e17426b5-147c-49d6-be38-710150ed9248: receive RaftClientReply:client-3B7CAF572576->e17426b5-147c-49d6-be38-710150ed9248@group-F975BBBB180C, cid=53, SUCCESS, logIndex=68, commits[e17426b5-147c-49d6-be38-710150ed9248:c68, a2b57e47-6e14-4188-b035-dd43d316fe5c:c65, 61562f27-208f-4909-9070-f45ffa4a26d7:c65]
2019-08-20 16:01:53,153 | INFO  | DNAudit | user=null | ip=null | op=PUT_BLOCK {blockData=[blockId=conID: 2 locID: 102650144713670661 bcsId: 0,size=3145728]} | ret=SUCCESS |  
2019-08-20 16:01:53,153 | INFO  | DNAudit | user=null | ip=null | op=PUT_BLOCK {blockData=[blockId=conID: 2 locID: 102650144713670661 bcsId: 0,size=3145728]} | ret=SUCCESS |  
2019-08-20 16:01:53,162 | INFO  | DNAudit | user=null | ip=null | op=WRITE_CHUNK {blockData=conID: 2 locID: 102650144713670661 bcsId: 68} | ret=SUCCESS |  
2019-08-20 16:01:53,167 | INFO  | DNAudit | user=null | ip=null | op=WRITE_CHUNK {blockData=conID: 2 locID: 102650144713670661 bcsId: 68} | ret=SUCCESS |  
2019-08-20 16:01:53,167 | INFO  | DNAudit | user=null | ip=null | op=WRITE_CHUNK {blockData=conID: 2 locID: 102650144713670661 bcsId: 68} | ret=SUCCESS |  
2019-08-20 16:01:53,176 | INFO  | DNAudit | user=null | ip=null | op=WRITE_CHUNK {blockData=conID: 2 locID: 102650144713670661 bcsId: 68} | ret=SUCCESS |  
2019-08-20 16:01:53,178 | INFO  | DNAudit | user=null | ip=null | op=PUT_BLOCK {blockData=[blockId=conID: 2 locID: 102650144713670661 bcsId: 0,size=4194304]} | ret=SUCCESS |  
2019-08-20 16:01:53,178 [grpc-default-executor-3] INFO  client.GrpcClientProtocolClient (GrpcClientProtocolClient.java:onNext(255)) - client-3B7CAF572576->e17426b5-147c-49d6-be38-710150ed9248: receive RaftClientReply:client-3B7CAF572576->e17426b5-147c-49d6-be38-710150ed9248@group-F975BBBB180C, cid=54, SUCCESS, logIndex=71, commits[e17426b5-147c-49d6-be38-710150ed9248:c72, a2b57e47-6e14-4188-b035-dd43d316fe5c:c70, 61562f27-208f-4909-9070-f45ffa4a26d7:c70]
2019-08-20 16:01:53,179 [grpc-default-executor-3] INFO  client.GrpcClientProtocolClient (GrpcClientProtocolClient.java:onNext(255)) - client-3B7CAF572576->e17426b5-147c-49d6-be38-710150ed9248: receive RaftClientReply:client-3B7CAF572576->e17426b5-147c-49d6-be38-710150ed9248@group-F975BBBB180C, cid=55, SUCCESS, logIndex=72, commits[e17426b5-147c-49d6-be38-710150ed9248:c72, a2b57e47-6e14-4188-b035-dd43d316fe5c:c70, 61562f27-208f-4909-9070-f45ffa4a26d7:c70]
2019-08-20 16:01:53,189 | INFO  | DNAudit | user=null | ip=null | op=WRITE_CHUNK {blockData=conID: 2 locID: 102650144713670661 bcsId: 68} | ret=SUCCESS |  
2019-08-20 16:01:53,189 | INFO  | DNAudit | user=null | ip=null | op=WRITE_CHUNK {blockData=conID: 2 locID: 102650144713670661 bcsId: 68} | ret=SUCCESS |  
2019-08-20 16:01:53,190 | INFO  | DNAudit | user=null | ip=null | op=PUT_BLOCK {blockData=[blockId=conID: 2 locID: 102650144713670661 bcsId: 0,size=4194304]} | ret=SUCCESS |  
2019-08-20 16:01:53,190 | INFO  | DNAudit | user=null | ip=null | op=PUT_BLOCK {blockData=[blockId=conID: 2 locID: 102650144713670661 bcsId: 0,size=4194304]} | ret=SUCCESS |  
2019-08-20 16:01:53,191 [grpc-default-executor-3] INFO  client.GrpcClientProtocolClient (GrpcClientProtocolClient.java:onNext(255)) - client-3B7CAF572576->e17426b5-147c-49d6-be38-710150ed9248: receive RaftClientReply:client-3B7CAF572576->e17426b5-147c-49d6-be38-710150ed9248@group-F975BBBB180C, cid=56, SUCCESS, logIndex=0, commits[e17426b5-147c-49d6-be38-710150ed9248:c73, a2b57e47-6e14-4188-b035-dd43d316fe5c:c72, 61562f27-208f-4909-9070-f45ffa4a26d7:c72]
2019-08-20 16:01:53,206 | INFO  | OMAudit | user=jenkins1000 | ip=127.0.0.1 | op=COMMIT_KEY {volume=vol-0-65900, bucket=bucket-0-45317, key=key-0-03095, dataSize=20971520, replicationType=null, replicationFactor=null, keyLocationInfo=[{blockID={containerID=1, localID=102650144713146369}, length=4194304, offset=0, token=null, pipeline=Pipeline[ Id: 55ccc3c8-3456-40ef-8e9d-f975bbbb180c, Nodes: a2b57e47-6e14-4188-b035-dd43d316fe5c{ip: 192.168.69.96, host: pr-hdds-1946lgncr-3764977478, networkLocation: /default-rack, certSerialId: null}61562f27-208f-4909-9070-f45ffa4a26d7{ip: 192.168.69.96, host: pr-hdds-1946lgncr-3764977478, networkLocation: /default-rack, certSerialId: null}e17426b5-147c-49d6-be38-710150ed9248{ip: 192.168.69.96, host: pr-hdds-1946lgncr-3764977478, networkLocation: /default-rack, certSerialId: null}, Type:RATIS, Factor:THREE, State:OPEN], createVersion=0}, {blockID={containerID=2, localID=102650144713474050}, length=4194304, offset=0, token=null, pipeline=Pipeline[ Id: 55ccc3c8-3456-40ef-8e9d-f975bbbb180c, Nodes: a2b57e47-6e14-4188-b035-dd43d316fe5c{ip: 192.168.69.96, host: pr-hdds-1946lgncr-3764977478, networkLocation: /default-rack, certSerialId: null}61562f27-208f-4909-9070-f45ffa4a26d7{ip: 192.168.69.96, host: pr-hdds-1946lgncr-3764977478, networkLocation: /default-rack, certSerialId: null}e17426b5-147c-49d6-be38-710150ed9248{ip: 192.168.69.96, host: pr-hdds-1946lgncr-3764977478, networkLocation: /default-rack, certSerialId: null}, Type:RATIS, Factor:THREE, State:OPEN], createVersion=0}, {blockID={containerID=3, localID=102650144713474051}, length=4194304, offset=0, token=null, pipeline=Pipeline[ Id: 55ccc3c8-3456-40ef-8e9d-f975bbbb180c, Nodes: a2b57e47-6e14-4188-b035-dd43d316fe5c{ip: 192.168.69.96, host: pr-hdds-1946lgncr-3764977478, networkLocation: /default-rack, certSerialId: null}61562f27-208f-4909-9070-f45ffa4a26d7{ip: 192.168.69.96, host: pr-hdds-1946lgncr-3764977478, networkLocation: /default-rack, certSerialId: null}e17426b5-147c-49d6-be38-710150ed9248{ip: 192.168.69.96, host: pr-hdds-1946lgncr-3764977478, networkLocation: /default-rack, certSerialId: null}, Type:RATIS, Factor:THREE, State:OPEN], createVersion=0}, {blockID={containerID=1, localID=102650144713670660}, length=4194304, offset=0, token=null, pipeline=Pipeline[ Id: 55ccc3c8-3456-40ef-8e9d-f975bbbb180c, Nodes: a2b57e47-6e14-4188-b035-dd43d316fe5c{ip: 192.168.69.96, host: pr-hdds-1946lgncr-3764977478, networkLocation: /default-rack, certSerialId: null}61562f27-208f-4909-9070-f45ffa4a26d7{ip: 192.168.69.96, host: pr-hdds-1946lgncr-3764977478, networkLocation: /default-rack, certSerialId: null}e17426b5-147c-49d6-be38-710150ed9248{ip: 192.168.69.96, host: pr-hdds-1946lgncr-3764977478, networkLocation: /default-rack, certSerialId: null}, Type:RATIS, Factor:THREE, State:OPEN], createVersion=0}, {blockID={containerID=2, localID=102650144713670661}, length=4194304, offset=0, token=null, pipeline=Pipeline[ Id: 55ccc3c8-3456-40ef-8e9d-f975bbbb180c, Nodes: a2b57e47-6e14-4188-b035-dd43d316fe5c{ip: 192.168.69.96, host: pr-hdds-1946lgncr-3764977478, networkLocation: /default-rack, certSerialId: null}61562f27-208f-4909-9070-f45ffa4a26d7{ip: 192.168.69.96, host: pr-hdds-1946lgncr-3764977478, networkLocation: /default-rack, certSerialId: null}e17426b5-147c-49d6-be38-710150ed9248{ip: 192.168.69.96, host: pr-hdds-1946lgncr-3764977478, networkLocation: /default-rack, certSerialId: null}, Type:RATIS, Factor:THREE, State:OPEN], createVersion=0}], clientID=102650144140230656} | ret=SUCCESS |  
2019-08-20 16:01:53,219 | INFO  | SCMAudit | user=jenkins1000 | ip=192.168.69.96 | op=GET_CONTAINER_WITH_PIPELINE {containerID=#1} | ret=SUCCESS |  
2019-08-20 16:01:53,227 | INFO  | SCMAudit | user=jenkins1000 | ip=192.168.69.96 | op=GET_CONTAINER_WITH_PIPELINE {containerID=#2} | ret=SUCCESS |  
2019-08-20 16:01:53,230 | INFO  | SCMAudit | user=jenkins1000 | ip=192.168.69.96 | op=GET_CONTAINER_WITH_PIPELINE {containerID=#3} | ret=SUCCESS |  
2019-08-20 16:01:53,232 | INFO  | SCMAudit | user=jenkins1000 | ip=192.168.69.96 | op=GET_CONTAINER_WITH_PIPELINE {containerID=#1} | ret=SUCCESS |  
2019-08-20 16:01:53,234 | INFO  | SCMAudit | user=jenkins1000 | ip=192.168.69.96 | op=GET_CONTAINER_WITH_PIPELINE {containerID=#2} | ret=SUCCESS |  
2019-08-20 16:01:53,234 | INFO  | OMAudit | user=jenkins1000 | ip=127.0.0.1 | op=READ_KEY {volume=vol-0-65900, bucket=bucket-0-45317, key=key-0-03095, dataSize=0, replicationType=null, replicationFactor=null, keyLocationInfo=null} | ret=SUCCESS |  
2019-08-20 16:01:53,311 | INFO  | DNAudit | user=null | ip=null | op=GET_BLOCK {blockData=conID: 1 locID: 102650144713146369 bcsId: 12} | ret=SUCCESS |  
2019-08-20 16:01:53,341 | INFO  | DNAudit | user=null | ip=null | op=READ_CHUNK {blockData=conID: 1 locID: 102650144713146369 bcsId: 12} | ret=SUCCESS |  
2019-08-20 16:01:53,376 | INFO  | DNAudit | user=null | ip=null | op=READ_CHUNK {blockData=conID: 1 locID: 102650144713146369 bcsId: 12} | ret=SUCCESS |  
2019-08-20 16:01:53,398 | INFO  | DNAudit | user=null | ip=null | op=READ_CHUNK {blockData=conID: 1 locID: 102650144713146369 bcsId: 12} | ret=SUCCESS |  
2019-08-20 16:01:53,417 | INFO  | DNAudit | user=null | ip=null | op=READ_CHUNK {blockData=conID: 1 locID: 102650144713146369 bcsId: 12} | ret=SUCCESS |  
2019-08-20 16:01:53,438 | INFO  | DNAudit | user=null | ip=null | op=GET_BLOCK {blockData=conID: 2 locID: 102650144713474050 bcsId: 26} | ret=SUCCESS |  
2019-08-20 16:01:53,452 | INFO  | DNAudit | user=null | ip=null | op=READ_CHUNK {blockData=conID: 2 locID: 102650144713474050 bcsId: 26} | ret=SUCCESS |  
2019-08-20 16:01:53,475 | INFO  | DNAudit | user=null | ip=null | op=READ_CHUNK {blockData=conID: 2 locID: 102650144713474050 bcsId: 26} | ret=SUCCESS |  
2019-08-20 16:01:53,495 | INFO  | DNAudit | user=null | ip=null | op=READ_CHUNK {blockData=conID: 2 locID: 102650144713474050 bcsId: 26} | ret=SUCCESS |  
2019-08-20 16:01:53,523 | INFO  | DNAudit | user=null | ip=null | op=READ_CHUNK {blockData=conID: 2 locID: 102650144713474050 bcsId: 26} | ret=SUCCESS |  
 100.00% |█████████████████████████████████████████████████████████████████████████████████████████████████████|  1/1 Time: 0:00:17
2019-08-20 16:01:53,539 | INFO  | DNAudit | user=null | ip=null | op=GET_BLOCK {blockData=conID: 3 locID: 102650144713474051 bcsId: 40} | ret=SUCCESS |  
2019-08-20 16:01:53,545 | INFO  | DNAudit | user=null | ip=null | op=READ_CHUNK {blockData=conID: 3 locID: 102650144713474051 bcsId: 40} | ret=SUCCESS |  
2019-08-20 16:01:53,573 | INFO  | DNAudit | user=null | ip=null | op=READ_CHUNK {blockData=conID: 3 locID: 102650144713474051 bcsId: 40} | ret=SUCCESS |  
2019-08-20 16:01:53,588 | INFO  | DNAudit | user=null | ip=null | op=READ_CHUNK {blockData=conID: 3 locID: 102650144713474051 bcsId: 40} | ret=SUCCESS |  
2019-08-20 16:01:53,606 | INFO  | DNAudit | user=null | ip=null | op=READ_CHUNK {blockData=conID: 3 locID: 102650144713474051 bcsId: 40} | ret=SUCCESS |  
2019-08-20 16:01:53,625 | INFO  | DNAudit | user=null | ip=null | op=GET_BLOCK {blockData=conID: 1 locID: 102650144713670660 bcsId: 56} | ret=SUCCESS |  
2019-08-20 16:01:53,632 | INFO  | DNAudit | user=null | ip=null | op=READ_CHUNK {blockData=conID: 1 locID: 102650144713670660 bcsId: 56} | ret=SUCCESS |  
2019-08-20 16:01:53,648 | INFO  | DNAudit | user=null | ip=null | op=READ_CHUNK {blockData=conID: 1 locID: 102650144713670660 bcsId: 56} | ret=SUCCESS |  
2019-08-20 16:01:53,665 | INFO  | DNAudit | user=null | ip=null | op=READ_CHUNK {blockData=conID: 1 locID: 102650144713670660 bcsId: 56} | ret=SUCCESS |  
2019-08-20 16:01:53,671 | INFO  | SCMAudit | user=jenkins1000 | ip=192.168.69.96 | op=SEND_HEARTBEAT {datanodeUUID=e17426b5-147c-49d6-be38-710150ed9248, command=[]} | ret=SUCCESS |  
2019-08-20 16:01:53,671 | INFO  | SCMAudit | user=jenkins1000 | ip=192.168.69.96 | op=SEND_HEARTBEAT {datanodeUUID=a2b57e47-6e14-4188-b035-dd43d316fe5c, command=[]} | ret=SUCCESS |  
2019-08-20 16:01:53,671 | INFO  | SCMAudit | user=jenkins1000 | ip=192.168.69.96 | op=SEND_HEARTBEAT {datanodeUUID=61562f27-208f-4909-9070-f45ffa4a26d7, command=[]} | ret=SUCCESS |  
2019-08-20 16:01:53,689 | INFO  | DNAudit | user=null | ip=null | op=READ_CHUNK {blockData=conID: 1 locID: 102650144713670660 bcsId: 56} | ret=SUCCESS |  
2019-08-20 16:01:53,704 | INFO  | DNAudit | user=null | ip=null | op=GET_BLOCK {blockData=conID: 2 locID: 102650144713670661 bcsId: 72} | ret=SUCCESS |  
2019-08-20 16:01:53,712 | INFO  | DNAudit | user=null | ip=null | op=READ_CHUNK {blockData=conID: 2 locID: 102650144713670661 bcsId: 72} | ret=SUCCESS |  
2019-08-20 16:01:53,731 | INFO  | DNAudit | user=null | ip=null | op=READ_CHUNK {blockData=conID: 2 locID: 102650144713670661 bcsId: 72} | ret=SUCCESS |  
2019-08-20 16:01:53,750 | INFO  | DNAudit | user=null | ip=null | op=READ_CHUNK {blockData=conID: 2 locID: 102650144713670661 bcsId: 72} | ret=SUCCESS |  
2019-08-20 16:01:53,775 | INFO  | DNAudit | user=null | ip=null | op=READ_CHUNK {blockData=conID: 2 locID: 102650144713670661 bcsId: 72} | ret=SUCCESS |  
2019-08-20 16:01:54,671 | INFO  | SCMAudit | user=jenkins1000 | ip=192.168.69.96 | op=SEND_HEARTBEAT {datanodeUUID=61562f27-208f-4909-9070-f45ffa4a26d7, command=[]} | ret=SUCCESS |  
2019-08-20 16:01:54,671 | INFO  | SCMAudit | user=jenkins1000 | ip=192.168.69.96 | op=SEND_HEARTBEAT {datanodeUUID=a2b57e47-6e14-4188-b035-dd43d316fe5c, command=[]} | ret=SUCCESS |  
2019-08-20 16:01:54,671 | INFO  | SCMAudit | user=jenkins1000 | ip=192.168.69.96 | op=SEND_HEARTBEAT {datanodeUUID=e17426b5-147c-49d6-be38-710150ed9248, command=[]} | ret=SUCCESS |  
2019-08-20 16:01:55,479 [Thread-239] INFO  impl.FollowerState (FollowerState.java:run(106)) - 61562f27-208f-4909-9070-f45ffa4a26d7:group-97309D153F47 changes to CANDIDATE, lastRpcTime:5027, electionTimeout:5025ms
2019-08-20 16:01:55,479 [Thread-239] INFO  impl.RoleInfo (RoleInfo.java:shutdownFollowerState(121)) - 61562f27-208f-4909-9070-f45ffa4a26d7: shutdown FollowerState
2019-08-20 16:01:55,479 [Thread-239] INFO  impl.RaftServerImpl (RaftServerImpl.java:setRole(171)) - 61562f27-208f-4909-9070-f45ffa4a26d7:group-97309D153F47 changes role from FOLLOWER to CANDIDATE at term 1 for changeToCandidate
2019-08-20 16:01:55,479 [Thread-239] INFO  impl.RoleInfo (RoleInfo.java:updateAndGet(143)) - 61562f27-208f-4909-9070-f45ffa4a26d7: start LeaderElection
2019-08-20 16:01:55,497 [61562f27-208f-4909-9070-f45ffa4a26d7:group-97309D153F47:LeaderElection7] INFO  impl.LeaderElection (LeaderElection.java:askForVotes(181)) - 61562f27-208f-4909-9070-f45ffa4a26d7:group-97309D153F47:LeaderElection7: begin an election at term 2 for -1: [e17426b5-147c-49d6-be38-710150ed9248:192.168.69.96:46488, a2b57e47-6e14-4188-b035-dd43d316fe5c:192.168.69.96:36816, 61562f27-208f-4909-9070-f45ffa4a26d7:192.168.69.96:35819], old=null
2019-08-20 16:01:55,502 [grpc-default-executor-0] INFO  impl.RaftServerImpl (RaftServerImpl.java:setRole(171)) - e17426b5-147c-49d6-be38-710150ed9248:group-97309D153F47 changes role from FOLLOWER to FOLLOWER at term 2 for recognizeCandidate:61562f27-208f-4909-9070-f45ffa4a26d7
2019-08-20 16:01:55,502 [grpc-default-executor-3] INFO  impl.RaftServerImpl (RaftServerImpl.java:setRole(171)) - a2b57e47-6e14-4188-b035-dd43d316fe5c:group-97309D153F47 changes role from FOLLOWER to FOLLOWER at term 2 for recognizeCandidate:61562f27-208f-4909-9070-f45ffa4a26d7
2019-08-20 16:01:55,503 [grpc-default-executor-0] INFO  impl.RoleInfo (RoleInfo.java:shutdownFollowerState(121)) - e17426b5-147c-49d6-be38-710150ed9248: shutdown FollowerState
2019-08-20 16:01:55,503 [grpc-default-executor-3] INFO  impl.RoleInfo (RoleInfo.java:shutdownFollowerState(121)) - a2b57e47-6e14-4188-b035-dd43d316fe5c: shutdown FollowerState
2019-08-20 16:01:55,503 [grpc-default-executor-0] INFO  impl.RoleInfo (RoleInfo.java:updateAndGet(143)) - e17426b5-147c-49d6-be38-710150ed9248: start FollowerState
2019-08-20 16:01:55,503 [Thread-240] INFO  impl.FollowerState (FollowerState.java:run(114)) - e17426b5-147c-49d6-be38-710150ed9248: FollowerState was interrupted: java.lang.InterruptedException: sleep interrupted
2019-08-20 16:01:55,503 [Thread-241] INFO  impl.FollowerState (FollowerState.java:run(114)) - a2b57e47-6e14-4188-b035-dd43d316fe5c: FollowerState was interrupted: java.lang.InterruptedException: sleep interrupted
2019-08-20 16:01:55,503 [grpc-default-executor-3] INFO  impl.RoleInfo (RoleInfo.java:updateAndGet(143)) - a2b57e47-6e14-4188-b035-dd43d316fe5c: start FollowerState
2019-08-20 16:01:55,522 [61562f27-208f-4909-9070-f45ffa4a26d7:group-97309D153F47:LeaderElection7] INFO  impl.LeaderElection (LeaderElection.java:logAndReturn(56)) - 61562f27-208f-4909-9070-f45ffa4a26d7:group-97309D153F47:LeaderElection7: Election PASSED; received 1 response(s) [61562f27-208f-4909-9070-f45ffa4a26d7<-a2b57e47-6e14-4188-b035-dd43d316fe5c#0:OK-t2] and 0 exception(s); 61562f27-208f-4909-9070-f45ffa4a26d7:t2, leader=null, voted=61562f27-208f-4909-9070-f45ffa4a26d7, raftlog=61562f27-208f-4909-9070-f45ffa4a26d7-SegmentedRaftLog:OPENED:c-1,f-1,i0, conf=-1: [e17426b5-147c-49d6-be38-710150ed9248:192.168.69.96:46488, a2b57e47-6e14-4188-b035-dd43d316fe5c:192.168.69.96:36816, 61562f27-208f-4909-9070-f45ffa4a26d7:192.168.69.96:35819], old=null
2019-08-20 16:01:55,522 [61562f27-208f-4909-9070-f45ffa4a26d7:group-97309D153F47:LeaderElection7] INFO  impl.RoleInfo (RoleInfo.java:shutdownLeaderElection(134)) - 61562f27-208f-4909-9070-f45ffa4a26d7: shutdown LeaderElection
2019-08-20 16:01:55,522 [61562f27-208f-4909-9070-f45ffa4a26d7:group-97309D153F47:LeaderElection7] INFO  impl.RaftServerImpl (RaftServerImpl.java:setRole(171)) - 61562f27-208f-4909-9070-f45ffa4a26d7:group-97309D153F47 changes role from CANDIDATE to LEADER at term 2 for changeToLeader
2019-08-20 16:01:55,524 [61562f27-208f-4909-9070-f45ffa4a26d7:group-97309D153F47:LeaderElection7] INFO  impl.RaftServerImpl (ServerState.java:setLeader(263)) - 61562f27-208f-4909-9070-f45ffa4a26d7:group-97309D153F47 change Leader from null to 61562f27-208f-4909-9070-f45ffa4a26d7 at term 2 for becomeLeader, leader elected after 10391ms
2019-08-20 16:01:55,524 [61562f27-208f-4909-9070-f45ffa4a26d7:group-97309D153F47:LeaderElection7] INFO  server.RaftServerConfigKeys (ConfUtils.java:logGet(43)) - raft.server.staging.catchup.gap = 1000 (default)
2019-08-20 16:01:55,525 [61562f27-208f-4909-9070-f45ffa4a26d7:group-97309D153F47:LeaderElection7] INFO  server.RaftServerConfigKeys (ConfUtils.java:logGet(43)) - raft.server.rpc.sleep.time = 25ms (default)
2019-08-20 16:01:55,525 [61562f27-208f-4909-9070-f45ffa4a26d7:group-97309D153F47:LeaderElection7] INFO  server.RaftServerConfigKeys (ConfUtils.java:logGet(43)) - raft.server.write.element-limit = 4096 (default)
2019-08-20 16:01:55,525 [61562f27-208f-4909-9070-f45ffa4a26d7:group-97309D153F47:LeaderElection7] INFO  server.RaftServerConfigKeys (ConfUtils.java:logGet(43)) - raft.server.watch.timeout = 10s (default)
2019-08-20 16:01:55,525 [61562f27-208f-4909-9070-f45ffa4a26d7:group-97309D153F47:LeaderElection7] INFO  server.RaftServerConfigKeys (ConfUtils.java:logGet(43)) - raft.server.watch.timeout.denomination = 1s (default)
2019-08-20 16:01:55,525 [61562f27-208f-4909-9070-f45ffa4a26d7:group-97309D153F47:LeaderElection7] INFO  server.RaftServerConfigKeys (ConfUtils.java:logGet(43)) - raft.server.watch.element-limit = 65536 (default)
2019-08-20 16:01:55,526 [61562f27-208f-4909-9070-f45ffa4a26d7:group-97309D153F47:LeaderElection7] INFO  server.RaftServerConfigKeys (ConfUtils.java:logGet(43)) - raft.server.log.appender.snapshot.chunk.size.max = 16MB (=16777216) (default)
2019-08-20 16:01:55,526 [61562f27-208f-4909-9070-f45ffa4a26d7:group-97309D153F47:LeaderElection7] INFO  server.RaftServerConfigKeys (ConfUtils.java:logGet(43)) - raft.server.log.appender.buffer.byte-limit = 33554432 (custom)
2019-08-20 16:01:55,526 [61562f27-208f-4909-9070-f45ffa4a26d7:group-97309D153F47:LeaderElection7] INFO  server.RaftServerConfigKeys (ConfUtils.java:logGet(43)) - raft.server.log.appender.buffer.element-limit = 1 (custom)
2019-08-20 16:01:55,526 [61562f27-208f-4909-9070-f45ffa4a26d7:group-97309D153F47:LeaderElection7] INFO  grpc.GrpcConfigKeys$Server (ConfUtils.java:logGet(43)) - raft.grpc.server.leader.outstanding.appends.max = 128 (default)
2019-08-20 16:01:55,528 [61562f27-208f-4909-9070-f45ffa4a26d7:group-97309D153F47:LeaderElection7] INFO  server.RaftServerConfigKeys (ConfUtils.java:logGet(43)) - raft.server.rpc.request.timeout = 3000ms (default)
2019-08-20 16:01:55,528 [61562f27-208f-4909-9070-f45ffa4a26d7:group-97309D153F47:LeaderElection7] INFO  server.RaftServerConfigKeys (ConfUtils.java:logGet(43)) - raft.server.log.appender.install.snapshot.enabled = false (custom)
2019-08-20 16:01:55,528 [61562f27-208f-4909-9070-f45ffa4a26d7:group-97309D153F47:LeaderElection7] INFO  server.RaftServerConfigKeys (ConfUtils.java:logGet(43)) - raft.server.log.appender.snapshot.chunk.size.max = 16MB (=16777216) (default)
2019-08-20 16:01:55,529 [61562f27-208f-4909-9070-f45ffa4a26d7:group-97309D153F47:LeaderElection7] INFO  server.RaftServerConfigKeys (ConfUtils.java:logGet(43)) - raft.server.log.appender.buffer.byte-limit = 33554432 (custom)
2019-08-20 16:01:55,529 [61562f27-208f-4909-9070-f45ffa4a26d7:group-97309D153F47:LeaderElection7] INFO  server.RaftServerConfigKeys (ConfUtils.java:logGet(43)) - raft.server.log.appender.buffer.element-limit = 1 (custom)
2019-08-20 16:01:55,529 [61562f27-208f-4909-9070-f45ffa4a26d7:group-97309D153F47:LeaderElection7] INFO  grpc.GrpcConfigKeys$Server (ConfUtils.java:logGet(43)) - raft.grpc.server.leader.outstanding.appends.max = 128 (default)
2019-08-20 16:01:55,529 [61562f27-208f-4909-9070-f45ffa4a26d7:group-97309D153F47:LeaderElection7] INFO  server.RaftServerConfigKeys (ConfUtils.java:logGet(43)) - raft.server.rpc.request.timeout = 3000ms (default)
2019-08-20 16:01:55,529 [61562f27-208f-4909-9070-f45ffa4a26d7:group-97309D153F47:LeaderElection7] INFO  server.RaftServerConfigKeys (ConfUtils.java:logGet(43)) - raft.server.log.appender.install.snapshot.enabled = false (custom)
2019-08-20 16:01:55,530 [61562f27-208f-4909-9070-f45ffa4a26d7:group-97309D153F47:LeaderElection7] INFO  impl.RoleInfo (RoleInfo.java:updateAndGet(143)) - 61562f27-208f-4909-9070-f45ffa4a26d7: start LeaderState
2019-08-20 16:01:55,530 [61562f27-208f-4909-9070-f45ffa4a26d7:group-97309D153F47:LeaderElection7] INFO  segmented.SegmentedRaftLogWorker (SegmentedRaftLogWorker.java:startLogSegment(380)) - 61562f27-208f-4909-9070-f45ffa4a26d7-SegmentedRaftLogWorker:Storage Directory /workdir/hadoop-ozone/tools/target/test-dir/MiniOzoneClusterImpl-6f19b415-f1af-42d0-a7d4-e238af001e98/datanode-1/data/ratis/4559c68c-6f82-43a1-9f9a-97309d153f47: Starting segment from index:0
2019-08-20 16:01:55,531 [61562f27-208f-4909-9070-f45ffa4a26d7:group-97309D153F47:LeaderElection7] INFO  impl.RaftServerImpl (ServerState.java:setRaftConf(361)) - 61562f27-208f-4909-9070-f45ffa4a26d7:group-97309D153F47 set configuration 0: [e17426b5-147c-49d6-be38-710150ed9248:192.168.69.96:46488, a2b57e47-6e14-4188-b035-dd43d316fe5c:192.168.69.96:36816, 61562f27-208f-4909-9070-f45ffa4a26d7:192.168.69.96:35819], old=null at 0
2019-08-20 16:01:55,571 [grpc-default-executor-3] INFO  impl.RaftServerImpl (ServerState.java:setLeader(263)) - a2b57e47-6e14-4188-b035-dd43d316fe5c:group-97309D153F47 change Leader from null to 61562f27-208f-4909-9070-f45ffa4a26d7 at term 2 for appendEntries, leader elected after 10300ms
2019-08-20 16:01:55,573 [grpc-default-executor-0] INFO  impl.RaftServerImpl (ServerState.java:setLeader(263)) - e17426b5-147c-49d6-be38-710150ed9248:group-97309D153F47 change Leader from null to 61562f27-208f-4909-9070-f45ffa4a26d7 at term 2 for appendEntries, leader elected after 10439ms
2019-08-20 16:01:55,576 [grpc-default-executor-3] INFO  impl.RaftServerImpl (ServerState.java:setRaftConf(361)) - e17426b5-147c-49d6-be38-710150ed9248:group-97309D153F47 set configuration 0: [e17426b5-147c-49d6-be38-710150ed9248:192.168.69.96:46488, a2b57e47-6e14-4188-b035-dd43d316fe5c:192.168.69.96:36816, 61562f27-208f-4909-9070-f45ffa4a26d7:192.168.69.96:35819], old=null at 0
2019-08-20 16:01:55,576 [grpc-default-executor-0] INFO  impl.RaftServerImpl (ServerState.java:setRaftConf(361)) - a2b57e47-6e14-4188-b035-dd43d316fe5c:group-97309D153F47 set configuration 0: [e17426b5-147c-49d6-be38-710150ed9248:192.168.69.96:46488, a2b57e47-6e14-4188-b035-dd43d316fe5c:192.168.69.96:36816, 61562f27-208f-4909-9070-f45ffa4a26d7:192.168.69.96:35819], old=null at 0
2019-08-20 16:01:55,577 [grpc-default-executor-3] INFO  segmented.SegmentedRaftLogWorker (SegmentedRaftLogWorker.java:startLogSegment(380)) - e17426b5-147c-49d6-be38-710150ed9248-SegmentedRaftLogWorker:Storage Directory /workdir/hadoop-ozone/tools/target/test-dir/MiniOzoneClusterImpl-6f19b415-f1af-42d0-a7d4-e238af001e98/datanode-2/data/ratis/4559c68c-6f82-43a1-9f9a-97309d153f47: Starting segment from index:0
2019-08-20 16:01:55,577 [grpc-default-executor-0] INFO  segmented.SegmentedRaftLogWorker (SegmentedRaftLogWorker.java:startLogSegment(380)) - a2b57e47-6e14-4188-b035-dd43d316fe5c-SegmentedRaftLogWorker:Storage Directory /workdir/hadoop-ozone/tools/target/test-dir/MiniOzoneClusterImpl-6f19b415-f1af-42d0-a7d4-e238af001e98/datanode-0/data/ratis/4559c68c-6f82-43a1-9f9a-97309d153f47: Starting segment from index:0
2019-08-20 16:01:55,583 [61562f27-208f-4909-9070-f45ffa4a26d7-SegmentedRaftLogWorker:Storage Directory /workdir/hadoop-ozone/tools/target/test-dir/MiniOzoneClusterImpl-6f19b415-f1af-42d0-a7d4-e238af001e98/datanode-1/data/ratis/4559c68c-6f82-43a1-9f9a-97309d153f47] INFO  segmented.SegmentedRaftLogWorker (SegmentedRaftLogWorker.java:execute(569)) - 61562f27-208f-4909-9070-f45ffa4a26d7-SegmentedRaftLogWorker:Storage Directory /workdir/hadoop-ozone/tools/target/test-dir/MiniOzoneClusterImpl-6f19b415-f1af-42d0-a7d4-e238af001e98/datanode-1/data/ratis/4559c68c-6f82-43a1-9f9a-97309d153f47: created new log segment /workdir/hadoop-ozone/tools/target/test-dir/MiniOzoneClusterImpl-6f19b415-f1af-42d0-a7d4-e238af001e98/datanode-1/data/ratis/4559c68c-6f82-43a1-9f9a-97309d153f47/current/log_inprogress_0
2019-08-20 16:01:55,636 [a2b57e47-6e14-4188-b035-dd43d316fe5c-SegmentedRaftLogWorker:Storage Directory /workdir/hadoop-ozone/tools/target/test-dir/MiniOzoneClusterImpl-6f19b415-f1af-42d0-a7d4-e238af001e98/datanode-0/data/ratis/4559c68c-6f82-43a1-9f9a-97309d153f47] INFO  segmented.SegmentedRaftLogWorker (SegmentedRaftLogWorker.java:execute(569)) - a2b57e47-6e14-4188-b035-dd43d316fe5c-SegmentedRaftLogWorker:Storage Directory /workdir/hadoop-ozone/tools/target/test-dir/MiniOzoneClusterImpl-6f19b415-f1af-42d0-a7d4-e238af001e98/datanode-0/data/ratis/4559c68c-6f82-43a1-9f9a-97309d153f47: created new log segment /workdir/hadoop-ozone/tools/target/test-dir/MiniOzoneClusterImpl-6f19b415-f1af-42d0-a7d4-e238af001e98/datanode-0/data/ratis/4559c68c-6f82-43a1-9f9a-97309d153f47/current/log_inprogress_0
2019-08-20 16:01:55,636 [e17426b5-147c-49d6-be38-710150ed9248-SegmentedRaftLogWorker:Storage Directory /workdir/hadoop-ozone/tools/target/test-dir/MiniOzoneClusterImpl-6f19b415-f1af-42d0-a7d4-e238af001e98/datanode-2/data/ratis/4559c68c-6f82-43a1-9f9a-97309d153f47] INFO  segmented.SegmentedRaftLogWorker (SegmentedRaftLogWorker.java:execute(569)) - e17426b5-147c-49d6-be38-710150ed9248-SegmentedRaftLogWorker:Storage Directory /workdir/hadoop-ozone/tools/target/test-dir/MiniOzoneClusterImpl-6f19b415-f1af-42d0-a7d4-e238af001e98/datanode-2/data/ratis/4559c68c-6f82-43a1-9f9a-97309d153f47: created new log segment /workdir/hadoop-ozone/tools/target/test-dir/MiniOzoneClusterImpl-6f19b415-f1af-42d0-a7d4-e238af001e98/datanode-2/data/ratis/4559c68c-6f82-43a1-9f9a-97309d153f47/current/log_inprogress_0
2019-08-20 16:01:55,672 | INFO  | SCMAudit | user=jenkins1000 | ip=192.168.69.96 | op=SEND_HEARTBEAT {datanodeUUID=a2b57e47-6e14-4188-b035-dd43d316fe5c, command=[]} | ret=SUCCESS |  
2019-08-20 16:01:55,672 | INFO  | SCMAudit | user=jenkins1000 | ip=192.168.69.96 | op=SEND_HEARTBEAT {datanodeUUID=61562f27-208f-4909-9070-f45ffa4a26d7, command=[]} | ret=SUCCESS |  
2019-08-20 16:01:55,672 | INFO  | SCMAudit | user=jenkins1000 | ip=192.168.69.96 | op=SEND_HEARTBEAT {datanodeUUID=e17426b5-147c-49d6-be38-710150ed9248, command=[]} | ret=SUCCESS |  
2019-08-20 16:01:56,671 | INFO  | SCMAudit | user=jenkins1000 | ip=192.168.69.96 | op=SEND_HEARTBEAT {datanodeUUID=61562f27-208f-4909-9070-f45ffa4a26d7, command=[]} | ret=SUCCESS |  
2019-08-20 16:01:56,671 | INFO  | SCMAudit | user=jenkins1000 | ip=192.168.69.96 | op=SEND_HEARTBEAT {datanodeUUID=e17426b5-147c-49d6-be38-710150ed9248, command=[]} | ret=SUCCESS |  
2019-08-20 16:01:56,671 | INFO  | SCMAudit | user=jenkins1000 | ip=192.168.69.96 | op=SEND_HEARTBEAT {datanodeUUID=a2b57e47-6e14-4188-b035-dd43d316fe5c, command=[]} | ret=SUCCESS |  
2019-08-20 16:01:57,671 | INFO  | SCMAudit | user=jenkins1000 | ip=192.168.69.96 | op=SEND_HEARTBEAT {datanodeUUID=e17426b5-147c-49d6-be38-710150ed9248, command=[]} | ret=SUCCESS |  
2019-08-20 16:01:57,671 | INFO  | SCMAudit | user=jenkins1000 | ip=192.168.69.96 | op=SEND_HEARTBEAT {datanodeUUID=61562f27-208f-4909-9070-f45ffa4a26d7, command=[]} | ret=SUCCESS |  
2019-08-20 16:01:57,672 | INFO  | SCMAudit | user=jenkins1000 | ip=192.168.69.96 | op=SEND_HEARTBEAT {datanodeUUID=a2b57e47-6e14-4188-b035-dd43d316fe5c, command=[]} | ret=SUCCESS |  
2019-08-20 16:01:58,671 | INFO  | SCMAudit | user=jenkins1000 | ip=192.168.69.96 | op=SEND_HEARTBEAT {datanodeUUID=a2b57e47-6e14-4188-b035-dd43d316fe5c, command=[]} | ret=SUCCESS |  
2019-08-20 16:01:58,671 | INFO  | SCMAudit | user=jenkins1000 | ip=192.168.69.96 | op=SEND_HEARTBEAT {datanodeUUID=e17426b5-147c-49d6-be38-710150ed9248, command=[]} | ret=SUCCESS |  
2019-08-20 16:01:58,671 | INFO  | SCMAudit | user=jenkins1000 | ip=192.168.69.96 | op=SEND_HEARTBEAT {datanodeUUID=61562f27-208f-4909-9070-f45ffa4a26d7, command=[]} | ret=SUCCESS |  
]]></system-out>
    <system-err><![CDATA[Aug 20, 2019 4:01:29 PM com.sun.jersey.server.impl.application.WebApplicationImpl _initiate
INFO: Initiating Jersey application, version 'Jersey: 1.19 02/11/2015 03:25 AM'
Aug 20, 2019 4:01:30 PM com.sun.jersey.server.impl.application.WebApplicationImpl _initiate
INFO: Initiating Jersey application, version 'Jersey: 1.19 02/11/2015 03:25 AM'
Aug 20, 2019 4:01:30 PM com.sun.jersey.server.impl.application.WebApplicationImpl _initiate
INFO: Initiating Jersey application, version 'Jersey: 1.19 02/11/2015 03:25 AM'
]]></system-err>
  </testcase>
</testsuite>